<?xml version="1.0" encoding="UTF-8"?>
<testsuite name="de.uka.ilkd.key.proof.runallproofs.RunAllProofsFunctional" tests="34" skipped="0" failures="0" errors="0" timestamp="2023-06-09T07:40:20" hostname="fv-az173-931" time="5265.965">
  <properties/>
  <testcase name="newBook" classname="de.uka.ilkd.key.proof.runallproofs.RunAllProofsFunctional" time="60.309"/>
  <testcase name="oldBook" classname="de.uka.ilkd.key.proof.runallproofs.RunAllProofsFunctional" time="17.7"/>
  <testcase name="comprehensions" classname="de.uka.ilkd.key.proof.runallproofs.RunAllProofsFunctional" time="68.6"/>
  <testcase name="performance" classname="de.uka.ilkd.key.proof.runallproofs.RunAllProofsFunctional" time="233.753"/>
  <testcase name="performancePOConstruction" classname="de.uka.ilkd.key.proof.runallproofs.RunAllProofsFunctional" time="76.921"/>
  <testcase name="applicationRestrictions" classname="de.uka.ilkd.key.proof.runallproofs.RunAllProofsFunctional" time="48.72"/>
  <testcase name="blockContracts" classname="de.uka.ilkd.key.proof.runallproofs.RunAllProofsFunctional" time="141.934"/>
  <testcase name="jmlAsserts" classname="de.uka.ilkd.key.proof.runallproofs.RunAllProofsFunctional" time="89.111"/>
  <testcase name="javaCard" classname="de.uka.ilkd.key.proof.runallproofs.RunAllProofsFunctional" time="127.076"/>
  <testcase name="list" classname="de.uka.ilkd.key.proof.runallproofs.RunAllProofsFunctional" time="256.235"/>
  <testcase name="list_ghost" classname="de.uka.ilkd.key.proof.runallproofs.RunAllProofsFunctional" time="65.926"/>
  <testcase name="list_recursive" classname="de.uka.ilkd.key.proof.runallproofs.RunAllProofsFunctional" time="21.878"/>
  <testcase name="list_seq" classname="de.uka.ilkd.key.proof.runallproofs.RunAllProofsFunctional" time="152.394"/>
  <testcase name="observer" classname="de.uka.ilkd.key.proof.runallproofs.RunAllProofsFunctional" time="95.765"/>
  <testcase name="removeDups" classname="de.uka.ilkd.key.proof.runallproofs.RunAllProofsFunctional" time="129.966"/>
  <testcase name="quicksort" classname="de.uka.ilkd.key.proof.runallproofs.RunAllProofsFunctional" time="104.942"/>
  <testcase name="simpleTests" classname="de.uka.ilkd.key.proof.runallproofs.RunAllProofsFunctional" time="159.175"/>
  <testcase name="SmansEtAl" classname="de.uka.ilkd.key.proof.runallproofs.RunAllProofsFunctional" time="198.076"/>
  <testcase name="VACID0" classname="de.uka.ilkd.key.proof.runallproofs.RunAllProofsFunctional" time="77.254"/>
  <testcase name="VSTTE10" classname="de.uka.ilkd.key.proof.runallproofs.RunAllProofsFunctional" time="178.7"/>
  <testcase name="WeideEtAl" classname="de.uka.ilkd.key.proof.runallproofs.RunAllProofsFunctional" time="28.462"/>
  <testcase name="arithmetic" classname="de.uka.ilkd.key.proof.runallproofs.RunAllProofsFunctional" time="507.365"/>
  <testcase name="arrays" classname="de.uka.ilkd.key.proof.runallproofs.RunAllProofsFunctional" time="56.2"/>
  <testcase name="javadl" classname="de.uka.ilkd.key.proof.runallproofs.RunAllProofsFunctional" time="599.493"/>
  <testcase name="FOL" classname="de.uka.ilkd.key.proof.runallproofs.RunAllProofsFunctional" time="292.709"/>
  <testcase name="strings" classname="de.uka.ilkd.key.proof.runallproofs.RunAllProofsFunctional" time="148.939"/>
  <testcase name="simple_info_flow" classname="de.uka.ilkd.key.proof.runallproofs.RunAllProofsFunctional" time="13.108"/>
  <testcase name="modelMethods" classname="de.uka.ilkd.key.proof.runallproofs.RunAllProofsFunctional" time="173.144"/>
  <testcase name="permissionHeap" classname="de.uka.ilkd.key.proof.runallproofs.RunAllProofsFunctional" time="842.656"/>
  <testcase name="completionScopes" classname="de.uka.ilkd.key.proof.runallproofs.RunAllProofsFunctional" time="51.546"/>
  <testcase name="reload_examples" classname="de.uka.ilkd.key.proof.runallproofs.RunAllProofsFunctional" time="40.631"/>
  <testcase name="proofLoadRepair" classname="de.uka.ilkd.key.proof.runallproofs.RunAllProofsFunctional" time="19.326"/>
  <testcase name="switch" classname="de.uka.ilkd.key.proof.runallproofs.RunAllProofsFunctional" time="64.203"/>
  <testcase name="redux" classname="de.uka.ilkd.key.proof.runallproofs.RunAllProofsFunctional" time="123.738"/>
  <system-out><![CDATA[522        INFO  Test worker     d.u.i.k.p.r.RunAllProofsTestUnit Running test newBook 
335        INFO  Timeout watchdog d.u.i.k.p.r.p.ForkedTestFileRunner Timeout watcher launched (2000 secs.) 
336        WARN  main            d.u.i.k.s.ProofSettings   No proof-settings could be loaded, using defaults java.io.FileNotFoundException: /home/runner/.key/proof-settings.props (No such file or directory)
	at java.base/java.io.FileInputStream.open0(Native Method)

388        INFO  main            d.u.i.k.p.r.p.TestFile    Now processing file /home/runner/work/key/key/key.core/../key.ui/examples/newBook/09.list_modelfield/ArrayList.add.key 
561        INFO  main            d.u.i.k.p.i.AbstractProblemLoader Loading environment from /home/runner/work/key/key/key.core/../key.ui/examples/newBook/09.list_modelfield/ArrayList.add.key 
578        DEBUG main            d.u.i.k.p.i.AbstractProblemLoader Environment load took 2.47ms 
803        INFO  main            d.u.i.k.p.i.AbstractProblemLoader Creating init config 
1713       DEBUG main            d.u.i.k.j.TypeConverter   No LDT found for Meta 
1719       DEBUG main            d.u.i.k.j.TypeConverter   No LDT found for Meta 
1721       DEBUG main            d.u.i.k.j.TypeConverter   No LDT found for Meta 
1723       DEBUG main            d.u.i.k.j.TypeConverter   No LDT found for Meta 
3072       DEBUG main            d.u.i.k.j.TypeConverter   No LDT found for JavaBigintExpression 
8339       DEBUG main            d.u.i.k.p.i.AbstractProblemLoader Init config took 7.53s 
8531       INFO  main            d.u.i.k.p.i.AbstractProblemLoader Replaying proof ArrayList[List::add(int)].JML normal_behavior operation contract.0 
8566       DEBUG main            d.u.i.k.p.i.IntermediateProofReplayer Proof replay took 31ns 
25945      INFO  main            d.u.i.k.p.r.p.TestFile    ... finished proof: closed. 
26183      INFO  main            d.u.i.k.p.i.AbstractProblemLoader Loading environment from /home/runner/work/key/key/key.core/../key.ui/examples/newBook/09.list_modelfield/ArrayList.add.key.proof 
26183      DEBUG main            d.u.i.k.p.i.AbstractProblemLoader Environment load took 610.91ns 
26194      INFO  main            d.u.i.k.p.i.AbstractProblemLoader Creating init config 
29102      DEBUG main            d.u.i.k.p.i.AbstractProblemLoader Init config took 2.91s 
29181      INFO  main            d.u.i.k.p.i.AbstractProblemLoader Replaying proof ArrayList[List::add(int)].JML normal_behavior operation contract.0 
30064      DEBUG main            d.u.i.k.p.i.IntermediateProofReplayer Proof replay took 818.31ms 
30076      DEBUG main            d.u.i.k.p.r.p.TestFile    ... success: reloaded. 
30079      INFO  main            d.u.i.k.p.r.p.TestFile    Now processing file /home/runner/work/key/key/key.core/../key.ui/examples/newBook/09.list_modelfield/ArrayList.remFirst.key 
30079      INFO  main            d.u.i.k.p.i.AbstractProblemLoader Loading environment from /home/runner/work/key/key/key.core/../key.ui/examples/newBook/09.list_modelfield/ArrayList.remFirst.key 
30080      DEBUG main            d.u.i.k.p.i.AbstractProblemLoader Environment load took 501.91ns 
30084      INFO  main            d.u.i.k.p.i.AbstractProblemLoader Creating init config 
33102      DEBUG main            d.u.i.k.p.i.AbstractProblemLoader Init config took 3.02s 
33163      INFO  main            d.u.i.k.p.i.AbstractProblemLoader Replaying proof ArrayList[List::remFirst()].JML normal_behavior operation contract.0 
33165      DEBUG main            d.u.i.k.p.i.IntermediateProofReplayer Proof replay took 5.7ns 
37082      INFO  main            d.u.i.k.p.r.p.TestFile    ... finished proof: closed. 
37302      INFO  main            d.u.i.k.p.i.AbstractProblemLoader Loading environment from /home/runner/work/key/key/key.core/../key.ui/examples/newBook/09.list_modelfield/ArrayList.remFirst.key.proof 
37304      DEBUG main            d.u.i.k.p.i.AbstractProblemLoader Environment load took 2.05ms 
37308      INFO  main            d.u.i.k.p.i.AbstractProblemLoader Creating init config 
39976      DEBUG main            d.u.i.k.p.i.AbstractProblemLoader Init config took 2.67s 
40029      INFO  main            d.u.i.k.p.i.AbstractProblemLoader Replaying proof ArrayList[List::remFirst()].JML normal_behavior operation contract.0 
40413      DEBUG main            d.u.i.k.p.i.IntermediateProofReplayer Proof replay took 365.19ms 
40415      DEBUG main            d.u.i.k.p.r.p.TestFile    ... success: reloaded. 
40416      INFO  main            d.u.i.k.p.r.p.TestFile    Now processing file /home/runner/work/key/key/key.core/../key.ui/examples/newBook/09.list_modelfield/ArrayList.empty.key 
40417      INFO  main            d.u.i.k.p.i.AbstractProblemLoader Loading environment from /home/runner/work/key/key/key.core/../key.ui/examples/newBook/09.list_modelfield/ArrayList.empty.key 
40418      DEBUG main            d.u.i.k.p.i.AbstractProblemLoader Environment load took 398.3ns 
40419      INFO  main            d.u.i.k.p.i.AbstractProblemLoader Creating init config 
43128      DEBUG main            d.u.i.k.p.i.AbstractProblemLoader Init config took 2.71s 
43177      INFO  main            d.u.i.k.p.i.AbstractProblemLoader Replaying proof ArrayList[List::empty()].JML normal_behavior operation contract.0 
43178      DEBUG main            d.u.i.k.p.i.IntermediateProofReplayer Proof replay took 4.6ns 
44187      INFO  main            d.u.i.k.p.r.p.TestFile    ... finished proof: closed. 
44412      INFO  main            d.u.i.k.p.i.AbstractProblemLoader Loading environment from /home/runner/work/key/key/key.core/../key.ui/examples/newBook/09.list_modelfield/ArrayList.empty.key.proof 
44415      DEBUG main            d.u.i.k.p.i.AbstractProblemLoader Environment load took 3.09ms 
44417      INFO  main            d.u.i.k.p.i.AbstractProblemLoader Creating init config 
47082      DEBUG main            d.u.i.k.p.i.AbstractProblemLoader Init config took 2.66s 
47131      INFO  main            d.u.i.k.p.i.AbstractProblemLoader Replaying proof ArrayList[List::empty()].JML normal_behavior operation contract.0 
47245      DEBUG main            d.u.i.k.p.i.IntermediateProofReplayer Proof replay took 106.69ms 
47246      DEBUG main            d.u.i.k.p.r.p.TestFile    ... success: reloaded. 
47248      INFO  main            d.u.i.k.p.r.p.TestFile    Now processing file /home/runner/work/key/key/key.core/../key.ui/examples/newBook/09.list_modelfield/ArrayList.size.key 
47250      INFO  main            d.u.i.k.p.i.AbstractProblemLoader Loading environment from /home/runner/work/key/key/key.core/../key.ui/examples/newBook/09.list_modelfield/ArrayList.size.key 
47250      DEBUG main            d.u.i.k.p.i.AbstractProblemLoader Environment load took 554.91ns 
47251      INFO  main            d.u.i.k.p.i.AbstractProblemLoader Creating init config 
49918      DEBUG main            d.u.i.k.p.i.AbstractProblemLoader Init config took 2.67s 
49967      INFO  main            d.u.i.k.p.i.AbstractProblemLoader Replaying proof ArrayList[List::size()].JML normal_behavior operation contract.0 
49968      DEBUG main            d.u.i.k.p.i.IntermediateProofReplayer Proof replay took 4.8ns 
50474      INFO  main            d.u.i.k.p.r.p.TestFile    ... finished proof: closed. 
50619      INFO  main            d.u.i.k.p.i.AbstractProblemLoader Loading environment from /home/runner/work/key/key/key.core/../key.ui/examples/newBook/09.list_modelfield/ArrayList.size.key.proof 
50619      DEBUG main            d.u.i.k.p.i.AbstractProblemLoader Environment load took 125.3ns 
50620      INFO  main            d.u.i.k.p.i.AbstractProblemLoader Creating init config 
53315      DEBUG main            d.u.i.k.p.i.AbstractProblemLoader Init config took 2.69s 
53366      INFO  main            d.u.i.k.p.i.AbstractProblemLoader Replaying proof ArrayList[List::size()].JML normal_behavior operation contract.0 
53399      DEBUG main            d.u.i.k.p.i.IntermediateProofReplayer Proof replay took 30.38ms 
53400      DEBUG main            d.u.i.k.p.r.p.TestFile    ... success: reloaded. 
53401      INFO  main            d.u.i.k.p.r.p.TestFile    Now processing file /home/runner/work/key/key/key.core/../key.ui/examples/newBook/09.list_modelfield/ArrayList.get.key 
53401      INFO  main            d.u.i.k.p.i.AbstractProblemLoader Loading environment from /home/runner/work/key/key/key.core/../key.ui/examples/newBook/09.list_modelfield/ArrayList.get.key 
53401      DEBUG main            d.u.i.k.p.i.AbstractProblemLoader Environment load took 66ns 
53402      INFO  main            d.u.i.k.p.i.AbstractProblemLoader Creating init config 
56096      DEBUG main            d.u.i.k.p.i.AbstractProblemLoader Init config took 2.69s 
56146      INFO  main            d.u.i.k.p.i.AbstractProblemLoader Replaying proof ArrayList[List::get(int)].JML normal_behavior operation contract.0 
56148      DEBUG main            d.u.i.k.p.i.IntermediateProofReplayer Proof replay took 5.4ns 
57152      INFO  main            d.u.i.k.p.r.p.TestFile    ... finished proof: closed. 
57317      INFO  main            d.u.i.k.p.i.AbstractProblemLoader Loading environment from /home/runner/work/key/key/key.core/../key.ui/examples/newBook/09.list_modelfield/ArrayList.get.key.proof 
57318      DEBUG main            d.u.i.k.p.i.AbstractProblemLoader Environment load took 765.71ns 
57319      INFO  main            d.u.i.k.p.i.AbstractProblemLoader Creating init config 
59977      DEBUG main            d.u.i.k.p.i.AbstractProblemLoader Init config took 2.66s 
60022      INFO  main            d.u.i.k.p.i.AbstractProblemLoader Replaying proof ArrayList[List::get(int)].JML normal_behavior operation contract.0 
60083      DEBUG main            d.u.i.k.p.i.IntermediateProofReplayer Proof replay took 54.83ms 
60085      DEBUG main            d.u.i.k.p.r.p.TestFile    ... success: reloaded. 
60823      INFO  Test worker     d.u.i.k.p.r.RunAllProofsTestUnit Returning from test newBook 
60828      INFO  Test worker     d.u.i.k.p.r.RunAllProofsTestUnit Running test oldBook 
321        INFO  Timeout watchdog d.u.i.k.p.r.p.ForkedTestFileRunner Timeout watcher launched (2000 secs.) 
331        WARN  main            d.u.i.k.s.ProofSettings   The settings in /home/runner/.key/proof-settings.props are *not* read. 
365        INFO  main            d.u.i.k.p.r.p.TestFile    Now processing file /home/runner/work/key/key/key.core/../key.ui/examples/standard_key/BookExamples/02FirstOrderLogic/Ex2.58.key 
511        INFO  main            d.u.i.k.p.i.AbstractProblemLoader Loading environment from /home/runner/work/key/key/key.core/../key.ui/examples/standard_key/BookExamples/02FirstOrderLogic/Ex2.58.key 
534        DEBUG main            d.u.i.k.p.i.AbstractProblemLoader Environment load took 2.81ms 
769        INFO  main            d.u.i.k.p.i.AbstractProblemLoader Creating init config 
1637       DEBUG main            d.u.i.k.j.TypeConverter   No LDT found for Meta 
1638       DEBUG main            d.u.i.k.j.TypeConverter   No LDT found for Meta 
1640       DEBUG main            d.u.i.k.j.TypeConverter   No LDT found for Meta 
1641       DEBUG main            d.u.i.k.j.TypeConverter   No LDT found for Meta 
3097       DEBUG main            d.u.i.k.j.TypeConverter   No LDT found for JavaBigintExpression 
8271       DEBUG main            d.u.i.k.p.i.AbstractProblemLoader Init config took 7.5s 
8332       INFO  main            d.u.i.k.p.i.AbstractProblemLoader Replaying proof Ex2.58.key 
8364       DEBUG main            d.u.i.k.p.i.IntermediateProofReplayer Proof replay took 31.3ns 
8548       INFO  main            d.u.i.k.p.r.p.TestFile    ... finished proof: closed. 
8640       INFO  main            d.u.i.k.p.i.AbstractProblemLoader Loading environment from /home/runner/work/key/key/key.core/../key.ui/examples/standard_key/BookExamples/02FirstOrderLogic/Ex2.58.key.proof 
8640       DEBUG main            d.u.i.k.p.i.AbstractProblemLoader Environment load took 159.6ns 
8645       INFO  main            d.u.i.k.p.i.AbstractProblemLoader Creating init config 
11422      DEBUG main            d.u.i.k.p.i.AbstractProblemLoader Init config took 2.78s 
11466      INFO  main            d.u.i.k.p.i.AbstractProblemLoader Replaying proof Ex2.58.key.proof 
11474      DEBUG main            d.u.i.k.p.i.IntermediateProofReplayer Proof replay took 3.19ms 
11485      DEBUG main            d.u.i.k.p.r.p.TestFile    ... success: reloaded. 
11487      INFO  main            d.u.i.k.p.r.p.TestFile    Now processing file /home/runner/work/key/key/key.core/../key.ui/examples/standard_key/BookExamples/03DynamicLogic/Sect3.3.1.key 
11488      INFO  main            d.u.i.k.p.i.AbstractProblemLoader Loading environment from /home/runner/work/key/key/key.core/../key.ui/examples/standard_key/BookExamples/03DynamicLogic/Sect3.3.1.key 
11488      DEBUG main            d.u.i.k.p.i.AbstractProblemLoader Environment load took 401ns 
11491      INFO  main            d.u.i.k.p.i.AbstractProblemLoader Creating init config 
14173      DEBUG main            d.u.i.k.p.i.AbstractProblemLoader Init config took 2.68s 
14210      INFO  main            d.u.i.k.p.i.AbstractProblemLoader Replaying proof Sect3.3.1.key 
14214      DEBUG main            d.u.i.k.p.i.IntermediateProofReplayer Proof replay took 6.2ns 
14721      INFO  main            d.u.i.k.p.r.p.TestFile    ... finished proof: closed. 
14854      INFO  main            d.u.i.k.p.i.AbstractProblemLoader Loading environment from /home/runner/work/key/key/key.core/../key.ui/examples/standard_key/BookExamples/03DynamicLogic/Sect3.3.1.key.proof 
14854      DEBUG main            d.u.i.k.p.i.AbstractProblemLoader Environment load took 132ns 
14859      INFO  main            d.u.i.k.p.i.AbstractProblemLoader Creating init config 
17452      DEBUG main            d.u.i.k.p.i.AbstractProblemLoader Init config took 2.59s 
17478      INFO  main            d.u.i.k.p.i.AbstractProblemLoader Replaying proof Sect3.3.1.key.proof 
17527      DEBUG main            d.u.i.k.p.i.IntermediateProofReplayer Proof replay took 45.43ms 
17528      DEBUG main            d.u.i.k.p.r.p.TestFile    ... success: reloaded. 
78528      INFO  Test worker     d.u.i.k.p.r.RunAllProofsTestUnit Returning from test oldBook 
78529      INFO  Test worker     d.u.i.k.p.r.RunAllProofsTestUnit Running test comprehensions 
368        INFO  Timeout watchdog d.u.i.k.p.r.p.ForkedTestFileRunner Timeout watcher launched (2000 secs.) 
379        WARN  main            d.u.i.k.s.ProofSettings   The settings in /home/runner/.key/proof-settings.props are *not* read. 
406        INFO  main            d.u.i.k.p.r.p.TestFile    Now processing file /home/runner/work/key/key/key.core/../key.ui/examples/heap/comprehensions/general_sum.key 
511        INFO  main            d.u.i.k.p.i.AbstractProblemLoader Loading environment from /home/runner/work/key/key/key.core/../key.ui/examples/heap/comprehensions/general_sum.key 
529        DEBUG main            d.u.i.k.p.i.AbstractProblemLoader Environment load took 3.77ms 
748        INFO  main            d.u.i.k.p.i.AbstractProblemLoader Creating init config 
1623       DEBUG main            d.u.i.k.j.TypeConverter   No LDT found for Meta 
1624       DEBUG main            d.u.i.k.j.TypeConverter   No LDT found for Meta 
1627       DEBUG main            d.u.i.k.j.TypeConverter   No LDT found for Meta 
1628       DEBUG main            d.u.i.k.j.TypeConverter   No LDT found for Meta 
3050       DEBUG main            d.u.i.k.j.TypeConverter   No LDT found for JavaBigintExpression 
8337       DEBUG main            d.u.i.k.p.i.AbstractProblemLoader Init config took 7.59s 
8458       INFO  main            d.u.i.k.p.i.AbstractProblemLoader Replaying proof GSum[GSum::doNothing()].JML operation contract.0 
8491       DEBUG main            d.u.i.k.p.i.IntermediateProofReplayer Proof replay took 30.9ns 
8857       INFO  main            d.u.i.k.p.r.p.TestFile    ... finished proof: closed. 
8985       INFO  main            d.u.i.k.p.i.AbstractProblemLoader Loading environment from /home/runner/work/key/key/key.core/../key.ui/examples/heap/comprehensions/general_sum.key.proof 
8988       DEBUG main            d.u.i.k.p.i.AbstractProblemLoader Environment load took 141.3ns 
8990       INFO  main            d.u.i.k.p.i.AbstractProblemLoader Creating init config 
11987      DEBUG main            d.u.i.k.p.i.AbstractProblemLoader Init config took 3s 
12080      INFO  main            d.u.i.k.p.i.AbstractProblemLoader Replaying proof GSum[GSum::doNothing()].JML operation contract.0 
12098      DEBUG main            d.u.i.k.p.i.IntermediateProofReplayer Proof replay took 14.39ms 
12107      DEBUG main            d.u.i.k.p.r.p.TestFile    ... success: reloaded. 
12111      INFO  main            d.u.i.k.p.r.p.TestFile    Now processing file /home/runner/work/key/key/key.core/../key.ui/examples/heap/comprehensions/sum0.key 
12111      INFO  main            d.u.i.k.p.i.AbstractProblemLoader Loading environment from /home/runner/work/key/key/key.core/../key.ui/examples/heap/comprehensions/sum0.key 
12112      DEBUG main            d.u.i.k.p.i.AbstractProblemLoader Environment load took 365.9ns 
12116      INFO  main            d.u.i.k.p.i.AbstractProblemLoader Creating init config 
15060      DEBUG main            d.u.i.k.p.i.AbstractProblemLoader Init config took 2.94s 
15120      INFO  main            d.u.i.k.p.i.AbstractProblemLoader Replaying proof Sum[Sum::sum0([I)].JML normal_behavior operation contract.0 
15123      DEBUG main            d.u.i.k.p.i.IntermediateProofReplayer Proof replay took 5.9ns 
15249      DEBUG Thread-4        d.u.i.k.l.l.OriginTermLabel commonFileName is null! 
15250      DEBUG Thread-4        d.u.i.k.l.l.OriginTermLabel commonFileName is null! 
15412      DEBUG Thread-4        d.u.i.k.l.l.OriginTermLabel commonFileName is null! 
15415      DEBUG Thread-4        d.u.i.k.l.l.OriginTermLabel commonFileName is null! 
15575      DEBUG Thread-4        d.u.i.k.l.l.OriginTermLabel commonFileName is null! 
15833      INFO  main            d.u.i.k.p.r.p.TestFile    ... finished proof: closed. 
15997      INFO  main            d.u.i.k.p.i.AbstractProblemLoader Loading environment from /home/runner/work/key/key/key.core/../key.ui/examples/heap/comprehensions/sum0.key.proof 
15997      DEBUG main            d.u.i.k.p.i.AbstractProblemLoader Environment load took 132ns 
16002      INFO  main            d.u.i.k.p.i.AbstractProblemLoader Creating init config 
18849      DEBUG main            d.u.i.k.p.i.AbstractProblemLoader Init config took 2.85s 
18898      INFO  main            d.u.i.k.p.i.AbstractProblemLoader Replaying proof Sum[Sum::sum0([I)].JML normal_behavior operation contract.0 
18927      DEBUG main            d.u.i.k.l.l.OriginTermLabel commonFileName is null! 
18927      DEBUG main            d.u.i.k.l.l.OriginTermLabel commonFileName is null! 
18983      DEBUG main            d.u.i.k.l.l.OriginTermLabel commonFileName is null! 
19033      DEBUG main            d.u.i.k.l.l.OriginTermLabel commonFileName is null! 
19033      DEBUG main            d.u.i.k.l.l.OriginTermLabel commonFileName is null! 
19040      DEBUG main            d.u.i.k.p.i.IntermediateProofReplayer Proof replay took 136.44ms 
19040      DEBUG main            d.u.i.k.p.r.p.TestFile    ... success: reloaded. 
19042      INFO  main            d.u.i.k.p.r.p.TestFile    Now processing file /home/runner/work/key/key/key.core/../key.ui/examples/heap/comprehensions/sum1.key 
19042      INFO  main            d.u.i.k.p.i.AbstractProblemLoader Loading environment from /home/runner/work/key/key/key.core/../key.ui/examples/heap/comprehensions/sum1.key 
19042      DEBUG main            d.u.i.k.p.i.AbstractProblemLoader Environment load took 196ns 
19044      INFO  main            d.u.i.k.p.i.AbstractProblemLoader Creating init config 
21885      DEBUG main            d.u.i.k.p.i.AbstractProblemLoader Init config took 2.84s 
21930      INFO  main            d.u.i.k.p.i.AbstractProblemLoader Replaying proof Sum[Sum::sum1([I)].JML normal_behavior operation contract.0 
21932      DEBUG main            d.u.i.k.p.i.IntermediateProofReplayer Proof replay took 5.6ns 
21985      DEBUG Thread-7        d.u.i.k.l.l.OriginTermLabel commonFileName is null! 
21987      DEBUG Thread-7        d.u.i.k.l.l.OriginTermLabel commonFileName is null! 
22124      DEBUG Thread-7        d.u.i.k.l.l.OriginTermLabel commonFileName is null! 
22125      DEBUG Thread-7        d.u.i.k.l.l.OriginTermLabel commonFileName is null! 
22264      DEBUG Thread-7        d.u.i.k.l.l.OriginTermLabel commonFileName is null! 
22437      INFO  main            d.u.i.k.p.r.p.TestFile    ... finished proof: closed. 
22576      INFO  main            d.u.i.k.p.i.AbstractProblemLoader Loading environment from /home/runner/work/key/key/key.core/../key.ui/examples/heap/comprehensions/sum1.key.proof 
22577      DEBUG main            d.u.i.k.p.i.AbstractProblemLoader Environment load took 703.31ns 
22578      INFO  main            d.u.i.k.p.i.AbstractProblemLoader Creating init config 
25335      DEBUG main            d.u.i.k.p.i.AbstractProblemLoader Init config took 2.76s 
25379      INFO  main            d.u.i.k.p.i.AbstractProblemLoader Replaying proof Sum[Sum::sum1([I)].JML normal_behavior operation contract.0 
25406      DEBUG main            d.u.i.k.l.l.OriginTermLabel commonFileName is null! 
25408      DEBUG main            d.u.i.k.l.l.OriginTermLabel commonFileName is null! 
25443      DEBUG main            d.u.i.k.l.l.OriginTermLabel commonFileName is null! 
25467      DEBUG main            d.u.i.k.l.l.OriginTermLabel commonFileName is null! 
25467      DEBUG main            d.u.i.k.l.l.OriginTermLabel commonFileName is null! 
25470      DEBUG main            d.u.i.k.p.i.IntermediateProofReplayer Proof replay took 86.56ms 
25471      DEBUG main            d.u.i.k.p.r.p.TestFile    ... success: reloaded. 
25472      INFO  main            d.u.i.k.p.r.p.TestFile    Now processing file /home/runner/work/key/key/key.core/../key.ui/examples/heap/comprehensions/sum2.key 
25473      INFO  main            d.u.i.k.p.i.AbstractProblemLoader Loading environment from /home/runner/work/key/key/key.core/../key.ui/examples/heap/comprehensions/sum2.key 
25473      DEBUG main            d.u.i.k.p.i.AbstractProblemLoader Environment load took 356.1ns 
25474      INFO  main            d.u.i.k.p.i.AbstractProblemLoader Creating init config 
28202      DEBUG main            d.u.i.k.p.i.AbstractProblemLoader Init config took 2.73s 
28246      INFO  main            d.u.i.k.p.i.AbstractProblemLoader Replaying proof Sum[Sum::sum2([I)].JML normal_behavior operation contract.0 
28248      DEBUG main            d.u.i.k.p.i.IntermediateProofReplayer Proof replay took 5.4ns 
28292      DEBUG Thread-10       d.u.i.k.l.l.OriginTermLabel commonFileName is null! 
28293      DEBUG Thread-10       d.u.i.k.l.l.OriginTermLabel commonFileName is null! 
28411      DEBUG Thread-10       d.u.i.k.l.l.OriginTermLabel commonFileName is null! 
28412      DEBUG Thread-10       d.u.i.k.l.l.OriginTermLabel commonFileName is null! 
28502      DEBUG Thread-10       d.u.i.k.l.l.OriginTermLabel commonFileName is null! 
28651      INFO  main            d.u.i.k.p.r.p.TestFile    ... finished proof: closed. 
28810      INFO  main            d.u.i.k.p.i.AbstractProblemLoader Loading environment from /home/runner/work/key/key/key.core/../key.ui/examples/heap/comprehensions/sum2.key.proof 
28810      DEBUG main            d.u.i.k.p.i.AbstractProblemLoader Environment load took 712.71ns 
28812      INFO  main            d.u.i.k.p.i.AbstractProblemLoader Creating init config 
31491      DEBUG main            d.u.i.k.p.i.AbstractProblemLoader Init config took 2.68s 
31574      INFO  main            d.u.i.k.p.i.AbstractProblemLoader Replaying proof Sum[Sum::sum2([I)].JML normal_behavior operation contract.0 
31599      DEBUG main            d.u.i.k.l.l.OriginTermLabel commonFileName is null! 
31599      DEBUG main            d.u.i.k.l.l.OriginTermLabel commonFileName is null! 
31627      DEBUG main            d.u.i.k.l.l.OriginTermLabel commonFileName is null! 
31646      DEBUG main            d.u.i.k.l.l.OriginTermLabel commonFileName is null! 
31647      DEBUG main            d.u.i.k.l.l.OriginTermLabel commonFileName is null! 
31649      DEBUG main            d.u.i.k.p.i.IntermediateProofReplayer Proof replay took 69.59ms 
31655      DEBUG main            d.u.i.k.p.r.p.TestFile    ... success: reloaded. 
31656      INFO  main            d.u.i.k.p.r.p.TestFile    Now processing file /home/runner/work/key/key/key.core/../key.ui/examples/heap/comprehensions/sum3.key 
31657      INFO  main            d.u.i.k.p.i.AbstractProblemLoader Loading environment from /home/runner/work/key/key/key.core/../key.ui/examples/heap/comprehensions/sum3.key 
31657      DEBUG main            d.u.i.k.p.i.AbstractProblemLoader Environment load took 511.71ns 
31659      INFO  main            d.u.i.k.p.i.AbstractProblemLoader Creating init config 
34494      DEBUG main            d.u.i.k.p.i.AbstractProblemLoader Init config took 2.84s 
34558      INFO  main            d.u.i.k.p.i.AbstractProblemLoader Replaying proof Sum[Sum::sum3([I)].JML normal_behavior operation contract.0 
34561      DEBUG main            d.u.i.k.p.i.IntermediateProofReplayer Proof replay took 6.2ns 
34618      DEBUG Thread-13       d.u.i.k.l.l.OriginTermLabel commonFileName is null! 
34619      DEBUG Thread-13       d.u.i.k.l.l.OriginTermLabel commonFileName is null! 
34765      DEBUG Thread-13       d.u.i.k.l.l.OriginTermLabel commonFileName is null! 
34770      DEBUG Thread-13       d.u.i.k.l.l.OriginTermLabel commonFileName is null! 
34859      DEBUG Thread-13       d.u.i.k.l.l.OriginTermLabel commonFileName is null! 
34965      INFO  main            d.u.i.k.p.r.p.TestFile    ... finished proof: closed. 
35133      INFO  main            d.u.i.k.p.i.AbstractProblemLoader Loading environment from /home/runner/work/key/key/key.core/../key.ui/examples/heap/comprehensions/sum3.key.proof 
35134      DEBUG main            d.u.i.k.p.i.AbstractProblemLoader Environment load took 1.01ms 
35135      INFO  main            d.u.i.k.p.i.AbstractProblemLoader Creating init config 
37797      DEBUG main            d.u.i.k.p.i.AbstractProblemLoader Init config took 2.66s 
37839      INFO  main            d.u.i.k.p.i.AbstractProblemLoader Replaying proof Sum[Sum::sum3([I)].JML normal_behavior operation contract.0 
37863      DEBUG main            d.u.i.k.l.l.OriginTermLabel commonFileName is null! 
37863      DEBUG main            d.u.i.k.l.l.OriginTermLabel commonFileName is null! 
37890      DEBUG main            d.u.i.k.l.l.OriginTermLabel commonFileName is null! 
37907      DEBUG main            d.u.i.k.l.l.OriginTermLabel commonFileName is null! 
37907      DEBUG main            d.u.i.k.l.l.OriginTermLabel commonFileName is null! 
37909      DEBUG main            d.u.i.k.p.i.IntermediateProofReplayer Proof replay took 66.51ms 
37910      DEBUG main            d.u.i.k.p.r.p.TestFile    ... success: reloaded. 
37910      INFO  main            d.u.i.k.p.r.p.TestFile    Now processing file /home/runner/work/key/key/key.core/../key.ui/examples/heap/comprehensions/segsum.key 
37911      INFO  main            d.u.i.k.p.i.AbstractProblemLoader Loading environment from /home/runner/work/key/key/key.core/../key.ui/examples/heap/comprehensions/segsum.key 
37911      DEBUG main            d.u.i.k.p.i.AbstractProblemLoader Environment load took 66.7ns 
37912      INFO  main            d.u.i.k.p.i.AbstractProblemLoader Creating init config 
40663      DEBUG main            d.u.i.k.p.i.AbstractProblemLoader Init config took 2.75s 
40704      INFO  main            d.u.i.k.p.i.AbstractProblemLoader Replaying proof SegSum[SegSum::segSum([I,int,int)].JML normal_behavior operation contract.0 
40705      DEBUG main            d.u.i.k.p.i.IntermediateProofReplayer Proof replay took 6.2ns 
41108      INFO  main            d.u.i.k.p.r.p.TestFile    ... finished proof: closed. 
41278      INFO  main            d.u.i.k.p.i.AbstractProblemLoader Loading environment from /home/runner/work/key/key/key.core/../key.ui/examples/heap/comprehensions/segsum.key.proof 
41278      DEBUG main            d.u.i.k.p.i.AbstractProblemLoader Environment load took 120.3ns 
41279      INFO  main            d.u.i.k.p.i.AbstractProblemLoader Creating init config 
43908      DEBUG main            d.u.i.k.p.i.AbstractProblemLoader Init config took 2.63s 
43948      INFO  main            d.u.i.k.p.i.AbstractProblemLoader Replaying proof SegSum[SegSum::segSum([I,int,int)].JML normal_behavior operation contract.0 
44012      DEBUG main            d.u.i.k.p.i.IntermediateProofReplayer Proof replay took 61.15ms 
44013      DEBUG main            d.u.i.k.p.r.p.TestFile    ... success: reloaded. 
44014      INFO  main            d.u.i.k.p.r.p.TestFile    Now processing file /home/runner/work/key/key/key.core/../key.ui/examples/heap/comprehensions/bsum_negative.key 
44014      INFO  main            d.u.i.k.p.i.AbstractProblemLoader Loading environment from /home/runner/work/key/key/key.core/../key.ui/examples/heap/comprehensions/bsum_negative.key 
44014      DEBUG main            d.u.i.k.p.i.AbstractProblemLoader Environment load took 72.6ns 
44015      INFO  main            d.u.i.k.p.i.AbstractProblemLoader Creating init config 
46561      DEBUG main            d.u.i.k.p.i.AbstractProblemLoader Init config took 2.55s 
46579      INFO  main            d.u.i.k.p.i.AbstractProblemLoader Replaying proof bsum_negative.key 
46580      DEBUG main            d.u.i.k.p.i.IntermediateProofReplayer Proof replay took 7.4ns 
46683      INFO  main            d.u.i.k.p.r.p.TestFile    ... finished proof: closed. 
46842      INFO  main            d.u.i.k.p.i.AbstractProblemLoader Loading environment from /home/runner/work/key/key/key.core/../key.ui/examples/heap/comprehensions/bsum_negative.key.proof 
46842      DEBUG main            d.u.i.k.p.i.AbstractProblemLoader Environment load took 133ns 
46843      INFO  main            d.u.i.k.p.i.AbstractProblemLoader Creating init config 
49355      DEBUG main            d.u.i.k.p.i.AbstractProblemLoader Init config took 2.51s 
49373      INFO  main            d.u.i.k.p.i.AbstractProblemLoader Replaying proof bsum_negative.key.proof 
49376      DEBUG main            d.u.i.k.p.i.IntermediateProofReplayer Proof replay took 1ms 
49377      DEBUG main            d.u.i.k.p.r.p.TestFile    ... success: reloaded. 
49378      INFO  main            d.u.i.k.p.r.p.TestFile    Now processing file /home/runner/work/key/key/key.core/../key.ui/examples/heap/comprehensions/bsum_neg2.key 
49378      INFO  main            d.u.i.k.p.i.AbstractProblemLoader Loading environment from /home/runner/work/key/key/key.core/../key.ui/examples/heap/comprehensions/bsum_neg2.key 
49378      DEBUG main            d.u.i.k.p.i.AbstractProblemLoader Environment load took 312ns 
49379      INFO  main            d.u.i.k.p.i.AbstractProblemLoader Creating init config 
51931      DEBUG main            d.u.i.k.p.i.AbstractProblemLoader Init config took 2.55s 
51949      INFO  main            d.u.i.k.p.i.AbstractProblemLoader Replaying proof bsum_neg2.key 
51950      DEBUG main            d.u.i.k.p.i.IntermediateProofReplayer Proof replay took 6.3ns 
52052      INFO  main            d.u.i.k.p.r.p.TestFile    ... finished proof: closed. 
52239      INFO  main            d.u.i.k.p.i.AbstractProblemLoader Loading environment from /home/runner/work/key/key/key.core/../key.ui/examples/heap/comprehensions/bsum_neg2.key.proof 
52239      DEBUG main            d.u.i.k.p.i.AbstractProblemLoader Environment load took 126.3ns 
52240      INFO  main            d.u.i.k.p.i.AbstractProblemLoader Creating init config 
54721      DEBUG main            d.u.i.k.p.i.AbstractProblemLoader Init config took 2.48s 
54743      INFO  main            d.u.i.k.p.i.AbstractProblemLoader Replaying proof bsum_neg2.key.proof 
54747      DEBUG main            d.u.i.k.p.i.IntermediateProofReplayer Proof replay took 602.31ns 
54748      DEBUG main            d.u.i.k.p.r.p.TestFile    ... success: reloaded. 
54749      INFO  main            d.u.i.k.p.r.p.TestFile    Now processing file /home/runner/work/key/key/key.core/../key.ui/examples/heap/comprehensions/bsumSplit.key 
54749      INFO  main            d.u.i.k.p.i.AbstractProblemLoader Loading environment from /home/runner/work/key/key/key.core/../key.ui/examples/heap/comprehensions/bsumSplit.key 
54750      DEBUG main            d.u.i.k.p.i.AbstractProblemLoader Environment load took 332ns 
54751      INFO  main            d.u.i.k.p.i.AbstractProblemLoader Creating init config 
57277      DEBUG main            d.u.i.k.p.i.AbstractProblemLoader Init config took 2.53s 
57297      INFO  main            d.u.i.k.p.i.AbstractProblemLoader Replaying proof bsumSplit.key 
57299      DEBUG main            d.u.i.k.p.i.IntermediateProofReplayer Proof replay took 6.3ns 
57401      INFO  main            d.u.i.k.p.r.p.TestFile    ... finished proof: closed. 
57633      INFO  main            d.u.i.k.p.i.AbstractProblemLoader Loading environment from /home/runner/work/key/key/key.core/../key.ui/examples/heap/comprehensions/bsumSplit.key.proof 
57633      DEBUG main            d.u.i.k.p.i.AbstractProblemLoader Environment load took 141.9ns 
57634      INFO  main            d.u.i.k.p.i.AbstractProblemLoader Creating init config 
60142      DEBUG main            d.u.i.k.p.i.AbstractProblemLoader Init config took 2.51s 
60170      INFO  main            d.u.i.k.p.i.AbstractProblemLoader Replaying proof bsumSplit.key.proof 
60181      DEBUG main            d.u.i.k.p.i.IntermediateProofReplayer Proof replay took 6.4ms 
60182      DEBUG main            d.u.i.k.p.r.p.TestFile    ... success: reloaded. 
60183      INFO  main            d.u.i.k.p.r.p.TestFile    Now processing file /home/runner/work/key/key/key.core/../key.ui/examples/heap/comprehensions/bprodSplit.key 
60183      INFO  main            d.u.i.k.p.i.AbstractProblemLoader Loading environment from /home/runner/work/key/key/key.core/../key.ui/examples/heap/comprehensions/bprodSplit.key 
60183      DEBUG main            d.u.i.k.p.i.AbstractProblemLoader Environment load took 144.8ns 
60184      INFO  main            d.u.i.k.p.i.AbstractProblemLoader Creating init config 
62720      DEBUG main            d.u.i.k.p.i.AbstractProblemLoader Init config took 2.54s 
62735      INFO  main            d.u.i.k.p.i.AbstractProblemLoader Replaying proof bprodSplit.key 
62736      DEBUG main            d.u.i.k.p.i.IntermediateProofReplayer Proof replay took 6.6ns 
62839      INFO  main            d.u.i.k.p.r.p.TestFile    ... finished proof: closed. 
63044      INFO  main            d.u.i.k.p.i.AbstractProblemLoader Loading environment from /home/runner/work/key/key/key.core/../key.ui/examples/heap/comprehensions/bprodSplit.key.proof 
63044      DEBUG main            d.u.i.k.p.i.AbstractProblemLoader Environment load took 121.4ns 
63045      INFO  main            d.u.i.k.p.i.AbstractProblemLoader Creating init config 
65523      DEBUG main            d.u.i.k.p.i.AbstractProblemLoader Init config took 2.48s 
65543      INFO  main            d.u.i.k.p.i.AbstractProblemLoader Replaying proof bprodSplit.key.proof 
65549      DEBUG main            d.u.i.k.p.i.IntermediateProofReplayer Proof replay took 3.51ms 
65550      DEBUG main            d.u.i.k.p.r.p.TestFile    ... success: reloaded. 
65551      INFO  main            d.u.i.k.p.r.p.TestFile    Now processing file /home/runner/work/key/key/key.core/../key.ui/examples/heap/comprehensions/bsumSplitInvalid.key 
65551      INFO  main            d.u.i.k.p.i.AbstractProblemLoader Loading environment from /home/runner/work/key/key/key.core/../key.ui/examples/heap/comprehensions/bsumSplitInvalid.key 
65551      DEBUG main            d.u.i.k.p.i.AbstractProblemLoader Environment load took 61.2ns 
65552      INFO  main            d.u.i.k.p.i.AbstractProblemLoader Creating init config 
68118      DEBUG main            d.u.i.k.p.i.AbstractProblemLoader Init config took 2.57s 
68133      INFO  main            d.u.i.k.p.i.AbstractProblemLoader Replaying proof bsumSplitInvalid.key 
68134      DEBUG main            d.u.i.k.p.i.IntermediateProofReplayer Proof replay took 7.3ns 
68239      INFO  main            d.u.i.k.p.r.p.TestFile    ... finished proof: open goal(s) 
147129     INFO  Test worker     d.u.i.k.p.r.RunAllProofsTestUnit Returning from test comprehensions 
147132     INFO  Test worker     d.u.i.k.p.r.RunAllProofsTestUnit Running test performance 
328        INFO  Timeout watchdog d.u.i.k.p.r.p.ForkedTestFileRunner Timeout watcher launched (2000 secs.) 
332        WARN  main            d.u.i.k.s.ProofSettings   The settings in /home/runner/.key/proof-settings.props are *not* read. 
363        INFO  main            d.u.i.k.p.r.p.TestFile    Now processing file /home/runner/work/key/key/key.core/../key.ui/examples/performance-test/Disjoint(Disjoint__disjoint_08()).JML_operation_contract.0.key 
472        INFO  main            d.u.i.k.p.i.AbstractProblemLoader Loading environment from /home/runner/work/key/key/key.core/../key.ui/examples/performance-test/Disjoint(Disjoint__disjoint_08()).JML_operation_contract.0.key 
503        DEBUG main            d.u.i.k.p.i.AbstractProblemLoader Environment load took 2.39ms 
738        INFO  main            d.u.i.k.p.i.AbstractProblemLoader Creating init config 
1567       DEBUG main            d.u.i.k.j.TypeConverter   No LDT found for Meta 
1568       DEBUG main            d.u.i.k.j.TypeConverter   No LDT found for Meta 
1569       DEBUG main            d.u.i.k.j.TypeConverter   No LDT found for Meta 
1569       DEBUG main            d.u.i.k.j.TypeConverter   No LDT found for Meta 
2923       DEBUG main            d.u.i.k.j.TypeConverter   No LDT found for JavaBigintExpression 
8840       DEBUG main            d.u.i.k.j.r.ClassPreparationMethodBuilder clPrepBuilder: Inner Class detected. Reject building class initialisation methods. 
17230      DEBUG main            d.u.i.k.p.i.AbstractProblemLoader Init config took 16.49s 
17451      INFO  main            d.u.i.k.p.i.AbstractProblemLoader Replaying proof Disjoint[Disjoint::disjoint_8()].JML operation contract.0 
17538      DEBUG main            d.u.i.k.p.i.IntermediateProofReplayer Proof replay took 324ns 
20209      INFO  main            d.u.i.k.p.r.p.TestFile    ... finished proof: closed. 
20461      INFO  main            d.u.i.k.p.i.AbstractProblemLoader Loading environment from /home/runner/work/key/key/key.core/../key.ui/examples/performance-test/Disjoint(Disjoint__disjoint_08()).JML_operation_contract.0.key.proof 
20462      DEBUG main            d.u.i.k.p.i.AbstractProblemLoader Environment load took 657.11ns 
20464      INFO  main            d.u.i.k.p.i.AbstractProblemLoader Creating init config 
23856      DEBUG main            d.u.i.k.j.r.ClassPreparationMethodBuilder clPrepBuilder: Inner Class detected. Reject building class initialisation methods. 
31568      DEBUG main            d.u.i.k.p.i.AbstractProblemLoader Init config took 11.1s 
31703      INFO  main            d.u.i.k.p.i.AbstractProblemLoader Replaying proof Disjoint[Disjoint::disjoint_8()].JML operation contract.0 
32000      DEBUG main            d.u.i.k.p.i.IntermediateProofReplayer Proof replay took 284.79ms 
32009      DEBUG main            d.u.i.k.p.r.p.TestFile    ... success: reloaded. 
32011      INFO  main            d.u.i.k.p.r.p.TestFile    Now processing file /home/runner/work/key/key/key.core/../key.ui/examples/performance-test/Disjoint(Disjoint__disjoint2_08()).JML_operation_contract.0.key 
32012      INFO  main            d.u.i.k.p.i.AbstractProblemLoader Loading environment from /home/runner/work/key/key/key.core/../key.ui/examples/performance-test/Disjoint(Disjoint__disjoint2_08()).JML_operation_contract.0.key 
32012      DEBUG main            d.u.i.k.p.i.AbstractProblemLoader Environment load took 388.9ns 
32014      INFO  main            d.u.i.k.p.i.AbstractProblemLoader Creating init config 
35331      DEBUG main            d.u.i.k.j.r.ClassPreparationMethodBuilder clPrepBuilder: Inner Class detected. Reject building class initialisation methods. 
42945      DEBUG main            d.u.i.k.p.i.AbstractProblemLoader Init config took 10.93s 
43050      INFO  main            d.u.i.k.p.i.AbstractProblemLoader Replaying proof Disjoint[Disjoint::disjoint2_8()].JML operation contract.0 
43053      DEBUG main            d.u.i.k.p.i.IntermediateProofReplayer Proof replay took 9.7ns 
44058      INFO  main            d.u.i.k.p.r.p.TestFile    ... finished proof: closed. 
44324      INFO  main            d.u.i.k.p.i.AbstractProblemLoader Loading environment from /home/runner/work/key/key/key.core/../key.ui/examples/performance-test/Disjoint(Disjoint__disjoint2_08()).JML_operation_contract.0.key.proof 
44327      DEBUG main            d.u.i.k.p.i.AbstractProblemLoader Environment load took 2.58ms 
44328      INFO  main            d.u.i.k.p.i.AbstractProblemLoader Creating init config 
47520      DEBUG main            d.u.i.k.j.r.ClassPreparationMethodBuilder clPrepBuilder: Inner Class detected. Reject building class initialisation methods. 
55077      DEBUG main            d.u.i.k.p.i.AbstractProblemLoader Init config took 10.75s 
55175      INFO  main            d.u.i.k.p.i.AbstractProblemLoader Replaying proof Disjoint[Disjoint::disjoint2_8()].JML operation contract.0 
55247      DEBUG main            d.u.i.k.p.i.IntermediateProofReplayer Proof replay took 67.17ms 
55250      DEBUG main            d.u.i.k.p.r.p.TestFile    ... success: reloaded. 
55253      INFO  main            d.u.i.k.p.r.p.TestFile    Now processing file /home/runner/work/key/key/key.core/../key.ui/examples/performance-test/AccessChain1(AccessChain1__foo_08()).JML_operation_contract.0.key 
55254      INFO  main            d.u.i.k.p.i.AbstractProblemLoader Loading environment from /home/runner/work/key/key/key.core/../key.ui/examples/performance-test/AccessChain1(AccessChain1__foo_08()).JML_operation_contract.0.key 
55255      DEBUG main            d.u.i.k.p.i.AbstractProblemLoader Environment load took 975.71ns 
55257      INFO  main            d.u.i.k.p.i.AbstractProblemLoader Creating init config 
58486      DEBUG main            d.u.i.k.j.r.ClassPreparationMethodBuilder clPrepBuilder: Inner Class detected. Reject building class initialisation methods. 
65948      DEBUG main            d.u.i.k.p.i.AbstractProblemLoader Init config took 10.69s 
66036      INFO  main            d.u.i.k.p.i.AbstractProblemLoader Replaying proof AccessChain1[AccessChain1::foo_8()].JML operation contract.0 
66038      DEBUG main            d.u.i.k.p.i.IntermediateProofReplayer Proof replay took 11.3ns 
68452      INFO  main            d.u.i.k.p.r.p.TestFile    ... finished proof: closed. 
68774      INFO  main            d.u.i.k.p.i.AbstractProblemLoader Loading environment from /home/runner/work/key/key/key.core/../key.ui/examples/performance-test/AccessChain1(AccessChain1__foo_08()).JML_operation_contract.0.key.proof 
68779      DEBUG main            d.u.i.k.p.i.AbstractProblemLoader Environment load took 4.32ms 
68783      INFO  main            d.u.i.k.p.i.AbstractProblemLoader Creating init config 
71938      DEBUG main            d.u.i.k.j.r.ClassPreparationMethodBuilder clPrepBuilder: Inner Class detected. Reject building class initialisation methods. 
79387      DEBUG main            d.u.i.k.p.i.AbstractProblemLoader Init config took 10.6s 
79500      INFO  main            d.u.i.k.p.i.AbstractProblemLoader Replaying proof AccessChain1[AccessChain1::foo_8()].JML operation contract.0 
79873      DEBUG main            d.u.i.k.p.i.IntermediateProofReplayer Proof replay took 357.94ms 
79876      DEBUG main            d.u.i.k.p.r.p.TestFile    ... success: reloaded. 
79878      INFO  main            d.u.i.k.p.r.p.TestFile    Now processing file /home/runner/work/key/key/key.core/../key.ui/examples/performance-test/AccessChain4(AccessChain4__foo_08()).JML_operation_contract.0.key 
79878      INFO  main            d.u.i.k.p.i.AbstractProblemLoader Loading environment from /home/runner/work/key/key/key.core/../key.ui/examples/performance-test/AccessChain4(AccessChain4__foo_08()).JML_operation_contract.0.key 
79878      DEBUG main            d.u.i.k.p.i.AbstractProblemLoader Environment load took 355.3ns 
79880      INFO  main            d.u.i.k.p.i.AbstractProblemLoader Creating init config 
83091      DEBUG main            d.u.i.k.j.r.ClassPreparationMethodBuilder clPrepBuilder: Inner Class detected. Reject building class initialisation methods. 
90606      DEBUG main            d.u.i.k.p.i.AbstractProblemLoader Init config took 10.73s 
90693      INFO  main            d.u.i.k.p.i.AbstractProblemLoader Replaying proof AccessChain4[AccessChain4::foo_8()].JML operation contract.0 
90698      DEBUG main            d.u.i.k.p.i.IntermediateProofReplayer Proof replay took 10.6ns 
96673      INFO  main            d.u.i.k.p.r.p.TestFile    ... finished proof: closed. 
97053      INFO  main            d.u.i.k.p.i.AbstractProblemLoader Loading environment from /home/runner/work/key/key/key.core/../key.ui/examples/performance-test/AccessChain4(AccessChain4__foo_08()).JML_operation_contract.0.key.proof 
97053      DEBUG main            d.u.i.k.p.i.AbstractProblemLoader Environment load took 128.4ns 
97056      INFO  main            d.u.i.k.p.i.AbstractProblemLoader Creating init config 
100174     DEBUG main            d.u.i.k.j.r.ClassPreparationMethodBuilder clPrepBuilder: Inner Class detected. Reject building class initialisation methods. 
107644     DEBUG main            d.u.i.k.p.i.AbstractProblemLoader Init config took 10.59s 
107746     INFO  main            d.u.i.k.p.i.AbstractProblemLoader Replaying proof AccessChain4[AccessChain4::foo_8()].JML operation contract.0 
108489     DEBUG main            d.u.i.k.p.i.IntermediateProofReplayer Proof replay took 699.91ms 
108492     DEBUG main            d.u.i.k.p.r.p.TestFile    ... success: reloaded. 
108493     INFO  main            d.u.i.k.p.r.p.TestFile    Now processing file /home/runner/work/key/key/key.core/../key.ui/examples/performance-test/Disjoint(Disjoint__xZero_08()).JML_operation_contract.0.key 
108494     INFO  main            d.u.i.k.p.i.AbstractProblemLoader Loading environment from /home/runner/work/key/key/key.core/../key.ui/examples/performance-test/Disjoint(Disjoint__xZero_08()).JML_operation_contract.0.key 
108494     DEBUG main            d.u.i.k.p.i.AbstractProblemLoader Environment load took 249.5ns 
108495     INFO  main            d.u.i.k.p.i.AbstractProblemLoader Creating init config 
111743     DEBUG main            d.u.i.k.j.r.ClassPreparationMethodBuilder clPrepBuilder: Inner Class detected. Reject building class initialisation methods. 
119230     DEBUG main            d.u.i.k.p.i.AbstractProblemLoader Init config took 10.73s 
119313     INFO  main            d.u.i.k.p.i.AbstractProblemLoader Replaying proof Disjoint[Disjoint::xZero_8()].JML operation contract.0 
119315     DEBUG main            d.u.i.k.p.i.IntermediateProofReplayer Proof replay took 9.9ns 
120327     INFO  main            d.u.i.k.p.r.p.TestFile    ... finished proof: closed. 
120710     INFO  main            d.u.i.k.p.i.AbstractProblemLoader Loading environment from /home/runner/work/key/key/key.core/../key.ui/examples/performance-test/Disjoint(Disjoint__xZero_08()).JML_operation_contract.0.key.proof 
120711     DEBUG main            d.u.i.k.p.i.AbstractProblemLoader Environment load took 875.91ns 
120712     INFO  main            d.u.i.k.p.i.AbstractProblemLoader Creating init config 
123816     DEBUG main            d.u.i.k.j.r.ClassPreparationMethodBuilder clPrepBuilder: Inner Class detected. Reject building class initialisation methods. 
131194     DEBUG main            d.u.i.k.p.i.AbstractProblemLoader Init config took 10.48s 
131275     INFO  main            d.u.i.k.p.i.AbstractProblemLoader Replaying proof Disjoint[Disjoint::xZero_8()].JML operation contract.0 
131471     DEBUG main            d.u.i.k.p.i.IntermediateProofReplayer Proof replay took 189.03ms 
131473     DEBUG main            d.u.i.k.p.r.p.TestFile    ... success: reloaded. 
131474     INFO  main            d.u.i.k.p.r.p.TestFile    Now processing file /home/runner/work/key/key/key.core/../key.ui/examples/performance-test/Dynamic(Dynamic__foo_08()).JML_operation_contract.0.key 
131475     INFO  main            d.u.i.k.p.i.AbstractProblemLoader Loading environment from /home/runner/work/key/key/key.core/../key.ui/examples/performance-test/Dynamic(Dynamic__foo_08()).JML_operation_contract.0.key 
131475     DEBUG main            d.u.i.k.p.i.AbstractProblemLoader Environment load took 276ns 
131476     INFO  main            d.u.i.k.p.i.AbstractProblemLoader Creating init config 
134658     DEBUG main            d.u.i.k.j.r.ClassPreparationMethodBuilder clPrepBuilder: Inner Class detected. Reject building class initialisation methods. 
142086     DEBUG main            d.u.i.k.p.i.AbstractProblemLoader Init config took 10.61s 
142175     INFO  main            d.u.i.k.p.i.AbstractProblemLoader Replaying proof Dynamic[Dynamic::foo_8()].JML operation contract.0 
142177     DEBUG main            d.u.i.k.p.i.IntermediateProofReplayer Proof replay took 11ns 
147104     INFO  main            d.u.i.k.p.r.p.TestFile    ... finished proof: closed. 
147485     INFO  main            d.u.i.k.p.i.AbstractProblemLoader Loading environment from /home/runner/work/key/key/key.core/../key.ui/examples/performance-test/Dynamic(Dynamic__foo_08()).JML_operation_contract.0.key.proof 
147485     DEBUG main            d.u.i.k.p.i.AbstractProblemLoader Environment load took 228ns 
147487     INFO  main            d.u.i.k.p.i.AbstractProblemLoader Creating init config 
150597     DEBUG main            d.u.i.k.j.r.ClassPreparationMethodBuilder clPrepBuilder: Inner Class detected. Reject building class initialisation methods. 
158035     DEBUG main            d.u.i.k.p.i.AbstractProblemLoader Init config took 10.55s 
158116     INFO  main            d.u.i.k.p.i.AbstractProblemLoader Replaying proof Dynamic[Dynamic::foo_8()].JML operation contract.0 
158553     DEBUG main            d.u.i.k.p.i.IntermediateProofReplayer Proof replay took 414.73ms 
158556     DEBUG main            d.u.i.k.p.r.p.TestFile    ... success: reloaded. 
158557     INFO  main            d.u.i.k.p.r.p.TestFile    Now processing file /home/runner/work/key/key/key.core/../key.ui/examples/performance-test/DynamicGhost(DynamicGhost__dynamicGhost_08()).JML_normal_behavior_operation_contract.0.key 
158558     INFO  main            d.u.i.k.p.i.AbstractProblemLoader Loading environment from /home/runner/work/key/key/key.core/../key.ui/examples/performance-test/DynamicGhost(DynamicGhost__dynamicGhost_08()).JML_normal_behavior_operation_contract.0.key 
158558     DEBUG main            d.u.i.k.p.i.AbstractProblemLoader Environment load took 287.3ns 
158559     INFO  main            d.u.i.k.p.i.AbstractProblemLoader Creating init config 
161781     DEBUG main            d.u.i.k.j.r.ClassPreparationMethodBuilder clPrepBuilder: Inner Class detected. Reject building class initialisation methods. 
169220     DEBUG main            d.u.i.k.p.i.AbstractProblemLoader Init config took 10.66s 
169304     INFO  main            d.u.i.k.p.i.AbstractProblemLoader Replaying proof DynamicGhost[DynamicGhost::dynamicGhost_8()].JML normal_behavior operation contract.0 
169306     DEBUG main            d.u.i.k.p.i.IntermediateProofReplayer Proof replay took 11.8ns 
173228     INFO  main            d.u.i.k.p.r.p.TestFile    ... finished proof: closed. 
173643     INFO  main            d.u.i.k.p.i.AbstractProblemLoader Loading environment from /home/runner/work/key/key/key.core/../key.ui/examples/performance-test/DynamicGhost(DynamicGhost__dynamicGhost_08()).JML_normal_behavior_operation_contract.0.key.proof 
173644     DEBUG main            d.u.i.k.p.i.AbstractProblemLoader Environment load took 600.91ns 
173646     INFO  main            d.u.i.k.p.i.AbstractProblemLoader Creating init config 
176731     DEBUG main            d.u.i.k.j.r.ClassPreparationMethodBuilder clPrepBuilder: Inner Class detected. Reject building class initialisation methods. 
184165     DEBUG main            d.u.i.k.p.i.AbstractProblemLoader Init config took 10.52s 
184248     INFO  main            d.u.i.k.p.i.AbstractProblemLoader Replaying proof DynamicGhost[DynamicGhost::dynamicGhost_8()].JML normal_behavior operation contract.0 
184724     DEBUG main            d.u.i.k.p.i.IntermediateProofReplayer Proof replay took 455.23ms 
184727     DEBUG main            d.u.i.k.p.r.p.TestFile    ... success: reloaded. 
184728     INFO  main            d.u.i.k.p.r.p.TestFile    Now processing file /home/runner/work/key/key/key.core/../key.ui/examples/performance-test/GhostFrame(GhostFrame__foo_08()).JML_operation_contract.0.key 
184728     INFO  main            d.u.i.k.p.i.AbstractProblemLoader Loading environment from /home/runner/work/key/key/key.core/../key.ui/examples/performance-test/GhostFrame(GhostFrame__foo_08()).JML_operation_contract.0.key 
184728     DEBUG main            d.u.i.k.p.i.AbstractProblemLoader Environment load took 169.9ns 
184729     INFO  main            d.u.i.k.p.i.AbstractProblemLoader Creating init config 
187938     DEBUG main            d.u.i.k.j.r.ClassPreparationMethodBuilder clPrepBuilder: Inner Class detected. Reject building class initialisation methods. 
195439     DEBUG main            d.u.i.k.p.i.AbstractProblemLoader Init config took 10.71s 
195518     INFO  main            d.u.i.k.p.i.AbstractProblemLoader Replaying proof GhostFrame[GhostFrame::foo_8()].JML operation contract.0 
195520     DEBUG main            d.u.i.k.p.i.IntermediateProofReplayer Proof replay took 12.9ns 
197379     INFO  main            d.u.i.k.p.r.p.TestFile    ... finished proof: closed. 
197786     INFO  main            d.u.i.k.p.i.AbstractProblemLoader Loading environment from /home/runner/work/key/key/key.core/../key.ui/examples/performance-test/GhostFrame(GhostFrame__foo_08()).JML_operation_contract.0.key.proof 
197788     DEBUG main            d.u.i.k.p.i.AbstractProblemLoader Environment load took 1.49ms 
197789     INFO  main            d.u.i.k.p.i.AbstractProblemLoader Creating init config 
200888     DEBUG main            d.u.i.k.j.r.ClassPreparationMethodBuilder clPrepBuilder: Inner Class detected. Reject building class initialisation methods. 
208286     DEBUG main            d.u.i.k.p.i.AbstractProblemLoader Init config took 10.5s 
208365     INFO  main            d.u.i.k.p.i.AbstractProblemLoader Replaying proof GhostFrame[GhostFrame::foo_8()].JML operation contract.0 
208614     DEBUG main            d.u.i.k.p.i.IntermediateProofReplayer Proof replay took 240.77ms 
208616     DEBUG main            d.u.i.k.p.r.p.TestFile    ... success: reloaded. 
208618     INFO  main            d.u.i.k.p.r.p.TestFile    Now processing file /home/runner/work/key/key/key.core/../key.ui/examples/performance-test/Modelfield(Modelfield__foo_08()).JML_operation_contract.0.key 
208618     INFO  main            d.u.i.k.p.i.AbstractProblemLoader Loading environment from /home/runner/work/key/key/key.core/../key.ui/examples/performance-test/Modelfield(Modelfield__foo_08()).JML_operation_contract.0.key 
208619     DEBUG main            d.u.i.k.p.i.AbstractProblemLoader Environment load took 227ns 
208620     INFO  main            d.u.i.k.p.i.AbstractProblemLoader Creating init config 
211803     DEBUG main            d.u.i.k.j.r.ClassPreparationMethodBuilder clPrepBuilder: Inner Class detected. Reject building class initialisation methods. 
219261     DEBUG main            d.u.i.k.p.i.AbstractProblemLoader Init config took 10.64s 
219382     INFO  main            d.u.i.k.p.i.AbstractProblemLoader Replaying proof Modelfield[Modelfield::foo_8()].JML operation contract.0 
219384     DEBUG main            d.u.i.k.p.i.IntermediateProofReplayer Proof replay took 5.8ns 
222240     INFO  main            d.u.i.k.p.r.p.TestFile    ... finished proof: closed. 
222676     INFO  main            d.u.i.k.p.i.AbstractProblemLoader Loading environment from /home/runner/work/key/key/key.core/../key.ui/examples/performance-test/Modelfield(Modelfield__foo_08()).JML_operation_contract.0.key.proof 
222676     DEBUG main            d.u.i.k.p.i.AbstractProblemLoader Environment load took 571.31ns 
222678     INFO  main            d.u.i.k.p.i.AbstractProblemLoader Creating init config 
225756     DEBUG main            d.u.i.k.j.r.ClassPreparationMethodBuilder clPrepBuilder: Inner Class detected. Reject building class initialisation methods. 
233164     DEBUG main            d.u.i.k.p.i.AbstractProblemLoader Init config took 10.49s 
233243     INFO  main            d.u.i.k.p.i.AbstractProblemLoader Replaying proof Modelfield[Modelfield::foo_8()].JML operation contract.0 
233591     DEBUG main            d.u.i.k.p.i.IntermediateProofReplayer Proof replay took 334.01ms 
233593     DEBUG main            d.u.i.k.p.r.p.TestFile    ... success: reloaded. 
380883     INFO  Test worker     d.u.i.k.p.r.RunAllProofsTestUnit Returning from test performance 
380885     INFO  Test worker     d.u.i.k.p.r.RunAllProofsTestUnit Running test performancePOConstruction 
354        INFO  Timeout watchdog d.u.i.k.p.r.p.ForkedTestFileRunner Timeout watcher launched (2000 secs.) 
373        WARN  main            d.u.i.k.s.ProofSettings   The settings in /home/runner/.key/proof-settings.props are *not* read. 
414        INFO  main            d.u.i.k.p.r.p.TestFile    Now processing file /home/runner/work/key/key/key.core/../key.ui/examples/performance-test/Test(Test__a0(int)).JML_normal_behavior_operation_contract.0.key 
519        INFO  main            d.u.i.k.p.i.AbstractProblemLoader Loading environment from /home/runner/work/key/key/key.core/../key.ui/examples/performance-test/Test(Test__a0(int)).JML_normal_behavior_operation_contract.0.key 
547        DEBUG main            d.u.i.k.p.i.AbstractProblemLoader Environment load took 2.97ms 
778        INFO  main            d.u.i.k.p.i.AbstractProblemLoader Creating init config 
1691       DEBUG main            d.u.i.k.j.TypeConverter   No LDT found for Meta 
1691       DEBUG main            d.u.i.k.j.TypeConverter   No LDT found for Meta 
1692       DEBUG main            d.u.i.k.j.TypeConverter   No LDT found for Meta 
1692       DEBUG main            d.u.i.k.j.TypeConverter   No LDT found for Meta 
3103       DEBUG main            d.u.i.k.j.TypeConverter   No LDT found for JavaBigintExpression 
8871       DEBUG main            d.u.i.k.j.r.ClassPreparationMethodBuilder clPrepBuilder: Inner Class detected. Reject building class initialisation methods. 
17213      DEBUG main            d.u.i.k.p.i.AbstractProblemLoader Init config took 16.44s 
18340      INFO  main            d.u.i.k.p.i.AbstractProblemLoader Replaying proof Test[Test::a0(int)].JML normal_behavior operation contract.0 
18403      DEBUG main            d.u.i.k.p.i.IntermediateProofReplayer Proof replay took 34.9ns 
18734      INFO  main            d.u.i.k.p.r.p.TestFile    ... finished proof: closed. 
18886      INFO  main            d.u.i.k.p.i.AbstractProblemLoader Loading environment from /home/runner/work/key/key/key.core/../key.ui/examples/performance-test/Test(Test__a0(int)).JML_normal_behavior_operation_contract.0.key.proof 
18891      DEBUG main            d.u.i.k.p.i.AbstractProblemLoader Environment load took 4.81ms 
18893      INFO  main            d.u.i.k.p.i.AbstractProblemLoader Creating init config 
22261      DEBUG main            d.u.i.k.j.r.ClassPreparationMethodBuilder clPrepBuilder: Inner Class detected. Reject building class initialisation methods. 
29827      DEBUG main            d.u.i.k.p.i.AbstractProblemLoader Init config took 10.93s 
30757      INFO  main            d.u.i.k.p.i.AbstractProblemLoader Replaying proof Test[Test::a0(int)].JML normal_behavior operation contract.0 
30809      DEBUG main            d.u.i.k.p.i.IntermediateProofReplayer Proof replay took 41.99ms 
30826      DEBUG main            d.u.i.k.p.r.p.TestFile    ... success: reloaded. 
30828      INFO  main            d.u.i.k.p.r.p.TestFile    Now processing file /home/runner/work/key/key/key.core/../key.ui/examples/performance-test/Test(Test__a1(int)).JML_normal_behavior_operation_contract.0.key 
30829      INFO  main            d.u.i.k.p.i.AbstractProblemLoader Loading environment from /home/runner/work/key/key/key.core/../key.ui/examples/performance-test/Test(Test__a1(int)).JML_normal_behavior_operation_contract.0.key 
30829      DEBUG main            d.u.i.k.p.i.AbstractProblemLoader Environment load took 304.3ns 
30831      INFO  main            d.u.i.k.p.i.AbstractProblemLoader Creating init config 
34016      DEBUG main            d.u.i.k.j.r.ClassPreparationMethodBuilder clPrepBuilder: Inner Class detected. Reject building class initialisation methods. 
41316      DEBUG main            d.u.i.k.p.i.AbstractProblemLoader Init config took 10.49s 
42205      INFO  main            d.u.i.k.p.i.AbstractProblemLoader Replaying proof Test[Test::a1(int)].JML normal_behavior operation contract.0 
42207      DEBUG main            d.u.i.k.p.i.IntermediateProofReplayer Proof replay took 6.2ns 
42513      INFO  main            d.u.i.k.p.r.p.TestFile    ... finished proof: closed. 
42757      INFO  main            d.u.i.k.p.i.AbstractProblemLoader Loading environment from /home/runner/work/key/key/key.core/../key.ui/examples/performance-test/Test(Test__a1(int)).JML_normal_behavior_operation_contract.0.key.proof 
42765      DEBUG main            d.u.i.k.p.i.AbstractProblemLoader Environment load took 8.11ms 
42769      INFO  main            d.u.i.k.p.i.AbstractProblemLoader Creating init config 
45892      DEBUG main            d.u.i.k.j.r.ClassPreparationMethodBuilder clPrepBuilder: Inner Class detected. Reject building class initialisation methods. 
53108      DEBUG main            d.u.i.k.p.i.AbstractProblemLoader Init config took 10.34s 
53993      INFO  main            d.u.i.k.p.i.AbstractProblemLoader Replaying proof Test[Test::a1(int)].JML normal_behavior operation contract.0 
54055      DEBUG main            d.u.i.k.p.i.IntermediateProofReplayer Proof replay took 57.36ms 
54056      DEBUG main            d.u.i.k.p.r.p.TestFile    ... success: reloaded. 
54058      INFO  main            d.u.i.k.p.r.p.TestFile    Now processing file /home/runner/work/key/key/key.core/../key.ui/examples/performance-test/Test(Test__f1(int)).JML_normal_behavior_operation_contract.0.key 
54058      INFO  main            d.u.i.k.p.i.AbstractProblemLoader Loading environment from /home/runner/work/key/key/key.core/../key.ui/examples/performance-test/Test(Test__f1(int)).JML_normal_behavior_operation_contract.0.key 
54059      DEBUG main            d.u.i.k.p.i.AbstractProblemLoader Environment load took 257.7ns 
54060      INFO  main            d.u.i.k.p.i.AbstractProblemLoader Creating init config 
57145      DEBUG main            d.u.i.k.j.r.ClassPreparationMethodBuilder clPrepBuilder: Inner Class detected. Reject building class initialisation methods. 
64293      DEBUG main            d.u.i.k.p.i.AbstractProblemLoader Init config took 10.23s 
65209      INFO  main            d.u.i.k.p.i.AbstractProblemLoader Replaying proof Test[Test::f1(int)].JML normal_behavior operation contract.0 
65211      DEBUG main            d.u.i.k.p.i.IntermediateProofReplayer Proof replay took 6.5ns 
65414      INFO  main            d.u.i.k.p.r.p.TestFile    ... finished proof: closed. 
65704      INFO  main            d.u.i.k.p.i.AbstractProblemLoader Loading environment from /home/runner/work/key/key/key.core/../key.ui/examples/performance-test/Test(Test__f1(int)).JML_normal_behavior_operation_contract.0.key.proof 
65705      DEBUG main            d.u.i.k.p.i.AbstractProblemLoader Environment load took 511.81ns 
65706      INFO  main            d.u.i.k.p.i.AbstractProblemLoader Creating init config 
68752      DEBUG main            d.u.i.k.j.r.ClassPreparationMethodBuilder clPrepBuilder: Inner Class detected. Reject building class initialisation methods. 
75875      DEBUG main            d.u.i.k.p.i.AbstractProblemLoader Init config took 10.17s 
76687      INFO  main            d.u.i.k.p.i.AbstractProblemLoader Replaying proof Test[Test::f1(int)].JML normal_behavior operation contract.0 
76754      DEBUG main            d.u.i.k.p.i.IntermediateProofReplayer Proof replay took 60.39ms 
76755      DEBUG main            d.u.i.k.p.r.p.TestFile    ... success: reloaded. 
457805     INFO  Test worker     d.u.i.k.p.r.RunAllProofsTestUnit Returning from test performancePOConstruction 
457806     INFO  Test worker     d.u.i.k.p.r.RunAllProofsTestUnit Running test applicationRestrictions 
344        INFO  Timeout watchdog d.u.i.k.p.r.p.ForkedTestFileRunner Timeout watcher launched (2000 secs.) 
356        WARN  main            d.u.i.k.s.ProofSettings   The settings in /home/runner/.key/proof-settings.props are *not* read. 
397        INFO  main            d.u.i.k.p.r.p.TestFile    Now processing file /home/runner/work/key/key/key.core/../key.ui/examples/heap/polarity_tests/wellformed1.key 
518        INFO  main            d.u.i.k.p.i.AbstractProblemLoader Loading environment from /home/runner/work/key/key/key.core/../key.ui/examples/heap/polarity_tests/wellformed1.key 
538        DEBUG main            d.u.i.k.p.i.AbstractProblemLoader Environment load took 1.82ms 
780        INFO  main            d.u.i.k.p.i.AbstractProblemLoader Creating init config 
1855       DEBUG main            d.u.i.k.j.TypeConverter   No LDT found for Meta 
1856       DEBUG main            d.u.i.k.j.TypeConverter   No LDT found for Meta 
1858       DEBUG main            d.u.i.k.j.TypeConverter   No LDT found for Meta 
1859       DEBUG main            d.u.i.k.j.TypeConverter   No LDT found for Meta 
3517       DEBUG main            d.u.i.k.j.TypeConverter   No LDT found for JavaBigintExpression 
8336       DEBUG main            d.u.i.k.p.i.AbstractProblemLoader Init config took 7.56s 
8394       INFO  main            d.u.i.k.p.i.AbstractProblemLoader Replaying proof wellformed1.key 
8426       DEBUG main            d.u.i.k.p.i.IntermediateProofReplayer Proof replay took 33.2ns 
8596       INFO  main            d.u.i.k.p.r.p.TestFile    ... finished proof: closed. 
8693       INFO  main            d.u.i.k.p.i.AbstractProblemLoader Loading environment from /home/runner/work/key/key/key.core/../key.ui/examples/heap/polarity_tests/wellformed1.key.proof 
8694       DEBUG main            d.u.i.k.p.i.AbstractProblemLoader Environment load took 155.1ns 
8698       INFO  main            d.u.i.k.p.i.AbstractProblemLoader Creating init config 
11431      DEBUG main            d.u.i.k.p.i.AbstractProblemLoader Init config took 2.73s 
11471      INFO  main            d.u.i.k.p.i.AbstractProblemLoader Replaying proof wellformed1.key.proof 
11482      DEBUG main            d.u.i.k.p.i.IntermediateProofReplayer Proof replay took 3.19ms 
11494      DEBUG main            d.u.i.k.p.r.p.TestFile    ... success: reloaded. 
11500      INFO  main            d.u.i.k.p.r.p.TestFile    Now processing file /home/runner/work/key/key/key.core/../key.ui/examples/heap/polarity_tests/wellformed2.key 
11500      INFO  main            d.u.i.k.p.i.AbstractProblemLoader Loading environment from /home/runner/work/key/key/key.core/../key.ui/examples/heap/polarity_tests/wellformed2.key 
11501      DEBUG main            d.u.i.k.p.i.AbstractProblemLoader Environment load took 136.8ns 
11511      INFO  main            d.u.i.k.p.i.AbstractProblemLoader Creating init config 
14132      DEBUG main            d.u.i.k.p.i.AbstractProblemLoader Init config took 2.62s 
14160      INFO  main            d.u.i.k.p.i.AbstractProblemLoader Replaying proof wellformed2.key 
14162      DEBUG main            d.u.i.k.p.i.IntermediateProofReplayer Proof replay took 6.2ns 
14267      INFO  main            d.u.i.k.p.r.p.TestFile    ... finished proof: open goal(s) 
14391      INFO  main            d.u.i.k.p.r.p.TestFile    Now processing file /home/runner/work/key/key/key.core/../key.ui/examples/heap/polarity_tests/wellformed3.key 
14391      INFO  main            d.u.i.k.p.i.AbstractProblemLoader Loading environment from /home/runner/work/key/key/key.core/../key.ui/examples/heap/polarity_tests/wellformed3.key 
14391      DEBUG main            d.u.i.k.p.i.AbstractProblemLoader Environment load took 86.1ns 
14392      INFO  main            d.u.i.k.p.i.AbstractProblemLoader Creating init config 
16917      DEBUG main            d.u.i.k.p.i.AbstractProblemLoader Init config took 2.52s 
16941      INFO  main            d.u.i.k.p.i.AbstractProblemLoader Replaying proof wellformed3.key 
16943      DEBUG main            d.u.i.k.p.i.IntermediateProofReplayer Proof replay took 6.1ns 
17046      INFO  main            d.u.i.k.p.r.p.TestFile    ... finished proof: closed. 
17191      INFO  main            d.u.i.k.p.i.AbstractProblemLoader Loading environment from /home/runner/work/key/key/key.core/../key.ui/examples/heap/polarity_tests/wellformed3.key.proof 
17192      DEBUG main            d.u.i.k.p.i.AbstractProblemLoader Environment load took 132.9ns 
17193      INFO  main            d.u.i.k.p.i.AbstractProblemLoader Creating init config 
19645      DEBUG main            d.u.i.k.p.i.AbstractProblemLoader Init config took 2.45s 
19677      INFO  main            d.u.i.k.p.i.AbstractProblemLoader Replaying proof wellformed3.key.proof 
19681      DEBUG main            d.u.i.k.p.i.IntermediateProofReplayer Proof replay took 1.74ms 
19682      DEBUG main            d.u.i.k.p.r.p.TestFile    ... success: reloaded. 
19683      INFO  main            d.u.i.k.p.r.p.TestFile    Now processing file /home/runner/work/key/key/key.core/../key.ui/examples/heap/polarity_tests/wellformed4.key 
19683      INFO  main            d.u.i.k.p.i.AbstractProblemLoader Loading environment from /home/runner/work/key/key/key.core/../key.ui/examples/heap/polarity_tests/wellformed4.key 
19684      DEBUG main            d.u.i.k.p.i.AbstractProblemLoader Environment load took 607.01ns 
19686      INFO  main            d.u.i.k.p.i.AbstractProblemLoader Creating init config 
22162      DEBUG main            d.u.i.k.p.i.AbstractProblemLoader Init config took 2.48s 
22182      INFO  main            d.u.i.k.p.i.AbstractProblemLoader Replaying proof wellformed4.key 
22184      DEBUG main            d.u.i.k.p.i.IntermediateProofReplayer Proof replay took 6.1ns 
22287      INFO  main            d.u.i.k.p.r.p.TestFile    ... finished proof: open goal(s) 
22418      INFO  main            d.u.i.k.p.r.p.TestFile    Now processing file /home/runner/work/key/key/key.core/../key.ui/examples/heap/polarity_tests/wellformed5.key 
22419      INFO  main            d.u.i.k.p.i.AbstractProblemLoader Loading environment from /home/runner/work/key/key/key.core/../key.ui/examples/heap/polarity_tests/wellformed5.key 
22419      DEBUG main            d.u.i.k.p.i.AbstractProblemLoader Environment load took 76.3ns 
22420      INFO  main            d.u.i.k.p.i.AbstractProblemLoader Creating init config 
24902      DEBUG main            d.u.i.k.p.i.AbstractProblemLoader Init config took 2.48s 
24926      INFO  main            d.u.i.k.p.i.AbstractProblemLoader Replaying proof wellformed5.key 
24929      DEBUG main            d.u.i.k.p.i.IntermediateProofReplayer Proof replay took 6.6ns 
25035      INFO  main            d.u.i.k.p.r.p.TestFile    ... finished proof: closed. 
25154      INFO  main            d.u.i.k.p.i.AbstractProblemLoader Loading environment from /home/runner/work/key/key/key.core/../key.ui/examples/heap/polarity_tests/wellformed5.key.proof 
25154      DEBUG main            d.u.i.k.p.i.AbstractProblemLoader Environment load took 125.5ns 
25155      INFO  main            d.u.i.k.p.i.AbstractProblemLoader Creating init config 
27585      DEBUG main            d.u.i.k.p.i.AbstractProblemLoader Init config took 2.43s 
27604      INFO  main            d.u.i.k.p.i.AbstractProblemLoader Replaying proof wellformed5.key.proof 
27607      DEBUG main            d.u.i.k.p.i.IntermediateProofReplayer Proof replay took 905.91ns 
27609      DEBUG main            d.u.i.k.p.r.p.TestFile    ... success: reloaded. 
27610      INFO  main            d.u.i.k.p.r.p.TestFile    Now processing file /home/runner/work/key/key/key.core/../key.ui/examples/heap/polarity_tests/wellformed6.key 
27610      INFO  main            d.u.i.k.p.i.AbstractProblemLoader Loading environment from /home/runner/work/key/key/key.core/../key.ui/examples/heap/polarity_tests/wellformed6.key 
27610      DEBUG main            d.u.i.k.p.i.AbstractProblemLoader Environment load took 233.6ns 
27613      INFO  main            d.u.i.k.p.i.AbstractProblemLoader Creating init config 
30036      DEBUG main            d.u.i.k.p.i.AbstractProblemLoader Init config took 2.42s 
30056      INFO  main            d.u.i.k.p.i.AbstractProblemLoader Replaying proof wellformed6.key 
30057      DEBUG main            d.u.i.k.p.i.IntermediateProofReplayer Proof replay took 6.7ns 
30160      INFO  main            d.u.i.k.p.r.p.TestFile    ... finished proof: open goal(s) 
30301      INFO  main            d.u.i.k.p.r.p.TestFile    Now processing file /home/runner/work/key/key/key.core/../key.ui/examples/heap/polarity_tests/wellformed7.key 
30301      INFO  main            d.u.i.k.p.i.AbstractProblemLoader Loading environment from /home/runner/work/key/key/key.core/../key.ui/examples/heap/polarity_tests/wellformed7.key 
30301      DEBUG main            d.u.i.k.p.i.AbstractProblemLoader Environment load took 74.6ns 
30303      INFO  main            d.u.i.k.p.i.AbstractProblemLoader Creating init config 
32708      DEBUG main            d.u.i.k.p.i.AbstractProblemLoader Init config took 2.41s 
32728      INFO  main            d.u.i.k.p.i.AbstractProblemLoader Replaying proof wellformed7.key 
32731      DEBUG main            d.u.i.k.p.i.IntermediateProofReplayer Proof replay took 7.8ns 
32835      INFO  main            d.u.i.k.p.r.p.TestFile    ... finished proof: closed. 
32964      INFO  main            d.u.i.k.p.i.AbstractProblemLoader Loading environment from /home/runner/work/key/key/key.core/../key.ui/examples/heap/polarity_tests/wellformed7.key.proof 
32964      DEBUG main            d.u.i.k.p.i.AbstractProblemLoader Environment load took 114ns 
32965      INFO  main            d.u.i.k.p.i.AbstractProblemLoader Creating init config 
35353      DEBUG main            d.u.i.k.p.i.AbstractProblemLoader Init config took 2.39s 
35372      INFO  main            d.u.i.k.p.i.AbstractProblemLoader Replaying proof wellformed7.key.proof 
35375      DEBUG main            d.u.i.k.p.i.IntermediateProofReplayer Proof replay took 1.35ms 
35376      DEBUG main            d.u.i.k.p.r.p.TestFile    ... success: reloaded. 
35377      INFO  main            d.u.i.k.p.r.p.TestFile    Now processing file /home/runner/work/key/key/key.core/../key.ui/examples/heap/polarity_tests/wellformed8.key 
35377      INFO  main            d.u.i.k.p.i.AbstractProblemLoader Loading environment from /home/runner/work/key/key/key.core/../key.ui/examples/heap/polarity_tests/wellformed8.key 
35377      DEBUG main            d.u.i.k.p.i.AbstractProblemLoader Environment load took 81.8ns 
35378      INFO  main            d.u.i.k.p.i.AbstractProblemLoader Creating init config 
37821      DEBUG main            d.u.i.k.p.i.AbstractProblemLoader Init config took 2.44s 
37839      INFO  main            d.u.i.k.p.i.AbstractProblemLoader Replaying proof wellformed8.key 
37840      DEBUG main            d.u.i.k.p.i.IntermediateProofReplayer Proof replay took 7.2ns 
37947      INFO  main            d.u.i.k.p.r.p.TestFile    ... finished proof: open goal(s) 
38097      INFO  main            d.u.i.k.p.r.p.TestFile    Now processing file /home/runner/work/key/key/key.core/../key.ui/examples/heap/polarity_tests/wellformed9.key 
38098      INFO  main            d.u.i.k.p.i.AbstractProblemLoader Loading environment from /home/runner/work/key/key/key.core/../key.ui/examples/heap/polarity_tests/wellformed9.key 
38098      DEBUG main            d.u.i.k.p.i.AbstractProblemLoader Environment load took 106.6ns 
38099      INFO  main            d.u.i.k.p.i.AbstractProblemLoader Creating init config 
40486      DEBUG main            d.u.i.k.p.i.AbstractProblemLoader Init config took 2.39s 
40504      INFO  main            d.u.i.k.p.i.AbstractProblemLoader Replaying proof wellformed9.key 
40506      DEBUG main            d.u.i.k.p.i.IntermediateProofReplayer Proof replay took 7.2ns 
40609      INFO  main            d.u.i.k.p.r.p.TestFile    ... finished proof: closed. 
40794      INFO  main            d.u.i.k.p.i.AbstractProblemLoader Loading environment from /home/runner/work/key/key/key.core/../key.ui/examples/heap/polarity_tests/wellformed9.key.proof 
40794      DEBUG main            d.u.i.k.p.i.AbstractProblemLoader Environment load took 124ns 
40796      INFO  main            d.u.i.k.p.i.AbstractProblemLoader Creating init config 
43189      DEBUG main            d.u.i.k.p.i.AbstractProblemLoader Init config took 2.39s 
43205      INFO  main            d.u.i.k.p.i.AbstractProblemLoader Replaying proof wellformed9.key.proof 
43208      DEBUG main            d.u.i.k.p.i.IntermediateProofReplayer Proof replay took 1.23ms 
43209      DEBUG main            d.u.i.k.p.r.p.TestFile    ... success: reloaded. 
43210      INFO  main            d.u.i.k.p.r.p.TestFile    Now processing file /home/runner/work/key/key/key.core/../key.ui/examples/heap/polarity_tests/wellformed10.key 
43210      INFO  main            d.u.i.k.p.i.AbstractProblemLoader Loading environment from /home/runner/work/key/key/key.core/../key.ui/examples/heap/polarity_tests/wellformed10.key 
43210      DEBUG main            d.u.i.k.p.i.AbstractProblemLoader Environment load took 111ns 
43211      INFO  main            d.u.i.k.p.i.AbstractProblemLoader Creating init config 
45658      DEBUG main            d.u.i.k.p.i.AbstractProblemLoader Init config took 2.45s 
45674      INFO  main            d.u.i.k.p.i.AbstractProblemLoader Replaying proof wellformed10.key 
45675      DEBUG main            d.u.i.k.p.i.IntermediateProofReplayer Proof replay took 6.6ns 
45782      INFO  main            d.u.i.k.p.r.p.TestFile    ... finished proof: open goal(s) 
45938      INFO  main            d.u.i.k.p.r.p.TestFile    Now processing file /home/runner/work/key/key/key.core/../key.ui/examples/heap/polarity_tests/wellformed11.key 
45939      INFO  main            d.u.i.k.p.i.AbstractProblemLoader Loading environment from /home/runner/work/key/key/key.core/../key.ui/examples/heap/polarity_tests/wellformed11.key 
45939      DEBUG main            d.u.i.k.p.i.AbstractProblemLoader Environment load took 79.2ns 
45940      INFO  main            d.u.i.k.p.i.AbstractProblemLoader Creating init config 
48299      DEBUG main            d.u.i.k.p.i.AbstractProblemLoader Init config took 2.36s 
48315      INFO  main            d.u.i.k.p.i.AbstractProblemLoader Replaying proof wellformed11.key 
48316      DEBUG main            d.u.i.k.p.i.IntermediateProofReplayer Proof replay took 6.1ns 
48423      INFO  main            d.u.i.k.p.r.p.TestFile    ... finished proof: open goal(s) 
506526     INFO  Test worker     d.u.i.k.p.r.RunAllProofsTestUnit Returning from test applicationRestrictions 
506527     INFO  Test worker     d.u.i.k.p.r.RunAllProofsTestUnit Running test blockContracts 
374        INFO  Timeout watchdog d.u.i.k.p.r.p.ForkedTestFileRunner Timeout watcher launched (2000 secs.) 
382        WARN  main            d.u.i.k.s.ProofSettings   The settings in /home/runner/.key/proof-settings.props are *not* read. 
407        INFO  main            d.u.i.k.p.r.p.TestFile    Now processing file /home/runner/work/key/key/key.core/../key.ui/examples/heap/block_contracts/Simple__add.key 
518        INFO  main            d.u.i.k.p.i.AbstractProblemLoader Loading environment from /home/runner/work/key/key/key.core/../key.ui/examples/heap/block_contracts/Simple__add.key 
544        DEBUG main            d.u.i.k.p.i.AbstractProblemLoader Environment load took 1.81ms 
791        INFO  main            d.u.i.k.p.i.AbstractProblemLoader Creating init config 
1635       DEBUG main            d.u.i.k.j.TypeConverter   No LDT found for Meta 
1635       DEBUG main            d.u.i.k.j.TypeConverter   No LDT found for Meta 
1638       DEBUG main            d.u.i.k.j.TypeConverter   No LDT found for Meta 
1638       DEBUG main            d.u.i.k.j.TypeConverter   No LDT found for Meta 
2811       DEBUG main            d.u.i.k.j.TypeConverter   No LDT found for JavaBigintExpression 
8725       DEBUG main            d.u.i.k.p.i.AbstractProblemLoader Init config took 7.93s 
8903       INFO  main            d.u.i.k.p.i.AbstractProblemLoader Replaying proof Simple[Simple::add(int,int)].JML operation contract.0 
9022       DEBUG main            d.u.i.k.p.i.IntermediateProofReplayer Proof replay took 321ns 
9664       INFO  main            d.u.i.k.p.r.p.TestFile    ... finished proof: closed. 
9776       INFO  main            d.u.i.k.p.i.AbstractProblemLoader Loading environment from /home/runner/work/key/key/key.core/../key.ui/examples/heap/block_contracts/Simple__add.key.proof 
9777       DEBUG main            d.u.i.k.p.i.AbstractProblemLoader Environment load took 146.8ns 
9781       INFO  main            d.u.i.k.p.i.AbstractProblemLoader Creating init config 
13152      DEBUG main            d.u.i.k.p.i.AbstractProblemLoader Init config took 3.37s 
13233      INFO  main            d.u.i.k.p.i.AbstractProblemLoader Replaying proof Simple[Simple::add(int,int)].JML operation contract.0 
13293      DEBUG main            d.u.i.k.p.i.IntermediateProofReplayer Proof replay took 55.34ms 
13300      DEBUG main            d.u.i.k.p.r.p.TestFile    ... success: reloaded. 
13302      INFO  main            d.u.i.k.p.r.p.TestFile    Now processing file /home/runner/work/key/key/key.core/../key.ui/examples/heap/block_contracts/Simple__addAbsoluteValues.key 
13302      INFO  main            d.u.i.k.p.i.AbstractProblemLoader Loading environment from /home/runner/work/key/key/key.core/../key.ui/examples/heap/block_contracts/Simple__addAbsoluteValues.key 
13302      DEBUG main            d.u.i.k.p.i.AbstractProblemLoader Environment load took 279ns 
13304      INFO  main            d.u.i.k.p.i.AbstractProblemLoader Creating init config 
16662      DEBUG main            d.u.i.k.p.i.AbstractProblemLoader Init config took 3.36s 
16726      INFO  main            d.u.i.k.p.i.AbstractProblemLoader Replaying proof Simple[Simple::addAbsoluteValues(int,int)].JML normal_behavior operation contract.0 
16728      DEBUG main            d.u.i.k.p.i.IntermediateProofReplayer Proof replay took 14.2ns 
17738      INFO  main            d.u.i.k.p.r.p.TestFile    ... finished proof: closed. 
17926      INFO  main            d.u.i.k.p.i.AbstractProblemLoader Loading environment from /home/runner/work/key/key/key.core/../key.ui/examples/heap/block_contracts/Simple__addAbsoluteValues.key.proof 
17927      DEBUG main            d.u.i.k.p.i.AbstractProblemLoader Environment load took 523.71ns 
17929      INFO  main            d.u.i.k.p.i.AbstractProblemLoader Creating init config 
21154      DEBUG main            d.u.i.k.p.i.AbstractProblemLoader Init config took 3.23s 
21219      INFO  main            d.u.i.k.p.i.AbstractProblemLoader Replaying proof Simple[Simple::addAbsoluteValues(int,int)].JML normal_behavior operation contract.0 
21395      DEBUG main            d.u.i.k.p.i.IntermediateProofReplayer Proof replay took 148.14ms 
21397      DEBUG main            d.u.i.k.p.r.p.TestFile    ... success: reloaded. 
21399      INFO  main            d.u.i.k.p.r.p.TestFile    Now processing file /home/runner/work/key/key/key.core/../key.ui/examples/heap/block_contracts/Simple__addWithJump.key 
21399      INFO  main            d.u.i.k.p.i.AbstractProblemLoader Loading environment from /home/runner/work/key/key/key.core/../key.ui/examples/heap/block_contracts/Simple__addWithJump.key 
21399      DEBUG main            d.u.i.k.p.i.AbstractProblemLoader Environment load took 250.3ns 
21401      INFO  main            d.u.i.k.p.i.AbstractProblemLoader Creating init config 
24664      DEBUG main            d.u.i.k.p.i.AbstractProblemLoader Init config took 3.26s 
24712      INFO  main            d.u.i.k.p.i.AbstractProblemLoader Replaying proof Simple[Simple::addWithJump(int,int,int)].JML operation contract.0 
24715      DEBUG main            d.u.i.k.p.i.IntermediateProofReplayer Proof replay took 21.1ns 
24920      INFO  main            d.u.i.k.p.r.p.TestFile    ... finished proof: closed. 
25095      INFO  main            d.u.i.k.p.i.AbstractProblemLoader Loading environment from /home/runner/work/key/key/key.core/../key.ui/examples/heap/block_contracts/Simple__addWithJump.key.proof 
25095      DEBUG main            d.u.i.k.p.i.AbstractProblemLoader Environment load took 123.2ns 
25096      INFO  main            d.u.i.k.p.i.AbstractProblemLoader Creating init config 
28230      DEBUG main            d.u.i.k.p.i.AbstractProblemLoader Init config took 3.13s 
28287      INFO  main            d.u.i.k.p.i.AbstractProblemLoader Replaying proof Simple[Simple::addWithJump(int,int,int)].JML operation contract.0 
28332      DEBUG main            d.u.i.k.p.i.IntermediateProofReplayer Proof replay took 40.58ms 
28334      DEBUG main            d.u.i.k.p.r.p.TestFile    ... success: reloaded. 
28336      INFO  main            d.u.i.k.p.r.p.TestFile    Now processing file /home/runner/work/key/key/key.core/../key.ui/examples/heap/block_contracts/Simple__addWithTwoBlockContracts.key 
28336      INFO  main            d.u.i.k.p.i.AbstractProblemLoader Loading environment from /home/runner/work/key/key/key.core/../key.ui/examples/heap/block_contracts/Simple__addWithTwoBlockContracts.key 
28336      DEBUG main            d.u.i.k.p.i.AbstractProblemLoader Environment load took 240ns 
28341      INFO  main            d.u.i.k.p.i.AbstractProblemLoader Creating init config 
31540      DEBUG main            d.u.i.k.p.i.AbstractProblemLoader Init config took 3.2s 
31583      INFO  main            d.u.i.k.p.i.AbstractProblemLoader Replaying proof Simple[Simple::addWithTwoBlockContracts(int,int,int)].JML operation contract.0 
31586      DEBUG main            d.u.i.k.p.i.IntermediateProofReplayer Proof replay took 10.9ns 
31889      INFO  main            d.u.i.k.p.r.p.TestFile    ... finished proof: closed. 
32072      INFO  main            d.u.i.k.p.i.AbstractProblemLoader Loading environment from /home/runner/work/key/key/key.core/../key.ui/examples/heap/block_contracts/Simple__addWithTwoBlockContracts.key.proof 
32072      DEBUG main            d.u.i.k.p.i.AbstractProblemLoader Environment load took 132ns 
32074      INFO  main            d.u.i.k.p.i.AbstractProblemLoader Creating init config 
35258      DEBUG main            d.u.i.k.p.i.AbstractProblemLoader Init config took 3.18s 
35312      INFO  main            d.u.i.k.p.i.AbstractProblemLoader Replaying proof Simple[Simple::addWithTwoBlockContracts(int,int,int)].JML operation contract.0 
35365      DEBUG main            d.u.i.k.p.i.IntermediateProofReplayer Proof replay took 48.79ms 
35366      DEBUG main            d.u.i.k.p.r.p.TestFile    ... success: reloaded. 
35368      INFO  main            d.u.i.k.p.r.p.TestFile    Now processing file /home/runner/work/key/key/key.core/../key.ui/examples/heap/block_contracts/Simple__generateByteArray.key 
35368      INFO  main            d.u.i.k.p.i.AbstractProblemLoader Loading environment from /home/runner/work/key/key/key.core/../key.ui/examples/heap/block_contracts/Simple__generateByteArray.key 
35368      DEBUG main            d.u.i.k.p.i.AbstractProblemLoader Environment load took 124.2ns 
35369      INFO  main            d.u.i.k.p.i.AbstractProblemLoader Creating init config 
38564      DEBUG main            d.u.i.k.p.i.AbstractProblemLoader Init config took 3.19s 
38607      INFO  main            d.u.i.k.p.i.AbstractProblemLoader Replaying proof Simple[Simple::generateByteArray()].JML normal_behavior operation contract.0 
38610      DEBUG main            d.u.i.k.p.i.IntermediateProofReplayer Proof replay took 10.9ns 
40425      INFO  main            d.u.i.k.p.r.p.TestFile    ... finished proof: closed. 
40676      INFO  main            d.u.i.k.p.i.AbstractProblemLoader Loading environment from /home/runner/work/key/key/key.core/../key.ui/examples/heap/block_contracts/Simple__generateByteArray.key.proof 
40678      DEBUG main            d.u.i.k.p.i.AbstractProblemLoader Environment load took 1.18ms 
40679      INFO  main            d.u.i.k.p.i.AbstractProblemLoader Creating init config 
43790      DEBUG main            d.u.i.k.p.i.AbstractProblemLoader Init config took 3.11s 
43839      INFO  main            d.u.i.k.p.i.AbstractProblemLoader Replaying proof Simple[Simple::generateByteArray()].JML normal_behavior operation contract.0 
44092      DEBUG main            d.u.i.k.p.i.IntermediateProofReplayer Proof replay took 239.3ms 
44095      DEBUG main            d.u.i.k.p.r.p.TestFile    ... success: reloaded. 
44096      INFO  main            d.u.i.k.p.r.p.TestFile    Now processing file /home/runner/work/key/key/key.core/../key.ui/examples/heap/block_contracts/Simple__getLength.key 
44097      INFO  main            d.u.i.k.p.i.AbstractProblemLoader Loading environment from /home/runner/work/key/key/key.core/../key.ui/examples/heap/block_contracts/Simple__getLength.key 
44098      DEBUG main            d.u.i.k.p.i.AbstractProblemLoader Environment load took 809.91ns 
44099      INFO  main            d.u.i.k.p.i.AbstractProblemLoader Creating init config 
47289      DEBUG main            d.u.i.k.p.i.AbstractProblemLoader Init config took 3.19s 
47330      INFO  main            d.u.i.k.p.i.AbstractProblemLoader Replaying proof Simple[Simple::getLength()].JML normal_behavior operation contract.0 
47332      DEBUG main            d.u.i.k.p.i.IntermediateProofReplayer Proof replay took 11.4ns 
47438      INFO  main            d.u.i.k.p.r.p.TestFile    ... finished proof: closed. 
47645      INFO  main            d.u.i.k.p.i.AbstractProblemLoader Loading environment from /home/runner/work/key/key/key.core/../key.ui/examples/heap/block_contracts/Simple__getLength.key.proof 
47645      DEBUG main            d.u.i.k.p.i.AbstractProblemLoader Environment load took 140.3ns 
47646      INFO  main            d.u.i.k.p.i.AbstractProblemLoader Creating init config 
50771      DEBUG main            d.u.i.k.p.i.AbstractProblemLoader Init config took 3.12s 
50812      INFO  main            d.u.i.k.p.i.AbstractProblemLoader Replaying proof Simple[Simple::getLength()].JML normal_behavior operation contract.0 
50844      DEBUG main            d.u.i.k.p.i.IntermediateProofReplayer Proof replay took 30.56ms 
50845      DEBUG main            d.u.i.k.p.r.p.TestFile    ... success: reloaded. 
50846      INFO  main            d.u.i.k.p.r.p.TestFile    Now processing file /home/runner/work/key/key/key.core/../key.ui/examples/heap/block_contracts/Simple__square.key 
50846      INFO  main            d.u.i.k.p.i.AbstractProblemLoader Loading environment from /home/runner/work/key/key/key.core/../key.ui/examples/heap/block_contracts/Simple__square.key 
50846      DEBUG main            d.u.i.k.p.i.AbstractProblemLoader Environment load took 81.5ns 
50847      INFO  main            d.u.i.k.p.i.AbstractProblemLoader Creating init config 
53947      DEBUG main            d.u.i.k.p.i.AbstractProblemLoader Init config took 3.1s 
54009      INFO  main            d.u.i.k.p.i.AbstractProblemLoader Replaying proof Simple[Simple::square(int)].JML operation contract.0 
54011      DEBUG main            d.u.i.k.p.i.IntermediateProofReplayer Proof replay took 12.2ns 
54416      INFO  main            d.u.i.k.p.r.p.TestFile    ... finished proof: closed. 
54589      INFO  main            d.u.i.k.p.i.AbstractProblemLoader Loading environment from /home/runner/work/key/key/key.core/../key.ui/examples/heap/block_contracts/Simple__square.key.proof 
54589      DEBUG main            d.u.i.k.p.i.AbstractProblemLoader Environment load took 129.8ns 
54590      INFO  main            d.u.i.k.p.i.AbstractProblemLoader Creating init config 
57685      DEBUG main            d.u.i.k.p.i.AbstractProblemLoader Init config took 3.1s 
57746      INFO  main            d.u.i.k.p.i.AbstractProblemLoader Replaying proof Simple[Simple::square(int)].JML operation contract.0 
57830      DEBUG main            d.u.i.k.p.i.IntermediateProofReplayer Proof replay took 80.67ms 
57831      DEBUG main            d.u.i.k.p.r.p.TestFile    ... success: reloaded. 
57832      INFO  main            d.u.i.k.p.r.p.TestFile    Now processing file /home/runner/work/key/key/key.core/../key.ui/examples/heap/block_contracts/Simple__unnecessaryBlockContract.key 
57832      INFO  main            d.u.i.k.p.i.AbstractProblemLoader Loading environment from /home/runner/work/key/key/key.core/../key.ui/examples/heap/block_contracts/Simple__unnecessaryBlockContract.key 
57832      DEBUG main            d.u.i.k.p.i.AbstractProblemLoader Environment load took 108.1ns 
57833      INFO  main            d.u.i.k.p.i.AbstractProblemLoader Creating init config 
60974      DEBUG main            d.u.i.k.p.i.AbstractProblemLoader Init config took 3.14s 
61013      INFO  main            d.u.i.k.p.i.AbstractProblemLoader Replaying proof Simple[Simple::unnecessaryBlockContract()].JML operation contract.0 
61015      DEBUG main            d.u.i.k.p.i.IntermediateProofReplayer Proof replay took 13.2ns 
61120      INFO  main            d.u.i.k.p.r.p.TestFile    ... finished proof: closed. 
61330      INFO  main            d.u.i.k.p.i.AbstractProblemLoader Loading environment from /home/runner/work/key/key/key.core/../key.ui/examples/heap/block_contracts/Simple__unnecessaryBlockContract.key.proof 
61330      DEBUG main            d.u.i.k.p.i.AbstractProblemLoader Environment load took 128.7ns 
61331      INFO  main            d.u.i.k.p.i.AbstractProblemLoader Creating init config 
64383      DEBUG main            d.u.i.k.p.i.AbstractProblemLoader Init config took 3.05s 
64421      INFO  main            d.u.i.k.p.i.AbstractProblemLoader Replaying proof Simple[Simple::unnecessaryBlockContract()].JML operation contract.0 
64440      DEBUG main            d.u.i.k.p.i.IntermediateProofReplayer Proof replay took 16.92ms 
64441      DEBUG main            d.u.i.k.p.r.p.TestFile    ... success: reloaded. 
64442      INFO  main            d.u.i.k.p.r.p.TestFile    Now processing file /home/runner/work/key/key/key.core/../key.ui/examples/heap/block_contracts/Simple__unnecessaryLoopInvariant.key 
64443      INFO  main            d.u.i.k.p.i.AbstractProblemLoader Loading environment from /home/runner/work/key/key/key.core/../key.ui/examples/heap/block_contracts/Simple__unnecessaryLoopInvariant.key 
64443      DEBUG main            d.u.i.k.p.i.AbstractProblemLoader Environment load took 244.6ns 
64444      INFO  main            d.u.i.k.p.i.AbstractProblemLoader Creating init config 
67567      DEBUG main            d.u.i.k.p.i.AbstractProblemLoader Init config took 3.12s 
67605      INFO  main            d.u.i.k.p.i.AbstractProblemLoader Replaying proof Simple[Simple::unnecessaryLoopInvariant()].JML operation contract.0 
67606      DEBUG main            d.u.i.k.p.i.IntermediateProofReplayer Proof replay took 11ns 
67712      INFO  main            d.u.i.k.p.r.p.TestFile    ... finished proof: closed. 
67897      INFO  main            d.u.i.k.p.i.AbstractProblemLoader Loading environment from /home/runner/work/key/key/key.core/../key.ui/examples/heap/block_contracts/Simple__unnecessaryLoopInvariant.key.proof 
67897      DEBUG main            d.u.i.k.p.i.AbstractProblemLoader Environment load took 132.5ns 
67899      INFO  main            d.u.i.k.p.i.AbstractProblemLoader Creating init config 
70962      DEBUG main            d.u.i.k.p.i.AbstractProblemLoader Init config took 3.06s 
70999      INFO  main            d.u.i.k.p.i.AbstractProblemLoader Replaying proof Simple[Simple::unnecessaryLoopInvariant()].JML operation contract.0 
71019      DEBUG main            d.u.i.k.p.i.IntermediateProofReplayer Proof replay took 13.26ms 
71020      DEBUG main            d.u.i.k.p.r.p.TestFile    ... success: reloaded. 
71022      INFO  main            d.u.i.k.p.r.p.TestFile    Now processing file /home/runner/work/key/key/key.core/../key.ui/examples/standard_key/java_dl/jml-assert/assert.key 
71022      INFO  main            d.u.i.k.p.i.AbstractProblemLoader Loading environment from /home/runner/work/key/key/key.core/../key.ui/examples/standard_key/java_dl/jml-assert/assert.key 
71023      DEBUG main            d.u.i.k.p.i.AbstractProblemLoader Environment load took 669.71ns 
71024      INFO  main            d.u.i.k.p.i.AbstractProblemLoader Creating init config 
73784      DEBUG main            d.u.i.k.p.i.AbstractProblemLoader Init config took 2.76s 
73823      INFO  main            d.u.i.k.p.i.AbstractProblemLoader Replaying proof Assert[Assert::createArray(int)].JML normal_behavior operation contract.0 
73825      DEBUG main            d.u.i.k.p.i.IntermediateProofReplayer Proof replay took 6.6ns 
74028      INFO  main            d.u.i.k.p.r.p.TestFile    ... finished proof: closed. 
74292      INFO  main            d.u.i.k.p.i.AbstractProblemLoader Loading environment from /home/runner/work/key/key/key.core/../key.ui/examples/standard_key/java_dl/jml-assert/assert.key.proof 
74292      DEBUG main            d.u.i.k.p.i.AbstractProblemLoader Environment load took 130.5ns 
74293      INFO  main            d.u.i.k.p.i.AbstractProblemLoader Creating init config 
76980      DEBUG main            d.u.i.k.p.i.AbstractProblemLoader Init config took 2.69s 
77016      INFO  main            d.u.i.k.p.i.AbstractProblemLoader Replaying proof Assert[Assert::createArray(int)].JML normal_behavior operation contract.0 
77069      DEBUG main            d.u.i.k.p.i.IntermediateProofReplayer Proof replay took 50.47ms 
77071      DEBUG main            d.u.i.k.p.r.p.TestFile    ... success: reloaded. 
77072      INFO  main            d.u.i.k.p.r.p.TestFile    Now processing file /home/runner/work/key/key/key.core/../key.ui/examples/standard_key/java_dl/jml-assert/assert_assume_order.key 
77072      INFO  main            d.u.i.k.p.i.AbstractProblemLoader Loading environment from /home/runner/work/key/key/key.core/../key.ui/examples/standard_key/java_dl/jml-assert/assert_assume_order.key 
77073      DEBUG main            d.u.i.k.p.i.AbstractProblemLoader Environment load took 244.2ns 
77074      INFO  main            d.u.i.k.p.i.AbstractProblemLoader Creating init config 
79849      DEBUG main            d.u.i.k.p.i.AbstractProblemLoader Init config took 2.78s 
79885      INFO  main            d.u.i.k.p.i.AbstractProblemLoader Replaying proof AssertAssume[AssertAssume::singleAssumeAssert(int)].JML normal_behavior operation contract.0 
79887      DEBUG main            d.u.i.k.p.i.IntermediateProofReplayer Proof replay took 6.2ns 
79991      INFO  main            d.u.i.k.p.r.p.TestFile    ... finished proof: closed. 
80184      INFO  main            d.u.i.k.p.i.AbstractProblemLoader Loading environment from /home/runner/work/key/key/key.core/../key.ui/examples/standard_key/java_dl/jml-assert/assert_assume_order.key.proof 
80184      DEBUG main            d.u.i.k.p.i.AbstractProblemLoader Environment load took 124.3ns 
80186      INFO  main            d.u.i.k.p.i.AbstractProblemLoader Creating init config 
82887      DEBUG main            d.u.i.k.p.i.AbstractProblemLoader Init config took 2.7s 
82925      INFO  main            d.u.i.k.p.i.AbstractProblemLoader Replaying proof AssertAssume[AssertAssume::singleAssumeAssert(int)].JML normal_behavior operation contract.0 
82935      DEBUG main            d.u.i.k.p.i.IntermediateProofReplayer Proof replay took 7.23ms 
82936      DEBUG main            d.u.i.k.p.r.p.TestFile    ... success: reloaded. 
82937      INFO  main            d.u.i.k.p.r.p.TestFile    Now processing file /home/runner/work/key/key/key.core/../key.ui/examples/heap/block_loop_contracts/SimpleVariants/sum_onBlock_external.key 
82938      INFO  main            d.u.i.k.p.i.AbstractProblemLoader Loading environment from /home/runner/work/key/key/key.core/../key.ui/examples/heap/block_loop_contracts/SimpleVariants/sum_onBlock_external.key 
82938      DEBUG main            d.u.i.k.p.i.AbstractProblemLoader Environment load took 120.8ns 
82939      INFO  main            d.u.i.k.p.i.AbstractProblemLoader Creating init config 
85924      DEBUG main            d.u.i.k.p.i.AbstractProblemLoader Init config took 2.99s 
85959      INFO  main            d.u.i.k.p.i.AbstractProblemLoader Replaying proof LoopContractExamplesAll[LoopContractExamplesAll::sum_loopContract_onBlock([I)].JML normal_behavior operation contract.0 
85961      DEBUG main            d.u.i.k.p.i.IntermediateProofReplayer Proof replay took 11ns 
86063      INFO  main            d.u.i.k.p.r.p.TestFile    ... finished proof: closed. 
86286      INFO  main            d.u.i.k.p.i.AbstractProblemLoader Loading environment from /home/runner/work/key/key/key.core/../key.ui/examples/heap/block_loop_contracts/SimpleVariants/sum_onBlock_external.key.proof 
86286      DEBUG main            d.u.i.k.p.i.AbstractProblemLoader Environment load took 125.7ns 
86287      INFO  main            d.u.i.k.p.i.AbstractProblemLoader Creating init config 
89202      DEBUG main            d.u.i.k.p.i.AbstractProblemLoader Init config took 2.91s 
89242      INFO  main            d.u.i.k.p.i.AbstractProblemLoader Replaying proof LoopContractExamplesAll[LoopContractExamplesAll::sum_loopContract_onBlock([I)].JML normal_behavior operation contract.0 
89274      DEBUG main            d.u.i.k.p.i.IntermediateProofReplayer Proof replay took 30.38ms 
89275      DEBUG main            d.u.i.k.p.r.p.TestFile    ... success: reloaded. 
89276      INFO  main            d.u.i.k.p.r.p.TestFile    Now processing file /home/runner/work/key/key/key.core/../key.ui/examples/heap/block_loop_contracts/SimpleVariants/sum_onBlock_internal.key 
89277      INFO  main            d.u.i.k.p.i.AbstractProblemLoader Loading environment from /home/runner/work/key/key/key.core/../key.ui/examples/heap/block_loop_contracts/SimpleVariants/sum_onBlock_internal.key 
89277      DEBUG main            d.u.i.k.p.i.AbstractProblemLoader Environment load took 125.8ns 
89278      INFO  main            d.u.i.k.p.i.AbstractProblemLoader Creating init config 
92224      DEBUG main            d.u.i.k.p.i.AbstractProblemLoader Init config took 2.95s 
92259      INFO  main            d.u.i.k.p.i.AbstractProblemLoader Replaying proof LoopContractExamplesAll[LoopContractExamplesAll::sum_loopContract_onBlock([I)].JML normal_behavior operation contract.0 
92261      DEBUG main            d.u.i.k.p.i.IntermediateProofReplayer Proof replay took 12.2ns 
92964      INFO  main            d.u.i.k.p.r.p.TestFile    ... finished proof: closed. 
93207      INFO  main            d.u.i.k.p.i.AbstractProblemLoader Loading environment from /home/runner/work/key/key/key.core/../key.ui/examples/heap/block_loop_contracts/SimpleVariants/sum_onBlock_internal.key.proof 
93208      DEBUG main            d.u.i.k.p.i.AbstractProblemLoader Environment load took 467.2ns 
93209      INFO  main            d.u.i.k.p.i.AbstractProblemLoader Creating init config 
96153      DEBUG main            d.u.i.k.p.i.AbstractProblemLoader Init config took 2.94s 
96186      INFO  main            d.u.i.k.p.i.AbstractProblemLoader Replaying proof LoopContractExamplesAll[LoopContractExamplesAll::sum_loopContract_onBlock([I)].JML normal_behavior operation contract.0 
96340      DEBUG main            d.u.i.k.p.i.IntermediateProofReplayer Proof replay took 149.92ms 
96341      DEBUG main            d.u.i.k.p.r.p.TestFile    ... success: reloaded. 
96342      INFO  main            d.u.i.k.p.r.p.TestFile    Now processing file /home/runner/work/key/key/key.core/../key.ui/examples/heap/block_loop_contracts/SimpleVariants/sum_onBlock_loop.key 
96342      INFO  main            d.u.i.k.p.i.AbstractProblemLoader Loading environment from /home/runner/work/key/key/key.core/../key.ui/examples/heap/block_loop_contracts/SimpleVariants/sum_onBlock_loop.key 
96342      DEBUG main            d.u.i.k.p.i.AbstractProblemLoader Environment load took 101.3ns 
96343      INFO  main            d.u.i.k.p.i.AbstractProblemLoader Creating init config 
99294      DEBUG main            d.u.i.k.p.i.AbstractProblemLoader Init config took 2.95s 
99331      INFO  main            d.u.i.k.p.i.AbstractProblemLoader Replaying proof LoopContractExamplesAll[LoopContractExamplesAll::sum_loopContract_onBlock([I)].JML normal_behavior loop contract.0 
99332      DEBUG main            d.u.i.k.p.i.IntermediateProofReplayer Proof replay took 11.6ns 
100037     INFO  main            d.u.i.k.p.r.p.TestFile    ... finished proof: closed. 
100290     INFO  main            d.u.i.k.p.i.AbstractProblemLoader Loading environment from /home/runner/work/key/key/key.core/../key.ui/examples/heap/block_loop_contracts/SimpleVariants/sum_onBlock_loop.key.proof 
100290     DEBUG main            d.u.i.k.p.i.AbstractProblemLoader Environment load took 116.9ns 
100291     INFO  main            d.u.i.k.p.i.AbstractProblemLoader Creating init config 
103175     DEBUG main            d.u.i.k.p.i.AbstractProblemLoader Init config took 2.88s 
103208     INFO  main            d.u.i.k.p.i.AbstractProblemLoader Replaying proof LoopContractExamplesAll[LoopContractExamplesAll::sum_loopContract_onBlock([I)].JML normal_behavior loop contract.0 
103370     DEBUG main            d.u.i.k.p.i.IntermediateProofReplayer Proof replay took 158ms 
103371     DEBUG main            d.u.i.k.p.r.p.TestFile    ... success: reloaded. 
103372     INFO  main            d.u.i.k.p.r.p.TestFile    Now processing file /home/runner/work/key/key/key.core/../key.ui/examples/heap/block_loop_contracts/SimpleVariants/sum_onLoop_external.key 
103372     INFO  main            d.u.i.k.p.i.AbstractProblemLoader Loading environment from /home/runner/work/key/key/key.core/../key.ui/examples/heap/block_loop_contracts/SimpleVariants/sum_onLoop_external.key 
103373     DEBUG main            d.u.i.k.p.i.AbstractProblemLoader Environment load took 232.8ns 
103374     INFO  main            d.u.i.k.p.i.AbstractProblemLoader Creating init config 
106383     DEBUG main            d.u.i.k.p.i.AbstractProblemLoader Init config took 3.01s 
106416     INFO  main            d.u.i.k.p.i.AbstractProblemLoader Replaying proof LoopContractExamplesAll[LoopContractExamplesAll::sum_loopContract_onLoop([I)].JML normal_behavior operation contract.0 
106418     DEBUG main            d.u.i.k.p.i.IntermediateProofReplayer Proof replay took 25.1ns 
106520     INFO  main            d.u.i.k.p.r.p.TestFile    ... finished proof: closed. 
106811     INFO  main            d.u.i.k.p.i.AbstractProblemLoader Loading environment from /home/runner/work/key/key/key.core/../key.ui/examples/heap/block_loop_contracts/SimpleVariants/sum_onLoop_external.key.proof 
106811     DEBUG main            d.u.i.k.p.i.AbstractProblemLoader Environment load took 117.4ns 
106812     INFO  main            d.u.i.k.p.i.AbstractProblemLoader Creating init config 
109678     DEBUG main            d.u.i.k.p.i.AbstractProblemLoader Init config took 2.87s 
109724     INFO  main            d.u.i.k.p.i.AbstractProblemLoader Replaying proof LoopContractExamplesAll[LoopContractExamplesAll::sum_loopContract_onLoop([I)].JML normal_behavior operation contract.0 
109758     DEBUG main            d.u.i.k.p.i.IntermediateProofReplayer Proof replay took 30.55ms 
109759     DEBUG main            d.u.i.k.p.r.p.TestFile    ... success: reloaded. 
109760     INFO  main            d.u.i.k.p.r.p.TestFile    Now processing file /home/runner/work/key/key/key.core/../key.ui/examples/heap/block_loop_contracts/SimpleVariants/sum_onLoop_internal.key 
109761     INFO  main            d.u.i.k.p.i.AbstractProblemLoader Loading environment from /home/runner/work/key/key/key.core/../key.ui/examples/heap/block_loop_contracts/SimpleVariants/sum_onLoop_internal.key 
109761     DEBUG main            d.u.i.k.p.i.AbstractProblemLoader Environment load took 228.6ns 
109763     INFO  main            d.u.i.k.p.i.AbstractProblemLoader Creating init config 
112722     DEBUG main            d.u.i.k.p.i.AbstractProblemLoader Init config took 2.96s 
112755     INFO  main            d.u.i.k.p.i.AbstractProblemLoader Replaying proof LoopContractExamplesAll[LoopContractExamplesAll::sum_loopContract_onLoop([I)].JML normal_behavior operation contract.0 
112757     DEBUG main            d.u.i.k.p.i.IntermediateProofReplayer Proof replay took 11ns 
113260     INFO  main            d.u.i.k.p.r.p.TestFile    ... finished proof: closed. 
113545     INFO  main            d.u.i.k.p.i.AbstractProblemLoader Loading environment from /home/runner/work/key/key/key.core/../key.ui/examples/heap/block_loop_contracts/SimpleVariants/sum_onLoop_internal.key.proof 
113546     DEBUG main            d.u.i.k.p.i.AbstractProblemLoader Environment load took 121.3ns 
113547     INFO  main            d.u.i.k.p.i.AbstractProblemLoader Creating init config 
116436     DEBUG main            d.u.i.k.p.i.AbstractProblemLoader Init config took 2.89s 
116471     INFO  main            d.u.i.k.p.i.AbstractProblemLoader Replaying proof LoopContractExamplesAll[LoopContractExamplesAll::sum_loopContract_onLoop([I)].JML normal_behavior operation contract.0 
116663     DEBUG main            d.u.i.k.p.i.IntermediateProofReplayer Proof replay took 181.65ms 
116664     DEBUG main            d.u.i.k.p.r.p.TestFile    ... success: reloaded. 
116666     INFO  main            d.u.i.k.p.r.p.TestFile    Now processing file /home/runner/work/key/key/key.core/../key.ui/examples/heap/block_loop_contracts/SimpleVariants/sum_onLoop_loop.key 
116667     INFO  main            d.u.i.k.p.i.AbstractProblemLoader Loading environment from /home/runner/work/key/key/key.core/../key.ui/examples/heap/block_loop_contracts/SimpleVariants/sum_onLoop_loop.key 
116667     DEBUG main            d.u.i.k.p.i.AbstractProblemLoader Environment load took 233ns 
116668     INFO  main            d.u.i.k.p.i.AbstractProblemLoader Creating init config 
119637     DEBUG main            d.u.i.k.p.i.AbstractProblemLoader Init config took 2.97s 
119671     INFO  main            d.u.i.k.p.i.AbstractProblemLoader Replaying proof LoopContractExamplesAll[LoopContractExamplesAll::sum_loopContract_onLoop([I)].JML normal_behavior loop contract.0 
119673     DEBUG main            d.u.i.k.p.i.IntermediateProofReplayer Proof replay took 12.1ns 
120277     INFO  main            d.u.i.k.p.r.p.TestFile    ... finished proof: closed. 
120567     INFO  main            d.u.i.k.p.i.AbstractProblemLoader Loading environment from /home/runner/work/key/key/key.core/../key.ui/examples/heap/block_loop_contracts/SimpleVariants/sum_onLoop_loop.key.proof 
120567     DEBUG main            d.u.i.k.p.i.AbstractProblemLoader Environment load took 534.21ns 
120568     INFO  main            d.u.i.k.p.i.AbstractProblemLoader Creating init config 
123434     DEBUG main            d.u.i.k.p.i.AbstractProblemLoader Init config took 2.87s 
123469     INFO  main            d.u.i.k.p.i.AbstractProblemLoader Replaying proof LoopContractExamplesAll[LoopContractExamplesAll::sum_loopContract_onLoop([I)].JML normal_behavior loop contract.0 
123633     DEBUG main            d.u.i.k.p.i.IntermediateProofReplayer Proof replay took 159.54ms 
123634     DEBUG main            d.u.i.k.p.r.p.TestFile    ... success: reloaded. 
123635     INFO  main            d.u.i.k.p.r.p.TestFile    Now processing file /home/runner/work/key/key/key.core/../key.ui/examples/heap/block_loop_contracts/Free/blockContracts0.key 
123635     INFO  main            d.u.i.k.p.i.AbstractProblemLoader Loading environment from /home/runner/work/key/key/key.core/../key.ui/examples/heap/block_loop_contracts/Free/blockContracts0.key 
123635     DEBUG main            d.u.i.k.p.i.AbstractProblemLoader Environment load took 59.4ns 
123636     INFO  main            d.u.i.k.p.i.AbstractProblemLoader Creating init config 
126247     DEBUG main            d.u.i.k.p.i.AbstractProblemLoader Init config took 2.61s 
126280     INFO  main            d.u.i.k.p.i.AbstractProblemLoader Replaying proof FreeConditions[FreeConditions::blockContract0()].JML normal_behavior operation contract.0 
126281     DEBUG main            d.u.i.k.p.i.IntermediateProofReplayer Proof replay took 11.7ns 
126383     INFO  main            d.u.i.k.p.r.p.TestFile    ... finished proof: closed. 
126671     INFO  main            d.u.i.k.p.i.AbstractProblemLoader Loading environment from /home/runner/work/key/key/key.core/../key.ui/examples/heap/block_loop_contracts/Free/blockContracts0.key.proof 
126672     DEBUG main            d.u.i.k.p.i.AbstractProblemLoader Environment load took 113.6ns 
126672     INFO  main            d.u.i.k.p.i.AbstractProblemLoader Creating init config 
129189     DEBUG main            d.u.i.k.p.i.AbstractProblemLoader Init config took 2.52s 
129222     INFO  main            d.u.i.k.p.i.AbstractProblemLoader Replaying proof FreeConditions[FreeConditions::blockContract0()].JML normal_behavior operation contract.0 
129240     DEBUG main            d.u.i.k.p.i.IntermediateProofReplayer Proof replay took 15.78ms 
129241     DEBUG main            d.u.i.k.p.r.p.TestFile    ... success: reloaded. 
129242     INFO  main            d.u.i.k.p.r.p.TestFile    Now processing file /home/runner/work/key/key/key.core/../key.ui/examples/heap/block_loop_contracts/Free/blockContracts1.key 
129242     INFO  main            d.u.i.k.p.i.AbstractProblemLoader Loading environment from /home/runner/work/key/key/key.core/../key.ui/examples/heap/block_loop_contracts/Free/blockContracts1.key 
129243     DEBUG main            d.u.i.k.p.i.AbstractProblemLoader Environment load took 231.8ns 
129243     INFO  main            d.u.i.k.p.i.AbstractProblemLoader Creating init config 
131817     DEBUG main            d.u.i.k.p.i.AbstractProblemLoader Init config took 2.57s 
131849     INFO  main            d.u.i.k.p.i.AbstractProblemLoader Replaying proof FreeConditions[FreeConditions::blockContract1()].JML normal_behavior operation contract.0 
131850     DEBUG main            d.u.i.k.p.i.IntermediateProofReplayer Proof replay took 11.7ns 
131953     INFO  main            d.u.i.k.p.r.p.TestFile    ... finished proof: closed. 
132225     INFO  main            d.u.i.k.p.i.AbstractProblemLoader Loading environment from /home/runner/work/key/key/key.core/../key.ui/examples/heap/block_loop_contracts/Free/blockContracts1.key.proof 
132225     DEBUG main            d.u.i.k.p.i.AbstractProblemLoader Environment load took 125.1ns 
132226     INFO  main            d.u.i.k.p.i.AbstractProblemLoader Creating init config 
134739     DEBUG main            d.u.i.k.p.i.AbstractProblemLoader Init config took 2.51s 
134774     INFO  main            d.u.i.k.p.i.AbstractProblemLoader Replaying proof FreeConditions[FreeConditions::blockContract1()].JML normal_behavior operation contract.0 
134788     DEBUG main            d.u.i.k.p.i.IntermediateProofReplayer Proof replay took 12.95ms 
134789     DEBUG main            d.u.i.k.p.r.p.TestFile    ... success: reloaded. 
134790     INFO  main            d.u.i.k.p.r.p.TestFile    Now processing file /home/runner/work/key/key/key.core/../key.ui/examples/heap/block_loop_contracts/Finally/block_finally.key 
134790     INFO  main            d.u.i.k.p.i.AbstractProblemLoader Loading environment from /home/runner/work/key/key/key.core/../key.ui/examples/heap/block_loop_contracts/Finally/block_finally.key 
134790     DEBUG main            d.u.i.k.p.i.AbstractProblemLoader Environment load took 84.1ns 
134791     INFO  main            d.u.i.k.p.i.AbstractProblemLoader Creating init config 
137406     DEBUG main            d.u.i.k.p.i.AbstractProblemLoader Init config took 2.61s 
137440     INFO  main            d.u.i.k.p.i.AbstractProblemLoader Replaying proof AuxiliaryContractsFinally[AuxiliaryContractsFinally::breakThrowContinueBlockContract(java.lang.Exception)].JML block contract.0 
137441     DEBUG main            d.u.i.k.p.i.IntermediateProofReplayer Proof replay took 11ns 
137945     INFO  main            d.u.i.k.p.r.p.TestFile    ... finished proof: open goal(s) 
138233     INFO  main            d.u.i.k.p.r.p.TestFile    Now processing file /home/runner/work/key/key/key.core/../key.ui/examples/heap/block_loop_contracts/Finally/loop_finally.key 
138233     INFO  main            d.u.i.k.p.i.AbstractProblemLoader Loading environment from /home/runner/work/key/key/key.core/../key.ui/examples/heap/block_loop_contracts/Finally/loop_finally.key 
138233     DEBUG main            d.u.i.k.p.i.AbstractProblemLoader Environment load took 497.41ns 
138235     INFO  main            d.u.i.k.p.i.AbstractProblemLoader Creating init config 
140809     DEBUG main            d.u.i.k.p.i.AbstractProblemLoader Init config took 2.57s 
140847     INFO  main            d.u.i.k.p.i.AbstractProblemLoader Replaying proof AuxiliaryContractsFinally[AuxiliaryContractsFinally::breakThrowContinueLoopContract(java.lang.Exception)].JML normal_behavior loop contract.0 
140848     DEBUG main            d.u.i.k.p.i.IntermediateProofReplayer Proof replay took 12.1ns 
141462     INFO  main            d.u.i.k.p.r.p.TestFile    ... finished proof: open goal(s) 
648460     INFO  Test worker     d.u.i.k.p.r.RunAllProofsTestUnit Returning from test blockContracts 
648461     INFO  Test worker     d.u.i.k.p.r.RunAllProofsTestUnit Running test jmlAsserts 
326        INFO  Timeout watchdog d.u.i.k.p.r.p.ForkedTestFileRunner Timeout watcher launched (2000 secs.) 
341        WARN  main            d.u.i.k.s.ProofSettings   The settings in /home/runner/.key/proof-settings.props are *not* read. 
370        INFO  main            d.u.i.k.p.r.p.TestFile    Now processing file /home/runner/work/key/key/key.core/../key.ui/examples/standard_key/java_dl/jml-assert/assert.key 
495        INFO  main            d.u.i.k.p.i.AbstractProblemLoader Loading environment from /home/runner/work/key/key/key.core/../key.ui/examples/standard_key/java_dl/jml-assert/assert.key 
514        DEBUG main            d.u.i.k.p.i.AbstractProblemLoader Environment load took 1.84ms 
737        INFO  main            d.u.i.k.p.i.AbstractProblemLoader Creating init config 
1643       DEBUG main            d.u.i.k.j.TypeConverter   No LDT found for Meta 
1643       DEBUG main            d.u.i.k.j.TypeConverter   No LDT found for Meta 
1648       DEBUG main            d.u.i.k.j.TypeConverter   No LDT found for Meta 
1648       DEBUG main            d.u.i.k.j.TypeConverter   No LDT found for Meta 
3015       DEBUG main            d.u.i.k.j.TypeConverter   No LDT found for JavaBigintExpression 
8291       DEBUG main            d.u.i.k.p.i.AbstractProblemLoader Init config took 7.55s 
8410       INFO  main            d.u.i.k.p.i.AbstractProblemLoader Replaying proof Assert[Assert::createArray(int)].JML normal_behavior operation contract.0 
8442       DEBUG main            d.u.i.k.p.i.IntermediateProofReplayer Proof replay took 30.1ns 
9266       INFO  main            d.u.i.k.p.r.p.TestFile    ... finished proof: closed. 
9382       INFO  main            d.u.i.k.p.i.AbstractProblemLoader Loading environment from /home/runner/work/key/key/key.core/../key.ui/examples/standard_key/java_dl/jml-assert/assert.key.proof 
9383       DEBUG main            d.u.i.k.p.i.AbstractProblemLoader Environment load took 591.71ns 
9385       INFO  main            d.u.i.k.p.i.AbstractProblemLoader Creating init config 
12387      DEBUG main            d.u.i.k.p.i.AbstractProblemLoader Init config took 3s 
12450      INFO  main            d.u.i.k.p.i.AbstractProblemLoader Replaying proof Assert[Assert::createArray(int)].JML normal_behavior operation contract.0 
12530      DEBUG main            d.u.i.k.p.i.IntermediateProofReplayer Proof replay took 73.2ms 
12536      DEBUG main            d.u.i.k.p.r.p.TestFile    ... success: reloaded. 
12538      INFO  main            d.u.i.k.p.r.p.TestFile    Now processing file /home/runner/work/key/key/key.core/../key.ui/examples/heap/block_loop_contracts/Free/assertions0.key 
12539      INFO  main            d.u.i.k.p.i.AbstractProblemLoader Loading environment from /home/runner/work/key/key/key.core/../key.ui/examples/heap/block_loop_contracts/Free/assertions0.key 
12539      DEBUG main            d.u.i.k.p.i.AbstractProblemLoader Environment load took 235.1ns 
12541      INFO  main            d.u.i.k.p.i.AbstractProblemLoader Creating init config 
15173      DEBUG main            d.u.i.k.p.i.AbstractProblemLoader Init config took 2.63s 
15231      INFO  main            d.u.i.k.p.i.AbstractProblemLoader Replaying proof FreeConditions[FreeConditions::assertions0()].JML normal_behavior operation contract.0 
15234      DEBUG main            d.u.i.k.p.i.IntermediateProofReplayer Proof replay took 14ns 
15437      INFO  main            d.u.i.k.p.r.p.TestFile    ... finished proof: closed. 
15610      INFO  main            d.u.i.k.p.i.AbstractProblemLoader Loading environment from /home/runner/work/key/key/key.core/../key.ui/examples/heap/block_loop_contracts/Free/assertions0.key.proof 
15610      DEBUG main            d.u.i.k.p.i.AbstractProblemLoader Environment load took 129.8ns 
15612      INFO  main            d.u.i.k.p.i.AbstractProblemLoader Creating init config 
18154      DEBUG main            d.u.i.k.p.i.AbstractProblemLoader Init config took 2.54s 
18207      INFO  main            d.u.i.k.p.i.AbstractProblemLoader Replaying proof FreeConditions[FreeConditions::assertions0()].JML normal_behavior operation contract.0 
18230      DEBUG main            d.u.i.k.p.i.IntermediateProofReplayer Proof replay took 20.21ms 
18233      DEBUG main            d.u.i.k.p.r.p.TestFile    ... success: reloaded. 
18235      INFO  main            d.u.i.k.p.r.p.TestFile    Now processing file /home/runner/work/key/key/key.core/../key.ui/examples/heap/block_loop_contracts/Free/assertions1.key 
18235      INFO  main            d.u.i.k.p.i.AbstractProblemLoader Loading environment from /home/runner/work/key/key/key.core/../key.ui/examples/heap/block_loop_contracts/Free/assertions1.key 
18236      DEBUG main            d.u.i.k.p.i.AbstractProblemLoader Environment load took 126.4ns 
18237      INFO  main            d.u.i.k.p.i.AbstractProblemLoader Creating init config 
20865      DEBUG main            d.u.i.k.p.i.AbstractProblemLoader Init config took 2.63s 
20910      INFO  main            d.u.i.k.p.i.AbstractProblemLoader Replaying proof FreeConditions[FreeConditions::assertions1()].JML normal_behavior operation contract.0 
20912      DEBUG main            d.u.i.k.p.i.IntermediateProofReplayer Proof replay took 22.3ns 
21017      INFO  main            d.u.i.k.p.r.p.TestFile    ... finished proof: closed. 
21186      INFO  main            d.u.i.k.p.i.AbstractProblemLoader Loading environment from /home/runner/work/key/key/key.core/../key.ui/examples/heap/block_loop_contracts/Free/assertions1.key.proof 
21186      DEBUG main            d.u.i.k.p.i.AbstractProblemLoader Environment load took 181.2ns 
21188      INFO  main            d.u.i.k.p.i.AbstractProblemLoader Creating init config 
23666      DEBUG main            d.u.i.k.p.i.AbstractProblemLoader Init config took 2.48s 
23736      INFO  main            d.u.i.k.p.i.AbstractProblemLoader Replaying proof FreeConditions[FreeConditions::assertions1()].JML normal_behavior operation contract.0 
23744      DEBUG main            d.u.i.k.p.i.IntermediateProofReplayer Proof replay took 5.63ms 
23745      DEBUG main            d.u.i.k.p.r.p.TestFile    ... success: reloaded. 
23746      INFO  main            d.u.i.k.p.r.p.TestFile    Now processing file /home/runner/work/key/key/key.core/../key.ui/examples/standard_key/java_dl/jml-assert/recursion-assert.key 
23747      INFO  main            d.u.i.k.p.i.AbstractProblemLoader Loading environment from /home/runner/work/key/key/key.core/../key.ui/examples/standard_key/java_dl/jml-assert/recursion-assert.key 
23747      DEBUG main            d.u.i.k.p.i.AbstractProblemLoader Environment load took 228.6ns 
23748      INFO  main            d.u.i.k.p.i.AbstractProblemLoader Creating init config 
26356      DEBUG main            d.u.i.k.p.i.AbstractProblemLoader Init config took 2.61s 
26426      INFO  main            d.u.i.k.p.i.AbstractProblemLoader Replaying proof RecursiveMethod[RecursiveMethod::fac1(int)].JML normal_behavior operation contract.0 
26429      DEBUG main            d.u.i.k.p.i.IntermediateProofReplayer Proof replay took 6ns 
26633      INFO  main            d.u.i.k.p.r.p.TestFile    ... finished proof: closed. 
26798      INFO  main            d.u.i.k.p.i.AbstractProblemLoader Loading environment from /home/runner/work/key/key/key.core/../key.ui/examples/standard_key/java_dl/jml-assert/recursion-assert.key.proof 
26799      DEBUG main            d.u.i.k.p.i.AbstractProblemLoader Environment load took 128.3ns 
26802      INFO  main            d.u.i.k.p.i.AbstractProblemLoader Creating init config 
29384      DEBUG main            d.u.i.k.p.i.AbstractProblemLoader Init config took 2.58s 
29427      INFO  main            d.u.i.k.p.i.AbstractProblemLoader Replaying proof RecursiveMethod[RecursiveMethod::fac1(int)].JML normal_behavior operation contract.0 
29472      DEBUG main            d.u.i.k.p.i.IntermediateProofReplayer Proof replay took 42.97ms 
29474      DEBUG main            d.u.i.k.p.r.p.TestFile    ... success: reloaded. 
29475      INFO  main            d.u.i.k.p.r.p.TestFile    Now processing file /home/runner/work/key/key/key.core/../key.ui/examples/standard_key/java_dl/jml-assert/recursion-assume.key 
29475      INFO  main            d.u.i.k.p.i.AbstractProblemLoader Loading environment from /home/runner/work/key/key/key.core/../key.ui/examples/standard_key/java_dl/jml-assert/recursion-assume.key 
29476      DEBUG main            d.u.i.k.p.i.AbstractProblemLoader Environment load took 235.1ns 
29477      INFO  main            d.u.i.k.p.i.AbstractProblemLoader Creating init config 
32160      DEBUG main            d.u.i.k.p.i.AbstractProblemLoader Init config took 2.68s 
32202      INFO  main            d.u.i.k.p.i.AbstractProblemLoader Replaying proof RecursiveMethod[RecursiveMethod::fac2(int)].JML normal_behavior operation contract.0 
32204      DEBUG main            d.u.i.k.p.i.IntermediateProofReplayer Proof replay took 5.8ns 
32407      INFO  main            d.u.i.k.p.r.p.TestFile    ... finished proof: closed. 
32593      INFO  main            d.u.i.k.p.i.AbstractProblemLoader Loading environment from /home/runner/work/key/key/key.core/../key.ui/examples/standard_key/java_dl/jml-assert/recursion-assume.key.proof 
32593      DEBUG main            d.u.i.k.p.i.AbstractProblemLoader Environment load took 127ns 
32594      INFO  main            d.u.i.k.p.i.AbstractProblemLoader Creating init config 
35143      DEBUG main            d.u.i.k.p.i.AbstractProblemLoader Init config took 2.55s 
35184      INFO  main            d.u.i.k.p.i.AbstractProblemLoader Replaying proof RecursiveMethod[RecursiveMethod::fac2(int)].JML normal_behavior operation contract.0 
35217      DEBUG main            d.u.i.k.p.i.IntermediateProofReplayer Proof replay took 29.36ms 
35218      DEBUG main            d.u.i.k.p.r.p.TestFile    ... success: reloaded. 
35218      INFO  main            d.u.i.k.p.r.p.TestFile    Now processing file /home/runner/work/key/key/key.core/../key.ui/examples/standard_key/java_dl/jml-assert/quantor-assert.key 
35219      INFO  main            d.u.i.k.p.i.AbstractProblemLoader Loading environment from /home/runner/work/key/key/key.core/../key.ui/examples/standard_key/java_dl/jml-assert/quantor-assert.key 
35219      DEBUG main            d.u.i.k.p.i.AbstractProblemLoader Environment load took 116.2ns 
35220      INFO  main            d.u.i.k.p.i.AbstractProblemLoader Creating init config 
37805      DEBUG main            d.u.i.k.p.i.AbstractProblemLoader Init config took 2.58s 
37874      INFO  main            d.u.i.k.p.i.AbstractProblemLoader Replaying proof Quantor[Quantor::square1(int)].JML normal_behavior operation contract.0 
37875      DEBUG main            d.u.i.k.p.i.IntermediateProofReplayer Proof replay took 6ns 
37977      INFO  main            d.u.i.k.p.r.p.TestFile    ... finished proof: closed. 
38180      INFO  main            d.u.i.k.p.i.AbstractProblemLoader Loading environment from /home/runner/work/key/key/key.core/../key.ui/examples/standard_key/java_dl/jml-assert/quantor-assert.key.proof 
38180      DEBUG main            d.u.i.k.p.i.AbstractProblemLoader Environment load took 128.7ns 
38181      INFO  main            d.u.i.k.p.i.AbstractProblemLoader Creating init config 
40714      DEBUG main            d.u.i.k.p.i.AbstractProblemLoader Init config took 2.53s 
40754      INFO  main            d.u.i.k.p.i.AbstractProblemLoader Replaying proof Quantor[Quantor::square1(int)].JML normal_behavior operation contract.0 
40773      DEBUG main            d.u.i.k.p.i.IntermediateProofReplayer Proof replay took 16.74ms 
40775      DEBUG main            d.u.i.k.p.r.p.TestFile    ... success: reloaded. 
40776      INFO  main            d.u.i.k.p.r.p.TestFile    Now processing file /home/runner/work/key/key/key.core/../key.ui/examples/standard_key/java_dl/jml-assert/quantor-assume.key 
40776      INFO  main            d.u.i.k.p.i.AbstractProblemLoader Loading environment from /home/runner/work/key/key/key.core/../key.ui/examples/standard_key/java_dl/jml-assert/quantor-assume.key 
40776      DEBUG main            d.u.i.k.p.i.AbstractProblemLoader Environment load took 107.2ns 
40777      INFO  main            d.u.i.k.p.i.AbstractProblemLoader Creating init config 
43357      DEBUG main            d.u.i.k.p.i.AbstractProblemLoader Init config took 2.58s 
43397      INFO  main            d.u.i.k.p.i.AbstractProblemLoader Replaying proof Quantor[Quantor::square2(int)].JML normal_behavior operation contract.0 
43398      DEBUG main            d.u.i.k.p.i.IntermediateProofReplayer Proof replay took 6.2ns 
43501      INFO  main            d.u.i.k.p.r.p.TestFile    ... finished proof: closed. 
43685      INFO  main            d.u.i.k.p.i.AbstractProblemLoader Loading environment from /home/runner/work/key/key/key.core/../key.ui/examples/standard_key/java_dl/jml-assert/quantor-assume.key.proof 
43686      DEBUG main            d.u.i.k.p.i.AbstractProblemLoader Environment load took 122.6ns 
43686      INFO  main            d.u.i.k.p.i.AbstractProblemLoader Creating init config 
46205      DEBUG main            d.u.i.k.p.i.AbstractProblemLoader Init config took 2.52s 
46245      INFO  main            d.u.i.k.p.i.AbstractProblemLoader Replaying proof Quantor[Quantor::square2(int)].JML normal_behavior operation contract.0 
46258      DEBUG main            d.u.i.k.p.i.IntermediateProofReplayer Proof replay took 11.4ms 
46259      DEBUG main            d.u.i.k.p.r.p.TestFile    ... success: reloaded. 
46260      INFO  main            d.u.i.k.p.r.p.TestFile    Now processing file /home/runner/work/key/key/key.core/../key.ui/examples/standard_key/java_dl/jml-assert/model-methods-static-static.key 
46260      INFO  main            d.u.i.k.p.i.AbstractProblemLoader Loading environment from /home/runner/work/key/key/key.core/../key.ui/examples/standard_key/java_dl/jml-assert/model-methods-static-static.key 
46260      DEBUG main            d.u.i.k.p.i.AbstractProblemLoader Environment load took 106.6ns 
46261      INFO  main            d.u.i.k.p.i.AbstractProblemLoader Creating init config 
48812      DEBUG main            d.u.i.k.p.i.AbstractProblemLoader Init config took 2.55s 
48850      INFO  main            d.u.i.k.p.i.AbstractProblemLoader Replaying proof ModelMethods[ModelMethods::test1()].JML normal_behavior operation contract.0 
48852      DEBUG main            d.u.i.k.p.i.IntermediateProofReplayer Proof replay took 6.1ns 
48954      INFO  main            d.u.i.k.p.r.p.TestFile    ... finished proof: closed. 
49145      INFO  main            d.u.i.k.p.i.AbstractProblemLoader Loading environment from /home/runner/work/key/key/key.core/../key.ui/examples/standard_key/java_dl/jml-assert/model-methods-static-static.key.proof 
49145      DEBUG main            d.u.i.k.p.i.AbstractProblemLoader Environment load took 627.81ns 
49146      INFO  main            d.u.i.k.p.i.AbstractProblemLoader Creating init config 
51640      DEBUG main            d.u.i.k.p.i.AbstractProblemLoader Init config took 2.49s 
51677      INFO  main            d.u.i.k.p.i.AbstractProblemLoader Replaying proof ModelMethods[ModelMethods::test1()].JML normal_behavior operation contract.0 
51684      DEBUG main            d.u.i.k.p.i.IntermediateProofReplayer Proof replay took 5.86ms 
51685      DEBUG main            d.u.i.k.p.r.p.TestFile    ... success: reloaded. 
51686      INFO  main            d.u.i.k.p.r.p.TestFile    Now processing file /home/runner/work/key/key/key.core/../key.ui/examples/standard_key/java_dl/jml-assert/model-methods-instance-static.key 
51686      INFO  main            d.u.i.k.p.i.AbstractProblemLoader Loading environment from /home/runner/work/key/key/key.core/../key.ui/examples/standard_key/java_dl/jml-assert/model-methods-instance-static.key 
51686      DEBUG main            d.u.i.k.p.i.AbstractProblemLoader Environment load took 86.7ns 
51687      INFO  main            d.u.i.k.p.i.AbstractProblemLoader Creating init config 
54214      DEBUG main            d.u.i.k.p.i.AbstractProblemLoader Init config took 2.53s 
54251      INFO  main            d.u.i.k.p.i.AbstractProblemLoader Replaying proof ModelMethods[ModelMethods::test2()].JML normal_behavior operation contract.0 
54252      DEBUG main            d.u.i.k.p.i.IntermediateProofReplayer Proof replay took 6ns 
54357      INFO  main            d.u.i.k.p.r.p.TestFile    ... finished proof: closed. 
54549      INFO  main            d.u.i.k.p.i.AbstractProblemLoader Loading environment from /home/runner/work/key/key/key.core/../key.ui/examples/standard_key/java_dl/jml-assert/model-methods-instance-static.key.proof 
54549      DEBUG main            d.u.i.k.p.i.AbstractProblemLoader Environment load took 122.2ns 
54550      INFO  main            d.u.i.k.p.i.AbstractProblemLoader Creating init config 
57044      DEBUG main            d.u.i.k.p.i.AbstractProblemLoader Init config took 2.49s 
57081      INFO  main            d.u.i.k.p.i.AbstractProblemLoader Replaying proof ModelMethods[ModelMethods::test2()].JML normal_behavior operation contract.0 
57097      DEBUG main            d.u.i.k.p.i.IntermediateProofReplayer Proof replay took 13.68ms 
57098      DEBUG main            d.u.i.k.p.r.p.TestFile    ... success: reloaded. 
57099      INFO  main            d.u.i.k.p.r.p.TestFile    Now processing file /home/runner/work/key/key/key.core/../key.ui/examples/standard_key/java_dl/jml-assert/model-methods-instance-instance.key 
57099      INFO  main            d.u.i.k.p.i.AbstractProblemLoader Loading environment from /home/runner/work/key/key/key.core/../key.ui/examples/standard_key/java_dl/jml-assert/model-methods-instance-instance.key 
57099      DEBUG main            d.u.i.k.p.i.AbstractProblemLoader Environment load took 259.5ns 
57101      INFO  main            d.u.i.k.p.i.AbstractProblemLoader Creating init config 
59613      DEBUG main            d.u.i.k.p.i.AbstractProblemLoader Init config took 2.51s 
59665      INFO  main            d.u.i.k.p.i.AbstractProblemLoader Replaying proof ModelMethods[ModelMethods::test3()].JML normal_behavior operation contract.0 
59667      DEBUG main            d.u.i.k.p.i.IntermediateProofReplayer Proof replay took 6.2ns 
59770      INFO  main            d.u.i.k.p.r.p.TestFile    ... finished proof: closed. 
59961      INFO  main            d.u.i.k.p.i.AbstractProblemLoader Loading environment from /home/runner/work/key/key/key.core/../key.ui/examples/standard_key/java_dl/jml-assert/model-methods-instance-instance.key.proof 
59962      DEBUG main            d.u.i.k.p.i.AbstractProblemLoader Environment load took 124.6ns 
59963      INFO  main            d.u.i.k.p.i.AbstractProblemLoader Creating init config 
62442      DEBUG main            d.u.i.k.p.i.AbstractProblemLoader Init config took 2.48s 
62478      INFO  main            d.u.i.k.p.i.AbstractProblemLoader Replaying proof ModelMethods[ModelMethods::test3()].JML normal_behavior operation contract.0 
62489      DEBUG main            d.u.i.k.p.i.IntermediateProofReplayer Proof replay took 9.3ms 
62490      DEBUG main            d.u.i.k.p.r.p.TestFile    ... success: reloaded. 
62491      INFO  main            d.u.i.k.p.r.p.TestFile    Now processing file /home/runner/work/key/key/key.core/../key.ui/examples/standard_key/java_dl/jml-assert/model-methods-static-instance.key 
62491      INFO  main            d.u.i.k.p.i.AbstractProblemLoader Loading environment from /home/runner/work/key/key/key.core/../key.ui/examples/standard_key/java_dl/jml-assert/model-methods-static-instance.key 
62491      DEBUG main            d.u.i.k.p.i.AbstractProblemLoader Environment load took 104.8ns 
62492      INFO  main            d.u.i.k.p.i.AbstractProblemLoader Creating init config 
65035      DEBUG main            d.u.i.k.p.i.AbstractProblemLoader Init config took 2.54s 
65071      INFO  main            d.u.i.k.p.i.AbstractProblemLoader Replaying proof ModelMethods[ModelMethods::test4()].JML normal_behavior operation contract.0 
65072      DEBUG main            d.u.i.k.p.i.IntermediateProofReplayer Proof replay took 5.6ns 
65177      INFO  main            d.u.i.k.p.r.p.TestFile    ... finished proof: closed. 
65381      INFO  main            d.u.i.k.p.i.AbstractProblemLoader Loading environment from /home/runner/work/key/key/key.core/../key.ui/examples/standard_key/java_dl/jml-assert/model-methods-static-instance.key.proof 
65381      DEBUG main            d.u.i.k.p.i.AbstractProblemLoader Environment load took 123.7ns 
65382      INFO  main            d.u.i.k.p.i.AbstractProblemLoader Creating init config 
67843      DEBUG main            d.u.i.k.p.i.AbstractProblemLoader Init config took 2.46s 
67885      INFO  main            d.u.i.k.p.i.AbstractProblemLoader Replaying proof ModelMethods[ModelMethods::test4()].JML normal_behavior operation contract.0 
67913      DEBUG main            d.u.i.k.p.i.IntermediateProofReplayer Proof replay took 24.01ms 
67916      DEBUG main            d.u.i.k.p.r.p.TestFile    ... success: reloaded. 
67917      INFO  main            d.u.i.k.p.r.p.TestFile    Now processing file /home/runner/work/key/key/key.core/../key.ui/examples/standard_key/java_dl/jml-assert/assert-old/inc-field.key 
67917      INFO  main            d.u.i.k.p.i.AbstractProblemLoader Loading environment from /home/runner/work/key/key/key.core/../key.ui/examples/standard_key/java_dl/jml-assert/assert-old/inc-field.key 
67918      DEBUG main            d.u.i.k.p.i.AbstractProblemLoader Environment load took 232.2ns 
67918      INFO  main            d.u.i.k.p.i.AbstractProblemLoader Creating init config 
70372      DEBUG main            d.u.i.k.p.i.AbstractProblemLoader Init config took 2.45s 
70406      INFO  main            d.u.i.k.p.i.AbstractProblemLoader Replaying proof Inc[Inc::inc_field()].JML normal_behavior operation contract.0 
70407      DEBUG main            d.u.i.k.p.i.IntermediateProofReplayer Proof replay took 5.7ns 
70508      INFO  main            d.u.i.k.p.r.p.TestFile    ... finished proof: closed. 
70717      INFO  main            d.u.i.k.p.i.AbstractProblemLoader Loading environment from /home/runner/work/key/key/key.core/../key.ui/examples/standard_key/java_dl/jml-assert/assert-old/inc-field.key.proof 
70717      DEBUG main            d.u.i.k.p.i.AbstractProblemLoader Environment load took 125.1ns 
70718      INFO  main            d.u.i.k.p.i.AbstractProblemLoader Creating init config 
73085      DEBUG main            d.u.i.k.p.i.AbstractProblemLoader Init config took 2.37s 
73119      INFO  main            d.u.i.k.p.i.AbstractProblemLoader Replaying proof Inc[Inc::inc_field()].JML normal_behavior operation contract.0 
73142      DEBUG main            d.u.i.k.p.i.IntermediateProofReplayer Proof replay took 21.29ms 
73143      DEBUG main            d.u.i.k.p.r.p.TestFile    ... success: reloaded. 
73143      INFO  main            d.u.i.k.p.r.p.TestFile    Now processing file /home/runner/work/key/key/key.core/../key.ui/examples/standard_key/java_dl/jml-assert/assert-old/inc-parameter.key 
73143      INFO  main            d.u.i.k.p.i.AbstractProblemLoader Loading environment from /home/runner/work/key/key/key.core/../key.ui/examples/standard_key/java_dl/jml-assert/assert-old/inc-parameter.key 
73144      DEBUG main            d.u.i.k.p.i.AbstractProblemLoader Environment load took 100.6ns 
73144      INFO  main            d.u.i.k.p.i.AbstractProblemLoader Creating init config 
75603      DEBUG main            d.u.i.k.p.i.AbstractProblemLoader Init config took 2.46s 
75636      INFO  main            d.u.i.k.p.i.AbstractProblemLoader Replaying proof Inc[Inc::inc_parameter(int)].JML normal_behavior operation contract.0 
75637      DEBUG main            d.u.i.k.p.i.IntermediateProofReplayer Proof replay took 5.6ns 
75741      INFO  main            d.u.i.k.p.r.p.TestFile    ... finished proof: closed. 
75955      INFO  main            d.u.i.k.p.i.AbstractProblemLoader Loading environment from /home/runner/work/key/key/key.core/../key.ui/examples/standard_key/java_dl/jml-assert/assert-old/inc-parameter.key.proof 
75955      DEBUG main            d.u.i.k.p.i.AbstractProblemLoader Environment load took 118.9ns 
75957      INFO  main            d.u.i.k.p.i.AbstractProblemLoader Creating init config 
78324      DEBUG main            d.u.i.k.p.i.AbstractProblemLoader Init config took 2.37s 
78357      INFO  main            d.u.i.k.p.i.AbstractProblemLoader Replaying proof Inc[Inc::inc_parameter(int)].JML normal_behavior operation contract.0 
78371      DEBUG main            d.u.i.k.p.i.IntermediateProofReplayer Proof replay took 11.87ms 
78372      DEBUG main            d.u.i.k.p.r.p.TestFile    ... success: reloaded. 
78372      INFO  main            d.u.i.k.p.r.p.TestFile    Now processing file /home/runner/work/key/key/key.core/../key.ui/examples/standard_key/java_dl/jml-assert/assert-old/inc-parameter-field.key 
78372      INFO  main            d.u.i.k.p.i.AbstractProblemLoader Loading environment from /home/runner/work/key/key/key.core/../key.ui/examples/standard_key/java_dl/jml-assert/assert-old/inc-parameter-field.key 
78373      DEBUG main            d.u.i.k.p.i.AbstractProblemLoader Environment load took 98.1ns 
78373      INFO  main            d.u.i.k.p.i.AbstractProblemLoader Creating init config 
80820      DEBUG main            d.u.i.k.p.i.AbstractProblemLoader Init config took 2.45s 
80854      INFO  main            d.u.i.k.p.i.AbstractProblemLoader Replaying proof Inc[Inc::inc_parameter_field(Inc)].JML normal_behavior operation contract.0 
80855      DEBUG main            d.u.i.k.p.i.IntermediateProofReplayer Proof replay took 6.5ns 
81057      INFO  main            d.u.i.k.p.r.p.TestFile    ... finished proof: closed. 
81286      INFO  main            d.u.i.k.p.i.AbstractProblemLoader Loading environment from /home/runner/work/key/key/key.core/../key.ui/examples/standard_key/java_dl/jml-assert/assert-old/inc-parameter-field.key.proof 
81286      DEBUG main            d.u.i.k.p.i.AbstractProblemLoader Environment load took 119.5ns 
81287      INFO  main            d.u.i.k.p.i.AbstractProblemLoader Creating init config 
83646      DEBUG main            d.u.i.k.p.i.AbstractProblemLoader Init config took 2.36s 
83678      INFO  main            d.u.i.k.p.i.AbstractProblemLoader Replaying proof Inc[Inc::inc_parameter_field(Inc)].JML normal_behavior operation contract.0 
83706      DEBUG main            d.u.i.k.p.i.IntermediateProofReplayer Proof replay took 26.13ms 
83707      DEBUG main            d.u.i.k.p.r.p.TestFile    ... success: reloaded. 
83708      INFO  main            d.u.i.k.p.r.p.TestFile    Now processing file /home/runner/work/key/key/key.core/../key.ui/examples/standard_key/java_dl/jml-assert/assert-old/inc-ghost-field.key 
83708      INFO  main            d.u.i.k.p.i.AbstractProblemLoader Loading environment from /home/runner/work/key/key/key.core/../key.ui/examples/standard_key/java_dl/jml-assert/assert-old/inc-ghost-field.key 
83708      DEBUG main            d.u.i.k.p.i.AbstractProblemLoader Environment load took 83.3ns 
83709      INFO  main            d.u.i.k.p.i.AbstractProblemLoader Creating init config 
86163      DEBUG main            d.u.i.k.p.i.AbstractProblemLoader Init config took 2.45s 
86196      INFO  main            d.u.i.k.p.i.AbstractProblemLoader Replaying proof Inc[Inc::inc_ghost_field()].JML normal_behavior operation contract.0 
86197      DEBUG main            d.u.i.k.p.i.IntermediateProofReplayer Proof replay took 5.6ns 
86301      INFO  main            d.u.i.k.p.r.p.TestFile    ... finished proof: closed. 
86528      INFO  main            d.u.i.k.p.i.AbstractProblemLoader Loading environment from /home/runner/work/key/key/key.core/../key.ui/examples/standard_key/java_dl/jml-assert/assert-old/inc-ghost-field.key.proof 
86528      DEBUG main            d.u.i.k.p.i.AbstractProblemLoader Environment load took 116.9ns 
86529      INFO  main            d.u.i.k.p.i.AbstractProblemLoader Creating init config 
88886      DEBUG main            d.u.i.k.p.i.AbstractProblemLoader Init config took 2.36s 
88919      INFO  main            d.u.i.k.p.i.AbstractProblemLoader Replaying proof Inc[Inc::inc_ghost_field()].JML normal_behavior operation contract.0 
88939      DEBUG main            d.u.i.k.p.i.IntermediateProofReplayer Proof replay took 18.88ms 
88940      DEBUG main            d.u.i.k.p.r.p.TestFile    ... success: reloaded. 
737571     INFO  Test worker     d.u.i.k.p.r.RunAllProofsTestUnit Returning from test jmlAsserts 
737572     INFO  Test worker     d.u.i.k.p.r.RunAllProofsTestUnit Running test javaCard 
329        INFO  Timeout watchdog d.u.i.k.p.r.p.ForkedTestFileRunner Timeout watcher launched (2000 secs.) 
337        WARN  main            d.u.i.k.s.ProofSettings   The settings in /home/runner/.key/proof-settings.props are *not* read. 
381        INFO  main            d.u.i.k.p.r.p.TestFile    Now processing file /home/runner/work/key/key/key.core/../key.ui/examples/heap/javacard/updateBalance0.key 
545        INFO  main            d.u.i.k.p.i.AbstractProblemLoader Loading environment from /home/runner/work/key/key/key.core/../key.ui/examples/heap/javacard/updateBalance0.key 
568        DEBUG main            d.u.i.k.p.i.AbstractProblemLoader Environment load took 8.47ms 
784        INFO  main            d.u.i.k.p.i.AbstractProblemLoader Creating init config 
1850       DEBUG main            d.u.i.k.j.TypeConverter   No LDT found for Meta 
1851       DEBUG main            d.u.i.k.j.TypeConverter   No LDT found for Meta 
1853       DEBUG main            d.u.i.k.j.TypeConverter   No LDT found for Meta 
1854       DEBUG main            d.u.i.k.j.TypeConverter   No LDT found for Meta 
3336       DEBUG main            d.u.i.k.j.TypeConverter   No LDT found for JavaBigintExpression 
6696       DEBUG main            d.u.i.k.p.i.AbstractProblemLoader Init config took 5.91s 
6866       INFO  main            d.u.i.k.p.i.AbstractProblemLoader Replaying proof Examples[Examples::updateBalance(short)].JML normal_behavior operation contract.0 
6908       DEBUG main            d.u.i.k.p.i.IntermediateProofReplayer Proof replay took 30.1ns 
8345       INFO  main            d.u.i.k.p.r.p.TestFile    ... finished proof: closed. 
8491       INFO  main            d.u.i.k.p.i.AbstractProblemLoader Loading environment from /home/runner/work/key/key/key.core/../key.ui/examples/heap/javacard/updateBalance0.key.proof 
8492       DEBUG main            d.u.i.k.p.i.AbstractProblemLoader Environment load took 511.91ns 
8494       INFO  main            d.u.i.k.p.i.AbstractProblemLoader Creating init config 
10280      DEBUG main            d.u.i.k.p.i.AbstractProblemLoader Init config took 1.79s 
10338      INFO  main            d.u.i.k.p.i.AbstractProblemLoader Replaying proof Examples[Examples::updateBalance(short)].JML normal_behavior operation contract.0 
10489      DEBUG main            d.u.i.k.p.i.IntermediateProofReplayer Proof replay took 142.21ms 
10498      DEBUG main            d.u.i.k.p.r.p.TestFile    ... success: reloaded. 
10501      INFO  main            d.u.i.k.p.r.p.TestFile    Now processing file /home/runner/work/key/key/key.core/../key.ui/examples/heap/javacard/updateBalance1.key 
10502      INFO  main            d.u.i.k.p.i.AbstractProblemLoader Loading environment from /home/runner/work/key/key/key.core/../key.ui/examples/heap/javacard/updateBalance1.key 
10502      DEBUG main            d.u.i.k.p.i.AbstractProblemLoader Environment load took 256.9ns 
10504      INFO  main            d.u.i.k.p.i.AbstractProblemLoader Creating init config 
12126      DEBUG main            d.u.i.k.p.i.AbstractProblemLoader Init config took 1.62s 
12187      INFO  main            d.u.i.k.p.i.AbstractProblemLoader Replaying proof Examples[Examples::updateBalance(short)].JML normal_behavior operation contract.1 
12190      DEBUG main            d.u.i.k.p.i.IntermediateProofReplayer Proof replay took 5.2ns 
12894      INFO  main            d.u.i.k.p.r.p.TestFile    ... finished proof: closed. 
13018      INFO  main            d.u.i.k.p.i.AbstractProblemLoader Loading environment from /home/runner/work/key/key/key.core/../key.ui/examples/heap/javacard/updateBalance1.key.proof 
13019      DEBUG main            d.u.i.k.p.i.AbstractProblemLoader Environment load took 522.91ns 
13020      INFO  main            d.u.i.k.p.i.AbstractProblemLoader Creating init config 
14598      DEBUG main            d.u.i.k.p.i.AbstractProblemLoader Init config took 1.58s 
14658      INFO  main            d.u.i.k.p.i.AbstractProblemLoader Replaying proof Examples[Examples::updateBalance(short)].JML normal_behavior operation contract.1 
14768      DEBUG main            d.u.i.k.p.i.IntermediateProofReplayer Proof replay took 99.45ms 
14771      DEBUG main            d.u.i.k.p.r.p.TestFile    ... success: reloaded. 
14774      INFO  main            d.u.i.k.p.r.p.TestFile    Now processing file /home/runner/work/key/key/key.core/../key.ui/examples/heap/javacard/setArray1.key 
14774      INFO  main            d.u.i.k.p.i.AbstractProblemLoader Loading environment from /home/runner/work/key/key/key.core/../key.ui/examples/heap/javacard/setArray1.key 
14774      DEBUG main            d.u.i.k.p.i.AbstractProblemLoader Environment load took 231.1ns 
14776      INFO  main            d.u.i.k.p.i.AbstractProblemLoader Creating init config 
16369      DEBUG main            d.u.i.k.p.i.AbstractProblemLoader Init config took 1.59s 
16416      INFO  main            d.u.i.k.p.i.AbstractProblemLoader Replaying proof Examples[Examples::setArray1([B)].JML normal_behavior operation contract.0 
16418      DEBUG main            d.u.i.k.p.i.IntermediateProofReplayer Proof replay took 5.8ns 
17423      INFO  main            d.u.i.k.p.r.p.TestFile    ... finished proof: closed. 
17537      INFO  main            d.u.i.k.p.i.AbstractProblemLoader Loading environment from /home/runner/work/key/key/key.core/../key.ui/examples/heap/javacard/setArray1.key.proof 
17538      DEBUG main            d.u.i.k.p.i.AbstractProblemLoader Environment load took 474.71ns 
17543      INFO  main            d.u.i.k.p.i.AbstractProblemLoader Creating init config 
19068      DEBUG main            d.u.i.k.p.i.AbstractProblemLoader Init config took 1.53s 
19109      INFO  main            d.u.i.k.p.i.AbstractProblemLoader Replaying proof Examples[Examples::setArray1([B)].JML normal_behavior operation contract.0 
19276      DEBUG main            d.u.i.k.p.i.IntermediateProofReplayer Proof replay took 162.43ms 
19279      DEBUG main            d.u.i.k.p.r.p.TestFile    ... success: reloaded. 
19281      INFO  main            d.u.i.k.p.r.p.TestFile    Now processing file /home/runner/work/key/key/key.core/../key.ui/examples/heap/javacard/setArray2.key 
19281      INFO  main            d.u.i.k.p.i.AbstractProblemLoader Loading environment from /home/runner/work/key/key/key.core/../key.ui/examples/heap/javacard/setArray2.key 
19282      DEBUG main            d.u.i.k.p.i.AbstractProblemLoader Environment load took 229.2ns 
19283      INFO  main            d.u.i.k.p.i.AbstractProblemLoader Creating init config 
20819      DEBUG main            d.u.i.k.p.i.AbstractProblemLoader Init config took 1.54s 
20859      INFO  main            d.u.i.k.p.i.AbstractProblemLoader Replaying proof Examples[Examples::setArray2([B)].JML normal_behavior operation contract.0 
20861      DEBUG main            d.u.i.k.p.i.IntermediateProofReplayer Proof replay took 6.8ns 
21866      INFO  main            d.u.i.k.p.r.p.TestFile    ... finished proof: closed. 
21996      INFO  main            d.u.i.k.p.i.AbstractProblemLoader Loading environment from /home/runner/work/key/key/key.core/../key.ui/examples/heap/javacard/setArray2.key.proof 
21996      DEBUG main            d.u.i.k.p.i.AbstractProblemLoader Environment load took 131.8ns 
21997      INFO  main            d.u.i.k.p.i.AbstractProblemLoader Creating init config 
23501      DEBUG main            d.u.i.k.p.i.AbstractProblemLoader Init config took 1.5s 
23540      INFO  main            d.u.i.k.p.i.AbstractProblemLoader Replaying proof Examples[Examples::setArray2([B)].JML normal_behavior operation contract.0 
23700      DEBUG main            d.u.i.k.p.i.IntermediateProofReplayer Proof replay took 155.02ms 
23702      DEBUG main            d.u.i.k.p.r.p.TestFile    ... success: reloaded. 
23705      INFO  main            d.u.i.k.p.r.p.TestFile    Now processing file /home/runner/work/key/key/key.core/../key.ui/examples/heap/javacard/arrayFillNonAtomic.key 
23705      INFO  main            d.u.i.k.p.i.AbstractProblemLoader Loading environment from /home/runner/work/key/key/key.core/../key.ui/examples/heap/javacard/arrayFillNonAtomic.key 
23705      DEBUG main            d.u.i.k.p.i.AbstractProblemLoader Environment load took 236.9ns 
23706      INFO  main            d.u.i.k.p.i.AbstractProblemLoader Creating init config 
25236      DEBUG main            d.u.i.k.p.i.AbstractProblemLoader Init config took 1.53s 
25299      INFO  main            d.u.i.k.p.i.AbstractProblemLoader Replaying proof javacard.framework.Util[javacard.framework.Util::arrayFillNonAtomic([B,short,short,byte)].JML behavior operation contract.0.transaction_inactive 
25301      DEBUG main            d.u.i.k.p.i.IntermediateProofReplayer Proof replay took 7.1ns 
26146      DEBUG Thread-13       d.u.i.k.l.o.ProgramSV     Match failed: Former match of  SchemaVariable incompatible with  the current match. 
26146      DEBUG Thread-13       d.u.i.k.l.o.ProgramSV     Match failed: Former match of  SchemaVariable incompatible with  the current match. 
27432      DEBUG Thread-13       d.u.i.k.l.o.ProgramSV     Match failed: Former match of  SchemaVariable incompatible with  the current match. 
27433      DEBUG Thread-13       d.u.i.k.l.o.ProgramSV     Match failed: Former match of  SchemaVariable incompatible with  the current match. 
28931      INFO  main            d.u.i.k.p.r.p.TestFile    ... finished proof: closed. 
29111      INFO  main            d.u.i.k.p.i.AbstractProblemLoader Loading environment from /home/runner/work/key/key/key.core/../key.ui/examples/heap/javacard/arrayFillNonAtomic.key.proof 
29112      DEBUG main            d.u.i.k.p.i.AbstractProblemLoader Environment load took 484.01ns 
29116      INFO  main            d.u.i.k.p.i.AbstractProblemLoader Creating init config 
30576      DEBUG main            d.u.i.k.p.i.AbstractProblemLoader Init config took 1.46s 
30631      INFO  main            d.u.i.k.p.i.AbstractProblemLoader Replaying proof javacard.framework.Util[javacard.framework.Util::arrayFillNonAtomic([B,short,short,byte)].JML behavior operation contract.0.transaction_inactive 
31312      DEBUG main            d.u.i.k.p.i.IntermediateProofReplayer Proof replay took 663.93ms 
31314      DEBUG main            d.u.i.k.p.r.p.TestFile    ... success: reloaded. 
31315      INFO  main            d.u.i.k.p.r.p.TestFile    Now processing file /home/runner/work/key/key/key.core/../key.ui/examples/heap/coincidence_count/project.key 
31316      INFO  main            d.u.i.k.p.i.AbstractProblemLoader Loading environment from /home/runner/work/key/key/key.core/../key.ui/examples/heap/coincidence_count/project.key 
31316      DEBUG main            d.u.i.k.p.i.AbstractProblemLoader Environment load took 228.7ns 
31317      INFO  main            d.u.i.k.p.i.AbstractProblemLoader Creating init config 
34611      DEBUG main            d.u.i.k.p.i.AbstractProblemLoader Init config took 3.29s 
34657      INFO  main            d.u.i.k.p.i.AbstractProblemLoader Replaying proof CC[CC::calcCoinIndex([I,[I)].JML normal_behavior operation contract.0 
34661      DEBUG main            d.u.i.k.p.i.IntermediateProofReplayer Proof replay took 6.2ns 
51867      INFO  main            d.u.i.k.p.r.p.TestFile    ... finished proof: closed. 
52167      INFO  main            d.u.i.k.p.i.AbstractProblemLoader Loading environment from /home/runner/work/key/key/key.core/../key.ui/examples/heap/coincidence_count/project.key.proof 
52168      DEBUG main            d.u.i.k.p.i.AbstractProblemLoader Environment load took 424.61ns 
52173      INFO  main            d.u.i.k.p.i.AbstractProblemLoader Creating init config 
54628      DEBUG main            d.u.i.k.p.i.AbstractProblemLoader Init config took 2.45s 
54669      INFO  main            d.u.i.k.p.i.AbstractProblemLoader Replaying proof CC[CC::calcCoinIndex([I,[I)].JML normal_behavior operation contract.0 
55361      DEBUG main            d.u.i.k.p.i.IntermediateProofReplayer Proof replay took 630.96ms 
55366      DEBUG main            d.u.i.k.p.r.p.TestFile    ... success: reloaded. 
55368      INFO  main            d.u.i.k.p.r.p.TestFile    Now processing file /home/runner/work/key/key/key.core/../key.ui/examples/heap/verifyThis11_1_Maximum/project.key 
55368      INFO  main            d.u.i.k.p.i.AbstractProblemLoader Loading environment from /home/runner/work/key/key/key.core/../key.ui/examples/heap/verifyThis11_1_Maximum/project.key 
55368      DEBUG main            d.u.i.k.p.i.AbstractProblemLoader Environment load took 230.1ns 
55370      INFO  main            d.u.i.k.p.i.AbstractProblemLoader Creating init config 
57873      DEBUG main            d.u.i.k.p.i.AbstractProblemLoader Init config took 2.5s 
57915      INFO  main            d.u.i.k.p.i.AbstractProblemLoader Replaying proof Maximum[Maximum::maxIndex([I)].JML normal_behavior operation contract.0 
57916      DEBUG main            d.u.i.k.p.i.IntermediateProofReplayer Proof replay took 6.6ns 
58822      INFO  main            d.u.i.k.p.r.p.TestFile    ... finished proof: closed. 
59080      INFO  main            d.u.i.k.p.i.AbstractProblemLoader Loading environment from /home/runner/work/key/key/key.core/../key.ui/examples/heap/verifyThis11_1_Maximum/project.key.proof 
59080      DEBUG main            d.u.i.k.p.i.AbstractProblemLoader Environment load took 485.81ns 
59081      INFO  main            d.u.i.k.p.i.AbstractProblemLoader Creating init config 
61509      DEBUG main            d.u.i.k.p.i.AbstractProblemLoader Init config took 2.43s 
61547      INFO  main            d.u.i.k.p.i.AbstractProblemLoader Replaying proof Maximum[Maximum::maxIndex([I)].JML normal_behavior operation contract.0 
61662      DEBUG main            d.u.i.k.p.i.IntermediateProofReplayer Proof replay took 108.51ms 
61663      DEBUG main            d.u.i.k.p.r.p.TestFile    ... success: reloaded. 
61664      INFO  main            d.u.i.k.p.r.p.TestFile    Now processing file /home/runner/work/key/key/key.core/../key.ui/examples/heap/fm12_01_LRS/lcp.key 
61665      INFO  main            d.u.i.k.p.i.AbstractProblemLoader Loading environment from /home/runner/work/key/key/key.core/../key.ui/examples/heap/fm12_01_LRS/lcp.key 
61665      DEBUG main            d.u.i.k.p.i.AbstractProblemLoader Environment load took 236.7ns 
61666      INFO  main            d.u.i.k.p.i.AbstractProblemLoader Creating init config 
64759      DEBUG main            d.u.i.k.p.i.AbstractProblemLoader Init config took 3.09s 
64815      INFO  main            d.u.i.k.p.i.AbstractProblemLoader Replaying proof LCP[LCP::lcp([I,int,int)].JML normal_behavior operation contract.0 
64818      DEBUG main            d.u.i.k.p.i.IntermediateProofReplayer Proof replay took 5.9ns 
65722      INFO  main            d.u.i.k.p.r.p.TestFile    ... finished proof: closed. 
65969      INFO  main            d.u.i.k.p.i.AbstractProblemLoader Loading environment from /home/runner/work/key/key/key.core/../key.ui/examples/heap/fm12_01_LRS/lcp.key.proof 
65970      DEBUG main            d.u.i.k.p.i.AbstractProblemLoader Environment load took 128.2ns 
65971      INFO  main            d.u.i.k.p.i.AbstractProblemLoader Creating init config 
68797      DEBUG main            d.u.i.k.p.i.AbstractProblemLoader Init config took 2.83s 
68852      INFO  main            d.u.i.k.p.i.AbstractProblemLoader Replaying proof LCP[LCP::lcp([I,int,int)].JML normal_behavior operation contract.0 
68992      DEBUG main            d.u.i.k.p.i.IntermediateProofReplayer Proof replay took 132.61ms 
68994      DEBUG main            d.u.i.k.p.r.p.TestFile    ... success: reloaded. 
68996      INFO  main            d.u.i.k.p.r.p.TestFile    Now processing file /home/runner/work/key/key/key.core/../key.ui/examples/heap/SemanticSlicing/project.key 
68997      INFO  main            d.u.i.k.p.i.AbstractProblemLoader Loading environment from /home/runner/work/key/key/key.core/../key.ui/examples/heap/SemanticSlicing/project.key 
68997      DEBUG main            d.u.i.k.p.i.AbstractProblemLoader Environment load took 217.6ns 
68998      INFO  main            d.u.i.k.p.i.AbstractProblemLoader Creating init config 
71580      DEBUG main            d.u.i.k.p.i.AbstractProblemLoader Init config took 2.58s 
71632      INFO  main            d.u.i.k.p.i.AbstractProblemLoader Replaying proof unsatcore_after.competition.postcond5.scope333.LRS[unsatcore_after.competition.postcond5.scope333.LRS::doLRS()].JML operation contract.0 
71633      DEBUG main            d.u.i.k.p.i.IntermediateProofReplayer Proof replay took 6.7ns 
75361      INFO  main            d.u.i.k.p.r.p.TestFile    ... finished proof: closed. 
75642      INFO  main            d.u.i.k.p.i.AbstractProblemLoader Loading environment from /home/runner/work/key/key/key.core/../key.ui/examples/heap/SemanticSlicing/project.key.proof 
75642      DEBUG main            d.u.i.k.p.i.AbstractProblemLoader Environment load took 128.3ns 
75643      INFO  main            d.u.i.k.p.i.AbstractProblemLoader Creating init config 
78175      DEBUG main            d.u.i.k.p.i.AbstractProblemLoader Init config took 2.53s 
78225      INFO  main            d.u.i.k.p.i.AbstractProblemLoader Replaying proof unsatcore_after.competition.postcond5.scope333.LRS[unsatcore_after.competition.postcond5.scope333.LRS::doLRS()].JML operation contract.0 
78785      DEBUG main            d.u.i.k.p.i.IntermediateProofReplayer Proof replay took 548.08ms 
78787      DEBUG main            d.u.i.k.p.r.p.TestFile    ... success: reloaded. 
78788      INFO  main            d.u.i.k.p.r.p.TestFile    Now processing file /home/runner/work/key/key/key.core/../key.ui/examples/heap/information_flow/ArrayList_contains.key 
78788      INFO  main            d.u.i.k.p.i.AbstractProblemLoader Loading environment from /home/runner/work/key/key/key.core/../key.ui/examples/heap/information_flow/ArrayList_contains.key 
78788      DEBUG main            d.u.i.k.p.i.AbstractProblemLoader Environment load took 102.5ns 
78789      INFO  main            d.u.i.k.p.i.AbstractProblemLoader Creating init config 
81550      DEBUG main            d.u.i.k.p.i.AbstractProblemLoader Init config took 2.76s 
81589      INFO  main            d.u.i.k.p.i.AbstractProblemLoader Replaying proof ArrayList[ArrayList::get(int)].JML normal_behavior operation contract.0 
81590      DEBUG main            d.u.i.k.p.i.IntermediateProofReplayer Proof replay took 7.1ns 
81896      INFO  main            d.u.i.k.p.r.p.TestFile    ... finished proof: closed. 
82188      INFO  main            d.u.i.k.p.i.AbstractProblemLoader Loading environment from /home/runner/work/key/key/key.core/../key.ui/examples/heap/information_flow/ArrayList_contains.key.proof 
82188      DEBUG main            d.u.i.k.p.i.AbstractProblemLoader Environment load took 123ns 
82189      INFO  main            d.u.i.k.p.i.AbstractProblemLoader Creating init config 
84764      DEBUG main            d.u.i.k.p.i.AbstractProblemLoader Init config took 2.57s 
84802      INFO  main            d.u.i.k.p.i.AbstractProblemLoader Replaying proof ArrayList[ArrayList::get(int)].JML normal_behavior operation contract.0 
84856      DEBUG main            d.u.i.k.p.i.IntermediateProofReplayer Proof replay took 51.5ms 
84857      DEBUG main            d.u.i.k.p.r.p.TestFile    ... success: reloaded. 
84858      INFO  main            d.u.i.k.p.r.p.TestFile    Now processing file /home/runner/work/key/key/key.core/../key.ui/examples/heap/information_flow/ArrayList_get.key 
84858      INFO  main            d.u.i.k.p.i.AbstractProblemLoader Loading environment from /home/runner/work/key/key/key.core/../key.ui/examples/heap/information_flow/ArrayList_get.key 
84858      DEBUG main            d.u.i.k.p.i.AbstractProblemLoader Environment load took 63.2ns 
84859      INFO  main            d.u.i.k.p.i.AbstractProblemLoader Creating init config 
87518      DEBUG main            d.u.i.k.p.i.AbstractProblemLoader Init config took 2.66s 
87554      INFO  main            d.u.i.k.p.i.AbstractProblemLoader Replaying proof ArrayList[ArrayList::contains(java.lang.Object)].JML normal_behavior operation contract.0 
87556      DEBUG main            d.u.i.k.p.i.IntermediateProofReplayer Proof replay took 6.6ns 
88459      INFO  main            d.u.i.k.p.r.p.TestFile    ... finished proof: closed. 
88761      INFO  main            d.u.i.k.p.i.AbstractProblemLoader Loading environment from /home/runner/work/key/key/key.core/../key.ui/examples/heap/information_flow/ArrayList_get.key.proof 
88763      DEBUG main            d.u.i.k.p.i.AbstractProblemLoader Environment load took 1.81ms 
88765      INFO  main            d.u.i.k.p.i.AbstractProblemLoader Creating init config 
91350      DEBUG main            d.u.i.k.p.i.AbstractProblemLoader Init config took 2.59s 
91387      INFO  main            d.u.i.k.p.i.AbstractProblemLoader Replaying proof ArrayList[ArrayList::contains(java.lang.Object)].JML normal_behavior operation contract.0 
91522      DEBUG main            d.u.i.k.p.i.IntermediateProofReplayer Proof replay took 130.06ms 
91523      DEBUG main            d.u.i.k.p.r.p.TestFile    ... success: reloaded. 
91524      INFO  main            d.u.i.k.p.r.p.TestFile    Now processing file /home/runner/work/key/key/key.core/../key.ui/examples/heap/information_flow/ArrayList_size.key 
91524      INFO  main            d.u.i.k.p.i.AbstractProblemLoader Loading environment from /home/runner/work/key/key/key.core/../key.ui/examples/heap/information_flow/ArrayList_size.key 
91524      DEBUG main            d.u.i.k.p.i.AbstractProblemLoader Environment load took 101ns 
91525      INFO  main            d.u.i.k.p.i.AbstractProblemLoader Creating init config 
94162      DEBUG main            d.u.i.k.p.i.AbstractProblemLoader Init config took 2.64s 
94199      INFO  main            d.u.i.k.p.i.AbstractProblemLoader Replaying proof ArrayList[ArrayList::size()].JML normal_behavior operation contract.0 
94200      DEBUG main            d.u.i.k.p.i.IntermediateProofReplayer Proof replay took 7ns 
94303      INFO  main            d.u.i.k.p.r.p.TestFile    ... finished proof: closed. 
94569      INFO  main            d.u.i.k.p.i.AbstractProblemLoader Loading environment from /home/runner/work/key/key/key.core/../key.ui/examples/heap/information_flow/ArrayList_size.key.proof 
94569      DEBUG main            d.u.i.k.p.i.AbstractProblemLoader Environment load took 122.8ns 
94573      INFO  main            d.u.i.k.p.i.AbstractProblemLoader Creating init config 
97140      DEBUG main            d.u.i.k.p.i.AbstractProblemLoader Init config took 2.57s 
97178      INFO  main            d.u.i.k.p.i.AbstractProblemLoader Replaying proof ArrayList[ArrayList::size()].JML normal_behavior operation contract.0 
97190      DEBUG main            d.u.i.k.p.i.IntermediateProofReplayer Proof replay took 10.21ms 
97191      DEBUG main            d.u.i.k.p.r.p.TestFile    ... success: reloaded. 
97192      INFO  main            d.u.i.k.p.r.p.TestFile    Now processing file /home/runner/work/key/key/key.core/../key.ui/examples/heap/information_flow/UpdateAbstraction_ex7_3_secure.key 
97193      INFO  main            d.u.i.k.p.i.AbstractProblemLoader Loading environment from /home/runner/work/key/key/key.core/../key.ui/examples/heap/information_flow/UpdateAbstraction_ex7_3_secure.key 
97193      DEBUG main            d.u.i.k.p.i.AbstractProblemLoader Environment load took 234ns 
97194      INFO  main            d.u.i.k.p.i.AbstractProblemLoader Creating init config 
99847      DEBUG main            d.u.i.k.p.i.AbstractProblemLoader Init config took 2.65s 
99883      INFO  main            d.u.i.k.p.i.AbstractProblemLoader Replaying proof UpdateAbstraction[UpdateAbstraction::ex7_3_secure()].JML operation contract.0 
99884      DEBUG main            d.u.i.k.p.i.IntermediateProofReplayer Proof replay took 6.8ns 
100087     INFO  main            d.u.i.k.p.r.p.TestFile    ... finished proof: closed. 
100360     INFO  main            d.u.i.k.p.i.AbstractProblemLoader Loading environment from /home/runner/work/key/key/key.core/../key.ui/examples/heap/information_flow/UpdateAbstraction_ex7_3_secure.key.proof 
100360     DEBUG main            d.u.i.k.p.i.AbstractProblemLoader Environment load took 127.8ns 
100361     INFO  main            d.u.i.k.p.i.AbstractProblemLoader Creating init config 
102923     DEBUG main            d.u.i.k.p.i.AbstractProblemLoader Init config took 2.56s 
102959     INFO  main            d.u.i.k.p.i.AbstractProblemLoader Replaying proof UpdateAbstraction[UpdateAbstraction::ex7_3_secure()].JML operation contract.0 
102982     DEBUG main            d.u.i.k.p.i.IntermediateProofReplayer Proof replay took 21.6ms 
102983     DEBUG main            d.u.i.k.p.r.p.TestFile    ... success: reloaded. 
102984     INFO  main            d.u.i.k.p.r.p.TestFile    Now processing file /home/runner/work/key/key/key.core/../key.ui/examples/heap/information_flow/UpdateAbstraction_ex7_4_secure.key 
102984     INFO  main            d.u.i.k.p.i.AbstractProblemLoader Loading environment from /home/runner/work/key/key/key.core/../key.ui/examples/heap/information_flow/UpdateAbstraction_ex7_4_secure.key 
102984     DEBUG main            d.u.i.k.p.i.AbstractProblemLoader Environment load took 58.9ns 
102985     INFO  main            d.u.i.k.p.i.AbstractProblemLoader Creating init config 
105609     DEBUG main            d.u.i.k.p.i.AbstractProblemLoader Init config took 2.62s 
105665     INFO  main            d.u.i.k.p.i.AbstractProblemLoader Replaying proof UpdateAbstraction[UpdateAbstraction::ex7_4_secure()].JML operation contract.0 
105667     DEBUG main            d.u.i.k.p.i.IntermediateProofReplayer Proof replay took 6.6ns 
105869     INFO  main            d.u.i.k.p.r.p.TestFile    ... finished proof: closed. 
106137     INFO  main            d.u.i.k.p.i.AbstractProblemLoader Loading environment from /home/runner/work/key/key/key.core/../key.ui/examples/heap/information_flow/UpdateAbstraction_ex7_4_secure.key.proof 
106138     DEBUG main            d.u.i.k.p.i.AbstractProblemLoader Environment load took 118.3ns 
106139     INFO  main            d.u.i.k.p.i.AbstractProblemLoader Creating init config 
108715     DEBUG main            d.u.i.k.p.i.AbstractProblemLoader Init config took 2.58s 
108750     INFO  main            d.u.i.k.p.i.AbstractProblemLoader Replaying proof UpdateAbstraction[UpdateAbstraction::ex7_4_secure()].JML operation contract.0 
108785     DEBUG main            d.u.i.k.p.i.IntermediateProofReplayer Proof replay took 32.94ms 
108786     DEBUG main            d.u.i.k.p.r.p.TestFile    ... success: reloaded. 
108787     INFO  main            d.u.i.k.p.r.p.TestFile    Now processing file /home/runner/work/key/key/key.core/../key.ui/examples/heap/information_flow/UpdateAbstraction_ex7_5_secure.key 
108788     INFO  main            d.u.i.k.p.i.AbstractProblemLoader Loading environment from /home/runner/work/key/key/key.core/../key.ui/examples/heap/information_flow/UpdateAbstraction_ex7_5_secure.key 
108788     DEBUG main            d.u.i.k.p.i.AbstractProblemLoader Environment load took 232.2ns 
108789     INFO  main            d.u.i.k.p.i.AbstractProblemLoader Creating init config 
111423     DEBUG main            d.u.i.k.p.i.AbstractProblemLoader Init config took 2.63s 
111458     INFO  main            d.u.i.k.p.i.AbstractProblemLoader Replaying proof UpdateAbstraction[UpdateAbstraction::ex7_5_secure()].JML operation contract.0 
111459     DEBUG main            d.u.i.k.p.i.IntermediateProofReplayer Proof replay took 6ns 
111562     INFO  main            d.u.i.k.p.r.p.TestFile    ... finished proof: closed. 
111843     INFO  main            d.u.i.k.p.i.AbstractProblemLoader Loading environment from /home/runner/work/key/key/key.core/../key.ui/examples/heap/information_flow/UpdateAbstraction_ex7_5_secure.key.proof 
111844     DEBUG main            d.u.i.k.p.i.AbstractProblemLoader Environment load took 123.2ns 
111844     INFO  main            d.u.i.k.p.i.AbstractProblemLoader Creating init config 
114392     DEBUG main            d.u.i.k.p.i.AbstractProblemLoader Init config took 2.55s 
114427     INFO  main            d.u.i.k.p.i.AbstractProblemLoader Replaying proof UpdateAbstraction[UpdateAbstraction::ex7_5_secure()].JML operation contract.0 
114442     DEBUG main            d.u.i.k.p.i.IntermediateProofReplayer Proof replay took 13.38ms 
114443     DEBUG main            d.u.i.k.p.r.p.TestFile    ... success: reloaded. 
114444     INFO  main            d.u.i.k.p.r.p.TestFile    Now processing file /home/runner/work/key/key/key.core/../key.ui/examples/heap/information_flow/UpdateAbstraction_ex7_6_secure.key 
114444     INFO  main            d.u.i.k.p.i.AbstractProblemLoader Loading environment from /home/runner/work/key/key/key.core/../key.ui/examples/heap/information_flow/UpdateAbstraction_ex7_6_secure.key 
114444     DEBUG main            d.u.i.k.p.i.AbstractProblemLoader Environment load took 60.6ns 
114445     INFO  main            d.u.i.k.p.i.AbstractProblemLoader Creating init config 
117054     DEBUG main            d.u.i.k.p.i.AbstractProblemLoader Init config took 2.61s 
117106     INFO  main            d.u.i.k.p.i.AbstractProblemLoader Replaying proof UpdateAbstraction[UpdateAbstraction::ex7_6_secure()].JML operation contract.0 
117107     DEBUG main            d.u.i.k.p.i.IntermediateProofReplayer Proof replay took 6.5ns 
117410     INFO  main            d.u.i.k.p.r.p.TestFile    ... finished proof: closed. 
117695     INFO  main            d.u.i.k.p.i.AbstractProblemLoader Loading environment from /home/runner/work/key/key/key.core/../key.ui/examples/heap/information_flow/UpdateAbstraction_ex7_6_secure.key.proof 
117695     DEBUG main            d.u.i.k.p.i.AbstractProblemLoader Environment load took 120.2ns 
117696     INFO  main            d.u.i.k.p.i.AbstractProblemLoader Creating init config 
120246     DEBUG main            d.u.i.k.p.i.AbstractProblemLoader Init config took 2.55s 
120291     INFO  main            d.u.i.k.p.i.AbstractProblemLoader Replaying proof UpdateAbstraction[UpdateAbstraction::ex7_6_secure()].JML operation contract.0 
120338     DEBUG main            d.u.i.k.p.i.IntermediateProofReplayer Proof replay took 44.07ms 
120339     DEBUG main            d.u.i.k.p.r.p.TestFile    ... success: reloaded. 
120340     INFO  main            d.u.i.k.p.r.p.TestFile    Now processing file /home/runner/work/key/key/key.core/../key.ui/examples/heap/information_flow/UpdateAbstraction_ex9_secure.key 
120340     INFO  main            d.u.i.k.p.i.AbstractProblemLoader Loading environment from /home/runner/work/key/key/key.core/../key.ui/examples/heap/information_flow/UpdateAbstraction_ex9_secure.key 
120341     DEBUG main            d.u.i.k.p.i.AbstractProblemLoader Environment load took 222.2ns 
120342     INFO  main            d.u.i.k.p.i.AbstractProblemLoader Creating init config 
122965     DEBUG main            d.u.i.k.p.i.AbstractProblemLoader Init config took 2.62s 
123000     INFO  main            d.u.i.k.p.i.AbstractProblemLoader Replaying proof UpdateAbstraction[UpdateAbstraction::ex9_secure()].JML operation contract.0 
123001     DEBUG main            d.u.i.k.p.i.IntermediateProofReplayer Proof replay took 6.7ns 
123842     INFO  main            d.u.i.k.p.r.p.TestFile    ... finished proof: closed. 
124155     INFO  main            d.u.i.k.p.i.AbstractProblemLoader Loading environment from /home/runner/work/key/key/key.core/../key.ui/examples/heap/information_flow/UpdateAbstraction_ex9_secure.key.proof 
124155     DEBUG main            d.u.i.k.p.i.AbstractProblemLoader Environment load took 483.11ns 
124156     INFO  main            d.u.i.k.p.i.AbstractProblemLoader Creating init config 
126708     DEBUG main            d.u.i.k.p.i.AbstractProblemLoader Init config took 2.55s 
126748     INFO  main            d.u.i.k.p.i.AbstractProblemLoader Replaying proof UpdateAbstraction[UpdateAbstraction::ex9_secure()].JML operation contract.0 
126889     DEBUG main            d.u.i.k.p.i.IntermediateProofReplayer Proof replay took 136.42ms 
126890     DEBUG main            d.u.i.k.p.r.p.TestFile    ... success: reloaded. 
864646     INFO  Test worker     d.u.i.k.p.r.RunAllProofsTestUnit Returning from test javaCard 
864648     INFO  Test worker     d.u.i.k.p.r.RunAllProofsTestUnit Running test list 
333        INFO  Timeout watchdog d.u.i.k.p.r.p.ForkedTestFileRunner Timeout watcher launched (2000 secs.) 
351        WARN  main            d.u.i.k.s.ProofSettings   The settings in /home/runner/.key/proof-settings.props are *not* read. 
399        INFO  main            d.u.i.k.p.r.p.TestFile    Now processing file /home/runner/work/key/key/key.core/../key.ui/examples/heap/list/ArrayList_add.key 
517        INFO  main            d.u.i.k.p.i.AbstractProblemLoader Loading environment from /home/runner/work/key/key/key.core/../key.ui/examples/heap/list/ArrayList_add.key 
553        DEBUG main            d.u.i.k.p.i.AbstractProblemLoader Environment load took 2.22ms 
780        INFO  main            d.u.i.k.p.i.AbstractProblemLoader Creating init config 
1688       DEBUG main            d.u.i.k.j.TypeConverter   No LDT found for Meta 
1693       DEBUG main            d.u.i.k.j.TypeConverter   No LDT found for Meta 
1696       DEBUG main            d.u.i.k.j.TypeConverter   No LDT found for Meta 
1696       DEBUG main            d.u.i.k.j.TypeConverter   No LDT found for Meta 
2951       DEBUG main            d.u.i.k.j.TypeConverter   No LDT found for JavaBigintExpression 
6296       DEBUG main            d.u.i.k.j.r.ClassPreparationMethodBuilder clPrepBuilder: Inner Class detected. Reject building class initialisation methods. 
8813       DEBUG main            d.u.i.k.p.i.AbstractProblemLoader Init config took 8.03s 
8952       INFO  main            d.u.i.k.p.i.AbstractProblemLoader Replaying proof ArrayList[List::add(java.lang.Object)].JML normal_behavior operation contract.0 
8984       DEBUG main            d.u.i.k.p.i.IntermediateProofReplayer Proof replay took 28.3ns 
14384      INFO  main            d.u.i.k.p.r.p.TestFile    ... finished proof: closed. 
14576      INFO  main            d.u.i.k.p.i.AbstractProblemLoader Loading environment from /home/runner/work/key/key/key.core/../key.ui/examples/heap/list/ArrayList_add.key.proof 
14577      DEBUG main            d.u.i.k.p.i.AbstractProblemLoader Environment load took 523.41ns 
14580      INFO  main            d.u.i.k.p.i.AbstractProblemLoader Creating init config 
15695      DEBUG main            d.u.i.k.j.r.ClassPreparationMethodBuilder clPrepBuilder: Inner Class detected. Reject building class initialisation methods. 
17914      DEBUG main            d.u.i.k.p.i.AbstractProblemLoader Init config took 3.33s 
17985      INFO  main            d.u.i.k.p.i.AbstractProblemLoader Replaying proof ArrayList[List::add(java.lang.Object)].JML normal_behavior operation contract.0 
18518      DEBUG main            d.u.i.k.p.i.IntermediateProofReplayer Proof replay took 505.94ms 
18527      DEBUG main            d.u.i.k.p.r.p.TestFile    ... success: reloaded. 
18529      INFO  main            d.u.i.k.p.r.p.TestFile    Now processing file /home/runner/work/key/key/key.core/../key.ui/examples/heap/list/ArrayList_ArrayList.key 
18530      INFO  main            d.u.i.k.p.i.AbstractProblemLoader Loading environment from /home/runner/work/key/key/key.core/../key.ui/examples/heap/list/ArrayList_ArrayList.key 
18530      DEBUG main            d.u.i.k.p.i.AbstractProblemLoader Environment load took 277.8ns 
18531      INFO  main            d.u.i.k.p.i.AbstractProblemLoader Creating init config 
19655      DEBUG main            d.u.i.k.j.r.ClassPreparationMethodBuilder clPrepBuilder: Inner Class detected. Reject building class initialisation methods. 
21799      DEBUG main            d.u.i.k.p.i.AbstractProblemLoader Init config took 3.27s 
21864      INFO  main            d.u.i.k.p.i.AbstractProblemLoader Replaying proof ArrayList[ArrayList::ArrayList()].JML normal_behavior operation contract.0 
21866      DEBUG main            d.u.i.k.p.i.IntermediateProofReplayer Proof replay took 33.7ns 
23274      INFO  main            d.u.i.k.p.r.p.TestFile    ... finished proof: closed. 
23456      INFO  main            d.u.i.k.p.i.AbstractProblemLoader Loading environment from /home/runner/work/key/key/key.core/../key.ui/examples/heap/list/ArrayList_ArrayList.key.proof 
23456      DEBUG main            d.u.i.k.p.i.AbstractProblemLoader Environment load took 222.4ns 
23458      INFO  main            d.u.i.k.p.i.AbstractProblemLoader Creating init config 
24482      DEBUG main            d.u.i.k.j.r.ClassPreparationMethodBuilder clPrepBuilder: Inner Class detected. Reject building class initialisation methods. 
26633      DEBUG main            d.u.i.k.p.i.AbstractProblemLoader Init config took 3.18s 
26691      INFO  main            d.u.i.k.p.i.AbstractProblemLoader Replaying proof ArrayList[ArrayList::ArrayList()].JML normal_behavior operation contract.0 
26866      DEBUG main            d.u.i.k.p.i.IntermediateProofReplayer Proof replay took 166.06ms 
26868      DEBUG main            d.u.i.k.p.r.p.TestFile    ... success: reloaded. 
26869      INFO  main            d.u.i.k.p.r.p.TestFile    Now processing file /home/runner/work/key/key/key.core/../key.ui/examples/heap/list/ArrayList_concatenate.key 
26870      INFO  main            d.u.i.k.p.i.AbstractProblemLoader Loading environment from /home/runner/work/key/key/key.core/../key.ui/examples/heap/list/ArrayList_concatenate.key 
26870      DEBUG main            d.u.i.k.p.i.AbstractProblemLoader Environment load took 256.6ns 
26871      INFO  main            d.u.i.k.p.i.AbstractProblemLoader Creating init config 
27938      DEBUG main            d.u.i.k.j.r.ClassPreparationMethodBuilder clPrepBuilder: Inner Class detected. Reject building class initialisation methods. 
30040      DEBUG main            d.u.i.k.p.i.AbstractProblemLoader Init config took 3.17s 
30097      INFO  main            d.u.i.k.p.i.AbstractProblemLoader Replaying proof ArrayList[List::concatenate(List)].JML normal_behavior operation contract.0 
30100      DEBUG main            d.u.i.k.p.i.IntermediateProofReplayer Proof replay took 6ns 
52786      INFO  main            d.u.i.k.p.r.p.TestFile    ... finished proof: closed. 
53036      INFO  main            d.u.i.k.p.i.AbstractProblemLoader Loading environment from /home/runner/work/key/key/key.core/../key.ui/examples/heap/list/ArrayList_concatenate.key.proof 
53036      DEBUG main            d.u.i.k.p.i.AbstractProblemLoader Environment load took 529.41ns 
53045      INFO  main            d.u.i.k.p.i.AbstractProblemLoader Creating init config 
54032      DEBUG main            d.u.i.k.j.r.ClassPreparationMethodBuilder clPrepBuilder: Inner Class detected. Reject building class initialisation methods. 
56116      DEBUG main            d.u.i.k.p.i.AbstractProblemLoader Init config took 3.07s 
56180      INFO  main            d.u.i.k.p.i.AbstractProblemLoader Replaying proof ArrayList[List::concatenate(List)].JML normal_behavior operation contract.0 
57659      DEBUG main            d.u.i.k.p.i.IntermediateProofReplayer Proof replay took 1.39s 
57663      DEBUG main            d.u.i.k.p.r.p.TestFile    ... success: reloaded. 
57664      INFO  main            d.u.i.k.p.r.p.TestFile    Now processing file /home/runner/work/key/key/key.core/../key.ui/examples/heap/list/ArrayList_contains_dep.key 
57665      INFO  main            d.u.i.k.p.i.AbstractProblemLoader Loading environment from /home/runner/work/key/key/key.core/../key.ui/examples/heap/list/ArrayList_contains_dep.key 
57665      DEBUG main            d.u.i.k.p.i.AbstractProblemLoader Environment load took 122.5ns 
57666      INFO  main            d.u.i.k.p.i.AbstractProblemLoader Creating init config 
58720      DEBUG main            d.u.i.k.j.r.ClassPreparationMethodBuilder clPrepBuilder: Inner Class detected. Reject building class initialisation methods. 
60855      DEBUG main            d.u.i.k.p.i.AbstractProblemLoader Init config took 3.19s 
60925      INFO  main            d.u.i.k.p.i.AbstractProblemLoader Replaying proof ArrayList[List::contains(java.lang.Object)].JML accessible clause.0 
60927      DEBUG main            d.u.i.k.p.i.IntermediateProofReplayer Proof replay took 6.8ns 
63448      INFO  main            d.u.i.k.p.r.p.TestFile    ... finished proof: closed. 
63678      INFO  main            d.u.i.k.p.i.AbstractProblemLoader Loading environment from /home/runner/work/key/key/key.core/../key.ui/examples/heap/list/ArrayList_contains_dep.key.proof 
63678      DEBUG main            d.u.i.k.p.i.AbstractProblemLoader Environment load took 480.01ns 
63680      INFO  main            d.u.i.k.p.i.AbstractProblemLoader Creating init config 
64686      DEBUG main            d.u.i.k.j.r.ClassPreparationMethodBuilder clPrepBuilder: Inner Class detected. Reject building class initialisation methods. 
66716      DEBUG main            d.u.i.k.p.i.AbstractProblemLoader Init config took 3.04s 
66767      INFO  main            d.u.i.k.p.i.AbstractProblemLoader Replaying proof ArrayList[List::contains(java.lang.Object)].JML accessible clause.0 
67062      DEBUG main            d.u.i.k.p.i.IntermediateProofReplayer Proof replay took 284.3ms 
67063      DEBUG main            d.u.i.k.p.r.p.TestFile    ... success: reloaded. 
67065      INFO  main            d.u.i.k.p.r.p.TestFile    Now processing file /home/runner/work/key/key/key.core/../key.ui/examples/heap/list/ArrayList_enlarge.key 
67065      INFO  main            d.u.i.k.p.i.AbstractProblemLoader Loading environment from /home/runner/work/key/key/key.core/../key.ui/examples/heap/list/ArrayList_enlarge.key 
67066      DEBUG main            d.u.i.k.p.i.AbstractProblemLoader Environment load took 262.3ns 
67067      INFO  main            d.u.i.k.p.i.AbstractProblemLoader Creating init config 
68113      DEBUG main            d.u.i.k.j.r.ClassPreparationMethodBuilder clPrepBuilder: Inner Class detected. Reject building class initialisation methods. 
70182      DEBUG main            d.u.i.k.p.i.AbstractProblemLoader Init config took 3.12s 
70233      INFO  main            d.u.i.k.p.i.AbstractProblemLoader Replaying proof ArrayList[ArrayList::enlarge()].JML normal_behavior operation contract.0 
70235      DEBUG main            d.u.i.k.p.i.IntermediateProofReplayer Proof replay took 6ns 
72445      INFO  main            d.u.i.k.p.r.p.TestFile    ... finished proof: closed. 
72670      INFO  main            d.u.i.k.p.i.AbstractProblemLoader Loading environment from /home/runner/work/key/key/key.core/../key.ui/examples/heap/list/ArrayList_enlarge.key.proof 
72670      DEBUG main            d.u.i.k.p.i.AbstractProblemLoader Environment load took 559.01ns 
72672      INFO  main            d.u.i.k.p.i.AbstractProblemLoader Creating init config 
73629      DEBUG main            d.u.i.k.j.r.ClassPreparationMethodBuilder clPrepBuilder: Inner Class detected. Reject building class initialisation methods. 
75732      DEBUG main            d.u.i.k.p.i.AbstractProblemLoader Init config took 3.06s 
75793      INFO  main            d.u.i.k.p.i.AbstractProblemLoader Replaying proof ArrayList[ArrayList::enlarge()].JML normal_behavior operation contract.0 
76060      DEBUG main            d.u.i.k.p.i.IntermediateProofReplayer Proof replay took 259.2ms 
76061      DEBUG main            d.u.i.k.p.r.p.TestFile    ... success: reloaded. 
76062      INFO  main            d.u.i.k.p.r.p.TestFile    Now processing file /home/runner/work/key/key/key.core/../key.ui/examples/heap/list/ArrayList_footprint.key 
76062      INFO  main            d.u.i.k.p.i.AbstractProblemLoader Loading environment from /home/runner/work/key/key/key.core/../key.ui/examples/heap/list/ArrayList_footprint.key 
76063      DEBUG main            d.u.i.k.p.i.AbstractProblemLoader Environment load took 122ns 
76063      INFO  main            d.u.i.k.p.i.AbstractProblemLoader Creating init config 
77058      DEBUG main            d.u.i.k.j.r.ClassPreparationMethodBuilder clPrepBuilder: Inner Class detected. Reject building class initialisation methods. 
79118      DEBUG main            d.u.i.k.p.i.AbstractProblemLoader Init config took 3.05s 
79160      INFO  main            d.u.i.k.p.i.AbstractProblemLoader Replaying proof List[List::$footprint()].JML accessible clause.0 
79161      DEBUG main            d.u.i.k.p.i.IntermediateProofReplayer Proof replay took 4.9ns 
79266      INFO  main            d.u.i.k.p.r.p.TestFile    ... finished proof: closed. 
79437      INFO  main            d.u.i.k.p.i.AbstractProblemLoader Loading environment from /home/runner/work/key/key/key.core/../key.ui/examples/heap/list/ArrayList_footprint.key.proof 
79438      DEBUG main            d.u.i.k.p.i.AbstractProblemLoader Environment load took 122.9ns 
79439      INFO  main            d.u.i.k.p.i.AbstractProblemLoader Creating init config 
80430      DEBUG main            d.u.i.k.j.r.ClassPreparationMethodBuilder clPrepBuilder: Inner Class detected. Reject building class initialisation methods. 
82487      DEBUG main            d.u.i.k.p.i.AbstractProblemLoader Init config took 3.05s 
82537      INFO  main            d.u.i.k.p.i.AbstractProblemLoader Replaying proof List[List::$footprint()].JML accessible clause.0 
82539      DEBUG main            d.u.i.k.p.i.IntermediateProofReplayer Proof replay took 874.71ns 
82540      DEBUG main            d.u.i.k.p.r.p.TestFile    ... success: reloaded. 
82542      INFO  main            d.u.i.k.p.r.p.TestFile    Now processing file /home/runner/work/key/key/key.core/../key.ui/examples/heap/list/ArrayList_get_dep.key 
82542      INFO  main            d.u.i.k.p.i.AbstractProblemLoader Loading environment from /home/runner/work/key/key/key.core/../key.ui/examples/heap/list/ArrayList_get_dep.key 
82542      DEBUG main            d.u.i.k.p.i.AbstractProblemLoader Environment load took 103.4ns 
82543      INFO  main            d.u.i.k.p.i.AbstractProblemLoader Creating init config 
83549      DEBUG main            d.u.i.k.j.r.ClassPreparationMethodBuilder clPrepBuilder: Inner Class detected. Reject building class initialisation methods. 
85620      DEBUG main            d.u.i.k.p.i.AbstractProblemLoader Init config took 3.08s 
85669      INFO  main            d.u.i.k.p.i.AbstractProblemLoader Replaying proof ArrayList[List::get(int)].JML accessible clause.0 
85673      DEBUG main            d.u.i.k.p.i.IntermediateProofReplayer Proof replay took 5.5ns 
86081      INFO  main            d.u.i.k.p.r.p.TestFile    ... finished proof: closed. 
86309      INFO  main            d.u.i.k.p.i.AbstractProblemLoader Loading environment from /home/runner/work/key/key/key.core/../key.ui/examples/heap/list/ArrayList_get_dep.key.proof 
86310      DEBUG main            d.u.i.k.p.i.AbstractProblemLoader Environment load took 120.6ns 
86313      INFO  main            d.u.i.k.p.i.AbstractProblemLoader Creating init config 
87287      DEBUG main            d.u.i.k.j.r.ClassPreparationMethodBuilder clPrepBuilder: Inner Class detected. Reject building class initialisation methods. 
89336      DEBUG main            d.u.i.k.p.i.AbstractProblemLoader Init config took 3.02s 
89381      INFO  main            d.u.i.k.p.i.AbstractProblemLoader Replaying proof ArrayList[List::get(int)].JML accessible clause.0 
89432      DEBUG main            d.u.i.k.p.i.IntermediateProofReplayer Proof replay took 47.68ms 
89433      DEBUG main            d.u.i.k.p.r.p.TestFile    ... success: reloaded. 
89434      INFO  main            d.u.i.k.p.r.p.TestFile    Now processing file /home/runner/work/key/key/key.core/../key.ui/examples/heap/list/ArrayList_get_exceptional.key 
89435      INFO  main            d.u.i.k.p.i.AbstractProblemLoader Loading environment from /home/runner/work/key/key/key.core/../key.ui/examples/heap/list/ArrayList_get_exceptional.key 
89435      DEBUG main            d.u.i.k.p.i.AbstractProblemLoader Environment load took 155.9ns 
89436      INFO  main            d.u.i.k.p.i.AbstractProblemLoader Creating init config 
90440      DEBUG main            d.u.i.k.j.r.ClassPreparationMethodBuilder clPrepBuilder: Inner Class detected. Reject building class initialisation methods. 
92523      DEBUG main            d.u.i.k.p.i.AbstractProblemLoader Init config took 3.09s 
92568      INFO  main            d.u.i.k.p.i.AbstractProblemLoader Replaying proof ArrayList[List::get(int)].JML exceptional_behavior operation contract.0 
92570      DEBUG main            d.u.i.k.p.i.IntermediateProofReplayer Proof replay took 4.9ns 
93674      INFO  main            d.u.i.k.p.r.p.TestFile    ... finished proof: closed. 
93917      INFO  main            d.u.i.k.p.i.AbstractProblemLoader Loading environment from /home/runner/work/key/key/key.core/../key.ui/examples/heap/list/ArrayList_get_exceptional.key.proof 
93917      DEBUG main            d.u.i.k.p.i.AbstractProblemLoader Environment load took 479.81ns 
93919      INFO  main            d.u.i.k.p.i.AbstractProblemLoader Creating init config 
94868      DEBUG main            d.u.i.k.j.r.ClassPreparationMethodBuilder clPrepBuilder: Inner Class detected. Reject building class initialisation methods. 
96935      DEBUG main            d.u.i.k.p.i.AbstractProblemLoader Init config took 3.02s 
96981      INFO  main            d.u.i.k.p.i.AbstractProblemLoader Replaying proof ArrayList[List::get(int)].JML exceptional_behavior operation contract.0 
97122      DEBUG main            d.u.i.k.p.i.IntermediateProofReplayer Proof replay took 134.66ms 
97123      DEBUG main            d.u.i.k.p.r.p.TestFile    ... success: reloaded. 
97125      INFO  main            d.u.i.k.p.r.p.TestFile    Now processing file /home/runner/work/key/key/key.core/../key.ui/examples/heap/list/ArrayList_get_normal.key 
97125      INFO  main            d.u.i.k.p.i.AbstractProblemLoader Loading environment from /home/runner/work/key/key/key.core/../key.ui/examples/heap/list/ArrayList_get_normal.key 
97125      DEBUG main            d.u.i.k.p.i.AbstractProblemLoader Environment load took 88.1ns 
97126      INFO  main            d.u.i.k.p.i.AbstractProblemLoader Creating init config 
98107      DEBUG main            d.u.i.k.j.r.ClassPreparationMethodBuilder clPrepBuilder: Inner Class detected. Reject building class initialisation methods. 
100140     DEBUG main            d.u.i.k.p.i.AbstractProblemLoader Init config took 3.01s 
100186     INFO  main            d.u.i.k.p.i.AbstractProblemLoader Replaying proof ArrayList[List::get(int)].JML normal_behavior operation contract.0 
100187     DEBUG main            d.u.i.k.p.i.IntermediateProofReplayer Proof replay took 5ns 
100593     INFO  main            d.u.i.k.p.r.p.TestFile    ... finished proof: closed. 
100805     INFO  main            d.u.i.k.p.i.AbstractProblemLoader Loading environment from /home/runner/work/key/key/key.core/../key.ui/examples/heap/list/ArrayList_get_normal.key.proof 
100805     DEBUG main            d.u.i.k.p.i.AbstractProblemLoader Environment load took 130.6ns 
100806     INFO  main            d.u.i.k.p.i.AbstractProblemLoader Creating init config 
101769     DEBUG main            d.u.i.k.j.r.ClassPreparationMethodBuilder clPrepBuilder: Inner Class detected. Reject building class initialisation methods. 
103799     DEBUG main            d.u.i.k.p.i.AbstractProblemLoader Init config took 2.99s 
103845     INFO  main            d.u.i.k.p.i.AbstractProblemLoader Replaying proof ArrayList[List::get(int)].JML normal_behavior operation contract.0 
103896     DEBUG main            d.u.i.k.p.i.IntermediateProofReplayer Proof replay took 48.08ms 
103897     DEBUG main            d.u.i.k.p.r.p.TestFile    ... success: reloaded. 
103898     INFO  main            d.u.i.k.p.r.p.TestFile    Now processing file /home/runner/work/key/key/key.core/../key.ui/examples/heap/list/ArrayList_inv.key 
103898     INFO  main            d.u.i.k.p.i.AbstractProblemLoader Loading environment from /home/runner/work/key/key/key.core/../key.ui/examples/heap/list/ArrayList_inv.key 
103898     DEBUG main            d.u.i.k.p.i.AbstractProblemLoader Environment load took 95.8ns 
103899     INFO  main            d.u.i.k.p.i.AbstractProblemLoader Creating init config 
104877     DEBUG main            d.u.i.k.j.r.ClassPreparationMethodBuilder clPrepBuilder: Inner Class detected. Reject building class initialisation methods. 
106928     DEBUG main            d.u.i.k.p.i.AbstractProblemLoader Init config took 3.03s 
106989     INFO  main            d.u.i.k.p.i.AbstractProblemLoader Replaying proof ArrayList[java.lang.Object::<inv>()].JML accessible clause.0 
106990     DEBUG main            d.u.i.k.p.i.IntermediateProofReplayer Proof replay took 5.4ns 
107393     INFO  main            d.u.i.k.p.r.p.TestFile    ... finished proof: closed. 
107612     INFO  main            d.u.i.k.p.i.AbstractProblemLoader Loading environment from /home/runner/work/key/key/key.core/../key.ui/examples/heap/list/ArrayList_inv.key.proof 
107612     DEBUG main            d.u.i.k.p.i.AbstractProblemLoader Environment load took 132.4ns 
107613     INFO  main            d.u.i.k.p.i.AbstractProblemLoader Creating init config 
108573     DEBUG main            d.u.i.k.j.r.ClassPreparationMethodBuilder clPrepBuilder: Inner Class detected. Reject building class initialisation methods. 
110579     DEBUG main            d.u.i.k.p.i.AbstractProblemLoader Init config took 2.97s 
110625     INFO  main            d.u.i.k.p.i.AbstractProblemLoader Replaying proof ArrayList[java.lang.Object::<inv>()].JML accessible clause.0 
110658     DEBUG main            d.u.i.k.p.i.IntermediateProofReplayer Proof replay took 30.43ms 
110659     DEBUG main            d.u.i.k.p.r.p.TestFile    ... success: reloaded. 
110660     INFO  main            d.u.i.k.p.r.p.TestFile    Now processing file /home/runner/work/key/key/key.core/../key.ui/examples/heap/list/ArrayList_iterator.key 
110660     INFO  main            d.u.i.k.p.i.AbstractProblemLoader Loading environment from /home/runner/work/key/key/key.core/../key.ui/examples/heap/list/ArrayList_iterator.key 
110661     DEBUG main            d.u.i.k.p.i.AbstractProblemLoader Environment load took 119.5ns 
110661     INFO  main            d.u.i.k.p.i.AbstractProblemLoader Creating init config 
111638     DEBUG main            d.u.i.k.j.r.ClassPreparationMethodBuilder clPrepBuilder: Inner Class detected. Reject building class initialisation methods. 
113694     DEBUG main            d.u.i.k.p.i.AbstractProblemLoader Init config took 3.03s 
113739     INFO  main            d.u.i.k.p.i.AbstractProblemLoader Replaying proof ArrayList[List::iterator()].JML normal_behavior operation contract.0 
113741     DEBUG main            d.u.i.k.p.i.IntermediateProofReplayer Proof replay took 6.1ns 
114245     INFO  main            d.u.i.k.p.r.p.TestFile    ... finished proof: closed. 
114453     INFO  main            d.u.i.k.p.i.AbstractProblemLoader Loading environment from /home/runner/work/key/key/key.core/../key.ui/examples/heap/list/ArrayList_iterator.key.proof 
114454     DEBUG main            d.u.i.k.p.i.AbstractProblemLoader Environment load took 140.7ns 
114455     INFO  main            d.u.i.k.p.i.AbstractProblemLoader Creating init config 
115418     DEBUG main            d.u.i.k.j.r.ClassPreparationMethodBuilder clPrepBuilder: Inner Class detected. Reject building class initialisation methods. 
117412     DEBUG main            d.u.i.k.p.i.AbstractProblemLoader Init config took 2.96s 
117457     INFO  main            d.u.i.k.p.i.AbstractProblemLoader Replaying proof ArrayList[List::iterator()].JML normal_behavior operation contract.0 
117531     DEBUG main            d.u.i.k.p.i.IntermediateProofReplayer Proof replay took 69.74ms 
117532     DEBUG main            d.u.i.k.p.r.p.TestFile    ... success: reloaded. 
117533     INFO  main            d.u.i.k.p.r.p.TestFile    Now processing file /home/runner/work/key/key/key.core/../key.ui/examples/heap/list/ArrayList_size_dep.key 
117534     INFO  main            d.u.i.k.p.i.AbstractProblemLoader Loading environment from /home/runner/work/key/key/key.core/../key.ui/examples/heap/list/ArrayList_size_dep.key 
117534     DEBUG main            d.u.i.k.p.i.AbstractProblemLoader Environment load took 99.7ns 
117534     INFO  main            d.u.i.k.p.i.AbstractProblemLoader Creating init config 
118526     DEBUG main            d.u.i.k.j.r.ClassPreparationMethodBuilder clPrepBuilder: Inner Class detected. Reject building class initialisation methods. 
120590     DEBUG main            d.u.i.k.p.i.AbstractProblemLoader Init config took 3.06s 
120634     INFO  main            d.u.i.k.p.i.AbstractProblemLoader Replaying proof ArrayList[List::size()].JML accessible clause.0 
120636     DEBUG main            d.u.i.k.p.i.IntermediateProofReplayer Proof replay took 6ns 
120840     INFO  main            d.u.i.k.p.r.p.TestFile    ... finished proof: closed. 
121064     INFO  main            d.u.i.k.p.i.AbstractProblemLoader Loading environment from /home/runner/work/key/key/key.core/../key.ui/examples/heap/list/ArrayList_size_dep.key.proof 
121064     DEBUG main            d.u.i.k.p.i.AbstractProblemLoader Environment load took 138.1ns 
121065     INFO  main            d.u.i.k.p.i.AbstractProblemLoader Creating init config 
122012     DEBUG main            d.u.i.k.j.r.ClassPreparationMethodBuilder clPrepBuilder: Inner Class detected. Reject building class initialisation methods. 
124033     DEBUG main            d.u.i.k.p.i.AbstractProblemLoader Init config took 2.97s 
124089     INFO  main            d.u.i.k.p.i.AbstractProblemLoader Replaying proof ArrayList[List::size()].JML accessible clause.0 
124109     DEBUG main            d.u.i.k.p.i.IntermediateProofReplayer Proof replay took 16.47ms 
124110     DEBUG main            d.u.i.k.p.r.p.TestFile    ... success: reloaded. 
124112     INFO  main            d.u.i.k.p.r.p.TestFile    Now processing file /home/runner/work/key/key/key.core/../key.ui/examples/heap/list/ArrayList_size.key 
124113     INFO  main            d.u.i.k.p.i.AbstractProblemLoader Loading environment from /home/runner/work/key/key/key.core/../key.ui/examples/heap/list/ArrayList_size.key 
124113     DEBUG main            d.u.i.k.p.i.AbstractProblemLoader Environment load took 141.5ns 
124115     INFO  main            d.u.i.k.p.i.AbstractProblemLoader Creating init config 
125097     DEBUG main            d.u.i.k.j.r.ClassPreparationMethodBuilder clPrepBuilder: Inner Class detected. Reject building class initialisation methods. 
127131     DEBUG main            d.u.i.k.p.i.AbstractProblemLoader Init config took 3.02s 
127176     INFO  main            d.u.i.k.p.i.AbstractProblemLoader Replaying proof ArrayList[List::size()].JML normal_behavior operation contract.0 
127178     DEBUG main            d.u.i.k.p.i.IntermediateProofReplayer Proof replay took 6.4ns 
127382     INFO  main            d.u.i.k.p.r.p.TestFile    ... finished proof: closed. 
127612     INFO  main            d.u.i.k.p.i.AbstractProblemLoader Loading environment from /home/runner/work/key/key/key.core/../key.ui/examples/heap/list/ArrayList_size.key.proof 
127612     DEBUG main            d.u.i.k.p.i.AbstractProblemLoader Environment load took 118.1ns 
127613     INFO  main            d.u.i.k.p.i.AbstractProblemLoader Creating init config 
128551     DEBUG main            d.u.i.k.j.r.ClassPreparationMethodBuilder clPrepBuilder: Inner Class detected. Reject building class initialisation methods. 
130558     DEBUG main            d.u.i.k.p.i.AbstractProblemLoader Init config took 2.94s 
130613     INFO  main            d.u.i.k.p.i.AbstractProblemLoader Replaying proof ArrayList[List::size()].JML normal_behavior operation contract.0 
130642     DEBUG main            d.u.i.k.p.i.IntermediateProofReplayer Proof replay took 24.4ms 
130643     DEBUG main            d.u.i.k.p.r.p.TestFile    ... success: reloaded. 
130647     INFO  main            d.u.i.k.p.r.p.TestFile    Now processing file /home/runner/work/key/key/key.core/../key.ui/examples/heap/list/ArrayList.ArrayListIterator_ArrayListIterator.key 
130647     INFO  main            d.u.i.k.p.i.AbstractProblemLoader Loading environment from /home/runner/work/key/key/key.core/../key.ui/examples/heap/list/ArrayList.ArrayListIterator_ArrayListIterator.key 
130647     DEBUG main            d.u.i.k.p.i.AbstractProblemLoader Environment load took 236.6ns 
130648     INFO  main            d.u.i.k.p.i.AbstractProblemLoader Creating init config 
131637     DEBUG main            d.u.i.k.j.r.ClassPreparationMethodBuilder clPrepBuilder: Inner Class detected. Reject building class initialisation methods. 
133672     DEBUG main            d.u.i.k.p.i.AbstractProblemLoader Init config took 3.02s 
133740     INFO  main            d.u.i.k.p.i.AbstractProblemLoader Replaying proof ArrayList.ArrayListIterator[ArrayList.ArrayListIterator::ArrayListIterator(ArrayList)].JML normal_behavior operation contract.0 
133741     DEBUG main            d.u.i.k.p.i.IntermediateProofReplayer Proof replay took 6.4ns 
134350     INFO  main            d.u.i.k.p.r.p.TestFile    ... finished proof: closed. 
134602     INFO  main            d.u.i.k.p.i.AbstractProblemLoader Loading environment from /home/runner/work/key/key/key.core/../key.ui/examples/heap/list/ArrayList.ArrayListIterator_ArrayListIterator.key.proof 
134603     DEBUG main            d.u.i.k.p.i.AbstractProblemLoader Environment load took 520.61ns 
134604     INFO  main            d.u.i.k.p.i.AbstractProblemLoader Creating init config 
135553     DEBUG main            d.u.i.k.j.r.ClassPreparationMethodBuilder clPrepBuilder: Inner Class detected. Reject building class initialisation methods. 
137589     DEBUG main            d.u.i.k.p.i.AbstractProblemLoader Init config took 2.99s 
137642     INFO  main            d.u.i.k.p.i.AbstractProblemLoader Replaying proof ArrayList.ArrayListIterator[ArrayList.ArrayListIterator::ArrayListIterator(ArrayList)].JML normal_behavior operation contract.0 
137713     DEBUG main            d.u.i.k.p.i.IntermediateProofReplayer Proof replay took 67.66ms 
137714     DEBUG main            d.u.i.k.p.r.p.TestFile    ... success: reloaded. 
137715     INFO  main            d.u.i.k.p.r.p.TestFile    Now processing file /home/runner/work/key/key/key.core/../key.ui/examples/heap/list/ArrayList.ArrayListIterator_hasNext_dep.key 
137715     INFO  main            d.u.i.k.p.i.AbstractProblemLoader Loading environment from /home/runner/work/key/key/key.core/../key.ui/examples/heap/list/ArrayList.ArrayListIterator_hasNext_dep.key 
137715     DEBUG main            d.u.i.k.p.i.AbstractProblemLoader Environment load took 151.9ns 
137716     INFO  main            d.u.i.k.p.i.AbstractProblemLoader Creating init config 
138674     DEBUG main            d.u.i.k.j.r.ClassPreparationMethodBuilder clPrepBuilder: Inner Class detected. Reject building class initialisation methods. 
140710     DEBUG main            d.u.i.k.p.i.AbstractProblemLoader Init config took 2.99s 
140761     INFO  main            d.u.i.k.p.i.AbstractProblemLoader Replaying proof ArrayList.ArrayListIterator[ListIterator::hasNext()].JML accessible clause.0 
140763     DEBUG main            d.u.i.k.p.i.IntermediateProofReplayer Proof replay took 6.7ns 
141066     INFO  main            d.u.i.k.p.r.p.TestFile    ... finished proof: closed. 
141318     INFO  main            d.u.i.k.p.i.AbstractProblemLoader Loading environment from /home/runner/work/key/key/key.core/../key.ui/examples/heap/list/ArrayList.ArrayListIterator_hasNext_dep.key.proof 
141318     DEBUG main            d.u.i.k.p.i.AbstractProblemLoader Environment load took 148.5ns 
141319     INFO  main            d.u.i.k.p.i.AbstractProblemLoader Creating init config 
142281     DEBUG main            d.u.i.k.j.r.ClassPreparationMethodBuilder clPrepBuilder: Inner Class detected. Reject building class initialisation methods. 
144311     DEBUG main            d.u.i.k.p.i.AbstractProblemLoader Init config took 2.99s 
144362     INFO  main            d.u.i.k.p.i.AbstractProblemLoader Replaying proof ArrayList.ArrayListIterator[ListIterator::hasNext()].JML accessible clause.0 
144394     DEBUG main            d.u.i.k.p.i.IntermediateProofReplayer Proof replay took 30.17ms 
144395     DEBUG main            d.u.i.k.p.r.p.TestFile    ... success: reloaded. 
144396     INFO  main            d.u.i.k.p.r.p.TestFile    Now processing file /home/runner/work/key/key/key.core/../key.ui/examples/heap/list/ArrayList.ArrayListIterator_hasNext.key 
144397     INFO  main            d.u.i.k.p.i.AbstractProblemLoader Loading environment from /home/runner/work/key/key/key.core/../key.ui/examples/heap/list/ArrayList.ArrayListIterator_hasNext.key 
144397     DEBUG main            d.u.i.k.p.i.AbstractProblemLoader Environment load took 83.5ns 
144398     INFO  main            d.u.i.k.p.i.AbstractProblemLoader Creating init config 
145360     DEBUG main            d.u.i.k.j.r.ClassPreparationMethodBuilder clPrepBuilder: Inner Class detected. Reject building class initialisation methods. 
147381     DEBUG main            d.u.i.k.p.i.AbstractProblemLoader Init config took 2.98s 
147433     INFO  main            d.u.i.k.p.i.AbstractProblemLoader Replaying proof ArrayList.ArrayListIterator[ListIterator::hasNext()].JML normal_behavior operation contract.0 
147434     DEBUG main            d.u.i.k.p.i.IntermediateProofReplayer Proof replay took 6.1ns 
147838     INFO  main            d.u.i.k.p.r.p.TestFile    ... finished proof: closed. 
148092     INFO  main            d.u.i.k.p.i.AbstractProblemLoader Loading environment from /home/runner/work/key/key/key.core/../key.ui/examples/heap/list/ArrayList.ArrayListIterator_hasNext.key.proof 
148092     DEBUG main            d.u.i.k.p.i.AbstractProblemLoader Environment load took 110ns 
148094     INFO  main            d.u.i.k.p.i.AbstractProblemLoader Creating init config 
149036     DEBUG main            d.u.i.k.j.r.ClassPreparationMethodBuilder clPrepBuilder: Inner Class detected. Reject building class initialisation methods. 
151039     DEBUG main            d.u.i.k.p.i.AbstractProblemLoader Init config took 2.95s 
151089     INFO  main            d.u.i.k.p.i.AbstractProblemLoader Replaying proof ArrayList.ArrayListIterator[ListIterator::hasNext()].JML normal_behavior operation contract.0 
151147     DEBUG main            d.u.i.k.p.i.IntermediateProofReplayer Proof replay took 54.96ms 
151149     DEBUG main            d.u.i.k.p.r.p.TestFile    ... success: reloaded. 
151150     INFO  main            d.u.i.k.p.r.p.TestFile    Now processing file /home/runner/work/key/key/key.core/../key.ui/examples/heap/list/ArrayList.ArrayListIterator_inv.key 
151150     INFO  main            d.u.i.k.p.i.AbstractProblemLoader Loading environment from /home/runner/work/key/key/key.core/../key.ui/examples/heap/list/ArrayList.ArrayListIterator_inv.key 
151150     DEBUG main            d.u.i.k.p.i.AbstractProblemLoader Environment load took 192.2ns 
151151     INFO  main            d.u.i.k.p.i.AbstractProblemLoader Creating init config 
152106     DEBUG main            d.u.i.k.j.r.ClassPreparationMethodBuilder clPrepBuilder: Inner Class detected. Reject building class initialisation methods. 
154178     DEBUG main            d.u.i.k.p.i.AbstractProblemLoader Init config took 3.03s 
154229     INFO  main            d.u.i.k.p.i.AbstractProblemLoader Replaying proof ArrayList.ArrayListIterator[java.lang.Object::<inv>()].JML accessible clause.0 
154230     DEBUG main            d.u.i.k.p.i.IntermediateProofReplayer Proof replay took 6ns 
155254     INFO  main            d.u.i.k.p.r.p.TestFile    ... finished proof: closed. 
155512     INFO  main            d.u.i.k.p.i.AbstractProblemLoader Loading environment from /home/runner/work/key/key/key.core/../key.ui/examples/heap/list/ArrayList.ArrayListIterator_inv.key.proof 
155513     DEBUG main            d.u.i.k.p.i.AbstractProblemLoader Environment load took 476.81ns 
155514     INFO  main            d.u.i.k.p.i.AbstractProblemLoader Creating init config 
156477     DEBUG main            d.u.i.k.j.r.ClassPreparationMethodBuilder clPrepBuilder: Inner Class detected. Reject building class initialisation methods. 
158458     DEBUG main            d.u.i.k.p.i.AbstractProblemLoader Init config took 2.94s 
158512     INFO  main            d.u.i.k.p.i.AbstractProblemLoader Replaying proof ArrayList.ArrayListIterator[java.lang.Object::<inv>()].JML accessible clause.0 
158582     DEBUG main            d.u.i.k.p.i.IntermediateProofReplayer Proof replay took 65.38ms 
158583     DEBUG main            d.u.i.k.p.r.p.TestFile    ... success: reloaded. 
158584     INFO  main            d.u.i.k.p.r.p.TestFile    Now processing file /home/runner/work/key/key/key.core/../key.ui/examples/heap/list/ArrayList.ArrayListIterator_list.key 
158585     INFO  main            d.u.i.k.p.i.AbstractProblemLoader Loading environment from /home/runner/work/key/key/key.core/../key.ui/examples/heap/list/ArrayList.ArrayListIterator_list.key 
158585     DEBUG main            d.u.i.k.p.i.AbstractProblemLoader Environment load took 275.1ns 
158586     INFO  main            d.u.i.k.p.i.AbstractProblemLoader Creating init config 
159572     DEBUG main            d.u.i.k.j.r.ClassPreparationMethodBuilder clPrepBuilder: Inner Class detected. Reject building class initialisation methods. 
161594     DEBUG main            d.u.i.k.p.i.AbstractProblemLoader Init config took 3.01s 
161632     INFO  main            d.u.i.k.p.i.AbstractProblemLoader Replaying proof ListIterator[ListIterator::$list()].JML accessible clause.0 
161633     DEBUG main            d.u.i.k.p.i.IntermediateProofReplayer Proof replay took 5.3ns 
161735     INFO  main            d.u.i.k.p.r.p.TestFile    ... finished proof: closed. 
161986     INFO  main            d.u.i.k.p.i.AbstractProblemLoader Loading environment from /home/runner/work/key/key/key.core/../key.ui/examples/heap/list/ArrayList.ArrayListIterator_list.key.proof 
161986     DEBUG main            d.u.i.k.p.i.AbstractProblemLoader Environment load took 135.2ns 
161987     INFO  main            d.u.i.k.p.i.AbstractProblemLoader Creating init config 
162945     DEBUG main            d.u.i.k.j.r.ClassPreparationMethodBuilder clPrepBuilder: Inner Class detected. Reject building class initialisation methods. 
164929     DEBUG main            d.u.i.k.p.i.AbstractProblemLoader Init config took 2.94s 
164967     INFO  main            d.u.i.k.p.i.AbstractProblemLoader Replaying proof ListIterator[ListIterator::$list()].JML accessible clause.0 
164969     DEBUG main            d.u.i.k.p.i.IntermediateProofReplayer Proof replay took 748.01ns 
164970     DEBUG main            d.u.i.k.p.r.p.TestFile    ... success: reloaded. 
164971     INFO  main            d.u.i.k.p.r.p.TestFile    Now processing file /home/runner/work/key/key/key.core/../key.ui/examples/heap/list/ArrayList.ArrayListIterator_next_exceptional.key 
164971     INFO  main            d.u.i.k.p.i.AbstractProblemLoader Loading environment from /home/runner/work/key/key/key.core/../key.ui/examples/heap/list/ArrayList.ArrayListIterator_next_exceptional.key 
164971     DEBUG main            d.u.i.k.p.i.AbstractProblemLoader Environment load took 111.9ns 
164972     INFO  main            d.u.i.k.p.i.AbstractProblemLoader Creating init config 
165958     DEBUG main            d.u.i.k.j.r.ClassPreparationMethodBuilder clPrepBuilder: Inner Class detected. Reject building class initialisation methods. 
168024     DEBUG main            d.u.i.k.p.i.AbstractProblemLoader Init config took 3.05s 
168074     INFO  main            d.u.i.k.p.i.AbstractProblemLoader Replaying proof ArrayList.ArrayListIterator[ListIterator::next()].JML exceptional_behavior operation contract.0 
168075     DEBUG main            d.u.i.k.p.i.IntermediateProofReplayer Proof replay took 6ns 
168896     INFO  main            d.u.i.k.p.r.p.TestFile    ... finished proof: closed. 
169162     INFO  main            d.u.i.k.p.i.AbstractProblemLoader Loading environment from /home/runner/work/key/key/key.core/../key.ui/examples/heap/list/ArrayList.ArrayListIterator_next_exceptional.key.proof 
169163     DEBUG main            d.u.i.k.p.i.AbstractProblemLoader Environment load took 466.7ns 
169164     INFO  main            d.u.i.k.p.i.AbstractProblemLoader Creating init config 
170122     DEBUG main            d.u.i.k.j.r.ClassPreparationMethodBuilder clPrepBuilder: Inner Class detected. Reject building class initialisation methods. 
172106     DEBUG main            d.u.i.k.p.i.AbstractProblemLoader Init config took 2.94s 
172157     INFO  main            d.u.i.k.p.i.AbstractProblemLoader Replaying proof ArrayList.ArrayListIterator[ListIterator::next()].JML exceptional_behavior operation contract.0 
172248     DEBUG main            d.u.i.k.p.i.IntermediateProofReplayer Proof replay took 86.54ms 
172250     DEBUG main            d.u.i.k.p.r.p.TestFile    ... success: reloaded. 
172251     INFO  main            d.u.i.k.p.r.p.TestFile    Now processing file /home/runner/work/key/key/key.core/../key.ui/examples/heap/list/ArrayList.ArrayListIterator_next_normal.key 
172251     INFO  main            d.u.i.k.p.i.AbstractProblemLoader Loading environment from /home/runner/work/key/key/key.core/../key.ui/examples/heap/list/ArrayList.ArrayListIterator_next_normal.key 
172252     DEBUG main            d.u.i.k.p.i.AbstractProblemLoader Environment load took 262.2ns 
172253     INFO  main            d.u.i.k.p.i.AbstractProblemLoader Creating init config 
173233     DEBUG main            d.u.i.k.j.r.ClassPreparationMethodBuilder clPrepBuilder: Inner Class detected. Reject building class initialisation methods. 
175249     DEBUG main            d.u.i.k.p.i.AbstractProblemLoader Init config took 3s 
175299     INFO  main            d.u.i.k.p.i.AbstractProblemLoader Replaying proof ArrayList.ArrayListIterator[ListIterator::next()].JML normal_behavior operation contract.0 
175301     DEBUG main            d.u.i.k.p.i.IntermediateProofReplayer Proof replay took 5.9ns 
176141     INFO  main            d.u.i.k.p.r.p.TestFile    ... finished proof: closed. 
176408     INFO  main            d.u.i.k.p.i.AbstractProblemLoader Loading environment from /home/runner/work/key/key/key.core/../key.ui/examples/heap/list/ArrayList.ArrayListIterator_next_normal.key.proof 
176408     DEBUG main            d.u.i.k.p.i.AbstractProblemLoader Environment load took 126.1ns 
176409     INFO  main            d.u.i.k.p.i.AbstractProblemLoader Creating init config 
177362     DEBUG main            d.u.i.k.j.r.ClassPreparationMethodBuilder clPrepBuilder: Inner Class detected. Reject building class initialisation methods. 
179346     DEBUG main            d.u.i.k.p.i.AbstractProblemLoader Init config took 2.94s 
179408     INFO  main            d.u.i.k.p.i.AbstractProblemLoader Replaying proof ArrayList.ArrayListIterator[ListIterator::next()].JML normal_behavior operation contract.0 
179504     DEBUG main            d.u.i.k.p.i.IntermediateProofReplayer Proof replay took 91.16ms 
179505     DEBUG main            d.u.i.k.p.r.p.TestFile    ... success: reloaded. 
179506     INFO  main            d.u.i.k.p.r.p.TestFile    Now processing file /home/runner/work/key/key/key.core/../key.ui/examples/heap/list/ArrayList.ArrayListIterator_pos.key 
179506     INFO  main            d.u.i.k.p.i.AbstractProblemLoader Loading environment from /home/runner/work/key/key/key.core/../key.ui/examples/heap/list/ArrayList.ArrayListIterator_pos.key 
179506     DEBUG main            d.u.i.k.p.i.AbstractProblemLoader Environment load took 90.8ns 
179507     INFO  main            d.u.i.k.p.i.AbstractProblemLoader Creating init config 
180467     DEBUG main            d.u.i.k.j.r.ClassPreparationMethodBuilder clPrepBuilder: Inner Class detected. Reject building class initialisation methods. 
182524     DEBUG main            d.u.i.k.p.i.AbstractProblemLoader Init config took 3.02s 
182562     INFO  main            d.u.i.k.p.i.AbstractProblemLoader Replaying proof ListIterator[ListIterator::$pos()].JML accessible clause.0 
182563     DEBUG main            d.u.i.k.p.i.IntermediateProofReplayer Proof replay took 6.2ns 
182667     INFO  main            d.u.i.k.p.r.p.TestFile    ... finished proof: closed. 
182932     INFO  main            d.u.i.k.p.i.AbstractProblemLoader Loading environment from /home/runner/work/key/key/key.core/../key.ui/examples/heap/list/ArrayList.ArrayListIterator_pos.key.proof 
182933     DEBUG main            d.u.i.k.p.i.AbstractProblemLoader Environment load took 130.6ns 
182934     INFO  main            d.u.i.k.p.i.AbstractProblemLoader Creating init config 
183871     DEBUG main            d.u.i.k.j.r.ClassPreparationMethodBuilder clPrepBuilder: Inner Class detected. Reject building class initialisation methods. 
185847     DEBUG main            d.u.i.k.p.i.AbstractProblemLoader Init config took 2.91s 
185889     INFO  main            d.u.i.k.p.i.AbstractProblemLoader Replaying proof ListIterator[ListIterator::$pos()].JML accessible clause.0 
185892     DEBUG main            d.u.i.k.p.i.IntermediateProofReplayer Proof replay took 738.11ns 
185893     DEBUG main            d.u.i.k.p.r.p.TestFile    ... success: reloaded. 
185894     INFO  main            d.u.i.k.p.r.p.TestFile    Now processing file /home/runner/work/key/key/key.core/../key.ui/examples/heap/list/Client_m.key 
185895     INFO  main            d.u.i.k.p.i.AbstractProblemLoader Loading environment from /home/runner/work/key/key/key.core/../key.ui/examples/heap/list/Client_m.key 
185895     DEBUG main            d.u.i.k.p.i.AbstractProblemLoader Environment load took 249.5ns 
185896     INFO  main            d.u.i.k.p.i.AbstractProblemLoader Creating init config 
186872     DEBUG main            d.u.i.k.j.r.ClassPreparationMethodBuilder clPrepBuilder: Inner Class detected. Reject building class initialisation methods. 
188901     DEBUG main            d.u.i.k.p.i.AbstractProblemLoader Init config took 3.01s 
188940     INFO  main            d.u.i.k.p.i.AbstractProblemLoader Replaying proof Client[Client::m(List)].JML normal_behavior operation contract.0 
188941     DEBUG main            d.u.i.k.p.i.IntermediateProofReplayer Proof replay took 6.2ns 
189244     INFO  main            d.u.i.k.p.r.p.TestFile    ... finished proof: closed. 
189533     INFO  main            d.u.i.k.p.i.AbstractProblemLoader Loading environment from /home/runner/work/key/key/key.core/../key.ui/examples/heap/list/Client_m.key.proof 
189533     DEBUG main            d.u.i.k.p.i.AbstractProblemLoader Environment load took 111.4ns 
189534     INFO  main            d.u.i.k.p.i.AbstractProblemLoader Creating init config 
190475     DEBUG main            d.u.i.k.j.r.ClassPreparationMethodBuilder clPrepBuilder: Inner Class detected. Reject building class initialisation methods. 
192493     DEBUG main            d.u.i.k.p.i.AbstractProblemLoader Init config took 2.96s 
192532     INFO  main            d.u.i.k.p.i.AbstractProblemLoader Replaying proof Client[Client::m(List)].JML normal_behavior operation contract.0 
192579     DEBUG main            d.u.i.k.p.i.IntermediateProofReplayer Proof replay took 44.76ms 
192580     DEBUG main            d.u.i.k.p.r.p.TestFile    ... success: reloaded. 
192580     INFO  main            d.u.i.k.p.r.p.TestFile    Now processing file /home/runner/work/key/key/key.core/../key.ui/examples/heap/list/Client_n.key 
192581     INFO  main            d.u.i.k.p.i.AbstractProblemLoader Loading environment from /home/runner/work/key/key/key.core/../key.ui/examples/heap/list/Client_n.key 
192581     DEBUG main            d.u.i.k.p.i.AbstractProblemLoader Environment load took 50.6ns 
192582     INFO  main            d.u.i.k.p.i.AbstractProblemLoader Creating init config 
193538     DEBUG main            d.u.i.k.j.r.ClassPreparationMethodBuilder clPrepBuilder: Inner Class detected. Reject building class initialisation methods. 
195545     DEBUG main            d.u.i.k.p.i.AbstractProblemLoader Init config took 2.96s 
195583     INFO  main            d.u.i.k.p.i.AbstractProblemLoader Replaying proof Client[Client::n(List)].JML normal_behavior operation contract.0 
195584     DEBUG main            d.u.i.k.p.i.IntermediateProofReplayer Proof replay took 5.9ns 
195687     INFO  main            d.u.i.k.p.r.p.TestFile    ... finished proof: closed. 
195979     INFO  main            d.u.i.k.p.i.AbstractProblemLoader Loading environment from /home/runner/work/key/key/key.core/../key.ui/examples/heap/list/Client_n.key.proof 
195979     DEBUG main            d.u.i.k.p.i.AbstractProblemLoader Environment load took 123.4ns 
195980     INFO  main            d.u.i.k.p.i.AbstractProblemLoader Creating init config 
196920     DEBUG main            d.u.i.k.j.r.ClassPreparationMethodBuilder clPrepBuilder: Inner Class detected. Reject building class initialisation methods. 
198895     DEBUG main            d.u.i.k.p.i.AbstractProblemLoader Init config took 2.91s 
198934     INFO  main            d.u.i.k.p.i.AbstractProblemLoader Replaying proof Client[Client::n(List)].JML normal_behavior operation contract.0 
198949     DEBUG main            d.u.i.k.p.i.IntermediateProofReplayer Proof replay took 14.03ms 
198950     DEBUG main            d.u.i.k.p.r.p.TestFile    ... success: reloaded. 
198951     INFO  main            d.u.i.k.p.r.p.TestFile    Now processing file /home/runner/work/key/key/key.core/../key.ui/examples/heap/list/LinkedList_get_exceptional.key 
198951     INFO  main            d.u.i.k.p.i.AbstractProblemLoader Loading environment from /home/runner/work/key/key/key.core/../key.ui/examples/heap/list/LinkedList_get_exceptional.key 
198952     DEBUG main            d.u.i.k.p.i.AbstractProblemLoader Environment load took 87.5ns 
198952     INFO  main            d.u.i.k.p.i.AbstractProblemLoader Creating init config 
199908     DEBUG main            d.u.i.k.j.r.ClassPreparationMethodBuilder clPrepBuilder: Inner Class detected. Reject building class initialisation methods. 
201927     DEBUG main            d.u.i.k.p.i.AbstractProblemLoader Init config took 2.97s 
201990     INFO  main            d.u.i.k.p.i.AbstractProblemLoader Replaying proof LinkedList[List::get(int)].JML exceptional_behavior operation contract.0 
201991     DEBUG main            d.u.i.k.p.i.IntermediateProofReplayer Proof replay took 5.5ns 
204017     INFO  main            d.u.i.k.p.r.p.TestFile    ... finished proof: closed. 
204322     INFO  main            d.u.i.k.p.i.AbstractProblemLoader Loading environment from /home/runner/work/key/key/key.core/../key.ui/examples/heap/list/LinkedList_get_exceptional.key.proof 
204323     DEBUG main            d.u.i.k.p.i.AbstractProblemLoader Environment load took 1.46ms 
204326     INFO  main            d.u.i.k.p.i.AbstractProblemLoader Creating init config 
205267     DEBUG main            d.u.i.k.j.r.ClassPreparationMethodBuilder clPrepBuilder: Inner Class detected. Reject building class initialisation methods. 
207241     DEBUG main            d.u.i.k.p.i.AbstractProblemLoader Init config took 2.92s 
207284     INFO  main            d.u.i.k.p.i.AbstractProblemLoader Replaying proof LinkedList[List::get(int)].JML exceptional_behavior operation contract.0 
207504     DEBUG main            d.u.i.k.p.i.IntermediateProofReplayer Proof replay took 212.96ms 
207506     DEBUG main            d.u.i.k.p.r.p.TestFile    ... success: reloaded. 
207507     INFO  main            d.u.i.k.p.r.p.TestFile    Now processing file /home/runner/work/key/key/key.core/../key.ui/examples/heap/list/LinkedList_get_normal.key 
207507     INFO  main            d.u.i.k.p.i.AbstractProblemLoader Loading environment from /home/runner/work/key/key/key.core/../key.ui/examples/heap/list/LinkedList_get_normal.key 
207507     DEBUG main            d.u.i.k.p.i.AbstractProblemLoader Environment load took 92.4ns 
207508     INFO  main            d.u.i.k.p.i.AbstractProblemLoader Creating init config 
208499     DEBUG main            d.u.i.k.j.r.ClassPreparationMethodBuilder clPrepBuilder: Inner Class detected. Reject building class initialisation methods. 
210504     DEBUG main            d.u.i.k.p.i.AbstractProblemLoader Init config took 3s 
210547     INFO  main            d.u.i.k.p.i.AbstractProblemLoader Replaying proof LinkedList[List::get(int)].JML normal_behavior operation contract.0 
210548     DEBUG main            d.u.i.k.p.i.IntermediateProofReplayer Proof replay took 6.3ns 
216375     INFO  main            d.u.i.k.p.r.p.TestFile    ... finished proof: closed. 
216784     INFO  main            d.u.i.k.p.i.AbstractProblemLoader Loading environment from /home/runner/work/key/key/key.core/../key.ui/examples/heap/list/LinkedList_get_normal.key.proof 
216784     DEBUG main            d.u.i.k.p.i.AbstractProblemLoader Environment load took 108.5ns 
216786     INFO  main            d.u.i.k.p.i.AbstractProblemLoader Creating init config 
217723     DEBUG main            d.u.i.k.j.r.ClassPreparationMethodBuilder clPrepBuilder: Inner Class detected. Reject building class initialisation methods. 
219690     DEBUG main            d.u.i.k.p.i.AbstractProblemLoader Init config took 2.9s 
219734     INFO  main            d.u.i.k.p.i.AbstractProblemLoader Replaying proof LinkedList[List::get(int)].JML normal_behavior operation contract.0 
220102     DEBUG main            d.u.i.k.p.i.IntermediateProofReplayer Proof replay took 347.02ms 
220105     DEBUG main            d.u.i.k.p.r.p.TestFile    ... success: reloaded. 
220106     INFO  main            d.u.i.k.p.r.p.TestFile    Now processing file /home/runner/work/key/key/key.core/../key.ui/examples/heap/list/LinkedList_LinkedList.key 
220106     INFO  main            d.u.i.k.p.i.AbstractProblemLoader Loading environment from /home/runner/work/key/key/key.core/../key.ui/examples/heap/list/LinkedList_LinkedList.key 
220106     DEBUG main            d.u.i.k.p.i.AbstractProblemLoader Environment load took 54.9ns 
220107     INFO  main            d.u.i.k.p.i.AbstractProblemLoader Creating init config 
221100     DEBUG main            d.u.i.k.j.r.ClassPreparationMethodBuilder clPrepBuilder: Inner Class detected. Reject building class initialisation methods. 
223122     DEBUG main            d.u.i.k.p.i.AbstractProblemLoader Init config took 3.02s 
223164     INFO  main            d.u.i.k.p.i.AbstractProblemLoader Replaying proof LinkedList[LinkedList::LinkedList()].JML normal_behavior operation contract.0 
223166     DEBUG main            d.u.i.k.p.i.IntermediateProofReplayer Proof replay took 5.6ns 
223668     INFO  main            d.u.i.k.p.r.p.TestFile    ... finished proof: closed. 
223990     INFO  main            d.u.i.k.p.i.AbstractProblemLoader Loading environment from /home/runner/work/key/key/key.core/../key.ui/examples/heap/list/LinkedList_LinkedList.key.proof 
223991     DEBUG main            d.u.i.k.p.i.AbstractProblemLoader Environment load took 276.6ns 
223991     INFO  main            d.u.i.k.p.i.AbstractProblemLoader Creating init config 
224928     DEBUG main            d.u.i.k.j.r.ClassPreparationMethodBuilder clPrepBuilder: Inner Class detected. Reject building class initialisation methods. 
226914     DEBUG main            d.u.i.k.p.i.AbstractProblemLoader Init config took 2.92s 
226958     INFO  main            d.u.i.k.p.i.AbstractProblemLoader Replaying proof LinkedList[LinkedList::LinkedList()].JML normal_behavior operation contract.0 
227019     DEBUG main            d.u.i.k.p.i.IntermediateProofReplayer Proof replay took 58.6ms 
227020     DEBUG main            d.u.i.k.p.r.p.TestFile    ... success: reloaded. 
227021     INFO  main            d.u.i.k.p.r.p.TestFile    Now processing file /home/runner/work/key/key/key.core/../key.ui/examples/heap/list/LinkedList_size_dep.key 
227021     INFO  main            d.u.i.k.p.i.AbstractProblemLoader Loading environment from /home/runner/work/key/key/key.core/../key.ui/examples/heap/list/LinkedList_size_dep.key 
227021     DEBUG main            d.u.i.k.p.i.AbstractProblemLoader Environment load took 71.2ns 
227022     INFO  main            d.u.i.k.p.i.AbstractProblemLoader Creating init config 
227973     DEBUG main            d.u.i.k.j.r.ClassPreparationMethodBuilder clPrepBuilder: Inner Class detected. Reject building class initialisation methods. 
229983     DEBUG main            d.u.i.k.p.i.AbstractProblemLoader Init config took 2.96s 
230024     INFO  main            d.u.i.k.p.i.AbstractProblemLoader Replaying proof LinkedList[List::size()].JML accessible clause.0 
230026     DEBUG main            d.u.i.k.p.i.IntermediateProofReplayer Proof replay took 6.4ns 
230528     INFO  main            d.u.i.k.p.r.p.TestFile    ... finished proof: closed. 
230846     INFO  main            d.u.i.k.p.i.AbstractProblemLoader Loading environment from /home/runner/work/key/key/key.core/../key.ui/examples/heap/list/LinkedList_size_dep.key.proof 
230846     DEBUG main            d.u.i.k.p.i.AbstractProblemLoader Environment load took 111.6ns 
230847     INFO  main            d.u.i.k.p.i.AbstractProblemLoader Creating init config 
231788     DEBUG main            d.u.i.k.j.r.ClassPreparationMethodBuilder clPrepBuilder: Inner Class detected. Reject building class initialisation methods. 
233745     DEBUG main            d.u.i.k.p.i.AbstractProblemLoader Init config took 2.9s 
233787     INFO  main            d.u.i.k.p.i.AbstractProblemLoader Replaying proof LinkedList[List::size()].JML accessible clause.0 
233817     DEBUG main            d.u.i.k.p.i.IntermediateProofReplayer Proof replay took 27.86ms 
233818     DEBUG main            d.u.i.k.p.r.p.TestFile    ... success: reloaded. 
233819     INFO  main            d.u.i.k.p.r.p.TestFile    Now processing file /home/runner/work/key/key/key.core/../key.ui/examples/heap/list/LinkedList_size.key 
233819     INFO  main            d.u.i.k.p.i.AbstractProblemLoader Loading environment from /home/runner/work/key/key/key.core/../key.ui/examples/heap/list/LinkedList_size.key 
233819     DEBUG main            d.u.i.k.p.i.AbstractProblemLoader Environment load took 84.7ns 
233820     INFO  main            d.u.i.k.p.i.AbstractProblemLoader Creating init config 
234781     DEBUG main            d.u.i.k.j.r.ClassPreparationMethodBuilder clPrepBuilder: Inner Class detected. Reject building class initialisation methods. 
236791     DEBUG main            d.u.i.k.p.i.AbstractProblemLoader Init config took 2.97s 
236833     INFO  main            d.u.i.k.p.i.AbstractProblemLoader Replaying proof LinkedList[List::size()].JML normal_behavior operation contract.0 
236835     DEBUG main            d.u.i.k.p.i.IntermediateProofReplayer Proof replay took 5.9ns 
237237     INFO  main            d.u.i.k.p.r.p.TestFile    ... finished proof: closed. 
237550     INFO  main            d.u.i.k.p.i.AbstractProblemLoader Loading environment from /home/runner/work/key/key/key.core/../key.ui/examples/heap/list/LinkedList_size.key.proof 
237550     DEBUG main            d.u.i.k.p.i.AbstractProblemLoader Environment load took 131.1ns 
237551     INFO  main            d.u.i.k.p.i.AbstractProblemLoader Creating init config 
238485     DEBUG main            d.u.i.k.j.r.ClassPreparationMethodBuilder clPrepBuilder: Inner Class detected. Reject building class initialisation methods. 
240444     DEBUG main            d.u.i.k.p.i.AbstractProblemLoader Init config took 2.89s 
240486     INFO  main            d.u.i.k.p.i.AbstractProblemLoader Replaying proof LinkedList[List::size()].JML normal_behavior operation contract.0 
240513     DEBUG main            d.u.i.k.p.i.IntermediateProofReplayer Proof replay took 24.8ms 
240514     DEBUG main            d.u.i.k.p.r.p.TestFile    ... success: reloaded. 
240515     INFO  main            d.u.i.k.p.r.p.TestFile    Now processing file /home/runner/work/key/key/key.core/../key.ui/examples/heap/list/MySet_footprint.key 
240515     INFO  main            d.u.i.k.p.i.AbstractProblemLoader Loading environment from /home/runner/work/key/key/key.core/../key.ui/examples/heap/list/MySet_footprint.key 
240515     DEBUG main            d.u.i.k.p.i.AbstractProblemLoader Environment load took 71.1ns 
240516     INFO  main            d.u.i.k.p.i.AbstractProblemLoader Creating init config 
241469     DEBUG main            d.u.i.k.j.r.ClassPreparationMethodBuilder clPrepBuilder: Inner Class detected. Reject building class initialisation methods. 
243493     DEBUG main            d.u.i.k.p.i.AbstractProblemLoader Init config took 2.98s 
243537     INFO  main            d.u.i.k.p.i.AbstractProblemLoader Replaying proof MySet[MySet::$footprint()].JML accessible clause.0 
243538     DEBUG main            d.u.i.k.p.i.IntermediateProofReplayer Proof replay took 5.6ns 
243841     INFO  main            d.u.i.k.p.r.p.TestFile    ... finished proof: closed. 
244169     INFO  main            d.u.i.k.p.i.AbstractProblemLoader Loading environment from /home/runner/work/key/key/key.core/../key.ui/examples/heap/list/MySet_footprint.key.proof 
244169     DEBUG main            d.u.i.k.p.i.AbstractProblemLoader Environment load took 118.3ns 
244170     INFO  main            d.u.i.k.p.i.AbstractProblemLoader Creating init config 
245108     DEBUG main            d.u.i.k.j.r.ClassPreparationMethodBuilder clPrepBuilder: Inner Class detected. Reject building class initialisation methods. 
247072     DEBUG main            d.u.i.k.p.i.AbstractProblemLoader Init config took 2.9s 
247117     INFO  main            d.u.i.k.p.i.AbstractProblemLoader Replaying proof MySet[MySet::$footprint()].JML accessible clause.0 
247138     DEBUG main            d.u.i.k.p.i.IntermediateProofReplayer Proof replay took 18.85ms 
247138     DEBUG main            d.u.i.k.p.r.p.TestFile    ... success: reloaded. 
247139     INFO  main            d.u.i.k.p.r.p.TestFile    Now processing file /home/runner/work/key/key/key.core/../key.ui/examples/heap/list/MySet_MySet.key 
247140     INFO  main            d.u.i.k.p.i.AbstractProblemLoader Loading environment from /home/runner/work/key/key/key.core/../key.ui/examples/heap/list/MySet_MySet.key 
247140     DEBUG main            d.u.i.k.p.i.AbstractProblemLoader Environment load took 108.2ns 
247140     INFO  main            d.u.i.k.p.i.AbstractProblemLoader Creating init config 
248114     DEBUG main            d.u.i.k.j.r.ClassPreparationMethodBuilder clPrepBuilder: Inner Class detected. Reject building class initialisation methods. 
250112     DEBUG main            d.u.i.k.p.i.AbstractProblemLoader Init config took 2.97s 
250157     INFO  main            d.u.i.k.p.i.AbstractProblemLoader Replaying proof MySet[MySet::MySet()].JML normal_behavior operation contract.0 
250158     DEBUG main            d.u.i.k.p.i.IntermediateProofReplayer Proof replay took 6.1ns 
252486     INFO  main            d.u.i.k.p.r.p.TestFile    ... finished proof: closed. 
252826     INFO  main            d.u.i.k.p.i.AbstractProblemLoader Loading environment from /home/runner/work/key/key/key.core/../key.ui/examples/heap/list/MySet_MySet.key.proof 
252826     DEBUG main            d.u.i.k.p.i.AbstractProblemLoader Environment load took 197.1ns 
252828     INFO  main            d.u.i.k.p.i.AbstractProblemLoader Creating init config 
253757     DEBUG main            d.u.i.k.j.r.ClassPreparationMethodBuilder clPrepBuilder: Inner Class detected. Reject building class initialisation methods. 
255736     DEBUG main            d.u.i.k.p.i.AbstractProblemLoader Init config took 2.91s 
255781     INFO  main            d.u.i.k.p.i.AbstractProblemLoader Replaying proof MySet[MySet::MySet()].JML normal_behavior operation contract.0 
256039     DEBUG main            d.u.i.k.p.i.IntermediateProofReplayer Proof replay took 247.09ms 
256041     DEBUG main            d.u.i.k.p.r.p.TestFile    ... success: reloaded. 
1120882    INFO  Test worker     d.u.i.k.p.r.RunAllProofsTestUnit Returning from test list 
1120883    INFO  Test worker     d.u.i.k.p.r.RunAllProofsTestUnit Running test list_ghost 
324        INFO  Timeout watchdog d.u.i.k.p.r.p.ForkedTestFileRunner Timeout watcher launched (2000 secs.) 
333        WARN  main            d.u.i.k.s.ProofSettings   The settings in /home/runner/.key/proof-settings.props are *not* read. 
359        INFO  main            d.u.i.k.p.r.p.TestFile    Now processing file /home/runner/work/key/key/key.core/../key.ui/examples/heap/list_ghost/ArrayList_add.key 
465        INFO  main            d.u.i.k.p.i.AbstractProblemLoader Loading environment from /home/runner/work/key/key/key.core/../key.ui/examples/heap/list_ghost/ArrayList_add.key 
486        DEBUG main            d.u.i.k.p.i.AbstractProblemLoader Environment load took 1.89ms 
697        INFO  main            d.u.i.k.p.i.AbstractProblemLoader Creating init config 
1603       DEBUG main            d.u.i.k.j.TypeConverter   No LDT found for Meta 
1604       DEBUG main            d.u.i.k.j.TypeConverter   No LDT found for Meta 
1606       DEBUG main            d.u.i.k.j.TypeConverter   No LDT found for Meta 
1606       DEBUG main            d.u.i.k.j.TypeConverter   No LDT found for Meta 
3031       DEBUG main            d.u.i.k.j.TypeConverter   No LDT found for JavaBigintExpression 
8003       DEBUG main            d.u.i.k.p.i.AbstractProblemLoader Init config took 7.31s 
8126       INFO  main            d.u.i.k.p.i.AbstractProblemLoader Replaying proof ArrayList[List::add(java.lang.Object)].JML normal_behavior operation contract.0 
8158       DEBUG main            d.u.i.k.p.i.IntermediateProofReplayer Proof replay took 30.2ns 
12930      INFO  main            d.u.i.k.p.r.p.TestFile    ... finished proof: closed. 
13105      INFO  main            d.u.i.k.p.i.AbstractProblemLoader Loading environment from /home/runner/work/key/key/key.core/../key.ui/examples/heap/list_ghost/ArrayList_add.key.proof 
13106      DEBUG main            d.u.i.k.p.i.AbstractProblemLoader Environment load took 953.21ns 
13110      INFO  main            d.u.i.k.p.i.AbstractProblemLoader Creating init config 
15977      DEBUG main            d.u.i.k.p.i.AbstractProblemLoader Init config took 2.87s 
16049      INFO  main            d.u.i.k.p.i.AbstractProblemLoader Replaying proof ArrayList[List::add(java.lang.Object)].JML normal_behavior operation contract.0 
16469      DEBUG main            d.u.i.k.p.i.IntermediateProofReplayer Proof replay took 395.25ms 
16477      DEBUG main            d.u.i.k.p.r.p.TestFile    ... success: reloaded. 
16479      INFO  main            d.u.i.k.p.r.p.TestFile    Now processing file /home/runner/work/key/key/key.core/../key.ui/examples/heap/list_ghost/ArrayList_ArrayList.key 
16479      INFO  main            d.u.i.k.p.i.AbstractProblemLoader Loading environment from /home/runner/work/key/key/key.core/../key.ui/examples/heap/list_ghost/ArrayList_ArrayList.key 
16480      DEBUG main            d.u.i.k.p.i.AbstractProblemLoader Environment load took 288.6ns 
16481      INFO  main            d.u.i.k.p.i.AbstractProblemLoader Creating init config 
19320      DEBUG main            d.u.i.k.p.i.AbstractProblemLoader Init config took 2.84s 
19378      INFO  main            d.u.i.k.p.i.AbstractProblemLoader Replaying proof ArrayList[ArrayList::ArrayList()].JML normal_behavior operation contract.0 
19381      DEBUG main            d.u.i.k.p.i.IntermediateProofReplayer Proof replay took 6ns 
20489      INFO  main            d.u.i.k.p.r.p.TestFile    ... finished proof: closed. 
20625      INFO  main            d.u.i.k.p.i.AbstractProblemLoader Loading environment from /home/runner/work/key/key/key.core/../key.ui/examples/heap/list_ghost/ArrayList_ArrayList.key.proof 
20626      DEBUG main            d.u.i.k.p.i.AbstractProblemLoader Environment load took 486.41ns 
20628      INFO  main            d.u.i.k.p.i.AbstractProblemLoader Creating init config 
23300      DEBUG main            d.u.i.k.p.i.AbstractProblemLoader Init config took 2.67s 
23351      INFO  main            d.u.i.k.p.i.AbstractProblemLoader Replaying proof ArrayList[ArrayList::ArrayList()].JML normal_behavior operation contract.0 
23485      DEBUG main            d.u.i.k.p.i.IntermediateProofReplayer Proof replay took 126.13ms 
23487      DEBUG main            d.u.i.k.p.r.p.TestFile    ... success: reloaded. 
23488      INFO  main            d.u.i.k.p.r.p.TestFile    Now processing file /home/runner/work/key/key/key.core/../key.ui/examples/heap/list_ghost/ArrayList_enlarge.key 
23489      INFO  main            d.u.i.k.p.i.AbstractProblemLoader Loading environment from /home/runner/work/key/key/key.core/../key.ui/examples/heap/list_ghost/ArrayList_enlarge.key 
23489      DEBUG main            d.u.i.k.p.i.AbstractProblemLoader Environment load took 263.1ns 
23490      INFO  main            d.u.i.k.p.i.AbstractProblemLoader Creating init config 
26119      DEBUG main            d.u.i.k.p.i.AbstractProblemLoader Init config took 2.63s 
26168      INFO  main            d.u.i.k.p.i.AbstractProblemLoader Replaying proof ArrayList[ArrayList::enlarge()].JML normal_behavior operation contract.0 
26170      DEBUG main            d.u.i.k.p.i.IntermediateProofReplayer Proof replay took 6.1ns 
28089      INFO  main            d.u.i.k.p.r.p.TestFile    ... finished proof: closed. 
28265      INFO  main            d.u.i.k.p.i.AbstractProblemLoader Loading environment from /home/runner/work/key/key/key.core/../key.ui/examples/heap/list_ghost/ArrayList_enlarge.key.proof 
28267      DEBUG main            d.u.i.k.p.i.AbstractProblemLoader Environment load took 1.13ms 
28269      INFO  main            d.u.i.k.p.i.AbstractProblemLoader Creating init config 
30934      DEBUG main            d.u.i.k.p.i.AbstractProblemLoader Init config took 2.67s 
30981      INFO  main            d.u.i.k.p.i.AbstractProblemLoader Replaying proof ArrayList[ArrayList::enlarge()].JML normal_behavior operation contract.0 
31291      DEBUG main            d.u.i.k.p.i.IntermediateProofReplayer Proof replay took 299.98ms 
31293      DEBUG main            d.u.i.k.p.r.p.TestFile    ... success: reloaded. 
31295      INFO  main            d.u.i.k.p.r.p.TestFile    Now processing file /home/runner/work/key/key/key.core/../key.ui/examples/heap/list_ghost/ArrayList_get_dep.key 
31295      INFO  main            d.u.i.k.p.i.AbstractProblemLoader Loading environment from /home/runner/work/key/key/key.core/../key.ui/examples/heap/list_ghost/ArrayList_get_dep.key 
31295      DEBUG main            d.u.i.k.p.i.AbstractProblemLoader Environment load took 230.7ns 
31296      INFO  main            d.u.i.k.p.i.AbstractProblemLoader Creating init config 
33923      DEBUG main            d.u.i.k.p.i.AbstractProblemLoader Init config took 2.63s 
33971      INFO  main            d.u.i.k.p.i.AbstractProblemLoader Replaying proof ArrayList[List::get(int)].JML accessible clause.0 
33973      DEBUG main            d.u.i.k.p.i.IntermediateProofReplayer Proof replay took 16.1ns 
34277      INFO  main            d.u.i.k.p.r.p.TestFile    ... finished proof: closed. 
34484      INFO  main            d.u.i.k.p.i.AbstractProblemLoader Loading environment from /home/runner/work/key/key/key.core/../key.ui/examples/heap/list_ghost/ArrayList_get_dep.key.proof 
34485      DEBUG main            d.u.i.k.p.i.AbstractProblemLoader Environment load took 648.11ns 
34486      INFO  main            d.u.i.k.p.i.AbstractProblemLoader Creating init config 
37077      DEBUG main            d.u.i.k.p.i.AbstractProblemLoader Init config took 2.59s 
37142      INFO  main            d.u.i.k.p.i.AbstractProblemLoader Replaying proof ArrayList[List::get(int)].JML accessible clause.0 
37195      DEBUG main            d.u.i.k.p.i.IntermediateProofReplayer Proof replay took 47.65ms 
37196      DEBUG main            d.u.i.k.p.r.p.TestFile    ... success: reloaded. 
37197      INFO  main            d.u.i.k.p.r.p.TestFile    Now processing file /home/runner/work/key/key/key.core/../key.ui/examples/heap/list_ghost/ArrayList_get_exceptional.key 
37198      INFO  main            d.u.i.k.p.i.AbstractProblemLoader Loading environment from /home/runner/work/key/key/key.core/../key.ui/examples/heap/list_ghost/ArrayList_get_exceptional.key 
37198      DEBUG main            d.u.i.k.p.i.AbstractProblemLoader Environment load took 240.2ns 
37200      INFO  main            d.u.i.k.p.i.AbstractProblemLoader Creating init config 
39846      DEBUG main            d.u.i.k.p.i.AbstractProblemLoader Init config took 2.65s 
39890      INFO  main            d.u.i.k.p.i.AbstractProblemLoader Replaying proof ArrayList[List::get(int)].JML exceptional_behavior operation contract.0 
39892      DEBUG main            d.u.i.k.p.i.IntermediateProofReplayer Proof replay took 6ns 
40698      INFO  main            d.u.i.k.p.r.p.TestFile    ... finished proof: closed. 
40874      INFO  main            d.u.i.k.p.i.AbstractProblemLoader Loading environment from /home/runner/work/key/key/key.core/../key.ui/examples/heap/list_ghost/ArrayList_get_exceptional.key.proof 
40875      DEBUG main            d.u.i.k.p.i.AbstractProblemLoader Environment load took 585.41ns 
40876      INFO  main            d.u.i.k.p.i.AbstractProblemLoader Creating init config 
43452      DEBUG main            d.u.i.k.p.i.AbstractProblemLoader Init config took 2.58s 
43507      INFO  main            d.u.i.k.p.i.AbstractProblemLoader Replaying proof ArrayList[List::get(int)].JML exceptional_behavior operation contract.0 
43630      DEBUG main            d.u.i.k.p.i.IntermediateProofReplayer Proof replay took 115.26ms 
43631      DEBUG main            d.u.i.k.p.r.p.TestFile    ... success: reloaded. 
43632      INFO  main            d.u.i.k.p.r.p.TestFile    Now processing file /home/runner/work/key/key/key.core/../key.ui/examples/heap/list_ghost/ArrayList_get_normal.key 
43633      INFO  main            d.u.i.k.p.i.AbstractProblemLoader Loading environment from /home/runner/work/key/key/key.core/../key.ui/examples/heap/list_ghost/ArrayList_get_normal.key 
43633      DEBUG main            d.u.i.k.p.i.AbstractProblemLoader Environment load took 239.6ns 
43634      INFO  main            d.u.i.k.p.i.AbstractProblemLoader Creating init config 
46251      DEBUG main            d.u.i.k.p.i.AbstractProblemLoader Init config took 2.62s 
46294      INFO  main            d.u.i.k.p.i.AbstractProblemLoader Replaying proof ArrayList[List::get(int)].JML normal_behavior operation contract.0 
46296      DEBUG main            d.u.i.k.p.i.IntermediateProofReplayer Proof replay took 5.8ns 
46498      INFO  main            d.u.i.k.p.r.p.TestFile    ... finished proof: closed. 
46666      INFO  main            d.u.i.k.p.i.AbstractProblemLoader Loading environment from /home/runner/work/key/key/key.core/../key.ui/examples/heap/list_ghost/ArrayList_get_normal.key.proof 
46666      DEBUG main            d.u.i.k.p.i.AbstractProblemLoader Environment load took 126.5ns 
46667      INFO  main            d.u.i.k.p.i.AbstractProblemLoader Creating init config 
49198      DEBUG main            d.u.i.k.p.i.AbstractProblemLoader Init config took 2.53s 
49257      INFO  main            d.u.i.k.p.i.AbstractProblemLoader Replaying proof ArrayList[List::get(int)].JML normal_behavior operation contract.0 
49297      DEBUG main            d.u.i.k.p.i.IntermediateProofReplayer Proof replay took 36.5ms 
49298      DEBUG main            d.u.i.k.p.r.p.TestFile    ... success: reloaded. 
49300      INFO  main            d.u.i.k.p.r.p.TestFile    Now processing file /home/runner/work/key/key/key.core/../key.ui/examples/heap/list_ghost/ArrayList_inv.key 
49300      INFO  main            d.u.i.k.p.i.AbstractProblemLoader Loading environment from /home/runner/work/key/key/key.core/../key.ui/examples/heap/list_ghost/ArrayList_inv.key 
49300      DEBUG main            d.u.i.k.p.i.AbstractProblemLoader Environment load took 223.6ns 
49301      INFO  main            d.u.i.k.p.i.AbstractProblemLoader Creating init config 
51914      DEBUG main            d.u.i.k.p.i.AbstractProblemLoader Init config took 2.61s 
51961      INFO  main            d.u.i.k.p.i.AbstractProblemLoader Replaying proof ArrayList[java.lang.Object::<inv>()].JML accessible clause.0 
51963      DEBUG main            d.u.i.k.p.i.IntermediateProofReplayer Proof replay took 6.6ns 
52065      INFO  main            d.u.i.k.p.r.p.TestFile    ... finished proof: closed. 
52237      INFO  main            d.u.i.k.p.i.AbstractProblemLoader Loading environment from /home/runner/work/key/key/key.core/../key.ui/examples/heap/list_ghost/ArrayList_inv.key.proof 
52237      DEBUG main            d.u.i.k.p.i.AbstractProblemLoader Environment load took 122ns 
52238      INFO  main            d.u.i.k.p.i.AbstractProblemLoader Creating init config 
54742      DEBUG main            d.u.i.k.p.i.AbstractProblemLoader Init config took 2.5s 
54782      INFO  main            d.u.i.k.p.i.AbstractProblemLoader Replaying proof ArrayList[java.lang.Object::<inv>()].JML accessible clause.0 
54791      DEBUG main            d.u.i.k.p.i.IntermediateProofReplayer Proof replay took 6.98ms 
54792      DEBUG main            d.u.i.k.p.r.p.TestFile    ... success: reloaded. 
54793      INFO  main            d.u.i.k.p.r.p.TestFile    Now processing file /home/runner/work/key/key/key.core/../key.ui/examples/heap/list_ghost/ArrayList_size_dep.key 
54793      INFO  main            d.u.i.k.p.i.AbstractProblemLoader Loading environment from /home/runner/work/key/key/key.core/../key.ui/examples/heap/list_ghost/ArrayList_size_dep.key 
54794      DEBUG main            d.u.i.k.p.i.AbstractProblemLoader Environment load took 223.1ns 
54795      INFO  main            d.u.i.k.p.i.AbstractProblemLoader Creating init config 
57345      DEBUG main            d.u.i.k.p.i.AbstractProblemLoader Init config took 2.55s 
57400      INFO  main            d.u.i.k.p.i.AbstractProblemLoader Replaying proof ArrayList[List::size()].JML accessible clause.0 
57402      DEBUG main            d.u.i.k.p.i.IntermediateProofReplayer Proof replay took 6.2ns 
57504      INFO  main            d.u.i.k.p.r.p.TestFile    ... finished proof: closed. 
57706      INFO  main            d.u.i.k.p.i.AbstractProblemLoader Loading environment from /home/runner/work/key/key/key.core/../key.ui/examples/heap/list_ghost/ArrayList_size_dep.key.proof 
57707      DEBUG main            d.u.i.k.p.i.AbstractProblemLoader Environment load took 121.8ns 
57709      INFO  main            d.u.i.k.p.i.AbstractProblemLoader Creating init config 
60229      DEBUG main            d.u.i.k.p.i.AbstractProblemLoader Init config took 2.52s 
60267      INFO  main            d.u.i.k.p.i.AbstractProblemLoader Replaying proof ArrayList[List::size()].JML accessible clause.0 
60279      DEBUG main            d.u.i.k.p.i.IntermediateProofReplayer Proof replay took 9.65ms 
60280      DEBUG main            d.u.i.k.p.r.p.TestFile    ... success: reloaded. 
60281      INFO  main            d.u.i.k.p.r.p.TestFile    Now processing file /home/runner/work/key/key/key.core/../key.ui/examples/heap/list_ghost/ArrayList_size.key 
60281      INFO  main            d.u.i.k.p.i.AbstractProblemLoader Loading environment from /home/runner/work/key/key/key.core/../key.ui/examples/heap/list_ghost/ArrayList_size.key 
60281      DEBUG main            d.u.i.k.p.i.AbstractProblemLoader Environment load took 114.4ns 
60282      INFO  main            d.u.i.k.p.i.AbstractProblemLoader Creating init config 
62852      DEBUG main            d.u.i.k.p.i.AbstractProblemLoader Init config took 2.57s 
62890      INFO  main            d.u.i.k.p.i.AbstractProblemLoader Replaying proof ArrayList[List::size()].JML normal_behavior operation contract.0 
62891      DEBUG main            d.u.i.k.p.i.IntermediateProofReplayer Proof replay took 5.7ns 
62993      INFO  main            d.u.i.k.p.r.p.TestFile    ... finished proof: closed. 
63172      INFO  main            d.u.i.k.p.i.AbstractProblemLoader Loading environment from /home/runner/work/key/key/key.core/../key.ui/examples/heap/list_ghost/ArrayList_size.key.proof 
63172      DEBUG main            d.u.i.k.p.i.AbstractProblemLoader Environment load took 120.5ns 
63173      INFO  main            d.u.i.k.p.i.AbstractProblemLoader Creating init config 
65706      DEBUG main            d.u.i.k.p.i.AbstractProblemLoader Init config took 2.53s 
65744      INFO  main            d.u.i.k.p.i.AbstractProblemLoader Replaying proof ArrayList[List::size()].JML normal_behavior operation contract.0 
65756      DEBUG main            d.u.i.k.p.i.IntermediateProofReplayer Proof replay took 10.44ms 
65757      DEBUG main            d.u.i.k.p.r.p.TestFile    ... success: reloaded. 
1186807    INFO  Test worker     d.u.i.k.p.r.RunAllProofsTestUnit Returning from test list_ghost 
1186809    INFO  Test worker     d.u.i.k.p.r.RunAllProofsTestUnit Running test list_recursive 
341        INFO  Timeout watchdog d.u.i.k.p.r.p.ForkedTestFileRunner Timeout watcher launched (2000 secs.) 
346        WARN  main            d.u.i.k.s.ProofSettings   The settings in /home/runner/.key/proof-settings.props are *not* read. 
371        INFO  main            d.u.i.k.p.r.p.TestFile    Now processing file /home/runner/work/key/key/key.core/../key.ui/examples/heap/list_recursiveSpec/ListOperationsNonNull_getNextNN_normal_behavior.key 
479        INFO  main            d.u.i.k.p.i.AbstractProblemLoader Loading environment from /home/runner/work/key/key/key.core/../key.ui/examples/heap/list_recursiveSpec/ListOperationsNonNull_getNextNN_normal_behavior.key 
505        DEBUG main            d.u.i.k.p.i.AbstractProblemLoader Environment load took 2.39ms 
730        INFO  main            d.u.i.k.p.i.AbstractProblemLoader Creating init config 
1529       DEBUG main            d.u.i.k.j.TypeConverter   No LDT found for Meta 
1530       DEBUG main            d.u.i.k.j.TypeConverter   No LDT found for Meta 
1531       DEBUG main            d.u.i.k.j.TypeConverter   No LDT found for Meta 
1532       DEBUG main            d.u.i.k.j.TypeConverter   No LDT found for Meta 
2772       DEBUG main            d.u.i.k.j.TypeConverter   No LDT found for JavaBigintExpression 
8230       DEBUG main            d.u.i.k.p.i.AbstractProblemLoader Init config took 7.5s 
8362       INFO  main            d.u.i.k.p.i.AbstractProblemLoader Replaying proof ListOperationsNonNull[ListOperationsNonNull::getNextNN(ListNN,int)].JML normal_behavior operation contract.0 
8395       DEBUG main            d.u.i.k.p.i.IntermediateProofReplayer Proof replay took 31.2ns 
9673       INFO  main            d.u.i.k.p.r.p.TestFile    ... finished proof: closed. 
9819       INFO  main            d.u.i.k.p.i.AbstractProblemLoader Loading environment from /home/runner/work/key/key/key.core/../key.ui/examples/heap/list_recursiveSpec/ListOperationsNonNull_getNextNN_normal_behavior.key.proof 
9820       DEBUG main            d.u.i.k.p.i.AbstractProblemLoader Environment load took 518.91ns 
9822       INFO  main            d.u.i.k.p.i.AbstractProblemLoader Creating init config 
13000      DEBUG main            d.u.i.k.p.i.AbstractProblemLoader Init config took 3.18s 
13084      INFO  main            d.u.i.k.p.i.AbstractProblemLoader Replaying proof ListOperationsNonNull[ListOperationsNonNull::getNextNN(ListNN,int)].JML normal_behavior operation contract.0 
13216      DEBUG main            d.u.i.k.p.i.IntermediateProofReplayer Proof replay took 124.01ms 
13223      DEBUG main            d.u.i.k.p.r.p.TestFile    ... success: reloaded. 
13225      INFO  main            d.u.i.k.p.r.p.TestFile    Now processing file /home/runner/work/key/key/key.core/../key.ui/examples/heap/list_recursiveSpec/ListOperationsNonNull_setValueAt_normal_behavior.key 
13226      INFO  main            d.u.i.k.p.i.AbstractProblemLoader Loading environment from /home/runner/work/key/key/key.core/../key.ui/examples/heap/list_recursiveSpec/ListOperationsNonNull_setValueAt_normal_behavior.key 
13226      DEBUG main            d.u.i.k.p.i.AbstractProblemLoader Environment load took 266.4ns 
13228      INFO  main            d.u.i.k.p.i.AbstractProblemLoader Creating init config 
16223      DEBUG main            d.u.i.k.p.i.AbstractProblemLoader Init config took 3s 
16304      INFO  main            d.u.i.k.p.i.AbstractProblemLoader Replaying proof ListOperationsNonNull[ListOperationsNonNull::setValueAt_NN(ListNN,int,int)].JML normal_behavior operation contract.0 
16307      DEBUG main            d.u.i.k.p.i.IntermediateProofReplayer Proof replay took 5.7ns 
16337      DEBUG main            d.u.i.k.m.s.ProofScriptEngine [1] goal: 0, source line: 51, command: 'macro autopilot' 
18375      DEBUG main            d.u.i.k.m.s.ProofScriptEngine [2] goal: 79, source line: 52, command: 'macro simp-upd' 
18383      DEBUG main            d.u.i.k.m.s.ProofScriptEngine [3] goal: 1451, source line: 53, command: 'rule observerDependencyEQ' 
18400      DEBUG main            d.u.i.k.m.s.ProofScriptEngine [4] goal: 1452, source line: 54, command: 'tryclose' 
18428      INFO  main            d.u.i.k.p.r.p.TestFile    ... finished proof: closed. 
18582      INFO  main            d.u.i.k.p.i.AbstractProblemLoader Loading environment from /home/runner/work/key/key/key.core/../key.ui/examples/heap/list_recursiveSpec/ListOperationsNonNull_setValueAt_normal_behavior.key.proof 
18583      DEBUG main            d.u.i.k.p.i.AbstractProblemLoader Environment load took 948.61ns 
18585      INFO  main            d.u.i.k.p.i.AbstractProblemLoader Creating init config 
21553      DEBUG main            d.u.i.k.p.i.AbstractProblemLoader Init config took 2.97s 
21606      INFO  main            d.u.i.k.p.i.AbstractProblemLoader Replaying proof ListOperationsNonNull[ListOperationsNonNull::setValueAt_NN(ListNN,int,int)].JML normal_behavior operation contract.0 
21706      DEBUG main            d.u.i.k.p.i.IntermediateProofReplayer Proof replay took 94.06ms 
21707      DEBUG main            d.u.i.k.p.r.p.TestFile    ... success: reloaded. 
1208686    INFO  Test worker     d.u.i.k.p.r.RunAllProofsTestUnit Returning from test list_recursive 
1208687    INFO  Test worker     d.u.i.k.p.r.RunAllProofsTestUnit Running test list_seq 
313        INFO  Timeout watchdog d.u.i.k.p.r.p.ForkedTestFileRunner Timeout watcher launched (2000 secs.) 
314        WARN  main            d.u.i.k.s.ProofSettings   The settings in /home/runner/.key/proof-settings.props are *not* read. 
345        INFO  main            d.u.i.k.p.r.p.TestFile    Now processing file /home/runner/work/key/key/key.core/../key.ui/examples/heap/list_seq/SimplifiedLinkedList.remove.key 
454        INFO  main            d.u.i.k.p.i.AbstractProblemLoader Loading environment from /home/runner/work/key/key/key.core/../key.ui/examples/heap/list_seq/SimplifiedLinkedList.remove.key 
482        DEBUG main            d.u.i.k.p.i.AbstractProblemLoader Environment load took 2.18ms 
709        INFO  main            d.u.i.k.p.i.AbstractProblemLoader Creating init config 
1587       DEBUG main            d.u.i.k.j.TypeConverter   No LDT found for Meta 
1588       DEBUG main            d.u.i.k.j.TypeConverter   No LDT found for Meta 
1590       DEBUG main            d.u.i.k.j.TypeConverter   No LDT found for Meta 
1591       DEBUG main            d.u.i.k.j.TypeConverter   No LDT found for Meta 
2984       DEBUG main            d.u.i.k.j.TypeConverter   No LDT found for JavaBigintExpression 
8583       DEBUG main            d.u.i.k.p.i.AbstractProblemLoader Init config took 7.87s 
8791       INFO  main            d.u.i.k.p.i.AbstractProblemLoader Replaying proof SimplifiedLinkedList[SimplifiedLinkedList::remove(int)].JML normal_behavior operation contract.0 
8827       DEBUG main            d.u.i.k.p.i.IntermediateProofReplayer Proof replay took 31.8ns 
72832      INFO  main            d.u.i.k.p.r.p.TestFile    ... finished proof: closed. 
73184      INFO  main            d.u.i.k.p.i.AbstractProblemLoader Loading environment from /home/runner/work/key/key/key.core/../key.ui/examples/heap/list_seq/SimplifiedLinkedList.remove.key.proof 
73184      DEBUG main            d.u.i.k.p.i.AbstractProblemLoader Environment load took 580.81ns 
73198      INFO  main            d.u.i.k.p.i.AbstractProblemLoader Creating init config 
76288      DEBUG main            d.u.i.k.p.i.AbstractProblemLoader Init config took 3.09s 
76376      INFO  main            d.u.i.k.p.i.AbstractProblemLoader Replaying proof SimplifiedLinkedList[SimplifiedLinkedList::remove(int)].JML normal_behavior operation contract.0 
79139      DEBUG main            d.u.i.k.p.i.IntermediateProofReplayer Proof replay took 2.45s 
79161      DEBUG main            d.u.i.k.p.r.p.TestFile    ... success: reloaded. 
79164      INFO  main            d.u.i.k.p.r.p.TestFile    Now processing file /home/runner/work/key/key/key.core/../key.ui/examples/heap/list_seq/ArrayList.ArrayList.key 
79167      INFO  main            d.u.i.k.p.i.AbstractProblemLoader Loading environment from /home/runner/work/key/key/key.core/../key.ui/examples/heap/list_seq/ArrayList.ArrayList.key 
79167      DEBUG main            d.u.i.k.p.i.AbstractProblemLoader Environment load took 262.8ns 
79170      INFO  main            d.u.i.k.p.i.AbstractProblemLoader Creating init config 
82360      DEBUG main            d.u.i.k.p.i.AbstractProblemLoader Init config took 3.19s 
82463      INFO  main            d.u.i.k.p.i.AbstractProblemLoader Replaying proof ArrayList[ArrayList::ArrayList()].JML normal_behavior operation contract.0 
82468      DEBUG main            d.u.i.k.p.i.IntermediateProofReplayer Proof replay took 6.3ns 
83472      INFO  main            d.u.i.k.p.r.p.TestFile    ... finished proof: closed. 
83651      INFO  main            d.u.i.k.p.i.AbstractProblemLoader Loading environment from /home/runner/work/key/key/key.core/../key.ui/examples/heap/list_seq/ArrayList.ArrayList.key.proof 
83652      DEBUG main            d.u.i.k.p.i.AbstractProblemLoader Environment load took 1ms 
83655      INFO  main            d.u.i.k.p.i.AbstractProblemLoader Creating init config 
86672      DEBUG main            d.u.i.k.p.i.AbstractProblemLoader Init config took 3.02s 
86752      INFO  main            d.u.i.k.p.i.AbstractProblemLoader Replaying proof ArrayList[ArrayList::ArrayList()].JML normal_behavior operation contract.0 
86850      DEBUG main            d.u.i.k.p.i.IntermediateProofReplayer Proof replay took 93.44ms 
86852      DEBUG main            d.u.i.k.p.r.p.TestFile    ... success: reloaded. 
86853      INFO  main            d.u.i.k.p.r.p.TestFile    Now processing file /home/runner/work/key/key/key.core/../key.ui/examples/heap/list_seq/ArrayList.add.key 
86854      INFO  main            d.u.i.k.p.i.AbstractProblemLoader Loading environment from /home/runner/work/key/key/key.core/../key.ui/examples/heap/list_seq/ArrayList.add.key 
86854      DEBUG main            d.u.i.k.p.i.AbstractProblemLoader Environment load took 237.51ns 
86855      INFO  main            d.u.i.k.p.i.AbstractProblemLoader Creating init config 
89830      DEBUG main            d.u.i.k.p.i.AbstractProblemLoader Init config took 2.98s 
89908      INFO  main            d.u.i.k.p.i.AbstractProblemLoader Replaying proof ArrayList[List::add(java.lang.Object)].JML normal_behavior operation contract.0 
89910      DEBUG main            d.u.i.k.p.i.IntermediateProofReplayer Proof replay took 5.6ns 
93141      INFO  main            d.u.i.k.p.r.p.TestFile    ... finished proof: closed. 
93338      INFO  main            d.u.i.k.p.i.AbstractProblemLoader Loading environment from /home/runner/work/key/key/key.core/../key.ui/examples/heap/list_seq/ArrayList.add.key.proof 
93338      DEBUG main            d.u.i.k.p.i.AbstractProblemLoader Environment load took 471ns 
93340      INFO  main            d.u.i.k.p.i.AbstractProblemLoader Creating init config 
96310      DEBUG main            d.u.i.k.p.i.AbstractProblemLoader Init config took 2.97s 
96386      INFO  main            d.u.i.k.p.i.AbstractProblemLoader Replaying proof ArrayList[List::add(java.lang.Object)].JML normal_behavior operation contract.0 
96655      DEBUG main            d.u.i.k.p.i.IntermediateProofReplayer Proof replay took 256.45ms 
96657      DEBUG main            d.u.i.k.p.r.p.TestFile    ... success: reloaded. 
96658      INFO  main            d.u.i.k.p.r.p.TestFile    Now processing file /home/runner/work/key/key/key.core/../key.ui/examples/heap/list_seq/ArrayList.contains.key 
96659      INFO  main            d.u.i.k.p.i.AbstractProblemLoader Loading environment from /home/runner/work/key/key/key.core/../key.ui/examples/heap/list_seq/ArrayList.contains.key 
96659      DEBUG main            d.u.i.k.p.i.AbstractProblemLoader Environment load took 241.3ns 
96660      INFO  main            d.u.i.k.p.i.AbstractProblemLoader Creating init config 
99598      DEBUG main            d.u.i.k.p.i.AbstractProblemLoader Init config took 2.94s 
99693      INFO  main            d.u.i.k.p.i.AbstractProblemLoader Replaying proof ArrayList[List::contains(java.lang.Object)].JML normal_behavior operation contract.0 
99695      DEBUG main            d.u.i.k.p.i.IntermediateProofReplayer Proof replay took 6.4ns 
101200     INFO  main            d.u.i.k.p.r.p.TestFile    ... finished proof: closed. 
101383     INFO  main            d.u.i.k.p.i.AbstractProblemLoader Loading environment from /home/runner/work/key/key/key.core/../key.ui/examples/heap/list_seq/ArrayList.contains.key.proof 
101384     DEBUG main            d.u.i.k.p.i.AbstractProblemLoader Environment load took 1.42ms 
101386     INFO  main            d.u.i.k.p.i.AbstractProblemLoader Creating init config 
104300     DEBUG main            d.u.i.k.p.i.AbstractProblemLoader Init config took 2.91s 
104391     INFO  main            d.u.i.k.p.i.AbstractProblemLoader Replaying proof ArrayList[List::contains(java.lang.Object)].JML normal_behavior operation contract.0 
104552     DEBUG main            d.u.i.k.p.i.IntermediateProofReplayer Proof replay took 152.68ms 
104554     DEBUG main            d.u.i.k.p.r.p.TestFile    ... success: reloaded. 
104555     INFO  main            d.u.i.k.p.r.p.TestFile    Now processing file /home/runner/work/key/key/key.core/../key.ui/examples/heap/list_seq/ArrayList.enlarge.key 
104555     INFO  main            d.u.i.k.p.i.AbstractProblemLoader Loading environment from /home/runner/work/key/key/key.core/../key.ui/examples/heap/list_seq/ArrayList.enlarge.key 
104555     DEBUG main            d.u.i.k.p.i.AbstractProblemLoader Environment load took 248.8ns 
104556     INFO  main            d.u.i.k.p.i.AbstractProblemLoader Creating init config 
107501     DEBUG main            d.u.i.k.p.i.AbstractProblemLoader Init config took 2.95s 
107577     INFO  main            d.u.i.k.p.i.AbstractProblemLoader Replaying proof ArrayList[ArrayList::enlarge()].JML normal_behavior operation contract.0 
107579     DEBUG main            d.u.i.k.p.i.IntermediateProofReplayer Proof replay took 6.1ns 
109485     INFO  main            d.u.i.k.p.r.p.TestFile    ... finished proof: closed. 
109703     INFO  main            d.u.i.k.p.i.AbstractProblemLoader Loading environment from /home/runner/work/key/key/key.core/../key.ui/examples/heap/list_seq/ArrayList.enlarge.key.proof 
109703     DEBUG main            d.u.i.k.p.i.AbstractProblemLoader Environment load took 542.61ns 
109705     INFO  main            d.u.i.k.p.i.AbstractProblemLoader Creating init config 
112655     DEBUG main            d.u.i.k.p.i.AbstractProblemLoader Init config took 2.95s 
112747     INFO  main            d.u.i.k.p.i.AbstractProblemLoader Replaying proof ArrayList[ArrayList::enlarge()].JML normal_behavior operation contract.0 
113008     DEBUG main            d.u.i.k.p.i.IntermediateProofReplayer Proof replay took 252.83ms 
113013     DEBUG main            d.u.i.k.p.r.p.TestFile    ... success: reloaded. 
113014     INFO  main            d.u.i.k.p.r.p.TestFile    Now processing file /home/runner/work/key/key/key.core/../key.ui/examples/heap/list_seq/ArrayList.get.key 
113015     INFO  main            d.u.i.k.p.i.AbstractProblemLoader Loading environment from /home/runner/work/key/key/key.core/../key.ui/examples/heap/list_seq/ArrayList.get.key 
113016     DEBUG main            d.u.i.k.p.i.AbstractProblemLoader Environment load took 629.91ns 
113017     INFO  main            d.u.i.k.p.i.AbstractProblemLoader Creating init config 
115937     DEBUG main            d.u.i.k.p.i.AbstractProblemLoader Init config took 2.92s 
116012     INFO  main            d.u.i.k.p.i.AbstractProblemLoader Replaying proof ArrayList[List::get(int)].JML normal_behavior operation contract.0 
116014     DEBUG main            d.u.i.k.p.i.IntermediateProofReplayer Proof replay took 6.8ns 
116517     INFO  main            d.u.i.k.p.r.p.TestFile    ... finished proof: closed. 
116696     INFO  main            d.u.i.k.p.i.AbstractProblemLoader Loading environment from /home/runner/work/key/key/key.core/../key.ui/examples/heap/list_seq/ArrayList.get.key.proof 
116697     DEBUG main            d.u.i.k.p.i.AbstractProblemLoader Environment load took 473.21ns 
116698     INFO  main            d.u.i.k.p.i.AbstractProblemLoader Creating init config 
119598     DEBUG main            d.u.i.k.p.i.AbstractProblemLoader Init config took 2.9s 
119670     INFO  main            d.u.i.k.p.i.AbstractProblemLoader Replaying proof ArrayList[List::get(int)].JML normal_behavior operation contract.0 
119710     DEBUG main            d.u.i.k.p.i.IntermediateProofReplayer Proof replay took 36.6ms 
119711     DEBUG main            d.u.i.k.p.r.p.TestFile    ... success: reloaded. 
119712     INFO  main            d.u.i.k.p.r.p.TestFile    Now processing file /home/runner/work/key/key/key.core/../key.ui/examples/heap/list_seq/ArrayList.newArray.key 
119712     INFO  main            d.u.i.k.p.i.AbstractProblemLoader Loading environment from /home/runner/work/key/key/key.core/../key.ui/examples/heap/list_seq/ArrayList.newArray.key 
119713     DEBUG main            d.u.i.k.p.i.AbstractProblemLoader Environment load took 245.8ns 
119714     INFO  main            d.u.i.k.p.i.AbstractProblemLoader Creating init config 
122635     DEBUG main            d.u.i.k.p.i.AbstractProblemLoader Init config took 2.92s 
122707     INFO  main            d.u.i.k.p.i.AbstractProblemLoader Replaying proof ArrayList[ArrayList::newArray(int)].JML normal_behavior operation contract.0 
122709     DEBUG main            d.u.i.k.p.i.IntermediateProofReplayer Proof replay took 6.9ns 
123011     INFO  main            d.u.i.k.p.r.p.TestFile    ... finished proof: closed. 
123206     INFO  main            d.u.i.k.p.i.AbstractProblemLoader Loading environment from /home/runner/work/key/key/key.core/../key.ui/examples/heap/list_seq/ArrayList.newArray.key.proof 
123206     DEBUG main            d.u.i.k.p.i.AbstractProblemLoader Environment load took 126.9ns 
123207     INFO  main            d.u.i.k.p.i.AbstractProblemLoader Creating init config 
126080     DEBUG main            d.u.i.k.p.i.AbstractProblemLoader Init config took 2.87s 
126156     INFO  main            d.u.i.k.p.i.AbstractProblemLoader Replaying proof ArrayList[ArrayList::newArray(int)].JML normal_behavior operation contract.0 
126197     DEBUG main            d.u.i.k.p.i.IntermediateProofReplayer Proof replay took 37.97ms 
126198     DEBUG main            d.u.i.k.p.r.p.TestFile    ... success: reloaded. 
126199     INFO  main            d.u.i.k.p.r.p.TestFile    Now processing file /home/runner/work/key/key/key.core/../key.ui/examples/heap/list_seq/ArrayList.remove.0.key 
126199     INFO  main            d.u.i.k.p.i.AbstractProblemLoader Loading environment from /home/runner/work/key/key/key.core/../key.ui/examples/heap/list_seq/ArrayList.remove.0.key 
126200     DEBUG main            d.u.i.k.p.i.AbstractProblemLoader Environment load took 215.2ns 
126201     INFO  main            d.u.i.k.p.i.AbstractProblemLoader Creating init config 
129122     DEBUG main            d.u.i.k.p.i.AbstractProblemLoader Init config took 2.92s 
129190     INFO  main            d.u.i.k.p.i.AbstractProblemLoader Replaying proof ArrayList[List::remove(java.lang.Object)].JML normal_behavior operation contract.0 
129192     DEBUG main            d.u.i.k.p.i.IntermediateProofReplayer Proof replay took 5.7ns 
130997     INFO  main            d.u.i.k.p.r.p.TestFile    ... finished proof: closed. 
131218     INFO  main            d.u.i.k.p.i.AbstractProblemLoader Loading environment from /home/runner/work/key/key/key.core/../key.ui/examples/heap/list_seq/ArrayList.remove.0.key.proof 
131218     DEBUG main            d.u.i.k.p.i.AbstractProblemLoader Environment load took 493.01ns 
131221     INFO  main            d.u.i.k.p.i.AbstractProblemLoader Creating init config 
134106     DEBUG main            d.u.i.k.p.i.AbstractProblemLoader Init config took 2.88s 
134177     INFO  main            d.u.i.k.p.i.AbstractProblemLoader Replaying proof ArrayList[List::remove(java.lang.Object)].JML normal_behavior operation contract.0 
134491     DEBUG main            d.u.i.k.p.i.IntermediateProofReplayer Proof replay took 306.96ms 
134492     DEBUG main            d.u.i.k.p.r.p.TestFile    ... success: reloaded. 
134493     INFO  main            d.u.i.k.p.r.p.TestFile    Now processing file /home/runner/work/key/key/key.core/../key.ui/examples/heap/list_seq/ArrayList.remove.1.key 
134494     INFO  main            d.u.i.k.p.i.AbstractProblemLoader Loading environment from /home/runner/work/key/key/key.core/../key.ui/examples/heap/list_seq/ArrayList.remove.1.key 
134494     DEBUG main            d.u.i.k.p.i.AbstractProblemLoader Environment load took 92.9ns 
134495     INFO  main            d.u.i.k.p.i.AbstractProblemLoader Creating init config 
137376     DEBUG main            d.u.i.k.p.i.AbstractProblemLoader Init config took 2.88s 
137446     INFO  main            d.u.i.k.p.i.AbstractProblemLoader Replaying proof ArrayList[List::remove(java.lang.Object)].JML normal_behavior operation contract.1 
137448     DEBUG main            d.u.i.k.p.i.IntermediateProofReplayer Proof replay took 27.8ns 
148206     INFO  main            d.u.i.k.p.r.p.TestFile    ... finished proof: closed. 
148484     INFO  main            d.u.i.k.p.i.AbstractProblemLoader Loading environment from /home/runner/work/key/key/key.core/../key.ui/examples/heap/list_seq/ArrayList.remove.1.key.proof 
148485     DEBUG main            d.u.i.k.p.i.AbstractProblemLoader Environment load took 525.31ns 
148488     INFO  main            d.u.i.k.p.i.AbstractProblemLoader Creating init config 
151311     DEBUG main            d.u.i.k.p.i.AbstractProblemLoader Init config took 2.82s 
151383     INFO  main            d.u.i.k.p.i.AbstractProblemLoader Replaying proof ArrayList[List::remove(java.lang.Object)].JML normal_behavior operation contract.1 
152221     DEBUG main            d.u.i.k.p.i.IntermediateProofReplayer Proof replay took 794.66ms 
152223     DEBUG main            d.u.i.k.p.r.p.TestFile    ... success: reloaded. 
1361080    INFO  Test worker     d.u.i.k.p.r.RunAllProofsTestUnit Returning from test list_seq 
1361083    INFO  Test worker     d.u.i.k.p.r.RunAllProofsTestUnit Running test observer 
313        INFO  Timeout watchdog d.u.i.k.p.r.p.ForkedTestFileRunner Timeout watcher launched (2000 secs.) 
320        WARN  main            d.u.i.k.s.ProofSettings   The settings in /home/runner/.key/proof-settings.props are *not* read. 
362        INFO  main            d.u.i.k.p.r.p.TestFile    Now processing file /home/runner/work/key/key/key.core/../key.ui/examples/heap/observer/ExampleObserver_ExampleObserver.key 
534        INFO  main            d.u.i.k.p.i.AbstractProblemLoader Loading environment from /home/runner/work/key/key/key.core/../key.ui/examples/heap/observer/ExampleObserver_ExampleObserver.key 
554        DEBUG main            d.u.i.k.p.i.AbstractProblemLoader Environment load took 1.9ms 
779        INFO  main            d.u.i.k.p.i.AbstractProblemLoader Creating init config 
1784       DEBUG main            d.u.i.k.j.TypeConverter   No LDT found for Meta 
1784       DEBUG main            d.u.i.k.j.TypeConverter   No LDT found for Meta 
1787       DEBUG main            d.u.i.k.j.TypeConverter   No LDT found for Meta 
1788       DEBUG main            d.u.i.k.j.TypeConverter   No LDT found for Meta 
3212       DEBUG main            d.u.i.k.j.TypeConverter   No LDT found for JavaBigintExpression 
8334       DEBUG main            d.u.i.k.p.i.AbstractProblemLoader Init config took 7.56s 
8468       INFO  main            d.u.i.k.p.i.AbstractProblemLoader Replaying proof ExampleObserver[ExampleObserver::ExampleObserver(ExampleSubject)].JML normal_behavior operation contract.0 
8507       DEBUG main            d.u.i.k.p.i.IntermediateProofReplayer Proof replay took 33ns 
9566       INFO  main            d.u.i.k.p.r.p.TestFile    ... finished proof: closed. 
9684       INFO  main            d.u.i.k.p.i.AbstractProblemLoader Loading environment from /home/runner/work/key/key/key.core/../key.ui/examples/heap/observer/ExampleObserver_ExampleObserver.key.proof 
9685       DEBUG main            d.u.i.k.p.i.AbstractProblemLoader Environment load took 151.1ns 
9690       INFO  main            d.u.i.k.p.i.AbstractProblemLoader Creating init config 
12650      DEBUG main            d.u.i.k.p.i.AbstractProblemLoader Init config took 2.96s 
12725      INFO  main            d.u.i.k.p.i.AbstractProblemLoader Replaying proof ExampleObserver[ExampleObserver::ExampleObserver(ExampleSubject)].JML normal_behavior operation contract.0 
12818      DEBUG main            d.u.i.k.p.i.IntermediateProofReplayer Proof replay took 85.96ms 
12826      DEBUG main            d.u.i.k.p.r.p.TestFile    ... success: reloaded. 
12831      INFO  main            d.u.i.k.p.r.p.TestFile    Now processing file /home/runner/work/key/key/key.core/../key.ui/examples/heap/observer/ExampleObserver_inv.key 
12831      INFO  main            d.u.i.k.p.i.AbstractProblemLoader Loading environment from /home/runner/work/key/key/key.core/../key.ui/examples/heap/observer/ExampleObserver_inv.key 
12831      DEBUG main            d.u.i.k.p.i.AbstractProblemLoader Environment load took 120.6ns 
12835      INFO  main            d.u.i.k.p.i.AbstractProblemLoader Creating init config 
15705      DEBUG main            d.u.i.k.p.i.AbstractProblemLoader Init config took 2.87s 
15774      INFO  main            d.u.i.k.p.i.AbstractProblemLoader Replaying proof ExampleObserver[java.lang.Object::<inv>()].JML accessible clause.0 
15777      DEBUG main            d.u.i.k.p.i.IntermediateProofReplayer Proof replay took 6.7ns 
15880      INFO  main            d.u.i.k.p.r.p.TestFile    ... finished proof: closed. 
16011      INFO  main            d.u.i.k.p.i.AbstractProblemLoader Loading environment from /home/runner/work/key/key/key.core/../key.ui/examples/heap/observer/ExampleObserver_inv.key.proof 
16011      DEBUG main            d.u.i.k.p.i.AbstractProblemLoader Environment load took 135.6ns 
16014      INFO  main            d.u.i.k.p.i.AbstractProblemLoader Creating init config 
18762      DEBUG main            d.u.i.k.p.i.AbstractProblemLoader Init config took 2.75s 
18817      INFO  main            d.u.i.k.p.i.AbstractProblemLoader Replaying proof ExampleObserver[java.lang.Object::<inv>()].JML accessible clause.0 
18832      DEBUG main            d.u.i.k.p.i.IntermediateProofReplayer Proof replay took 12.43ms 
18834      DEBUG main            d.u.i.k.p.r.p.TestFile    ... success: reloaded. 
18835      INFO  main            d.u.i.k.p.r.p.TestFile    Now processing file /home/runner/work/key/key/key.core/../key.ui/examples/heap/observer/ExampleObserver_subject.key 
18835      INFO  main            d.u.i.k.p.i.AbstractProblemLoader Loading environment from /home/runner/work/key/key/key.core/../key.ui/examples/heap/observer/ExampleObserver_subject.key 
18836      DEBUG main            d.u.i.k.p.i.AbstractProblemLoader Environment load took 228.1ns 
18837      INFO  main            d.u.i.k.p.i.AbstractProblemLoader Creating init config 
21564      DEBUG main            d.u.i.k.p.i.AbstractProblemLoader Init config took 2.73s 
21612      INFO  main            d.u.i.k.p.i.AbstractProblemLoader Replaying proof Observer[Observer::$subject()].JML accessible clause.0 
21614      DEBUG main            d.u.i.k.p.i.IntermediateProofReplayer Proof replay took 6.2ns 
21719      INFO  main            d.u.i.k.p.r.p.TestFile    ... finished proof: closed. 
21867      INFO  main            d.u.i.k.p.i.AbstractProblemLoader Loading environment from /home/runner/work/key/key/key.core/../key.ui/examples/heap/observer/ExampleObserver_subject.key.proof 
21867      DEBUG main            d.u.i.k.p.i.AbstractProblemLoader Environment load took 132.6ns 
21868      INFO  main            d.u.i.k.p.i.AbstractProblemLoader Creating init config 
24569      DEBUG main            d.u.i.k.p.i.AbstractProblemLoader Init config took 2.7s 
24634      INFO  main            d.u.i.k.p.i.AbstractProblemLoader Replaying proof Observer[Observer::$subject()].JML accessible clause.0 
24640      DEBUG main            d.u.i.k.p.i.IntermediateProofReplayer Proof replay took 1.65ms 
24641      DEBUG main            d.u.i.k.p.r.p.TestFile    ... success: reloaded. 
24643      INFO  main            d.u.i.k.p.r.p.TestFile    Now processing file /home/runner/work/key/key/key.core/../key.ui/examples/heap/observer/ExampleObserver_update.key 
24643      INFO  main            d.u.i.k.p.i.AbstractProblemLoader Loading environment from /home/runner/work/key/key/key.core/../key.ui/examples/heap/observer/ExampleObserver_update.key 
24643      DEBUG main            d.u.i.k.p.i.AbstractProblemLoader Environment load took 144ns 
24644      INFO  main            d.u.i.k.p.i.AbstractProblemLoader Creating init config 
27371      DEBUG main            d.u.i.k.p.i.AbstractProblemLoader Init config took 2.73s 
27423      INFO  main            d.u.i.k.p.i.AbstractProblemLoader Replaying proof ExampleObserver[Observer::update()].JML normal_behavior operation contract.0 
27426      DEBUG main            d.u.i.k.p.i.IntermediateProofReplayer Proof replay took 6.3ns 
27731      INFO  main            d.u.i.k.p.r.p.TestFile    ... finished proof: closed. 
27871      INFO  main            d.u.i.k.p.i.AbstractProblemLoader Loading environment from /home/runner/work/key/key/key.core/../key.ui/examples/heap/observer/ExampleObserver_update.key.proof 
27873      DEBUG main            d.u.i.k.p.i.AbstractProblemLoader Environment load took 1.68ms 
27877      INFO  main            d.u.i.k.p.i.AbstractProblemLoader Creating init config 
30551      DEBUG main            d.u.i.k.p.i.AbstractProblemLoader Init config took 2.67s 
30599      INFO  main            d.u.i.k.p.i.AbstractProblemLoader Replaying proof ExampleObserver[Observer::update()].JML normal_behavior operation contract.0 
30652      DEBUG main            d.u.i.k.p.i.IntermediateProofReplayer Proof replay took 49.4ms 
30653      DEBUG main            d.u.i.k.p.r.p.TestFile    ... success: reloaded. 
30655      INFO  main            d.u.i.k.p.r.p.TestFile    Now processing file /home/runner/work/key/key/key.core/../key.ui/examples/heap/observer/ExampleObserver_upToDate.key 
30655      INFO  main            d.u.i.k.p.i.AbstractProblemLoader Loading environment from /home/runner/work/key/key/key.core/../key.ui/examples/heap/observer/ExampleObserver_upToDate.key 
30655      DEBUG main            d.u.i.k.p.i.AbstractProblemLoader Environment load took 233.3ns 
30656      INFO  main            d.u.i.k.p.i.AbstractProblemLoader Creating init config 
33360      DEBUG main            d.u.i.k.p.i.AbstractProblemLoader Init config took 2.7s 
33410      INFO  main            d.u.i.k.p.i.AbstractProblemLoader Replaying proof ExampleObserver[Observer::$upToDate()].JML accessible clause.0 
33412      DEBUG main            d.u.i.k.p.i.IntermediateProofReplayer Proof replay took 7.5ns 
33615      INFO  main            d.u.i.k.p.r.p.TestFile    ... finished proof: closed. 
33777      INFO  main            d.u.i.k.p.i.AbstractProblemLoader Loading environment from /home/runner/work/key/key/key.core/../key.ui/examples/heap/observer/ExampleObserver_upToDate.key.proof 
33778      DEBUG main            d.u.i.k.p.i.AbstractProblemLoader Environment load took 230.4ns 
33779      INFO  main            d.u.i.k.p.i.AbstractProblemLoader Creating init config 
36445      DEBUG main            d.u.i.k.p.i.AbstractProblemLoader Init config took 2.67s 
36492      INFO  main            d.u.i.k.p.i.AbstractProblemLoader Replaying proof ExampleObserver[Observer::$upToDate()].JML accessible clause.0 
36509      DEBUG main            d.u.i.k.p.i.IntermediateProofReplayer Proof replay took 14.63ms 
36510      DEBUG main            d.u.i.k.p.r.p.TestFile    ... success: reloaded. 
36511      INFO  main            d.u.i.k.p.r.p.TestFile    Now processing file /home/runner/work/key/key/key.core/../key.ui/examples/heap/observer/ExampleObserver_value.key 
36511      INFO  main            d.u.i.k.p.i.AbstractProblemLoader Loading environment from /home/runner/work/key/key/key.core/../key.ui/examples/heap/observer/ExampleObserver_value.key 
36511      DEBUG main            d.u.i.k.p.i.AbstractProblemLoader Environment load took 131.1ns 
36512      INFO  main            d.u.i.k.p.i.AbstractProblemLoader Creating init config 
39219      DEBUG main            d.u.i.k.p.i.AbstractProblemLoader Init config took 2.71s 
39265      INFO  main            d.u.i.k.p.i.AbstractProblemLoader Replaying proof ExampleObserver[ExampleObserver::value()].JML normal_behavior operation contract.0 
39266      DEBUG main            d.u.i.k.p.i.IntermediateProofReplayer Proof replay took 6.8ns 
39369      INFO  main            d.u.i.k.p.r.p.TestFile    ... finished proof: closed. 
39540      INFO  main            d.u.i.k.p.i.AbstractProblemLoader Loading environment from /home/runner/work/key/key/key.core/../key.ui/examples/heap/observer/ExampleObserver_value.key.proof 
39541      DEBUG main            d.u.i.k.p.i.AbstractProblemLoader Environment load took 129.9ns 
39542      INFO  main            d.u.i.k.p.i.AbstractProblemLoader Creating init config 
42170      DEBUG main            d.u.i.k.p.i.AbstractProblemLoader Init config took 2.63s 
42215      INFO  main            d.u.i.k.p.i.AbstractProblemLoader Replaying proof ExampleObserver[ExampleObserver::value()].JML normal_behavior operation contract.0 
42232      DEBUG main            d.u.i.k.p.i.IntermediateProofReplayer Proof replay took 14.85ms 
42233      DEBUG main            d.u.i.k.p.r.p.TestFile    ... success: reloaded. 
42234      INFO  main            d.u.i.k.p.r.p.TestFile    Now processing file /home/runner/work/key/key/key.core/../key.ui/examples/heap/observer/ExampleSubject_addObserver.key 
42234      INFO  main            d.u.i.k.p.i.AbstractProblemLoader Loading environment from /home/runner/work/key/key/key.core/../key.ui/examples/heap/observer/ExampleSubject_addObserver.key 
42235      DEBUG main            d.u.i.k.p.i.AbstractProblemLoader Environment load took 117.4ns 
42235      INFO  main            d.u.i.k.p.i.AbstractProblemLoader Creating init config 
44907      DEBUG main            d.u.i.k.p.i.AbstractProblemLoader Init config took 2.67s 
44967      INFO  main            d.u.i.k.p.i.AbstractProblemLoader Replaying proof ExampleSubject[Subject::addObserver(Observer)].JML normal_behavior operation contract.0 
44968      DEBUG main            d.u.i.k.p.i.IntermediateProofReplayer Proof replay took 6.8ns 
49890      INFO  main            d.u.i.k.p.r.p.TestFile    ... finished proof: closed. 
50192      INFO  main            d.u.i.k.p.i.AbstractProblemLoader Loading environment from /home/runner/work/key/key/key.core/../key.ui/examples/heap/observer/ExampleSubject_addObserver.key.proof 
50192      DEBUG main            d.u.i.k.p.i.AbstractProblemLoader Environment load took 475.81ns 
50194      INFO  main            d.u.i.k.p.i.AbstractProblemLoader Creating init config 
52815      DEBUG main            d.u.i.k.p.i.AbstractProblemLoader Init config took 2.62s 
52860      INFO  main            d.u.i.k.p.i.AbstractProblemLoader Replaying proof ExampleSubject[Subject::addObserver(Observer)].JML normal_behavior operation contract.0 
53405      DEBUG main            d.u.i.k.p.i.IntermediateProofReplayer Proof replay took 522.57ms 
53407      DEBUG main            d.u.i.k.p.r.p.TestFile    ... success: reloaded. 
53408      INFO  main            d.u.i.k.p.r.p.TestFile    Now processing file /home/runner/work/key/key/key.core/../key.ui/examples/heap/observer/ExampleSubject_change.key 
53409      INFO  main            d.u.i.k.p.i.AbstractProblemLoader Loading environment from /home/runner/work/key/key/key.core/../key.ui/examples/heap/observer/ExampleSubject_change.key 
53409      DEBUG main            d.u.i.k.p.i.AbstractProblemLoader Environment load took 236.3ns 
53410      INFO  main            d.u.i.k.p.i.AbstractProblemLoader Creating init config 
56055      DEBUG main            d.u.i.k.p.i.AbstractProblemLoader Init config took 2.64s 
56099      INFO  main            d.u.i.k.p.i.AbstractProblemLoader Replaying proof ExampleSubject[ExampleSubject::change()].JML normal_behavior operation contract.0 
56101      DEBUG main            d.u.i.k.p.i.IntermediateProofReplayer Proof replay took 15.9ns 
56605      INFO  main            d.u.i.k.p.r.p.TestFile    ... finished proof: closed. 
56799      INFO  main            d.u.i.k.p.i.AbstractProblemLoader Loading environment from /home/runner/work/key/key/key.core/../key.ui/examples/heap/observer/ExampleSubject_change.key.proof 
56800      DEBUG main            d.u.i.k.p.i.AbstractProblemLoader Environment load took 1.38ms 
56806      INFO  main            d.u.i.k.p.i.AbstractProblemLoader Creating init config 
59405      DEBUG main            d.u.i.k.p.i.AbstractProblemLoader Init config took 2.6s 
59449      INFO  main            d.u.i.k.p.i.AbstractProblemLoader Replaying proof ExampleSubject[ExampleSubject::change()].JML normal_behavior operation contract.0 
59501      DEBUG main            d.u.i.k.p.i.IntermediateProofReplayer Proof replay took 47.56ms 
59503      DEBUG main            d.u.i.k.p.r.p.TestFile    ... success: reloaded. 
59504      INFO  main            d.u.i.k.p.r.p.TestFile    Now processing file /home/runner/work/key/key/key.core/../key.ui/examples/heap/observer/ExampleSubject_ExampleSubject.key 
59505      INFO  main            d.u.i.k.p.i.AbstractProblemLoader Loading environment from /home/runner/work/key/key/key.core/../key.ui/examples/heap/observer/ExampleSubject_ExampleSubject.key 
59505      DEBUG main            d.u.i.k.p.i.AbstractProblemLoader Environment load took 237.3ns 
59506      INFO  main            d.u.i.k.p.i.AbstractProblemLoader Creating init config 
62165      DEBUG main            d.u.i.k.p.i.AbstractProblemLoader Init config took 2.66s 
62208      INFO  main            d.u.i.k.p.i.AbstractProblemLoader Replaying proof ExampleSubject[ExampleSubject::ExampleSubject()].JML normal_behavior operation contract.0 
62213      DEBUG main            d.u.i.k.p.i.IntermediateProofReplayer Proof replay took 7.3ns 
63242      INFO  main            d.u.i.k.p.r.p.TestFile    ... finished proof: closed. 
63441      INFO  main            d.u.i.k.p.i.AbstractProblemLoader Loading environment from /home/runner/work/key/key/key.core/../key.ui/examples/heap/observer/ExampleSubject_ExampleSubject.key.proof 
63445      DEBUG main            d.u.i.k.p.i.AbstractProblemLoader Environment load took 3.54ms 
63448      INFO  main            d.u.i.k.p.i.AbstractProblemLoader Creating init config 
66066      DEBUG main            d.u.i.k.p.i.AbstractProblemLoader Init config took 2.62s 
66109      INFO  main            d.u.i.k.p.i.AbstractProblemLoader Replaying proof ExampleSubject[ExampleSubject::ExampleSubject()].JML normal_behavior operation contract.0 
66234      DEBUG main            d.u.i.k.p.i.IntermediateProofReplayer Proof replay took 117.54ms 
66235      DEBUG main            d.u.i.k.p.r.p.TestFile    ... success: reloaded. 
66236      INFO  main            d.u.i.k.p.r.p.TestFile    Now processing file /home/runner/work/key/key/key.core/../key.ui/examples/heap/observer/ExampleSubject_footprint.key 
66237      INFO  main            d.u.i.k.p.i.AbstractProblemLoader Loading environment from /home/runner/work/key/key/key.core/../key.ui/examples/heap/observer/ExampleSubject_footprint.key 
66237      DEBUG main            d.u.i.k.p.i.AbstractProblemLoader Environment load took 228.5ns 
66238      INFO  main            d.u.i.k.p.i.AbstractProblemLoader Creating init config 
68861      DEBUG main            d.u.i.k.p.i.AbstractProblemLoader Init config took 2.62s 
68903      INFO  main            d.u.i.k.p.i.AbstractProblemLoader Replaying proof ExampleSubject[Subject::$footprint()].JML accessible clause.0 
68904      DEBUG main            d.u.i.k.p.i.IntermediateProofReplayer Proof replay took 5.9ns 
69007      INFO  main            d.u.i.k.p.r.p.TestFile    ... finished proof: closed. 
69198      INFO  main            d.u.i.k.p.i.AbstractProblemLoader Loading environment from /home/runner/work/key/key/key.core/../key.ui/examples/heap/observer/ExampleSubject_footprint.key.proof 
69198      DEBUG main            d.u.i.k.p.i.AbstractProblemLoader Environment load took 124.5ns 
69199      INFO  main            d.u.i.k.p.i.AbstractProblemLoader Creating init config 
71865      DEBUG main            d.u.i.k.p.i.AbstractProblemLoader Init config took 2.67s 
71908      INFO  main            d.u.i.k.p.i.AbstractProblemLoader Replaying proof ExampleSubject[Subject::$footprint()].JML accessible clause.0 
71920      DEBUG main            d.u.i.k.p.i.IntermediateProofReplayer Proof replay took 10.14ms 
71921      DEBUG main            d.u.i.k.p.r.p.TestFile    ... success: reloaded. 
71922      INFO  main            d.u.i.k.p.r.p.TestFile    Now processing file /home/runner/work/key/key/key.core/../key.ui/examples/heap/observer/ExampleSubject_inv.key 
71923      INFO  main            d.u.i.k.p.i.AbstractProblemLoader Loading environment from /home/runner/work/key/key/key.core/../key.ui/examples/heap/observer/ExampleSubject_inv.key 
71926      DEBUG main            d.u.i.k.p.i.AbstractProblemLoader Environment load took 2.99ms 
71927      INFO  main            d.u.i.k.p.i.AbstractProblemLoader Creating init config 
74563      DEBUG main            d.u.i.k.p.i.AbstractProblemLoader Init config took 2.64s 
74603      INFO  main            d.u.i.k.p.i.AbstractProblemLoader Replaying proof ExampleSubject[java.lang.Object::<inv>()].JML accessible clause.0 
74605      DEBUG main            d.u.i.k.p.i.IntermediateProofReplayer Proof replay took 6.4ns 
75709      INFO  main            d.u.i.k.p.r.p.TestFile    ... finished proof: closed. 
75927      INFO  main            d.u.i.k.p.i.AbstractProblemLoader Loading environment from /home/runner/work/key/key/key.core/../key.ui/examples/heap/observer/ExampleSubject_inv.key.proof 
75928      DEBUG main            d.u.i.k.p.i.AbstractProblemLoader Environment load took 471.01ns 
75929      INFO  main            d.u.i.k.p.i.AbstractProblemLoader Creating init config 
78532      DEBUG main            d.u.i.k.p.i.AbstractProblemLoader Init config took 2.6s 
78576      INFO  main            d.u.i.k.p.i.AbstractProblemLoader Replaying proof ExampleSubject[java.lang.Object::<inv>()].JML accessible clause.0 
78659      DEBUG main            d.u.i.k.p.i.IntermediateProofReplayer Proof replay took 70.95ms 
78662      DEBUG main            d.u.i.k.p.r.p.TestFile    ... success: reloaded. 
78663      INFO  main            d.u.i.k.p.r.p.TestFile    Now processing file /home/runner/work/key/key/key.core/../key.ui/examples/heap/observer/ExampleSubject_notifyObservers.key 
78664      INFO  main            d.u.i.k.p.i.AbstractProblemLoader Loading environment from /home/runner/work/key/key/key.core/../key.ui/examples/heap/observer/ExampleSubject_notifyObservers.key 
78664      DEBUG main            d.u.i.k.p.i.AbstractProblemLoader Environment load took 242.4ns 
78665      INFO  main            d.u.i.k.p.i.AbstractProblemLoader Creating init config 
81257      DEBUG main            d.u.i.k.p.i.AbstractProblemLoader Init config took 2.59s 
81298      INFO  main            d.u.i.k.p.i.AbstractProblemLoader Replaying proof Subject[Subject::notifyObservers()].JML normal_behavior operation contract.0 
81300      DEBUG main            d.u.i.k.p.i.IntermediateProofReplayer Proof replay took 7.2ns 
81402      INFO  main            d.u.i.k.p.r.p.TestFile    ... finished proof: closed. 
81601      INFO  main            d.u.i.k.p.i.AbstractProblemLoader Loading environment from /home/runner/work/key/key/key.core/../key.ui/examples/heap/observer/ExampleSubject_notifyObservers.key.proof 
81602      DEBUG main            d.u.i.k.p.i.AbstractProblemLoader Environment load took 129.9ns 
81603      INFO  main            d.u.i.k.p.i.AbstractProblemLoader Creating init config 
84206      DEBUG main            d.u.i.k.p.i.AbstractProblemLoader Init config took 2.6s 
84252      INFO  main            d.u.i.k.p.i.AbstractProblemLoader Replaying proof Subject[Subject::notifyObservers()].JML normal_behavior operation contract.0 
84257      DEBUG main            d.u.i.k.p.i.IntermediateProofReplayer Proof replay took 2.18ms 
84259      DEBUG main            d.u.i.k.p.r.p.TestFile    ... success: reloaded. 
84260      INFO  main            d.u.i.k.p.r.p.TestFile    Now processing file /home/runner/work/key/key/key.core/../key.ui/examples/heap/observer/ExampleSubject_value_dep.key 
84260      INFO  main            d.u.i.k.p.i.AbstractProblemLoader Loading environment from /home/runner/work/key/key/key.core/../key.ui/examples/heap/observer/ExampleSubject_value_dep.key 
84261      DEBUG main            d.u.i.k.p.i.AbstractProblemLoader Environment load took 214.7ns 
84263      INFO  main            d.u.i.k.p.i.AbstractProblemLoader Creating init config 
86929      DEBUG main            d.u.i.k.p.i.AbstractProblemLoader Init config took 2.67s 
86970      INFO  main            d.u.i.k.p.i.AbstractProblemLoader Replaying proof ExampleSubject[ExampleSubject::value()].JML accessible clause.0 
86971      DEBUG main            d.u.i.k.p.i.IntermediateProofReplayer Proof replay took 5.9ns 
87073      INFO  main            d.u.i.k.p.r.p.TestFile    ... finished proof: closed. 
87283      INFO  main            d.u.i.k.p.i.AbstractProblemLoader Loading environment from /home/runner/work/key/key/key.core/../key.ui/examples/heap/observer/ExampleSubject_value_dep.key.proof 
87283      DEBUG main            d.u.i.k.p.i.AbstractProblemLoader Environment load took 119.4ns 
87284      INFO  main            d.u.i.k.p.i.AbstractProblemLoader Creating init config 
89858      DEBUG main            d.u.i.k.p.i.AbstractProblemLoader Init config took 2.57s 
89899      INFO  main            d.u.i.k.p.i.AbstractProblemLoader Replaying proof ExampleSubject[ExampleSubject::value()].JML accessible clause.0 
89910      DEBUG main            d.u.i.k.p.i.IntermediateProofReplayer Proof replay took 9.46ms 
89911      DEBUG main            d.u.i.k.p.r.p.TestFile    ... success: reloaded. 
89912      INFO  main            d.u.i.k.p.r.p.TestFile    Now processing file /home/runner/work/key/key/key.core/../key.ui/examples/heap/observer/ExampleSubject_value.key 
89913      INFO  main            d.u.i.k.p.i.AbstractProblemLoader Loading environment from /home/runner/work/key/key/key.core/../key.ui/examples/heap/observer/ExampleSubject_value.key 
89913      DEBUG main            d.u.i.k.p.i.AbstractProblemLoader Environment load took 254.9ns 
89914      INFO  main            d.u.i.k.p.i.AbstractProblemLoader Creating init config 
92544      DEBUG main            d.u.i.k.p.i.AbstractProblemLoader Init config took 2.63s 
92585      INFO  main            d.u.i.k.p.i.AbstractProblemLoader Replaying proof ExampleSubject[ExampleSubject::value()].JML normal_behavior operation contract.0 
92587      DEBUG main            d.u.i.k.p.i.IntermediateProofReplayer Proof replay took 6.6ns 
92689      INFO  main            d.u.i.k.p.r.p.TestFile    ... finished proof: closed. 
92980      INFO  main            d.u.i.k.p.i.AbstractProblemLoader Loading environment from /home/runner/work/key/key/key.core/../key.ui/examples/heap/observer/ExampleSubject_value.key.proof 
92980      DEBUG main            d.u.i.k.p.i.AbstractProblemLoader Environment load took 120.2ns 
92981      INFO  main            d.u.i.k.p.i.AbstractProblemLoader Creating init config 
95537      DEBUG main            d.u.i.k.p.i.AbstractProblemLoader Init config took 2.56s 
95588      INFO  main            d.u.i.k.p.i.AbstractProblemLoader Replaying proof ExampleSubject[ExampleSubject::value()].JML normal_behavior operation contract.0 
95598      DEBUG main            d.u.i.k.p.i.IntermediateProofReplayer Proof replay took 7.99ms 
95598      DEBUG main            d.u.i.k.p.r.p.TestFile    ... success: reloaded. 
1456845    INFO  Test worker     d.u.i.k.p.r.RunAllProofsTestUnit Returning from test observer 
1456846    INFO  Test worker     d.u.i.k.p.r.RunAllProofsTestUnit Running test removeDups 
346        INFO  Timeout watchdog d.u.i.k.p.r.p.ForkedTestFileRunner Timeout watcher launched (2000 secs.) 
356        WARN  main            d.u.i.k.s.ProofSettings   The settings in /home/runner/.key/proof-settings.props are *not* read. 
392        INFO  main            d.u.i.k.p.r.p.TestFile    Now processing file /home/runner/work/key/key/key.core/../key.ui/examples/heap/removeDups/arrayPart.key 
537        INFO  main            d.u.i.k.p.i.AbstractProblemLoader Loading environment from /home/runner/work/key/key/key.core/../key.ui/examples/heap/removeDups/arrayPart.key 
553        DEBUG main            d.u.i.k.p.i.AbstractProblemLoader Environment load took 1.86ms 
767        INFO  main            d.u.i.k.p.i.AbstractProblemLoader Creating init config 
1617       DEBUG main            d.u.i.k.j.TypeConverter   No LDT found for Meta 
1617       DEBUG main            d.u.i.k.j.TypeConverter   No LDT found for Meta 
1618       DEBUG main            d.u.i.k.j.TypeConverter   No LDT found for Meta 
1618       DEBUG main            d.u.i.k.j.TypeConverter   No LDT found for Meta 
3331       DEBUG main            d.u.i.k.j.TypeConverter   No LDT found for JavaBigintExpression 
8546       DEBUG main            d.u.i.k.p.i.AbstractProblemLoader Init config took 7.78s 
8676       INFO  main            d.u.i.k.p.i.AbstractProblemLoader Replaying proof RemoveDup[RemoveDup::arrayPart([I,int)].JML normal_behavior operation contract.0 
8708       DEBUG main            d.u.i.k.p.i.IntermediateProofReplayer Proof replay took 33.2ns 
11278      INFO  main            d.u.i.k.p.r.p.TestFile    ... finished proof: closed. 
11435      INFO  main            d.u.i.k.p.i.AbstractProblemLoader Loading environment from /home/runner/work/key/key/key.core/../key.ui/examples/heap/removeDups/arrayPart.key.proof 
11440      DEBUG main            d.u.i.k.p.i.AbstractProblemLoader Environment load took 5.64ms 
11443      INFO  main            d.u.i.k.p.i.AbstractProblemLoader Creating init config 
14476      DEBUG main            d.u.i.k.p.i.AbstractProblemLoader Init config took 3.03s 
14547      INFO  main            d.u.i.k.p.i.AbstractProblemLoader Replaying proof RemoveDup[RemoveDup::arrayPart([I,int)].JML normal_behavior operation contract.0 
14792      DEBUG main            d.u.i.k.p.i.IntermediateProofReplayer Proof replay took 232.89ms 
14799      DEBUG main            d.u.i.k.p.r.p.TestFile    ... success: reloaded. 
14801      INFO  main            d.u.i.k.p.r.p.TestFile    Now processing file /home/runner/work/key/key/key.core/../key.ui/examples/heap/removeDups/contains.key 
14801      INFO  main            d.u.i.k.p.i.AbstractProblemLoader Loading environment from /home/runner/work/key/key/key.core/../key.ui/examples/heap/removeDups/contains.key 
14801      DEBUG main            d.u.i.k.p.i.AbstractProblemLoader Environment load took 243.7ns 
14803      INFO  main            d.u.i.k.p.i.AbstractProblemLoader Creating init config 
17732      DEBUG main            d.u.i.k.p.i.AbstractProblemLoader Init config took 2.93s 
17786      INFO  main            d.u.i.k.p.i.AbstractProblemLoader Replaying proof RemoveDup[RemoveDup::contains([I,int,int)].JML normal_behavior operation contract.0 
17788      DEBUG main            d.u.i.k.p.i.IntermediateProofReplayer Proof replay took 6.5ns 
18392      INFO  main            d.u.i.k.p.r.p.TestFile    ... finished proof: closed. 
18546      INFO  main            d.u.i.k.p.i.AbstractProblemLoader Loading environment from /home/runner/work/key/key/key.core/../key.ui/examples/heap/removeDups/contains.key.proof 
18549      DEBUG main            d.u.i.k.p.i.AbstractProblemLoader Environment load took 2.6ms 
18551      INFO  main            d.u.i.k.p.i.AbstractProblemLoader Creating init config 
21288      DEBUG main            d.u.i.k.p.i.AbstractProblemLoader Init config took 2.74s 
21350      INFO  main            d.u.i.k.p.i.AbstractProblemLoader Replaying proof RemoveDup[RemoveDup::contains([I,int,int)].JML normal_behavior operation contract.0 
21469      DEBUG main            d.u.i.k.p.i.IntermediateProofReplayer Proof replay took 110.36ms 
21470      DEBUG main            d.u.i.k.p.r.p.TestFile    ... success: reloaded. 
21473      INFO  main            d.u.i.k.p.r.p.TestFile    Now processing file /home/runner/work/key/key/key.core/../key.ui/examples/heap/removeDups/removeDup.key 
21474      INFO  main            d.u.i.k.p.i.AbstractProblemLoader Loading environment from /home/runner/work/key/key/key.core/../key.ui/examples/heap/removeDups/removeDup.key 
21474      DEBUG main            d.u.i.k.p.i.AbstractProblemLoader Environment load took 176.3ns 
21476      INFO  main            d.u.i.k.p.i.AbstractProblemLoader Creating init config 
24253      DEBUG main            d.u.i.k.p.i.AbstractProblemLoader Init config took 2.78s 
24300      INFO  main            d.u.i.k.p.i.AbstractProblemLoader Replaying proof RemoveDup[RemoveDup::removeDup([I)].JML normal_behavior operation contract.0 
24302      DEBUG main            d.u.i.k.p.i.IntermediateProofReplayer Proof replay took 6.9ns 
43565      INFO  main            d.u.i.k.p.r.p.TestFile    ... finished proof: closed. 
43811      INFO  main            d.u.i.k.p.i.AbstractProblemLoader Loading environment from /home/runner/work/key/key/key.core/../key.ui/examples/heap/removeDups/removeDup.key.proof 
43812      DEBUG main            d.u.i.k.p.i.AbstractProblemLoader Environment load took 262.6ns 
43817      INFO  main            d.u.i.k.p.i.AbstractProblemLoader Creating init config 
46463      DEBUG main            d.u.i.k.p.i.AbstractProblemLoader Init config took 2.65s 
46507      INFO  main            d.u.i.k.p.i.AbstractProblemLoader Replaying proof RemoveDup[RemoveDup::removeDup([I)].JML normal_behavior operation contract.0 
47759      DEBUG main            d.u.i.k.p.i.IntermediateProofReplayer Proof replay took 1.19s 
47762      DEBUG main            d.u.i.k.p.r.p.TestFile    ... success: reloaded. 
47765      INFO  main            d.u.i.k.p.r.p.TestFile    Now processing file /home/runner/work/key/key/key.core/../key.ui/examples/heap/saddleback_search/Saddleback_search.key 
47766      INFO  main            d.u.i.k.p.i.AbstractProblemLoader Loading environment from /home/runner/work/key/key/key.core/../key.ui/examples/heap/saddleback_search/Saddleback_search.key 
47768      DEBUG main            d.u.i.k.p.i.AbstractProblemLoader Environment load took 1.88ms 
47769      INFO  main            d.u.i.k.p.i.AbstractProblemLoader Creating init config 
50570      DEBUG main            d.u.i.k.p.i.AbstractProblemLoader Init config took 2.8s 
50607      INFO  main            d.u.i.k.p.i.AbstractProblemLoader Replaying proof Saddleback[Saddleback::search([[I,int)].JML normal_behavior operation contract.0 
50615      DEBUG main            d.u.i.k.p.i.IntermediateProofReplayer Proof replay took 6.8ns 
125176     INFO  main            d.u.i.k.p.r.p.TestFile    ... finished proof: closed. 
125566     INFO  main            d.u.i.k.p.i.AbstractProblemLoader Loading environment from /home/runner/work/key/key/key.core/../key.ui/examples/heap/saddleback_search/Saddleback_search.key.proof 
125567     DEBUG main            d.u.i.k.p.i.AbstractProblemLoader Environment load took 492.61ns 
125577     INFO  main            d.u.i.k.p.i.AbstractProblemLoader Creating init config 
128183     DEBUG main            d.u.i.k.p.i.AbstractProblemLoader Init config took 2.61s 
128220     INFO  main            d.u.i.k.p.i.AbstractProblemLoader Replaying proof Saddleback[Saddleback::search([[I,int)].JML normal_behavior operation contract.0 
129778     DEBUG main            d.u.i.k.p.i.IntermediateProofReplayer Proof replay took 1.4s 
129789     DEBUG main            d.u.i.k.p.r.p.TestFile    ... success: reloaded. 
1586812    INFO  Test worker     d.u.i.k.p.r.RunAllProofsTestUnit Returning from test removeDups 
1586813    INFO  Test worker     d.u.i.k.p.r.RunAllProofsTestUnit Running test quicksort 
331        INFO  Timeout watchdog d.u.i.k.p.r.p.ForkedTestFileRunner Timeout watcher launched (2000 secs.) 
352        WARN  main            d.u.i.k.s.ProofSettings   The settings in /home/runner/.key/proof-settings.props are *not* read. 
390        INFO  main            d.u.i.k.p.r.p.TestFile    Now processing file /home/runner/work/key/key/key.core/../key.ui/examples/heap/quicksort/toplevel.key 
506        INFO  main            d.u.i.k.p.i.AbstractProblemLoader Loading environment from /home/runner/work/key/key/key.core/../key.ui/examples/heap/quicksort/toplevel.key 
527        DEBUG main            d.u.i.k.p.i.AbstractProblemLoader Environment load took 1.9ms 
743        INFO  main            d.u.i.k.p.i.AbstractProblemLoader Creating init config 
1656       DEBUG main            d.u.i.k.j.TypeConverter   No LDT found for Meta 
1656       DEBUG main            d.u.i.k.j.TypeConverter   No LDT found for Meta 
1657       DEBUG main            d.u.i.k.j.TypeConverter   No LDT found for Meta 
1657       DEBUG main            d.u.i.k.j.TypeConverter   No LDT found for Meta 
2811       DEBUG main            d.u.i.k.j.TypeConverter   No LDT found for JavaBigintExpression 
8248       DEBUG main            d.u.i.k.p.i.AbstractProblemLoader Init config took 7.5s 
8365       INFO  main            d.u.i.k.p.i.AbstractProblemLoader Replaying proof Quicksort[Quicksort::sort([I)].JML normal_behavior operation contract.0 
8398       DEBUG main            d.u.i.k.p.i.IntermediateProofReplayer Proof replay took 29.3ns 
9766       INFO  main            d.u.i.k.p.r.p.TestFile    ... finished proof: closed. 
9933       INFO  main            d.u.i.k.p.i.AbstractProblemLoader Loading environment from /home/runner/work/key/key/key.core/../key.ui/examples/heap/quicksort/toplevel.key.proof 
9933       DEBUG main            d.u.i.k.p.i.AbstractProblemLoader Environment load took 477.81ns 
9936       INFO  main            d.u.i.k.p.i.AbstractProblemLoader Creating init config 
13007      DEBUG main            d.u.i.k.p.i.AbstractProblemLoader Init config took 3.07s 
13068      INFO  main            d.u.i.k.p.i.AbstractProblemLoader Replaying proof Quicksort[Quicksort::sort([I)].JML normal_behavior operation contract.0 
13186      DEBUG main            d.u.i.k.p.i.IntermediateProofReplayer Proof replay took 110.08ms 
13192      DEBUG main            d.u.i.k.p.r.p.TestFile    ... success: reloaded. 
13195      INFO  main            d.u.i.k.p.r.p.TestFile    Now processing file /home/runner/work/key/key/key.core/../key.ui/examples/heap/quicksort/sort.key 
13195      INFO  main            d.u.i.k.p.i.AbstractProblemLoader Loading environment from /home/runner/work/key/key/key.core/../key.ui/examples/heap/quicksort/sort.key 
13195      DEBUG main            d.u.i.k.p.i.AbstractProblemLoader Environment load took 238.5ns 
13197      INFO  main            d.u.i.k.p.i.AbstractProblemLoader Creating init config 
16103      DEBUG main            d.u.i.k.p.i.AbstractProblemLoader Init config took 2.91s 
16177      INFO  main            d.u.i.k.p.i.AbstractProblemLoader Replaying proof Quicksort[Quicksort::sort([I,int,int)].JML normal_behavior operation contract.0 
16184      DEBUG main            d.u.i.k.p.i.IntermediateProofReplayer Proof replay took 7.7ns 
16222      DEBUG main            d.u.i.k.m.s.ProofScriptEngine [1] goal: 0, source line: 7, command: 'script 'sort.script'' 
16223      INFO  main            d.u.i.k.m.s.ProofScriptCommand Included script /home/runner/work/key/key/key.core/../key.ui/examples/heap/quicksort/sort.script 
16225      DEBUG main            d.u.i.k.m.s.ProofScriptEngine [1] goal: 0, source line: 1, command: 'macro autopilot-prep' 
17333      DEBUG main            d.u.i.k.m.s.ProofScriptEngine [2] goal: 358, source line: 3, command: 'select formula="{heapAtPre:=heap || exc:=null || heap:=heapAfter_sort_0}
   seq ...' 
17334      DEBUG main            d.u.i.k.m.s.ProofScriptEngine [3] goal: 358, source line: 9, command: 'macro simp-upd' 
17342      DEBUG main            d.u.i.k.m.s.ProofScriptEngine [4] goal: 369, source line: 11, command: 'let   @seqPre="seqDef{int u;}(0, array.length, array[u])"
    @seqSplit="seqDef ...' 
17345      DEBUG main            d.u.i.k.m.s.ProofScriptEngine [5] goal: 369, source line: 16, command: 'rule seqPermSym 
  formula="seqPerm(@seqSplit, @seqPre)"' 
17358      DEBUG main            d.u.i.k.m.s.ProofScriptEngine [6] goal: 370, source line: 19, command: 'rule seqPermSym
  formula="seqPerm(@seqSort, @seqSplit)"' 
17359      DEBUG main            d.u.i.k.m.s.ProofScriptEngine [7] goal: 371, source line: 22, command: 'rule seqPermSym
  formula="seqPerm(@seqSort0, @seqSort)"' 
17361      DEBUG main            d.u.i.k.m.s.ProofScriptEngine [8] goal: 372, source line: 25, command: 'rule seqPermTrans
  formula="seqPerm(@seqPre, @seqSplit)"' 
17362      DEBUG main            d.u.i.k.m.s.ProofScriptEngine [9] goal: 373, source line: 28, command: 'rule seqPermTrans
  formula="seqPerm(@seqPre, @seqSort)"' 
17363      DEBUG main            d.u.i.k.m.s.ProofScriptEngine [10] goal: 374, source line: 31, command: 'rule seqPermSym
  formula="seqPerm(@seqPre, @seqSort0)"' 
17364      DEBUG main            d.u.i.k.m.s.ProofScriptEngine [11] goal: 375, source line: 34, command: 'tryclose' 
42184      INFO  main            d.u.i.k.p.r.p.TestFile    ... finished proof: closed. 
42456      INFO  main            d.u.i.k.p.i.AbstractProblemLoader Loading environment from /home/runner/work/key/key/key.core/../key.ui/examples/heap/quicksort/sort.key.proof 
42456      DEBUG main            d.u.i.k.p.i.AbstractProblemLoader Environment load took 216.4ns 
42468      INFO  main            d.u.i.k.p.i.AbstractProblemLoader Creating init config 
45235      DEBUG main            d.u.i.k.p.i.AbstractProblemLoader Init config took 2.77s 
45283      INFO  main            d.u.i.k.p.i.AbstractProblemLoader Replaying proof Quicksort[Quicksort::sort([I,int,int)].JML normal_behavior operation contract.0 
46813      DEBUG main            d.u.i.k.p.i.IntermediateProofReplayer Proof replay took 1.41s 
46825      DEBUG main            d.u.i.k.p.r.p.TestFile    ... success: reloaded. 
46831      INFO  main            d.u.i.k.p.r.p.TestFile    Now processing file /home/runner/work/key/key/key.core/../key.ui/examples/heap/quicksort/split.key 
46838      INFO  main            d.u.i.k.p.i.AbstractProblemLoader Loading environment from /home/runner/work/key/key/key.core/../key.ui/examples/heap/quicksort/split.key 
46839      DEBUG main            d.u.i.k.p.i.AbstractProblemLoader Environment load took 608.71ns 
46848      INFO  main            d.u.i.k.p.i.AbstractProblemLoader Creating init config 
49832      DEBUG main            d.u.i.k.p.i.AbstractProblemLoader Init config took 2.98s 
49884      INFO  main            d.u.i.k.p.i.AbstractProblemLoader Replaying proof Quicksort[Quicksort::split([I,int,int)].JML normal_behavior operation contract.0 
49889      DEBUG main            d.u.i.k.p.i.IntermediateProofReplayer Proof replay took 5.4ns 
49889      DEBUG main            d.u.i.k.m.s.ProofScriptEngine [1] goal: 0, source line: 15, command: 'macro autopilot-prep' 
51075      DEBUG main            d.u.i.k.m.s.ProofScriptEngine [2] goal: 520, source line: 17, command: 'tryclose' 
87236      DEBUG main            d.u.i.k.m.s.ProofScriptEngine [3] goal: 495, source line: 20, command: 'macro simp-upd' 
87338      DEBUG main            d.u.i.k.m.s.ProofScriptEngine [4] goal: 495, source line: 25, command: 'rule seqPermFromSwap' 
87350      DEBUG main            d.u.i.k.m.s.ProofScriptEngine [5] goal: 40829, source line: 26, command: 'rule andRight' 
87355      DEBUG main            d.u.i.k.m.s.ProofScriptEngine [6] goal: 40830, source line: 27, command: 'auto' 
87420      DEBUG main            d.u.i.k.m.s.ProofScriptEngine [7] goal: 40831, source line: 29, command: 'instantiate hide var=iv with=i_0' 
87422      DEBUG main            d.u.i.k.m.s.ProofScriptEngine [8] goal: 40836, source line: 31, command: 'instantiate hide var=jv with=j_0' 
87425      DEBUG main            d.u.i.k.m.s.ProofScriptEngine [9] goal: 40837, source line: 32, command: 'auto' 
93448      DEBUG main            d.u.i.k.m.s.ProofScriptEngine [10] goal: 190, source line: 34, command: 'macro simp-upd' 
93526      DEBUG main            d.u.i.k.m.s.ProofScriptEngine [11] goal: 46168, source line: 36, command: 'rule seqPermFromSwap' 
93528      DEBUG main            d.u.i.k.m.s.ProofScriptEngine [12] goal: 46169, source line: 37, command: 'rule andRight' 
93531      DEBUG main            d.u.i.k.m.s.ProofScriptEngine [13] goal: 46170, source line: 38, command: 'auto' 
93546      DEBUG main            d.u.i.k.m.s.ProofScriptEngine [14] goal: 46171, source line: 40, command: 'instantiate hide var=iv with=i_0' 
93547      DEBUG main            d.u.i.k.m.s.ProofScriptEngine [15] goal: 46176, source line: 42, command: 'instantiate hide var=jv with=to' 
93549      DEBUG main            d.u.i.k.m.s.ProofScriptEngine [16] goal: 46177, source line: 43, command: 'auto' 
98365      INFO  main            d.u.i.k.p.r.p.TestFile    ... finished proof: closed. 
98843      INFO  main            d.u.i.k.p.i.AbstractProblemLoader Loading environment from /home/runner/work/key/key/key.core/../key.ui/examples/heap/quicksort/split.key.proof 
98843      DEBUG main            d.u.i.k.p.i.AbstractProblemLoader Environment load took 228.8ns 
98854      INFO  main            d.u.i.k.p.i.AbstractProblemLoader Creating init config 
101528     DEBUG main            d.u.i.k.p.i.AbstractProblemLoader Init config took 2.67s 
101586     INFO  main            d.u.i.k.p.i.AbstractProblemLoader Replaying proof Quicksort[Quicksort::split([I,int,int)].JML normal_behavior operation contract.0 
104094     DEBUG main            d.u.i.k.p.i.IntermediateProofReplayer Proof replay took 2.3s 
104116     DEBUG main            d.u.i.k.p.r.p.TestFile    ... success: reloaded. 
1691754    INFO  Test worker     d.u.i.k.p.r.RunAllProofsTestUnit Returning from test quicksort 
1691759    INFO  Test worker     d.u.i.k.p.r.RunAllProofsTestUnit Running test simpleTests 
344        INFO  Timeout watchdog d.u.i.k.p.r.p.ForkedTestFileRunner Timeout watcher launched (2000 secs.) 
356        WARN  main            d.u.i.k.s.ProofSettings   The settings in /home/runner/.key/proof-settings.props are *not* read. 
397        INFO  main            d.u.i.k.p.r.p.TestFile    Now processing file /home/runner/work/key/key/key.core/../key.ui/examples/heap/simple/anonymise_datagroup.key 
562        INFO  main            d.u.i.k.p.i.AbstractProblemLoader Loading environment from /home/runner/work/key/key/key.core/../key.ui/examples/heap/simple/anonymise_datagroup.key 
581        DEBUG main            d.u.i.k.p.i.AbstractProblemLoader Environment load took 1.88ms 
861        INFO  main            d.u.i.k.p.i.AbstractProblemLoader Creating init config 
1666       DEBUG main            d.u.i.k.j.TypeConverter   No LDT found for Meta 
1667       DEBUG main            d.u.i.k.j.TypeConverter   No LDT found for Meta 
1668       DEBUG main            d.u.i.k.j.TypeConverter   No LDT found for Meta 
1669       DEBUG main            d.u.i.k.j.TypeConverter   No LDT found for Meta 
3164       DEBUG main            d.u.i.k.j.TypeConverter   No LDT found for JavaBigintExpression 
8118       DEBUG main            d.u.i.k.p.i.AbstractProblemLoader Init config took 7.26s 
8176       INFO  main            d.u.i.k.p.i.AbstractProblemLoader Replaying proof anonymise_datagroup.key 
8208       DEBUG main            d.u.i.k.p.i.IntermediateProofReplayer Proof replay took 31.9ns 
8476       INFO  main            d.u.i.k.p.r.p.TestFile    ... finished proof: closed. 
8578       INFO  main            d.u.i.k.p.i.AbstractProblemLoader Loading environment from /home/runner/work/key/key/key.core/../key.ui/examples/heap/simple/anonymise_datagroup.key.proof 
8578       DEBUG main            d.u.i.k.p.i.AbstractProblemLoader Environment load took 479ns 
8582       INFO  main            d.u.i.k.p.i.AbstractProblemLoader Creating init config 
11296      DEBUG main            d.u.i.k.p.i.AbstractProblemLoader Init config took 2.71s 
11338      INFO  main            d.u.i.k.p.i.AbstractProblemLoader Replaying proof anonymise_datagroup.key.proof 
11351      DEBUG main            d.u.i.k.p.i.IntermediateProofReplayer Proof replay took 8.71ms 
11364      DEBUG main            d.u.i.k.p.r.p.TestFile    ... success: reloaded. 
11369      INFO  main            d.u.i.k.p.r.p.TestFile    Now processing file /home/runner/work/key/key/key.core/../key.ui/examples/heap/simple/array_creation.key 
11381      INFO  main            d.u.i.k.p.i.AbstractProblemLoader Loading environment from /home/runner/work/key/key/key.core/../key.ui/examples/heap/simple/array_creation.key 
11382      DEBUG main            d.u.i.k.p.i.AbstractProblemLoader Environment load took 294.1ns 
11390      INFO  main            d.u.i.k.p.i.AbstractProblemLoader Creating init config 
14076      DEBUG main            d.u.i.k.p.i.AbstractProblemLoader Init config took 2.69s 
14108      INFO  main            d.u.i.k.p.i.AbstractProblemLoader Replaying proof array_creation.key 
14113      DEBUG main            d.u.i.k.p.i.IntermediateProofReplayer Proof replay took 6.9ns 
14824      INFO  main            d.u.i.k.p.r.p.TestFile    ... finished proof: closed. 
15008      INFO  main            d.u.i.k.p.i.AbstractProblemLoader Loading environment from /home/runner/work/key/key/key.core/../key.ui/examples/heap/simple/array_creation.key.proof 
15008      DEBUG main            d.u.i.k.p.i.AbstractProblemLoader Environment load took 643.9ns 
15011      INFO  main            d.u.i.k.p.i.AbstractProblemLoader Creating init config 
17522      DEBUG main            d.u.i.k.p.i.AbstractProblemLoader Init config took 2.51s 
17558      INFO  main            d.u.i.k.p.i.AbstractProblemLoader Replaying proof array_creation.key.proof 
17705      DEBUG main            d.u.i.k.p.i.IntermediateProofReplayer Proof replay took 141.79ms 
17707      DEBUG main            d.u.i.k.p.r.p.TestFile    ... success: reloaded. 
17709      INFO  main            d.u.i.k.p.r.p.TestFile    Now processing file /home/runner/work/key/key/key.core/../key.ui/examples/heap/simple/arrays_with_disjoint_sorts.key 
17710      INFO  main            d.u.i.k.p.i.AbstractProblemLoader Loading environment from /home/runner/work/key/key/key.core/../key.ui/examples/heap/simple/arrays_with_disjoint_sorts.key 
17710      DEBUG main            d.u.i.k.p.i.AbstractProblemLoader Environment load took 112.6ns 
17713      INFO  main            d.u.i.k.p.i.AbstractProblemLoader Creating init config 
20230      DEBUG main            d.u.i.k.p.i.AbstractProblemLoader Init config took 2.52s 
20266      INFO  main            d.u.i.k.p.i.AbstractProblemLoader Replaying proof arrays_with_disjoint_sorts.key 
20268      DEBUG main            d.u.i.k.p.i.IntermediateProofReplayer Proof replay took 7.2ns 
20472      INFO  main            d.u.i.k.p.r.p.TestFile    ... finished proof: closed. 
20617      INFO  main            d.u.i.k.p.i.AbstractProblemLoader Loading environment from /home/runner/work/key/key/key.core/../key.ui/examples/heap/simple/arrays_with_disjoint_sorts.key.proof 
20622      DEBUG main            d.u.i.k.p.i.AbstractProblemLoader Environment load took 5.33ms 
20624      INFO  main            d.u.i.k.p.i.AbstractProblemLoader Creating init config 
23125      DEBUG main            d.u.i.k.p.i.AbstractProblemLoader Init config took 2.5s 
23148      INFO  main            d.u.i.k.p.i.AbstractProblemLoader Replaying proof arrays_with_disjoint_sorts.key.proof 
23168      DEBUG main            d.u.i.k.p.i.IntermediateProofReplayer Proof replay took 17.27ms 
23169      DEBUG main            d.u.i.k.p.r.p.TestFile    ... success: reloaded. 
23170      INFO  main            d.u.i.k.p.r.p.TestFile    Now processing file /home/runner/work/key/key/key.core/../key.ui/examples/heap/simple/arrays.key 
23170      INFO  main            d.u.i.k.p.i.AbstractProblemLoader Loading environment from /home/runner/work/key/key/key.core/../key.ui/examples/heap/simple/arrays.key 
23171      DEBUG main            d.u.i.k.p.i.AbstractProblemLoader Environment load took 207.3ns 
23172      INFO  main            d.u.i.k.p.i.AbstractProblemLoader Creating init config 
25633      DEBUG main            d.u.i.k.p.i.AbstractProblemLoader Init config took 2.46s 
25656      INFO  main            d.u.i.k.p.i.AbstractProblemLoader Replaying proof arrays.key 
25659      DEBUG main            d.u.i.k.p.i.IntermediateProofReplayer Proof replay took 7.6ns 
25763      INFO  main            d.u.i.k.p.r.p.TestFile    ... finished proof: closed. 
25923      INFO  main            d.u.i.k.p.i.AbstractProblemLoader Loading environment from /home/runner/work/key/key/key.core/../key.ui/examples/heap/simple/arrays.key.proof 
25923      DEBUG main            d.u.i.k.p.i.AbstractProblemLoader Environment load took 131.5ns 
25925      INFO  main            d.u.i.k.p.i.AbstractProblemLoader Creating init config 
28344      DEBUG main            d.u.i.k.p.i.AbstractProblemLoader Init config took 2.42s 
28367      INFO  main            d.u.i.k.p.i.AbstractProblemLoader Replaying proof arrays.key.proof 
28386      DEBUG main            d.u.i.k.p.i.IntermediateProofReplayer Proof replay took 15.36ms 
28387      DEBUG main            d.u.i.k.p.r.p.TestFile    ... success: reloaded. 
28388      INFO  main            d.u.i.k.p.r.p.TestFile    Now processing file /home/runner/work/key/key/key.core/../key.ui/examples/heap/simple/attributes.key 
28388      INFO  main            d.u.i.k.p.i.AbstractProblemLoader Loading environment from /home/runner/work/key/key/key.core/../key.ui/examples/heap/simple/attributes.key 
28388      DEBUG main            d.u.i.k.p.i.AbstractProblemLoader Environment load took 206.9ns 
28390      INFO  main            d.u.i.k.p.i.AbstractProblemLoader Creating init config 
30984      DEBUG main            d.u.i.k.p.i.AbstractProblemLoader Init config took 2.59s 
31006      INFO  main            d.u.i.k.p.i.AbstractProblemLoader Replaying proof attributes.key 
31008      DEBUG main            d.u.i.k.p.i.IntermediateProofReplayer Proof replay took 7.2ns 
31111      INFO  main            d.u.i.k.p.r.p.TestFile    ... finished proof: closed. 
31333      INFO  main            d.u.i.k.p.i.AbstractProblemLoader Loading environment from /home/runner/work/key/key/key.core/../key.ui/examples/heap/simple/attributes.key.proof 
31333      DEBUG main            d.u.i.k.p.i.AbstractProblemLoader Environment load took 122.9ns 
31334      INFO  main            d.u.i.k.p.i.AbstractProblemLoader Creating init config 
33743      DEBUG main            d.u.i.k.p.i.AbstractProblemLoader Init config took 2.41s 
33763      INFO  main            d.u.i.k.p.i.AbstractProblemLoader Replaying proof attributes.key.proof 
33767      DEBUG main            d.u.i.k.p.i.IntermediateProofReplayer Proof replay took 1.71ms 
33768      DEBUG main            d.u.i.k.p.r.p.TestFile    ... success: reloaded. 
33769      INFO  main            d.u.i.k.p.r.p.TestFile    Now processing file /home/runner/work/key/key/key.core/../key.ui/examples/heap/simple/constructor_contracts.key 
33770      INFO  main            d.u.i.k.p.i.AbstractProblemLoader Loading environment from /home/runner/work/key/key/key.core/../key.ui/examples/heap/simple/constructor_contracts.key 
33770      DEBUG main            d.u.i.k.p.i.AbstractProblemLoader Environment load took 222ns 
33772      INFO  main            d.u.i.k.p.i.AbstractProblemLoader Creating init config 
36677      DEBUG main            d.u.i.k.p.i.AbstractProblemLoader Init config took 2.91s 
36699      INFO  main            d.u.i.k.p.i.AbstractProblemLoader Replaying proof constructor_contracts.key 
36701      DEBUG main            d.u.i.k.p.i.IntermediateProofReplayer Proof replay took 6.9ns 
37308      INFO  main            d.u.i.k.p.r.p.TestFile    ... finished proof: closed. 
37467      INFO  main            d.u.i.k.p.i.AbstractProblemLoader Loading environment from /home/runner/work/key/key/key.core/../key.ui/examples/heap/simple/constructor_contracts.key.proof 
37469      DEBUG main            d.u.i.k.p.i.AbstractProblemLoader Environment load took 1.73ms 
37471      INFO  main            d.u.i.k.p.i.AbstractProblemLoader Creating init config 
40213      DEBUG main            d.u.i.k.p.i.AbstractProblemLoader Init config took 2.74s 
40235      INFO  main            d.u.i.k.p.i.AbstractProblemLoader Replaying proof constructor_contracts.key.proof 
40324      DEBUG main            d.u.i.k.p.i.IntermediateProofReplayer Proof replay took 84.97ms 
40326      DEBUG main            d.u.i.k.p.r.p.TestFile    ... success: reloaded. 
40327      INFO  main            d.u.i.k.p.r.p.TestFile    Now processing file /home/runner/work/key/key/key.core/../key.ui/examples/heap/simple/dependencies.key 
40328      INFO  main            d.u.i.k.p.i.AbstractProblemLoader Loading environment from /home/runner/work/key/key/key.core/../key.ui/examples/heap/simple/dependencies.key 
40328      DEBUG main            d.u.i.k.p.i.AbstractProblemLoader Environment load took 220.9ns 
40329      INFO  main            d.u.i.k.p.i.AbstractProblemLoader Creating init config 
42832      DEBUG main            d.u.i.k.p.i.AbstractProblemLoader Init config took 2.5s 
42852      INFO  main            d.u.i.k.p.i.AbstractProblemLoader Replaying proof dependencies.key 
42853      DEBUG main            d.u.i.k.p.i.IntermediateProofReplayer Proof replay took 6.8ns 
42959      INFO  main            d.u.i.k.p.r.p.TestFile    ... finished proof: closed. 
43133      INFO  main            d.u.i.k.p.i.AbstractProblemLoader Loading environment from /home/runner/work/key/key/key.core/../key.ui/examples/heap/simple/dependencies.key.proof 
43133      DEBUG main            d.u.i.k.p.i.AbstractProblemLoader Environment load took 123.6ns 
43135      INFO  main            d.u.i.k.p.i.AbstractProblemLoader Creating init config 
45579      DEBUG main            d.u.i.k.p.i.AbstractProblemLoader Init config took 2.44s 
45598      INFO  main            d.u.i.k.p.i.AbstractProblemLoader Replaying proof dependencies.key.proof 
45605      DEBUG main            d.u.i.k.p.i.IntermediateProofReplayer Proof replay took 5.28ms 
45606      DEBUG main            d.u.i.k.p.r.p.TestFile    ... success: reloaded. 
45607      INFO  main            d.u.i.k.p.r.p.TestFile    Now processing file /home/runner/work/key/key/key.core/../key.ui/examples/heap/simple/dependency_contracts.key 
45607      INFO  main            d.u.i.k.p.i.AbstractProblemLoader Loading environment from /home/runner/work/key/key/key.core/../key.ui/examples/heap/simple/dependency_contracts.key 
45607      DEBUG main            d.u.i.k.p.i.AbstractProblemLoader Environment load took 184.5ns 
45609      INFO  main            d.u.i.k.p.i.AbstractProblemLoader Creating init config 
48322      DEBUG main            d.u.i.k.p.i.AbstractProblemLoader Init config took 2.71s 
48343      INFO  main            d.u.i.k.p.i.AbstractProblemLoader Replaying proof dependency_contracts.key 
48344      DEBUG main            d.u.i.k.p.i.IntermediateProofReplayer Proof replay took 6.6ns 
49552      INFO  main            d.u.i.k.p.r.p.TestFile    ... finished proof: closed. 
49791      INFO  main            d.u.i.k.p.i.AbstractProblemLoader Loading environment from /home/runner/work/key/key/key.core/../key.ui/examples/heap/simple/dependency_contracts.key.proof 
49791      DEBUG main            d.u.i.k.p.i.AbstractProblemLoader Environment load took 433.9ns 
49793      INFO  main            d.u.i.k.p.i.AbstractProblemLoader Creating init config 
52420      DEBUG main            d.u.i.k.p.i.AbstractProblemLoader Init config took 2.63s 
52441      INFO  main            d.u.i.k.p.i.AbstractProblemLoader Replaying proof dependency_contracts.key.proof 
52599      DEBUG main            d.u.i.k.p.i.IntermediateProofReplayer Proof replay took 148.95ms 
52601      DEBUG main            d.u.i.k.p.r.p.TestFile    ... success: reloaded. 
52602      INFO  main            d.u.i.k.p.r.p.TestFile    Now processing file /home/runner/work/key/key/key.core/../key.ui/examples/heap/simple/invariant_preservation.key 
52602      INFO  main            d.u.i.k.p.i.AbstractProblemLoader Loading environment from /home/runner/work/key/key/key.core/../key.ui/examples/heap/simple/invariant_preservation.key 
52603      DEBUG main            d.u.i.k.p.i.AbstractProblemLoader Environment load took 220.9ns 
52604      INFO  main            d.u.i.k.p.i.AbstractProblemLoader Creating init config 
55315      DEBUG main            d.u.i.k.p.i.AbstractProblemLoader Init config took 2.71s 
55335      INFO  main            d.u.i.k.p.i.AbstractProblemLoader Replaying proof invariant_preservation.key 
55336      DEBUG main            d.u.i.k.p.i.IntermediateProofReplayer Proof replay took 6.5ns 
55543      INFO  main            d.u.i.k.p.r.p.TestFile    ... finished proof: closed. 
55748      INFO  main            d.u.i.k.p.i.AbstractProblemLoader Loading environment from /home/runner/work/key/key/key.core/../key.ui/examples/heap/simple/invariant_preservation.key.proof 
55748      DEBUG main            d.u.i.k.p.i.AbstractProblemLoader Environment load took 178.8ns 
55750      INFO  main            d.u.i.k.p.i.AbstractProblemLoader Creating init config 
58383      DEBUG main            d.u.i.k.p.i.AbstractProblemLoader Init config took 2.63s 
58402      INFO  main            d.u.i.k.p.i.AbstractProblemLoader Replaying proof invariant_preservation.key.proof 
58430      DEBUG main            d.u.i.k.p.i.IntermediateProofReplayer Proof replay took 24.9ms 
58432      DEBUG main            d.u.i.k.p.r.p.TestFile    ... success: reloaded. 
58434      INFO  main            d.u.i.k.p.r.p.TestFile    Now processing file /home/runner/work/key/key/key.core/../key.ui/examples/heap/simple/locsets.key 
58434      INFO  main            d.u.i.k.p.i.AbstractProblemLoader Loading environment from /home/runner/work/key/key/key.core/../key.ui/examples/heap/simple/locsets.key 
58434      DEBUG main            d.u.i.k.p.i.AbstractProblemLoader Environment load took 230.7ns 
58436      INFO  main            d.u.i.k.p.i.AbstractProblemLoader Creating init config 
60858      DEBUG main            d.u.i.k.p.i.AbstractProblemLoader Init config took 2.42s 
60874      INFO  main            d.u.i.k.p.i.AbstractProblemLoader Replaying proof locsets.key 
60875      DEBUG main            d.u.i.k.p.i.IntermediateProofReplayer Proof replay took 6.4ns 
60978      INFO  main            d.u.i.k.p.r.p.TestFile    ... finished proof: closed. 
61162      INFO  main            d.u.i.k.p.i.AbstractProblemLoader Loading environment from /home/runner/work/key/key/key.core/../key.ui/examples/heap/simple/locsets.key.proof 
61162      DEBUG main            d.u.i.k.p.i.AbstractProblemLoader Environment load took 120ns 
61164      INFO  main            d.u.i.k.p.i.AbstractProblemLoader Creating init config 
63588      DEBUG main            d.u.i.k.p.i.AbstractProblemLoader Init config took 2.42s 
63605      INFO  main            d.u.i.k.p.i.AbstractProblemLoader Replaying proof locsets.key.proof 
63608      DEBUG main            d.u.i.k.p.i.IntermediateProofReplayer Proof replay took 1.26ms 
63609      DEBUG main            d.u.i.k.p.r.p.TestFile    ... success: reloaded. 
63610      INFO  main            d.u.i.k.p.r.p.TestFile    Now processing file /home/runner/work/key/key/key.core/../key.ui/examples/heap/simple/loop1.key 
63610      INFO  main            d.u.i.k.p.i.AbstractProblemLoader Loading environment from /home/runner/work/key/key/key.core/../key.ui/examples/heap/simple/loop1.key 
63610      DEBUG main            d.u.i.k.p.i.AbstractProblemLoader Environment load took 201.9ns 
63612      INFO  main            d.u.i.k.p.i.AbstractProblemLoader Creating init config 
66244      DEBUG main            d.u.i.k.p.i.AbstractProblemLoader Init config took 2.63s 
66260      INFO  main            d.u.i.k.p.i.AbstractProblemLoader Replaying proof loop1.key 
66262      DEBUG main            d.u.i.k.p.i.IntermediateProofReplayer Proof replay took 7.1ns 
66464      INFO  main            d.u.i.k.p.r.p.TestFile    ... finished proof: closed. 
66634      INFO  main            d.u.i.k.p.i.AbstractProblemLoader Loading environment from /home/runner/work/key/key/key.core/../key.ui/examples/heap/simple/loop1.key.proof 
66634      DEBUG main            d.u.i.k.p.i.AbstractProblemLoader Environment load took 130.5ns 
66635      INFO  main            d.u.i.k.p.i.AbstractProblemLoader Creating init config 
69254      DEBUG main            d.u.i.k.p.i.AbstractProblemLoader Init config took 2.62s 
69270      INFO  main            d.u.i.k.p.i.AbstractProblemLoader Replaying proof loop1.key.proof 
69320      DEBUG main            d.u.i.k.p.i.IntermediateProofReplayer Proof replay took 47.98ms 
69321      DEBUG main            d.u.i.k.p.r.p.TestFile    ... success: reloaded. 
69322      INFO  main            d.u.i.k.p.r.p.TestFile    Now processing file /home/runner/work/key/key/key.core/../key.ui/examples/heap/simple/loop2.key 
69322      INFO  main            d.u.i.k.p.i.AbstractProblemLoader Loading environment from /home/runner/work/key/key/key.core/../key.ui/examples/heap/simple/loop2.key 
69322      DEBUG main            d.u.i.k.p.i.AbstractProblemLoader Environment load took 113.7ns 
69324      INFO  main            d.u.i.k.p.i.AbstractProblemLoader Creating init config 
72044      DEBUG main            d.u.i.k.p.i.AbstractProblemLoader Init config took 2.72s 
72061      INFO  main            d.u.i.k.p.i.AbstractProblemLoader Replaying proof loop2.key 
72063      DEBUG main            d.u.i.k.p.i.IntermediateProofReplayer Proof replay took 6.8ns 
72568      INFO  main            d.u.i.k.p.r.p.TestFile    ... finished proof: closed. 
72806      INFO  main            d.u.i.k.p.i.AbstractProblemLoader Loading environment from /home/runner/work/key/key/key.core/../key.ui/examples/heap/simple/loop2.key.proof 
72806      DEBUG main            d.u.i.k.p.i.AbstractProblemLoader Environment load took 450ns 
72808      INFO  main            d.u.i.k.p.i.AbstractProblemLoader Creating init config 
75456      DEBUG main            d.u.i.k.p.i.AbstractProblemLoader Init config took 2.65s 
75475      INFO  main            d.u.i.k.p.i.AbstractProblemLoader Replaying proof loop2.key.proof 
75573      DEBUG main            d.u.i.k.p.i.IntermediateProofReplayer Proof replay took 93.45ms 
75575      DEBUG main            d.u.i.k.p.r.p.TestFile    ... success: reloaded. 
75576      INFO  main            d.u.i.k.p.r.p.TestFile    Now processing file /home/runner/work/key/key/key.core/../key.ui/examples/heap/simple/modifies_datagroup.key 
75576      INFO  main            d.u.i.k.p.i.AbstractProblemLoader Loading environment from /home/runner/work/key/key/key.core/../key.ui/examples/heap/simple/modifies_datagroup.key 
75576      DEBUG main            d.u.i.k.p.i.AbstractProblemLoader Environment load took 105ns 
75577      INFO  main            d.u.i.k.p.i.AbstractProblemLoader Creating init config 
77996      DEBUG main            d.u.i.k.p.i.AbstractProblemLoader Init config took 2.42s 
78011      INFO  main            d.u.i.k.p.i.AbstractProblemLoader Replaying proof modifies_datagroup.key 
78012      DEBUG main            d.u.i.k.p.i.IntermediateProofReplayer Proof replay took 6.4ns 
78118      INFO  main            d.u.i.k.p.r.p.TestFile    ... finished proof: closed. 
78331      INFO  main            d.u.i.k.p.i.AbstractProblemLoader Loading environment from /home/runner/work/key/key/key.core/../key.ui/examples/heap/simple/modifies_datagroup.key.proof 
78331      DEBUG main            d.u.i.k.p.i.AbstractProblemLoader Environment load took 117.1ns 
78332      INFO  main            d.u.i.k.p.i.AbstractProblemLoader Creating init config 
80717      DEBUG main            d.u.i.k.p.i.AbstractProblemLoader Init config took 2.38s 
80732      INFO  main            d.u.i.k.p.i.AbstractProblemLoader Replaying proof modifies_datagroup.key.proof 
80736      DEBUG main            d.u.i.k.p.i.IntermediateProofReplayer Proof replay took 2.48ms 
80737      DEBUG main            d.u.i.k.p.r.p.TestFile    ... success: reloaded. 
80738      INFO  main            d.u.i.k.p.r.p.TestFile    Now processing file /home/runner/work/key/key/key.core/../key.ui/examples/heap/simple/modifies.key 
80738      INFO  main            d.u.i.k.p.i.AbstractProblemLoader Loading environment from /home/runner/work/key/key/key.core/../key.ui/examples/heap/simple/modifies.key 
80738      DEBUG main            d.u.i.k.p.i.AbstractProblemLoader Environment load took 98ns 
80740      INFO  main            d.u.i.k.p.i.AbstractProblemLoader Creating init config 
83183      DEBUG main            d.u.i.k.p.i.AbstractProblemLoader Init config took 2.44s 
83198      INFO  main            d.u.i.k.p.i.AbstractProblemLoader Replaying proof modifies.key 
83199      DEBUG main            d.u.i.k.p.i.IntermediateProofReplayer Proof replay took 7.1ns 
83302      INFO  main            d.u.i.k.p.r.p.TestFile    ... finished proof: closed. 
83514      INFO  main            d.u.i.k.p.i.AbstractProblemLoader Loading environment from /home/runner/work/key/key/key.core/../key.ui/examples/heap/simple/modifies.key.proof 
83514      DEBUG main            d.u.i.k.p.i.AbstractProblemLoader Environment load took 119.3ns 
83516      INFO  main            d.u.i.k.p.i.AbstractProblemLoader Creating init config 
85868      DEBUG main            d.u.i.k.p.i.AbstractProblemLoader Init config took 2.35s 
85883      INFO  main            d.u.i.k.p.i.AbstractProblemLoader Replaying proof modifies.key.proof 
85895      DEBUG main            d.u.i.k.p.i.IntermediateProofReplayer Proof replay took 9.74ms 
85896      DEBUG main            d.u.i.k.p.r.p.TestFile    ... success: reloaded. 
85897      INFO  main            d.u.i.k.p.r.p.TestFile    Now processing file /home/runner/work/key/key/key.core/../key.ui/examples/heap/simple/object_creation.key 
85897      INFO  main            d.u.i.k.p.i.AbstractProblemLoader Loading environment from /home/runner/work/key/key/key.core/../key.ui/examples/heap/simple/object_creation.key 
85898      DEBUG main            d.u.i.k.p.i.AbstractProblemLoader Environment load took 219.5ns 
85899      INFO  main            d.u.i.k.p.i.AbstractProblemLoader Creating init config 
88343      DEBUG main            d.u.i.k.p.i.AbstractProblemLoader Init config took 2.44s 
88358      INFO  main            d.u.i.k.p.i.AbstractProblemLoader Replaying proof object_creation.key 
88359      DEBUG main            d.u.i.k.p.i.IntermediateProofReplayer Proof replay took 7.4ns 
88562      INFO  main            d.u.i.k.p.r.p.TestFile    ... finished proof: closed. 
88779      INFO  main            d.u.i.k.p.i.AbstractProblemLoader Loading environment from /home/runner/work/key/key/key.core/../key.ui/examples/heap/simple/object_creation.key.proof 
88779      DEBUG main            d.u.i.k.p.i.AbstractProblemLoader Environment load took 123.3ns 
88781      INFO  main            d.u.i.k.p.i.AbstractProblemLoader Creating init config 
91127      DEBUG main            d.u.i.k.p.i.AbstractProblemLoader Init config took 2.35s 
91142      INFO  main            d.u.i.k.p.i.AbstractProblemLoader Replaying proof object_creation.key.proof 
91193      DEBUG main            d.u.i.k.p.i.IntermediateProofReplayer Proof replay took 48.08ms 
91194      DEBUG main            d.u.i.k.p.r.p.TestFile    ... success: reloaded. 
91195      INFO  main            d.u.i.k.p.r.p.TestFile    Now processing file /home/runner/work/key/key/key.core/../key.ui/examples/heap/simple/operation_contracts.key 
91195      INFO  main            d.u.i.k.p.i.AbstractProblemLoader Loading environment from /home/runner/work/key/key/key.core/../key.ui/examples/heap/simple/operation_contracts.key 
91196      DEBUG main            d.u.i.k.p.i.AbstractProblemLoader Environment load took 221.82ns 
91198      INFO  main            d.u.i.k.p.i.AbstractProblemLoader Creating init config 
93885      DEBUG main            d.u.i.k.p.i.AbstractProblemLoader Init config took 2.69s 
93901      INFO  main            d.u.i.k.p.i.AbstractProblemLoader Replaying proof operation_contracts.key 
93903      DEBUG main            d.u.i.k.p.i.IntermediateProofReplayer Proof replay took 8.1ns 
94709      INFO  main            d.u.i.k.p.r.p.TestFile    ... finished proof: closed. 
94976      INFO  main            d.u.i.k.p.i.AbstractProblemLoader Loading environment from /home/runner/work/key/key/key.core/../key.ui/examples/heap/simple/operation_contracts.key.proof 
94977      DEBUG main            d.u.i.k.p.i.AbstractProblemLoader Environment load took 439.9ns 
94979      INFO  main            d.u.i.k.p.i.AbstractProblemLoader Creating init config 
97562      DEBUG main            d.u.i.k.p.i.AbstractProblemLoader Init config took 2.58s 
97578      INFO  main            d.u.i.k.p.i.AbstractProblemLoader Replaying proof operation_contracts.key.proof 
97698      DEBUG main            d.u.i.k.p.i.IntermediateProofReplayer Proof replay took 105.84ms 
97700      DEBUG main            d.u.i.k.p.r.p.TestFile    ... success: reloaded. 
97701      INFO  main            d.u.i.k.p.r.p.TestFile    Now processing file /home/runner/work/key/key/key.core/../key.ui/examples/heap/simple/select_store.key 
97702      INFO  main            d.u.i.k.p.i.AbstractProblemLoader Loading environment from /home/runner/work/key/key/key.core/../key.ui/examples/heap/simple/select_store.key 
97702      DEBUG main            d.u.i.k.p.i.AbstractProblemLoader Environment load took 110.9ns 
97703      INFO  main            d.u.i.k.p.i.AbstractProblemLoader Creating init config 
100108     DEBUG main            d.u.i.k.p.i.AbstractProblemLoader Init config took 2.41s 
100123     INFO  main            d.u.i.k.p.i.AbstractProblemLoader Replaying proof select_store.key 
100124     DEBUG main            d.u.i.k.p.i.IntermediateProofReplayer Proof replay took 7.3ns 
100226     INFO  main            d.u.i.k.p.r.p.TestFile    ... finished proof: closed. 
100470     INFO  main            d.u.i.k.p.i.AbstractProblemLoader Loading environment from /home/runner/work/key/key/key.core/../key.ui/examples/heap/simple/select_store.key.proof 
100470     DEBUG main            d.u.i.k.p.i.AbstractProblemLoader Environment load took 188.52ns 
100471     INFO  main            d.u.i.k.p.i.AbstractProblemLoader Creating init config 
102810     DEBUG main            d.u.i.k.p.i.AbstractProblemLoader Init config took 2.34s 
102824     INFO  main            d.u.i.k.p.i.AbstractProblemLoader Replaying proof select_store.key.proof 
102828     DEBUG main            d.u.i.k.p.i.IntermediateProofReplayer Proof replay took 1.91ms 
102829     DEBUG main            d.u.i.k.p.r.p.TestFile    ... success: reloaded. 
102829     INFO  main            d.u.i.k.p.r.p.TestFile    Now processing file /home/runner/work/key/key/key.core/../key.ui/examples/heap/simple/selection_sort.key 
102829     INFO  main            d.u.i.k.p.i.AbstractProblemLoader Loading environment from /home/runner/work/key/key/key.core/../key.ui/examples/heap/simple/selection_sort.key 
102829     DEBUG main            d.u.i.k.p.i.AbstractProblemLoader Environment load took 82ns 
102831     INFO  main            d.u.i.k.p.i.AbstractProblemLoader Creating init config 
105496     DEBUG main            d.u.i.k.p.i.AbstractProblemLoader Init config took 2.67s 
105511     INFO  main            d.u.i.k.p.i.AbstractProblemLoader Replaying proof selection_sort.key 
105514     DEBUG main            d.u.i.k.p.i.IntermediateProofReplayer Proof replay took 7.8ns 
108973     INFO  main            d.u.i.k.p.r.p.TestFile    ... finished proof: closed. 
109242     INFO  main            d.u.i.k.p.i.AbstractProblemLoader Loading environment from /home/runner/work/key/key/key.core/../key.ui/examples/heap/simple/selection_sort.key.proof 
109243     DEBUG main            d.u.i.k.p.i.AbstractProblemLoader Environment load took 458.42ns 
109245     INFO  main            d.u.i.k.p.i.AbstractProblemLoader Creating init config 
111806     DEBUG main            d.u.i.k.p.i.AbstractProblemLoader Init config took 2.56s 
111821     INFO  main            d.u.i.k.p.i.AbstractProblemLoader Replaying proof selection_sort.key.proof 
112216     DEBUG main            d.u.i.k.p.i.IntermediateProofReplayer Proof replay took 375.08ms 
112218     DEBUG main            d.u.i.k.p.r.p.TestFile    ... success: reloaded. 
112219     INFO  main            d.u.i.k.p.r.p.TestFile    Now processing file /home/runner/work/key/key/key.core/../key.ui/examples/heap/simple/seq.key 
112220     INFO  main            d.u.i.k.p.i.AbstractProblemLoader Loading environment from /home/runner/work/key/key/key.core/../key.ui/examples/heap/simple/seq.key 
112220     DEBUG main            d.u.i.k.p.i.AbstractProblemLoader Environment load took 225.7ns 
112221     INFO  main            d.u.i.k.p.i.AbstractProblemLoader Creating init config 
114634     DEBUG main            d.u.i.k.p.i.AbstractProblemLoader Init config took 2.41s 
114650     INFO  main            d.u.i.k.p.i.AbstractProblemLoader Replaying proof seq.key 
114651     DEBUG main            d.u.i.k.p.i.IntermediateProofReplayer Proof replay took 7.6ns 
115054     INFO  main            d.u.i.k.p.r.p.TestFile    ... finished proof: closed. 
115359     INFO  main            d.u.i.k.p.i.AbstractProblemLoader Loading environment from /home/runner/work/key/key/key.core/../key.ui/examples/heap/simple/seq.key.proof 
115359     DEBUG main            d.u.i.k.p.i.AbstractProblemLoader Environment load took 122.2ns 
115361     INFO  main            d.u.i.k.p.i.AbstractProblemLoader Creating init config 
117679     DEBUG main            d.u.i.k.p.i.AbstractProblemLoader Init config took 2.32s 
117693     INFO  main            d.u.i.k.p.i.AbstractProblemLoader Replaying proof seq.key.proof 
117725     DEBUG main            d.u.i.k.p.i.IntermediateProofReplayer Proof replay took 27.44ms 
117726     DEBUG main            d.u.i.k.p.r.p.TestFile    ... success: reloaded. 
117727     INFO  main            d.u.i.k.p.r.p.TestFile    Now processing file /home/runner/work/key/key/key.core/../key.ui/examples/heap/simple/oldForParams.key 
117727     INFO  main            d.u.i.k.p.i.AbstractProblemLoader Loading environment from /home/runner/work/key/key/key.core/../key.ui/examples/heap/simple/oldForParams.key 
117727     DEBUG main            d.u.i.k.p.i.AbstractProblemLoader Environment load took 90.2ns 
117728     INFO  main            d.u.i.k.p.i.AbstractProblemLoader Creating init config 
120330     DEBUG main            d.u.i.k.p.i.AbstractProblemLoader Init config took 2.6s 
120391     INFO  main            d.u.i.k.p.i.AbstractProblemLoader Replaying proof OldForParameters[OldForParameters::method(int)].JML operation contract.0 
120393     DEBUG main            d.u.i.k.p.i.IntermediateProofReplayer Proof replay took 6.7ns 
120599     INFO  main            d.u.i.k.p.r.p.TestFile    ... finished proof: closed. 
120870     INFO  main            d.u.i.k.p.i.AbstractProblemLoader Loading environment from /home/runner/work/key/key/key.core/../key.ui/examples/heap/simple/oldForParams.key.proof 
120870     DEBUG main            d.u.i.k.p.i.AbstractProblemLoader Environment load took 113ns 
120871     INFO  main            d.u.i.k.p.i.AbstractProblemLoader Creating init config 
123431     DEBUG main            d.u.i.k.p.i.AbstractProblemLoader Init config took 2.56s 
123476     INFO  main            d.u.i.k.p.i.AbstractProblemLoader Replaying proof OldForParameters[OldForParameters::method(int)].JML operation contract.0 
123514     DEBUG main            d.u.i.k.p.i.IntermediateProofReplayer Proof replay took 34.53ms 
123515     DEBUG main            d.u.i.k.p.r.p.TestFile    ... success: reloaded. 
123517     INFO  main            d.u.i.k.p.r.p.TestFile    Now processing file /home/runner/work/key/key/key.core/../key.ui/examples/heap/simple/parse_lmtd.key 
123517     INFO  main            d.u.i.k.p.i.AbstractProblemLoader Loading environment from /home/runner/work/key/key/key.core/../key.ui/examples/heap/simple/parse_lmtd.key 
123517     DEBUG main            d.u.i.k.p.i.AbstractProblemLoader Environment load took 144.5ns 
123518     INFO  main            d.u.i.k.p.i.AbstractProblemLoader Creating init config 
126123     DEBUG main            d.u.i.k.p.i.AbstractProblemLoader Init config took 2.6s 
126162     INFO  main            d.u.i.k.p.i.AbstractProblemLoader Replaying proof ParseLmtd[ParseLmtd::simple(int)].JML normal_behavior operation contract.0 
126163     DEBUG main            d.u.i.k.p.i.IntermediateProofReplayer Proof replay took 6.9ns 
126264     INFO  main            d.u.i.k.p.r.p.TestFile    ... finished proof: closed. 
126523     INFO  main            d.u.i.k.p.i.AbstractProblemLoader Loading environment from /home/runner/work/key/key/key.core/../key.ui/examples/heap/simple/parse_lmtd.key.proof 
126523     DEBUG main            d.u.i.k.p.i.AbstractProblemLoader Environment load took 118.2ns 
126524     INFO  main            d.u.i.k.p.i.AbstractProblemLoader Creating init config 
129083     DEBUG main            d.u.i.k.p.i.AbstractProblemLoader Init config took 2.56s 
129122     INFO  main            d.u.i.k.p.i.AbstractProblemLoader Replaying proof ParseLmtd[ParseLmtd::simple(int)].JML normal_behavior operation contract.0 
129142     DEBUG main            d.u.i.k.p.i.IntermediateProofReplayer Proof replay took 17.29ms 
129143     DEBUG main            d.u.i.k.p.r.p.TestFile    ... success: reloaded. 
129144     INFO  main            d.u.i.k.p.r.p.TestFile    Now processing file /home/runner/work/key/key/key.core/../key.ui/examples/heap/strictly_pure/strictlyPureMethod.key 
129144     INFO  main            d.u.i.k.p.i.AbstractProblemLoader Loading environment from /home/runner/work/key/key/key.core/../key.ui/examples/heap/strictly_pure/strictlyPureMethod.key 
129144     DEBUG main            d.u.i.k.p.i.AbstractProblemLoader Environment load took 208.6ns 
129145     INFO  main            d.u.i.k.p.i.AbstractProblemLoader Creating init config 
131601     DEBUG main            d.u.i.k.p.i.AbstractProblemLoader Init config took 2.46s 
131637     INFO  main            d.u.i.k.p.i.AbstractProblemLoader Replaying proof StrictlyPure[StrictlyPure::strictlyPureMethod()].JML operation contract.0 
131639     DEBUG main            d.u.i.k.p.i.IntermediateProofReplayer Proof replay took 6.8ns 
131844     INFO  main            d.u.i.k.p.r.p.TestFile    ... finished proof: closed. 
132088     INFO  main            d.u.i.k.p.i.AbstractProblemLoader Loading environment from /home/runner/work/key/key/key.core/../key.ui/examples/heap/strictly_pure/strictlyPureMethod.key.proof 
132088     DEBUG main            d.u.i.k.p.i.AbstractProblemLoader Environment load took 115.7ns 
132089     INFO  main            d.u.i.k.p.i.AbstractProblemLoader Creating init config 
134491     DEBUG main            d.u.i.k.p.i.AbstractProblemLoader Init config took 2.4s 
134526     INFO  main            d.u.i.k.p.i.AbstractProblemLoader Replaying proof StrictlyPure[StrictlyPure::strictlyPureMethod()].JML operation contract.0 
134556     DEBUG main            d.u.i.k.p.i.IntermediateProofReplayer Proof replay took 27.23ms 
134557     DEBUG main            d.u.i.k.p.r.p.TestFile    ... success: reloaded. 
134558     INFO  main            d.u.i.k.p.r.p.TestFile    Now processing file /home/runner/work/key/key/key.core/../key.ui/examples/heap/strictly_pure/useStrictlyPureMethod.key 
134558     INFO  main            d.u.i.k.p.i.AbstractProblemLoader Loading environment from /home/runner/work/key/key/key.core/../key.ui/examples/heap/strictly_pure/useStrictlyPureMethod.key 
134558     DEBUG main            d.u.i.k.p.i.AbstractProblemLoader Environment load took 198ns 
134559     INFO  main            d.u.i.k.p.i.AbstractProblemLoader Creating init config 
137047     DEBUG main            d.u.i.k.p.i.AbstractProblemLoader Init config took 2.49s 
137081     INFO  main            d.u.i.k.p.i.AbstractProblemLoader Replaying proof StrictlyPure[StrictlyPure::useStrictlyPureMethod(StrictlyPureClass)].JML operation contract.0 
137082     DEBUG main            d.u.i.k.p.i.IntermediateProofReplayer Proof replay took 6.4ns 
137287     INFO  main            d.u.i.k.p.r.p.TestFile    ... finished proof: closed. 
137641     INFO  main            d.u.i.k.p.i.AbstractProblemLoader Loading environment from /home/runner/work/key/key/key.core/../key.ui/examples/heap/strictly_pure/useStrictlyPureMethod.key.proof 
137641     DEBUG main            d.u.i.k.p.i.AbstractProblemLoader Environment load took 135.2ns 
137642     INFO  main            d.u.i.k.p.i.AbstractProblemLoader Creating init config 
140047     DEBUG main            d.u.i.k.p.i.AbstractProblemLoader Init config took 2.4s 
140081     INFO  main            d.u.i.k.p.i.AbstractProblemLoader Replaying proof StrictlyPure[StrictlyPure::useStrictlyPureMethod(StrictlyPureClass)].JML operation contract.0 
140124     DEBUG main            d.u.i.k.p.i.IntermediateProofReplayer Proof replay took 41.17ms 
140125     DEBUG main            d.u.i.k.p.r.p.TestFile    ... success: reloaded. 
140126     INFO  main            d.u.i.k.p.r.p.TestFile    Now processing file /home/runner/work/key/key/key.core/../key.ui/examples/heap/Wellfounded/ackermann.key 
140126     INFO  main            d.u.i.k.p.i.AbstractProblemLoader Loading environment from /home/runner/work/key/key/key.core/../key.ui/examples/heap/Wellfounded/ackermann.key 
140126     DEBUG main            d.u.i.k.p.i.AbstractProblemLoader Environment load took 104.9ns 
140127     INFO  main            d.u.i.k.p.i.AbstractProblemLoader Creating init config 
142584     DEBUG main            d.u.i.k.p.i.AbstractProblemLoader Init config took 2.46s 
142640     INFO  main            d.u.i.k.p.i.AbstractProblemLoader Replaying proof Ackermann[Ackermann::a(int,int)].JML normal_behavior operation contract.0 
142642     DEBUG main            d.u.i.k.p.i.IntermediateProofReplayer Proof replay took 6.8ns 
142947     INFO  main            d.u.i.k.p.r.p.TestFile    ... finished proof: closed. 
143236     INFO  main            d.u.i.k.p.i.AbstractProblemLoader Loading environment from /home/runner/work/key/key/key.core/../key.ui/examples/heap/Wellfounded/ackermann.key.proof 
143236     DEBUG main            d.u.i.k.p.i.AbstractProblemLoader Environment load took 121.9ns 
143237     INFO  main            d.u.i.k.p.i.AbstractProblemLoader Creating init config 
145686     DEBUG main            d.u.i.k.p.i.AbstractProblemLoader Init config took 2.45s 
145720     INFO  main            d.u.i.k.p.i.AbstractProblemLoader Replaying proof Ackermann[Ackermann::a(int,int)].JML normal_behavior operation contract.0 
145767     DEBUG main            d.u.i.k.p.i.IntermediateProofReplayer Proof replay took 44.87ms 
145768     DEBUG main            d.u.i.k.p.r.p.TestFile    ... success: reloaded. 
145769     INFO  main            d.u.i.k.p.r.p.TestFile    Now processing file /home/runner/work/key/key/key.core/../key.ui/examples/standard_key/unicode_test.key 
145769     INFO  main            d.u.i.k.p.i.AbstractProblemLoader Loading environment from /home/runner/work/key/key/key.core/../key.ui/examples/standard_key/unicode_test.key 
145770     DEBUG main            d.u.i.k.p.i.AbstractProblemLoader Environment load took 107.1ns 
145774     INFO  main            d.u.i.k.p.i.AbstractProblemLoader Creating init config 
148165     DEBUG main            d.u.i.k.p.i.AbstractProblemLoader Init config took 2.39s 
148178     INFO  main            d.u.i.k.p.i.AbstractProblemLoader Replaying proof unicode_test.key 
148179     DEBUG main            d.u.i.k.p.i.IntermediateProofReplayer Proof replay took 7.4ns 
148282     INFO  main            d.u.i.k.p.r.p.TestFile    ... finished proof: closed. 
148551     INFO  main            d.u.i.k.p.i.AbstractProblemLoader Loading environment from /home/runner/work/key/key/key.core/../key.ui/examples/standard_key/unicode_test.key.proof 
148551     DEBUG main            d.u.i.k.p.i.AbstractProblemLoader Environment load took 106.4ns 
148552     INFO  main            d.u.i.k.p.i.AbstractProblemLoader Creating init config 
150857     DEBUG main            d.u.i.k.p.i.AbstractProblemLoader Init config took 2.3s 
150870     INFO  main            d.u.i.k.p.i.AbstractProblemLoader Replaying proof unicode_test.key.proof 
150872     DEBUG main            d.u.i.k.p.i.IntermediateProofReplayer Proof replay took 335ns 
150872     DEBUG main            d.u.i.k.p.r.p.TestFile    ... success: reloaded. 
150873     INFO  main            d.u.i.k.p.r.p.TestFile    Now processing file /home/runner/work/key/key/key.core/../key.ui/examples/heap/strictlyModular/mayExpand.key 
150873     INFO  main            d.u.i.k.p.i.AbstractProblemLoader Loading environment from /home/runner/work/key/key/key.core/../key.ui/examples/heap/strictlyModular/mayExpand.key 
150873     DEBUG main            d.u.i.k.p.i.AbstractProblemLoader Environment load took 216.1ns 
150874     INFO  main            d.u.i.k.p.i.AbstractProblemLoader Creating init config 
153298     DEBUG main            d.u.i.k.p.i.AbstractProblemLoader Init config took 2.42s 
153332     INFO  main            d.u.i.k.p.i.AbstractProblemLoader Replaying proof Modular[Modular::m()].JML operation contract.0 
153334     DEBUG main            d.u.i.k.p.i.IntermediateProofReplayer Proof replay took 6.1ns 
153435     INFO  main            d.u.i.k.p.r.p.TestFile    ... finished proof: closed. 
153708     INFO  main            d.u.i.k.p.i.AbstractProblemLoader Loading environment from /home/runner/work/key/key/key.core/../key.ui/examples/heap/strictlyModular/mayExpand.key.proof 
153708     DEBUG main            d.u.i.k.p.i.AbstractProblemLoader Environment load took 103.7ns 
153709     INFO  main            d.u.i.k.p.i.AbstractProblemLoader Creating init config 
156092     DEBUG main            d.u.i.k.p.i.AbstractProblemLoader Init config took 2.38s 
156127     INFO  main            d.u.i.k.p.i.AbstractProblemLoader Replaying proof Modular[Modular::m()].JML operation contract.0 
156141     DEBUG main            d.u.i.k.p.i.IntermediateProofReplayer Proof replay took 11.36ms 
156142     DEBUG main            d.u.i.k.p.r.p.TestFile    ... success: reloaded. 
156142     INFO  main            d.u.i.k.p.r.p.TestFile    Now processing file /home/runner/work/key/key/key.core/../key.ui/examples/heap/strictlyModular/modularOnly.key 
156143     INFO  main            d.u.i.k.p.i.AbstractProblemLoader Loading environment from /home/runner/work/key/key/key.core/../key.ui/examples/heap/strictlyModular/modularOnly.key 
156143     DEBUG main            d.u.i.k.p.i.AbstractProblemLoader Environment load took 98.21ns 
156144     INFO  main            d.u.i.k.p.i.AbstractProblemLoader Creating init config 
158588     DEBUG main            d.u.i.k.p.i.AbstractProblemLoader Init config took 2.44s 
158622     INFO  main            d.u.i.k.p.i.AbstractProblemLoader Replaying proof Modular[Modular::m()].JML operation contract.0 
158623     DEBUG main            d.u.i.k.p.i.IntermediateProofReplayer Proof replay took 7.9ns 
158726     INFO  main            d.u.i.k.p.r.p.TestFile    ... finished proof: open goal(s) 
1850932    INFO  Test worker     d.u.i.k.p.r.RunAllProofsTestUnit Returning from test simpleTests 
1850933    INFO  Test worker     d.u.i.k.p.r.RunAllProofsTestUnit Running test SmansEtAl 
336        INFO  Timeout watchdog d.u.i.k.p.r.p.ForkedTestFileRunner Timeout watcher launched (2000 secs.) 
360        WARN  main            d.u.i.k.s.ProofSettings   The settings in /home/runner/.key/proof-settings.props are *not* read. 
396        INFO  main            d.u.i.k.p.r.p.TestFile    Now processing file /home/runner/work/key/key/key.core/../key.ui/examples/heap/SmansEtAl/ArrayList_add.key 
508        INFO  main            d.u.i.k.p.i.AbstractProblemLoader Loading environment from /home/runner/work/key/key/key.core/../key.ui/examples/heap/SmansEtAl/ArrayList_add.key 
524        DEBUG main            d.u.i.k.p.i.AbstractProblemLoader Environment load took 1.86ms 
743        INFO  main            d.u.i.k.p.i.AbstractProblemLoader Creating init config 
1546       DEBUG main            d.u.i.k.j.TypeConverter   No LDT found for Meta 
1551       DEBUG main            d.u.i.k.j.TypeConverter   No LDT found for Meta 
1552       DEBUG main            d.u.i.k.j.TypeConverter   No LDT found for Meta 
1552       DEBUG main            d.u.i.k.j.TypeConverter   No LDT found for Meta 
2776       DEBUG main            d.u.i.k.j.TypeConverter   No LDT found for JavaBigintExpression 
8133       DEBUG main            d.u.i.k.p.i.AbstractProblemLoader Init config took 7.39s 
8275       INFO  main            d.u.i.k.p.i.AbstractProblemLoader Replaying proof ArrayList[ArrayList::add(java.lang.Object)].JML normal_behavior operation contract.0 
8308       DEBUG main            d.u.i.k.p.i.IntermediateProofReplayer Proof replay took 31.6ns 
15457      INFO  main            d.u.i.k.p.r.p.TestFile    ... finished proof: closed. 
15656      INFO  main            d.u.i.k.p.i.AbstractProblemLoader Loading environment from /home/runner/work/key/key/key.core/../key.ui/examples/heap/SmansEtAl/ArrayList_add.key.proof 
15659      DEBUG main            d.u.i.k.p.i.AbstractProblemLoader Environment load took 2.93ms 
15665      INFO  main            d.u.i.k.p.i.AbstractProblemLoader Creating init config 
18662      DEBUG main            d.u.i.k.p.i.AbstractProblemLoader Init config took 3s 
18740      INFO  main            d.u.i.k.p.i.AbstractProblemLoader Replaying proof ArrayList[ArrayList::add(java.lang.Object)].JML normal_behavior operation contract.0 
19594      DEBUG main            d.u.i.k.p.i.IntermediateProofReplayer Proof replay took 807.7ms 
19605      DEBUG main            d.u.i.k.p.r.p.TestFile    ... success: reloaded. 
19608      INFO  main            d.u.i.k.p.r.p.TestFile    Now processing file /home/runner/work/key/key/key.core/../key.ui/examples/heap/SmansEtAl/ArrayList_ArrayList.key 
19608      INFO  main            d.u.i.k.p.i.AbstractProblemLoader Loading environment from /home/runner/work/key/key/key.core/../key.ui/examples/heap/SmansEtAl/ArrayList_ArrayList.key 
19609      DEBUG main            d.u.i.k.p.i.AbstractProblemLoader Environment load took 233.99ns 
19613      INFO  main            d.u.i.k.p.i.AbstractProblemLoader Creating init config 
22563      DEBUG main            d.u.i.k.p.i.AbstractProblemLoader Init config took 2.95s 
22618      INFO  main            d.u.i.k.p.i.AbstractProblemLoader Replaying proof ArrayList[ArrayList::ArrayList()].JML normal_behavior operation contract.0 
22621      DEBUG main            d.u.i.k.p.i.IntermediateProofReplayer Proof replay took 5.4ns 
23625      INFO  main            d.u.i.k.p.r.p.TestFile    ... finished proof: closed. 
23814      INFO  main            d.u.i.k.p.i.AbstractProblemLoader Loading environment from /home/runner/work/key/key/key.core/../key.ui/examples/heap/SmansEtAl/ArrayList_ArrayList.key.proof 
23815      DEBUG main            d.u.i.k.p.i.AbstractProblemLoader Environment load took 994.82ns 
23818      INFO  main            d.u.i.k.p.i.AbstractProblemLoader Creating init config 
26752      DEBUG main            d.u.i.k.p.i.AbstractProblemLoader Init config took 2.93s 
26802      INFO  main            d.u.i.k.p.i.AbstractProblemLoader Replaying proof ArrayList[ArrayList::ArrayList()].JML normal_behavior operation contract.0 
26925      DEBUG main            d.u.i.k.p.i.IntermediateProofReplayer Proof replay took 113.44ms 
26926      DEBUG main            d.u.i.k.p.r.p.TestFile    ... success: reloaded. 
26928      INFO  main            d.u.i.k.p.r.p.TestFile    Now processing file /home/runner/work/key/key/key.core/../key.ui/examples/heap/SmansEtAl/ArrayList_footprint.key 
26928      INFO  main            d.u.i.k.p.i.AbstractProblemLoader Loading environment from /home/runner/work/key/key/key.core/../key.ui/examples/heap/SmansEtAl/ArrayList_footprint.key 
26928      DEBUG main            d.u.i.k.p.i.AbstractProblemLoader Environment load took 230.4ns 
26929      INFO  main            d.u.i.k.p.i.AbstractProblemLoader Creating init config 
29851      DEBUG main            d.u.i.k.p.i.AbstractProblemLoader Init config took 2.92s 
29900      INFO  main            d.u.i.k.p.i.AbstractProblemLoader Replaying proof ArrayList[ArrayList::$footprint()].JML accessible clause.0 
29902      DEBUG main            d.u.i.k.p.i.IntermediateProofReplayer Proof replay took 6ns 
30004      INFO  main            d.u.i.k.p.r.p.TestFile    ... finished proof: closed. 
30152      INFO  main            d.u.i.k.p.i.AbstractProblemLoader Loading environment from /home/runner/work/key/key/key.core/../key.ui/examples/heap/SmansEtAl/ArrayList_footprint.key.proof 
30152      DEBUG main            d.u.i.k.p.i.AbstractProblemLoader Environment load took 126.8ns 
30153      INFO  main            d.u.i.k.p.i.AbstractProblemLoader Creating init config 
32949      DEBUG main            d.u.i.k.p.i.AbstractProblemLoader Init config took 2.8s 
32995      INFO  main            d.u.i.k.p.i.AbstractProblemLoader Replaying proof ArrayList[ArrayList::$footprint()].JML accessible clause.0 
33006      DEBUG main            d.u.i.k.p.i.IntermediateProofReplayer Proof replay took 8.29ms 
33007      DEBUG main            d.u.i.k.p.r.p.TestFile    ... success: reloaded. 
33008      INFO  main            d.u.i.k.p.r.p.TestFile    Now processing file /home/runner/work/key/key/key.core/../key.ui/examples/heap/SmansEtAl/ArrayList_get_dep.key 
33009      INFO  main            d.u.i.k.p.i.AbstractProblemLoader Loading environment from /home/runner/work/key/key/key.core/../key.ui/examples/heap/SmansEtAl/ArrayList_get_dep.key 
33009      DEBUG main            d.u.i.k.p.i.AbstractProblemLoader Environment load took 220.6ns 
33010      INFO  main            d.u.i.k.p.i.AbstractProblemLoader Creating init config 
35837      DEBUG main            d.u.i.k.p.i.AbstractProblemLoader Init config took 2.83s 
35889      INFO  main            d.u.i.k.p.i.AbstractProblemLoader Replaying proof ArrayList[ArrayList::get(int)].JML accessible clause.0 
35892      DEBUG main            d.u.i.k.p.i.IntermediateProofReplayer Proof replay took 6ns 
36208      INFO  main            d.u.i.k.p.r.p.TestFile    ... finished proof: closed. 
36358      INFO  main            d.u.i.k.p.i.AbstractProblemLoader Loading environment from /home/runner/work/key/key/key.core/../key.ui/examples/heap/SmansEtAl/ArrayList_get_dep.key.proof 
36358      DEBUG main            d.u.i.k.p.i.AbstractProblemLoader Environment load took 128.5ns 
36359      INFO  main            d.u.i.k.p.i.AbstractProblemLoader Creating init config 
39145      DEBUG main            d.u.i.k.p.i.AbstractProblemLoader Init config took 2.79s 
39190      INFO  main            d.u.i.k.p.i.AbstractProblemLoader Replaying proof ArrayList[ArrayList::get(int)].JML accessible clause.0 
39232      DEBUG main            d.u.i.k.p.i.IntermediateProofReplayer Proof replay took 37.47ms 
39233      DEBUG main            d.u.i.k.p.r.p.TestFile    ... success: reloaded. 
39234      INFO  main            d.u.i.k.p.r.p.TestFile    Now processing file /home/runner/work/key/key/key.core/../key.ui/examples/heap/SmansEtAl/ArrayList_get.key 
39235      INFO  main            d.u.i.k.p.i.AbstractProblemLoader Loading environment from /home/runner/work/key/key/key.core/../key.ui/examples/heap/SmansEtAl/ArrayList_get.key 
39235      DEBUG main            d.u.i.k.p.i.AbstractProblemLoader Environment load took 231.4ns 
39236      INFO  main            d.u.i.k.p.i.AbstractProblemLoader Creating init config 
42066      DEBUG main            d.u.i.k.p.i.AbstractProblemLoader Init config took 2.83s 
42112      INFO  main            d.u.i.k.p.i.AbstractProblemLoader Replaying proof ArrayList[ArrayList::get(int)].JML normal_behavior operation contract.0 
42115      DEBUG main            d.u.i.k.p.i.IntermediateProofReplayer Proof replay took 6.4ns 
42317      INFO  main            d.u.i.k.p.r.p.TestFile    ... finished proof: closed. 
42488      INFO  main            d.u.i.k.p.i.AbstractProblemLoader Loading environment from /home/runner/work/key/key/key.core/../key.ui/examples/heap/SmansEtAl/ArrayList_get.key.proof 
42488      DEBUG main            d.u.i.k.p.i.AbstractProblemLoader Environment load took 129.3ns 
42489      INFO  main            d.u.i.k.p.i.AbstractProblemLoader Creating init config 
45270      DEBUG main            d.u.i.k.p.i.AbstractProblemLoader Init config took 2.78s 
45314      INFO  main            d.u.i.k.p.i.AbstractProblemLoader Replaying proof ArrayList[ArrayList::get(int)].JML normal_behavior operation contract.0 
45339      DEBUG main            d.u.i.k.p.i.IntermediateProofReplayer Proof replay took 22.59ms 
45340      DEBUG main            d.u.i.k.p.r.p.TestFile    ... success: reloaded. 
45341      INFO  main            d.u.i.k.p.r.p.TestFile    Now processing file /home/runner/work/key/key/key.core/../key.ui/examples/heap/SmansEtAl/ArrayList_inv.key 
45342      INFO  main            d.u.i.k.p.i.AbstractProblemLoader Loading environment from /home/runner/work/key/key/key.core/../key.ui/examples/heap/SmansEtAl/ArrayList_inv.key 
45342      DEBUG main            d.u.i.k.p.i.AbstractProblemLoader Environment load took 132.5ns 
45343      INFO  main            d.u.i.k.p.i.AbstractProblemLoader Creating init config 
48094      DEBUG main            d.u.i.k.p.i.AbstractProblemLoader Init config took 2.75s 
48162      INFO  main            d.u.i.k.p.i.AbstractProblemLoader Replaying proof ArrayList[java.lang.Object::<inv>()].JML accessible clause.0 
48164      DEBUG main            d.u.i.k.p.i.IntermediateProofReplayer Proof replay took 6.9ns 
48269      INFO  main            d.u.i.k.p.r.p.TestFile    ... finished proof: closed. 
48441      INFO  main            d.u.i.k.p.i.AbstractProblemLoader Loading environment from /home/runner/work/key/key/key.core/../key.ui/examples/heap/SmansEtAl/ArrayList_inv.key.proof 
48441      DEBUG main            d.u.i.k.p.i.AbstractProblemLoader Environment load took 135ns 
48442      INFO  main            d.u.i.k.p.i.AbstractProblemLoader Creating init config 
51200      DEBUG main            d.u.i.k.p.i.AbstractProblemLoader Init config took 2.76s 
51257      INFO  main            d.u.i.k.p.i.AbstractProblemLoader Replaying proof ArrayList[java.lang.Object::<inv>()].JML accessible clause.0 
51268      DEBUG main            d.u.i.k.p.i.IntermediateProofReplayer Proof replay took 9.06ms 
51269      DEBUG main            d.u.i.k.p.r.p.TestFile    ... success: reloaded. 
51271      INFO  main            d.u.i.k.p.r.p.TestFile    Now processing file /home/runner/work/key/key/key.core/../key.ui/examples/heap/SmansEtAl/ArrayList_size_dep.key 
51271      INFO  main            d.u.i.k.p.i.AbstractProblemLoader Loading environment from /home/runner/work/key/key/key.core/../key.ui/examples/heap/SmansEtAl/ArrayList_size_dep.key 
51271      DEBUG main            d.u.i.k.p.i.AbstractProblemLoader Environment load took 227.9ns 
51272      INFO  main            d.u.i.k.p.i.AbstractProblemLoader Creating init config 
54042      DEBUG main            d.u.i.k.p.i.AbstractProblemLoader Init config took 2.77s 
54086      INFO  main            d.u.i.k.p.i.AbstractProblemLoader Replaying proof ArrayList[ArrayList::size()].JML accessible clause.0 
54089      DEBUG main            d.u.i.k.p.i.IntermediateProofReplayer Proof replay took 5.8ns 
54190      INFO  main            d.u.i.k.p.r.p.TestFile    ... finished proof: closed. 
54367      INFO  main            d.u.i.k.p.i.AbstractProblemLoader Loading environment from /home/runner/work/key/key/key.core/../key.ui/examples/heap/SmansEtAl/ArrayList_size_dep.key.proof 
54367      DEBUG main            d.u.i.k.p.i.AbstractProblemLoader Environment load took 128.6ns 
54368      INFO  main            d.u.i.k.p.i.AbstractProblemLoader Creating init config 
57089      DEBUG main            d.u.i.k.p.i.AbstractProblemLoader Init config took 2.72s 
57129      INFO  main            d.u.i.k.p.i.AbstractProblemLoader Replaying proof ArrayList[ArrayList::size()].JML accessible clause.0 
57143      DEBUG main            d.u.i.k.p.i.IntermediateProofReplayer Proof replay took 11.31ms 
57144      DEBUG main            d.u.i.k.p.r.p.TestFile    ... success: reloaded. 
57145      INFO  main            d.u.i.k.p.r.p.TestFile    Now processing file /home/runner/work/key/key/key.core/../key.ui/examples/heap/SmansEtAl/ArrayList_size.key 
57145      INFO  main            d.u.i.k.p.i.AbstractProblemLoader Loading environment from /home/runner/work/key/key/key.core/../key.ui/examples/heap/SmansEtAl/ArrayList_size.key 
57145      DEBUG main            d.u.i.k.p.i.AbstractProblemLoader Environment load took 99.8ns 
57146      INFO  main            d.u.i.k.p.i.AbstractProblemLoader Creating init config 
59910      DEBUG main            d.u.i.k.p.i.AbstractProblemLoader Init config took 2.76s 
59949      INFO  main            d.u.i.k.p.i.AbstractProblemLoader Replaying proof ArrayList[ArrayList::size()].JML normal_behavior operation contract.0 
59951      DEBUG main            d.u.i.k.p.i.IntermediateProofReplayer Proof replay took 6.2ns 
60053      INFO  main            d.u.i.k.p.r.p.TestFile    ... finished proof: closed. 
60266      INFO  main            d.u.i.k.p.i.AbstractProblemLoader Loading environment from /home/runner/work/key/key/key.core/../key.ui/examples/heap/SmansEtAl/ArrayList_size.key.proof 
60266      DEBUG main            d.u.i.k.p.i.AbstractProblemLoader Environment load took 121.3ns 
60267      INFO  main            d.u.i.k.p.i.AbstractProblemLoader Creating init config 
62970      DEBUG main            d.u.i.k.p.i.AbstractProblemLoader Init config took 2.7s 
63031      INFO  main            d.u.i.k.p.i.AbstractProblemLoader Replaying proof ArrayList[ArrayList::size()].JML normal_behavior operation contract.0 
63045      DEBUG main            d.u.i.k.p.i.IntermediateProofReplayer Proof replay took 10.88ms 
63046      DEBUG main            d.u.i.k.p.r.p.TestFile    ... success: reloaded. 
63050      INFO  main            d.u.i.k.p.r.p.TestFile    Now processing file /home/runner/work/key/key/key.core/../key.ui/examples/heap/SmansEtAl/Cell_Cell.key 
63052      INFO  main            d.u.i.k.p.i.AbstractProblemLoader Loading environment from /home/runner/work/key/key/key.core/../key.ui/examples/heap/SmansEtAl/Cell_Cell.key 
63052      DEBUG main            d.u.i.k.p.i.AbstractProblemLoader Environment load took 124.2ns 
63054      INFO  main            d.u.i.k.p.i.AbstractProblemLoader Creating init config 
65823      DEBUG main            d.u.i.k.p.i.AbstractProblemLoader Init config took 2.77s 
65866      INFO  main            d.u.i.k.p.i.AbstractProblemLoader Replaying proof Cell[Cell::Cell()].JML normal_behavior operation contract.0 
65867      DEBUG main            d.u.i.k.p.i.IntermediateProofReplayer Proof replay took 7.1ns 
66070      INFO  main            d.u.i.k.p.r.p.TestFile    ... finished proof: closed. 
66261      INFO  main            d.u.i.k.p.i.AbstractProblemLoader Loading environment from /home/runner/work/key/key/key.core/../key.ui/examples/heap/SmansEtAl/Cell_Cell.key.proof 
66261      DEBUG main            d.u.i.k.p.i.AbstractProblemLoader Environment load took 118.6ns 
66262      INFO  main            d.u.i.k.p.i.AbstractProblemLoader Creating init config 
68975      DEBUG main            d.u.i.k.p.i.AbstractProblemLoader Init config took 2.71s 
69013      INFO  main            d.u.i.k.p.i.AbstractProblemLoader Replaying proof Cell[Cell::Cell()].JML normal_behavior operation contract.0 
69045      DEBUG main            d.u.i.k.p.i.IntermediateProofReplayer Proof replay took 28.99ms 
69046      DEBUG main            d.u.i.k.p.r.p.TestFile    ... success: reloaded. 
69047      INFO  main            d.u.i.k.p.r.p.TestFile    Now processing file /home/runner/work/key/key/key.core/../key.ui/examples/heap/SmansEtAl/Cell_footprint.key 
69047      INFO  main            d.u.i.k.p.i.AbstractProblemLoader Loading environment from /home/runner/work/key/key/key.core/../key.ui/examples/heap/SmansEtAl/Cell_footprint.key 
69047      DEBUG main            d.u.i.k.p.i.AbstractProblemLoader Environment load took 72.2ns 
69048      INFO  main            d.u.i.k.p.i.AbstractProblemLoader Creating init config 
71818      DEBUG main            d.u.i.k.p.i.AbstractProblemLoader Init config took 2.77s 
71854      INFO  main            d.u.i.k.p.i.AbstractProblemLoader Replaying proof Cell[Cell::$footprint()].JML accessible clause.0 
71856      DEBUG main            d.u.i.k.p.i.IntermediateProofReplayer Proof replay took 6.9ns 
71961      INFO  main            d.u.i.k.p.r.p.TestFile    ... finished proof: closed. 
72148      INFO  main            d.u.i.k.p.i.AbstractProblemLoader Loading environment from /home/runner/work/key/key/key.core/../key.ui/examples/heap/SmansEtAl/Cell_footprint.key.proof 
72148      DEBUG main            d.u.i.k.p.i.AbstractProblemLoader Environment load took 115.4ns 
72149      INFO  main            d.u.i.k.p.i.AbstractProblemLoader Creating init config 
74851      DEBUG main            d.u.i.k.p.i.AbstractProblemLoader Init config took 2.7s 
74888      INFO  main            d.u.i.k.p.i.AbstractProblemLoader Replaying proof Cell[Cell::$footprint()].JML accessible clause.0 
74893      DEBUG main            d.u.i.k.p.i.IntermediateProofReplayer Proof replay took 2.97ms 
74894      DEBUG main            d.u.i.k.p.r.p.TestFile    ... success: reloaded. 
74895      INFO  main            d.u.i.k.p.r.p.TestFile    Now processing file /home/runner/work/key/key/key.core/../key.ui/examples/heap/SmansEtAl/Cell_getX_dep.key 
74895      INFO  main            d.u.i.k.p.i.AbstractProblemLoader Loading environment from /home/runner/work/key/key/key.core/../key.ui/examples/heap/SmansEtAl/Cell_getX_dep.key 
74895      DEBUG main            d.u.i.k.p.i.AbstractProblemLoader Environment load took 96.5ns 
74896      INFO  main            d.u.i.k.p.i.AbstractProblemLoader Creating init config 
77644      DEBUG main            d.u.i.k.p.i.AbstractProblemLoader Init config took 2.75s 
77680      INFO  main            d.u.i.k.p.i.AbstractProblemLoader Replaying proof Cell[Cell::getX()].JML accessible clause.0 
77681      DEBUG main            d.u.i.k.p.i.IntermediateProofReplayer Proof replay took 5.5ns 
77820      INFO  main            d.u.i.k.p.r.p.TestFile    ... finished proof: closed. 
78012      INFO  main            d.u.i.k.p.i.AbstractProblemLoader Loading environment from /home/runner/work/key/key/key.core/../key.ui/examples/heap/SmansEtAl/Cell_getX_dep.key.proof 
78012      DEBUG main            d.u.i.k.p.i.AbstractProblemLoader Environment load took 118.5ns 
78014      INFO  main            d.u.i.k.p.i.AbstractProblemLoader Creating init config 
80728      DEBUG main            d.u.i.k.p.i.AbstractProblemLoader Init config took 2.71s 
80764      INFO  main            d.u.i.k.p.i.AbstractProblemLoader Replaying proof Cell[Cell::getX()].JML accessible clause.0 
80774      DEBUG main            d.u.i.k.p.i.IntermediateProofReplayer Proof replay took 9.01ms 
80775      DEBUG main            d.u.i.k.p.r.p.TestFile    ... success: reloaded. 
80776      INFO  main            d.u.i.k.p.r.p.TestFile    Now processing file /home/runner/work/key/key/key.core/../key.ui/examples/heap/SmansEtAl/Cell_getX.key 
80777      INFO  main            d.u.i.k.p.i.AbstractProblemLoader Loading environment from /home/runner/work/key/key/key.core/../key.ui/examples/heap/SmansEtAl/Cell_getX.key 
80777      DEBUG main            d.u.i.k.p.i.AbstractProblemLoader Environment load took 144.8ns 
80778      INFO  main            d.u.i.k.p.i.AbstractProblemLoader Creating init config 
83518      DEBUG main            d.u.i.k.p.i.AbstractProblemLoader Init config took 2.74s 
83554      INFO  main            d.u.i.k.p.i.AbstractProblemLoader Replaying proof Cell[Cell::getX()].JML normal_behavior operation contract.0 
83556      DEBUG main            d.u.i.k.p.i.IntermediateProofReplayer Proof replay took 5.8ns 
83657      INFO  main            d.u.i.k.p.r.p.TestFile    ... finished proof: closed. 
83912      INFO  main            d.u.i.k.p.i.AbstractProblemLoader Loading environment from /home/runner/work/key/key/key.core/../key.ui/examples/heap/SmansEtAl/Cell_getX.key.proof 
83912      DEBUG main            d.u.i.k.p.i.AbstractProblemLoader Environment load took 122.1ns 
83913      INFO  main            d.u.i.k.p.i.AbstractProblemLoader Creating init config 
86584      DEBUG main            d.u.i.k.p.i.AbstractProblemLoader Init config took 2.67s 
86621      INFO  main            d.u.i.k.p.i.AbstractProblemLoader Replaying proof Cell[Cell::getX()].JML normal_behavior operation contract.0 
86633      DEBUG main            d.u.i.k.p.i.IntermediateProofReplayer Proof replay took 9.36ms 
86635      DEBUG main            d.u.i.k.p.r.p.TestFile    ... success: reloaded. 
86636      INFO  main            d.u.i.k.p.r.p.TestFile    Now processing file /home/runner/work/key/key/key.core/../key.ui/examples/heap/SmansEtAl/Cell_inv.key 
86636      INFO  main            d.u.i.k.p.i.AbstractProblemLoader Loading environment from /home/runner/work/key/key/key.core/../key.ui/examples/heap/SmansEtAl/Cell_inv.key 
86636      DEBUG main            d.u.i.k.p.i.AbstractProblemLoader Environment load took 202.2ns 
86637      INFO  main            d.u.i.k.p.i.AbstractProblemLoader Creating init config 
89395      DEBUG main            d.u.i.k.p.i.AbstractProblemLoader Init config took 2.76s 
89430      INFO  main            d.u.i.k.p.i.AbstractProblemLoader Replaying proof Cell[java.lang.Object::<inv>()].JML accessible clause.0 
89431      DEBUG main            d.u.i.k.p.i.IntermediateProofReplayer Proof replay took 6.2ns 
89537      INFO  main            d.u.i.k.p.r.p.TestFile    ... finished proof: closed. 
89750      INFO  main            d.u.i.k.p.i.AbstractProblemLoader Loading environment from /home/runner/work/key/key/key.core/../key.ui/examples/heap/SmansEtAl/Cell_inv.key.proof 
89751      DEBUG main            d.u.i.k.p.i.AbstractProblemLoader Environment load took 117.3ns 
89752      INFO  main            d.u.i.k.p.i.AbstractProblemLoader Creating init config 
92459      DEBUG main            d.u.i.k.p.i.AbstractProblemLoader Init config took 2.71s 
92508      INFO  main            d.u.i.k.p.i.AbstractProblemLoader Replaying proof Cell[java.lang.Object::<inv>()].JML accessible clause.0 
92510      DEBUG main            d.u.i.k.p.i.IntermediateProofReplayer Proof replay took 1.31ms 
92511      DEBUG main            d.u.i.k.p.r.p.TestFile    ... success: reloaded. 
92512      INFO  main            d.u.i.k.p.r.p.TestFile    Now processing file /home/runner/work/key/key/key.core/../key.ui/examples/heap/SmansEtAl/Cell_setX.key 
92512      INFO  main            d.u.i.k.p.i.AbstractProblemLoader Loading environment from /home/runner/work/key/key/key.core/../key.ui/examples/heap/SmansEtAl/Cell_setX.key 
92513      DEBUG main            d.u.i.k.p.i.AbstractProblemLoader Environment load took 105.5ns 
92513      INFO  main            d.u.i.k.p.i.AbstractProblemLoader Creating init config 
95219      DEBUG main            d.u.i.k.p.i.AbstractProblemLoader Init config took 2.71s 
95254      INFO  main            d.u.i.k.p.i.AbstractProblemLoader Replaying proof Cell[Cell::setX(int)].JML normal_behavior operation contract.0 
95255      DEBUG main            d.u.i.k.p.i.IntermediateProofReplayer Proof replay took 5.8ns 
95357      INFO  main            d.u.i.k.p.r.p.TestFile    ... finished proof: closed. 
95576      INFO  main            d.u.i.k.p.i.AbstractProblemLoader Loading environment from /home/runner/work/key/key/key.core/../key.ui/examples/heap/SmansEtAl/Cell_setX.key.proof 
95576      DEBUG main            d.u.i.k.p.i.AbstractProblemLoader Environment load took 118.7ns 
95577      INFO  main            d.u.i.k.p.i.AbstractProblemLoader Creating init config 
98239      DEBUG main            d.u.i.k.p.i.AbstractProblemLoader Init config took 2.66s 
98286      INFO  main            d.u.i.k.p.i.AbstractProblemLoader Replaying proof Cell[Cell::setX(int)].JML normal_behavior operation contract.0 
98304      DEBUG main            d.u.i.k.p.i.IntermediateProofReplayer Proof replay took 15.83ms 
98305      DEBUG main            d.u.i.k.p.r.p.TestFile    ... success: reloaded. 
98306      INFO  main            d.u.i.k.p.r.p.TestFile    Now processing file /home/runner/work/key/key/key.core/../key.ui/examples/heap/SmansEtAl/CellClient_m.key 
98306      INFO  main            d.u.i.k.p.i.AbstractProblemLoader Loading environment from /home/runner/work/key/key/key.core/../key.ui/examples/heap/SmansEtAl/CellClient_m.key 
98307      DEBUG main            d.u.i.k.p.i.AbstractProblemLoader Environment load took 134.7ns 
98308      INFO  main            d.u.i.k.p.i.AbstractProblemLoader Creating init config 
101078     DEBUG main            d.u.i.k.p.i.AbstractProblemLoader Init config took 2.77s 
101130     INFO  main            d.u.i.k.p.i.AbstractProblemLoader Replaying proof CellClient[CellClient::m()].JML operation contract.0 
101131     DEBUG main            d.u.i.k.p.i.IntermediateProofReplayer Proof replay took 6.7ns 
101637     INFO  main            d.u.i.k.p.r.p.TestFile    ... finished proof: closed. 
101876     INFO  main            d.u.i.k.p.i.AbstractProblemLoader Loading environment from /home/runner/work/key/key/key.core/../key.ui/examples/heap/SmansEtAl/CellClient_m.key.proof 
101877     DEBUG main            d.u.i.k.p.i.AbstractProblemLoader Environment load took 461.1ns 
101878     INFO  main            d.u.i.k.p.i.AbstractProblemLoader Creating init config 
104538     DEBUG main            d.u.i.k.p.i.AbstractProblemLoader Init config took 2.66s 
104573     INFO  main            d.u.i.k.p.i.AbstractProblemLoader Replaying proof CellClient[CellClient::m()].JML operation contract.0 
104660     DEBUG main            d.u.i.k.p.i.IntermediateProofReplayer Proof replay took 82.4ms 
104661     DEBUG main            d.u.i.k.p.r.p.TestFile    ... success: reloaded. 
104662     INFO  main            d.u.i.k.p.r.p.TestFile    Now processing file /home/runner/work/key/key/key.core/../key.ui/examples/heap/SmansEtAl/Iterator_footprint.key 
104662     INFO  main            d.u.i.k.p.i.AbstractProblemLoader Loading environment from /home/runner/work/key/key/key.core/../key.ui/examples/heap/SmansEtAl/Iterator_footprint.key 
104662     DEBUG main            d.u.i.k.p.i.AbstractProblemLoader Environment load took 219.3ns 
104664     INFO  main            d.u.i.k.p.i.AbstractProblemLoader Creating init config 
107389     DEBUG main            d.u.i.k.p.i.AbstractProblemLoader Init config took 2.73s 
107428     INFO  main            d.u.i.k.p.i.AbstractProblemLoader Replaying proof Iterator[Iterator::$footprint()].JML accessible clause.0 
107430     DEBUG main            d.u.i.k.p.i.IntermediateProofReplayer Proof replay took 6.6ns 
107532     INFO  main            d.u.i.k.p.r.p.TestFile    ... finished proof: closed. 
107758     INFO  main            d.u.i.k.p.i.AbstractProblemLoader Loading environment from /home/runner/work/key/key/key.core/../key.ui/examples/heap/SmansEtAl/Iterator_footprint.key.proof 
107759     DEBUG main            d.u.i.k.p.i.AbstractProblemLoader Environment load took 122.8ns 
107760     INFO  main            d.u.i.k.p.i.AbstractProblemLoader Creating init config 
110434     DEBUG main            d.u.i.k.p.i.AbstractProblemLoader Init config took 2.67s 
110483     INFO  main            d.u.i.k.p.i.AbstractProblemLoader Replaying proof Iterator[Iterator::$footprint()].JML accessible clause.0 
110490     DEBUG main            d.u.i.k.p.i.IntermediateProofReplayer Proof replay took 4.81ms 
110491     DEBUG main            d.u.i.k.p.r.p.TestFile    ... success: reloaded. 
110492     INFO  main            d.u.i.k.p.r.p.TestFile    Now processing file /home/runner/work/key/key/key.core/../key.ui/examples/heap/SmansEtAl/Iterator_hasNext_dep.key 
110492     INFO  main            d.u.i.k.p.i.AbstractProblemLoader Loading environment from /home/runner/work/key/key/key.core/../key.ui/examples/heap/SmansEtAl/Iterator_hasNext_dep.key 
110492     DEBUG main            d.u.i.k.p.i.AbstractProblemLoader Environment load took 81.1ns 
110493     INFO  main            d.u.i.k.p.i.AbstractProblemLoader Creating init config 
113186     DEBUG main            d.u.i.k.p.i.AbstractProblemLoader Init config took 2.69s 
113223     INFO  main            d.u.i.k.p.i.AbstractProblemLoader Replaying proof Iterator[Iterator::hasNext()].JML accessible clause.0 
113225     DEBUG main            d.u.i.k.p.i.IntermediateProofReplayer Proof replay took 6.3ns 
113829     INFO  main            d.u.i.k.p.r.p.TestFile    ... finished proof: closed. 
114086     INFO  main            d.u.i.k.p.i.AbstractProblemLoader Loading environment from /home/runner/work/key/key/key.core/../key.ui/examples/heap/SmansEtAl/Iterator_hasNext_dep.key.proof 
114086     DEBUG main            d.u.i.k.p.i.AbstractProblemLoader Environment load took 463.4ns 
114088     INFO  main            d.u.i.k.p.i.AbstractProblemLoader Creating init config 
116768     DEBUG main            d.u.i.k.p.i.AbstractProblemLoader Init config took 2.68s 
116805     INFO  main            d.u.i.k.p.i.AbstractProblemLoader Replaying proof Iterator[Iterator::hasNext()].JML accessible clause.0 
116885     DEBUG main            d.u.i.k.p.i.IntermediateProofReplayer Proof replay took 70.05ms 
116888     DEBUG main            d.u.i.k.p.r.p.TestFile    ... success: reloaded. 
116890     INFO  main            d.u.i.k.p.r.p.TestFile    Now processing file /home/runner/work/key/key/key.core/../key.ui/examples/heap/SmansEtAl/Iterator_hasNext.key 
116891     INFO  main            d.u.i.k.p.i.AbstractProblemLoader Loading environment from /home/runner/work/key/key/key.core/../key.ui/examples/heap/SmansEtAl/Iterator_hasNext.key 
116891     DEBUG main            d.u.i.k.p.i.AbstractProblemLoader Environment load took 209.4ns 
116892     INFO  main            d.u.i.k.p.i.AbstractProblemLoader Creating init config 
119588     DEBUG main            d.u.i.k.p.i.AbstractProblemLoader Init config took 2.7s 
119626     INFO  main            d.u.i.k.p.i.AbstractProblemLoader Replaying proof Iterator[Iterator::hasNext()].JML normal_behavior operation contract.0 
119627     DEBUG main            d.u.i.k.p.i.IntermediateProofReplayer Proof replay took 6ns 
120135     INFO  main            d.u.i.k.p.r.p.TestFile    ... finished proof: closed. 
120415     INFO  main            d.u.i.k.p.i.AbstractProblemLoader Loading environment from /home/runner/work/key/key/key.core/../key.ui/examples/heap/SmansEtAl/Iterator_hasNext.key.proof 
120415     DEBUG main            d.u.i.k.p.i.AbstractProblemLoader Environment load took 125.5ns 
120416     INFO  main            d.u.i.k.p.i.AbstractProblemLoader Creating init config 
123063     DEBUG main            d.u.i.k.p.i.AbstractProblemLoader Init config took 2.65s 
123101     INFO  main            d.u.i.k.p.i.AbstractProblemLoader Replaying proof Iterator[Iterator::hasNext()].JML normal_behavior operation contract.0 
123163     DEBUG main            d.u.i.k.p.i.IntermediateProofReplayer Proof replay took 56.32ms 
123164     DEBUG main            d.u.i.k.p.r.p.TestFile    ... success: reloaded. 
123165     INFO  main            d.u.i.k.p.r.p.TestFile    Now processing file /home/runner/work/key/key/key.core/../key.ui/examples/heap/SmansEtAl/Iterator_inv.key 
123165     INFO  main            d.u.i.k.p.i.AbstractProblemLoader Loading environment from /home/runner/work/key/key/key.core/../key.ui/examples/heap/SmansEtAl/Iterator_inv.key 
123165     DEBUG main            d.u.i.k.p.i.AbstractProblemLoader Environment load took 94.1ns 
123166     INFO  main            d.u.i.k.p.i.AbstractProblemLoader Creating init config 
125888     DEBUG main            d.u.i.k.p.i.AbstractProblemLoader Init config took 2.72s 
125925     INFO  main            d.u.i.k.p.i.AbstractProblemLoader Replaying proof Iterator[java.lang.Object::<inv>()].JML accessible clause.0 
125927     DEBUG main            d.u.i.k.p.i.IntermediateProofReplayer Proof replay took 6.4ns 
126131     INFO  main            d.u.i.k.p.r.p.TestFile    ... finished proof: closed. 
126377     INFO  main            d.u.i.k.p.i.AbstractProblemLoader Loading environment from /home/runner/work/key/key/key.core/../key.ui/examples/heap/SmansEtAl/Iterator_inv.key.proof 
126377     DEBUG main            d.u.i.k.p.i.AbstractProblemLoader Environment load took 122.7ns 
126378     INFO  main            d.u.i.k.p.i.AbstractProblemLoader Creating init config 
129059     DEBUG main            d.u.i.k.p.i.AbstractProblemLoader Init config took 2.68s 
129095     INFO  main            d.u.i.k.p.i.AbstractProblemLoader Replaying proof Iterator[java.lang.Object::<inv>()].JML accessible clause.0 
129114     DEBUG main            d.u.i.k.p.i.IntermediateProofReplayer Proof replay took 16.16ms 
129116     DEBUG main            d.u.i.k.p.r.p.TestFile    ... success: reloaded. 
129117     INFO  main            d.u.i.k.p.r.p.TestFile    Now processing file /home/runner/work/key/key/key.core/../key.ui/examples/heap/SmansEtAl/Iterator_Iterator.key 
129117     INFO  main            d.u.i.k.p.i.AbstractProblemLoader Loading environment from /home/runner/work/key/key/key.core/../key.ui/examples/heap/SmansEtAl/Iterator_Iterator.key 
129117     DEBUG main            d.u.i.k.p.i.AbstractProblemLoader Environment load took 189.7ns 
129118     INFO  main            d.u.i.k.p.i.AbstractProblemLoader Creating init config 
131835     DEBUG main            d.u.i.k.p.i.AbstractProblemLoader Init config took 2.72s 
131873     INFO  main            d.u.i.k.p.i.AbstractProblemLoader Replaying proof Iterator[Iterator::Iterator(ArrayList)].JML normal_behavior operation contract.0 
131874     DEBUG main            d.u.i.k.p.i.IntermediateProofReplayer Proof replay took 5.9ns 
133081     INFO  main            d.u.i.k.p.r.p.TestFile    ... finished proof: closed. 
133356     INFO  main            d.u.i.k.p.i.AbstractProblemLoader Loading environment from /home/runner/work/key/key/key.core/../key.ui/examples/heap/SmansEtAl/Iterator_Iterator.key.proof 
133356     DEBUG main            d.u.i.k.p.i.AbstractProblemLoader Environment load took 445.5ns 
133358     INFO  main            d.u.i.k.p.i.AbstractProblemLoader Creating init config 
136006     DEBUG main            d.u.i.k.p.i.AbstractProblemLoader Init config took 2.65s 
136043     INFO  main            d.u.i.k.p.i.AbstractProblemLoader Replaying proof Iterator[Iterator::Iterator(ArrayList)].JML normal_behavior operation contract.0 
136185     DEBUG main            d.u.i.k.p.i.IntermediateProofReplayer Proof replay took 127.65ms 
136186     DEBUG main            d.u.i.k.p.r.p.TestFile    ... success: reloaded. 
136188     INFO  main            d.u.i.k.p.r.p.TestFile    Now processing file /home/runner/work/key/key/key.core/../key.ui/examples/heap/SmansEtAl/Iterator_list_dep.key 
136188     INFO  main            d.u.i.k.p.i.AbstractProblemLoader Loading environment from /home/runner/work/key/key/key.core/../key.ui/examples/heap/SmansEtAl/Iterator_list_dep.key 
136188     DEBUG main            d.u.i.k.p.i.AbstractProblemLoader Environment load took 198.3ns 
136189     INFO  main            d.u.i.k.p.i.AbstractProblemLoader Creating init config 
138915     DEBUG main            d.u.i.k.p.i.AbstractProblemLoader Init config took 2.73s 
138951     INFO  main            d.u.i.k.p.i.AbstractProblemLoader Replaying proof Iterator[Iterator::list()].JML accessible clause.0 
138953     DEBUG main            d.u.i.k.p.i.IntermediateProofReplayer Proof replay took 8ns 
139057     INFO  main            d.u.i.k.p.r.p.TestFile    ... finished proof: closed. 
139317     INFO  main            d.u.i.k.p.i.AbstractProblemLoader Loading environment from /home/runner/work/key/key/key.core/../key.ui/examples/heap/SmansEtAl/Iterator_list_dep.key.proof 
139318     DEBUG main            d.u.i.k.p.i.AbstractProblemLoader Environment load took 116.4ns 
139319     INFO  main            d.u.i.k.p.i.AbstractProblemLoader Creating init config 
141972     DEBUG main            d.u.i.k.p.i.AbstractProblemLoader Init config took 2.65s 
142011     INFO  main            d.u.i.k.p.i.AbstractProblemLoader Replaying proof Iterator[Iterator::list()].JML accessible clause.0 
142029     DEBUG main            d.u.i.k.p.i.IntermediateProofReplayer Proof replay took 13.45ms 
142030     DEBUG main            d.u.i.k.p.r.p.TestFile    ... success: reloaded. 
142031     INFO  main            d.u.i.k.p.r.p.TestFile    Now processing file /home/runner/work/key/key/key.core/../key.ui/examples/heap/SmansEtAl/Iterator_list.key 
142031     INFO  main            d.u.i.k.p.i.AbstractProblemLoader Loading environment from /home/runner/work/key/key/key.core/../key.ui/examples/heap/SmansEtAl/Iterator_list.key 
142031     DEBUG main            d.u.i.k.p.i.AbstractProblemLoader Environment load took 148.5ns 
142032     INFO  main            d.u.i.k.p.i.AbstractProblemLoader Creating init config 
144728     DEBUG main            d.u.i.k.p.i.AbstractProblemLoader Init config took 2.7s 
144765     INFO  main            d.u.i.k.p.i.AbstractProblemLoader Replaying proof Iterator[Iterator::list()].JML normal_behavior operation contract.0 
144767     DEBUG main            d.u.i.k.p.i.IntermediateProofReplayer Proof replay took 7.8ns 
144869     INFO  main            d.u.i.k.p.r.p.TestFile    ... finished proof: closed. 
145131     INFO  main            d.u.i.k.p.i.AbstractProblemLoader Loading environment from /home/runner/work/key/key/key.core/../key.ui/examples/heap/SmansEtAl/Iterator_list.key.proof 
145131     DEBUG main            d.u.i.k.p.i.AbstractProblemLoader Environment load took 117.1ns 
145132     INFO  main            d.u.i.k.p.i.AbstractProblemLoader Creating init config 
147799     DEBUG main            d.u.i.k.p.i.AbstractProblemLoader Init config took 2.67s 
147843     INFO  main            d.u.i.k.p.i.AbstractProblemLoader Replaying proof Iterator[Iterator::list()].JML normal_behavior operation contract.0 
147858     DEBUG main            d.u.i.k.p.i.IntermediateProofReplayer Proof replay took 12.35ms 
147859     DEBUG main            d.u.i.k.p.r.p.TestFile    ... success: reloaded. 
147860     INFO  main            d.u.i.k.p.r.p.TestFile    Now processing file /home/runner/work/key/key/key.core/../key.ui/examples/heap/SmansEtAl/Iterator_next.key 
147860     INFO  main            d.u.i.k.p.i.AbstractProblemLoader Loading environment from /home/runner/work/key/key/key.core/../key.ui/examples/heap/SmansEtAl/Iterator_next.key 
147860     DEBUG main            d.u.i.k.p.i.AbstractProblemLoader Environment load took 90.1ns 
147861     INFO  main            d.u.i.k.p.i.AbstractProblemLoader Creating init config 
150540     DEBUG main            d.u.i.k.p.i.AbstractProblemLoader Init config took 2.68s 
150577     INFO  main            d.u.i.k.p.i.AbstractProblemLoader Replaying proof Iterator[Iterator::next()].JML normal_behavior operation contract.0 
150578     DEBUG main            d.u.i.k.p.i.IntermediateProofReplayer Proof replay took 6.4ns 
153089     INFO  main            d.u.i.k.p.r.p.TestFile    ... finished proof: closed. 
153394     INFO  main            d.u.i.k.p.i.AbstractProblemLoader Loading environment from /home/runner/work/key/key/key.core/../key.ui/examples/heap/SmansEtAl/Iterator_next.key.proof 
153395     DEBUG main            d.u.i.k.p.i.AbstractProblemLoader Environment load took 428.5ns 
153397     INFO  main            d.u.i.k.p.i.AbstractProblemLoader Creating init config 
156036     DEBUG main            d.u.i.k.p.i.AbstractProblemLoader Init config took 2.64s 
156074     INFO  main            d.u.i.k.p.i.AbstractProblemLoader Replaying proof Iterator[Iterator::next()].JML normal_behavior operation contract.0 
156289     DEBUG main            d.u.i.k.p.i.IntermediateProofReplayer Proof replay took 196.69ms 
156290     DEBUG main            d.u.i.k.p.r.p.TestFile    ... success: reloaded. 
156291     INFO  main            d.u.i.k.p.r.p.TestFile    Now processing file /home/runner/work/key/key/key.core/../key.ui/examples/heap/SmansEtAl/Stack_footprint.key 
156292     INFO  main            d.u.i.k.p.i.AbstractProblemLoader Loading environment from /home/runner/work/key/key/key.core/../key.ui/examples/heap/SmansEtAl/Stack_footprint.key 
156292     DEBUG main            d.u.i.k.p.i.AbstractProblemLoader Environment load took 204.3ns 
156293     INFO  main            d.u.i.k.p.i.AbstractProblemLoader Creating init config 
159022     DEBUG main            d.u.i.k.p.i.AbstractProblemLoader Init config took 2.73s 
159057     INFO  main            d.u.i.k.p.i.AbstractProblemLoader Replaying proof Stack[Stack::$footprint()].JML accessible clause.0 
159058     DEBUG main            d.u.i.k.p.i.IntermediateProofReplayer Proof replay took 6.7ns 
159262     INFO  main            d.u.i.k.p.r.p.TestFile    ... finished proof: closed. 
159529     INFO  main            d.u.i.k.p.i.AbstractProblemLoader Loading environment from /home/runner/work/key/key/key.core/../key.ui/examples/heap/SmansEtAl/Stack_footprint.key.proof 
159529     DEBUG main            d.u.i.k.p.i.AbstractProblemLoader Environment load took 114.3ns 
159530     INFO  main            d.u.i.k.p.i.AbstractProblemLoader Creating init config 
162185     DEBUG main            d.u.i.k.p.i.AbstractProblemLoader Init config took 2.65s 
162221     INFO  main            d.u.i.k.p.i.AbstractProblemLoader Replaying proof Stack[Stack::$footprint()].JML accessible clause.0 
162245     DEBUG main            d.u.i.k.p.i.IntermediateProofReplayer Proof replay took 20.45ms 
162246     DEBUG main            d.u.i.k.p.r.p.TestFile    ... success: reloaded. 
162248     INFO  main            d.u.i.k.p.r.p.TestFile    Now processing file /home/runner/work/key/key/key.core/../key.ui/examples/heap/SmansEtAl/Stack_inv.key 
162248     INFO  main            d.u.i.k.p.i.AbstractProblemLoader Loading environment from /home/runner/work/key/key/key.core/../key.ui/examples/heap/SmansEtAl/Stack_inv.key 
162248     DEBUG main            d.u.i.k.p.i.AbstractProblemLoader Environment load took 191.2ns 
162250     INFO  main            d.u.i.k.p.i.AbstractProblemLoader Creating init config 
164958     DEBUG main            d.u.i.k.p.i.AbstractProblemLoader Init config took 2.71s 
164993     INFO  main            d.u.i.k.p.i.AbstractProblemLoader Replaying proof Stack[java.lang.Object::<inv>()].JML accessible clause.0 
164994     DEBUG main            d.u.i.k.p.i.IntermediateProofReplayer Proof replay took 6.8ns 
165096     INFO  main            d.u.i.k.p.r.p.TestFile    ... finished proof: closed. 
165372     INFO  main            d.u.i.k.p.i.AbstractProblemLoader Loading environment from /home/runner/work/key/key/key.core/../key.ui/examples/heap/SmansEtAl/Stack_inv.key.proof 
165373     DEBUG main            d.u.i.k.p.i.AbstractProblemLoader Environment load took 113.4ns 
165374     INFO  main            d.u.i.k.p.i.AbstractProblemLoader Creating init config 
168007     DEBUG main            d.u.i.k.p.i.AbstractProblemLoader Init config took 2.63s 
168041     INFO  main            d.u.i.k.p.i.AbstractProblemLoader Replaying proof Stack[java.lang.Object::<inv>()].JML accessible clause.0 
168050     DEBUG main            d.u.i.k.p.i.IntermediateProofReplayer Proof replay took 7.34ms 
168051     DEBUG main            d.u.i.k.p.r.p.TestFile    ... success: reloaded. 
168061     INFO  main            d.u.i.k.p.r.p.TestFile    Now processing file /home/runner/work/key/key/key.core/../key.ui/examples/heap/SmansEtAl/Stack_push.key 
168062     INFO  main            d.u.i.k.p.i.AbstractProblemLoader Loading environment from /home/runner/work/key/key/key.core/../key.ui/examples/heap/SmansEtAl/Stack_push.key 
168062     DEBUG main            d.u.i.k.p.i.AbstractProblemLoader Environment load took 200.4ns 
168063     INFO  main            d.u.i.k.p.i.AbstractProblemLoader Creating init config 
170744     DEBUG main            d.u.i.k.p.i.AbstractProblemLoader Init config took 2.68s 
170780     INFO  main            d.u.i.k.p.i.AbstractProblemLoader Replaying proof Stack[Stack::push(java.lang.Object)].JML normal_behavior operation contract.0 
170781     DEBUG main            d.u.i.k.p.i.IntermediateProofReplayer Proof replay took 7.2ns 
171486     INFO  main            d.u.i.k.p.r.p.TestFile    ... finished proof: closed. 
171835     INFO  main            d.u.i.k.p.i.AbstractProblemLoader Loading environment from /home/runner/work/key/key/key.core/../key.ui/examples/heap/SmansEtAl/Stack_push.key.proof 
171835     DEBUG main            d.u.i.k.p.i.AbstractProblemLoader Environment load took 529.6ns 
171837     INFO  main            d.u.i.k.p.i.AbstractProblemLoader Creating init config 
174477     DEBUG main            d.u.i.k.p.i.AbstractProblemLoader Init config took 2.64s 
174516     INFO  main            d.u.i.k.p.i.AbstractProblemLoader Replaying proof Stack[Stack::push(java.lang.Object)].JML normal_behavior operation contract.0 
174607     DEBUG main            d.u.i.k.p.i.IntermediateProofReplayer Proof replay took 86.39ms 
174608     DEBUG main            d.u.i.k.p.r.p.TestFile    ... success: reloaded. 
174609     INFO  main            d.u.i.k.p.r.p.TestFile    Now processing file /home/runner/work/key/key/key.core/../key.ui/examples/heap/SmansEtAl/Stack_size.key 
174610     INFO  main            d.u.i.k.p.i.AbstractProblemLoader Loading environment from /home/runner/work/key/key/key.core/../key.ui/examples/heap/SmansEtAl/Stack_size.key 
174610     DEBUG main            d.u.i.k.p.i.AbstractProblemLoader Environment load took 102.2ns 
174614     INFO  main            d.u.i.k.p.i.AbstractProblemLoader Creating init config 
177319     DEBUG main            d.u.i.k.p.i.AbstractProblemLoader Init config took 2.7s 
177353     INFO  main            d.u.i.k.p.i.AbstractProblemLoader Replaying proof Stack[Stack::size()].JML accessible clause.0 
177355     DEBUG main            d.u.i.k.p.i.IntermediateProofReplayer Proof replay took 6.7ns 
177557     INFO  main            d.u.i.k.p.r.p.TestFile    ... finished proof: closed. 
177849     INFO  main            d.u.i.k.p.i.AbstractProblemLoader Loading environment from /home/runner/work/key/key/key.core/../key.ui/examples/heap/SmansEtAl/Stack_size.key.proof 
177850     DEBUG main            d.u.i.k.p.i.AbstractProblemLoader Environment load took 105.1ns 
177850     INFO  main            d.u.i.k.p.i.AbstractProblemLoader Creating init config 
180531     DEBUG main            d.u.i.k.p.i.AbstractProblemLoader Init config took 2.68s 
180566     INFO  main            d.u.i.k.p.i.AbstractProblemLoader Replaying proof Stack[Stack::size()].JML accessible clause.0 
180598     DEBUG main            d.u.i.k.p.i.IntermediateProofReplayer Proof replay took 29ms 
180599     DEBUG main            d.u.i.k.p.r.p.TestFile    ... success: reloaded. 
180600     INFO  main            d.u.i.k.p.r.p.TestFile    Now processing file /home/runner/work/key/key/key.core/../key.ui/examples/heap/SmansEtAl/Stack_Stack.key 
180601     INFO  main            d.u.i.k.p.i.AbstractProblemLoader Loading environment from /home/runner/work/key/key/key.core/../key.ui/examples/heap/SmansEtAl/Stack_Stack.key 
180601     DEBUG main            d.u.i.k.p.i.AbstractProblemLoader Environment load took 192.9ns 
180602     INFO  main            d.u.i.k.p.i.AbstractProblemLoader Creating init config 
183272     DEBUG main            d.u.i.k.p.i.AbstractProblemLoader Init config took 2.67s 
183311     INFO  main            d.u.i.k.p.i.AbstractProblemLoader Replaying proof Stack[Stack::Stack()].JML normal_behavior operation contract.0 
183313     DEBUG main            d.u.i.k.p.i.IntermediateProofReplayer Proof replay took 6.5ns 
184318     INFO  main            d.u.i.k.p.r.p.TestFile    ... finished proof: closed. 
184670     INFO  main            d.u.i.k.p.i.AbstractProblemLoader Loading environment from /home/runner/work/key/key/key.core/../key.ui/examples/heap/SmansEtAl/Stack_Stack.key.proof 
184670     DEBUG main            d.u.i.k.p.i.AbstractProblemLoader Environment load took 416.7ns 
184671     INFO  main            d.u.i.k.p.i.AbstractProblemLoader Creating init config 
187284     DEBUG main            d.u.i.k.p.i.AbstractProblemLoader Init config took 2.61s 
187319     INFO  main            d.u.i.k.p.i.AbstractProblemLoader Replaying proof Stack[Stack::Stack()].JML normal_behavior operation contract.0 
187463     DEBUG main            d.u.i.k.p.i.IntermediateProofReplayer Proof replay took 136.87ms 
187464     DEBUG main            d.u.i.k.p.r.p.TestFile    ... success: reloaded. 
187465     INFO  main            d.u.i.k.p.r.p.TestFile    Now processing file /home/runner/work/key/key/key.core/../key.ui/examples/heap/SmansEtAl/Stack_switchContents.key 
187465     INFO  main            d.u.i.k.p.i.AbstractProblemLoader Loading environment from /home/runner/work/key/key/key.core/../key.ui/examples/heap/SmansEtAl/Stack_switchContents.key 
187465     DEBUG main            d.u.i.k.p.i.AbstractProblemLoader Environment load took 70.1ns 
187466     INFO  main            d.u.i.k.p.i.AbstractProblemLoader Creating init config 
190136     DEBUG main            d.u.i.k.p.i.AbstractProblemLoader Init config took 2.67s 
190172     INFO  main            d.u.i.k.p.i.AbstractProblemLoader Replaying proof Stack[Stack::switchContents(Stack)].JML normal_behavior operation contract.0 
190173     DEBUG main            d.u.i.k.p.i.IntermediateProofReplayer Proof replay took 8ns 
194599     INFO  main            d.u.i.k.p.r.p.TestFile    ... finished proof: closed. 
194930     INFO  main            d.u.i.k.p.i.AbstractProblemLoader Loading environment from /home/runner/work/key/key/key.core/../key.ui/examples/heap/SmansEtAl/Stack_switchContents.key.proof 
194930     DEBUG main            d.u.i.k.p.i.AbstractProblemLoader Environment load took 137.3ns 
194934     INFO  main            d.u.i.k.p.i.AbstractProblemLoader Creating init config 
197561     DEBUG main            d.u.i.k.p.i.AbstractProblemLoader Init config took 2.63s 
197597     INFO  main            d.u.i.k.p.i.AbstractProblemLoader Replaying proof Stack[Stack::switchContents(Stack)].JML normal_behavior operation contract.0 
197893     DEBUG main            d.u.i.k.p.i.IntermediateProofReplayer Proof replay took 278.7ms 
197895     DEBUG main            d.u.i.k.p.r.p.TestFile    ... success: reloaded. 
2049007    INFO  Test worker     d.u.i.k.p.r.RunAllProofsTestUnit Returning from test SmansEtAl 
2049008    INFO  Test worker     d.u.i.k.p.r.RunAllProofsTestUnit Running test VACID0 
337        INFO  Timeout watchdog d.u.i.k.p.r.p.ForkedTestFileRunner Timeout watcher launched (2000 secs.) 
337        WARN  main            d.u.i.k.s.ProofSettings   The settings in /home/runner/.key/proof-settings.props are *not* read. 
384        INFO  main            d.u.i.k.p.r.p.TestFile    Now processing file /home/runner/work/key/key/key.core/../key.ui/examples/heap/vacid0_01_SparseArray/Harness_sparseArrayTestHarness1.key 
489        INFO  main            d.u.i.k.p.i.AbstractProblemLoader Loading environment from /home/runner/work/key/key/key.core/../key.ui/examples/heap/vacid0_01_SparseArray/Harness_sparseArrayTestHarness1.key 
510        DEBUG main            d.u.i.k.p.i.AbstractProblemLoader Environment load took 1.76ms 
720        INFO  main            d.u.i.k.p.i.AbstractProblemLoader Creating init config 
1596       DEBUG main            d.u.i.k.j.TypeConverter   No LDT found for Meta 
1597       DEBUG main            d.u.i.k.j.TypeConverter   No LDT found for Meta 
1598       DEBUG main            d.u.i.k.j.TypeConverter   No LDT found for Meta 
1598       DEBUG main            d.u.i.k.j.TypeConverter   No LDT found for Meta 
3082       DEBUG main            d.u.i.k.j.TypeConverter   No LDT found for JavaBigintExpression 
8128       DEBUG main            d.u.i.k.p.i.AbstractProblemLoader Init config took 7.41s 
8304       INFO  main            d.u.i.k.p.i.AbstractProblemLoader Replaying proof Harness[Harness::sparseArrayTestHarness1()].JML normal_behavior operation contract.0 
8339       DEBUG main            d.u.i.k.p.i.IntermediateProofReplayer Proof replay took 29.7ns 
9777       INFO  main            d.u.i.k.p.r.p.TestFile    ... finished proof: closed. 
9919       INFO  main            d.u.i.k.p.i.AbstractProblemLoader Loading environment from /home/runner/work/key/key/key.core/../key.ui/examples/heap/vacid0_01_SparseArray/Harness_sparseArrayTestHarness1.key.proof 
9919       DEBUG main            d.u.i.k.p.i.AbstractProblemLoader Environment load took 154.2ns 
9925       INFO  main            d.u.i.k.p.i.AbstractProblemLoader Creating init config 
12951      DEBUG main            d.u.i.k.p.i.AbstractProblemLoader Init config took 3.03s 
13022      INFO  main            d.u.i.k.p.i.AbstractProblemLoader Replaying proof Harness[Harness::sparseArrayTestHarness1()].JML normal_behavior operation contract.0 
13231      DEBUG main            d.u.i.k.p.i.IntermediateProofReplayer Proof replay took 197.46ms 
13239      DEBUG main            d.u.i.k.p.r.p.TestFile    ... success: reloaded. 
13241      INFO  main            d.u.i.k.p.r.p.TestFile    Now processing file /home/runner/work/key/key/key.core/../key.ui/examples/heap/vacid0_01_SparseArray/Harness_sparseArrayTestHarness2.key 
13242      INFO  main            d.u.i.k.p.i.AbstractProblemLoader Loading environment from /home/runner/work/key/key/key.core/../key.ui/examples/heap/vacid0_01_SparseArray/Harness_sparseArrayTestHarness2.key 
13243      DEBUG main            d.u.i.k.p.i.AbstractProblemLoader Environment load took 848.5ns 
13247      INFO  main            d.u.i.k.p.i.AbstractProblemLoader Creating init config 
16097      DEBUG main            d.u.i.k.p.i.AbstractProblemLoader Init config took 2.85s 
16154      INFO  main            d.u.i.k.p.i.AbstractProblemLoader Replaying proof Harness[Harness::sparseArrayTestHarness2()].JML normal_behavior operation contract.0 
16157      DEBUG main            d.u.i.k.p.i.IntermediateProofReplayer Proof replay took 4.8ns 
26877      INFO  main            d.u.i.k.p.r.p.TestFile    ... finished proof: closed. 
27079      INFO  main            d.u.i.k.p.i.AbstractProblemLoader Loading environment from /home/runner/work/key/key/key.core/../key.ui/examples/heap/vacid0_01_SparseArray/Harness_sparseArrayTestHarness2.key.proof 
27079      DEBUG main            d.u.i.k.p.i.AbstractProblemLoader Environment load took 684.2ns 
27089      INFO  main            d.u.i.k.p.i.AbstractProblemLoader Creating init config 
29841      DEBUG main            d.u.i.k.p.i.AbstractProblemLoader Init config took 2.75s 
29888      INFO  main            d.u.i.k.p.i.AbstractProblemLoader Replaying proof Harness[Harness::sparseArrayTestHarness2()].JML normal_behavior operation contract.0 
30874      DEBUG main            d.u.i.k.p.i.IntermediateProofReplayer Proof replay took 913.05ms 
30877      DEBUG main            d.u.i.k.p.r.p.TestFile    ... success: reloaded. 
30880      INFO  main            d.u.i.k.p.r.p.TestFile    Now processing file /home/runner/work/key/key/key.core/../key.ui/examples/heap/vacid0_01_SparseArray/MemoryAllocator_alloc_unsigned.key 
30880      INFO  main            d.u.i.k.p.i.AbstractProblemLoader Loading environment from /home/runner/work/key/key/key.core/../key.ui/examples/heap/vacid0_01_SparseArray/MemoryAllocator_alloc_unsigned.key 
30881      DEBUG main            d.u.i.k.p.i.AbstractProblemLoader Environment load took 229.7ns 
30883      INFO  main            d.u.i.k.p.i.AbstractProblemLoader Creating init config 
33698      DEBUG main            d.u.i.k.p.i.AbstractProblemLoader Init config took 2.82s 
33742      INFO  main            d.u.i.k.p.i.AbstractProblemLoader Replaying proof MemoryAllocator[MemoryAllocator::alloc_unsigned(int)].JML normal_behavior operation contract.0 
33744      DEBUG main            d.u.i.k.p.i.IntermediateProofReplayer Proof replay took 5.2ns 
34651      INFO  main            d.u.i.k.p.r.p.TestFile    ... finished proof: closed. 
34850      INFO  main            d.u.i.k.p.i.AbstractProblemLoader Loading environment from /home/runner/work/key/key/key.core/../key.ui/examples/heap/vacid0_01_SparseArray/MemoryAllocator_alloc_unsigned.key.proof 
34851      DEBUG main            d.u.i.k.p.i.AbstractProblemLoader Environment load took 569ns 
34852      INFO  main            d.u.i.k.p.i.AbstractProblemLoader Creating init config 
37570      DEBUG main            d.u.i.k.p.i.AbstractProblemLoader Init config took 2.72s 
37614      INFO  main            d.u.i.k.p.i.AbstractProblemLoader Replaying proof MemoryAllocator[MemoryAllocator::alloc_unsigned(int)].JML normal_behavior operation contract.0 
37775      DEBUG main            d.u.i.k.p.i.IntermediateProofReplayer Proof replay took 152.59ms 
37776      DEBUG main            d.u.i.k.p.r.p.TestFile    ... success: reloaded. 
37778      INFO  main            d.u.i.k.p.r.p.TestFile    Now processing file /home/runner/work/key/key/key.core/../key.ui/examples/heap/vacid0_01_SparseArray/MemoryAllocator_alloc.key 
37778      INFO  main            d.u.i.k.p.i.AbstractProblemLoader Loading environment from /home/runner/work/key/key/key.core/../key.ui/examples/heap/vacid0_01_SparseArray/MemoryAllocator_alloc.key 
37778      DEBUG main            d.u.i.k.p.i.AbstractProblemLoader Environment load took 208.6ns 
37779      INFO  main            d.u.i.k.p.i.AbstractProblemLoader Creating init config 
40522      DEBUG main            d.u.i.k.p.i.AbstractProblemLoader Init config took 2.74s 
40562      INFO  main            d.u.i.k.p.i.AbstractProblemLoader Replaying proof MemoryAllocator[MemoryAllocator::alloc(int)].JML normal_behavior operation contract.0 
40564      DEBUG main            d.u.i.k.p.i.IntermediateProofReplayer Proof replay took 4.7ns 
41170      INFO  main            d.u.i.k.p.r.p.TestFile    ... finished proof: closed. 
41347      INFO  main            d.u.i.k.p.i.AbstractProblemLoader Loading environment from /home/runner/work/key/key/key.core/../key.ui/examples/heap/vacid0_01_SparseArray/MemoryAllocator_alloc.key.proof 
41348      DEBUG main            d.u.i.k.p.i.AbstractProblemLoader Environment load took 633.8ns 
41349      INFO  main            d.u.i.k.p.i.AbstractProblemLoader Creating init config 
44026      DEBUG main            d.u.i.k.p.i.AbstractProblemLoader Init config took 2.68s 
44081      INFO  main            d.u.i.k.p.i.AbstractProblemLoader Replaying proof MemoryAllocator[MemoryAllocator::alloc(int)].JML normal_behavior operation contract.0 
44193      DEBUG main            d.u.i.k.p.i.IntermediateProofReplayer Proof replay took 105.86ms 
44194      DEBUG main            d.u.i.k.p.r.p.TestFile    ... success: reloaded. 
44195      INFO  main            d.u.i.k.p.r.p.TestFile    Now processing file /home/runner/work/key/key/key.core/../key.ui/examples/heap/vacid0_01_SparseArray/SparseArray_get_dep.key 
44195      INFO  main            d.u.i.k.p.i.AbstractProblemLoader Loading environment from /home/runner/work/key/key/key.core/../key.ui/examples/heap/vacid0_01_SparseArray/SparseArray_get_dep.key 
44195      DEBUG main            d.u.i.k.p.i.AbstractProblemLoader Environment load took 115.8ns 
44196      INFO  main            d.u.i.k.p.i.AbstractProblemLoader Creating init config 
46880      DEBUG main            d.u.i.k.p.i.AbstractProblemLoader Init config took 2.68s 
46975      INFO  main            d.u.i.k.p.i.AbstractProblemLoader Replaying proof SparseArray[SparseArray::get(int)].JML accessible clause.0 
46977      DEBUG main            d.u.i.k.p.i.IntermediateProofReplayer Proof replay took 5.8ns 
49299      INFO  main            d.u.i.k.p.r.p.TestFile    ... finished proof: closed. 
49487      INFO  main            d.u.i.k.p.i.AbstractProblemLoader Loading environment from /home/runner/work/key/key/key.core/../key.ui/examples/heap/vacid0_01_SparseArray/SparseArray_get_dep.key.proof 
49487      DEBUG main            d.u.i.k.p.i.AbstractProblemLoader Environment load took 443.5ns 
49489      INFO  main            d.u.i.k.p.i.AbstractProblemLoader Creating init config 
52148      DEBUG main            d.u.i.k.p.i.AbstractProblemLoader Init config took 2.66s 
52217      INFO  main            d.u.i.k.p.i.AbstractProblemLoader Replaying proof SparseArray[SparseArray::get(int)].JML accessible clause.0 
52381      DEBUG main            d.u.i.k.p.i.IntermediateProofReplayer Proof replay took 153.06ms 
52383      DEBUG main            d.u.i.k.p.r.p.TestFile    ... success: reloaded. 
52384      INFO  main            d.u.i.k.p.r.p.TestFile    Now processing file /home/runner/work/key/key/key.core/../key.ui/examples/heap/vacid0_01_SparseArray/SparseArray_get.key 
52384      INFO  main            d.u.i.k.p.i.AbstractProblemLoader Loading environment from /home/runner/work/key/key/key.core/../key.ui/examples/heap/vacid0_01_SparseArray/SparseArray_get.key 
52385      DEBUG main            d.u.i.k.p.i.AbstractProblemLoader Environment load took 230.6ns 
52385      INFO  main            d.u.i.k.p.i.AbstractProblemLoader Creating init config 
55069      DEBUG main            d.u.i.k.p.i.AbstractProblemLoader Init config took 2.68s 
55126      INFO  main            d.u.i.k.p.i.AbstractProblemLoader Replaying proof SparseArray[SparseArray::get(int)].JML normal_behavior operation contract.0 
55128      DEBUG main            d.u.i.k.p.i.IntermediateProofReplayer Proof replay took 5.9ns 
57350      INFO  main            d.u.i.k.p.r.p.TestFile    ... finished proof: closed. 
57542      INFO  main            d.u.i.k.p.i.AbstractProblemLoader Loading environment from /home/runner/work/key/key/key.core/../key.ui/examples/heap/vacid0_01_SparseArray/SparseArray_get.key.proof 
57542      DEBUG main            d.u.i.k.p.i.AbstractProblemLoader Environment load took 502.4ns 
57544      INFO  main            d.u.i.k.p.i.AbstractProblemLoader Creating init config 
60214      DEBUG main            d.u.i.k.p.i.AbstractProblemLoader Init config took 2.67s 
60280      INFO  main            d.u.i.k.p.i.AbstractProblemLoader Replaying proof SparseArray[SparseArray::get(int)].JML normal_behavior operation contract.0 
60448      DEBUG main            d.u.i.k.p.i.IntermediateProofReplayer Proof replay took 157.68ms 
60449      DEBUG main            d.u.i.k.p.r.p.TestFile    ... success: reloaded. 
60451      INFO  main            d.u.i.k.p.r.p.TestFile    Now processing file /home/runner/work/key/key/key.core/../key.ui/examples/heap/vacid0_01_SparseArray/SparseArray_inv.key 
60451      INFO  main            d.u.i.k.p.i.AbstractProblemLoader Loading environment from /home/runner/work/key/key/key.core/../key.ui/examples/heap/vacid0_01_SparseArray/SparseArray_inv.key 
60451      DEBUG main            d.u.i.k.p.i.AbstractProblemLoader Environment load took 251ns 
60452      INFO  main            d.u.i.k.p.i.AbstractProblemLoader Creating init config 
63184      DEBUG main            d.u.i.k.p.i.AbstractProblemLoader Init config took 2.73s 
63239      INFO  main            d.u.i.k.p.i.AbstractProblemLoader Replaying proof SparseArray[java.lang.Object::<inv>()].JML accessible clause.0 
63240      DEBUG main            d.u.i.k.p.i.IntermediateProofReplayer Proof replay took 5.6ns 
64982      INFO  main            d.u.i.k.p.r.p.TestFile    ... finished proof: closed. 
65158      INFO  main            d.u.i.k.p.i.AbstractProblemLoader Loading environment from /home/runner/work/key/key/key.core/../key.ui/examples/heap/vacid0_01_SparseArray/SparseArray_inv.key.proof 
65158      DEBUG main            d.u.i.k.p.i.AbstractProblemLoader Environment load took 143.7ns 
65159      INFO  main            d.u.i.k.p.i.AbstractProblemLoader Creating init config 
67776      DEBUG main            d.u.i.k.p.i.AbstractProblemLoader Init config took 2.62s 
67831      INFO  main            d.u.i.k.p.i.AbstractProblemLoader Replaying proof SparseArray[java.lang.Object::<inv>()].JML accessible clause.0 
67897      DEBUG main            d.u.i.k.p.i.IntermediateProofReplayer Proof replay took 60.72ms 
67899      DEBUG main            d.u.i.k.p.r.p.TestFile    ... success: reloaded. 
67900      INFO  main            d.u.i.k.p.r.p.TestFile    Now processing file /home/runner/work/key/key/key.core/../key.ui/examples/heap/vacid0_01_SparseArray/SparseArray_SparseArray.key 
67900      INFO  main            d.u.i.k.p.i.AbstractProblemLoader Loading environment from /home/runner/work/key/key/key.core/../key.ui/examples/heap/vacid0_01_SparseArray/SparseArray_SparseArray.key 
67901      DEBUG main            d.u.i.k.p.i.AbstractProblemLoader Environment load took 240.7ns 
67902      INFO  main            d.u.i.k.p.i.AbstractProblemLoader Creating init config 
70537      DEBUG main            d.u.i.k.p.i.AbstractProblemLoader Init config took 2.63s 
70599      INFO  main            d.u.i.k.p.i.AbstractProblemLoader Replaying proof SparseArray[SparseArray::SparseArray(int)].JML normal_behavior operation contract.0 
70601      DEBUG main            d.u.i.k.p.i.IntermediateProofReplayer Proof replay took 5.4ns 
73849      INFO  main            d.u.i.k.p.r.p.TestFile    ... finished proof: closed. 
74078      INFO  main            d.u.i.k.p.i.AbstractProblemLoader Loading environment from /home/runner/work/key/key/key.core/../key.ui/examples/heap/vacid0_01_SparseArray/SparseArray_SparseArray.key.proof 
74079      DEBUG main            d.u.i.k.p.i.AbstractProblemLoader Environment load took 434.6ns 
74081      INFO  main            d.u.i.k.p.i.AbstractProblemLoader Creating init config 
76721      DEBUG main            d.u.i.k.p.i.AbstractProblemLoader Init config took 2.64s 
76775      INFO  main            d.u.i.k.p.i.AbstractProblemLoader Replaying proof SparseArray[SparseArray::SparseArray(int)].JML normal_behavior operation contract.0 
77089      DEBUG main            d.u.i.k.p.i.IntermediateProofReplayer Proof replay took 303.43ms 
77090      DEBUG main            d.u.i.k.p.r.p.TestFile    ... success: reloaded. 
2126262    INFO  Test worker     d.u.i.k.p.r.RunAllProofsTestUnit Returning from test VACID0 
2126263    INFO  Test worker     d.u.i.k.p.r.RunAllProofsTestUnit Running test VSTTE10 
347        INFO  Timeout watchdog d.u.i.k.p.r.p.ForkedTestFileRunner Timeout watcher launched (2000 secs.) 
360        WARN  main            d.u.i.k.s.ProofSettings   The settings in /home/runner/.key/proof-settings.props are *not* read. 
395        INFO  main            d.u.i.k.p.r.p.TestFile    Now processing file /home/runner/work/key/key/key.core/../key.ui/examples/heap/vstte10_01_SumAndMax/SumAndMax_sumAndMax.key 
536        INFO  main            d.u.i.k.p.i.AbstractProblemLoader Loading environment from /home/runner/work/key/key/key.core/../key.ui/examples/heap/vstte10_01_SumAndMax/SumAndMax_sumAndMax.key 
553        DEBUG main            d.u.i.k.p.i.AbstractProblemLoader Environment load took 2.54ms 
783        INFO  main            d.u.i.k.p.i.AbstractProblemLoader Creating init config 
1661       DEBUG main            d.u.i.k.j.TypeConverter   No LDT found for Meta 
1666       DEBUG main            d.u.i.k.j.TypeConverter   No LDT found for Meta 
1668       DEBUG main            d.u.i.k.j.TypeConverter   No LDT found for Meta 
1668       DEBUG main            d.u.i.k.j.TypeConverter   No LDT found for Meta 
2947       DEBUG main            d.u.i.k.j.TypeConverter   No LDT found for JavaBigintExpression 
8040       DEBUG main            d.u.i.k.p.i.AbstractProblemLoader Init config took 7.26s 
8159       INFO  main            d.u.i.k.p.i.AbstractProblemLoader Replaying proof SumAndMax[SumAndMax::sumAndMax([I)].JML normal_behavior operation contract.0 
8193       DEBUG main            d.u.i.k.p.i.IntermediateProofReplayer Proof replay took 28.7ns 
13381      INFO  main            d.u.i.k.p.r.p.TestFile    ... finished proof: closed. 
13601      INFO  main            d.u.i.k.p.i.AbstractProblemLoader Loading environment from /home/runner/work/key/key/key.core/../key.ui/examples/heap/vstte10_01_SumAndMax/SumAndMax_sumAndMax.key.proof 
13602      DEBUG main            d.u.i.k.p.i.AbstractProblemLoader Environment load took 242.1ns 
13604      INFO  main            d.u.i.k.p.i.AbstractProblemLoader Creating init config 
16577      DEBUG main            d.u.i.k.p.i.AbstractProblemLoader Init config took 2.97s 
16635      INFO  main            d.u.i.k.p.i.AbstractProblemLoader Replaying proof SumAndMax[SumAndMax::sumAndMax([I)].JML normal_behavior operation contract.0 
17091      DEBUG main            d.u.i.k.p.i.IntermediateProofReplayer Proof replay took 432.86ms 
17099      DEBUG main            d.u.i.k.p.r.p.TestFile    ... success: reloaded. 
17101      INFO  main            d.u.i.k.p.r.p.TestFile    Now processing file /home/runner/work/key/key/key.core/../key.ui/examples/heap/vstte10_03_LinkedList/Node_cons.key 
17101      INFO  main            d.u.i.k.p.i.AbstractProblemLoader Loading environment from /home/runner/work/key/key/key.core/../key.ui/examples/heap/vstte10_03_LinkedList/Node_cons.key 
17101      DEBUG main            d.u.i.k.p.i.AbstractProblemLoader Environment load took 229.8ns 
17103      INFO  main            d.u.i.k.p.i.AbstractProblemLoader Creating init config 
19930      DEBUG main            d.u.i.k.p.i.AbstractProblemLoader Init config took 2.83s 
19994      INFO  main            d.u.i.k.p.i.AbstractProblemLoader Replaying proof Node[Node::cons(int,Node)].JML normal_behavior operation contract.0 
19997      DEBUG main            d.u.i.k.p.i.IntermediateProofReplayer Proof replay took 5.8ns 
21409      INFO  main            d.u.i.k.p.r.p.TestFile    ... finished proof: closed. 
21563      INFO  main            d.u.i.k.p.i.AbstractProblemLoader Loading environment from /home/runner/work/key/key/key.core/../key.ui/examples/heap/vstte10_03_LinkedList/Node_cons.key.proof 
21564      DEBUG main            d.u.i.k.p.i.AbstractProblemLoader Environment load took 448.4ns 
21569      INFO  main            d.u.i.k.p.i.AbstractProblemLoader Creating init config 
24269      DEBUG main            d.u.i.k.p.i.AbstractProblemLoader Init config took 2.7s 
24332      INFO  main            d.u.i.k.p.i.AbstractProblemLoader Replaying proof Node[Node::cons(int,Node)].JML normal_behavior operation contract.0 
24562      DEBUG main            d.u.i.k.p.i.IntermediateProofReplayer Proof replay took 217.25ms 
24564      DEBUG main            d.u.i.k.p.r.p.TestFile    ... success: reloaded. 
24566      INFO  main            d.u.i.k.p.r.p.TestFile    Now processing file /home/runner/work/key/key/key.core/../key.ui/examples/heap/vstte10_03_LinkedList/Node_inv.key 
24566      INFO  main            d.u.i.k.p.i.AbstractProblemLoader Loading environment from /home/runner/work/key/key/key.core/../key.ui/examples/heap/vstte10_03_LinkedList/Node_inv.key 
24566      DEBUG main            d.u.i.k.p.i.AbstractProblemLoader Environment load took 134ns 
24569      INFO  main            d.u.i.k.p.i.AbstractProblemLoader Creating init config 
27356      DEBUG main            d.u.i.k.p.i.AbstractProblemLoader Init config took 2.79s 
27410      INFO  main            d.u.i.k.p.i.AbstractProblemLoader Replaying proof Node[java.lang.Object::<inv>()].JML accessible clause.0 
27412      DEBUG main            d.u.i.k.p.i.IntermediateProofReplayer Proof replay took 6ns 
27717      INFO  main            d.u.i.k.p.r.p.TestFile    ... finished proof: closed. 
27870      INFO  main            d.u.i.k.p.i.AbstractProblemLoader Loading environment from /home/runner/work/key/key/key.core/../key.ui/examples/heap/vstte10_03_LinkedList/Node_inv.key.proof 
27870      DEBUG main            d.u.i.k.p.i.AbstractProblemLoader Environment load took 429ns 
27873      INFO  main            d.u.i.k.p.i.AbstractProblemLoader Creating init config 
30562      DEBUG main            d.u.i.k.p.i.AbstractProblemLoader Init config took 2.69s 
30633      INFO  main            d.u.i.k.p.i.AbstractProblemLoader Replaying proof Node[java.lang.Object::<inv>()].JML accessible clause.0 
30667      DEBUG main            d.u.i.k.p.i.IntermediateProofReplayer Proof replay took 28.7ms 
30668      DEBUG main            d.u.i.k.p.r.p.TestFile    ... success: reloaded. 
30670      INFO  main            d.u.i.k.p.r.p.TestFile    Now processing file /home/runner/work/key/key/key.core/../key.ui/examples/heap/vstte10_03_LinkedList/Node_search.key 
30670      INFO  main            d.u.i.k.p.i.AbstractProblemLoader Loading environment from /home/runner/work/key/key/key.core/../key.ui/examples/heap/vstte10_03_LinkedList/Node_search.key 
30670      DEBUG main            d.u.i.k.p.i.AbstractProblemLoader Environment load took 204.3ns 
30671      INFO  main            d.u.i.k.p.i.AbstractProblemLoader Creating init config 
33356      DEBUG main            d.u.i.k.p.i.AbstractProblemLoader Init config took 2.68s 
33407      INFO  main            d.u.i.k.p.i.AbstractProblemLoader Replaying proof Node[Node::search()].JML normal_behavior operation contract.0 
33408      DEBUG main            d.u.i.k.p.i.IntermediateProofReplayer Proof replay took 6.3ns 
39339      INFO  main            d.u.i.k.p.r.p.TestFile    ... finished proof: closed. 
39565      INFO  main            d.u.i.k.p.i.AbstractProblemLoader Loading environment from /home/runner/work/key/key/key.core/../key.ui/examples/heap/vstte10_03_LinkedList/Node_search.key.proof 
39565      DEBUG main            d.u.i.k.p.i.AbstractProblemLoader Environment load took 440.1ns 
39568      INFO  main            d.u.i.k.p.i.AbstractProblemLoader Creating init config 
42217      DEBUG main            d.u.i.k.p.i.AbstractProblemLoader Init config took 2.65s 
42266      INFO  main            d.u.i.k.p.i.AbstractProblemLoader Replaying proof Node[Node::search()].JML normal_behavior operation contract.0 
42725      DEBUG main            d.u.i.k.p.i.IntermediateProofReplayer Proof replay took 416.09ms 
42728      DEBUG main            d.u.i.k.p.r.p.TestFile    ... success: reloaded. 
42729      INFO  main            d.u.i.k.p.r.p.TestFile    Now processing file /home/runner/work/key/key/key.core/../key.ui/examples/heap/vstte10_04_Queens/Queens_isConsistent.key 
42729      INFO  main            d.u.i.k.p.i.AbstractProblemLoader Loading environment from /home/runner/work/key/key/key.core/../key.ui/examples/heap/vstte10_04_Queens/Queens_isConsistent.key 
42730      DEBUG main            d.u.i.k.p.i.AbstractProblemLoader Environment load took 232.1ns 
42731      INFO  main            d.u.i.k.p.i.AbstractProblemLoader Creating init config 
45791      DEBUG main            d.u.i.k.p.i.AbstractProblemLoader Init config took 3.06s 
45834      INFO  main            d.u.i.k.p.i.AbstractProblemLoader Replaying proof Queens[Queens::isConsistent([I,int)].JML normal_behavior operation contract.0 
45835      DEBUG main            d.u.i.k.p.i.IntermediateProofReplayer Proof replay took 5.6ns 
47543      INFO  main            d.u.i.k.p.r.p.TestFile    ... finished proof: closed. 
47785      INFO  main            d.u.i.k.p.i.AbstractProblemLoader Loading environment from /home/runner/work/key/key/key.core/../key.ui/examples/heap/vstte10_04_Queens/Queens_isConsistent.key.proof 
47785      DEBUG main            d.u.i.k.p.i.AbstractProblemLoader Environment load took 154.6ns 
47787      INFO  main            d.u.i.k.p.i.AbstractProblemLoader Creating init config 
50538      DEBUG main            d.u.i.k.p.i.AbstractProblemLoader Init config took 2.75s 
50581      INFO  main            d.u.i.k.p.i.AbstractProblemLoader Replaying proof Queens[Queens::isConsistent([I,int)].JML normal_behavior operation contract.0 
50830      DEBUG main            d.u.i.k.p.i.IntermediateProofReplayer Proof replay took 239.49ms 
50831      DEBUG main            d.u.i.k.p.r.p.TestFile    ... success: reloaded. 
50832      INFO  main            d.u.i.k.p.r.p.TestFile    Now processing file /home/runner/work/key/key/key.core/../key.ui/examples/heap/vstte10_04_Queens/Queens_nQueens.key 
50833      INFO  main            d.u.i.k.p.i.AbstractProblemLoader Loading environment from /home/runner/work/key/key/key.core/../key.ui/examples/heap/vstte10_04_Queens/Queens_nQueens.key 
50833      DEBUG main            d.u.i.k.p.i.AbstractProblemLoader Environment load took 237.5ns 
50834      INFO  main            d.u.i.k.p.i.AbstractProblemLoader Creating init config 
53579      DEBUG main            d.u.i.k.p.i.AbstractProblemLoader Init config took 2.75s 
53653      INFO  main            d.u.i.k.p.i.AbstractProblemLoader Replaying proof Queens[Queens::nQueens(int)].JML normal_behavior operation contract.0 
53654      DEBUG main            d.u.i.k.p.i.IntermediateProofReplayer Proof replay took 6.1ns 
65454      INFO  main            d.u.i.k.p.r.p.TestFile    ... finished proof: closed. 
65700      INFO  main            d.u.i.k.p.i.AbstractProblemLoader Loading environment from /home/runner/work/key/key/key.core/../key.ui/examples/heap/vstte10_04_Queens/Queens_nQueens.key.proof 
65700      DEBUG main            d.u.i.k.p.i.AbstractProblemLoader Environment load took 440.8ns 
65702      INFO  main            d.u.i.k.p.i.AbstractProblemLoader Creating init config 
68384      DEBUG main            d.u.i.k.p.i.AbstractProblemLoader Init config took 2.68s 
68424      INFO  main            d.u.i.k.p.i.AbstractProblemLoader Replaying proof Queens[Queens::nQueens(int)].JML normal_behavior operation contract.0 
68807      DEBUG main            d.u.i.k.p.i.IntermediateProofReplayer Proof replay took 365.1ms 
68809      DEBUG main            d.u.i.k.p.r.p.TestFile    ... success: reloaded. 
68810      INFO  main            d.u.i.k.p.r.p.TestFile    Now processing file /home/runner/work/key/key/key.core/../key.ui/examples/heap/vstte10_05_Queue/AmortizedQueue_AmortizedQueue.key 
68810      INFO  main            d.u.i.k.p.i.AbstractProblemLoader Loading environment from /home/runner/work/key/key/key.core/../key.ui/examples/heap/vstte10_05_Queue/AmortizedQueue_AmortizedQueue.key 
68810      DEBUG main            d.u.i.k.p.i.AbstractProblemLoader Environment load took 188ns 
68811      INFO  main            d.u.i.k.p.i.AbstractProblemLoader Creating init config 
71584      DEBUG main            d.u.i.k.p.i.AbstractProblemLoader Init config took 2.77s 
71628      INFO  main            d.u.i.k.p.i.AbstractProblemLoader Replaying proof AmortizedQueue[AmortizedQueue::AmortizedQueue()].JML normal_behavior operation contract.0 
71630      DEBUG main            d.u.i.k.p.i.IntermediateProofReplayer Proof replay took 6.3ns 
72934      INFO  main            d.u.i.k.p.r.p.TestFile    ... finished proof: closed. 
73215      INFO  main            d.u.i.k.p.i.AbstractProblemLoader Loading environment from /home/runner/work/key/key/key.core/../key.ui/examples/heap/vstte10_05_Queue/AmortizedQueue_AmortizedQueue.key.proof 
73216      DEBUG main            d.u.i.k.p.i.AbstractProblemLoader Environment load took 725ns 
73217      INFO  main            d.u.i.k.p.i.AbstractProblemLoader Creating init config 
75896      DEBUG main            d.u.i.k.p.i.AbstractProblemLoader Init config took 2.68s 
75938      INFO  main            d.u.i.k.p.i.AbstractProblemLoader Replaying proof AmortizedQueue[AmortizedQueue::AmortizedQueue()].JML normal_behavior operation contract.0 
76095      DEBUG main            d.u.i.k.p.i.IntermediateProofReplayer Proof replay took 150.92ms 
76096      DEBUG main            d.u.i.k.p.r.p.TestFile    ... success: reloaded. 
76098      INFO  main            d.u.i.k.p.r.p.TestFile    Now processing file /home/runner/work/key/key/key.core/../key.ui/examples/heap/vstte10_05_Queue/AmortizedQueue_front.key 
76098      INFO  main            d.u.i.k.p.i.AbstractProblemLoader Loading environment from /home/runner/work/key/key/key.core/../key.ui/examples/heap/vstte10_05_Queue/AmortizedQueue_front.key 
76098      DEBUG main            d.u.i.k.p.i.AbstractProblemLoader Environment load took 216ns 
76099      INFO  main            d.u.i.k.p.i.AbstractProblemLoader Creating init config 
78833      DEBUG main            d.u.i.k.p.i.AbstractProblemLoader Init config took 2.73s 
78875      INFO  main            d.u.i.k.p.i.AbstractProblemLoader Replaying proof AmortizedQueue[AmortizedQueue::front()].JML normal_behavior operation contract.0 
78877      DEBUG main            d.u.i.k.p.i.IntermediateProofReplayer Proof replay took 6ns 
79387      INFO  main            d.u.i.k.p.r.p.TestFile    ... finished proof: closed. 
79582      INFO  main            d.u.i.k.p.i.AbstractProblemLoader Loading environment from /home/runner/work/key/key/key.core/../key.ui/examples/heap/vstte10_05_Queue/AmortizedQueue_front.key.proof 
79582      DEBUG main            d.u.i.k.p.i.AbstractProblemLoader Environment load took 139.9ns 
79583      INFO  main            d.u.i.k.p.i.AbstractProblemLoader Creating init config 
82280      DEBUG main            d.u.i.k.p.i.AbstractProblemLoader Init config took 2.7s 
82321      INFO  main            d.u.i.k.p.i.AbstractProblemLoader Replaying proof AmortizedQueue[AmortizedQueue::front()].JML normal_behavior operation contract.0 
82358      DEBUG main            d.u.i.k.p.i.IntermediateProofReplayer Proof replay took 33.15ms 
82359      DEBUG main            d.u.i.k.p.r.p.TestFile    ... success: reloaded. 
82360      INFO  main            d.u.i.k.p.r.p.TestFile    Now processing file /home/runner/work/key/key/key.core/../key.ui/examples/heap/vstte10_05_Queue/LinkedList_concat.key 
82361      INFO  main            d.u.i.k.p.i.AbstractProblemLoader Loading environment from /home/runner/work/key/key/key.core/../key.ui/examples/heap/vstte10_05_Queue/LinkedList_concat.key 
82361      DEBUG main            d.u.i.k.p.i.AbstractProblemLoader Environment load took 212.5ns 
82362      INFO  main            d.u.i.k.p.i.AbstractProblemLoader Creating init config 
85091      DEBUG main            d.u.i.k.p.i.AbstractProblemLoader Init config took 2.73s 
85136      INFO  main            d.u.i.k.p.i.AbstractProblemLoader Replaying proof LinkedList[LinkedList::concat(LinkedList)].JML normal_behavior operation contract.0 
85137      DEBUG main            d.u.i.k.p.i.IntermediateProofReplayer Proof replay took 6.2ns 
92857      INFO  main            d.u.i.k.p.r.p.TestFile    ... finished proof: closed. 
93105      INFO  main            d.u.i.k.p.i.AbstractProblemLoader Loading environment from /home/runner/work/key/key/key.core/../key.ui/examples/heap/vstte10_05_Queue/LinkedList_concat.key.proof 
93105      DEBUG main            d.u.i.k.p.i.AbstractProblemLoader Environment load took 492.3ns 
93108      INFO  main            d.u.i.k.p.i.AbstractProblemLoader Creating init config 
95766      DEBUG main            d.u.i.k.p.i.AbstractProblemLoader Init config took 2.66s 
95814      INFO  main            d.u.i.k.p.i.AbstractProblemLoader Replaying proof LinkedList[LinkedList::concat(LinkedList)].JML normal_behavior operation contract.0 
96266      DEBUG main            d.u.i.k.p.i.IntermediateProofReplayer Proof replay took 423.3ms 
96271      DEBUG main            d.u.i.k.p.r.p.TestFile    ... success: reloaded. 
96273      INFO  main            d.u.i.k.p.r.p.TestFile    Now processing file /home/runner/work/key/key/key.core/../key.ui/examples/heap/vstte10_05_Queue/LinkedList_cons.key 
96273      INFO  main            d.u.i.k.p.i.AbstractProblemLoader Loading environment from /home/runner/work/key/key/key.core/../key.ui/examples/heap/vstte10_05_Queue/LinkedList_cons.key 
96274      DEBUG main            d.u.i.k.p.i.AbstractProblemLoader Environment load took 728ns 
96275      INFO  main            d.u.i.k.p.i.AbstractProblemLoader Creating init config 
99006      DEBUG main            d.u.i.k.p.i.AbstractProblemLoader Init config took 2.73s 
99052      INFO  main            d.u.i.k.p.i.AbstractProblemLoader Replaying proof LinkedList[LinkedList::cons(int)].JML normal_behavior operation contract.0 
99054      DEBUG main            d.u.i.k.p.i.IntermediateProofReplayer Proof replay took 5.8ns 
101271     INFO  main            d.u.i.k.p.r.p.TestFile    ... finished proof: closed. 
101511     INFO  main            d.u.i.k.p.i.AbstractProblemLoader Loading environment from /home/runner/work/key/key/key.core/../key.ui/examples/heap/vstte10_05_Queue/LinkedList_cons.key.proof 
101512     DEBUG main            d.u.i.k.p.i.AbstractProblemLoader Environment load took 138.7ns 
101513     INFO  main            d.u.i.k.p.i.AbstractProblemLoader Creating init config 
104158     DEBUG main            d.u.i.k.p.i.AbstractProblemLoader Init config took 2.64s 
104202     INFO  main            d.u.i.k.p.i.AbstractProblemLoader Replaying proof LinkedList[LinkedList::cons(int)].JML normal_behavior operation contract.0 
104413     DEBUG main            d.u.i.k.p.i.IntermediateProofReplayer Proof replay took 202.36ms 
104415     DEBUG main            d.u.i.k.p.r.p.TestFile    ... success: reloaded. 
104416     INFO  main            d.u.i.k.p.r.p.TestFile    Now processing file /home/runner/work/key/key/key.core/../key.ui/examples/heap/vstte10_05_Queue/LinkedList_head.key 
104416     INFO  main            d.u.i.k.p.i.AbstractProblemLoader Loading environment from /home/runner/work/key/key/key.core/../key.ui/examples/heap/vstte10_05_Queue/LinkedList_head.key 
104416     DEBUG main            d.u.i.k.p.i.AbstractProblemLoader Environment load took 96.3ns 
104417     INFO  main            d.u.i.k.p.i.AbstractProblemLoader Creating init config 
107129     DEBUG main            d.u.i.k.p.i.AbstractProblemLoader Init config took 2.71s 
107172     INFO  main            d.u.i.k.p.i.AbstractProblemLoader Replaying proof LinkedList[LinkedList::head()].JML normal_behavior operation contract.0 
107176     DEBUG main            d.u.i.k.p.i.IntermediateProofReplayer Proof replay took 6ns 
107279     INFO  main            d.u.i.k.p.r.p.TestFile    ... finished proof: closed. 
107489     INFO  main            d.u.i.k.p.i.AbstractProblemLoader Loading environment from /home/runner/work/key/key/key.core/../key.ui/examples/heap/vstte10_05_Queue/LinkedList_head.key.proof 
107489     DEBUG main            d.u.i.k.p.i.AbstractProblemLoader Environment load took 127.1ns 
107490     INFO  main            d.u.i.k.p.i.AbstractProblemLoader Creating init config 
110184     DEBUG main            d.u.i.k.p.i.AbstractProblemLoader Init config took 2.69s 
110228     INFO  main            d.u.i.k.p.i.AbstractProblemLoader Replaying proof LinkedList[LinkedList::head()].JML normal_behavior operation contract.0 
110242     DEBUG main            d.u.i.k.p.i.IntermediateProofReplayer Proof replay took 9.94ms 
110245     DEBUG main            d.u.i.k.p.r.p.TestFile    ... success: reloaded. 
110246     INFO  main            d.u.i.k.p.r.p.TestFile    Now processing file /home/runner/work/key/key/key.core/../key.ui/examples/heap/vstte10_05_Queue/LinkedList_inv.key 
110247     INFO  main            d.u.i.k.p.i.AbstractProblemLoader Loading environment from /home/runner/work/key/key/key.core/../key.ui/examples/heap/vstte10_05_Queue/LinkedList_inv.key 
110247     DEBUG main            d.u.i.k.p.i.AbstractProblemLoader Environment load took 99.1ns 
110248     INFO  main            d.u.i.k.p.i.AbstractProblemLoader Creating init config 
112930     DEBUG main            d.u.i.k.p.i.AbstractProblemLoader Init config took 2.68s 
112971     INFO  main            d.u.i.k.p.i.AbstractProblemLoader Replaying proof LinkedList[java.lang.Object::<inv>()].JML accessible clause.0 
112973     DEBUG main            d.u.i.k.p.i.IntermediateProofReplayer Proof replay took 5.4ns 
113287     INFO  main            d.u.i.k.p.r.p.TestFile    ... finished proof: closed. 
113493     INFO  main            d.u.i.k.p.i.AbstractProblemLoader Loading environment from /home/runner/work/key/key/key.core/../key.ui/examples/heap/vstte10_05_Queue/LinkedList_inv.key.proof 
113493     DEBUG main            d.u.i.k.p.i.AbstractProblemLoader Environment load took 132.2ns 
113494     INFO  main            d.u.i.k.p.i.AbstractProblemLoader Creating init config 
116164     DEBUG main            d.u.i.k.p.i.AbstractProblemLoader Init config took 2.67s 
116205     INFO  main            d.u.i.k.p.i.AbstractProblemLoader Replaying proof LinkedList[java.lang.Object::<inv>()].JML accessible clause.0 
116224     DEBUG main            d.u.i.k.p.i.IntermediateProofReplayer Proof replay took 16.01ms 
116225     DEBUG main            d.u.i.k.p.r.p.TestFile    ... success: reloaded. 
116226     INFO  main            d.u.i.k.p.r.p.TestFile    Now processing file /home/runner/work/key/key/key.core/../key.ui/examples/heap/vstte10_05_Queue/LinkedList_length.key 
116226     INFO  main            d.u.i.k.p.i.AbstractProblemLoader Loading environment from /home/runner/work/key/key/key.core/../key.ui/examples/heap/vstte10_05_Queue/LinkedList_length.key 
116226     DEBUG main            d.u.i.k.p.i.AbstractProblemLoader Environment load took 62.3ns 
116227     INFO  main            d.u.i.k.p.i.AbstractProblemLoader Creating init config 
118933     DEBUG main            d.u.i.k.p.i.AbstractProblemLoader Init config took 2.71s 
118975     INFO  main            d.u.i.k.p.i.AbstractProblemLoader Replaying proof LinkedList[LinkedList::length()].JML normal_behavior operation contract.0 
118976     DEBUG main            d.u.i.k.p.i.IntermediateProofReplayer Proof replay took 5.6ns 
119081     INFO  main            d.u.i.k.p.r.p.TestFile    ... finished proof: closed. 
119301     INFO  main            d.u.i.k.p.i.AbstractProblemLoader Loading environment from /home/runner/work/key/key/key.core/../key.ui/examples/heap/vstte10_05_Queue/LinkedList_length.key.proof 
119301     DEBUG main            d.u.i.k.p.i.AbstractProblemLoader Environment load took 121ns 
119302     INFO  main            d.u.i.k.p.i.AbstractProblemLoader Creating init config 
121931     DEBUG main            d.u.i.k.p.i.AbstractProblemLoader Init config took 2.63s 
121974     INFO  main            d.u.i.k.p.i.AbstractProblemLoader Replaying proof LinkedList[LinkedList::length()].JML normal_behavior operation contract.0 
121985     DEBUG main            d.u.i.k.p.i.IntermediateProofReplayer Proof replay took 9.78ms 
121986     DEBUG main            d.u.i.k.p.r.p.TestFile    ... success: reloaded. 
121987     INFO  main            d.u.i.k.p.r.p.TestFile    Now processing file /home/runner/work/key/key/key.core/../key.ui/examples/heap/vstte10_05_Queue/LinkedList_LinkedList1.key 
121987     INFO  main            d.u.i.k.p.i.AbstractProblemLoader Loading environment from /home/runner/work/key/key/key.core/../key.ui/examples/heap/vstte10_05_Queue/LinkedList_LinkedList1.key 
121987     DEBUG main            d.u.i.k.p.i.AbstractProblemLoader Environment load took 99.8ns 
121988     INFO  main            d.u.i.k.p.i.AbstractProblemLoader Creating init config 
124704     DEBUG main            d.u.i.k.p.i.AbstractProblemLoader Init config took 2.72s 
124748     INFO  main            d.u.i.k.p.i.AbstractProblemLoader Replaying proof LinkedList[LinkedList::LinkedList(int,LinkedList)].JML normal_behavior operation contract.0 
124750     DEBUG main            d.u.i.k.p.i.IntermediateProofReplayer Proof replay took 6.1ns 
126556     INFO  main            d.u.i.k.p.r.p.TestFile    ... finished proof: closed. 
126810     INFO  main            d.u.i.k.p.i.AbstractProblemLoader Loading environment from /home/runner/work/key/key/key.core/../key.ui/examples/heap/vstte10_05_Queue/LinkedList_LinkedList1.key.proof 
126810     DEBUG main            d.u.i.k.p.i.AbstractProblemLoader Environment load took 129.8ns 
126812     INFO  main            d.u.i.k.p.i.AbstractProblemLoader Creating init config 
129463     DEBUG main            d.u.i.k.p.i.AbstractProblemLoader Init config took 2.65s 
129506     INFO  main            d.u.i.k.p.i.AbstractProblemLoader Replaying proof LinkedList[LinkedList::LinkedList(int,LinkedList)].JML normal_behavior operation contract.0 
129673     DEBUG main            d.u.i.k.p.i.IntermediateProofReplayer Proof replay took 159.91ms 
129674     DEBUG main            d.u.i.k.p.r.p.TestFile    ... success: reloaded. 
129676     INFO  main            d.u.i.k.p.r.p.TestFile    Now processing file /home/runner/work/key/key/key.core/../key.ui/examples/heap/vstte10_05_Queue/LinkedList_LinkedList2.key 
129676     INFO  main            d.u.i.k.p.i.AbstractProblemLoader Loading environment from /home/runner/work/key/key/key.core/../key.ui/examples/heap/vstte10_05_Queue/LinkedList_LinkedList2.key 
129676     DEBUG main            d.u.i.k.p.i.AbstractProblemLoader Environment load took 108.9ns 
129677     INFO  main            d.u.i.k.p.i.AbstractProblemLoader Creating init config 
132386     DEBUG main            d.u.i.k.p.i.AbstractProblemLoader Init config took 2.71s 
132429     INFO  main            d.u.i.k.p.i.AbstractProblemLoader Replaying proof LinkedList[LinkedList::LinkedList(int,LinkedList)].JML normal_behavior operation contract.0 
132431     DEBUG main            d.u.i.k.p.i.IntermediateProofReplayer Proof replay took 5.8ns 
134237     INFO  main            d.u.i.k.p.r.p.TestFile    ... finished proof: closed. 
134495     INFO  main            d.u.i.k.p.i.AbstractProblemLoader Loading environment from /home/runner/work/key/key/key.core/../key.ui/examples/heap/vstte10_05_Queue/LinkedList_LinkedList2.key.proof 
134496     DEBUG main            d.u.i.k.p.i.AbstractProblemLoader Environment load took 1.43ms 
134500     INFO  main            d.u.i.k.p.i.AbstractProblemLoader Creating init config 
137136     DEBUG main            d.u.i.k.p.i.AbstractProblemLoader Init config took 2.64s 
137179     INFO  main            d.u.i.k.p.i.AbstractProblemLoader Replaying proof LinkedList[LinkedList::LinkedList(int,LinkedList)].JML normal_behavior operation contract.0 
137356     DEBUG main            d.u.i.k.p.i.IntermediateProofReplayer Proof replay took 169.35ms 
137359     DEBUG main            d.u.i.k.p.r.p.TestFile    ... success: reloaded. 
137360     INFO  main            d.u.i.k.p.r.p.TestFile    Now processing file /home/runner/work/key/key/key.core/../key.ui/examples/heap/vstte10_05_Queue/LinkedList_LinkedList3.key 
137360     INFO  main            d.u.i.k.p.i.AbstractProblemLoader Loading environment from /home/runner/work/key/key/key.core/../key.ui/examples/heap/vstte10_05_Queue/LinkedList_LinkedList3.key 
137360     DEBUG main            d.u.i.k.p.i.AbstractProblemLoader Environment load took 107ns 
137361     INFO  main            d.u.i.k.p.i.AbstractProblemLoader Creating init config 
140064     DEBUG main            d.u.i.k.p.i.AbstractProblemLoader Init config took 2.7s 
140107     INFO  main            d.u.i.k.p.i.AbstractProblemLoader Replaying proof LinkedList[LinkedList::LinkedList(int,LinkedList)].JML normal_behavior operation contract.0 
140108     DEBUG main            d.u.i.k.p.i.IntermediateProofReplayer Proof replay took 6.4ns 
153362     INFO  main            d.u.i.k.p.r.p.TestFile    ... finished proof: closed. 
153706     INFO  main            d.u.i.k.p.i.AbstractProblemLoader Loading environment from /home/runner/work/key/key/key.core/../key.ui/examples/heap/vstte10_05_Queue/LinkedList_LinkedList3.key.proof 
153706     DEBUG main            d.u.i.k.p.i.AbstractProblemLoader Environment load took 425.7ns 
153713     INFO  main            d.u.i.k.p.i.AbstractProblemLoader Creating init config 
156330     DEBUG main            d.u.i.k.p.i.AbstractProblemLoader Init config took 2.62s 
156374     INFO  main            d.u.i.k.p.i.AbstractProblemLoader Replaying proof LinkedList[LinkedList::LinkedList(int,LinkedList)].JML normal_behavior operation contract.0 
157432     DEBUG main            d.u.i.k.p.i.IntermediateProofReplayer Proof replay took 966.92ms 
157438     DEBUG main            d.u.i.k.p.r.p.TestFile    ... success: reloaded. 
157440     INFO  main            d.u.i.k.p.r.p.TestFile    Now processing file /home/runner/work/key/key/key.core/../key.ui/examples/heap/vstte10_05_Queue/LinkedList_reverse.key 
157440     INFO  main            d.u.i.k.p.i.AbstractProblemLoader Loading environment from /home/runner/work/key/key/key.core/../key.ui/examples/heap/vstte10_05_Queue/LinkedList_reverse.key 
157440     DEBUG main            d.u.i.k.p.i.AbstractProblemLoader Environment load took 84.3ns 
157441     INFO  main            d.u.i.k.p.i.AbstractProblemLoader Creating init config 
160129     DEBUG main            d.u.i.k.p.i.AbstractProblemLoader Init config took 2.69s 
160174     INFO  main            d.u.i.k.p.i.AbstractProblemLoader Replaying proof LinkedList[LinkedList::reverse()].JML normal_behavior operation contract.0 
160175     DEBUG main            d.u.i.k.p.i.IntermediateProofReplayer Proof replay took 6.2ns 
168772     INFO  main            d.u.i.k.p.r.p.TestFile    ... finished proof: closed. 
169076     INFO  main            d.u.i.k.p.i.AbstractProblemLoader Loading environment from /home/runner/work/key/key/key.core/../key.ui/examples/heap/vstte10_05_Queue/LinkedList_reverse.key.proof 
169082     DEBUG main            d.u.i.k.p.i.AbstractProblemLoader Environment load took 7.19ms 
169085     INFO  main            d.u.i.k.p.i.AbstractProblemLoader Creating init config 
171709     DEBUG main            d.u.i.k.p.i.AbstractProblemLoader Init config took 2.62s 
171757     INFO  main            d.u.i.k.p.i.AbstractProblemLoader Replaying proof LinkedList[LinkedList::reverse()].JML normal_behavior operation contract.0 
172251     DEBUG main            d.u.i.k.p.i.IntermediateProofReplayer Proof replay took 464.9ms 
172254     DEBUG main            d.u.i.k.p.r.p.TestFile    ... success: reloaded. 
172255     INFO  main            d.u.i.k.p.r.p.TestFile    Now processing file /home/runner/work/key/key/key.core/../key.ui/examples/heap/vstte10_05_Queue/LinkedList_tail.key 
172255     INFO  main            d.u.i.k.p.i.AbstractProblemLoader Loading environment from /home/runner/work/key/key/key.core/../key.ui/examples/heap/vstte10_05_Queue/LinkedList_tail.key 
172255     DEBUG main            d.u.i.k.p.i.AbstractProblemLoader Environment load took 77.9ns 
172256     INFO  main            d.u.i.k.p.i.AbstractProblemLoader Creating init config 
174964     DEBUG main            d.u.i.k.p.i.AbstractProblemLoader Init config took 2.71s 
175005     INFO  main            d.u.i.k.p.i.AbstractProblemLoader Replaying proof LinkedList[LinkedList::tail()].JML normal_behavior operation contract.0 
175007     DEBUG main            d.u.i.k.p.i.IntermediateProofReplayer Proof replay took 40.5ns 
175537     INFO  main            d.u.i.k.p.r.p.TestFile    ... finished proof: closed. 
175783     INFO  main            d.u.i.k.p.i.AbstractProblemLoader Loading environment from /home/runner/work/key/key/key.core/../key.ui/examples/heap/vstte10_05_Queue/LinkedList_tail.key.proof 
175783     DEBUG main            d.u.i.k.p.i.AbstractProblemLoader Environment load took 105.7ns 
175784     INFO  main            d.u.i.k.p.i.AbstractProblemLoader Creating init config 
178414     DEBUG main            d.u.i.k.p.i.AbstractProblemLoader Init config took 2.63s 
178456     INFO  main            d.u.i.k.p.i.AbstractProblemLoader Replaying proof LinkedList[LinkedList::tail()].JML normal_behavior operation contract.0 
178527     DEBUG main            d.u.i.k.p.i.IntermediateProofReplayer Proof replay took 67.31ms 
178528     DEBUG main            d.u.i.k.p.r.p.TestFile    ... success: reloaded. 
2304962    INFO  Test worker     d.u.i.k.p.r.RunAllProofsTestUnit Returning from test VSTTE10 
2304963    INFO  Test worker     d.u.i.k.p.r.RunAllProofsTestUnit Running test WeideEtAl 
349        INFO  Timeout watchdog d.u.i.k.p.r.p.ForkedTestFileRunner Timeout watcher launched (2000 secs.) 
369        WARN  main            d.u.i.k.s.ProofSettings   The settings in /home/runner/.key/proof-settings.props are *not* read. 
405        INFO  main            d.u.i.k.p.r.p.TestFile    Now processing file /home/runner/work/key/key/key.core/../key.ui/examples/heap/WeideEtAl_01_AddAndMultiply/AddAndMultiply_add.key 
528        INFO  main            d.u.i.k.p.i.AbstractProblemLoader Loading environment from /home/runner/work/key/key/key.core/../key.ui/examples/heap/WeideEtAl_01_AddAndMultiply/AddAndMultiply_add.key 
555        DEBUG main            d.u.i.k.p.i.AbstractProblemLoader Environment load took 2.11ms 
809        INFO  main            d.u.i.k.p.i.AbstractProblemLoader Creating init config 
1692       DEBUG main            d.u.i.k.j.TypeConverter   No LDT found for Meta 
1693       DEBUG main            d.u.i.k.j.TypeConverter   No LDT found for Meta 
1696       DEBUG main            d.u.i.k.j.TypeConverter   No LDT found for Meta 
1696       DEBUG main            d.u.i.k.j.TypeConverter   No LDT found for Meta 
2985       DEBUG main            d.u.i.k.j.TypeConverter   No LDT found for JavaBigintExpression 
7947       DEBUG main            d.u.i.k.p.i.AbstractProblemLoader Init config took 7.14s 
8111       INFO  main            d.u.i.k.p.i.AbstractProblemLoader Replaying proof AddAndMultiply[AddAndMultiply::add(int,int)].JML normal_behavior operation contract.0 
8148       DEBUG main            d.u.i.k.p.i.IntermediateProofReplayer Proof replay took 32.2ns 
9586       INFO  main            d.u.i.k.p.r.p.TestFile    ... finished proof: closed. 
9762       INFO  main            d.u.i.k.p.i.AbstractProblemLoader Loading environment from /home/runner/work/key/key/key.core/../key.ui/examples/heap/WeideEtAl_01_AddAndMultiply/AddAndMultiply_add.key.proof 
9762       DEBUG main            d.u.i.k.p.i.AbstractProblemLoader Environment load took 470.1ns 
9764       INFO  main            d.u.i.k.p.i.AbstractProblemLoader Creating init config 
12605      DEBUG main            d.u.i.k.p.i.AbstractProblemLoader Init config took 2.84s 
12675      INFO  main            d.u.i.k.p.i.AbstractProblemLoader Replaying proof AddAndMultiply[AddAndMultiply::add(int,int)].JML normal_behavior operation contract.0 
12948      DEBUG main            d.u.i.k.p.i.IntermediateProofReplayer Proof replay took 250.56ms 
12959      DEBUG main            d.u.i.k.p.r.p.TestFile    ... success: reloaded. 
12960      INFO  main            d.u.i.k.p.r.p.TestFile    Now processing file /home/runner/work/key/key/key.core/../key.ui/examples/heap/WeideEtAl_01_AddAndMultiply/AddAndMultiply_mul.key 
12961      INFO  main            d.u.i.k.p.i.AbstractProblemLoader Loading environment from /home/runner/work/key/key/key.core/../key.ui/examples/heap/WeideEtAl_01_AddAndMultiply/AddAndMultiply_mul.key 
12961      DEBUG main            d.u.i.k.p.i.AbstractProblemLoader Environment load took 89.6ns 
12962      INFO  main            d.u.i.k.p.i.AbstractProblemLoader Creating init config 
15690      DEBUG main            d.u.i.k.p.i.AbstractProblemLoader Init config took 2.73s 
15747      INFO  main            d.u.i.k.p.i.AbstractProblemLoader Replaying proof AddAndMultiply[AddAndMultiply::mul(int,int)].JML normal_behavior operation contract.0 
15750      DEBUG main            d.u.i.k.p.i.IntermediateProofReplayer Proof replay took 7.1ns 
16254      INFO  main            d.u.i.k.p.r.p.TestFile    ... finished proof: closed. 
16420      INFO  main            d.u.i.k.p.i.AbstractProblemLoader Loading environment from /home/runner/work/key/key/key.core/../key.ui/examples/heap/WeideEtAl_01_AddAndMultiply/AddAndMultiply_mul.key.proof 
16420      DEBUG main            d.u.i.k.p.i.AbstractProblemLoader Environment load took 423.8ns 
16422      INFO  main            d.u.i.k.p.i.AbstractProblemLoader Creating init config 
19001      DEBUG main            d.u.i.k.p.i.AbstractProblemLoader Init config took 2.58s 
19052      INFO  main            d.u.i.k.p.i.AbstractProblemLoader Replaying proof AddAndMultiply[AddAndMultiply::mul(int,int)].JML normal_behavior operation contract.0 
19141      DEBUG main            d.u.i.k.p.i.IntermediateProofReplayer Proof replay took 84.53ms 
19142      DEBUG main            d.u.i.k.p.r.p.TestFile    ... success: reloaded. 
19144      INFO  main            d.u.i.k.p.r.p.TestFile    Now processing file /home/runner/work/key/key/key.core/../key.ui/examples/heap/WeideEtAl_02_BinarySearch/BinarySearch_search.key 
19144      INFO  main            d.u.i.k.p.i.AbstractProblemLoader Loading environment from /home/runner/work/key/key/key.core/../key.ui/examples/heap/WeideEtAl_02_BinarySearch/BinarySearch_search.key 
19145      DEBUG main            d.u.i.k.p.i.AbstractProblemLoader Environment load took 1.11ms 
19146      INFO  main            d.u.i.k.p.i.AbstractProblemLoader Creating init config 
21774      DEBUG main            d.u.i.k.p.i.AbstractProblemLoader Init config took 2.63s 
21821      INFO  main            d.u.i.k.p.i.AbstractProblemLoader Replaying proof BinarySearch[BinarySearch::search([I,int)].JML normal_behavior operation contract.0 
21825      DEBUG main            d.u.i.k.p.i.IntermediateProofReplayer Proof replay took 5.6ns 
25140      INFO  main            d.u.i.k.p.r.p.TestFile    ... finished proof: closed. 
25326      INFO  main            d.u.i.k.p.i.AbstractProblemLoader Loading environment from /home/runner/work/key/key/key.core/../key.ui/examples/heap/WeideEtAl_02_BinarySearch/BinarySearch_search.key.proof 
25328      DEBUG main            d.u.i.k.p.i.AbstractProblemLoader Environment load took 2.22ms 
25331      INFO  main            d.u.i.k.p.i.AbstractProblemLoader Creating init config 
27859      DEBUG main            d.u.i.k.p.i.AbstractProblemLoader Init config took 2.53s 
27903      INFO  main            d.u.i.k.p.i.AbstractProblemLoader Replaying proof BinarySearch[BinarySearch::search([I,int)].JML normal_behavior operation contract.0 
28294      DEBUG main            d.u.i.k.p.i.IntermediateProofReplayer Proof replay took 373.39ms 
28296      DEBUG main            d.u.i.k.p.r.p.TestFile    ... success: reloaded. 
2333423    INFO  Test worker     d.u.i.k.p.r.RunAllProofsTestUnit Returning from test WeideEtAl 
2333424    INFO  Test worker     d.u.i.k.p.r.RunAllProofsTestUnit Running test arithmetic 
369        INFO  Timeout watchdog d.u.i.k.p.r.p.ForkedTestFileRunner Timeout watcher launched (2000 secs.) 
388        WARN  main            d.u.i.k.s.ProofSettings   The settings in /home/runner/.key/proof-settings.props are *not* read. 
434        INFO  main            d.u.i.k.p.r.p.TestFile    Now processing file /home/runner/work/key/key/key.core/../key.ui/examples/standard_key/arith/binomial1.key 
564        INFO  main            d.u.i.k.p.i.AbstractProblemLoader Loading environment from /home/runner/work/key/key/key.core/../key.ui/examples/standard_key/arith/binomial1.key 
582        DEBUG main            d.u.i.k.p.i.AbstractProblemLoader Environment load took 1.87ms 
816        INFO  main            d.u.i.k.p.i.AbstractProblemLoader Creating init config 
1697       DEBUG main            d.u.i.k.j.TypeConverter   No LDT found for Meta 
1697       DEBUG main            d.u.i.k.j.TypeConverter   No LDT found for Meta 
1700       DEBUG main            d.u.i.k.j.TypeConverter   No LDT found for Meta 
1700       DEBUG main            d.u.i.k.j.TypeConverter   No LDT found for Meta 
2983       DEBUG main            d.u.i.k.j.TypeConverter   No LDT found for JavaBigintExpression 
7767       DEBUG main            d.u.i.k.p.i.AbstractProblemLoader Init config took 6.95s 
7827       INFO  main            d.u.i.k.p.i.AbstractProblemLoader Replaying proof binomial1.key 
7860       DEBUG main            d.u.i.k.p.i.IntermediateProofReplayer Proof replay took 31ns 
8123       INFO  main            d.u.i.k.p.r.p.TestFile    ... finished proof: closed. 
8228       INFO  main            d.u.i.k.p.i.AbstractProblemLoader Loading environment from /home/runner/work/key/key/key.core/../key.ui/examples/standard_key/arith/binomial1.key.proof 
8228       DEBUG main            d.u.i.k.p.i.AbstractProblemLoader Environment load took 465.9ns 
8232       INFO  main            d.u.i.k.p.i.AbstractProblemLoader Creating init config 
11087      DEBUG main            d.u.i.k.p.i.AbstractProblemLoader Init config took 2.85s 
11119      INFO  main            d.u.i.k.p.i.AbstractProblemLoader Replaying proof binomial1.key.proof 
11132      DEBUG main            d.u.i.k.p.i.IntermediateProofReplayer Proof replay took 8.76ms 
11143      DEBUG main            d.u.i.k.p.r.p.TestFile    ... success: reloaded. 
11144      INFO  main            d.u.i.k.p.r.p.TestFile    Now processing file /home/runner/work/key/key/key.core/../key.ui/examples/standard_key/arith/binomial2.key 
11144      INFO  main            d.u.i.k.p.i.AbstractProblemLoader Loading environment from /home/runner/work/key/key/key.core/../key.ui/examples/standard_key/arith/binomial2.key 
11144      DEBUG main            d.u.i.k.p.i.AbstractProblemLoader Environment load took 231.7ns 
11146      INFO  main            d.u.i.k.p.i.AbstractProblemLoader Creating init config 
13868      DEBUG main            d.u.i.k.p.i.AbstractProblemLoader Init config took 2.72s 
13898      INFO  main            d.u.i.k.p.i.AbstractProblemLoader Replaying proof binomial2.key 
13901      DEBUG main            d.u.i.k.p.i.IntermediateProofReplayer Proof replay took 7.8ns 
14004      INFO  main            d.u.i.k.p.r.p.TestFile    ... finished proof: closed. 
14130      INFO  main            d.u.i.k.p.i.AbstractProblemLoader Loading environment from /home/runner/work/key/key/key.core/../key.ui/examples/standard_key/arith/binomial2.key.proof 
14130      DEBUG main            d.u.i.k.p.i.AbstractProblemLoader Environment load took 163.6ns 
14132      INFO  main            d.u.i.k.p.i.AbstractProblemLoader Creating init config 
16763      DEBUG main            d.u.i.k.p.i.AbstractProblemLoader Init config took 2.63s 
16787      INFO  main            d.u.i.k.p.i.AbstractProblemLoader Replaying proof binomial2.key.proof 
16795      DEBUG main            d.u.i.k.p.i.IntermediateProofReplayer Proof replay took 6.21ms 
16796      DEBUG main            d.u.i.k.p.r.p.TestFile    ... success: reloaded. 
16797      INFO  main            d.u.i.k.p.r.p.TestFile    Now processing file /home/runner/work/key/key/key.core/../key.ui/examples/standard_key/arith/check_jdiv.key 
16797      INFO  main            d.u.i.k.p.i.AbstractProblemLoader Loading environment from /home/runner/work/key/key/key.core/../key.ui/examples/standard_key/arith/check_jdiv.key 
16798      DEBUG main            d.u.i.k.p.i.AbstractProblemLoader Environment load took 118.4ns 
16799      INFO  main            d.u.i.k.p.i.AbstractProblemLoader Creating init config 
19423      DEBUG main            d.u.i.k.p.i.AbstractProblemLoader Init config took 2.62s 
19444      INFO  main            d.u.i.k.p.i.AbstractProblemLoader Replaying proof check_jdiv.key 
19448      DEBUG main            d.u.i.k.p.i.IntermediateProofReplayer Proof replay took 6.6ns 
24633      INFO  main            d.u.i.k.p.r.p.TestFile    ... finished proof: closed. 
24851      INFO  main            d.u.i.k.p.i.AbstractProblemLoader Loading environment from /home/runner/work/key/key/key.core/../key.ui/examples/standard_key/arith/check_jdiv.key.proof 
24851      DEBUG main            d.u.i.k.p.i.AbstractProblemLoader Environment load took 457.6ns 
24859      INFO  main            d.u.i.k.p.i.AbstractProblemLoader Creating init config 
27481      DEBUG main            d.u.i.k.p.i.AbstractProblemLoader Init config took 2.62s 
27501      INFO  main            d.u.i.k.p.i.AbstractProblemLoader Replaying proof check_jdiv.key.proof 
27811      DEBUG main            d.u.i.k.p.i.IntermediateProofReplayer Proof replay took 257.17ms 
27813      DEBUG main            d.u.i.k.p.r.p.TestFile    ... success: reloaded. 
27815      INFO  main            d.u.i.k.p.r.p.TestFile    Now processing file /home/runner/work/key/key/key.core/../key.ui/examples/standard_key/arith/check_jdiv_concrete.key 
27815      INFO  main            d.u.i.k.p.i.AbstractProblemLoader Loading environment from /home/runner/work/key/key/key.core/../key.ui/examples/standard_key/arith/check_jdiv_concrete.key 
27815      DEBUG main            d.u.i.k.p.i.AbstractProblemLoader Environment load took 210.5ns 
27817      INFO  main            d.u.i.k.p.i.AbstractProblemLoader Creating init config 
30414      DEBUG main            d.u.i.k.p.i.AbstractProblemLoader Init config took 2.6s 
30433      INFO  main            d.u.i.k.p.i.AbstractProblemLoader Replaying proof check_jdiv_concrete.key 
30435      DEBUG main            d.u.i.k.p.i.IntermediateProofReplayer Proof replay took 6.4ns 
30540      INFO  main            d.u.i.k.p.r.p.TestFile    ... finished proof: closed. 
30736      INFO  main            d.u.i.k.p.i.AbstractProblemLoader Loading environment from /home/runner/work/key/key/key.core/../key.ui/examples/standard_key/arith/check_jdiv_concrete.key.proof 
30737      DEBUG main            d.u.i.k.p.i.AbstractProblemLoader Environment load took 134.4ns 
30738      INFO  main            d.u.i.k.p.i.AbstractProblemLoader Creating init config 
33290      DEBUG main            d.u.i.k.p.i.AbstractProblemLoader Init config took 2.55s 
33309      INFO  main            d.u.i.k.p.i.AbstractProblemLoader Replaying proof check_jdiv_concrete.key.proof 
33313      DEBUG main            d.u.i.k.p.i.IntermediateProofReplayer Proof replay took 2.31ms 
33315      DEBUG main            d.u.i.k.p.r.p.TestFile    ... success: reloaded. 
33316      INFO  main            d.u.i.k.p.r.p.TestFile    Now processing file /home/runner/work/key/key/key.core/../key.ui/examples/standard_key/arith/check_jdiv_instantiated.key 
33316      INFO  main            d.u.i.k.p.i.AbstractProblemLoader Loading environment from /home/runner/work/key/key/key.core/../key.ui/examples/standard_key/arith/check_jdiv_instantiated.key 
33316      DEBUG main            d.u.i.k.p.i.AbstractProblemLoader Environment load took 231.5ns 
33318      INFO  main            d.u.i.k.p.i.AbstractProblemLoader Creating init config 
35881      DEBUG main            d.u.i.k.p.i.AbstractProblemLoader Init config took 2.56s 
35900      INFO  main            d.u.i.k.p.i.AbstractProblemLoader Replaying proof check_jdiv_instantiated.key 
35902      DEBUG main            d.u.i.k.p.i.IntermediateProofReplayer Proof replay took 6.4ns 
39136      INFO  main            d.u.i.k.p.r.p.TestFile    ... finished proof: closed. 
39345      INFO  main            d.u.i.k.p.i.AbstractProblemLoader Loading environment from /home/runner/work/key/key/key.core/../key.ui/examples/standard_key/arith/check_jdiv_instantiated.key.proof 
39346      DEBUG main            d.u.i.k.p.i.AbstractProblemLoader Environment load took 453.5ns 
39348      INFO  main            d.u.i.k.p.i.AbstractProblemLoader Creating init config 
41895      DEBUG main            d.u.i.k.p.i.AbstractProblemLoader Init config took 2.55s 
41916      INFO  main            d.u.i.k.p.i.AbstractProblemLoader Replaying proof check_jdiv_instantiated.key.proof 
42056      DEBUG main            d.u.i.k.p.i.IntermediateProofReplayer Proof replay took 116.26ms 
42059      DEBUG main            d.u.i.k.p.r.p.TestFile    ... success: reloaded. 
42060      INFO  main            d.u.i.k.p.r.p.TestFile    Now processing file /home/runner/work/key/key/key.core/../key.ui/examples/standard_key/arith/check_jmod.key 
42061      INFO  main            d.u.i.k.p.i.AbstractProblemLoader Loading environment from /home/runner/work/key/key/key.core/../key.ui/examples/standard_key/arith/check_jmod.key 
42061      DEBUG main            d.u.i.k.p.i.AbstractProblemLoader Environment load took 275.8ns 
42062      INFO  main            d.u.i.k.p.i.AbstractProblemLoader Creating init config 
44567      DEBUG main            d.u.i.k.p.i.AbstractProblemLoader Init config took 2.5s 
44586      INFO  main            d.u.i.k.p.i.AbstractProblemLoader Replaying proof check_jmod.key 
44589      DEBUG main            d.u.i.k.p.i.IntermediateProofReplayer Proof replay took 6.9ns 
45093      INFO  main            d.u.i.k.p.r.p.TestFile    ... finished proof: closed. 
45393      INFO  main            d.u.i.k.p.i.AbstractProblemLoader Loading environment from /home/runner/work/key/key/key.core/../key.ui/examples/standard_key/arith/check_jmod.key.proof 
45394      DEBUG main            d.u.i.k.p.i.AbstractProblemLoader Environment load took 554.7ns 
45395      INFO  main            d.u.i.k.p.i.AbstractProblemLoader Creating init config 
47866      DEBUG main            d.u.i.k.p.i.AbstractProblemLoader Init config took 2.47s 
47885      INFO  main            d.u.i.k.p.i.AbstractProblemLoader Replaying proof check_jmod.key.proof 
47917      DEBUG main            d.u.i.k.p.i.IntermediateProofReplayer Proof replay took 25.47ms 
47921      DEBUG main            d.u.i.k.p.r.p.TestFile    ... success: reloaded. 
47922      INFO  main            d.u.i.k.p.r.p.TestFile    Now processing file /home/runner/work/key/key/key.core/../key.ui/examples/standard_key/arith/complexExpressions.key 
47923      INFO  main            d.u.i.k.p.i.AbstractProblemLoader Loading environment from /home/runner/work/key/key/key.core/../key.ui/examples/standard_key/arith/complexExpressions.key 
47923      DEBUG main            d.u.i.k.p.i.AbstractProblemLoader Environment load took 205.1ns 
47924      INFO  main            d.u.i.k.p.i.AbstractProblemLoader Creating init config 
50512      DEBUG main            d.u.i.k.p.i.AbstractProblemLoader Init config took 2.59s 
50537      INFO  main            d.u.i.k.p.i.AbstractProblemLoader Replaying proof complexExpressions.key 
50539      DEBUG main            d.u.i.k.p.i.IntermediateProofReplayer Proof replay took 6.7ns 
50746      INFO  main            d.u.i.k.p.r.p.TestFile    ... finished proof: closed. 
50916      INFO  main            d.u.i.k.p.i.AbstractProblemLoader Loading environment from /home/runner/work/key/key/key.core/../key.ui/examples/standard_key/arith/complexExpressions.key.proof 
50916      DEBUG main            d.u.i.k.p.i.AbstractProblemLoader Environment load took 122.9ns 
50917      INFO  main            d.u.i.k.p.i.AbstractProblemLoader Creating init config 
53436      DEBUG main            d.u.i.k.p.i.AbstractProblemLoader Init config took 2.52s 
53454      INFO  main            d.u.i.k.p.i.AbstractProblemLoader Replaying proof complexExpressions.key.proof 
53467      DEBUG main            d.u.i.k.p.i.IntermediateProofReplayer Proof replay took 10.26ms 
53468      DEBUG main            d.u.i.k.p.r.p.TestFile    ... success: reloaded. 
53468      INFO  main            d.u.i.k.p.r.p.TestFile    Now processing file /home/runner/work/key/key/key.core/../key.ui/examples/standard_key/arith/compound_unaryMinus.key 
53469      INFO  main            d.u.i.k.p.i.AbstractProblemLoader Loading environment from /home/runner/work/key/key/key.core/../key.ui/examples/standard_key/arith/compound_unaryMinus.key 
53469      DEBUG main            d.u.i.k.p.i.AbstractProblemLoader Environment load took 201.4ns 
53470      INFO  main            d.u.i.k.p.i.AbstractProblemLoader Creating init config 
56040      DEBUG main            d.u.i.k.p.i.AbstractProblemLoader Init config took 2.57s 
56057      INFO  main            d.u.i.k.p.i.AbstractProblemLoader Replaying proof compound_unaryMinus.key 
56058      DEBUG main            d.u.i.k.p.i.IntermediateProofReplayer Proof replay took 5.8ns 
56164      INFO  main            d.u.i.k.p.r.p.TestFile    ... finished proof: closed. 
56320      INFO  main            d.u.i.k.p.i.AbstractProblemLoader Loading environment from /home/runner/work/key/key/key.core/../key.ui/examples/standard_key/arith/compound_unaryMinus.key.proof 
56320      DEBUG main            d.u.i.k.p.i.AbstractProblemLoader Environment load took 123.3ns 
56321      INFO  main            d.u.i.k.p.i.AbstractProblemLoader Creating init config 
58813      DEBUG main            d.u.i.k.p.i.AbstractProblemLoader Init config took 2.49s 
58830      INFO  main            d.u.i.k.p.i.AbstractProblemLoader Replaying proof compound_unaryMinus.key.proof 
58836      DEBUG main            d.u.i.k.p.i.IntermediateProofReplayer Proof replay took 3.48ms 
58836      DEBUG main            d.u.i.k.p.r.p.TestFile    ... success: reloaded. 
58838      INFO  main            d.u.i.k.p.r.p.TestFile    Now processing file /home/runner/work/key/key/key.core/../key.ui/examples/standard_key/arith/computation.key 
58838      INFO  main            d.u.i.k.p.i.AbstractProblemLoader Loading environment from /home/runner/work/key/key/key.core/../key.ui/examples/standard_key/arith/computation.key 
58838      DEBUG main            d.u.i.k.p.i.AbstractProblemLoader Environment load took 106.1ns 
58839      INFO  main            d.u.i.k.p.i.AbstractProblemLoader Creating init config 
61362      DEBUG main            d.u.i.k.p.i.AbstractProblemLoader Init config took 2.52s 
61379      INFO  main            d.u.i.k.p.i.AbstractProblemLoader Replaying proof computation.key 
61381      DEBUG main            d.u.i.k.p.i.IntermediateProofReplayer Proof replay took 5.6ns 
62922      INFO  main            d.u.i.k.p.r.p.TestFile    ... finished proof: closed. 
63157      INFO  main            d.u.i.k.p.i.AbstractProblemLoader Loading environment from /home/runner/work/key/key/key.core/../key.ui/examples/standard_key/arith/computation.key.proof 
63157      DEBUG main            d.u.i.k.p.i.AbstractProblemLoader Environment load took 461.8ns 
63159      INFO  main            d.u.i.k.p.i.AbstractProblemLoader Creating init config 
65639      DEBUG main            d.u.i.k.p.i.AbstractProblemLoader Init config took 2.48s 
65657      INFO  main            d.u.i.k.p.i.AbstractProblemLoader Replaying proof computation.key.proof 
65723      DEBUG main            d.u.i.k.p.i.IntermediateProofReplayer Proof replay took 60.73ms 
65724      DEBUG main            d.u.i.k.p.r.p.TestFile    ... success: reloaded. 
65725      INFO  main            d.u.i.k.p.r.p.TestFile    Now processing file /home/runner/work/key/key/key.core/../key.ui/examples/standard_key/arith/cubicSum.key 
65725      INFO  main            d.u.i.k.p.i.AbstractProblemLoader Loading environment from /home/runner/work/key/key/key.core/../key.ui/examples/standard_key/arith/cubicSum.key 
65726      DEBUG main            d.u.i.k.p.i.AbstractProblemLoader Environment load took 226.3ns 
65727      INFO  main            d.u.i.k.p.i.AbstractProblemLoader Creating init config 
68320      DEBUG main            d.u.i.k.p.i.AbstractProblemLoader Init config took 2.59s 
68337      INFO  main            d.u.i.k.p.i.AbstractProblemLoader Replaying proof cubicSum.key 
68339      DEBUG main            d.u.i.k.p.i.IntermediateProofReplayer Proof replay took 5.6ns 
69254      INFO  main            d.u.i.k.p.r.p.TestFile    ... finished proof: closed. 
69503      INFO  main            d.u.i.k.p.i.AbstractProblemLoader Loading environment from /home/runner/work/key/key/key.core/../key.ui/examples/standard_key/arith/cubicSum.key.proof 
69504      DEBUG main            d.u.i.k.p.i.AbstractProblemLoader Environment load took 1.41ms 
69506      INFO  main            d.u.i.k.p.i.AbstractProblemLoader Creating init config 
72079      DEBUG main            d.u.i.k.p.i.AbstractProblemLoader Init config took 2.57s 
72097      INFO  main            d.u.i.k.p.i.AbstractProblemLoader Replaying proof cubicSum.key.proof 
72178      DEBUG main            d.u.i.k.p.i.IntermediateProofReplayer Proof replay took 65.61ms 
72180      DEBUG main            d.u.i.k.p.r.p.TestFile    ... success: reloaded. 
72181      INFO  main            d.u.i.k.p.r.p.TestFile    Now processing file /home/runner/work/key/key/key.core/../key.ui/examples/standard_key/arith/divByZero.key 
72181      INFO  main            d.u.i.k.p.i.AbstractProblemLoader Loading environment from /home/runner/work/key/key/key.core/../key.ui/examples/standard_key/arith/divByZero.key 
72181      DEBUG main            d.u.i.k.p.i.AbstractProblemLoader Environment load took 215.6ns 
72182      INFO  main            d.u.i.k.p.i.AbstractProblemLoader Creating init config 
74718      DEBUG main            d.u.i.k.p.i.AbstractProblemLoader Init config took 2.54s 
74734      INFO  main            d.u.i.k.p.i.AbstractProblemLoader Replaying proof divByZero.key 
74736      DEBUG main            d.u.i.k.p.i.IntermediateProofReplayer Proof replay took 6.2ns 
74938      INFO  main            d.u.i.k.p.r.p.TestFile    ... finished proof: closed. 
75181      INFO  main            d.u.i.k.p.i.AbstractProblemLoader Loading environment from /home/runner/work/key/key/key.core/../key.ui/examples/standard_key/arith/divByZero.key.proof 
75181      DEBUG main            d.u.i.k.p.i.AbstractProblemLoader Environment load took 131.5ns 
75183      INFO  main            d.u.i.k.p.i.AbstractProblemLoader Creating init config 
77652      DEBUG main            d.u.i.k.p.i.AbstractProblemLoader Init config took 2.47s 
77667      INFO  main            d.u.i.k.p.i.AbstractProblemLoader Replaying proof divByZero.key.proof 
77700      DEBUG main            d.u.i.k.p.i.IntermediateProofReplayer Proof replay took 30.76ms 
77701      DEBUG main            d.u.i.k.p.r.p.TestFile    ... success: reloaded. 
77702      INFO  main            d.u.i.k.p.r.p.TestFile    Now processing file /home/runner/work/key/key/key.core/../key.ui/examples/standard_key/arith/divisionAssoc.key 
77702      INFO  main            d.u.i.k.p.i.AbstractProblemLoader Loading environment from /home/runner/work/key/key/key.core/../key.ui/examples/standard_key/arith/divisionAssoc.key 
77703      DEBUG main            d.u.i.k.p.i.AbstractProblemLoader Environment load took 100ns 
77704      INFO  main            d.u.i.k.p.i.AbstractProblemLoader Creating init config 
80239      DEBUG main            d.u.i.k.p.i.AbstractProblemLoader Init config took 2.54s 
80256      INFO  main            d.u.i.k.p.i.AbstractProblemLoader Replaying proof divisionAssoc.key 
80258      DEBUG main            d.u.i.k.p.i.IntermediateProofReplayer Proof replay took 8.2ns 
80961      INFO  main            d.u.i.k.p.r.p.TestFile    ... finished proof: closed. 
81260      INFO  main            d.u.i.k.p.i.AbstractProblemLoader Loading environment from /home/runner/work/key/key/key.core/../key.ui/examples/standard_key/arith/divisionAssoc.key.proof 
81260      DEBUG main            d.u.i.k.p.i.AbstractProblemLoader Environment load took 474.3ns 
81262      INFO  main            d.u.i.k.p.i.AbstractProblemLoader Creating init config 
83733      DEBUG main            d.u.i.k.p.i.AbstractProblemLoader Init config took 2.47s 
83747      INFO  main            d.u.i.k.p.i.AbstractProblemLoader Replaying proof divisionAssoc.key.proof 
83779      DEBUG main            d.u.i.k.p.i.IntermediateProofReplayer Proof replay took 27.31ms 
83780      DEBUG main            d.u.i.k.p.r.p.TestFile    ... success: reloaded. 
83781      INFO  main            d.u.i.k.p.r.p.TestFile    Now processing file /home/runner/work/key/key/key.core/../key.ui/examples/standard_key/arith/divisionBy2.key 
83781      INFO  main            d.u.i.k.p.i.AbstractProblemLoader Loading environment from /home/runner/work/key/key/key.core/../key.ui/examples/standard_key/arith/divisionBy2.key 
83781      DEBUG main            d.u.i.k.p.i.AbstractProblemLoader Environment load took 97.5ns 
83782      INFO  main            d.u.i.k.p.i.AbstractProblemLoader Creating init config 
86313      DEBUG main            d.u.i.k.p.i.AbstractProblemLoader Init config took 2.53s 
86329      INFO  main            d.u.i.k.p.i.AbstractProblemLoader Replaying proof divisionBy2.key 
86331      DEBUG main            d.u.i.k.p.i.IntermediateProofReplayer Proof replay took 6.4ns 
86433      INFO  main            d.u.i.k.p.r.p.TestFile    ... finished proof: closed. 
86639      INFO  main            d.u.i.k.p.i.AbstractProblemLoader Loading environment from /home/runner/work/key/key/key.core/../key.ui/examples/standard_key/arith/divisionBy2.key.proof 
86639      DEBUG main            d.u.i.k.p.i.AbstractProblemLoader Environment load took 130.4ns 
86640      INFO  main            d.u.i.k.p.i.AbstractProblemLoader Creating init config 
89091      DEBUG main            d.u.i.k.p.i.AbstractProblemLoader Init config took 2.45s 
89105      INFO  main            d.u.i.k.p.i.AbstractProblemLoader Replaying proof divisionBy2.key.proof 
89111      DEBUG main            d.u.i.k.p.i.IntermediateProofReplayer Proof replay took 4.28ms 
89112      DEBUG main            d.u.i.k.p.r.p.TestFile    ... success: reloaded. 
89113      INFO  main            d.u.i.k.p.r.p.TestFile    Now processing file /home/runner/work/key/key/key.core/../key.ui/examples/standard_key/arith/euclidean/gcdHelp-post.key 
89113      INFO  main            d.u.i.k.p.i.AbstractProblemLoader Loading environment from /home/runner/work/key/key/key.core/../key.ui/examples/standard_key/arith/euclidean/gcdHelp-post.key 
89113      DEBUG main            d.u.i.k.p.i.AbstractProblemLoader Environment load took 203.8ns 
89114      INFO  main            d.u.i.k.p.i.AbstractProblemLoader Creating init config 
91782      DEBUG main            d.u.i.k.p.i.AbstractProblemLoader Init config took 2.67s 
91798      INFO  main            d.u.i.k.p.i.AbstractProblemLoader Replaying proof gcdHelp-post.key 
91800      DEBUG main            d.u.i.k.p.i.IntermediateProofReplayer Proof replay took 6.2ns 
94944      INFO  main            d.u.i.k.p.r.p.TestFile    ... finished proof: closed. 
95201      INFO  main            d.u.i.k.p.i.AbstractProblemLoader Loading environment from /home/runner/work/key/key/key.core/../key.ui/examples/standard_key/arith/euclidean/gcdHelp-post.key.proof 
95201      DEBUG main            d.u.i.k.p.i.AbstractProblemLoader Environment load took 441.6ns 
95203      INFO  main            d.u.i.k.p.i.AbstractProblemLoader Creating init config 
97778      DEBUG main            d.u.i.k.p.i.AbstractProblemLoader Init config took 2.58s 
97794      INFO  main            d.u.i.k.p.i.AbstractProblemLoader Replaying proof gcdHelp-post.key.proof 
97972      DEBUG main            d.u.i.k.p.i.IntermediateProofReplayer Proof replay took 167.86ms 
97974      DEBUG main            d.u.i.k.p.r.p.TestFile    ... success: reloaded. 
97976      INFO  main            d.u.i.k.p.r.p.TestFile    Now processing file /home/runner/work/key/key/key.core/../key.ui/examples/standard_key/arith/gemplusDecimal/add.key 
97977      INFO  main            d.u.i.k.p.i.AbstractProblemLoader Loading environment from /home/runner/work/key/key/key.core/../key.ui/examples/standard_key/arith/gemplusDecimal/add.key 
97977      DEBUG main            d.u.i.k.p.i.AbstractProblemLoader Environment load took 104.91ns 
97979      INFO  main            d.u.i.k.p.i.AbstractProblemLoader Creating init config 
100564     DEBUG main            d.u.i.k.p.i.AbstractProblemLoader Init config took 2.59s 
100582     INFO  main            d.u.i.k.p.i.AbstractProblemLoader Replaying proof add.key 
100584     DEBUG main            d.u.i.k.p.i.IntermediateProofReplayer Proof replay took 5.7ns 
142048     INFO  main            d.u.i.k.p.r.p.TestFile    ... finished proof: closed. 
142423     INFO  main            d.u.i.k.p.i.AbstractProblemLoader Loading environment from /home/runner/work/key/key/key.core/../key.ui/examples/standard_key/arith/gemplusDecimal/add.key.proof 
142424     DEBUG main            d.u.i.k.p.i.AbstractProblemLoader Environment load took 444.3ns 
142432     INFO  main            d.u.i.k.p.i.AbstractProblemLoader Creating init config 
144961     DEBUG main            d.u.i.k.p.i.AbstractProblemLoader Init config took 2.53s 
144977     INFO  main            d.u.i.k.p.i.AbstractProblemLoader Replaying proof add.key.proof 
146978     DEBUG main            d.u.i.k.p.i.IntermediateProofReplayer Proof replay took 1.89s 
146986     DEBUG main            d.u.i.k.p.r.p.TestFile    ... success: reloaded. 
146987     INFO  main            d.u.i.k.p.r.p.TestFile    Now processing file /home/runner/work/key/key/key.core/../key.ui/examples/standard_key/arith/jdivevenodd.key 
146987     INFO  main            d.u.i.k.p.i.AbstractProblemLoader Loading environment from /home/runner/work/key/key/key.core/../key.ui/examples/standard_key/arith/jdivevenodd.key 
146987     DEBUG main            d.u.i.k.p.i.AbstractProblemLoader Environment load took 89.3ns 
146988     INFO  main            d.u.i.k.p.i.AbstractProblemLoader Creating init config 
149576     DEBUG main            d.u.i.k.p.i.AbstractProblemLoader Init config took 2.59s 
149589     INFO  main            d.u.i.k.p.i.AbstractProblemLoader Replaying proof jdivevenodd.key 
149591     DEBUG main            d.u.i.k.p.i.IntermediateProofReplayer Proof replay took 6.1ns 
149794     INFO  main            d.u.i.k.p.r.p.TestFile    ... finished proof: closed. 
150144     INFO  main            d.u.i.k.p.i.AbstractProblemLoader Loading environment from /home/runner/work/key/key/key.core/../key.ui/examples/standard_key/arith/jdivevenodd.key.proof 
150144     DEBUG main            d.u.i.k.p.i.AbstractProblemLoader Environment load took 128.6ns 
150146     INFO  main            d.u.i.k.p.i.AbstractProblemLoader Creating init config 
152595     DEBUG main            d.u.i.k.p.i.AbstractProblemLoader Init config took 2.45s 
152609     INFO  main            d.u.i.k.p.i.AbstractProblemLoader Replaying proof jdivevenodd.key.proof 
152624     DEBUG main            d.u.i.k.p.i.IntermediateProofReplayer Proof replay took 12.25ms 
152626     DEBUG main            d.u.i.k.p.r.p.TestFile    ... success: reloaded. 
152628     INFO  main            d.u.i.k.p.r.p.TestFile    Now processing file /home/runner/work/key/key/key.core/../key.ui/examples/standard_key/arith/median.key 
152628     INFO  main            d.u.i.k.p.i.AbstractProblemLoader Loading environment from /home/runner/work/key/key/key.core/../key.ui/examples/standard_key/arith/median.key 
152628     DEBUG main            d.u.i.k.p.i.AbstractProblemLoader Environment load took 199.2ns 
152630     INFO  main            d.u.i.k.p.i.AbstractProblemLoader Creating init config 
155091     DEBUG main            d.u.i.k.p.i.AbstractProblemLoader Init config took 2.46s 
155106     INFO  main            d.u.i.k.p.i.AbstractProblemLoader Replaying proof median.key 
155107     DEBUG main            d.u.i.k.p.i.IntermediateProofReplayer Proof replay took 5.3ns 
169673     INFO  main            d.u.i.k.p.r.p.TestFile    ... finished proof: closed. 
169992     INFO  main            d.u.i.k.p.i.AbstractProblemLoader Loading environment from /home/runner/work/key/key/key.core/../key.ui/examples/standard_key/arith/median.key.proof 
169996     DEBUG main            d.u.i.k.p.i.AbstractProblemLoader Environment load took 4.88ms 
170000     INFO  main            d.u.i.k.p.i.AbstractProblemLoader Creating init config 
172440     DEBUG main            d.u.i.k.p.i.AbstractProblemLoader Init config took 2.44s 
172455     INFO  main            d.u.i.k.p.i.AbstractProblemLoader Replaying proof median.key.proof 
173014     DEBUG main            d.u.i.k.p.i.IntermediateProofReplayer Proof replay took 511.43ms 
173018     DEBUG main            d.u.i.k.p.r.p.TestFile    ... success: reloaded. 
173019     INFO  main            d.u.i.k.p.r.p.TestFile    Now processing file /home/runner/work/key/key/key.core/../key.ui/examples/standard_key/arith/mod1.key 
173019     INFO  main            d.u.i.k.p.i.AbstractProblemLoader Loading environment from /home/runner/work/key/key/key.core/../key.ui/examples/standard_key/arith/mod1.key 
173019     DEBUG main            d.u.i.k.p.i.AbstractProblemLoader Environment load took 92.2ns 
173020     INFO  main            d.u.i.k.p.i.AbstractProblemLoader Creating init config 
175497     DEBUG main            d.u.i.k.p.i.AbstractProblemLoader Init config took 2.48s 
175510     INFO  main            d.u.i.k.p.i.AbstractProblemLoader Replaying proof mod1.key 
175512     DEBUG main            d.u.i.k.p.i.IntermediateProofReplayer Proof replay took 6.5ns 
175614     INFO  main            d.u.i.k.p.r.p.TestFile    ... finished proof: closed. 
175916     INFO  main            d.u.i.k.p.i.AbstractProblemLoader Loading environment from /home/runner/work/key/key/key.core/../key.ui/examples/standard_key/arith/mod1.key.proof 
175917     DEBUG main            d.u.i.k.p.i.AbstractProblemLoader Environment load took 102.3ns 
175918     INFO  main            d.u.i.k.p.i.AbstractProblemLoader Creating init config 
178353     DEBUG main            d.u.i.k.p.i.AbstractProblemLoader Init config took 2.44s 
178366     INFO  main            d.u.i.k.p.i.AbstractProblemLoader Replaying proof mod1.key.proof 
178369     DEBUG main            d.u.i.k.p.i.IntermediateProofReplayer Proof replay took 1.43ms 
178370     DEBUG main            d.u.i.k.p.r.p.TestFile    ... success: reloaded. 
178371     INFO  main            d.u.i.k.p.r.p.TestFile    Now processing file /home/runner/work/key/key/key.core/../key.ui/examples/standard_key/arith/mod2.key 
178371     INFO  main            d.u.i.k.p.i.AbstractProblemLoader Loading environment from /home/runner/work/key/key/key.core/../key.ui/examples/standard_key/arith/mod2.key 
178371     DEBUG main            d.u.i.k.p.i.AbstractProblemLoader Environment load took 87.4ns 
178372     INFO  main            d.u.i.k.p.i.AbstractProblemLoader Creating init config 
180810     DEBUG main            d.u.i.k.p.i.AbstractProblemLoader Init config took 2.44s 
180823     INFO  main            d.u.i.k.p.i.AbstractProblemLoader Replaying proof mod2.key 
180825     DEBUG main            d.u.i.k.p.i.IntermediateProofReplayer Proof replay took 6.3ns 
180928     INFO  main            d.u.i.k.p.r.p.TestFile    ... finished proof: closed. 
181161     INFO  main            d.u.i.k.p.i.AbstractProblemLoader Loading environment from /home/runner/work/key/key/key.core/../key.ui/examples/standard_key/arith/mod2.key.proof 
181161     DEBUG main            d.u.i.k.p.i.AbstractProblemLoader Environment load took 116.6ns 
181163     INFO  main            d.u.i.k.p.i.AbstractProblemLoader Creating init config 
183588     DEBUG main            d.u.i.k.p.i.AbstractProblemLoader Init config took 2.43s 
183601     INFO  main            d.u.i.k.p.i.AbstractProblemLoader Replaying proof mod2.key.proof 
183604     DEBUG main            d.u.i.k.p.i.IntermediateProofReplayer Proof replay took 1.07ms 
183605     DEBUG main            d.u.i.k.p.r.p.TestFile    ... success: reloaded. 
183605     INFO  main            d.u.i.k.p.r.p.TestFile    Now processing file /home/runner/work/key/key/key.core/../key.ui/examples/standard_key/arith/mod7.key 
183606     INFO  main            d.u.i.k.p.i.AbstractProblemLoader Loading environment from /home/runner/work/key/key/key.core/../key.ui/examples/standard_key/arith/mod7.key 
183606     DEBUG main            d.u.i.k.p.i.AbstractProblemLoader Environment load took 71.8ns 
183607     INFO  main            d.u.i.k.p.i.AbstractProblemLoader Creating init config 
186100     DEBUG main            d.u.i.k.p.i.AbstractProblemLoader Init config took 2.49s 
186113     INFO  main            d.u.i.k.p.i.AbstractProblemLoader Replaying proof mod7.key 
186114     DEBUG main            d.u.i.k.p.i.IntermediateProofReplayer Proof replay took 6.5ns 
186216     INFO  main            d.u.i.k.p.r.p.TestFile    ... finished proof: closed. 
186449     INFO  main            d.u.i.k.p.i.AbstractProblemLoader Loading environment from /home/runner/work/key/key/key.core/../key.ui/examples/standard_key/arith/mod7.key.proof 
186449     DEBUG main            d.u.i.k.p.i.AbstractProblemLoader Environment load took 108ns 
186450     INFO  main            d.u.i.k.p.i.AbstractProblemLoader Creating init config 
188874     DEBUG main            d.u.i.k.p.i.AbstractProblemLoader Init config took 2.42s 
188887     INFO  main            d.u.i.k.p.i.AbstractProblemLoader Replaying proof mod7.key.proof 
188892     DEBUG main            d.u.i.k.p.i.IntermediateProofReplayer Proof replay took 3.01ms 
188893     DEBUG main            d.u.i.k.p.r.p.TestFile    ... success: reloaded. 
188893     INFO  main            d.u.i.k.p.r.p.TestFile    Now processing file /home/runner/work/key/key/key.core/../key.ui/examples/standard_key/arith/overflow_hija.key 
188893     INFO  main            d.u.i.k.p.i.AbstractProblemLoader Loading environment from /home/runner/work/key/key/key.core/../key.ui/examples/standard_key/arith/overflow_hija.key 
188893     DEBUG main            d.u.i.k.p.i.AbstractProblemLoader Environment load took 53.6ns 
188895     INFO  main            d.u.i.k.p.i.AbstractProblemLoader Creating init config 
191399     DEBUG main            d.u.i.k.p.i.AbstractProblemLoader Init config took 2.5s 
191416     INFO  main            d.u.i.k.p.i.AbstractProblemLoader Replaying proof overflow_hija.key 
191417     DEBUG main            d.u.i.k.p.i.IntermediateProofReplayer Proof replay took 6.6ns 
196020     INFO  main            d.u.i.k.p.r.p.TestFile    ... finished proof: closed. 
196305     INFO  main            d.u.i.k.p.i.AbstractProblemLoader Loading environment from /home/runner/work/key/key/key.core/../key.ui/examples/standard_key/arith/overflow_hija.key.proof 
196305     DEBUG main            d.u.i.k.p.i.AbstractProblemLoader Environment load took 198ns 
196308     INFO  main            d.u.i.k.p.i.AbstractProblemLoader Creating init config 
198738     DEBUG main            d.u.i.k.p.i.AbstractProblemLoader Init config took 2.43s 
198756     INFO  main            d.u.i.k.p.i.AbstractProblemLoader Replaying proof overflow_hija.key.proof 
198903     DEBUG main            d.u.i.k.p.i.IntermediateProofReplayer Proof replay took 136.96ms 
198905     DEBUG main            d.u.i.k.p.r.p.TestFile    ... success: reloaded. 
198906     INFO  main            d.u.i.k.p.r.p.TestFile    Now processing file /home/runner/work/key/key/key.core/../key.ui/examples/standard_key/arith/poly_division0.key 
198907     INFO  main            d.u.i.k.p.i.AbstractProblemLoader Loading environment from /home/runner/work/key/key/key.core/../key.ui/examples/standard_key/arith/poly_division0.key 
198907     DEBUG main            d.u.i.k.p.i.AbstractProblemLoader Environment load took 105ns 
198908     INFO  main            d.u.i.k.p.i.AbstractProblemLoader Creating init config 
201395     DEBUG main            d.u.i.k.p.i.AbstractProblemLoader Init config took 2.49s 
201408     INFO  main            d.u.i.k.p.i.AbstractProblemLoader Replaying proof poly_division0.key 
201410     DEBUG main            d.u.i.k.p.i.IntermediateProofReplayer Proof replay took 6.8ns 
201516     INFO  main            d.u.i.k.p.r.p.TestFile    ... finished proof: closed. 
201807     INFO  main            d.u.i.k.p.i.AbstractProblemLoader Loading environment from /home/runner/work/key/key/key.core/../key.ui/examples/standard_key/arith/poly_division0.key.proof 
201807     DEBUG main            d.u.i.k.p.i.AbstractProblemLoader Environment load took 104.5ns 
201808     INFO  main            d.u.i.k.p.i.AbstractProblemLoader Creating init config 
204227     DEBUG main            d.u.i.k.p.i.AbstractProblemLoader Init config took 2.42s 
204243     INFO  main            d.u.i.k.p.i.AbstractProblemLoader Replaying proof poly_division0.key.proof 
204248     DEBUG main            d.u.i.k.p.i.IntermediateProofReplayer Proof replay took 3.45ms 
204249     DEBUG main            d.u.i.k.p.r.p.TestFile    ... success: reloaded. 
204250     INFO  main            d.u.i.k.p.r.p.TestFile    Now processing file /home/runner/work/key/key/key.core/../key.ui/examples/standard_key/arith/poly_division1.key 
204250     INFO  main            d.u.i.k.p.i.AbstractProblemLoader Loading environment from /home/runner/work/key/key/key.core/../key.ui/examples/standard_key/arith/poly_division1.key 
204250     DEBUG main            d.u.i.k.p.i.AbstractProblemLoader Environment load took 72.8ns 
204251     INFO  main            d.u.i.k.p.i.AbstractProblemLoader Creating init config 
206715     DEBUG main            d.u.i.k.p.i.AbstractProblemLoader Init config took 2.46s 
206728     INFO  main            d.u.i.k.p.i.AbstractProblemLoader Replaying proof poly_division1.key 
206729     DEBUG main            d.u.i.k.p.i.IntermediateProofReplayer Proof replay took 7.2ns 
206831     INFO  main            d.u.i.k.p.r.p.TestFile    ... finished proof: closed. 
207087     INFO  main            d.u.i.k.p.i.AbstractProblemLoader Loading environment from /home/runner/work/key/key/key.core/../key.ui/examples/standard_key/arith/poly_division1.key.proof 
207087     DEBUG main            d.u.i.k.p.i.AbstractProblemLoader Environment load took 105.8ns 
207088     INFO  main            d.u.i.k.p.i.AbstractProblemLoader Creating init config 
209514     DEBUG main            d.u.i.k.p.i.AbstractProblemLoader Init config took 2.43s 
209527     INFO  main            d.u.i.k.p.i.AbstractProblemLoader Replaying proof poly_division1.key.proof 
209531     DEBUG main            d.u.i.k.p.i.IntermediateProofReplayer Proof replay took 2.99ms 
209532     DEBUG main            d.u.i.k.p.r.p.TestFile    ... success: reloaded. 
209532     INFO  main            d.u.i.k.p.r.p.TestFile    Now processing file /home/runner/work/key/key/key.core/../key.ui/examples/standard_key/inEqSimp/division.key 
209533     INFO  main            d.u.i.k.p.i.AbstractProblemLoader Loading environment from /home/runner/work/key/key/key.core/../key.ui/examples/standard_key/inEqSimp/division.key 
209533     DEBUG main            d.u.i.k.p.i.AbstractProblemLoader Environment load took 76ns 
209534     INFO  main            d.u.i.k.p.i.AbstractProblemLoader Creating init config 
212001     DEBUG main            d.u.i.k.p.i.AbstractProblemLoader Init config took 2.47s 
212014     INFO  main            d.u.i.k.p.i.AbstractProblemLoader Replaying proof division.key 
212015     DEBUG main            d.u.i.k.p.i.IntermediateProofReplayer Proof replay took 7ns 
214029     INFO  main            d.u.i.k.p.r.p.TestFile    ... finished proof: closed. 
214305     INFO  main            d.u.i.k.p.i.AbstractProblemLoader Loading environment from /home/runner/work/key/key/key.core/../key.ui/examples/standard_key/inEqSimp/division.key.proof 
214306     DEBUG main            d.u.i.k.p.i.AbstractProblemLoader Environment load took 110.8ns 
214312     INFO  main            d.u.i.k.p.i.AbstractProblemLoader Creating init config 
216720     DEBUG main            d.u.i.k.p.i.AbstractProblemLoader Init config took 2.41s 
216733     INFO  main            d.u.i.k.p.i.AbstractProblemLoader Replaying proof division.key.proof 
216807     DEBUG main            d.u.i.k.p.i.IntermediateProofReplayer Proof replay took 66.63ms 
216809     DEBUG main            d.u.i.k.p.r.p.TestFile    ... success: reloaded. 
216810     INFO  main            d.u.i.k.p.r.p.TestFile    Now processing file /home/runner/work/key/key/key.core/../key.ui/examples/standard_key/inEqSimp/inequations0.key 
216810     INFO  main            d.u.i.k.p.i.AbstractProblemLoader Loading environment from /home/runner/work/key/key/key.core/../key.ui/examples/standard_key/inEqSimp/inequations0.key 
216810     DEBUG main            d.u.i.k.p.i.AbstractProblemLoader Environment load took 190.2ns 
216811     INFO  main            d.u.i.k.p.i.AbstractProblemLoader Creating init config 
219276     DEBUG main            d.u.i.k.p.i.AbstractProblemLoader Init config took 2.46s 
219289     INFO  main            d.u.i.k.p.i.AbstractProblemLoader Replaying proof inequations0.key 
219290     DEBUG main            d.u.i.k.p.i.IntermediateProofReplayer Proof replay took 43.3ns 
219392     INFO  main            d.u.i.k.p.r.p.TestFile    ... finished proof: closed. 
219687     INFO  main            d.u.i.k.p.i.AbstractProblemLoader Loading environment from /home/runner/work/key/key/key.core/../key.ui/examples/standard_key/inEqSimp/inequations0.key.proof 
219687     DEBUG main            d.u.i.k.p.i.AbstractProblemLoader Environment load took 101.6ns 
219688     INFO  main            d.u.i.k.p.i.AbstractProblemLoader Creating init config 
222089     DEBUG main            d.u.i.k.p.i.AbstractProblemLoader Init config took 2.4s 
222103     INFO  main            d.u.i.k.p.i.AbstractProblemLoader Replaying proof inequations0.key.proof 
222107     DEBUG main            d.u.i.k.p.i.IntermediateProofReplayer Proof replay took 1.62ms 
222108     DEBUG main            d.u.i.k.p.r.p.TestFile    ... success: reloaded. 
222109     INFO  main            d.u.i.k.p.r.p.TestFile    Now processing file /home/runner/work/key/key/key.core/../key.ui/examples/standard_key/inEqSimp/inequations1.key 
222114     INFO  main            d.u.i.k.p.i.AbstractProblemLoader Loading environment from /home/runner/work/key/key/key.core/../key.ui/examples/standard_key/inEqSimp/inequations1.key 
222114     DEBUG main            d.u.i.k.p.i.AbstractProblemLoader Environment load took 773ns 
222116     INFO  main            d.u.i.k.p.i.AbstractProblemLoader Creating init config 
224562     DEBUG main            d.u.i.k.p.i.AbstractProblemLoader Init config took 2.45s 
224579     INFO  main            d.u.i.k.p.i.AbstractProblemLoader Replaying proof inequations1.key 
224581     DEBUG main            d.u.i.k.p.i.IntermediateProofReplayer Proof replay took 3.3ns 
224683     INFO  main            d.u.i.k.p.r.p.TestFile    ... finished proof: closed. 
224950     INFO  main            d.u.i.k.p.i.AbstractProblemLoader Loading environment from /home/runner/work/key/key/key.core/../key.ui/examples/standard_key/inEqSimp/inequations1.key.proof 
224950     DEBUG main            d.u.i.k.p.i.AbstractProblemLoader Environment load took 95.3ns 
224951     INFO  main            d.u.i.k.p.i.AbstractProblemLoader Creating init config 
227361     DEBUG main            d.u.i.k.p.i.AbstractProblemLoader Init config took 2.41s 
227375     INFO  main            d.u.i.k.p.i.AbstractProblemLoader Replaying proof inequations1.key.proof 
227377     DEBUG main            d.u.i.k.p.i.IntermediateProofReplayer Proof replay took 930.21ns 
227378     DEBUG main            d.u.i.k.p.r.p.TestFile    ... success: reloaded. 
227378     INFO  main            d.u.i.k.p.r.p.TestFile    Now processing file /home/runner/work/key/key/key.core/../key.ui/examples/standard_key/inEqSimp/inequations2.key 
227378     INFO  main            d.u.i.k.p.i.AbstractProblemLoader Loading environment from /home/runner/work/key/key/key.core/../key.ui/examples/standard_key/inEqSimp/inequations2.key 
227378     DEBUG main            d.u.i.k.p.i.AbstractProblemLoader Environment load took 47.1ns 
227379     INFO  main            d.u.i.k.p.i.AbstractProblemLoader Creating init config 
229833     DEBUG main            d.u.i.k.p.i.AbstractProblemLoader Init config took 2.45s 
229846     INFO  main            d.u.i.k.p.i.AbstractProblemLoader Replaying proof inequations2.key 
229847     DEBUG main            d.u.i.k.p.i.IntermediateProofReplayer Proof replay took 2.7ns 
229949     INFO  main            d.u.i.k.p.r.p.TestFile    ... finished proof: closed. 
230221     INFO  main            d.u.i.k.p.i.AbstractProblemLoader Loading environment from /home/runner/work/key/key/key.core/../key.ui/examples/standard_key/inEqSimp/inequations2.key.proof 
230222     DEBUG main            d.u.i.k.p.i.AbstractProblemLoader Environment load took 83.5ns 
230223     INFO  main            d.u.i.k.p.i.AbstractProblemLoader Creating init config 
232728     DEBUG main            d.u.i.k.p.i.AbstractProblemLoader Init config took 2.5s 
232742     INFO  main            d.u.i.k.p.i.AbstractProblemLoader Replaying proof inequations2.key.proof 
232744     DEBUG main            d.u.i.k.p.i.IntermediateProofReplayer Proof replay took 1.18ms 
232745     DEBUG main            d.u.i.k.p.r.p.TestFile    ... success: reloaded. 
232746     INFO  main            d.u.i.k.p.r.p.TestFile    Now processing file /home/runner/work/key/key/key.core/../key.ui/examples/standard_key/inEqSimp/linApprox.key 
232746     INFO  main            d.u.i.k.p.i.AbstractProblemLoader Loading environment from /home/runner/work/key/key/key.core/../key.ui/examples/standard_key/inEqSimp/linApprox.key 
232746     DEBUG main            d.u.i.k.p.i.AbstractProblemLoader Environment load took 83.6ns 
232747     INFO  main            d.u.i.k.p.i.AbstractProblemLoader Creating init config 
235205     DEBUG main            d.u.i.k.p.i.AbstractProblemLoader Init config took 2.46s 
235218     INFO  main            d.u.i.k.p.i.AbstractProblemLoader Replaying proof linApprox.key 
235219     DEBUG main            d.u.i.k.p.i.IntermediateProofReplayer Proof replay took 3ns 
235323     INFO  main            d.u.i.k.p.r.p.TestFile    ... finished proof: closed. 
235597     INFO  main            d.u.i.k.p.i.AbstractProblemLoader Loading environment from /home/runner/work/key/key/key.core/../key.ui/examples/standard_key/inEqSimp/linApprox.key.proof 
235597     DEBUG main            d.u.i.k.p.i.AbstractProblemLoader Environment load took 97.2ns 
235598     INFO  main            d.u.i.k.p.i.AbstractProblemLoader Creating init config 
238004     DEBUG main            d.u.i.k.p.i.AbstractProblemLoader Init config took 2.41s 
238017     INFO  main            d.u.i.k.p.i.AbstractProblemLoader Replaying proof linApprox.key.proof 
238020     DEBUG main            d.u.i.k.p.i.IntermediateProofReplayer Proof replay took 1.36ms 
238021     DEBUG main            d.u.i.k.p.r.p.TestFile    ... success: reloaded. 
238022     INFO  main            d.u.i.k.p.r.p.TestFile    Now processing file /home/runner/work/key/key/key.core/../key.ui/examples/standard_key/inEqSimp/nonLinInEqExample0.key 
238022     INFO  main            d.u.i.k.p.i.AbstractProblemLoader Loading environment from /home/runner/work/key/key/key.core/../key.ui/examples/standard_key/inEqSimp/nonLinInEqExample0.key 
238022     DEBUG main            d.u.i.k.p.i.AbstractProblemLoader Environment load took 72.5ns 
238023     INFO  main            d.u.i.k.p.i.AbstractProblemLoader Creating init config 
240464     DEBUG main            d.u.i.k.p.i.AbstractProblemLoader Init config took 2.44s 
240477     INFO  main            d.u.i.k.p.i.AbstractProblemLoader Replaying proof nonLinInEqExample0.key 
240479     DEBUG main            d.u.i.k.p.i.IntermediateProofReplayer Proof replay took 2.5ns 
240580     INFO  main            d.u.i.k.p.r.p.TestFile    ... finished proof: closed. 
240863     INFO  main            d.u.i.k.p.i.AbstractProblemLoader Loading environment from /home/runner/work/key/key/key.core/../key.ui/examples/standard_key/inEqSimp/nonLinInEqExample0.key.proof 
240864     DEBUG main            d.u.i.k.p.i.AbstractProblemLoader Environment load took 83.8ns 
240864     INFO  main            d.u.i.k.p.i.AbstractProblemLoader Creating init config 
243283     DEBUG main            d.u.i.k.p.i.AbstractProblemLoader Init config took 2.42s 
243296     INFO  main            d.u.i.k.p.i.AbstractProblemLoader Replaying proof nonLinInEqExample0.key.proof 
243298     DEBUG main            d.u.i.k.p.i.IntermediateProofReplayer Proof replay took 541.9ns 
243299     DEBUG main            d.u.i.k.p.r.p.TestFile    ... success: reloaded. 
243300     INFO  main            d.u.i.k.p.r.p.TestFile    Now processing file /home/runner/work/key/key/key.core/../key.ui/examples/standard_key/inEqSimp/nonLinInEqExample2.key 
243300     INFO  main            d.u.i.k.p.i.AbstractProblemLoader Loading environment from /home/runner/work/key/key/key.core/../key.ui/examples/standard_key/inEqSimp/nonLinInEqExample2.key 
243300     DEBUG main            d.u.i.k.p.i.AbstractProblemLoader Environment load took 45.4ns 
243301     INFO  main            d.u.i.k.p.i.AbstractProblemLoader Creating init config 
245755     DEBUG main            d.u.i.k.p.i.AbstractProblemLoader Init config took 2.45s 
245768     INFO  main            d.u.i.k.p.i.AbstractProblemLoader Replaying proof nonLinInEqExample2.key 
245769     DEBUG main            d.u.i.k.p.i.IntermediateProofReplayer Proof replay took 2.8ns 
246073     INFO  main            d.u.i.k.p.r.p.TestFile    ... finished proof: closed. 
246369     INFO  main            d.u.i.k.p.i.AbstractProblemLoader Loading environment from /home/runner/work/key/key/key.core/../key.ui/examples/standard_key/inEqSimp/nonLinInEqExample2.key.proof 
246369     DEBUG main            d.u.i.k.p.i.AbstractProblemLoader Environment load took 80.8ns 
246370     INFO  main            d.u.i.k.p.i.AbstractProblemLoader Creating init config 
248769     DEBUG main            d.u.i.k.p.i.AbstractProblemLoader Init config took 2.4s 
248783     INFO  main            d.u.i.k.p.i.AbstractProblemLoader Replaying proof nonLinInEqExample2.key.proof 
248805     DEBUG main            d.u.i.k.p.i.IntermediateProofReplayer Proof replay took 19.05ms 
248806     DEBUG main            d.u.i.k.p.r.p.TestFile    ... success: reloaded. 
248807     INFO  main            d.u.i.k.p.r.p.TestFile    Now processing file /home/runner/work/key/key/key.core/../key.ui/examples/standard_key/inEqSimp/nonLinInEqExample3.key 
248807     INFO  main            d.u.i.k.p.i.AbstractProblemLoader Loading environment from /home/runner/work/key/key/key.core/../key.ui/examples/standard_key/inEqSimp/nonLinInEqExample3.key 
248807     DEBUG main            d.u.i.k.p.i.AbstractProblemLoader Environment load took 50.7ns 
248808     INFO  main            d.u.i.k.p.i.AbstractProblemLoader Creating init config 
251261     DEBUG main            d.u.i.k.p.i.AbstractProblemLoader Init config took 2.45s 
251274     INFO  main            d.u.i.k.p.i.AbstractProblemLoader Replaying proof nonLinInEqExample3.key 
251275     DEBUG main            d.u.i.k.p.i.IntermediateProofReplayer Proof replay took 3.8ns 
251478     INFO  main            d.u.i.k.p.r.p.TestFile    ... finished proof: closed. 
251787     INFO  main            d.u.i.k.p.i.AbstractProblemLoader Loading environment from /home/runner/work/key/key/key.core/../key.ui/examples/standard_key/inEqSimp/nonLinInEqExample3.key.proof 
251787     DEBUG main            d.u.i.k.p.i.AbstractProblemLoader Environment load took 91.2ns 
251788     INFO  main            d.u.i.k.p.i.AbstractProblemLoader Creating init config 
254195     DEBUG main            d.u.i.k.p.i.AbstractProblemLoader Init config took 2.41s 
254208     INFO  main            d.u.i.k.p.i.AbstractProblemLoader Replaying proof nonLinInEqExample3.key.proof 
254223     DEBUG main            d.u.i.k.p.i.IntermediateProofReplayer Proof replay took 12.69ms 
254223     DEBUG main            d.u.i.k.p.r.p.TestFile    ... success: reloaded. 
254224     INFO  main            d.u.i.k.p.r.p.TestFile    Now processing file /home/runner/work/key/key/key.core/../key.ui/examples/standard_key/inEqSimp/nonLinInEqExample4.key 
254224     INFO  main            d.u.i.k.p.i.AbstractProblemLoader Loading environment from /home/runner/work/key/key/key.core/../key.ui/examples/standard_key/inEqSimp/nonLinInEqExample4.key 
254224     DEBUG main            d.u.i.k.p.i.AbstractProblemLoader Environment load took 43.5ns 
254225     INFO  main            d.u.i.k.p.i.AbstractProblemLoader Creating init config 
256673     DEBUG main            d.u.i.k.p.i.AbstractProblemLoader Init config took 2.45s 
256686     INFO  main            d.u.i.k.p.i.AbstractProblemLoader Replaying proof nonLinInEqExample4.key 
256687     DEBUG main            d.u.i.k.p.i.IntermediateProofReplayer Proof replay took 3.9ns 
256789     INFO  main            d.u.i.k.p.r.p.TestFile    ... finished proof: closed. 
257099     INFO  main            d.u.i.k.p.i.AbstractProblemLoader Loading environment from /home/runner/work/key/key/key.core/../key.ui/examples/standard_key/inEqSimp/nonLinInEqExample4.key.proof 
257099     DEBUG main            d.u.i.k.p.i.AbstractProblemLoader Environment load took 98.1ns 
257100     INFO  main            d.u.i.k.p.i.AbstractProblemLoader Creating init config 
259498     DEBUG main            d.u.i.k.p.i.AbstractProblemLoader Init config took 2.4s 
259511     INFO  main            d.u.i.k.p.i.AbstractProblemLoader Replaying proof nonLinInEqExample4.key.proof 
259515     DEBUG main            d.u.i.k.p.i.IntermediateProofReplayer Proof replay took 2.61ms 
259516     DEBUG main            d.u.i.k.p.r.p.TestFile    ... success: reloaded. 
259516     INFO  main            d.u.i.k.p.r.p.TestFile    Now processing file /home/runner/work/key/key/key.core/../key.ui/examples/standard_key/inEqSimp/quadraticInEq.key 
259517     INFO  main            d.u.i.k.p.i.AbstractProblemLoader Loading environment from /home/runner/work/key/key/key.core/../key.ui/examples/standard_key/inEqSimp/quadraticInEq.key 
259517     DEBUG main            d.u.i.k.p.i.AbstractProblemLoader Environment load took 59.8ns 
259518     INFO  main            d.u.i.k.p.i.AbstractProblemLoader Creating init config 
261969     DEBUG main            d.u.i.k.p.i.AbstractProblemLoader Init config took 2.45s 
261982     INFO  main            d.u.i.k.p.i.AbstractProblemLoader Replaying proof quadraticInEq.key 
261984     DEBUG main            d.u.i.k.p.i.IntermediateProofReplayer Proof replay took 2.8ns 
262287     INFO  main            d.u.i.k.p.r.p.TestFile    ... finished proof: closed. 
262595     INFO  main            d.u.i.k.p.i.AbstractProblemLoader Loading environment from /home/runner/work/key/key/key.core/../key.ui/examples/standard_key/inEqSimp/quadraticInEq.key.proof 
262596     DEBUG main            d.u.i.k.p.i.AbstractProblemLoader Environment load took 381.6ns 
262597     INFO  main            d.u.i.k.p.i.AbstractProblemLoader Creating init config 
264994     DEBUG main            d.u.i.k.p.i.AbstractProblemLoader Init config took 2.4s 
265008     INFO  main            d.u.i.k.p.i.AbstractProblemLoader Replaying proof quadraticInEq.key.proof 
265038     DEBUG main            d.u.i.k.p.i.IntermediateProofReplayer Proof replay took 25.63ms 
265039     DEBUG main            d.u.i.k.p.r.p.TestFile    ... success: reloaded. 
265040     INFO  main            d.u.i.k.p.r.p.TestFile    Now processing file /home/runner/work/key/key/key.core/../key.ui/examples/standard_key/inEqSimp/quadraticInEq10.key 
265040     INFO  main            d.u.i.k.p.i.AbstractProblemLoader Loading environment from /home/runner/work/key/key/key.core/../key.ui/examples/standard_key/inEqSimp/quadraticInEq10.key 
265040     DEBUG main            d.u.i.k.p.i.AbstractProblemLoader Environment load took 73.8ns 
265041     INFO  main            d.u.i.k.p.i.AbstractProblemLoader Creating init config 
267495     DEBUG main            d.u.i.k.p.i.AbstractProblemLoader Init config took 2.45s 
267508     INFO  main            d.u.i.k.p.i.AbstractProblemLoader Replaying proof quadraticInEq10.key 
267510     DEBUG main            d.u.i.k.p.i.IntermediateProofReplayer Proof replay took 2.5ns 
267714     INFO  main            d.u.i.k.p.r.p.TestFile    ... finished proof: closed. 
268029     INFO  main            d.u.i.k.p.i.AbstractProblemLoader Loading environment from /home/runner/work/key/key/key.core/../key.ui/examples/standard_key/inEqSimp/quadraticInEq10.key.proof 
268029     DEBUG main            d.u.i.k.p.i.AbstractProblemLoader Environment load took 86.7ns 
268030     INFO  main            d.u.i.k.p.i.AbstractProblemLoader Creating init config 
270444     DEBUG main            d.u.i.k.p.i.AbstractProblemLoader Init config took 2.41s 
270457     INFO  main            d.u.i.k.p.i.AbstractProblemLoader Replaying proof quadraticInEq10.key.proof 
270467     DEBUG main            d.u.i.k.p.i.IntermediateProofReplayer Proof replay took 7.46ms 
270468     DEBUG main            d.u.i.k.p.r.p.TestFile    ... success: reloaded. 
270468     INFO  main            d.u.i.k.p.r.p.TestFile    Now processing file /home/runner/work/key/key/key.core/../key.ui/examples/standard_key/inEqSimp/quadraticInEq13.key 
270469     INFO  main            d.u.i.k.p.i.AbstractProblemLoader Loading environment from /home/runner/work/key/key/key.core/../key.ui/examples/standard_key/inEqSimp/quadraticInEq13.key 
270469     DEBUG main            d.u.i.k.p.i.AbstractProblemLoader Environment load took 77.1ns 
270470     INFO  main            d.u.i.k.p.i.AbstractProblemLoader Creating init config 
272935     DEBUG main            d.u.i.k.p.i.AbstractProblemLoader Init config took 2.47s 
272948     INFO  main            d.u.i.k.p.i.AbstractProblemLoader Replaying proof quadraticInEq13.key 
272950     DEBUG main            d.u.i.k.p.i.IntermediateProofReplayer Proof replay took 2.8ns 
273152     INFO  main            d.u.i.k.p.r.p.TestFile    ... finished proof: closed. 
273483     INFO  main            d.u.i.k.p.i.AbstractProblemLoader Loading environment from /home/runner/work/key/key/key.core/../key.ui/examples/standard_key/inEqSimp/quadraticInEq13.key.proof 
273483     DEBUG main            d.u.i.k.p.i.AbstractProblemLoader Environment load took 85ns 
273484     INFO  main            d.u.i.k.p.i.AbstractProblemLoader Creating init config 
275886     DEBUG main            d.u.i.k.p.i.AbstractProblemLoader Init config took 2.4s 
275899     INFO  main            d.u.i.k.p.i.AbstractProblemLoader Replaying proof quadraticInEq13.key.proof 
275910     DEBUG main            d.u.i.k.p.i.IntermediateProofReplayer Proof replay took 8.73ms 
275911     DEBUG main            d.u.i.k.p.r.p.TestFile    ... success: reloaded. 
275912     INFO  main            d.u.i.k.p.r.p.TestFile    Now processing file /home/runner/work/key/key/key.core/../key.ui/examples/standard_key/inEqSimp/quadraticInEq14.key 
275912     INFO  main            d.u.i.k.p.i.AbstractProblemLoader Loading environment from /home/runner/work/key/key/key.core/../key.ui/examples/standard_key/inEqSimp/quadraticInEq14.key 
275912     DEBUG main            d.u.i.k.p.i.AbstractProblemLoader Environment load took 75.3ns 
275913     INFO  main            d.u.i.k.p.i.AbstractProblemLoader Creating init config 
278371     DEBUG main            d.u.i.k.p.i.AbstractProblemLoader Init config took 2.46s 
278384     INFO  main            d.u.i.k.p.i.AbstractProblemLoader Replaying proof quadraticInEq14.key 
278385     DEBUG main            d.u.i.k.p.i.IntermediateProofReplayer Proof replay took 2.7ns 
278688     INFO  main            d.u.i.k.p.r.p.TestFile    ... finished proof: closed. 
279031     INFO  main            d.u.i.k.p.i.AbstractProblemLoader Loading environment from /home/runner/work/key/key/key.core/../key.ui/examples/standard_key/inEqSimp/quadraticInEq14.key.proof 
279031     DEBUG main            d.u.i.k.p.i.AbstractProblemLoader Environment load took 81.5ns 
279032     INFO  main            d.u.i.k.p.i.AbstractProblemLoader Creating init config 
281436     DEBUG main            d.u.i.k.p.i.AbstractProblemLoader Init config took 2.4s 
281449     INFO  main            d.u.i.k.p.i.AbstractProblemLoader Replaying proof quadraticInEq14.key.proof 
281463     DEBUG main            d.u.i.k.p.i.IntermediateProofReplayer Proof replay took 11.05ms 
281464     DEBUG main            d.u.i.k.p.r.p.TestFile    ... success: reloaded. 
281464     INFO  main            d.u.i.k.p.r.p.TestFile    Now processing file /home/runner/work/key/key/key.core/../key.ui/examples/standard_key/inEqSimp/quadraticInEq2.key 
281464     INFO  main            d.u.i.k.p.i.AbstractProblemLoader Loading environment from /home/runner/work/key/key/key.core/../key.ui/examples/standard_key/inEqSimp/quadraticInEq2.key 
281464     DEBUG main            d.u.i.k.p.i.AbstractProblemLoader Environment load took 43.7ns 
281465     INFO  main            d.u.i.k.p.i.AbstractProblemLoader Creating init config 
283963     DEBUG main            d.u.i.k.p.i.AbstractProblemLoader Init config took 2.5s 
283976     INFO  main            d.u.i.k.p.i.AbstractProblemLoader Replaying proof quadraticInEq2.key 
283979     DEBUG main            d.u.i.k.p.i.IntermediateProofReplayer Proof replay took 4ns 
284082     INFO  main            d.u.i.k.p.r.p.TestFile    ... finished proof: closed. 
284409     INFO  main            d.u.i.k.p.i.AbstractProblemLoader Loading environment from /home/runner/work/key/key/key.core/../key.ui/examples/standard_key/inEqSimp/quadraticInEq2.key.proof 
284409     DEBUG main            d.u.i.k.p.i.AbstractProblemLoader Environment load took 81.5ns 
284410     INFO  main            d.u.i.k.p.i.AbstractProblemLoader Creating init config 
286787     DEBUG main            d.u.i.k.p.i.AbstractProblemLoader Init config took 2.38s 
286813     INFO  main            d.u.i.k.p.i.AbstractProblemLoader Replaying proof quadraticInEq2.key.proof 
286816     DEBUG main            d.u.i.k.p.i.IntermediateProofReplayer Proof replay took 1.73ms 
286817     DEBUG main            d.u.i.k.p.r.p.TestFile    ... success: reloaded. 
286818     INFO  main            d.u.i.k.p.r.p.TestFile    Now processing file /home/runner/work/key/key/key.core/../key.ui/examples/standard_key/inEqSimp/quadraticInEq3.key 
286818     INFO  main            d.u.i.k.p.i.AbstractProblemLoader Loading environment from /home/runner/work/key/key/key.core/../key.ui/examples/standard_key/inEqSimp/quadraticInEq3.key 
286818     DEBUG main            d.u.i.k.p.i.AbstractProblemLoader Environment load took 220.4ns 
286819     INFO  main            d.u.i.k.p.i.AbstractProblemLoader Creating init config 
289233     DEBUG main            d.u.i.k.p.i.AbstractProblemLoader Init config took 2.41s 
289245     INFO  main            d.u.i.k.p.i.AbstractProblemLoader Replaying proof quadraticInEq3.key 
289247     DEBUG main            d.u.i.k.p.i.IntermediateProofReplayer Proof replay took 2.8ns 
289350     INFO  main            d.u.i.k.p.r.p.TestFile    ... finished proof: closed. 
289679     INFO  main            d.u.i.k.p.i.AbstractProblemLoader Loading environment from /home/runner/work/key/key/key.core/../key.ui/examples/standard_key/inEqSimp/quadraticInEq3.key.proof 
289679     DEBUG main            d.u.i.k.p.i.AbstractProblemLoader Environment load took 82.6ns 
289680     INFO  main            d.u.i.k.p.i.AbstractProblemLoader Creating init config 
292071     DEBUG main            d.u.i.k.p.i.AbstractProblemLoader Init config took 2.39s 
292084     INFO  main            d.u.i.k.p.i.AbstractProblemLoader Replaying proof quadraticInEq3.key.proof 
292090     DEBUG main            d.u.i.k.p.i.IntermediateProofReplayer Proof replay took 4.25ms 
292090     DEBUG main            d.u.i.k.p.r.p.TestFile    ... success: reloaded. 
292091     INFO  main            d.u.i.k.p.r.p.TestFile    Now processing file /home/runner/work/key/key/key.core/../key.ui/examples/standard_key/inEqSimp/quadraticInEq4.key 
292091     INFO  main            d.u.i.k.p.i.AbstractProblemLoader Loading environment from /home/runner/work/key/key/key.core/../key.ui/examples/standard_key/inEqSimp/quadraticInEq4.key 
292091     DEBUG main            d.u.i.k.p.i.AbstractProblemLoader Environment load took 88.1ns 
292092     INFO  main            d.u.i.k.p.i.AbstractProblemLoader Creating init config 
294512     DEBUG main            d.u.i.k.p.i.AbstractProblemLoader Init config took 2.42s 
294525     INFO  main            d.u.i.k.p.i.AbstractProblemLoader Replaying proof quadraticInEq4.key 
294527     DEBUG main            d.u.i.k.p.i.IntermediateProofReplayer Proof replay took 2.7ns 
294629     INFO  main            d.u.i.k.p.r.p.TestFile    ... finished proof: closed. 
294961     INFO  main            d.u.i.k.p.i.AbstractProblemLoader Loading environment from /home/runner/work/key/key/key.core/../key.ui/examples/standard_key/inEqSimp/quadraticInEq4.key.proof 
294961     DEBUG main            d.u.i.k.p.i.AbstractProblemLoader Environment load took 88.7ns 
294962     INFO  main            d.u.i.k.p.i.AbstractProblemLoader Creating init config 
297346     DEBUG main            d.u.i.k.p.i.AbstractProblemLoader Init config took 2.38s 
297359     INFO  main            d.u.i.k.p.i.AbstractProblemLoader Replaying proof quadraticInEq4.key.proof 
297363     DEBUG main            d.u.i.k.p.i.IntermediateProofReplayer Proof replay took 2.51ms 
297364     DEBUG main            d.u.i.k.p.r.p.TestFile    ... success: reloaded. 
297365     INFO  main            d.u.i.k.p.r.p.TestFile    Now processing file /home/runner/work/key/key/key.core/../key.ui/examples/standard_key/inEqSimp/quadraticInEq5.key 
297365     INFO  main            d.u.i.k.p.i.AbstractProblemLoader Loading environment from /home/runner/work/key/key/key.core/../key.ui/examples/standard_key/inEqSimp/quadraticInEq5.key 
297365     DEBUG main            d.u.i.k.p.i.AbstractProblemLoader Environment load took 74.9ns 
297366     INFO  main            d.u.i.k.p.i.AbstractProblemLoader Creating init config 
299784     DEBUG main            d.u.i.k.p.i.AbstractProblemLoader Init config took 2.42s 
299797     INFO  main            d.u.i.k.p.i.AbstractProblemLoader Replaying proof quadraticInEq5.key 
299799     DEBUG main            d.u.i.k.p.i.IntermediateProofReplayer Proof replay took 2.7ns 
299900     INFO  main            d.u.i.k.p.r.p.TestFile    ... finished proof: closed. 
300236     INFO  main            d.u.i.k.p.i.AbstractProblemLoader Loading environment from /home/runner/work/key/key/key.core/../key.ui/examples/standard_key/inEqSimp/quadraticInEq5.key.proof 
300236     DEBUG main            d.u.i.k.p.i.AbstractProblemLoader Environment load took 83.8ns 
300237     INFO  main            d.u.i.k.p.i.AbstractProblemLoader Creating init config 
302623     DEBUG main            d.u.i.k.p.i.AbstractProblemLoader Init config took 2.39s 
302636     INFO  main            d.u.i.k.p.i.AbstractProblemLoader Replaying proof quadraticInEq5.key.proof 
302640     DEBUG main            d.u.i.k.p.i.IntermediateProofReplayer Proof replay took 2.63ms 
302640     DEBUG main            d.u.i.k.p.r.p.TestFile    ... success: reloaded. 
302641     INFO  main            d.u.i.k.p.r.p.TestFile    Now processing file /home/runner/work/key/key/key.core/../key.ui/examples/standard_key/inEqSimp/quadraticInEq6.key 
302641     INFO  main            d.u.i.k.p.i.AbstractProblemLoader Loading environment from /home/runner/work/key/key/key.core/../key.ui/examples/standard_key/inEqSimp/quadraticInEq6.key 
302641     DEBUG main            d.u.i.k.p.i.AbstractProblemLoader Environment load took 93.6ns 
302642     INFO  main            d.u.i.k.p.i.AbstractProblemLoader Creating init config 
305057     DEBUG main            d.u.i.k.p.i.AbstractProblemLoader Init config took 2.42s 
305070     INFO  main            d.u.i.k.p.i.AbstractProblemLoader Replaying proof quadraticInEq6.key 
305071     DEBUG main            d.u.i.k.p.i.IntermediateProofReplayer Proof replay took 3.3ns 
305173     INFO  main            d.u.i.k.p.r.p.TestFile    ... finished proof: closed. 
305511     INFO  main            d.u.i.k.p.i.AbstractProblemLoader Loading environment from /home/runner/work/key/key/key.core/../key.ui/examples/standard_key/inEqSimp/quadraticInEq6.key.proof 
305511     DEBUG main            d.u.i.k.p.i.AbstractProblemLoader Environment load took 82.1ns 
305512     INFO  main            d.u.i.k.p.i.AbstractProblemLoader Creating init config 
307891     DEBUG main            d.u.i.k.p.i.AbstractProblemLoader Init config took 2.38s 
307904     INFO  main            d.u.i.k.p.i.AbstractProblemLoader Replaying proof quadraticInEq6.key.proof 
307908     DEBUG main            d.u.i.k.p.i.IntermediateProofReplayer Proof replay took 3.04ms 
307909     DEBUG main            d.u.i.k.p.r.p.TestFile    ... success: reloaded. 
307910     INFO  main            d.u.i.k.p.r.p.TestFile    Now processing file /home/runner/work/key/key/key.core/../key.ui/examples/standard_key/inEqSimp/quadraticInEq7.key 
307910     INFO  main            d.u.i.k.p.i.AbstractProblemLoader Loading environment from /home/runner/work/key/key/key.core/../key.ui/examples/standard_key/inEqSimp/quadraticInEq7.key 
307910     DEBUG main            d.u.i.k.p.i.AbstractProblemLoader Environment load took 42.6ns 
307911     INFO  main            d.u.i.k.p.i.AbstractProblemLoader Creating init config 
310332     DEBUG main            d.u.i.k.p.i.AbstractProblemLoader Init config took 2.42s 
310344     INFO  main            d.u.i.k.p.i.AbstractProblemLoader Replaying proof quadraticInEq7.key 
310346     DEBUG main            d.u.i.k.p.i.IntermediateProofReplayer Proof replay took 3.9ns 
310447     INFO  main            d.u.i.k.p.r.p.TestFile    ... finished proof: closed. 
310803     INFO  main            d.u.i.k.p.i.AbstractProblemLoader Loading environment from /home/runner/work/key/key/key.core/../key.ui/examples/standard_key/inEqSimp/quadraticInEq7.key.proof 
310803     DEBUG main            d.u.i.k.p.i.AbstractProblemLoader Environment load took 80ns 
310804     INFO  main            d.u.i.k.p.i.AbstractProblemLoader Creating init config 
313188     DEBUG main            d.u.i.k.p.i.AbstractProblemLoader Init config took 2.38s 
313201     INFO  main            d.u.i.k.p.i.AbstractProblemLoader Replaying proof quadraticInEq7.key.proof 
313205     DEBUG main            d.u.i.k.p.i.IntermediateProofReplayer Proof replay took 1.54ms 
313207     DEBUG main            d.u.i.k.p.r.p.TestFile    ... success: reloaded. 
313208     INFO  main            d.u.i.k.p.r.p.TestFile    Now processing file /home/runner/work/key/key/key.core/../key.ui/examples/standard_key/inEqSimp/quadraticInEq8.key 
313208     INFO  main            d.u.i.k.p.i.AbstractProblemLoader Loading environment from /home/runner/work/key/key/key.core/../key.ui/examples/standard_key/inEqSimp/quadraticInEq8.key 
313208     DEBUG main            d.u.i.k.p.i.AbstractProblemLoader Environment load took 187.7ns 
313209     INFO  main            d.u.i.k.p.i.AbstractProblemLoader Creating init config 
315624     DEBUG main            d.u.i.k.p.i.AbstractProblemLoader Init config took 2.42s 
315637     INFO  main            d.u.i.k.p.i.AbstractProblemLoader Replaying proof quadraticInEq8.key 
315638     DEBUG main            d.u.i.k.p.i.IntermediateProofReplayer Proof replay took 3ns 
315741     INFO  main            d.u.i.k.p.r.p.TestFile    ... finished proof: closed. 
316087     INFO  main            d.u.i.k.p.i.AbstractProblemLoader Loading environment from /home/runner/work/key/key/key.core/../key.ui/examples/standard_key/inEqSimp/quadraticInEq8.key.proof 
316087     DEBUG main            d.u.i.k.p.i.AbstractProblemLoader Environment load took 93ns 
316088     INFO  main            d.u.i.k.p.i.AbstractProblemLoader Creating init config 
318463     DEBUG main            d.u.i.k.p.i.AbstractProblemLoader Init config took 2.38s 
318476     INFO  main            d.u.i.k.p.i.AbstractProblemLoader Replaying proof quadraticInEq8.key.proof 
318482     DEBUG main            d.u.i.k.p.i.IntermediateProofReplayer Proof replay took 3.92ms 
318483     DEBUG main            d.u.i.k.p.r.p.TestFile    ... success: reloaded. 
318483     INFO  main            d.u.i.k.p.r.p.TestFile    Now processing file /home/runner/work/key/key/key.core/../key.ui/examples/standard_key/inEqSimp/simplify0.key 
318484     INFO  main            d.u.i.k.p.i.AbstractProblemLoader Loading environment from /home/runner/work/key/key/key.core/../key.ui/examples/standard_key/inEqSimp/simplify0.key 
318484     DEBUG main            d.u.i.k.p.i.AbstractProblemLoader Environment load took 74.7ns 
318485     INFO  main            d.u.i.k.p.i.AbstractProblemLoader Creating init config 
320906     DEBUG main            d.u.i.k.p.i.AbstractProblemLoader Init config took 2.42s 
320939     INFO  main            d.u.i.k.p.i.AbstractProblemLoader Replaying proof simplify0.key 
320940     DEBUG main            d.u.i.k.p.i.IntermediateProofReplayer Proof replay took 3ns 
321042     INFO  main            d.u.i.k.p.r.p.TestFile    ... finished proof: closed. 
321399     INFO  main            d.u.i.k.p.i.AbstractProblemLoader Loading environment from /home/runner/work/key/key/key.core/../key.ui/examples/standard_key/inEqSimp/simplify0.key.proof 
321399     DEBUG main            d.u.i.k.p.i.AbstractProblemLoader Environment load took 82.6ns 
321400     INFO  main            d.u.i.k.p.i.AbstractProblemLoader Creating init config 
323777     DEBUG main            d.u.i.k.p.i.AbstractProblemLoader Init config took 2.38s 
323790     INFO  main            d.u.i.k.p.i.AbstractProblemLoader Replaying proof simplify0.key.proof 
323793     DEBUG main            d.u.i.k.p.i.IntermediateProofReplayer Proof replay took 810.3ns 
323793     DEBUG main            d.u.i.k.p.r.p.TestFile    ... success: reloaded. 
323794     INFO  main            d.u.i.k.p.r.p.TestFile    Now processing file /home/runner/work/key/key/key.core/../key.ui/examples/standard_key/inEqSimp/simplify1.key 
323794     INFO  main            d.u.i.k.p.i.AbstractProblemLoader Loading environment from /home/runner/work/key/key/key.core/../key.ui/examples/standard_key/inEqSimp/simplify1.key 
323794     DEBUG main            d.u.i.k.p.i.AbstractProblemLoader Environment load took 44.6ns 
323795     INFO  main            d.u.i.k.p.i.AbstractProblemLoader Creating init config 
326208     DEBUG main            d.u.i.k.p.i.AbstractProblemLoader Init config took 2.41s 
326237     INFO  main            d.u.i.k.p.i.AbstractProblemLoader Replaying proof simplify1.key 
326238     DEBUG main            d.u.i.k.p.i.IntermediateProofReplayer Proof replay took 2.6ns 
326340     INFO  main            d.u.i.k.p.r.p.TestFile    ... finished proof: closed. 
326695     INFO  main            d.u.i.k.p.i.AbstractProblemLoader Loading environment from /home/runner/work/key/key/key.core/../key.ui/examples/standard_key/inEqSimp/simplify1.key.proof 
326695     DEBUG main            d.u.i.k.p.i.AbstractProblemLoader Environment load took 77.9ns 
326696     INFO  main            d.u.i.k.p.i.AbstractProblemLoader Creating init config 
329081     DEBUG main            d.u.i.k.p.i.AbstractProblemLoader Init config took 2.38s 
329094     INFO  main            d.u.i.k.p.i.AbstractProblemLoader Replaying proof simplify1.key.proof 
329096     DEBUG main            d.u.i.k.p.i.IntermediateProofReplayer Proof replay took 776ns 
329096     DEBUG main            d.u.i.k.p.r.p.TestFile    ... success: reloaded. 
329097     INFO  main            d.u.i.k.p.r.p.TestFile    Now processing file /home/runner/work/key/key/key.core/../key.ui/examples/standard_key/inEqSimp/simplify2.key 
329097     INFO  main            d.u.i.k.p.i.AbstractProblemLoader Loading environment from /home/runner/work/key/key/key.core/../key.ui/examples/standard_key/inEqSimp/simplify2.key 
329097     DEBUG main            d.u.i.k.p.i.AbstractProblemLoader Environment load took 42.5ns 
329098     INFO  main            d.u.i.k.p.i.AbstractProblemLoader Creating init config 
331521     DEBUG main            d.u.i.k.p.i.AbstractProblemLoader Init config took 2.42s 
331534     INFO  main            d.u.i.k.p.i.AbstractProblemLoader Replaying proof simplify2.key 
331535     DEBUG main            d.u.i.k.p.i.IntermediateProofReplayer Proof replay took 2.7ns 
331637     INFO  main            d.u.i.k.p.r.p.TestFile    ... finished proof: closed. 
332011     INFO  main            d.u.i.k.p.i.AbstractProblemLoader Loading environment from /home/runner/work/key/key/key.core/../key.ui/examples/standard_key/inEqSimp/simplify2.key.proof 
332011     DEBUG main            d.u.i.k.p.i.AbstractProblemLoader Environment load took 85.2ns 
332012     INFO  main            d.u.i.k.p.i.AbstractProblemLoader Creating init config 
334407     DEBUG main            d.u.i.k.p.i.AbstractProblemLoader Init config took 2.4s 
334420     INFO  main            d.u.i.k.p.i.AbstractProblemLoader Replaying proof simplify2.key.proof 
334428     DEBUG main            d.u.i.k.p.i.IntermediateProofReplayer Proof replay took 5.93ms 
334428     DEBUG main            d.u.i.k.p.r.p.TestFile    ... success: reloaded. 
334429     INFO  main            d.u.i.k.p.r.p.TestFile    Now processing file /home/runner/work/key/key/key.core/../key.ui/examples/standard_key/inEqSimp/simplify3.key 
334429     INFO  main            d.u.i.k.p.i.AbstractProblemLoader Loading environment from /home/runner/work/key/key/key.core/../key.ui/examples/standard_key/inEqSimp/simplify3.key 
334429     DEBUG main            d.u.i.k.p.i.AbstractProblemLoader Environment load took 61.1ns 
334430     INFO  main            d.u.i.k.p.i.AbstractProblemLoader Creating init config 
336848     DEBUG main            d.u.i.k.p.i.AbstractProblemLoader Init config took 2.42s 
336860     INFO  main            d.u.i.k.p.i.AbstractProblemLoader Replaying proof simplify3.key 
336861     DEBUG main            d.u.i.k.p.i.IntermediateProofReplayer Proof replay took 2.9ns 
336963     INFO  main            d.u.i.k.p.r.p.TestFile    ... finished proof: closed. 
337336     INFO  main            d.u.i.k.p.i.AbstractProblemLoader Loading environment from /home/runner/work/key/key/key.core/../key.ui/examples/standard_key/inEqSimp/simplify3.key.proof 
337336     DEBUG main            d.u.i.k.p.i.AbstractProblemLoader Environment load took 80ns 
337337     INFO  main            d.u.i.k.p.i.AbstractProblemLoader Creating init config 
339728     DEBUG main            d.u.i.k.p.i.AbstractProblemLoader Init config took 2.39s 
339743     INFO  main            d.u.i.k.p.i.AbstractProblemLoader Replaying proof simplify3.key.proof 
339745     DEBUG main            d.u.i.k.p.i.IntermediateProofReplayer Proof replay took 1.27ms 
339746     DEBUG main            d.u.i.k.p.r.p.TestFile    ... success: reloaded. 
339746     INFO  main            d.u.i.k.p.r.p.TestFile    Now processing file /home/runner/work/key/key/key.core/../key.ui/examples/standard_key/inEqSimp/simplify4.key 
339746     INFO  main            d.u.i.k.p.i.AbstractProblemLoader Loading environment from /home/runner/work/key/key/key.core/../key.ui/examples/standard_key/inEqSimp/simplify4.key 
339746     DEBUG main            d.u.i.k.p.i.AbstractProblemLoader Environment load took 43.8ns 
339747     INFO  main            d.u.i.k.p.i.AbstractProblemLoader Creating init config 
342174     DEBUG main            d.u.i.k.p.i.AbstractProblemLoader Init config took 2.43s 
342187     INFO  main            d.u.i.k.p.i.AbstractProblemLoader Replaying proof simplify4.key 
342188     DEBUG main            d.u.i.k.p.i.IntermediateProofReplayer Proof replay took 3ns 
342290     INFO  main            d.u.i.k.p.r.p.TestFile    ... finished proof: closed. 
342672     INFO  main            d.u.i.k.p.i.AbstractProblemLoader Loading environment from /home/runner/work/key/key/key.core/../key.ui/examples/standard_key/inEqSimp/simplify4.key.proof 
342672     DEBUG main            d.u.i.k.p.i.AbstractProblemLoader Environment load took 89.5ns 
342673     INFO  main            d.u.i.k.p.i.AbstractProblemLoader Creating init config 
345065     DEBUG main            d.u.i.k.p.i.AbstractProblemLoader Init config took 2.39s 
345079     INFO  main            d.u.i.k.p.i.AbstractProblemLoader Replaying proof simplify4.key.proof 
345086     DEBUG main            d.u.i.k.p.i.IntermediateProofReplayer Proof replay took 4.71ms 
345086     DEBUG main            d.u.i.k.p.r.p.TestFile    ... success: reloaded. 
345087     INFO  main            d.u.i.k.p.r.p.TestFile    Now processing file /home/runner/work/key/key/key.core/../key.ui/examples/standard_key/inEqSimp/simplify5.key 
345087     INFO  main            d.u.i.k.p.i.AbstractProblemLoader Loading environment from /home/runner/work/key/key/key.core/../key.ui/examples/standard_key/inEqSimp/simplify5.key 
345087     DEBUG main            d.u.i.k.p.i.AbstractProblemLoader Environment load took 74.1ns 
345088     INFO  main            d.u.i.k.p.i.AbstractProblemLoader Creating init config 
347511     DEBUG main            d.u.i.k.p.i.AbstractProblemLoader Init config took 2.42s 
347524     INFO  main            d.u.i.k.p.i.AbstractProblemLoader Replaying proof simplify5.key 
347525     DEBUG main            d.u.i.k.p.i.IntermediateProofReplayer Proof replay took 2.6ns 
348028     INFO  main            d.u.i.k.p.r.p.TestFile    ... finished proof: closed. 
348418     INFO  main            d.u.i.k.p.i.AbstractProblemLoader Loading environment from /home/runner/work/key/key/key.core/../key.ui/examples/standard_key/inEqSimp/simplify5.key.proof 
348418     DEBUG main            d.u.i.k.p.i.AbstractProblemLoader Environment load took 85.4ns 
348419     INFO  main            d.u.i.k.p.i.AbstractProblemLoader Creating init config 
350816     DEBUG main            d.u.i.k.p.i.AbstractProblemLoader Init config took 2.4s 
350829     INFO  main            d.u.i.k.p.i.AbstractProblemLoader Replaying proof simplify5.key.proof 
350870     DEBUG main            d.u.i.k.p.i.IntermediateProofReplayer Proof replay took 36.13ms 
350872     DEBUG main            d.u.i.k.p.r.p.TestFile    ... success: reloaded. 
350877     INFO  main            d.u.i.k.p.r.p.TestFile    Now processing file /home/runner/work/key/key/key.core/../key.ui/examples/standard_key/inEqSimp/subsumptionExample.key 
350878     INFO  main            d.u.i.k.p.i.AbstractProblemLoader Loading environment from /home/runner/work/key/key/key.core/../key.ui/examples/standard_key/inEqSimp/subsumptionExample.key 
350878     DEBUG main            d.u.i.k.p.i.AbstractProblemLoader Environment load took 214.3ns 
350879     INFO  main            d.u.i.k.p.i.AbstractProblemLoader Creating init config 
353308     DEBUG main            d.u.i.k.p.i.AbstractProblemLoader Init config took 2.43s 
353321     INFO  main            d.u.i.k.p.i.AbstractProblemLoader Replaying proof subsumptionExample.key 
353322     DEBUG main            d.u.i.k.p.i.IntermediateProofReplayer Proof replay took 3ns 
353423     INFO  main            d.u.i.k.p.r.p.TestFile    ... finished proof: closed. 
353838     INFO  main            d.u.i.k.p.i.AbstractProblemLoader Loading environment from /home/runner/work/key/key/key.core/../key.ui/examples/standard_key/inEqSimp/subsumptionExample.key.proof 
353838     DEBUG main            d.u.i.k.p.i.AbstractProblemLoader Environment load took 83.4ns 
353839     INFO  main            d.u.i.k.p.i.AbstractProblemLoader Creating init config 
356231     DEBUG main            d.u.i.k.p.i.AbstractProblemLoader Init config took 2.39s 
356244     INFO  main            d.u.i.k.p.i.AbstractProblemLoader Replaying proof subsumptionExample.key.proof 
356246     DEBUG main            d.u.i.k.p.i.IntermediateProofReplayer Proof replay took 642.21ns 
356246     DEBUG main            d.u.i.k.p.r.p.TestFile    ... success: reloaded. 
356247     INFO  main            d.u.i.k.p.r.p.TestFile    Now processing file /home/runner/work/key/key/key.core/../key.ui/examples/standard_key/polySimp/simplify0.key 
356247     INFO  main            d.u.i.k.p.i.AbstractProblemLoader Loading environment from /home/runner/work/key/key/key.core/../key.ui/examples/standard_key/polySimp/simplify0.key 
356247     DEBUG main            d.u.i.k.p.i.AbstractProblemLoader Environment load took 44.1ns 
356248     INFO  main            d.u.i.k.p.i.AbstractProblemLoader Creating init config 
358665     DEBUG main            d.u.i.k.p.i.AbstractProblemLoader Init config took 2.42s 
358683     INFO  main            d.u.i.k.p.i.AbstractProblemLoader Replaying proof simplify0.key 
358683     DEBUG main            d.u.i.k.p.i.IntermediateProofReplayer Proof replay took 3.2ns 
358886     INFO  main            d.u.i.k.p.r.p.TestFile    ... finished proof: closed. 
359283     INFO  main            d.u.i.k.p.i.AbstractProblemLoader Loading environment from /home/runner/work/key/key/key.core/../key.ui/examples/standard_key/polySimp/simplify0.key.proof 
359283     DEBUG main            d.u.i.k.p.i.AbstractProblemLoader Environment load took 82.3ns 
359284     INFO  main            d.u.i.k.p.i.AbstractProblemLoader Creating init config 
361670     DEBUG main            d.u.i.k.p.i.AbstractProblemLoader Init config took 2.39s 
361684     INFO  main            d.u.i.k.p.i.AbstractProblemLoader Replaying proof simplify0.key.proof 
361691     DEBUG main            d.u.i.k.p.i.IntermediateProofReplayer Proof replay took 4.48ms 
361692     DEBUG main            d.u.i.k.p.r.p.TestFile    ... success: reloaded. 
361692     INFO  main            d.u.i.k.p.r.p.TestFile    Now processing file /home/runner/work/key/key/key.core/../key.ui/examples/standard_key/polySimp/simplify1.key 
361692     INFO  main            d.u.i.k.p.i.AbstractProblemLoader Loading environment from /home/runner/work/key/key/key.core/../key.ui/examples/standard_key/polySimp/simplify1.key 
361693     DEBUG main            d.u.i.k.p.i.AbstractProblemLoader Environment load took 96ns 
361694     INFO  main            d.u.i.k.p.i.AbstractProblemLoader Creating init config 
364111     DEBUG main            d.u.i.k.p.i.AbstractProblemLoader Init config took 2.42s 
364125     INFO  main            d.u.i.k.p.i.AbstractProblemLoader Replaying proof simplify1.key 
364126     DEBUG main            d.u.i.k.p.i.IntermediateProofReplayer Proof replay took 27.3ns 
364428     INFO  main            d.u.i.k.p.r.p.TestFile    ... finished proof: closed. 
364874     INFO  main            d.u.i.k.p.i.AbstractProblemLoader Loading environment from /home/runner/work/key/key/key.core/../key.ui/examples/standard_key/polySimp/simplify1.key.proof 
364875     DEBUG main            d.u.i.k.p.i.AbstractProblemLoader Environment load took 96.5ns 
364876     INFO  main            d.u.i.k.p.i.AbstractProblemLoader Creating init config 
367266     DEBUG main            d.u.i.k.p.i.AbstractProblemLoader Init config took 2.39s 
367280     INFO  main            d.u.i.k.p.i.AbstractProblemLoader Replaying proof simplify1.key.proof 
367288     DEBUG main            d.u.i.k.p.i.IntermediateProofReplayer Proof replay took 6.34ms 
367289     DEBUG main            d.u.i.k.p.r.p.TestFile    ... success: reloaded. 
367290     INFO  main            d.u.i.k.p.r.p.TestFile    Now processing file /home/runner/work/key/key/key.core/../key.ui/examples/standard_key/polySimp/simplify10.key 
367290     INFO  main            d.u.i.k.p.i.AbstractProblemLoader Loading environment from /home/runner/work/key/key/key.core/../key.ui/examples/standard_key/polySimp/simplify10.key 
367291     DEBUG main            d.u.i.k.p.i.AbstractProblemLoader Environment load took 686.21ns 
367292     INFO  main            d.u.i.k.p.i.AbstractProblemLoader Creating init config 
369730     DEBUG main            d.u.i.k.p.i.AbstractProblemLoader Init config took 2.44s 
369743     INFO  main            d.u.i.k.p.i.AbstractProblemLoader Replaying proof simplify10.key 
369744     DEBUG main            d.u.i.k.p.i.IntermediateProofReplayer Proof replay took 2.8ns 
369947     INFO  main            d.u.i.k.p.r.p.TestFile    ... finished proof: closed. 
370374     INFO  main            d.u.i.k.p.i.AbstractProblemLoader Loading environment from /home/runner/work/key/key/key.core/../key.ui/examples/standard_key/polySimp/simplify10.key.proof 
370374     DEBUG main            d.u.i.k.p.i.AbstractProblemLoader Environment load took 84.2ns 
370376     INFO  main            d.u.i.k.p.i.AbstractProblemLoader Creating init config 
372764     DEBUG main            d.u.i.k.p.i.AbstractProblemLoader Init config took 2.39s 
372779     INFO  main            d.u.i.k.p.i.AbstractProblemLoader Replaying proof simplify10.key.proof 
372789     DEBUG main            d.u.i.k.p.i.IntermediateProofReplayer Proof replay took 8.22ms 
372791     DEBUG main            d.u.i.k.p.r.p.TestFile    ... success: reloaded. 
372791     INFO  main            d.u.i.k.p.r.p.TestFile    Now processing file /home/runner/work/key/key/key.core/../key.ui/examples/standard_key/polySimp/simplify11.key 
372791     INFO  main            d.u.i.k.p.i.AbstractProblemLoader Loading environment from /home/runner/work/key/key/key.core/../key.ui/examples/standard_key/polySimp/simplify11.key 
372791     DEBUG main            d.u.i.k.p.i.AbstractProblemLoader Environment load took 45.2ns 
372792     INFO  main            d.u.i.k.p.i.AbstractProblemLoader Creating init config 
375228     DEBUG main            d.u.i.k.p.i.AbstractProblemLoader Init config took 2.44s 
375241     INFO  main            d.u.i.k.p.i.AbstractProblemLoader Replaying proof simplify11.key 
375242     DEBUG main            d.u.i.k.p.i.IntermediateProofReplayer Proof replay took 3.2ns 
375445     INFO  main            d.u.i.k.p.r.p.TestFile    ... finished proof: closed. 
375884     INFO  main            d.u.i.k.p.i.AbstractProblemLoader Loading environment from /home/runner/work/key/key/key.core/../key.ui/examples/standard_key/polySimp/simplify11.key.proof 
375884     DEBUG main            d.u.i.k.p.i.AbstractProblemLoader Environment load took 84.1ns 
375886     INFO  main            d.u.i.k.p.i.AbstractProblemLoader Creating init config 
378272     DEBUG main            d.u.i.k.p.i.AbstractProblemLoader Init config took 2.39s 
378285     INFO  main            d.u.i.k.p.i.AbstractProblemLoader Replaying proof simplify11.key.proof 
378296     DEBUG main            d.u.i.k.p.i.IntermediateProofReplayer Proof replay took 6.99ms 
378297     DEBUG main            d.u.i.k.p.r.p.TestFile    ... success: reloaded. 
378297     INFO  main            d.u.i.k.p.r.p.TestFile    Now processing file /home/runner/work/key/key/key.core/../key.ui/examples/standard_key/polySimp/simplify12.key 
378297     INFO  main            d.u.i.k.p.i.AbstractProblemLoader Loading environment from /home/runner/work/key/key/key.core/../key.ui/examples/standard_key/polySimp/simplify12.key 
378297     DEBUG main            d.u.i.k.p.i.AbstractProblemLoader Environment load took 45.7ns 
378298     INFO  main            d.u.i.k.p.i.AbstractProblemLoader Creating init config 
380727     DEBUG main            d.u.i.k.p.i.AbstractProblemLoader Init config took 2.43s 
380740     INFO  main            d.u.i.k.p.i.AbstractProblemLoader Replaying proof simplify12.key 
380741     DEBUG main            d.u.i.k.p.i.IntermediateProofReplayer Proof replay took 3.2ns 
380842     INFO  main            d.u.i.k.p.r.p.TestFile    ... finished proof: closed. 
381269     INFO  main            d.u.i.k.p.i.AbstractProblemLoader Loading environment from /home/runner/work/key/key/key.core/../key.ui/examples/standard_key/polySimp/simplify12.key.proof 
381269     DEBUG main            d.u.i.k.p.i.AbstractProblemLoader Environment load took 122.3ns 
381270     INFO  main            d.u.i.k.p.i.AbstractProblemLoader Creating init config 
383676     DEBUG main            d.u.i.k.p.i.AbstractProblemLoader Init config took 2.41s 
383689     INFO  main            d.u.i.k.p.i.AbstractProblemLoader Replaying proof simplify12.key.proof 
383694     DEBUG main            d.u.i.k.p.i.IntermediateProofReplayer Proof replay took 3.41ms 
383694     DEBUG main            d.u.i.k.p.r.p.TestFile    ... success: reloaded. 
383695     INFO  main            d.u.i.k.p.r.p.TestFile    Now processing file /home/runner/work/key/key/key.core/../key.ui/examples/standard_key/polySimp/simplify13.key 
383695     INFO  main            d.u.i.k.p.i.AbstractProblemLoader Loading environment from /home/runner/work/key/key/key.core/../key.ui/examples/standard_key/polySimp/simplify13.key 
383695     DEBUG main            d.u.i.k.p.i.AbstractProblemLoader Environment load took 47.2ns 
383696     INFO  main            d.u.i.k.p.i.AbstractProblemLoader Creating init config 
386123     DEBUG main            d.u.i.k.p.i.AbstractProblemLoader Init config took 2.43s 
386136     INFO  main            d.u.i.k.p.i.AbstractProblemLoader Replaying proof simplify13.key 
386137     DEBUG main            d.u.i.k.p.i.IntermediateProofReplayer Proof replay took 3.2ns 
386242     INFO  main            d.u.i.k.p.r.p.TestFile    ... finished proof: closed. 
386667     INFO  main            d.u.i.k.p.i.AbstractProblemLoader Loading environment from /home/runner/work/key/key/key.core/../key.ui/examples/standard_key/polySimp/simplify13.key.proof 
386667     DEBUG main            d.u.i.k.p.i.AbstractProblemLoader Environment load took 80.9ns 
386668     INFO  main            d.u.i.k.p.i.AbstractProblemLoader Creating init config 
389073     DEBUG main            d.u.i.k.p.i.AbstractProblemLoader Init config took 2.4s 
389086     INFO  main            d.u.i.k.p.i.AbstractProblemLoader Replaying proof simplify13.key.proof 
389089     DEBUG main            d.u.i.k.p.i.IntermediateProofReplayer Proof replay took 2.08ms 
389090     DEBUG main            d.u.i.k.p.r.p.TestFile    ... success: reloaded. 
389091     INFO  main            d.u.i.k.p.r.p.TestFile    Now processing file /home/runner/work/key/key/key.core/../key.ui/examples/standard_key/polySimp/simplify14.key 
389091     INFO  main            d.u.i.k.p.i.AbstractProblemLoader Loading environment from /home/runner/work/key/key/key.core/../key.ui/examples/standard_key/polySimp/simplify14.key 
389091     DEBUG main            d.u.i.k.p.i.AbstractProblemLoader Environment load took 45ns 
389092     INFO  main            d.u.i.k.p.i.AbstractProblemLoader Creating init config 
391532     DEBUG main            d.u.i.k.p.i.AbstractProblemLoader Init config took 2.44s 
391546     INFO  main            d.u.i.k.p.i.AbstractProblemLoader Replaying proof simplify14.key 
391547     DEBUG main            d.u.i.k.p.i.IntermediateProofReplayer Proof replay took 3.7ns 
391648     INFO  main            d.u.i.k.p.r.p.TestFile    ... finished proof: closed. 
392087     INFO  main            d.u.i.k.p.i.AbstractProblemLoader Loading environment from /home/runner/work/key/key/key.core/../key.ui/examples/standard_key/polySimp/simplify14.key.proof 
392087     DEBUG main            d.u.i.k.p.i.AbstractProblemLoader Environment load took 80.9ns 
392088     INFO  main            d.u.i.k.p.i.AbstractProblemLoader Creating init config 
394472     DEBUG main            d.u.i.k.p.i.AbstractProblemLoader Init config took 2.38s 
394485     INFO  main            d.u.i.k.p.i.AbstractProblemLoader Replaying proof simplify14.key.proof 
394487     DEBUG main            d.u.i.k.p.i.IntermediateProofReplayer Proof replay took 438.4ns 
394487     DEBUG main            d.u.i.k.p.r.p.TestFile    ... success: reloaded. 
394488     INFO  main            d.u.i.k.p.r.p.TestFile    Now processing file /home/runner/work/key/key/key.core/../key.ui/examples/standard_key/polySimp/simplify15.key 
394488     INFO  main            d.u.i.k.p.i.AbstractProblemLoader Loading environment from /home/runner/work/key/key/key.core/../key.ui/examples/standard_key/polySimp/simplify15.key 
394488     DEBUG main            d.u.i.k.p.i.AbstractProblemLoader Environment load took 42ns 
394489     INFO  main            d.u.i.k.p.i.AbstractProblemLoader Creating init config 
396912     DEBUG main            d.u.i.k.p.i.AbstractProblemLoader Init config took 2.42s 
396925     INFO  main            d.u.i.k.p.i.AbstractProblemLoader Replaying proof simplify15.key 
396926     DEBUG main            d.u.i.k.p.i.IntermediateProofReplayer Proof replay took 3.9ns 
397027     INFO  main            d.u.i.k.p.r.p.TestFile    ... finished proof: closed. 
397468     INFO  main            d.u.i.k.p.i.AbstractProblemLoader Loading environment from /home/runner/work/key/key/key.core/../key.ui/examples/standard_key/polySimp/simplify15.key.proof 
397468     DEBUG main            d.u.i.k.p.i.AbstractProblemLoader Environment load took 93.8ns 
397469     INFO  main            d.u.i.k.p.i.AbstractProblemLoader Creating init config 
399865     DEBUG main            d.u.i.k.p.i.AbstractProblemLoader Init config took 2.4s 
399877     INFO  main            d.u.i.k.p.i.AbstractProblemLoader Replaying proof simplify15.key.proof 
399879     DEBUG main            d.u.i.k.p.i.IntermediateProofReplayer Proof replay took 304.9ns 
399879     DEBUG main            d.u.i.k.p.r.p.TestFile    ... success: reloaded. 
399880     INFO  main            d.u.i.k.p.r.p.TestFile    Now processing file /home/runner/work/key/key/key.core/../key.ui/examples/standard_key/polySimp/simplify16.key 
399880     INFO  main            d.u.i.k.p.i.AbstractProblemLoader Loading environment from /home/runner/work/key/key/key.core/../key.ui/examples/standard_key/polySimp/simplify16.key 
399880     DEBUG main            d.u.i.k.p.i.AbstractProblemLoader Environment load took 62.7ns 
399881     INFO  main            d.u.i.k.p.i.AbstractProblemLoader Creating init config 
402315     DEBUG main            d.u.i.k.p.i.AbstractProblemLoader Init config took 2.43s 
402328     INFO  main            d.u.i.k.p.i.AbstractProblemLoader Replaying proof simplify16.key 
402329     DEBUG main            d.u.i.k.p.i.IntermediateProofReplayer Proof replay took 3ns 
402431     INFO  main            d.u.i.k.p.r.p.TestFile    ... finished proof: closed. 
402873     INFO  main            d.u.i.k.p.i.AbstractProblemLoader Loading environment from /home/runner/work/key/key/key.core/../key.ui/examples/standard_key/polySimp/simplify16.key.proof 
402873     DEBUG main            d.u.i.k.p.i.AbstractProblemLoader Environment load took 79.1ns 
402874     INFO  main            d.u.i.k.p.i.AbstractProblemLoader Creating init config 
405265     DEBUG main            d.u.i.k.p.i.AbstractProblemLoader Init config took 2.39s 
405278     INFO  main            d.u.i.k.p.i.AbstractProblemLoader Replaying proof simplify16.key.proof 
405279     DEBUG main            d.u.i.k.p.i.IntermediateProofReplayer Proof replay took 214.5ns 
405279     DEBUG main            d.u.i.k.p.r.p.TestFile    ... success: reloaded. 
405280     INFO  main            d.u.i.k.p.r.p.TestFile    Now processing file /home/runner/work/key/key/key.core/../key.ui/examples/standard_key/polySimp/simplify17.key 
405280     INFO  main            d.u.i.k.p.i.AbstractProblemLoader Loading environment from /home/runner/work/key/key/key.core/../key.ui/examples/standard_key/polySimp/simplify17.key 
405280     DEBUG main            d.u.i.k.p.i.AbstractProblemLoader Environment load took 42.7ns 
405281     INFO  main            d.u.i.k.p.i.AbstractProblemLoader Creating init config 
407711     DEBUG main            d.u.i.k.p.i.AbstractProblemLoader Init config took 2.43s 
407724     INFO  main            d.u.i.k.p.i.AbstractProblemLoader Replaying proof simplify17.key 
407725     DEBUG main            d.u.i.k.p.i.IntermediateProofReplayer Proof replay took 3.3ns 
407827     INFO  main            d.u.i.k.p.r.p.TestFile    ... finished proof: closed. 
408270     INFO  main            d.u.i.k.p.i.AbstractProblemLoader Loading environment from /home/runner/work/key/key/key.core/../key.ui/examples/standard_key/polySimp/simplify17.key.proof 
408270     DEBUG main            d.u.i.k.p.i.AbstractProblemLoader Environment load took 79.5ns 
408271     INFO  main            d.u.i.k.p.i.AbstractProblemLoader Creating init config 
410665     DEBUG main            d.u.i.k.p.i.AbstractProblemLoader Init config took 2.39s 
410678     INFO  main            d.u.i.k.p.i.AbstractProblemLoader Replaying proof simplify17.key.proof 
410682     DEBUG main            d.u.i.k.p.i.IntermediateProofReplayer Proof replay took 2.7ms 
410682     DEBUG main            d.u.i.k.p.r.p.TestFile    ... success: reloaded. 
410683     INFO  main            d.u.i.k.p.r.p.TestFile    Now processing file /home/runner/work/key/key/key.core/../key.ui/examples/standard_key/polySimp/simplify18.key 
410683     INFO  main            d.u.i.k.p.i.AbstractProblemLoader Loading environment from /home/runner/work/key/key/key.core/../key.ui/examples/standard_key/polySimp/simplify18.key 
410683     DEBUG main            d.u.i.k.p.i.AbstractProblemLoader Environment load took 43.7ns 
410684     INFO  main            d.u.i.k.p.i.AbstractProblemLoader Creating init config 
413166     DEBUG main            d.u.i.k.p.i.AbstractProblemLoader Init config took 2.48s 
413185     INFO  main            d.u.i.k.p.i.AbstractProblemLoader Replaying proof simplify18.key 
413186     DEBUG main            d.u.i.k.p.i.IntermediateProofReplayer Proof replay took 4.8ns 
413389     INFO  main            d.u.i.k.p.r.p.TestFile    ... finished proof: closed. 
413962     INFO  main            d.u.i.k.p.i.AbstractProblemLoader Loading environment from /home/runner/work/key/key/key.core/../key.ui/examples/standard_key/polySimp/simplify18.key.proof 
413962     DEBUG main            d.u.i.k.p.i.AbstractProblemLoader Environment load took 84.7ns 
413964     INFO  main            d.u.i.k.p.i.AbstractProblemLoader Creating init config 
416368     DEBUG main            d.u.i.k.p.i.AbstractProblemLoader Init config took 2.4s 
416381     INFO  main            d.u.i.k.p.i.AbstractProblemLoader Replaying proof simplify18.key.proof 
416389     DEBUG main            d.u.i.k.p.i.IntermediateProofReplayer Proof replay took 5.89ms 
416390     DEBUG main            d.u.i.k.p.r.p.TestFile    ... success: reloaded. 
416390     INFO  main            d.u.i.k.p.r.p.TestFile    Now processing file /home/runner/work/key/key/key.core/../key.ui/examples/standard_key/polySimp/simplify19.key 
416391     INFO  main            d.u.i.k.p.i.AbstractProblemLoader Loading environment from /home/runner/work/key/key/key.core/../key.ui/examples/standard_key/polySimp/simplify19.key 
416391     DEBUG main            d.u.i.k.p.i.AbstractProblemLoader Environment load took 63.2ns 
416392     INFO  main            d.u.i.k.p.i.AbstractProblemLoader Creating init config 
418824     DEBUG main            d.u.i.k.p.i.AbstractProblemLoader Init config took 2.43s 
418837     INFO  main            d.u.i.k.p.i.AbstractProblemLoader Replaying proof simplify19.key 
418838     DEBUG main            d.u.i.k.p.i.IntermediateProofReplayer Proof replay took 3.1ns 
421961     INFO  main            d.u.i.k.p.r.p.TestFile    ... finished proof: closed. 
422456     INFO  main            d.u.i.k.p.i.AbstractProblemLoader Loading environment from /home/runner/work/key/key/key.core/../key.ui/examples/standard_key/polySimp/simplify19.key.proof 
422457     DEBUG main            d.u.i.k.p.i.AbstractProblemLoader Environment load took 386ns 
422458     INFO  main            d.u.i.k.p.i.AbstractProblemLoader Creating init config 
424884     DEBUG main            d.u.i.k.p.i.AbstractProblemLoader Init config took 2.43s 
424898     INFO  main            d.u.i.k.p.i.AbstractProblemLoader Replaying proof simplify19.key.proof 
424998     DEBUG main            d.u.i.k.p.i.IntermediateProofReplayer Proof replay took 87.36ms 
424999     DEBUG main            d.u.i.k.p.r.p.TestFile    ... success: reloaded. 
425000     INFO  main            d.u.i.k.p.r.p.TestFile    Now processing file /home/runner/work/key/key/key.core/../key.ui/examples/standard_key/polySimp/simplify2.key 
425000     INFO  main            d.u.i.k.p.i.AbstractProblemLoader Loading environment from /home/runner/work/key/key/key.core/../key.ui/examples/standard_key/polySimp/simplify2.key 
425000     DEBUG main            d.u.i.k.p.i.AbstractProblemLoader Environment load took 59.6ns 
425001     INFO  main            d.u.i.k.p.i.AbstractProblemLoader Creating init config 
427439     DEBUG main            d.u.i.k.p.i.AbstractProblemLoader Init config took 2.44s 
427452     INFO  main            d.u.i.k.p.i.AbstractProblemLoader Replaying proof simplify2.key 
427455     DEBUG main            d.u.i.k.p.i.IntermediateProofReplayer Proof replay took 3.6ns 
427556     INFO  main            d.u.i.k.p.r.p.TestFile    ... finished proof: closed. 
428068     INFO  main            d.u.i.k.p.i.AbstractProblemLoader Loading environment from /home/runner/work/key/key/key.core/../key.ui/examples/standard_key/polySimp/simplify2.key.proof 
428068     DEBUG main            d.u.i.k.p.i.AbstractProblemLoader Environment load took 78.2ns 
428069     INFO  main            d.u.i.k.p.i.AbstractProblemLoader Creating init config 
430451     DEBUG main            d.u.i.k.p.i.AbstractProblemLoader Init config took 2.38s 
430464     INFO  main            d.u.i.k.p.i.AbstractProblemLoader Replaying proof simplify2.key.proof 
430466     DEBUG main            d.u.i.k.p.i.IntermediateProofReplayer Proof replay took 500.2ns 
430466     DEBUG main            d.u.i.k.p.r.p.TestFile    ... success: reloaded. 
430467     INFO  main            d.u.i.k.p.r.p.TestFile    Now processing file /home/runner/work/key/key/key.core/../key.ui/examples/standard_key/polySimp/simplify20.key 
430467     INFO  main            d.u.i.k.p.i.AbstractProblemLoader Loading environment from /home/runner/work/key/key/key.core/../key.ui/examples/standard_key/polySimp/simplify20.key 
430467     DEBUG main            d.u.i.k.p.i.AbstractProblemLoader Environment load took 40.2ns 
430468     INFO  main            d.u.i.k.p.i.AbstractProblemLoader Creating init config 
432897     DEBUG main            d.u.i.k.p.i.AbstractProblemLoader Init config took 2.43s 
432909     INFO  main            d.u.i.k.p.i.AbstractProblemLoader Replaying proof simplify20.key 
432910     DEBUG main            d.u.i.k.p.i.IntermediateProofReplayer Proof replay took 3.3ns 
433514     INFO  main            d.u.i.k.p.r.p.TestFile    ... finished proof: closed. 
434007     INFO  main            d.u.i.k.p.i.AbstractProblemLoader Loading environment from /home/runner/work/key/key/key.core/../key.ui/examples/standard_key/polySimp/simplify20.key.proof 
434007     DEBUG main            d.u.i.k.p.i.AbstractProblemLoader Environment load took 324.6ns 
434009     INFO  main            d.u.i.k.p.i.AbstractProblemLoader Creating init config 
436390     DEBUG main            d.u.i.k.p.i.AbstractProblemLoader Init config took 2.38s 
436404     INFO  main            d.u.i.k.p.i.AbstractProblemLoader Replaying proof simplify20.key.proof 
436433     DEBUG main            d.u.i.k.p.i.IntermediateProofReplayer Proof replay took 24.57ms 
436434     DEBUG main            d.u.i.k.p.r.p.TestFile    ... success: reloaded. 
436435     INFO  main            d.u.i.k.p.r.p.TestFile    Now processing file /home/runner/work/key/key/key.core/../key.ui/examples/standard_key/polySimp/simplify21.key 
436435     INFO  main            d.u.i.k.p.i.AbstractProblemLoader Loading environment from /home/runner/work/key/key/key.core/../key.ui/examples/standard_key/polySimp/simplify21.key 
436435     DEBUG main            d.u.i.k.p.i.AbstractProblemLoader Environment load took 78.5ns 
436437     INFO  main            d.u.i.k.p.i.AbstractProblemLoader Creating init config 
438876     DEBUG main            d.u.i.k.p.i.AbstractProblemLoader Init config took 2.44s 
438890     INFO  main            d.u.i.k.p.i.AbstractProblemLoader Replaying proof simplify21.key 
438891     DEBUG main            d.u.i.k.p.i.IntermediateProofReplayer Proof replay took 3.1ns 
439496     INFO  main            d.u.i.k.p.r.p.TestFile    ... finished proof: closed. 
440016     INFO  main            d.u.i.k.p.i.AbstractProblemLoader Loading environment from /home/runner/work/key/key/key.core/../key.ui/examples/standard_key/polySimp/simplify21.key.proof 
440016     DEBUG main            d.u.i.k.p.i.AbstractProblemLoader Environment load took 84.8ns 
440018     INFO  main            d.u.i.k.p.i.AbstractProblemLoader Creating init config 
442425     DEBUG main            d.u.i.k.p.i.AbstractProblemLoader Init config took 2.41s 
442441     INFO  main            d.u.i.k.p.i.AbstractProblemLoader Replaying proof simplify21.key.proof 
442463     DEBUG main            d.u.i.k.p.i.IntermediateProofReplayer Proof replay took 17.96ms 
442465     DEBUG main            d.u.i.k.p.r.p.TestFile    ... success: reloaded. 
442465     INFO  main            d.u.i.k.p.r.p.TestFile    Now processing file /home/runner/work/key/key/key.core/../key.ui/examples/standard_key/polySimp/simplify22.key 
442466     INFO  main            d.u.i.k.p.i.AbstractProblemLoader Loading environment from /home/runner/work/key/key/key.core/../key.ui/examples/standard_key/polySimp/simplify22.key 
442466     DEBUG main            d.u.i.k.p.i.AbstractProblemLoader Environment load took 46.9ns 
442466     INFO  main            d.u.i.k.p.i.AbstractProblemLoader Creating init config 
444918     DEBUG main            d.u.i.k.p.i.AbstractProblemLoader Init config took 2.45s 
444931     INFO  main            d.u.i.k.p.i.AbstractProblemLoader Replaying proof simplify22.key 
444932     DEBUG main            d.u.i.k.p.i.IntermediateProofReplayer Proof replay took 3.3ns 
445033     INFO  main            d.u.i.k.p.r.p.TestFile    ... finished proof: closed. 
445533     INFO  main            d.u.i.k.p.i.AbstractProblemLoader Loading environment from /home/runner/work/key/key/key.core/../key.ui/examples/standard_key/polySimp/simplify22.key.proof 
445533     DEBUG main            d.u.i.k.p.i.AbstractProblemLoader Environment load took 84.5ns 
445534     INFO  main            d.u.i.k.p.i.AbstractProblemLoader Creating init config 
447916     DEBUG main            d.u.i.k.p.i.AbstractProblemLoader Init config took 2.38s 
447931     INFO  main            d.u.i.k.p.i.AbstractProblemLoader Replaying proof simplify22.key.proof 
447935     DEBUG main            d.u.i.k.p.i.IntermediateProofReplayer Proof replay took 2.21ms 
447936     DEBUG main            d.u.i.k.p.r.p.TestFile    ... success: reloaded. 
447936     INFO  main            d.u.i.k.p.r.p.TestFile    Now processing file /home/runner/work/key/key/key.core/../key.ui/examples/standard_key/polySimp/simplify23.key 
447936     INFO  main            d.u.i.k.p.i.AbstractProblemLoader Loading environment from /home/runner/work/key/key/key.core/../key.ui/examples/standard_key/polySimp/simplify23.key 
447937     DEBUG main            d.u.i.k.p.i.AbstractProblemLoader Environment load took 75.1ns 
447937     INFO  main            d.u.i.k.p.i.AbstractProblemLoader Creating init config 
450363     DEBUG main            d.u.i.k.p.i.AbstractProblemLoader Init config took 2.43s 
450376     INFO  main            d.u.i.k.p.i.AbstractProblemLoader Replaying proof simplify23.key 
450377     DEBUG main            d.u.i.k.p.i.IntermediateProofReplayer Proof replay took 2.8ns 
450479     INFO  main            d.u.i.k.p.r.p.TestFile    ... finished proof: closed. 
450972     INFO  main            d.u.i.k.p.i.AbstractProblemLoader Loading environment from /home/runner/work/key/key/key.core/../key.ui/examples/standard_key/polySimp/simplify23.key.proof 
450972     DEBUG main            d.u.i.k.p.i.AbstractProblemLoader Environment load took 87.2ns 
450973     INFO  main            d.u.i.k.p.i.AbstractProblemLoader Creating init config 
453362     DEBUG main            d.u.i.k.p.i.AbstractProblemLoader Init config took 2.39s 
453375     INFO  main            d.u.i.k.p.i.AbstractProblemLoader Replaying proof simplify23.key.proof 
453382     DEBUG main            d.u.i.k.p.i.IntermediateProofReplayer Proof replay took 5.05ms 
453383     DEBUG main            d.u.i.k.p.r.p.TestFile    ... success: reloaded. 
453383     INFO  main            d.u.i.k.p.r.p.TestFile    Now processing file /home/runner/work/key/key/key.core/../key.ui/examples/standard_key/polySimp/simplify24.key 
453383     INFO  main            d.u.i.k.p.i.AbstractProblemLoader Loading environment from /home/runner/work/key/key/key.core/../key.ui/examples/standard_key/polySimp/simplify24.key 
453383     DEBUG main            d.u.i.k.p.i.AbstractProblemLoader Environment load took 42.9ns 
453384     INFO  main            d.u.i.k.p.i.AbstractProblemLoader Creating init config 
455812     DEBUG main            d.u.i.k.p.i.AbstractProblemLoader Init config took 2.43s 
455825     INFO  main            d.u.i.k.p.i.AbstractProblemLoader Replaying proof simplify24.key 
455826     DEBUG main            d.u.i.k.p.i.IntermediateProofReplayer Proof replay took 3.2ns 
455930     INFO  main            d.u.i.k.p.r.p.TestFile    ... finished proof: closed. 
456429     INFO  main            d.u.i.k.p.i.AbstractProblemLoader Loading environment from /home/runner/work/key/key/key.core/../key.ui/examples/standard_key/polySimp/simplify24.key.proof 
456429     DEBUG main            d.u.i.k.p.i.AbstractProblemLoader Environment load took 78.1ns 
456430     INFO  main            d.u.i.k.p.i.AbstractProblemLoader Creating init config 
458814     DEBUG main            d.u.i.k.p.i.AbstractProblemLoader Init config took 2.38s 
458827     INFO  main            d.u.i.k.p.i.AbstractProblemLoader Replaying proof simplify24.key.proof 
458829     DEBUG main            d.u.i.k.p.i.IntermediateProofReplayer Proof replay took 1.02ms 
458830     DEBUG main            d.u.i.k.p.r.p.TestFile    ... success: reloaded. 
458830     INFO  main            d.u.i.k.p.r.p.TestFile    Now processing file /home/runner/work/key/key/key.core/../key.ui/examples/standard_key/polySimp/simplify25.key 
458831     INFO  main            d.u.i.k.p.i.AbstractProblemLoader Loading environment from /home/runner/work/key/key/key.core/../key.ui/examples/standard_key/polySimp/simplify25.key 
458831     DEBUG main            d.u.i.k.p.i.AbstractProblemLoader Environment load took 57.6ns 
458831     INFO  main            d.u.i.k.p.i.AbstractProblemLoader Creating init config 
461259     DEBUG main            d.u.i.k.p.i.AbstractProblemLoader Init config took 2.43s 
461274     INFO  main            d.u.i.k.p.i.AbstractProblemLoader Replaying proof simplify25.key 
461274     DEBUG main            d.u.i.k.p.i.IntermediateProofReplayer Proof replay took 3.2ns 
461376     INFO  main            d.u.i.k.p.r.p.TestFile    ... finished proof: closed. 
461874     INFO  main            d.u.i.k.p.i.AbstractProblemLoader Loading environment from /home/runner/work/key/key/key.core/../key.ui/examples/standard_key/polySimp/simplify25.key.proof 
461874     DEBUG main            d.u.i.k.p.i.AbstractProblemLoader Environment load took 82.4ns 
461875     INFO  main            d.u.i.k.p.i.AbstractProblemLoader Creating init config 
464271     DEBUG main            d.u.i.k.p.i.AbstractProblemLoader Init config took 2.4s 
464284     INFO  main            d.u.i.k.p.i.AbstractProblemLoader Replaying proof simplify25.key.proof 
464287     DEBUG main            d.u.i.k.p.i.IntermediateProofReplayer Proof replay took 1.38ms 
464287     DEBUG main            d.u.i.k.p.r.p.TestFile    ... success: reloaded. 
464288     INFO  main            d.u.i.k.p.r.p.TestFile    Now processing file /home/runner/work/key/key/key.core/../key.ui/examples/standard_key/polySimp/simplify3.key 
464288     INFO  main            d.u.i.k.p.i.AbstractProblemLoader Loading environment from /home/runner/work/key/key/key.core/../key.ui/examples/standard_key/polySimp/simplify3.key 
464288     DEBUG main            d.u.i.k.p.i.AbstractProblemLoader Environment load took 40.8ns 
464289     INFO  main            d.u.i.k.p.i.AbstractProblemLoader Creating init config 
466713     DEBUG main            d.u.i.k.p.i.AbstractProblemLoader Init config took 2.42s 
466726     INFO  main            d.u.i.k.p.i.AbstractProblemLoader Replaying proof simplify3.key 
466727     DEBUG main            d.u.i.k.p.i.IntermediateProofReplayer Proof replay took 3ns 
466828     INFO  main            d.u.i.k.p.r.p.TestFile    ... finished proof: closed. 
467323     INFO  main            d.u.i.k.p.i.AbstractProblemLoader Loading environment from /home/runner/work/key/key/key.core/../key.ui/examples/standard_key/polySimp/simplify3.key.proof 
467323     DEBUG main            d.u.i.k.p.i.AbstractProblemLoader Environment load took 77.8ns 
467324     INFO  main            d.u.i.k.p.i.AbstractProblemLoader Creating init config 
469708     DEBUG main            d.u.i.k.p.i.AbstractProblemLoader Init config took 2.38s 
469720     INFO  main            d.u.i.k.p.i.AbstractProblemLoader Replaying proof simplify3.key.proof 
469722     DEBUG main            d.u.i.k.p.i.IntermediateProofReplayer Proof replay took 495.7ns 
469723     DEBUG main            d.u.i.k.p.r.p.TestFile    ... success: reloaded. 
469723     INFO  main            d.u.i.k.p.r.p.TestFile    Now processing file /home/runner/work/key/key/key.core/../key.ui/examples/standard_key/polySimp/simplify4.key 
469723     INFO  main            d.u.i.k.p.i.AbstractProblemLoader Loading environment from /home/runner/work/key/key/key.core/../key.ui/examples/standard_key/polySimp/simplify4.key 
469723     DEBUG main            d.u.i.k.p.i.AbstractProblemLoader Environment load took 40.3ns 
469724     INFO  main            d.u.i.k.p.i.AbstractProblemLoader Creating init config 
472159     DEBUG main            d.u.i.k.p.i.AbstractProblemLoader Init config took 2.44s 
472172     INFO  main            d.u.i.k.p.i.AbstractProblemLoader Replaying proof simplify4.key 
472173     DEBUG main            d.u.i.k.p.i.IntermediateProofReplayer Proof replay took 3.4ns 
472274     INFO  main            d.u.i.k.p.r.p.TestFile    ... finished proof: closed. 
472794     INFO  main            d.u.i.k.p.i.AbstractProblemLoader Loading environment from /home/runner/work/key/key/key.core/../key.ui/examples/standard_key/polySimp/simplify4.key.proof 
472794     DEBUG main            d.u.i.k.p.i.AbstractProblemLoader Environment load took 84.2ns 
472795     INFO  main            d.u.i.k.p.i.AbstractProblemLoader Creating init config 
475262     DEBUG main            d.u.i.k.p.i.AbstractProblemLoader Init config took 2.47s 
475279     INFO  main            d.u.i.k.p.i.AbstractProblemLoader Replaying proof simplify4.key.proof 
475282     DEBUG main            d.u.i.k.p.i.IntermediateProofReplayer Proof replay took 1.43ms 
475283     DEBUG main            d.u.i.k.p.r.p.TestFile    ... success: reloaded. 
475283     INFO  main            d.u.i.k.p.r.p.TestFile    Now processing file /home/runner/work/key/key/key.core/../key.ui/examples/standard_key/polySimp/simplify5.key 
475284     INFO  main            d.u.i.k.p.i.AbstractProblemLoader Loading environment from /home/runner/work/key/key/key.core/../key.ui/examples/standard_key/polySimp/simplify5.key 
475286     DEBUG main            d.u.i.k.p.i.AbstractProblemLoader Environment load took 2.24ms 
475287     INFO  main            d.u.i.k.p.i.AbstractProblemLoader Creating init config 
477829     DEBUG main            d.u.i.k.p.i.AbstractProblemLoader Init config took 2.54s 
477842     INFO  main            d.u.i.k.p.i.AbstractProblemLoader Replaying proof simplify5.key 
477843     DEBUG main            d.u.i.k.p.i.IntermediateProofReplayer Proof replay took 3.3ns 
477944     INFO  main            d.u.i.k.p.r.p.TestFile    ... finished proof: closed. 
478448     INFO  main            d.u.i.k.p.i.AbstractProblemLoader Loading environment from /home/runner/work/key/key/key.core/../key.ui/examples/standard_key/polySimp/simplify5.key.proof 
478448     DEBUG main            d.u.i.k.p.i.AbstractProblemLoader Environment load took 74.5ns 
478449     INFO  main            d.u.i.k.p.i.AbstractProblemLoader Creating init config 
480909     DEBUG main            d.u.i.k.p.i.AbstractProblemLoader Init config took 2.46s 
480961     INFO  main            d.u.i.k.p.i.AbstractProblemLoader Replaying proof simplify5.key.proof 
480966     DEBUG main            d.u.i.k.p.i.IntermediateProofReplayer Proof replay took 2.68ms 
480966     DEBUG main            d.u.i.k.p.r.p.TestFile    ... success: reloaded. 
480967     INFO  main            d.u.i.k.p.r.p.TestFile    Now processing file /home/runner/work/key/key/key.core/../key.ui/examples/standard_key/polySimp/simplify6.key 
480967     INFO  main            d.u.i.k.p.i.AbstractProblemLoader Loading environment from /home/runner/work/key/key/key.core/../key.ui/examples/standard_key/polySimp/simplify6.key 
480967     DEBUG main            d.u.i.k.p.i.AbstractProblemLoader Environment load took 54.1ns 
480968     INFO  main            d.u.i.k.p.i.AbstractProblemLoader Creating init config 
483526     DEBUG main            d.u.i.k.p.i.AbstractProblemLoader Init config took 2.56s 
483540     INFO  main            d.u.i.k.p.i.AbstractProblemLoader Replaying proof simplify6.key 
483541     DEBUG main            d.u.i.k.p.i.IntermediateProofReplayer Proof replay took 2.8ns 
483643     INFO  main            d.u.i.k.p.r.p.TestFile    ... finished proof: closed. 
484145     INFO  main            d.u.i.k.p.i.AbstractProblemLoader Loading environment from /home/runner/work/key/key/key.core/../key.ui/examples/standard_key/polySimp/simplify6.key.proof 
484145     DEBUG main            d.u.i.k.p.i.AbstractProblemLoader Environment load took 74.7ns 
484146     INFO  main            d.u.i.k.p.i.AbstractProblemLoader Creating init config 
486812     DEBUG main            d.u.i.k.p.i.AbstractProblemLoader Init config took 2.67s 
486827     INFO  main            d.u.i.k.p.i.AbstractProblemLoader Replaying proof simplify6.key.proof 
486830     DEBUG main            d.u.i.k.p.i.IntermediateProofReplayer Proof replay took 179.5ns 
486831     DEBUG main            d.u.i.k.p.r.p.TestFile    ... success: reloaded. 
486831     INFO  main            d.u.i.k.p.r.p.TestFile    Now processing file /home/runner/work/key/key/key.core/../key.ui/examples/standard_key/polySimp/simplify7.key 
486832     INFO  main            d.u.i.k.p.i.AbstractProblemLoader Loading environment from /home/runner/work/key/key/key.core/../key.ui/examples/standard_key/polySimp/simplify7.key 
486832     DEBUG main            d.u.i.k.p.i.AbstractProblemLoader Environment load took 174.4ns 
486833     INFO  main            d.u.i.k.p.i.AbstractProblemLoader Creating init config 
489340     DEBUG main            d.u.i.k.p.i.AbstractProblemLoader Init config took 2.51s 
489353     INFO  main            d.u.i.k.p.i.AbstractProblemLoader Replaying proof simplify7.key 
489354     DEBUG main            d.u.i.k.p.i.IntermediateProofReplayer Proof replay took 3.4ns 
489455     INFO  main            d.u.i.k.p.r.p.TestFile    ... finished proof: closed. 
489974     INFO  main            d.u.i.k.p.i.AbstractProblemLoader Loading environment from /home/runner/work/key/key/key.core/../key.ui/examples/standard_key/polySimp/simplify7.key.proof 
489974     DEBUG main            d.u.i.k.p.i.AbstractProblemLoader Environment load took 81.6ns 
489975     INFO  main            d.u.i.k.p.i.AbstractProblemLoader Creating init config 
492356     DEBUG main            d.u.i.k.p.i.AbstractProblemLoader Init config took 2.38s 
492369     INFO  main            d.u.i.k.p.i.AbstractProblemLoader Replaying proof simplify7.key.proof 
492371     DEBUG main            d.u.i.k.p.i.IntermediateProofReplayer Proof replay took 263.8ns 
492371     DEBUG main            d.u.i.k.p.r.p.TestFile    ... success: reloaded. 
492372     INFO  main            d.u.i.k.p.r.p.TestFile    Now processing file /home/runner/work/key/key/key.core/../key.ui/examples/standard_key/polySimp/simplify8.key 
492372     INFO  main            d.u.i.k.p.i.AbstractProblemLoader Loading environment from /home/runner/work/key/key/key.core/../key.ui/examples/standard_key/polySimp/simplify8.key 
492372     DEBUG main            d.u.i.k.p.i.AbstractProblemLoader Environment load took 44.6ns 
492375     INFO  main            d.u.i.k.p.i.AbstractProblemLoader Creating init config 
494786     DEBUG main            d.u.i.k.p.i.AbstractProblemLoader Init config took 2.41s 
494799     INFO  main            d.u.i.k.p.i.AbstractProblemLoader Replaying proof simplify8.key 
494800     DEBUG main            d.u.i.k.p.i.IntermediateProofReplayer Proof replay took 3.5ns 
498543     INFO  main            d.u.i.k.p.r.p.TestFile    ... finished proof: closed. 
499093     INFO  main            d.u.i.k.p.i.AbstractProblemLoader Loading environment from /home/runner/work/key/key/key.core/../key.ui/examples/standard_key/polySimp/simplify8.key.proof 
499093     DEBUG main            d.u.i.k.p.i.AbstractProblemLoader Environment load took 84.3ns 
499095     INFO  main            d.u.i.k.p.i.AbstractProblemLoader Creating init config 
501487     DEBUG main            d.u.i.k.p.i.AbstractProblemLoader Init config took 2.39s 
501502     INFO  main            d.u.i.k.p.i.AbstractProblemLoader Replaying proof simplify8.key.proof 
501546     DEBUG main            d.u.i.k.p.i.IntermediateProofReplayer Proof replay took 39.08ms 
501548     DEBUG main            d.u.i.k.p.r.p.TestFile    ... success: reloaded. 
501548     INFO  main            d.u.i.k.p.r.p.TestFile    Now processing file /home/runner/work/key/key/key.core/../key.ui/examples/standard_key/polySimp/simplify9.key 
501548     INFO  main            d.u.i.k.p.i.AbstractProblemLoader Loading environment from /home/runner/work/key/key/key.core/../key.ui/examples/standard_key/polySimp/simplify9.key 
501548     DEBUG main            d.u.i.k.p.i.AbstractProblemLoader Environment load took 44.2ns 
501550     INFO  main            d.u.i.k.p.i.AbstractProblemLoader Creating init config 
503966     DEBUG main            d.u.i.k.p.i.AbstractProblemLoader Init config took 2.42s 
503979     INFO  main            d.u.i.k.p.i.AbstractProblemLoader Replaying proof simplify9.key 
503980     DEBUG main            d.u.i.k.p.i.IntermediateProofReplayer Proof replay took 2.7ns 
504182     INFO  main            d.u.i.k.p.r.p.TestFile    ... finished proof: closed. 
504770     INFO  main            d.u.i.k.p.i.AbstractProblemLoader Loading environment from /home/runner/work/key/key/key.core/../key.ui/examples/standard_key/polySimp/simplify9.key.proof 
504770     DEBUG main            d.u.i.k.p.i.AbstractProblemLoader Environment load took 81.8ns 
504771     INFO  main            d.u.i.k.p.i.AbstractProblemLoader Creating init config 
507151     DEBUG main            d.u.i.k.p.i.AbstractProblemLoader Init config took 2.38s 
507165     INFO  main            d.u.i.k.p.i.AbstractProblemLoader Replaying proof simplify9.key.proof 
507170     DEBUG main            d.u.i.k.p.i.IntermediateProofReplayer Proof replay took 3.07ms 
507171     DEBUG main            d.u.i.k.p.r.p.TestFile    ... success: reloaded. 
2840789    INFO  Test worker     d.u.i.k.p.r.RunAllProofsTestUnit Returning from test arithmetic 
2840790    INFO  Test worker     d.u.i.k.p.r.RunAllProofsTestUnit Running test arrays 
310        INFO  Timeout watchdog d.u.i.k.p.r.p.ForkedTestFileRunner Timeout watcher launched (2000 secs.) 
313        WARN  main            d.u.i.k.s.ProofSettings   The settings in /home/runner/.key/proof-settings.props are *not* read. 
341        INFO  main            d.u.i.k.p.r.p.TestFile    Now processing file /home/runner/work/key/key/key.core/../key.ui/examples/standard_key/arrays/arrayStoreException/array2DimPrim.key 
448        INFO  main            d.u.i.k.p.i.AbstractProblemLoader Loading environment from /home/runner/work/key/key/key.core/../key.ui/examples/standard_key/arrays/arrayStoreException/array2DimPrim.key 
470        DEBUG main            d.u.i.k.p.i.AbstractProblemLoader Environment load took 2.26ms 
749        INFO  main            d.u.i.k.p.i.AbstractProblemLoader Creating init config 
1639       DEBUG main            d.u.i.k.j.TypeConverter   No LDT found for Meta 
1639       DEBUG main            d.u.i.k.j.TypeConverter   No LDT found for Meta 
1643       DEBUG main            d.u.i.k.j.TypeConverter   No LDT found for Meta 
1643       DEBUG main            d.u.i.k.j.TypeConverter   No LDT found for Meta 
3221       DEBUG main            d.u.i.k.j.TypeConverter   No LDT found for JavaBigintExpression 
7955       DEBUG main            d.u.i.k.p.i.AbstractProblemLoader Init config took 7.21s 
8052       INFO  main            d.u.i.k.p.i.AbstractProblemLoader Replaying proof array2DimPrim.key 
8096       DEBUG main            d.u.i.k.p.i.IntermediateProofReplayer Proof replay took 33.7ns 
11916      INFO  main            d.u.i.k.p.r.p.TestFile    ... finished proof: closed. 
12109      INFO  main            d.u.i.k.p.i.AbstractProblemLoader Loading environment from /home/runner/work/key/key/key.core/../key.ui/examples/standard_key/arrays/arrayStoreException/array2DimPrim.key.proof 
12113      DEBUG main            d.u.i.k.p.i.AbstractProblemLoader Environment load took 4.21ms 
12119      INFO  main            d.u.i.k.p.i.AbstractProblemLoader Creating init config 
14780      DEBUG main            d.u.i.k.p.i.AbstractProblemLoader Init config took 2.66s 
14813      INFO  main            d.u.i.k.p.i.AbstractProblemLoader Replaying proof array2DimPrim.key.proof 
15238      DEBUG main            d.u.i.k.p.i.IntermediateProofReplayer Proof replay took 395.11ms 
15251      DEBUG main            d.u.i.k.p.r.p.TestFile    ... success: reloaded. 
15253      INFO  main            d.u.i.k.p.r.p.TestFile    Now processing file /home/runner/work/key/key/key.core/../key.ui/examples/standard_key/arrays/arrayStoreException/arrayStoreKnownDynType.key 
15253      INFO  main            d.u.i.k.p.i.AbstractProblemLoader Loading environment from /home/runner/work/key/key/key.core/../key.ui/examples/standard_key/arrays/arrayStoreException/arrayStoreKnownDynType.key 
15254      DEBUG main            d.u.i.k.p.i.AbstractProblemLoader Environment load took 231.9ns 
15255      INFO  main            d.u.i.k.p.i.AbstractProblemLoader Creating init config 
17888      DEBUG main            d.u.i.k.p.i.AbstractProblemLoader Init config took 2.63s 
17917      INFO  main            d.u.i.k.p.i.AbstractProblemLoader Replaying proof arrayStoreKnownDynType.key 
17919      DEBUG main            d.u.i.k.p.i.IntermediateProofReplayer Proof replay took 6.3ns 
18123      INFO  main            d.u.i.k.p.r.p.TestFile    ... finished proof: closed. 
18355      INFO  main            d.u.i.k.p.i.AbstractProblemLoader Loading environment from /home/runner/work/key/key/key.core/../key.ui/examples/standard_key/arrays/arrayStoreException/arrayStoreKnownDynType.key.proof 
18355      DEBUG main            d.u.i.k.p.i.AbstractProblemLoader Environment load took 137.6ns 
18356      INFO  main            d.u.i.k.p.i.AbstractProblemLoader Creating init config 
20851      DEBUG main            d.u.i.k.p.i.AbstractProblemLoader Init config took 2.49s 
20876      INFO  main            d.u.i.k.p.i.AbstractProblemLoader Replaying proof arrayStoreKnownDynType.key.proof 
20911      DEBUG main            d.u.i.k.p.i.IntermediateProofReplayer Proof replay took 31.72ms 
20912      DEBUG main            d.u.i.k.p.r.p.TestFile    ... success: reloaded. 
20913      INFO  main            d.u.i.k.p.r.p.TestFile    Now processing file /home/runner/work/key/key/key.core/../key.ui/examples/standard_key/arrays/arrayStoreException/reverseArray.key 
20914      INFO  main            d.u.i.k.p.i.AbstractProblemLoader Loading environment from /home/runner/work/key/key/key.core/../key.ui/examples/standard_key/arrays/arrayStoreException/reverseArray.key 
20914      DEBUG main            d.u.i.k.p.i.AbstractProblemLoader Environment load took 221.5ns 
20916      INFO  main            d.u.i.k.p.i.AbstractProblemLoader Creating init config 
23490      DEBUG main            d.u.i.k.p.i.AbstractProblemLoader Init config took 2.57s 
23514      INFO  main            d.u.i.k.p.i.AbstractProblemLoader Replaying proof reverseArray.key 
23516      DEBUG main            d.u.i.k.p.i.IntermediateProofReplayer Proof replay took 7.7ns 
24121      INFO  main            d.u.i.k.p.r.p.TestFile    ... finished proof: closed. 
24276      INFO  main            d.u.i.k.p.i.AbstractProblemLoader Loading environment from /home/runner/work/key/key/key.core/../key.ui/examples/standard_key/arrays/arrayStoreException/reverseArray.key.proof 
24277      DEBUG main            d.u.i.k.p.i.AbstractProblemLoader Environment load took 443.3ns 
24280      INFO  main            d.u.i.k.p.i.AbstractProblemLoader Creating init config 
26766      DEBUG main            d.u.i.k.p.i.AbstractProblemLoader Init config took 2.49s 
26788      INFO  main            d.u.i.k.p.i.AbstractProblemLoader Replaying proof reverseArray.key.proof 
26913      DEBUG main            d.u.i.k.p.i.IntermediateProofReplayer Proof replay took 115.14ms 
26916      DEBUG main            d.u.i.k.p.r.p.TestFile    ... success: reloaded. 
26918      INFO  main            d.u.i.k.p.r.p.TestFile    Now processing file /home/runner/work/key/key/key.core/../key.ui/examples/standard_key/arrays/arrayStoreException/throwArrayStoreException.key 
26918      INFO  main            d.u.i.k.p.i.AbstractProblemLoader Loading environment from /home/runner/work/key/key/key.core/../key.ui/examples/standard_key/arrays/arrayStoreException/throwArrayStoreException.key 
26918      DEBUG main            d.u.i.k.p.i.AbstractProblemLoader Environment load took 105.9ns 
26921      INFO  main            d.u.i.k.p.i.AbstractProblemLoader Creating init config 
29401      DEBUG main            d.u.i.k.p.i.AbstractProblemLoader Init config took 2.48s 
29424      INFO  main            d.u.i.k.p.i.AbstractProblemLoader Replaying proof throwArrayStoreException.key 
29426      DEBUG main            d.u.i.k.p.i.IntermediateProofReplayer Proof replay took 6.1ns 
29832      INFO  main            d.u.i.k.p.r.p.TestFile    ... finished proof: closed. 
30036      INFO  main            d.u.i.k.p.i.AbstractProblemLoader Loading environment from /home/runner/work/key/key/key.core/../key.ui/examples/standard_key/arrays/arrayStoreException/throwArrayStoreException.key.proof 
30036      DEBUG main            d.u.i.k.p.i.AbstractProblemLoader Environment load took 441.7ns 
30038      INFO  main            d.u.i.k.p.i.AbstractProblemLoader Creating init config 
32496      DEBUG main            d.u.i.k.p.i.AbstractProblemLoader Init config took 2.46s 
32517      INFO  main            d.u.i.k.p.i.AbstractProblemLoader Replaying proof throwArrayStoreException.key.proof 
32588      DEBUG main            d.u.i.k.p.i.IntermediateProofReplayer Proof replay took 66.54ms 
32589      DEBUG main            d.u.i.k.p.r.p.TestFile    ... success: reloaded. 
32590      INFO  main            d.u.i.k.p.r.p.TestFile    Now processing file /home/runner/work/key/key/key.core/../key.ui/examples/standard_key/arrays/creation/arrayCreation1.key 
32590      INFO  main            d.u.i.k.p.i.AbstractProblemLoader Loading environment from /home/runner/work/key/key/key.core/../key.ui/examples/standard_key/arrays/creation/arrayCreation1.key 
32590      DEBUG main            d.u.i.k.p.i.AbstractProblemLoader Environment load took 85.1ns 
32591      INFO  main            d.u.i.k.p.i.AbstractProblemLoader Creating init config 
35027      DEBUG main            d.u.i.k.p.i.AbstractProblemLoader Init config took 2.44s 
35047      INFO  main            d.u.i.k.p.i.AbstractProblemLoader Replaying proof arrayCreation1.key 
35049      DEBUG main            d.u.i.k.p.i.IntermediateProofReplayer Proof replay took 7.8ns 
35255      INFO  main            d.u.i.k.p.r.p.TestFile    ... finished proof: closed. 
35416      INFO  main            d.u.i.k.p.i.AbstractProblemLoader Loading environment from /home/runner/work/key/key/key.core/../key.ui/examples/standard_key/arrays/creation/arrayCreation1.key.proof 
35416      DEBUG main            d.u.i.k.p.i.AbstractProblemLoader Environment load took 126.8ns 
35421      INFO  main            d.u.i.k.p.i.AbstractProblemLoader Creating init config 
37802      DEBUG main            d.u.i.k.p.i.AbstractProblemLoader Init config took 2.38s 
37822      INFO  main            d.u.i.k.p.i.AbstractProblemLoader Replaying proof arrayCreation1.key.proof 
37851      DEBUG main            d.u.i.k.p.i.IntermediateProofReplayer Proof replay took 19.65ms 
37852      DEBUG main            d.u.i.k.p.r.p.TestFile    ... success: reloaded. 
37853      INFO  main            d.u.i.k.p.r.p.TestFile    Now processing file /home/runner/work/key/key/key.core/../key.ui/examples/standard_key/arrays/arrayStoreException/array2Dim.key 
37853      INFO  main            d.u.i.k.p.i.AbstractProblemLoader Loading environment from /home/runner/work/key/key/key.core/../key.ui/examples/standard_key/arrays/arrayStoreException/array2Dim.key 
37854      DEBUG main            d.u.i.k.p.i.AbstractProblemLoader Environment load took 229.3ns 
37855      INFO  main            d.u.i.k.p.i.AbstractProblemLoader Creating init config 
40267      DEBUG main            d.u.i.k.p.i.AbstractProblemLoader Init config took 2.41s 
40287      INFO  main            d.u.i.k.p.i.AbstractProblemLoader Replaying proof array2Dim.key 
40290      DEBUG main            d.u.i.k.p.i.IntermediateProofReplayer Proof replay took 19.9ns 
43912      INFO  main            d.u.i.k.p.r.p.TestFile    ... finished proof: open goal(s) 
44153      INFO  main            d.u.i.k.p.r.p.TestFile    Now processing file /home/runner/work/key/key/key.core/../key.ui/examples/standard_key/arrays/arrayStoreException/array2DimClose.key 
44153      INFO  main            d.u.i.k.p.i.AbstractProblemLoader Loading environment from /home/runner/work/key/key/key.core/../key.ui/examples/standard_key/arrays/arrayStoreException/array2DimClose.key 
44153      DEBUG main            d.u.i.k.p.i.AbstractProblemLoader Environment load took 105ns 
44156      INFO  main            d.u.i.k.p.i.AbstractProblemLoader Creating init config 
46506      DEBUG main            d.u.i.k.p.i.AbstractProblemLoader Init config took 2.35s 
46526      INFO  main            d.u.i.k.p.i.AbstractProblemLoader Replaying proof array2DimClose.key 
46528      DEBUG main            d.u.i.k.p.i.IntermediateProofReplayer Proof replay took 12.2ns 
48839      INFO  main            d.u.i.k.p.r.p.TestFile    ... finished proof: open goal(s) 
49199      INFO  main            d.u.i.k.p.r.p.TestFile    Now processing file /home/runner/work/key/key/key.core/../key.ui/examples/standard_key/arrays/arrayStoreException/throwASEForPrim.key 
49199      INFO  main            d.u.i.k.p.i.AbstractProblemLoader Loading environment from /home/runner/work/key/key/key.core/../key.ui/examples/standard_key/arrays/arrayStoreException/throwASEForPrim.key 
49200      DEBUG main            d.u.i.k.p.i.AbstractProblemLoader Environment load took 74ns 
49201      INFO  main            d.u.i.k.p.i.AbstractProblemLoader Creating init config 
51506      DEBUG main            d.u.i.k.p.i.AbstractProblemLoader Init config took 2.31s 
51523      INFO  main            d.u.i.k.p.i.AbstractProblemLoader Replaying proof throwASEForPrim.key 
51524      DEBUG main            d.u.i.k.p.i.IntermediateProofReplayer Proof replay took 6.1ns 
55710      INFO  main            d.u.i.k.p.r.p.TestFile    ... finished proof: open goal(s) 
2896989    INFO  Test worker     d.u.i.k.p.r.RunAllProofsTestUnit Returning from test arrays 
2896990    INFO  Test worker     d.u.i.k.p.r.RunAllProofsTestUnit Running test javadl 
395        INFO  Timeout watchdog d.u.i.k.p.r.p.ForkedTestFileRunner Timeout watcher launched (2000 secs.) 
411        WARN  main            d.u.i.k.s.ProofSettings   The settings in /home/runner/.key/proof-settings.props are *not* read. 
472        INFO  main            d.u.i.k.p.r.p.TestFile    Now processing file /home/runner/work/key/key/key.core/../key.ui/examples/standard_key/instanceCreation/instanceCreation1.key 
608        INFO  main            d.u.i.k.p.i.AbstractProblemLoader Loading environment from /home/runner/work/key/key/key.core/../key.ui/examples/standard_key/instanceCreation/instanceCreation1.key 
625        DEBUG main            d.u.i.k.p.i.AbstractProblemLoader Environment load took 3.04ms 
865        INFO  main            d.u.i.k.p.i.AbstractProblemLoader Creating init config 
1780       DEBUG main            d.u.i.k.j.TypeConverter   No LDT found for Meta 
1782       DEBUG main            d.u.i.k.j.TypeConverter   No LDT found for Meta 
1785       DEBUG main            d.u.i.k.j.TypeConverter   No LDT found for Meta 
1786       DEBUG main            d.u.i.k.j.TypeConverter   No LDT found for Meta 
3149       DEBUG main            d.u.i.k.j.TypeConverter   No LDT found for JavaBigintExpression 
7946       DEBUG main            d.u.i.k.p.i.AbstractProblemLoader Init config took 7.08s 
8010       INFO  main            d.u.i.k.p.i.AbstractProblemLoader Replaying proof instanceCreation1.key 
8043       DEBUG main            d.u.i.k.p.i.IntermediateProofReplayer Proof replay took 31.5ns 
9078       INFO  main            d.u.i.k.p.r.p.TestFile    ... finished proof: closed. 
9204       INFO  main            d.u.i.k.p.i.AbstractProblemLoader Loading environment from /home/runner/work/key/key/key.core/../key.ui/examples/standard_key/instanceCreation/instanceCreation1.key.proof 
9205       DEBUG main            d.u.i.k.p.i.AbstractProblemLoader Environment load took 961.2ns 
9211       INFO  main            d.u.i.k.p.i.AbstractProblemLoader Creating init config 
12064      DEBUG main            d.u.i.k.p.i.AbstractProblemLoader Init config took 2.85s 
12095      INFO  main            d.u.i.k.p.i.AbstractProblemLoader Replaying proof instanceCreation1.key.proof 
12190      DEBUG main            d.u.i.k.p.i.IntermediateProofReplayer Proof replay took 83.18ms 
12201      DEBUG main            d.u.i.k.p.r.p.TestFile    ... success: reloaded. 
12202      INFO  main            d.u.i.k.p.r.p.TestFile    Now processing file /home/runner/work/key/key/key.core/../key.ui/examples/standard_key/instanceCreation/instanceCreation2.key 
12206      INFO  main            d.u.i.k.p.i.AbstractProblemLoader Loading environment from /home/runner/work/key/key/key.core/../key.ui/examples/standard_key/instanceCreation/instanceCreation2.key 
12217      DEBUG main            d.u.i.k.p.i.AbstractProblemLoader Environment load took 10.84ms 
12219      INFO  main            d.u.i.k.p.i.AbstractProblemLoader Creating init config 
14902      DEBUG main            d.u.i.k.p.i.AbstractProblemLoader Init config took 2.68s 
14932      INFO  main            d.u.i.k.p.i.AbstractProblemLoader Replaying proof instanceCreation2.key 
14935      DEBUG main            d.u.i.k.p.i.IntermediateProofReplayer Proof replay took 5.8ns 
15441      INFO  main            d.u.i.k.p.r.p.TestFile    ... finished proof: closed. 
15647      INFO  main            d.u.i.k.p.i.AbstractProblemLoader Loading environment from /home/runner/work/key/key/key.core/../key.ui/examples/standard_key/instanceCreation/instanceCreation2.key.proof 
15648      DEBUG main            d.u.i.k.p.i.AbstractProblemLoader Environment load took 1.1ms 
15654      INFO  main            d.u.i.k.p.i.AbstractProblemLoader Creating init config 
18236      DEBUG main            d.u.i.k.p.i.AbstractProblemLoader Init config took 2.58s 
18264      INFO  main            d.u.i.k.p.i.AbstractProblemLoader Replaying proof instanceCreation2.key.proof 
18396      DEBUG main            d.u.i.k.p.i.IntermediateProofReplayer Proof replay took 126.88ms 
18398      DEBUG main            d.u.i.k.p.r.p.TestFile    ... success: reloaded. 
18400      INFO  main            d.u.i.k.p.r.p.TestFile    Now processing file /home/runner/work/key/key/key.core/../key.ui/examples/standard_key/instanceCreation/interfacesAndAbstractClassesHaveNoInstances.key 
18401      INFO  main            d.u.i.k.p.i.AbstractProblemLoader Loading environment from /home/runner/work/key/key/key.core/../key.ui/examples/standard_key/instanceCreation/interfacesAndAbstractClassesHaveNoInstances.key 
18401      DEBUG main            d.u.i.k.p.i.AbstractProblemLoader Environment load took 108.6ns 
18403      INFO  main            d.u.i.k.p.i.AbstractProblemLoader Creating init config 
21024      DEBUG main            d.u.i.k.p.i.AbstractProblemLoader Init config took 2.62s 
21045      INFO  main            d.u.i.k.p.i.AbstractProblemLoader Replaying proof interfacesAndAbstractClassesHaveNoInstances.key 
21047      DEBUG main            d.u.i.k.p.i.IntermediateProofReplayer Proof replay took 5.5ns 
21149      INFO  main            d.u.i.k.p.r.p.TestFile    ... finished proof: closed. 
21340      INFO  main            d.u.i.k.p.i.AbstractProblemLoader Loading environment from /home/runner/work/key/key/key.core/../key.ui/examples/standard_key/instanceCreation/interfacesAndAbstractClassesHaveNoInstances.key.proof 
21340      DEBUG main            d.u.i.k.p.i.AbstractProblemLoader Environment load took 157.1ns 
21342      INFO  main            d.u.i.k.p.i.AbstractProblemLoader Creating init config 
23831      DEBUG main            d.u.i.k.p.i.AbstractProblemLoader Init config took 2.49s 
23852      INFO  main            d.u.i.k.p.i.AbstractProblemLoader Replaying proof interfacesAndAbstractClassesHaveNoInstances.key.proof 
23855      DEBUG main            d.u.i.k.p.i.IntermediateProofReplayer Proof replay took 1.26ms 
23856      DEBUG main            d.u.i.k.p.r.p.TestFile    ... success: reloaded. 
23857      INFO  main            d.u.i.k.p.r.p.TestFile    Now processing file /home/runner/work/key/key/key.core/../key.ui/examples/standard_key/instanceCreation/successiveCreatedObjectsAreDistinct.key 
23857      INFO  main            d.u.i.k.p.i.AbstractProblemLoader Loading environment from /home/runner/work/key/key/key.core/../key.ui/examples/standard_key/instanceCreation/successiveCreatedObjectsAreDistinct.key 
23857      DEBUG main            d.u.i.k.p.i.AbstractProblemLoader Environment load took 81ns 
23858      INFO  main            d.u.i.k.p.i.AbstractProblemLoader Creating init config 
26427      DEBUG main            d.u.i.k.p.i.AbstractProblemLoader Init config took 2.57s 
26450      INFO  main            d.u.i.k.p.i.AbstractProblemLoader Replaying proof successiveCreatedObjectsAreDistinct.key 
26451      DEBUG main            d.u.i.k.p.i.IntermediateProofReplayer Proof replay took 5.9ns 
26759      INFO  main            d.u.i.k.p.r.p.TestFile    ... finished proof: closed. 
26973      INFO  main            d.u.i.k.p.i.AbstractProblemLoader Loading environment from /home/runner/work/key/key/key.core/../key.ui/examples/standard_key/instanceCreation/successiveCreatedObjectsAreDistinct.key.proof 
26975      DEBUG main            d.u.i.k.p.i.AbstractProblemLoader Environment load took 1.82ms 
26977      INFO  main            d.u.i.k.p.i.AbstractProblemLoader Creating init config 
29481      DEBUG main            d.u.i.k.p.i.AbstractProblemLoader Init config took 2.5s 
29503      INFO  main            d.u.i.k.p.i.AbstractProblemLoader Replaying proof successiveCreatedObjectsAreDistinct.key.proof 
29557      DEBUG main            d.u.i.k.p.i.IntermediateProofReplayer Proof replay took 50.44ms 
29558      DEBUG main            d.u.i.k.p.r.p.TestFile    ... success: reloaded. 
29560      INFO  main            d.u.i.k.p.r.p.TestFile    Now processing file /home/runner/work/key/key/key.core/../key.ui/examples/standard_key/instanceCreation/testOverloadingConstructors.key 
29560      INFO  main            d.u.i.k.p.i.AbstractProblemLoader Loading environment from /home/runner/work/key/key/key.core/../key.ui/examples/standard_key/instanceCreation/testOverloadingConstructors.key 
29560      DEBUG main            d.u.i.k.p.i.AbstractProblemLoader Environment load took 211.1ns 
29563      INFO  main            d.u.i.k.p.i.AbstractProblemLoader Creating init config 
32082      DEBUG main            d.u.i.k.p.i.AbstractProblemLoader Init config took 2.52s 
32104      INFO  main            d.u.i.k.p.i.AbstractProblemLoader Replaying proof testOverloadingConstructors.key 
32106      DEBUG main            d.u.i.k.p.i.IntermediateProofReplayer Proof replay took 6ns 
32411      INFO  main            d.u.i.k.p.r.p.TestFile    ... finished proof: closed. 
32579      INFO  main            d.u.i.k.p.i.AbstractProblemLoader Loading environment from /home/runner/work/key/key/key.core/../key.ui/examples/standard_key/instanceCreation/testOverloadingConstructors.key.proof 
32579      DEBUG main            d.u.i.k.p.i.AbstractProblemLoader Environment load took 126.4ns 
32580      INFO  main            d.u.i.k.p.i.AbstractProblemLoader Creating init config 
35024      DEBUG main            d.u.i.k.p.i.AbstractProblemLoader Init config took 2.44s 
35045      INFO  main            d.u.i.k.p.i.AbstractProblemLoader Replaying proof testOverloadingConstructors.key.proof 
35088      DEBUG main            d.u.i.k.p.i.IntermediateProofReplayer Proof replay took 39.45ms 
35089      DEBUG main            d.u.i.k.p.r.p.TestFile    ... success: reloaded. 
35090      INFO  main            d.u.i.k.p.r.p.TestFile    Now processing file /home/runner/work/key/key/key.core/../key.ui/examples/standard_key/java_dl/SimpleAttributes.key 
35091      INFO  main            d.u.i.k.p.i.AbstractProblemLoader Loading environment from /home/runner/work/key/key/key.core/../key.ui/examples/standard_key/java_dl/SimpleAttributes.key 
35091      DEBUG main            d.u.i.k.p.i.AbstractProblemLoader Environment load took 219.2ns 
35092      INFO  main            d.u.i.k.p.i.AbstractProblemLoader Creating init config 
37574      DEBUG main            d.u.i.k.p.i.AbstractProblemLoader Init config took 2.48s 
37595      INFO  main            d.u.i.k.p.i.AbstractProblemLoader Replaying proof SimpleAttributes.key 
37597      DEBUG main            d.u.i.k.p.i.IntermediateProofReplayer Proof replay took 6.6ns 
37702      INFO  main            d.u.i.k.p.r.p.TestFile    ... finished proof: closed. 
37885      INFO  main            d.u.i.k.p.i.AbstractProblemLoader Loading environment from /home/runner/work/key/key/key.core/../key.ui/examples/standard_key/java_dl/SimpleAttributes.key.proof 
37886      DEBUG main            d.u.i.k.p.i.AbstractProblemLoader Environment load took 140.2ns 
37887      INFO  main            d.u.i.k.p.i.AbstractProblemLoader Creating init config 
40318      DEBUG main            d.u.i.k.p.i.AbstractProblemLoader Init config took 2.43s 
40339      INFO  main            d.u.i.k.p.i.AbstractProblemLoader Replaying proof SimpleAttributes.key.proof 
40361      DEBUG main            d.u.i.k.p.i.IntermediateProofReplayer Proof replay took 19.4ms 
40368      DEBUG main            d.u.i.k.p.r.p.TestFile    ... success: reloaded. 
40369      INFO  main            d.u.i.k.p.r.p.TestFile    Now processing file /home/runner/work/key/key/key.core/../key.ui/examples/standard_key/java_dl/arrayMax.key 
40370      INFO  main            d.u.i.k.p.i.AbstractProblemLoader Loading environment from /home/runner/work/key/key/key.core/../key.ui/examples/standard_key/java_dl/arrayMax.key 
40370      DEBUG main            d.u.i.k.p.i.AbstractProblemLoader Environment load took 205.5ns 
40372      INFO  main            d.u.i.k.p.i.AbstractProblemLoader Creating init config 
42866      DEBUG main            d.u.i.k.p.i.AbstractProblemLoader Init config took 2.49s 
42888      INFO  main            d.u.i.k.p.i.AbstractProblemLoader Replaying proof arrayMax.key 
42890      DEBUG main            d.u.i.k.p.i.IntermediateProofReplayer Proof replay took 6.2ns 
44197      INFO  main            d.u.i.k.p.r.p.TestFile    ... finished proof: closed. 
44422      INFO  main            d.u.i.k.p.i.AbstractProblemLoader Loading environment from /home/runner/work/key/key/key.core/../key.ui/examples/standard_key/java_dl/arrayMax.key.proof 
44422      DEBUG main            d.u.i.k.p.i.AbstractProblemLoader Environment load took 400.7ns 
44428      INFO  main            d.u.i.k.p.i.AbstractProblemLoader Creating init config 
46851      DEBUG main            d.u.i.k.p.i.AbstractProblemLoader Init config took 2.42s 
46875      INFO  main            d.u.i.k.p.i.AbstractProblemLoader Replaying proof arrayMax.key.proof 
47065      DEBUG main            d.u.i.k.p.i.IntermediateProofReplayer Proof replay took 180.75ms 
47066      DEBUG main            d.u.i.k.p.r.p.TestFile    ... success: reloaded. 
47068      INFO  main            d.u.i.k.p.r.p.TestFile    Now processing file /home/runner/work/key/key/key.core/../key.ui/examples/standard_key/java_dl/arrayUpdateSimp.key 
47068      INFO  main            d.u.i.k.p.i.AbstractProblemLoader Loading environment from /home/runner/work/key/key/key.core/../key.ui/examples/standard_key/java_dl/arrayUpdateSimp.key 
47068      DEBUG main            d.u.i.k.p.i.AbstractProblemLoader Environment load took 229.01ns 
47071      INFO  main            d.u.i.k.p.i.AbstractProblemLoader Creating init config 
47098      WARN  main            d.u.i.k.j.r.KeYCrossReferenceNameInfo Datatype java.io.PrintStream declared twice: Once in FILE:/home/runner/work/key/key/key.core/../key.ui/examples/standard_key/java_dl/./classpath/PrintStream.java and once in URL:file:/home/runner/work/key/key/key.core/build/resources/main/de/uka/ilkd/key/java/JavaRedux/java/io/PrintStream.java, Keeping one from URL:file:/home/runner/work/key/key/key.core/build/resources/main/de/uka/ilkd/key/java/JavaRedux/java/io/PrintStream.java 
47098      WARN  main            d.u.i.k.j.r.KeYCrossReferenceNameInfo Datatype java.lang.System declared twice: Once in FILE:/home/runner/work/key/key/key.core/../key.ui/examples/standard_key/java_dl/./classpath/System.java and once in URL:file:/home/runner/work/key/key/key.core/build/resources/main/de/uka/ilkd/key/java/JavaRedux/java/lang/System.java, Keeping one from URL:file:/home/runner/work/key/key/key.core/build/resources/main/de/uka/ilkd/key/java/JavaRedux/java/lang/System.java 
47098      WARN  main            d.u.i.k.j.r.KeYCrossReferenceNameInfo Datatype java.io.InputStream declared twice: Once in FILE:/home/runner/work/key/key/key.core/../key.ui/examples/standard_key/java_dl/./classpath/InputStream.java and once in URL:file:/home/runner/work/key/key/key.core/build/resources/main/de/uka/ilkd/key/java/JavaRedux/java/io/InputStream.java, Keeping one from URL:file:/home/runner/work/key/key/key.core/build/resources/main/de/uka/ilkd/key/java/JavaRedux/java/io/InputStream.java 
47104      DEBUG main            d.u.i.k.j.r.ClassFileDeclarationBuilder Parsing: package java.io; public class Closeable { } 
47104      DEBUG main            r.s.KeYCrossReferenceSourceInfo Dynamically created class: java.io.Closeable 
49592      DEBUG main            d.u.i.k.p.i.AbstractProblemLoader Init config took 2.52s 
49613      INFO  main            d.u.i.k.p.i.AbstractProblemLoader Replaying proof arrayUpdateSimp.key 
49615      DEBUG main            d.u.i.k.p.i.IntermediateProofReplayer Proof replay took 6.2ns 
49718      INFO  main            d.u.i.k.p.r.p.TestFile    ... finished proof: closed. 
49925      INFO  main            d.u.i.k.p.i.AbstractProblemLoader Loading environment from /home/runner/work/key/key/key.core/../key.ui/examples/standard_key/java_dl/arrayUpdateSimp.key.proof 
49925      DEBUG main            d.u.i.k.p.i.AbstractProblemLoader Environment load took 126.11ns 
49930      INFO  main            d.u.i.k.p.i.AbstractProblemLoader Creating init config 
49956      WARN  main            d.u.i.k.j.r.KeYCrossReferenceNameInfo Datatype java.io.PrintStream declared twice: Once in FILE:/home/runner/work/key/key/key.core/../key.ui/examples/standard_key/java_dl/classpath/PrintStream.java and once in URL:file:/home/runner/work/key/key/key.core/build/resources/main/de/uka/ilkd/key/java/JavaRedux/java/io/PrintStream.java, Keeping one from URL:file:/home/runner/work/key/key/key.core/build/resources/main/de/uka/ilkd/key/java/JavaRedux/java/io/PrintStream.java 
49956      WARN  main            d.u.i.k.j.r.KeYCrossReferenceNameInfo Datatype java.lang.System declared twice: Once in FILE:/home/runner/work/key/key/key.core/../key.ui/examples/standard_key/java_dl/classpath/System.java and once in URL:file:/home/runner/work/key/key/key.core/build/resources/main/de/uka/ilkd/key/java/JavaRedux/java/lang/System.java, Keeping one from URL:file:/home/runner/work/key/key/key.core/build/resources/main/de/uka/ilkd/key/java/JavaRedux/java/lang/System.java 
49957      WARN  main            d.u.i.k.j.r.KeYCrossReferenceNameInfo Datatype java.io.InputStream declared twice: Once in FILE:/home/runner/work/key/key/key.core/../key.ui/examples/standard_key/java_dl/classpath/InputStream.java and once in URL:file:/home/runner/work/key/key/key.core/build/resources/main/de/uka/ilkd/key/java/JavaRedux/java/io/InputStream.java, Keeping one from URL:file:/home/runner/work/key/key/key.core/build/resources/main/de/uka/ilkd/key/java/JavaRedux/java/io/InputStream.java 
49960      DEBUG main            d.u.i.k.j.r.ClassFileDeclarationBuilder Parsing: package java.io; public class Closeable { } 
49961      DEBUG main            r.s.KeYCrossReferenceSourceInfo Dynamically created class: java.io.Closeable 
52343      DEBUG main            d.u.i.k.p.i.AbstractProblemLoader Init config took 2.41s 
52366      INFO  main            d.u.i.k.p.i.AbstractProblemLoader Replaying proof arrayUpdateSimp.key.proof 
52368      DEBUG main            d.u.i.k.p.i.IntermediateProofReplayer Proof replay took 540.63ns 
52369      DEBUG main            d.u.i.k.p.r.p.TestFile    ... success: reloaded. 
52370      INFO  main            d.u.i.k.p.r.p.TestFile    Now processing file /home/runner/work/key/key/key.core/../key.ui/examples/standard_key/java_dl/attributes.key 
52371      INFO  main            d.u.i.k.p.i.AbstractProblemLoader Loading environment from /home/runner/work/key/key/key.core/../key.ui/examples/standard_key/java_dl/attributes.key 
52371      DEBUG main            d.u.i.k.p.i.AbstractProblemLoader Environment load took 194.71ns 
52372      INFO  main            d.u.i.k.p.i.AbstractProblemLoader Creating init config 
54819      DEBUG main            d.u.i.k.p.i.AbstractProblemLoader Init config took 2.45s 
54837      INFO  main            d.u.i.k.p.i.AbstractProblemLoader Replaying proof attributes.key 
54839      DEBUG main            d.u.i.k.p.i.IntermediateProofReplayer Proof replay took 6.31ns 
55041      INFO  main            d.u.i.k.p.r.p.TestFile    ... finished proof: closed. 
55252      INFO  main            d.u.i.k.p.i.AbstractProblemLoader Loading environment from /home/runner/work/key/key/key.core/../key.ui/examples/standard_key/java_dl/attributes.key.proof 
55253      DEBUG main            d.u.i.k.p.i.AbstractProblemLoader Environment load took 155.34ns 
55254      INFO  main            d.u.i.k.p.i.AbstractProblemLoader Creating init config 
57657      DEBUG main            d.u.i.k.p.i.AbstractProblemLoader Init config took 2.4s 
57679      INFO  main            d.u.i.k.p.i.AbstractProblemLoader Replaying proof attributes.key.proof 
57714      DEBUG main            d.u.i.k.p.i.IntermediateProofReplayer Proof replay took 30.92ms 
57715      DEBUG main            d.u.i.k.p.r.p.TestFile    ... success: reloaded. 
57715      INFO  main            d.u.i.k.p.r.p.TestFile    Now processing file /home/runner/work/key/key/key.core/../key.ui/examples/standard_key/java_dl/break.key 
57716      INFO  main            d.u.i.k.p.i.AbstractProblemLoader Loading environment from /home/runner/work/key/key/key.core/../key.ui/examples/standard_key/java_dl/break.key 
57716      DEBUG main            d.u.i.k.p.i.AbstractProblemLoader Environment load took 79.6ns 
57717      INFO  main            d.u.i.k.p.i.AbstractProblemLoader Creating init config 
57739      WARN  main            d.u.i.k.j.r.KeYCrossReferenceNameInfo Datatype java.io.PrintStream declared twice: Once in FILE:/home/runner/work/key/key/key.core/../key.ui/examples/standard_key/java_dl/classpath/PrintStream.java and once in URL:file:/home/runner/work/key/key/key.core/build/resources/main/de/uka/ilkd/key/java/JavaRedux/java/io/PrintStream.java, Keeping one from URL:file:/home/runner/work/key/key/key.core/build/resources/main/de/uka/ilkd/key/java/JavaRedux/java/io/PrintStream.java 
57739      WARN  main            d.u.i.k.j.r.KeYCrossReferenceNameInfo Datatype java.lang.System declared twice: Once in FILE:/home/runner/work/key/key/key.core/../key.ui/examples/standard_key/java_dl/classpath/System.java and once in URL:file:/home/runner/work/key/key/key.core/build/resources/main/de/uka/ilkd/key/java/JavaRedux/java/lang/System.java, Keeping one from URL:file:/home/runner/work/key/key/key.core/build/resources/main/de/uka/ilkd/key/java/JavaRedux/java/lang/System.java 
57740      WARN  main            d.u.i.k.j.r.KeYCrossReferenceNameInfo Datatype java.io.InputStream declared twice: Once in FILE:/home/runner/work/key/key/key.core/../key.ui/examples/standard_key/java_dl/classpath/InputStream.java and once in URL:file:/home/runner/work/key/key/key.core/build/resources/main/de/uka/ilkd/key/java/JavaRedux/java/io/InputStream.java, Keeping one from URL:file:/home/runner/work/key/key/key.core/build/resources/main/de/uka/ilkd/key/java/JavaRedux/java/io/InputStream.java 
57743      DEBUG main            d.u.i.k.j.r.ClassFileDeclarationBuilder Parsing: package java.io; public class Closeable { } 
57743      DEBUG main            r.s.KeYCrossReferenceSourceInfo Dynamically created class: java.io.Closeable 
60193      DEBUG main            d.u.i.k.p.i.AbstractProblemLoader Init config took 2.48s 
60211      INFO  main            d.u.i.k.p.i.AbstractProblemLoader Replaying proof break.key 
60212      DEBUG main            d.u.i.k.p.i.IntermediateProofReplayer Proof replay took 7.1ns 
60318      INFO  main            d.u.i.k.p.r.p.TestFile    ... finished proof: closed. 
60511      INFO  main            d.u.i.k.p.i.AbstractProblemLoader Loading environment from /home/runner/work/key/key/key.core/../key.ui/examples/standard_key/java_dl/break.key.proof 
60511      DEBUG main            d.u.i.k.p.i.AbstractProblemLoader Environment load took 131.6ns 
60512      INFO  main            d.u.i.k.p.i.AbstractProblemLoader Creating init config 
60535      WARN  main            d.u.i.k.j.r.KeYCrossReferenceNameInfo Datatype java.io.PrintStream declared twice: Once in FILE:/home/runner/work/key/key/key.core/../key.ui/examples/standard_key/java_dl/classpath/PrintStream.java and once in URL:file:/home/runner/work/key/key/key.core/build/resources/main/de/uka/ilkd/key/java/JavaRedux/java/io/PrintStream.java, Keeping one from URL:file:/home/runner/work/key/key/key.core/build/resources/main/de/uka/ilkd/key/java/JavaRedux/java/io/PrintStream.java 
60535      WARN  main            d.u.i.k.j.r.KeYCrossReferenceNameInfo Datatype java.lang.System declared twice: Once in FILE:/home/runner/work/key/key/key.core/../key.ui/examples/standard_key/java_dl/classpath/System.java and once in URL:file:/home/runner/work/key/key/key.core/build/resources/main/de/uka/ilkd/key/java/JavaRedux/java/lang/System.java, Keeping one from URL:file:/home/runner/work/key/key/key.core/build/resources/main/de/uka/ilkd/key/java/JavaRedux/java/lang/System.java 
60535      WARN  main            d.u.i.k.j.r.KeYCrossReferenceNameInfo Datatype java.io.InputStream declared twice: Once in FILE:/home/runner/work/key/key/key.core/../key.ui/examples/standard_key/java_dl/classpath/InputStream.java and once in URL:file:/home/runner/work/key/key/key.core/build/resources/main/de/uka/ilkd/key/java/JavaRedux/java/io/InputStream.java, Keeping one from URL:file:/home/runner/work/key/key/key.core/build/resources/main/de/uka/ilkd/key/java/JavaRedux/java/io/InputStream.java 
60538      DEBUG main            d.u.i.k.j.r.ClassFileDeclarationBuilder Parsing: package java.io; public class Closeable { } 
60539      DEBUG main            r.s.KeYCrossReferenceSourceInfo Dynamically created class: java.io.Closeable 
62941      DEBUG main            d.u.i.k.p.i.AbstractProblemLoader Init config took 2.43s 
62958      INFO  main            d.u.i.k.p.i.AbstractProblemLoader Replaying proof break.key.proof 
62967      DEBUG main            d.u.i.k.p.i.IntermediateProofReplayer Proof replay took 7.17ms 
62968      DEBUG main            d.u.i.k.p.r.p.TestFile    ... success: reloaded. 
62969      INFO  main            d.u.i.k.p.r.p.TestFile    Now processing file /home/runner/work/key/key/key.core/../key.ui/examples/standard_key/java_dl/char.key 
62969      INFO  main            d.u.i.k.p.i.AbstractProblemLoader Loading environment from /home/runner/work/key/key/key.core/../key.ui/examples/standard_key/java_dl/char.key 
62969      DEBUG main            d.u.i.k.p.i.AbstractProblemLoader Environment load took 64ns 
62970      INFO  main            d.u.i.k.p.i.AbstractProblemLoader Creating init config 
65399      DEBUG main            d.u.i.k.p.i.AbstractProblemLoader Init config took 2.43s 
65416      INFO  main            d.u.i.k.p.i.AbstractProblemLoader Replaying proof char.key 
65417      DEBUG main            d.u.i.k.p.i.IntermediateProofReplayer Proof replay took 6.3ns 
65528      INFO  main            d.u.i.k.p.r.p.TestFile    ... finished proof: closed. 
65769      INFO  main            d.u.i.k.p.i.AbstractProblemLoader Loading environment from /home/runner/work/key/key/key.core/../key.ui/examples/standard_key/java_dl/char.key.proof 
65769      DEBUG main            d.u.i.k.p.i.AbstractProblemLoader Environment load took 124.91ns 
65771      INFO  main            d.u.i.k.p.i.AbstractProblemLoader Creating init config 
68108      DEBUG main            d.u.i.k.p.i.AbstractProblemLoader Init config took 2.34s 
68125      INFO  main            d.u.i.k.p.i.AbstractProblemLoader Replaying proof char.key.proof 
68130      DEBUG main            d.u.i.k.p.i.IntermediateProofReplayer Proof replay took 2.25ms 
68131      DEBUG main            d.u.i.k.p.r.p.TestFile    ... success: reloaded. 
68131      INFO  main            d.u.i.k.p.r.p.TestFile    Now processing file /home/runner/work/key/key/key.core/../key.ui/examples/standard_key/java_dl/compileTimeConstants.key 
68132      INFO  main            d.u.i.k.p.i.AbstractProblemLoader Loading environment from /home/runner/work/key/key/key.core/../key.ui/examples/standard_key/java_dl/compileTimeConstants.key 
68132      DEBUG main            d.u.i.k.p.i.AbstractProblemLoader Environment load took 218.4ns 
68133      INFO  main            d.u.i.k.p.i.AbstractProblemLoader Creating init config 
70581      DEBUG main            d.u.i.k.p.i.AbstractProblemLoader Init config took 2.45s 
70596      INFO  main            d.u.i.k.p.i.AbstractProblemLoader Replaying proof compileTimeConstants.key 
70598      DEBUG main            d.u.i.k.p.i.IntermediateProofReplayer Proof replay took 6.6ns 
70700      INFO  main            d.u.i.k.p.r.p.TestFile    ... finished proof: closed. 
70898      INFO  main            d.u.i.k.p.i.AbstractProblemLoader Loading environment from /home/runner/work/key/key/key.core/../key.ui/examples/standard_key/java_dl/compileTimeConstants.key.proof 
70898      DEBUG main            d.u.i.k.p.i.AbstractProblemLoader Environment load took 122.7ns 
70899      INFO  main            d.u.i.k.p.i.AbstractProblemLoader Creating init config 
73247      DEBUG main            d.u.i.k.p.i.AbstractProblemLoader Init config took 2.35s 
73263      INFO  main            d.u.i.k.p.i.AbstractProblemLoader Replaying proof compileTimeConstants.key.proof 
73274      DEBUG main            d.u.i.k.p.i.IntermediateProofReplayer Proof replay took 9.19ms 
73275      DEBUG main            d.u.i.k.p.r.p.TestFile    ... success: reloaded. 
73276      INFO  main            d.u.i.k.p.r.p.TestFile    Now processing file /home/runner/work/key/key/key.core/../key.ui/examples/standard_key/java_dl/constructorException/test.key 
73276      INFO  main            d.u.i.k.p.i.AbstractProblemLoader Loading environment from /home/runner/work/key/key/key.core/../key.ui/examples/standard_key/java_dl/constructorException/test.key 
73276      DEBUG main            d.u.i.k.p.i.AbstractProblemLoader Environment load took 77ns 
73277      INFO  main            d.u.i.k.p.i.AbstractProblemLoader Creating init config 
75743      DEBUG main            d.u.i.k.p.i.AbstractProblemLoader Init config took 2.47s 
75807      INFO  main            d.u.i.k.p.i.AbstractProblemLoader Replaying proof Test[Test::Test(int)].JML operation contract.0 
75809      DEBUG main            d.u.i.k.p.i.IntermediateProofReplayer Proof replay took 7.4ns 
76011      INFO  main            d.u.i.k.p.r.p.TestFile    ... finished proof: closed. 
76222      INFO  main            d.u.i.k.p.i.AbstractProblemLoader Loading environment from /home/runner/work/key/key/key.core/../key.ui/examples/standard_key/java_dl/constructorException/test.key.proof 
76222      DEBUG main            d.u.i.k.p.i.AbstractProblemLoader Environment load took 118.6ns 
76224      INFO  main            d.u.i.k.p.i.AbstractProblemLoader Creating init config 
78610      DEBUG main            d.u.i.k.p.i.AbstractProblemLoader Init config took 2.39s 
78650      INFO  main            d.u.i.k.p.i.AbstractProblemLoader Replaying proof Test[Test::Test(int)].JML operation contract.0 
78694      DEBUG main            d.u.i.k.p.i.IntermediateProofReplayer Proof replay took 41.67ms 
78696      DEBUG main            d.u.i.k.p.r.p.TestFile    ... success: reloaded. 
78696      INFO  main            d.u.i.k.p.r.p.TestFile    Now processing file /home/runner/work/key/key/key.core/../key.ui/examples/standard_key/java_dl/constructorException/regressionTestBug1333.key 
78697      INFO  main            d.u.i.k.p.i.AbstractProblemLoader Loading environment from /home/runner/work/key/key/key.core/../key.ui/examples/standard_key/java_dl/constructorException/regressionTestBug1333.key 
78697      DEBUG main            d.u.i.k.p.i.AbstractProblemLoader Environment load took 201.31ns 
78698      INFO  main            d.u.i.k.p.i.AbstractProblemLoader Creating init config 
81120      DEBUG main            d.u.i.k.p.i.AbstractProblemLoader Init config took 2.42s 
81158      INFO  main            d.u.i.k.p.i.AbstractProblemLoader Replaying proof False[False::False()].JML normal_behavior operation contract.0 
81163      DEBUG main            d.u.i.k.p.i.IntermediateProofReplayer Proof replay took 6.9ns 
81266      INFO  main            d.u.i.k.p.r.p.TestFile    ... finished proof: open goal(s) 
81481      INFO  main            d.u.i.k.p.r.p.TestFile    Now processing file /home/runner/work/key/key/key.core/../key.ui/examples/standard_key/java_dl/continue1.key 
81481      INFO  main            d.u.i.k.p.i.AbstractProblemLoader Loading environment from /home/runner/work/key/key/key.core/../key.ui/examples/standard_key/java_dl/continue1.key 
81482      DEBUG main            d.u.i.k.p.i.AbstractProblemLoader Environment load took 874.62ns 
81483      INFO  main            d.u.i.k.p.i.AbstractProblemLoader Creating init config 
81507      WARN  main            d.u.i.k.j.r.KeYCrossReferenceNameInfo Datatype java.io.PrintStream declared twice: Once in FILE:/home/runner/work/key/key/key.core/../key.ui/examples/standard_key/java_dl/classpath/PrintStream.java and once in URL:file:/home/runner/work/key/key/key.core/build/resources/main/de/uka/ilkd/key/java/JavaRedux/java/io/PrintStream.java, Keeping one from URL:file:/home/runner/work/key/key/key.core/build/resources/main/de/uka/ilkd/key/java/JavaRedux/java/io/PrintStream.java 
81507      WARN  main            d.u.i.k.j.r.KeYCrossReferenceNameInfo Datatype java.lang.System declared twice: Once in FILE:/home/runner/work/key/key/key.core/../key.ui/examples/standard_key/java_dl/classpath/System.java and once in URL:file:/home/runner/work/key/key/key.core/build/resources/main/de/uka/ilkd/key/java/JavaRedux/java/lang/System.java, Keeping one from URL:file:/home/runner/work/key/key/key.core/build/resources/main/de/uka/ilkd/key/java/JavaRedux/java/lang/System.java 
81508      WARN  main            d.u.i.k.j.r.KeYCrossReferenceNameInfo Datatype java.io.InputStream declared twice: Once in FILE:/home/runner/work/key/key/key.core/../key.ui/examples/standard_key/java_dl/classpath/InputStream.java and once in URL:file:/home/runner/work/key/key/key.core/build/resources/main/de/uka/ilkd/key/java/JavaRedux/java/io/InputStream.java, Keeping one from URL:file:/home/runner/work/key/key/key.core/build/resources/main/de/uka/ilkd/key/java/JavaRedux/java/io/InputStream.java 
81511      DEBUG main            d.u.i.k.j.r.ClassFileDeclarationBuilder Parsing: package java.io; public class Closeable { } 
81511      DEBUG main            r.s.KeYCrossReferenceSourceInfo Dynamically created class: java.io.Closeable 
83832      DEBUG main            d.u.i.k.p.i.AbstractProblemLoader Init config took 2.35s 
83847      INFO  main            d.u.i.k.p.i.AbstractProblemLoader Replaying proof continue1.key 
83849      DEBUG main            d.u.i.k.p.i.IntermediateProofReplayer Proof replay took 6.7ns 
83954      INFO  main            d.u.i.k.p.r.p.TestFile    ... finished proof: closed. 
84201      INFO  main            d.u.i.k.p.i.AbstractProblemLoader Loading environment from /home/runner/work/key/key/key.core/../key.ui/examples/standard_key/java_dl/continue1.key.proof 
84202      DEBUG main            d.u.i.k.p.i.AbstractProblemLoader Environment load took 885.32ns 
84203      INFO  main            d.u.i.k.p.i.AbstractProblemLoader Creating init config 
84227      WARN  main            d.u.i.k.j.r.KeYCrossReferenceNameInfo Datatype java.io.PrintStream declared twice: Once in FILE:/home/runner/work/key/key/key.core/../key.ui/examples/standard_key/java_dl/classpath/PrintStream.java and once in URL:file:/home/runner/work/key/key/key.core/build/resources/main/de/uka/ilkd/key/java/JavaRedux/java/io/PrintStream.java, Keeping one from URL:file:/home/runner/work/key/key/key.core/build/resources/main/de/uka/ilkd/key/java/JavaRedux/java/io/PrintStream.java 
84228      WARN  main            d.u.i.k.j.r.KeYCrossReferenceNameInfo Datatype java.lang.System declared twice: Once in FILE:/home/runner/work/key/key/key.core/../key.ui/examples/standard_key/java_dl/classpath/System.java and once in URL:file:/home/runner/work/key/key/key.core/build/resources/main/de/uka/ilkd/key/java/JavaRedux/java/lang/System.java, Keeping one from URL:file:/home/runner/work/key/key/key.core/build/resources/main/de/uka/ilkd/key/java/JavaRedux/java/lang/System.java 
84228      WARN  main            d.u.i.k.j.r.KeYCrossReferenceNameInfo Datatype java.io.InputStream declared twice: Once in FILE:/home/runner/work/key/key/key.core/../key.ui/examples/standard_key/java_dl/classpath/InputStream.java and once in URL:file:/home/runner/work/key/key/key.core/build/resources/main/de/uka/ilkd/key/java/JavaRedux/java/io/InputStream.java, Keeping one from URL:file:/home/runner/work/key/key/key.core/build/resources/main/de/uka/ilkd/key/java/JavaRedux/java/io/InputStream.java 
84231      DEBUG main            d.u.i.k.j.r.ClassFileDeclarationBuilder Parsing: package java.io; public class Closeable { } 
84231      DEBUG main            r.s.KeYCrossReferenceSourceInfo Dynamically created class: java.io.Closeable 
86580      DEBUG main            d.u.i.k.p.i.AbstractProblemLoader Init config took 2.38s 
86608      INFO  main            d.u.i.k.p.i.AbstractProblemLoader Replaying proof continue1.key.proof 
86642      DEBUG main            d.u.i.k.p.i.IntermediateProofReplayer Proof replay took 30.28ms 
86644      DEBUG main            d.u.i.k.p.r.p.TestFile    ... success: reloaded. 
86648      INFO  main            d.u.i.k.p.r.p.TestFile    Now processing file /home/runner/work/key/key/key.core/../key.ui/examples/standard_key/java_dl/continue2.key 
86653      INFO  main            d.u.i.k.p.i.AbstractProblemLoader Loading environment from /home/runner/work/key/key/key.core/../key.ui/examples/standard_key/java_dl/continue2.key 
86654      DEBUG main            d.u.i.k.p.i.AbstractProblemLoader Environment load took 236.91ns 
86655      INFO  main            d.u.i.k.p.i.AbstractProblemLoader Creating init config 
86677      WARN  main            d.u.i.k.j.r.KeYCrossReferenceNameInfo Datatype java.io.PrintStream declared twice: Once in FILE:/home/runner/work/key/key/key.core/../key.ui/examples/standard_key/java_dl/classpath/PrintStream.java and once in URL:file:/home/runner/work/key/key/key.core/build/resources/main/de/uka/ilkd/key/java/JavaRedux/java/io/PrintStream.java, Keeping one from URL:file:/home/runner/work/key/key/key.core/build/resources/main/de/uka/ilkd/key/java/JavaRedux/java/io/PrintStream.java 
86677      WARN  main            d.u.i.k.j.r.KeYCrossReferenceNameInfo Datatype java.lang.System declared twice: Once in FILE:/home/runner/work/key/key/key.core/../key.ui/examples/standard_key/java_dl/classpath/System.java and once in URL:file:/home/runner/work/key/key/key.core/build/resources/main/de/uka/ilkd/key/java/JavaRedux/java/lang/System.java, Keeping one from URL:file:/home/runner/work/key/key/key.core/build/resources/main/de/uka/ilkd/key/java/JavaRedux/java/lang/System.java 
86678      WARN  main            d.u.i.k.j.r.KeYCrossReferenceNameInfo Datatype java.io.InputStream declared twice: Once in FILE:/home/runner/work/key/key/key.core/../key.ui/examples/standard_key/java_dl/classpath/InputStream.java and once in URL:file:/home/runner/work/key/key/key.core/build/resources/main/de/uka/ilkd/key/java/JavaRedux/java/io/InputStream.java, Keeping one from URL:file:/home/runner/work/key/key/key.core/build/resources/main/de/uka/ilkd/key/java/JavaRedux/java/io/InputStream.java 
86682      DEBUG main            d.u.i.k.j.r.ClassFileDeclarationBuilder Parsing: package java.io; public class Closeable { } 
86682      DEBUG main            r.s.KeYCrossReferenceSourceInfo Dynamically created class: java.io.Closeable 
89098      DEBUG main            d.u.i.k.p.i.AbstractProblemLoader Init config took 2.44s 
89113      INFO  main            d.u.i.k.p.i.AbstractProblemLoader Replaying proof continue2.key 
89115      DEBUG main            d.u.i.k.p.i.IntermediateProofReplayer Proof replay took 6.7ns 
89420      INFO  main            d.u.i.k.p.r.p.TestFile    ... finished proof: closed. 
89655      INFO  main            d.u.i.k.p.i.AbstractProblemLoader Loading environment from /home/runner/work/key/key/key.core/../key.ui/examples/standard_key/java_dl/continue2.key.proof 
89655      DEBUG main            d.u.i.k.p.i.AbstractProblemLoader Environment load took 128.2ns 
89657      INFO  main            d.u.i.k.p.i.AbstractProblemLoader Creating init config 
89679      WARN  main            d.u.i.k.j.r.KeYCrossReferenceNameInfo Datatype java.io.PrintStream declared twice: Once in FILE:/home/runner/work/key/key/key.core/../key.ui/examples/standard_key/java_dl/classpath/PrintStream.java and once in URL:file:/home/runner/work/key/key/key.core/build/resources/main/de/uka/ilkd/key/java/JavaRedux/java/io/PrintStream.java, Keeping one from URL:file:/home/runner/work/key/key/key.core/build/resources/main/de/uka/ilkd/key/java/JavaRedux/java/io/PrintStream.java 
89680      WARN  main            d.u.i.k.j.r.KeYCrossReferenceNameInfo Datatype java.lang.System declared twice: Once in FILE:/home/runner/work/key/key/key.core/../key.ui/examples/standard_key/java_dl/classpath/System.java and once in URL:file:/home/runner/work/key/key/key.core/build/resources/main/de/uka/ilkd/key/java/JavaRedux/java/lang/System.java, Keeping one from URL:file:/home/runner/work/key/key/key.core/build/resources/main/de/uka/ilkd/key/java/JavaRedux/java/lang/System.java 
89680      WARN  main            d.u.i.k.j.r.KeYCrossReferenceNameInfo Datatype java.io.InputStream declared twice: Once in FILE:/home/runner/work/key/key/key.core/../key.ui/examples/standard_key/java_dl/classpath/InputStream.java and once in URL:file:/home/runner/work/key/key/key.core/build/resources/main/de/uka/ilkd/key/java/JavaRedux/java/io/InputStream.java, Keeping one from URL:file:/home/runner/work/key/key/key.core/build/resources/main/de/uka/ilkd/key/java/JavaRedux/java/io/InputStream.java 
89683      DEBUG main            d.u.i.k.j.r.ClassFileDeclarationBuilder Parsing: package java.io; public class Closeable { } 
89683      DEBUG main            r.s.KeYCrossReferenceSourceInfo Dynamically created class: java.io.Closeable 
91979      DEBUG main            d.u.i.k.p.i.AbstractProblemLoader Init config took 2.32s 
91993      INFO  main            d.u.i.k.p.i.AbstractProblemLoader Replaying proof continue2.key.proof 
92049      DEBUG main            d.u.i.k.p.i.IntermediateProofReplayer Proof replay took 52.99ms 
92050      DEBUG main            d.u.i.k.p.r.p.TestFile    ... success: reloaded. 
92051      INFO  main            d.u.i.k.p.r.p.TestFile    Now processing file /home/runner/work/key/key/key.core/../key.ui/examples/standard_key/java_dl/complexAssignment.key 
92051      INFO  main            d.u.i.k.p.i.AbstractProblemLoader Loading environment from /home/runner/work/key/key/key.core/../key.ui/examples/standard_key/java_dl/complexAssignment.key 
92052      DEBUG main            d.u.i.k.p.i.AbstractProblemLoader Environment load took 86.7ns 
92052      INFO  main            d.u.i.k.p.i.AbstractProblemLoader Creating init config 
94477      DEBUG main            d.u.i.k.p.i.AbstractProblemLoader Init config took 2.42s 
94491      INFO  main            d.u.i.k.p.i.AbstractProblemLoader Replaying proof complexAssignment.key 
94494      DEBUG main            d.u.i.k.p.i.IntermediateProofReplayer Proof replay took 7.6ns 
94597      INFO  main            d.u.i.k.p.r.p.TestFile    ... finished proof: closed. 
94834      INFO  main            d.u.i.k.p.i.AbstractProblemLoader Loading environment from /home/runner/work/key/key/key.core/../key.ui/examples/standard_key/java_dl/complexAssignment.key.proof 
94834      DEBUG main            d.u.i.k.p.i.AbstractProblemLoader Environment load took 119.1ns 
94835      INFO  main            d.u.i.k.p.i.AbstractProblemLoader Creating init config 
97110      DEBUG main            d.u.i.k.p.i.AbstractProblemLoader Init config took 2.28s 
97125      INFO  main            d.u.i.k.p.i.AbstractProblemLoader Replaying proof complexAssignment.key.proof 
97132      DEBUG main            d.u.i.k.p.i.IntermediateProofReplayer Proof replay took 5.14ms 
97132      DEBUG main            d.u.i.k.p.r.p.TestFile    ... success: reloaded. 
97133      INFO  main            d.u.i.k.p.r.p.TestFile    Now processing file /home/runner/work/key/key/key.core/../key.ui/examples/standard_key/java_dl/danglingElseSolution1.key 
97133      INFO  main            d.u.i.k.p.i.AbstractProblemLoader Loading environment from /home/runner/work/key/key/key.core/../key.ui/examples/standard_key/java_dl/danglingElseSolution1.key 
97133      DEBUG main            d.u.i.k.p.i.AbstractProblemLoader Environment load took 81.3ns 
97134      INFO  main            d.u.i.k.p.i.AbstractProblemLoader Creating init config 
99486      DEBUG main            d.u.i.k.p.i.AbstractProblemLoader Init config took 2.35s 
99500      INFO  main            d.u.i.k.p.i.AbstractProblemLoader Replaying proof danglingElseSolution1.key 
99503      DEBUG main            d.u.i.k.p.i.IntermediateProofReplayer Proof replay took 7.1ns 
99606      INFO  main            d.u.i.k.p.r.p.TestFile    ... finished proof: closed. 
99834      INFO  main            d.u.i.k.p.i.AbstractProblemLoader Loading environment from /home/runner/work/key/key/key.core/../key.ui/examples/standard_key/java_dl/danglingElseSolution1.key.proof 
99834      DEBUG main            d.u.i.k.p.i.AbstractProblemLoader Environment load took 108.4ns 
99835      INFO  main            d.u.i.k.p.i.AbstractProblemLoader Creating init config 
102109     DEBUG main            d.u.i.k.p.i.AbstractProblemLoader Init config took 2.27s 
102123     INFO  main            d.u.i.k.p.i.AbstractProblemLoader Replaying proof danglingElseSolution1.key.proof 
102131     DEBUG main            d.u.i.k.p.i.IntermediateProofReplayer Proof replay took 6.15ms 
102132     DEBUG main            d.u.i.k.p.r.p.TestFile    ... success: reloaded. 
102133     INFO  main            d.u.i.k.p.r.p.TestFile    Now processing file /home/runner/work/key/key/key.core/../key.ui/examples/standard_key/java_dl/danglingElseSolution2.key 
102133     INFO  main            d.u.i.k.p.i.AbstractProblemLoader Loading environment from /home/runner/work/key/key/key.core/../key.ui/examples/standard_key/java_dl/danglingElseSolution2.key 
102133     DEBUG main            d.u.i.k.p.i.AbstractProblemLoader Environment load took 187.9ns 
102134     INFO  main            d.u.i.k.p.i.AbstractProblemLoader Creating init config 
104484     DEBUG main            d.u.i.k.p.i.AbstractProblemLoader Init config took 2.35s 
104500     INFO  main            d.u.i.k.p.i.AbstractProblemLoader Replaying proof danglingElseSolution2.key 
104502     DEBUG main            d.u.i.k.p.i.IntermediateProofReplayer Proof replay took 8.5ns 
104606     INFO  main            d.u.i.k.p.r.p.TestFile    ... finished proof: closed. 
104848     INFO  main            d.u.i.k.p.i.AbstractProblemLoader Loading environment from /home/runner/work/key/key/key.core/../key.ui/examples/standard_key/java_dl/danglingElseSolution2.key.proof 
104848     DEBUG main            d.u.i.k.p.i.AbstractProblemLoader Environment load took 109ns 
104849     INFO  main            d.u.i.k.p.i.AbstractProblemLoader Creating init config 
107114     DEBUG main            d.u.i.k.p.i.AbstractProblemLoader Init config took 2.26s 
107129     INFO  main            d.u.i.k.p.i.AbstractProblemLoader Replaying proof danglingElseSolution2.key.proof 
107138     DEBUG main            d.u.i.k.p.i.IntermediateProofReplayer Proof replay took 6.51ms 
107139     DEBUG main            d.u.i.k.p.r.p.TestFile    ... success: reloaded. 
107140     INFO  main            d.u.i.k.p.r.p.TestFile    Now processing file /home/runner/work/key/key/key.core/../key.ui/examples/standard_key/java_dl/deepNonNull/deepNonNull0.key 
107140     INFO  main            d.u.i.k.p.i.AbstractProblemLoader Loading environment from /home/runner/work/key/key/key.core/../key.ui/examples/standard_key/java_dl/deepNonNull/deepNonNull0.key 
107140     DEBUG main            d.u.i.k.p.i.AbstractProblemLoader Environment load took 176.9ns 
107141     INFO  main            d.u.i.k.p.i.AbstractProblemLoader Creating init config 
109524     DEBUG main            d.u.i.k.p.i.AbstractProblemLoader Init config took 2.38s 
109562     INFO  main            d.u.i.k.p.i.AbstractProblemLoader Replaying proof Arrays[Arrays::get()].JML operation contract.0 
109563     DEBUG main            d.u.i.k.p.i.IntermediateProofReplayer Proof replay took 7ns 
109778     INFO  main            d.u.i.k.p.r.p.TestFile    ... finished proof: closed. 
110029     INFO  main            d.u.i.k.p.i.AbstractProblemLoader Loading environment from /home/runner/work/key/key/key.core/../key.ui/examples/standard_key/java_dl/deepNonNull/deepNonNull0.key.proof 
110036     DEBUG main            d.u.i.k.p.i.AbstractProblemLoader Environment load took 6.94ms 
110038     INFO  main            d.u.i.k.p.i.AbstractProblemLoader Creating init config 
112396     DEBUG main            d.u.i.k.p.i.AbstractProblemLoader Init config took 2.36s 
112434     INFO  main            d.u.i.k.p.i.AbstractProblemLoader Replaying proof Arrays[Arrays::get()].JML operation contract.0 
112452     DEBUG main            d.u.i.k.p.i.IntermediateProofReplayer Proof replay took 15.68ms 
112453     DEBUG main            d.u.i.k.p.r.p.TestFile    ... success: reloaded. 
112453     INFO  main            d.u.i.k.p.r.p.TestFile    Now processing file /home/runner/work/key/key/key.core/../key.ui/examples/standard_key/java_dl/deepNonNull/deepNonNull1.key 
112453     INFO  main            d.u.i.k.p.i.AbstractProblemLoader Loading environment from /home/runner/work/key/key/key.core/../key.ui/examples/standard_key/java_dl/deepNonNull/deepNonNull1.key 
112453     DEBUG main            d.u.i.k.p.i.AbstractProblemLoader Environment load took 83ns 
112454     INFO  main            d.u.i.k.p.i.AbstractProblemLoader Creating init config 
114858     DEBUG main            d.u.i.k.p.i.AbstractProblemLoader Init config took 2.4s 
114900     INFO  main            d.u.i.k.p.i.AbstractProblemLoader Replaying proof Arrays[Arrays::head()].JML operation contract.0 
114902     DEBUG main            d.u.i.k.p.i.IntermediateProofReplayer Proof replay took 7.4ns 
115104     INFO  main            d.u.i.k.p.r.p.TestFile    ... finished proof: closed. 
115346     INFO  main            d.u.i.k.p.i.AbstractProblemLoader Loading environment from /home/runner/work/key/key/key.core/../key.ui/examples/standard_key/java_dl/deepNonNull/deepNonNull1.key.proof 
115347     DEBUG main            d.u.i.k.p.i.AbstractProblemLoader Environment load took 1.12ms 
115348     INFO  main            d.u.i.k.p.i.AbstractProblemLoader Creating init config 
117703     DEBUG main            d.u.i.k.p.i.AbstractProblemLoader Init config took 2.35s 
117738     INFO  main            d.u.i.k.p.i.AbstractProblemLoader Replaying proof Arrays[Arrays::head()].JML operation contract.0 
117788     DEBUG main            d.u.i.k.p.i.IntermediateProofReplayer Proof replay took 41.91ms 
117790     DEBUG main            d.u.i.k.p.r.p.TestFile    ... success: reloaded. 
117790     INFO  main            d.u.i.k.p.r.p.TestFile    Now processing file /home/runner/work/key/key/key.core/../key.ui/examples/standard_key/java_dl/deepNonNull/deepNonNull2.key 
117791     INFO  main            d.u.i.k.p.i.AbstractProblemLoader Loading environment from /home/runner/work/key/key/key.core/../key.ui/examples/standard_key/java_dl/deepNonNull/deepNonNull2.key 
117791     DEBUG main            d.u.i.k.p.i.AbstractProblemLoader Environment load took 222.2ns 
117793     INFO  main            d.u.i.k.p.i.AbstractProblemLoader Creating init config 
120190     DEBUG main            d.u.i.k.p.i.AbstractProblemLoader Init config took 2.4s 
120225     INFO  main            d.u.i.k.p.i.AbstractProblemLoader Replaying proof Arrays[Arrays::unprovable(java.lang.Object)].JML operation contract.0 
120226     DEBUG main            d.u.i.k.p.i.IntermediateProofReplayer Proof replay took 6.3ns 
120333     INFO  main            d.u.i.k.p.r.p.TestFile    ... finished proof: open goal(s) 
120584     INFO  main            d.u.i.k.p.r.p.TestFile    Now processing file /home/runner/work/key/key/key.core/../key.ui/examples/standard_key/java_dl/deepNonNull/deepNonNull3.key 
120585     INFO  main            d.u.i.k.p.i.AbstractProblemLoader Loading environment from /home/runner/work/key/key/key.core/../key.ui/examples/standard_key/java_dl/deepNonNull/deepNonNull3.key 
120585     DEBUG main            d.u.i.k.p.i.AbstractProblemLoader Environment load took 64.7ns 
120586     INFO  main            d.u.i.k.p.i.AbstractProblemLoader Creating init config 
122938     DEBUG main            d.u.i.k.p.i.AbstractProblemLoader Init config took 2.35s 
122973     INFO  main            d.u.i.k.p.i.AbstractProblemLoader Replaying proof Arrays[Arrays::head([[[[Ljava.lang.Object)].JML operation contract.0 
122974     DEBUG main            d.u.i.k.p.i.IntermediateProofReplayer Proof replay took 6.6ns 
123779     INFO  main            d.u.i.k.p.r.p.TestFile    ... finished proof: closed. 
124051     INFO  main            d.u.i.k.p.i.AbstractProblemLoader Loading environment from /home/runner/work/key/key/key.core/../key.ui/examples/standard_key/java_dl/deepNonNull/deepNonNull3.key.proof 
124052     DEBUG main            d.u.i.k.p.i.AbstractProblemLoader Environment load took 1.64ms 
124054     INFO  main            d.u.i.k.p.i.AbstractProblemLoader Creating init config 
126389     DEBUG main            d.u.i.k.p.i.AbstractProblemLoader Init config took 2.34s 
126426     INFO  main            d.u.i.k.p.i.AbstractProblemLoader Replaying proof Arrays[Arrays::head([[[[Ljava.lang.Object)].JML operation contract.0 
126491     DEBUG main            d.u.i.k.p.i.IntermediateProofReplayer Proof replay took 59.27ms 
126492     DEBUG main            d.u.i.k.p.r.p.TestFile    ... success: reloaded. 
126493     INFO  main            d.u.i.k.p.r.p.TestFile    Now processing file /home/runner/work/key/key/key.core/../key.ui/examples/standard_key/java_dl/exceptions.key 
126493     INFO  main            d.u.i.k.p.i.AbstractProblemLoader Loading environment from /home/runner/work/key/key/key.core/../key.ui/examples/standard_key/java_dl/exceptions.key 
126495     DEBUG main            d.u.i.k.p.i.AbstractProblemLoader Environment load took 1.63ms 
126496     INFO  main            d.u.i.k.p.i.AbstractProblemLoader Creating init config 
126520     WARN  main            d.u.i.k.j.r.KeYCrossReferenceNameInfo Datatype java.io.PrintStream declared twice: Once in FILE:/home/runner/work/key/key/key.core/../key.ui/examples/standard_key/java_dl/classpath/PrintStream.java and once in URL:file:/home/runner/work/key/key/key.core/build/resources/main/de/uka/ilkd/key/java/JavaRedux/java/io/PrintStream.java, Keeping one from URL:file:/home/runner/work/key/key/key.core/build/resources/main/de/uka/ilkd/key/java/JavaRedux/java/io/PrintStream.java 
126522     WARN  main            d.u.i.k.j.r.KeYCrossReferenceNameInfo Datatype java.lang.System declared twice: Once in FILE:/home/runner/work/key/key/key.core/../key.ui/examples/standard_key/java_dl/classpath/System.java and once in URL:file:/home/runner/work/key/key/key.core/build/resources/main/de/uka/ilkd/key/java/JavaRedux/java/lang/System.java, Keeping one from URL:file:/home/runner/work/key/key/key.core/build/resources/main/de/uka/ilkd/key/java/JavaRedux/java/lang/System.java 
126523     WARN  main            d.u.i.k.j.r.KeYCrossReferenceNameInfo Datatype java.io.InputStream declared twice: Once in FILE:/home/runner/work/key/key/key.core/../key.ui/examples/standard_key/java_dl/classpath/InputStream.java and once in URL:file:/home/runner/work/key/key/key.core/build/resources/main/de/uka/ilkd/key/java/JavaRedux/java/io/InputStream.java, Keeping one from URL:file:/home/runner/work/key/key/key.core/build/resources/main/de/uka/ilkd/key/java/JavaRedux/java/io/InputStream.java 
126528     DEBUG main            d.u.i.k.j.r.ClassFileDeclarationBuilder Parsing: package java.io; public class Closeable { } 
126528     DEBUG main            r.s.KeYCrossReferenceSourceInfo Dynamically created class: java.io.Closeable 
128953     DEBUG main            d.u.i.k.p.i.AbstractProblemLoader Init config took 2.46s 
128968     INFO  main            d.u.i.k.p.i.AbstractProblemLoader Replaying proof exceptions.key 
128971     DEBUG main            d.u.i.k.p.i.IntermediateProofReplayer Proof replay took 7.1ns 
129174     INFO  main            d.u.i.k.p.r.p.TestFile    ... finished proof: closed. 
129440     INFO  main            d.u.i.k.p.i.AbstractProblemLoader Loading environment from /home/runner/work/key/key/key.core/../key.ui/examples/standard_key/java_dl/exceptions.key.proof 
129440     DEBUG main            d.u.i.k.p.i.AbstractProblemLoader Environment load took 94.5ns 
129441     INFO  main            d.u.i.k.p.i.AbstractProblemLoader Creating init config 
129462     WARN  main            d.u.i.k.j.r.KeYCrossReferenceNameInfo Datatype java.io.PrintStream declared twice: Once in FILE:/home/runner/work/key/key/key.core/../key.ui/examples/standard_key/java_dl/classpath/PrintStream.java and once in URL:file:/home/runner/work/key/key/key.core/build/resources/main/de/uka/ilkd/key/java/JavaRedux/java/io/PrintStream.java, Keeping one from URL:file:/home/runner/work/key/key/key.core/build/resources/main/de/uka/ilkd/key/java/JavaRedux/java/io/PrintStream.java 
129462     WARN  main            d.u.i.k.j.r.KeYCrossReferenceNameInfo Datatype java.lang.System declared twice: Once in FILE:/home/runner/work/key/key/key.core/../key.ui/examples/standard_key/java_dl/classpath/System.java and once in URL:file:/home/runner/work/key/key/key.core/build/resources/main/de/uka/ilkd/key/java/JavaRedux/java/lang/System.java, Keeping one from URL:file:/home/runner/work/key/key/key.core/build/resources/main/de/uka/ilkd/key/java/JavaRedux/java/lang/System.java 
129462     WARN  main            d.u.i.k.j.r.KeYCrossReferenceNameInfo Datatype java.io.InputStream declared twice: Once in FILE:/home/runner/work/key/key/key.core/../key.ui/examples/standard_key/java_dl/classpath/InputStream.java and once in URL:file:/home/runner/work/key/key/key.core/build/resources/main/de/uka/ilkd/key/java/JavaRedux/java/io/InputStream.java, Keeping one from URL:file:/home/runner/work/key/key/key.core/build/resources/main/de/uka/ilkd/key/java/JavaRedux/java/io/InputStream.java 
129465     DEBUG main            d.u.i.k.j.r.ClassFileDeclarationBuilder Parsing: package java.io; public class Closeable { } 
129465     DEBUG main            r.s.KeYCrossReferenceSourceInfo Dynamically created class: java.io.Closeable 
131767     DEBUG main            d.u.i.k.p.i.AbstractProblemLoader Init config took 2.33s 
131782     INFO  main            d.u.i.k.p.i.AbstractProblemLoader Replaying proof exceptions.key.proof 
131816     DEBUG main            d.u.i.k.p.i.IntermediateProofReplayer Proof replay took 32.01ms 
131817     DEBUG main            d.u.i.k.p.r.p.TestFile    ... success: reloaded. 
131818     INFO  main            d.u.i.k.p.r.p.TestFile    Now processing file /home/runner/work/key/key/key.core/../key.ui/examples/standard_key/java_dl/exceptions1.key 
131818     INFO  main            d.u.i.k.p.i.AbstractProblemLoader Loading environment from /home/runner/work/key/key/key.core/../key.ui/examples/standard_key/java_dl/exceptions1.key 
131818     DEBUG main            d.u.i.k.p.i.AbstractProblemLoader Environment load took 99.8ns 
131819     INFO  main            d.u.i.k.p.i.AbstractProblemLoader Creating init config 
134170     DEBUG main            d.u.i.k.p.i.AbstractProblemLoader Init config took 2.35s 
134185     INFO  main            d.u.i.k.p.i.AbstractProblemLoader Replaying proof exceptions1.key 
134187     DEBUG main            d.u.i.k.p.i.IntermediateProofReplayer Proof replay took 7.6ns 
134289     INFO  main            d.u.i.k.p.r.p.TestFile    ... finished proof: closed. 
134566     INFO  main            d.u.i.k.p.i.AbstractProblemLoader Loading environment from /home/runner/work/key/key/key.core/../key.ui/examples/standard_key/java_dl/exceptions1.key.proof 
134566     DEBUG main            d.u.i.k.p.i.AbstractProblemLoader Environment load took 96.1ns 
134567     INFO  main            d.u.i.k.p.i.AbstractProblemLoader Creating init config 
136838     DEBUG main            d.u.i.k.p.i.AbstractProblemLoader Init config took 2.27s 
136853     INFO  main            d.u.i.k.p.i.AbstractProblemLoader Replaying proof exceptions1.key.proof 
136883     DEBUG main            d.u.i.k.p.i.IntermediateProofReplayer Proof replay took 26.1ms 
136883     DEBUG main            d.u.i.k.p.r.p.TestFile    ... success: reloaded. 
136885     INFO  main            d.u.i.k.p.r.p.TestFile    Now processing file /home/runner/work/key/key/key.core/../key.ui/examples/standard_key/java_dl/exceptions2.key 
136885     INFO  main            d.u.i.k.p.i.AbstractProblemLoader Loading environment from /home/runner/work/key/key/key.core/../key.ui/examples/standard_key/java_dl/exceptions2.key 
136885     DEBUG main            d.u.i.k.p.i.AbstractProblemLoader Environment load took 81ns 
136886     INFO  main            d.u.i.k.p.i.AbstractProblemLoader Creating init config 
139210     DEBUG main            d.u.i.k.p.i.AbstractProblemLoader Init config took 2.32s 
139231     INFO  main            d.u.i.k.p.i.AbstractProblemLoader Replaying proof exceptions2.key 
139233     DEBUG main            d.u.i.k.p.i.IntermediateProofReplayer Proof replay took 7.8ns 
139436     INFO  main            d.u.i.k.p.r.p.TestFile    ... finished proof: closed. 
139718     INFO  main            d.u.i.k.p.i.AbstractProblemLoader Loading environment from /home/runner/work/key/key/key.core/../key.ui/examples/standard_key/java_dl/exceptions2.key.proof 
139718     DEBUG main            d.u.i.k.p.i.AbstractProblemLoader Environment load took 100.4ns 
139719     INFO  main            d.u.i.k.p.i.AbstractProblemLoader Creating init config 
141990     DEBUG main            d.u.i.k.p.i.AbstractProblemLoader Init config took 2.27s 
142005     INFO  main            d.u.i.k.p.i.AbstractProblemLoader Replaying proof exceptions2.key.proof 
142038     DEBUG main            d.u.i.k.p.i.IntermediateProofReplayer Proof replay took 30.59ms 
142043     DEBUG main            d.u.i.k.p.r.p.TestFile    ... success: reloaded. 
142044     INFO  main            d.u.i.k.p.r.p.TestFile    Now processing file /home/runner/work/key/key/key.core/../key.ui/examples/standard_key/java_dl/exceptions3.key 
142044     INFO  main            d.u.i.k.p.i.AbstractProblemLoader Loading environment from /home/runner/work/key/key/key.core/../key.ui/examples/standard_key/java_dl/exceptions3.key 
142044     DEBUG main            d.u.i.k.p.i.AbstractProblemLoader Environment load took 180.2ns 
142046     INFO  main            d.u.i.k.p.i.AbstractProblemLoader Creating init config 
142073     WARN  main            d.u.i.k.j.r.KeYCrossReferenceNameInfo Datatype java.io.PrintStream declared twice: Once in FILE:/home/runner/work/key/key/key.core/../key.ui/examples/standard_key/java_dl/classpath/PrintStream.java and once in URL:file:/home/runner/work/key/key/key.core/build/resources/main/de/uka/ilkd/key/java/JavaRedux/java/io/PrintStream.java, Keeping one from URL:file:/home/runner/work/key/key/key.core/build/resources/main/de/uka/ilkd/key/java/JavaRedux/java/io/PrintStream.java 
142073     WARN  main            d.u.i.k.j.r.KeYCrossReferenceNameInfo Datatype java.lang.System declared twice: Once in FILE:/home/runner/work/key/key/key.core/../key.ui/examples/standard_key/java_dl/classpath/System.java and once in URL:file:/home/runner/work/key/key/key.core/build/resources/main/de/uka/ilkd/key/java/JavaRedux/java/lang/System.java, Keeping one from URL:file:/home/runner/work/key/key/key.core/build/resources/main/de/uka/ilkd/key/java/JavaRedux/java/lang/System.java 
142073     WARN  main            d.u.i.k.j.r.KeYCrossReferenceNameInfo Datatype java.io.InputStream declared twice: Once in FILE:/home/runner/work/key/key/key.core/../key.ui/examples/standard_key/java_dl/classpath/InputStream.java and once in URL:file:/home/runner/work/key/key/key.core/build/resources/main/de/uka/ilkd/key/java/JavaRedux/java/io/InputStream.java, Keeping one from URL:file:/home/runner/work/key/key/key.core/build/resources/main/de/uka/ilkd/key/java/JavaRedux/java/io/InputStream.java 
142076     DEBUG main            d.u.i.k.j.r.ClassFileDeclarationBuilder Parsing: package java.io; public class Closeable { } 
142077     DEBUG main            r.s.KeYCrossReferenceSourceInfo Dynamically created class: java.io.Closeable 
144478     DEBUG main            d.u.i.k.p.i.AbstractProblemLoader Init config took 2.43s 
144492     INFO  main            d.u.i.k.p.i.AbstractProblemLoader Replaying proof exceptions3.key 
144494     DEBUG main            d.u.i.k.p.i.IntermediateProofReplayer Proof replay took 13.6ns 
144598     INFO  main            d.u.i.k.p.r.p.TestFile    ... finished proof: closed. 
144877     INFO  main            d.u.i.k.p.i.AbstractProblemLoader Loading environment from /home/runner/work/key/key/key.core/../key.ui/examples/standard_key/java_dl/exceptions3.key.proof 
144878     DEBUG main            d.u.i.k.p.i.AbstractProblemLoader Environment load took 88.2ns 
144878     INFO  main            d.u.i.k.p.i.AbstractProblemLoader Creating init config 
144900     WARN  main            d.u.i.k.j.r.KeYCrossReferenceNameInfo Datatype java.io.PrintStream declared twice: Once in FILE:/home/runner/work/key/key/key.core/../key.ui/examples/standard_key/java_dl/classpath/PrintStream.java and once in URL:file:/home/runner/work/key/key/key.core/build/resources/main/de/uka/ilkd/key/java/JavaRedux/java/io/PrintStream.java, Keeping one from URL:file:/home/runner/work/key/key/key.core/build/resources/main/de/uka/ilkd/key/java/JavaRedux/java/io/PrintStream.java 
144900     WARN  main            d.u.i.k.j.r.KeYCrossReferenceNameInfo Datatype java.lang.System declared twice: Once in FILE:/home/runner/work/key/key/key.core/../key.ui/examples/standard_key/java_dl/classpath/System.java and once in URL:file:/home/runner/work/key/key/key.core/build/resources/main/de/uka/ilkd/key/java/JavaRedux/java/lang/System.java, Keeping one from URL:file:/home/runner/work/key/key/key.core/build/resources/main/de/uka/ilkd/key/java/JavaRedux/java/lang/System.java 
144900     WARN  main            d.u.i.k.j.r.KeYCrossReferenceNameInfo Datatype java.io.InputStream declared twice: Once in FILE:/home/runner/work/key/key/key.core/../key.ui/examples/standard_key/java_dl/classpath/InputStream.java and once in URL:file:/home/runner/work/key/key/key.core/build/resources/main/de/uka/ilkd/key/java/JavaRedux/java/io/InputStream.java, Keeping one from URL:file:/home/runner/work/key/key/key.core/build/resources/main/de/uka/ilkd/key/java/JavaRedux/java/io/InputStream.java 
144903     DEBUG main            d.u.i.k.j.r.ClassFileDeclarationBuilder Parsing: package java.io; public class Closeable { } 
144903     DEBUG main            r.s.KeYCrossReferenceSourceInfo Dynamically created class: java.io.Closeable 
147190     DEBUG main            d.u.i.k.p.i.AbstractProblemLoader Init config took 2.31s 
147204     INFO  main            d.u.i.k.p.i.AbstractProblemLoader Replaying proof exceptions3.key.proof 
147212     DEBUG main            d.u.i.k.p.i.IntermediateProofReplayer Proof replay took 2.81ms 
147213     DEBUG main            d.u.i.k.p.r.p.TestFile    ... success: reloaded. 
147214     INFO  main            d.u.i.k.p.r.p.TestFile    Now processing file /home/runner/work/key/key/key.core/../key.ui/examples/standard_key/java_dl/exchange.key 
147214     INFO  main            d.u.i.k.p.i.AbstractProblemLoader Loading environment from /home/runner/work/key/key/key.core/../key.ui/examples/standard_key/java_dl/exchange.key 
147214     DEBUG main            d.u.i.k.p.i.AbstractProblemLoader Environment load took 169.5ns 
147215     INFO  main            d.u.i.k.p.i.AbstractProblemLoader Creating init config 
149514     DEBUG main            d.u.i.k.p.i.AbstractProblemLoader Init config took 2.3s 
149528     INFO  main            d.u.i.k.p.i.AbstractProblemLoader Replaying proof exchange.key 
149529     DEBUG main            d.u.i.k.p.i.IntermediateProofReplayer Proof replay took 6.8ns 
149631     INFO  main            d.u.i.k.p.r.p.TestFile    ... finished proof: closed. 
149915     INFO  main            d.u.i.k.p.i.AbstractProblemLoader Loading environment from /home/runner/work/key/key/key.core/../key.ui/examples/standard_key/java_dl/exchange.key.proof 
149915     DEBUG main            d.u.i.k.p.i.AbstractProblemLoader Environment load took 102.3ns 
149917     INFO  main            d.u.i.k.p.i.AbstractProblemLoader Creating init config 
152190     DEBUG main            d.u.i.k.p.i.AbstractProblemLoader Init config took 2.27s 
152204     INFO  main            d.u.i.k.p.i.AbstractProblemLoader Replaying proof exchange.key.proof 
152211     DEBUG main            d.u.i.k.p.i.IntermediateProofReplayer Proof replay took 4.72ms 
152212     DEBUG main            d.u.i.k.p.r.p.TestFile    ... success: reloaded. 
152213     INFO  main            d.u.i.k.p.r.p.TestFile    Now processing file /home/runner/work/key/key/key.core/../key.ui/examples/standard_key/java_dl/if.key 
152213     INFO  main            d.u.i.k.p.i.AbstractProblemLoader Loading environment from /home/runner/work/key/key/key.core/../key.ui/examples/standard_key/java_dl/if.key 
152213     DEBUG main            d.u.i.k.p.i.AbstractProblemLoader Environment load took 70.4ns 
152214     INFO  main            d.u.i.k.p.i.AbstractProblemLoader Creating init config 
154509     DEBUG main            d.u.i.k.p.i.AbstractProblemLoader Init config took 2.3s 
154523     INFO  main            d.u.i.k.p.i.AbstractProblemLoader Replaying proof if.key 
154524     DEBUG main            d.u.i.k.p.i.IntermediateProofReplayer Proof replay took 6.7ns 
154626     INFO  main            d.u.i.k.p.r.p.TestFile    ... finished proof: closed. 
154913     INFO  main            d.u.i.k.p.i.AbstractProblemLoader Loading environment from /home/runner/work/key/key/key.core/../key.ui/examples/standard_key/java_dl/if.key.proof 
154914     DEBUG main            d.u.i.k.p.i.AbstractProblemLoader Environment load took 89.3ns 
154914     INFO  main            d.u.i.k.p.i.AbstractProblemLoader Creating init config 
157172     DEBUG main            d.u.i.k.p.i.AbstractProblemLoader Init config took 2.26s 
157186     INFO  main            d.u.i.k.p.i.AbstractProblemLoader Replaying proof if.key.proof 
157190     DEBUG main            d.u.i.k.p.i.IntermediateProofReplayer Proof replay took 2.38ms 
157191     DEBUG main            d.u.i.k.p.r.p.TestFile    ... success: reloaded. 
157191     INFO  main            d.u.i.k.p.r.p.TestFile    Now processing file /home/runner/work/key/key/key.core/../key.ui/examples/standard_key/java_dl/incrementcounter.key 
157191     INFO  main            d.u.i.k.p.i.AbstractProblemLoader Loading environment from /home/runner/work/key/key/key.core/../key.ui/examples/standard_key/java_dl/incrementcounter.key 
157191     DEBUG main            d.u.i.k.p.i.AbstractProblemLoader Environment load took 74.7ns 
157192     INFO  main            d.u.i.k.p.i.AbstractProblemLoader Creating init config 
159485     DEBUG main            d.u.i.k.p.i.AbstractProblemLoader Init config took 2.29s 
159499     INFO  main            d.u.i.k.p.i.AbstractProblemLoader Replaying proof incrementcounter.key 
159501     DEBUG main            d.u.i.k.p.i.IntermediateProofReplayer Proof replay took 6.3ns 
159602     INFO  main            d.u.i.k.p.r.p.TestFile    ... finished proof: closed. 
159898     INFO  main            d.u.i.k.p.i.AbstractProblemLoader Loading environment from /home/runner/work/key/key/key.core/../key.ui/examples/standard_key/java_dl/incrementcounter.key.proof 
159899     DEBUG main            d.u.i.k.p.i.AbstractProblemLoader Environment load took 90.3ns 
159900     INFO  main            d.u.i.k.p.i.AbstractProblemLoader Creating init config 
162161     DEBUG main            d.u.i.k.p.i.AbstractProblemLoader Init config took 2.26s 
162175     INFO  main            d.u.i.k.p.i.AbstractProblemLoader Replaying proof incrementcounter.key.proof 
162178     DEBUG main            d.u.i.k.p.i.IntermediateProofReplayer Proof replay took 1.41ms 
162179     DEBUG main            d.u.i.k.p.r.p.TestFile    ... success: reloaded. 
162179     INFO  main            d.u.i.k.p.r.p.TestFile    Now processing file /home/runner/work/key/key/key.core/../key.ui/examples/standard_key/java_dl/danglingElse.key 
162179     INFO  main            d.u.i.k.p.i.AbstractProblemLoader Loading environment from /home/runner/work/key/key/key.core/../key.ui/examples/standard_key/java_dl/danglingElse.key 
162180     DEBUG main            d.u.i.k.p.i.AbstractProblemLoader Environment load took 68.8ns 
162180     INFO  main            d.u.i.k.p.i.AbstractProblemLoader Creating init config 
164501     DEBUG main            d.u.i.k.p.i.AbstractProblemLoader Init config took 2.32s 
164514     INFO  main            d.u.i.k.p.i.AbstractProblemLoader Replaying proof danglingElse.key 
164516     DEBUG main            d.u.i.k.p.i.IntermediateProofReplayer Proof replay took 6.4ns 
164622     INFO  main            d.u.i.k.p.r.p.TestFile    ... finished proof: open goal(s) 
164930     INFO  main            d.u.i.k.p.r.p.TestFile    Now processing file /home/runner/work/key/key/key.core/../key.ui/examples/standard_key/java_dl/iteratedAssignment.key 
164930     INFO  main            d.u.i.k.p.i.AbstractProblemLoader Loading environment from /home/runner/work/key/key/key.core/../key.ui/examples/standard_key/java_dl/iteratedAssignment.key 
164930     DEBUG main            d.u.i.k.p.i.AbstractProblemLoader Environment load took 67ns 
164932     INFO  main            d.u.i.k.p.i.AbstractProblemLoader Creating init config 
167237     DEBUG main            d.u.i.k.p.i.AbstractProblemLoader Init config took 2.31s 
167253     INFO  main            d.u.i.k.p.i.AbstractProblemLoader Replaying proof iteratedAssignment.key 
167256     DEBUG main            d.u.i.k.p.i.IntermediateProofReplayer Proof replay took 10.1ns 
167662     INFO  main            d.u.i.k.p.r.p.TestFile    ... finished proof: closed. 
167992     INFO  main            d.u.i.k.p.i.AbstractProblemLoader Loading environment from /home/runner/work/key/key/key.core/../key.ui/examples/standard_key/java_dl/iteratedAssignment.key.proof 
167992     DEBUG main            d.u.i.k.p.i.AbstractProblemLoader Environment load took 88.9ns 
167993     INFO  main            d.u.i.k.p.i.AbstractProblemLoader Creating init config 
170265     DEBUG main            d.u.i.k.p.i.AbstractProblemLoader Init config took 2.27s 
170279     INFO  main            d.u.i.k.p.i.AbstractProblemLoader Replaying proof iteratedAssignment.key.proof 
170329     DEBUG main            d.u.i.k.p.i.IntermediateProofReplayer Proof replay took 46.91ms 
170330     DEBUG main            d.u.i.k.p.r.p.TestFile    ... success: reloaded. 
170331     INFO  main            d.u.i.k.p.r.p.TestFile    Now processing file /home/runner/work/key/key/key.core/../key.ui/examples/standard_key/java_dl/assert/assert1.key 
170331     INFO  main            d.u.i.k.p.i.AbstractProblemLoader Loading environment from /home/runner/work/key/key/key.core/../key.ui/examples/standard_key/java_dl/assert/assert1.key 
170331     DEBUG main            d.u.i.k.p.i.AbstractProblemLoader Environment load took 63.4ns 
170332     INFO  main            d.u.i.k.p.i.AbstractProblemLoader Creating init config 
172717     DEBUG main            d.u.i.k.p.i.AbstractProblemLoader Init config took 2.39s 
172751     INFO  main            d.u.i.k.p.i.AbstractProblemLoader Replaying proof C[C::foo()].JML normal_behavior operation contract.0 
172753     DEBUG main            d.u.i.k.p.i.IntermediateProofReplayer Proof replay took 7.3ns 
172958     INFO  main            d.u.i.k.p.r.p.TestFile    ... finished proof: open goal(s) 
173283     INFO  main            d.u.i.k.p.r.p.TestFile    Now processing file /home/runner/work/key/key/key.core/../key.ui/examples/standard_key/java_dl/assert/assert2.key 
173283     INFO  main            d.u.i.k.p.i.AbstractProblemLoader Loading environment from /home/runner/work/key/key/key.core/../key.ui/examples/standard_key/java_dl/assert/assert2.key 
173283     DEBUG main            d.u.i.k.p.i.AbstractProblemLoader Environment load took 56.2ns 
173284     INFO  main            d.u.i.k.p.i.AbstractProblemLoader Creating init config 
175585     DEBUG main            d.u.i.k.p.i.AbstractProblemLoader Init config took 2.3s 
175618     INFO  main            d.u.i.k.p.i.AbstractProblemLoader Replaying proof C[C::bar()].JML exceptional_behavior operation contract.0 
175620     DEBUG main            d.u.i.k.p.i.IntermediateProofReplayer Proof replay took 6.9ns 
175822     INFO  main            d.u.i.k.p.r.p.TestFile    ... finished proof: closed. 
176123     INFO  main            d.u.i.k.p.i.AbstractProblemLoader Loading environment from /home/runner/work/key/key/key.core/../key.ui/examples/standard_key/java_dl/assert/assert2.key.proof 
176123     DEBUG main            d.u.i.k.p.i.AbstractProblemLoader Environment load took 97.9ns 
176124     INFO  main            d.u.i.k.p.i.AbstractProblemLoader Creating init config 
178409     DEBUG main            d.u.i.k.p.i.AbstractProblemLoader Init config took 2.29s 
178441     INFO  main            d.u.i.k.p.i.AbstractProblemLoader Replaying proof C[C::bar()].JML exceptional_behavior operation contract.0 
178471     DEBUG main            d.u.i.k.p.i.IntermediateProofReplayer Proof replay took 27.94ms 
178472     DEBUG main            d.u.i.k.p.r.p.TestFile    ... success: reloaded. 
178473     INFO  main            d.u.i.k.p.r.p.TestFile    Now processing file /home/runner/work/key/key/key.core/../key.ui/examples/standard_key/java_dl/assert/assert3.key 
178473     INFO  main            d.u.i.k.p.i.AbstractProblemLoader Loading environment from /home/runner/work/key/key/key.core/../key.ui/examples/standard_key/java_dl/assert/assert3.key 
178473     DEBUG main            d.u.i.k.p.i.AbstractProblemLoader Environment load took 67.5ns 
178474     INFO  main            d.u.i.k.p.i.AbstractProblemLoader Creating init config 
180822     DEBUG main            d.u.i.k.p.i.AbstractProblemLoader Init config took 2.35s 
180854     INFO  main            d.u.i.k.p.i.AbstractProblemLoader Replaying proof C[C::foo()].JML normal_behavior operation contract.0 
180856     DEBUG main            d.u.i.k.p.i.IntermediateProofReplayer Proof replay took 6.5ns 
180958     INFO  main            d.u.i.k.p.r.p.TestFile    ... finished proof: open goal(s) 
181276     INFO  main            d.u.i.k.p.r.p.TestFile    Now processing file /home/runner/work/key/key/key.core/../key.ui/examples/standard_key/java_dl/java5/vararg.key 
181276     INFO  main            d.u.i.k.p.i.AbstractProblemLoader Loading environment from /home/runner/work/key/key/key.core/../key.ui/examples/standard_key/java_dl/java5/vararg.key 
181277     DEBUG main            d.u.i.k.p.i.AbstractProblemLoader Environment load took 64.6ns 
181278     INFO  main            d.u.i.k.p.i.AbstractProblemLoader Creating init config 
182102     DEBUG main            d.u.i.k.j.r.ClassPreparationMethodBuilder clPrepBuilder: Inner Class detected. Reject building class initialisation methods. 
183881     DEBUG main            d.u.i.k.p.i.AbstractProblemLoader Init config took 2.6s 
183906     INFO  main            d.u.i.k.p.i.AbstractProblemLoader Replaying proof vararg.key 
183907     DEBUG main            d.u.i.k.p.i.IntermediateProofReplayer Proof replay took 7.3ns 
185116     INFO  main            d.u.i.k.p.r.p.TestFile    ... finished proof: closed. 
185543     INFO  main            d.u.i.k.p.i.AbstractProblemLoader Loading environment from /home/runner/work/key/key/key.core/../key.ui/examples/standard_key/java_dl/java5/vararg.key.proof 
185543     DEBUG main            d.u.i.k.p.i.AbstractProblemLoader Environment load took 348.9ns 
185545     INFO  main            d.u.i.k.p.i.AbstractProblemLoader Creating init config 
186361     DEBUG main            d.u.i.k.j.r.ClassPreparationMethodBuilder clPrepBuilder: Inner Class detected. Reject building class initialisation methods. 
188088     DEBUG main            d.u.i.k.p.i.AbstractProblemLoader Init config took 2.54s 
188117     INFO  main            d.u.i.k.p.i.AbstractProblemLoader Replaying proof vararg.key.proof 
188386     DEBUG main            d.u.i.k.p.i.IntermediateProofReplayer Proof replay took 259.7ms 
188388     DEBUG main            d.u.i.k.p.r.p.TestFile    ... success: reloaded. 
188389     INFO  main            d.u.i.k.p.r.p.TestFile    Now processing file /home/runner/work/key/key/key.core/../key.ui/examples/standard_key/java_dl/java5/for_Array.key 
188389     INFO  main            d.u.i.k.p.i.AbstractProblemLoader Loading environment from /home/runner/work/key/key/key.core/../key.ui/examples/standard_key/java_dl/java5/for_Array.key 
188389     DEBUG main            d.u.i.k.p.i.AbstractProblemLoader Environment load took 161.4ns 
188390     INFO  main            d.u.i.k.p.i.AbstractProblemLoader Creating init config 
189205     DEBUG main            d.u.i.k.j.r.ClassPreparationMethodBuilder clPrepBuilder: Inner Class detected. Reject building class initialisation methods. 
191001     DEBUG main            d.u.i.k.p.i.AbstractProblemLoader Init config took 2.61s 
191053     INFO  main            d.u.i.k.p.i.AbstractProblemLoader Replaying proof For[For::sum([I)].JML operation contract.0 
191055     DEBUG main            d.u.i.k.p.i.IntermediateProofReplayer Proof replay took 25.3ns 
191457     INFO  main            d.u.i.k.p.r.p.TestFile    ... finished proof: closed. 
191848     INFO  main            d.u.i.k.p.i.AbstractProblemLoader Loading environment from /home/runner/work/key/key/key.core/../key.ui/examples/standard_key/java_dl/java5/for_Array.key.proof 
191848     DEBUG main            d.u.i.k.p.i.AbstractProblemLoader Environment load took 89.2ns 
191849     INFO  main            d.u.i.k.p.i.AbstractProblemLoader Creating init config 
192639     DEBUG main            d.u.i.k.j.r.ClassPreparationMethodBuilder clPrepBuilder: Inner Class detected. Reject building class initialisation methods. 
194338     DEBUG main            d.u.i.k.p.i.AbstractProblemLoader Init config took 2.49s 
194390     INFO  main            d.u.i.k.p.i.AbstractProblemLoader Replaying proof For[For::sum([I)].JML operation contract.0 
194455     DEBUG main            d.u.i.k.p.i.IntermediateProofReplayer Proof replay took 62.06ms 
194456     DEBUG main            d.u.i.k.p.r.p.TestFile    ... success: reloaded. 
194457     INFO  main            d.u.i.k.p.r.p.TestFile    Now processing file /home/runner/work/key/key/key.core/../key.ui/examples/standard_key/java_dl/java5/for_Iterable.key 
194457     INFO  main            d.u.i.k.p.i.AbstractProblemLoader Loading environment from /home/runner/work/key/key/key.core/../key.ui/examples/standard_key/java_dl/java5/for_Iterable.key 
194457     DEBUG main            d.u.i.k.p.i.AbstractProblemLoader Environment load took 68.5ns 
194458     INFO  main            d.u.i.k.p.i.AbstractProblemLoader Creating init config 
195271     DEBUG main            d.u.i.k.j.r.ClassPreparationMethodBuilder clPrepBuilder: Inner Class detected. Reject building class initialisation methods. 
197022     DEBUG main            d.u.i.k.p.i.AbstractProblemLoader Init config took 2.56s 
197094     INFO  main            d.u.i.k.p.i.AbstractProblemLoader Replaying proof For[For::infiniteLoop(For)].JML operation contract.0 
197095     DEBUG main            d.u.i.k.p.i.IntermediateProofReplayer Proof replay took 7.1ns 
197297     INFO  main            d.u.i.k.p.r.p.TestFile    ... finished proof: closed. 
197635     INFO  main            d.u.i.k.p.i.AbstractProblemLoader Loading environment from /home/runner/work/key/key/key.core/../key.ui/examples/standard_key/java_dl/java5/for_Iterable.key.proof 
197635     DEBUG main            d.u.i.k.p.i.AbstractProblemLoader Environment load took 103.6ns 
197636     INFO  main            d.u.i.k.p.i.AbstractProblemLoader Creating init config 
198422     DEBUG main            d.u.i.k.j.r.ClassPreparationMethodBuilder clPrepBuilder: Inner Class detected. Reject building class initialisation methods. 
200095     DEBUG main            d.u.i.k.p.i.AbstractProblemLoader Init config took 2.46s 
200142     INFO  main            d.u.i.k.p.i.AbstractProblemLoader Replaying proof For[For::infiniteLoop(For)].JML operation contract.0 
200180     DEBUG main            d.u.i.k.p.i.IntermediateProofReplayer Proof replay took 36.2ms 
200181     DEBUG main            d.u.i.k.p.r.p.TestFile    ... success: reloaded. 
200182     INFO  main            d.u.i.k.p.r.p.TestFile    Now processing file /home/runner/work/key/key/key.core/../key.ui/examples/standard_key/java_dl/java5/for_ReferenceArray.key 
200182     INFO  main            d.u.i.k.p.i.AbstractProblemLoader Loading environment from /home/runner/work/key/key/key.core/../key.ui/examples/standard_key/java_dl/java5/for_ReferenceArray.key 
200183     DEBUG main            d.u.i.k.p.i.AbstractProblemLoader Environment load took 79ns 
200183     INFO  main            d.u.i.k.p.i.AbstractProblemLoader Creating init config 
201036     DEBUG main            d.u.i.k.j.r.ClassPreparationMethodBuilder clPrepBuilder: Inner Class detected. Reject building class initialisation methods. 
202725     DEBUG main            d.u.i.k.p.i.AbstractProblemLoader Init config took 2.54s 
202773     INFO  main            d.u.i.k.p.i.AbstractProblemLoader Replaying proof ForReferenceArray[ForReferenceArray::foo([Ljava.lang.Object)].JML operation contract.0 
202775     DEBUG main            d.u.i.k.p.i.IntermediateProofReplayer Proof replay took 6.7ns 
203078     INFO  main            d.u.i.k.p.r.p.TestFile    ... finished proof: closed. 
203444     INFO  main            d.u.i.k.p.i.AbstractProblemLoader Loading environment from /home/runner/work/key/key/key.core/../key.ui/examples/standard_key/java_dl/java5/for_ReferenceArray.key.proof 
203444     DEBUG main            d.u.i.k.p.i.AbstractProblemLoader Environment load took 103ns 
203445     INFO  main            d.u.i.k.p.i.AbstractProblemLoader Creating init config 
204224     DEBUG main            d.u.i.k.j.r.ClassPreparationMethodBuilder clPrepBuilder: Inner Class detected. Reject building class initialisation methods. 
205886     DEBUG main            d.u.i.k.p.i.AbstractProblemLoader Init config took 2.44s 
205933     INFO  main            d.u.i.k.p.i.AbstractProblemLoader Replaying proof ForReferenceArray[ForReferenceArray::foo([Ljava.lang.Object)].JML operation contract.0 
205973     DEBUG main            d.u.i.k.p.i.IntermediateProofReplayer Proof replay took 38.26ms 
205974     DEBUG main            d.u.i.k.p.r.p.TestFile    ... success: reloaded. 
205975     INFO  main            d.u.i.k.p.r.p.TestFile    Now processing file /home/runner/work/key/key/key.core/../key.ui/examples/standard_key/java_dl/jml-bigint/cast.key 
205975     INFO  main            d.u.i.k.p.i.AbstractProblemLoader Loading environment from /home/runner/work/key/key/key.core/../key.ui/examples/standard_key/java_dl/jml-bigint/cast.key 
205975     DEBUG main            d.u.i.k.p.i.AbstractProblemLoader Environment load took 68.9ns 
205976     INFO  main            d.u.i.k.p.i.AbstractProblemLoader Creating init config 
208385     DEBUG main            d.u.i.k.p.i.AbstractProblemLoader Init config took 2.41s 
208418     INFO  main            d.u.i.k.p.i.AbstractProblemLoader Replaying proof Mult[Mult::cast()].JML operation contract.0 
208420     DEBUG main            d.u.i.k.p.i.IntermediateProofReplayer Proof replay took 6.2ns 
208521     INFO  main            d.u.i.k.p.r.p.TestFile    ... finished proof: closed. 
208872     INFO  main            d.u.i.k.p.i.AbstractProblemLoader Loading environment from /home/runner/work/key/key/key.core/../key.ui/examples/standard_key/java_dl/jml-bigint/cast.key.proof 
208872     DEBUG main            d.u.i.k.p.i.AbstractProblemLoader Environment load took 106.5ns 
208873     INFO  main            d.u.i.k.p.i.AbstractProblemLoader Creating init config 
211219     DEBUG main            d.u.i.k.p.i.AbstractProblemLoader Init config took 2.35s 
211251     INFO  main            d.u.i.k.p.i.AbstractProblemLoader Replaying proof Mult[Mult::cast()].JML operation contract.0 
211262     DEBUG main            d.u.i.k.p.i.IntermediateProofReplayer Proof replay took 8.95ms 
211262     DEBUG main            d.u.i.k.p.r.p.TestFile    ... success: reloaded. 
211263     INFO  main            d.u.i.k.p.r.p.TestFile    Now processing file /home/runner/work/key/key/key.core/../key.ui/examples/standard_key/java_dl/jml-free/loopInvFree.key 
211263     INFO  main            d.u.i.k.p.i.AbstractProblemLoader Loading environment from /home/runner/work/key/key/key.core/../key.ui/examples/standard_key/java_dl/jml-free/loopInvFree.key 
211263     DEBUG main            d.u.i.k.p.i.AbstractProblemLoader Environment load took 65.4ns 
211264     INFO  main            d.u.i.k.p.i.AbstractProblemLoader Creating init config 
213625     DEBUG main            d.u.i.k.p.i.AbstractProblemLoader Init config took 2.36s 
213657     INFO  main            d.u.i.k.p.i.AbstractProblemLoader Replaying proof LoopInvFree[LoopInvFree::test()].JML operation contract.0 
213659     DEBUG main            d.u.i.k.p.i.IntermediateProofReplayer Proof replay took 6.3ns 
213861     INFO  main            d.u.i.k.p.r.p.TestFile    ... finished proof: closed. 
214227     INFO  main            d.u.i.k.p.i.AbstractProblemLoader Loading environment from /home/runner/work/key/key/key.core/../key.ui/examples/standard_key/java_dl/jml-free/loopInvFree.key.proof 
214227     DEBUG main            d.u.i.k.p.i.AbstractProblemLoader Environment load took 82.5ns 
214228     INFO  main            d.u.i.k.p.i.AbstractProblemLoader Creating init config 
216525     DEBUG main            d.u.i.k.p.i.AbstractProblemLoader Init config took 2.3s 
216558     INFO  main            d.u.i.k.p.i.AbstractProblemLoader Replaying proof LoopInvFree[LoopInvFree::test()].JML operation contract.0 
216591     DEBUG main            d.u.i.k.p.i.IntermediateProofReplayer Proof replay took 31.05ms 
216592     DEBUG main            d.u.i.k.p.r.p.TestFile    ... success: reloaded. 
216593     INFO  main            d.u.i.k.p.r.p.TestFile    Now processing file /home/runner/work/key/key/key.core/../key.ui/examples/standard_key/java_dl/jml-free/ensuresFree.key 
216593     INFO  main            d.u.i.k.p.i.AbstractProblemLoader Loading environment from /home/runner/work/key/key/key.core/../key.ui/examples/standard_key/java_dl/jml-free/ensuresFree.key 
216593     DEBUG main            d.u.i.k.p.i.AbstractProblemLoader Environment load took 77.8ns 
216594     INFO  main            d.u.i.k.p.i.AbstractProblemLoader Creating init config 
218930     DEBUG main            d.u.i.k.p.i.AbstractProblemLoader Init config took 2.34s 
218963     INFO  main            d.u.i.k.p.i.AbstractProblemLoader Replaying proof EnsuresFree[EnsuresFree::test()].JML operation contract.0 
218964     DEBUG main            d.u.i.k.p.i.IntermediateProofReplayer Proof replay took 7.5ns 
219066     INFO  main            d.u.i.k.p.r.p.TestFile    ... finished proof: closed. 
219435     INFO  main            d.u.i.k.p.i.AbstractProblemLoader Loading environment from /home/runner/work/key/key/key.core/../key.ui/examples/standard_key/java_dl/jml-free/ensuresFree.key.proof 
219435     DEBUG main            d.u.i.k.p.i.AbstractProblemLoader Environment load took 80.7ns 
219436     INFO  main            d.u.i.k.p.i.AbstractProblemLoader Creating init config 
221723     DEBUG main            d.u.i.k.p.i.AbstractProblemLoader Init config took 2.29s 
221754     INFO  main            d.u.i.k.p.i.AbstractProblemLoader Replaying proof EnsuresFree[EnsuresFree::test()].JML operation contract.0 
221769     DEBUG main            d.u.i.k.p.i.IntermediateProofReplayer Proof replay took 12.88ms 
221769     DEBUG main            d.u.i.k.p.r.p.TestFile    ... success: reloaded. 
221770     INFO  main            d.u.i.k.p.r.p.TestFile    Now processing file /home/runner/work/key/key/key.core/../key.ui/examples/standard_key/java_dl/jml-information-flow.key 
221770     INFO  main            d.u.i.k.p.i.AbstractProblemLoader Loading environment from /home/runner/work/key/key/key.core/../key.ui/examples/standard_key/java_dl/jml-information-flow.key 
221770     DEBUG main            d.u.i.k.p.i.AbstractProblemLoader Environment load took 63.1ns 
221775     INFO  main            d.u.i.k.p.i.AbstractProblemLoader Creating init config 
224273     DEBUG main            d.u.i.k.p.i.AbstractProblemLoader Init config took 2.5s 
224311     INFO  main            d.u.i.k.p.i.AbstractProblemLoader Replaying proof jml-information-flow.key 
224318     DEBUG main            d.u.i.k.p.i.IntermediateProofReplayer Proof replay took 6.8ns 
336314     INFO  main            d.u.i.k.p.r.p.TestFile    ... finished proof: closed. 
336870     INFO  main            d.u.i.k.p.i.AbstractProblemLoader Loading environment from /home/runner/work/key/key/key.core/../key.ui/examples/standard_key/java_dl/jml-information-flow.key.proof 
336871     DEBUG main            d.u.i.k.p.i.AbstractProblemLoader Environment load took 190.3ns 
336879     INFO  main            d.u.i.k.p.i.AbstractProblemLoader Creating init config 
339274     DEBUG main            d.u.i.k.p.i.AbstractProblemLoader Init config took 2.39s 
339303     INFO  main            d.u.i.k.p.i.AbstractProblemLoader Replaying proof jml-information-flow.key.proof 
341991     DEBUG main            d.u.i.k.p.i.IntermediateProofReplayer Proof replay took 2.58s 
341999     DEBUG main            d.u.i.k.p.r.p.TestFile    ... success: reloaded. 
341999     INFO  main            d.u.i.k.p.r.p.TestFile    Now processing file /home/runner/work/key/key/key.core/../key.ui/examples/standard_key/java_dl/jml-min/min-unprovable1.key 
342000     INFO  main            d.u.i.k.p.i.AbstractProblemLoader Loading environment from /home/runner/work/key/key/key.core/../key.ui/examples/standard_key/java_dl/jml-min/min-unprovable1.key 
342000     DEBUG main            d.u.i.k.p.i.AbstractProblemLoader Environment load took 159ns 
342001     INFO  main            d.u.i.k.p.i.AbstractProblemLoader Creating init config 
344450     DEBUG main            d.u.i.k.p.i.AbstractProblemLoader Init config took 2.45s 
344482     INFO  main            d.u.i.k.p.i.AbstractProblemLoader Replaying proof Min[Min::foo()].JML operation contract.0 
344482     DEBUG main            d.u.i.k.p.i.IntermediateProofReplayer Proof replay took 5.8ns 
344584     INFO  main            d.u.i.k.p.r.p.TestFile    ... finished proof: open goal(s) 
345128     INFO  main            d.u.i.k.p.r.p.TestFile    Now processing file /home/runner/work/key/key/key.core/../key.ui/examples/standard_key/java_dl/jml-min/min-unprovable2.key 
345128     INFO  main            d.u.i.k.p.i.AbstractProblemLoader Loading environment from /home/runner/work/key/key/key.core/../key.ui/examples/standard_key/java_dl/jml-min/min-unprovable2.key 
345128     DEBUG main            d.u.i.k.p.i.AbstractProblemLoader Environment load took 50.3ns 
345129     INFO  main            d.u.i.k.p.i.AbstractProblemLoader Creating init config 
347421     DEBUG main            d.u.i.k.p.i.AbstractProblemLoader Init config took 2.29s 
347452     INFO  main            d.u.i.k.p.i.AbstractProblemLoader Replaying proof Min[Min::foo2()].JML operation contract.0 
347453     DEBUG main            d.u.i.k.p.i.IntermediateProofReplayer Proof replay took 6.5ns 
347555     INFO  main            d.u.i.k.p.r.p.TestFile    ... finished proof: open goal(s) 
347931     INFO  main            d.u.i.k.p.r.p.TestFile    Now processing file /home/runner/work/key/key/key.core/../key.ui/examples/standard_key/java_dl/methodCall.key 
347932     INFO  main            d.u.i.k.p.i.AbstractProblemLoader Loading environment from /home/runner/work/key/key/key.core/../key.ui/examples/standard_key/java_dl/methodCall.key 
347932     DEBUG main            d.u.i.k.p.i.AbstractProblemLoader Environment load took 50.7ns 
347933     INFO  main            d.u.i.k.p.i.AbstractProblemLoader Creating init config 
350269     DEBUG main            d.u.i.k.p.i.AbstractProblemLoader Init config took 2.34s 
350284     INFO  main            d.u.i.k.p.i.AbstractProblemLoader Replaying proof methodCall.key 
350285     DEBUG main            d.u.i.k.p.i.IntermediateProofReplayer Proof replay took 6.5ns 
350386     INFO  main            d.u.i.k.p.r.p.TestFile    ... finished proof: closed. 
350767     INFO  main            d.u.i.k.p.i.AbstractProblemLoader Loading environment from /home/runner/work/key/key/key.core/../key.ui/examples/standard_key/java_dl/methodCall.key.proof 
350767     DEBUG main            d.u.i.k.p.i.AbstractProblemLoader Environment load took 85.1ns 
350768     INFO  main            d.u.i.k.p.i.AbstractProblemLoader Creating init config 
353301     DEBUG main            d.u.i.k.p.i.AbstractProblemLoader Init config took 2.53s 
353315     INFO  main            d.u.i.k.p.i.AbstractProblemLoader Replaying proof methodCall.key.proof 
353318     DEBUG main            d.u.i.k.p.i.IntermediateProofReplayer Proof replay took 1.69ms 
353319     DEBUG main            d.u.i.k.p.r.p.TestFile    ... success: reloaded. 
353320     INFO  main            d.u.i.k.p.r.p.TestFile    Now processing file /home/runner/work/key/key/key.core/../key.ui/examples/standard_key/java_dl/methodCall1.key 
353320     INFO  main            d.u.i.k.p.i.AbstractProblemLoader Loading environment from /home/runner/work/key/key/key.core/../key.ui/examples/standard_key/java_dl/methodCall1.key 
353320     DEBUG main            d.u.i.k.p.i.AbstractProblemLoader Environment load took 47.6ns 
353321     INFO  main            d.u.i.k.p.i.AbstractProblemLoader Creating init config 
355639     DEBUG main            d.u.i.k.p.i.AbstractProblemLoader Init config took 2.32s 
355653     INFO  main            d.u.i.k.p.i.AbstractProblemLoader Replaying proof methodCall1.key 
355654     DEBUG main            d.u.i.k.p.i.IntermediateProofReplayer Proof replay took 7.5ns 
355758     INFO  main            d.u.i.k.p.r.p.TestFile    ... finished proof: closed. 
356149     INFO  main            d.u.i.k.p.i.AbstractProblemLoader Loading environment from /home/runner/work/key/key/key.core/../key.ui/examples/standard_key/java_dl/methodCall1.key.proof 
356149     DEBUG main            d.u.i.k.p.i.AbstractProblemLoader Environment load took 81.2ns 
356150     INFO  main            d.u.i.k.p.i.AbstractProblemLoader Creating init config 
358450     DEBUG main            d.u.i.k.p.i.AbstractProblemLoader Init config took 2.3s 
358464     INFO  main            d.u.i.k.p.i.AbstractProblemLoader Replaying proof methodCall1.key.proof 
358475     DEBUG main            d.u.i.k.p.i.IntermediateProofReplayer Proof replay took 9.26ms 
358476     DEBUG main            d.u.i.k.p.r.p.TestFile    ... success: reloaded. 
358476     INFO  main            d.u.i.k.p.r.p.TestFile    Now processing file /home/runner/work/key/key/key.core/../key.ui/examples/standard_key/java_dl/methodCall1box.key 
358476     INFO  main            d.u.i.k.p.i.AbstractProblemLoader Loading environment from /home/runner/work/key/key/key.core/../key.ui/examples/standard_key/java_dl/methodCall1box.key 
358477     DEBUG main            d.u.i.k.p.i.AbstractProblemLoader Environment load took 92.9ns 
358477     INFO  main            d.u.i.k.p.i.AbstractProblemLoader Creating init config 
360791     DEBUG main            d.u.i.k.p.i.AbstractProblemLoader Init config took 2.31s 
360805     INFO  main            d.u.i.k.p.i.AbstractProblemLoader Replaying proof methodCall1box.key 
360806     DEBUG main            d.u.i.k.p.i.IntermediateProofReplayer Proof replay took 7.6ns 
360909     INFO  main            d.u.i.k.p.r.p.TestFile    ... finished proof: closed. 
361296     INFO  main            d.u.i.k.p.i.AbstractProblemLoader Loading environment from /home/runner/work/key/key/key.core/../key.ui/examples/standard_key/java_dl/methodCall1box.key.proof 
361296     DEBUG main            d.u.i.k.p.i.AbstractProblemLoader Environment load took 85ns 
361297     INFO  main            d.u.i.k.p.i.AbstractProblemLoader Creating init config 
363594     DEBUG main            d.u.i.k.p.i.AbstractProblemLoader Init config took 2.3s 
363608     INFO  main            d.u.i.k.p.i.AbstractProblemLoader Replaying proof methodCall1box.key.proof 
363619     DEBUG main            d.u.i.k.p.i.IntermediateProofReplayer Proof replay took 9.35ms 
363620     DEBUG main            d.u.i.k.p.r.p.TestFile    ... success: reloaded. 
363621     INFO  main            d.u.i.k.p.r.p.TestFile    Now processing file /home/runner/work/key/key/key.core/../key.ui/examples/standard_key/java_dl/methodCall3.key 
363621     INFO  main            d.u.i.k.p.i.AbstractProblemLoader Loading environment from /home/runner/work/key/key/key.core/../key.ui/examples/standard_key/java_dl/methodCall3.key 
363621     DEBUG main            d.u.i.k.p.i.AbstractProblemLoader Environment load took 44.5ns 
363622     INFO  main            d.u.i.k.p.i.AbstractProblemLoader Creating init config 
365946     DEBUG main            d.u.i.k.p.i.AbstractProblemLoader Init config took 2.32s 
365959     INFO  main            d.u.i.k.p.i.AbstractProblemLoader Replaying proof methodCall3.key 
365961     DEBUG main            d.u.i.k.p.i.IntermediateProofReplayer Proof replay took 6.1ns 
366063     INFO  main            d.u.i.k.p.r.p.TestFile    ... finished proof: closed. 
366459     INFO  main            d.u.i.k.p.i.AbstractProblemLoader Loading environment from /home/runner/work/key/key/key.core/../key.ui/examples/standard_key/java_dl/methodCall3.key.proof 
366459     DEBUG main            d.u.i.k.p.i.AbstractProblemLoader Environment load took 83.9ns 
366460     INFO  main            d.u.i.k.p.i.AbstractProblemLoader Creating init config 
368752     DEBUG main            d.u.i.k.p.i.AbstractProblemLoader Init config took 2.29s 
368766     INFO  main            d.u.i.k.p.i.AbstractProblemLoader Replaying proof methodCall3.key.proof 
368774     DEBUG main            d.u.i.k.p.i.IntermediateProofReplayer Proof replay took 6.4ms 
368774     DEBUG main            d.u.i.k.p.r.p.TestFile    ... success: reloaded. 
368775     INFO  main            d.u.i.k.p.r.p.TestFile    Now processing file /home/runner/work/key/key/key.core/../key.ui/examples/standard_key/java_dl/polishFlagSort.key 
368775     INFO  main            d.u.i.k.p.i.AbstractProblemLoader Loading environment from /home/runner/work/key/key/key.core/../key.ui/examples/standard_key/java_dl/polishFlagSort.key 
368775     DEBUG main            d.u.i.k.p.i.AbstractProblemLoader Environment load took 44.2ns 
368777     INFO  main            d.u.i.k.p.i.AbstractProblemLoader Creating init config 
371134     DEBUG main            d.u.i.k.p.i.AbstractProblemLoader Init config took 2.36s 
371149     INFO  main            d.u.i.k.p.i.AbstractProblemLoader Replaying proof polishFlagSort.key 
371151     DEBUG main            d.u.i.k.p.i.IntermediateProofReplayer Proof replay took 7.2ns 
373276     INFO  main            d.u.i.k.p.r.p.TestFile    ... finished proof: closed. 
373725     INFO  main            d.u.i.k.p.i.AbstractProblemLoader Loading environment from /home/runner/work/key/key/key.core/../key.ui/examples/standard_key/java_dl/polishFlagSort.key.proof 
373727     DEBUG main            d.u.i.k.p.i.AbstractProblemLoader Environment load took 2.08ms 
373731     INFO  main            d.u.i.k.p.i.AbstractProblemLoader Creating init config 
376052     DEBUG main            d.u.i.k.p.i.AbstractProblemLoader Init config took 2.32s 
376067     INFO  main            d.u.i.k.p.i.AbstractProblemLoader Replaying proof polishFlagSort.key.proof 
376309     DEBUG main            d.u.i.k.p.i.IntermediateProofReplayer Proof replay took 231.61ms 
376311     DEBUG main            d.u.i.k.p.r.p.TestFile    ... success: reloaded. 
376312     INFO  main            d.u.i.k.p.r.p.TestFile    Now processing file /home/runner/work/key/key/key.core/../key.ui/examples/standard_key/java_dl/postConditionTaclets1.key 
376313     INFO  main            d.u.i.k.p.i.AbstractProblemLoader Loading environment from /home/runner/work/key/key/key.core/../key.ui/examples/standard_key/java_dl/postConditionTaclets1.key 
376313     DEBUG main            d.u.i.k.p.i.AbstractProblemLoader Environment load took 152.7ns 
376314     INFO  main            d.u.i.k.p.i.AbstractProblemLoader Creating init config 
378603     DEBUG main            d.u.i.k.p.i.AbstractProblemLoader Init config took 2.29s 
378617     INFO  main            d.u.i.k.p.i.AbstractProblemLoader Replaying proof postConditionTaclets1.key 
378618     DEBUG main            d.u.i.k.p.i.IntermediateProofReplayer Proof replay took 6.5ns 
378720     INFO  main            d.u.i.k.p.r.p.TestFile    ... finished proof: closed. 
379186     INFO  main            d.u.i.k.p.i.AbstractProblemLoader Loading environment from /home/runner/work/key/key/key.core/../key.ui/examples/standard_key/java_dl/postConditionTaclets1.key.proof 
379186     DEBUG main            d.u.i.k.p.i.AbstractProblemLoader Environment load took 87.5ns 
379187     INFO  main            d.u.i.k.p.i.AbstractProblemLoader Creating init config 
381419     DEBUG main            d.u.i.k.p.i.AbstractProblemLoader Init config took 2.23s 
381433     INFO  main            d.u.i.k.p.i.AbstractProblemLoader Replaying proof postConditionTaclets1.key.proof 
381435     DEBUG main            d.u.i.k.p.i.IntermediateProofReplayer Proof replay took 312.9ns 
381436     DEBUG main            d.u.i.k.p.r.p.TestFile    ... success: reloaded. 
381436     INFO  main            d.u.i.k.p.r.p.TestFile    Now processing file /home/runner/work/key/key/key.core/../key.ui/examples/standard_key/java_dl/postConditionTaclets2.key 
381437     INFO  main            d.u.i.k.p.i.AbstractProblemLoader Loading environment from /home/runner/work/key/key/key.core/../key.ui/examples/standard_key/java_dl/postConditionTaclets2.key 
381437     DEBUG main            d.u.i.k.p.i.AbstractProblemLoader Environment load took 45.7ns 
381438     INFO  main            d.u.i.k.p.i.AbstractProblemLoader Creating init config 
383720     DEBUG main            d.u.i.k.p.i.AbstractProblemLoader Init config took 2.28s 
383733     INFO  main            d.u.i.k.p.i.AbstractProblemLoader Replaying proof postConditionTaclets2.key 
383735     DEBUG main            d.u.i.k.p.i.IntermediateProofReplayer Proof replay took 6.5ns 
383836     INFO  main            d.u.i.k.p.r.p.TestFile    ... finished proof: closed. 
384255     INFO  main            d.u.i.k.p.i.AbstractProblemLoader Loading environment from /home/runner/work/key/key/key.core/../key.ui/examples/standard_key/java_dl/postConditionTaclets2.key.proof 
384256     DEBUG main            d.u.i.k.p.i.AbstractProblemLoader Environment load took 82.3ns 
384257     INFO  main            d.u.i.k.p.i.AbstractProblemLoader Creating init config 
386491     DEBUG main            d.u.i.k.p.i.AbstractProblemLoader Init config took 2.23s 
386504     INFO  main            d.u.i.k.p.i.AbstractProblemLoader Replaying proof postConditionTaclets2.key.proof 
386506     DEBUG main            d.u.i.k.p.i.IntermediateProofReplayer Proof replay took 517.2ns 
386507     DEBUG main            d.u.i.k.p.r.p.TestFile    ... success: reloaded. 
386507     INFO  main            d.u.i.k.p.r.p.TestFile    Now processing file /home/runner/work/key/key/key.core/../key.ui/examples/standard_key/java_dl/quantifiedQuery.key 
386507     INFO  main            d.u.i.k.p.i.AbstractProblemLoader Loading environment from /home/runner/work/key/key/key.core/../key.ui/examples/standard_key/java_dl/quantifiedQuery.key 
386508     DEBUG main            d.u.i.k.p.i.AbstractProblemLoader Environment load took 45.2ns 
386509     INFO  main            d.u.i.k.p.i.AbstractProblemLoader Creating init config 
388830     DEBUG main            d.u.i.k.p.i.AbstractProblemLoader Init config took 2.32s 
388846     INFO  main            d.u.i.k.p.i.AbstractProblemLoader Replaying proof quantifiedQuery.key 
388847     DEBUG main            d.u.i.k.p.i.IntermediateProofReplayer Proof replay took 6.6ns 
388950     INFO  main            d.u.i.k.p.r.p.TestFile    ... finished proof: closed. 
389391     INFO  main            d.u.i.k.p.i.AbstractProblemLoader Loading environment from /home/runner/work/key/key/key.core/../key.ui/examples/standard_key/java_dl/quantifiedQuery.key.proof 
389391     DEBUG main            d.u.i.k.p.i.AbstractProblemLoader Environment load took 94.2ns 
389393     INFO  main            d.u.i.k.p.i.AbstractProblemLoader Creating init config 
391691     DEBUG main            d.u.i.k.p.i.AbstractProblemLoader Init config took 2.3s 
391705     INFO  main            d.u.i.k.p.i.AbstractProblemLoader Replaying proof quantifiedQuery.key.proof 
391714     DEBUG main            d.u.i.k.p.i.IntermediateProofReplayer Proof replay took 6.79ms 
391715     DEBUG main            d.u.i.k.p.r.p.TestFile    ... success: reloaded. 
391715     INFO  main            d.u.i.k.p.r.p.TestFile    Now processing file /home/runner/work/key/key/key.core/../key.ui/examples/standard_key/java_dl/recursion/triangular.key 
391716     INFO  main            d.u.i.k.p.i.AbstractProblemLoader Loading environment from /home/runner/work/key/key/key.core/../key.ui/examples/standard_key/java_dl/recursion/triangular.key 
391716     DEBUG main            d.u.i.k.p.i.AbstractProblemLoader Environment load took 44.3ns 
391716     INFO  main            d.u.i.k.p.i.AbstractProblemLoader Creating init config 
394025     DEBUG main            d.u.i.k.p.i.AbstractProblemLoader Init config took 2.31s 
394058     INFO  main            d.u.i.k.p.i.AbstractProblemLoader Replaying proof Triangular[Triangular::tria(int)].JML normal_behavior operation contract.0 
394059     DEBUG main            d.u.i.k.p.i.IntermediateProofReplayer Proof replay took 7.1ns 
394262     INFO  main            d.u.i.k.p.r.p.TestFile    ... finished proof: closed. 
394686     INFO  main            d.u.i.k.p.i.AbstractProblemLoader Loading environment from /home/runner/work/key/key/key.core/../key.ui/examples/standard_key/java_dl/recursion/triangular.key.proof 
394686     DEBUG main            d.u.i.k.p.i.AbstractProblemLoader Environment load took 88ns 
394687     INFO  main            d.u.i.k.p.i.AbstractProblemLoader Creating init config 
396962     DEBUG main            d.u.i.k.p.i.AbstractProblemLoader Init config took 2.28s 
396993     INFO  main            d.u.i.k.p.i.AbstractProblemLoader Replaying proof Triangular[Triangular::tria(int)].JML normal_behavior operation contract.0 
397017     DEBUG main            d.u.i.k.p.i.IntermediateProofReplayer Proof replay took 22.21ms 
397018     DEBUG main            d.u.i.k.p.r.p.TestFile    ... success: reloaded. 
397019     INFO  main            d.u.i.k.p.r.p.TestFile    Now processing file /home/runner/work/key/key/key.core/../key.ui/examples/standard_key/java_dl/reverseArray.key 
397019     INFO  main            d.u.i.k.p.i.AbstractProblemLoader Loading environment from /home/runner/work/key/key/key.core/../key.ui/examples/standard_key/java_dl/reverseArray.key 
397019     DEBUG main            d.u.i.k.p.i.AbstractProblemLoader Environment load took 71.7ns 
397021     INFO  main            d.u.i.k.p.i.AbstractProblemLoader Creating init config 
397040     WARN  main            d.u.i.k.j.r.KeYCrossReferenceNameInfo Datatype java.io.PrintStream declared twice: Once in FILE:/home/runner/work/key/key/key.core/../key.ui/examples/standard_key/java_dl/./classpath/PrintStream.java and once in URL:file:/home/runner/work/key/key/key.core/build/resources/main/de/uka/ilkd/key/java/JavaRedux/java/io/PrintStream.java, Keeping one from URL:file:/home/runner/work/key/key/key.core/build/resources/main/de/uka/ilkd/key/java/JavaRedux/java/io/PrintStream.java 
397040     WARN  main            d.u.i.k.j.r.KeYCrossReferenceNameInfo Datatype java.lang.System declared twice: Once in FILE:/home/runner/work/key/key/key.core/../key.ui/examples/standard_key/java_dl/./classpath/System.java and once in URL:file:/home/runner/work/key/key/key.core/build/resources/main/de/uka/ilkd/key/java/JavaRedux/java/lang/System.java, Keeping one from URL:file:/home/runner/work/key/key/key.core/build/resources/main/de/uka/ilkd/key/java/JavaRedux/java/lang/System.java 
397040     WARN  main            d.u.i.k.j.r.KeYCrossReferenceNameInfo Datatype java.io.InputStream declared twice: Once in FILE:/home/runner/work/key/key/key.core/../key.ui/examples/standard_key/java_dl/./classpath/InputStream.java and once in URL:file:/home/runner/work/key/key/key.core/build/resources/main/de/uka/ilkd/key/java/JavaRedux/java/io/InputStream.java, Keeping one from URL:file:/home/runner/work/key/key/key.core/build/resources/main/de/uka/ilkd/key/java/JavaRedux/java/io/InputStream.java 
397043     DEBUG main            d.u.i.k.j.r.ClassFileDeclarationBuilder Parsing: package java.io; public class Closeable { } 
397043     DEBUG main            r.s.KeYCrossReferenceSourceInfo Dynamically created class: java.io.Closeable 
399445     DEBUG main            d.u.i.k.p.i.AbstractProblemLoader Init config took 2.42s 
399460     INFO  main            d.u.i.k.p.i.AbstractProblemLoader Replaying proof reverseArray.key 
399462     DEBUG main            d.u.i.k.p.i.IntermediateProofReplayer Proof replay took 6.8ns 
403836     INFO  main            d.u.i.k.p.r.p.TestFile    ... finished proof: closed. 
404327     INFO  main            d.u.i.k.p.i.AbstractProblemLoader Loading environment from /home/runner/work/key/key/key.core/../key.ui/examples/standard_key/java_dl/reverseArray.key.proof 
404328     DEBUG main            d.u.i.k.p.i.AbstractProblemLoader Environment load took 148.3ns 
404330     INFO  main            d.u.i.k.p.i.AbstractProblemLoader Creating init config 
404350     WARN  main            d.u.i.k.j.r.KeYCrossReferenceNameInfo Datatype java.io.PrintStream declared twice: Once in FILE:/home/runner/work/key/key/key.core/../key.ui/examples/standard_key/java_dl/classpath/PrintStream.java and once in URL:file:/home/runner/work/key/key/key.core/build/resources/main/de/uka/ilkd/key/java/JavaRedux/java/io/PrintStream.java, Keeping one from URL:file:/home/runner/work/key/key/key.core/build/resources/main/de/uka/ilkd/key/java/JavaRedux/java/io/PrintStream.java 
404350     WARN  main            d.u.i.k.j.r.KeYCrossReferenceNameInfo Datatype java.lang.System declared twice: Once in FILE:/home/runner/work/key/key/key.core/../key.ui/examples/standard_key/java_dl/classpath/System.java and once in URL:file:/home/runner/work/key/key/key.core/build/resources/main/de/uka/ilkd/key/java/JavaRedux/java/lang/System.java, Keeping one from URL:file:/home/runner/work/key/key/key.core/build/resources/main/de/uka/ilkd/key/java/JavaRedux/java/lang/System.java 
404350     WARN  main            d.u.i.k.j.r.KeYCrossReferenceNameInfo Datatype java.io.InputStream declared twice: Once in FILE:/home/runner/work/key/key/key.core/../key.ui/examples/standard_key/java_dl/classpath/InputStream.java and once in URL:file:/home/runner/work/key/key/key.core/build/resources/main/de/uka/ilkd/key/java/JavaRedux/java/io/InputStream.java, Keeping one from URL:file:/home/runner/work/key/key/key.core/build/resources/main/de/uka/ilkd/key/java/JavaRedux/java/io/InputStream.java 
404353     DEBUG main            d.u.i.k.j.r.ClassFileDeclarationBuilder Parsing: package java.io; public class Closeable { } 
404353     DEBUG main            r.s.KeYCrossReferenceSourceInfo Dynamically created class: java.io.Closeable 
406765     DEBUG main            d.u.i.k.p.i.AbstractProblemLoader Init config took 2.44s 
406786     INFO  main            d.u.i.k.p.i.AbstractProblemLoader Replaying proof reverseArray.key.proof 
407187     DEBUG main            d.u.i.k.p.i.IntermediateProofReplayer Proof replay took 390.68ms 
407189     DEBUG main            d.u.i.k.p.r.p.TestFile    ... success: reloaded. 
407190     INFO  main            d.u.i.k.p.r.p.TestFile    Now processing file /home/runner/work/key/key/key.core/../key.ui/examples/standard_key/java_dl/reverseArray2.key 
407190     INFO  main            d.u.i.k.p.i.AbstractProblemLoader Loading environment from /home/runner/work/key/key/key.core/../key.ui/examples/standard_key/java_dl/reverseArray2.key 
407190     DEBUG main            d.u.i.k.p.i.AbstractProblemLoader Environment load took 73.5ns 
407192     INFO  main            d.u.i.k.p.i.AbstractProblemLoader Creating init config 
407211     WARN  main            d.u.i.k.j.r.KeYCrossReferenceNameInfo Datatype java.io.PrintStream declared twice: Once in FILE:/home/runner/work/key/key/key.core/../key.ui/examples/standard_key/java_dl/classpath/PrintStream.java and once in URL:file:/home/runner/work/key/key/key.core/build/resources/main/de/uka/ilkd/key/java/JavaRedux/java/io/PrintStream.java, Keeping one from URL:file:/home/runner/work/key/key/key.core/build/resources/main/de/uka/ilkd/key/java/JavaRedux/java/io/PrintStream.java 
407211     WARN  main            d.u.i.k.j.r.KeYCrossReferenceNameInfo Datatype java.lang.System declared twice: Once in FILE:/home/runner/work/key/key/key.core/../key.ui/examples/standard_key/java_dl/classpath/System.java and once in URL:file:/home/runner/work/key/key/key.core/build/resources/main/de/uka/ilkd/key/java/JavaRedux/java/lang/System.java, Keeping one from URL:file:/home/runner/work/key/key/key.core/build/resources/main/de/uka/ilkd/key/java/JavaRedux/java/lang/System.java 
407212     WARN  main            d.u.i.k.j.r.KeYCrossReferenceNameInfo Datatype java.io.InputStream declared twice: Once in FILE:/home/runner/work/key/key/key.core/../key.ui/examples/standard_key/java_dl/classpath/InputStream.java and once in URL:file:/home/runner/work/key/key/key.core/build/resources/main/de/uka/ilkd/key/java/JavaRedux/java/io/InputStream.java, Keeping one from URL:file:/home/runner/work/key/key/key.core/build/resources/main/de/uka/ilkd/key/java/JavaRedux/java/io/InputStream.java 
407214     DEBUG main            d.u.i.k.j.r.ClassFileDeclarationBuilder Parsing: package java.io; public class Closeable { } 
407214     DEBUG main            r.s.KeYCrossReferenceSourceInfo Dynamically created class: java.io.Closeable 
409629     DEBUG main            d.u.i.k.p.i.AbstractProblemLoader Init config took 2.44s 
409644     INFO  main            d.u.i.k.p.i.AbstractProblemLoader Replaying proof reverseArray2.key 
409645     DEBUG main            d.u.i.k.p.i.IntermediateProofReplayer Proof replay took 31.9ns 
410950     INFO  main            d.u.i.k.p.r.p.TestFile    ... finished proof: closed. 
411490     INFO  main            d.u.i.k.p.i.AbstractProblemLoader Loading environment from /home/runner/work/key/key/key.core/../key.ui/examples/standard_key/java_dl/reverseArray2.key.proof 
411491     DEBUG main            d.u.i.k.p.i.AbstractProblemLoader Environment load took 323.5ns 
411492     INFO  main            d.u.i.k.p.i.AbstractProblemLoader Creating init config 
411512     WARN  main            d.u.i.k.j.r.KeYCrossReferenceNameInfo Datatype java.io.PrintStream declared twice: Once in FILE:/home/runner/work/key/key/key.core/../key.ui/examples/standard_key/java_dl/classpath/PrintStream.java and once in URL:file:/home/runner/work/key/key/key.core/build/resources/main/de/uka/ilkd/key/java/JavaRedux/java/io/PrintStream.java, Keeping one from URL:file:/home/runner/work/key/key/key.core/build/resources/main/de/uka/ilkd/key/java/JavaRedux/java/io/PrintStream.java 
411512     WARN  main            d.u.i.k.j.r.KeYCrossReferenceNameInfo Datatype java.lang.System declared twice: Once in FILE:/home/runner/work/key/key/key.core/../key.ui/examples/standard_key/java_dl/classpath/System.java and once in URL:file:/home/runner/work/key/key/key.core/build/resources/main/de/uka/ilkd/key/java/JavaRedux/java/lang/System.java, Keeping one from URL:file:/home/runner/work/key/key/key.core/build/resources/main/de/uka/ilkd/key/java/JavaRedux/java/lang/System.java 
411512     WARN  main            d.u.i.k.j.r.KeYCrossReferenceNameInfo Datatype java.io.InputStream declared twice: Once in FILE:/home/runner/work/key/key/key.core/../key.ui/examples/standard_key/java_dl/classpath/InputStream.java and once in URL:file:/home/runner/work/key/key/key.core/build/resources/main/de/uka/ilkd/key/java/JavaRedux/java/io/InputStream.java, Keeping one from URL:file:/home/runner/work/key/key/key.core/build/resources/main/de/uka/ilkd/key/java/JavaRedux/java/io/InputStream.java 
411515     DEBUG main            d.u.i.k.j.r.ClassFileDeclarationBuilder Parsing: package java.io; public class Closeable { } 
411515     DEBUG main            r.s.KeYCrossReferenceSourceInfo Dynamically created class: java.io.Closeable 
413854     DEBUG main            d.u.i.k.p.i.AbstractProblemLoader Init config took 2.36s 
413870     INFO  main            d.u.i.k.p.i.AbstractProblemLoader Replaying proof reverseArray2.key.proof 
414019     DEBUG main            d.u.i.k.p.i.IntermediateProofReplayer Proof replay took 145.17ms 
414020     DEBUG main            d.u.i.k.p.r.p.TestFile    ... success: reloaded. 
414021     INFO  main            d.u.i.k.p.r.p.TestFile    Now processing file /home/runner/work/key/key/key.core/../key.ui/examples/standard_key/java_dl/simpleAssignment.key 
414021     INFO  main            d.u.i.k.p.i.AbstractProblemLoader Loading environment from /home/runner/work/key/key/key.core/../key.ui/examples/standard_key/java_dl/simpleAssignment.key 
414021     DEBUG main            d.u.i.k.p.i.AbstractProblemLoader Environment load took 75.9ns 
414022     INFO  main            d.u.i.k.p.i.AbstractProblemLoader Creating init config 
416296     DEBUG main            d.u.i.k.p.i.AbstractProblemLoader Init config took 2.27s 
416310     INFO  main            d.u.i.k.p.i.AbstractProblemLoader Replaying proof simpleAssignment.key 
416311     DEBUG main            d.u.i.k.p.i.IntermediateProofReplayer Proof replay took 2.4ns 
416412     INFO  main            d.u.i.k.p.r.p.TestFile    ... finished proof: closed. 
416889     INFO  main            d.u.i.k.p.i.AbstractProblemLoader Loading environment from /home/runner/work/key/key/key.core/../key.ui/examples/standard_key/java_dl/simpleAssignment.key.proof 
416889     DEBUG main            d.u.i.k.p.i.AbstractProblemLoader Environment load took 86.8ns 
416890     INFO  main            d.u.i.k.p.i.AbstractProblemLoader Creating init config 
419126     DEBUG main            d.u.i.k.p.i.AbstractProblemLoader Init config took 2.24s 
419140     INFO  main            d.u.i.k.p.i.AbstractProblemLoader Replaying proof simpleAssignment.key.proof 
419142     DEBUG main            d.u.i.k.p.i.IntermediateProofReplayer Proof replay took 600.1ns 
419143     DEBUG main            d.u.i.k.p.r.p.TestFile    ... success: reloaded. 
419143     INFO  main            d.u.i.k.p.r.p.TestFile    Now processing file /home/runner/work/key/key/key.core/../key.ui/examples/standard_key/java_dl/simpleAssignment2.key 
419143     INFO  main            d.u.i.k.p.i.AbstractProblemLoader Loading environment from /home/runner/work/key/key/key.core/../key.ui/examples/standard_key/java_dl/simpleAssignment2.key 
419144     DEBUG main            d.u.i.k.p.i.AbstractProblemLoader Environment load took 60.6ns 
419144     INFO  main            d.u.i.k.p.i.AbstractProblemLoader Creating init config 
421396     DEBUG main            d.u.i.k.p.i.AbstractProblemLoader Init config took 2.25s 
421410     INFO  main            d.u.i.k.p.i.AbstractProblemLoader Replaying proof simpleAssignment2.key 
421411     DEBUG main            d.u.i.k.p.i.IntermediateProofReplayer Proof replay took 2.3ns 
421513     INFO  main            d.u.i.k.p.r.p.TestFile    ... finished proof: closed. 
421969     INFO  main            d.u.i.k.p.i.AbstractProblemLoader Loading environment from /home/runner/work/key/key/key.core/../key.ui/examples/standard_key/java_dl/simpleAssignment2.key.proof 
421969     DEBUG main            d.u.i.k.p.i.AbstractProblemLoader Environment load took 81.8ns 
421970     INFO  main            d.u.i.k.p.i.AbstractProblemLoader Creating init config 
424199     DEBUG main            d.u.i.k.p.i.AbstractProblemLoader Init config took 2.23s 
424212     INFO  main            d.u.i.k.p.i.AbstractProblemLoader Replaying proof simpleAssignment2.key.proof 
424213     DEBUG main            d.u.i.k.p.i.IntermediateProofReplayer Proof replay took 370ns 
424214     DEBUG main            d.u.i.k.p.r.p.TestFile    ... success: reloaded. 
424214     INFO  main            d.u.i.k.p.r.p.TestFile    Now processing file /home/runner/work/key/key/key.core/../key.ui/examples/standard_key/java_dl/splittingWithQueries.key 
424214     INFO  main            d.u.i.k.p.i.AbstractProblemLoader Loading environment from /home/runner/work/key/key/key.core/../key.ui/examples/standard_key/java_dl/splittingWithQueries.key 
424214     DEBUG main            d.u.i.k.p.i.AbstractProblemLoader Environment load took 44.9ns 
424215     INFO  main            d.u.i.k.p.i.AbstractProblemLoader Creating init config 
426524     DEBUG main            d.u.i.k.p.i.AbstractProblemLoader Init config took 2.31s 
426537     INFO  main            d.u.i.k.p.i.AbstractProblemLoader Replaying proof splittingWithQueries.key 
426539     DEBUG main            d.u.i.k.p.i.IntermediateProofReplayer Proof replay took 3.1ns 
426641     INFO  main            d.u.i.k.p.r.p.TestFile    ... finished proof: closed. 
427095     INFO  main            d.u.i.k.p.i.AbstractProblemLoader Loading environment from /home/runner/work/key/key/key.core/../key.ui/examples/standard_key/java_dl/splittingWithQueries.key.proof 
427095     DEBUG main            d.u.i.k.p.i.AbstractProblemLoader Environment load took 88.4ns 
427096     INFO  main            d.u.i.k.p.i.AbstractProblemLoader Creating init config 
429384     DEBUG main            d.u.i.k.p.i.AbstractProblemLoader Init config took 2.29s 
429397     INFO  main            d.u.i.k.p.i.AbstractProblemLoader Replaying proof splittingWithQueries.key.proof 
429400     DEBUG main            d.u.i.k.p.i.IntermediateProofReplayer Proof replay took 1.15ms 
429401     DEBUG main            d.u.i.k.p.r.p.TestFile    ... success: reloaded. 
429402     INFO  main            d.u.i.k.p.r.p.TestFile    Now processing file /home/runner/work/key/key/key.core/../key.ui/examples/standard_key/java_dl/strassen/strassen.key 
429402     INFO  main            d.u.i.k.p.i.AbstractProblemLoader Loading environment from /home/runner/work/key/key/key.core/../key.ui/examples/standard_key/java_dl/strassen/strassen.key 
429402     DEBUG main            d.u.i.k.p.i.AbstractProblemLoader Environment load took 160.8ns 
429403     INFO  main            d.u.i.k.p.i.AbstractProblemLoader Creating init config 
431830     DEBUG main            d.u.i.k.p.i.AbstractProblemLoader Init config took 2.43s 
431864     INFO  main            d.u.i.k.p.i.AbstractProblemLoader Replaying proof Matrix22[Matrix22::strassen(Matrix22,Matrix22)].JML normal_behavior operation contract.0 
431865     DEBUG main            d.u.i.k.p.i.IntermediateProofReplayer Proof replay took 2.7ns 
436605     INFO  main            d.u.i.k.p.r.p.TestFile    ... finished proof: closed. 
437212     INFO  main            d.u.i.k.p.i.AbstractProblemLoader Loading environment from /home/runner/work/key/key/key.core/../key.ui/examples/standard_key/java_dl/strassen/strassen.key.proof 
437212     DEBUG main            d.u.i.k.p.i.AbstractProblemLoader Environment load took 94.4ns 
437214     INFO  main            d.u.i.k.p.i.AbstractProblemLoader Creating init config 
439584     DEBUG main            d.u.i.k.p.i.AbstractProblemLoader Init config took 2.37s 
439619     INFO  main            d.u.i.k.p.i.AbstractProblemLoader Replaying proof Matrix22[Matrix22::strassen(Matrix22,Matrix22)].JML normal_behavior operation contract.0 
439997     DEBUG main            d.u.i.k.p.i.IntermediateProofReplayer Proof replay took 369.65ms 
439999     DEBUG main            d.u.i.k.p.r.p.TestFile    ... success: reloaded. 
439999     INFO  main            d.u.i.k.p.r.p.TestFile    Now processing file /home/runner/work/key/key/key.core/../key.ui/examples/standard_key/java_dl/symmArray.key 
440000     INFO  main            d.u.i.k.p.i.AbstractProblemLoader Loading environment from /home/runner/work/key/key/key.core/../key.ui/examples/standard_key/java_dl/symmArray.key 
440000     DEBUG main            d.u.i.k.p.i.AbstractProblemLoader Environment load took 71.5ns 
440003     INFO  main            d.u.i.k.p.i.AbstractProblemLoader Creating init config 
442436     DEBUG main            d.u.i.k.p.i.AbstractProblemLoader Init config took 2.43s 
442451     INFO  main            d.u.i.k.p.i.AbstractProblemLoader Replaying proof symmArray.key 
442452     DEBUG main            d.u.i.k.p.i.IntermediateProofReplayer Proof replay took 2.6ns 
520750     INFO  main            d.u.i.k.p.r.p.TestFile    ... finished proof: closed. 
521373     INFO  main            d.u.i.k.p.i.AbstractProblemLoader Loading environment from /home/runner/work/key/key/key.core/../key.ui/examples/standard_key/java_dl/symmArray.key.proof 
521373     DEBUG main            d.u.i.k.p.i.AbstractProblemLoader Environment load took 319.8ns 
521379     INFO  main            d.u.i.k.p.i.AbstractProblemLoader Creating init config 
523732     DEBUG main            d.u.i.k.p.i.AbstractProblemLoader Init config took 2.35s 
523748     INFO  main            d.u.i.k.p.i.AbstractProblemLoader Replaying proof symmArray.key.proof 
524559     DEBUG main            d.u.i.k.p.i.IntermediateProofReplayer Proof replay took 764.3ms 
524564     DEBUG main            d.u.i.k.p.r.p.TestFile    ... success: reloaded. 
524565     INFO  main            d.u.i.k.p.r.p.TestFile    Now processing file /home/runner/work/key/key/key.core/../key.ui/examples/standard_key/java_dl/testcontext.key 
524565     INFO  main            d.u.i.k.p.i.AbstractProblemLoader Loading environment from /home/runner/work/key/key/key.core/../key.ui/examples/standard_key/java_dl/testcontext.key 
524566     DEBUG main            d.u.i.k.p.i.AbstractProblemLoader Environment load took 69ns 
524566     INFO  main            d.u.i.k.p.i.AbstractProblemLoader Creating init config 
524585     WARN  main            d.u.i.k.j.r.KeYCrossReferenceNameInfo Datatype java.io.PrintStream declared twice: Once in FILE:/home/runner/work/key/key/key.core/../key.ui/examples/standard_key/java_dl/classpath/PrintStream.java and once in URL:file:/home/runner/work/key/key/key.core/build/resources/main/de/uka/ilkd/key/java/JavaRedux/java/io/PrintStream.java, Keeping one from URL:file:/home/runner/work/key/key/key.core/build/resources/main/de/uka/ilkd/key/java/JavaRedux/java/io/PrintStream.java 
524585     WARN  main            d.u.i.k.j.r.KeYCrossReferenceNameInfo Datatype java.lang.System declared twice: Once in FILE:/home/runner/work/key/key/key.core/../key.ui/examples/standard_key/java_dl/classpath/System.java and once in URL:file:/home/runner/work/key/key/key.core/build/resources/main/de/uka/ilkd/key/java/JavaRedux/java/lang/System.java, Keeping one from URL:file:/home/runner/work/key/key/key.core/build/resources/main/de/uka/ilkd/key/java/JavaRedux/java/lang/System.java 
524586     WARN  main            d.u.i.k.j.r.KeYCrossReferenceNameInfo Datatype java.io.InputStream declared twice: Once in FILE:/home/runner/work/key/key/key.core/../key.ui/examples/standard_key/java_dl/classpath/InputStream.java and once in URL:file:/home/runner/work/key/key/key.core/build/resources/main/de/uka/ilkd/key/java/JavaRedux/java/io/InputStream.java, Keeping one from URL:file:/home/runner/work/key/key/key.core/build/resources/main/de/uka/ilkd/key/java/JavaRedux/java/io/InputStream.java 
524588     DEBUG main            d.u.i.k.j.r.ClassFileDeclarationBuilder Parsing: package java.io; public class Closeable { } 
524589     DEBUG main            r.s.KeYCrossReferenceSourceInfo Dynamically created class: java.io.Closeable 
526938     DEBUG main            d.u.i.k.p.i.AbstractProblemLoader Init config took 2.37s 
526952     INFO  main            d.u.i.k.p.i.AbstractProblemLoader Replaying proof testcontext.key 
526953     DEBUG main            d.u.i.k.p.i.IntermediateProofReplayer Proof replay took 3.6ns 
527255     INFO  main            d.u.i.k.p.r.p.TestFile    ... finished proof: closed. 
527850     INFO  main            d.u.i.k.p.i.AbstractProblemLoader Loading environment from /home/runner/work/key/key/key.core/../key.ui/examples/standard_key/java_dl/testcontext.key.proof 
527850     DEBUG main            d.u.i.k.p.i.AbstractProblemLoader Environment load took 90.9ns 
527851     INFO  main            d.u.i.k.p.i.AbstractProblemLoader Creating init config 
527870     WARN  main            d.u.i.k.j.r.KeYCrossReferenceNameInfo Datatype java.io.PrintStream declared twice: Once in FILE:/home/runner/work/key/key/key.core/../key.ui/examples/standard_key/java_dl/classpath/PrintStream.java and once in URL:file:/home/runner/work/key/key/key.core/build/resources/main/de/uka/ilkd/key/java/JavaRedux/java/io/PrintStream.java, Keeping one from URL:file:/home/runner/work/key/key/key.core/build/resources/main/de/uka/ilkd/key/java/JavaRedux/java/io/PrintStream.java 
527871     WARN  main            d.u.i.k.j.r.KeYCrossReferenceNameInfo Datatype java.lang.System declared twice: Once in FILE:/home/runner/work/key/key/key.core/../key.ui/examples/standard_key/java_dl/classpath/System.java and once in URL:file:/home/runner/work/key/key/key.core/build/resources/main/de/uka/ilkd/key/java/JavaRedux/java/lang/System.java, Keeping one from URL:file:/home/runner/work/key/key/key.core/build/resources/main/de/uka/ilkd/key/java/JavaRedux/java/lang/System.java 
527871     WARN  main            d.u.i.k.j.r.KeYCrossReferenceNameInfo Datatype java.io.InputStream declared twice: Once in FILE:/home/runner/work/key/key/key.core/../key.ui/examples/standard_key/java_dl/classpath/InputStream.java and once in URL:file:/home/runner/work/key/key/key.core/build/resources/main/de/uka/ilkd/key/java/JavaRedux/java/io/InputStream.java, Keeping one from URL:file:/home/runner/work/key/key/key.core/build/resources/main/de/uka/ilkd/key/java/JavaRedux/java/io/InputStream.java 
527874     DEBUG main            d.u.i.k.j.r.ClassFileDeclarationBuilder Parsing: package java.io; public class Closeable { } 
527874     DEBUG main            r.s.KeYCrossReferenceSourceInfo Dynamically created class: java.io.Closeable 
530125     DEBUG main            d.u.i.k.p.i.AbstractProblemLoader Init config took 2.27s 
530139     INFO  main            d.u.i.k.p.i.AbstractProblemLoader Replaying proof testcontext.key.proof 
530178     DEBUG main            d.u.i.k.p.i.IntermediateProofReplayer Proof replay took 36.95ms 
530179     DEBUG main            d.u.i.k.p.r.p.TestFile    ... success: reloaded. 
530179     INFO  main            d.u.i.k.p.r.p.TestFile    Now processing file /home/runner/work/key/key/key.core/../key.ui/examples/standard_key/staticInitialisation/cascadeStaticInitialisation.key 
530180     INFO  main            d.u.i.k.p.i.AbstractProblemLoader Loading environment from /home/runner/work/key/key/key.core/../key.ui/examples/standard_key/staticInitialisation/cascadeStaticInitialisation.key 
530180     DEBUG main            d.u.i.k.p.i.AbstractProblemLoader Environment load took 45.9ns 
530182     INFO  main            d.u.i.k.p.i.AbstractProblemLoader Creating init config 
530200     WARN  main            d.u.i.k.j.r.KeYCrossReferenceNameInfo Datatype java.io.PrintStream declared twice: Once in FILE:/home/runner/work/key/key/key.core/../key.ui/examples/standard_key/staticInitialisation/classpath/PrintStream.java and once in URL:file:/home/runner/work/key/key/key.core/build/resources/main/de/uka/ilkd/key/java/JavaRedux/java/io/PrintStream.java, Keeping one from URL:file:/home/runner/work/key/key/key.core/build/resources/main/de/uka/ilkd/key/java/JavaRedux/java/io/PrintStream.java 
530200     WARN  main            d.u.i.k.j.r.KeYCrossReferenceNameInfo Datatype java.lang.System declared twice: Once in FILE:/home/runner/work/key/key/key.core/../key.ui/examples/standard_key/staticInitialisation/classpath/System.java and once in URL:file:/home/runner/work/key/key/key.core/build/resources/main/de/uka/ilkd/key/java/JavaRedux/java/lang/System.java, Keeping one from URL:file:/home/runner/work/key/key/key.core/build/resources/main/de/uka/ilkd/key/java/JavaRedux/java/lang/System.java 
532501     DEBUG main            d.u.i.k.p.i.AbstractProblemLoader Init config took 2.32s 
532534     INFO  main            d.u.i.k.p.i.AbstractProblemLoader Replaying proof cascadeStaticInitialisation.key 
532540     DEBUG main            d.u.i.k.p.i.IntermediateProofReplayer Proof replay took 3ns 
533244     INFO  main            d.u.i.k.p.r.p.TestFile    ... finished proof: closed. 
533759     INFO  main            d.u.i.k.p.i.AbstractProblemLoader Loading environment from /home/runner/work/key/key/key.core/../key.ui/examples/standard_key/staticInitialisation/cascadeStaticInitialisation.key.proof 
533760     DEBUG main            d.u.i.k.p.i.AbstractProblemLoader Environment load took 88.9ns 
533761     INFO  main            d.u.i.k.p.i.AbstractProblemLoader Creating init config 
533781     WARN  main            d.u.i.k.j.r.KeYCrossReferenceNameInfo Datatype java.io.PrintStream declared twice: Once in FILE:/home/runner/work/key/key/key.core/../key.ui/examples/standard_key/staticInitialisation/classpath/PrintStream.java and once in URL:file:/home/runner/work/key/key/key.core/build/resources/main/de/uka/ilkd/key/java/JavaRedux/java/io/PrintStream.java, Keeping one from URL:file:/home/runner/work/key/key/key.core/build/resources/main/de/uka/ilkd/key/java/JavaRedux/java/io/PrintStream.java 
533781     WARN  main            d.u.i.k.j.r.KeYCrossReferenceNameInfo Datatype java.lang.System declared twice: Once in FILE:/home/runner/work/key/key/key.core/../key.ui/examples/standard_key/staticInitialisation/classpath/System.java and once in URL:file:/home/runner/work/key/key/key.core/build/resources/main/de/uka/ilkd/key/java/JavaRedux/java/lang/System.java, Keeping one from URL:file:/home/runner/work/key/key/key.core/build/resources/main/de/uka/ilkd/key/java/JavaRedux/java/lang/System.java 
536109     DEBUG main            d.u.i.k.p.i.AbstractProblemLoader Init config took 2.35s 
536123     INFO  main            d.u.i.k.p.i.AbstractProblemLoader Replaying proof cascadeStaticInitialisation.key.proof 
536226     DEBUG main            d.u.i.k.p.i.IntermediateProofReplayer Proof replay took 100.46ms 
536227     DEBUG main            d.u.i.k.p.r.p.TestFile    ... success: reloaded. 
536228     INFO  main            d.u.i.k.p.r.p.TestFile    Now processing file /home/runner/work/key/key/key.core/../key.ui/examples/standard_key/staticInitialisation/erroneousClassImpliesErroneousSubclass.key 
536228     INFO  main            d.u.i.k.p.i.AbstractProblemLoader Loading environment from /home/runner/work/key/key/key.core/../key.ui/examples/standard_key/staticInitialisation/erroneousClassImpliesErroneousSubclass.key 
536228     DEBUG main            d.u.i.k.p.i.AbstractProblemLoader Environment load took 49.2ns 
536229     INFO  main            d.u.i.k.p.i.AbstractProblemLoader Creating init config 
536248     WARN  main            d.u.i.k.j.r.KeYCrossReferenceNameInfo Datatype java.io.PrintStream declared twice: Once in FILE:/home/runner/work/key/key/key.core/../key.ui/examples/standard_key/staticInitialisation/classpath/PrintStream.java and once in URL:file:/home/runner/work/key/key/key.core/build/resources/main/de/uka/ilkd/key/java/JavaRedux/java/io/PrintStream.java, Keeping one from URL:file:/home/runner/work/key/key/key.core/build/resources/main/de/uka/ilkd/key/java/JavaRedux/java/io/PrintStream.java 
536248     WARN  main            d.u.i.k.j.r.KeYCrossReferenceNameInfo Datatype java.lang.System declared twice: Once in FILE:/home/runner/work/key/key/key.core/../key.ui/examples/standard_key/staticInitialisation/classpath/System.java and once in URL:file:/home/runner/work/key/key/key.core/build/resources/main/de/uka/ilkd/key/java/JavaRedux/java/lang/System.java, Keeping one from URL:file:/home/runner/work/key/key/key.core/build/resources/main/de/uka/ilkd/key/java/JavaRedux/java/lang/System.java 
538537     DEBUG main            d.u.i.k.p.i.AbstractProblemLoader Init config took 2.31s 
538550     INFO  main            d.u.i.k.p.i.AbstractProblemLoader Replaying proof erroneousClassImpliesErroneousSubclass.key 
538551     DEBUG main            d.u.i.k.p.i.IntermediateProofReplayer Proof replay took 3ns 
538653     INFO  main            d.u.i.k.p.r.p.TestFile    ... finished proof: closed. 
539181     INFO  main            d.u.i.k.p.i.AbstractProblemLoader Loading environment from /home/runner/work/key/key/key.core/../key.ui/examples/standard_key/staticInitialisation/erroneousClassImpliesErroneousSubclass.key.proof 
539181     DEBUG main            d.u.i.k.p.i.AbstractProblemLoader Environment load took 95.7ns 
539182     INFO  main            d.u.i.k.p.i.AbstractProblemLoader Creating init config 
539201     WARN  main            d.u.i.k.j.r.KeYCrossReferenceNameInfo Datatype java.io.PrintStream declared twice: Once in FILE:/home/runner/work/key/key/key.core/../key.ui/examples/standard_key/staticInitialisation/classpath/PrintStream.java and once in URL:file:/home/runner/work/key/key/key.core/build/resources/main/de/uka/ilkd/key/java/JavaRedux/java/io/PrintStream.java, Keeping one from URL:file:/home/runner/work/key/key/key.core/build/resources/main/de/uka/ilkd/key/java/JavaRedux/java/io/PrintStream.java 
539202     WARN  main            d.u.i.k.j.r.KeYCrossReferenceNameInfo Datatype java.lang.System declared twice: Once in FILE:/home/runner/work/key/key/key.core/../key.ui/examples/standard_key/staticInitialisation/classpath/System.java and once in URL:file:/home/runner/work/key/key/key.core/build/resources/main/de/uka/ilkd/key/java/JavaRedux/java/lang/System.java, Keeping one from URL:file:/home/runner/work/key/key/key.core/build/resources/main/de/uka/ilkd/key/java/JavaRedux/java/lang/System.java 
541452     DEBUG main            d.u.i.k.p.i.AbstractProblemLoader Init config took 2.27s 
541465     INFO  main            d.u.i.k.p.i.AbstractProblemLoader Replaying proof erroneousClassImpliesErroneousSubclass.key.proof 
541466     DEBUG main            d.u.i.k.p.i.IntermediateProofReplayer Proof replay took 445ns 
541467     DEBUG main            d.u.i.k.p.r.p.TestFile    ... success: reloaded. 
541468     INFO  main            d.u.i.k.p.r.p.TestFile    Now processing file /home/runner/work/key/key/key.core/../key.ui/examples/standard_key/staticInitialisation/initializedSubclassImpliesInitializedSuperclass.key 
541468     INFO  main            d.u.i.k.p.i.AbstractProblemLoader Loading environment from /home/runner/work/key/key/key.core/../key.ui/examples/standard_key/staticInitialisation/initializedSubclassImpliesInitializedSuperclass.key 
541468     DEBUG main            d.u.i.k.p.i.AbstractProblemLoader Environment load took 60.4ns 
541469     INFO  main            d.u.i.k.p.i.AbstractProblemLoader Creating init config 
541487     WARN  main            d.u.i.k.j.r.KeYCrossReferenceNameInfo Datatype java.io.PrintStream declared twice: Once in FILE:/home/runner/work/key/key/key.core/../key.ui/examples/standard_key/staticInitialisation/classpath/PrintStream.java and once in URL:file:/home/runner/work/key/key/key.core/build/resources/main/de/uka/ilkd/key/java/JavaRedux/java/io/PrintStream.java, Keeping one from URL:file:/home/runner/work/key/key/key.core/build/resources/main/de/uka/ilkd/key/java/JavaRedux/java/io/PrintStream.java 
541487     WARN  main            d.u.i.k.j.r.KeYCrossReferenceNameInfo Datatype java.lang.System declared twice: Once in FILE:/home/runner/work/key/key/key.core/../key.ui/examples/standard_key/staticInitialisation/classpath/System.java and once in URL:file:/home/runner/work/key/key/key.core/build/resources/main/de/uka/ilkd/key/java/JavaRedux/java/lang/System.java, Keeping one from URL:file:/home/runner/work/key/key/key.core/build/resources/main/de/uka/ilkd/key/java/JavaRedux/java/lang/System.java 
543776     DEBUG main            d.u.i.k.p.i.AbstractProblemLoader Init config took 2.31s 
543789     INFO  main            d.u.i.k.p.i.AbstractProblemLoader Replaying proof initializedSubclassImpliesInitializedSuperclass.key 
543790     DEBUG main            d.u.i.k.p.i.IntermediateProofReplayer Proof replay took 3ns 
543892     INFO  main            d.u.i.k.p.r.p.TestFile    ... finished proof: closed. 
544393     INFO  main            d.u.i.k.p.i.AbstractProblemLoader Loading environment from /home/runner/work/key/key/key.core/../key.ui/examples/standard_key/staticInitialisation/initializedSubclassImpliesInitializedSuperclass.key.proof 
544393     DEBUG main            d.u.i.k.p.i.AbstractProblemLoader Environment load took 83.9ns 
544394     INFO  main            d.u.i.k.p.i.AbstractProblemLoader Creating init config 
544413     WARN  main            d.u.i.k.j.r.KeYCrossReferenceNameInfo Datatype java.io.PrintStream declared twice: Once in FILE:/home/runner/work/key/key/key.core/../key.ui/examples/standard_key/staticInitialisation/classpath/PrintStream.java and once in URL:file:/home/runner/work/key/key/key.core/build/resources/main/de/uka/ilkd/key/java/JavaRedux/java/io/PrintStream.java, Keeping one from URL:file:/home/runner/work/key/key/key.core/build/resources/main/de/uka/ilkd/key/java/JavaRedux/java/io/PrintStream.java 
544413     WARN  main            d.u.i.k.j.r.KeYCrossReferenceNameInfo Datatype java.lang.System declared twice: Once in FILE:/home/runner/work/key/key/key.core/../key.ui/examples/standard_key/staticInitialisation/classpath/System.java and once in URL:file:/home/runner/work/key/key/key.core/build/resources/main/de/uka/ilkd/key/java/JavaRedux/java/lang/System.java, Keeping one from URL:file:/home/runner/work/key/key/key.core/build/resources/main/de/uka/ilkd/key/java/JavaRedux/java/lang/System.java 
546671     DEBUG main            d.u.i.k.p.i.AbstractProblemLoader Init config took 2.28s 
546686     INFO  main            d.u.i.k.p.i.AbstractProblemLoader Replaying proof initializedSubclassImpliesInitializedSuperclass.key.proof 
546687     DEBUG main            d.u.i.k.p.i.IntermediateProofReplayer Proof replay took 311.4ns 
546688     DEBUG main            d.u.i.k.p.r.p.TestFile    ... success: reloaded. 
546689     INFO  main            d.u.i.k.p.r.p.TestFile    Now processing file /home/runner/work/key/key/key.core/../key.ui/examples/standard_key/staticInitialisation/localDeclared.key 
546689     INFO  main            d.u.i.k.p.i.AbstractProblemLoader Loading environment from /home/runner/work/key/key/key.core/../key.ui/examples/standard_key/staticInitialisation/localDeclared.key 
546689     DEBUG main            d.u.i.k.p.i.AbstractProblemLoader Environment load took 75.4ns 
546691     INFO  main            d.u.i.k.p.i.AbstractProblemLoader Creating init config 
546709     WARN  main            d.u.i.k.j.r.KeYCrossReferenceNameInfo Datatype java.io.PrintStream declared twice: Once in FILE:/home/runner/work/key/key/key.core/../key.ui/examples/standard_key/staticInitialisation/classpath/PrintStream.java and once in URL:file:/home/runner/work/key/key/key.core/build/resources/main/de/uka/ilkd/key/java/JavaRedux/java/io/PrintStream.java, Keeping one from URL:file:/home/runner/work/key/key/key.core/build/resources/main/de/uka/ilkd/key/java/JavaRedux/java/io/PrintStream.java 
546709     WARN  main            d.u.i.k.j.r.KeYCrossReferenceNameInfo Datatype java.lang.System declared twice: Once in FILE:/home/runner/work/key/key/key.core/../key.ui/examples/standard_key/staticInitialisation/classpath/System.java and once in URL:file:/home/runner/work/key/key/key.core/build/resources/main/de/uka/ilkd/key/java/JavaRedux/java/lang/System.java, Keeping one from URL:file:/home/runner/work/key/key/key.core/build/resources/main/de/uka/ilkd/key/java/JavaRedux/java/lang/System.java 
549086     DEBUG main            d.u.i.k.p.i.AbstractProblemLoader Init config took 2.4s 
549100     INFO  main            d.u.i.k.p.i.AbstractProblemLoader Replaying proof localDeclared.key 
549101     DEBUG main            d.u.i.k.p.i.IntermediateProofReplayer Proof replay took 3ns 
549404     INFO  main            d.u.i.k.p.r.p.TestFile    ... finished proof: closed. 
549927     INFO  main            d.u.i.k.p.i.AbstractProblemLoader Loading environment from /home/runner/work/key/key/key.core/../key.ui/examples/standard_key/staticInitialisation/localDeclared.key.proof 
549927     DEBUG main            d.u.i.k.p.i.AbstractProblemLoader Environment load took 87.2ns 
549928     INFO  main            d.u.i.k.p.i.AbstractProblemLoader Creating init config 
549947     WARN  main            d.u.i.k.j.r.KeYCrossReferenceNameInfo Datatype java.io.PrintStream declared twice: Once in FILE:/home/runner/work/key/key/key.core/../key.ui/examples/standard_key/staticInitialisation/classpath/PrintStream.java and once in URL:file:/home/runner/work/key/key/key.core/build/resources/main/de/uka/ilkd/key/java/JavaRedux/java/io/PrintStream.java, Keeping one from URL:file:/home/runner/work/key/key/key.core/build/resources/main/de/uka/ilkd/key/java/JavaRedux/java/io/PrintStream.java 
549947     WARN  main            d.u.i.k.j.r.KeYCrossReferenceNameInfo Datatype java.lang.System declared twice: Once in FILE:/home/runner/work/key/key/key.core/../key.ui/examples/standard_key/staticInitialisation/classpath/System.java and once in URL:file:/home/runner/work/key/key/key.core/build/resources/main/de/uka/ilkd/key/java/JavaRedux/java/lang/System.java, Keeping one from URL:file:/home/runner/work/key/key/key.core/build/resources/main/de/uka/ilkd/key/java/JavaRedux/java/lang/System.java 
552278     DEBUG main            d.u.i.k.p.i.AbstractProblemLoader Init config took 2.35s 
552292     INFO  main            d.u.i.k.p.i.AbstractProblemLoader Replaying proof localDeclared.key.proof 
552333     DEBUG main            d.u.i.k.p.i.IntermediateProofReplayer Proof replay took 39.5ms 
552334     DEBUG main            d.u.i.k.p.r.p.TestFile    ... success: reloaded. 
552335     INFO  main            d.u.i.k.p.r.p.TestFile    Now processing file /home/runner/work/key/key/key.core/../key.ui/examples/standard_key/staticInitialisation/localDeclaredMethod.key 
552335     INFO  main            d.u.i.k.p.i.AbstractProblemLoader Loading environment from /home/runner/work/key/key/key.core/../key.ui/examples/standard_key/staticInitialisation/localDeclaredMethod.key 
552336     DEBUG main            d.u.i.k.p.i.AbstractProblemLoader Environment load took 92.9ns 
552337     INFO  main            d.u.i.k.p.i.AbstractProblemLoader Creating init config 
552355     WARN  main            d.u.i.k.j.r.KeYCrossReferenceNameInfo Datatype java.io.PrintStream declared twice: Once in FILE:/home/runner/work/key/key/key.core/../key.ui/examples/standard_key/staticInitialisation/classpath/PrintStream.java and once in URL:file:/home/runner/work/key/key/key.core/build/resources/main/de/uka/ilkd/key/java/JavaRedux/java/io/PrintStream.java, Keeping one from URL:file:/home/runner/work/key/key/key.core/build/resources/main/de/uka/ilkd/key/java/JavaRedux/java/io/PrintStream.java 
552355     WARN  main            d.u.i.k.j.r.KeYCrossReferenceNameInfo Datatype java.lang.System declared twice: Once in FILE:/home/runner/work/key/key/key.core/../key.ui/examples/standard_key/staticInitialisation/classpath/System.java and once in URL:file:/home/runner/work/key/key/key.core/build/resources/main/de/uka/ilkd/key/java/JavaRedux/java/lang/System.java, Keeping one from URL:file:/home/runner/work/key/key/key.core/build/resources/main/de/uka/ilkd/key/java/JavaRedux/java/lang/System.java 
554652     DEBUG main            d.u.i.k.p.i.AbstractProblemLoader Init config took 2.32s 
554666     INFO  main            d.u.i.k.p.i.AbstractProblemLoader Replaying proof localDeclaredMethod.key 
554667     DEBUG main            d.u.i.k.p.i.IntermediateProofReplayer Proof replay took 3.4ns 
554870     INFO  main            d.u.i.k.p.r.p.TestFile    ... finished proof: closed. 
555399     INFO  main            d.u.i.k.p.i.AbstractProblemLoader Loading environment from /home/runner/work/key/key/key.core/../key.ui/examples/standard_key/staticInitialisation/localDeclaredMethod.key.proof 
555399     DEBUG main            d.u.i.k.p.i.AbstractProblemLoader Environment load took 84.8ns 
555400     INFO  main            d.u.i.k.p.i.AbstractProblemLoader Creating init config 
555420     WARN  main            d.u.i.k.j.r.KeYCrossReferenceNameInfo Datatype java.io.PrintStream declared twice: Once in FILE:/home/runner/work/key/key/key.core/../key.ui/examples/standard_key/staticInitialisation/classpath/PrintStream.java and once in URL:file:/home/runner/work/key/key/key.core/build/resources/main/de/uka/ilkd/key/java/JavaRedux/java/io/PrintStream.java, Keeping one from URL:file:/home/runner/work/key/key/key.core/build/resources/main/de/uka/ilkd/key/java/JavaRedux/java/io/PrintStream.java 
555421     WARN  main            d.u.i.k.j.r.KeYCrossReferenceNameInfo Datatype java.lang.System declared twice: Once in FILE:/home/runner/work/key/key/key.core/../key.ui/examples/standard_key/staticInitialisation/classpath/System.java and once in URL:file:/home/runner/work/key/key/key.core/build/resources/main/de/uka/ilkd/key/java/JavaRedux/java/lang/System.java, Keeping one from URL:file:/home/runner/work/key/key/key.core/build/resources/main/de/uka/ilkd/key/java/JavaRedux/java/lang/System.java 
557686     DEBUG main            d.u.i.k.p.i.AbstractProblemLoader Init config took 2.29s 
557700     INFO  main            d.u.i.k.p.i.AbstractProblemLoader Replaying proof localDeclaredMethod.key.proof 
557739     DEBUG main            d.u.i.k.p.i.IntermediateProofReplayer Proof replay took 36.6ms 
557740     DEBUG main            d.u.i.k.p.r.p.TestFile    ... success: reloaded. 
557741     INFO  main            d.u.i.k.p.r.p.TestFile    Now processing file /home/runner/work/key/key/key.core/../key.ui/examples/standard_key/staticInitialisation/objectOfErroneousClass.key 
557741     INFO  main            d.u.i.k.p.i.AbstractProblemLoader Loading environment from /home/runner/work/key/key/key.core/../key.ui/examples/standard_key/staticInitialisation/objectOfErroneousClass.key 
557741     DEBUG main            d.u.i.k.p.i.AbstractProblemLoader Environment load took 89ns 
557742     INFO  main            d.u.i.k.p.i.AbstractProblemLoader Creating init config 
557761     WARN  main            d.u.i.k.j.r.KeYCrossReferenceNameInfo Datatype java.io.PrintStream declared twice: Once in FILE:/home/runner/work/key/key/key.core/../key.ui/examples/standard_key/staticInitialisation/classpath/PrintStream.java and once in URL:file:/home/runner/work/key/key/key.core/build/resources/main/de/uka/ilkd/key/java/JavaRedux/java/io/PrintStream.java, Keeping one from URL:file:/home/runner/work/key/key/key.core/build/resources/main/de/uka/ilkd/key/java/JavaRedux/java/io/PrintStream.java 
557761     WARN  main            d.u.i.k.j.r.KeYCrossReferenceNameInfo Datatype java.lang.System declared twice: Once in FILE:/home/runner/work/key/key/key.core/../key.ui/examples/standard_key/staticInitialisation/classpath/System.java and once in URL:file:/home/runner/work/key/key/key.core/build/resources/main/de/uka/ilkd/key/java/JavaRedux/java/lang/System.java, Keeping one from URL:file:/home/runner/work/key/key/key.core/build/resources/main/de/uka/ilkd/key/java/JavaRedux/java/lang/System.java 
560072     DEBUG main            d.u.i.k.p.i.AbstractProblemLoader Init config took 2.33s 
560087     INFO  main            d.u.i.k.p.i.AbstractProblemLoader Replaying proof objectOfErroneousClass.key 
560091     DEBUG main            d.u.i.k.p.i.IntermediateProofReplayer Proof replay took 3ns 
572543     INFO  main            d.u.i.k.p.r.p.TestFile    ... finished proof: closed. 
573155     INFO  main            d.u.i.k.p.i.AbstractProblemLoader Loading environment from /home/runner/work/key/key/key.core/../key.ui/examples/standard_key/staticInitialisation/objectOfErroneousClass.key.proof 
573155     DEBUG main            d.u.i.k.p.i.AbstractProblemLoader Environment load took 149.2ns 
573158     INFO  main            d.u.i.k.p.i.AbstractProblemLoader Creating init config 
573177     WARN  main            d.u.i.k.j.r.KeYCrossReferenceNameInfo Datatype java.io.PrintStream declared twice: Once in FILE:/home/runner/work/key/key/key.core/../key.ui/examples/standard_key/staticInitialisation/classpath/PrintStream.java and once in URL:file:/home/runner/work/key/key/key.core/build/resources/main/de/uka/ilkd/key/java/JavaRedux/java/io/PrintStream.java, Keeping one from URL:file:/home/runner/work/key/key/key.core/build/resources/main/de/uka/ilkd/key/java/JavaRedux/java/io/PrintStream.java 
573178     WARN  main            d.u.i.k.j.r.KeYCrossReferenceNameInfo Datatype java.lang.System declared twice: Once in FILE:/home/runner/work/key/key/key.core/../key.ui/examples/standard_key/staticInitialisation/classpath/System.java and once in URL:file:/home/runner/work/key/key/key.core/build/resources/main/de/uka/ilkd/key/java/JavaRedux/java/lang/System.java, Keeping one from URL:file:/home/runner/work/key/key/key.core/build/resources/main/de/uka/ilkd/key/java/JavaRedux/java/lang/System.java 
575447     DEBUG main            d.u.i.k.p.i.AbstractProblemLoader Init config took 2.29s 
575462     INFO  main            d.u.i.k.p.i.AbstractProblemLoader Replaying proof objectOfErroneousClass.key.proof 
576878     DEBUG main            d.u.i.k.p.i.IntermediateProofReplayer Proof replay took 1.39s 
576882     DEBUG main            d.u.i.k.p.r.p.TestFile    ... success: reloaded. 
576883     INFO  main            d.u.i.k.p.r.p.TestFile    Now processing file /home/runner/work/key/key/key.core/../key.ui/examples/standard_key/staticInitialisation/staticInitialisersAreNonSimple.key 
576883     INFO  main            d.u.i.k.p.i.AbstractProblemLoader Loading environment from /home/runner/work/key/key/key.core/../key.ui/examples/standard_key/staticInitialisation/staticInitialisersAreNonSimple.key 
576884     DEBUG main            d.u.i.k.p.i.AbstractProblemLoader Environment load took 49.3ns 
576885     INFO  main            d.u.i.k.p.i.AbstractProblemLoader Creating init config 
576904     WARN  main            d.u.i.k.j.r.KeYCrossReferenceNameInfo Datatype java.io.PrintStream declared twice: Once in FILE:/home/runner/work/key/key/key.core/../key.ui/examples/standard_key/staticInitialisation/classpath/PrintStream.java and once in URL:file:/home/runner/work/key/key/key.core/build/resources/main/de/uka/ilkd/key/java/JavaRedux/java/io/PrintStream.java, Keeping one from URL:file:/home/runner/work/key/key/key.core/build/resources/main/de/uka/ilkd/key/java/JavaRedux/java/io/PrintStream.java 
576904     WARN  main            d.u.i.k.j.r.KeYCrossReferenceNameInfo Datatype java.lang.System declared twice: Once in FILE:/home/runner/work/key/key/key.core/../key.ui/examples/standard_key/staticInitialisation/classpath/System.java and once in URL:file:/home/runner/work/key/key/key.core/build/resources/main/de/uka/ilkd/key/java/JavaRedux/java/lang/System.java, Keeping one from URL:file:/home/runner/work/key/key/key.core/build/resources/main/de/uka/ilkd/key/java/JavaRedux/java/lang/System.java 
579247     DEBUG main            d.u.i.k.p.i.AbstractProblemLoader Init config took 2.36s 
579262     INFO  main            d.u.i.k.p.i.AbstractProblemLoader Replaying proof staticInitialisersAreNonSimple.key 
579263     DEBUG main            d.u.i.k.p.i.IntermediateProofReplayer Proof replay took 3.4ns 
579566     INFO  main            d.u.i.k.p.r.p.TestFile    ... finished proof: closed. 
580200     INFO  main            d.u.i.k.p.i.AbstractProblemLoader Loading environment from /home/runner/work/key/key/key.core/../key.ui/examples/standard_key/staticInitialisation/staticInitialisersAreNonSimple.key.proof 
580200     DEBUG main            d.u.i.k.p.i.AbstractProblemLoader Environment load took 83.1ns 
580202     INFO  main            d.u.i.k.p.i.AbstractProblemLoader Creating init config 
580222     WARN  main            d.u.i.k.j.r.KeYCrossReferenceNameInfo Datatype java.io.PrintStream declared twice: Once in FILE:/home/runner/work/key/key/key.core/../key.ui/examples/standard_key/staticInitialisation/classpath/PrintStream.java and once in URL:file:/home/runner/work/key/key/key.core/build/resources/main/de/uka/ilkd/key/java/JavaRedux/java/io/PrintStream.java, Keeping one from URL:file:/home/runner/work/key/key/key.core/build/resources/main/de/uka/ilkd/key/java/JavaRedux/java/io/PrintStream.java 
580222     WARN  main            d.u.i.k.j.r.KeYCrossReferenceNameInfo Datatype java.lang.System declared twice: Once in FILE:/home/runner/work/key/key/key.core/../key.ui/examples/standard_key/staticInitialisation/classpath/System.java and once in URL:file:/home/runner/work/key/key/key.core/build/resources/main/de/uka/ilkd/key/java/JavaRedux/java/lang/System.java, Keeping one from URL:file:/home/runner/work/key/key/key.core/build/resources/main/de/uka/ilkd/key/java/JavaRedux/java/lang/System.java 
582506     DEBUG main            d.u.i.k.p.i.AbstractProblemLoader Init config took 2.3s 
582520     INFO  main            d.u.i.k.p.i.AbstractProblemLoader Replaying proof staticInitialisersAreNonSimple.key.proof 
582594     DEBUG main            d.u.i.k.p.i.IntermediateProofReplayer Proof replay took 71.22ms 
582595     DEBUG main            d.u.i.k.p.r.p.TestFile    ... success: reloaded. 
582596     INFO  main            d.u.i.k.p.r.p.TestFile    Now processing file /home/runner/work/key/key/key.core/../key.ui/examples/standard_key/types/disjoint.key 
582596     INFO  main            d.u.i.k.p.i.AbstractProblemLoader Loading environment from /home/runner/work/key/key/key.core/../key.ui/examples/standard_key/types/disjoint.key 
582596     DEBUG main            d.u.i.k.p.i.AbstractProblemLoader Environment load took 83.8ns 
582597     INFO  main            d.u.i.k.p.i.AbstractProblemLoader Creating init config 
584864     DEBUG main            d.u.i.k.p.i.AbstractProblemLoader Init config took 2.27s 
584877     INFO  main            d.u.i.k.p.i.AbstractProblemLoader Replaying proof disjoint.key 
584878     DEBUG main            d.u.i.k.p.i.IntermediateProofReplayer Proof replay took 2.5ns 
584980     INFO  main            d.u.i.k.p.r.p.TestFile    ... finished proof: closed. 
585518     INFO  main            d.u.i.k.p.i.AbstractProblemLoader Loading environment from /home/runner/work/key/key/key.core/../key.ui/examples/standard_key/types/disjoint.key.proof 
585518     DEBUG main            d.u.i.k.p.i.AbstractProblemLoader Environment load took 84.7ns 
585519     INFO  main            d.u.i.k.p.i.AbstractProblemLoader Creating init config 
587739     DEBUG main            d.u.i.k.p.i.AbstractProblemLoader Init config took 2.22s 
587752     INFO  main            d.u.i.k.p.i.AbstractProblemLoader Replaying proof disjoint.key.proof 
587753     DEBUG main            d.u.i.k.p.i.IntermediateProofReplayer Proof replay took 272.9ns 
587754     DEBUG main            d.u.i.k.p.r.p.TestFile    ... success: reloaded. 
587754     INFO  main            d.u.i.k.p.r.p.TestFile    Now processing file /home/runner/work/key/key/key.core/../key.ui/examples/../../key.core/src/test/resources/testcase/classpath/classpath.key 
587754     INFO  main            d.u.i.k.p.i.AbstractProblemLoader Loading environment from /home/runner/work/key/key/key.core/../key.ui/examples/../../key.core/src/test/resources/testcase/classpath/classpath.key 
587754     DEBUG main            d.u.i.k.p.i.AbstractProblemLoader Environment load took 94.5ns 
587755     INFO  main            d.u.i.k.p.i.AbstractProblemLoader Creating init config 
587776     WARN  main            d.u.i.k.j.r.KeYCrossReferenceNameInfo Datatype cp.C declared twice: Once in FILE:/home/runner/work/key/key/key.core/../key.ui/examples/../../key.core/src/test/resources/testcase/classpath/classpath/C.class and once in FILE:/home/runner/work/key/key/key.core/../key.ui/examples/../../key.core/src/test/resources/testcase/classpath/classpath/C.jml, Keeping one from FILE:/home/runner/work/key/key/key.core/../key.ui/examples/../../key.core/src/test/resources/testcase/classpath/classpath/C.jml 
587779     DEBUG main            d.u.i.k.j.r.ClassFileDeclarationBuilder Parsing: package cp; public class Unresolved1 { } 
587779     DEBUG main            r.s.KeYCrossReferenceSourceInfo Dynamically created class: cp.Unresolved1 
587779     DEBUG main            d.u.i.k.j.r.ClassFileDeclarationBuilder Parsing: package cp; public class Unresolved2 { } 
587779     DEBUG main            r.s.KeYCrossReferenceSourceInfo Dynamically created class: cp.Unresolved2 
590165     DEBUG main            d.u.i.k.p.i.AbstractProblemLoader Init config took 2.41s 
590180     INFO  main            d.u.i.k.p.i.AbstractProblemLoader Replaying proof classpath.key 
590182     DEBUG main            d.u.i.k.p.i.IntermediateProofReplayer Proof replay took 2.7ns 
590283     INFO  main            d.u.i.k.p.r.p.TestFile    ... finished proof: closed. 
590833     INFO  main            d.u.i.k.p.i.AbstractProblemLoader Loading environment from /home/runner/work/key/key/key.core/../key.ui/examples/../../key.core/src/test/resources/testcase/classpath/classpath.key.proof 
590833     DEBUG main            d.u.i.k.p.i.AbstractProblemLoader Environment load took 81ns 
590834     INFO  main            d.u.i.k.p.i.AbstractProblemLoader Creating init config 
590861     WARN  main            d.u.i.k.j.r.KeYCrossReferenceNameInfo Datatype cp.C declared twice: Once in FILE:/home/runner/work/key/key/key.core/../key.ui/examples/../../key.core/src/test/resources/testcase/classpath/classpath/C.class and once in FILE:/home/runner/work/key/key/key.core/../key.ui/examples/../../key.core/src/test/resources/testcase/classpath/classpath/C.jml, Keeping one from FILE:/home/runner/work/key/key/key.core/../key.ui/examples/../../key.core/src/test/resources/testcase/classpath/classpath/C.jml 
590864     DEBUG main            d.u.i.k.j.r.ClassFileDeclarationBuilder Parsing: package cp; public class Unresolved1 { } 
590864     DEBUG main            r.s.KeYCrossReferenceSourceInfo Dynamically created class: cp.Unresolved1 
590864     DEBUG main            d.u.i.k.j.r.ClassFileDeclarationBuilder Parsing: package cp; public class Unresolved2 { } 
590865     DEBUG main            r.s.KeYCrossReferenceSourceInfo Dynamically created class: cp.Unresolved2 
593222     DEBUG main            d.u.i.k.p.i.AbstractProblemLoader Init config took 2.39s 
593237     INFO  main            d.u.i.k.p.i.AbstractProblemLoader Replaying proof classpath.key.proof 
593239     DEBUG main            d.u.i.k.p.i.IntermediateProofReplayer Proof replay took 445.31ns 
593240     DEBUG main            d.u.i.k.p.r.p.TestFile    ... success: reloaded. 
593240     INFO  main            d.u.i.k.p.r.p.TestFile    Now processing file /home/runner/work/key/key/key.core/../key.ui/examples/heap/inconsistent_represents/MyClass_m.key 
593241     INFO  main            d.u.i.k.p.i.AbstractProblemLoader Loading environment from /home/runner/work/key/key/key.core/../key.ui/examples/heap/inconsistent_represents/MyClass_m.key 
593241     DEBUG main            d.u.i.k.p.i.AbstractProblemLoader Environment load took 73.1ns 
593241     INFO  main            d.u.i.k.p.i.AbstractProblemLoader Creating init config 
595589     DEBUG main            d.u.i.k.p.i.AbstractProblemLoader Init config took 2.35s 
595624     INFO  main            d.u.i.k.p.i.AbstractProblemLoader Replaying proof MyClass[MyClass::m()].JML operation contract.0 
595625     DEBUG main            d.u.i.k.p.i.IntermediateProofReplayer Proof replay took 2.7ns 
595730     INFO  main            d.u.i.k.p.r.p.TestFile    ... finished proof: open goal(s) 
596287     INFO  main            d.u.i.k.p.r.p.TestFile    Now processing file /home/runner/work/key/key/key.core/../key.ui/examples/heap/inconsistent_represents/MyClass_n.key 
596287     INFO  main            d.u.i.k.p.i.AbstractProblemLoader Loading environment from /home/runner/work/key/key/key.core/../key.ui/examples/heap/inconsistent_represents/MyClass_n.key 
596287     DEBUG main            d.u.i.k.p.i.AbstractProblemLoader Environment load took 75.3ns 
596288     INFO  main            d.u.i.k.p.i.AbstractProblemLoader Creating init config 
598606     DEBUG main            d.u.i.k.p.i.AbstractProblemLoader Init config took 2.32s 
598639     INFO  main            d.u.i.k.p.i.AbstractProblemLoader Replaying proof MyClass[MyClass::n()].JML operation contract.0 
598640     DEBUG main            d.u.i.k.p.i.IntermediateProofReplayer Proof replay took 3.2ns 
598742     INFO  main            d.u.i.k.p.r.p.TestFile    ... finished proof: open goal(s) 
3496481    INFO  Test worker     d.u.i.k.p.r.RunAllProofsTestUnit Returning from test javadl 
3496482    INFO  Test worker     d.u.i.k.p.r.RunAllProofsTestUnit Running test FOL 
346        INFO  Timeout watchdog d.u.i.k.p.r.p.ForkedTestFileRunner Timeout watcher launched (2000 secs.) 
350        WARN  main            d.u.i.k.s.ProofSettings   The settings in /home/runner/.key/proof-settings.props are *not* read. 
375        INFO  main            d.u.i.k.p.r.p.TestFile    Now processing file /home/runner/work/key/key/key.core/../key.ui/examples/standard_key/pred_log/count.key 
517        INFO  main            d.u.i.k.p.i.AbstractProblemLoader Loading environment from /home/runner/work/key/key/key.core/../key.ui/examples/standard_key/pred_log/count.key 
550        DEBUG main            d.u.i.k.p.i.AbstractProblemLoader Environment load took 2.18ms 
779        INFO  main            d.u.i.k.p.i.AbstractProblemLoader Creating init config 
1768       DEBUG main            d.u.i.k.j.TypeConverter   No LDT found for Meta 
1769       DEBUG main            d.u.i.k.j.TypeConverter   No LDT found for Meta 
1772       DEBUG main            d.u.i.k.j.TypeConverter   No LDT found for Meta 
1773       DEBUG main            d.u.i.k.j.TypeConverter   No LDT found for Meta 
3100       DEBUG main            d.u.i.k.j.TypeConverter   No LDT found for JavaBigintExpression 
7960       DEBUG main            d.u.i.k.p.i.AbstractProblemLoader Init config took 7.18s 
8048       INFO  main            d.u.i.k.p.i.AbstractProblemLoader Replaying proof count.key 
8085       DEBUG main            d.u.i.k.p.i.IntermediateProofReplayer Proof replay took 35ns 
8357       INFO  main            d.u.i.k.p.r.p.TestFile    ... finished proof: closed. 
8454       INFO  main            d.u.i.k.p.i.AbstractProblemLoader Loading environment from /home/runner/work/key/key/key.core/../key.ui/examples/standard_key/pred_log/count.key.proof 
8455       DEBUG main            d.u.i.k.p.i.AbstractProblemLoader Environment load took 467.7ns 
8459       INFO  main            d.u.i.k.p.i.AbstractProblemLoader Creating init config 
11330      DEBUG main            d.u.i.k.p.i.AbstractProblemLoader Init config took 2.87s 
11373      INFO  main            d.u.i.k.p.i.AbstractProblemLoader Replaying proof count.key.proof 
11382      DEBUG main            d.u.i.k.p.i.IntermediateProofReplayer Proof replay took 5.36ms 
11393      DEBUG main            d.u.i.k.p.r.p.TestFile    ... success: reloaded. 
11396      INFO  main            d.u.i.k.p.r.p.TestFile    Now processing file /home/runner/work/key/key/key.core/../key.ui/examples/standard_key/pred_log/count2.key 
11396      INFO  main            d.u.i.k.p.i.AbstractProblemLoader Loading environment from /home/runner/work/key/key/key.core/../key.ui/examples/standard_key/pred_log/count2.key 
11396      DEBUG main            d.u.i.k.p.i.AbstractProblemLoader Environment load took 131.2ns 
11400      INFO  main            d.u.i.k.p.i.AbstractProblemLoader Creating init config 
14078      DEBUG main            d.u.i.k.p.i.AbstractProblemLoader Init config took 2.68s 
14107      INFO  main            d.u.i.k.p.i.AbstractProblemLoader Replaying proof count2.key 
14109      DEBUG main            d.u.i.k.p.i.IntermediateProofReplayer Proof replay took 6.8ns 
14219      INFO  main            d.u.i.k.p.r.p.TestFile    ... finished proof: closed. 
14340      INFO  main            d.u.i.k.p.i.AbstractProblemLoader Loading environment from /home/runner/work/key/key/key.core/../key.ui/examples/standard_key/pred_log/count2.key.proof 
14341      DEBUG main            d.u.i.k.p.i.AbstractProblemLoader Environment load took 147ns 
14342      INFO  main            d.u.i.k.p.i.AbstractProblemLoader Creating init config 
16987      DEBUG main            d.u.i.k.p.i.AbstractProblemLoader Init config took 2.64s 
17010      INFO  main            d.u.i.k.p.i.AbstractProblemLoader Replaying proof count2.key.proof 
17014      DEBUG main            d.u.i.k.p.i.IntermediateProofReplayer Proof replay took 2.35ms 
17015      DEBUG main            d.u.i.k.p.r.p.TestFile    ... success: reloaded. 
17016      INFO  main            d.u.i.k.p.r.p.TestFile    Now processing file /home/runner/work/key/key/key.core/../key.ui/examples/standard_key/pred_log/count3.key 
17016      INFO  main            d.u.i.k.p.i.AbstractProblemLoader Loading environment from /home/runner/work/key/key/key.core/../key.ui/examples/standard_key/pred_log/count3.key 
17016      DEBUG main            d.u.i.k.p.i.AbstractProblemLoader Environment load took 105.7ns 
17018      INFO  main            d.u.i.k.p.i.AbstractProblemLoader Creating init config 
19685      DEBUG main            d.u.i.k.p.i.AbstractProblemLoader Init config took 2.67s 
19705      INFO  main            d.u.i.k.p.i.AbstractProblemLoader Replaying proof count3.key 
19707      DEBUG main            d.u.i.k.p.i.IntermediateProofReplayer Proof replay took 7.1ns 
19810      INFO  main            d.u.i.k.p.r.p.TestFile    ... finished proof: closed. 
19942      INFO  main            d.u.i.k.p.i.AbstractProblemLoader Loading environment from /home/runner/work/key/key/key.core/../key.ui/examples/standard_key/pred_log/count3.key.proof 
19942      DEBUG main            d.u.i.k.p.i.AbstractProblemLoader Environment load took 126.7ns 
19945      INFO  main            d.u.i.k.p.i.AbstractProblemLoader Creating init config 
22524      DEBUG main            d.u.i.k.p.i.AbstractProblemLoader Init config took 2.58s 
22550      INFO  main            d.u.i.k.p.i.AbstractProblemLoader Replaying proof count3.key.proof 
22560      DEBUG main            d.u.i.k.p.i.IntermediateProofReplayer Proof replay took 4.89ms 
22561      DEBUG main            d.u.i.k.p.r.p.TestFile    ... success: reloaded. 
22564      INFO  main            d.u.i.k.p.r.p.TestFile    Now processing file /home/runner/work/key/key/key.core/../key.ui/examples/standard_key/pred_log/equalities.key 
22564      INFO  main            d.u.i.k.p.i.AbstractProblemLoader Loading environment from /home/runner/work/key/key/key.core/../key.ui/examples/standard_key/pred_log/equalities.key 
22564      DEBUG main            d.u.i.k.p.i.AbstractProblemLoader Environment load took 215.2ns 
22566      INFO  main            d.u.i.k.p.i.AbstractProblemLoader Creating init config 
25291      DEBUG main            d.u.i.k.p.i.AbstractProblemLoader Init config took 2.73s 
25311      INFO  main            d.u.i.k.p.i.AbstractProblemLoader Replaying proof equalities.key 
25313      DEBUG main            d.u.i.k.p.i.IntermediateProofReplayer Proof replay took 7.5ns 
25418      INFO  main            d.u.i.k.p.r.p.TestFile    ... finished proof: closed. 
25554      INFO  main            d.u.i.k.p.i.AbstractProblemLoader Loading environment from /home/runner/work/key/key/key.core/../key.ui/examples/standard_key/pred_log/equalities.key.proof 
25554      DEBUG main            d.u.i.k.p.i.AbstractProblemLoader Environment load took 125.7ns 
25555      INFO  main            d.u.i.k.p.i.AbstractProblemLoader Creating init config 
28115      DEBUG main            d.u.i.k.p.i.AbstractProblemLoader Init config took 2.56s 
28133      INFO  main            d.u.i.k.p.i.AbstractProblemLoader Replaying proof equalities.key.proof 
28136      DEBUG main            d.u.i.k.p.i.IntermediateProofReplayer Proof replay took 1.08ms 
28137      DEBUG main            d.u.i.k.p.r.p.TestFile    ... success: reloaded. 
28138      INFO  main            d.u.i.k.p.r.p.TestFile    Now processing file /home/runner/work/key/key/key.core/../key.ui/examples/standard_key/pred_log/equalities2.key 
28138      INFO  main            d.u.i.k.p.i.AbstractProblemLoader Loading environment from /home/runner/work/key/key/key.core/../key.ui/examples/standard_key/pred_log/equalities2.key 
28139      DEBUG main            d.u.i.k.p.i.AbstractProblemLoader Environment load took 186.9ns 
28140      INFO  main            d.u.i.k.p.i.AbstractProblemLoader Creating init config 
30694      DEBUG main            d.u.i.k.p.i.AbstractProblemLoader Init config took 2.55s 
30721      INFO  main            d.u.i.k.p.i.AbstractProblemLoader Replaying proof equalities2.key 
30724      DEBUG main            d.u.i.k.p.i.IntermediateProofReplayer Proof replay took 9ns 
30827      INFO  main            d.u.i.k.p.r.p.TestFile    ... finished proof: closed. 
30980      INFO  main            d.u.i.k.p.i.AbstractProblemLoader Loading environment from /home/runner/work/key/key/key.core/../key.ui/examples/standard_key/pred_log/equalities2.key.proof 
30981      DEBUG main            d.u.i.k.p.i.AbstractProblemLoader Environment load took 975.21ns 
30982      INFO  main            d.u.i.k.p.i.AbstractProblemLoader Creating init config 
33524      DEBUG main            d.u.i.k.p.i.AbstractProblemLoader Init config took 2.54s 
33542      INFO  main            d.u.i.k.p.i.AbstractProblemLoader Replaying proof equalities2.key.proof 
33547      DEBUG main            d.u.i.k.p.i.IntermediateProofReplayer Proof replay took 2.77ms 
33548      DEBUG main            d.u.i.k.p.r.p.TestFile    ... success: reloaded. 
33549      INFO  main            d.u.i.k.p.r.p.TestFile    Now processing file /home/runner/work/key/key/key.core/../key.ui/examples/standard_key/pred_log/equalities3.key 
33550      INFO  main            d.u.i.k.p.i.AbstractProblemLoader Loading environment from /home/runner/work/key/key/key.core/../key.ui/examples/standard_key/pred_log/equalities3.key 
33550      DEBUG main            d.u.i.k.p.i.AbstractProblemLoader Environment load took 199.9ns 
33551      INFO  main            d.u.i.k.p.i.AbstractProblemLoader Creating init config 
36105      DEBUG main            d.u.i.k.p.i.AbstractProblemLoader Init config took 2.55s 
36122      INFO  main            d.u.i.k.p.i.AbstractProblemLoader Replaying proof equalities3.key 
36124      DEBUG main            d.u.i.k.p.i.IntermediateProofReplayer Proof replay took 7.4ns 
36231      INFO  main            d.u.i.k.p.r.p.TestFile    ... finished proof: closed. 
36380      INFO  main            d.u.i.k.p.i.AbstractProblemLoader Loading environment from /home/runner/work/key/key/key.core/../key.ui/examples/standard_key/pred_log/equalities3.key.proof 
36380      DEBUG main            d.u.i.k.p.i.AbstractProblemLoader Environment load took 121.1ns 
36384      INFO  main            d.u.i.k.p.i.AbstractProblemLoader Creating init config 
38934      DEBUG main            d.u.i.k.p.i.AbstractProblemLoader Init config took 2.55s 
38950      INFO  main            d.u.i.k.p.i.AbstractProblemLoader Replaying proof equalities3.key.proof 
38956      DEBUG main            d.u.i.k.p.i.IntermediateProofReplayer Proof replay took 4.04ms 
38958      DEBUG main            d.u.i.k.p.r.p.TestFile    ... success: reloaded. 
38959      INFO  main            d.u.i.k.p.r.p.TestFile    Now processing file /home/runner/work/key/key/key.core/../key.ui/examples/standard_key/pred_log/functions.key 
38959      INFO  main            d.u.i.k.p.i.AbstractProblemLoader Loading environment from /home/runner/work/key/key/key.core/../key.ui/examples/standard_key/pred_log/functions.key 
38959      DEBUG main            d.u.i.k.p.i.AbstractProblemLoader Environment load took 184.6ns 
38960      INFO  main            d.u.i.k.p.i.AbstractProblemLoader Creating init config 
41502      DEBUG main            d.u.i.k.p.i.AbstractProblemLoader Init config took 2.54s 
41518      INFO  main            d.u.i.k.p.i.AbstractProblemLoader Replaying proof functions.key 
41519      DEBUG main            d.u.i.k.p.i.IntermediateProofReplayer Proof replay took 6.8ns 
41622      INFO  main            d.u.i.k.p.r.p.TestFile    ... finished proof: closed. 
41780      INFO  main            d.u.i.k.p.i.AbstractProblemLoader Loading environment from /home/runner/work/key/key/key.core/../key.ui/examples/standard_key/pred_log/functions.key.proof 
41780      DEBUG main            d.u.i.k.p.i.AbstractProblemLoader Environment load took 122.3ns 
41781      INFO  main            d.u.i.k.p.i.AbstractProblemLoader Creating init config 
44303      DEBUG main            d.u.i.k.p.i.AbstractProblemLoader Init config took 2.52s 
44322      INFO  main            d.u.i.k.p.i.AbstractProblemLoader Replaying proof functions.key.proof 
44325      DEBUG main            d.u.i.k.p.i.IntermediateProofReplayer Proof replay took 1.75ms 
44326      DEBUG main            d.u.i.k.p.r.p.TestFile    ... success: reloaded. 
44327      INFO  main            d.u.i.k.p.r.p.TestFile    Now processing file /home/runner/work/key/key/key.core/../key.ui/examples/standard_key/pred_log/mv1.key 
44327      INFO  main            d.u.i.k.p.i.AbstractProblemLoader Loading environment from /home/runner/work/key/key/key.core/../key.ui/examples/standard_key/pred_log/mv1.key 
44328      DEBUG main            d.u.i.k.p.i.AbstractProblemLoader Environment load took 194.2ns 
44329      INFO  main            d.u.i.k.p.i.AbstractProblemLoader Creating init config 
46859      DEBUG main            d.u.i.k.p.i.AbstractProblemLoader Init config took 2.53s 
46875      INFO  main            d.u.i.k.p.i.AbstractProblemLoader Replaying proof mv1.key 
46876      DEBUG main            d.u.i.k.p.i.IntermediateProofReplayer Proof replay took 7.1ns 
46982      INFO  main            d.u.i.k.p.r.p.TestFile    ... finished proof: closed. 
47137      INFO  main            d.u.i.k.p.i.AbstractProblemLoader Loading environment from /home/runner/work/key/key/key.core/../key.ui/examples/standard_key/pred_log/mv1.key.proof 
47138      DEBUG main            d.u.i.k.p.i.AbstractProblemLoader Environment load took 146.5ns 
47139      INFO  main            d.u.i.k.p.i.AbstractProblemLoader Creating init config 
49611      DEBUG main            d.u.i.k.p.i.AbstractProblemLoader Init config took 2.47s 
49627      INFO  main            d.u.i.k.p.i.AbstractProblemLoader Replaying proof mv1.key.proof 
49629      DEBUG main            d.u.i.k.p.i.IntermediateProofReplayer Proof replay took 865.3ns 
49630      DEBUG main            d.u.i.k.p.r.p.TestFile    ... success: reloaded. 
49631      INFO  main            d.u.i.k.p.r.p.TestFile    Now processing file /home/runner/work/key/key/key.core/../key.ui/examples/standard_key/pred_log/mv2.key 
49631      INFO  main            d.u.i.k.p.i.AbstractProblemLoader Loading environment from /home/runner/work/key/key/key.core/../key.ui/examples/standard_key/pred_log/mv2.key 
49631      DEBUG main            d.u.i.k.p.i.AbstractProblemLoader Environment load took 123.9ns 
49632      INFO  main            d.u.i.k.p.i.AbstractProblemLoader Creating init config 
52159      DEBUG main            d.u.i.k.p.i.AbstractProblemLoader Init config took 2.53s 
52177      INFO  main            d.u.i.k.p.i.AbstractProblemLoader Replaying proof mv2.key 
52180      DEBUG main            d.u.i.k.p.i.IntermediateProofReplayer Proof replay took 7.8ns 
52282      INFO  main            d.u.i.k.p.r.p.TestFile    ... finished proof: closed. 
52515      INFO  main            d.u.i.k.p.i.AbstractProblemLoader Loading environment from /home/runner/work/key/key/key.core/../key.ui/examples/standard_key/pred_log/mv2.key.proof 
52515      DEBUG main            d.u.i.k.p.i.AbstractProblemLoader Environment load took 125.7ns 
52516      INFO  main            d.u.i.k.p.i.AbstractProblemLoader Creating init config 
54992      DEBUG main            d.u.i.k.p.i.AbstractProblemLoader Init config took 2.48s 
55006      INFO  main            d.u.i.k.p.i.AbstractProblemLoader Replaying proof mv2.key.proof 
55009      DEBUG main            d.u.i.k.p.i.IntermediateProofReplayer Proof replay took 1.35ms 
55010      DEBUG main            d.u.i.k.p.r.p.TestFile    ... success: reloaded. 
55010      INFO  main            d.u.i.k.p.r.p.TestFile    Now processing file /home/runner/work/key/key/key.core/../key.ui/examples/standard_key/pred_log/quantifiers.key 
55011      INFO  main            d.u.i.k.p.i.AbstractProblemLoader Loading environment from /home/runner/work/key/key/key.core/../key.ui/examples/standard_key/pred_log/quantifiers.key 
55011      DEBUG main            d.u.i.k.p.i.AbstractProblemLoader Environment load took 103.7ns 
55012      INFO  main            d.u.i.k.p.i.AbstractProblemLoader Creating init config 
57568      DEBUG main            d.u.i.k.p.i.AbstractProblemLoader Init config took 2.56s 
57582      INFO  main            d.u.i.k.p.i.AbstractProblemLoader Replaying proof quantifiers.key 
57585      DEBUG main            d.u.i.k.p.i.IntermediateProofReplayer Proof replay took 7.7ns 
57687      INFO  main            d.u.i.k.p.r.p.TestFile    ... finished proof: closed. 
57878      INFO  main            d.u.i.k.p.i.AbstractProblemLoader Loading environment from /home/runner/work/key/key/key.core/../key.ui/examples/standard_key/pred_log/quantifiers.key.proof 
57878      DEBUG main            d.u.i.k.p.i.AbstractProblemLoader Environment load took 136.1ns 
57879      INFO  main            d.u.i.k.p.i.AbstractProblemLoader Creating init config 
60375      DEBUG main            d.u.i.k.p.i.AbstractProblemLoader Init config took 2.5s 
60391      INFO  main            d.u.i.k.p.i.AbstractProblemLoader Replaying proof quantifiers.key.proof 
60395      DEBUG main            d.u.i.k.p.i.IntermediateProofReplayer Proof replay took 1.67ms 
60396      DEBUG main            d.u.i.k.p.r.p.TestFile    ... success: reloaded. 
60396      INFO  main            d.u.i.k.p.r.p.TestFile    Now processing file /home/runner/work/key/key/key.core/../key.ui/examples/standard_key/pred_log/simpleEps.key 
60396      INFO  main            d.u.i.k.p.i.AbstractProblemLoader Loading environment from /home/runner/work/key/key/key.core/../key.ui/examples/standard_key/pred_log/simpleEps.key 
60396      DEBUG main            d.u.i.k.p.i.AbstractProblemLoader Environment load took 69.9ns 
60397      INFO  main            d.u.i.k.p.i.AbstractProblemLoader Creating init config 
62880      DEBUG main            d.u.i.k.p.i.AbstractProblemLoader Init config took 2.48s 
62894      INFO  main            d.u.i.k.p.i.AbstractProblemLoader Replaying proof simpleEps.key 
62895      DEBUG main            d.u.i.k.p.i.IntermediateProofReplayer Proof replay took 6.8ns 
62998      INFO  main            d.u.i.k.p.r.p.TestFile    ... finished proof: closed. 
63172      INFO  main            d.u.i.k.p.i.AbstractProblemLoader Loading environment from /home/runner/work/key/key/key.core/../key.ui/examples/standard_key/pred_log/simpleEps.key.proof 
63172      DEBUG main            d.u.i.k.p.i.AbstractProblemLoader Environment load took 121.4ns 
63173      INFO  main            d.u.i.k.p.i.AbstractProblemLoader Creating init config 
65673      DEBUG main            d.u.i.k.p.i.AbstractProblemLoader Init config took 2.5s 
65687      INFO  main            d.u.i.k.p.i.AbstractProblemLoader Replaying proof simpleEps.key.proof 
65690      DEBUG main            d.u.i.k.p.i.IntermediateProofReplayer Proof replay took 994.01ns 
65690      DEBUG main            d.u.i.k.p.r.p.TestFile    ... success: reloaded. 
65691      INFO  main            d.u.i.k.p.r.p.TestFile    Now processing file /home/runner/work/key/key/key.core/../key.ui/examples/standard_key/pred_log/steam1.key 
65692      INFO  main            d.u.i.k.p.i.AbstractProblemLoader Loading environment from /home/runner/work/key/key/key.core/../key.ui/examples/standard_key/pred_log/steam1.key 
65692      DEBUG main            d.u.i.k.p.i.AbstractProblemLoader Environment load took 176.1ns 
65694      INFO  main            d.u.i.k.p.i.AbstractProblemLoader Creating init config 
68167      DEBUG main            d.u.i.k.p.i.AbstractProblemLoader Init config took 2.47s 
68186      INFO  main            d.u.i.k.p.i.AbstractProblemLoader Replaying proof steam1.key 
68187      DEBUG main            d.u.i.k.p.i.IntermediateProofReplayer Proof replay took 6.5ns 
68494      INFO  main            d.u.i.k.p.r.p.TestFile    ... finished proof: closed. 
68696      INFO  main            d.u.i.k.p.i.AbstractProblemLoader Loading environment from /home/runner/work/key/key/key.core/../key.ui/examples/standard_key/pred_log/steam1.key.proof 
68696      DEBUG main            d.u.i.k.p.i.AbstractProblemLoader Environment load took 128.7ns 
68698      INFO  main            d.u.i.k.p.i.AbstractProblemLoader Creating init config 
71210      DEBUG main            d.u.i.k.p.i.AbstractProblemLoader Init config took 2.51s 
71230      INFO  main            d.u.i.k.p.i.AbstractProblemLoader Replaying proof steam1.key.proof 
71249      DEBUG main            d.u.i.k.p.i.IntermediateProofReplayer Proof replay took 15.6ms 
71251      DEBUG main            d.u.i.k.p.r.p.TestFile    ... success: reloaded. 
71252      INFO  main            d.u.i.k.p.r.p.TestFile    Now processing file /home/runner/work/key/key/key.core/../key.ui/examples/standard_key/pred_log/tptp/PUZ/PUZ001p1.key 
71252      INFO  main            d.u.i.k.p.i.AbstractProblemLoader Loading environment from /home/runner/work/key/key/key.core/../key.ui/examples/standard_key/pred_log/tptp/PUZ/PUZ001p1.key 
71252      DEBUG main            d.u.i.k.p.i.AbstractProblemLoader Environment load took 202.6ns 
71254      INFO  main            d.u.i.k.p.i.AbstractProblemLoader Creating init config 
73713      DEBUG main            d.u.i.k.p.i.AbstractProblemLoader Init config took 2.46s 
73736      INFO  main            d.u.i.k.p.i.AbstractProblemLoader Replaying proof PUZ001p1.key 
73737      DEBUG main            d.u.i.k.p.i.IntermediateProofReplayer Proof replay took 5.9ns 
76657      INFO  main            d.u.i.k.p.r.p.TestFile    ... finished proof: closed. 
76870      INFO  main            d.u.i.k.p.i.AbstractProblemLoader Loading environment from /home/runner/work/key/key/key.core/../key.ui/examples/standard_key/pred_log/tptp/PUZ/PUZ001p1.key.proof 
76870      DEBUG main            d.u.i.k.p.i.AbstractProblemLoader Environment load took 472.5ns 
76878      INFO  main            d.u.i.k.p.i.AbstractProblemLoader Creating init config 
79355      DEBUG main            d.u.i.k.p.i.AbstractProblemLoader Init config took 2.48s 
79371      INFO  main            d.u.i.k.p.i.AbstractProblemLoader Replaying proof PUZ001p1.key.proof 
79491      DEBUG main            d.u.i.k.p.i.IntermediateProofReplayer Proof replay took 110.29ms 
79493      DEBUG main            d.u.i.k.p.r.p.TestFile    ... success: reloaded. 
79493      INFO  main            d.u.i.k.p.r.p.TestFile    Now processing file /home/runner/work/key/key/key.core/../key.ui/examples/standard_key/pred_log/tptp/PUZ/PUZ001p1-eq.key 
79494      INFO  main            d.u.i.k.p.i.AbstractProblemLoader Loading environment from /home/runner/work/key/key/key.core/../key.ui/examples/standard_key/pred_log/tptp/PUZ/PUZ001p1-eq.key 
79494      DEBUG main            d.u.i.k.p.i.AbstractProblemLoader Environment load took 181.2ns 
79495      INFO  main            d.u.i.k.p.i.AbstractProblemLoader Creating init config 
82005      DEBUG main            d.u.i.k.p.i.AbstractProblemLoader Init config took 2.51s 
82020      INFO  main            d.u.i.k.p.i.AbstractProblemLoader Replaying proof PUZ001p1-eq.key 
82021      DEBUG main            d.u.i.k.p.i.IntermediateProofReplayer Proof replay took 7.4ns 
82124      INFO  main            d.u.i.k.p.r.p.TestFile    ... finished proof: closed. 
82350      INFO  main            d.u.i.k.p.i.AbstractProblemLoader Loading environment from /home/runner/work/key/key/key.core/../key.ui/examples/standard_key/pred_log/tptp/PUZ/PUZ001p1-eq.key.proof 
82351      DEBUG main            d.u.i.k.p.i.AbstractProblemLoader Environment load took 121.9ns 
82352      INFO  main            d.u.i.k.p.i.AbstractProblemLoader Creating init config 
84819      DEBUG main            d.u.i.k.p.i.AbstractProblemLoader Init config took 2.47s 
84834      INFO  main            d.u.i.k.p.i.AbstractProblemLoader Replaying proof PUZ001p1-eq.key.proof 
84845      DEBUG main            d.u.i.k.p.i.IntermediateProofReplayer Proof replay took 8.56ms 
84846      DEBUG main            d.u.i.k.p.r.p.TestFile    ... success: reloaded. 
84846      INFO  main            d.u.i.k.p.r.p.TestFile    Now processing file /home/runner/work/key/key/key.core/../key.ui/examples/standard_key/pred_log/tptp/PUZ/PUZ031p1.key 
84847      INFO  main            d.u.i.k.p.i.AbstractProblemLoader Loading environment from /home/runner/work/key/key/key.core/../key.ui/examples/standard_key/pred_log/tptp/PUZ/PUZ031p1.key 
84847      DEBUG main            d.u.i.k.p.i.AbstractProblemLoader Environment load took 94.7ns 
84848      INFO  main            d.u.i.k.p.i.AbstractProblemLoader Creating init config 
87327      DEBUG main            d.u.i.k.p.i.AbstractProblemLoader Init config took 2.48s 
87342      INFO  main            d.u.i.k.p.i.AbstractProblemLoader Replaying proof PUZ031p1.key 
87344      DEBUG main            d.u.i.k.p.i.IntermediateProofReplayer Proof replay took 7.6ns 
95603      INFO  main            d.u.i.k.p.r.p.TestFile    ... finished proof: closed. 
95811      INFO  main            d.u.i.k.p.i.AbstractProblemLoader Loading environment from /home/runner/work/key/key/key.core/../key.ui/examples/standard_key/pred_log/tptp/PUZ/PUZ031p1.key.proof 
95813      DEBUG main            d.u.i.k.p.i.AbstractProblemLoader Environment load took 2.25ms 
95815      INFO  main            d.u.i.k.p.i.AbstractProblemLoader Creating init config 
98272      DEBUG main            d.u.i.k.p.i.AbstractProblemLoader Init config took 2.46s 
98287      INFO  main            d.u.i.k.p.i.AbstractProblemLoader Replaying proof PUZ031p1.key.proof 
98328      DEBUG main            d.u.i.k.p.i.IntermediateProofReplayer Proof replay took 36.42ms 
98330      DEBUG main            d.u.i.k.p.r.p.TestFile    ... success: reloaded. 
98330      INFO  main            d.u.i.k.p.r.p.TestFile    Now processing file /home/runner/work/key/key/key.core/../key.ui/examples/standard_key/pred_log/tptp/SET/SET027p3.key 
98331      INFO  main            d.u.i.k.p.i.AbstractProblemLoader Loading environment from /home/runner/work/key/key/key.core/../key.ui/examples/standard_key/pred_log/tptp/SET/SET027p3.key 
98331      DEBUG main            d.u.i.k.p.i.AbstractProblemLoader Environment load took 97.3ns 
98332      INFO  main            d.u.i.k.p.i.AbstractProblemLoader Creating init config 
100816     DEBUG main            d.u.i.k.p.i.AbstractProblemLoader Init config took 2.48s 
100829     INFO  main            d.u.i.k.p.i.AbstractProblemLoader Replaying proof SET027p3.key 
100830     DEBUG main            d.u.i.k.p.i.IntermediateProofReplayer Proof replay took 6.9ns 
100933     INFO  main            d.u.i.k.p.r.p.TestFile    ... finished proof: closed. 
101154     INFO  main            d.u.i.k.p.i.AbstractProblemLoader Loading environment from /home/runner/work/key/key/key.core/../key.ui/examples/standard_key/pred_log/tptp/SET/SET027p3.key.proof 
101154     DEBUG main            d.u.i.k.p.i.AbstractProblemLoader Environment load took 120ns 
101155     INFO  main            d.u.i.k.p.i.AbstractProblemLoader Creating init config 
103577     DEBUG main            d.u.i.k.p.i.AbstractProblemLoader Init config took 2.42s 
103600     INFO  main            d.u.i.k.p.i.AbstractProblemLoader Replaying proof SET027p3.key.proof 
103605     DEBUG main            d.u.i.k.p.i.IntermediateProofReplayer Proof replay took 2.83ms 
103606     DEBUG main            d.u.i.k.p.r.p.TestFile    ... success: reloaded. 
103606     INFO  main            d.u.i.k.p.r.p.TestFile    Now processing file /home/runner/work/key/key/key.core/../key.ui/examples/standard_key/pred_log/tptp/SET/SET043p1.key 
103607     INFO  main            d.u.i.k.p.i.AbstractProblemLoader Loading environment from /home/runner/work/key/key/key.core/../key.ui/examples/standard_key/pred_log/tptp/SET/SET043p1.key 
103607     DEBUG main            d.u.i.k.p.i.AbstractProblemLoader Environment load took 177.4ns 
103608     INFO  main            d.u.i.k.p.i.AbstractProblemLoader Creating init config 
106083     DEBUG main            d.u.i.k.p.i.AbstractProblemLoader Init config took 2.48s 
106097     INFO  main            d.u.i.k.p.i.AbstractProblemLoader Replaying proof SET043p1.key 
106098     DEBUG main            d.u.i.k.p.i.IntermediateProofReplayer Proof replay took 8.5ns 
106200     INFO  main            d.u.i.k.p.r.p.TestFile    ... finished proof: closed. 
106418     INFO  main            d.u.i.k.p.i.AbstractProblemLoader Loading environment from /home/runner/work/key/key/key.core/../key.ui/examples/standard_key/pred_log/tptp/SET/SET043p1.key.proof 
106419     DEBUG main            d.u.i.k.p.i.AbstractProblemLoader Environment load took 210.4ns 
106420     INFO  main            d.u.i.k.p.i.AbstractProblemLoader Creating init config 
108852     DEBUG main            d.u.i.k.p.i.AbstractProblemLoader Init config took 2.43s 
108866     INFO  main            d.u.i.k.p.i.AbstractProblemLoader Replaying proof SET043p1.key.proof 
108869     DEBUG main            d.u.i.k.p.i.IntermediateProofReplayer Proof replay took 1.1ms 
108870     DEBUG main            d.u.i.k.p.r.p.TestFile    ... success: reloaded. 
108870     INFO  main            d.u.i.k.p.r.p.TestFile    Now processing file /home/runner/work/key/key/key.core/../key.ui/examples/standard_key/pred_log/tptp/SET/SET045p1.key 
108871     INFO  main            d.u.i.k.p.i.AbstractProblemLoader Loading environment from /home/runner/work/key/key/key.core/../key.ui/examples/standard_key/pred_log/tptp/SET/SET045p1.key 
108871     DEBUG main            d.u.i.k.p.i.AbstractProblemLoader Environment load took 170.4ns 
108872     INFO  main            d.u.i.k.p.i.AbstractProblemLoader Creating init config 
111359     DEBUG main            d.u.i.k.p.i.AbstractProblemLoader Init config took 2.49s 
111373     INFO  main            d.u.i.k.p.i.AbstractProblemLoader Replaying proof SET045p1.key 
111374     DEBUG main            d.u.i.k.p.i.IntermediateProofReplayer Proof replay took 8.4ns 
111476     INFO  main            d.u.i.k.p.r.p.TestFile    ... finished proof: closed. 
111689     INFO  main            d.u.i.k.p.i.AbstractProblemLoader Loading environment from /home/runner/work/key/key/key.core/../key.ui/examples/standard_key/pred_log/tptp/SET/SET045p1.key.proof 
111689     DEBUG main            d.u.i.k.p.i.AbstractProblemLoader Environment load took 109.8ns 
111690     INFO  main            d.u.i.k.p.i.AbstractProblemLoader Creating init config 
114139     DEBUG main            d.u.i.k.p.i.AbstractProblemLoader Init config took 2.45s 
114163     INFO  main            d.u.i.k.p.i.AbstractProblemLoader Replaying proof SET045p1.key.proof 
114167     DEBUG main            d.u.i.k.p.i.IntermediateProofReplayer Proof replay took 2.2ms 
114168     DEBUG main            d.u.i.k.p.r.p.TestFile    ... success: reloaded. 
114169     INFO  main            d.u.i.k.p.r.p.TestFile    Now processing file /home/runner/work/key/key/key.core/../key.ui/examples/standard_key/pred_log/tptp/SET/SET062p3.key 
114169     INFO  main            d.u.i.k.p.i.AbstractProblemLoader Loading environment from /home/runner/work/key/key/key.core/../key.ui/examples/standard_key/pred_log/tptp/SET/SET062p3.key 
114169     DEBUG main            d.u.i.k.p.i.AbstractProblemLoader Environment load took 76.7ns 
114170     INFO  main            d.u.i.k.p.i.AbstractProblemLoader Creating init config 
116665     DEBUG main            d.u.i.k.p.i.AbstractProblemLoader Init config took 2.5s 
116680     INFO  main            d.u.i.k.p.i.AbstractProblemLoader Replaying proof SET062p3.key 
116681     DEBUG main            d.u.i.k.p.i.IntermediateProofReplayer Proof replay took 8.1ns 
116786     INFO  main            d.u.i.k.p.r.p.TestFile    ... finished proof: closed. 
117003     INFO  main            d.u.i.k.p.i.AbstractProblemLoader Loading environment from /home/runner/work/key/key/key.core/../key.ui/examples/standard_key/pred_log/tptp/SET/SET062p3.key.proof 
117004     DEBUG main            d.u.i.k.p.i.AbstractProblemLoader Environment load took 121.5ns 
117005     INFO  main            d.u.i.k.p.i.AbstractProblemLoader Creating init config 
119411     DEBUG main            d.u.i.k.p.i.AbstractProblemLoader Init config took 2.41s 
119425     INFO  main            d.u.i.k.p.i.AbstractProblemLoader Replaying proof SET062p3.key.proof 
119434     DEBUG main            d.u.i.k.p.i.IntermediateProofReplayer Proof replay took 5.38ms 
119435     DEBUG main            d.u.i.k.p.r.p.TestFile    ... success: reloaded. 
119436     INFO  main            d.u.i.k.p.r.p.TestFile    Now processing file /home/runner/work/key/key/key.core/../key.ui/examples/standard_key/pred_log/tptp/SET/SET063p3.key 
119437     INFO  main            d.u.i.k.p.i.AbstractProblemLoader Loading environment from /home/runner/work/key/key/key.core/../key.ui/examples/standard_key/pred_log/tptp/SET/SET063p3.key 
119437     DEBUG main            d.u.i.k.p.i.AbstractProblemLoader Environment load took 188.5ns 
119438     INFO  main            d.u.i.k.p.i.AbstractProblemLoader Creating init config 
121947     DEBUG main            d.u.i.k.p.i.AbstractProblemLoader Init config took 2.51s 
121961     INFO  main            d.u.i.k.p.i.AbstractProblemLoader Replaying proof SET063p3.key 
121962     DEBUG main            d.u.i.k.p.i.IntermediateProofReplayer Proof replay took 8ns 
122065     INFO  main            d.u.i.k.p.r.p.TestFile    ... finished proof: closed. 
122292     INFO  main            d.u.i.k.p.i.AbstractProblemLoader Loading environment from /home/runner/work/key/key/key.core/../key.ui/examples/standard_key/pred_log/tptp/SET/SET063p3.key.proof 
122292     DEBUG main            d.u.i.k.p.i.AbstractProblemLoader Environment load took 112.4ns 
122293     INFO  main            d.u.i.k.p.i.AbstractProblemLoader Creating init config 
124710     DEBUG main            d.u.i.k.p.i.AbstractProblemLoader Init config took 2.42s 
124724     INFO  main            d.u.i.k.p.i.AbstractProblemLoader Replaying proof SET063p3.key.proof 
124728     DEBUG main            d.u.i.k.p.i.IntermediateProofReplayer Proof replay took 2.39ms 
124729     DEBUG main            d.u.i.k.p.r.p.TestFile    ... success: reloaded. 
124729     INFO  main            d.u.i.k.p.r.p.TestFile    Now processing file /home/runner/work/key/key/key.core/../key.ui/examples/standard_key/pred_log/tptp/SYN/SYN036p2.key 
124729     INFO  main            d.u.i.k.p.i.AbstractProblemLoader Loading environment from /home/runner/work/key/key/key.core/../key.ui/examples/standard_key/pred_log/tptp/SYN/SYN036p2.key 
124730     DEBUG main            d.u.i.k.p.i.AbstractProblemLoader Environment load took 87.5ns 
124730     INFO  main            d.u.i.k.p.i.AbstractProblemLoader Creating init config 
127220     DEBUG main            d.u.i.k.p.i.AbstractProblemLoader Init config took 2.49s 
127233     INFO  main            d.u.i.k.p.i.AbstractProblemLoader Replaying proof SYN036p2.key 
127234     DEBUG main            d.u.i.k.p.i.IntermediateProofReplayer Proof replay took 7.3ns 
127541     INFO  main            d.u.i.k.p.r.p.TestFile    ... finished proof: closed. 
127803     INFO  main            d.u.i.k.p.i.AbstractProblemLoader Loading environment from /home/runner/work/key/key/key.core/../key.ui/examples/standard_key/pred_log/tptp/SYN/SYN036p2.key.proof 
127803     DEBUG main            d.u.i.k.p.i.AbstractProblemLoader Environment load took 340.4ns 
127804     INFO  main            d.u.i.k.p.i.AbstractProblemLoader Creating init config 
130218     DEBUG main            d.u.i.k.p.i.AbstractProblemLoader Init config took 2.41s 
130231     INFO  main            d.u.i.k.p.i.AbstractProblemLoader Replaying proof SYN036p2.key.proof 
130286     DEBUG main            d.u.i.k.p.i.IntermediateProofReplayer Proof replay took 46.28ms 
130287     DEBUG main            d.u.i.k.p.r.p.TestFile    ... success: reloaded. 
130287     INFO  main            d.u.i.k.p.r.p.TestFile    Now processing file /home/runner/work/key/key/key.core/../key.ui/examples/standard_key/pred_log/tptp/SYN/SYN550p1.key 
130288     INFO  main            d.u.i.k.p.i.AbstractProblemLoader Loading environment from /home/runner/work/key/key/key.core/../key.ui/examples/standard_key/pred_log/tptp/SYN/SYN550p1.key 
130288     DEBUG main            d.u.i.k.p.i.AbstractProblemLoader Environment load took 73ns 
130289     INFO  main            d.u.i.k.p.i.AbstractProblemLoader Creating init config 
132747     DEBUG main            d.u.i.k.p.i.AbstractProblemLoader Init config took 2.46s 
132761     INFO  main            d.u.i.k.p.i.AbstractProblemLoader Replaying proof SYN550p1.key 
132762     DEBUG main            d.u.i.k.p.i.IntermediateProofReplayer Proof replay took 7.7ns 
135497     INFO  main            d.u.i.k.p.r.p.TestFile    ... finished proof: closed. 
135753     INFO  main            d.u.i.k.p.i.AbstractProblemLoader Loading environment from /home/runner/work/key/key/key.core/../key.ui/examples/standard_key/pred_log/tptp/SYN/SYN550p1.key.proof 
135753     DEBUG main            d.u.i.k.p.i.AbstractProblemLoader Environment load took 344ns 
135755     INFO  main            d.u.i.k.p.i.AbstractProblemLoader Creating init config 
138154     DEBUG main            d.u.i.k.p.i.AbstractProblemLoader Init config took 2.4s 
138167     INFO  main            d.u.i.k.p.i.AbstractProblemLoader Replaying proof SYN550p1.key.proof 
138244     DEBUG main            d.u.i.k.p.i.IntermediateProofReplayer Proof replay took 70.52ms 
138246     DEBUG main            d.u.i.k.p.r.p.TestFile    ... success: reloaded. 
138246     INFO  main            d.u.i.k.p.r.p.TestFile    Now processing file /home/runner/work/key/key/key.core/../key.ui/examples/standard_key/prop_log/reallySimple.key 
138247     INFO  main            d.u.i.k.p.i.AbstractProblemLoader Loading environment from /home/runner/work/key/key/key.core/../key.ui/examples/standard_key/prop_log/reallySimple.key 
138247     DEBUG main            d.u.i.k.p.i.AbstractProblemLoader Environment load took 164.3ns 
138248     INFO  main            d.u.i.k.p.i.AbstractProblemLoader Creating init config 
140706     DEBUG main            d.u.i.k.p.i.AbstractProblemLoader Init config took 2.46s 
140719     INFO  main            d.u.i.k.p.i.AbstractProblemLoader Replaying proof reallySimple.key 
140720     DEBUG main            d.u.i.k.p.i.IntermediateProofReplayer Proof replay took 6.7ns 
140821     INFO  main            d.u.i.k.p.r.p.TestFile    ... finished proof: open goal(s) 
141084     INFO  main            d.u.i.k.p.r.p.TestFile    Now processing file /home/runner/work/key/key/key.core/../key.ui/examples/standard_key/pred_log/sameName1.key 
141084     INFO  main            d.u.i.k.p.i.AbstractProblemLoader Loading environment from /home/runner/work/key/key/key.core/../key.ui/examples/standard_key/pred_log/sameName1.key 
141084     DEBUG main            d.u.i.k.p.i.AbstractProblemLoader Environment load took 56.6ns 
141085     INFO  main            d.u.i.k.p.i.AbstractProblemLoader Creating init config 
143488     DEBUG main            d.u.i.k.p.i.AbstractProblemLoader Init config took 2.4s 
143501     INFO  main            d.u.i.k.p.i.AbstractProblemLoader Replaying proof sameName1.key 
143505     DEBUG main            d.u.i.k.p.i.IntermediateProofReplayer Proof replay took 6.9ns 
143607     INFO  main            d.u.i.k.p.r.p.TestFile    ... finished proof: open goal(s) 
143838     INFO  main            d.u.i.k.p.r.p.TestFile    Now processing file /home/runner/work/key/key/key.core/../key.ui/examples/standard_key/pred_log/jbyteIfEx.key 
143838     INFO  main            d.u.i.k.p.i.AbstractProblemLoader Loading environment from /home/runner/work/key/key/key.core/../key.ui/examples/standard_key/pred_log/jbyteIfEx.key 
143838     DEBUG main            d.u.i.k.p.i.AbstractProblemLoader Environment load took 55.2ns 
143839     INFO  main            d.u.i.k.p.i.AbstractProblemLoader Creating init config 
146231     DEBUG main            d.u.i.k.p.i.AbstractProblemLoader Init config took 2.39s 
146244     INFO  main            d.u.i.k.p.i.AbstractProblemLoader Replaying proof jbyteIfEx.key 
146246     DEBUG main            d.u.i.k.p.i.IntermediateProofReplayer Proof replay took 7ns 
146348     INFO  main            d.u.i.k.p.r.p.TestFile    ... finished proof: closed. 
146584     INFO  main            d.u.i.k.p.i.AbstractProblemLoader Loading environment from /home/runner/work/key/key/key.core/../key.ui/examples/standard_key/pred_log/jbyteIfEx.key.proof 
146584     DEBUG main            d.u.i.k.p.i.AbstractProblemLoader Environment load took 107.5ns 
146585     INFO  main            d.u.i.k.p.i.AbstractProblemLoader Creating init config 
148968     DEBUG main            d.u.i.k.p.i.AbstractProblemLoader Init config took 2.38s 
148991     INFO  main            d.u.i.k.p.i.AbstractProblemLoader Replaying proof jbyteIfEx.key.proof 
148995     DEBUG main            d.u.i.k.p.i.IntermediateProofReplayer Proof replay took 2.89ms 
148996     DEBUG main            d.u.i.k.p.r.p.TestFile    ... success: reloaded. 
148997     INFO  main            d.u.i.k.p.r.p.TestFile    Now processing file /home/runner/work/key/key/key.core/../key.ui/examples/standard_key/prop_log/allClausesLength4.key 
148997     INFO  main            d.u.i.k.p.i.AbstractProblemLoader Loading environment from /home/runner/work/key/key/key.core/../key.ui/examples/standard_key/prop_log/allClausesLength4.key 
148997     DEBUG main            d.u.i.k.p.i.AbstractProblemLoader Environment load took 82.2ns 
148998     INFO  main            d.u.i.k.p.i.AbstractProblemLoader Creating init config 
151485     DEBUG main            d.u.i.k.p.i.AbstractProblemLoader Init config took 2.49s 
151498     INFO  main            d.u.i.k.p.i.AbstractProblemLoader Replaying proof allClausesLength4.key 
151499     DEBUG main            d.u.i.k.p.i.IntermediateProofReplayer Proof replay took 6ns 
151602     INFO  main            d.u.i.k.p.r.p.TestFile    ... finished proof: closed. 
151861     INFO  main            d.u.i.k.p.i.AbstractProblemLoader Loading environment from /home/runner/work/key/key/key.core/../key.ui/examples/standard_key/prop_log/allClausesLength4.key.proof 
151861     DEBUG main            d.u.i.k.p.i.AbstractProblemLoader Environment load took 111.8ns 
151863     INFO  main            d.u.i.k.p.i.AbstractProblemLoader Creating init config 
154258     DEBUG main            d.u.i.k.p.i.AbstractProblemLoader Init config took 2.4s 
154272     INFO  main            d.u.i.k.p.i.AbstractProblemLoader Replaying proof allClausesLength4.key.proof 
154284     DEBUG main            d.u.i.k.p.i.IntermediateProofReplayer Proof replay took 8.98ms 
154284     DEBUG main            d.u.i.k.p.r.p.TestFile    ... success: reloaded. 
154285     INFO  main            d.u.i.k.p.r.p.TestFile    Now processing file /home/runner/work/key/key/key.core/../key.ui/examples/standard_key/prop_log/allClausesLength5.key 
154285     INFO  main            d.u.i.k.p.i.AbstractProblemLoader Loading environment from /home/runner/work/key/key/key.core/../key.ui/examples/standard_key/prop_log/allClausesLength5.key 
154285     DEBUG main            d.u.i.k.p.i.AbstractProblemLoader Environment load took 74.6ns 
154287     INFO  main            d.u.i.k.p.i.AbstractProblemLoader Creating init config 
156748     DEBUG main            d.u.i.k.p.i.AbstractProblemLoader Init config took 2.46s 
156762     INFO  main            d.u.i.k.p.i.AbstractProblemLoader Replaying proof allClausesLength5.key 
156763     DEBUG main            d.u.i.k.p.i.IntermediateProofReplayer Proof replay took 5.6ns 
156967     INFO  main            d.u.i.k.p.r.p.TestFile    ... finished proof: closed. 
157236     INFO  main            d.u.i.k.p.i.AbstractProblemLoader Loading environment from /home/runner/work/key/key/key.core/../key.ui/examples/standard_key/prop_log/allClausesLength5.key.proof 
157236     DEBUG main            d.u.i.k.p.i.AbstractProblemLoader Environment load took 346.1ns 
157238     INFO  main            d.u.i.k.p.i.AbstractProblemLoader Creating init config 
159647     DEBUG main            d.u.i.k.p.i.AbstractProblemLoader Init config took 2.41s 
159661     INFO  main            d.u.i.k.p.i.AbstractProblemLoader Replaying proof allClausesLength5.key.proof 
159690     DEBUG main            d.u.i.k.p.i.IntermediateProofReplayer Proof replay took 24.02ms 
159691     DEBUG main            d.u.i.k.p.r.p.TestFile    ... success: reloaded. 
159692     INFO  main            d.u.i.k.p.r.p.TestFile    Now processing file /home/runner/work/key/key/key.core/../key.ui/examples/standard_key/prop_log/doubleNeg.key 
159692     INFO  main            d.u.i.k.p.i.AbstractProblemLoader Loading environment from /home/runner/work/key/key/key.core/../key.ui/examples/standard_key/prop_log/doubleNeg.key 
159692     DEBUG main            d.u.i.k.p.i.AbstractProblemLoader Environment load took 81ns 
159693     INFO  main            d.u.i.k.p.i.AbstractProblemLoader Creating init config 
162192     DEBUG main            d.u.i.k.p.i.AbstractProblemLoader Init config took 2.5s 
162205     INFO  main            d.u.i.k.p.i.AbstractProblemLoader Replaying proof doubleNeg.key 
162206     DEBUG main            d.u.i.k.p.i.IntermediateProofReplayer Proof replay took 6.5ns 
162309     INFO  main            d.u.i.k.p.r.p.TestFile    ... finished proof: closed. 
162573     INFO  main            d.u.i.k.p.i.AbstractProblemLoader Loading environment from /home/runner/work/key/key/key.core/../key.ui/examples/standard_key/prop_log/doubleNeg.key.proof 
162573     DEBUG main            d.u.i.k.p.i.AbstractProblemLoader Environment load took 96.6ns 
162574     INFO  main            d.u.i.k.p.i.AbstractProblemLoader Creating init config 
164968     DEBUG main            d.u.i.k.p.i.AbstractProblemLoader Init config took 2.39s 
164981     INFO  main            d.u.i.k.p.i.AbstractProblemLoader Replaying proof doubleNeg.key.proof 
164983     DEBUG main            d.u.i.k.p.i.IntermediateProofReplayer Proof replay took 368.5ns 
164984     DEBUG main            d.u.i.k.p.r.p.TestFile    ... success: reloaded. 
164984     INFO  main            d.u.i.k.p.r.p.TestFile    Now processing file /home/runner/work/key/key/key.core/../key.ui/examples/standard_key/prop_log/liarsville.key 
164985     INFO  main            d.u.i.k.p.i.AbstractProblemLoader Loading environment from /home/runner/work/key/key/key.core/../key.ui/examples/standard_key/prop_log/liarsville.key 
164985     DEBUG main            d.u.i.k.p.i.AbstractProblemLoader Environment load took 81.7ns 
164986     INFO  main            d.u.i.k.p.i.AbstractProblemLoader Creating init config 
167443     DEBUG main            d.u.i.k.p.i.AbstractProblemLoader Init config took 2.46s 
167456     INFO  main            d.u.i.k.p.i.AbstractProblemLoader Replaying proof liarsville.key 
167460     DEBUG main            d.u.i.k.p.i.IntermediateProofReplayer Proof replay took 6.2ns 
167563     INFO  main            d.u.i.k.p.r.p.TestFile    ... finished proof: closed. 
167826     INFO  main            d.u.i.k.p.i.AbstractProblemLoader Loading environment from /home/runner/work/key/key/key.core/../key.ui/examples/standard_key/prop_log/liarsville.key.proof 
167826     DEBUG main            d.u.i.k.p.i.AbstractProblemLoader Environment load took 96.8ns 
167827     INFO  main            d.u.i.k.p.i.AbstractProblemLoader Creating init config 
170222     DEBUG main            d.u.i.k.p.i.AbstractProblemLoader Init config took 2.39s 
170235     INFO  main            d.u.i.k.p.i.AbstractProblemLoader Replaying proof liarsville.key.proof 
170237     DEBUG main            d.u.i.k.p.i.IntermediateProofReplayer Proof replay took 938.4ns 
170238     DEBUG main            d.u.i.k.p.r.p.TestFile    ... success: reloaded. 
170238     INFO  main            d.u.i.k.p.r.p.TestFile    Now processing file /home/runner/work/key/key/key.core/../key.ui/examples/standard_key/prop_log/simplest.key 
170239     INFO  main            d.u.i.k.p.i.AbstractProblemLoader Loading environment from /home/runner/work/key/key/key.core/../key.ui/examples/standard_key/prop_log/simplest.key 
170239     DEBUG main            d.u.i.k.p.i.AbstractProblemLoader Environment load took 128ns 
170239     INFO  main            d.u.i.k.p.i.AbstractProblemLoader Creating init config 
172715     DEBUG main            d.u.i.k.p.i.AbstractProblemLoader Init config took 2.48s 
172728     INFO  main            d.u.i.k.p.i.AbstractProblemLoader Replaying proof simplest.key 
172729     DEBUG main            d.u.i.k.p.i.IntermediateProofReplayer Proof replay took 6.8ns 
172830     INFO  main            d.u.i.k.p.r.p.TestFile    ... finished proof: closed. 
173101     INFO  main            d.u.i.k.p.i.AbstractProblemLoader Loading environment from /home/runner/work/key/key/key.core/../key.ui/examples/standard_key/prop_log/simplest.key.proof 
173101     DEBUG main            d.u.i.k.p.i.AbstractProblemLoader Environment load took 94.1ns 
173102     INFO  main            d.u.i.k.p.i.AbstractProblemLoader Creating init config 
175491     DEBUG main            d.u.i.k.p.i.AbstractProblemLoader Init config took 2.39s 
175504     INFO  main            d.u.i.k.p.i.AbstractProblemLoader Replaying proof simplest.key.proof 
175505     DEBUG main            d.u.i.k.p.i.IntermediateProofReplayer Proof replay took 83.8ns 
175506     DEBUG main            d.u.i.k.p.r.p.TestFile    ... success: reloaded. 
175506     INFO  main            d.u.i.k.p.r.p.TestFile    Now processing file /home/runner/work/key/key/key.core/../key.ui/examples/standard_key/prop_log/contraposition.key 
175507     INFO  main            d.u.i.k.p.i.AbstractProblemLoader Loading environment from /home/runner/work/key/key/key.core/../key.ui/examples/standard_key/prop_log/contraposition.key 
175507     DEBUG main            d.u.i.k.p.i.AbstractProblemLoader Environment load took 80.2ns 
175507     INFO  main            d.u.i.k.p.i.AbstractProblemLoader Creating init config 
177932     DEBUG main            d.u.i.k.p.i.AbstractProblemLoader Init config took 2.42s 
177945     INFO  main            d.u.i.k.p.i.AbstractProblemLoader Replaying proof contraposition.key 
177946     DEBUG main            d.u.i.k.p.i.IntermediateProofReplayer Proof replay took 6.6ns 
178048     INFO  main            d.u.i.k.p.r.p.TestFile    ... finished proof: closed. 
178322     INFO  main            d.u.i.k.p.i.AbstractProblemLoader Loading environment from /home/runner/work/key/key/key.core/../key.ui/examples/standard_key/prop_log/contraposition.key.proof 
178322     DEBUG main            d.u.i.k.p.i.AbstractProblemLoader Environment load took 104ns 
178323     INFO  main            d.u.i.k.p.i.AbstractProblemLoader Creating init config 
180708     DEBUG main            d.u.i.k.p.i.AbstractProblemLoader Init config took 2.38s 
180721     INFO  main            d.u.i.k.p.i.AbstractProblemLoader Replaying proof contraposition.key.proof 
180722     DEBUG main            d.u.i.k.p.i.IntermediateProofReplayer Proof replay took 400.6ns 
180723     DEBUG main            d.u.i.k.p.r.p.TestFile    ... success: reloaded. 
180724     INFO  main            d.u.i.k.p.r.p.TestFile    Now processing file /home/runner/work/key/key/key.core/../key.ui/examples/standard_key/quantifiers/elimination0.key 
180724     INFO  main            d.u.i.k.p.i.AbstractProblemLoader Loading environment from /home/runner/work/key/key/key.core/../key.ui/examples/standard_key/quantifiers/elimination0.key 
180724     DEBUG main            d.u.i.k.p.i.AbstractProblemLoader Environment load took 64.5ns 
180725     INFO  main            d.u.i.k.p.i.AbstractProblemLoader Creating init config 
183164     DEBUG main            d.u.i.k.p.i.AbstractProblemLoader Init config took 2.44s 
183178     INFO  main            d.u.i.k.p.i.AbstractProblemLoader Replaying proof elimination0.key 
183180     DEBUG main            d.u.i.k.p.i.IntermediateProofReplayer Proof replay took 6.7ns 
183282     INFO  main            d.u.i.k.p.r.p.TestFile    ... finished proof: closed. 
183559     INFO  main            d.u.i.k.p.i.AbstractProblemLoader Loading environment from /home/runner/work/key/key/key.core/../key.ui/examples/standard_key/quantifiers/elimination0.key.proof 
183559     DEBUG main            d.u.i.k.p.i.AbstractProblemLoader Environment load took 98.3ns 
183562     INFO  main            d.u.i.k.p.i.AbstractProblemLoader Creating init config 
185966     DEBUG main            d.u.i.k.p.i.AbstractProblemLoader Init config took 2.4s 
185978     INFO  main            d.u.i.k.p.i.AbstractProblemLoader Replaying proof elimination0.key.proof 
185981     DEBUG main            d.u.i.k.p.i.IntermediateProofReplayer Proof replay took 871.5ns 
185981     DEBUG main            d.u.i.k.p.r.p.TestFile    ... success: reloaded. 
185982     INFO  main            d.u.i.k.p.r.p.TestFile    Now processing file /home/runner/work/key/key/key.core/../key.ui/examples/standard_key/quantifiers/heuristic_PUZ001p1-eq.key 
185982     INFO  main            d.u.i.k.p.i.AbstractProblemLoader Loading environment from /home/runner/work/key/key/key.core/../key.ui/examples/standard_key/quantifiers/heuristic_PUZ001p1-eq.key 
185982     DEBUG main            d.u.i.k.p.i.AbstractProblemLoader Environment load took 76.7ns 
185983     INFO  main            d.u.i.k.p.i.AbstractProblemLoader Creating init config 
188419     DEBUG main            d.u.i.k.p.i.AbstractProblemLoader Init config took 2.44s 
188433     INFO  main            d.u.i.k.p.i.AbstractProblemLoader Replaying proof heuristic_PUZ001p1-eq.key 
188435     DEBUG main            d.u.i.k.p.i.IntermediateProofReplayer Proof replay took 5.3ns 
188537     INFO  main            d.u.i.k.p.r.p.TestFile    ... finished proof: closed. 
188828     INFO  main            d.u.i.k.p.i.AbstractProblemLoader Loading environment from /home/runner/work/key/key/key.core/../key.ui/examples/standard_key/quantifiers/heuristic_PUZ001p1-eq.key.proof 
188829     DEBUG main            d.u.i.k.p.i.AbstractProblemLoader Environment load took 104.2ns 
188830     INFO  main            d.u.i.k.p.i.AbstractProblemLoader Creating init config 
191237     DEBUG main            d.u.i.k.p.i.AbstractProblemLoader Init config took 2.41s 
191251     INFO  main            d.u.i.k.p.i.AbstractProblemLoader Replaying proof heuristic_PUZ001p1-eq.key.proof 
191259     DEBUG main            d.u.i.k.p.i.IntermediateProofReplayer Proof replay took 6ms 
191261     DEBUG main            d.u.i.k.p.r.p.TestFile    ... success: reloaded. 
191264     INFO  main            d.u.i.k.p.r.p.TestFile    Now processing file /home/runner/work/key/key/key.core/../key.ui/examples/standard_key/quantifiers/heuristic_PUZ001p1.key 
191265     INFO  main            d.u.i.k.p.i.AbstractProblemLoader Loading environment from /home/runner/work/key/key/key.core/../key.ui/examples/standard_key/quantifiers/heuristic_PUZ001p1.key 
191265     DEBUG main            d.u.i.k.p.i.AbstractProblemLoader Environment load took 173.1ns 
191267     INFO  main            d.u.i.k.p.i.AbstractProblemLoader Creating init config 
193709     DEBUG main            d.u.i.k.p.i.AbstractProblemLoader Init config took 2.44s 
193725     INFO  main            d.u.i.k.p.i.AbstractProblemLoader Replaying proof heuristic_PUZ001p1.key 
193726     DEBUG main            d.u.i.k.p.i.IntermediateProofReplayer Proof replay took 6.2ns 
195032     INFO  main            d.u.i.k.p.r.p.TestFile    ... finished proof: closed. 
195343     INFO  main            d.u.i.k.p.i.AbstractProblemLoader Loading environment from /home/runner/work/key/key/key.core/../key.ui/examples/standard_key/quantifiers/heuristic_PUZ001p1.key.proof 
195345     DEBUG main            d.u.i.k.p.i.AbstractProblemLoader Environment load took 2.1ms 
195346     INFO  main            d.u.i.k.p.i.AbstractProblemLoader Creating init config 
197737     DEBUG main            d.u.i.k.p.i.AbstractProblemLoader Init config took 2.39s 
197752     INFO  main            d.u.i.k.p.i.AbstractProblemLoader Replaying proof heuristic_PUZ001p1.key.proof 
197786     DEBUG main            d.u.i.k.p.i.IntermediateProofReplayer Proof replay took 29.62ms 
197787     DEBUG main            d.u.i.k.p.r.p.TestFile    ... success: reloaded. 
197788     INFO  main            d.u.i.k.p.r.p.TestFile    Now processing file /home/runner/work/key/key/key.core/../key.ui/examples/standard_key/quantifiers/heuristic_PUZ031p1.key 
197788     INFO  main            d.u.i.k.p.i.AbstractProblemLoader Loading environment from /home/runner/work/key/key/key.core/../key.ui/examples/standard_key/quantifiers/heuristic_PUZ031p1.key 
197789     DEBUG main            d.u.i.k.p.i.AbstractProblemLoader Environment load took 84.7ns 
197790     INFO  main            d.u.i.k.p.i.AbstractProblemLoader Creating init config 
200223     DEBUG main            d.u.i.k.p.i.AbstractProblemLoader Init config took 2.43s 
200237     INFO  main            d.u.i.k.p.i.AbstractProblemLoader Replaying proof heuristic_PUZ031p1.key 
200238     DEBUG main            d.u.i.k.p.i.IntermediateProofReplayer Proof replay took 6.7ns 
204973     INFO  main            d.u.i.k.p.r.p.TestFile    ... finished proof: closed. 
205303     INFO  main            d.u.i.k.p.i.AbstractProblemLoader Loading environment from /home/runner/work/key/key/key.core/../key.ui/examples/standard_key/quantifiers/heuristic_PUZ031p1.key.proof 
205304     DEBUG main            d.u.i.k.p.i.AbstractProblemLoader Environment load took 446.6ns 
205305     INFO  main            d.u.i.k.p.i.AbstractProblemLoader Creating init config 
207725     DEBUG main            d.u.i.k.p.i.AbstractProblemLoader Init config took 2.42s 
207740     INFO  main            d.u.i.k.p.i.AbstractProblemLoader Replaying proof heuristic_PUZ031p1.key.proof 
207772     DEBUG main            d.u.i.k.p.i.IntermediateProofReplayer Proof replay took 28.25ms 
207773     DEBUG main            d.u.i.k.p.r.p.TestFile    ... success: reloaded. 
207774     INFO  main            d.u.i.k.p.r.p.TestFile    Now processing file /home/runner/work/key/key/key.core/../key.ui/examples/standard_key/quantifiers/heuristic_SYN036p2.key 
207774     INFO  main            d.u.i.k.p.i.AbstractProblemLoader Loading environment from /home/runner/work/key/key/key.core/../key.ui/examples/standard_key/quantifiers/heuristic_SYN036p2.key 
207774     DEBUG main            d.u.i.k.p.i.AbstractProblemLoader Environment load took 76.9ns 
207775     INFO  main            d.u.i.k.p.i.AbstractProblemLoader Creating init config 
210189     DEBUG main            d.u.i.k.p.i.AbstractProblemLoader Init config took 2.41s 
210201     INFO  main            d.u.i.k.p.i.AbstractProblemLoader Replaying proof heuristic_SYN036p2.key 
210203     DEBUG main            d.u.i.k.p.i.IntermediateProofReplayer Proof replay took 7.3ns 
210407     INFO  main            d.u.i.k.p.r.p.TestFile    ... finished proof: closed. 
210735     INFO  main            d.u.i.k.p.i.AbstractProblemLoader Loading environment from /home/runner/work/key/key/key.core/../key.ui/examples/standard_key/quantifiers/heuristic_SYN036p2.key.proof 
210736     DEBUG main            d.u.i.k.p.i.AbstractProblemLoader Environment load took 440.02ns 
210737     INFO  main            d.u.i.k.p.i.AbstractProblemLoader Creating init config 
213118     DEBUG main            d.u.i.k.p.i.AbstractProblemLoader Init config took 2.38s 
213131     INFO  main            d.u.i.k.p.i.AbstractProblemLoader Replaying proof heuristic_SYN036p2.key.proof 
213177     DEBUG main            d.u.i.k.p.i.IntermediateProofReplayer Proof replay took 39.15ms 
213178     DEBUG main            d.u.i.k.p.r.p.TestFile    ... success: reloaded. 
213179     INFO  main            d.u.i.k.p.r.p.TestFile    Now processing file /home/runner/work/key/key/key.core/../key.ui/examples/standard_key/quantifiers/injectivity.key 
213179     INFO  main            d.u.i.k.p.i.AbstractProblemLoader Loading environment from /home/runner/work/key/key/key.core/../key.ui/examples/standard_key/quantifiers/injectivity.key 
213179     DEBUG main            d.u.i.k.p.i.AbstractProblemLoader Environment load took 78.5ns 
213180     INFO  main            d.u.i.k.p.i.AbstractProblemLoader Creating init config 
215597     DEBUG main            d.u.i.k.p.i.AbstractProblemLoader Init config took 2.42s 
215609     INFO  main            d.u.i.k.p.i.AbstractProblemLoader Replaying proof injectivity.key 
215611     DEBUG main            d.u.i.k.p.i.IntermediateProofReplayer Proof replay took 7.4ns 
215712     INFO  main            d.u.i.k.p.r.p.TestFile    ... finished proof: closed. 
216027     INFO  main            d.u.i.k.p.i.AbstractProblemLoader Loading environment from /home/runner/work/key/key/key.core/../key.ui/examples/standard_key/quantifiers/injectivity.key.proof 
216027     DEBUG main            d.u.i.k.p.i.AbstractProblemLoader Environment load took 96.8ns 
216028     INFO  main            d.u.i.k.p.i.AbstractProblemLoader Creating init config 
218402     DEBUG main            d.u.i.k.p.i.AbstractProblemLoader Init config took 2.37s 
218415     INFO  main            d.u.i.k.p.i.AbstractProblemLoader Replaying proof injectivity.key.proof 
218417     DEBUG main            d.u.i.k.p.i.IntermediateProofReplayer Proof replay took 1.09ms 
218418     DEBUG main            d.u.i.k.p.r.p.TestFile    ... success: reloaded. 
218419     INFO  main            d.u.i.k.p.r.p.TestFile    Now processing file /home/runner/work/key/key/key.core/../key.ui/examples/standard_key/quantifiers/normalisation0.key 
218419     INFO  main            d.u.i.k.p.i.AbstractProblemLoader Loading environment from /home/runner/work/key/key/key.core/../key.ui/examples/standard_key/quantifiers/normalisation0.key 
218419     DEBUG main            d.u.i.k.p.i.AbstractProblemLoader Environment load took 50.61ns 
218421     INFO  main            d.u.i.k.p.i.AbstractProblemLoader Creating init config 
220834     DEBUG main            d.u.i.k.p.i.AbstractProblemLoader Init config took 2.41s 
220862     INFO  main            d.u.i.k.p.i.AbstractProblemLoader Replaying proof normalisation0.key 
220864     DEBUG main            d.u.i.k.p.i.IntermediateProofReplayer Proof replay took 6.5ns 
220969     INFO  main            d.u.i.k.p.r.p.TestFile    ... finished proof: closed. 
221276     INFO  main            d.u.i.k.p.i.AbstractProblemLoader Loading environment from /home/runner/work/key/key/key.core/../key.ui/examples/standard_key/quantifiers/normalisation0.key.proof 
221276     DEBUG main            d.u.i.k.p.i.AbstractProblemLoader Environment load took 85.01ns 
221277     INFO  main            d.u.i.k.p.i.AbstractProblemLoader Creating init config 
223654     DEBUG main            d.u.i.k.p.i.AbstractProblemLoader Init config took 2.38s 
223667     INFO  main            d.u.i.k.p.i.AbstractProblemLoader Replaying proof normalisation0.key.proof 
223669     DEBUG main            d.u.i.k.p.i.IntermediateProofReplayer Proof replay took 1.06ms 
223670     DEBUG main            d.u.i.k.p.r.p.TestFile    ... success: reloaded. 
223671     INFO  main            d.u.i.k.p.r.p.TestFile    Now processing file /home/runner/work/key/key/key.core/../key.ui/examples/standard_key/quantifiers/normalisation1.key 
223671     INFO  main            d.u.i.k.p.i.AbstractProblemLoader Loading environment from /home/runner/work/key/key/key.core/../key.ui/examples/standard_key/quantifiers/normalisation1.key 
223671     DEBUG main            d.u.i.k.p.i.AbstractProblemLoader Environment load took 61.4ns 
223672     INFO  main            d.u.i.k.p.i.AbstractProblemLoader Creating init config 
226083     DEBUG main            d.u.i.k.p.i.AbstractProblemLoader Init config took 2.41s 
226113     INFO  main            d.u.i.k.p.i.AbstractProblemLoader Replaying proof normalisation1.key 
226115     DEBUG main            d.u.i.k.p.i.IntermediateProofReplayer Proof replay took 7.4ns 
226219     INFO  main            d.u.i.k.p.r.p.TestFile    ... finished proof: closed. 
226550     INFO  main            d.u.i.k.p.i.AbstractProblemLoader Loading environment from /home/runner/work/key/key/key.core/../key.ui/examples/standard_key/quantifiers/normalisation1.key.proof 
226550     DEBUG main            d.u.i.k.p.i.AbstractProblemLoader Environment load took 86.6ns 
226551     INFO  main            d.u.i.k.p.i.AbstractProblemLoader Creating init config 
228924     DEBUG main            d.u.i.k.p.i.AbstractProblemLoader Init config took 2.37s 
228937     INFO  main            d.u.i.k.p.i.AbstractProblemLoader Replaying proof normalisation1.key.proof 
228940     DEBUG main            d.u.i.k.p.i.IntermediateProofReplayer Proof replay took 820.54ns 
228940     DEBUG main            d.u.i.k.p.r.p.TestFile    ... success: reloaded. 
228941     INFO  main            d.u.i.k.p.r.p.TestFile    Now processing file /home/runner/work/key/key/key.core/../key.ui/examples/standard_key/quantifiers/normalisation2.key 
228941     INFO  main            d.u.i.k.p.i.AbstractProblemLoader Loading environment from /home/runner/work/key/key/key.core/../key.ui/examples/standard_key/quantifiers/normalisation2.key 
228941     DEBUG main            d.u.i.k.p.i.AbstractProblemLoader Environment load took 72.3ns 
228942     INFO  main            d.u.i.k.p.i.AbstractProblemLoader Creating init config 
231362     DEBUG main            d.u.i.k.p.i.AbstractProblemLoader Init config took 2.42s 
231375     INFO  main            d.u.i.k.p.i.AbstractProblemLoader Replaying proof normalisation2.key 
231376     DEBUG main            d.u.i.k.p.i.IntermediateProofReplayer Proof replay took 6.9ns 
231480     INFO  main            d.u.i.k.p.r.p.TestFile    ... finished proof: closed. 
231805     INFO  main            d.u.i.k.p.i.AbstractProblemLoader Loading environment from /home/runner/work/key/key/key.core/../key.ui/examples/standard_key/quantifiers/normalisation2.key.proof 
231805     DEBUG main            d.u.i.k.p.i.AbstractProblemLoader Environment load took 103.61ns 
231806     INFO  main            d.u.i.k.p.i.AbstractProblemLoader Creating init config 
234182     DEBUG main            d.u.i.k.p.i.AbstractProblemLoader Init config took 2.38s 
234195     INFO  main            d.u.i.k.p.i.AbstractProblemLoader Replaying proof normalisation2.key.proof 
234197     DEBUG main            d.u.i.k.p.i.IntermediateProofReplayer Proof replay took 1.07ms 
234198     DEBUG main            d.u.i.k.p.r.p.TestFile    ... success: reloaded. 
234199     INFO  main            d.u.i.k.p.r.p.TestFile    Now processing file /home/runner/work/key/key/key.core/../key.ui/examples/standard_key/quantifiers/normalisation3.key 
234199     INFO  main            d.u.i.k.p.i.AbstractProblemLoader Loading environment from /home/runner/work/key/key/key.core/../key.ui/examples/standard_key/quantifiers/normalisation3.key 
234199     DEBUG main            d.u.i.k.p.i.AbstractProblemLoader Environment load took 60.3ns 
234200     INFO  main            d.u.i.k.p.i.AbstractProblemLoader Creating init config 
236621     DEBUG main            d.u.i.k.p.i.AbstractProblemLoader Init config took 2.42s 
236633     INFO  main            d.u.i.k.p.i.AbstractProblemLoader Replaying proof normalisation3.key 
236635     DEBUG main            d.u.i.k.p.i.IntermediateProofReplayer Proof replay took 7.6ns 
236736     INFO  main            d.u.i.k.p.r.p.TestFile    ... finished proof: closed. 
237066     INFO  main            d.u.i.k.p.i.AbstractProblemLoader Loading environment from /home/runner/work/key/key/key.core/../key.ui/examples/standard_key/quantifiers/normalisation3.key.proof 
237066     DEBUG main            d.u.i.k.p.i.AbstractProblemLoader Environment load took 86.21ns 
237067     INFO  main            d.u.i.k.p.i.AbstractProblemLoader Creating init config 
239442     DEBUG main            d.u.i.k.p.i.AbstractProblemLoader Init config took 2.38s 
239456     INFO  main            d.u.i.k.p.i.AbstractProblemLoader Replaying proof normalisation3.key.proof 
239458     DEBUG main            d.u.i.k.p.i.IntermediateProofReplayer Proof replay took 1.22ms 
239459     DEBUG main            d.u.i.k.p.r.p.TestFile    ... success: reloaded. 
239460     INFO  main            d.u.i.k.p.r.p.TestFile    Now processing file /home/runner/work/key/key/key.core/../key.ui/examples/standard_key/quantifiers/normalisation4.key 
239460     INFO  main            d.u.i.k.p.i.AbstractProblemLoader Loading environment from /home/runner/work/key/key/key.core/../key.ui/examples/standard_key/quantifiers/normalisation4.key 
239460     DEBUG main            d.u.i.k.p.i.AbstractProblemLoader Environment load took 101.91ns 
239461     INFO  main            d.u.i.k.p.i.AbstractProblemLoader Creating init config 
241882     DEBUG main            d.u.i.k.p.i.AbstractProblemLoader Init config took 2.42s 
241895     INFO  main            d.u.i.k.p.i.AbstractProblemLoader Replaying proof normalisation4.key 
241897     DEBUG main            d.u.i.k.p.i.IntermediateProofReplayer Proof replay took 6.8ns 
241998     INFO  main            d.u.i.k.p.r.p.TestFile    ... finished proof: closed. 
242341     INFO  main            d.u.i.k.p.i.AbstractProblemLoader Loading environment from /home/runner/work/key/key/key.core/../key.ui/examples/standard_key/quantifiers/normalisation4.key.proof 
242341     DEBUG main            d.u.i.k.p.i.AbstractProblemLoader Environment load took 91ns 
242343     INFO  main            d.u.i.k.p.i.AbstractProblemLoader Creating init config 
244729     DEBUG main            d.u.i.k.p.i.AbstractProblemLoader Init config took 2.39s 
244742     INFO  main            d.u.i.k.p.i.AbstractProblemLoader Replaying proof normalisation4.key.proof 
244745     DEBUG main            d.u.i.k.p.i.IntermediateProofReplayer Proof replay took 2.04ms 
244746     DEBUG main            d.u.i.k.p.r.p.TestFile    ... success: reloaded. 
244747     INFO  main            d.u.i.k.p.r.p.TestFile    Now processing file /home/runner/work/key/key/key.core/../key.ui/examples/standard_key/quantifiers/normalisation5.key 
244747     INFO  main            d.u.i.k.p.i.AbstractProblemLoader Loading environment from /home/runner/work/key/key/key.core/../key.ui/examples/standard_key/quantifiers/normalisation5.key 
244747     DEBUG main            d.u.i.k.p.i.AbstractProblemLoader Environment load took 70.7ns 
244748     INFO  main            d.u.i.k.p.i.AbstractProblemLoader Creating init config 
247168     DEBUG main            d.u.i.k.p.i.AbstractProblemLoader Init config took 2.42s 
247181     INFO  main            d.u.i.k.p.i.AbstractProblemLoader Replaying proof normalisation5.key 
247183     DEBUG main            d.u.i.k.p.i.IntermediateProofReplayer Proof replay took 6.7ns 
247284     INFO  main            d.u.i.k.p.r.p.TestFile    ... finished proof: closed. 
247641     INFO  main            d.u.i.k.p.i.AbstractProblemLoader Loading environment from /home/runner/work/key/key/key.core/../key.ui/examples/standard_key/quantifiers/normalisation5.key.proof 
247642     DEBUG main            d.u.i.k.p.i.AbstractProblemLoader Environment load took 94.31ns 
247643     INFO  main            d.u.i.k.p.i.AbstractProblemLoader Creating init config 
250054     DEBUG main            d.u.i.k.p.i.AbstractProblemLoader Init config took 2.41s 
250067     INFO  main            d.u.i.k.p.i.AbstractProblemLoader Replaying proof normalisation5.key.proof 
250070     DEBUG main            d.u.i.k.p.i.IntermediateProofReplayer Proof replay took 1.31ms 
250070     DEBUG main            d.u.i.k.p.r.p.TestFile    ... success: reloaded. 
250071     INFO  main            d.u.i.k.p.r.p.TestFile    Now processing file /home/runner/work/key/key/key.core/../key.ui/examples/standard_key/quantifiers/normalisation6.key 
250071     INFO  main            d.u.i.k.p.i.AbstractProblemLoader Loading environment from /home/runner/work/key/key/key.core/../key.ui/examples/standard_key/quantifiers/normalisation6.key 
250071     DEBUG main            d.u.i.k.p.i.AbstractProblemLoader Environment load took 179.01ns 
250072     INFO  main            d.u.i.k.p.i.AbstractProblemLoader Creating init config 
252485     DEBUG main            d.u.i.k.p.i.AbstractProblemLoader Init config took 2.41s 
252498     INFO  main            d.u.i.k.p.i.AbstractProblemLoader Replaying proof normalisation6.key 
252499     DEBUG main            d.u.i.k.p.i.IntermediateProofReplayer Proof replay took 7.1ns 
252601     INFO  main            d.u.i.k.p.r.p.TestFile    ... finished proof: closed. 
252940     INFO  main            d.u.i.k.p.i.AbstractProblemLoader Loading environment from /home/runner/work/key/key/key.core/../key.ui/examples/standard_key/quantifiers/normalisation6.key.proof 
252940     DEBUG main            d.u.i.k.p.i.AbstractProblemLoader Environment load took 85.11ns 
252941     INFO  main            d.u.i.k.p.i.AbstractProblemLoader Creating init config 
255325     DEBUG main            d.u.i.k.p.i.AbstractProblemLoader Init config took 2.38s 
255338     INFO  main            d.u.i.k.p.i.AbstractProblemLoader Replaying proof normalisation6.key.proof 
255340     DEBUG main            d.u.i.k.p.i.IntermediateProofReplayer Proof replay took 1.11ms 
255341     DEBUG main            d.u.i.k.p.r.p.TestFile    ... success: reloaded. 
255342     INFO  main            d.u.i.k.p.r.p.TestFile    Now processing file /home/runner/work/key/key/key.core/../key.ui/examples/standard_key/quantifiers/normalisation7.key 
255342     INFO  main            d.u.i.k.p.i.AbstractProblemLoader Loading environment from /home/runner/work/key/key/key.core/../key.ui/examples/standard_key/quantifiers/normalisation7.key 
255342     DEBUG main            d.u.i.k.p.i.AbstractProblemLoader Environment load took 74.2ns 
255343     INFO  main            d.u.i.k.p.i.AbstractProblemLoader Creating init config 
257752     DEBUG main            d.u.i.k.p.i.AbstractProblemLoader Init config took 2.41s 
257765     INFO  main            d.u.i.k.p.i.AbstractProblemLoader Replaying proof normalisation7.key 
257767     DEBUG main            d.u.i.k.p.i.IntermediateProofReplayer Proof replay took 6ns 
257868     INFO  main            d.u.i.k.p.r.p.TestFile    ... finished proof: closed. 
258220     INFO  main            d.u.i.k.p.i.AbstractProblemLoader Loading environment from /home/runner/work/key/key/key.core/../key.ui/examples/standard_key/quantifiers/normalisation7.key.proof 
258220     DEBUG main            d.u.i.k.p.i.AbstractProblemLoader Environment load took 123.5ns 
258221     INFO  main            d.u.i.k.p.i.AbstractProblemLoader Creating init config 
260610     DEBUG main            d.u.i.k.p.i.AbstractProblemLoader Init config took 2.39s 
260624     INFO  main            d.u.i.k.p.i.AbstractProblemLoader Replaying proof normalisation7.key.proof 
260627     DEBUG main            d.u.i.k.p.i.IntermediateProofReplayer Proof replay took 1.14ms 
260627     DEBUG main            d.u.i.k.p.r.p.TestFile    ... success: reloaded. 
260628     INFO  main            d.u.i.k.p.r.p.TestFile    Now processing file /home/runner/work/key/key/key.core/../key.ui/examples/standard_key/quantifiers/normalisation8.key 
260628     INFO  main            d.u.i.k.p.i.AbstractProblemLoader Loading environment from /home/runner/work/key/key/key.core/../key.ui/examples/standard_key/quantifiers/normalisation8.key 
260628     DEBUG main            d.u.i.k.p.i.AbstractProblemLoader Environment load took 65.6ns 
260629     INFO  main            d.u.i.k.p.i.AbstractProblemLoader Creating init config 
263039     DEBUG main            d.u.i.k.p.i.AbstractProblemLoader Init config took 2.41s 
263053     INFO  main            d.u.i.k.p.i.AbstractProblemLoader Replaying proof normalisation8.key 
263055     DEBUG main            d.u.i.k.p.i.IntermediateProofReplayer Proof replay took 7.4ns 
263156     INFO  main            d.u.i.k.p.r.p.TestFile    ... finished proof: closed. 
263508     INFO  main            d.u.i.k.p.i.AbstractProblemLoader Loading environment from /home/runner/work/key/key/key.core/../key.ui/examples/standard_key/quantifiers/normalisation8.key.proof 
263508     DEBUG main            d.u.i.k.p.i.AbstractProblemLoader Environment load took 83.4ns 
263509     INFO  main            d.u.i.k.p.i.AbstractProblemLoader Creating init config 
265884     DEBUG main            d.u.i.k.p.i.AbstractProblemLoader Init config took 2.37s 
265897     INFO  main            d.u.i.k.p.i.AbstractProblemLoader Replaying proof normalisation8.key.proof 
265901     DEBUG main            d.u.i.k.p.i.IntermediateProofReplayer Proof replay took 2.36ms 
265902     DEBUG main            d.u.i.k.p.r.p.TestFile    ... success: reloaded. 
265902     INFO  main            d.u.i.k.p.r.p.TestFile    Now processing file /home/runner/work/key/key/key.core/../key.ui/examples/standard_key/quantifiers/normalisation9.key 
265902     INFO  main            d.u.i.k.p.i.AbstractProblemLoader Loading environment from /home/runner/work/key/key/key.core/../key.ui/examples/standard_key/quantifiers/normalisation9.key 
265903     DEBUG main            d.u.i.k.p.i.AbstractProblemLoader Environment load took 47.7ns 
265903     INFO  main            d.u.i.k.p.i.AbstractProblemLoader Creating init config 
268306     DEBUG main            d.u.i.k.p.i.AbstractProblemLoader Init config took 2.4s 
268318     INFO  main            d.u.i.k.p.i.AbstractProblemLoader Replaying proof normalisation9.key 
268320     DEBUG main            d.u.i.k.p.i.IntermediateProofReplayer Proof replay took 7.2ns 
268421     INFO  main            d.u.i.k.p.r.p.TestFile    ... finished proof: closed. 
268781     INFO  main            d.u.i.k.p.i.AbstractProblemLoader Loading environment from /home/runner/work/key/key/key.core/../key.ui/examples/standard_key/quantifiers/normalisation9.key.proof 
268781     DEBUG main            d.u.i.k.p.i.AbstractProblemLoader Environment load took 86.6ns 
268782     INFO  main            d.u.i.k.p.i.AbstractProblemLoader Creating init config 
271161     DEBUG main            d.u.i.k.p.i.AbstractProblemLoader Init config took 2.38s 
271174     INFO  main            d.u.i.k.p.i.AbstractProblemLoader Replaying proof normalisation9.key.proof 
271178     DEBUG main            d.u.i.k.p.i.IntermediateProofReplayer Proof replay took 2.28ms 
271179     DEBUG main            d.u.i.k.p.r.p.TestFile    ... success: reloaded. 
271180     INFO  main            d.u.i.k.p.r.p.TestFile    Now processing file /home/runner/work/key/key/key.core/../key.ui/examples/standard_key/quantifiers/normalisation10.key 
271180     INFO  main            d.u.i.k.p.i.AbstractProblemLoader Loading environment from /home/runner/work/key/key/key.core/../key.ui/examples/standard_key/quantifiers/normalisation10.key 
271180     DEBUG main            d.u.i.k.p.i.AbstractProblemLoader Environment load took 75.3ns 
271181     INFO  main            d.u.i.k.p.i.AbstractProblemLoader Creating init config 
273600     DEBUG main            d.u.i.k.p.i.AbstractProblemLoader Init config took 2.42s 
273613     INFO  main            d.u.i.k.p.i.AbstractProblemLoader Replaying proof normalisation10.key 
273615     DEBUG main            d.u.i.k.p.i.IntermediateProofReplayer Proof replay took 6.3ns 
273717     INFO  main            d.u.i.k.p.r.p.TestFile    ... finished proof: closed. 
274079     INFO  main            d.u.i.k.p.i.AbstractProblemLoader Loading environment from /home/runner/work/key/key/key.core/../key.ui/examples/standard_key/quantifiers/normalisation10.key.proof 
274079     DEBUG main            d.u.i.k.p.i.AbstractProblemLoader Environment load took 83.4ns 
274080     INFO  main            d.u.i.k.p.i.AbstractProblemLoader Creating init config 
276456     DEBUG main            d.u.i.k.p.i.AbstractProblemLoader Init config took 2.38s 
276469     INFO  main            d.u.i.k.p.i.AbstractProblemLoader Replaying proof normalisation10.key.proof 
276474     DEBUG main            d.u.i.k.p.i.IntermediateProofReplayer Proof replay took 2.82ms 
276475     DEBUG main            d.u.i.k.p.r.p.TestFile    ... success: reloaded. 
276476     INFO  main            d.u.i.k.p.r.p.TestFile    Now processing file /home/runner/work/key/key/key.core/../key.ui/examples/standard_key/quantifiers/normalisation12.key 
276476     INFO  main            d.u.i.k.p.i.AbstractProblemLoader Loading environment from /home/runner/work/key/key/key.core/../key.ui/examples/standard_key/quantifiers/normalisation12.key 
276476     DEBUG main            d.u.i.k.p.i.AbstractProblemLoader Environment load took 76.4ns 
276477     INFO  main            d.u.i.k.p.i.AbstractProblemLoader Creating init config 
278906     DEBUG main            d.u.i.k.p.i.AbstractProblemLoader Init config took 2.43s 
278919     INFO  main            d.u.i.k.p.i.AbstractProblemLoader Replaying proof normalisation12.key 
278920     DEBUG main            d.u.i.k.p.i.IntermediateProofReplayer Proof replay took 7.4ns 
279024     INFO  main            d.u.i.k.p.r.p.TestFile    ... finished proof: closed. 
279399     INFO  main            d.u.i.k.p.i.AbstractProblemLoader Loading environment from /home/runner/work/key/key/key.core/../key.ui/examples/standard_key/quantifiers/normalisation12.key.proof 
279399     DEBUG main            d.u.i.k.p.i.AbstractProblemLoader Environment load took 84.9ns 
279400     INFO  main            d.u.i.k.p.i.AbstractProblemLoader Creating init config 
281781     DEBUG main            d.u.i.k.p.i.AbstractProblemLoader Init config took 2.38s 
281796     INFO  main            d.u.i.k.p.i.AbstractProblemLoader Replaying proof normalisation12.key.proof 
281798     DEBUG main            d.u.i.k.p.i.IntermediateProofReplayer Proof replay took 833.11ns 
281799     DEBUG main            d.u.i.k.p.r.p.TestFile    ... success: reloaded. 
281799     INFO  main            d.u.i.k.p.r.p.TestFile    Now processing file /home/runner/work/key/key/key.core/../key.ui/examples/standard_key/quantifiers/normalisation13.key 
281800     INFO  main            d.u.i.k.p.i.AbstractProblemLoader Loading environment from /home/runner/work/key/key/key.core/../key.ui/examples/standard_key/quantifiers/normalisation13.key 
281800     DEBUG main            d.u.i.k.p.i.AbstractProblemLoader Environment load took 71.5ns 
281801     INFO  main            d.u.i.k.p.i.AbstractProblemLoader Creating init config 
284249     DEBUG main            d.u.i.k.p.i.AbstractProblemLoader Init config took 2.45s 
284262     INFO  main            d.u.i.k.p.i.AbstractProblemLoader Replaying proof normalisation13.key 
284264     DEBUG main            d.u.i.k.p.i.IntermediateProofReplayer Proof replay took 6.8ns 
284366     INFO  main            d.u.i.k.p.r.p.TestFile    ... finished proof: closed. 
284745     INFO  main            d.u.i.k.p.i.AbstractProblemLoader Loading environment from /home/runner/work/key/key/key.core/../key.ui/examples/standard_key/quantifiers/normalisation13.key.proof 
284745     DEBUG main            d.u.i.k.p.i.AbstractProblemLoader Environment load took 114.1ns 
284746     INFO  main            d.u.i.k.p.i.AbstractProblemLoader Creating init config 
287174     DEBUG main            d.u.i.k.p.i.AbstractProblemLoader Init config took 2.43s 
287190     INFO  main            d.u.i.k.p.i.AbstractProblemLoader Replaying proof normalisation13.key.proof 
287191     DEBUG main            d.u.i.k.p.i.IntermediateProofReplayer Proof replay took 509.82ns 
287192     DEBUG main            d.u.i.k.p.r.p.TestFile    ... success: reloaded. 
287193     INFO  main            d.u.i.k.p.r.p.TestFile    Now processing file /home/runner/work/key/key/key.core/../key.ui/examples/standard_key/quantifiers/triggers0.key 
287194     INFO  main            d.u.i.k.p.i.AbstractProblemLoader Loading environment from /home/runner/work/key/key/key.core/../key.ui/examples/standard_key/quantifiers/triggers0.key 
287194     DEBUG main            d.u.i.k.p.i.AbstractProblemLoader Environment load took 155.11ns 
287195     INFO  main            d.u.i.k.p.i.AbstractProblemLoader Creating init config 
289625     DEBUG main            d.u.i.k.p.i.AbstractProblemLoader Init config took 2.43s 
289638     INFO  main            d.u.i.k.p.i.AbstractProblemLoader Replaying proof triggers0.key 
289639     DEBUG main            d.u.i.k.p.i.IntermediateProofReplayer Proof replay took 6.1ns 
289741     INFO  main            d.u.i.k.p.r.p.TestFile    ... finished proof: closed. 
290133     INFO  main            d.u.i.k.p.i.AbstractProblemLoader Loading environment from /home/runner/work/key/key/key.core/../key.ui/examples/standard_key/quantifiers/triggers0.key.proof 
290133     DEBUG main            d.u.i.k.p.i.AbstractProblemLoader Environment load took 90.7ns 
290134     INFO  main            d.u.i.k.p.i.AbstractProblemLoader Creating init config 
292506     DEBUG main            d.u.i.k.p.i.AbstractProblemLoader Init config took 2.37s 
292520     INFO  main            d.u.i.k.p.i.AbstractProblemLoader Replaying proof triggers0.key.proof 
292522     DEBUG main            d.u.i.k.p.i.IntermediateProofReplayer Proof replay took 913.34ns 
292523     DEBUG main            d.u.i.k.p.r.p.TestFile    ... success: reloaded. 
3789191    INFO  Test worker     d.u.i.k.p.r.RunAllProofsTestUnit Returning from test FOL 
3789192    INFO  Test worker     d.u.i.k.p.r.RunAllProofsTestUnit Running test strings 
377        INFO  Timeout watchdog d.u.i.k.p.r.p.ForkedTestFileRunner Timeout watcher launched (2000 secs.) 
386        WARN  main            d.u.i.k.s.ProofSettings   The settings in /home/runner/.key/proof-settings.props are *not* read. 
413        INFO  main            d.u.i.k.p.r.p.TestFile    Now processing file /home/runner/work/key/key/key.core/../key.ui/examples/standard_key/strings/charAt0.key 
515        INFO  main            d.u.i.k.p.i.AbstractProblemLoader Loading environment from /home/runner/work/key/key/key.core/../key.ui/examples/standard_key/strings/charAt0.key 
532        DEBUG main            d.u.i.k.p.i.AbstractProblemLoader Environment load took 2.03ms 
794        INFO  main            d.u.i.k.p.i.AbstractProblemLoader Creating init config 
1719       DEBUG main            d.u.i.k.j.TypeConverter   No LDT found for Meta 
1720       DEBUG main            d.u.i.k.j.TypeConverter   No LDT found for Meta 
1721       DEBUG main            d.u.i.k.j.TypeConverter   No LDT found for Meta 
1721       DEBUG main            d.u.i.k.j.TypeConverter   No LDT found for Meta 
3121       DEBUG main            d.u.i.k.j.TypeConverter   No LDT found for JavaBigintExpression 
7852       DEBUG main            d.u.i.k.p.i.AbstractProblemLoader Init config took 7.06s 
7911       INFO  main            d.u.i.k.p.i.AbstractProblemLoader Replaying proof charAt0.key 
7943       DEBUG main            d.u.i.k.p.i.IntermediateProofReplayer Proof replay took 34ns 
8315       INFO  main            d.u.i.k.p.r.p.TestFile    ... finished proof: closed. 
8410       INFO  main            d.u.i.k.p.i.AbstractProblemLoader Loading environment from /home/runner/work/key/key/key.core/../key.ui/examples/standard_key/strings/charAt0.key.proof 
8411       DEBUG main            d.u.i.k.p.i.AbstractProblemLoader Environment load took 873.43ns 
8415       INFO  main            d.u.i.k.p.i.AbstractProblemLoader Creating init config 
11105      DEBUG main            d.u.i.k.p.i.AbstractProblemLoader Init config took 2.69s 
11148      INFO  main            d.u.i.k.p.i.AbstractProblemLoader Replaying proof charAt0.key.proof 
11166      DEBUG main            d.u.i.k.p.i.IntermediateProofReplayer Proof replay took 12.51ms 
11176      DEBUG main            d.u.i.k.p.r.p.TestFile    ... success: reloaded. 
11177      INFO  main            d.u.i.k.p.r.p.TestFile    Now processing file /home/runner/work/key/key/key.core/../key.ui/examples/standard_key/strings/charAt1.key 
11178      INFO  main            d.u.i.k.p.i.AbstractProblemLoader Loading environment from /home/runner/work/key/key/key.core/../key.ui/examples/standard_key/strings/charAt1.key 
11178      DEBUG main            d.u.i.k.p.i.AbstractProblemLoader Environment load took 197.91ns 
11180      INFO  main            d.u.i.k.p.i.AbstractProblemLoader Creating init config 
13689      DEBUG main            d.u.i.k.p.i.AbstractProblemLoader Init config took 2.51s 
13719      INFO  main            d.u.i.k.p.i.AbstractProblemLoader Replaying proof charAt1.key 
13721      DEBUG main            d.u.i.k.p.i.IntermediateProofReplayer Proof replay took 6.8ns 
13928      INFO  main            d.u.i.k.p.r.p.TestFile    ... finished proof: closed. 
14071      INFO  main            d.u.i.k.p.i.AbstractProblemLoader Loading environment from /home/runner/work/key/key/key.core/../key.ui/examples/standard_key/strings/charAt1.key.proof 
14071      DEBUG main            d.u.i.k.p.i.AbstractProblemLoader Environment load took 552.21ns 
14077      INFO  main            d.u.i.k.p.i.AbstractProblemLoader Creating init config 
16560      DEBUG main            d.u.i.k.p.i.AbstractProblemLoader Init config took 2.48s 
16584      INFO  main            d.u.i.k.p.i.AbstractProblemLoader Replaying proof charAt1.key.proof 
16597      DEBUG main            d.u.i.k.p.i.IntermediateProofReplayer Proof replay took 9.96ms 
16598      DEBUG main            d.u.i.k.p.r.p.TestFile    ... success: reloaded. 
16599      INFO  main            d.u.i.k.p.r.p.TestFile    Now processing file /home/runner/work/key/key/key.core/../key.ui/examples/standard_key/strings/concat1.key 
16599      INFO  main            d.u.i.k.p.i.AbstractProblemLoader Loading environment from /home/runner/work/key/key/key.core/../key.ui/examples/standard_key/strings/concat1.key 
16600      DEBUG main            d.u.i.k.p.i.AbstractProblemLoader Environment load took 195.01ns 
16601      INFO  main            d.u.i.k.p.i.AbstractProblemLoader Creating init config 
19009      DEBUG main            d.u.i.k.p.i.AbstractProblemLoader Init config took 2.41s 
19030      INFO  main            d.u.i.k.p.i.AbstractProblemLoader Replaying proof concat1.key 
19032      DEBUG main            d.u.i.k.p.i.IntermediateProofReplayer Proof replay took 25.3ns 
19135      INFO  main            d.u.i.k.p.r.p.TestFile    ... finished proof: closed. 
19277      INFO  main            d.u.i.k.p.i.AbstractProblemLoader Loading environment from /home/runner/work/key/key/key.core/../key.ui/examples/standard_key/strings/concat1.key.proof 
19277      DEBUG main            d.u.i.k.p.i.AbstractProblemLoader Environment load took 129.3ns 
19278      INFO  main            d.u.i.k.p.i.AbstractProblemLoader Creating init config 
21672      DEBUG main            d.u.i.k.p.i.AbstractProblemLoader Init config took 2.39s 
21692      INFO  main            d.u.i.k.p.i.AbstractProblemLoader Replaying proof concat1.key.proof 
21695      DEBUG main            d.u.i.k.p.i.IntermediateProofReplayer Proof replay took 1.17ms 
21696      DEBUG main            d.u.i.k.p.r.p.TestFile    ... success: reloaded. 
21697      INFO  main            d.u.i.k.p.r.p.TestFile    Now processing file /home/runner/work/key/key/key.core/../key.ui/examples/standard_key/strings/concat2.key 
21698      INFO  main            d.u.i.k.p.i.AbstractProblemLoader Loading environment from /home/runner/work/key/key/key.core/../key.ui/examples/standard_key/strings/concat2.key 
21698      DEBUG main            d.u.i.k.p.i.AbstractProblemLoader Environment load took 182.7ns 
21699      INFO  main            d.u.i.k.p.i.AbstractProblemLoader Creating init config 
24172      DEBUG main            d.u.i.k.p.i.AbstractProblemLoader Init config took 2.47s 
24192      INFO  main            d.u.i.k.p.i.AbstractProblemLoader Replaying proof concat2.key 
24194      DEBUG main            d.u.i.k.p.i.IntermediateProofReplayer Proof replay took 6.5ns 
24296      INFO  main            d.u.i.k.p.r.p.TestFile    ... finished proof: closed. 
24447      INFO  main            d.u.i.k.p.i.AbstractProblemLoader Loading environment from /home/runner/work/key/key/key.core/../key.ui/examples/standard_key/strings/concat2.key.proof 
24447      DEBUG main            d.u.i.k.p.i.AbstractProblemLoader Environment load took 148.71ns 
24453      INFO  main            d.u.i.k.p.i.AbstractProblemLoader Creating init config 
26844      DEBUG main            d.u.i.k.p.i.AbstractProblemLoader Init config took 2.39s 
26864      INFO  main            d.u.i.k.p.i.AbstractProblemLoader Replaying proof concat2.key.proof 
26873      DEBUG main            d.u.i.k.p.i.IntermediateProofReplayer Proof replay took 6.74ms 
26874      DEBUG main            d.u.i.k.p.r.p.TestFile    ... success: reloaded. 
26875      INFO  main            d.u.i.k.p.r.p.TestFile    Now processing file /home/runner/work/key/key/key.core/../key.ui/examples/standard_key/strings/deriveLength1.key 
26875      INFO  main            d.u.i.k.p.i.AbstractProblemLoader Loading environment from /home/runner/work/key/key/key.core/../key.ui/examples/standard_key/strings/deriveLength1.key 
26875      DEBUG main            d.u.i.k.p.i.AbstractProblemLoader Environment load took 121.3ns 
26876      INFO  main            d.u.i.k.p.i.AbstractProblemLoader Creating init config 
29279      DEBUG main            d.u.i.k.p.i.AbstractProblemLoader Init config took 2.4s 
29300      INFO  main            d.u.i.k.p.i.AbstractProblemLoader Replaying proof deriveLength1.key 
29301      DEBUG main            d.u.i.k.p.i.IntermediateProofReplayer Proof replay took 6.2ns 
29404      INFO  main            d.u.i.k.p.r.p.TestFile    ... finished proof: closed. 
29549      INFO  main            d.u.i.k.p.i.AbstractProblemLoader Loading environment from /home/runner/work/key/key/key.core/../key.ui/examples/standard_key/strings/deriveLength1.key.proof 
29550      DEBUG main            d.u.i.k.p.i.AbstractProblemLoader Environment load took 140.8ns 
29551      INFO  main            d.u.i.k.p.i.AbstractProblemLoader Creating init config 
31928      DEBUG main            d.u.i.k.p.i.AbstractProblemLoader Init config took 2.38s 
31948      INFO  main            d.u.i.k.p.i.AbstractProblemLoader Replaying proof deriveLength1.key.proof 
31956      DEBUG main            d.u.i.k.p.i.IntermediateProofReplayer Proof replay took 6.43ms 
31957      DEBUG main            d.u.i.k.p.r.p.TestFile    ... success: reloaded. 
31958      INFO  main            d.u.i.k.p.r.p.TestFile    Now processing file /home/runner/work/key/key/key.core/../key.ui/examples/standard_key/strings/emptyStringLengthZero.key 
31959      INFO  main            d.u.i.k.p.i.AbstractProblemLoader Loading environment from /home/runner/work/key/key/key.core/../key.ui/examples/standard_key/strings/emptyStringLengthZero.key 
31959      DEBUG main            d.u.i.k.p.i.AbstractProblemLoader Environment load took 194.01ns 
31960      INFO  main            d.u.i.k.p.i.AbstractProblemLoader Creating init config 
34371      DEBUG main            d.u.i.k.p.i.AbstractProblemLoader Init config took 2.41s 
34389      INFO  main            d.u.i.k.p.i.AbstractProblemLoader Replaying proof emptyStringLengthZero.key 
34391      DEBUG main            d.u.i.k.p.i.IntermediateProofReplayer Proof replay took 7.4ns 
34494      INFO  main            d.u.i.k.p.r.p.TestFile    ... finished proof: closed. 
34648      INFO  main            d.u.i.k.p.i.AbstractProblemLoader Loading environment from /home/runner/work/key/key/key.core/../key.ui/examples/standard_key/strings/emptyStringLengthZero.key.proof 
34648      DEBUG main            d.u.i.k.p.i.AbstractProblemLoader Environment load took 121.9ns 
34651      INFO  main            d.u.i.k.p.i.AbstractProblemLoader Creating init config 
37021      DEBUG main            d.u.i.k.p.i.AbstractProblemLoader Init config took 2.37s 
37041      INFO  main            d.u.i.k.p.i.AbstractProblemLoader Replaying proof emptyStringLengthZero.key.proof 
37045      DEBUG main            d.u.i.k.p.i.IntermediateProofReplayer Proof replay took 2.92ms 
37047      DEBUG main            d.u.i.k.p.r.p.TestFile    ... success: reloaded. 
37047      INFO  main            d.u.i.k.p.r.p.TestFile    Now processing file /home/runner/work/key/key/key.core/../key.ui/examples/standard_key/strings/implicitBooleanStringConversion.key 
37048      INFO  main            d.u.i.k.p.i.AbstractProblemLoader Loading environment from /home/runner/work/key/key/key.core/../key.ui/examples/standard_key/strings/implicitBooleanStringConversion.key 
37048      DEBUG main            d.u.i.k.p.i.AbstractProblemLoader Environment load took 178.9ns 
37049      INFO  main            d.u.i.k.p.i.AbstractProblemLoader Creating init config 
39449      DEBUG main            d.u.i.k.p.i.AbstractProblemLoader Init config took 2.4s 
39470      INFO  main            d.u.i.k.p.i.AbstractProblemLoader Replaying proof implicitBooleanStringConversion.key 
39472      DEBUG main            d.u.i.k.p.i.IntermediateProofReplayer Proof replay took 6.8ns 
40484      INFO  main            d.u.i.k.p.r.p.TestFile    ... finished proof: closed. 
40664      INFO  main            d.u.i.k.p.i.AbstractProblemLoader Loading environment from /home/runner/work/key/key/key.core/../key.ui/examples/standard_key/strings/implicitBooleanStringConversion.key.proof 
40664      DEBUG main            d.u.i.k.p.i.AbstractProblemLoader Environment load took 127.5ns 
40665      INFO  main            d.u.i.k.p.i.AbstractProblemLoader Creating init config 
43024      DEBUG main            d.u.i.k.p.i.AbstractProblemLoader Init config took 2.36s 
43043      INFO  main            d.u.i.k.p.i.AbstractProblemLoader Replaying proof implicitBooleanStringConversion.key.proof 
43102      DEBUG main            d.u.i.k.p.i.IntermediateProofReplayer Proof replay took 54.05ms 
43103      DEBUG main            d.u.i.k.p.r.p.TestFile    ... success: reloaded. 
43104      INFO  main            d.u.i.k.p.r.p.TestFile    Now processing file /home/runner/work/key/key/key.core/../key.ui/examples/standard_key/strings/implicitBooleanStringConversion2.key 
43104      INFO  main            d.u.i.k.p.i.AbstractProblemLoader Loading environment from /home/runner/work/key/key/key.core/../key.ui/examples/standard_key/strings/implicitBooleanStringConversion2.key 
43104      DEBUG main            d.u.i.k.p.i.AbstractProblemLoader Environment load took 96.1ns 
43105      INFO  main            d.u.i.k.p.i.AbstractProblemLoader Creating init config 
45510      DEBUG main            d.u.i.k.p.i.AbstractProblemLoader Init config took 2.41s 
45529      INFO  main            d.u.i.k.p.i.AbstractProblemLoader Replaying proof implicitBooleanStringConversion2.key 
45530      DEBUG main            d.u.i.k.p.i.IntermediateProofReplayer Proof replay took 6.6ns 
45834      INFO  main            d.u.i.k.p.r.p.TestFile    ... finished proof: closed. 
46024      INFO  main            d.u.i.k.p.i.AbstractProblemLoader Loading environment from /home/runner/work/key/key/key.core/../key.ui/examples/standard_key/strings/implicitBooleanStringConversion2.key.proof 
46024      DEBUG main            d.u.i.k.p.i.AbstractProblemLoader Environment load took 376.61ns 
46025      INFO  main            d.u.i.k.p.i.AbstractProblemLoader Creating init config 
48332      DEBUG main            d.u.i.k.p.i.AbstractProblemLoader Init config took 2.31s 
48350      INFO  main            d.u.i.k.p.i.AbstractProblemLoader Replaying proof implicitBooleanStringConversion2.key.proof 
48371      DEBUG main            d.u.i.k.p.i.IntermediateProofReplayer Proof replay took 17.86ms 
48372      DEBUG main            d.u.i.k.p.r.p.TestFile    ... success: reloaded. 
48372      INFO  main            d.u.i.k.p.r.p.TestFile    Now processing file /home/runner/work/key/key/key.core/../key.ui/examples/standard_key/strings/implicitIntStringConversion.key 
48373      INFO  main            d.u.i.k.p.i.AbstractProblemLoader Loading environment from /home/runner/work/key/key/key.core/../key.ui/examples/standard_key/strings/implicitIntStringConversion.key 
48373      DEBUG main            d.u.i.k.p.i.AbstractProblemLoader Environment load took 83.4ns 
48374      INFO  main            d.u.i.k.p.i.AbstractProblemLoader Creating init config 
50760      DEBUG main            d.u.i.k.p.i.AbstractProblemLoader Init config took 2.39s 
50778      INFO  main            d.u.i.k.p.i.AbstractProblemLoader Replaying proof implicitIntStringConversion.key 
50779      DEBUG main            d.u.i.k.p.i.IntermediateProofReplayer Proof replay took 7.4ns 
51384      INFO  main            d.u.i.k.p.r.p.TestFile    ... finished proof: closed. 
51566      INFO  main            d.u.i.k.p.i.AbstractProblemLoader Loading environment from /home/runner/work/key/key/key.core/../key.ui/examples/standard_key/strings/implicitIntStringConversion.key.proof 
51567      DEBUG main            d.u.i.k.p.i.AbstractProblemLoader Environment load took 656.42ns 
51568      INFO  main            d.u.i.k.p.i.AbstractProblemLoader Creating init config 
53902      DEBUG main            d.u.i.k.p.i.AbstractProblemLoader Init config took 2.33s 
53922      INFO  main            d.u.i.k.p.i.AbstractProblemLoader Replaying proof implicitIntStringConversion.key.proof 
53982      DEBUG main            d.u.i.k.p.i.IntermediateProofReplayer Proof replay took 54.33ms 
53983      DEBUG main            d.u.i.k.p.r.p.TestFile    ... success: reloaded. 
53984      INFO  main            d.u.i.k.p.r.p.TestFile    Now processing file /home/runner/work/key/key/key.core/../key.ui/examples/standard_key/strings/implicitNullStringConversion.key 
53984      INFO  main            d.u.i.k.p.i.AbstractProblemLoader Loading environment from /home/runner/work/key/key/key.core/../key.ui/examples/standard_key/strings/implicitNullStringConversion.key 
53985      DEBUG main            d.u.i.k.p.i.AbstractProblemLoader Environment load took 616.41ns 
53986      INFO  main            d.u.i.k.p.i.AbstractProblemLoader Creating init config 
56345      DEBUG main            d.u.i.k.p.i.AbstractProblemLoader Init config took 2.36s 
56362      INFO  main            d.u.i.k.p.i.AbstractProblemLoader Replaying proof implicitNullStringConversion.key 
56364      DEBUG main            d.u.i.k.p.i.IntermediateProofReplayer Proof replay took 6ns 
56570      INFO  main            d.u.i.k.p.r.p.TestFile    ... finished proof: closed. 
56770      INFO  main            d.u.i.k.p.i.AbstractProblemLoader Loading environment from /home/runner/work/key/key/key.core/../key.ui/examples/standard_key/strings/implicitNullStringConversion.key.proof 
56771      DEBUG main            d.u.i.k.p.i.AbstractProblemLoader Environment load took 369.51ns 
56772      INFO  main            d.u.i.k.p.i.AbstractProblemLoader Creating init config 
59090      DEBUG main            d.u.i.k.p.i.AbstractProblemLoader Init config took 2.32s 
59109      INFO  main            d.u.i.k.p.i.AbstractProblemLoader Replaying proof implicitNullStringConversion.key.proof 
59131      DEBUG main            d.u.i.k.p.i.IntermediateProofReplayer Proof replay took 18.28ms 
59132      DEBUG main            d.u.i.k.p.r.p.TestFile    ... success: reloaded. 
59132      INFO  main            d.u.i.k.p.r.p.TestFile    Now processing file /home/runner/work/key/key/key.core/../key.ui/examples/standard_key/strings/implicitNullStringConversion2.key 
59133      INFO  main            d.u.i.k.p.i.AbstractProblemLoader Loading environment from /home/runner/work/key/key/key.core/../key.ui/examples/standard_key/strings/implicitNullStringConversion2.key 
59133      DEBUG main            d.u.i.k.p.i.AbstractProblemLoader Environment load took 105.8ns 
59134      INFO  main            d.u.i.k.p.i.AbstractProblemLoader Creating init config 
61501      DEBUG main            d.u.i.k.p.i.AbstractProblemLoader Init config took 2.37s 
61521      INFO  main            d.u.i.k.p.i.AbstractProblemLoader Replaying proof implicitNullStringConversion2.key 
61522      DEBUG main            d.u.i.k.p.i.IntermediateProofReplayer Proof replay took 6.2ns 
61730      INFO  main            d.u.i.k.p.r.p.TestFile    ... finished proof: closed. 
61923      INFO  main            d.u.i.k.p.i.AbstractProblemLoader Loading environment from /home/runner/work/key/key/key.core/../key.ui/examples/standard_key/strings/implicitNullStringConversion2.key.proof 
61923      DEBUG main            d.u.i.k.p.i.AbstractProblemLoader Environment load took 123.4ns 
61924      INFO  main            d.u.i.k.p.i.AbstractProblemLoader Creating init config 
64225      DEBUG main            d.u.i.k.p.i.AbstractProblemLoader Init config took 2.3s 
64242      INFO  main            d.u.i.k.p.i.AbstractProblemLoader Replaying proof implicitNullStringConversion2.key.proof 
64258      DEBUG main            d.u.i.k.p.i.IntermediateProofReplayer Proof replay took 12.81ms 
64259      DEBUG main            d.u.i.k.p.r.p.TestFile    ... success: reloaded. 
64260      INFO  main            d.u.i.k.p.r.p.TestFile    Now processing file /home/runner/work/key/key/key.core/../key.ui/examples/standard_key/strings/implicitObjectStringConversion.key 
64260      INFO  main            d.u.i.k.p.i.AbstractProblemLoader Loading environment from /home/runner/work/key/key/key.core/../key.ui/examples/standard_key/strings/implicitObjectStringConversion.key 
64260      DEBUG main            d.u.i.k.p.i.AbstractProblemLoader Environment load took 169.8ns 
64261      INFO  main            d.u.i.k.p.i.AbstractProblemLoader Creating init config 
66830      DEBUG main            d.u.i.k.p.i.AbstractProblemLoader Init config took 2.57s 
66849      INFO  main            d.u.i.k.p.i.AbstractProblemLoader Replaying proof implicitObjectStringConversion.key 
66850      DEBUG main            d.u.i.k.p.i.IntermediateProofReplayer Proof replay took 7.3ns 
67459      INFO  main            d.u.i.k.p.r.p.TestFile    ... finished proof: closed. 
67712      INFO  main            d.u.i.k.p.i.AbstractProblemLoader Loading environment from /home/runner/work/key/key/key.core/../key.ui/examples/standard_key/strings/implicitObjectStringConversion.key.proof 
67714      DEBUG main            d.u.i.k.p.i.AbstractProblemLoader Environment load took 1.74ms 
67716      INFO  main            d.u.i.k.p.i.AbstractProblemLoader Creating init config 
70229      DEBUG main            d.u.i.k.p.i.AbstractProblemLoader Init config took 2.51s 
70250      INFO  main            d.u.i.k.p.i.AbstractProblemLoader Replaying proof implicitObjectStringConversion.key.proof 
70299      DEBUG main            d.u.i.k.p.i.IntermediateProofReplayer Proof replay took 45.27ms 
70300      DEBUG main            d.u.i.k.p.r.p.TestFile    ... success: reloaded. 
70301      INFO  main            d.u.i.k.p.r.p.TestFile    Now processing file /home/runner/work/key/key/key.core/../key.ui/examples/standard_key/strings/literalEquality.key 
70302      INFO  main            d.u.i.k.p.i.AbstractProblemLoader Loading environment from /home/runner/work/key/key/key.core/../key.ui/examples/standard_key/strings/literalEquality.key 
70302      DEBUG main            d.u.i.k.p.i.AbstractProblemLoader Environment load took 117.5ns 
70303      INFO  main            d.u.i.k.p.i.AbstractProblemLoader Creating init config 
72660      DEBUG main            d.u.i.k.p.i.AbstractProblemLoader Init config took 2.36s 
72678      INFO  main            d.u.i.k.p.i.AbstractProblemLoader Replaying proof literalEquality.key 
72679      DEBUG main            d.u.i.k.p.i.IntermediateProofReplayer Proof replay took 6.8ns 
72784      INFO  main            d.u.i.k.p.r.p.TestFile    ... finished proof: closed. 
72983      INFO  main            d.u.i.k.p.i.AbstractProblemLoader Loading environment from /home/runner/work/key/key/key.core/../key.ui/examples/standard_key/strings/literalEquality.key.proof 
72983      DEBUG main            d.u.i.k.p.i.AbstractProblemLoader Environment load took 129.8ns 
72984      INFO  main            d.u.i.k.p.i.AbstractProblemLoader Creating init config 
75312      DEBUG main            d.u.i.k.p.i.AbstractProblemLoader Init config took 2.33s 
75327      INFO  main            d.u.i.k.p.i.AbstractProblemLoader Replaying proof literalEquality.key.proof 
75350      DEBUG main            d.u.i.k.p.i.IntermediateProofReplayer Proof replay took 21.02ms 
75351      DEBUG main            d.u.i.k.p.r.p.TestFile    ... success: reloaded. 
75352      INFO  main            d.u.i.k.p.r.p.TestFile    Now processing file /home/runner/work/key/key/key.core/../key.ui/examples/standard_key/strings/replace0.key 
75352      INFO  main            d.u.i.k.p.i.AbstractProblemLoader Loading environment from /home/runner/work/key/key/key.core/../key.ui/examples/standard_key/strings/replace0.key 
75352      DEBUG main            d.u.i.k.p.i.AbstractProblemLoader Environment load took 170.9ns 
75353      INFO  main            d.u.i.k.p.i.AbstractProblemLoader Creating init config 
77703      DEBUG main            d.u.i.k.p.i.AbstractProblemLoader Init config took 2.35s 
77717      INFO  main            d.u.i.k.p.i.AbstractProblemLoader Replaying proof replace0.key 
77718      DEBUG main            d.u.i.k.p.i.IntermediateProofReplayer Proof replay took 6.7ns 
77821      INFO  main            d.u.i.k.p.r.p.TestFile    ... finished proof: closed. 
78016      INFO  main            d.u.i.k.p.i.AbstractProblemLoader Loading environment from /home/runner/work/key/key/key.core/../key.ui/examples/standard_key/strings/replace0.key.proof 
78016      DEBUG main            d.u.i.k.p.i.AbstractProblemLoader Environment load took 122.6ns 
78018      INFO  main            d.u.i.k.p.i.AbstractProblemLoader Creating init config 
80308      DEBUG main            d.u.i.k.p.i.AbstractProblemLoader Init config took 2.29s 
80323      INFO  main            d.u.i.k.p.i.AbstractProblemLoader Replaying proof replace0.key.proof 
80327      DEBUG main            d.u.i.k.p.i.IntermediateProofReplayer Proof replay took 2.55ms 
80328      DEBUG main            d.u.i.k.p.r.p.TestFile    ... success: reloaded. 
80329      INFO  main            d.u.i.k.p.r.p.TestFile    Now processing file /home/runner/work/key/key/key.core/../key.ui/examples/standard_key/strings/replace1.key 
80330      INFO  main            d.u.i.k.p.i.AbstractProblemLoader Loading environment from /home/runner/work/key/key/key.core/../key.ui/examples/standard_key/strings/replace1.key 
80330      DEBUG main            d.u.i.k.p.i.AbstractProblemLoader Environment load took 171.2ns 
80331      INFO  main            d.u.i.k.p.i.AbstractProblemLoader Creating init config 
82684      DEBUG main            d.u.i.k.p.i.AbstractProblemLoader Init config took 2.35s 
82698      INFO  main            d.u.i.k.p.i.AbstractProblemLoader Replaying proof replace1.key 
82700      DEBUG main            d.u.i.k.p.i.IntermediateProofReplayer Proof replay took 7.6ns 
82802      INFO  main            d.u.i.k.p.r.p.TestFile    ... finished proof: closed. 
83004      INFO  main            d.u.i.k.p.i.AbstractProblemLoader Loading environment from /home/runner/work/key/key/key.core/../key.ui/examples/standard_key/strings/replace1.key.proof 
83004      DEBUG main            d.u.i.k.p.i.AbstractProblemLoader Environment load took 133.6ns 
83006      INFO  main            d.u.i.k.p.i.AbstractProblemLoader Creating init config 
85316      DEBUG main            d.u.i.k.p.i.AbstractProblemLoader Init config took 2.31s 
85331      INFO  main            d.u.i.k.p.i.AbstractProblemLoader Replaying proof replace1.key.proof 
85338      DEBUG main            d.u.i.k.p.i.IntermediateProofReplayer Proof replay took 5.5ms 
85340      DEBUG main            d.u.i.k.p.r.p.TestFile    ... success: reloaded. 
85342      INFO  main            d.u.i.k.p.r.p.TestFile    Now processing file /home/runner/work/key/key/key.core/../key.ui/examples/standard_key/strings/simpleAssignment.key 
85342      INFO  main            d.u.i.k.p.i.AbstractProblemLoader Loading environment from /home/runner/work/key/key/key.core/../key.ui/examples/standard_key/strings/simpleAssignment.key 
85343      DEBUG main            d.u.i.k.p.i.AbstractProblemLoader Environment load took 1.12ms 
85344      INFO  main            d.u.i.k.p.i.AbstractProblemLoader Creating init config 
87697      DEBUG main            d.u.i.k.p.i.AbstractProblemLoader Init config took 2.35s 
87711      INFO  main            d.u.i.k.p.i.AbstractProblemLoader Replaying proof simpleAssignment.key 
87712      DEBUG main            d.u.i.k.p.i.IntermediateProofReplayer Proof replay took 7.5ns 
87814      INFO  main            d.u.i.k.p.r.p.TestFile    ... finished proof: closed. 
88024      INFO  main            d.u.i.k.p.i.AbstractProblemLoader Loading environment from /home/runner/work/key/key/key.core/../key.ui/examples/standard_key/strings/simpleAssignment.key.proof 
88024      DEBUG main            d.u.i.k.p.i.AbstractProblemLoader Environment load took 117ns 
88025      INFO  main            d.u.i.k.p.i.AbstractProblemLoader Creating init config 
90325      DEBUG main            d.u.i.k.p.i.AbstractProblemLoader Init config took 2.3s 
90342      INFO  main            d.u.i.k.p.i.AbstractProblemLoader Replaying proof simpleAssignment.key.proof 
90348      DEBUG main            d.u.i.k.p.i.IntermediateProofReplayer Proof replay took 2.14ms 
90349      DEBUG main            d.u.i.k.p.r.p.TestFile    ... success: reloaded. 
90350      INFO  main            d.u.i.k.p.r.p.TestFile    Now processing file /home/runner/work/key/key/key.core/../key.ui/examples/standard_key/strings/simpleLengthComp.key 
90350      INFO  main            d.u.i.k.p.i.AbstractProblemLoader Loading environment from /home/runner/work/key/key/key.core/../key.ui/examples/standard_key/strings/simpleLengthComp.key 
90350      DEBUG main            d.u.i.k.p.i.AbstractProblemLoader Environment load took 95.5ns 
90351      INFO  main            d.u.i.k.p.i.AbstractProblemLoader Creating init config 
92667      DEBUG main            d.u.i.k.p.i.AbstractProblemLoader Init config took 2.32s 
92682      INFO  main            d.u.i.k.p.i.AbstractProblemLoader Replaying proof simpleLengthComp.key 
92684      DEBUG main            d.u.i.k.p.i.IntermediateProofReplayer Proof replay took 6ns 
92887      INFO  main            d.u.i.k.p.r.p.TestFile    ... finished proof: closed. 
93134      INFO  main            d.u.i.k.p.i.AbstractProblemLoader Loading environment from /home/runner/work/key/key/key.core/../key.ui/examples/standard_key/strings/simpleLengthComp.key.proof 
93134      DEBUG main            d.u.i.k.p.i.AbstractProblemLoader Environment load took 134.3ns 
93136      INFO  main            d.u.i.k.p.i.AbstractProblemLoader Creating init config 
95413      DEBUG main            d.u.i.k.p.i.AbstractProblemLoader Init config took 2.28s 
95429      INFO  main            d.u.i.k.p.i.AbstractProblemLoader Replaying proof simpleLengthComp.key.proof 
95460      DEBUG main            d.u.i.k.p.i.IntermediateProofReplayer Proof replay took 29.17ms 
95462      DEBUG main            d.u.i.k.p.r.p.TestFile    ... success: reloaded. 
95464      INFO  main            d.u.i.k.p.r.p.TestFile    Now processing file /home/runner/work/key/key/key.core/../key.ui/examples/standard_key/strings/stringCompileTimeConstant1.key 
95464      INFO  main            d.u.i.k.p.i.AbstractProblemLoader Loading environment from /home/runner/work/key/key/key.core/../key.ui/examples/standard_key/strings/stringCompileTimeConstant1.key 
95464      DEBUG main            d.u.i.k.p.i.AbstractProblemLoader Environment load took 177.5ns 
95465      INFO  main            d.u.i.k.p.i.AbstractProblemLoader Creating init config 
97825      DEBUG main            d.u.i.k.p.i.AbstractProblemLoader Init config took 2.36s 
97840      INFO  main            d.u.i.k.p.i.AbstractProblemLoader Replaying proof stringCompileTimeConstant1.key 
97841      DEBUG main            d.u.i.k.p.i.IntermediateProofReplayer Proof replay took 6.7ns 
97943      INFO  main            d.u.i.k.p.r.p.TestFile    ... finished proof: closed. 
98169      INFO  main            d.u.i.k.p.i.AbstractProblemLoader Loading environment from /home/runner/work/key/key/key.core/../key.ui/examples/standard_key/strings/stringCompileTimeConstant1.key.proof 
98169      DEBUG main            d.u.i.k.p.i.AbstractProblemLoader Environment load took 106.9ns 
98171      INFO  main            d.u.i.k.p.i.AbstractProblemLoader Creating init config 
100441     DEBUG main            d.u.i.k.p.i.AbstractProblemLoader Init config took 2.27s 
100457     INFO  main            d.u.i.k.p.i.AbstractProblemLoader Replaying proof stringCompileTimeConstant1.key.proof 
100461     DEBUG main            d.u.i.k.p.i.IntermediateProofReplayer Proof replay took 2.77ms 
100462     DEBUG main            d.u.i.k.p.r.p.TestFile    ... success: reloaded. 
100463     INFO  main            d.u.i.k.p.r.p.TestFile    Now processing file /home/runner/work/key/key/key.core/../key.ui/examples/standard_key/strings/stringCompileTimeConstant2.key 
100463     INFO  main            d.u.i.k.p.i.AbstractProblemLoader Loading environment from /home/runner/work/key/key/key.core/../key.ui/examples/standard_key/strings/stringCompileTimeConstant2.key 
100463     DEBUG main            d.u.i.k.p.i.AbstractProblemLoader Environment load took 89.5ns 
100464     INFO  main            d.u.i.k.p.i.AbstractProblemLoader Creating init config 
102965     DEBUG main            d.u.i.k.p.i.AbstractProblemLoader Init config took 2.5s 
102981     INFO  main            d.u.i.k.p.i.AbstractProblemLoader Replaying proof stringCompileTimeConstant2.key 
102982     DEBUG main            d.u.i.k.p.i.IntermediateProofReplayer Proof replay took 6.4ns 
105491     INFO  main            d.u.i.k.p.r.p.TestFile    ... finished proof: closed. 
105761     INFO  main            d.u.i.k.p.i.AbstractProblemLoader Loading environment from /home/runner/work/key/key/key.core/../key.ui/examples/standard_key/strings/stringCompileTimeConstant2.key.proof 
105761     DEBUG main            d.u.i.k.p.i.AbstractProblemLoader Environment load took 324.7ns 
105763     INFO  main            d.u.i.k.p.i.AbstractProblemLoader Creating init config 
108181     DEBUG main            d.u.i.k.p.i.AbstractProblemLoader Init config took 2.42s 
108196     INFO  main            d.u.i.k.p.i.AbstractProblemLoader Replaying proof stringCompileTimeConstant2.key.proof 
108410     DEBUG main            d.u.i.k.p.i.IntermediateProofReplayer Proof replay took 203.25ms 
108419     DEBUG main            d.u.i.k.p.r.p.TestFile    ... success: reloaded. 
108420     INFO  main            d.u.i.k.p.r.p.TestFile    Now processing file /home/runner/work/key/key/key.core/../key.ui/examples/standard_key/strings/stringEquality1.key 
108420     INFO  main            d.u.i.k.p.i.AbstractProblemLoader Loading environment from /home/runner/work/key/key/key.core/../key.ui/examples/standard_key/strings/stringEquality1.key 
108421     DEBUG main            d.u.i.k.p.i.AbstractProblemLoader Environment load took 226.2ns 
108422     INFO  main            d.u.i.k.p.i.AbstractProblemLoader Creating init config 
110751     DEBUG main            d.u.i.k.p.i.AbstractProblemLoader Init config took 2.33s 
110765     INFO  main            d.u.i.k.p.i.AbstractProblemLoader Replaying proof stringEquality1.key 
110766     DEBUG main            d.u.i.k.p.i.IntermediateProofReplayer Proof replay took 6.2ns 
110868     INFO  main            d.u.i.k.p.r.p.TestFile    ... finished proof: closed. 
111120     INFO  main            d.u.i.k.p.i.AbstractProblemLoader Loading environment from /home/runner/work/key/key/key.core/../key.ui/examples/standard_key/strings/stringEquality1.key.proof 
111121     DEBUG main            d.u.i.k.p.i.AbstractProblemLoader Environment load took 114.6ns 
111122     INFO  main            d.u.i.k.p.i.AbstractProblemLoader Creating init config 
113373     DEBUG main            d.u.i.k.p.i.AbstractProblemLoader Init config took 2.25s 
113388     INFO  main            d.u.i.k.p.i.AbstractProblemLoader Replaying proof stringEquality1.key.proof 
113394     DEBUG main            d.u.i.k.p.i.IntermediateProofReplayer Proof replay took 4.29ms 
113395     DEBUG main            d.u.i.k.p.r.p.TestFile    ... success: reloaded. 
113396     INFO  main            d.u.i.k.p.r.p.TestFile    Now processing file /home/runner/work/key/key/key.core/../key.ui/examples/standard_key/strings/stringEquality2.key 
113396     INFO  main            d.u.i.k.p.i.AbstractProblemLoader Loading environment from /home/runner/work/key/key/key.core/../key.ui/examples/standard_key/strings/stringEquality2.key 
113396     DEBUG main            d.u.i.k.p.i.AbstractProblemLoader Environment load took 89.5ns 
113397     INFO  main            d.u.i.k.p.i.AbstractProblemLoader Creating init config 
115721     DEBUG main            d.u.i.k.p.i.AbstractProblemLoader Init config took 2.32s 
115735     INFO  main            d.u.i.k.p.i.AbstractProblemLoader Replaying proof stringEquality2.key 
115736     DEBUG main            d.u.i.k.p.i.IntermediateProofReplayer Proof replay took 6.4ns 
116142     INFO  main            d.u.i.k.p.r.p.TestFile    ... finished proof: closed. 
116393     INFO  main            d.u.i.k.p.i.AbstractProblemLoader Loading environment from /home/runner/work/key/key/key.core/../key.ui/examples/standard_key/strings/stringEquality2.key.proof 
116394     DEBUG main            d.u.i.k.p.i.AbstractProblemLoader Environment load took 340.5ns 
116395     INFO  main            d.u.i.k.p.i.AbstractProblemLoader Creating init config 
118666     DEBUG main            d.u.i.k.p.i.AbstractProblemLoader Init config took 2.27s 
118681     INFO  main            d.u.i.k.p.i.AbstractProblemLoader Replaying proof stringEquality2.key.proof 
118708     DEBUG main            d.u.i.k.p.i.IntermediateProofReplayer Proof replay took 21.71ms 
118709     DEBUG main            d.u.i.k.p.r.p.TestFile    ... success: reloaded. 
118711     INFO  main            d.u.i.k.p.r.p.TestFile    Now processing file /home/runner/work/key/key/key.core/../key.ui/examples/standard_key/strings/substring0.key 
118712     INFO  main            d.u.i.k.p.i.AbstractProblemLoader Loading environment from /home/runner/work/key/key/key.core/../key.ui/examples/standard_key/strings/substring0.key 
118712     DEBUG main            d.u.i.k.p.i.AbstractProblemLoader Environment load took 174.8ns 
118713     INFO  main            d.u.i.k.p.i.AbstractProblemLoader Creating init config 
121035     DEBUG main            d.u.i.k.p.i.AbstractProblemLoader Init config took 2.32s 
121049     INFO  main            d.u.i.k.p.i.AbstractProblemLoader Replaying proof substring0.key 
121050     DEBUG main            d.u.i.k.p.i.IntermediateProofReplayer Proof replay took 6.1ns 
121156     INFO  main            d.u.i.k.p.r.p.TestFile    ... finished proof: closed. 
121408     INFO  main            d.u.i.k.p.i.AbstractProblemLoader Loading environment from /home/runner/work/key/key/key.core/../key.ui/examples/standard_key/strings/substring0.key.proof 
121408     DEBUG main            d.u.i.k.p.i.AbstractProblemLoader Environment load took 110.1ns 
121409     INFO  main            d.u.i.k.p.i.AbstractProblemLoader Creating init config 
123647     DEBUG main            d.u.i.k.p.i.AbstractProblemLoader Init config took 2.24s 
123662     INFO  main            d.u.i.k.p.i.AbstractProblemLoader Replaying proof substring0.key.proof 
123664     DEBUG main            d.u.i.k.p.i.IntermediateProofReplayer Proof replay took 411.01ns 
123665     DEBUG main            d.u.i.k.p.r.p.TestFile    ... success: reloaded. 
123665     INFO  main            d.u.i.k.p.r.p.TestFile    Now processing file /home/runner/work/key/key/key.core/../key.ui/examples/standard_key/strings/substring1.key 
123666     INFO  main            d.u.i.k.p.i.AbstractProblemLoader Loading environment from /home/runner/work/key/key/key.core/../key.ui/examples/standard_key/strings/substring1.key 
123666     DEBUG main            d.u.i.k.p.i.AbstractProblemLoader Environment load took 105.9ns 
123666     INFO  main            d.u.i.k.p.i.AbstractProblemLoader Creating init config 
126016     DEBUG main            d.u.i.k.p.i.AbstractProblemLoader Init config took 2.35s 
126029     INFO  main            d.u.i.k.p.i.AbstractProblemLoader Replaying proof substring1.key 
126030     DEBUG main            d.u.i.k.p.i.IntermediateProofReplayer Proof replay took 7ns 
126132     INFO  main            d.u.i.k.p.r.p.TestFile    ... finished proof: closed. 
126375     INFO  main            d.u.i.k.p.i.AbstractProblemLoader Loading environment from /home/runner/work/key/key/key.core/../key.ui/examples/standard_key/strings/substring1.key.proof 
126375     DEBUG main            d.u.i.k.p.i.AbstractProblemLoader Environment load took 110.7ns 
126376     INFO  main            d.u.i.k.p.i.AbstractProblemLoader Creating init config 
128617     DEBUG main            d.u.i.k.p.i.AbstractProblemLoader Init config took 2.24s 
128631     INFO  main            d.u.i.k.p.i.AbstractProblemLoader Replaying proof substring1.key.proof 
128632     DEBUG main            d.u.i.k.p.i.IntermediateProofReplayer Proof replay took 378.3ns 
128633     DEBUG main            d.u.i.k.p.r.p.TestFile    ... success: reloaded. 
128634     INFO  main            d.u.i.k.p.r.p.TestFile    Now processing file /home/runner/work/key/key/key.core/../key.ui/examples/standard_key/strings/substring2.key 
128634     INFO  main            d.u.i.k.p.i.AbstractProblemLoader Loading environment from /home/runner/work/key/key/key.core/../key.ui/examples/standard_key/strings/substring2.key 
128634     DEBUG main            d.u.i.k.p.i.AbstractProblemLoader Environment load took 90.3ns 
128635     INFO  main            d.u.i.k.p.i.AbstractProblemLoader Creating init config 
130940     DEBUG main            d.u.i.k.p.i.AbstractProblemLoader Init config took 2.31s 
130954     INFO  main            d.u.i.k.p.i.AbstractProblemLoader Replaying proof substring2.key 
130955     DEBUG main            d.u.i.k.p.i.IntermediateProofReplayer Proof replay took 7.1ns 
131057     INFO  main            d.u.i.k.p.r.p.TestFile    ... finished proof: closed. 
131306     INFO  main            d.u.i.k.p.i.AbstractProblemLoader Loading environment from /home/runner/work/key/key/key.core/../key.ui/examples/standard_key/strings/substring2.key.proof 
131306     DEBUG main            d.u.i.k.p.i.AbstractProblemLoader Environment load took 106.1ns 
131307     INFO  main            d.u.i.k.p.i.AbstractProblemLoader Creating init config 
133571     DEBUG main            d.u.i.k.p.i.AbstractProblemLoader Init config took 2.26s 
133585     INFO  main            d.u.i.k.p.i.AbstractProblemLoader Replaying proof substring2.key.proof 
133587     DEBUG main            d.u.i.k.p.i.IntermediateProofReplayer Proof replay took 797.91ns 
133588     DEBUG main            d.u.i.k.p.r.p.TestFile    ... success: reloaded. 
133589     INFO  main            d.u.i.k.p.r.p.TestFile    Now processing file /home/runner/work/key/key/key.core/../key.ui/examples/standard_key/strings/substring3.key 
133589     INFO  main            d.u.i.k.p.i.AbstractProblemLoader Loading environment from /home/runner/work/key/key/key.core/../key.ui/examples/standard_key/strings/substring3.key 
133589     DEBUG main            d.u.i.k.p.i.AbstractProblemLoader Environment load took 163.3ns 
133590     INFO  main            d.u.i.k.p.i.AbstractProblemLoader Creating init config 
135922     DEBUG main            d.u.i.k.p.i.AbstractProblemLoader Init config took 2.33s 
135936     INFO  main            d.u.i.k.p.i.AbstractProblemLoader Replaying proof substring3.key 
135937     DEBUG main            d.u.i.k.p.i.IntermediateProofReplayer Proof replay took 20.6ns 
136040     INFO  main            d.u.i.k.p.r.p.TestFile    ... finished proof: closed. 
136298     INFO  main            d.u.i.k.p.i.AbstractProblemLoader Loading environment from /home/runner/work/key/key/key.core/../key.ui/examples/standard_key/strings/substring3.key.proof 
136298     DEBUG main            d.u.i.k.p.i.AbstractProblemLoader Environment load took 108.6ns 
136299     INFO  main            d.u.i.k.p.i.AbstractProblemLoader Creating init config 
138549     DEBUG main            d.u.i.k.p.i.AbstractProblemLoader Init config took 2.25s 
138562     INFO  main            d.u.i.k.p.i.AbstractProblemLoader Replaying proof substring3.key.proof 
138565     DEBUG main            d.u.i.k.p.i.IntermediateProofReplayer Proof replay took 1.62ms 
138566     DEBUG main            d.u.i.k.p.r.p.TestFile    ... success: reloaded. 
138567     INFO  main            d.u.i.k.p.r.p.TestFile    Now processing file /home/runner/work/key/key/key.core/../key.ui/examples/standard_key/strings/substring4.key 
138567     INFO  main            d.u.i.k.p.i.AbstractProblemLoader Loading environment from /home/runner/work/key/key/key.core/../key.ui/examples/standard_key/strings/substring4.key 
138567     DEBUG main            d.u.i.k.p.i.AbstractProblemLoader Environment load took 100ns 
138568     INFO  main            d.u.i.k.p.i.AbstractProblemLoader Creating init config 
140856     DEBUG main            d.u.i.k.p.i.AbstractProblemLoader Init config took 2.29s 
140870     INFO  main            d.u.i.k.p.i.AbstractProblemLoader Replaying proof substring4.key 
140871     DEBUG main            d.u.i.k.p.i.IntermediateProofReplayer Proof replay took 6.3ns 
140977     INFO  main            d.u.i.k.p.r.p.TestFile    ... finished proof: closed. 
141233     INFO  main            d.u.i.k.p.i.AbstractProblemLoader Loading environment from /home/runner/work/key/key/key.core/../key.ui/examples/standard_key/strings/substring4.key.proof 
141233     DEBUG main            d.u.i.k.p.i.AbstractProblemLoader Environment load took 127.1ns 
141234     INFO  main            d.u.i.k.p.i.AbstractProblemLoader Creating init config 
143499     DEBUG main            d.u.i.k.p.i.AbstractProblemLoader Init config took 2.26s 
143512     INFO  main            d.u.i.k.p.i.AbstractProblemLoader Replaying proof substring4.key.proof 
143516     DEBUG main            d.u.i.k.p.i.IntermediateProofReplayer Proof replay took 1.98ms 
143517     DEBUG main            d.u.i.k.p.r.p.TestFile    ... success: reloaded. 
143517     INFO  main            d.u.i.k.p.r.p.TestFile    Now processing file /home/runner/work/key/key/key.core/../key.ui/examples/standard_key/strings/substring5.key 
143518     INFO  main            d.u.i.k.p.i.AbstractProblemLoader Loading environment from /home/runner/work/key/key/key.core/../key.ui/examples/standard_key/strings/substring5.key 
143518     DEBUG main            d.u.i.k.p.i.AbstractProblemLoader Environment load took 67.8ns 
143519     INFO  main            d.u.i.k.p.i.AbstractProblemLoader Creating init config 
145870     DEBUG main            d.u.i.k.p.i.AbstractProblemLoader Init config took 2.35s 
145884     INFO  main            d.u.i.k.p.i.AbstractProblemLoader Replaying proof substring5.key 
145885     DEBUG main            d.u.i.k.p.i.IntermediateProofReplayer Proof replay took 6.7ns 
146087     INFO  main            d.u.i.k.p.r.p.TestFile    ... finished proof: closed. 
146383     INFO  main            d.u.i.k.p.i.AbstractProblemLoader Loading environment from /home/runner/work/key/key/key.core/../key.ui/examples/standard_key/strings/substring5.key.proof 
146383     DEBUG main            d.u.i.k.p.i.AbstractProblemLoader Environment load took 118.8ns 
146384     INFO  main            d.u.i.k.p.i.AbstractProblemLoader Creating init config 
148631     DEBUG main            d.u.i.k.p.i.AbstractProblemLoader Init config took 2.25s 
148645     INFO  main            d.u.i.k.p.i.AbstractProblemLoader Replaying proof substring5.key.proof 
148661     DEBUG main            d.u.i.k.p.i.IntermediateProofReplayer Proof replay took 12.68ms 
148662     DEBUG main            d.u.i.k.p.r.p.TestFile    ... success: reloaded. 
3938130    INFO  Test worker     d.u.i.k.p.r.RunAllProofsTestUnit Returning from test strings 
3938131    INFO  Test worker     d.u.i.k.p.r.RunAllProofsTestUnit Running test simple_info_flow 
357        INFO  Timeout watchdog d.u.i.k.p.r.p.ForkedTestFileRunner Timeout watcher launched (2000 secs.) 
370        WARN  main            d.u.i.k.s.ProofSettings   The settings in /home/runner/.key/proof-settings.props are *not* read. 
398        INFO  main            d.u.i.k.p.r.p.TestFile    Now processing file /home/runner/work/key/key/key.core/../key.ui/examples/heap/information_flow/UpdateAbstraction_ex7_1_insecure.key 
515        INFO  main            d.u.i.k.p.i.AbstractProblemLoader Loading environment from /home/runner/work/key/key/key.core/../key.ui/examples/heap/information_flow/UpdateAbstraction_ex7_1_insecure.key 
531        DEBUG main            d.u.i.k.p.i.AbstractProblemLoader Environment load took 2.07ms 
750        INFO  main            d.u.i.k.p.i.AbstractProblemLoader Creating init config 
1692       DEBUG main            d.u.i.k.j.TypeConverter   No LDT found for Meta 
1694       DEBUG main            d.u.i.k.j.TypeConverter   No LDT found for Meta 
1697       DEBUG main            d.u.i.k.j.TypeConverter   No LDT found for Meta 
1697       DEBUG main            d.u.i.k.j.TypeConverter   No LDT found for Meta 
3226       DEBUG main            d.u.i.k.j.TypeConverter   No LDT found for JavaBigintExpression 
8333       DEBUG main            d.u.i.k.p.i.AbstractProblemLoader Init config took 7.58s 
8511       INFO  main            d.u.i.k.p.i.AbstractProblemLoader Replaying proof UpdateAbstraction[UpdateAbstraction::ex7_1_insecure()].JML operation contract.0 
8547       DEBUG main            d.u.i.k.p.i.IntermediateProofReplayer Proof replay took 38.1ns 
9216       INFO  main            d.u.i.k.p.r.p.TestFile    ... finished proof: open goal(s) 
9345       INFO  main            d.u.i.k.p.r.p.TestFile    Now processing file /home/runner/work/key/key/key.core/../key.ui/examples/heap/information_flow/UpdateAbstraction_ex7_2_insecure.key 
9346       INFO  main            d.u.i.k.p.i.AbstractProblemLoader Loading environment from /home/runner/work/key/key/key.core/../key.ui/examples/heap/information_flow/UpdateAbstraction_ex7_2_insecure.key 
9346       DEBUG main            d.u.i.k.p.i.AbstractProblemLoader Environment load took 261.6ns 
9348       INFO  main            d.u.i.k.p.i.AbstractProblemLoader Creating init config 
12460      DEBUG main            d.u.i.k.p.i.AbstractProblemLoader Init config took 3.11s 
12521      INFO  main            d.u.i.k.p.i.AbstractProblemLoader Replaying proof UpdateAbstraction[UpdateAbstraction::ex7_2_insecure()].JML operation contract.0 
12523      DEBUG main            d.u.i.k.p.i.IntermediateProofReplayer Proof replay took 6.4ns 
12828      INFO  main            d.u.i.k.p.r.p.TestFile    ... finished proof: open goal(s) 
3951238    INFO  Test worker     d.u.i.k.p.r.RunAllProofsTestUnit Returning from test simple_info_flow 
3951240    INFO  Test worker     d.u.i.k.p.r.RunAllProofsTestUnit Running test modelMethods 
335        INFO  Timeout watchdog d.u.i.k.p.r.p.ForkedTestFileRunner Timeout watcher launched (2000 secs.) 
345        WARN  main            d.u.i.k.s.ProofSettings   The settings in /home/runner/.key/proof-settings.props are *not* read. 
371        INFO  main            d.u.i.k.p.r.p.TestFile    Now processing file /home/runner/work/key/key/key.core/../key.ui/examples/heap/model_methods/Cell_footprint_acc.key 
488        INFO  main            d.u.i.k.p.i.AbstractProblemLoader Loading environment from /home/runner/work/key/key/key.core/../key.ui/examples/heap/model_methods/Cell_footprint_acc.key 
519        DEBUG main            d.u.i.k.p.i.AbstractProblemLoader Environment load took 2.05ms 
743        INFO  main            d.u.i.k.p.i.AbstractProblemLoader Creating init config 
1749       DEBUG main            d.u.i.k.j.TypeConverter   No LDT found for Meta 
1750       DEBUG main            d.u.i.k.j.TypeConverter   No LDT found for Meta 
1752       DEBUG main            d.u.i.k.j.TypeConverter   No LDT found for Meta 
1752       DEBUG main            d.u.i.k.j.TypeConverter   No LDT found for Meta 
3276       DEBUG main            d.u.i.k.j.TypeConverter   No LDT found for JavaBigintExpression 
8236       DEBUG main            d.u.i.k.p.i.AbstractProblemLoader Init config took 7.49s 
8362       INFO  main            d.u.i.k.p.i.AbstractProblemLoader Replaying proof Cell[Cell::footprint()].JML accessible clause.0 
8395       DEBUG main            d.u.i.k.p.i.IntermediateProofReplayer Proof replay took 30ns 
8748       INFO  main            d.u.i.k.p.r.p.TestFile    ... finished proof: closed. 
8852       INFO  main            d.u.i.k.p.i.AbstractProblemLoader Loading environment from /home/runner/work/key/key/key.core/../key.ui/examples/heap/model_methods/Cell_footprint_acc.key.proof 
8852       DEBUG main            d.u.i.k.p.i.AbstractProblemLoader Environment load took 158.1ns 
8854       INFO  main            d.u.i.k.p.i.AbstractProblemLoader Creating init config 
11721      DEBUG main            d.u.i.k.p.i.AbstractProblemLoader Init config took 2.87s 
11792      INFO  main            d.u.i.k.p.i.AbstractProblemLoader Replaying proof Cell[Cell::footprint()].JML accessible clause.0 
11811      DEBUG main            d.u.i.k.p.i.IntermediateProofReplayer Proof replay took 14.28ms 
11817      DEBUG main            d.u.i.k.p.r.p.TestFile    ... success: reloaded. 
11819      INFO  main            d.u.i.k.p.r.p.TestFile    Now processing file /home/runner/work/key/key/key.core/../key.ui/examples/heap/model_methods/Cell_footprint.key 
11819      INFO  main            d.u.i.k.p.i.AbstractProblemLoader Loading environment from /home/runner/work/key/key/key.core/../key.ui/examples/heap/model_methods/Cell_footprint.key 
11820      DEBUG main            d.u.i.k.p.i.AbstractProblemLoader Environment load took 195.5ns 
11821      INFO  main            d.u.i.k.p.i.AbstractProblemLoader Creating init config 
14537      DEBUG main            d.u.i.k.p.i.AbstractProblemLoader Init config took 2.72s 
14602      INFO  main            d.u.i.k.p.i.AbstractProblemLoader Replaying proof Cell[Cell::footprint()].JML model_behavior operation contract.0 
14604      DEBUG main            d.u.i.k.p.i.IntermediateProofReplayer Proof replay took 6.6ns 
14707      INFO  main            d.u.i.k.p.r.p.TestFile    ... finished proof: closed. 
14836      INFO  main            d.u.i.k.p.i.AbstractProblemLoader Loading environment from /home/runner/work/key/key/key.core/../key.ui/examples/heap/model_methods/Cell_footprint.key.proof 
14836      DEBUG main            d.u.i.k.p.i.AbstractProblemLoader Environment load took 129.6ns 
14838      INFO  main            d.u.i.k.p.i.AbstractProblemLoader Creating init config 
17465      DEBUG main            d.u.i.k.p.i.AbstractProblemLoader Init config took 2.63s 
17534      INFO  main            d.u.i.k.p.i.AbstractProblemLoader Replaying proof Cell[Cell::footprint()].JML model_behavior operation contract.0 
17543      DEBUG main            d.u.i.k.p.i.IntermediateProofReplayer Proof replay took 6.84ms 
17544      DEBUG main            d.u.i.k.p.r.p.TestFile    ... success: reloaded. 
17546      INFO  main            d.u.i.k.p.r.p.TestFile    Now processing file /home/runner/work/key/key/key.core/../key.ui/examples/heap/model_methods/Cell_get_acc.key 
17546      INFO  main            d.u.i.k.p.i.AbstractProblemLoader Loading environment from /home/runner/work/key/key/key.core/../key.ui/examples/heap/model_methods/Cell_get_acc.key 
17546      DEBUG main            d.u.i.k.p.i.AbstractProblemLoader Environment load took 178.7ns 
17547      INFO  main            d.u.i.k.p.i.AbstractProblemLoader Creating init config 
20105      DEBUG main            d.u.i.k.p.i.AbstractProblemLoader Init config took 2.56s 
20169      INFO  main            d.u.i.k.p.i.AbstractProblemLoader Replaying proof Cell[Cell::get()].JML accessible clause.0 
20172      DEBUG main            d.u.i.k.p.i.IntermediateProofReplayer Proof replay took 7.1ns 
20383      INFO  main            d.u.i.k.p.r.p.TestFile    ... finished proof: closed. 
20540      INFO  main            d.u.i.k.p.i.AbstractProblemLoader Loading environment from /home/runner/work/key/key/key.core/../key.ui/examples/heap/model_methods/Cell_get_acc.key.proof 
20543      DEBUG main            d.u.i.k.p.i.AbstractProblemLoader Environment load took 2.15ms 
20544      INFO  main            d.u.i.k.p.i.AbstractProblemLoader Creating init config 
23098      DEBUG main            d.u.i.k.p.i.AbstractProblemLoader Init config took 2.55s 
23147      INFO  main            d.u.i.k.p.i.AbstractProblemLoader Replaying proof Cell[Cell::get()].JML accessible clause.0 
23193      DEBUG main            d.u.i.k.p.i.IntermediateProofReplayer Proof replay took 43.15ms 
23195      DEBUG main            d.u.i.k.p.r.p.TestFile    ... success: reloaded. 
23196      INFO  main            d.u.i.k.p.r.p.TestFile    Now processing file /home/runner/work/key/key/key.core/../key.ui/examples/heap/model_methods/Cell_get.key 
23196      INFO  main            d.u.i.k.p.i.AbstractProblemLoader Loading environment from /home/runner/work/key/key/key.core/../key.ui/examples/heap/model_methods/Cell_get.key 
23196      DEBUG main            d.u.i.k.p.i.AbstractProblemLoader Environment load took 178.6ns 
23198      INFO  main            d.u.i.k.p.i.AbstractProblemLoader Creating init config 
25832      DEBUG main            d.u.i.k.p.i.AbstractProblemLoader Init config took 2.63s 
25884      INFO  main            d.u.i.k.p.i.AbstractProblemLoader Replaying proof Cell[Cell::get()].JML operation contract.0 
25886      DEBUG main            d.u.i.k.p.i.IntermediateProofReplayer Proof replay took 6.4ns 
25989      INFO  main            d.u.i.k.p.r.p.TestFile    ... finished proof: closed. 
26134      INFO  main            d.u.i.k.p.i.AbstractProblemLoader Loading environment from /home/runner/work/key/key/key.core/../key.ui/examples/heap/model_methods/Cell_get.key.proof 
26134      DEBUG main            d.u.i.k.p.i.AbstractProblemLoader Environment load took 132.21ns 
26136      INFO  main            d.u.i.k.p.i.AbstractProblemLoader Creating init config 
28669      DEBUG main            d.u.i.k.p.i.AbstractProblemLoader Init config took 2.53s 
28730      INFO  main            d.u.i.k.p.i.AbstractProblemLoader Replaying proof Cell[Cell::get()].JML operation contract.0 
28761      DEBUG main            d.u.i.k.p.i.IntermediateProofReplayer Proof replay took 24.09ms 
28762      DEBUG main            d.u.i.k.p.r.p.TestFile    ... success: reloaded. 
28764      INFO  main            d.u.i.k.p.r.p.TestFile    Now processing file /home/runner/work/key/key/key.core/../key.ui/examples/heap/model_methods/Cell_post_set.key 
28765      INFO  main            d.u.i.k.p.i.AbstractProblemLoader Loading environment from /home/runner/work/key/key/key.core/../key.ui/examples/heap/model_methods/Cell_post_set.key 
28765      DEBUG main            d.u.i.k.p.i.AbstractProblemLoader Environment load took 99.1ns 
28766      INFO  main            d.u.i.k.p.i.AbstractProblemLoader Creating init config 
31352      DEBUG main            d.u.i.k.p.i.AbstractProblemLoader Init config took 2.59s 
31399      INFO  main            d.u.i.k.p.i.AbstractProblemLoader Replaying proof Cell[Cell::post_set(int)].JML model_behavior operation contract.0 
31401      DEBUG main            d.u.i.k.p.i.IntermediateProofReplayer Proof replay took 6.4ns 
31503      INFO  main            d.u.i.k.p.r.p.TestFile    ... finished proof: closed. 
31670      INFO  main            d.u.i.k.p.i.AbstractProblemLoader Loading environment from /home/runner/work/key/key/key.core/../key.ui/examples/heap/model_methods/Cell_post_set.key.proof 
31670      DEBUG main            d.u.i.k.p.i.AbstractProblemLoader Environment load took 129.3ns 
31671      INFO  main            d.u.i.k.p.i.AbstractProblemLoader Creating init config 
34193      DEBUG main            d.u.i.k.p.i.AbstractProblemLoader Init config took 2.52s 
34240      INFO  main            d.u.i.k.p.i.AbstractProblemLoader Replaying proof Cell[Cell::post_set(int)].JML model_behavior operation contract.0 
34246      DEBUG main            d.u.i.k.p.i.IntermediateProofReplayer Proof replay took 4.96ms 
34247      DEBUG main            d.u.i.k.p.r.p.TestFile    ... success: reloaded. 
34248      INFO  main            d.u.i.k.p.r.p.TestFile    Now processing file /home/runner/work/key/key/key.core/../key.ui/examples/heap/model_methods/Cell_set.key 
34249      INFO  main            d.u.i.k.p.i.AbstractProblemLoader Loading environment from /home/runner/work/key/key/key.core/../key.ui/examples/heap/model_methods/Cell_set.key 
34249      DEBUG main            d.u.i.k.p.i.AbstractProblemLoader Environment load took 104.2ns 
34250      INFO  main            d.u.i.k.p.i.AbstractProblemLoader Creating init config 
36836      DEBUG main            d.u.i.k.p.i.AbstractProblemLoader Init config took 2.59s 
36882      INFO  main            d.u.i.k.p.i.AbstractProblemLoader Replaying proof Cell[Cell::set(int)].JML operation contract.0 
36883      DEBUG main            d.u.i.k.p.i.IntermediateProofReplayer Proof replay took 6.6ns 
43240      INFO  main            d.u.i.k.p.r.p.TestFile    ... finished proof: closed. 
43461      INFO  main            d.u.i.k.p.i.AbstractProblemLoader Loading environment from /home/runner/work/key/key/key.core/../key.ui/examples/heap/model_methods/Cell_set.key.proof 
43461      DEBUG main            d.u.i.k.p.i.AbstractProblemLoader Environment load took 393.71ns 
43463      INFO  main            d.u.i.k.p.i.AbstractProblemLoader Creating init config 
45985      DEBUG main            d.u.i.k.p.i.AbstractProblemLoader Init config took 2.52s 
46047      INFO  main            d.u.i.k.p.i.AbstractProblemLoader Replaying proof Cell[Cell::set(int)].JML operation contract.0 
46539      DEBUG main            d.u.i.k.p.i.IntermediateProofReplayer Proof replay took 470.88ms 
46541      DEBUG main            d.u.i.k.p.r.p.TestFile    ... success: reloaded. 
46542      INFO  main            d.u.i.k.p.r.p.TestFile    Now processing file /home/runner/work/key/key/key.core/../key.ui/examples/heap/model_methods/CellTest_callSet.key 
46542      INFO  main            d.u.i.k.p.i.AbstractProblemLoader Loading environment from /home/runner/work/key/key/key.core/../key.ui/examples/heap/model_methods/CellTest_callSet.key 
46543      DEBUG main            d.u.i.k.p.i.AbstractProblemLoader Environment load took 215.31ns 
46544      INFO  main            d.u.i.k.p.i.AbstractProblemLoader Creating init config 
49053      DEBUG main            d.u.i.k.p.i.AbstractProblemLoader Init config took 2.51s 
49097      INFO  main            d.u.i.k.p.i.AbstractProblemLoader Replaying proof CellTest[CellTest::callSet(Cell,int)].JML operation contract.0 
49099      DEBUG main            d.u.i.k.p.i.IntermediateProofReplayer Proof replay took 7.3ns 
49304      INFO  main            d.u.i.k.p.r.p.TestFile    ... finished proof: closed. 
49472      INFO  main            d.u.i.k.p.i.AbstractProblemLoader Loading environment from /home/runner/work/key/key/key.core/../key.ui/examples/heap/model_methods/CellTest_callSet.key.proof 
49472      DEBUG main            d.u.i.k.p.i.AbstractProblemLoader Environment load took 124.4ns 
49473      INFO  main            d.u.i.k.p.i.AbstractProblemLoader Creating init config 
51954      DEBUG main            d.u.i.k.p.i.AbstractProblemLoader Init config took 2.48s 
52005      INFO  main            d.u.i.k.p.i.AbstractProblemLoader Replaying proof CellTest[CellTest::callSet(Cell,int)].JML operation contract.0 
52045      DEBUG main            d.u.i.k.p.i.IntermediateProofReplayer Proof replay took 38.04ms 
52047      DEBUG main            d.u.i.k.p.r.p.TestFile    ... success: reloaded. 
52048      INFO  main            d.u.i.k.p.r.p.TestFile    Now processing file /home/runner/work/key/key/key.core/../key.ui/examples/heap/model_methods/CellTest_test2.key 
52048      INFO  main            d.u.i.k.p.i.AbstractProblemLoader Loading environment from /home/runner/work/key/key/key.core/../key.ui/examples/heap/model_methods/CellTest_test2.key 
52048      DEBUG main            d.u.i.k.p.i.AbstractProblemLoader Environment load took 99.1ns 
52049      INFO  main            d.u.i.k.p.i.AbstractProblemLoader Creating init config 
54563      DEBUG main            d.u.i.k.p.i.AbstractProblemLoader Init config took 2.51s 
54606      INFO  main            d.u.i.k.p.i.AbstractProblemLoader Replaying proof CellTest[CellTest::test2(Cell)].JML operation contract.0 
54608      DEBUG main            d.u.i.k.p.i.IntermediateProofReplayer Proof replay took 7.2ns 
54911      INFO  main            d.u.i.k.p.r.p.TestFile    ... finished proof: closed. 
55109      INFO  main            d.u.i.k.p.i.AbstractProblemLoader Loading environment from /home/runner/work/key/key/key.core/../key.ui/examples/heap/model_methods/CellTest_test2.key.proof 
55110      DEBUG main            d.u.i.k.p.i.AbstractProblemLoader Environment load took 133.4ns 
55111      INFO  main            d.u.i.k.p.i.AbstractProblemLoader Creating init config 
57591      DEBUG main            d.u.i.k.p.i.AbstractProblemLoader Init config took 2.48s 
57634      INFO  main            d.u.i.k.p.i.AbstractProblemLoader Replaying proof CellTest[CellTest::test2(Cell)].JML operation contract.0 
57704      DEBUG main            d.u.i.k.p.i.IntermediateProofReplayer Proof replay took 66.69ms 
57705      DEBUG main            d.u.i.k.p.r.p.TestFile    ... success: reloaded. 
57706      INFO  main            d.u.i.k.p.r.p.TestFile    Now processing file /home/runner/work/key/key/key.core/../key.ui/examples/heap/model_methods/CellTest_test.key 
57707      INFO  main            d.u.i.k.p.i.AbstractProblemLoader Loading environment from /home/runner/work/key/key/key.core/../key.ui/examples/heap/model_methods/CellTest_test.key 
57707      DEBUG main            d.u.i.k.p.i.AbstractProblemLoader Environment load took 176ns 
57708      INFO  main            d.u.i.k.p.i.AbstractProblemLoader Creating init config 
60219      DEBUG main            d.u.i.k.p.i.AbstractProblemLoader Init config took 2.51s 
60260      INFO  main            d.u.i.k.p.i.AbstractProblemLoader Replaying proof CellTest[CellTest::test(Recell)].JML operation contract.0 
60262      DEBUG main            d.u.i.k.p.i.IntermediateProofReplayer Proof replay took 6.9ns 
62071      INFO  main            d.u.i.k.p.r.p.TestFile    ... finished proof: closed. 
62278      INFO  main            d.u.i.k.p.i.AbstractProblemLoader Loading environment from /home/runner/work/key/key/key.core/../key.ui/examples/heap/model_methods/CellTest_test.key.proof 
62279      DEBUG main            d.u.i.k.p.i.AbstractProblemLoader Environment load took 205.71ns 
62280      INFO  main            d.u.i.k.p.i.AbstractProblemLoader Creating init config 
64756      DEBUG main            d.u.i.k.p.i.AbstractProblemLoader Init config took 2.48s 
64798      INFO  main            d.u.i.k.p.i.AbstractProblemLoader Replaying proof CellTest[CellTest::test(Recell)].JML operation contract.0 
65199      DEBUG main            d.u.i.k.p.i.IntermediateProofReplayer Proof replay took 384.05ms 
65200      DEBUG main            d.u.i.k.p.r.p.TestFile    ... success: reloaded. 
65202      INFO  main            d.u.i.k.p.r.p.TestFile    Now processing file /home/runner/work/key/key/key.core/../key.ui/examples/heap/model_methods/Coll1_add.key 
65202      INFO  main            d.u.i.k.p.i.AbstractProblemLoader Loading environment from /home/runner/work/key/key/key.core/../key.ui/examples/heap/model_methods/Coll1_add.key 
65203      DEBUG main            d.u.i.k.p.i.AbstractProblemLoader Environment load took 103.7ns 
65204      INFO  main            d.u.i.k.p.i.AbstractProblemLoader Creating init config 
67705      DEBUG main            d.u.i.k.p.i.AbstractProblemLoader Init config took 2.5s 
67748      INFO  main            d.u.i.k.p.i.AbstractProblemLoader Replaying proof Coll1[Coll::add(int)].JML operation contract.0 
67750      DEBUG main            d.u.i.k.p.i.IntermediateProofReplayer Proof replay took 7ns 
67852      INFO  main            d.u.i.k.p.r.p.TestFile    ... finished proof: closed. 
68033      INFO  main            d.u.i.k.p.i.AbstractProblemLoader Loading environment from /home/runner/work/key/key/key.core/../key.ui/examples/heap/model_methods/Coll1_add.key.proof 
68034      DEBUG main            d.u.i.k.p.i.AbstractProblemLoader Environment load took 128.7ns 
68034      INFO  main            d.u.i.k.p.i.AbstractProblemLoader Creating init config 
70503      DEBUG main            d.u.i.k.p.i.AbstractProblemLoader Init config took 2.47s 
70543      INFO  main            d.u.i.k.p.i.AbstractProblemLoader Replaying proof Coll1[Coll::add(int)].JML operation contract.0 
70553      DEBUG main            d.u.i.k.p.i.IntermediateProofReplayer Proof replay took 8.61ms 
70555      DEBUG main            d.u.i.k.p.r.p.TestFile    ... success: reloaded. 
70558      INFO  main            d.u.i.k.p.r.p.TestFile    Now processing file /home/runner/work/key/key/key.core/../key.ui/examples/heap/model_methods/Coll1_Coll1_add_pre.key 
70559      INFO  main            d.u.i.k.p.i.AbstractProblemLoader Loading environment from /home/runner/work/key/key/key.core/../key.ui/examples/heap/model_methods/Coll1_Coll1_add_pre.key 
70559      DEBUG main            d.u.i.k.p.i.AbstractProblemLoader Environment load took 205.4ns 
70560      INFO  main            d.u.i.k.p.i.AbstractProblemLoader Creating init config 
73053      DEBUG main            d.u.i.k.p.i.AbstractProblemLoader Init config took 2.49s 
73092      INFO  main            d.u.i.k.p.i.AbstractProblemLoader Replaying proof Coll1[Coll1::add_pre(int)].JML model_behavior operation contract.0 
73094      DEBUG main            d.u.i.k.p.i.IntermediateProofReplayer Proof replay took 6.9ns 
73195      INFO  main            d.u.i.k.p.r.p.TestFile    ... finished proof: closed. 
73381      INFO  main            d.u.i.k.p.i.AbstractProblemLoader Loading environment from /home/runner/work/key/key/key.core/../key.ui/examples/heap/model_methods/Coll1_Coll1_add_pre.key.proof 
73381      DEBUG main            d.u.i.k.p.i.AbstractProblemLoader Environment load took 122.5ns 
73382      INFO  main            d.u.i.k.p.i.AbstractProblemLoader Creating init config 
75813      DEBUG main            d.u.i.k.p.i.AbstractProblemLoader Init config took 2.43s 
75864      INFO  main            d.u.i.k.p.i.AbstractProblemLoader Replaying proof Coll1[Coll1::add_pre(int)].JML model_behavior operation contract.0 
75867      DEBUG main            d.u.i.k.p.i.IntermediateProofReplayer Proof replay took 1.41ms 
75867      DEBUG main            d.u.i.k.p.r.p.TestFile    ... success: reloaded. 
75869      INFO  main            d.u.i.k.p.r.p.TestFile    Now processing file /home/runner/work/key/key/key.core/../key.ui/examples/heap/model_methods/Coll1_Coll_add_pre.key 
75869      INFO  main            d.u.i.k.p.i.AbstractProblemLoader Loading environment from /home/runner/work/key/key/key.core/../key.ui/examples/heap/model_methods/Coll1_Coll_add_pre.key 
75869      DEBUG main            d.u.i.k.p.i.AbstractProblemLoader Environment load took 77.6ns 
75870      INFO  main            d.u.i.k.p.i.AbstractProblemLoader Creating init config 
78331      DEBUG main            d.u.i.k.p.i.AbstractProblemLoader Init config took 2.46s 
78391      INFO  main            d.u.i.k.p.i.AbstractProblemLoader Replaying proof Coll1[Coll::add_pre(int)].JML model_behavior operation contract.0 
78393      DEBUG main            d.u.i.k.p.i.IntermediateProofReplayer Proof replay took 7.3ns 
78495      INFO  main            d.u.i.k.p.r.p.TestFile    ... finished proof: closed. 
78699      INFO  main            d.u.i.k.p.i.AbstractProblemLoader Loading environment from /home/runner/work/key/key/key.core/../key.ui/examples/heap/model_methods/Coll1_Coll_add_pre.key.proof 
78699      DEBUG main            d.u.i.k.p.i.AbstractProblemLoader Environment load took 117.3ns 
78700      INFO  main            d.u.i.k.p.i.AbstractProblemLoader Creating init config 
81146      DEBUG main            d.u.i.k.p.i.AbstractProblemLoader Init config took 2.45s 
81185      INFO  main            d.u.i.k.p.i.AbstractProblemLoader Replaying proof Coll1[Coll::add_pre(int)].JML model_behavior operation contract.0 
81188      DEBUG main            d.u.i.k.p.i.IntermediateProofReplayer Proof replay took 2.05ms 
81189      DEBUG main            d.u.i.k.p.r.p.TestFile    ... success: reloaded. 
81190      INFO  main            d.u.i.k.p.r.p.TestFile    Now processing file /home/runner/work/key/key/key.core/../key.ui/examples/heap/model_methods/Coll2_add.key 
81191      INFO  main            d.u.i.k.p.i.AbstractProblemLoader Loading environment from /home/runner/work/key/key/key.core/../key.ui/examples/heap/model_methods/Coll2_add.key 
81191      DEBUG main            d.u.i.k.p.i.AbstractProblemLoader Environment load took 185.1ns 
81192      INFO  main            d.u.i.k.p.i.AbstractProblemLoader Creating init config 
83707      DEBUG main            d.u.i.k.p.i.AbstractProblemLoader Init config took 2.52s 
83753      INFO  main            d.u.i.k.p.i.AbstractProblemLoader Replaying proof Coll2[Coll::add(int)].JML operation contract.0 
83754      DEBUG main            d.u.i.k.p.i.IntermediateProofReplayer Proof replay took 6.8ns 
83859      INFO  main            d.u.i.k.p.r.p.TestFile    ... finished proof: closed. 
84057      INFO  main            d.u.i.k.p.i.AbstractProblemLoader Loading environment from /home/runner/work/key/key/key.core/../key.ui/examples/heap/model_methods/Coll2_add.key.proof 
84058      DEBUG main            d.u.i.k.p.i.AbstractProblemLoader Environment load took 117.3ns 
84058      INFO  main            d.u.i.k.p.i.AbstractProblemLoader Creating init config 
86479      DEBUG main            d.u.i.k.p.i.AbstractProblemLoader Init config took 2.42s 
86516      INFO  main            d.u.i.k.p.i.AbstractProblemLoader Replaying proof Coll2[Coll::add(int)].JML operation contract.0 
86523      DEBUG main            d.u.i.k.p.i.IntermediateProofReplayer Proof replay took 5.86ms 
86524      DEBUG main            d.u.i.k.p.r.p.TestFile    ... success: reloaded. 
86525      INFO  main            d.u.i.k.p.r.p.TestFile    Now processing file /home/runner/work/key/key/key.core/../key.ui/examples/heap/model_methods/Coll2_Coll2_add_pre.key 
86525      INFO  main            d.u.i.k.p.i.AbstractProblemLoader Loading environment from /home/runner/work/key/key/key.core/../key.ui/examples/heap/model_methods/Coll2_Coll2_add_pre.key 
86525      DEBUG main            d.u.i.k.p.i.AbstractProblemLoader Environment load took 88.1ns 
86526      INFO  main            d.u.i.k.p.i.AbstractProblemLoader Creating init config 
89018      DEBUG main            d.u.i.k.p.i.AbstractProblemLoader Init config took 2.49s 
89055      INFO  main            d.u.i.k.p.i.AbstractProblemLoader Replaying proof Coll2[Coll2::add_pre(int)].JML model_behavior operation contract.0 
89057      DEBUG main            d.u.i.k.p.i.IntermediateProofReplayer Proof replay took 6.3ns 
89160      INFO  main            d.u.i.k.p.r.p.TestFile    ... finished proof: closed. 
89382      INFO  main            d.u.i.k.p.i.AbstractProblemLoader Loading environment from /home/runner/work/key/key/key.core/../key.ui/examples/heap/model_methods/Coll2_Coll2_add_pre.key.proof 
89382      DEBUG main            d.u.i.k.p.i.AbstractProblemLoader Environment load took 119.6ns 
89383      INFO  main            d.u.i.k.p.i.AbstractProblemLoader Creating init config 
91813      DEBUG main            d.u.i.k.p.i.AbstractProblemLoader Init config took 2.43s 
91850      INFO  main            d.u.i.k.p.i.AbstractProblemLoader Replaying proof Coll2[Coll2::add_pre(int)].JML model_behavior operation contract.0 
91853      DEBUG main            d.u.i.k.p.i.IntermediateProofReplayer Proof replay took 1.45ms 
91854      DEBUG main            d.u.i.k.p.r.p.TestFile    ... success: reloaded. 
91855      INFO  main            d.u.i.k.p.r.p.TestFile    Now processing file /home/runner/work/key/key/key.core/../key.ui/examples/heap/model_methods/Coll2_Coll_add_pre.key 
91855      INFO  main            d.u.i.k.p.i.AbstractProblemLoader Loading environment from /home/runner/work/key/key/key.core/../key.ui/examples/heap/model_methods/Coll2_Coll_add_pre.key 
91856      DEBUG main            d.u.i.k.p.i.AbstractProblemLoader Environment load took 239.9ns 
91857      INFO  main            d.u.i.k.p.i.AbstractProblemLoader Creating init config 
94313      DEBUG main            d.u.i.k.p.i.AbstractProblemLoader Init config took 2.46s 
94350      INFO  main            d.u.i.k.p.i.AbstractProblemLoader Replaying proof Coll2[Coll::add_pre(int)].JML model_behavior operation contract.0 
94352      DEBUG main            d.u.i.k.p.i.IntermediateProofReplayer Proof replay took 6.4ns 
94454      INFO  main            d.u.i.k.p.r.p.TestFile    ... finished proof: closed. 
94672      INFO  main            d.u.i.k.p.i.AbstractProblemLoader Loading environment from /home/runner/work/key/key/key.core/../key.ui/examples/heap/model_methods/Coll2_Coll_add_pre.key.proof 
94672      DEBUG main            d.u.i.k.p.i.AbstractProblemLoader Environment load took 119.1ns 
94673      INFO  main            d.u.i.k.p.i.AbstractProblemLoader Creating init config 
97076      DEBUG main            d.u.i.k.p.i.AbstractProblemLoader Init config took 2.4s 
97113      INFO  main            d.u.i.k.p.i.AbstractProblemLoader Replaying proof Coll2[Coll::add_pre(int)].JML model_behavior operation contract.0 
97116      DEBUG main            d.u.i.k.p.i.IntermediateProofReplayer Proof replay took 1.89ms 
97117      DEBUG main            d.u.i.k.p.r.p.TestFile    ... success: reloaded. 
97118      INFO  main            d.u.i.k.p.r.p.TestFile    Now processing file /home/runner/work/key/key/key.core/../key.ui/examples/heap/model_methods/Coll_add.key 
97118      INFO  main            d.u.i.k.p.i.AbstractProblemLoader Loading environment from /home/runner/work/key/key/key.core/../key.ui/examples/heap/model_methods/Coll_add.key 
97118      DEBUG main            d.u.i.k.p.i.AbstractProblemLoader Environment load took 107.3ns 
97119      INFO  main            d.u.i.k.p.i.AbstractProblemLoader Creating init config 
99620      DEBUG main            d.u.i.k.p.i.AbstractProblemLoader Init config took 2.5s 
99659      INFO  main            d.u.i.k.p.i.AbstractProblemLoader Replaying proof Coll[Coll::add(int)].JML operation contract.0 
99660      DEBUG main            d.u.i.k.p.i.IntermediateProofReplayer Proof replay took 7.5ns 
99762      INFO  main            d.u.i.k.p.r.p.TestFile    ... finished proof: closed. 
100026     INFO  main            d.u.i.k.p.i.AbstractProblemLoader Loading environment from /home/runner/work/key/key/key.core/../key.ui/examples/heap/model_methods/Coll_add.key.proof 
100026     DEBUG main            d.u.i.k.p.i.AbstractProblemLoader Environment load took 132.2ns 
100027     INFO  main            d.u.i.k.p.i.AbstractProblemLoader Creating init config 
102431     DEBUG main            d.u.i.k.p.i.AbstractProblemLoader Init config took 2.4s 
102479     INFO  main            d.u.i.k.p.i.AbstractProblemLoader Replaying proof Coll[Coll::add(int)].JML operation contract.0 
102483     DEBUG main            d.u.i.k.p.i.IntermediateProofReplayer Proof replay took 2.01ms 
102484     DEBUG main            d.u.i.k.p.r.p.TestFile    ... success: reloaded. 
102485     INFO  main            d.u.i.k.p.r.p.TestFile    Now processing file /home/runner/work/key/key/key.core/../key.ui/examples/heap/model_methods/Coll_add_pre.key 
102485     INFO  main            d.u.i.k.p.i.AbstractProblemLoader Loading environment from /home/runner/work/key/key/key.core/../key.ui/examples/heap/model_methods/Coll_add_pre.key 
102485     DEBUG main            d.u.i.k.p.i.AbstractProblemLoader Environment load took 181.1ns 
102486     INFO  main            d.u.i.k.p.i.AbstractProblemLoader Creating init config 
104981     DEBUG main            d.u.i.k.p.i.AbstractProblemLoader Init config took 2.49s 
105018     INFO  main            d.u.i.k.p.i.AbstractProblemLoader Replaying proof Coll[Coll::add_pre(int)].JML model_behavior operation contract.0 
105020     DEBUG main            d.u.i.k.p.i.IntermediateProofReplayer Proof replay took 7.4ns 
105122     INFO  main            d.u.i.k.p.r.p.TestFile    ... finished proof: closed. 
105353     INFO  main            d.u.i.k.p.i.AbstractProblemLoader Loading environment from /home/runner/work/key/key/key.core/../key.ui/examples/heap/model_methods/Coll_add_pre.key.proof 
105353     DEBUG main            d.u.i.k.p.i.AbstractProblemLoader Environment load took 184.2ns 
105354     INFO  main            d.u.i.k.p.i.AbstractProblemLoader Creating init config 
107750     DEBUG main            d.u.i.k.p.i.AbstractProblemLoader Init config took 2.4s 
107787     INFO  main            d.u.i.k.p.i.AbstractProblemLoader Replaying proof Coll[Coll::add_pre(int)].JML model_behavior operation contract.0 
107790     DEBUG main            d.u.i.k.p.i.IntermediateProofReplayer Proof replay took 2.33ms 
107791     DEBUG main            d.u.i.k.p.r.p.TestFile    ... success: reloaded. 
107792     INFO  main            d.u.i.k.p.r.p.TestFile    Now processing file /home/runner/work/key/key/key.core/../key.ui/examples/heap/model_methods/Indirect_callAdd.key 
107792     INFO  main            d.u.i.k.p.i.AbstractProblemLoader Loading environment from /home/runner/work/key/key/key.core/../key.ui/examples/heap/model_methods/Indirect_callAdd.key 
107792     DEBUG main            d.u.i.k.p.i.AbstractProblemLoader Environment load took 78.7ns 
107793     INFO  main            d.u.i.k.p.i.AbstractProblemLoader Creating init config 
110262     DEBUG main            d.u.i.k.p.i.AbstractProblemLoader Init config took 2.47s 
110300     INFO  main            d.u.i.k.p.i.AbstractProblemLoader Replaying proof Indirect[Indirect::callAdd(Coll,int)].JML operation contract.0 
110301     DEBUG main            d.u.i.k.p.i.IntermediateProofReplayer Proof replay took 6.3ns 
110403     INFO  main            d.u.i.k.p.r.p.TestFile    ... finished proof: closed. 
110651     INFO  main            d.u.i.k.p.i.AbstractProblemLoader Loading environment from /home/runner/work/key/key/key.core/../key.ui/examples/heap/model_methods/Indirect_callAdd.key.proof 
110651     DEBUG main            d.u.i.k.p.i.AbstractProblemLoader Environment load took 116.6ns 
110652     INFO  main            d.u.i.k.p.i.AbstractProblemLoader Creating init config 
113034     DEBUG main            d.u.i.k.p.i.AbstractProblemLoader Init config took 2.38s 
113071     INFO  main            d.u.i.k.p.i.AbstractProblemLoader Replaying proof Indirect[Indirect::callAdd(Coll,int)].JML operation contract.0 
113094     DEBUG main            d.u.i.k.p.i.IntermediateProofReplayer Proof replay took 20.45ms 
113095     DEBUG main            d.u.i.k.p.r.p.TestFile    ... success: reloaded. 
113096     INFO  main            d.u.i.k.p.r.p.TestFile    Now processing file /home/runner/work/key/key/key.core/../key.ui/examples/heap/model_methods/Indirect_test.key 
113096     INFO  main            d.u.i.k.p.i.AbstractProblemLoader Loading environment from /home/runner/work/key/key/key.core/../key.ui/examples/heap/model_methods/Indirect_test.key 
113096     DEBUG main            d.u.i.k.p.i.AbstractProblemLoader Environment load took 80.5ns 
113097     INFO  main            d.u.i.k.p.i.AbstractProblemLoader Creating init config 
115583     DEBUG main            d.u.i.k.p.i.AbstractProblemLoader Init config took 2.49s 
115622     INFO  main            d.u.i.k.p.i.AbstractProblemLoader Replaying proof Indirect[Indirect::test(Coll1,Coll2)].JML operation contract.0 
115623     DEBUG main            d.u.i.k.p.i.IntermediateProofReplayer Proof replay took 6.2ns 
115831     INFO  main            d.u.i.k.p.r.p.TestFile    ... finished proof: closed. 
116081     INFO  main            d.u.i.k.p.i.AbstractProblemLoader Loading environment from /home/runner/work/key/key/key.core/../key.ui/examples/heap/model_methods/Indirect_test.key.proof 
116081     DEBUG main            d.u.i.k.p.i.AbstractProblemLoader Environment load took 112.5ns 
116082     INFO  main            d.u.i.k.p.i.AbstractProblemLoader Creating init config 
118465     DEBUG main            d.u.i.k.p.i.AbstractProblemLoader Init config took 2.38s 
118504     INFO  main            d.u.i.k.p.i.AbstractProblemLoader Replaying proof Indirect[Indirect::test(Coll1,Coll2)].JML operation contract.0 
118553     DEBUG main            d.u.i.k.p.i.IntermediateProofReplayer Proof replay took 46.31ms 
118554     DEBUG main            d.u.i.k.p.r.p.TestFile    ... success: reloaded. 
118555     INFO  main            d.u.i.k.p.r.p.TestFile    Now processing file /home/runner/work/key/key/key.core/../key.ui/examples/heap/model_methods/Recell_Cell_footprint.key 
118555     INFO  main            d.u.i.k.p.i.AbstractProblemLoader Loading environment from /home/runner/work/key/key/key.core/../key.ui/examples/heap/model_methods/Recell_Cell_footprint.key 
118555     DEBUG main            d.u.i.k.p.i.AbstractProblemLoader Environment load took 90.6ns 
118556     INFO  main            d.u.i.k.p.i.AbstractProblemLoader Creating init config 
121051     DEBUG main            d.u.i.k.p.i.AbstractProblemLoader Init config took 2.49s 
121088     INFO  main            d.u.i.k.p.i.AbstractProblemLoader Replaying proof Recell[Cell::footprint()].JML model_behavior operation contract.0 
121089     DEBUG main            d.u.i.k.p.i.IntermediateProofReplayer Proof replay took 6.7ns 
121192     INFO  main            d.u.i.k.p.r.p.TestFile    ... finished proof: closed. 
121430     INFO  main            d.u.i.k.p.i.AbstractProblemLoader Loading environment from /home/runner/work/key/key/key.core/../key.ui/examples/heap/model_methods/Recell_Cell_footprint.key.proof 
121430     DEBUG main            d.u.i.k.p.i.AbstractProblemLoader Environment load took 114.1ns 
121431     INFO  main            d.u.i.k.p.i.AbstractProblemLoader Creating init config 
123816     DEBUG main            d.u.i.k.p.i.AbstractProblemLoader Init config took 2.39s 
123853     INFO  main            d.u.i.k.p.i.AbstractProblemLoader Replaying proof Recell[Cell::footprint()].JML model_behavior operation contract.0 
123856     DEBUG main            d.u.i.k.p.i.IntermediateProofReplayer Proof replay took 2.46ms 
123857     DEBUG main            d.u.i.k.p.r.p.TestFile    ... success: reloaded. 
123858     INFO  main            d.u.i.k.p.r.p.TestFile    Now processing file /home/runner/work/key/key/key.core/../key.ui/examples/heap/model_methods/Recell_Cell_post_set.key 
123858     INFO  main            d.u.i.k.p.i.AbstractProblemLoader Loading environment from /home/runner/work/key/key/key.core/../key.ui/examples/heap/model_methods/Recell_Cell_post_set.key 
123858     DEBUG main            d.u.i.k.p.i.AbstractProblemLoader Environment load took 57.1ns 
123859     INFO  main            d.u.i.k.p.i.AbstractProblemLoader Creating init config 
126335     DEBUG main            d.u.i.k.p.i.AbstractProblemLoader Init config took 2.48s 
126371     INFO  main            d.u.i.k.p.i.AbstractProblemLoader Replaying proof Recell[Cell::post_set(int)].JML model_behavior operation contract.0 
126373     DEBUG main            d.u.i.k.p.i.IntermediateProofReplayer Proof replay took 6.2ns 
126475     INFO  main            d.u.i.k.p.r.p.TestFile    ... finished proof: closed. 
126722     INFO  main            d.u.i.k.p.i.AbstractProblemLoader Loading environment from /home/runner/work/key/key/key.core/../key.ui/examples/heap/model_methods/Recell_Cell_post_set.key.proof 
126722     DEBUG main            d.u.i.k.p.i.AbstractProblemLoader Environment load took 131.4ns 
126723     INFO  main            d.u.i.k.p.i.AbstractProblemLoader Creating init config 
129113     DEBUG main            d.u.i.k.p.i.AbstractProblemLoader Init config took 2.39s 
129149     INFO  main            d.u.i.k.p.i.AbstractProblemLoader Replaying proof Recell[Cell::post_set(int)].JML model_behavior operation contract.0 
129154     DEBUG main            d.u.i.k.p.i.IntermediateProofReplayer Proof replay took 3.41ms 
129155     DEBUG main            d.u.i.k.p.r.p.TestFile    ... success: reloaded. 
129156     INFO  main            d.u.i.k.p.r.p.TestFile    Now processing file /home/runner/work/key/key/key.core/../key.ui/examples/heap/model_methods/Recell_footprint_acc.key 
129156     INFO  main            d.u.i.k.p.i.AbstractProblemLoader Loading environment from /home/runner/work/key/key/key.core/../key.ui/examples/heap/model_methods/Recell_footprint_acc.key 
129156     DEBUG main            d.u.i.k.p.i.AbstractProblemLoader Environment load took 61.4ns 
129157     INFO  main            d.u.i.k.p.i.AbstractProblemLoader Creating init config 
131606     DEBUG main            d.u.i.k.p.i.AbstractProblemLoader Init config took 2.45s 
131643     INFO  main            d.u.i.k.p.i.AbstractProblemLoader Replaying proof Recell[Cell::footprint()].JML accessible clause.0 
131644     DEBUG main            d.u.i.k.p.i.IntermediateProofReplayer Proof replay took 6.4ns 
131750     INFO  main            d.u.i.k.p.r.p.TestFile    ... finished proof: closed. 
132038     INFO  main            d.u.i.k.p.i.AbstractProblemLoader Loading environment from /home/runner/work/key/key/key.core/../key.ui/examples/heap/model_methods/Recell_footprint_acc.key.proof 
132038     DEBUG main            d.u.i.k.p.i.AbstractProblemLoader Environment load took 111.2ns 
132039     INFO  main            d.u.i.k.p.i.AbstractProblemLoader Creating init config 
134430     DEBUG main            d.u.i.k.p.i.AbstractProblemLoader Init config took 2.39s 
134466     INFO  main            d.u.i.k.p.i.AbstractProblemLoader Replaying proof Recell[Cell::footprint()].JML accessible clause.0 
134485     DEBUG main            d.u.i.k.p.i.IntermediateProofReplayer Proof replay took 16.37ms 
134486     DEBUG main            d.u.i.k.p.r.p.TestFile    ... success: reloaded. 
134487     INFO  main            d.u.i.k.p.r.p.TestFile    Now processing file /home/runner/work/key/key/key.core/../key.ui/examples/heap/model_methods/Recell_get_acc.key 
134487     INFO  main            d.u.i.k.p.i.AbstractProblemLoader Loading environment from /home/runner/work/key/key/key.core/../key.ui/examples/heap/model_methods/Recell_get_acc.key 
134487     DEBUG main            d.u.i.k.p.i.AbstractProblemLoader Environment load took 79.6ns 
134488     INFO  main            d.u.i.k.p.i.AbstractProblemLoader Creating init config 
136933     DEBUG main            d.u.i.k.p.i.AbstractProblemLoader Init config took 2.45s 
136969     INFO  main            d.u.i.k.p.i.AbstractProblemLoader Replaying proof Recell[Cell::get()].JML accessible clause.0 
136970     DEBUG main            d.u.i.k.p.i.IntermediateProofReplayer Proof replay took 7.8ns 
137076     INFO  main            d.u.i.k.p.r.p.TestFile    ... finished proof: closed. 
137346     INFO  main            d.u.i.k.p.i.AbstractProblemLoader Loading environment from /home/runner/work/key/key/key.core/../key.ui/examples/heap/model_methods/Recell_get_acc.key.proof 
137346     DEBUG main            d.u.i.k.p.i.AbstractProblemLoader Environment load took 108.7ns 
137347     INFO  main            d.u.i.k.p.i.AbstractProblemLoader Creating init config 
139724     DEBUG main            d.u.i.k.p.i.AbstractProblemLoader Init config took 2.38s 
139760     INFO  main            d.u.i.k.p.i.AbstractProblemLoader Replaying proof Recell[Cell::get()].JML accessible clause.0 
139777     DEBUG main            d.u.i.k.p.i.IntermediateProofReplayer Proof replay took 14.88ms 
139778     DEBUG main            d.u.i.k.p.r.p.TestFile    ... success: reloaded. 
139779     INFO  main            d.u.i.k.p.r.p.TestFile    Now processing file /home/runner/work/key/key/key.core/../key.ui/examples/heap/model_methods/Recell_get.key 
139779     INFO  main            d.u.i.k.p.i.AbstractProblemLoader Loading environment from /home/runner/work/key/key/key.core/../key.ui/examples/heap/model_methods/Recell_get.key 
139779     DEBUG main            d.u.i.k.p.i.AbstractProblemLoader Environment load took 84.6ns 
139780     INFO  main            d.u.i.k.p.i.AbstractProblemLoader Creating init config 
142220     DEBUG main            d.u.i.k.p.i.AbstractProblemLoader Init config took 2.44s 
142258     INFO  main            d.u.i.k.p.i.AbstractProblemLoader Replaying proof Recell[Cell::get()].JML operation contract.0 
142259     DEBUG main            d.u.i.k.p.i.IntermediateProofReplayer Proof replay took 6.4ns 
142361     INFO  main            d.u.i.k.p.r.p.TestFile    ... finished proof: closed. 
142627     INFO  main            d.u.i.k.p.i.AbstractProblemLoader Loading environment from /home/runner/work/key/key/key.core/../key.ui/examples/heap/model_methods/Recell_get.key.proof 
142627     DEBUG main            d.u.i.k.p.i.AbstractProblemLoader Environment load took 115.7ns 
142628     INFO  main            d.u.i.k.p.i.AbstractProblemLoader Creating init config 
144999     DEBUG main            d.u.i.k.p.i.AbstractProblemLoader Init config took 2.37s 
145036     INFO  main            d.u.i.k.p.i.AbstractProblemLoader Replaying proof Recell[Cell::get()].JML operation contract.0 
145046     DEBUG main            d.u.i.k.p.i.IntermediateProofReplayer Proof replay took 7.71ms 
145047     DEBUG main            d.u.i.k.p.r.p.TestFile    ... success: reloaded. 
145048     INFO  main            d.u.i.k.p.r.p.TestFile    Now processing file /home/runner/work/key/key/key.core/../key.ui/examples/heap/model_methods/Recell_Recell_footprint.key 
145048     INFO  main            d.u.i.k.p.i.AbstractProblemLoader Loading environment from /home/runner/work/key/key/key.core/../key.ui/examples/heap/model_methods/Recell_Recell_footprint.key 
145049     DEBUG main            d.u.i.k.p.i.AbstractProblemLoader Environment load took 195.5ns 
145051     INFO  main            d.u.i.k.p.i.AbstractProblemLoader Creating init config 
147510     DEBUG main            d.u.i.k.p.i.AbstractProblemLoader Init config took 2.46s 
147548     INFO  main            d.u.i.k.p.i.AbstractProblemLoader Replaying proof Recell[Recell::footprint()].JML model_behavior operation contract.0 
147549     DEBUG main            d.u.i.k.p.i.IntermediateProofReplayer Proof replay took 7.7ns 
147651     INFO  main            d.u.i.k.p.r.p.TestFile    ... finished proof: closed. 
147927     INFO  main            d.u.i.k.p.i.AbstractProblemLoader Loading environment from /home/runner/work/key/key/key.core/../key.ui/examples/heap/model_methods/Recell_Recell_footprint.key.proof 
147927     DEBUG main            d.u.i.k.p.i.AbstractProblemLoader Environment load took 103.2ns 
147928     INFO  main            d.u.i.k.p.i.AbstractProblemLoader Creating init config 
150312     DEBUG main            d.u.i.k.p.i.AbstractProblemLoader Init config took 2.38s 
150348     INFO  main            d.u.i.k.p.i.AbstractProblemLoader Replaying proof Recell[Recell::footprint()].JML model_behavior operation contract.0 
150350     DEBUG main            d.u.i.k.p.i.IntermediateProofReplayer Proof replay took 1.35ms 
150351     DEBUG main            d.u.i.k.p.r.p.TestFile    ... success: reloaded. 
150352     INFO  main            d.u.i.k.p.r.p.TestFile    Now processing file /home/runner/work/key/key/key.core/../key.ui/examples/heap/model_methods/Recell_Recell_post_set.key 
150352     INFO  main            d.u.i.k.p.i.AbstractProblemLoader Loading environment from /home/runner/work/key/key/key.core/../key.ui/examples/heap/model_methods/Recell_Recell_post_set.key 
150353     DEBUG main            d.u.i.k.p.i.AbstractProblemLoader Environment load took 192.4ns 
150353     INFO  main            d.u.i.k.p.i.AbstractProblemLoader Creating init config 
152780     DEBUG main            d.u.i.k.p.i.AbstractProblemLoader Init config took 2.43s 
152817     INFO  main            d.u.i.k.p.i.AbstractProblemLoader Replaying proof Recell[Recell::post_set(int)].JML model_behavior operation contract.0 
152818     DEBUG main            d.u.i.k.p.i.IntermediateProofReplayer Proof replay took 27.8ns 
152920     INFO  main            d.u.i.k.p.r.p.TestFile    ... finished proof: closed. 
153192     INFO  main            d.u.i.k.p.i.AbstractProblemLoader Loading environment from /home/runner/work/key/key/key.core/../key.ui/examples/heap/model_methods/Recell_Recell_post_set.key.proof 
153192     DEBUG main            d.u.i.k.p.i.AbstractProblemLoader Environment load took 115.8ns 
153193     INFO  main            d.u.i.k.p.i.AbstractProblemLoader Creating init config 
155577     DEBUG main            d.u.i.k.p.i.AbstractProblemLoader Init config took 2.38s 
155614     INFO  main            d.u.i.k.p.i.AbstractProblemLoader Replaying proof Recell[Recell::post_set(int)].JML model_behavior operation contract.0 
155617     DEBUG main            d.u.i.k.p.i.IntermediateProofReplayer Proof replay took 2.13ms 
155618     DEBUG main            d.u.i.k.p.r.p.TestFile    ... success: reloaded. 
155619     INFO  main            d.u.i.k.p.r.p.TestFile    Now processing file /home/runner/work/key/key/key.core/../key.ui/examples/heap/model_methods/Recell_set.key 
155619     INFO  main            d.u.i.k.p.i.AbstractProblemLoader Loading environment from /home/runner/work/key/key/key.core/../key.ui/examples/heap/model_methods/Recell_set.key 
155619     DEBUG main            d.u.i.k.p.i.AbstractProblemLoader Environment load took 84ns 
155620     INFO  main            d.u.i.k.p.i.AbstractProblemLoader Creating init config 
158068     DEBUG main            d.u.i.k.p.i.AbstractProblemLoader Init config took 2.45s 
158104     INFO  main            d.u.i.k.p.i.AbstractProblemLoader Replaying proof Recell[Cell::set(int)].JML operation contract.0 
158105     DEBUG main            d.u.i.k.p.i.IntermediateProofReplayer Proof replay took 7.4ns 
164545     INFO  main            d.u.i.k.p.r.p.TestFile    ... finished proof: closed. 
164867     INFO  main            d.u.i.k.p.i.AbstractProblemLoader Loading environment from /home/runner/work/key/key/key.core/../key.ui/examples/heap/model_methods/Recell_set.key.proof 
164867     DEBUG main            d.u.i.k.p.i.AbstractProblemLoader Environment load took 342.5ns 
164869     INFO  main            d.u.i.k.p.i.AbstractProblemLoader Creating init config 
167249     DEBUG main            d.u.i.k.p.i.AbstractProblemLoader Init config took 2.38s 
167286     INFO  main            d.u.i.k.p.i.AbstractProblemLoader Replaying proof Recell[Cell::set(int)].JML operation contract.0 
167659     DEBUG main            d.u.i.k.p.i.IntermediateProofReplayer Proof replay took 355.05ms 
167660     DEBUG main            d.u.i.k.p.r.p.TestFile    ... success: reloaded. 
167661     INFO  main            d.u.i.k.p.r.p.TestFile    Now processing file /home/runner/work/key/key/key.core/../key.ui/examples/heap/model_methods/Recell_undo.key 
167661     INFO  main            d.u.i.k.p.i.AbstractProblemLoader Loading environment from /home/runner/work/key/key/key.core/../key.ui/examples/heap/model_methods/Recell_undo.key 
167662     DEBUG main            d.u.i.k.p.i.AbstractProblemLoader Environment load took 90.6ns 
167662     INFO  main            d.u.i.k.p.i.AbstractProblemLoader Creating init config 
170101     DEBUG main            d.u.i.k.p.i.AbstractProblemLoader Init config took 2.44s 
170137     INFO  main            d.u.i.k.p.i.AbstractProblemLoader Replaying proof Recell[Recell::undo()].JML operation contract.0 
170139     DEBUG main            d.u.i.k.p.i.IntermediateProofReplayer Proof replay took 7.6ns 
170243     INFO  main            d.u.i.k.p.r.p.TestFile    ... finished proof: closed. 
170528     INFO  main            d.u.i.k.p.i.AbstractProblemLoader Loading environment from /home/runner/work/key/key/key.core/../key.ui/examples/heap/model_methods/Recell_undo.key.proof 
170528     DEBUG main            d.u.i.k.p.i.AbstractProblemLoader Environment load took 103.7ns 
170529     INFO  main            d.u.i.k.p.i.AbstractProblemLoader Creating init config 
172889     DEBUG main            d.u.i.k.p.i.AbstractProblemLoader Init config took 2.36s 
172926     INFO  main            d.u.i.k.p.i.AbstractProblemLoader Replaying proof Recell[Recell::undo()].JML operation contract.0 
172953     DEBUG main            d.u.i.k.p.i.IntermediateProofReplayer Proof replay took 24.2ms 
172954     DEBUG main            d.u.i.k.p.r.p.TestFile    ... success: reloaded. 
4124382    INFO  Test worker     d.u.i.k.p.r.RunAllProofsTestUnit Returning from test modelMethods 
4124383    INFO  Test worker     d.u.i.k.p.r.RunAllProofsTestUnit Running test permissionHeap 
398        INFO  Timeout watchdog d.u.i.k.p.r.p.ForkedTestFileRunner Timeout watcher launched (2000 secs.) 
399        WARN  main            d.u.i.k.s.ProofSettings   The settings in /home/runner/.key/proof-settings.props are *not* read. 
435        INFO  main            d.u.i.k.p.r.p.TestFile    Now processing file /home/runner/work/key/key/key.core/../key.ui/examples/heap/permissions/permissions_method0.key 
544        INFO  main            d.u.i.k.p.i.AbstractProblemLoader Loading environment from /home/runner/work/key/key/key.core/../key.ui/examples/heap/permissions/permissions_method0.key 
561        DEBUG main            d.u.i.k.p.i.AbstractProblemLoader Environment load took 2.18ms 
783        INFO  main            d.u.i.k.p.i.AbstractProblemLoader Creating init config 
1756       DEBUG main            d.u.i.k.j.TypeConverter   No LDT found for Meta 
1757       DEBUG main            d.u.i.k.j.TypeConverter   No LDT found for Meta 
1760       DEBUG main            d.u.i.k.j.TypeConverter   No LDT found for Meta 
1760       DEBUG main            d.u.i.k.j.TypeConverter   No LDT found for Meta 
3224       DEBUG main            d.u.i.k.j.TypeConverter   No LDT found for JavaBigintExpression 
8491       DEBUG main            d.u.i.k.p.i.AbstractProblemLoader Init config took 7.71s 
8615       INFO  main            d.u.i.k.p.i.AbstractProblemLoader Replaying proof MyClass[MyClass::method0()].JML normal_behavior operation contract.0 
8647       DEBUG main            d.u.i.k.p.i.IntermediateProofReplayer Proof replay took 31.3ns 
9578       INFO  main            d.u.i.k.p.r.p.TestFile    ... finished proof: closed. 
9716       INFO  main            d.u.i.k.p.i.AbstractProblemLoader Loading environment from /home/runner/work/key/key/key.core/../key.ui/examples/heap/permissions/permissions_method0.key.proof 
9716       DEBUG main            d.u.i.k.p.i.AbstractProblemLoader Environment load took 374.4ns 
9721       INFO  main            d.u.i.k.p.i.AbstractProblemLoader Creating init config 
12711      DEBUG main            d.u.i.k.p.i.AbstractProblemLoader Init config took 2.99s 
12790      INFO  main            d.u.i.k.p.i.AbstractProblemLoader Replaying proof MyClass[MyClass::method0()].JML normal_behavior operation contract.0 
12887      DEBUG main            d.u.i.k.p.i.IntermediateProofReplayer Proof replay took 91.69ms 
12894      DEBUG main            d.u.i.k.p.r.p.TestFile    ... success: reloaded. 
12897      INFO  main            d.u.i.k.p.r.p.TestFile    Now processing file /home/runner/work/key/key/key.core/../key.ui/examples/heap/permissions/permissions_method1.key 
12897      INFO  main            d.u.i.k.p.i.AbstractProblemLoader Loading environment from /home/runner/work/key/key/key.core/../key.ui/examples/heap/permissions/permissions_method1.key 
12898      DEBUG main            d.u.i.k.p.i.AbstractProblemLoader Environment load took 206.3ns 
12901      INFO  main            d.u.i.k.p.i.AbstractProblemLoader Creating init config 
15685      DEBUG main            d.u.i.k.p.i.AbstractProblemLoader Init config took 2.78s 
15746      INFO  main            d.u.i.k.p.i.AbstractProblemLoader Replaying proof MyClass[MyClass::method1()].JML normal_behavior operation contract.0 
15749      DEBUG main            d.u.i.k.p.i.IntermediateProofReplayer Proof replay took 6.5ns 
16052      INFO  main            d.u.i.k.p.r.p.TestFile    ... finished proof: closed. 
16235      INFO  main            d.u.i.k.p.i.AbstractProblemLoader Loading environment from /home/runner/work/key/key/key.core/../key.ui/examples/heap/permissions/permissions_method1.key.proof 
16236      DEBUG main            d.u.i.k.p.i.AbstractProblemLoader Environment load took 143.8ns 
16237      INFO  main            d.u.i.k.p.i.AbstractProblemLoader Creating init config 
18912      DEBUG main            d.u.i.k.p.i.AbstractProblemLoader Init config took 2.67s 
18986      INFO  main            d.u.i.k.p.i.AbstractProblemLoader Replaying proof MyClass[MyClass::method1()].JML normal_behavior operation contract.0 
19067      DEBUG main            d.u.i.k.p.i.IntermediateProofReplayer Proof replay took 72.38ms 
19068      DEBUG main            d.u.i.k.p.r.p.TestFile    ... success: reloaded. 
19070      INFO  main            d.u.i.k.p.r.p.TestFile    Now processing file /home/runner/work/key/key/key.core/../key.ui/examples/heap/permissions/permissions_method3.key 
19070      INFO  main            d.u.i.k.p.i.AbstractProblemLoader Loading environment from /home/runner/work/key/key/key.core/../key.ui/examples/heap/permissions/permissions_method3.key 
19070      DEBUG main            d.u.i.k.p.i.AbstractProblemLoader Environment load took 110.1ns 
19073      INFO  main            d.u.i.k.p.i.AbstractProblemLoader Creating init config 
21796      DEBUG main            d.u.i.k.p.i.AbstractProblemLoader Init config took 2.72s 
21858      INFO  main            d.u.i.k.p.i.AbstractProblemLoader Replaying proof MyClass[MyClass::method3()].JML normal_behavior operation contract.0 
21861      DEBUG main            d.u.i.k.p.i.IntermediateProofReplayer Proof replay took 5.6ns 
23171      INFO  main            d.u.i.k.p.r.p.TestFile    ... finished proof: closed. 
23336      INFO  main            d.u.i.k.p.i.AbstractProblemLoader Loading environment from /home/runner/work/key/key/key.core/../key.ui/examples/heap/permissions/permissions_method3.key.proof 
23336      DEBUG main            d.u.i.k.p.i.AbstractProblemLoader Environment load took 354.6ns 
23338      INFO  main            d.u.i.k.p.i.AbstractProblemLoader Creating init config 
25989      DEBUG main            d.u.i.k.p.i.AbstractProblemLoader Init config took 2.65s 
26036      INFO  main            d.u.i.k.p.i.AbstractProblemLoader Replaying proof MyClass[MyClass::method3()].JML normal_behavior operation contract.0 
26244      DEBUG main            d.u.i.k.p.i.IntermediateProofReplayer Proof replay took 200.19ms 
26245      DEBUG main            d.u.i.k.p.r.p.TestFile    ... success: reloaded. 
26246      INFO  main            d.u.i.k.p.r.p.TestFile    Now processing file /home/runner/work/key/key/key.core/../key.ui/examples/heap/permissions/permissions_setAB.key 
26247      INFO  main            d.u.i.k.p.i.AbstractProblemLoader Loading environment from /home/runner/work/key/key/key.core/../key.ui/examples/heap/permissions/permissions_setAB.key 
26247      DEBUG main            d.u.i.k.p.i.AbstractProblemLoader Environment load took 177.7ns 
26248      INFO  main            d.u.i.k.p.i.AbstractProblemLoader Creating init config 
28883      DEBUG main            d.u.i.k.p.i.AbstractProblemLoader Init config took 2.63s 
28930      INFO  main            d.u.i.k.p.i.AbstractProblemLoader Replaying proof MyClass[MyClass::setAB()].JML normal_behavior operation contract.0 
28932      DEBUG main            d.u.i.k.p.i.IntermediateProofReplayer Proof replay took 5.8ns 
30339      INFO  main            d.u.i.k.p.r.p.TestFile    ... finished proof: closed. 
30534      INFO  main            d.u.i.k.p.i.AbstractProblemLoader Loading environment from /home/runner/work/key/key/key.core/../key.ui/examples/heap/permissions/permissions_setAB.key.proof 
30534      DEBUG main            d.u.i.k.p.i.AbstractProblemLoader Environment load took 357.3ns 
30536      INFO  main            d.u.i.k.p.i.AbstractProblemLoader Creating init config 
33128      DEBUG main            d.u.i.k.p.i.AbstractProblemLoader Init config took 2.59s 
33174      INFO  main            d.u.i.k.p.i.AbstractProblemLoader Replaying proof MyClass[MyClass::setAB()].JML normal_behavior operation contract.0 
33324      DEBUG main            d.u.i.k.p.i.IntermediateProofReplayer Proof replay took 144.6ms 
33325      DEBUG main            d.u.i.k.p.r.p.TestFile    ... success: reloaded. 
33326      INFO  main            d.u.i.k.p.r.p.TestFile    Now processing file /home/runner/work/key/key/key.core/../key.ui/examples/heap/permissions/permissionProperties.key 
33327      INFO  main            d.u.i.k.p.i.AbstractProblemLoader Loading environment from /home/runner/work/key/key/key.core/../key.ui/examples/heap/permissions/permissionProperties.key 
33327      DEBUG main            d.u.i.k.p.i.AbstractProblemLoader Environment load took 179.6ns 
33328      INFO  main            d.u.i.k.p.i.AbstractProblemLoader Creating init config 
33460      DEBUG main            d.u.i.k.j.TypeConverter   No LDT found for Meta 
33461      DEBUG main            d.u.i.k.j.TypeConverter   No LDT found for Meta 
33461      DEBUG main            d.u.i.k.j.TypeConverter   No LDT found for Meta 
33462      DEBUG main            d.u.i.k.j.TypeConverter   No LDT found for Meta 
34168      DEBUG main            d.u.i.k.j.TypeConverter   No LDT found for JavaBigintExpression 
36848      DEBUG main            d.u.i.k.p.i.AbstractProblemLoader Init config took 3.52s 
36869      INFO  main            d.u.i.k.p.i.AbstractProblemLoader Replaying proof permissionProperties.key 
36871      DEBUG main            d.u.i.k.p.i.IntermediateProofReplayer Proof replay took 5.7ns 
36974      INFO  main            d.u.i.k.p.r.p.TestFile    ... finished proof: closed. 
37138      INFO  main            d.u.i.k.p.i.AbstractProblemLoader Loading environment from /home/runner/work/key/key/key.core/../key.ui/examples/heap/permissions/permissionProperties.key.proof 
37139      DEBUG main            d.u.i.k.p.i.AbstractProblemLoader Environment load took 457.6ns 
37140      INFO  main            d.u.i.k.p.i.AbstractProblemLoader Creating init config 
39621      DEBUG main            d.u.i.k.p.i.AbstractProblemLoader Init config took 2.48s 
39641      INFO  main            d.u.i.k.p.i.AbstractProblemLoader Replaying proof permissionProperties.key.proof 
39656      DEBUG main            d.u.i.k.p.i.IntermediateProofReplayer Proof replay took 12.76ms 
39657      DEBUG main            d.u.i.k.p.r.p.TestFile    ... success: reloaded. 
39658      INFO  main            d.u.i.k.p.r.p.TestFile    Now processing file /home/runner/work/key/key/key.core/../key.ui/examples/heap/permissions/threads/AFilter_AFilter.key 
39659      INFO  main            d.u.i.k.p.i.AbstractProblemLoader Loading environment from /home/runner/work/key/key/key.core/../key.ui/examples/heap/permissions/threads/AFilter_AFilter.key 
39659      DEBUG main            d.u.i.k.p.i.AbstractProblemLoader Environment load took 200.4ns 
39660      INFO  main            d.u.i.k.p.i.AbstractProblemLoader Creating init config 
39776      DEBUG main            d.u.i.k.j.TypeConverter   No LDT found for Meta 
39777      DEBUG main            d.u.i.k.j.TypeConverter   No LDT found for Meta 
39777      DEBUG main            d.u.i.k.j.TypeConverter   No LDT found for Meta 
39778      DEBUG main            d.u.i.k.j.TypeConverter   No LDT found for Meta 
40328      DEBUG main            d.u.i.k.j.TypeConverter   No LDT found for JavaBigintExpression 
45557      DEBUG main            d.u.i.k.p.i.AbstractProblemLoader Init config took 5.9s 
45665      INFO  main            d.u.i.k.p.i.AbstractProblemLoader Replaying proof AFilter[AFilter::AFilter(Sampler,Buffer)].JML normal_behavior operation contract.0 
45667      DEBUG main            d.u.i.k.p.i.IntermediateProofReplayer Proof replay took 6.1ns 
46672      INFO  main            d.u.i.k.p.r.p.TestFile    ... finished proof: closed. 
46923      INFO  main            d.u.i.k.p.i.AbstractProblemLoader Loading environment from /home/runner/work/key/key/key.core/../key.ui/examples/heap/permissions/threads/AFilter_AFilter.key.proof 
46923      DEBUG main            d.u.i.k.p.i.AbstractProblemLoader Environment load took 343.8ns 
46924      INFO  main            d.u.i.k.p.i.AbstractProblemLoader Creating init config 
51567      DEBUG main            d.u.i.k.p.i.AbstractProblemLoader Init config took 4.64s 
51679      INFO  main            d.u.i.k.p.i.AbstractProblemLoader Replaying proof AFilter[AFilter::AFilter(Sampler,Buffer)].JML normal_behavior operation contract.0 
51805      DEBUG main            d.u.i.k.p.i.IntermediateProofReplayer Proof replay took 120.9ms 
51806      DEBUG main            d.u.i.k.p.r.p.TestFile    ... success: reloaded. 
51807      INFO  main            d.u.i.k.p.r.p.TestFile    Now processing file /home/runner/work/key/key/key.core/../key.ui/examples/heap/permissions/threads/AFilter_initPost_accessible.key 
51808      INFO  main            d.u.i.k.p.i.AbstractProblemLoader Loading environment from /home/runner/work/key/key/key.core/../key.ui/examples/heap/permissions/threads/AFilter_initPost_accessible.key 
51808      DEBUG main            d.u.i.k.p.i.AbstractProblemLoader Environment load took 174.6ns 
51809      INFO  main            d.u.i.k.p.i.AbstractProblemLoader Creating init config 
56523      DEBUG main            d.u.i.k.p.i.AbstractProblemLoader Init config took 4.71s 
56617      INFO  main            d.u.i.k.p.i.AbstractProblemLoader Replaying proof AFilter[ThreadSpec2::initPost()].JML accessible clause.0 
56618      DEBUG main            d.u.i.k.p.i.IntermediateProofReplayer Proof replay took 6.7ns 
56720      INFO  main            d.u.i.k.p.r.p.TestFile    ... finished proof: closed. 
56929      INFO  main            d.u.i.k.p.i.AbstractProblemLoader Loading environment from /home/runner/work/key/key/key.core/../key.ui/examples/heap/permissions/threads/AFilter_initPost_accessible.key.proof 
56929      DEBUG main            d.u.i.k.p.i.AbstractProblemLoader Environment load took 140.8ns 
56930      INFO  main            d.u.i.k.p.i.AbstractProblemLoader Creating init config 
61578      DEBUG main            d.u.i.k.p.i.AbstractProblemLoader Init config took 4.65s 
61669      INFO  main            d.u.i.k.p.i.AbstractProblemLoader Replaying proof AFilter[ThreadSpec2::initPost()].JML accessible clause.0 
61681      DEBUG main            d.u.i.k.p.i.IntermediateProofReplayer Proof replay took 9.68ms 
61682      DEBUG main            d.u.i.k.p.r.p.TestFile    ... success: reloaded. 
61683      INFO  main            d.u.i.k.p.r.p.TestFile    Now processing file /home/runner/work/key/key/key.core/../key.ui/examples/heap/permissions/threads/AFilter_inv_accessible1.key 
61683      INFO  main            d.u.i.k.p.i.AbstractProblemLoader Loading environment from /home/runner/work/key/key/key.core/../key.ui/examples/heap/permissions/threads/AFilter_inv_accessible1.key 
61683      DEBUG main            d.u.i.k.p.i.AbstractProblemLoader Environment load took 98.5ns 
61684      INFO  main            d.u.i.k.p.i.AbstractProblemLoader Creating init config 
66321      DEBUG main            d.u.i.k.p.i.AbstractProblemLoader Init config took 4.64s 
66425      INFO  main            d.u.i.k.p.i.AbstractProblemLoader Replaying proof AFilter[java.lang.Object::<inv>()].JML accessible clause.0 
66427      DEBUG main            d.u.i.k.p.i.IntermediateProofReplayer Proof replay took 7ns 
66529      INFO  main            d.u.i.k.p.r.p.TestFile    ... finished proof: closed. 
66733      INFO  main            d.u.i.k.p.i.AbstractProblemLoader Loading environment from /home/runner/work/key/key/key.core/../key.ui/examples/heap/permissions/threads/AFilter_inv_accessible1.key.proof 
66733      DEBUG main            d.u.i.k.p.i.AbstractProblemLoader Environment load took 128.4ns 
66734      INFO  main            d.u.i.k.p.i.AbstractProblemLoader Creating init config 
71328      DEBUG main            d.u.i.k.p.i.AbstractProblemLoader Init config took 4.59s 
71422      INFO  main            d.u.i.k.p.i.AbstractProblemLoader Replaying proof AFilter[java.lang.Object::<inv>()].JML accessible clause.0 
71425      DEBUG main            d.u.i.k.p.i.IntermediateProofReplayer Proof replay took 1.97ms 
71426      DEBUG main            d.u.i.k.p.r.p.TestFile    ... success: reloaded. 
71428      INFO  main            d.u.i.k.p.r.p.TestFile    Now processing file /home/runner/work/key/key/key.core/../key.ui/examples/heap/permissions/threads/AFilter_inv_accessible2.key 
71428      INFO  main            d.u.i.k.p.i.AbstractProblemLoader Loading environment from /home/runner/work/key/key/key.core/../key.ui/examples/heap/permissions/threads/AFilter_inv_accessible2.key 
71428      DEBUG main            d.u.i.k.p.i.AbstractProblemLoader Environment load took 163.9ns 
71429      INFO  main            d.u.i.k.p.i.AbstractProblemLoader Creating init config 
76092      DEBUG main            d.u.i.k.p.i.AbstractProblemLoader Init config took 4.66s 
76180      INFO  main            d.u.i.k.p.i.AbstractProblemLoader Replaying proof AFilter[java.lang.Object::<inv>()].JML accessible clause.1 
76182      DEBUG main            d.u.i.k.p.i.IntermediateProofReplayer Proof replay took 6.8ns 
76283      INFO  main            d.u.i.k.p.r.p.TestFile    ... finished proof: closed. 
76497      INFO  main            d.u.i.k.p.i.AbstractProblemLoader Loading environment from /home/runner/work/key/key/key.core/../key.ui/examples/heap/permissions/threads/AFilter_inv_accessible2.key.proof 
76497      DEBUG main            d.u.i.k.p.i.AbstractProblemLoader Environment load took 117.5ns 
76498      INFO  main            d.u.i.k.p.i.AbstractProblemLoader Creating init config 
81107      DEBUG main            d.u.i.k.p.i.AbstractProblemLoader Init config took 4.61s 
81210      INFO  main            d.u.i.k.p.i.AbstractProblemLoader Replaying proof AFilter[java.lang.Object::<inv>()].JML accessible clause.1 
81214      DEBUG main            d.u.i.k.p.i.IntermediateProofReplayer Proof replay took 1.83ms 
81218      DEBUG main            d.u.i.k.p.r.p.TestFile    ... success: reloaded. 
81219      INFO  main            d.u.i.k.p.r.p.TestFile    Now processing file /home/runner/work/key/key/key.core/../key.ui/examples/heap/permissions/threads/AFilter_joinTransfer_accessible.key 
81219      INFO  main            d.u.i.k.p.i.AbstractProblemLoader Loading environment from /home/runner/work/key/key/key.core/../key.ui/examples/heap/permissions/threads/AFilter_joinTransfer_accessible.key 
81219      DEBUG main            d.u.i.k.p.i.AbstractProblemLoader Environment load took 166.2ns 
81220      INFO  main            d.u.i.k.p.i.AbstractProblemLoader Creating init config 
85812      DEBUG main            d.u.i.k.p.i.AbstractProblemLoader Init config took 4.59s 
85899      INFO  main            d.u.i.k.p.i.AbstractProblemLoader Replaying proof AFilter[ThreadSpec2::joinTransfer()].JML accessible clause.0 
85901      DEBUG main            d.u.i.k.p.i.IntermediateProofReplayer Proof replay took 6.6ns 
89121      INFO  main            d.u.i.k.p.r.p.TestFile    ... finished proof: closed. 
89348      INFO  main            d.u.i.k.p.i.AbstractProblemLoader Loading environment from /home/runner/work/key/key/key.core/../key.ui/examples/heap/permissions/threads/AFilter_joinTransfer_accessible.key.proof 
89349      DEBUG main            d.u.i.k.p.i.AbstractProblemLoader Environment load took 488.8ns 
89350      INFO  main            d.u.i.k.p.i.AbstractProblemLoader Creating init config 
93912      DEBUG main            d.u.i.k.p.i.AbstractProblemLoader Init config took 4.56s 
94013      INFO  main            d.u.i.k.p.i.AbstractProblemLoader Replaying proof AFilter[ThreadSpec2::joinTransfer()].JML accessible clause.0 
94262      DEBUG main            d.u.i.k.p.i.IntermediateProofReplayer Proof replay took 238.78ms 
94263      DEBUG main            d.u.i.k.p.r.p.TestFile    ... success: reloaded. 
94265      INFO  main            d.u.i.k.p.r.p.TestFile    Now processing file /home/runner/work/key/key/key.core/../key.ui/examples/heap/permissions/threads/AFilter_joinTransfer_contract.key 
94265      INFO  main            d.u.i.k.p.i.AbstractProblemLoader Loading environment from /home/runner/work/key/key/key.core/../key.ui/examples/heap/permissions/threads/AFilter_joinTransfer_contract.key 
94266      DEBUG main            d.u.i.k.p.i.AbstractProblemLoader Environment load took 222.1ns 
94267      INFO  main            d.u.i.k.p.i.AbstractProblemLoader Creating init config 
98903      DEBUG main            d.u.i.k.p.i.AbstractProblemLoader Init config took 4.64s 
98990      INFO  main            d.u.i.k.p.i.AbstractProblemLoader Replaying proof AFilter[ThreadSpec2::joinTransfer()].JML model_behavior operation contract.0 
98991      DEBUG main            d.u.i.k.p.i.IntermediateProofReplayer Proof replay took 6.3ns 
99093      INFO  main            d.u.i.k.p.r.p.TestFile    ... finished proof: closed. 
99325      INFO  main            d.u.i.k.p.i.AbstractProblemLoader Loading environment from /home/runner/work/key/key/key.core/../key.ui/examples/heap/permissions/threads/AFilter_joinTransfer_contract.key.proof 
99325      DEBUG main            d.u.i.k.p.i.AbstractProblemLoader Environment load took 139.4ns 
99326      INFO  main            d.u.i.k.p.i.AbstractProblemLoader Creating init config 
103905     DEBUG main            d.u.i.k.p.i.AbstractProblemLoader Init config took 4.58s 
103992     INFO  main            d.u.i.k.p.i.AbstractProblemLoader Replaying proof AFilter[ThreadSpec2::joinTransfer()].JML model_behavior operation contract.0 
104001     DEBUG main            d.u.i.k.p.i.IntermediateProofReplayer Proof replay took 7.18ms 
104002     DEBUG main            d.u.i.k.p.r.p.TestFile    ... success: reloaded. 
104003     INFO  main            d.u.i.k.p.r.p.TestFile    Now processing file /home/runner/work/key/key/key.core/../key.ui/examples/heap/permissions/threads/AFilter_postJoin_accessible.key 
104003     INFO  main            d.u.i.k.p.i.AbstractProblemLoader Loading environment from /home/runner/work/key/key/key.core/../key.ui/examples/heap/permissions/threads/AFilter_postJoin_accessible.key 
104003     DEBUG main            d.u.i.k.p.i.AbstractProblemLoader Environment load took 95ns 
104004     INFO  main            d.u.i.k.p.i.AbstractProblemLoader Creating init config 
108622     DEBUG main            d.u.i.k.p.i.AbstractProblemLoader Init config took 4.62s 
108708     INFO  main            d.u.i.k.p.i.AbstractProblemLoader Replaying proof AFilter[ThreadSpec2::postJoin(java.lang.Object)].JML accessible clause.0 
108710     DEBUG main            d.u.i.k.p.i.IntermediateProofReplayer Proof replay took 6.6ns 
108812     INFO  main            d.u.i.k.p.r.p.TestFile    ... finished proof: closed. 
109056     INFO  main            d.u.i.k.p.i.AbstractProblemLoader Loading environment from /home/runner/work/key/key/key.core/../key.ui/examples/heap/permissions/threads/AFilter_postJoin_accessible.key.proof 
109056     DEBUG main            d.u.i.k.p.i.AbstractProblemLoader Environment load took 125.5ns 
109057     INFO  main            d.u.i.k.p.i.AbstractProblemLoader Creating init config 
113610     DEBUG main            d.u.i.k.p.i.AbstractProblemLoader Init config took 4.55s 
113696     INFO  main            d.u.i.k.p.i.AbstractProblemLoader Replaying proof AFilter[ThreadSpec2::postJoin(java.lang.Object)].JML accessible clause.0 
113703     DEBUG main            d.u.i.k.p.i.IntermediateProofReplayer Proof replay took 5.3ms 
113703     DEBUG main            d.u.i.k.p.r.p.TestFile    ... success: reloaded. 
113705     INFO  main            d.u.i.k.p.r.p.TestFile    Now processing file /home/runner/work/key/key/key.core/../key.ui/examples/heap/permissions/threads/AFilter_preStart_accessible.key 
113705     INFO  main            d.u.i.k.p.i.AbstractProblemLoader Loading environment from /home/runner/work/key/key/key.core/../key.ui/examples/heap/permissions/threads/AFilter_preStart_accessible.key 
113705     DEBUG main            d.u.i.k.p.i.AbstractProblemLoader Environment load took 61.3ns 
113706     INFO  main            d.u.i.k.p.i.AbstractProblemLoader Creating init config 
118348     DEBUG main            d.u.i.k.p.i.AbstractProblemLoader Init config took 4.64s 
118434     INFO  main            d.u.i.k.p.i.AbstractProblemLoader Replaying proof AFilter[ThreadSpec2::preStart(java.lang.Object)].JML accessible clause.0 
118435     DEBUG main            d.u.i.k.p.i.IntermediateProofReplayer Proof replay took 16.3ns 
118738     INFO  main            d.u.i.k.p.r.p.TestFile    ... finished proof: closed. 
119030     INFO  main            d.u.i.k.p.i.AbstractProblemLoader Loading environment from /home/runner/work/key/key/key.core/../key.ui/examples/heap/permissions/threads/AFilter_preStart_accessible.key.proof 
119030     DEBUG main            d.u.i.k.p.i.AbstractProblemLoader Environment load took 120.5ns 
119031     INFO  main            d.u.i.k.p.i.AbstractProblemLoader Creating init config 
123577     DEBUG main            d.u.i.k.p.i.AbstractProblemLoader Init config took 4.55s 
123675     INFO  main            d.u.i.k.p.i.AbstractProblemLoader Replaying proof AFilter[ThreadSpec2::preStart(java.lang.Object)].JML accessible clause.0 
123700     DEBUG main            d.u.i.k.p.i.IntermediateProofReplayer Proof replay took 22.19ms 
123702     DEBUG main            d.u.i.k.p.r.p.TestFile    ... success: reloaded. 
123703     INFO  main            d.u.i.k.p.r.p.TestFile    Now processing file /home/runner/work/key/key/key.core/../key.ui/examples/heap/permissions/threads/AFilter_startTransfer_accessible.key 
123703     INFO  main            d.u.i.k.p.i.AbstractProblemLoader Loading environment from /home/runner/work/key/key/key.core/../key.ui/examples/heap/permissions/threads/AFilter_startTransfer_accessible.key 
123703     DEBUG main            d.u.i.k.p.i.AbstractProblemLoader Environment load took 165.9ns 
123704     INFO  main            d.u.i.k.p.i.AbstractProblemLoader Creating init config 
128337     DEBUG main            d.u.i.k.p.i.AbstractProblemLoader Init config took 4.63s 
128422     INFO  main            d.u.i.k.p.i.AbstractProblemLoader Replaying proof AFilter[ThreadSpec2::startTransfer()].JML accessible clause.0 
128440     DEBUG main            d.u.i.k.p.i.IntermediateProofReplayer Proof replay took 9ns 
134456     INFO  main            d.u.i.k.p.r.p.TestFile    ... finished proof: closed. 
134726     INFO  main            d.u.i.k.p.i.AbstractProblemLoader Loading environment from /home/runner/work/key/key/key.core/../key.ui/examples/heap/permissions/threads/AFilter_startTransfer_accessible.key.proof 
134727     DEBUG main            d.u.i.k.p.i.AbstractProblemLoader Environment load took 368.5ns 
134728     INFO  main            d.u.i.k.p.i.AbstractProblemLoader Creating init config 
139255     DEBUG main            d.u.i.k.p.i.AbstractProblemLoader Init config took 4.53s 
139355     INFO  main            d.u.i.k.p.i.AbstractProblemLoader Replaying proof AFilter[ThreadSpec2::startTransfer()].JML accessible clause.0 
139700     DEBUG main            d.u.i.k.p.i.IntermediateProofReplayer Proof replay took 330.29ms 
139702     DEBUG main            d.u.i.k.p.r.p.TestFile    ... success: reloaded. 
139703     INFO  main            d.u.i.k.p.r.p.TestFile    Now processing file /home/runner/work/key/key/key.core/../key.ui/examples/heap/permissions/threads/AFilter_startTransfer_contract.key 
139704     INFO  main            d.u.i.k.p.i.AbstractProblemLoader Loading environment from /home/runner/work/key/key/key.core/../key.ui/examples/heap/permissions/threads/AFilter_startTransfer_contract.key 
139704     DEBUG main            d.u.i.k.p.i.AbstractProblemLoader Environment load took 96.9ns 
139705     INFO  main            d.u.i.k.p.i.AbstractProblemLoader Creating init config 
144317     DEBUG main            d.u.i.k.p.i.AbstractProblemLoader Init config took 4.61s 
144423     INFO  main            d.u.i.k.p.i.AbstractProblemLoader Replaying proof AFilter[ThreadSpec2::startTransfer()].JML model_behavior operation contract.0 
144428     DEBUG main            d.u.i.k.p.i.IntermediateProofReplayer Proof replay took 7.7ns 
144833     INFO  main            d.u.i.k.p.r.p.TestFile    ... finished proof: closed. 
145091     INFO  main            d.u.i.k.p.i.AbstractProblemLoader Loading environment from /home/runner/work/key/key/key.core/../key.ui/examples/heap/permissions/threads/AFilter_startTransfer_contract.key.proof 
145091     DEBUG main            d.u.i.k.p.i.AbstractProblemLoader Environment load took 128ns 
145092     INFO  main            d.u.i.k.p.i.AbstractProblemLoader Creating init config 
149629     DEBUG main            d.u.i.k.p.i.AbstractProblemLoader Init config took 4.54s 
149718     INFO  main            d.u.i.k.p.i.AbstractProblemLoader Replaying proof AFilter[ThreadSpec2::startTransfer()].JML model_behavior operation contract.0 
149763     DEBUG main            d.u.i.k.p.i.IntermediateProofReplayer Proof replay took 40.68ms 
149764     DEBUG main            d.u.i.k.p.r.p.TestFile    ... success: reloaded. 
149766     INFO  main            d.u.i.k.p.r.p.TestFile    Now processing file /home/runner/work/key/key/key.core/../key.ui/examples/heap/permissions/threads/AFilter_stateInv_accessible.key 
149766     INFO  main            d.u.i.k.p.i.AbstractProblemLoader Loading environment from /home/runner/work/key/key/key.core/../key.ui/examples/heap/permissions/threads/AFilter_stateInv_accessible.key 
149766     DEBUG main            d.u.i.k.p.i.AbstractProblemLoader Environment load took 92.4ns 
149767     INFO  main            d.u.i.k.p.i.AbstractProblemLoader Creating init config 
154366     DEBUG main            d.u.i.k.p.i.AbstractProblemLoader Init config took 4.6s 
154469     INFO  main            d.u.i.k.p.i.AbstractProblemLoader Replaying proof AFilter[ThreadSpec2::stateInv()].JML accessible clause.0 
154471     DEBUG main            d.u.i.k.p.i.IntermediateProofReplayer Proof replay took 7.7ns 
154773     INFO  main            d.u.i.k.p.r.p.TestFile    ... finished proof: closed. 
155046     INFO  main            d.u.i.k.p.i.AbstractProblemLoader Loading environment from /home/runner/work/key/key/key.core/../key.ui/examples/heap/permissions/threads/AFilter_stateInv_accessible.key.proof 
155047     DEBUG main            d.u.i.k.p.i.AbstractProblemLoader Environment load took 119.3ns 
155048     INFO  main            d.u.i.k.p.i.AbstractProblemLoader Creating init config 
159588     DEBUG main            d.u.i.k.p.i.AbstractProblemLoader Init config took 4.54s 
159676     INFO  main            d.u.i.k.p.i.AbstractProblemLoader Replaying proof AFilter[ThreadSpec2::stateInv()].JML accessible clause.0 
159706     DEBUG main            d.u.i.k.p.i.IntermediateProofReplayer Proof replay took 26.6ms 
159707     DEBUG main            d.u.i.k.p.r.p.TestFile    ... success: reloaded. 
159708     INFO  main            d.u.i.k.p.r.p.TestFile    Now processing file /home/runner/work/key/key/key.core/../key.ui/examples/heap/permissions/threads/AFilter_staticPermissions_accessible.key 
159708     INFO  main            d.u.i.k.p.i.AbstractProblemLoader Loading environment from /home/runner/work/key/key/key.core/../key.ui/examples/heap/permissions/threads/AFilter_staticPermissions_accessible.key 
159708     DEBUG main            d.u.i.k.p.i.AbstractProblemLoader Environment load took 114.2ns 
159709     INFO  main            d.u.i.k.p.i.AbstractProblemLoader Creating init config 
164333     DEBUG main            d.u.i.k.p.i.AbstractProblemLoader Init config took 4.62s 
164420     INFO  main            d.u.i.k.p.i.AbstractProblemLoader Replaying proof AFilter[ThreadSpec2::staticPermissions()].JML accessible clause.0 
164422     DEBUG main            d.u.i.k.p.i.IntermediateProofReplayer Proof replay took 8.3ns 
164524     INFO  main            d.u.i.k.p.r.p.TestFile    ... finished proof: closed. 
164787     INFO  main            d.u.i.k.p.i.AbstractProblemLoader Loading environment from /home/runner/work/key/key/key.core/../key.ui/examples/heap/permissions/threads/AFilter_staticPermissions_accessible.key.proof 
164787     DEBUG main            d.u.i.k.p.i.AbstractProblemLoader Environment load took 110.3ns 
164788     INFO  main            d.u.i.k.p.i.AbstractProblemLoader Creating init config 
169329     DEBUG main            d.u.i.k.p.i.AbstractProblemLoader Init config took 4.54s 
169416     INFO  main            d.u.i.k.p.i.AbstractProblemLoader Replaying proof AFilter[ThreadSpec2::staticPermissions()].JML accessible clause.0 
169426     DEBUG main            d.u.i.k.p.i.IntermediateProofReplayer Proof replay took 7.53ms 
169427     DEBUG main            d.u.i.k.p.r.p.TestFile    ... success: reloaded. 
169428     INFO  main            d.u.i.k.p.r.p.TestFile    Now processing file /home/runner/work/key/key/key.core/../key.ui/examples/heap/permissions/threads/AFilter_workingPermissions_accessible.key 
169428     INFO  main            d.u.i.k.p.i.AbstractProblemLoader Loading environment from /home/runner/work/key/key/key.core/../key.ui/examples/heap/permissions/threads/AFilter_workingPermissions_accessible.key 
169429     DEBUG main            d.u.i.k.p.i.AbstractProblemLoader Environment load took 194.3ns 
169429     INFO  main            d.u.i.k.p.i.AbstractProblemLoader Creating init config 
174066     DEBUG main            d.u.i.k.p.i.AbstractProblemLoader Init config took 4.64s 
174153     INFO  main            d.u.i.k.p.i.AbstractProblemLoader Replaying proof AFilter[ThreadSpec2::workingPermissions()].JML accessible clause.0 
174154     DEBUG main            d.u.i.k.p.i.IntermediateProofReplayer Proof replay took 6.8ns 
174257     INFO  main            d.u.i.k.p.r.p.TestFile    ... finished proof: closed. 
174534     INFO  main            d.u.i.k.p.i.AbstractProblemLoader Loading environment from /home/runner/work/key/key/key.core/../key.ui/examples/heap/permissions/threads/AFilter_workingPermissions_accessible.key.proof 
174534     DEBUG main            d.u.i.k.p.i.AbstractProblemLoader Environment load took 114.7ns 
174535     INFO  main            d.u.i.k.p.i.AbstractProblemLoader Creating init config 
179054     DEBUG main            d.u.i.k.p.i.AbstractProblemLoader Init config took 4.52s 
179141     INFO  main            d.u.i.k.p.i.AbstractProblemLoader Replaying proof AFilter[ThreadSpec2::workingPermissions()].JML accessible clause.0 
179149     DEBUG main            d.u.i.k.p.i.IntermediateProofReplayer Proof replay took 6.54ms 
179150     DEBUG main            d.u.i.k.p.r.p.TestFile    ... success: reloaded. 
179151     INFO  main            d.u.i.k.p.r.p.TestFile    Now processing file /home/runner/work/key/key/key.core/../key.ui/examples/heap/permissions/threads/BFilter_BFilter.key 
179151     INFO  main            d.u.i.k.p.i.AbstractProblemLoader Loading environment from /home/runner/work/key/key/key.core/../key.ui/examples/heap/permissions/threads/BFilter_BFilter.key 
179152     DEBUG main            d.u.i.k.p.i.AbstractProblemLoader Environment load took 105.9ns 
179152     INFO  main            d.u.i.k.p.i.AbstractProblemLoader Creating init config 
183736     DEBUG main            d.u.i.k.p.i.AbstractProblemLoader Init config took 4.58s 
183841     INFO  main            d.u.i.k.p.i.AbstractProblemLoader Replaying proof BFilter[BFilter::BFilter(Sampler,Buffer)].JML normal_behavior operation contract.0 
183843     DEBUG main            d.u.i.k.p.i.IntermediateProofReplayer Proof replay took 7.2ns 
184747     INFO  main            d.u.i.k.p.r.p.TestFile    ... finished proof: closed. 
185075     INFO  main            d.u.i.k.p.i.AbstractProblemLoader Loading environment from /home/runner/work/key/key/key.core/../key.ui/examples/heap/permissions/threads/BFilter_BFilter.key.proof 
185076     DEBUG main            d.u.i.k.p.i.AbstractProblemLoader Environment load took 1.02ms 
185077     INFO  main            d.u.i.k.p.i.AbstractProblemLoader Creating init config 
189631     DEBUG main            d.u.i.k.p.i.AbstractProblemLoader Init config took 4.55s 
189719     INFO  main            d.u.i.k.p.i.AbstractProblemLoader Replaying proof BFilter[BFilter::BFilter(Sampler,Buffer)].JML normal_behavior operation contract.0 
189844     DEBUG main            d.u.i.k.p.i.IntermediateProofReplayer Proof replay took 120.2ms 
189845     DEBUG main            d.u.i.k.p.r.p.TestFile    ... success: reloaded. 
189846     INFO  main            d.u.i.k.p.r.p.TestFile    Now processing file /home/runner/work/key/key/key.core/../key.ui/examples/heap/permissions/threads/BFilter_initPost_accessible.key 
189846     INFO  main            d.u.i.k.p.i.AbstractProblemLoader Loading environment from /home/runner/work/key/key/key.core/../key.ui/examples/heap/permissions/threads/BFilter_initPost_accessible.key 
189847     DEBUG main            d.u.i.k.p.i.AbstractProblemLoader Environment load took 224.7ns 
189847     INFO  main            d.u.i.k.p.i.AbstractProblemLoader Creating init config 
194451     DEBUG main            d.u.i.k.p.i.AbstractProblemLoader Init config took 4.6s 
194538     INFO  main            d.u.i.k.p.i.AbstractProblemLoader Replaying proof BFilter[ThreadSpec2::initPost()].JML accessible clause.0 
194541     DEBUG main            d.u.i.k.p.i.IntermediateProofReplayer Proof replay took 6.6ns 
194646     INFO  main            d.u.i.k.p.r.p.TestFile    ... finished proof: closed. 
194930     INFO  main            d.u.i.k.p.i.AbstractProblemLoader Loading environment from /home/runner/work/key/key/key.core/../key.ui/examples/heap/permissions/threads/BFilter_initPost_accessible.key.proof 
194930     DEBUG main            d.u.i.k.p.i.AbstractProblemLoader Environment load took 121.5ns 
194931     INFO  main            d.u.i.k.p.i.AbstractProblemLoader Creating init config 
199465     DEBUG main            d.u.i.k.p.i.AbstractProblemLoader Init config took 4.53s 
199553     INFO  main            d.u.i.k.p.i.AbstractProblemLoader Replaying proof BFilter[ThreadSpec2::initPost()].JML accessible clause.0 
199563     DEBUG main            d.u.i.k.p.i.IntermediateProofReplayer Proof replay took 7.4ms 
199563     DEBUG main            d.u.i.k.p.r.p.TestFile    ... success: reloaded. 
199564     INFO  main            d.u.i.k.p.r.p.TestFile    Now processing file /home/runner/work/key/key/key.core/../key.ui/examples/heap/permissions/threads/BFilter_inv_accessible1.key 
199565     INFO  main            d.u.i.k.p.i.AbstractProblemLoader Loading environment from /home/runner/work/key/key/key.core/../key.ui/examples/heap/permissions/threads/BFilter_inv_accessible1.key 
199565     DEBUG main            d.u.i.k.p.i.AbstractProblemLoader Environment load took 86ns 
199565     INFO  main            d.u.i.k.p.i.AbstractProblemLoader Creating init config 
204163     DEBUG main            d.u.i.k.p.i.AbstractProblemLoader Init config took 4.6s 
204250     INFO  main            d.u.i.k.p.i.AbstractProblemLoader Replaying proof BFilter[java.lang.Object::<inv>()].JML accessible clause.0 
204252     DEBUG main            d.u.i.k.p.i.IntermediateProofReplayer Proof replay took 7.9ns 
204353     INFO  main            d.u.i.k.p.r.p.TestFile    ... finished proof: closed. 
204640     INFO  main            d.u.i.k.p.i.AbstractProblemLoader Loading environment from /home/runner/work/key/key/key.core/../key.ui/examples/heap/permissions/threads/BFilter_inv_accessible1.key.proof 
204640     DEBUG main            d.u.i.k.p.i.AbstractProblemLoader Environment load took 107.7ns 
204641     INFO  main            d.u.i.k.p.i.AbstractProblemLoader Creating init config 
209152     DEBUG main            d.u.i.k.p.i.AbstractProblemLoader Init config took 4.51s 
209238     INFO  main            d.u.i.k.p.i.AbstractProblemLoader Replaying proof BFilter[java.lang.Object::<inv>()].JML accessible clause.0 
209241     DEBUG main            d.u.i.k.p.i.IntermediateProofReplayer Proof replay took 1.51ms 
209242     DEBUG main            d.u.i.k.p.r.p.TestFile    ... success: reloaded. 
209243     INFO  main            d.u.i.k.p.r.p.TestFile    Now processing file /home/runner/work/key/key/key.core/../key.ui/examples/heap/permissions/threads/BFilter_inv_accessible2.key 
209243     INFO  main            d.u.i.k.p.i.AbstractProblemLoader Loading environment from /home/runner/work/key/key/key.core/../key.ui/examples/heap/permissions/threads/BFilter_inv_accessible2.key 
209244     DEBUG main            d.u.i.k.p.i.AbstractProblemLoader Environment load took 75.2ns 
209244     INFO  main            d.u.i.k.p.i.AbstractProblemLoader Creating init config 
213837     DEBUG main            d.u.i.k.p.i.AbstractProblemLoader Init config took 4.59s 
213924     INFO  main            d.u.i.k.p.i.AbstractProblemLoader Replaying proof BFilter[java.lang.Object::<inv>()].JML accessible clause.1 
213925     DEBUG main            d.u.i.k.p.i.IntermediateProofReplayer Proof replay took 6.3ns 
214030     INFO  main            d.u.i.k.p.r.p.TestFile    ... finished proof: closed. 
214326     INFO  main            d.u.i.k.p.i.AbstractProblemLoader Loading environment from /home/runner/work/key/key/key.core/../key.ui/examples/heap/permissions/threads/BFilter_inv_accessible2.key.proof 
214326     DEBUG main            d.u.i.k.p.i.AbstractProblemLoader Environment load took 109.5ns 
214327     INFO  main            d.u.i.k.p.i.AbstractProblemLoader Creating init config 
218835     DEBUG main            d.u.i.k.p.i.AbstractProblemLoader Init config took 4.51s 
218921     INFO  main            d.u.i.k.p.i.AbstractProblemLoader Replaying proof BFilter[java.lang.Object::<inv>()].JML accessible clause.1 
218924     DEBUG main            d.u.i.k.p.i.IntermediateProofReplayer Proof replay took 1.46ms 
218925     DEBUG main            d.u.i.k.p.r.p.TestFile    ... success: reloaded. 
218926     INFO  main            d.u.i.k.p.r.p.TestFile    Now processing file /home/runner/work/key/key/key.core/../key.ui/examples/heap/permissions/threads/BFilter_joinTransfer_accessible.key 
218927     INFO  main            d.u.i.k.p.i.AbstractProblemLoader Loading environment from /home/runner/work/key/key/key.core/../key.ui/examples/heap/permissions/threads/BFilter_joinTransfer_accessible.key 
218927     DEBUG main            d.u.i.k.p.i.AbstractProblemLoader Environment load took 130.4ns 
218927     INFO  main            d.u.i.k.p.i.AbstractProblemLoader Creating init config 
223553     DEBUG main            d.u.i.k.p.i.AbstractProblemLoader Init config took 4.63s 
223641     INFO  main            d.u.i.k.p.i.AbstractProblemLoader Replaying proof BFilter[ThreadSpec2::joinTransfer()].JML accessible clause.0 
223642     DEBUG main            d.u.i.k.p.i.IntermediateProofReplayer Proof replay took 7.8ns 
226749     INFO  main            d.u.i.k.p.r.p.TestFile    ... finished proof: closed. 
227073     INFO  main            d.u.i.k.p.i.AbstractProblemLoader Loading environment from /home/runner/work/key/key/key.core/../key.ui/examples/heap/permissions/threads/BFilter_joinTransfer_accessible.key.proof 
227073     DEBUG main            d.u.i.k.p.i.AbstractProblemLoader Environment load took 136.9ns 
227074     INFO  main            d.u.i.k.p.i.AbstractProblemLoader Creating init config 
231610     DEBUG main            d.u.i.k.p.i.AbstractProblemLoader Init config took 4.54s 
231697     INFO  main            d.u.i.k.p.i.AbstractProblemLoader Replaying proof BFilter[ThreadSpec2::joinTransfer()].JML accessible clause.0 
231915     DEBUG main            d.u.i.k.p.i.IntermediateProofReplayer Proof replay took 208.2ms 
231916     DEBUG main            d.u.i.k.p.r.p.TestFile    ... success: reloaded. 
231917     INFO  main            d.u.i.k.p.r.p.TestFile    Now processing file /home/runner/work/key/key/key.core/../key.ui/examples/heap/permissions/threads/BFilter_joinTransfer_contract.key 
231918     INFO  main            d.u.i.k.p.i.AbstractProblemLoader Loading environment from /home/runner/work/key/key/key.core/../key.ui/examples/heap/permissions/threads/BFilter_joinTransfer_contract.key 
231918     DEBUG main            d.u.i.k.p.i.AbstractProblemLoader Environment load took 122.7ns 
231919     INFO  main            d.u.i.k.p.i.AbstractProblemLoader Creating init config 
236504     DEBUG main            d.u.i.k.p.i.AbstractProblemLoader Init config took 4.59s 
236594     INFO  main            d.u.i.k.p.i.AbstractProblemLoader Replaying proof BFilter[ThreadSpec2::joinTransfer()].JML model_behavior operation contract.0 
236595     DEBUG main            d.u.i.k.p.i.IntermediateProofReplayer Proof replay took 7.3ns 
236697     INFO  main            d.u.i.k.p.r.p.TestFile    ... finished proof: closed. 
237015     INFO  main            d.u.i.k.p.i.AbstractProblemLoader Loading environment from /home/runner/work/key/key/key.core/../key.ui/examples/heap/permissions/threads/BFilter_joinTransfer_contract.key.proof 
237015     DEBUG main            d.u.i.k.p.i.AbstractProblemLoader Environment load took 111.7ns 
237016     INFO  main            d.u.i.k.p.i.AbstractProblemLoader Creating init config 
241516     DEBUG main            d.u.i.k.p.i.AbstractProblemLoader Init config took 4.5s 
241604     INFO  main            d.u.i.k.p.i.AbstractProblemLoader Replaying proof BFilter[ThreadSpec2::joinTransfer()].JML model_behavior operation contract.0 
241613     DEBUG main            d.u.i.k.p.i.IntermediateProofReplayer Proof replay took 6.52ms 
241614     DEBUG main            d.u.i.k.p.r.p.TestFile    ... success: reloaded. 
241615     INFO  main            d.u.i.k.p.r.p.TestFile    Now processing file /home/runner/work/key/key/key.core/../key.ui/examples/heap/permissions/threads/BFilter_postJoin_accessible.key 
241616     INFO  main            d.u.i.k.p.i.AbstractProblemLoader Loading environment from /home/runner/work/key/key/key.core/../key.ui/examples/heap/permissions/threads/BFilter_postJoin_accessible.key 
241616     DEBUG main            d.u.i.k.p.i.AbstractProblemLoader Environment load took 169.6ns 
241618     INFO  main            d.u.i.k.p.i.AbstractProblemLoader Creating init config 
246229     DEBUG main            d.u.i.k.p.i.AbstractProblemLoader Init config took 4.61s 
246316     INFO  main            d.u.i.k.p.i.AbstractProblemLoader Replaying proof BFilter[ThreadSpec2::postJoin(java.lang.Object)].JML accessible clause.0 
246317     DEBUG main            d.u.i.k.p.i.IntermediateProofReplayer Proof replay took 6.2ns 
246421     INFO  main            d.u.i.k.p.r.p.TestFile    ... finished proof: closed. 
246785     INFO  main            d.u.i.k.p.i.AbstractProblemLoader Loading environment from /home/runner/work/key/key/key.core/../key.ui/examples/heap/permissions/threads/BFilter_postJoin_accessible.key.proof 
246785     DEBUG main            d.u.i.k.p.i.AbstractProblemLoader Environment load took 103.9ns 
246786     INFO  main            d.u.i.k.p.i.AbstractProblemLoader Creating init config 
251292     DEBUG main            d.u.i.k.p.i.AbstractProblemLoader Init config took 4.51s 
251377     INFO  main            d.u.i.k.p.i.AbstractProblemLoader Replaying proof BFilter[ThreadSpec2::postJoin(java.lang.Object)].JML accessible clause.0 
251384     DEBUG main            d.u.i.k.p.i.IntermediateProofReplayer Proof replay took 4.75ms 
251385     DEBUG main            d.u.i.k.p.r.p.TestFile    ... success: reloaded. 
251386     INFO  main            d.u.i.k.p.r.p.TestFile    Now processing file /home/runner/work/key/key/key.core/../key.ui/examples/heap/permissions/threads/BFilter_preStart_accessible.key 
251386     INFO  main            d.u.i.k.p.i.AbstractProblemLoader Loading environment from /home/runner/work/key/key/key.core/../key.ui/examples/heap/permissions/threads/BFilter_preStart_accessible.key 
251386     DEBUG main            d.u.i.k.p.i.AbstractProblemLoader Environment load took 78.5ns 
251387     INFO  main            d.u.i.k.p.i.AbstractProblemLoader Creating init config 
255974     DEBUG main            d.u.i.k.p.i.AbstractProblemLoader Init config took 4.59s 
256059     INFO  main            d.u.i.k.p.i.AbstractProblemLoader Replaying proof BFilter[ThreadSpec2::preStart(java.lang.Object)].JML accessible clause.0 
256061     DEBUG main            d.u.i.k.p.i.IntermediateProofReplayer Proof replay took 8.2ns 
256363     INFO  main            d.u.i.k.p.r.p.TestFile    ... finished proof: closed. 
256716     INFO  main            d.u.i.k.p.i.AbstractProblemLoader Loading environment from /home/runner/work/key/key/key.core/../key.ui/examples/heap/permissions/threads/BFilter_preStart_accessible.key.proof 
256716     DEBUG main            d.u.i.k.p.i.AbstractProblemLoader Environment load took 102.5ns 
256717     INFO  main            d.u.i.k.p.i.AbstractProblemLoader Creating init config 
261228     DEBUG main            d.u.i.k.p.i.AbstractProblemLoader Init config took 4.51s 
261315     INFO  main            d.u.i.k.p.i.AbstractProblemLoader Replaying proof BFilter[ThreadSpec2::preStart(java.lang.Object)].JML accessible clause.0 
261337     DEBUG main            d.u.i.k.p.i.IntermediateProofReplayer Proof replay took 19.6ms 
261338     DEBUG main            d.u.i.k.p.r.p.TestFile    ... success: reloaded. 
261339     INFO  main            d.u.i.k.p.r.p.TestFile    Now processing file /home/runner/work/key/key/key.core/../key.ui/examples/heap/permissions/threads/BFilter_startTransfer_accessible.key 
261339     INFO  main            d.u.i.k.p.i.AbstractProblemLoader Loading environment from /home/runner/work/key/key/key.core/../key.ui/examples/heap/permissions/threads/BFilter_startTransfer_accessible.key 
261340     DEBUG main            d.u.i.k.p.i.AbstractProblemLoader Environment load took 79ns 
261340     INFO  main            d.u.i.k.p.i.AbstractProblemLoader Creating init config 
265948     DEBUG main            d.u.i.k.p.i.AbstractProblemLoader Init config took 4.61s 
266033     INFO  main            d.u.i.k.p.i.AbstractProblemLoader Replaying proof BFilter[ThreadSpec2::startTransfer()].JML accessible clause.0 
266035     DEBUG main            d.u.i.k.p.i.IntermediateProofReplayer Proof replay took 6.7ns 
271754     INFO  main            d.u.i.k.p.r.p.TestFile    ... finished proof: closed. 
272107     INFO  main            d.u.i.k.p.i.AbstractProblemLoader Loading environment from /home/runner/work/key/key/key.core/../key.ui/examples/heap/permissions/threads/BFilter_startTransfer_accessible.key.proof 
272108     DEBUG main            d.u.i.k.p.i.AbstractProblemLoader Environment load took 167.5ns 
272109     INFO  main            d.u.i.k.p.i.AbstractProblemLoader Creating init config 
276635     DEBUG main            d.u.i.k.p.i.AbstractProblemLoader Init config took 4.53s 
276720     INFO  main            d.u.i.k.p.i.AbstractProblemLoader Replaying proof BFilter[ThreadSpec2::startTransfer()].JML accessible clause.0 
277058     DEBUG main            d.u.i.k.p.i.IntermediateProofReplayer Proof replay took 326.6ms 
277059     DEBUG main            d.u.i.k.p.r.p.TestFile    ... success: reloaded. 
277060     INFO  main            d.u.i.k.p.r.p.TestFile    Now processing file /home/runner/work/key/key/key.core/../key.ui/examples/heap/permissions/threads/BFilter_startTransfer_contract.key 
277060     INFO  main            d.u.i.k.p.i.AbstractProblemLoader Loading environment from /home/runner/work/key/key/key.core/../key.ui/examples/heap/permissions/threads/BFilter_startTransfer_contract.key 
277061     DEBUG main            d.u.i.k.p.i.AbstractProblemLoader Environment load took 174.3ns 
277061     INFO  main            d.u.i.k.p.i.AbstractProblemLoader Creating init config 
281656     DEBUG main            d.u.i.k.p.i.AbstractProblemLoader Init config took 4.59s 
281742     INFO  main            d.u.i.k.p.i.AbstractProblemLoader Replaying proof BFilter[ThreadSpec2::startTransfer()].JML model_behavior operation contract.0 
281744     DEBUG main            d.u.i.k.p.i.IntermediateProofReplayer Proof replay took 7.3ns 
282849     INFO  main            d.u.i.k.p.r.p.TestFile    ... finished proof: closed. 
283177     INFO  main            d.u.i.k.p.i.AbstractProblemLoader Loading environment from /home/runner/work/key/key/key.core/../key.ui/examples/heap/permissions/threads/BFilter_startTransfer_contract.key.proof 
283177     DEBUG main            d.u.i.k.p.i.AbstractProblemLoader Environment load took 102.3ns 
283178     INFO  main            d.u.i.k.p.i.AbstractProblemLoader Creating init config 
287680     DEBUG main            d.u.i.k.p.i.AbstractProblemLoader Init config took 4.5s 
287766     INFO  main            d.u.i.k.p.i.AbstractProblemLoader Replaying proof BFilter[ThreadSpec2::startTransfer()].JML model_behavior operation contract.0 
287860     DEBUG main            d.u.i.k.p.i.IntermediateProofReplayer Proof replay took 88.8ms 
287862     DEBUG main            d.u.i.k.p.r.p.TestFile    ... success: reloaded. 
287863     INFO  main            d.u.i.k.p.r.p.TestFile    Now processing file /home/runner/work/key/key/key.core/../key.ui/examples/heap/permissions/threads/BFilter_stateInv_accessible.key 
287863     INFO  main            d.u.i.k.p.i.AbstractProblemLoader Loading environment from /home/runner/work/key/key/key.core/../key.ui/examples/heap/permissions/threads/BFilter_stateInv_accessible.key 
287863     DEBUG main            d.u.i.k.p.i.AbstractProblemLoader Environment load took 154.9ns 
287864     INFO  main            d.u.i.k.p.i.AbstractProblemLoader Creating init config 
292444     DEBUG main            d.u.i.k.p.i.AbstractProblemLoader Init config took 4.58s 
292531     INFO  main            d.u.i.k.p.i.AbstractProblemLoader Replaying proof BFilter[ThreadSpec2::stateInv()].JML accessible clause.0 
292532     DEBUG main            d.u.i.k.p.i.IntermediateProofReplayer Proof replay took 6.7ns 
292834     INFO  main            d.u.i.k.p.r.p.TestFile    ... finished proof: closed. 
293182     INFO  main            d.u.i.k.p.i.AbstractProblemLoader Loading environment from /home/runner/work/key/key/key.core/../key.ui/examples/heap/permissions/threads/BFilter_stateInv_accessible.key.proof 
293182     DEBUG main            d.u.i.k.p.i.AbstractProblemLoader Environment load took 103.7ns 
293183     INFO  main            d.u.i.k.p.i.AbstractProblemLoader Creating init config 
297671     DEBUG main            d.u.i.k.p.i.AbstractProblemLoader Init config took 4.49s 
297758     INFO  main            d.u.i.k.p.i.AbstractProblemLoader Replaying proof BFilter[ThreadSpec2::stateInv()].JML accessible clause.0 
297786     DEBUG main            d.u.i.k.p.i.IntermediateProofReplayer Proof replay took 25.24ms 
297787     DEBUG main            d.u.i.k.p.r.p.TestFile    ... success: reloaded. 
297788     INFO  main            d.u.i.k.p.r.p.TestFile    Now processing file /home/runner/work/key/key/key.core/../key.ui/examples/heap/permissions/threads/BFilter_staticPermissions_accessible.key 
297788     INFO  main            d.u.i.k.p.i.AbstractProblemLoader Loading environment from /home/runner/work/key/key/key.core/../key.ui/examples/heap/permissions/threads/BFilter_staticPermissions_accessible.key 
297788     DEBUG main            d.u.i.k.p.i.AbstractProblemLoader Environment load took 92.4ns 
297789     INFO  main            d.u.i.k.p.i.AbstractProblemLoader Creating init config 
302387     DEBUG main            d.u.i.k.p.i.AbstractProblemLoader Init config took 4.6s 
302474     INFO  main            d.u.i.k.p.i.AbstractProblemLoader Replaying proof BFilter[ThreadSpec2::staticPermissions()].JML accessible clause.0 
302475     DEBUG main            d.u.i.k.p.i.IntermediateProofReplayer Proof replay took 7.2ns 
302577     INFO  main            d.u.i.k.p.r.p.TestFile    ... finished proof: closed. 
302925     INFO  main            d.u.i.k.p.i.AbstractProblemLoader Loading environment from /home/runner/work/key/key/key.core/../key.ui/examples/heap/permissions/threads/BFilter_staticPermissions_accessible.key.proof 
302925     DEBUG main            d.u.i.k.p.i.AbstractProblemLoader Environment load took 101.8ns 
302926     INFO  main            d.u.i.k.p.i.AbstractProblemLoader Creating init config 
307426     DEBUG main            d.u.i.k.p.i.AbstractProblemLoader Init config took 4.5s 
307512     INFO  main            d.u.i.k.p.i.AbstractProblemLoader Replaying proof BFilter[ThreadSpec2::staticPermissions()].JML accessible clause.0 
307520     DEBUG main            d.u.i.k.p.i.IntermediateProofReplayer Proof replay took 6.83ms 
307521     DEBUG main            d.u.i.k.p.r.p.TestFile    ... success: reloaded. 
307522     INFO  main            d.u.i.k.p.r.p.TestFile    Now processing file /home/runner/work/key/key/key.core/../key.ui/examples/heap/permissions/threads/BFilter_workingPermissions_accessible.key 
307522     INFO  main            d.u.i.k.p.i.AbstractProblemLoader Loading environment from /home/runner/work/key/key/key.core/../key.ui/examples/heap/permissions/threads/BFilter_workingPermissions_accessible.key 
307522     DEBUG main            d.u.i.k.p.i.AbstractProblemLoader Environment load took 88.4ns 
307523     INFO  main            d.u.i.k.p.i.AbstractProblemLoader Creating init config 
312077     DEBUG main            d.u.i.k.p.i.AbstractProblemLoader Init config took 4.55s 
312162     INFO  main            d.u.i.k.p.i.AbstractProblemLoader Replaying proof BFilter[ThreadSpec2::workingPermissions()].JML accessible clause.0 
312163     DEBUG main            d.u.i.k.p.i.IntermediateProofReplayer Proof replay took 7.6ns 
312265     INFO  main            d.u.i.k.p.r.p.TestFile    ... finished proof: closed. 
312625     INFO  main            d.u.i.k.p.i.AbstractProblemLoader Loading environment from /home/runner/work/key/key/key.core/../key.ui/examples/heap/permissions/threads/BFilter_workingPermissions_accessible.key.proof 
312625     DEBUG main            d.u.i.k.p.i.AbstractProblemLoader Environment load took 108.2ns 
312626     INFO  main            d.u.i.k.p.i.AbstractProblemLoader Creating init config 
317104     DEBUG main            d.u.i.k.p.i.AbstractProblemLoader Init config took 4.48s 
317194     INFO  main            d.u.i.k.p.i.AbstractProblemLoader Replaying proof BFilter[ThreadSpec2::workingPermissions()].JML accessible clause.0 
317202     DEBUG main            d.u.i.k.p.i.IntermediateProofReplayer Proof replay took 6.16ms 
317203     DEBUG main            d.u.i.k.p.r.p.TestFile    ... success: reloaded. 
317204     INFO  main            d.u.i.k.p.r.p.TestFile    Now processing file /home/runner/work/key/key/key.core/../key.ui/examples/heap/permissions/threads/Fib_Fib.key 
317204     INFO  main            d.u.i.k.p.i.AbstractProblemLoader Loading environment from /home/runner/work/key/key/key.core/../key.ui/examples/heap/permissions/threads/Fib_Fib.key 
317204     DEBUG main            d.u.i.k.p.i.AbstractProblemLoader Environment load took 119.2ns 
317205     INFO  main            d.u.i.k.p.i.AbstractProblemLoader Creating init config 
321761     DEBUG main            d.u.i.k.p.i.AbstractProblemLoader Init config took 4.56s 
321848     INFO  main            d.u.i.k.p.i.AbstractProblemLoader Replaying proof Fib[Fib::Fib(int)].JML normal_behavior operation contract.0 
321849     DEBUG main            d.u.i.k.p.i.IntermediateProofReplayer Proof replay took 7.2ns 
322454     INFO  main            d.u.i.k.p.r.p.TestFile    ... finished proof: closed. 
322819     INFO  main            d.u.i.k.p.i.AbstractProblemLoader Loading environment from /home/runner/work/key/key/key.core/../key.ui/examples/heap/permissions/threads/Fib_Fib.key.proof 
322819     DEBUG main            d.u.i.k.p.i.AbstractProblemLoader Environment load took 103.4ns 
322821     INFO  main            d.u.i.k.p.i.AbstractProblemLoader Creating init config 
327293     DEBUG main            d.u.i.k.p.i.AbstractProblemLoader Init config took 4.47s 
327380     INFO  main            d.u.i.k.p.i.AbstractProblemLoader Replaying proof Fib[Fib::Fib(int)].JML normal_behavior operation contract.0 
327467     DEBUG main            d.u.i.k.p.i.IntermediateProofReplayer Proof replay took 84.31ms 
327467     DEBUG main            d.u.i.k.p.r.p.TestFile    ... success: reloaded. 
327468     INFO  main            d.u.i.k.p.r.p.TestFile    Now processing file /home/runner/work/key/key/key.core/../key.ui/examples/heap/permissions/threads/Fib_initPost_accessible.key 
327469     INFO  main            d.u.i.k.p.i.AbstractProblemLoader Loading environment from /home/runner/work/key/key/key.core/../key.ui/examples/heap/permissions/threads/Fib_initPost_accessible.key 
327469     DEBUG main            d.u.i.k.p.i.AbstractProblemLoader Environment load took 71.9ns 
327469     INFO  main            d.u.i.k.p.i.AbstractProblemLoader Creating init config 
332044     DEBUG main            d.u.i.k.p.i.AbstractProblemLoader Init config took 4.57s 
332129     INFO  main            d.u.i.k.p.i.AbstractProblemLoader Replaying proof Fib[ThreadSpec::initPost()].JML accessible clause.0 
332131     DEBUG main            d.u.i.k.p.i.IntermediateProofReplayer Proof replay took 7.6ns 
332232     INFO  main            d.u.i.k.p.r.p.TestFile    ... finished proof: closed. 
332600     INFO  main            d.u.i.k.p.i.AbstractProblemLoader Loading environment from /home/runner/work/key/key/key.core/../key.ui/examples/heap/permissions/threads/Fib_initPost_accessible.key.proof 
332600     DEBUG main            d.u.i.k.p.i.AbstractProblemLoader Environment load took 109ns 
332601     INFO  main            d.u.i.k.p.i.AbstractProblemLoader Creating init config 
337082     DEBUG main            d.u.i.k.p.i.AbstractProblemLoader Init config took 4.48s 
337168     INFO  main            d.u.i.k.p.i.AbstractProblemLoader Replaying proof Fib[ThreadSpec::initPost()].JML accessible clause.0 
337173     DEBUG main            d.u.i.k.p.i.IntermediateProofReplayer Proof replay took 3.88ms 
337174     DEBUG main            d.u.i.k.p.r.p.TestFile    ... success: reloaded. 
337175     INFO  main            d.u.i.k.p.r.p.TestFile    Now processing file /home/runner/work/key/key/key.core/../key.ui/examples/heap/permissions/threads/Fib_inv1_accessible.key 
337175     INFO  main            d.u.i.k.p.i.AbstractProblemLoader Loading environment from /home/runner/work/key/key/key.core/../key.ui/examples/heap/permissions/threads/Fib_inv1_accessible.key 
337175     DEBUG main            d.u.i.k.p.i.AbstractProblemLoader Environment load took 97.6ns 
337176     INFO  main            d.u.i.k.p.i.AbstractProblemLoader Creating init config 
341730     DEBUG main            d.u.i.k.p.i.AbstractProblemLoader Init config took 4.55s 
341833     INFO  main            d.u.i.k.p.i.AbstractProblemLoader Replaying proof Fib[java.lang.Object::<inv>()].JML accessible clause.0 
341834     DEBUG main            d.u.i.k.p.i.IntermediateProofReplayer Proof replay took 7.4ns 
341936     INFO  main            d.u.i.k.p.r.p.TestFile    ... finished proof: closed. 
342316     INFO  main            d.u.i.k.p.i.AbstractProblemLoader Loading environment from /home/runner/work/key/key/key.core/../key.ui/examples/heap/permissions/threads/Fib_inv1_accessible.key.proof 
342316     DEBUG main            d.u.i.k.p.i.AbstractProblemLoader Environment load took 99ns 
342317     INFO  main            d.u.i.k.p.i.AbstractProblemLoader Creating init config 
346801     DEBUG main            d.u.i.k.p.i.AbstractProblemLoader Init config took 4.48s 
346900     INFO  main            d.u.i.k.p.i.AbstractProblemLoader Replaying proof Fib[java.lang.Object::<inv>()].JML accessible clause.0 
346904     DEBUG main            d.u.i.k.p.i.IntermediateProofReplayer Proof replay took 1.45ms 
346904     DEBUG main            d.u.i.k.p.r.p.TestFile    ... success: reloaded. 
346906     INFO  main            d.u.i.k.p.r.p.TestFile    Now processing file /home/runner/work/key/key/key.core/../key.ui/examples/heap/permissions/threads/Fib_inv2_accessible.key 
346906     INFO  main            d.u.i.k.p.i.AbstractProblemLoader Loading environment from /home/runner/work/key/key/key.core/../key.ui/examples/heap/permissions/threads/Fib_inv2_accessible.key 
346906     DEBUG main            d.u.i.k.p.i.AbstractProblemLoader Environment load took 78ns 
346907     INFO  main            d.u.i.k.p.i.AbstractProblemLoader Creating init config 
351466     DEBUG main            d.u.i.k.p.i.AbstractProblemLoader Init config took 4.56s 
351553     INFO  main            d.u.i.k.p.i.AbstractProblemLoader Replaying proof Fib[java.lang.Object::<inv>()].JML accessible clause.1 
351554     DEBUG main            d.u.i.k.p.i.IntermediateProofReplayer Proof replay took 8.1ns 
351656     INFO  main            d.u.i.k.p.r.p.TestFile    ... finished proof: closed. 
352035     INFO  main            d.u.i.k.p.i.AbstractProblemLoader Loading environment from /home/runner/work/key/key/key.core/../key.ui/examples/heap/permissions/threads/Fib_inv2_accessible.key.proof 
352035     DEBUG main            d.u.i.k.p.i.AbstractProblemLoader Environment load took 99.01ns 
352036     INFO  main            d.u.i.k.p.i.AbstractProblemLoader Creating init config 
356523     DEBUG main            d.u.i.k.p.i.AbstractProblemLoader Init config took 4.49s 
356622     INFO  main            d.u.i.k.p.i.AbstractProblemLoader Replaying proof Fib[java.lang.Object::<inv>()].JML accessible clause.1 
356624     DEBUG main            d.u.i.k.p.i.IntermediateProofReplayer Proof replay took 1.38ms 
356625     DEBUG main            d.u.i.k.p.r.p.TestFile    ... success: reloaded. 
356626     INFO  main            d.u.i.k.p.r.p.TestFile    Now processing file /home/runner/work/key/key/key.core/../key.ui/examples/heap/permissions/threads/Fib_joinTransfer_accessible.key 
356626     INFO  main            d.u.i.k.p.i.AbstractProblemLoader Loading environment from /home/runner/work/key/key/key.core/../key.ui/examples/heap/permissions/threads/Fib_joinTransfer_accessible.key 
356626     DEBUG main            d.u.i.k.p.i.AbstractProblemLoader Environment load took 76.5ns 
356627     INFO  main            d.u.i.k.p.i.AbstractProblemLoader Creating init config 
361185     DEBUG main            d.u.i.k.p.i.AbstractProblemLoader Init config took 4.56s 
361270     INFO  main            d.u.i.k.p.i.AbstractProblemLoader Replaying proof Fib[ThreadSpec::joinTransfer()].JML accessible clause.0 
361272     DEBUG main            d.u.i.k.p.i.IntermediateProofReplayer Proof replay took 7ns 
361473     INFO  main            d.u.i.k.p.r.p.TestFile    ... finished proof: closed. 
361870     INFO  main            d.u.i.k.p.i.AbstractProblemLoader Loading environment from /home/runner/work/key/key/key.core/../key.ui/examples/heap/permissions/threads/Fib_joinTransfer_accessible.key.proof 
361871     DEBUG main            d.u.i.k.p.i.AbstractProblemLoader Environment load took 100.7ns 
361871     INFO  main            d.u.i.k.p.i.AbstractProblemLoader Creating init config 
366369     DEBUG main            d.u.i.k.p.i.AbstractProblemLoader Init config took 4.5s 
366455     INFO  main            d.u.i.k.p.i.AbstractProblemLoader Replaying proof Fib[ThreadSpec::joinTransfer()].JML accessible clause.0 
366475     DEBUG main            d.u.i.k.p.i.IntermediateProofReplayer Proof replay took 17.44ms 
366476     DEBUG main            d.u.i.k.p.r.p.TestFile    ... success: reloaded. 
366477     INFO  main            d.u.i.k.p.r.p.TestFile    Now processing file /home/runner/work/key/key/key.core/../key.ui/examples/heap/permissions/threads/Fib_joinTransfer_contract.key 
366477     INFO  main            d.u.i.k.p.i.AbstractProblemLoader Loading environment from /home/runner/work/key/key/key.core/../key.ui/examples/heap/permissions/threads/Fib_joinTransfer_contract.key 
366477     DEBUG main            d.u.i.k.p.i.AbstractProblemLoader Environment load took 91.7ns 
366478     INFO  main            d.u.i.k.p.i.AbstractProblemLoader Creating init config 
371029     DEBUG main            d.u.i.k.p.i.AbstractProblemLoader Init config took 4.55s 
371115     INFO  main            d.u.i.k.p.i.AbstractProblemLoader Replaying proof Fib[ThreadSpec::joinTransfer()].JML model_behavior operation contract.0 
371116     DEBUG main            d.u.i.k.p.i.IntermediateProofReplayer Proof replay took 7.8ns 
371218     INFO  main            d.u.i.k.p.r.p.TestFile    ... finished proof: closed. 
371607     INFO  main            d.u.i.k.p.i.AbstractProblemLoader Loading environment from /home/runner/work/key/key/key.core/../key.ui/examples/heap/permissions/threads/Fib_joinTransfer_contract.key.proof 
371607     DEBUG main            d.u.i.k.p.i.AbstractProblemLoader Environment load took 117.8ns 
371608     INFO  main            d.u.i.k.p.i.AbstractProblemLoader Creating init config 
376103     DEBUG main            d.u.i.k.p.i.AbstractProblemLoader Init config took 4.5s 
376190     INFO  main            d.u.i.k.p.i.AbstractProblemLoader Replaying proof Fib[ThreadSpec::joinTransfer()].JML model_behavior operation contract.0 
376200     DEBUG main            d.u.i.k.p.i.IntermediateProofReplayer Proof replay took 8.1ms 
376202     DEBUG main            d.u.i.k.p.r.p.TestFile    ... success: reloaded. 
376203     INFO  main            d.u.i.k.p.r.p.TestFile    Now processing file /home/runner/work/key/key/key.core/../key.ui/examples/heap/permissions/threads/Fib_postJoin_accessible.key 
376203     INFO  main            d.u.i.k.p.i.AbstractProblemLoader Loading environment from /home/runner/work/key/key/key.core/../key.ui/examples/heap/permissions/threads/Fib_postJoin_accessible.key 
376203     DEBUG main            d.u.i.k.p.i.AbstractProblemLoader Environment load took 149.6ns 
376204     INFO  main            d.u.i.k.p.i.AbstractProblemLoader Creating init config 
380753     DEBUG main            d.u.i.k.p.i.AbstractProblemLoader Init config took 4.55s 
380853     INFO  main            d.u.i.k.p.i.AbstractProblemLoader Replaying proof Fib[ThreadSpec::postJoin(java.lang.Object)].JML accessible clause.0 
380855     DEBUG main            d.u.i.k.p.i.IntermediateProofReplayer Proof replay took 7.1ns 
380957     INFO  main            d.u.i.k.p.r.p.TestFile    ... finished proof: closed. 
381348     INFO  main            d.u.i.k.p.i.AbstractProblemLoader Loading environment from /home/runner/work/key/key/key.core/../key.ui/examples/heap/permissions/threads/Fib_postJoin_accessible.key.proof 
381348     DEBUG main            d.u.i.k.p.i.AbstractProblemLoader Environment load took 93.6ns 
381349     INFO  main            d.u.i.k.p.i.AbstractProblemLoader Creating init config 
385836     DEBUG main            d.u.i.k.p.i.AbstractProblemLoader Init config took 4.49s 
385923     INFO  main            d.u.i.k.p.i.AbstractProblemLoader Replaying proof Fib[ThreadSpec::postJoin(java.lang.Object)].JML accessible clause.0 
385928     DEBUG main            d.u.i.k.p.i.IntermediateProofReplayer Proof replay took 3.86ms 
385929     DEBUG main            d.u.i.k.p.r.p.TestFile    ... success: reloaded. 
385930     INFO  main            d.u.i.k.p.r.p.TestFile    Now processing file /home/runner/work/key/key/key.core/../key.ui/examples/heap/permissions/threads/Fib_preStart_accessible.key 
385930     INFO  main            d.u.i.k.p.i.AbstractProblemLoader Loading environment from /home/runner/work/key/key/key.core/../key.ui/examples/heap/permissions/threads/Fib_preStart_accessible.key 
385930     DEBUG main            d.u.i.k.p.i.AbstractProblemLoader Environment load took 90.3ns 
385931     INFO  main            d.u.i.k.p.i.AbstractProblemLoader Creating init config 
390487     DEBUG main            d.u.i.k.p.i.AbstractProblemLoader Init config took 4.56s 
390571     INFO  main            d.u.i.k.p.i.AbstractProblemLoader Replaying proof Fib[ThreadSpec::preStart(java.lang.Object)].JML accessible clause.0 
390572     DEBUG main            d.u.i.k.p.i.IntermediateProofReplayer Proof replay took 6.8ns 
390673     INFO  main            d.u.i.k.p.r.p.TestFile    ... finished proof: closed. 
391072     INFO  main            d.u.i.k.p.i.AbstractProblemLoader Loading environment from /home/runner/work/key/key/key.core/../key.ui/examples/heap/permissions/threads/Fib_preStart_accessible.key.proof 
391072     DEBUG main            d.u.i.k.p.i.AbstractProblemLoader Environment load took 108.7ns 
391073     INFO  main            d.u.i.k.p.i.AbstractProblemLoader Creating init config 
395563     DEBUG main            d.u.i.k.p.i.AbstractProblemLoader Init config took 4.49s 
395649     INFO  main            d.u.i.k.p.i.AbstractProblemLoader Replaying proof Fib[ThreadSpec::preStart(java.lang.Object)].JML accessible clause.0 
395654     DEBUG main            d.u.i.k.p.i.IntermediateProofReplayer Proof replay took 4ms 
395655     DEBUG main            d.u.i.k.p.r.p.TestFile    ... success: reloaded. 
395656     INFO  main            d.u.i.k.p.r.p.TestFile    Now processing file /home/runner/work/key/key/key.core/../key.ui/examples/heap/permissions/threads/Fib_startTransfer_accessible.key 
395656     INFO  main            d.u.i.k.p.i.AbstractProblemLoader Loading environment from /home/runner/work/key/key/key.core/../key.ui/examples/heap/permissions/threads/Fib_startTransfer_accessible.key 
395656     DEBUG main            d.u.i.k.p.i.AbstractProblemLoader Environment load took 89ns 
395657     INFO  main            d.u.i.k.p.i.AbstractProblemLoader Creating init config 
400224     DEBUG main            d.u.i.k.p.i.AbstractProblemLoader Init config took 4.57s 
400310     INFO  main            d.u.i.k.p.i.AbstractProblemLoader Replaying proof Fib[ThreadSpec::startTransfer()].JML accessible clause.0 
400311     DEBUG main            d.u.i.k.p.i.IntermediateProofReplayer Proof replay took 6.8ns 
400513     INFO  main            d.u.i.k.p.r.p.TestFile    ... finished proof: closed. 
400936     INFO  main            d.u.i.k.p.i.AbstractProblemLoader Loading environment from /home/runner/work/key/key/key.core/../key.ui/examples/heap/permissions/threads/Fib_startTransfer_accessible.key.proof 
400936     DEBUG main            d.u.i.k.p.i.AbstractProblemLoader Environment load took 115.3ns 
400937     INFO  main            d.u.i.k.p.i.AbstractProblemLoader Creating init config 
405434     DEBUG main            d.u.i.k.p.i.AbstractProblemLoader Init config took 4.5s 
405519     INFO  main            d.u.i.k.p.i.AbstractProblemLoader Replaying proof Fib[ThreadSpec::startTransfer()].JML accessible clause.0 
405539     DEBUG main            d.u.i.k.p.i.IntermediateProofReplayer Proof replay took 17.69ms 
405540     DEBUG main            d.u.i.k.p.r.p.TestFile    ... success: reloaded. 
405541     INFO  main            d.u.i.k.p.r.p.TestFile    Now processing file /home/runner/work/key/key/key.core/../key.ui/examples/heap/permissions/threads/Fib_startTransfer_contract.key 
405541     INFO  main            d.u.i.k.p.i.AbstractProblemLoader Loading environment from /home/runner/work/key/key/key.core/../key.ui/examples/heap/permissions/threads/Fib_startTransfer_contract.key 
405541     DEBUG main            d.u.i.k.p.i.AbstractProblemLoader Environment load took 89ns 
405542     INFO  main            d.u.i.k.p.i.AbstractProblemLoader Creating init config 
410106     DEBUG main            d.u.i.k.p.i.AbstractProblemLoader Init config took 4.56s 
410191     INFO  main            d.u.i.k.p.i.AbstractProblemLoader Replaying proof Fib[ThreadSpec::startTransfer()].JML model_behavior operation contract.0 
410192     DEBUG main            d.u.i.k.p.i.IntermediateProofReplayer Proof replay took 8.4ns 
410294     INFO  main            d.u.i.k.p.r.p.TestFile    ... finished proof: closed. 
410709     INFO  main            d.u.i.k.p.i.AbstractProblemLoader Loading environment from /home/runner/work/key/key/key.core/../key.ui/examples/heap/permissions/threads/Fib_startTransfer_contract.key.proof 
410709     DEBUG main            d.u.i.k.p.i.AbstractProblemLoader Environment load took 101.3ns 
410710     INFO  main            d.u.i.k.p.i.AbstractProblemLoader Creating init config 
415193     DEBUG main            d.u.i.k.p.i.AbstractProblemLoader Init config took 4.48s 
415278     INFO  main            d.u.i.k.p.i.AbstractProblemLoader Replaying proof Fib[ThreadSpec::startTransfer()].JML model_behavior operation contract.0 
415286     DEBUG main            d.u.i.k.p.i.IntermediateProofReplayer Proof replay took 6.01ms 
415286     DEBUG main            d.u.i.k.p.r.p.TestFile    ... success: reloaded. 
415287     INFO  main            d.u.i.k.p.r.p.TestFile    Now processing file /home/runner/work/key/key/key.core/../key.ui/examples/heap/permissions/threads/Fib_workingPermissions_accessible.key 
415287     INFO  main            d.u.i.k.p.i.AbstractProblemLoader Loading environment from /home/runner/work/key/key/key.core/../key.ui/examples/heap/permissions/threads/Fib_workingPermissions_accessible.key 
415288     DEBUG main            d.u.i.k.p.i.AbstractProblemLoader Environment load took 50.1ns 
415288     INFO  main            d.u.i.k.p.i.AbstractProblemLoader Creating init config 
419840     DEBUG main            d.u.i.k.p.i.AbstractProblemLoader Init config took 4.55s 
419924     INFO  main            d.u.i.k.p.i.AbstractProblemLoader Replaying proof Fib[ThreadSpec::workingPermissions()].JML accessible clause.0 
419926     DEBUG main            d.u.i.k.p.i.IntermediateProofReplayer Proof replay took 6.9ns 
420027     INFO  main            d.u.i.k.p.r.p.TestFile    ... finished proof: closed. 
420451     INFO  main            d.u.i.k.p.i.AbstractProblemLoader Loading environment from /home/runner/work/key/key/key.core/../key.ui/examples/heap/permissions/threads/Fib_workingPermissions_accessible.key.proof 
420451     DEBUG main            d.u.i.k.p.i.AbstractProblemLoader Environment load took 130.5ns 
420452     INFO  main            d.u.i.k.p.i.AbstractProblemLoader Creating init config 
424940     DEBUG main            d.u.i.k.p.i.AbstractProblemLoader Init config took 4.49s 
425025     INFO  main            d.u.i.k.p.i.AbstractProblemLoader Replaying proof Fib[ThreadSpec::workingPermissions()].JML accessible clause.0 
425028     DEBUG main            d.u.i.k.p.i.IntermediateProofReplayer Proof replay took 1.76ms 
425029     DEBUG main            d.u.i.k.p.r.p.TestFile    ... success: reloaded. 
425030     INFO  main            d.u.i.k.p.r.p.TestFile    Now processing file /home/runner/work/key/key/key.core/../key.ui/examples/heap/permissions/threads/Plotter_initPost_accessible.key 
425030     INFO  main            d.u.i.k.p.i.AbstractProblemLoader Loading environment from /home/runner/work/key/key/key.core/../key.ui/examples/heap/permissions/threads/Plotter_initPost_accessible.key 
425030     DEBUG main            d.u.i.k.p.i.AbstractProblemLoader Environment load took 47.5ns 
425031     INFO  main            d.u.i.k.p.i.AbstractProblemLoader Creating init config 
429592     DEBUG main            d.u.i.k.p.i.AbstractProblemLoader Init config took 4.56s 
429692     INFO  main            d.u.i.k.p.i.AbstractProblemLoader Replaying proof Plotter[ThreadSpec2::initPost()].JML accessible clause.0 
429693     DEBUG main            d.u.i.k.p.i.IntermediateProofReplayer Proof replay took 7.1ns 
429794     INFO  main            d.u.i.k.p.r.p.TestFile    ... finished proof: closed. 
430226     INFO  main            d.u.i.k.p.i.AbstractProblemLoader Loading environment from /home/runner/work/key/key/key.core/../key.ui/examples/heap/permissions/threads/Plotter_initPost_accessible.key.proof 
430226     DEBUG main            d.u.i.k.p.i.AbstractProblemLoader Environment load took 94.7ns 
430227     INFO  main            d.u.i.k.p.i.AbstractProblemLoader Creating init config 
434717     DEBUG main            d.u.i.k.p.i.AbstractProblemLoader Init config took 4.49s 
434815     INFO  main            d.u.i.k.p.i.AbstractProblemLoader Replaying proof Plotter[ThreadSpec2::initPost()].JML accessible clause.0 
434825     DEBUG main            d.u.i.k.p.i.IntermediateProofReplayer Proof replay took 8.68ms 
434826     DEBUG main            d.u.i.k.p.r.p.TestFile    ... success: reloaded. 
434827     INFO  main            d.u.i.k.p.r.p.TestFile    Now processing file /home/runner/work/key/key/key.core/../key.ui/examples/heap/permissions/threads/Plotter_inv_accessible1.key 
434827     INFO  main            d.u.i.k.p.i.AbstractProblemLoader Loading environment from /home/runner/work/key/key/key.core/../key.ui/examples/heap/permissions/threads/Plotter_inv_accessible1.key 
434827     DEBUG main            d.u.i.k.p.i.AbstractProblemLoader Environment load took 46.4ns 
434828     INFO  main            d.u.i.k.p.i.AbstractProblemLoader Creating init config 
439383     DEBUG main            d.u.i.k.p.i.AbstractProblemLoader Init config took 4.56s 
439472     INFO  main            d.u.i.k.p.i.AbstractProblemLoader Replaying proof Plotter[java.lang.Object::<inv>()].JML accessible clause.0 
439473     DEBUG main            d.u.i.k.p.i.IntermediateProofReplayer Proof replay took 7.5ns 
439575     INFO  main            d.u.i.k.p.r.p.TestFile    ... finished proof: closed. 
440016     INFO  main            d.u.i.k.p.i.AbstractProblemLoader Loading environment from /home/runner/work/key/key/key.core/../key.ui/examples/heap/permissions/threads/Plotter_inv_accessible1.key.proof 
440016     DEBUG main            d.u.i.k.p.i.AbstractProblemLoader Environment load took 96.3ns 
440017     INFO  main            d.u.i.k.p.i.AbstractProblemLoader Creating init config 
444499     DEBUG main            d.u.i.k.p.i.AbstractProblemLoader Init config took 4.48s 
444596     INFO  main            d.u.i.k.p.i.AbstractProblemLoader Replaying proof Plotter[java.lang.Object::<inv>()].JML accessible clause.0 
444599     DEBUG main            d.u.i.k.p.i.IntermediateProofReplayer Proof replay took 1.39ms 
444600     DEBUG main            d.u.i.k.p.r.p.TestFile    ... success: reloaded. 
444601     INFO  main            d.u.i.k.p.r.p.TestFile    Now processing file /home/runner/work/key/key/key.core/../key.ui/examples/heap/permissions/threads/Plotter_inv_accessible2.key 
444601     INFO  main            d.u.i.k.p.i.AbstractProblemLoader Loading environment from /home/runner/work/key/key/key.core/../key.ui/examples/heap/permissions/threads/Plotter_inv_accessible2.key 
444601     DEBUG main            d.u.i.k.p.i.AbstractProblemLoader Environment load took 48.4ns 
444602     INFO  main            d.u.i.k.p.i.AbstractProblemLoader Creating init config 
449160     DEBUG main            d.u.i.k.p.i.AbstractProblemLoader Init config took 4.56s 
449244     INFO  main            d.u.i.k.p.i.AbstractProblemLoader Replaying proof Plotter[java.lang.Object::<inv>()].JML accessible clause.1 
449246     DEBUG main            d.u.i.k.p.i.IntermediateProofReplayer Proof replay took 7.2ns 
449347     INFO  main            d.u.i.k.p.r.p.TestFile    ... finished proof: closed. 
449795     INFO  main            d.u.i.k.p.i.AbstractProblemLoader Loading environment from /home/runner/work/key/key/key.core/../key.ui/examples/heap/permissions/threads/Plotter_inv_accessible2.key.proof 
449795     DEBUG main            d.u.i.k.p.i.AbstractProblemLoader Environment load took 93ns 
449796     INFO  main            d.u.i.k.p.i.AbstractProblemLoader Creating init config 
454301     DEBUG main            d.u.i.k.p.i.AbstractProblemLoader Init config took 4.51s 
454386     INFO  main            d.u.i.k.p.i.AbstractProblemLoader Replaying proof Plotter[java.lang.Object::<inv>()].JML accessible clause.1 
454389     DEBUG main            d.u.i.k.p.i.IntermediateProofReplayer Proof replay took 1.42ms 
454390     DEBUG main            d.u.i.k.p.r.p.TestFile    ... success: reloaded. 
454391     INFO  main            d.u.i.k.p.r.p.TestFile    Now processing file /home/runner/work/key/key/key.core/../key.ui/examples/heap/permissions/threads/Plotter_joinTransfer_contract.key 
454391     INFO  main            d.u.i.k.p.i.AbstractProblemLoader Loading environment from /home/runner/work/key/key/key.core/../key.ui/examples/heap/permissions/threads/Plotter_joinTransfer_contract.key 
454392     DEBUG main            d.u.i.k.p.i.AbstractProblemLoader Environment load took 67.2ns 
454392     INFO  main            d.u.i.k.p.i.AbstractProblemLoader Creating init config 
458960     DEBUG main            d.u.i.k.p.i.AbstractProblemLoader Init config took 4.57s 
459048     INFO  main            d.u.i.k.p.i.AbstractProblemLoader Replaying proof Plotter[ThreadSpec2::joinTransfer()].JML model_behavior operation contract.0 
459050     DEBUG main            d.u.i.k.p.i.IntermediateProofReplayer Proof replay took 7.6ns 
459151     INFO  main            d.u.i.k.p.r.p.TestFile    ... finished proof: closed. 
459609     INFO  main            d.u.i.k.p.i.AbstractProblemLoader Loading environment from /home/runner/work/key/key/key.core/../key.ui/examples/heap/permissions/threads/Plotter_joinTransfer_contract.key.proof 
459609     DEBUG main            d.u.i.k.p.i.AbstractProblemLoader Environment load took 85.2ns 
459610     INFO  main            d.u.i.k.p.i.AbstractProblemLoader Creating init config 
464104     DEBUG main            d.u.i.k.p.i.AbstractProblemLoader Init config took 4.49s 
464189     INFO  main            d.u.i.k.p.i.AbstractProblemLoader Replaying proof Plotter[ThreadSpec2::joinTransfer()].JML model_behavior operation contract.0 
464197     DEBUG main            d.u.i.k.p.i.IntermediateProofReplayer Proof replay took 6.61ms 
464198     DEBUG main            d.u.i.k.p.r.p.TestFile    ... success: reloaded. 
464198     INFO  main            d.u.i.k.p.r.p.TestFile    Now processing file /home/runner/work/key/key/key.core/../key.ui/examples/heap/permissions/threads/Plotter_Plotter.key 
464199     INFO  main            d.u.i.k.p.i.AbstractProblemLoader Loading environment from /home/runner/work/key/key/key.core/../key.ui/examples/heap/permissions/threads/Plotter_Plotter.key 
464199     DEBUG main            d.u.i.k.p.i.AbstractProblemLoader Environment load took 47.7ns 
464199     INFO  main            d.u.i.k.p.i.AbstractProblemLoader Creating init config 
468760     DEBUG main            d.u.i.k.p.i.AbstractProblemLoader Init config took 4.56s 
468861     INFO  main            d.u.i.k.p.i.AbstractProblemLoader Replaying proof Plotter[Plotter::Plotter(AFilter,BFilter,Buffer)].JML normal_behavior operation contract.0 
468862     DEBUG main            d.u.i.k.p.i.IntermediateProofReplayer Proof replay took 7.7ns 
470488     INFO  main            d.u.i.k.p.r.p.TestFile    ... finished proof: closed. 
470971     INFO  main            d.u.i.k.p.i.AbstractProblemLoader Loading environment from /home/runner/work/key/key/key.core/../key.ui/examples/heap/permissions/threads/Plotter_Plotter.key.proof 
470971     DEBUG main            d.u.i.k.p.i.AbstractProblemLoader Environment load took 336.1ns 
470972     INFO  main            d.u.i.k.p.i.AbstractProblemLoader Creating init config 
475457     DEBUG main            d.u.i.k.p.i.AbstractProblemLoader Init config took 4.48s 
475543     INFO  main            d.u.i.k.p.i.AbstractProblemLoader Replaying proof Plotter[Plotter::Plotter(AFilter,BFilter,Buffer)].JML normal_behavior operation contract.0 
475716     DEBUG main            d.u.i.k.p.i.IntermediateProofReplayer Proof replay took 168.03ms 
475717     DEBUG main            d.u.i.k.p.r.p.TestFile    ... success: reloaded. 
475718     INFO  main            d.u.i.k.p.r.p.TestFile    Now processing file /home/runner/work/key/key/key.core/../key.ui/examples/heap/permissions/threads/Plotter_postJoin_accessible.key 
475718     INFO  main            d.u.i.k.p.i.AbstractProblemLoader Loading environment from /home/runner/work/key/key/key.core/../key.ui/examples/heap/permissions/threads/Plotter_postJoin_accessible.key 
475718     DEBUG main            d.u.i.k.p.i.AbstractProblemLoader Environment load took 148.9ns 
475719     INFO  main            d.u.i.k.p.i.AbstractProblemLoader Creating init config 
480299     DEBUG main            d.u.i.k.p.i.AbstractProblemLoader Init config took 4.58s 
480383     INFO  main            d.u.i.k.p.i.AbstractProblemLoader Replaying proof Plotter[ThreadSpec2::postJoin(java.lang.Object)].JML accessible clause.0 
480384     DEBUG main            d.u.i.k.p.i.IntermediateProofReplayer Proof replay took 7ns 
480486     INFO  main            d.u.i.k.p.r.p.TestFile    ... finished proof: closed. 
480948     INFO  main            d.u.i.k.p.i.AbstractProblemLoader Loading environment from /home/runner/work/key/key/key.core/../key.ui/examples/heap/permissions/threads/Plotter_postJoin_accessible.key.proof 
480949     DEBUG main            d.u.i.k.p.i.AbstractProblemLoader Environment load took 88.2ns 
480949     INFO  main            d.u.i.k.p.i.AbstractProblemLoader Creating init config 
485442     DEBUG main            d.u.i.k.p.i.AbstractProblemLoader Init config took 4.49s 
485525     INFO  main            d.u.i.k.p.i.AbstractProblemLoader Replaying proof Plotter[ThreadSpec2::postJoin(java.lang.Object)].JML accessible clause.0 
485535     DEBUG main            d.u.i.k.p.i.IntermediateProofReplayer Proof replay took 8.58ms 
485536     DEBUG main            d.u.i.k.p.r.p.TestFile    ... success: reloaded. 
485536     INFO  main            d.u.i.k.p.r.p.TestFile    Now processing file /home/runner/work/key/key/key.core/../key.ui/examples/heap/permissions/threads/Plotter_preStart_accessible.key 
485537     INFO  main            d.u.i.k.p.i.AbstractProblemLoader Loading environment from /home/runner/work/key/key/key.core/../key.ui/examples/heap/permissions/threads/Plotter_preStart_accessible.key 
485537     DEBUG main            d.u.i.k.p.i.AbstractProblemLoader Environment load took 67.6ns 
485537     INFO  main            d.u.i.k.p.i.AbstractProblemLoader Creating init config 
490103     DEBUG main            d.u.i.k.p.i.AbstractProblemLoader Init config took 4.57s 
490187     INFO  main            d.u.i.k.p.i.AbstractProblemLoader Replaying proof Plotter[ThreadSpec2::preStart(java.lang.Object)].JML accessible clause.0 
490189     DEBUG main            d.u.i.k.p.i.IntermediateProofReplayer Proof replay took 8.1ns 
491215     INFO  main            d.u.i.k.p.r.p.TestFile    ... finished proof: closed. 
491694     INFO  main            d.u.i.k.p.i.AbstractProblemLoader Loading environment from /home/runner/work/key/key/key.core/../key.ui/examples/heap/permissions/threads/Plotter_preStart_accessible.key.proof 
491694     DEBUG main            d.u.i.k.p.i.AbstractProblemLoader Environment load took 104ns 
491695     INFO  main            d.u.i.k.p.i.AbstractProblemLoader Creating init config 
496190     DEBUG main            d.u.i.k.p.i.AbstractProblemLoader Init config took 4.5s 
496274     INFO  main            d.u.i.k.p.i.AbstractProblemLoader Replaying proof Plotter[ThreadSpec2::preStart(java.lang.Object)].JML accessible clause.0 
496340     DEBUG main            d.u.i.k.p.i.IntermediateProofReplayer Proof replay took 62.63ms 
496341     DEBUG main            d.u.i.k.p.r.p.TestFile    ... success: reloaded. 
496342     INFO  main            d.u.i.k.p.r.p.TestFile    Now processing file /home/runner/work/key/key/key.core/../key.ui/examples/heap/permissions/threads/Plotter_stateInv_accessible.key 
496342     INFO  main            d.u.i.k.p.i.AbstractProblemLoader Loading environment from /home/runner/work/key/key/key.core/../key.ui/examples/heap/permissions/threads/Plotter_stateInv_accessible.key 
496342     DEBUG main            d.u.i.k.p.i.AbstractProblemLoader Environment load took 164.3ns 
496343     INFO  main            d.u.i.k.p.i.AbstractProblemLoader Creating init config 
500906     DEBUG main            d.u.i.k.p.i.AbstractProblemLoader Init config took 4.56s 
500990     INFO  main            d.u.i.k.p.i.AbstractProblemLoader Replaying proof Plotter[ThreadSpec2::stateInv()].JML accessible clause.0 
500991     DEBUG main            d.u.i.k.p.i.IntermediateProofReplayer Proof replay took 7.5ns 
508539     INFO  main            d.u.i.k.p.r.p.TestFile    ... finished proof: closed. 
509035     INFO  main            d.u.i.k.p.i.AbstractProblemLoader Loading environment from /home/runner/work/key/key/key.core/../key.ui/examples/heap/permissions/threads/Plotter_stateInv_accessible.key.proof 
509035     DEBUG main            d.u.i.k.p.i.AbstractProblemLoader Environment load took 96ns 
509036     INFO  main            d.u.i.k.p.i.AbstractProblemLoader Creating init config 
513535     DEBUG main            d.u.i.k.p.i.AbstractProblemLoader Init config took 4.5s 
513632     INFO  main            d.u.i.k.p.i.AbstractProblemLoader Replaying proof Plotter[ThreadSpec2::stateInv()].JML accessible clause.0 
514017     DEBUG main            d.u.i.k.p.i.IntermediateProofReplayer Proof replay took 370.19ms 
514018     DEBUG main            d.u.i.k.p.r.p.TestFile    ... success: reloaded. 
514019     INFO  main            d.u.i.k.p.r.p.TestFile    Now processing file /home/runner/work/key/key/key.core/../key.ui/examples/heap/permissions/threads/Plotter_staticPermissions_accessible.key 
514019     INFO  main            d.u.i.k.p.i.AbstractProblemLoader Loading environment from /home/runner/work/key/key/key.core/../key.ui/examples/heap/permissions/threads/Plotter_staticPermissions_accessible.key 
514019     DEBUG main            d.u.i.k.p.i.AbstractProblemLoader Environment load took 101.7ns 
514020     INFO  main            d.u.i.k.p.i.AbstractProblemLoader Creating init config 
518570     DEBUG main            d.u.i.k.p.i.AbstractProblemLoader Init config took 4.55s 
518651     INFO  main            d.u.i.k.p.i.AbstractProblemLoader Replaying proof Plotter[ThreadSpec2::staticPermissions()].JML accessible clause.0 
518653     DEBUG main            d.u.i.k.p.i.IntermediateProofReplayer Proof replay took 39.9ns 
519556     INFO  main            d.u.i.k.p.r.p.TestFile    ... finished proof: closed. 
520040     INFO  main            d.u.i.k.p.i.AbstractProblemLoader Loading environment from /home/runner/work/key/key/key.core/../key.ui/examples/heap/permissions/threads/Plotter_staticPermissions_accessible.key.proof 
520040     DEBUG main            d.u.i.k.p.i.AbstractProblemLoader Environment load took 87.4ns 
520041     INFO  main            d.u.i.k.p.i.AbstractProblemLoader Creating init config 
524509     DEBUG main            d.u.i.k.p.i.AbstractProblemLoader Init config took 4.47s 
524591     INFO  main            d.u.i.k.p.i.AbstractProblemLoader Replaying proof Plotter[ThreadSpec2::staticPermissions()].JML accessible clause.0 
524632     DEBUG main            d.u.i.k.p.i.IntermediateProofReplayer Proof replay took 38.76ms 
524633     DEBUG main            d.u.i.k.p.r.p.TestFile    ... success: reloaded. 
524634     INFO  main            d.u.i.k.p.r.p.TestFile    Now processing file /home/runner/work/key/key/key.core/../key.ui/examples/heap/permissions/threads/Plotter_workingPermissions_accessible.key 
524634     INFO  main            d.u.i.k.p.i.AbstractProblemLoader Loading environment from /home/runner/work/key/key/key.core/../key.ui/examples/heap/permissions/threads/Plotter_workingPermissions_accessible.key 
524634     DEBUG main            d.u.i.k.p.i.AbstractProblemLoader Environment load took 85.4ns 
524635     INFO  main            d.u.i.k.p.i.AbstractProblemLoader Creating init config 
529202     DEBUG main            d.u.i.k.p.i.AbstractProblemLoader Init config took 4.57s 
529282     INFO  main            d.u.i.k.p.i.AbstractProblemLoader Replaying proof Plotter[ThreadSpec2::workingPermissions()].JML accessible clause.0 
529284     DEBUG main            d.u.i.k.p.i.IntermediateProofReplayer Proof replay took 3ns 
529486     INFO  main            d.u.i.k.p.r.p.TestFile    ... finished proof: closed. 
529983     INFO  main            d.u.i.k.p.i.AbstractProblemLoader Loading environment from /home/runner/work/key/key/key.core/../key.ui/examples/heap/permissions/threads/Plotter_workingPermissions_accessible.key.proof 
529983     DEBUG main            d.u.i.k.p.i.AbstractProblemLoader Environment load took 105.1ns 
529984     INFO  main            d.u.i.k.p.i.AbstractProblemLoader Creating init config 
534453     DEBUG main            d.u.i.k.p.i.AbstractProblemLoader Init config took 4.47s 
534535     INFO  main            d.u.i.k.p.i.AbstractProblemLoader Replaying proof Plotter[ThreadSpec2::workingPermissions()].JML accessible clause.0 
534547     DEBUG main            d.u.i.k.p.i.IntermediateProofReplayer Proof replay took 11.02ms 
534548     DEBUG main            d.u.i.k.p.r.p.TestFile    ... success: reloaded. 
534549     INFO  main            d.u.i.k.p.r.p.TestFile    Now processing file /home/runner/work/key/key/key.core/../key.ui/examples/heap/permissions/threads/Sampler_initPost_accessible.key 
534549     INFO  main            d.u.i.k.p.i.AbstractProblemLoader Loading environment from /home/runner/work/key/key/key.core/../key.ui/examples/heap/permissions/threads/Sampler_initPost_accessible.key 
534549     DEBUG main            d.u.i.k.p.i.AbstractProblemLoader Environment load took 45.5ns 
534550     INFO  main            d.u.i.k.p.i.AbstractProblemLoader Creating init config 
539095     DEBUG main            d.u.i.k.p.i.AbstractProblemLoader Init config took 4.54s 
539176     INFO  main            d.u.i.k.p.i.AbstractProblemLoader Replaying proof Sampler[ThreadSpec2::initPost()].JML accessible clause.0 
539177     DEBUG main            d.u.i.k.p.i.IntermediateProofReplayer Proof replay took 2.9ns 
539278     INFO  main            d.u.i.k.p.r.p.TestFile    ... finished proof: closed. 
539770     INFO  main            d.u.i.k.p.i.AbstractProblemLoader Loading environment from /home/runner/work/key/key/key.core/../key.ui/examples/heap/permissions/threads/Sampler_initPost_accessible.key.proof 
539770     DEBUG main            d.u.i.k.p.i.AbstractProblemLoader Environment load took 81ns 
539771     INFO  main            d.u.i.k.p.i.AbstractProblemLoader Creating init config 
544243     DEBUG main            d.u.i.k.p.i.AbstractProblemLoader Init config took 4.47s 
544328     INFO  main            d.u.i.k.p.i.AbstractProblemLoader Replaying proof Sampler[ThreadSpec2::initPost()].JML accessible clause.0 
544333     DEBUG main            d.u.i.k.p.i.IntermediateProofReplayer Proof replay took 4.18ms 
544334     DEBUG main            d.u.i.k.p.r.p.TestFile    ... success: reloaded. 
544334     INFO  main            d.u.i.k.p.r.p.TestFile    Now processing file /home/runner/work/key/key/key.core/../key.ui/examples/heap/permissions/threads/Sampler_inv_accessible1.key 
544335     INFO  main            d.u.i.k.p.i.AbstractProblemLoader Loading environment from /home/runner/work/key/key/key.core/../key.ui/examples/heap/permissions/threads/Sampler_inv_accessible1.key 
544335     DEBUG main            d.u.i.k.p.i.AbstractProblemLoader Environment load took 43.2ns 
544335     INFO  main            d.u.i.k.p.i.AbstractProblemLoader Creating init config 
548888     DEBUG main            d.u.i.k.p.i.AbstractProblemLoader Init config took 4.55s 
548969     INFO  main            d.u.i.k.p.i.AbstractProblemLoader Replaying proof Sampler[java.lang.Object::<inv>()].JML accessible clause.0 
548970     DEBUG main            d.u.i.k.p.i.IntermediateProofReplayer Proof replay took 3.6ns 
549071     INFO  main            d.u.i.k.p.r.p.TestFile    ... finished proof: closed. 
549569     INFO  main            d.u.i.k.p.i.AbstractProblemLoader Loading environment from /home/runner/work/key/key/key.core/../key.ui/examples/heap/permissions/threads/Sampler_inv_accessible1.key.proof 
549569     DEBUG main            d.u.i.k.p.i.AbstractProblemLoader Environment load took 100ns 
549570     INFO  main            d.u.i.k.p.i.AbstractProblemLoader Creating init config 
554043     DEBUG main            d.u.i.k.p.i.AbstractProblemLoader Init config took 4.47s 
554123     INFO  main            d.u.i.k.p.i.AbstractProblemLoader Replaying proof Sampler[java.lang.Object::<inv>()].JML accessible clause.0 
554126     DEBUG main            d.u.i.k.p.i.IntermediateProofReplayer Proof replay took 1.31ms 
554127     DEBUG main            d.u.i.k.p.r.p.TestFile    ... success: reloaded. 
554127     INFO  main            d.u.i.k.p.r.p.TestFile    Now processing file /home/runner/work/key/key/key.core/../key.ui/examples/heap/permissions/threads/Sampler_inv_accessible2.key 
554127     INFO  main            d.u.i.k.p.i.AbstractProblemLoader Loading environment from /home/runner/work/key/key/key.core/../key.ui/examples/heap/permissions/threads/Sampler_inv_accessible2.key 
554128     DEBUG main            d.u.i.k.p.i.AbstractProblemLoader Environment load took 88.5ns 
554128     INFO  main            d.u.i.k.p.i.AbstractProblemLoader Creating init config 
558673     DEBUG main            d.u.i.k.p.i.AbstractProblemLoader Init config took 4.55s 
558754     INFO  main            d.u.i.k.p.i.AbstractProblemLoader Replaying proof Sampler[java.lang.Object::<inv>()].JML accessible clause.1 
558755     DEBUG main            d.u.i.k.p.i.IntermediateProofReplayer Proof replay took 3ns 
558856     INFO  main            d.u.i.k.p.r.p.TestFile    ... finished proof: closed. 
559361     INFO  main            d.u.i.k.p.i.AbstractProblemLoader Loading environment from /home/runner/work/key/key/key.core/../key.ui/examples/heap/permissions/threads/Sampler_inv_accessible2.key.proof 
559362     DEBUG main            d.u.i.k.p.i.AbstractProblemLoader Environment load took 75.8ns 
559362     INFO  main            d.u.i.k.p.i.AbstractProblemLoader Creating init config 
563835     DEBUG main            d.u.i.k.p.i.AbstractProblemLoader Init config took 4.47s 
563915     INFO  main            d.u.i.k.p.i.AbstractProblemLoader Replaying proof Sampler[java.lang.Object::<inv>()].JML accessible clause.1 
563918     DEBUG main            d.u.i.k.p.i.IntermediateProofReplayer Proof replay took 1.36ms 
563919     DEBUG main            d.u.i.k.p.r.p.TestFile    ... success: reloaded. 
563920     INFO  main            d.u.i.k.p.r.p.TestFile    Now processing file /home/runner/work/key/key/key.core/../key.ui/examples/heap/permissions/threads/Sampler_joinTransfer_accessible.key 
563920     INFO  main            d.u.i.k.p.i.AbstractProblemLoader Loading environment from /home/runner/work/key/key/key.core/../key.ui/examples/heap/permissions/threads/Sampler_joinTransfer_accessible.key 
563920     DEBUG main            d.u.i.k.p.i.AbstractProblemLoader Environment load took 57.8ns 
563921     INFO  main            d.u.i.k.p.i.AbstractProblemLoader Creating init config 
568477     DEBUG main            d.u.i.k.p.i.AbstractProblemLoader Init config took 4.56s 
568573     INFO  main            d.u.i.k.p.i.AbstractProblemLoader Replaying proof Sampler[ThreadSpec2::joinTransfer()].JML accessible clause.0 
568574     DEBUG main            d.u.i.k.p.i.IntermediateProofReplayer Proof replay took 3.1ns 
571682     INFO  main            d.u.i.k.p.r.p.TestFile    ... finished proof: closed. 
572208     INFO  main            d.u.i.k.p.i.AbstractProblemLoader Loading environment from /home/runner/work/key/key/key.core/../key.ui/examples/heap/permissions/threads/Sampler_joinTransfer_accessible.key.proof 
572209     DEBUG main            d.u.i.k.p.i.AbstractProblemLoader Environment load took 326.6ns 
572210     INFO  main            d.u.i.k.p.i.AbstractProblemLoader Creating init config 
576674     DEBUG main            d.u.i.k.p.i.AbstractProblemLoader Init config took 4.46s 
576756     INFO  main            d.u.i.k.p.i.AbstractProblemLoader Replaying proof Sampler[ThreadSpec2::joinTransfer()].JML accessible clause.0 
577212     DEBUG main            d.u.i.k.p.i.IntermediateProofReplayer Proof replay took 445.5ms 
577214     DEBUG main            d.u.i.k.p.r.p.TestFile    ... success: reloaded. 
577215     INFO  main            d.u.i.k.p.r.p.TestFile    Now processing file /home/runner/work/key/key/key.core/../key.ui/examples/heap/permissions/threads/Sampler_joinTransfer_contract.key 
577215     INFO  main            d.u.i.k.p.i.AbstractProblemLoader Loading environment from /home/runner/work/key/key/key.core/../key.ui/examples/heap/permissions/threads/Sampler_joinTransfer_contract.key 
577215     DEBUG main            d.u.i.k.p.i.AbstractProblemLoader Environment load took 45.4ns 
577216     INFO  main            d.u.i.k.p.i.AbstractProblemLoader Creating init config 
581780     DEBUG main            d.u.i.k.p.i.AbstractProblemLoader Init config took 4.56s 
581861     INFO  main            d.u.i.k.p.i.AbstractProblemLoader Replaying proof Sampler[ThreadSpec2::joinTransfer()].JML model_behavior operation contract.0 
581862     DEBUG main            d.u.i.k.p.i.IntermediateProofReplayer Proof replay took 3.4ns 
581964     INFO  main            d.u.i.k.p.r.p.TestFile    ... finished proof: closed. 
582482     INFO  main            d.u.i.k.p.i.AbstractProblemLoader Loading environment from /home/runner/work/key/key/key.core/../key.ui/examples/heap/permissions/threads/Sampler_joinTransfer_contract.key.proof 
582482     DEBUG main            d.u.i.k.p.i.AbstractProblemLoader Environment load took 86.1ns 
582483     INFO  main            d.u.i.k.p.i.AbstractProblemLoader Creating init config 
586949     DEBUG main            d.u.i.k.p.i.AbstractProblemLoader Init config took 4.47s 
587041     INFO  main            d.u.i.k.p.i.AbstractProblemLoader Replaying proof Sampler[ThreadSpec2::joinTransfer()].JML model_behavior operation contract.0 
587048     DEBUG main            d.u.i.k.p.i.IntermediateProofReplayer Proof replay took 5.9ms 
587049     DEBUG main            d.u.i.k.p.r.p.TestFile    ... success: reloaded. 
587050     INFO  main            d.u.i.k.p.r.p.TestFile    Now processing file /home/runner/work/key/key/key.core/../key.ui/examples/heap/permissions/threads/Sampler_postJoin_accessible.key 
587050     INFO  main            d.u.i.k.p.i.AbstractProblemLoader Loading environment from /home/runner/work/key/key/key.core/../key.ui/examples/heap/permissions/threads/Sampler_postJoin_accessible.key 
587050     DEBUG main            d.u.i.k.p.i.AbstractProblemLoader Environment load took 112.9ns 
587051     INFO  main            d.u.i.k.p.i.AbstractProblemLoader Creating init config 
591600     DEBUG main            d.u.i.k.p.i.AbstractProblemLoader Init config took 4.55s 
591680     INFO  main            d.u.i.k.p.i.AbstractProblemLoader Replaying proof Sampler[ThreadSpec2::postJoin(java.lang.Object)].JML accessible clause.0 
591681     DEBUG main            d.u.i.k.p.i.IntermediateProofReplayer Proof replay took 2.1ns 
591782     INFO  main            d.u.i.k.p.r.p.TestFile    ... finished proof: closed. 
592303     INFO  main            d.u.i.k.p.i.AbstractProblemLoader Loading environment from /home/runner/work/key/key/key.core/../key.ui/examples/heap/permissions/threads/Sampler_postJoin_accessible.key.proof 
592303     DEBUG main            d.u.i.k.p.i.AbstractProblemLoader Environment load took 72ns 
592304     INFO  main            d.u.i.k.p.i.AbstractProblemLoader Creating init config 
596781     DEBUG main            d.u.i.k.p.i.AbstractProblemLoader Init config took 4.48s 
596861     INFO  main            d.u.i.k.p.i.AbstractProblemLoader Replaying proof Sampler[ThreadSpec2::postJoin(java.lang.Object)].JML accessible clause.0 
596869     DEBUG main            d.u.i.k.p.i.IntermediateProofReplayer Proof replay took 6.56ms 
596870     DEBUG main            d.u.i.k.p.r.p.TestFile    ... success: reloaded. 
596871     INFO  main            d.u.i.k.p.r.p.TestFile    Now processing file /home/runner/work/key/key/key.core/../key.ui/examples/heap/permissions/threads/Sampler_preStart_accessible.key 
596871     INFO  main            d.u.i.k.p.i.AbstractProblemLoader Loading environment from /home/runner/work/key/key/key.core/../key.ui/examples/heap/permissions/threads/Sampler_preStart_accessible.key 
596871     DEBUG main            d.u.i.k.p.i.AbstractProblemLoader Environment load took 59.5ns 
596872     INFO  main            d.u.i.k.p.i.AbstractProblemLoader Creating init config 
601420     DEBUG main            d.u.i.k.p.i.AbstractProblemLoader Init config took 4.55s 
601517     INFO  main            d.u.i.k.p.i.AbstractProblemLoader Replaying proof Sampler[ThreadSpec2::preStart(java.lang.Object)].JML accessible clause.0 
601519     DEBUG main            d.u.i.k.p.i.IntermediateProofReplayer Proof replay took 2.5ns 
601620     INFO  main            d.u.i.k.p.r.p.TestFile    ... finished proof: closed. 
602149     INFO  main            d.u.i.k.p.i.AbstractProblemLoader Loading environment from /home/runner/work/key/key/key.core/../key.ui/examples/heap/permissions/threads/Sampler_preStart_accessible.key.proof 
602149     DEBUG main            d.u.i.k.p.i.AbstractProblemLoader Environment load took 70.4ns 
602150     INFO  main            d.u.i.k.p.i.AbstractProblemLoader Creating init config 
606613     DEBUG main            d.u.i.k.p.i.AbstractProblemLoader Init config took 4.46s 
606694     INFO  main            d.u.i.k.p.i.AbstractProblemLoader Replaying proof Sampler[ThreadSpec2::preStart(java.lang.Object)].JML accessible clause.0 
606702     DEBUG main            d.u.i.k.p.i.IntermediateProofReplayer Proof replay took 6.51ms 
606703     DEBUG main            d.u.i.k.p.r.p.TestFile    ... success: reloaded. 
606703     INFO  main            d.u.i.k.p.r.p.TestFile    Now processing file /home/runner/work/key/key/key.core/../key.ui/examples/heap/permissions/threads/Sampler_run.key 
606703     INFO  main            d.u.i.k.p.i.AbstractProblemLoader Loading environment from /home/runner/work/key/key/key.core/../key.ui/examples/heap/permissions/threads/Sampler_run.key 
606703     DEBUG main            d.u.i.k.p.i.AbstractProblemLoader Environment load took 52ns 
606704     INFO  main            d.u.i.k.p.i.AbstractProblemLoader Creating init config 
611251     DEBUG main            d.u.i.k.p.i.AbstractProblemLoader Init config took 4.55s 
611331     INFO  main            d.u.i.k.p.i.AbstractProblemLoader Replaying proof Sampler[ThreadSpec2::run()].JML normal_behavior operation contract.0 
611332     DEBUG main            d.u.i.k.p.i.IntermediateProofReplayer Proof replay took 2.4ns 
611534     INFO  main            d.u.i.k.p.r.p.TestFile    ... finished proof: closed. 
612074     INFO  main            d.u.i.k.p.i.AbstractProblemLoader Loading environment from /home/runner/work/key/key/key.core/../key.ui/examples/heap/permissions/threads/Sampler_run.key.proof 
612074     DEBUG main            d.u.i.k.p.i.AbstractProblemLoader Environment load took 91.5ns 
612074     INFO  main            d.u.i.k.p.i.AbstractProblemLoader Creating init config 
616541     DEBUG main            d.u.i.k.p.i.AbstractProblemLoader Init config took 4.47s 
616622     INFO  main            d.u.i.k.p.i.AbstractProblemLoader Replaying proof Sampler[ThreadSpec2::run()].JML normal_behavior operation contract.0 
616649     DEBUG main            d.u.i.k.p.i.IntermediateProofReplayer Proof replay took 25.32ms 
616650     DEBUG main            d.u.i.k.p.r.p.TestFile    ... success: reloaded. 
616651     INFO  main            d.u.i.k.p.r.p.TestFile    Now processing file /home/runner/work/key/key/key.core/../key.ui/examples/heap/permissions/threads/Sampler_Sampler.key 
616652     INFO  main            d.u.i.k.p.i.AbstractProblemLoader Loading environment from /home/runner/work/key/key/key.core/../key.ui/examples/heap/permissions/threads/Sampler_Sampler.key 
616652     DEBUG main            d.u.i.k.p.i.AbstractProblemLoader Environment load took 145.1ns 
616653     INFO  main            d.u.i.k.p.i.AbstractProblemLoader Creating init config 
621251     DEBUG main            d.u.i.k.p.i.AbstractProblemLoader Init config took 4.6s 
621331     INFO  main            d.u.i.k.p.i.AbstractProblemLoader Replaying proof Sampler[Sampler::Sampler(Buffer)].JML normal_behavior operation contract.0 
621332     DEBUG main            d.u.i.k.p.i.IntermediateProofReplayer Proof replay took 3.1ns 
621870     INFO  main            d.u.i.k.p.r.p.TestFile    ... finished proof: closed. 
622406     INFO  main            d.u.i.k.p.i.AbstractProblemLoader Loading environment from /home/runner/work/key/key/key.core/../key.ui/examples/heap/permissions/threads/Sampler_Sampler.key.proof 
622406     DEBUG main            d.u.i.k.p.i.AbstractProblemLoader Environment load took 70.5ns 
622407     INFO  main            d.u.i.k.p.i.AbstractProblemLoader Creating init config 
626870     DEBUG main            d.u.i.k.p.i.AbstractProblemLoader Init config took 4.46s 
626951     INFO  main            d.u.i.k.p.i.AbstractProblemLoader Replaying proof Sampler[Sampler::Sampler(Buffer)].JML normal_behavior operation contract.0 
627012     DEBUG main            d.u.i.k.p.i.IntermediateProofReplayer Proof replay took 59.14ms 
627013     DEBUG main            d.u.i.k.p.r.p.TestFile    ... success: reloaded. 
627014     INFO  main            d.u.i.k.p.r.p.TestFile    Now processing file /home/runner/work/key/key/key.core/../key.ui/examples/heap/permissions/threads/Sampler_startTransfer_accessible.key 
627014     INFO  main            d.u.i.k.p.i.AbstractProblemLoader Loading environment from /home/runner/work/key/key/key.core/../key.ui/examples/heap/permissions/threads/Sampler_startTransfer_accessible.key 
627014     DEBUG main            d.u.i.k.p.i.AbstractProblemLoader Environment load took 41ns 
627015     INFO  main            d.u.i.k.p.i.AbstractProblemLoader Creating init config 
631632     DEBUG main            d.u.i.k.p.i.AbstractProblemLoader Init config took 4.62s 
631712     INFO  main            d.u.i.k.p.i.AbstractProblemLoader Replaying proof Sampler[ThreadSpec2::startTransfer()].JML accessible clause.0 
631713     DEBUG main            d.u.i.k.p.i.IntermediateProofReplayer Proof replay took 2.5ns 
635036     INFO  main            d.u.i.k.p.r.p.TestFile    ... finished proof: closed. 
635583     INFO  main            d.u.i.k.p.i.AbstractProblemLoader Loading environment from /home/runner/work/key/key/key.core/../key.ui/examples/heap/permissions/threads/Sampler_startTransfer_accessible.key.proof 
635584     DEBUG main            d.u.i.k.p.i.AbstractProblemLoader Environment load took 288.5ns 
635585     INFO  main            d.u.i.k.p.i.AbstractProblemLoader Creating init config 
640206     DEBUG main            d.u.i.k.p.i.AbstractProblemLoader Init config took 4.62s 
640298     INFO  main            d.u.i.k.p.i.AbstractProblemLoader Replaying proof Sampler[ThreadSpec2::startTransfer()].JML accessible clause.0 
640691     DEBUG main            d.u.i.k.p.i.IntermediateProofReplayer Proof replay took 383.24ms 
640692     DEBUG main            d.u.i.k.p.r.p.TestFile    ... success: reloaded. 
640693     INFO  main            d.u.i.k.p.r.p.TestFile    Now processing file /home/runner/work/key/key/key.core/../key.ui/examples/heap/permissions/threads/Sampler_startTransfer_contract.key 
640693     INFO  main            d.u.i.k.p.i.AbstractProblemLoader Loading environment from /home/runner/work/key/key/key.core/../key.ui/examples/heap/permissions/threads/Sampler_startTransfer_contract.key 
640693     DEBUG main            d.u.i.k.p.i.AbstractProblemLoader Environment load took 69.8ns 
640694     INFO  main            d.u.i.k.p.i.AbstractProblemLoader Creating init config 
645364     DEBUG main            d.u.i.k.p.i.AbstractProblemLoader Init config took 4.67s 
645445     INFO  main            d.u.i.k.p.i.AbstractProblemLoader Replaying proof Sampler[ThreadSpec2::startTransfer()].JML model_behavior operation contract.0 
645447     DEBUG main            d.u.i.k.p.i.IntermediateProofReplayer Proof replay took 2ns 
645548     INFO  main            d.u.i.k.p.r.p.TestFile    ... finished proof: closed. 
646088     INFO  main            d.u.i.k.p.i.AbstractProblemLoader Loading environment from /home/runner/work/key/key/key.core/../key.ui/examples/heap/permissions/threads/Sampler_startTransfer_contract.key.proof 
646088     DEBUG main            d.u.i.k.p.i.AbstractProblemLoader Environment load took 82.8ns 
646089     INFO  main            d.u.i.k.p.i.AbstractProblemLoader Creating init config 
650698     DEBUG main            d.u.i.k.p.i.AbstractProblemLoader Init config took 4.61s 
650796     INFO  main            d.u.i.k.p.i.AbstractProblemLoader Replaying proof Sampler[ThreadSpec2::startTransfer()].JML model_behavior operation contract.0 
650803     DEBUG main            d.u.i.k.p.i.IntermediateProofReplayer Proof replay took 5.99ms 
650804     DEBUG main            d.u.i.k.p.r.p.TestFile    ... success: reloaded. 
650805     INFO  main            d.u.i.k.p.r.p.TestFile    Now processing file /home/runner/work/key/key/key.core/../key.ui/examples/heap/permissions/threads/Sampler_stateInv_accessible.key 
650805     INFO  main            d.u.i.k.p.i.AbstractProblemLoader Loading environment from /home/runner/work/key/key/key.core/../key.ui/examples/heap/permissions/threads/Sampler_stateInv_accessible.key 
650806     DEBUG main            d.u.i.k.p.i.AbstractProblemLoader Environment load took 145.1ns 
650806     INFO  main            d.u.i.k.p.i.AbstractProblemLoader Creating init config 
655518     DEBUG main            d.u.i.k.p.i.AbstractProblemLoader Init config took 4.71s 
655625     INFO  main            d.u.i.k.p.i.AbstractProblemLoader Replaying proof Sampler[ThreadSpec2::stateInv()].JML accessible clause.0 
655628     DEBUG main            d.u.i.k.p.i.IntermediateProofReplayer Proof replay took 3.1ns 
655730     INFO  main            d.u.i.k.p.r.p.TestFile    ... finished proof: closed. 
656271     INFO  main            d.u.i.k.p.i.AbstractProblemLoader Loading environment from /home/runner/work/key/key/key.core/../key.ui/examples/heap/permissions/threads/Sampler_stateInv_accessible.key.proof 
656271     DEBUG main            d.u.i.k.p.i.AbstractProblemLoader Environment load took 73ns 
656272     INFO  main            d.u.i.k.p.i.AbstractProblemLoader Creating init config 
660879     DEBUG main            d.u.i.k.p.i.AbstractProblemLoader Init config took 4.61s 
660976     INFO  main            d.u.i.k.p.i.AbstractProblemLoader Replaying proof Sampler[ThreadSpec2::stateInv()].JML accessible clause.0 
660984     DEBUG main            d.u.i.k.p.i.IntermediateProofReplayer Proof replay took 6.12ms 
660988     DEBUG main            d.u.i.k.p.r.p.TestFile    ... success: reloaded. 
660989     INFO  main            d.u.i.k.p.r.p.TestFile    Now processing file /home/runner/work/key/key/key.core/../key.ui/examples/heap/permissions/threads/Sampler_staticPermissions_accessible.key 
660990     INFO  main            d.u.i.k.p.i.AbstractProblemLoader Loading environment from /home/runner/work/key/key/key.core/../key.ui/examples/heap/permissions/threads/Sampler_staticPermissions_accessible.key 
660990     DEBUG main            d.u.i.k.p.i.AbstractProblemLoader Environment load took 194.4ns 
660994     INFO  main            d.u.i.k.p.i.AbstractProblemLoader Creating init config 
665728     DEBUG main            d.u.i.k.p.i.AbstractProblemLoader Init config took 4.73s 
665820     INFO  main            d.u.i.k.p.i.AbstractProblemLoader Replaying proof Sampler[ThreadSpec2::staticPermissions()].JML accessible clause.0 
665833     DEBUG main            d.u.i.k.p.i.IntermediateProofReplayer Proof replay took 3ns 
665940     INFO  main            d.u.i.k.p.r.p.TestFile    ... finished proof: closed. 
666496     INFO  main            d.u.i.k.p.i.AbstractProblemLoader Loading environment from /home/runner/work/key/key/key.core/../key.ui/examples/heap/permissions/threads/Sampler_staticPermissions_accessible.key.proof 
666496     DEBUG main            d.u.i.k.p.i.AbstractProblemLoader Environment load took 70.6ns 
666497     INFO  main            d.u.i.k.p.i.AbstractProblemLoader Creating init config 
671098     DEBUG main            d.u.i.k.p.i.AbstractProblemLoader Init config took 4.6s 
671208     INFO  main            d.u.i.k.p.i.AbstractProblemLoader Replaying proof Sampler[ThreadSpec2::staticPermissions()].JML accessible clause.0 
671214     DEBUG main            d.u.i.k.p.i.IntermediateProofReplayer Proof replay took 3.07ms 
671218     DEBUG main            d.u.i.k.p.r.p.TestFile    ... success: reloaded. 
671219     INFO  main            d.u.i.k.p.r.p.TestFile    Now processing file /home/runner/work/key/key/key.core/../key.ui/examples/heap/permissions/threads/Sampler_workingPermissions_accessible.key 
671219     INFO  main            d.u.i.k.p.i.AbstractProblemLoader Loading environment from /home/runner/work/key/key/key.core/../key.ui/examples/heap/permissions/threads/Sampler_workingPermissions_accessible.key 
671219     DEBUG main            d.u.i.k.p.i.AbstractProblemLoader Environment load took 65.9ns 
671220     INFO  main            d.u.i.k.p.i.AbstractProblemLoader Creating init config 
675935     DEBUG main            d.u.i.k.p.i.AbstractProblemLoader Init config took 4.71s 
676026     INFO  main            d.u.i.k.p.i.AbstractProblemLoader Replaying proof Sampler[ThreadSpec2::workingPermissions()].JML accessible clause.0 
676027     DEBUG main            d.u.i.k.p.i.IntermediateProofReplayer Proof replay took 2.5ns 
676129     INFO  main            d.u.i.k.p.r.p.TestFile    ... finished proof: closed. 
676688     INFO  main            d.u.i.k.p.i.AbstractProblemLoader Loading environment from /home/runner/work/key/key/key.core/../key.ui/examples/heap/permissions/threads/Sampler_workingPermissions_accessible.key.proof 
676688     DEBUG main            d.u.i.k.p.i.AbstractProblemLoader Environment load took 70.9ns 
676689     INFO  main            d.u.i.k.p.i.AbstractProblemLoader Creating init config 
681800     DEBUG main            d.u.i.k.p.i.AbstractProblemLoader Init config took 5.11s 
681909     INFO  main            d.u.i.k.p.i.AbstractProblemLoader Replaying proof Sampler[ThreadSpec2::workingPermissions()].JML accessible clause.0 
681915     DEBUG main            d.u.i.k.p.i.IntermediateProofReplayer Proof replay took 4.55ms 
681916     DEBUG main            d.u.i.k.p.r.p.TestFile    ... success: reloaded. 
681917     INFO  main            d.u.i.k.p.r.p.TestFile    Now processing file /home/runner/work/key/key/key.core/../key.ui/examples/heap/permissions/mulleretal/ReadWrite_doRead_contract.key 
681917     INFO  main            d.u.i.k.p.i.AbstractProblemLoader Loading environment from /home/runner/work/key/key/key.core/../key.ui/examples/heap/permissions/mulleretal/ReadWrite_doRead_contract.key 
681918     DEBUG main            d.u.i.k.p.i.AbstractProblemLoader Environment load took 146.2ns 
681918     INFO  main            d.u.i.k.p.i.AbstractProblemLoader Creating init config 
684757     DEBUG main            d.u.i.k.p.i.AbstractProblemLoader Init config took 2.84s 
684832     INFO  main            d.u.i.k.p.i.AbstractProblemLoader Replaying proof ReadWrite[ReadWrite::doRead()].JML normal_behavior operation contract.0 
684835     DEBUG main            d.u.i.k.p.i.IntermediateProofReplayer Proof replay took 2.4ns 
686446     INFO  main            d.u.i.k.p.r.p.TestFile    ... finished proof: closed. 
687053     INFO  main            d.u.i.k.p.i.AbstractProblemLoader Loading environment from /home/runner/work/key/key/key.core/../key.ui/examples/heap/permissions/mulleretal/ReadWrite_doRead_contract.key.proof 
687053     DEBUG main            d.u.i.k.p.i.AbstractProblemLoader Environment load took 80ns 
687054     INFO  main            d.u.i.k.p.i.AbstractProblemLoader Creating init config 
689642     DEBUG main            d.u.i.k.p.i.AbstractProblemLoader Init config took 2.59s 
689674     INFO  main            d.u.i.k.p.i.AbstractProblemLoader Replaying proof ReadWrite[ReadWrite::doRead()].JML normal_behavior operation contract.0 
690015     DEBUG main            d.u.i.k.p.i.IntermediateProofReplayer Proof replay took 334.35ms 
690015     DEBUG main            d.u.i.k.p.r.p.TestFile    ... success: reloaded. 
690016     INFO  main            d.u.i.k.p.r.p.TestFile    Now processing file /home/runner/work/key/key/key.core/../key.ui/examples/heap/permissions/mulleretal/ReadWrite_doWrite_contract.key 
690016     INFO  main            d.u.i.k.p.i.AbstractProblemLoader Loading environment from /home/runner/work/key/key/key.core/../key.ui/examples/heap/permissions/mulleretal/ReadWrite_doWrite_contract.key 
690016     DEBUG main            d.u.i.k.p.i.AbstractProblemLoader Environment load took 70.7ns 
690017     INFO  main            d.u.i.k.p.i.AbstractProblemLoader Creating init config 
692806     DEBUG main            d.u.i.k.p.i.AbstractProblemLoader Init config took 2.79s 
692840     INFO  main            d.u.i.k.p.i.AbstractProblemLoader Replaying proof ReadWrite[ReadWrite::doWrite()].JML normal_behavior operation contract.0 
692842     DEBUG main            d.u.i.k.p.i.IntermediateProofReplayer Proof replay took 2.5ns 
694413     INFO  main            d.u.i.k.p.r.p.TestFile    ... finished proof: closed. 
695009     INFO  main            d.u.i.k.p.i.AbstractProblemLoader Loading environment from /home/runner/work/key/key/key.core/../key.ui/examples/heap/permissions/mulleretal/ReadWrite_doWrite_contract.key.proof 
695009     DEBUG main            d.u.i.k.p.i.AbstractProblemLoader Environment load took 301ns 
695010     INFO  main            d.u.i.k.p.i.AbstractProblemLoader Creating init config 
697903     DEBUG main            d.u.i.k.p.i.AbstractProblemLoader Init config took 2.89s 
697940     INFO  main            d.u.i.k.p.i.AbstractProblemLoader Replaying proof ReadWrite[ReadWrite::doWrite()].JML normal_behavior operation contract.0 
698475     DEBUG main            d.u.i.k.p.i.IntermediateProofReplayer Proof replay took 528.81ms 
698477     DEBUG main            d.u.i.k.p.r.p.TestFile    ... success: reloaded. 
698477     INFO  main            d.u.i.k.p.r.p.TestFile    Now processing file /home/runner/work/key/key/key.core/../key.ui/examples/heap/permissions/mulleretal/ReadWrite_read_contract.key 
698478     INFO  main            d.u.i.k.p.i.AbstractProblemLoader Loading environment from /home/runner/work/key/key/key.core/../key.ui/examples/heap/permissions/mulleretal/ReadWrite_read_contract.key 
698478     DEBUG main            d.u.i.k.p.i.AbstractProblemLoader Environment load took 140.3ns 
698479     INFO  main            d.u.i.k.p.i.AbstractProblemLoader Creating init config 
701292     DEBUG main            d.u.i.k.p.i.AbstractProblemLoader Init config took 2.81s 
701324     INFO  main            d.u.i.k.p.i.AbstractProblemLoader Replaying proof ReadWrite[ReadWrite::read()].JML normal_behavior operation contract.0 
701325     DEBUG main            d.u.i.k.p.i.IntermediateProofReplayer Proof replay took 3.4ns 
701426     INFO  main            d.u.i.k.p.r.p.TestFile    ... finished proof: closed. 
702012     INFO  main            d.u.i.k.p.i.AbstractProblemLoader Loading environment from /home/runner/work/key/key/key.core/../key.ui/examples/heap/permissions/mulleretal/ReadWrite_read_contract.key.proof 
702012     DEBUG main            d.u.i.k.p.i.AbstractProblemLoader Environment load took 71.8ns 
702013     INFO  main            d.u.i.k.p.i.AbstractProblemLoader Creating init config 
704681     DEBUG main            d.u.i.k.p.i.AbstractProblemLoader Init config took 2.67s 
704717     INFO  main            d.u.i.k.p.i.AbstractProblemLoader Replaying proof ReadWrite[ReadWrite::read()].JML normal_behavior operation contract.0 
704725     DEBUG main            d.u.i.k.p.i.IntermediateProofReplayer Proof replay took 5.68ms 
704726     DEBUG main            d.u.i.k.p.r.p.TestFile    ... success: reloaded. 
704728     INFO  main            d.u.i.k.p.r.p.TestFile    Now processing file /home/runner/work/key/key/key.core/../key.ui/examples/heap/permissions/mulleretal/ReadWrite_write_contract.key 
704728     INFO  main            d.u.i.k.p.i.AbstractProblemLoader Loading environment from /home/runner/work/key/key/key.core/../key.ui/examples/heap/permissions/mulleretal/ReadWrite_write_contract.key 
704728     DEBUG main            d.u.i.k.p.i.AbstractProblemLoader Environment load took 137.3ns 
704729     INFO  main            d.u.i.k.p.i.AbstractProblemLoader Creating init config 
707370     DEBUG main            d.u.i.k.p.i.AbstractProblemLoader Init config took 2.64s 
707403     INFO  main            d.u.i.k.p.i.AbstractProblemLoader Replaying proof ReadWrite[ReadWrite::write()].JML normal_behavior operation contract.0 
707410     DEBUG main            d.u.i.k.p.i.IntermediateProofReplayer Proof replay took 3ns 
707613     INFO  main            d.u.i.k.p.r.p.TestFile    ... finished proof: closed. 
708183     INFO  main            d.u.i.k.p.i.AbstractProblemLoader Loading environment from /home/runner/work/key/key/key.core/../key.ui/examples/heap/permissions/mulleretal/ReadWrite_write_contract.key.proof 
708183     DEBUG main            d.u.i.k.p.i.AbstractProblemLoader Environment load took 72.7ns 
708184     INFO  main            d.u.i.k.p.i.AbstractProblemLoader Creating init config 
710873     DEBUG main            d.u.i.k.p.i.AbstractProblemLoader Init config took 2.69s 
710910     INFO  main            d.u.i.k.p.i.AbstractProblemLoader Replaying proof ReadWrite[ReadWrite::write()].JML normal_behavior operation contract.0 
710933     DEBUG main            d.u.i.k.p.i.IntermediateProofReplayer Proof replay took 20.88ms 
710934     DEBUG main            d.u.i.k.p.r.p.TestFile    ... success: reloaded. 
710935     INFO  main            d.u.i.k.p.r.p.TestFile    Now processing file /home/runner/work/key/key/key.core/../key.ui/examples/heap/permissions/mulleretal/ReadWrite_inv1_accessible.key 
710935     INFO  main            d.u.i.k.p.i.AbstractProblemLoader Loading environment from /home/runner/work/key/key/key.core/../key.ui/examples/heap/permissions/mulleretal/ReadWrite_inv1_accessible.key 
710935     DEBUG main            d.u.i.k.p.i.AbstractProblemLoader Environment load took 149.8ns 
710936     INFO  main            d.u.i.k.p.i.AbstractProblemLoader Creating init config 
713586     DEBUG main            d.u.i.k.p.i.AbstractProblemLoader Init config took 2.65s 
713618     INFO  main            d.u.i.k.p.i.AbstractProblemLoader Replaying proof ReadWrite[java.lang.Object::<inv>()].JML accessible clause.0 
713619     DEBUG main            d.u.i.k.p.i.IntermediateProofReplayer Proof replay took 2.4ns 
713721     INFO  main            d.u.i.k.p.r.p.TestFile    ... finished proof: closed. 
714304     INFO  main            d.u.i.k.p.i.AbstractProblemLoader Loading environment from /home/runner/work/key/key/key.core/../key.ui/examples/heap/permissions/mulleretal/ReadWrite_inv1_accessible.key.proof 
714304     DEBUG main            d.u.i.k.p.i.AbstractProblemLoader Environment load took 68.5ns 
714305     INFO  main            d.u.i.k.p.i.AbstractProblemLoader Creating init config 
716894     DEBUG main            d.u.i.k.p.i.AbstractProblemLoader Init config took 2.59s 
716931     INFO  main            d.u.i.k.p.i.AbstractProblemLoader Replaying proof ReadWrite[java.lang.Object::<inv>()].JML accessible clause.0 
716934     DEBUG main            d.u.i.k.p.i.IntermediateProofReplayer Proof replay took 1.47ms 
716935     DEBUG main            d.u.i.k.p.r.p.TestFile    ... success: reloaded. 
716935     INFO  main            d.u.i.k.p.r.p.TestFile    Now processing file /home/runner/work/key/key/key.core/../key.ui/examples/heap/permissions/mulleretal/ReadWrite_inv2_accessible.key 
716936     INFO  main            d.u.i.k.p.i.AbstractProblemLoader Loading environment from /home/runner/work/key/key/key.core/../key.ui/examples/heap/permissions/mulleretal/ReadWrite_inv2_accessible.key 
716936     DEBUG main            d.u.i.k.p.i.AbstractProblemLoader Environment load took 137.7ns 
716937     INFO  main            d.u.i.k.p.i.AbstractProblemLoader Creating init config 
719606     DEBUG main            d.u.i.k.p.i.AbstractProblemLoader Init config took 2.67s 
719658     INFO  main            d.u.i.k.p.i.AbstractProblemLoader Replaying proof ReadWrite[java.lang.Object::<inv>()].JML accessible clause.1 
719659     DEBUG main            d.u.i.k.p.i.IntermediateProofReplayer Proof replay took 2.1ns 
719760     INFO  main            d.u.i.k.p.r.p.TestFile    ... finished proof: closed. 
720354     INFO  main            d.u.i.k.p.i.AbstractProblemLoader Loading environment from /home/runner/work/key/key/key.core/../key.ui/examples/heap/permissions/mulleretal/ReadWrite_inv2_accessible.key.proof 
720354     DEBUG main            d.u.i.k.p.i.AbstractProblemLoader Environment load took 86.8ns 
720355     INFO  main            d.u.i.k.p.i.AbstractProblemLoader Creating init config 
722952     DEBUG main            d.u.i.k.p.i.AbstractProblemLoader Init config took 2.6s 
722988     INFO  main            d.u.i.k.p.i.AbstractProblemLoader Replaying proof ReadWrite[java.lang.Object::<inv>()].JML accessible clause.1 
722991     DEBUG main            d.u.i.k.p.i.IntermediateProofReplayer Proof replay took 1.44ms 
722991     DEBUG main            d.u.i.k.p.r.p.TestFile    ... success: reloaded. 
722992     INFO  main            d.u.i.k.p.r.p.TestFile    Now processing file /home/runner/work/key/key/key.core/../key.ui/examples/heap/permissions/lockspec/Counter_lockConsistent_contract.key 
722992     INFO  main            d.u.i.k.p.i.AbstractProblemLoader Loading environment from /home/runner/work/key/key/key.core/../key.ui/examples/heap/permissions/lockspec/Counter_lockConsistent_contract.key 
722992     DEBUG main            d.u.i.k.p.i.AbstractProblemLoader Environment load took 41.1ns 
722993     INFO  main            d.u.i.k.p.i.AbstractProblemLoader Creating init config 
726278     DEBUG main            d.u.i.k.p.i.AbstractProblemLoader Init config took 3.29s 
726332     INFO  main            d.u.i.k.p.i.AbstractProblemLoader Replaying proof Counter[LockSpec::lockConsistent()].JML model_behavior operation contract.0 
726333     DEBUG main            d.u.i.k.p.i.IntermediateProofReplayer Proof replay took 2.2ns 
727474     INFO  main            d.u.i.k.p.r.p.TestFile    ... finished proof: closed. 
728085     INFO  main            d.u.i.k.p.i.AbstractProblemLoader Loading environment from /home/runner/work/key/key/key.core/../key.ui/examples/heap/permissions/lockspec/Counter_lockConsistent_contract.key.proof 
728085     DEBUG main            d.u.i.k.p.i.AbstractProblemLoader Environment load took 295ns 
728086     INFO  main            d.u.i.k.p.i.AbstractProblemLoader Creating init config 
731147     DEBUG main            d.u.i.k.p.i.AbstractProblemLoader Init config took 3.06s 
731213     INFO  main            d.u.i.k.p.i.AbstractProblemLoader Replaying proof Counter[LockSpec::lockConsistent()].JML model_behavior operation contract.0 
731422     DEBUG main            d.u.i.k.p.i.IntermediateProofReplayer Proof replay took 186.95ms 
731429     DEBUG main            d.u.i.k.p.r.p.TestFile    ... success: reloaded. 
731430     INFO  main            d.u.i.k.p.r.p.TestFile    Now processing file /home/runner/work/key/key/key.core/../key.ui/examples/heap/permissions/lockspec/Counter_increase_contract.key 
731430     INFO  main            d.u.i.k.p.i.AbstractProblemLoader Loading environment from /home/runner/work/key/key/key.core/../key.ui/examples/heap/permissions/lockspec/Counter_increase_contract.key 
731431     DEBUG main            d.u.i.k.p.i.AbstractProblemLoader Environment load took 144.2ns 
731431     INFO  main            d.u.i.k.p.i.AbstractProblemLoader Creating init config 
734685     DEBUG main            d.u.i.k.p.i.AbstractProblemLoader Init config took 3.25s 
734739     INFO  main            d.u.i.k.p.i.AbstractProblemLoader Replaying proof Counter[Counter::increase()].JML normal_behavior operation contract.0 
734746     DEBUG main            d.u.i.k.p.i.IntermediateProofReplayer Proof replay took 2.9ns 
736655     INFO  main            d.u.i.k.p.r.p.TestFile    ... finished proof: closed. 
737287     INFO  main            d.u.i.k.p.i.AbstractProblemLoader Loading environment from /home/runner/work/key/key/key.core/../key.ui/examples/heap/permissions/lockspec/Counter_increase_contract.key.proof 
737287     DEBUG main            d.u.i.k.p.i.AbstractProblemLoader Environment load took 314.4ns 
737289     INFO  main            d.u.i.k.p.i.AbstractProblemLoader Creating init config 
740398     DEBUG main            d.u.i.k.p.i.AbstractProblemLoader Init config took 3.11s 
740447     INFO  main            d.u.i.k.p.i.AbstractProblemLoader Replaying proof Counter[Counter::increase()].JML normal_behavior operation contract.0 
740623     DEBUG main            d.u.i.k.p.i.IntermediateProofReplayer Proof replay took 161.2ms 
740625     DEBUG main            d.u.i.k.p.r.p.TestFile    ... success: reloaded. 
740625     INFO  main            d.u.i.k.p.r.p.TestFile    Now processing file /home/runner/work/key/key/key.core/../key.ui/examples/heap/permissions/lockspec/Counter_fp_accessible.key 
740625     INFO  main            d.u.i.k.p.i.AbstractProblemLoader Loading environment from /home/runner/work/key/key/key.core/../key.ui/examples/heap/permissions/lockspec/Counter_fp_accessible.key 
740626     DEBUG main            d.u.i.k.p.i.AbstractProblemLoader Environment load took 67.9ns 
740626     INFO  main            d.u.i.k.p.i.AbstractProblemLoader Creating init config 
743773     DEBUG main            d.u.i.k.p.i.AbstractProblemLoader Init config took 3.15s 
743831     INFO  main            d.u.i.k.p.i.AbstractProblemLoader Replaying proof Counter[LockSpec::fp()].JML accessible clause.0 
743833     DEBUG main            d.u.i.k.p.i.IntermediateProofReplayer Proof replay took 2.5ns 
743934     INFO  main            d.u.i.k.p.r.p.TestFile    ... finished proof: closed. 
744535     INFO  main            d.u.i.k.p.i.AbstractProblemLoader Loading environment from /home/runner/work/key/key/key.core/../key.ui/examples/heap/permissions/lockspec/Counter_fp_accessible.key.proof 
744536     DEBUG main            d.u.i.k.p.i.AbstractProblemLoader Environment load took 68.8ns 
744536     INFO  main            d.u.i.k.p.i.AbstractProblemLoader Creating init config 
747597     DEBUG main            d.u.i.k.p.i.AbstractProblemLoader Init config took 3.06s 
747666     INFO  main            d.u.i.k.p.i.AbstractProblemLoader Replaying proof Counter[LockSpec::fp()].JML accessible clause.0 
747674     DEBUG main            d.u.i.k.p.i.IntermediateProofReplayer Proof replay took 6.85ms 
747675     DEBUG main            d.u.i.k.p.r.p.TestFile    ... success: reloaded. 
747676     INFO  main            d.u.i.k.p.r.p.TestFile    Now processing file /home/runner/work/key/key/key.core/../key.ui/examples/heap/permissions/lockspec/Counter_fpLock_accessible.key 
747676     INFO  main            d.u.i.k.p.i.AbstractProblemLoader Loading environment from /home/runner/work/key/key/key.core/../key.ui/examples/heap/permissions/lockspec/Counter_fpLock_accessible.key 
747676     DEBUG main            d.u.i.k.p.i.AbstractProblemLoader Environment load took 168.4ns 
747677     INFO  main            d.u.i.k.p.i.AbstractProblemLoader Creating init config 
750917     DEBUG main            d.u.i.k.p.i.AbstractProblemLoader Init config took 3.24s 
750968     INFO  main            d.u.i.k.p.i.AbstractProblemLoader Replaying proof Counter[LockSpec::fpLock()].JML accessible clause.0 
750969     DEBUG main            d.u.i.k.p.i.IntermediateProofReplayer Proof replay took 2.4ns 
751070     INFO  main            d.u.i.k.p.r.p.TestFile    ... finished proof: closed. 
751686     INFO  main            d.u.i.k.p.i.AbstractProblemLoader Loading environment from /home/runner/work/key/key/key.core/../key.ui/examples/heap/permissions/lockspec/Counter_fpLock_accessible.key.proof 
751686     DEBUG main            d.u.i.k.p.i.AbstractProblemLoader Environment load took 67.1ns 
751686     INFO  main            d.u.i.k.p.i.AbstractProblemLoader Creating init config 
754757     DEBUG main            d.u.i.k.p.i.AbstractProblemLoader Init config took 3.07s 
754829     INFO  main            d.u.i.k.p.i.AbstractProblemLoader Replaying proof Counter[LockSpec::fpLock()].JML accessible clause.0 
754836     DEBUG main            d.u.i.k.p.i.IntermediateProofReplayer Proof replay took 5.9ms 
754837     DEBUG main            d.u.i.k.p.r.p.TestFile    ... success: reloaded. 
754838     INFO  main            d.u.i.k.p.r.p.TestFile    Now processing file /home/runner/work/key/key/key.core/../key.ui/examples/heap/permissions/lockspec/Counter_fpPerm_accessible.key 
754838     INFO  main            d.u.i.k.p.i.AbstractProblemLoader Loading environment from /home/runner/work/key/key/key.core/../key.ui/examples/heap/permissions/lockspec/Counter_fpPerm_accessible.key 
754838     DEBUG main            d.u.i.k.p.i.AbstractProblemLoader Environment load took 63.9ns 
754839     INFO  main            d.u.i.k.p.i.AbstractProblemLoader Creating init config 
757976     DEBUG main            d.u.i.k.p.i.AbstractProblemLoader Init config took 3.14s 
758034     INFO  main            d.u.i.k.p.i.AbstractProblemLoader Replaying proof Counter[LockSpec::fpPerm()].JML accessible clause.0 
758036     DEBUG main            d.u.i.k.p.i.IntermediateProofReplayer Proof replay took 2.6ns 
758153     INFO  main            d.u.i.k.p.r.p.TestFile    ... finished proof: closed. 
758779     INFO  main            d.u.i.k.p.i.AbstractProblemLoader Loading environment from /home/runner/work/key/key/key.core/../key.ui/examples/heap/permissions/lockspec/Counter_fpPerm_accessible.key.proof 
758779     DEBUG main            d.u.i.k.p.i.AbstractProblemLoader Environment load took 71.6ns 
758780     INFO  main            d.u.i.k.p.i.AbstractProblemLoader Creating init config 
761825     DEBUG main            d.u.i.k.p.i.AbstractProblemLoader Init config took 3.05s 
761883     INFO  main            d.u.i.k.p.i.AbstractProblemLoader Replaying proof Counter[LockSpec::fpPerm()].JML accessible clause.0 
761892     DEBUG main            d.u.i.k.p.i.IntermediateProofReplayer Proof replay took 6.36ms 
761893     DEBUG main            d.u.i.k.p.r.p.TestFile    ... success: reloaded. 
761894     INFO  main            d.u.i.k.p.r.p.TestFile    Now processing file /home/runner/work/key/key/key.core/../key.ui/examples/heap/permissions/lockspec/Counter_inv_accessible1.key 
761894     INFO  main            d.u.i.k.p.i.AbstractProblemLoader Loading environment from /home/runner/work/key/key/key.core/../key.ui/examples/heap/permissions/lockspec/Counter_inv_accessible1.key 
761894     DEBUG main            d.u.i.k.p.i.AbstractProblemLoader Environment load took 147.5ns 
761895     INFO  main            d.u.i.k.p.i.AbstractProblemLoader Creating init config 
765040     DEBUG main            d.u.i.k.p.i.AbstractProblemLoader Init config took 3.15s 
765097     INFO  main            d.u.i.k.p.i.AbstractProblemLoader Replaying proof Counter[java.lang.Object::<inv>()].JML accessible clause.0 
765098     DEBUG main            d.u.i.k.p.i.IntermediateProofReplayer Proof replay took 2.5ns 
765200     INFO  main            d.u.i.k.p.r.p.TestFile    ... finished proof: closed. 
765833     INFO  main            d.u.i.k.p.i.AbstractProblemLoader Loading environment from /home/runner/work/key/key/key.core/../key.ui/examples/heap/permissions/lockspec/Counter_inv_accessible1.key.proof 
765833     DEBUG main            d.u.i.k.p.i.AbstractProblemLoader Environment load took 66.3ns 
765834     INFO  main            d.u.i.k.p.i.AbstractProblemLoader Creating init config 
768889     DEBUG main            d.u.i.k.p.i.AbstractProblemLoader Init config took 3.06s 
768947     INFO  main            d.u.i.k.p.i.AbstractProblemLoader Replaying proof Counter[java.lang.Object::<inv>()].JML accessible clause.0 
768957     DEBUG main            d.u.i.k.p.i.IntermediateProofReplayer Proof replay took 8.54ms 
768958     DEBUG main            d.u.i.k.p.r.p.TestFile    ... success: reloaded. 
768958     INFO  main            d.u.i.k.p.r.p.TestFile    Now processing file /home/runner/work/key/key/key.core/../key.ui/examples/heap/permissions/lockspec/Counter_inv_accessible2.key 
768959     INFO  main            d.u.i.k.p.i.AbstractProblemLoader Loading environment from /home/runner/work/key/key/key.core/../key.ui/examples/heap/permissions/lockspec/Counter_inv_accessible2.key 
768959     DEBUG main            d.u.i.k.p.i.AbstractProblemLoader Environment load took 96ns 
768959     INFO  main            d.u.i.k.p.i.AbstractProblemLoader Creating init config 
772113     DEBUG main            d.u.i.k.p.i.AbstractProblemLoader Init config took 3.15s 
772171     INFO  main            d.u.i.k.p.i.AbstractProblemLoader Replaying proof Counter[java.lang.Object::<inv>()].JML accessible clause.1 
772172     DEBUG main            d.u.i.k.p.i.IntermediateProofReplayer Proof replay took 2.7ns 
772273     INFO  main            d.u.i.k.p.r.p.TestFile    ... finished proof: closed. 
772907     INFO  main            d.u.i.k.p.i.AbstractProblemLoader Loading environment from /home/runner/work/key/key/key.core/../key.ui/examples/heap/permissions/lockspec/Counter_inv_accessible2.key.proof 
772907     DEBUG main            d.u.i.k.p.i.AbstractProblemLoader Environment load took 84.2ns 
772908     INFO  main            d.u.i.k.p.i.AbstractProblemLoader Creating init config 
775944     DEBUG main            d.u.i.k.p.i.AbstractProblemLoader Init config took 3.04s 
776001     INFO  main            d.u.i.k.p.i.AbstractProblemLoader Replaying proof Counter[java.lang.Object::<inv>()].JML accessible clause.1 
776011     DEBUG main            d.u.i.k.p.i.IntermediateProofReplayer Proof replay took 8.26ms 
776012     DEBUG main            d.u.i.k.p.r.p.TestFile    ... success: reloaded. 
776012     INFO  main            d.u.i.k.p.r.p.TestFile    Now processing file /home/runner/work/key/key/key.core/../key.ui/examples/heap/permissions/lockspec/Counter_lockRef_accessible.key 
776013     INFO  main            d.u.i.k.p.i.AbstractProblemLoader Loading environment from /home/runner/work/key/key/key.core/../key.ui/examples/heap/permissions/lockspec/Counter_lockRef_accessible.key 
776013     DEBUG main            d.u.i.k.p.i.AbstractProblemLoader Environment load took 136.3ns 
776013     INFO  main            d.u.i.k.p.i.AbstractProblemLoader Creating init config 
779142     DEBUG main            d.u.i.k.p.i.AbstractProblemLoader Init config took 3.13s 
779199     INFO  main            d.u.i.k.p.i.AbstractProblemLoader Replaying proof Counter[LockSpec::lockRef()].JML accessible clause.0 
779200     DEBUG main            d.u.i.k.p.i.IntermediateProofReplayer Proof replay took 2.8ns 
779402     INFO  main            d.u.i.k.p.r.p.TestFile    ... finished proof: closed. 
780045     INFO  main            d.u.i.k.p.i.AbstractProblemLoader Loading environment from /home/runner/work/key/key/key.core/../key.ui/examples/heap/permissions/lockspec/Counter_lockRef_accessible.key.proof 
780045     DEBUG main            d.u.i.k.p.i.AbstractProblemLoader Environment load took 68.2ns 
780046     INFO  main            d.u.i.k.p.i.AbstractProblemLoader Creating init config 
783098     DEBUG main            d.u.i.k.p.i.AbstractProblemLoader Init config took 3.05s 
783156     INFO  main            d.u.i.k.p.i.AbstractProblemLoader Replaying proof Counter[LockSpec::lockRef()].JML accessible clause.0 
783185     DEBUG main            d.u.i.k.p.i.IntermediateProofReplayer Proof replay took 26.58ms 
783186     DEBUG main            d.u.i.k.p.r.p.TestFile    ... success: reloaded. 
783186     INFO  main            d.u.i.k.p.r.p.TestFile    Now processing file /home/runner/work/key/key/key.core/../key.ui/examples/heap/permissions/lockspec/Counter_lockRef_contract1.key 
783187     INFO  main            d.u.i.k.p.i.AbstractProblemLoader Loading environment from /home/runner/work/key/key/key.core/../key.ui/examples/heap/permissions/lockspec/Counter_lockRef_contract1.key 
783188     DEBUG main            d.u.i.k.p.i.AbstractProblemLoader Environment load took 180ns 
783188     INFO  main            d.u.i.k.p.i.AbstractProblemLoader Creating init config 
786343     DEBUG main            d.u.i.k.p.i.AbstractProblemLoader Init config took 3.16s 
786419     INFO  main            d.u.i.k.p.i.AbstractProblemLoader Replaying proof Counter[LockSpec::lockRef()].JML model_behavior operation contract.0 
786420     DEBUG main            d.u.i.k.p.i.IntermediateProofReplayer Proof replay took 2.7ns 
786521     INFO  main            d.u.i.k.p.r.p.TestFile    ... finished proof: closed. 
787168     INFO  main            d.u.i.k.p.i.AbstractProblemLoader Loading environment from /home/runner/work/key/key/key.core/../key.ui/examples/heap/permissions/lockspec/Counter_lockRef_contract1.key.proof 
787168     DEBUG main            d.u.i.k.p.i.AbstractProblemLoader Environment load took 71.3ns 
787169     INFO  main            d.u.i.k.p.i.AbstractProblemLoader Creating init config 
790269     DEBUG main            d.u.i.k.p.i.AbstractProblemLoader Init config took 3.1s 
790327     INFO  main            d.u.i.k.p.i.AbstractProblemLoader Replaying proof Counter[LockSpec::lockRef()].JML model_behavior operation contract.0 
790332     DEBUG main            d.u.i.k.p.i.IntermediateProofReplayer Proof replay took 3.49ms 
790333     DEBUG main            d.u.i.k.p.r.p.TestFile    ... success: reloaded. 
790333     INFO  main            d.u.i.k.p.r.p.TestFile    Now processing file /home/runner/work/key/key/key.core/../key.ui/examples/heap/permissions/lockspec/Counter_lockRef_contract2.key 
790333     INFO  main            d.u.i.k.p.i.AbstractProblemLoader Loading environment from /home/runner/work/key/key/key.core/../key.ui/examples/heap/permissions/lockspec/Counter_lockRef_contract2.key 
790334     DEBUG main            d.u.i.k.p.i.AbstractProblemLoader Environment load took 230.6ns 
790334     INFO  main            d.u.i.k.p.i.AbstractProblemLoader Creating init config 
793540     DEBUG main            d.u.i.k.p.i.AbstractProblemLoader Init config took 3.21s 
793597     INFO  main            d.u.i.k.p.i.AbstractProblemLoader Replaying proof Counter[Counter::lockRef()].JML model_behavior operation contract.0 
793598     DEBUG main            d.u.i.k.p.i.IntermediateProofReplayer Proof replay took 2.9ns 
793699     INFO  main            d.u.i.k.p.r.p.TestFile    ... finished proof: closed. 
794354     INFO  main            d.u.i.k.p.i.AbstractProblemLoader Loading environment from /home/runner/work/key/key/key.core/../key.ui/examples/heap/permissions/lockspec/Counter_lockRef_contract2.key.proof 
794354     DEBUG main            d.u.i.k.p.i.AbstractProblemLoader Environment load took 65.9ns 
794355     INFO  main            d.u.i.k.p.i.AbstractProblemLoader Creating init config 
797424     DEBUG main            d.u.i.k.p.i.AbstractProblemLoader Init config took 3.07s 
797530     INFO  main            d.u.i.k.p.i.AbstractProblemLoader Replaying proof Counter[Counter::lockRef()].JML model_behavior operation contract.0 
797535     DEBUG main            d.u.i.k.p.i.IntermediateProofReplayer Proof replay took 3.65ms 
797535     DEBUG main            d.u.i.k.p.r.p.TestFile    ... success: reloaded. 
797536     INFO  main            d.u.i.k.p.r.p.TestFile    Now processing file /home/runner/work/key/key/key.core/../key.ui/examples/heap/permissions/lockspec/Counter_lockState_accessible.key 
797537     INFO  main            d.u.i.k.p.i.AbstractProblemLoader Loading environment from /home/runner/work/key/key/key.core/../key.ui/examples/heap/permissions/lockspec/Counter_lockState_accessible.key 
797537     DEBUG main            d.u.i.k.p.i.AbstractProblemLoader Environment load took 199.3ns 
797538     INFO  main            d.u.i.k.p.i.AbstractProblemLoader Creating init config 
800756     DEBUG main            d.u.i.k.p.i.AbstractProblemLoader Init config took 3.22s 
800807     INFO  main            d.u.i.k.p.i.AbstractProblemLoader Replaying proof Counter[LockSpec::lockState(boolean)].JML accessible clause.0 
800808     DEBUG main            d.u.i.k.p.i.IntermediateProofReplayer Proof replay took 2.2ns 
801010     INFO  main            d.u.i.k.p.r.p.TestFile    ... finished proof: closed. 
801669     INFO  main            d.u.i.k.p.i.AbstractProblemLoader Loading environment from /home/runner/work/key/key/key.core/../key.ui/examples/heap/permissions/lockspec/Counter_lockState_accessible.key.proof 
801669     DEBUG main            d.u.i.k.p.i.AbstractProblemLoader Environment load took 84.6ns 
801670     INFO  main            d.u.i.k.p.i.AbstractProblemLoader Creating init config 
804836     DEBUG main            d.u.i.k.p.i.AbstractProblemLoader Init config took 3.17s 
804887     INFO  main            d.u.i.k.p.i.AbstractProblemLoader Replaying proof Counter[LockSpec::lockState(boolean)].JML accessible clause.0 
804936     DEBUG main            d.u.i.k.p.i.IntermediateProofReplayer Proof replay took 45.79ms 
804940     DEBUG main            d.u.i.k.p.r.p.TestFile    ... success: reloaded. 
804941     INFO  main            d.u.i.k.p.r.p.TestFile    Now processing file /home/runner/work/key/key/key.core/../key.ui/examples/heap/permissions/lockspec/Counter_lockStatus_accessible.key 
804942     INFO  main            d.u.i.k.p.i.AbstractProblemLoader Loading environment from /home/runner/work/key/key/key.core/../key.ui/examples/heap/permissions/lockspec/Counter_lockStatus_accessible.key 
804942     DEBUG main            d.u.i.k.p.i.AbstractProblemLoader Environment load took 170.9ns 
804942     INFO  main            d.u.i.k.p.i.AbstractProblemLoader Creating init config 
808047     DEBUG main            d.u.i.k.p.i.AbstractProblemLoader Init config took 3.1s 
808117     INFO  main            d.u.i.k.p.i.AbstractProblemLoader Replaying proof Counter[LockSpec::lockStatus(boolean)].JML accessible clause.0 
808118     DEBUG main            d.u.i.k.p.i.IntermediateProofReplayer Proof replay took 3.1ns 
808219     INFO  main            d.u.i.k.p.r.p.TestFile    ... finished proof: closed. 
808878     INFO  main            d.u.i.k.p.i.AbstractProblemLoader Loading environment from /home/runner/work/key/key/key.core/../key.ui/examples/heap/permissions/lockspec/Counter_lockStatus_accessible.key.proof 
808878     DEBUG main            d.u.i.k.p.i.AbstractProblemLoader Environment load took 70.8ns 
808879     INFO  main            d.u.i.k.p.i.AbstractProblemLoader Creating init config 
811941     DEBUG main            d.u.i.k.p.i.AbstractProblemLoader Init config took 3.06s 
812000     INFO  main            d.u.i.k.p.i.AbstractProblemLoader Replaying proof Counter[LockSpec::lockStatus(boolean)].JML accessible clause.0 
812018     DEBUG main            d.u.i.k.p.i.IntermediateProofReplayer Proof replay took 16.75ms 
812019     DEBUG main            d.u.i.k.p.r.p.TestFile    ... success: reloaded. 
812020     INFO  main            d.u.i.k.p.r.p.TestFile    Now processing file /home/runner/work/key/key/key.core/../key.ui/examples/heap/permissions/lockspec/Counter_lockTransfer_accessible.key 
812020     INFO  main            d.u.i.k.p.i.AbstractProblemLoader Loading environment from /home/runner/work/key/key/key.core/../key.ui/examples/heap/permissions/lockspec/Counter_lockTransfer_accessible.key 
812020     DEBUG main            d.u.i.k.p.i.AbstractProblemLoader Environment load took 134ns 
812021     INFO  main            d.u.i.k.p.i.AbstractProblemLoader Creating init config 
815159     DEBUG main            d.u.i.k.p.i.AbstractProblemLoader Init config took 3.14s 
815216     INFO  main            d.u.i.k.p.i.AbstractProblemLoader Replaying proof Counter[LockSpec::lockTransfer()].JML accessible clause.0 
815217     DEBUG main            d.u.i.k.p.i.IntermediateProofReplayer Proof replay took 2.6ns 
815619     INFO  main            d.u.i.k.p.r.p.TestFile    ... finished proof: closed. 
816293     INFO  main            d.u.i.k.p.i.AbstractProblemLoader Loading environment from /home/runner/work/key/key/key.core/../key.ui/examples/heap/permissions/lockspec/Counter_lockTransfer_accessible.key.proof 
816293     DEBUG main            d.u.i.k.p.i.AbstractProblemLoader Environment load took 67.9ns 
816294     INFO  main            d.u.i.k.p.i.AbstractProblemLoader Creating init config 
819349     DEBUG main            d.u.i.k.p.i.AbstractProblemLoader Init config took 3.06s 
819407     INFO  main            d.u.i.k.p.i.AbstractProblemLoader Replaying proof Counter[LockSpec::lockTransfer()].JML accessible clause.0 
819466     DEBUG main            d.u.i.k.p.i.IntermediateProofReplayer Proof replay took 55.37ms 
819467     DEBUG main            d.u.i.k.p.r.p.TestFile    ... success: reloaded. 
819468     INFO  main            d.u.i.k.p.r.p.TestFile    Now processing file /home/runner/work/key/key/key.core/../key.ui/examples/heap/permissions/lockspec/Counter_unlockTransfer_accessible.key 
819468     INFO  main            d.u.i.k.p.i.AbstractProblemLoader Loading environment from /home/runner/work/key/key/key.core/../key.ui/examples/heap/permissions/lockspec/Counter_unlockTransfer_accessible.key 
819468     DEBUG main            d.u.i.k.p.i.AbstractProblemLoader Environment load took 147ns 
819469     INFO  main            d.u.i.k.p.i.AbstractProblemLoader Creating init config 
822646     DEBUG main            d.u.i.k.p.i.AbstractProblemLoader Init config took 3.18s 
822697     INFO  main            d.u.i.k.p.i.AbstractProblemLoader Replaying proof Counter[LockSpec::unlockTransfer()].JML accessible clause.0 
822698     DEBUG main            d.u.i.k.p.i.IntermediateProofReplayer Proof replay took 2.7ns 
823103     INFO  main            d.u.i.k.p.r.p.TestFile    ... finished proof: closed. 
823782     INFO  main            d.u.i.k.p.i.AbstractProblemLoader Loading environment from /home/runner/work/key/key/key.core/../key.ui/examples/heap/permissions/lockspec/Counter_unlockTransfer_accessible.key.proof 
823782     DEBUG main            d.u.i.k.p.i.AbstractProblemLoader Environment load took 70.2ns 
823783     INFO  main            d.u.i.k.p.i.AbstractProblemLoader Creating init config 
826846     DEBUG main            d.u.i.k.p.i.AbstractProblemLoader Init config took 3.06s 
826903     INFO  main            d.u.i.k.p.i.AbstractProblemLoader Replaying proof Counter[LockSpec::unlockTransfer()].JML accessible clause.0 
826964     DEBUG main            d.u.i.k.p.i.IntermediateProofReplayer Proof replay took 54.09ms 
826964     DEBUG main            d.u.i.k.p.r.p.TestFile    ... success: reloaded. 
826965     INFO  main            d.u.i.k.p.r.p.TestFile    Now processing file /home/runner/work/key/key/key.core/../key.ui/examples/heap/permissions/threads/Plotter_startTransfer_contract.proof 
826965     INFO  main            d.u.i.k.p.i.AbstractProblemLoader Loading environment from /home/runner/work/key/key/key.core/../key.ui/examples/heap/permissions/threads/Plotter_startTransfer_contract.proof 
826965     DEBUG main            d.u.i.k.p.i.AbstractProblemLoader Environment load took 93.3ns 
826966     INFO  main            d.u.i.k.p.i.AbstractProblemLoader Creating init config 
831750     DEBUG main            d.u.i.k.p.i.AbstractProblemLoader Init config took 4.78s 
831833     INFO  main            d.u.i.k.p.i.AbstractProblemLoader Replaying proof Plotter[ThreadSpec2::startTransfer()].JML model_behavior operation contract.0 
831906     DEBUG main            d.u.i.k.p.i.IntermediateProofReplayer Proof replay took 67.19ms 
831907     INFO  main            d.u.i.k.p.r.p.TestFile    ... success: loaded 
831908     INFO  main            d.u.i.k.p.r.p.TestFile    Now processing file /home/runner/work/key/key/key.core/../key.ui/examples/heap/permissions/threads/Plotter_startTransfer_accessible.proof 
831908     INFO  main            d.u.i.k.p.i.AbstractProblemLoader Loading environment from /home/runner/work/key/key/key.core/../key.ui/examples/heap/permissions/threads/Plotter_startTransfer_accessible.proof 
831908     DEBUG main            d.u.i.k.p.i.AbstractProblemLoader Environment load took 70.8ns 
831909     INFO  main            d.u.i.k.p.i.AbstractProblemLoader Creating init config 
836787     DEBUG main            d.u.i.k.p.i.AbstractProblemLoader Init config took 4.88s 
836869     INFO  main            d.u.i.k.p.i.AbstractProblemLoader Replaying proof Plotter[ThreadSpec2::startTransfer()].JML accessible clause.0 
836928     DEBUG main            d.u.i.k.p.i.IntermediateProofReplayer Proof replay took 55.83ms 
836929     INFO  main            d.u.i.k.p.r.p.TestFile    ... success: loaded 
836930     INFO  main            d.u.i.k.p.r.p.TestFile    Now processing file /home/runner/work/key/key/key.core/../key.ui/examples/heap/permissions/threads/Plotter_joinTransfer_accessible.proof 
836930     INFO  main            d.u.i.k.p.i.AbstractProblemLoader Loading environment from /home/runner/work/key/key/key.core/../key.ui/examples/heap/permissions/threads/Plotter_joinTransfer_accessible.proof 
836930     DEBUG main            d.u.i.k.p.i.AbstractProblemLoader Environment load took 145.4ns 
836931     INFO  main            d.u.i.k.p.i.AbstractProblemLoader Creating init config 
841694     DEBUG main            d.u.i.k.p.i.AbstractProblemLoader Init config took 4.76s 
841785     INFO  main            d.u.i.k.p.i.AbstractProblemLoader Replaying proof Plotter[ThreadSpec2::joinTransfer()].JML accessible clause.0 
841793     WARN  main            d.u.i.k.p.i.IntermediateProofReplayer Proof contains wrong number of \assumes instatiations for Definition_axiom_for_stateInv_in_Plotter 
841794     WARN  main            d.u.i.k.p.i.IntermediateProofReplayer Proof contains wrong number of \assumes instatiations for Definition_axiom_for_stateInv_in_Plotter 
841799     WARN  main            d.u.i.k.p.i.IntermediateProofReplayer Proof contains wrong number of \assumes instatiations for Definition_axiom_for_workingPermissions_in_Plotter 
841800     WARN  main            d.u.i.k.p.i.IntermediateProofReplayer Proof contains wrong number of \assumes instatiations for Definition_axiom_for_staticPermissions_in_Plotter 
841800     WARN  main            d.u.i.k.p.i.IntermediateProofReplayer Proof contains wrong number of \assumes instatiations for Definition_axiom_for_joinTransfer_in_Plotter 
841801     WARN  main            d.u.i.k.p.i.IntermediateProofReplayer Proof contains wrong number of \assumes instatiations for Definition_axiom_for_stateInv_in_BFilter 
841803     WARN  main            d.u.i.k.p.i.IntermediateProofReplayer Proof contains wrong number of \assumes instatiations for Definition_axiom_for_stateInv_in_AFilter 
841804     WARN  main            d.u.i.k.p.i.IntermediateProofReplayer Proof contains wrong number of \assumes instatiations for Definition_axiom_for_stateInv_in_BFilter 
841806     WARN  main            d.u.i.k.p.i.IntermediateProofReplayer Proof contains wrong number of \assumes instatiations for Definition_axiom_for_stateInv_in_AFilter 
841807     WARN  main            d.u.i.k.p.i.IntermediateProofReplayer Proof contains wrong number of \assumes instatiations for Definition_axiom_for_staticPermissions_in_AFilter 
841808     WARN  main            d.u.i.k.p.i.IntermediateProofReplayer Proof contains wrong number of \assumes instatiations for Definition_axiom_for_staticPermissions_in_Plotter 
841809     WARN  main            d.u.i.k.p.i.IntermediateProofReplayer Proof contains wrong number of \assumes instatiations for Definition_axiom_for_staticPermissions_in_BFilter 
841809     WARN  main            d.u.i.k.p.i.IntermediateProofReplayer Proof contains wrong number of \assumes instatiations for Definition_axiom_for_workingPermissions_in_Plotter 
841809     WARN  main            d.u.i.k.p.i.IntermediateProofReplayer Proof contains wrong number of \assumes instatiations for Definition_axiom_for_stateInv_in_Sampler 
841810     WARN  main            d.u.i.k.p.i.IntermediateProofReplayer Proof contains wrong number of \assumes instatiations for Definition_axiom_for_stateInv_in_Sampler 
841811     WARN  main            d.u.i.k.p.i.IntermediateProofReplayer Proof contains wrong number of \assumes instatiations for Definition_axiom_for_staticPermissions_in_Sampler 
841812     WARN  main            d.u.i.k.p.i.IntermediateProofReplayer Proof contains wrong number of \assumes instatiations for Definition_axiom_for_staticPermissions_in_BFilter 
841812     WARN  main            d.u.i.k.p.i.IntermediateProofReplayer Proof contains wrong number of \assumes instatiations for Definition_axiom_for_staticPermissions_in_AFilter 
841813     WARN  main            d.u.i.k.p.i.IntermediateProofReplayer Proof contains wrong number of \assumes instatiations for Definition_axiom_for_staticPermissions_in_Sampler 
841813     WARN  main            d.u.i.k.p.i.IntermediateProofReplayer Proof contains wrong number of \assumes instatiations for Definition_axiom_for_staticPermissions_in_Sampler 
841814     WARN  main            d.u.i.k.p.i.IntermediateProofReplayer Proof contains wrong number of \assumes instatiations for Definition_axiom_for_staticPermissions_in_Sampler 
841814     WARN  main            d.u.i.k.p.i.IntermediateProofReplayer Proof contains wrong number of \assumes instatiations for Definition_axiom_for_joinTransfer_in_Plotter 
841870     DEBUG main            d.u.i.k.p.i.IntermediateProofReplayer Proof replay took 80.76ms 
841871     INFO  main            d.u.i.k.p.r.p.TestFile    ... success: loaded 
4967039    INFO  Test worker     d.u.i.k.p.r.RunAllProofsTestUnit Returning from test permissionHeap 
4967039    INFO  Test worker     d.u.i.k.p.r.RunAllProofsTestUnit Running test completionScopes 
337        INFO  Timeout watchdog d.u.i.k.p.r.p.ForkedTestFileRunner Timeout watcher launched (2000 secs.) 
353        WARN  main            d.u.i.k.s.ProofSettings   The settings in /home/runner/.key/proof-settings.props are *not* read. 
406        INFO  main            d.u.i.k.p.r.p.TestFile    Now processing file /home/runner/work/key/key/key.core/../key.ui/examples/completionscopes/testCcatchReturnVal.key 
526        INFO  main            d.u.i.k.p.i.AbstractProblemLoader Loading environment from /home/runner/work/key/key/key.core/../key.ui/examples/completionscopes/testCcatchReturnVal.key 
548        DEBUG main            d.u.i.k.p.i.AbstractProblemLoader Environment load took 1.82ms 
788        INFO  main            d.u.i.k.p.i.AbstractProblemLoader Creating init config 
1666       DEBUG main            d.u.i.k.j.TypeConverter   No LDT found for Meta 
1667       DEBUG main            d.u.i.k.j.TypeConverter   No LDT found for Meta 
1668       DEBUG main            d.u.i.k.j.TypeConverter   No LDT found for Meta 
1668       DEBUG main            d.u.i.k.j.TypeConverter   No LDT found for Meta 
2842       DEBUG main            d.u.i.k.j.TypeConverter   No LDT found for JavaBigintExpression 
7658       DEBUG main            d.u.i.k.p.i.AbstractProblemLoader Init config took 6.87s 
7796       INFO  main            d.u.i.k.p.i.AbstractProblemLoader Replaying proof CompletionScopes[CompletionScopes::testCcatchReturnVal()].JML normal_behavior operation contract.0 
7829       DEBUG main            d.u.i.k.p.i.IntermediateProofReplayer Proof replay took 55.8ns 
8382       INFO  main            d.u.i.k.p.r.p.TestFile    ... finished proof: closed. 
8494       INFO  main            d.u.i.k.p.i.AbstractProblemLoader Loading environment from /home/runner/work/key/key/key.core/../key.ui/examples/completionscopes/testCcatchReturnVal.key.proof 
8494       DEBUG main            d.u.i.k.p.i.AbstractProblemLoader Environment load took 155.5ns 
8497       INFO  main            d.u.i.k.p.i.AbstractProblemLoader Creating init config 
11281      DEBUG main            d.u.i.k.p.i.AbstractProblemLoader Init config took 2.78s 
11401      INFO  main            d.u.i.k.p.i.AbstractProblemLoader Replaying proof CompletionScopes[CompletionScopes::testCcatchReturnVal()].JML normal_behavior operation contract.0 
11468      DEBUG main            d.u.i.k.p.i.IntermediateProofReplayer Proof replay took 58.71ms 
11476      DEBUG main            d.u.i.k.p.r.p.TestFile    ... success: reloaded. 
11483      INFO  main            d.u.i.k.p.r.p.TestFile    Now processing file /home/runner/work/key/key/key.core/../key.ui/examples/completionscopes/testMultCcatchClauses.key 
11483      INFO  main            d.u.i.k.p.i.AbstractProblemLoader Loading environment from /home/runner/work/key/key/key.core/../key.ui/examples/completionscopes/testMultCcatchClauses.key 
11484      DEBUG main            d.u.i.k.p.i.AbstractProblemLoader Environment load took 517ns 
11487      INFO  main            d.u.i.k.p.i.AbstractProblemLoader Creating init config 
14351      DEBUG main            d.u.i.k.p.i.AbstractProblemLoader Init config took 2.86s 
14427      INFO  main            d.u.i.k.p.i.AbstractProblemLoader Replaying proof CompletionScopes[CompletionScopes::testMultCcatchClauses()].JML normal_behavior operation contract.0 
14431      DEBUG main            d.u.i.k.p.i.IntermediateProofReplayer Proof replay took 7.9ns 
14936      INFO  main            d.u.i.k.p.r.p.TestFile    ... finished proof: closed. 
15078      INFO  main            d.u.i.k.p.i.AbstractProblemLoader Loading environment from /home/runner/work/key/key/key.core/../key.ui/examples/completionscopes/testMultCcatchClauses.key.proof 
15078      DEBUG main            d.u.i.k.p.i.AbstractProblemLoader Environment load took 136.9ns 
15079      INFO  main            d.u.i.k.p.i.AbstractProblemLoader Creating init config 
17722      DEBUG main            d.u.i.k.p.i.AbstractProblemLoader Init config took 2.64s 
17785      INFO  main            d.u.i.k.p.i.AbstractProblemLoader Replaying proof CompletionScopes[CompletionScopes::testMultCcatchClauses()].JML normal_behavior operation contract.0 
17866      DEBUG main            d.u.i.k.p.i.IntermediateProofReplayer Proof replay took 77.2ms 
17867      DEBUG main            d.u.i.k.p.r.p.TestFile    ... success: reloaded. 
17869      INFO  main            d.u.i.k.p.r.p.TestFile    Now processing file /home/runner/work/key/key/key.core/../key.ui/examples/completionscopes/testNestedExec.key 
17869      INFO  main            d.u.i.k.p.i.AbstractProblemLoader Loading environment from /home/runner/work/key/key/key.core/../key.ui/examples/completionscopes/testNestedExec.key 
17869      DEBUG main            d.u.i.k.p.i.AbstractProblemLoader Environment load took 198.4ns 
17871      INFO  main            d.u.i.k.p.i.AbstractProblemLoader Creating init config 
20515      DEBUG main            d.u.i.k.p.i.AbstractProblemLoader Init config took 2.64s 
20574      INFO  main            d.u.i.k.p.i.AbstractProblemLoader Replaying proof CompletionScopes[CompletionScopes::testMultCcatchClauses()].JML normal_behavior operation contract.0 
20577      DEBUG main            d.u.i.k.p.i.IntermediateProofReplayer Proof replay took 6.5ns 
20880      INFO  main            d.u.i.k.p.r.p.TestFile    ... finished proof: closed. 
21026      INFO  main            d.u.i.k.p.i.AbstractProblemLoader Loading environment from /home/runner/work/key/key/key.core/../key.ui/examples/completionscopes/testNestedExec.key.proof 
21028      DEBUG main            d.u.i.k.p.i.AbstractProblemLoader Environment load took 1.8ms 
21030      INFO  main            d.u.i.k.p.i.AbstractProblemLoader Creating init config 
23627      DEBUG main            d.u.i.k.p.i.AbstractProblemLoader Init config took 2.6s 
23678      INFO  main            d.u.i.k.p.i.AbstractProblemLoader Replaying proof CompletionScopes[CompletionScopes::testMultCcatchClauses()].JML normal_behavior operation contract.0 
23755      DEBUG main            d.u.i.k.p.i.IntermediateProofReplayer Proof replay took 71.81ms 
23756      DEBUG main            d.u.i.k.p.r.p.TestFile    ... success: reloaded. 
23758      INFO  main            d.u.i.k.p.r.p.TestFile    Now processing file /home/runner/work/key/key/key.core/../key.ui/examples/completionscopes/testCcatchBreakLabel.key 
23759      INFO  main            d.u.i.k.p.i.AbstractProblemLoader Loading environment from /home/runner/work/key/key/key.core/../key.ui/examples/completionscopes/testCcatchBreakLabel.key 
23759      DEBUG main            d.u.i.k.p.i.AbstractProblemLoader Environment load took 102.91ns 
23760      INFO  main            d.u.i.k.p.i.AbstractProblemLoader Creating init config 
26436      DEBUG main            d.u.i.k.p.i.AbstractProblemLoader Init config took 2.68s 
26480      INFO  main            d.u.i.k.p.i.AbstractProblemLoader Replaying proof CompletionScopes[CompletionScopes::testBreakLabel()].JML normal_behavior operation contract.0 
26482      DEBUG main            d.u.i.k.p.i.IntermediateProofReplayer Proof replay took 6.3ns 
26496      DEBUG Thread-10       d.u.i.k.l.o.ProgramSV     Match failed: Former match of  SchemaVariable incompatible with  the current match. 
26584      INFO  main            d.u.i.k.p.r.p.TestFile    ... finished proof: closed. 
26747      INFO  main            d.u.i.k.p.i.AbstractProblemLoader Loading environment from /home/runner/work/key/key/key.core/../key.ui/examples/completionscopes/testCcatchBreakLabel.key.proof 
26748      DEBUG main            d.u.i.k.p.i.AbstractProblemLoader Environment load took 129.81ns 
26749      INFO  main            d.u.i.k.p.i.AbstractProblemLoader Creating init config 
29348      DEBUG main            d.u.i.k.p.i.AbstractProblemLoader Init config took 2.6s 
29393      INFO  main            d.u.i.k.p.i.AbstractProblemLoader Replaying proof CompletionScopes[CompletionScopes::testBreakLabel()].JML normal_behavior operation contract.0 
29401      DEBUG main            d.u.i.k.p.i.IntermediateProofReplayer Proof replay took 6.57ms 
29402      DEBUG main            d.u.i.k.p.r.p.TestFile    ... success: reloaded. 
29403      INFO  main            d.u.i.k.p.r.p.TestFile    Now processing file /home/runner/work/key/key/key.core/../key.ui/examples/completionscopes/testCcatchContinueLabel.key 
29404      INFO  main            d.u.i.k.p.i.AbstractProblemLoader Loading environment from /home/runner/work/key/key/key.core/../key.ui/examples/completionscopes/testCcatchContinueLabel.key 
29404      DEBUG main            d.u.i.k.p.i.AbstractProblemLoader Environment load took 100.93ns 
29405      INFO  main            d.u.i.k.p.i.AbstractProblemLoader Creating init config 
31992      DEBUG main            d.u.i.k.p.i.AbstractProblemLoader Init config took 2.59s 
32039      INFO  main            d.u.i.k.p.i.AbstractProblemLoader Replaying proof CompletionScopes[CompletionScopes::testContinueLabel()].JML normal_behavior operation contract.0 
32041      DEBUG main            d.u.i.k.p.i.IntermediateProofReplayer Proof replay took 6.2ns 
32066      DEBUG Thread-13       d.u.i.k.l.o.ProgramSV     Match failed: Former match of  SchemaVariable incompatible with  the current match. 
32143      INFO  main            d.u.i.k.p.r.p.TestFile    ... finished proof: closed. 
32316      INFO  main            d.u.i.k.p.i.AbstractProblemLoader Loading environment from /home/runner/work/key/key/key.core/../key.ui/examples/completionscopes/testCcatchContinueLabel.key.proof 
32316      DEBUG main            d.u.i.k.p.i.AbstractProblemLoader Environment load took 130.6ns 
32317      INFO  main            d.u.i.k.p.i.AbstractProblemLoader Creating init config 
34882      DEBUG main            d.u.i.k.p.i.AbstractProblemLoader Init config took 2.57s 
34926      INFO  main            d.u.i.k.p.i.AbstractProblemLoader Replaying proof CompletionScopes[CompletionScopes::testContinueLabel()].JML normal_behavior operation contract.0 
34933      DEBUG main            d.u.i.k.p.i.IntermediateProofReplayer Proof replay took 6.01ms 
34934      DEBUG main            d.u.i.k.p.r.p.TestFile    ... success: reloaded. 
34935      INFO  main            d.u.i.k.p.r.p.TestFile    Now processing file /home/runner/work/key/key/key.core/../key.ui/examples/completionscopes/testCcatchBreakLabelWildcard.key 
34936      INFO  main            d.u.i.k.p.i.AbstractProblemLoader Loading environment from /home/runner/work/key/key/key.core/../key.ui/examples/completionscopes/testCcatchBreakLabelWildcard.key 
34936      DEBUG main            d.u.i.k.p.i.AbstractProblemLoader Environment load took 172.3ns 
34937      INFO  main            d.u.i.k.p.i.AbstractProblemLoader Creating init config 
37538      DEBUG main            d.u.i.k.p.i.AbstractProblemLoader Init config took 2.6s 
37594      INFO  main            d.u.i.k.p.i.AbstractProblemLoader Replaying proof CompletionScopes[CompletionScopes::testBreakLabelWildcard()].JML normal_behavior operation contract.0 
37596      DEBUG main            d.u.i.k.p.i.IntermediateProofReplayer Proof replay took 6.8ns 
37612      DEBUG Thread-16       d.u.i.k.l.o.ProgramSV     Match failed: Former match of  SchemaVariable incompatible with  the current match. 
37613      DEBUG Thread-16       d.u.i.k.l.o.ProgramSV     Match failed: Former match of  SchemaVariable incompatible with  the current match. 
37698      INFO  main            d.u.i.k.p.r.p.TestFile    ... finished proof: closed. 
37865      INFO  main            d.u.i.k.p.i.AbstractProblemLoader Loading environment from /home/runner/work/key/key/key.core/../key.ui/examples/completionscopes/testCcatchBreakLabelWildcard.key.proof 
37865      DEBUG main            d.u.i.k.p.i.AbstractProblemLoader Environment load took 122.4ns 
37867      INFO  main            d.u.i.k.p.i.AbstractProblemLoader Creating init config 
40413      DEBUG main            d.u.i.k.p.i.AbstractProblemLoader Init config took 2.55s 
40460      INFO  main            d.u.i.k.p.i.AbstractProblemLoader Replaying proof CompletionScopes[CompletionScopes::testBreakLabelWildcard()].JML normal_behavior operation contract.0 
40468      DEBUG main            d.u.i.k.p.i.IntermediateProofReplayer Proof replay took 6.27ms 
40469      DEBUG main            d.u.i.k.p.r.p.TestFile    ... success: reloaded. 
40470      INFO  main            d.u.i.k.p.r.p.TestFile    Now processing file /home/runner/work/key/key/key.core/../key.ui/examples/completionscopes/testCcatchContinueLabelWildcard.key 
40471      INFO  main            d.u.i.k.p.i.AbstractProblemLoader Loading environment from /home/runner/work/key/key/key.core/../key.ui/examples/completionscopes/testCcatchContinueLabelWildcard.key 
40471      DEBUG main            d.u.i.k.p.i.AbstractProblemLoader Environment load took 172.9ns 
40472      INFO  main            d.u.i.k.p.i.AbstractProblemLoader Creating init config 
43026      DEBUG main            d.u.i.k.p.i.AbstractProblemLoader Init config took 2.55s 
43066      INFO  main            d.u.i.k.p.i.AbstractProblemLoader Replaying proof CompletionScopes[CompletionScopes::testContinueLabelWildcard()].JML normal_behavior operation contract.0 
43068      DEBUG main            d.u.i.k.p.i.IntermediateProofReplayer Proof replay took 6.5ns 
43088      DEBUG Thread-19       d.u.i.k.l.o.ProgramSV     Match failed: Former match of  SchemaVariable incompatible with  the current match. 
43089      DEBUG Thread-19       d.u.i.k.l.o.ProgramSV     Match failed: Former match of  SchemaVariable incompatible with  the current match. 
43174      INFO  main            d.u.i.k.p.r.p.TestFile    ... finished proof: closed. 
43336      INFO  main            d.u.i.k.p.i.AbstractProblemLoader Loading environment from /home/runner/work/key/key/key.core/../key.ui/examples/completionscopes/testCcatchContinueLabelWildcard.key.proof 
43336      DEBUG main            d.u.i.k.p.i.AbstractProblemLoader Environment load took 139.5ns 
43337      INFO  main            d.u.i.k.p.i.AbstractProblemLoader Creating init config 
45824      DEBUG main            d.u.i.k.p.i.AbstractProblemLoader Init config took 2.49s 
45862      INFO  main            d.u.i.k.p.i.AbstractProblemLoader Replaying proof CompletionScopes[CompletionScopes::testContinueLabelWildcard()].JML normal_behavior operation contract.0 
45870      DEBUG main            d.u.i.k.p.i.IntermediateProofReplayer Proof replay took 6.27ms 
45871      DEBUG main            d.u.i.k.p.r.p.TestFile    ... success: reloaded. 
45872      INFO  main            d.u.i.k.p.r.p.TestFile    Now processing file /home/runner/work/key/key/key.core/../key.ui/examples/completionscopes/testCcatchBreakLabelNonmatchingNested.key 
45872      INFO  main            d.u.i.k.p.i.AbstractProblemLoader Loading environment from /home/runner/work/key/key/key.core/../key.ui/examples/completionscopes/testCcatchBreakLabelNonmatchingNested.key 
45872      DEBUG main            d.u.i.k.p.i.AbstractProblemLoader Environment load took 178.81ns 
45873      INFO  main            d.u.i.k.p.i.AbstractProblemLoader Creating init config 
48468      DEBUG main            d.u.i.k.p.i.AbstractProblemLoader Init config took 2.59s 
48509      INFO  main            d.u.i.k.p.i.AbstractProblemLoader Replaying proof CompletionScopes[CompletionScopes::testBreakLabelNonmatchingNested()].JML normal_behavior operation contract.0 
48511      DEBUG main            d.u.i.k.p.i.IntermediateProofReplayer Proof replay took 6.8ns 
48525      DEBUG Thread-22       d.u.i.k.l.o.ProgramSV     Match failed: Former match of  SchemaVariable incompatible with  the current match. 
48526      DEBUG Thread-22       d.u.i.k.l.o.ProgramSV     Match failed: Former match of  SchemaVariable incompatible with  the current match. 
48614      INFO  main            d.u.i.k.p.r.p.TestFile    ... finished proof: closed. 
48776      INFO  main            d.u.i.k.p.i.AbstractProblemLoader Loading environment from /home/runner/work/key/key/key.core/../key.ui/examples/completionscopes/testCcatchBreakLabelNonmatchingNested.key.proof 
48776      DEBUG main            d.u.i.k.p.i.AbstractProblemLoader Environment load took 153.81ns 
48778      INFO  main            d.u.i.k.p.i.AbstractProblemLoader Creating init config 
51319      DEBUG main            d.u.i.k.p.i.AbstractProblemLoader Init config took 2.54s 
51358      INFO  main            d.u.i.k.p.i.AbstractProblemLoader Replaying proof CompletionScopes[CompletionScopes::testBreakLabelNonmatchingNested()].JML normal_behavior operation contract.0 
51365      DEBUG main            d.u.i.k.p.i.IntermediateProofReplayer Proof replay took 6.22ms 
51366      DEBUG main            d.u.i.k.p.r.p.TestFile    ... success: reloaded. 
5018585    INFO  Test worker     d.u.i.k.p.r.RunAllProofsTestUnit Returning from test completionScopes 
5018586    INFO  Test worker     d.u.i.k.p.r.RunAllProofsTestUnit Running test reload_examples 
378        INFO  Timeout watchdog d.u.i.k.p.r.p.ForkedTestFileRunner Timeout watcher launched (2000 secs.) 
387        WARN  main            d.u.i.k.s.ProofSettings   The settings in /home/runner/.key/proof-settings.props are *not* read. 
414        INFO  main            d.u.i.k.p.r.p.TestFile    Now processing file /home/runner/work/key/key/key.core/../key.ui/examples/firstTouch/05-ReverseArray/reverseArray.key 
522        INFO  main            d.u.i.k.p.i.AbstractProblemLoader Loading environment from /home/runner/work/key/key/key.core/../key.ui/examples/firstTouch/05-ReverseArray/reverseArray.key 
538        DEBUG main            d.u.i.k.p.i.AbstractProblemLoader Environment load took 1.96ms 
759        INFO  main            d.u.i.k.p.i.AbstractProblemLoader Creating init config 
1657       DEBUG main            d.u.i.k.j.TypeConverter   No LDT found for Meta 
1659       DEBUG main            d.u.i.k.j.TypeConverter   No LDT found for Meta 
1661       DEBUG main            d.u.i.k.j.TypeConverter   No LDT found for Meta 
1663       DEBUG main            d.u.i.k.j.TypeConverter   No LDT found for Meta 
3057       DEBUG main            d.u.i.k.j.TypeConverter   No LDT found for JavaBigintExpression 
7976       DEBUG main            d.u.i.k.p.i.AbstractProblemLoader Init config took 7.22s 
8083       INFO  main            d.u.i.k.p.i.AbstractProblemLoader Replaying proof ReverseArray[ReverseArray::reverse()].JML normal_behavior operation contract.0 
8134       DEBUG main            d.u.i.k.p.i.IntermediateProofReplayer Proof replay took 31.8ns 
18015      INFO  main            d.u.i.k.p.r.p.TestFile    ... finished proof: closed. 
18235      INFO  main            d.u.i.k.p.i.AbstractProblemLoader Loading environment from /home/runner/work/key/key/key.core/../key.ui/examples/firstTouch/05-ReverseArray/reverseArray.key.proof 
18237      DEBUG main            d.u.i.k.p.i.AbstractProblemLoader Environment load took 1.7ms 
18242      INFO  main            d.u.i.k.p.i.AbstractProblemLoader Creating init config 
21158      DEBUG main            d.u.i.k.p.i.AbstractProblemLoader Init config took 2.92s 
21215      INFO  main            d.u.i.k.p.i.AbstractProblemLoader Replaying proof ReverseArray[ReverseArray::reverse()].JML normal_behavior operation contract.0 
21707      DEBUG main            d.u.i.k.p.i.IntermediateProofReplayer Proof replay took 437.17ms 
21718      DEBUG main            d.u.i.k.p.r.p.TestFile    ... success: reloaded. 
21721      INFO  main            d.u.i.k.p.r.p.TestFile    Now processing file /home/runner/work/key/key/key.core/../key.ui/examples/standard_key/arith/saveProofTest.key.proof 
21721      INFO  main            d.u.i.k.p.i.AbstractProblemLoader Loading environment from /home/runner/work/key/key/key.core/../key.ui/examples/standard_key/arith/saveProofTest.key.proof 
21721      DEBUG main            d.u.i.k.p.i.AbstractProblemLoader Environment load took 116.21ns 
21725      INFO  main            d.u.i.k.p.i.AbstractProblemLoader Creating init config 
24277      DEBUG main            d.u.i.k.p.i.AbstractProblemLoader Init config took 2.55s 
24303      INFO  main            d.u.i.k.p.i.AbstractProblemLoader Replaying proof saveProofTest.key.proof 
24309      DEBUG main            d.u.i.k.p.i.IntermediateProofReplayer Proof replay took 2.32ms 
24310      INFO  main            d.u.i.k.p.r.p.TestFile    ... success: loaded 
24311      INFO  main            d.u.i.k.p.r.p.TestFile    Now processing file /home/runner/work/key/key/key.core/../key.ui/examples/heap/permutedSum/perm.proof 
24313      INFO  main            d.u.i.k.p.i.AbstractProblemLoader Loading environment from /home/runner/work/key/key/key.core/../key.ui/examples/heap/permutedSum/perm.proof 
24313      DEBUG main            d.u.i.k.p.i.AbstractProblemLoader Environment load took 221.11ns 
24317      INFO  main            d.u.i.k.p.i.AbstractProblemLoader Creating init config 
27063      DEBUG main            d.u.i.k.p.i.AbstractProblemLoader Init config took 2.75s 
27132      INFO  main            d.u.i.k.p.i.AbstractProblemLoader Replaying proof Perm[Perm::foo()].JML normal_behavior operation contract.0 
27887      DEBUG main            d.u.i.k.p.i.IntermediateProofReplayer Proof replay took 705.79ms 
27889      INFO  main            d.u.i.k.p.r.p.TestFile    ... success: loaded 
27891      INFO  main            d.u.i.k.p.r.p.TestFile    Now processing file /home/runner/work/key/key/key.core/../key.ui/examples/firstTouch/05-ReverseArray/reverseArray.proof 
27891      INFO  main            d.u.i.k.p.i.AbstractProblemLoader Loading environment from /home/runner/work/key/key/key.core/../key.ui/examples/firstTouch/05-ReverseArray/reverseArray.proof 
27892      DEBUG main            d.u.i.k.p.i.AbstractProblemLoader Environment load took 199.91ns 
27894      INFO  main            d.u.i.k.p.i.AbstractProblemLoader Creating init config 
30505      DEBUG main            d.u.i.k.p.i.AbstractProblemLoader Init config took 2.61s 
30545      INFO  main            d.u.i.k.p.i.AbstractProblemLoader Replaying proof ReverseArray[ReverseArray::reverse()].JML normal_behavior operation contract.0 
31003      DEBUG main            d.u.i.k.p.i.IntermediateProofReplayer Proof replay took 420.18ms 
31006      INFO  main            d.u.i.k.p.r.p.TestFile    ... success: loaded 
31007      INFO  main            d.u.i.k.p.r.p.TestFile    Now processing file /home/runner/work/key/key/key.core/../key.ui/examples/heap/verifyThis15_1_RelaxedPrefix/relax.proof 
31008      INFO  main            d.u.i.k.p.i.AbstractProblemLoader Loading environment from /home/runner/work/key/key/key.core/../key.ui/examples/heap/verifyThis15_1_RelaxedPrefix/relax.proof 
31008      DEBUG main            d.u.i.k.p.i.AbstractProblemLoader Environment load took 178.61ns 
31010      INFO  main            d.u.i.k.p.i.AbstractProblemLoader Creating init config 
33550      DEBUG main            d.u.i.k.p.i.AbstractProblemLoader Init config took 2.54s 
33596      INFO  main            d.u.i.k.p.i.AbstractProblemLoader Replaying proof Relaxed[Relaxed::isRelaxedPrefix([I,[I)].JML operation contract.0 
33979      DEBUG main            d.u.i.k.p.i.IntermediateProofReplayer Proof replay took 364.71ms 
33981      INFO  main            d.u.i.k.p.r.p.TestFile    ... success: loaded 
33983      INFO  main            d.u.i.k.p.r.p.TestFile    Now processing file /home/runner/work/key/key/key.core/../key.ui/examples/heap/verifyThis15_3_DLL/doUndo.proof 
33984      INFO  main            d.u.i.k.p.i.AbstractProblemLoader Loading environment from /home/runner/work/key/key/key.core/../key.ui/examples/heap/verifyThis15_3_DLL/doUndo.proof 
33984      DEBUG main            d.u.i.k.p.i.AbstractProblemLoader Environment load took 190.71ns 
33986      INFO  main            d.u.i.k.p.i.AbstractProblemLoader Creating init config 
34913      DEBUG main            d.u.i.k.j.r.ClassPreparationMethodBuilder clPrepBuilder: Inner Class detected. Reject building class initialisation methods. 
36782      DEBUG main            d.u.i.k.p.i.AbstractProblemLoader Init config took 2.8s 
36878      INFO  main            d.u.i.k.p.i.AbstractProblemLoader Replaying proof DoubleLinkedList[DoubleLinkedList::doUndo(DoubleLinkedList.Node,int)].JML normal_behavior operation contract.0 
37297      DEBUG main            d.u.i.k.p.i.IntermediateProofReplayer Proof replay took 387.82ms 
37298      INFO  main            d.u.i.k.p.r.p.TestFile    ... success: loaded 
37300      INFO  main            d.u.i.k.p.r.p.TestFile    Now processing file /home/runner/work/key/key/key.core/../key.ui/examples/heap/verifyThis15_2_ParallelGcd/parallelGcd.proof 
37300      INFO  main            d.u.i.k.p.i.AbstractProblemLoader Loading environment from /home/runner/work/key/key/key.core/../key.ui/examples/heap/verifyThis15_2_ParallelGcd/parallelGcd.proof 
37301      DEBUG main            d.u.i.k.p.i.AbstractProblemLoader Environment load took 183.91ns 
37302      INFO  main            d.u.i.k.p.i.AbstractProblemLoader Creating init config 
39959      DEBUG main            d.u.i.k.p.i.AbstractProblemLoader Init config took 2.66s 
40011      INFO  main            d.u.i.k.p.i.AbstractProblemLoader Replaying proof ParallelGcd[ParallelGcd::parallelGcd(int,int,[Z)].JML behavior operation contract.0 
40434      DEBUG main            d.u.i.k.p.i.IntermediateProofReplayer Proof replay took 408.69ms 
40435      INFO  main            d.u.i.k.p.r.p.TestFile    ... success: loaded 
5059216    INFO  Test worker     d.u.i.k.p.r.RunAllProofsTestUnit Returning from test reload_examples 
5059217    INFO  Test worker     d.u.i.k.p.r.RunAllProofsTestUnit Running test proofLoadRepair 
321        INFO  Timeout watchdog d.u.i.k.p.r.p.ForkedTestFileRunner Timeout watcher launched (2000 secs.) 
335        WARN  main            d.u.i.k.s.ProofSettings   The settings in /home/runner/.key/proof-settings.props are *not* read. 
368        INFO  main            d.u.i.k.p.r.p.TestFile    Now processing file /home/runner/work/key/key/key.core/../key.ui/examples/proofLoadRepair/disjConj-manipulated.proof 
475        INFO  main            d.u.i.k.p.i.AbstractProblemLoader Loading environment from /home/runner/work/key/key/key.core/../key.ui/examples/proofLoadRepair/disjConj-manipulated.proof 
499        DEBUG main            d.u.i.k.p.i.AbstractProblemLoader Environment load took 2.05ms 
729        INFO  main            d.u.i.k.p.i.AbstractProblemLoader Creating init config 
1681       DEBUG main            d.u.i.k.j.TypeConverter   No LDT found for Meta 
1682       DEBUG main            d.u.i.k.j.TypeConverter   No LDT found for Meta 
1685       DEBUG main            d.u.i.k.j.TypeConverter   No LDT found for Meta 
1685       DEBUG main            d.u.i.k.j.TypeConverter   No LDT found for Meta 
3116       DEBUG main            d.u.i.k.j.TypeConverter   No LDT found for JavaBigintExpression 
7908       DEBUG main            d.u.i.k.p.i.AbstractProblemLoader Init config took 7.18s 
7963       INFO  main            d.u.i.k.p.i.AbstractProblemLoader Replaying proof disjConj-manipulated.proof 
8032       WARN  main            d.u.i.k.p.i.IntermediateProofReplayer Proof contains wrong number of \assumes instatiations for andLeft 
8034       WARN  main            d.u.i.k.p.i.IntermediateProofReplayer Proof contains wrong number of \assumes instatiations for replace_known_right 
8036       WARN  main            d.u.i.k.p.i.IntermediateProofReplayer Proof contains wrong number of \assumes instatiations for close 
8037       DEBUG main            d.u.i.k.p.i.IntermediateProofReplayer Proof replay took 13.42ms 
8042       INFO  main            d.u.i.k.p.r.p.TestFile    ... success: loaded 
8045       INFO  main            d.u.i.k.p.r.p.TestFile    Now processing file /home/runner/work/key/key/key.core/../key.ui/examples/proofLoadRepair/insufficient-manipulated.proof 
8046       INFO  main            d.u.i.k.p.i.AbstractProblemLoader Loading environment from /home/runner/work/key/key/key.core/../key.ui/examples/proofLoadRepair/insufficient-manipulated.proof 
8046       DEBUG main            d.u.i.k.p.i.AbstractProblemLoader Environment load took 239.7ns 
8050       INFO  main            d.u.i.k.p.i.AbstractProblemLoader Creating init config 
10926      DEBUG main            d.u.i.k.p.i.AbstractProblemLoader Init config took 2.88s 
10942      INFO  main            d.u.i.k.p.i.AbstractProblemLoader Replaying proof insufficient-manipulated.proof 
10960      WARN  main            d.u.i.k.p.i.IntermediateProofReplayer Proof contains wrong number of \assumes instatiations for applyEq 
10969      DEBUG main            d.u.i.k.p.i.IntermediateProofReplayer Proof replay took 10.25ms 
10975      INFO  main            d.u.i.k.p.r.p.TestFile    ... success: loading failed 
10977      INFO  main            d.u.i.k.p.r.p.TestFile    Now processing file /home/runner/work/key/key/key.core/../key.ui/examples/../../key.core/src/test/resources/testcase/issues/1716/incorrectPolarity.proof 
10977      INFO  main            d.u.i.k.p.i.AbstractProblemLoader Loading environment from /home/runner/work/key/key/key.core/../key.ui/examples/../../key.core/src/test/resources/testcase/issues/1716/incorrectPolarity.proof 
10977      DEBUG main            d.u.i.k.p.i.AbstractProblemLoader Environment load took 132.61ns 
10981      INFO  main            d.u.i.k.p.i.AbstractProblemLoader Creating init config 
13888      DEBUG main            d.u.i.k.p.i.AbstractProblemLoader Init config took 2.91s 
13915      INFO  main            d.u.i.k.p.i.AbstractProblemLoader Replaying proof incorrectPolarity.proof 
13918      DEBUG main            d.u.i.k.p.i.IntermediateProofReplayer Proof replay took 189.61ns 
13918      INFO  main            d.u.i.k.p.r.p.TestFile    ... success: loading failed 
13919      INFO  main            d.u.i.k.p.r.p.TestFile    Now processing file /home/runner/work/key/key/key.core/../key.ui/examples/../../key.core/src/test/resources/testcase/issues/1716/incorrectPolarity2.proof 
13919      INFO  main            d.u.i.k.p.i.AbstractProblemLoader Loading environment from /home/runner/work/key/key/key.core/../key.ui/examples/../../key.core/src/test/resources/testcase/issues/1716/incorrectPolarity2.proof 
13920      DEBUG main            d.u.i.k.p.i.AbstractProblemLoader Environment load took 97.41ns 
13921      INFO  main            d.u.i.k.p.i.AbstractProblemLoader Creating init config 
16518      DEBUG main            d.u.i.k.p.i.AbstractProblemLoader Init config took 2.6s 
16542      INFO  main            d.u.i.k.p.i.AbstractProblemLoader Replaying proof incorrectPolarity2.proof 
16544      DEBUG main            d.u.i.k.p.i.IntermediateProofReplayer Proof replay took 341.81ns 
16545      INFO  main            d.u.i.k.p.r.p.TestFile    ... success: loading failed 
16546      INFO  main            d.u.i.k.p.r.p.TestFile    Now processing file /home/runner/work/key/key/key.core/../key.ui/examples/../../key.core/src/test/resources/testcase/issues/1716/incorrectPolarity3.proof 
16546      INFO  main            d.u.i.k.p.i.AbstractProblemLoader Loading environment from /home/runner/work/key/key/key.core/../key.ui/examples/../../key.core/src/test/resources/testcase/issues/1716/incorrectPolarity3.proof 
16546      DEBUG main            d.u.i.k.p.i.AbstractProblemLoader Environment load took 112.9ns 
16547      INFO  main            d.u.i.k.p.i.AbstractProblemLoader Creating init config 
19129      DEBUG main            d.u.i.k.p.i.AbstractProblemLoader Init config took 2.58s 
19150      INFO  main            d.u.i.k.p.i.AbstractProblemLoader Replaying proof incorrectPolarity3.proof 
19152      DEBUG main            d.u.i.k.p.i.IntermediateProofReplayer Proof replay took 971.85ns 
19153      INFO  main            d.u.i.k.p.r.p.TestFile    ... success: loading failed 
5078542    INFO  Test worker     d.u.i.k.p.r.RunAllProofsTestUnit Returning from test proofLoadRepair 
5078542    INFO  Test worker     d.u.i.k.p.r.RunAllProofsTestUnit Running test switch 
326        INFO  Timeout watchdog d.u.i.k.p.r.p.ForkedTestFileRunner Timeout watcher launched (2000 secs.) 
330        WARN  main            d.u.i.k.s.ProofSettings   The settings in /home/runner/.key/proof-settings.props are *not* read. 
374        INFO  main            d.u.i.k.p.r.p.TestFile    Now processing file /home/runner/work/key/key/key.core/../key.ui/examples/standard_key/java_dl/switch/labeled_case.key 
527        INFO  main            d.u.i.k.p.i.AbstractProblemLoader Loading environment from /home/runner/work/key/key/key.core/../key.ui/examples/standard_key/java_dl/switch/labeled_case.key 
544        DEBUG main            d.u.i.k.p.i.AbstractProblemLoader Environment load took 1.9ms 
768        INFO  main            d.u.i.k.p.i.AbstractProblemLoader Creating init config 
1695       DEBUG main            d.u.i.k.j.TypeConverter   No LDT found for Meta 
1696       DEBUG main            d.u.i.k.j.TypeConverter   No LDT found for Meta 
1697       DEBUG main            d.u.i.k.j.TypeConverter   No LDT found for Meta 
1697       DEBUG main            d.u.i.k.j.TypeConverter   No LDT found for Meta 
3255       DEBUG main            d.u.i.k.j.TypeConverter   No LDT found for JavaBigintExpression 
8885       DEBUG main            d.u.i.k.p.i.AbstractProblemLoader Init config took 8.12s 
9013       INFO  main            d.u.i.k.p.i.AbstractProblemLoader Replaying proof LabeledCase[LabeledCase::m(int)].JML normal_behavior operation contract.0 
9046       DEBUG main            d.u.i.k.p.i.IntermediateProofReplayer Proof replay took 33.5ns 
9671       INFO  main            d.u.i.k.p.r.p.TestFile    ... finished proof: closed. 
9771       INFO  main            d.u.i.k.p.i.AbstractProblemLoader Loading environment from /home/runner/work/key/key/key.core/../key.ui/examples/standard_key/java_dl/switch/labeled_case.key.proof 
9771       DEBUG main            d.u.i.k.p.i.AbstractProblemLoader Environment load took 403.12ns 
9773       INFO  main            d.u.i.k.p.i.AbstractProblemLoader Creating init config 
12596      DEBUG main            d.u.i.k.p.i.AbstractProblemLoader Init config took 2.82s 
12670      INFO  main            d.u.i.k.p.i.AbstractProblemLoader Replaying proof LabeledCase[LabeledCase::m(int)].JML normal_behavior operation contract.0 
12761      DEBUG main            d.u.i.k.p.i.IntermediateProofReplayer Proof replay took 85.95ms 
12769      DEBUG main            d.u.i.k.p.r.p.TestFile    ... success: reloaded. 
12770      INFO  main            d.u.i.k.p.r.p.TestFile    Now processing file /home/runner/work/key/key/key.core/../key.ui/examples/standard_key/java_dl/switch/empty_switch.key 
12773      INFO  main            d.u.i.k.p.i.AbstractProblemLoader Loading environment from /home/runner/work/key/key/key.core/../key.ui/examples/standard_key/java_dl/switch/empty_switch.key 
12774      DEBUG main            d.u.i.k.p.i.AbstractProblemLoader Environment load took 238.31ns 
12775      INFO  main            d.u.i.k.p.i.AbstractProblemLoader Creating init config 
15528      DEBUG main            d.u.i.k.p.i.AbstractProblemLoader Init config took 2.75s 
15559      INFO  main            d.u.i.k.p.i.AbstractProblemLoader Replaying proof empty_switch.key 
15561      DEBUG main            d.u.i.k.p.i.IntermediateProofReplayer Proof replay took 6.5ns 
15664      INFO  main            d.u.i.k.p.r.p.TestFile    ... finished proof: closed. 
15784      INFO  main            d.u.i.k.p.i.AbstractProblemLoader Loading environment from /home/runner/work/key/key/key.core/../key.ui/examples/standard_key/java_dl/switch/empty_switch.key.proof 
15784      DEBUG main            d.u.i.k.p.i.AbstractProblemLoader Environment load took 138.21ns 
15787      INFO  main            d.u.i.k.p.i.AbstractProblemLoader Creating init config 
18337      DEBUG main            d.u.i.k.p.i.AbstractProblemLoader Init config took 2.55s 
18372      INFO  main            d.u.i.k.p.i.AbstractProblemLoader Replaying proof empty_switch.key.proof 
18380      DEBUG main            d.u.i.k.p.i.IntermediateProofReplayer Proof replay took 2.63ms 
18381      DEBUG main            d.u.i.k.p.r.p.TestFile    ... success: reloaded. 
18383      INFO  main            d.u.i.k.p.r.p.TestFile    Now processing file /home/runner/work/key/key/key.core/../key.ui/examples/standard_key/java_dl/switch/empty_switch_null.key 
18384      INFO  main            d.u.i.k.p.i.AbstractProblemLoader Loading environment from /home/runner/work/key/key/key.core/../key.ui/examples/standard_key/java_dl/switch/empty_switch_null.key 
18384      DEBUG main            d.u.i.k.p.i.AbstractProblemLoader Environment load took 202.41ns 
18385      INFO  main            d.u.i.k.p.i.AbstractProblemLoader Creating init config 
20978      DEBUG main            d.u.i.k.p.i.AbstractProblemLoader Init config took 2.59s 
21001      INFO  main            d.u.i.k.p.i.AbstractProblemLoader Replaying proof empty_switch_null.key 
21003      DEBUG main            d.u.i.k.p.i.IntermediateProofReplayer Proof replay took 6.3ns 
21206      INFO  main            d.u.i.k.p.r.p.TestFile    ... finished proof: closed. 
21340      INFO  main            d.u.i.k.p.i.AbstractProblemLoader Loading environment from /home/runner/work/key/key/key.core/../key.ui/examples/standard_key/java_dl/switch/empty_switch_null.key.proof 
21340      DEBUG main            d.u.i.k.p.i.AbstractProblemLoader Environment load took 130.3ns 
21342      INFO  main            d.u.i.k.p.i.AbstractProblemLoader Creating init config 
23856      DEBUG main            d.u.i.k.p.i.AbstractProblemLoader Init config took 2.51s 
23877      INFO  main            d.u.i.k.p.i.AbstractProblemLoader Replaying proof empty_switch_null.key.proof 
23905      DEBUG main            d.u.i.k.p.i.IntermediateProofReplayer Proof replay took 25.58ms 
23906      DEBUG main            d.u.i.k.p.r.p.TestFile    ... success: reloaded. 
23907      INFO  main            d.u.i.k.p.r.p.TestFile    Now processing file /home/runner/work/key/key/key.core/../key.ui/examples/standard_key/java_dl/switch/empty_switch_null_catch.key 
23907      INFO  main            d.u.i.k.p.i.AbstractProblemLoader Loading environment from /home/runner/work/key/key/key.core/../key.ui/examples/standard_key/java_dl/switch/empty_switch_null_catch.key 
23907      DEBUG main            d.u.i.k.p.i.AbstractProblemLoader Environment load took 108ns 
23908      INFO  main            d.u.i.k.p.i.AbstractProblemLoader Creating init config 
26459      DEBUG main            d.u.i.k.p.i.AbstractProblemLoader Init config took 2.55s 
26481      INFO  main            d.u.i.k.p.i.AbstractProblemLoader Replaying proof empty_switch_null_catch.key 
26483      DEBUG main            d.u.i.k.p.i.IntermediateProofReplayer Proof replay took 5.8ns 
26686      INFO  main            d.u.i.k.p.r.p.TestFile    ... finished proof: closed. 
26851      INFO  main            d.u.i.k.p.i.AbstractProblemLoader Loading environment from /home/runner/work/key/key/key.core/../key.ui/examples/standard_key/java_dl/switch/empty_switch_null_catch.key.proof 
26852      DEBUG main            d.u.i.k.p.i.AbstractProblemLoader Environment load took 498.12ns 
26853      INFO  main            d.u.i.k.p.i.AbstractProblemLoader Creating init config 
29387      DEBUG main            d.u.i.k.p.i.AbstractProblemLoader Init config took 2.53s 
29408      INFO  main            d.u.i.k.p.i.AbstractProblemLoader Replaying proof empty_switch_null_catch.key.proof 
29442      DEBUG main            d.u.i.k.p.i.IntermediateProofReplayer Proof replay took 31.03ms 
29443      DEBUG main            d.u.i.k.p.r.p.TestFile    ... success: reloaded. 
29444      INFO  main            d.u.i.k.p.r.p.TestFile    Now processing file /home/runner/work/key/key/key.core/../key.ui/examples/standard_key/java_dl/switch/empty_switch_array_out_of_bounds.key 
29444      INFO  main            d.u.i.k.p.i.AbstractProblemLoader Loading environment from /home/runner/work/key/key/key.core/../key.ui/examples/standard_key/java_dl/switch/empty_switch_array_out_of_bounds.key 
29444      DEBUG main            d.u.i.k.p.i.AbstractProblemLoader Environment load took 201.1ns 
29445      INFO  main            d.u.i.k.p.i.AbstractProblemLoader Creating init config 
31961      DEBUG main            d.u.i.k.p.i.AbstractProblemLoader Init config took 2.52s 
31981      INFO  main            d.u.i.k.p.i.AbstractProblemLoader Replaying proof empty_switch_array_out_of_bounds.key 
31984      DEBUG main            d.u.i.k.p.i.IntermediateProofReplayer Proof replay took 5.3ns 
32191      INFO  main            d.u.i.k.p.r.p.TestFile    ... finished proof: closed. 
32346      INFO  main            d.u.i.k.p.i.AbstractProblemLoader Loading environment from /home/runner/work/key/key/key.core/../key.ui/examples/standard_key/java_dl/switch/empty_switch_array_out_of_bounds.key.proof 
32347      DEBUG main            d.u.i.k.p.i.AbstractProblemLoader Environment load took 353.31ns 
32348      INFO  main            d.u.i.k.p.i.AbstractProblemLoader Creating init config 
34831      DEBUG main            d.u.i.k.p.i.AbstractProblemLoader Init config took 2.48s 
34851      INFO  main            d.u.i.k.p.i.AbstractProblemLoader Replaying proof empty_switch_array_out_of_bounds.key.proof 
34905      DEBUG main            d.u.i.k.p.i.IntermediateProofReplayer Proof replay took 50.11ms 
34906      DEBUG main            d.u.i.k.p.r.p.TestFile    ... success: reloaded. 
34907      INFO  main            d.u.i.k.p.r.p.TestFile    Now processing file /home/runner/work/key/key/key.core/../key.ui/examples/standard_key/java_dl/switch/empty_switch_array_out_of_bounds_catch.key 
34907      INFO  main            d.u.i.k.p.i.AbstractProblemLoader Loading environment from /home/runner/work/key/key/key.core/../key.ui/examples/standard_key/java_dl/switch/empty_switch_array_out_of_bounds_catch.key 
34907      DEBUG main            d.u.i.k.p.i.AbstractProblemLoader Environment load took 190.71ns 
34909      INFO  main            d.u.i.k.p.i.AbstractProblemLoader Creating init config 
37456      DEBUG main            d.u.i.k.p.i.AbstractProblemLoader Init config took 2.55s 
37477      INFO  main            d.u.i.k.p.i.AbstractProblemLoader Replaying proof empty_switch_array_out_of_bounds_catch.key 
37480      DEBUG main            d.u.i.k.p.i.IntermediateProofReplayer Proof replay took 6.5ns 
37683      INFO  main            d.u.i.k.p.r.p.TestFile    ... finished proof: closed. 
37856      INFO  main            d.u.i.k.p.i.AbstractProblemLoader Loading environment from /home/runner/work/key/key/key.core/../key.ui/examples/standard_key/java_dl/switch/empty_switch_array_out_of_bounds_catch.key.proof 
37857      DEBUG main            d.u.i.k.p.i.AbstractProblemLoader Environment load took 525.61ns 
37858      INFO  main            d.u.i.k.p.i.AbstractProblemLoader Creating init config 
40324      DEBUG main            d.u.i.k.p.i.AbstractProblemLoader Init config took 2.47s 
40346      INFO  main            d.u.i.k.p.i.AbstractProblemLoader Replaying proof empty_switch_array_out_of_bounds_catch.key.proof 
40381      DEBUG main            d.u.i.k.p.i.IntermediateProofReplayer Proof replay took 33.06ms 
40383      DEBUG main            d.u.i.k.p.r.p.TestFile    ... success: reloaded. 
40384      INFO  main            d.u.i.k.p.r.p.TestFile    Now processing file /home/runner/work/key/key/key.core/../key.ui/examples/standard_key/java_dl/switch/switch_in_switch.key 
40384      INFO  main            d.u.i.k.p.i.AbstractProblemLoader Loading environment from /home/runner/work/key/key/key.core/../key.ui/examples/standard_key/java_dl/switch/switch_in_switch.key 
40384      DEBUG main            d.u.i.k.p.i.AbstractProblemLoader Environment load took 81.3ns 
40385      INFO  main            d.u.i.k.p.i.AbstractProblemLoader Creating init config 
43005      DEBUG main            d.u.i.k.p.i.AbstractProblemLoader Init config took 2.62s 
43055      INFO  main            d.u.i.k.p.i.AbstractProblemLoader Replaying proof SwitchInSwitch[SwitchInSwitch::m(int)].JML normal_behavior operation contract.0 
43057      DEBUG main            d.u.i.k.p.i.IntermediateProofReplayer Proof replay took 6.9ns 
47603      INFO  main            d.u.i.k.p.r.p.TestFile    ... finished proof: closed. 
47847      INFO  main            d.u.i.k.p.i.AbstractProblemLoader Loading environment from /home/runner/work/key/key/key.core/../key.ui/examples/standard_key/java_dl/switch/switch_in_switch.key.proof 
47847      DEBUG main            d.u.i.k.p.i.AbstractProblemLoader Environment load took 411.41ns 
47849      INFO  main            d.u.i.k.p.i.AbstractProblemLoader Creating init config 
50421      DEBUG main            d.u.i.k.p.i.AbstractProblemLoader Init config took 2.57s 
50465      INFO  main            d.u.i.k.p.i.AbstractProblemLoader Replaying proof SwitchInSwitch[SwitchInSwitch::m(int)].JML normal_behavior operation contract.0 
50770      DEBUG main            d.u.i.k.p.i.IntermediateProofReplayer Proof replay took 279.54ms 
50772      DEBUG main            d.u.i.k.p.r.p.TestFile    ... success: reloaded. 
50773      INFO  main            d.u.i.k.p.r.p.TestFile    Now processing file /home/runner/work/key/key/key.core/../key.ui/examples/standard_key/java_dl/switch/while_and_switch.key 
50773      INFO  main            d.u.i.k.p.i.AbstractProblemLoader Loading environment from /home/runner/work/key/key/key.core/../key.ui/examples/standard_key/java_dl/switch/while_and_switch.key 
50773      DEBUG main            d.u.i.k.p.i.AbstractProblemLoader Environment load took 217.51ns 
50774      INFO  main            d.u.i.k.p.i.AbstractProblemLoader Creating init config 
53312      DEBUG main            d.u.i.k.p.i.AbstractProblemLoader Init config took 2.54s 
53357      INFO  main            d.u.i.k.p.i.AbstractProblemLoader Replaying proof WhileAndSwitch[WhileAndSwitch::m(int)].JML normal_behavior operation contract.0 
53359      DEBUG main            d.u.i.k.p.i.IntermediateProofReplayer Proof replay took 6.3ns 
54064      INFO  main            d.u.i.k.p.r.p.TestFile    ... finished proof: closed. 
54243      INFO  main            d.u.i.k.p.i.AbstractProblemLoader Loading environment from /home/runner/work/key/key/key.core/../key.ui/examples/standard_key/java_dl/switch/while_and_switch.key.proof 
54244      DEBUG main            d.u.i.k.p.i.AbstractProblemLoader Environment load took 961.81ns 
54246      INFO  main            d.u.i.k.p.i.AbstractProblemLoader Creating init config 
56788      DEBUG main            d.u.i.k.p.i.AbstractProblemLoader Init config took 2.54s 
56834      INFO  main            d.u.i.k.p.i.AbstractProblemLoader Replaying proof WhileAndSwitch[WhileAndSwitch::m(int)].JML normal_behavior operation contract.0 
56931      DEBUG main            d.u.i.k.p.i.IntermediateProofReplayer Proof replay took 90.34ms 
56932      DEBUG main            d.u.i.k.p.r.p.TestFile    ... success: reloaded. 
56933      INFO  main            d.u.i.k.p.r.p.TestFile    Now processing file /home/runner/work/key/key/key.core/../key.ui/examples/standard_key/java_dl/switch/large_switch.key 
56934      INFO  main            d.u.i.k.p.i.AbstractProblemLoader Loading environment from /home/runner/work/key/key/key.core/../key.ui/examples/standard_key/java_dl/switch/large_switch.key 
56934      DEBUG main            d.u.i.k.p.i.AbstractProblemLoader Environment load took 196.51ns 
56935      INFO  main            d.u.i.k.p.i.AbstractProblemLoader Creating init config 
59545      DEBUG main            d.u.i.k.p.i.AbstractProblemLoader Init config took 2.61s 
59583      INFO  main            d.u.i.k.p.i.AbstractProblemLoader Replaying proof LargeSwitch[LargeSwitch::m(int)].JML normal_behavior operation contract.0 
59584      DEBUG main            d.u.i.k.p.i.IntermediateProofReplayer Proof replay took 6.6ns 
60892      INFO  main            d.u.i.k.p.r.p.TestFile    ... finished proof: closed. 
61149      INFO  main            d.u.i.k.p.i.AbstractProblemLoader Loading environment from /home/runner/work/key/key/key.core/../key.ui/examples/standard_key/java_dl/switch/large_switch.key.proof 
61149      DEBUG main            d.u.i.k.p.i.AbstractProblemLoader Environment load took 346.5ns 
61151      INFO  main            d.u.i.k.p.i.AbstractProblemLoader Creating init config 
63679      DEBUG main            d.u.i.k.p.i.AbstractProblemLoader Init config took 2.53s 
63722      INFO  main            d.u.i.k.p.i.AbstractProblemLoader Replaying proof LargeSwitch[LargeSwitch::m(int)].JML normal_behavior operation contract.0 
64012      DEBUG main            d.u.i.k.p.i.IntermediateProofReplayer Proof replay took 274.21ms 
64014      DEBUG main            d.u.i.k.p.r.p.TestFile    ... success: reloaded. 
5142744    INFO  Test worker     d.u.i.k.p.r.RunAllProofsTestUnit Returning from test switch 
5142745    INFO  Test worker     d.u.i.k.p.r.RunAllProofsTestUnit Running test redux 
345        INFO  Timeout watchdog d.u.i.k.p.r.p.ForkedTestFileRunner Timeout watcher launched (2000 secs.) 
348        WARN  main            d.u.i.k.s.ProofSettings   The settings in /home/runner/.key/proof-settings.props are *not* read. 
397        INFO  main            d.u.i.k.p.r.p.TestFile    Now processing file /home/runner/work/key/key/key.core/../key.ui/examples/redux/arrays/Arrays.copyOf.key 
521        INFO  main            d.u.i.k.p.i.AbstractProblemLoader Loading environment from /home/runner/work/key/key/key.core/../key.ui/examples/redux/arrays/Arrays.copyOf.key 
545        DEBUG main            d.u.i.k.p.i.AbstractProblemLoader Environment load took 1.78ms 
798        INFO  main            d.u.i.k.p.i.AbstractProblemLoader Creating init config 
1764       DEBUG main            d.u.i.k.j.TypeConverter   No LDT found for Meta 
1764       DEBUG main            d.u.i.k.j.TypeConverter   No LDT found for Meta 
1767       DEBUG main            d.u.i.k.j.TypeConverter   No LDT found for Meta 
1767       DEBUG main            d.u.i.k.j.TypeConverter   No LDT found for Meta 
3247       DEBUG main            d.u.i.k.j.TypeConverter   No LDT found for JavaBigintExpression 
8743       DEBUG main            d.u.i.k.p.i.AbstractProblemLoader Init config took 7.94s 
8862       INFO  main            d.u.i.k.p.i.AbstractProblemLoader Replaying proof Arrays[Arrays::copyOf([I,int)].JML normal_behavior operation contract.0 
8895       DEBUG main            d.u.i.k.p.i.IntermediateProofReplayer Proof replay took 33ns 
14028      INFO  main            d.u.i.k.p.r.p.TestFile    ... finished proof: closed. 
14200      INFO  main            d.u.i.k.p.i.AbstractProblemLoader Loading environment from /home/runner/work/key/key/key.core/../key.ui/examples/redux/arrays/Arrays.copyOf.key.proof 
14202      DEBUG main            d.u.i.k.p.i.AbstractProblemLoader Environment load took 2ms 
14205      INFO  main            d.u.i.k.p.i.AbstractProblemLoader Creating init config 
17446      DEBUG main            d.u.i.k.p.i.AbstractProblemLoader Init config took 3.24s 
17514      INFO  main            d.u.i.k.p.i.AbstractProblemLoader Replaying proof Arrays[Arrays::copyOf([I,int)].JML normal_behavior operation contract.0 
17952      DEBUG main            d.u.i.k.p.i.IntermediateProofReplayer Proof replay took 418.03ms 
17960      DEBUG main            d.u.i.k.p.r.p.TestFile    ... success: reloaded. 
17965      INFO  main            d.u.i.k.p.r.p.TestFile    Now processing file /home/runner/work/key/key/key.core/../key.ui/examples/redux/arrays/Arrays.copyOf.float.key 
17966      INFO  main            d.u.i.k.p.i.AbstractProblemLoader Loading environment from /home/runner/work/key/key/key.core/../key.ui/examples/redux/arrays/Arrays.copyOf.float.key 
17966      DEBUG main            d.u.i.k.p.i.AbstractProblemLoader Environment load took 197.91ns 
17969      INFO  main            d.u.i.k.p.i.AbstractProblemLoader Creating init config 
21261      DEBUG main            d.u.i.k.p.i.AbstractProblemLoader Init config took 3.29s 
21330      INFO  main            d.u.i.k.p.i.AbstractProblemLoader Replaying proof Arrays[Arrays::copyOf([F,int)].JML normal_behavior operation contract.0 
21334      DEBUG main            d.u.i.k.p.i.IntermediateProofReplayer Proof replay took 6.8ns 
21368      DEBUG main            d.u.i.k.m.s.ProofScriptEngine [1] goal: 0, source line: 6, command: 'macro autopilot' 
25839      DEBUG main            d.u.i.k.m.s.ProofScriptEngine [2] goal: 17, source line: 7, command: 'smt solver=Z3' 
25912      INFO  main            d.u.i.k.m.s.SMTCommand    Finished run on goal 17 in 47ms, result is valid 
25913      DEBUG main            d.u.i.k.m.s.ProofScriptEngine [3] goal: 309, source line: 8, command: 'tryclose' 
27536      INFO  main            d.u.i.k.p.r.p.TestFile    ... finished proof: closed. 
27761      INFO  main            d.u.i.k.p.i.AbstractProblemLoader Loading environment from /home/runner/work/key/key/key.core/../key.ui/examples/redux/arrays/Arrays.copyOf.float.key.proof 
27761      DEBUG main            d.u.i.k.p.i.AbstractProblemLoader Environment load took 384.21ns 
27765      INFO  main            d.u.i.k.p.i.AbstractProblemLoader Creating init config 
30824      DEBUG main            d.u.i.k.p.i.AbstractProblemLoader Init config took 3.06s 
30876      INFO  main            d.u.i.k.p.i.AbstractProblemLoader Replaying proof Arrays[Arrays::copyOf([F,int)].JML normal_behavior operation contract.0 
30945      INFO  main            d.u.i.k.s.SMTFocusResults Analyzing unsat core: (L_6) 
31438      DEBUG main            d.u.i.k.p.i.IntermediateProofReplayer Proof replay took 542.75ms 
31440      DEBUG main            d.u.i.k.p.r.p.TestFile    ... success: reloaded. 
31442      INFO  main            d.u.i.k.p.r.p.TestFile    Now processing file /home/runner/work/key/key/key.core/../key.ui/examples/redux/arrays/Arrays.copyOfRange.key 
31442      INFO  main            d.u.i.k.p.i.AbstractProblemLoader Loading environment from /home/runner/work/key/key/key.core/../key.ui/examples/redux/arrays/Arrays.copyOfRange.key 
31442      DEBUG main            d.u.i.k.p.i.AbstractProblemLoader Environment load took 185.1ns 
31443      INFO  main            d.u.i.k.p.i.AbstractProblemLoader Creating init config 
34484      DEBUG main            d.u.i.k.p.i.AbstractProblemLoader Init config took 3.04s 
34529      INFO  main            d.u.i.k.p.i.AbstractProblemLoader Replaying proof Arrays[Arrays::copyOfRange([I,int,int)].JML normal_behavior operation contract.0 
34531      DEBUG main            d.u.i.k.p.i.IntermediateProofReplayer Proof replay took 5.5ns 
38855      INFO  main            d.u.i.k.p.r.p.TestFile    ... finished proof: closed. 
39124      INFO  main            d.u.i.k.p.i.AbstractProblemLoader Loading environment from /home/runner/work/key/key/key.core/../key.ui/examples/redux/arrays/Arrays.copyOfRange.key.proof 
39124      DEBUG main            d.u.i.k.p.i.AbstractProblemLoader Environment load took 366.71ns 
39127      INFO  main            d.u.i.k.p.i.AbstractProblemLoader Creating init config 
42069      DEBUG main            d.u.i.k.p.i.AbstractProblemLoader Init config took 2.94s 
42126      INFO  main            d.u.i.k.p.i.AbstractProblemLoader Replaying proof Arrays[Arrays::copyOfRange([I,int,int)].JML normal_behavior operation contract.0 
42512      DEBUG main            d.u.i.k.p.i.IntermediateProofReplayer Proof replay took 365.08ms 
42514      DEBUG main            d.u.i.k.p.r.p.TestFile    ... success: reloaded. 
42515      INFO  main            d.u.i.k.p.r.p.TestFile    Now processing file /home/runner/work/key/key/key.core/../key.ui/examples/redux/arrays/Arrays.copyOfRange.float.key 
42515      INFO  main            d.u.i.k.p.i.AbstractProblemLoader Loading environment from /home/runner/work/key/key/key.core/../key.ui/examples/redux/arrays/Arrays.copyOfRange.float.key 
42515      DEBUG main            d.u.i.k.p.i.AbstractProblemLoader Environment load took 175.5ns 
42517      INFO  main            d.u.i.k.p.i.AbstractProblemLoader Creating init config 
45476      DEBUG main            d.u.i.k.p.i.AbstractProblemLoader Init config took 2.96s 
45520      INFO  main            d.u.i.k.p.i.AbstractProblemLoader Replaying proof Arrays[Arrays::copyOfRange([F,int,int)].JML normal_behavior operation contract.0 
45522      DEBUG main            d.u.i.k.p.i.IntermediateProofReplayer Proof replay took 5.4ns 
45522      DEBUG main            d.u.i.k.m.s.ProofScriptEngine [1] goal: 0, source line: 6, command: 'macro autopilot' 
51107      DEBUG main            d.u.i.k.m.s.ProofScriptEngine [2] goal: 27, source line: 7, command: 'smt solver=Z3' 
51147      INFO  main            d.u.i.k.m.s.SMTCommand    Finished run on goal 27 in 37ms, result is valid 
51147      DEBUG main            d.u.i.k.m.s.ProofScriptEngine [3] goal: 375, source line: 8, command: 'tryclose' 
54297      INFO  main            d.u.i.k.p.r.p.TestFile    ... finished proof: closed. 
54502      INFO  main            d.u.i.k.p.i.AbstractProblemLoader Loading environment from /home/runner/work/key/key/key.core/../key.ui/examples/redux/arrays/Arrays.copyOfRange.float.key.proof 
54502      DEBUG main            d.u.i.k.p.i.AbstractProblemLoader Environment load took 200.3ns 
54505      INFO  main            d.u.i.k.p.i.AbstractProblemLoader Creating init config 
57482      DEBUG main            d.u.i.k.p.i.AbstractProblemLoader Init config took 2.98s 
57524      INFO  main            d.u.i.k.p.i.AbstractProblemLoader Replaying proof Arrays[Arrays::copyOfRange([F,int,int)].JML normal_behavior operation contract.0 
57610      INFO  main            d.u.i.k.s.SMTFocusResults Analyzing unsat core: (L_8) 
58226      DEBUG main            d.u.i.k.p.i.IntermediateProofReplayer Proof replay took 679.71ms 
58228      DEBUG main            d.u.i.k.p.r.p.TestFile    ... success: reloaded. 
58229      INFO  main            d.u.i.k.p.r.p.TestFile    Now processing file /home/runner/work/key/key/key.core/../key.ui/examples/redux/arrays/Arrays.equals.key 
58230      INFO  main            d.u.i.k.p.i.AbstractProblemLoader Loading environment from /home/runner/work/key/key/key.core/../key.ui/examples/redux/arrays/Arrays.equals.key 
58230      DEBUG main            d.u.i.k.p.i.AbstractProblemLoader Environment load took 182.4ns 
58231      INFO  main            d.u.i.k.p.i.AbstractProblemLoader Creating init config 
61287      DEBUG main            d.u.i.k.p.i.AbstractProblemLoader Init config took 3.06s 
61329      INFO  main            d.u.i.k.p.i.AbstractProblemLoader Replaying proof Arrays[Arrays::equals([B,[B)].JML normal_behavior operation contract.0 
61331      DEBUG main            d.u.i.k.p.i.IntermediateProofReplayer Proof replay took 6.4ns 
61834      INFO  main            d.u.i.k.p.r.p.TestFile    ... finished proof: closed. 
62077      INFO  main            d.u.i.k.p.i.AbstractProblemLoader Loading environment from /home/runner/work/key/key/key.core/../key.ui/examples/redux/arrays/Arrays.equals.key.proof 
62077      DEBUG main            d.u.i.k.p.i.AbstractProblemLoader Environment load took 365ns 
62078      INFO  main            d.u.i.k.p.i.AbstractProblemLoader Creating init config 
65011      DEBUG main            d.u.i.k.p.i.AbstractProblemLoader Init config took 2.93s 
65053      INFO  main            d.u.i.k.p.i.AbstractProblemLoader Replaying proof Arrays[Arrays::equals([B,[B)].JML normal_behavior operation contract.0 
65159      DEBUG main            d.u.i.k.p.i.IntermediateProofReplayer Proof replay took 102.52ms 
65160      DEBUG main            d.u.i.k.p.r.p.TestFile    ... success: reloaded. 
65161      INFO  main            d.u.i.k.p.r.p.TestFile    Now processing file /home/runner/work/key/key/key.core/../key.ui/examples/redux/arrays/Arrays.fill.key 
65161      INFO  main            d.u.i.k.p.i.AbstractProblemLoader Loading environment from /home/runner/work/key/key/key.core/../key.ui/examples/redux/arrays/Arrays.fill.key 
65161      DEBUG main            d.u.i.k.p.i.AbstractProblemLoader Environment load took 177.3ns 
65162      INFO  main            d.u.i.k.p.i.AbstractProblemLoader Creating init config 
68112      DEBUG main            d.u.i.k.p.i.AbstractProblemLoader Init config took 2.95s 
68155      INFO  main            d.u.i.k.p.i.AbstractProblemLoader Replaying proof Arrays[Arrays::fill([I,int)].JML normal_behavior operation contract.0 
68156      DEBUG main            d.u.i.k.p.i.IntermediateProofReplayer Proof replay took 6.8ns 
68358      INFO  main            d.u.i.k.p.r.p.TestFile    ... finished proof: closed. 
68540      INFO  main            d.u.i.k.p.i.AbstractProblemLoader Loading environment from /home/runner/work/key/key/key.core/../key.ui/examples/redux/arrays/Arrays.fill.key.proof 
68540      DEBUG main            d.u.i.k.p.i.AbstractProblemLoader Environment load took 122.2ns 
68541      INFO  main            d.u.i.k.p.i.AbstractProblemLoader Creating init config 
71488      DEBUG main            d.u.i.k.p.i.AbstractProblemLoader Init config took 2.95s 
71527      INFO  main            d.u.i.k.p.i.AbstractProblemLoader Replaying proof Arrays[Arrays::fill([I,int)].JML normal_behavior operation contract.0 
71551      DEBUG main            d.u.i.k.p.i.IntermediateProofReplayer Proof replay took 21.72ms 
71551      DEBUG main            d.u.i.k.p.r.p.TestFile    ... success: reloaded. 
71552      INFO  main            d.u.i.k.p.r.p.TestFile    Now processing file /home/runner/work/key/key/key.core/../key.ui/examples/redux/arrays/Arrays.fill.float.key 
71552      INFO  main            d.u.i.k.p.i.AbstractProblemLoader Loading environment from /home/runner/work/key/key/key.core/../key.ui/examples/redux/arrays/Arrays.fill.float.key 
71553      DEBUG main            d.u.i.k.p.i.AbstractProblemLoader Environment load took 94.8ns 
71553      INFO  main            d.u.i.k.p.i.AbstractProblemLoader Creating init config 
74491      DEBUG main            d.u.i.k.p.i.AbstractProblemLoader Init config took 2.94s 
74529      INFO  main            d.u.i.k.p.i.AbstractProblemLoader Replaying proof Arrays[Arrays::fill([F,float)].JML normal_behavior operation contract.0 
74530      DEBUG main            d.u.i.k.p.i.IntermediateProofReplayer Proof replay took 6.3ns 
74734      INFO  main            d.u.i.k.p.r.p.TestFile    ... finished proof: closed. 
74930      INFO  main            d.u.i.k.p.i.AbstractProblemLoader Loading environment from /home/runner/work/key/key/key.core/../key.ui/examples/redux/arrays/Arrays.fill.float.key.proof 
74930      DEBUG main            d.u.i.k.p.i.AbstractProblemLoader Environment load took 144.7ns 
74931      INFO  main            d.u.i.k.p.i.AbstractProblemLoader Creating init config 
77838      DEBUG main            d.u.i.k.p.i.AbstractProblemLoader Init config took 2.91s 
77893      INFO  main            d.u.i.k.p.i.AbstractProblemLoader Replaying proof Arrays[Arrays::fill([F,float)].JML normal_behavior operation contract.0 
77925      DEBUG main            d.u.i.k.p.i.IntermediateProofReplayer Proof replay took 29.58ms 
77926      DEBUG main            d.u.i.k.p.r.p.TestFile    ... success: reloaded. 
77927      INFO  main            d.u.i.k.p.r.p.TestFile    Now processing file /home/runner/work/key/key/key.core/../key.ui/examples/redux/arrays/Arrays.fillFromTo.key 
77927      INFO  main            d.u.i.k.p.i.AbstractProblemLoader Loading environment from /home/runner/work/key/key/key.core/../key.ui/examples/redux/arrays/Arrays.fillFromTo.key 
77928      DEBUG main            d.u.i.k.p.i.AbstractProblemLoader Environment load took 168.5ns 
77929      INFO  main            d.u.i.k.p.i.AbstractProblemLoader Creating init config 
80866      DEBUG main            d.u.i.k.p.i.AbstractProblemLoader Init config took 2.94s 
80903      INFO  main            d.u.i.k.p.i.AbstractProblemLoader Replaying proof Arrays[Arrays::fill([I,int,int,int)].JML normal_behavior operation contract.0 
80904      DEBUG main            d.u.i.k.p.i.IntermediateProofReplayer Proof replay took 6.8ns 
81411      INFO  main            d.u.i.k.p.r.p.TestFile    ... finished proof: closed. 
81619      INFO  main            d.u.i.k.p.i.AbstractProblemLoader Loading environment from /home/runner/work/key/key/key.core/../key.ui/examples/redux/arrays/Arrays.fillFromTo.key.proof 
81619      DEBUG main            d.u.i.k.p.i.AbstractProblemLoader Environment load took 361.61ns 
81620      INFO  main            d.u.i.k.p.i.AbstractProblemLoader Creating init config 
84486      DEBUG main            d.u.i.k.p.i.AbstractProblemLoader Init config took 2.87s 
84534      INFO  main            d.u.i.k.p.i.AbstractProblemLoader Replaying proof Arrays[Arrays::fill([I,int,int,int)].JML normal_behavior operation contract.0 
84609      DEBUG main            d.u.i.k.p.i.IntermediateProofReplayer Proof replay took 71.57ms 
84611      DEBUG main            d.u.i.k.p.r.p.TestFile    ... success: reloaded. 
84611      INFO  main            d.u.i.k.p.r.p.TestFile    Now processing file /home/runner/work/key/key/key.core/../key.ui/examples/redux/arrays/Arrays.fillFromTo.float.key 
84612      INFO  main            d.u.i.k.p.i.AbstractProblemLoader Loading environment from /home/runner/work/key/key/key.core/../key.ui/examples/redux/arrays/Arrays.fillFromTo.float.key 
84612      DEBUG main            d.u.i.k.p.i.AbstractProblemLoader Environment load took 170.3ns 
84613      INFO  main            d.u.i.k.p.i.AbstractProblemLoader Creating init config 
87574      DEBUG main            d.u.i.k.p.i.AbstractProblemLoader Init config took 2.96s 
87611      INFO  main            d.u.i.k.p.i.AbstractProblemLoader Replaying proof Arrays[Arrays::fill([F,int,int,float)].JML normal_behavior operation contract.0 
87612      DEBUG main            d.u.i.k.p.i.IntermediateProofReplayer Proof replay took 6.2ns 
88219      INFO  main            d.u.i.k.p.r.p.TestFile    ... finished proof: closed. 
88443      INFO  main            d.u.i.k.p.i.AbstractProblemLoader Loading environment from /home/runner/work/key/key/key.core/../key.ui/examples/redux/arrays/Arrays.fillFromTo.float.key.proof 
88443      DEBUG main            d.u.i.k.p.i.AbstractProblemLoader Environment load took 351.7ns 
88444      INFO  main            d.u.i.k.p.i.AbstractProblemLoader Creating init config 
91356      DEBUG main            d.u.i.k.p.i.AbstractProblemLoader Init config took 2.91s 
91393      INFO  main            d.u.i.k.p.i.AbstractProblemLoader Replaying proof Arrays[Arrays::fill([F,int,int,float)].JML normal_behavior operation contract.0 
91488      DEBUG main            d.u.i.k.p.i.IntermediateProofReplayer Proof replay took 90.77ms 
91490      DEBUG main            d.u.i.k.p.r.p.TestFile    ... success: reloaded. 
91490      INFO  main            d.u.i.k.p.r.p.TestFile    Now processing file /home/runner/work/key/key/key.core/../key.ui/examples/redux/arrays/ArrayCopy.arraycopy.normal.0.key 
91491      INFO  main            d.u.i.k.p.i.AbstractProblemLoader Loading environment from /home/runner/work/key/key/key.core/../key.ui/examples/redux/arrays/ArrayCopy.arraycopy.normal.0.key 
91491      DEBUG main            d.u.i.k.p.i.AbstractProblemLoader Environment load took 176ns 
91492      INFO  main            d.u.i.k.p.i.AbstractProblemLoader Creating init config 
94373      DEBUG main            d.u.i.k.p.i.AbstractProblemLoader Init config took 2.88s 
94408      INFO  main            d.u.i.k.p.i.AbstractProblemLoader Replaying proof ArrayCopy[ArrayCopy::arraycopy(java.lang.Object,int,java.lang.Object,int,int)].JML normal_behavior operation contract.0 
94410      DEBUG main            d.u.i.k.p.i.IntermediateProofReplayer Proof replay took 6.4ns 
100171     INFO  main            d.u.i.k.p.r.p.TestFile    ... finished proof: closed. 
100453     INFO  main            d.u.i.k.p.i.AbstractProblemLoader Loading environment from /home/runner/work/key/key/key.core/../key.ui/examples/redux/arrays/ArrayCopy.arraycopy.normal.0.key.proof 
100453     DEBUG main            d.u.i.k.p.i.AbstractProblemLoader Environment load took 342.3ns 
100455     INFO  main            d.u.i.k.p.i.AbstractProblemLoader Creating init config 
103317     DEBUG main            d.u.i.k.p.i.AbstractProblemLoader Init config took 2.86s 
103352     INFO  main            d.u.i.k.p.i.AbstractProblemLoader Replaying proof ArrayCopy[ArrayCopy::arraycopy(java.lang.Object,int,java.lang.Object,int,int)].JML normal_behavior operation contract.0 
103991     DEBUG main            d.u.i.k.p.i.IntermediateProofReplayer Proof replay took 624.36ms 
103993     DEBUG main            d.u.i.k.p.r.p.TestFile    ... success: reloaded. 
103993     INFO  main            d.u.i.k.p.r.p.TestFile    Now processing file /home/runner/work/key/key/key.core/../key.ui/examples/redux/arrays/ArrayCopy.arraycopy.exceptional.0.key 
103994     INFO  main            d.u.i.k.p.i.AbstractProblemLoader Loading environment from /home/runner/work/key/key/key.core/../key.ui/examples/redux/arrays/ArrayCopy.arraycopy.exceptional.0.key 
103994     DEBUG main            d.u.i.k.p.i.AbstractProblemLoader Environment load took 177.3ns 
103995     INFO  main            d.u.i.k.p.i.AbstractProblemLoader Creating init config 
106881     DEBUG main            d.u.i.k.p.i.AbstractProblemLoader Init config took 2.89s 
106916     INFO  main            d.u.i.k.p.i.AbstractProblemLoader Replaying proof ArrayCopy[ArrayCopy::arraycopy(java.lang.Object,int,java.lang.Object,int,int)].JML exceptional_behavior operation contract.0 
106918     DEBUG main            d.u.i.k.p.i.IntermediateProofReplayer Proof replay took 6.8ns 
107322     INFO  main            d.u.i.k.p.r.p.TestFile    ... finished proof: closed. 
107511     INFO  main            d.u.i.k.p.i.AbstractProblemLoader Loading environment from /home/runner/work/key/key/key.core/../key.ui/examples/redux/arrays/ArrayCopy.arraycopy.exceptional.0.key.proof 
107511     DEBUG main            d.u.i.k.p.i.AbstractProblemLoader Environment load took 124.4ns 
107513     INFO  main            d.u.i.k.p.i.AbstractProblemLoader Creating init config 
110371     DEBUG main            d.u.i.k.p.i.AbstractProblemLoader Init config took 2.86s 
110405     INFO  main            d.u.i.k.p.i.AbstractProblemLoader Replaying proof ArrayCopy[ArrayCopy::arraycopy(java.lang.Object,int,java.lang.Object,int,int)].JML exceptional_behavior operation contract.0 
110498     DEBUG main            d.u.i.k.p.i.IntermediateProofReplayer Proof replay took 90.93ms 
110500     DEBUG main            d.u.i.k.p.r.p.TestFile    ... success: reloaded. 
110500     INFO  main            d.u.i.k.p.r.p.TestFile    Now processing file /home/runner/work/key/key/key.core/../key.ui/examples/redux/arrays/ArrayCopy.arraycopy.exceptional.1.key 
110501     INFO  main            d.u.i.k.p.i.AbstractProblemLoader Loading environment from /home/runner/work/key/key/key.core/../key.ui/examples/redux/arrays/ArrayCopy.arraycopy.exceptional.1.key 
110501     DEBUG main            d.u.i.k.p.i.AbstractProblemLoader Environment load took 180.3ns 
110502     INFO  main            d.u.i.k.p.i.AbstractProblemLoader Creating init config 
113466     DEBUG main            d.u.i.k.p.i.AbstractProblemLoader Init config took 2.96s 
113501     INFO  main            d.u.i.k.p.i.AbstractProblemLoader Replaying proof ArrayCopy[ArrayCopy::arraycopy(java.lang.Object,int,java.lang.Object,int,int)].JML exceptional_behavior operation contract.1 
113502     DEBUG main            d.u.i.k.p.i.IntermediateProofReplayer Proof replay took 5.8ns 
119256     INFO  main            d.u.i.k.p.r.p.TestFile    ... finished proof: closed. 
119491     INFO  main            d.u.i.k.p.i.AbstractProblemLoader Loading environment from /home/runner/work/key/key/key.core/../key.ui/examples/redux/arrays/ArrayCopy.arraycopy.exceptional.1.key.proof 
119491     DEBUG main            d.u.i.k.p.i.AbstractProblemLoader Environment load took 138.6ns 
119493     INFO  main            d.u.i.k.p.i.AbstractProblemLoader Creating init config 
122328     DEBUG main            d.u.i.k.p.i.AbstractProblemLoader Init config took 2.84s 
122369     INFO  main            d.u.i.k.p.i.AbstractProblemLoader Replaying proof ArrayCopy[ArrayCopy::arraycopy(java.lang.Object,int,java.lang.Object,int,int)].JML exceptional_behavior operation contract.1 
123573     DEBUG main            d.u.i.k.p.i.IntermediateProofReplayer Proof replay took 1.19s 
123575     DEBUG main            d.u.i.k.p.r.p.TestFile    ... success: reloaded. 
5266483    INFO  Test worker     d.u.i.k.p.r.RunAllProofsTestUnit Returning from test redux 
]]></system-out>
  <system-err><![CDATA[]]></system-err>
</testsuite>
