<?xml version="1.0" encoding="UTF-8"?>
<testsuite name="de.uka.ilkd.key.speclang.jml.TestJMLTranslator" tests="25" skipped="0" failures="1" errors="0" timestamp="2023-03-10T14:54:38" hostname="fv-az1025-473" time="2.929">
  <properties/>
  <testcase name="testSimpleQuery()" classname="de.uka.ilkd.key.speclang.jml.TestJMLTranslator" time="2.803"/>
  <testcase name="testTrueTerm()" classname="de.uka.ilkd.key.speclang.jml.TestJMLTranslator" time="0.0"/>
  <testcase name="testOld()" classname="de.uka.ilkd.key.speclang.jml.TestJMLTranslator" time="0.002"/>
  <testcase name="testHexLiteral()" classname="de.uka.ilkd.key.speclang.jml.TestJMLTranslator" time="0.001"/>
  <testcase name="testForEx()" classname="de.uka.ilkd.key.speclang.jml.TestJMLTranslator" time="0.008"/>
  <testcase name="testResultVar()" classname="de.uka.ilkd.key.speclang.jml.TestJMLTranslator" time="0.001"/>
  <testcase name="testSumParsing()" classname="de.uka.ilkd.key.speclang.jml.TestJMLTranslator" time="0.012"/>
  <testcase name="testBsumInt()" classname="de.uka.ilkd.key.speclang.jml.TestJMLTranslator" time="0.006"/>
  <testcase name="testNonNullElements()" classname="de.uka.ilkd.key.speclang.jml.TestJMLTranslator" time="0.003"/>
  <testcase name="testInfiniteUnion()" classname="de.uka.ilkd.key.speclang.jml.TestJMLTranslator" time="0.006">
    <failure message="java.lang.IllegalArgumentException" type="java.lang.IllegalArgumentException">java.lang.IllegalArgumentException
	at de.uka.ilkd.key.java.Position.&lt;init&gt;(Position.java:46)
	at de.uka.ilkd.key.java.Position.newOneZeroBased(Position.java:60)
	at de.uka.ilkd.key.speclang.translation.SLExceptionFactory.createAbsolutePosition(SLExceptionFactory.java:75)
	at de.uka.ilkd.key.speclang.translation.SLExceptionFactory.createPositionedString(SLExceptionFactory.java:141)
	at de.uka.ilkd.key.speclang.translation.SLExceptionFactory.addWarning(SLExceptionFactory.java:131)
	at de.uka.ilkd.key.speclang.njml.Translator.addWarning(Translator.java:2495)
	at de.uka.ilkd.key.speclang.njml.Translator.visitPrimaryUnionInf(Translator.java:1541)
	at de.uka.ilkd.key.speclang.njml.JmlParser$PrimaryUnionInfContext.accept(JmlParser.java:10166)
	at org.antlr.v4.runtime.tree.AbstractParseTreeVisitor.visitChildren(AbstractParseTreeVisitor.java:46)
	at de.uka.ilkd.key.speclang.njml.JmlParserBaseVisitor.visitPrimaryexpr(JmlParserBaseVisitor.java:723)
	at de.uka.ilkd.key.speclang.njml.JmlParser$PrimaryexprContext.accept(JmlParser.java:8298)
	at de.uka.ilkd.key.speclang.njml.Translator.accept(Translator.java:137)
	at de.uka.ilkd.key.speclang.njml.Translator.visitPostfixexpr(Translator.java:832)
	at de.uka.ilkd.key.speclang.njml.Translator.visitPostfixexpr(Translator.java:73)
	at de.uka.ilkd.key.speclang.njml.JmlParser$PostfixexprContext.accept(JmlParser.java:8215)
	at de.uka.ilkd.key.speclang.njml.Translator.accept(Translator.java:137)
	at de.uka.ilkd.key.speclang.njml.Translator.visitUnaryexprnotplusminus(Translator.java:818)
	at de.uka.ilkd.key.speclang.njml.JmlParser$UnaryexprnotplusminusContext.accept(JmlParser.java:8047)
	at de.uka.ilkd.key.speclang.njml.Translator.accept(Translator.java:137)
	at de.uka.ilkd.key.speclang.njml.Translator.oneOf(Translator.java:156)
	at de.uka.ilkd.key.speclang.njml.Translator.visitUnaryexpr(Translator.java:780)
	at de.uka.ilkd.key.speclang.njml.Translator.visitUnaryexpr(Translator.java:73)
	at de.uka.ilkd.key.speclang.njml.JmlParser$UnaryexprContext.accept(JmlParser.java:7905)
	at de.uka.ilkd.key.speclang.njml.Translator.accept(Translator.java:137)
	at de.uka.ilkd.key.speclang.njml.Translator.lambda$mapOf$0(Translator.java:142)
	at java.base/java.util.stream.ReferencePipeline$3$1.accept(ReferencePipeline.java:195)
	at java.base/java.util.ArrayList$ArrayListSpliterator.forEachRemaining(ArrayList.java:1655)
	at java.base/java.util.stream.AbstractPipeline.copyInto(AbstractPipeline.java:484)
	at java.base/java.util.stream.AbstractPipeline.wrapAndCopyInto(AbstractPipeline.java:474)
	at java.base/java.util.stream.ReduceOps$ReduceOp.evaluateSequential(ReduceOps.java:913)
	at java.base/java.util.stream.AbstractPipeline.evaluate(AbstractPipeline.java:234)
	at java.base/java.util.stream.ReferencePipeline.collect(ReferencePipeline.java:578)
	at de.uka.ilkd.key.speclang.njml.Translator.mapOf(Translator.java:142)
	at de.uka.ilkd.key.speclang.njml.Translator.visitMultexpr(Translator.java:717)
	at de.uka.ilkd.key.speclang.njml.JmlParser$MultexprContext.accept(JmlParser.java:7825)
	at de.uka.ilkd.key.speclang.njml.Translator.accept(Translator.java:137)
	at de.uka.ilkd.key.speclang.njml.Translator.lambda$mapOf$0(Translator.java:142)
	at java.base/java.util.stream.ReferencePipeline$3$1.accept(ReferencePipeline.java:195)
	at java.base/java.util.ArrayList$ArrayListSpliterator.forEachRemaining(ArrayList.java:1655)
	at java.base/java.util.stream.AbstractPipeline.copyInto(AbstractPipeline.java:484)
	at java.base/java.util.stream.AbstractPipeline.wrapAndCopyInto(AbstractPipeline.java:474)
	at java.base/java.util.stream.ReduceOps$ReduceOp.evaluateSequential(ReduceOps.java:913)
	at java.base/java.util.stream.AbstractPipeline.evaluate(AbstractPipeline.java:234)
	at java.base/java.util.stream.ReferencePipeline.collect(ReferencePipeline.java:578)
	at de.uka.ilkd.key.speclang.njml.Translator.mapOf(Translator.java:142)
	at de.uka.ilkd.key.speclang.njml.Translator.visitAdditiveexpr(Translator.java:700)
	at de.uka.ilkd.key.speclang.njml.JmlParser$AdditiveexprContext.accept(JmlParser.java:7734)
	at de.uka.ilkd.key.speclang.njml.Translator.accept(Translator.java:137)
	at de.uka.ilkd.key.speclang.njml.Translator.lambda$mapOf$0(Translator.java:142)
	at java.base/java.util.stream.ReferencePipeline$3$1.accept(ReferencePipeline.java:195)
	at java.base/java.util.ArrayList$ArrayListSpliterator.forEachRemaining(ArrayList.java:1655)
	at java.base/java.util.stream.AbstractPipeline.copyInto(AbstractPipeline.java:484)
	at java.base/java.util.stream.AbstractPipeline.wrapAndCopyInto(AbstractPipeline.java:474)
	at java.base/java.util.stream.ReduceOps$ReduceOp.evaluateSequential(ReduceOps.java:913)
	at java.base/java.util.stream.AbstractPipeline.evaluate(AbstractPipeline.java:234)
	at java.base/java.util.stream.ReferencePipeline.collect(ReferencePipeline.java:578)
	at de.uka.ilkd.key.speclang.njml.Translator.mapOf(Translator.java:142)
	at de.uka.ilkd.key.speclang.njml.Translator.visitShiftexpr(Translator.java:683)
	at de.uka.ilkd.key.speclang.njml.JmlParser$ShiftexprContext.accept(JmlParser.java:7648)
	at de.uka.ilkd.key.speclang.njml.Translator.accept(Translator.java:137)
	at de.uka.ilkd.key.speclang.njml.Translator.oneOf(Translator.java:156)
	at de.uka.ilkd.key.speclang.njml.Translator.visitRelationalexpr(Translator.java:480)
	at de.uka.ilkd.key.speclang.njml.JmlParser$RelationalexprContext.accept(JmlParser.java:7255)
	at de.uka.ilkd.key.speclang.njml.Translator.accept(Translator.java:137)
	at de.uka.ilkd.key.speclang.njml.Translator.lambda$mapOf$0(Translator.java:142)
	at java.base/java.util.stream.ReferencePipeline$3$1.accept(ReferencePipeline.java:195)
	at java.base/java.util.ArrayList$ArrayListSpliterator.forEachRemaining(ArrayList.java:1655)
	at java.base/java.util.stream.AbstractPipeline.copyInto(AbstractPipeline.java:484)
	at java.base/java.util.stream.AbstractPipeline.wrapAndCopyInto(AbstractPipeline.java:474)
	at java.base/java.util.stream.ReduceOps$ReduceOp.evaluateSequential(ReduceOps.java:913)
	at java.base/java.util.stream.AbstractPipeline.evaluate(AbstractPipeline.java:234)
	at java.base/java.util.stream.ReferencePipeline.collect(ReferencePipeline.java:578)
	at de.uka.ilkd.key.speclang.njml.Translator.mapOf(Translator.java:142)
	at de.uka.ilkd.key.speclang.njml.Translator.visitEqualityexpr(Translator.java:544)
	at de.uka.ilkd.key.speclang.njml.Translator.visitEqualityexpr(Translator.java:73)
	at de.uka.ilkd.key.speclang.njml.JmlParser$EqualityexprContext.accept(JmlParser.java:7182)
	at de.uka.ilkd.key.speclang.njml.Translator.accept(Translator.java:137)
	at de.uka.ilkd.key.speclang.njml.Translator.visitAndexpr(Translator.java:527)
	at de.uka.ilkd.key.speclang.njml.JmlParser$AndexprContext.accept(JmlParser.java:7114)
	at de.uka.ilkd.key.speclang.njml.Translator.accept(Translator.java:137)
	at de.uka.ilkd.key.speclang.njml.Translator.visitExclusiveorexpr(Translator.java:513)
	at de.uka.ilkd.key.speclang.njml.JmlParser$ExclusiveorexprContext.accept(JmlParser.java:7046)
	at de.uka.ilkd.key.speclang.njml.Translator.accept(Translator.java:137)
	at de.uka.ilkd.key.speclang.njml.Translator.visitInclusiveorexpr(Translator.java:499)
	at de.uka.ilkd.key.speclang.njml.JmlParser$InclusiveorexprContext.accept(JmlParser.java:6978)
	at de.uka.ilkd.key.speclang.njml.Translator.accept(Translator.java:137)
	at de.uka.ilkd.key.speclang.njml.Translator.visitLogicalandexpr(Translator.java:487)
	at de.uka.ilkd.key.speclang.njml.JmlParser$LogicalandexprContext.accept(JmlParser.java:6910)
	at de.uka.ilkd.key.speclang.njml.Translator.accept(Translator.java:137)
	at de.uka.ilkd.key.speclang.njml.Translator.visitLogicalorexpr(Translator.java:469)
	at de.uka.ilkd.key.speclang.njml.Translator.visitLogicalorexpr(Translator.java:73)
	at de.uka.ilkd.key.speclang.njml.JmlParser$LogicalorexprContext.accept(JmlParser.java:6842)
	at de.uka.ilkd.key.speclang.njml.Translator.accept(Translator.java:137)
	at de.uka.ilkd.key.speclang.njml.Translator.visitImpliesexpr(Translator.java:433)
	at de.uka.ilkd.key.speclang.njml.JmlParser$ImpliesexprContext.accept(JmlParser.java:6581)
	at de.uka.ilkd.key.speclang.njml.Translator.accept(Translator.java:137)
	at de.uka.ilkd.key.speclang.njml.Translator.lambda$mapOf$0(Translator.java:142)
	at java.base/java.util.stream.ReferencePipeline$3$1.accept(ReferencePipeline.java:195)
	at java.base/java.util.ArrayList$ArrayListSpliterator.forEachRemaining(ArrayList.java:1655)
	at java.base/java.util.stream.AbstractPipeline.copyInto(AbstractPipeline.java:484)
	at java.base/java.util.stream.AbstractPipeline.wrapAndCopyInto(AbstractPipeline.java:474)
	at java.base/java.util.stream.ReduceOps$ReduceOp.evaluateSequential(ReduceOps.java:913)
	at java.base/java.util.stream.AbstractPipeline.evaluate(AbstractPipeline.java:234)
	at java.base/java.util.stream.ReferencePipeline.collect(ReferencePipeline.java:578)
	at de.uka.ilkd.key.speclang.njml.Translator.mapOf(Translator.java:142)
	at de.uka.ilkd.key.speclang.njml.Translator.visitEquivalenceexpr(Translator.java:414)
	at de.uka.ilkd.key.speclang.njml.JmlParser$EquivalenceexprContext.accept(JmlParser.java:6505)
	at de.uka.ilkd.key.speclang.njml.Translator.accept(Translator.java:137)
	at de.uka.ilkd.key.speclang.njml.Translator.visitConditionalexpr(Translator.java:401)
	at de.uka.ilkd.key.speclang.njml.Translator.visitConditionalexpr(Translator.java:73)
	at de.uka.ilkd.key.speclang.njml.JmlParser$ConditionalexprContext.accept(JmlParser.java:6437)
	at de.uka.ilkd.key.speclang.njml.Translator.accept(Translator.java:137)
	at de.uka.ilkd.key.speclang.njml.Translator.visitExpression(Translator.java:391)
	at de.uka.ilkd.key.speclang.njml.Translator.visitExpression(Translator.java:73)
	at de.uka.ilkd.key.speclang.njml.JmlParser$ExpressionContext.accept(JmlParser.java:6385)
	at de.uka.ilkd.key.speclang.njml.JmlIO.interpret(JmlIO.java:176)
	at de.uka.ilkd.key.speclang.njml.JmlIO.parseExpression(JmlIO.java:251)
	at de.uka.ilkd.key.speclang.jml.TestJMLTranslator.testInfiniteUnion(TestJMLTranslator.java:228)
	at java.base/jdk.internal.reflect.NativeMethodAccessorImpl.invoke0(Native Method)
	at java.base/jdk.internal.reflect.NativeMethodAccessorImpl.invoke(NativeMethodAccessorImpl.java:62)
	at java.base/jdk.internal.reflect.DelegatingMethodAccessorImpl.invoke(DelegatingMethodAccessorImpl.java:43)
	at java.base/java.lang.reflect.Method.invoke(Method.java:566)
	at org.junit.platform.commons.util.ReflectionUtils.invokeMethod(ReflectionUtils.java:727)
	at org.junit.jupiter.engine.execution.MethodInvocation.proceed(MethodInvocation.java:60)
	at org.junit.jupiter.engine.execution.InvocationInterceptorChain$ValidatingInvocation.proceed(InvocationInterceptorChain.java:131)
	at org.junit.jupiter.engine.extension.TimeoutExtension.intercept(TimeoutExtension.java:156)
	at org.junit.jupiter.engine.extension.TimeoutExtension.interceptTestableMethod(TimeoutExtension.java:147)
	at org.junit.jupiter.engine.extension.TimeoutExtension.interceptTestMethod(TimeoutExtension.java:86)
	at org.junit.jupiter.engine.execution.InterceptingExecutableInvoker$ReflectiveInterceptorCall.lambda$ofVoidMethod$0(InterceptingExecutableInvoker.java:103)
	at org.junit.jupiter.engine.execution.InterceptingExecutableInvoker.lambda$invoke$0(InterceptingExecutableInvoker.java:93)
	at org.junit.jupiter.engine.execution.InvocationInterceptorChain$InterceptedInvocation.proceed(InvocationInterceptorChain.java:106)
	at org.junit.jupiter.engine.execution.InvocationInterceptorChain.proceed(InvocationInterceptorChain.java:64)
	at org.junit.jupiter.engine.execution.InvocationInterceptorChain.chainAndInvoke(InvocationInterceptorChain.java:45)
	at org.junit.jupiter.engine.execution.InvocationInterceptorChain.invoke(InvocationInterceptorChain.java:37)
	at org.junit.jupiter.engine.execution.InterceptingExecutableInvoker.invoke(InterceptingExecutableInvoker.java:92)
	at org.junit.jupiter.engine.execution.InterceptingExecutableInvoker.invoke(InterceptingExecutableInvoker.java:86)
	at org.junit.jupiter.engine.descriptor.TestMethodTestDescriptor.lambda$invokeTestMethod$7(TestMethodTestDescriptor.java:217)
	at org.junit.platform.engine.support.hierarchical.ThrowableCollector.execute(ThrowableCollector.java:73)
	at org.junit.jupiter.engine.descriptor.TestMethodTestDescriptor.invokeTestMethod(TestMethodTestDescriptor.java:213)
	at org.junit.jupiter.engine.descriptor.TestMethodTestDescriptor.execute(TestMethodTestDescriptor.java:138)
	at org.junit.jupiter.engine.descriptor.TestMethodTestDescriptor.execute(TestMethodTestDescriptor.java:68)
	at org.junit.platform.engine.support.hierarchical.NodeTestTask.lambda$executeRecursively$6(NodeTestTask.java:151)
	at org.junit.platform.engine.support.hierarchical.ThrowableCollector.execute(ThrowableCollector.java:73)
	at org.junit.platform.engine.support.hierarchical.NodeTestTask.lambda$executeRecursively$8(NodeTestTask.java:141)
	at org.junit.platform.engine.support.hierarchical.Node.around(Node.java:137)
	at org.junit.platform.engine.support.hierarchical.NodeTestTask.lambda$executeRecursively$9(NodeTestTask.java:139)
	at org.junit.platform.engine.support.hierarchical.ThrowableCollector.execute(ThrowableCollector.java:73)
	at org.junit.platform.engine.support.hierarchical.NodeTestTask.executeRecursively(NodeTestTask.java:138)
	at org.junit.platform.engine.support.hierarchical.NodeTestTask.execute(NodeTestTask.java:95)
	at java.base/java.util.ArrayList.forEach(ArrayList.java:1541)
	at org.junit.platform.engine.support.hierarchical.SameThreadHierarchicalTestExecutorService.invokeAll(SameThreadHierarchicalTestExecutorService.java:41)
	at org.junit.platform.engine.support.hierarchical.NodeTestTask.lambda$executeRecursively$6(NodeTestTask.java:155)
	at org.junit.platform.engine.support.hierarchical.ThrowableCollector.execute(ThrowableCollector.java:73)
	at org.junit.platform.engine.support.hierarchical.NodeTestTask.lambda$executeRecursively$8(NodeTestTask.java:141)
	at org.junit.platform.engine.support.hierarchical.Node.around(Node.java:137)
	at org.junit.platform.engine.support.hierarchical.NodeTestTask.lambda$executeRecursively$9(NodeTestTask.java:139)
	at org.junit.platform.engine.support.hierarchical.ThrowableCollector.execute(ThrowableCollector.java:73)
	at org.junit.platform.engine.support.hierarchical.NodeTestTask.executeRecursively(NodeTestTask.java:138)
	at org.junit.platform.engine.support.hierarchical.NodeTestTask.execute(NodeTestTask.java:95)
	at java.base/java.util.ArrayList.forEach(ArrayList.java:1541)
	at org.junit.platform.engine.support.hierarchical.SameThreadHierarchicalTestExecutorService.invokeAll(SameThreadHierarchicalTestExecutorService.java:41)
	at org.junit.platform.engine.support.hierarchical.NodeTestTask.lambda$executeRecursively$6(NodeTestTask.java:155)
	at org.junit.platform.engine.support.hierarchical.ThrowableCollector.execute(ThrowableCollector.java:73)
	at org.junit.platform.engine.support.hierarchical.NodeTestTask.lambda$executeRecursively$8(NodeTestTask.java:141)
	at org.junit.platform.engine.support.hierarchical.Node.around(Node.java:137)
	at org.junit.platform.engine.support.hierarchical.NodeTestTask.lambda$executeRecursively$9(NodeTestTask.java:139)
	at org.junit.platform.engine.support.hierarchical.ThrowableCollector.execute(ThrowableCollector.java:73)
	at org.junit.platform.engine.support.hierarchical.NodeTestTask.executeRecursively(NodeTestTask.java:138)
	at org.junit.platform.engine.support.hierarchical.NodeTestTask.execute(NodeTestTask.java:95)
	at org.junit.platform.engine.support.hierarchical.SameThreadHierarchicalTestExecutorService.submit(SameThreadHierarchicalTestExecutorService.java:35)
	at org.junit.platform.engine.support.hierarchical.HierarchicalTestExecutor.execute(HierarchicalTestExecutor.java:57)
	at org.junit.platform.engine.support.hierarchical.HierarchicalTestEngine.execute(HierarchicalTestEngine.java:54)
	at org.junit.platform.launcher.core.EngineExecutionOrchestrator.execute(EngineExecutionOrchestrator.java:107)
	at org.junit.platform.launcher.core.EngineExecutionOrchestrator.execute(EngineExecutionOrchestrator.java:88)
	at org.junit.platform.launcher.core.EngineExecutionOrchestrator.lambda$execute$0(EngineExecutionOrchestrator.java:54)
	at org.junit.platform.launcher.core.EngineExecutionOrchestrator.withInterceptedStreams(EngineExecutionOrchestrator.java:67)
	at org.junit.platform.launcher.core.EngineExecutionOrchestrator.execute(EngineExecutionOrchestrator.java:52)
	at org.junit.platform.launcher.core.DefaultLauncher.execute(DefaultLauncher.java:114)
	at org.junit.platform.launcher.core.DefaultLauncher.execute(DefaultLauncher.java:86)
	at org.junit.platform.launcher.core.DefaultLauncherSession$DelegatingLauncher.execute(DefaultLauncherSession.java:86)
	at org.junit.platform.launcher.core.SessionPerRequestLauncher.execute(SessionPerRequestLauncher.java:53)
	at org.gradle.api.internal.tasks.testing.junitplatform.JUnitPlatformTestClassProcessor$CollectAllTestClassesExecutor.processAllTestClasses(JUnitPlatformTestClassProcessor.java:99)
	at org.gradle.api.internal.tasks.testing.junitplatform.JUnitPlatformTestClassProcessor$CollectAllTestClassesExecutor.access$000(JUnitPlatformTestClassProcessor.java:79)
	at org.gradle.api.internal.tasks.testing.junitplatform.JUnitPlatformTestClassProcessor.stop(JUnitPlatformTestClassProcessor.java:75)
	at org.gradle.api.internal.tasks.testing.SuiteTestClassProcessor.stop(SuiteTestClassProcessor.java:62)
	at java.base/jdk.internal.reflect.NativeMethodAccessorImpl.invoke0(Native Method)
	at java.base/jdk.internal.reflect.NativeMethodAccessorImpl.invoke(NativeMethodAccessorImpl.java:62)
	at java.base/jdk.internal.reflect.DelegatingMethodAccessorImpl.invoke(DelegatingMethodAccessorImpl.java:43)
	at java.base/java.lang.reflect.Method.invoke(Method.java:566)
	at org.gradle.internal.dispatch.ReflectionDispatch.dispatch(ReflectionDispatch.java:36)
	at org.gradle.internal.dispatch.ReflectionDispatch.dispatch(ReflectionDispatch.java:24)
	at org.gradle.internal.dispatch.ContextClassLoaderDispatch.dispatch(ContextClassLoaderDispatch.java:33)
	at org.gradle.internal.dispatch.ProxyDispatchAdapter$DispatchingInvocationHandler.invoke(ProxyDispatchAdapter.java:94)
	at com.sun.proxy.$Proxy2.stop(Unknown Source)
	at org.gradle.api.internal.tasks.testing.worker.TestWorker$3.run(TestWorker.java:193)
	at org.gradle.api.internal.tasks.testing.worker.TestWorker.executeAndMaintainThreadName(TestWorker.java:129)
	at org.gradle.api.internal.tasks.testing.worker.TestWorker.execute(TestWorker.java:100)
	at org.gradle.api.internal.tasks.testing.worker.TestWorker.execute(TestWorker.java:60)
	at org.gradle.process.internal.worker.child.ActionExecutionWorker.execute(ActionExecutionWorker.java:56)
	at org.gradle.process.internal.worker.child.SystemApplicationClassLoaderWorker.call(SystemApplicationClassLoaderWorker.java:113)
	at org.gradle.process.internal.worker.child.SystemApplicationClassLoaderWorker.call(SystemApplicationClassLoaderWorker.java:65)
	at worker.org.gradle.process.internal.worker.GradleWorkerMain.run(GradleWorkerMain.java:69)
	at worker.org.gradle.process.internal.worker.GradleWorkerMain.main(GradleWorkerMain.java:74)
</failure>
  </testcase>
  <testcase name="testComplexExists()" classname="de.uka.ilkd.key.speclang.jml.TestJMLTranslator" time="0.023"/>
  <testcase name="testLogicalExpression()" classname="de.uka.ilkd.key.speclang.jml.TestJMLTranslator" time="0.004"/>
  <testcase name="testParenExpression()" classname="de.uka.ilkd.key.speclang.jml.TestJMLTranslator" time="0.002"/>
  <testcase name="testComplexQueryResolving1()" classname="de.uka.ilkd.key.speclang.jml.TestJMLTranslator" time="0.006"/>
  <testcase name="testComplexQueryResolving2()" classname="de.uka.ilkd.key.speclang.jml.TestJMLTranslator" time="0.004"/>
  <testcase name="testComplexQueryResolving3()" classname="de.uka.ilkd.key.speclang.jml.TestJMLTranslator" time="0.006"/>
  <testcase name="testCorrectImplicitThisResolution()" classname="de.uka.ilkd.key.speclang.jml.TestJMLTranslator" time="0.005"/>
  <testcase name="testInfiniteUnion2()" classname="de.uka.ilkd.key.speclang.jml.TestJMLTranslator" time="0.006"/>
  <testcase name="testForAll()" classname="de.uka.ilkd.key.speclang.jml.TestJMLTranslator" time="0.003"/>
  <testcase name="testPrimitiveField()" classname="de.uka.ilkd.key.speclang.jml.TestJMLTranslator" time="0.001"/>
  <testcase name="testSelfVar()" classname="de.uka.ilkd.key.speclang.jml.TestJMLTranslator" time="0.001"/>
  <testcase name="testIsInitialized()" classname="de.uka.ilkd.key.speclang.jml.TestJMLTranslator" time="0.001"/>
  <testcase name="testBsumBigInt()" classname="de.uka.ilkd.key.speclang.jml.TestJMLTranslator" time="0.002"/>
  <testcase name="testSubtypeExpression()" classname="de.uka.ilkd.key.speclang.jml.TestJMLTranslator" time="0.018"/>
  <testcase name="testStaticQueryResolving()" classname="de.uka.ilkd.key.speclang.jml.TestJMLTranslator" time="0.002"/>
  <system-out><![CDATA[]]></system-out>
  <system-err><![CDATA[]]></system-err>
</testsuite>
