<?xml version="1.0" encoding="UTF-8"?>
<testsuite name="de.uka.ilkd.key.symbolic_execution.testcase.TestSymbolicLayoutExtractor" tests="32" skipped="32" failures="0" errors="0" timestamp="2023-02-01T22:41:15" hostname="fv-az574-956" time="0.003">
  <properties/>
  <testcase name="testArrayCreationTest()" classname="de.uka.ilkd.key.symbolic_execution.testcase.TestSymbolicLayoutExtractor" time="0.0">
    <skipped/>
  </testcase>
  <testcase name="testArrayIndexReadAccess()" classname="de.uka.ilkd.key.symbolic_execution.testcase.TestSymbolicLayoutExtractor" time="0.0">
    <skipped/>
  </testcase>
  <testcase name="testArrayIndexWriteAccess()" classname="de.uka.ilkd.key.symbolic_execution.testcase.TestSymbolicLayoutExtractor" time="0.0">
    <skipped/>
  </testcase>
  <testcase name="testArrayInstanceCreationTest()" classname="de.uka.ilkd.key.symbolic_execution.testcase.TestSymbolicLayoutExtractor" time="0.0">
    <skipped/>
  </testcase>
  <testcase name="testAssociationSourceIsNotRepresentativeTermOfEquivalenceClass()" classname="de.uka.ilkd.key.symbolic_execution.testcase.TestSymbolicLayoutExtractor" time="0.0">
    <skipped/>
  </testcase>
  <testcase name="testEmptyArrayCreationTest()" classname="de.uka.ilkd.key.symbolic_execution.testcase.TestSymbolicLayoutExtractor" time="0.0">
    <skipped/>
  </testcase>
  <testcase name="testEmptyPathConditionAndNoUpdates()" classname="de.uka.ilkd.key.symbolic_execution.testcase.TestSymbolicLayoutExtractor" time="0.0">
    <skipped/>
  </testcase>
  <testcase name="testExistsQuantifierTest()" classname="de.uka.ilkd.key.symbolic_execution.testcase.TestSymbolicLayoutExtractor" time="0.0">
    <skipped/>
  </testcase>
  <testcase name="testInstanceCreationTest()" classname="de.uka.ilkd.key.symbolic_execution.testcase.TestSymbolicLayoutExtractor" time="0.0">
    <skipped/>
  </testcase>
  <testcase name="testInstanceCreationTest_OnReturnNode()" classname="de.uka.ilkd.key.symbolic_execution.testcase.TestSymbolicLayoutExtractor" time="0.0">
    <skipped/>
  </testcase>
  <testcase name="testIntegerConditionTest()" classname="de.uka.ilkd.key.symbolic_execution.testcase.TestSymbolicLayoutExtractor" time="0.0">
    <skipped/>
  </testcase>
  <testcase name="testIsInstanceTest()" classname="de.uka.ilkd.key.symbolic_execution.testcase.TestSymbolicLayoutExtractor" time="0.0">
    <skipped/>
  </testcase>
  <testcase name="testIsNullTest()" classname="de.uka.ilkd.key.symbolic_execution.testcase.TestSymbolicLayoutExtractor" time="0.0">
    <skipped/>
  </testcase>
  <testcase name="testMultiArrayIndexReadWriteAccess()" classname="de.uka.ilkd.key.symbolic_execution.testcase.TestSymbolicLayoutExtractor" time="0.0">
    <skipped/>
  </testcase>
  <testcase name="testMyInteger()" classname="de.uka.ilkd.key.symbolic_execution.testcase.TestSymbolicLayoutExtractor" time="0.0">
    <skipped/>
  </testcase>
  <testcase name="testObjectArrayIndexReadAccess()" classname="de.uka.ilkd.key.symbolic_execution.testcase.TestSymbolicLayoutExtractor" time="0.0">
    <skipped/>
  </testcase>
  <testcase name="testObjectArrayIndexWriteAccess()" classname="de.uka.ilkd.key.symbolic_execution.testcase.TestSymbolicLayoutExtractor" time="0.0">
    <skipped/>
  </testcase>
  <testcase name="testObjectConditionTest()" classname="de.uka.ilkd.key.symbolic_execution.testcase.TestSymbolicLayoutExtractor" time="0.0">
    <skipped/>
  </testcase>
  <testcase name="testOneAssignmentTest()" classname="de.uka.ilkd.key.symbolic_execution.testcase.TestSymbolicLayoutExtractor" time="0.0">
    <skipped/>
  </testcase>
  <testcase name="testSimpleArrayCreation()" classname="de.uka.ilkd.key.symbolic_execution.testcase.TestSymbolicLayoutExtractor" time="0.0">
    <skipped/>
  </testcase>
  <testcase name="testSimpleArrayLength()" classname="de.uka.ilkd.key.symbolic_execution.testcase.TestSymbolicLayoutExtractor" time="0.0">
    <skipped/>
  </testcase>
  <testcase name="testSimpleLinkedArrays()" classname="de.uka.ilkd.key.symbolic_execution.testcase.TestSymbolicLayoutExtractor" time="0.0">
    <skipped/>
  </testcase>
  <testcase name="testSimpleLinkedOjbects()" classname="de.uka.ilkd.key.symbolic_execution.testcase.TestSymbolicLayoutExtractor" time="0.0">
    <skipped/>
  </testcase>
  <testcase name="testSimpleLinkedOjbectsDeletion()" classname="de.uka.ilkd.key.symbolic_execution.testcase.TestSymbolicLayoutExtractor" time="0.0">
    <skipped/>
  </testcase>
  <testcase name="testSimpleLinkedOjbectsDeletionPreCondition()" classname="de.uka.ilkd.key.symbolic_execution.testcase.TestSymbolicLayoutExtractor" time="0.0">
    <skipped/>
  </testcase>
  <testcase name="testSimpleLinkedOjbectsInsertion()" classname="de.uka.ilkd.key.symbolic_execution.testcase.TestSymbolicLayoutExtractor" time="0.0">
    <skipped/>
  </testcase>
  <testcase name="testSimpleLinkedOjbectsInstanceVariable()" classname="de.uka.ilkd.key.symbolic_execution.testcase.TestSymbolicLayoutExtractor" time="0.0">
    <skipped/>
  </testcase>
  <testcase name="testSimpleLinkedOjbectsPreCondition()" classname="de.uka.ilkd.key.symbolic_execution.testcase.TestSymbolicLayoutExtractor" time="0.0">
    <skipped/>
  </testcase>
  <testcase name="testSimpleStaticAttributes()" classname="de.uka.ilkd.key.symbolic_execution.testcase.TestSymbolicLayoutExtractor" time="0.0">
    <skipped/>
  </testcase>
  <testcase name="testStaticMember_OnReturnNode()" classname="de.uka.ilkd.key.symbolic_execution.testcase.TestSymbolicLayoutExtractor" time="0.0">
    <skipped/>
  </testcase>
  <testcase name="testVariableArrayIndex()" classname="de.uka.ilkd.key.symbolic_execution.testcase.TestSymbolicLayoutExtractor" time="0.0">
    <skipped/>
  </testcase>
  <testcase name="testWithOperationContracts()" classname="de.uka.ilkd.key.symbolic_execution.testcase.TestSymbolicLayoutExtractor" time="0.0">
    <skipped/>
  </testcase>
  <system-out><![CDATA[]]></system-out>
  <system-err><![CDATA[]]></system-err>
</testsuite>
