<?xml version="1.0" encoding="UTF-8"?>
<testsuite name="de.uka.ilkd.key.symbolic_execution.testcase.strategy.TestKeYWatchpointGlobalVariablesOnTrueWithHitCount" tests="1" skipped="0" failures="0" errors="0" timestamp="2023-02-01T22:48:02" hostname="fv-az574-956" time="3.848">
  <properties/>
  <testcase name="testBreakpointStopCondition()" classname="de.uka.ilkd.key.symbolic_execution.testcase.strategy.TestKeYWatchpointGlobalVariablesOnTrueWithHitCount" time="3.848"/>
  <system-out><![CDATA[]]></system-out>
  <system-err><![CDATA[]]></system-err>
</testsuite>
