<?xml version="1.0" encoding="UTF-8"?>
<testsuite name="de.uka.ilkd.key.parser.TestTermParserHeap" tests="39" skipped="0" failures="0" errors="0" timestamp="2023-03-25T19:43:07" hostname="fv-az218-327" time="118.995">
  <properties/>
  <testcase name="testBracketHeapUpdate()" classname="de.uka.ilkd.key.parser.TestTermParserHeap" time="0.019"/>
  <testcase name="testStore()" classname="de.uka.ilkd.key.parser.TestTermParserHeap" time="0.014"/>
  <testcase name="testUnknownConstant()" classname="de.uka.ilkd.key.parser.TestTermParserHeap" time="0.002"/>
  <testcase name="testAllFieldsSelector()" classname="de.uka.ilkd.key.parser.TestTermParserHeap" time="0.002"/>
  <testcase name="testParsePrettyPrintedSelect()" classname="de.uka.ilkd.key.parser.TestTermParserHeap" time="0.001"/>
  <testcase name="testAccessStaticMembers()" classname="de.uka.ilkd.key.parser.TestTermParserHeap" time="0.002"/>
  <testcase name="testAtOperator_1()" classname="de.uka.ilkd.key.parser.TestTermParserHeap" time="0.004"/>
  <testcase name="testAtOperator_2()" classname="de.uka.ilkd.key.parser.TestTermParserHeap" time="0.001"/>
  <testcase name="testAtOperator_3()" classname="de.uka.ilkd.key.parser.TestTermParserHeap" time="0.004"/>
  <testcase name="testAtOperator_4()" classname="de.uka.ilkd.key.parser.TestTermParserHeap" time="0.004"/>
  <testcase name="testAtOperator_5()" classname="de.uka.ilkd.key.parser.TestTermParserHeap" time="0.002"/>
  <testcase name="testAtOperator_6()" classname="de.uka.ilkd.key.parser.TestTermParserHeap" time="0.004"/>
  <testcase name="testAtOperator_7()" classname="de.uka.ilkd.key.parser.TestTermParserHeap" time="0.001"/>
  <testcase name="testAtOperator_8()" classname="de.uka.ilkd.key.parser.TestTermParserHeap" time="0.003"/>
  <testcase name="testVerifyExceptionIfAtOperatorNotPreceededBySelectTerm()" classname="de.uka.ilkd.key.parser.TestTermParserHeap" time="0.002"/>
  <testcase name="testBugResettingCounter()" classname="de.uka.ilkd.key.parser.TestTermParserHeap" time="0.002"/>
  <testcase name="testLocationSets()" classname="de.uka.ilkd.key.parser.TestTermParserHeap" time="0.003"/>
  <testcase name="testQuantifiedSelect()" classname="de.uka.ilkd.key.parser.TestTermParserHeap" time="0.002"/>
  <testcase name="testGenericObjectProperties()" classname="de.uka.ilkd.key.parser.TestTermParserHeap" time="0.001"/>
  <testcase name="testQueryInheritance_1()" classname="de.uka.ilkd.key.parser.TestTermParserHeap" time="0.002"/>
  <testcase name="testQueryInheritance_2()" classname="de.uka.ilkd.key.parser.TestTermParserHeap" time="0.002"/>
  <testcase name="testQueryInheritance_3()" classname="de.uka.ilkd.key.parser.TestTermParserHeap" time="0.001"/>
  <testcase name="testQueryInheritance_4()" classname="de.uka.ilkd.key.parser.TestTermParserHeap" time="0.001"/>
  <testcase name="testQueryInheritance_5()" classname="de.uka.ilkd.key.parser.TestTermParserHeap" time="0.001"/>
  <testcase name="testQueryInheritance_6()" classname="de.uka.ilkd.key.parser.TestTermParserHeap" time="0.001"/>
  <testcase name="testQueryInheritance_7()" classname="de.uka.ilkd.key.parser.TestTermParserHeap" time="0.007"/>
  <testcase name="testQueryInheritance_8()" classname="de.uka.ilkd.key.parser.TestTermParserHeap" time="0.002"/>
  <testcase name="testQueryInheritance_9()" classname="de.uka.ilkd.key.parser.TestTermParserHeap" time="0.007"/>
  <testcase name="testQueryBasic_10()" classname="de.uka.ilkd.key.parser.TestTermParserHeap" time="0.001"/>
  <testcase name="testQueryBasic_11()" classname="de.uka.ilkd.key.parser.TestTermParserHeap" time="0.001"/>
  <testcase name="testQueryBasic_1()" classname="de.uka.ilkd.key.parser.TestTermParserHeap" time="0.001"/>
  <testcase name="testQueryBasic_2()" classname="de.uka.ilkd.key.parser.TestTermParserHeap" time="0.004"/>
  <testcase name="testQueryBasic_3()" classname="de.uka.ilkd.key.parser.TestTermParserHeap" time="0.001"/>
  <testcase name="testQueryBasic_4()" classname="de.uka.ilkd.key.parser.TestTermParserHeap" time="0.002"/>
  <testcase name="testQueryBasic_5()" classname="de.uka.ilkd.key.parser.TestTermParserHeap" time="0.001"/>
  <testcase name="testQueryBasic_6()" classname="de.uka.ilkd.key.parser.TestTermParserHeap" time="0.001"/>
  <testcase name="testQueryBasic_7()" classname="de.uka.ilkd.key.parser.TestTermParserHeap" time="0.002"/>
  <testcase name="testQueryBasic_8()" classname="de.uka.ilkd.key.parser.TestTermParserHeap" time="0.001"/>
  <testcase name="testQueryBasic_9()" classname="de.uka.ilkd.key.parser.TestTermParserHeap" time="0.002"/>
  <system-out><![CDATA[322262     INFO  Test worker     d.u.i.k.n.KeyIO           Parsing took 1 ms 
322262     INFO  Test worker     d.u.i.k.n.KeyIO           MODE: declarations took 0 ms 
322262     INFO  Test worker     d.u.i.k.n.KeyIO           Parsing took 0 ms 
322262     INFO  Test worker     d.u.i.k.n.KeyIO           MODE: declarations took 0 ms 
322262     INFO  Test worker     d.u.i.k.n.KeyIO           Parsing took 0 ms 
322262     INFO  Test worker     d.u.i.k.n.KeyIO           MODE: declarations took 0 ms 
322262     INFO  Test worker     d.u.i.k.n.KeyIO           Parsing took 0 ms 
322262     INFO  Test worker     d.u.i.k.n.KeyIO           MODE: declarations took 0 ms 
322262     INFO  Test worker     d.u.i.k.n.KeyIO           Parsing took 0 ms 
322262     INFO  Test worker     d.u.i.k.n.KeyIO           MODE: declarations took 0 ms 
325427     INFO  Test worker     d.u.i.k.n.KeyIO           Parsing took 0 ms 
325427     INFO  Test worker     d.u.i.k.n.KeyIO           MODE: declarations took 0 ms 
325427     INFO  Test worker     d.u.i.k.n.KeyIO           Parsing took 0 ms 
325427     INFO  Test worker     d.u.i.k.n.KeyIO           MODE: declarations took 0 ms 
325427     INFO  Test worker     d.u.i.k.n.KeyIO           Parsing took 0 ms 
325428     INFO  Test worker     d.u.i.k.n.KeyIO           MODE: declarations took 1 ms 
325428     INFO  Test worker     d.u.i.k.n.KeyIO           Parsing took 0 ms 
325428     INFO  Test worker     d.u.i.k.n.KeyIO           MODE: declarations took 0 ms 
325428     INFO  Test worker     d.u.i.k.n.KeyIO           Parsing took 0 ms 
325429     INFO  Test worker     d.u.i.k.n.KeyIO           MODE: declarations took 0 ms 
328739     INFO  Test worker     d.u.i.k.n.KeyIO           Parsing took 0 ms 
328740     INFO  Test worker     d.u.i.k.n.KeyIO           MODE: declarations took 0 ms 
328740     INFO  Test worker     d.u.i.k.n.KeyIO           Parsing took 0 ms 
328740     INFO  Test worker     d.u.i.k.n.KeyIO           MODE: declarations took 0 ms 
328740     INFO  Test worker     d.u.i.k.n.KeyIO           Parsing took 0 ms 
328740     INFO  Test worker     d.u.i.k.n.KeyIO           MODE: declarations took 0 ms 
328740     INFO  Test worker     d.u.i.k.n.KeyIO           Parsing took 0 ms 
328740     INFO  Test worker     d.u.i.k.n.KeyIO           MODE: declarations took 0 ms 
328740     INFO  Test worker     d.u.i.k.n.KeyIO           Parsing took 0 ms 
328740     INFO  Test worker     d.u.i.k.n.KeyIO           MODE: declarations took 0 ms 
328740     INFO  Test worker     d.u.i.k.n.KeyIO           Parsing took 0 ms 
328740     INFO  Test worker     d.u.i.k.n.KeyIO           MODE: declarations took 0 ms 
331942     INFO  Test worker     d.u.i.k.n.KeyIO           Parsing took 0 ms 
331942     INFO  Test worker     d.u.i.k.n.KeyIO           MODE: declarations took 0 ms 
331942     INFO  Test worker     d.u.i.k.n.KeyIO           Parsing took 0 ms 
331942     INFO  Test worker     d.u.i.k.n.KeyIO           MODE: declarations took 0 ms 
331942     INFO  Test worker     d.u.i.k.n.KeyIO           Parsing took 0 ms 
331942     INFO  Test worker     d.u.i.k.n.KeyIO           MODE: declarations took 0 ms 
331942     INFO  Test worker     d.u.i.k.n.KeyIO           Parsing took 0 ms 
331942     INFO  Test worker     d.u.i.k.n.KeyIO           MODE: declarations took 0 ms 
331942     INFO  Test worker     d.u.i.k.n.KeyIO           Parsing took 0 ms 
331942     INFO  Test worker     d.u.i.k.n.KeyIO           MODE: declarations took 0 ms 
335173     INFO  Test worker     d.u.i.k.n.KeyIO           Parsing took 0 ms 
335173     INFO  Test worker     d.u.i.k.n.KeyIO           MODE: declarations took 0 ms 
335173     INFO  Test worker     d.u.i.k.n.KeyIO           Parsing took 0 ms 
335173     INFO  Test worker     d.u.i.k.n.KeyIO           MODE: declarations took 0 ms 
335173     INFO  Test worker     d.u.i.k.n.KeyIO           Parsing took 0 ms 
335173     INFO  Test worker     d.u.i.k.n.KeyIO           MODE: declarations took 0 ms 
335173     INFO  Test worker     d.u.i.k.n.KeyIO           Parsing took 0 ms 
335173     INFO  Test worker     d.u.i.k.n.KeyIO           MODE: declarations took 0 ms 
335173     INFO  Test worker     d.u.i.k.n.KeyIO           Parsing took 0 ms 
335173     INFO  Test worker     d.u.i.k.n.KeyIO           MODE: declarations took 0 ms 
338268     INFO  Test worker     d.u.i.k.n.KeyIO           Parsing took 0 ms 
338268     INFO  Test worker     d.u.i.k.n.KeyIO           MODE: declarations took 0 ms 
338268     INFO  Test worker     d.u.i.k.n.KeyIO           Parsing took 0 ms 
338268     INFO  Test worker     d.u.i.k.n.KeyIO           MODE: declarations took 0 ms 
338268     INFO  Test worker     d.u.i.k.n.KeyIO           Parsing took 0 ms 
338268     INFO  Test worker     d.u.i.k.n.KeyIO           MODE: declarations took 0 ms 
338268     INFO  Test worker     d.u.i.k.n.KeyIO           Parsing took 0 ms 
338268     INFO  Test worker     d.u.i.k.n.KeyIO           MODE: declarations took 0 ms 
338268     INFO  Test worker     d.u.i.k.n.KeyIO           Parsing took 0 ms 
338268     INFO  Test worker     d.u.i.k.n.KeyIO           MODE: declarations took 0 ms 
341229     INFO  Test worker     d.u.i.k.n.KeyIO           Parsing took 0 ms 
341229     INFO  Test worker     d.u.i.k.n.KeyIO           MODE: declarations took 0 ms 
341230     INFO  Test worker     d.u.i.k.n.KeyIO           Parsing took 0 ms 
341230     INFO  Test worker     d.u.i.k.n.KeyIO           MODE: declarations took 0 ms 
341230     INFO  Test worker     d.u.i.k.n.KeyIO           Parsing took 0 ms 
341231     INFO  Test worker     d.u.i.k.n.KeyIO           MODE: declarations took 1 ms 
341231     INFO  Test worker     d.u.i.k.n.KeyIO           Parsing took 0 ms 
341231     INFO  Test worker     d.u.i.k.n.KeyIO           MODE: declarations took 0 ms 
341232     INFO  Test worker     d.u.i.k.n.KeyIO           Parsing took 0 ms 
341232     INFO  Test worker     d.u.i.k.n.KeyIO           MODE: declarations took 0 ms 
344324     INFO  Test worker     d.u.i.k.n.KeyIO           Parsing took 0 ms 
344325     INFO  Test worker     d.u.i.k.n.KeyIO           MODE: declarations took 1 ms 
344325     INFO  Test worker     d.u.i.k.n.KeyIO           Parsing took 0 ms 
344325     INFO  Test worker     d.u.i.k.n.KeyIO           MODE: declarations took 0 ms 
344325     INFO  Test worker     d.u.i.k.n.KeyIO           Parsing took 0 ms 
344325     INFO  Test worker     d.u.i.k.n.KeyIO           MODE: declarations took 0 ms 
344325     INFO  Test worker     d.u.i.k.n.KeyIO           Parsing took 0 ms 
344325     INFO  Test worker     d.u.i.k.n.KeyIO           MODE: declarations took 0 ms 
344325     INFO  Test worker     d.u.i.k.n.KeyIO           Parsing took 0 ms 
344325     INFO  Test worker     d.u.i.k.n.KeyIO           MODE: declarations took 0 ms 
347431     INFO  Test worker     d.u.i.k.n.KeyIO           Parsing took 0 ms 
347431     INFO  Test worker     d.u.i.k.n.KeyIO           MODE: declarations took 0 ms 
347431     INFO  Test worker     d.u.i.k.n.KeyIO           Parsing took 0 ms 
347431     INFO  Test worker     d.u.i.k.n.KeyIO           MODE: declarations took 0 ms 
347433     INFO  Test worker     d.u.i.k.n.KeyIO           Parsing took 0 ms 
347433     INFO  Test worker     d.u.i.k.n.KeyIO           MODE: declarations took 0 ms 
347433     INFO  Test worker     d.u.i.k.n.KeyIO           Parsing took 0 ms 
347433     INFO  Test worker     d.u.i.k.n.KeyIO           MODE: declarations took 0 ms 
347433     INFO  Test worker     d.u.i.k.n.KeyIO           Parsing took 0 ms 
347434     INFO  Test worker     d.u.i.k.n.KeyIO           MODE: declarations took 1 ms 
350405     INFO  Test worker     d.u.i.k.n.KeyIO           Parsing took 0 ms 
350405     INFO  Test worker     d.u.i.k.n.KeyIO           MODE: declarations took 0 ms 
350405     INFO  Test worker     d.u.i.k.n.KeyIO           Parsing took 0 ms 
350405     INFO  Test worker     d.u.i.k.n.KeyIO           MODE: declarations took 0 ms 
350405     INFO  Test worker     d.u.i.k.n.KeyIO           Parsing took 0 ms 
350405     INFO  Test worker     d.u.i.k.n.KeyIO           MODE: declarations took 0 ms 
350405     INFO  Test worker     d.u.i.k.n.KeyIO           Parsing took 0 ms 
350405     INFO  Test worker     d.u.i.k.n.KeyIO           MODE: declarations took 0 ms 
350405     INFO  Test worker     d.u.i.k.n.KeyIO           Parsing took 0 ms 
350405     INFO  Test worker     d.u.i.k.n.KeyIO           MODE: declarations took 0 ms 
353437     INFO  Test worker     d.u.i.k.n.KeyIO           Parsing took 0 ms 
353437     INFO  Test worker     d.u.i.k.n.KeyIO           MODE: declarations took 0 ms 
353437     INFO  Test worker     d.u.i.k.n.KeyIO           Parsing took 0 ms 
353438     INFO  Test worker     d.u.i.k.n.KeyIO           MODE: declarations took 1 ms 
353438     INFO  Test worker     d.u.i.k.n.KeyIO           Parsing took 0 ms 
353438     INFO  Test worker     d.u.i.k.n.KeyIO           MODE: declarations took 0 ms 
353438     INFO  Test worker     d.u.i.k.n.KeyIO           Parsing took 0 ms 
353438     INFO  Test worker     d.u.i.k.n.KeyIO           MODE: declarations took 0 ms 
353438     INFO  Test worker     d.u.i.k.n.KeyIO           Parsing took 0 ms 
353438     INFO  Test worker     d.u.i.k.n.KeyIO           MODE: declarations took 0 ms 
356518     INFO  Test worker     d.u.i.k.n.KeyIO           Parsing took 0 ms 
356519     INFO  Test worker     d.u.i.k.n.KeyIO           MODE: declarations took 0 ms 
356519     INFO  Test worker     d.u.i.k.n.KeyIO           Parsing took 0 ms 
356519     INFO  Test worker     d.u.i.k.n.KeyIO           MODE: declarations took 0 ms 
356520     INFO  Test worker     d.u.i.k.n.KeyIO           Parsing took 0 ms 
356520     INFO  Test worker     d.u.i.k.n.KeyIO           MODE: declarations took 0 ms 
356520     INFO  Test worker     d.u.i.k.n.KeyIO           Parsing took 0 ms 
356520     INFO  Test worker     d.u.i.k.n.KeyIO           MODE: declarations took 0 ms 
356521     INFO  Test worker     d.u.i.k.n.KeyIO           Parsing took 0 ms 
356521     INFO  Test worker     d.u.i.k.n.KeyIO           MODE: declarations took 0 ms 
359743     INFO  Test worker     d.u.i.k.n.KeyIO           Parsing took 0 ms 
359743     INFO  Test worker     d.u.i.k.n.KeyIO           MODE: declarations took 0 ms 
359743     INFO  Test worker     d.u.i.k.n.KeyIO           Parsing took 0 ms 
359743     INFO  Test worker     d.u.i.k.n.KeyIO           MODE: declarations took 0 ms 
359743     INFO  Test worker     d.u.i.k.n.KeyIO           Parsing took 0 ms 
359743     INFO  Test worker     d.u.i.k.n.KeyIO           MODE: declarations took 0 ms 
359743     INFO  Test worker     d.u.i.k.n.KeyIO           Parsing took 0 ms 
359743     INFO  Test worker     d.u.i.k.n.KeyIO           MODE: declarations took 0 ms 
359743     INFO  Test worker     d.u.i.k.n.KeyIO           Parsing took 0 ms 
359743     INFO  Test worker     d.u.i.k.n.KeyIO           MODE: declarations took 0 ms 
362681     INFO  Test worker     d.u.i.k.n.KeyIO           Parsing took 0 ms 
362681     INFO  Test worker     d.u.i.k.n.KeyIO           MODE: declarations took 0 ms 
362681     INFO  Test worker     d.u.i.k.n.KeyIO           Parsing took 0 ms 
362682     INFO  Test worker     d.u.i.k.n.KeyIO           MODE: declarations took 0 ms 
362682     INFO  Test worker     d.u.i.k.n.KeyIO           Parsing took 0 ms 
362682     INFO  Test worker     d.u.i.k.n.KeyIO           MODE: declarations took 0 ms 
362682     INFO  Test worker     d.u.i.k.n.KeyIO           Parsing took 0 ms 
362682     INFO  Test worker     d.u.i.k.n.KeyIO           MODE: declarations took 0 ms 
362682     INFO  Test worker     d.u.i.k.n.KeyIO           Parsing took 0 ms 
362682     INFO  Test worker     d.u.i.k.n.KeyIO           MODE: declarations took 0 ms 
365636     INFO  Test worker     d.u.i.k.n.KeyIO           Parsing took 0 ms 
365637     INFO  Test worker     d.u.i.k.n.KeyIO           MODE: declarations took 0 ms 
365637     INFO  Test worker     d.u.i.k.n.KeyIO           Parsing took 0 ms 
365637     INFO  Test worker     d.u.i.k.n.KeyIO           MODE: declarations took 0 ms 
365637     INFO  Test worker     d.u.i.k.n.KeyIO           Parsing took 0 ms 
365637     INFO  Test worker     d.u.i.k.n.KeyIO           MODE: declarations took 0 ms 
365637     INFO  Test worker     d.u.i.k.n.KeyIO           Parsing took 0 ms 
365637     INFO  Test worker     d.u.i.k.n.KeyIO           MODE: declarations took 0 ms 
365637     INFO  Test worker     d.u.i.k.n.KeyIO           Parsing took 0 ms 
365637     INFO  Test worker     d.u.i.k.n.KeyIO           MODE: declarations took 0 ms 
365638     WARN  Test worker     d.u.i.k.n.KeYParser       [syntax-error] <unknown>:1:11: mismatched input '@' expecting {'/', ':=', '.', '(', ')', '{', '[', '@', PARALLEL, OR, AND, IMP, '=', NOT_EQUALS, '%', '*', '-', '+', '>', GREATEREQUAL, '<', LESSEQUAL, LGUILLEMETS, EQV} [@11,11:11='@',<153>,1:11] (termEOF) 
368567     INFO  Test worker     d.u.i.k.n.KeyIO           Parsing took 0 ms 
368568     INFO  Test worker     d.u.i.k.n.KeyIO           MODE: declarations took 1 ms 
368568     INFO  Test worker     d.u.i.k.n.KeyIO           Parsing took 0 ms 
368568     INFO  Test worker     d.u.i.k.n.KeyIO           MODE: declarations took 0 ms 
368568     INFO  Test worker     d.u.i.k.n.KeyIO           Parsing took 0 ms 
368568     INFO  Test worker     d.u.i.k.n.KeyIO           MODE: declarations took 0 ms 
368568     INFO  Test worker     d.u.i.k.n.KeyIO           Parsing took 0 ms 
368568     INFO  Test worker     d.u.i.k.n.KeyIO           MODE: declarations took 0 ms 
368568     INFO  Test worker     d.u.i.k.n.KeyIO           Parsing took 0 ms 
368568     INFO  Test worker     d.u.i.k.n.KeyIO           MODE: declarations took 0 ms 
371835     INFO  Test worker     d.u.i.k.n.KeyIO           Parsing took 0 ms 
371835     INFO  Test worker     d.u.i.k.n.KeyIO           MODE: declarations took 0 ms 
371835     INFO  Test worker     d.u.i.k.n.KeyIO           Parsing took 0 ms 
371835     INFO  Test worker     d.u.i.k.n.KeyIO           MODE: declarations took 0 ms 
371835     INFO  Test worker     d.u.i.k.n.KeyIO           Parsing took 0 ms 
371835     INFO  Test worker     d.u.i.k.n.KeyIO           MODE: declarations took 0 ms 
371836     INFO  Test worker     d.u.i.k.n.KeyIO           Parsing took 0 ms 
371836     INFO  Test worker     d.u.i.k.n.KeyIO           MODE: declarations took 0 ms 
371836     INFO  Test worker     d.u.i.k.n.KeyIO           Parsing took 0 ms 
371836     INFO  Test worker     d.u.i.k.n.KeyIO           MODE: declarations took 0 ms 
374842     INFO  Test worker     d.u.i.k.n.KeyIO           Parsing took 0 ms 
374842     INFO  Test worker     d.u.i.k.n.KeyIO           MODE: declarations took 0 ms 
374842     INFO  Test worker     d.u.i.k.n.KeyIO           Parsing took 0 ms 
374842     INFO  Test worker     d.u.i.k.n.KeyIO           MODE: declarations took 0 ms 
374842     INFO  Test worker     d.u.i.k.n.KeyIO           Parsing took 0 ms 
374842     INFO  Test worker     d.u.i.k.n.KeyIO           MODE: declarations took 0 ms 
374842     INFO  Test worker     d.u.i.k.n.KeyIO           Parsing took 0 ms 
374842     INFO  Test worker     d.u.i.k.n.KeyIO           MODE: declarations took 0 ms 
374842     INFO  Test worker     d.u.i.k.n.KeyIO           Parsing took 0 ms 
374842     INFO  Test worker     d.u.i.k.n.KeyIO           MODE: declarations took 0 ms 
378156     INFO  Test worker     d.u.i.k.n.KeyIO           Parsing took 0 ms 
378157     INFO  Test worker     d.u.i.k.n.KeyIO           MODE: declarations took 0 ms 
378157     INFO  Test worker     d.u.i.k.n.KeyIO           Parsing took 0 ms 
378157     INFO  Test worker     d.u.i.k.n.KeyIO           MODE: declarations took 0 ms 
378157     INFO  Test worker     d.u.i.k.n.KeyIO           Parsing took 0 ms 
378157     INFO  Test worker     d.u.i.k.n.KeyIO           MODE: declarations took 0 ms 
378157     INFO  Test worker     d.u.i.k.n.KeyIO           Parsing took 0 ms 
378157     INFO  Test worker     d.u.i.k.n.KeyIO           MODE: declarations took 0 ms 
378157     INFO  Test worker     d.u.i.k.n.KeyIO           Parsing took 0 ms 
378157     INFO  Test worker     d.u.i.k.n.KeyIO           MODE: declarations took 0 ms 
381341     INFO  Test worker     d.u.i.k.n.KeyIO           Parsing took 0 ms 
381342     INFO  Test worker     d.u.i.k.n.KeyIO           MODE: declarations took 1 ms 
381342     INFO  Test worker     d.u.i.k.n.KeyIO           Parsing took 0 ms 
381342     INFO  Test worker     d.u.i.k.n.KeyIO           MODE: declarations took 0 ms 
381342     INFO  Test worker     d.u.i.k.n.KeyIO           Parsing took 0 ms 
381342     INFO  Test worker     d.u.i.k.n.KeyIO           MODE: declarations took 0 ms 
381342     INFO  Test worker     d.u.i.k.n.KeyIO           Parsing took 0 ms 
381342     INFO  Test worker     d.u.i.k.n.KeyIO           MODE: declarations took 0 ms 
381342     INFO  Test worker     d.u.i.k.n.KeyIO           Parsing took 0 ms 
381342     INFO  Test worker     d.u.i.k.n.KeyIO           MODE: declarations took 0 ms 
384536     INFO  Test worker     d.u.i.k.n.KeyIO           Parsing took 1 ms 
384536     INFO  Test worker     d.u.i.k.n.KeyIO           MODE: declarations took 0 ms 
384536     INFO  Test worker     d.u.i.k.n.KeyIO           Parsing took 0 ms 
384536     INFO  Test worker     d.u.i.k.n.KeyIO           MODE: declarations took 0 ms 
384536     INFO  Test worker     d.u.i.k.n.KeyIO           Parsing took 0 ms 
384536     INFO  Test worker     d.u.i.k.n.KeyIO           MODE: declarations took 0 ms 
384536     INFO  Test worker     d.u.i.k.n.KeyIO           Parsing took 0 ms 
384536     INFO  Test worker     d.u.i.k.n.KeyIO           MODE: declarations took 0 ms 
384536     INFO  Test worker     d.u.i.k.n.KeyIO           Parsing took 0 ms 
384536     INFO  Test worker     d.u.i.k.n.KeyIO           MODE: declarations took 0 ms 
387860     INFO  Test worker     d.u.i.k.n.KeyIO           Parsing took 1 ms 
387860     INFO  Test worker     d.u.i.k.n.KeyIO           MODE: declarations took 0 ms 
387860     INFO  Test worker     d.u.i.k.n.KeyIO           Parsing took 0 ms 
387860     INFO  Test worker     d.u.i.k.n.KeyIO           MODE: declarations took 0 ms 
387860     INFO  Test worker     d.u.i.k.n.KeyIO           Parsing took 0 ms 
387860     INFO  Test worker     d.u.i.k.n.KeyIO           MODE: declarations took 0 ms 
387860     INFO  Test worker     d.u.i.k.n.KeyIO           Parsing took 0 ms 
387860     INFO  Test worker     d.u.i.k.n.KeyIO           MODE: declarations took 0 ms 
387860     INFO  Test worker     d.u.i.k.n.KeyIO           Parsing took 0 ms 
387860     INFO  Test worker     d.u.i.k.n.KeyIO           MODE: declarations took 0 ms 
391141     INFO  Test worker     d.u.i.k.n.KeyIO           Parsing took 1 ms 
391141     INFO  Test worker     d.u.i.k.n.KeyIO           MODE: declarations took 0 ms 
391141     INFO  Test worker     d.u.i.k.n.KeyIO           Parsing took 0 ms 
391141     INFO  Test worker     d.u.i.k.n.KeyIO           MODE: declarations took 0 ms 
391141     INFO  Test worker     d.u.i.k.n.KeyIO           Parsing took 0 ms 
391141     INFO  Test worker     d.u.i.k.n.KeyIO           MODE: declarations took 0 ms 
391141     INFO  Test worker     d.u.i.k.n.KeyIO           Parsing took 0 ms 
391141     INFO  Test worker     d.u.i.k.n.KeyIO           MODE: declarations took 0 ms 
391141     INFO  Test worker     d.u.i.k.n.KeyIO           Parsing took 0 ms 
391141     INFO  Test worker     d.u.i.k.n.KeyIO           MODE: declarations took 0 ms 
394380     INFO  Test worker     d.u.i.k.n.KeyIO           Parsing took 0 ms 
394380     INFO  Test worker     d.u.i.k.n.KeyIO           MODE: declarations took 0 ms 
394380     INFO  Test worker     d.u.i.k.n.KeyIO           Parsing took 0 ms 
394380     INFO  Test worker     d.u.i.k.n.KeyIO           MODE: declarations took 0 ms 
394380     INFO  Test worker     d.u.i.k.n.KeyIO           Parsing took 0 ms 
394380     INFO  Test worker     d.u.i.k.n.KeyIO           MODE: declarations took 0 ms 
394381     INFO  Test worker     d.u.i.k.n.KeyIO           Parsing took 1 ms 
394381     INFO  Test worker     d.u.i.k.n.KeyIO           MODE: declarations took 0 ms 
394381     INFO  Test worker     d.u.i.k.n.KeyIO           Parsing took 0 ms 
394381     INFO  Test worker     d.u.i.k.n.KeyIO           MODE: declarations took 0 ms 
397660     INFO  Test worker     d.u.i.k.n.KeyIO           Parsing took 0 ms 
397660     INFO  Test worker     d.u.i.k.n.KeyIO           MODE: declarations took 0 ms 
397660     INFO  Test worker     d.u.i.k.n.KeyIO           Parsing took 0 ms 
397660     INFO  Test worker     d.u.i.k.n.KeyIO           MODE: declarations took 0 ms 
397660     INFO  Test worker     d.u.i.k.n.KeyIO           Parsing took 0 ms 
397660     INFO  Test worker     d.u.i.k.n.KeyIO           MODE: declarations took 0 ms 
397660     INFO  Test worker     d.u.i.k.n.KeyIO           Parsing took 0 ms 
397660     INFO  Test worker     d.u.i.k.n.KeyIO           MODE: declarations took 0 ms 
397660     INFO  Test worker     d.u.i.k.n.KeyIO           Parsing took 0 ms 
397660     INFO  Test worker     d.u.i.k.n.KeyIO           MODE: declarations took 0 ms 
400795     INFO  Test worker     d.u.i.k.n.KeyIO           Parsing took 0 ms 
400795     INFO  Test worker     d.u.i.k.n.KeyIO           MODE: declarations took 0 ms 
400796     INFO  Test worker     d.u.i.k.n.KeyIO           Parsing took 0 ms 
400796     INFO  Test worker     d.u.i.k.n.KeyIO           MODE: declarations took 0 ms 
400796     INFO  Test worker     d.u.i.k.n.KeyIO           Parsing took 0 ms 
400796     INFO  Test worker     d.u.i.k.n.KeyIO           MODE: declarations took 0 ms 
400799     INFO  Test worker     d.u.i.k.n.KeyIO           Parsing took 0 ms 
400799     INFO  Test worker     d.u.i.k.n.KeyIO           MODE: declarations took 0 ms 
400800     INFO  Test worker     d.u.i.k.n.KeyIO           Parsing took 0 ms 
400800     INFO  Test worker     d.u.i.k.n.KeyIO           MODE: declarations took 0 ms 
403792     INFO  Test worker     d.u.i.k.n.KeyIO           Parsing took 0 ms 
403792     INFO  Test worker     d.u.i.k.n.KeyIO           MODE: declarations took 0 ms 
403792     INFO  Test worker     d.u.i.k.n.KeyIO           Parsing took 0 ms 
403792     INFO  Test worker     d.u.i.k.n.KeyIO           MODE: declarations took 0 ms 
403792     INFO  Test worker     d.u.i.k.n.KeyIO           Parsing took 0 ms 
403792     INFO  Test worker     d.u.i.k.n.KeyIO           MODE: declarations took 0 ms 
403792     INFO  Test worker     d.u.i.k.n.KeyIO           Parsing took 0 ms 
403792     INFO  Test worker     d.u.i.k.n.KeyIO           MODE: declarations took 0 ms 
403792     INFO  Test worker     d.u.i.k.n.KeyIO           Parsing took 0 ms 
403792     INFO  Test worker     d.u.i.k.n.KeyIO           MODE: declarations took 0 ms 
407059     INFO  Test worker     d.u.i.k.n.KeyIO           Parsing took 0 ms 
407059     INFO  Test worker     d.u.i.k.n.KeyIO           MODE: declarations took 0 ms 
407059     INFO  Test worker     d.u.i.k.n.KeyIO           Parsing took 0 ms 
407059     INFO  Test worker     d.u.i.k.n.KeyIO           MODE: declarations took 0 ms 
407059     INFO  Test worker     d.u.i.k.n.KeyIO           Parsing took 0 ms 
407064     INFO  Test worker     d.u.i.k.n.KeyIO           MODE: declarations took 0 ms 
407064     INFO  Test worker     d.u.i.k.n.KeyIO           Parsing took 0 ms 
407064     INFO  Test worker     d.u.i.k.n.KeyIO           MODE: declarations took 0 ms 
407064     INFO  Test worker     d.u.i.k.n.KeyIO           Parsing took 0 ms 
407064     INFO  Test worker     d.u.i.k.n.KeyIO           MODE: declarations took 0 ms 
410268     INFO  Test worker     d.u.i.k.n.KeyIO           Parsing took 0 ms 
410269     INFO  Test worker     d.u.i.k.n.KeyIO           MODE: declarations took 0 ms 
410269     INFO  Test worker     d.u.i.k.n.KeyIO           Parsing took 0 ms 
410269     INFO  Test worker     d.u.i.k.n.KeyIO           MODE: declarations took 0 ms 
410269     INFO  Test worker     d.u.i.k.n.KeyIO           Parsing took 0 ms 
410269     INFO  Test worker     d.u.i.k.n.KeyIO           MODE: declarations took 0 ms 
410269     INFO  Test worker     d.u.i.k.n.KeyIO           Parsing took 0 ms 
410269     INFO  Test worker     d.u.i.k.n.KeyIO           MODE: declarations took 0 ms 
410269     INFO  Test worker     d.u.i.k.n.KeyIO           Parsing took 0 ms 
410269     INFO  Test worker     d.u.i.k.n.KeyIO           MODE: declarations took 0 ms 
413504     INFO  Test worker     d.u.i.k.n.KeyIO           Parsing took 0 ms 
413505     INFO  Test worker     d.u.i.k.n.KeyIO           MODE: declarations took 0 ms 
413505     INFO  Test worker     d.u.i.k.n.KeyIO           Parsing took 0 ms 
413505     INFO  Test worker     d.u.i.k.n.KeyIO           MODE: declarations took 0 ms 
413505     INFO  Test worker     d.u.i.k.n.KeyIO           Parsing took 0 ms 
413505     INFO  Test worker     d.u.i.k.n.KeyIO           MODE: declarations took 0 ms 
413505     INFO  Test worker     d.u.i.k.n.KeyIO           Parsing took 0 ms 
413505     INFO  Test worker     d.u.i.k.n.KeyIO           MODE: declarations took 0 ms 
413505     INFO  Test worker     d.u.i.k.n.KeyIO           Parsing took 0 ms 
413505     INFO  Test worker     d.u.i.k.n.KeyIO           MODE: declarations took 0 ms 
416779     INFO  Test worker     d.u.i.k.n.KeyIO           Parsing took 0 ms 
416780     INFO  Test worker     d.u.i.k.n.KeyIO           MODE: declarations took 1 ms 
416780     INFO  Test worker     d.u.i.k.n.KeyIO           Parsing took 0 ms 
416780     INFO  Test worker     d.u.i.k.n.KeyIO           MODE: declarations took 0 ms 
416780     INFO  Test worker     d.u.i.k.n.KeyIO           Parsing took 0 ms 
416780     INFO  Test worker     d.u.i.k.n.KeyIO           MODE: declarations took 0 ms 
416780     INFO  Test worker     d.u.i.k.n.KeyIO           Parsing took 0 ms 
416780     INFO  Test worker     d.u.i.k.n.KeyIO           MODE: declarations took 0 ms 
416780     INFO  Test worker     d.u.i.k.n.KeyIO           Parsing took 0 ms 
416780     INFO  Test worker     d.u.i.k.n.KeyIO           MODE: declarations took 0 ms 
419881     INFO  Test worker     d.u.i.k.n.KeyIO           Parsing took 0 ms 
419881     INFO  Test worker     d.u.i.k.n.KeyIO           MODE: declarations took 0 ms 
419883     INFO  Test worker     d.u.i.k.n.KeyIO           Parsing took 0 ms 
419883     INFO  Test worker     d.u.i.k.n.KeyIO           MODE: declarations took 0 ms 
419883     INFO  Test worker     d.u.i.k.n.KeyIO           Parsing took 0 ms 
419883     INFO  Test worker     d.u.i.k.n.KeyIO           MODE: declarations took 0 ms 
419884     INFO  Test worker     d.u.i.k.n.KeyIO           Parsing took 1 ms 
419884     INFO  Test worker     d.u.i.k.n.KeyIO           MODE: declarations took 0 ms 
419884     INFO  Test worker     d.u.i.k.n.KeyIO           Parsing took 0 ms 
419884     INFO  Test worker     d.u.i.k.n.KeyIO           MODE: declarations took 0 ms 
422901     INFO  Test worker     d.u.i.k.n.KeyIO           Parsing took 0 ms 
422901     INFO  Test worker     d.u.i.k.n.KeyIO           MODE: declarations took 0 ms 
422901     INFO  Test worker     d.u.i.k.n.KeyIO           Parsing took 0 ms 
422901     INFO  Test worker     d.u.i.k.n.KeyIO           MODE: declarations took 0 ms 
422901     INFO  Test worker     d.u.i.k.n.KeyIO           Parsing took 0 ms 
422901     INFO  Test worker     d.u.i.k.n.KeyIO           MODE: declarations took 0 ms 
422901     INFO  Test worker     d.u.i.k.n.KeyIO           Parsing took 0 ms 
422901     INFO  Test worker     d.u.i.k.n.KeyIO           MODE: declarations took 0 ms 
422901     INFO  Test worker     d.u.i.k.n.KeyIO           Parsing took 0 ms 
422901     INFO  Test worker     d.u.i.k.n.KeyIO           MODE: declarations took 0 ms 
425946     INFO  Test worker     d.u.i.k.n.KeyIO           Parsing took 0 ms 
425946     INFO  Test worker     d.u.i.k.n.KeyIO           MODE: declarations took 0 ms 
425946     INFO  Test worker     d.u.i.k.n.KeyIO           Parsing took 0 ms 
425946     INFO  Test worker     d.u.i.k.n.KeyIO           MODE: declarations took 0 ms 
425946     INFO  Test worker     d.u.i.k.n.KeyIO           Parsing took 0 ms 
425946     INFO  Test worker     d.u.i.k.n.KeyIO           MODE: declarations took 0 ms 
425946     INFO  Test worker     d.u.i.k.n.KeyIO           Parsing took 0 ms 
425946     INFO  Test worker     d.u.i.k.n.KeyIO           MODE: declarations took 0 ms 
425946     INFO  Test worker     d.u.i.k.n.KeyIO           Parsing took 0 ms 
425946     INFO  Test worker     d.u.i.k.n.KeyIO           MODE: declarations took 0 ms 
428918     INFO  Test worker     d.u.i.k.n.KeyIO           Parsing took 0 ms 
428918     INFO  Test worker     d.u.i.k.n.KeyIO           MODE: declarations took 0 ms 
428918     INFO  Test worker     d.u.i.k.n.KeyIO           Parsing took 0 ms 
428918     INFO  Test worker     d.u.i.k.n.KeyIO           MODE: declarations took 0 ms 
428918     INFO  Test worker     d.u.i.k.n.KeyIO           Parsing took 0 ms 
428919     INFO  Test worker     d.u.i.k.n.KeyIO           MODE: declarations took 1 ms 
428919     INFO  Test worker     d.u.i.k.n.KeyIO           Parsing took 0 ms 
428919     INFO  Test worker     d.u.i.k.n.KeyIO           MODE: declarations took 0 ms 
428919     INFO  Test worker     d.u.i.k.n.KeyIO           Parsing took 0 ms 
428919     INFO  Test worker     d.u.i.k.n.KeyIO           MODE: declarations took 0 ms 
431853     INFO  Test worker     d.u.i.k.n.KeyIO           Parsing took 0 ms 
431853     INFO  Test worker     d.u.i.k.n.KeyIO           MODE: declarations took 0 ms 
431853     INFO  Test worker     d.u.i.k.n.KeyIO           Parsing took 0 ms 
431853     INFO  Test worker     d.u.i.k.n.KeyIO           MODE: declarations took 0 ms 
431853     INFO  Test worker     d.u.i.k.n.KeyIO           Parsing took 0 ms 
431853     INFO  Test worker     d.u.i.k.n.KeyIO           MODE: declarations took 0 ms 
431853     INFO  Test worker     d.u.i.k.n.KeyIO           Parsing took 0 ms 
431853     INFO  Test worker     d.u.i.k.n.KeyIO           MODE: declarations took 0 ms 
431853     INFO  Test worker     d.u.i.k.n.KeyIO           Parsing took 0 ms 
431853     INFO  Test worker     d.u.i.k.n.KeyIO           MODE: declarations took 0 ms 
434799     INFO  Test worker     d.u.i.k.n.KeyIO           Parsing took 0 ms 
434799     INFO  Test worker     d.u.i.k.n.KeyIO           MODE: declarations took 0 ms 
434799     INFO  Test worker     d.u.i.k.n.KeyIO           Parsing took 0 ms 
434799     INFO  Test worker     d.u.i.k.n.KeyIO           MODE: declarations took 0 ms 
434799     INFO  Test worker     d.u.i.k.n.KeyIO           Parsing took 0 ms 
434799     INFO  Test worker     d.u.i.k.n.KeyIO           MODE: declarations took 0 ms 
434799     INFO  Test worker     d.u.i.k.n.KeyIO           Parsing took 0 ms 
434799     INFO  Test worker     d.u.i.k.n.KeyIO           MODE: declarations took 0 ms 
434799     INFO  Test worker     d.u.i.k.n.KeyIO           Parsing took 0 ms 
434799     INFO  Test worker     d.u.i.k.n.KeyIO           MODE: declarations took 0 ms 
438032     INFO  Test worker     d.u.i.k.n.KeyIO           Parsing took 0 ms 
438033     INFO  Test worker     d.u.i.k.n.KeyIO           MODE: declarations took 1 ms 
438033     INFO  Test worker     d.u.i.k.n.KeyIO           Parsing took 0 ms 
438033     INFO  Test worker     d.u.i.k.n.KeyIO           MODE: declarations took 0 ms 
438033     INFO  Test worker     d.u.i.k.n.KeyIO           Parsing took 0 ms 
438033     INFO  Test worker     d.u.i.k.n.KeyIO           MODE: declarations took 0 ms 
438033     INFO  Test worker     d.u.i.k.n.KeyIO           Parsing took 0 ms 
438033     INFO  Test worker     d.u.i.k.n.KeyIO           MODE: declarations took 0 ms 
438033     INFO  Test worker     d.u.i.k.n.KeyIO           Parsing took 0 ms 
438033     INFO  Test worker     d.u.i.k.n.KeyIO           MODE: declarations took 0 ms 
441255     INFO  Test worker     d.u.i.k.n.KeyIO           Parsing took 0 ms 
441255     INFO  Test worker     d.u.i.k.n.KeyIO           MODE: declarations took 0 ms 
441255     INFO  Test worker     d.u.i.k.n.KeyIO           Parsing took 0 ms 
441255     INFO  Test worker     d.u.i.k.n.KeyIO           MODE: declarations took 0 ms 
441255     INFO  Test worker     d.u.i.k.n.KeyIO           Parsing took 0 ms 
441255     INFO  Test worker     d.u.i.k.n.KeyIO           MODE: declarations took 0 ms 
441255     INFO  Test worker     d.u.i.k.n.KeyIO           Parsing took 0 ms 
441255     INFO  Test worker     d.u.i.k.n.KeyIO           MODE: declarations took 0 ms 
441255     INFO  Test worker     d.u.i.k.n.KeyIO           Parsing took 0 ms 
441255     INFO  Test worker     d.u.i.k.n.KeyIO           MODE: declarations took 0 ms 
]]></system-out>
  <system-err><![CDATA[]]></system-err>
</testsuite>
