<?xml version="1.0" encoding="UTF-8"?>
<testsuite name="de.uka.ilkd.key.parser.TestTacletParser" tests="20" skipped="0" failures="0" errors="0" timestamp="2023-03-25T19:42:59" hostname="fv-az218-327" time="0.112">
  <properties/>
  <testcase name="testAllRight()" classname="de.uka.ilkd.key.parser.TestTacletParser" time="0.002"/>
  <testcase name="testSchemaJava0()" classname="de.uka.ilkd.key.parser.TestTacletParser" time="0.013"/>
  <testcase name="testSchemaJava1()" classname="de.uka.ilkd.key.parser.TestTacletParser" time="0.008"/>
  <testcase name="testSchemaJava2()" classname="de.uka.ilkd.key.parser.TestTacletParser" time="0.005"/>
  <testcase name="testSchemaJava4()" classname="de.uka.ilkd.key.parser.TestTacletParser" time="0.005"/>
  <testcase name="testSchemaJava6()" classname="de.uka.ilkd.key.parser.TestTacletParser" time="0.017"/>
  <testcase name="testSchemaJava8()" classname="de.uka.ilkd.key.parser.TestTacletParser" time="0.004"/>
  <testcase name="testCut()" classname="de.uka.ilkd.key.parser.TestTacletParser" time="0.004"/>
  <testcase name="testMakeInsertEq()" classname="de.uka.ilkd.key.parser.TestTacletParser" time="0.007"/>
  <testcase name="testAllLeft()" classname="de.uka.ilkd.key.parser.TestTacletParser" time="0.003"/>
  <testcase name="testClose()" classname="de.uka.ilkd.key.parser.TestTacletParser" time="0.002"/>
  <testcase name="testSchemaJava10()" classname="de.uka.ilkd.key.parser.TestTacletParser" time="0.003"/>
  <testcase name="testSchemaJava11()" classname="de.uka.ilkd.key.parser.TestTacletParser" time="0.007"/>
  <testcase name="testFIdempotent()" classname="de.uka.ilkd.key.parser.TestTacletParser" time="0.002"/>
  <testcase name="testImpRight()" classname="de.uka.ilkd.key.parser.TestTacletParser" time="0.003"/>
  <testcase name="testVarcondNew()" classname="de.uka.ilkd.key.parser.TestTacletParser" time="0.004"/>
  <testcase name="testFreeReplacewithVariables()" classname="de.uka.ilkd.key.parser.TestTacletParser" time="0.007"/>
  <testcase name="testImpLeft()" classname="de.uka.ilkd.key.parser.TestTacletParser" time="0.002"/>
  <testcase name="testContraposition()" classname="de.uka.ilkd.key.parser.TestTacletParser" time="0.003"/>
  <testcase name="testExConjSplit()" classname="de.uka.ilkd.key.parser.TestTacletParser" time="0.002"/>
  <system-out><![CDATA[314288     INFO  Test worker     d.u.i.k.n.KeyIO           Parsing took 0 ms 
314289     INFO  Test worker     d.u.i.k.n.KeyIO           MODE: declarations took 0 ms 
314290     INFO  Test worker     d.u.i.k.n.KeyIO           Parsing took 0 ms 
314290     INFO  Test worker     d.u.i.k.n.KeyIO           MODE: declarations took 0 ms 
314291     INFO  Test worker     d.u.i.k.n.KeyIO           Parsing took 0 ms 
314291     INFO  Test worker     d.u.i.k.n.KeyIO           MODE: declarations took 0 ms 
314302     INFO  Test worker     d.u.i.k.n.KeyIO           Parsing took 0 ms 
314303     INFO  Test worker     d.u.i.k.n.KeyIO           MODE: declarations took 0 ms 
314305     INFO  Test worker     d.u.i.k.n.KeyIO           Parsing took 0 ms 
314305     INFO  Test worker     d.u.i.k.n.KeyIO           MODE: declarations took 0 ms 
314306     WARN  Test worker     d.u.i.k.n.KeYParser       [syntax-error] <unknown>:2:21: extraneous input '<' expecting {MODALITY, FORALL, EXISTS, '\if', '\ifEx', 'true', 'false', '(', ')', '{', '@', NOT, '-', STRING_LITERAL, CHAR_LITERAL, BIN_LITERAL, HEX_LITERAL, IDENT, INT_LITERAL, FLOAT_LITERAL, DOUBLE_LITERAL, REAL_LITERAL} [@12,22:22='<',<173>,2:21] (argument_list, call, accessterm, primitive_term, primitive_labeled_term, bracket_term, atom_prefix, strong_arith_term_2, strong_arith_term_1, weak_arith_term, comparison_term, equality_term, term60, conjunction_term, disjunction_term, implication_term, equivalence_term, elementary_update_term, parallel_term, term, taclet, rulesOrAxioms, decls, file) 
314309     WARN  Test worker     d.u.i.k.n.KeYParser       [syntax-error] <unknown>:2:23: no viable alternative at input '{..' [@14,24:25='..',<144>,2:23] (atom_prefix, strong_arith_term_2, strong_arith_term_1, weak_arith_term, comparison_term, equality_term, term60, conjunction_term, disjunction_term, implication_term, equivalence_term, elementary_update_term, parallel_term, term, argument_list, call, accessterm, primitive_term, primitive_labeled_term, bracket_term, atom_prefix, strong_arith_term_2, strong_arith_term_1, weak_arith_term, comparison_term, equality_term, term60, conjunction_term, disjunction_term, implication_term, equivalence_term, elementary_update_term, parallel_term, term, taclet, rulesOrAxioms, decls, file) 
314310     WARN  Test worker     d.u.i.k.n.KeYParser       [syntax-error] <unknown>:2:33: mismatched input ';' expecting {',', ')'} [@21,34:34=';',<138>,2:33] (argument_list, call, accessterm, primitive_term, primitive_labeled_term, bracket_term, atom_prefix, strong_arith_term_2, strong_arith_term_1, weak_arith_term, comparison_term, equality_term, term60, conjunction_term, disjunction_term, implication_term, equivalence_term, elementary_update_term, parallel_term, term, taclet, rulesOrAxioms, decls, file) 
314311     WARN  Test worker     d.u.i.k.n.KeYParser       [syntax-error] <unknown>:2:41: no viable alternative at input '#i;' [@26,42:42=';',<138>,2:41] (option_list, taclet, rulesOrAxioms, decls, file) 
314311     WARN  Test worker     d.u.i.k.n.KeYParser       [syntax-error] <unknown>:2:43: mismatched input '<' expecting {'(', '{'} [@28,44:44='<',<173>,2:43] (taclet, rulesOrAxioms, decls, file) 
314311     WARN  Test worker     d.u.i.k.n.KeYParser       [syntax-error] <unknown>:2:47: mismatched input '+' expecting {'(', '{'} [@32,48:48='+',<167>,2:47] (taclet, rulesOrAxioms, decls, file) 
314311     WARN  Test worker     d.u.i.k.n.KeYParser       [syntax-error] <unknown>:2:52: extraneous input '..' expecting {'\lemma', '}', IDENT, '/*!'} [@37,53:54='..',<144>,2:52] (rulesOrAxioms, decls, file) 
314312     WARN  Test worker     d.u.i.k.n.KeYParser       [syntax-error] <unknown>:2:56: mismatched input '>' expecting {<EOF>, '\problem', '\chooseContract', '\proofObligation', '\proof'} [@40,57:57='>',<168>,2:56] (file) 
314313     INFO  Test worker     d.u.i.k.n.KeyIO           Parsing took 1 ms 
314313     INFO  Test worker     d.u.i.k.n.KeyIO           MODE: declarations took 0 ms 
314314     WARN  Test worker     d.u.i.k.n.KeYParser       [syntax-error] <unknown>:2:21: extraneous input '<' expecting {MODALITY, FORALL, EXISTS, '\if', '\ifEx', 'true', 'false', '(', ')', '{', '@', NOT, '-', STRING_LITERAL, CHAR_LITERAL, BIN_LITERAL, HEX_LITERAL, IDENT, INT_LITERAL, FLOAT_LITERAL, DOUBLE_LITERAL, REAL_LITERAL} [@12,22:22='<',<173>,2:21] (argument_list, call, accessterm, primitive_term, primitive_labeled_term, bracket_term, atom_prefix, strong_arith_term_2, strong_arith_term_1, weak_arith_term, comparison_term, equality_term, term60, conjunction_term, disjunction_term, implication_term, equivalence_term, elementary_update_term, parallel_term, term, taclet, rulesOrAxioms, decls, file) 
314314     WARN  Test worker     d.u.i.k.n.KeYParser       [syntax-error] <unknown>:2:23: no viable alternative at input '{..' [@14,24:25='..',<144>,2:23] (atom_prefix, strong_arith_term_2, strong_arith_term_1, weak_arith_term, comparison_term, equality_term, term60, conjunction_term, disjunction_term, implication_term, equivalence_term, elementary_update_term, parallel_term, term, argument_list, call, accessterm, primitive_term, primitive_labeled_term, bracket_term, atom_prefix, strong_arith_term_2, strong_arith_term_1, weak_arith_term, comparison_term, equality_term, term60, conjunction_term, disjunction_term, implication_term, equivalence_term, elementary_update_term, parallel_term, term, taclet, rulesOrAxioms, decls, file) 
314316     WARN  Test worker     d.u.i.k.n.KeYParser       [syntax-error] <unknown>:2:33: mismatched input ';' expecting {',', ')'} [@21,34:34=';',<138>,2:33] (argument_list, call, accessterm, primitive_term, primitive_labeled_term, bracket_term, atom_prefix, strong_arith_term_2, strong_arith_term_1, weak_arith_term, comparison_term, equality_term, term60, conjunction_term, disjunction_term, implication_term, equivalence_term, elementary_update_term, parallel_term, term, taclet, rulesOrAxioms, decls, file) 
314317     WARN  Test worker     d.u.i.k.n.KeYParser       [syntax-error] <unknown>:2:43: no viable alternative at input '#lab;' [@26,44:44=';',<138>,2:43] (option_list, taclet, rulesOrAxioms, decls, file) 
314317     WARN  Test worker     d.u.i.k.n.KeYParser       [syntax-error] <unknown>:2:45: mismatched input '<' expecting {'(', '{'} [@28,46:46='<',<173>,2:45] (taclet, rulesOrAxioms, decls, file) 
314317     WARN  Test worker     d.u.i.k.n.KeYParser       [syntax-error] <unknown>:2:50: mismatched input '+' expecting {'(', '{'} [@32,51:51='+',<167>,2:50] (taclet, rulesOrAxioms, decls, file) 
314317     WARN  Test worker     d.u.i.k.n.KeYParser       [syntax-error] <unknown>:2:56: extraneous input '..' expecting {'\lemma', '}', IDENT, '/*!'} [@38,57:58='..',<144>,2:56] (rulesOrAxioms, decls, file) 
314318     WARN  Test worker     d.u.i.k.n.KeYParser       [syntax-error] <unknown>:2:60: mismatched input '>' expecting {<EOF>, '\problem', '\chooseContract', '\proofObligation', '\proof'} [@41,61:61='>',<168>,2:60] (file) 
314321     INFO  Test worker     d.u.i.k.n.KeyIO           Parsing took 1 ms 
314321     INFO  Test worker     d.u.i.k.n.KeyIO           MODE: declarations took 0 ms 
314322     INFO  Test worker     d.u.i.k.n.KeyIO           Parsing took 1 ms 
314322     INFO  Test worker     d.u.i.k.n.KeyIO           MODE: declarations took 0 ms 
314327     INFO  Test worker     d.u.i.k.n.KeyIO           Parsing took 1 ms 
314328     INFO  Test worker     d.u.i.k.n.KeyIO           MODE: declarations took 0 ms 
314333     INFO  Test worker     d.u.i.k.n.KeyIO           Parsing took 5 ms 
314333     INFO  Test worker     d.u.i.k.n.KeyIO           MODE: declarations took 0 ms 
314343     INFO  Test worker     d.u.i.k.n.KeyIO           Parsing took 0 ms 
314343     INFO  Test worker     d.u.i.k.n.KeyIO           MODE: declarations took 0 ms 
314345     INFO  Test worker     d.u.i.k.n.KeyIO           Parsing took 0 ms 
314345     INFO  Test worker     d.u.i.k.n.KeyIO           MODE: declarations took 0 ms 
314347     INFO  Test worker     d.u.i.k.n.KeyIO           Parsing took 0 ms 
314347     INFO  Test worker     d.u.i.k.n.KeyIO           MODE: declarations took 0 ms 
314349     INFO  Test worker     d.u.i.k.n.KeyIO           Parsing took 0 ms 
314349     INFO  Test worker     d.u.i.k.n.KeyIO           MODE: declarations took 0 ms 
314351     INFO  Test worker     d.u.i.k.n.KeyIO           Parsing took 0 ms 
314351     INFO  Test worker     d.u.i.k.n.KeyIO           MODE: declarations took 0 ms 
314356     INFO  Test worker     d.u.i.k.n.KeyIO           Parsing took 0 ms 
314357     INFO  Test worker     d.u.i.k.n.KeyIO           MODE: declarations took 0 ms 
314358     INFO  Test worker     d.u.i.k.n.KeyIO           Parsing took 0 ms 
314359     INFO  Test worker     d.u.i.k.n.KeyIO           MODE: declarations took 0 ms 
314361     INFO  Test worker     d.u.i.k.n.KeyIO           Parsing took 0 ms 
314361     INFO  Test worker     d.u.i.k.n.KeyIO           MODE: declarations took 0 ms 
314362     INFO  Test worker     d.u.i.k.n.KeyIO           Parsing took 0 ms 
314362     INFO  Test worker     d.u.i.k.n.KeyIO           MODE: declarations took 0 ms 
314364     INFO  Test worker     d.u.i.k.n.KeyIO           Parsing took 0 ms 
314364     INFO  Test worker     d.u.i.k.n.KeyIO           MODE: declarations took 0 ms 
314365     INFO  Test worker     d.u.i.k.n.KeyIO           Parsing took 0 ms 
314365     INFO  Test worker     d.u.i.k.n.KeyIO           MODE: declarations took 0 ms 
314365     INFO  Test worker     d.u.i.k.n.KeyIO           Parsing took 0 ms 
314366     INFO  Test worker     d.u.i.k.n.KeyIO           MODE: declarations took 0 ms 
314368     INFO  Test worker     d.u.i.k.n.KeyIO           Parsing took 0 ms 
314369     INFO  Test worker     d.u.i.k.n.KeyIO           MODE: declarations took 0 ms 
314370     INFO  Test worker     d.u.i.k.n.KeyIO           Parsing took 1 ms 
314370     INFO  Test worker     d.u.i.k.n.KeyIO           MODE: declarations took 0 ms 
314376     INFO  Test worker     d.u.i.k.n.KeyIO           Parsing took 0 ms 
314376     INFO  Test worker     d.u.i.k.n.KeyIO           MODE: declarations took 0 ms 
314377     INFO  Test worker     d.u.i.k.n.KeyIO           Parsing took 0 ms 
314377     INFO  Test worker     d.u.i.k.n.KeyIO           MODE: declarations took 0 ms 
314378     INFO  Test worker     d.u.i.k.n.KeyIO           Parsing took 0 ms 
314379     INFO  Test worker     d.u.i.k.n.KeyIO           MODE: declarations took 0 ms 
314380     INFO  Test worker     d.u.i.k.n.KeyIO           Parsing took 0 ms 
314380     INFO  Test worker     d.u.i.k.n.KeyIO           MODE: declarations took 0 ms 
314383     INFO  Test worker     d.u.i.k.n.KeyIO           Parsing took 1 ms 
314384     INFO  Test worker     d.u.i.k.n.KeyIO           MODE: declarations took 1 ms 
314384     INFO  Test worker     d.u.i.k.n.KeyIO           Parsing took 0 ms 
314384     INFO  Test worker     d.u.i.k.n.KeyIO           MODE: declarations took 0 ms 
314385     INFO  Test worker     d.u.i.k.n.KeyIO           Parsing took 0 ms 
314385     INFO  Test worker     d.u.i.k.n.KeyIO           MODE: declarations took 0 ms 
314386     INFO  Test worker     d.u.i.k.n.KeyIO           Parsing took 0 ms 
314387     INFO  Test worker     d.u.i.k.n.KeyIO           MODE: declarations took 0 ms 
314389     INFO  Test worker     d.u.i.k.n.KeyIO           Parsing took 0 ms 
314390     INFO  Test worker     d.u.i.k.n.KeyIO           MODE: declarations took 0 ms 
314393     INFO  Test worker     d.u.i.k.n.KeyIO           Parsing took 0 ms 
314394     INFO  Test worker     d.u.i.k.n.KeyIO           MODE: declarations took 0 ms 
314395     INFO  Test worker     d.u.i.k.n.KeyIO           Parsing took 1 ms 
314395     INFO  Test worker     d.u.i.k.n.KeyIO           MODE: declarations took 0 ms 
314396     INFO  Test worker     d.u.i.k.n.KeyIO           Parsing took 0 ms 
314396     INFO  Test worker     d.u.i.k.n.KeyIO           MODE: declarations took 0 ms 
314397     INFO  Test worker     d.u.i.k.n.KeyIO           Parsing took 0 ms 
314397     INFO  Test worker     d.u.i.k.n.KeyIO           MODE: declarations took 0 ms 
314399     INFO  Test worker     d.u.i.k.n.KeyIO           Parsing took 1 ms 
314399     INFO  Test worker     d.u.i.k.n.KeyIO           MODE: declarations took 0 ms 
314400     INFO  Test worker     d.u.i.k.n.KeyIO           Parsing took 0 ms 
314400     INFO  Test worker     d.u.i.k.n.KeyIO           MODE: declarations took 0 ms 
]]></system-out>
  <system-err><![CDATA[]]></system-err>
</testsuite>
