<?xml version="1.0" encoding="UTF-8"?>
<testsuite name="de.uka.ilkd.key.taclettranslation.TestTacletTranslator" tests="5" skipped="0" failures="0" errors="0" timestamp="2023-03-25T19:51:43" hostname="fv-az218-327" time="0.008">
  <properties/>
  <testcase name="testPropositional1()" classname="de.uka.ilkd.key.taclettranslation.TestTacletTranslator" time="0.003"/>
  <testcase name="testPropositional2()" classname="de.uka.ilkd.key.taclettranslation.TestTacletTranslator" time="0.001"/>
  <testcase name="testNegativePolarity()" classname="de.uka.ilkd.key.taclettranslation.TestTacletTranslator" time="0.001"/>
  <testcase name="testNoPolarity()" classname="de.uka.ilkd.key.taclettranslation.TestTacletTranslator" time="0.001"/>
  <testcase name="testPositivePolarity()" classname="de.uka.ilkd.key.taclettranslation.TestTacletTranslator" time="0.001"/>
  <system-out><![CDATA[838097     INFO  Test worker     d.u.i.k.n.KeyIO           Parsing took 0 ms 
838098     INFO  Test worker     d.u.i.k.n.KeyIO           MODE: declarations took 0 ms 
838100     INFO  Test worker     d.u.i.k.n.KeyIO           Parsing took 0 ms 
838100     INFO  Test worker     d.u.i.k.n.KeyIO           MODE: declarations took 0 ms 
838101     INFO  Test worker     d.u.i.k.n.KeyIO           Parsing took 0 ms 
838102     INFO  Test worker     d.u.i.k.n.KeyIO           MODE: declarations took 1 ms 
838103     INFO  Test worker     d.u.i.k.n.KeyIO           Parsing took 1 ms 
838103     INFO  Test worker     d.u.i.k.n.KeyIO           MODE: declarations took 0 ms 
838104     INFO  Test worker     d.u.i.k.n.KeyIO           Parsing took 0 ms 
838104     INFO  Test worker     d.u.i.k.n.KeyIO           MODE: declarations took 0 ms 
]]></system-out>
  <system-err><![CDATA[]]></system-err>
</testsuite>
