<?xml version="1.0" encoding="UTF-8"?>
<testsuite name="de.uka.ilkd.key.parser.TestTermParserSorts" tests="2" skipped="0" failures="0" errors="0" timestamp="2023-03-25T19:45:09" hostname="fv-az218-327" time="2.978">
  <properties/>
  <testcase name="testParseIntegerArgs()" classname="de.uka.ilkd.key.parser.TestTermParserSorts" time="0.014"/>
  <testcase name="testParseSequencePrettySyntax()" classname="de.uka.ilkd.key.parser.TestTermParserSorts" time="0.002"/>
  <system-out><![CDATA[444245     INFO  Test worker     d.u.i.k.n.KeyIO           Parsing took 0 ms 
444245     INFO  Test worker     d.u.i.k.n.KeyIO           MODE: declarations took 0 ms 
444245     INFO  Test worker     d.u.i.k.n.KeyIO           Parsing took 0 ms 
444245     INFO  Test worker     d.u.i.k.n.KeyIO           MODE: declarations took 0 ms 
444245     INFO  Test worker     d.u.i.k.n.KeyIO           Parsing took 0 ms 
444245     INFO  Test worker     d.u.i.k.n.KeyIO           MODE: declarations took 0 ms 
447221     INFO  Test worker     d.u.i.k.n.KeyIO           Parsing took 0 ms 
447221     INFO  Test worker     d.u.i.k.n.KeyIO           MODE: declarations took 0 ms 
447221     INFO  Test worker     d.u.i.k.n.KeyIO           Parsing took 0 ms 
447221     INFO  Test worker     d.u.i.k.n.KeyIO           MODE: declarations took 0 ms 
447221     INFO  Test worker     d.u.i.k.n.KeyIO           Parsing took 0 ms 
447221     INFO  Test worker     d.u.i.k.n.KeyIO           MODE: declarations took 0 ms 
]]></system-out>
  <system-err><![CDATA[]]></system-err>
</testsuite>
