<?xml version="1.0" encoding="UTF-8"?>
<testsuite name="de.uka.ilkd.key.parser.TestDeclParser" tests="14" skipped="2" failures="0" errors="0" timestamp="2023-03-25T19:41:22" hostname="fv-az218-327" time="12.189">
  <properties/>
  <testcase name="testGenericSortDecl1()" classname="de.uka.ilkd.key.parser.TestDeclParser" time="1.026"/>
  <testcase name="testGenericSortDecl2()" classname="de.uka.ilkd.key.parser.TestDeclParser" time="1.065"/>
  <testcase name="testGenericSortDecl3()" classname="de.uka.ilkd.key.parser.TestDeclParser" time="1.083"/>
  <testcase name="testGenericSortDecl4()" classname="de.uka.ilkd.key.parser.TestDeclParser" time="0.99"/>
  <testcase name="testGenericSortDecl5()" classname="de.uka.ilkd.key.parser.TestDeclParser" time="0.0">
    <skipped/>
  </testcase>
  <testcase name="testGenericSortDecl6()" classname="de.uka.ilkd.key.parser.TestDeclParser" time="1.045"/>
  <testcase name="testSortDecl()" classname="de.uka.ilkd.key.parser.TestDeclParser" time="1.091"/>
  <testcase name="testProxySortDecl()" classname="de.uka.ilkd.key.parser.TestDeclParser" time="1.106"/>
  <testcase name="testArrayDecl()" classname="de.uka.ilkd.key.parser.TestDeclParser" time="0.985"/>
  <testcase name="testAmbiguousDecls()" classname="de.uka.ilkd.key.parser.TestDeclParser" time="0.0">
    <skipped/>
  </testcase>
  <testcase name="testHeurDecl()" classname="de.uka.ilkd.key.parser.TestDeclParser" time="0.961"/>
  <testcase name="testFunctionDecl()" classname="de.uka.ilkd.key.parser.TestDeclParser" time="0.958"/>
  <testcase name="testPredicateDecl()" classname="de.uka.ilkd.key.parser.TestDeclParser" time="0.921"/>
  <testcase name="testSVDecl()" classname="de.uka.ilkd.key.parser.TestDeclParser" time="0.953"/>
  <system-out><![CDATA[218628     INFO  Test worker     d.u.i.k.n.KeyIO           Parsing took 0 ms 
218629     INFO  Test worker     d.u.i.k.n.KeyIO           MODE: declarations took 0 ms 
219695     INFO  Test worker     d.u.i.k.n.KeyIO           Parsing took 0 ms 
219695     INFO  Test worker     d.u.i.k.n.KeyIO           MODE: declarations took 0 ms 
220778     INFO  Test worker     d.u.i.k.n.KeyIO           Parsing took 0 ms 
220778     INFO  Test worker     d.u.i.k.n.KeyIO           MODE: declarations took 0 ms 
221769     INFO  Test worker     d.u.i.k.n.KeyIO           Parsing took 0 ms 
221769     INFO  Test worker     d.u.i.k.n.KeyIO           MODE: declarations took 0 ms 
222815     INFO  Test worker     d.u.i.k.n.KeyIO           Parsing took 0 ms 
222816     INFO  Test worker     d.u.i.k.n.KeyIO           MODE: declarations took 1 ms 
223907     INFO  Test worker     d.u.i.k.n.KeyIO           Parsing took 0 ms 
223908     INFO  Test worker     d.u.i.k.n.KeyIO           MODE: declarations took 0 ms 
225014     INFO  Test worker     d.u.i.k.n.KeyIO           Parsing took 1 ms 
225014     INFO  Test worker     d.u.i.k.n.KeyIO           MODE: declarations took 0 ms 
225998     INFO  Test worker     d.u.i.k.n.KeyIO           Parsing took 0 ms 
225998     INFO  Test worker     d.u.i.k.n.KeyIO           MODE: declarations took 0 ms 
226961     INFO  Test worker     d.u.i.k.n.KeyIO           Parsing took 0 ms 
226961     INFO  Test worker     d.u.i.k.n.KeyIO           MODE: declarations took 0 ms 
227918     INFO  Test worker     d.u.i.k.n.KeyIO           Parsing took 0 ms 
227918     INFO  Test worker     d.u.i.k.n.KeyIO           MODE: declarations took 0 ms 
228840     INFO  Test worker     d.u.i.k.n.KeyIO           Parsing took 0 ms 
228840     INFO  Test worker     d.u.i.k.n.KeyIO           MODE: declarations took 0 ms 
229792     INFO  Test worker     d.u.i.k.n.KeyIO           Parsing took 0 ms 
229792     INFO  Test worker     d.u.i.k.n.KeyIO           MODE: declarations took 0 ms 
]]></system-out>
  <system-err><![CDATA[]]></system-err>
</testsuite>
