<?xml version="1.0" encoding="UTF-8"?>
<testsuite name="de.uka.ilkd.key.macros.scripts.meta.RewriteTest" tests="2" skipped="0" failures="0" errors="0" timestamp="2023-03-25T19:41:05" hostname="fv-az218-327" time="6.427">
  <properties/>
  <testcase name="testLessTransitive()" classname="de.uka.ilkd.key.macros.scripts.meta.RewriteTest" time="2.949"/>
  <testcase name="testTransitive()" classname="de.uka.ilkd.key.macros.scripts.meta.RewriteTest" time="3.476"/>
  <system-out><![CDATA[202805     INFO  Test worker     d.u.i.k.m.s.ProofScriptEngine 1: 'rewrite find="f < x" replace="x > f"' 
206278     INFO  Test worker     d.u.i.k.m.s.ProofScriptEngine 1: 'rule impRight' 
206282     INFO  Test worker     d.u.i.k.m.s.ProofScriptEngine 2: 'rule andLeft' 
206288     INFO  Test worker     d.u.i.k.m.s.ProofScriptEngine 3: 'rewrite find="f = x" replace="x = f"' 
]]></system-out>
  <system-err><![CDATA[]]></system-err>
</testsuite>
