<?xml version="1.0" encoding="UTF-8"?>
<testsuite name="de.uka.ilkd.key.logic.TestClashFreeSubst" tests="14" skipped="2" failures="0" errors="0" timestamp="2023-03-25T19:38:22" hostname="fv-az218-327" time="52.647">
  <properties/>
  <testcase name="testMultiShareBound()" classname="de.uka.ilkd.key.logic.TestClashFreeSubst" time="1.08"/>
  <testcase name="testClash()" classname="de.uka.ilkd.key.logic.TestClashFreeSubst" time="1.04"/>
  <testcase name="testShare()" classname="de.uka.ilkd.key.logic.TestClashFreeSubst" time="0.939"/>
  <testcase name="testSubst()" classname="de.uka.ilkd.key.logic.TestClashFreeSubst" time="0.923"/>
  <testcase name="testWary0()" classname="de.uka.ilkd.key.logic.TestClashFreeSubst" time="0.925"/>
  <testcase name="testWary1()" classname="de.uka.ilkd.key.logic.TestClashFreeSubst" time="0.938"/>
  <testcase name="testWary2()" classname="de.uka.ilkd.key.logic.TestClashFreeSubst" time="0.916"/>
  <testcase name="testClashInSubstTerm()" classname="de.uka.ilkd.key.logic.TestClashFreeSubst" time="0.977"/>
  <testcase name="testShareWary()" classname="de.uka.ilkd.key.logic.TestClashFreeSubst" time="0.972"/>
  <testcase name="testMultiSubst()" classname="de.uka.ilkd.key.logic.TestClashFreeSubst" time="1.022"/>
  <testcase name="xtestMultiClash()" classname="de.uka.ilkd.key.logic.TestClashFreeSubst" time="0.0">
    <skipped/>
  </testcase>
  <testcase name="testSubstInSubstTerm()" classname="de.uka.ilkd.key.logic.TestClashFreeSubst" time="1.02"/>
  <testcase name="testSubstWary()" classname="de.uka.ilkd.key.logic.TestClashFreeSubst" time="0.976"/>
  <testcase name="xtestMultiClash1()" classname="de.uka.ilkd.key.logic.TestClashFreeSubst" time="0.0">
    <skipped/>
  </testcase>
  <system-out><![CDATA[36727      INFO  Test worker     d.u.i.k.n.KeyIO           Parsing took 0 ms 
36729      INFO  Test worker     d.u.i.k.n.KeyIO           MODE: declarations took 1 ms 
37798      INFO  Test worker     d.u.i.k.n.KeyIO           Parsing took 0 ms 
37800      INFO  Test worker     d.u.i.k.n.KeyIO           MODE: declarations took 0 ms 
41156      INFO  Test worker     d.u.i.k.n.KeyIO           Parsing took 0 ms 
41156      INFO  Test worker     d.u.i.k.n.KeyIO           MODE: declarations took 0 ms 
42189      INFO  Test worker     d.u.i.k.n.KeyIO           Parsing took 0 ms 
42190      INFO  Test worker     d.u.i.k.n.KeyIO           MODE: declarations took 0 ms 
45502      INFO  Test worker     d.u.i.k.n.KeyIO           Parsing took 0 ms 
45502      INFO  Test worker     d.u.i.k.n.KeyIO           MODE: declarations took 0 ms 
46438      INFO  Test worker     d.u.i.k.n.KeyIO           Parsing took 0 ms 
46439      INFO  Test worker     d.u.i.k.n.KeyIO           MODE: declarations took 0 ms 
49764      INFO  Test worker     d.u.i.k.n.KeyIO           Parsing took 0 ms 
49765      INFO  Test worker     d.u.i.k.n.KeyIO           MODE: declarations took 0 ms 
50684      INFO  Test worker     d.u.i.k.n.KeyIO           Parsing took 0 ms 
50685      INFO  Test worker     d.u.i.k.n.KeyIO           MODE: declarations took 0 ms 
53720      INFO  Test worker     d.u.i.k.n.KeyIO           Parsing took 0 ms 
53720      INFO  Test worker     d.u.i.k.n.KeyIO           MODE: declarations took 0 ms 
54641      INFO  Test worker     d.u.i.k.n.KeyIO           Parsing took 0 ms 
54641      INFO  Test worker     d.u.i.k.n.KeyIO           MODE: declarations took 0 ms 
57638      INFO  Test worker     d.u.i.k.n.KeyIO           Parsing took 0 ms 
57638      INFO  Test worker     d.u.i.k.n.KeyIO           MODE: declarations took 0 ms 
58574      INFO  Test worker     d.u.i.k.n.KeyIO           Parsing took 0 ms 
58574      INFO  Test worker     d.u.i.k.n.KeyIO           MODE: declarations took 0 ms 
61604      INFO  Test worker     d.u.i.k.n.KeyIO           Parsing took 0 ms 
61605      INFO  Test worker     d.u.i.k.n.KeyIO           MODE: declarations took 1 ms 
62517      INFO  Test worker     d.u.i.k.n.KeyIO           Parsing took 0 ms 
62518      INFO  Test worker     d.u.i.k.n.KeyIO           MODE: declarations took 0 ms 
65517      INFO  Test worker     d.u.i.k.n.KeyIO           Parsing took 0 ms 
65518      INFO  Test worker     d.u.i.k.n.KeyIO           MODE: declarations took 1 ms 
66490      INFO  Test worker     d.u.i.k.n.KeyIO           Parsing took 0 ms 
66491      INFO  Test worker     d.u.i.k.n.KeyIO           MODE: declarations took 0 ms 
69531      INFO  Test worker     d.u.i.k.n.KeyIO           Parsing took 0 ms 
69532      INFO  Test worker     d.u.i.k.n.KeyIO           MODE: declarations took 0 ms 
70500      INFO  Test worker     d.u.i.k.n.KeyIO           Parsing took 0 ms 
70501      INFO  Test worker     d.u.i.k.n.KeyIO           MODE: declarations took 0 ms 
73815      INFO  Test worker     d.u.i.k.n.KeyIO           Parsing took 0 ms 
73815      INFO  Test worker     d.u.i.k.n.KeyIO           MODE: declarations took 0 ms 
74834      INFO  Test worker     d.u.i.k.n.KeyIO           Parsing took 0 ms 
74835      INFO  Test worker     d.u.i.k.n.KeyIO           MODE: declarations took 0 ms 
81229      INFO  Test worker     d.u.i.k.n.KeyIO           Parsing took 1 ms 
81229      INFO  Test worker     d.u.i.k.n.KeyIO           MODE: declarations took 0 ms 
82246      INFO  Test worker     d.u.i.k.n.KeyIO           Parsing took 0 ms 
82246      INFO  Test worker     d.u.i.k.n.KeyIO           MODE: declarations took 0 ms 
85247      INFO  Test worker     d.u.i.k.n.KeyIO           Parsing took 0 ms 
85248      INFO  Test worker     d.u.i.k.n.KeyIO           MODE: declarations took 0 ms 
86220      INFO  Test worker     d.u.i.k.n.KeyIO           Parsing took 0 ms 
86221      INFO  Test worker     d.u.i.k.n.KeyIO           MODE: declarations took 0 ms 
]]></system-out>
  <system-err><![CDATA[]]></system-err>
</testsuite>
