<?xml version="1.0" encoding="UTF-8"?>
<testsuite name="de.uka.ilkd.key.logic.TestTermFactory" tests="19" skipped="0" failures="0" errors="0" timestamp="2023-02-22T15:00:50" hostname="fv-az254-432" time="0.057">
  <properties/>
  <testcase name="testQuantifierWithNoBoundSubTerms()" classname="de.uka.ilkd.key.logic.TestTermFactory" time="0.0"/>
  <testcase name="testWrongSubstTermForLogicVariable()" classname="de.uka.ilkd.key.logic.TestTermFactory" time="0.026"/>
  <testcase name="testQuantifierTerm()" classname="de.uka.ilkd.key.logic.TestTermFactory" time="0.0"/>
  <testcase name="testSubSortsSubst()" classname="de.uka.ilkd.key.logic.TestTermFactory" time="0.009"/>
  <testcase name="testSubSortsEquals()" classname="de.uka.ilkd.key.logic.TestTermFactory" time="0.0"/>
  <testcase name="testSubtermsForLogicVariable()" classname="de.uka.ilkd.key.logic.TestTermFactory" time="0.0"/>
  <testcase name="testJunctorTerm()" classname="de.uka.ilkd.key.logic.TestTermFactory" time="0.0"/>
  <testcase name="testWithInvalidSubformulae()" classname="de.uka.ilkd.key.logic.TestTermFactory" time="0.001"/>
  <testcase name="testWrongArity()" classname="de.uka.ilkd.key.logic.TestTermFactory" time="0.002"/>
  <testcase name="testWrongSorts()" classname="de.uka.ilkd.key.logic.TestTermFactory" time="0.0"/>
  <testcase name="testBoxTerm()" classname="de.uka.ilkd.key.logic.TestTermFactory" time="0.001"/>
  <testcase name="testCaching()" classname="de.uka.ilkd.key.logic.TestTermFactory" time="0.0"/>
  <testcase name="testSubSorts1()" classname="de.uka.ilkd.key.logic.TestTermFactory" time="0.0"/>
  <testcase name="testConstantTrue()" classname="de.uka.ilkd.key.logic.TestTermFactory" time="0.0"/>
  <testcase name="testSimplePredicate()" classname="de.uka.ilkd.key.logic.TestTermFactory" time="0.0"/>
  <testcase name="testNegationTerm()" classname="de.uka.ilkd.key.logic.TestTermFactory" time="0.002"/>
  <testcase name="testDiamondTerm()" classname="de.uka.ilkd.key.logic.TestTermFactory" time="0.0"/>
  <testcase name="testSubstitutionTerm()" classname="de.uka.ilkd.key.logic.TestTermFactory" time="0.001"/>
  <testcase name="testJunctorTermWithWrongArity()" classname="de.uka.ilkd.key.logic.TestTermFactory" time="0.0"/>
  <system-out><![CDATA[]]></system-out>
  <system-err><![CDATA[]]></system-err>
</testsuite>
