<?xml version="1.0" encoding="UTF-8"?>
<testsuite name="de.uka.ilkd.key.logic.TestTermLabelManager" tests="21" skipped="0" failures="0" errors="0" timestamp="2023-02-27T18:05:23" hostname="fv-az456-359" time="59.466">
  <properties/>
  <testcase name="testInstantiateLabels_directChildPolicies_allRules()" classname="de.uka.ilkd.key.logic.TestTermLabelManager" time="4.252"/>
  <testcase name="testInstantiateLabels_childAndGrandchildPolicies_ruleSpecific()" classname="de.uka.ilkd.key.logic.TestTermLabelManager" time="3.083"/>
  <testcase name="testParseLabel()" classname="de.uka.ilkd.key.logic.TestTermLabelManager" time="3.126"/>
  <testcase name="testrefactorGoal_childrenAndGrandchildren_ruleSpecific()" classname="de.uka.ilkd.key.logic.TestTermLabelManager" time="3.109"/>
  <testcase name="testrefactorGoal_directChildren_allRules()" classname="de.uka.ilkd.key.logic.TestTermLabelManager" time="3.132"/>
  <testcase name="testInstantiateLabels_childAndGrandchildPolicies_allRules()" classname="de.uka.ilkd.key.logic.TestTermLabelManager" time="3.051"/>
  <testcase name="testInstantiateLabels_taclet()" classname="de.uka.ilkd.key.logic.TestTermLabelManager" time="3.053"/>
  <testcase name="testrefactorGoal_none_ruleSpecific()" classname="de.uka.ilkd.key.logic.TestTermLabelManager" time="3.069"/>
  <testcase name="testInstantiateLabels_updates_ruleSpecific()" classname="de.uka.ilkd.key.logic.TestTermLabelManager" time="3.051"/>
  <testcase name="testrefactorGoal_sequent_ruleSpecific()" classname="de.uka.ilkd.key.logic.TestTermLabelManager" time="3.07"/>
  <testcase name="testInstantiateLabels_updates_allRules()" classname="de.uka.ilkd.key.logic.TestTermLabelManager" time="3.132"/>
  <testcase name="testrefactorGoal_sequent_allRules()" classname="de.uka.ilkd.key.logic.TestTermLabelManager" time="3.043"/>
  <testcase name="testrefactorGoal_childrenAndGrandchildren_allRules()" classname="de.uka.ilkd.key.logic.TestTermLabelManager" time="3.016"/>
  <testcase name="testGetTermLabelManager()" classname="de.uka.ilkd.key.logic.TestTermLabelManager" time="0.001"/>
  <testcase name="testInstantiateLabels_applicationTermPolicies()" classname="de.uka.ilkd.key.logic.TestTermLabelManager" time="3.057"/>
  <testcase name="testInstantiateLabels_modalityTermPolicies()" classname="de.uka.ilkd.key.logic.TestTermLabelManager" time="3.014"/>
  <testcase name="testrefactorGoal_none_allRules()" classname="de.uka.ilkd.key.logic.TestTermLabelManager" time="2.999"/>
  <testcase name="testInstantiateLabels_null()" classname="de.uka.ilkd.key.logic.TestTermLabelManager" time="0.0"/>
  <testcase name="testrefactorGoal_directChildren_ruleSpecific()" classname="de.uka.ilkd.key.logic.TestTermLabelManager" time="3.072"/>
  <testcase name="testInstantiateLabels_directChildPolicies_ruleSpecific()" classname="de.uka.ilkd.key.logic.TestTermLabelManager" time="3.031"/>
  <testcase name="testGetSupportedTermLabelNames()" classname="de.uka.ilkd.key.logic.TestTermLabelManager" time="3.095"/>
  <system-out><![CDATA[]]></system-out>
  <system-err><![CDATA[]]></system-err>
</testsuite>
