<?xml version="1.0" encoding="UTF-8"?>
<testsuite name="de.uka.ilkd.key.proof.runallproofs.RunAllProofsInfFlow" tests="29" skipped="0" failures="0" errors="0" timestamp="2023-06-12T22:09:21" hostname="fv-az1135-891" time="2688.434">
  <properties/>
  <testcase name="ToyVoting" classname="de.uka.ilkd.key.proof.runallproofs.RunAllProofsInfFlow" time="25.261"/>
  <testcase name="ConditionalConfidential" classname="de.uka.ilkd.key.proof.runallproofs.RunAllProofsInfFlow" time="15.417"/>
  <testcase name="SumExample" classname="de.uka.ilkd.key.proof.runallproofs.RunAllProofsInfFlow" time="10.021"/>
  <testcase name="ToyBanking" classname="de.uka.ilkd.key.proof.runallproofs.RunAllProofsInfFlow" time="107.279"/>
  <testcase name="BlockContracts" classname="de.uka.ilkd.key.proof.runallproofs.RunAllProofsInfFlow" time="63.483"/>
  <testcase name="MethodContracts" classname="de.uka.ilkd.key.proof.runallproofs.RunAllProofsInfFlow" time="74.85"/>
  <testcase name="LoopInvariants" classname="de.uka.ilkd.key.proof.runallproofs.RunAllProofsInfFlow" time="68.242"/>
  <testcase name="MiniExamples" classname="de.uka.ilkd.key.proof.runallproofs.RunAllProofsInfFlow" time="96.435"/>
  <testcase name="NewObjects" classname="de.uka.ilkd.key.proof.runallproofs.RunAllProofsInfFlow" time="80.339"/>
  <testcase name="SimpleEvoting" classname="de.uka.ilkd.key.proof.runallproofs.RunAllProofsInfFlow" time="166.755"/>
  <testcase name="ToyVoting_nomacro" classname="de.uka.ilkd.key.proof.runallproofs.RunAllProofsInfFlow" time="35.014"/>
  <testcase name="ConditionalConfidential_nomacro" classname="de.uka.ilkd.key.proof.runallproofs.RunAllProofsInfFlow" time="0.001"/>
  <testcase name="SumExample_nomacro" classname="de.uka.ilkd.key.proof.runallproofs.RunAllProofsInfFlow" time="12.327"/>
  <testcase name="ToyBanking_nomacro" classname="de.uka.ilkd.key.proof.runallproofs.RunAllProofsInfFlow" time="73.627"/>
  <testcase name="BlockContracts_nomacro" classname="de.uka.ilkd.key.proof.runallproofs.RunAllProofsInfFlow" time="77.317"/>
  <testcase name="MethodContracts_nomacro" classname="de.uka.ilkd.key.proof.runallproofs.RunAllProofsInfFlow" time="73.236"/>
  <testcase name="LoopInvariants_nomacro" classname="de.uka.ilkd.key.proof.runallproofs.RunAllProofsInfFlow" time="107.911"/>
  <testcase name="MiniExamples_nomacro" classname="de.uka.ilkd.key.proof.runallproofs.RunAllProofsInfFlow" time="99.974"/>
  <testcase name="NewObjects_nomacro" classname="de.uka.ilkd.key.proof.runallproofs.RunAllProofsInfFlow" time="133.009"/>
  <testcase name="SimpleEvoting_nomacro" classname="de.uka.ilkd.key.proof.runallproofs.RunAllProofsInfFlow" time="123.869"/>
  <testcase name="ToyVoting_fullmacro" classname="de.uka.ilkd.key.proof.runallproofs.RunAllProofsInfFlow" time="55.129"/>
  <testcase name="SumExample_fullmacro" classname="de.uka.ilkd.key.proof.runallproofs.RunAllProofsInfFlow" time="10.752"/>
  <testcase name="ToyBanking_fullmacro" classname="de.uka.ilkd.key.proof.runallproofs.RunAllProofsInfFlow" time="256.855"/>
  <testcase name="BlockContracts_fullmacro" classname="de.uka.ilkd.key.proof.runallproofs.RunAllProofsInfFlow" time="80.632"/>
  <testcase name="MethodContracts_fullmacro" classname="de.uka.ilkd.key.proof.runallproofs.RunAllProofsInfFlow" time="73.292"/>
  <testcase name="InformationFlow_fullmacro" classname="de.uka.ilkd.key.proof.runallproofs.RunAllProofsInfFlow" time="304.058"/>
  <testcase name="MiniExamples_fullmacro" classname="de.uka.ilkd.key.proof.runallproofs.RunAllProofsInfFlow" time="101.207"/>
  <testcase name="NewObjects_fullmacro" classname="de.uka.ilkd.key.proof.runallproofs.RunAllProofsInfFlow" time="191.435"/>
  <testcase name="SimpleEvoting_fullmacro" classname="de.uka.ilkd.key.proof.runallproofs.RunAllProofsInfFlow" time="170.69"/>
  <system-out><![CDATA[615        INFO  Test worker     d.u.i.k.p.r.p.StatisticsFile Running test ToyVoting 
338        INFO  Timeout watchdog d.u.i.k.p.r.p.ForkedTestFileRunner Timeout watcher launched (1000 secs.) 
353        WARN  main            d.u.i.k.s.ProofSettings   No proof-settings could be loaded, using defaults java.io.FileNotFoundException: /home/runner/.key/proof-settings.props (No such file or directory)
	at java.base/java.io.FileInputStream.open0(Native Method)

377        INFO  main            d.u.i.k.p.r.p.TestFile    Now processing file /home/runner/work/key/key/key.core/../key.ui/examples/InformationFlow/ToyVoting/Voter(Voter__insecure_voting()).JML normal_behavior operation contract.0.key 
520        INFO  main            d.u.i.k.p.i.AbstractProblemLoader Loading environment from /home/runner/work/key/key/key.core/../key.ui/examples/InformationFlow/ToyVoting/Voter(Voter__insecure_voting()).JML normal_behavior operation contract.0.key 
540        DEBUG main            d.u.i.k.p.i.AbstractProblemLoader Environment load took 2.48ms 
788        INFO  main            d.u.i.k.p.i.AbstractProblemLoader Creating init config 
1812       DEBUG main            d.u.i.k.j.TypeConverter   No LDT found for Meta 
1813       DEBUG main            d.u.i.k.j.TypeConverter   No LDT found for Meta 
1816       DEBUG main            d.u.i.k.j.TypeConverter   No LDT found for Meta 
1817       DEBUG main            d.u.i.k.j.TypeConverter   No LDT found for Meta 
3379       DEBUG main            d.u.i.k.j.TypeConverter   No LDT found for JavaBigintExpression 
8234       DEBUG main            d.u.i.k.p.i.AbstractProblemLoader Init config took 7.45s 
8353       INFO  main            d.u.i.k.p.i.AbstractProblemLoader Replaying proof Voter[Voter::insecure_voting()].JML normal_behavior operation contract.0 
8428       DEBUG main            d.u.i.k.p.i.IntermediateProofReplayer Proof replay took 366.61ns 
9467       INFO  main            d.u.i.k.p.r.p.TestFile    ... finished proof: closed. 
9594       INFO  main            d.u.i.k.p.r.p.TestFile    Now processing file /home/runner/work/key/key/key.core/../key.ui/examples/InformationFlow/ToyVoting/Voter(Voter__publishVoterParticipation()).JML normal_behavior operation contract.0.key 
9595       INFO  main            d.u.i.k.p.i.AbstractProblemLoader Loading environment from /home/runner/work/key/key/key.core/../key.ui/examples/InformationFlow/ToyVoting/Voter(Voter__publishVoterParticipation()).JML normal_behavior operation contract.0.key 
9595       DEBUG main            d.u.i.k.p.i.AbstractProblemLoader Environment load took 623.91ns 
9598       INFO  main            d.u.i.k.p.i.AbstractProblemLoader Creating init config 
12411      DEBUG main            d.u.i.k.p.i.AbstractProblemLoader Init config took 2.81s 
12487      INFO  main            d.u.i.k.p.i.AbstractProblemLoader Replaying proof Voter[Voter::publishVoterParticipation()].JML normal_behavior operation contract.0 
12491      DEBUG main            d.u.i.k.p.i.IntermediateProofReplayer Proof replay took 12ns 
12594      INFO  main            d.u.i.k.p.r.p.TestFile    ... finished proof: closed. 
12702      INFO  main            d.u.i.k.p.r.p.TestFile    Now processing file /home/runner/work/key/key/key.core/../key.ui/examples/InformationFlow/ToyVoting/Voter(Voter__isValid(int)).JML normal_behavior operation contract.0.key 
12702      INFO  main            d.u.i.k.p.i.AbstractProblemLoader Loading environment from /home/runner/work/key/key/key.core/../key.ui/examples/InformationFlow/ToyVoting/Voter(Voter__isValid(int)).JML normal_behavior operation contract.0.key 
12703      DEBUG main            d.u.i.k.p.i.AbstractProblemLoader Environment load took 808.01ns 
12705      INFO  main            d.u.i.k.p.i.AbstractProblemLoader Creating init config 
15373      DEBUG main            d.u.i.k.p.i.AbstractProblemLoader Init config took 2.67s 
15432      INFO  main            d.u.i.k.p.i.AbstractProblemLoader Replaying proof Voter[Voter::isValid(int)].JML normal_behavior operation contract.0 
15436      DEBUG main            d.u.i.k.p.i.IntermediateProofReplayer Proof replay took 12.6ns 
15538      INFO  main            d.u.i.k.p.r.p.TestFile    ... finished proof: closed. 
15676      INFO  main            d.u.i.k.p.r.p.TestFile    Now processing file /home/runner/work/key/key/key.core/../key.ui/examples/InformationFlow/ToyVoting/Voter(Voter__sendVote(int)).JML normal_behavior operation contract.0.key 
15676      INFO  main            d.u.i.k.p.i.AbstractProblemLoader Loading environment from /home/runner/work/key/key/key.core/../key.ui/examples/InformationFlow/ToyVoting/Voter(Voter__sendVote(int)).JML normal_behavior operation contract.0.key 
15677      DEBUG main            d.u.i.k.p.i.AbstractProblemLoader Environment load took 68.5ns 
15678      INFO  main            d.u.i.k.p.i.AbstractProblemLoader Creating init config 
18314      DEBUG main            d.u.i.k.p.i.AbstractProblemLoader Init config took 2.64s 
18386      INFO  main            d.u.i.k.p.i.AbstractProblemLoader Replaying proof Voter[Voter::sendVote(int)].JML normal_behavior operation contract.0 
18393      DEBUG main            d.u.i.k.p.i.IntermediateProofReplayer Proof replay took 12.7ns 
18497      INFO  main            d.u.i.k.p.r.p.TestFile    ... finished proof: closed. 
18640      INFO  main            d.u.i.k.p.r.p.TestFile    Now processing file /home/runner/work/key/key/key.core/../key.ui/examples/InformationFlow/ToyVoting/Voter(Voter__inputVote()).JML normal_behavior operation contract.0.key 
18641      INFO  main            d.u.i.k.p.i.AbstractProblemLoader Loading environment from /home/runner/work/key/key/key.core/../key.ui/examples/InformationFlow/ToyVoting/Voter(Voter__inputVote()).JML normal_behavior operation contract.0.key 
18641      DEBUG main            d.u.i.k.p.i.AbstractProblemLoader Environment load took 129.6ns 
18645      INFO  main            d.u.i.k.p.i.AbstractProblemLoader Creating init config 
21218      DEBUG main            d.u.i.k.p.i.AbstractProblemLoader Init config took 2.57s 
21265      INFO  main            d.u.i.k.p.i.AbstractProblemLoader Replaying proof Voter[Voter::inputVote()].JML normal_behavior operation contract.0 
21268      DEBUG main            d.u.i.k.p.i.IntermediateProofReplayer Proof replay took 12.6ns 
21370      INFO  main            d.u.i.k.p.r.p.TestFile    ... finished proof: closed. 
21492      INFO  main            d.u.i.k.p.r.p.TestFile    Now processing file /home/runner/work/key/key/key.core/../key.ui/examples/InformationFlow/ToyVoting/Voter(Voter__secure_voting()).JML normal_behavior operation contract.0.key 
21492      INFO  main            d.u.i.k.p.i.AbstractProblemLoader Loading environment from /home/runner/work/key/key/key.core/../key.ui/examples/InformationFlow/ToyVoting/Voter(Voter__secure_voting()).JML normal_behavior operation contract.0.key 
21492      DEBUG main            d.u.i.k.p.i.AbstractProblemLoader Environment load took 66ns 
21493      INFO  main            d.u.i.k.p.i.AbstractProblemLoader Creating init config 
24058      DEBUG main            d.u.i.k.p.i.AbstractProblemLoader Init config took 2.57s 
24103      INFO  main            d.u.i.k.p.i.AbstractProblemLoader Replaying proof Voter[Voter::secure_voting()].JML normal_behavior operation contract.0 
24106      DEBUG main            d.u.i.k.p.i.IntermediateProofReplayer Proof replay took 12.3ns 
24813      INFO  main            d.u.i.k.p.r.p.TestFile    ... finished proof: closed. 
25800      INFO  Test worker     d.u.i.k.p.r.p.StatisticsFile Returning from test ToyVoting 
25873      INFO  Test worker     d.u.i.k.p.r.p.StatisticsFile Running test ConditionalConfidential 
418        INFO  Timeout watchdog d.u.i.k.p.r.p.ForkedTestFileRunner Timeout watcher launched (1000 secs.) 
439        WARN  main            d.u.i.k.s.ProofSettings   The settings in /home/runner/.key/proof-settings.props are *not* read. 
464        INFO  main            d.u.i.k.p.r.p.TestFile    Now processing file /home/runner/work/key/key/key.core/../key.ui/examples/InformationFlow/ConditionalConfidential/CCExample(CCExample__hasAccessRight(CCExample.User)).JML normal_behavior operation contract.0.key 
580        INFO  main            d.u.i.k.p.i.AbstractProblemLoader Loading environment from /home/runner/work/key/key/key.core/../key.ui/examples/InformationFlow/ConditionalConfidential/CCExample(CCExample__hasAccessRight(CCExample.User)).JML normal_behavior operation contract.0.key 
604        DEBUG main            d.u.i.k.p.i.AbstractProblemLoader Environment load took 2.4ms 
847        INFO  main            d.u.i.k.p.i.AbstractProblemLoader Creating init config 
1851       DEBUG main            d.u.i.k.j.TypeConverter   No LDT found for Meta 
1852       DEBUG main            d.u.i.k.j.TypeConverter   No LDT found for Meta 
1856       DEBUG main            d.u.i.k.j.TypeConverter   No LDT found for Meta 
1856       DEBUG main            d.u.i.k.j.TypeConverter   No LDT found for Meta 
3136       DEBUG main            d.u.i.k.j.TypeConverter   No LDT found for JavaBigintExpression 
6474       DEBUG main            d.u.i.k.j.r.ClassPreparationMethodBuilder clPrepBuilder: Inner Class detected. Reject building class initialisation methods. 
8991       DEBUG main            d.u.i.k.p.i.AbstractProblemLoader Init config took 8.14s 
9123       INFO  main            d.u.i.k.p.i.AbstractProblemLoader Replaying proof ConditionalConfidentialExample[ConditionalConfidentialExample::hasAccessRight(ConditionalConfidentialExample.User)].JML normal_behavior operation contract.0 
9168       DEBUG main            d.u.i.k.p.i.IntermediateProofReplayer Proof replay took 336.11ns 
11363      INFO  main            d.u.i.k.p.r.p.TestFile    ... finished proof: closed. 
11527      INFO  main            d.u.i.k.p.r.p.TestFile    Now processing file /home/runner/work/key/key/key.core/../key.ui/examples/InformationFlow/ConditionalConfidential/CCExample(CCExample__getConfidentialData(CCExample.User)).JML normal_behavior operation contract.0.key 
11527      INFO  main            d.u.i.k.p.i.AbstractProblemLoader Loading environment from /home/runner/work/key/key/key.core/../key.ui/examples/InformationFlow/ConditionalConfidential/CCExample(CCExample__getConfidentialData(CCExample.User)).JML normal_behavior operation contract.0.key 
11529      DEBUG main            d.u.i.k.p.i.AbstractProblemLoader Environment load took 1.28ms 
11531      INFO  main            d.u.i.k.p.i.AbstractProblemLoader Creating init config 
12603      DEBUG main            d.u.i.k.j.r.ClassPreparationMethodBuilder clPrepBuilder: Inner Class detected. Reject building class initialisation methods. 
14513      DEBUG main            d.u.i.k.p.i.AbstractProblemLoader Init config took 2.98s 
14588      INFO  main            d.u.i.k.p.i.AbstractProblemLoader Replaying proof ConditionalConfidentialExample[ConditionalConfidentialExample::getConfidentialData(ConditionalConfidentialExample.User)].JML normal_behavior operation contract.0 
14606      DEBUG main            d.u.i.k.p.i.IntermediateProofReplayer Proof replay took 13.9ns 
15114      INFO  main            d.u.i.k.p.r.p.TestFile    ... finished proof: closed. 
41289      INFO  Test worker     d.u.i.k.p.r.p.StatisticsFile Returning from test ConditionalConfidential 
41294      INFO  Test worker     d.u.i.k.p.r.p.StatisticsFile Running test SumExample 
427        INFO  Timeout watchdog d.u.i.k.p.r.p.ForkedTestFileRunner Timeout watcher launched (1000 secs.) 
452        WARN  main            d.u.i.k.s.ProofSettings   The settings in /home/runner/.key/proof-settings.props are *not* read. 
478        INFO  main            d.u.i.k.p.r.p.TestFile    Now processing file /home/runner/work/key/key/key.core/../key.ui/examples/InformationFlow/Sum/SumExample(SumExample__getSum()).JML normal_behavior operation contract.0.key 
608        INFO  main            d.u.i.k.p.i.AbstractProblemLoader Loading environment from /home/runner/work/key/key/key.core/../key.ui/examples/InformationFlow/Sum/SumExample(SumExample__getSum()).JML normal_behavior operation contract.0.key 
627        DEBUG main            d.u.i.k.p.i.AbstractProblemLoader Environment load took 2.52ms 
847        INFO  main            d.u.i.k.p.i.AbstractProblemLoader Creating init config 
1776       DEBUG main            d.u.i.k.j.TypeConverter   No LDT found for Meta 
1779       DEBUG main            d.u.i.k.j.TypeConverter   No LDT found for Meta 
1780       DEBUG main            d.u.i.k.j.TypeConverter   No LDT found for Meta 
1780       DEBUG main            d.u.i.k.j.TypeConverter   No LDT found for Meta 
3013       DEBUG main            d.u.i.k.j.TypeConverter   No LDT found for JavaBigintExpression 
8149       DEBUG main            d.u.i.k.p.i.AbstractProblemLoader Init config took 7.3s 
8329       INFO  main            d.u.i.k.p.i.AbstractProblemLoader Replaying proof SumExample[SumExample::getSum()].JML normal_behavior operation contract.0 
8369       DEBUG main            d.u.i.k.p.i.IntermediateProofReplayer Proof replay took 353.11ns 
9734       INFO  main            d.u.i.k.p.r.p.TestFile    ... finished proof: closed. 
51313      INFO  Test worker     d.u.i.k.p.r.p.StatisticsFile Returning from test SumExample 
51315      INFO  Test worker     d.u.i.k.p.r.p.StatisticsFile Running test ToyBanking 
335        INFO  Timeout watchdog d.u.i.k.p.r.p.ForkedTestFileRunner Timeout watcher launched (1000 secs.) 
345        WARN  main            d.u.i.k.s.ProofSettings   The settings in /home/runner/.key/proof-settings.props are *not* read. 
368        INFO  main            d.u.i.k.p.r.p.TestFile    Now processing file /home/runner/work/key/key/key.core/../key.ui/examples/InformationFlow/ToyBanking/banking_example.UserAccount(banking_example.UserAccount__getBankAccount(int)).JML normal_behavior operation contract.0.key 
498        INFO  main            d.u.i.k.p.i.AbstractProblemLoader Loading environment from /home/runner/work/key/key/key.core/../key.ui/examples/InformationFlow/ToyBanking/banking_example.UserAccount(banking_example.UserAccount__getBankAccount(int)).JML normal_behavior operation contract.0.key 
529        DEBUG main            d.u.i.k.p.i.AbstractProblemLoader Environment load took 3.07ms 
787        INFO  main            d.u.i.k.p.i.AbstractProblemLoader Creating init config 
1693       DEBUG main            d.u.i.k.j.TypeConverter   No LDT found for Meta 
1694       DEBUG main            d.u.i.k.j.TypeConverter   No LDT found for Meta 
1697       DEBUG main            d.u.i.k.j.TypeConverter   No LDT found for Meta 
1698       DEBUG main            d.u.i.k.j.TypeConverter   No LDT found for Meta 
3183       DEBUG main            d.u.i.k.j.TypeConverter   No LDT found for JavaBigintExpression 
8533       DEBUG main            d.u.i.k.p.i.AbstractProblemLoader Init config took 7.74s 
8685       INFO  main            d.u.i.k.p.i.AbstractProblemLoader Replaying proof banking_example.UserAccount[banking_example.UserAccount::getBankAccount(int)].JML normal_behavior operation contract.0 
8729       DEBUG main            d.u.i.k.p.i.IntermediateProofReplayer Proof replay took 317.61ns 
10116      INFO  main            d.u.i.k.p.r.p.TestFile    ... finished proof: closed. 
10250      INFO  main            d.u.i.k.p.r.p.TestFile    Now processing file /home/runner/work/key/key/key.core/../key.ui/examples/InformationFlow/ToyBanking/banking_example.UserAccount(banking_example.UserAccount__tryLogin(int,(C)).JML normal_behavior operation contract.0.key 
10253      INFO  main            d.u.i.k.p.i.AbstractProblemLoader Loading environment from /home/runner/work/key/key/key.core/../key.ui/examples/InformationFlow/ToyBanking/banking_example.UserAccount(banking_example.UserAccount__tryLogin(int,(C)).JML normal_behavior operation contract.0.key 
10253      DEBUG main            d.u.i.k.p.i.AbstractProblemLoader Environment load took 127.1ns 
10255      INFO  main            d.u.i.k.p.i.AbstractProblemLoader Creating init config 
13404      DEBUG main            d.u.i.k.p.i.AbstractProblemLoader Init config took 3.15s 
13507      INFO  main            d.u.i.k.p.i.AbstractProblemLoader Replaying proof banking_example.UserAccount[banking_example.UserAccount::tryLogin(int,[C)].JML normal_behavior operation contract.0 
13511      DEBUG main            d.u.i.k.p.i.IntermediateProofReplayer Proof replay took 12.9ns 
34065      INFO  main            d.u.i.k.p.r.p.TestFile    ... finished proof: closed. 
34303      INFO  main            d.u.i.k.p.r.p.TestFile    Now processing file /home/runner/work/key/key/key.core/../key.ui/examples/InformationFlow/ToyBanking/banking_example.UserAccount(java.lang.Object___inv_()).JML accessible clause.0.key 
34304      INFO  main            d.u.i.k.p.i.AbstractProblemLoader Loading environment from /home/runner/work/key/key/key.core/../key.ui/examples/InformationFlow/ToyBanking/banking_example.UserAccount(java.lang.Object___inv_()).JML accessible clause.0.key 
34304      DEBUG main            d.u.i.k.p.i.AbstractProblemLoader Environment load took 156ns 
34307      INFO  main            d.u.i.k.p.i.AbstractProblemLoader Creating init config 
37197      DEBUG main            d.u.i.k.p.i.AbstractProblemLoader Init config took 2.89s 
37279      INFO  main            d.u.i.k.p.i.AbstractProblemLoader Replaying proof banking_example.UserAccount[java.lang.Object::<inv>()].JML accessible clause.0 
37284      DEBUG main            d.u.i.k.p.i.IntermediateProofReplayer Proof replay took 13ns 
40900      INFO  main            d.u.i.k.p.r.p.TestFile    ... finished proof: closed. 
41081      INFO  main            d.u.i.k.p.r.p.TestFile    Now processing file /home/runner/work/key/key/key.core/../key.ui/examples/InformationFlow/ToyBanking/banking_example.BankAccount(banking_example.BankAccount__depositMoney(int)).JML normal_behavior operation contract.0.key 
41081      INFO  main            d.u.i.k.p.i.AbstractProblemLoader Loading environment from /home/runner/work/key/key/key.core/../key.ui/examples/InformationFlow/ToyBanking/banking_example.BankAccount(banking_example.BankAccount__depositMoney(int)).JML normal_behavior operation contract.0.key 
41081      DEBUG main            d.u.i.k.p.i.AbstractProblemLoader Environment load took 72.4ns 
41083      INFO  main            d.u.i.k.p.i.AbstractProblemLoader Creating init config 
43953      DEBUG main            d.u.i.k.p.i.AbstractProblemLoader Init config took 2.87s 
44027      INFO  main            d.u.i.k.p.i.AbstractProblemLoader Replaying proof banking_example.BankAccount[banking_example.BankAccount::depositMoney(int)].JML normal_behavior operation contract.0 
44033      DEBUG main            d.u.i.k.p.i.IntermediateProofReplayer Proof replay took 12.9ns 
44337      INFO  main            d.u.i.k.p.r.p.TestFile    ... finished proof: closed. 
44484      INFO  main            d.u.i.k.p.r.p.TestFile    Now processing file /home/runner/work/key/key/key.core/../key.ui/examples/InformationFlow/ToyBanking/banking_example.BankAccount(banking_example.BankAccount__getBalance()).JML normal_behavior operation contract.0.key 
44484      INFO  main            d.u.i.k.p.i.AbstractProblemLoader Loading environment from /home/runner/work/key/key/key.core/../key.ui/examples/InformationFlow/ToyBanking/banking_example.BankAccount(banking_example.BankAccount__getBalance()).JML normal_behavior operation contract.0.key 
44484      DEBUG main            d.u.i.k.p.i.AbstractProblemLoader Environment load took 71ns 
44488      INFO  main            d.u.i.k.p.i.AbstractProblemLoader Creating init config 
47346      DEBUG main            d.u.i.k.p.i.AbstractProblemLoader Init config took 2.86s 
47400      INFO  main            d.u.i.k.p.i.AbstractProblemLoader Replaying proof banking_example.BankAccount[banking_example.BankAccount::getBalance()].JML normal_behavior operation contract.0 
47404      DEBUG main            d.u.i.k.p.i.IntermediateProofReplayer Proof replay took 13.1ns 
47507      INFO  main            d.u.i.k.p.r.p.TestFile    ... finished proof: closed. 
47645      INFO  main            d.u.i.k.p.r.p.TestFile    Now processing file /home/runner/work/key/key/key.core/../key.ui/examples/InformationFlow/ToyBanking/banking_example.BankAccount(banking_example.BankAccount__getId()).JML normal_behavior operation contract.0.key 
47645      INFO  main            d.u.i.k.p.i.AbstractProblemLoader Loading environment from /home/runner/work/key/key/key.core/../key.ui/examples/InformationFlow/ToyBanking/banking_example.BankAccount(banking_example.BankAccount__getId()).JML normal_behavior operation contract.0.key 
47646      DEBUG main            d.u.i.k.p.i.AbstractProblemLoader Environment load took 1.12ms 
47647      INFO  main            d.u.i.k.p.i.AbstractProblemLoader Creating init config 
50490      DEBUG main            d.u.i.k.p.i.AbstractProblemLoader Init config took 2.84s 
50546      INFO  main            d.u.i.k.p.i.AbstractProblemLoader Replaying proof banking_example.BankAccount[banking_example.BankAccount::getId()].JML normal_behavior operation contract.0 
50549      DEBUG main            d.u.i.k.p.i.IntermediateProofReplayer Proof replay took 12.8ns 
50651      INFO  main            d.u.i.k.p.r.p.TestFile    ... finished proof: closed. 
50789      INFO  main            d.u.i.k.p.r.p.TestFile    Now processing file /home/runner/work/key/key/key.core/../key.ui/examples/InformationFlow/ToyBanking/banking_example.Bank(banking_example.Bank__login(int,(C)).JML normal_behavior operation contract.0.key 
50790      INFO  main            d.u.i.k.p.i.AbstractProblemLoader Loading environment from /home/runner/work/key/key/key.core/../key.ui/examples/InformationFlow/ToyBanking/banking_example.Bank(banking_example.Bank__login(int,(C)).JML normal_behavior operation contract.0.key 
50791      DEBUG main            d.u.i.k.p.i.AbstractProblemLoader Environment load took 75.2ns 
50792      INFO  main            d.u.i.k.p.i.AbstractProblemLoader Creating init config 
53599      DEBUG main            d.u.i.k.p.i.AbstractProblemLoader Init config took 2.81s 
53656      INFO  main            d.u.i.k.p.i.AbstractProblemLoader Replaying proof banking_example.Bank[banking_example.Bank::login(int,[C)].JML normal_behavior operation contract.0 
53660      DEBUG main            d.u.i.k.p.i.IntermediateProofReplayer Proof replay took 12.9ns 
58906      INFO  main            d.u.i.k.p.r.p.TestFile    ... finished proof: closed. 
59105      INFO  main            d.u.i.k.p.r.p.TestFile    Now processing file /home/runner/work/key/key/key.core/../key.ui/examples/InformationFlow/ToyBanking/banking_example2.UserAccount(banking_example2.UserAccount__getBankAccount(int)).JML normal_behavior operation contract.0.key 
59105      INFO  main            d.u.i.k.p.i.AbstractProblemLoader Loading environment from /home/runner/work/key/key/key.core/../key.ui/examples/InformationFlow/ToyBanking/banking_example2.UserAccount(banking_example2.UserAccount__getBankAccount(int)).JML normal_behavior operation contract.0.key 
59105      DEBUG main            d.u.i.k.p.i.AbstractProblemLoader Environment load took 109.8ns 
59106      INFO  main            d.u.i.k.p.i.AbstractProblemLoader Creating init config 
61888      DEBUG main            d.u.i.k.p.i.AbstractProblemLoader Init config took 2.78s 
61943      INFO  main            d.u.i.k.p.i.AbstractProblemLoader Replaying proof banking_example2.UserAccount[banking_example2.UserAccount::getBankAccount(int)].JML normal_behavior operation contract.0 
61948      DEBUG main            d.u.i.k.p.i.IntermediateProofReplayer Proof replay took 14.6ns 
62385      INFO  main            d.u.i.k.p.r.p.TestFile    ... finished proof: closed. 
62550      INFO  main            d.u.i.k.p.r.p.TestFile    Now processing file /home/runner/work/key/key/key.core/../key.ui/examples/InformationFlow/ToyBanking/banking_example2.UserAccount(banking_example2.UserAccount__tryLogin(int,(C)).JML normal_behavior operation contract.0.key 
62551      INFO  main            d.u.i.k.p.i.AbstractProblemLoader Loading environment from /home/runner/work/key/key/key.core/../key.ui/examples/InformationFlow/ToyBanking/banking_example2.UserAccount(banking_example2.UserAccount__tryLogin(int,(C)).JML normal_behavior operation contract.0.key 
62551      DEBUG main            d.u.i.k.p.i.AbstractProblemLoader Environment load took 82.6ns 
62552      INFO  main            d.u.i.k.p.i.AbstractProblemLoader Creating init config 
65279      DEBUG main            d.u.i.k.p.i.AbstractProblemLoader Init config took 2.73s 
65332      INFO  main            d.u.i.k.p.i.AbstractProblemLoader Replaying proof banking_example2.UserAccount[banking_example2.UserAccount::tryLogin(int,[C)].JML normal_behavior operation contract.0 
65335      DEBUG main            d.u.i.k.p.i.IntermediateProofReplayer Proof replay took 13.4ns 
84088      INFO  main            d.u.i.k.p.r.p.TestFile    ... finished proof: closed. 
84345      INFO  main            d.u.i.k.p.r.p.TestFile    Now processing file /home/runner/work/key/key/key.core/../key.ui/examples/InformationFlow/ToyBanking/banking_example2.UserAccount(java.lang.Object___inv_()).JML accessible clause.0.key 
84345      INFO  main            d.u.i.k.p.i.AbstractProblemLoader Loading environment from /home/runner/work/key/key/key.core/../key.ui/examples/InformationFlow/ToyBanking/banking_example2.UserAccount(java.lang.Object___inv_()).JML accessible clause.0.key 
84345      DEBUG main            d.u.i.k.p.i.AbstractProblemLoader Environment load took 79.3ns 
84347      INFO  main            d.u.i.k.p.i.AbstractProblemLoader Creating init config 
87017      DEBUG main            d.u.i.k.p.i.AbstractProblemLoader Init config took 2.67s 
87070      INFO  main            d.u.i.k.p.i.AbstractProblemLoader Replaying proof banking_example2.UserAccount[java.lang.Object::<inv>()].JML accessible clause.0 
87073      DEBUG main            d.u.i.k.p.i.IntermediateProofReplayer Proof replay took 12.4ns 
91387      INFO  main            d.u.i.k.p.r.p.TestFile    ... finished proof: open goal(s) 
91596      INFO  main            d.u.i.k.p.r.p.TestFile    Now processing file /home/runner/work/key/key/key.core/../key.ui/examples/InformationFlow/ToyBanking/banking_example2.BankAccount(banking_example2.BankAccount__depositMoney(int)).JML normal_behavior operation contract.0.key 
91596      INFO  main            d.u.i.k.p.i.AbstractProblemLoader Loading environment from /home/runner/work/key/key/key.core/../key.ui/examples/InformationFlow/ToyBanking/banking_example2.BankAccount(banking_example2.BankAccount__depositMoney(int)).JML normal_behavior operation contract.0.key 
91596      DEBUG main            d.u.i.k.p.i.AbstractProblemLoader Environment load took 78ns 
91597      INFO  main            d.u.i.k.p.i.AbstractProblemLoader Creating init config 
94239      DEBUG main            d.u.i.k.p.i.AbstractProblemLoader Init config took 2.64s 
94285      INFO  main            d.u.i.k.p.i.AbstractProblemLoader Replaying proof banking_example2.BankAccount[banking_example2.BankAccount::depositMoney(int)].JML normal_behavior operation contract.0 
94288      DEBUG main            d.u.i.k.p.i.IntermediateProofReplayer Proof replay took 14.3ns 
94592      INFO  main            d.u.i.k.p.r.p.TestFile    ... finished proof: closed. 
94763      INFO  main            d.u.i.k.p.r.p.TestFile    Now processing file /home/runner/work/key/key/key.core/../key.ui/examples/InformationFlow/ToyBanking/banking_example2.BankAccount(banking_example2.BankAccount__getBalance()).JML normal_behavior operation contract.0.key 
94763      INFO  main            d.u.i.k.p.i.AbstractProblemLoader Loading environment from /home/runner/work/key/key/key.core/../key.ui/examples/InformationFlow/ToyBanking/banking_example2.BankAccount(banking_example2.BankAccount__getBalance()).JML normal_behavior operation contract.0.key 
94763      DEBUG main            d.u.i.k.p.i.AbstractProblemLoader Environment load took 60.8ns 
94769      INFO  main            d.u.i.k.p.i.AbstractProblemLoader Creating init config 
97432      DEBUG main            d.u.i.k.p.i.AbstractProblemLoader Init config took 2.66s 
97474      INFO  main            d.u.i.k.p.i.AbstractProblemLoader Replaying proof banking_example2.BankAccount[banking_example2.BankAccount::getBalance()].JML normal_behavior operation contract.0 
97477      DEBUG main            d.u.i.k.p.i.IntermediateProofReplayer Proof replay took 13.3ns 
97581      INFO  main            d.u.i.k.p.r.p.TestFile    ... finished proof: closed. 
97740      INFO  main            d.u.i.k.p.r.p.TestFile    Now processing file /home/runner/work/key/key/key.core/../key.ui/examples/InformationFlow/ToyBanking/banking_example2.BankAccount(banking_example2.BankAccount__getId()).JML normal_behavior operation contract.0.key 
97740      INFO  main            d.u.i.k.p.i.AbstractProblemLoader Loading environment from /home/runner/work/key/key/key.core/../key.ui/examples/InformationFlow/ToyBanking/banking_example2.BankAccount(banking_example2.BankAccount__getId()).JML normal_behavior operation contract.0.key 
97742      DEBUG main            d.u.i.k.p.i.AbstractProblemLoader Environment load took 1.81ms 
97743      INFO  main            d.u.i.k.p.i.AbstractProblemLoader Creating init config 
100410     DEBUG main            d.u.i.k.p.i.AbstractProblemLoader Init config took 2.67s 
100454     INFO  main            d.u.i.k.p.i.AbstractProblemLoader Replaying proof banking_example2.BankAccount[banking_example2.BankAccount::getId()].JML normal_behavior operation contract.0 
100457     DEBUG main            d.u.i.k.p.i.IntermediateProofReplayer Proof replay took 14ns 
100559     INFO  main            d.u.i.k.p.r.p.TestFile    ... finished proof: closed. 
100730     INFO  main            d.u.i.k.p.r.p.TestFile    Now processing file /home/runner/work/key/key/key.core/../key.ui/examples/InformationFlow/ToyBanking/banking_example2.Bank(banking_example2.Bank__login(int,(C)).JML normal_behavior operation contract.0.key 
100730     INFO  main            d.u.i.k.p.i.AbstractProblemLoader Loading environment from /home/runner/work/key/key/key.core/../key.ui/examples/InformationFlow/ToyBanking/banking_example2.Bank(banking_example2.Bank__login(int,(C)).JML normal_behavior operation contract.0.key 
100730     DEBUG main            d.u.i.k.p.i.AbstractProblemLoader Environment load took 73.7ns 
100731     INFO  main            d.u.i.k.p.i.AbstractProblemLoader Creating init config 
103375     DEBUG main            d.u.i.k.p.i.AbstractProblemLoader Init config took 2.64s 
103419     INFO  main            d.u.i.k.p.i.AbstractProblemLoader Replaying proof banking_example2.Bank[banking_example2.Bank::login(int,[C)].JML normal_behavior operation contract.0 
103423     DEBUG main            d.u.i.k.p.i.IntermediateProofReplayer Proof replay took 15.7ns 
106891     INFO  main            d.u.i.k.p.r.p.TestFile    ... finished proof: closed. 
158590     INFO  Test worker     d.u.i.k.p.r.p.StatisticsFile Returning from test ToyBanking 
158596     INFO  Test worker     d.u.i.k.p.r.p.StatisticsFile Running test BlockContracts 
346        INFO  Timeout watchdog d.u.i.k.p.r.p.ForkedTestFileRunner Timeout watcher launched (1000 secs.) 
351        WARN  main            d.u.i.k.s.ProofSettings   The settings in /home/runner/.key/proof-settings.props are *not* read. 
381        INFO  main            d.u.i.k.p.r.p.TestFile    Now processing file /home/runner/work/key/key/key.core/../key.ui/examples/InformationFlow/BlockContracts/contract.IFBlockExamples(contract.IFBlockExamples__secure_5()).JML operation contract.0.key 
482        INFO  main            d.u.i.k.p.i.AbstractProblemLoader Loading environment from /home/runner/work/key/key/key.core/../key.ui/examples/InformationFlow/BlockContracts/contract.IFBlockExamples(contract.IFBlockExamples__secure_5()).JML operation contract.0.key 
504        DEBUG main            d.u.i.k.p.i.AbstractProblemLoader Environment load took 1.8ms 
724        INFO  main            d.u.i.k.p.i.AbstractProblemLoader Creating init config 
1611       DEBUG main            d.u.i.k.j.TypeConverter   No LDT found for Meta 
1611       DEBUG main            d.u.i.k.j.TypeConverter   No LDT found for Meta 
1615       DEBUG main            d.u.i.k.j.TypeConverter   No LDT found for Meta 
1615       DEBUG main            d.u.i.k.j.TypeConverter   No LDT found for Meta 
3028       DEBUG main            d.u.i.k.j.TypeConverter   No LDT found for JavaBigintExpression 
8332       DEBUG main            d.u.i.k.p.i.AbstractProblemLoader Init config took 7.61s 
8454       INFO  main            d.u.i.k.p.i.AbstractProblemLoader Replaying proof contract.IFBlockExamples[contract.IFBlockExamples::secure_5()].JML operation contract.0 
8518       DEBUG main            d.u.i.k.p.i.IntermediateProofReplayer Proof replay took 402.11ns 
9239       INFO  main            d.u.i.k.p.r.p.TestFile    ... finished proof: closed. 
9349       INFO  main            d.u.i.k.p.r.p.TestFile    Now processing file /home/runner/work/key/key/key.core/../key.ui/examples/InformationFlow/BlockContracts/contract.IFBlockExamples(contract.IFBlockExamples__block_no_return_secure(int)).JML operation contract.0.key 
9349       INFO  main            d.u.i.k.p.i.AbstractProblemLoader Loading environment from /home/runner/work/key/key/key.core/../key.ui/examples/InformationFlow/BlockContracts/contract.IFBlockExamples(contract.IFBlockExamples__block_no_return_secure(int)).JML operation contract.0.key 
9349       DEBUG main            d.u.i.k.p.i.AbstractProblemLoader Environment load took 114.7ns 
9352       INFO  main            d.u.i.k.p.i.AbstractProblemLoader Creating init config 
12596      DEBUG main            d.u.i.k.p.i.AbstractProblemLoader Init config took 3.24s 
12670      INFO  main            d.u.i.k.p.i.AbstractProblemLoader Replaying proof contract.IFBlockExamples[contract.IFBlockExamples::block_no_return_secure(int)].JML operation contract.0 
12675      DEBUG main            d.u.i.k.p.i.IntermediateProofReplayer Proof replay took 15ns 
12980      INFO  main            d.u.i.k.p.r.p.TestFile    ... finished proof: closed. 
13114      INFO  main            d.u.i.k.p.r.p.TestFile    Now processing file /home/runner/work/key/key/key.core/../key.ui/examples/InformationFlow/BlockContracts/contract.IFBlockExamples(contract.IFBlockExamples__while_block_insecure(int)).JML operation contract.0.key 
13114      INFO  main            d.u.i.k.p.i.AbstractProblemLoader Loading environment from /home/runner/work/key/key/key.core/../key.ui/examples/InformationFlow/BlockContracts/contract.IFBlockExamples(contract.IFBlockExamples__while_block_insecure(int)).JML operation contract.0.key 
13115      DEBUG main            d.u.i.k.p.i.AbstractProblemLoader Environment load took 94.8ns 
13119      INFO  main            d.u.i.k.p.i.AbstractProblemLoader Creating init config 
16087      DEBUG main            d.u.i.k.p.i.AbstractProblemLoader Init config took 2.97s 
16156      INFO  main            d.u.i.k.p.i.AbstractProblemLoader Replaying proof contract.IFBlockExamples[contract.IFBlockExamples::while_block_insecure(int)].JML operation contract.0 
16162      DEBUG main            d.u.i.k.p.i.IntermediateProofReplayer Proof replay took 13.6ns 
16465      INFO  main            d.u.i.k.p.r.p.TestFile    ... finished proof: closed. 
16601      INFO  main            d.u.i.k.p.r.p.TestFile    Now processing file /home/runner/work/key/key/key.core/../key.ui/examples/InformationFlow/BlockContracts/contract.IFBlockExamples(contract.IFBlockExamples__while_block_secure(int)).JML operation contract.0.key 
16601      INFO  main            d.u.i.k.p.i.AbstractProblemLoader Loading environment from /home/runner/work/key/key/key.core/../key.ui/examples/InformationFlow/BlockContracts/contract.IFBlockExamples(contract.IFBlockExamples__while_block_secure(int)).JML operation contract.0.key 
16601      DEBUG main            d.u.i.k.p.i.AbstractProblemLoader Environment load took 86.5ns 
16602      INFO  main            d.u.i.k.p.i.AbstractProblemLoader Creating init config 
19511      DEBUG main            d.u.i.k.p.i.AbstractProblemLoader Init config took 2.91s 
19563      INFO  main            d.u.i.k.p.i.AbstractProblemLoader Replaying proof contract.IFBlockExamples[contract.IFBlockExamples::while_block_secure(int)].JML operation contract.0 
19567      DEBUG main            d.u.i.k.p.i.IntermediateProofReplayer Proof replay took 13.6ns 
19871      INFO  main            d.u.i.k.p.r.p.TestFile    ... finished proof: closed. 
20017      INFO  main            d.u.i.k.p.r.p.TestFile    Now processing file /home/runner/work/key/key/key.core/../key.ui/examples/InformationFlow/BlockContracts/contract.IFBlockExamples(contract.IFBlockExamples__block_while_secure(int)).JML operation contract.0.key 
20018      INFO  main            d.u.i.k.p.i.AbstractProblemLoader Loading environment from /home/runner/work/key/key/key.core/../key.ui/examples/InformationFlow/BlockContracts/contract.IFBlockExamples(contract.IFBlockExamples__block_while_secure(int)).JML operation contract.0.key 
20018      DEBUG main            d.u.i.k.p.i.AbstractProblemLoader Environment load took 71.9ns 
20019      INFO  main            d.u.i.k.p.i.AbstractProblemLoader Creating init config 
22917      DEBUG main            d.u.i.k.p.i.AbstractProblemLoader Init config took 2.9s 
22965      INFO  main            d.u.i.k.p.i.AbstractProblemLoader Replaying proof contract.IFBlockExamples[contract.IFBlockExamples::block_while_secure(int)].JML operation contract.0 
22968      DEBUG main            d.u.i.k.p.i.IntermediateProofReplayer Proof replay took 26.6ns 
23372      INFO  main            d.u.i.k.p.r.p.TestFile    ... finished proof: closed. 
23521      INFO  main            d.u.i.k.p.r.p.TestFile    Now processing file /home/runner/work/key/key/key.core/../key.ui/examples/InformationFlow/BlockContracts/contract.IFBlockExamples(contract.IFBlockExamples__insecure_4(int)).JML operation contract.0.key 
23521      INFO  main            d.u.i.k.p.i.AbstractProblemLoader Loading environment from /home/runner/work/key/key/key.core/../key.ui/examples/InformationFlow/BlockContracts/contract.IFBlockExamples(contract.IFBlockExamples__insecure_4(int)).JML operation contract.0.key 
23522      DEBUG main            d.u.i.k.p.i.AbstractProblemLoader Environment load took 69.3ns 
23523      INFO  main            d.u.i.k.p.i.AbstractProblemLoader Creating init config 
26309      DEBUG main            d.u.i.k.p.i.AbstractProblemLoader Init config took 2.79s 
26356      INFO  main            d.u.i.k.p.i.AbstractProblemLoader Replaying proof contract.IFBlockExamples[contract.IFBlockExamples::insecure_4(int)].JML operation contract.0 
26363      DEBUG main            d.u.i.k.p.i.IntermediateProofReplayer Proof replay took 12.9ns 
26870      INFO  main            d.u.i.k.p.r.p.TestFile    ... finished proof: closed. 
27071      INFO  main            d.u.i.k.p.r.p.TestFile    Now processing file /home/runner/work/key/key/key.core/../key.ui/examples/InformationFlow/BlockContracts/contract.IFBlockExamples(contract.IFBlockExamples__insecure_3(int)).JML operation contract.0.key 
27073      INFO  main            d.u.i.k.p.i.AbstractProblemLoader Loading environment from /home/runner/work/key/key/key.core/../key.ui/examples/InformationFlow/BlockContracts/contract.IFBlockExamples(contract.IFBlockExamples__insecure_3(int)).JML operation contract.0.key 
27074      DEBUG main            d.u.i.k.p.i.AbstractProblemLoader Environment load took 137.2ns 
27075      INFO  main            d.u.i.k.p.i.AbstractProblemLoader Creating init config 
29952      DEBUG main            d.u.i.k.p.i.AbstractProblemLoader Init config took 2.88s 
30004      INFO  main            d.u.i.k.p.i.AbstractProblemLoader Replaying proof contract.IFBlockExamples[contract.IFBlockExamples::insecure_3(int)].JML operation contract.0 
30008      DEBUG main            d.u.i.k.p.i.IntermediateProofReplayer Proof replay took 13.7ns 
30411      INFO  main            d.u.i.k.p.r.p.TestFile    ... finished proof: closed. 
30577      INFO  main            d.u.i.k.p.r.p.TestFile    Now processing file /home/runner/work/key/key/key.core/../key.ui/examples/InformationFlow/BlockContracts/contract.IFBlockExamples(contract.IFBlockExamples__secure_3(int)).JML operation contract.0.key 
30577      INFO  main            d.u.i.k.p.i.AbstractProblemLoader Loading environment from /home/runner/work/key/key/key.core/../key.ui/examples/InformationFlow/BlockContracts/contract.IFBlockExamples(contract.IFBlockExamples__secure_3(int)).JML operation contract.0.key 
30577      DEBUG main            d.u.i.k.p.i.AbstractProblemLoader Environment load took 71.4ns 
30578      INFO  main            d.u.i.k.p.i.AbstractProblemLoader Creating init config 
33349      DEBUG main            d.u.i.k.p.i.AbstractProblemLoader Init config took 2.77s 
33393      INFO  main            d.u.i.k.p.i.AbstractProblemLoader Replaying proof contract.IFBlockExamples[contract.IFBlockExamples::secure_3(int)].JML operation contract.0 
33395      DEBUG main            d.u.i.k.p.i.IntermediateProofReplayer Proof replay took 14.6ns 
33798      INFO  main            d.u.i.k.p.r.p.TestFile    ... finished proof: closed. 
33949      INFO  main            d.u.i.k.p.r.p.TestFile    Now processing file /home/runner/work/key/key/key.core/../key.ui/examples/InformationFlow/BlockContracts/contract.IFBlockExamples(contract.IFBlockExamples__secure_2(int)).JML operation contract.0.key 
33949      INFO  main            d.u.i.k.p.i.AbstractProblemLoader Loading environment from /home/runner/work/key/key/key.core/../key.ui/examples/InformationFlow/BlockContracts/contract.IFBlockExamples(contract.IFBlockExamples__secure_2(int)).JML operation contract.0.key 
33949      DEBUG main            d.u.i.k.p.i.AbstractProblemLoader Environment load took 72.6ns 
33950      INFO  main            d.u.i.k.p.i.AbstractProblemLoader Creating init config 
36718      DEBUG main            d.u.i.k.p.i.AbstractProblemLoader Init config took 2.77s 
36762      INFO  main            d.u.i.k.p.i.AbstractProblemLoader Replaying proof contract.IFBlockExamples[contract.IFBlockExamples::secure_2(int)].JML operation contract.0 
36764      DEBUG main            d.u.i.k.p.i.IntermediateProofReplayer Proof replay took 13.1ns 
37067      INFO  main            d.u.i.k.p.r.p.TestFile    ... finished proof: closed. 
37250      INFO  main            d.u.i.k.p.r.p.TestFile    Now processing file /home/runner/work/key/key/key.core/../key.ui/examples/InformationFlow/BlockContracts/contract.IFBlockExamples(contract.IFBlockExamples__secure_8(int)).JML operation contract.0.key 
37250      INFO  main            d.u.i.k.p.i.AbstractProblemLoader Loading environment from /home/runner/work/key/key/key.core/../key.ui/examples/InformationFlow/BlockContracts/contract.IFBlockExamples(contract.IFBlockExamples__secure_8(int)).JML operation contract.0.key 
37250      DEBUG main            d.u.i.k.p.i.AbstractProblemLoader Environment load took 243.7ns 
37251      INFO  main            d.u.i.k.p.i.AbstractProblemLoader Creating init config 
40000      DEBUG main            d.u.i.k.p.i.AbstractProblemLoader Init config took 2.75s 
40051      INFO  main            d.u.i.k.p.i.AbstractProblemLoader Replaying proof contract.IFBlockExamples[contract.IFBlockExamples::secure_8(int)].JML operation contract.0 
40054      DEBUG main            d.u.i.k.p.i.IntermediateProofReplayer Proof replay took 15.1ns 
40358      INFO  main            d.u.i.k.p.r.p.TestFile    ... finished proof: closed. 
40527      INFO  main            d.u.i.k.p.r.p.TestFile    Now processing file /home/runner/work/key/key/key.core/../key.ui/examples/InformationFlow/BlockContracts/contract.IFBlockExamples(contract.IFBlockExamples__secure_7(int)).JML operation contract.0.key 
40527      INFO  main            d.u.i.k.p.i.AbstractProblemLoader Loading environment from /home/runner/work/key/key/key.core/../key.ui/examples/InformationFlow/BlockContracts/contract.IFBlockExamples(contract.IFBlockExamples__secure_7(int)).JML operation contract.0.key 
40528      DEBUG main            d.u.i.k.p.i.AbstractProblemLoader Environment load took 74.6ns 
40529      INFO  main            d.u.i.k.p.i.AbstractProblemLoader Creating init config 
43266      DEBUG main            d.u.i.k.p.i.AbstractProblemLoader Init config took 2.74s 
43308      INFO  main            d.u.i.k.p.i.AbstractProblemLoader Replaying proof contract.IFBlockExamples[contract.IFBlockExamples::secure_7(int)].JML operation contract.0 
43311      DEBUG main            d.u.i.k.p.i.IntermediateProofReplayer Proof replay took 13.5ns 
43513      INFO  main            d.u.i.k.p.r.p.TestFile    ... finished proof: closed. 
43709      INFO  main            d.u.i.k.p.r.p.TestFile    Now processing file /home/runner/work/key/key/key.core/../key.ui/examples/InformationFlow/BlockContracts/contract.IFBlockExamples(contract.IFBlockExamples__secure_6(int)).JML operation contract.0.key 
43709      INFO  main            d.u.i.k.p.i.AbstractProblemLoader Loading environment from /home/runner/work/key/key/key.core/../key.ui/examples/InformationFlow/BlockContracts/contract.IFBlockExamples(contract.IFBlockExamples__secure_6(int)).JML operation contract.0.key 
43709      DEBUG main            d.u.i.k.p.i.AbstractProblemLoader Environment load took 68.9ns 
43710      INFO  main            d.u.i.k.p.i.AbstractProblemLoader Creating init config 
46427      DEBUG main            d.u.i.k.p.i.AbstractProblemLoader Init config took 2.72s 
46469      INFO  main            d.u.i.k.p.i.AbstractProblemLoader Replaying proof contract.IFBlockExamples[contract.IFBlockExamples::secure_6(int)].JML operation contract.0 
46472      DEBUG main            d.u.i.k.p.i.IntermediateProofReplayer Proof replay took 14.2ns 
46675      INFO  main            d.u.i.k.p.r.p.TestFile    ... finished proof: closed. 
46833      INFO  main            d.u.i.k.p.r.p.TestFile    Now processing file /home/runner/work/key/key/key.core/../key.ui/examples/InformationFlow/BlockContracts/contract.IFBlockExamples(contract.IFBlockExamples__insecure_1(int)).JML operation contract.0.key 
46833      INFO  main            d.u.i.k.p.i.AbstractProblemLoader Loading environment from /home/runner/work/key/key/key.core/../key.ui/examples/InformationFlow/BlockContracts/contract.IFBlockExamples(contract.IFBlockExamples__insecure_1(int)).JML operation contract.0.key 
46833      DEBUG main            d.u.i.k.p.i.AbstractProblemLoader Environment load took 76.6ns 
46835      INFO  main            d.u.i.k.p.i.AbstractProblemLoader Creating init config 
49549      DEBUG main            d.u.i.k.p.i.AbstractProblemLoader Init config took 2.71s 
49606      INFO  main            d.u.i.k.p.i.AbstractProblemLoader Replaying proof contract.IFBlockExamples[contract.IFBlockExamples::insecure_1(int)].JML operation contract.0 
49617      DEBUG main            d.u.i.k.p.i.IntermediateProofReplayer Proof replay took 14.7ns 
49819      INFO  main            d.u.i.k.p.r.p.TestFile    ... finished proof: closed. 
49995      INFO  main            d.u.i.k.p.r.p.TestFile    Now processing file /home/runner/work/key/key/key.core/../key.ui/examples/InformationFlow/BlockContracts/contract.IFBlockExamples(contract.IFBlockExamples__secure_4(int)).JML operation contract.0.key 
49995      INFO  main            d.u.i.k.p.i.AbstractProblemLoader Loading environment from /home/runner/work/key/key/key.core/../key.ui/examples/InformationFlow/BlockContracts/contract.IFBlockExamples(contract.IFBlockExamples__secure_4(int)).JML operation contract.0.key 
49995      DEBUG main            d.u.i.k.p.i.AbstractProblemLoader Environment load took 63.4ns 
49997      INFO  main            d.u.i.k.p.i.AbstractProblemLoader Creating init config 
52702      DEBUG main            d.u.i.k.p.i.AbstractProblemLoader Init config took 2.71s 
52742      INFO  main            d.u.i.k.p.i.AbstractProblemLoader Replaying proof contract.IFBlockExamples[contract.IFBlockExamples::secure_4(int)].JML operation contract.0 
52745      DEBUG main            d.u.i.k.p.i.IntermediateProofReplayer Proof replay took 15.5ns 
52947      INFO  main            d.u.i.k.p.r.p.TestFile    ... finished proof: closed. 
53115      INFO  main            d.u.i.k.p.r.p.TestFile    Now processing file /home/runner/work/key/key/key.core/../key.ui/examples/InformationFlow/BlockContracts/contract.IFBlockExamples(contract.IFBlockExamples__secure_1(int)).JML operation contract.0.key 
53115      INFO  main            d.u.i.k.p.i.AbstractProblemLoader Loading environment from /home/runner/work/key/key/key.core/../key.ui/examples/InformationFlow/BlockContracts/contract.IFBlockExamples(contract.IFBlockExamples__secure_1(int)).JML operation contract.0.key 
53115      DEBUG main            d.u.i.k.p.i.AbstractProblemLoader Environment load took 60.6ns 
53117      INFO  main            d.u.i.k.p.i.AbstractProblemLoader Creating init config 
55802      DEBUG main            d.u.i.k.p.i.AbstractProblemLoader Init config took 2.68s 
55840      INFO  main            d.u.i.k.p.i.AbstractProblemLoader Replaying proof contract.IFBlockExamples[contract.IFBlockExamples::secure_1(int)].JML operation contract.0 
55842      DEBUG main            d.u.i.k.p.i.IntermediateProofReplayer Proof replay took 16.3ns 
56045      INFO  main            d.u.i.k.p.r.p.TestFile    ... finished proof: closed. 
56282      INFO  main            d.u.i.k.p.r.p.TestFile    Now processing file /home/runner/work/key/key/key.core/../key.ui/examples/InformationFlow/BlockContracts/contract.IFEfficiencyExamples(contract.IFEfficiencyExamples__mWithoutBlockContract()).JML operation contract.0.key 
56282      INFO  main            d.u.i.k.p.i.AbstractProblemLoader Loading environment from /home/runner/work/key/key/key.core/../key.ui/examples/InformationFlow/BlockContracts/contract.IFEfficiencyExamples(contract.IFEfficiencyExamples__mWithoutBlockContract()).JML operation contract.0.key 
56282      DEBUG main            d.u.i.k.p.i.AbstractProblemLoader Environment load took 62.8ns 
56284      INFO  main            d.u.i.k.p.i.AbstractProblemLoader Creating init config 
58987      DEBUG main            d.u.i.k.p.i.AbstractProblemLoader Init config took 2.7s 
59038      INFO  main            d.u.i.k.p.i.AbstractProblemLoader Replaying proof contract.IFEfficiencyExamples[contract.IFEfficiencyExamples::mWithoutBlockContract()].JML operation contract.0 
59041      DEBUG main            d.u.i.k.p.i.IntermediateProofReplayer Proof replay took 13.4ns 
59747      INFO  main            d.u.i.k.p.r.p.TestFile    ... finished proof: closed. 
59947      INFO  main            d.u.i.k.p.r.p.TestFile    Now processing file /home/runner/work/key/key/key.core/../key.ui/examples/InformationFlow/BlockContracts/contract.IFEfficiencyExamples(contract.IFEfficiencyExamples__mWithBlockContract()).JML operation contract.0.key 
59947      INFO  main            d.u.i.k.p.i.AbstractProblemLoader Loading environment from /home/runner/work/key/key/key.core/../key.ui/examples/InformationFlow/BlockContracts/contract.IFEfficiencyExamples(contract.IFEfficiencyExamples__mWithBlockContract()).JML operation contract.0.key 
59947      DEBUG main            d.u.i.k.p.i.AbstractProblemLoader Environment load took 59.5ns 
59949      INFO  main            d.u.i.k.p.i.AbstractProblemLoader Creating init config 
62673      DEBUG main            d.u.i.k.p.i.AbstractProblemLoader Init config took 2.72s 
62712      INFO  main            d.u.i.k.p.i.AbstractProblemLoader Replaying proof contract.IFEfficiencyExamples[contract.IFEfficiencyExamples::mWithBlockContract()].JML operation contract.0 
62715      DEBUG main            d.u.i.k.p.i.IntermediateProofReplayer Proof replay took 13.5ns 
63118      INFO  main            d.u.i.k.p.r.p.TestFile    ... finished proof: closed. 
222066     INFO  Test worker     d.u.i.k.p.r.p.StatisticsFile Returning from test BlockContracts 
222084     INFO  Test worker     d.u.i.k.p.r.p.StatisticsFile Running test MethodContracts 
419        INFO  Timeout watchdog d.u.i.k.p.r.p.ForkedTestFileRunner Timeout watcher launched (1000 secs.) 
422        WARN  main            d.u.i.k.s.ProofSettings   The settings in /home/runner/.key/proof-settings.props are *not* read. 
469        INFO  main            d.u.i.k.p.r.p.TestFile    Now processing file /home/runner/work/key/key/key.core/../key.ui/examples/InformationFlow/MethodContracts/contract.IFMethodContract(contract.IFMethodContract__secure_recursion_2((I,int)).JML normal_behavior operation contract.0.key 
604        INFO  main            d.u.i.k.p.i.AbstractProblemLoader Loading environment from /home/runner/work/key/key/key.core/../key.ui/examples/InformationFlow/MethodContracts/contract.IFMethodContract(contract.IFMethodContract__secure_recursion_2((I,int)).JML normal_behavior operation contract.0.key 
623        DEBUG main            d.u.i.k.p.i.AbstractProblemLoader Environment load took 2.5ms 
844        INFO  main            d.u.i.k.p.i.AbstractProblemLoader Creating init config 
1709       DEBUG main            d.u.i.k.j.TypeConverter   No LDT found for Meta 
1709       DEBUG main            d.u.i.k.j.TypeConverter   No LDT found for Meta 
1710       DEBUG main            d.u.i.k.j.TypeConverter   No LDT found for Meta 
1710       DEBUG main            d.u.i.k.j.TypeConverter   No LDT found for Meta 
3295       DEBUG main            d.u.i.k.j.TypeConverter   No LDT found for JavaBigintExpression 
8536       DEBUG main            d.u.i.k.p.i.AbstractProblemLoader Init config took 7.69s 
8708       INFO  main            d.u.i.k.p.i.AbstractProblemLoader Replaying proof contract.IFMethodContract[contract.IFMethodContract::secure_recursion_2([I,int)].JML normal_behavior operation contract.0 
8750       DEBUG main            d.u.i.k.p.i.IntermediateProofReplayer Proof replay took 373ns 
9794       INFO  main            d.u.i.k.p.r.p.TestFile    ... finished proof: closed. 
9910       INFO  main            d.u.i.k.p.r.p.TestFile    Now processing file /home/runner/work/key/key/key.core/../key.ui/examples/InformationFlow/MethodContracts/contract.IFMethodContract(contract.IFMethodContract__secure_recursion(int)).JML normal_behavior operation contract.0.key 
9911       INFO  main            d.u.i.k.p.i.AbstractProblemLoader Loading environment from /home/runner/work/key/key/key.core/../key.ui/examples/InformationFlow/MethodContracts/contract.IFMethodContract(contract.IFMethodContract__secure_recursion(int)).JML normal_behavior operation contract.0.key 
9912       DEBUG main            d.u.i.k.p.i.AbstractProblemLoader Environment load took 1.27ms 
9915       INFO  main            d.u.i.k.p.i.AbstractProblemLoader Creating init config 
12938      DEBUG main            d.u.i.k.p.i.AbstractProblemLoader Init config took 3.02s 
13005      INFO  main            d.u.i.k.p.i.AbstractProblemLoader Replaying proof contract.IFMethodContract[contract.IFMethodContract::secure_recursion(int)].JML normal_behavior operation contract.0 
13020      DEBUG main            d.u.i.k.p.i.IntermediateProofReplayer Proof replay took 13.9ns 
13224      INFO  main            d.u.i.k.p.r.p.TestFile    ... finished proof: closed. 
13350      INFO  main            d.u.i.k.p.r.p.TestFile    Now processing file /home/runner/work/key/key/key.core/../key.ui/examples/InformationFlow/MethodContracts/contract.IFMethodContract(contract.IFMethodContract__secure_catch_exception()).JML operation contract.0.key 
13352      INFO  main            d.u.i.k.p.i.AbstractProblemLoader Loading environment from /home/runner/work/key/key/key.core/../key.ui/examples/InformationFlow/MethodContracts/contract.IFMethodContract(contract.IFMethodContract__secure_catch_exception()).JML operation contract.0.key 
13352      DEBUG main            d.u.i.k.p.i.AbstractProblemLoader Environment load took 150.7ns 
13354      INFO  main            d.u.i.k.p.i.AbstractProblemLoader Creating init config 
16256      DEBUG main            d.u.i.k.p.i.AbstractProblemLoader Init config took 2.9s 
16329      INFO  main            d.u.i.k.p.i.AbstractProblemLoader Replaying proof contract.IFMethodContract[contract.IFMethodContract::secure_catch_exception()].JML operation contract.0 
16336      DEBUG main            d.u.i.k.p.i.IntermediateProofReplayer Proof replay took 13.4ns 
16539      INFO  main            d.u.i.k.p.r.p.TestFile    ... finished proof: closed. 
16677      INFO  main            d.u.i.k.p.r.p.TestFile    Now processing file /home/runner/work/key/key/key.core/../key.ui/examples/InformationFlow/MethodContracts/contract.IFMethodContract(contract.IFMethodContract__n6()).JML normal_behavior operation contract.0.key 
16677      INFO  main            d.u.i.k.p.i.AbstractProblemLoader Loading environment from /home/runner/work/key/key/key.core/../key.ui/examples/InformationFlow/MethodContracts/contract.IFMethodContract(contract.IFMethodContract__n6()).JML normal_behavior operation contract.0.key 
16677      DEBUG main            d.u.i.k.p.i.AbstractProblemLoader Environment load took 75.8ns 
16678      INFO  main            d.u.i.k.p.i.AbstractProblemLoader Creating init config 
19551      DEBUG main            d.u.i.k.p.i.AbstractProblemLoader Init config took 2.87s 
19632      INFO  main            d.u.i.k.p.i.AbstractProblemLoader Replaying proof contract.IFMethodContract[contract.IFMethodContract::n6()].JML normal_behavior operation contract.0 
19639      DEBUG main            d.u.i.k.p.i.IntermediateProofReplayer Proof replay took 13.9ns 
19742      INFO  main            d.u.i.k.p.r.p.TestFile    ... finished proof: closed. 
19871      INFO  main            d.u.i.k.p.r.p.TestFile    Now processing file /home/runner/work/key/key/key.core/../key.ui/examples/InformationFlow/MethodContracts/contract.IFMethodContract(contract.IFMethodContract__secure_n6()).JML operation contract.0.key 
19871      INFO  main            d.u.i.k.p.i.AbstractProblemLoader Loading environment from /home/runner/work/key/key/key.core/../key.ui/examples/InformationFlow/MethodContracts/contract.IFMethodContract(contract.IFMethodContract__secure_n6()).JML operation contract.0.key 
19872      DEBUG main            d.u.i.k.p.i.AbstractProblemLoader Environment load took 729.71ns 
19873      INFO  main            d.u.i.k.p.i.AbstractProblemLoader Creating init config 
22715      DEBUG main            d.u.i.k.p.i.AbstractProblemLoader Init config took 2.84s 
22766      INFO  main            d.u.i.k.p.i.AbstractProblemLoader Replaying proof contract.IFMethodContract[contract.IFMethodContract::secure_n6()].JML operation contract.0 
22771      DEBUG main            d.u.i.k.p.i.IntermediateProofReplayer Proof replay took 15.2ns 
22873      INFO  main            d.u.i.k.p.r.p.TestFile    ... finished proof: closed. 
23002      INFO  main            d.u.i.k.p.r.p.TestFile    Now processing file /home/runner/work/key/key/key.core/../key.ui/examples/InformationFlow/MethodContracts/contract.IFMethodContract(contract.IFMethodContract__secure_array_param_helper()).JML normal_behavior operation contract.0.key 
23003      INFO  main            d.u.i.k.p.i.AbstractProblemLoader Loading environment from /home/runner/work/key/key/key.core/../key.ui/examples/InformationFlow/MethodContracts/contract.IFMethodContract(contract.IFMethodContract__secure_array_param_helper()).JML normal_behavior operation contract.0.key 
23003      DEBUG main            d.u.i.k.p.i.AbstractProblemLoader Environment load took 77.9ns 
23004      INFO  main            d.u.i.k.p.i.AbstractProblemLoader Creating init config 
25790      DEBUG main            d.u.i.k.p.i.AbstractProblemLoader Init config took 2.79s 
25836      INFO  main            d.u.i.k.p.i.AbstractProblemLoader Replaying proof contract.IFMethodContract[contract.IFMethodContract::secure_array_param_helper()].JML normal_behavior operation contract.0 
25841      DEBUG main            d.u.i.k.p.i.IntermediateProofReplayer Proof replay took 13.1ns 
25943      INFO  main            d.u.i.k.p.r.p.TestFile    ... finished proof: closed. 
26128      INFO  main            d.u.i.k.p.r.p.TestFile    Now processing file /home/runner/work/key/key/key.core/../key.ui/examples/InformationFlow/MethodContracts/contract.IFMethodContract(contract.IFMethodContract__secure_array_param((I,int)).JML operation contract.0.key 
26129      INFO  main            d.u.i.k.p.i.AbstractProblemLoader Loading environment from /home/runner/work/key/key/key.core/../key.ui/examples/InformationFlow/MethodContracts/contract.IFMethodContract(contract.IFMethodContract__secure_array_param((I,int)).JML operation contract.0.key 
26129      DEBUG main            d.u.i.k.p.i.AbstractProblemLoader Environment load took 1.26ms 
26132      INFO  main            d.u.i.k.p.i.AbstractProblemLoader Creating init config 
28871      DEBUG main            d.u.i.k.p.i.AbstractProblemLoader Init config took 2.74s 
28920      INFO  main            d.u.i.k.p.i.AbstractProblemLoader Replaying proof contract.IFMethodContract[contract.IFMethodContract::secure_array_param([I,int)].JML operation contract.0 
28924      DEBUG main            d.u.i.k.p.i.IntermediateProofReplayer Proof replay took 13.6ns 
29126      INFO  main            d.u.i.k.p.r.p.TestFile    ... finished proof: closed. 
29288      INFO  main            d.u.i.k.p.r.p.TestFile    Now processing file /home/runner/work/key/key/key.core/../key.ui/examples/InformationFlow/MethodContracts/contract.IFMethodContract(contract.IFMethodContract__n9()).JML normal_behavior operation contract.0.key 
29288      INFO  main            d.u.i.k.p.i.AbstractProblemLoader Loading environment from /home/runner/work/key/key/key.core/../key.ui/examples/InformationFlow/MethodContracts/contract.IFMethodContract(contract.IFMethodContract__n9()).JML normal_behavior operation contract.0.key 
29288      DEBUG main            d.u.i.k.p.i.AbstractProblemLoader Environment load took 71.5ns 
29289      INFO  main            d.u.i.k.p.i.AbstractProblemLoader Creating init config 
31985      DEBUG main            d.u.i.k.p.i.AbstractProblemLoader Init config took 2.7s 
32027      INFO  main            d.u.i.k.p.i.AbstractProblemLoader Replaying proof contract.IFMethodContract[contract.IFMethodContract::n9()].JML normal_behavior operation contract.0 
32033      DEBUG main            d.u.i.k.p.i.IntermediateProofReplayer Proof replay took 38.2ns 
32135      INFO  main            d.u.i.k.p.r.p.TestFile    ... finished proof: closed. 
32278      INFO  main            d.u.i.k.p.r.p.TestFile    Now processing file /home/runner/work/key/key/key.core/../key.ui/examples/InformationFlow/MethodContracts/contract.IFMethodContract(contract.IFMethodContract__secure_assignment_0_n9()).JML operation contract.0.key 
32279      INFO  main            d.u.i.k.p.i.AbstractProblemLoader Loading environment from /home/runner/work/key/key/key.core/../key.ui/examples/InformationFlow/MethodContracts/contract.IFMethodContract(contract.IFMethodContract__secure_assignment_0_n9()).JML operation contract.0.key 
32279      DEBUG main            d.u.i.k.p.i.AbstractProblemLoader Environment load took 74ns 
32280      INFO  main            d.u.i.k.p.i.AbstractProblemLoader Creating init config 
35006      DEBUG main            d.u.i.k.p.i.AbstractProblemLoader Init config took 2.73s 
35048      INFO  main            d.u.i.k.p.i.AbstractProblemLoader Replaying proof contract.IFMethodContract[contract.IFMethodContract::secure_assignment_0_n9()].JML operation contract.0 
35051      DEBUG main            d.u.i.k.p.i.IntermediateProofReplayer Proof replay took 14.5ns 
35154      INFO  main            d.u.i.k.p.r.p.TestFile    ... finished proof: closed. 
35331      INFO  main            d.u.i.k.p.r.p.TestFile    Now processing file /home/runner/work/key/key/key.core/../key.ui/examples/InformationFlow/MethodContracts/contract.IFMethodContract(contract.IFMethodContract__insecure_if_high_n5_n1()).JML operation contract.0.key 
35331      INFO  main            d.u.i.k.p.i.AbstractProblemLoader Loading environment from /home/runner/work/key/key/key.core/../key.ui/examples/InformationFlow/MethodContracts/contract.IFMethodContract(contract.IFMethodContract__insecure_if_high_n5_n1()).JML operation contract.0.key 
35331      DEBUG main            d.u.i.k.p.i.AbstractProblemLoader Environment load took 87ns 
35332      INFO  main            d.u.i.k.p.i.AbstractProblemLoader Creating init config 
38031      DEBUG main            d.u.i.k.p.i.AbstractProblemLoader Init config took 2.7s 
38072      INFO  main            d.u.i.k.p.i.AbstractProblemLoader Replaying proof contract.IFMethodContract[contract.IFMethodContract::insecure_if_high_n5_n1()].JML operation contract.0 
38075      DEBUG main            d.u.i.k.p.i.IntermediateProofReplayer Proof replay took 13.4ns 
38280      INFO  main            d.u.i.k.p.r.p.TestFile    ... finished proof: closed. 
38428      INFO  main            d.u.i.k.p.r.p.TestFile    Now processing file /home/runner/work/key/key/key.core/../key.ui/examples/InformationFlow/MethodContracts/contract.IFMethodContract(contract.IFMethodContract__n5(int)).JML normal_behavior operation contract.0.key 
38428      INFO  main            d.u.i.k.p.i.AbstractProblemLoader Loading environment from /home/runner/work/key/key/key.core/../key.ui/examples/InformationFlow/MethodContracts/contract.IFMethodContract(contract.IFMethodContract__n5(int)).JML normal_behavior operation contract.0.key 
38428      DEBUG main            d.u.i.k.p.i.AbstractProblemLoader Environment load took 80.2ns 
38431      INFO  main            d.u.i.k.p.i.AbstractProblemLoader Creating init config 
41139      DEBUG main            d.u.i.k.p.i.AbstractProblemLoader Init config took 2.71s 
41187      INFO  main            d.u.i.k.p.i.AbstractProblemLoader Replaying proof contract.IFMethodContract[contract.IFMethodContract::n5(int)].JML normal_behavior operation contract.0 
41190      DEBUG main            d.u.i.k.p.i.IntermediateProofReplayer Proof replay took 15.1ns 
41293      INFO  main            d.u.i.k.p.r.p.TestFile    ... finished proof: closed. 
41437      INFO  main            d.u.i.k.p.r.p.TestFile    Now processing file /home/runner/work/key/key/key.core/../key.ui/examples/InformationFlow/MethodContracts/contract.IFMethodContract(contract.IFMethodContract__secure_if_high_n5_n1()).JML operation contract.0.key 
41437      INFO  main            d.u.i.k.p.i.AbstractProblemLoader Loading environment from /home/runner/work/key/key/key.core/../key.ui/examples/InformationFlow/MethodContracts/contract.IFMethodContract(contract.IFMethodContract__secure_if_high_n5_n1()).JML operation contract.0.key 
41437      DEBUG main            d.u.i.k.p.i.AbstractProblemLoader Environment load took 69.5ns 
41438      INFO  main            d.u.i.k.p.i.AbstractProblemLoader Creating init config 
44202      DEBUG main            d.u.i.k.p.i.AbstractProblemLoader Init config took 2.76s 
44244      INFO  main            d.u.i.k.p.i.AbstractProblemLoader Replaying proof contract.IFMethodContract[contract.IFMethodContract::secure_if_high_n5_n1()].JML operation contract.0 
44247      DEBUG main            d.u.i.k.p.i.IntermediateProofReplayer Proof replay took 15.2ns 
44450      INFO  main            d.u.i.k.p.r.p.TestFile    ... finished proof: closed. 
44606      INFO  main            d.u.i.k.p.r.p.TestFile    Now processing file /home/runner/work/key/key/key.core/../key.ui/examples/InformationFlow/MethodContracts/contract.IFMethodContract(contract.IFMethodContract__secure_if_high_n1()).JML operation contract.0.key 
44606      INFO  main            d.u.i.k.p.i.AbstractProblemLoader Loading environment from /home/runner/work/key/key/key.core/../key.ui/examples/InformationFlow/MethodContracts/contract.IFMethodContract(contract.IFMethodContract__secure_if_high_n1()).JML operation contract.0.key 
44606      DEBUG main            d.u.i.k.p.i.AbstractProblemLoader Environment load took 83.9ns 
44607      INFO  main            d.u.i.k.p.i.AbstractProblemLoader Creating init config 
47301      DEBUG main            d.u.i.k.p.i.AbstractProblemLoader Init config took 2.69s 
47351      INFO  main            d.u.i.k.p.i.AbstractProblemLoader Replaying proof contract.IFMethodContract[contract.IFMethodContract::secure_if_high_n1()].JML operation contract.0 
47354      DEBUG main            d.u.i.k.p.i.IntermediateProofReplayer Proof replay took 13.6ns 
47558      INFO  main            d.u.i.k.p.r.p.TestFile    ... finished proof: closed. 
47711      INFO  main            d.u.i.k.p.r.p.TestFile    Now processing file /home/runner/work/key/key/key.core/../key.ui/examples/InformationFlow/MethodContracts/contract.IFMethodContract(contract.IFMethodContract__secure_n5()).JML operation contract.0.key 
47711      INFO  main            d.u.i.k.p.i.AbstractProblemLoader Loading environment from /home/runner/work/key/key/key.core/../key.ui/examples/InformationFlow/MethodContracts/contract.IFMethodContract(contract.IFMethodContract__secure_n5()).JML operation contract.0.key 
47712      DEBUG main            d.u.i.k.p.i.AbstractProblemLoader Environment load took 69.6ns 
47715      INFO  main            d.u.i.k.p.i.AbstractProblemLoader Creating init config 
50431      DEBUG main            d.u.i.k.p.i.AbstractProblemLoader Init config took 2.72s 
50478      INFO  main            d.u.i.k.p.i.AbstractProblemLoader Replaying proof contract.IFMethodContract[contract.IFMethodContract::secure_n5()].JML operation contract.0 
50489      DEBUG main            d.u.i.k.p.i.IntermediateProofReplayer Proof replay took 17ns 
50591      INFO  main            d.u.i.k.p.r.p.TestFile    ... finished proof: closed. 
50771      INFO  main            d.u.i.k.p.r.p.TestFile    Now processing file /home/runner/work/key/key/key.core/../key.ui/examples/InformationFlow/MethodContracts/contract.IFMethodContract(contract.IFMethodContract__n4()).JML normal_behavior operation contract.0.key 
50772      INFO  main            d.u.i.k.p.i.AbstractProblemLoader Loading environment from /home/runner/work/key/key/key.core/../key.ui/examples/InformationFlow/MethodContracts/contract.IFMethodContract(contract.IFMethodContract__n4()).JML normal_behavior operation contract.0.key 
50772      DEBUG main            d.u.i.k.p.i.AbstractProblemLoader Environment load took 70.2ns 
50774      INFO  main            d.u.i.k.p.i.AbstractProblemLoader Creating init config 
53476      DEBUG main            d.u.i.k.p.i.AbstractProblemLoader Init config took 2.7s 
53513      INFO  main            d.u.i.k.p.i.AbstractProblemLoader Replaying proof contract.IFMethodContract[contract.IFMethodContract::n4()].JML normal_behavior operation contract.0 
53516      DEBUG main            d.u.i.k.p.i.IntermediateProofReplayer Proof replay took 15.7ns 
53622      INFO  main            d.u.i.k.p.r.p.TestFile    ... finished proof: closed. 
53778      INFO  main            d.u.i.k.p.r.p.TestFile    Now processing file /home/runner/work/key/key/key.core/../key.ui/examples/InformationFlow/MethodContracts/contract.IFMethodContract(contract.IFMethodContract__n3()).JML normal_behavior operation contract.0.key 
53778      INFO  main            d.u.i.k.p.i.AbstractProblemLoader Loading environment from /home/runner/work/key/key/key.core/../key.ui/examples/InformationFlow/MethodContracts/contract.IFMethodContract(contract.IFMethodContract__n3()).JML normal_behavior operation contract.0.key 
53778      DEBUG main            d.u.i.k.p.i.AbstractProblemLoader Environment load took 77.7ns 
53782      INFO  main            d.u.i.k.p.i.AbstractProblemLoader Creating init config 
56458      DEBUG main            d.u.i.k.p.i.AbstractProblemLoader Init config took 2.68s 
56496      INFO  main            d.u.i.k.p.i.AbstractProblemLoader Replaying proof contract.IFMethodContract[contract.IFMethodContract::n3()].JML normal_behavior operation contract.0 
56499      DEBUG main            d.u.i.k.p.i.IntermediateProofReplayer Proof replay took 12.8ns 
56602      INFO  main            d.u.i.k.p.r.p.TestFile    ... finished proof: closed. 
56790      INFO  main            d.u.i.k.p.r.p.TestFile    Now processing file /home/runner/work/key/key/key.core/../key.ui/examples/InformationFlow/MethodContracts/contract.IFMethodContract(contract.IFMethodContract__secure_sequential_n3_precond_n4()).JML operation contract.0.key 
56790      INFO  main            d.u.i.k.p.i.AbstractProblemLoader Loading environment from /home/runner/work/key/key/key.core/../key.ui/examples/InformationFlow/MethodContracts/contract.IFMethodContract(contract.IFMethodContract__secure_sequential_n3_precond_n4()).JML operation contract.0.key 
56790      DEBUG main            d.u.i.k.p.i.AbstractProblemLoader Environment load took 63.6ns 
56792      INFO  main            d.u.i.k.p.i.AbstractProblemLoader Creating init config 
59477      DEBUG main            d.u.i.k.p.i.AbstractProblemLoader Init config took 2.69s 
59518      INFO  main            d.u.i.k.p.i.AbstractProblemLoader Replaying proof contract.IFMethodContract[contract.IFMethodContract::secure_sequential_n3_precond_n4()].JML operation contract.0 
59520      DEBUG main            d.u.i.k.p.i.IntermediateProofReplayer Proof replay took 13.1ns 
59627      INFO  main            d.u.i.k.p.r.p.TestFile    ... finished proof: closed. 
59793      INFO  main            d.u.i.k.p.r.p.TestFile    Now processing file /home/runner/work/key/key/key.core/../key.ui/examples/InformationFlow/MethodContracts/contract.IFMethodContract(contract.IFMethodContract__insecure_assignment_n2()).JML operation contract.0.key 
59793      INFO  main            d.u.i.k.p.i.AbstractProblemLoader Loading environment from /home/runner/work/key/key/key.core/../key.ui/examples/InformationFlow/MethodContracts/contract.IFMethodContract(contract.IFMethodContract__insecure_assignment_n2()).JML operation contract.0.key 
59793      DEBUG main            d.u.i.k.p.i.AbstractProblemLoader Environment load took 67.4ns 
59794      INFO  main            d.u.i.k.p.i.AbstractProblemLoader Creating init config 
62437      DEBUG main            d.u.i.k.p.i.AbstractProblemLoader Init config took 2.64s 
62484      INFO  main            d.u.i.k.p.i.AbstractProblemLoader Replaying proof contract.IFMethodContract[contract.IFMethodContract::insecure_assignment_n2()].JML operation contract.0 
62487      DEBUG main            d.u.i.k.p.i.IntermediateProofReplayer Proof replay took 12.9ns 
62594      INFO  main            d.u.i.k.p.r.p.TestFile    ... finished proof: closed. 
62756      INFO  main            d.u.i.k.p.r.p.TestFile    Now processing file /home/runner/work/key/key/key.core/../key.ui/examples/InformationFlow/MethodContracts/contract.IFMethodContract(contract.IFMethodContract__secure_assignments_n2()).JML operation contract.0.key 
62756      INFO  main            d.u.i.k.p.i.AbstractProblemLoader Loading environment from /home/runner/work/key/key/key.core/../key.ui/examples/InformationFlow/MethodContracts/contract.IFMethodContract(contract.IFMethodContract__secure_assignments_n2()).JML operation contract.0.key 
62756      DEBUG main            d.u.i.k.p.i.AbstractProblemLoader Environment load took 67.9ns 
62757      INFO  main            d.u.i.k.p.i.AbstractProblemLoader Creating init config 
65390      DEBUG main            d.u.i.k.p.i.AbstractProblemLoader Init config took 2.63s 
65427      INFO  main            d.u.i.k.p.i.AbstractProblemLoader Replaying proof contract.IFMethodContract[contract.IFMethodContract::secure_assignments_n2()].JML operation contract.0 
65431      DEBUG main            d.u.i.k.p.i.IntermediateProofReplayer Proof replay took 13.9ns 
65539      INFO  main            d.u.i.k.p.r.p.TestFile    ... finished proof: closed. 
65708      INFO  main            d.u.i.k.p.r.p.TestFile    Now processing file /home/runner/work/key/key/key.core/../key.ui/examples/InformationFlow/MethodContracts/contract.IFMethodContract(contract.IFMethodContract__n2()).JML normal_behavior operation contract.0.key 
65708      INFO  main            d.u.i.k.p.i.AbstractProblemLoader Loading environment from /home/runner/work/key/key/key.core/../key.ui/examples/InformationFlow/MethodContracts/contract.IFMethodContract(contract.IFMethodContract__n2()).JML normal_behavior operation contract.0.key 
65708      DEBUG main            d.u.i.k.p.i.AbstractProblemLoader Environment load took 63.2ns 
65710      INFO  main            d.u.i.k.p.i.AbstractProblemLoader Creating init config 
68354      DEBUG main            d.u.i.k.p.i.AbstractProblemLoader Init config took 2.64s 
68390      INFO  main            d.u.i.k.p.i.AbstractProblemLoader Replaying proof contract.IFMethodContract[contract.IFMethodContract::n2()].JML normal_behavior operation contract.0 
68393      DEBUG main            d.u.i.k.p.i.IntermediateProofReplayer Proof replay took 15.1ns 
68495      INFO  main            d.u.i.k.p.r.p.TestFile    ... finished proof: closed. 
68665      INFO  main            d.u.i.k.p.r.p.TestFile    Now processing file /home/runner/work/key/key/key.core/../key.ui/examples/InformationFlow/MethodContracts/contract.IFMethodContract(contract.IFMethodContract__n1()).JML normal_behavior operation contract.0.key 
68666      INFO  main            d.u.i.k.p.i.AbstractProblemLoader Loading environment from /home/runner/work/key/key/key.core/../key.ui/examples/InformationFlow/MethodContracts/contract.IFMethodContract(contract.IFMethodContract__n1()).JML normal_behavior operation contract.0.key 
68666      DEBUG main            d.u.i.k.p.i.AbstractProblemLoader Environment load took 78.7ns 
68667      INFO  main            d.u.i.k.p.i.AbstractProblemLoader Creating init config 
71351      DEBUG main            d.u.i.k.p.i.AbstractProblemLoader Init config took 2.68s 
71386      INFO  main            d.u.i.k.p.i.AbstractProblemLoader Replaying proof contract.IFMethodContract[contract.IFMethodContract::n1()].JML normal_behavior operation contract.0 
71389      DEBUG main            d.u.i.k.p.i.IntermediateProofReplayer Proof replay took 13.2ns 
71494      INFO  main            d.u.i.k.p.r.p.TestFile    ... finished proof: closed. 
71663      INFO  main            d.u.i.k.p.r.p.TestFile    Now processing file /home/runner/work/key/key/key.core/../key.ui/examples/InformationFlow/MethodContracts/contract.IFMethodContract(contract.IFMethodContract__secure_sequential_n1_n2()).JML operation contract.0.key 
71663      INFO  main            d.u.i.k.p.i.AbstractProblemLoader Loading environment from /home/runner/work/key/key/key.core/../key.ui/examples/InformationFlow/MethodContracts/contract.IFMethodContract(contract.IFMethodContract__secure_sequential_n1_n2()).JML operation contract.0.key 
71663      DEBUG main            d.u.i.k.p.i.AbstractProblemLoader Environment load took 65.5ns 
71664      INFO  main            d.u.i.k.p.i.AbstractProblemLoader Creating init config 
74339      DEBUG main            d.u.i.k.p.i.AbstractProblemLoader Init config took 2.68s 
74375      INFO  main            d.u.i.k.p.i.AbstractProblemLoader Replaying proof contract.IFMethodContract[contract.IFMethodContract::secure_sequential_n1_n2()].JML operation contract.0 
74377      DEBUG main            d.u.i.k.p.i.IntermediateProofReplayer Proof replay took 13.2ns 
74482      INFO  main            d.u.i.k.p.r.p.TestFile    ... finished proof: closed. 
296923     INFO  Test worker     d.u.i.k.p.r.p.StatisticsFile Returning from test MethodContracts 
296931     INFO  Test worker     d.u.i.k.p.r.p.StatisticsFile Running test LoopInvariants 
373        INFO  Timeout watchdog d.u.i.k.p.r.p.ForkedTestFileRunner Timeout watcher launched (1000 secs.) 
385        WARN  main            d.u.i.k.s.ProofSettings   The settings in /home/runner/.key/proof-settings.props are *not* read. 
408        INFO  main            d.u.i.k.p.r.p.TestFile    Now processing file /home/runner/work/key/key/key.core/../key.ui/examples/InformationFlow/LoopInvariants/loop.IFLoopExamples(loop.IFLoopExamples__insecure_while_3(int)).JML operation contract.0.key 
519        INFO  main            d.u.i.k.p.i.AbstractProblemLoader Loading environment from /home/runner/work/key/key/key.core/../key.ui/examples/InformationFlow/LoopInvariants/loop.IFLoopExamples(loop.IFLoopExamples__insecure_while_3(int)).JML operation contract.0.key 
545        DEBUG main            d.u.i.k.p.i.AbstractProblemLoader Environment load took 2.5ms 
798        INFO  main            d.u.i.k.p.i.AbstractProblemLoader Creating init config 
1756       DEBUG main            d.u.i.k.j.TypeConverter   No LDT found for Meta 
1757       DEBUG main            d.u.i.k.j.TypeConverter   No LDT found for Meta 
1759       DEBUG main            d.u.i.k.j.TypeConverter   No LDT found for Meta 
1759       DEBUG main            d.u.i.k.j.TypeConverter   No LDT found for Meta 
2978       DEBUG main            d.u.i.k.j.TypeConverter   No LDT found for JavaBigintExpression 
8144       DEBUG main            d.u.i.k.p.i.AbstractProblemLoader Init config took 7.35s 
8319       INFO  main            d.u.i.k.p.i.AbstractProblemLoader Replaying proof loop.IFLoopExamples[loop.IFLoopExamples::insecure_while_3(int)].JML operation contract.0 
8396       DEBUG main            d.u.i.k.p.i.IntermediateProofReplayer Proof replay took 349.61ns 
9647       INFO  main            d.u.i.k.p.r.p.TestFile    ... finished proof: closed. 
9774       INFO  main            d.u.i.k.p.r.p.TestFile    Now processing file /home/runner/work/key/key/key.core/../key.ui/examples/InformationFlow/LoopInvariants/loop.IFLoopExamples(loop.IFLoopExamples__secure_while_2(int)).JML operation contract.0.key 
9775       INFO  main            d.u.i.k.p.i.AbstractProblemLoader Loading environment from /home/runner/work/key/key/key.core/../key.ui/examples/InformationFlow/LoopInvariants/loop.IFLoopExamples(loop.IFLoopExamples__secure_while_2(int)).JML operation contract.0.key 
9776       DEBUG main            d.u.i.k.p.i.AbstractProblemLoader Environment load took 377.2ns 
9781       INFO  main            d.u.i.k.p.i.AbstractProblemLoader Creating init config 
12975      DEBUG main            d.u.i.k.p.i.AbstractProblemLoader Init config took 3.19s 
13035      INFO  main            d.u.i.k.p.i.AbstractProblemLoader Replaying proof loop.IFLoopExamples[loop.IFLoopExamples::secure_while_2(int)].JML operation contract.0 
13042      DEBUG main            d.u.i.k.p.i.IntermediateProofReplayer Proof replay took 11.4ns 
13561      INFO  main            d.u.i.k.p.r.p.TestFile    ... finished proof: closed. 
13711      INFO  main            d.u.i.k.p.r.p.TestFile    Now processing file /home/runner/work/key/key/key.core/../key.ui/examples/InformationFlow/LoopInvariants/loop.IFLoopExamples(loop.IFLoopExamples__secure_while_4(int)).JML operation contract.0.key 
13711      INFO  main            d.u.i.k.p.i.AbstractProblemLoader Loading environment from /home/runner/work/key/key/key.core/../key.ui/examples/InformationFlow/LoopInvariants/loop.IFLoopExamples(loop.IFLoopExamples__secure_while_4(int)).JML operation contract.0.key 
13711      DEBUG main            d.u.i.k.p.i.AbstractProblemLoader Environment load took 89.9ns 
13715      INFO  main            d.u.i.k.p.i.AbstractProblemLoader Creating init config 
16773      DEBUG main            d.u.i.k.p.i.AbstractProblemLoader Init config took 3.06s 
16854      INFO  main            d.u.i.k.p.i.AbstractProblemLoader Replaying proof loop.IFLoopExamples[loop.IFLoopExamples::secure_while_4(int)].JML operation contract.0 
16858      DEBUG main            d.u.i.k.p.i.IntermediateProofReplayer Proof replay took 11.6ns 
17262      INFO  main            d.u.i.k.p.r.p.TestFile    ... finished proof: closed. 
17399      INFO  main            d.u.i.k.p.r.p.TestFile    Now processing file /home/runner/work/key/key/key.core/../key.ui/examples/InformationFlow/LoopInvariants/loop.IFLoopExamples(loop.IFLoopExamples__insecure_doubleNestedWhile2(int)).JML operation contract.0.key 
17399      INFO  main            d.u.i.k.p.i.AbstractProblemLoader Loading environment from /home/runner/work/key/key/key.core/../key.ui/examples/InformationFlow/LoopInvariants/loop.IFLoopExamples(loop.IFLoopExamples__insecure_doubleNestedWhile2(int)).JML operation contract.0.key 
17399      DEBUG main            d.u.i.k.p.i.AbstractProblemLoader Environment load took 73.7ns 
17401      INFO  main            d.u.i.k.p.i.AbstractProblemLoader Creating init config 
20399      DEBUG main            d.u.i.k.p.i.AbstractProblemLoader Init config took 3s 
20476      INFO  main            d.u.i.k.p.i.AbstractProblemLoader Replaying proof loop.IFLoopExamples[loop.IFLoopExamples::insecure_doubleNestedWhile2(int)].JML operation contract.0 
20482      DEBUG main            d.u.i.k.p.i.IntermediateProofReplayer Proof replay took 12.6ns 
21587      INFO  main            d.u.i.k.p.r.p.TestFile    ... finished proof: closed. 
21780      INFO  main            d.u.i.k.p.r.p.TestFile    Now processing file /home/runner/work/key/key/key.core/../key.ui/examples/InformationFlow/LoopInvariants/loop.IFLoopExamples(loop.IFLoopExamples__insecure_doubleNestedWhile(int)).JML operation contract.0.key 
21781      INFO  main            d.u.i.k.p.i.AbstractProblemLoader Loading environment from /home/runner/work/key/key/key.core/../key.ui/examples/InformationFlow/LoopInvariants/loop.IFLoopExamples(loop.IFLoopExamples__insecure_doubleNestedWhile(int)).JML operation contract.0.key 
21781      DEBUG main            d.u.i.k.p.i.AbstractProblemLoader Environment load took 70.7ns 
21783      INFO  main            d.u.i.k.p.i.AbstractProblemLoader Creating init config 
24716      DEBUG main            d.u.i.k.p.i.AbstractProblemLoader Init config took 2.93s 
24778      INFO  main            d.u.i.k.p.i.AbstractProblemLoader Replaying proof loop.IFLoopExamples[loop.IFLoopExamples::insecure_doubleNestedWhile(int)].JML operation contract.0 
24781      DEBUG main            d.u.i.k.p.i.IntermediateProofReplayer Proof replay took 13.5ns 
25687      INFO  main            d.u.i.k.p.r.p.TestFile    ... finished proof: closed. 
25837      INFO  main            d.u.i.k.p.r.p.TestFile    Now processing file /home/runner/work/key/key/key.core/../key.ui/examples/InformationFlow/LoopInvariants/loop.IFLoopExamples(loop.IFLoopExamples__secure_doubleNestedWhile(int)).JML operation contract.0.key 
25837      INFO  main            d.u.i.k.p.i.AbstractProblemLoader Loading environment from /home/runner/work/key/key/key.core/../key.ui/examples/InformationFlow/LoopInvariants/loop.IFLoopExamples(loop.IFLoopExamples__secure_doubleNestedWhile(int)).JML operation contract.0.key 
25843      DEBUG main            d.u.i.k.p.i.AbstractProblemLoader Environment load took 6.52ms 
25845      INFO  main            d.u.i.k.p.i.AbstractProblemLoader Creating init config 
28768      DEBUG main            d.u.i.k.p.i.AbstractProblemLoader Init config took 2.92s 
28823      INFO  main            d.u.i.k.p.i.AbstractProblemLoader Replaying proof loop.IFLoopExamples[loop.IFLoopExamples::secure_doubleNestedWhile(int)].JML operation contract.0 
28826      DEBUG main            d.u.i.k.p.i.IntermediateProofReplayer Proof replay took 12.4ns 
29761      INFO  main            d.u.i.k.p.r.p.TestFile    ... finished proof: closed. 
29922      INFO  main            d.u.i.k.p.r.p.TestFile    Now processing file /home/runner/work/key/key/key.core/../key.ui/examples/InformationFlow/LoopInvariants/loop.IFLoopExamples(loop.IFLoopExamples__secure_nestedTwoWhile(int)).JML operation contract.0.key 
29922      INFO  main            d.u.i.k.p.i.AbstractProblemLoader Loading environment from /home/runner/work/key/key/key.core/../key.ui/examples/InformationFlow/LoopInvariants/loop.IFLoopExamples(loop.IFLoopExamples__secure_nestedTwoWhile(int)).JML operation contract.0.key 
29922      DEBUG main            d.u.i.k.p.i.AbstractProblemLoader Environment load took 76.6ns 
29923      INFO  main            d.u.i.k.p.i.AbstractProblemLoader Creating init config 
32930      DEBUG main            d.u.i.k.p.i.AbstractProblemLoader Init config took 3.01s 
32975      INFO  main            d.u.i.k.p.i.AbstractProblemLoader Replaying proof loop.IFLoopExamples[loop.IFLoopExamples::secure_nestedTwoWhile(int)].JML operation contract.0 
32978      DEBUG main            d.u.i.k.p.i.IntermediateProofReplayer Proof replay took 12ns 
33786      INFO  main            d.u.i.k.p.r.p.TestFile    ... finished proof: closed. 
33954      INFO  main            d.u.i.k.p.r.p.TestFile    Now processing file /home/runner/work/key/key/key.core/../key.ui/examples/InformationFlow/LoopInvariants/loop.IFLoopExamples(loop.IFLoopExamples__secure_nestedWhile(int)).JML operation contract.0.key 
33954      INFO  main            d.u.i.k.p.i.AbstractProblemLoader Loading environment from /home/runner/work/key/key/key.core/../key.ui/examples/InformationFlow/LoopInvariants/loop.IFLoopExamples(loop.IFLoopExamples__secure_nestedWhile(int)).JML operation contract.0.key 
33954      DEBUG main            d.u.i.k.p.i.AbstractProblemLoader Environment load took 86.2ns 
33955      INFO  main            d.u.i.k.p.i.AbstractProblemLoader Creating init config 
36838      DEBUG main            d.u.i.k.p.i.AbstractProblemLoader Init config took 2.88s 
36887      INFO  main            d.u.i.k.p.i.AbstractProblemLoader Replaying proof loop.IFLoopExamples[loop.IFLoopExamples::secure_nestedWhile(int)].JML operation contract.0 
36892      DEBUG main            d.u.i.k.p.i.IntermediateProofReplayer Proof replay took 13.9ns 
37396      INFO  main            d.u.i.k.p.r.p.TestFile    ... finished proof: closed. 
37567      INFO  main            d.u.i.k.p.r.p.TestFile    Now processing file /home/runner/work/key/key/key.core/../key.ui/examples/InformationFlow/LoopInvariants/loop.IFLoopExamples(loop.IFLoopExamples__notSecure_while(int)).JML operation contract.0.key 
37568      INFO  main            d.u.i.k.p.i.AbstractProblemLoader Loading environment from /home/runner/work/key/key/key.core/../key.ui/examples/InformationFlow/LoopInvariants/loop.IFLoopExamples(loop.IFLoopExamples__notSecure_while(int)).JML operation contract.0.key 
37568      DEBUG main            d.u.i.k.p.i.AbstractProblemLoader Environment load took 75.7ns 
37569      INFO  main            d.u.i.k.p.i.AbstractProblemLoader Creating init config 
40464      DEBUG main            d.u.i.k.p.i.AbstractProblemLoader Init config took 2.9s 
40506      INFO  main            d.u.i.k.p.i.AbstractProblemLoader Replaying proof loop.IFLoopExamples[loop.IFLoopExamples::notSecure_while(int)].JML operation contract.0 
40509      DEBUG main            d.u.i.k.p.i.IntermediateProofReplayer Proof replay took 12.7ns 
40711      INFO  main            d.u.i.k.p.r.p.TestFile    ... finished proof: closed. 
40860      INFO  main            d.u.i.k.p.r.p.TestFile    Now processing file /home/runner/work/key/key/key.core/../key.ui/examples/InformationFlow/LoopInvariants/loop.IFLoopExamples(loop.IFLoopExamples__notSecure_while_wrongInv(int)).JML operation contract.0.key 
40860      INFO  main            d.u.i.k.p.i.AbstractProblemLoader Loading environment from /home/runner/work/key/key/key.core/../key.ui/examples/InformationFlow/LoopInvariants/loop.IFLoopExamples(loop.IFLoopExamples__notSecure_while_wrongInv(int)).JML operation contract.0.key 
40860      DEBUG main            d.u.i.k.p.i.AbstractProblemLoader Environment load took 66.1ns 
40862      INFO  main            d.u.i.k.p.i.AbstractProblemLoader Creating init config 
43728      DEBUG main            d.u.i.k.p.i.AbstractProblemLoader Init config took 2.87s 
43777      INFO  main            d.u.i.k.p.i.AbstractProblemLoader Replaying proof loop.IFLoopExamples[loop.IFLoopExamples::notSecure_while_wrongInv(int)].JML operation contract.0 
43780      DEBUG main            d.u.i.k.p.i.IntermediateProofReplayer Proof replay took 12.5ns 
43987      INFO  main            d.u.i.k.p.r.p.TestFile    ... finished proof: open goal(s) 
44137      INFO  main            d.u.i.k.p.r.p.TestFile    Now processing file /home/runner/work/key/key/key.core/../key.ui/examples/InformationFlow/LoopInvariants/loop.IFLoopExamples(loop.IFLoopExamples__insecure_twoWhile(int)).JML operation contract.0.key 
44137      INFO  main            d.u.i.k.p.i.AbstractProblemLoader Loading environment from /home/runner/work/key/key/key.core/../key.ui/examples/InformationFlow/LoopInvariants/loop.IFLoopExamples(loop.IFLoopExamples__insecure_twoWhile(int)).JML operation contract.0.key 
44137      DEBUG main            d.u.i.k.p.i.AbstractProblemLoader Environment load took 79.5ns 
44142      INFO  main            d.u.i.k.p.i.AbstractProblemLoader Creating init config 
47045      DEBUG main            d.u.i.k.p.i.AbstractProblemLoader Init config took 2.9s 
47087      INFO  main            d.u.i.k.p.i.AbstractProblemLoader Replaying proof loop.IFLoopExamples[loop.IFLoopExamples::insecure_twoWhile(int)].JML operation contract.0 
47089      DEBUG main            d.u.i.k.p.i.IntermediateProofReplayer Proof replay took 12.9ns 
47496      INFO  main            d.u.i.k.p.r.p.TestFile    ... finished proof: closed. 
47689      INFO  main            d.u.i.k.p.r.p.TestFile    Now processing file /home/runner/work/key/key/key.core/../key.ui/examples/InformationFlow/LoopInvariants/loop.IFLoopExamples(loop.IFLoopExamples__insecure_twoWhile_2(int)).JML operation contract.0.key 
47689      INFO  main            d.u.i.k.p.i.AbstractProblemLoader Loading environment from /home/runner/work/key/key/key.core/../key.ui/examples/InformationFlow/LoopInvariants/loop.IFLoopExamples(loop.IFLoopExamples__insecure_twoWhile_2(int)).JML operation contract.0.key 
47692      DEBUG main            d.u.i.k.p.i.AbstractProblemLoader Environment load took 67.2ns 
47693      INFO  main            d.u.i.k.p.i.AbstractProblemLoader Creating init config 
50552      DEBUG main            d.u.i.k.p.i.AbstractProblemLoader Init config took 2.86s 
50595      INFO  main            d.u.i.k.p.i.AbstractProblemLoader Replaying proof loop.IFLoopExamples[loop.IFLoopExamples::insecure_twoWhile_2(int)].JML operation contract.0 
50599      DEBUG main            d.u.i.k.p.i.IntermediateProofReplayer Proof replay took 13.5ns 
51103      INFO  main            d.u.i.k.p.r.p.TestFile    ... finished proof: closed. 
51256      INFO  main            d.u.i.k.p.r.p.TestFile    Now processing file /home/runner/work/key/key/key.core/../key.ui/examples/InformationFlow/LoopInvariants/loop.IFLoopExamples(loop.IFLoopExamples__secure_twoWhile(int)).JML operation contract.0.key 
51257      INFO  main            d.u.i.k.p.i.AbstractProblemLoader Loading environment from /home/runner/work/key/key/key.core/../key.ui/examples/InformationFlow/LoopInvariants/loop.IFLoopExamples(loop.IFLoopExamples__secure_twoWhile(int)).JML operation contract.0.key 
51257      DEBUG main            d.u.i.k.p.i.AbstractProblemLoader Environment load took 66.1ns 
51259      INFO  main            d.u.i.k.p.i.AbstractProblemLoader Creating init config 
54109      DEBUG main            d.u.i.k.p.i.AbstractProblemLoader Init config took 2.85s 
54148      INFO  main            d.u.i.k.p.i.AbstractProblemLoader Replaying proof loop.IFLoopExamples[loop.IFLoopExamples::secure_twoWhile(int)].JML operation contract.0 
54151      DEBUG main            d.u.i.k.p.i.IntermediateProofReplayer Proof replay took 14ns 
54554      INFO  main            d.u.i.k.p.r.p.TestFile    ... finished proof: closed. 
54785      INFO  main            d.u.i.k.p.r.p.TestFile    Now processing file /home/runner/work/key/key/key.core/../key.ui/examples/InformationFlow/LoopInvariants/loop.IFLoopExamples(loop.IFLoopExamples__loc_secure_while(int)).JML operation contract.0.key 
54785      INFO  main            d.u.i.k.p.i.AbstractProblemLoader Loading environment from /home/runner/work/key/key/key.core/../key.ui/examples/InformationFlow/LoopInvariants/loop.IFLoopExamples(loop.IFLoopExamples__loc_secure_while(int)).JML operation contract.0.key 
54785      DEBUG main            d.u.i.k.p.i.AbstractProblemLoader Environment load took 67.8ns 
54786      INFO  main            d.u.i.k.p.i.AbstractProblemLoader Creating init config 
57664      DEBUG main            d.u.i.k.p.i.AbstractProblemLoader Init config took 2.88s 
57702      INFO  main            d.u.i.k.p.i.AbstractProblemLoader Replaying proof loop.IFLoopExamples[loop.IFLoopExamples::loc_secure_while(int)].JML operation contract.0 
57705      DEBUG main            d.u.i.k.p.i.IntermediateProofReplayer Proof replay took 13.8ns 
58010      INFO  main            d.u.i.k.p.r.p.TestFile    ... finished proof: closed. 
58173      INFO  main            d.u.i.k.p.r.p.TestFile    Now processing file /home/runner/work/key/key/key.core/../key.ui/examples/InformationFlow/LoopInvariants/loop.IFLoopExamples(loop.IFLoopExamples__secure_while(int)).JML operation contract.0.key 
58173      INFO  main            d.u.i.k.p.i.AbstractProblemLoader Loading environment from /home/runner/work/key/key/key.core/../key.ui/examples/InformationFlow/LoopInvariants/loop.IFLoopExamples(loop.IFLoopExamples__secure_while(int)).JML operation contract.0.key 
58173      DEBUG main            d.u.i.k.p.i.AbstractProblemLoader Environment load took 64.1ns 
58174      INFO  main            d.u.i.k.p.i.AbstractProblemLoader Creating init config 
61008      DEBUG main            d.u.i.k.p.i.AbstractProblemLoader Init config took 2.83s 
61045      INFO  main            d.u.i.k.p.i.AbstractProblemLoader Replaying proof loop.IFLoopExamples[loop.IFLoopExamples::secure_while(int)].JML operation contract.0 
61048      DEBUG main            d.u.i.k.p.i.IntermediateProofReplayer Proof replay took 14.5ns 
61351      INFO  main            d.u.i.k.p.r.p.TestFile    ... finished proof: closed. 
61522      INFO  main            d.u.i.k.p.r.p.TestFile    Now processing file /home/runner/work/key/key/key.core/../key.ui/examples/InformationFlow/LoopInvariants/loop.IFLoopExamples(loop.IFLoopExamples__print(int)).JML normal_behavior operation contract.0.key 
61523      INFO  main            d.u.i.k.p.i.AbstractProblemLoader Loading environment from /home/runner/work/key/key/key.core/../key.ui/examples/InformationFlow/LoopInvariants/loop.IFLoopExamples(loop.IFLoopExamples__print(int)).JML normal_behavior operation contract.0.key 
61523      DEBUG main            d.u.i.k.p.i.AbstractProblemLoader Environment load took 89.5ns 
61524      INFO  main            d.u.i.k.p.i.AbstractProblemLoader Creating init config 
64373      DEBUG main            d.u.i.k.p.i.AbstractProblemLoader Init config took 2.85s 
64411      INFO  main            d.u.i.k.p.i.AbstractProblemLoader Replaying proof loop.IFLoopExamples[loop.IFLoopExamples::print(int)].JML normal_behavior operation contract.0 
64414      DEBUG main            d.u.i.k.p.i.IntermediateProofReplayer Proof replay took 13.2ns 
64515      INFO  main            d.u.i.k.p.r.p.TestFile    ... finished proof: closed. 
64682      INFO  main            d.u.i.k.p.r.p.TestFile    Now processing file /home/runner/work/key/key/key.core/../key.ui/examples/InformationFlow/LoopInvariants/loop.IFLoopExamples(loop.IFLoopExamples__hammer(int)).JML normal_behavior operation contract.0.key 
64682      INFO  main            d.u.i.k.p.i.AbstractProblemLoader Loading environment from /home/runner/work/key/key/key.core/../key.ui/examples/InformationFlow/LoopInvariants/loop.IFLoopExamples(loop.IFLoopExamples__hammer(int)).JML normal_behavior operation contract.0.key 
64682      DEBUG main            d.u.i.k.p.i.AbstractProblemLoader Environment load took 59.9ns 
64683      INFO  main            d.u.i.k.p.i.AbstractProblemLoader Creating init config 
67536      DEBUG main            d.u.i.k.p.i.AbstractProblemLoader Init config took 2.85s 
67572      INFO  main            d.u.i.k.p.i.AbstractProblemLoader Replaying proof loop.IFLoopExamples[loop.IFLoopExamples::hammer(int)].JML normal_behavior operation contract.0 
67574      DEBUG main            d.u.i.k.p.i.IntermediateProofReplayer Proof replay took 13ns 
67877      INFO  main            d.u.i.k.p.r.p.TestFile    ... finished proof: closed. 
365169     INFO  Test worker     d.u.i.k.p.r.p.StatisticsFile Returning from test LoopInvariants 
365173     INFO  Test worker     d.u.i.k.p.r.p.StatisticsFile Running test MiniExamples 
363        INFO  Timeout watchdog d.u.i.k.p.r.p.ForkedTestFileRunner Timeout watcher launched (1000 secs.) 
377        WARN  main            d.u.i.k.s.ProofSettings   The settings in /home/runner/.key/proof-settings.props are *not* read. 
411        INFO  main            d.u.i.k.p.r.p.TestFile    Now processing file /home/runner/work/key/key/key.core/../key.ui/examples/InformationFlow/MiniExamples/mini.AliasingExamples(mini.AliasingExamples__insecure_1(mini.AliasingExamples,mini.AliasingExamples,int)).JML operation contract.0.key 
566        INFO  main            d.u.i.k.p.i.AbstractProblemLoader Loading environment from /home/runner/work/key/key/key.core/../key.ui/examples/InformationFlow/MiniExamples/mini.AliasingExamples(mini.AliasingExamples__insecure_1(mini.AliasingExamples,mini.AliasingExamples,int)).JML operation contract.0.key 
590        DEBUG main            d.u.i.k.p.i.AbstractProblemLoader Environment load took 3.25ms 
813        INFO  main            d.u.i.k.p.i.AbstractProblemLoader Creating init config 
1681       DEBUG main            d.u.i.k.j.TypeConverter   No LDT found for Meta 
1682       DEBUG main            d.u.i.k.j.TypeConverter   No LDT found for Meta 
1683       DEBUG main            d.u.i.k.j.TypeConverter   No LDT found for Meta 
1684       DEBUG main            d.u.i.k.j.TypeConverter   No LDT found for Meta 
3127       DEBUG main            d.u.i.k.j.TypeConverter   No LDT found for JavaBigintExpression 
8322       DEBUG main            d.u.i.k.p.i.AbstractProblemLoader Init config took 7.51s 
8467       INFO  main            d.u.i.k.p.i.AbstractProblemLoader Replaying proof mini.AliasingExamples[mini.AliasingExamples::insecure_1(mini.AliasingExamples,mini.AliasingExamples,int)].JML operation contract.0 
8503       DEBUG main            d.u.i.k.p.i.IntermediateProofReplayer Proof replay took 294.8ns 
9037       INFO  main            d.u.i.k.p.r.p.TestFile    ... finished proof: closed. 
9149       INFO  main            d.u.i.k.p.r.p.TestFile    Now processing file /home/runner/work/key/key/key.core/../key.ui/examples/InformationFlow/MiniExamples/mini.AliasingExamples(mini.AliasingExamples__secure_1(mini.AliasingExamples,mini.AliasingExamples,int)).JML operation contract.0.key 
9149       INFO  main            d.u.i.k.p.i.AbstractProblemLoader Loading environment from /home/runner/work/key/key/key.core/../key.ui/examples/InformationFlow/MiniExamples/mini.AliasingExamples(mini.AliasingExamples__secure_1(mini.AliasingExamples,mini.AliasingExamples,int)).JML operation contract.0.key 
9149       DEBUG main            d.u.i.k.p.i.AbstractProblemLoader Environment load took 123.5ns 
9151       INFO  main            d.u.i.k.p.i.AbstractProblemLoader Creating init config 
12150      DEBUG main            d.u.i.k.p.i.AbstractProblemLoader Init config took 3s 
12237      INFO  main            d.u.i.k.p.i.AbstractProblemLoader Replaying proof mini.AliasingExamples[mini.AliasingExamples::secure_1(mini.AliasingExamples,mini.AliasingExamples,int)].JML operation contract.0 
12241      DEBUG main            d.u.i.k.p.i.IntermediateProofReplayer Proof replay took 12.5ns 
12343      INFO  main            d.u.i.k.p.r.p.TestFile    ... finished proof: closed. 
12463      INFO  main            d.u.i.k.p.r.p.TestFile    Now processing file /home/runner/work/key/key/key.core/../key.ui/examples/InformationFlow/MiniExamples/mini.MiniExamplesLecture(mini.MiniExamplesLecture__m_6()).JML normal_behavior operation contract.0.key 
12464      INFO  main            d.u.i.k.p.i.AbstractProblemLoader Loading environment from /home/runner/work/key/key/key.core/../key.ui/examples/InformationFlow/MiniExamples/mini.MiniExamplesLecture(mini.MiniExamplesLecture__m_6()).JML normal_behavior operation contract.0.key 
12464      DEBUG main            d.u.i.k.p.i.AbstractProblemLoader Environment load took 78.7ns 
12465      INFO  main            d.u.i.k.p.i.AbstractProblemLoader Creating init config 
15302      DEBUG main            d.u.i.k.p.i.AbstractProblemLoader Init config took 2.84s 
15360      INFO  main            d.u.i.k.p.i.AbstractProblemLoader Replaying proof mini.MiniExamplesLecture[mini.MiniExamplesLecture::m_6()].JML normal_behavior operation contract.0 
15365      DEBUG main            d.u.i.k.p.i.IntermediateProofReplayer Proof replay took 13.2ns 
15468      INFO  main            d.u.i.k.p.r.p.TestFile    ... finished proof: closed. 
15586      INFO  main            d.u.i.k.p.r.p.TestFile    Now processing file /home/runner/work/key/key/key.core/../key.ui/examples/InformationFlow/MiniExamples/mini.MiniExamplesLecture(mini.MiniExamplesLecture__m_5()).JML normal_behavior operation contract.0.key 
15586      INFO  main            d.u.i.k.p.i.AbstractProblemLoader Loading environment from /home/runner/work/key/key/key.core/../key.ui/examples/InformationFlow/MiniExamples/mini.MiniExamplesLecture(mini.MiniExamplesLecture__m_5()).JML normal_behavior operation contract.0.key 
15586      DEBUG main            d.u.i.k.p.i.AbstractProblemLoader Environment load took 70.6ns 
15593      INFO  main            d.u.i.k.p.i.AbstractProblemLoader Creating init config 
18398      DEBUG main            d.u.i.k.p.i.AbstractProblemLoader Init config took 2.81s 
18449      INFO  main            d.u.i.k.p.i.AbstractProblemLoader Replaying proof mini.MiniExamplesLecture[mini.MiniExamplesLecture::m_5()].JML normal_behavior operation contract.0 
18453      DEBUG main            d.u.i.k.p.i.IntermediateProofReplayer Proof replay took 13.4ns 
18555      INFO  main            d.u.i.k.p.r.p.TestFile    ... finished proof: closed. 
18669      INFO  main            d.u.i.k.p.r.p.TestFile    Now processing file /home/runner/work/key/key/key.core/../key.ui/examples/InformationFlow/MiniExamples/mini.MiniExamplesLecture(mini.MiniExamplesLecture__m_4()).JML normal_behavior operation contract.0.key 
18670      INFO  main            d.u.i.k.p.i.AbstractProblemLoader Loading environment from /home/runner/work/key/key/key.core/../key.ui/examples/InformationFlow/MiniExamples/mini.MiniExamplesLecture(mini.MiniExamplesLecture__m_4()).JML normal_behavior operation contract.0.key 
18670      DEBUG main            d.u.i.k.p.i.AbstractProblemLoader Environment load took 71ns 
18672      INFO  main            d.u.i.k.p.i.AbstractProblemLoader Creating init config 
21474      DEBUG main            d.u.i.k.p.i.AbstractProblemLoader Init config took 2.8s 
21522      INFO  main            d.u.i.k.p.i.AbstractProblemLoader Replaying proof mini.MiniExamplesLecture[mini.MiniExamplesLecture::m_4()].JML normal_behavior operation contract.0 
21525      DEBUG main            d.u.i.k.p.i.IntermediateProofReplayer Proof replay took 12.6ns 
21627      INFO  main            d.u.i.k.p.r.p.TestFile    ... finished proof: closed. 
21750      INFO  main            d.u.i.k.p.r.p.TestFile    Now processing file /home/runner/work/key/key/key.core/../key.ui/examples/InformationFlow/MiniExamples/mini.MiniExamplesLecture(mini.MiniExamplesLecture__m_3()).JML normal_behavior operation contract.0.key 
21750      INFO  main            d.u.i.k.p.i.AbstractProblemLoader Loading environment from /home/runner/work/key/key/key.core/../key.ui/examples/InformationFlow/MiniExamples/mini.MiniExamplesLecture(mini.MiniExamplesLecture__m_3()).JML normal_behavior operation contract.0.key 
21750      DEBUG main            d.u.i.k.p.i.AbstractProblemLoader Environment load took 69.5ns 
21757      INFO  main            d.u.i.k.p.i.AbstractProblemLoader Creating init config 
24464      DEBUG main            d.u.i.k.p.i.AbstractProblemLoader Init config took 2.71s 
24510      INFO  main            d.u.i.k.p.i.AbstractProblemLoader Replaying proof mini.MiniExamplesLecture[mini.MiniExamplesLecture::m_3()].JML normal_behavior operation contract.0 
24513      DEBUG main            d.u.i.k.p.i.IntermediateProofReplayer Proof replay took 12.9ns 
24617      INFO  main            d.u.i.k.p.r.p.TestFile    ... finished proof: closed. 
24797      INFO  main            d.u.i.k.p.r.p.TestFile    Now processing file /home/runner/work/key/key/key.core/../key.ui/examples/InformationFlow/MiniExamples/mini.MiniExamplesLecture(mini.MiniExamplesLecture__m_2()).JML normal_behavior operation contract.0.key 
24797      INFO  main            d.u.i.k.p.i.AbstractProblemLoader Loading environment from /home/runner/work/key/key/key.core/../key.ui/examples/InformationFlow/MiniExamples/mini.MiniExamplesLecture(mini.MiniExamplesLecture__m_2()).JML normal_behavior operation contract.0.key 
24797      DEBUG main            d.u.i.k.p.i.AbstractProblemLoader Environment load took 87.3ns 
24799      INFO  main            d.u.i.k.p.i.AbstractProblemLoader Creating init config 
27508      DEBUG main            d.u.i.k.p.i.AbstractProblemLoader Init config took 2.71s 
27554      INFO  main            d.u.i.k.p.i.AbstractProblemLoader Replaying proof mini.MiniExamplesLecture[mini.MiniExamplesLecture::m_2()].JML normal_behavior operation contract.0 
27557      DEBUG main            d.u.i.k.p.i.IntermediateProofReplayer Proof replay took 13.7ns 
27660      INFO  main            d.u.i.k.p.r.p.TestFile    ... finished proof: closed. 
27837      INFO  main            d.u.i.k.p.r.p.TestFile    Now processing file /home/runner/work/key/key/key.core/../key.ui/examples/InformationFlow/MiniExamples/mini.MiniExamplesLecture(mini.MiniExamplesLecture__m_1()).JML normal_behavior operation contract.0.key 
27838      INFO  main            d.u.i.k.p.i.AbstractProblemLoader Loading environment from /home/runner/work/key/key/key.core/../key.ui/examples/InformationFlow/MiniExamples/mini.MiniExamplesLecture(mini.MiniExamplesLecture__m_1()).JML normal_behavior operation contract.0.key 
27838      DEBUG main            d.u.i.k.p.i.AbstractProblemLoader Environment load took 71.9ns 
27839      INFO  main            d.u.i.k.p.i.AbstractProblemLoader Creating init config 
30604      DEBUG main            d.u.i.k.p.i.AbstractProblemLoader Init config took 2.76s 
30647      INFO  main            d.u.i.k.p.i.AbstractProblemLoader Replaying proof mini.MiniExamplesLecture[mini.MiniExamplesLecture::m_1()].JML normal_behavior operation contract.0 
30651      DEBUG main            d.u.i.k.p.i.IntermediateProofReplayer Proof replay took 14ns 
30754      INFO  main            d.u.i.k.p.r.p.TestFile    ... finished proof: closed. 
30889      INFO  main            d.u.i.k.p.r.p.TestFile    Now processing file /home/runner/work/key/key/key.core/../key.ui/examples/InformationFlow/MiniExamples/mini.DifferenceSeqLocset(mini.DifferenceSeqLocset__m()).JML normal_behavior operation contract.1.key 
30889      INFO  main            d.u.i.k.p.i.AbstractProblemLoader Loading environment from /home/runner/work/key/key/key.core/../key.ui/examples/InformationFlow/MiniExamples/mini.DifferenceSeqLocset(mini.DifferenceSeqLocset__m()).JML normal_behavior operation contract.1.key 
30889      DEBUG main            d.u.i.k.p.i.AbstractProblemLoader Environment load took 72.4ns 
30891      INFO  main            d.u.i.k.p.i.AbstractProblemLoader Creating init config 
33589      DEBUG main            d.u.i.k.p.i.AbstractProblemLoader Init config took 2.7s 
33635      INFO  main            d.u.i.k.p.i.AbstractProblemLoader Replaying proof mini.DifferenceSeqLocset[mini.DifferenceSeqLocset::m()].JML normal_behavior operation contract.1 
33638      DEBUG main            d.u.i.k.p.i.IntermediateProofReplayer Proof replay took 14.9ns 
33840      INFO  main            d.u.i.k.p.r.p.TestFile    ... finished proof: closed. 
34016      INFO  main            d.u.i.k.p.r.p.TestFile    Now processing file /home/runner/work/key/key/key.core/../key.ui/examples/InformationFlow/MiniExamples/mini.DifferenceSeqLocset(mini.DifferenceSeqLocset__m()).JML normal_behavior operation contract.0.key 
34016      INFO  main            d.u.i.k.p.i.AbstractProblemLoader Loading environment from /home/runner/work/key/key/key.core/../key.ui/examples/InformationFlow/MiniExamples/mini.DifferenceSeqLocset(mini.DifferenceSeqLocset__m()).JML normal_behavior operation contract.0.key 
34016      DEBUG main            d.u.i.k.p.i.AbstractProblemLoader Environment load took 68.4ns 
34018      INFO  main            d.u.i.k.p.i.AbstractProblemLoader Creating init config 
36682      DEBUG main            d.u.i.k.p.i.AbstractProblemLoader Init config took 2.66s 
36754      INFO  main            d.u.i.k.p.i.AbstractProblemLoader Replaying proof mini.DifferenceSeqLocset[mini.DifferenceSeqLocset::m()].JML normal_behavior operation contract.0 
36758      DEBUG main            d.u.i.k.p.i.IntermediateProofReplayer Proof replay took 14.7ns 
36962      INFO  main            d.u.i.k.p.r.p.TestFile    ... finished proof: closed. 
37106      INFO  main            d.u.i.k.p.r.p.TestFile    Now processing file /home/runner/work/key/key/key.core/../key.ui/examples/InformationFlow/MiniExamples/mini.MiniExamples(mini.MiniExamples__secure_p2_8()).JML normal_behavior operation contract.0.key 
37106      INFO  main            d.u.i.k.p.i.AbstractProblemLoader Loading environment from /home/runner/work/key/key/key.core/../key.ui/examples/InformationFlow/MiniExamples/mini.MiniExamples(mini.MiniExamples__secure_p2_8()).JML normal_behavior operation contract.0.key 
37106      DEBUG main            d.u.i.k.p.i.AbstractProblemLoader Environment load took 70.6ns 
37107      INFO  main            d.u.i.k.p.i.AbstractProblemLoader Creating init config 
39768      DEBUG main            d.u.i.k.p.i.AbstractProblemLoader Init config took 2.66s 
39810      INFO  main            d.u.i.k.p.i.AbstractProblemLoader Replaying proof mini.MiniExamples[mini.MiniExamples::secure_p2_8()].JML normal_behavior operation contract.0 
39812      DEBUG main            d.u.i.k.p.i.IntermediateProofReplayer Proof replay took 12.8ns 
39918      INFO  main            d.u.i.k.p.r.p.TestFile    ... finished proof: closed. 
40081      INFO  main            d.u.i.k.p.r.p.TestFile    Now processing file /home/runner/work/key/key/key.core/../key.ui/examples/InformationFlow/MiniExamples/mini.MiniExamples(mini.MiniExamples__secure_parameter(int)).JML operation contract.0.key 
40081      INFO  main            d.u.i.k.p.i.AbstractProblemLoader Loading environment from /home/runner/work/key/key/key.core/../key.ui/examples/InformationFlow/MiniExamples/mini.MiniExamples(mini.MiniExamples__secure_parameter(int)).JML operation contract.0.key 
40081      DEBUG main            d.u.i.k.p.i.AbstractProblemLoader Environment load took 68.4ns 
40082      INFO  main            d.u.i.k.p.i.AbstractProblemLoader Creating init config 
42779      DEBUG main            d.u.i.k.p.i.AbstractProblemLoader Init config took 2.7s 
42833      INFO  main            d.u.i.k.p.i.AbstractProblemLoader Replaying proof mini.MiniExamples[mini.MiniExamples::secure_parameter(int)].JML operation contract.0 
42839      DEBUG main            d.u.i.k.p.i.IntermediateProofReplayer Proof replay took 15.6ns 
42941      INFO  main            d.u.i.k.p.r.p.TestFile    ... finished proof: closed. 
43082      INFO  main            d.u.i.k.p.r.p.TestFile    Now processing file /home/runner/work/key/key/key.core/../key.ui/examples/InformationFlow/MiniExamples/mini.MiniExamples(mini.MiniExamples__secure_p2_7()).JML normal_behavior operation contract.0.key 
43082      INFO  main            d.u.i.k.p.i.AbstractProblemLoader Loading environment from /home/runner/work/key/key/key.core/../key.ui/examples/InformationFlow/MiniExamples/mini.MiniExamples(mini.MiniExamples__secure_p2_7()).JML normal_behavior operation contract.0.key 
43082      DEBUG main            d.u.i.k.p.i.AbstractProblemLoader Environment load took 70.8ns 
43084      INFO  main            d.u.i.k.p.i.AbstractProblemLoader Creating init config 
45772      DEBUG main            d.u.i.k.p.i.AbstractProblemLoader Init config took 2.69s 
45812      INFO  main            d.u.i.k.p.i.AbstractProblemLoader Replaying proof mini.MiniExamples[mini.MiniExamples::secure_p2_7()].JML normal_behavior operation contract.0 
45815      DEBUG main            d.u.i.k.p.i.IntermediateProofReplayer Proof replay took 14.6ns 
45918      INFO  main            d.u.i.k.p.r.p.TestFile    ... finished proof: closed. 
46087      INFO  main            d.u.i.k.p.r.p.TestFile    Now processing file /home/runner/work/key/key/key.core/../key.ui/examples/InformationFlow/MiniExamples/mini.MiniExamples(mini.MiniExamples__insecure_p2_2()).JML normal_behavior operation contract.0.key 
46088      INFO  main            d.u.i.k.p.i.AbstractProblemLoader Loading environment from /home/runner/work/key/key/key.core/../key.ui/examples/InformationFlow/MiniExamples/mini.MiniExamples(mini.MiniExamples__insecure_p2_2()).JML normal_behavior operation contract.0.key 
46088      DEBUG main            d.u.i.k.p.i.AbstractProblemLoader Environment load took 65.7ns 
46090      INFO  main            d.u.i.k.p.i.AbstractProblemLoader Creating init config 
48787      DEBUG main            d.u.i.k.p.i.AbstractProblemLoader Init config took 2.7s 
48826      INFO  main            d.u.i.k.p.i.AbstractProblemLoader Replaying proof mini.MiniExamples[mini.MiniExamples::insecure_p2_2()].JML normal_behavior operation contract.0 
48828      DEBUG main            d.u.i.k.p.i.IntermediateProofReplayer Proof replay took 14.3ns 
48932      INFO  main            d.u.i.k.p.r.p.TestFile    ... finished proof: closed. 
49095      INFO  main            d.u.i.k.p.r.p.TestFile    Now processing file /home/runner/work/key/key/key.core/../key.ui/examples/InformationFlow/MiniExamples/mini.MiniExamples(mini.MiniExamples__secure_p2_6()).JML normal_behavior operation contract.0.key 
49095      INFO  main            d.u.i.k.p.i.AbstractProblemLoader Loading environment from /home/runner/work/key/key/key.core/../key.ui/examples/InformationFlow/MiniExamples/mini.MiniExamples(mini.MiniExamples__secure_p2_6()).JML normal_behavior operation contract.0.key 
49095      DEBUG main            d.u.i.k.p.i.AbstractProblemLoader Environment load took 64.4ns 
49096      INFO  main            d.u.i.k.p.i.AbstractProblemLoader Creating init config 
51758      DEBUG main            d.u.i.k.p.i.AbstractProblemLoader Init config took 2.66s 
51796      INFO  main            d.u.i.k.p.i.AbstractProblemLoader Replaying proof mini.MiniExamples[mini.MiniExamples::secure_p2_6()].JML normal_behavior operation contract.0 
51799      DEBUG main            d.u.i.k.p.i.IntermediateProofReplayer Proof replay took 15.6ns 
51902      INFO  main            d.u.i.k.p.r.p.TestFile    ... finished proof: closed. 
52058      INFO  main            d.u.i.k.p.r.p.TestFile    Now processing file /home/runner/work/key/key/key.core/../key.ui/examples/InformationFlow/MiniExamples/mini.MiniExamples(mini.MiniExamples__secure_p2_5()).JML normal_behavior operation contract.0.key 
52059      INFO  main            d.u.i.k.p.i.AbstractProblemLoader Loading environment from /home/runner/work/key/key/key.core/../key.ui/examples/InformationFlow/MiniExamples/mini.MiniExamples(mini.MiniExamples__secure_p2_5()).JML normal_behavior operation contract.0.key 
52059      DEBUG main            d.u.i.k.p.i.AbstractProblemLoader Environment load took 70.6ns 
52060      INFO  main            d.u.i.k.p.i.AbstractProblemLoader Creating init config 
54723      DEBUG main            d.u.i.k.p.i.AbstractProblemLoader Init config took 2.66s 
54761      INFO  main            d.u.i.k.p.i.AbstractProblemLoader Replaying proof mini.MiniExamples[mini.MiniExamples::secure_p2_5()].JML normal_behavior operation contract.0 
54764      DEBUG main            d.u.i.k.p.i.IntermediateProofReplayer Proof replay took 14.5ns 
54867      INFO  main            d.u.i.k.p.r.p.TestFile    ... finished proof: closed. 
55042      INFO  main            d.u.i.k.p.r.p.TestFile    Now processing file /home/runner/work/key/key/key.core/../key.ui/examples/InformationFlow/MiniExamples/mini.MiniExamples(mini.MiniExamples__secure_p2_4()).JML normal_behavior operation contract.0.key 
55042      INFO  main            d.u.i.k.p.i.AbstractProblemLoader Loading environment from /home/runner/work/key/key/key.core/../key.ui/examples/InformationFlow/MiniExamples/mini.MiniExamples(mini.MiniExamples__secure_p2_4()).JML normal_behavior operation contract.0.key 
55042      DEBUG main            d.u.i.k.p.i.AbstractProblemLoader Environment load took 76.6ns 
55043      INFO  main            d.u.i.k.p.i.AbstractProblemLoader Creating init config 
57662      DEBUG main            d.u.i.k.p.i.AbstractProblemLoader Init config took 2.62s 
57715      INFO  main            d.u.i.k.p.i.AbstractProblemLoader Replaying proof mini.MiniExamples[mini.MiniExamples::secure_p2_4()].JML normal_behavior operation contract.0 
57719      DEBUG main            d.u.i.k.p.i.IntermediateProofReplayer Proof replay took 15ns 
57821      INFO  main            d.u.i.k.p.r.p.TestFile    ... finished proof: closed. 
57984      INFO  main            d.u.i.k.p.r.p.TestFile    Now processing file /home/runner/work/key/key/key.core/../key.ui/examples/InformationFlow/MiniExamples/mini.MiniExamples(mini.MiniExamples__secure_p2_3()).JML normal_behavior operation contract.0.key 
57985      INFO  main            d.u.i.k.p.i.AbstractProblemLoader Loading environment from /home/runner/work/key/key/key.core/../key.ui/examples/InformationFlow/MiniExamples/mini.MiniExamples(mini.MiniExamples__secure_p2_3()).JML normal_behavior operation contract.0.key 
57985      DEBUG main            d.u.i.k.p.i.AbstractProblemLoader Environment load took 110.1ns 
57986      INFO  main            d.u.i.k.p.i.AbstractProblemLoader Creating init config 
60601      DEBUG main            d.u.i.k.p.i.AbstractProblemLoader Init config took 2.61s 
60659      INFO  main            d.u.i.k.p.i.AbstractProblemLoader Replaying proof mini.MiniExamples[mini.MiniExamples::secure_p2_3()].JML normal_behavior operation contract.0 
60664      DEBUG main            d.u.i.k.p.i.IntermediateProofReplayer Proof replay took 14.4ns 
60766      INFO  main            d.u.i.k.p.r.p.TestFile    ... finished proof: closed. 
60925      INFO  main            d.u.i.k.p.r.p.TestFile    Now processing file /home/runner/work/key/key/key.core/../key.ui/examples/InformationFlow/MiniExamples/mini.MiniExamples(mini.MiniExamples__secure_p2_2()).JML normal_behavior operation contract.0.key 
60926      INFO  main            d.u.i.k.p.i.AbstractProblemLoader Loading environment from /home/runner/work/key/key/key.core/../key.ui/examples/InformationFlow/MiniExamples/mini.MiniExamples(mini.MiniExamples__secure_p2_2()).JML normal_behavior operation contract.0.key 
60926      DEBUG main            d.u.i.k.p.i.AbstractProblemLoader Environment load took 62.1ns 
60927      INFO  main            d.u.i.k.p.i.AbstractProblemLoader Creating init config 
63539      DEBUG main            d.u.i.k.p.i.AbstractProblemLoader Init config took 2.61s 
63581      INFO  main            d.u.i.k.p.i.AbstractProblemLoader Replaying proof mini.MiniExamples[mini.MiniExamples::secure_p2_2()].JML normal_behavior operation contract.0 
63584      DEBUG main            d.u.i.k.p.i.IntermediateProofReplayer Proof replay took 14.3ns 
63686      INFO  main            d.u.i.k.p.r.p.TestFile    ... finished proof: closed. 
63853      INFO  main            d.u.i.k.p.r.p.TestFile    Now processing file /home/runner/work/key/key/key.core/../key.ui/examples/InformationFlow/MiniExamples/mini.MiniExamples(mini.MiniExamples__secure_p2_1()).JML normal_behavior operation contract.0.key 
63853      INFO  main            d.u.i.k.p.i.AbstractProblemLoader Loading environment from /home/runner/work/key/key/key.core/../key.ui/examples/InformationFlow/MiniExamples/mini.MiniExamples(mini.MiniExamples__secure_p2_1()).JML normal_behavior operation contract.0.key 
63853      DEBUG main            d.u.i.k.p.i.AbstractProblemLoader Environment load took 105.7ns 
63854      INFO  main            d.u.i.k.p.i.AbstractProblemLoader Creating init config 
66496      DEBUG main            d.u.i.k.p.i.AbstractProblemLoader Init config took 2.64s 
66544      INFO  main            d.u.i.k.p.i.AbstractProblemLoader Replaying proof mini.MiniExamples[mini.MiniExamples::secure_p2_1()].JML normal_behavior operation contract.0 
66548      DEBUG main            d.u.i.k.p.i.IntermediateProofReplayer Proof replay took 14ns 
66650      INFO  main            d.u.i.k.p.r.p.TestFile    ... finished proof: closed. 
66817      INFO  main            d.u.i.k.p.r.p.TestFile    Now processing file /home/runner/work/key/key/key.core/../key.ui/examples/InformationFlow/MiniExamples/mini.MiniExamples(mini.MiniExamples__insecure_p2_1()).JML normal_behavior operation contract.0.key 
66818      INFO  main            d.u.i.k.p.i.AbstractProblemLoader Loading environment from /home/runner/work/key/key/key.core/../key.ui/examples/InformationFlow/MiniExamples/mini.MiniExamples(mini.MiniExamples__insecure_p2_1()).JML normal_behavior operation contract.0.key 
66818      DEBUG main            d.u.i.k.p.i.AbstractProblemLoader Environment load took 69ns 
66819      INFO  main            d.u.i.k.p.i.AbstractProblemLoader Creating init config 
69491      DEBUG main            d.u.i.k.p.i.AbstractProblemLoader Init config took 2.67s 
69531      INFO  main            d.u.i.k.p.i.AbstractProblemLoader Replaying proof mini.MiniExamples[mini.MiniExamples::insecure_p2_1()].JML normal_behavior operation contract.0 
69536      DEBUG main            d.u.i.k.p.i.IntermediateProofReplayer Proof replay took 16.9ns 
69638      INFO  main            d.u.i.k.p.r.p.TestFile    ... finished proof: closed. 
69815      INFO  main            d.u.i.k.p.r.p.TestFile    Now processing file /home/runner/work/key/key/key.core/../key.ui/examples/InformationFlow/MiniExamples/mini.MiniExamples(mini.MiniExamples__secure_p1_6()).JML normal_behavior operation contract.0.key 
69816      INFO  main            d.u.i.k.p.i.AbstractProblemLoader Loading environment from /home/runner/work/key/key/key.core/../key.ui/examples/InformationFlow/MiniExamples/mini.MiniExamples(mini.MiniExamples__secure_p1_6()).JML normal_behavior operation contract.0.key 
69816      DEBUG main            d.u.i.k.p.i.AbstractProblemLoader Environment load took 548.11ns 
69817      INFO  main            d.u.i.k.p.i.AbstractProblemLoader Creating init config 
72436      DEBUG main            d.u.i.k.p.i.AbstractProblemLoader Init config took 2.62s 
72473      INFO  main            d.u.i.k.p.i.AbstractProblemLoader Replaying proof mini.MiniExamples[mini.MiniExamples::secure_p1_6()].JML normal_behavior operation contract.0 
72480      DEBUG main            d.u.i.k.p.i.IntermediateProofReplayer Proof replay took 14.7ns 
72582      INFO  main            d.u.i.k.p.r.p.TestFile    ... finished proof: closed. 
72759      INFO  main            d.u.i.k.p.r.p.TestFile    Now processing file /home/runner/work/key/key/key.core/../key.ui/examples/InformationFlow/MiniExamples/mini.MiniExamples(mini.MiniExamples__secure_p1_5()).JML normal_behavior operation contract.0.key 
72759      INFO  main            d.u.i.k.p.i.AbstractProblemLoader Loading environment from /home/runner/work/key/key/key.core/../key.ui/examples/InformationFlow/MiniExamples/mini.MiniExamples(mini.MiniExamples__secure_p1_5()).JML normal_behavior operation contract.0.key 
72760      DEBUG main            d.u.i.k.p.i.AbstractProblemLoader Environment load took 69.1ns 
72761      INFO  main            d.u.i.k.p.i.AbstractProblemLoader Creating init config 
75377      DEBUG main            d.u.i.k.p.i.AbstractProblemLoader Init config took 2.62s 
75413      INFO  main            d.u.i.k.p.i.AbstractProblemLoader Replaying proof mini.MiniExamples[mini.MiniExamples::secure_p1_5()].JML normal_behavior operation contract.0 
75415      DEBUG main            d.u.i.k.p.i.IntermediateProofReplayer Proof replay took 14.4ns 
75518      INFO  main            d.u.i.k.p.r.p.TestFile    ... finished proof: closed. 
75695      INFO  main            d.u.i.k.p.r.p.TestFile    Now processing file /home/runner/work/key/key/key.core/../key.ui/examples/InformationFlow/MiniExamples/mini.MiniExamples(mini.MiniExamples__secure_p1_4()).JML normal_behavior operation contract.0.key 
75698      INFO  main            d.u.i.k.p.i.AbstractProblemLoader Loading environment from /home/runner/work/key/key/key.core/../key.ui/examples/InformationFlow/MiniExamples/mini.MiniExamples(mini.MiniExamples__secure_p1_4()).JML normal_behavior operation contract.0.key 
75698      DEBUG main            d.u.i.k.p.i.AbstractProblemLoader Environment load took 76.9ns 
75699      INFO  main            d.u.i.k.p.i.AbstractProblemLoader Creating init config 
78318      DEBUG main            d.u.i.k.p.i.AbstractProblemLoader Init config took 2.62s 
78358      INFO  main            d.u.i.k.p.i.AbstractProblemLoader Replaying proof mini.MiniExamples[mini.MiniExamples::secure_p1_4()].JML normal_behavior operation contract.0 
78360      DEBUG main            d.u.i.k.p.i.IntermediateProofReplayer Proof replay took 14ns 
78466      INFO  main            d.u.i.k.p.r.p.TestFile    ... finished proof: closed. 
78648      INFO  main            d.u.i.k.p.r.p.TestFile    Now processing file /home/runner/work/key/key/key.core/../key.ui/examples/InformationFlow/MiniExamples/mini.MiniExamples(mini.MiniExamples__secure_p1_3()).JML normal_behavior operation contract.0.key 
78648      INFO  main            d.u.i.k.p.i.AbstractProblemLoader Loading environment from /home/runner/work/key/key/key.core/../key.ui/examples/InformationFlow/MiniExamples/mini.MiniExamples(mini.MiniExamples__secure_p1_3()).JML normal_behavior operation contract.0.key 
78648      DEBUG main            d.u.i.k.p.i.AbstractProblemLoader Environment load took 62.3ns 
78650      INFO  main            d.u.i.k.p.i.AbstractProblemLoader Creating init config 
81256      DEBUG main            d.u.i.k.p.i.AbstractProblemLoader Init config took 2.61s 
81291      INFO  main            d.u.i.k.p.i.AbstractProblemLoader Replaying proof mini.MiniExamples[mini.MiniExamples::secure_p1_3()].JML normal_behavior operation contract.0 
81294      DEBUG main            d.u.i.k.p.i.IntermediateProofReplayer Proof replay took 14.6ns 
81396      INFO  main            d.u.i.k.p.r.p.TestFile    ... finished proof: closed. 
81583      INFO  main            d.u.i.k.p.r.p.TestFile    Now processing file /home/runner/work/key/key/key.core/../key.ui/examples/InformationFlow/MiniExamples/mini.MiniExamples(mini.MiniExamples__secure_p1_2()).JML normal_behavior operation contract.0.key 
81583      INFO  main            d.u.i.k.p.i.AbstractProblemLoader Loading environment from /home/runner/work/key/key/key.core/../key.ui/examples/InformationFlow/MiniExamples/mini.MiniExamples(mini.MiniExamples__secure_p1_2()).JML normal_behavior operation contract.0.key 
81583      DEBUG main            d.u.i.k.p.i.AbstractProblemLoader Environment load took 67.8ns 
81584      INFO  main            d.u.i.k.p.i.AbstractProblemLoader Creating init config 
84200      DEBUG main            d.u.i.k.p.i.AbstractProblemLoader Init config took 2.62s 
84238      INFO  main            d.u.i.k.p.i.AbstractProblemLoader Replaying proof mini.MiniExamples[mini.MiniExamples::secure_p1_2()].JML normal_behavior operation contract.0 
84244      DEBUG main            d.u.i.k.p.i.IntermediateProofReplayer Proof replay took 16.3ns 
84346      INFO  main            d.u.i.k.p.r.p.TestFile    ... finished proof: closed. 
84538      INFO  main            d.u.i.k.p.r.p.TestFile    Now processing file /home/runner/work/key/key/key.core/../key.ui/examples/InformationFlow/MiniExamples/mini.MiniExamples(mini.MiniExamples__secure_p1_1()).JML normal_behavior operation contract.1.key 
84538      INFO  main            d.u.i.k.p.i.AbstractProblemLoader Loading environment from /home/runner/work/key/key/key.core/../key.ui/examples/InformationFlow/MiniExamples/mini.MiniExamples(mini.MiniExamples__secure_p1_1()).JML normal_behavior operation contract.1.key 
84538      DEBUG main            d.u.i.k.p.i.AbstractProblemLoader Environment load took 61.5ns 
84540      INFO  main            d.u.i.k.p.i.AbstractProblemLoader Creating init config 
87129      DEBUG main            d.u.i.k.p.i.AbstractProblemLoader Init config took 2.59s 
87165      INFO  main            d.u.i.k.p.i.AbstractProblemLoader Replaying proof mini.MiniExamples[mini.MiniExamples::secure_p1_1()].JML normal_behavior operation contract.1 
87167      DEBUG main            d.u.i.k.p.i.IntermediateProofReplayer Proof replay took 14.7ns 
87270      INFO  main            d.u.i.k.p.r.p.TestFile    ... finished proof: closed. 
87465      INFO  main            d.u.i.k.p.r.p.TestFile    Now processing file /home/runner/work/key/key/key.core/../key.ui/examples/InformationFlow/MiniExamples/mini.MiniExamples(mini.MiniExamples__secure_p1_1()).JML normal_behavior operation contract.0.key 
87465      INFO  main            d.u.i.k.p.i.AbstractProblemLoader Loading environment from /home/runner/work/key/key/key.core/../key.ui/examples/InformationFlow/MiniExamples/mini.MiniExamples(mini.MiniExamples__secure_p1_1()).JML normal_behavior operation contract.0.key 
87465      DEBUG main            d.u.i.k.p.i.AbstractProblemLoader Environment load took 74.9ns 
87467      INFO  main            d.u.i.k.p.i.AbstractProblemLoader Creating init config 
90043      DEBUG main            d.u.i.k.p.i.AbstractProblemLoader Init config took 2.58s 
90077      INFO  main            d.u.i.k.p.i.AbstractProblemLoader Replaying proof mini.MiniExamples[mini.MiniExamples::secure_p1_1()].JML normal_behavior operation contract.0 
90080      DEBUG main            d.u.i.k.p.i.IntermediateProofReplayer Proof replay took 14.5ns 
90181      INFO  main            d.u.i.k.p.r.p.TestFile    ... finished proof: closed. 
90378      INFO  main            d.u.i.k.p.r.p.TestFile    Now processing file /home/runner/work/key/key/key.core/../key.ui/examples/InformationFlow/MiniExamples/mini.MiniExamples(mini.MiniExamples__insecure_p1_2()).JML normal_behavior operation contract.0.key 
90378      INFO  main            d.u.i.k.p.i.AbstractProblemLoader Loading environment from /home/runner/work/key/key/key.core/../key.ui/examples/InformationFlow/MiniExamples/mini.MiniExamples(mini.MiniExamples__insecure_p1_2()).JML normal_behavior operation contract.0.key 
90378      DEBUG main            d.u.i.k.p.i.AbstractProblemLoader Environment load took 67.6ns 
90379      INFO  main            d.u.i.k.p.i.AbstractProblemLoader Creating init config 
92976      DEBUG main            d.u.i.k.p.i.AbstractProblemLoader Init config took 2.6s 
93010      INFO  main            d.u.i.k.p.i.AbstractProblemLoader Replaying proof mini.MiniExamples[mini.MiniExamples::insecure_p1_2()].JML normal_behavior operation contract.0 
93012      DEBUG main            d.u.i.k.p.i.IntermediateProofReplayer Proof replay took 15.2ns 
93114      INFO  main            d.u.i.k.p.r.p.TestFile    ... finished proof: closed. 
93317      INFO  main            d.u.i.k.p.r.p.TestFile    Now processing file /home/runner/work/key/key/key.core/../key.ui/examples/InformationFlow/MiniExamples/mini.MiniExamples(mini.MiniExamples__insecure_p1_1()).JML normal_behavior operation contract.0.key 
93317      INFO  main            d.u.i.k.p.i.AbstractProblemLoader Loading environment from /home/runner/work/key/key/key.core/../key.ui/examples/InformationFlow/MiniExamples/mini.MiniExamples(mini.MiniExamples__insecure_p1_1()).JML normal_behavior operation contract.0.key 
93317      DEBUG main            d.u.i.k.p.i.AbstractProblemLoader Environment load took 64.8ns 
93318      INFO  main            d.u.i.k.p.i.AbstractProblemLoader Creating init config 
95906      DEBUG main            d.u.i.k.p.i.AbstractProblemLoader Init config took 2.59s 
95952      INFO  main            d.u.i.k.p.i.AbstractProblemLoader Replaying proof mini.MiniExamples[mini.MiniExamples::insecure_p1_1()].JML normal_behavior operation contract.0 
95954      DEBUG main            d.u.i.k.p.i.IntermediateProofReplayer Proof replay took 14.6ns 
96055      INFO  main            d.u.i.k.p.r.p.TestFile    ... finished proof: closed. 
461605     INFO  Test worker     d.u.i.k.p.r.p.StatisticsFile Returning from test MiniExamples 
461609     INFO  Test worker     d.u.i.k.p.r.p.StatisticsFile Running test NewObjects 
403        INFO  Timeout watchdog d.u.i.k.p.r.p.ForkedTestFileRunner Timeout watcher launched (1000 secs.) 
406        WARN  main            d.u.i.k.s.ProofSettings   The settings in /home/runner/.key/proof-settings.props are *not* read. 
440        INFO  main            d.u.i.k.p.r.p.TestFile    Now processing file /home/runner/work/key/key/key.core/../key.ui/examples/InformationFlow/NewObjects/object.AmtoftBanerjee3(object.AmtoftBanerjee3__m()).JML operation contract.0.key 
552        INFO  main            d.u.i.k.p.i.AbstractProblemLoader Loading environment from /home/runner/work/key/key/key.core/../key.ui/examples/InformationFlow/NewObjects/object.AmtoftBanerjee3(object.AmtoftBanerjee3__m()).JML operation contract.0.key 
570        DEBUG main            d.u.i.k.p.i.AbstractProblemLoader Environment load took 1.93ms 
796        INFO  main            d.u.i.k.p.i.AbstractProblemLoader Creating init config 
1582       DEBUG main            d.u.i.k.j.TypeConverter   No LDT found for Meta 
1583       DEBUG main            d.u.i.k.j.TypeConverter   No LDT found for Meta 
1587       DEBUG main            d.u.i.k.j.TypeConverter   No LDT found for Meta 
1588       DEBUG main            d.u.i.k.j.TypeConverter   No LDT found for Meta 
2872       DEBUG main            d.u.i.k.j.TypeConverter   No LDT found for JavaBigintExpression 
5729       DEBUG main            d.u.i.k.j.r.ClassPreparationMethodBuilder clPrepBuilder: Inner Class detected. Reject building class initialisation methods. 
8236       DEBUG main            d.u.i.k.p.i.AbstractProblemLoader Init config took 7.44s 
8438       INFO  main            d.u.i.k.p.i.AbstractProblemLoader Replaying proof object.AmtoftBanerjee3[object.AmtoftBanerjee3::m()].JML operation contract.0 
8536       DEBUG main            d.u.i.k.p.i.IntermediateProofReplayer Proof replay took 1.57ms 
9178       INFO  main            d.u.i.k.p.r.p.TestFile    ... finished proof: closed. 
9284       INFO  main            d.u.i.k.p.r.p.TestFile    Now processing file /home/runner/work/key/key/key.core/../key.ui/examples/InformationFlow/NewObjects/object.AmtoftBanerjee(object.AmtoftBanerjee__m_2()).JML normal_behavior operation contract.0.key 
9285       INFO  main            d.u.i.k.p.i.AbstractProblemLoader Loading environment from /home/runner/work/key/key/key.core/../key.ui/examples/InformationFlow/NewObjects/object.AmtoftBanerjee(object.AmtoftBanerjee__m_2()).JML normal_behavior operation contract.0.key 
9286       DEBUG main            d.u.i.k.p.i.AbstractProblemLoader Environment load took 593.01ns 
9288       INFO  main            d.u.i.k.p.i.AbstractProblemLoader Creating init config 
10281      DEBUG main            d.u.i.k.j.r.ClassPreparationMethodBuilder clPrepBuilder: Inner Class detected. Reject building class initialisation methods. 
12350      DEBUG main            d.u.i.k.p.i.AbstractProblemLoader Init config took 3.06s 
12428      INFO  main            d.u.i.k.p.i.AbstractProblemLoader Replaying proof object.AmtoftBanerjee[object.AmtoftBanerjee::m_2()].JML normal_behavior operation contract.0 
12433      DEBUG main            d.u.i.k.p.i.IntermediateProofReplayer Proof replay took 13.6ns 
13039      INFO  main            d.u.i.k.p.r.p.TestFile    ... finished proof: closed. 
13180      INFO  main            d.u.i.k.p.r.p.TestFile    Now processing file /home/runner/work/key/key/key.core/../key.ui/examples/InformationFlow/NewObjects/object.AmtoftBanerjee(object.AmtoftBanerjee__m_1()).JML normal_behavior operation contract.1.key 
13180      INFO  main            d.u.i.k.p.i.AbstractProblemLoader Loading environment from /home/runner/work/key/key/key.core/../key.ui/examples/InformationFlow/NewObjects/object.AmtoftBanerjee(object.AmtoftBanerjee__m_1()).JML normal_behavior operation contract.1.key 
13180      DEBUG main            d.u.i.k.p.i.AbstractProblemLoader Environment load took 122.6ns 
13182      INFO  main            d.u.i.k.p.i.AbstractProblemLoader Creating init config 
14205      DEBUG main            d.u.i.k.j.r.ClassPreparationMethodBuilder clPrepBuilder: Inner Class detected. Reject building class initialisation methods. 
16215      DEBUG main            d.u.i.k.p.i.AbstractProblemLoader Init config took 3.03s 
16274      INFO  main            d.u.i.k.p.i.AbstractProblemLoader Replaying proof object.AmtoftBanerjee[object.AmtoftBanerjee::m_1()].JML normal_behavior operation contract.1 
16278      DEBUG main            d.u.i.k.p.i.IntermediateProofReplayer Proof replay took 15ns 
16482      INFO  main            d.u.i.k.p.r.p.TestFile    ... finished proof: closed. 
16604      INFO  main            d.u.i.k.p.r.p.TestFile    Now processing file /home/runner/work/key/key/key.core/../key.ui/examples/InformationFlow/NewObjects/object.AmtoftBanerjee(object.AmtoftBanerjee__m_1()).JML normal_behavior operation contract.0.key 
16604      INFO  main            d.u.i.k.p.i.AbstractProblemLoader Loading environment from /home/runner/work/key/key/key.core/../key.ui/examples/InformationFlow/NewObjects/object.AmtoftBanerjee(object.AmtoftBanerjee__m_1()).JML normal_behavior operation contract.0.key 
16604      DEBUG main            d.u.i.k.p.i.AbstractProblemLoader Environment load took 76.6ns 
16606      INFO  main            d.u.i.k.p.i.AbstractProblemLoader Creating init config 
17557      DEBUG main            d.u.i.k.j.r.ClassPreparationMethodBuilder clPrepBuilder: Inner Class detected. Reject building class initialisation methods. 
19490      DEBUG main            d.u.i.k.p.i.AbstractProblemLoader Init config took 2.88s 
19543      INFO  main            d.u.i.k.p.i.AbstractProblemLoader Replaying proof object.AmtoftBanerjee[object.AmtoftBanerjee::m_1()].JML normal_behavior operation contract.0 
19547      DEBUG main            d.u.i.k.p.i.IntermediateProofReplayer Proof replay took 13.9ns 
19750      INFO  main            d.u.i.k.p.r.p.TestFile    ... finished proof: closed. 
19885      INFO  main            d.u.i.k.p.r.p.TestFile    Now processing file /home/runner/work/key/key/key.core/../key.ui/examples/InformationFlow/NewObjects/object.AmtoftBanerjee(object.AmtoftBanerjee__getQ()).JML normal_behavior operation contract.0.key 
19885      INFO  main            d.u.i.k.p.i.AbstractProblemLoader Loading environment from /home/runner/work/key/key/key.core/../key.ui/examples/InformationFlow/NewObjects/object.AmtoftBanerjee(object.AmtoftBanerjee__getQ()).JML normal_behavior operation contract.0.key 
19885      DEBUG main            d.u.i.k.p.i.AbstractProblemLoader Environment load took 90.8ns 
19887      INFO  main            d.u.i.k.p.i.AbstractProblemLoader Creating init config 
20770      DEBUG main            d.u.i.k.j.r.ClassPreparationMethodBuilder clPrepBuilder: Inner Class detected. Reject building class initialisation methods. 
22673      DEBUG main            d.u.i.k.p.i.AbstractProblemLoader Init config took 2.79s 
22731      INFO  main            d.u.i.k.p.i.AbstractProblemLoader Replaying proof object.AmtoftBanerjee[object.AmtoftBanerjee::getQ()].JML normal_behavior operation contract.0 
22734      DEBUG main            d.u.i.k.p.i.IntermediateProofReplayer Proof replay took 14.7ns 
22837      INFO  main            d.u.i.k.p.r.p.TestFile    ... finished proof: closed. 
22965      INFO  main            d.u.i.k.p.r.p.TestFile    Now processing file /home/runner/work/key/key/key.core/../key.ui/examples/InformationFlow/NewObjects/object.Naumann(object.Naumann__Pair_m(int,int)).JML operation contract.0.key 
22965      INFO  main            d.u.i.k.p.i.AbstractProblemLoader Loading environment from /home/runner/work/key/key/key.core/../key.ui/examples/InformationFlow/NewObjects/object.Naumann(object.Naumann__Pair_m(int,int)).JML operation contract.0.key 
22966      DEBUG main            d.u.i.k.p.i.AbstractProblemLoader Environment load took 78.2ns 
22968      INFO  main            d.u.i.k.p.i.AbstractProblemLoader Creating init config 
23902      DEBUG main            d.u.i.k.j.r.ClassPreparationMethodBuilder clPrepBuilder: Inner Class detected. Reject building class initialisation methods. 
25781      DEBUG main            d.u.i.k.p.i.AbstractProblemLoader Init config took 2.81s 
25829      INFO  main            d.u.i.k.p.i.AbstractProblemLoader Replaying proof object.Naumann[object.Naumann::Pair_m(int,int)].JML operation contract.0 
25833      DEBUG main            d.u.i.k.p.i.IntermediateProofReplayer Proof replay took 14.7ns 
27355      INFO  main            d.u.i.k.p.r.p.TestFile    ... finished proof: closed. 
27541      INFO  main            d.u.i.k.p.r.p.TestFile    Now processing file /home/runner/work/key/key/key.core/../key.ui/examples/InformationFlow/NewObjects/object.ObjectOrientation(object.ObjectOrientation__secure_while_i((Ljava.lang.Object)).JML operation contract.0.key 
27541      INFO  main            d.u.i.k.p.i.AbstractProblemLoader Loading environment from /home/runner/work/key/key/key.core/../key.ui/examples/InformationFlow/NewObjects/object.ObjectOrientation(object.ObjectOrientation__secure_while_i((Ljava.lang.Object)).JML operation contract.0.key 
27541      DEBUG main            d.u.i.k.p.i.AbstractProblemLoader Environment load took 69.8ns 
27543      INFO  main            d.u.i.k.p.i.AbstractProblemLoader Creating init config 
28419      DEBUG main            d.u.i.k.j.r.ClassPreparationMethodBuilder clPrepBuilder: Inner Class detected. Reject building class initialisation methods. 
30314      DEBUG main            d.u.i.k.p.i.AbstractProblemLoader Init config took 2.77s 
30381      INFO  main            d.u.i.k.p.i.AbstractProblemLoader Replaying proof object.ObjectOrientation[object.ObjectOrientation::secure_while_i([Ljava.lang.Object)].JML operation contract.0 
30384      DEBUG main            d.u.i.k.p.i.IntermediateProofReplayer Proof replay took 14.3ns 
30989      INFO  main            d.u.i.k.p.r.p.TestFile    ... finished proof: closed. 
31188      INFO  main            d.u.i.k.p.r.p.TestFile    Now processing file /home/runner/work/key/key/key.core/../key.ui/examples/InformationFlow/NewObjects/object.ObjectOrientation(object.ObjectOrientation__secure_method_call()).JML operation contract.0.key 
31188      INFO  main            d.u.i.k.p.i.AbstractProblemLoader Loading environment from /home/runner/work/key/key/key.core/../key.ui/examples/InformationFlow/NewObjects/object.ObjectOrientation(object.ObjectOrientation__secure_method_call()).JML operation contract.0.key 
31188      DEBUG main            d.u.i.k.p.i.AbstractProblemLoader Environment load took 68.8ns 
31189      INFO  main            d.u.i.k.p.i.AbstractProblemLoader Creating init config 
32064      DEBUG main            d.u.i.k.j.r.ClassPreparationMethodBuilder clPrepBuilder: Inner Class detected. Reject building class initialisation methods. 
33897      DEBUG main            d.u.i.k.p.i.AbstractProblemLoader Init config took 2.71s 
33945      INFO  main            d.u.i.k.p.i.AbstractProblemLoader Replaying proof object.ObjectOrientation[object.ObjectOrientation::secure_method_call()].JML operation contract.0 
33948      DEBUG main            d.u.i.k.p.i.IntermediateProofReplayer Proof replay took 13.8ns 
34050      INFO  main            d.u.i.k.p.r.p.TestFile    ... finished proof: closed. 
34196      INFO  main            d.u.i.k.p.r.p.TestFile    Now processing file /home/runner/work/key/key/key.core/../key.ui/examples/InformationFlow/NewObjects/object.ObjectOrientation(object.ObjectOrientation__if_two_object_creation_next()).JML operation contract.1.key 
34196      INFO  main            d.u.i.k.p.i.AbstractProblemLoader Loading environment from /home/runner/work/key/key/key.core/../key.ui/examples/InformationFlow/NewObjects/object.ObjectOrientation(object.ObjectOrientation__if_two_object_creation_next()).JML operation contract.1.key 
34196      DEBUG main            d.u.i.k.p.i.AbstractProblemLoader Environment load took 167.9ns 
34198      INFO  main            d.u.i.k.p.i.AbstractProblemLoader Creating init config 
35047      DEBUG main            d.u.i.k.j.r.ClassPreparationMethodBuilder clPrepBuilder: Inner Class detected. Reject building class initialisation methods. 
36934      DEBUG main            d.u.i.k.p.i.AbstractProblemLoader Init config took 2.74s 
36982      INFO  main            d.u.i.k.p.i.AbstractProblemLoader Replaying proof object.ObjectOrientation[object.ObjectOrientation::if_two_object_creation_next()].JML operation contract.1 
36985      DEBUG main            d.u.i.k.p.i.IntermediateProofReplayer Proof replay took 13ns 
37891      INFO  main            d.u.i.k.p.r.p.TestFile    ... finished proof: closed. 
38104      INFO  main            d.u.i.k.p.r.p.TestFile    Now processing file /home/runner/work/key/key/key.core/../key.ui/examples/InformationFlow/NewObjects/object.ObjectOrientation(object.ObjectOrientation__if_two_object_creation_next()).JML operation contract.0.key 
38104      INFO  main            d.u.i.k.p.i.AbstractProblemLoader Loading environment from /home/runner/work/key/key/key.core/../key.ui/examples/InformationFlow/NewObjects/object.ObjectOrientation(object.ObjectOrientation__if_two_object_creation_next()).JML operation contract.0.key 
38104      DEBUG main            d.u.i.k.p.i.AbstractProblemLoader Environment load took 64.3ns 
38106      INFO  main            d.u.i.k.p.i.AbstractProblemLoader Creating init config 
38978      DEBUG main            d.u.i.k.j.r.ClassPreparationMethodBuilder clPrepBuilder: Inner Class detected. Reject building class initialisation methods. 
40811      DEBUG main            d.u.i.k.p.i.AbstractProblemLoader Init config took 2.7s 
40857      INFO  main            d.u.i.k.p.i.AbstractProblemLoader Replaying proof object.ObjectOrientation[object.ObjectOrientation::if_two_object_creation_next()].JML operation contract.0 
40859      DEBUG main            d.u.i.k.p.i.IntermediateProofReplayer Proof replay took 13.5ns 
41698      INFO  main            d.u.i.k.p.r.p.TestFile    ... finished proof: closed. 
41877      INFO  main            d.u.i.k.p.r.p.TestFile    Now processing file /home/runner/work/key/key/key.core/../key.ui/examples/InformationFlow/NewObjects/object.ObjectOrientation(object.ObjectOrientation__secure_if_two_object_creation()).JML operation contract.0.key 
41877      INFO  main            d.u.i.k.p.i.AbstractProblemLoader Loading environment from /home/runner/work/key/key/key.core/../key.ui/examples/InformationFlow/NewObjects/object.ObjectOrientation(object.ObjectOrientation__secure_if_two_object_creation()).JML operation contract.0.key 
41877      DEBUG main            d.u.i.k.p.i.AbstractProblemLoader Environment load took 79.7ns 
41879      INFO  main            d.u.i.k.p.i.AbstractProblemLoader Creating init config 
42716      DEBUG main            d.u.i.k.j.r.ClassPreparationMethodBuilder clPrepBuilder: Inner Class detected. Reject building class initialisation methods. 
44587      DEBUG main            d.u.i.k.p.i.AbstractProblemLoader Init config took 2.71s 
44632      INFO  main            d.u.i.k.p.i.AbstractProblemLoader Replaying proof object.ObjectOrientation[object.ObjectOrientation::secure_if_two_object_creation()].JML operation contract.0 
44635      DEBUG main            d.u.i.k.p.i.IntermediateProofReplayer Proof replay took 13ns 
45444      INFO  main            d.u.i.k.p.r.p.TestFile    ... finished proof: closed. 
45615      INFO  main            d.u.i.k.p.r.p.TestFile    Now processing file /home/runner/work/key/key/key.core/../key.ui/examples/InformationFlow/NewObjects/object.ObjectOrientation(object.ObjectOrientation__insecure_two_object_creation()).JML operation contract.0.key 
45616      INFO  main            d.u.i.k.p.i.AbstractProblemLoader Loading environment from /home/runner/work/key/key/key.core/../key.ui/examples/InformationFlow/NewObjects/object.ObjectOrientation(object.ObjectOrientation__insecure_two_object_creation()).JML operation contract.0.key 
45616      DEBUG main            d.u.i.k.p.i.AbstractProblemLoader Environment load took 126.1ns 
45617      INFO  main            d.u.i.k.p.i.AbstractProblemLoader Creating init config 
46515      DEBUG main            d.u.i.k.j.r.ClassPreparationMethodBuilder clPrepBuilder: Inner Class detected. Reject building class initialisation methods. 
48368      DEBUG main            d.u.i.k.p.i.AbstractProblemLoader Init config took 2.75s 
48410      INFO  main            d.u.i.k.p.i.AbstractProblemLoader Replaying proof object.ObjectOrientation[object.ObjectOrientation::insecure_two_object_creation()].JML operation contract.0 
48413      DEBUG main            d.u.i.k.p.i.IntermediateProofReplayer Proof replay took 13.7ns 
49017      INFO  main            d.u.i.k.p.r.p.TestFile    ... finished proof: closed. 
49200      INFO  main            d.u.i.k.p.r.p.TestFile    Now processing file /home/runner/work/key/key/key.core/../key.ui/examples/InformationFlow/NewObjects/object.ObjectOrientation(object.ObjectOrientation__secure_two_object_creation()).JML normal_behavior operation contract.0.key 
49200      INFO  main            d.u.i.k.p.i.AbstractProblemLoader Loading environment from /home/runner/work/key/key/key.core/../key.ui/examples/InformationFlow/NewObjects/object.ObjectOrientation(object.ObjectOrientation__secure_two_object_creation()).JML normal_behavior operation contract.0.key 
49200      DEBUG main            d.u.i.k.p.i.AbstractProblemLoader Environment load took 69ns 
49202      INFO  main            d.u.i.k.p.i.AbstractProblemLoader Creating init config 
50058      DEBUG main            d.u.i.k.j.r.ClassPreparationMethodBuilder clPrepBuilder: Inner Class detected. Reject building class initialisation methods. 
51913      DEBUG main            d.u.i.k.p.i.AbstractProblemLoader Init config took 2.71s 
51955      INFO  main            d.u.i.k.p.i.AbstractProblemLoader Replaying proof object.ObjectOrientation[object.ObjectOrientation::secure_two_object_creation()].JML normal_behavior operation contract.0 
51957      DEBUG main            d.u.i.k.p.i.IntermediateProofReplayer Proof replay took 13.6ns 
52364      INFO  main            d.u.i.k.p.r.p.TestFile    ... finished proof: closed. 
52537      INFO  main            d.u.i.k.p.r.p.TestFile    Now processing file /home/runner/work/key/key/key.core/../key.ui/examples/InformationFlow/NewObjects/object.ObjectOrientation(object.ObjectOrientation__insecure_object_assignment()).JML operation contract.1.key 
52537      INFO  main            d.u.i.k.p.i.AbstractProblemLoader Loading environment from /home/runner/work/key/key/key.core/../key.ui/examples/InformationFlow/NewObjects/object.ObjectOrientation(object.ObjectOrientation__insecure_object_assignment()).JML operation contract.1.key 
52537      DEBUG main            d.u.i.k.p.i.AbstractProblemLoader Environment load took 73.5ns 
52538      INFO  main            d.u.i.k.p.i.AbstractProblemLoader Creating init config 
53383      DEBUG main            d.u.i.k.j.r.ClassPreparationMethodBuilder clPrepBuilder: Inner Class detected. Reject building class initialisation methods. 
55248      DEBUG main            d.u.i.k.p.i.AbstractProblemLoader Init config took 2.71s 
55290      INFO  main            d.u.i.k.p.i.AbstractProblemLoader Replaying proof object.ObjectOrientation[object.ObjectOrientation::insecure_object_assignment()].JML operation contract.1 
55292      DEBUG main            d.u.i.k.p.i.IntermediateProofReplayer Proof replay took 13.9ns 
55397      INFO  main            d.u.i.k.p.r.p.TestFile    ... finished proof: closed. 
55557      INFO  main            d.u.i.k.p.r.p.TestFile    Now processing file /home/runner/work/key/key/key.core/../key.ui/examples/InformationFlow/NewObjects/object.ObjectOrientation(object.ObjectOrientation__insecure_object_assignment()).JML operation contract.0.key 
55557      INFO  main            d.u.i.k.p.i.AbstractProblemLoader Loading environment from /home/runner/work/key/key/key.core/../key.ui/examples/InformationFlow/NewObjects/object.ObjectOrientation(object.ObjectOrientation__insecure_object_assignment()).JML operation contract.0.key 
55558      DEBUG main            d.u.i.k.p.i.AbstractProblemLoader Environment load took 66.6ns 
55558      INFO  main            d.u.i.k.p.i.AbstractProblemLoader Creating init config 
56388      DEBUG main            d.u.i.k.j.r.ClassPreparationMethodBuilder clPrepBuilder: Inner Class detected. Reject building class initialisation methods. 
58254      DEBUG main            d.u.i.k.p.i.AbstractProblemLoader Init config took 2.7s 
58294      INFO  main            d.u.i.k.p.i.AbstractProblemLoader Replaying proof object.ObjectOrientation[object.ObjectOrientation::insecure_object_assignment()].JML operation contract.0 
58297      DEBUG main            d.u.i.k.p.i.IntermediateProofReplayer Proof replay took 15.8ns 
58401      INFO  main            d.u.i.k.p.r.p.TestFile    ... finished proof: closed. 
58565      INFO  main            d.u.i.k.p.r.p.TestFile    Now processing file /home/runner/work/key/key/key.core/../key.ui/examples/InformationFlow/NewObjects/object.ObjectOrientation(object.ObjectOrientation__secure_object_creation_3()).JML operation contract.0.key 
58565      INFO  main            d.u.i.k.p.i.AbstractProblemLoader Loading environment from /home/runner/work/key/key/key.core/../key.ui/examples/InformationFlow/NewObjects/object.ObjectOrientation(object.ObjectOrientation__secure_object_creation_3()).JML operation contract.0.key 
58565      DEBUG main            d.u.i.k.p.i.AbstractProblemLoader Environment load took 64ns 
58566      INFO  main            d.u.i.k.p.i.AbstractProblemLoader Creating init config 
59398      DEBUG main            d.u.i.k.j.r.ClassPreparationMethodBuilder clPrepBuilder: Inner Class detected. Reject building class initialisation methods. 
61268      DEBUG main            d.u.i.k.p.i.AbstractProblemLoader Init config took 2.7s 
61309      INFO  main            d.u.i.k.p.i.AbstractProblemLoader Replaying proof object.ObjectOrientation[object.ObjectOrientation::secure_object_creation_3()].JML operation contract.0 
61312      DEBUG main            d.u.i.k.p.i.IntermediateProofReplayer Proof replay took 14.2ns 
61515      INFO  main            d.u.i.k.p.r.p.TestFile    ... finished proof: closed. 
61758      INFO  main            d.u.i.k.p.r.p.TestFile    Now processing file /home/runner/work/key/key/key.core/../key.ui/examples/InformationFlow/NewObjects/object.ObjectOrientation(object.ObjectOrientation__secure_object_creation_2()).JML operation contract.0.key 
61758      INFO  main            d.u.i.k.p.i.AbstractProblemLoader Loading environment from /home/runner/work/key/key/key.core/../key.ui/examples/InformationFlow/NewObjects/object.ObjectOrientation(object.ObjectOrientation__secure_object_creation_2()).JML operation contract.0.key 
61758      DEBUG main            d.u.i.k.p.i.AbstractProblemLoader Environment load took 58.7ns 
61759      INFO  main            d.u.i.k.p.i.AbstractProblemLoader Creating init config 
62607      DEBUG main            d.u.i.k.j.r.ClassPreparationMethodBuilder clPrepBuilder: Inner Class detected. Reject building class initialisation methods. 
64486      DEBUG main            d.u.i.k.p.i.AbstractProblemLoader Init config took 2.73s 
64525      INFO  main            d.u.i.k.p.i.AbstractProblemLoader Replaying proof object.ObjectOrientation[object.ObjectOrientation::secure_object_creation_2()].JML operation contract.0 
64528      DEBUG main            d.u.i.k.p.i.IntermediateProofReplayer Proof replay took 14.2ns 
64733      INFO  main            d.u.i.k.p.r.p.TestFile    ... finished proof: closed. 
64909      INFO  main            d.u.i.k.p.r.p.TestFile    Now processing file /home/runner/work/key/key/key.core/../key.ui/examples/InformationFlow/NewObjects/object.ObjectOrientation(object.ObjectOrientation__secure_object_creation()).JML operation contract.0.key 
64909      INFO  main            d.u.i.k.p.i.AbstractProblemLoader Loading environment from /home/runner/work/key/key/key.core/../key.ui/examples/InformationFlow/NewObjects/object.ObjectOrientation(object.ObjectOrientation__secure_object_creation()).JML operation contract.0.key 
64909      DEBUG main            d.u.i.k.p.i.AbstractProblemLoader Environment load took 91.5ns 
64910      INFO  main            d.u.i.k.p.i.AbstractProblemLoader Creating init config 
65760      DEBUG main            d.u.i.k.j.r.ClassPreparationMethodBuilder clPrepBuilder: Inner Class detected. Reject building class initialisation methods. 
67575      DEBUG main            d.u.i.k.p.i.AbstractProblemLoader Init config took 2.67s 
67617      INFO  main            d.u.i.k.p.i.AbstractProblemLoader Replaying proof object.ObjectOrientation[object.ObjectOrientation::secure_object_creation()].JML operation contract.0 
67620      DEBUG main            d.u.i.k.p.i.IntermediateProofReplayer Proof replay took 13.4ns 
67822      INFO  main            d.u.i.k.p.r.p.TestFile    ... finished proof: closed. 
68027      INFO  main            d.u.i.k.p.r.p.TestFile    Now processing file /home/runner/work/key/key/key.core/../key.ui/examples/InformationFlow/NewObjects/object.AmtoftBanerjee2(object.AmtoftBanerjee2__expensive(int)).JML accessible clause.0.key 
68027      INFO  main            d.u.i.k.p.i.AbstractProblemLoader Loading environment from /home/runner/work/key/key/key.core/../key.ui/examples/InformationFlow/NewObjects/object.AmtoftBanerjee2(object.AmtoftBanerjee2__expensive(int)).JML accessible clause.0.key 
68027      DEBUG main            d.u.i.k.p.i.AbstractProblemLoader Environment load took 68.3ns 
68028      INFO  main            d.u.i.k.p.i.AbstractProblemLoader Creating init config 
68876      DEBUG main            d.u.i.k.j.r.ClassPreparationMethodBuilder clPrepBuilder: Inner Class detected. Reject building class initialisation methods. 
70741      DEBUG main            d.u.i.k.p.i.AbstractProblemLoader Init config took 2.71s 
70783      INFO  main            d.u.i.k.p.i.AbstractProblemLoader Replaying proof object.AmtoftBanerjee2[object.AmtoftBanerjee2::expensive(int)].JML accessible clause.0 
70786      DEBUG main            d.u.i.k.p.i.IntermediateProofReplayer Proof replay took 14.8ns 
70888      INFO  main            d.u.i.k.p.r.p.TestFile    ... finished proof: closed. 
71065      INFO  main            d.u.i.k.p.r.p.TestFile    Now processing file /home/runner/work/key/key/key.core/../key.ui/examples/InformationFlow/NewObjects/object.AmtoftBanerjee2(object.AmtoftBanerjee2__expensive(int)).JML normal_behavior operation contract.0.key 
71065      INFO  main            d.u.i.k.p.i.AbstractProblemLoader Loading environment from /home/runner/work/key/key/key.core/../key.ui/examples/InformationFlow/NewObjects/object.AmtoftBanerjee2(object.AmtoftBanerjee2__expensive(int)).JML normal_behavior operation contract.0.key 
71065      DEBUG main            d.u.i.k.p.i.AbstractProblemLoader Environment load took 64.2ns 
71066      INFO  main            d.u.i.k.p.i.AbstractProblemLoader Creating init config 
71908      DEBUG main            d.u.i.k.j.r.ClassPreparationMethodBuilder clPrepBuilder: Inner Class detected. Reject building class initialisation methods. 
73753      DEBUG main            d.u.i.k.p.i.AbstractProblemLoader Init config took 2.69s 
73794      INFO  main            d.u.i.k.p.i.AbstractProblemLoader Replaying proof object.AmtoftBanerjee2[object.AmtoftBanerjee2::expensive(int)].JML normal_behavior operation contract.0 
73797      DEBUG main            d.u.i.k.p.i.IntermediateProofReplayer Proof replay took 14.1ns 
73901      INFO  main            d.u.i.k.p.r.p.TestFile    ... finished proof: closed. 
74086      INFO  main            d.u.i.k.p.r.p.TestFile    Now processing file /home/runner/work/key/key/key.core/../key.ui/examples/InformationFlow/NewObjects/object.AmtoftBanerjee2(object.AmtoftBanerjee2__cexp(int)).JML normal_behavior operation contract.0.key 
74086      INFO  main            d.u.i.k.p.i.AbstractProblemLoader Loading environment from /home/runner/work/key/key/key.core/../key.ui/examples/InformationFlow/NewObjects/object.AmtoftBanerjee2(object.AmtoftBanerjee2__cexp(int)).JML normal_behavior operation contract.0.key 
74086      DEBUG main            d.u.i.k.p.i.AbstractProblemLoader Environment load took 63.4ns 
74088      INFO  main            d.u.i.k.p.i.AbstractProblemLoader Creating init config 
74932      DEBUG main            d.u.i.k.j.r.ClassPreparationMethodBuilder clPrepBuilder: Inner Class detected. Reject building class initialisation methods. 
76759      DEBUG main            d.u.i.k.p.i.AbstractProblemLoader Init config took 2.67s 
76799      INFO  main            d.u.i.k.p.i.AbstractProblemLoader Replaying proof object.AmtoftBanerjee2[object.AmtoftBanerjee2::cexp(int)].JML normal_behavior operation contract.0 
76801      DEBUG main            d.u.i.k.p.i.IntermediateProofReplayer Proof replay took 15.7ns 
77106      INFO  main            d.u.i.k.p.r.p.TestFile    ... finished proof: closed. 
77351      INFO  main            d.u.i.k.p.r.p.TestFile    Now processing file /home/runner/work/key/key/key.core/../key.ui/examples/InformationFlow/PasswordFile/passwordfile.SecurePasswordFile(passwordfile.SecurePasswordFile___userIndex()).JML accessible clause.0.key 
77351      INFO  main            d.u.i.k.p.i.AbstractProblemLoader Loading environment from /home/runner/work/key/key/key.core/../key.ui/examples/InformationFlow/PasswordFile/passwordfile.SecurePasswordFile(passwordfile.SecurePasswordFile___userIndex()).JML accessible clause.0.key 
77351      DEBUG main            d.u.i.k.p.i.AbstractProblemLoader Environment load took 69.9ns 
77353      INFO  main            d.u.i.k.p.i.AbstractProblemLoader Creating init config 
79828      DEBUG main            d.u.i.k.p.i.AbstractProblemLoader Init config took 2.47s 
79865      INFO  main            d.u.i.k.p.i.AbstractProblemLoader Replaying proof passwordfile.SecurePasswordFile[passwordfile.SecurePasswordFile::$userIndex()].JML accessible clause.0 
79868      DEBUG main            d.u.i.k.p.i.IntermediateProofReplayer Proof replay took 14.7ns 
79974      INFO  main            d.u.i.k.p.r.p.TestFile    ... finished proof: open goal(s) 
541945     INFO  Test worker     d.u.i.k.p.r.p.StatisticsFile Returning from test NewObjects 
541949     INFO  Test worker     d.u.i.k.p.r.p.StatisticsFile Running test SimpleEvoting 
375        INFO  Timeout watchdog d.u.i.k.p.r.p.ForkedTestFileRunner Timeout watcher launched (1000 secs.) 
394        WARN  main            d.u.i.k.s.ProofSettings   The settings in /home/runner/.key/proof-settings.props are *not* read. 
432        INFO  main            d.u.i.k.p.r.p.TestFile    Now processing file /home/runner/work/key/key/key.core/../key.ui/examples/InformationFlow/SimpleEvoting/simple_evoting.Environment(simple_evoting.Environment__untrustedOutputMessage((B)).JML normal_behavior operation contract.0.key 
547        INFO  main            d.u.i.k.p.i.AbstractProblemLoader Loading environment from /home/runner/work/key/key/key.core/../key.ui/examples/InformationFlow/SimpleEvoting/simple_evoting.Environment(simple_evoting.Environment__untrustedOutputMessage((B)).JML normal_behavior operation contract.0.key 
580        DEBUG main            d.u.i.k.p.i.AbstractProblemLoader Environment load took 2.69ms 
812        INFO  main            d.u.i.k.p.i.AbstractProblemLoader Creating init config 
1740       DEBUG main            d.u.i.k.j.TypeConverter   No LDT found for Meta 
1740       DEBUG main            d.u.i.k.j.TypeConverter   No LDT found for Meta 
1741       DEBUG main            d.u.i.k.j.TypeConverter   No LDT found for Meta 
1741       DEBUG main            d.u.i.k.j.TypeConverter   No LDT found for Meta 
3385       DEBUG main            d.u.i.k.j.TypeConverter   No LDT found for JavaBigintExpression 
9174       DEBUG main            d.u.i.k.p.i.AbstractProblemLoader Init config took 8.36s 
9393       INFO  main            d.u.i.k.p.i.AbstractProblemLoader Replaying proof simple_evoting.Environment[simple_evoting.Environment::untrustedOutputMessage([B)].JML normal_behavior operation contract.0 
9472       DEBUG main            d.u.i.k.p.i.IntermediateProofReplayer Proof replay took 4.54ms 
10698      INFO  main            d.u.i.k.p.r.p.TestFile    ... finished proof: closed. 
10833      INFO  main            d.u.i.k.p.r.p.TestFile    Now processing file /home/runner/work/key/key/key.core/../key.ui/examples/InformationFlow/SimpleEvoting/simple_evoting.Environment(simple_evoting.Environment__untrustedInputMessage((B)).JML normal_behavior operation contract.0.key 
10834      INFO  main            d.u.i.k.p.i.AbstractProblemLoader Loading environment from /home/runner/work/key/key/key.core/../key.ui/examples/InformationFlow/SimpleEvoting/simple_evoting.Environment(simple_evoting.Environment__untrustedInputMessage((B)).JML normal_behavior operation contract.0.key 
10834      DEBUG main            d.u.i.k.p.i.AbstractProblemLoader Environment load took 335.2ns 
10836      INFO  main            d.u.i.k.p.i.AbstractProblemLoader Creating init config 
14296      DEBUG main            d.u.i.k.p.i.AbstractProblemLoader Init config took 3.46s 
14384      INFO  main            d.u.i.k.p.i.AbstractProblemLoader Replaying proof simple_evoting.Environment[simple_evoting.Environment::untrustedInputMessage([B)].JML normal_behavior operation contract.0 
14388      DEBUG main            d.u.i.k.p.i.IntermediateProofReplayer Proof replay took 13.9ns 
14997      INFO  main            d.u.i.k.p.r.p.TestFile    ... finished proof: closed. 
15143      INFO  main            d.u.i.k.p.r.p.TestFile    Now processing file /home/runner/work/key/key/key.core/../key.ui/examples/InformationFlow/SimpleEvoting/simple_evoting.Environment(simple_evoting.Environment__untrustedInputMessage()).JML normal_behavior operation contract.0.key 
15143      INFO  main            d.u.i.k.p.i.AbstractProblemLoader Loading environment from /home/runner/work/key/key/key.core/../key.ui/examples/InformationFlow/SimpleEvoting/simple_evoting.Environment(simple_evoting.Environment__untrustedInputMessage()).JML normal_behavior operation contract.0.key 
15144      DEBUG main            d.u.i.k.p.i.AbstractProblemLoader Environment load took 81.4ns 
15147      INFO  main            d.u.i.k.p.i.AbstractProblemLoader Creating init config 
18438      DEBUG main            d.u.i.k.p.i.AbstractProblemLoader Init config took 3.29s 
18509      INFO  main            d.u.i.k.p.i.AbstractProblemLoader Replaying proof simple_evoting.Environment[simple_evoting.Environment::untrustedInputMessage()].JML normal_behavior operation contract.0 
18516      DEBUG main            d.u.i.k.p.i.IntermediateProofReplayer Proof replay took 11.5ns 
20129      INFO  main            d.u.i.k.p.r.p.TestFile    ... finished proof: closed. 
20298      INFO  main            d.u.i.k.p.r.p.TestFile    Now processing file /home/runner/work/key/key/key.core/../key.ui/examples/InformationFlow/SimpleEvoting/simple_evoting.Environment(simple_evoting.Environment__untrustedOutput(int)).JML normal_behavior operation contract.0.key 
20299      INFO  main            d.u.i.k.p.i.AbstractProblemLoader Loading environment from /home/runner/work/key/key/key.core/../key.ui/examples/InformationFlow/SimpleEvoting/simple_evoting.Environment(simple_evoting.Environment__untrustedOutput(int)).JML normal_behavior operation contract.0.key 
20299      DEBUG main            d.u.i.k.p.i.AbstractProblemLoader Environment load took 81.8ns 
20301      INFO  main            d.u.i.k.p.i.AbstractProblemLoader Creating init config 
23579      DEBUG main            d.u.i.k.p.i.AbstractProblemLoader Init config took 3.28s 
23651      INFO  main            d.u.i.k.p.i.AbstractProblemLoader Replaying proof simple_evoting.Environment[simple_evoting.Environment::untrustedOutput(int)].JML normal_behavior operation contract.0 
23657      DEBUG main            d.u.i.k.p.i.IntermediateProofReplayer Proof replay took 12.3ns 
23759      INFO  main            d.u.i.k.p.r.p.TestFile    ... finished proof: closed. 
23926      INFO  main            d.u.i.k.p.r.p.TestFile    Now processing file /home/runner/work/key/key/key.core/../key.ui/examples/InformationFlow/SimpleEvoting/simple_evoting.Environment(simple_evoting.Environment__untrustedInput(int)).JML normal_behavior operation contract.0.key 
23927      INFO  main            d.u.i.k.p.i.AbstractProblemLoader Loading environment from /home/runner/work/key/key/key.core/../key.ui/examples/InformationFlow/SimpleEvoting/simple_evoting.Environment(simple_evoting.Environment__untrustedInput(int)).JML normal_behavior operation contract.0.key 
23927      DEBUG main            d.u.i.k.p.i.AbstractProblemLoader Environment load took 72.3ns 
23928      INFO  main            d.u.i.k.p.i.AbstractProblemLoader Creating init config 
27168      DEBUG main            d.u.i.k.p.i.AbstractProblemLoader Init config took 3.24s 
27239      INFO  main            d.u.i.k.p.i.AbstractProblemLoader Replaying proof simple_evoting.Environment[simple_evoting.Environment::untrustedInput(int)].JML normal_behavior operation contract.0 
27242      DEBUG main            d.u.i.k.p.i.IntermediateProofReplayer Proof replay took 13.3ns 
27349      INFO  main            d.u.i.k.p.r.p.TestFile    ... finished proof: open goal(s) 
27487      INFO  main            d.u.i.k.p.r.p.TestFile    Now processing file /home/runner/work/key/key/key.core/../key.ui/examples/InformationFlow/SimpleEvoting/simple_evoting.Environment(simple_evoting.Environment__untrustedInput()).JML normal_behavior operation contract.0.key 
27488      INFO  main            d.u.i.k.p.i.AbstractProblemLoader Loading environment from /home/runner/work/key/key/key.core/../key.ui/examples/InformationFlow/SimpleEvoting/simple_evoting.Environment(simple_evoting.Environment__untrustedInput()).JML normal_behavior operation contract.0.key 
27488      DEBUG main            d.u.i.k.p.i.AbstractProblemLoader Environment load took 113ns 
27490      INFO  main            d.u.i.k.p.i.AbstractProblemLoader Creating init config 
30662      DEBUG main            d.u.i.k.p.i.AbstractProblemLoader Init config took 3.17s 
30721      INFO  main            d.u.i.k.p.i.AbstractProblemLoader Replaying proof simple_evoting.Environment[simple_evoting.Environment::untrustedInput()].JML normal_behavior operation contract.0 
30725      DEBUG main            d.u.i.k.p.i.IntermediateProofReplayer Proof replay took 12.5ns 
30827      INFO  main            d.u.i.k.p.r.p.TestFile    ... finished proof: open goal(s) 
30968      INFO  main            d.u.i.k.p.r.p.TestFile    Now processing file /home/runner/work/key/key/key.core/../key.ui/examples/InformationFlow/SimpleEvoting/simple_evoting.Environment(simple_evoting.Environment___rep()).JML accessible clause.0.key 
30968      INFO  main            d.u.i.k.p.i.AbstractProblemLoader Loading environment from /home/runner/work/key/key/key.core/../key.ui/examples/InformationFlow/SimpleEvoting/simple_evoting.Environment(simple_evoting.Environment___rep()).JML accessible clause.0.key 
30973      DEBUG main            d.u.i.k.p.i.AbstractProblemLoader Environment load took 4.82ms 
30974      INFO  main            d.u.i.k.p.i.AbstractProblemLoader Creating init config 
34098      DEBUG main            d.u.i.k.p.i.AbstractProblemLoader Init config took 3.12s 
34159      INFO  main            d.u.i.k.p.i.AbstractProblemLoader Replaying proof simple_evoting.Environment[simple_evoting.Environment::$rep()].JML accessible clause.0 
34162      DEBUG main            d.u.i.k.p.i.IntermediateProofReplayer Proof replay took 12.8ns 
34267      INFO  main            d.u.i.k.p.r.p.TestFile    ... finished proof: closed. 
34410      INFO  main            d.u.i.k.p.r.p.TestFile    Now processing file /home/runner/work/key/key/key.core/../key.ui/examples/InformationFlow/SimpleEvoting/simple_evoting.SMT(simple_evoting.SMT__send(simple_evoting.Message,int,simple_evoting.Server)).JML normal_behavior operation contract.1.key 
34411      INFO  main            d.u.i.k.p.i.AbstractProblemLoader Loading environment from /home/runner/work/key/key/key.core/../key.ui/examples/InformationFlow/SimpleEvoting/simple_evoting.SMT(simple_evoting.SMT__send(simple_evoting.Message,int,simple_evoting.Server)).JML normal_behavior operation contract.1.key 
34411      DEBUG main            d.u.i.k.p.i.AbstractProblemLoader Environment load took 81.9ns 
34413      INFO  main            d.u.i.k.p.i.AbstractProblemLoader Creating init config 
37546      DEBUG main            d.u.i.k.p.i.AbstractProblemLoader Init config took 3.13s 
37607      INFO  main            d.u.i.k.p.i.AbstractProblemLoader Replaying proof simple_evoting.SMT[simple_evoting.SMT::send(simple_evoting.Message,int,simple_evoting.Server)].JML normal_behavior operation contract.1 
37610      DEBUG main            d.u.i.k.p.i.IntermediateProofReplayer Proof replay took 13.2ns 
49137      INFO  main            d.u.i.k.p.r.p.TestFile    ... finished proof: closed. 
49352      INFO  main            d.u.i.k.p.r.p.TestFile    Now processing file /home/runner/work/key/key/key.core/../key.ui/examples/InformationFlow/SimpleEvoting/simple_evoting.SMT(simple_evoting.SMT__send(simple_evoting.Message,int,simple_evoting.Server)).JML normal_behavior operation contract.0.key 
49352      INFO  main            d.u.i.k.p.i.AbstractProblemLoader Loading environment from /home/runner/work/key/key/key.core/../key.ui/examples/InformationFlow/SimpleEvoting/simple_evoting.SMT(simple_evoting.SMT__send(simple_evoting.Message,int,simple_evoting.Server)).JML normal_behavior operation contract.0.key 
49352      DEBUG main            d.u.i.k.p.i.AbstractProblemLoader Environment load took 79ns 
49353      INFO  main            d.u.i.k.p.i.AbstractProblemLoader Creating init config 
52510      DEBUG main            d.u.i.k.p.i.AbstractProblemLoader Init config took 3.16s 
52568      INFO  main            d.u.i.k.p.i.AbstractProblemLoader Replaying proof simple_evoting.SMT[simple_evoting.SMT::send(simple_evoting.Message,int,simple_evoting.Server)].JML normal_behavior operation contract.0 
52571      DEBUG main            d.u.i.k.p.i.IntermediateProofReplayer Proof replay took 13.4ns 
61253      INFO  main            d.u.i.k.p.r.p.TestFile    ... finished proof: closed. 
61467      INFO  main            d.u.i.k.p.r.p.TestFile    Now processing file /home/runner/work/key/key/key.core/../key.ui/examples/InformationFlow/SimpleEvoting/simple_evoting.Message(java.lang.Object___inv_()).JML accessible clause.0.key 
61467      INFO  main            d.u.i.k.p.i.AbstractProblemLoader Loading environment from /home/runner/work/key/key/key.core/../key.ui/examples/InformationFlow/SimpleEvoting/simple_evoting.Message(java.lang.Object___inv_()).JML accessible clause.0.key 
61467      DEBUG main            d.u.i.k.p.i.AbstractProblemLoader Environment load took 67.9ns 
61468      INFO  main            d.u.i.k.p.i.AbstractProblemLoader Creating init config 
64552      DEBUG main            d.u.i.k.p.i.AbstractProblemLoader Init config took 3.08s 
64606      INFO  main            d.u.i.k.p.i.AbstractProblemLoader Replaying proof simple_evoting.Message[java.lang.Object::<inv>()].JML accessible clause.0 
64609      DEBUG main            d.u.i.k.p.i.IntermediateProofReplayer Proof replay took 13.2ns 
64812      INFO  main            d.u.i.k.p.r.p.TestFile    ... finished proof: closed. 
64971      INFO  main            d.u.i.k.p.r.p.TestFile    Now processing file /home/runner/work/key/key/key.core/../key.ui/examples/InformationFlow/SimpleEvoting/simple_evoting.Server(simple_evoting.Server__resultReady()).JML accessible clause.0.key 
64971      INFO  main            d.u.i.k.p.i.AbstractProblemLoader Loading environment from /home/runner/work/key/key/key.core/../key.ui/examples/InformationFlow/SimpleEvoting/simple_evoting.Server(simple_evoting.Server__resultReady()).JML accessible clause.0.key 
64971      DEBUG main            d.u.i.k.p.i.AbstractProblemLoader Environment load took 73.8ns 
64972      INFO  main            d.u.i.k.p.i.AbstractProblemLoader Creating init config 
68093      DEBUG main            d.u.i.k.p.i.AbstractProblemLoader Init config took 3.12s 
68147      INFO  main            d.u.i.k.p.i.AbstractProblemLoader Replaying proof simple_evoting.Server[simple_evoting.Server::resultReady()].JML accessible clause.0 
68150      DEBUG main            d.u.i.k.p.i.IntermediateProofReplayer Proof replay took 14ns 
69582      INFO  main            d.u.i.k.p.r.p.TestFile    ... finished proof: closed. 
69770      INFO  main            d.u.i.k.p.r.p.TestFile    Now processing file /home/runner/work/key/key/key.core/../key.ui/examples/InformationFlow/SimpleEvoting/simple_evoting.Server(simple_evoting.Server__resultReady()).JML normal_behavior operation contract.0.key 
69770      INFO  main            d.u.i.k.p.i.AbstractProblemLoader Loading environment from /home/runner/work/key/key/key.core/../key.ui/examples/InformationFlow/SimpleEvoting/simple_evoting.Server(simple_evoting.Server__resultReady()).JML normal_behavior operation contract.0.key 
69770      DEBUG main            d.u.i.k.p.i.AbstractProblemLoader Environment load took 115.9ns 
69771      INFO  main            d.u.i.k.p.i.AbstractProblemLoader Creating init config 
72845      DEBUG main            d.u.i.k.p.i.AbstractProblemLoader Init config took 3.07s 
72898      INFO  main            d.u.i.k.p.i.AbstractProblemLoader Replaying proof simple_evoting.Server[simple_evoting.Server::resultReady()].JML normal_behavior operation contract.0 
72901      DEBUG main            d.u.i.k.p.i.IntermediateProofReplayer Proof replay took 13.9ns 
73605      INFO  main            d.u.i.k.p.r.p.TestFile    ... finished proof: closed. 
73797      INFO  main            d.u.i.k.p.r.p.TestFile    Now processing file /home/runner/work/key/key/key.core/../key.ui/examples/InformationFlow/SimpleEvoting/simple_evoting.Server(simple_evoting.Server__onSendResult()).JML normal_behavior operation contract.0.key 
73797      INFO  main            d.u.i.k.p.i.AbstractProblemLoader Loading environment from /home/runner/work/key/key/key.core/../key.ui/examples/InformationFlow/SimpleEvoting/simple_evoting.Server(simple_evoting.Server__onSendResult()).JML normal_behavior operation contract.0.key 
73797      DEBUG main            d.u.i.k.p.i.AbstractProblemLoader Environment load took 69.4ns 
73799      INFO  main            d.u.i.k.p.i.AbstractProblemLoader Creating init config 
76890      DEBUG main            d.u.i.k.p.i.AbstractProblemLoader Init config took 3.09s 
76942      INFO  main            d.u.i.k.p.i.AbstractProblemLoader Replaying proof simple_evoting.Server[simple_evoting.Server::onSendResult()].JML normal_behavior operation contract.0 
76945      DEBUG main            d.u.i.k.p.i.IntermediateProofReplayer Proof replay took 13.8ns 
77151      INFO  main            d.u.i.k.p.r.p.TestFile    ... finished proof: closed. 
77318      INFO  main            d.u.i.k.p.r.p.TestFile    Now processing file /home/runner/work/key/key/key.core/../key.ui/examples/InformationFlow/SimpleEvoting/simple_evoting.Server(simple_evoting.Server__onCollectBallot(simple_evoting.Message)).JML normal_behavior operation contract.1.key 
77318      INFO  main            d.u.i.k.p.i.AbstractProblemLoader Loading environment from /home/runner/work/key/key/key.core/../key.ui/examples/InformationFlow/SimpleEvoting/simple_evoting.Server(simple_evoting.Server__onCollectBallot(simple_evoting.Message)).JML normal_behavior operation contract.1.key 
77319      DEBUG main            d.u.i.k.p.i.AbstractProblemLoader Environment load took 78.9ns 
77320      INFO  main            d.u.i.k.p.i.AbstractProblemLoader Creating init config 
80411      DEBUG main            d.u.i.k.p.i.AbstractProblemLoader Init config took 3.09s 
80461      INFO  main            d.u.i.k.p.i.AbstractProblemLoader Replaying proof simple_evoting.Server[simple_evoting.Server::onCollectBallot(simple_evoting.Message)].JML normal_behavior operation contract.1 
80464      DEBUG main            d.u.i.k.p.i.IntermediateProofReplayer Proof replay took 12.2ns 
80769      INFO  main            d.u.i.k.p.r.p.TestFile    ... finished proof: closed. 
80936      INFO  main            d.u.i.k.p.r.p.TestFile    Now processing file /home/runner/work/key/key/key.core/../key.ui/examples/InformationFlow/SimpleEvoting/simple_evoting.Server(simple_evoting.Server__onCollectBallot(simple_evoting.Message)).JML normal_behavior operation contract.0.key 
80937      INFO  main            d.u.i.k.p.i.AbstractProblemLoader Loading environment from /home/runner/work/key/key/key.core/../key.ui/examples/InformationFlow/SimpleEvoting/simple_evoting.Server(simple_evoting.Server__onCollectBallot(simple_evoting.Message)).JML normal_behavior operation contract.0.key 
80937      DEBUG main            d.u.i.k.p.i.AbstractProblemLoader Environment load took 65.5ns 
80939      INFO  main            d.u.i.k.p.i.AbstractProblemLoader Creating init config 
84016      DEBUG main            d.u.i.k.p.i.AbstractProblemLoader Init config took 3.08s 
84065      INFO  main            d.u.i.k.p.i.AbstractProblemLoader Replaying proof simple_evoting.Server[simple_evoting.Server::onCollectBallot(simple_evoting.Message)].JML normal_behavior operation contract.0 
84067      DEBUG main            d.u.i.k.p.i.IntermediateProofReplayer Proof replay took 14.7ns 
84672      INFO  main            d.u.i.k.p.r.p.TestFile    ... finished proof: closed. 
84860      INFO  main            d.u.i.k.p.r.p.TestFile    Now processing file /home/runner/work/key/key/key.core/../key.ui/examples/InformationFlow/SimpleEvoting/simple_evoting.Server(java.lang.Object___inv_()).JML accessible clause.0.key 
84860      INFO  main            d.u.i.k.p.i.AbstractProblemLoader Loading environment from /home/runner/work/key/key/key.core/../key.ui/examples/InformationFlow/SimpleEvoting/simple_evoting.Server(java.lang.Object___inv_()).JML accessible clause.0.key 
84860      DEBUG main            d.u.i.k.p.i.AbstractProblemLoader Environment load took 68.3ns 
84861      INFO  main            d.u.i.k.p.i.AbstractProblemLoader Creating init config 
87976      DEBUG main            d.u.i.k.p.i.AbstractProblemLoader Init config took 3.12s 
88025      INFO  main            d.u.i.k.p.i.AbstractProblemLoader Replaying proof simple_evoting.Server[java.lang.Object::<inv>()].JML accessible clause.0 
88028      DEBUG main            d.u.i.k.p.i.IntermediateProofReplayer Proof replay took 11.7ns 
88230      INFO  main            d.u.i.k.p.r.p.TestFile    ... finished proof: closed. 
88489      INFO  main            d.u.i.k.p.r.p.TestFile    Now processing file /home/runner/work/key/key/key.core/../key.ui/examples/InformationFlow/SimpleEvoting/simple_evoting.SMTEnv(simple_evoting.SMTEnv__send(int,int,int,simple_evoting.Server,int)).JML normal_behavior operation contract.0.key 
88489      INFO  main            d.u.i.k.p.i.AbstractProblemLoader Loading environment from /home/runner/work/key/key/key.core/../key.ui/examples/InformationFlow/SimpleEvoting/simple_evoting.SMTEnv(simple_evoting.SMTEnv__send(int,int,int,simple_evoting.Server,int)).JML normal_behavior operation contract.0.key 
88489      DEBUG main            d.u.i.k.p.i.AbstractProblemLoader Environment load took 64ns 
88490      INFO  main            d.u.i.k.p.i.AbstractProblemLoader Creating init config 
91609      DEBUG main            d.u.i.k.p.i.AbstractProblemLoader Init config took 3.12s 
91659      INFO  main            d.u.i.k.p.i.AbstractProblemLoader Replaying proof simple_evoting.SMTEnv[simple_evoting.SMTEnv::send(int,int,int,simple_evoting.Server,int)].JML normal_behavior operation contract.0 
91661      DEBUG main            d.u.i.k.p.i.IntermediateProofReplayer Proof replay took 12.2ns 
91968      INFO  main            d.u.i.k.p.r.p.TestFile    ... finished proof: closed. 
92169      INFO  main            d.u.i.k.p.r.p.TestFile    Now processing file /home/runner/work/key/key/key.core/../key.ui/examples/InformationFlow/SimpleEvoting/simple_evoting.NetworkClient(simple_evoting.NetworkClient__send((B,simple_evoting.Server,int)).JML normal_behavior operation contract.0.key 
92170      INFO  main            d.u.i.k.p.i.AbstractProblemLoader Loading environment from /home/runner/work/key/key/key.core/../key.ui/examples/InformationFlow/SimpleEvoting/simple_evoting.NetworkClient(simple_evoting.NetworkClient__send((B,simple_evoting.Server,int)).JML normal_behavior operation contract.0.key 
92170      DEBUG main            d.u.i.k.p.i.AbstractProblemLoader Environment load took 106.6ns 
92171      INFO  main            d.u.i.k.p.i.AbstractProblemLoader Creating init config 
95242      DEBUG main            d.u.i.k.p.i.AbstractProblemLoader Init config took 3.07s 
95290      INFO  main            d.u.i.k.p.i.AbstractProblemLoader Replaying proof simple_evoting.NetworkClient[simple_evoting.NetworkClient::send([B,simple_evoting.Server,int)].JML normal_behavior operation contract.0 
95292      DEBUG main            d.u.i.k.p.i.IntermediateProofReplayer Proof replay took 13.8ns 
95395      INFO  main            d.u.i.k.p.r.p.TestFile    ... finished proof: closed. 
95587      INFO  main            d.u.i.k.p.r.p.TestFile    Now processing file /home/runner/work/key/key/key.core/../key.ui/examples/InformationFlow/SimpleEvoting/simple_evoting.Setup(simple_evoting.Setup__publishResult()).JML normal_behavior operation contract.0.key 
95587      INFO  main            d.u.i.k.p.i.AbstractProblemLoader Loading environment from /home/runner/work/key/key/key.core/../key.ui/examples/InformationFlow/SimpleEvoting/simple_evoting.Setup(simple_evoting.Setup__publishResult()).JML normal_behavior operation contract.0.key 
95587      DEBUG main            d.u.i.k.p.i.AbstractProblemLoader Environment load took 73.6ns 
95588      INFO  main            d.u.i.k.p.i.AbstractProblemLoader Creating init config 
98639      DEBUG main            d.u.i.k.p.i.AbstractProblemLoader Init config took 3.05s 
98690      INFO  main            d.u.i.k.p.i.AbstractProblemLoader Replaying proof simple_evoting.Setup[simple_evoting.Setup::publishResult()].JML normal_behavior operation contract.0 
98693      DEBUG main            d.u.i.k.p.i.IntermediateProofReplayer Proof replay took 13.3ns 
99396      INFO  main            d.u.i.k.p.r.p.TestFile    ... finished proof: closed. 
99595      INFO  main            d.u.i.k.p.r.p.TestFile    Now processing file /home/runner/work/key/key/key.core/../key.ui/examples/InformationFlow/SimpleEvoting/simple_evoting.Setup(simple_evoting.Setup__main()).JML normal_behavior operation contract.0.key 
99595      INFO  main            d.u.i.k.p.i.AbstractProblemLoader Loading environment from /home/runner/work/key/key/key.core/../key.ui/examples/InformationFlow/SimpleEvoting/simple_evoting.Setup(simple_evoting.Setup__main()).JML normal_behavior operation contract.0.key 
99595      DEBUG main            d.u.i.k.p.i.AbstractProblemLoader Environment load took 67.9ns 
99596      INFO  main            d.u.i.k.p.i.AbstractProblemLoader Creating init config 
102632     DEBUG main            d.u.i.k.p.i.AbstractProblemLoader Init config took 3.04s 
102685     INFO  main            d.u.i.k.p.i.AbstractProblemLoader Replaying proof simple_evoting.Setup[simple_evoting.Setup::main()].JML normal_behavior operation contract.0 
102688     DEBUG main            d.u.i.k.p.i.IntermediateProofReplayer Proof replay took 13.4ns 
137261     INFO  main            d.u.i.k.p.r.p.TestFile    ... finished proof: open goal(s) 
137550     INFO  main            d.u.i.k.p.r.p.TestFile    Now processing file /home/runner/work/key/key/key.core/../key.ui/examples/InformationFlow/SimpleEvoting/simple_evoting.Setup(java.lang.Object___inv_()).JML accessible clause.0.key 
137550     INFO  main            d.u.i.k.p.i.AbstractProblemLoader Loading environment from /home/runner/work/key/key/key.core/../key.ui/examples/InformationFlow/SimpleEvoting/simple_evoting.Setup(java.lang.Object___inv_()).JML accessible clause.0.key 
137550     DEBUG main            d.u.i.k.p.i.AbstractProblemLoader Environment load took 68.5ns 
137551     INFO  main            d.u.i.k.p.i.AbstractProblemLoader Creating init config 
140595     DEBUG main            d.u.i.k.p.i.AbstractProblemLoader Init config took 3.04s 
140657     INFO  main            d.u.i.k.p.i.AbstractProblemLoader Replaying proof simple_evoting.Setup[java.lang.Object::<inv>()].JML accessible clause.0 
140659     DEBUG main            d.u.i.k.p.i.IntermediateProofReplayer Proof replay took 13.1ns 
144295     INFO  main            d.u.i.k.p.r.p.TestFile    ... finished proof: closed. 
144647     INFO  main            d.u.i.k.p.r.p.TestFile    Now processing file /home/runner/work/key/key/key.core/../key.ui/examples/InformationFlow/SimpleEvoting/simple_evoting.Voter(simple_evoting.Voter__onSendBallot(simple_evoting.Server)).JML normal_behavior operation contract.1.key 
144647     INFO  main            d.u.i.k.p.i.AbstractProblemLoader Loading environment from /home/runner/work/key/key/key.core/../key.ui/examples/InformationFlow/SimpleEvoting/simple_evoting.Voter(simple_evoting.Voter__onSendBallot(simple_evoting.Server)).JML normal_behavior operation contract.1.key 
144647     DEBUG main            d.u.i.k.p.i.AbstractProblemLoader Environment load took 134.6ns 
144648     INFO  main            d.u.i.k.p.i.AbstractProblemLoader Creating init config 
147641     DEBUG main            d.u.i.k.p.i.AbstractProblemLoader Init config took 2.99s 
147689     INFO  main            d.u.i.k.p.i.AbstractProblemLoader Replaying proof simple_evoting.Voter[simple_evoting.Voter::onSendBallot(simple_evoting.Server)].JML normal_behavior operation contract.1 
147692     DEBUG main            d.u.i.k.p.i.IntermediateProofReplayer Proof replay took 13.2ns 
151961     INFO  main            d.u.i.k.p.r.p.TestFile    ... finished proof: closed. 
152227     INFO  main            d.u.i.k.p.r.p.TestFile    Now processing file /home/runner/work/key/key/key.core/../key.ui/examples/InformationFlow/SimpleEvoting/simple_evoting.Voter(simple_evoting.Voter__onSendBallot(simple_evoting.Server)).JML normal_behavior operation contract.0.key 
152228     INFO  main            d.u.i.k.p.i.AbstractProblemLoader Loading environment from /home/runner/work/key/key/key.core/../key.ui/examples/InformationFlow/SimpleEvoting/simple_evoting.Voter(simple_evoting.Voter__onSendBallot(simple_evoting.Server)).JML normal_behavior operation contract.0.key 
152228     DEBUG main            d.u.i.k.p.i.AbstractProblemLoader Environment load took 77.6ns 
152229     INFO  main            d.u.i.k.p.i.AbstractProblemLoader Creating init config 
155267     DEBUG main            d.u.i.k.p.i.AbstractProblemLoader Init config took 3.04s 
155326     INFO  main            d.u.i.k.p.i.AbstractProblemLoader Replaying proof simple_evoting.Voter[simple_evoting.Voter::onSendBallot(simple_evoting.Server)].JML normal_behavior operation contract.0 
155330     DEBUG main            d.u.i.k.p.i.IntermediateProofReplayer Proof replay took 15.3ns 
162806     INFO  main            d.u.i.k.p.r.p.TestFile    ... finished proof: closed. 
163072     INFO  main            d.u.i.k.p.r.p.TestFile    Now processing file /home/runner/work/key/key/key.core/../key.ui/examples/InformationFlow/SimpleEvoting/simple_evoting.Voter(java.lang.Object___inv_()).JML accessible clause.0.key 
163072     INFO  main            d.u.i.k.p.i.AbstractProblemLoader Loading environment from /home/runner/work/key/key/key.core/../key.ui/examples/InformationFlow/SimpleEvoting/simple_evoting.Voter(java.lang.Object___inv_()).JML accessible clause.0.key 
163072     DEBUG main            d.u.i.k.p.i.AbstractProblemLoader Environment load took 63.7ns 
163074     INFO  main            d.u.i.k.p.i.AbstractProblemLoader Creating init config 
166119     DEBUG main            d.u.i.k.p.i.AbstractProblemLoader Init config took 3.05s 
166166     INFO  main            d.u.i.k.p.i.AbstractProblemLoader Replaying proof simple_evoting.Voter[java.lang.Object::<inv>()].JML accessible clause.0 
166169     DEBUG main            d.u.i.k.p.i.IntermediateProofReplayer Proof replay took 12.6ns 
166371     INFO  main            d.u.i.k.p.r.p.TestFile    ... finished proof: closed. 
708699     INFO  Test worker     d.u.i.k.p.r.p.StatisticsFile Returning from test SimpleEvoting 
708704     INFO  Test worker     d.u.i.k.p.r.p.StatisticsFile Running test ToyVoting_nomacro 
341        INFO  Timeout watchdog d.u.i.k.p.r.p.ForkedTestFileRunner Timeout watcher launched (1000 secs.) 
361        WARN  main            d.u.i.k.s.ProofSettings   The settings in /home/runner/.key/proof-settings.props are *not* read. 
382        INFO  main            d.u.i.k.p.r.p.TestFile    Now processing file /home/runner/work/key/key/key.core/../key.ui/examples/InformationFlow/ToyVoting/Voter(Voter__insecure_voting()).Non-interference contract.0.key 
486        INFO  main            d.u.i.k.p.i.AbstractProblemLoader Loading environment from /home/runner/work/key/key/key.core/../key.ui/examples/InformationFlow/ToyVoting/Voter(Voter__insecure_voting()).Non-interference contract.0.key 
514        DEBUG main            d.u.i.k.p.i.AbstractProblemLoader Environment load took 2.19ms 
774        INFO  main            d.u.i.k.p.i.AbstractProblemLoader Creating init config 
1679       DEBUG main            d.u.i.k.j.TypeConverter   No LDT found for Meta 
1680       DEBUG main            d.u.i.k.j.TypeConverter   No LDT found for Meta 
1681       DEBUG main            d.u.i.k.j.TypeConverter   No LDT found for Meta 
1681       DEBUG main            d.u.i.k.j.TypeConverter   No LDT found for Meta 
2844       DEBUG main            d.u.i.k.j.TypeConverter   No LDT found for JavaBigintExpression 
8123       DEBUG main            d.u.i.k.p.i.AbstractProblemLoader Init config took 7.35s 
8262       INFO  main            d.u.i.k.p.i.AbstractProblemLoader Replaying proof Voter[Voter::insecure_voting()].Non-interference contract.0 
8356       DEBUG main            d.u.i.k.p.i.IntermediateProofReplayer Proof replay took 354.4ns 
21313      INFO  main            d.u.i.k.p.r.p.TestFile    ... finished proof: open goal(s) 
21531      INFO  main            d.u.i.k.p.r.p.TestFile    Now processing file /home/runner/work/key/key/key.core/../key.ui/examples/InformationFlow/ToyVoting/Voter(Voter__publishVoterParticipation()).Non-interference contract.0.key 
21531      INFO  main            d.u.i.k.p.i.AbstractProblemLoader Loading environment from /home/runner/work/key/key/key.core/../key.ui/examples/InformationFlow/ToyVoting/Voter(Voter__publishVoterParticipation()).Non-interference contract.0.key 
21531      DEBUG main            d.u.i.k.p.i.AbstractProblemLoader Environment load took 104.6ns 
21535      INFO  main            d.u.i.k.p.i.AbstractProblemLoader Creating init config 
24503      DEBUG main            d.u.i.k.p.i.AbstractProblemLoader Init config took 2.97s 
24586      INFO  main            d.u.i.k.p.i.AbstractProblemLoader Replaying proof Voter[Voter::publishVoterParticipation()].Non-interference contract.0 
24591      DEBUG main            d.u.i.k.p.i.IntermediateProofReplayer Proof replay took 13.8ns 
24894      INFO  main            d.u.i.k.p.r.p.TestFile    ... finished proof: closed. 
25112      INFO  main            d.u.i.k.p.r.p.TestFile    Now processing file /home/runner/work/key/key/key.core/../key.ui/examples/InformationFlow/ToyVoting/Voter(Voter__isValid(int)).Non-interference contract.0.key 
25112      INFO  main            d.u.i.k.p.i.AbstractProblemLoader Loading environment from /home/runner/work/key/key/key.core/../key.ui/examples/InformationFlow/ToyVoting/Voter(Voter__isValid(int)).Non-interference contract.0.key 
25113      DEBUG main            d.u.i.k.p.i.AbstractProblemLoader Environment load took 723.81ns 
25114      INFO  main            d.u.i.k.p.i.AbstractProblemLoader Creating init config 
27833      DEBUG main            d.u.i.k.p.i.AbstractProblemLoader Init config took 2.72s 
27911      INFO  main            d.u.i.k.p.i.AbstractProblemLoader Replaying proof Voter[Voter::isValid(int)].Non-interference contract.0 
27915      DEBUG main            d.u.i.k.p.i.IntermediateProofReplayer Proof replay took 12.7ns 
28319      INFO  main            d.u.i.k.p.r.p.TestFile    ... finished proof: closed. 
28463      INFO  main            d.u.i.k.p.r.p.TestFile    Now processing file /home/runner/work/key/key/key.core/../key.ui/examples/InformationFlow/ToyVoting/Voter(Voter__sendVote(int)).Non-interference contract.0.key 
28463      INFO  main            d.u.i.k.p.i.AbstractProblemLoader Loading environment from /home/runner/work/key/key/key.core/../key.ui/examples/InformationFlow/ToyVoting/Voter(Voter__sendVote(int)).Non-interference contract.0.key 
28463      DEBUG main            d.u.i.k.p.i.AbstractProblemLoader Environment load took 76.4ns 
28469      INFO  main            d.u.i.k.p.i.AbstractProblemLoader Creating init config 
31246      DEBUG main            d.u.i.k.p.i.AbstractProblemLoader Init config took 2.78s 
31311      INFO  main            d.u.i.k.p.i.AbstractProblemLoader Replaying proof Voter[Voter::sendVote(int)].Non-interference contract.0 
31315      DEBUG main            d.u.i.k.p.i.IntermediateProofReplayer Proof replay took 12.8ns 
31619      INFO  main            d.u.i.k.p.r.p.TestFile    ... finished proof: closed. 
31751      INFO  main            d.u.i.k.p.r.p.TestFile    Now processing file /home/runner/work/key/key/key.core/../key.ui/examples/InformationFlow/ToyVoting/Voter(Voter__inputVote()).Non-interference contract.0.key 
31751      INFO  main            d.u.i.k.p.i.AbstractProblemLoader Loading environment from /home/runner/work/key/key/key.core/../key.ui/examples/InformationFlow/ToyVoting/Voter(Voter__inputVote()).Non-interference contract.0.key 
31751      DEBUG main            d.u.i.k.p.i.AbstractProblemLoader Environment load took 98.4ns 
31753      INFO  main            d.u.i.k.p.i.AbstractProblemLoader Creating init config 
34458      DEBUG main            d.u.i.k.p.i.AbstractProblemLoader Init config took 2.7s 
34515      INFO  main            d.u.i.k.p.i.AbstractProblemLoader Replaying proof Voter[Voter::inputVote()].Non-interference contract.0 
34518      DEBUG main            d.u.i.k.p.i.IntermediateProofReplayer Proof replay took 12.5ns 
34722      INFO  main            d.u.i.k.p.r.p.TestFile    ... finished proof: closed. 
743716     INFO  Test worker     d.u.i.k.p.r.p.StatisticsFile Returning from test ToyVoting_nomacro 
743718     INFO  Test worker     d.u.i.k.p.r.p.StatisticsFile Running test ConditionalConfidential_nomacro 
743718     INFO  Test worker     d.u.i.k.p.r.p.StatisticsFile Returning from test ConditionalConfidential_nomacro 
743719     INFO  Test worker     d.u.i.k.p.r.p.StatisticsFile Running test SumExample_nomacro 
314        INFO  Timeout watchdog d.u.i.k.p.r.p.ForkedTestFileRunner Timeout watcher launched (1000 secs.) 
317        WARN  main            d.u.i.k.s.ProofSettings   The settings in /home/runner/.key/proof-settings.props are *not* read. 
340        INFO  main            d.u.i.k.p.r.p.TestFile    Now processing file /home/runner/work/key/key/key.core/../key.ui/examples/InformationFlow/Sum/SumExample(SumExample__getSum()).Non-interference contract.0.key 
442        INFO  main            d.u.i.k.p.i.AbstractProblemLoader Loading environment from /home/runner/work/key/key/key.core/../key.ui/examples/InformationFlow/Sum/SumExample(SumExample__getSum()).Non-interference contract.0.key 
475        DEBUG main            d.u.i.k.p.i.AbstractProblemLoader Environment load took 2.03ms 
753        INFO  main            d.u.i.k.p.i.AbstractProblemLoader Creating init config 
1740       DEBUG main            d.u.i.k.j.TypeConverter   No LDT found for Meta 
1741       DEBUG main            d.u.i.k.j.TypeConverter   No LDT found for Meta 
1744       DEBUG main            d.u.i.k.j.TypeConverter   No LDT found for Meta 
1744       DEBUG main            d.u.i.k.j.TypeConverter   No LDT found for Meta 
3208       DEBUG main            d.u.i.k.j.TypeConverter   No LDT found for JavaBigintExpression 
8724       DEBUG main            d.u.i.k.p.i.AbstractProblemLoader Init config took 7.97s 
8858       INFO  main            d.u.i.k.p.i.AbstractProblemLoader Replaying proof SumExample[SumExample::getSum()].Non-interference contract.0 
8923       DEBUG main            d.u.i.k.p.i.IntermediateProofReplayer Proof replay took 397.31ns 
12009      INFO  main            d.u.i.k.p.r.p.TestFile    ... finished proof: closed. 
756045     INFO  Test worker     d.u.i.k.p.r.p.StatisticsFile Returning from test SumExample_nomacro 
756048     INFO  Test worker     d.u.i.k.p.r.p.StatisticsFile Running test ToyBanking_nomacro 
362        INFO  Timeout watchdog d.u.i.k.p.r.p.ForkedTestFileRunner Timeout watcher launched (1000 secs.) 
383        WARN  main            d.u.i.k.s.ProofSettings   The settings in /home/runner/.key/proof-settings.props are *not* read. 
423        INFO  main            d.u.i.k.p.r.p.TestFile    Now processing file /home/runner/work/key/key/key.core/../key.ui/examples/InformationFlow/ToyBanking/banking_example.UserAccount(banking_example.UserAccount__getBankAccount(int)).Non-interference contract.0.key 
541        INFO  main            d.u.i.k.p.i.AbstractProblemLoader Loading environment from /home/runner/work/key/key/key.core/../key.ui/examples/InformationFlow/ToyBanking/banking_example.UserAccount(banking_example.UserAccount__getBankAccount(int)).Non-interference contract.0.key 
563        DEBUG main            d.u.i.k.p.i.AbstractProblemLoader Environment load took 1.81ms 
787        INFO  main            d.u.i.k.p.i.AbstractProblemLoader Creating init config 
1634       DEBUG main            d.u.i.k.j.TypeConverter   No LDT found for Meta 
1635       DEBUG main            d.u.i.k.j.TypeConverter   No LDT found for Meta 
1636       DEBUG main            d.u.i.k.j.TypeConverter   No LDT found for Meta 
1636       DEBUG main            d.u.i.k.j.TypeConverter   No LDT found for Meta 
3026       DEBUG main            d.u.i.k.j.TypeConverter   No LDT found for JavaBigintExpression 
8389       DEBUG main            d.u.i.k.p.i.AbstractProblemLoader Init config took 7.6s 
8650       INFO  main            d.u.i.k.p.i.AbstractProblemLoader Replaying proof banking_example.UserAccount[banking_example.UserAccount::getBankAccount(int)].Non-interference contract.0 
8730       DEBUG main            d.u.i.k.p.i.IntermediateProofReplayer Proof replay took 356.5ns 
12127      INFO  main            d.u.i.k.p.r.p.TestFile    ... finished proof: closed. 
12294      INFO  main            d.u.i.k.p.r.p.TestFile    Now processing file /home/runner/work/key/key/key.core/../key.ui/examples/InformationFlow/ToyBanking/banking_example.BankAccount(banking_example.BankAccount__depositMoney(int)).Non-interference contract.0.key 
12295      INFO  main            d.u.i.k.p.i.AbstractProblemLoader Loading environment from /home/runner/work/key/key/key.core/../key.ui/examples/InformationFlow/ToyBanking/banking_example.BankAccount(banking_example.BankAccount__depositMoney(int)).Non-interference contract.0.key 
12295      DEBUG main            d.u.i.k.p.i.AbstractProblemLoader Environment load took 654.11ns 
12299      INFO  main            d.u.i.k.p.i.AbstractProblemLoader Creating init config 
15411      DEBUG main            d.u.i.k.p.i.AbstractProblemLoader Init config took 3.11s 
15486      INFO  main            d.u.i.k.p.i.AbstractProblemLoader Replaying proof banking_example.BankAccount[banking_example.BankAccount::depositMoney(int)].Non-interference contract.0 
15491      DEBUG main            d.u.i.k.p.i.IntermediateProofReplayer Proof replay took 12.2ns 
16598      INFO  main            d.u.i.k.p.r.p.TestFile    ... finished proof: closed. 
16748      INFO  main            d.u.i.k.p.r.p.TestFile    Now processing file /home/runner/work/key/key/key.core/../key.ui/examples/InformationFlow/ToyBanking/banking_example.BankAccount(banking_example.BankAccount__getBalance()).Non-interference contract.0.key 
16748      INFO  main            d.u.i.k.p.i.AbstractProblemLoader Loading environment from /home/runner/work/key/key/key.core/../key.ui/examples/InformationFlow/ToyBanking/banking_example.BankAccount(banking_example.BankAccount__getBalance()).Non-interference contract.0.key 
16749      DEBUG main            d.u.i.k.p.i.AbstractProblemLoader Environment load took 76.2ns 
16751      INFO  main            d.u.i.k.p.i.AbstractProblemLoader Creating init config 
19684      DEBUG main            d.u.i.k.p.i.AbstractProblemLoader Init config took 2.93s 
19757      INFO  main            d.u.i.k.p.i.AbstractProblemLoader Replaying proof banking_example.BankAccount[banking_example.BankAccount::getBalance()].Non-interference contract.0 
19765      DEBUG main            d.u.i.k.p.i.IntermediateProofReplayer Proof replay took 12.4ns 
20069      INFO  main            d.u.i.k.p.r.p.TestFile    ... finished proof: closed. 
20212      INFO  main            d.u.i.k.p.r.p.TestFile    Now processing file /home/runner/work/key/key/key.core/../key.ui/examples/InformationFlow/ToyBanking/banking_example.BankAccount(banking_example.BankAccount__getId()).Non-interference contract.0.key 
20212      INFO  main            d.u.i.k.p.i.AbstractProblemLoader Loading environment from /home/runner/work/key/key/key.core/../key.ui/examples/InformationFlow/ToyBanking/banking_example.BankAccount(banking_example.BankAccount__getId()).Non-interference contract.0.key 
20212      DEBUG main            d.u.i.k.p.i.AbstractProblemLoader Environment load took 80ns 
20214      INFO  main            d.u.i.k.p.i.AbstractProblemLoader Creating init config 
23122      DEBUG main            d.u.i.k.p.i.AbstractProblemLoader Init config took 2.91s 
23188      INFO  main            d.u.i.k.p.i.AbstractProblemLoader Replaying proof banking_example.BankAccount[banking_example.BankAccount::getId()].Non-interference contract.0 
23192      DEBUG main            d.u.i.k.p.i.IntermediateProofReplayer Proof replay took 12.8ns 
23495      INFO  main            d.u.i.k.p.r.p.TestFile    ... finished proof: closed. 
23646      INFO  main            d.u.i.k.p.r.p.TestFile    Now processing file /home/runner/work/key/key/key.core/../key.ui/examples/InformationFlow/ToyBanking/banking_example.Bank(banking_example.Bank__login(int,(C)).Non-interference contract.0.key 
23646      INFO  main            d.u.i.k.p.i.AbstractProblemLoader Loading environment from /home/runner/work/key/key/key.core/../key.ui/examples/InformationFlow/ToyBanking/banking_example.Bank(banking_example.Bank__login(int,(C)).Non-interference contract.0.key 
23646      DEBUG main            d.u.i.k.p.i.AbstractProblemLoader Environment load took 66.8ns 
23648      INFO  main            d.u.i.k.p.i.AbstractProblemLoader Creating init config 
26553      DEBUG main            d.u.i.k.p.i.AbstractProblemLoader Init config took 2.91s 
26634      INFO  main            d.u.i.k.p.i.AbstractProblemLoader Replaying proof banking_example.Bank[banking_example.Bank::login(int,[C)].Non-interference contract.0 
26637      DEBUG main            d.u.i.k.p.i.IntermediateProofReplayer Proof replay took 13.7ns 
58187      INFO  main            d.u.i.k.p.r.p.TestFile    ... finished proof: open goal(s) 
58455      INFO  main            d.u.i.k.p.r.p.TestFile    Now processing file /home/runner/work/key/key/key.core/../key.ui/examples/InformationFlow/ToyBanking/banking_example2.UserAccount(banking_example2.UserAccount__getBankAccount(int)).Non-interference contract.0.key 
58456      INFO  main            d.u.i.k.p.i.AbstractProblemLoader Loading environment from /home/runner/work/key/key/key.core/../key.ui/examples/InformationFlow/ToyBanking/banking_example2.UserAccount(banking_example2.UserAccount__getBankAccount(int)).Non-interference contract.0.key 
58456      DEBUG main            d.u.i.k.p.i.AbstractProblemLoader Environment load took 145.4ns 
58459      INFO  main            d.u.i.k.p.i.AbstractProblemLoader Creating init config 
61268      DEBUG main            d.u.i.k.p.i.AbstractProblemLoader Init config took 2.81s 
61376      INFO  main            d.u.i.k.p.i.AbstractProblemLoader Replaying proof banking_example2.UserAccount[banking_example2.UserAccount::getBankAccount(int)].Non-interference contract.0 
61381      DEBUG main            d.u.i.k.p.i.IntermediateProofReplayer Proof replay took 12ns 
63093      INFO  main            d.u.i.k.p.r.p.TestFile    ... finished proof: closed. 
63393      INFO  main            d.u.i.k.p.r.p.TestFile    Now processing file /home/runner/work/key/key/key.core/../key.ui/examples/InformationFlow/ToyBanking/banking_example2.BankAccount(banking_example2.BankAccount__depositMoney(int)).Non-interference contract.0.key 
63393      INFO  main            d.u.i.k.p.i.AbstractProblemLoader Loading environment from /home/runner/work/key/key/key.core/../key.ui/examples/InformationFlow/ToyBanking/banking_example2.BankAccount(banking_example2.BankAccount__depositMoney(int)).Non-interference contract.0.key 
63393      DEBUG main            d.u.i.k.p.i.AbstractProblemLoader Environment load took 86.1ns 
63394      INFO  main            d.u.i.k.p.i.AbstractProblemLoader Creating init config 
66021      DEBUG main            d.u.i.k.p.i.AbstractProblemLoader Init config took 2.63s 
66092      INFO  main            d.u.i.k.p.i.AbstractProblemLoader Replaying proof banking_example2.BankAccount[banking_example2.BankAccount::depositMoney(int)].Non-interference contract.0 
66095      DEBUG main            d.u.i.k.p.i.IntermediateProofReplayer Proof replay took 12.9ns 
66903      INFO  main            d.u.i.k.p.r.p.TestFile    ... finished proof: closed. 
67087      INFO  main            d.u.i.k.p.r.p.TestFile    Now processing file /home/runner/work/key/key/key.core/../key.ui/examples/InformationFlow/ToyBanking/banking_example2.BankAccount(banking_example2.BankAccount__getBalance()).Non-interference contract.0.key 
67087      INFO  main            d.u.i.k.p.i.AbstractProblemLoader Loading environment from /home/runner/work/key/key/key.core/../key.ui/examples/InformationFlow/ToyBanking/banking_example2.BankAccount(banking_example2.BankAccount__getBalance()).Non-interference contract.0.key 
67087      DEBUG main            d.u.i.k.p.i.AbstractProblemLoader Environment load took 66.3ns 
67089      INFO  main            d.u.i.k.p.i.AbstractProblemLoader Creating init config 
69764      DEBUG main            d.u.i.k.p.i.AbstractProblemLoader Init config took 2.67s 
69815      INFO  main            d.u.i.k.p.i.AbstractProblemLoader Replaying proof banking_example2.BankAccount[banking_example2.BankAccount::getBalance()].Non-interference contract.0 
69818      DEBUG main            d.u.i.k.p.i.IntermediateProofReplayer Proof replay took 11.1ns 
70120      INFO  main            d.u.i.k.p.r.p.TestFile    ... finished proof: closed. 
70281      INFO  main            d.u.i.k.p.r.p.TestFile    Now processing file /home/runner/work/key/key/key.core/../key.ui/examples/InformationFlow/ToyBanking/banking_example2.BankAccount(banking_example2.BankAccount__getId()).Non-interference contract.0.key 
70281      INFO  main            d.u.i.k.p.i.AbstractProblemLoader Loading environment from /home/runner/work/key/key/key.core/../key.ui/examples/InformationFlow/ToyBanking/banking_example2.BankAccount(banking_example2.BankAccount__getId()).Non-interference contract.0.key 
70282      DEBUG main            d.u.i.k.p.i.AbstractProblemLoader Environment load took 84.6ns 
70283      INFO  main            d.u.i.k.p.i.AbstractProblemLoader Creating init config 
72966      DEBUG main            d.u.i.k.p.i.AbstractProblemLoader Init config took 2.68s 
73015      INFO  main            d.u.i.k.p.i.AbstractProblemLoader Replaying proof banking_example2.BankAccount[banking_example2.BankAccount::getId()].Non-interference contract.0 
73019      DEBUG main            d.u.i.k.p.i.IntermediateProofReplayer Proof replay took 12.1ns 
73321      INFO  main            d.u.i.k.p.r.p.TestFile    ... finished proof: closed. 
829672     INFO  Test worker     d.u.i.k.p.r.p.StatisticsFile Returning from test ToyBanking_nomacro 
829675     INFO  Test worker     d.u.i.k.p.r.p.StatisticsFile Running test BlockContracts_nomacro 
349        INFO  Timeout watchdog d.u.i.k.p.r.p.ForkedTestFileRunner Timeout watcher launched (1000 secs.) 
361        WARN  main            d.u.i.k.s.ProofSettings   The settings in /home/runner/.key/proof-settings.props are *not* read. 
385        INFO  main            d.u.i.k.p.r.p.TestFile    Now processing file /home/runner/work/key/key/key.core/../key.ui/examples/InformationFlow/BlockContracts/contract.IFBlockExamples(contract.IFBlockExamples__secure_5()).Non-interference contract.0.key 
503        INFO  main            d.u.i.k.p.i.AbstractProblemLoader Loading environment from /home/runner/work/key/key/key.core/../key.ui/examples/InformationFlow/BlockContracts/contract.IFBlockExamples(contract.IFBlockExamples__secure_5()).Non-interference contract.0.key 
533        DEBUG main            d.u.i.k.p.i.AbstractProblemLoader Environment load took 4.03ms 
802        INFO  main            d.u.i.k.p.i.AbstractProblemLoader Creating init config 
1728       DEBUG main            d.u.i.k.j.TypeConverter   No LDT found for Meta 
1729       DEBUG main            d.u.i.k.j.TypeConverter   No LDT found for Meta 
1730       DEBUG main            d.u.i.k.j.TypeConverter   No LDT found for Meta 
1730       DEBUG main            d.u.i.k.j.TypeConverter   No LDT found for Meta 
2971       DEBUG main            d.u.i.k.j.TypeConverter   No LDT found for JavaBigintExpression 
8097       DEBUG main            d.u.i.k.p.i.AbstractProblemLoader Init config took 7.29s 
8240       INFO  main            d.u.i.k.p.i.AbstractProblemLoader Replaying proof contract.IFBlockExamples[contract.IFBlockExamples::secure_5()].Non-interference contract.0 
8308       DEBUG main            d.u.i.k.p.i.IntermediateProofReplayer Proof replay took 368.81ns 
9646       INFO  main            d.u.i.k.p.r.p.TestFile    ... finished proof: closed. 
9789       INFO  main            d.u.i.k.p.r.p.TestFile    Now processing file /home/runner/work/key/key/key.core/../key.ui/examples/InformationFlow/BlockContracts/contract.IFBlockExamples(contract.IFBlockExamples__block_no_return_secure(int)).Non-interference contract.0.key 
9791       INFO  main            d.u.i.k.p.i.AbstractProblemLoader Loading environment from /home/runner/work/key/key/key.core/../key.ui/examples/InformationFlow/BlockContracts/contract.IFBlockExamples(contract.IFBlockExamples__block_no_return_secure(int)).Non-interference contract.0.key 
9792       DEBUG main            d.u.i.k.p.i.AbstractProblemLoader Environment load took 1.52ms 
9795       INFO  main            d.u.i.k.p.i.AbstractProblemLoader Creating init config 
12786      DEBUG main            d.u.i.k.p.i.AbstractProblemLoader Init config took 2.99s 
12883      INFO  main            d.u.i.k.p.i.AbstractProblemLoader Replaying proof contract.IFBlockExamples[contract.IFBlockExamples::block_no_return_secure(int)].Non-interference contract.0 
12893      DEBUG main            d.u.i.k.p.i.IntermediateProofReplayer Proof replay took 15.9ns 
13616      INFO  main            d.u.i.k.p.r.p.TestFile    ... finished proof: closed. 
13777      INFO  main            d.u.i.k.p.r.p.TestFile    Now processing file /home/runner/work/key/key/key.core/../key.ui/examples/InformationFlow/BlockContracts/contract.IFBlockExamples(contract.IFBlockExamples__while_block_insecure(int)).Non-interference contract.0.key 
13778      INFO  main            d.u.i.k.p.i.AbstractProblemLoader Loading environment from /home/runner/work/key/key/key.core/../key.ui/examples/InformationFlow/BlockContracts/contract.IFBlockExamples(contract.IFBlockExamples__while_block_insecure(int)).Non-interference contract.0.key 
13778      DEBUG main            d.u.i.k.p.i.AbstractProblemLoader Environment load took 145.7ns 
13779      INFO  main            d.u.i.k.p.i.AbstractProblemLoader Creating init config 
16657      DEBUG main            d.u.i.k.p.i.AbstractProblemLoader Init config took 2.88s 
16717      INFO  main            d.u.i.k.p.i.AbstractProblemLoader Replaying proof contract.IFBlockExamples[contract.IFBlockExamples::while_block_insecure(int)].Non-interference contract.0 
16721      DEBUG main            d.u.i.k.p.i.IntermediateProofReplayer Proof replay took 14.7ns 
18257      INFO  main            d.u.i.k.p.r.p.TestFile    ... finished proof: open goal(s) 
18415      INFO  main            d.u.i.k.p.r.p.TestFile    Now processing file /home/runner/work/key/key/key.core/../key.ui/examples/InformationFlow/BlockContracts/contract.IFBlockExamples(contract.IFBlockExamples__while_block_secure(int)).Non-interference contract.0.key 
18418      INFO  main            d.u.i.k.p.i.AbstractProblemLoader Loading environment from /home/runner/work/key/key/key.core/../key.ui/examples/InformationFlow/BlockContracts/contract.IFBlockExamples(contract.IFBlockExamples__while_block_secure(int)).Non-interference contract.0.key 
18418      DEBUG main            d.u.i.k.p.i.AbstractProblemLoader Environment load took 149.6ns 
18419      INFO  main            d.u.i.k.p.i.AbstractProblemLoader Creating init config 
21167      DEBUG main            d.u.i.k.p.i.AbstractProblemLoader Init config took 2.75s 
21235      INFO  main            d.u.i.k.p.i.AbstractProblemLoader Replaying proof contract.IFBlockExamples[contract.IFBlockExamples::while_block_secure(int)].Non-interference contract.0 
21240      DEBUG main            d.u.i.k.p.i.IntermediateProofReplayer Proof replay took 13.3ns 
22447      INFO  main            d.u.i.k.p.r.p.TestFile    ... finished proof: closed. 
22628      INFO  main            d.u.i.k.p.r.p.TestFile    Now processing file /home/runner/work/key/key/key.core/../key.ui/examples/InformationFlow/BlockContracts/contract.IFBlockExamples(contract.IFBlockExamples__block_while_secure(int)).Non-interference contract.0.key 
22628      INFO  main            d.u.i.k.p.i.AbstractProblemLoader Loading environment from /home/runner/work/key/key/key.core/../key.ui/examples/InformationFlow/BlockContracts/contract.IFBlockExamples(contract.IFBlockExamples__block_while_secure(int)).Non-interference contract.0.key 
22629      DEBUG main            d.u.i.k.p.i.AbstractProblemLoader Environment load took 81ns 
22630      INFO  main            d.u.i.k.p.i.AbstractProblemLoader Creating init config 
25378      DEBUG main            d.u.i.k.p.i.AbstractProblemLoader Init config took 2.75s 
25426      INFO  main            d.u.i.k.p.i.AbstractProblemLoader Replaying proof contract.IFBlockExamples[contract.IFBlockExamples::block_while_secure(int)].Non-interference contract.0 
25430      DEBUG main            d.u.i.k.p.i.IntermediateProofReplayer Proof replay took 28.6ns 
26837      INFO  main            d.u.i.k.p.r.p.TestFile    ... finished proof: closed. 
27052      INFO  main            d.u.i.k.p.r.p.TestFile    Now processing file /home/runner/work/key/key/key.core/../key.ui/examples/InformationFlow/BlockContracts/contract.IFBlockExamples(contract.IFBlockExamples__insecure_4(int)).Non-interference contract.0.key 
27052      INFO  main            d.u.i.k.p.i.AbstractProblemLoader Loading environment from /home/runner/work/key/key/key.core/../key.ui/examples/InformationFlow/BlockContracts/contract.IFBlockExamples(contract.IFBlockExamples__insecure_4(int)).Non-interference contract.0.key 
27052      DEBUG main            d.u.i.k.p.i.AbstractProblemLoader Environment load took 110.8ns 
27054      INFO  main            d.u.i.k.p.i.AbstractProblemLoader Creating init config 
29698      DEBUG main            d.u.i.k.p.i.AbstractProblemLoader Init config took 2.64s 
29744      INFO  main            d.u.i.k.p.i.AbstractProblemLoader Replaying proof contract.IFBlockExamples[contract.IFBlockExamples::insecure_4(int)].Non-interference contract.0 
29747      DEBUG main            d.u.i.k.p.i.IntermediateProofReplayer Proof replay took 13.9ns 
31679      INFO  main            d.u.i.k.p.r.p.TestFile    ... finished proof: open goal(s) 
31905      INFO  main            d.u.i.k.p.r.p.TestFile    Now processing file /home/runner/work/key/key/key.core/../key.ui/examples/InformationFlow/BlockContracts/contract.IFBlockExamples(contract.IFBlockExamples__insecure_3(int)).Non-interference contract.0.key 
31905      INFO  main            d.u.i.k.p.i.AbstractProblemLoader Loading environment from /home/runner/work/key/key/key.core/../key.ui/examples/InformationFlow/BlockContracts/contract.IFBlockExamples(contract.IFBlockExamples__insecure_3(int)).Non-interference contract.0.key 
31905      DEBUG main            d.u.i.k.p.i.AbstractProblemLoader Environment load took 78.7ns 
31908      INFO  main            d.u.i.k.p.i.AbstractProblemLoader Creating init config 
34601      DEBUG main            d.u.i.k.p.i.AbstractProblemLoader Init config took 2.69s 
34648      INFO  main            d.u.i.k.p.i.AbstractProblemLoader Replaying proof contract.IFBlockExamples[contract.IFBlockExamples::insecure_3(int)].Non-interference contract.0 
34652      DEBUG main            d.u.i.k.p.i.IntermediateProofReplayer Proof replay took 15.1ns 
36550      INFO  main            d.u.i.k.p.r.p.TestFile    ... finished proof: open goal(s) 
36774      INFO  main            d.u.i.k.p.r.p.TestFile    Now processing file /home/runner/work/key/key/key.core/../key.ui/examples/InformationFlow/BlockContracts/contract.IFBlockExamples(contract.IFBlockExamples__secure_3(int)).Non-interference contract.0.key 
36774      INFO  main            d.u.i.k.p.i.AbstractProblemLoader Loading environment from /home/runner/work/key/key/key.core/../key.ui/examples/InformationFlow/BlockContracts/contract.IFBlockExamples(contract.IFBlockExamples__secure_3(int)).Non-interference contract.0.key 
36775      DEBUG main            d.u.i.k.p.i.AbstractProblemLoader Environment load took 74.8ns 
36776      INFO  main            d.u.i.k.p.i.AbstractProblemLoader Creating init config 
39412      DEBUG main            d.u.i.k.p.i.AbstractProblemLoader Init config took 2.64s 
39458      INFO  main            d.u.i.k.p.i.AbstractProblemLoader Replaying proof contract.IFBlockExamples[contract.IFBlockExamples::secure_3(int)].Non-interference contract.0 
39461      DEBUG main            d.u.i.k.p.i.IntermediateProofReplayer Proof replay took 13.5ns 
41068      INFO  main            d.u.i.k.p.r.p.TestFile    ... finished proof: closed. 
41337      INFO  main            d.u.i.k.p.r.p.TestFile    Now processing file /home/runner/work/key/key/key.core/../key.ui/examples/InformationFlow/BlockContracts/contract.IFBlockExamples(contract.IFBlockExamples__secure_2(int)).Non-interference contract.0.key 
41337      INFO  main            d.u.i.k.p.i.AbstractProblemLoader Loading environment from /home/runner/work/key/key/key.core/../key.ui/examples/InformationFlow/BlockContracts/contract.IFBlockExamples(contract.IFBlockExamples__secure_2(int)).Non-interference contract.0.key 
41337      DEBUG main            d.u.i.k.p.i.AbstractProblemLoader Environment load took 69.7ns 
41338      INFO  main            d.u.i.k.p.i.AbstractProblemLoader Creating init config 
43943      DEBUG main            d.u.i.k.p.i.AbstractProblemLoader Init config took 2.6s 
43985      INFO  main            d.u.i.k.p.i.AbstractProblemLoader Replaying proof contract.IFBlockExamples[contract.IFBlockExamples::secure_2(int)].Non-interference contract.0 
43988      DEBUG main            d.u.i.k.p.i.IntermediateProofReplayer Proof replay took 13.8ns 
46026      INFO  main            d.u.i.k.p.r.p.TestFile    ... finished proof: closed. 
46296      INFO  main            d.u.i.k.p.r.p.TestFile    Now processing file /home/runner/work/key/key/key.core/../key.ui/examples/InformationFlow/BlockContracts/contract.IFBlockExamples(contract.IFBlockExamples__secure_8(int)).Non-interference contract.0.key 
46296      INFO  main            d.u.i.k.p.i.AbstractProblemLoader Loading environment from /home/runner/work/key/key/key.core/../key.ui/examples/InformationFlow/BlockContracts/contract.IFBlockExamples(contract.IFBlockExamples__secure_8(int)).Non-interference contract.0.key 
46297      DEBUG main            d.u.i.k.p.i.AbstractProblemLoader Environment load took 928.62ns 
46298      INFO  main            d.u.i.k.p.i.AbstractProblemLoader Creating init config 
48871      DEBUG main            d.u.i.k.p.i.AbstractProblemLoader Init config took 2.57s 
48914      INFO  main            d.u.i.k.p.i.AbstractProblemLoader Replaying proof contract.IFBlockExamples[contract.IFBlockExamples::secure_8(int)].Non-interference contract.0 
48916      DEBUG main            d.u.i.k.p.i.IntermediateProofReplayer Proof replay took 14.7ns 
49523      INFO  main            d.u.i.k.p.r.p.TestFile    ... finished proof: closed. 
49744      INFO  main            d.u.i.k.p.r.p.TestFile    Now processing file /home/runner/work/key/key/key.core/../key.ui/examples/InformationFlow/BlockContracts/contract.IFBlockExamples(contract.IFBlockExamples__secure_7(int)).Non-interference contract.0.key 
49744      INFO  main            d.u.i.k.p.i.AbstractProblemLoader Loading environment from /home/runner/work/key/key/key.core/../key.ui/examples/InformationFlow/BlockContracts/contract.IFBlockExamples(contract.IFBlockExamples__secure_7(int)).Non-interference contract.0.key 
49744      DEBUG main            d.u.i.k.p.i.AbstractProblemLoader Environment load took 73.8ns 
49745      INFO  main            d.u.i.k.p.i.AbstractProblemLoader Creating init config 
52322      DEBUG main            d.u.i.k.p.i.AbstractProblemLoader Init config took 2.58s 
52364      INFO  main            d.u.i.k.p.i.AbstractProblemLoader Replaying proof contract.IFBlockExamples[contract.IFBlockExamples::secure_7(int)].Non-interference contract.0 
52367      DEBUG main            d.u.i.k.p.i.IntermediateProofReplayer Proof replay took 15.1ns 
52771      INFO  main            d.u.i.k.p.r.p.TestFile    ... finished proof: closed. 
52945      INFO  main            d.u.i.k.p.r.p.TestFile    Now processing file /home/runner/work/key/key/key.core/../key.ui/examples/InformationFlow/BlockContracts/contract.IFBlockExamples(contract.IFBlockExamples__secure_6(int)).Non-interference contract.0.key 
52946      INFO  main            d.u.i.k.p.i.AbstractProblemLoader Loading environment from /home/runner/work/key/key/key.core/../key.ui/examples/InformationFlow/BlockContracts/contract.IFBlockExamples(contract.IFBlockExamples__secure_6(int)).Non-interference contract.0.key 
52946      DEBUG main            d.u.i.k.p.i.AbstractProblemLoader Environment load took 67.1ns 
52947      INFO  main            d.u.i.k.p.i.AbstractProblemLoader Creating init config 
55538      DEBUG main            d.u.i.k.p.i.AbstractProblemLoader Init config took 2.59s 
55579      INFO  main            d.u.i.k.p.i.AbstractProblemLoader Replaying proof contract.IFBlockExamples[contract.IFBlockExamples::secure_6(int)].Non-interference contract.0 
55581      DEBUG main            d.u.i.k.p.i.IntermediateProofReplayer Proof replay took 15.6ns 
55986      INFO  main            d.u.i.k.p.r.p.TestFile    ... finished proof: closed. 
56181      INFO  main            d.u.i.k.p.r.p.TestFile    Now processing file /home/runner/work/key/key/key.core/../key.ui/examples/InformationFlow/BlockContracts/contract.IFBlockExamples(contract.IFBlockExamples__insecure_1(int)).Non-interference contract.0.key 
56181      INFO  main            d.u.i.k.p.i.AbstractProblemLoader Loading environment from /home/runner/work/key/key/key.core/../key.ui/examples/InformationFlow/BlockContracts/contract.IFBlockExamples(contract.IFBlockExamples__insecure_1(int)).Non-interference contract.0.key 
56181      DEBUG main            d.u.i.k.p.i.AbstractProblemLoader Environment load took 73.5ns 
56183      INFO  main            d.u.i.k.p.i.AbstractProblemLoader Creating init config 
58756      DEBUG main            d.u.i.k.p.i.AbstractProblemLoader Init config took 2.57s 
58796      INFO  main            d.u.i.k.p.i.AbstractProblemLoader Replaying proof contract.IFBlockExamples[contract.IFBlockExamples::insecure_1(int)].Non-interference contract.0 
58799      DEBUG main            d.u.i.k.p.i.IntermediateProofReplayer Proof replay took 14.5ns 
59308      INFO  main            d.u.i.k.p.r.p.TestFile    ... finished proof: open goal(s) 
59494      INFO  main            d.u.i.k.p.r.p.TestFile    Now processing file /home/runner/work/key/key/key.core/../key.ui/examples/InformationFlow/BlockContracts/contract.IFBlockExamples(contract.IFBlockExamples__secure_4(int)).Non-interference contract.0.key 
59494      INFO  main            d.u.i.k.p.i.AbstractProblemLoader Loading environment from /home/runner/work/key/key/key.core/../key.ui/examples/InformationFlow/BlockContracts/contract.IFBlockExamples(contract.IFBlockExamples__secure_4(int)).Non-interference contract.0.key 
59494      DEBUG main            d.u.i.k.p.i.AbstractProblemLoader Environment load took 70.4ns 
59496      INFO  main            d.u.i.k.p.i.AbstractProblemLoader Creating init config 
62138      DEBUG main            d.u.i.k.p.i.AbstractProblemLoader Init config took 2.64s 
62181      INFO  main            d.u.i.k.p.i.AbstractProblemLoader Replaying proof contract.IFBlockExamples[contract.IFBlockExamples::secure_4(int)].Non-interference contract.0 
62184      DEBUG main            d.u.i.k.p.i.IntermediateProofReplayer Proof replay took 15.9ns 
62790      INFO  main            d.u.i.k.p.r.p.TestFile    ... finished proof: closed. 
63050      INFO  main            d.u.i.k.p.r.p.TestFile    Now processing file /home/runner/work/key/key/key.core/../key.ui/examples/InformationFlow/BlockContracts/contract.IFBlockExamples(contract.IFBlockExamples__secure_1(int)).Non-interference contract.0.key 
63051      INFO  main            d.u.i.k.p.i.AbstractProblemLoader Loading environment from /home/runner/work/key/key/key.core/../key.ui/examples/InformationFlow/BlockContracts/contract.IFBlockExamples(contract.IFBlockExamples__secure_1(int)).Non-interference contract.0.key 
63051      DEBUG main            d.u.i.k.p.i.AbstractProblemLoader Environment load took 67.3ns 
63052      INFO  main            d.u.i.k.p.i.AbstractProblemLoader Creating init config 
65677      DEBUG main            d.u.i.k.p.i.AbstractProblemLoader Init config took 2.62s 
65714      INFO  main            d.u.i.k.p.i.AbstractProblemLoader Replaying proof contract.IFBlockExamples[contract.IFBlockExamples::secure_1(int)].Non-interference contract.0 
65717      DEBUG main            d.u.i.k.p.i.IntermediateProofReplayer Proof replay took 16.2ns 
66423      INFO  main            d.u.i.k.p.r.p.TestFile    ... finished proof: closed. 
66644      INFO  main            d.u.i.k.p.r.p.TestFile    Now processing file /home/runner/work/key/key/key.core/../key.ui/examples/InformationFlow/BlockContracts/contract.IFEfficiencyExamples(contract.IFEfficiencyExamples__mWithoutBlockContract()).Non-interference contract.0.key 
66645      INFO  main            d.u.i.k.p.i.AbstractProblemLoader Loading environment from /home/runner/work/key/key/key.core/../key.ui/examples/InformationFlow/BlockContracts/contract.IFEfficiencyExamples(contract.IFEfficiencyExamples__mWithoutBlockContract()).Non-interference contract.0.key 
66645      DEBUG main            d.u.i.k.p.i.AbstractProblemLoader Environment load took 78.7ns 
66646      INFO  main            d.u.i.k.p.i.AbstractProblemLoader Creating init config 
69207      DEBUG main            d.u.i.k.p.i.AbstractProblemLoader Init config took 2.56s 
69250      INFO  main            d.u.i.k.p.i.AbstractProblemLoader Replaying proof contract.IFEfficiencyExamples[contract.IFEfficiencyExamples::mWithoutBlockContract()].Non-interference contract.0 
69254      DEBUG main            d.u.i.k.p.i.IntermediateProofReplayer Proof replay took 14ns 
71908      INFO  main            d.u.i.k.p.r.p.TestFile    ... finished proof: closed. 
72149      INFO  main            d.u.i.k.p.r.p.TestFile    Now processing file /home/runner/work/key/key/key.core/../key.ui/examples/InformationFlow/BlockContracts/contract.IFEfficiencyExamples(contract.IFEfficiencyExamples__mWithBlockContract()).Non-interference contract.0.key 
72150      INFO  main            d.u.i.k.p.i.AbstractProblemLoader Loading environment from /home/runner/work/key/key/key.core/../key.ui/examples/InformationFlow/BlockContracts/contract.IFEfficiencyExamples(contract.IFEfficiencyExamples__mWithBlockContract()).Non-interference contract.0.key 
72150      DEBUG main            d.u.i.k.p.i.AbstractProblemLoader Environment load took 69.3ns 
72151      INFO  main            d.u.i.k.p.i.AbstractProblemLoader Creating init config 
74731      DEBUG main            d.u.i.k.p.i.AbstractProblemLoader Init config took 2.58s 
74767      INFO  main            d.u.i.k.p.i.AbstractProblemLoader Replaying proof contract.IFEfficiencyExamples[contract.IFEfficiencyExamples::mWithBlockContract()].Non-interference contract.0 
74770      DEBUG main            d.u.i.k.p.i.IntermediateProofReplayer Proof replay took 13.8ns 
76904      INFO  main            d.u.i.k.p.r.p.TestFile    ... finished proof: closed. 
906990     INFO  Test worker     d.u.i.k.p.r.p.StatisticsFile Returning from test BlockContracts_nomacro 
906992     INFO  Test worker     d.u.i.k.p.r.p.StatisticsFile Running test MethodContracts_nomacro 
400        INFO  Timeout watchdog d.u.i.k.p.r.p.ForkedTestFileRunner Timeout watcher launched (1000 secs.) 
411        WARN  main            d.u.i.k.s.ProofSettings   The settings in /home/runner/.key/proof-settings.props are *not* read. 
436        INFO  main            d.u.i.k.p.r.p.TestFile    Now processing file /home/runner/work/key/key/key.core/../key.ui/examples/InformationFlow/MethodContracts/contract.IFMethodContract(contract.IFMethodContract__secure_recursion_2((I,int)).Non-interference contract.0.key 
534        INFO  main            d.u.i.k.p.i.AbstractProblemLoader Loading environment from /home/runner/work/key/key/key.core/../key.ui/examples/InformationFlow/MethodContracts/contract.IFMethodContract(contract.IFMethodContract__secure_recursion_2((I,int)).Non-interference contract.0.key 
559        DEBUG main            d.u.i.k.p.i.AbstractProblemLoader Environment load took 1.97ms 
775        INFO  main            d.u.i.k.p.i.AbstractProblemLoader Creating init config 
1785       DEBUG main            d.u.i.k.j.TypeConverter   No LDT found for Meta 
1785       DEBUG main            d.u.i.k.j.TypeConverter   No LDT found for Meta 
1788       DEBUG main            d.u.i.k.j.TypeConverter   No LDT found for Meta 
1788       DEBUG main            d.u.i.k.j.TypeConverter   No LDT found for Meta 
2983       DEBUG main            d.u.i.k.j.TypeConverter   No LDT found for JavaBigintExpression 
8050       DEBUG main            d.u.i.k.p.i.AbstractProblemLoader Init config took 7.28s 
8225       INFO  main            d.u.i.k.p.i.AbstractProblemLoader Replaying proof contract.IFMethodContract[contract.IFMethodContract::secure_recursion_2([I,int)].Non-interference contract.0 
8303       DEBUG main            d.u.i.k.p.i.IntermediateProofReplayer Proof replay took 383.11ns 
11961      INFO  main            d.u.i.k.p.r.p.TestFile    ... finished proof: closed. 
12118      INFO  main            d.u.i.k.p.r.p.TestFile    Now processing file /home/runner/work/key/key/key.core/../key.ui/examples/InformationFlow/MethodContracts/contract.IFMethodContract(contract.IFMethodContract__secure_recursion(int)).Non-interference contract.0.key 
12118      INFO  main            d.u.i.k.p.i.AbstractProblemLoader Loading environment from /home/runner/work/key/key/key.core/../key.ui/examples/InformationFlow/MethodContracts/contract.IFMethodContract(contract.IFMethodContract__secure_recursion(int)).Non-interference contract.0.key 
12118      DEBUG main            d.u.i.k.p.i.AbstractProblemLoader Environment load took 94.1ns 
12120      INFO  main            d.u.i.k.p.i.AbstractProblemLoader Creating init config 
15089      DEBUG main            d.u.i.k.p.i.AbstractProblemLoader Init config took 2.97s 
15168      INFO  main            d.u.i.k.p.i.AbstractProblemLoader Replaying proof contract.IFMethodContract[contract.IFMethodContract::secure_recursion(int)].Non-interference contract.0 
15173      DEBUG main            d.u.i.k.p.i.IntermediateProofReplayer Proof replay took 15.2ns 
15677      INFO  main            d.u.i.k.p.r.p.TestFile    ... finished proof: closed. 
15809      INFO  main            d.u.i.k.p.r.p.TestFile    Now processing file /home/runner/work/key/key/key.core/../key.ui/examples/InformationFlow/MethodContracts/contract.IFMethodContract(contract.IFMethodContract__secure_catch_exception()).Non-interference contract.0.key 
15809      INFO  main            d.u.i.k.p.i.AbstractProblemLoader Loading environment from /home/runner/work/key/key/key.core/../key.ui/examples/InformationFlow/MethodContracts/contract.IFMethodContract(contract.IFMethodContract__secure_catch_exception()).Non-interference contract.0.key 
15809      DEBUG main            d.u.i.k.p.i.AbstractProblemLoader Environment load took 92.2ns 
15813      INFO  main            d.u.i.k.p.i.AbstractProblemLoader Creating init config 
18583      DEBUG main            d.u.i.k.p.i.AbstractProblemLoader Init config took 2.77s 
18642      INFO  main            d.u.i.k.p.i.AbstractProblemLoader Replaying proof contract.IFMethodContract[contract.IFMethodContract::secure_catch_exception()].Non-interference contract.0 
18646      DEBUG main            d.u.i.k.p.i.IntermediateProofReplayer Proof replay took 11.8ns 
19050      INFO  main            d.u.i.k.p.r.p.TestFile    ... finished proof: closed. 
19179      INFO  main            d.u.i.k.p.r.p.TestFile    Now processing file /home/runner/work/key/key/key.core/../key.ui/examples/InformationFlow/MethodContracts/contract.IFMethodContract(contract.IFMethodContract__n6()).Non-interference contract.0.key 
19179      INFO  main            d.u.i.k.p.i.AbstractProblemLoader Loading environment from /home/runner/work/key/key/key.core/../key.ui/examples/InformationFlow/MethodContracts/contract.IFMethodContract(contract.IFMethodContract__n6()).Non-interference contract.0.key 
19179      DEBUG main            d.u.i.k.p.i.AbstractProblemLoader Environment load took 74.1ns 
19181      INFO  main            d.u.i.k.p.i.AbstractProblemLoader Creating init config 
21920      DEBUG main            d.u.i.k.p.i.AbstractProblemLoader Init config took 2.74s 
21970      INFO  main            d.u.i.k.p.i.AbstractProblemLoader Replaying proof contract.IFMethodContract[contract.IFMethodContract::n6()].Non-interference contract.0 
21974      DEBUG main            d.u.i.k.p.i.IntermediateProofReplayer Proof replay took 12.5ns 
22176      INFO  main            d.u.i.k.p.r.p.TestFile    ... finished proof: closed. 
22299      INFO  main            d.u.i.k.p.r.p.TestFile    Now processing file /home/runner/work/key/key/key.core/../key.ui/examples/InformationFlow/MethodContracts/contract.IFMethodContract(contract.IFMethodContract__secure_n6()).Non-interference contract.0.key 
22300      INFO  main            d.u.i.k.p.i.AbstractProblemLoader Loading environment from /home/runner/work/key/key/key.core/../key.ui/examples/InformationFlow/MethodContracts/contract.IFMethodContract(contract.IFMethodContract__secure_n6()).Non-interference contract.0.key 
22300      DEBUG main            d.u.i.k.p.i.AbstractProblemLoader Environment load took 125.6ns 
22301      INFO  main            d.u.i.k.p.i.AbstractProblemLoader Creating init config 
24958      DEBUG main            d.u.i.k.p.i.AbstractProblemLoader Init config took 2.66s 
25005      INFO  main            d.u.i.k.p.i.AbstractProblemLoader Replaying proof contract.IFMethodContract[contract.IFMethodContract::secure_n6()].Non-interference contract.0 
25009      DEBUG main            d.u.i.k.p.i.IntermediateProofReplayer Proof replay took 13.1ns 
25212      INFO  main            d.u.i.k.p.r.p.TestFile    ... finished proof: closed. 
25356      INFO  main            d.u.i.k.p.r.p.TestFile    Now processing file /home/runner/work/key/key/key.core/../key.ui/examples/InformationFlow/MethodContracts/contract.IFMethodContract(contract.IFMethodContract__secure_array_param((I,int)).Non-interference contract.0.key 
25356      INFO  main            d.u.i.k.p.i.AbstractProblemLoader Loading environment from /home/runner/work/key/key/key.core/../key.ui/examples/InformationFlow/MethodContracts/contract.IFMethodContract(contract.IFMethodContract__secure_array_param((I,int)).Non-interference contract.0.key 
25356      DEBUG main            d.u.i.k.p.i.AbstractProblemLoader Environment load took 68.3ns 
25358      INFO  main            d.u.i.k.p.i.AbstractProblemLoader Creating init config 
28032      DEBUG main            d.u.i.k.p.i.AbstractProblemLoader Init config took 2.67s 
28079      INFO  main            d.u.i.k.p.i.AbstractProblemLoader Replaying proof contract.IFMethodContract[contract.IFMethodContract::secure_array_param([I,int)].Non-interference contract.0 
28082      DEBUG main            d.u.i.k.p.i.IntermediateProofReplayer Proof replay took 12ns 
29088      INFO  main            d.u.i.k.p.r.p.TestFile    ... finished proof: closed. 
29235      INFO  main            d.u.i.k.p.r.p.TestFile    Now processing file /home/runner/work/key/key/key.core/../key.ui/examples/InformationFlow/MethodContracts/contract.IFMethodContract(contract.IFMethodContract__secure_assignment_0_n9()).Non-interference contract.0.key 
29235      INFO  main            d.u.i.k.p.i.AbstractProblemLoader Loading environment from /home/runner/work/key/key/key.core/../key.ui/examples/InformationFlow/MethodContracts/contract.IFMethodContract(contract.IFMethodContract__secure_assignment_0_n9()).Non-interference contract.0.key 
29235      DEBUG main            d.u.i.k.p.i.AbstractProblemLoader Environment load took 70.4ns 
29236      INFO  main            d.u.i.k.p.i.AbstractProblemLoader Creating init config 
31937      DEBUG main            d.u.i.k.p.i.AbstractProblemLoader Init config took 2.7s 
31984      INFO  main            d.u.i.k.p.i.AbstractProblemLoader Replaying proof contract.IFMethodContract[contract.IFMethodContract::secure_assignment_0_n9()].Non-interference contract.0 
31988      DEBUG main            d.u.i.k.p.i.IntermediateProofReplayer Proof replay took 12.5ns 
32190      INFO  main            d.u.i.k.p.r.p.TestFile    ... finished proof: closed. 
32337      INFO  main            d.u.i.k.p.r.p.TestFile    Now processing file /home/runner/work/key/key/key.core/../key.ui/examples/InformationFlow/MethodContracts/contract.IFMethodContract(contract.IFMethodContract__insecure_if_high_n5_n1()).Non-interference contract.0.key 
32338      INFO  main            d.u.i.k.p.i.AbstractProblemLoader Loading environment from /home/runner/work/key/key/key.core/../key.ui/examples/InformationFlow/MethodContracts/contract.IFMethodContract(contract.IFMethodContract__insecure_if_high_n5_n1()).Non-interference contract.0.key 
32338      DEBUG main            d.u.i.k.p.i.AbstractProblemLoader Environment load took 77.5ns 
32339      INFO  main            d.u.i.k.p.i.AbstractProblemLoader Creating init config 
35012      DEBUG main            d.u.i.k.p.i.AbstractProblemLoader Init config took 2.67s 
35074      INFO  main            d.u.i.k.p.i.AbstractProblemLoader Replaying proof contract.IFMethodContract[contract.IFMethodContract::insecure_if_high_n5_n1()].Non-interference contract.0 
35079      DEBUG main            d.u.i.k.p.i.IntermediateProofReplayer Proof replay took 13.2ns 
35789      INFO  main            d.u.i.k.p.r.p.TestFile    ... finished proof: open goal(s) 
35946      INFO  main            d.u.i.k.p.r.p.TestFile    Now processing file /home/runner/work/key/key/key.core/../key.ui/examples/InformationFlow/MethodContracts/contract.IFMethodContract(contract.IFMethodContract__n5(int)).Non-interference contract.0.key 
35946      INFO  main            d.u.i.k.p.i.AbstractProblemLoader Loading environment from /home/runner/work/key/key/key.core/../key.ui/examples/InformationFlow/MethodContracts/contract.IFMethodContract(contract.IFMethodContract__n5(int)).Non-interference contract.0.key 
35947      DEBUG main            d.u.i.k.p.i.AbstractProblemLoader Environment load took 81.3ns 
35948      INFO  main            d.u.i.k.p.i.AbstractProblemLoader Creating init config 
38563      DEBUG main            d.u.i.k.p.i.AbstractProblemLoader Init config took 2.61s 
38616      INFO  main            d.u.i.k.p.i.AbstractProblemLoader Replaying proof contract.IFMethodContract[contract.IFMethodContract::n5(int)].Non-interference contract.0 
38619      DEBUG main            d.u.i.k.p.i.IntermediateProofReplayer Proof replay took 14.8ns 
38725      INFO  main            d.u.i.k.p.r.p.TestFile    ... finished proof: closed. 
38922      INFO  main            d.u.i.k.p.r.p.TestFile    Now processing file /home/runner/work/key/key/key.core/../key.ui/examples/InformationFlow/MethodContracts/contract.IFMethodContract(contract.IFMethodContract__secure_if_high_n5_n1()).Non-interference contract.0.key 
38922      INFO  main            d.u.i.k.p.i.AbstractProblemLoader Loading environment from /home/runner/work/key/key/key.core/../key.ui/examples/InformationFlow/MethodContracts/contract.IFMethodContract(contract.IFMethodContract__secure_if_high_n5_n1()).Non-interference contract.0.key 
38922      DEBUG main            d.u.i.k.p.i.AbstractProblemLoader Environment load took 95.7ns 
38923      INFO  main            d.u.i.k.p.i.AbstractProblemLoader Creating init config 
41540      DEBUG main            d.u.i.k.p.i.AbstractProblemLoader Init config took 2.62s 
41586      INFO  main            d.u.i.k.p.i.AbstractProblemLoader Replaying proof contract.IFMethodContract[contract.IFMethodContract::secure_if_high_n5_n1()].Non-interference contract.0 
41589      DEBUG main            d.u.i.k.p.i.IntermediateProofReplayer Proof replay took 13.8ns 
42597      INFO  main            d.u.i.k.p.r.p.TestFile    ... finished proof: closed. 
42784      INFO  main            d.u.i.k.p.r.p.TestFile    Now processing file /home/runner/work/key/key/key.core/../key.ui/examples/InformationFlow/MethodContracts/contract.IFMethodContract(contract.IFMethodContract__secure_if_high_n1()).Non-interference contract.0.key 
42785      INFO  main            d.u.i.k.p.i.AbstractProblemLoader Loading environment from /home/runner/work/key/key/key.core/../key.ui/examples/InformationFlow/MethodContracts/contract.IFMethodContract(contract.IFMethodContract__secure_if_high_n1()).Non-interference contract.0.key 
42785      DEBUG main            d.u.i.k.p.i.AbstractProblemLoader Environment load took 75.6ns 
42787      INFO  main            d.u.i.k.p.i.AbstractProblemLoader Creating init config 
45422      DEBUG main            d.u.i.k.p.i.AbstractProblemLoader Init config took 2.64s 
45467      INFO  main            d.u.i.k.p.i.AbstractProblemLoader Replaying proof contract.IFMethodContract[contract.IFMethodContract::secure_if_high_n1()].Non-interference contract.0 
45470      DEBUG main            d.u.i.k.p.i.IntermediateProofReplayer Proof replay took 14.3ns 
46074      INFO  main            d.u.i.k.p.r.p.TestFile    ... finished proof: closed. 
46236      INFO  main            d.u.i.k.p.r.p.TestFile    Now processing file /home/runner/work/key/key/key.core/../key.ui/examples/InformationFlow/MethodContracts/contract.IFMethodContract(contract.IFMethodContract__secure_n5()).Non-interference contract.0.key 
46236      INFO  main            d.u.i.k.p.i.AbstractProblemLoader Loading environment from /home/runner/work/key/key/key.core/../key.ui/examples/InformationFlow/MethodContracts/contract.IFMethodContract(contract.IFMethodContract__secure_n5()).Non-interference contract.0.key 
46236      DEBUG main            d.u.i.k.p.i.AbstractProblemLoader Environment load took 85.2ns 
46237      INFO  main            d.u.i.k.p.i.AbstractProblemLoader Creating init config 
48834      DEBUG main            d.u.i.k.p.i.AbstractProblemLoader Init config took 2.6s 
48874      INFO  main            d.u.i.k.p.i.AbstractProblemLoader Replaying proof contract.IFMethodContract[contract.IFMethodContract::secure_n5()].Non-interference contract.0 
48877      DEBUG main            d.u.i.k.p.i.IntermediateProofReplayer Proof replay took 13.6ns 
49080      INFO  main            d.u.i.k.p.r.p.TestFile    ... finished proof: closed. 
49236      INFO  main            d.u.i.k.p.r.p.TestFile    Now processing file /home/runner/work/key/key/key.core/../key.ui/examples/InformationFlow/MethodContracts/contract.IFMethodContract(contract.IFMethodContract__n4()).Non-interference contract.0.key 
49236      INFO  main            d.u.i.k.p.i.AbstractProblemLoader Loading environment from /home/runner/work/key/key/key.core/../key.ui/examples/InformationFlow/MethodContracts/contract.IFMethodContract(contract.IFMethodContract__n4()).Non-interference contract.0.key 
49236      DEBUG main            d.u.i.k.p.i.AbstractProblemLoader Environment load took 75ns 
49237      INFO  main            d.u.i.k.p.i.AbstractProblemLoader Creating init config 
51839      DEBUG main            d.u.i.k.p.i.AbstractProblemLoader Init config took 2.6s 
51888      INFO  main            d.u.i.k.p.i.AbstractProblemLoader Replaying proof contract.IFMethodContract[contract.IFMethodContract::n4()].Non-interference contract.0 
51891      DEBUG main            d.u.i.k.p.i.IntermediateProofReplayer Proof replay took 13.2ns 
52098      INFO  main            d.u.i.k.p.r.p.TestFile    ... finished proof: closed. 
52261      INFO  main            d.u.i.k.p.r.p.TestFile    Now processing file /home/runner/work/key/key/key.core/../key.ui/examples/InformationFlow/MethodContracts/contract.IFMethodContract(contract.IFMethodContract__n3()).Non-interference contract.0.key 
52261      INFO  main            d.u.i.k.p.i.AbstractProblemLoader Loading environment from /home/runner/work/key/key/key.core/../key.ui/examples/InformationFlow/MethodContracts/contract.IFMethodContract(contract.IFMethodContract__n3()).Non-interference contract.0.key 
52261      DEBUG main            d.u.i.k.p.i.AbstractProblemLoader Environment load took 64.6ns 
52262      INFO  main            d.u.i.k.p.i.AbstractProblemLoader Creating init config 
54860      DEBUG main            d.u.i.k.p.i.AbstractProblemLoader Init config took 2.6s 
54901      INFO  main            d.u.i.k.p.i.AbstractProblemLoader Replaying proof contract.IFMethodContract[contract.IFMethodContract::n3()].Non-interference contract.0 
54903      DEBUG main            d.u.i.k.p.i.IntermediateProofReplayer Proof replay took 13.6ns 
55005      INFO  main            d.u.i.k.p.r.p.TestFile    ... finished proof: closed. 
55168      INFO  main            d.u.i.k.p.r.p.TestFile    Now processing file /home/runner/work/key/key/key.core/../key.ui/examples/InformationFlow/MethodContracts/contract.IFMethodContract(contract.IFMethodContract__secure_sequential_n3_precond_n4()).Non-interference contract.0.key 
55168      INFO  main            d.u.i.k.p.i.AbstractProblemLoader Loading environment from /home/runner/work/key/key/key.core/../key.ui/examples/InformationFlow/MethodContracts/contract.IFMethodContract(contract.IFMethodContract__secure_sequential_n3_precond_n4()).Non-interference contract.0.key 
55168      DEBUG main            d.u.i.k.p.i.AbstractProblemLoader Environment load took 67ns 
55170      INFO  main            d.u.i.k.p.i.AbstractProblemLoader Creating init config 
57750      DEBUG main            d.u.i.k.p.i.AbstractProblemLoader Init config took 2.58s 
57789      INFO  main            d.u.i.k.p.i.AbstractProblemLoader Replaying proof contract.IFMethodContract[contract.IFMethodContract::secure_sequential_n3_precond_n4()].Non-interference contract.0 
57792      DEBUG main            d.u.i.k.p.i.IntermediateProofReplayer Proof replay took 16ns 
58098      INFO  main            d.u.i.k.p.r.p.TestFile    ... finished proof: closed. 
58272      INFO  main            d.u.i.k.p.r.p.TestFile    Now processing file /home/runner/work/key/key/key.core/../key.ui/examples/InformationFlow/MethodContracts/contract.IFMethodContract(contract.IFMethodContract__insecure_assignment_n2()).Non-interference contract.0.key 
58272      INFO  main            d.u.i.k.p.i.AbstractProblemLoader Loading environment from /home/runner/work/key/key/key.core/../key.ui/examples/InformationFlow/MethodContracts/contract.IFMethodContract(contract.IFMethodContract__insecure_assignment_n2()).Non-interference contract.0.key 
58272      DEBUG main            d.u.i.k.p.i.AbstractProblemLoader Environment load took 71.2ns 
58273      INFO  main            d.u.i.k.p.i.AbstractProblemLoader Creating init config 
60840      DEBUG main            d.u.i.k.p.i.AbstractProblemLoader Init config took 2.57s 
60900      INFO  main            d.u.i.k.p.i.AbstractProblemLoader Replaying proof contract.IFMethodContract[contract.IFMethodContract::insecure_assignment_n2()].Non-interference contract.0 
60903      DEBUG main            d.u.i.k.p.i.IntermediateProofReplayer Proof replay took 15ns 
61106      INFO  main            d.u.i.k.p.r.p.TestFile    ... finished proof: open goal(s) 
61280      INFO  main            d.u.i.k.p.r.p.TestFile    Now processing file /home/runner/work/key/key/key.core/../key.ui/examples/InformationFlow/MethodContracts/contract.IFMethodContract(contract.IFMethodContract__secure_assignments_n2()).Non-interference contract.0.key 
61280      INFO  main            d.u.i.k.p.i.AbstractProblemLoader Loading environment from /home/runner/work/key/key/key.core/../key.ui/examples/InformationFlow/MethodContracts/contract.IFMethodContract(contract.IFMethodContract__secure_assignments_n2()).Non-interference contract.0.key 
61280      DEBUG main            d.u.i.k.p.i.AbstractProblemLoader Environment load took 66.3ns 
61282      INFO  main            d.u.i.k.p.i.AbstractProblemLoader Creating init config 
63852      DEBUG main            d.u.i.k.p.i.AbstractProblemLoader Init config took 2.57s 
63895      INFO  main            d.u.i.k.p.i.AbstractProblemLoader Replaying proof contract.IFMethodContract[contract.IFMethodContract::secure_assignments_n2()].Non-interference contract.0 
63899      DEBUG main            d.u.i.k.p.i.IntermediateProofReplayer Proof replay took 15.9ns 
64105      INFO  main            d.u.i.k.p.r.p.TestFile    ... finished proof: closed. 
64304      INFO  main            d.u.i.k.p.r.p.TestFile    Now processing file /home/runner/work/key/key/key.core/../key.ui/examples/InformationFlow/MethodContracts/contract.IFMethodContract(contract.IFMethodContract__n2()).Non-interference contract.0.key 
64305      INFO  main            d.u.i.k.p.i.AbstractProblemLoader Loading environment from /home/runner/work/key/key/key.core/../key.ui/examples/InformationFlow/MethodContracts/contract.IFMethodContract(contract.IFMethodContract__n2()).Non-interference contract.0.key 
64305      DEBUG main            d.u.i.k.p.i.AbstractProblemLoader Environment load took 65.8ns 
64307      INFO  main            d.u.i.k.p.i.AbstractProblemLoader Creating init config 
66881      DEBUG main            d.u.i.k.p.i.AbstractProblemLoader Init config took 2.57s 
66917      INFO  main            d.u.i.k.p.i.AbstractProblemLoader Replaying proof contract.IFMethodContract[contract.IFMethodContract::n2()].Non-interference contract.0 
66920      DEBUG main            d.u.i.k.p.i.IntermediateProofReplayer Proof replay took 13.7ns 
67022      INFO  main            d.u.i.k.p.r.p.TestFile    ... finished proof: closed. 
67192      INFO  main            d.u.i.k.p.r.p.TestFile    Now processing file /home/runner/work/key/key/key.core/../key.ui/examples/InformationFlow/MethodContracts/contract.IFMethodContract(contract.IFMethodContract__n1()).Non-interference contract.0.key 
67192      INFO  main            d.u.i.k.p.i.AbstractProblemLoader Loading environment from /home/runner/work/key/key/key.core/../key.ui/examples/InformationFlow/MethodContracts/contract.IFMethodContract(contract.IFMethodContract__n1()).Non-interference contract.0.key 
67192      DEBUG main            d.u.i.k.p.i.AbstractProblemLoader Environment load took 87.5ns 
67193      INFO  main            d.u.i.k.p.i.AbstractProblemLoader Creating init config 
69741      DEBUG main            d.u.i.k.p.i.AbstractProblemLoader Init config took 2.55s 
69779      INFO  main            d.u.i.k.p.i.AbstractProblemLoader Replaying proof contract.IFMethodContract[contract.IFMethodContract::n1()].Non-interference contract.0 
69782      DEBUG main            d.u.i.k.p.i.IntermediateProofReplayer Proof replay took 13.6ns 
69889      INFO  main            d.u.i.k.p.r.p.TestFile    ... finished proof: closed. 
70060      INFO  main            d.u.i.k.p.r.p.TestFile    Now processing file /home/runner/work/key/key/key.core/../key.ui/examples/InformationFlow/MethodContracts/contract.IFMethodContract(contract.IFMethodContract__secure_sequential_n1_n2()).Non-interference contract.0.key 
70061      INFO  main            d.u.i.k.p.i.AbstractProblemLoader Loading environment from /home/runner/work/key/key/key.core/../key.ui/examples/InformationFlow/MethodContracts/contract.IFMethodContract(contract.IFMethodContract__secure_sequential_n1_n2()).Non-interference contract.0.key 
70061      DEBUG main            d.u.i.k.p.i.AbstractProblemLoader Environment load took 78.1ns 
70062      INFO  main            d.u.i.k.p.i.AbstractProblemLoader Creating init config 
72634      DEBUG main            d.u.i.k.p.i.AbstractProblemLoader Init config took 2.57s 
72671      INFO  main            d.u.i.k.p.i.AbstractProblemLoader Replaying proof contract.IFMethodContract[contract.IFMethodContract::secure_sequential_n1_n2()].Non-interference contract.0 
72674      DEBUG main            d.u.i.k.p.i.IntermediateProofReplayer Proof replay took 13ns 
72876      INFO  main            d.u.i.k.p.r.p.TestFile    ... finished proof: closed. 
980224     INFO  Test worker     d.u.i.k.p.r.p.StatisticsFile Returning from test MethodContracts_nomacro 
980228     INFO  Test worker     d.u.i.k.p.r.p.StatisticsFile Running test LoopInvariants_nomacro 
355        INFO  Timeout watchdog d.u.i.k.p.r.p.ForkedTestFileRunner Timeout watcher launched (1000 secs.) 
362        WARN  main            d.u.i.k.s.ProofSettings   The settings in /home/runner/.key/proof-settings.props are *not* read. 
385        INFO  main            d.u.i.k.p.r.p.TestFile    Now processing file /home/runner/work/key/key/key.core/../key.ui/examples/InformationFlow/LoopInvariants/loop.IFLoopExamples(loop.IFLoopExamples__insecure_while_3(int)).Non-interference contract.0.key 
488        INFO  main            d.u.i.k.p.i.AbstractProblemLoader Loading environment from /home/runner/work/key/key/key.core/../key.ui/examples/InformationFlow/LoopInvariants/loop.IFLoopExamples(loop.IFLoopExamples__insecure_while_3(int)).Non-interference contract.0.key 
510        DEBUG main            d.u.i.k.p.i.AbstractProblemLoader Environment load took 2.21ms 
756        INFO  main            d.u.i.k.p.i.AbstractProblemLoader Creating init config 
1715       DEBUG main            d.u.i.k.j.TypeConverter   No LDT found for Meta 
1716       DEBUG main            d.u.i.k.j.TypeConverter   No LDT found for Meta 
1719       DEBUG main            d.u.i.k.j.TypeConverter   No LDT found for Meta 
1719       DEBUG main            d.u.i.k.j.TypeConverter   No LDT found for Meta 
3443       DEBUG main            d.u.i.k.j.TypeConverter   No LDT found for JavaBigintExpression 
8909       DEBUG main            d.u.i.k.p.i.AbstractProblemLoader Init config took 8.15s 
9039       INFO  main            d.u.i.k.p.i.AbstractProblemLoader Replaying proof loop.IFLoopExamples[loop.IFLoopExamples::insecure_while_3(int)].Non-interference contract.0 
9103       DEBUG main            d.u.i.k.p.i.IntermediateProofReplayer Proof replay took 385.71ns 
11877      INFO  main            d.u.i.k.p.r.p.TestFile    ... finished proof: open goal(s) 
12037      INFO  main            d.u.i.k.p.r.p.TestFile    Now processing file /home/runner/work/key/key/key.core/../key.ui/examples/InformationFlow/LoopInvariants/loop.IFLoopExamples(loop.IFLoopExamples__secure_while_2(int)).Non-interference contract.0.key 
12037      INFO  main            d.u.i.k.p.i.AbstractProblemLoader Loading environment from /home/runner/work/key/key/key.core/../key.ui/examples/InformationFlow/LoopInvariants/loop.IFLoopExamples(loop.IFLoopExamples__secure_while_2(int)).Non-interference contract.0.key 
12038      DEBUG main            d.u.i.k.p.i.AbstractProblemLoader Environment load took 1.03ms 
12041      INFO  main            d.u.i.k.p.i.AbstractProblemLoader Creating init config 
15391      DEBUG main            d.u.i.k.p.i.AbstractProblemLoader Init config took 3.35s 
15461      INFO  main            d.u.i.k.p.i.AbstractProblemLoader Replaying proof loop.IFLoopExamples[loop.IFLoopExamples::secure_while_2(int)].Non-interference contract.0 
15465      DEBUG main            d.u.i.k.p.i.IntermediateProofReplayer Proof replay took 11.9ns 
16972      INFO  main            d.u.i.k.p.r.p.TestFile    ... finished proof: closed. 
17156      INFO  main            d.u.i.k.p.r.p.TestFile    Now processing file /home/runner/work/key/key/key.core/../key.ui/examples/InformationFlow/LoopInvariants/loop.IFLoopExamples(loop.IFLoopExamples__secure_while_4(int)).Non-interference contract.0.key 
17157      INFO  main            d.u.i.k.p.i.AbstractProblemLoader Loading environment from /home/runner/work/key/key/key.core/../key.ui/examples/InformationFlow/LoopInvariants/loop.IFLoopExamples(loop.IFLoopExamples__secure_while_4(int)).Non-interference contract.0.key 
17157      DEBUG main            d.u.i.k.p.i.AbstractProblemLoader Environment load took 94ns 
17159      INFO  main            d.u.i.k.p.i.AbstractProblemLoader Creating init config 
20189      DEBUG main            d.u.i.k.p.i.AbstractProblemLoader Init config took 3.03s 
20280      INFO  main            d.u.i.k.p.i.AbstractProblemLoader Replaying proof loop.IFLoopExamples[loop.IFLoopExamples::secure_while_4(int)].Non-interference contract.0 
20289      DEBUG main            d.u.i.k.p.i.IntermediateProofReplayer Proof replay took 13.3ns 
21596      INFO  main            d.u.i.k.p.r.p.TestFile    ... finished proof: closed. 
21799      INFO  main            d.u.i.k.p.r.p.TestFile    Now processing file /home/runner/work/key/key/key.core/../key.ui/examples/InformationFlow/LoopInvariants/loop.IFLoopExamples(loop.IFLoopExamples__insecure_doubleNestedWhile2(int)).Non-interference contract.0.key 
21799      INFO  main            d.u.i.k.p.i.AbstractProblemLoader Loading environment from /home/runner/work/key/key/key.core/../key.ui/examples/InformationFlow/LoopInvariants/loop.IFLoopExamples(loop.IFLoopExamples__insecure_doubleNestedWhile2(int)).Non-interference contract.0.key 
21799      DEBUG main            d.u.i.k.p.i.AbstractProblemLoader Environment load took 91.9ns 
21805      INFO  main            d.u.i.k.p.i.AbstractProblemLoader Creating init config 
24831      DEBUG main            d.u.i.k.p.i.AbstractProblemLoader Init config took 3.03s 
24882      INFO  main            d.u.i.k.p.i.AbstractProblemLoader Replaying proof loop.IFLoopExamples[loop.IFLoopExamples::insecure_doubleNestedWhile2(int)].Non-interference contract.0 
24886      DEBUG main            d.u.i.k.p.i.IntermediateProofReplayer Proof replay took 13.9ns 
33257      INFO  main            d.u.i.k.p.r.p.TestFile    ... finished proof: open goal(s) 
33480      INFO  main            d.u.i.k.p.r.p.TestFile    Now processing file /home/runner/work/key/key/key.core/../key.ui/examples/InformationFlow/LoopInvariants/loop.IFLoopExamples(loop.IFLoopExamples__insecure_doubleNestedWhile(int)).Non-interference contract.0.key 
33480      INFO  main            d.u.i.k.p.i.AbstractProblemLoader Loading environment from /home/runner/work/key/key/key.core/../key.ui/examples/InformationFlow/LoopInvariants/loop.IFLoopExamples(loop.IFLoopExamples__insecure_doubleNestedWhile(int)).Non-interference contract.0.key 
33482      DEBUG main            d.u.i.k.p.i.AbstractProblemLoader Environment load took 70.2ns 
33484      INFO  main            d.u.i.k.p.i.AbstractProblemLoader Creating init config 
36498      DEBUG main            d.u.i.k.p.i.AbstractProblemLoader Init config took 3.01s 
36553      INFO  main            d.u.i.k.p.i.AbstractProblemLoader Replaying proof loop.IFLoopExamples[loop.IFLoopExamples::insecure_doubleNestedWhile(int)].Non-interference contract.0 
36556      DEBUG main            d.u.i.k.p.i.IntermediateProofReplayer Proof replay took 14.2ns 
43676      INFO  main            d.u.i.k.p.r.p.TestFile    ... finished proof: open goal(s) 
43987      INFO  main            d.u.i.k.p.r.p.TestFile    Now processing file /home/runner/work/key/key/key.core/../key.ui/examples/InformationFlow/LoopInvariants/loop.IFLoopExamples(loop.IFLoopExamples__secure_doubleNestedWhile(int)).Non-interference contract.0.key 
43987      INFO  main            d.u.i.k.p.i.AbstractProblemLoader Loading environment from /home/runner/work/key/key/key.core/../key.ui/examples/InformationFlow/LoopInvariants/loop.IFLoopExamples(loop.IFLoopExamples__secure_doubleNestedWhile(int)).Non-interference contract.0.key 
43987      DEBUG main            d.u.i.k.p.i.AbstractProblemLoader Environment load took 69.1ns 
43990      INFO  main            d.u.i.k.p.i.AbstractProblemLoader Creating init config 
46873      DEBUG main            d.u.i.k.p.i.AbstractProblemLoader Init config took 2.88s 
46917      INFO  main            d.u.i.k.p.i.AbstractProblemLoader Replaying proof loop.IFLoopExamples[loop.IFLoopExamples::secure_doubleNestedWhile(int)].Non-interference contract.0 
46920      DEBUG main            d.u.i.k.p.i.IntermediateProofReplayer Proof replay took 14.5ns 
53638      INFO  main            d.u.i.k.p.r.p.TestFile    ... finished proof: closed. 
53967      INFO  main            d.u.i.k.p.r.p.TestFile    Now processing file /home/runner/work/key/key/key.core/../key.ui/examples/InformationFlow/LoopInvariants/loop.IFLoopExamples(loop.IFLoopExamples__secure_nestedTwoWhile(int)).Non-interference contract.0.key 
53967      INFO  main            d.u.i.k.p.i.AbstractProblemLoader Loading environment from /home/runner/work/key/key/key.core/../key.ui/examples/InformationFlow/LoopInvariants/loop.IFLoopExamples(loop.IFLoopExamples__secure_nestedTwoWhile(int)).Non-interference contract.0.key 
53967      DEBUG main            d.u.i.k.p.i.AbstractProblemLoader Environment load took 72.5ns 
53968      INFO  main            d.u.i.k.p.i.AbstractProblemLoader Creating init config 
56881      DEBUG main            d.u.i.k.p.i.AbstractProblemLoader Init config took 2.91s 
56922      INFO  main            d.u.i.k.p.i.AbstractProblemLoader Replaying proof loop.IFLoopExamples[loop.IFLoopExamples::secure_nestedTwoWhile(int)].Non-interference contract.0 
56926      DEBUG main            d.u.i.k.p.i.IntermediateProofReplayer Proof replay took 14.5ns 
62012      INFO  main            d.u.i.k.p.r.p.TestFile    ... finished proof: closed. 
62210      INFO  main            d.u.i.k.p.r.p.TestFile    Now processing file /home/runner/work/key/key/key.core/../key.ui/examples/InformationFlow/LoopInvariants/loop.IFLoopExamples(loop.IFLoopExamples__secure_nestedWhile(int)).Non-interference contract.0.key 
62210      INFO  main            d.u.i.k.p.i.AbstractProblemLoader Loading environment from /home/runner/work/key/key/key.core/../key.ui/examples/InformationFlow/LoopInvariants/loop.IFLoopExamples(loop.IFLoopExamples__secure_nestedWhile(int)).Non-interference contract.0.key 
62210      DEBUG main            d.u.i.k.p.i.AbstractProblemLoader Environment load took 72.2ns 
62211      INFO  main            d.u.i.k.p.i.AbstractProblemLoader Creating init config 
65135      DEBUG main            d.u.i.k.p.i.AbstractProblemLoader Init config took 2.92s 
65195      INFO  main            d.u.i.k.p.i.AbstractProblemLoader Replaying proof loop.IFLoopExamples[loop.IFLoopExamples::secure_nestedWhile(int)].Non-interference contract.0 
65198      DEBUG main            d.u.i.k.p.i.IntermediateProofReplayer Proof replay took 13.6ns 
68160      INFO  main            d.u.i.k.p.r.p.TestFile    ... finished proof: closed. 
68363      INFO  main            d.u.i.k.p.r.p.TestFile    Now processing file /home/runner/work/key/key/key.core/../key.ui/examples/InformationFlow/LoopInvariants/loop.IFLoopExamples(loop.IFLoopExamples__notSecure_while(int)).Non-interference contract.0.key 
68363      INFO  main            d.u.i.k.p.i.AbstractProblemLoader Loading environment from /home/runner/work/key/key/key.core/../key.ui/examples/InformationFlow/LoopInvariants/loop.IFLoopExamples(loop.IFLoopExamples__notSecure_while(int)).Non-interference contract.0.key 
68363      DEBUG main            d.u.i.k.p.i.AbstractProblemLoader Environment load took 74.6ns 
68364      INFO  main            d.u.i.k.p.i.AbstractProblemLoader Creating init config 
71325      DEBUG main            d.u.i.k.p.i.AbstractProblemLoader Init config took 2.96s 
71365      INFO  main            d.u.i.k.p.i.AbstractProblemLoader Replaying proof loop.IFLoopExamples[loop.IFLoopExamples::notSecure_while(int)].Non-interference contract.0 
71372      DEBUG main            d.u.i.k.p.i.IntermediateProofReplayer Proof replay took 14.7ns 
72379      INFO  main            d.u.i.k.p.r.p.TestFile    ... finished proof: open goal(s) 
72561      INFO  main            d.u.i.k.p.r.p.TestFile    Now processing file /home/runner/work/key/key/key.core/../key.ui/examples/InformationFlow/LoopInvariants/loop.IFLoopExamples(loop.IFLoopExamples__notSecure_while_wrongInv(int)).Non-interference contract.0.key 
72561      INFO  main            d.u.i.k.p.i.AbstractProblemLoader Loading environment from /home/runner/work/key/key/key.core/../key.ui/examples/InformationFlow/LoopInvariants/loop.IFLoopExamples(loop.IFLoopExamples__notSecure_while_wrongInv(int)).Non-interference contract.0.key 
72561      DEBUG main            d.u.i.k.p.i.AbstractProblemLoader Environment load took 79.9ns 
72562      INFO  main            d.u.i.k.p.i.AbstractProblemLoader Creating init config 
75463      DEBUG main            d.u.i.k.p.i.AbstractProblemLoader Init config took 2.9s 
75502      INFO  main            d.u.i.k.p.i.AbstractProblemLoader Replaying proof loop.IFLoopExamples[loop.IFLoopExamples::notSecure_while_wrongInv(int)].Non-interference contract.0 
75505      DEBUG main            d.u.i.k.p.i.IntermediateProofReplayer Proof replay took 13.6ns 
75911      INFO  main            d.u.i.k.p.r.p.TestFile    ... finished proof: open goal(s) 
76103      INFO  main            d.u.i.k.p.r.p.TestFile    Now processing file /home/runner/work/key/key/key.core/../key.ui/examples/InformationFlow/LoopInvariants/loop.IFLoopExamples(loop.IFLoopExamples__insecure_twoWhile(int)).Non-interference contract.0.key 
76103      INFO  main            d.u.i.k.p.i.AbstractProblemLoader Loading environment from /home/runner/work/key/key/key.core/../key.ui/examples/InformationFlow/LoopInvariants/loop.IFLoopExamples(loop.IFLoopExamples__insecure_twoWhile(int)).Non-interference contract.0.key 
76103      DEBUG main            d.u.i.k.p.i.AbstractProblemLoader Environment load took 81.3ns 
76104      INFO  main            d.u.i.k.p.i.AbstractProblemLoader Creating init config 
79008      DEBUG main            d.u.i.k.p.i.AbstractProblemLoader Init config took 2.9s 
79046      INFO  main            d.u.i.k.p.i.AbstractProblemLoader Replaying proof loop.IFLoopExamples[loop.IFLoopExamples::insecure_twoWhile(int)].Non-interference contract.0 
79048      DEBUG main            d.u.i.k.p.i.IntermediateProofReplayer Proof replay took 13.7ns 
80885      INFO  main            d.u.i.k.p.r.p.TestFile    ... finished proof: open goal(s) 
81087      INFO  main            d.u.i.k.p.r.p.TestFile    Now processing file /home/runner/work/key/key/key.core/../key.ui/examples/InformationFlow/LoopInvariants/loop.IFLoopExamples(loop.IFLoopExamples__insecure_twoWhile_2(int)).Non-interference contract.0.key 
81087      INFO  main            d.u.i.k.p.i.AbstractProblemLoader Loading environment from /home/runner/work/key/key/key.core/../key.ui/examples/InformationFlow/LoopInvariants/loop.IFLoopExamples(loop.IFLoopExamples__insecure_twoWhile_2(int)).Non-interference contract.0.key 
81087      DEBUG main            d.u.i.k.p.i.AbstractProblemLoader Environment load took 64.6ns 
81088      INFO  main            d.u.i.k.p.i.AbstractProblemLoader Creating init config 
84015      DEBUG main            d.u.i.k.p.i.AbstractProblemLoader Init config took 2.93s 
84052      INFO  main            d.u.i.k.p.i.AbstractProblemLoader Replaying proof loop.IFLoopExamples[loop.IFLoopExamples::insecure_twoWhile_2(int)].Non-interference contract.0 
84054      DEBUG main            d.u.i.k.p.i.IntermediateProofReplayer Proof replay took 15.8ns 
86166      INFO  main            d.u.i.k.p.r.p.TestFile    ... finished proof: open goal(s) 
86432      INFO  main            d.u.i.k.p.r.p.TestFile    Now processing file /home/runner/work/key/key/key.core/../key.ui/examples/InformationFlow/LoopInvariants/loop.IFLoopExamples(loop.IFLoopExamples__secure_twoWhile(int)).Non-interference contract.0.key 
86433      INFO  main            d.u.i.k.p.i.AbstractProblemLoader Loading environment from /home/runner/work/key/key/key.core/../key.ui/examples/InformationFlow/LoopInvariants/loop.IFLoopExamples(loop.IFLoopExamples__secure_twoWhile(int)).Non-interference contract.0.key 
86433      DEBUG main            d.u.i.k.p.i.AbstractProblemLoader Environment load took 118.7ns 
86434      INFO  main            d.u.i.k.p.i.AbstractProblemLoader Creating init config 
89352      DEBUG main            d.u.i.k.p.i.AbstractProblemLoader Init config took 2.92s 
89388      INFO  main            d.u.i.k.p.i.AbstractProblemLoader Replaying proof loop.IFLoopExamples[loop.IFLoopExamples::secure_twoWhile(int)].Non-interference contract.0 
89391      DEBUG main            d.u.i.k.p.i.IntermediateProofReplayer Proof replay took 14.5ns 
91097      INFO  main            d.u.i.k.p.r.p.TestFile    ... finished proof: closed. 
91358      INFO  main            d.u.i.k.p.r.p.TestFile    Now processing file /home/runner/work/key/key/key.core/../key.ui/examples/InformationFlow/LoopInvariants/loop.IFLoopExamples(loop.IFLoopExamples__loc_secure_while(int)).Non-interference contract.0.key 
91358      INFO  main            d.u.i.k.p.i.AbstractProblemLoader Loading environment from /home/runner/work/key/key/key.core/../key.ui/examples/InformationFlow/LoopInvariants/loop.IFLoopExamples(loop.IFLoopExamples__loc_secure_while(int)).Non-interference contract.0.key 
91360      DEBUG main            d.u.i.k.p.i.AbstractProblemLoader Environment load took 1.36ms 
91361      INFO  main            d.u.i.k.p.i.AbstractProblemLoader Creating init config 
94201      DEBUG main            d.u.i.k.p.i.AbstractProblemLoader Init config took 2.84s 
94237      INFO  main            d.u.i.k.p.i.AbstractProblemLoader Replaying proof loop.IFLoopExamples[loop.IFLoopExamples::loc_secure_while(int)].Non-interference contract.0 
94239      DEBUG main            d.u.i.k.p.i.IntermediateProofReplayer Proof replay took 15.5ns 
95345      INFO  main            d.u.i.k.p.r.p.TestFile    ... finished proof: closed. 
95563      INFO  main            d.u.i.k.p.r.p.TestFile    Now processing file /home/runner/work/key/key/key.core/../key.ui/examples/InformationFlow/LoopInvariants/loop.IFLoopExamples(loop.IFLoopExamples__secure_while(int)).Non-interference contract.0.key 
95563      INFO  main            d.u.i.k.p.i.AbstractProblemLoader Loading environment from /home/runner/work/key/key/key.core/../key.ui/examples/InformationFlow/LoopInvariants/loop.IFLoopExamples(loop.IFLoopExamples__secure_while(int)).Non-interference contract.0.key 
95563      DEBUG main            d.u.i.k.p.i.AbstractProblemLoader Environment load took 86.7ns 
95564      INFO  main            d.u.i.k.p.i.AbstractProblemLoader Creating init config 
98435      DEBUG main            d.u.i.k.p.i.AbstractProblemLoader Init config took 2.87s 
98470      INFO  main            d.u.i.k.p.i.AbstractProblemLoader Replaying proof loop.IFLoopExamples[loop.IFLoopExamples::secure_while(int)].Non-interference contract.0 
98473      DEBUG main            d.u.i.k.p.i.IntermediateProofReplayer Proof replay took 16.1ns 
99378      INFO  main            d.u.i.k.p.r.p.TestFile    ... finished proof: closed. 
99578      INFO  main            d.u.i.k.p.r.p.TestFile    Now processing file /home/runner/work/key/key/key.core/../key.ui/examples/InformationFlow/LoopInvariants/loop.IFLoopExamples(loop.IFLoopExamples__print(int)).Non-interference contract.0.key 
99579      INFO  main            d.u.i.k.p.i.AbstractProblemLoader Loading environment from /home/runner/work/key/key/key.core/../key.ui/examples/InformationFlow/LoopInvariants/loop.IFLoopExamples(loop.IFLoopExamples__print(int)).Non-interference contract.0.key 
99579      DEBUG main            d.u.i.k.p.i.AbstractProblemLoader Environment load took 108.2ns 
99580      INFO  main            d.u.i.k.p.i.AbstractProblemLoader Creating init config 
102479     DEBUG main            d.u.i.k.p.i.AbstractProblemLoader Init config took 2.9s 
102514     INFO  main            d.u.i.k.p.i.AbstractProblemLoader Replaying proof loop.IFLoopExamples[loop.IFLoopExamples::print(int)].Non-interference contract.0 
102516     DEBUG main            d.u.i.k.p.i.IntermediateProofReplayer Proof replay took 14.1ns 
102618     INFO  main            d.u.i.k.p.r.p.TestFile    ... finished proof: closed. 
102780     INFO  main            d.u.i.k.p.r.p.TestFile    Now processing file /home/runner/work/key/key/key.core/../key.ui/examples/InformationFlow/LoopInvariants/loop.IFLoopExamples(loop.IFLoopExamples__hammer(int)).Non-interference contract.0.key 
102780     INFO  main            d.u.i.k.p.i.AbstractProblemLoader Loading environment from /home/runner/work/key/key/key.core/../key.ui/examples/InformationFlow/LoopInvariants/loop.IFLoopExamples(loop.IFLoopExamples__hammer(int)).Non-interference contract.0.key 
102780     DEBUG main            d.u.i.k.p.i.AbstractProblemLoader Environment load took 69.3ns 
102781     INFO  main            d.u.i.k.p.i.AbstractProblemLoader Creating init config 
105655     DEBUG main            d.u.i.k.p.i.AbstractProblemLoader Init config took 2.87s 
105690     INFO  main            d.u.i.k.p.i.AbstractProblemLoader Replaying proof loop.IFLoopExamples[loop.IFLoopExamples::hammer(int)].Non-interference contract.0 
105693     DEBUG main            d.u.i.k.p.i.IntermediateProofReplayer Proof replay took 13.6ns 
107528     INFO  main            d.u.i.k.p.r.p.TestFile    ... finished proof: closed. 
1088137    INFO  Test worker     d.u.i.k.p.r.p.StatisticsFile Returning from test LoopInvariants_nomacro 
1088139    INFO  Test worker     d.u.i.k.p.r.p.StatisticsFile Running test MiniExamples_nomacro 
418        INFO  Timeout watchdog d.u.i.k.p.r.p.ForkedTestFileRunner Timeout watcher launched (1000 secs.) 
426        WARN  main            d.u.i.k.s.ProofSettings   The settings in /home/runner/.key/proof-settings.props are *not* read. 
462        INFO  main            d.u.i.k.p.r.p.TestFile    Now processing file /home/runner/work/key/key/key.core/../key.ui/examples/InformationFlow/MiniExamples/mini.AliasingExamples(mini.AliasingExamples__insecure_1(mini.AliasingExamples,mini.AliasingExamples,int)).Non-interference contract.0.key 
629        INFO  main            d.u.i.k.p.i.AbstractProblemLoader Loading environment from /home/runner/work/key/key/key.core/../key.ui/examples/InformationFlow/MiniExamples/mini.AliasingExamples(mini.AliasingExamples__insecure_1(mini.AliasingExamples,mini.AliasingExamples,int)).Non-interference contract.0.key 
652        DEBUG main            d.u.i.k.p.i.AbstractProblemLoader Environment load took 5.82ms 
877        INFO  main            d.u.i.k.p.i.AbstractProblemLoader Creating init config 
1701       DEBUG main            d.u.i.k.j.TypeConverter   No LDT found for Meta 
1701       DEBUG main            d.u.i.k.j.TypeConverter   No LDT found for Meta 
1703       DEBUG main            d.u.i.k.j.TypeConverter   No LDT found for Meta 
1703       DEBUG main            d.u.i.k.j.TypeConverter   No LDT found for Meta 
3198       DEBUG main            d.u.i.k.j.TypeConverter   No LDT found for JavaBigintExpression 
8425       DEBUG main            d.u.i.k.p.i.AbstractProblemLoader Init config took 7.55s 
8590       INFO  main            d.u.i.k.p.i.AbstractProblemLoader Replaying proof mini.AliasingExamples[mini.AliasingExamples::insecure_1(mini.AliasingExamples,mini.AliasingExamples,int)].Non-interference contract.0 
8677       DEBUG main            d.u.i.k.p.i.IntermediateProofReplayer Proof replay took 419.81ns 
9608       INFO  main            d.u.i.k.p.r.p.TestFile    ... finished proof: open goal(s) 
9735       INFO  main            d.u.i.k.p.r.p.TestFile    Now processing file /home/runner/work/key/key/key.core/../key.ui/examples/InformationFlow/MiniExamples/mini.AliasingExamples(mini.AliasingExamples__secure_1(mini.AliasingExamples,mini.AliasingExamples,int)).Non-interference contract.0.key 
9736       INFO  main            d.u.i.k.p.i.AbstractProblemLoader Loading environment from /home/runner/work/key/key/key.core/../key.ui/examples/InformationFlow/MiniExamples/mini.AliasingExamples(mini.AliasingExamples__secure_1(mini.AliasingExamples,mini.AliasingExamples,int)).Non-interference contract.0.key 
9736       DEBUG main            d.u.i.k.p.i.AbstractProblemLoader Environment load took 345.11ns 
9738       INFO  main            d.u.i.k.p.i.AbstractProblemLoader Creating init config 
12666      DEBUG main            d.u.i.k.p.i.AbstractProblemLoader Init config took 2.93s 
12755      INFO  main            d.u.i.k.p.i.AbstractProblemLoader Replaying proof mini.AliasingExamples[mini.AliasingExamples::secure_1(mini.AliasingExamples,mini.AliasingExamples,int)].Non-interference contract.0 
12764      DEBUG main            d.u.i.k.p.i.IntermediateProofReplayer Proof replay took 14.6ns 
13168      INFO  main            d.u.i.k.p.r.p.TestFile    ... finished proof: closed. 
13299      INFO  main            d.u.i.k.p.r.p.TestFile    Now processing file /home/runner/work/key/key/key.core/../key.ui/examples/InformationFlow/MiniExamples/mini.MiniExamplesLecture(mini.MiniExamplesLecture__m_6()).Non-interference contract.0.key 
13300      INFO  main            d.u.i.k.p.i.AbstractProblemLoader Loading environment from /home/runner/work/key/key/key.core/../key.ui/examples/InformationFlow/MiniExamples/mini.MiniExamplesLecture(mini.MiniExamplesLecture__m_6()).Non-interference contract.0.key 
13300      DEBUG main            d.u.i.k.p.i.AbstractProblemLoader Environment load took 82.6ns 
13302      INFO  main            d.u.i.k.p.i.AbstractProblemLoader Creating init config 
16043      DEBUG main            d.u.i.k.p.i.AbstractProblemLoader Init config took 2.74s 
16126      INFO  main            d.u.i.k.p.i.AbstractProblemLoader Replaying proof mini.MiniExamplesLecture[mini.MiniExamplesLecture::m_6()].Non-interference contract.0 
16133      DEBUG main            d.u.i.k.p.i.IntermediateProofReplayer Proof replay took 15.1ns 
16337      INFO  main            d.u.i.k.p.r.p.TestFile    ... finished proof: closed. 
16455      INFO  main            d.u.i.k.p.r.p.TestFile    Now processing file /home/runner/work/key/key/key.core/../key.ui/examples/InformationFlow/MiniExamples/mini.MiniExamplesLecture(mini.MiniExamplesLecture__m_5()).Non-interference contract.0.key 
16455      INFO  main            d.u.i.k.p.i.AbstractProblemLoader Loading environment from /home/runner/work/key/key/key.core/../key.ui/examples/InformationFlow/MiniExamples/mini.MiniExamplesLecture(mini.MiniExamplesLecture__m_5()).Non-interference contract.0.key 
16455      DEBUG main            d.u.i.k.p.i.AbstractProblemLoader Environment load took 76ns 
16459      INFO  main            d.u.i.k.p.i.AbstractProblemLoader Creating init config 
19195      DEBUG main            d.u.i.k.p.i.AbstractProblemLoader Init config took 2.74s 
19249      INFO  main            d.u.i.k.p.i.AbstractProblemLoader Replaying proof mini.MiniExamplesLecture[mini.MiniExamplesLecture::m_5()].Non-interference contract.0 
19252      DEBUG main            d.u.i.k.p.i.IntermediateProofReplayer Proof replay took 12.7ns 
19455      INFO  main            d.u.i.k.p.r.p.TestFile    ... finished proof: closed. 
19647      INFO  main            d.u.i.k.p.r.p.TestFile    Now processing file /home/runner/work/key/key/key.core/../key.ui/examples/InformationFlow/MiniExamples/mini.MiniExamplesLecture(mini.MiniExamplesLecture__m_4()).Non-interference contract.0.key 
19648      INFO  main            d.u.i.k.p.i.AbstractProblemLoader Loading environment from /home/runner/work/key/key/key.core/../key.ui/examples/InformationFlow/MiniExamples/mini.MiniExamplesLecture(mini.MiniExamplesLecture__m_4()).Non-interference contract.0.key 
19648      DEBUG main            d.u.i.k.p.i.AbstractProblemLoader Environment load took 127.1ns 
19650      INFO  main            d.u.i.k.p.i.AbstractProblemLoader Creating init config 
22309      DEBUG main            d.u.i.k.p.i.AbstractProblemLoader Init config took 2.66s 
22358      INFO  main            d.u.i.k.p.i.AbstractProblemLoader Replaying proof mini.MiniExamplesLecture[mini.MiniExamplesLecture::m_4()].Non-interference contract.0 
22361      DEBUG main            d.u.i.k.p.i.IntermediateProofReplayer Proof replay took 14.5ns 
22564      INFO  main            d.u.i.k.p.r.p.TestFile    ... finished proof: closed. 
22712      INFO  main            d.u.i.k.p.r.p.TestFile    Now processing file /home/runner/work/key/key/key.core/../key.ui/examples/InformationFlow/MiniExamples/mini.MiniExamplesLecture(mini.MiniExamplesLecture__m_3()).Non-interference contract.0.key 
22712      INFO  main            d.u.i.k.p.i.AbstractProblemLoader Loading environment from /home/runner/work/key/key/key.core/../key.ui/examples/InformationFlow/MiniExamples/mini.MiniExamplesLecture(mini.MiniExamplesLecture__m_3()).Non-interference contract.0.key 
22713      DEBUG main            d.u.i.k.p.i.AbstractProblemLoader Environment load took 635.61ns 
22714      INFO  main            d.u.i.k.p.i.AbstractProblemLoader Creating init config 
25346      DEBUG main            d.u.i.k.p.i.AbstractProblemLoader Init config took 2.63s 
25412      INFO  main            d.u.i.k.p.i.AbstractProblemLoader Replaying proof mini.MiniExamplesLecture[mini.MiniExamplesLecture::m_3()].Non-interference contract.0 
25418      DEBUG main            d.u.i.k.p.i.IntermediateProofReplayer Proof replay took 13.1ns 
25844      INFO  main            d.u.i.k.p.r.p.TestFile    ... finished proof: open goal(s) 
25993      INFO  main            d.u.i.k.p.r.p.TestFile    Now processing file /home/runner/work/key/key/key.core/../key.ui/examples/InformationFlow/MiniExamples/mini.MiniExamplesLecture(mini.MiniExamplesLecture__m_2()).Non-interference contract.0.key 
25993      INFO  main            d.u.i.k.p.i.AbstractProblemLoader Loading environment from /home/runner/work/key/key/key.core/../key.ui/examples/InformationFlow/MiniExamples/mini.MiniExamplesLecture(mini.MiniExamplesLecture__m_2()).Non-interference contract.0.key 
25993      DEBUG main            d.u.i.k.p.i.AbstractProblemLoader Environment load took 66.4ns 
25995      INFO  main            d.u.i.k.p.i.AbstractProblemLoader Creating init config 
28617      DEBUG main            d.u.i.k.p.i.AbstractProblemLoader Init config took 2.62s 
28665      INFO  main            d.u.i.k.p.i.AbstractProblemLoader Replaying proof mini.MiniExamplesLecture[mini.MiniExamplesLecture::m_2()].Non-interference contract.0 
28668      DEBUG main            d.u.i.k.p.i.IntermediateProofReplayer Proof replay took 13.4ns 
28871      INFO  main            d.u.i.k.p.r.p.TestFile    ... finished proof: closed. 
29014      INFO  main            d.u.i.k.p.r.p.TestFile    Now processing file /home/runner/work/key/key/key.core/../key.ui/examples/InformationFlow/MiniExamples/mini.MiniExamplesLecture(mini.MiniExamplesLecture__m_1()).Non-interference contract.0.key 
29014      INFO  main            d.u.i.k.p.i.AbstractProblemLoader Loading environment from /home/runner/work/key/key/key.core/../key.ui/examples/InformationFlow/MiniExamples/mini.MiniExamplesLecture(mini.MiniExamplesLecture__m_1()).Non-interference contract.0.key 
29014      DEBUG main            d.u.i.k.p.i.AbstractProblemLoader Environment load took 74.5ns 
29016      INFO  main            d.u.i.k.p.i.AbstractProblemLoader Creating init config 
31626      DEBUG main            d.u.i.k.p.i.AbstractProblemLoader Init config took 2.61s 
31671      INFO  main            d.u.i.k.p.i.AbstractProblemLoader Replaying proof mini.MiniExamplesLecture[mini.MiniExamplesLecture::m_1()].Non-interference contract.0 
31674      DEBUG main            d.u.i.k.p.i.IntermediateProofReplayer Proof replay took 14ns 
31878      INFO  main            d.u.i.k.p.r.p.TestFile    ... finished proof: open goal(s) 
32024      INFO  main            d.u.i.k.p.r.p.TestFile    Now processing file /home/runner/work/key/key/key.core/../key.ui/examples/InformationFlow/MiniExamples/mini.DifferenceSeqLocset(mini.DifferenceSeqLocset__m()).Non-interference contract.1.key 
32025      INFO  main            d.u.i.k.p.i.AbstractProblemLoader Loading environment from /home/runner/work/key/key/key.core/../key.ui/examples/InformationFlow/MiniExamples/mini.DifferenceSeqLocset(mini.DifferenceSeqLocset__m()).Non-interference contract.1.key 
32025      DEBUG main            d.u.i.k.p.i.AbstractProblemLoader Environment load took 70.8ns 
32026      INFO  main            d.u.i.k.p.i.AbstractProblemLoader Creating init config 
34628      DEBUG main            d.u.i.k.p.i.AbstractProblemLoader Init config took 2.6s 
34680      INFO  main            d.u.i.k.p.i.AbstractProblemLoader Replaying proof mini.DifferenceSeqLocset[mini.DifferenceSeqLocset::m()].Non-interference contract.1 
34684      DEBUG main            d.u.i.k.p.i.IntermediateProofReplayer Proof replay took 13.6ns 
35491      INFO  main            d.u.i.k.p.r.p.TestFile    ... finished proof: open goal(s) 
35646      INFO  main            d.u.i.k.p.r.p.TestFile    Now processing file /home/runner/work/key/key/key.core/../key.ui/examples/InformationFlow/MiniExamples/mini.DifferenceSeqLocset(mini.DifferenceSeqLocset__m()).Non-interference contract.0.key 
35646      INFO  main            d.u.i.k.p.i.AbstractProblemLoader Loading environment from /home/runner/work/key/key/key.core/../key.ui/examples/InformationFlow/MiniExamples/mini.DifferenceSeqLocset(mini.DifferenceSeqLocset__m()).Non-interference contract.0.key 
35647      DEBUG main            d.u.i.k.p.i.AbstractProblemLoader Environment load took 74ns 
35648      INFO  main            d.u.i.k.p.i.AbstractProblemLoader Creating init config 
38239      DEBUG main            d.u.i.k.p.i.AbstractProblemLoader Init config took 2.59s 
38305      INFO  main            d.u.i.k.p.i.AbstractProblemLoader Replaying proof mini.DifferenceSeqLocset[mini.DifferenceSeqLocset::m()].Non-interference contract.0 
38308      DEBUG main            d.u.i.k.p.i.IntermediateProofReplayer Proof replay took 14.9ns 
40149      INFO  main            d.u.i.k.p.r.p.TestFile    ... finished proof: open goal(s) 
40325      INFO  main            d.u.i.k.p.r.p.TestFile    Now processing file /home/runner/work/key/key/key.core/../key.ui/examples/InformationFlow/MiniExamples/mini.MiniExamples(mini.MiniExamples__secure_p2_8()).Non-interference contract.0.key 
40325      INFO  main            d.u.i.k.p.i.AbstractProblemLoader Loading environment from /home/runner/work/key/key/key.core/../key.ui/examples/InformationFlow/MiniExamples/mini.MiniExamples(mini.MiniExamples__secure_p2_8()).Non-interference contract.0.key 
40326      DEBUG main            d.u.i.k.p.i.AbstractProblemLoader Environment load took 126.4ns 
40327      INFO  main            d.u.i.k.p.i.AbstractProblemLoader Creating init config 
42914      DEBUG main            d.u.i.k.p.i.AbstractProblemLoader Init config took 2.59s 
42968      INFO  main            d.u.i.k.p.i.AbstractProblemLoader Replaying proof mini.MiniExamples[mini.MiniExamples::secure_p2_8()].Non-interference contract.0 
42971      DEBUG main            d.u.i.k.p.i.IntermediateProofReplayer Proof replay took 16ns 
43276      INFO  main            d.u.i.k.p.r.p.TestFile    ... finished proof: closed. 
43439      INFO  main            d.u.i.k.p.r.p.TestFile    Now processing file /home/runner/work/key/key/key.core/../key.ui/examples/InformationFlow/MiniExamples/mini.MiniExamples(mini.MiniExamples__secure_parameter(int)).Non-interference contract.0.key 
43439      INFO  main            d.u.i.k.p.i.AbstractProblemLoader Loading environment from /home/runner/work/key/key/key.core/../key.ui/examples/InformationFlow/MiniExamples/mini.MiniExamples(mini.MiniExamples__secure_parameter(int)).Non-interference contract.0.key 
43439      DEBUG main            d.u.i.k.p.i.AbstractProblemLoader Environment load took 75.6ns 
43440      INFO  main            d.u.i.k.p.i.AbstractProblemLoader Creating init config 
46028      DEBUG main            d.u.i.k.p.i.AbstractProblemLoader Init config took 2.59s 
46082      INFO  main            d.u.i.k.p.i.AbstractProblemLoader Replaying proof mini.MiniExamples[mini.MiniExamples::secure_parameter(int)].Non-interference contract.0 
46085      DEBUG main            d.u.i.k.p.i.IntermediateProofReplayer Proof replay took 15.5ns 
46187      INFO  main            d.u.i.k.p.r.p.TestFile    ... finished proof: closed. 
46342      INFO  main            d.u.i.k.p.r.p.TestFile    Now processing file /home/runner/work/key/key/key.core/../key.ui/examples/InformationFlow/MiniExamples/mini.MiniExamples(mini.MiniExamples__secure_p2_7()).Non-interference contract.0.key 
46342      INFO  main            d.u.i.k.p.i.AbstractProblemLoader Loading environment from /home/runner/work/key/key/key.core/../key.ui/examples/InformationFlow/MiniExamples/mini.MiniExamples(mini.MiniExamples__secure_p2_7()).Non-interference contract.0.key 
46342      DEBUG main            d.u.i.k.p.i.AbstractProblemLoader Environment load took 65.6ns 
46344      INFO  main            d.u.i.k.p.i.AbstractProblemLoader Creating init config 
48937      DEBUG main            d.u.i.k.p.i.AbstractProblemLoader Init config took 2.59s 
48980      INFO  main            d.u.i.k.p.i.AbstractProblemLoader Replaying proof mini.MiniExamples[mini.MiniExamples::secure_p2_7()].Non-interference contract.0 
48983      DEBUG main            d.u.i.k.p.i.IntermediateProofReplayer Proof replay took 14.9ns 
49286      INFO  main            d.u.i.k.p.r.p.TestFile    ... finished proof: closed. 
49449      INFO  main            d.u.i.k.p.r.p.TestFile    Now processing file /home/runner/work/key/key/key.core/../key.ui/examples/InformationFlow/MiniExamples/mini.MiniExamples(mini.MiniExamples__insecure_p2_2()).Non-interference contract.0.key 
49449      INFO  main            d.u.i.k.p.i.AbstractProblemLoader Loading environment from /home/runner/work/key/key/key.core/../key.ui/examples/InformationFlow/MiniExamples/mini.MiniExamples(mini.MiniExamples__insecure_p2_2()).Non-interference contract.0.key 
49450      DEBUG main            d.u.i.k.p.i.AbstractProblemLoader Environment load took 64.4ns 
49451      INFO  main            d.u.i.k.p.i.AbstractProblemLoader Creating init config 
52065      DEBUG main            d.u.i.k.p.i.AbstractProblemLoader Init config took 2.61s 
52115      INFO  main            d.u.i.k.p.i.AbstractProblemLoader Replaying proof mini.MiniExamples[mini.MiniExamples::insecure_p2_2()].Non-interference contract.0 
52120      DEBUG main            d.u.i.k.p.i.IntermediateProofReplayer Proof replay took 18.2ns 
52424      INFO  main            d.u.i.k.p.r.p.TestFile    ... finished proof: open goal(s) 
52593      INFO  main            d.u.i.k.p.r.p.TestFile    Now processing file /home/runner/work/key/key/key.core/../key.ui/examples/InformationFlow/MiniExamples/mini.MiniExamples(mini.MiniExamples__secure_p2_6()).Non-interference contract.0.key 
52594      INFO  main            d.u.i.k.p.i.AbstractProblemLoader Loading environment from /home/runner/work/key/key/key.core/../key.ui/examples/InformationFlow/MiniExamples/mini.MiniExamples(mini.MiniExamples__secure_p2_6()).Non-interference contract.0.key 
52594      DEBUG main            d.u.i.k.p.i.AbstractProblemLoader Environment load took 73ns 
52595      INFO  main            d.u.i.k.p.i.AbstractProblemLoader Creating init config 
55177      DEBUG main            d.u.i.k.p.i.AbstractProblemLoader Init config took 2.58s 
55219      INFO  main            d.u.i.k.p.i.AbstractProblemLoader Replaying proof mini.MiniExamples[mini.MiniExamples::secure_p2_6()].Non-interference contract.0 
55221      DEBUG main            d.u.i.k.p.i.IntermediateProofReplayer Proof replay took 16.3ns 
55326      INFO  main            d.u.i.k.p.r.p.TestFile    ... finished proof: closed. 
55487      INFO  main            d.u.i.k.p.r.p.TestFile    Now processing file /home/runner/work/key/key/key.core/../key.ui/examples/InformationFlow/MiniExamples/mini.MiniExamples(mini.MiniExamples__secure_p2_5()).Non-interference contract.0.key 
55492      INFO  main            d.u.i.k.p.i.AbstractProblemLoader Loading environment from /home/runner/work/key/key/key.core/../key.ui/examples/InformationFlow/MiniExamples/mini.MiniExamples(mini.MiniExamples__secure_p2_5()).Non-interference contract.0.key 
55493      DEBUG main            d.u.i.k.p.i.AbstractProblemLoader Environment load took 100.4ns 
55494      INFO  main            d.u.i.k.p.i.AbstractProblemLoader Creating init config 
58047      DEBUG main            d.u.i.k.p.i.AbstractProblemLoader Init config took 2.55s 
58088      INFO  main            d.u.i.k.p.i.AbstractProblemLoader Replaying proof mini.MiniExamples[mini.MiniExamples::secure_p2_5()].Non-interference contract.0 
58091      DEBUG main            d.u.i.k.p.i.IntermediateProofReplayer Proof replay took 15.9ns 
58295      INFO  main            d.u.i.k.p.r.p.TestFile    ... finished proof: closed. 
58474      INFO  main            d.u.i.k.p.r.p.TestFile    Now processing file /home/runner/work/key/key/key.core/../key.ui/examples/InformationFlow/MiniExamples/mini.MiniExamples(mini.MiniExamples__secure_p2_4()).Non-interference contract.0.key 
58474      INFO  main            d.u.i.k.p.i.AbstractProblemLoader Loading environment from /home/runner/work/key/key/key.core/../key.ui/examples/InformationFlow/MiniExamples/mini.MiniExamples(mini.MiniExamples__secure_p2_4()).Non-interference contract.0.key 
58474      DEBUG main            d.u.i.k.p.i.AbstractProblemLoader Environment load took 71.7ns 
58475      INFO  main            d.u.i.k.p.i.AbstractProblemLoader Creating init config 
61036      DEBUG main            d.u.i.k.p.i.AbstractProblemLoader Init config took 2.56s 
61076      INFO  main            d.u.i.k.p.i.AbstractProblemLoader Replaying proof mini.MiniExamples[mini.MiniExamples::secure_p2_4()].Non-interference contract.0 
61079      DEBUG main            d.u.i.k.p.i.IntermediateProofReplayer Proof replay took 27.9ns 
61284      INFO  main            d.u.i.k.p.r.p.TestFile    ... finished proof: closed. 
61448      INFO  main            d.u.i.k.p.r.p.TestFile    Now processing file /home/runner/work/key/key/key.core/../key.ui/examples/InformationFlow/MiniExamples/mini.MiniExamples(mini.MiniExamples__secure_p2_3()).Non-interference contract.0.key 
61448      INFO  main            d.u.i.k.p.i.AbstractProblemLoader Loading environment from /home/runner/work/key/key/key.core/../key.ui/examples/InformationFlow/MiniExamples/mini.MiniExamples(mini.MiniExamples__secure_p2_3()).Non-interference contract.0.key 
61448      DEBUG main            d.u.i.k.p.i.AbstractProblemLoader Environment load took 73.3ns 
61449      INFO  main            d.u.i.k.p.i.AbstractProblemLoader Creating init config 
63989      DEBUG main            d.u.i.k.p.i.AbstractProblemLoader Init config took 2.54s 
64028      INFO  main            d.u.i.k.p.i.AbstractProblemLoader Replaying proof mini.MiniExamples[mini.MiniExamples::secure_p2_3()].Non-interference contract.0 
64030      DEBUG main            d.u.i.k.p.i.IntermediateProofReplayer Proof replay took 15.5ns 
64132      INFO  main            d.u.i.k.p.r.p.TestFile    ... finished proof: closed. 
64305      INFO  main            d.u.i.k.p.r.p.TestFile    Now processing file /home/runner/work/key/key/key.core/../key.ui/examples/InformationFlow/MiniExamples/mini.MiniExamples(mini.MiniExamples__secure_p2_2()).Non-interference contract.0.key 
64305      INFO  main            d.u.i.k.p.i.AbstractProblemLoader Loading environment from /home/runner/work/key/key/key.core/../key.ui/examples/InformationFlow/MiniExamples/mini.MiniExamples(mini.MiniExamples__secure_p2_2()).Non-interference contract.0.key 
64305      DEBUG main            d.u.i.k.p.i.AbstractProblemLoader Environment load took 64.9ns 
64307      INFO  main            d.u.i.k.p.i.AbstractProblemLoader Creating init config 
66846      DEBUG main            d.u.i.k.p.i.AbstractProblemLoader Init config took 2.54s 
66884      INFO  main            d.u.i.k.p.i.AbstractProblemLoader Replaying proof mini.MiniExamples[mini.MiniExamples::secure_p2_2()].Non-interference contract.0 
66886      DEBUG main            d.u.i.k.p.i.IntermediateProofReplayer Proof replay took 15.7ns 
66991      INFO  main            d.u.i.k.p.r.p.TestFile    ... finished proof: closed. 
67162      INFO  main            d.u.i.k.p.r.p.TestFile    Now processing file /home/runner/work/key/key/key.core/../key.ui/examples/InformationFlow/MiniExamples/mini.MiniExamples(mini.MiniExamples__secure_p2_1()).Non-interference contract.0.key 
67162      INFO  main            d.u.i.k.p.i.AbstractProblemLoader Loading environment from /home/runner/work/key/key/key.core/../key.ui/examples/InformationFlow/MiniExamples/mini.MiniExamples(mini.MiniExamples__secure_p2_1()).Non-interference contract.0.key 
67163      DEBUG main            d.u.i.k.p.i.AbstractProblemLoader Environment load took 114.7ns 
67164      INFO  main            d.u.i.k.p.i.AbstractProblemLoader Creating init config 
69733      DEBUG main            d.u.i.k.p.i.AbstractProblemLoader Init config took 2.57s 
69771      INFO  main            d.u.i.k.p.i.AbstractProblemLoader Replaying proof mini.MiniExamples[mini.MiniExamples::secure_p2_1()].Non-interference contract.0 
69774      DEBUG main            d.u.i.k.p.i.IntermediateProofReplayer Proof replay took 15.2ns 
69880      INFO  main            d.u.i.k.p.r.p.TestFile    ... finished proof: closed. 
70059      INFO  main            d.u.i.k.p.r.p.TestFile    Now processing file /home/runner/work/key/key/key.core/../key.ui/examples/InformationFlow/MiniExamples/mini.MiniExamples(mini.MiniExamples__insecure_p2_1()).Non-interference contract.0.key 
70059      INFO  main            d.u.i.k.p.i.AbstractProblemLoader Loading environment from /home/runner/work/key/key/key.core/../key.ui/examples/InformationFlow/MiniExamples/mini.MiniExamples(mini.MiniExamples__insecure_p2_1()).Non-interference contract.0.key 
70059      DEBUG main            d.u.i.k.p.i.AbstractProblemLoader Environment load took 121.3ns 
70061      INFO  main            d.u.i.k.p.i.AbstractProblemLoader Creating init config 
72646      DEBUG main            d.u.i.k.p.i.AbstractProblemLoader Init config took 2.58s 
72686      INFO  main            d.u.i.k.p.i.AbstractProblemLoader Replaying proof mini.MiniExamples[mini.MiniExamples::insecure_p2_1()].Non-interference contract.0 
72689      DEBUG main            d.u.i.k.p.i.IntermediateProofReplayer Proof replay took 19.8ns 
72792      INFO  main            d.u.i.k.p.r.p.TestFile    ... finished proof: open goal(s) 
72973      INFO  main            d.u.i.k.p.r.p.TestFile    Now processing file /home/runner/work/key/key/key.core/../key.ui/examples/InformationFlow/MiniExamples/mini.MiniExamples(mini.MiniExamples__secure_p1_6()).Non-interference contract.0.key 
72973      INFO  main            d.u.i.k.p.i.AbstractProblemLoader Loading environment from /home/runner/work/key/key/key.core/../key.ui/examples/InformationFlow/MiniExamples/mini.MiniExamples(mini.MiniExamples__secure_p1_6()).Non-interference contract.0.key 
72973      DEBUG main            d.u.i.k.p.i.AbstractProblemLoader Environment load took 75.7ns 
72975      INFO  main            d.u.i.k.p.i.AbstractProblemLoader Creating init config 
75506      DEBUG main            d.u.i.k.p.i.AbstractProblemLoader Init config took 2.53s 
75544      INFO  main            d.u.i.k.p.i.AbstractProblemLoader Replaying proof mini.MiniExamples[mini.MiniExamples::secure_p1_6()].Non-interference contract.0 
75547      DEBUG main            d.u.i.k.p.i.IntermediateProofReplayer Proof replay took 15.7ns 
75649      INFO  main            d.u.i.k.p.r.p.TestFile    ... finished proof: closed. 
75832      INFO  main            d.u.i.k.p.r.p.TestFile    Now processing file /home/runner/work/key/key/key.core/../key.ui/examples/InformationFlow/MiniExamples/mini.MiniExamples(mini.MiniExamples__secure_p1_5()).Non-interference contract.0.key 
75833      INFO  main            d.u.i.k.p.i.AbstractProblemLoader Loading environment from /home/runner/work/key/key/key.core/../key.ui/examples/InformationFlow/MiniExamples/mini.MiniExamples(mini.MiniExamples__secure_p1_5()).Non-interference contract.0.key 
75833      DEBUG main            d.u.i.k.p.i.AbstractProblemLoader Environment load took 73ns 
75834      INFO  main            d.u.i.k.p.i.AbstractProblemLoader Creating init config 
78383      DEBUG main            d.u.i.k.p.i.AbstractProblemLoader Init config took 2.55s 
78431      INFO  main            d.u.i.k.p.i.AbstractProblemLoader Replaying proof mini.MiniExamples[mini.MiniExamples::secure_p1_5()].Non-interference contract.0 
78433      DEBUG main            d.u.i.k.p.i.IntermediateProofReplayer Proof replay took 14.3ns 
78739      INFO  main            d.u.i.k.p.r.p.TestFile    ... finished proof: closed. 
78934      INFO  main            d.u.i.k.p.r.p.TestFile    Now processing file /home/runner/work/key/key/key.core/../key.ui/examples/InformationFlow/MiniExamples/mini.MiniExamples(mini.MiniExamples__secure_p1_4()).Non-interference contract.0.key 
78935      INFO  main            d.u.i.k.p.i.AbstractProblemLoader Loading environment from /home/runner/work/key/key/key.core/../key.ui/examples/InformationFlow/MiniExamples/mini.MiniExamples(mini.MiniExamples__secure_p1_4()).Non-interference contract.0.key 
78935      DEBUG main            d.u.i.k.p.i.AbstractProblemLoader Environment load took 73.2ns 
78936      INFO  main            d.u.i.k.p.i.AbstractProblemLoader Creating init config 
81475      DEBUG main            d.u.i.k.p.i.AbstractProblemLoader Init config took 2.54s 
81512      INFO  main            d.u.i.k.p.i.AbstractProblemLoader Replaying proof mini.MiniExamples[mini.MiniExamples::secure_p1_4()].Non-interference contract.0 
81515      DEBUG main            d.u.i.k.p.i.IntermediateProofReplayer Proof replay took 14.3ns 
81832      INFO  main            d.u.i.k.p.r.p.TestFile    ... finished proof: closed. 
82017      INFO  main            d.u.i.k.p.r.p.TestFile    Now processing file /home/runner/work/key/key/key.core/../key.ui/examples/InformationFlow/MiniExamples/mini.MiniExamples(mini.MiniExamples__secure_p1_3()).Non-interference contract.0.key 
82017      INFO  main            d.u.i.k.p.i.AbstractProblemLoader Loading environment from /home/runner/work/key/key/key.core/../key.ui/examples/InformationFlow/MiniExamples/mini.MiniExamples(mini.MiniExamples__secure_p1_3()).Non-interference contract.0.key 
82017      DEBUG main            d.u.i.k.p.i.AbstractProblemLoader Environment load took 65.6ns 
82018      INFO  main            d.u.i.k.p.i.AbstractProblemLoader Creating init config 
84542      DEBUG main            d.u.i.k.p.i.AbstractProblemLoader Init config took 2.52s 
84579      INFO  main            d.u.i.k.p.i.AbstractProblemLoader Replaying proof mini.MiniExamples[mini.MiniExamples::secure_p1_3()].Non-interference contract.0 
84581      DEBUG main            d.u.i.k.p.i.IntermediateProofReplayer Proof replay took 14.9ns 
84784      INFO  main            d.u.i.k.p.r.p.TestFile    ... finished proof: closed. 
84967      INFO  main            d.u.i.k.p.r.p.TestFile    Now processing file /home/runner/work/key/key/key.core/../key.ui/examples/InformationFlow/MiniExamples/mini.MiniExamples(mini.MiniExamples__secure_p1_2()).Non-interference contract.0.key 
84968      INFO  main            d.u.i.k.p.i.AbstractProblemLoader Loading environment from /home/runner/work/key/key/key.core/../key.ui/examples/InformationFlow/MiniExamples/mini.MiniExamples(mini.MiniExamples__secure_p1_2()).Non-interference contract.0.key 
84968      DEBUG main            d.u.i.k.p.i.AbstractProblemLoader Environment load took 80ns 
84969      INFO  main            d.u.i.k.p.i.AbstractProblemLoader Creating init config 
87482      DEBUG main            d.u.i.k.p.i.AbstractProblemLoader Init config took 2.51s 
87524      INFO  main            d.u.i.k.p.i.AbstractProblemLoader Replaying proof mini.MiniExamples[mini.MiniExamples::secure_p1_2()].Non-interference contract.0 
87529      DEBUG main            d.u.i.k.p.i.IntermediateProofReplayer Proof replay took 19.7ns 
87859      INFO  main            d.u.i.k.p.r.p.TestFile    ... finished proof: closed. 
88056      INFO  main            d.u.i.k.p.r.p.TestFile    Now processing file /home/runner/work/key/key/key.core/../key.ui/examples/InformationFlow/MiniExamples/mini.MiniExamples(mini.MiniExamples__secure_p1_1()).Non-interference contract.1.key 
88056      INFO  main            d.u.i.k.p.i.AbstractProblemLoader Loading environment from /home/runner/work/key/key/key.core/../key.ui/examples/InformationFlow/MiniExamples/mini.MiniExamples(mini.MiniExamples__secure_p1_1()).Non-interference contract.1.key 
88056      DEBUG main            d.u.i.k.p.i.AbstractProblemLoader Environment load took 70.5ns 
88057      INFO  main            d.u.i.k.p.i.AbstractProblemLoader Creating init config 
90563      DEBUG main            d.u.i.k.p.i.AbstractProblemLoader Init config took 2.51s 
90601      INFO  main            d.u.i.k.p.i.AbstractProblemLoader Replaying proof mini.MiniExamples[mini.MiniExamples::secure_p1_1()].Non-interference contract.1 
90604      DEBUG main            d.u.i.k.p.i.IntermediateProofReplayer Proof replay took 16.8ns 
90806      INFO  main            d.u.i.k.p.r.p.TestFile    ... finished proof: closed. 
91005      INFO  main            d.u.i.k.p.r.p.TestFile    Now processing file /home/runner/work/key/key/key.core/../key.ui/examples/InformationFlow/MiniExamples/mini.MiniExamples(mini.MiniExamples__secure_p1_1()).Non-interference contract.0.key 
91005      INFO  main            d.u.i.k.p.i.AbstractProblemLoader Loading environment from /home/runner/work/key/key/key.core/../key.ui/examples/InformationFlow/MiniExamples/mini.MiniExamples(mini.MiniExamples__secure_p1_1()).Non-interference contract.0.key 
91005      DEBUG main            d.u.i.k.p.i.AbstractProblemLoader Environment load took 69.4ns 
91007      INFO  main            d.u.i.k.p.i.AbstractProblemLoader Creating init config 
93514      DEBUG main            d.u.i.k.p.i.AbstractProblemLoader Init config took 2.51s 
93553      INFO  main            d.u.i.k.p.i.AbstractProblemLoader Replaying proof mini.MiniExamples[mini.MiniExamples::secure_p1_1()].Non-interference contract.0 
93555      DEBUG main            d.u.i.k.p.i.IntermediateProofReplayer Proof replay took 15.3ns 
93757      INFO  main            d.u.i.k.p.r.p.TestFile    ... finished proof: closed. 
93960      INFO  main            d.u.i.k.p.r.p.TestFile    Now processing file /home/runner/work/key/key/key.core/../key.ui/examples/InformationFlow/MiniExamples/mini.MiniExamples(mini.MiniExamples__insecure_p1_2()).Non-interference contract.0.key 
93960      INFO  main            d.u.i.k.p.i.AbstractProblemLoader Loading environment from /home/runner/work/key/key/key.core/../key.ui/examples/InformationFlow/MiniExamples/mini.MiniExamples(mini.MiniExamples__insecure_p1_2()).Non-interference contract.0.key 
93960      DEBUG main            d.u.i.k.p.i.AbstractProblemLoader Environment load took 119ns 
93962      INFO  main            d.u.i.k.p.i.AbstractProblemLoader Creating init config 
96470      DEBUG main            d.u.i.k.p.i.AbstractProblemLoader Init config took 2.51s 
96506      INFO  main            d.u.i.k.p.i.AbstractProblemLoader Replaying proof mini.MiniExamples[mini.MiniExamples::insecure_p1_2()].Non-interference contract.0 
96508      DEBUG main            d.u.i.k.p.i.IntermediateProofReplayer Proof replay took 15.9ns 
96711      INFO  main            d.u.i.k.p.r.p.TestFile    ... finished proof: open goal(s) 
96931      INFO  main            d.u.i.k.p.r.p.TestFile    Now processing file /home/runner/work/key/key/key.core/../key.ui/examples/InformationFlow/MiniExamples/mini.MiniExamples(mini.MiniExamples__insecure_p1_1()).Non-interference contract.0.key 
96931      INFO  main            d.u.i.k.p.i.AbstractProblemLoader Loading environment from /home/runner/work/key/key/key.core/../key.ui/examples/InformationFlow/MiniExamples/mini.MiniExamples(mini.MiniExamples__insecure_p1_1()).Non-interference contract.0.key 
96931      DEBUG main            d.u.i.k.p.i.AbstractProblemLoader Environment load took 69.2ns 
96933      INFO  main            d.u.i.k.p.i.AbstractProblemLoader Creating init config 
99452      DEBUG main            d.u.i.k.p.i.AbstractProblemLoader Init config took 2.52s 
99488      INFO  main            d.u.i.k.p.i.AbstractProblemLoader Replaying proof mini.MiniExamples[mini.MiniExamples::insecure_p1_1()].Non-interference contract.0 
99491      DEBUG main            d.u.i.k.p.i.IntermediateProofReplayer Proof replay took 14.7ns 
99594      INFO  main            d.u.i.k.p.r.p.TestFile    ... finished proof: open goal(s) 
1188111    INFO  Test worker     d.u.i.k.p.r.p.StatisticsFile Returning from test MiniExamples_nomacro 
1188115    INFO  Test worker     d.u.i.k.p.r.p.StatisticsFile Running test NewObjects_nomacro 
340        INFO  Timeout watchdog d.u.i.k.p.r.p.ForkedTestFileRunner Timeout watcher launched (1000 secs.) 
347        WARN  main            d.u.i.k.s.ProofSettings   The settings in /home/runner/.key/proof-settings.props are *not* read. 
372        INFO  main            d.u.i.k.p.r.p.TestFile    Now processing file /home/runner/work/key/key/key.core/../key.ui/examples/InformationFlow/NewObjects/object.AmtoftBanerjee3(object.AmtoftBanerjee3__m()).Non-interference contract.0.key 
476        INFO  main            d.u.i.k.p.i.AbstractProblemLoader Loading environment from /home/runner/work/key/key/key.core/../key.ui/examples/InformationFlow/NewObjects/object.AmtoftBanerjee3(object.AmtoftBanerjee3__m()).Non-interference contract.0.key 
496        DEBUG main            d.u.i.k.p.i.AbstractProblemLoader Environment load took 2.59ms 
728        INFO  main            d.u.i.k.p.i.AbstractProblemLoader Creating init config 
1640       DEBUG main            d.u.i.k.j.TypeConverter   No LDT found for Meta 
1645       DEBUG main            d.u.i.k.j.TypeConverter   No LDT found for Meta 
1646       DEBUG main            d.u.i.k.j.TypeConverter   No LDT found for Meta 
1649       DEBUG main            d.u.i.k.j.TypeConverter   No LDT found for Meta 
3070       DEBUG main            d.u.i.k.j.TypeConverter   No LDT found for JavaBigintExpression 
5869       DEBUG main            d.u.i.k.j.r.ClassPreparationMethodBuilder clPrepBuilder: Inner Class detected. Reject building class initialisation methods. 
8423       DEBUG main            d.u.i.k.p.i.AbstractProblemLoader Init config took 7.7s 
8566       INFO  main            d.u.i.k.p.i.AbstractProblemLoader Replaying proof object.AmtoftBanerjee3[object.AmtoftBanerjee3::m()].Non-interference contract.0 
8632       DEBUG main            d.u.i.k.p.i.IntermediateProofReplayer Proof replay took 365.9ns 
9455       INFO  main            d.u.i.k.p.r.p.TestFile    ... finished proof: closed. 
9565       INFO  main            d.u.i.k.p.r.p.TestFile    Now processing file /home/runner/work/key/key/key.core/../key.ui/examples/InformationFlow/NewObjects/object.AmtoftBanerjee(object.AmtoftBanerjee__m_2()).Non-interference contract.0.key 
9566       INFO  main            d.u.i.k.p.i.AbstractProblemLoader Loading environment from /home/runner/work/key/key/key.core/../key.ui/examples/InformationFlow/NewObjects/object.AmtoftBanerjee(object.AmtoftBanerjee__m_2()).Non-interference contract.0.key 
9566       DEBUG main            d.u.i.k.p.i.AbstractProblemLoader Environment load took 352.11ns 
9568       INFO  main            d.u.i.k.p.i.AbstractProblemLoader Creating init config 
10671      DEBUG main            d.u.i.k.j.r.ClassPreparationMethodBuilder clPrepBuilder: Inner Class detected. Reject building class initialisation methods. 
12834      DEBUG main            d.u.i.k.p.i.AbstractProblemLoader Init config took 3.27s 
12906      INFO  main            d.u.i.k.p.i.AbstractProblemLoader Replaying proof object.AmtoftBanerjee[object.AmtoftBanerjee::m_2()].Non-interference contract.0 
12913      DEBUG main            d.u.i.k.p.i.IntermediateProofReplayer Proof replay took 11.7ns 
14222      INFO  main            d.u.i.k.p.r.p.TestFile    ... finished proof: closed. 
14403      INFO  main            d.u.i.k.p.r.p.TestFile    Now processing file /home/runner/work/key/key/key.core/../key.ui/examples/InformationFlow/NewObjects/object.AmtoftBanerjee(object.AmtoftBanerjee__m_1()).Non-interference contract.1.key 
14403      INFO  main            d.u.i.k.p.i.AbstractProblemLoader Loading environment from /home/runner/work/key/key/key.core/../key.ui/examples/InformationFlow/NewObjects/object.AmtoftBanerjee(object.AmtoftBanerjee__m_1()).Non-interference contract.1.key 
14404      DEBUG main            d.u.i.k.p.i.AbstractProblemLoader Environment load took 85.3ns 
14405      INFO  main            d.u.i.k.p.i.AbstractProblemLoader Creating init config 
15370      DEBUG main            d.u.i.k.j.r.ClassPreparationMethodBuilder clPrepBuilder: Inner Class detected. Reject building class initialisation methods. 
17373      DEBUG main            d.u.i.k.p.i.AbstractProblemLoader Init config took 2.97s 
17433      INFO  main            d.u.i.k.p.i.AbstractProblemLoader Replaying proof object.AmtoftBanerjee[object.AmtoftBanerjee::m_1()].Non-interference contract.1 
17440      DEBUG main            d.u.i.k.p.i.IntermediateProofReplayer Proof replay took 14.6ns 
17955      INFO  main            d.u.i.k.p.r.p.TestFile    ... finished proof: open goal(s) 
18088      INFO  main            d.u.i.k.p.r.p.TestFile    Now processing file /home/runner/work/key/key/key.core/../key.ui/examples/InformationFlow/NewObjects/object.AmtoftBanerjee(object.AmtoftBanerjee__m_1()).Non-interference contract.0.key 
18088      INFO  main            d.u.i.k.p.i.AbstractProblemLoader Loading environment from /home/runner/work/key/key/key.core/../key.ui/examples/InformationFlow/NewObjects/object.AmtoftBanerjee(object.AmtoftBanerjee__m_1()).Non-interference contract.0.key 
18089      DEBUG main            d.u.i.k.p.i.AbstractProblemLoader Environment load took 973.71ns 
18091      INFO  main            d.u.i.k.p.i.AbstractProblemLoader Creating init config 
19052      DEBUG main            d.u.i.k.j.r.ClassPreparationMethodBuilder clPrepBuilder: Inner Class detected. Reject building class initialisation methods. 
21020      DEBUG main            d.u.i.k.p.i.AbstractProblemLoader Init config took 2.93s 
21083      INFO  main            d.u.i.k.p.i.AbstractProblemLoader Replaying proof object.AmtoftBanerjee[object.AmtoftBanerjee::m_1()].Non-interference contract.0 
21086      DEBUG main            d.u.i.k.p.i.IntermediateProofReplayer Proof replay took 13.7ns 
21592      INFO  main            d.u.i.k.p.r.p.TestFile    ... finished proof: closed. 
21789      INFO  main            d.u.i.k.p.r.p.TestFile    Now processing file /home/runner/work/key/key/key.core/../key.ui/examples/InformationFlow/NewObjects/object.AmtoftBanerjee(object.AmtoftBanerjee__getQ()).Non-interference contract.0.key 
21789      INFO  main            d.u.i.k.p.i.AbstractProblemLoader Loading environment from /home/runner/work/key/key/key.core/../key.ui/examples/InformationFlow/NewObjects/object.AmtoftBanerjee(object.AmtoftBanerjee__getQ()).Non-interference contract.0.key 
21789      DEBUG main            d.u.i.k.p.i.AbstractProblemLoader Environment load took 68.8ns 
21791      INFO  main            d.u.i.k.p.i.AbstractProblemLoader Creating init config 
22714      DEBUG main            d.u.i.k.j.r.ClassPreparationMethodBuilder clPrepBuilder: Inner Class detected. Reject building class initialisation methods. 
24690      DEBUG main            d.u.i.k.p.i.AbstractProblemLoader Init config took 2.9s 
24750      INFO  main            d.u.i.k.p.i.AbstractProblemLoader Replaying proof object.AmtoftBanerjee[object.AmtoftBanerjee::getQ()].Non-interference contract.0 
24754      DEBUG main            d.u.i.k.p.i.IntermediateProofReplayer Proof replay took 14.8ns 
24856      INFO  main            d.u.i.k.p.r.p.TestFile    ... finished proof: closed. 
24986      INFO  main            d.u.i.k.p.r.p.TestFile    Now processing file /home/runner/work/key/key/key.core/../key.ui/examples/InformationFlow/NewObjects/object.ObjectOrientation(object.ObjectOrientation__secure_while_i((Ljava.lang.Object)).Non-interference contract.0.key 
24986      INFO  main            d.u.i.k.p.i.AbstractProblemLoader Loading environment from /home/runner/work/key/key/key.core/../key.ui/examples/InformationFlow/NewObjects/object.ObjectOrientation(object.ObjectOrientation__secure_while_i((Ljava.lang.Object)).Non-interference contract.0.key 
24986      DEBUG main            d.u.i.k.p.i.AbstractProblemLoader Environment load took 84.8ns 
24988      INFO  main            d.u.i.k.p.i.AbstractProblemLoader Creating init config 
25873      DEBUG main            d.u.i.k.j.r.ClassPreparationMethodBuilder clPrepBuilder: Inner Class detected. Reject building class initialisation methods. 
27850      DEBUG main            d.u.i.k.p.i.AbstractProblemLoader Init config took 2.86s 
27899      INFO  main            d.u.i.k.p.i.AbstractProblemLoader Replaying proof object.ObjectOrientation[object.ObjectOrientation::secure_while_i([Ljava.lang.Object)].Non-interference contract.0 
27903      DEBUG main            d.u.i.k.p.i.IntermediateProofReplayer Proof replay took 12.4ns 
37177      INFO  main            d.u.i.k.p.r.p.TestFile    ... finished proof: closed. 
37373      INFO  main            d.u.i.k.p.r.p.TestFile    Now processing file /home/runner/work/key/key/key.core/../key.ui/examples/InformationFlow/NewObjects/object.ObjectOrientation(object.ObjectOrientation__secure_method_call()).Non-interference contract.0.key 
37373      INFO  main            d.u.i.k.p.i.AbstractProblemLoader Loading environment from /home/runner/work/key/key/key.core/../key.ui/examples/InformationFlow/NewObjects/object.ObjectOrientation(object.ObjectOrientation__secure_method_call()).Non-interference contract.0.key 
37374      DEBUG main            d.u.i.k.p.i.AbstractProblemLoader Environment load took 111.4ns 
37377      INFO  main            d.u.i.k.p.i.AbstractProblemLoader Creating init config 
38261      DEBUG main            d.u.i.k.j.r.ClassPreparationMethodBuilder clPrepBuilder: Inner Class detected. Reject building class initialisation methods. 
40206      DEBUG main            d.u.i.k.p.i.AbstractProblemLoader Init config took 2.83s 
40253      INFO  main            d.u.i.k.p.i.AbstractProblemLoader Replaying proof object.ObjectOrientation[object.ObjectOrientation::secure_method_call()].Non-interference contract.0 
40256      DEBUG main            d.u.i.k.p.i.IntermediateProofReplayer Proof replay took 16.2ns 
40762      INFO  main            d.u.i.k.p.r.p.TestFile    ... finished proof: closed. 
40910      INFO  main            d.u.i.k.p.r.p.TestFile    Now processing file /home/runner/work/key/key/key.core/../key.ui/examples/InformationFlow/NewObjects/object.ObjectOrientation(object.ObjectOrientation__if_two_object_creation_next()).Non-interference contract.1.key 
40910      INFO  main            d.u.i.k.p.i.AbstractProblemLoader Loading environment from /home/runner/work/key/key/key.core/../key.ui/examples/InformationFlow/NewObjects/object.ObjectOrientation(object.ObjectOrientation__if_two_object_creation_next()).Non-interference contract.1.key 
40910      DEBUG main            d.u.i.k.p.i.AbstractProblemLoader Environment load took 77.5ns 
40911      INFO  main            d.u.i.k.p.i.AbstractProblemLoader Creating init config 
41792      DEBUG main            d.u.i.k.j.r.ClassPreparationMethodBuilder clPrepBuilder: Inner Class detected. Reject building class initialisation methods. 
43754      DEBUG main            d.u.i.k.p.i.AbstractProblemLoader Init config took 2.84s 
43802      INFO  main            d.u.i.k.p.i.AbstractProblemLoader Replaying proof object.ObjectOrientation[object.ObjectOrientation::if_two_object_creation_next()].Non-interference contract.1 
43805      DEBUG main            d.u.i.k.p.i.IntermediateProofReplayer Proof replay took 14.2ns 
62209      INFO  main            d.u.i.k.p.r.p.TestFile    ... finished proof: open goal(s) 
62433      INFO  main            d.u.i.k.p.r.p.TestFile    Now processing file /home/runner/work/key/key/key.core/../key.ui/examples/InformationFlow/NewObjects/object.ObjectOrientation(object.ObjectOrientation__insecure_two_object_creation()).Non-interference contract.0.key 
62433      INFO  main            d.u.i.k.p.i.AbstractProblemLoader Loading environment from /home/runner/work/key/key/key.core/../key.ui/examples/InformationFlow/NewObjects/object.ObjectOrientation(object.ObjectOrientation__insecure_two_object_creation()).Non-interference contract.0.key 
62433      DEBUG main            d.u.i.k.p.i.AbstractProblemLoader Environment load took 88.3ns 
62435      INFO  main            d.u.i.k.p.i.AbstractProblemLoader Creating init config 
63317      DEBUG main            d.u.i.k.j.r.ClassPreparationMethodBuilder clPrepBuilder: Inner Class detected. Reject building class initialisation methods. 
65231      DEBUG main            d.u.i.k.p.i.AbstractProblemLoader Init config took 2.8s 
65276      INFO  main            d.u.i.k.p.i.AbstractProblemLoader Replaying proof object.ObjectOrientation[object.ObjectOrientation::insecure_two_object_creation()].Non-interference contract.0 
65279      DEBUG main            d.u.i.k.p.i.IntermediateProofReplayer Proof replay took 15ns 
83501      INFO  main            d.u.i.k.p.r.p.TestFile    ... finished proof: open goal(s) 
83816      INFO  main            d.u.i.k.p.r.p.TestFile    Now processing file /home/runner/work/key/key/key.core/../key.ui/examples/InformationFlow/NewObjects/object.ObjectOrientation(object.ObjectOrientation__secure_two_object_creation()).Non-interference contract.0.key 
83816      INFO  main            d.u.i.k.p.i.AbstractProblemLoader Loading environment from /home/runner/work/key/key/key.core/../key.ui/examples/InformationFlow/NewObjects/object.ObjectOrientation(object.ObjectOrientation__secure_two_object_creation()).Non-interference contract.0.key 
83817      DEBUG main            d.u.i.k.p.i.AbstractProblemLoader Environment load took 66.7ns 
83818      INFO  main            d.u.i.k.p.i.AbstractProblemLoader Creating init config 
84703      DEBUG main            d.u.i.k.j.r.ClassPreparationMethodBuilder clPrepBuilder: Inner Class detected. Reject building class initialisation methods. 
86598      DEBUG main            d.u.i.k.p.i.AbstractProblemLoader Init config took 2.78s 
86644      INFO  main            d.u.i.k.p.i.AbstractProblemLoader Replaying proof object.ObjectOrientation[object.ObjectOrientation::secure_two_object_creation()].Non-interference contract.0 
86647      DEBUG main            d.u.i.k.p.i.IntermediateProofReplayer Proof replay took 13.8ns 
99335      INFO  main            d.u.i.k.p.r.p.TestFile    ... finished proof: closed. 
99614      INFO  main            d.u.i.k.p.r.p.TestFile    Now processing file /home/runner/work/key/key/key.core/../key.ui/examples/InformationFlow/NewObjects/object.ObjectOrientation(object.ObjectOrientation__insecure_object_assignment()).Non-interference contract.1.key 
99615      INFO  main            d.u.i.k.p.i.AbstractProblemLoader Loading environment from /home/runner/work/key/key/key.core/../key.ui/examples/InformationFlow/NewObjects/object.ObjectOrientation(object.ObjectOrientation__insecure_object_assignment()).Non-interference contract.1.key 
99615      DEBUG main            d.u.i.k.p.i.AbstractProblemLoader Environment load took 109.8ns 
99616      INFO  main            d.u.i.k.p.i.AbstractProblemLoader Creating init config 
100501     DEBUG main            d.u.i.k.j.r.ClassPreparationMethodBuilder clPrepBuilder: Inner Class detected. Reject building class initialisation methods. 
102393     DEBUG main            d.u.i.k.p.i.AbstractProblemLoader Init config took 2.78s 
102437     INFO  main            d.u.i.k.p.i.AbstractProblemLoader Replaying proof object.ObjectOrientation[object.ObjectOrientation::insecure_object_assignment()].Non-interference contract.1 
102440     DEBUG main            d.u.i.k.p.i.IntermediateProofReplayer Proof replay took 14ns 
110898     INFO  main            d.u.i.k.p.r.p.TestFile    ... finished proof: open goal(s) 
111104     INFO  main            d.u.i.k.p.r.p.TestFile    Now processing file /home/runner/work/key/key/key.core/../key.ui/examples/InformationFlow/NewObjects/object.ObjectOrientation(object.ObjectOrientation__insecure_object_assignment()).Non-interference contract.0.key 
111104     INFO  main            d.u.i.k.p.i.AbstractProblemLoader Loading environment from /home/runner/work/key/key/key.core/../key.ui/examples/InformationFlow/NewObjects/object.ObjectOrientation(object.ObjectOrientation__insecure_object_assignment()).Non-interference contract.0.key 
111104     DEBUG main            d.u.i.k.p.i.AbstractProblemLoader Environment load took 64.4ns 
111106     INFO  main            d.u.i.k.p.i.AbstractProblemLoader Creating init config 
111975     DEBUG main            d.u.i.k.j.r.ClassPreparationMethodBuilder clPrepBuilder: Inner Class detected. Reject building class initialisation methods. 
113900     DEBUG main            d.u.i.k.p.i.AbstractProblemLoader Init config took 2.79s 
113959     INFO  main            d.u.i.k.p.i.AbstractProblemLoader Replaying proof object.ObjectOrientation[object.ObjectOrientation::insecure_object_assignment()].Non-interference contract.0 
113963     DEBUG main            d.u.i.k.p.i.IntermediateProofReplayer Proof replay took 15.6ns 
114166     INFO  main            d.u.i.k.p.r.p.TestFile    ... finished proof: open goal(s) 
114352     INFO  main            d.u.i.k.p.r.p.TestFile    Now processing file /home/runner/work/key/key/key.core/../key.ui/examples/InformationFlow/NewObjects/object.ObjectOrientation(object.ObjectOrientation__secure_object_creation_3()).Non-interference contract.0.key 
114352     INFO  main            d.u.i.k.p.i.AbstractProblemLoader Loading environment from /home/runner/work/key/key/key.core/../key.ui/examples/InformationFlow/NewObjects/object.ObjectOrientation(object.ObjectOrientation__secure_object_creation_3()).Non-interference contract.0.key 
114352     DEBUG main            d.u.i.k.p.i.AbstractProblemLoader Environment load took 69.7ns 
114353     INFO  main            d.u.i.k.p.i.AbstractProblemLoader Creating init config 
115245     DEBUG main            d.u.i.k.j.r.ClassPreparationMethodBuilder clPrepBuilder: Inner Class detected. Reject building class initialisation methods. 
117151     DEBUG main            d.u.i.k.p.i.AbstractProblemLoader Init config took 2.8s 
117202     INFO  main            d.u.i.k.p.i.AbstractProblemLoader Replaying proof object.ObjectOrientation[object.ObjectOrientation::secure_object_creation_3()].Non-interference contract.0 
117205     DEBUG main            d.u.i.k.p.i.IntermediateProofReplayer Proof replay took 13.8ns 
117709     INFO  main            d.u.i.k.p.r.p.TestFile    ... finished proof: closed. 
117884     INFO  main            d.u.i.k.p.r.p.TestFile    Now processing file /home/runner/work/key/key/key.core/../key.ui/examples/InformationFlow/NewObjects/object.ObjectOrientation(object.ObjectOrientation__secure_object_creation_2()).Non-interference contract.0.key 
117884     INFO  main            d.u.i.k.p.i.AbstractProblemLoader Loading environment from /home/runner/work/key/key/key.core/../key.ui/examples/InformationFlow/NewObjects/object.ObjectOrientation(object.ObjectOrientation__secure_object_creation_2()).Non-interference contract.0.key 
117884     DEBUG main            d.u.i.k.p.i.AbstractProblemLoader Environment load took 494.41ns 
117885     INFO  main            d.u.i.k.p.i.AbstractProblemLoader Creating init config 
118752     DEBUG main            d.u.i.k.j.r.ClassPreparationMethodBuilder clPrepBuilder: Inner Class detected. Reject building class initialisation methods. 
120664     DEBUG main            d.u.i.k.p.i.AbstractProblemLoader Init config took 2.78s 
120704     INFO  main            d.u.i.k.p.i.AbstractProblemLoader Replaying proof object.ObjectOrientation[object.ObjectOrientation::secure_object_creation_2()].Non-interference contract.0 
120707     DEBUG main            d.u.i.k.p.i.IntermediateProofReplayer Proof replay took 13.9ns 
121012     INFO  main            d.u.i.k.p.r.p.TestFile    ... finished proof: closed. 
121216     INFO  main            d.u.i.k.p.r.p.TestFile    Now processing file /home/runner/work/key/key/key.core/../key.ui/examples/InformationFlow/NewObjects/object.ObjectOrientation(object.ObjectOrientation__secure_object_creation()).Non-interference contract.0.key 
121217     INFO  main            d.u.i.k.p.i.AbstractProblemLoader Loading environment from /home/runner/work/key/key/key.core/../key.ui/examples/InformationFlow/NewObjects/object.ObjectOrientation(object.ObjectOrientation__secure_object_creation()).Non-interference contract.0.key 
121217     DEBUG main            d.u.i.k.p.i.AbstractProblemLoader Environment load took 67.9ns 
121218     INFO  main            d.u.i.k.p.i.AbstractProblemLoader Creating init config 
122105     DEBUG main            d.u.i.k.j.r.ClassPreparationMethodBuilder clPrepBuilder: Inner Class detected. Reject building class initialisation methods. 
124004     DEBUG main            d.u.i.k.p.i.AbstractProblemLoader Init config took 2.79s 
124044     INFO  main            d.u.i.k.p.i.AbstractProblemLoader Replaying proof object.ObjectOrientation[object.ObjectOrientation::secure_object_creation()].Non-interference contract.0 
124046     DEBUG main            d.u.i.k.p.i.IntermediateProofReplayer Proof replay took 14.4ns 
124950     INFO  main            d.u.i.k.p.r.p.TestFile    ... finished proof: closed. 
125132     INFO  main            d.u.i.k.p.r.p.TestFile    Now processing file /home/runner/work/key/key/key.core/../key.ui/examples/InformationFlow/NewObjects/object.AmtoftBanerjee2(object.AmtoftBanerjee2__expensive(int)).Non-interference contract.0.key 
125132     INFO  main            d.u.i.k.p.i.AbstractProblemLoader Loading environment from /home/runner/work/key/key/key.core/../key.ui/examples/InformationFlow/NewObjects/object.AmtoftBanerjee2(object.AmtoftBanerjee2__expensive(int)).Non-interference contract.0.key 
125132     DEBUG main            d.u.i.k.p.i.AbstractProblemLoader Environment load took 531.61ns 
125134     INFO  main            d.u.i.k.p.i.AbstractProblemLoader Creating init config 
126005     DEBUG main            d.u.i.k.j.r.ClassPreparationMethodBuilder clPrepBuilder: Inner Class detected. Reject building class initialisation methods. 
127942     DEBUG main            d.u.i.k.p.i.AbstractProblemLoader Init config took 2.81s 
127983     INFO  main            d.u.i.k.p.i.AbstractProblemLoader Replaying proof object.AmtoftBanerjee2[object.AmtoftBanerjee2::expensive(int)].Non-interference contract.0 
127986     DEBUG main            d.u.i.k.p.i.IntermediateProofReplayer Proof replay took 14.5ns 
128088     INFO  main            d.u.i.k.p.r.p.TestFile    ... finished proof: closed. 
128266     INFO  main            d.u.i.k.p.r.p.TestFile    Now processing file /home/runner/work/key/key/key.core/../key.ui/examples/InformationFlow/NewObjects/object.AmtoftBanerjee2(object.AmtoftBanerjee2__cexp(int)).Non-interference contract.0.key 
128266     INFO  main            d.u.i.k.p.i.AbstractProblemLoader Loading environment from /home/runner/work/key/key/key.core/../key.ui/examples/InformationFlow/NewObjects/object.AmtoftBanerjee2(object.AmtoftBanerjee2__cexp(int)).Non-interference contract.0.key 
128267     DEBUG main            d.u.i.k.p.i.AbstractProblemLoader Environment load took 84.6ns 
128268     INFO  main            d.u.i.k.p.i.AbstractProblemLoader Creating init config 
129133     DEBUG main            d.u.i.k.j.r.ClassPreparationMethodBuilder clPrepBuilder: Inner Class detected. Reject building class initialisation methods. 
131058     DEBUG main            d.u.i.k.p.i.AbstractProblemLoader Init config took 2.79s 
131108     INFO  main            d.u.i.k.p.i.AbstractProblemLoader Replaying proof object.AmtoftBanerjee2[object.AmtoftBanerjee2::cexp(int)].Non-interference contract.0 
131115     DEBUG main            d.u.i.k.p.i.IntermediateProofReplayer Proof replay took 15.2ns 
132622     INFO  main            d.u.i.k.p.r.p.TestFile    ... finished proof: closed. 
1321122    INFO  Test worker     d.u.i.k.p.r.p.StatisticsFile Returning from test NewObjects_nomacro 
1321124    INFO  Test worker     d.u.i.k.p.r.p.StatisticsFile Running test SimpleEvoting_nomacro 
366        INFO  Timeout watchdog d.u.i.k.p.r.p.ForkedTestFileRunner Timeout watcher launched (1000 secs.) 
381        WARN  main            d.u.i.k.s.ProofSettings   The settings in /home/runner/.key/proof-settings.props are *not* read. 
417        INFO  main            d.u.i.k.p.r.p.TestFile    Now processing file /home/runner/work/key/key/key.core/../key.ui/examples/InformationFlow/SimpleEvoting/simple_evoting.Environment(simple_evoting.Environment__untrustedOutputMessage((B)).Non-interference contract.0.key 
539        INFO  main            d.u.i.k.p.i.AbstractProblemLoader Loading environment from /home/runner/work/key/key/key.core/../key.ui/examples/InformationFlow/SimpleEvoting/simple_evoting.Environment(simple_evoting.Environment__untrustedOutputMessage((B)).Non-interference contract.0.key 
562        DEBUG main            d.u.i.k.p.i.AbstractProblemLoader Environment load took 1.92ms 
786        INFO  main            d.u.i.k.p.i.AbstractProblemLoader Creating init config 
1763       DEBUG main            d.u.i.k.j.TypeConverter   No LDT found for Meta 
1763       DEBUG main            d.u.i.k.j.TypeConverter   No LDT found for Meta 
1766       DEBUG main            d.u.i.k.j.TypeConverter   No LDT found for Meta 
1766       DEBUG main            d.u.i.k.j.TypeConverter   No LDT found for Meta 
3371       DEBUG main            d.u.i.k.j.TypeConverter   No LDT found for JavaBigintExpression 
8844       DEBUG main            d.u.i.k.p.i.AbstractProblemLoader Init config took 8.06s 
9008       INFO  main            d.u.i.k.p.i.AbstractProblemLoader Replaying proof simple_evoting.Environment[simple_evoting.Environment::untrustedOutputMessage([B)].Non-interference contract.0 
9108       DEBUG main            d.u.i.k.p.i.IntermediateProofReplayer Proof replay took 415.81ns 
16690      INFO  main            d.u.i.k.p.r.p.TestFile    ... finished proof: closed. 
16908      INFO  main            d.u.i.k.p.r.p.TestFile    Now processing file /home/runner/work/key/key/key.core/../key.ui/examples/InformationFlow/SimpleEvoting/simple_evoting.Environment(simple_evoting.Environment__untrustedOutput(int)).Non-interference contract.0.key 
16908      INFO  main            d.u.i.k.p.i.AbstractProblemLoader Loading environment from /home/runner/work/key/key/key.core/../key.ui/examples/InformationFlow/SimpleEvoting/simple_evoting.Environment(simple_evoting.Environment__untrustedOutput(int)).Non-interference contract.0.key 
16908      DEBUG main            d.u.i.k.p.i.AbstractProblemLoader Environment load took 140.1ns 
16911      INFO  main            d.u.i.k.p.i.AbstractProblemLoader Creating init config 
20375      DEBUG main            d.u.i.k.p.i.AbstractProblemLoader Init config took 3.46s 
20462      INFO  main            d.u.i.k.p.i.AbstractProblemLoader Replaying proof simple_evoting.Environment[simple_evoting.Environment::untrustedOutput(int)].Non-interference contract.0 
20469      DEBUG main            d.u.i.k.p.i.IntermediateProofReplayer Proof replay took 13.9ns 
20572      INFO  main            d.u.i.k.p.r.p.TestFile    ... finished proof: closed. 
20700      INFO  main            d.u.i.k.p.r.p.TestFile    Now processing file /home/runner/work/key/key/key.core/../key.ui/examples/InformationFlow/SimpleEvoting/simple_evoting.Environment(simple_evoting.Environment__untrustedInput(int)).Non-interference contract.0.key 
20700      INFO  main            d.u.i.k.p.i.AbstractProblemLoader Loading environment from /home/runner/work/key/key/key.core/../key.ui/examples/InformationFlow/SimpleEvoting/simple_evoting.Environment(simple_evoting.Environment__untrustedInput(int)).Non-interference contract.0.key 
20700      DEBUG main            d.u.i.k.p.i.AbstractProblemLoader Environment load took 89.7ns 
20704      INFO  main            d.u.i.k.p.i.AbstractProblemLoader Creating init config 
23970      DEBUG main            d.u.i.k.p.i.AbstractProblemLoader Init config took 3.27s 
24057      INFO  main            d.u.i.k.p.i.AbstractProblemLoader Replaying proof simple_evoting.Environment[simple_evoting.Environment::untrustedInput(int)].Non-interference contract.0 
24061      DEBUG main            d.u.i.k.p.i.IntermediateProofReplayer Proof replay took 14.4ns 
24165      INFO  main            d.u.i.k.p.r.p.TestFile    ... finished proof: open goal(s) 
24310      INFO  main            d.u.i.k.p.r.p.TestFile    Now processing file /home/runner/work/key/key/key.core/../key.ui/examples/InformationFlow/SimpleEvoting/simple_evoting.Environment(simple_evoting.Environment__untrustedInput()).Non-interference contract.0.key 
24312      INFO  main            d.u.i.k.p.i.AbstractProblemLoader Loading environment from /home/runner/work/key/key/key.core/../key.ui/examples/InformationFlow/SimpleEvoting/simple_evoting.Environment(simple_evoting.Environment__untrustedInput()).Non-interference contract.0.key 
24312      DEBUG main            d.u.i.k.p.i.AbstractProblemLoader Environment load took 144.7ns 
24314      INFO  main            d.u.i.k.p.i.AbstractProblemLoader Creating init config 
27497      DEBUG main            d.u.i.k.p.i.AbstractProblemLoader Init config took 3.18s 
27563      INFO  main            d.u.i.k.p.i.AbstractProblemLoader Replaying proof simple_evoting.Environment[simple_evoting.Environment::untrustedInput()].Non-interference contract.0 
27566      DEBUG main            d.u.i.k.p.i.IntermediateProofReplayer Proof replay took 14.6ns 
27674      INFO  main            d.u.i.k.p.r.p.TestFile    ... finished proof: open goal(s) 
27832      INFO  main            d.u.i.k.p.r.p.TestFile    Now processing file /home/runner/work/key/key/key.core/../key.ui/examples/InformationFlow/SimpleEvoting/simple_evoting.SMT(simple_evoting.SMT__send(simple_evoting.Message,int,simple_evoting.Server)).Non-interference contract.1.key 
27832      INFO  main            d.u.i.k.p.i.AbstractProblemLoader Loading environment from /home/runner/work/key/key/key.core/../key.ui/examples/InformationFlow/SimpleEvoting/simple_evoting.SMT(simple_evoting.SMT__send(simple_evoting.Message,int,simple_evoting.Server)).Non-interference contract.1.key 
27832      DEBUG main            d.u.i.k.p.i.AbstractProblemLoader Environment load took 101.8ns 
27834      INFO  main            d.u.i.k.p.i.AbstractProblemLoader Creating init config 
30973      DEBUG main            d.u.i.k.p.i.AbstractProblemLoader Init config took 3.14s 
31066      INFO  main            d.u.i.k.p.i.AbstractProblemLoader Replaying proof simple_evoting.SMT[simple_evoting.SMT::send(simple_evoting.Message,int,simple_evoting.Server)].Non-interference contract.1 
31070      DEBUG main            d.u.i.k.p.i.IntermediateProofReplayer Proof replay took 13.4ns 
56450      INFO  main            d.u.i.k.p.r.p.TestFile    ... finished proof: closed. 
56695      INFO  main            d.u.i.k.p.r.p.TestFile    Now processing file /home/runner/work/key/key/key.core/../key.ui/examples/InformationFlow/SimpleEvoting/simple_evoting.SMT(simple_evoting.SMT__send(simple_evoting.Message,int,simple_evoting.Server)).Non-interference contract.0.key 
56695      INFO  main            d.u.i.k.p.i.AbstractProblemLoader Loading environment from /home/runner/work/key/key/key.core/../key.ui/examples/InformationFlow/SimpleEvoting/simple_evoting.SMT(simple_evoting.SMT__send(simple_evoting.Message,int,simple_evoting.Server)).Non-interference contract.0.key 
56696      DEBUG main            d.u.i.k.p.i.AbstractProblemLoader Environment load took 418.81ns 
56697      INFO  main            d.u.i.k.p.i.AbstractProblemLoader Creating init config 
59765      DEBUG main            d.u.i.k.p.i.AbstractProblemLoader Init config took 3.07s 
59827      INFO  main            d.u.i.k.p.i.AbstractProblemLoader Replaying proof simple_evoting.SMT[simple_evoting.SMT::send(simple_evoting.Message,int,simple_evoting.Server)].Non-interference contract.0 
59830      DEBUG main            d.u.i.k.p.i.IntermediateProofReplayer Proof replay took 30.2ns 
88552      INFO  main            d.u.i.k.p.r.p.TestFile    ... finished proof: closed. 
88818      INFO  main            d.u.i.k.p.r.p.TestFile    Now processing file /home/runner/work/key/key/key.core/../key.ui/examples/InformationFlow/SimpleEvoting/simple_evoting.NetworkClient(simple_evoting.NetworkClient__send((B,simple_evoting.Server,int)).Non-interference contract.0.key 
88819      INFO  main            d.u.i.k.p.i.AbstractProblemLoader Loading environment from /home/runner/work/key/key/key.core/../key.ui/examples/InformationFlow/SimpleEvoting/simple_evoting.NetworkClient(simple_evoting.NetworkClient__send((B,simple_evoting.Server,int)).Non-interference contract.0.key 
88819      DEBUG main            d.u.i.k.p.i.AbstractProblemLoader Environment load took 537.41ns 
88820      INFO  main            d.u.i.k.p.i.AbstractProblemLoader Creating init config 
91853      DEBUG main            d.u.i.k.p.i.AbstractProblemLoader Init config took 3.03s 
91909      INFO  main            d.u.i.k.p.i.AbstractProblemLoader Replaying proof simple_evoting.NetworkClient[simple_evoting.NetworkClient::send([B,simple_evoting.Server,int)].Non-interference contract.0 
91912      DEBUG main            d.u.i.k.p.i.IntermediateProofReplayer Proof replay took 13.6ns 
94737      INFO  main            d.u.i.k.p.r.p.TestFile    ... finished proof: closed. 
94923      INFO  main            d.u.i.k.p.r.p.TestFile    Now processing file /home/runner/work/key/key/key.core/../key.ui/examples/InformationFlow/SimpleEvoting/simple_evoting.Voter(simple_evoting.Voter__onSendBallot(simple_evoting.Server)).Non-interference contract.1.key 
94923      INFO  main            d.u.i.k.p.i.AbstractProblemLoader Loading environment from /home/runner/work/key/key/key.core/../key.ui/examples/InformationFlow/SimpleEvoting/simple_evoting.Voter(simple_evoting.Voter__onSendBallot(simple_evoting.Server)).Non-interference contract.1.key 
94924      DEBUG main            d.u.i.k.p.i.AbstractProblemLoader Environment load took 83.7ns 
94924      INFO  main            d.u.i.k.p.i.AbstractProblemLoader Creating init config 
97978      DEBUG main            d.u.i.k.p.i.AbstractProblemLoader Init config took 3.05s 
98050      INFO  main            d.u.i.k.p.i.AbstractProblemLoader Replaying proof simple_evoting.Voter[simple_evoting.Voter::onSendBallot(simple_evoting.Server)].Non-interference contract.1 
98054      DEBUG main            d.u.i.k.p.i.IntermediateProofReplayer Proof replay took 14.3ns 
108267     INFO  main            d.u.i.k.p.r.p.TestFile    ... finished proof: closed. 
108491     INFO  main            d.u.i.k.p.r.p.TestFile    Now processing file /home/runner/work/key/key/key.core/../key.ui/examples/InformationFlow/SimpleEvoting/simple_evoting.Voter(simple_evoting.Voter__onSendBallot(simple_evoting.Server)).Non-interference contract.0.key 
108491     INFO  main            d.u.i.k.p.i.AbstractProblemLoader Loading environment from /home/runner/work/key/key/key.core/../key.ui/examples/InformationFlow/SimpleEvoting/simple_evoting.Voter(simple_evoting.Voter__onSendBallot(simple_evoting.Server)).Non-interference contract.0.key 
108491     DEBUG main            d.u.i.k.p.i.AbstractProblemLoader Environment load took 93.8ns 
108492     INFO  main            d.u.i.k.p.i.AbstractProblemLoader Creating init config 
111529     DEBUG main            d.u.i.k.p.i.AbstractProblemLoader Init config took 3.04s 
111593     INFO  main            d.u.i.k.p.i.AbstractProblemLoader Replaying proof simple_evoting.Voter[simple_evoting.Voter::onSendBallot(simple_evoting.Server)].Non-interference contract.0 
111596     DEBUG main            d.u.i.k.p.i.IntermediateProofReplayer Proof replay took 36.5ns 
123466     INFO  main            d.u.i.k.p.r.p.TestFile    ... finished proof: closed. 
1444991    INFO  Test worker     d.u.i.k.p.r.p.StatisticsFile Returning from test SimpleEvoting_nomacro 
1444993    INFO  Test worker     d.u.i.k.p.r.p.StatisticsFile Running test ToyVoting_fullmacro 
346        INFO  Timeout watchdog d.u.i.k.p.r.p.ForkedTestFileRunner Timeout watcher launched (1000 secs.) 
362        WARN  main            d.u.i.k.s.ProofSettings   The settings in /home/runner/.key/proof-settings.props are *not* read. 
401        INFO  main            d.u.i.k.p.r.p.TestFile    Now processing file /home/runner/work/key/key/key.core/../key.ui/examples/InformationFlow/ToyVoting/Voter(Voter__insecure_voting()).Non-interference contract.0.m.key 
565        INFO  main            d.u.i.k.p.i.AbstractProblemLoader Loading environment from /home/runner/work/key/key/key.core/../key.ui/examples/InformationFlow/ToyVoting/Voter(Voter__insecure_voting()).Non-interference contract.0.m.key 
593        DEBUG main            d.u.i.k.p.i.AbstractProblemLoader Environment load took 2.42ms 
845        INFO  main            d.u.i.k.p.i.AbstractProblemLoader Creating init config 
1773       DEBUG main            d.u.i.k.j.TypeConverter   No LDT found for Meta 
1774       DEBUG main            d.u.i.k.j.TypeConverter   No LDT found for Meta 
1775       DEBUG main            d.u.i.k.j.TypeConverter   No LDT found for Meta 
1776       DEBUG main            d.u.i.k.j.TypeConverter   No LDT found for Meta 
3204       DEBUG main            d.u.i.k.j.TypeConverter   No LDT found for JavaBigintExpression 
7978       DEBUG main            d.u.i.k.p.i.AbstractProblemLoader Init config took 7.13s 
8167       INFO  main            d.u.i.k.p.i.AbstractProblemLoader Replaying proof Voter[Voter::insecure_voting()].Non-interference contract.0 
8267       DEBUG main            d.u.i.k.p.i.IntermediateProofReplayer Proof replay took 420.71ns 
8338       DEBUG main            d.u.i.k.m.s.ProofScriptEngine [1] goal: 0, source line: 51, command: 'macro 'infflow-autopilot'' 
8676       DEBUG main            d.u.i.k.p.m.ProofCorrectnessMgt No justification found for rule Class_invariant_axiom_for_Voter 
8854       DEBUG main            d.u.i.k.p.m.ProofCorrectnessMgt No justification found for rule Class_invariant_axiom_for_Voter 
8859       DEBUG main            d.u.i.k.p.m.ProofCorrectnessMgt No justification found for rule Class_invariant_axiom_for_Voter 
9038       DEBUG main            d.u.i.k.p.m.ProofCorrectnessMgt No justification found for rule Class_invariant_axiom_for_Voter 
9040       DEBUG main            d.u.i.k.p.m.ProofCorrectnessMgt No justification found for rule Class_invariant_axiom_for_Voter 
9079       DEBUG main            d.u.i.k.p.m.ProofCorrectnessMgt No justification found for rule Class_invariant_axiom_for_Voter 
9080       DEBUG main            d.u.i.k.p.m.ProofCorrectnessMgt No justification found for rule Class_invariant_axiom_for_Voter 
9139       DEBUG main            d.u.i.k.p.m.ProofCorrectnessMgt No justification found for rule Class_invariant_axiom_for_Voter 
9140       DEBUG main            d.u.i.k.p.m.ProofCorrectnessMgt No justification found for rule Class_invariant_axiom_for_Voter 
9241       DEBUG main            d.u.i.k.p.m.ProofCorrectnessMgt No justification found for rule Class_invariant_axiom_for_Voter 
9243       DEBUG main            d.u.i.k.p.m.ProofCorrectnessMgt No justification found for rule Class_invariant_axiom_for_Voter 
9315       DEBUG main            d.u.i.k.p.m.ProofCorrectnessMgt No justification found for rule Class_invariant_axiom_for_Voter 
9316       DEBUG main            d.u.i.k.p.m.ProofCorrectnessMgt No justification found for rule Class_invariant_axiom_for_Voter 
9347       DEBUG main            d.u.i.k.p.m.ProofCorrectnessMgt No justification found for rule Class_invariant_axiom_for_Voter 
9349       DEBUG main            d.u.i.k.p.m.ProofCorrectnessMgt No justification found for rule Class_invariant_axiom_for_Voter 
9422       DEBUG main            d.u.i.k.p.m.ProofCorrectnessMgt No justification found for rule Class_invariant_axiom_for_Voter 
9437       DEBUG main            d.u.i.k.p.m.ProofCorrectnessMgt No justification found for rule Class_invariant_axiom_for_Voter 
9499       DEBUG main            d.u.i.k.p.m.ProofCorrectnessMgt No justification found for rule Class_invariant_axiom_for_Voter 
9512       DEBUG main            d.u.i.k.p.m.ProofCorrectnessMgt No justification found for rule Class_invariant_axiom_for_Voter 
9577       DEBUG main            d.u.i.k.p.m.ProofCorrectnessMgt No justification found for rule Class_invariant_axiom_for_Voter 
9593       DEBUG main            d.u.i.k.p.m.ProofCorrectnessMgt No justification found for rule Class_invariant_axiom_for_Voter 
9598       DEBUG main            d.u.i.k.p.m.ProofCorrectnessMgt No justification found for rule Class_invariant_axiom_for_Voter 
30757      INFO  main            d.u.i.k.p.r.p.TestFile    ... finished proof: open goal(s) 
30965      INFO  main            d.u.i.k.p.r.p.TestFile    Now processing file /home/runner/work/key/key/key.core/../key.ui/examples/InformationFlow/ToyVoting/Voter(Voter__publishVoterParticipation()).Non-interference contract.0.m.key 
30966      INFO  main            d.u.i.k.p.i.AbstractProblemLoader Loading environment from /home/runner/work/key/key/key.core/../key.ui/examples/InformationFlow/ToyVoting/Voter(Voter__publishVoterParticipation()).Non-interference contract.0.m.key 
30966      DEBUG main            d.u.i.k.p.i.AbstractProblemLoader Environment load took 175.4ns 
30968      INFO  main            d.u.i.k.p.i.AbstractProblemLoader Creating init config 
33713      DEBUG main            d.u.i.k.p.i.AbstractProblemLoader Init config took 2.75s 
33784      INFO  main            d.u.i.k.p.i.AbstractProblemLoader Replaying proof Voter[Voter::publishVoterParticipation()].Non-interference contract.0 
33787      DEBUG main            d.u.i.k.p.i.IntermediateProofReplayer Proof replay took 12ns 
33788      DEBUG main            d.u.i.k.m.s.ProofScriptEngine [1] goal: 0, source line: 51, command: 'macro 'infflow-autopilot'' 
33833      DEBUG main            d.u.i.k.p.m.ProofCorrectnessMgt No justification found for rule Class_invariant_axiom_for_Voter 
33994      INFO  main            d.u.i.k.p.r.p.TestFile    ... finished proof: closed. 
34214      INFO  main            d.u.i.k.p.r.p.TestFile    Now processing file /home/runner/work/key/key/key.core/../key.ui/examples/InformationFlow/ToyVoting/Voter(Voter__isValid(int)).Non-interference contract.0.m.key 
34214      INFO  main            d.u.i.k.p.i.AbstractProblemLoader Loading environment from /home/runner/work/key/key/key.core/../key.ui/examples/InformationFlow/ToyVoting/Voter(Voter__isValid(int)).Non-interference contract.0.m.key 
34214      DEBUG main            d.u.i.k.p.i.AbstractProblemLoader Environment load took 87.5ns 
34216      INFO  main            d.u.i.k.p.i.AbstractProblemLoader Creating init config 
36855      DEBUG main            d.u.i.k.p.i.AbstractProblemLoader Init config took 2.64s 
36905      INFO  main            d.u.i.k.p.i.AbstractProblemLoader Replaying proof Voter[Voter::isValid(int)].Non-interference contract.0 
36908      DEBUG main            d.u.i.k.p.i.IntermediateProofReplayer Proof replay took 13.9ns 
36909      DEBUG main            d.u.i.k.m.s.ProofScriptEngine [1] goal: 0, source line: 51, command: 'macro 'infflow-autopilot'' 
36951      DEBUG main            d.u.i.k.p.m.ProofCorrectnessMgt No justification found for rule Class_invariant_axiom_for_Voter 
37217      INFO  main            d.u.i.k.p.r.p.TestFile    ... finished proof: closed. 
37353      INFO  main            d.u.i.k.p.r.p.TestFile    Now processing file /home/runner/work/key/key/key.core/../key.ui/examples/InformationFlow/ToyVoting/Voter(Voter__sendVote(int)).Non-interference contract.0.m.key 
37354      INFO  main            d.u.i.k.p.i.AbstractProblemLoader Loading environment from /home/runner/work/key/key/key.core/../key.ui/examples/InformationFlow/ToyVoting/Voter(Voter__sendVote(int)).Non-interference contract.0.m.key 
37354      DEBUG main            d.u.i.k.p.i.AbstractProblemLoader Environment load took 69.1ns 
37355      INFO  main            d.u.i.k.p.i.AbstractProblemLoader Creating init config 
39978      DEBUG main            d.u.i.k.p.i.AbstractProblemLoader Init config took 2.62s 
40025      INFO  main            d.u.i.k.p.i.AbstractProblemLoader Replaying proof Voter[Voter::sendVote(int)].Non-interference contract.0 
40028      DEBUG main            d.u.i.k.p.i.IntermediateProofReplayer Proof replay took 13.6ns 
40029      DEBUG main            d.u.i.k.m.s.ProofScriptEngine [1] goal: 0, source line: 51, command: 'macro 'infflow-autopilot'' 
40084      DEBUG main            d.u.i.k.p.m.ProofCorrectnessMgt No justification found for rule Class_invariant_axiom_for_Voter 
40305      INFO  main            d.u.i.k.p.r.p.TestFile    ... finished proof: closed. 
40477      INFO  main            d.u.i.k.p.r.p.TestFile    Now processing file /home/runner/work/key/key/key.core/../key.ui/examples/InformationFlow/ToyVoting/Voter(Voter__inputVote()).Non-interference contract.0.m.key 
40477      INFO  main            d.u.i.k.p.i.AbstractProblemLoader Loading environment from /home/runner/work/key/key/key.core/../key.ui/examples/InformationFlow/ToyVoting/Voter(Voter__inputVote()).Non-interference contract.0.m.key 
40477      DEBUG main            d.u.i.k.p.i.AbstractProblemLoader Environment load took 71.6ns 
40479      INFO  main            d.u.i.k.p.i.AbstractProblemLoader Creating init config 
43134      DEBUG main            d.u.i.k.p.i.AbstractProblemLoader Init config took 2.65s 
43180      INFO  main            d.u.i.k.p.i.AbstractProblemLoader Replaying proof Voter[Voter::inputVote()].Non-interference contract.0 
43183      DEBUG main            d.u.i.k.p.i.IntermediateProofReplayer Proof replay took 31.1ns 
43184      DEBUG main            d.u.i.k.m.s.ProofScriptEngine [1] goal: 0, source line: 51, command: 'macro 'infflow-autopilot'' 
43223      DEBUG main            d.u.i.k.p.m.ProofCorrectnessMgt No justification found for rule Class_invariant_axiom_for_Voter 
43338      INFO  main            d.u.i.k.p.r.p.TestFile    ... finished proof: closed. 
43470      INFO  main            d.u.i.k.p.r.p.TestFile    Now processing file /home/runner/work/key/key/key.core/../key.ui/examples/InformationFlow/ToyVoting/Voter(Voter__secure_voting()).Non-interference contract.0.m.key 
43470      INFO  main            d.u.i.k.p.i.AbstractProblemLoader Loading environment from /home/runner/work/key/key/key.core/../key.ui/examples/InformationFlow/ToyVoting/Voter(Voter__secure_voting()).Non-interference contract.0.m.key 
43470      DEBUG main            d.u.i.k.p.i.AbstractProblemLoader Environment load took 70.1ns 
43472      INFO  main            d.u.i.k.p.i.AbstractProblemLoader Creating init config 
46062      DEBUG main            d.u.i.k.p.i.AbstractProblemLoader Init config took 2.59s 
46106      INFO  main            d.u.i.k.p.i.AbstractProblemLoader Replaying proof Voter[Voter::secure_voting()].Non-interference contract.0 
46109      DEBUG main            d.u.i.k.p.i.IntermediateProofReplayer Proof replay took 13.4ns 
46110      DEBUG main            d.u.i.k.m.s.ProofScriptEngine [1] goal: 0, source line: 51, command: 'macro 'infflow-autopilot'' 
46147      DEBUG main            d.u.i.k.p.m.ProofCorrectnessMgt No justification found for rule Class_invariant_axiom_for_Voter 
46257      DEBUG main            d.u.i.k.p.m.ProofCorrectnessMgt No justification found for rule Class_invariant_axiom_for_Voter 
46313      DEBUG main            d.u.i.k.p.m.ProofCorrectnessMgt No justification found for rule Class_invariant_axiom_for_Voter 
46314      DEBUG main            d.u.i.k.p.m.ProofCorrectnessMgt No justification found for rule Class_invariant_axiom_for_Voter 
46411      DEBUG main            d.u.i.k.p.m.ProofCorrectnessMgt No justification found for rule Class_invariant_axiom_for_Voter 
46567      DEBUG main            d.u.i.k.p.m.ProofCorrectnessMgt No justification found for rule Class_invariant_axiom_for_Voter 
46569      DEBUG main            d.u.i.k.p.m.ProofCorrectnessMgt No justification found for rule Class_invariant_axiom_for_Voter 
46802      DEBUG main            d.u.i.k.p.m.ProofCorrectnessMgt No justification found for rule Class_invariant_axiom_for_Voter 
46887      DEBUG main            d.u.i.k.p.m.ProofCorrectnessMgt No justification found for rule Class_invariant_axiom_for_Voter 
46889      DEBUG main            d.u.i.k.p.m.ProofCorrectnessMgt No justification found for rule Class_invariant_axiom_for_Voter 
46901      DEBUG main            d.u.i.k.p.m.ProofCorrectnessMgt No justification found for rule Class_invariant_axiom_for_Voter 
46967      DEBUG main            d.u.i.k.p.m.ProofCorrectnessMgt No justification found for rule Class_invariant_axiom_for_Voter 
46970      DEBUG main            d.u.i.k.p.m.ProofCorrectnessMgt No justification found for rule Class_invariant_axiom_for_Voter 
47663      DEBUG main            d.u.i.k.p.m.ProofCorrectnessMgt No justification found for rule Class_invariant_axiom_for_Voter 
47667      DEBUG main            d.u.i.k.p.m.ProofCorrectnessMgt No justification found for rule Class_invariant_axiom_for_Voter 
47717      DEBUG main            d.u.i.k.p.m.ProofCorrectnessMgt No justification found for rule Class_invariant_axiom_for_Voter 
47724      DEBUG main            d.u.i.k.p.m.ProofCorrectnessMgt No justification found for rule Class_invariant_axiom_for_Voter 
47767      DEBUG main            d.u.i.k.p.m.ProofCorrectnessMgt No justification found for rule Class_invariant_axiom_for_Voter 
47770      DEBUG main            d.u.i.k.p.m.ProofCorrectnessMgt No justification found for rule Class_invariant_axiom_for_Voter 
47809      DEBUG main            d.u.i.k.p.m.ProofCorrectnessMgt No justification found for rule Class_invariant_axiom_for_Voter 
47872      DEBUG main            d.u.i.k.p.m.ProofCorrectnessMgt No justification found for rule Class_invariant_axiom_for_Voter 
47949      DEBUG main            d.u.i.k.p.m.ProofCorrectnessMgt No justification found for rule Class_invariant_axiom_for_Voter 
47950      DEBUG main            d.u.i.k.p.m.ProofCorrectnessMgt No justification found for rule Class_invariant_axiom_for_Voter 
48361      DEBUG main            d.u.i.k.p.m.ProofCorrectnessMgt No justification found for rule Class_invariant_axiom_for_Voter 
48383      DEBUG main            d.u.i.k.p.m.ProofCorrectnessMgt No justification found for rule Class_invariant_axiom_for_Voter 
48384      DEBUG main            d.u.i.k.p.m.ProofCorrectnessMgt No justification found for rule Class_invariant_axiom_for_Voter 
48396      DEBUG main            d.u.i.k.p.m.ProofCorrectnessMgt No justification found for rule Class_invariant_axiom_for_Voter 
48418      DEBUG main            d.u.i.k.p.m.ProofCorrectnessMgt No justification found for rule Class_invariant_axiom_for_Voter 
48420      DEBUG main            d.u.i.k.p.m.ProofCorrectnessMgt No justification found for rule Class_invariant_axiom_for_Voter 
48445      DEBUG main            d.u.i.k.p.m.ProofCorrectnessMgt No justification found for rule Class_invariant_axiom_for_Voter 
48477      DEBUG main            d.u.i.k.p.m.ProofCorrectnessMgt No justification found for rule Class_invariant_axiom_for_Voter 
48479      DEBUG main            d.u.i.k.p.m.ProofCorrectnessMgt No justification found for rule Class_invariant_axiom_for_Voter 
48556      DEBUG main            d.u.i.k.p.m.ProofCorrectnessMgt No justification found for rule Class_invariant_axiom_for_Voter 
48586      DEBUG main            d.u.i.k.p.m.ProofCorrectnessMgt No justification found for rule Class_invariant_axiom_for_Voter 
48595      DEBUG main            d.u.i.k.p.m.ProofCorrectnessMgt No justification found for rule Class_invariant_axiom_for_Voter 
48738      DEBUG main            d.u.i.k.p.m.ProofCorrectnessMgt No justification found for rule Class_invariant_axiom_for_Voter 
48742      DEBUG main            d.u.i.k.p.m.ProofCorrectnessMgt No justification found for rule Class_invariant_axiom_for_Voter 
48868      DEBUG main            d.u.i.k.p.m.ProofCorrectnessMgt No justification found for rule Class_invariant_axiom_for_Voter 
48871      DEBUG main            d.u.i.k.p.m.ProofCorrectnessMgt No justification found for rule Class_invariant_axiom_for_Voter 
48962      DEBUG main            d.u.i.k.p.m.ProofCorrectnessMgt No justification found for rule Class_invariant_axiom_for_Voter 
48965      DEBUG main            d.u.i.k.p.m.ProofCorrectnessMgt No justification found for rule Class_invariant_axiom_for_Voter 
49028      DEBUG main            d.u.i.k.p.m.ProofCorrectnessMgt No justification found for rule Class_invariant_axiom_for_Voter 
49032      DEBUG main            d.u.i.k.p.m.ProofCorrectnessMgt No justification found for rule Class_invariant_axiom_for_Voter 
49080      DEBUG main            d.u.i.k.p.m.ProofCorrectnessMgt No justification found for rule Class_invariant_axiom_for_Voter 
49082      DEBUG main            d.u.i.k.p.m.ProofCorrectnessMgt No justification found for rule Class_invariant_axiom_for_Voter 
49183      DEBUG main            d.u.i.k.p.m.ProofCorrectnessMgt No justification found for rule Class_invariant_axiom_for_Voter 
49188      DEBUG main            d.u.i.k.p.m.ProofCorrectnessMgt No justification found for rule Class_invariant_axiom_for_Voter 
49324      DEBUG main            d.u.i.k.p.m.ProofCorrectnessMgt No justification found for rule Class_invariant_axiom_for_Voter 
49326      DEBUG main            d.u.i.k.p.m.ProofCorrectnessMgt No justification found for rule Class_invariant_axiom_for_Voter 
49426      DEBUG main            d.u.i.k.p.m.ProofCorrectnessMgt No justification found for rule Class_invariant_axiom_for_Voter 
49502      DEBUG main            d.u.i.k.p.m.ProofCorrectnessMgt No justification found for rule Class_invariant_axiom_for_Voter 
49503      DEBUG main            d.u.i.k.p.m.ProofCorrectnessMgt No justification found for rule Class_invariant_axiom_for_Voter 
49538      DEBUG main            d.u.i.k.p.m.ProofCorrectnessMgt No justification found for rule Class_invariant_axiom_for_Voter 
49538      DEBUG main            d.u.i.k.p.m.ProofCorrectnessMgt No justification found for rule Class_invariant_axiom_for_Voter 
49577      DEBUG main            d.u.i.k.p.m.ProofCorrectnessMgt No justification found for rule Class_invariant_axiom_for_Voter 
49578      DEBUG main            d.u.i.k.p.m.ProofCorrectnessMgt No justification found for rule Class_invariant_axiom_for_Voter 
49600      DEBUG main            d.u.i.k.p.m.ProofCorrectnessMgt No justification found for rule Class_invariant_axiom_for_Voter 
49618      DEBUG main            d.u.i.k.p.m.ProofCorrectnessMgt No justification found for rule Class_invariant_axiom_for_Voter 
49620      DEBUG main            d.u.i.k.p.m.ProofCorrectnessMgt No justification found for rule Class_invariant_axiom_for_Voter 
50118      DEBUG main            d.u.i.k.p.m.ProofCorrectnessMgt No justification found for rule Class_invariant_axiom_for_Voter 
50121      DEBUG main            d.u.i.k.p.m.ProofCorrectnessMgt No justification found for rule Class_invariant_axiom_for_Voter 
50123      DEBUG main            d.u.i.k.p.m.ProofCorrectnessMgt No justification found for rule Class_invariant_axiom_for_Voter 
50126      DEBUG main            d.u.i.k.p.m.ProofCorrectnessMgt No justification found for rule Class_invariant_axiom_for_Voter 
50299      DEBUG main            d.u.i.k.p.m.ProofCorrectnessMgt No justification found for rule Class_invariant_axiom_for_Voter 
50302      DEBUG main            d.u.i.k.p.m.ProofCorrectnessMgt No justification found for rule Class_invariant_axiom_for_Voter 
50381      DEBUG main            d.u.i.k.p.m.ProofCorrectnessMgt No justification found for rule Class_invariant_axiom_for_Voter 
50383      DEBUG main            d.u.i.k.p.m.ProofCorrectnessMgt No justification found for rule Class_invariant_axiom_for_Voter 
50487      DEBUG main            d.u.i.k.p.m.ProofCorrectnessMgt No justification found for rule Class_invariant_axiom_for_Voter 
50490      DEBUG main            d.u.i.k.p.m.ProofCorrectnessMgt No justification found for rule Class_invariant_axiom_for_Voter 
50554      DEBUG main            d.u.i.k.p.m.ProofCorrectnessMgt No justification found for rule Class_invariant_axiom_for_Voter 
50556      DEBUG main            d.u.i.k.p.m.ProofCorrectnessMgt No justification found for rule Class_invariant_axiom_for_Voter 
50658      DEBUG main            d.u.i.k.p.m.ProofCorrectnessMgt No justification found for rule Class_invariant_axiom_for_Voter 
50661      DEBUG main            d.u.i.k.p.m.ProofCorrectnessMgt No justification found for rule Class_invariant_axiom_for_Voter 
50708      DEBUG main            d.u.i.k.p.m.ProofCorrectnessMgt No justification found for rule Class_invariant_axiom_for_Voter 
50710      DEBUG main            d.u.i.k.p.m.ProofCorrectnessMgt No justification found for rule Class_invariant_axiom_for_Voter 
50835      DEBUG main            d.u.i.k.p.m.ProofCorrectnessMgt No justification found for rule Class_invariant_axiom_for_Voter 
50841      DEBUG main            d.u.i.k.p.m.ProofCorrectnessMgt No justification found for rule Class_invariant_axiom_for_Voter 
50941      DEBUG main            d.u.i.k.p.m.ProofCorrectnessMgt No justification found for rule Class_invariant_axiom_for_Voter 
50943      DEBUG main            d.u.i.k.p.m.ProofCorrectnessMgt No justification found for rule Class_invariant_axiom_for_Voter 
51076      DEBUG main            d.u.i.k.p.m.ProofCorrectnessMgt No justification found for rule Class_invariant_axiom_for_Voter 
51078      DEBUG main            d.u.i.k.p.m.ProofCorrectnessMgt No justification found for rule Class_invariant_axiom_for_Voter 
51245      DEBUG main            d.u.i.k.p.m.ProofCorrectnessMgt No justification found for rule Class_invariant_axiom_for_Voter 
51248      DEBUG main            d.u.i.k.p.m.ProofCorrectnessMgt No justification found for rule Class_invariant_axiom_for_Voter 
51288      DEBUG main            d.u.i.k.p.m.ProofCorrectnessMgt No justification found for rule Class_invariant_axiom_for_Voter 
51290      DEBUG main            d.u.i.k.p.m.ProofCorrectnessMgt No justification found for rule Class_invariant_axiom_for_Voter 
52125      DEBUG main            d.u.i.k.p.m.ProofCorrectnessMgt No justification found for rule Class_invariant_axiom_for_Voter 
52127      DEBUG main            d.u.i.k.p.m.ProofCorrectnessMgt No justification found for rule Class_invariant_axiom_for_Voter 
52463      DEBUG main            d.u.i.k.p.m.ProofCorrectnessMgt No justification found for rule Class_invariant_axiom_for_Voter 
52465      DEBUG main            d.u.i.k.p.m.ProofCorrectnessMgt No justification found for rule Class_invariant_axiom_for_Voter 
52574      DEBUG main            d.u.i.k.p.m.ProofCorrectnessMgt No justification found for rule Class_invariant_axiom_for_Voter 
52576      DEBUG main            d.u.i.k.p.m.ProofCorrectnessMgt No justification found for rule Class_invariant_axiom_for_Voter 
52890      DEBUG main            d.u.i.k.p.m.ProofCorrectnessMgt No justification found for rule Class_invariant_axiom_for_Voter 
52892      DEBUG main            d.u.i.k.p.m.ProofCorrectnessMgt No justification found for rule Class_invariant_axiom_for_Voter 
53103      DEBUG main            d.u.i.k.p.m.ProofCorrectnessMgt No justification found for rule Class_invariant_axiom_for_Voter 
53105      DEBUG main            d.u.i.k.p.m.ProofCorrectnessMgt No justification found for rule Class_invariant_axiom_for_Voter 
53240      DEBUG main            d.u.i.k.p.m.ProofCorrectnessMgt No justification found for rule Class_invariant_axiom_for_Voter 
53242      DEBUG main            d.u.i.k.p.m.ProofCorrectnessMgt No justification found for rule Class_invariant_axiom_for_Voter 
53407      DEBUG main            d.u.i.k.p.m.ProofCorrectnessMgt No justification found for rule Class_invariant_axiom_for_Voter 
53409      DEBUG main            d.u.i.k.p.m.ProofCorrectnessMgt No justification found for rule Class_invariant_axiom_for_Voter 
53544      DEBUG main            d.u.i.k.p.m.ProofCorrectnessMgt No justification found for rule Class_invariant_axiom_for_Voter 
53546      DEBUG main            d.u.i.k.p.m.ProofCorrectnessMgt No justification found for rule Class_invariant_axiom_for_Voter 
53649      DEBUG main            d.u.i.k.p.m.ProofCorrectnessMgt No justification found for rule Class_invariant_axiom_for_Voter 
53651      DEBUG main            d.u.i.k.p.m.ProofCorrectnessMgt No justification found for rule Class_invariant_axiom_for_Voter 
54734      INFO  main            d.u.i.k.p.r.p.TestFile    ... finished proof: closed. 
1500120    INFO  Test worker     d.u.i.k.p.r.p.StatisticsFile Returning from test ToyVoting_fullmacro 
1500122    INFO  Test worker     d.u.i.k.p.r.p.StatisticsFile Running test SumExample_fullmacro 
349        INFO  Timeout watchdog d.u.i.k.p.r.p.ForkedTestFileRunner Timeout watcher launched (1000 secs.) 
360        WARN  main            d.u.i.k.s.ProofSettings   The settings in /home/runner/.key/proof-settings.props are *not* read. 
399        INFO  main            d.u.i.k.p.r.p.TestFile    Now processing file /home/runner/work/key/key/key.core/../key.ui/examples/InformationFlow/Sum/SumExample(SumExample__getSum()).Non-interference contract.0.m.key 
530        INFO  main            d.u.i.k.p.i.AbstractProblemLoader Loading environment from /home/runner/work/key/key/key.core/../key.ui/examples/InformationFlow/Sum/SumExample(SumExample__getSum()).Non-interference contract.0.m.key 
549        DEBUG main            d.u.i.k.p.i.AbstractProblemLoader Environment load took 2.31ms 
772        INFO  main            d.u.i.k.p.i.AbstractProblemLoader Creating init config 
1690       DEBUG main            d.u.i.k.j.TypeConverter   No LDT found for Meta 
1691       DEBUG main            d.u.i.k.j.TypeConverter   No LDT found for Meta 
1694       DEBUG main            d.u.i.k.j.TypeConverter   No LDT found for Meta 
1695       DEBUG main            d.u.i.k.j.TypeConverter   No LDT found for Meta 
2886       DEBUG main            d.u.i.k.j.TypeConverter   No LDT found for JavaBigintExpression 
7979       DEBUG main            d.u.i.k.p.i.AbstractProblemLoader Init config took 7.21s 
8111       INFO  main            d.u.i.k.p.i.AbstractProblemLoader Replaying proof SumExample[SumExample::getSum()].Non-interference contract.0 
8186       DEBUG main            d.u.i.k.p.i.IntermediateProofReplayer Proof replay took 437.31ns 
8257       DEBUG main            d.u.i.k.m.s.ProofScriptEngine [1] goal: 0, source line: 51, command: 'macro 'infflow-autopilot'' 
8636       DEBUG main            d.u.i.k.p.m.ProofCorrectnessMgt No justification found for rule Class_invariant_axiom_for_SumExample 
10237      INFO  main            d.u.i.k.p.r.p.TestFile    ... finished proof: closed. 
1510872    INFO  Test worker     d.u.i.k.p.r.p.StatisticsFile Returning from test SumExample_fullmacro 
1510874    INFO  Test worker     d.u.i.k.p.r.p.StatisticsFile Running test ToyBanking_fullmacro 
326        INFO  Timeout watchdog d.u.i.k.p.r.p.ForkedTestFileRunner Timeout watcher launched (1000 secs.) 
338        WARN  main            d.u.i.k.s.ProofSettings   The settings in /home/runner/.key/proof-settings.props are *not* read. 
374        INFO  main            d.u.i.k.p.r.p.TestFile    Now processing file /home/runner/work/key/key/key.core/../key.ui/examples/InformationFlow/ToyBanking/banking_example.UserAccount(banking_example.UserAccount__getBankAccount(int)).Non-interference contract.0.m.key 
474        INFO  main            d.u.i.k.p.i.AbstractProblemLoader Loading environment from /home/runner/work/key/key/key.core/../key.ui/examples/InformationFlow/ToyBanking/banking_example.UserAccount(banking_example.UserAccount__getBankAccount(int)).Non-interference contract.0.m.key 
497        DEBUG main            d.u.i.k.p.i.AbstractProblemLoader Environment load took 2.19ms 
715        INFO  main            d.u.i.k.p.i.AbstractProblemLoader Creating init config 
1608       DEBUG main            d.u.i.k.j.TypeConverter   No LDT found for Meta 
1609       DEBUG main            d.u.i.k.j.TypeConverter   No LDT found for Meta 
1611       DEBUG main            d.u.i.k.j.TypeConverter   No LDT found for Meta 
1611       DEBUG main            d.u.i.k.j.TypeConverter   No LDT found for Meta 
3085       DEBUG main            d.u.i.k.j.TypeConverter   No LDT found for JavaBigintExpression 
8864       DEBUG main            d.u.i.k.p.i.AbstractProblemLoader Init config took 8.15s 
9031       INFO  main            d.u.i.k.p.i.AbstractProblemLoader Replaying proof banking_example.UserAccount[banking_example.UserAccount::getBankAccount(int)].Non-interference contract.0 
9121       DEBUG main            d.u.i.k.p.i.IntermediateProofReplayer Proof replay took 382.6ns 
9165       DEBUG main            d.u.i.k.m.s.ProofScriptEngine [1] goal: 0, source line: 51, command: 'macro 'infflow-autopilot'' 
9551       DEBUG main            d.u.i.k.p.m.ProofCorrectnessMgt No justification found for rule Class_invariant_axiom_for_banking_example_UserAccount 
13356      INFO  main            d.u.i.k.p.r.p.TestFile    ... finished proof: closed. 
13543      INFO  main            d.u.i.k.p.r.p.TestFile    Now processing file /home/runner/work/key/key/key.core/../key.ui/examples/InformationFlow/ToyBanking/banking_example.UserAccount(banking_example.UserAccount__tryLogin(int,(C)).Non-interference contract.0.m.key 
13544      INFO  main            d.u.i.k.p.i.AbstractProblemLoader Loading environment from /home/runner/work/key/key/key.core/../key.ui/examples/InformationFlow/ToyBanking/banking_example.UserAccount(banking_example.UserAccount__tryLogin(int,(C)).Non-interference contract.0.m.key 
13544      DEBUG main            d.u.i.k.p.i.AbstractProblemLoader Environment load took 324.8ns 
13546      INFO  main            d.u.i.k.p.i.AbstractProblemLoader Creating init config 
16771      DEBUG main            d.u.i.k.p.i.AbstractProblemLoader Init config took 3.22s 
16857      INFO  main            d.u.i.k.p.i.AbstractProblemLoader Replaying proof banking_example.UserAccount[banking_example.UserAccount::tryLogin(int,[C)].Non-interference contract.0 
16860      DEBUG main            d.u.i.k.p.i.IntermediateProofReplayer Proof replay took 14.4ns 
16861      DEBUG main            d.u.i.k.m.s.ProofScriptEngine [1] goal: 0, source line: 51, command: 'macro 'infflow-autopilot'' 
16923      DEBUG main            d.u.i.k.p.m.ProofCorrectnessMgt No justification found for rule Class_invariant_axiom_for_banking_example_UserAccount 
65498      INFO  main            d.u.i.k.p.r.p.TestFile    ... finished proof: closed. 
65821      INFO  main            d.u.i.k.p.r.p.TestFile    Now processing file /home/runner/work/key/key/key.core/../key.ui/examples/InformationFlow/ToyBanking/banking_example.BankAccount(banking_example.BankAccount__depositMoney(int)).Non-interference contract.0.m.key 
65821      INFO  main            d.u.i.k.p.i.AbstractProblemLoader Loading environment from /home/runner/work/key/key/key.core/../key.ui/examples/InformationFlow/ToyBanking/banking_example.BankAccount(banking_example.BankAccount__depositMoney(int)).Non-interference contract.0.m.key 
65821      DEBUG main            d.u.i.k.p.i.AbstractProblemLoader Environment load took 93.8ns 
65823      INFO  main            d.u.i.k.p.i.AbstractProblemLoader Creating init config 
68705      DEBUG main            d.u.i.k.p.i.AbstractProblemLoader Init config took 2.88s 
68774      INFO  main            d.u.i.k.p.i.AbstractProblemLoader Replaying proof banking_example.BankAccount[banking_example.BankAccount::depositMoney(int)].Non-interference contract.0 
68777      DEBUG main            d.u.i.k.p.i.IntermediateProofReplayer Proof replay took 14.9ns 
68778      DEBUG main            d.u.i.k.m.s.ProofScriptEngine [1] goal: 0, source line: 51, command: 'macro 'infflow-autopilot'' 
68849      DEBUG main            d.u.i.k.p.m.ProofCorrectnessMgt No justification found for rule Class_invariant_axiom_for_banking_example_BankAccount 
69321      INFO  main            d.u.i.k.p.r.p.TestFile    ... finished proof: closed. 
69635      INFO  main            d.u.i.k.p.r.p.TestFile    Now processing file /home/runner/work/key/key/key.core/../key.ui/examples/InformationFlow/ToyBanking/banking_example.BankAccount(banking_example.BankAccount__getBalance()).Non-interference contract.0.m.key 
69635      INFO  main            d.u.i.k.p.i.AbstractProblemLoader Loading environment from /home/runner/work/key/key/key.core/../key.ui/examples/InformationFlow/ToyBanking/banking_example.BankAccount(banking_example.BankAccount__getBalance()).Non-interference contract.0.m.key 
69636      DEBUG main            d.u.i.k.p.i.AbstractProblemLoader Environment load took 82.5ns 
69637      INFO  main            d.u.i.k.p.i.AbstractProblemLoader Creating init config 
72496      DEBUG main            d.u.i.k.p.i.AbstractProblemLoader Init config took 2.86s 
72556      INFO  main            d.u.i.k.p.i.AbstractProblemLoader Replaying proof banking_example.BankAccount[banking_example.BankAccount::getBalance()].Non-interference contract.0 
72564      DEBUG main            d.u.i.k.p.i.IntermediateProofReplayer Proof replay took 13.1ns 
72565      DEBUG main            d.u.i.k.m.s.ProofScriptEngine [1] goal: 0, source line: 51, command: 'macro 'infflow-autopilot'' 
72618      DEBUG main            d.u.i.k.p.m.ProofCorrectnessMgt No justification found for rule Class_invariant_axiom_for_banking_example_BankAccount 
72771      INFO  main            d.u.i.k.p.r.p.TestFile    ... finished proof: closed. 
72927      INFO  main            d.u.i.k.p.r.p.TestFile    Now processing file /home/runner/work/key/key/key.core/../key.ui/examples/InformationFlow/ToyBanking/banking_example.BankAccount(banking_example.BankAccount__getId()).Non-interference contract.0.m.key 
72927      INFO  main            d.u.i.k.p.i.AbstractProblemLoader Loading environment from /home/runner/work/key/key/key.core/../key.ui/examples/InformationFlow/ToyBanking/banking_example.BankAccount(banking_example.BankAccount__getId()).Non-interference contract.0.m.key 
72927      DEBUG main            d.u.i.k.p.i.AbstractProblemLoader Environment load took 74.3ns 
72928      INFO  main            d.u.i.k.p.i.AbstractProblemLoader Creating init config 
75759      DEBUG main            d.u.i.k.p.i.AbstractProblemLoader Init config took 2.83s 
75831      INFO  main            d.u.i.k.p.i.AbstractProblemLoader Replaying proof banking_example.BankAccount[banking_example.BankAccount::getId()].Non-interference contract.0 
75835      DEBUG main            d.u.i.k.p.i.IntermediateProofReplayer Proof replay took 170.2ns 
75836      DEBUG main            d.u.i.k.m.s.ProofScriptEngine [1] goal: 0, source line: 51, command: 'macro 'infflow-autopilot'' 
75875      DEBUG main            d.u.i.k.p.m.ProofCorrectnessMgt No justification found for rule Class_invariant_axiom_for_banking_example_BankAccount 
75987      INFO  main            d.u.i.k.p.r.p.TestFile    ... finished proof: closed. 
76206      INFO  main            d.u.i.k.p.r.p.TestFile    Now processing file /home/runner/work/key/key/key.core/../key.ui/examples/InformationFlow/ToyBanking/banking_example.Bank(banking_example.Bank__login(int,(C)).Non-interference contract.0.m.key 
76206      INFO  main            d.u.i.k.p.i.AbstractProblemLoader Loading environment from /home/runner/work/key/key/key.core/../key.ui/examples/InformationFlow/ToyBanking/banking_example.Bank(banking_example.Bank__login(int,(C)).Non-interference contract.0.m.key 
76206      DEBUG main            d.u.i.k.p.i.AbstractProblemLoader Environment load took 74.6ns 
76207      INFO  main            d.u.i.k.p.i.AbstractProblemLoader Creating init config 
79116      DEBUG main            d.u.i.k.p.i.AbstractProblemLoader Init config took 2.91s 
79209      INFO  main            d.u.i.k.p.i.AbstractProblemLoader Replaying proof banking_example.Bank[banking_example.Bank::login(int,[C)].Non-interference contract.0 
79212      DEBUG main            d.u.i.k.p.i.IntermediateProofReplayer Proof replay took 13.7ns 
79214      DEBUG main            d.u.i.k.m.s.ProofScriptEngine [1] goal: 0, source line: 51, command: 'macro 'infflow-autopilot'' 
79257      DEBUG main            d.u.i.k.p.m.ProofCorrectnessMgt No justification found for rule Class_invariant_axiom_for_banking_example_Bank 
80317      DEBUG main            d.u.i.k.p.m.ProofCorrectnessMgt No justification found for rule Partial_inv_axiom_for_JML_class_invariant_nr_15_in_UserAccount 
80324      DEBUG main            d.u.i.k.p.m.ProofCorrectnessMgt No justification found for rule Partial_inv_axiom_for_JML_class_invariant_nr_11_in_UserAccount_EQ 
80414      DEBUG main            d.u.i.k.p.m.ProofCorrectnessMgt No justification found for rule Partial_inv_axiom_for_JML_class_invariant_nr_9_in_UserAccount_EQ 
80420      DEBUG main            d.u.i.k.p.m.ProofCorrectnessMgt No justification found for rule Partial_inv_axiom_for_JML_class_invariant_nr_13_in_UserAccount_EQ 
80505      DEBUG main            d.u.i.k.p.m.ProofCorrectnessMgt No justification found for rule Partial_inv_axiom_for_JML_class_invariant_nr_13_in_UserAccount 
80515      DEBUG main            d.u.i.k.p.m.ProofCorrectnessMgt No justification found for rule Partial_inv_axiom_for_JML_class_invariant_nr_9_in_UserAccount 
80519      DEBUG main            d.u.i.k.p.m.ProofCorrectnessMgt No justification found for rule Partial_inv_axiom_for_JML_class_invariant_nr_15_in_UserAccount_EQ 
80530      DEBUG main            d.u.i.k.p.m.ProofCorrectnessMgt No justification found for rule Partial_inv_axiom_for_JML_class_invariant_nr_11_in_UserAccount 
81088      DEBUG main            d.u.i.k.p.m.ProofCorrectnessMgt No justification found for rule Partial_inv_axiom_for_JML_class_invariant_nr_11_in_UserAccount 
81097      DEBUG main            d.u.i.k.p.m.ProofCorrectnessMgt No justification found for rule Partial_inv_axiom_for_JML_class_invariant_nr_15_in_UserAccount 
81106      DEBUG main            d.u.i.k.p.m.ProofCorrectnessMgt No justification found for rule Partial_inv_axiom_for_JML_class_invariant_nr_11_in_UserAccount_EQ 
81134      DEBUG main            d.u.i.k.p.m.ProofCorrectnessMgt No justification found for rule Partial_inv_axiom_for_JML_class_invariant_nr_13_in_UserAccount_EQ 
81743      DEBUG main            d.u.i.k.p.m.ProofCorrectnessMgt No justification found for rule Partial_inv_axiom_for_JML_class_invariant_nr_15_in_UserAccount 
81770      DEBUG main            d.u.i.k.p.m.ProofCorrectnessMgt No justification found for rule Partial_inv_axiom_for_JML_class_invariant_nr_11_in_UserAccount 
82322      DEBUG main            d.u.i.k.p.m.ProofCorrectnessMgt No justification found for rule Partial_inv_axiom_for_JML_class_invariant_nr_13_in_UserAccount 
226195     INFO  main            d.u.i.k.p.r.p.TestFile    ... finished proof: open goal(s) 
226579     INFO  main            d.u.i.k.p.r.p.TestFile    Now processing file /home/runner/work/key/key/key.core/../key.ui/examples/InformationFlow/ToyBanking/banking_example2.UserAccount(banking_example2.UserAccount__getBankAccount(int)).Non-interference contract.0.m.key 
226579     INFO  main            d.u.i.k.p.i.AbstractProblemLoader Loading environment from /home/runner/work/key/key/key.core/../key.ui/examples/InformationFlow/ToyBanking/banking_example2.UserAccount(banking_example2.UserAccount__getBankAccount(int)).Non-interference contract.0.m.key 
226580     DEBUG main            d.u.i.k.p.i.AbstractProblemLoader Environment load took 515.61ns 
226581     INFO  main            d.u.i.k.p.i.AbstractProblemLoader Creating init config 
229311     DEBUG main            d.u.i.k.p.i.AbstractProblemLoader Init config took 2.73s 
229374     INFO  main            d.u.i.k.p.i.AbstractProblemLoader Replaying proof banking_example2.UserAccount[banking_example2.UserAccount::getBankAccount(int)].Non-interference contract.0 
229378     DEBUG main            d.u.i.k.p.i.IntermediateProofReplayer Proof replay took 17.1ns 
229379     DEBUG main            d.u.i.k.m.s.ProofScriptEngine [1] goal: 0, source line: 51, command: 'macro 'infflow-autopilot'' 
229425     DEBUG main            d.u.i.k.p.m.ProofCorrectnessMgt No justification found for rule Class_invariant_axiom_for_banking_example2_UserAccount 
231389     INFO  main            d.u.i.k.p.r.p.TestFile    ... finished proof: closed. 
231813     INFO  main            d.u.i.k.p.r.p.TestFile    Now processing file /home/runner/work/key/key/key.core/../key.ui/examples/InformationFlow/ToyBanking/banking_example2.UserAccount(banking_example2.UserAccount__tryLogin(int,(C)).Non-interference contract.0.m.key 
231813     INFO  main            d.u.i.k.p.i.AbstractProblemLoader Loading environment from /home/runner/work/key/key/key.core/../key.ui/examples/InformationFlow/ToyBanking/banking_example2.UserAccount(banking_example2.UserAccount__tryLogin(int,(C)).Non-interference contract.0.m.key 
231813     DEBUG main            d.u.i.k.p.i.AbstractProblemLoader Environment load took 90.3ns 
231815     INFO  main            d.u.i.k.p.i.AbstractProblemLoader Creating init config 
234519     DEBUG main            d.u.i.k.p.i.AbstractProblemLoader Init config took 2.7s 
234574     INFO  main            d.u.i.k.p.i.AbstractProblemLoader Replaying proof banking_example2.UserAccount[banking_example2.UserAccount::tryLogin(int,[C)].Non-interference contract.0 
234576     DEBUG main            d.u.i.k.p.i.IntermediateProofReplayer Proof replay took 15.6ns 
234577     DEBUG main            d.u.i.k.m.s.ProofScriptEngine [1] goal: 0, source line: 51, command: 'macro 'infflow-autopilot'' 
234613     DEBUG main            d.u.i.k.p.m.ProofCorrectnessMgt No justification found for rule Class_invariant_axiom_for_banking_example2_UserAccount 
246680     INFO  main            d.u.i.k.p.r.p.TestFile    ... finished proof: closed. 
246966     INFO  main            d.u.i.k.p.r.p.TestFile    Now processing file /home/runner/work/key/key/key.core/../key.ui/examples/InformationFlow/ToyBanking/banking_example2.BankAccount(banking_example2.BankAccount__depositMoney(int)).Non-interference contract.0.m.key 
246967     INFO  main            d.u.i.k.p.i.AbstractProblemLoader Loading environment from /home/runner/work/key/key/key.core/../key.ui/examples/InformationFlow/ToyBanking/banking_example2.BankAccount(banking_example2.BankAccount__depositMoney(int)).Non-interference contract.0.m.key 
246967     DEBUG main            d.u.i.k.p.i.AbstractProblemLoader Environment load took 98.5ns 
246968     INFO  main            d.u.i.k.p.i.AbstractProblemLoader Creating init config 
249708     DEBUG main            d.u.i.k.p.i.AbstractProblemLoader Init config took 2.74s 
249755     INFO  main            d.u.i.k.p.i.AbstractProblemLoader Replaying proof banking_example2.BankAccount[banking_example2.BankAccount::depositMoney(int)].Non-interference contract.0 
249765     DEBUG main            d.u.i.k.p.i.IntermediateProofReplayer Proof replay took 14.2ns 
249766     DEBUG main            d.u.i.k.m.s.ProofScriptEngine [1] goal: 0, source line: 51, command: 'macro 'infflow-autopilot'' 
249817     DEBUG main            d.u.i.k.p.m.ProofCorrectnessMgt No justification found for rule Class_invariant_axiom_for_banking_example2_BankAccount 
250324     INFO  main            d.u.i.k.p.r.p.TestFile    ... finished proof: closed. 
250523     INFO  main            d.u.i.k.p.r.p.TestFile    Now processing file /home/runner/work/key/key/key.core/../key.ui/examples/InformationFlow/ToyBanking/banking_example2.BankAccount(banking_example2.BankAccount__getBalance()).Non-interference contract.0.m.key 
250523     INFO  main            d.u.i.k.p.i.AbstractProblemLoader Loading environment from /home/runner/work/key/key/key.core/../key.ui/examples/InformationFlow/ToyBanking/banking_example2.BankAccount(banking_example2.BankAccount__getBalance()).Non-interference contract.0.m.key 
250523     DEBUG main            d.u.i.k.p.i.AbstractProblemLoader Environment load took 77.1ns 
250524     INFO  main            d.u.i.k.p.i.AbstractProblemLoader Creating init config 
253236     DEBUG main            d.u.i.k.p.i.AbstractProblemLoader Init config took 2.71s 
253304     INFO  main            d.u.i.k.p.i.AbstractProblemLoader Replaying proof banking_example2.BankAccount[banking_example2.BankAccount::getBalance()].Non-interference contract.0 
253307     DEBUG main            d.u.i.k.p.i.IntermediateProofReplayer Proof replay took 15.4ns 
253309     DEBUG main            d.u.i.k.m.s.ProofScriptEngine [1] goal: 0, source line: 51, command: 'macro 'infflow-autopilot'' 
253341     DEBUG main            d.u.i.k.p.m.ProofCorrectnessMgt No justification found for rule Class_invariant_axiom_for_banking_example2_BankAccount 
253441     INFO  main            d.u.i.k.p.r.p.TestFile    ... finished proof: closed. 
253613     INFO  main            d.u.i.k.p.r.p.TestFile    Now processing file /home/runner/work/key/key/key.core/../key.ui/examples/InformationFlow/ToyBanking/banking_example2.BankAccount(banking_example2.BankAccount__getId()).Non-interference contract.0.m.key 
253613     INFO  main            d.u.i.k.p.i.AbstractProblemLoader Loading environment from /home/runner/work/key/key/key.core/../key.ui/examples/InformationFlow/ToyBanking/banking_example2.BankAccount(banking_example2.BankAccount__getId()).Non-interference contract.0.m.key 
253613     DEBUG main            d.u.i.k.p.i.AbstractProblemLoader Environment load took 76.6ns 
253614     INFO  main            d.u.i.k.p.i.AbstractProblemLoader Creating init config 
256329     DEBUG main            d.u.i.k.p.i.AbstractProblemLoader Init config took 2.72s 
256374     INFO  main            d.u.i.k.p.i.AbstractProblemLoader Replaying proof banking_example2.BankAccount[banking_example2.BankAccount::getId()].Non-interference contract.0 
256376     DEBUG main            d.u.i.k.p.i.IntermediateProofReplayer Proof replay took 14.8ns 
256377     DEBUG main            d.u.i.k.m.s.ProofScriptEngine [1] goal: 0, source line: 51, command: 'macro 'infflow-autopilot'' 
256406     DEBUG main            d.u.i.k.p.m.ProofCorrectnessMgt No justification found for rule Class_invariant_axiom_for_banking_example2_BankAccount 
256504     INFO  main            d.u.i.k.p.r.p.TestFile    ... finished proof: closed. 
1767727    INFO  Test worker     d.u.i.k.p.r.p.StatisticsFile Returning from test ToyBanking_fullmacro 
1767729    INFO  Test worker     d.u.i.k.p.r.p.StatisticsFile Running test BlockContracts_fullmacro 
333        INFO  Timeout watchdog d.u.i.k.p.r.p.ForkedTestFileRunner Timeout watcher launched (1000 secs.) 
354        WARN  main            d.u.i.k.s.ProofSettings   The settings in /home/runner/.key/proof-settings.props are *not* read. 
378        INFO  main            d.u.i.k.p.r.p.TestFile    Now processing file /home/runner/work/key/key/key.core/../key.ui/examples/InformationFlow/BlockContracts/contract.IFBlockExamples(contract.IFBlockExamples__secure_5()).Non-interference contract.0.m.key 
489        INFO  main            d.u.i.k.p.i.AbstractProblemLoader Loading environment from /home/runner/work/key/key/key.core/../key.ui/examples/InformationFlow/BlockContracts/contract.IFBlockExamples(contract.IFBlockExamples__secure_5()).Non-interference contract.0.m.key 
514        DEBUG main            d.u.i.k.p.i.AbstractProblemLoader Environment load took 2.52ms 
763        INFO  main            d.u.i.k.p.i.AbstractProblemLoader Creating init config 
1837       DEBUG main            d.u.i.k.j.TypeConverter   No LDT found for Meta 
1838       DEBUG main            d.u.i.k.j.TypeConverter   No LDT found for Meta 
1840       DEBUG main            d.u.i.k.j.TypeConverter   No LDT found for Meta 
1840       DEBUG main            d.u.i.k.j.TypeConverter   No LDT found for Meta 
3640       DEBUG main            d.u.i.k.j.TypeConverter   No LDT found for JavaBigintExpression 
8793       DEBUG main            d.u.i.k.p.i.AbstractProblemLoader Init config took 8.03s 
9020       INFO  main            d.u.i.k.p.i.AbstractProblemLoader Replaying proof contract.IFBlockExamples[contract.IFBlockExamples::secure_5()].Non-interference contract.0 
9103       DEBUG main            d.u.i.k.p.i.IntermediateProofReplayer Proof replay took 391.2ns 
9155       DEBUG main            d.u.i.k.m.s.ProofScriptEngine [1] goal: 0, source line: 51, command: 'macro 'infflow-autopilot'' 
9449       DEBUG main            d.u.i.k.p.m.ProofCorrectnessMgt No justification found for rule Class_invariant_axiom_for_contract_IFBlockExamples 
10463      INFO  main            d.u.i.k.p.r.p.TestFile    ... finished proof: closed. 
10602      INFO  main            d.u.i.k.p.r.p.TestFile    Now processing file /home/runner/work/key/key/key.core/../key.ui/examples/InformationFlow/BlockContracts/contract.IFBlockExamples(contract.IFBlockExamples__block_no_return_secure(int)).Non-interference contract.0.m.key 
10602      INFO  main            d.u.i.k.p.i.AbstractProblemLoader Loading environment from /home/runner/work/key/key/key.core/../key.ui/examples/InformationFlow/BlockContracts/contract.IFBlockExamples(contract.IFBlockExamples__block_no_return_secure(int)).Non-interference contract.0.m.key 
10603      DEBUG main            d.u.i.k.p.i.AbstractProblemLoader Environment load took 495.61ns 
10607      INFO  main            d.u.i.k.p.i.AbstractProblemLoader Creating init config 
13687      DEBUG main            d.u.i.k.p.i.AbstractProblemLoader Init config took 3.08s 
13746      INFO  main            d.u.i.k.p.i.AbstractProblemLoader Replaying proof contract.IFBlockExamples[contract.IFBlockExamples::block_no_return_secure(int)].Non-interference contract.0 
13750      DEBUG main            d.u.i.k.p.i.IntermediateProofReplayer Proof replay took 12.2ns 
13751      DEBUG main            d.u.i.k.m.s.ProofScriptEngine [1] goal: 0, source line: 51, command: 'macro 'infflow-autopilot'' 
13807      DEBUG main            d.u.i.k.p.m.ProofCorrectnessMgt No justification found for rule Class_invariant_axiom_for_contract_IFBlockExamples 
14337      INFO  main            d.u.i.k.p.r.p.TestFile    ... finished proof: closed. 
14484      INFO  main            d.u.i.k.p.r.p.TestFile    Now processing file /home/runner/work/key/key/key.core/../key.ui/examples/InformationFlow/BlockContracts/contract.IFBlockExamples(contract.IFBlockExamples__while_block_insecure(int)).Non-interference contract.0.m.key 
14485      INFO  main            d.u.i.k.p.i.AbstractProblemLoader Loading environment from /home/runner/work/key/key/key.core/../key.ui/examples/InformationFlow/BlockContracts/contract.IFBlockExamples(contract.IFBlockExamples__while_block_insecure(int)).Non-interference contract.0.m.key 
14485      DEBUG main            d.u.i.k.p.i.AbstractProblemLoader Environment load took 131.5ns 
14488      INFO  main            d.u.i.k.p.i.AbstractProblemLoader Creating init config 
17269      DEBUG main            d.u.i.k.p.i.AbstractProblemLoader Init config took 2.78s 
17332      INFO  main            d.u.i.k.p.i.AbstractProblemLoader Replaying proof contract.IFBlockExamples[contract.IFBlockExamples::while_block_insecure(int)].Non-interference contract.0 
17335      DEBUG main            d.u.i.k.p.i.IntermediateProofReplayer Proof replay took 13.3ns 
17336      DEBUG main            d.u.i.k.m.s.ProofScriptEngine [1] goal: 0, source line: 51, command: 'macro 'infflow-autopilot'' 
17384      DEBUG main            d.u.i.k.p.m.ProofCorrectnessMgt No justification found for rule Class_invariant_axiom_for_contract_IFBlockExamples 
18551      INFO  main            d.u.i.k.p.r.p.TestFile    ... finished proof: open goal(s) 
18723      INFO  main            d.u.i.k.p.r.p.TestFile    Now processing file /home/runner/work/key/key/key.core/../key.ui/examples/InformationFlow/BlockContracts/contract.IFBlockExamples(contract.IFBlockExamples__while_block_secure(int)).Non-interference contract.0.m.key 
18724      INFO  main            d.u.i.k.p.i.AbstractProblemLoader Loading environment from /home/runner/work/key/key/key.core/../key.ui/examples/InformationFlow/BlockContracts/contract.IFBlockExamples(contract.IFBlockExamples__while_block_secure(int)).Non-interference contract.0.m.key 
18724      DEBUG main            d.u.i.k.p.i.AbstractProblemLoader Environment load took 79.8ns 
18725      INFO  main            d.u.i.k.p.i.AbstractProblemLoader Creating init config 
21446      DEBUG main            d.u.i.k.p.i.AbstractProblemLoader Init config took 2.72s 
21497      INFO  main            d.u.i.k.p.i.AbstractProblemLoader Replaying proof contract.IFBlockExamples[contract.IFBlockExamples::while_block_secure(int)].Non-interference contract.0 
21500      DEBUG main            d.u.i.k.p.i.IntermediateProofReplayer Proof replay took 13.1ns 
21500      DEBUG main            d.u.i.k.m.s.ProofScriptEngine [1] goal: 0, source line: 51, command: 'macro 'infflow-autopilot'' 
21545      DEBUG main            d.u.i.k.p.m.ProofCorrectnessMgt No justification found for rule Class_invariant_axiom_for_contract_IFBlockExamples 
22552      INFO  main            d.u.i.k.p.r.p.TestFile    ... finished proof: closed. 
22753      INFO  main            d.u.i.k.p.r.p.TestFile    Now processing file /home/runner/work/key/key/key.core/../key.ui/examples/InformationFlow/BlockContracts/contract.IFBlockExamples(contract.IFBlockExamples__block_while_secure(int)).Non-interference contract.0.m.key 
22754      INFO  main            d.u.i.k.p.i.AbstractProblemLoader Loading environment from /home/runner/work/key/key/key.core/../key.ui/examples/InformationFlow/BlockContracts/contract.IFBlockExamples(contract.IFBlockExamples__block_while_secure(int)).Non-interference contract.0.m.key 
22754      DEBUG main            d.u.i.k.p.i.AbstractProblemLoader Environment load took 140.1ns 
22759      INFO  main            d.u.i.k.p.i.AbstractProblemLoader Creating init config 
25466      DEBUG main            d.u.i.k.p.i.AbstractProblemLoader Init config took 2.71s 
25514      INFO  main            d.u.i.k.p.i.AbstractProblemLoader Replaying proof contract.IFBlockExamples[contract.IFBlockExamples::block_while_secure(int)].Non-interference contract.0 
25517      DEBUG main            d.u.i.k.p.i.IntermediateProofReplayer Proof replay took 16.9ns 
25518      DEBUG main            d.u.i.k.m.s.ProofScriptEngine [1] goal: 0, source line: 51, command: 'macro 'infflow-autopilot'' 
25561      DEBUG main            d.u.i.k.p.m.ProofCorrectnessMgt No justification found for rule Class_invariant_axiom_for_contract_IFBlockExamples 
26629      INFO  main            d.u.i.k.p.r.p.TestFile    ... finished proof: closed. 
26835      INFO  main            d.u.i.k.p.r.p.TestFile    Now processing file /home/runner/work/key/key/key.core/../key.ui/examples/InformationFlow/BlockContracts/contract.IFBlockExamples(contract.IFBlockExamples__insecure_4(int)).Non-interference contract.0.m.key 
26835      INFO  main            d.u.i.k.p.i.AbstractProblemLoader Loading environment from /home/runner/work/key/key/key.core/../key.ui/examples/InformationFlow/BlockContracts/contract.IFBlockExamples(contract.IFBlockExamples__insecure_4(int)).Non-interference contract.0.m.key 
26835      DEBUG main            d.u.i.k.p.i.AbstractProblemLoader Environment load took 70.3ns 
26836      INFO  main            d.u.i.k.p.i.AbstractProblemLoader Creating init config 
29514      DEBUG main            d.u.i.k.p.i.AbstractProblemLoader Init config took 2.68s 
29568      INFO  main            d.u.i.k.p.i.AbstractProblemLoader Replaying proof contract.IFBlockExamples[contract.IFBlockExamples::insecure_4(int)].Non-interference contract.0 
29574      DEBUG main            d.u.i.k.p.i.IntermediateProofReplayer Proof replay took 13.7ns 
29574      DEBUG main            d.u.i.k.m.s.ProofScriptEngine [1] goal: 0, source line: 51, command: 'macro 'infflow-autopilot'' 
29626      DEBUG main            d.u.i.k.p.m.ProofCorrectnessMgt No justification found for rule Class_invariant_axiom_for_contract_IFBlockExamples 
30972      INFO  main            d.u.i.k.p.r.p.TestFile    ... finished proof: open goal(s) 
31196      INFO  main            d.u.i.k.p.r.p.TestFile    Now processing file /home/runner/work/key/key/key.core/../key.ui/examples/InformationFlow/BlockContracts/contract.IFBlockExamples(contract.IFBlockExamples__insecure_3(int)).Non-interference contract.0.m.key 
31197      INFO  main            d.u.i.k.p.i.AbstractProblemLoader Loading environment from /home/runner/work/key/key/key.core/../key.ui/examples/InformationFlow/BlockContracts/contract.IFBlockExamples(contract.IFBlockExamples__insecure_3(int)).Non-interference contract.0.m.key 
31197      DEBUG main            d.u.i.k.p.i.AbstractProblemLoader Environment load took 137.6ns 
31198      INFO  main            d.u.i.k.p.i.AbstractProblemLoader Creating init config 
33768      DEBUG main            d.u.i.k.p.i.AbstractProblemLoader Init config took 2.57s 
33811      INFO  main            d.u.i.k.p.i.AbstractProblemLoader Replaying proof contract.IFBlockExamples[contract.IFBlockExamples::insecure_3(int)].Non-interference contract.0 
33814      DEBUG main            d.u.i.k.p.i.IntermediateProofReplayer Proof replay took 13.8ns 
33815      DEBUG main            d.u.i.k.m.s.ProofScriptEngine [1] goal: 0, source line: 51, command: 'macro 'infflow-autopilot'' 
33852      DEBUG main            d.u.i.k.p.m.ProofCorrectnessMgt No justification found for rule Class_invariant_axiom_for_contract_IFBlockExamples 
40561      INFO  main            d.u.i.k.p.r.p.TestFile    ... finished proof: open goal(s) 
40854      INFO  main            d.u.i.k.p.r.p.TestFile    Now processing file /home/runner/work/key/key/key.core/../key.ui/examples/InformationFlow/BlockContracts/contract.IFBlockExamples(contract.IFBlockExamples__secure_3(int)).Non-interference contract.0.m.key 
40855      INFO  main            d.u.i.k.p.i.AbstractProblemLoader Loading environment from /home/runner/work/key/key/key.core/../key.ui/examples/InformationFlow/BlockContracts/contract.IFBlockExamples(contract.IFBlockExamples__secure_3(int)).Non-interference contract.0.m.key 
40855      DEBUG main            d.u.i.k.p.i.AbstractProblemLoader Environment load took 117.1ns 
40856      INFO  main            d.u.i.k.p.i.AbstractProblemLoader Creating init config 
43423      DEBUG main            d.u.i.k.p.i.AbstractProblemLoader Init config took 2.57s 
43465      INFO  main            d.u.i.k.p.i.AbstractProblemLoader Replaying proof contract.IFBlockExamples[contract.IFBlockExamples::secure_3(int)].Non-interference contract.0 
43467      DEBUG main            d.u.i.k.p.i.IntermediateProofReplayer Proof replay took 13.3ns 
43468      DEBUG main            d.u.i.k.m.s.ProofScriptEngine [1] goal: 0, source line: 51, command: 'macro 'infflow-autopilot'' 
43511      DEBUG main            d.u.i.k.p.m.ProofCorrectnessMgt No justification found for rule Class_invariant_axiom_for_contract_IFBlockExamples 
44601      INFO  main            d.u.i.k.p.r.p.TestFile    ... finished proof: closed. 
44866      INFO  main            d.u.i.k.p.r.p.TestFile    Now processing file /home/runner/work/key/key/key.core/../key.ui/examples/InformationFlow/BlockContracts/contract.IFBlockExamples(contract.IFBlockExamples__secure_2(int)).Non-interference contract.0.m.key 
44866      INFO  main            d.u.i.k.p.i.AbstractProblemLoader Loading environment from /home/runner/work/key/key/key.core/../key.ui/examples/InformationFlow/BlockContracts/contract.IFBlockExamples(contract.IFBlockExamples__secure_2(int)).Non-interference contract.0.m.key 
44866      DEBUG main            d.u.i.k.p.i.AbstractProblemLoader Environment load took 70.6ns 
44869      INFO  main            d.u.i.k.p.i.AbstractProblemLoader Creating init config 
47402      DEBUG main            d.u.i.k.p.i.AbstractProblemLoader Init config took 2.53s 
47452      INFO  main            d.u.i.k.p.i.AbstractProblemLoader Replaying proof contract.IFBlockExamples[contract.IFBlockExamples::secure_2(int)].Non-interference contract.0 
47455      DEBUG main            d.u.i.k.p.i.IntermediateProofReplayer Proof replay took 13.6ns 
47458      DEBUG main            d.u.i.k.m.s.ProofScriptEngine [1] goal: 0, source line: 51, command: 'macro 'infflow-autopilot'' 
47493      DEBUG main            d.u.i.k.p.m.ProofCorrectnessMgt No justification found for rule Class_invariant_axiom_for_contract_IFBlockExamples 
48735      INFO  main            d.u.i.k.p.r.p.TestFile    ... finished proof: closed. 
48975      INFO  main            d.u.i.k.p.r.p.TestFile    Now processing file /home/runner/work/key/key/key.core/../key.ui/examples/InformationFlow/BlockContracts/contract.IFBlockExamples(contract.IFBlockExamples__secure_8(int)).Non-interference contract.0.m.key 
48975      INFO  main            d.u.i.k.p.i.AbstractProblemLoader Loading environment from /home/runner/work/key/key/key.core/../key.ui/examples/InformationFlow/BlockContracts/contract.IFBlockExamples(contract.IFBlockExamples__secure_8(int)).Non-interference contract.0.m.key 
48975      DEBUG main            d.u.i.k.p.i.AbstractProblemLoader Environment load took 73.4ns 
48976      INFO  main            d.u.i.k.p.i.AbstractProblemLoader Creating init config 
51527      DEBUG main            d.u.i.k.p.i.AbstractProblemLoader Init config took 2.55s 
51586      INFO  main            d.u.i.k.p.i.AbstractProblemLoader Replaying proof contract.IFBlockExamples[contract.IFBlockExamples::secure_8(int)].Non-interference contract.0 
51588      DEBUG main            d.u.i.k.p.i.IntermediateProofReplayer Proof replay took 14.1ns 
51591      DEBUG main            d.u.i.k.m.s.ProofScriptEngine [1] goal: 0, source line: 51, command: 'macro 'infflow-autopilot'' 
51629      DEBUG main            d.u.i.k.p.m.ProofCorrectnessMgt No justification found for rule Class_invariant_axiom_for_contract_IFBlockExamples 
52055      INFO  main            d.u.i.k.p.r.p.TestFile    ... finished proof: closed. 
52292      INFO  main            d.u.i.k.p.r.p.TestFile    Now processing file /home/runner/work/key/key/key.core/../key.ui/examples/InformationFlow/BlockContracts/contract.IFBlockExamples(contract.IFBlockExamples__secure_7(int)).Non-interference contract.0.m.key 
52292      INFO  main            d.u.i.k.p.i.AbstractProblemLoader Loading environment from /home/runner/work/key/key/key.core/../key.ui/examples/InformationFlow/BlockContracts/contract.IFBlockExamples(contract.IFBlockExamples__secure_7(int)).Non-interference contract.0.m.key 
52293      DEBUG main            d.u.i.k.p.i.AbstractProblemLoader Environment load took 115.9ns 
52293      INFO  main            d.u.i.k.p.i.AbstractProblemLoader Creating init config 
54828      DEBUG main            d.u.i.k.p.i.AbstractProblemLoader Init config took 2.53s 
54868      INFO  main            d.u.i.k.p.i.AbstractProblemLoader Replaying proof contract.IFBlockExamples[contract.IFBlockExamples::secure_7(int)].Non-interference contract.0 
54870      DEBUG main            d.u.i.k.p.i.IntermediateProofReplayer Proof replay took 13.2ns 
54871      DEBUG main            d.u.i.k.m.s.ProofScriptEngine [1] goal: 0, source line: 51, command: 'macro 'infflow-autopilot'' 
54904      DEBUG main            d.u.i.k.p.m.ProofCorrectnessMgt No justification found for rule Class_invariant_axiom_for_contract_IFBlockExamples 
55209      INFO  main            d.u.i.k.p.r.p.TestFile    ... finished proof: closed. 
55414      INFO  main            d.u.i.k.p.r.p.TestFile    Now processing file /home/runner/work/key/key/key.core/../key.ui/examples/InformationFlow/BlockContracts/contract.IFBlockExamples(contract.IFBlockExamples__secure_6(int)).Non-interference contract.0.m.key 
55415      INFO  main            d.u.i.k.p.i.AbstractProblemLoader Loading environment from /home/runner/work/key/key/key.core/../key.ui/examples/InformationFlow/BlockContracts/contract.IFBlockExamples(contract.IFBlockExamples__secure_6(int)).Non-interference contract.0.m.key 
55415      DEBUG main            d.u.i.k.p.i.AbstractProblemLoader Environment load took 86.5ns 
55416      INFO  main            d.u.i.k.p.i.AbstractProblemLoader Creating init config 
57952      DEBUG main            d.u.i.k.p.i.AbstractProblemLoader Init config took 2.54s 
57991      INFO  main            d.u.i.k.p.i.AbstractProblemLoader Replaying proof contract.IFBlockExamples[contract.IFBlockExamples::secure_6(int)].Non-interference contract.0 
57994      DEBUG main            d.u.i.k.p.i.IntermediateProofReplayer Proof replay took 15.1ns 
57994      DEBUG main            d.u.i.k.m.s.ProofScriptEngine [1] goal: 0, source line: 51, command: 'macro 'infflow-autopilot'' 
58028      DEBUG main            d.u.i.k.p.m.ProofCorrectnessMgt No justification found for rule Class_invariant_axiom_for_contract_IFBlockExamples 
58362      INFO  main            d.u.i.k.p.r.p.TestFile    ... finished proof: closed. 
58596      INFO  main            d.u.i.k.p.r.p.TestFile    Now processing file /home/runner/work/key/key/key.core/../key.ui/examples/InformationFlow/BlockContracts/contract.IFBlockExamples(contract.IFBlockExamples__insecure_1(int)).Non-interference contract.0.m.key 
58596      INFO  main            d.u.i.k.p.i.AbstractProblemLoader Loading environment from /home/runner/work/key/key/key.core/../key.ui/examples/InformationFlow/BlockContracts/contract.IFBlockExamples(contract.IFBlockExamples__insecure_1(int)).Non-interference contract.0.m.key 
58596      DEBUG main            d.u.i.k.p.i.AbstractProblemLoader Environment load took 68.6ns 
58598      INFO  main            d.u.i.k.p.i.AbstractProblemLoader Creating init config 
61202      DEBUG main            d.u.i.k.p.i.AbstractProblemLoader Init config took 2.6s 
61248      INFO  main            d.u.i.k.p.i.AbstractProblemLoader Replaying proof contract.IFBlockExamples[contract.IFBlockExamples::insecure_1(int)].Non-interference contract.0 
61251      DEBUG main            d.u.i.k.p.i.IntermediateProofReplayer Proof replay took 14ns 
61252      DEBUG main            d.u.i.k.m.s.ProofScriptEngine [1] goal: 0, source line: 51, command: 'macro 'infflow-autopilot'' 
61285      DEBUG main            d.u.i.k.p.m.ProofCorrectnessMgt No justification found for rule Class_invariant_axiom_for_contract_IFBlockExamples 
61780      INFO  main            d.u.i.k.p.r.p.TestFile    ... finished proof: open goal(s) 
62000      INFO  main            d.u.i.k.p.r.p.TestFile    Now processing file /home/runner/work/key/key/key.core/../key.ui/examples/InformationFlow/BlockContracts/contract.IFBlockExamples(contract.IFBlockExamples__secure_4(int)).Non-interference contract.0.m.key 
62000      INFO  main            d.u.i.k.p.i.AbstractProblemLoader Loading environment from /home/runner/work/key/key/key.core/../key.ui/examples/InformationFlow/BlockContracts/contract.IFBlockExamples(contract.IFBlockExamples__secure_4(int)).Non-interference contract.0.m.key 
62000      DEBUG main            d.u.i.k.p.i.AbstractProblemLoader Environment load took 67ns 
62001      INFO  main            d.u.i.k.p.i.AbstractProblemLoader Creating init config 
64530      DEBUG main            d.u.i.k.p.i.AbstractProblemLoader Init config took 2.53s 
64568      INFO  main            d.u.i.k.p.i.AbstractProblemLoader Replaying proof contract.IFBlockExamples[contract.IFBlockExamples::secure_4(int)].Non-interference contract.0 
64571      DEBUG main            d.u.i.k.p.i.IntermediateProofReplayer Proof replay took 16.9ns 
64572      DEBUG main            d.u.i.k.m.s.ProofScriptEngine [1] goal: 0, source line: 51, command: 'macro 'infflow-autopilot'' 
64605      DEBUG main            d.u.i.k.p.m.ProofCorrectnessMgt No justification found for rule Class_invariant_axiom_for_contract_IFBlockExamples 
65042      INFO  main            d.u.i.k.p.r.p.TestFile    ... finished proof: closed. 
65256      INFO  main            d.u.i.k.p.r.p.TestFile    Now processing file /home/runner/work/key/key/key.core/../key.ui/examples/InformationFlow/BlockContracts/contract.IFBlockExamples(contract.IFBlockExamples__secure_1(int)).Non-interference contract.0.m.key 
65256      INFO  main            d.u.i.k.p.i.AbstractProblemLoader Loading environment from /home/runner/work/key/key/key.core/../key.ui/examples/InformationFlow/BlockContracts/contract.IFBlockExamples(contract.IFBlockExamples__secure_1(int)).Non-interference contract.0.m.key 
65256      DEBUG main            d.u.i.k.p.i.AbstractProblemLoader Environment load took 64.8ns 
65257      INFO  main            d.u.i.k.p.i.AbstractProblemLoader Creating init config 
67830      DEBUG main            d.u.i.k.p.i.AbstractProblemLoader Init config took 2.57s 
67872      INFO  main            d.u.i.k.p.i.AbstractProblemLoader Replaying proof contract.IFBlockExamples[contract.IFBlockExamples::secure_1(int)].Non-interference contract.0 
67875      DEBUG main            d.u.i.k.p.i.IntermediateProofReplayer Proof replay took 32.4ns 
67875      DEBUG main            d.u.i.k.m.s.ProofScriptEngine [1] goal: 0, source line: 51, command: 'macro 'infflow-autopilot'' 
67906      DEBUG main            d.u.i.k.p.m.ProofCorrectnessMgt No justification found for rule Class_invariant_axiom_for_contract_IFBlockExamples 
68387      INFO  main            d.u.i.k.p.r.p.TestFile    ... finished proof: closed. 
68594      INFO  main            d.u.i.k.p.r.p.TestFile    Now processing file /home/runner/work/key/key/key.core/../key.ui/examples/InformationFlow/BlockContracts/contract.IFEfficiencyExamples(contract.IFEfficiencyExamples__mWithoutBlockContract()).Non-interference contract.0.m.key 
68594      INFO  main            d.u.i.k.p.i.AbstractProblemLoader Loading environment from /home/runner/work/key/key/key.core/../key.ui/examples/InformationFlow/BlockContracts/contract.IFEfficiencyExamples(contract.IFEfficiencyExamples__mWithoutBlockContract()).Non-interference contract.0.m.key 
68594      DEBUG main            d.u.i.k.p.i.AbstractProblemLoader Environment load took 98.7ns 
68595      INFO  main            d.u.i.k.p.i.AbstractProblemLoader Creating init config 
71141      DEBUG main            d.u.i.k.p.i.AbstractProblemLoader Init config took 2.55s 
71183      INFO  main            d.u.i.k.p.i.AbstractProblemLoader Replaying proof contract.IFEfficiencyExamples[contract.IFEfficiencyExamples::mWithoutBlockContract()].Non-interference contract.0 
71186      DEBUG main            d.u.i.k.p.i.IntermediateProofReplayer Proof replay took 16.3ns 
71187      DEBUG main            d.u.i.k.m.s.ProofScriptEngine [1] goal: 0, source line: 51, command: 'macro 'infflow-autopilot'' 
71218      DEBUG main            d.u.i.k.p.m.ProofCorrectnessMgt No justification found for rule Class_invariant_axiom_for_contract_IFEfficiencyExamples 
75911      INFO  main            d.u.i.k.p.r.p.TestFile    ... finished proof: closed. 
76151      INFO  main            d.u.i.k.p.r.p.TestFile    Now processing file /home/runner/work/key/key/key.core/../key.ui/examples/InformationFlow/BlockContracts/contract.IFEfficiencyExamples(contract.IFEfficiencyExamples__mWithBlockContract()).Non-interference contract.0.m.key 
76151      INFO  main            d.u.i.k.p.i.AbstractProblemLoader Loading environment from /home/runner/work/key/key/key.core/../key.ui/examples/InformationFlow/BlockContracts/contract.IFEfficiencyExamples(contract.IFEfficiencyExamples__mWithBlockContract()).Non-interference contract.0.m.key 
76151      DEBUG main            d.u.i.k.p.i.AbstractProblemLoader Environment load took 68.4ns 
76153      INFO  main            d.u.i.k.p.i.AbstractProblemLoader Creating init config 
78682      DEBUG main            d.u.i.k.p.i.AbstractProblemLoader Init config took 2.53s 
78717      INFO  main            d.u.i.k.p.i.AbstractProblemLoader Replaying proof contract.IFEfficiencyExamples[contract.IFEfficiencyExamples::mWithBlockContract()].Non-interference contract.0 
78720      DEBUG main            d.u.i.k.p.i.IntermediateProofReplayer Proof replay took 15.4ns 
78720      DEBUG main            d.u.i.k.m.s.ProofScriptEngine [1] goal: 0, source line: 51, command: 'macro 'infflow-autopilot'' 
78748      DEBUG main            d.u.i.k.p.m.ProofCorrectnessMgt No justification found for rule Class_invariant_axiom_for_contract_IFEfficiencyExamples 
80150      INFO  main            d.u.i.k.p.r.p.TestFile    ... finished proof: closed. 
1848359    INFO  Test worker     d.u.i.k.p.r.p.StatisticsFile Returning from test BlockContracts_fullmacro 
1848361    INFO  Test worker     d.u.i.k.p.r.p.StatisticsFile Running test MethodContracts_fullmacro 
349        INFO  Timeout watchdog d.u.i.k.p.r.p.ForkedTestFileRunner Timeout watcher launched (1000 secs.) 
363        WARN  main            d.u.i.k.s.ProofSettings   The settings in /home/runner/.key/proof-settings.props are *not* read. 
398        INFO  main            d.u.i.k.p.r.p.TestFile    Now processing file /home/runner/work/key/key/key.core/../key.ui/examples/InformationFlow/MethodContracts/contract.IFMethodContract(contract.IFMethodContract__secure_recursion_2((I,int)).Non-interference contract.0.m.key 
522        INFO  main            d.u.i.k.p.i.AbstractProblemLoader Loading environment from /home/runner/work/key/key/key.core/../key.ui/examples/InformationFlow/MethodContracts/contract.IFMethodContract(contract.IFMethodContract__secure_recursion_2((I,int)).Non-interference contract.0.m.key 
555        DEBUG main            d.u.i.k.p.i.AbstractProblemLoader Environment load took 2.21ms 
800        INFO  main            d.u.i.k.p.i.AbstractProblemLoader Creating init config 
1739       DEBUG main            d.u.i.k.j.TypeConverter   No LDT found for Meta 
1740       DEBUG main            d.u.i.k.j.TypeConverter   No LDT found for Meta 
1743       DEBUG main            d.u.i.k.j.TypeConverter   No LDT found for Meta 
1743       DEBUG main            d.u.i.k.j.TypeConverter   No LDT found for Meta 
3192       DEBUG main            d.u.i.k.j.TypeConverter   No LDT found for JavaBigintExpression 
8267       DEBUG main            d.u.i.k.p.i.AbstractProblemLoader Init config took 7.47s 
8408       INFO  main            d.u.i.k.p.i.AbstractProblemLoader Replaying proof contract.IFMethodContract[contract.IFMethodContract::secure_recursion_2([I,int)].Non-interference contract.0 
8482       DEBUG main            d.u.i.k.p.i.IntermediateProofReplayer Proof replay took 414.51ns 
8525       DEBUG main            d.u.i.k.m.s.ProofScriptEngine [1] goal: 0, source line: 51, command: 'macro 'infflow-autopilot'' 
8871       DEBUG main            d.u.i.k.p.m.ProofCorrectnessMgt No justification found for rule Class_invariant_axiom_for_contract_IFMethodContract 
9247       DEBUG main            d.u.i.k.p.m.ProofCorrectnessMgt No justification found for rule Class_invariant_axiom_for_contract_IFMethodContract 
9249       DEBUG main            d.u.i.k.p.m.ProofCorrectnessMgt No justification found for rule Class_invariant_axiom_for_contract_IFMethodContract 
9412       DEBUG main            d.u.i.k.p.m.ProofCorrectnessMgt No justification found for rule Class_invariant_axiom_for_contract_IFMethodContract 
12600      INFO  main            d.u.i.k.p.r.p.TestFile    ... finished proof: closed. 
12758      INFO  main            d.u.i.k.p.r.p.TestFile    Now processing file /home/runner/work/key/key/key.core/../key.ui/examples/InformationFlow/MethodContracts/contract.IFMethodContract(contract.IFMethodContract__secure_recursion(int)).Non-interference contract.0.m.key 
12758      INFO  main            d.u.i.k.p.i.AbstractProblemLoader Loading environment from /home/runner/work/key/key/key.core/../key.ui/examples/InformationFlow/MethodContracts/contract.IFMethodContract(contract.IFMethodContract__secure_recursion(int)).Non-interference contract.0.m.key 
12760      DEBUG main            d.u.i.k.p.i.AbstractProblemLoader Environment load took 1.59ms 
12763      INFO  main            d.u.i.k.p.i.AbstractProblemLoader Creating init config 
15667      DEBUG main            d.u.i.k.p.i.AbstractProblemLoader Init config took 2.9s 
15729      INFO  main            d.u.i.k.p.i.AbstractProblemLoader Replaying proof contract.IFMethodContract[contract.IFMethodContract::secure_recursion(int)].Non-interference contract.0 
15732      DEBUG main            d.u.i.k.p.i.IntermediateProofReplayer Proof replay took 12.8ns 
15733      DEBUG main            d.u.i.k.m.s.ProofScriptEngine [1] goal: 0, source line: 51, command: 'macro 'infflow-autopilot'' 
15798      DEBUG main            d.u.i.k.p.m.ProofCorrectnessMgt No justification found for rule Class_invariant_axiom_for_contract_IFMethodContract 
15875      DEBUG main            d.u.i.k.p.m.ProofCorrectnessMgt No justification found for rule Class_invariant_axiom_for_contract_IFMethodContract 
15876      DEBUG main            d.u.i.k.p.m.ProofCorrectnessMgt No justification found for rule Class_invariant_axiom_for_contract_IFMethodContract 
15950      DEBUG main            d.u.i.k.p.m.ProofCorrectnessMgt No justification found for rule Class_invariant_axiom_for_contract_IFMethodContract 
16502      INFO  main            d.u.i.k.p.r.p.TestFile    ... finished proof: closed. 
16641      INFO  main            d.u.i.k.p.r.p.TestFile    Now processing file /home/runner/work/key/key/key.core/../key.ui/examples/InformationFlow/MethodContracts/contract.IFMethodContract(contract.IFMethodContract__secure_catch_exception()).Non-interference contract.0.m.key 
16642      INFO  main            d.u.i.k.p.i.AbstractProblemLoader Loading environment from /home/runner/work/key/key/key.core/../key.ui/examples/InformationFlow/MethodContracts/contract.IFMethodContract(contract.IFMethodContract__secure_catch_exception()).Non-interference contract.0.m.key 
16642      DEBUG main            d.u.i.k.p.i.AbstractProblemLoader Environment load took 75.7ns 
16646      INFO  main            d.u.i.k.p.i.AbstractProblemLoader Creating init config 
19275      DEBUG main            d.u.i.k.p.i.AbstractProblemLoader Init config took 2.63s 
19325      INFO  main            d.u.i.k.p.i.AbstractProblemLoader Replaying proof contract.IFMethodContract[contract.IFMethodContract::secure_catch_exception()].Non-interference contract.0 
19328      DEBUG main            d.u.i.k.p.i.IntermediateProofReplayer Proof replay took 13.9ns 
19329      DEBUG main            d.u.i.k.m.s.ProofScriptEngine [1] goal: 0, source line: 51, command: 'macro 'infflow-autopilot'' 
19372      DEBUG main            d.u.i.k.p.m.ProofCorrectnessMgt No justification found for rule Class_invariant_axiom_for_contract_IFMethodContract 
19674      INFO  main            d.u.i.k.p.r.p.TestFile    ... finished proof: closed. 
19827      INFO  main            d.u.i.k.p.r.p.TestFile    Now processing file /home/runner/work/key/key/key.core/../key.ui/examples/InformationFlow/MethodContracts/contract.IFMethodContract(contract.IFMethodContract__n6()).Non-interference contract.0.m.key 
19828      INFO  main            d.u.i.k.p.i.AbstractProblemLoader Loading environment from /home/runner/work/key/key/key.core/../key.ui/examples/InformationFlow/MethodContracts/contract.IFMethodContract(contract.IFMethodContract__n6()).Non-interference contract.0.m.key 
19828      DEBUG main            d.u.i.k.p.i.AbstractProblemLoader Environment load took 436.01ns 
19829      INFO  main            d.u.i.k.p.i.AbstractProblemLoader Creating init config 
22437      DEBUG main            d.u.i.k.p.i.AbstractProblemLoader Init config took 2.61s 
22488      INFO  main            d.u.i.k.p.i.AbstractProblemLoader Replaying proof contract.IFMethodContract[contract.IFMethodContract::n6()].Non-interference contract.0 
22491      DEBUG main            d.u.i.k.p.i.IntermediateProofReplayer Proof replay took 33.8ns 
22491      DEBUG main            d.u.i.k.m.s.ProofScriptEngine [1] goal: 0, source line: 51, command: 'macro 'infflow-autopilot'' 
22538      DEBUG main            d.u.i.k.p.m.ProofCorrectnessMgt No justification found for rule Class_invariant_axiom_for_contract_IFMethodContract 
22655      INFO  main            d.u.i.k.p.r.p.TestFile    ... finished proof: closed. 
22797      INFO  main            d.u.i.k.p.r.p.TestFile    Now processing file /home/runner/work/key/key/key.core/../key.ui/examples/InformationFlow/MethodContracts/contract.IFMethodContract(contract.IFMethodContract__secure_n6()).Non-interference contract.0.m.key 
22798      INFO  main            d.u.i.k.p.i.AbstractProblemLoader Loading environment from /home/runner/work/key/key/key.core/../key.ui/examples/InformationFlow/MethodContracts/contract.IFMethodContract(contract.IFMethodContract__secure_n6()).Non-interference contract.0.m.key 
22798      DEBUG main            d.u.i.k.p.i.AbstractProblemLoader Environment load took 84.3ns 
22799      INFO  main            d.u.i.k.p.i.AbstractProblemLoader Creating init config 
25343      DEBUG main            d.u.i.k.p.i.AbstractProblemLoader Init config took 2.54s 
25389      INFO  main            d.u.i.k.p.i.AbstractProblemLoader Replaying proof contract.IFMethodContract[contract.IFMethodContract::secure_n6()].Non-interference contract.0 
25392      DEBUG main            d.u.i.k.p.i.IntermediateProofReplayer Proof replay took 28ns 
25393      DEBUG main            d.u.i.k.m.s.ProofScriptEngine [1] goal: 0, source line: 51, command: 'macro 'infflow-autopilot'' 
25436      DEBUG main            d.u.i.k.p.m.ProofCorrectnessMgt No justification found for rule Class_invariant_axiom_for_contract_IFMethodContract 
25459      DEBUG main            d.u.i.k.p.m.ProofCorrectnessMgt No justification found for rule Class_invariant_axiom_for_contract_IFMethodContract 
25460      DEBUG main            d.u.i.k.p.m.ProofCorrectnessMgt No justification found for rule Class_invariant_axiom_for_contract_IFMethodContract 
25475      DEBUG main            d.u.i.k.p.m.ProofCorrectnessMgt No justification found for rule Class_invariant_axiom_for_contract_IFMethodContract 
25638      INFO  main            d.u.i.k.p.r.p.TestFile    ... finished proof: closed. 
25803      INFO  main            d.u.i.k.p.r.p.TestFile    Now processing file /home/runner/work/key/key/key.core/../key.ui/examples/InformationFlow/MethodContracts/contract.IFMethodContract(contract.IFMethodContract__secure_array_param((I,int)).Non-interference contract.0.m.key 
25803      INFO  main            d.u.i.k.p.i.AbstractProblemLoader Loading environment from /home/runner/work/key/key/key.core/../key.ui/examples/InformationFlow/MethodContracts/contract.IFMethodContract(contract.IFMethodContract__secure_array_param((I,int)).Non-interference contract.0.m.key 
25803      DEBUG main            d.u.i.k.p.i.AbstractProblemLoader Environment load took 123.1ns 
25804      INFO  main            d.u.i.k.p.i.AbstractProblemLoader Creating init config 
28335      DEBUG main            d.u.i.k.p.i.AbstractProblemLoader Init config took 2.53s 
28386      INFO  main            d.u.i.k.p.i.AbstractProblemLoader Replaying proof contract.IFMethodContract[contract.IFMethodContract::secure_array_param([I,int)].Non-interference contract.0 
28389      DEBUG main            d.u.i.k.p.i.IntermediateProofReplayer Proof replay took 13.8ns 
28390      DEBUG main            d.u.i.k.m.s.ProofScriptEngine [1] goal: 0, source line: 51, command: 'macro 'infflow-autopilot'' 
28442      DEBUG main            d.u.i.k.p.m.ProofCorrectnessMgt No justification found for rule Class_invariant_axiom_for_contract_IFMethodContract 
28485      DEBUG main            d.u.i.k.p.m.ProofCorrectnessMgt No justification found for rule Class_invariant_axiom_for_contract_IFMethodContract 
28486      DEBUG main            d.u.i.k.p.m.ProofCorrectnessMgt No justification found for rule Class_invariant_axiom_for_contract_IFMethodContract 
28540      DEBUG main            d.u.i.k.p.m.ProofCorrectnessMgt No justification found for rule Class_invariant_axiom_for_contract_IFMethodContract 
30112      INFO  main            d.u.i.k.p.r.p.TestFile    ... finished proof: closed. 
30270      INFO  main            d.u.i.k.p.r.p.TestFile    Now processing file /home/runner/work/key/key/key.core/../key.ui/examples/InformationFlow/MethodContracts/contract.IFMethodContract(contract.IFMethodContract__secure_assignment_0_n9()).Non-interference contract.0.m.key 
30270      INFO  main            d.u.i.k.p.i.AbstractProblemLoader Loading environment from /home/runner/work/key/key/key.core/../key.ui/examples/InformationFlow/MethodContracts/contract.IFMethodContract(contract.IFMethodContract__secure_assignment_0_n9()).Non-interference contract.0.m.key 
30271      DEBUG main            d.u.i.k.p.i.AbstractProblemLoader Environment load took 557.81ns 
30272      INFO  main            d.u.i.k.p.i.AbstractProblemLoader Creating init config 
32842      DEBUG main            d.u.i.k.p.i.AbstractProblemLoader Init config took 2.57s 
32884      INFO  main            d.u.i.k.p.i.AbstractProblemLoader Replaying proof contract.IFMethodContract[contract.IFMethodContract::secure_assignment_0_n9()].Non-interference contract.0 
32887      DEBUG main            d.u.i.k.p.i.IntermediateProofReplayer Proof replay took 14.8ns 
32888      DEBUG main            d.u.i.k.m.s.ProofScriptEngine [1] goal: 0, source line: 51, command: 'macro 'infflow-autopilot'' 
32942      DEBUG main            d.u.i.k.p.m.ProofCorrectnessMgt No justification found for rule Class_invariant_axiom_for_contract_IFMethodContract 
32993      DEBUG main            d.u.i.k.p.m.ProofCorrectnessMgt No justification found for rule Class_invariant_axiom_for_contract_IFMethodContract 
32994      DEBUG main            d.u.i.k.p.m.ProofCorrectnessMgt No justification found for rule Class_invariant_axiom_for_contract_IFMethodContract 
33006      DEBUG main            d.u.i.k.p.m.ProofCorrectnessMgt No justification found for rule Class_invariant_axiom_for_contract_IFMethodContract 
33131      INFO  main            d.u.i.k.p.r.p.TestFile    ... finished proof: closed. 
33286      INFO  main            d.u.i.k.p.r.p.TestFile    Now processing file /home/runner/work/key/key/key.core/../key.ui/examples/InformationFlow/MethodContracts/contract.IFMethodContract(contract.IFMethodContract__insecure_if_high_n5_n1()).Non-interference contract.0.m.key 
33286      INFO  main            d.u.i.k.p.i.AbstractProblemLoader Loading environment from /home/runner/work/key/key/key.core/../key.ui/examples/InformationFlow/MethodContracts/contract.IFMethodContract(contract.IFMethodContract__insecure_if_high_n5_n1()).Non-interference contract.0.m.key 
33286      DEBUG main            d.u.i.k.p.i.AbstractProblemLoader Environment load took 68.7ns 
33287      INFO  main            d.u.i.k.p.i.AbstractProblemLoader Creating init config 
35784      DEBUG main            d.u.i.k.p.i.AbstractProblemLoader Init config took 2.5s 
35832      INFO  main            d.u.i.k.p.i.AbstractProblemLoader Replaying proof contract.IFMethodContract[contract.IFMethodContract::insecure_if_high_n5_n1()].Non-interference contract.0 
35835      DEBUG main            d.u.i.k.p.i.IntermediateProofReplayer Proof replay took 13.8ns 
35836      DEBUG main            d.u.i.k.m.s.ProofScriptEngine [1] goal: 0, source line: 51, command: 'macro 'infflow-autopilot'' 
35874      DEBUG main            d.u.i.k.p.m.ProofCorrectnessMgt No justification found for rule Class_invariant_axiom_for_contract_IFMethodContract 
35917      DEBUG main            d.u.i.k.p.m.ProofCorrectnessMgt No justification found for rule Class_invariant_axiom_for_contract_IFMethodContract 
35918      DEBUG main            d.u.i.k.p.m.ProofCorrectnessMgt No justification found for rule Class_invariant_axiom_for_contract_IFMethodContract 
35987      DEBUG main            d.u.i.k.p.m.ProofCorrectnessMgt No justification found for rule Class_invariant_axiom_for_contract_IFMethodContract 
35987      DEBUG main            d.u.i.k.p.m.ProofCorrectnessMgt No justification found for rule Class_invariant_axiom_for_contract_IFMethodContract 
36008      DEBUG main            d.u.i.k.p.m.ProofCorrectnessMgt No justification found for rule Class_invariant_axiom_for_contract_IFMethodContract 
36008      DEBUG main            d.u.i.k.p.m.ProofCorrectnessMgt No justification found for rule Class_invariant_axiom_for_contract_IFMethodContract 
36034      DEBUG main            d.u.i.k.p.m.ProofCorrectnessMgt No justification found for rule Class_invariant_axiom_for_contract_IFMethodContract 
36040      DEBUG main            d.u.i.k.p.m.ProofCorrectnessMgt No justification found for rule Class_invariant_axiom_for_contract_IFMethodContract 
36054      DEBUG main            d.u.i.k.p.m.ProofCorrectnessMgt No justification found for rule Class_invariant_axiom_for_contract_IFMethodContract 
36729      INFO  main            d.u.i.k.p.r.p.TestFile    ... finished proof: open goal(s) 
36880      INFO  main            d.u.i.k.p.r.p.TestFile    Now processing file /home/runner/work/key/key/key.core/../key.ui/examples/InformationFlow/MethodContracts/contract.IFMethodContract(contract.IFMethodContract__n5(int)).Non-interference contract.0.m.key 
36880      INFO  main            d.u.i.k.p.i.AbstractProblemLoader Loading environment from /home/runner/work/key/key/key.core/../key.ui/examples/InformationFlow/MethodContracts/contract.IFMethodContract(contract.IFMethodContract__n5(int)).Non-interference contract.0.m.key 
36880      DEBUG main            d.u.i.k.p.i.AbstractProblemLoader Environment load took 72ns 
36881      INFO  main            d.u.i.k.p.i.AbstractProblemLoader Creating init config 
39375      DEBUG main            d.u.i.k.p.i.AbstractProblemLoader Init config took 2.49s 
39433      INFO  main            d.u.i.k.p.i.AbstractProblemLoader Replaying proof contract.IFMethodContract[contract.IFMethodContract::n5(int)].Non-interference contract.0 
39436      DEBUG main            d.u.i.k.p.i.IntermediateProofReplayer Proof replay took 13ns 
39436      DEBUG main            d.u.i.k.m.s.ProofScriptEngine [1] goal: 0, source line: 51, command: 'macro 'infflow-autopilot'' 
39477      DEBUG main            d.u.i.k.p.m.ProofCorrectnessMgt No justification found for rule Class_invariant_axiom_for_contract_IFMethodContract 
39577      INFO  main            d.u.i.k.p.r.p.TestFile    ... finished proof: closed. 
39760      INFO  main            d.u.i.k.p.r.p.TestFile    Now processing file /home/runner/work/key/key/key.core/../key.ui/examples/InformationFlow/MethodContracts/contract.IFMethodContract(contract.IFMethodContract__secure_if_high_n5_n1()).Non-interference contract.0.m.key 
39760      INFO  main            d.u.i.k.p.i.AbstractProblemLoader Loading environment from /home/runner/work/key/key/key.core/../key.ui/examples/InformationFlow/MethodContracts/contract.IFMethodContract(contract.IFMethodContract__secure_if_high_n5_n1()).Non-interference contract.0.m.key 
39760      DEBUG main            d.u.i.k.p.i.AbstractProblemLoader Environment load took 77.1ns 
39761      INFO  main            d.u.i.k.p.i.AbstractProblemLoader Creating init config 
42278      DEBUG main            d.u.i.k.p.i.AbstractProblemLoader Init config took 2.52s 
42318      INFO  main            d.u.i.k.p.i.AbstractProblemLoader Replaying proof contract.IFMethodContract[contract.IFMethodContract::secure_if_high_n5_n1()].Non-interference contract.0 
42320      DEBUG main            d.u.i.k.p.i.IntermediateProofReplayer Proof replay took 14.9ns 
42321      DEBUG main            d.u.i.k.m.s.ProofScriptEngine [1] goal: 0, source line: 51, command: 'macro 'infflow-autopilot'' 
42355      DEBUG main            d.u.i.k.p.m.ProofCorrectnessMgt No justification found for rule Class_invariant_axiom_for_contract_IFMethodContract 
42452      DEBUG main            d.u.i.k.p.m.ProofCorrectnessMgt No justification found for rule Class_invariant_axiom_for_contract_IFMethodContract 
42453      DEBUG main            d.u.i.k.p.m.ProofCorrectnessMgt No justification found for rule Class_invariant_axiom_for_contract_IFMethodContract 
42472      DEBUG main            d.u.i.k.p.m.ProofCorrectnessMgt No justification found for rule Class_invariant_axiom_for_contract_IFMethodContract 
42473      DEBUG main            d.u.i.k.p.m.ProofCorrectnessMgt No justification found for rule Class_invariant_axiom_for_contract_IFMethodContract 
42515      DEBUG main            d.u.i.k.p.m.ProofCorrectnessMgt No justification found for rule Class_invariant_axiom_for_contract_IFMethodContract 
42516      DEBUG main            d.u.i.k.p.m.ProofCorrectnessMgt No justification found for rule Class_invariant_axiom_for_contract_IFMethodContract 
42534      DEBUG main            d.u.i.k.p.m.ProofCorrectnessMgt No justification found for rule Class_invariant_axiom_for_contract_IFMethodContract 
42535      DEBUG main            d.u.i.k.p.m.ProofCorrectnessMgt No justification found for rule Class_invariant_axiom_for_contract_IFMethodContract 
42555      DEBUG main            d.u.i.k.p.m.ProofCorrectnessMgt No justification found for rule Class_invariant_axiom_for_contract_IFMethodContract 
42561      DEBUG main            d.u.i.k.p.m.ProofCorrectnessMgt No justification found for rule Class_invariant_axiom_for_contract_IFMethodContract 
42581      DEBUG main            d.u.i.k.p.m.ProofCorrectnessMgt No justification found for rule Class_invariant_axiom_for_contract_IFMethodContract 
42586      DEBUG main            d.u.i.k.p.m.ProofCorrectnessMgt No justification found for rule Class_invariant_axiom_for_contract_IFMethodContract 
43252      INFO  main            d.u.i.k.p.r.p.TestFile    ... finished proof: closed. 
43452      INFO  main            d.u.i.k.p.r.p.TestFile    Now processing file /home/runner/work/key/key/key.core/../key.ui/examples/InformationFlow/MethodContracts/contract.IFMethodContract(contract.IFMethodContract__secure_if_high_n1()).Non-interference contract.0.m.key 
43453      INFO  main            d.u.i.k.p.i.AbstractProblemLoader Loading environment from /home/runner/work/key/key/key.core/../key.ui/examples/InformationFlow/MethodContracts/contract.IFMethodContract(contract.IFMethodContract__secure_if_high_n1()).Non-interference contract.0.m.key 
43453      DEBUG main            d.u.i.k.p.i.AbstractProblemLoader Environment load took 119.8ns 
43454      INFO  main            d.u.i.k.p.i.AbstractProblemLoader Creating init config 
45946      DEBUG main            d.u.i.k.p.i.AbstractProblemLoader Init config took 2.49s 
45993      INFO  main            d.u.i.k.p.i.AbstractProblemLoader Replaying proof contract.IFMethodContract[contract.IFMethodContract::secure_if_high_n1()].Non-interference contract.0 
45996      DEBUG main            d.u.i.k.p.i.IntermediateProofReplayer Proof replay took 15.3ns 
45996      DEBUG main            d.u.i.k.m.s.ProofScriptEngine [1] goal: 0, source line: 51, command: 'macro 'infflow-autopilot'' 
46029      DEBUG main            d.u.i.k.p.m.ProofCorrectnessMgt No justification found for rule Class_invariant_axiom_for_contract_IFMethodContract 
46089      DEBUG main            d.u.i.k.p.m.ProofCorrectnessMgt No justification found for rule Class_invariant_axiom_for_contract_IFMethodContract 
46090      DEBUG main            d.u.i.k.p.m.ProofCorrectnessMgt No justification found for rule Class_invariant_axiom_for_contract_IFMethodContract 
46138      DEBUG main            d.u.i.k.p.m.ProofCorrectnessMgt No justification found for rule Class_invariant_axiom_for_contract_IFMethodContract 
46139      DEBUG main            d.u.i.k.p.m.ProofCorrectnessMgt No justification found for rule Class_invariant_axiom_for_contract_IFMethodContract 
46155      DEBUG main            d.u.i.k.p.m.ProofCorrectnessMgt No justification found for rule Class_invariant_axiom_for_contract_IFMethodContract 
46169      DEBUG main            d.u.i.k.p.m.ProofCorrectnessMgt No justification found for rule Class_invariant_axiom_for_contract_IFMethodContract 
46514      INFO  main            d.u.i.k.p.r.p.TestFile    ... finished proof: closed. 
46703      INFO  main            d.u.i.k.p.r.p.TestFile    Now processing file /home/runner/work/key/key/key.core/../key.ui/examples/InformationFlow/MethodContracts/contract.IFMethodContract(contract.IFMethodContract__secure_n5()).Non-interference contract.0.m.key 
46704      INFO  main            d.u.i.k.p.i.AbstractProblemLoader Loading environment from /home/runner/work/key/key/key.core/../key.ui/examples/InformationFlow/MethodContracts/contract.IFMethodContract(contract.IFMethodContract__secure_n5()).Non-interference contract.0.m.key 
46704      DEBUG main            d.u.i.k.p.i.AbstractProblemLoader Environment load took 65.7ns 
46705      INFO  main            d.u.i.k.p.i.AbstractProblemLoader Creating init config 
49193      DEBUG main            d.u.i.k.p.i.AbstractProblemLoader Init config took 2.49s 
49231      INFO  main            d.u.i.k.p.i.AbstractProblemLoader Replaying proof contract.IFMethodContract[contract.IFMethodContract::secure_n5()].Non-interference contract.0 
49233      DEBUG main            d.u.i.k.p.i.IntermediateProofReplayer Proof replay took 17.8ns 
49234      DEBUG main            d.u.i.k.m.s.ProofScriptEngine [1] goal: 0, source line: 51, command: 'macro 'infflow-autopilot'' 
49272      DEBUG main            d.u.i.k.p.m.ProofCorrectnessMgt No justification found for rule Class_invariant_axiom_for_contract_IFMethodContract 
49308      DEBUG main            d.u.i.k.p.m.ProofCorrectnessMgt No justification found for rule Class_invariant_axiom_for_contract_IFMethodContract 
49308      DEBUG main            d.u.i.k.p.m.ProofCorrectnessMgt No justification found for rule Class_invariant_axiom_for_contract_IFMethodContract 
49320      DEBUG main            d.u.i.k.p.m.ProofCorrectnessMgt No justification found for rule Class_invariant_axiom_for_contract_IFMethodContract 
49482      INFO  main            d.u.i.k.p.r.p.TestFile    ... finished proof: closed. 
49672      INFO  main            d.u.i.k.p.r.p.TestFile    Now processing file /home/runner/work/key/key/key.core/../key.ui/examples/InformationFlow/MethodContracts/contract.IFMethodContract(contract.IFMethodContract__n4()).Non-interference contract.0.m.key 
49672      INFO  main            d.u.i.k.p.i.AbstractProblemLoader Loading environment from /home/runner/work/key/key/key.core/../key.ui/examples/InformationFlow/MethodContracts/contract.IFMethodContract(contract.IFMethodContract__n4()).Non-interference contract.0.m.key 
49672      DEBUG main            d.u.i.k.p.i.AbstractProblemLoader Environment load took 64.3ns 
49678      INFO  main            d.u.i.k.p.i.AbstractProblemLoader Creating init config 
52152      DEBUG main            d.u.i.k.p.i.AbstractProblemLoader Init config took 2.47s 
52188      INFO  main            d.u.i.k.p.i.AbstractProblemLoader Replaying proof contract.IFMethodContract[contract.IFMethodContract::n4()].Non-interference contract.0 
52191      DEBUG main            d.u.i.k.p.i.IntermediateProofReplayer Proof replay took 14.5ns 
52191      DEBUG main            d.u.i.k.m.s.ProofScriptEngine [1] goal: 0, source line: 51, command: 'macro 'infflow-autopilot'' 
52223      DEBUG main            d.u.i.k.p.m.ProofCorrectnessMgt No justification found for rule Class_invariant_axiom_for_contract_IFMethodContract 
52352      INFO  main            d.u.i.k.p.r.p.TestFile    ... finished proof: closed. 
52526      INFO  main            d.u.i.k.p.r.p.TestFile    Now processing file /home/runner/work/key/key/key.core/../key.ui/examples/InformationFlow/MethodContracts/contract.IFMethodContract(contract.IFMethodContract__n3()).Non-interference contract.0.m.key 
52526      INFO  main            d.u.i.k.p.i.AbstractProblemLoader Loading environment from /home/runner/work/key/key/key.core/../key.ui/examples/InformationFlow/MethodContracts/contract.IFMethodContract(contract.IFMethodContract__n3()).Non-interference contract.0.m.key 
52526      DEBUG main            d.u.i.k.p.i.AbstractProblemLoader Environment load took 65.3ns 
52528      INFO  main            d.u.i.k.p.i.AbstractProblemLoader Creating init config 
55002      DEBUG main            d.u.i.k.p.i.AbstractProblemLoader Init config took 2.47s 
55053      INFO  main            d.u.i.k.p.i.AbstractProblemLoader Replaying proof contract.IFMethodContract[contract.IFMethodContract::n3()].Non-interference contract.0 
55056      DEBUG main            d.u.i.k.p.i.IntermediateProofReplayer Proof replay took 14.7ns 
55057      DEBUG main            d.u.i.k.m.s.ProofScriptEngine [1] goal: 0, source line: 51, command: 'macro 'infflow-autopilot'' 
55090      DEBUG main            d.u.i.k.p.m.ProofCorrectnessMgt No justification found for rule Class_invariant_axiom_for_contract_IFMethodContract 
55169      INFO  main            d.u.i.k.p.r.p.TestFile    ... finished proof: closed. 
55339      INFO  main            d.u.i.k.p.r.p.TestFile    Now processing file /home/runner/work/key/key/key.core/../key.ui/examples/InformationFlow/MethodContracts/contract.IFMethodContract(contract.IFMethodContract__secure_sequential_n3_precond_n4()).Non-interference contract.0.m.key 
55339      INFO  main            d.u.i.k.p.i.AbstractProblemLoader Loading environment from /home/runner/work/key/key/key.core/../key.ui/examples/InformationFlow/MethodContracts/contract.IFMethodContract(contract.IFMethodContract__secure_sequential_n3_precond_n4()).Non-interference contract.0.m.key 
55340      DEBUG main            d.u.i.k.p.i.AbstractProblemLoader Environment load took 67.1ns 
55341      INFO  main            d.u.i.k.p.i.AbstractProblemLoader Creating init config 
57816      DEBUG main            d.u.i.k.p.i.AbstractProblemLoader Init config took 2.48s 
57868      INFO  main            d.u.i.k.p.i.AbstractProblemLoader Replaying proof contract.IFMethodContract[contract.IFMethodContract::secure_sequential_n3_precond_n4()].Non-interference contract.0 
57871      DEBUG main            d.u.i.k.p.i.IntermediateProofReplayer Proof replay took 17.6ns 
57872      DEBUG main            d.u.i.k.m.s.ProofScriptEngine [1] goal: 0, source line: 51, command: 'macro 'infflow-autopilot'' 
57909      DEBUG main            d.u.i.k.p.m.ProofCorrectnessMgt No justification found for rule Class_invariant_axiom_for_contract_IFMethodContract 
57933      DEBUG main            d.u.i.k.p.m.ProofCorrectnessMgt No justification found for rule Class_invariant_axiom_for_contract_IFMethodContract 
57934      DEBUG main            d.u.i.k.p.m.ProofCorrectnessMgt No justification found for rule Class_invariant_axiom_for_contract_IFMethodContract 
57954      DEBUG main            d.u.i.k.p.m.ProofCorrectnessMgt No justification found for rule Class_invariant_axiom_for_contract_IFMethodContract 
57955      DEBUG main            d.u.i.k.p.m.ProofCorrectnessMgt No justification found for rule Class_invariant_axiom_for_contract_IFMethodContract 
57975      DEBUG main            d.u.i.k.p.m.ProofCorrectnessMgt No justification found for rule Class_invariant_axiom_for_contract_IFMethodContract 
57978      DEBUG main            d.u.i.k.p.m.ProofCorrectnessMgt No justification found for rule Class_invariant_axiom_for_contract_IFMethodContract 
58220      INFO  main            d.u.i.k.p.r.p.TestFile    ... finished proof: closed. 
58412      INFO  main            d.u.i.k.p.r.p.TestFile    Now processing file /home/runner/work/key/key/key.core/../key.ui/examples/InformationFlow/MethodContracts/contract.IFMethodContract(contract.IFMethodContract__insecure_assignment_n2()).Non-interference contract.0.m.key 
58412      INFO  main            d.u.i.k.p.i.AbstractProblemLoader Loading environment from /home/runner/work/key/key/key.core/../key.ui/examples/InformationFlow/MethodContracts/contract.IFMethodContract(contract.IFMethodContract__insecure_assignment_n2()).Non-interference contract.0.m.key 
58412      DEBUG main            d.u.i.k.p.i.AbstractProblemLoader Environment load took 67.7ns 
58414      INFO  main            d.u.i.k.p.i.AbstractProblemLoader Creating init config 
60873      DEBUG main            d.u.i.k.p.i.AbstractProblemLoader Init config took 2.46s 
60911      INFO  main            d.u.i.k.p.i.AbstractProblemLoader Replaying proof contract.IFMethodContract[contract.IFMethodContract::insecure_assignment_n2()].Non-interference contract.0 
60917      DEBUG main            d.u.i.k.p.i.IntermediateProofReplayer Proof replay took 15ns 
60918      DEBUG main            d.u.i.k.m.s.ProofScriptEngine [1] goal: 0, source line: 51, command: 'macro 'infflow-autopilot'' 
60948      DEBUG main            d.u.i.k.p.m.ProofCorrectnessMgt No justification found for rule Class_invariant_axiom_for_contract_IFMethodContract 
60978      DEBUG main            d.u.i.k.p.m.ProofCorrectnessMgt No justification found for rule Class_invariant_axiom_for_contract_IFMethodContract 
60979      DEBUG main            d.u.i.k.p.m.ProofCorrectnessMgt No justification found for rule Class_invariant_axiom_for_contract_IFMethodContract 
60990      DEBUG main            d.u.i.k.p.m.ProofCorrectnessMgt No justification found for rule Class_invariant_axiom_for_contract_IFMethodContract 
61254      INFO  main            d.u.i.k.p.r.p.TestFile    ... finished proof: open goal(s) 
61433      INFO  main            d.u.i.k.p.r.p.TestFile    Now processing file /home/runner/work/key/key/key.core/../key.ui/examples/InformationFlow/MethodContracts/contract.IFMethodContract(contract.IFMethodContract__secure_assignments_n2()).Non-interference contract.0.m.key 
61433      INFO  main            d.u.i.k.p.i.AbstractProblemLoader Loading environment from /home/runner/work/key/key/key.core/../key.ui/examples/InformationFlow/MethodContracts/contract.IFMethodContract(contract.IFMethodContract__secure_assignments_n2()).Non-interference contract.0.m.key 
61433      DEBUG main            d.u.i.k.p.i.AbstractProblemLoader Environment load took 65.7ns 
61434      INFO  main            d.u.i.k.p.i.AbstractProblemLoader Creating init config 
63908      DEBUG main            d.u.i.k.p.i.AbstractProblemLoader Init config took 2.47s 
63945      INFO  main            d.u.i.k.p.i.AbstractProblemLoader Replaying proof contract.IFMethodContract[contract.IFMethodContract::secure_assignments_n2()].Non-interference contract.0 
63947      DEBUG main            d.u.i.k.p.i.IntermediateProofReplayer Proof replay took 16.8ns 
63948      DEBUG main            d.u.i.k.m.s.ProofScriptEngine [1] goal: 0, source line: 51, command: 'macro 'infflow-autopilot'' 
63978      DEBUG main            d.u.i.k.p.m.ProofCorrectnessMgt No justification found for rule Class_invariant_axiom_for_contract_IFMethodContract 
64029      DEBUG main            d.u.i.k.p.m.ProofCorrectnessMgt No justification found for rule Class_invariant_axiom_for_contract_IFMethodContract 
64030      DEBUG main            d.u.i.k.p.m.ProofCorrectnessMgt No justification found for rule Class_invariant_axiom_for_contract_IFMethodContract 
64043      DEBUG main            d.u.i.k.p.m.ProofCorrectnessMgt No justification found for rule Class_invariant_axiom_for_contract_IFMethodContract 
64295      INFO  main            d.u.i.k.p.r.p.TestFile    ... finished proof: closed. 
64497      INFO  main            d.u.i.k.p.r.p.TestFile    Now processing file /home/runner/work/key/key/key.core/../key.ui/examples/InformationFlow/MethodContracts/contract.IFMethodContract(contract.IFMethodContract__n2()).Non-interference contract.0.m.key 
64498      INFO  main            d.u.i.k.p.i.AbstractProblemLoader Loading environment from /home/runner/work/key/key/key.core/../key.ui/examples/InformationFlow/MethodContracts/contract.IFMethodContract(contract.IFMethodContract__n2()).Non-interference contract.0.m.key 
64498      DEBUG main            d.u.i.k.p.i.AbstractProblemLoader Environment load took 68.7ns 
64499      INFO  main            d.u.i.k.p.i.AbstractProblemLoader Creating init config 
66962      DEBUG main            d.u.i.k.p.i.AbstractProblemLoader Init config took 2.46s 
67000      INFO  main            d.u.i.k.p.i.AbstractProblemLoader Replaying proof contract.IFMethodContract[contract.IFMethodContract::n2()].Non-interference contract.0 
67003      DEBUG main            d.u.i.k.p.i.IntermediateProofReplayer Proof replay took 15.5ns 
67004      DEBUG main            d.u.i.k.m.s.ProofScriptEngine [1] goal: 0, source line: 51, command: 'macro 'infflow-autopilot'' 
67039      DEBUG main            d.u.i.k.p.m.ProofCorrectnessMgt No justification found for rule Class_invariant_axiom_for_contract_IFMethodContract 
67153      INFO  main            d.u.i.k.p.r.p.TestFile    ... finished proof: closed. 
67342      INFO  main            d.u.i.k.p.r.p.TestFile    Now processing file /home/runner/work/key/key/key.core/../key.ui/examples/InformationFlow/MethodContracts/contract.IFMethodContract(contract.IFMethodContract__n1()).Non-interference contract.0.m.key 
67342      INFO  main            d.u.i.k.p.i.AbstractProblemLoader Loading environment from /home/runner/work/key/key/key.core/../key.ui/examples/InformationFlow/MethodContracts/contract.IFMethodContract(contract.IFMethodContract__n1()).Non-interference contract.0.m.key 
67342      DEBUG main            d.u.i.k.p.i.AbstractProblemLoader Environment load took 67.6ns 
67344      INFO  main            d.u.i.k.p.i.AbstractProblemLoader Creating init config 
69808      DEBUG main            d.u.i.k.p.i.AbstractProblemLoader Init config took 2.46s 
69845      INFO  main            d.u.i.k.p.i.AbstractProblemLoader Replaying proof contract.IFMethodContract[contract.IFMethodContract::n1()].Non-interference contract.0 
69847      DEBUG main            d.u.i.k.p.i.IntermediateProofReplayer Proof replay took 16.9ns 
69848      DEBUG main            d.u.i.k.m.s.ProofScriptEngine [1] goal: 0, source line: 51, command: 'macro 'infflow-autopilot'' 
69878      DEBUG main            d.u.i.k.p.m.ProofCorrectnessMgt No justification found for rule Class_invariant_axiom_for_contract_IFMethodContract 
69969      INFO  main            d.u.i.k.p.r.p.TestFile    ... finished proof: closed. 
70150      INFO  main            d.u.i.k.p.r.p.TestFile    Now processing file /home/runner/work/key/key/key.core/../key.ui/examples/InformationFlow/MethodContracts/contract.IFMethodContract(contract.IFMethodContract__secure_sequential_n1_n2()).Non-interference contract.0.m.key 
70150      INFO  main            d.u.i.k.p.i.AbstractProblemLoader Loading environment from /home/runner/work/key/key/key.core/../key.ui/examples/InformationFlow/MethodContracts/contract.IFMethodContract(contract.IFMethodContract__secure_sequential_n1_n2()).Non-interference contract.0.m.key 
70151      DEBUG main            d.u.i.k.p.i.AbstractProblemLoader Environment load took 465.61ns 
70152      INFO  main            d.u.i.k.p.i.AbstractProblemLoader Creating init config 
72617      DEBUG main            d.u.i.k.p.i.AbstractProblemLoader Init config took 2.46s 
72652      INFO  main            d.u.i.k.p.i.AbstractProblemLoader Replaying proof contract.IFMethodContract[contract.IFMethodContract::secure_sequential_n1_n2()].Non-interference contract.0 
72655      DEBUG main            d.u.i.k.p.i.IntermediateProofReplayer Proof replay took 15ns 
72655      DEBUG main            d.u.i.k.m.s.ProofScriptEngine [1] goal: 0, source line: 51, command: 'macro 'infflow-autopilot'' 
72684      DEBUG main            d.u.i.k.p.m.ProofCorrectnessMgt No justification found for rule Class_invariant_axiom_for_contract_IFMethodContract 
72701      DEBUG main            d.u.i.k.p.m.ProofCorrectnessMgt No justification found for rule Class_invariant_axiom_for_contract_IFMethodContract 
72702      DEBUG main            d.u.i.k.p.m.ProofCorrectnessMgt No justification found for rule Class_invariant_axiom_for_contract_IFMethodContract 
72718      DEBUG main            d.u.i.k.p.m.ProofCorrectnessMgt No justification found for rule Class_invariant_axiom_for_contract_IFMethodContract 
72718      DEBUG main            d.u.i.k.p.m.ProofCorrectnessMgt No justification found for rule Class_invariant_axiom_for_contract_IFMethodContract 
72730      DEBUG main            d.u.i.k.p.m.ProofCorrectnessMgt No justification found for rule Class_invariant_axiom_for_contract_IFMethodContract 
72733      DEBUG main            d.u.i.k.p.m.ProofCorrectnessMgt No justification found for rule Class_invariant_axiom_for_contract_IFMethodContract 
72911      INFO  main            d.u.i.k.p.r.p.TestFile    ... finished proof: closed. 
1921651    INFO  Test worker     d.u.i.k.p.r.p.StatisticsFile Returning from test MethodContracts_fullmacro 
1921653    INFO  Test worker     d.u.i.k.p.r.p.StatisticsFile Running test InformationFlow_fullmacro 
376        INFO  Timeout watchdog d.u.i.k.p.r.p.ForkedTestFileRunner Timeout watcher launched (1000 secs.) 
404        WARN  main            d.u.i.k.s.ProofSettings   The settings in /home/runner/.key/proof-settings.props are *not* read. 
426        INFO  main            d.u.i.k.p.r.p.TestFile    Now processing file /home/runner/work/key/key/key.core/../key.ui/examples/InformationFlow/LoopInvariants/loop.IFLoopExamples(loop.IFLoopExamples__insecure_while_3(int)).Non-interference contract.0.m.key 
529        INFO  main            d.u.i.k.p.i.AbstractProblemLoader Loading environment from /home/runner/work/key/key/key.core/../key.ui/examples/InformationFlow/LoopInvariants/loop.IFLoopExamples(loop.IFLoopExamples__insecure_while_3(int)).Non-interference contract.0.m.key 
548        DEBUG main            d.u.i.k.p.i.AbstractProblemLoader Environment load took 2.27ms 
785        INFO  main            d.u.i.k.p.i.AbstractProblemLoader Creating init config 
1690       DEBUG main            d.u.i.k.j.TypeConverter   No LDT found for Meta 
1694       DEBUG main            d.u.i.k.j.TypeConverter   No LDT found for Meta 
1697       DEBUG main            d.u.i.k.j.TypeConverter   No LDT found for Meta 
1697       DEBUG main            d.u.i.k.j.TypeConverter   No LDT found for Meta 
3065       DEBUG main            d.u.i.k.j.TypeConverter   No LDT found for JavaBigintExpression 
8818       DEBUG main            d.u.i.k.p.i.AbstractProblemLoader Init config took 8.03s 
8951       INFO  main            d.u.i.k.p.i.AbstractProblemLoader Replaying proof loop.IFLoopExamples[loop.IFLoopExamples::insecure_while_3(int)].Non-interference contract.0 
9039       DEBUG main            d.u.i.k.p.i.IntermediateProofReplayer Proof replay took 374.51ns 
9112       DEBUG main            d.u.i.k.m.s.ProofScriptEngine [1] goal: 0, source line: 51, command: 'macro 'infflow-autopilot'' 
9448       DEBUG main            d.u.i.k.p.m.ProofCorrectnessMgt No justification found for rule Class_invariant_axiom_for_loop_IFLoopExamples 
14473      INFO  main            d.u.i.k.p.r.p.TestFile    ... finished proof: open goal(s) 
14659      INFO  main            d.u.i.k.p.r.p.TestFile    Now processing file /home/runner/work/key/key/key.core/../key.ui/examples/InformationFlow/LoopInvariants/loop.IFLoopExamples(loop.IFLoopExamples__secure_while_2(int)).Non-interference contract.0.m.key 
14660      INFO  main            d.u.i.k.p.i.AbstractProblemLoader Loading environment from /home/runner/work/key/key/key.core/../key.ui/examples/InformationFlow/LoopInvariants/loop.IFLoopExamples(loop.IFLoopExamples__secure_while_2(int)).Non-interference contract.0.m.key 
14660      DEBUG main            d.u.i.k.p.i.AbstractProblemLoader Environment load took 319.5ns 
14662      INFO  main            d.u.i.k.p.i.AbstractProblemLoader Creating init config 
17972      DEBUG main            d.u.i.k.p.i.AbstractProblemLoader Init config took 3.31s 
18022      INFO  main            d.u.i.k.p.i.AbstractProblemLoader Replaying proof loop.IFLoopExamples[loop.IFLoopExamples::secure_while_2(int)].Non-interference contract.0 
18025      DEBUG main            d.u.i.k.p.i.IntermediateProofReplayer Proof replay took 13.6ns 
18026      DEBUG main            d.u.i.k.m.s.ProofScriptEngine [1] goal: 0, source line: 51, command: 'macro 'infflow-autopilot'' 
18074      DEBUG main            d.u.i.k.p.m.ProofCorrectnessMgt No justification found for rule Class_invariant_axiom_for_loop_IFLoopExamples 
19432      INFO  main            d.u.i.k.p.r.p.TestFile    ... finished proof: closed. 
19646      INFO  main            d.u.i.k.p.r.p.TestFile    Now processing file /home/runner/work/key/key/key.core/../key.ui/examples/InformationFlow/LoopInvariants/loop.IFLoopExamples(loop.IFLoopExamples__secure_while_4(int)).Non-interference contract.0.m.key 
19647      INFO  main            d.u.i.k.p.i.AbstractProblemLoader Loading environment from /home/runner/work/key/key/key.core/../key.ui/examples/InformationFlow/LoopInvariants/loop.IFLoopExamples(loop.IFLoopExamples__secure_while_4(int)).Non-interference contract.0.m.key 
19647      DEBUG main            d.u.i.k.p.i.AbstractProblemLoader Environment load took 98.3ns 
19648      INFO  main            d.u.i.k.p.i.AbstractProblemLoader Creating init config 
22913      DEBUG main            d.u.i.k.p.i.AbstractProblemLoader Init config took 3.26s 
22960      INFO  main            d.u.i.k.p.i.AbstractProblemLoader Replaying proof loop.IFLoopExamples[loop.IFLoopExamples::secure_while_4(int)].Non-interference contract.0 
22963      DEBUG main            d.u.i.k.p.i.IntermediateProofReplayer Proof replay took 13.9ns 
22964      DEBUG main            d.u.i.k.m.s.ProofScriptEngine [1] goal: 0, source line: 51, command: 'macro 'infflow-autopilot'' 
23007      DEBUG main            d.u.i.k.p.m.ProofCorrectnessMgt No justification found for rule Class_invariant_axiom_for_loop_IFLoopExamples 
24211      INFO  main            d.u.i.k.p.r.p.TestFile    ... finished proof: closed. 
24383      INFO  main            d.u.i.k.p.r.p.TestFile    Now processing file /home/runner/work/key/key/key.core/../key.ui/examples/InformationFlow/LoopInvariants/loop.IFLoopExamples(loop.IFLoopExamples__insecure_doubleNestedWhile2(int)).Non-interference contract.0.m.key 
24384      INFO  main            d.u.i.k.p.i.AbstractProblemLoader Loading environment from /home/runner/work/key/key/key.core/../key.ui/examples/InformationFlow/LoopInvariants/loop.IFLoopExamples(loop.IFLoopExamples__insecure_doubleNestedWhile2(int)).Non-interference contract.0.m.key 
24384      DEBUG main            d.u.i.k.p.i.AbstractProblemLoader Environment load took 129ns 
24385      INFO  main            d.u.i.k.p.i.AbstractProblemLoader Creating init config 
27581      DEBUG main            d.u.i.k.p.i.AbstractProblemLoader Init config took 3.2s 
27634      INFO  main            d.u.i.k.p.i.AbstractProblemLoader Replaying proof loop.IFLoopExamples[loop.IFLoopExamples::insecure_doubleNestedWhile2(int)].Non-interference contract.0 
27637      DEBUG main            d.u.i.k.p.i.IntermediateProofReplayer Proof replay took 13.1ns 
27637      DEBUG main            d.u.i.k.m.s.ProofScriptEngine [1] goal: 0, source line: 51, command: 'macro 'infflow-autopilot'' 
27683      DEBUG main            d.u.i.k.p.m.ProofCorrectnessMgt No justification found for rule Class_invariant_axiom_for_loop_IFLoopExamples 
232026     INFO  main            d.u.i.k.p.r.p.TestFile    ... finished proof: open goal(s) 
232305     INFO  main            d.u.i.k.p.r.p.TestFile    Now processing file /home/runner/work/key/key/key.core/../key.ui/examples/InformationFlow/LoopInvariants/loop.IFLoopExamples(loop.IFLoopExamples__insecure_doubleNestedWhile(int)).Non-interference contract.0.m.key 
232305     INFO  main            d.u.i.k.p.i.AbstractProblemLoader Loading environment from /home/runner/work/key/key/key.core/../key.ui/examples/InformationFlow/LoopInvariants/loop.IFLoopExamples(loop.IFLoopExamples__insecure_doubleNestedWhile(int)).Non-interference contract.0.m.key 
232305     DEBUG main            d.u.i.k.p.i.AbstractProblemLoader Environment load took 97.2ns 
232307     INFO  main            d.u.i.k.p.i.AbstractProblemLoader Creating init config 
235407     DEBUG main            d.u.i.k.p.i.AbstractProblemLoader Init config took 3.1s 
235448     INFO  main            d.u.i.k.p.i.AbstractProblemLoader Replaying proof loop.IFLoopExamples[loop.IFLoopExamples::insecure_doubleNestedWhile(int)].Non-interference contract.0 
235451     DEBUG main            d.u.i.k.p.i.IntermediateProofReplayer Proof replay took 14.1ns 
235451     DEBUG main            d.u.i.k.m.s.ProofScriptEngine [1] goal: 0, source line: 51, command: 'macro 'infflow-autopilot'' 
235486     DEBUG main            d.u.i.k.p.m.ProofCorrectnessMgt No justification found for rule Class_invariant_axiom_for_loop_IFLoopExamples 
240276     INFO  main            d.u.i.k.p.r.p.TestFile    ... finished proof: open goal(s) 
240578     INFO  main            d.u.i.k.p.r.p.TestFile    Now processing file /home/runner/work/key/key/key.core/../key.ui/examples/InformationFlow/LoopInvariants/loop.IFLoopExamples(loop.IFLoopExamples__secure_doubleNestedWhile(int)).Non-interference contract.0.m.key 
240579     INFO  main            d.u.i.k.p.i.AbstractProblemLoader Loading environment from /home/runner/work/key/key/key.core/../key.ui/examples/InformationFlow/LoopInvariants/loop.IFLoopExamples(loop.IFLoopExamples__secure_doubleNestedWhile(int)).Non-interference contract.0.m.key 
240579     DEBUG main            d.u.i.k.p.i.AbstractProblemLoader Environment load took 439.91ns 
240580     INFO  main            d.u.i.k.p.i.AbstractProblemLoader Creating init config 
243611     DEBUG main            d.u.i.k.p.i.AbstractProblemLoader Init config took 3.03s 
243649     INFO  main            d.u.i.k.p.i.AbstractProblemLoader Replaying proof loop.IFLoopExamples[loop.IFLoopExamples::secure_doubleNestedWhile(int)].Non-interference contract.0 
243651     DEBUG main            d.u.i.k.p.i.IntermediateProofReplayer Proof replay took 14.9ns 
243652     DEBUG main            d.u.i.k.m.s.ProofScriptEngine [1] goal: 0, source line: 51, command: 'macro 'infflow-autopilot'' 
243684     DEBUG main            d.u.i.k.p.m.ProofCorrectnessMgt No justification found for rule Class_invariant_axiom_for_loop_IFLoopExamples 
248054     INFO  main            d.u.i.k.p.r.p.TestFile    ... finished proof: closed. 
248363     INFO  main            d.u.i.k.p.r.p.TestFile    Now processing file /home/runner/work/key/key/key.core/../key.ui/examples/InformationFlow/LoopInvariants/loop.IFLoopExamples(loop.IFLoopExamples__secure_nestedTwoWhile(int)).Non-interference contract.0.m.key 
248363     INFO  main            d.u.i.k.p.i.AbstractProblemLoader Loading environment from /home/runner/work/key/key/key.core/../key.ui/examples/InformationFlow/LoopInvariants/loop.IFLoopExamples(loop.IFLoopExamples__secure_nestedTwoWhile(int)).Non-interference contract.0.m.key 
248363     DEBUG main            d.u.i.k.p.i.AbstractProblemLoader Environment load took 114.6ns 
248364     INFO  main            d.u.i.k.p.i.AbstractProblemLoader Creating init config 
251490     DEBUG main            d.u.i.k.p.i.AbstractProblemLoader Init config took 3.13s 
251528     INFO  main            d.u.i.k.p.i.AbstractProblemLoader Replaying proof loop.IFLoopExamples[loop.IFLoopExamples::secure_nestedTwoWhile(int)].Non-interference contract.0 
251530     DEBUG main            d.u.i.k.p.i.IntermediateProofReplayer Proof replay took 13.6ns 
251531     DEBUG main            d.u.i.k.m.s.ProofScriptEngine [1] goal: 0, source line: 51, command: 'macro 'infflow-autopilot'' 
251562     DEBUG main            d.u.i.k.p.m.ProofCorrectnessMgt No justification found for rule Class_invariant_axiom_for_loop_IFLoopExamples 
254975     INFO  main            d.u.i.k.p.r.p.TestFile    ... finished proof: closed. 
255245     INFO  main            d.u.i.k.p.r.p.TestFile    Now processing file /home/runner/work/key/key/key.core/../key.ui/examples/InformationFlow/LoopInvariants/loop.IFLoopExamples(loop.IFLoopExamples__secure_nestedWhile(int)).Non-interference contract.0.m.key 
255245     INFO  main            d.u.i.k.p.i.AbstractProblemLoader Loading environment from /home/runner/work/key/key/key.core/../key.ui/examples/InformationFlow/LoopInvariants/loop.IFLoopExamples(loop.IFLoopExamples__secure_nestedWhile(int)).Non-interference contract.0.m.key 
255245     DEBUG main            d.u.i.k.p.i.AbstractProblemLoader Environment load took 73.3ns 
255247     INFO  main            d.u.i.k.p.i.AbstractProblemLoader Creating init config 
258354     DEBUG main            d.u.i.k.p.i.AbstractProblemLoader Init config took 3.11s 
258401     INFO  main            d.u.i.k.p.i.AbstractProblemLoader Replaying proof loop.IFLoopExamples[loop.IFLoopExamples::secure_nestedWhile(int)].Non-interference contract.0 
258404     DEBUG main            d.u.i.k.p.i.IntermediateProofReplayer Proof replay took 14.1ns 
258404     DEBUG main            d.u.i.k.m.s.ProofScriptEngine [1] goal: 0, source line: 51, command: 'macro 'infflow-autopilot'' 
258440     DEBUG main            d.u.i.k.p.m.ProofCorrectnessMgt No justification found for rule Class_invariant_axiom_for_loop_IFLoopExamples 
260947     INFO  main            d.u.i.k.p.r.p.TestFile    ... finished proof: closed. 
261183     INFO  main            d.u.i.k.p.r.p.TestFile    Now processing file /home/runner/work/key/key/key.core/../key.ui/examples/InformationFlow/LoopInvariants/loop.IFLoopExamples(loop.IFLoopExamples__notSecure_while(int)).Non-interference contract.0.m.key 
261183     INFO  main            d.u.i.k.p.i.AbstractProblemLoader Loading environment from /home/runner/work/key/key/key.core/../key.ui/examples/InformationFlow/LoopInvariants/loop.IFLoopExamples(loop.IFLoopExamples__notSecure_while(int)).Non-interference contract.0.m.key 
261183     DEBUG main            d.u.i.k.p.i.AbstractProblemLoader Environment load took 72.3ns 
261184     INFO  main            d.u.i.k.p.i.AbstractProblemLoader Creating init config 
264276     DEBUG main            d.u.i.k.p.i.AbstractProblemLoader Init config took 3.09s 
264310     INFO  main            d.u.i.k.p.i.AbstractProblemLoader Replaying proof loop.IFLoopExamples[loop.IFLoopExamples::notSecure_while(int)].Non-interference contract.0 
264312     DEBUG main            d.u.i.k.p.i.IntermediateProofReplayer Proof replay took 13.7ns 
264313     DEBUG main            d.u.i.k.m.s.ProofScriptEngine [1] goal: 0, source line: 51, command: 'macro 'infflow-autopilot'' 
264341     DEBUG main            d.u.i.k.p.m.ProofCorrectnessMgt No justification found for rule Class_invariant_axiom_for_loop_IFLoopExamples 
266917     INFO  main            d.u.i.k.p.r.p.TestFile    ... finished proof: open goal(s) 
267138     INFO  main            d.u.i.k.p.r.p.TestFile    Now processing file /home/runner/work/key/key/key.core/../key.ui/examples/InformationFlow/LoopInvariants/loop.IFLoopExamples(loop.IFLoopExamples__notSecure_while_wrongInv(int)).Non-interference contract.0.m.key 
267138     INFO  main            d.u.i.k.p.i.AbstractProblemLoader Loading environment from /home/runner/work/key/key/key.core/../key.ui/examples/InformationFlow/LoopInvariants/loop.IFLoopExamples(loop.IFLoopExamples__notSecure_while_wrongInv(int)).Non-interference contract.0.m.key 
267138     DEBUG main            d.u.i.k.p.i.AbstractProblemLoader Environment load took 65ns 
267139     INFO  main            d.u.i.k.p.i.AbstractProblemLoader Creating init config 
270199     DEBUG main            d.u.i.k.p.i.AbstractProblemLoader Init config took 3.06s 
270233     INFO  main            d.u.i.k.p.i.AbstractProblemLoader Replaying proof loop.IFLoopExamples[loop.IFLoopExamples::notSecure_while_wrongInv(int)].Non-interference contract.0 
270235     DEBUG main            d.u.i.k.p.i.IntermediateProofReplayer Proof replay took 16ns 
270236     DEBUG main            d.u.i.k.m.s.ProofScriptEngine [1] goal: 0, source line: 51, command: 'macro 'infflow-autopilot'' 
270264     DEBUG main            d.u.i.k.p.m.ProofCorrectnessMgt No justification found for rule Class_invariant_axiom_for_loop_IFLoopExamples 
271873     INFO  main            d.u.i.k.p.r.p.TestFile    ... finished proof: open goal(s) 
272112     INFO  main            d.u.i.k.p.r.p.TestFile    Now processing file /home/runner/work/key/key/key.core/../key.ui/examples/InformationFlow/LoopInvariants/loop.IFLoopExamples(loop.IFLoopExamples__insecure_twoWhile(int)).Non-interference contract.0.m.key 
272112     INFO  main            d.u.i.k.p.i.AbstractProblemLoader Loading environment from /home/runner/work/key/key/key.core/../key.ui/examples/InformationFlow/LoopInvariants/loop.IFLoopExamples(loop.IFLoopExamples__insecure_twoWhile(int)).Non-interference contract.0.m.key 
272112     DEBUG main            d.u.i.k.p.i.AbstractProblemLoader Environment load took 87.5ns 
272113     INFO  main            d.u.i.k.p.i.AbstractProblemLoader Creating init config 
275188     DEBUG main            d.u.i.k.p.i.AbstractProblemLoader Init config took 3.07s 
275227     INFO  main            d.u.i.k.p.i.AbstractProblemLoader Replaying proof loop.IFLoopExamples[loop.IFLoopExamples::insecure_twoWhile(int)].Non-interference contract.0 
275229     DEBUG main            d.u.i.k.p.i.IntermediateProofReplayer Proof replay took 15.9ns 
275230     DEBUG main            d.u.i.k.m.s.ProofScriptEngine [1] goal: 0, source line: 51, command: 'macro 'infflow-autopilot'' 
275263     DEBUG main            d.u.i.k.p.m.ProofCorrectnessMgt No justification found for rule Class_invariant_axiom_for_loop_IFLoopExamples 
276934     INFO  main            d.u.i.k.p.r.p.TestFile    ... finished proof: open goal(s) 
277136     INFO  main            d.u.i.k.p.r.p.TestFile    Now processing file /home/runner/work/key/key/key.core/../key.ui/examples/InformationFlow/LoopInvariants/loop.IFLoopExamples(loop.IFLoopExamples__insecure_twoWhile_2(int)).Non-interference contract.0.m.key 
277136     INFO  main            d.u.i.k.p.i.AbstractProblemLoader Loading environment from /home/runner/work/key/key/key.core/../key.ui/examples/InformationFlow/LoopInvariants/loop.IFLoopExamples(loop.IFLoopExamples__insecure_twoWhile_2(int)).Non-interference contract.0.m.key 
277136     DEBUG main            d.u.i.k.p.i.AbstractProblemLoader Environment load took 67ns 
277137     INFO  main            d.u.i.k.p.i.AbstractProblemLoader Creating init config 
280282     DEBUG main            d.u.i.k.p.i.AbstractProblemLoader Init config took 3.14s 
280317     INFO  main            d.u.i.k.p.i.AbstractProblemLoader Replaying proof loop.IFLoopExamples[loop.IFLoopExamples::insecure_twoWhile_2(int)].Non-interference contract.0 
280321     DEBUG main            d.u.i.k.p.i.IntermediateProofReplayer Proof replay took 16ns 
280322     DEBUG main            d.u.i.k.m.s.ProofScriptEngine [1] goal: 0, source line: 51, command: 'macro 'infflow-autopilot'' 
280351     DEBUG main            d.u.i.k.p.m.ProofCorrectnessMgt No justification found for rule Class_invariant_axiom_for_loop_IFLoopExamples 
282569     INFO  main            d.u.i.k.p.r.p.TestFile    ... finished proof: open goal(s) 
282815     INFO  main            d.u.i.k.p.r.p.TestFile    Now processing file /home/runner/work/key/key/key.core/../key.ui/examples/InformationFlow/LoopInvariants/loop.IFLoopExamples(loop.IFLoopExamples__secure_twoWhile(int)).Non-interference contract.0.m.key 
282815     INFO  main            d.u.i.k.p.i.AbstractProblemLoader Loading environment from /home/runner/work/key/key/key.core/../key.ui/examples/InformationFlow/LoopInvariants/loop.IFLoopExamples(loop.IFLoopExamples__secure_twoWhile(int)).Non-interference contract.0.m.key 
282815     DEBUG main            d.u.i.k.p.i.AbstractProblemLoader Environment load took 90.4ns 
282816     INFO  main            d.u.i.k.p.i.AbstractProblemLoader Creating init config 
285844     DEBUG main            d.u.i.k.p.i.AbstractProblemLoader Init config took 3.03s 
285877     INFO  main            d.u.i.k.p.i.AbstractProblemLoader Replaying proof loop.IFLoopExamples[loop.IFLoopExamples::secure_twoWhile(int)].Non-interference contract.0 
285879     DEBUG main            d.u.i.k.p.i.IntermediateProofReplayer Proof replay took 16ns 
285880     DEBUG main            d.u.i.k.m.s.ProofScriptEngine [1] goal: 0, source line: 51, command: 'macro 'infflow-autopilot'' 
285908     DEBUG main            d.u.i.k.p.m.ProofCorrectnessMgt No justification found for rule Class_invariant_axiom_for_loop_IFLoopExamples 
287317     INFO  main            d.u.i.k.p.r.p.TestFile    ... finished proof: closed. 
287597     INFO  main            d.u.i.k.p.r.p.TestFile    Now processing file /home/runner/work/key/key/key.core/../key.ui/examples/InformationFlow/LoopInvariants/loop.IFLoopExamples(loop.IFLoopExamples__loc_secure_while(int)).Non-interference contract.0.m.key 
287598     INFO  main            d.u.i.k.p.i.AbstractProblemLoader Loading environment from /home/runner/work/key/key/key.core/../key.ui/examples/InformationFlow/LoopInvariants/loop.IFLoopExamples(loop.IFLoopExamples__loc_secure_while(int)).Non-interference contract.0.m.key 
287598     DEBUG main            d.u.i.k.p.i.AbstractProblemLoader Environment load took 71.8ns 
287599     INFO  main            d.u.i.k.p.i.AbstractProblemLoader Creating init config 
290607     DEBUG main            d.u.i.k.p.i.AbstractProblemLoader Init config took 3.01s 
290650     INFO  main            d.u.i.k.p.i.AbstractProblemLoader Replaying proof loop.IFLoopExamples[loop.IFLoopExamples::loc_secure_while(int)].Non-interference contract.0 
290652     DEBUG main            d.u.i.k.p.i.IntermediateProofReplayer Proof replay took 16.4ns 
290653     DEBUG main            d.u.i.k.m.s.ProofScriptEngine [1] goal: 0, source line: 51, command: 'macro 'infflow-autopilot'' 
290684     DEBUG main            d.u.i.k.p.m.ProofCorrectnessMgt No justification found for rule Class_invariant_axiom_for_loop_IFLoopExamples 
291616     INFO  main            d.u.i.k.p.r.p.TestFile    ... finished proof: closed. 
291819     INFO  main            d.u.i.k.p.r.p.TestFile    Now processing file /home/runner/work/key/key/key.core/../key.ui/examples/InformationFlow/LoopInvariants/loop.IFLoopExamples(loop.IFLoopExamples__secure_while(int)).Non-interference contract.0.m.key 
291819     INFO  main            d.u.i.k.p.i.AbstractProblemLoader Loading environment from /home/runner/work/key/key/key.core/../key.ui/examples/InformationFlow/LoopInvariants/loop.IFLoopExamples(loop.IFLoopExamples__secure_while(int)).Non-interference contract.0.m.key 
291819     DEBUG main            d.u.i.k.p.i.AbstractProblemLoader Environment load took 59.7ns 
291820     INFO  main            d.u.i.k.p.i.AbstractProblemLoader Creating init config 
294861     DEBUG main            d.u.i.k.p.i.AbstractProblemLoader Init config took 3.04s 
294894     INFO  main            d.u.i.k.p.i.AbstractProblemLoader Replaying proof loop.IFLoopExamples[loop.IFLoopExamples::secure_while(int)].Non-interference contract.0 
294896     DEBUG main            d.u.i.k.p.i.IntermediateProofReplayer Proof replay took 16.9ns 
294897     DEBUG main            d.u.i.k.m.s.ProofScriptEngine [1] goal: 0, source line: 51, command: 'macro 'infflow-autopilot'' 
294926     DEBUG main            d.u.i.k.p.m.ProofCorrectnessMgt No justification found for rule Class_invariant_axiom_for_loop_IFLoopExamples 
295652     INFO  main            d.u.i.k.p.r.p.TestFile    ... finished proof: closed. 
295847     INFO  main            d.u.i.k.p.r.p.TestFile    Now processing file /home/runner/work/key/key/key.core/../key.ui/examples/InformationFlow/LoopInvariants/loop.IFLoopExamples(loop.IFLoopExamples__print(int)).Non-interference contract.0.m.key 
295847     INFO  main            d.u.i.k.p.i.AbstractProblemLoader Loading environment from /home/runner/work/key/key/key.core/../key.ui/examples/InformationFlow/LoopInvariants/loop.IFLoopExamples(loop.IFLoopExamples__print(int)).Non-interference contract.0.m.key 
295847     DEBUG main            d.u.i.k.p.i.AbstractProblemLoader Environment load took 60.7ns 
295848     INFO  main            d.u.i.k.p.i.AbstractProblemLoader Creating init config 
298917     DEBUG main            d.u.i.k.p.i.AbstractProblemLoader Init config took 3.07s 
298962     INFO  main            d.u.i.k.p.i.AbstractProblemLoader Replaying proof loop.IFLoopExamples[loop.IFLoopExamples::print(int)].Non-interference contract.0 
298965     DEBUG main            d.u.i.k.p.i.IntermediateProofReplayer Proof replay took 16.6ns 
298966     DEBUG main            d.u.i.k.m.s.ProofScriptEngine [1] goal: 0, source line: 51, command: 'macro 'infflow-autopilot'' 
299061     INFO  main            d.u.i.k.p.r.p.TestFile    ... finished proof: closed. 
299240     INFO  main            d.u.i.k.p.r.p.TestFile    Now processing file /home/runner/work/key/key/key.core/../key.ui/examples/InformationFlow/LoopInvariants/loop.IFLoopExamples(loop.IFLoopExamples__hammer(int)).Non-interference contract.0.m.key 
299240     INFO  main            d.u.i.k.p.i.AbstractProblemLoader Loading environment from /home/runner/work/key/key/key.core/../key.ui/examples/InformationFlow/LoopInvariants/loop.IFLoopExamples(loop.IFLoopExamples__hammer(int)).Non-interference contract.0.m.key 
299240     DEBUG main            d.u.i.k.p.i.AbstractProblemLoader Environment load took 71.5ns 
299242     INFO  main            d.u.i.k.p.i.AbstractProblemLoader Creating init config 
302301     DEBUG main            d.u.i.k.p.i.AbstractProblemLoader Init config took 3.06s 
302334     INFO  main            d.u.i.k.p.i.AbstractProblemLoader Replaying proof loop.IFLoopExamples[loop.IFLoopExamples::hammer(int)].Non-interference contract.0 
302337     DEBUG main            d.u.i.k.p.i.IntermediateProofReplayer Proof replay took 15.8ns 
302338     DEBUG main            d.u.i.k.m.s.ProofScriptEngine [1] goal: 0, source line: 51, command: 'macro 'infflow-autopilot'' 
302366     DEBUG main            d.u.i.k.p.m.ProofCorrectnessMgt No justification found for rule Class_invariant_axiom_for_loop_IFLoopExamples 
303659     INFO  main            d.u.i.k.p.r.p.TestFile    ... finished proof: closed. 
2225709    INFO  Test worker     d.u.i.k.p.r.p.StatisticsFile Returning from test InformationFlow_fullmacro 
2225710    INFO  Test worker     d.u.i.k.p.r.p.StatisticsFile Running test MiniExamples_fullmacro 
343        INFO  Timeout watchdog d.u.i.k.p.r.p.ForkedTestFileRunner Timeout watcher launched (1000 secs.) 
354        WARN  main            d.u.i.k.s.ProofSettings   The settings in /home/runner/.key/proof-settings.props are *not* read. 
377        INFO  main            d.u.i.k.p.r.p.TestFile    Now processing file /home/runner/work/key/key/key.core/../key.ui/examples/InformationFlow/MiniExamples/mini.AliasingExamples(mini.AliasingExamples__insecure_1(mini.AliasingExamples,mini.AliasingExamples,int)).Non-interference contract.0.m.key 
504        INFO  main            d.u.i.k.p.i.AbstractProblemLoader Loading environment from /home/runner/work/key/key/key.core/../key.ui/examples/InformationFlow/MiniExamples/mini.AliasingExamples(mini.AliasingExamples__insecure_1(mini.AliasingExamples,mini.AliasingExamples,int)).Non-interference contract.0.m.key 
522        DEBUG main            d.u.i.k.p.i.AbstractProblemLoader Environment load took 1.86ms 
735        INFO  main            d.u.i.k.p.i.AbstractProblemLoader Creating init config 
1493       DEBUG main            d.u.i.k.j.TypeConverter   No LDT found for Meta 
1494       DEBUG main            d.u.i.k.j.TypeConverter   No LDT found for Meta 
1495       DEBUG main            d.u.i.k.j.TypeConverter   No LDT found for Meta 
1496       DEBUG main            d.u.i.k.j.TypeConverter   No LDT found for Meta 
2930       DEBUG main            d.u.i.k.j.TypeConverter   No LDT found for JavaBigintExpression 
8047       DEBUG main            d.u.i.k.p.i.AbstractProblemLoader Init config took 7.31s 
8187       INFO  main            d.u.i.k.p.i.AbstractProblemLoader Replaying proof mini.AliasingExamples[mini.AliasingExamples::insecure_1(mini.AliasingExamples,mini.AliasingExamples,int)].Non-interference contract.0 
8230       DEBUG main            d.u.i.k.p.i.IntermediateProofReplayer Proof replay took 395.81ns 
8349       DEBUG main            d.u.i.k.m.s.ProofScriptEngine [1] goal: 0, source line: 51, command: 'macro 'infflow-autopilot'' 
8723       DEBUG main            d.u.i.k.p.m.ProofCorrectnessMgt No justification found for rule Class_invariant_axiom_for_mini_AliasingExamples 
9379       INFO  main            d.u.i.k.p.r.p.TestFile    ... finished proof: open goal(s) 
9504       INFO  main            d.u.i.k.p.r.p.TestFile    Now processing file /home/runner/work/key/key/key.core/../key.ui/examples/InformationFlow/MiniExamples/mini.AliasingExamples(mini.AliasingExamples__secure_1(mini.AliasingExamples,mini.AliasingExamples,int)).Non-interference contract.0.m.key 
9504       INFO  main            d.u.i.k.p.i.AbstractProblemLoader Loading environment from /home/runner/work/key/key/key.core/../key.ui/examples/InformationFlow/MiniExamples/mini.AliasingExamples(mini.AliasingExamples__secure_1(mini.AliasingExamples,mini.AliasingExamples,int)).Non-interference contract.0.m.key 
9505       DEBUG main            d.u.i.k.p.i.AbstractProblemLoader Environment load took 318.11ns 
9508       INFO  main            d.u.i.k.p.i.AbstractProblemLoader Creating init config 
12427      DEBUG main            d.u.i.k.p.i.AbstractProblemLoader Init config took 2.92s 
12487      INFO  main            d.u.i.k.p.i.AbstractProblemLoader Replaying proof mini.AliasingExamples[mini.AliasingExamples::secure_1(mini.AliasingExamples,mini.AliasingExamples,int)].Non-interference contract.0 
12490      DEBUG main            d.u.i.k.p.i.IntermediateProofReplayer Proof replay took 41.2ns 
12491      DEBUG main            d.u.i.k.m.s.ProofScriptEngine [1] goal: 0, source line: 51, command: 'macro 'infflow-autopilot'' 
12590      DEBUG main            d.u.i.k.p.m.ProofCorrectnessMgt No justification found for rule Class_invariant_axiom_for_mini_AliasingExamples 
12864      INFO  main            d.u.i.k.p.r.p.TestFile    ... finished proof: closed. 
13011      INFO  main            d.u.i.k.p.r.p.TestFile    Now processing file /home/runner/work/key/key/key.core/../key.ui/examples/InformationFlow/MiniExamples/mini.MiniExamplesLecture(mini.MiniExamplesLecture__m_6()).Non-interference contract.0.m.key 
13011      INFO  main            d.u.i.k.p.i.AbstractProblemLoader Loading environment from /home/runner/work/key/key/key.core/../key.ui/examples/InformationFlow/MiniExamples/mini.MiniExamplesLecture(mini.MiniExamplesLecture__m_6()).Non-interference contract.0.m.key 
13011      DEBUG main            d.u.i.k.p.i.AbstractProblemLoader Environment load took 83.9ns 
13013      INFO  main            d.u.i.k.p.i.AbstractProblemLoader Creating init config 
15869      DEBUG main            d.u.i.k.p.i.AbstractProblemLoader Init config took 2.86s 
15922      INFO  main            d.u.i.k.p.i.AbstractProblemLoader Replaying proof mini.MiniExamplesLecture[mini.MiniExamplesLecture::m_6()].Non-interference contract.0 
15926      DEBUG main            d.u.i.k.p.i.IntermediateProofReplayer Proof replay took 13ns 
15927      DEBUG main            d.u.i.k.m.s.ProofScriptEngine [1] goal: 0, source line: 51, command: 'macro 'infflow-autopilot'' 
15973      DEBUG main            d.u.i.k.p.m.ProofCorrectnessMgt No justification found for rule Class_invariant_axiom_for_mini_MiniExamplesLecture 
16063      INFO  main            d.u.i.k.p.r.p.TestFile    ... finished proof: closed. 
16198      INFO  main            d.u.i.k.p.r.p.TestFile    Now processing file /home/runner/work/key/key/key.core/../key.ui/examples/InformationFlow/MiniExamples/mini.MiniExamplesLecture(mini.MiniExamplesLecture__m_5()).Non-interference contract.0.m.key 
16198      INFO  main            d.u.i.k.p.i.AbstractProblemLoader Loading environment from /home/runner/work/key/key/key.core/../key.ui/examples/InformationFlow/MiniExamples/mini.MiniExamplesLecture(mini.MiniExamplesLecture__m_5()).Non-interference contract.0.m.key 
16198      DEBUG main            d.u.i.k.p.i.AbstractProblemLoader Environment load took 80ns 
16200      INFO  main            d.u.i.k.p.i.AbstractProblemLoader Creating init config 
19003      DEBUG main            d.u.i.k.p.i.AbstractProblemLoader Init config took 2.8s 
19051      INFO  main            d.u.i.k.p.i.AbstractProblemLoader Replaying proof mini.MiniExamplesLecture[mini.MiniExamplesLecture::m_5()].Non-interference contract.0 
19054      DEBUG main            d.u.i.k.p.i.IntermediateProofReplayer Proof replay took 12.7ns 
19055      DEBUG main            d.u.i.k.m.s.ProofScriptEngine [1] goal: 0, source line: 51, command: 'macro 'infflow-autopilot'' 
19116      DEBUG main            d.u.i.k.p.m.ProofCorrectnessMgt No justification found for rule Class_invariant_axiom_for_mini_MiniExamplesLecture 
19310      INFO  main            d.u.i.k.p.r.p.TestFile    ... finished proof: closed. 
19447      INFO  main            d.u.i.k.p.r.p.TestFile    Now processing file /home/runner/work/key/key/key.core/../key.ui/examples/InformationFlow/MiniExamples/mini.MiniExamplesLecture(mini.MiniExamplesLecture__m_4()).Non-interference contract.0.m.key 
19447      INFO  main            d.u.i.k.p.i.AbstractProblemLoader Loading environment from /home/runner/work/key/key/key.core/../key.ui/examples/InformationFlow/MiniExamples/mini.MiniExamplesLecture(mini.MiniExamplesLecture__m_4()).Non-interference contract.0.m.key 
19447      DEBUG main            d.u.i.k.p.i.AbstractProblemLoader Environment load took 72.8ns 
19448      INFO  main            d.u.i.k.p.i.AbstractProblemLoader Creating init config 
22146      DEBUG main            d.u.i.k.p.i.AbstractProblemLoader Init config took 2.7s 
22198      INFO  main            d.u.i.k.p.i.AbstractProblemLoader Replaying proof mini.MiniExamplesLecture[mini.MiniExamplesLecture::m_4()].Non-interference contract.0 
22201      DEBUG main            d.u.i.k.p.i.IntermediateProofReplayer Proof replay took 16.9ns 
22202      DEBUG main            d.u.i.k.m.s.ProofScriptEngine [1] goal: 0, source line: 51, command: 'macro 'infflow-autopilot'' 
22244      DEBUG main            d.u.i.k.p.m.ProofCorrectnessMgt No justification found for rule Class_invariant_axiom_for_mini_MiniExamplesLecture 
22416      INFO  main            d.u.i.k.p.r.p.TestFile    ... finished proof: closed. 
22561      INFO  main            d.u.i.k.p.r.p.TestFile    Now processing file /home/runner/work/key/key/key.core/../key.ui/examples/InformationFlow/MiniExamples/mini.MiniExamplesLecture(mini.MiniExamplesLecture__m_3()).Non-interference contract.0.m.key 
22562      INFO  main            d.u.i.k.p.i.AbstractProblemLoader Loading environment from /home/runner/work/key/key/key.core/../key.ui/examples/InformationFlow/MiniExamples/mini.MiniExamplesLecture(mini.MiniExamplesLecture__m_3()).Non-interference contract.0.m.key 
22562      DEBUG main            d.u.i.k.p.i.AbstractProblemLoader Environment load took 88.1ns 
22563      INFO  main            d.u.i.k.p.i.AbstractProblemLoader Creating init config 
25253      DEBUG main            d.u.i.k.p.i.AbstractProblemLoader Init config took 2.69s 
25297      INFO  main            d.u.i.k.p.i.AbstractProblemLoader Replaying proof mini.MiniExamplesLecture[mini.MiniExamplesLecture::m_3()].Non-interference contract.0 
25300      DEBUG main            d.u.i.k.p.i.IntermediateProofReplayer Proof replay took 12.9ns 
25301      DEBUG main            d.u.i.k.m.s.ProofScriptEngine [1] goal: 0, source line: 51, command: 'macro 'infflow-autopilot'' 
25340      DEBUG main            d.u.i.k.p.m.ProofCorrectnessMgt No justification found for rule Class_invariant_axiom_for_mini_MiniExamplesLecture 
25649      INFO  main            d.u.i.k.p.r.p.TestFile    ... finished proof: open goal(s) 
25807      INFO  main            d.u.i.k.p.r.p.TestFile    Now processing file /home/runner/work/key/key/key.core/../key.ui/examples/InformationFlow/MiniExamples/mini.MiniExamplesLecture(mini.MiniExamplesLecture__m_2()).Non-interference contract.0.m.key 
25807      INFO  main            d.u.i.k.p.i.AbstractProblemLoader Loading environment from /home/runner/work/key/key/key.core/../key.ui/examples/InformationFlow/MiniExamples/mini.MiniExamplesLecture(mini.MiniExamplesLecture__m_2()).Non-interference contract.0.m.key 
25807      DEBUG main            d.u.i.k.p.i.AbstractProblemLoader Environment load took 77.3ns 
25808      INFO  main            d.u.i.k.p.i.AbstractProblemLoader Creating init config 
28470      DEBUG main            d.u.i.k.p.i.AbstractProblemLoader Init config took 2.66s 
28527      INFO  main            d.u.i.k.p.i.AbstractProblemLoader Replaying proof mini.MiniExamplesLecture[mini.MiniExamplesLecture::m_2()].Non-interference contract.0 
28530      DEBUG main            d.u.i.k.p.i.IntermediateProofReplayer Proof replay took 16.1ns 
28531      DEBUG main            d.u.i.k.m.s.ProofScriptEngine [1] goal: 0, source line: 51, command: 'macro 'infflow-autopilot'' 
28578      DEBUG main            d.u.i.k.p.m.ProofCorrectnessMgt No justification found for rule Class_invariant_axiom_for_mini_MiniExamplesLecture 
28773      INFO  main            d.u.i.k.p.r.p.TestFile    ... finished proof: closed. 
28945      INFO  main            d.u.i.k.p.r.p.TestFile    Now processing file /home/runner/work/key/key/key.core/../key.ui/examples/InformationFlow/MiniExamples/mini.MiniExamplesLecture(mini.MiniExamplesLecture__m_1()).Non-interference contract.0.m.key 
28945      INFO  main            d.u.i.k.p.i.AbstractProblemLoader Loading environment from /home/runner/work/key/key/key.core/../key.ui/examples/InformationFlow/MiniExamples/mini.MiniExamplesLecture(mini.MiniExamplesLecture__m_1()).Non-interference contract.0.m.key 
28945      DEBUG main            d.u.i.k.p.i.AbstractProblemLoader Environment load took 77.5ns 
28947      INFO  main            d.u.i.k.p.i.AbstractProblemLoader Creating init config 
31658      DEBUG main            d.u.i.k.p.i.AbstractProblemLoader Init config took 2.71s 
31709      INFO  main            d.u.i.k.p.i.AbstractProblemLoader Replaying proof mini.MiniExamplesLecture[mini.MiniExamplesLecture::m_1()].Non-interference contract.0 
31712      DEBUG main            d.u.i.k.p.i.IntermediateProofReplayer Proof replay took 15.5ns 
31713      DEBUG main            d.u.i.k.m.s.ProofScriptEngine [1] goal: 0, source line: 51, command: 'macro 'infflow-autopilot'' 
31750      DEBUG main            d.u.i.k.p.m.ProofCorrectnessMgt No justification found for rule Class_invariant_axiom_for_mini_MiniExamplesLecture 
31880      INFO  main            d.u.i.k.p.r.p.TestFile    ... finished proof: open goal(s) 
32048      INFO  main            d.u.i.k.p.r.p.TestFile    Now processing file /home/runner/work/key/key/key.core/../key.ui/examples/InformationFlow/MiniExamples/mini.DifferenceSeqLocset(mini.DifferenceSeqLocset__m()).Non-interference contract.1.m.key 
32048      INFO  main            d.u.i.k.p.i.AbstractProblemLoader Loading environment from /home/runner/work/key/key/key.core/../key.ui/examples/InformationFlow/MiniExamples/mini.DifferenceSeqLocset(mini.DifferenceSeqLocset__m()).Non-interference contract.1.m.key 
32048      DEBUG main            d.u.i.k.p.i.AbstractProblemLoader Environment load took 74.3ns 
32051      INFO  main            d.u.i.k.p.i.AbstractProblemLoader Creating init config 
34715      DEBUG main            d.u.i.k.p.i.AbstractProblemLoader Init config took 2.66s 
34757      INFO  main            d.u.i.k.p.i.AbstractProblemLoader Replaying proof mini.DifferenceSeqLocset[mini.DifferenceSeqLocset::m()].Non-interference contract.1 
34760      DEBUG main            d.u.i.k.p.i.IntermediateProofReplayer Proof replay took 14.6ns 
34760      DEBUG main            d.u.i.k.m.s.ProofScriptEngine [1] goal: 0, source line: 51, command: 'macro 'infflow-autopilot'' 
34817      DEBUG main            d.u.i.k.p.m.ProofCorrectnessMgt No justification found for rule Class_invariant_axiom_for_mini_DifferenceSeqLocset 
35474      INFO  main            d.u.i.k.p.r.p.TestFile    ... finished proof: open goal(s) 
35716      INFO  main            d.u.i.k.p.r.p.TestFile    Now processing file /home/runner/work/key/key/key.core/../key.ui/examples/InformationFlow/MiniExamples/mini.DifferenceSeqLocset(mini.DifferenceSeqLocset__m()).Non-interference contract.0.m.key 
35716      INFO  main            d.u.i.k.p.i.AbstractProblemLoader Loading environment from /home/runner/work/key/key/key.core/../key.ui/examples/InformationFlow/MiniExamples/mini.DifferenceSeqLocset(mini.DifferenceSeqLocset__m()).Non-interference contract.0.m.key 
35716      DEBUG main            d.u.i.k.p.i.AbstractProblemLoader Environment load took 75.7ns 
35717      INFO  main            d.u.i.k.p.i.AbstractProblemLoader Creating init config 
38343      DEBUG main            d.u.i.k.p.i.AbstractProblemLoader Init config took 2.63s 
38386      INFO  main            d.u.i.k.p.i.AbstractProblemLoader Replaying proof mini.DifferenceSeqLocset[mini.DifferenceSeqLocset::m()].Non-interference contract.0 
38389      DEBUG main            d.u.i.k.p.i.IntermediateProofReplayer Proof replay took 15.2ns 
38389      DEBUG main            d.u.i.k.m.s.ProofScriptEngine [1] goal: 0, source line: 51, command: 'macro 'infflow-autopilot'' 
38425      DEBUG main            d.u.i.k.p.m.ProofCorrectnessMgt No justification found for rule Class_invariant_axiom_for_mini_DifferenceSeqLocset 
40447      INFO  main            d.u.i.k.p.r.p.TestFile    ... finished proof: open goal(s) 
40634      INFO  main            d.u.i.k.p.r.p.TestFile    Now processing file /home/runner/work/key/key/key.core/../key.ui/examples/InformationFlow/MiniExamples/mini.MiniExamples(mini.MiniExamples__secure_p2_8()).Non-interference contract.0.m.key 
40634      INFO  main            d.u.i.k.p.i.AbstractProblemLoader Loading environment from /home/runner/work/key/key/key.core/../key.ui/examples/InformationFlow/MiniExamples/mini.MiniExamples(mini.MiniExamples__secure_p2_8()).Non-interference contract.0.m.key 
40634      DEBUG main            d.u.i.k.p.i.AbstractProblemLoader Environment load took 187.6ns 
40635      INFO  main            d.u.i.k.p.i.AbstractProblemLoader Creating init config 
43320      DEBUG main            d.u.i.k.p.i.AbstractProblemLoader Init config took 2.68s 
43368      INFO  main            d.u.i.k.p.i.AbstractProblemLoader Replaying proof mini.MiniExamples[mini.MiniExamples::secure_p2_8()].Non-interference contract.0 
43374      DEBUG main            d.u.i.k.p.i.IntermediateProofReplayer Proof replay took 15.1ns 
43374      DEBUG main            d.u.i.k.m.s.ProofScriptEngine [1] goal: 0, source line: 51, command: 'macro 'infflow-autopilot'' 
43412      DEBUG main            d.u.i.k.p.m.ProofCorrectnessMgt No justification found for rule Class_invariant_axiom_for_mini_MiniExamples 
43701      INFO  main            d.u.i.k.p.r.p.TestFile    ... finished proof: closed. 
43899      INFO  main            d.u.i.k.p.r.p.TestFile    Now processing file /home/runner/work/key/key/key.core/../key.ui/examples/InformationFlow/MiniExamples/mini.MiniExamples(mini.MiniExamples__secure_parameter(int)).Non-interference contract.0.m.key 
43899      INFO  main            d.u.i.k.p.i.AbstractProblemLoader Loading environment from /home/runner/work/key/key/key.core/../key.ui/examples/InformationFlow/MiniExamples/mini.MiniExamples(mini.MiniExamples__secure_parameter(int)).Non-interference contract.0.m.key 
43899      DEBUG main            d.u.i.k.p.i.AbstractProblemLoader Environment load took 69.9ns 
43900      INFO  main            d.u.i.k.p.i.AbstractProblemLoader Creating init config 
46543      DEBUG main            d.u.i.k.p.i.AbstractProblemLoader Init config took 2.64s 
46593      INFO  main            d.u.i.k.p.i.AbstractProblemLoader Replaying proof mini.MiniExamples[mini.MiniExamples::secure_parameter(int)].Non-interference contract.0 
46595      DEBUG main            d.u.i.k.p.i.IntermediateProofReplayer Proof replay took 18ns 
46596      DEBUG main            d.u.i.k.m.s.ProofScriptEngine [1] goal: 0, source line: 51, command: 'macro 'infflow-autopilot'' 
46632      DEBUG main            d.u.i.k.p.m.ProofCorrectnessMgt No justification found for rule Class_invariant_axiom_for_mini_MiniExamples 
46735      INFO  main            d.u.i.k.p.r.p.TestFile    ... finished proof: closed. 
46903      INFO  main            d.u.i.k.p.r.p.TestFile    Now processing file /home/runner/work/key/key/key.core/../key.ui/examples/InformationFlow/MiniExamples/mini.MiniExamples(mini.MiniExamples__secure_p2_7()).Non-interference contract.0.m.key 
46903      INFO  main            d.u.i.k.p.i.AbstractProblemLoader Loading environment from /home/runner/work/key/key/key.core/../key.ui/examples/InformationFlow/MiniExamples/mini.MiniExamples(mini.MiniExamples__secure_p2_7()).Non-interference contract.0.m.key 
46904      DEBUG main            d.u.i.k.p.i.AbstractProblemLoader Environment load took 118.3ns 
46905      INFO  main            d.u.i.k.p.i.AbstractProblemLoader Creating init config 
49564      DEBUG main            d.u.i.k.p.i.AbstractProblemLoader Init config took 2.66s 
49601      INFO  main            d.u.i.k.p.i.AbstractProblemLoader Replaying proof mini.MiniExamples[mini.MiniExamples::secure_p2_7()].Non-interference contract.0 
49604      DEBUG main            d.u.i.k.p.i.IntermediateProofReplayer Proof replay took 16ns 
49604      DEBUG main            d.u.i.k.m.s.ProofScriptEngine [1] goal: 0, source line: 51, command: 'macro 'infflow-autopilot'' 
49635      DEBUG main            d.u.i.k.p.m.ProofCorrectnessMgt No justification found for rule Class_invariant_axiom_for_mini_MiniExamples 
49868      INFO  main            d.u.i.k.p.r.p.TestFile    ... finished proof: closed. 
50043      INFO  main            d.u.i.k.p.r.p.TestFile    Now processing file /home/runner/work/key/key/key.core/../key.ui/examples/InformationFlow/MiniExamples/mini.MiniExamples(mini.MiniExamples__insecure_p2_2()).Non-interference contract.0.m.key 
50043      INFO  main            d.u.i.k.p.i.AbstractProblemLoader Loading environment from /home/runner/work/key/key/key.core/../key.ui/examples/InformationFlow/MiniExamples/mini.MiniExamples(mini.MiniExamples__insecure_p2_2()).Non-interference contract.0.m.key 
50044      DEBUG main            d.u.i.k.p.i.AbstractProblemLoader Environment load took 65.9ns 
50044      INFO  main            d.u.i.k.p.i.AbstractProblemLoader Creating init config 
52639      DEBUG main            d.u.i.k.p.i.AbstractProblemLoader Init config took 2.59s 
52694      INFO  main            d.u.i.k.p.i.AbstractProblemLoader Replaying proof mini.MiniExamples[mini.MiniExamples::insecure_p2_2()].Non-interference contract.0 
52696      DEBUG main            d.u.i.k.p.i.IntermediateProofReplayer Proof replay took 15.8ns 
52697      DEBUG main            d.u.i.k.m.s.ProofScriptEngine [1] goal: 0, source line: 51, command: 'macro 'infflow-autopilot'' 
52730      DEBUG main            d.u.i.k.p.m.ProofCorrectnessMgt No justification found for rule Class_invariant_axiom_for_mini_MiniExamples 
52950      INFO  main            d.u.i.k.p.r.p.TestFile    ... finished proof: open goal(s) 
53127      INFO  main            d.u.i.k.p.r.p.TestFile    Now processing file /home/runner/work/key/key/key.core/../key.ui/examples/InformationFlow/MiniExamples/mini.MiniExamples(mini.MiniExamples__secure_p2_6()).Non-interference contract.0.m.key 
53127      INFO  main            d.u.i.k.p.i.AbstractProblemLoader Loading environment from /home/runner/work/key/key/key.core/../key.ui/examples/InformationFlow/MiniExamples/mini.MiniExamples(mini.MiniExamples__secure_p2_6()).Non-interference contract.0.m.key 
53127      DEBUG main            d.u.i.k.p.i.AbstractProblemLoader Environment load took 64.5ns 
53129      INFO  main            d.u.i.k.p.i.AbstractProblemLoader Creating init config 
55749      DEBUG main            d.u.i.k.p.i.AbstractProblemLoader Init config took 2.62s 
55785      INFO  main            d.u.i.k.p.i.AbstractProblemLoader Replaying proof mini.MiniExamples[mini.MiniExamples::secure_p2_6()].Non-interference contract.0 
55788      DEBUG main            d.u.i.k.p.i.IntermediateProofReplayer Proof replay took 16.7ns 
55789      DEBUG main            d.u.i.k.m.s.ProofScriptEngine [1] goal: 0, source line: 51, command: 'macro 'infflow-autopilot'' 
55819      DEBUG main            d.u.i.k.p.m.ProofCorrectnessMgt No justification found for rule Class_invariant_axiom_for_mini_MiniExamples 
55879      INFO  main            d.u.i.k.p.r.p.TestFile    ... finished proof: closed. 
56065      INFO  main            d.u.i.k.p.r.p.TestFile    Now processing file /home/runner/work/key/key/key.core/../key.ui/examples/InformationFlow/MiniExamples/mini.MiniExamples(mini.MiniExamples__secure_p2_5()).Non-interference contract.0.m.key 
56065      INFO  main            d.u.i.k.p.i.AbstractProblemLoader Loading environment from /home/runner/work/key/key/key.core/../key.ui/examples/InformationFlow/MiniExamples/mini.MiniExamples(mini.MiniExamples__secure_p2_5()).Non-interference contract.0.m.key 
56065      DEBUG main            d.u.i.k.p.i.AbstractProblemLoader Environment load took 63.8ns 
56066      INFO  main            d.u.i.k.p.i.AbstractProblemLoader Creating init config 
58655      DEBUG main            d.u.i.k.p.i.AbstractProblemLoader Init config took 2.59s 
58697      INFO  main            d.u.i.k.p.i.AbstractProblemLoader Replaying proof mini.MiniExamples[mini.MiniExamples::secure_p2_5()].Non-interference contract.0 
58700      DEBUG main            d.u.i.k.p.i.IntermediateProofReplayer Proof replay took 14.5ns 
58701      DEBUG main            d.u.i.k.m.s.ProofScriptEngine [1] goal: 0, source line: 51, command: 'macro 'infflow-autopilot'' 
58733      DEBUG main            d.u.i.k.p.m.ProofCorrectnessMgt No justification found for rule Class_invariant_axiom_for_mini_MiniExamples 
58846      INFO  main            d.u.i.k.p.r.p.TestFile    ... finished proof: closed. 
59029      INFO  main            d.u.i.k.p.r.p.TestFile    Now processing file /home/runner/work/key/key/key.core/../key.ui/examples/InformationFlow/MiniExamples/mini.MiniExamples(mini.MiniExamples__secure_p2_4()).Non-interference contract.0.m.key 
59030      INFO  main            d.u.i.k.p.i.AbstractProblemLoader Loading environment from /home/runner/work/key/key/key.core/../key.ui/examples/InformationFlow/MiniExamples/mini.MiniExamples(mini.MiniExamples__secure_p2_4()).Non-interference contract.0.m.key 
59030      DEBUG main            d.u.i.k.p.i.AbstractProblemLoader Environment load took 75.5ns 
59031      INFO  main            d.u.i.k.p.i.AbstractProblemLoader Creating init config 
61622      DEBUG main            d.u.i.k.p.i.AbstractProblemLoader Init config took 2.59s 
61659      INFO  main            d.u.i.k.p.i.AbstractProblemLoader Replaying proof mini.MiniExamples[mini.MiniExamples::secure_p2_4()].Non-interference contract.0 
61662      DEBUG main            d.u.i.k.p.i.IntermediateProofReplayer Proof replay took 16.1ns 
61663      DEBUG main            d.u.i.k.m.s.ProofScriptEngine [1] goal: 0, source line: 51, command: 'macro 'infflow-autopilot'' 
61695      DEBUG main            d.u.i.k.p.m.ProofCorrectnessMgt No justification found for rule Class_invariant_axiom_for_mini_MiniExamples 
61829      INFO  main            d.u.i.k.p.r.p.TestFile    ... finished proof: closed. 
62000      INFO  main            d.u.i.k.p.r.p.TestFile    Now processing file /home/runner/work/key/key/key.core/../key.ui/examples/InformationFlow/MiniExamples/mini.MiniExamples(mini.MiniExamples__secure_p2_3()).Non-interference contract.0.m.key 
62000      INFO  main            d.u.i.k.p.i.AbstractProblemLoader Loading environment from /home/runner/work/key/key/key.core/../key.ui/examples/InformationFlow/MiniExamples/mini.MiniExamples(mini.MiniExamples__secure_p2_3()).Non-interference contract.0.m.key 
62000      DEBUG main            d.u.i.k.p.i.AbstractProblemLoader Environment load took 68.8ns 
62001      INFO  main            d.u.i.k.p.i.AbstractProblemLoader Creating init config 
64569      DEBUG main            d.u.i.k.p.i.AbstractProblemLoader Init config took 2.57s 
64619      INFO  main            d.u.i.k.p.i.AbstractProblemLoader Replaying proof mini.MiniExamples[mini.MiniExamples::secure_p2_3()].Non-interference contract.0 
64623      DEBUG main            d.u.i.k.p.i.IntermediateProofReplayer Proof replay took 17.3ns 
64623      DEBUG main            d.u.i.k.m.s.ProofScriptEngine [1] goal: 0, source line: 51, command: 'macro 'infflow-autopilot'' 
64653      DEBUG main            d.u.i.k.p.m.ProofCorrectnessMgt No justification found for rule Class_invariant_axiom_for_mini_MiniExamples 
64737      INFO  main            d.u.i.k.p.r.p.TestFile    ... finished proof: closed. 
64919      INFO  main            d.u.i.k.p.r.p.TestFile    Now processing file /home/runner/work/key/key/key.core/../key.ui/examples/InformationFlow/MiniExamples/mini.MiniExamples(mini.MiniExamples__secure_p2_2()).Non-interference contract.0.m.key 
64920      INFO  main            d.u.i.k.p.i.AbstractProblemLoader Loading environment from /home/runner/work/key/key/key.core/../key.ui/examples/InformationFlow/MiniExamples/mini.MiniExamples(mini.MiniExamples__secure_p2_2()).Non-interference contract.0.m.key 
64920      DEBUG main            d.u.i.k.p.i.AbstractProblemLoader Environment load took 63.6ns 
64921      INFO  main            d.u.i.k.p.i.AbstractProblemLoader Creating init config 
67538      DEBUG main            d.u.i.k.p.i.AbstractProblemLoader Init config took 2.62s 
67573      INFO  main            d.u.i.k.p.i.AbstractProblemLoader Replaying proof mini.MiniExamples[mini.MiniExamples::secure_p2_2()].Non-interference contract.0 
67576      DEBUG main            d.u.i.k.p.i.IntermediateProofReplayer Proof replay took 15.4ns 
67576      DEBUG main            d.u.i.k.m.s.ProofScriptEngine [1] goal: 0, source line: 51, command: 'macro 'infflow-autopilot'' 
67606      DEBUG main            d.u.i.k.p.m.ProofCorrectnessMgt No justification found for rule Class_invariant_axiom_for_mini_MiniExamples 
67679      INFO  main            d.u.i.k.p.r.p.TestFile    ... finished proof: closed. 
67867      INFO  main            d.u.i.k.p.r.p.TestFile    Now processing file /home/runner/work/key/key/key.core/../key.ui/examples/InformationFlow/MiniExamples/mini.MiniExamples(mini.MiniExamples__secure_p2_1()).Non-interference contract.0.m.key 
67867      INFO  main            d.u.i.k.p.i.AbstractProblemLoader Loading environment from /home/runner/work/key/key/key.core/../key.ui/examples/InformationFlow/MiniExamples/mini.MiniExamples(mini.MiniExamples__secure_p2_1()).Non-interference contract.0.m.key 
67867      DEBUG main            d.u.i.k.p.i.AbstractProblemLoader Environment load took 62.6ns 
67868      INFO  main            d.u.i.k.p.i.AbstractProblemLoader Creating init config 
70435      DEBUG main            d.u.i.k.p.i.AbstractProblemLoader Init config took 2.57s 
70470      INFO  main            d.u.i.k.p.i.AbstractProblemLoader Replaying proof mini.MiniExamples[mini.MiniExamples::secure_p2_1()].Non-interference contract.0 
70473      DEBUG main            d.u.i.k.p.i.IntermediateProofReplayer Proof replay took 15.9ns 
70473      DEBUG main            d.u.i.k.m.s.ProofScriptEngine [1] goal: 0, source line: 51, command: 'macro 'infflow-autopilot'' 
70502      DEBUG main            d.u.i.k.p.m.ProofCorrectnessMgt No justification found for rule Class_invariant_axiom_for_mini_MiniExamples 
70566      INFO  main            d.u.i.k.p.r.p.TestFile    ... finished proof: closed. 
70768      INFO  main            d.u.i.k.p.r.p.TestFile    Now processing file /home/runner/work/key/key/key.core/../key.ui/examples/InformationFlow/MiniExamples/mini.MiniExamples(mini.MiniExamples__insecure_p2_1()).Non-interference contract.0.m.key 
70769      INFO  main            d.u.i.k.p.i.AbstractProblemLoader Loading environment from /home/runner/work/key/key/key.core/../key.ui/examples/InformationFlow/MiniExamples/mini.MiniExamples(mini.MiniExamples__insecure_p2_1()).Non-interference contract.0.m.key 
70769      DEBUG main            d.u.i.k.p.i.AbstractProblemLoader Environment load took 68.6ns 
70770      INFO  main            d.u.i.k.p.i.AbstractProblemLoader Creating init config 
73346      DEBUG main            d.u.i.k.p.i.AbstractProblemLoader Init config took 2.58s 
73391      INFO  main            d.u.i.k.p.i.AbstractProblemLoader Replaying proof mini.MiniExamples[mini.MiniExamples::insecure_p2_1()].Non-interference contract.0 
73394      DEBUG main            d.u.i.k.p.i.IntermediateProofReplayer Proof replay took 14.4ns 
73394      DEBUG main            d.u.i.k.m.s.ProofScriptEngine [1] goal: 0, source line: 51, command: 'macro 'infflow-autopilot'' 
73423      DEBUG main            d.u.i.k.p.m.ProofCorrectnessMgt No justification found for rule Class_invariant_axiom_for_mini_MiniExamples 
73532      INFO  main            d.u.i.k.p.r.p.TestFile    ... finished proof: open goal(s) 
73729      INFO  main            d.u.i.k.p.r.p.TestFile    Now processing file /home/runner/work/key/key/key.core/../key.ui/examples/InformationFlow/MiniExamples/mini.MiniExamples(mini.MiniExamples__secure_p1_6()).Non-interference contract.0.m.key 
73729      INFO  main            d.u.i.k.p.i.AbstractProblemLoader Loading environment from /home/runner/work/key/key/key.core/../key.ui/examples/InformationFlow/MiniExamples/mini.MiniExamples(mini.MiniExamples__secure_p1_6()).Non-interference contract.0.m.key 
73731      DEBUG main            d.u.i.k.p.i.AbstractProblemLoader Environment load took 1.05ms 
73732      INFO  main            d.u.i.k.p.i.AbstractProblemLoader Creating init config 
76336      DEBUG main            d.u.i.k.p.i.AbstractProblemLoader Init config took 2.6s 
76372      INFO  main            d.u.i.k.p.i.AbstractProblemLoader Replaying proof mini.MiniExamples[mini.MiniExamples::secure_p1_6()].Non-interference contract.0 
76374      DEBUG main            d.u.i.k.p.i.IntermediateProofReplayer Proof replay took 15.2ns 
76375      DEBUG main            d.u.i.k.m.s.ProofScriptEngine [1] goal: 0, source line: 51, command: 'macro 'infflow-autopilot'' 
76403      DEBUG main            d.u.i.k.p.m.ProofCorrectnessMgt No justification found for rule Class_invariant_axiom_for_mini_MiniExamples 
76489      INFO  main            d.u.i.k.p.r.p.TestFile    ... finished proof: closed. 
76700      INFO  main            d.u.i.k.p.r.p.TestFile    Now processing file /home/runner/work/key/key/key.core/../key.ui/examples/InformationFlow/MiniExamples/mini.MiniExamples(mini.MiniExamples__secure_p1_5()).Non-interference contract.0.m.key 
76701      INFO  main            d.u.i.k.p.i.AbstractProblemLoader Loading environment from /home/runner/work/key/key/key.core/../key.ui/examples/InformationFlow/MiniExamples/mini.MiniExamples(mini.MiniExamples__secure_p1_5()).Non-interference contract.0.m.key 
76702      DEBUG main            d.u.i.k.p.i.AbstractProblemLoader Environment load took 1.54ms 
76703      INFO  main            d.u.i.k.p.i.AbstractProblemLoader Creating init config 
79270      DEBUG main            d.u.i.k.p.i.AbstractProblemLoader Init config took 2.57s 
79308      INFO  main            d.u.i.k.p.i.AbstractProblemLoader Replaying proof mini.MiniExamples[mini.MiniExamples::secure_p1_5()].Non-interference contract.0 
79310      DEBUG main            d.u.i.k.p.i.IntermediateProofReplayer Proof replay took 14.6ns 
79311      DEBUG main            d.u.i.k.m.s.ProofScriptEngine [1] goal: 0, source line: 51, command: 'macro 'infflow-autopilot'' 
79354      DEBUG main            d.u.i.k.p.m.ProofCorrectnessMgt No justification found for rule Class_invariant_axiom_for_mini_MiniExamples 
79594      INFO  main            d.u.i.k.p.r.p.TestFile    ... finished proof: closed. 
79802      INFO  main            d.u.i.k.p.r.p.TestFile    Now processing file /home/runner/work/key/key/key.core/../key.ui/examples/InformationFlow/MiniExamples/mini.MiniExamples(mini.MiniExamples__secure_p1_4()).Non-interference contract.0.m.key 
79802      INFO  main            d.u.i.k.p.i.AbstractProblemLoader Loading environment from /home/runner/work/key/key/key.core/../key.ui/examples/InformationFlow/MiniExamples/mini.MiniExamples(mini.MiniExamples__secure_p1_4()).Non-interference contract.0.m.key 
79802      DEBUG main            d.u.i.k.p.i.AbstractProblemLoader Environment load took 68.6ns 
79803      INFO  main            d.u.i.k.p.i.AbstractProblemLoader Creating init config 
82395      DEBUG main            d.u.i.k.p.i.AbstractProblemLoader Init config took 2.59s 
82430      INFO  main            d.u.i.k.p.i.AbstractProblemLoader Replaying proof mini.MiniExamples[mini.MiniExamples::secure_p1_4()].Non-interference contract.0 
82432      DEBUG main            d.u.i.k.p.i.IntermediateProofReplayer Proof replay took 16.7ns 
82433      DEBUG main            d.u.i.k.m.s.ProofScriptEngine [1] goal: 0, source line: 51, command: 'macro 'infflow-autopilot'' 
82462      DEBUG main            d.u.i.k.p.m.ProofCorrectnessMgt No justification found for rule Class_invariant_axiom_for_mini_MiniExamples 
82657      INFO  main            d.u.i.k.p.r.p.TestFile    ... finished proof: closed. 
82895      INFO  main            d.u.i.k.p.r.p.TestFile    Now processing file /home/runner/work/key/key/key.core/../key.ui/examples/InformationFlow/MiniExamples/mini.MiniExamples(mini.MiniExamples__secure_p1_3()).Non-interference contract.0.m.key 
82895      INFO  main            d.u.i.k.p.i.AbstractProblemLoader Loading environment from /home/runner/work/key/key/key.core/../key.ui/examples/InformationFlow/MiniExamples/mini.MiniExamples(mini.MiniExamples__secure_p1_3()).Non-interference contract.0.m.key 
82896      DEBUG main            d.u.i.k.p.i.AbstractProblemLoader Environment load took 631.71ns 
82897      INFO  main            d.u.i.k.p.i.AbstractProblemLoader Creating init config 
85447      DEBUG main            d.u.i.k.p.i.AbstractProblemLoader Init config took 2.55s 
85482      INFO  main            d.u.i.k.p.i.AbstractProblemLoader Replaying proof mini.MiniExamples[mini.MiniExamples::secure_p1_3()].Non-interference contract.0 
85484      DEBUG main            d.u.i.k.p.i.IntermediateProofReplayer Proof replay took 17.2ns 
85486      DEBUG main            d.u.i.k.m.s.ProofScriptEngine [1] goal: 0, source line: 51, command: 'macro 'infflow-autopilot'' 
85520      DEBUG main            d.u.i.k.p.m.ProofCorrectnessMgt No justification found for rule Class_invariant_axiom_for_mini_MiniExamples 
85631      INFO  main            d.u.i.k.p.r.p.TestFile    ... finished proof: closed. 
85838      INFO  main            d.u.i.k.p.r.p.TestFile    Now processing file /home/runner/work/key/key/key.core/../key.ui/examples/InformationFlow/MiniExamples/mini.MiniExamples(mini.MiniExamples__secure_p1_2()).Non-interference contract.0.m.key 
85838      INFO  main            d.u.i.k.p.i.AbstractProblemLoader Loading environment from /home/runner/work/key/key/key.core/../key.ui/examples/InformationFlow/MiniExamples/mini.MiniExamples(mini.MiniExamples__secure_p1_2()).Non-interference contract.0.m.key 
85838      DEBUG main            d.u.i.k.p.i.AbstractProblemLoader Environment load took 75.3ns 
85840      INFO  main            d.u.i.k.p.i.AbstractProblemLoader Creating init config 
88455      DEBUG main            d.u.i.k.p.i.AbstractProblemLoader Init config took 2.61s 
88499      INFO  main            d.u.i.k.p.i.AbstractProblemLoader Replaying proof mini.MiniExamples[mini.MiniExamples::secure_p1_2()].Non-interference contract.0 
88501      DEBUG main            d.u.i.k.p.i.IntermediateProofReplayer Proof replay took 29.5ns 
88502      DEBUG main            d.u.i.k.m.s.ProofScriptEngine [1] goal: 0, source line: 51, command: 'macro 'infflow-autopilot'' 
88530      DEBUG main            d.u.i.k.p.m.ProofCorrectnessMgt No justification found for rule Class_invariant_axiom_for_mini_MiniExamples 
88729      INFO  main            d.u.i.k.p.r.p.TestFile    ... finished proof: closed. 
88951      INFO  main            d.u.i.k.p.r.p.TestFile    Now processing file /home/runner/work/key/key/key.core/../key.ui/examples/InformationFlow/MiniExamples/mini.MiniExamples(mini.MiniExamples__secure_p1_1()).Non-interference contract.1.m.key 
88951      INFO  main            d.u.i.k.p.i.AbstractProblemLoader Loading environment from /home/runner/work/key/key/key.core/../key.ui/examples/InformationFlow/MiniExamples/mini.MiniExamples(mini.MiniExamples__secure_p1_1()).Non-interference contract.1.m.key 
88951      DEBUG main            d.u.i.k.p.i.AbstractProblemLoader Environment load took 57.2ns 
88952      INFO  main            d.u.i.k.p.i.AbstractProblemLoader Creating init config 
91499      DEBUG main            d.u.i.k.p.i.AbstractProblemLoader Init config took 2.55s 
91534      INFO  main            d.u.i.k.p.i.AbstractProblemLoader Replaying proof mini.MiniExamples[mini.MiniExamples::secure_p1_1()].Non-interference contract.1 
91537      DEBUG main            d.u.i.k.p.i.IntermediateProofReplayer Proof replay took 15.1ns 
91538      DEBUG main            d.u.i.k.m.s.ProofScriptEngine [1] goal: 0, source line: 51, command: 'macro 'infflow-autopilot'' 
91568      DEBUG main            d.u.i.k.p.m.ProofCorrectnessMgt No justification found for rule Class_invariant_axiom_for_mini_MiniExamples 
91720      INFO  main            d.u.i.k.p.r.p.TestFile    ... finished proof: closed. 
91964      INFO  main            d.u.i.k.p.r.p.TestFile    Now processing file /home/runner/work/key/key/key.core/../key.ui/examples/InformationFlow/MiniExamples/mini.MiniExamples(mini.MiniExamples__secure_p1_1()).Non-interference contract.0.m.key 
91964      INFO  main            d.u.i.k.p.i.AbstractProblemLoader Loading environment from /home/runner/work/key/key/key.core/../key.ui/examples/InformationFlow/MiniExamples/mini.MiniExamples(mini.MiniExamples__secure_p1_1()).Non-interference contract.0.m.key 
91964      DEBUG main            d.u.i.k.p.i.AbstractProblemLoader Environment load took 58.8ns 
91966      INFO  main            d.u.i.k.p.i.AbstractProblemLoader Creating init config 
94544      DEBUG main            d.u.i.k.p.i.AbstractProblemLoader Init config took 2.58s 
94579      INFO  main            d.u.i.k.p.i.AbstractProblemLoader Replaying proof mini.MiniExamples[mini.MiniExamples::secure_p1_1()].Non-interference contract.0 
94581      DEBUG main            d.u.i.k.p.i.IntermediateProofReplayer Proof replay took 15.5ns 
94582      DEBUG main            d.u.i.k.m.s.ProofScriptEngine [1] goal: 0, source line: 51, command: 'macro 'infflow-autopilot'' 
94611      DEBUG main            d.u.i.k.p.m.ProofCorrectnessMgt No justification found for rule Class_invariant_axiom_for_mini_MiniExamples 
94756      INFO  main            d.u.i.k.p.r.p.TestFile    ... finished proof: closed. 
94985      INFO  main            d.u.i.k.p.r.p.TestFile    Now processing file /home/runner/work/key/key/key.core/../key.ui/examples/InformationFlow/MiniExamples/mini.MiniExamples(mini.MiniExamples__insecure_p1_2()).Non-interference contract.0.m.key 
94986      INFO  main            d.u.i.k.p.i.AbstractProblemLoader Loading environment from /home/runner/work/key/key/key.core/../key.ui/examples/InformationFlow/MiniExamples/mini.MiniExamples(mini.MiniExamples__insecure_p1_2()).Non-interference contract.0.m.key 
94986      DEBUG main            d.u.i.k.p.i.AbstractProblemLoader Environment load took 114.3ns 
94987      INFO  main            d.u.i.k.p.i.AbstractProblemLoader Creating init config 
97529      DEBUG main            d.u.i.k.p.i.AbstractProblemLoader Init config took 2.54s 
97563      INFO  main            d.u.i.k.p.i.AbstractProblemLoader Replaying proof mini.MiniExamples[mini.MiniExamples::insecure_p1_2()].Non-interference contract.0 
97566      DEBUG main            d.u.i.k.p.i.IntermediateProofReplayer Proof replay took 16.1ns 
97566      DEBUG main            d.u.i.k.m.s.ProofScriptEngine [1] goal: 0, source line: 51, command: 'macro 'infflow-autopilot'' 
97595      DEBUG main            d.u.i.k.p.m.ProofCorrectnessMgt No justification found for rule Class_invariant_axiom_for_mini_MiniExamples 
97843      INFO  main            d.u.i.k.p.r.p.TestFile    ... finished proof: open goal(s) 
98058      INFO  main            d.u.i.k.p.r.p.TestFile    Now processing file /home/runner/work/key/key/key.core/../key.ui/examples/InformationFlow/MiniExamples/mini.MiniExamples(mini.MiniExamples__insecure_p1_1()).Non-interference contract.0.m.key 
98059      INFO  main            d.u.i.k.p.i.AbstractProblemLoader Loading environment from /home/runner/work/key/key/key.core/../key.ui/examples/InformationFlow/MiniExamples/mini.MiniExamples(mini.MiniExamples__insecure_p1_1()).Non-interference contract.0.m.key 
98059      DEBUG main            d.u.i.k.p.i.AbstractProblemLoader Environment load took 56.7ns 
98060      INFO  main            d.u.i.k.p.i.AbstractProblemLoader Creating init config 
100609     DEBUG main            d.u.i.k.p.i.AbstractProblemLoader Init config took 2.55s 
100654     INFO  main            d.u.i.k.p.i.AbstractProblemLoader Replaying proof mini.MiniExamples[mini.MiniExamples::insecure_p1_1()].Non-interference contract.0 
100657     DEBUG main            d.u.i.k.p.i.IntermediateProofReplayer Proof replay took 18.5ns 
100658     DEBUG main            d.u.i.k.m.s.ProofScriptEngine [1] goal: 0, source line: 51, command: 'macro 'infflow-autopilot'' 
100686     DEBUG main            d.u.i.k.p.m.ProofCorrectnessMgt No justification found for rule Class_invariant_axiom_for_mini_MiniExamples 
100795     INFO  main            d.u.i.k.p.r.p.TestFile    ... finished proof: open goal(s) 
2326915    INFO  Test worker     d.u.i.k.p.r.p.StatisticsFile Returning from test MiniExamples_fullmacro 
2326921    INFO  Test worker     d.u.i.k.p.r.p.StatisticsFile Running test NewObjects_fullmacro 
340        INFO  Timeout watchdog d.u.i.k.p.r.p.ForkedTestFileRunner Timeout watcher launched (1000 secs.) 
346        WARN  main            d.u.i.k.s.ProofSettings   The settings in /home/runner/.key/proof-settings.props are *not* read. 
377        INFO  main            d.u.i.k.p.r.p.TestFile    Now processing file /home/runner/work/key/key/key.core/../key.ui/examples/InformationFlow/NewObjects/object.AmtoftBanerjee3(object.AmtoftBanerjee3__m()).Non-interference contract.0.m.key 
480        INFO  main            d.u.i.k.p.i.AbstractProblemLoader Loading environment from /home/runner/work/key/key/key.core/../key.ui/examples/InformationFlow/NewObjects/object.AmtoftBanerjee3(object.AmtoftBanerjee3__m()).Non-interference contract.0.m.key 
508        DEBUG main            d.u.i.k.p.i.AbstractProblemLoader Environment load took 2.06ms 
726        INFO  main            d.u.i.k.p.i.AbstractProblemLoader Creating init config 
1583       DEBUG main            d.u.i.k.j.TypeConverter   No LDT found for Meta 
1584       DEBUG main            d.u.i.k.j.TypeConverter   No LDT found for Meta 
1585       DEBUG main            d.u.i.k.j.TypeConverter   No LDT found for Meta 
1585       DEBUG main            d.u.i.k.j.TypeConverter   No LDT found for Meta 
3037       DEBUG main            d.u.i.k.j.TypeConverter   No LDT found for JavaBigintExpression 
5921       DEBUG main            d.u.i.k.j.r.ClassPreparationMethodBuilder clPrepBuilder: Inner Class detected. Reject building class initialisation methods. 
8565       DEBUG main            d.u.i.k.p.i.AbstractProblemLoader Init config took 7.84s 
8724       INFO  main            d.u.i.k.p.i.AbstractProblemLoader Replaying proof object.AmtoftBanerjee3[object.AmtoftBanerjee3::m()].Non-interference contract.0 
8823       DEBUG main            d.u.i.k.p.i.IntermediateProofReplayer Proof replay took 362.61ns 
8914       DEBUG main            d.u.i.k.m.s.ProofScriptEngine [1] goal: 0, source line: 51, command: 'macro 'infflow-autopilot'' 
9233       DEBUG main            d.u.i.k.p.m.ProofCorrectnessMgt No justification found for rule Class_invariant_axiom_for_object_AmtoftBanerjee3 
9816       INFO  main            d.u.i.k.p.r.p.TestFile    ... finished proof: closed. 
9942       INFO  main            d.u.i.k.p.r.p.TestFile    Now processing file /home/runner/work/key/key/key.core/../key.ui/examples/InformationFlow/NewObjects/object.AmtoftBanerjee(object.AmtoftBanerjee__m_2()).Non-interference contract.0.m.key 
9943       INFO  main            d.u.i.k.p.i.AbstractProblemLoader Loading environment from /home/runner/work/key/key/key.core/../key.ui/examples/InformationFlow/NewObjects/object.AmtoftBanerjee(object.AmtoftBanerjee__m_2()).Non-interference contract.0.m.key 
9943       DEBUG main            d.u.i.k.p.i.AbstractProblemLoader Environment load took 138.9ns 
9946       INFO  main            d.u.i.k.p.i.AbstractProblemLoader Creating init config 
11051      DEBUG main            d.u.i.k.j.r.ClassPreparationMethodBuilder clPrepBuilder: Inner Class detected. Reject building class initialisation methods. 
13212      DEBUG main            d.u.i.k.p.i.AbstractProblemLoader Init config took 3.27s 
13273      INFO  main            d.u.i.k.p.i.AbstractProblemLoader Replaying proof object.AmtoftBanerjee[object.AmtoftBanerjee::m_2()].Non-interference contract.0 
13276      DEBUG main            d.u.i.k.p.i.IntermediateProofReplayer Proof replay took 36ns 
13277      DEBUG main            d.u.i.k.m.s.ProofScriptEngine [1] goal: 0, source line: 51, command: 'macro 'infflow-autopilot'' 
13727      DEBUG main            d.u.i.k.p.m.ProofCorrectnessMgt No justification found for rule Class_invariant_axiom_for_object_AmtoftBanerjee 
13729      DEBUG main            d.u.i.k.p.m.ProofCorrectnessMgt No justification found for rule Class_invariant_axiom_for_object_AmtoftBanerjee 
13806      DEBUG main            d.u.i.k.p.m.ProofCorrectnessMgt No justification found for rule Class_invariant_axiom_for_object_AmtoftBanerjee 
14288      INFO  main            d.u.i.k.p.r.p.TestFile    ... finished proof: closed. 
14462      INFO  main            d.u.i.k.p.r.p.TestFile    Now processing file /home/runner/work/key/key/key.core/../key.ui/examples/InformationFlow/NewObjects/object.AmtoftBanerjee(object.AmtoftBanerjee__m_1()).Non-interference contract.1.m.key 
14462      INFO  main            d.u.i.k.p.i.AbstractProblemLoader Loading environment from /home/runner/work/key/key/key.core/../key.ui/examples/InformationFlow/NewObjects/object.AmtoftBanerjee(object.AmtoftBanerjee__m_1()).Non-interference contract.1.m.key 
14462      DEBUG main            d.u.i.k.p.i.AbstractProblemLoader Environment load took 76.3ns 
14463      INFO  main            d.u.i.k.p.i.AbstractProblemLoader Creating init config 
15418      DEBUG main            d.u.i.k.j.r.ClassPreparationMethodBuilder clPrepBuilder: Inner Class detected. Reject building class initialisation methods. 
17414      DEBUG main            d.u.i.k.p.i.AbstractProblemLoader Init config took 2.95s 
17492      INFO  main            d.u.i.k.p.i.AbstractProblemLoader Replaying proof object.AmtoftBanerjee[object.AmtoftBanerjee::m_1()].Non-interference contract.1 
17496      DEBUG main            d.u.i.k.p.i.IntermediateProofReplayer Proof replay took 14.6ns 
17497      DEBUG main            d.u.i.k.m.s.ProofScriptEngine [1] goal: 0, source line: 51, command: 'macro 'infflow-autopilot'' 
17733      DEBUG main            d.u.i.k.p.m.ProofCorrectnessMgt No justification found for rule Class_invariant_axiom_for_object_AmtoftBanerjee 
17734      DEBUG main            d.u.i.k.p.m.ProofCorrectnessMgt No justification found for rule Class_invariant_axiom_for_object_AmtoftBanerjee 
17771      DEBUG main            d.u.i.k.p.m.ProofCorrectnessMgt No justification found for rule Class_invariant_axiom_for_object_AmtoftBanerjee 
18167      INFO  main            d.u.i.k.p.r.p.TestFile    ... finished proof: open goal(s) 
18311      INFO  main            d.u.i.k.p.r.p.TestFile    Now processing file /home/runner/work/key/key/key.core/../key.ui/examples/InformationFlow/NewObjects/object.AmtoftBanerjee(object.AmtoftBanerjee__m_1()).Non-interference contract.0.m.key 
18311      INFO  main            d.u.i.k.p.i.AbstractProblemLoader Loading environment from /home/runner/work/key/key/key.core/../key.ui/examples/InformationFlow/NewObjects/object.AmtoftBanerjee(object.AmtoftBanerjee__m_1()).Non-interference contract.0.m.key 
18311      DEBUG main            d.u.i.k.p.i.AbstractProblemLoader Environment load took 71.9ns 
18312      INFO  main            d.u.i.k.p.i.AbstractProblemLoader Creating init config 
19229      DEBUG main            d.u.i.k.j.r.ClassPreparationMethodBuilder clPrepBuilder: Inner Class detected. Reject building class initialisation methods. 
21212      DEBUG main            d.u.i.k.p.i.AbstractProblemLoader Init config took 2.9s 
21263      INFO  main            d.u.i.k.p.i.AbstractProblemLoader Replaying proof object.AmtoftBanerjee[object.AmtoftBanerjee::m_1()].Non-interference contract.0 
21266      DEBUG main            d.u.i.k.p.i.IntermediateProofReplayer Proof replay took 13.8ns 
21266      DEBUG main            d.u.i.k.m.s.ProofScriptEngine [1] goal: 0, source line: 51, command: 'macro 'infflow-autopilot'' 
21457      DEBUG main            d.u.i.k.p.m.ProofCorrectnessMgt No justification found for rule Class_invariant_axiom_for_object_AmtoftBanerjee 
21458      DEBUG main            d.u.i.k.p.m.ProofCorrectnessMgt No justification found for rule Class_invariant_axiom_for_object_AmtoftBanerjee 
21490      DEBUG main            d.u.i.k.p.m.ProofCorrectnessMgt No justification found for rule Class_invariant_axiom_for_object_AmtoftBanerjee 
21728      INFO  main            d.u.i.k.p.r.p.TestFile    ... finished proof: closed. 
21909      INFO  main            d.u.i.k.p.r.p.TestFile    Now processing file /home/runner/work/key/key/key.core/../key.ui/examples/InformationFlow/NewObjects/object.AmtoftBanerjee(object.AmtoftBanerjee__getQ()).Non-interference contract.0.m.key 
21910      INFO  main            d.u.i.k.p.i.AbstractProblemLoader Loading environment from /home/runner/work/key/key/key.core/../key.ui/examples/InformationFlow/NewObjects/object.AmtoftBanerjee(object.AmtoftBanerjee__getQ()).Non-interference contract.0.m.key 
21910      DEBUG main            d.u.i.k.p.i.AbstractProblemLoader Environment load took 73.6ns 
21911      INFO  main            d.u.i.k.p.i.AbstractProblemLoader Creating init config 
22837      DEBUG main            d.u.i.k.j.r.ClassPreparationMethodBuilder clPrepBuilder: Inner Class detected. Reject building class initialisation methods. 
24776      DEBUG main            d.u.i.k.p.i.AbstractProblemLoader Init config took 2.86s 
24829      INFO  main            d.u.i.k.p.i.AbstractProblemLoader Replaying proof object.AmtoftBanerjee[object.AmtoftBanerjee::getQ()].Non-interference contract.0 
24832      DEBUG main            d.u.i.k.p.i.IntermediateProofReplayer Proof replay took 26.8ns 
24833      DEBUG main            d.u.i.k.m.s.ProofScriptEngine [1] goal: 0, source line: 51, command: 'macro 'infflow-autopilot'' 
24872      DEBUG main            d.u.i.k.p.m.ProofCorrectnessMgt No justification found for rule Class_invariant_axiom_for_object_AmtoftBanerjee 
24963      INFO  main            d.u.i.k.p.r.p.TestFile    ... finished proof: closed. 
25109      INFO  main            d.u.i.k.p.r.p.TestFile    Now processing file /home/runner/work/key/key/key.core/../key.ui/examples/InformationFlow/NewObjects/object.Naumann(object.Naumann__Pair_m(int,int)).Non-interference contract.0.m.key 
25109      INFO  main            d.u.i.k.p.i.AbstractProblemLoader Loading environment from /home/runner/work/key/key/key.core/../key.ui/examples/InformationFlow/NewObjects/object.Naumann(object.Naumann__Pair_m(int,int)).Non-interference contract.0.m.key 
25109      DEBUG main            d.u.i.k.p.i.AbstractProblemLoader Environment load took 72.5ns 
25110      INFO  main            d.u.i.k.p.i.AbstractProblemLoader Creating init config 
26005      DEBUG main            d.u.i.k.j.r.ClassPreparationMethodBuilder clPrepBuilder: Inner Class detected. Reject building class initialisation methods. 
27968      DEBUG main            d.u.i.k.p.i.AbstractProblemLoader Init config took 2.86s 
28015      INFO  main            d.u.i.k.p.i.AbstractProblemLoader Replaying proof object.Naumann[object.Naumann::Pair_m(int,int)].Non-interference contract.0 
28018      DEBUG main            d.u.i.k.p.i.IntermediateProofReplayer Proof replay took 13.3ns 
28019      DEBUG main            d.u.i.k.m.s.ProofScriptEngine [1] goal: 0, source line: 51, command: 'macro 'infflow-autopilot'' 
39285      INFO  main            d.u.i.k.p.r.p.TestFile    ... finished proof: closed. 
39533      INFO  main            d.u.i.k.p.r.p.TestFile    Now processing file /home/runner/work/key/key/key.core/../key.ui/examples/InformationFlow/NewObjects/object.ObjectOrientation(object.ObjectOrientation__secure_while_i((Ljava.lang.Object)).Non-interference contract.0.m.key 
39533      INFO  main            d.u.i.k.p.i.AbstractProblemLoader Loading environment from /home/runner/work/key/key/key.core/../key.ui/examples/InformationFlow/NewObjects/object.ObjectOrientation(object.ObjectOrientation__secure_while_i((Ljava.lang.Object)).Non-interference contract.0.m.key 
39533      DEBUG main            d.u.i.k.p.i.AbstractProblemLoader Environment load took 103.7ns 
39535      INFO  main            d.u.i.k.p.i.AbstractProblemLoader Creating init config 
40439      DEBUG main            d.u.i.k.j.r.ClassPreparationMethodBuilder clPrepBuilder: Inner Class detected. Reject building class initialisation methods. 
42387      DEBUG main            d.u.i.k.p.i.AbstractProblemLoader Init config took 2.85s 
42436      INFO  main            d.u.i.k.p.i.AbstractProblemLoader Replaying proof object.ObjectOrientation[object.ObjectOrientation::secure_while_i([Ljava.lang.Object)].Non-interference contract.0 
42440      DEBUG main            d.u.i.k.p.i.IntermediateProofReplayer Proof replay took 16.3ns 
42442      DEBUG main            d.u.i.k.m.s.ProofScriptEngine [1] goal: 0, source line: 51, command: 'macro 'infflow-autopilot'' 
42499      DEBUG main            d.u.i.k.p.m.ProofCorrectnessMgt No justification found for rule Class_invariant_axiom_for_object_ObjectOrientation 
48394      INFO  main            d.u.i.k.p.r.p.TestFile    ... finished proof: closed. 
48677      INFO  main            d.u.i.k.p.r.p.TestFile    Now processing file /home/runner/work/key/key/key.core/../key.ui/examples/InformationFlow/NewObjects/object.ObjectOrientation(object.ObjectOrientation__secure_method_call()).Non-interference contract.0.m.key 
48677      INFO  main            d.u.i.k.p.i.AbstractProblemLoader Loading environment from /home/runner/work/key/key/key.core/../key.ui/examples/InformationFlow/NewObjects/object.ObjectOrientation(object.ObjectOrientation__secure_method_call()).Non-interference contract.0.m.key 
48677      DEBUG main            d.u.i.k.p.i.AbstractProblemLoader Environment load took 72.2ns 
48681      INFO  main            d.u.i.k.p.i.AbstractProblemLoader Creating init config 
49555      DEBUG main            d.u.i.k.j.r.ClassPreparationMethodBuilder clPrepBuilder: Inner Class detected. Reject building class initialisation methods. 
51438      DEBUG main            d.u.i.k.p.i.AbstractProblemLoader Init config took 2.76s 
51480      INFO  main            d.u.i.k.p.i.AbstractProblemLoader Replaying proof object.ObjectOrientation[object.ObjectOrientation::secure_method_call()].Non-interference contract.0 
51483      DEBUG main            d.u.i.k.p.i.IntermediateProofReplayer Proof replay took 14.1ns 
51483      DEBUG main            d.u.i.k.m.s.ProofScriptEngine [1] goal: 0, source line: 51, command: 'macro 'infflow-autopilot'' 
51514      DEBUG main            d.u.i.k.p.m.ProofCorrectnessMgt No justification found for rule Class_invariant_axiom_for_object_ObjectOrientation 
51547      DEBUG main            d.u.i.k.p.m.ProofCorrectnessMgt No justification found for rule Class_invariant_axiom_for_object_ObjectOrientation 
51569      DEBUG main            d.u.i.k.p.m.ProofCorrectnessMgt No justification found for rule Class_invariant_axiom_for_object_ObjectOrientation 
51612      DEBUG main            d.u.i.k.p.m.ProofCorrectnessMgt No justification found for rule Class_invariant_axiom_for_object_ObjectOrientation 
51992      INFO  main            d.u.i.k.p.r.p.TestFile    ... finished proof: closed. 
52201      INFO  main            d.u.i.k.p.r.p.TestFile    Now processing file /home/runner/work/key/key/key.core/../key.ui/examples/InformationFlow/NewObjects/object.ObjectOrientation(object.ObjectOrientation__if_two_object_creation_next()).Non-interference contract.1.m.key 
52201      INFO  main            d.u.i.k.p.i.AbstractProblemLoader Loading environment from /home/runner/work/key/key/key.core/../key.ui/examples/InformationFlow/NewObjects/object.ObjectOrientation(object.ObjectOrientation__if_two_object_creation_next()).Non-interference contract.1.m.key 
52201      DEBUG main            d.u.i.k.p.i.AbstractProblemLoader Environment load took 73.4ns 
52203      INFO  main            d.u.i.k.p.i.AbstractProblemLoader Creating init config 
53129      DEBUG main            d.u.i.k.j.r.ClassPreparationMethodBuilder clPrepBuilder: Inner Class detected. Reject building class initialisation methods. 
54993      DEBUG main            d.u.i.k.p.i.AbstractProblemLoader Init config took 2.79s 
55043      INFO  main            d.u.i.k.p.i.AbstractProblemLoader Replaying proof object.ObjectOrientation[object.ObjectOrientation::if_two_object_creation_next()].Non-interference contract.1 
55046      DEBUG main            d.u.i.k.p.i.IntermediateProofReplayer Proof replay took 14.5ns 
55047      DEBUG main            d.u.i.k.m.s.ProofScriptEngine [1] goal: 0, source line: 51, command: 'macro 'infflow-autopilot'' 
55083      DEBUG main            d.u.i.k.p.m.ProofCorrectnessMgt No justification found for rule Class_invariant_axiom_for_object_ObjectOrientation 
84221      INFO  main            d.u.i.k.p.r.p.TestFile    ... finished proof: open goal(s) 
84482      INFO  main            d.u.i.k.p.r.p.TestFile    Now processing file /home/runner/work/key/key/key.core/../key.ui/examples/InformationFlow/NewObjects/object.ObjectOrientation(object.ObjectOrientation__if_two_object_creation_next()).Non-interference contract.0.m.key 
84482      INFO  main            d.u.i.k.p.i.AbstractProblemLoader Loading environment from /home/runner/work/key/key/key.core/../key.ui/examples/InformationFlow/NewObjects/object.ObjectOrientation(object.ObjectOrientation__if_two_object_creation_next()).Non-interference contract.0.m.key 
84482      DEBUG main            d.u.i.k.p.i.AbstractProblemLoader Environment load took 77.1ns 
84484      INFO  main            d.u.i.k.p.i.AbstractProblemLoader Creating init config 
85348      DEBUG main            d.u.i.k.j.r.ClassPreparationMethodBuilder clPrepBuilder: Inner Class detected. Reject building class initialisation methods. 
87232      DEBUG main            d.u.i.k.p.i.AbstractProblemLoader Init config took 2.75s 
87273      INFO  main            d.u.i.k.p.i.AbstractProblemLoader Replaying proof object.ObjectOrientation[object.ObjectOrientation::if_two_object_creation_next()].Non-interference contract.0 
87275      DEBUG main            d.u.i.k.p.i.IntermediateProofReplayer Proof replay took 15ns 
87276      DEBUG main            d.u.i.k.m.s.ProofScriptEngine [1] goal: 0, source line: 51, command: 'macro 'infflow-autopilot'' 
87305      DEBUG main            d.u.i.k.p.m.ProofCorrectnessMgt No justification found for rule Class_invariant_axiom_for_object_ObjectOrientation 
99490      INFO  main            d.u.i.k.p.r.p.TestFile    ... finished proof: closed. 
99813      INFO  main            d.u.i.k.p.r.p.TestFile    Now processing file /home/runner/work/key/key/key.core/../key.ui/examples/InformationFlow/NewObjects/object.ObjectOrientation(object.ObjectOrientation__secure_if_two_object_creation()).Non-interference contract.0.m.key 
99813      INFO  main            d.u.i.k.p.i.AbstractProblemLoader Loading environment from /home/runner/work/key/key/key.core/../key.ui/examples/InformationFlow/NewObjects/object.ObjectOrientation(object.ObjectOrientation__secure_if_two_object_creation()).Non-interference contract.0.m.key 
99813      DEBUG main            d.u.i.k.p.i.AbstractProblemLoader Environment load took 75.4ns 
99814      INFO  main            d.u.i.k.p.i.AbstractProblemLoader Creating init config 
100688     DEBUG main            d.u.i.k.j.r.ClassPreparationMethodBuilder clPrepBuilder: Inner Class detected. Reject building class initialisation methods. 
102549     DEBUG main            d.u.i.k.p.i.AbstractProblemLoader Init config took 2.74s 
102590     INFO  main            d.u.i.k.p.i.AbstractProblemLoader Replaying proof object.ObjectOrientation[object.ObjectOrientation::secure_if_two_object_creation()].Non-interference contract.0 
102593     DEBUG main            d.u.i.k.p.i.IntermediateProofReplayer Proof replay took 15.1ns 
102594     DEBUG main            d.u.i.k.m.s.ProofScriptEngine [1] goal: 0, source line: 51, command: 'macro 'infflow-autopilot'' 
102624     DEBUG main            d.u.i.k.p.m.ProofCorrectnessMgt No justification found for rule Class_invariant_axiom_for_object_ObjectOrientation 
114648     INFO  main            d.u.i.k.p.r.p.TestFile    ... finished proof: closed. 
114913     INFO  main            d.u.i.k.p.r.p.TestFile    Now processing file /home/runner/work/key/key/key.core/../key.ui/examples/InformationFlow/NewObjects/object.ObjectOrientation(object.ObjectOrientation__insecure_two_object_creation()).Non-interference contract.0.m.key 
114913     INFO  main            d.u.i.k.p.i.AbstractProblemLoader Loading environment from /home/runner/work/key/key/key.core/../key.ui/examples/InformationFlow/NewObjects/object.ObjectOrientation(object.ObjectOrientation__insecure_two_object_creation()).Non-interference contract.0.m.key 
114913     DEBUG main            d.u.i.k.p.i.AbstractProblemLoader Environment load took 71.9ns 
114914     INFO  main            d.u.i.k.p.i.AbstractProblemLoader Creating init config 
115778     DEBUG main            d.u.i.k.j.r.ClassPreparationMethodBuilder clPrepBuilder: Inner Class detected. Reject building class initialisation methods. 
117646     DEBUG main            d.u.i.k.p.i.AbstractProblemLoader Init config took 2.73s 
117695     INFO  main            d.u.i.k.p.i.AbstractProblemLoader Replaying proof object.ObjectOrientation[object.ObjectOrientation::insecure_two_object_creation()].Non-interference contract.0 
117698     DEBUG main            d.u.i.k.p.i.IntermediateProofReplayer Proof replay took 14ns 
117699     DEBUG main            d.u.i.k.m.s.ProofScriptEngine [1] goal: 0, source line: 51, command: 'macro 'infflow-autopilot'' 
117726     DEBUG main            d.u.i.k.p.m.ProofCorrectnessMgt No justification found for rule Class_invariant_axiom_for_object_ObjectOrientation 
146174     INFO  main            d.u.i.k.p.r.p.TestFile    ... finished proof: open goal(s) 
146444     INFO  main            d.u.i.k.p.r.p.TestFile    Now processing file /home/runner/work/key/key/key.core/../key.ui/examples/InformationFlow/NewObjects/object.ObjectOrientation(object.ObjectOrientation__secure_two_object_creation()).Non-interference contract.0.m.key 
146444     INFO  main            d.u.i.k.p.i.AbstractProblemLoader Loading environment from /home/runner/work/key/key/key.core/../key.ui/examples/InformationFlow/NewObjects/object.ObjectOrientation(object.ObjectOrientation__secure_two_object_creation()).Non-interference contract.0.m.key 
146444     DEBUG main            d.u.i.k.p.i.AbstractProblemLoader Environment load took 71.4ns 
146445     INFO  main            d.u.i.k.p.i.AbstractProblemLoader Creating init config 
147318     DEBUG main            d.u.i.k.j.r.ClassPreparationMethodBuilder clPrepBuilder: Inner Class detected. Reject building class initialisation methods. 
149193     DEBUG main            d.u.i.k.p.i.AbstractProblemLoader Init config took 2.75s 
149231     INFO  main            d.u.i.k.p.i.AbstractProblemLoader Replaying proof object.ObjectOrientation[object.ObjectOrientation::secure_two_object_creation()].Non-interference contract.0 
149234     DEBUG main            d.u.i.k.p.i.IntermediateProofReplayer Proof replay took 14.9ns 
149234     DEBUG main            d.u.i.k.m.s.ProofScriptEngine [1] goal: 0, source line: 51, command: 'macro 'infflow-autopilot'' 
149263     DEBUG main            d.u.i.k.p.m.ProofCorrectnessMgt No justification found for rule Class_invariant_axiom_for_object_ObjectOrientation 
158832     INFO  main            d.u.i.k.p.r.p.TestFile    ... finished proof: closed. 
159132     INFO  main            d.u.i.k.p.r.p.TestFile    Now processing file /home/runner/work/key/key/key.core/../key.ui/examples/InformationFlow/NewObjects/object.ObjectOrientation(object.ObjectOrientation__insecure_object_assignment()).Non-interference contract.1.m.key 
159132     INFO  main            d.u.i.k.p.i.AbstractProblemLoader Loading environment from /home/runner/work/key/key/key.core/../key.ui/examples/InformationFlow/NewObjects/object.ObjectOrientation(object.ObjectOrientation__insecure_object_assignment()).Non-interference contract.1.m.key 
159132     DEBUG main            d.u.i.k.p.i.AbstractProblemLoader Environment load took 67ns 
159134     INFO  main            d.u.i.k.p.i.AbstractProblemLoader Creating init config 
159997     DEBUG main            d.u.i.k.j.r.ClassPreparationMethodBuilder clPrepBuilder: Inner Class detected. Reject building class initialisation methods. 
161846     DEBUG main            d.u.i.k.p.i.AbstractProblemLoader Init config took 2.71s 
161884     INFO  main            d.u.i.k.p.i.AbstractProblemLoader Replaying proof object.ObjectOrientation[object.ObjectOrientation::insecure_object_assignment()].Non-interference contract.1 
161886     DEBUG main            d.u.i.k.p.i.IntermediateProofReplayer Proof replay took 14.7ns 
161886     DEBUG main            d.u.i.k.m.s.ProofScriptEngine [1] goal: 0, source line: 51, command: 'macro 'infflow-autopilot'' 
161914     DEBUG main            d.u.i.k.p.m.ProofCorrectnessMgt No justification found for rule Class_invariant_axiom_for_object_ObjectOrientation 
170143     INFO  main            d.u.i.k.p.r.p.TestFile    ... finished proof: open goal(s) 
170367     INFO  main            d.u.i.k.p.r.p.TestFile    Now processing file /home/runner/work/key/key/key.core/../key.ui/examples/InformationFlow/NewObjects/object.ObjectOrientation(object.ObjectOrientation__insecure_object_assignment()).Non-interference contract.0.m.key 
170368     INFO  main            d.u.i.k.p.i.AbstractProblemLoader Loading environment from /home/runner/work/key/key/key.core/../key.ui/examples/InformationFlow/NewObjects/object.ObjectOrientation(object.ObjectOrientation__insecure_object_assignment()).Non-interference contract.0.m.key 
170368     DEBUG main            d.u.i.k.p.i.AbstractProblemLoader Environment load took 88.6ns 
170369     INFO  main            d.u.i.k.p.i.AbstractProblemLoader Creating init config 
171238     DEBUG main            d.u.i.k.j.r.ClassPreparationMethodBuilder clPrepBuilder: Inner Class detected. Reject building class initialisation methods. 
173070     DEBUG main            d.u.i.k.p.i.AbstractProblemLoader Init config took 2.7s 
173108     INFO  main            d.u.i.k.p.i.AbstractProblemLoader Replaying proof object.ObjectOrientation[object.ObjectOrientation::insecure_object_assignment()].Non-interference contract.0 
173110     DEBUG main            d.u.i.k.p.i.IntermediateProofReplayer Proof replay took 17.1ns 
173110     DEBUG main            d.u.i.k.m.s.ProofScriptEngine [1] goal: 0, source line: 51, command: 'macro 'infflow-autopilot'' 
173138     DEBUG main            d.u.i.k.p.m.ProofCorrectnessMgt No justification found for rule Class_invariant_axiom_for_object_ObjectOrientation 
173336     INFO  main            d.u.i.k.p.r.p.TestFile    ... finished proof: open goal(s) 
173577     INFO  main            d.u.i.k.p.r.p.TestFile    Now processing file /home/runner/work/key/key/key.core/../key.ui/examples/InformationFlow/NewObjects/object.ObjectOrientation(object.ObjectOrientation__secure_object_creation_3()).Non-interference contract.0.m.key 
173577     INFO  main            d.u.i.k.p.i.AbstractProblemLoader Loading environment from /home/runner/work/key/key/key.core/../key.ui/examples/InformationFlow/NewObjects/object.ObjectOrientation(object.ObjectOrientation__secure_object_creation_3()).Non-interference contract.0.m.key 
173577     DEBUG main            d.u.i.k.p.i.AbstractProblemLoader Environment load took 64.9ns 
173578     INFO  main            d.u.i.k.p.i.AbstractProblemLoader Creating init config 
174431     DEBUG main            d.u.i.k.j.r.ClassPreparationMethodBuilder clPrepBuilder: Inner Class detected. Reject building class initialisation methods. 
176290     DEBUG main            d.u.i.k.p.i.AbstractProblemLoader Init config took 2.71s 
176328     INFO  main            d.u.i.k.p.i.AbstractProblemLoader Replaying proof object.ObjectOrientation[object.ObjectOrientation::secure_object_creation_3()].Non-interference contract.0 
176330     DEBUG main            d.u.i.k.p.i.IntermediateProofReplayer Proof replay took 15.1ns 
176331     DEBUG main            d.u.i.k.m.s.ProofScriptEngine [1] goal: 0, source line: 51, command: 'macro 'infflow-autopilot'' 
176359     DEBUG main            d.u.i.k.p.m.ProofCorrectnessMgt No justification found for rule Class_invariant_axiom_for_object_ObjectOrientation 
176740     INFO  main            d.u.i.k.p.r.p.TestFile    ... finished proof: closed. 
176945     INFO  main            d.u.i.k.p.r.p.TestFile    Now processing file /home/runner/work/key/key/key.core/../key.ui/examples/InformationFlow/NewObjects/object.ObjectOrientation(object.ObjectOrientation__secure_object_creation_2()).Non-interference contract.0.m.key 
176945     INFO  main            d.u.i.k.p.i.AbstractProblemLoader Loading environment from /home/runner/work/key/key/key.core/../key.ui/examples/InformationFlow/NewObjects/object.ObjectOrientation(object.ObjectOrientation__secure_object_creation_2()).Non-interference contract.0.m.key 
176945     DEBUG main            d.u.i.k.p.i.AbstractProblemLoader Environment load took 73.4ns 
176946     INFO  main            d.u.i.k.p.i.AbstractProblemLoader Creating init config 
177816     DEBUG main            d.u.i.k.j.r.ClassPreparationMethodBuilder clPrepBuilder: Inner Class detected. Reject building class initialisation methods. 
179688     DEBUG main            d.u.i.k.p.i.AbstractProblemLoader Init config took 2.74s 
179737     INFO  main            d.u.i.k.p.i.AbstractProblemLoader Replaying proof object.ObjectOrientation[object.ObjectOrientation::secure_object_creation_2()].Non-interference contract.0 
179739     DEBUG main            d.u.i.k.p.i.IntermediateProofReplayer Proof replay took 14.8ns 
179740     DEBUG main            d.u.i.k.m.s.ProofScriptEngine [1] goal: 0, source line: 51, command: 'macro 'infflow-autopilot'' 
179768     DEBUG main            d.u.i.k.p.m.ProofCorrectnessMgt No justification found for rule Class_invariant_axiom_for_object_ObjectOrientation 
180016     INFO  main            d.u.i.k.p.r.p.TestFile    ... finished proof: closed. 
180221     INFO  main            d.u.i.k.p.r.p.TestFile    Now processing file /home/runner/work/key/key/key.core/../key.ui/examples/InformationFlow/NewObjects/object.ObjectOrientation(object.ObjectOrientation__secure_object_creation()).Non-interference contract.0.m.key 
180221     INFO  main            d.u.i.k.p.i.AbstractProblemLoader Loading environment from /home/runner/work/key/key/key.core/../key.ui/examples/InformationFlow/NewObjects/object.ObjectOrientation(object.ObjectOrientation__secure_object_creation()).Non-interference contract.0.m.key 
180222     DEBUG main            d.u.i.k.p.i.AbstractProblemLoader Environment load took 105.4ns 
180222     INFO  main            d.u.i.k.p.i.AbstractProblemLoader Creating init config 
181094     DEBUG main            d.u.i.k.j.r.ClassPreparationMethodBuilder clPrepBuilder: Inner Class detected. Reject building class initialisation methods. 
182995     DEBUG main            d.u.i.k.p.i.AbstractProblemLoader Init config took 2.77s 
183033     INFO  main            d.u.i.k.p.i.AbstractProblemLoader Replaying proof object.ObjectOrientation[object.ObjectOrientation::secure_object_creation()].Non-interference contract.0 
183035     DEBUG main            d.u.i.k.p.i.IntermediateProofReplayer Proof replay took 16.2ns 
183035     DEBUG main            d.u.i.k.m.s.ProofScriptEngine [1] goal: 0, source line: 51, command: 'macro 'infflow-autopilot'' 
183064     DEBUG main            d.u.i.k.p.m.ProofCorrectnessMgt No justification found for rule Class_invariant_axiom_for_object_ObjectOrientation 
183427     INFO  main            d.u.i.k.p.r.p.TestFile    ... finished proof: closed. 
183626     INFO  main            d.u.i.k.p.r.p.TestFile    Now processing file /home/runner/work/key/key/key.core/../key.ui/examples/InformationFlow/NewObjects/object.AmtoftBanerjee2(object.AmtoftBanerjee2__expensive(int)).Non-interference contract.0.m.key 
183626     INFO  main            d.u.i.k.p.i.AbstractProblemLoader Loading environment from /home/runner/work/key/key/key.core/../key.ui/examples/InformationFlow/NewObjects/object.AmtoftBanerjee2(object.AmtoftBanerjee2__expensive(int)).Non-interference contract.0.m.key 
183626     DEBUG main            d.u.i.k.p.i.AbstractProblemLoader Environment load took 68ns 
183627     INFO  main            d.u.i.k.p.i.AbstractProblemLoader Creating init config 
184500     DEBUG main            d.u.i.k.j.r.ClassPreparationMethodBuilder clPrepBuilder: Inner Class detected. Reject building class initialisation methods. 
186382     DEBUG main            d.u.i.k.p.i.AbstractProblemLoader Init config took 2.75s 
186422     INFO  main            d.u.i.k.p.i.AbstractProblemLoader Replaying proof object.AmtoftBanerjee2[object.AmtoftBanerjee2::expensive(int)].Non-interference contract.0 
186424     DEBUG main            d.u.i.k.p.i.IntermediateProofReplayer Proof replay took 16.7ns 
186425     DEBUG main            d.u.i.k.m.s.ProofScriptEngine [1] goal: 0, source line: 51, command: 'macro 'infflow-autopilot'' 
186511     INFO  main            d.u.i.k.p.r.p.TestFile    ... finished proof: closed. 
186713     INFO  main            d.u.i.k.p.r.p.TestFile    Now processing file /home/runner/work/key/key/key.core/../key.ui/examples/InformationFlow/NewObjects/object.AmtoftBanerjee2(object.AmtoftBanerjee2__cexp(int)).Non-interference contract.0.m.key 
186713     INFO  main            d.u.i.k.p.i.AbstractProblemLoader Loading environment from /home/runner/work/key/key/key.core/../key.ui/examples/InformationFlow/NewObjects/object.AmtoftBanerjee2(object.AmtoftBanerjee2__cexp(int)).Non-interference contract.0.m.key 
186713     DEBUG main            d.u.i.k.p.i.AbstractProblemLoader Environment load took 74.2ns 
186714     INFO  main            d.u.i.k.p.i.AbstractProblemLoader Creating init config 
187586     DEBUG main            d.u.i.k.j.r.ClassPreparationMethodBuilder clPrepBuilder: Inner Class detected. Reject building class initialisation methods. 
189471     DEBUG main            d.u.i.k.p.i.AbstractProblemLoader Init config took 2.76s 
189510     INFO  main            d.u.i.k.p.i.AbstractProblemLoader Replaying proof object.AmtoftBanerjee2[object.AmtoftBanerjee2::cexp(int)].Non-interference contract.0 
189513     DEBUG main            d.u.i.k.p.i.IntermediateProofReplayer Proof replay took 17.3ns 
189514     DEBUG main            d.u.i.k.m.s.ProofScriptEngine [1] goal: 0, source line: 51, command: 'macro 'infflow-autopilot'' 
189544     DEBUG main            d.u.i.k.p.m.ProofCorrectnessMgt No justification found for rule Class_invariant_axiom_for_object_AmtoftBanerjee2 
191004     INFO  main            d.u.i.k.p.r.p.TestFile    ... finished proof: closed. 
2518354    INFO  Test worker     d.u.i.k.p.r.p.StatisticsFile Returning from test NewObjects_fullmacro 
2518356    INFO  Test worker     d.u.i.k.p.r.p.StatisticsFile Running test SimpleEvoting_fullmacro 
338        INFO  Timeout watchdog d.u.i.k.p.r.p.ForkedTestFileRunner Timeout watcher launched (1000 secs.) 
354        WARN  main            d.u.i.k.s.ProofSettings   The settings in /home/runner/.key/proof-settings.props are *not* read. 
380        INFO  main            d.u.i.k.p.r.p.TestFile    Now processing file /home/runner/work/key/key/key.core/../key.ui/examples/InformationFlow/SimpleEvoting/simple_evoting.Environment(simple_evoting.Environment__untrustedOutputMessage((B)).Non-interference contract.0.m.key 
493        INFO  main            d.u.i.k.p.i.AbstractProblemLoader Loading environment from /home/runner/work/key/key/key.core/../key.ui/examples/InformationFlow/SimpleEvoting/simple_evoting.Environment(simple_evoting.Environment__untrustedOutputMessage((B)).Non-interference contract.0.m.key 
517        DEBUG main            d.u.i.k.p.i.AbstractProblemLoader Environment load took 1.99ms 
751        INFO  main            d.u.i.k.p.i.AbstractProblemLoader Creating init config 
1817       DEBUG main            d.u.i.k.j.TypeConverter   No LDT found for Meta 
1818       DEBUG main            d.u.i.k.j.TypeConverter   No LDT found for Meta 
1819       DEBUG main            d.u.i.k.j.TypeConverter   No LDT found for Meta 
1820       DEBUG main            d.u.i.k.j.TypeConverter   No LDT found for Meta 
3219       DEBUG main            d.u.i.k.j.TypeConverter   No LDT found for JavaBigintExpression 
9452       DEBUG main            d.u.i.k.p.i.AbstractProblemLoader Init config took 8.7s 
9686       INFO  main            d.u.i.k.p.i.AbstractProblemLoader Replaying proof simple_evoting.Environment[simple_evoting.Environment::untrustedOutputMessage([B)].Non-interference contract.0 
9759       DEBUG main            d.u.i.k.p.i.IntermediateProofReplayer Proof replay took 358.7ns 
9826       DEBUG main            d.u.i.k.m.s.ProofScriptEngine [1] goal: 0, source line: 51, command: 'macro 'infflow-autopilot'' 
10378      DEBUG main            d.u.i.k.p.m.ProofCorrectnessMgt No justification found for rule JML_represents_clause_for_simple_evoting_Environment_rep 
10576      DEBUG main            d.u.i.k.p.m.ProofCorrectnessMgt No justification found for rule JML_represents_clause_for_simple_evoting_Environment_rep 
11593      DEBUG main            d.u.i.k.p.m.ProofCorrectnessMgt No justification found for rule JML_represents_clause_for_simple_evoting_Environment_rep 
12045      DEBUG main            d.u.i.k.p.m.ProofCorrectnessMgt No justification found for rule JML_represents_clause_for_simple_evoting_Environment_rep 
13218      DEBUG main            d.u.i.k.p.m.ProofCorrectnessMgt No justification found for rule JML_represents_clause_for_simple_evoting_Environment_rep 
15137      INFO  main            d.u.i.k.p.r.p.TestFile    ... finished proof: closed. 
15332      INFO  main            d.u.i.k.p.r.p.TestFile    Now processing file /home/runner/work/key/key/key.core/../key.ui/examples/InformationFlow/SimpleEvoting/simple_evoting.Environment(simple_evoting.Environment__untrustedInputMessage()).Non-interference contract.0.m.key 
15333      INFO  main            d.u.i.k.p.i.AbstractProblemLoader Loading environment from /home/runner/work/key/key/key.core/../key.ui/examples/InformationFlow/SimpleEvoting/simple_evoting.Environment(simple_evoting.Environment__untrustedInputMessage()).Non-interference contract.0.m.key 
15333      DEBUG main            d.u.i.k.p.i.AbstractProblemLoader Environment load took 295.7ns 
15336      INFO  main            d.u.i.k.p.i.AbstractProblemLoader Creating init config 
18909      DEBUG main            d.u.i.k.p.i.AbstractProblemLoader Init config took 3.57s 
18997      INFO  main            d.u.i.k.p.i.AbstractProblemLoader Replaying proof simple_evoting.Environment[simple_evoting.Environment::untrustedInputMessage()].Non-interference contract.0 
19002      DEBUG main            d.u.i.k.p.i.IntermediateProofReplayer Proof replay took 15.1ns 
19004      DEBUG main            d.u.i.k.m.s.ProofScriptEngine [1] goal: 0, source line: 51, command: 'macro 'infflow-autopilot'' 
19109      DEBUG main            d.u.i.k.p.m.ProofCorrectnessMgt No justification found for rule JML_represents_clause_for_simple_evoting_Environment_rep 
19326      DEBUG main            d.u.i.k.p.m.ProofCorrectnessMgt No justification found for rule JML_represents_clause_for_simple_evoting_Environment_rep 
21672      INFO  main            d.u.i.k.p.r.p.TestFile    ... finished proof: closed. 
21863      INFO  main            d.u.i.k.p.r.p.TestFile    Now processing file /home/runner/work/key/key/key.core/../key.ui/examples/InformationFlow/SimpleEvoting/simple_evoting.Environment(simple_evoting.Environment__untrustedOutput(int)).Non-interference contract.0.m.key 
21863      INFO  main            d.u.i.k.p.i.AbstractProblemLoader Loading environment from /home/runner/work/key/key/key.core/../key.ui/examples/InformationFlow/SimpleEvoting/simple_evoting.Environment(simple_evoting.Environment__untrustedOutput(int)).Non-interference contract.0.m.key 
21863      DEBUG main            d.u.i.k.p.i.AbstractProblemLoader Environment load took 77.1ns 
21865      INFO  main            d.u.i.k.p.i.AbstractProblemLoader Creating init config 
25281      DEBUG main            d.u.i.k.p.i.AbstractProblemLoader Init config took 3.42s 
25378      INFO  main            d.u.i.k.p.i.AbstractProblemLoader Replaying proof simple_evoting.Environment[simple_evoting.Environment::untrustedOutput(int)].Non-interference contract.0 
25381      DEBUG main            d.u.i.k.p.i.IntermediateProofReplayer Proof replay took 14.1ns 
25382      DEBUG main            d.u.i.k.m.s.ProofScriptEngine [1] goal: 0, source line: 51, command: 'macro 'infflow-autopilot'' 
25469      INFO  main            d.u.i.k.p.r.p.TestFile    ... finished proof: closed. 
25657      INFO  main            d.u.i.k.p.r.p.TestFile    Now processing file /home/runner/work/key/key/key.core/../key.ui/examples/InformationFlow/SimpleEvoting/simple_evoting.Environment(simple_evoting.Environment__untrustedInput(int)).Non-interference contract.0.m.key 
25657      INFO  main            d.u.i.k.p.i.AbstractProblemLoader Loading environment from /home/runner/work/key/key/key.core/../key.ui/examples/InformationFlow/SimpleEvoting/simple_evoting.Environment(simple_evoting.Environment__untrustedInput(int)).Non-interference contract.0.m.key 
25658      DEBUG main            d.u.i.k.p.i.AbstractProblemLoader Environment load took 680.91ns 
25660      INFO  main            d.u.i.k.p.i.AbstractProblemLoader Creating init config 
29006      DEBUG main            d.u.i.k.p.i.AbstractProblemLoader Init config took 3.35s 
29087      INFO  main            d.u.i.k.p.i.AbstractProblemLoader Replaying proof simple_evoting.Environment[simple_evoting.Environment::untrustedInput(int)].Non-interference contract.0 
29090      DEBUG main            d.u.i.k.p.i.IntermediateProofReplayer Proof replay took 14.1ns 
29090      DEBUG main            d.u.i.k.m.s.ProofScriptEngine [1] goal: 0, source line: 51, command: 'macro 'infflow-autopilot'' 
29198      INFO  main            d.u.i.k.p.r.p.TestFile    ... finished proof: open goal(s) 
29345      INFO  main            d.u.i.k.p.r.p.TestFile    Now processing file /home/runner/work/key/key/key.core/../key.ui/examples/InformationFlow/SimpleEvoting/simple_evoting.Environment(simple_evoting.Environment__untrustedInput()).Non-interference contract.0.m.key 
29345      INFO  main            d.u.i.k.p.i.AbstractProblemLoader Loading environment from /home/runner/work/key/key/key.core/../key.ui/examples/InformationFlow/SimpleEvoting/simple_evoting.Environment(simple_evoting.Environment__untrustedInput()).Non-interference contract.0.m.key 
29345      DEBUG main            d.u.i.k.p.i.AbstractProblemLoader Environment load took 76ns 
29346      INFO  main            d.u.i.k.p.i.AbstractProblemLoader Creating init config 
32660      DEBUG main            d.u.i.k.p.i.AbstractProblemLoader Init config took 3.31s 
32739      INFO  main            d.u.i.k.p.i.AbstractProblemLoader Replaying proof simple_evoting.Environment[simple_evoting.Environment::untrustedInput()].Non-interference contract.0 
32743      DEBUG main            d.u.i.k.p.i.IntermediateProofReplayer Proof replay took 16.9ns 
32743      DEBUG main            d.u.i.k.m.s.ProofScriptEngine [1] goal: 0, source line: 51, command: 'macro 'infflow-autopilot'' 
32852      INFO  main            d.u.i.k.p.r.p.TestFile    ... finished proof: open goal(s) 
33011      INFO  main            d.u.i.k.p.r.p.TestFile    Now processing file /home/runner/work/key/key/key.core/../key.ui/examples/InformationFlow/SimpleEvoting/simple_evoting.SMT(simple_evoting.SMT__send(simple_evoting.Message,int,simple_evoting.Server)).Non-interference contract.1.m.key 
33011      INFO  main            d.u.i.k.p.i.AbstractProblemLoader Loading environment from /home/runner/work/key/key/key.core/../key.ui/examples/InformationFlow/SimpleEvoting/simple_evoting.SMT(simple_evoting.SMT__send(simple_evoting.Message,int,simple_evoting.Server)).Non-interference contract.1.m.key 
33011      DEBUG main            d.u.i.k.p.i.AbstractProblemLoader Environment load took 83.8ns 
33013      INFO  main            d.u.i.k.p.i.AbstractProblemLoader Creating init config 
36263      DEBUG main            d.u.i.k.p.i.AbstractProblemLoader Init config took 3.25s 
36322      INFO  main            d.u.i.k.p.i.AbstractProblemLoader Replaying proof simple_evoting.SMT[simple_evoting.SMT::send(simple_evoting.Message,int,simple_evoting.Server)].Non-interference contract.1 
36324      DEBUG main            d.u.i.k.p.i.IntermediateProofReplayer Proof replay took 16.2ns 
36325      DEBUG main            d.u.i.k.m.s.ProofScriptEngine [1] goal: 0, source line: 51, command: 'macro 'infflow-autopilot'' 
36392      DEBUG main            d.u.i.k.p.m.ProofCorrectnessMgt No justification found for rule Class_invariant_axiom_for_simple_evoting_Server 
36401      DEBUG main            d.u.i.k.p.m.ProofCorrectnessMgt No justification found for rule Class_invariant_axiom_for_simple_evoting_Message 
36442      DEBUG main            d.u.i.k.p.m.ProofCorrectnessMgt No justification found for rule JML_represents_clause_for_simple_evoting_Environment_rep 
36672      DEBUG main            d.u.i.k.p.m.ProofCorrectnessMgt No justification found for rule Class_invariant_axiom_for_simple_evoting_Server 
36750      DEBUG main            d.u.i.k.p.m.ProofCorrectnessMgt No justification found for rule Class_invariant_axiom_for_simple_evoting_Message 
36777      DEBUG main            d.u.i.k.p.m.ProofCorrectnessMgt No justification found for rule Class_invariant_axiom_for_simple_evoting_Server 
36812      DEBUG main            d.u.i.k.p.m.ProofCorrectnessMgt No justification found for rule Class_invariant_axiom_for_simple_evoting_Message 
37781      DEBUG main            d.u.i.k.p.m.ProofCorrectnessMgt No justification found for rule Class_invariant_axiom_for_simple_evoting_Server 
37926      DEBUG main            d.u.i.k.p.m.ProofCorrectnessMgt No justification found for rule Class_invariant_axiom_for_simple_evoting_Message 
38047      DEBUG main            d.u.i.k.p.m.ProofCorrectnessMgt No justification found for rule Class_invariant_axiom_for_simple_evoting_Message 
38073      DEBUG main            d.u.i.k.p.m.ProofCorrectnessMgt No justification found for rule Class_invariant_axiom_for_simple_evoting_Server 
38125      DEBUG main            d.u.i.k.p.m.ProofCorrectnessMgt No justification found for rule Class_invariant_axiom_for_simple_evoting_Message 
38139      DEBUG main            d.u.i.k.p.m.ProofCorrectnessMgt No justification found for rule Class_invariant_axiom_for_simple_evoting_Message 
38156      DEBUG main            d.u.i.k.p.m.ProofCorrectnessMgt No justification found for rule Class_invariant_axiom_for_simple_evoting_Server 
38205      DEBUG main            d.u.i.k.p.m.ProofCorrectnessMgt No justification found for rule Class_invariant_axiom_for_simple_evoting_Server 
38442      DEBUG main            d.u.i.k.p.m.ProofCorrectnessMgt No justification found for rule Class_invariant_axiom_for_simple_evoting_Message 
38466      DEBUG main            d.u.i.k.p.m.ProofCorrectnessMgt No justification found for rule Class_invariant_axiom_for_simple_evoting_Server 
38507      DEBUG main            d.u.i.k.p.m.ProofCorrectnessMgt No justification found for rule Class_invariant_axiom_for_simple_evoting_Server 
38555      DEBUG main            d.u.i.k.p.m.ProofCorrectnessMgt No justification found for rule Class_invariant_axiom_for_simple_evoting_Message 
38587      DEBUG main            d.u.i.k.p.m.ProofCorrectnessMgt No justification found for rule Class_invariant_axiom_for_simple_evoting_Server 
38617      DEBUG main            d.u.i.k.p.m.ProofCorrectnessMgt No justification found for rule Class_invariant_axiom_for_simple_evoting_Server 
38687      DEBUG main            d.u.i.k.p.m.ProofCorrectnessMgt No justification found for rule Class_invariant_axiom_for_simple_evoting_Server 
38748      DEBUG main            d.u.i.k.p.m.ProofCorrectnessMgt No justification found for rule Class_invariant_axiom_for_simple_evoting_Message 
38814      DEBUG main            d.u.i.k.p.m.ProofCorrectnessMgt No justification found for rule Class_invariant_axiom_for_simple_evoting_Server 
38876      DEBUG main            d.u.i.k.p.m.ProofCorrectnessMgt No justification found for rule Class_invariant_axiom_for_simple_evoting_Server 
38922      DEBUG main            d.u.i.k.p.m.ProofCorrectnessMgt No justification found for rule Class_invariant_axiom_for_simple_evoting_Message 
38939      DEBUG main            d.u.i.k.p.m.ProofCorrectnessMgt No justification found for rule Class_invariant_axiom_for_simple_evoting_Message 
38970      DEBUG main            d.u.i.k.p.m.ProofCorrectnessMgt No justification found for rule Class_invariant_axiom_for_simple_evoting_Server 
39032      DEBUG main            d.u.i.k.p.m.ProofCorrectnessMgt No justification found for rule Class_invariant_axiom_for_simple_evoting_Message 
39057      DEBUG main            d.u.i.k.p.m.ProofCorrectnessMgt No justification found for rule Class_invariant_axiom_for_simple_evoting_Message 
39099      DEBUG main            d.u.i.k.p.m.ProofCorrectnessMgt No justification found for rule Class_invariant_axiom_for_simple_evoting_Server 
39192      DEBUG main            d.u.i.k.p.m.ProofCorrectnessMgt No justification found for rule Class_invariant_axiom_for_simple_evoting_Message 
39223      DEBUG main            d.u.i.k.p.m.ProofCorrectnessMgt No justification found for rule Class_invariant_axiom_for_simple_evoting_Server 
39301      DEBUG main            d.u.i.k.p.m.ProofCorrectnessMgt No justification found for rule Class_invariant_axiom_for_simple_evoting_Message 
39335      DEBUG main            d.u.i.k.p.m.ProofCorrectnessMgt No justification found for rule Class_invariant_axiom_for_simple_evoting_Server 
39401      DEBUG main            d.u.i.k.p.m.ProofCorrectnessMgt No justification found for rule Class_invariant_axiom_for_simple_evoting_Message 
39427      DEBUG main            d.u.i.k.p.m.ProofCorrectnessMgt No justification found for rule Class_invariant_axiom_for_simple_evoting_Server 
39484      DEBUG main            d.u.i.k.p.m.ProofCorrectnessMgt No justification found for rule Class_invariant_axiom_for_simple_evoting_Message 
39548      DEBUG main            d.u.i.k.p.m.ProofCorrectnessMgt No justification found for rule Class_invariant_axiom_for_simple_evoting_Server 
39636      DEBUG main            d.u.i.k.p.m.ProofCorrectnessMgt No justification found for rule Class_invariant_axiom_for_simple_evoting_Server 
39713      DEBUG main            d.u.i.k.p.m.ProofCorrectnessMgt No justification found for rule Class_invariant_axiom_for_simple_evoting_Message 
39745      DEBUG main            d.u.i.k.p.m.ProofCorrectnessMgt No justification found for rule Class_invariant_axiom_for_simple_evoting_Message 
40698      DEBUG main            d.u.i.k.p.m.ProofCorrectnessMgt No justification found for rule JML_represents_clause_for_simple_evoting_Environment_rep 
40736      DEBUG main            d.u.i.k.p.m.ProofCorrectnessMgt No justification found for rule Class_invariant_axiom_for_simple_evoting_Message 
40815      DEBUG main            d.u.i.k.p.m.ProofCorrectnessMgt No justification found for rule Class_invariant_axiom_for_simple_evoting_Message 
40850      DEBUG main            d.u.i.k.p.m.ProofCorrectnessMgt No justification found for rule Class_invariant_axiom_for_simple_evoting_Message 
40888      DEBUG main            d.u.i.k.p.m.ProofCorrectnessMgt No justification found for rule Class_invariant_axiom_for_simple_evoting_Message 
40922      DEBUG main            d.u.i.k.p.m.ProofCorrectnessMgt No justification found for rule Class_invariant_axiom_for_simple_evoting_Message 
40960      DEBUG main            d.u.i.k.p.m.ProofCorrectnessMgt No justification found for rule Class_invariant_axiom_for_simple_evoting_Message 
40993      DEBUG main            d.u.i.k.p.m.ProofCorrectnessMgt No justification found for rule Class_invariant_axiom_for_simple_evoting_Message 
41031      DEBUG main            d.u.i.k.p.m.ProofCorrectnessMgt No justification found for rule Class_invariant_axiom_for_simple_evoting_Message 
41064      DEBUG main            d.u.i.k.p.m.ProofCorrectnessMgt No justification found for rule Class_invariant_axiom_for_simple_evoting_Message 
41102      DEBUG main            d.u.i.k.p.m.ProofCorrectnessMgt No justification found for rule Class_invariant_axiom_for_simple_evoting_Message 
41161      DEBUG main            d.u.i.k.p.m.ProofCorrectnessMgt No justification found for rule Class_invariant_axiom_for_simple_evoting_Message 
41352      DEBUG main            d.u.i.k.p.m.ProofCorrectnessMgt No justification found for rule Class_invariant_axiom_for_simple_evoting_Server 
41439      DEBUG main            d.u.i.k.p.m.ProofCorrectnessMgt No justification found for rule Class_invariant_axiom_for_simple_evoting_Server 
41518      DEBUG main            d.u.i.k.p.m.ProofCorrectnessMgt No justification found for rule Class_invariant_axiom_for_simple_evoting_Server 
41576      DEBUG main            d.u.i.k.p.m.ProofCorrectnessMgt No justification found for rule Class_invariant_axiom_for_simple_evoting_Server 
41646      DEBUG main            d.u.i.k.p.m.ProofCorrectnessMgt No justification found for rule Class_invariant_axiom_for_simple_evoting_Server 
41716      DEBUG main            d.u.i.k.p.m.ProofCorrectnessMgt No justification found for rule Class_invariant_axiom_for_simple_evoting_Server 
41776      DEBUG main            d.u.i.k.p.m.ProofCorrectnessMgt No justification found for rule Class_invariant_axiom_for_simple_evoting_Server 
41850      DEBUG main            d.u.i.k.p.m.ProofCorrectnessMgt No justification found for rule Class_invariant_axiom_for_simple_evoting_Server 
41912      DEBUG main            d.u.i.k.p.m.ProofCorrectnessMgt No justification found for rule Class_invariant_axiom_for_simple_evoting_Server 
42027      DEBUG main            d.u.i.k.p.m.ProofCorrectnessMgt No justification found for rule Class_invariant_axiom_for_simple_evoting_Server 
42130      DEBUG main            d.u.i.k.p.m.ProofCorrectnessMgt No justification found for rule Class_invariant_axiom_for_simple_evoting_Server 
42206      DEBUG main            d.u.i.k.p.m.ProofCorrectnessMgt No justification found for rule Class_invariant_axiom_for_simple_evoting_Server 
56522      DEBUG main            d.u.i.k.p.m.ProofCorrectnessMgt No justification found for rule Class_invariant_axiom_for_simple_evoting_Message 
56626      DEBUG main            d.u.i.k.p.m.ProofCorrectnessMgt No justification found for rule Class_invariant_axiom_for_simple_evoting_Server 
56705      DEBUG main            d.u.i.k.p.m.ProofCorrectnessMgt No justification found for rule Class_invariant_axiom_for_simple_evoting_Server 
56749      DEBUG main            d.u.i.k.p.m.ProofCorrectnessMgt No justification found for rule Class_invariant_axiom_for_simple_evoting_Message 
56810      DEBUG main            d.u.i.k.p.m.ProofCorrectnessMgt No justification found for rule Class_invariant_axiom_for_simple_evoting_Server 
56851      DEBUG main            d.u.i.k.p.m.ProofCorrectnessMgt No justification found for rule Class_invariant_axiom_for_simple_evoting_Message 
76633      INFO  main            d.u.i.k.p.r.p.TestFile    ... finished proof: closed. 
77005      INFO  main            d.u.i.k.p.r.p.TestFile    Now processing file /home/runner/work/key/key/key.core/../key.ui/examples/InformationFlow/SimpleEvoting/simple_evoting.SMT(simple_evoting.SMT__send(simple_evoting.Message,int,simple_evoting.Server)).Non-interference contract.0.m.key 
77005      INFO  main            d.u.i.k.p.i.AbstractProblemLoader Loading environment from /home/runner/work/key/key/key.core/../key.ui/examples/InformationFlow/SimpleEvoting/simple_evoting.SMT(simple_evoting.SMT__send(simple_evoting.Message,int,simple_evoting.Server)).Non-interference contract.0.m.key 
77005      DEBUG main            d.u.i.k.p.i.AbstractProblemLoader Environment load took 79.3ns 
77007      INFO  main            d.u.i.k.p.i.AbstractProblemLoader Creating init config 
80168      DEBUG main            d.u.i.k.p.i.AbstractProblemLoader Init config took 3.16s 
80225      INFO  main            d.u.i.k.p.i.AbstractProblemLoader Replaying proof simple_evoting.SMT[simple_evoting.SMT::send(simple_evoting.Message,int,simple_evoting.Server)].Non-interference contract.0 
80231      DEBUG main            d.u.i.k.p.i.IntermediateProofReplayer Proof replay took 16ns 
80231      DEBUG main            d.u.i.k.m.s.ProofScriptEngine [1] goal: 0, source line: 51, command: 'macro 'infflow-autopilot'' 
80293      DEBUG main            d.u.i.k.p.m.ProofCorrectnessMgt No justification found for rule Class_invariant_axiom_for_simple_evoting_Server 
80300      DEBUG main            d.u.i.k.p.m.ProofCorrectnessMgt No justification found for rule Class_invariant_axiom_for_simple_evoting_Message 
80347      DEBUG main            d.u.i.k.p.m.ProofCorrectnessMgt No justification found for rule JML_represents_clause_for_simple_evoting_Environment_rep 
80554      DEBUG main            d.u.i.k.p.m.ProofCorrectnessMgt No justification found for rule Class_invariant_axiom_for_simple_evoting_Server 
80628      DEBUG main            d.u.i.k.p.m.ProofCorrectnessMgt No justification found for rule Class_invariant_axiom_for_simple_evoting_Message 
80653      DEBUG main            d.u.i.k.p.m.ProofCorrectnessMgt No justification found for rule Class_invariant_axiom_for_simple_evoting_Message 
80662      DEBUG main            d.u.i.k.p.m.ProofCorrectnessMgt No justification found for rule Class_invariant_axiom_for_simple_evoting_Server 
81610      DEBUG main            d.u.i.k.p.m.ProofCorrectnessMgt No justification found for rule Class_invariant_axiom_for_simple_evoting_Server 
81744      DEBUG main            d.u.i.k.p.m.ProofCorrectnessMgt No justification found for rule Class_invariant_axiom_for_simple_evoting_Message 
81804      DEBUG main            d.u.i.k.p.m.ProofCorrectnessMgt No justification found for rule Class_invariant_axiom_for_simple_evoting_Message 
81825      DEBUG main            d.u.i.k.p.m.ProofCorrectnessMgt No justification found for rule Class_invariant_axiom_for_simple_evoting_Server 
81886      DEBUG main            d.u.i.k.p.m.ProofCorrectnessMgt No justification found for rule Class_invariant_axiom_for_simple_evoting_Server 
81953      DEBUG main            d.u.i.k.p.m.ProofCorrectnessMgt No justification found for rule Class_invariant_axiom_for_simple_evoting_Message 
81976      DEBUG main            d.u.i.k.p.m.ProofCorrectnessMgt No justification found for rule Class_invariant_axiom_for_simple_evoting_Server 
82259      DEBUG main            d.u.i.k.p.m.ProofCorrectnessMgt No justification found for rule Class_invariant_axiom_for_simple_evoting_Message 
82282      DEBUG main            d.u.i.k.p.m.ProofCorrectnessMgt No justification found for rule Class_invariant_axiom_for_simple_evoting_Message 
82299      DEBUG main            d.u.i.k.p.m.ProofCorrectnessMgt No justification found for rule Class_invariant_axiom_for_simple_evoting_Server 
82360      DEBUG main            d.u.i.k.p.m.ProofCorrectnessMgt No justification found for rule Class_invariant_axiom_for_simple_evoting_Message 
82383      DEBUG main            d.u.i.k.p.m.ProofCorrectnessMgt No justification found for rule Class_invariant_axiom_for_simple_evoting_Message 
82403      DEBUG main            d.u.i.k.p.m.ProofCorrectnessMgt No justification found for rule Class_invariant_axiom_for_simple_evoting_Server 
82449      DEBUG main            d.u.i.k.p.m.ProofCorrectnessMgt No justification found for rule Class_invariant_axiom_for_simple_evoting_Message 
82469      DEBUG main            d.u.i.k.p.m.ProofCorrectnessMgt No justification found for rule Class_invariant_axiom_for_simple_evoting_Message 
82495      DEBUG main            d.u.i.k.p.m.ProofCorrectnessMgt No justification found for rule Class_invariant_axiom_for_simple_evoting_Server 
82556      DEBUG main            d.u.i.k.p.m.ProofCorrectnessMgt No justification found for rule Class_invariant_axiom_for_simple_evoting_Server 
82588      DEBUG main            d.u.i.k.p.m.ProofCorrectnessMgt No justification found for rule Class_invariant_axiom_for_simple_evoting_Message 
82609      DEBUG main            d.u.i.k.p.m.ProofCorrectnessMgt No justification found for rule Class_invariant_axiom_for_simple_evoting_Server 
82660      DEBUG main            d.u.i.k.p.m.ProofCorrectnessMgt No justification found for rule Class_invariant_axiom_for_simple_evoting_Server 
82704      DEBUG main            d.u.i.k.p.m.ProofCorrectnessMgt No justification found for rule Class_invariant_axiom_for_simple_evoting_Server 
82732      DEBUG main            d.u.i.k.p.m.ProofCorrectnessMgt No justification found for rule Class_invariant_axiom_for_simple_evoting_Server 
82772      DEBUG main            d.u.i.k.p.m.ProofCorrectnessMgt No justification found for rule Class_invariant_axiom_for_simple_evoting_Server 
82859      DEBUG main            d.u.i.k.p.m.ProofCorrectnessMgt No justification found for rule Class_invariant_axiom_for_simple_evoting_Server 
82935      DEBUG main            d.u.i.k.p.m.ProofCorrectnessMgt No justification found for rule Class_invariant_axiom_for_simple_evoting_Message 
82962      DEBUG main            d.u.i.k.p.m.ProofCorrectnessMgt No justification found for rule Class_invariant_axiom_for_simple_evoting_Message 
82984      DEBUG main            d.u.i.k.p.m.ProofCorrectnessMgt No justification found for rule Class_invariant_axiom_for_simple_evoting_Message 
83016      DEBUG main            d.u.i.k.p.m.ProofCorrectnessMgt No justification found for rule Class_invariant_axiom_for_simple_evoting_Server 
83087      DEBUG main            d.u.i.k.p.m.ProofCorrectnessMgt No justification found for rule Class_invariant_axiom_for_simple_evoting_Message 
83113      DEBUG main            d.u.i.k.p.m.ProofCorrectnessMgt No justification found for rule Class_invariant_axiom_for_simple_evoting_Server 
83338      DEBUG main            d.u.i.k.p.m.ProofCorrectnessMgt No justification found for rule Class_invariant_axiom_for_simple_evoting_Server 
83418      DEBUG main            d.u.i.k.p.m.ProofCorrectnessMgt No justification found for rule Class_invariant_axiom_for_simple_evoting_Message 
83448      DEBUG main            d.u.i.k.p.m.ProofCorrectnessMgt No justification found for rule Class_invariant_axiom_for_simple_evoting_Message 
83473      DEBUG main            d.u.i.k.p.m.ProofCorrectnessMgt No justification found for rule Class_invariant_axiom_for_simple_evoting_Message 
83508      DEBUG main            d.u.i.k.p.m.ProofCorrectnessMgt No justification found for rule Class_invariant_axiom_for_simple_evoting_Message 
83539      DEBUG main            d.u.i.k.p.m.ProofCorrectnessMgt No justification found for rule Class_invariant_axiom_for_simple_evoting_Server 
83597      DEBUG main            d.u.i.k.p.m.ProofCorrectnessMgt No justification found for rule Class_invariant_axiom_for_simple_evoting_Server 
83640      DEBUG main            d.u.i.k.p.m.ProofCorrectnessMgt No justification found for rule Class_invariant_axiom_for_simple_evoting_Server 
84423      DEBUG main            d.u.i.k.p.m.ProofCorrectnessMgt No justification found for rule JML_represents_clause_for_simple_evoting_Environment_rep 
84541      DEBUG main            d.u.i.k.p.m.ProofCorrectnessMgt No justification found for rule Class_invariant_axiom_for_simple_evoting_Message 
84579      DEBUG main            d.u.i.k.p.m.ProofCorrectnessMgt No justification found for rule Class_invariant_axiom_for_simple_evoting_Message 
84613      DEBUG main            d.u.i.k.p.m.ProofCorrectnessMgt No justification found for rule Class_invariant_axiom_for_simple_evoting_Message 
84649      DEBUG main            d.u.i.k.p.m.ProofCorrectnessMgt No justification found for rule Class_invariant_axiom_for_simple_evoting_Message 
84683      DEBUG main            d.u.i.k.p.m.ProofCorrectnessMgt No justification found for rule Class_invariant_axiom_for_simple_evoting_Message 
84719      DEBUG main            d.u.i.k.p.m.ProofCorrectnessMgt No justification found for rule Class_invariant_axiom_for_simple_evoting_Message 
84752      DEBUG main            d.u.i.k.p.m.ProofCorrectnessMgt No justification found for rule Class_invariant_axiom_for_simple_evoting_Message 
84789      DEBUG main            d.u.i.k.p.m.ProofCorrectnessMgt No justification found for rule Class_invariant_axiom_for_simple_evoting_Message 
84821      DEBUG main            d.u.i.k.p.m.ProofCorrectnessMgt No justification found for rule Class_invariant_axiom_for_simple_evoting_Message 
84858      DEBUG main            d.u.i.k.p.m.ProofCorrectnessMgt No justification found for rule Class_invariant_axiom_for_simple_evoting_Message 
85110      DEBUG main            d.u.i.k.p.m.ProofCorrectnessMgt No justification found for rule Class_invariant_axiom_for_simple_evoting_Server 
85185      DEBUG main            d.u.i.k.p.m.ProofCorrectnessMgt No justification found for rule Class_invariant_axiom_for_simple_evoting_Server 
85262      DEBUG main            d.u.i.k.p.m.ProofCorrectnessMgt No justification found for rule Class_invariant_axiom_for_simple_evoting_Server 
85321      DEBUG main            d.u.i.k.p.m.ProofCorrectnessMgt No justification found for rule Class_invariant_axiom_for_simple_evoting_Server 
85393      DEBUG main            d.u.i.k.p.m.ProofCorrectnessMgt No justification found for rule Class_invariant_axiom_for_simple_evoting_Server 
85451      DEBUG main            d.u.i.k.p.m.ProofCorrectnessMgt No justification found for rule Class_invariant_axiom_for_simple_evoting_Server 
85521      DEBUG main            d.u.i.k.p.m.ProofCorrectnessMgt No justification found for rule Class_invariant_axiom_for_simple_evoting_Server 
85575      DEBUG main            d.u.i.k.p.m.ProofCorrectnessMgt No justification found for rule Class_invariant_axiom_for_simple_evoting_Server 
85646      DEBUG main            d.u.i.k.p.m.ProofCorrectnessMgt No justification found for rule Class_invariant_axiom_for_simple_evoting_Server 
85703      DEBUG main            d.u.i.k.p.m.ProofCorrectnessMgt No justification found for rule Class_invariant_axiom_for_simple_evoting_Server 
98882      DEBUG main            d.u.i.k.p.m.ProofCorrectnessMgt No justification found for rule Class_invariant_axiom_for_simple_evoting_Message 
98936      DEBUG main            d.u.i.k.p.m.ProofCorrectnessMgt No justification found for rule Class_invariant_axiom_for_simple_evoting_Server 
99012      DEBUG main            d.u.i.k.p.m.ProofCorrectnessMgt No justification found for rule Class_invariant_axiom_for_simple_evoting_Message 
99039      DEBUG main            d.u.i.k.p.m.ProofCorrectnessMgt No justification found for rule Class_invariant_axiom_for_simple_evoting_Server 
99103      DEBUG main            d.u.i.k.p.m.ProofCorrectnessMgt No justification found for rule Class_invariant_axiom_for_simple_evoting_Message 
99127      DEBUG main            d.u.i.k.p.m.ProofCorrectnessMgt No justification found for rule Class_invariant_axiom_for_simple_evoting_Server 
121061     INFO  main            d.u.i.k.p.r.p.TestFile    ... finished proof: closed. 
121392     INFO  main            d.u.i.k.p.r.p.TestFile    Now processing file /home/runner/work/key/key/key.core/../key.ui/examples/InformationFlow/SimpleEvoting/simple_evoting.SMTEnv(simple_evoting.SMTEnv__send(int,int,int,simple_evoting.Server,int)).Non-interference contract.0.m.key 
121392     INFO  main            d.u.i.k.p.i.AbstractProblemLoader Loading environment from /home/runner/work/key/key/key.core/../key.ui/examples/InformationFlow/SimpleEvoting/simple_evoting.SMTEnv(simple_evoting.SMTEnv__send(int,int,int,simple_evoting.Server,int)).Non-interference contract.0.m.key 
121393     DEBUG main            d.u.i.k.p.i.AbstractProblemLoader Environment load took 64.7ns 
121394     INFO  main            d.u.i.k.p.i.AbstractProblemLoader Creating init config 
124593     DEBUG main            d.u.i.k.p.i.AbstractProblemLoader Init config took 3.2s 
124651     INFO  main            d.u.i.k.p.i.AbstractProblemLoader Replaying proof simple_evoting.SMTEnv[simple_evoting.SMTEnv::send(int,int,int,simple_evoting.Server,int)].Non-interference contract.0 
124653     DEBUG main            d.u.i.k.p.i.IntermediateProofReplayer Proof replay took 15.5ns 
124654     DEBUG main            d.u.i.k.m.s.ProofScriptEngine [1] goal: 0, source line: 51, command: 'macro 'infflow-autopilot'' 
124706     DEBUG main            d.u.i.k.p.m.ProofCorrectnessMgt No justification found for rule JML_represents_clause_for_simple_evoting_Environment_rep 
124720     DEBUG main            d.u.i.k.p.m.ProofCorrectnessMgt No justification found for rule JML_represents_clause_for_simple_evoting_Environment_rep 
124734     DEBUG main            d.u.i.k.p.m.ProofCorrectnessMgt No justification found for rule JML_represents_clause_for_simple_evoting_Environment_rep 
124748     DEBUG main            d.u.i.k.p.m.ProofCorrectnessMgt No justification found for rule JML_represents_clause_for_simple_evoting_Environment_rep 
124762     DEBUG main            d.u.i.k.p.m.ProofCorrectnessMgt No justification found for rule JML_represents_clause_for_simple_evoting_Environment_rep 
124812     DEBUG main            d.u.i.k.p.m.ProofCorrectnessMgt No justification found for rule JML_represents_clause_for_simple_evoting_Environment_rep 
125989     INFO  main            d.u.i.k.p.r.p.TestFile    ... finished proof: closed. 
126272     INFO  main            d.u.i.k.p.r.p.TestFile    Now processing file /home/runner/work/key/key/key.core/../key.ui/examples/InformationFlow/SimpleEvoting/simple_evoting.NetworkClient(simple_evoting.NetworkClient__send((B,simple_evoting.Server,int)).Non-interference contract.0.m.key 
126273     INFO  main            d.u.i.k.p.i.AbstractProblemLoader Loading environment from /home/runner/work/key/key/key.core/../key.ui/examples/InformationFlow/SimpleEvoting/simple_evoting.NetworkClient(simple_evoting.NetworkClient__send((B,simple_evoting.Server,int)).Non-interference contract.0.m.key 
126273     DEBUG main            d.u.i.k.p.i.AbstractProblemLoader Environment load took 68.2ns 
126277     INFO  main            d.u.i.k.p.i.AbstractProblemLoader Creating init config 
129486     DEBUG main            d.u.i.k.p.i.AbstractProblemLoader Init config took 3.21s 
129546     INFO  main            d.u.i.k.p.i.AbstractProblemLoader Replaying proof simple_evoting.NetworkClient[simple_evoting.NetworkClient::send([B,simple_evoting.Server,int)].Non-interference contract.0 
129550     DEBUG main            d.u.i.k.p.i.IntermediateProofReplayer Proof replay took 16.3ns 
129551     DEBUG main            d.u.i.k.m.s.ProofScriptEngine [1] goal: 0, source line: 51, command: 'macro 'infflow-autopilot'' 
129612     DEBUG main            d.u.i.k.p.m.ProofCorrectnessMgt No justification found for rule JML_represents_clause_for_simple_evoting_Environment_rep 
129631     DEBUG main            d.u.i.k.p.m.ProofCorrectnessMgt No justification found for rule JML_represents_clause_for_simple_evoting_Environment_rep 
129644     DEBUG main            d.u.i.k.p.m.ProofCorrectnessMgt No justification found for rule JML_represents_clause_for_simple_evoting_Environment_rep 
130609     INFO  main            d.u.i.k.p.r.p.TestFile    ... finished proof: closed. 
130822     INFO  main            d.u.i.k.p.r.p.TestFile    Now processing file /home/runner/work/key/key/key.core/../key.ui/examples/InformationFlow/SimpleEvoting/simple_evoting.Voter(simple_evoting.Voter__onSendBallot(simple_evoting.Server)).Non-interference contract.1.m.key 
130822     INFO  main            d.u.i.k.p.i.AbstractProblemLoader Loading environment from /home/runner/work/key/key/key.core/../key.ui/examples/InformationFlow/SimpleEvoting/simple_evoting.Voter(simple_evoting.Voter__onSendBallot(simple_evoting.Server)).Non-interference contract.1.m.key 
130822     DEBUG main            d.u.i.k.p.i.AbstractProblemLoader Environment load took 62.7ns 
130824     INFO  main            d.u.i.k.p.i.AbstractProblemLoader Creating init config 
134099     DEBUG main            d.u.i.k.p.i.AbstractProblemLoader Init config took 3.27s 
134151     INFO  main            d.u.i.k.p.i.AbstractProblemLoader Replaying proof simple_evoting.Voter[simple_evoting.Voter::onSendBallot(simple_evoting.Server)].Non-interference contract.1 
134153     DEBUG main            d.u.i.k.p.i.IntermediateProofReplayer Proof replay took 14.8ns 
134154     DEBUG main            d.u.i.k.m.s.ProofScriptEngine [1] goal: 0, source line: 51, command: 'macro 'infflow-autopilot'' 
134192     DEBUG main            d.u.i.k.p.m.ProofCorrectnessMgt No justification found for rule Class_invariant_axiom_for_simple_evoting_Voter 
134195     DEBUG main            d.u.i.k.p.m.ProofCorrectnessMgt No justification found for rule Class_invariant_axiom_for_simple_evoting_Server 
134710     DEBUG main            d.u.i.k.p.m.ProofCorrectnessMgt No justification found for rule Class_invariant_axiom_for_simple_evoting_Message 
134757     DEBUG main            d.u.i.k.p.m.ProofCorrectnessMgt No justification found for rule Class_invariant_axiom_for_simple_evoting_Server 
134882     DEBUG main            d.u.i.k.p.m.ProofCorrectnessMgt No justification found for rule Class_invariant_axiom_for_simple_evoting_Message 
134928     DEBUG main            d.u.i.k.p.m.ProofCorrectnessMgt No justification found for rule Class_invariant_axiom_for_simple_evoting_Server 
137326     DEBUG main            d.u.i.k.p.m.ProofCorrectnessMgt No justification found for rule JML_represents_clause_for_simple_evoting_Environment_rep 
137333     DEBUG main            d.u.i.k.p.m.ProofCorrectnessMgt No justification found for rule JML_represents_clause_for_simple_evoting_Environment_rep 
137392     DEBUG main            d.u.i.k.p.m.ProofCorrectnessMgt No justification found for rule JML_represents_clause_for_simple_evoting_Environment_rep 
137406     DEBUG main            d.u.i.k.p.m.ProofCorrectnessMgt No justification found for rule JML_represents_clause_for_simple_evoting_Environment_rep 
137417     DEBUG main            d.u.i.k.p.m.ProofCorrectnessMgt No justification found for rule JML_represents_clause_for_simple_evoting_Environment_rep 
137438     DEBUG main            d.u.i.k.p.m.ProofCorrectnessMgt No justification found for rule JML_represents_clause_for_simple_evoting_Environment_rep 
137445     DEBUG main            d.u.i.k.p.m.ProofCorrectnessMgt No justification found for rule JML_represents_clause_for_simple_evoting_Environment_rep 
137465     DEBUG main            d.u.i.k.p.m.ProofCorrectnessMgt No justification found for rule JML_represents_clause_for_simple_evoting_Environment_rep 
137471     DEBUG main            d.u.i.k.p.m.ProofCorrectnessMgt No justification found for rule JML_represents_clause_for_simple_evoting_Environment_rep 
137478     DEBUG main            d.u.i.k.p.m.ProofCorrectnessMgt No justification found for rule JML_represents_clause_for_simple_evoting_Environment_rep 
137497     DEBUG main            d.u.i.k.p.m.ProofCorrectnessMgt No justification found for rule JML_represents_clause_for_simple_evoting_Environment_rep 
137504     DEBUG main            d.u.i.k.p.m.ProofCorrectnessMgt No justification found for rule JML_represents_clause_for_simple_evoting_Environment_rep 
137516     DEBUG main            d.u.i.k.p.m.ProofCorrectnessMgt No justification found for rule JML_represents_clause_for_simple_evoting_Environment_rep 
137522     DEBUG main            d.u.i.k.p.m.ProofCorrectnessMgt No justification found for rule JML_represents_clause_for_simple_evoting_Environment_rep 
137541     DEBUG main            d.u.i.k.p.m.ProofCorrectnessMgt No justification found for rule Class_invariant_axiom_for_simple_evoting_Server 
137864     DEBUG main            d.u.i.k.p.m.ProofCorrectnessMgt No justification found for rule Class_invariant_axiom_for_simple_evoting_Server 
138123     DEBUG main            d.u.i.k.p.m.ProofCorrectnessMgt No justification found for rule Class_invariant_axiom_for_simple_evoting_Message 
138223     DEBUG main            d.u.i.k.p.m.ProofCorrectnessMgt No justification found for rule Class_invariant_axiom_for_simple_evoting_Server 
138411     DEBUG main            d.u.i.k.p.m.ProofCorrectnessMgt No justification found for rule Class_invariant_axiom_for_simple_evoting_Message 
138470     DEBUG main            d.u.i.k.p.m.ProofCorrectnessMgt No justification found for rule Class_invariant_axiom_for_simple_evoting_Server 
138768     DEBUG main            d.u.i.k.p.m.ProofCorrectnessMgt No justification found for rule Class_invariant_axiom_for_simple_evoting_Message 
138919     DEBUG main            d.u.i.k.p.m.ProofCorrectnessMgt No justification found for rule Class_invariant_axiom_for_simple_evoting_Message 
139041     DEBUG main            d.u.i.k.p.m.ProofCorrectnessMgt No justification found for rule Class_invariant_axiom_for_simple_evoting_Server 
139342     DEBUG main            d.u.i.k.p.m.ProofCorrectnessMgt No justification found for rule Class_invariant_axiom_for_simple_evoting_Message 
139455     DEBUG main            d.u.i.k.p.m.ProofCorrectnessMgt No justification found for rule Class_invariant_axiom_for_simple_evoting_Server 
139765     DEBUG main            d.u.i.k.p.m.ProofCorrectnessMgt No justification found for rule Class_invariant_axiom_for_simple_evoting_Message 
139882     DEBUG main            d.u.i.k.p.m.ProofCorrectnessMgt No justification found for rule Class_invariant_axiom_for_simple_evoting_Message 
140047     DEBUG main            d.u.i.k.p.m.ProofCorrectnessMgt No justification found for rule Class_invariant_axiom_for_simple_evoting_Server 
140366     DEBUG main            d.u.i.k.p.m.ProofCorrectnessMgt No justification found for rule Class_invariant_axiom_for_simple_evoting_Server 
140663     DEBUG main            d.u.i.k.p.m.ProofCorrectnessMgt No justification found for rule Class_invariant_axiom_for_simple_evoting_Message 
140819     DEBUG main            d.u.i.k.p.m.ProofCorrectnessMgt No justification found for rule Class_invariant_axiom_for_simple_evoting_Message 
141092     DEBUG main            d.u.i.k.p.m.ProofCorrectnessMgt No justification found for rule Class_invariant_axiom_for_simple_evoting_Message 
141164     DEBUG main            d.u.i.k.p.m.ProofCorrectnessMgt No justification found for rule Class_invariant_axiom_for_simple_evoting_Message 
141272     DEBUG main            d.u.i.k.p.m.ProofCorrectnessMgt No justification found for rule Class_invariant_axiom_for_simple_evoting_Message 
141369     DEBUG main            d.u.i.k.p.m.ProofCorrectnessMgt No justification found for rule Class_invariant_axiom_for_simple_evoting_Message 
141469     DEBUG main            d.u.i.k.p.m.ProofCorrectnessMgt No justification found for rule Class_invariant_axiom_for_simple_evoting_Server 
141764     DEBUG main            d.u.i.k.p.m.ProofCorrectnessMgt No justification found for rule Class_invariant_axiom_for_simple_evoting_Message 
141867     DEBUG main            d.u.i.k.p.m.ProofCorrectnessMgt No justification found for rule Class_invariant_axiom_for_simple_evoting_Message 
141980     DEBUG main            d.u.i.k.p.m.ProofCorrectnessMgt No justification found for rule Class_invariant_axiom_for_simple_evoting_Message 
142135     DEBUG main            d.u.i.k.p.m.ProofCorrectnessMgt No justification found for rule Class_invariant_axiom_for_simple_evoting_Server 
142415     DEBUG main            d.u.i.k.p.m.ProofCorrectnessMgt No justification found for rule Class_invariant_axiom_for_simple_evoting_Server 
142678     DEBUG main            d.u.i.k.p.m.ProofCorrectnessMgt No justification found for rule Class_invariant_axiom_for_simple_evoting_Message 
144069     DEBUG main            d.u.i.k.p.m.ProofCorrectnessMgt No justification found for rule Class_invariant_axiom_for_simple_evoting_Server 
144252     DEBUG main            d.u.i.k.p.m.ProofCorrectnessMgt No justification found for rule Class_invariant_axiom_for_simple_evoting_Server 
144432     DEBUG main            d.u.i.k.p.m.ProofCorrectnessMgt No justification found for rule Class_invariant_axiom_for_simple_evoting_Server 
144613     DEBUG main            d.u.i.k.p.m.ProofCorrectnessMgt No justification found for rule Class_invariant_axiom_for_simple_evoting_Server 
145397     DEBUG main            d.u.i.k.p.m.ProofCorrectnessMgt No justification found for rule Class_invariant_axiom_for_simple_evoting_Message 
145457     DEBUG main            d.u.i.k.p.m.ProofCorrectnessMgt No justification found for rule Class_invariant_axiom_for_simple_evoting_Server 
151110     INFO  main            d.u.i.k.p.r.p.TestFile    ... finished proof: closed. 
151399     INFO  main            d.u.i.k.p.r.p.TestFile    Now processing file /home/runner/work/key/key/key.core/../key.ui/examples/InformationFlow/SimpleEvoting/simple_evoting.Voter(simple_evoting.Voter__onSendBallot(simple_evoting.Server)).Non-interference contract.0.m.key 
151400     INFO  main            d.u.i.k.p.i.AbstractProblemLoader Loading environment from /home/runner/work/key/key/key.core/../key.ui/examples/InformationFlow/SimpleEvoting/simple_evoting.Voter(simple_evoting.Voter__onSendBallot(simple_evoting.Server)).Non-interference contract.0.m.key 
151400     DEBUG main            d.u.i.k.p.i.AbstractProblemLoader Environment load took 73.3ns 
151401     INFO  main            d.u.i.k.p.i.AbstractProblemLoader Creating init config 
154549     DEBUG main            d.u.i.k.p.i.AbstractProblemLoader Init config took 3.15s 
154601     INFO  main            d.u.i.k.p.i.AbstractProblemLoader Replaying proof simple_evoting.Voter[simple_evoting.Voter::onSendBallot(simple_evoting.Server)].Non-interference contract.0 
154603     DEBUG main            d.u.i.k.p.i.IntermediateProofReplayer Proof replay took 15.3ns 
154604     DEBUG main            d.u.i.k.m.s.ProofScriptEngine [1] goal: 0, source line: 51, command: 'macro 'infflow-autopilot'' 
154640     DEBUG main            d.u.i.k.p.m.ProofCorrectnessMgt No justification found for rule Class_invariant_axiom_for_simple_evoting_Voter 
154644     DEBUG main            d.u.i.k.p.m.ProofCorrectnessMgt No justification found for rule Class_invariant_axiom_for_simple_evoting_Server 
155119     DEBUG main            d.u.i.k.p.m.ProofCorrectnessMgt No justification found for rule Class_invariant_axiom_for_simple_evoting_Server 
155294     DEBUG main            d.u.i.k.p.m.ProofCorrectnessMgt No justification found for rule Class_invariant_axiom_for_simple_evoting_Message 
155336     DEBUG main            d.u.i.k.p.m.ProofCorrectnessMgt No justification found for rule Class_invariant_axiom_for_simple_evoting_Message 
155375     DEBUG main            d.u.i.k.p.m.ProofCorrectnessMgt No justification found for rule Class_invariant_axiom_for_simple_evoting_Server 
157804     DEBUG main            d.u.i.k.p.m.ProofCorrectnessMgt No justification found for rule JML_represents_clause_for_simple_evoting_Environment_rep 
157811     DEBUG main            d.u.i.k.p.m.ProofCorrectnessMgt No justification found for rule JML_represents_clause_for_simple_evoting_Environment_rep 
157863     DEBUG main            d.u.i.k.p.m.ProofCorrectnessMgt No justification found for rule JML_represents_clause_for_simple_evoting_Environment_rep 
157877     DEBUG main            d.u.i.k.p.m.ProofCorrectnessMgt No justification found for rule JML_represents_clause_for_simple_evoting_Environment_rep 
157883     DEBUG main            d.u.i.k.p.m.ProofCorrectnessMgt No justification found for rule JML_represents_clause_for_simple_evoting_Environment_rep 
157890     DEBUG main            d.u.i.k.p.m.ProofCorrectnessMgt No justification found for rule JML_represents_clause_for_simple_evoting_Environment_rep 
157903     DEBUG main            d.u.i.k.p.m.ProofCorrectnessMgt No justification found for rule JML_represents_clause_for_simple_evoting_Environment_rep 
157910     DEBUG main            d.u.i.k.p.m.ProofCorrectnessMgt No justification found for rule JML_represents_clause_for_simple_evoting_Environment_rep 
157928     DEBUG main            d.u.i.k.p.m.ProofCorrectnessMgt No justification found for rule JML_represents_clause_for_simple_evoting_Environment_rep 
157941     DEBUG main            d.u.i.k.p.m.ProofCorrectnessMgt No justification found for rule JML_represents_clause_for_simple_evoting_Environment_rep 
157948     DEBUG main            d.u.i.k.p.m.ProofCorrectnessMgt No justification found for rule JML_represents_clause_for_simple_evoting_Environment_rep 
157954     DEBUG main            d.u.i.k.p.m.ProofCorrectnessMgt No justification found for rule JML_represents_clause_for_simple_evoting_Environment_rep 
157967     DEBUG main            d.u.i.k.p.m.ProofCorrectnessMgt No justification found for rule JML_represents_clause_for_simple_evoting_Environment_rep 
157974     DEBUG main            d.u.i.k.p.m.ProofCorrectnessMgt No justification found for rule JML_represents_clause_for_simple_evoting_Environment_rep 
158009     DEBUG main            d.u.i.k.p.m.ProofCorrectnessMgt No justification found for rule Class_invariant_axiom_for_simple_evoting_Message 
158143     DEBUG main            d.u.i.k.p.m.ProofCorrectnessMgt No justification found for rule Class_invariant_axiom_for_simple_evoting_Message 
158210     DEBUG main            d.u.i.k.p.m.ProofCorrectnessMgt No justification found for rule Class_invariant_axiom_for_simple_evoting_Message 
158320     DEBUG main            d.u.i.k.p.m.ProofCorrectnessMgt No justification found for rule Class_invariant_axiom_for_simple_evoting_Server 
158661     DEBUG main            d.u.i.k.p.m.ProofCorrectnessMgt No justification found for rule Class_invariant_axiom_for_simple_evoting_Message 
158803     DEBUG main            d.u.i.k.p.m.ProofCorrectnessMgt No justification found for rule Class_invariant_axiom_for_simple_evoting_Server 
159095     DEBUG main            d.u.i.k.p.m.ProofCorrectnessMgt No justification found for rule Class_invariant_axiom_for_simple_evoting_Message 
159196     DEBUG main            d.u.i.k.p.m.ProofCorrectnessMgt No justification found for rule Class_invariant_axiom_for_simple_evoting_Server 
159479     DEBUG main            d.u.i.k.p.m.ProofCorrectnessMgt No justification found for rule Class_invariant_axiom_for_simple_evoting_Message 
159590     DEBUG main            d.u.i.k.p.m.ProofCorrectnessMgt No justification found for rule Class_invariant_axiom_for_simple_evoting_Message 
159752     DEBUG main            d.u.i.k.p.m.ProofCorrectnessMgt No justification found for rule Class_invariant_axiom_for_simple_evoting_Message 
159878     DEBUG main            d.u.i.k.p.m.ProofCorrectnessMgt No justification found for rule Class_invariant_axiom_for_simple_evoting_Message 
160044     DEBUG main            d.u.i.k.p.m.ProofCorrectnessMgt No justification found for rule Class_invariant_axiom_for_simple_evoting_Message 
160136     DEBUG main            d.u.i.k.p.m.ProofCorrectnessMgt No justification found for rule Class_invariant_axiom_for_simple_evoting_Message 
160246     DEBUG main            d.u.i.k.p.m.ProofCorrectnessMgt No justification found for rule Class_invariant_axiom_for_simple_evoting_Server 
160529     DEBUG main            d.u.i.k.p.m.ProofCorrectnessMgt No justification found for rule Class_invariant_axiom_for_simple_evoting_Server 
160827     DEBUG main            d.u.i.k.p.m.ProofCorrectnessMgt No justification found for rule Class_invariant_axiom_for_simple_evoting_Message 
160927     DEBUG main            d.u.i.k.p.m.ProofCorrectnessMgt No justification found for rule Class_invariant_axiom_for_simple_evoting_Message 
161031     DEBUG main            d.u.i.k.p.m.ProofCorrectnessMgt No justification found for rule Class_invariant_axiom_for_simple_evoting_Message 
161131     DEBUG main            d.u.i.k.p.m.ProofCorrectnessMgt No justification found for rule Class_invariant_axiom_for_simple_evoting_Server 
161408     DEBUG main            d.u.i.k.p.m.ProofCorrectnessMgt No justification found for rule Class_invariant_axiom_for_simple_evoting_Message 
161510     DEBUG main            d.u.i.k.p.m.ProofCorrectnessMgt No justification found for rule Class_invariant_axiom_for_simple_evoting_Server 
161694     DEBUG main            d.u.i.k.p.m.ProofCorrectnessMgt No justification found for rule Class_invariant_axiom_for_simple_evoting_Message 
163272     DEBUG main            d.u.i.k.p.m.ProofCorrectnessMgt No justification found for rule Class_invariant_axiom_for_simple_evoting_Message 
163349     DEBUG main            d.u.i.k.p.m.ProofCorrectnessMgt No justification found for rule Class_invariant_axiom_for_simple_evoting_Server 
164185     DEBUG main            d.u.i.k.p.m.ProofCorrectnessMgt No justification found for rule Class_invariant_axiom_for_simple_evoting_Message 
164245     DEBUG main            d.u.i.k.p.m.ProofCorrectnessMgt No justification found for rule Class_invariant_axiom_for_simple_evoting_Server 
170202     INFO  main            d.u.i.k.p.r.p.TestFile    ... finished proof: closed. 
2689043    INFO  Test worker     d.u.i.k.p.r.p.StatisticsFile Returning from test SimpleEvoting_fullmacro 
]]></system-out>
  <system-err><![CDATA[]]></system-err>
</testsuite>
