<?xml version="1.0" encoding="UTF-8"?>
<testsuite name="de.uka.ilkd.key.proof_references.testcase.analyst.TestContractProofReferencesAnalyst" tests="1" skipped="0" failures="0" errors="0" timestamp="2023-01-30T17:42:01" hostname="fv-az550-153" time="2.698">
  <properties/>
  <testcase name="testUseOperationContracts()" classname="de.uka.ilkd.key.proof_references.testcase.analyst.TestContractProofReferencesAnalyst" time="2.698"/>
  <system-out><![CDATA[]]></system-out>
  <system-err><![CDATA[]]></system-err>
</testsuite>
