<?xml version="1.0" encoding="UTF-8"?>
<testsuite name="de.uka.ilkd.key.proof.io.TestZipProofSaving" tests="1" skipped="0" failures="0" errors="0" timestamp="2023-05-03T13:58:22" hostname="fv-az1113-801" time="7.971">
  <properties/>
  <testcase name="testZip()" classname="de.uka.ilkd.key.proof.io.TestZipProofSaving" time="7.971"/>
  <system-out><![CDATA[471139     INFO  Test worker     d.u.i.k.p.i.AbstractProblemLoader Loading environment from C:\Users\RUNNER~1\AppData\Local\Temp\keyZipTest3738342918767759929.key 
471139     DEBUG Test worker     d.u.i.k.p.i.AbstractProblemLoader Environment load took 233.8ns 
471139     INFO  Test worker     d.u.i.k.p.i.AbstractProblemLoader Creating init config 
471264     DEBUG Test worker     d.u.i.k.j.TypeConverter   No LDT found for Meta 
471264     DEBUG Test worker     d.u.i.k.j.TypeConverter   No LDT found for Meta 
471264     DEBUG Test worker     d.u.i.k.j.TypeConverter   No LDT found for Meta 
471264     DEBUG Test worker     d.u.i.k.j.TypeConverter   No LDT found for Meta 
471780     DEBUG Test worker     d.u.i.k.j.TypeConverter   No LDT found for JavaBigintExpression 
475594     DEBUG Test worker     d.u.i.k.p.i.AbstractProblemLoader Init config took 4.45s 
475609     INFO  Test worker     d.u.i.k.p.i.AbstractProblemLoader Replaying proof keyZipTest3738342918767759929.key 
475609     DEBUG Test worker     d.u.i.k.p.i.IntermediateProofReplayer Proof replay took 11ns 
475859     INFO  Test worker     d.u.i.k.p.i.AbstractProblemLoader Loading environment from C:\Users\RUNNER~1\AppData\Local\Temp\keyZipTest9980837066367839037.proof.gz 
475859     DEBUG Test worker     d.u.i.k.p.i.AbstractProblemLoader Environment load took 567.6ns 
475859     INFO  Test worker     d.u.i.k.p.i.AbstractProblemLoader Creating init config 
478970     DEBUG Test worker     d.u.i.k.p.i.AbstractProblemLoader Init config took 3.11s 
478986     INFO  Test worker     d.u.i.k.p.i.AbstractProblemLoader Replaying proof keyZipTest9980837066367839037.proof.gz 
479001     DEBUG Test worker     d.u.i.k.p.i.IntermediateProofReplayer Proof replay took 21.06ms 
]]></system-out>
  <system-err><![CDATA[]]></system-err>
</testsuite>
