<?xml version="1.0" encoding="UTF-8"?>
<testsuite name="de.uka.ilkd.key.parser.TestDeclParser" tests="14" skipped="2" failures="0" errors="0" timestamp="2023-05-03T13:54:18" hostname="fv-az1113-801" time="12.425">
  <properties/>
  <testcase name="testGenericSortDecl1()" classname="de.uka.ilkd.key.parser.TestDeclParser" time="1.117"/>
  <testcase name="testGenericSortDecl2()" classname="de.uka.ilkd.key.parser.TestDeclParser" time="0.977"/>
  <testcase name="testGenericSortDecl3()" classname="de.uka.ilkd.key.parser.TestDeclParser" time="1.066"/>
  <testcase name="testGenericSortDecl4()" classname="de.uka.ilkd.key.parser.TestDeclParser" time="0.973"/>
  <testcase name="testGenericSortDecl5()" classname="de.uka.ilkd.key.parser.TestDeclParser" time="0.001">
    <skipped/>
  </testcase>
  <testcase name="testGenericSortDecl6()" classname="de.uka.ilkd.key.parser.TestDeclParser" time="1.053"/>
  <testcase name="testSortDecl()" classname="de.uka.ilkd.key.parser.TestDeclParser" time="1.052"/>
  <testcase name="testProxySortDecl()" classname="de.uka.ilkd.key.parser.TestDeclParser" time="0.982"/>
  <testcase name="testArrayDecl()" classname="de.uka.ilkd.key.parser.TestDeclParser" time="1.055"/>
  <testcase name="testAmbiguousDecls()" classname="de.uka.ilkd.key.parser.TestDeclParser" time="0.0">
    <skipped/>
  </testcase>
  <testcase name="testHeurDecl()" classname="de.uka.ilkd.key.parser.TestDeclParser" time="0.989"/>
  <testcase name="testFunctionDecl()" classname="de.uka.ilkd.key.parser.TestDeclParser" time="1.042"/>
  <testcase name="testPredicateDecl()" classname="de.uka.ilkd.key.parser.TestDeclParser" time="1.133"/>
  <testcase name="testSVDecl()" classname="de.uka.ilkd.key.parser.TestDeclParser" time="0.966"/>
  <system-out><![CDATA[228048     INFO  Test worker     d.u.i.k.n.KeyIO           Parsing took 0 ms 
228048     DEBUG Test worker     d.u.i.k.n.KeyIO           Load declarations of de.uka.ilkd.key.nparser.KeyAst$File:  <unknown>:1#1 
228048     INFO  Test worker     d.u.i.k.n.KeyIO           MODE: declarations took 0 ms 
228048     DEBUG Test worker     d.u.i.k.n.KeyIO           MODE: 2nd degree decls took 0 
228048     DEBUG Test worker     d.u.i.k.n.KeyIO           MODE: taclets took 0ms 
229017     INFO  Test worker     d.u.i.k.n.KeyIO           Parsing took 0 ms 
229017     DEBUG Test worker     d.u.i.k.n.KeyIO           Load declarations of de.uka.ilkd.key.nparser.KeyAst$File:  <unknown>:1#1 
229017     INFO  Test worker     d.u.i.k.n.KeyIO           MODE: declarations took 0 ms 
229017     DEBUG Test worker     d.u.i.k.n.KeyIO           MODE: 2nd degree decls took 0 
229017     DEBUG Test worker     d.u.i.k.n.KeyIO           MODE: taclets took 0ms 
230080     INFO  Test worker     d.u.i.k.n.KeyIO           Parsing took 0 ms 
230080     DEBUG Test worker     d.u.i.k.n.KeyIO           Load declarations of de.uka.ilkd.key.nparser.KeyAst$File:  <unknown>:1#1 
230080     INFO  Test worker     d.u.i.k.n.KeyIO           MODE: declarations took 0 ms 
230080     DEBUG Test worker     d.u.i.k.n.KeyIO           MODE: 2nd degree decls took 0 
230080     DEBUG Test worker     d.u.i.k.n.KeyIO           MODE: taclets took 0ms 
231065     INFO  Test worker     d.u.i.k.n.KeyIO           Parsing took 0 ms 
231065     DEBUG Test worker     d.u.i.k.n.KeyIO           Load declarations of de.uka.ilkd.key.nparser.KeyAst$File:  <unknown>:1#1 
231065     INFO  Test worker     d.u.i.k.n.KeyIO           MODE: declarations took 0 ms 
231065     DEBUG Test worker     d.u.i.k.n.KeyIO           MODE: 2nd degree decls took 0 
231065     DEBUG Test worker     d.u.i.k.n.KeyIO           MODE: taclets took 0ms 
232129     INFO  Test worker     d.u.i.k.n.KeyIO           Parsing took 0 ms 
232129     DEBUG Test worker     d.u.i.k.n.KeyIO           Load declarations of de.uka.ilkd.key.nparser.KeyAst$File:  <unknown>:1#1 
232129     INFO  Test worker     d.u.i.k.n.KeyIO           MODE: declarations took 0 ms 
232129     DEBUG Test worker     d.u.i.k.n.KeyIO           MODE: 2nd degree decls took 0 
232129     DEBUG Test worker     d.u.i.k.n.KeyIO           MODE: taclets took 0ms 
233176     INFO  Test worker     d.u.i.k.n.KeyIO           Parsing took 0 ms 
233176     DEBUG Test worker     d.u.i.k.n.KeyIO           Load declarations of de.uka.ilkd.key.nparser.KeyAst$File:  <unknown>:1#1 
233176     INFO  Test worker     d.u.i.k.n.KeyIO           MODE: declarations took 0 ms 
233176     DEBUG Test worker     d.u.i.k.n.KeyIO           MODE: 2nd degree decls took 0 
233176     DEBUG Test worker     d.u.i.k.n.KeyIO           MODE: taclets took 0ms 
234161     INFO  Test worker     d.u.i.k.n.KeyIO           Parsing took 0 ms 
234161     DEBUG Test worker     d.u.i.k.n.KeyIO           Load declarations of de.uka.ilkd.key.nparser.KeyAst$File:  <unknown>:1#1 
234161     INFO  Test worker     d.u.i.k.n.KeyIO           MODE: declarations took 0 ms 
234161     DEBUG Test worker     d.u.i.k.n.KeyIO           MODE: 2nd degree decls took 0 
234161     DEBUG Test worker     d.u.i.k.n.KeyIO           MODE: taclets took 0ms 
235224     INFO  Test worker     d.u.i.k.n.KeyIO           Parsing took 0 ms 
235224     DEBUG Test worker     d.u.i.k.n.KeyIO           Load declarations of de.uka.ilkd.key.nparser.KeyAst$File:  <unknown>:1#1 
235224     INFO  Test worker     d.u.i.k.n.KeyIO           MODE: declarations took 0 ms 
235224     DEBUG Test worker     d.u.i.k.n.KeyIO           MODE: 2nd degree decls took 0 
235224     DEBUG Test worker     d.u.i.k.n.KeyIO           MODE: taclets took 0ms 
236225     INFO  Test worker     d.u.i.k.n.KeyIO           Parsing took 0 ms 
236225     DEBUG Test worker     d.u.i.k.n.KeyIO           Load declarations of de.uka.ilkd.key.nparser.KeyAst$File:  <unknown>:1#1 
236225     INFO  Test worker     d.u.i.k.n.KeyIO           MODE: declarations took 0 ms 
236225     DEBUG Test worker     d.u.i.k.n.KeyIO           MODE: 2nd degree decls took 0 
236225     DEBUG Test worker     d.u.i.k.n.KeyIO           MODE: taclets took 0ms 
237256     INFO  Test worker     d.u.i.k.n.KeyIO           Parsing took 0 ms 
237256     DEBUG Test worker     d.u.i.k.n.KeyIO           Load declarations of de.uka.ilkd.key.nparser.KeyAst$File:  <unknown>:1#1 
237256     INFO  Test worker     d.u.i.k.n.KeyIO           MODE: declarations took 0 ms 
237256     DEBUG Test worker     d.u.i.k.n.KeyIO           MODE: 2nd degree decls took 0 
237256     DEBUG Test worker     d.u.i.k.n.KeyIO           MODE: taclets took 0ms 
238397     INFO  Test worker     d.u.i.k.n.KeyIO           Parsing took 0 ms 
238397     DEBUG Test worker     d.u.i.k.n.KeyIO           Load declarations of de.uka.ilkd.key.nparser.KeyAst$File:  <unknown>:1#1 
238397     INFO  Test worker     d.u.i.k.n.KeyIO           MODE: declarations took 0 ms 
238397     DEBUG Test worker     d.u.i.k.n.KeyIO           MODE: 2nd degree decls took 0 
238397     DEBUG Test worker     d.u.i.k.n.KeyIO           MODE: taclets took 0ms 
239367     INFO  Test worker     d.u.i.k.n.KeyIO           Parsing took 0 ms 
239367     DEBUG Test worker     d.u.i.k.n.KeyIO           Load declarations of de.uka.ilkd.key.nparser.KeyAst$File:  <unknown>:1#1 
239367     INFO  Test worker     d.u.i.k.n.KeyIO           MODE: declarations took 0 ms 
239367     DEBUG Test worker     d.u.i.k.n.KeyIO           MODE: 2nd degree decls took 0 
239367     DEBUG Test worker     d.u.i.k.n.KeyIO           MODE: taclets took 0ms 
]]></system-out>
  <system-err><![CDATA[]]></system-err>
</testsuite>
