<?xml version="1.0" encoding="UTF-8"?>
<testsuite name="de.uka.ilkd.key.logic.TestClashFreeSubst" tests="14" skipped="2" failures="0" errors="0" timestamp="2023-05-03T13:51:15" hostname="fv-az1113-801" time="54.253">
  <properties/>
  <testcase name="testMultiShareBound()" classname="de.uka.ilkd.key.logic.TestClashFreeSubst" time="1.005"/>
  <testcase name="testClash()" classname="de.uka.ilkd.key.logic.TestClashFreeSubst" time="1.018"/>
  <testcase name="testShare()" classname="de.uka.ilkd.key.logic.TestClashFreeSubst" time="1.037"/>
  <testcase name="testSubst()" classname="de.uka.ilkd.key.logic.TestClashFreeSubst" time="1.029"/>
  <testcase name="testWary0()" classname="de.uka.ilkd.key.logic.TestClashFreeSubst" time="1.008"/>
  <testcase name="testWary1()" classname="de.uka.ilkd.key.logic.TestClashFreeSubst" time="1.051"/>
  <testcase name="testWary2()" classname="de.uka.ilkd.key.logic.TestClashFreeSubst" time="1.022"/>
  <testcase name="testClashInSubstTerm()" classname="de.uka.ilkd.key.logic.TestClashFreeSubst" time="1.015"/>
  <testcase name="testShareWary()" classname="de.uka.ilkd.key.logic.TestClashFreeSubst" time="1.0"/>
  <testcase name="testMultiSubst()" classname="de.uka.ilkd.key.logic.TestClashFreeSubst" time="1.003"/>
  <testcase name="xtestMultiClash()" classname="de.uka.ilkd.key.logic.TestClashFreeSubst" time="0.0">
    <skipped/>
  </testcase>
  <testcase name="testSubstInSubstTerm()" classname="de.uka.ilkd.key.logic.TestClashFreeSubst" time="1.018"/>
  <testcase name="testSubstWary()" classname="de.uka.ilkd.key.logic.TestClashFreeSubst" time="0.998"/>
  <testcase name="xtestMultiClash1()" classname="de.uka.ilkd.key.logic.TestClashFreeSubst" time="0.0">
    <skipped/>
  </testcase>
  <system-out><![CDATA[43572      INFO  Test worker     d.u.i.k.n.KeyIO           Parsing took 0 ms 
43572      DEBUG Test worker     d.u.i.k.n.KeyIO           Load declarations of de.uka.ilkd.key.nparser.KeyAst$File:  <unknown>:1#1 
43572      INFO  Test worker     d.u.i.k.n.KeyIO           MODE: declarations took 0 ms 
43572      DEBUG Test worker     d.u.i.k.n.KeyIO           MODE: 2nd degree decls took 0 
44557      INFO  Test worker     d.u.i.k.n.KeyIO           Parsing took 0 ms 
44557      DEBUG Test worker     d.u.i.k.n.KeyIO           Load declarations of de.uka.ilkd.key.nparser.KeyAst$File:  <unknown>:1#1 
44557      INFO  Test worker     d.u.i.k.n.KeyIO           MODE: declarations took 0 ms 
44572      DEBUG Test worker     d.u.i.k.n.KeyIO           MODE: 2nd degree decls took 0 
47919      INFO  Test worker     d.u.i.k.n.KeyIO           Parsing took 0 ms 
47919      DEBUG Test worker     d.u.i.k.n.KeyIO           Load declarations of de.uka.ilkd.key.nparser.KeyAst$File:  <unknown>:1#1 
47919      INFO  Test worker     d.u.i.k.n.KeyIO           MODE: declarations took 0 ms 
47919      DEBUG Test worker     d.u.i.k.n.KeyIO           MODE: 2nd degree decls took 0 
48920      INFO  Test worker     d.u.i.k.n.KeyIO           Parsing took 0 ms 
48920      DEBUG Test worker     d.u.i.k.n.KeyIO           Load declarations of de.uka.ilkd.key.nparser.KeyAst$File:  <unknown>:1#1 
48920      INFO  Test worker     d.u.i.k.n.KeyIO           MODE: declarations took 0 ms 
48920      DEBUG Test worker     d.u.i.k.n.KeyIO           MODE: 2nd degree decls took 0 
52204      INFO  Test worker     d.u.i.k.n.KeyIO           Parsing took 0 ms 
52204      DEBUG Test worker     d.u.i.k.n.KeyIO           Load declarations of de.uka.ilkd.key.nparser.KeyAst$File:  <unknown>:1#1 
52204      INFO  Test worker     d.u.i.k.n.KeyIO           MODE: declarations took 0 ms 
52204      DEBUG Test worker     d.u.i.k.n.KeyIO           MODE: 2nd degree decls took 0 
53236      INFO  Test worker     d.u.i.k.n.KeyIO           Parsing took 0 ms 
53236      DEBUG Test worker     d.u.i.k.n.KeyIO           Load declarations of de.uka.ilkd.key.nparser.KeyAst$File:  <unknown>:1#1 
53236      INFO  Test worker     d.u.i.k.n.KeyIO           MODE: declarations took 0 ms 
53236      DEBUG Test worker     d.u.i.k.n.KeyIO           MODE: 2nd degree decls took 0 
56534      INFO  Test worker     d.u.i.k.n.KeyIO           Parsing took 0 ms 
56534      DEBUG Test worker     d.u.i.k.n.KeyIO           Load declarations of de.uka.ilkd.key.nparser.KeyAst$File:  <unknown>:1#1 
56534      INFO  Test worker     d.u.i.k.n.KeyIO           MODE: declarations took 0 ms 
56534      DEBUG Test worker     d.u.i.k.n.KeyIO           MODE: 2nd degree decls took 0 
57550      INFO  Test worker     d.u.i.k.n.KeyIO           Parsing took 0 ms 
57550      DEBUG Test worker     d.u.i.k.n.KeyIO           Load declarations of de.uka.ilkd.key.nparser.KeyAst$File:  <unknown>:1#1 
57550      INFO  Test worker     d.u.i.k.n.KeyIO           MODE: declarations took 0 ms 
57550      DEBUG Test worker     d.u.i.k.n.KeyIO           MODE: 2nd degree decls took 0 
60771      INFO  Test worker     d.u.i.k.n.KeyIO           Parsing took 0 ms 
60771      DEBUG Test worker     d.u.i.k.n.KeyIO           Load declarations of de.uka.ilkd.key.nparser.KeyAst$File:  <unknown>:1#1 
60771      INFO  Test worker     d.u.i.k.n.KeyIO           MODE: declarations took 0 ms 
60771      DEBUG Test worker     d.u.i.k.n.KeyIO           MODE: 2nd degree decls took 0 
61772      INFO  Test worker     d.u.i.k.n.KeyIO           Parsing took 0 ms 
61772      DEBUG Test worker     d.u.i.k.n.KeyIO           Load declarations of de.uka.ilkd.key.nparser.KeyAst$File:  <unknown>:1#1 
61772      INFO  Test worker     d.u.i.k.n.KeyIO           MODE: declarations took 0 ms 
61772      DEBUG Test worker     d.u.i.k.n.KeyIO           MODE: 2nd degree decls took 0 
65025      INFO  Test worker     d.u.i.k.n.KeyIO           Parsing took 0 ms 
65025      DEBUG Test worker     d.u.i.k.n.KeyIO           Load declarations of de.uka.ilkd.key.nparser.KeyAst$File:  <unknown>:1#1 
65025      INFO  Test worker     d.u.i.k.n.KeyIO           MODE: declarations took 0 ms 
65025      DEBUG Test worker     d.u.i.k.n.KeyIO           MODE: 2nd degree decls took 0 
66073      INFO  Test worker     d.u.i.k.n.KeyIO           Parsing took 0 ms 
66073      DEBUG Test worker     d.u.i.k.n.KeyIO           Load declarations of de.uka.ilkd.key.nparser.KeyAst$File:  <unknown>:1#1 
66073      INFO  Test worker     d.u.i.k.n.KeyIO           MODE: declarations took 0 ms 
66073      DEBUG Test worker     d.u.i.k.n.KeyIO           MODE: 2nd degree decls took 0 
69356      INFO  Test worker     d.u.i.k.n.KeyIO           Parsing took 0 ms 
69356      DEBUG Test worker     d.u.i.k.n.KeyIO           Load declarations of de.uka.ilkd.key.nparser.KeyAst$File:  <unknown>:1#1 
69356      INFO  Test worker     d.u.i.k.n.KeyIO           MODE: declarations took 0 ms 
69356      DEBUG Test worker     d.u.i.k.n.KeyIO           MODE: 2nd degree decls took 0 
70371      INFO  Test worker     d.u.i.k.n.KeyIO           Parsing took 0 ms 
70371      DEBUG Test worker     d.u.i.k.n.KeyIO           Load declarations of de.uka.ilkd.key.nparser.KeyAst$File:  <unknown>:1#1 
70371      INFO  Test worker     d.u.i.k.n.KeyIO           MODE: declarations took 0 ms 
70371      DEBUG Test worker     d.u.i.k.n.KeyIO           MODE: 2nd degree decls took 0 
73624      INFO  Test worker     d.u.i.k.n.KeyIO           Parsing took 0 ms 
73624      DEBUG Test worker     d.u.i.k.n.KeyIO           Load declarations of de.uka.ilkd.key.nparser.KeyAst$File:  <unknown>:1#1 
73624      INFO  Test worker     d.u.i.k.n.KeyIO           MODE: declarations took 0 ms 
73624      DEBUG Test worker     d.u.i.k.n.KeyIO           MODE: 2nd degree decls took 0 
74625      INFO  Test worker     d.u.i.k.n.KeyIO           Parsing took 0 ms 
74625      DEBUG Test worker     d.u.i.k.n.KeyIO           Load declarations of de.uka.ilkd.key.nparser.KeyAst$File:  <unknown>:1#1 
74625      INFO  Test worker     d.u.i.k.n.KeyIO           MODE: declarations took 0 ms 
74625      DEBUG Test worker     d.u.i.k.n.KeyIO           MODE: 2nd degree decls took 0 
77799      INFO  Test worker     d.u.i.k.n.KeyIO           Parsing took 0 ms 
77799      DEBUG Test worker     d.u.i.k.n.KeyIO           Load declarations of de.uka.ilkd.key.nparser.KeyAst$File:  <unknown>:1#1 
77799      INFO  Test worker     d.u.i.k.n.KeyIO           MODE: declarations took 0 ms 
77799      DEBUG Test worker     d.u.i.k.n.KeyIO           MODE: 2nd degree decls took 0 
78799      INFO  Test worker     d.u.i.k.n.KeyIO           Parsing took 0 ms 
78799      DEBUG Test worker     d.u.i.k.n.KeyIO           Load declarations of de.uka.ilkd.key.nparser.KeyAst$File:  <unknown>:1#1 
78799      INFO  Test worker     d.u.i.k.n.KeyIO           MODE: declarations took 0 ms 
78799      DEBUG Test worker     d.u.i.k.n.KeyIO           MODE: 2nd degree decls took 0 
81974      INFO  Test worker     d.u.i.k.n.KeyIO           Parsing took 0 ms 
81974      DEBUG Test worker     d.u.i.k.n.KeyIO           Load declarations of de.uka.ilkd.key.nparser.KeyAst$File:  <unknown>:1#1 
81974      INFO  Test worker     d.u.i.k.n.KeyIO           MODE: declarations took 0 ms 
81974      DEBUG Test worker     d.u.i.k.n.KeyIO           MODE: 2nd degree decls took 0 
82975      INFO  Test worker     d.u.i.k.n.KeyIO           Parsing took 0 ms 
82975      DEBUG Test worker     d.u.i.k.n.KeyIO           Load declarations of de.uka.ilkd.key.nparser.KeyAst$File:  <unknown>:1#1 
82975      INFO  Test worker     d.u.i.k.n.KeyIO           MODE: declarations took 0 ms 
82975      DEBUG Test worker     d.u.i.k.n.KeyIO           MODE: 2nd degree decls took 0 
89430      INFO  Test worker     d.u.i.k.n.KeyIO           Parsing took 0 ms 
89430      DEBUG Test worker     d.u.i.k.n.KeyIO           Load declarations of de.uka.ilkd.key.nparser.KeyAst$File:  <unknown>:1#1 
89446      INFO  Test worker     d.u.i.k.n.KeyIO           MODE: declarations took 16 ms 
89446      DEBUG Test worker     d.u.i.k.n.KeyIO           MODE: 2nd degree decls took 0 
90446      INFO  Test worker     d.u.i.k.n.KeyIO           Parsing took 0 ms 
90446      DEBUG Test worker     d.u.i.k.n.KeyIO           Load declarations of de.uka.ilkd.key.nparser.KeyAst$File:  <unknown>:1#1 
90446      INFO  Test worker     d.u.i.k.n.KeyIO           MODE: declarations took 0 ms 
90446      DEBUG Test worker     d.u.i.k.n.KeyIO           MODE: 2nd degree decls took 0 
93652      INFO  Test worker     d.u.i.k.n.KeyIO           Parsing took 0 ms 
93652      DEBUG Test worker     d.u.i.k.n.KeyIO           Load declarations of de.uka.ilkd.key.nparser.KeyAst$File:  <unknown>:1#1 
93652      INFO  Test worker     d.u.i.k.n.KeyIO           MODE: declarations took 0 ms 
93652      DEBUG Test worker     d.u.i.k.n.KeyIO           MODE: 2nd degree decls took 0 
94636      INFO  Test worker     d.u.i.k.n.KeyIO           Parsing took 0 ms 
94636      DEBUG Test worker     d.u.i.k.n.KeyIO           Load declarations of de.uka.ilkd.key.nparser.KeyAst$File:  <unknown>:1#1 
94636      INFO  Test worker     d.u.i.k.n.KeyIO           MODE: declarations took 0 ms 
94636      DEBUG Test worker     d.u.i.k.n.KeyIO           MODE: 2nd degree decls took 0 
]]></system-out>
  <system-err><![CDATA[]]></system-err>
</testsuite>
