<?xml version="1.0" encoding="UTF-8"?>
<testsuite name="de.uka.ilkd.key.proof.TestOneStepSimplifier" tests="1" skipped="0" failures="0" errors="0" timestamp="2023-05-03T13:58:16" hostname="fv-az1113-801" time="4.821">
  <properties/>
  <testcase name="loadWithRestriction()" classname="de.uka.ilkd.key.proof.TestOneStepSimplifier" time="4.821"/>
  <system-out><![CDATA[464822     INFO  Test worker     d.u.i.k.p.i.AbstractProblemLoader Loading environment from src\test\resources\testcase\ossRestriction.proof 
464822     DEBUG Test worker     d.u.i.k.p.i.AbstractProblemLoader Environment load took 253.4ns 
464822     INFO  Test worker     d.u.i.k.p.i.AbstractProblemLoader Creating init config 
465025     DEBUG Test worker     d.u.i.k.j.TypeConverter   No LDT found for Meta 
465025     DEBUG Test worker     d.u.i.k.j.TypeConverter   No LDT found for Meta 
465025     DEBUG Test worker     d.u.i.k.j.TypeConverter   No LDT found for Meta 
465025     DEBUG Test worker     d.u.i.k.j.TypeConverter   No LDT found for Meta 
465541     DEBUG Test worker     d.u.i.k.j.TypeConverter   No LDT found for JavaBigintExpression 
469060     DEBUG Test worker     d.u.i.k.p.i.AbstractProblemLoader Init config took 4.24s 
469607     INFO  Test worker     d.u.i.k.p.i.AbstractProblemLoader Replaying proof ossRestriction.proof 
469623     DEBUG Test worker     d.u.i.k.p.i.IntermediateProofReplayer Proof replay took 3.79ms 
]]></system-out>
  <system-err><![CDATA[]]></system-err>
</testsuite>
