<?xml version="1.0" encoding="UTF-8"?>
<testsuite name="de.uka.ilkd.key.parser.TestTermParserSorts" tests="2" skipped="0" failures="0" errors="0" timestamp="2023-05-03T13:58:13" hostname="fv-az1113-801" time="3.192">
  <properties/>
  <testcase name="testParseIntegerArgs()" classname="de.uka.ilkd.key.parser.TestTermParserSorts" time="0.022"/>
  <testcase name="testParseSequencePrettySyntax()" classname="de.uka.ilkd.key.parser.TestTermParserSorts" time="0.003"/>
  <system-out><![CDATA[461571     INFO  Test worker     d.u.i.k.n.KeyIO           Parsing took 0 ms 
461571     DEBUG Test worker     d.u.i.k.n.KeyIO           Load declarations of de.uka.ilkd.key.nparser.KeyAst$File:  <unknown>:1#1 
461571     INFO  Test worker     d.u.i.k.n.KeyIO           MODE: declarations took 0 ms 
461571     DEBUG Test worker     d.u.i.k.n.KeyIO           MODE: 2nd degree decls took 0 
461571     INFO  Test worker     d.u.i.k.n.KeyIO           Parsing took 0 ms 
461571     DEBUG Test worker     d.u.i.k.n.KeyIO           Load declarations of de.uka.ilkd.key.nparser.KeyAst$File:  <unknown>:1#1 
461571     INFO  Test worker     d.u.i.k.n.KeyIO           MODE: declarations took 0 ms 
461571     DEBUG Test worker     d.u.i.k.n.KeyIO           MODE: 2nd degree decls took 0 
461571     INFO  Test worker     d.u.i.k.n.KeyIO           Parsing took 0 ms 
461571     DEBUG Test worker     d.u.i.k.n.KeyIO           Load declarations of de.uka.ilkd.key.nparser.KeyAst$File:  <unknown>:1#1 
461571     INFO  Test worker     d.u.i.k.n.KeyIO           MODE: declarations took 0 ms 
461571     DEBUG Test worker     d.u.i.k.n.KeyIO           MODE: 2nd degree decls took 0 
464760     INFO  Test worker     d.u.i.k.n.KeyIO           Parsing took 0 ms 
464760     DEBUG Test worker     d.u.i.k.n.KeyIO           Load declarations of de.uka.ilkd.key.nparser.KeyAst$File:  <unknown>:1#1 
464760     INFO  Test worker     d.u.i.k.n.KeyIO           MODE: declarations took 0 ms 
464760     DEBUG Test worker     d.u.i.k.n.KeyIO           MODE: 2nd degree decls took 0 
464760     INFO  Test worker     d.u.i.k.n.KeyIO           Parsing took 0 ms 
464760     DEBUG Test worker     d.u.i.k.n.KeyIO           Load declarations of de.uka.ilkd.key.nparser.KeyAst$File:  <unknown>:1#1 
464760     INFO  Test worker     d.u.i.k.n.KeyIO           MODE: declarations took 0 ms 
464760     DEBUG Test worker     d.u.i.k.n.KeyIO           MODE: 2nd degree decls took 0 
464760     INFO  Test worker     d.u.i.k.n.KeyIO           Parsing took 0 ms 
464760     DEBUG Test worker     d.u.i.k.n.KeyIO           Load declarations of de.uka.ilkd.key.nparser.KeyAst$File:  <unknown>:1#1 
464760     INFO  Test worker     d.u.i.k.n.KeyIO           MODE: declarations took 0 ms 
464760     DEBUG Test worker     d.u.i.k.n.KeyIO           MODE: 2nd degree decls took 0 
]]></system-out>
  <system-err><![CDATA[]]></system-err>
</testsuite>
