<?xml version="1.0" encoding="UTF-8"?>
<testsuite name="de.uka.ilkd.key.rule.merge.PredicateAbstractionLatticeTests" tests="3" skipped="0" failures="0" errors="0" timestamp="2023-05-03T13:59:21" hostname="fv-az1113-801" time="6.364">
  <properties/>
  <testcase name="testToAndFromString()" classname="de.uka.ilkd.key.rule.merge.PredicateAbstractionLatticeTests" time="3.128"/>
  <testcase name="testCreateSignLatticeWithPredicates()" classname="de.uka.ilkd.key.rule.merge.PredicateAbstractionLatticeTests" time="3.236"/>
  <testcase name="testTrivialPredicatesLattice()" classname="de.uka.ilkd.key.rule.merge.PredicateAbstractionLatticeTests" time="0.0"/>
  <system-out><![CDATA[529819     INFO  Test worker     d.u.i.k.p.i.AbstractProblemLoader Loading environment from src\test\resources\testcase\merge\dummy.key 
529819     DEBUG Test worker     d.u.i.k.p.i.AbstractProblemLoader Environment load took 219.7ns 
529819     INFO  Test worker     d.u.i.k.p.i.AbstractProblemLoader Creating init config 
532899     DEBUG Test worker     d.u.i.k.p.i.AbstractProblemLoader Init config took 3.08s 
532915     INFO  Test worker     d.u.i.k.p.i.AbstractProblemLoader Replaying proof dummy.key 
532930     DEBUG Test worker     d.u.i.k.p.i.IntermediateProofReplayer Proof replay took 10ns 
532962     INFO  Test worker     d.u.i.k.p.i.AbstractProblemLoader Loading environment from src\test\resources\testcase\merge\dummy.key 
532962     DEBUG Test worker     d.u.i.k.p.i.AbstractProblemLoader Environment load took 180ns 
532962     INFO  Test worker     d.u.i.k.p.i.AbstractProblemLoader Creating init config 
536151     DEBUG Test worker     d.u.i.k.p.i.AbstractProblemLoader Init config took 3.2s 
536182     INFO  Test worker     d.u.i.k.p.i.AbstractProblemLoader Replaying proof dummy.key 
536182     DEBUG Test worker     d.u.i.k.p.i.IntermediateProofReplayer Proof replay took 8.8ns 
]]></system-out>
  <system-err><![CDATA[]]></system-err>
</testsuite>
