<?xml version="1.0" encoding="UTF-8"?>
<testsuite name="de.uka.ilkd.key.taclettranslation.TestTacletTranslator" tests="5" skipped="0" failures="0" errors="0" timestamp="2023-05-03T14:04:18" hostname="fv-az1113-801" time="0.02">
  <properties/>
  <testcase name="testPropositional1()" classname="de.uka.ilkd.key.taclettranslation.TestTacletTranslator" time="0.008"/>
  <testcase name="testPropositional2()" classname="de.uka.ilkd.key.taclettranslation.TestTacletTranslator" time="0.003"/>
  <testcase name="testNegativePolarity()" classname="de.uka.ilkd.key.taclettranslation.TestTacletTranslator" time="0.003"/>
  <testcase name="testNoPolarity()" classname="de.uka.ilkd.key.taclettranslation.TestTacletTranslator" time="0.003"/>
  <testcase name="testPositivePolarity()" classname="de.uka.ilkd.key.taclettranslation.TestTacletTranslator" time="0.003"/>
  <system-out><![CDATA[826453     INFO  Test worker     d.u.i.k.n.KeyIO           Parsing took 0 ms 
826453     DEBUG Test worker     d.u.i.k.n.KeyIO           Load declarations of de.uka.ilkd.key.nparser.KeyAst$File:  <unknown>:1#1 
826453     INFO  Test worker     d.u.i.k.n.KeyIO           MODE: declarations took 0 ms 
826453     DEBUG Test worker     d.u.i.k.n.KeyIO           MODE: 2nd degree decls took 0 
826453     DEBUG Test worker     d.u.i.k.n.KeyIO           MODE: taclets took 0ms 
826469     INFO  Test worker     d.u.i.k.n.KeyIO           Parsing took 0 ms 
826469     DEBUG Test worker     d.u.i.k.n.KeyIO           Load declarations of de.uka.ilkd.key.nparser.KeyAst$File:  <unknown>:1#1 
826469     INFO  Test worker     d.u.i.k.n.KeyIO           MODE: declarations took 0 ms 
826469     DEBUG Test worker     d.u.i.k.n.KeyIO           MODE: 2nd degree decls took 0 
826469     DEBUG Test worker     d.u.i.k.n.KeyIO           MODE: taclets took 0ms 
826469     INFO  Test worker     d.u.i.k.n.KeyIO           Parsing took 0 ms 
826469     DEBUG Test worker     d.u.i.k.n.KeyIO           Load declarations of de.uka.ilkd.key.nparser.KeyAst$File:  <unknown>:1#1 
826469     INFO  Test worker     d.u.i.k.n.KeyIO           MODE: declarations took 0 ms 
826469     DEBUG Test worker     d.u.i.k.n.KeyIO           MODE: 2nd degree decls took 0 
826469     DEBUG Test worker     d.u.i.k.n.KeyIO           MODE: taclets took 0ms 
826469     INFO  Test worker     d.u.i.k.n.KeyIO           Parsing took 0 ms 
826469     DEBUG Test worker     d.u.i.k.n.KeyIO           Load declarations of de.uka.ilkd.key.nparser.KeyAst$File:  <unknown>:1#1 
826469     INFO  Test worker     d.u.i.k.n.KeyIO           MODE: declarations took 0 ms 
826469     DEBUG Test worker     d.u.i.k.n.KeyIO           MODE: 2nd degree decls took 0 
826469     DEBUG Test worker     d.u.i.k.n.KeyIO           MODE: taclets took 0ms 
826469     INFO  Test worker     d.u.i.k.n.KeyIO           Parsing took 0 ms 
826469     DEBUG Test worker     d.u.i.k.n.KeyIO           Load declarations of de.uka.ilkd.key.nparser.KeyAst$File:  <unknown>:1#1 
826469     INFO  Test worker     d.u.i.k.n.KeyIO           MODE: declarations took 0 ms 
826469     DEBUG Test worker     d.u.i.k.n.KeyIO           MODE: 2nd degree decls took 0 
826469     DEBUG Test worker     d.u.i.k.n.KeyIO           MODE: taclets took 0ms 
]]></system-out>
  <system-err><![CDATA[]]></system-err>
</testsuite>
