<?xml version="1.0" encoding="UTF-8"?>
<testsuite name="de.uka.ilkd.key.proof.TestProofTree" tests="1" skipped="0" failures="0" errors="0" timestamp="2023-05-03T13:58:21" hostname="fv-az1113-801" time="0.267">
  <properties/>
  <testcase name="testLeaves()" classname="de.uka.ilkd.key.proof.TestProofTree" time="0.267"/>
  <system-out><![CDATA[]]></system-out>
  <system-err><![CDATA[]]></system-err>
</testsuite>
