<?xml version="1.0" encoding="UTF-8"?>
<testsuite name="de.uka.ilkd.key.util.TestProofStarter" tests="2" skipped="0" failures="0" errors="0" timestamp="2023-05-03T14:04:19" hostname="fv-az1113-801" time="64.753">
  <properties/>
  <testcase name="testDirectProofWithOneStepSimplification()" classname="de.uka.ilkd.key.util.TestProofStarter" time="34.298"/>
  <testcase name="testDirectProof()" classname="de.uka.ilkd.key.util.TestProofStarter" time="30.455"/>
  <system-out><![CDATA[827672     INFO  Test worker     d.u.i.k.p.i.AbstractProblemLoader Loading environment from src\test\resources\testcase\proofStarter\CC\project.key 
827672     DEBUG Test worker     d.u.i.k.p.i.AbstractProblemLoader Environment load took 181.3ns 
827672     INFO  Test worker     d.u.i.k.p.i.AbstractProblemLoader Creating init config 
827813     DEBUG Test worker     d.u.i.k.j.TypeConverter   No LDT found for Meta 
827813     DEBUG Test worker     d.u.i.k.j.TypeConverter   No LDT found for Meta 
827813     DEBUG Test worker     d.u.i.k.j.TypeConverter   No LDT found for Meta 
827813     DEBUG Test worker     d.u.i.k.j.TypeConverter   No LDT found for Meta 
828313     DEBUG Test worker     d.u.i.k.j.TypeConverter   No LDT found for JavaBigintExpression 
832160     DEBUG Test worker     d.u.i.k.p.i.AbstractProblemLoader Init config took 4.49s 
832239     INFO  Test worker     d.u.i.k.p.i.AbstractProblemLoader Replaying proof CC[CC::calcCoinIndex([I,[I)].JML normal_behavior operation contract.0 
832239     DEBUG Test worker     d.u.i.k.p.i.IntermediateProofReplayer Proof replay took 11.5ns 
832254     DEBUG Test worker     d.u.i.k.j.JavaProgramElement Program match failed (pattern true;, source null;) 
832254     DEBUG Test worker     d.u.i.k.j.JavaProgramElement Program match failed (pattern false;, source null;) 
832254     DEBUG Test worker     d.u.i.k.j.JavaProgramElement Program match failed (pattern true;, source null;) 
832254     DEBUG Test worker     d.u.i.k.j.JavaProgramElement Program match failed (pattern false;, source null;) 
832270     DEBUG Test worker     d.u.i.k.j.JavaProgramElement Program match failed (pattern true;, source null;) 
832270     DEBUG Test worker     d.u.i.k.j.JavaProgramElement Program match failed (pattern false;, source null;) 
832270     DEBUG Test worker     d.u.i.k.j.JavaProgramElement Program match failed (pattern true;, source null;) 
832270     DEBUG Test worker     d.u.i.k.j.JavaProgramElement Program match failed (pattern false;, source null;) 
832270     DEBUG Test worker     d.u.i.k.j.JavaProgramElement Program match failed (pattern true;, source null;) 
832270     DEBUG Test worker     d.u.i.k.j.JavaProgramElement Program match failed (pattern false;, source null;) 
832270     DEBUG Test worker     d.u.i.k.j.JavaProgramElement Program match failed (pattern true;, source null;) 
832270     DEBUG Test worker     d.u.i.k.j.JavaProgramElement Program match failed (pattern false;, source null;) 
832285     DEBUG Test worker     d.u.i.k.j.JavaProgramElement Program match failed (pattern true;, source null;) 
832285     DEBUG Test worker     d.u.i.k.j.JavaProgramElement Program match failed (pattern false;, source null;) 
832285     DEBUG Test worker     d.u.i.k.j.JavaProgramElement Program match failed (pattern true;, source null;) 
832285     DEBUG Test worker     d.u.i.k.j.JavaProgramElement Program match failed (pattern false;, source null;) 
832285     DEBUG Test worker     d.u.i.k.j.JavaProgramElement Program match failed (pattern true;, source null;) 
832285     DEBUG Test worker     d.u.i.k.j.JavaProgramElement Program match failed (pattern false;, source null;) 
832285     DEBUG Test worker     d.u.i.k.j.JavaProgramElement Program match failed (pattern true;, source null;) 
832285     DEBUG Test worker     d.u.i.k.j.JavaProgramElement Program match failed (pattern false;, source null;) 
832285     DEBUG Test worker     d.u.i.k.j.JavaProgramElement Program match failed (pattern true;, source null;) 
832285     DEBUG Test worker     d.u.i.k.j.JavaProgramElement Program match failed (pattern false;, source null;) 
832285     DEBUG Test worker     d.u.i.k.j.JavaProgramElement Program match failed (pattern true;, source null;) 
832285     DEBUG Test worker     d.u.i.k.j.JavaProgramElement Program match failed (pattern false;, source null;) 
832317     DEBUG Test worker     d.u.i.k.j.JavaProgramElement Program match failed (pattern true;, source null;) 
832317     DEBUG Test worker     d.u.i.k.j.JavaProgramElement Program match failed (pattern false;, source null;) 
832317     DEBUG Test worker     d.u.i.k.j.JavaProgramElement Program match failed (pattern true;, source null;) 
832317     DEBUG Test worker     d.u.i.k.j.JavaProgramElement Program match failed (pattern false;, source null;) 
832317     DEBUG Test worker     d.u.i.k.j.JavaProgramElement Program match failed (pattern true;, source null;) 
832317     DEBUG Test worker     d.u.i.k.j.JavaProgramElement Program match failed (pattern false;, source null;) 
832317     DEBUG Test worker     d.u.i.k.j.JavaProgramElement Program match failed (pattern true;, source null;) 
832332     DEBUG Test worker     d.u.i.k.j.JavaProgramElement Program match failed (pattern false;, source null;) 
832332     DEBUG Test worker     d.u.i.k.j.JavaProgramElement Program match failed (pattern true;, source null;) 
832332     DEBUG Test worker     d.u.i.k.j.JavaProgramElement Program match failed (pattern false;, source null;) 
832332     DEBUG Test worker     d.u.i.k.j.JavaProgramElement Program match failed (pattern true;, source null;) 
832332     DEBUG Test worker     d.u.i.k.j.JavaProgramElement Program match failed (pattern false;, source null;) 
832504     DEBUG Test worker     d.u.i.k.j.JavaProgramElement Program match failed (pattern true;, source 0) 
832504     DEBUG Test worker     d.u.i.k.j.JavaProgramElement Program match failed (pattern false;, source 0) 
832504     DEBUG Test worker     d.u.i.k.j.JavaProgramElement Program match failed (pattern true;, source 0) 
832504     DEBUG Test worker     d.u.i.k.j.JavaProgramElement Program match failed (pattern false;, source 0) 
832520     DEBUG Test worker     d.u.i.k.j.JavaProgramElement Program match failed (pattern true;, source 0) 
832520     DEBUG Test worker     d.u.i.k.j.JavaProgramElement Program match failed (pattern false;, source 0) 
832520     DEBUG Test worker     d.u.i.k.j.JavaProgramElement Program match failed (pattern true;, source 0) 
832520     DEBUG Test worker     d.u.i.k.j.JavaProgramElement Program match failed (pattern false;, source 0) 
832535     DEBUG Test worker     d.u.i.k.j.JavaProgramElement Program match failed (pattern true;, source 0) 
832535     DEBUG Test worker     d.u.i.k.j.JavaProgramElement Program match failed (pattern false;, source 0) 
832535     DEBUG Test worker     d.u.i.k.j.JavaProgramElement Program match failed (pattern true;, source 0) 
832535     DEBUG Test worker     d.u.i.k.j.JavaProgramElement Program match failed (pattern false;, source 0) 
832676     DEBUG Test worker     d.u.i.k.j.JavaProgramElement Program match failed (pattern true;, source i < _a.length && j < _b.length;) 
832676     DEBUG Test worker     d.u.i.k.j.JavaProgramElement Program match failed (pattern false;, source i < _a.length && j < _b.length;) 
832676     DEBUG Test worker     d.u.i.k.j.JavaProgramElement Program match failed (pattern true;, source i < _a.length && j < _b.length;) 
832676     DEBUG Test worker     d.u.i.k.j.JavaProgramElement Program match failed (pattern false;, source i < _a.length && j < _b.length;) 
832833     DEBUG Test worker     d.u.i.k.j.JavaProgramElement Program match failed (pattern true;, source !i < _a.length;) 
832833     DEBUG Test worker     d.u.i.k.j.JavaProgramElement Program match failed (pattern false;, source !i < _a.length;) 
832833     DEBUG Test worker     d.u.i.k.j.JavaProgramElement Program match failed (pattern true;, source !i < _a.length;) 
832833     DEBUG Test worker     d.u.i.k.j.JavaProgramElement Program match failed (pattern false;, source !i < _a.length;) 
832833     DEBUG Test worker     d.u.i.k.j.JavaProgramElement Program match failed (pattern true;, source i < _a.length;) 
832833     DEBUG Test worker     d.u.i.k.j.JavaProgramElement Program match failed (pattern false;, source i < _a.length;) 
832833     DEBUG Test worker     d.u.i.k.j.JavaProgramElement Program match failed (pattern true;, source i < _a.length;) 
832833     DEBUG Test worker     d.u.i.k.j.JavaProgramElement Program match failed (pattern false;, source i < _a.length;) 
832848     DEBUG Test worker     d.u.i.k.j.JavaProgramElement Program match failed (pattern true;, source i) 
832848     DEBUG Test worker     d.u.i.k.j.JavaProgramElement Program match failed (pattern false;, source i) 
832848     DEBUG Test worker     d.u.i.k.j.JavaProgramElement Program match failed (pattern true;, source i) 
832848     DEBUG Test worker     d.u.i.k.j.JavaProgramElement Program match failed (pattern false;, source i) 
832848     DEBUG Test worker     d.u.i.k.j.JavaProgramElement Program match failed (pattern true;, source _a.length;) 
832848     DEBUG Test worker     d.u.i.k.j.JavaProgramElement Program match failed (pattern false;, source _a.length;) 
832848     DEBUG Test worker     d.u.i.k.j.JavaProgramElement Program match failed (pattern true;, source _a.length;) 
832848     DEBUG Test worker     d.u.i.k.j.JavaProgramElement Program match failed (pattern false;, source _a.length;) 
832864     DEBUG Test worker     d.u.i.k.j.JavaProgramElement Program match failed (pattern true;, source i_1 < i_2;) 
832864     DEBUG Test worker     d.u.i.k.j.JavaProgramElement Program match failed (pattern false;, source i_1 < i_2;) 
832864     DEBUG Test worker     d.u.i.k.j.JavaProgramElement Program match failed (pattern true;, source i_1 < i_2;) 
832864     DEBUG Test worker     d.u.i.k.j.JavaProgramElement Program match failed (pattern false;, source i_1 < i_2;) 
832864     DEBUG Test worker     d.u.i.k.j.JavaProgramElement Program match failed (pattern true;, source i_1 < i_2;) 
832864     DEBUG Test worker     d.u.i.k.j.JavaProgramElement Program match failed (pattern false;, source i_1 < i_2;) 
832864     DEBUG Test worker     d.u.i.k.j.JavaProgramElement Program match failed (pattern true;, source i_1 < i_2;) 
832864     DEBUG Test worker     d.u.i.k.j.JavaProgramElement Program match failed (pattern false;, source i_1 < i_2;) 
832864     DEBUG Test worker     d.u.i.k.j.JavaProgramElement Program match failed (pattern true;, source !b_2;) 
832864     DEBUG Test worker     d.u.i.k.j.JavaProgramElement Program match failed (pattern false;, source !b_2;) 
832864     DEBUG Test worker     d.u.i.k.j.JavaProgramElement Program match failed (pattern true;, source !b_2;) 
832864     DEBUG Test worker     d.u.i.k.j.JavaProgramElement Program match failed (pattern false;, source !b_2;) 
832880     DEBUG Test worker     d.u.i.k.j.JavaProgramElement Program match failed (pattern true;, source !b_2;) 
832880     DEBUG Test worker     d.u.i.k.j.JavaProgramElement Program match failed (pattern false;, source !b_2;) 
832880     DEBUG Test worker     d.u.i.k.j.JavaProgramElement Program match failed (pattern true;, source !b_2;) 
832880     DEBUG Test worker     d.u.i.k.j.JavaProgramElement Program match failed (pattern false;, source !b_2;) 
832880     DEBUG Test worker     d.u.i.k.j.JavaProgramElement Program match failed (pattern true;, source !b_2;) 
832880     DEBUG Test worker     d.u.i.k.j.JavaProgramElement Program match failed (pattern false;, source !b_2;) 
832880     DEBUG Test worker     d.u.i.k.j.JavaProgramElement Program match failed (pattern true;, source !b_2;) 
832880     DEBUG Test worker     d.u.i.k.j.JavaProgramElement Program match failed (pattern false;, source !b_2;) 
832880     DEBUG Test worker     d.u.i.k.j.JavaProgramElement Program match failed (pattern true;, source !b_2;) 
832880     DEBUG Test worker     d.u.i.k.j.JavaProgramElement Program match failed (pattern false;, source !b_2;) 
832880     DEBUG Test worker     d.u.i.k.j.JavaProgramElement Program match failed (pattern true;, source !b_2;) 
832880     DEBUG Test worker     d.u.i.k.j.JavaProgramElement Program match failed (pattern false;, source !b_2;) 
832895     DEBUG Test worker     d.u.i.k.j.JavaProgramElement Program match failed (pattern true;, source !b_2;) 
832895     DEBUG Test worker     d.u.i.k.j.JavaProgramElement Program match failed (pattern false;, source !b_2;) 
832895     DEBUG Test worker     d.u.i.k.j.JavaProgramElement Program match failed (pattern true;, source !b_2;) 
832895     DEBUG Test worker     d.u.i.k.j.JavaProgramElement Program match failed (pattern false;, source !b_2;) 
832895     DEBUG Test worker     d.u.i.k.j.JavaProgramElement Program match failed (pattern true;, source !b_2;) 
832895     DEBUG Test worker     d.u.i.k.j.JavaProgramElement Program match failed (pattern false;, source !b_2;) 
832895     DEBUG Test worker     d.u.i.k.j.JavaProgramElement Program match failed (pattern true;, source !b_2;) 
832895     DEBUG Test worker     d.u.i.k.j.JavaProgramElement Program match failed (pattern false;, source !b_2;) 
832895     DEBUG Test worker     d.u.i.k.j.JavaProgramElement Program match failed (pattern true;, source !b_2;) 
832895     DEBUG Test worker     d.u.i.k.j.JavaProgramElement Program match failed (pattern false;, source !b_2;) 
832895     DEBUG Test worker     d.u.i.k.j.JavaProgramElement Program match failed (pattern true;, source !b_2;) 
832895     DEBUG Test worker     d.u.i.k.j.JavaProgramElement Program match failed (pattern false;, source !b_2;) 
832895     DEBUG Test worker     d.u.i.k.j.JavaProgramElement Program match failed (pattern true;, source !b_2;) 
832895     DEBUG Test worker     d.u.i.k.j.JavaProgramElement Program match failed (pattern false;, source !b_2;) 
832895     DEBUG Test worker     d.u.i.k.j.JavaProgramElement Program match failed (pattern true;, source !b_2;) 
832895     DEBUG Test worker     d.u.i.k.j.JavaProgramElement Program match failed (pattern false;, source !b_2;) 
832926     DEBUG Test worker     d.u.i.k.j.JavaProgramElement Program match failed (pattern false;, source j < _b.length;) 
832926     DEBUG Test worker     d.u.i.k.j.JavaProgramElement Program match failed (pattern true;, source j < _b.length;) 
832926     DEBUG Test worker     d.u.i.k.j.JavaProgramElement Program match failed (pattern false;, source j < _b.length;) 
832926     DEBUG Test worker     d.u.i.k.j.JavaProgramElement Program match failed (pattern true;, source j < _b.length;) 
832926     DEBUG Test worker     d.u.i.k.j.JavaProgramElement Program match failed (pattern true;, source j < _b.length;) 
832926     DEBUG Test worker     d.u.i.k.j.JavaProgramElement Program match failed (pattern false;, source j < _b.length;) 
832926     DEBUG Test worker     d.u.i.k.j.JavaProgramElement Program match failed (pattern true;, source j < _b.length;) 
832926     DEBUG Test worker     d.u.i.k.j.JavaProgramElement Program match failed (pattern false;, source j < _b.length;) 
832926     DEBUG Test worker     d.u.i.k.j.JavaProgramElement Program match failed (pattern true;, source false;) 
832926     DEBUG Test worker     d.u.i.k.j.JavaProgramElement Program match failed (pattern true;, source false;) 
832926     DEBUG Test worker     d.u.i.k.j.JavaProgramElement Program match failed (pattern false;, source j < _b.length;) 
832926     DEBUG Test worker     d.u.i.k.j.JavaProgramElement Program match failed (pattern true;, source j < _b.length;) 
832926     DEBUG Test worker     d.u.i.k.j.JavaProgramElement Program match failed (pattern false;, source j < _b.length;) 
832926     DEBUG Test worker     d.u.i.k.j.JavaProgramElement Program match failed (pattern true;, source j < _b.length;) 
832926     DEBUG Test worker     d.u.i.k.j.JavaProgramElement Program match failed (pattern true;, source j < _b.length;) 
832926     DEBUG Test worker     d.u.i.k.j.JavaProgramElement Program match failed (pattern false;, source j < _b.length;) 
832926     DEBUG Test worker     d.u.i.k.j.JavaProgramElement Program match failed (pattern true;, source j < _b.length;) 
832926     DEBUG Test worker     d.u.i.k.j.JavaProgramElement Program match failed (pattern false;, source j < _b.length;) 
832958     DEBUG Test worker     d.u.i.k.j.JavaProgramElement Program match failed (pattern true;, source j) 
832958     DEBUG Test worker     d.u.i.k.j.JavaProgramElement Program match failed (pattern false;, source j) 
832958     DEBUG Test worker     d.u.i.k.j.JavaProgramElement Program match failed (pattern true;, source j) 
832958     DEBUG Test worker     d.u.i.k.j.JavaProgramElement Program match failed (pattern false;, source j) 
832958     DEBUG Test worker     d.u.i.k.j.JavaProgramElement Program match failed (pattern true;, source _b.length;) 
832958     DEBUG Test worker     d.u.i.k.j.JavaProgramElement Program match failed (pattern false;, source _b.length;) 
832958     DEBUG Test worker     d.u.i.k.j.JavaProgramElement Program match failed (pattern true;, source _b.length;) 
832958     DEBUG Test worker     d.u.i.k.j.JavaProgramElement Program match failed (pattern false;, source _b.length;) 
832973     DEBUG Test worker     d.u.i.k.j.JavaProgramElement Program match failed (pattern true;, source i_3 < i_4;) 
832973     DEBUG Test worker     d.u.i.k.j.JavaProgramElement Program match failed (pattern false;, source i_3 < i_4;) 
832973     DEBUG Test worker     d.u.i.k.j.JavaProgramElement Program match failed (pattern true;, source i_3 < i_4;) 
832973     DEBUG Test worker     d.u.i.k.j.JavaProgramElement Program match failed (pattern false;, source i_3 < i_4;) 
832973     DEBUG Test worker     d.u.i.k.j.JavaProgramElement Program match failed (pattern true;, source i_3 < i_4;) 
832973     DEBUG Test worker     d.u.i.k.j.JavaProgramElement Program match failed (pattern false;, source i_3 < i_4;) 
832973     DEBUG Test worker     d.u.i.k.j.JavaProgramElement Program match failed (pattern true;, source i_3 < i_4;) 
832973     DEBUG Test worker     d.u.i.k.j.JavaProgramElement Program match failed (pattern false;, source i_3 < i_4;) 
833051     DEBUG Test worker     d.u.i.k.j.JavaProgramElement Program match failed (pattern true;, source result) 
833051     DEBUG Test worker     d.u.i.k.j.JavaProgramElement Program match failed (pattern false;, source result) 
833051     DEBUG Test worker     d.u.i.k.j.JavaProgramElement Program match failed (pattern true;, source result) 
833051     DEBUG Test worker     d.u.i.k.j.JavaProgramElement Program match failed (pattern false;, source result) 
833536     DEBUG Test worker     d.u.i.k.j.JavaProgramElement Program match failed (pattern true;, source false;) 
833536     DEBUG Test worker     d.u.i.k.j.JavaProgramElement Program match failed (pattern true;, source false;) 
841899     DEBUG Test worker     d.u.i.k.j.JavaProgramElement Program match failed (pattern true;, source i < _a.length && j < _b.length;) 
841899     DEBUG Test worker     d.u.i.k.j.JavaProgramElement Program match failed (pattern false;, source i < _a.length && j < _b.length;) 
841899     DEBUG Test worker     d.u.i.k.j.JavaProgramElement Program match failed (pattern true;, source i < _a.length && j < _b.length;) 
841899     DEBUG Test worker     d.u.i.k.j.JavaProgramElement Program match failed (pattern false;, source i < _a.length && j < _b.length;) 
841899     DEBUG Test worker     d.u.i.k.j.JavaProgramElement Program match failed (pattern true;, source false;) 
841899     DEBUG Test worker     d.u.i.k.j.JavaProgramElement Program match failed (pattern true;, source false;) 
842025     DEBUG Test worker     d.u.i.k.j.JavaProgramElement Program match failed (pattern true;, source i < _a.length && j < _b.length;) 
842025     DEBUG Test worker     d.u.i.k.j.JavaProgramElement Program match failed (pattern false;, source i < _a.length && j < _b.length;) 
842025     DEBUG Test worker     d.u.i.k.j.JavaProgramElement Program match failed (pattern true;, source i < _a.length && j < _b.length;) 
842025     DEBUG Test worker     d.u.i.k.j.JavaProgramElement Program match failed (pattern false;, source i < _a.length && j < _b.length;) 
842040     DEBUG Test worker     d.u.i.k.j.JavaProgramElement Program match failed (pattern true;, source i < _a.length && j < _b.length;) 
842040     DEBUG Test worker     d.u.i.k.j.JavaProgramElement Program match failed (pattern false;, source i < _a.length && j < _b.length;) 
842040     DEBUG Test worker     d.u.i.k.j.JavaProgramElement Program match failed (pattern true;, source i < _a.length && j < _b.length;) 
842040     DEBUG Test worker     d.u.i.k.j.JavaProgramElement Program match failed (pattern false;, source i < _a.length && j < _b.length;) 
842040     DEBUG Test worker     d.u.i.k.j.JavaProgramElement Program match failed (pattern true;, source i < _a.length && j < _b.length;) 
842040     DEBUG Test worker     d.u.i.k.j.JavaProgramElement Program match failed (pattern false;, source i < _a.length && j < _b.length;) 
842040     DEBUG Test worker     d.u.i.k.j.JavaProgramElement Program match failed (pattern true;, source i < _a.length && j < _b.length;) 
842040     DEBUG Test worker     d.u.i.k.j.JavaProgramElement Program match failed (pattern false;, source i < _a.length && j < _b.length;) 
842181     DEBUG Test worker     d.u.i.k.j.JavaProgramElement Program match failed (pattern true;, source i < _a.length && j < _b.length;) 
842181     DEBUG Test worker     d.u.i.k.j.JavaProgramElement Program match failed (pattern false;, source i < _a.length && j < _b.length;) 
842181     DEBUG Test worker     d.u.i.k.j.JavaProgramElement Program match failed (pattern true;, source i < _a.length && j < _b.length;) 
842181     DEBUG Test worker     d.u.i.k.j.JavaProgramElement Program match failed (pattern false;, source i < _a.length && j < _b.length;) 
842197     DEBUG Test worker     d.u.i.k.j.JavaProgramElement Program match failed (pattern true;, source !i < _a.length;) 
842197     DEBUG Test worker     d.u.i.k.j.JavaProgramElement Program match failed (pattern false;, source !i < _a.length;) 
842197     DEBUG Test worker     d.u.i.k.j.JavaProgramElement Program match failed (pattern true;, source !i < _a.length;) 
842197     DEBUG Test worker     d.u.i.k.j.JavaProgramElement Program match failed (pattern false;, source !i < _a.length;) 
842197     DEBUG Test worker     d.u.i.k.j.JavaProgramElement Program match failed (pattern true;, source i < _a.length;) 
842197     DEBUG Test worker     d.u.i.k.j.JavaProgramElement Program match failed (pattern false;, source i < _a.length;) 
842197     DEBUG Test worker     d.u.i.k.j.JavaProgramElement Program match failed (pattern true;, source i < _a.length;) 
842197     DEBUG Test worker     d.u.i.k.j.JavaProgramElement Program match failed (pattern false;, source i < _a.length;) 
842212     DEBUG Test worker     d.u.i.k.j.JavaProgramElement Program match failed (pattern true;, source i) 
842212     DEBUG Test worker     d.u.i.k.j.JavaProgramElement Program match failed (pattern false;, source i) 
842212     DEBUG Test worker     d.u.i.k.j.JavaProgramElement Program match failed (pattern true;, source i) 
842212     DEBUG Test worker     d.u.i.k.j.JavaProgramElement Program match failed (pattern false;, source i) 
842212     DEBUG Test worker     d.u.i.k.j.JavaProgramElement Program match failed (pattern true;, source _a.length;) 
842212     DEBUG Test worker     d.u.i.k.j.JavaProgramElement Program match failed (pattern false;, source _a.length;) 
842212     DEBUG Test worker     d.u.i.k.j.JavaProgramElement Program match failed (pattern true;, source _a.length;) 
842212     DEBUG Test worker     d.u.i.k.j.JavaProgramElement Program match failed (pattern false;, source _a.length;) 
842212     DEBUG Test worker     d.u.i.k.j.JavaProgramElement Program match failed (pattern true;, source i_1 < i_2;) 
842212     DEBUG Test worker     d.u.i.k.j.JavaProgramElement Program match failed (pattern false;, source i_1 < i_2;) 
842212     DEBUG Test worker     d.u.i.k.j.JavaProgramElement Program match failed (pattern true;, source i_1 < i_2;) 
842212     DEBUG Test worker     d.u.i.k.j.JavaProgramElement Program match failed (pattern false;, source i_1 < i_2;) 
842212     DEBUG Test worker     d.u.i.k.j.JavaProgramElement Program match failed (pattern true;, source i_1 < i_2;) 
842212     DEBUG Test worker     d.u.i.k.j.JavaProgramElement Program match failed (pattern false;, source i_1 < i_2;) 
842212     DEBUG Test worker     d.u.i.k.j.JavaProgramElement Program match failed (pattern true;, source i_1 < i_2;) 
842212     DEBUG Test worker     d.u.i.k.j.JavaProgramElement Program match failed (pattern false;, source i_1 < i_2;) 
842228     DEBUG Test worker     d.u.i.k.j.JavaProgramElement Program match failed (pattern true;, source !b_3;) 
842228     DEBUG Test worker     d.u.i.k.j.JavaProgramElement Program match failed (pattern false;, source !b_3;) 
842228     DEBUG Test worker     d.u.i.k.j.JavaProgramElement Program match failed (pattern true;, source !b_3;) 
842228     DEBUG Test worker     d.u.i.k.j.JavaProgramElement Program match failed (pattern false;, source !b_3;) 
842228     DEBUG Test worker     d.u.i.k.j.JavaProgramElement Program match failed (pattern true;, source !b_3;) 
842228     DEBUG Test worker     d.u.i.k.j.JavaProgramElement Program match failed (pattern false;, source !b_3;) 
842228     DEBUG Test worker     d.u.i.k.j.JavaProgramElement Program match failed (pattern true;, source !b_3;) 
842228     DEBUG Test worker     d.u.i.k.j.JavaProgramElement Program match failed (pattern false;, source !b_3;) 
842228     DEBUG Test worker     d.u.i.k.j.JavaProgramElement Program match failed (pattern true;, source !b_3;) 
842228     DEBUG Test worker     d.u.i.k.j.JavaProgramElement Program match failed (pattern false;, source !b_3;) 
842228     DEBUG Test worker     d.u.i.k.j.JavaProgramElement Program match failed (pattern true;, source !b_3;) 
842228     DEBUG Test worker     d.u.i.k.j.JavaProgramElement Program match failed (pattern false;, source !b_3;) 
842228     DEBUG Test worker     d.u.i.k.j.JavaProgramElement Program match failed (pattern true;, source !b_3;) 
842228     DEBUG Test worker     d.u.i.k.j.JavaProgramElement Program match failed (pattern false;, source !b_3;) 
842228     DEBUG Test worker     d.u.i.k.j.JavaProgramElement Program match failed (pattern true;, source !b_3;) 
842228     DEBUG Test worker     d.u.i.k.j.JavaProgramElement Program match failed (pattern false;, source !b_3;) 
842228     DEBUG Test worker     d.u.i.k.j.JavaProgramElement Program match failed (pattern true;, source !b_3;) 
842228     DEBUG Test worker     d.u.i.k.j.JavaProgramElement Program match failed (pattern false;, source !b_3;) 
842228     DEBUG Test worker     d.u.i.k.j.JavaProgramElement Program match failed (pattern true;, source !b_3;) 
842228     DEBUG Test worker     d.u.i.k.j.JavaProgramElement Program match failed (pattern false;, source !b_3;) 
842228     DEBUG Test worker     d.u.i.k.j.JavaProgramElement Program match failed (pattern true;, source !b_3;) 
842228     DEBUG Test worker     d.u.i.k.j.JavaProgramElement Program match failed (pattern false;, source !b_3;) 
842228     DEBUG Test worker     d.u.i.k.j.JavaProgramElement Program match failed (pattern true;, source !b_3;) 
842228     DEBUG Test worker     d.u.i.k.j.JavaProgramElement Program match failed (pattern false;, source !b_3;) 
842243     DEBUG Test worker     d.u.i.k.j.JavaProgramElement Program match failed (pattern true;, source !b_3;) 
842243     DEBUG Test worker     d.u.i.k.j.JavaProgramElement Program match failed (pattern false;, source !b_3;) 
842243     DEBUG Test worker     d.u.i.k.j.JavaProgramElement Program match failed (pattern true;, source !b_3;) 
842243     DEBUG Test worker     d.u.i.k.j.JavaProgramElement Program match failed (pattern false;, source !b_3;) 
842243     DEBUG Test worker     d.u.i.k.j.JavaProgramElement Program match failed (pattern true;, source !b_3;) 
842243     DEBUG Test worker     d.u.i.k.j.JavaProgramElement Program match failed (pattern false;, source !b_3;) 
842243     DEBUG Test worker     d.u.i.k.j.JavaProgramElement Program match failed (pattern true;, source !b_3;) 
842243     DEBUG Test worker     d.u.i.k.j.JavaProgramElement Program match failed (pattern false;, source !b_3;) 
842259     DEBUG Test worker     d.u.i.k.j.JavaProgramElement Program match failed (pattern true;, source !i < _a.length;) 
842259     DEBUG Test worker     d.u.i.k.j.JavaProgramElement Program match failed (pattern false;, source !i < _a.length;) 
842259     DEBUG Test worker     d.u.i.k.j.JavaProgramElement Program match failed (pattern true;, source !i < _a.length;) 
842259     DEBUG Test worker     d.u.i.k.j.JavaProgramElement Program match failed (pattern false;, source !i < _a.length;) 
842259     DEBUG Test worker     d.u.i.k.j.JavaProgramElement Program match failed (pattern true;, source i < _a.length;) 
842259     DEBUG Test worker     d.u.i.k.j.JavaProgramElement Program match failed (pattern false;, source i < _a.length;) 
842275     DEBUG Test worker     d.u.i.k.j.JavaProgramElement Program match failed (pattern true;, source i < _a.length;) 
842275     DEBUG Test worker     d.u.i.k.j.JavaProgramElement Program match failed (pattern false;, source i < _a.length;) 
842275     DEBUG Test worker     d.u.i.k.j.JavaProgramElement Program match failed (pattern true;, source i) 
842275     DEBUG Test worker     d.u.i.k.j.JavaProgramElement Program match failed (pattern false;, source i) 
842275     DEBUG Test worker     d.u.i.k.j.JavaProgramElement Program match failed (pattern true;, source i) 
842275     DEBUG Test worker     d.u.i.k.j.JavaProgramElement Program match failed (pattern false;, source i) 
842290     DEBUG Test worker     d.u.i.k.j.JavaProgramElement Program match failed (pattern true;, source _a.length;) 
842290     DEBUG Test worker     d.u.i.k.j.JavaProgramElement Program match failed (pattern false;, source _a.length;) 
842290     DEBUG Test worker     d.u.i.k.j.JavaProgramElement Program match failed (pattern true;, source _a.length;) 
842290     DEBUG Test worker     d.u.i.k.j.JavaProgramElement Program match failed (pattern false;, source _a.length;) 
842306     DEBUG Test worker     d.u.i.k.j.JavaProgramElement Program match failed (pattern true;, source i_3 < i_4;) 
842306     DEBUG Test worker     d.u.i.k.j.JavaProgramElement Program match failed (pattern false;, source i_3 < i_4;) 
842306     DEBUG Test worker     d.u.i.k.j.JavaProgramElement Program match failed (pattern true;, source i_3 < i_4;) 
842306     DEBUG Test worker     d.u.i.k.j.JavaProgramElement Program match failed (pattern false;, source i_3 < i_4;) 
842306     DEBUG Test worker     d.u.i.k.j.JavaProgramElement Program match failed (pattern true;, source i_3 < i_4;) 
842306     DEBUG Test worker     d.u.i.k.j.JavaProgramElement Program match failed (pattern false;, source i_3 < i_4;) 
842306     DEBUG Test worker     d.u.i.k.j.JavaProgramElement Program match failed (pattern true;, source i_3 < i_4;) 
842306     DEBUG Test worker     d.u.i.k.j.JavaProgramElement Program match failed (pattern false;, source i_3 < i_4;) 
842306     DEBUG Test worker     d.u.i.k.j.JavaProgramElement Program match failed (pattern true;, source !b_5;) 
842322     DEBUG Test worker     d.u.i.k.j.JavaProgramElement Program match failed (pattern false;, source !b_5;) 
842322     DEBUG Test worker     d.u.i.k.j.JavaProgramElement Program match failed (pattern true;, source !b_5;) 
842322     DEBUG Test worker     d.u.i.k.j.JavaProgramElement Program match failed (pattern false;, source !b_5;) 
842322     DEBUG Test worker     d.u.i.k.j.JavaProgramElement Program match failed (pattern true;, source !b_5;) 
842322     DEBUG Test worker     d.u.i.k.j.JavaProgramElement Program match failed (pattern false;, source !b_5;) 
842322     DEBUG Test worker     d.u.i.k.j.JavaProgramElement Program match failed (pattern true;, source !b_5;) 
842322     DEBUG Test worker     d.u.i.k.j.JavaProgramElement Program match failed (pattern false;, source !b_5;) 
842322     DEBUG Test worker     d.u.i.k.j.JavaProgramElement Program match failed (pattern true;, source !b_5;) 
842322     DEBUG Test worker     d.u.i.k.j.JavaProgramElement Program match failed (pattern false;, source !b_5;) 
842322     DEBUG Test worker     d.u.i.k.j.JavaProgramElement Program match failed (pattern true;, source !b_5;) 
842322     DEBUG Test worker     d.u.i.k.j.JavaProgramElement Program match failed (pattern false;, source !b_5;) 
842337     DEBUG Test worker     d.u.i.k.j.JavaProgramElement Program match failed (pattern true;, source !b_5;) 
842337     DEBUG Test worker     d.u.i.k.j.JavaProgramElement Program match failed (pattern false;, source !b_5;) 
842337     DEBUG Test worker     d.u.i.k.j.JavaProgramElement Program match failed (pattern true;, source !b_5;) 
842337     DEBUG Test worker     d.u.i.k.j.JavaProgramElement Program match failed (pattern false;, source !b_5;) 
842337     DEBUG Test worker     d.u.i.k.j.JavaProgramElement Program match failed (pattern true;, source !b_5;) 
842337     DEBUG Test worker     d.u.i.k.j.JavaProgramElement Program match failed (pattern false;, source !b_5;) 
842337     DEBUG Test worker     d.u.i.k.j.JavaProgramElement Program match failed (pattern true;, source !b_5;) 
842337     DEBUG Test worker     d.u.i.k.j.JavaProgramElement Program match failed (pattern false;, source !b_5;) 
842337     DEBUG Test worker     d.u.i.k.j.JavaProgramElement Program match failed (pattern true;, source !b_5;) 
842337     DEBUG Test worker     d.u.i.k.j.JavaProgramElement Program match failed (pattern false;, source !b_5;) 
842337     DEBUG Test worker     d.u.i.k.j.JavaProgramElement Program match failed (pattern true;, source !b_5;) 
842337     DEBUG Test worker     d.u.i.k.j.JavaProgramElement Program match failed (pattern false;, source !b_5;) 
842353     DEBUG Test worker     d.u.i.k.j.JavaProgramElement Program match failed (pattern true;, source !b_5;) 
842353     DEBUG Test worker     d.u.i.k.j.JavaProgramElement Program match failed (pattern false;, source !b_5;) 
842353     DEBUG Test worker     d.u.i.k.j.JavaProgramElement Program match failed (pattern true;, source !b_5;) 
842353     DEBUG Test worker     d.u.i.k.j.JavaProgramElement Program match failed (pattern false;, source !b_5;) 
842353     DEBUG Test worker     d.u.i.k.j.JavaProgramElement Program match failed (pattern true;, source !b_5;) 
842353     DEBUG Test worker     d.u.i.k.j.JavaProgramElement Program match failed (pattern false;, source !b_5;) 
842353     DEBUG Test worker     d.u.i.k.j.JavaProgramElement Program match failed (pattern true;, source !b_5;) 
842353     DEBUG Test worker     d.u.i.k.j.JavaProgramElement Program match failed (pattern false;, source !b_5;) 
842368     DEBUG Test worker     d.u.i.k.j.JavaProgramElement Program match failed (pattern false;, source j < _b.length;) 
842368     DEBUG Test worker     d.u.i.k.j.JavaProgramElement Program match failed (pattern true;, source j < _b.length;) 
842368     DEBUG Test worker     d.u.i.k.j.JavaProgramElement Program match failed (pattern false;, source j < _b.length;) 
842368     DEBUG Test worker     d.u.i.k.j.JavaProgramElement Program match failed (pattern true;, source j < _b.length;) 
842368     DEBUG Test worker     d.u.i.k.j.JavaProgramElement Program match failed (pattern true;, source j < _b.length;) 
842368     DEBUG Test worker     d.u.i.k.j.JavaProgramElement Program match failed (pattern false;, source j < _b.length;) 
842368     DEBUG Test worker     d.u.i.k.j.JavaProgramElement Program match failed (pattern true;, source j < _b.length;) 
842368     DEBUG Test worker     d.u.i.k.j.JavaProgramElement Program match failed (pattern false;, source j < _b.length;) 
842368     DEBUG Test worker     d.u.i.k.j.JavaProgramElement Program match failed (pattern true;, source false;) 
842384     DEBUG Test worker     d.u.i.k.j.JavaProgramElement Program match failed (pattern true;, source false;) 
842384     DEBUG Test worker     d.u.i.k.j.JavaProgramElement Program match failed (pattern false;, source j < _b.length;) 
842384     DEBUG Test worker     d.u.i.k.j.JavaProgramElement Program match failed (pattern true;, source j < _b.length;) 
842384     DEBUG Test worker     d.u.i.k.j.JavaProgramElement Program match failed (pattern false;, source j < _b.length;) 
842384     DEBUG Test worker     d.u.i.k.j.JavaProgramElement Program match failed (pattern true;, source j < _b.length;) 
842384     DEBUG Test worker     d.u.i.k.j.JavaProgramElement Program match failed (pattern true;, source j < _b.length;) 
842384     DEBUG Test worker     d.u.i.k.j.JavaProgramElement Program match failed (pattern false;, source j < _b.length;) 
842384     DEBUG Test worker     d.u.i.k.j.JavaProgramElement Program match failed (pattern true;, source j < _b.length;) 
842384     DEBUG Test worker     d.u.i.k.j.JavaProgramElement Program match failed (pattern false;, source j < _b.length;) 
842415     DEBUG Test worker     d.u.i.k.j.JavaProgramElement Program match failed (pattern true;, source j) 
842415     DEBUG Test worker     d.u.i.k.j.JavaProgramElement Program match failed (pattern false;, source j) 
842415     DEBUG Test worker     d.u.i.k.j.JavaProgramElement Program match failed (pattern true;, source j) 
842415     DEBUG Test worker     d.u.i.k.j.JavaProgramElement Program match failed (pattern false;, source j) 
842431     DEBUG Test worker     d.u.i.k.j.JavaProgramElement Program match failed (pattern true;, source _b.length;) 
842431     DEBUG Test worker     d.u.i.k.j.JavaProgramElement Program match failed (pattern false;, source _b.length;) 
842431     DEBUG Test worker     d.u.i.k.j.JavaProgramElement Program match failed (pattern true;, source _b.length;) 
842431     DEBUG Test worker     d.u.i.k.j.JavaProgramElement Program match failed (pattern false;, source _b.length;) 
842431     DEBUG Test worker     d.u.i.k.j.JavaProgramElement Program match failed (pattern true;, source i_5 < i_6;) 
842431     DEBUG Test worker     d.u.i.k.j.JavaProgramElement Program match failed (pattern false;, source i_5 < i_6;) 
842431     DEBUG Test worker     d.u.i.k.j.JavaProgramElement Program match failed (pattern true;, source i_5 < i_6;) 
842431     DEBUG Test worker     d.u.i.k.j.JavaProgramElement Program match failed (pattern false;, source i_5 < i_6;) 
842431     DEBUG Test worker     d.u.i.k.j.JavaProgramElement Program match failed (pattern true;, source i_5 < i_6;) 
842431     DEBUG Test worker     d.u.i.k.j.JavaProgramElement Program match failed (pattern false;, source i_5 < i_6;) 
842431     DEBUG Test worker     d.u.i.k.j.JavaProgramElement Program match failed (pattern true;, source i_5 < i_6;) 
842431     DEBUG Test worker     d.u.i.k.j.JavaProgramElement Program match failed (pattern false;, source i_5 < i_6;) 
842493     DEBUG Test worker     d.u.i.k.j.JavaProgramElement Program match failed (pattern false;, source j < _b.length;) 
842493     DEBUG Test worker     d.u.i.k.j.JavaProgramElement Program match failed (pattern true;, source j < _b.length;) 
842509     DEBUG Test worker     d.u.i.k.j.JavaProgramElement Program match failed (pattern false;, source j < _b.length;) 
842509     DEBUG Test worker     d.u.i.k.j.JavaProgramElement Program match failed (pattern true;, source j < _b.length;) 
842509     DEBUG Test worker     d.u.i.k.j.JavaProgramElement Program match failed (pattern true;, source j < _b.length;) 
842509     DEBUG Test worker     d.u.i.k.j.JavaProgramElement Program match failed (pattern false;, source j < _b.length;) 
842509     DEBUG Test worker     d.u.i.k.j.JavaProgramElement Program match failed (pattern true;, source j < _b.length;) 
842509     DEBUG Test worker     d.u.i.k.j.JavaProgramElement Program match failed (pattern false;, source j < _b.length;) 
842509     DEBUG Test worker     d.u.i.k.j.JavaProgramElement Program match failed (pattern true;, source false;) 
842509     DEBUG Test worker     d.u.i.k.j.JavaProgramElement Program match failed (pattern true;, source false;) 
842509     DEBUG Test worker     d.u.i.k.j.JavaProgramElement Program match failed (pattern false;, source j < _b.length;) 
842509     DEBUG Test worker     d.u.i.k.j.JavaProgramElement Program match failed (pattern true;, source j < _b.length;) 
842509     DEBUG Test worker     d.u.i.k.j.JavaProgramElement Program match failed (pattern false;, source j < _b.length;) 
842509     DEBUG Test worker     d.u.i.k.j.JavaProgramElement Program match failed (pattern true;, source j < _b.length;) 
842509     DEBUG Test worker     d.u.i.k.j.JavaProgramElement Program match failed (pattern true;, source j < _b.length;) 
842509     DEBUG Test worker     d.u.i.k.j.JavaProgramElement Program match failed (pattern false;, source j < _b.length;) 
842509     DEBUG Test worker     d.u.i.k.j.JavaProgramElement Program match failed (pattern true;, source j < _b.length;) 
842509     DEBUG Test worker     d.u.i.k.j.JavaProgramElement Program match failed (pattern false;, source j < _b.length;) 
842540     DEBUG Test worker     d.u.i.k.j.JavaProgramElement Program match failed (pattern false;, source j) 
842540     DEBUG Test worker     d.u.i.k.j.JavaProgramElement Program match failed (pattern true;, source j) 
842540     DEBUG Test worker     d.u.i.k.j.JavaProgramElement Program match failed (pattern false;, source j) 
842540     DEBUG Test worker     d.u.i.k.j.JavaProgramElement Program match failed (pattern true;, source j) 
842540     DEBUG Test worker     d.u.i.k.j.JavaProgramElement Program match failed (pattern true;, source j) 
842540     DEBUG Test worker     d.u.i.k.j.JavaProgramElement Program match failed (pattern false;, source j) 
842540     DEBUG Test worker     d.u.i.k.j.JavaProgramElement Program match failed (pattern true;, source j) 
842540     DEBUG Test worker     d.u.i.k.j.JavaProgramElement Program match failed (pattern false;, source j) 
842556     DEBUG Test worker     d.u.i.k.j.JavaProgramElement Program match failed (pattern false;, source _b.length;) 
842556     DEBUG Test worker     d.u.i.k.j.JavaProgramElement Program match failed (pattern true;, source _b.length;) 
842556     DEBUG Test worker     d.u.i.k.j.JavaProgramElement Program match failed (pattern false;, source _b.length;) 
842556     DEBUG Test worker     d.u.i.k.j.JavaProgramElement Program match failed (pattern true;, source _b.length;) 
842556     DEBUG Test worker     d.u.i.k.j.JavaProgramElement Program match failed (pattern true;, source _b.length;) 
842556     DEBUG Test worker     d.u.i.k.j.JavaProgramElement Program match failed (pattern false;, source _b.length;) 
842556     DEBUG Test worker     d.u.i.k.j.JavaProgramElement Program match failed (pattern true;, source _b.length;) 
842556     DEBUG Test worker     d.u.i.k.j.JavaProgramElement Program match failed (pattern false;, source _b.length;) 
842556     DEBUG Test worker     d.u.i.k.j.JavaProgramElement Program match failed (pattern false;, source i_7 < i_8;) 
842556     DEBUG Test worker     d.u.i.k.j.JavaProgramElement Program match failed (pattern true;, source i_7 < i_8;) 
842556     DEBUG Test worker     d.u.i.k.j.JavaProgramElement Program match failed (pattern false;, source i_7 < i_8;) 
842556     DEBUG Test worker     d.u.i.k.j.JavaProgramElement Program match failed (pattern true;, source i_7 < i_8;) 
842556     DEBUG Test worker     d.u.i.k.j.JavaProgramElement Program match failed (pattern true;, source i_7 < i_8;) 
842556     DEBUG Test worker     d.u.i.k.j.JavaProgramElement Program match failed (pattern false;, source i_7 < i_8;) 
842556     DEBUG Test worker     d.u.i.k.j.JavaProgramElement Program match failed (pattern true;, source i_7 < i_8;) 
842556     DEBUG Test worker     d.u.i.k.j.JavaProgramElement Program match failed (pattern false;, source i_7 < i_8;) 
842556     DEBUG Test worker     d.u.i.k.j.JavaProgramElement Program match failed (pattern false;, source i_7 < i_8;) 
842556     DEBUG Test worker     d.u.i.k.j.JavaProgramElement Program match failed (pattern true;, source i_7 < i_8;) 
842556     DEBUG Test worker     d.u.i.k.j.JavaProgramElement Program match failed (pattern false;, source i_7 < i_8;) 
842556     DEBUG Test worker     d.u.i.k.j.JavaProgramElement Program match failed (pattern true;, source i_7 < i_8;) 
842556     DEBUG Test worker     d.u.i.k.j.JavaProgramElement Program match failed (pattern true;, source i_7 < i_8;) 
842556     DEBUG Test worker     d.u.i.k.j.JavaProgramElement Program match failed (pattern false;, source i_7 < i_8;) 
842556     DEBUG Test worker     d.u.i.k.j.JavaProgramElement Program match failed (pattern true;, source i_7 < i_8;) 
842556     DEBUG Test worker     d.u.i.k.j.JavaProgramElement Program match failed (pattern false;, source i_7 < i_8;) 
842634     DEBUG Test worker     d.u.i.k.j.JavaProgramElement Program match failed (pattern true;, source _a[i] < _b[j];) 
842634     DEBUG Test worker     d.u.i.k.j.JavaProgramElement Program match failed (pattern false;, source _a[i] < _b[j];) 
842634     DEBUG Test worker     d.u.i.k.j.JavaProgramElement Program match failed (pattern true;, source _a[i] < _b[j];) 
842634     DEBUG Test worker     d.u.i.k.j.JavaProgramElement Program match failed (pattern false;, source _a[i] < _b[j];) 
842650     DEBUG Test worker     d.u.i.k.j.JavaProgramElement Program match failed (pattern true;, source _a[i];) 
842650     DEBUG Test worker     d.u.i.k.j.JavaProgramElement Program match failed (pattern false;, source _a[i];) 
842650     DEBUG Test worker     d.u.i.k.j.JavaProgramElement Program match failed (pattern true;, source _a[i];) 
842650     DEBUG Test worker     d.u.i.k.j.JavaProgramElement Program match failed (pattern false;, source _a[i];) 
842681     DEBUG Test worker     d.u.i.k.j.JavaProgramElement Program match failed (pattern true;, source _b[j];) 
842681     DEBUG Test worker     d.u.i.k.j.JavaProgramElement Program match failed (pattern false;, source _b[j];) 
842681     DEBUG Test worker     d.u.i.k.j.JavaProgramElement Program match failed (pattern true;, source _b[j];) 
842681     DEBUG Test worker     d.u.i.k.j.JavaProgramElement Program match failed (pattern false;, source _b[j];) 
842697     DEBUG Test worker     d.u.i.k.j.JavaProgramElement Program match failed (pattern true;, source i_9 < i_10;) 
842697     DEBUG Test worker     d.u.i.k.j.JavaProgramElement Program match failed (pattern false;, source i_9 < i_10;) 
842697     DEBUG Test worker     d.u.i.k.j.JavaProgramElement Program match failed (pattern true;, source i_9 < i_10;) 
842697     DEBUG Test worker     d.u.i.k.j.JavaProgramElement Program match failed (pattern false;, source i_9 < i_10;) 
842712     DEBUG Test worker     d.u.i.k.j.JavaProgramElement Program match failed (pattern true;, source i_9 < i_10;) 
842712     DEBUG Test worker     d.u.i.k.j.JavaProgramElement Program match failed (pattern false;, source i_9 < i_10;) 
842712     DEBUG Test worker     d.u.i.k.j.JavaProgramElement Program match failed (pattern true;, source i_9 < i_10;) 
842712     DEBUG Test worker     d.u.i.k.j.JavaProgramElement Program match failed (pattern false;, source i_9 < i_10;) 
842775     DEBUG Test worker     d.u.i.k.j.JavaProgramElement Program match failed (pattern true;, source _b[j] < _a[i];) 
842790     DEBUG Test worker     d.u.i.k.j.JavaProgramElement Program match failed (pattern false;, source _b[j] < _a[i];) 
842790     DEBUG Test worker     d.u.i.k.j.JavaProgramElement Program match failed (pattern true;, source _b[j] < _a[i];) 
842790     DEBUG Test worker     d.u.i.k.j.JavaProgramElement Program match failed (pattern false;, source _b[j] < _a[i];) 
842790     DEBUG Test worker     d.u.i.k.j.JavaProgramElement Program match failed (pattern true;, source _b[j];) 
842790     DEBUG Test worker     d.u.i.k.j.JavaProgramElement Program match failed (pattern false;, source _b[j];) 
842790     DEBUG Test worker     d.u.i.k.j.JavaProgramElement Program match failed (pattern true;, source _b[j];) 
842790     DEBUG Test worker     d.u.i.k.j.JavaProgramElement Program match failed (pattern false;, source _b[j];) 
842822     DEBUG Test worker     d.u.i.k.j.JavaProgramElement Program match failed (pattern true;, source _a[i];) 
842822     DEBUG Test worker     d.u.i.k.j.JavaProgramElement Program match failed (pattern false;, source _a[i];) 
842822     DEBUG Test worker     d.u.i.k.j.JavaProgramElement Program match failed (pattern true;, source _a[i];) 
842822     DEBUG Test worker     d.u.i.k.j.JavaProgramElement Program match failed (pattern false;, source _a[i];) 
842837     DEBUG Test worker     d.u.i.k.j.JavaProgramElement Program match failed (pattern true;, source i_11 < i_12;) 
842837     DEBUG Test worker     d.u.i.k.j.JavaProgramElement Program match failed (pattern false;, source i_11 < i_12;) 
842837     DEBUG Test worker     d.u.i.k.j.JavaProgramElement Program match failed (pattern true;, source i_11 < i_12;) 
842837     DEBUG Test worker     d.u.i.k.j.JavaProgramElement Program match failed (pattern false;, source i_11 < i_12;) 
842853     DEBUG Test worker     d.u.i.k.j.JavaProgramElement Program match failed (pattern true;, source i_11 < i_12;) 
842853     DEBUG Test worker     d.u.i.k.j.JavaProgramElement Program match failed (pattern false;, source i_11 < i_12;) 
842853     DEBUG Test worker     d.u.i.k.j.JavaProgramElement Program match failed (pattern true;, source i_11 < i_12;) 
842853     DEBUG Test worker     d.u.i.k.j.JavaProgramElement Program match failed (pattern false;, source i_11 < i_12;) 
842931     DEBUG Test worker     d.u.i.k.j.JavaProgramElement Program match failed (pattern true;, source (int) (i + 1);) 
842947     DEBUG Test worker     d.u.i.k.j.JavaProgramElement Program match failed (pattern false;, source (int) (i + 1);) 
842947     DEBUG Test worker     d.u.i.k.j.JavaProgramElement Program match failed (pattern true;, source (int) (i + 1);) 
842947     DEBUG Test worker     d.u.i.k.j.JavaProgramElement Program match failed (pattern false;, source (int) (i + 1);) 
842947     DEBUG Test worker     d.u.i.k.j.JavaProgramElement Program match failed (pattern true;, source (i + 1);) 
842947     DEBUG Test worker     d.u.i.k.j.JavaProgramElement Program match failed (pattern false;, source (i + 1);) 
842947     DEBUG Test worker     d.u.i.k.j.JavaProgramElement Program match failed (pattern true;, source (i + 1);) 
842947     DEBUG Test worker     d.u.i.k.j.JavaProgramElement Program match failed (pattern false;, source (i + 1);) 
842962     DEBUG Test worker     d.u.i.k.j.JavaProgramElement Program match failed (pattern true;, source i + 1;) 
842962     DEBUG Test worker     d.u.i.k.j.JavaProgramElement Program match failed (pattern false;, source i + 1;) 
842962     DEBUG Test worker     d.u.i.k.j.JavaProgramElement Program match failed (pattern true;, source i + 1;) 
842962     DEBUG Test worker     d.u.i.k.j.JavaProgramElement Program match failed (pattern false;, source i + 1;) 
842962     DEBUG Test worker     d.u.i.k.j.JavaProgramElement Program match failed (pattern true;, source (int) i_13;) 
842962     DEBUG Test worker     d.u.i.k.j.JavaProgramElement Program match failed (pattern false;, source (int) i_13;) 
842962     DEBUG Test worker     d.u.i.k.j.JavaProgramElement Program match failed (pattern true;, source (int) i_13;) 
842962     DEBUG Test worker     d.u.i.k.j.JavaProgramElement Program match failed (pattern false;, source (int) i_13;) 
842962     DEBUG Test worker     d.u.i.k.j.JavaProgramElement Program match failed (pattern true;, source (int) i_13;) 
842962     DEBUG Test worker     d.u.i.k.j.JavaProgramElement Program match failed (pattern false;, source (int) i_13;) 
842962     DEBUG Test worker     d.u.i.k.j.JavaProgramElement Program match failed (pattern true;, source (int) i_13;) 
842962     DEBUG Test worker     d.u.i.k.j.JavaProgramElement Program match failed (pattern false;, source (int) i_13;) 
842962     DEBUG Test worker     d.u.i.k.j.JavaProgramElement Program match failed (pattern true;, source (int) i_13;) 
842962     DEBUG Test worker     d.u.i.k.j.JavaProgramElement Program match failed (pattern false;, source (int) i_13;) 
842962     DEBUG Test worker     d.u.i.k.j.JavaProgramElement Program match failed (pattern true;, source (int) i_13;) 
842962     DEBUG Test worker     d.u.i.k.j.JavaProgramElement Program match failed (pattern false;, source (int) i_13;) 
842978     DEBUG Test worker     d.u.i.k.j.JavaProgramElement Program match failed (pattern true;, source (int) i_13;) 
842978     DEBUG Test worker     d.u.i.k.j.JavaProgramElement Program match failed (pattern false;, source (int) i_13;) 
842978     DEBUG Test worker     d.u.i.k.j.JavaProgramElement Program match failed (pattern true;, source (int) i_13;) 
842978     DEBUG Test worker     d.u.i.k.j.JavaProgramElement Program match failed (pattern false;, source (int) i_13;) 
842978     DEBUG Test worker     d.u.i.k.j.JavaProgramElement Program match failed (pattern true;, source i_13) 
842978     DEBUG Test worker     d.u.i.k.j.JavaProgramElement Program match failed (pattern false;, source i_13) 
842978     DEBUG Test worker     d.u.i.k.j.JavaProgramElement Program match failed (pattern true;, source i_13) 
842978     DEBUG Test worker     d.u.i.k.j.JavaProgramElement Program match failed (pattern false;, source i_13) 
843025     DEBUG Test worker     d.u.i.k.j.JavaProgramElement Program match failed (pattern true;, source (int) (j + 1);) 
843025     DEBUG Test worker     d.u.i.k.j.JavaProgramElement Program match failed (pattern false;, source (int) (j + 1);) 
843025     DEBUG Test worker     d.u.i.k.j.JavaProgramElement Program match failed (pattern true;, source (int) (j + 1);) 
843025     DEBUG Test worker     d.u.i.k.j.JavaProgramElement Program match failed (pattern false;, source (int) (j + 1);) 
843040     DEBUG Test worker     d.u.i.k.j.JavaProgramElement Program match failed (pattern true;, source (j + 1);) 
843040     DEBUG Test worker     d.u.i.k.j.JavaProgramElement Program match failed (pattern false;, source (j + 1);) 
843040     DEBUG Test worker     d.u.i.k.j.JavaProgramElement Program match failed (pattern true;, source (j + 1);) 
843040     DEBUG Test worker     d.u.i.k.j.JavaProgramElement Program match failed (pattern false;, source (j + 1);) 
843040     DEBUG Test worker     d.u.i.k.j.JavaProgramElement Program match failed (pattern true;, source j + 1;) 
843040     DEBUG Test worker     d.u.i.k.j.JavaProgramElement Program match failed (pattern false;, source j + 1;) 
843040     DEBUG Test worker     d.u.i.k.j.JavaProgramElement Program match failed (pattern true;, source j + 1;) 
843040     DEBUG Test worker     d.u.i.k.j.JavaProgramElement Program match failed (pattern false;, source j + 1;) 
843056     DEBUG Test worker     d.u.i.k.j.JavaProgramElement Program match failed (pattern true;, source (int) i_14;) 
843056     DEBUG Test worker     d.u.i.k.j.JavaProgramElement Program match failed (pattern false;, source (int) i_14;) 
843056     DEBUG Test worker     d.u.i.k.j.JavaProgramElement Program match failed (pattern true;, source (int) i_14;) 
843056     DEBUG Test worker     d.u.i.k.j.JavaProgramElement Program match failed (pattern false;, source (int) i_14;) 
843087     DEBUG Test worker     d.u.i.k.j.JavaProgramElement Program match failed (pattern true;, source (int) i_14;) 
843087     DEBUG Test worker     d.u.i.k.j.JavaProgramElement Program match failed (pattern false;, source (int) i_14;) 
843087     DEBUG Test worker     d.u.i.k.j.JavaProgramElement Program match failed (pattern true;, source (int) i_14;) 
843087     DEBUG Test worker     d.u.i.k.j.JavaProgramElement Program match failed (pattern false;, source (int) i_14;) 
843087     DEBUG Test worker     d.u.i.k.j.JavaProgramElement Program match failed (pattern true;, source (int) i_14;) 
843087     DEBUG Test worker     d.u.i.k.j.JavaProgramElement Program match failed (pattern false;, source (int) i_14;) 
843087     DEBUG Test worker     d.u.i.k.j.JavaProgramElement Program match failed (pattern true;, source (int) i_14;) 
843087     DEBUG Test worker     d.u.i.k.j.JavaProgramElement Program match failed (pattern false;, source (int) i_14;) 
843087     DEBUG Test worker     d.u.i.k.j.JavaProgramElement Program match failed (pattern true;, source (int) i_14;) 
843087     DEBUG Test worker     d.u.i.k.j.JavaProgramElement Program match failed (pattern false;, source (int) i_14;) 
843087     DEBUG Test worker     d.u.i.k.j.JavaProgramElement Program match failed (pattern true;, source (int) i_14;) 
843087     DEBUG Test worker     d.u.i.k.j.JavaProgramElement Program match failed (pattern false;, source (int) i_14;) 
843087     DEBUG Test worker     d.u.i.k.j.JavaProgramElement Program match failed (pattern true;, source i_14) 
843087     DEBUG Test worker     d.u.i.k.j.JavaProgramElement Program match failed (pattern false;, source i_14) 
843087     DEBUG Test worker     d.u.i.k.j.JavaProgramElement Program match failed (pattern true;, source i_14) 
843087     DEBUG Test worker     d.u.i.k.j.JavaProgramElement Program match failed (pattern false;, source i_14) 
843103     DEBUG Test worker     d.u.i.k.j.JavaProgramElement Program match failed (pattern true;, source (int) (result + 1);) 
843103     DEBUG Test worker     d.u.i.k.j.JavaProgramElement Program match failed (pattern false;, source (int) (result + 1);) 
843103     DEBUG Test worker     d.u.i.k.j.JavaProgramElement Program match failed (pattern true;, source (int) (result + 1);) 
843103     DEBUG Test worker     d.u.i.k.j.JavaProgramElement Program match failed (pattern false;, source (int) (result + 1);) 
843119     DEBUG Test worker     d.u.i.k.j.JavaProgramElement Program match failed (pattern true;, source (result + 1);) 
843119     DEBUG Test worker     d.u.i.k.j.JavaProgramElement Program match failed (pattern false;, source (result + 1);) 
843119     DEBUG Test worker     d.u.i.k.j.JavaProgramElement Program match failed (pattern true;, source (result + 1);) 
843119     DEBUG Test worker     d.u.i.k.j.JavaProgramElement Program match failed (pattern false;, source (result + 1);) 
843119     DEBUG Test worker     d.u.i.k.j.JavaProgramElement Program match failed (pattern true;, source result + 1;) 
843119     DEBUG Test worker     d.u.i.k.j.JavaProgramElement Program match failed (pattern false;, source result + 1;) 
843119     DEBUG Test worker     d.u.i.k.j.JavaProgramElement Program match failed (pattern true;, source result + 1;) 
843119     DEBUG Test worker     d.u.i.k.j.JavaProgramElement Program match failed (pattern false;, source result + 1;) 
843134     DEBUG Test worker     d.u.i.k.j.JavaProgramElement Program match failed (pattern true;, source (int) i_15;) 
843134     DEBUG Test worker     d.u.i.k.j.JavaProgramElement Program match failed (pattern false;, source (int) i_15;) 
843134     DEBUG Test worker     d.u.i.k.j.JavaProgramElement Program match failed (pattern true;, source (int) i_15;) 
843134     DEBUG Test worker     d.u.i.k.j.JavaProgramElement Program match failed (pattern false;, source (int) i_15;) 
843134     DEBUG Test worker     d.u.i.k.j.JavaProgramElement Program match failed (pattern true;, source (int) i_15;) 
843134     DEBUG Test worker     d.u.i.k.j.JavaProgramElement Program match failed (pattern false;, source (int) i_15;) 
843134     DEBUG Test worker     d.u.i.k.j.JavaProgramElement Program match failed (pattern true;, source (int) i_15;) 
843134     DEBUG Test worker     d.u.i.k.j.JavaProgramElement Program match failed (pattern false;, source (int) i_15;) 
843134     DEBUG Test worker     d.u.i.k.j.JavaProgramElement Program match failed (pattern true;, source (int) i_15;) 
843134     DEBUG Test worker     d.u.i.k.j.JavaProgramElement Program match failed (pattern false;, source (int) i_15;) 
843134     DEBUG Test worker     d.u.i.k.j.JavaProgramElement Program match failed (pattern true;, source (int) i_15;) 
843134     DEBUG Test worker     d.u.i.k.j.JavaProgramElement Program match failed (pattern false;, source (int) i_15;) 
843134     DEBUG Test worker     d.u.i.k.j.JavaProgramElement Program match failed (pattern true;, source (int) i_15;) 
843134     DEBUG Test worker     d.u.i.k.j.JavaProgramElement Program match failed (pattern false;, source (int) i_15;) 
843134     DEBUG Test worker     d.u.i.k.j.JavaProgramElement Program match failed (pattern true;, source (int) i_15;) 
843134     DEBUG Test worker     d.u.i.k.j.JavaProgramElement Program match failed (pattern false;, source (int) i_15;) 
843150     DEBUG Test worker     d.u.i.k.j.JavaProgramElement Program match failed (pattern true;, source i_15) 
843150     DEBUG Test worker     d.u.i.k.j.JavaProgramElement Program match failed (pattern false;, source i_15) 
843150     DEBUG Test worker     d.u.i.k.j.JavaProgramElement Program match failed (pattern true;, source i_15) 
843150     DEBUG Test worker     d.u.i.k.j.JavaProgramElement Program match failed (pattern false;, source i_15) 
857863     DEBUG Test worker     d.u.i.k.j.JavaProgramElement Program match failed (pattern true;, source (int) (j + 1);) 
857863     DEBUG Test worker     d.u.i.k.j.JavaProgramElement Program match failed (pattern false;, source (int) (j + 1);) 
857863     DEBUG Test worker     d.u.i.k.j.JavaProgramElement Program match failed (pattern true;, source (int) (j + 1);) 
857863     DEBUG Test worker     d.u.i.k.j.JavaProgramElement Program match failed (pattern false;, source (int) (j + 1);) 
857878     DEBUG Test worker     d.u.i.k.j.JavaProgramElement Program match failed (pattern true;, source (j + 1);) 
857878     DEBUG Test worker     d.u.i.k.j.JavaProgramElement Program match failed (pattern false;, source (j + 1);) 
857878     DEBUG Test worker     d.u.i.k.j.JavaProgramElement Program match failed (pattern true;, source (j + 1);) 
857878     DEBUG Test worker     d.u.i.k.j.JavaProgramElement Program match failed (pattern false;, source (j + 1);) 
857878     DEBUG Test worker     d.u.i.k.j.JavaProgramElement Program match failed (pattern true;, source j + 1;) 
857878     DEBUG Test worker     d.u.i.k.j.JavaProgramElement Program match failed (pattern false;, source j + 1;) 
857878     DEBUG Test worker     d.u.i.k.j.JavaProgramElement Program match failed (pattern true;, source j + 1;) 
857878     DEBUG Test worker     d.u.i.k.j.JavaProgramElement Program match failed (pattern false;, source j + 1;) 
857894     DEBUG Test worker     d.u.i.k.j.JavaProgramElement Program match failed (pattern true;, source (int) i_13;) 
857894     DEBUG Test worker     d.u.i.k.j.JavaProgramElement Program match failed (pattern false;, source (int) i_13;) 
857894     DEBUG Test worker     d.u.i.k.j.JavaProgramElement Program match failed (pattern true;, source (int) i_13;) 
857894     DEBUG Test worker     d.u.i.k.j.JavaProgramElement Program match failed (pattern false;, source (int) i_13;) 
857894     DEBUG Test worker     d.u.i.k.j.JavaProgramElement Program match failed (pattern true;, source (int) i_13;) 
857894     DEBUG Test worker     d.u.i.k.j.JavaProgramElement Program match failed (pattern false;, source (int) i_13;) 
857894     DEBUG Test worker     d.u.i.k.j.JavaProgramElement Program match failed (pattern true;, source (int) i_13;) 
857894     DEBUG Test worker     d.u.i.k.j.JavaProgramElement Program match failed (pattern false;, source (int) i_13;) 
857894     DEBUG Test worker     d.u.i.k.j.JavaProgramElement Program match failed (pattern true;, source (int) i_13;) 
857894     DEBUG Test worker     d.u.i.k.j.JavaProgramElement Program match failed (pattern false;, source (int) i_13;) 
857894     DEBUG Test worker     d.u.i.k.j.JavaProgramElement Program match failed (pattern true;, source (int) i_13;) 
857894     DEBUG Test worker     d.u.i.k.j.JavaProgramElement Program match failed (pattern false;, source (int) i_13;) 
857894     DEBUG Test worker     d.u.i.k.j.JavaProgramElement Program match failed (pattern true;, source (int) i_13;) 
857894     DEBUG Test worker     d.u.i.k.j.JavaProgramElement Program match failed (pattern false;, source (int) i_13;) 
857894     DEBUG Test worker     d.u.i.k.j.JavaProgramElement Program match failed (pattern true;, source (int) i_13;) 
857894     DEBUG Test worker     d.u.i.k.j.JavaProgramElement Program match failed (pattern false;, source (int) i_13;) 
857910     DEBUG Test worker     d.u.i.k.j.JavaProgramElement Program match failed (pattern true;, source i_13) 
857910     DEBUG Test worker     d.u.i.k.j.JavaProgramElement Program match failed (pattern false;, source i_13) 
857910     DEBUG Test worker     d.u.i.k.j.JavaProgramElement Program match failed (pattern true;, source i_13) 
857910     DEBUG Test worker     d.u.i.k.j.JavaProgramElement Program match failed (pattern false;, source i_13) 
861208     DEBUG Test worker     d.u.i.k.j.JavaProgramElement Program match failed (pattern true;, source (int) (i + 1);) 
861208     DEBUG Test worker     d.u.i.k.j.JavaProgramElement Program match failed (pattern false;, source (int) (i + 1);) 
861208     DEBUG Test worker     d.u.i.k.j.JavaProgramElement Program match failed (pattern true;, source (int) (i + 1);) 
861208     DEBUG Test worker     d.u.i.k.j.JavaProgramElement Program match failed (pattern false;, source (int) (i + 1);) 
861208     DEBUG Test worker     d.u.i.k.j.JavaProgramElement Program match failed (pattern true;, source (i + 1);) 
861208     DEBUG Test worker     d.u.i.k.j.JavaProgramElement Program match failed (pattern false;, source (i + 1);) 
861208     DEBUG Test worker     d.u.i.k.j.JavaProgramElement Program match failed (pattern true;, source (i + 1);) 
861208     DEBUG Test worker     d.u.i.k.j.JavaProgramElement Program match failed (pattern false;, source (i + 1);) 
861223     DEBUG Test worker     d.u.i.k.j.JavaProgramElement Program match failed (pattern true;, source i + 1;) 
861223     DEBUG Test worker     d.u.i.k.j.JavaProgramElement Program match failed (pattern false;, source i + 1;) 
861223     DEBUG Test worker     d.u.i.k.j.JavaProgramElement Program match failed (pattern true;, source i + 1;) 
861223     DEBUG Test worker     d.u.i.k.j.JavaProgramElement Program match failed (pattern false;, source i + 1;) 
861223     DEBUG Test worker     d.u.i.k.j.JavaProgramElement Program match failed (pattern true;, source (int) i_11;) 
861223     DEBUG Test worker     d.u.i.k.j.JavaProgramElement Program match failed (pattern false;, source (int) i_11;) 
861223     DEBUG Test worker     d.u.i.k.j.JavaProgramElement Program match failed (pattern true;, source (int) i_11;) 
861223     DEBUG Test worker     d.u.i.k.j.JavaProgramElement Program match failed (pattern false;, source (int) i_11;) 
861223     DEBUG Test worker     d.u.i.k.j.JavaProgramElement Program match failed (pattern true;, source (int) i_11;) 
861223     DEBUG Test worker     d.u.i.k.j.JavaProgramElement Program match failed (pattern false;, source (int) i_11;) 
861223     DEBUG Test worker     d.u.i.k.j.JavaProgramElement Program match failed (pattern true;, source (int) i_11;) 
861223     DEBUG Test worker     d.u.i.k.j.JavaProgramElement Program match failed (pattern false;, source (int) i_11;) 
861239     DEBUG Test worker     d.u.i.k.j.JavaProgramElement Program match failed (pattern true;, source (int) i_11;) 
861239     DEBUG Test worker     d.u.i.k.j.JavaProgramElement Program match failed (pattern false;, source (int) i_11;) 
861239     DEBUG Test worker     d.u.i.k.j.JavaProgramElement Program match failed (pattern true;, source (int) i_11;) 
861239     DEBUG Test worker     d.u.i.k.j.JavaProgramElement Program match failed (pattern false;, source (int) i_11;) 
861239     DEBUG Test worker     d.u.i.k.j.JavaProgramElement Program match failed (pattern true;, source (int) i_11;) 
861239     DEBUG Test worker     d.u.i.k.j.JavaProgramElement Program match failed (pattern false;, source (int) i_11;) 
861239     DEBUG Test worker     d.u.i.k.j.JavaProgramElement Program match failed (pattern true;, source (int) i_11;) 
861239     DEBUG Test worker     d.u.i.k.j.JavaProgramElement Program match failed (pattern false;, source (int) i_11;) 
861239     DEBUG Test worker     d.u.i.k.j.JavaProgramElement Program match failed (pattern true;, source i_11) 
861239     DEBUG Test worker     d.u.i.k.j.JavaProgramElement Program match failed (pattern false;, source i_11) 
861239     DEBUG Test worker     d.u.i.k.j.JavaProgramElement Program match failed (pattern true;, source i_11) 
861239     DEBUG Test worker     d.u.i.k.j.JavaProgramElement Program match failed (pattern false;, source i_11) 
861803     DEBUG Test worker     d.u.i.k.j.JavaProgramElement Program match failed (pattern true;, source false;) 
861803     DEBUG Test worker     d.u.i.k.j.JavaProgramElement Program match failed (pattern true;, source false;) 
861803     DEBUG Test worker     d.u.i.k.j.JavaProgramElement Program match failed (pattern true;, source false;) 
861803     DEBUG Test worker     d.u.i.k.j.JavaProgramElement Program match failed (pattern true;, source false;) 
861943     INFO  Test worker     d.u.i.k.p.i.AbstractProblemLoader Loading environment from src\test\resources\testcase\proofStarter\CC\project.key 
861943     DEBUG Test worker     d.u.i.k.p.i.AbstractProblemLoader Environment load took 152.5ns 
861943     INFO  Test worker     d.u.i.k.p.i.AbstractProblemLoader Creating init config 
865368     DEBUG Test worker     d.u.i.k.p.i.AbstractProblemLoader Init config took 3.43s 
865447     INFO  Test worker     d.u.i.k.p.i.AbstractProblemLoader Replaying proof CC[CC::calcCoinIndex([I,[I)].JML normal_behavior operation contract.0 
865447     DEBUG Test worker     d.u.i.k.p.i.IntermediateProofReplayer Proof replay took 21.9ns 
865462     DEBUG Test worker     d.u.i.k.j.JavaProgramElement Program match failed (pattern true;, source null;) 
865462     DEBUG Test worker     d.u.i.k.j.JavaProgramElement Program match failed (pattern false;, source null;) 
865462     DEBUG Test worker     d.u.i.k.j.JavaProgramElement Program match failed (pattern true;, source null;) 
865462     DEBUG Test worker     d.u.i.k.j.JavaProgramElement Program match failed (pattern false;, source null;) 
865462     DEBUG Test worker     d.u.i.k.j.JavaProgramElement Program match failed (pattern true;, source null;) 
865462     DEBUG Test worker     d.u.i.k.j.JavaProgramElement Program match failed (pattern false;, source null;) 
865462     DEBUG Test worker     d.u.i.k.j.JavaProgramElement Program match failed (pattern true;, source null;) 
865462     DEBUG Test worker     d.u.i.k.j.JavaProgramElement Program match failed (pattern false;, source null;) 
865462     DEBUG Test worker     d.u.i.k.j.JavaProgramElement Program match failed (pattern true;, source null;) 
865462     DEBUG Test worker     d.u.i.k.j.JavaProgramElement Program match failed (pattern false;, source null;) 
865478     DEBUG Test worker     d.u.i.k.j.JavaProgramElement Program match failed (pattern true;, source null;) 
865478     DEBUG Test worker     d.u.i.k.j.JavaProgramElement Program match failed (pattern false;, source null;) 
865478     DEBUG Test worker     d.u.i.k.j.JavaProgramElement Program match failed (pattern true;, source null;) 
865478     DEBUG Test worker     d.u.i.k.j.JavaProgramElement Program match failed (pattern false;, source null;) 
865478     DEBUG Test worker     d.u.i.k.j.JavaProgramElement Program match failed (pattern true;, source null;) 
865478     DEBUG Test worker     d.u.i.k.j.JavaProgramElement Program match failed (pattern false;, source null;) 
865478     DEBUG Test worker     d.u.i.k.j.JavaProgramElement Program match failed (pattern true;, source null;) 
865478     DEBUG Test worker     d.u.i.k.j.JavaProgramElement Program match failed (pattern false;, source null;) 
865478     DEBUG Test worker     d.u.i.k.j.JavaProgramElement Program match failed (pattern true;, source null;) 
865478     DEBUG Test worker     d.u.i.k.j.JavaProgramElement Program match failed (pattern false;, source null;) 
865478     DEBUG Test worker     d.u.i.k.j.JavaProgramElement Program match failed (pattern true;, source null;) 
865478     DEBUG Test worker     d.u.i.k.j.JavaProgramElement Program match failed (pattern false;, source null;) 
865478     DEBUG Test worker     d.u.i.k.j.JavaProgramElement Program match failed (pattern true;, source null;) 
865478     DEBUG Test worker     d.u.i.k.j.JavaProgramElement Program match failed (pattern false;, source null;) 
865478     DEBUG Test worker     d.u.i.k.j.JavaProgramElement Program match failed (pattern true;, source null;) 
865478     DEBUG Test worker     d.u.i.k.j.JavaProgramElement Program match failed (pattern false;, source null;) 
865478     DEBUG Test worker     d.u.i.k.j.JavaProgramElement Program match failed (pattern true;, source null;) 
865493     DEBUG Test worker     d.u.i.k.j.JavaProgramElement Program match failed (pattern false;, source null;) 
865509     DEBUG Test worker     d.u.i.k.j.JavaProgramElement Program match failed (pattern true;, source null;) 
865509     DEBUG Test worker     d.u.i.k.j.JavaProgramElement Program match failed (pattern false;, source null;) 
865509     DEBUG Test worker     d.u.i.k.j.JavaProgramElement Program match failed (pattern true;, source null;) 
865509     DEBUG Test worker     d.u.i.k.j.JavaProgramElement Program match failed (pattern false;, source null;) 
865509     DEBUG Test worker     d.u.i.k.j.JavaProgramElement Program match failed (pattern true;, source null;) 
865509     DEBUG Test worker     d.u.i.k.j.JavaProgramElement Program match failed (pattern false;, source null;) 
865509     DEBUG Test worker     d.u.i.k.j.JavaProgramElement Program match failed (pattern true;, source null;) 
865509     DEBUG Test worker     d.u.i.k.j.JavaProgramElement Program match failed (pattern false;, source null;) 
865509     DEBUG Test worker     d.u.i.k.j.JavaProgramElement Program match failed (pattern true;, source null;) 
865509     DEBUG Test worker     d.u.i.k.j.JavaProgramElement Program match failed (pattern false;, source null;) 
865509     DEBUG Test worker     d.u.i.k.j.JavaProgramElement Program match failed (pattern true;, source null;) 
865509     DEBUG Test worker     d.u.i.k.j.JavaProgramElement Program match failed (pattern false;, source null;) 
865618     DEBUG Test worker     d.u.i.k.j.JavaProgramElement Program match failed (pattern true;, source 0) 
865618     DEBUG Test worker     d.u.i.k.j.JavaProgramElement Program match failed (pattern false;, source 0) 
865618     DEBUG Test worker     d.u.i.k.j.JavaProgramElement Program match failed (pattern true;, source 0) 
865618     DEBUG Test worker     d.u.i.k.j.JavaProgramElement Program match failed (pattern false;, source 0) 
865634     DEBUG Test worker     d.u.i.k.j.JavaProgramElement Program match failed (pattern true;, source 0) 
865634     DEBUG Test worker     d.u.i.k.j.JavaProgramElement Program match failed (pattern false;, source 0) 
865634     DEBUG Test worker     d.u.i.k.j.JavaProgramElement Program match failed (pattern true;, source 0) 
865634     DEBUG Test worker     d.u.i.k.j.JavaProgramElement Program match failed (pattern false;, source 0) 
865650     DEBUG Test worker     d.u.i.k.j.JavaProgramElement Program match failed (pattern true;, source 0) 
865650     DEBUG Test worker     d.u.i.k.j.JavaProgramElement Program match failed (pattern false;, source 0) 
865650     DEBUG Test worker     d.u.i.k.j.JavaProgramElement Program match failed (pattern true;, source 0) 
865650     DEBUG Test worker     d.u.i.k.j.JavaProgramElement Program match failed (pattern false;, source 0) 
865884     DEBUG Test worker     d.u.i.k.j.JavaProgramElement Program match failed (pattern true;, source i < _a.length && j < _b.length;) 
865884     DEBUG Test worker     d.u.i.k.j.JavaProgramElement Program match failed (pattern false;, source i < _a.length && j < _b.length;) 
865884     DEBUG Test worker     d.u.i.k.j.JavaProgramElement Program match failed (pattern true;, source i < _a.length && j < _b.length;) 
865884     DEBUG Test worker     d.u.i.k.j.JavaProgramElement Program match failed (pattern false;, source i < _a.length && j < _b.length;) 
865994     DEBUG Test worker     d.u.i.k.j.JavaProgramElement Program match failed (pattern true;, source !i < _a.length;) 
865994     DEBUG Test worker     d.u.i.k.j.JavaProgramElement Program match failed (pattern false;, source !i < _a.length;) 
865994     DEBUG Test worker     d.u.i.k.j.JavaProgramElement Program match failed (pattern true;, source !i < _a.length;) 
865994     DEBUG Test worker     d.u.i.k.j.JavaProgramElement Program match failed (pattern false;, source !i < _a.length;) 
866009     DEBUG Test worker     d.u.i.k.j.JavaProgramElement Program match failed (pattern true;, source i < _a.length;) 
866009     DEBUG Test worker     d.u.i.k.j.JavaProgramElement Program match failed (pattern false;, source i < _a.length;) 
866009     DEBUG Test worker     d.u.i.k.j.JavaProgramElement Program match failed (pattern true;, source i < _a.length;) 
866009     DEBUG Test worker     d.u.i.k.j.JavaProgramElement Program match failed (pattern false;, source i < _a.length;) 
866009     DEBUG Test worker     d.u.i.k.j.JavaProgramElement Program match failed (pattern true;, source i) 
866009     DEBUG Test worker     d.u.i.k.j.JavaProgramElement Program match failed (pattern false;, source i) 
866009     DEBUG Test worker     d.u.i.k.j.JavaProgramElement Program match failed (pattern true;, source i) 
866009     DEBUG Test worker     d.u.i.k.j.JavaProgramElement Program match failed (pattern false;, source i) 
866025     DEBUG Test worker     d.u.i.k.j.JavaProgramElement Program match failed (pattern true;, source _a.length;) 
866025     DEBUG Test worker     d.u.i.k.j.JavaProgramElement Program match failed (pattern false;, source _a.length;) 
866025     DEBUG Test worker     d.u.i.k.j.JavaProgramElement Program match failed (pattern true;, source _a.length;) 
866025     DEBUG Test worker     d.u.i.k.j.JavaProgramElement Program match failed (pattern false;, source _a.length;) 
866025     DEBUG Test worker     d.u.i.k.j.JavaProgramElement Program match failed (pattern true;, source i_1 < i_2;) 
866025     DEBUG Test worker     d.u.i.k.j.JavaProgramElement Program match failed (pattern false;, source i_1 < i_2;) 
866025     DEBUG Test worker     d.u.i.k.j.JavaProgramElement Program match failed (pattern true;, source i_1 < i_2;) 
866025     DEBUG Test worker     d.u.i.k.j.JavaProgramElement Program match failed (pattern false;, source i_1 < i_2;) 
866025     DEBUG Test worker     d.u.i.k.j.JavaProgramElement Program match failed (pattern true;, source i_1 < i_2;) 
866025     DEBUG Test worker     d.u.i.k.j.JavaProgramElement Program match failed (pattern false;, source i_1 < i_2;) 
866025     DEBUG Test worker     d.u.i.k.j.JavaProgramElement Program match failed (pattern true;, source i_1 < i_2;) 
866025     DEBUG Test worker     d.u.i.k.j.JavaProgramElement Program match failed (pattern false;, source i_1 < i_2;) 
866025     DEBUG Test worker     d.u.i.k.j.JavaProgramElement Program match failed (pattern true;, source i_1 < i_2;) 
866025     DEBUG Test worker     d.u.i.k.j.JavaProgramElement Program match failed (pattern false;, source i_1 < i_2;) 
866025     DEBUG Test worker     d.u.i.k.j.JavaProgramElement Program match failed (pattern true;, source i_1 < i_2;) 
866025     DEBUG Test worker     d.u.i.k.j.JavaProgramElement Program match failed (pattern false;, source i_1 < i_2;) 
866025     DEBUG Test worker     d.u.i.k.j.JavaProgramElement Program match failed (pattern true;, source i_1 < i_2;) 
866025     DEBUG Test worker     d.u.i.k.j.JavaProgramElement Program match failed (pattern false;, source i_1 < i_2;) 
866025     DEBUG Test worker     d.u.i.k.j.JavaProgramElement Program match failed (pattern true;, source i_1 < i_2;) 
866025     DEBUG Test worker     d.u.i.k.j.JavaProgramElement Program match failed (pattern false;, source i_1 < i_2;) 
866025     DEBUG Test worker     d.u.i.k.j.JavaProgramElement Program match failed (pattern true;, source i_1 < i_2;) 
866025     DEBUG Test worker     d.u.i.k.j.JavaProgramElement Program match failed (pattern false;, source i_1 < i_2;) 
866025     DEBUG Test worker     d.u.i.k.j.JavaProgramElement Program match failed (pattern true;, source i_1 < i_2;) 
866025     DEBUG Test worker     d.u.i.k.j.JavaProgramElement Program match failed (pattern false;, source i_1 < i_2;) 
866041     DEBUG Test worker     d.u.i.k.j.JavaProgramElement Program match failed (pattern true;, source i_1 < i_2;) 
866041     DEBUG Test worker     d.u.i.k.j.JavaProgramElement Program match failed (pattern false;, source i_1 < i_2;) 
866041     DEBUG Test worker     d.u.i.k.j.JavaProgramElement Program match failed (pattern true;, source i_1 < i_2;) 
866041     DEBUG Test worker     d.u.i.k.j.JavaProgramElement Program match failed (pattern false;, source i_1 < i_2;) 
866041     DEBUG Test worker     d.u.i.k.j.JavaProgramElement Program match failed (pattern true;, source i_1 < i_2;) 
866041     DEBUG Test worker     d.u.i.k.j.JavaProgramElement Program match failed (pattern false;, source i_1 < i_2;) 
866041     DEBUG Test worker     d.u.i.k.j.JavaProgramElement Program match failed (pattern true;, source i_1 < i_2;) 
866041     DEBUG Test worker     d.u.i.k.j.JavaProgramElement Program match failed (pattern false;, source i_1 < i_2;) 
866041     DEBUG Test worker     d.u.i.k.j.JavaProgramElement Program match failed (pattern true;, source !b_2;) 
866041     DEBUG Test worker     d.u.i.k.j.JavaProgramElement Program match failed (pattern false;, source !b_2;) 
866041     DEBUG Test worker     d.u.i.k.j.JavaProgramElement Program match failed (pattern true;, source !b_2;) 
866041     DEBUG Test worker     d.u.i.k.j.JavaProgramElement Program match failed (pattern false;, source !b_2;) 
866041     DEBUG Test worker     d.u.i.k.j.JavaProgramElement Program match failed (pattern true;, source !b_2;) 
866041     DEBUG Test worker     d.u.i.k.j.JavaProgramElement Program match failed (pattern false;, source !b_2;) 
866041     DEBUG Test worker     d.u.i.k.j.JavaProgramElement Program match failed (pattern true;, source !b_2;) 
866041     DEBUG Test worker     d.u.i.k.j.JavaProgramElement Program match failed (pattern false;, source !b_2;) 
866041     DEBUG Test worker     d.u.i.k.j.JavaProgramElement Program match failed (pattern true;, source !b_2;) 
866041     DEBUG Test worker     d.u.i.k.j.JavaProgramElement Program match failed (pattern false;, source !b_2;) 
866041     DEBUG Test worker     d.u.i.k.j.JavaProgramElement Program match failed (pattern true;, source !b_2;) 
866041     DEBUG Test worker     d.u.i.k.j.JavaProgramElement Program match failed (pattern false;, source !b_2;) 
866056     DEBUG Test worker     d.u.i.k.j.JavaProgramElement Program match failed (pattern true;, source !b_2;) 
866056     DEBUG Test worker     d.u.i.k.j.JavaProgramElement Program match failed (pattern false;, source !b_2;) 
866056     DEBUG Test worker     d.u.i.k.j.JavaProgramElement Program match failed (pattern true;, source !b_2;) 
866056     DEBUG Test worker     d.u.i.k.j.JavaProgramElement Program match failed (pattern false;, source !b_2;) 
866056     DEBUG Test worker     d.u.i.k.j.JavaProgramElement Program match failed (pattern true;, source !b_2;) 
866056     DEBUG Test worker     d.u.i.k.j.JavaProgramElement Program match failed (pattern false;, source !b_2;) 
866056     DEBUG Test worker     d.u.i.k.j.JavaProgramElement Program match failed (pattern true;, source !b_2;) 
866056     DEBUG Test worker     d.u.i.k.j.JavaProgramElement Program match failed (pattern false;, source !b_2;) 
866056     DEBUG Test worker     d.u.i.k.j.JavaProgramElement Program match failed (pattern true;, source !b_2;) 
866056     DEBUG Test worker     d.u.i.k.j.JavaProgramElement Program match failed (pattern false;, source !b_2;) 
866056     DEBUG Test worker     d.u.i.k.j.JavaProgramElement Program match failed (pattern true;, source !b_2;) 
866056     DEBUG Test worker     d.u.i.k.j.JavaProgramElement Program match failed (pattern false;, source !b_2;) 
866056     DEBUG Test worker     d.u.i.k.j.JavaProgramElement Program match failed (pattern true;, source !b_2;) 
866056     DEBUG Test worker     d.u.i.k.j.JavaProgramElement Program match failed (pattern false;, source !b_2;) 
866056     DEBUG Test worker     d.u.i.k.j.JavaProgramElement Program match failed (pattern true;, source !b_2;) 
866056     DEBUG Test worker     d.u.i.k.j.JavaProgramElement Program match failed (pattern false;, source !b_2;) 
866056     DEBUG Test worker     d.u.i.k.j.JavaProgramElement Program match failed (pattern true;, source !b_2;) 
866056     DEBUG Test worker     d.u.i.k.j.JavaProgramElement Program match failed (pattern false;, source !b_2;) 
866056     DEBUG Test worker     d.u.i.k.j.JavaProgramElement Program match failed (pattern true;, source !b_2;) 
866056     DEBUG Test worker     d.u.i.k.j.JavaProgramElement Program match failed (pattern false;, source !b_2;) 
866056     DEBUG Test worker     d.u.i.k.j.JavaProgramElement Program match failed (pattern true;, source !b_2;) 
866056     DEBUG Test worker     d.u.i.k.j.JavaProgramElement Program match failed (pattern false;, source !b_2;) 
866056     DEBUG Test worker     d.u.i.k.j.JavaProgramElement Program match failed (pattern true;, source !b_2;) 
866056     DEBUG Test worker     d.u.i.k.j.JavaProgramElement Program match failed (pattern false;, source !b_2;) 
866072     DEBUG Test worker     d.u.i.k.j.JavaProgramElement Program match failed (pattern true;, source !b_2;) 
866072     DEBUG Test worker     d.u.i.k.j.JavaProgramElement Program match failed (pattern false;, source !b_2;) 
866072     DEBUG Test worker     d.u.i.k.j.JavaProgramElement Program match failed (pattern true;, source !b_2;) 
866072     DEBUG Test worker     d.u.i.k.j.JavaProgramElement Program match failed (pattern false;, source !b_2;) 
866072     DEBUG Test worker     d.u.i.k.j.JavaProgramElement Program match failed (pattern true;, source !b_2;) 
866072     DEBUG Test worker     d.u.i.k.j.JavaProgramElement Program match failed (pattern false;, source !b_2;) 
866072     DEBUG Test worker     d.u.i.k.j.JavaProgramElement Program match failed (pattern true;, source !b_2;) 
866072     DEBUG Test worker     d.u.i.k.j.JavaProgramElement Program match failed (pattern false;, source !b_2;) 
866072     DEBUG Test worker     d.u.i.k.j.JavaProgramElement Program match failed (pattern true;, source !b_2;) 
866072     DEBUG Test worker     d.u.i.k.j.JavaProgramElement Program match failed (pattern false;, source !b_2;) 
866072     DEBUG Test worker     d.u.i.k.j.JavaProgramElement Program match failed (pattern true;, source !b_2;) 
866072     DEBUG Test worker     d.u.i.k.j.JavaProgramElement Program match failed (pattern false;, source !b_2;) 
866072     DEBUG Test worker     d.u.i.k.j.JavaProgramElement Program match failed (pattern true;, source !b_2;) 
866072     DEBUG Test worker     d.u.i.k.j.JavaProgramElement Program match failed (pattern false;, source !b_2;) 
866072     DEBUG Test worker     d.u.i.k.j.JavaProgramElement Program match failed (pattern true;, source !b_2;) 
866072     DEBUG Test worker     d.u.i.k.j.JavaProgramElement Program match failed (pattern false;, source !b_2;) 
866072     DEBUG Test worker     d.u.i.k.j.JavaProgramElement Program match failed (pattern true;, source !b_2;) 
866072     DEBUG Test worker     d.u.i.k.j.JavaProgramElement Program match failed (pattern false;, source !b_2;) 
866072     DEBUG Test worker     d.u.i.k.j.JavaProgramElement Program match failed (pattern true;, source !b_2;) 
866072     DEBUG Test worker     d.u.i.k.j.JavaProgramElement Program match failed (pattern false;, source !b_2;) 
866072     DEBUG Test worker     d.u.i.k.j.JavaProgramElement Program match failed (pattern true;, source !b_2;) 
866072     DEBUG Test worker     d.u.i.k.j.JavaProgramElement Program match failed (pattern false;, source !b_2;) 
866072     DEBUG Test worker     d.u.i.k.j.JavaProgramElement Program match failed (pattern true;, source !b_2;) 
866072     DEBUG Test worker     d.u.i.k.j.JavaProgramElement Program match failed (pattern false;, source !b_2;) 
866087     DEBUG Test worker     d.u.i.k.j.JavaProgramElement Program match failed (pattern true;, source !b_2;) 
866087     DEBUG Test worker     d.u.i.k.j.JavaProgramElement Program match failed (pattern false;, source !b_2;) 
866087     DEBUG Test worker     d.u.i.k.j.JavaProgramElement Program match failed (pattern true;, source !b_2;) 
866087     DEBUG Test worker     d.u.i.k.j.JavaProgramElement Program match failed (pattern false;, source !b_2;) 
866087     DEBUG Test worker     d.u.i.k.j.JavaProgramElement Program match failed (pattern true;, source !b_2;) 
866087     DEBUG Test worker     d.u.i.k.j.JavaProgramElement Program match failed (pattern false;, source !b_2;) 
866087     DEBUG Test worker     d.u.i.k.j.JavaProgramElement Program match failed (pattern true;, source !b_2;) 
866087     DEBUG Test worker     d.u.i.k.j.JavaProgramElement Program match failed (pattern false;, source !b_2;) 
866087     DEBUG Test worker     d.u.i.k.j.JavaProgramElement Program match failed (pattern true;, source !b_2;) 
866087     DEBUG Test worker     d.u.i.k.j.JavaProgramElement Program match failed (pattern false;, source !b_2;) 
866087     DEBUG Test worker     d.u.i.k.j.JavaProgramElement Program match failed (pattern true;, source !b_2;) 
866087     DEBUG Test worker     d.u.i.k.j.JavaProgramElement Program match failed (pattern false;, source !b_2;) 
866087     DEBUG Test worker     d.u.i.k.j.JavaProgramElement Program match failed (pattern true;, source !b_2;) 
866087     DEBUG Test worker     d.u.i.k.j.JavaProgramElement Program match failed (pattern false;, source !b_2;) 
866087     DEBUG Test worker     d.u.i.k.j.JavaProgramElement Program match failed (pattern true;, source !b_2;) 
866087     DEBUG Test worker     d.u.i.k.j.JavaProgramElement Program match failed (pattern false;, source !b_2;) 
866119     DEBUG Test worker     d.u.i.k.j.JavaProgramElement Program match failed (pattern false;, source j < _b.length;) 
866119     DEBUG Test worker     d.u.i.k.j.JavaProgramElement Program match failed (pattern true;, source j < _b.length;) 
866119     DEBUG Test worker     d.u.i.k.j.JavaProgramElement Program match failed (pattern false;, source j < _b.length;) 
866119     DEBUG Test worker     d.u.i.k.j.JavaProgramElement Program match failed (pattern true;, source j < _b.length;) 
866119     DEBUG Test worker     d.u.i.k.j.JavaProgramElement Program match failed (pattern true;, source j < _b.length;) 
866119     DEBUG Test worker     d.u.i.k.j.JavaProgramElement Program match failed (pattern false;, source j < _b.length;) 
866119     DEBUG Test worker     d.u.i.k.j.JavaProgramElement Program match failed (pattern true;, source j < _b.length;) 
866119     DEBUG Test worker     d.u.i.k.j.JavaProgramElement Program match failed (pattern false;, source j < _b.length;) 
866134     DEBUG Test worker     d.u.i.k.j.JavaProgramElement Program match failed (pattern true;, source false;) 
866134     DEBUG Test worker     d.u.i.k.j.JavaProgramElement Program match failed (pattern true;, source false;) 
866134     DEBUG Test worker     d.u.i.k.j.JavaProgramElement Program match failed (pattern false;, source j < _b.length;) 
866134     DEBUG Test worker     d.u.i.k.j.JavaProgramElement Program match failed (pattern true;, source j < _b.length;) 
866134     DEBUG Test worker     d.u.i.k.j.JavaProgramElement Program match failed (pattern false;, source j < _b.length;) 
866134     DEBUG Test worker     d.u.i.k.j.JavaProgramElement Program match failed (pattern true;, source j < _b.length;) 
866134     DEBUG Test worker     d.u.i.k.j.JavaProgramElement Program match failed (pattern true;, source j < _b.length;) 
866134     DEBUG Test worker     d.u.i.k.j.JavaProgramElement Program match failed (pattern false;, source j < _b.length;) 
866134     DEBUG Test worker     d.u.i.k.j.JavaProgramElement Program match failed (pattern true;, source j < _b.length;) 
866134     DEBUG Test worker     d.u.i.k.j.JavaProgramElement Program match failed (pattern false;, source j < _b.length;) 
866166     DEBUG Test worker     d.u.i.k.j.JavaProgramElement Program match failed (pattern true;, source j) 
866166     DEBUG Test worker     d.u.i.k.j.JavaProgramElement Program match failed (pattern false;, source j) 
866166     DEBUG Test worker     d.u.i.k.j.JavaProgramElement Program match failed (pattern true;, source j) 
866166     DEBUG Test worker     d.u.i.k.j.JavaProgramElement Program match failed (pattern false;, source j) 
866166     DEBUG Test worker     d.u.i.k.j.JavaProgramElement Program match failed (pattern true;, source _b.length;) 
866166     DEBUG Test worker     d.u.i.k.j.JavaProgramElement Program match failed (pattern false;, source _b.length;) 
866166     DEBUG Test worker     d.u.i.k.j.JavaProgramElement Program match failed (pattern true;, source _b.length;) 
866166     DEBUG Test worker     d.u.i.k.j.JavaProgramElement Program match failed (pattern false;, source _b.length;) 
866166     DEBUG Test worker     d.u.i.k.j.JavaProgramElement Program match failed (pattern true;, source i_3 < i_4;) 
866166     DEBUG Test worker     d.u.i.k.j.JavaProgramElement Program match failed (pattern false;, source i_3 < i_4;) 
866166     DEBUG Test worker     d.u.i.k.j.JavaProgramElement Program match failed (pattern true;, source i_3 < i_4;) 
866166     DEBUG Test worker     d.u.i.k.j.JavaProgramElement Program match failed (pattern false;, source i_3 < i_4;) 
866181     DEBUG Test worker     d.u.i.k.j.JavaProgramElement Program match failed (pattern true;, source i_3 < i_4;) 
866181     DEBUG Test worker     d.u.i.k.j.JavaProgramElement Program match failed (pattern false;, source i_3 < i_4;) 
866181     DEBUG Test worker     d.u.i.k.j.JavaProgramElement Program match failed (pattern true;, source i_3 < i_4;) 
866181     DEBUG Test worker     d.u.i.k.j.JavaProgramElement Program match failed (pattern false;, source i_3 < i_4;) 
866181     DEBUG Test worker     d.u.i.k.j.JavaProgramElement Program match failed (pattern true;, source i_3 < i_4;) 
866181     DEBUG Test worker     d.u.i.k.j.JavaProgramElement Program match failed (pattern false;, source i_3 < i_4;) 
866181     DEBUG Test worker     d.u.i.k.j.JavaProgramElement Program match failed (pattern true;, source i_3 < i_4;) 
866181     DEBUG Test worker     d.u.i.k.j.JavaProgramElement Program match failed (pattern false;, source i_3 < i_4;) 
866181     DEBUG Test worker     d.u.i.k.j.JavaProgramElement Program match failed (pattern true;, source i_3 < i_4;) 
866181     DEBUG Test worker     d.u.i.k.j.JavaProgramElement Program match failed (pattern false;, source i_3 < i_4;) 
866181     DEBUG Test worker     d.u.i.k.j.JavaProgramElement Program match failed (pattern true;, source i_3 < i_4;) 
866181     DEBUG Test worker     d.u.i.k.j.JavaProgramElement Program match failed (pattern false;, source i_3 < i_4;) 
866181     DEBUG Test worker     d.u.i.k.j.JavaProgramElement Program match failed (pattern true;, source i_3 < i_4;) 
866181     DEBUG Test worker     d.u.i.k.j.JavaProgramElement Program match failed (pattern false;, source i_3 < i_4;) 
866181     DEBUG Test worker     d.u.i.k.j.JavaProgramElement Program match failed (pattern true;, source i_3 < i_4;) 
866181     DEBUG Test worker     d.u.i.k.j.JavaProgramElement Program match failed (pattern false;, source i_3 < i_4;) 
866181     DEBUG Test worker     d.u.i.k.j.JavaProgramElement Program match failed (pattern true;, source i_3 < i_4;) 
866181     DEBUG Test worker     d.u.i.k.j.JavaProgramElement Program match failed (pattern false;, source i_3 < i_4;) 
866181     DEBUG Test worker     d.u.i.k.j.JavaProgramElement Program match failed (pattern true;, source i_3 < i_4;) 
866181     DEBUG Test worker     d.u.i.k.j.JavaProgramElement Program match failed (pattern false;, source i_3 < i_4;) 
866197     DEBUG Test worker     d.u.i.k.j.JavaProgramElement Program match failed (pattern true;, source i_3 < i_4;) 
866197     DEBUG Test worker     d.u.i.k.j.JavaProgramElement Program match failed (pattern false;, source i_3 < i_4;) 
866197     DEBUG Test worker     d.u.i.k.j.JavaProgramElement Program match failed (pattern true;, source i_3 < i_4;) 
866197     DEBUG Test worker     d.u.i.k.j.JavaProgramElement Program match failed (pattern false;, source i_3 < i_4;) 
866244     DEBUG Test worker     d.u.i.k.j.JavaProgramElement Program match failed (pattern true;, source result) 
866259     DEBUG Test worker     d.u.i.k.j.JavaProgramElement Program match failed (pattern false;, source result) 
866259     DEBUG Test worker     d.u.i.k.j.JavaProgramElement Program match failed (pattern true;, source result) 
866259     DEBUG Test worker     d.u.i.k.j.JavaProgramElement Program match failed (pattern false;, source result) 
866509     DEBUG Test worker     d.u.i.k.j.JavaProgramElement Program match failed (pattern true;, source false;) 
866509     DEBUG Test worker     d.u.i.k.j.JavaProgramElement Program match failed (pattern true;, source false;) 
871183     DEBUG Test worker     d.u.i.k.j.JavaProgramElement Program match failed (pattern true;, source i < _a.length && j < _b.length;) 
871183     DEBUG Test worker     d.u.i.k.j.JavaProgramElement Program match failed (pattern false;, source i < _a.length && j < _b.length;) 
871183     DEBUG Test worker     d.u.i.k.j.JavaProgramElement Program match failed (pattern true;, source i < _a.length && j < _b.length;) 
871183     DEBUG Test worker     d.u.i.k.j.JavaProgramElement Program match failed (pattern false;, source i < _a.length && j < _b.length;) 
871183     DEBUG Test worker     d.u.i.k.j.JavaProgramElement Program match failed (pattern true;, source false;) 
871183     DEBUG Test worker     d.u.i.k.j.JavaProgramElement Program match failed (pattern true;, source false;) 
871340     DEBUG Test worker     d.u.i.k.j.JavaProgramElement Program match failed (pattern true;, source i < _a.length && j < _b.length;) 
871340     DEBUG Test worker     d.u.i.k.j.JavaProgramElement Program match failed (pattern false;, source i < _a.length && j < _b.length;) 
871340     DEBUG Test worker     d.u.i.k.j.JavaProgramElement Program match failed (pattern true;, source i < _a.length && j < _b.length;) 
871340     DEBUG Test worker     d.u.i.k.j.JavaProgramElement Program match failed (pattern false;, source i < _a.length && j < _b.length;) 
871340     DEBUG Test worker     d.u.i.k.j.JavaProgramElement Program match failed (pattern true;, source i < _a.length && j < _b.length;) 
871340     DEBUG Test worker     d.u.i.k.j.JavaProgramElement Program match failed (pattern false;, source i < _a.length && j < _b.length;) 
871340     DEBUG Test worker     d.u.i.k.j.JavaProgramElement Program match failed (pattern true;, source i < _a.length && j < _b.length;) 
871340     DEBUG Test worker     d.u.i.k.j.JavaProgramElement Program match failed (pattern false;, source i < _a.length && j < _b.length;) 
871512     DEBUG Test worker     d.u.i.k.j.JavaProgramElement Program match failed (pattern true;, source i < _a.length && j < _b.length;) 
871512     DEBUG Test worker     d.u.i.k.j.JavaProgramElement Program match failed (pattern false;, source i < _a.length && j < _b.length;) 
871512     DEBUG Test worker     d.u.i.k.j.JavaProgramElement Program match failed (pattern true;, source i < _a.length && j < _b.length;) 
871512     DEBUG Test worker     d.u.i.k.j.JavaProgramElement Program match failed (pattern false;, source i < _a.length && j < _b.length;) 
871512     DEBUG Test worker     d.u.i.k.j.JavaProgramElement Program match failed (pattern true;, source !i < _a.length;) 
871512     DEBUG Test worker     d.u.i.k.j.JavaProgramElement Program match failed (pattern false;, source !i < _a.length;) 
871512     DEBUG Test worker     d.u.i.k.j.JavaProgramElement Program match failed (pattern true;, source !i < _a.length;) 
871512     DEBUG Test worker     d.u.i.k.j.JavaProgramElement Program match failed (pattern false;, source !i < _a.length;) 
871527     DEBUG Test worker     d.u.i.k.j.JavaProgramElement Program match failed (pattern true;, source i < _a.length;) 
871527     DEBUG Test worker     d.u.i.k.j.JavaProgramElement Program match failed (pattern false;, source i < _a.length;) 
871527     DEBUG Test worker     d.u.i.k.j.JavaProgramElement Program match failed (pattern true;, source i < _a.length;) 
871527     DEBUG Test worker     d.u.i.k.j.JavaProgramElement Program match failed (pattern false;, source i < _a.length;) 
871527     DEBUG Test worker     d.u.i.k.j.JavaProgramElement Program match failed (pattern true;, source i) 
871527     DEBUG Test worker     d.u.i.k.j.JavaProgramElement Program match failed (pattern false;, source i) 
871527     DEBUG Test worker     d.u.i.k.j.JavaProgramElement Program match failed (pattern true;, source i) 
871527     DEBUG Test worker     d.u.i.k.j.JavaProgramElement Program match failed (pattern false;, source i) 
871543     DEBUG Test worker     d.u.i.k.j.JavaProgramElement Program match failed (pattern true;, source _a.length;) 
871543     DEBUG Test worker     d.u.i.k.j.JavaProgramElement Program match failed (pattern false;, source _a.length;) 
871543     DEBUG Test worker     d.u.i.k.j.JavaProgramElement Program match failed (pattern true;, source _a.length;) 
871543     DEBUG Test worker     d.u.i.k.j.JavaProgramElement Program match failed (pattern false;, source _a.length;) 
871543     DEBUG Test worker     d.u.i.k.j.JavaProgramElement Program match failed (pattern true;, source i_1 < i_2;) 
871543     DEBUG Test worker     d.u.i.k.j.JavaProgramElement Program match failed (pattern false;, source i_1 < i_2;) 
871543     DEBUG Test worker     d.u.i.k.j.JavaProgramElement Program match failed (pattern true;, source i_1 < i_2;) 
871543     DEBUG Test worker     d.u.i.k.j.JavaProgramElement Program match failed (pattern false;, source i_1 < i_2;) 
871543     DEBUG Test worker     d.u.i.k.j.JavaProgramElement Program match failed (pattern true;, source i_1 < i_2;) 
871543     DEBUG Test worker     d.u.i.k.j.JavaProgramElement Program match failed (pattern false;, source i_1 < i_2;) 
871543     DEBUG Test worker     d.u.i.k.j.JavaProgramElement Program match failed (pattern true;, source i_1 < i_2;) 
871543     DEBUG Test worker     d.u.i.k.j.JavaProgramElement Program match failed (pattern false;, source i_1 < i_2;) 
871543     DEBUG Test worker     d.u.i.k.j.JavaProgramElement Program match failed (pattern true;, source i_1 < i_2;) 
871543     DEBUG Test worker     d.u.i.k.j.JavaProgramElement Program match failed (pattern false;, source i_1 < i_2;) 
871543     DEBUG Test worker     d.u.i.k.j.JavaProgramElement Program match failed (pattern true;, source i_1 < i_2;) 
871543     DEBUG Test worker     d.u.i.k.j.JavaProgramElement Program match failed (pattern false;, source i_1 < i_2;) 
871543     DEBUG Test worker     d.u.i.k.j.JavaProgramElement Program match failed (pattern true;, source i_1 < i_2;) 
871543     DEBUG Test worker     d.u.i.k.j.JavaProgramElement Program match failed (pattern false;, source i_1 < i_2;) 
871543     DEBUG Test worker     d.u.i.k.j.JavaProgramElement Program match failed (pattern true;, source i_1 < i_2;) 
871543     DEBUG Test worker     d.u.i.k.j.JavaProgramElement Program match failed (pattern false;, source i_1 < i_2;) 
871543     DEBUG Test worker     d.u.i.k.j.JavaProgramElement Program match failed (pattern true;, source i_1 < i_2;) 
871543     DEBUG Test worker     d.u.i.k.j.JavaProgramElement Program match failed (pattern false;, source i_1 < i_2;) 
871543     DEBUG Test worker     d.u.i.k.j.JavaProgramElement Program match failed (pattern true;, source i_1 < i_2;) 
871543     DEBUG Test worker     d.u.i.k.j.JavaProgramElement Program match failed (pattern false;, source i_1 < i_2;) 
871558     DEBUG Test worker     d.u.i.k.j.JavaProgramElement Program match failed (pattern true;, source i_1 < i_2;) 
871558     DEBUG Test worker     d.u.i.k.j.JavaProgramElement Program match failed (pattern false;, source i_1 < i_2;) 
871558     DEBUG Test worker     d.u.i.k.j.JavaProgramElement Program match failed (pattern true;, source i_1 < i_2;) 
871558     DEBUG Test worker     d.u.i.k.j.JavaProgramElement Program match failed (pattern false;, source i_1 < i_2;) 
871558     DEBUG Test worker     d.u.i.k.j.JavaProgramElement Program match failed (pattern true;, source i_1 < i_2;) 
871558     DEBUG Test worker     d.u.i.k.j.JavaProgramElement Program match failed (pattern false;, source i_1 < i_2;) 
871558     DEBUG Test worker     d.u.i.k.j.JavaProgramElement Program match failed (pattern true;, source i_1 < i_2;) 
871558     DEBUG Test worker     d.u.i.k.j.JavaProgramElement Program match failed (pattern false;, source i_1 < i_2;) 
871558     DEBUG Test worker     d.u.i.k.j.JavaProgramElement Program match failed (pattern true;, source !b_3;) 
871558     DEBUG Test worker     d.u.i.k.j.JavaProgramElement Program match failed (pattern false;, source !b_3;) 
871558     DEBUG Test worker     d.u.i.k.j.JavaProgramElement Program match failed (pattern true;, source !b_3;) 
871574     DEBUG Test worker     d.u.i.k.j.JavaProgramElement Program match failed (pattern false;, source !b_3;) 
871574     DEBUG Test worker     d.u.i.k.j.JavaProgramElement Program match failed (pattern true;, source !b_3;) 
871574     DEBUG Test worker     d.u.i.k.j.JavaProgramElement Program match failed (pattern false;, source !b_3;) 
871574     DEBUG Test worker     d.u.i.k.j.JavaProgramElement Program match failed (pattern true;, source !b_3;) 
871574     DEBUG Test worker     d.u.i.k.j.JavaProgramElement Program match failed (pattern false;, source !b_3;) 
871574     DEBUG Test worker     d.u.i.k.j.JavaProgramElement Program match failed (pattern true;, source !b_3;) 
871574     DEBUG Test worker     d.u.i.k.j.JavaProgramElement Program match failed (pattern false;, source !b_3;) 
871574     DEBUG Test worker     d.u.i.k.j.JavaProgramElement Program match failed (pattern true;, source !b_3;) 
871574     DEBUG Test worker     d.u.i.k.j.JavaProgramElement Program match failed (pattern false;, source !b_3;) 
871574     DEBUG Test worker     d.u.i.k.j.JavaProgramElement Program match failed (pattern true;, source !b_3;) 
871574     DEBUG Test worker     d.u.i.k.j.JavaProgramElement Program match failed (pattern false;, source !b_3;) 
871574     DEBUG Test worker     d.u.i.k.j.JavaProgramElement Program match failed (pattern true;, source !b_3;) 
871574     DEBUG Test worker     d.u.i.k.j.JavaProgramElement Program match failed (pattern false;, source !b_3;) 
871574     DEBUG Test worker     d.u.i.k.j.JavaProgramElement Program match failed (pattern true;, source !b_3;) 
871574     DEBUG Test worker     d.u.i.k.j.JavaProgramElement Program match failed (pattern false;, source !b_3;) 
871574     DEBUG Test worker     d.u.i.k.j.JavaProgramElement Program match failed (pattern true;, source !b_3;) 
871574     DEBUG Test worker     d.u.i.k.j.JavaProgramElement Program match failed (pattern false;, source !b_3;) 
871574     DEBUG Test worker     d.u.i.k.j.JavaProgramElement Program match failed (pattern true;, source !b_3;) 
871574     DEBUG Test worker     d.u.i.k.j.JavaProgramElement Program match failed (pattern false;, source !b_3;) 
871574     DEBUG Test worker     d.u.i.k.j.JavaProgramElement Program match failed (pattern true;, source !b_3;) 
871574     DEBUG Test worker     d.u.i.k.j.JavaProgramElement Program match failed (pattern false;, source !b_3;) 
871574     DEBUG Test worker     d.u.i.k.j.JavaProgramElement Program match failed (pattern true;, source !b_3;) 
871574     DEBUG Test worker     d.u.i.k.j.JavaProgramElement Program match failed (pattern false;, source !b_3;) 
871574     DEBUG Test worker     d.u.i.k.j.JavaProgramElement Program match failed (pattern true;, source !b_3;) 
871574     DEBUG Test worker     d.u.i.k.j.JavaProgramElement Program match failed (pattern false;, source !b_3;) 
871590     DEBUG Test worker     d.u.i.k.j.JavaProgramElement Program match failed (pattern true;, source !b_3;) 
871590     DEBUG Test worker     d.u.i.k.j.JavaProgramElement Program match failed (pattern false;, source !b_3;) 
871590     DEBUG Test worker     d.u.i.k.j.JavaProgramElement Program match failed (pattern true;, source !b_3;) 
871590     DEBUG Test worker     d.u.i.k.j.JavaProgramElement Program match failed (pattern false;, source !b_3;) 
871590     DEBUG Test worker     d.u.i.k.j.JavaProgramElement Program match failed (pattern true;, source !b_3;) 
871590     DEBUG Test worker     d.u.i.k.j.JavaProgramElement Program match failed (pattern false;, source !b_3;) 
871590     DEBUG Test worker     d.u.i.k.j.JavaProgramElement Program match failed (pattern true;, source !b_3;) 
871590     DEBUG Test worker     d.u.i.k.j.JavaProgramElement Program match failed (pattern false;, source !b_3;) 
871590     DEBUG Test worker     d.u.i.k.j.JavaProgramElement Program match failed (pattern true;, source !b_3;) 
871590     DEBUG Test worker     d.u.i.k.j.JavaProgramElement Program match failed (pattern false;, source !b_3;) 
871590     DEBUG Test worker     d.u.i.k.j.JavaProgramElement Program match failed (pattern true;, source !b_3;) 
871590     DEBUG Test worker     d.u.i.k.j.JavaProgramElement Program match failed (pattern false;, source !b_3;) 
871590     DEBUG Test worker     d.u.i.k.j.JavaProgramElement Program match failed (pattern true;, source !b_3;) 
871590     DEBUG Test worker     d.u.i.k.j.JavaProgramElement Program match failed (pattern false;, source !b_3;) 
871590     DEBUG Test worker     d.u.i.k.j.JavaProgramElement Program match failed (pattern true;, source !b_3;) 
871590     DEBUG Test worker     d.u.i.k.j.JavaProgramElement Program match failed (pattern false;, source !b_3;) 
871590     DEBUG Test worker     d.u.i.k.j.JavaProgramElement Program match failed (pattern true;, source !b_3;) 
871590     DEBUG Test worker     d.u.i.k.j.JavaProgramElement Program match failed (pattern false;, source !b_3;) 
871590     DEBUG Test worker     d.u.i.k.j.JavaProgramElement Program match failed (pattern true;, source !b_3;) 
871590     DEBUG Test worker     d.u.i.k.j.JavaProgramElement Program match failed (pattern false;, source !b_3;) 
871590     DEBUG Test worker     d.u.i.k.j.JavaProgramElement Program match failed (pattern true;, source !b_3;) 
871590     DEBUG Test worker     d.u.i.k.j.JavaProgramElement Program match failed (pattern false;, source !b_3;) 
871590     DEBUG Test worker     d.u.i.k.j.JavaProgramElement Program match failed (pattern true;, source !b_3;) 
871590     DEBUG Test worker     d.u.i.k.j.JavaProgramElement Program match failed (pattern false;, source !b_3;) 
871590     DEBUG Test worker     d.u.i.k.j.JavaProgramElement Program match failed (pattern true;, source !b_3;) 
871590     DEBUG Test worker     d.u.i.k.j.JavaProgramElement Program match failed (pattern false;, source !b_3;) 
871590     DEBUG Test worker     d.u.i.k.j.JavaProgramElement Program match failed (pattern true;, source !b_3;) 
871590     DEBUG Test worker     d.u.i.k.j.JavaProgramElement Program match failed (pattern false;, source !b_3;) 
871605     DEBUG Test worker     d.u.i.k.j.JavaProgramElement Program match failed (pattern true;, source !b_3;) 
871605     DEBUG Test worker     d.u.i.k.j.JavaProgramElement Program match failed (pattern false;, source !b_3;) 
871605     DEBUG Test worker     d.u.i.k.j.JavaProgramElement Program match failed (pattern true;, source !b_3;) 
871605     DEBUG Test worker     d.u.i.k.j.JavaProgramElement Program match failed (pattern false;, source !b_3;) 
871605     DEBUG Test worker     d.u.i.k.j.JavaProgramElement Program match failed (pattern true;, source !b_3;) 
871605     DEBUG Test worker     d.u.i.k.j.JavaProgramElement Program match failed (pattern false;, source !b_3;) 
871605     DEBUG Test worker     d.u.i.k.j.JavaProgramElement Program match failed (pattern true;, source !b_3;) 
871605     DEBUG Test worker     d.u.i.k.j.JavaProgramElement Program match failed (pattern false;, source !b_3;) 
871605     DEBUG Test worker     d.u.i.k.j.JavaProgramElement Program match failed (pattern true;, source !b_3;) 
871605     DEBUG Test worker     d.u.i.k.j.JavaProgramElement Program match failed (pattern false;, source !b_3;) 
871605     DEBUG Test worker     d.u.i.k.j.JavaProgramElement Program match failed (pattern true;, source !b_3;) 
871605     DEBUG Test worker     d.u.i.k.j.JavaProgramElement Program match failed (pattern false;, source !b_3;) 
871605     DEBUG Test worker     d.u.i.k.j.JavaProgramElement Program match failed (pattern true;, source !b_3;) 
871605     DEBUG Test worker     d.u.i.k.j.JavaProgramElement Program match failed (pattern false;, source !b_3;) 
871605     DEBUG Test worker     d.u.i.k.j.JavaProgramElement Program match failed (pattern true;, source !b_3;) 
871605     DEBUG Test worker     d.u.i.k.j.JavaProgramElement Program match failed (pattern false;, source !b_3;) 
871605     DEBUG Test worker     d.u.i.k.j.JavaProgramElement Program match failed (pattern true;, source !b_3;) 
871605     DEBUG Test worker     d.u.i.k.j.JavaProgramElement Program match failed (pattern false;, source !b_3;) 
871605     DEBUG Test worker     d.u.i.k.j.JavaProgramElement Program match failed (pattern true;, source !b_3;) 
871605     DEBUG Test worker     d.u.i.k.j.JavaProgramElement Program match failed (pattern false;, source !b_3;) 
871637     DEBUG Test worker     d.u.i.k.j.JavaProgramElement Program match failed (pattern true;, source !i < _a.length;) 
871637     DEBUG Test worker     d.u.i.k.j.JavaProgramElement Program match failed (pattern false;, source !i < _a.length;) 
871637     DEBUG Test worker     d.u.i.k.j.JavaProgramElement Program match failed (pattern true;, source !i < _a.length;) 
871637     DEBUG Test worker     d.u.i.k.j.JavaProgramElement Program match failed (pattern false;, source !i < _a.length;) 
871652     DEBUG Test worker     d.u.i.k.j.JavaProgramElement Program match failed (pattern true;, source i < _a.length;) 
871652     DEBUG Test worker     d.u.i.k.j.JavaProgramElement Program match failed (pattern false;, source i < _a.length;) 
871652     DEBUG Test worker     d.u.i.k.j.JavaProgramElement Program match failed (pattern true;, source i < _a.length;) 
871652     DEBUG Test worker     d.u.i.k.j.JavaProgramElement Program match failed (pattern false;, source i < _a.length;) 
871652     DEBUG Test worker     d.u.i.k.j.JavaProgramElement Program match failed (pattern true;, source i) 
871652     DEBUG Test worker     d.u.i.k.j.JavaProgramElement Program match failed (pattern false;, source i) 
871652     DEBUG Test worker     d.u.i.k.j.JavaProgramElement Program match failed (pattern true;, source i) 
871652     DEBUG Test worker     d.u.i.k.j.JavaProgramElement Program match failed (pattern false;, source i) 
871668     DEBUG Test worker     d.u.i.k.j.JavaProgramElement Program match failed (pattern true;, source _a.length;) 
871668     DEBUG Test worker     d.u.i.k.j.JavaProgramElement Program match failed (pattern false;, source _a.length;) 
871668     DEBUG Test worker     d.u.i.k.j.JavaProgramElement Program match failed (pattern true;, source _a.length;) 
871668     DEBUG Test worker     d.u.i.k.j.JavaProgramElement Program match failed (pattern false;, source _a.length;) 
871683     DEBUG Test worker     d.u.i.k.j.JavaProgramElement Program match failed (pattern true;, source i_3 < i_4;) 
871683     DEBUG Test worker     d.u.i.k.j.JavaProgramElement Program match failed (pattern false;, source i_3 < i_4;) 
871683     DEBUG Test worker     d.u.i.k.j.JavaProgramElement Program match failed (pattern true;, source i_3 < i_4;) 
871683     DEBUG Test worker     d.u.i.k.j.JavaProgramElement Program match failed (pattern false;, source i_3 < i_4;) 
871683     DEBUG Test worker     d.u.i.k.j.JavaProgramElement Program match failed (pattern true;, source i_3 < i_4;) 
871683     DEBUG Test worker     d.u.i.k.j.JavaProgramElement Program match failed (pattern false;, source i_3 < i_4;) 
871683     DEBUG Test worker     d.u.i.k.j.JavaProgramElement Program match failed (pattern true;, source i_3 < i_4;) 
871683     DEBUG Test worker     d.u.i.k.j.JavaProgramElement Program match failed (pattern false;, source i_3 < i_4;) 
871683     DEBUG Test worker     d.u.i.k.j.JavaProgramElement Program match failed (pattern true;, source i_3 < i_4;) 
871683     DEBUG Test worker     d.u.i.k.j.JavaProgramElement Program match failed (pattern false;, source i_3 < i_4;) 
871683     DEBUG Test worker     d.u.i.k.j.JavaProgramElement Program match failed (pattern true;, source i_3 < i_4;) 
871683     DEBUG Test worker     d.u.i.k.j.JavaProgramElement Program match failed (pattern false;, source i_3 < i_4;) 
871683     DEBUG Test worker     d.u.i.k.j.JavaProgramElement Program match failed (pattern true;, source i_3 < i_4;) 
871683     DEBUG Test worker     d.u.i.k.j.JavaProgramElement Program match failed (pattern false;, source i_3 < i_4;) 
871683     DEBUG Test worker     d.u.i.k.j.JavaProgramElement Program match failed (pattern true;, source i_3 < i_4;) 
871683     DEBUG Test worker     d.u.i.k.j.JavaProgramElement Program match failed (pattern false;, source i_3 < i_4;) 
871683     DEBUG Test worker     d.u.i.k.j.JavaProgramElement Program match failed (pattern true;, source i_3 < i_4;) 
871683     DEBUG Test worker     d.u.i.k.j.JavaProgramElement Program match failed (pattern false;, source i_3 < i_4;) 
871683     DEBUG Test worker     d.u.i.k.j.JavaProgramElement Program match failed (pattern true;, source i_3 < i_4;) 
871683     DEBUG Test worker     d.u.i.k.j.JavaProgramElement Program match failed (pattern false;, source i_3 < i_4;) 
871699     DEBUG Test worker     d.u.i.k.j.JavaProgramElement Program match failed (pattern true;, source i_3 < i_4;) 
871699     DEBUG Test worker     d.u.i.k.j.JavaProgramElement Program match failed (pattern false;, source i_3 < i_4;) 
871699     DEBUG Test worker     d.u.i.k.j.JavaProgramElement Program match failed (pattern true;, source i_3 < i_4;) 
871699     DEBUG Test worker     d.u.i.k.j.JavaProgramElement Program match failed (pattern false;, source i_3 < i_4;) 
871699     DEBUG Test worker     d.u.i.k.j.JavaProgramElement Program match failed (pattern true;, source !b_5;) 
871699     DEBUG Test worker     d.u.i.k.j.JavaProgramElement Program match failed (pattern false;, source !b_5;) 
871699     DEBUG Test worker     d.u.i.k.j.JavaProgramElement Program match failed (pattern true;, source !b_5;) 
871699     DEBUG Test worker     d.u.i.k.j.JavaProgramElement Program match failed (pattern false;, source !b_5;) 
871699     DEBUG Test worker     d.u.i.k.j.JavaProgramElement Program match failed (pattern true;, source !b_5;) 
871699     DEBUG Test worker     d.u.i.k.j.JavaProgramElement Program match failed (pattern false;, source !b_5;) 
871699     DEBUG Test worker     d.u.i.k.j.JavaProgramElement Program match failed (pattern true;, source !b_5;) 
871699     DEBUG Test worker     d.u.i.k.j.JavaProgramElement Program match failed (pattern false;, source !b_5;) 
871715     DEBUG Test worker     d.u.i.k.j.JavaProgramElement Program match failed (pattern true;, source !b_5;) 
871715     DEBUG Test worker     d.u.i.k.j.JavaProgramElement Program match failed (pattern false;, source !b_5;) 
871715     DEBUG Test worker     d.u.i.k.j.JavaProgramElement Program match failed (pattern true;, source !b_5;) 
871715     DEBUG Test worker     d.u.i.k.j.JavaProgramElement Program match failed (pattern false;, source !b_5;) 
871715     DEBUG Test worker     d.u.i.k.j.JavaProgramElement Program match failed (pattern true;, source !b_5;) 
871715     DEBUG Test worker     d.u.i.k.j.JavaProgramElement Program match failed (pattern false;, source !b_5;) 
871715     DEBUG Test worker     d.u.i.k.j.JavaProgramElement Program match failed (pattern true;, source !b_5;) 
871715     DEBUG Test worker     d.u.i.k.j.JavaProgramElement Program match failed (pattern false;, source !b_5;) 
871715     DEBUG Test worker     d.u.i.k.j.JavaProgramElement Program match failed (pattern true;, source !b_5;) 
871715     DEBUG Test worker     d.u.i.k.j.JavaProgramElement Program match failed (pattern false;, source !b_5;) 
871715     DEBUG Test worker     d.u.i.k.j.JavaProgramElement Program match failed (pattern true;, source !b_5;) 
871715     DEBUG Test worker     d.u.i.k.j.JavaProgramElement Program match failed (pattern false;, source !b_5;) 
871715     DEBUG Test worker     d.u.i.k.j.JavaProgramElement Program match failed (pattern true;, source !b_5;) 
871715     DEBUG Test worker     d.u.i.k.j.JavaProgramElement Program match failed (pattern false;, source !b_5;) 
871715     DEBUG Test worker     d.u.i.k.j.JavaProgramElement Program match failed (pattern true;, source !b_5;) 
871715     DEBUG Test worker     d.u.i.k.j.JavaProgramElement Program match failed (pattern false;, source !b_5;) 
871715     DEBUG Test worker     d.u.i.k.j.JavaProgramElement Program match failed (pattern true;, source !b_5;) 
871715     DEBUG Test worker     d.u.i.k.j.JavaProgramElement Program match failed (pattern false;, source !b_5;) 
871715     DEBUG Test worker     d.u.i.k.j.JavaProgramElement Program match failed (pattern true;, source !b_5;) 
871715     DEBUG Test worker     d.u.i.k.j.JavaProgramElement Program match failed (pattern false;, source !b_5;) 
871715     DEBUG Test worker     d.u.i.k.j.JavaProgramElement Program match failed (pattern true;, source !b_5;) 
871715     DEBUG Test worker     d.u.i.k.j.JavaProgramElement Program match failed (pattern false;, source !b_5;) 
871715     DEBUG Test worker     d.u.i.k.j.JavaProgramElement Program match failed (pattern true;, source !b_5;) 
871715     DEBUG Test worker     d.u.i.k.j.JavaProgramElement Program match failed (pattern false;, source !b_5;) 
871730     DEBUG Test worker     d.u.i.k.j.JavaProgramElement Program match failed (pattern true;, source !b_5;) 
871730     DEBUG Test worker     d.u.i.k.j.JavaProgramElement Program match failed (pattern false;, source !b_5;) 
871730     DEBUG Test worker     d.u.i.k.j.JavaProgramElement Program match failed (pattern true;, source !b_5;) 
871730     DEBUG Test worker     d.u.i.k.j.JavaProgramElement Program match failed (pattern false;, source !b_5;) 
871730     DEBUG Test worker     d.u.i.k.j.JavaProgramElement Program match failed (pattern true;, source !b_5;) 
871730     DEBUG Test worker     d.u.i.k.j.JavaProgramElement Program match failed (pattern false;, source !b_5;) 
871730     DEBUG Test worker     d.u.i.k.j.JavaProgramElement Program match failed (pattern true;, source !b_5;) 
871730     DEBUG Test worker     d.u.i.k.j.JavaProgramElement Program match failed (pattern false;, source !b_5;) 
871730     DEBUG Test worker     d.u.i.k.j.JavaProgramElement Program match failed (pattern true;, source !b_5;) 
871730     DEBUG Test worker     d.u.i.k.j.JavaProgramElement Program match failed (pattern false;, source !b_5;) 
871730     DEBUG Test worker     d.u.i.k.j.JavaProgramElement Program match failed (pattern true;, source !b_5;) 
871730     DEBUG Test worker     d.u.i.k.j.JavaProgramElement Program match failed (pattern false;, source !b_5;) 
871730     DEBUG Test worker     d.u.i.k.j.JavaProgramElement Program match failed (pattern true;, source !b_5;) 
871730     DEBUG Test worker     d.u.i.k.j.JavaProgramElement Program match failed (pattern false;, source !b_5;) 
871730     DEBUG Test worker     d.u.i.k.j.JavaProgramElement Program match failed (pattern true;, source !b_5;) 
871730     DEBUG Test worker     d.u.i.k.j.JavaProgramElement Program match failed (pattern false;, source !b_5;) 
871730     DEBUG Test worker     d.u.i.k.j.JavaProgramElement Program match failed (pattern true;, source !b_5;) 
871730     DEBUG Test worker     d.u.i.k.j.JavaProgramElement Program match failed (pattern false;, source !b_5;) 
871730     DEBUG Test worker     d.u.i.k.j.JavaProgramElement Program match failed (pattern true;, source !b_5;) 
871730     DEBUG Test worker     d.u.i.k.j.JavaProgramElement Program match failed (pattern false;, source !b_5;) 
871730     DEBUG Test worker     d.u.i.k.j.JavaProgramElement Program match failed (pattern true;, source !b_5;) 
871730     DEBUG Test worker     d.u.i.k.j.JavaProgramElement Program match failed (pattern false;, source !b_5;) 
871730     DEBUG Test worker     d.u.i.k.j.JavaProgramElement Program match failed (pattern true;, source !b_5;) 
871730     DEBUG Test worker     d.u.i.k.j.JavaProgramElement Program match failed (pattern false;, source !b_5;) 
871730     DEBUG Test worker     d.u.i.k.j.JavaProgramElement Program match failed (pattern true;, source !b_5;) 
871730     DEBUG Test worker     d.u.i.k.j.JavaProgramElement Program match failed (pattern false;, source !b_5;) 
871730     DEBUG Test worker     d.u.i.k.j.JavaProgramElement Program match failed (pattern true;, source !b_5;) 
871730     DEBUG Test worker     d.u.i.k.j.JavaProgramElement Program match failed (pattern false;, source !b_5;) 
871746     DEBUG Test worker     d.u.i.k.j.JavaProgramElement Program match failed (pattern true;, source !b_5;) 
871746     DEBUG Test worker     d.u.i.k.j.JavaProgramElement Program match failed (pattern false;, source !b_5;) 
871746     DEBUG Test worker     d.u.i.k.j.JavaProgramElement Program match failed (pattern true;, source !b_5;) 
871746     DEBUG Test worker     d.u.i.k.j.JavaProgramElement Program match failed (pattern false;, source !b_5;) 
871746     DEBUG Test worker     d.u.i.k.j.JavaProgramElement Program match failed (pattern true;, source !b_5;) 
871746     DEBUG Test worker     d.u.i.k.j.JavaProgramElement Program match failed (pattern false;, source !b_5;) 
871746     DEBUG Test worker     d.u.i.k.j.JavaProgramElement Program match failed (pattern true;, source !b_5;) 
871746     DEBUG Test worker     d.u.i.k.j.JavaProgramElement Program match failed (pattern false;, source !b_5;) 
871746     DEBUG Test worker     d.u.i.k.j.JavaProgramElement Program match failed (pattern true;, source !b_5;) 
871746     DEBUG Test worker     d.u.i.k.j.JavaProgramElement Program match failed (pattern false;, source !b_5;) 
871746     DEBUG Test worker     d.u.i.k.j.JavaProgramElement Program match failed (pattern true;, source !b_5;) 
871746     DEBUG Test worker     d.u.i.k.j.JavaProgramElement Program match failed (pattern false;, source !b_5;) 
871746     DEBUG Test worker     d.u.i.k.j.JavaProgramElement Program match failed (pattern true;, source !b_5;) 
871762     DEBUG Test worker     d.u.i.k.j.JavaProgramElement Program match failed (pattern false;, source !b_5;) 
871762     DEBUG Test worker     d.u.i.k.j.JavaProgramElement Program match failed (pattern true;, source !b_5;) 
871762     DEBUG Test worker     d.u.i.k.j.JavaProgramElement Program match failed (pattern false;, source !b_5;) 
871809     DEBUG Test worker     d.u.i.k.j.JavaProgramElement Program match failed (pattern false;, source j < _b.length;) 
871809     DEBUG Test worker     d.u.i.k.j.JavaProgramElement Program match failed (pattern true;, source j < _b.length;) 
871809     DEBUG Test worker     d.u.i.k.j.JavaProgramElement Program match failed (pattern false;, source j < _b.length;) 
871809     DEBUG Test worker     d.u.i.k.j.JavaProgramElement Program match failed (pattern true;, source j < _b.length;) 
871809     DEBUG Test worker     d.u.i.k.j.JavaProgramElement Program match failed (pattern true;, source j < _b.length;) 
871809     DEBUG Test worker     d.u.i.k.j.JavaProgramElement Program match failed (pattern false;, source j < _b.length;) 
871809     DEBUG Test worker     d.u.i.k.j.JavaProgramElement Program match failed (pattern true;, source j < _b.length;) 
871809     DEBUG Test worker     d.u.i.k.j.JavaProgramElement Program match failed (pattern false;, source j < _b.length;) 
871809     DEBUG Test worker     d.u.i.k.j.JavaProgramElement Program match failed (pattern true;, source false;) 
871809     DEBUG Test worker     d.u.i.k.j.JavaProgramElement Program match failed (pattern true;, source false;) 
871809     DEBUG Test worker     d.u.i.k.j.JavaProgramElement Program match failed (pattern false;, source j < _b.length;) 
871809     DEBUG Test worker     d.u.i.k.j.JavaProgramElement Program match failed (pattern true;, source j < _b.length;) 
871809     DEBUG Test worker     d.u.i.k.j.JavaProgramElement Program match failed (pattern false;, source j < _b.length;) 
871809     DEBUG Test worker     d.u.i.k.j.JavaProgramElement Program match failed (pattern true;, source j < _b.length;) 
871809     DEBUG Test worker     d.u.i.k.j.JavaProgramElement Program match failed (pattern true;, source j < _b.length;) 
871809     DEBUG Test worker     d.u.i.k.j.JavaProgramElement Program match failed (pattern false;, source j < _b.length;) 
871809     DEBUG Test worker     d.u.i.k.j.JavaProgramElement Program match failed (pattern true;, source j < _b.length;) 
871809     DEBUG Test worker     d.u.i.k.j.JavaProgramElement Program match failed (pattern false;, source j < _b.length;) 
871840     DEBUG Test worker     d.u.i.k.j.JavaProgramElement Program match failed (pattern true;, source j) 
871840     DEBUG Test worker     d.u.i.k.j.JavaProgramElement Program match failed (pattern false;, source j) 
871840     DEBUG Test worker     d.u.i.k.j.JavaProgramElement Program match failed (pattern true;, source j) 
871840     DEBUG Test worker     d.u.i.k.j.JavaProgramElement Program match failed (pattern false;, source j) 
871840     DEBUG Test worker     d.u.i.k.j.JavaProgramElement Program match failed (pattern true;, source _b.length;) 
871840     DEBUG Test worker     d.u.i.k.j.JavaProgramElement Program match failed (pattern false;, source _b.length;) 
871840     DEBUG Test worker     d.u.i.k.j.JavaProgramElement Program match failed (pattern true;, source _b.length;) 
871840     DEBUG Test worker     d.u.i.k.j.JavaProgramElement Program match failed (pattern false;, source _b.length;) 
871840     DEBUG Test worker     d.u.i.k.j.JavaProgramElement Program match failed (pattern true;, source i_5 < i_6;) 
871840     DEBUG Test worker     d.u.i.k.j.JavaProgramElement Program match failed (pattern false;, source i_5 < i_6;) 
871840     DEBUG Test worker     d.u.i.k.j.JavaProgramElement Program match failed (pattern true;, source i_5 < i_6;) 
871840     DEBUG Test worker     d.u.i.k.j.JavaProgramElement Program match failed (pattern false;, source i_5 < i_6;) 
871840     DEBUG Test worker     d.u.i.k.j.JavaProgramElement Program match failed (pattern true;, source i_5 < i_6;) 
871840     DEBUG Test worker     d.u.i.k.j.JavaProgramElement Program match failed (pattern false;, source i_5 < i_6;) 
871840     DEBUG Test worker     d.u.i.k.j.JavaProgramElement Program match failed (pattern true;, source i_5 < i_6;) 
871840     DEBUG Test worker     d.u.i.k.j.JavaProgramElement Program match failed (pattern false;, source i_5 < i_6;) 
871840     DEBUG Test worker     d.u.i.k.j.JavaProgramElement Program match failed (pattern true;, source i_5 < i_6;) 
871840     DEBUG Test worker     d.u.i.k.j.JavaProgramElement Program match failed (pattern false;, source i_5 < i_6;) 
871840     DEBUG Test worker     d.u.i.k.j.JavaProgramElement Program match failed (pattern true;, source i_5 < i_6;) 
871840     DEBUG Test worker     d.u.i.k.j.JavaProgramElement Program match failed (pattern false;, source i_5 < i_6;) 
871856     DEBUG Test worker     d.u.i.k.j.JavaProgramElement Program match failed (pattern true;, source i_5 < i_6;) 
871856     DEBUG Test worker     d.u.i.k.j.JavaProgramElement Program match failed (pattern false;, source i_5 < i_6;) 
871856     DEBUG Test worker     d.u.i.k.j.JavaProgramElement Program match failed (pattern true;, source i_5 < i_6;) 
871856     DEBUG Test worker     d.u.i.k.j.JavaProgramElement Program match failed (pattern false;, source i_5 < i_6;) 
871856     DEBUG Test worker     d.u.i.k.j.JavaProgramElement Program match failed (pattern true;, source i_5 < i_6;) 
871856     DEBUG Test worker     d.u.i.k.j.JavaProgramElement Program match failed (pattern false;, source i_5 < i_6;) 
871856     DEBUG Test worker     d.u.i.k.j.JavaProgramElement Program match failed (pattern true;, source i_5 < i_6;) 
871856     DEBUG Test worker     d.u.i.k.j.JavaProgramElement Program match failed (pattern false;, source i_5 < i_6;) 
871856     DEBUG Test worker     d.u.i.k.j.JavaProgramElement Program match failed (pattern true;, source i_5 < i_6;) 
871856     DEBUG Test worker     d.u.i.k.j.JavaProgramElement Program match failed (pattern false;, source i_5 < i_6;) 
871856     DEBUG Test worker     d.u.i.k.j.JavaProgramElement Program match failed (pattern true;, source i_5 < i_6;) 
871856     DEBUG Test worker     d.u.i.k.j.JavaProgramElement Program match failed (pattern false;, source i_5 < i_6;) 
871856     DEBUG Test worker     d.u.i.k.j.JavaProgramElement Program match failed (pattern true;, source i_5 < i_6;) 
871856     DEBUG Test worker     d.u.i.k.j.JavaProgramElement Program match failed (pattern false;, source i_5 < i_6;) 
871856     DEBUG Test worker     d.u.i.k.j.JavaProgramElement Program match failed (pattern true;, source i_5 < i_6;) 
871856     DEBUG Test worker     d.u.i.k.j.JavaProgramElement Program match failed (pattern false;, source i_5 < i_6;) 
871903     DEBUG Test worker     d.u.i.k.j.JavaProgramElement Program match failed (pattern false;, source j < _b.length;) 
871903     DEBUG Test worker     d.u.i.k.j.JavaProgramElement Program match failed (pattern true;, source j < _b.length;) 
871903     DEBUG Test worker     d.u.i.k.j.JavaProgramElement Program match failed (pattern false;, source j < _b.length;) 
871903     DEBUG Test worker     d.u.i.k.j.JavaProgramElement Program match failed (pattern true;, source j < _b.length;) 
871903     DEBUG Test worker     d.u.i.k.j.JavaProgramElement Program match failed (pattern true;, source j < _b.length;) 
871903     DEBUG Test worker     d.u.i.k.j.JavaProgramElement Program match failed (pattern false;, source j < _b.length;) 
871903     DEBUG Test worker     d.u.i.k.j.JavaProgramElement Program match failed (pattern true;, source j < _b.length;) 
871903     DEBUG Test worker     d.u.i.k.j.JavaProgramElement Program match failed (pattern false;, source j < _b.length;) 
871903     DEBUG Test worker     d.u.i.k.j.JavaProgramElement Program match failed (pattern true;, source false;) 
871903     DEBUG Test worker     d.u.i.k.j.JavaProgramElement Program match failed (pattern true;, source false;) 
871918     DEBUG Test worker     d.u.i.k.j.JavaProgramElement Program match failed (pattern false;, source j < _b.length;) 
871918     DEBUG Test worker     d.u.i.k.j.JavaProgramElement Program match failed (pattern true;, source j < _b.length;) 
871918     DEBUG Test worker     d.u.i.k.j.JavaProgramElement Program match failed (pattern false;, source j < _b.length;) 
871918     DEBUG Test worker     d.u.i.k.j.JavaProgramElement Program match failed (pattern true;, source j < _b.length;) 
871918     DEBUG Test worker     d.u.i.k.j.JavaProgramElement Program match failed (pattern true;, source j < _b.length;) 
871918     DEBUG Test worker     d.u.i.k.j.JavaProgramElement Program match failed (pattern false;, source j < _b.length;) 
871918     DEBUG Test worker     d.u.i.k.j.JavaProgramElement Program match failed (pattern true;, source j < _b.length;) 
871918     DEBUG Test worker     d.u.i.k.j.JavaProgramElement Program match failed (pattern false;, source j < _b.length;) 
871934     DEBUG Test worker     d.u.i.k.j.JavaProgramElement Program match failed (pattern false;, source j) 
871934     DEBUG Test worker     d.u.i.k.j.JavaProgramElement Program match failed (pattern true;, source j) 
871934     DEBUG Test worker     d.u.i.k.j.JavaProgramElement Program match failed (pattern false;, source j) 
871934     DEBUG Test worker     d.u.i.k.j.JavaProgramElement Program match failed (pattern true;, source j) 
871934     DEBUG Test worker     d.u.i.k.j.JavaProgramElement Program match failed (pattern true;, source j) 
871934     DEBUG Test worker     d.u.i.k.j.JavaProgramElement Program match failed (pattern false;, source j) 
871934     DEBUG Test worker     d.u.i.k.j.JavaProgramElement Program match failed (pattern true;, source j) 
871934     DEBUG Test worker     d.u.i.k.j.JavaProgramElement Program match failed (pattern false;, source j) 
871950     DEBUG Test worker     d.u.i.k.j.JavaProgramElement Program match failed (pattern false;, source _b.length;) 
871950     DEBUG Test worker     d.u.i.k.j.JavaProgramElement Program match failed (pattern true;, source _b.length;) 
871950     DEBUG Test worker     d.u.i.k.j.JavaProgramElement Program match failed (pattern false;, source _b.length;) 
871950     DEBUG Test worker     d.u.i.k.j.JavaProgramElement Program match failed (pattern true;, source _b.length;) 
871950     DEBUG Test worker     d.u.i.k.j.JavaProgramElement Program match failed (pattern true;, source _b.length;) 
871950     DEBUG Test worker     d.u.i.k.j.JavaProgramElement Program match failed (pattern false;, source _b.length;) 
871950     DEBUG Test worker     d.u.i.k.j.JavaProgramElement Program match failed (pattern true;, source _b.length;) 
871950     DEBUG Test worker     d.u.i.k.j.JavaProgramElement Program match failed (pattern false;, source _b.length;) 
871997     DEBUG Test worker     d.u.i.k.j.JavaProgramElement Program match failed (pattern false;, source i_7 < i_8;) 
871997     DEBUG Test worker     d.u.i.k.j.JavaProgramElement Program match failed (pattern true;, source i_7 < i_8;) 
871997     DEBUG Test worker     d.u.i.k.j.JavaProgramElement Program match failed (pattern false;, source i_7 < i_8;) 
871997     DEBUG Test worker     d.u.i.k.j.JavaProgramElement Program match failed (pattern true;, source i_7 < i_8;) 
871997     DEBUG Test worker     d.u.i.k.j.JavaProgramElement Program match failed (pattern true;, source i_7 < i_8;) 
872012     DEBUG Test worker     d.u.i.k.j.JavaProgramElement Program match failed (pattern false;, source i_7 < i_8;) 
872012     DEBUG Test worker     d.u.i.k.j.JavaProgramElement Program match failed (pattern true;, source i_7 < i_8;) 
872012     DEBUG Test worker     d.u.i.k.j.JavaProgramElement Program match failed (pattern false;, source i_7 < i_8;) 
872012     DEBUG Test worker     d.u.i.k.j.JavaProgramElement Program match failed (pattern false;, source i_7 < i_8;) 
872012     DEBUG Test worker     d.u.i.k.j.JavaProgramElement Program match failed (pattern true;, source i_7 < i_8;) 
872012     DEBUG Test worker     d.u.i.k.j.JavaProgramElement Program match failed (pattern false;, source i_7 < i_8;) 
872012     DEBUG Test worker     d.u.i.k.j.JavaProgramElement Program match failed (pattern true;, source i_7 < i_8;) 
872012     DEBUG Test worker     d.u.i.k.j.JavaProgramElement Program match failed (pattern true;, source i_7 < i_8;) 
872012     DEBUG Test worker     d.u.i.k.j.JavaProgramElement Program match failed (pattern false;, source i_7 < i_8;) 
872012     DEBUG Test worker     d.u.i.k.j.JavaProgramElement Program match failed (pattern true;, source i_7 < i_8;) 
872012     DEBUG Test worker     d.u.i.k.j.JavaProgramElement Program match failed (pattern false;, source i_7 < i_8;) 
872028     DEBUG Test worker     d.u.i.k.j.JavaProgramElement Program match failed (pattern false;, source i_7 < i_8;) 
872028     DEBUG Test worker     d.u.i.k.j.JavaProgramElement Program match failed (pattern true;, source i_7 < i_8;) 
872028     DEBUG Test worker     d.u.i.k.j.JavaProgramElement Program match failed (pattern false;, source i_7 < i_8;) 
872028     DEBUG Test worker     d.u.i.k.j.JavaProgramElement Program match failed (pattern true;, source i_7 < i_8;) 
872028     DEBUG Test worker     d.u.i.k.j.JavaProgramElement Program match failed (pattern true;, source i_7 < i_8;) 
872028     DEBUG Test worker     d.u.i.k.j.JavaProgramElement Program match failed (pattern false;, source i_7 < i_8;) 
872028     DEBUG Test worker     d.u.i.k.j.JavaProgramElement Program match failed (pattern true;, source i_7 < i_8;) 
872028     DEBUG Test worker     d.u.i.k.j.JavaProgramElement Program match failed (pattern false;, source i_7 < i_8;) 
872028     DEBUG Test worker     d.u.i.k.j.JavaProgramElement Program match failed (pattern false;, source i_7 < i_8;) 
872028     DEBUG Test worker     d.u.i.k.j.JavaProgramElement Program match failed (pattern true;, source i_7 < i_8;) 
872028     DEBUG Test worker     d.u.i.k.j.JavaProgramElement Program match failed (pattern false;, source i_7 < i_8;) 
872028     DEBUG Test worker     d.u.i.k.j.JavaProgramElement Program match failed (pattern true;, source i_7 < i_8;) 
872028     DEBUG Test worker     d.u.i.k.j.JavaProgramElement Program match failed (pattern true;, source i_7 < i_8;) 
872028     DEBUG Test worker     d.u.i.k.j.JavaProgramElement Program match failed (pattern false;, source i_7 < i_8;) 
872028     DEBUG Test worker     d.u.i.k.j.JavaProgramElement Program match failed (pattern true;, source i_7 < i_8;) 
872028     DEBUG Test worker     d.u.i.k.j.JavaProgramElement Program match failed (pattern false;, source i_7 < i_8;) 
872028     DEBUG Test worker     d.u.i.k.j.JavaProgramElement Program match failed (pattern false;, source i_7 < i_8;) 
872028     DEBUG Test worker     d.u.i.k.j.JavaProgramElement Program match failed (pattern true;, source i_7 < i_8;) 
872028     DEBUG Test worker     d.u.i.k.j.JavaProgramElement Program match failed (pattern false;, source i_7 < i_8;) 
872028     DEBUG Test worker     d.u.i.k.j.JavaProgramElement Program match failed (pattern true;, source i_7 < i_8;) 
872028     DEBUG Test worker     d.u.i.k.j.JavaProgramElement Program match failed (pattern true;, source i_7 < i_8;) 
872028     DEBUG Test worker     d.u.i.k.j.JavaProgramElement Program match failed (pattern false;, source i_7 < i_8;) 
872028     DEBUG Test worker     d.u.i.k.j.JavaProgramElement Program match failed (pattern true;, source i_7 < i_8;) 
872028     DEBUG Test worker     d.u.i.k.j.JavaProgramElement Program match failed (pattern false;, source i_7 < i_8;) 
872028     DEBUG Test worker     d.u.i.k.j.JavaProgramElement Program match failed (pattern false;, source i_7 < i_8;) 
872028     DEBUG Test worker     d.u.i.k.j.JavaProgramElement Program match failed (pattern true;, source i_7 < i_8;) 
872028     DEBUG Test worker     d.u.i.k.j.JavaProgramElement Program match failed (pattern false;, source i_7 < i_8;) 
872028     DEBUG Test worker     d.u.i.k.j.JavaProgramElement Program match failed (pattern true;, source i_7 < i_8;) 
872028     DEBUG Test worker     d.u.i.k.j.JavaProgramElement Program match failed (pattern true;, source i_7 < i_8;) 
872028     DEBUG Test worker     d.u.i.k.j.JavaProgramElement Program match failed (pattern false;, source i_7 < i_8;) 
872028     DEBUG Test worker     d.u.i.k.j.JavaProgramElement Program match failed (pattern true;, source i_7 < i_8;) 
872028     DEBUG Test worker     d.u.i.k.j.JavaProgramElement Program match failed (pattern false;, source i_7 < i_8;) 
872106     DEBUG Test worker     d.u.i.k.j.JavaProgramElement Program match failed (pattern true;, source _a[i] < _b[j];) 
872106     DEBUG Test worker     d.u.i.k.j.JavaProgramElement Program match failed (pattern false;, source _a[i] < _b[j];) 
872106     DEBUG Test worker     d.u.i.k.j.JavaProgramElement Program match failed (pattern true;, source _a[i] < _b[j];) 
872106     DEBUG Test worker     d.u.i.k.j.JavaProgramElement Program match failed (pattern false;, source _a[i] < _b[j];) 
872122     DEBUG Test worker     d.u.i.k.j.JavaProgramElement Program match failed (pattern true;, source _a[i];) 
872122     DEBUG Test worker     d.u.i.k.j.JavaProgramElement Program match failed (pattern false;, source _a[i];) 
872122     DEBUG Test worker     d.u.i.k.j.JavaProgramElement Program match failed (pattern true;, source _a[i];) 
872122     DEBUG Test worker     d.u.i.k.j.JavaProgramElement Program match failed (pattern false;, source _a[i];) 
872169     DEBUG Test worker     d.u.i.k.j.JavaProgramElement Program match failed (pattern true;, source _b[j];) 
872169     DEBUG Test worker     d.u.i.k.j.JavaProgramElement Program match failed (pattern false;, source _b[j];) 
872169     DEBUG Test worker     d.u.i.k.j.JavaProgramElement Program match failed (pattern true;, source _b[j];) 
872169     DEBUG Test worker     d.u.i.k.j.JavaProgramElement Program match failed (pattern false;, source _b[j];) 
872169     DEBUG Test worker     d.u.i.k.j.JavaProgramElement Program match failed (pattern true;, source i_9 < i_10;) 
872169     DEBUG Test worker     d.u.i.k.j.JavaProgramElement Program match failed (pattern false;, source i_9 < i_10;) 
872169     DEBUG Test worker     d.u.i.k.j.JavaProgramElement Program match failed (pattern true;, source i_9 < i_10;) 
872169     DEBUG Test worker     d.u.i.k.j.JavaProgramElement Program match failed (pattern false;, source i_9 < i_10;) 
872200     DEBUG Test worker     d.u.i.k.j.JavaProgramElement Program match failed (pattern true;, source i_9 < i_10;) 
872200     DEBUG Test worker     d.u.i.k.j.JavaProgramElement Program match failed (pattern false;, source i_9 < i_10;) 
872200     DEBUG Test worker     d.u.i.k.j.JavaProgramElement Program match failed (pattern true;, source i_9 < i_10;) 
872200     DEBUG Test worker     d.u.i.k.j.JavaProgramElement Program match failed (pattern false;, source i_9 < i_10;) 
872200     DEBUG Test worker     d.u.i.k.j.JavaProgramElement Program match failed (pattern true;, source i_9 < i_10;) 
872200     DEBUG Test worker     d.u.i.k.j.JavaProgramElement Program match failed (pattern false;, source i_9 < i_10;) 
872215     DEBUG Test worker     d.u.i.k.j.JavaProgramElement Program match failed (pattern true;, source i_9 < i_10;) 
872215     DEBUG Test worker     d.u.i.k.j.JavaProgramElement Program match failed (pattern false;, source i_9 < i_10;) 
872215     DEBUG Test worker     d.u.i.k.j.JavaProgramElement Program match failed (pattern true;, source i_9 < i_10;) 
872215     DEBUG Test worker     d.u.i.k.j.JavaProgramElement Program match failed (pattern false;, source i_9 < i_10;) 
872215     DEBUG Test worker     d.u.i.k.j.JavaProgramElement Program match failed (pattern true;, source i_9 < i_10;) 
872215     DEBUG Test worker     d.u.i.k.j.JavaProgramElement Program match failed (pattern false;, source i_9 < i_10;) 
872215     DEBUG Test worker     d.u.i.k.j.JavaProgramElement Program match failed (pattern true;, source i_9 < i_10;) 
872215     DEBUG Test worker     d.u.i.k.j.JavaProgramElement Program match failed (pattern false;, source i_9 < i_10;) 
872215     DEBUG Test worker     d.u.i.k.j.JavaProgramElement Program match failed (pattern true;, source i_9 < i_10;) 
872215     DEBUG Test worker     d.u.i.k.j.JavaProgramElement Program match failed (pattern false;, source i_9 < i_10;) 
872215     DEBUG Test worker     d.u.i.k.j.JavaProgramElement Program match failed (pattern true;, source i_9 < i_10;) 
872215     DEBUG Test worker     d.u.i.k.j.JavaProgramElement Program match failed (pattern false;, source i_9 < i_10;) 
872215     DEBUG Test worker     d.u.i.k.j.JavaProgramElement Program match failed (pattern true;, source i_9 < i_10;) 
872215     DEBUG Test worker     d.u.i.k.j.JavaProgramElement Program match failed (pattern false;, source i_9 < i_10;) 
872215     DEBUG Test worker     d.u.i.k.j.JavaProgramElement Program match failed (pattern true;, source i_9 < i_10;) 
872215     DEBUG Test worker     d.u.i.k.j.JavaProgramElement Program match failed (pattern false;, source i_9 < i_10;) 
872215     DEBUG Test worker     d.u.i.k.j.JavaProgramElement Program match failed (pattern true;, source i_9 < i_10;) 
872215     DEBUG Test worker     d.u.i.k.j.JavaProgramElement Program match failed (pattern false;, source i_9 < i_10;) 
872215     DEBUG Test worker     d.u.i.k.j.JavaProgramElement Program match failed (pattern true;, source i_9 < i_10;) 
872215     DEBUG Test worker     d.u.i.k.j.JavaProgramElement Program match failed (pattern false;, source i_9 < i_10;) 
872215     DEBUG Test worker     d.u.i.k.j.JavaProgramElement Program match failed (pattern true;, source i_9 < i_10;) 
872215     DEBUG Test worker     d.u.i.k.j.JavaProgramElement Program match failed (pattern false;, source i_9 < i_10;) 
872231     DEBUG Test worker     d.u.i.k.j.JavaProgramElement Program match failed (pattern true;, source i_9 < i_10;) 
872231     DEBUG Test worker     d.u.i.k.j.JavaProgramElement Program match failed (pattern false;, source i_9 < i_10;) 
872231     DEBUG Test worker     d.u.i.k.j.JavaProgramElement Program match failed (pattern true;, source i_9 < i_10;) 
872231     DEBUG Test worker     d.u.i.k.j.JavaProgramElement Program match failed (pattern false;, source i_9 < i_10;) 
872231     DEBUG Test worker     d.u.i.k.j.JavaProgramElement Program match failed (pattern true;, source i_9 < i_10;) 
872231     DEBUG Test worker     d.u.i.k.j.JavaProgramElement Program match failed (pattern false;, source i_9 < i_10;) 
872231     DEBUG Test worker     d.u.i.k.j.JavaProgramElement Program match failed (pattern true;, source i_9 < i_10;) 
872231     DEBUG Test worker     d.u.i.k.j.JavaProgramElement Program match failed (pattern false;, source i_9 < i_10;) 
872231     DEBUG Test worker     d.u.i.k.j.JavaProgramElement Program match failed (pattern true;, source i_9 < i_10;) 
872231     DEBUG Test worker     d.u.i.k.j.JavaProgramElement Program match failed (pattern false;, source i_9 < i_10;) 
872231     DEBUG Test worker     d.u.i.k.j.JavaProgramElement Program match failed (pattern true;, source i_9 < i_10;) 
872231     DEBUG Test worker     d.u.i.k.j.JavaProgramElement Program match failed (pattern false;, source i_9 < i_10;) 
872559     DEBUG Test worker     d.u.i.k.j.JavaProgramElement Program match failed (pattern true;, source _b[j] < _a[i];) 
872559     DEBUG Test worker     d.u.i.k.j.JavaProgramElement Program match failed (pattern false;, source _b[j] < _a[i];) 
872559     DEBUG Test worker     d.u.i.k.j.JavaProgramElement Program match failed (pattern true;, source _b[j] < _a[i];) 
872559     DEBUG Test worker     d.u.i.k.j.JavaProgramElement Program match failed (pattern false;, source _b[j] < _a[i];) 
872559     DEBUG Test worker     d.u.i.k.j.JavaProgramElement Program match failed (pattern true;, source _b[j];) 
872559     DEBUG Test worker     d.u.i.k.j.JavaProgramElement Program match failed (pattern false;, source _b[j];) 
872559     DEBUG Test worker     d.u.i.k.j.JavaProgramElement Program match failed (pattern true;, source _b[j];) 
872559     DEBUG Test worker     d.u.i.k.j.JavaProgramElement Program match failed (pattern false;, source _b[j];) 
872606     DEBUG Test worker     d.u.i.k.j.JavaProgramElement Program match failed (pattern true;, source _a[i];) 
872606     DEBUG Test worker     d.u.i.k.j.JavaProgramElement Program match failed (pattern false;, source _a[i];) 
872606     DEBUG Test worker     d.u.i.k.j.JavaProgramElement Program match failed (pattern true;, source _a[i];) 
872606     DEBUG Test worker     d.u.i.k.j.JavaProgramElement Program match failed (pattern false;, source _a[i];) 
872606     DEBUG Test worker     d.u.i.k.j.JavaProgramElement Program match failed (pattern true;, source i_11 < i_12;) 
872606     DEBUG Test worker     d.u.i.k.j.JavaProgramElement Program match failed (pattern false;, source i_11 < i_12;) 
872606     DEBUG Test worker     d.u.i.k.j.JavaProgramElement Program match failed (pattern true;, source i_11 < i_12;) 
872606     DEBUG Test worker     d.u.i.k.j.JavaProgramElement Program match failed (pattern false;, source i_11 < i_12;) 
872637     DEBUG Test worker     d.u.i.k.j.JavaProgramElement Program match failed (pattern true;, source i_11 < i_12;) 
872637     DEBUG Test worker     d.u.i.k.j.JavaProgramElement Program match failed (pattern false;, source i_11 < i_12;) 
872637     DEBUG Test worker     d.u.i.k.j.JavaProgramElement Program match failed (pattern true;, source i_11 < i_12;) 
872637     DEBUG Test worker     d.u.i.k.j.JavaProgramElement Program match failed (pattern false;, source i_11 < i_12;) 
872637     DEBUG Test worker     d.u.i.k.j.JavaProgramElement Program match failed (pattern true;, source i_11 < i_12;) 
872637     DEBUG Test worker     d.u.i.k.j.JavaProgramElement Program match failed (pattern false;, source i_11 < i_12;) 
872637     DEBUG Test worker     d.u.i.k.j.JavaProgramElement Program match failed (pattern true;, source i_11 < i_12;) 
872637     DEBUG Test worker     d.u.i.k.j.JavaProgramElement Program match failed (pattern false;, source i_11 < i_12;) 
872637     DEBUG Test worker     d.u.i.k.j.JavaProgramElement Program match failed (pattern true;, source i_11 < i_12;) 
872637     DEBUG Test worker     d.u.i.k.j.JavaProgramElement Program match failed (pattern false;, source i_11 < i_12;) 
872637     DEBUG Test worker     d.u.i.k.j.JavaProgramElement Program match failed (pattern true;, source i_11 < i_12;) 
872637     DEBUG Test worker     d.u.i.k.j.JavaProgramElement Program match failed (pattern false;, source i_11 < i_12;) 
872637     DEBUG Test worker     d.u.i.k.j.JavaProgramElement Program match failed (pattern true;, source i_11 < i_12;) 
872637     DEBUG Test worker     d.u.i.k.j.JavaProgramElement Program match failed (pattern false;, source i_11 < i_12;) 
872637     DEBUG Test worker     d.u.i.k.j.JavaProgramElement Program match failed (pattern true;, source i_11 < i_12;) 
872637     DEBUG Test worker     d.u.i.k.j.JavaProgramElement Program match failed (pattern false;, source i_11 < i_12;) 
872637     DEBUG Test worker     d.u.i.k.j.JavaProgramElement Program match failed (pattern true;, source i_11 < i_12;) 
872637     DEBUG Test worker     d.u.i.k.j.JavaProgramElement Program match failed (pattern false;, source i_11 < i_12;) 
872637     DEBUG Test worker     d.u.i.k.j.JavaProgramElement Program match failed (pattern true;, source i_11 < i_12;) 
872637     DEBUG Test worker     d.u.i.k.j.JavaProgramElement Program match failed (pattern false;, source i_11 < i_12;) 
872653     DEBUG Test worker     d.u.i.k.j.JavaProgramElement Program match failed (pattern true;, source i_11 < i_12;) 
872653     DEBUG Test worker     d.u.i.k.j.JavaProgramElement Program match failed (pattern false;, source i_11 < i_12;) 
872653     DEBUG Test worker     d.u.i.k.j.JavaProgramElement Program match failed (pattern true;, source i_11 < i_12;) 
872653     DEBUG Test worker     d.u.i.k.j.JavaProgramElement Program match failed (pattern false;, source i_11 < i_12;) 
872653     DEBUG Test worker     d.u.i.k.j.JavaProgramElement Program match failed (pattern true;, source i_11 < i_12;) 
872653     DEBUG Test worker     d.u.i.k.j.JavaProgramElement Program match failed (pattern false;, source i_11 < i_12;) 
872653     DEBUG Test worker     d.u.i.k.j.JavaProgramElement Program match failed (pattern true;, source i_11 < i_12;) 
872653     DEBUG Test worker     d.u.i.k.j.JavaProgramElement Program match failed (pattern false;, source i_11 < i_12;) 
872653     DEBUG Test worker     d.u.i.k.j.JavaProgramElement Program match failed (pattern true;, source i_11 < i_12;) 
872653     DEBUG Test worker     d.u.i.k.j.JavaProgramElement Program match failed (pattern false;, source i_11 < i_12;) 
872653     DEBUG Test worker     d.u.i.k.j.JavaProgramElement Program match failed (pattern true;, source i_11 < i_12;) 
872653     DEBUG Test worker     d.u.i.k.j.JavaProgramElement Program match failed (pattern false;, source i_11 < i_12;) 
872653     DEBUG Test worker     d.u.i.k.j.JavaProgramElement Program match failed (pattern true;, source i_11 < i_12;) 
872653     DEBUG Test worker     d.u.i.k.j.JavaProgramElement Program match failed (pattern false;, source i_11 < i_12;) 
872653     DEBUG Test worker     d.u.i.k.j.JavaProgramElement Program match failed (pattern true;, source i_11 < i_12;) 
872653     DEBUG Test worker     d.u.i.k.j.JavaProgramElement Program match failed (pattern false;, source i_11 < i_12;) 
872653     DEBUG Test worker     d.u.i.k.j.JavaProgramElement Program match failed (pattern true;, source i_11 < i_12;) 
872653     DEBUG Test worker     d.u.i.k.j.JavaProgramElement Program match failed (pattern false;, source i_11 < i_12;) 
872653     DEBUG Test worker     d.u.i.k.j.JavaProgramElement Program match failed (pattern true;, source i_11 < i_12;) 
872653     DEBUG Test worker     d.u.i.k.j.JavaProgramElement Program match failed (pattern false;, source i_11 < i_12;) 
872747     DEBUG Test worker     d.u.i.k.j.JavaProgramElement Program match failed (pattern true;, source (int) (i + 1);) 
872747     DEBUG Test worker     d.u.i.k.j.JavaProgramElement Program match failed (pattern false;, source (int) (i + 1);) 
872747     DEBUG Test worker     d.u.i.k.j.JavaProgramElement Program match failed (pattern true;, source (int) (i + 1);) 
872747     DEBUG Test worker     d.u.i.k.j.JavaProgramElement Program match failed (pattern false;, source (int) (i + 1);) 
872762     DEBUG Test worker     d.u.i.k.j.JavaProgramElement Program match failed (pattern true;, source (i + 1);) 
872762     DEBUG Test worker     d.u.i.k.j.JavaProgramElement Program match failed (pattern false;, source (i + 1);) 
872762     DEBUG Test worker     d.u.i.k.j.JavaProgramElement Program match failed (pattern true;, source (i + 1);) 
872762     DEBUG Test worker     d.u.i.k.j.JavaProgramElement Program match failed (pattern false;, source (i + 1);) 
872762     DEBUG Test worker     d.u.i.k.j.JavaProgramElement Program match failed (pattern true;, source i + 1;) 
872762     DEBUG Test worker     d.u.i.k.j.JavaProgramElement Program match failed (pattern false;, source i + 1;) 
872762     DEBUG Test worker     d.u.i.k.j.JavaProgramElement Program match failed (pattern true;, source i + 1;) 
872762     DEBUG Test worker     d.u.i.k.j.JavaProgramElement Program match failed (pattern false;, source i + 1;) 
872762     DEBUG Test worker     d.u.i.k.j.JavaProgramElement Program match failed (pattern true;, source (int) i_13;) 
872762     DEBUG Test worker     d.u.i.k.j.JavaProgramElement Program match failed (pattern false;, source (int) i_13;) 
872762     DEBUG Test worker     d.u.i.k.j.JavaProgramElement Program match failed (pattern true;, source (int) i_13;) 
872762     DEBUG Test worker     d.u.i.k.j.JavaProgramElement Program match failed (pattern false;, source (int) i_13;) 
872762     DEBUG Test worker     d.u.i.k.j.JavaProgramElement Program match failed (pattern true;, source (int) i_13;) 
872762     DEBUG Test worker     d.u.i.k.j.JavaProgramElement Program match failed (pattern false;, source (int) i_13;) 
872762     DEBUG Test worker     d.u.i.k.j.JavaProgramElement Program match failed (pattern true;, source (int) i_13;) 
872762     DEBUG Test worker     d.u.i.k.j.JavaProgramElement Program match failed (pattern false;, source (int) i_13;) 
872778     DEBUG Test worker     d.u.i.k.j.JavaProgramElement Program match failed (pattern true;, source (int) i_13;) 
872778     DEBUG Test worker     d.u.i.k.j.JavaProgramElement Program match failed (pattern false;, source (int) i_13;) 
872778     DEBUG Test worker     d.u.i.k.j.JavaProgramElement Program match failed (pattern true;, source (int) i_13;) 
872778     DEBUG Test worker     d.u.i.k.j.JavaProgramElement Program match failed (pattern false;, source (int) i_13;) 
872778     DEBUG Test worker     d.u.i.k.j.JavaProgramElement Program match failed (pattern true;, source (int) i_13;) 
872778     DEBUG Test worker     d.u.i.k.j.JavaProgramElement Program match failed (pattern false;, source (int) i_13;) 
872778     DEBUG Test worker     d.u.i.k.j.JavaProgramElement Program match failed (pattern true;, source (int) i_13;) 
872778     DEBUG Test worker     d.u.i.k.j.JavaProgramElement Program match failed (pattern false;, source (int) i_13;) 
872778     DEBUG Test worker     d.u.i.k.j.JavaProgramElement Program match failed (pattern true;, source (int) i_13;) 
872778     DEBUG Test worker     d.u.i.k.j.JavaProgramElement Program match failed (pattern false;, source (int) i_13;) 
872778     DEBUG Test worker     d.u.i.k.j.JavaProgramElement Program match failed (pattern true;, source (int) i_13;) 
872778     DEBUG Test worker     d.u.i.k.j.JavaProgramElement Program match failed (pattern false;, source (int) i_13;) 
872778     DEBUG Test worker     d.u.i.k.j.JavaProgramElement Program match failed (pattern true;, source (int) i_13;) 
872778     DEBUG Test worker     d.u.i.k.j.JavaProgramElement Program match failed (pattern false;, source (int) i_13;) 
872778     DEBUG Test worker     d.u.i.k.j.JavaProgramElement Program match failed (pattern true;, source (int) i_13;) 
872778     DEBUG Test worker     d.u.i.k.j.JavaProgramElement Program match failed (pattern false;, source (int) i_13;) 
872778     DEBUG Test worker     d.u.i.k.j.JavaProgramElement Program match failed (pattern true;, source (int) i_13;) 
872778     DEBUG Test worker     d.u.i.k.j.JavaProgramElement Program match failed (pattern false;, source (int) i_13;) 
872778     DEBUG Test worker     d.u.i.k.j.JavaProgramElement Program match failed (pattern true;, source (int) i_13;) 
872778     DEBUG Test worker     d.u.i.k.j.JavaProgramElement Program match failed (pattern false;, source (int) i_13;) 
872778     DEBUG Test worker     d.u.i.k.j.JavaProgramElement Program match failed (pattern true;, source (int) i_13;) 
872778     DEBUG Test worker     d.u.i.k.j.JavaProgramElement Program match failed (pattern false;, source (int) i_13;) 
872778     DEBUG Test worker     d.u.i.k.j.JavaProgramElement Program match failed (pattern true;, source (int) i_13;) 
872778     DEBUG Test worker     d.u.i.k.j.JavaProgramElement Program match failed (pattern false;, source (int) i_13;) 
872794     DEBUG Test worker     d.u.i.k.j.JavaProgramElement Program match failed (pattern true;, source (int) i_13;) 
872794     DEBUG Test worker     d.u.i.k.j.JavaProgramElement Program match failed (pattern false;, source (int) i_13;) 
872794     DEBUG Test worker     d.u.i.k.j.JavaProgramElement Program match failed (pattern true;, source (int) i_13;) 
872794     DEBUG Test worker     d.u.i.k.j.JavaProgramElement Program match failed (pattern false;, source (int) i_13;) 
872794     DEBUG Test worker     d.u.i.k.j.JavaProgramElement Program match failed (pattern true;, source i_13) 
872794     DEBUG Test worker     d.u.i.k.j.JavaProgramElement Program match failed (pattern false;, source i_13) 
872794     DEBUG Test worker     d.u.i.k.j.JavaProgramElement Program match failed (pattern true;, source i_13) 
872794     DEBUG Test worker     d.u.i.k.j.JavaProgramElement Program match failed (pattern false;, source i_13) 
872809     DEBUG Test worker     d.u.i.k.j.JavaProgramElement Program match failed (pattern true;, source (int) (j + 1);) 
872809     DEBUG Test worker     d.u.i.k.j.JavaProgramElement Program match failed (pattern false;, source (int) (j + 1);) 
872809     DEBUG Test worker     d.u.i.k.j.JavaProgramElement Program match failed (pattern true;, source (int) (j + 1);) 
872809     DEBUG Test worker     d.u.i.k.j.JavaProgramElement Program match failed (pattern false;, source (int) (j + 1);) 
872825     DEBUG Test worker     d.u.i.k.j.JavaProgramElement Program match failed (pattern true;, source (j + 1);) 
872825     DEBUG Test worker     d.u.i.k.j.JavaProgramElement Program match failed (pattern false;, source (j + 1);) 
872825     DEBUG Test worker     d.u.i.k.j.JavaProgramElement Program match failed (pattern true;, source (j + 1);) 
872825     DEBUG Test worker     d.u.i.k.j.JavaProgramElement Program match failed (pattern false;, source (j + 1);) 
872825     DEBUG Test worker     d.u.i.k.j.JavaProgramElement Program match failed (pattern true;, source j + 1;) 
872825     DEBUG Test worker     d.u.i.k.j.JavaProgramElement Program match failed (pattern false;, source j + 1;) 
872825     DEBUG Test worker     d.u.i.k.j.JavaProgramElement Program match failed (pattern true;, source j + 1;) 
872825     DEBUG Test worker     d.u.i.k.j.JavaProgramElement Program match failed (pattern false;, source j + 1;) 
872825     DEBUG Test worker     d.u.i.k.j.JavaProgramElement Program match failed (pattern true;, source (int) i_14;) 
872825     DEBUG Test worker     d.u.i.k.j.JavaProgramElement Program match failed (pattern false;, source (int) i_14;) 
872825     DEBUG Test worker     d.u.i.k.j.JavaProgramElement Program match failed (pattern true;, source (int) i_14;) 
872825     DEBUG Test worker     d.u.i.k.j.JavaProgramElement Program match failed (pattern false;, source (int) i_14;) 
872840     DEBUG Test worker     d.u.i.k.j.JavaProgramElement Program match failed (pattern true;, source (int) i_14;) 
872840     DEBUG Test worker     d.u.i.k.j.JavaProgramElement Program match failed (pattern false;, source (int) i_14;) 
872840     DEBUG Test worker     d.u.i.k.j.JavaProgramElement Program match failed (pattern true;, source (int) i_14;) 
872840     DEBUG Test worker     d.u.i.k.j.JavaProgramElement Program match failed (pattern false;, source (int) i_14;) 
872840     DEBUG Test worker     d.u.i.k.j.JavaProgramElement Program match failed (pattern true;, source (int) i_14;) 
872840     DEBUG Test worker     d.u.i.k.j.JavaProgramElement Program match failed (pattern false;, source (int) i_14;) 
872840     DEBUG Test worker     d.u.i.k.j.JavaProgramElement Program match failed (pattern true;, source (int) i_14;) 
872840     DEBUG Test worker     d.u.i.k.j.JavaProgramElement Program match failed (pattern false;, source (int) i_14;) 
872840     DEBUG Test worker     d.u.i.k.j.JavaProgramElement Program match failed (pattern true;, source (int) i_14;) 
872840     DEBUG Test worker     d.u.i.k.j.JavaProgramElement Program match failed (pattern false;, source (int) i_14;) 
872840     DEBUG Test worker     d.u.i.k.j.JavaProgramElement Program match failed (pattern true;, source (int) i_14;) 
872840     DEBUG Test worker     d.u.i.k.j.JavaProgramElement Program match failed (pattern false;, source (int) i_14;) 
872840     DEBUG Test worker     d.u.i.k.j.JavaProgramElement Program match failed (pattern true;, source (int) i_14;) 
872840     DEBUG Test worker     d.u.i.k.j.JavaProgramElement Program match failed (pattern false;, source (int) i_14;) 
872840     DEBUG Test worker     d.u.i.k.j.JavaProgramElement Program match failed (pattern true;, source (int) i_14;) 
872840     DEBUG Test worker     d.u.i.k.j.JavaProgramElement Program match failed (pattern false;, source (int) i_14;) 
872840     DEBUG Test worker     d.u.i.k.j.JavaProgramElement Program match failed (pattern true;, source (int) i_14;) 
872840     DEBUG Test worker     d.u.i.k.j.JavaProgramElement Program match failed (pattern false;, source (int) i_14;) 
872840     DEBUG Test worker     d.u.i.k.j.JavaProgramElement Program match failed (pattern true;, source (int) i_14;) 
872840     DEBUG Test worker     d.u.i.k.j.JavaProgramElement Program match failed (pattern false;, source (int) i_14;) 
872856     DEBUG Test worker     d.u.i.k.j.JavaProgramElement Program match failed (pattern true;, source (int) i_14;) 
872856     DEBUG Test worker     d.u.i.k.j.JavaProgramElement Program match failed (pattern false;, source (int) i_14;) 
872856     DEBUG Test worker     d.u.i.k.j.JavaProgramElement Program match failed (pattern true;, source (int) i_14;) 
872856     DEBUG Test worker     d.u.i.k.j.JavaProgramElement Program match failed (pattern false;, source (int) i_14;) 
872856     DEBUG Test worker     d.u.i.k.j.JavaProgramElement Program match failed (pattern true;, source (int) i_14;) 
872856     DEBUG Test worker     d.u.i.k.j.JavaProgramElement Program match failed (pattern false;, source (int) i_14;) 
872856     DEBUG Test worker     d.u.i.k.j.JavaProgramElement Program match failed (pattern true;, source (int) i_14;) 
872856     DEBUG Test worker     d.u.i.k.j.JavaProgramElement Program match failed (pattern false;, source (int) i_14;) 
872856     DEBUG Test worker     d.u.i.k.j.JavaProgramElement Program match failed (pattern true;, source (int) i_14;) 
872856     DEBUG Test worker     d.u.i.k.j.JavaProgramElement Program match failed (pattern false;, source (int) i_14;) 
872856     DEBUG Test worker     d.u.i.k.j.JavaProgramElement Program match failed (pattern true;, source (int) i_14;) 
872856     DEBUG Test worker     d.u.i.k.j.JavaProgramElement Program match failed (pattern false;, source (int) i_14;) 
872856     DEBUG Test worker     d.u.i.k.j.JavaProgramElement Program match failed (pattern true;, source i_14) 
872856     DEBUG Test worker     d.u.i.k.j.JavaProgramElement Program match failed (pattern false;, source i_14) 
872856     DEBUG Test worker     d.u.i.k.j.JavaProgramElement Program match failed (pattern true;, source i_14) 
872856     DEBUG Test worker     d.u.i.k.j.JavaProgramElement Program match failed (pattern false;, source i_14) 
872887     DEBUG Test worker     d.u.i.k.j.JavaProgramElement Program match failed (pattern true;, source (int) (result + 1);) 
872887     DEBUG Test worker     d.u.i.k.j.JavaProgramElement Program match failed (pattern false;, source (int) (result + 1);) 
872887     DEBUG Test worker     d.u.i.k.j.JavaProgramElement Program match failed (pattern true;, source (int) (result + 1);) 
872887     DEBUG Test worker     d.u.i.k.j.JavaProgramElement Program match failed (pattern false;, source (int) (result + 1);) 
872887     DEBUG Test worker     d.u.i.k.j.JavaProgramElement Program match failed (pattern true;, source (result + 1);) 
872887     DEBUG Test worker     d.u.i.k.j.JavaProgramElement Program match failed (pattern false;, source (result + 1);) 
872887     DEBUG Test worker     d.u.i.k.j.JavaProgramElement Program match failed (pattern true;, source (result + 1);) 
872903     DEBUG Test worker     d.u.i.k.j.JavaProgramElement Program match failed (pattern false;, source (result + 1);) 
872903     DEBUG Test worker     d.u.i.k.j.JavaProgramElement Program match failed (pattern true;, source result + 1;) 
872903     DEBUG Test worker     d.u.i.k.j.JavaProgramElement Program match failed (pattern false;, source result + 1;) 
872903     DEBUG Test worker     d.u.i.k.j.JavaProgramElement Program match failed (pattern true;, source result + 1;) 
872903     DEBUG Test worker     d.u.i.k.j.JavaProgramElement Program match failed (pattern false;, source result + 1;) 
872903     DEBUG Test worker     d.u.i.k.j.JavaProgramElement Program match failed (pattern true;, source (int) i_15;) 
872903     DEBUG Test worker     d.u.i.k.j.JavaProgramElement Program match failed (pattern false;, source (int) i_15;) 
872903     DEBUG Test worker     d.u.i.k.j.JavaProgramElement Program match failed (pattern true;, source (int) i_15;) 
872903     DEBUG Test worker     d.u.i.k.j.JavaProgramElement Program match failed (pattern false;, source (int) i_15;) 
872903     DEBUG Test worker     d.u.i.k.j.JavaProgramElement Program match failed (pattern true;, source (int) i_15;) 
872903     DEBUG Test worker     d.u.i.k.j.JavaProgramElement Program match failed (pattern false;, source (int) i_15;) 
872903     DEBUG Test worker     d.u.i.k.j.JavaProgramElement Program match failed (pattern true;, source (int) i_15;) 
872903     DEBUG Test worker     d.u.i.k.j.JavaProgramElement Program match failed (pattern false;, source (int) i_15;) 
872919     DEBUG Test worker     d.u.i.k.j.JavaProgramElement Program match failed (pattern true;, source (int) i_15;) 
872919     DEBUG Test worker     d.u.i.k.j.JavaProgramElement Program match failed (pattern false;, source (int) i_15;) 
872919     DEBUG Test worker     d.u.i.k.j.JavaProgramElement Program match failed (pattern true;, source (int) i_15;) 
872919     DEBUG Test worker     d.u.i.k.j.JavaProgramElement Program match failed (pattern false;, source (int) i_15;) 
872919     DEBUG Test worker     d.u.i.k.j.JavaProgramElement Program match failed (pattern true;, source (int) i_15;) 
872919     DEBUG Test worker     d.u.i.k.j.JavaProgramElement Program match failed (pattern false;, source (int) i_15;) 
872919     DEBUG Test worker     d.u.i.k.j.JavaProgramElement Program match failed (pattern true;, source (int) i_15;) 
872919     DEBUG Test worker     d.u.i.k.j.JavaProgramElement Program match failed (pattern false;, source (int) i_15;) 
872919     DEBUG Test worker     d.u.i.k.j.JavaProgramElement Program match failed (pattern true;, source (int) i_15;) 
872919     DEBUG Test worker     d.u.i.k.j.JavaProgramElement Program match failed (pattern false;, source (int) i_15;) 
872919     DEBUG Test worker     d.u.i.k.j.JavaProgramElement Program match failed (pattern true;, source (int) i_15;) 
872919     DEBUG Test worker     d.u.i.k.j.JavaProgramElement Program match failed (pattern false;, source (int) i_15;) 
872919     DEBUG Test worker     d.u.i.k.j.JavaProgramElement Program match failed (pattern true;, source (int) i_15;) 
872919     DEBUG Test worker     d.u.i.k.j.JavaProgramElement Program match failed (pattern false;, source (int) i_15;) 
872919     DEBUG Test worker     d.u.i.k.j.JavaProgramElement Program match failed (pattern true;, source (int) i_15;) 
872919     DEBUG Test worker     d.u.i.k.j.JavaProgramElement Program match failed (pattern false;, source (int) i_15;) 
872919     DEBUG Test worker     d.u.i.k.j.JavaProgramElement Program match failed (pattern true;, source (int) i_15;) 
872919     DEBUG Test worker     d.u.i.k.j.JavaProgramElement Program match failed (pattern false;, source (int) i_15;) 
872919     DEBUG Test worker     d.u.i.k.j.JavaProgramElement Program match failed (pattern true;, source (int) i_15;) 
872919     DEBUG Test worker     d.u.i.k.j.JavaProgramElement Program match failed (pattern false;, source (int) i_15;) 
872934     DEBUG Test worker     d.u.i.k.j.JavaProgramElement Program match failed (pattern true;, source (int) i_15;) 
872934     DEBUG Test worker     d.u.i.k.j.JavaProgramElement Program match failed (pattern false;, source (int) i_15;) 
872934     DEBUG Test worker     d.u.i.k.j.JavaProgramElement Program match failed (pattern true;, source (int) i_15;) 
872934     DEBUG Test worker     d.u.i.k.j.JavaProgramElement Program match failed (pattern false;, source (int) i_15;) 
872934     DEBUG Test worker     d.u.i.k.j.JavaProgramElement Program match failed (pattern true;, source (int) i_15;) 
872934     DEBUG Test worker     d.u.i.k.j.JavaProgramElement Program match failed (pattern false;, source (int) i_15;) 
872934     DEBUG Test worker     d.u.i.k.j.JavaProgramElement Program match failed (pattern true;, source (int) i_15;) 
872934     DEBUG Test worker     d.u.i.k.j.JavaProgramElement Program match failed (pattern false;, source (int) i_15;) 
872934     DEBUG Test worker     d.u.i.k.j.JavaProgramElement Program match failed (pattern true;, source i_15) 
872934     DEBUG Test worker     d.u.i.k.j.JavaProgramElement Program match failed (pattern false;, source i_15) 
872934     DEBUG Test worker     d.u.i.k.j.JavaProgramElement Program match failed (pattern true;, source i_15) 
872934     DEBUG Test worker     d.u.i.k.j.JavaProgramElement Program match failed (pattern false;, source i_15) 
886879     DEBUG Test worker     d.u.i.k.j.JavaProgramElement Program match failed (pattern true;, source (int) (j + 1);) 
886879     DEBUG Test worker     d.u.i.k.j.JavaProgramElement Program match failed (pattern false;, source (int) (j + 1);) 
886879     DEBUG Test worker     d.u.i.k.j.JavaProgramElement Program match failed (pattern true;, source (int) (j + 1);) 
886879     DEBUG Test worker     d.u.i.k.j.JavaProgramElement Program match failed (pattern false;, source (int) (j + 1);) 
886895     DEBUG Test worker     d.u.i.k.j.JavaProgramElement Program match failed (pattern true;, source (j + 1);) 
886895     DEBUG Test worker     d.u.i.k.j.JavaProgramElement Program match failed (pattern false;, source (j + 1);) 
886895     DEBUG Test worker     d.u.i.k.j.JavaProgramElement Program match failed (pattern true;, source (j + 1);) 
886895     DEBUG Test worker     d.u.i.k.j.JavaProgramElement Program match failed (pattern false;, source (j + 1);) 
886895     DEBUG Test worker     d.u.i.k.j.JavaProgramElement Program match failed (pattern true;, source j + 1;) 
886895     DEBUG Test worker     d.u.i.k.j.JavaProgramElement Program match failed (pattern false;, source j + 1;) 
886895     DEBUG Test worker     d.u.i.k.j.JavaProgramElement Program match failed (pattern true;, source j + 1;) 
886895     DEBUG Test worker     d.u.i.k.j.JavaProgramElement Program match failed (pattern false;, source j + 1;) 
886895     DEBUG Test worker     d.u.i.k.j.JavaProgramElement Program match failed (pattern true;, source (int) i_13;) 
886895     DEBUG Test worker     d.u.i.k.j.JavaProgramElement Program match failed (pattern false;, source (int) i_13;) 
886895     DEBUG Test worker     d.u.i.k.j.JavaProgramElement Program match failed (pattern true;, source (int) i_13;) 
886895     DEBUG Test worker     d.u.i.k.j.JavaProgramElement Program match failed (pattern false;, source (int) i_13;) 
886911     DEBUG Test worker     d.u.i.k.j.JavaProgramElement Program match failed (pattern true;, source (int) i_13;) 
886911     DEBUG Test worker     d.u.i.k.j.JavaProgramElement Program match failed (pattern false;, source (int) i_13;) 
886911     DEBUG Test worker     d.u.i.k.j.JavaProgramElement Program match failed (pattern true;, source (int) i_13;) 
886911     DEBUG Test worker     d.u.i.k.j.JavaProgramElement Program match failed (pattern false;, source (int) i_13;) 
886911     DEBUG Test worker     d.u.i.k.j.JavaProgramElement Program match failed (pattern true;, source (int) i_13;) 
886911     DEBUG Test worker     d.u.i.k.j.JavaProgramElement Program match failed (pattern false;, source (int) i_13;) 
886911     DEBUG Test worker     d.u.i.k.j.JavaProgramElement Program match failed (pattern true;, source (int) i_13;) 
886911     DEBUG Test worker     d.u.i.k.j.JavaProgramElement Program match failed (pattern false;, source (int) i_13;) 
886911     DEBUG Test worker     d.u.i.k.j.JavaProgramElement Program match failed (pattern true;, source (int) i_13;) 
886911     DEBUG Test worker     d.u.i.k.j.JavaProgramElement Program match failed (pattern false;, source (int) i_13;) 
886911     DEBUG Test worker     d.u.i.k.j.JavaProgramElement Program match failed (pattern true;, source (int) i_13;) 
886911     DEBUG Test worker     d.u.i.k.j.JavaProgramElement Program match failed (pattern false;, source (int) i_13;) 
886911     DEBUG Test worker     d.u.i.k.j.JavaProgramElement Program match failed (pattern true;, source (int) i_13;) 
886911     DEBUG Test worker     d.u.i.k.j.JavaProgramElement Program match failed (pattern false;, source (int) i_13;) 
886911     DEBUG Test worker     d.u.i.k.j.JavaProgramElement Program match failed (pattern true;, source (int) i_13;) 
886911     DEBUG Test worker     d.u.i.k.j.JavaProgramElement Program match failed (pattern false;, source (int) i_13;) 
886911     DEBUG Test worker     d.u.i.k.j.JavaProgramElement Program match failed (pattern true;, source (int) i_13;) 
886911     DEBUG Test worker     d.u.i.k.j.JavaProgramElement Program match failed (pattern false;, source (int) i_13;) 
886911     DEBUG Test worker     d.u.i.k.j.JavaProgramElement Program match failed (pattern true;, source (int) i_13;) 
886911     DEBUG Test worker     d.u.i.k.j.JavaProgramElement Program match failed (pattern false;, source (int) i_13;) 
886911     DEBUG Test worker     d.u.i.k.j.JavaProgramElement Program match failed (pattern true;, source (int) i_13;) 
886911     DEBUG Test worker     d.u.i.k.j.JavaProgramElement Program match failed (pattern false;, source (int) i_13;) 
886911     DEBUG Test worker     d.u.i.k.j.JavaProgramElement Program match failed (pattern true;, source (int) i_13;) 
886911     DEBUG Test worker     d.u.i.k.j.JavaProgramElement Program match failed (pattern false;, source (int) i_13;) 
886926     DEBUG Test worker     d.u.i.k.j.JavaProgramElement Program match failed (pattern true;, source (int) i_13;) 
886926     DEBUG Test worker     d.u.i.k.j.JavaProgramElement Program match failed (pattern false;, source (int) i_13;) 
886926     DEBUG Test worker     d.u.i.k.j.JavaProgramElement Program match failed (pattern true;, source (int) i_13;) 
886926     DEBUG Test worker     d.u.i.k.j.JavaProgramElement Program match failed (pattern false;, source (int) i_13;) 
886926     DEBUG Test worker     d.u.i.k.j.JavaProgramElement Program match failed (pattern true;, source (int) i_13;) 
886926     DEBUG Test worker     d.u.i.k.j.JavaProgramElement Program match failed (pattern false;, source (int) i_13;) 
886926     DEBUG Test worker     d.u.i.k.j.JavaProgramElement Program match failed (pattern true;, source (int) i_13;) 
886926     DEBUG Test worker     d.u.i.k.j.JavaProgramElement Program match failed (pattern false;, source (int) i_13;) 
886926     DEBUG Test worker     d.u.i.k.j.JavaProgramElement Program match failed (pattern true;, source i_13) 
886926     DEBUG Test worker     d.u.i.k.j.JavaProgramElement Program match failed (pattern false;, source i_13) 
886926     DEBUG Test worker     d.u.i.k.j.JavaProgramElement Program match failed (pattern true;, source i_13) 
886926     DEBUG Test worker     d.u.i.k.j.JavaProgramElement Program match failed (pattern false;, source i_13) 
890974     DEBUG Test worker     d.u.i.k.j.JavaProgramElement Program match failed (pattern true;, source (int) (i + 1);) 
890974     DEBUG Test worker     d.u.i.k.j.JavaProgramElement Program match failed (pattern false;, source (int) (i + 1);) 
890974     DEBUG Test worker     d.u.i.k.j.JavaProgramElement Program match failed (pattern true;, source (int) (i + 1);) 
890974     DEBUG Test worker     d.u.i.k.j.JavaProgramElement Program match failed (pattern false;, source (int) (i + 1);) 
890990     DEBUG Test worker     d.u.i.k.j.JavaProgramElement Program match failed (pattern true;, source (i + 1);) 
890990     DEBUG Test worker     d.u.i.k.j.JavaProgramElement Program match failed (pattern false;, source (i + 1);) 
890990     DEBUG Test worker     d.u.i.k.j.JavaProgramElement Program match failed (pattern true;, source (i + 1);) 
890990     DEBUG Test worker     d.u.i.k.j.JavaProgramElement Program match failed (pattern false;, source (i + 1);) 
890990     DEBUG Test worker     d.u.i.k.j.JavaProgramElement Program match failed (pattern true;, source i + 1;) 
890990     DEBUG Test worker     d.u.i.k.j.JavaProgramElement Program match failed (pattern false;, source i + 1;) 
890990     DEBUG Test worker     d.u.i.k.j.JavaProgramElement Program match failed (pattern true;, source i + 1;) 
890990     DEBUG Test worker     d.u.i.k.j.JavaProgramElement Program match failed (pattern false;, source i + 1;) 
891006     DEBUG Test worker     d.u.i.k.j.JavaProgramElement Program match failed (pattern true;, source (int) i_11;) 
891006     DEBUG Test worker     d.u.i.k.j.JavaProgramElement Program match failed (pattern false;, source (int) i_11;) 
891006     DEBUG Test worker     d.u.i.k.j.JavaProgramElement Program match failed (pattern true;, source (int) i_11;) 
891006     DEBUG Test worker     d.u.i.k.j.JavaProgramElement Program match failed (pattern false;, source (int) i_11;) 
891006     DEBUG Test worker     d.u.i.k.j.JavaProgramElement Program match failed (pattern true;, source (int) i_11;) 
891006     DEBUG Test worker     d.u.i.k.j.JavaProgramElement Program match failed (pattern false;, source (int) i_11;) 
891006     DEBUG Test worker     d.u.i.k.j.JavaProgramElement Program match failed (pattern true;, source (int) i_11;) 
891006     DEBUG Test worker     d.u.i.k.j.JavaProgramElement Program match failed (pattern false;, source (int) i_11;) 
891006     DEBUG Test worker     d.u.i.k.j.JavaProgramElement Program match failed (pattern true;, source (int) i_11;) 
891006     DEBUG Test worker     d.u.i.k.j.JavaProgramElement Program match failed (pattern false;, source (int) i_11;) 
891006     DEBUG Test worker     d.u.i.k.j.JavaProgramElement Program match failed (pattern true;, source (int) i_11;) 
891006     DEBUG Test worker     d.u.i.k.j.JavaProgramElement Program match failed (pattern false;, source (int) i_11;) 
891006     DEBUG Test worker     d.u.i.k.j.JavaProgramElement Program match failed (pattern true;, source (int) i_11;) 
891006     DEBUG Test worker     d.u.i.k.j.JavaProgramElement Program match failed (pattern false;, source (int) i_11;) 
891006     DEBUG Test worker     d.u.i.k.j.JavaProgramElement Program match failed (pattern true;, source (int) i_11;) 
891006     DEBUG Test worker     d.u.i.k.j.JavaProgramElement Program match failed (pattern false;, source (int) i_11;) 
891006     DEBUG Test worker     d.u.i.k.j.JavaProgramElement Program match failed (pattern true;, source (int) i_11;) 
891006     DEBUG Test worker     d.u.i.k.j.JavaProgramElement Program match failed (pattern false;, source (int) i_11;) 
891006     DEBUG Test worker     d.u.i.k.j.JavaProgramElement Program match failed (pattern true;, source (int) i_11;) 
891006     DEBUG Test worker     d.u.i.k.j.JavaProgramElement Program match failed (pattern false;, source (int) i_11;) 
891006     DEBUG Test worker     d.u.i.k.j.JavaProgramElement Program match failed (pattern true;, source (int) i_11;) 
891006     DEBUG Test worker     d.u.i.k.j.JavaProgramElement Program match failed (pattern false;, source (int) i_11;) 
891006     DEBUG Test worker     d.u.i.k.j.JavaProgramElement Program match failed (pattern true;, source (int) i_11;) 
891006     DEBUG Test worker     d.u.i.k.j.JavaProgramElement Program match failed (pattern false;, source (int) i_11;) 
891006     DEBUG Test worker     d.u.i.k.j.JavaProgramElement Program match failed (pattern true;, source (int) i_11;) 
891006     DEBUG Test worker     d.u.i.k.j.JavaProgramElement Program match failed (pattern false;, source (int) i_11;) 
891006     DEBUG Test worker     d.u.i.k.j.JavaProgramElement Program match failed (pattern true;, source (int) i_11;) 
891006     DEBUG Test worker     d.u.i.k.j.JavaProgramElement Program match failed (pattern false;, source (int) i_11;) 
891006     DEBUG Test worker     d.u.i.k.j.JavaProgramElement Program match failed (pattern true;, source (int) i_11;) 
891006     DEBUG Test worker     d.u.i.k.j.JavaProgramElement Program match failed (pattern false;, source (int) i_11;) 
891006     DEBUG Test worker     d.u.i.k.j.JavaProgramElement Program match failed (pattern true;, source (int) i_11;) 
891006     DEBUG Test worker     d.u.i.k.j.JavaProgramElement Program match failed (pattern false;, source (int) i_11;) 
891022     DEBUG Test worker     d.u.i.k.j.JavaProgramElement Program match failed (pattern true;, source (int) i_11;) 
891022     DEBUG Test worker     d.u.i.k.j.JavaProgramElement Program match failed (pattern false;, source (int) i_11;) 
891022     DEBUG Test worker     d.u.i.k.j.JavaProgramElement Program match failed (pattern true;, source (int) i_11;) 
891022     DEBUG Test worker     d.u.i.k.j.JavaProgramElement Program match failed (pattern false;, source (int) i_11;) 
891022     DEBUG Test worker     d.u.i.k.j.JavaProgramElement Program match failed (pattern true;, source i_11) 
891022     DEBUG Test worker     d.u.i.k.j.JavaProgramElement Program match failed (pattern false;, source i_11) 
891022     DEBUG Test worker     d.u.i.k.j.JavaProgramElement Program match failed (pattern true;, source i_11) 
891022     DEBUG Test worker     d.u.i.k.j.JavaProgramElement Program match failed (pattern false;, source i_11) 
892116     DEBUG Test worker     d.u.i.k.j.JavaProgramElement Program match failed (pattern true;, source false;) 
892116     DEBUG Test worker     d.u.i.k.j.JavaProgramElement Program match failed (pattern true;, source false;) 
892132     DEBUG Test worker     d.u.i.k.j.JavaProgramElement Program match failed (pattern true;, source false;) 
892132     DEBUG Test worker     d.u.i.k.j.JavaProgramElement Program match failed (pattern true;, source false;) 
]]></system-out>
  <system-err><![CDATA[]]></system-err>
</testsuite>
