<?xml version="1.0" encoding="UTF-8"?>
<testsuite name="de.uka.ilkd.key.parser.TestParser" tests="5" skipped="1" failures="0" errors="0" timestamp="2023-05-03T13:55:53" hostname="fv-az1113-801" time="5.408">
  <properties/>
  <testcase name="testConstantEvaluationError()" classname="de.uka.ilkd.key.parser.TestParser" time="1.11"/>
  <testcase name="testGenericSort()" classname="de.uka.ilkd.key.parser.TestParser" time="0.005"/>
  <testcase name="testIssue1566()" classname="de.uka.ilkd.key.parser.TestParser" time="3.227"/>
  <testcase name="testIssue39()" classname="de.uka.ilkd.key.parser.TestParser" time="1.063"/>
  <testcase name="testRelativeInclude()" classname="de.uka.ilkd.key.parser.TestParser" time="0.001">
    <skipped/>
  </testcase>
  <system-out><![CDATA[321888     INFO  Test worker     d.u.i.k.p.i.AbstractProblemLoader Loading environment from src\test\resources\testcase\parserErrorTest\AssignToArray.java 
321888     DEBUG Test worker     d.u.i.k.p.i.AbstractProblemLoader Environment load took 150.8ns 
321904     INFO  Test worker     d.u.i.k.p.i.AbstractProblemLoader Creating init config 
322998     INFO  Test worker     d.u.i.k.n.KeyIO           Parsing took 0 ms 
322998     DEBUG Test worker     d.u.i.k.n.KeyIO           Load declarations of de.uka.ilkd.key.nparser.KeyAst$File:  <unknown>:1#1 
322998     INFO  Test worker     d.u.i.k.n.KeyIO           MODE: declarations took 0 ms 
322998     DEBUG Test worker     d.u.i.k.n.KeyIO           MODE: 2nd degree decls took 0 
323014     DEBUG Test worker     d.u.i.k.n.KeyIO           MODE: taclets took 16ms 
323014     INFO  Test worker     d.u.i.k.p.i.AbstractProblemLoader Loading environment from src\test\resources\testcase\issues\1566\a.key 
323014     DEBUG Test worker     d.u.i.k.p.i.AbstractProblemLoader Environment load took 393.9ns 
323014     INFO  Test worker     d.u.i.k.p.i.AbstractProblemLoader Creating init config 
326219     DEBUG Test worker     d.u.i.k.p.i.AbstractProblemLoader Init config took 3.21s 
326235     INFO  Test worker     d.u.i.k.p.i.AbstractProblemLoader Replaying proof a.key 
326235     DEBUG Test worker     d.u.i.k.p.i.IntermediateProofReplayer Proof replay took 11.2ns 
326250     INFO  Test worker     d.u.i.k.p.i.AbstractProblemLoader Loading environment from src\test\resources\testcase\issues\39\A.java 
326250     DEBUG Test worker     d.u.i.k.p.i.AbstractProblemLoader Environment load took 178ns 
326250     INFO  Test worker     d.u.i.k.p.i.AbstractProblemLoader Creating init config 
]]></system-out>
  <system-err><![CDATA[]]></system-err>
</testsuite>
