<?xml version="1.0" encoding="UTF-8"?>
<testsuite name="recoder.testsuite.basic.syntax.CloneTest" tests="1" skipped="0" failures="0" errors="0" timestamp="2023-02-02T14:52:21" hostname="fv-az563-517" time="0.005">
  <properties/>
  <testcase name="testClone" classname="recoder.testsuite.basic.syntax.CloneTest" time="0.005"/>
  <system-out><![CDATA[]]></system-out>
  <system-err><![CDATA[]]></system-err>
</testsuite>
