<?xml version="1.0" encoding="UTF-8"?>
<testsuite name="de.uka.ilkd.key.parser.TestTermParserSorts" tests="2" skipped="0" failures="0" errors="0" timestamp="2023-05-09T07:22:40" hostname="fv-az479-931" time="3.218">
  <properties/>
  <testcase name="testParseIntegerArgs()" classname="de.uka.ilkd.key.parser.TestTermParserSorts" time="0.018"/>
  <testcase name="testParseSequencePrettySyntax()" classname="de.uka.ilkd.key.parser.TestTermParserSorts" time="0.004"/>
  <system-out><![CDATA[478195     INFO  Test worker     d.u.i.k.n.KeyIO           Parsing took 0 ms 
478195     DEBUG Test worker     d.u.i.k.n.KeyIO           Load declarations of de.uka.ilkd.key.nparser.KeyAst$File:  <unknown>:1#1 
478195     INFO  Test worker     d.u.i.k.n.KeyIO           MODE: declarations took 0 ms 
478195     DEBUG Test worker     d.u.i.k.n.KeyIO           MODE: 2nd degree decls took 0 
478195     INFO  Test worker     d.u.i.k.n.KeyIO           Parsing took 0 ms 
478195     DEBUG Test worker     d.u.i.k.n.KeyIO           Load declarations of de.uka.ilkd.key.nparser.KeyAst$File:  <unknown>:1#1 
478195     INFO  Test worker     d.u.i.k.n.KeyIO           MODE: declarations took 0 ms 
478195     DEBUG Test worker     d.u.i.k.n.KeyIO           MODE: 2nd degree decls took 0 
478195     INFO  Test worker     d.u.i.k.n.KeyIO           Parsing took 0 ms 
478195     DEBUG Test worker     d.u.i.k.n.KeyIO           Load declarations of de.uka.ilkd.key.nparser.KeyAst$File:  <unknown>:1#1 
478195     INFO  Test worker     d.u.i.k.n.KeyIO           MODE: declarations took 0 ms 
478195     DEBUG Test worker     d.u.i.k.n.KeyIO           MODE: 2nd degree decls took 0 
481409     INFO  Test worker     d.u.i.k.n.KeyIO           Parsing took 0 ms 
481409     DEBUG Test worker     d.u.i.k.n.KeyIO           Load declarations of de.uka.ilkd.key.nparser.KeyAst$File:  <unknown>:1#1 
481409     INFO  Test worker     d.u.i.k.n.KeyIO           MODE: declarations took 0 ms 
481409     DEBUG Test worker     d.u.i.k.n.KeyIO           MODE: 2nd degree decls took 0 
481409     INFO  Test worker     d.u.i.k.n.KeyIO           Parsing took 0 ms 
481409     DEBUG Test worker     d.u.i.k.n.KeyIO           Load declarations of de.uka.ilkd.key.nparser.KeyAst$File:  <unknown>:1#1 
481409     INFO  Test worker     d.u.i.k.n.KeyIO           MODE: declarations took 0 ms 
481409     DEBUG Test worker     d.u.i.k.n.KeyIO           MODE: 2nd degree decls took 0 
481409     INFO  Test worker     d.u.i.k.n.KeyIO           Parsing took 0 ms 
481409     DEBUG Test worker     d.u.i.k.n.KeyIO           Load declarations of de.uka.ilkd.key.nparser.KeyAst$File:  <unknown>:1#1 
481409     INFO  Test worker     d.u.i.k.n.KeyIO           MODE: declarations took 0 ms 
481409     DEBUG Test worker     d.u.i.k.n.KeyIO           MODE: 2nd degree decls took 0 
]]></system-out>
  <system-err><![CDATA[]]></system-err>
</testsuite>
