<?xml version="1.0" encoding="UTF-8"?>
<testsuite name="de.uka.ilkd.key.parser.TestParser" tests="5" skipped="1" failures="0" errors="0" timestamp="2023-05-09T07:20:20" hostname="fv-az479-931" time="5.461">
  <properties/>
  <testcase name="testConstantEvaluationError()" classname="de.uka.ilkd.key.parser.TestParser" time="1.104"/>
  <testcase name="testGenericSort()" classname="de.uka.ilkd.key.parser.TestParser" time="0.003"/>
  <testcase name="testIssue1566()" classname="de.uka.ilkd.key.parser.TestParser" time="3.302"/>
  <testcase name="testIssue39()" classname="de.uka.ilkd.key.parser.TestParser" time="1.048"/>
  <testcase name="testRelativeInclude()" classname="de.uka.ilkd.key.parser.TestParser" time="0.002">
    <skipped/>
  </testcase>
  <system-out><![CDATA[337632     INFO  Test worker     d.u.i.k.p.i.AbstractProblemLoader Loading environment from src\test\resources\testcase\parserErrorTest\AssignToArray.java 
337632     DEBUG Test worker     d.u.i.k.p.i.AbstractProblemLoader Environment load took 441.8ns 
337648     INFO  Test worker     d.u.i.k.p.i.AbstractProblemLoader Creating init config 
338735     INFO  Test worker     d.u.i.k.n.KeyIO           Parsing took 0 ms 
338735     DEBUG Test worker     d.u.i.k.n.KeyIO           Load declarations of de.uka.ilkd.key.nparser.KeyAst$File:  <unknown>:1#1 
338735     INFO  Test worker     d.u.i.k.n.KeyIO           MODE: declarations took 0 ms 
338735     DEBUG Test worker     d.u.i.k.n.KeyIO           MODE: 2nd degree decls took 0 
338750     DEBUG Test worker     d.u.i.k.n.KeyIO           MODE: taclets took 15ms 
338750     INFO  Test worker     d.u.i.k.p.i.AbstractProblemLoader Loading environment from src\test\resources\testcase\issues\1566\a.key 
338750     DEBUG Test worker     d.u.i.k.p.i.AbstractProblemLoader Environment load took 173.1ns 
338750     INFO  Test worker     d.u.i.k.p.i.AbstractProblemLoader Creating init config 
342027     DEBUG Test worker     d.u.i.k.p.i.AbstractProblemLoader Init config took 3.28s 
342043     INFO  Test worker     d.u.i.k.p.i.AbstractProblemLoader Replaying proof a.key 
342043     DEBUG Test worker     d.u.i.k.p.i.IntermediateProofReplayer Proof replay took 10ns 
342043     INFO  Test worker     d.u.i.k.p.i.AbstractProblemLoader Loading environment from src\test\resources\testcase\issues\39\A.java 
342043     DEBUG Test worker     d.u.i.k.p.i.AbstractProblemLoader Environment load took 117.2ns 
342058     INFO  Test worker     d.u.i.k.p.i.AbstractProblemLoader Creating init config 
]]></system-out>
  <system-err><![CDATA[]]></system-err>
</testsuite>
