<?xml version="1.0" encoding="UTF-8"?>
<testsuite name="de.uka.ilkd.key.proof.replay.TestCopyingReplayer" tests="1" skipped="0" failures="0" errors="0" timestamp="2023-05-09T07:23:14" hostname="fv-az479-931" time="8.815">
  <properties/>
  <testcase name="testJavaProof()" classname="de.uka.ilkd.key.proof.replay.TestCopyingReplayer" time="8.815"/>
  <system-out><![CDATA[511713     INFO  Test worker     d.u.i.k.p.i.AbstractProblemLoader Loading environment from src\test\resources\testcase\..\..\..\..\..\key.ui\examples\heap\verifyThis15_1_RelaxedPrefix\relax.proof 
511713     DEBUG Test worker     d.u.i.k.p.i.AbstractProblemLoader Environment load took 439.7ns 
511713     INFO  Test worker     d.u.i.k.p.i.AbstractProblemLoader Creating init config 
515083     DEBUG Test worker     d.u.i.k.p.i.AbstractProblemLoader Init config took 3.38s 
515130     INFO  Test worker     d.u.i.k.p.i.AbstractProblemLoader Replaying proof Relaxed[Relaxed::isRelaxedPrefix([I,[I)].JML operation contract.0 
515720     DEBUG Test worker     d.u.i.k.p.i.IntermediateProofReplayer Proof replay took 568.12ms 
515720     INFO  Test worker     d.u.i.k.p.i.AbstractProblemLoader Loading environment from src\test\resources\testcase\..\..\..\..\..\key.ui\examples\heap\verifyThis15_1_RelaxedPrefix\relax.proof 
515720     DEBUG Test worker     d.u.i.k.p.i.AbstractProblemLoader Environment load took 498.3ns 
515720     INFO  Test worker     d.u.i.k.p.i.AbstractProblemLoader Creating init config 
519138     DEBUG Test worker     d.u.i.k.p.i.AbstractProblemLoader Init config took 3.4s 
519185     INFO  Test worker     d.u.i.k.p.i.AbstractProblemLoader Replaying proof Relaxed[Relaxed::isRelaxedPrefix([I,[I)].JML operation contract.0 
519810     DEBUG Test worker     d.u.i.k.p.i.IntermediateProofReplayer Proof replay took 615.21ms 
]]></system-out>
  <system-err><![CDATA[]]></system-err>
</testsuite>
