<?xml version="1.0" encoding="UTF-8"?>
<testsuite name="de.uka.ilkd.key.proof.TestOneStepSimplifier" tests="1" skipped="0" failures="0" errors="0" timestamp="2023-05-09T07:22:44" hostname="fv-az479-931" time="4.325">
  <properties/>
  <testcase name="loadWithRestriction()" classname="de.uka.ilkd.key.proof.TestOneStepSimplifier" time="4.325"/>
  <system-out><![CDATA[481496     INFO  Test worker     d.u.i.k.p.i.AbstractProblemLoader Loading environment from src\test\resources\testcase\ossRestriction.proof 
481496     DEBUG Test worker     d.u.i.k.p.i.AbstractProblemLoader Environment load took 145.6ns 
481499     INFO  Test worker     d.u.i.k.p.i.AbstractProblemLoader Creating init config 
481705     DEBUG Test worker     d.u.i.k.j.TypeConverter   No LDT found for Meta 
481705     DEBUG Test worker     d.u.i.k.j.TypeConverter   No LDT found for Meta 
481705     DEBUG Test worker     d.u.i.k.j.TypeConverter   No LDT found for Meta 
481705     DEBUG Test worker     d.u.i.k.j.TypeConverter   No LDT found for Meta 
482236     DEBUG Test worker     d.u.i.k.j.TypeConverter   No LDT found for JavaBigintExpression 
485781     DEBUG Test worker     d.u.i.k.p.i.AbstractProblemLoader Init config took 4.28s 
485812     INFO  Test worker     d.u.i.k.p.i.AbstractProblemLoader Replaying proof ossRestriction.proof 
485812     DEBUG Test worker     d.u.i.k.p.i.IntermediateProofReplayer Proof replay took 927.1ns 
]]></system-out>
  <system-err><![CDATA[]]></system-err>
</testsuite>
