<?xml version="1.0" encoding="UTF-8"?>
<testsuite name="de.uka.ilkd.key.logic.TestTermLabelManager" tests="21" skipped="0" failures="0" errors="0" timestamp="2023-05-09T07:16:46" hostname="fv-az479-931" time="62.207">
  <properties/>
  <testcase name="testInstantiateLabels_directChildPolicies_allRules()" classname="de.uka.ilkd.key.logic.TestTermLabelManager" time="4.586"/>
  <testcase name="testInstantiateLabels_childAndGrandchildPolicies_ruleSpecific()" classname="de.uka.ilkd.key.logic.TestTermLabelManager" time="3.176"/>
  <testcase name="testParseLabel()" classname="de.uka.ilkd.key.logic.TestTermLabelManager" time="3.161"/>
  <testcase name="testrefactorGoal_childrenAndGrandchildren_ruleSpecific()" classname="de.uka.ilkd.key.logic.TestTermLabelManager" time="3.234"/>
  <testcase name="testrefactorGoal_directChildren_allRules()" classname="de.uka.ilkd.key.logic.TestTermLabelManager" time="3.299"/>
  <testcase name="testInstantiateLabels_childAndGrandchildPolicies_allRules()" classname="de.uka.ilkd.key.logic.TestTermLabelManager" time="3.229"/>
  <testcase name="testInstantiateLabels_taclet()" classname="de.uka.ilkd.key.logic.TestTermLabelManager" time="3.258"/>
  <testcase name="testrefactorGoal_none_ruleSpecific()" classname="de.uka.ilkd.key.logic.TestTermLabelManager" time="3.215"/>
  <testcase name="testInstantiateLabels_updates_ruleSpecific()" classname="de.uka.ilkd.key.logic.TestTermLabelManager" time="3.194"/>
  <testcase name="testrefactorGoal_sequent_ruleSpecific()" classname="de.uka.ilkd.key.logic.TestTermLabelManager" time="3.152"/>
  <testcase name="testInstantiateLabels_updates_allRules()" classname="de.uka.ilkd.key.logic.TestTermLabelManager" time="3.179"/>
  <testcase name="testrefactorGoal_sequent_allRules()" classname="de.uka.ilkd.key.logic.TestTermLabelManager" time="3.144"/>
  <testcase name="testrefactorGoal_childrenAndGrandchildren_allRules()" classname="de.uka.ilkd.key.logic.TestTermLabelManager" time="3.182"/>
  <testcase name="testGetTermLabelManager()" classname="de.uka.ilkd.key.logic.TestTermLabelManager" time="0.003"/>
  <testcase name="testInstantiateLabels_applicationTermPolicies()" classname="de.uka.ilkd.key.logic.TestTermLabelManager" time="3.202"/>
  <testcase name="testInstantiateLabels_modalityTermPolicies()" classname="de.uka.ilkd.key.logic.TestTermLabelManager" time="3.231"/>
  <testcase name="testrefactorGoal_none_allRules()" classname="de.uka.ilkd.key.logic.TestTermLabelManager" time="3.2"/>
  <testcase name="testInstantiateLabels_null()" classname="de.uka.ilkd.key.logic.TestTermLabelManager" time="0.0"/>
  <testcase name="testrefactorGoal_directChildren_ruleSpecific()" classname="de.uka.ilkd.key.logic.TestTermLabelManager" time="3.194"/>
  <testcase name="testInstantiateLabels_directChildPolicies_ruleSpecific()" classname="de.uka.ilkd.key.logic.TestTermLabelManager" time="3.166"/>
  <testcase name="testGetSupportedTermLabelNames()" classname="de.uka.ilkd.key.logic.TestTermLabelManager" time="3.181"/>
  <system-out><![CDATA[123574     INFO  Test worker     d.u.i.k.p.i.AbstractProblemLoader Loading environment from src\test\resources\testcase\termLabels\flatSteps\FlatSteps.java 
123574     DEBUG Test worker     d.u.i.k.p.i.AbstractProblemLoader Environment load took 243ns 
123574     INFO  Test worker     d.u.i.k.p.i.AbstractProblemLoader Creating init config 
123746     DEBUG Test worker     d.u.i.k.j.TypeConverter   No LDT found for Meta 
123746     DEBUG Test worker     d.u.i.k.j.TypeConverter   No LDT found for Meta 
123746     DEBUG Test worker     d.u.i.k.j.TypeConverter   No LDT found for Meta 
123746     DEBUG Test worker     d.u.i.k.j.TypeConverter   No LDT found for Meta 
124475     DEBUG Test worker     d.u.i.k.j.TypeConverter   No LDT found for JavaBigintExpression 
128130     DEBUG Test worker     d.u.i.k.p.i.AbstractProblemLoader Init config took 4.56s 
128145     INFO  Test worker     d.u.i.k.p.i.AbstractProblemLoader Loading environment from src\test\resources\testcase\termLabels\flatSteps\FlatSteps.java 
128145     DEBUG Test worker     d.u.i.k.p.i.AbstractProblemLoader Environment load took 988.7ns 
128145     INFO  Test worker     d.u.i.k.p.i.AbstractProblemLoader Creating init config 
131309     DEBUG Test worker     d.u.i.k.p.i.AbstractProblemLoader Init config took 3.17s 
131324     INFO  Test worker     d.u.i.k.p.i.AbstractProblemLoader Loading environment from src\test\resources\testcase\termLabels\flatSteps\FlatSteps.java 
131324     DEBUG Test worker     d.u.i.k.p.i.AbstractProblemLoader Environment load took 299.9ns 
131324     INFO  Test worker     d.u.i.k.p.i.AbstractProblemLoader Creating init config 
134486     DEBUG Test worker     d.u.i.k.p.i.AbstractProblemLoader Init config took 3.16s 
134502     INFO  Test worker     d.u.i.k.p.i.AbstractProblemLoader Loading environment from src\test\resources\testcase\termLabels\flatSteps\FlatSteps.java 
134502     DEBUG Test worker     d.u.i.k.p.i.AbstractProblemLoader Environment load took 271.9ns 
134502     INFO  Test worker     d.u.i.k.p.i.AbstractProblemLoader Creating init config 
137704     DEBUG Test worker     d.u.i.k.p.i.AbstractProblemLoader Init config took 3.21s 
137720     INFO  Test worker     d.u.i.k.p.i.AbstractProblemLoader Loading environment from src\test\resources\testcase\termLabels\flatSteps\FlatSteps.java 
137720     DEBUG Test worker     d.u.i.k.p.i.AbstractProblemLoader Environment load took 182.9ns 
137736     INFO  Test worker     d.u.i.k.p.i.AbstractProblemLoader Creating init config 
141020     DEBUG Test worker     d.u.i.k.p.i.AbstractProblemLoader Init config took 3.28s 
141020     INFO  Test worker     d.u.i.k.p.i.AbstractProblemLoader Loading environment from src\test\resources\testcase\termLabels\flatSteps\FlatSteps.java 
141020     DEBUG Test worker     d.u.i.k.p.i.AbstractProblemLoader Environment load took 597.8ns 
141035     INFO  Test worker     d.u.i.k.p.i.AbstractProblemLoader Creating init config 
144250     DEBUG Test worker     d.u.i.k.p.i.AbstractProblemLoader Init config took 3.22s 
144250     INFO  Test worker     d.u.i.k.p.i.AbstractProblemLoader Loading environment from src\test\resources\testcase\termLabels\flatSteps\FlatSteps.java 
144250     DEBUG Test worker     d.u.i.k.p.i.AbstractProblemLoader Environment load took 214.4ns 
144250     INFO  Test worker     d.u.i.k.p.i.AbstractProblemLoader Creating init config 
147509     DEBUG Test worker     d.u.i.k.p.i.AbstractProblemLoader Init config took 3.25s 
147509     INFO  Test worker     d.u.i.k.p.i.AbstractProblemLoader Loading environment from src\test\resources\testcase\termLabels\flatSteps\FlatSteps.java 
147509     DEBUG Test worker     d.u.i.k.p.i.AbstractProblemLoader Environment load took 609.1ns 
147509     INFO  Test worker     d.u.i.k.p.i.AbstractProblemLoader Creating init config 
150725     DEBUG Test worker     d.u.i.k.p.i.AbstractProblemLoader Init config took 3.2s 
150740     INFO  Test worker     d.u.i.k.p.i.AbstractProblemLoader Loading environment from src\test\resources\testcase\termLabels\flatSteps\FlatSteps.java 
150740     DEBUG Test worker     d.u.i.k.p.i.AbstractProblemLoader Environment load took 953.8ns 
150740     INFO  Test worker     d.u.i.k.p.i.AbstractProblemLoader Creating init config 
153920     DEBUG Test worker     d.u.i.k.p.i.AbstractProblemLoader Init config took 3.18s 
153920     INFO  Test worker     d.u.i.k.p.i.AbstractProblemLoader Loading environment from src\test\resources\testcase\termLabels\flatSteps\FlatSteps.java 
153920     DEBUG Test worker     d.u.i.k.p.i.AbstractProblemLoader Environment load took 205.3ns 
153920     INFO  Test worker     d.u.i.k.p.i.AbstractProblemLoader Creating init config 
157059     DEBUG Test worker     d.u.i.k.p.i.AbstractProblemLoader Init config took 3.14s 
157074     INFO  Test worker     d.u.i.k.p.i.AbstractProblemLoader Loading environment from src\test\resources\testcase\termLabels\flatSteps\FlatSteps.java 
157074     DEBUG Test worker     d.u.i.k.p.i.AbstractProblemLoader Environment load took 187.5ns 
157090     INFO  Test worker     d.u.i.k.p.i.AbstractProblemLoader Creating init config 
160237     DEBUG Test worker     d.u.i.k.p.i.AbstractProblemLoader Init config took 3.16s 
160253     INFO  Test worker     d.u.i.k.p.i.AbstractProblemLoader Loading environment from src\test\resources\testcase\termLabels\flatSteps\FlatSteps.java 
160253     DEBUG Test worker     d.u.i.k.p.i.AbstractProblemLoader Environment load took 280.7ns 
160253     INFO  Test worker     d.u.i.k.p.i.AbstractProblemLoader Creating init config 
163381     DEBUG Test worker     d.u.i.k.p.i.AbstractProblemLoader Init config took 3.14s 
163412     INFO  Test worker     d.u.i.k.p.i.AbstractProblemLoader Loading environment from src\test\resources\testcase\termLabels\flatSteps\FlatSteps.java 
163412     DEBUG Test worker     d.u.i.k.p.i.AbstractProblemLoader Environment load took 734.5ns 
163412     INFO  Test worker     d.u.i.k.p.i.AbstractProblemLoader Creating init config 
166564     DEBUG Test worker     d.u.i.k.p.i.AbstractProblemLoader Init config took 3.16s 
166611     INFO  Test worker     d.u.i.k.p.i.AbstractProblemLoader Loading environment from src\test\resources\testcase\termLabels\flatSteps\FlatSteps.java 
166611     DEBUG Test worker     d.u.i.k.p.i.AbstractProblemLoader Environment load took 831.6ns 
166611     INFO  Test worker     d.u.i.k.p.i.AbstractProblemLoader Creating init config 
169790     DEBUG Test worker     d.u.i.k.p.i.AbstractProblemLoader Init config took 3.18s 
169806     INFO  Test worker     d.u.i.k.p.i.AbstractProblemLoader Loading environment from src\test\resources\testcase\termLabels\flatSteps\FlatSteps.java 
169806     DEBUG Test worker     d.u.i.k.p.i.AbstractProblemLoader Environment load took 236.7ns 
169806     INFO  Test worker     d.u.i.k.p.i.AbstractProblemLoader Creating init config 
173022     DEBUG Test worker     d.u.i.k.p.i.AbstractProblemLoader Init config took 3.21s 
173022     INFO  Test worker     d.u.i.k.p.i.AbstractProblemLoader Loading environment from src\test\resources\testcase\termLabels\flatSteps\FlatSteps.java 
173022     DEBUG Test worker     d.u.i.k.p.i.AbstractProblemLoader Environment load took 182.1ns 
173022     INFO  Test worker     d.u.i.k.p.i.AbstractProblemLoader Creating init config 
176222     DEBUG Test worker     d.u.i.k.p.i.AbstractProblemLoader Init config took 3.2s 
176237     INFO  Test worker     d.u.i.k.p.i.AbstractProblemLoader Loading environment from src\test\resources\testcase\termLabels\flatSteps\FlatSteps.java 
176237     DEBUG Test worker     d.u.i.k.p.i.AbstractProblemLoader Environment load took 178.6ns 
176237     INFO  Test worker     d.u.i.k.p.i.AbstractProblemLoader Creating init config 
179404     DEBUG Test worker     d.u.i.k.p.i.AbstractProblemLoader Init config took 3.17s 
179419     INFO  Test worker     d.u.i.k.p.i.AbstractProblemLoader Loading environment from src\test\resources\testcase\termLabels\flatSteps\FlatSteps.java 
179419     DEBUG Test worker     d.u.i.k.p.i.AbstractProblemLoader Environment load took 236.7ns 
179419     INFO  Test worker     d.u.i.k.p.i.AbstractProblemLoader Creating init config 
182585     DEBUG Test worker     d.u.i.k.p.i.AbstractProblemLoader Init config took 3.16s 
182585     INFO  Test worker     d.u.i.k.p.i.AbstractProblemLoader Loading environment from src\test\resources\testcase\termLabels\flatSteps\FlatSteps.java 
182585     DEBUG Test worker     d.u.i.k.p.i.AbstractProblemLoader Environment load took 259.4ns 
182585     INFO  Test worker     d.u.i.k.p.i.AbstractProblemLoader Creating init config 
185766     DEBUG Test worker     d.u.i.k.p.i.AbstractProblemLoader Init config took 3.18s 
]]></system-out>
  <system-err><![CDATA[]]></system-err>
</testsuite>
