<?xml version="1.0" encoding="UTF-8"?>
<testsuite name="de.uka.ilkd.key.rule.merge.PredicateAbstractionLatticeTests" tests="3" skipped="0" failures="0" errors="0" timestamp="2023-05-09T07:25:09" hostname="fv-az479-931" time="6.608">
  <properties/>
  <testcase name="testToAndFromString()" classname="de.uka.ilkd.key.rule.merge.PredicateAbstractionLatticeTests" time="3.247"/>
  <testcase name="testCreateSignLatticeWithPredicates()" classname="de.uka.ilkd.key.rule.merge.PredicateAbstractionLatticeTests" time="3.361"/>
  <testcase name="testTrivialPredicatesLattice()" classname="de.uka.ilkd.key.rule.merge.PredicateAbstractionLatticeTests" time="0.0"/>
  <system-out><![CDATA[626991     INFO  Test worker     d.u.i.k.p.i.AbstractProblemLoader Loading environment from src\test\resources\testcase\merge\dummy.key 
626991     DEBUG Test worker     d.u.i.k.p.i.AbstractProblemLoader Environment load took 128ns 
626991     INFO  Test worker     d.u.i.k.p.i.AbstractProblemLoader Creating init config 
630224     DEBUG Test worker     d.u.i.k.p.i.AbstractProblemLoader Init config took 3.23s 
630239     INFO  Test worker     d.u.i.k.p.i.AbstractProblemLoader Replaying proof dummy.key 
630239     DEBUG Test worker     d.u.i.k.p.i.IntermediateProofReplayer Proof replay took 48.9ns 
630255     INFO  Test worker     d.u.i.k.p.i.AbstractProblemLoader Loading environment from src\test\resources\testcase\merge\dummy.key 
630255     DEBUG Test worker     d.u.i.k.p.i.AbstractProblemLoader Environment load took 118ns 
630255     INFO  Test worker     d.u.i.k.p.i.AbstractProblemLoader Creating init config 
633584     DEBUG Test worker     d.u.i.k.p.i.AbstractProblemLoader Init config took 3.33s 
633600     INFO  Test worker     d.u.i.k.p.i.AbstractProblemLoader Replaying proof dummy.key 
633600     DEBUG Test worker     d.u.i.k.p.i.IntermediateProofReplayer Proof replay took 4ns 
]]></system-out>
  <system-err><![CDATA[]]></system-err>
</testsuite>
