<?xml version="1.0" encoding="UTF-8"?>
<testsuite name="de.uka.ilkd.key.parser.TestDeclParser" tests="14" skipped="2" failures="0" errors="0" timestamp="2023-05-09T07:18:41" hostname="fv-az479-931" time="13.116">
  <properties/>
  <testcase name="testGenericSortDecl1()" classname="de.uka.ilkd.key.parser.TestDeclParser" time="1.211"/>
  <testcase name="testGenericSortDecl2()" classname="de.uka.ilkd.key.parser.TestDeclParser" time="1.176"/>
  <testcase name="testGenericSortDecl3()" classname="de.uka.ilkd.key.parser.TestDeclParser" time="0.991"/>
  <testcase name="testGenericSortDecl4()" classname="de.uka.ilkd.key.parser.TestDeclParser" time="1.068"/>
  <testcase name="testGenericSortDecl5()" classname="de.uka.ilkd.key.parser.TestDeclParser" time="0.0">
    <skipped/>
  </testcase>
  <testcase name="testGenericSortDecl6()" classname="de.uka.ilkd.key.parser.TestDeclParser" time="1.095"/>
  <testcase name="testSortDecl()" classname="de.uka.ilkd.key.parser.TestDeclParser" time="1.093"/>
  <testcase name="testProxySortDecl()" classname="de.uka.ilkd.key.parser.TestDeclParser" time="1.097"/>
  <testcase name="testArrayDecl()" classname="de.uka.ilkd.key.parser.TestDeclParser" time="1.027"/>
  <testcase name="testAmbiguousDecls()" classname="de.uka.ilkd.key.parser.TestDeclParser" time="0.001">
    <skipped/>
  </testcase>
  <testcase name="testHeurDecl()" classname="de.uka.ilkd.key.parser.TestDeclParser" time="1.162"/>
  <testcase name="testFunctionDecl()" classname="de.uka.ilkd.key.parser.TestDeclParser" time="1.083"/>
  <testcase name="testPredicateDecl()" classname="de.uka.ilkd.key.parser.TestDeclParser" time="1.01"/>
  <testcase name="testSVDecl()" classname="de.uka.ilkd.key.parser.TestDeclParser" time="1.099"/>
  <system-out><![CDATA[240317     INFO  Test worker     d.u.i.k.n.KeyIO           Parsing took 0 ms 
240317     DEBUG Test worker     d.u.i.k.n.KeyIO           Load declarations of de.uka.ilkd.key.nparser.KeyAst$File:  <unknown>:1#1 
240317     INFO  Test worker     d.u.i.k.n.KeyIO           MODE: declarations took 0 ms 
240317     DEBUG Test worker     d.u.i.k.n.KeyIO           MODE: 2nd degree decls took 0 
240317     DEBUG Test worker     d.u.i.k.n.KeyIO           MODE: taclets took 0ms 
241493     INFO  Test worker     d.u.i.k.n.KeyIO           Parsing took 0 ms 
241493     DEBUG Test worker     d.u.i.k.n.KeyIO           Load declarations of de.uka.ilkd.key.nparser.KeyAst$File:  <unknown>:1#1 
241493     INFO  Test worker     d.u.i.k.n.KeyIO           MODE: declarations took 0 ms 
241493     DEBUG Test worker     d.u.i.k.n.KeyIO           MODE: 2nd degree decls took 0 
241493     DEBUG Test worker     d.u.i.k.n.KeyIO           MODE: taclets took 0ms 
242485     INFO  Test worker     d.u.i.k.n.KeyIO           Parsing took 0 ms 
242485     DEBUG Test worker     d.u.i.k.n.KeyIO           Load declarations of de.uka.ilkd.key.nparser.KeyAst$File:  <unknown>:1#1 
242485     INFO  Test worker     d.u.i.k.n.KeyIO           MODE: declarations took 0 ms 
242485     DEBUG Test worker     d.u.i.k.n.KeyIO           MODE: 2nd degree decls took 0 
242485     DEBUG Test worker     d.u.i.k.n.KeyIO           MODE: taclets took 0ms 
243553     INFO  Test worker     d.u.i.k.n.KeyIO           Parsing took 0 ms 
243553     DEBUG Test worker     d.u.i.k.n.KeyIO           Load declarations of de.uka.ilkd.key.nparser.KeyAst$File:  <unknown>:1#1 
243553     INFO  Test worker     d.u.i.k.n.KeyIO           MODE: declarations took 0 ms 
243553     DEBUG Test worker     d.u.i.k.n.KeyIO           MODE: 2nd degree decls took 0 
243553     DEBUG Test worker     d.u.i.k.n.KeyIO           MODE: taclets took 0ms 
244650     INFO  Test worker     d.u.i.k.n.KeyIO           Parsing took 0 ms 
244650     DEBUG Test worker     d.u.i.k.n.KeyIO           Load declarations of de.uka.ilkd.key.nparser.KeyAst$File:  <unknown>:1#1 
244650     INFO  Test worker     d.u.i.k.n.KeyIO           MODE: declarations took 0 ms 
244650     DEBUG Test worker     d.u.i.k.n.KeyIO           MODE: 2nd degree decls took 0 
244650     DEBUG Test worker     d.u.i.k.n.KeyIO           MODE: taclets took 0ms 
245736     INFO  Test worker     d.u.i.k.n.KeyIO           Parsing took 0 ms 
245736     DEBUG Test worker     d.u.i.k.n.KeyIO           Load declarations of de.uka.ilkd.key.nparser.KeyAst$File:  <unknown>:1#1 
245751     INFO  Test worker     d.u.i.k.n.KeyIO           MODE: declarations took 15 ms 
245751     DEBUG Test worker     d.u.i.k.n.KeyIO           MODE: 2nd degree decls took 0 
245751     DEBUG Test worker     d.u.i.k.n.KeyIO           MODE: taclets took 0ms 
246839     INFO  Test worker     d.u.i.k.n.KeyIO           Parsing took 0 ms 
246839     DEBUG Test worker     d.u.i.k.n.KeyIO           Load declarations of de.uka.ilkd.key.nparser.KeyAst$File:  <unknown>:1#1 
246839     INFO  Test worker     d.u.i.k.n.KeyIO           MODE: declarations took 0 ms 
246839     DEBUG Test worker     d.u.i.k.n.KeyIO           MODE: 2nd degree decls took 0 
246839     DEBUG Test worker     d.u.i.k.n.KeyIO           MODE: taclets took 0ms 
247833     INFO  Test worker     d.u.i.k.n.KeyIO           Parsing took 0 ms 
247833     DEBUG Test worker     d.u.i.k.n.KeyIO           Load declarations of de.uka.ilkd.key.nparser.KeyAst$File:  <unknown>:1#1 
247833     INFO  Test worker     d.u.i.k.n.KeyIO           MODE: declarations took 0 ms 
247849     DEBUG Test worker     d.u.i.k.n.KeyIO           MODE: 2nd degree decls took 16 
247864     DEBUG Test worker     d.u.i.k.n.KeyIO           MODE: taclets took 0ms 
249036     INFO  Test worker     d.u.i.k.n.KeyIO           Parsing took 0 ms 
249036     DEBUG Test worker     d.u.i.k.n.KeyIO           Load declarations of de.uka.ilkd.key.nparser.KeyAst$File:  <unknown>:1#1 
249036     INFO  Test worker     d.u.i.k.n.KeyIO           MODE: declarations took 0 ms 
249036     DEBUG Test worker     d.u.i.k.n.KeyIO           MODE: 2nd degree decls took 0 
249036     DEBUG Test worker     d.u.i.k.n.KeyIO           MODE: taclets took 0ms 
250113     INFO  Test worker     d.u.i.k.n.KeyIO           Parsing took 0 ms 
250113     DEBUG Test worker     d.u.i.k.n.KeyIO           Load declarations of de.uka.ilkd.key.nparser.KeyAst$File:  <unknown>:1#1 
250113     INFO  Test worker     d.u.i.k.n.KeyIO           MODE: declarations took 0 ms 
250113     DEBUG Test worker     d.u.i.k.n.KeyIO           MODE: 2nd degree decls took 0 
250113     DEBUG Test worker     d.u.i.k.n.KeyIO           MODE: taclets took 0ms 
251138     INFO  Test worker     d.u.i.k.n.KeyIO           Parsing took 0 ms 
251138     DEBUG Test worker     d.u.i.k.n.KeyIO           Load declarations of de.uka.ilkd.key.nparser.KeyAst$File:  <unknown>:1#1 
251138     INFO  Test worker     d.u.i.k.n.KeyIO           MODE: declarations took 0 ms 
251138     DEBUG Test worker     d.u.i.k.n.KeyIO           MODE: 2nd degree decls took 0 
251138     DEBUG Test worker     d.u.i.k.n.KeyIO           MODE: taclets took 0ms 
252232     INFO  Test worker     d.u.i.k.n.KeyIO           Parsing took 0 ms 
252232     DEBUG Test worker     d.u.i.k.n.KeyIO           Load declarations of de.uka.ilkd.key.nparser.KeyAst$File:  <unknown>:1#1 
252232     INFO  Test worker     d.u.i.k.n.KeyIO           MODE: declarations took 0 ms 
252232     DEBUG Test worker     d.u.i.k.n.KeyIO           MODE: 2nd degree decls took 0 
252232     DEBUG Test worker     d.u.i.k.n.KeyIO           MODE: taclets took 0ms 
]]></system-out>
  <system-err><![CDATA[]]></system-err>
</testsuite>
