<?xml version="1.0" encoding="UTF-8"?>
<testsuite name="de.uka.ilkd.key.testcase.smt.testgen.TestTestgen" tests="1" skipped="0" failures="0" errors="0" timestamp="2023-05-26T21:42:29" hostname="fv-az255-268" time="4.588">
  <properties/>
  <testcase name="testMiddle()" classname="de.uka.ilkd.key.testcase.smt.testgen.TestTestgen" time="4.588"/>
  <system-out><![CDATA[15256      WARN  Test worker     d.u.i.k.t.s.t.TestTestgen Warning: Z3_CE is not installed, tests skipped. 
15256      WARN  Test worker     d.u.i.k.t.s.t.TestTestgen Maybe use JVM system property "z3SolverPath" to define the path to the Z3 command. 
15258      INFO  Test worker     d.u.i.k.p.i.AbstractProblemLoader Loading environment from src/test/resources/testcase/smt/tg/middle.key 
15259      DEBUG Test worker     d.u.i.k.p.i.AbstractProblemLoader Environment load took 157.8ns 
15261      INFO  Test worker     d.u.i.k.p.i.AbstractProblemLoader Creating init config 
19088      DEBUG Test worker     d.u.i.k.p.i.AbstractProblemLoader Init config took 3.83s 
19180      INFO  Test worker     d.u.i.k.p.i.AbstractProblemLoader Replaying proof Middle[Middle::middle(int,int,int)].JML normal_behavior operation contract.0 
19183      DEBUG Test worker     d.u.i.k.p.i.IntermediateProofReplayer Proof replay took 16.1ns 
]]></system-out>
  <system-err><![CDATA[]]></system-err>
</testsuite>
