<?xml version="1.0" encoding="UTF-8"?>
<testsuite name="de.uka.ilkd.key.testcase.smt.testgen.TestTestgen" tests="1" skipped="0" failures="0" errors="0" timestamp="2023-05-27T16:37:56" hostname="fv-az282-56" time="4.093">
  <properties/>
  <testcase name="testMiddle()" classname="de.uka.ilkd.key.testcase.smt.testgen.TestTestgen" time="4.093"/>
  <system-out><![CDATA[14902      WARN  Test worker     d.u.i.k.t.s.t.TestTestgen Warning: Z3_CE is not installed, tests skipped. 
14918      WARN  Test worker     d.u.i.k.t.s.t.TestTestgen Maybe use JVM system property "z3SolverPath" to define the path to the Z3 command. 
14918      INFO  Test worker     d.u.i.k.p.i.AbstractProblemLoader Loading environment from src\test\resources\testcase\smt\tg\middle.key 
14918      DEBUG Test worker     d.u.i.k.p.i.AbstractProblemLoader Environment load took 574.6ns 
14918      INFO  Test worker     d.u.i.k.p.i.AbstractProblemLoader Creating init config 
18308      DEBUG Test worker     d.u.i.k.p.i.AbstractProblemLoader Init config took 3.39s 
18402      INFO  Test worker     d.u.i.k.p.i.AbstractProblemLoader Replaying proof Middle[Middle::middle(int,int,int)].JML normal_behavior operation contract.0 
18418      DEBUG Test worker     d.u.i.k.p.i.IntermediateProofReplayer Proof replay took 17.4ns 
]]></system-out>
  <system-err><![CDATA[]]></system-err>
</testsuite>
