<?xml version="1.0" encoding="UTF-8"?>
<testsuite name="recoder.testsuite.basic.analysis.GetAllRelatedMethodsTest" tests="1" skipped="1" failures="0" errors="0" timestamp="2023-03-09T11:56:11" hostname="fv-az470-779" time="0.004">
  <properties/>
  <testcase name="testGetAllRelatedMethodsTest" classname="recoder.testsuite.basic.analysis.GetAllRelatedMethodsTest" time="0.004">
    <skipped/>
  </testcase>
  <system-out><![CDATA[]]></system-out>
  <system-err><![CDATA[]]></system-err>
</testsuite>
