<?xml version="1.0" encoding="UTF-8"?>
<testsuite name="recoder.testsuite.basic.analysis.PackageXReferenceCompletenessTest" tests="1" skipped="0" failures="0" errors="0" timestamp="2023-03-03T14:21:12" hostname="fv-az573-89" time="0.0">
  <properties/>
  <testcase name="testPackageXReferenceCompleteness" classname="recoder.testsuite.basic.analysis.PackageXReferenceCompletenessTest" time="0.0"/>
  <system-out><![CDATA[]]></system-out>
  <system-err><![CDATA[]]></system-err>
</testsuite>
