<?xml version="1.0" encoding="UTF-8"?>
<testsuite name="de.uka.ilkd.key.testcase.smt.ce.TestCE" tests="12" skipped="0" failures="0" errors="0" timestamp="2023-05-02T13:47:01" hostname="fv-az553-779" time="17.467">
  <properties/>
  <testcase name="testOverFlow1()" classname="de.uka.ilkd.key.testcase.smt.ce.TestCE" time="0.234"/>
  <testcase name="testOverFlow2()" classname="de.uka.ilkd.key.testcase.smt.ce.TestCE" time="0.003"/>
  <testcase name="testMiddle()" classname="de.uka.ilkd.key.testcase.smt.ce.TestCE" time="17.177"/>
  <testcase name="testTypes1()" classname="de.uka.ilkd.key.testcase.smt.ce.TestCE" time="0.002"/>
  <testcase name="testTypes2()" classname="de.uka.ilkd.key.testcase.smt.ce.TestCE" time="0.001"/>
  <testcase name="testTypes3()" classname="de.uka.ilkd.key.testcase.smt.ce.TestCE" time="0.002"/>
  <testcase name="testTypes4()" classname="de.uka.ilkd.key.testcase.smt.ce.TestCE" time="0.004"/>
  <testcase name="testTypes5()" classname="de.uka.ilkd.key.testcase.smt.ce.TestCE" time="0.001"/>
  <testcase name="testTypes6()" classname="de.uka.ilkd.key.testcase.smt.ce.TestCE" time="0.004"/>
  <testcase name="testTypes7()" classname="de.uka.ilkd.key.testcase.smt.ce.TestCE" time="0.005"/>
  <testcase name="testTypes8()" classname="de.uka.ilkd.key.testcase.smt.ce.TestCE" time="0.001"/>
  <testcase name="testTypes9()" classname="de.uka.ilkd.key.testcase.smt.ce.TestCE" time="0.001"/>
  <system-out><![CDATA[13:47:00,734 |-INFO in ch.qos.logback.classic.LoggerContext[default] - This is logback-classic version 1.4.6
13:47:00,781 |-INFO in ch.qos.logback.classic.LoggerContext[default] - Could NOT find resource [logback-test.xml]
13:47:00,797 |-INFO in ch.qos.logback.classic.LoggerContext[default] - Found resource [logback.xml] at [file:/D:/a/key/key/key.core.testgen/build/resources/test/logback.xml]
13:47:01,063 |-INFO in ch.qos.logback.core.model.processor.AppenderModelHandler - Processing appender named [STDOUT]
13:47:01,078 |-INFO in ch.qos.logback.core.model.processor.AppenderModelHandler - About to instantiate appender of type [ch.qos.logback.core.ConsoleAppender]
13:47:01,109 |-WARN in ch.qos.logback.core.model.processor.ImplicitModelHandler - Ignoring unknown property [file] in [ch.qos.logback.core.ConsoleAppender]
13:47:01,109 |-WARN in ch.qos.logback.core.model.processor.ImplicitModelHandler - Ignoring unknown property [append] in [ch.qos.logback.core.ConsoleAppender]
13:47:01,109 |-INFO in ch.qos.logback.core.model.processor.ImplicitModelHandler - Assuming default type [ch.qos.logback.classic.encoder.PatternLayoutEncoder] for [encoder] property
13:47:01,140 |-INFO in ch.qos.logback.classic.model.processor.RootLoggerModelHandler - Setting level of ROOT logger to DEBUG
13:47:01,156 |-INFO in ch.qos.logback.core.model.processor.AppenderRefModelHandler - Attaching appender named [STDOUT] to Logger[ROOT]
13:47:01,156 |-INFO in ch.qos.logback.core.model.processor.DefaultProcessor@5ae81e1 - End of configuration.
13:47:01,156 |-INFO in ch.qos.logback.classic.joran.JoranConfigurator@2fd1731c - Registering current configuration as safe fallback point

877        WARN  Test worker     d.u.i.k.t.s.c.TestCE      Warning: Z3_CE is not installed, tests skipped. 
877        WARN  Test worker     d.u.i.k.t.s.c.TestCE      Maybe use JVM system property "z3SolverPath" to define the path to the Z3 command. 
971        WARN  Test worker     d.u.i.k.s.ProofIndependentSettings The settings in C:\Users\runneradmin\.key\proofIndependentSettings.props are *not* read due to flag 'key.disregardSettings' 
971        INFO  Test worker     d.u.i.k.p.i.AbstractProblemLoader Loading environment from src\test\resources\testcase\smt\ce\middle.key 
1002       DEBUG Test worker     d.u.i.k.p.i.AbstractProblemLoader Environment load took 5.01ms 
1533       INFO  Test worker     d.u.i.k.p.i.AbstractProblemLoader Creating init config 
1565       WARN  Test worker     d.u.i.k.s.ProofSettings   The settings in C:\Users\runneradmin\.key\proof-settings.props are *not* read. 
3395       DEBUG Test worker     d.u.i.k.j.TypeConverter   No LDT found for Meta 
3395       DEBUG Test worker     d.u.i.k.j.TypeConverter   No LDT found for Meta 
3395       DEBUG Test worker     d.u.i.k.j.TypeConverter   No LDT found for Meta 
3395       DEBUG Test worker     d.u.i.k.j.TypeConverter   No LDT found for Meta 
6099       DEBUG Test worker     d.u.i.k.j.TypeConverter   No LDT found for JavaBigintExpression 
14025      DEBUG Test worker     d.u.i.k.p.i.AbstractProblemLoader Init config took 12.48s 
14290      INFO  Test worker     d.u.i.k.p.i.AbstractProblemLoader Replaying proof Middle[Middle::middle(int,int,int)].JML normal_behavior operation contract.0 
14384      DEBUG Test worker     d.u.i.k.p.i.IntermediateProofReplayer Proof replay took 71.4ns 
14541      DEBUG Test worker     d.u.i.k.j.JavaProgramElement Program match failed (pattern true;, source null;) 
14556      DEBUG Test worker     d.u.i.k.j.JavaProgramElement Program match failed (pattern false;, source null;) 
14556      DEBUG Test worker     d.u.i.k.j.JavaProgramElement Program match failed (pattern true;, source null;) 
14556      DEBUG Test worker     d.u.i.k.j.JavaProgramElement Program match failed (pattern false;, source null;) 
14635      DEBUG Test worker     d.u.i.k.j.JavaProgramElement Program match failed (pattern true;, source null;) 
14635      DEBUG Test worker     d.u.i.k.j.JavaProgramElement Program match failed (pattern false;, source null;) 
14635      DEBUG Test worker     d.u.i.k.j.JavaProgramElement Program match failed (pattern true;, source null;) 
14635      DEBUG Test worker     d.u.i.k.j.JavaProgramElement Program match failed (pattern false;, source null;) 
14650      DEBUG Test worker     d.u.i.k.j.JavaProgramElement Program match failed (pattern true;, source null;) 
14666      DEBUG Test worker     d.u.i.k.j.JavaProgramElement Program match failed (pattern false;, source null;) 
14666      DEBUG Test worker     d.u.i.k.j.JavaProgramElement Program match failed (pattern true;, source null;) 
14666      DEBUG Test worker     d.u.i.k.j.JavaProgramElement Program match failed (pattern false;, source null;) 
14697      DEBUG Test worker     d.u.i.k.j.JavaProgramElement Program match failed (pattern true;, source null;) 
14697      DEBUG Test worker     d.u.i.k.j.JavaProgramElement Program match failed (pattern false;, source null;) 
14697      DEBUG Test worker     d.u.i.k.j.JavaProgramElement Program match failed (pattern true;, source null;) 
14697      DEBUG Test worker     d.u.i.k.j.JavaProgramElement Program match failed (pattern false;, source null;) 
14713      DEBUG Test worker     d.u.i.k.j.JavaProgramElement Program match failed (pattern true;, source null;) 
14713      DEBUG Test worker     d.u.i.k.j.JavaProgramElement Program match failed (pattern false;, source null;) 
14713      DEBUG Test worker     d.u.i.k.j.JavaProgramElement Program match failed (pattern true;, source null;) 
14713      DEBUG Test worker     d.u.i.k.j.JavaProgramElement Program match failed (pattern false;, source null;) 
14713      DEBUG Test worker     d.u.i.k.j.JavaProgramElement Program match failed (pattern true;, source null;) 
14713      DEBUG Test worker     d.u.i.k.j.JavaProgramElement Program match failed (pattern false;, source null;) 
14713      DEBUG Test worker     d.u.i.k.j.JavaProgramElement Program match failed (pattern true;, source null;) 
14713      DEBUG Test worker     d.u.i.k.j.JavaProgramElement Program match failed (pattern false;, source null;) 
14728      DEBUG Test worker     d.u.i.k.j.JavaProgramElement Program match failed (pattern true;, source null;) 
14728      DEBUG Test worker     d.u.i.k.j.JavaProgramElement Program match failed (pattern false;, source null;) 
14728      DEBUG Test worker     d.u.i.k.j.JavaProgramElement Program match failed (pattern true;, source null;) 
14728      DEBUG Test worker     d.u.i.k.j.JavaProgramElement Program match failed (pattern false;, source null;) 
14744      DEBUG Test worker     d.u.i.k.j.JavaProgramElement Program match failed (pattern true;, source null;) 
14744      DEBUG Test worker     d.u.i.k.j.JavaProgramElement Program match failed (pattern false;, source null;) 
14744      DEBUG Test worker     d.u.i.k.j.JavaProgramElement Program match failed (pattern true;, source null;) 
14744      DEBUG Test worker     d.u.i.k.j.JavaProgramElement Program match failed (pattern false;, source null;) 
14760      DEBUG Test worker     d.u.i.k.j.JavaProgramElement Program match failed (pattern true;, source null;) 
14760      DEBUG Test worker     d.u.i.k.j.JavaProgramElement Program match failed (pattern false;, source null;) 
14760      DEBUG Test worker     d.u.i.k.j.JavaProgramElement Program match failed (pattern true;, source null;) 
14760      DEBUG Test worker     d.u.i.k.j.JavaProgramElement Program match failed (pattern false;, source null;) 
14760      DEBUG Test worker     d.u.i.k.j.JavaProgramElement Program match failed (pattern true;, source null;) 
14775      DEBUG Test worker     d.u.i.k.j.JavaProgramElement Program match failed (pattern false;, source null;) 
14775      DEBUG Test worker     d.u.i.k.j.JavaProgramElement Program match failed (pattern true;, source null;) 
14775      DEBUG Test worker     d.u.i.k.j.JavaProgramElement Program match failed (pattern false;, source null;) 
14775      DEBUG Test worker     d.u.i.k.j.JavaProgramElement Program match failed (pattern true;, source null;) 
14775      DEBUG Test worker     d.u.i.k.j.JavaProgramElement Program match failed (pattern false;, source null;) 
14775      DEBUG Test worker     d.u.i.k.j.JavaProgramElement Program match failed (pattern true;, source null;) 
14775      DEBUG Test worker     d.u.i.k.j.JavaProgramElement Program match failed (pattern false;, source null;) 
14791      DEBUG Test worker     d.u.i.k.j.JavaProgramElement Program match failed (pattern true;, source null;) 
14791      DEBUG Test worker     d.u.i.k.j.JavaProgramElement Program match failed (pattern false;, source null;) 
14791      DEBUG Test worker     d.u.i.k.j.JavaProgramElement Program match failed (pattern true;, source null;) 
14791      DEBUG Test worker     d.u.i.k.j.JavaProgramElement Program match failed (pattern false;, source null;) 
14791      DEBUG Test worker     d.u.i.k.j.JavaProgramElement Program match failed (pattern true;, source null;) 
14791      DEBUG Test worker     d.u.i.k.j.JavaProgramElement Program match failed (pattern false;, source null;) 
14791      DEBUG Test worker     d.u.i.k.j.JavaProgramElement Program match failed (pattern true;, source null;) 
14791      DEBUG Test worker     d.u.i.k.j.JavaProgramElement Program match failed (pattern false;, source null;) 
14791      DEBUG Test worker     d.u.i.k.j.JavaProgramElement Program match failed (pattern true;, source null;) 
14791      DEBUG Test worker     d.u.i.k.j.JavaProgramElement Program match failed (pattern false;, source null;) 
14791      DEBUG Test worker     d.u.i.k.j.JavaProgramElement Program match failed (pattern true;, source null;) 
14791      DEBUG Test worker     d.u.i.k.j.JavaProgramElement Program match failed (pattern false;, source null;) 
14807      DEBUG Test worker     d.u.i.k.j.JavaProgramElement Program match failed (pattern true;, source null;) 
14807      DEBUG Test worker     d.u.i.k.j.JavaProgramElement Program match failed (pattern false;, source null;) 
14807      DEBUG Test worker     d.u.i.k.j.JavaProgramElement Program match failed (pattern true;, source null;) 
14807      DEBUG Test worker     d.u.i.k.j.JavaProgramElement Program match failed (pattern false;, source null;) 
14807      DEBUG Test worker     d.u.i.k.j.JavaProgramElement Program match failed (pattern true;, source null;) 
14807      DEBUG Test worker     d.u.i.k.j.JavaProgramElement Program match failed (pattern false;, source null;) 
14807      DEBUG Test worker     d.u.i.k.j.JavaProgramElement Program match failed (pattern true;, source null;) 
14807      DEBUG Test worker     d.u.i.k.j.JavaProgramElement Program match failed (pattern false;, source null;) 
14822      DEBUG Test worker     d.u.i.k.j.JavaProgramElement Program match failed (pattern true;, source null;) 
14822      DEBUG Test worker     d.u.i.k.j.JavaProgramElement Program match failed (pattern false;, source null;) 
14822      DEBUG Test worker     d.u.i.k.j.JavaProgramElement Program match failed (pattern true;, source null;) 
14822      DEBUG Test worker     d.u.i.k.j.JavaProgramElement Program match failed (pattern false;, source null;) 
14838      DEBUG Test worker     d.u.i.k.j.JavaProgramElement Program match failed (pattern true;, source null;) 
14838      DEBUG Test worker     d.u.i.k.j.JavaProgramElement Program match failed (pattern false;, source null;) 
14838      DEBUG Test worker     d.u.i.k.j.JavaProgramElement Program match failed (pattern true;, source null;) 
14838      DEBUG Test worker     d.u.i.k.j.JavaProgramElement Program match failed (pattern false;, source null;) 
14994      DEBUG Test worker     d.u.i.k.j.JavaProgramElement Program match failed (pattern true;, source _z) 
14994      DEBUG Test worker     d.u.i.k.j.JavaProgramElement Program match failed (pattern false;, source _z) 
14994      DEBUG Test worker     d.u.i.k.j.JavaProgramElement Program match failed (pattern true;, source _z) 
14994      DEBUG Test worker     d.u.i.k.j.JavaProgramElement Program match failed (pattern false;, source _z) 
15026      DEBUG Test worker     d.u.i.k.j.JavaProgramElement Program match failed (pattern true;, source _y < _z;) 
15026      DEBUG Test worker     d.u.i.k.j.JavaProgramElement Program match failed (pattern false;, source _y < _z;) 
15026      DEBUG Test worker     d.u.i.k.j.JavaProgramElement Program match failed (pattern true;, source _y < _z;) 
15026      DEBUG Test worker     d.u.i.k.j.JavaProgramElement Program match failed (pattern false;, source _y < _z;) 
15104      DEBUG Test worker     d.u.i.k.j.JavaProgramElement Program match failed (pattern false;, source _x < _y;) 
15104      DEBUG Test worker     d.u.i.k.j.JavaProgramElement Program match failed (pattern true;, source _x < _y;) 
15104      DEBUG Test worker     d.u.i.k.j.JavaProgramElement Program match failed (pattern false;, source _x < _y;) 
15104      DEBUG Test worker     d.u.i.k.j.JavaProgramElement Program match failed (pattern true;, source _x < _y;) 
15104      DEBUG Test worker     d.u.i.k.j.JavaProgramElement Program match failed (pattern true;, source _x < _y;) 
15104      DEBUG Test worker     d.u.i.k.j.JavaProgramElement Program match failed (pattern false;, source _x < _y;) 
15104      DEBUG Test worker     d.u.i.k.j.JavaProgramElement Program match failed (pattern true;, source _x < _y;) 
15104      DEBUG Test worker     d.u.i.k.j.JavaProgramElement Program match failed (pattern false;, source _x < _y;) 
15198      DEBUG Test worker     d.u.i.k.j.JavaProgramElement Program match failed (pattern false;, source _y) 
15198      DEBUG Test worker     d.u.i.k.j.JavaProgramElement Program match failed (pattern true;, source _y) 
15198      DEBUG Test worker     d.u.i.k.j.JavaProgramElement Program match failed (pattern false;, source _y) 
15198      DEBUG Test worker     d.u.i.k.j.JavaProgramElement Program match failed (pattern true;, source _y) 
15198      DEBUG Test worker     d.u.i.k.j.JavaProgramElement Program match failed (pattern true;, source _y) 
15206      DEBUG Test worker     d.u.i.k.j.JavaProgramElement Program match failed (pattern false;, source _y) 
15206      DEBUG Test worker     d.u.i.k.j.JavaProgramElement Program match failed (pattern true;, source _y) 
15206      DEBUG Test worker     d.u.i.k.j.JavaProgramElement Program match failed (pattern false;, source _y) 
15229      DEBUG Test worker     d.u.i.k.j.JavaProgramElement Program match failed (pattern false;, source _x > _z;) 
15229      DEBUG Test worker     d.u.i.k.j.JavaProgramElement Program match failed (pattern true;, source _x > _z;) 
15229      DEBUG Test worker     d.u.i.k.j.JavaProgramElement Program match failed (pattern false;, source _x > _z;) 
15229      DEBUG Test worker     d.u.i.k.j.JavaProgramElement Program match failed (pattern true;, source _x > _z;) 
15245      DEBUG Test worker     d.u.i.k.j.JavaProgramElement Program match failed (pattern true;, source _x > _z;) 
15245      DEBUG Test worker     d.u.i.k.j.JavaProgramElement Program match failed (pattern false;, source _x > _z;) 
15245      DEBUG Test worker     d.u.i.k.j.JavaProgramElement Program match failed (pattern true;, source _x > _z;) 
15245      DEBUG Test worker     d.u.i.k.j.JavaProgramElement Program match failed (pattern false;, source _x > _z;) 
15276      DEBUG Test worker     d.u.i.k.j.JavaProgramElement Program match failed (pattern false;, source _x) 
15276      DEBUG Test worker     d.u.i.k.j.JavaProgramElement Program match failed (pattern true;, source _x) 
15276      DEBUG Test worker     d.u.i.k.j.JavaProgramElement Program match failed (pattern false;, source _x) 
15276      DEBUG Test worker     d.u.i.k.j.JavaProgramElement Program match failed (pattern true;, source _x) 
15276      DEBUG Test worker     d.u.i.k.j.JavaProgramElement Program match failed (pattern true;, source _x) 
15276      DEBUG Test worker     d.u.i.k.j.JavaProgramElement Program match failed (pattern false;, source _x) 
15276      DEBUG Test worker     d.u.i.k.j.JavaProgramElement Program match failed (pattern true;, source _x) 
15276      DEBUG Test worker     d.u.i.k.j.JavaProgramElement Program match failed (pattern false;, source _x) 
15323      DEBUG Test worker     d.u.i.k.j.JavaProgramElement Program match failed (pattern true;, source mid + 1;) 
15323      DEBUG Test worker     d.u.i.k.j.JavaProgramElement Program match failed (pattern false;, source mid + 1;) 
15323      DEBUG Test worker     d.u.i.k.j.JavaProgramElement Program match failed (pattern true;, source mid + 1;) 
15323      DEBUG Test worker     d.u.i.k.j.JavaProgramElement Program match failed (pattern false;, source mid + 1;) 
15370      DEBUG Test worker     d.u.i.k.j.JavaProgramElement Program match failed (pattern true;, source i) 
15370      DEBUG Test worker     d.u.i.k.j.JavaProgramElement Program match failed (pattern false;, source i) 
15370      DEBUG Test worker     d.u.i.k.j.JavaProgramElement Program match failed (pattern true;, source i) 
15370      DEBUG Test worker     d.u.i.k.j.JavaProgramElement Program match failed (pattern false;, source i) 
15401      DEBUG Test worker     d.u.i.k.j.JavaProgramElement Program match failed (pattern false;, source _x) 
15401      DEBUG Test worker     d.u.i.k.j.JavaProgramElement Program match failed (pattern true;, source _x) 
15401      DEBUG Test worker     d.u.i.k.j.JavaProgramElement Program match failed (pattern false;, source _x) 
15401      DEBUG Test worker     d.u.i.k.j.JavaProgramElement Program match failed (pattern true;, source _x) 
15401      DEBUG Test worker     d.u.i.k.j.JavaProgramElement Program match failed (pattern true;, source _x) 
15401      DEBUG Test worker     d.u.i.k.j.JavaProgramElement Program match failed (pattern false;, source _x) 
15401      DEBUG Test worker     d.u.i.k.j.JavaProgramElement Program match failed (pattern true;, source _x) 
15401      DEBUG Test worker     d.u.i.k.j.JavaProgramElement Program match failed (pattern false;, source _x) 
15432      DEBUG Test worker     d.u.i.k.j.JavaProgramElement Program match failed (pattern true;, source mid + 1;) 
15432      DEBUG Test worker     d.u.i.k.j.JavaProgramElement Program match failed (pattern false;, source mid + 1;) 
15432      DEBUG Test worker     d.u.i.k.j.JavaProgramElement Program match failed (pattern true;, source mid + 1;) 
15432      DEBUG Test worker     d.u.i.k.j.JavaProgramElement Program match failed (pattern false;, source mid + 1;) 
15448      DEBUG Test worker     d.u.i.k.j.JavaProgramElement Program match failed (pattern true;, source i) 
15448      DEBUG Test worker     d.u.i.k.j.JavaProgramElement Program match failed (pattern false;, source i) 
15448      DEBUG Test worker     d.u.i.k.j.JavaProgramElement Program match failed (pattern true;, source i) 
15448      DEBUG Test worker     d.u.i.k.j.JavaProgramElement Program match failed (pattern false;, source i) 
15495      DEBUG Test worker     d.u.i.k.j.JavaProgramElement Program match failed (pattern false;, source _y) 
15495      DEBUG Test worker     d.u.i.k.j.JavaProgramElement Program match failed (pattern true;, source _y) 
15495      DEBUG Test worker     d.u.i.k.j.JavaProgramElement Program match failed (pattern false;, source _y) 
15495      DEBUG Test worker     d.u.i.k.j.JavaProgramElement Program match failed (pattern true;, source _y) 
15495      DEBUG Test worker     d.u.i.k.j.JavaProgramElement Program match failed (pattern true;, source _y) 
15495      DEBUG Test worker     d.u.i.k.j.JavaProgramElement Program match failed (pattern false;, source _y) 
15495      DEBUG Test worker     d.u.i.k.j.JavaProgramElement Program match failed (pattern true;, source _y) 
15495      DEBUG Test worker     d.u.i.k.j.JavaProgramElement Program match failed (pattern false;, source _y) 
15526      DEBUG Test worker     d.u.i.k.j.JavaProgramElement Program match failed (pattern true;, source mid + 1;) 
15526      DEBUG Test worker     d.u.i.k.j.JavaProgramElement Program match failed (pattern false;, source mid + 1;) 
15526      DEBUG Test worker     d.u.i.k.j.JavaProgramElement Program match failed (pattern true;, source mid + 1;) 
15542      DEBUG Test worker     d.u.i.k.j.JavaProgramElement Program match failed (pattern false;, source mid + 1;) 
15557      DEBUG Test worker     d.u.i.k.j.JavaProgramElement Program match failed (pattern true;, source i) 
15557      DEBUG Test worker     d.u.i.k.j.JavaProgramElement Program match failed (pattern false;, source i) 
15557      DEBUG Test worker     d.u.i.k.j.JavaProgramElement Program match failed (pattern true;, source i) 
15573      DEBUG Test worker     d.u.i.k.j.JavaProgramElement Program match failed (pattern false;, source i) 
15620      DEBUG Test worker     d.u.i.k.j.JavaProgramElement Program match failed (pattern false;, source _x > _y;) 
15620      DEBUG Test worker     d.u.i.k.j.JavaProgramElement Program match failed (pattern true;, source _x > _y;) 
15620      DEBUG Test worker     d.u.i.k.j.JavaProgramElement Program match failed (pattern false;, source _x > _y;) 
15620      DEBUG Test worker     d.u.i.k.j.JavaProgramElement Program match failed (pattern true;, source _x > _y;) 
15620      DEBUG Test worker     d.u.i.k.j.JavaProgramElement Program match failed (pattern true;, source _x > _y;) 
15620      DEBUG Test worker     d.u.i.k.j.JavaProgramElement Program match failed (pattern false;, source _x > _y;) 
15620      DEBUG Test worker     d.u.i.k.j.JavaProgramElement Program match failed (pattern true;, source _x > _y;) 
15620      DEBUG Test worker     d.u.i.k.j.JavaProgramElement Program match failed (pattern false;, source _x > _y;) 
15714      DEBUG Test worker     d.u.i.k.j.JavaProgramElement Program match failed (pattern false;, source _y) 
15714      DEBUG Test worker     d.u.i.k.j.JavaProgramElement Program match failed (pattern true;, source _y) 
15714      DEBUG Test worker     d.u.i.k.j.JavaProgramElement Program match failed (pattern false;, source _y) 
15714      DEBUG Test worker     d.u.i.k.j.JavaProgramElement Program match failed (pattern true;, source _y) 
15714      DEBUG Test worker     d.u.i.k.j.JavaProgramElement Program match failed (pattern true;, source _y) 
15714      DEBUG Test worker     d.u.i.k.j.JavaProgramElement Program match failed (pattern false;, source _y) 
15714      DEBUG Test worker     d.u.i.k.j.JavaProgramElement Program match failed (pattern true;, source _y) 
15714      DEBUG Test worker     d.u.i.k.j.JavaProgramElement Program match failed (pattern false;, source _y) 
15729      DEBUG Test worker     d.u.i.k.j.JavaProgramElement Program match failed (pattern false;, source _x < _z;) 
15729      DEBUG Test worker     d.u.i.k.j.JavaProgramElement Program match failed (pattern true;, source _x < _z;) 
15729      DEBUG Test worker     d.u.i.k.j.JavaProgramElement Program match failed (pattern false;, source _x < _z;) 
15729      DEBUG Test worker     d.u.i.k.j.JavaProgramElement Program match failed (pattern true;, source _x < _z;) 
15729      DEBUG Test worker     d.u.i.k.j.JavaProgramElement Program match failed (pattern true;, source _x < _z;) 
15729      DEBUG Test worker     d.u.i.k.j.JavaProgramElement Program match failed (pattern false;, source _x < _z;) 
15745      DEBUG Test worker     d.u.i.k.j.JavaProgramElement Program match failed (pattern true;, source _x < _z;) 
15745      DEBUG Test worker     d.u.i.k.j.JavaProgramElement Program match failed (pattern false;, source _x < _z;) 
15776      DEBUG Test worker     d.u.i.k.j.JavaProgramElement Program match failed (pattern false;, source _x) 
15776      DEBUG Test worker     d.u.i.k.j.JavaProgramElement Program match failed (pattern true;, source _x) 
15776      DEBUG Test worker     d.u.i.k.j.JavaProgramElement Program match failed (pattern false;, source _x) 
15776      DEBUG Test worker     d.u.i.k.j.JavaProgramElement Program match failed (pattern true;, source _x) 
15776      DEBUG Test worker     d.u.i.k.j.JavaProgramElement Program match failed (pattern true;, source _x) 
15776      DEBUG Test worker     d.u.i.k.j.JavaProgramElement Program match failed (pattern false;, source _x) 
15776      DEBUG Test worker     d.u.i.k.j.JavaProgramElement Program match failed (pattern true;, source _x) 
15776      DEBUG Test worker     d.u.i.k.j.JavaProgramElement Program match failed (pattern false;, source _x) 
15792      DEBUG Test worker     d.u.i.k.j.JavaProgramElement Program match failed (pattern true;, source mid + 1;) 
15792      DEBUG Test worker     d.u.i.k.j.JavaProgramElement Program match failed (pattern false;, source mid + 1;) 
15792      DEBUG Test worker     d.u.i.k.j.JavaProgramElement Program match failed (pattern true;, source mid + 1;) 
15807      DEBUG Test worker     d.u.i.k.j.JavaProgramElement Program match failed (pattern false;, source mid + 1;) 
15869      DEBUG Test worker     d.u.i.k.j.JavaProgramElement Program match failed (pattern true;, source i) 
15869      DEBUG Test worker     d.u.i.k.j.JavaProgramElement Program match failed (pattern false;, source i) 
15869      DEBUG Test worker     d.u.i.k.j.JavaProgramElement Program match failed (pattern true;, source i) 
15869      DEBUG Test worker     d.u.i.k.j.JavaProgramElement Program match failed (pattern false;, source i) 
15885      DEBUG Test worker     d.u.i.k.j.JavaProgramElement Program match failed (pattern false;, source _x) 
15885      DEBUG Test worker     d.u.i.k.j.JavaProgramElement Program match failed (pattern true;, source _x) 
15885      DEBUG Test worker     d.u.i.k.j.JavaProgramElement Program match failed (pattern false;, source _x) 
15901      DEBUG Test worker     d.u.i.k.j.JavaProgramElement Program match failed (pattern true;, source _x) 
15901      DEBUG Test worker     d.u.i.k.j.JavaProgramElement Program match failed (pattern true;, source _x) 
15901      DEBUG Test worker     d.u.i.k.j.JavaProgramElement Program match failed (pattern false;, source _x) 
15901      DEBUG Test worker     d.u.i.k.j.JavaProgramElement Program match failed (pattern true;, source _x) 
15901      DEBUG Test worker     d.u.i.k.j.JavaProgramElement Program match failed (pattern false;, source _x) 
15916      DEBUG Test worker     d.u.i.k.j.JavaProgramElement Program match failed (pattern true;, source mid + 1;) 
15916      DEBUG Test worker     d.u.i.k.j.JavaProgramElement Program match failed (pattern false;, source mid + 1;) 
15916      DEBUG Test worker     d.u.i.k.j.JavaProgramElement Program match failed (pattern true;, source mid + 1;) 
15916      DEBUG Test worker     d.u.i.k.j.JavaProgramElement Program match failed (pattern false;, source mid + 1;) 
15932      DEBUG Test worker     d.u.i.k.j.JavaProgramElement Program match failed (pattern true;, source i) 
15932      DEBUG Test worker     d.u.i.k.j.JavaProgramElement Program match failed (pattern false;, source i) 
15932      DEBUG Test worker     d.u.i.k.j.JavaProgramElement Program match failed (pattern true;, source i) 
15932      DEBUG Test worker     d.u.i.k.j.JavaProgramElement Program match failed (pattern false;, source i) 
15963      DEBUG Test worker     d.u.i.k.j.JavaProgramElement Program match failed (pattern false;, source _y) 
15963      DEBUG Test worker     d.u.i.k.j.JavaProgramElement Program match failed (pattern true;, source _y) 
15963      DEBUG Test worker     d.u.i.k.j.JavaProgramElement Program match failed (pattern false;, source _y) 
15963      DEBUG Test worker     d.u.i.k.j.JavaProgramElement Program match failed (pattern true;, source _y) 
15963      DEBUG Test worker     d.u.i.k.j.JavaProgramElement Program match failed (pattern true;, source _y) 
15963      DEBUG Test worker     d.u.i.k.j.JavaProgramElement Program match failed (pattern false;, source _y) 
15963      DEBUG Test worker     d.u.i.k.j.JavaProgramElement Program match failed (pattern true;, source _y) 
15963      DEBUG Test worker     d.u.i.k.j.JavaProgramElement Program match failed (pattern false;, source _y) 
15979      DEBUG Test worker     d.u.i.k.j.JavaProgramElement Program match failed (pattern true;, source mid + 1;) 
15979      DEBUG Test worker     d.u.i.k.j.JavaProgramElement Program match failed (pattern false;, source mid + 1;) 
15979      DEBUG Test worker     d.u.i.k.j.JavaProgramElement Program match failed (pattern true;, source mid + 1;) 
15979      DEBUG Test worker     d.u.i.k.j.JavaProgramElement Program match failed (pattern false;, source mid + 1;) 
15994      DEBUG Test worker     d.u.i.k.j.JavaProgramElement Program match failed (pattern true;, source i) 
16010      DEBUG Test worker     d.u.i.k.j.JavaProgramElement Program match failed (pattern false;, source i) 
16010      DEBUG Test worker     d.u.i.k.j.JavaProgramElement Program match failed (pattern true;, source i) 
16010      DEBUG Test worker     d.u.i.k.j.JavaProgramElement Program match failed (pattern false;, source i) 
]]></system-out>
  <system-err><![CDATA[]]></system-err>
</testsuite>
