<?xml version="1.0" encoding="UTF-8"?>
<testsuite name="de.uka.ilkd.key.testcase.smt.testgen.TestTestgen" tests="1" skipped="0" failures="0" errors="0" timestamp="2023-05-02T13:47:18" hostname="fv-az553-779" time="5.847">
  <properties/>
  <testcase name="testMiddle()" classname="de.uka.ilkd.key.testcase.smt.testgen.TestTestgen" time="5.847"/>
  <system-out><![CDATA[18151      WARN  Test worker     d.u.i.k.t.s.t.TestTestgen Warning: Z3_CE is not installed, tests skipped. 
18167      WARN  Test worker     d.u.i.k.t.s.t.TestTestgen Maybe use JVM system property "z3SolverPath" to define the path to the Z3 command. 
18167      INFO  Test worker     d.u.i.k.p.i.AbstractProblemLoader Loading environment from src\test\resources\testcase\smt\tg\middle.key 
18167      DEBUG Test worker     d.u.i.k.p.i.AbstractProblemLoader Environment load took 484ns 
18167      INFO  Test worker     d.u.i.k.p.i.AbstractProblemLoader Creating init config 
22661      DEBUG Test worker     d.u.i.k.p.i.AbstractProblemLoader Init config took 4.49s 
22865      INFO  Test worker     d.u.i.k.p.i.AbstractProblemLoader Replaying proof Middle[Middle::middle(int,int,int)].JML normal_behavior operation contract.0 
22880      DEBUG Test worker     d.u.i.k.p.i.IntermediateProofReplayer Proof replay took 18.9ns 
22896      DEBUG Test worker     d.u.i.k.j.JavaProgramElement Program match failed (pattern true;, source null;) 
22896      DEBUG Test worker     d.u.i.k.j.JavaProgramElement Program match failed (pattern false;, source null;) 
22896      DEBUG Test worker     d.u.i.k.j.JavaProgramElement Program match failed (pattern true;, source null;) 
22896      DEBUG Test worker     d.u.i.k.j.JavaProgramElement Program match failed (pattern false;, source null;) 
22911      DEBUG Test worker     d.u.i.k.j.JavaProgramElement Program match failed (pattern true;, source null;) 
22911      DEBUG Test worker     d.u.i.k.j.JavaProgramElement Program match failed (pattern false;, source null;) 
22911      DEBUG Test worker     d.u.i.k.j.JavaProgramElement Program match failed (pattern true;, source null;) 
22911      DEBUG Test worker     d.u.i.k.j.JavaProgramElement Program match failed (pattern false;, source null;) 
22927      DEBUG Test worker     d.u.i.k.j.JavaProgramElement Program match failed (pattern true;, source null;) 
22927      DEBUG Test worker     d.u.i.k.j.JavaProgramElement Program match failed (pattern false;, source null;) 
22927      DEBUG Test worker     d.u.i.k.j.JavaProgramElement Program match failed (pattern true;, source null;) 
22927      DEBUG Test worker     d.u.i.k.j.JavaProgramElement Program match failed (pattern false;, source null;) 
22927      DEBUG Test worker     d.u.i.k.j.JavaProgramElement Program match failed (pattern true;, source null;) 
22927      DEBUG Test worker     d.u.i.k.j.JavaProgramElement Program match failed (pattern false;, source null;) 
22927      DEBUG Test worker     d.u.i.k.j.JavaProgramElement Program match failed (pattern true;, source null;) 
22943      DEBUG Test worker     d.u.i.k.j.JavaProgramElement Program match failed (pattern false;, source null;) 
22943      DEBUG Test worker     d.u.i.k.j.JavaProgramElement Program match failed (pattern true;, source null;) 
22943      DEBUG Test worker     d.u.i.k.j.JavaProgramElement Program match failed (pattern false;, source null;) 
22943      DEBUG Test worker     d.u.i.k.j.JavaProgramElement Program match failed (pattern true;, source null;) 
22943      DEBUG Test worker     d.u.i.k.j.JavaProgramElement Program match failed (pattern false;, source null;) 
22943      DEBUG Test worker     d.u.i.k.j.JavaProgramElement Program match failed (pattern true;, source null;) 
22959      DEBUG Test worker     d.u.i.k.j.JavaProgramElement Program match failed (pattern false;, source null;) 
22959      DEBUG Test worker     d.u.i.k.j.JavaProgramElement Program match failed (pattern true;, source null;) 
22959      DEBUG Test worker     d.u.i.k.j.JavaProgramElement Program match failed (pattern false;, source null;) 
22959      DEBUG Test worker     d.u.i.k.j.JavaProgramElement Program match failed (pattern true;, source null;) 
22959      DEBUG Test worker     d.u.i.k.j.JavaProgramElement Program match failed (pattern false;, source null;) 
22959      DEBUG Test worker     d.u.i.k.j.JavaProgramElement Program match failed (pattern true;, source null;) 
22959      DEBUG Test worker     d.u.i.k.j.JavaProgramElement Program match failed (pattern false;, source null;) 
22959      DEBUG Test worker     d.u.i.k.j.JavaProgramElement Program match failed (pattern true;, source null;) 
22959      DEBUG Test worker     d.u.i.k.j.JavaProgramElement Program match failed (pattern false;, source null;) 
22959      DEBUG Test worker     d.u.i.k.j.JavaProgramElement Program match failed (pattern true;, source null;) 
22959      DEBUG Test worker     d.u.i.k.j.JavaProgramElement Program match failed (pattern false;, source null;) 
22959      DEBUG Test worker     d.u.i.k.j.JavaProgramElement Program match failed (pattern true;, source null;) 
22959      DEBUG Test worker     d.u.i.k.j.JavaProgramElement Program match failed (pattern false;, source null;) 
22959      DEBUG Test worker     d.u.i.k.j.JavaProgramElement Program match failed (pattern true;, source null;) 
22959      DEBUG Test worker     d.u.i.k.j.JavaProgramElement Program match failed (pattern false;, source null;) 
22959      DEBUG Test worker     d.u.i.k.j.JavaProgramElement Program match failed (pattern true;, source null;) 
22959      DEBUG Test worker     d.u.i.k.j.JavaProgramElement Program match failed (pattern false;, source null;) 
22959      DEBUG Test worker     d.u.i.k.j.JavaProgramElement Program match failed (pattern true;, source null;) 
22959      DEBUG Test worker     d.u.i.k.j.JavaProgramElement Program match failed (pattern false;, source null;) 
22959      DEBUG Test worker     d.u.i.k.j.JavaProgramElement Program match failed (pattern true;, source null;) 
22959      DEBUG Test worker     d.u.i.k.j.JavaProgramElement Program match failed (pattern false;, source null;) 
22959      DEBUG Test worker     d.u.i.k.j.JavaProgramElement Program match failed (pattern true;, source null;) 
22959      DEBUG Test worker     d.u.i.k.j.JavaProgramElement Program match failed (pattern false;, source null;) 
22959      DEBUG Test worker     d.u.i.k.j.JavaProgramElement Program match failed (pattern true;, source null;) 
22959      DEBUG Test worker     d.u.i.k.j.JavaProgramElement Program match failed (pattern false;, source null;) 
22978      DEBUG Test worker     d.u.i.k.j.JavaProgramElement Program match failed (pattern true;, source null;) 
22978      DEBUG Test worker     d.u.i.k.j.JavaProgramElement Program match failed (pattern false;, source null;) 
22978      DEBUG Test worker     d.u.i.k.j.JavaProgramElement Program match failed (pattern true;, source null;) 
22978      DEBUG Test worker     d.u.i.k.j.JavaProgramElement Program match failed (pattern false;, source null;) 
22978      DEBUG Test worker     d.u.i.k.j.JavaProgramElement Program match failed (pattern true;, source null;) 
22978      DEBUG Test worker     d.u.i.k.j.JavaProgramElement Program match failed (pattern false;, source null;) 
22978      DEBUG Test worker     d.u.i.k.j.JavaProgramElement Program match failed (pattern true;, source null;) 
22978      DEBUG Test worker     d.u.i.k.j.JavaProgramElement Program match failed (pattern false;, source null;) 
22978      DEBUG Test worker     d.u.i.k.j.JavaProgramElement Program match failed (pattern true;, source null;) 
22978      DEBUG Test worker     d.u.i.k.j.JavaProgramElement Program match failed (pattern false;, source null;) 
22978      DEBUG Test worker     d.u.i.k.j.JavaProgramElement Program match failed (pattern true;, source null;) 
22978      DEBUG Test worker     d.u.i.k.j.JavaProgramElement Program match failed (pattern false;, source null;) 
22978      DEBUG Test worker     d.u.i.k.j.JavaProgramElement Program match failed (pattern true;, source null;) 
22978      DEBUG Test worker     d.u.i.k.j.JavaProgramElement Program match failed (pattern false;, source null;) 
22978      DEBUG Test worker     d.u.i.k.j.JavaProgramElement Program match failed (pattern true;, source null;) 
22978      DEBUG Test worker     d.u.i.k.j.JavaProgramElement Program match failed (pattern false;, source null;) 
22978      DEBUG Test worker     d.u.i.k.j.JavaProgramElement Program match failed (pattern true;, source null;) 
22978      DEBUG Test worker     d.u.i.k.j.JavaProgramElement Program match failed (pattern false;, source null;) 
22978      DEBUG Test worker     d.u.i.k.j.JavaProgramElement Program match failed (pattern true;, source null;) 
22978      DEBUG Test worker     d.u.i.k.j.JavaProgramElement Program match failed (pattern false;, source null;) 
22978      DEBUG Test worker     d.u.i.k.j.JavaProgramElement Program match failed (pattern true;, source null;) 
22978      DEBUG Test worker     d.u.i.k.j.JavaProgramElement Program match failed (pattern false;, source null;) 
22978      DEBUG Test worker     d.u.i.k.j.JavaProgramElement Program match failed (pattern true;, source null;) 
22978      DEBUG Test worker     d.u.i.k.j.JavaProgramElement Program match failed (pattern false;, source null;) 
22978      DEBUG Test worker     d.u.i.k.j.JavaProgramElement Program match failed (pattern true;, source null;) 
22978      DEBUG Test worker     d.u.i.k.j.JavaProgramElement Program match failed (pattern false;, source null;) 
23009      DEBUG Test worker     d.u.i.k.j.JavaProgramElement Program match failed (pattern true;, source _z) 
23009      DEBUG Test worker     d.u.i.k.j.JavaProgramElement Program match failed (pattern false;, source _z) 
23009      DEBUG Test worker     d.u.i.k.j.JavaProgramElement Program match failed (pattern true;, source _z) 
23009      DEBUG Test worker     d.u.i.k.j.JavaProgramElement Program match failed (pattern false;, source _z) 
23009      DEBUG Test worker     d.u.i.k.j.JavaProgramElement Program match failed (pattern true;, source _y < _z;) 
23009      DEBUG Test worker     d.u.i.k.j.JavaProgramElement Program match failed (pattern false;, source _y < _z;) 
23009      DEBUG Test worker     d.u.i.k.j.JavaProgramElement Program match failed (pattern true;, source _y < _z;) 
23009      DEBUG Test worker     d.u.i.k.j.JavaProgramElement Program match failed (pattern false;, source _y < _z;) 
23072      DEBUG Test worker     d.u.i.k.j.JavaProgramElement Program match failed (pattern false;, source _x < _y;) 
23072      DEBUG Test worker     d.u.i.k.j.JavaProgramElement Program match failed (pattern true;, source _x < _y;) 
23072      DEBUG Test worker     d.u.i.k.j.JavaProgramElement Program match failed (pattern false;, source _x < _y;) 
23072      DEBUG Test worker     d.u.i.k.j.JavaProgramElement Program match failed (pattern true;, source _x < _y;) 
23072      DEBUG Test worker     d.u.i.k.j.JavaProgramElement Program match failed (pattern true;, source _x < _y;) 
23072      DEBUG Test worker     d.u.i.k.j.JavaProgramElement Program match failed (pattern false;, source _x < _y;) 
23072      DEBUG Test worker     d.u.i.k.j.JavaProgramElement Program match failed (pattern true;, source _x < _y;) 
23072      DEBUG Test worker     d.u.i.k.j.JavaProgramElement Program match failed (pattern false;, source _x < _y;) 
23118      DEBUG Test worker     d.u.i.k.j.JavaProgramElement Program match failed (pattern false;, source _y) 
23118      DEBUG Test worker     d.u.i.k.j.JavaProgramElement Program match failed (pattern true;, source _y) 
23118      DEBUG Test worker     d.u.i.k.j.JavaProgramElement Program match failed (pattern false;, source _y) 
23118      DEBUG Test worker     d.u.i.k.j.JavaProgramElement Program match failed (pattern true;, source _y) 
23118      DEBUG Test worker     d.u.i.k.j.JavaProgramElement Program match failed (pattern true;, source _y) 
23118      DEBUG Test worker     d.u.i.k.j.JavaProgramElement Program match failed (pattern false;, source _y) 
23118      DEBUG Test worker     d.u.i.k.j.JavaProgramElement Program match failed (pattern true;, source _y) 
23118      DEBUG Test worker     d.u.i.k.j.JavaProgramElement Program match failed (pattern false;, source _y) 
23150      DEBUG Test worker     d.u.i.k.j.JavaProgramElement Program match failed (pattern false;, source _x > _z;) 
23150      DEBUG Test worker     d.u.i.k.j.JavaProgramElement Program match failed (pattern true;, source _x > _z;) 
23150      DEBUG Test worker     d.u.i.k.j.JavaProgramElement Program match failed (pattern false;, source _x > _z;) 
23150      DEBUG Test worker     d.u.i.k.j.JavaProgramElement Program match failed (pattern true;, source _x > _z;) 
23150      DEBUG Test worker     d.u.i.k.j.JavaProgramElement Program match failed (pattern true;, source _x > _z;) 
23150      DEBUG Test worker     d.u.i.k.j.JavaProgramElement Program match failed (pattern false;, source _x > _z;) 
23150      DEBUG Test worker     d.u.i.k.j.JavaProgramElement Program match failed (pattern true;, source _x > _z;) 
23150      DEBUG Test worker     d.u.i.k.j.JavaProgramElement Program match failed (pattern false;, source _x > _z;) 
23181      DEBUG Test worker     d.u.i.k.j.JavaProgramElement Program match failed (pattern false;, source _x) 
23181      DEBUG Test worker     d.u.i.k.j.JavaProgramElement Program match failed (pattern true;, source _x) 
23181      DEBUG Test worker     d.u.i.k.j.JavaProgramElement Program match failed (pattern false;, source _x) 
23181      DEBUG Test worker     d.u.i.k.j.JavaProgramElement Program match failed (pattern true;, source _x) 
23181      DEBUG Test worker     d.u.i.k.j.JavaProgramElement Program match failed (pattern true;, source _x) 
23181      DEBUG Test worker     d.u.i.k.j.JavaProgramElement Program match failed (pattern false;, source _x) 
23181      DEBUG Test worker     d.u.i.k.j.JavaProgramElement Program match failed (pattern true;, source _x) 
23181      DEBUG Test worker     d.u.i.k.j.JavaProgramElement Program match failed (pattern false;, source _x) 
23212      DEBUG Test worker     d.u.i.k.j.JavaProgramElement Program match failed (pattern true;, source mid + 1;) 
23212      DEBUG Test worker     d.u.i.k.j.JavaProgramElement Program match failed (pattern false;, source mid + 1;) 
23212      DEBUG Test worker     d.u.i.k.j.JavaProgramElement Program match failed (pattern true;, source mid + 1;) 
23212      DEBUG Test worker     d.u.i.k.j.JavaProgramElement Program match failed (pattern false;, source mid + 1;) 
23228      DEBUG Test worker     d.u.i.k.j.JavaProgramElement Program match failed (pattern true;, source i) 
23228      DEBUG Test worker     d.u.i.k.j.JavaProgramElement Program match failed (pattern false;, source i) 
23228      DEBUG Test worker     d.u.i.k.j.JavaProgramElement Program match failed (pattern true;, source i) 
23228      DEBUG Test worker     d.u.i.k.j.JavaProgramElement Program match failed (pattern false;, source i) 
23243      DEBUG Test worker     d.u.i.k.j.JavaProgramElement Program match failed (pattern false;, source _x) 
23243      DEBUG Test worker     d.u.i.k.j.JavaProgramElement Program match failed (pattern true;, source _x) 
23243      DEBUG Test worker     d.u.i.k.j.JavaProgramElement Program match failed (pattern false;, source _x) 
23243      DEBUG Test worker     d.u.i.k.j.JavaProgramElement Program match failed (pattern true;, source _x) 
23243      DEBUG Test worker     d.u.i.k.j.JavaProgramElement Program match failed (pattern true;, source _x) 
23243      DEBUG Test worker     d.u.i.k.j.JavaProgramElement Program match failed (pattern false;, source _x) 
23243      DEBUG Test worker     d.u.i.k.j.JavaProgramElement Program match failed (pattern true;, source _x) 
23243      DEBUG Test worker     d.u.i.k.j.JavaProgramElement Program match failed (pattern false;, source _x) 
23275      DEBUG Test worker     d.u.i.k.j.JavaProgramElement Program match failed (pattern true;, source mid + 1;) 
23275      DEBUG Test worker     d.u.i.k.j.JavaProgramElement Program match failed (pattern false;, source mid + 1;) 
23275      DEBUG Test worker     d.u.i.k.j.JavaProgramElement Program match failed (pattern true;, source mid + 1;) 
23275      DEBUG Test worker     d.u.i.k.j.JavaProgramElement Program match failed (pattern false;, source mid + 1;) 
23290      DEBUG Test worker     d.u.i.k.j.JavaProgramElement Program match failed (pattern true;, source i) 
23290      DEBUG Test worker     d.u.i.k.j.JavaProgramElement Program match failed (pattern false;, source i) 
23290      DEBUG Test worker     d.u.i.k.j.JavaProgramElement Program match failed (pattern true;, source i) 
23290      DEBUG Test worker     d.u.i.k.j.JavaProgramElement Program match failed (pattern false;, source i) 
23306      DEBUG Test worker     d.u.i.k.j.JavaProgramElement Program match failed (pattern false;, source _y) 
23306      DEBUG Test worker     d.u.i.k.j.JavaProgramElement Program match failed (pattern true;, source _y) 
23306      DEBUG Test worker     d.u.i.k.j.JavaProgramElement Program match failed (pattern false;, source _y) 
23306      DEBUG Test worker     d.u.i.k.j.JavaProgramElement Program match failed (pattern true;, source _y) 
23322      DEBUG Test worker     d.u.i.k.j.JavaProgramElement Program match failed (pattern true;, source _y) 
23322      DEBUG Test worker     d.u.i.k.j.JavaProgramElement Program match failed (pattern false;, source _y) 
23322      DEBUG Test worker     d.u.i.k.j.JavaProgramElement Program match failed (pattern true;, source _y) 
23322      DEBUG Test worker     d.u.i.k.j.JavaProgramElement Program match failed (pattern false;, source _y) 
23353      DEBUG Test worker     d.u.i.k.j.JavaProgramElement Program match failed (pattern true;, source mid + 1;) 
23353      DEBUG Test worker     d.u.i.k.j.JavaProgramElement Program match failed (pattern false;, source mid + 1;) 
23353      DEBUG Test worker     d.u.i.k.j.JavaProgramElement Program match failed (pattern true;, source mid + 1;) 
23353      DEBUG Test worker     d.u.i.k.j.JavaProgramElement Program match failed (pattern false;, source mid + 1;) 
23368      DEBUG Test worker     d.u.i.k.j.JavaProgramElement Program match failed (pattern true;, source i) 
23368      DEBUG Test worker     d.u.i.k.j.JavaProgramElement Program match failed (pattern false;, source i) 
23368      DEBUG Test worker     d.u.i.k.j.JavaProgramElement Program match failed (pattern true;, source i) 
23368      DEBUG Test worker     d.u.i.k.j.JavaProgramElement Program match failed (pattern false;, source i) 
23400      DEBUG Test worker     d.u.i.k.j.JavaProgramElement Program match failed (pattern false;, source _x > _y;) 
23400      DEBUG Test worker     d.u.i.k.j.JavaProgramElement Program match failed (pattern true;, source _x > _y;) 
23400      DEBUG Test worker     d.u.i.k.j.JavaProgramElement Program match failed (pattern false;, source _x > _y;) 
23400      DEBUG Test worker     d.u.i.k.j.JavaProgramElement Program match failed (pattern true;, source _x > _y;) 
23400      DEBUG Test worker     d.u.i.k.j.JavaProgramElement Program match failed (pattern true;, source _x > _y;) 
23400      DEBUG Test worker     d.u.i.k.j.JavaProgramElement Program match failed (pattern false;, source _x > _y;) 
23400      DEBUG Test worker     d.u.i.k.j.JavaProgramElement Program match failed (pattern true;, source _x > _y;) 
23400      DEBUG Test worker     d.u.i.k.j.JavaProgramElement Program match failed (pattern false;, source _x > _y;) 
23431      DEBUG Test worker     d.u.i.k.j.JavaProgramElement Program match failed (pattern false;, source _y) 
23431      DEBUG Test worker     d.u.i.k.j.JavaProgramElement Program match failed (pattern true;, source _y) 
23431      DEBUG Test worker     d.u.i.k.j.JavaProgramElement Program match failed (pattern false;, source _y) 
23431      DEBUG Test worker     d.u.i.k.j.JavaProgramElement Program match failed (pattern true;, source _y) 
23447      DEBUG Test worker     d.u.i.k.j.JavaProgramElement Program match failed (pattern true;, source _y) 
23447      DEBUG Test worker     d.u.i.k.j.JavaProgramElement Program match failed (pattern false;, source _y) 
23447      DEBUG Test worker     d.u.i.k.j.JavaProgramElement Program match failed (pattern true;, source _y) 
23447      DEBUG Test worker     d.u.i.k.j.JavaProgramElement Program match failed (pattern false;, source _y) 
23462      DEBUG Test worker     d.u.i.k.j.JavaProgramElement Program match failed (pattern false;, source _x < _z;) 
23462      DEBUG Test worker     d.u.i.k.j.JavaProgramElement Program match failed (pattern true;, source _x < _z;) 
23462      DEBUG Test worker     d.u.i.k.j.JavaProgramElement Program match failed (pattern false;, source _x < _z;) 
23462      DEBUG Test worker     d.u.i.k.j.JavaProgramElement Program match failed (pattern true;, source _x < _z;) 
23462      DEBUG Test worker     d.u.i.k.j.JavaProgramElement Program match failed (pattern true;, source _x < _z;) 
23462      DEBUG Test worker     d.u.i.k.j.JavaProgramElement Program match failed (pattern false;, source _x < _z;) 
23462      DEBUG Test worker     d.u.i.k.j.JavaProgramElement Program match failed (pattern true;, source _x < _z;) 
23462      DEBUG Test worker     d.u.i.k.j.JavaProgramElement Program match failed (pattern false;, source _x < _z;) 
23493      DEBUG Test worker     d.u.i.k.j.JavaProgramElement Program match failed (pattern false;, source _x) 
23493      DEBUG Test worker     d.u.i.k.j.JavaProgramElement Program match failed (pattern true;, source _x) 
23493      DEBUG Test worker     d.u.i.k.j.JavaProgramElement Program match failed (pattern false;, source _x) 
23493      DEBUG Test worker     d.u.i.k.j.JavaProgramElement Program match failed (pattern true;, source _x) 
23493      DEBUG Test worker     d.u.i.k.j.JavaProgramElement Program match failed (pattern true;, source _x) 
23493      DEBUG Test worker     d.u.i.k.j.JavaProgramElement Program match failed (pattern false;, source _x) 
23493      DEBUG Test worker     d.u.i.k.j.JavaProgramElement Program match failed (pattern true;, source _x) 
23493      DEBUG Test worker     d.u.i.k.j.JavaProgramElement Program match failed (pattern false;, source _x) 
23540      DEBUG Test worker     d.u.i.k.j.JavaProgramElement Program match failed (pattern false;, source _x) 
23540      DEBUG Test worker     d.u.i.k.j.JavaProgramElement Program match failed (pattern true;, source _x) 
23540      DEBUG Test worker     d.u.i.k.j.JavaProgramElement Program match failed (pattern false;, source _x) 
23540      DEBUG Test worker     d.u.i.k.j.JavaProgramElement Program match failed (pattern true;, source _x) 
23540      DEBUG Test worker     d.u.i.k.j.JavaProgramElement Program match failed (pattern true;, source _x) 
23540      DEBUG Test worker     d.u.i.k.j.JavaProgramElement Program match failed (pattern false;, source _x) 
23540      DEBUG Test worker     d.u.i.k.j.JavaProgramElement Program match failed (pattern true;, source _x) 
23540      DEBUG Test worker     d.u.i.k.j.JavaProgramElement Program match failed (pattern false;, source _x) 
23556      DEBUG Test worker     d.u.i.k.j.JavaProgramElement Program match failed (pattern true;, source mid + 1;) 
23556      DEBUG Test worker     d.u.i.k.j.JavaProgramElement Program match failed (pattern false;, source mid + 1;) 
23556      DEBUG Test worker     d.u.i.k.j.JavaProgramElement Program match failed (pattern true;, source mid + 1;) 
23681      DEBUG Test worker     d.u.i.k.j.JavaProgramElement Program match failed (pattern false;, source mid + 1;) 
23900      DEBUG Test worker     d.u.i.k.j.JavaProgramElement Program match failed (pattern true;, source i) 
23900      DEBUG Test worker     d.u.i.k.j.JavaProgramElement Program match failed (pattern false;, source i) 
23900      DEBUG Test worker     d.u.i.k.j.JavaProgramElement Program match failed (pattern true;, source i) 
23900      DEBUG Test worker     d.u.i.k.j.JavaProgramElement Program match failed (pattern false;, source i) 
23916      DEBUG Test worker     d.u.i.k.j.JavaProgramElement Program match failed (pattern false;, source _y) 
23916      DEBUG Test worker     d.u.i.k.j.JavaProgramElement Program match failed (pattern true;, source _y) 
23916      DEBUG Test worker     d.u.i.k.j.JavaProgramElement Program match failed (pattern false;, source _y) 
23916      DEBUG Test worker     d.u.i.k.j.JavaProgramElement Program match failed (pattern true;, source _y) 
23916      DEBUG Test worker     d.u.i.k.j.JavaProgramElement Program match failed (pattern true;, source _y) 
23916      DEBUG Test worker     d.u.i.k.j.JavaProgramElement Program match failed (pattern false;, source _y) 
23916      DEBUG Test worker     d.u.i.k.j.JavaProgramElement Program match failed (pattern true;, source _y) 
23916      DEBUG Test worker     d.u.i.k.j.JavaProgramElement Program match failed (pattern false;, source _y) 
23931      DEBUG Test worker     d.u.i.k.j.JavaProgramElement Program match failed (pattern true;, source mid + 1;) 
23931      DEBUG Test worker     d.u.i.k.j.JavaProgramElement Program match failed (pattern false;, source mid + 1;) 
23931      DEBUG Test worker     d.u.i.k.j.JavaProgramElement Program match failed (pattern true;, source mid + 1;) 
23931      DEBUG Test worker     d.u.i.k.j.JavaProgramElement Program match failed (pattern false;, source mid + 1;) 
23947      DEBUG Test worker     d.u.i.k.j.JavaProgramElement Program match failed (pattern true;, source i) 
23947      DEBUG Test worker     d.u.i.k.j.JavaProgramElement Program match failed (pattern false;, source i) 
23947      DEBUG Test worker     d.u.i.k.j.JavaProgramElement Program match failed (pattern true;, source i) 
23947      DEBUG Test worker     d.u.i.k.j.JavaProgramElement Program match failed (pattern false;, source i) 
]]></system-out>
  <system-err><![CDATA[]]></system-err>
</testsuite>
