<?xml version="1.0" encoding="UTF-8"?>
<testsuite name="de.uka.ilkd.key.parser.TestTermParser" tests="47" skipped="4" failures="0" errors="0" timestamp="2023-04-15T11:09:27" hostname="fv-az269-753" time="3.309">
  <properties/>
  <testcase name="testNotEqual()" classname="de.uka.ilkd.key.parser.TestTermParser" time="0.002"/>
  <testcase name="testProgramVariables()" classname="de.uka.ilkd.key.parser.TestTermParser" time="0.049"/>
  <testcase name="testAttributeWithSpecifiedSortOnObject()" classname="de.uka.ilkd.key.parser.TestTermParser" time="0.015"/>
  <testcase name="testCast()" classname="de.uka.ilkd.key.parser.TestTermParser" time="0.001"/>
  <testcase name="testJavaQueryAndAttribute_all()" classname="de.uka.ilkd.key.parser.TestTermParser" time="0.0">
    <skipped/>
  </testcase>
  <testcase name="test10()" classname="de.uka.ilkd.key.parser.TestTermParser" time="0.005"/>
  <testcase name="test11()" classname="de.uka.ilkd.key.parser.TestTermParser" time="0.006"/>
  <testcase name="test12()" classname="de.uka.ilkd.key.parser.TestTermParser" time="0.001">
    <skipped/>
  </testcase>
  <testcase name="test13()" classname="de.uka.ilkd.key.parser.TestTermParser" time="0.008"/>
  <testcase name="test14()" classname="de.uka.ilkd.key.parser.TestTermParser" time="0.004"/>
  <testcase name="test1a()" classname="de.uka.ilkd.key.parser.TestTermParser" time="0.004"/>
  <testcase name="testJavaAttributeAccess_4()" classname="de.uka.ilkd.key.parser.TestTermParser" time="0.004"/>
  <testcase name="testAttributeOnObject()" classname="de.uka.ilkd.key.parser.TestTermParser" time="0.004"/>
  <testcase name="testNegativeLiteralParsing1()" classname="de.uka.ilkd.key.parser.TestTermParser" time="0.002"/>
  <testcase name="testNegativeLiteralParsing2()" classname="de.uka.ilkd.key.parser.TestTermParser" time="0.001"/>
  <testcase name="testNegativeLiteralParsing3()" classname="de.uka.ilkd.key.parser.TestTermParser" time="0.002"/>
  <testcase name="xtestParsingArrayWithSpaces()" classname="de.uka.ilkd.key.parser.TestTermParser" time="0.0">
    <skipped/>
  </testcase>
  <testcase name="testAmbigiousFuncVarPred()" classname="de.uka.ilkd.key.parser.TestTermParser" time="0.001"/>
  <testcase name="test1()" classname="de.uka.ilkd.key.parser.TestTermParser" time="0.003"/>
  <testcase name="test2()" classname="de.uka.ilkd.key.parser.TestTermParser" time="0.002"/>
  <testcase name="test3()" classname="de.uka.ilkd.key.parser.TestTermParser" time="0.003"/>
  <testcase name="test5()" classname="de.uka.ilkd.key.parser.TestTermParser" time="0.003"/>
  <testcase name="test6()" classname="de.uka.ilkd.key.parser.TestTermParser" time="0.004"/>
  <testcase name="test7()" classname="de.uka.ilkd.key.parser.TestTermParser" time="0.002"/>
  <testcase name="test8()" classname="de.uka.ilkd.key.parser.TestTermParser" time="0.002"/>
  <testcase name="test9()" classname="de.uka.ilkd.key.parser.TestTermParser" time="0.002"/>
  <testcase name="testBindingUpdateTerm()" classname="de.uka.ilkd.key.parser.TestTermParser" time="0.003"/>
  <testcase name="testJavaStaticQuery()" classname="de.uka.ilkd.key.parser.TestTermParser" time="0.003"/>
  <testcase name="testInfix1()" classname="de.uka.ilkd.key.parser.TestTermParser" time="0.002"/>
  <testcase name="testInfix2()" classname="de.uka.ilkd.key.parser.TestTermParser" time="0.005"/>
  <testcase name="testInfix3()" classname="de.uka.ilkd.key.parser.TestTermParser" time="0.003"/>
  <testcase name="testInfix4()" classname="de.uka.ilkd.key.parser.TestTermParser" time="0.002"/>
  <testcase name="testIfThenElse()" classname="de.uka.ilkd.key.parser.TestTermParser" time="0.003"/>
  <testcase name="testJavaAttributeAccessBoth_1()" classname="de.uka.ilkd.key.parser.TestTermParser" time="0.004"/>
  <testcase name="testJavaAttributeAccessBoth_2()" classname="de.uka.ilkd.key.parser.TestTermParser" time="0.004"/>
  <testcase name="testJavaAttributeAccessBoth_3()" classname="de.uka.ilkd.key.parser.TestTermParser" time="0.004"/>
  <testcase name="testBindingUpdateTerm_1()" classname="de.uka.ilkd.key.parser.TestTermParser" time="0.002"/>
  <testcase name="testBindingUpdateTerm_3()" classname="de.uka.ilkd.key.parser.TestTermParser" time="0.005"/>
  <testcase name="testBindingUpdateTerm_4()" classname="de.uka.ilkd.key.parser.TestTermParser" time="0.002"/>
  <testcase name="testBindingUpdateTerm_5()" classname="de.uka.ilkd.key.parser.TestTermParser" time="0.003"/>
  <testcase name="testBindingUpdateTerm_6()" classname="de.uka.ilkd.key.parser.TestTermParser" time="0.004"/>
  <testcase name="testBindingUpdateTerm_7()" classname="de.uka.ilkd.key.parser.TestTermParser" time="0.003"/>
  <testcase name="testBindingUpdateTerm_8()" classname="de.uka.ilkd.key.parser.TestTermParser" time="0.004"/>
  <testcase name="testParsingArray()" classname="de.uka.ilkd.key.parser.TestTermParser" time="0.004"/>
  <testcase name="xtestBindingUpdateTermOldBindingAlternative()" classname="de.uka.ilkd.key.parser.TestTermParser" time="0.0">
    <skipped/>
  </testcase>
  <testcase name="testJavaStaticQueryWithParameter()" classname="de.uka.ilkd.key.parser.TestTermParser" time="0.057"/>
  <testcase name="testParsingArrayCombination()" classname="de.uka.ilkd.key.parser.TestTermParser" time="0.007"/>
  <system-out><![CDATA[291805     INFO  Test worker     d.u.i.k.n.KeyIO           Parsing took 16 ms 
291805     INFO  Test worker     d.u.i.k.n.KeyIO           MODE: declarations took 0 ms 
291805     WARN  Test worker     d.u.i.k.j.r.KeYCrossReferenceNameInfo Datatype T declared twice: Once in UNKNOWN:unknown and once in UNKNOWN:unknown, Keeping one from UNKNOWN:unknown 
291867     INFO  Test worker     d.u.i.k.n.KeyIO           Parsing took 0 ms 
291867     INFO  Test worker     d.u.i.k.n.KeyIO           MODE: declarations took 0 ms 
291915     WARN  Test worker     d.u.i.k.j.r.KeYCrossReferenceNameInfo Datatype T declared twice: Once in UNKNOWN:unknown and once in UNKNOWN:unknown, Keeping one from UNKNOWN:unknown 
291977     INFO  Test worker     d.u.i.k.n.KeyIO           Parsing took 0 ms 
291977     INFO  Test worker     d.u.i.k.n.KeyIO           MODE: declarations took 0 ms 
291993     WARN  Test worker     d.u.i.k.j.r.KeYCrossReferenceNameInfo Datatype T declared twice: Once in UNKNOWN:unknown and once in UNKNOWN:unknown, Keeping one from UNKNOWN:unknown 
292055     INFO  Test worker     d.u.i.k.n.KeyIO           Parsing took 0 ms 
292055     INFO  Test worker     d.u.i.k.n.KeyIO           MODE: declarations took 0 ms 
292055     WARN  Test worker     d.u.i.k.j.r.KeYCrossReferenceNameInfo Datatype T declared twice: Once in UNKNOWN:unknown and once in UNKNOWN:unknown, Keeping one from UNKNOWN:unknown 
292118     WARN  Test worker     d.u.i.k.j.r.KeYCrossReferenceNameInfo Datatype T declared twice: Once in UNKNOWN:unknown and once in UNKNOWN:unknown, Keeping one from UNKNOWN:unknown 
292180     INFO  Test worker     d.u.i.k.n.KeyIO           Parsing took 0 ms 
292180     INFO  Test worker     d.u.i.k.n.KeyIO           MODE: declarations took 0 ms 
292180     INFO  Test worker     d.u.i.k.p.TestTermParser  Out: \<{
  int x = 1;
  {
    int s = 2;
  }
}\> (equals(x,x)) 
292180     WARN  Test worker     d.u.i.k.j.r.KeYCrossReferenceNameInfo Datatype T declared twice: Once in UNKNOWN:unknown and once in UNKNOWN:unknown, Keeping one from UNKNOWN:unknown 
292243     INFO  Test worker     d.u.i.k.n.KeyIO           Parsing took 0 ms 
292243     INFO  Test worker     d.u.i.k.n.KeyIO           MODE: declarations took 0 ms 
292243     INFO  Test worker     d.u.i.k.p.TestTermParser  Out: \[{
  int x = 2;
  {
    String s = ""}";
  }
}\] (true) 
292243     WARN  Test worker     d.u.i.k.j.r.KeYCrossReferenceNameInfo Datatype T declared twice: Once in UNKNOWN:unknown and once in UNKNOWN:unknown, Keeping one from UNKNOWN:unknown 
292384     WARN  Test worker     d.u.i.k.j.r.KeYCrossReferenceNameInfo Datatype T declared twice: Once in UNKNOWN:unknown and once in UNKNOWN:unknown, Keeping one from UNKNOWN:unknown 
292446     INFO  Test worker     d.u.i.k.n.KeyIO           Parsing took 0 ms 
292446     INFO  Test worker     d.u.i.k.n.KeyIO           MODE: declarations took 0 ms 
292462     WARN  Test worker     d.u.i.k.j.r.KeYCrossReferenceNameInfo Datatype T declared twice: Once in UNKNOWN:unknown and once in UNKNOWN:unknown, Keeping one from UNKNOWN:unknown 
292524     INFO  Test worker     d.u.i.k.n.KeyIO           Parsing took 0 ms 
292524     INFO  Test worker     d.u.i.k.n.KeyIO           MODE: declarations took 0 ms 
292524     INFO  Test worker     d.u.i.k.p.TestTermParser  Out: \<{
  int[] i;
}\> (diamond(true)) 
292524     WARN  Test worker     d.u.i.k.j.r.KeYCrossReferenceNameInfo Datatype T declared twice: Once in UNKNOWN:unknown and once in UNKNOWN:unknown, Keeping one from UNKNOWN:unknown 
292587     INFO  Test worker     d.u.i.k.n.KeyIO           Parsing took 0 ms 
292587     INFO  Test worker     d.u.i.k.n.KeyIO           MODE: declarations took 0 ms 
292602     WARN  Test worker     d.u.i.k.j.r.KeYCrossReferenceNameInfo Datatype T declared twice: Once in UNKNOWN:unknown and once in UNKNOWN:unknown, Keeping one from UNKNOWN:unknown 
292665     INFO  Test worker     d.u.i.k.n.KeyIO           Parsing took 0 ms 
292665     INFO  Test worker     d.u.i.k.n.KeyIO           MODE: declarations took 0 ms 
292665     WARN  Test worker     d.u.i.k.j.r.KeYCrossReferenceNameInfo Datatype T declared twice: Once in UNKNOWN:unknown and once in UNKNOWN:unknown, Keeping one from UNKNOWN:unknown 
292727     INFO  Test worker     d.u.i.k.n.KeyIO           Parsing took 0 ms 
292727     INFO  Test worker     d.u.i.k.n.KeyIO           MODE: declarations took 0 ms 
292727     WARN  Test worker     d.u.i.k.j.r.KeYCrossReferenceNameInfo Datatype T declared twice: Once in UNKNOWN:unknown and once in UNKNOWN:unknown, Keeping one from UNKNOWN:unknown 
292790     INFO  Test worker     d.u.i.k.n.KeyIO           Parsing took 0 ms 
292790     INFO  Test worker     d.u.i.k.n.KeyIO           MODE: declarations took 0 ms 
292790     WARN  Test worker     d.u.i.k.j.r.KeYCrossReferenceNameInfo Datatype T declared twice: Once in UNKNOWN:unknown and once in UNKNOWN:unknown, Keeping one from UNKNOWN:unknown 
292868     INFO  Test worker     d.u.i.k.n.KeyIO           Parsing took 0 ms 
292868     INFO  Test worker     d.u.i.k.n.KeyIO           MODE: declarations took 0 ms 
292868     WARN  Test worker     d.u.i.k.j.r.KeYCrossReferenceNameInfo Datatype T declared twice: Once in UNKNOWN:unknown and once in UNKNOWN:unknown, Keeping one from UNKNOWN:unknown 
292931     INFO  Test worker     d.u.i.k.n.KeyIO           Parsing took 0 ms 
292931     INFO  Test worker     d.u.i.k.n.KeyIO           MODE: declarations took 0 ms 
292931     WARN  Test worker     d.u.i.k.j.r.KeYCrossReferenceNameInfo Datatype T declared twice: Once in UNKNOWN:unknown and once in UNKNOWN:unknown, Keeping one from UNKNOWN:unknown 
292993     WARN  Test worker     d.u.i.k.j.r.KeYCrossReferenceNameInfo Datatype T declared twice: Once in UNKNOWN:unknown and once in UNKNOWN:unknown, Keeping one from UNKNOWN:unknown 
293056     INFO  Test worker     d.u.i.k.n.KeyIO           Parsing took 0 ms 
293056     INFO  Test worker     d.u.i.k.n.KeyIO           MODE: declarations took 0 ms 
293056     WARN  Test worker     d.u.i.k.j.r.KeYCrossReferenceNameInfo Datatype T declared twice: Once in UNKNOWN:unknown and once in UNKNOWN:unknown, Keeping one from UNKNOWN:unknown 
293118     INFO  Test worker     d.u.i.k.n.KeyIO           Parsing took 0 ms 
293134     INFO  Test worker     d.u.i.k.n.KeyIO           MODE: declarations took 16 ms 
293134     WARN  Test worker     d.u.i.k.j.r.KeYCrossReferenceNameInfo Datatype T declared twice: Once in UNKNOWN:unknown and once in UNKNOWN:unknown, Keeping one from UNKNOWN:unknown 
293197     INFO  Test worker     d.u.i.k.n.KeyIO           Parsing took 0 ms 
293197     INFO  Test worker     d.u.i.k.n.KeyIO           MODE: declarations took 0 ms 
293197     WARN  Test worker     d.u.i.k.j.r.KeYCrossReferenceNameInfo Datatype T declared twice: Once in UNKNOWN:unknown and once in UNKNOWN:unknown, Keeping one from UNKNOWN:unknown 
293259     INFO  Test worker     d.u.i.k.n.KeyIO           Parsing took 0 ms 
293259     INFO  Test worker     d.u.i.k.n.KeyIO           MODE: declarations took 0 ms 
293259     WARN  Test worker     d.u.i.k.j.r.KeYCrossReferenceNameInfo Datatype T declared twice: Once in UNKNOWN:unknown and once in UNKNOWN:unknown, Keeping one from UNKNOWN:unknown 
293322     INFO  Test worker     d.u.i.k.n.KeyIO           Parsing took 0 ms 
293322     INFO  Test worker     d.u.i.k.n.KeyIO           MODE: declarations took 0 ms 
293322     WARN  Test worker     d.u.i.k.j.r.KeYCrossReferenceNameInfo Datatype T declared twice: Once in UNKNOWN:unknown and once in UNKNOWN:unknown, Keeping one from UNKNOWN:unknown 
293384     INFO  Test worker     d.u.i.k.n.KeyIO           Parsing took 0 ms 
293384     INFO  Test worker     d.u.i.k.n.KeyIO           MODE: declarations took 0 ms 
293400     WARN  Test worker     d.u.i.k.j.r.KeYCrossReferenceNameInfo Datatype T declared twice: Once in UNKNOWN:unknown and once in UNKNOWN:unknown, Keeping one from UNKNOWN:unknown 
293462     INFO  Test worker     d.u.i.k.n.KeyIO           Parsing took 0 ms 
293462     INFO  Test worker     d.u.i.k.n.KeyIO           MODE: declarations took 0 ms 
293462     WARN  Test worker     d.u.i.k.j.r.KeYCrossReferenceNameInfo Datatype T declared twice: Once in UNKNOWN:unknown and once in UNKNOWN:unknown, Keeping one from UNKNOWN:unknown 
293525     INFO  Test worker     d.u.i.k.n.KeyIO           Parsing took 0 ms 
293525     INFO  Test worker     d.u.i.k.n.KeyIO           MODE: declarations took 0 ms 
293525     WARN  Test worker     d.u.i.k.j.r.KeYCrossReferenceNameInfo Datatype T declared twice: Once in UNKNOWN:unknown and once in UNKNOWN:unknown, Keeping one from UNKNOWN:unknown 
293587     INFO  Test worker     d.u.i.k.n.KeyIO           Parsing took 0 ms 
293587     INFO  Test worker     d.u.i.k.n.KeyIO           MODE: declarations took 0 ms 
293587     WARN  Test worker     d.u.i.k.j.r.KeYCrossReferenceNameInfo Datatype T declared twice: Once in UNKNOWN:unknown and once in UNKNOWN:unknown, Keeping one from UNKNOWN:unknown 
293650     INFO  Test worker     d.u.i.k.n.KeyIO           Parsing took 0 ms 
293650     INFO  Test worker     d.u.i.k.n.KeyIO           MODE: declarations took 0 ms 
293665     WARN  Test worker     d.u.i.k.j.r.KeYCrossReferenceNameInfo Datatype T declared twice: Once in UNKNOWN:unknown and once in UNKNOWN:unknown, Keeping one from UNKNOWN:unknown 
293728     INFO  Test worker     d.u.i.k.n.KeyIO           Parsing took 0 ms 
293728     INFO  Test worker     d.u.i.k.n.KeyIO           MODE: declarations took 0 ms 
293728     WARN  Test worker     d.u.i.k.j.r.KeYCrossReferenceNameInfo Datatype T declared twice: Once in UNKNOWN:unknown and once in UNKNOWN:unknown, Keeping one from UNKNOWN:unknown 
293791     INFO  Test worker     d.u.i.k.n.KeyIO           Parsing took 0 ms 
293791     INFO  Test worker     d.u.i.k.n.KeyIO           MODE: declarations took 0 ms 
293807     WARN  Test worker     d.u.i.k.j.r.KeYCrossReferenceNameInfo Datatype T declared twice: Once in UNKNOWN:unknown and once in UNKNOWN:unknown, Keeping one from UNKNOWN:unknown 
293869     INFO  Test worker     d.u.i.k.n.KeyIO           Parsing took 0 ms 
293869     INFO  Test worker     d.u.i.k.n.KeyIO           MODE: declarations took 0 ms 
293916     WARN  Test worker     d.u.i.k.j.r.KeYCrossReferenceNameInfo Datatype T declared twice: Once in UNKNOWN:unknown and once in UNKNOWN:unknown, Keeping one from UNKNOWN:unknown 
293979     INFO  Test worker     d.u.i.k.n.KeyIO           Parsing took 0 ms 
293979     INFO  Test worker     d.u.i.k.n.KeyIO           MODE: declarations took 0 ms 
293979     WARN  Test worker     d.u.i.k.j.r.KeYCrossReferenceNameInfo Datatype T declared twice: Once in UNKNOWN:unknown and once in UNKNOWN:unknown, Keeping one from UNKNOWN:unknown 
294041     INFO  Test worker     d.u.i.k.n.KeyIO           Parsing took 0 ms 
294041     INFO  Test worker     d.u.i.k.n.KeyIO           MODE: declarations took 0 ms 
294041     WARN  Test worker     d.u.i.k.j.r.KeYCrossReferenceNameInfo Datatype T declared twice: Once in UNKNOWN:unknown and once in UNKNOWN:unknown, Keeping one from UNKNOWN:unknown 
294104     INFO  Test worker     d.u.i.k.n.KeyIO           Parsing took 0 ms 
294104     INFO  Test worker     d.u.i.k.n.KeyIO           MODE: declarations took 0 ms 
294104     WARN  Test worker     d.u.i.k.j.r.KeYCrossReferenceNameInfo Datatype T declared twice: Once in UNKNOWN:unknown and once in UNKNOWN:unknown, Keeping one from UNKNOWN:unknown 
294182     INFO  Test worker     d.u.i.k.n.KeyIO           Parsing took 0 ms 
294182     INFO  Test worker     d.u.i.k.n.KeyIO           MODE: declarations took 0 ms 
294182     WARN  Test worker     d.u.i.k.j.r.KeYCrossReferenceNameInfo Datatype T declared twice: Once in UNKNOWN:unknown and once in UNKNOWN:unknown, Keeping one from UNKNOWN:unknown 
294244     INFO  Test worker     d.u.i.k.n.KeyIO           Parsing took 0 ms 
294244     INFO  Test worker     d.u.i.k.n.KeyIO           MODE: declarations took 0 ms 
294260     WARN  Test worker     d.u.i.k.j.r.KeYCrossReferenceNameInfo Datatype T declared twice: Once in UNKNOWN:unknown and once in UNKNOWN:unknown, Keeping one from UNKNOWN:unknown 
294322     INFO  Test worker     d.u.i.k.n.KeyIO           Parsing took 0 ms 
294322     INFO  Test worker     d.u.i.k.n.KeyIO           MODE: declarations took 0 ms 
294322     WARN  Test worker     d.u.i.k.j.r.KeYCrossReferenceNameInfo Datatype T declared twice: Once in UNKNOWN:unknown and once in UNKNOWN:unknown, Keeping one from UNKNOWN:unknown 
294385     INFO  Test worker     d.u.i.k.n.KeyIO           Parsing took 0 ms 
294385     INFO  Test worker     d.u.i.k.n.KeyIO           MODE: declarations took 0 ms 
294385     WARN  Test worker     d.u.i.k.j.r.KeYCrossReferenceNameInfo Datatype T declared twice: Once in UNKNOWN:unknown and once in UNKNOWN:unknown, Keeping one from UNKNOWN:unknown 
294448     INFO  Test worker     d.u.i.k.n.KeyIO           Parsing took 0 ms 
294448     INFO  Test worker     d.u.i.k.n.KeyIO           MODE: declarations took 0 ms 
294448     WARN  Test worker     d.u.i.k.j.r.KeYCrossReferenceNameInfo Datatype T declared twice: Once in UNKNOWN:unknown and once in UNKNOWN:unknown, Keeping one from UNKNOWN:unknown 
294510     INFO  Test worker     d.u.i.k.n.KeyIO           Parsing took 0 ms 
294510     INFO  Test worker     d.u.i.k.n.KeyIO           MODE: declarations took 0 ms 
294526     WARN  Test worker     d.u.i.k.j.r.KeYCrossReferenceNameInfo Datatype T declared twice: Once in UNKNOWN:unknown and once in UNKNOWN:unknown, Keeping one from UNKNOWN:unknown 
294588     INFO  Test worker     d.u.i.k.n.KeyIO           Parsing took 0 ms 
294588     INFO  Test worker     d.u.i.k.n.KeyIO           MODE: declarations took 0 ms 
294588     WARN  Test worker     d.u.i.k.j.r.KeYCrossReferenceNameInfo Datatype T declared twice: Once in UNKNOWN:unknown and once in UNKNOWN:unknown, Keeping one from UNKNOWN:unknown 
294651     INFO  Test worker     d.u.i.k.n.KeyIO           Parsing took 0 ms 
294651     INFO  Test worker     d.u.i.k.n.KeyIO           MODE: declarations took 0 ms 
294651     WARN  Test worker     d.u.i.k.j.r.KeYCrossReferenceNameInfo Datatype T declared twice: Once in UNKNOWN:unknown and once in UNKNOWN:unknown, Keeping one from UNKNOWN:unknown 
294729     INFO  Test worker     d.u.i.k.n.KeyIO           Parsing took 16 ms 
294729     INFO  Test worker     d.u.i.k.n.KeyIO           MODE: declarations took 0 ms 
294729     WARN  Test worker     d.u.i.k.j.r.KeYCrossReferenceNameInfo Datatype T declared twice: Once in UNKNOWN:unknown and once in UNKNOWN:unknown, Keeping one from UNKNOWN:unknown 
294792     INFO  Test worker     d.u.i.k.n.KeyIO           Parsing took 0 ms 
294792     INFO  Test worker     d.u.i.k.n.KeyIO           MODE: declarations took 0 ms 
294792     WARN  Test worker     d.u.i.k.j.r.KeYCrossReferenceNameInfo Datatype T declared twice: Once in UNKNOWN:unknown and once in UNKNOWN:unknown, Keeping one from UNKNOWN:unknown 
294854     INFO  Test worker     d.u.i.k.n.KeyIO           Parsing took 0 ms 
294854     INFO  Test worker     d.u.i.k.n.KeyIO           MODE: declarations took 0 ms 
294854     WARN  Test worker     d.u.i.k.j.r.KeYCrossReferenceNameInfo Datatype T declared twice: Once in UNKNOWN:unknown and once in UNKNOWN:unknown, Keeping one from UNKNOWN:unknown 
294917     WARN  Test worker     d.u.i.k.j.r.KeYCrossReferenceNameInfo Datatype T declared twice: Once in UNKNOWN:unknown and once in UNKNOWN:unknown, Keeping one from UNKNOWN:unknown 
294980     INFO  Test worker     d.u.i.k.n.KeyIO           Parsing took 0 ms 
294980     INFO  Test worker     d.u.i.k.n.KeyIO           MODE: declarations took 0 ms 
295042     WARN  Test worker     d.u.i.k.j.r.KeYCrossReferenceNameInfo Datatype T declared twice: Once in UNKNOWN:unknown and once in UNKNOWN:unknown, Keeping one from UNKNOWN:unknown 
295105     INFO  Test worker     d.u.i.k.n.KeyIO           Parsing took 0 ms 
295105     INFO  Test worker     d.u.i.k.n.KeyIO           MODE: declarations took 0 ms 
]]></system-out>
  <system-err><![CDATA[]]></system-err>
</testsuite>
