<?xml version="1.0" encoding="UTF-8"?>
<testsuite name="de.uka.ilkd.key.testcase.smt.ce.TestCE" tests="12" skipped="0" failures="0" errors="0" timestamp="2023-04-17T19:28:41" hostname="fv-az572-738" time="13.963">
  <properties/>
  <testcase name="testOverFlow1()" classname="de.uka.ilkd.key.testcase.smt.ce.TestCE" time="0.066"/>
  <testcase name="testOverFlow2()" classname="de.uka.ilkd.key.testcase.smt.ce.TestCE" time="0.002"/>
  <testcase name="testMiddle()" classname="de.uka.ilkd.key.testcase.smt.ce.TestCE" time="13.877"/>
  <testcase name="testTypes1()" classname="de.uka.ilkd.key.testcase.smt.ce.TestCE" time="0.001"/>
  <testcase name="testTypes2()" classname="de.uka.ilkd.key.testcase.smt.ce.TestCE" time="0.0"/>
  <testcase name="testTypes3()" classname="de.uka.ilkd.key.testcase.smt.ce.TestCE" time="0.001"/>
  <testcase name="testTypes4()" classname="de.uka.ilkd.key.testcase.smt.ce.TestCE" time="0.001"/>
  <testcase name="testTypes5()" classname="de.uka.ilkd.key.testcase.smt.ce.TestCE" time="0.001"/>
  <testcase name="testTypes6()" classname="de.uka.ilkd.key.testcase.smt.ce.TestCE" time="0.0"/>
  <testcase name="testTypes7()" classname="de.uka.ilkd.key.testcase.smt.ce.TestCE" time="0.001"/>
  <testcase name="testTypes8()" classname="de.uka.ilkd.key.testcase.smt.ce.TestCE" time="0.0"/>
  <testcase name="testTypes9()" classname="de.uka.ilkd.key.testcase.smt.ce.TestCE" time="0.001"/>
  <system-out><![CDATA[19:28:40,943 |-INFO in ch.qos.logback.classic.LoggerContext[default] - This is logback-classic version 1.4.6
19:28:40,964 |-INFO in ch.qos.logback.classic.LoggerContext[default] - Could NOT find resource [logback-test.xml]
19:28:40,968 |-INFO in ch.qos.logback.classic.LoggerContext[default] - Found resource [logback.xml] at [file:/home/runner/work/key/key/key.core.testgen/build/resources/test/logback.xml]
19:28:41,064 |-INFO in ch.qos.logback.core.model.processor.AppenderModelHandler - Processing appender named [STDOUT]
19:28:41,064 |-INFO in ch.qos.logback.core.model.processor.AppenderModelHandler - About to instantiate appender of type [ch.qos.logback.core.ConsoleAppender]
19:28:41,070 |-WARN in ch.qos.logback.core.model.processor.ImplicitModelHandler - Ignoring unknown property [file] in [ch.qos.logback.core.ConsoleAppender]
19:28:41,070 |-WARN in ch.qos.logback.core.model.processor.ImplicitModelHandler - Ignoring unknown property [append] in [ch.qos.logback.core.ConsoleAppender]
19:28:41,071 |-INFO in ch.qos.logback.core.model.processor.ImplicitModelHandler - Assuming default type [ch.qos.logback.classic.encoder.PatternLayoutEncoder] for [encoder] property
19:28:41,088 |-INFO in ch.qos.logback.classic.model.processor.RootLoggerModelHandler - Setting level of ROOT logger to DEBUG
19:28:41,089 |-INFO in ch.qos.logback.core.model.processor.AppenderRefModelHandler - Attaching appender named [STDOUT] to Logger[ROOT]
19:28:41,089 |-INFO in ch.qos.logback.core.model.processor.DefaultProcessor@61f05988 - End of configuration.
19:28:41,090 |-INFO in ch.qos.logback.classic.joran.JoranConfigurator@7ca33c24 - Registering current configuration as safe fallback point

286        WARN  Test worker     d.u.i.k.t.s.c.TestCE      Warning: Z3_CE is not installed, tests skipped. 
289        WARN  Test worker     d.u.i.k.t.s.c.TestCE      Maybe use JVM system property "z3SolverPath" to define the path to the Z3 command. 
331        WARN  Test worker     d.u.i.k.s.ProofIndependentSettings The settings in /home/runner/.key/proofIndependentSettings.props are *not* read due to flag 'key.disregardSettings' 
354        DEBUG Test worker     d.u.i.k.p.i.KeYFile       Reading KeY file src/test/resources/testcase/smt/ce/middle.key 
644        WARN  Test worker     d.u.i.k.s.ProofSettings   The settings in /home/runner/.key/proof-settings.props are *not* read. 
645        DEBUG Test worker     d.u.i.k.p.i.KeYFile       Reading KeY file jar:file:/home/runner/work/key/key/key.core/build/libs/key.core-2.11.0.jar!/de/uka/ilkd/key/proof/rules/standardRules.key 
809        DEBUG Test worker     d.u.i.k.p.i.KeYFile       Reading KeY file jar:file:/home/runner/work/key/key/key.core/build/libs/key.core-2.11.0.jar!/de/uka/ilkd/key/proof/rules/ldt.key 
823        DEBUG Test worker     d.u.i.k.p.i.KeYFile       Reading KeY file jar:file:/home/runner/work/key/key/key.core/build/libs/key.core-2.11.0.jar!/de/uka/ilkd/key/proof/rules/boolean.key 
837        DEBUG Test worker     d.u.i.k.p.i.KeYFile       Reading KeY file jar:file:/home/runner/work/key/key/key.core/build/libs/key.core-2.11.0.jar!/de/uka/ilkd/key/proof/rules/ruleSetsDeclarations.key 
876        DEBUG Test worker     d.u.i.k.p.i.KeYFile       Reading KeY file jar:file:/home/runner/work/key/key/key.core/build/libs/key.core-2.11.0.jar!/de/uka/ilkd/key/proof/rules/integerHeader.key 
884        DEBUG Test worker     d.u.i.k.p.i.KeYFile       Reading KeY file jar:file:/home/runner/work/key/key/key.core/build/libs/key.core-2.11.0.jar!/de/uka/ilkd/key/proof/rules/floatHeader.key 
887        DEBUG Test worker     d.u.i.k.p.i.KeYFile       Reading KeY file jar:file:/home/runner/work/key/key/key.core/build/libs/key.core-2.11.0.jar!/de/uka/ilkd/key/proof/rules/heap.key 
891        DEBUG Test worker     d.u.i.k.p.i.KeYFile       Reading KeY file jar:file:/home/runner/work/key/key/key.core/build/libs/key.core-2.11.0.jar!/de/uka/ilkd/key/proof/rules/locSets.key 
892        DEBUG Test worker     d.u.i.k.p.i.KeYFile       Reading KeY file jar:file:/home/runner/work/key/key/key.core/build/libs/key.core-2.11.0.jar!/de/uka/ilkd/key/proof/rules/permission.key 
894        DEBUG Test worker     d.u.i.k.p.i.KeYFile       Reading KeY file jar:file:/home/runner/work/key/key/key.core/build/libs/key.core-2.11.0.jar!/de/uka/ilkd/key/proof/rules/reach.key 
894        DEBUG Test worker     d.u.i.k.p.i.KeYFile       Reading KeY file jar:file:/home/runner/work/key/key/key.core/build/libs/key.core-2.11.0.jar!/de/uka/ilkd/key/proof/rules/seq.key 
896        DEBUG Test worker     d.u.i.k.p.i.KeYFile       Reading KeY file jar:file:/home/runner/work/key/key/key.core/build/libs/key.core-2.11.0.jar!/de/uka/ilkd/key/proof/rules/map.key 
952        DEBUG Test worker     d.u.i.k.p.i.KeYFile       Reading KeY file jar:file:/home/runner/work/key/key/key.core/build/libs/key.core-2.11.0.jar!/de/uka/ilkd/key/proof/rules/freeADT.key 
953        DEBUG Test worker     d.u.i.k.p.i.KeYFile       Reading KeY file jar:file:/home/runner/work/key/key/key.core/build/libs/key.core-2.11.0.jar!/de/uka/ilkd/key/proof/rules/wellfound.key 
954        DEBUG Test worker     d.u.i.k.p.i.KeYFile       Reading KeY file jar:file:/home/runner/work/key/key/key.core/build/libs/key.core-2.11.0.jar!/de/uka/ilkd/key/proof/rules/charListHeader.key 
1154       DEBUG Test worker     d.u.i.k.p.i.KeYFile       Reading KeY file jar:file:/home/runner/work/key/key/key.core/build/libs/key.core-2.11.0.jar!/de/uka/ilkd/key/proof/rules/propRule.key 
1231       DEBUG Test worker     d.u.i.k.p.i.KeYFile       Reading KeY file jar:file:/home/runner/work/key/key/key.core/build/libs/key.core-2.11.0.jar!/de/uka/ilkd/key/proof/rules/firstOrderRules.key 
1285       DEBUG Test worker     d.u.i.k.p.i.KeYFile       Reading KeY file jar:file:/home/runner/work/key/key/key.core/build/libs/key.core-2.11.0.jar!/de/uka/ilkd/key/proof/rules/ifThenElseRules.key 
1363       DEBUG Test worker     d.u.i.k.p.i.KeYFile       Reading KeY file jar:file:/home/runner/work/key/key/key.core/build/libs/key.core-2.11.0.jar!/de/uka/ilkd/key/proof/rules/formulaNormalisationRules.key 
1543       DEBUG Test worker     d.u.i.k.p.i.KeYFile       Reading KeY file jar:file:/home/runner/work/key/key/key.core/build/libs/key.core-2.11.0.jar!/de/uka/ilkd/key/proof/rules/updateRules.key 
1609       DEBUG Test worker     d.u.i.k.p.i.KeYFile       Reading KeY file jar:file:/home/runner/work/key/key/key.core/build/libs/key.core-2.11.0.jar!/de/uka/ilkd/key/proof/rules/integerRulesCommon.key 
1804       DEBUG Test worker     d.u.i.k.p.i.KeYFile       Reading KeY file jar:file:/home/runner/work/key/key/key.core/build/libs/key.core-2.11.0.jar!/de/uka/ilkd/key/proof/rules/intRules.key 
1830       DEBUG Test worker     d.u.i.k.p.i.KeYFile       Reading KeY file jar:file:/home/runner/work/key/key/key.core/build/libs/key.core-2.11.0.jar!/de/uka/ilkd/key/proof/rules/intRulesUncheckedSemantics.key 
1843       DEBUG Test worker     d.u.i.k.p.i.KeYFile       Reading KeY file jar:file:/home/runner/work/key/key/key.core/build/libs/key.core-2.11.0.jar!/de/uka/ilkd/key/proof/rules/intRulesCheckedSemantics.key 
1851       DEBUG Test worker     d.u.i.k.p.i.KeYFile       Reading KeY file jar:file:/home/runner/work/key/key/key.core/build/libs/key.core-2.11.0.jar!/de/uka/ilkd/key/proof/rules/intRulesJavaSemantics.key 
1868       DEBUG Test worker     d.u.i.k.p.i.KeYFile       Reading KeY file jar:file:/home/runner/work/key/key/key.core/build/libs/key.core-2.11.0.jar!/de/uka/ilkd/key/proof/rules/integerSimplificationRules.key 
2230       DEBUG Test worker     d.u.i.k.j.TypeConverter   No LDT found for Meta 
2231       DEBUG Test worker     d.u.i.k.j.TypeConverter   No LDT found for Meta 
2234       DEBUG Test worker     d.u.i.k.j.TypeConverter   No LDT found for Meta 
2235       DEBUG Test worker     d.u.i.k.j.TypeConverter   No LDT found for Meta 
2278       DEBUG Test worker     d.u.i.k.p.i.KeYFile       Reading KeY file jar:file:/home/runner/work/key/key/key.core/build/libs/key.core-2.11.0.jar!/de/uka/ilkd/key/proof/rules/intDiv.key 
2347       DEBUG Test worker     d.u.i.k.p.i.KeYFile       Reading KeY file jar:file:/home/runner/work/key/key/key.core/build/libs/key.core-2.11.0.jar!/de/uka/ilkd/key/proof/rules/bsum.key 
2549       DEBUG Test worker     d.u.i.k.p.i.KeYFile       Reading KeY file jar:file:/home/runner/work/key/key/key.core/build/libs/key.core-2.11.0.jar!/de/uka/ilkd/key/proof/rules/bprod.key 
2630       DEBUG Test worker     d.u.i.k.p.i.KeYFile       Reading KeY file jar:file:/home/runner/work/key/key/key.core/build/libs/key.core-2.11.0.jar!/de/uka/ilkd/key/proof/rules/binaryAxioms.key 
2637       DEBUG Test worker     d.u.i.k.p.i.KeYFile       Reading KeY file jar:file:/home/runner/work/key/key/key.core/build/libs/key.core-2.11.0.jar!/de/uka/ilkd/key/proof/rules/binaryLemmas.key 
2646       DEBUG Test worker     d.u.i.k.p.i.KeYFile       Reading KeY file jar:file:/home/runner/work/key/key/key.core/build/libs/key.core-2.11.0.jar!/de/uka/ilkd/key/proof/rules/intPow.key 
2698       DEBUG Test worker     d.u.i.k.p.i.KeYFile       Reading KeY file jar:file:/home/runner/work/key/key/key.core/build/libs/key.core-2.11.0.jar!/de/uka/ilkd/key/proof/rules/floatRulesCommon.key 
2733       DEBUG Test worker     d.u.i.k.p.i.KeYFile       Reading KeY file jar:file:/home/runner/work/key/key/key.core/build/libs/key.core-2.11.0.jar!/de/uka/ilkd/key/proof/rules/floatRules.key 
2735       DEBUG Test worker     d.u.i.k.p.i.KeYFile       Reading KeY file jar:file:/home/runner/work/key/key/key.core/build/libs/key.core-2.11.0.jar!/de/uka/ilkd/key/proof/rules/floatRulesVerifyNormal.key 
2736       DEBUG Test worker     d.u.i.k.p.i.KeYFile       Reading KeY file jar:file:/home/runner/work/key/key/key.core/build/libs/key.core-2.11.0.jar!/de/uka/ilkd/key/proof/rules/floatRulesAssumeStrictfp.key 
2762       DEBUG Test worker     d.u.i.k.p.i.KeYFile       Reading KeY file jar:file:/home/runner/work/key/key/key.core/build/libs/key.core-2.11.0.jar!/de/uka/ilkd/key/proof/rules/genericRules.key 
2784       DEBUG Test worker     d.u.i.k.p.i.KeYFile       Reading KeY file jar:file:/home/runner/work/key/key/key.core/build/libs/key.core-2.11.0.jar!/de/uka/ilkd/key/proof/rules/booleanRules.key 
2791       DEBUG Test worker     d.u.i.k.p.i.KeYFile       Reading KeY file jar:file:/home/runner/work/key/key/key.core/build/libs/key.core-2.11.0.jar!/de/uka/ilkd/key/proof/rules/epsilon.key 
2795       DEBUG Test worker     d.u.i.k.p.i.KeYFile       Reading KeY file jar:file:/home/runner/work/key/key/key.core/build/libs/key.core-2.11.0.jar!/de/uka/ilkd/key/proof/rules/locSetsRules.key 
2877       DEBUG Test worker     d.u.i.k.p.i.KeYFile       Reading KeY file jar:file:/home/runner/work/key/key/key.core/build/libs/key.core-2.11.0.jar!/de/uka/ilkd/key/proof/rules/heapRules.key 
2965       DEBUG Test worker     d.u.i.k.p.i.KeYFile       Reading KeY file jar:file:/home/runner/work/key/key/key.core/build/libs/key.core-2.11.0.jar!/de/uka/ilkd/key/proof/rules/permissionRules.key 
3027       DEBUG Test worker     d.u.i.k.p.i.KeYFile       Reading KeY file jar:file:/home/runner/work/key/key/key.core/build/libs/key.core-2.11.0.jar!/de/uka/ilkd/key/proof/rules/reachRules.key 
3077       DEBUG Test worker     d.u.i.k.p.i.KeYFile       Reading KeY file jar:file:/home/runner/work/key/key/key.core/build/libs/key.core-2.11.0.jar!/de/uka/ilkd/key/proof/rules/seqCoreRules.key 
3083       DEBUG Test worker     d.u.i.k.p.i.KeYFile       Reading KeY file jar:file:/home/runner/work/key/key/key.core/build/libs/key.core-2.11.0.jar!/de/uka/ilkd/key/proof/rules/seqRules.key 
3157       DEBUG Test worker     d.u.i.k.p.i.KeYFile       Reading KeY file jar:file:/home/runner/work/key/key/key.core/build/libs/key.core-2.11.0.jar!/de/uka/ilkd/key/proof/rules/seqPerm.key 
3246       DEBUG Test worker     d.u.i.k.p.i.KeYFile       Reading KeY file jar:file:/home/runner/work/key/key/key.core/build/libs/key.core-2.11.0.jar!/de/uka/ilkd/key/proof/rules/seqPerm2.key 
3257       DEBUG Test worker     d.u.i.k.p.i.KeYFile       Reading KeY file jar:file:/home/runner/work/key/key/key.core/build/libs/key.core-2.11.0.jar!/de/uka/ilkd/key/proof/rules/javaRules.key 
3445       DEBUG Test worker     d.u.i.k.p.i.KeYFile       Reading KeY file jar:file:/home/runner/work/key/key/key.core/build/libs/key.core-2.11.0.jar!/de/uka/ilkd/key/proof/rules/assertions.key 
4222       DEBUG Test worker     d.u.i.k.p.i.KeYFile       Reading KeY file jar:file:/home/runner/work/key/key/key.core/build/libs/key.core-2.11.0.jar!/de/uka/ilkd/key/proof/rules/loopRules.key 
4234       DEBUG Test worker     d.u.i.k.p.i.KeYFile       Reading KeY file jar:file:/home/runner/work/key/key/key.core/build/libs/key.core-2.11.0.jar!/de/uka/ilkd/key/proof/rules/activeUse.key 
4306       DEBUG Test worker     d.u.i.k.p.i.KeYFile       Reading KeY file jar:file:/home/runner/work/key/key/key.core/build/libs/key.core-2.11.0.jar!/de/uka/ilkd/key/proof/rules/instanceAllocation.key 
4331       DEBUG Test worker     d.u.i.k.p.i.KeYFile       Reading KeY file jar:file:/home/runner/work/key/key/key.core/build/libs/key.core-2.11.0.jar!/de/uka/ilkd/key/proof/rules/java5.key 
4335       DEBUG Test worker     d.u.i.k.p.i.KeYFile       Reading KeY file jar:file:/home/runner/work/key/key/key.core/build/libs/key.core-2.11.0.jar!/de/uka/ilkd/key/proof/rules/integerAssignment2UpdateRules.key 
4387       DEBUG Test worker     d.u.i.k.p.i.KeYFile       Reading KeY file jar:file:/home/runner/work/key/key/key.core/build/libs/key.core-2.11.0.jar!/de/uka/ilkd/key/proof/rules/floatAssignment2UpdateRules.key 
4427       DEBUG Test worker     d.u.i.k.p.i.KeYFile       Reading KeY file jar:file:/home/runner/work/key/key/key.core/build/libs/key.core-2.11.0.jar!/de/uka/ilkd/key/proof/rules/bigint.key 
4448       DEBUG Test worker     d.u.i.k.j.TypeConverter   No LDT found for JavaBigintExpression 
4452       DEBUG Test worker     d.u.i.k.p.i.KeYFile       Reading KeY file jar:file:/home/runner/work/key/key/key.core/build/libs/key.core-2.11.0.jar!/de/uka/ilkd/key/proof/rules/adtProgramDecompositionRules.key 
4514       DEBUG Test worker     d.u.i.k.p.i.KeYFile       Reading KeY file jar:file:/home/runner/work/key/key/key.core/build/libs/key.core-2.11.0.jar!/de/uka/ilkd/key/proof/rules/precRules.key 
4519       DEBUG Test worker     d.u.i.k.p.i.KeYFile       Reading KeY file jar:file:/home/runner/work/key/key/key.core/build/libs/key.core-2.11.0.jar!/de/uka/ilkd/key/proof/rules/charListRules.key 
4546       DEBUG Test worker     d.u.i.k.p.i.KeYFile       Reading KeY file jar:file:/home/runner/work/key/key/key.core/build/libs/key.core-2.11.0.jar!/de/uka/ilkd/key/proof/rules/regExTheory.key 
4549       DEBUG Test worker     d.u.i.k.p.i.KeYFile       Reading KeY file jar:file:/home/runner/work/key/key/key.core/build/libs/key.core-2.11.0.jar!/de/uka/ilkd/key/proof/rules/regExHeader.key 
4550       DEBUG Test worker     d.u.i.k.p.i.KeYFile       Reading KeY file jar:file:/home/runner/work/key/key/key.core/build/libs/key.core-2.11.0.jar!/de/uka/ilkd/key/proof/rules/regExAxioms.key 
4558       DEBUG Test worker     d.u.i.k.p.i.KeYFile       Reading KeY file jar:file:/home/runner/work/key/key/key.core/build/libs/key.core-2.11.0.jar!/de/uka/ilkd/key/proof/rules/regExLemmaProven.key 
4568       DEBUG Test worker     d.u.i.k.p.i.KeYFile       Reading KeY file jar:file:/home/runner/work/key/key/key.core/build/libs/key.core-2.11.0.jar!/de/uka/ilkd/key/proof/rules/seqEq.key 
4583       DEBUG Test worker     d.u.i.k.p.i.KeYFile       Reading KeY file jar:file:/home/runner/work/key/key/key.core/build/libs/key.core-2.11.0.jar!/de/uka/ilkd/key/proof/rules/infFlow.key 
4593       DEBUG Test worker     d.u.i.k.p.i.KeYFile       Reading KeY file jar:file:/home/runner/work/key/key/key.core/build/libs/key.core-2.11.0.jar!/de/uka/ilkd/key/proof/rules/mapSize.key 
4598       DEBUG Test worker     d.u.i.k.p.i.KeYFile       Reading KeY file jar:file:/home/runner/work/key/key/key.core/build/libs/key.core-2.11.0.jar!/de/uka/ilkd/key/proof/rules/wd.key 
4609       DEBUG Test worker     d.u.i.k.p.i.KeYFile       Reading KeY file jar:file:/home/runner/work/key/key/key.core/build/libs/key.core-2.11.0.jar!/de/uka/ilkd/key/proof/rules/wdHeader.key 
4610       DEBUG Test worker     d.u.i.k.p.i.KeYFile       Reading KeY file jar:file:/home/runner/work/key/key/key.core/build/libs/key.core-2.11.0.jar!/de/uka/ilkd/key/proof/rules/wdGeneralRules.key 
4617       DEBUG Test worker     d.u.i.k.p.i.KeYFile       Reading KeY file jar:file:/home/runner/work/key/key/key.core/build/libs/key.core-2.11.0.jar!/de/uka/ilkd/key/proof/rules/wdNumericalRules.key 
4716       DEBUG Test worker     d.u.i.k.p.i.KeYFile       Reading KeY file jar:file:/home/runner/work/key/key/key.core/build/libs/key.core-2.11.0.jar!/de/uka/ilkd/key/proof/rules/wdLocSetRules.key 
4736       DEBUG Test worker     d.u.i.k.p.i.KeYFile       Reading KeY file jar:file:/home/runner/work/key/key/key.core/build/libs/key.core-2.11.0.jar!/de/uka/ilkd/key/proof/rules/wdHeapRules.key 
4749       DEBUG Test worker     d.u.i.k.p.i.KeYFile       Reading KeY file jar:file:/home/runner/work/key/key/key.core/build/libs/key.core-2.11.0.jar!/de/uka/ilkd/key/proof/rules/wdReachRules.key 
4751       DEBUG Test worker     d.u.i.k.p.i.KeYFile       Reading KeY file jar:file:/home/runner/work/key/key/key.core/build/libs/key.core-2.11.0.jar!/de/uka/ilkd/key/proof/rules/wdSeqRules.key 
4757       DEBUG Test worker     d.u.i.k.p.i.KeYFile       Reading KeY file jar:file:/home/runner/work/key/key/key.core/build/libs/key.core-2.11.0.jar!/de/uka/ilkd/key/proof/rules/wdStringRules.key 
4763       DEBUG Test worker     d.u.i.k.p.i.KeYFile       Reading KeY file jar:file:/home/runner/work/key/key/key.core/build/libs/key.core-2.11.0.jar!/de/uka/ilkd/key/proof/rules/wdRegExRules.key 
4766       DEBUG Test worker     d.u.i.k.p.i.KeYFile       Reading KeY file jar:file:/home/runner/work/key/key/key.core/build/libs/key.core-2.11.0.jar!/de/uka/ilkd/key/proof/rules/wdFormulaRules.key 
4792       DEBUG Test worker     d.u.i.k.p.i.KeYFile       Reading KeY file jar:file:/home/runner/work/key/key/key.core/build/libs/key.core-2.11.0.jar!/de/uka/ilkd/key/proof/rules/loopInvariantRules.key 
4796       DEBUG Test worker     d.u.i.k.p.i.KeYFile       Reading KeY file jar:file:/home/runner/work/key/key/key.core/build/libs/key.core-2.11.0.jar!/de/uka/ilkd/key/proof/rules/forLoopRules.key 
4798       DEBUG Test worker     d.u.i.k.p.i.KeYFile       Reading KeY file jar:file:/home/runner/work/key/key/key.core/build/libs/key.core-2.11.0.jar!/de/uka/ilkd/key/proof/rules/execRules.key 
4906       DEBUG Test worker     d.u.i.k.p.i.KeYFile       Reading KeY file jar:file:/home/runner/work/key/key/key.core/build/libs/key.core-2.11.0.jar!/de/uka/ilkd/key/proof/rules/loopScopeRules.key 
8492       DEBUG Test worker     d.u.i.k.j.Recoder2KeY     converting now /home/runner/work/key/key/key.core.testgen/src/test/resources/testcase/smt/ce/src/Middle.java 
8500       DEBUG Test worker     d.u.i.k.j.Recoder2KeY     converting now /home/runner/work/key/key/key.core.testgen/src/test/resources/testcase/smt/ce/src/Test.java 
8541       DEBUG Test worker     d.u.i.k.s.TermLabelSettings TermLabelSettings: Failure while reading the setting "UseOriginLabels".Using the default value: true.The string read was: null 
8557       DEBUG Test worker     d.u.i.k.p.i.KeYFile       Reading KeY file jar:file:/home/runner/work/key/key/key.core/build/libs/key.core-2.11.0.jar!/de/uka/ilkd/key/java/JavaRedux/java/lang/String.key 
11450      DEBUG Test worker     d.u.i.k.p.i.IntermediateProofReplayer Proof replay took 63.6ns 
11452      DEBUG Test worker     d.u.i.k.p.i.KeYFile       Reading KeY file src/test/resources/testcase/smt/ce/middle.key 
]]></system-out>
  <system-err><![CDATA[]]></system-err>
</testsuite>
