<?xml version="1.0" encoding="UTF-8"?>
<testsuite name="de.uka.ilkd.key.gui.ShortUniqueFileNamesTest" tests="1" skipped="0" failures="0" errors="0" timestamp="2023-04-13T13:47:52" hostname="fv-az269-753" time="0.112">
  <properties/>
  <testcase name="uniqueFileNamesTest()" classname="de.uka.ilkd.key.gui.ShortUniqueFileNamesTest" time="0.112"/>
  <system-out><![CDATA[]]></system-out>
  <system-err><![CDATA[]]></system-err>
</testsuite>
