<?xml version="1.0" encoding="UTF-8"?>
<testsuite name="de.uka.ilkd.key.testcase.smt.testgen.TestTestgen" tests="1" skipped="0" failures="0" errors="0" timestamp="2023-05-27T15:59:59" hostname="fv-az479-275" time="4.193">
  <properties/>
  <testcase name="testMiddle()" classname="de.uka.ilkd.key.testcase.smt.testgen.TestTestgen" time="4.193"/>
  <system-out><![CDATA[14891      WARN  Test worker     d.u.i.k.t.s.t.TestTestgen Warning: Z3_CE is not installed, tests skipped. 
14891      WARN  Test worker     d.u.i.k.t.s.t.TestTestgen Maybe use JVM system property "z3SolverPath" to define the path to the Z3 command. 
14891      INFO  Test worker     d.u.i.k.p.i.AbstractProblemLoader Loading environment from src\test\resources\testcase\smt\tg\middle.key 
14891      DEBUG Test worker     d.u.i.k.p.i.AbstractProblemLoader Environment load took 275.5ns 
14907      INFO  Test worker     d.u.i.k.p.i.AbstractProblemLoader Creating init config 
18323      DEBUG Test worker     d.u.i.k.p.i.AbstractProblemLoader Init config took 3.42s 
18417      INFO  Test worker     d.u.i.k.p.i.AbstractProblemLoader Replaying proof Middle[Middle::middle(int,int,int)].JML normal_behavior operation contract.0 
18432      DEBUG Test worker     d.u.i.k.p.i.IntermediateProofReplayer Proof replay took 23.2ns 
]]></system-out>
  <system-err><![CDATA[]]></system-err>
</testsuite>
