<?xml version="1.0" encoding="UTF-8"?>
<testsuite name="org.key_project.util.testcase.java.ArrayUtilTest" tests="14" skipped="0" failures="0" errors="0" timestamp="2023-06-10T11:51:19" hostname="fv-az507-224" time="0.036">
  <properties/>
  <testcase name="testToString_Object()" classname="org.key_project.util.testcase.java.ArrayUtilTest" time="0.004"/>
  <testcase name="testAdd_int()" classname="org.key_project.util.testcase.java.ArrayUtilTest" time="0.001"/>
  <testcase name="testAddAll_newType()" classname="org.key_project.util.testcase.java.ArrayUtilTest" time="0.001"/>
  <testcase name="testContains()" classname="org.key_project.util.testcase.java.ArrayUtilTest" time="0.001"/>
  <testcase name="testToString_int_String()" classname="org.key_project.util.testcase.java.ArrayUtilTest" time="0.001"/>
  <testcase name="testAdd_Object()" classname="org.key_project.util.testcase.java.ArrayUtilTest" time="0.001"/>
  <testcase name="testAddAll()" classname="org.key_project.util.testcase.java.ArrayUtilTest" time="0.001"/>
  <testcase name="testInsert()" classname="org.key_project.util.testcase.java.ArrayUtilTest" time="0.0"/>
  <testcase name="testIndexOf()" classname="org.key_project.util.testcase.java.ArrayUtilTest" time="0.001"/>
  <testcase name="testToString_int()" classname="org.key_project.util.testcase.java.ArrayUtilTest" time="0.001"/>
  <testcase name="testIsEmpty()" classname="org.key_project.util.testcase.java.ArrayUtilTest" time="0.0"/>
  <testcase name="testRemove()" classname="org.key_project.util.testcase.java.ArrayUtilTest" time="0.001"/>
  <testcase name="testSearch()" classname="org.key_project.util.testcase.java.ArrayUtilTest" time="0.002"/>
  <testcase name="testToString_Object_String()" classname="org.key_project.util.testcase.java.ArrayUtilTest" time="0.009"/>
  <system-out><![CDATA[]]></system-out>
  <system-err><![CDATA[]]></system-err>
</testsuite>
