<?xml version="1.0" encoding="UTF-8"?>
<testsuite name="de.uka.ilkd.key.symbolic_execution.testcase.strategy.TestJavaWatchpointStopConditionWithHitCount" tests="1" skipped="0" failures="0" errors="0" timestamp="2023-01-30T15:58:45" hostname="fv-az646-108" time="5.204">
  <properties/>
  <testcase name="testBreakpointStopCondition()" classname="de.uka.ilkd.key.symbolic_execution.testcase.strategy.TestJavaWatchpointStopConditionWithHitCount" time="5.204"/>
  <system-out><![CDATA[]]></system-out>
  <system-err><![CDATA[]]></system-err>
</testsuite>
