<?xml version="1.0" encoding="UTF-8"?>
<testsuite name="de.uka.ilkd.key.symbolic_execution.testcase.po.TestFunctionalOperationContractPO" tests="1" skipped="0" failures="0" errors="0" timestamp="2023-01-30T15:54:42" hostname="fv-az646-108" time="6.742">
  <properties/>
  <testcase name="testDoubleValue()" classname="de.uka.ilkd.key.symbolic_execution.testcase.po.TestFunctionalOperationContractPO" time="6.742"/>
  <system-out><![CDATA[]]></system-out>
  <system-err><![CDATA[]]></system-err>
</testsuite>
