<?xml version="1.0" encoding="UTF-8"?>
<testsuite name="de.uka.ilkd.key.symbolic_execution.testcase.strategy.TestMethodBreakpointWithHitCount" tests="1" skipped="0" failures="0" errors="0" timestamp="2023-01-30T15:59:27" hostname="fv-az646-108" time="5.422">
  <properties/>
  <testcase name="testBreakpointStopCondition()" classname="de.uka.ilkd.key.symbolic_execution.testcase.strategy.TestMethodBreakpointWithHitCount" time="5.422"/>
  <system-out><![CDATA[]]></system-out>
  <system-err><![CDATA[]]></system-err>
</testsuite>
