<?xml version="1.0" encoding="UTF-8"?>
<testsuite name="de.uka.ilkd.key.parser.TestParser" tests="5" skipped="1" failures="0" errors="0" timestamp="2023-03-03T20:55:16" hostname="fv-az306-286" time="4.648">
  <properties/>
  <testcase name="testConstantEvaluationError()" classname="de.uka.ilkd.key.parser.TestParser" time="0.93"/>
  <testcase name="testGenericSort()" classname="de.uka.ilkd.key.parser.TestParser" time="0.001"/>
  <testcase name="testIssue1566()" classname="de.uka.ilkd.key.parser.TestParser" time="2.831"/>
  <testcase name="testIssue39()" classname="de.uka.ilkd.key.parser.TestParser" time="0.884"/>
  <testcase name="testRelativeInclude()" classname="de.uka.ilkd.key.parser.TestParser" time="0.002">
    <skipped/>
  </testcase>
  <system-out><![CDATA[]]></system-out>
  <system-err><![CDATA[]]></system-err>
</testsuite>
