<?xml version="1.0" encoding="UTF-8"?>
<testsuite name="de.uka.ilkd.key.parser.TestTermParserHeap" tests="39" skipped="0" failures="0" errors="0" timestamp="2023-05-29T21:09:23" hostname="fv-az577-225" time="130.423">
  <properties/>
  <testcase name="testBracketHeapUpdate()" classname="de.uka.ilkd.key.parser.TestTermParserHeap" time="0.017"/>
  <testcase name="testStore()" classname="de.uka.ilkd.key.parser.TestTermParserHeap" time="0.009"/>
  <testcase name="testUnknownConstant()" classname="de.uka.ilkd.key.parser.TestTermParserHeap" time="0.005"/>
  <testcase name="testAllFieldsSelector()" classname="de.uka.ilkd.key.parser.TestTermParserHeap" time="0.002"/>
  <testcase name="testParsePrettyPrintedSelect()" classname="de.uka.ilkd.key.parser.TestTermParserHeap" time="0.003"/>
  <testcase name="testAccessStaticMembers()" classname="de.uka.ilkd.key.parser.TestTermParserHeap" time="0.003"/>
  <testcase name="testAtOperator_1()" classname="de.uka.ilkd.key.parser.TestTermParserHeap" time="0.001"/>
  <testcase name="testAtOperator_2()" classname="de.uka.ilkd.key.parser.TestTermParserHeap" time="0.001"/>
  <testcase name="testAtOperator_3()" classname="de.uka.ilkd.key.parser.TestTermParserHeap" time="0.001"/>
  <testcase name="testAtOperator_4()" classname="de.uka.ilkd.key.parser.TestTermParserHeap" time="0.005"/>
  <testcase name="testAtOperator_5()" classname="de.uka.ilkd.key.parser.TestTermParserHeap" time="0.002"/>
  <testcase name="testAtOperator_6()" classname="de.uka.ilkd.key.parser.TestTermParserHeap" time="0.001"/>
  <testcase name="testAtOperator_7()" classname="de.uka.ilkd.key.parser.TestTermParserHeap" time="0.002"/>
  <testcase name="testAtOperator_8()" classname="de.uka.ilkd.key.parser.TestTermParserHeap" time="0.003"/>
  <testcase name="testVerifyExceptionIfAtOperatorNotPreceededBySelectTerm()" classname="de.uka.ilkd.key.parser.TestTermParserHeap" time="0.002"/>
  <testcase name="testBugResettingCounter()" classname="de.uka.ilkd.key.parser.TestTermParserHeap" time="0.002"/>
  <testcase name="testLocationSets()" classname="de.uka.ilkd.key.parser.TestTermParserHeap" time="0.003"/>
  <testcase name="testQuantifiedSelect()" classname="de.uka.ilkd.key.parser.TestTermParserHeap" time="0.008"/>
  <testcase name="testGenericObjectProperties()" classname="de.uka.ilkd.key.parser.TestTermParserHeap" time="0.002"/>
  <testcase name="testQueryInheritance_1()" classname="de.uka.ilkd.key.parser.TestTermParserHeap" time="0.002"/>
  <testcase name="testQueryInheritance_2()" classname="de.uka.ilkd.key.parser.TestTermParserHeap" time="0.001"/>
  <testcase name="testQueryInheritance_3()" classname="de.uka.ilkd.key.parser.TestTermParserHeap" time="0.003"/>
  <testcase name="testQueryInheritance_4()" classname="de.uka.ilkd.key.parser.TestTermParserHeap" time="0.001"/>
  <testcase name="testQueryInheritance_5()" classname="de.uka.ilkd.key.parser.TestTermParserHeap" time="0.001"/>
  <testcase name="testQueryInheritance_6()" classname="de.uka.ilkd.key.parser.TestTermParserHeap" time="0.002"/>
  <testcase name="testQueryInheritance_7()" classname="de.uka.ilkd.key.parser.TestTermParserHeap" time="0.002"/>
  <testcase name="testQueryInheritance_8()" classname="de.uka.ilkd.key.parser.TestTermParserHeap" time="0.005"/>
  <testcase name="testQueryInheritance_9()" classname="de.uka.ilkd.key.parser.TestTermParserHeap" time="0.004"/>
  <testcase name="testQueryBasic_10()" classname="de.uka.ilkd.key.parser.TestTermParserHeap" time="0.002"/>
  <testcase name="testQueryBasic_11()" classname="de.uka.ilkd.key.parser.TestTermParserHeap" time="0.001"/>
  <testcase name="testQueryBasic_1()" classname="de.uka.ilkd.key.parser.TestTermParserHeap" time="0.007"/>
  <testcase name="testQueryBasic_2()" classname="de.uka.ilkd.key.parser.TestTermParserHeap" time="0.005"/>
  <testcase name="testQueryBasic_3()" classname="de.uka.ilkd.key.parser.TestTermParserHeap" time="0.004"/>
  <testcase name="testQueryBasic_4()" classname="de.uka.ilkd.key.parser.TestTermParserHeap" time="0.002"/>
  <testcase name="testQueryBasic_5()" classname="de.uka.ilkd.key.parser.TestTermParserHeap" time="0.001"/>
  <testcase name="testQueryBasic_6()" classname="de.uka.ilkd.key.parser.TestTermParserHeap" time="0.001"/>
  <testcase name="testQueryBasic_7()" classname="de.uka.ilkd.key.parser.TestTermParserHeap" time="0.002"/>
  <testcase name="testQueryBasic_8()" classname="de.uka.ilkd.key.parser.TestTermParserHeap" time="0.002"/>
  <testcase name="testQueryBasic_9()" classname="de.uka.ilkd.key.parser.TestTermParserHeap" time="0.002"/>
  <system-out><![CDATA[364965     INFO  Test worker     d.u.i.k.n.KeyIO           Parsing took 0 ms 
364965     DEBUG Test worker     d.u.i.k.n.KeyIO           Load declarations of de.uka.ilkd.key.nparser.KeyAst$File:  <unknown>:1#1 
364965     INFO  Test worker     d.u.i.k.n.KeyIO           MODE: declarations took 0 ms 
364965     DEBUG Test worker     d.u.i.k.n.KeyIO           MODE: 2nd degree decls took 0 
364966     INFO  Test worker     d.u.i.k.n.KeyIO           Parsing took 1 ms 
364966     DEBUG Test worker     d.u.i.k.n.KeyIO           Load declarations of de.uka.ilkd.key.nparser.KeyAst$File:  <unknown>:1#1 
364966     INFO  Test worker     d.u.i.k.n.KeyIO           MODE: declarations took 0 ms 
364966     DEBUG Test worker     d.u.i.k.n.KeyIO           MODE: 2nd degree decls took 0 
364966     INFO  Test worker     d.u.i.k.n.KeyIO           Parsing took 0 ms 
364966     DEBUG Test worker     d.u.i.k.n.KeyIO           Load declarations of de.uka.ilkd.key.nparser.KeyAst$File:  <unknown>:1#1 
364966     INFO  Test worker     d.u.i.k.n.KeyIO           MODE: declarations took 0 ms 
364966     DEBUG Test worker     d.u.i.k.n.KeyIO           MODE: 2nd degree decls took 0 
364966     INFO  Test worker     d.u.i.k.n.KeyIO           Parsing took 0 ms 
364966     DEBUG Test worker     d.u.i.k.n.KeyIO           Load declarations of de.uka.ilkd.key.nparser.KeyAst$File:  <unknown>:1#1 
364966     INFO  Test worker     d.u.i.k.n.KeyIO           MODE: declarations took 0 ms 
364966     DEBUG Test worker     d.u.i.k.n.KeyIO           MODE: 2nd degree decls took 0 
364967     INFO  Test worker     d.u.i.k.n.KeyIO           Parsing took 1 ms 
364967     DEBUG Test worker     d.u.i.k.n.KeyIO           Load declarations of de.uka.ilkd.key.nparser.KeyAst$File:  <unknown>:1#1 
364967     INFO  Test worker     d.u.i.k.n.KeyIO           MODE: declarations took 0 ms 
364967     DEBUG Test worker     d.u.i.k.n.KeyIO           MODE: 2nd degree decls took 0 
368485     INFO  Test worker     d.u.i.k.n.KeyIO           Parsing took 0 ms 
368485     DEBUG Test worker     d.u.i.k.n.KeyIO           Load declarations of de.uka.ilkd.key.nparser.KeyAst$File:  <unknown>:1#1 
368485     INFO  Test worker     d.u.i.k.n.KeyIO           MODE: declarations took 0 ms 
368485     DEBUG Test worker     d.u.i.k.n.KeyIO           MODE: 2nd degree decls took 0 
368485     INFO  Test worker     d.u.i.k.n.KeyIO           Parsing took 0 ms 
368485     DEBUG Test worker     d.u.i.k.n.KeyIO           Load declarations of de.uka.ilkd.key.nparser.KeyAst$File:  <unknown>:1#1 
368485     INFO  Test worker     d.u.i.k.n.KeyIO           MODE: declarations took 0 ms 
368485     DEBUG Test worker     d.u.i.k.n.KeyIO           MODE: 2nd degree decls took 0 
368485     INFO  Test worker     d.u.i.k.n.KeyIO           Parsing took 0 ms 
368485     DEBUG Test worker     d.u.i.k.n.KeyIO           Load declarations of de.uka.ilkd.key.nparser.KeyAst$File:  <unknown>:1#1 
368485     INFO  Test worker     d.u.i.k.n.KeyIO           MODE: declarations took 0 ms 
368485     DEBUG Test worker     d.u.i.k.n.KeyIO           MODE: 2nd degree decls took 0 
368485     INFO  Test worker     d.u.i.k.n.KeyIO           Parsing took 0 ms 
368485     DEBUG Test worker     d.u.i.k.n.KeyIO           Load declarations of de.uka.ilkd.key.nparser.KeyAst$File:  <unknown>:1#1 
368485     INFO  Test worker     d.u.i.k.n.KeyIO           MODE: declarations took 0 ms 
368485     DEBUG Test worker     d.u.i.k.n.KeyIO           MODE: 2nd degree decls took 0 
368485     INFO  Test worker     d.u.i.k.n.KeyIO           Parsing took 0 ms 
368485     DEBUG Test worker     d.u.i.k.n.KeyIO           Load declarations of de.uka.ilkd.key.nparser.KeyAst$File:  <unknown>:1#1 
368485     INFO  Test worker     d.u.i.k.n.KeyIO           MODE: declarations took 0 ms 
368485     DEBUG Test worker     d.u.i.k.n.KeyIO           MODE: 2nd degree decls took 0 
372048     INFO  Test worker     d.u.i.k.n.KeyIO           Parsing took 0 ms 
372049     DEBUG Test worker     d.u.i.k.n.KeyIO           Load declarations of de.uka.ilkd.key.nparser.KeyAst$File:  <unknown>:1#1 
372049     INFO  Test worker     d.u.i.k.n.KeyIO           MODE: declarations took 0 ms 
372049     DEBUG Test worker     d.u.i.k.n.KeyIO           MODE: 2nd degree decls took 0 
372049     INFO  Test worker     d.u.i.k.n.KeyIO           Parsing took 0 ms 
372049     DEBUG Test worker     d.u.i.k.n.KeyIO           Load declarations of de.uka.ilkd.key.nparser.KeyAst$File:  <unknown>:1#1 
372049     INFO  Test worker     d.u.i.k.n.KeyIO           MODE: declarations took 0 ms 
372049     DEBUG Test worker     d.u.i.k.n.KeyIO           MODE: 2nd degree decls took 0 
372049     INFO  Test worker     d.u.i.k.n.KeyIO           Parsing took 0 ms 
372049     DEBUG Test worker     d.u.i.k.n.KeyIO           Load declarations of de.uka.ilkd.key.nparser.KeyAst$File:  <unknown>:1#1 
372049     INFO  Test worker     d.u.i.k.n.KeyIO           MODE: declarations took 0 ms 
372049     DEBUG Test worker     d.u.i.k.n.KeyIO           MODE: 2nd degree decls took 0 
372049     INFO  Test worker     d.u.i.k.n.KeyIO           Parsing took 0 ms 
372049     DEBUG Test worker     d.u.i.k.n.KeyIO           Load declarations of de.uka.ilkd.key.nparser.KeyAst$File:  <unknown>:1#1 
372049     INFO  Test worker     d.u.i.k.n.KeyIO           MODE: declarations took 0 ms 
372049     DEBUG Test worker     d.u.i.k.n.KeyIO           MODE: 2nd degree decls took 0 
372049     INFO  Test worker     d.u.i.k.n.KeyIO           Parsing took 0 ms 
372049     DEBUG Test worker     d.u.i.k.n.KeyIO           Load declarations of de.uka.ilkd.key.nparser.KeyAst$File:  <unknown>:1#1 
372049     INFO  Test worker     d.u.i.k.n.KeyIO           MODE: declarations took 0 ms 
372049     DEBUG Test worker     d.u.i.k.n.KeyIO           MODE: 2nd degree decls took 0 
372049     INFO  Test worker     d.u.i.k.n.KeyIO           Parsing took 0 ms 
372049     DEBUG Test worker     d.u.i.k.n.KeyIO           Load declarations of de.uka.ilkd.key.nparser.KeyAst$File:  <unknown>:1#1 
372049     INFO  Test worker     d.u.i.k.n.KeyIO           MODE: declarations took 0 ms 
372049     DEBUG Test worker     d.u.i.k.n.KeyIO           MODE: 2nd degree decls took 0 
375616     INFO  Test worker     d.u.i.k.n.KeyIO           Parsing took 0 ms 
375616     DEBUG Test worker     d.u.i.k.n.KeyIO           Load declarations of de.uka.ilkd.key.nparser.KeyAst$File:  <unknown>:1#1 
375616     INFO  Test worker     d.u.i.k.n.KeyIO           MODE: declarations took 0 ms 
375616     DEBUG Test worker     d.u.i.k.n.KeyIO           MODE: 2nd degree decls took 0 
375616     INFO  Test worker     d.u.i.k.n.KeyIO           Parsing took 0 ms 
375616     DEBUG Test worker     d.u.i.k.n.KeyIO           Load declarations of de.uka.ilkd.key.nparser.KeyAst$File:  <unknown>:1#1 
375616     INFO  Test worker     d.u.i.k.n.KeyIO           MODE: declarations took 0 ms 
375616     DEBUG Test worker     d.u.i.k.n.KeyIO           MODE: 2nd degree decls took 0 
375616     INFO  Test worker     d.u.i.k.n.KeyIO           Parsing took 0 ms 
375616     DEBUG Test worker     d.u.i.k.n.KeyIO           Load declarations of de.uka.ilkd.key.nparser.KeyAst$File:  <unknown>:1#1 
375616     INFO  Test worker     d.u.i.k.n.KeyIO           MODE: declarations took 0 ms 
375616     DEBUG Test worker     d.u.i.k.n.KeyIO           MODE: 2nd degree decls took 0 
375616     INFO  Test worker     d.u.i.k.n.KeyIO           Parsing took 0 ms 
375616     DEBUG Test worker     d.u.i.k.n.KeyIO           Load declarations of de.uka.ilkd.key.nparser.KeyAst$File:  <unknown>:1#1 
375616     INFO  Test worker     d.u.i.k.n.KeyIO           MODE: declarations took 0 ms 
375616     DEBUG Test worker     d.u.i.k.n.KeyIO           MODE: 2nd degree decls took 0 
375616     INFO  Test worker     d.u.i.k.n.KeyIO           Parsing took 0 ms 
375616     DEBUG Test worker     d.u.i.k.n.KeyIO           Load declarations of de.uka.ilkd.key.nparser.KeyAst$File:  <unknown>:1#1 
375616     INFO  Test worker     d.u.i.k.n.KeyIO           MODE: declarations took 0 ms 
375616     DEBUG Test worker     d.u.i.k.n.KeyIO           MODE: 2nd degree decls took 0 
379028     INFO  Test worker     d.u.i.k.n.KeyIO           Parsing took 0 ms 
379028     DEBUG Test worker     d.u.i.k.n.KeyIO           Load declarations of de.uka.ilkd.key.nparser.KeyAst$File:  <unknown>:1#1 
379028     INFO  Test worker     d.u.i.k.n.KeyIO           MODE: declarations took 0 ms 
379028     DEBUG Test worker     d.u.i.k.n.KeyIO           MODE: 2nd degree decls took 0 
379028     INFO  Test worker     d.u.i.k.n.KeyIO           Parsing took 0 ms 
379028     DEBUG Test worker     d.u.i.k.n.KeyIO           Load declarations of de.uka.ilkd.key.nparser.KeyAst$File:  <unknown>:1#1 
379028     INFO  Test worker     d.u.i.k.n.KeyIO           MODE: declarations took 0 ms 
379028     DEBUG Test worker     d.u.i.k.n.KeyIO           MODE: 2nd degree decls took 0 
379028     INFO  Test worker     d.u.i.k.n.KeyIO           Parsing took 0 ms 
379028     DEBUG Test worker     d.u.i.k.n.KeyIO           Load declarations of de.uka.ilkd.key.nparser.KeyAst$File:  <unknown>:1#1 
379028     INFO  Test worker     d.u.i.k.n.KeyIO           MODE: declarations took 0 ms 
379028     DEBUG Test worker     d.u.i.k.n.KeyIO           MODE: 2nd degree decls took 0 
379028     INFO  Test worker     d.u.i.k.n.KeyIO           Parsing took 0 ms 
379028     DEBUG Test worker     d.u.i.k.n.KeyIO           Load declarations of de.uka.ilkd.key.nparser.KeyAst$File:  <unknown>:1#1 
379029     INFO  Test worker     d.u.i.k.n.KeyIO           MODE: declarations took 1 ms 
379029     DEBUG Test worker     d.u.i.k.n.KeyIO           MODE: 2nd degree decls took 0 
379029     INFO  Test worker     d.u.i.k.n.KeyIO           Parsing took 0 ms 
379029     DEBUG Test worker     d.u.i.k.n.KeyIO           Load declarations of de.uka.ilkd.key.nparser.KeyAst$File:  <unknown>:1#1 
379029     INFO  Test worker     d.u.i.k.n.KeyIO           MODE: declarations took 0 ms 
379029     DEBUG Test worker     d.u.i.k.n.KeyIO           MODE: 2nd degree decls took 0 
382470     INFO  Test worker     d.u.i.k.n.KeyIO           Parsing took 0 ms 
382471     DEBUG Test worker     d.u.i.k.n.KeyIO           Load declarations of de.uka.ilkd.key.nparser.KeyAst$File:  <unknown>:1#1 
382471     INFO  Test worker     d.u.i.k.n.KeyIO           MODE: declarations took 0 ms 
382471     DEBUG Test worker     d.u.i.k.n.KeyIO           MODE: 2nd degree decls took 0 
382471     INFO  Test worker     d.u.i.k.n.KeyIO           Parsing took 0 ms 
382471     DEBUG Test worker     d.u.i.k.n.KeyIO           Load declarations of de.uka.ilkd.key.nparser.KeyAst$File:  <unknown>:1#1 
382471     INFO  Test worker     d.u.i.k.n.KeyIO           MODE: declarations took 0 ms 
382471     DEBUG Test worker     d.u.i.k.n.KeyIO           MODE: 2nd degree decls took 0 
382471     INFO  Test worker     d.u.i.k.n.KeyIO           Parsing took 0 ms 
382471     DEBUG Test worker     d.u.i.k.n.KeyIO           Load declarations of de.uka.ilkd.key.nparser.KeyAst$File:  <unknown>:1#1 
382471     INFO  Test worker     d.u.i.k.n.KeyIO           MODE: declarations took 0 ms 
382471     DEBUG Test worker     d.u.i.k.n.KeyIO           MODE: 2nd degree decls took 0 
382471     INFO  Test worker     d.u.i.k.n.KeyIO           Parsing took 0 ms 
382471     DEBUG Test worker     d.u.i.k.n.KeyIO           Load declarations of de.uka.ilkd.key.nparser.KeyAst$File:  <unknown>:1#1 
382471     INFO  Test worker     d.u.i.k.n.KeyIO           MODE: declarations took 0 ms 
382471     DEBUG Test worker     d.u.i.k.n.KeyIO           MODE: 2nd degree decls took 0 
382471     INFO  Test worker     d.u.i.k.n.KeyIO           Parsing took 0 ms 
382471     DEBUG Test worker     d.u.i.k.n.KeyIO           Load declarations of de.uka.ilkd.key.nparser.KeyAst$File:  <unknown>:1#1 
382471     INFO  Test worker     d.u.i.k.n.KeyIO           MODE: declarations took 0 ms 
382471     DEBUG Test worker     d.u.i.k.n.KeyIO           MODE: 2nd degree decls took 0 
385840     INFO  Test worker     d.u.i.k.n.KeyIO           Parsing took 0 ms 
385841     DEBUG Test worker     d.u.i.k.n.KeyIO           Load declarations of de.uka.ilkd.key.nparser.KeyAst$File:  <unknown>:1#1 
385841     INFO  Test worker     d.u.i.k.n.KeyIO           MODE: declarations took 0 ms 
385841     DEBUG Test worker     d.u.i.k.n.KeyIO           MODE: 2nd degree decls took 0 
385841     INFO  Test worker     d.u.i.k.n.KeyIO           Parsing took 0 ms 
385841     DEBUG Test worker     d.u.i.k.n.KeyIO           Load declarations of de.uka.ilkd.key.nparser.KeyAst$File:  <unknown>:1#1 
385841     INFO  Test worker     d.u.i.k.n.KeyIO           MODE: declarations took 0 ms 
385841     DEBUG Test worker     d.u.i.k.n.KeyIO           MODE: 2nd degree decls took 0 
385841     INFO  Test worker     d.u.i.k.n.KeyIO           Parsing took 0 ms 
385841     DEBUG Test worker     d.u.i.k.n.KeyIO           Load declarations of de.uka.ilkd.key.nparser.KeyAst$File:  <unknown>:1#1 
385841     INFO  Test worker     d.u.i.k.n.KeyIO           MODE: declarations took 0 ms 
385841     DEBUG Test worker     d.u.i.k.n.KeyIO           MODE: 2nd degree decls took 0 
385841     INFO  Test worker     d.u.i.k.n.KeyIO           Parsing took 0 ms 
385841     DEBUG Test worker     d.u.i.k.n.KeyIO           Load declarations of de.uka.ilkd.key.nparser.KeyAst$File:  <unknown>:1#1 
385841     INFO  Test worker     d.u.i.k.n.KeyIO           MODE: declarations took 0 ms 
385841     DEBUG Test worker     d.u.i.k.n.KeyIO           MODE: 2nd degree decls took 0 
385841     INFO  Test worker     d.u.i.k.n.KeyIO           Parsing took 0 ms 
385841     DEBUG Test worker     d.u.i.k.n.KeyIO           Load declarations of de.uka.ilkd.key.nparser.KeyAst$File:  <unknown>:1#1 
385841     INFO  Test worker     d.u.i.k.n.KeyIO           MODE: declarations took 0 ms 
385841     DEBUG Test worker     d.u.i.k.n.KeyIO           MODE: 2nd degree decls took 0 
389242     INFO  Test worker     d.u.i.k.n.KeyIO           Parsing took 0 ms 
389242     DEBUG Test worker     d.u.i.k.n.KeyIO           Load declarations of de.uka.ilkd.key.nparser.KeyAst$File:  <unknown>:1#1 
389242     INFO  Test worker     d.u.i.k.n.KeyIO           MODE: declarations took 0 ms 
389242     DEBUG Test worker     d.u.i.k.n.KeyIO           MODE: 2nd degree decls took 0 
389242     INFO  Test worker     d.u.i.k.n.KeyIO           Parsing took 0 ms 
389242     DEBUG Test worker     d.u.i.k.n.KeyIO           Load declarations of de.uka.ilkd.key.nparser.KeyAst$File:  <unknown>:1#1 
389242     INFO  Test worker     d.u.i.k.n.KeyIO           MODE: declarations took 0 ms 
389242     DEBUG Test worker     d.u.i.k.n.KeyIO           MODE: 2nd degree decls took 0 
389242     INFO  Test worker     d.u.i.k.n.KeyIO           Parsing took 0 ms 
389242     DEBUG Test worker     d.u.i.k.n.KeyIO           Load declarations of de.uka.ilkd.key.nparser.KeyAst$File:  <unknown>:1#1 
389242     INFO  Test worker     d.u.i.k.n.KeyIO           MODE: declarations took 0 ms 
389242     DEBUG Test worker     d.u.i.k.n.KeyIO           MODE: 2nd degree decls took 0 
389242     INFO  Test worker     d.u.i.k.n.KeyIO           Parsing took 0 ms 
389242     DEBUG Test worker     d.u.i.k.n.KeyIO           Load declarations of de.uka.ilkd.key.nparser.KeyAst$File:  <unknown>:1#1 
389242     INFO  Test worker     d.u.i.k.n.KeyIO           MODE: declarations took 0 ms 
389242     DEBUG Test worker     d.u.i.k.n.KeyIO           MODE: 2nd degree decls took 0 
389242     INFO  Test worker     d.u.i.k.n.KeyIO           Parsing took 0 ms 
389242     DEBUG Test worker     d.u.i.k.n.KeyIO           Load declarations of de.uka.ilkd.key.nparser.KeyAst$File:  <unknown>:1#1 
389242     INFO  Test worker     d.u.i.k.n.KeyIO           MODE: declarations took 0 ms 
389242     DEBUG Test worker     d.u.i.k.n.KeyIO           MODE: 2nd degree decls took 0 
392683     INFO  Test worker     d.u.i.k.n.KeyIO           Parsing took 0 ms 
392684     DEBUG Test worker     d.u.i.k.n.KeyIO           Load declarations of de.uka.ilkd.key.nparser.KeyAst$File:  <unknown>:1#1 
392684     INFO  Test worker     d.u.i.k.n.KeyIO           MODE: declarations took 0 ms 
392684     DEBUG Test worker     d.u.i.k.n.KeyIO           MODE: 2nd degree decls took 0 
392684     INFO  Test worker     d.u.i.k.n.KeyIO           Parsing took 0 ms 
392684     DEBUG Test worker     d.u.i.k.n.KeyIO           Load declarations of de.uka.ilkd.key.nparser.KeyAst$File:  <unknown>:1#1 
392684     INFO  Test worker     d.u.i.k.n.KeyIO           MODE: declarations took 0 ms 
392684     DEBUG Test worker     d.u.i.k.n.KeyIO           MODE: 2nd degree decls took 0 
392684     INFO  Test worker     d.u.i.k.n.KeyIO           Parsing took 0 ms 
392684     DEBUG Test worker     d.u.i.k.n.KeyIO           Load declarations of de.uka.ilkd.key.nparser.KeyAst$File:  <unknown>:1#1 
392684     INFO  Test worker     d.u.i.k.n.KeyIO           MODE: declarations took 0 ms 
392684     DEBUG Test worker     d.u.i.k.n.KeyIO           MODE: 2nd degree decls took 0 
392684     INFO  Test worker     d.u.i.k.n.KeyIO           Parsing took 0 ms 
392684     DEBUG Test worker     d.u.i.k.n.KeyIO           Load declarations of de.uka.ilkd.key.nparser.KeyAst$File:  <unknown>:1#1 
392684     INFO  Test worker     d.u.i.k.n.KeyIO           MODE: declarations took 0 ms 
392684     DEBUG Test worker     d.u.i.k.n.KeyIO           MODE: 2nd degree decls took 0 
392684     INFO  Test worker     d.u.i.k.n.KeyIO           Parsing took 0 ms 
392684     DEBUG Test worker     d.u.i.k.n.KeyIO           Load declarations of de.uka.ilkd.key.nparser.KeyAst$File:  <unknown>:1#1 
392684     INFO  Test worker     d.u.i.k.n.KeyIO           MODE: declarations took 0 ms 
392684     DEBUG Test worker     d.u.i.k.n.KeyIO           MODE: 2nd degree decls took 0 
396111     INFO  Test worker     d.u.i.k.n.KeyIO           Parsing took 0 ms 
396111     DEBUG Test worker     d.u.i.k.n.KeyIO           Load declarations of de.uka.ilkd.key.nparser.KeyAst$File:  <unknown>:1#1 
396111     INFO  Test worker     d.u.i.k.n.KeyIO           MODE: declarations took 0 ms 
396111     DEBUG Test worker     d.u.i.k.n.KeyIO           MODE: 2nd degree decls took 0 
396111     INFO  Test worker     d.u.i.k.n.KeyIO           Parsing took 0 ms 
396111     DEBUG Test worker     d.u.i.k.n.KeyIO           Load declarations of de.uka.ilkd.key.nparser.KeyAst$File:  <unknown>:1#1 
396111     INFO  Test worker     d.u.i.k.n.KeyIO           MODE: declarations took 0 ms 
396111     DEBUG Test worker     d.u.i.k.n.KeyIO           MODE: 2nd degree decls took 0 
396111     INFO  Test worker     d.u.i.k.n.KeyIO           Parsing took 0 ms 
396111     DEBUG Test worker     d.u.i.k.n.KeyIO           Load declarations of de.uka.ilkd.key.nparser.KeyAst$File:  <unknown>:1#1 
396111     INFO  Test worker     d.u.i.k.n.KeyIO           MODE: declarations took 0 ms 
396111     DEBUG Test worker     d.u.i.k.n.KeyIO           MODE: 2nd degree decls took 0 
396112     INFO  Test worker     d.u.i.k.n.KeyIO           Parsing took 1 ms 
396112     DEBUG Test worker     d.u.i.k.n.KeyIO           Load declarations of de.uka.ilkd.key.nparser.KeyAst$File:  <unknown>:1#1 
396112     INFO  Test worker     d.u.i.k.n.KeyIO           MODE: declarations took 0 ms 
396112     DEBUG Test worker     d.u.i.k.n.KeyIO           MODE: 2nd degree decls took 0 
396112     INFO  Test worker     d.u.i.k.n.KeyIO           Parsing took 0 ms 
396112     DEBUG Test worker     d.u.i.k.n.KeyIO           Load declarations of de.uka.ilkd.key.nparser.KeyAst$File:  <unknown>:1#1 
396112     INFO  Test worker     d.u.i.k.n.KeyIO           MODE: declarations took 0 ms 
396112     DEBUG Test worker     d.u.i.k.n.KeyIO           MODE: 2nd degree decls took 0 
399533     INFO  Test worker     d.u.i.k.n.KeyIO           Parsing took 0 ms 
399533     DEBUG Test worker     d.u.i.k.n.KeyIO           Load declarations of de.uka.ilkd.key.nparser.KeyAst$File:  <unknown>:1#1 
399533     INFO  Test worker     d.u.i.k.n.KeyIO           MODE: declarations took 0 ms 
399533     DEBUG Test worker     d.u.i.k.n.KeyIO           MODE: 2nd degree decls took 0 
399533     INFO  Test worker     d.u.i.k.n.KeyIO           Parsing took 0 ms 
399533     DEBUG Test worker     d.u.i.k.n.KeyIO           Load declarations of de.uka.ilkd.key.nparser.KeyAst$File:  <unknown>:1#1 
399533     INFO  Test worker     d.u.i.k.n.KeyIO           MODE: declarations took 0 ms 
399533     DEBUG Test worker     d.u.i.k.n.KeyIO           MODE: 2nd degree decls took 0 
399533     INFO  Test worker     d.u.i.k.n.KeyIO           Parsing took 0 ms 
399533     DEBUG Test worker     d.u.i.k.n.KeyIO           Load declarations of de.uka.ilkd.key.nparser.KeyAst$File:  <unknown>:1#1 
399533     INFO  Test worker     d.u.i.k.n.KeyIO           MODE: declarations took 0 ms 
399533     DEBUG Test worker     d.u.i.k.n.KeyIO           MODE: 2nd degree decls took 0 
399533     INFO  Test worker     d.u.i.k.n.KeyIO           Parsing took 0 ms 
399533     DEBUG Test worker     d.u.i.k.n.KeyIO           Load declarations of de.uka.ilkd.key.nparser.KeyAst$File:  <unknown>:1#1 
399533     INFO  Test worker     d.u.i.k.n.KeyIO           MODE: declarations took 0 ms 
399533     DEBUG Test worker     d.u.i.k.n.KeyIO           MODE: 2nd degree decls took 0 
399533     INFO  Test worker     d.u.i.k.n.KeyIO           Parsing took 0 ms 
399533     DEBUG Test worker     d.u.i.k.n.KeyIO           Load declarations of de.uka.ilkd.key.nparser.KeyAst$File:  <unknown>:1#1 
399533     INFO  Test worker     d.u.i.k.n.KeyIO           MODE: declarations took 0 ms 
399533     DEBUG Test worker     d.u.i.k.n.KeyIO           MODE: 2nd degree decls took 0 
402908     INFO  Test worker     d.u.i.k.n.KeyIO           Parsing took 0 ms 
402908     DEBUG Test worker     d.u.i.k.n.KeyIO           Load declarations of de.uka.ilkd.key.nparser.KeyAst$File:  <unknown>:1#1 
402908     INFO  Test worker     d.u.i.k.n.KeyIO           MODE: declarations took 0 ms 
402908     DEBUG Test worker     d.u.i.k.n.KeyIO           MODE: 2nd degree decls took 0 
402908     INFO  Test worker     d.u.i.k.n.KeyIO           Parsing took 0 ms 
402908     DEBUG Test worker     d.u.i.k.n.KeyIO           Load declarations of de.uka.ilkd.key.nparser.KeyAst$File:  <unknown>:1#1 
402908     INFO  Test worker     d.u.i.k.n.KeyIO           MODE: declarations took 0 ms 
402908     DEBUG Test worker     d.u.i.k.n.KeyIO           MODE: 2nd degree decls took 0 
402908     INFO  Test worker     d.u.i.k.n.KeyIO           Parsing took 0 ms 
402908     DEBUG Test worker     d.u.i.k.n.KeyIO           Load declarations of de.uka.ilkd.key.nparser.KeyAst$File:  <unknown>:1#1 
402908     INFO  Test worker     d.u.i.k.n.KeyIO           MODE: declarations took 0 ms 
402908     DEBUG Test worker     d.u.i.k.n.KeyIO           MODE: 2nd degree decls took 0 
402908     INFO  Test worker     d.u.i.k.n.KeyIO           Parsing took 0 ms 
402908     DEBUG Test worker     d.u.i.k.n.KeyIO           Load declarations of de.uka.ilkd.key.nparser.KeyAst$File:  <unknown>:1#1 
402908     INFO  Test worker     d.u.i.k.n.KeyIO           MODE: declarations took 0 ms 
402909     DEBUG Test worker     d.u.i.k.n.KeyIO           MODE: 2nd degree decls took 0 
402909     INFO  Test worker     d.u.i.k.n.KeyIO           Parsing took 0 ms 
402909     DEBUG Test worker     d.u.i.k.n.KeyIO           Load declarations of de.uka.ilkd.key.nparser.KeyAst$File:  <unknown>:1#1 
402909     INFO  Test worker     d.u.i.k.n.KeyIO           MODE: declarations took 0 ms 
402909     DEBUG Test worker     d.u.i.k.n.KeyIO           MODE: 2nd degree decls took 0 
406361     INFO  Test worker     d.u.i.k.n.KeyIO           Parsing took 0 ms 
406361     DEBUG Test worker     d.u.i.k.n.KeyIO           Load declarations of de.uka.ilkd.key.nparser.KeyAst$File:  <unknown>:1#1 
406361     INFO  Test worker     d.u.i.k.n.KeyIO           MODE: declarations took 0 ms 
406361     DEBUG Test worker     d.u.i.k.n.KeyIO           MODE: 2nd degree decls took 0 
406361     INFO  Test worker     d.u.i.k.n.KeyIO           Parsing took 0 ms 
406361     DEBUG Test worker     d.u.i.k.n.KeyIO           Load declarations of de.uka.ilkd.key.nparser.KeyAst$File:  <unknown>:1#1 
406361     INFO  Test worker     d.u.i.k.n.KeyIO           MODE: declarations took 0 ms 
406361     DEBUG Test worker     d.u.i.k.n.KeyIO           MODE: 2nd degree decls took 0 
406361     INFO  Test worker     d.u.i.k.n.KeyIO           Parsing took 0 ms 
406361     DEBUG Test worker     d.u.i.k.n.KeyIO           Load declarations of de.uka.ilkd.key.nparser.KeyAst$File:  <unknown>:1#1 
406361     INFO  Test worker     d.u.i.k.n.KeyIO           MODE: declarations took 0 ms 
406361     DEBUG Test worker     d.u.i.k.n.KeyIO           MODE: 2nd degree decls took 0 
406361     INFO  Test worker     d.u.i.k.n.KeyIO           Parsing took 0 ms 
406361     DEBUG Test worker     d.u.i.k.n.KeyIO           Load declarations of de.uka.ilkd.key.nparser.KeyAst$File:  <unknown>:1#1 
406361     INFO  Test worker     d.u.i.k.n.KeyIO           MODE: declarations took 0 ms 
406361     DEBUG Test worker     d.u.i.k.n.KeyIO           MODE: 2nd degree decls took 0 
406361     INFO  Test worker     d.u.i.k.n.KeyIO           Parsing took 0 ms 
406361     DEBUG Test worker     d.u.i.k.n.KeyIO           Load declarations of de.uka.ilkd.key.nparser.KeyAst$File:  <unknown>:1#1 
406361     INFO  Test worker     d.u.i.k.n.KeyIO           MODE: declarations took 0 ms 
406361     DEBUG Test worker     d.u.i.k.n.KeyIO           MODE: 2nd degree decls took 0 
409855     INFO  Test worker     d.u.i.k.n.KeyIO           Parsing took 0 ms 
409855     DEBUG Test worker     d.u.i.k.n.KeyIO           Load declarations of de.uka.ilkd.key.nparser.KeyAst$File:  <unknown>:1#1 
409856     INFO  Test worker     d.u.i.k.n.KeyIO           MODE: declarations took 1 ms 
409856     DEBUG Test worker     d.u.i.k.n.KeyIO           MODE: 2nd degree decls took 0 
409856     INFO  Test worker     d.u.i.k.n.KeyIO           Parsing took 0 ms 
409856     DEBUG Test worker     d.u.i.k.n.KeyIO           Load declarations of de.uka.ilkd.key.nparser.KeyAst$File:  <unknown>:1#1 
409856     INFO  Test worker     d.u.i.k.n.KeyIO           MODE: declarations took 0 ms 
409856     DEBUG Test worker     d.u.i.k.n.KeyIO           MODE: 2nd degree decls took 0 
409856     INFO  Test worker     d.u.i.k.n.KeyIO           Parsing took 0 ms 
409856     DEBUG Test worker     d.u.i.k.n.KeyIO           Load declarations of de.uka.ilkd.key.nparser.KeyAst$File:  <unknown>:1#1 
409856     INFO  Test worker     d.u.i.k.n.KeyIO           MODE: declarations took 0 ms 
409856     DEBUG Test worker     d.u.i.k.n.KeyIO           MODE: 2nd degree decls took 0 
409856     INFO  Test worker     d.u.i.k.n.KeyIO           Parsing took 0 ms 
409856     DEBUG Test worker     d.u.i.k.n.KeyIO           Load declarations of de.uka.ilkd.key.nparser.KeyAst$File:  <unknown>:1#1 
409856     INFO  Test worker     d.u.i.k.n.KeyIO           MODE: declarations took 0 ms 
409856     DEBUG Test worker     d.u.i.k.n.KeyIO           MODE: 2nd degree decls took 0 
409856     INFO  Test worker     d.u.i.k.n.KeyIO           Parsing took 0 ms 
409856     DEBUG Test worker     d.u.i.k.n.KeyIO           Load declarations of de.uka.ilkd.key.nparser.KeyAst$File:  <unknown>:1#1 
409856     INFO  Test worker     d.u.i.k.n.KeyIO           MODE: declarations took 0 ms 
409856     DEBUG Test worker     d.u.i.k.n.KeyIO           MODE: 2nd degree decls took 0 
413319     INFO  Test worker     d.u.i.k.n.KeyIO           Parsing took 0 ms 
413319     DEBUG Test worker     d.u.i.k.n.KeyIO           Load declarations of de.uka.ilkd.key.nparser.KeyAst$File:  <unknown>:1#1 
413319     INFO  Test worker     d.u.i.k.n.KeyIO           MODE: declarations took 0 ms 
413319     DEBUG Test worker     d.u.i.k.n.KeyIO           MODE: 2nd degree decls took 0 
413319     INFO  Test worker     d.u.i.k.n.KeyIO           Parsing took 0 ms 
413319     DEBUG Test worker     d.u.i.k.n.KeyIO           Load declarations of de.uka.ilkd.key.nparser.KeyAst$File:  <unknown>:1#1 
413319     INFO  Test worker     d.u.i.k.n.KeyIO           MODE: declarations took 0 ms 
413319     DEBUG Test worker     d.u.i.k.n.KeyIO           MODE: 2nd degree decls took 0 
413319     INFO  Test worker     d.u.i.k.n.KeyIO           Parsing took 0 ms 
413319     DEBUG Test worker     d.u.i.k.n.KeyIO           Load declarations of de.uka.ilkd.key.nparser.KeyAst$File:  <unknown>:1#1 
413319     INFO  Test worker     d.u.i.k.n.KeyIO           MODE: declarations took 0 ms 
413319     DEBUG Test worker     d.u.i.k.n.KeyIO           MODE: 2nd degree decls took 0 
413319     INFO  Test worker     d.u.i.k.n.KeyIO           Parsing took 0 ms 
413319     DEBUG Test worker     d.u.i.k.n.KeyIO           Load declarations of de.uka.ilkd.key.nparser.KeyAst$File:  <unknown>:1#1 
413319     INFO  Test worker     d.u.i.k.n.KeyIO           MODE: declarations took 0 ms 
413319     DEBUG Test worker     d.u.i.k.n.KeyIO           MODE: 2nd degree decls took 0 
413319     INFO  Test worker     d.u.i.k.n.KeyIO           Parsing took 0 ms 
413319     DEBUG Test worker     d.u.i.k.n.KeyIO           Load declarations of de.uka.ilkd.key.nparser.KeyAst$File:  <unknown>:1#1 
413319     INFO  Test worker     d.u.i.k.n.KeyIO           MODE: declarations took 0 ms 
413319     DEBUG Test worker     d.u.i.k.n.KeyIO           MODE: 2nd degree decls took 0 
413321     WARN  Test worker     d.u.i.k.n.KeYParser       [syntax-error] <unknown>:1:11: mismatched input '@' expecting {'/', ':=', '.', '(', ')', '{', '[', '@', PARALLEL, OR, AND, IMP, '=', NOT_EQUALS, '%', '*', '-', '+', '>', GREATEREQUAL, '<', LESSEQUAL, LGUILLEMETS, EQV} [@11,11:11='@',<153>,1:11] (termEOF) 
416791     INFO  Test worker     d.u.i.k.n.KeyIO           Parsing took 1 ms 
416791     DEBUG Test worker     d.u.i.k.n.KeyIO           Load declarations of de.uka.ilkd.key.nparser.KeyAst$File:  <unknown>:1#1 
416791     INFO  Test worker     d.u.i.k.n.KeyIO           MODE: declarations took 0 ms 
416791     DEBUG Test worker     d.u.i.k.n.KeyIO           MODE: 2nd degree decls took 0 
416791     INFO  Test worker     d.u.i.k.n.KeyIO           Parsing took 0 ms 
416791     DEBUG Test worker     d.u.i.k.n.KeyIO           Load declarations of de.uka.ilkd.key.nparser.KeyAst$File:  <unknown>:1#1 
416791     INFO  Test worker     d.u.i.k.n.KeyIO           MODE: declarations took 0 ms 
416791     DEBUG Test worker     d.u.i.k.n.KeyIO           MODE: 2nd degree decls took 0 
416791     INFO  Test worker     d.u.i.k.n.KeyIO           Parsing took 0 ms 
416791     DEBUG Test worker     d.u.i.k.n.KeyIO           Load declarations of de.uka.ilkd.key.nparser.KeyAst$File:  <unknown>:1#1 
416791     INFO  Test worker     d.u.i.k.n.KeyIO           MODE: declarations took 0 ms 
416791     DEBUG Test worker     d.u.i.k.n.KeyIO           MODE: 2nd degree decls took 0 
416791     INFO  Test worker     d.u.i.k.n.KeyIO           Parsing took 0 ms 
416791     DEBUG Test worker     d.u.i.k.n.KeyIO           Load declarations of de.uka.ilkd.key.nparser.KeyAst$File:  <unknown>:1#1 
416791     INFO  Test worker     d.u.i.k.n.KeyIO           MODE: declarations took 0 ms 
416791     DEBUG Test worker     d.u.i.k.n.KeyIO           MODE: 2nd degree decls took 0 
416791     INFO  Test worker     d.u.i.k.n.KeyIO           Parsing took 0 ms 
416791     DEBUG Test worker     d.u.i.k.n.KeyIO           Load declarations of de.uka.ilkd.key.nparser.KeyAst$File:  <unknown>:1#1 
416791     INFO  Test worker     d.u.i.k.n.KeyIO           MODE: declarations took 0 ms 
416791     DEBUG Test worker     d.u.i.k.n.KeyIO           MODE: 2nd degree decls took 0 
420151     INFO  Test worker     d.u.i.k.n.KeyIO           Parsing took 1 ms 
420151     DEBUG Test worker     d.u.i.k.n.KeyIO           Load declarations of de.uka.ilkd.key.nparser.KeyAst$File:  <unknown>:1#1 
420151     INFO  Test worker     d.u.i.k.n.KeyIO           MODE: declarations took 0 ms 
420151     DEBUG Test worker     d.u.i.k.n.KeyIO           MODE: 2nd degree decls took 0 
420151     INFO  Test worker     d.u.i.k.n.KeyIO           Parsing took 0 ms 
420151     DEBUG Test worker     d.u.i.k.n.KeyIO           Load declarations of de.uka.ilkd.key.nparser.KeyAst$File:  <unknown>:1#1 
420151     INFO  Test worker     d.u.i.k.n.KeyIO           MODE: declarations took 0 ms 
420151     DEBUG Test worker     d.u.i.k.n.KeyIO           MODE: 2nd degree decls took 0 
420151     INFO  Test worker     d.u.i.k.n.KeyIO           Parsing took 0 ms 
420151     DEBUG Test worker     d.u.i.k.n.KeyIO           Load declarations of de.uka.ilkd.key.nparser.KeyAst$File:  <unknown>:1#1 
420151     INFO  Test worker     d.u.i.k.n.KeyIO           MODE: declarations took 0 ms 
420151     DEBUG Test worker     d.u.i.k.n.KeyIO           MODE: 2nd degree decls took 0 
420152     INFO  Test worker     d.u.i.k.n.KeyIO           Parsing took 0 ms 
420152     DEBUG Test worker     d.u.i.k.n.KeyIO           Load declarations of de.uka.ilkd.key.nparser.KeyAst$File:  <unknown>:1#1 
420152     INFO  Test worker     d.u.i.k.n.KeyIO           MODE: declarations took 0 ms 
420152     DEBUG Test worker     d.u.i.k.n.KeyIO           MODE: 2nd degree decls took 0 
420152     INFO  Test worker     d.u.i.k.n.KeyIO           Parsing took 0 ms 
420152     DEBUG Test worker     d.u.i.k.n.KeyIO           Load declarations of de.uka.ilkd.key.nparser.KeyAst$File:  <unknown>:1#1 
420152     INFO  Test worker     d.u.i.k.n.KeyIO           MODE: declarations took 0 ms 
420152     DEBUG Test worker     d.u.i.k.n.KeyIO           MODE: 2nd degree decls took 0 
423590     INFO  Test worker     d.u.i.k.n.KeyIO           Parsing took 0 ms 
423590     DEBUG Test worker     d.u.i.k.n.KeyIO           Load declarations of de.uka.ilkd.key.nparser.KeyAst$File:  <unknown>:1#1 
423591     INFO  Test worker     d.u.i.k.n.KeyIO           MODE: declarations took 1 ms 
423591     DEBUG Test worker     d.u.i.k.n.KeyIO           MODE: 2nd degree decls took 0 
423591     INFO  Test worker     d.u.i.k.n.KeyIO           Parsing took 0 ms 
423591     DEBUG Test worker     d.u.i.k.n.KeyIO           Load declarations of de.uka.ilkd.key.nparser.KeyAst$File:  <unknown>:1#1 
423592     INFO  Test worker     d.u.i.k.n.KeyIO           MODE: declarations took 1 ms 
423592     DEBUG Test worker     d.u.i.k.n.KeyIO           MODE: 2nd degree decls took 0 
423592     INFO  Test worker     d.u.i.k.n.KeyIO           Parsing took 0 ms 
423592     DEBUG Test worker     d.u.i.k.n.KeyIO           Load declarations of de.uka.ilkd.key.nparser.KeyAst$File:  <unknown>:1#1 
423592     INFO  Test worker     d.u.i.k.n.KeyIO           MODE: declarations took 0 ms 
423593     DEBUG Test worker     d.u.i.k.n.KeyIO           MODE: 2nd degree decls took 1 
423593     INFO  Test worker     d.u.i.k.n.KeyIO           Parsing took 0 ms 
423593     DEBUG Test worker     d.u.i.k.n.KeyIO           Load declarations of de.uka.ilkd.key.nparser.KeyAst$File:  <unknown>:1#1 
423593     INFO  Test worker     d.u.i.k.n.KeyIO           MODE: declarations took 0 ms 
423593     DEBUG Test worker     d.u.i.k.n.KeyIO           MODE: 2nd degree decls took 0 
423593     INFO  Test worker     d.u.i.k.n.KeyIO           Parsing took 0 ms 
423593     DEBUG Test worker     d.u.i.k.n.KeyIO           Load declarations of de.uka.ilkd.key.nparser.KeyAst$File:  <unknown>:1#1 
423593     INFO  Test worker     d.u.i.k.n.KeyIO           MODE: declarations took 0 ms 
423593     DEBUG Test worker     d.u.i.k.n.KeyIO           MODE: 2nd degree decls took 0 
427020     INFO  Test worker     d.u.i.k.n.KeyIO           Parsing took 0 ms 
427020     DEBUG Test worker     d.u.i.k.n.KeyIO           Load declarations of de.uka.ilkd.key.nparser.KeyAst$File:  <unknown>:1#1 
427020     INFO  Test worker     d.u.i.k.n.KeyIO           MODE: declarations took 0 ms 
427020     DEBUG Test worker     d.u.i.k.n.KeyIO           MODE: 2nd degree decls took 0 
427020     INFO  Test worker     d.u.i.k.n.KeyIO           Parsing took 0 ms 
427020     DEBUG Test worker     d.u.i.k.n.KeyIO           Load declarations of de.uka.ilkd.key.nparser.KeyAst$File:  <unknown>:1#1 
427020     INFO  Test worker     d.u.i.k.n.KeyIO           MODE: declarations took 0 ms 
427020     DEBUG Test worker     d.u.i.k.n.KeyIO           MODE: 2nd degree decls took 0 
427020     INFO  Test worker     d.u.i.k.n.KeyIO           Parsing took 0 ms 
427020     DEBUG Test worker     d.u.i.k.n.KeyIO           Load declarations of de.uka.ilkd.key.nparser.KeyAst$File:  <unknown>:1#1 
427020     INFO  Test worker     d.u.i.k.n.KeyIO           MODE: declarations took 0 ms 
427020     DEBUG Test worker     d.u.i.k.n.KeyIO           MODE: 2nd degree decls took 0 
427020     INFO  Test worker     d.u.i.k.n.KeyIO           Parsing took 0 ms 
427020     DEBUG Test worker     d.u.i.k.n.KeyIO           Load declarations of de.uka.ilkd.key.nparser.KeyAst$File:  <unknown>:1#1 
427021     INFO  Test worker     d.u.i.k.n.KeyIO           MODE: declarations took 1 ms 
427021     DEBUG Test worker     d.u.i.k.n.KeyIO           MODE: 2nd degree decls took 0 
427021     INFO  Test worker     d.u.i.k.n.KeyIO           Parsing took 0 ms 
427021     DEBUG Test worker     d.u.i.k.n.KeyIO           Load declarations of de.uka.ilkd.key.nparser.KeyAst$File:  <unknown>:1#1 
427021     INFO  Test worker     d.u.i.k.n.KeyIO           MODE: declarations took 0 ms 
427021     DEBUG Test worker     d.u.i.k.n.KeyIO           MODE: 2nd degree decls took 0 
430456     INFO  Test worker     d.u.i.k.n.KeyIO           Parsing took 0 ms 
430456     DEBUG Test worker     d.u.i.k.n.KeyIO           Load declarations of de.uka.ilkd.key.nparser.KeyAst$File:  <unknown>:1#1 
430456     INFO  Test worker     d.u.i.k.n.KeyIO           MODE: declarations took 0 ms 
430456     DEBUG Test worker     d.u.i.k.n.KeyIO           MODE: 2nd degree decls took 0 
430456     INFO  Test worker     d.u.i.k.n.KeyIO           Parsing took 0 ms 
430456     DEBUG Test worker     d.u.i.k.n.KeyIO           Load declarations of de.uka.ilkd.key.nparser.KeyAst$File:  <unknown>:1#1 
430456     INFO  Test worker     d.u.i.k.n.KeyIO           MODE: declarations took 0 ms 
430456     DEBUG Test worker     d.u.i.k.n.KeyIO           MODE: 2nd degree decls took 0 
430456     INFO  Test worker     d.u.i.k.n.KeyIO           Parsing took 0 ms 
430456     DEBUG Test worker     d.u.i.k.n.KeyIO           Load declarations of de.uka.ilkd.key.nparser.KeyAst$File:  <unknown>:1#1 
430456     INFO  Test worker     d.u.i.k.n.KeyIO           MODE: declarations took 0 ms 
430456     DEBUG Test worker     d.u.i.k.n.KeyIO           MODE: 2nd degree decls took 0 
430456     INFO  Test worker     d.u.i.k.n.KeyIO           Parsing took 0 ms 
430456     DEBUG Test worker     d.u.i.k.n.KeyIO           Load declarations of de.uka.ilkd.key.nparser.KeyAst$File:  <unknown>:1#1 
430456     INFO  Test worker     d.u.i.k.n.KeyIO           MODE: declarations took 0 ms 
430456     DEBUG Test worker     d.u.i.k.n.KeyIO           MODE: 2nd degree decls took 0 
430456     INFO  Test worker     d.u.i.k.n.KeyIO           Parsing took 0 ms 
430456     DEBUG Test worker     d.u.i.k.n.KeyIO           Load declarations of de.uka.ilkd.key.nparser.KeyAst$File:  <unknown>:1#1 
430457     INFO  Test worker     d.u.i.k.n.KeyIO           MODE: declarations took 1 ms 
430457     DEBUG Test worker     d.u.i.k.n.KeyIO           MODE: 2nd degree decls took 0 
433888     INFO  Test worker     d.u.i.k.n.KeyIO           Parsing took 0 ms 
433888     DEBUG Test worker     d.u.i.k.n.KeyIO           Load declarations of de.uka.ilkd.key.nparser.KeyAst$File:  <unknown>:1#1 
433888     INFO  Test worker     d.u.i.k.n.KeyIO           MODE: declarations took 0 ms 
433888     DEBUG Test worker     d.u.i.k.n.KeyIO           MODE: 2nd degree decls took 0 
433888     INFO  Test worker     d.u.i.k.n.KeyIO           Parsing took 0 ms 
433888     DEBUG Test worker     d.u.i.k.n.KeyIO           Load declarations of de.uka.ilkd.key.nparser.KeyAst$File:  <unknown>:1#1 
433888     INFO  Test worker     d.u.i.k.n.KeyIO           MODE: declarations took 0 ms 
433888     DEBUG Test worker     d.u.i.k.n.KeyIO           MODE: 2nd degree decls took 0 
433888     INFO  Test worker     d.u.i.k.n.KeyIO           Parsing took 0 ms 
433888     DEBUG Test worker     d.u.i.k.n.KeyIO           Load declarations of de.uka.ilkd.key.nparser.KeyAst$File:  <unknown>:1#1 
433888     INFO  Test worker     d.u.i.k.n.KeyIO           MODE: declarations took 0 ms 
433888     DEBUG Test worker     d.u.i.k.n.KeyIO           MODE: 2nd degree decls took 0 
433888     INFO  Test worker     d.u.i.k.n.KeyIO           Parsing took 0 ms 
433888     DEBUG Test worker     d.u.i.k.n.KeyIO           Load declarations of de.uka.ilkd.key.nparser.KeyAst$File:  <unknown>:1#1 
433888     INFO  Test worker     d.u.i.k.n.KeyIO           MODE: declarations took 0 ms 
433888     DEBUG Test worker     d.u.i.k.n.KeyIO           MODE: 2nd degree decls took 0 
433888     INFO  Test worker     d.u.i.k.n.KeyIO           Parsing took 0 ms 
433888     DEBUG Test worker     d.u.i.k.n.KeyIO           Load declarations of de.uka.ilkd.key.nparser.KeyAst$File:  <unknown>:1#1 
433888     INFO  Test worker     d.u.i.k.n.KeyIO           MODE: declarations took 0 ms 
433888     DEBUG Test worker     d.u.i.k.n.KeyIO           MODE: 2nd degree decls took 0 
437344     INFO  Test worker     d.u.i.k.n.KeyIO           Parsing took 0 ms 
437344     DEBUG Test worker     d.u.i.k.n.KeyIO           Load declarations of de.uka.ilkd.key.nparser.KeyAst$File:  <unknown>:1#1 
437344     INFO  Test worker     d.u.i.k.n.KeyIO           MODE: declarations took 0 ms 
437344     DEBUG Test worker     d.u.i.k.n.KeyIO           MODE: 2nd degree decls took 0 
437345     INFO  Test worker     d.u.i.k.n.KeyIO           Parsing took 0 ms 
437345     DEBUG Test worker     d.u.i.k.n.KeyIO           Load declarations of de.uka.ilkd.key.nparser.KeyAst$File:  <unknown>:1#1 
437345     INFO  Test worker     d.u.i.k.n.KeyIO           MODE: declarations took 0 ms 
437346     DEBUG Test worker     d.u.i.k.n.KeyIO           MODE: 2nd degree decls took 0 
437346     INFO  Test worker     d.u.i.k.n.KeyIO           Parsing took 0 ms 
437346     DEBUG Test worker     d.u.i.k.n.KeyIO           Load declarations of de.uka.ilkd.key.nparser.KeyAst$File:  <unknown>:1#1 
437346     INFO  Test worker     d.u.i.k.n.KeyIO           MODE: declarations took 0 ms 
437346     DEBUG Test worker     d.u.i.k.n.KeyIO           MODE: 2nd degree decls took 0 
437346     INFO  Test worker     d.u.i.k.n.KeyIO           Parsing took 0 ms 
437346     DEBUG Test worker     d.u.i.k.n.KeyIO           Load declarations of de.uka.ilkd.key.nparser.KeyAst$File:  <unknown>:1#1 
437346     INFO  Test worker     d.u.i.k.n.KeyIO           MODE: declarations took 0 ms 
437346     DEBUG Test worker     d.u.i.k.n.KeyIO           MODE: 2nd degree decls took 0 
437346     INFO  Test worker     d.u.i.k.n.KeyIO           Parsing took 0 ms 
437346     DEBUG Test worker     d.u.i.k.n.KeyIO           Load declarations of de.uka.ilkd.key.nparser.KeyAst$File:  <unknown>:1#1 
437346     INFO  Test worker     d.u.i.k.n.KeyIO           MODE: declarations took 0 ms 
437346     DEBUG Test worker     d.u.i.k.n.KeyIO           MODE: 2nd degree decls took 0 
440728     INFO  Test worker     d.u.i.k.n.KeyIO           Parsing took 0 ms 
440728     DEBUG Test worker     d.u.i.k.n.KeyIO           Load declarations of de.uka.ilkd.key.nparser.KeyAst$File:  <unknown>:1#1 
440728     INFO  Test worker     d.u.i.k.n.KeyIO           MODE: declarations took 0 ms 
440728     DEBUG Test worker     d.u.i.k.n.KeyIO           MODE: 2nd degree decls took 0 
440728     INFO  Test worker     d.u.i.k.n.KeyIO           Parsing took 0 ms 
440728     DEBUG Test worker     d.u.i.k.n.KeyIO           Load declarations of de.uka.ilkd.key.nparser.KeyAst$File:  <unknown>:1#1 
440728     INFO  Test worker     d.u.i.k.n.KeyIO           MODE: declarations took 0 ms 
440728     DEBUG Test worker     d.u.i.k.n.KeyIO           MODE: 2nd degree decls took 0 
440728     INFO  Test worker     d.u.i.k.n.KeyIO           Parsing took 0 ms 
440728     DEBUG Test worker     d.u.i.k.n.KeyIO           Load declarations of de.uka.ilkd.key.nparser.KeyAst$File:  <unknown>:1#1 
440728     INFO  Test worker     d.u.i.k.n.KeyIO           MODE: declarations took 0 ms 
440728     DEBUG Test worker     d.u.i.k.n.KeyIO           MODE: 2nd degree decls took 0 
440728     INFO  Test worker     d.u.i.k.n.KeyIO           Parsing took 0 ms 
440728     DEBUG Test worker     d.u.i.k.n.KeyIO           Load declarations of de.uka.ilkd.key.nparser.KeyAst$File:  <unknown>:1#1 
440728     INFO  Test worker     d.u.i.k.n.KeyIO           MODE: declarations took 0 ms 
440728     DEBUG Test worker     d.u.i.k.n.KeyIO           MODE: 2nd degree decls took 0 
440728     INFO  Test worker     d.u.i.k.n.KeyIO           Parsing took 0 ms 
440728     DEBUG Test worker     d.u.i.k.n.KeyIO           Load declarations of de.uka.ilkd.key.nparser.KeyAst$File:  <unknown>:1#1 
440728     INFO  Test worker     d.u.i.k.n.KeyIO           MODE: declarations took 0 ms 
440728     DEBUG Test worker     d.u.i.k.n.KeyIO           MODE: 2nd degree decls took 0 
444054     INFO  Test worker     d.u.i.k.n.KeyIO           Parsing took 0 ms 
444054     DEBUG Test worker     d.u.i.k.n.KeyIO           Load declarations of de.uka.ilkd.key.nparser.KeyAst$File:  <unknown>:1#1 
444054     INFO  Test worker     d.u.i.k.n.KeyIO           MODE: declarations took 0 ms 
444054     DEBUG Test worker     d.u.i.k.n.KeyIO           MODE: 2nd degree decls took 0 
444054     INFO  Test worker     d.u.i.k.n.KeyIO           Parsing took 0 ms 
444054     DEBUG Test worker     d.u.i.k.n.KeyIO           Load declarations of de.uka.ilkd.key.nparser.KeyAst$File:  <unknown>:1#1 
444055     INFO  Test worker     d.u.i.k.n.KeyIO           MODE: declarations took 1 ms 
444055     DEBUG Test worker     d.u.i.k.n.KeyIO           MODE: 2nd degree decls took 0 
444055     INFO  Test worker     d.u.i.k.n.KeyIO           Parsing took 0 ms 
444055     DEBUG Test worker     d.u.i.k.n.KeyIO           Load declarations of de.uka.ilkd.key.nparser.KeyAst$File:  <unknown>:1#1 
444055     INFO  Test worker     d.u.i.k.n.KeyIO           MODE: declarations took 0 ms 
444055     DEBUG Test worker     d.u.i.k.n.KeyIO           MODE: 2nd degree decls took 0 
444055     INFO  Test worker     d.u.i.k.n.KeyIO           Parsing took 0 ms 
444055     DEBUG Test worker     d.u.i.k.n.KeyIO           Load declarations of de.uka.ilkd.key.nparser.KeyAst$File:  <unknown>:1#1 
444055     INFO  Test worker     d.u.i.k.n.KeyIO           MODE: declarations took 0 ms 
444055     DEBUG Test worker     d.u.i.k.n.KeyIO           MODE: 2nd degree decls took 0 
444055     INFO  Test worker     d.u.i.k.n.KeyIO           Parsing took 0 ms 
444055     DEBUG Test worker     d.u.i.k.n.KeyIO           Load declarations of de.uka.ilkd.key.nparser.KeyAst$File:  <unknown>:1#1 
444055     INFO  Test worker     d.u.i.k.n.KeyIO           MODE: declarations took 0 ms 
444055     DEBUG Test worker     d.u.i.k.n.KeyIO           MODE: 2nd degree decls took 0 
447502     INFO  Test worker     d.u.i.k.n.KeyIO           Parsing took 0 ms 
447502     DEBUG Test worker     d.u.i.k.n.KeyIO           Load declarations of de.uka.ilkd.key.nparser.KeyAst$File:  <unknown>:1#1 
447502     INFO  Test worker     d.u.i.k.n.KeyIO           MODE: declarations took 0 ms 
447502     DEBUG Test worker     d.u.i.k.n.KeyIO           MODE: 2nd degree decls took 0 
447502     INFO  Test worker     d.u.i.k.n.KeyIO           Parsing took 0 ms 
447502     DEBUG Test worker     d.u.i.k.n.KeyIO           Load declarations of de.uka.ilkd.key.nparser.KeyAst$File:  <unknown>:1#1 
447502     INFO  Test worker     d.u.i.k.n.KeyIO           MODE: declarations took 0 ms 
447502     DEBUG Test worker     d.u.i.k.n.KeyIO           MODE: 2nd degree decls took 0 
447502     INFO  Test worker     d.u.i.k.n.KeyIO           Parsing took 0 ms 
447502     DEBUG Test worker     d.u.i.k.n.KeyIO           Load declarations of de.uka.ilkd.key.nparser.KeyAst$File:  <unknown>:1#1 
447502     INFO  Test worker     d.u.i.k.n.KeyIO           MODE: declarations took 0 ms 
447502     DEBUG Test worker     d.u.i.k.n.KeyIO           MODE: 2nd degree decls took 0 
447502     INFO  Test worker     d.u.i.k.n.KeyIO           Parsing took 0 ms 
447502     DEBUG Test worker     d.u.i.k.n.KeyIO           Load declarations of de.uka.ilkd.key.nparser.KeyAst$File:  <unknown>:1#1 
447502     INFO  Test worker     d.u.i.k.n.KeyIO           MODE: declarations took 0 ms 
447502     DEBUG Test worker     d.u.i.k.n.KeyIO           MODE: 2nd degree decls took 0 
447502     INFO  Test worker     d.u.i.k.n.KeyIO           Parsing took 0 ms 
447502     DEBUG Test worker     d.u.i.k.n.KeyIO           Load declarations of de.uka.ilkd.key.nparser.KeyAst$File:  <unknown>:1#1 
447502     INFO  Test worker     d.u.i.k.n.KeyIO           MODE: declarations took 0 ms 
447502     DEBUG Test worker     d.u.i.k.n.KeyIO           MODE: 2nd degree decls took 0 
450936     INFO  Test worker     d.u.i.k.n.KeyIO           Parsing took 0 ms 
450936     DEBUG Test worker     d.u.i.k.n.KeyIO           Load declarations of de.uka.ilkd.key.nparser.KeyAst$File:  <unknown>:1#1 
450936     INFO  Test worker     d.u.i.k.n.KeyIO           MODE: declarations took 0 ms 
450936     DEBUG Test worker     d.u.i.k.n.KeyIO           MODE: 2nd degree decls took 0 
450936     INFO  Test worker     d.u.i.k.n.KeyIO           Parsing took 0 ms 
450936     DEBUG Test worker     d.u.i.k.n.KeyIO           Load declarations of de.uka.ilkd.key.nparser.KeyAst$File:  <unknown>:1#1 
450936     INFO  Test worker     d.u.i.k.n.KeyIO           MODE: declarations took 0 ms 
450936     DEBUG Test worker     d.u.i.k.n.KeyIO           MODE: 2nd degree decls took 0 
450936     INFO  Test worker     d.u.i.k.n.KeyIO           Parsing took 0 ms 
450936     DEBUG Test worker     d.u.i.k.n.KeyIO           Load declarations of de.uka.ilkd.key.nparser.KeyAst$File:  <unknown>:1#1 
450937     INFO  Test worker     d.u.i.k.n.KeyIO           MODE: declarations took 1 ms 
450937     DEBUG Test worker     d.u.i.k.n.KeyIO           MODE: 2nd degree decls took 0 
450937     INFO  Test worker     d.u.i.k.n.KeyIO           Parsing took 0 ms 
450937     DEBUG Test worker     d.u.i.k.n.KeyIO           Load declarations of de.uka.ilkd.key.nparser.KeyAst$File:  <unknown>:1#1 
450937     INFO  Test worker     d.u.i.k.n.KeyIO           MODE: declarations took 0 ms 
450937     DEBUG Test worker     d.u.i.k.n.KeyIO           MODE: 2nd degree decls took 0 
450937     INFO  Test worker     d.u.i.k.n.KeyIO           Parsing took 0 ms 
450937     DEBUG Test worker     d.u.i.k.n.KeyIO           Load declarations of de.uka.ilkd.key.nparser.KeyAst$File:  <unknown>:1#1 
450937     INFO  Test worker     d.u.i.k.n.KeyIO           MODE: declarations took 0 ms 
450937     DEBUG Test worker     d.u.i.k.n.KeyIO           MODE: 2nd degree decls took 0 
454365     INFO  Test worker     d.u.i.k.n.KeyIO           Parsing took 0 ms 
454365     DEBUG Test worker     d.u.i.k.n.KeyIO           Load declarations of de.uka.ilkd.key.nparser.KeyAst$File:  <unknown>:1#1 
454366     INFO  Test worker     d.u.i.k.n.KeyIO           MODE: declarations took 1 ms 
454366     DEBUG Test worker     d.u.i.k.n.KeyIO           MODE: 2nd degree decls took 0 
454366     INFO  Test worker     d.u.i.k.n.KeyIO           Parsing took 0 ms 
454366     DEBUG Test worker     d.u.i.k.n.KeyIO           Load declarations of de.uka.ilkd.key.nparser.KeyAst$File:  <unknown>:1#1 
454367     INFO  Test worker     d.u.i.k.n.KeyIO           MODE: declarations took 1 ms 
454367     DEBUG Test worker     d.u.i.k.n.KeyIO           MODE: 2nd degree decls took 0 
454367     INFO  Test worker     d.u.i.k.n.KeyIO           Parsing took 0 ms 
454367     DEBUG Test worker     d.u.i.k.n.KeyIO           Load declarations of de.uka.ilkd.key.nparser.KeyAst$File:  <unknown>:1#1 
454367     INFO  Test worker     d.u.i.k.n.KeyIO           MODE: declarations took 0 ms 
454368     DEBUG Test worker     d.u.i.k.n.KeyIO           MODE: 2nd degree decls took 0 
454368     INFO  Test worker     d.u.i.k.n.KeyIO           Parsing took 0 ms 
454368     DEBUG Test worker     d.u.i.k.n.KeyIO           Load declarations of de.uka.ilkd.key.nparser.KeyAst$File:  <unknown>:1#1 
454368     INFO  Test worker     d.u.i.k.n.KeyIO           MODE: declarations took 0 ms 
454368     DEBUG Test worker     d.u.i.k.n.KeyIO           MODE: 2nd degree decls took 0 
454369     INFO  Test worker     d.u.i.k.n.KeyIO           Parsing took 0 ms 
454369     DEBUG Test worker     d.u.i.k.n.KeyIO           Load declarations of de.uka.ilkd.key.nparser.KeyAst$File:  <unknown>:1#1 
454369     INFO  Test worker     d.u.i.k.n.KeyIO           MODE: declarations took 0 ms 
454369     DEBUG Test worker     d.u.i.k.n.KeyIO           MODE: 2nd degree decls took 0 
457812     INFO  Test worker     d.u.i.k.n.KeyIO           Parsing took 0 ms 
457813     DEBUG Test worker     d.u.i.k.n.KeyIO           Load declarations of de.uka.ilkd.key.nparser.KeyAst$File:  <unknown>:1#1 
457814     INFO  Test worker     d.u.i.k.n.KeyIO           MODE: declarations took 1 ms 
457814     DEBUG Test worker     d.u.i.k.n.KeyIO           MODE: 2nd degree decls took 0 
457814     INFO  Test worker     d.u.i.k.n.KeyIO           Parsing took 0 ms 
457814     DEBUG Test worker     d.u.i.k.n.KeyIO           Load declarations of de.uka.ilkd.key.nparser.KeyAst$File:  <unknown>:1#1 
457814     INFO  Test worker     d.u.i.k.n.KeyIO           MODE: declarations took 0 ms 
457814     DEBUG Test worker     d.u.i.k.n.KeyIO           MODE: 2nd degree decls took 0 
457814     INFO  Test worker     d.u.i.k.n.KeyIO           Parsing took 0 ms 
457814     DEBUG Test worker     d.u.i.k.n.KeyIO           Load declarations of de.uka.ilkd.key.nparser.KeyAst$File:  <unknown>:1#1 
457814     INFO  Test worker     d.u.i.k.n.KeyIO           MODE: declarations took 0 ms 
457814     DEBUG Test worker     d.u.i.k.n.KeyIO           MODE: 2nd degree decls took 0 
457814     INFO  Test worker     d.u.i.k.n.KeyIO           Parsing took 0 ms 
457814     DEBUG Test worker     d.u.i.k.n.KeyIO           Load declarations of de.uka.ilkd.key.nparser.KeyAst$File:  <unknown>:1#1 
457814     INFO  Test worker     d.u.i.k.n.KeyIO           MODE: declarations took 0 ms 
457814     DEBUG Test worker     d.u.i.k.n.KeyIO           MODE: 2nd degree decls took 0 
457814     INFO  Test worker     d.u.i.k.n.KeyIO           Parsing took 0 ms 
457814     DEBUG Test worker     d.u.i.k.n.KeyIO           Load declarations of de.uka.ilkd.key.nparser.KeyAst$File:  <unknown>:1#1 
457814     INFO  Test worker     d.u.i.k.n.KeyIO           MODE: declarations took 0 ms 
457814     DEBUG Test worker     d.u.i.k.n.KeyIO           MODE: 2nd degree decls took 0 
461185     INFO  Test worker     d.u.i.k.n.KeyIO           Parsing took 0 ms 
461185     DEBUG Test worker     d.u.i.k.n.KeyIO           Load declarations of de.uka.ilkd.key.nparser.KeyAst$File:  <unknown>:1#1 
461185     INFO  Test worker     d.u.i.k.n.KeyIO           MODE: declarations took 0 ms 
461185     DEBUG Test worker     d.u.i.k.n.KeyIO           MODE: 2nd degree decls took 0 
461185     INFO  Test worker     d.u.i.k.n.KeyIO           Parsing took 0 ms 
461185     DEBUG Test worker     d.u.i.k.n.KeyIO           Load declarations of de.uka.ilkd.key.nparser.KeyAst$File:  <unknown>:1#1 
461185     INFO  Test worker     d.u.i.k.n.KeyIO           MODE: declarations took 0 ms 
461186     DEBUG Test worker     d.u.i.k.n.KeyIO           MODE: 2nd degree decls took 0 
461186     INFO  Test worker     d.u.i.k.n.KeyIO           Parsing took 0 ms 
461186     DEBUG Test worker     d.u.i.k.n.KeyIO           Load declarations of de.uka.ilkd.key.nparser.KeyAst$File:  <unknown>:1#1 
461186     INFO  Test worker     d.u.i.k.n.KeyIO           MODE: declarations took 0 ms 
461186     DEBUG Test worker     d.u.i.k.n.KeyIO           MODE: 2nd degree decls took 0 
461186     INFO  Test worker     d.u.i.k.n.KeyIO           Parsing took 0 ms 
461186     DEBUG Test worker     d.u.i.k.n.KeyIO           Load declarations of de.uka.ilkd.key.nparser.KeyAst$File:  <unknown>:1#1 
461186     INFO  Test worker     d.u.i.k.n.KeyIO           MODE: declarations took 0 ms 
461186     DEBUG Test worker     d.u.i.k.n.KeyIO           MODE: 2nd degree decls took 0 
461186     INFO  Test worker     d.u.i.k.n.KeyIO           Parsing took 0 ms 
461186     DEBUG Test worker     d.u.i.k.n.KeyIO           Load declarations of de.uka.ilkd.key.nparser.KeyAst$File:  <unknown>:1#1 
461186     INFO  Test worker     d.u.i.k.n.KeyIO           MODE: declarations took 0 ms 
461186     DEBUG Test worker     d.u.i.k.n.KeyIO           MODE: 2nd degree decls took 0 
464563     INFO  Test worker     d.u.i.k.n.KeyIO           Parsing took 1 ms 
464563     DEBUG Test worker     d.u.i.k.n.KeyIO           Load declarations of de.uka.ilkd.key.nparser.KeyAst$File:  <unknown>:1#1 
464563     INFO  Test worker     d.u.i.k.n.KeyIO           MODE: declarations took 0 ms 
464563     DEBUG Test worker     d.u.i.k.n.KeyIO           MODE: 2nd degree decls took 0 
464563     INFO  Test worker     d.u.i.k.n.KeyIO           Parsing took 0 ms 
464563     DEBUG Test worker     d.u.i.k.n.KeyIO           Load declarations of de.uka.ilkd.key.nparser.KeyAst$File:  <unknown>:1#1 
464563     INFO  Test worker     d.u.i.k.n.KeyIO           MODE: declarations took 0 ms 
464563     DEBUG Test worker     d.u.i.k.n.KeyIO           MODE: 2nd degree decls took 0 
464563     INFO  Test worker     d.u.i.k.n.KeyIO           Parsing took 0 ms 
464563     DEBUG Test worker     d.u.i.k.n.KeyIO           Load declarations of de.uka.ilkd.key.nparser.KeyAst$File:  <unknown>:1#1 
464563     INFO  Test worker     d.u.i.k.n.KeyIO           MODE: declarations took 0 ms 
464563     DEBUG Test worker     d.u.i.k.n.KeyIO           MODE: 2nd degree decls took 0 
464563     INFO  Test worker     d.u.i.k.n.KeyIO           Parsing took 0 ms 
464563     DEBUG Test worker     d.u.i.k.n.KeyIO           Load declarations of de.uka.ilkd.key.nparser.KeyAst$File:  <unknown>:1#1 
464563     INFO  Test worker     d.u.i.k.n.KeyIO           MODE: declarations took 0 ms 
464563     DEBUG Test worker     d.u.i.k.n.KeyIO           MODE: 2nd degree decls took 0 
464563     INFO  Test worker     d.u.i.k.n.KeyIO           Parsing took 0 ms 
464563     DEBUG Test worker     d.u.i.k.n.KeyIO           Load declarations of de.uka.ilkd.key.nparser.KeyAst$File:  <unknown>:1#1 
464563     INFO  Test worker     d.u.i.k.n.KeyIO           MODE: declarations took 0 ms 
464563     DEBUG Test worker     d.u.i.k.n.KeyIO           MODE: 2nd degree decls took 0 
468019     INFO  Test worker     d.u.i.k.n.KeyIO           Parsing took 0 ms 
468020     DEBUG Test worker     d.u.i.k.n.KeyIO           Load declarations of de.uka.ilkd.key.nparser.KeyAst$File:  <unknown>:1#1 
468020     INFO  Test worker     d.u.i.k.n.KeyIO           MODE: declarations took 0 ms 
468021     DEBUG Test worker     d.u.i.k.n.KeyIO           MODE: 2nd degree decls took 1 
468021     INFO  Test worker     d.u.i.k.n.KeyIO           Parsing took 0 ms 
468021     DEBUG Test worker     d.u.i.k.n.KeyIO           Load declarations of de.uka.ilkd.key.nparser.KeyAst$File:  <unknown>:1#1 
468022     INFO  Test worker     d.u.i.k.n.KeyIO           MODE: declarations took 1 ms 
468022     DEBUG Test worker     d.u.i.k.n.KeyIO           MODE: 2nd degree decls took 0 
468022     INFO  Test worker     d.u.i.k.n.KeyIO           Parsing took 0 ms 
468022     DEBUG Test worker     d.u.i.k.n.KeyIO           Load declarations of de.uka.ilkd.key.nparser.KeyAst$File:  <unknown>:1#1 
468023     INFO  Test worker     d.u.i.k.n.KeyIO           MODE: declarations took 1 ms 
468023     DEBUG Test worker     d.u.i.k.n.KeyIO           MODE: 2nd degree decls took 0 
468023     INFO  Test worker     d.u.i.k.n.KeyIO           Parsing took 0 ms 
468023     DEBUG Test worker     d.u.i.k.n.KeyIO           Load declarations of de.uka.ilkd.key.nparser.KeyAst$File:  <unknown>:1#1 
468023     INFO  Test worker     d.u.i.k.n.KeyIO           MODE: declarations took 0 ms 
468023     DEBUG Test worker     d.u.i.k.n.KeyIO           MODE: 2nd degree decls took 0 
468024     INFO  Test worker     d.u.i.k.n.KeyIO           Parsing took 0 ms 
468024     DEBUG Test worker     d.u.i.k.n.KeyIO           Load declarations of de.uka.ilkd.key.nparser.KeyAst$File:  <unknown>:1#1 
468024     INFO  Test worker     d.u.i.k.n.KeyIO           MODE: declarations took 0 ms 
468024     DEBUG Test worker     d.u.i.k.n.KeyIO           MODE: 2nd degree decls took 0 
471334     INFO  Test worker     d.u.i.k.n.KeyIO           Parsing took 0 ms 
471334     DEBUG Test worker     d.u.i.k.n.KeyIO           Load declarations of de.uka.ilkd.key.nparser.KeyAst$File:  <unknown>:1#1 
471334     INFO  Test worker     d.u.i.k.n.KeyIO           MODE: declarations took 0 ms 
471336     DEBUG Test worker     d.u.i.k.n.KeyIO           MODE: 2nd degree decls took 0 
471336     INFO  Test worker     d.u.i.k.n.KeyIO           Parsing took 0 ms 
471336     DEBUG Test worker     d.u.i.k.n.KeyIO           Load declarations of de.uka.ilkd.key.nparser.KeyAst$File:  <unknown>:1#1 
471336     INFO  Test worker     d.u.i.k.n.KeyIO           MODE: declarations took 0 ms 
471336     DEBUG Test worker     d.u.i.k.n.KeyIO           MODE: 2nd degree decls took 0 
471336     INFO  Test worker     d.u.i.k.n.KeyIO           Parsing took 0 ms 
471336     DEBUG Test worker     d.u.i.k.n.KeyIO           Load declarations of de.uka.ilkd.key.nparser.KeyAst$File:  <unknown>:1#1 
471336     INFO  Test worker     d.u.i.k.n.KeyIO           MODE: declarations took 0 ms 
471336     DEBUG Test worker     d.u.i.k.n.KeyIO           MODE: 2nd degree decls took 0 
471337     INFO  Test worker     d.u.i.k.n.KeyIO           Parsing took 1 ms 
471337     DEBUG Test worker     d.u.i.k.n.KeyIO           Load declarations of de.uka.ilkd.key.nparser.KeyAst$File:  <unknown>:1#1 
471337     INFO  Test worker     d.u.i.k.n.KeyIO           MODE: declarations took 0 ms 
471338     DEBUG Test worker     d.u.i.k.n.KeyIO           MODE: 2nd degree decls took 0 
471338     INFO  Test worker     d.u.i.k.n.KeyIO           Parsing took 0 ms 
471338     DEBUG Test worker     d.u.i.k.n.KeyIO           Load declarations of de.uka.ilkd.key.nparser.KeyAst$File:  <unknown>:1#1 
471338     INFO  Test worker     d.u.i.k.n.KeyIO           MODE: declarations took 0 ms 
471338     DEBUG Test worker     d.u.i.k.n.KeyIO           MODE: 2nd degree decls took 0 
474768     INFO  Test worker     d.u.i.k.n.KeyIO           Parsing took 0 ms 
474768     DEBUG Test worker     d.u.i.k.n.KeyIO           Load declarations of de.uka.ilkd.key.nparser.KeyAst$File:  <unknown>:1#1 
474768     INFO  Test worker     d.u.i.k.n.KeyIO           MODE: declarations took 0 ms 
474768     DEBUG Test worker     d.u.i.k.n.KeyIO           MODE: 2nd degree decls took 0 
474768     INFO  Test worker     d.u.i.k.n.KeyIO           Parsing took 0 ms 
474768     DEBUG Test worker     d.u.i.k.n.KeyIO           Load declarations of de.uka.ilkd.key.nparser.KeyAst$File:  <unknown>:1#1 
474770     INFO  Test worker     d.u.i.k.n.KeyIO           MODE: declarations took 2 ms 
474770     DEBUG Test worker     d.u.i.k.n.KeyIO           MODE: 2nd degree decls took 0 
474770     INFO  Test worker     d.u.i.k.n.KeyIO           Parsing took 0 ms 
474770     DEBUG Test worker     d.u.i.k.n.KeyIO           Load declarations of de.uka.ilkd.key.nparser.KeyAst$File:  <unknown>:1#1 
474770     INFO  Test worker     d.u.i.k.n.KeyIO           MODE: declarations took 0 ms 
474770     DEBUG Test worker     d.u.i.k.n.KeyIO           MODE: 2nd degree decls took 0 
474770     INFO  Test worker     d.u.i.k.n.KeyIO           Parsing took 0 ms 
474770     DEBUG Test worker     d.u.i.k.n.KeyIO           Load declarations of de.uka.ilkd.key.nparser.KeyAst$File:  <unknown>:1#1 
474770     INFO  Test worker     d.u.i.k.n.KeyIO           MODE: declarations took 0 ms 
474770     DEBUG Test worker     d.u.i.k.n.KeyIO           MODE: 2nd degree decls took 0 
474770     INFO  Test worker     d.u.i.k.n.KeyIO           Parsing took 0 ms 
474770     DEBUG Test worker     d.u.i.k.n.KeyIO           Load declarations of de.uka.ilkd.key.nparser.KeyAst$File:  <unknown>:1#1 
474770     INFO  Test worker     d.u.i.k.n.KeyIO           MODE: declarations took 0 ms 
474770     DEBUG Test worker     d.u.i.k.n.KeyIO           MODE: 2nd degree decls took 0 
478129     INFO  Test worker     d.u.i.k.n.KeyIO           Parsing took 0 ms 
478129     DEBUG Test worker     d.u.i.k.n.KeyIO           Load declarations of de.uka.ilkd.key.nparser.KeyAst$File:  <unknown>:1#1 
478130     INFO  Test worker     d.u.i.k.n.KeyIO           MODE: declarations took 1 ms 
478130     DEBUG Test worker     d.u.i.k.n.KeyIO           MODE: 2nd degree decls took 0 
478130     INFO  Test worker     d.u.i.k.n.KeyIO           Parsing took 0 ms 
478130     DEBUG Test worker     d.u.i.k.n.KeyIO           Load declarations of de.uka.ilkd.key.nparser.KeyAst$File:  <unknown>:1#1 
478130     INFO  Test worker     d.u.i.k.n.KeyIO           MODE: declarations took 0 ms 
478130     DEBUG Test worker     d.u.i.k.n.KeyIO           MODE: 2nd degree decls took 0 
478130     INFO  Test worker     d.u.i.k.n.KeyIO           Parsing took 0 ms 
478130     DEBUG Test worker     d.u.i.k.n.KeyIO           Load declarations of de.uka.ilkd.key.nparser.KeyAst$File:  <unknown>:1#1 
478130     INFO  Test worker     d.u.i.k.n.KeyIO           MODE: declarations took 0 ms 
478130     DEBUG Test worker     d.u.i.k.n.KeyIO           MODE: 2nd degree decls took 0 
478130     INFO  Test worker     d.u.i.k.n.KeyIO           Parsing took 0 ms 
478130     DEBUG Test worker     d.u.i.k.n.KeyIO           Load declarations of de.uka.ilkd.key.nparser.KeyAst$File:  <unknown>:1#1 
478130     INFO  Test worker     d.u.i.k.n.KeyIO           MODE: declarations took 0 ms 
478130     DEBUG Test worker     d.u.i.k.n.KeyIO           MODE: 2nd degree decls took 0 
478130     INFO  Test worker     d.u.i.k.n.KeyIO           Parsing took 0 ms 
478130     DEBUG Test worker     d.u.i.k.n.KeyIO           Load declarations of de.uka.ilkd.key.nparser.KeyAst$File:  <unknown>:1#1 
478130     INFO  Test worker     d.u.i.k.n.KeyIO           MODE: declarations took 0 ms 
478130     DEBUG Test worker     d.u.i.k.n.KeyIO           MODE: 2nd degree decls took 0 
481654     INFO  Test worker     d.u.i.k.n.KeyIO           Parsing took 0 ms 
481654     DEBUG Test worker     d.u.i.k.n.KeyIO           Load declarations of de.uka.ilkd.key.nparser.KeyAst$File:  <unknown>:1#1 
481655     INFO  Test worker     d.u.i.k.n.KeyIO           MODE: declarations took 1 ms 
481655     DEBUG Test worker     d.u.i.k.n.KeyIO           MODE: 2nd degree decls took 0 
481655     INFO  Test worker     d.u.i.k.n.KeyIO           Parsing took 0 ms 
481655     DEBUG Test worker     d.u.i.k.n.KeyIO           Load declarations of de.uka.ilkd.key.nparser.KeyAst$File:  <unknown>:1#1 
481655     INFO  Test worker     d.u.i.k.n.KeyIO           MODE: declarations took 0 ms 
481655     DEBUG Test worker     d.u.i.k.n.KeyIO           MODE: 2nd degree decls took 0 
481655     INFO  Test worker     d.u.i.k.n.KeyIO           Parsing took 0 ms 
481655     DEBUG Test worker     d.u.i.k.n.KeyIO           Load declarations of de.uka.ilkd.key.nparser.KeyAst$File:  <unknown>:1#1 
481655     INFO  Test worker     d.u.i.k.n.KeyIO           MODE: declarations took 0 ms 
481655     DEBUG Test worker     d.u.i.k.n.KeyIO           MODE: 2nd degree decls took 0 
481655     INFO  Test worker     d.u.i.k.n.KeyIO           Parsing took 0 ms 
481655     DEBUG Test worker     d.u.i.k.n.KeyIO           Load declarations of de.uka.ilkd.key.nparser.KeyAst$File:  <unknown>:1#1 
481655     INFO  Test worker     d.u.i.k.n.KeyIO           MODE: declarations took 0 ms 
481655     DEBUG Test worker     d.u.i.k.n.KeyIO           MODE: 2nd degree decls took 0 
481655     INFO  Test worker     d.u.i.k.n.KeyIO           Parsing took 0 ms 
481655     DEBUG Test worker     d.u.i.k.n.KeyIO           Load declarations of de.uka.ilkd.key.nparser.KeyAst$File:  <unknown>:1#1 
481655     INFO  Test worker     d.u.i.k.n.KeyIO           MODE: declarations took 0 ms 
481655     DEBUG Test worker     d.u.i.k.n.KeyIO           MODE: 2nd degree decls took 0 
485084     INFO  Test worker     d.u.i.k.n.KeyIO           Parsing took 0 ms 
485085     DEBUG Test worker     d.u.i.k.n.KeyIO           Load declarations of de.uka.ilkd.key.nparser.KeyAst$File:  <unknown>:1#1 
485085     INFO  Test worker     d.u.i.k.n.KeyIO           MODE: declarations took 0 ms 
485085     DEBUG Test worker     d.u.i.k.n.KeyIO           MODE: 2nd degree decls took 0 
485085     INFO  Test worker     d.u.i.k.n.KeyIO           Parsing took 0 ms 
485085     DEBUG Test worker     d.u.i.k.n.KeyIO           Load declarations of de.uka.ilkd.key.nparser.KeyAst$File:  <unknown>:1#1 
485085     INFO  Test worker     d.u.i.k.n.KeyIO           MODE: declarations took 0 ms 
485085     DEBUG Test worker     d.u.i.k.n.KeyIO           MODE: 2nd degree decls took 0 
485085     INFO  Test worker     d.u.i.k.n.KeyIO           Parsing took 0 ms 
485085     DEBUG Test worker     d.u.i.k.n.KeyIO           Load declarations of de.uka.ilkd.key.nparser.KeyAst$File:  <unknown>:1#1 
485085     INFO  Test worker     d.u.i.k.n.KeyIO           MODE: declarations took 0 ms 
485085     DEBUG Test worker     d.u.i.k.n.KeyIO           MODE: 2nd degree decls took 0 
485085     INFO  Test worker     d.u.i.k.n.KeyIO           Parsing took 0 ms 
485085     DEBUG Test worker     d.u.i.k.n.KeyIO           Load declarations of de.uka.ilkd.key.nparser.KeyAst$File:  <unknown>:1#1 
485085     INFO  Test worker     d.u.i.k.n.KeyIO           MODE: declarations took 0 ms 
485085     DEBUG Test worker     d.u.i.k.n.KeyIO           MODE: 2nd degree decls took 0 
485085     INFO  Test worker     d.u.i.k.n.KeyIO           Parsing took 0 ms 
485085     DEBUG Test worker     d.u.i.k.n.KeyIO           Load declarations of de.uka.ilkd.key.nparser.KeyAst$File:  <unknown>:1#1 
485085     INFO  Test worker     d.u.i.k.n.KeyIO           MODE: declarations took 0 ms 
485085     DEBUG Test worker     d.u.i.k.n.KeyIO           MODE: 2nd degree decls took 0 
488558     INFO  Test worker     d.u.i.k.n.KeyIO           Parsing took 0 ms 
488559     DEBUG Test worker     d.u.i.k.n.KeyIO           Load declarations of de.uka.ilkd.key.nparser.KeyAst$File:  <unknown>:1#1 
488559     INFO  Test worker     d.u.i.k.n.KeyIO           MODE: declarations took 0 ms 
488559     DEBUG Test worker     d.u.i.k.n.KeyIO           MODE: 2nd degree decls took 0 
488559     INFO  Test worker     d.u.i.k.n.KeyIO           Parsing took 0 ms 
488559     DEBUG Test worker     d.u.i.k.n.KeyIO           Load declarations of de.uka.ilkd.key.nparser.KeyAst$File:  <unknown>:1#1 
488559     INFO  Test worker     d.u.i.k.n.KeyIO           MODE: declarations took 0 ms 
488559     DEBUG Test worker     d.u.i.k.n.KeyIO           MODE: 2nd degree decls took 0 
488559     INFO  Test worker     d.u.i.k.n.KeyIO           Parsing took 0 ms 
488559     DEBUG Test worker     d.u.i.k.n.KeyIO           Load declarations of de.uka.ilkd.key.nparser.KeyAst$File:  <unknown>:1#1 
488559     INFO  Test worker     d.u.i.k.n.KeyIO           MODE: declarations took 0 ms 
488559     DEBUG Test worker     d.u.i.k.n.KeyIO           MODE: 2nd degree decls took 0 
488559     INFO  Test worker     d.u.i.k.n.KeyIO           Parsing took 0 ms 
488559     DEBUG Test worker     d.u.i.k.n.KeyIO           Load declarations of de.uka.ilkd.key.nparser.KeyAst$File:  <unknown>:1#1 
488559     INFO  Test worker     d.u.i.k.n.KeyIO           MODE: declarations took 0 ms 
488559     DEBUG Test worker     d.u.i.k.n.KeyIO           MODE: 2nd degree decls took 0 
488559     INFO  Test worker     d.u.i.k.n.KeyIO           Parsing took 0 ms 
488559     DEBUG Test worker     d.u.i.k.n.KeyIO           Load declarations of de.uka.ilkd.key.nparser.KeyAst$File:  <unknown>:1#1 
488559     INFO  Test worker     d.u.i.k.n.KeyIO           MODE: declarations took 0 ms 
488559     DEBUG Test worker     d.u.i.k.n.KeyIO           MODE: 2nd degree decls took 0 
491965     INFO  Test worker     d.u.i.k.n.KeyIO           Parsing took 0 ms 
491965     DEBUG Test worker     d.u.i.k.n.KeyIO           Load declarations of de.uka.ilkd.key.nparser.KeyAst$File:  <unknown>:1#1 
491965     INFO  Test worker     d.u.i.k.n.KeyIO           MODE: declarations took 0 ms 
491965     DEBUG Test worker     d.u.i.k.n.KeyIO           MODE: 2nd degree decls took 0 
491965     INFO  Test worker     d.u.i.k.n.KeyIO           Parsing took 0 ms 
491965     DEBUG Test worker     d.u.i.k.n.KeyIO           Load declarations of de.uka.ilkd.key.nparser.KeyAst$File:  <unknown>:1#1 
491965     INFO  Test worker     d.u.i.k.n.KeyIO           MODE: declarations took 0 ms 
491965     DEBUG Test worker     d.u.i.k.n.KeyIO           MODE: 2nd degree decls took 0 
491966     INFO  Test worker     d.u.i.k.n.KeyIO           Parsing took 0 ms 
491966     DEBUG Test worker     d.u.i.k.n.KeyIO           Load declarations of de.uka.ilkd.key.nparser.KeyAst$File:  <unknown>:1#1 
491966     INFO  Test worker     d.u.i.k.n.KeyIO           MODE: declarations took 0 ms 
491966     DEBUG Test worker     d.u.i.k.n.KeyIO           MODE: 2nd degree decls took 0 
491966     INFO  Test worker     d.u.i.k.n.KeyIO           Parsing took 0 ms 
491966     DEBUG Test worker     d.u.i.k.n.KeyIO           Load declarations of de.uka.ilkd.key.nparser.KeyAst$File:  <unknown>:1#1 
491966     INFO  Test worker     d.u.i.k.n.KeyIO           MODE: declarations took 0 ms 
491966     DEBUG Test worker     d.u.i.k.n.KeyIO           MODE: 2nd degree decls took 0 
491966     INFO  Test worker     d.u.i.k.n.KeyIO           Parsing took 0 ms 
491966     DEBUG Test worker     d.u.i.k.n.KeyIO           Load declarations of de.uka.ilkd.key.nparser.KeyAst$File:  <unknown>:1#1 
491966     INFO  Test worker     d.u.i.k.n.KeyIO           MODE: declarations took 0 ms 
491966     DEBUG Test worker     d.u.i.k.n.KeyIO           MODE: 2nd degree decls took 0 
495386     INFO  Test worker     d.u.i.k.n.KeyIO           Parsing took 0 ms 
495386     DEBUG Test worker     d.u.i.k.n.KeyIO           Load declarations of de.uka.ilkd.key.nparser.KeyAst$File:  <unknown>:1#1 
495386     INFO  Test worker     d.u.i.k.n.KeyIO           MODE: declarations took 0 ms 
495386     DEBUG Test worker     d.u.i.k.n.KeyIO           MODE: 2nd degree decls took 0 
495386     INFO  Test worker     d.u.i.k.n.KeyIO           Parsing took 0 ms 
495386     DEBUG Test worker     d.u.i.k.n.KeyIO           Load declarations of de.uka.ilkd.key.nparser.KeyAst$File:  <unknown>:1#1 
495386     INFO  Test worker     d.u.i.k.n.KeyIO           MODE: declarations took 0 ms 
495386     DEBUG Test worker     d.u.i.k.n.KeyIO           MODE: 2nd degree decls took 0 
495386     INFO  Test worker     d.u.i.k.n.KeyIO           Parsing took 0 ms 
495386     DEBUG Test worker     d.u.i.k.n.KeyIO           Load declarations of de.uka.ilkd.key.nparser.KeyAst$File:  <unknown>:1#1 
495386     INFO  Test worker     d.u.i.k.n.KeyIO           MODE: declarations took 0 ms 
495386     DEBUG Test worker     d.u.i.k.n.KeyIO           MODE: 2nd degree decls took 0 
495386     INFO  Test worker     d.u.i.k.n.KeyIO           Parsing took 0 ms 
495386     DEBUG Test worker     d.u.i.k.n.KeyIO           Load declarations of de.uka.ilkd.key.nparser.KeyAst$File:  <unknown>:1#1 
495386     INFO  Test worker     d.u.i.k.n.KeyIO           MODE: declarations took 0 ms 
495386     DEBUG Test worker     d.u.i.k.n.KeyIO           MODE: 2nd degree decls took 0 
495386     INFO  Test worker     d.u.i.k.n.KeyIO           Parsing took 0 ms 
495386     DEBUG Test worker     d.u.i.k.n.KeyIO           Load declarations of de.uka.ilkd.key.nparser.KeyAst$File:  <unknown>:1#1 
495386     INFO  Test worker     d.u.i.k.n.KeyIO           MODE: declarations took 0 ms 
495386     DEBUG Test worker     d.u.i.k.n.KeyIO           MODE: 2nd degree decls took 0 
]]></system-out>
  <system-err><![CDATA[]]></system-err>
</testsuite>
