<?xml version="1.0" encoding="UTF-8"?>
<testsuite name="de.uka.ilkd.key.smt.newsmt2.ProveSMTLemmasTest" tests="25" skipped="0" failures="0" errors="0" timestamp="2023-05-29T21:16:43" hostname="fv-az577-225" time="88.949">
  <properties/>
  <testcase name="[1] seqSub.dl, &#10;    \forall Seq seq;&#10;    \forall int from;&#10;    \forall int to;&#10;    \forall int idx;&#10;        any::seqGet(seqSub(seq, from, to)&lt;&lt;Trigger&gt;&gt;, idx)&#10;      = \if(0 &lt;= idx &amp; idx &lt; (to - from))&#10;        \then(any::seqGet(seq, idx + from))&#10;        \else(seqGetOutside)&#10;" classname="de.uka.ilkd.key.smt.newsmt2.ProveSMTLemmasTest" time="3.634"/>
  <testcase name="[2] jmod.dl, &#10;\forall int divNum; \forall int divDenom;&#10;  jmod(divNum,divDenom) =&#10;    divNum + jdiv(divNum,divDenom)*(-1)*divDenom&#10;" classname="de.uka.ilkd.key.smt.newsmt2.ProveSMTLemmasTest" time="3.627"/>
  <testcase name="[3] seqGetOutside.dl, &#10;    \forall int i; \forall Seq s; ( i &lt; 0 | i &gt;= seqLen(s) -&gt; any::seqGet(s, i)&lt;&lt;Trigger&gt;&gt; = seqGetOutside )&#10;" classname="de.uka.ilkd.key.smt.newsmt2.ProveSMTLemmasTest" time="3.594"/>
  <testcase name="[4] singleton.dl, &#10;  \forall Object o; \forall Field f; \forall Object o2; \forall Field f2;&#10;    ( elementOf(o,f, singleton(o2,f2))&lt;&lt;Trigger&gt;&gt; &lt;-&gt;&#10;      o = o2 &amp; f = f2 )&#10;" classname="de.uka.ilkd.key.smt.newsmt2.ProveSMTLemmasTest" time="3.608"/>
  <testcase name="[5] create.dl, &#10;  \forall Heap h; \forall Object o; \forall Object o2; \forall Field f;&#10;      any::select(create(h, o), o2, f)&lt;&lt;Trigger&gt;&gt; =&#10;         \if(o = o2 &amp; o != null &amp; f = java.lang.Object::&lt;created&gt;)&#10;         \then(TRUE)&#10;         \else(any::select(h, o2, f))&#10;" classname="de.uka.ilkd.key.smt.newsmt2.ProveSMTLemmasTest" time="3.498"/>
  <testcase name="[6] allFields.dl, &#10;  \forall Object o; \forall Field f; \forall Object o2;&#10;    ( elementOf(o,f, allFields(o2))&lt;&lt;Trigger&gt;&gt; &lt;-&gt;&#10;       o = o2 )&#10;" classname="de.uka.ilkd.key.smt.newsmt2.ProveSMTLemmasTest" time="3.518"/>
  <testcase name="[7] seqEmpty.dl, &#10;    seqLen(seqEmpty) = 0&#10;&#10;" classname="de.uka.ilkd.key.smt.newsmt2.ProveSMTLemmasTest" time="3.517"/>
  <testcase name="[8] union.dl, &#10;  \forall Object o; \forall Field f; \forall LocSet l1; \forall LocSet l2;&#10;     ( elementOf(o, f, union(l1, l2))&lt;&lt;Trigger&gt;&gt; &lt;-&gt; elementOf(o,f,l1) | elementOf(o,f,l2) )&#10;" classname="de.uka.ilkd.key.smt.newsmt2.ProveSMTLemmasTest" time="3.479"/>
  <testcase name="[9] seqConcat.dl.2, &#10;    \forall Seq s1; \forall Seq s2; seqLen(seqConcat(s1,s2)&lt;&lt;Trigger&gt;&gt;) = seqLen(s1) + seqLen(s2)&#10;&#10;" classname="de.uka.ilkd.key.smt.newsmt2.ProveSMTLemmasTest" time="3.554"/>
  <testcase name="[10] wellFormed.dl, &#10;  \forall Heap h; \forall Object o; \forall Field f; (wellFormed(h) -&gt;&#10;      boolean::select(h, (java.lang.Object::select(h, o, f))&lt;&lt;Trigger&gt;&gt;, java.lang.Object::&lt;created&gt;) = TRUE&#10;    | (java.lang.Object::select(h, o, f)) = null)&#10;" classname="de.uka.ilkd.key.smt.newsmt2.ProveSMTLemmasTest" time="3.545"/>
  <testcase name="[11] jdiv.dl, &#10;\forall int divNum; \forall int divDenom;&#10;  jdiv(divNum,divDenom) =&#10;         \if (divNum &gt;= 0)&#10;         \then (div(divNum,divDenom))&#10;         \else (div(divNum*(-1),divDenom)*(-1))&#10;" classname="de.uka.ilkd.key.smt.newsmt2.ProveSMTLemmasTest" time="3.572"/>
  <testcase name="[12] empty.dl, &#10;  \forall Object o; \forall Field f; ( elementOf(o,f,empty)&lt;&lt;Trigger&gt;&gt; &lt;-&gt; false )&#10;" classname="de.uka.ilkd.key.smt.newsmt2.ProveSMTLemmasTest" time="3.593"/>
  <testcase name="[13] allLocs.dl, &#10;  \forall Object o; \forall Field f; ( elementOf(o,f,allLocs)&lt;&lt;Trigger&gt;&gt; &lt;-&gt; true )&#10;" classname="de.uka.ilkd.key.smt.newsmt2.ProveSMTLemmasTest" time="3.516"/>
  <testcase name="[14] arrayRange.dl, &#10;  \forall Object o; \forall Object o2; \forall Field f; \forall int lo; \forall int hi;&#10;    (elementOf(o,f, arrayRange(o2, lo, hi))&lt;&lt;Trigger&gt;&gt; &lt;-&gt;&#10;      o = o2 &amp; \exists int iv; (f = arr(iv) &amp; lo &lt;= iv &amp; iv &lt;= hi))&#10;" classname="de.uka.ilkd.key.smt.newsmt2.ProveSMTLemmasTest" time="3.527"/>
  <testcase name="[15] seqConcat.dl, &#10;    \forall int i; \forall Seq s1; \forall Seq s2; ( 0 &lt;= i &amp; i &lt; seqLen(s1) + seqLen(s2) -&gt;&#10;        any::seqGet(seqConcat(s1, s2), i) =&#10;            \if (i &lt; seqLen(s1)) \then (any::seqGet(s1, i)) \else (any::seqGet(s2, i-seqLen(s1))))&#10;&#10;" classname="de.uka.ilkd.key.smt.newsmt2.ProveSMTLemmasTest" time="3.504"/>
  <testcase name="[16] seqLen.dl, &#10;    \forall Seq s; seqLen(s)&lt;&lt;Trigger&gt;&gt; &gt;= 0&#10;" classname="de.uka.ilkd.key.smt.newsmt2.ProveSMTLemmasTest" time="3.518"/>
  <testcase name="[17] length.dl, &#10;    \forall Object o; length(o) &gt;= 0&#10;" classname="de.uka.ilkd.key.smt.newsmt2.ProveSMTLemmasTest" time="3.578"/>
  <testcase name="[18] freshLocs.dl, &#10;  \forall Heap h; \forall Object o; \forall Field f;&#10;     ( elementOf(o,f,freshLocs(h))&lt;&lt;Trigger&gt;&gt; &lt;-&gt;&#10;        o != null &amp; !boolean::select(h,o,java.lang.Object::&lt;created&gt;)=TRUE )&#10;" classname="de.uka.ilkd.key.smt.newsmt2.ProveSMTLemmasTest" time="3.527"/>
  <testcase name="[19] anon.dl, &#10;    \forall Heap h; \forall Object o; \forall Field f; \forall Heap h2; \forall LocSet ls;&#10;      any::select(anon(h, ls, h2), o, f)&lt;&lt;Trigger&gt;&gt; =&#10;         \if(elementOf(o, f, ls) &amp; f != java.lang.Object::&lt;created&gt;&#10;           | elementOf(o, f, freshLocs(h)))&#10;         \then(any::select(h2, o, f))&#10;         \else(any::select(h, o, f))&#10;" classname="de.uka.ilkd.key.smt.newsmt2.ProveSMTLemmasTest" time="3.593"/>
  <testcase name="[20] memset.dl, &#10;    \forall Heap h; \forall LocSet s; \forall any x; \forall Object o; \forall Field f;&#10;      any::select(memset(h, s, x), o, f)&lt;&lt;Trigger&gt;&gt; =&#10;         \if(elementOf(o, f, s) &amp; f != java.lang.Object::&lt;created&gt;)&#10;         \then(x)&#10;         \else(any::select(h, o, f))&#10;" classname="de.uka.ilkd.key.smt.newsmt2.ProveSMTLemmasTest" time="3.594"/>
  <testcase name="[21] store.dl, &#10;    \forall Heap h; \forall Object o; \forall Field f; \forall Object o2; \forall Field f2; \forall any v;&#10;      any::select(store(h,o,f,v), o2, f2)&lt;&lt;Trigger&gt;&gt; =&#10;         \if(o = o2 &amp; f = f2 &amp; f != java.lang.Object::&lt;created&gt;)&#10;         \then(v)&#10;         \else(any::select(h, o2, f2))&#10;" classname="de.uka.ilkd.key.smt.newsmt2.ProveSMTLemmasTest" time="3.564"/>
  <testcase name="[22] seqSub.dl.2, &#10;    \forall Seq seq;&#10;    \forall int from;&#10;    \forall int to;&#10;        seqLen(seqSub(seq, from, to)&lt;&lt;Trigger&gt;&gt;)&#10;      = \if(from &lt; to)\then(to - from)\else(0)&#10;" classname="de.uka.ilkd.key.smt.newsmt2.ProveSMTLemmasTest" time="3.574"/>
  <testcase name="[23] seqSingleton.dl, &#10;    \forall any x; any::seqGet(seqSingleton(x)&lt;&lt;Trigger&gt;&gt;, 0) = x&#10;&#10;" classname="de.uka.ilkd.key.smt.newsmt2.ProveSMTLemmasTest" time="3.572"/>
  <testcase name="[24] seqSingleton.dl.2, &#10;    \forall any x; seqLen(seqSingleton(x)&lt;&lt;Trigger&gt;&gt;) = 1&#10;&#10;" classname="de.uka.ilkd.key.smt.newsmt2.ProveSMTLemmasTest" time="3.595"/>
  <testcase name="[25] null.dl, &#10;     \forall any x; ((Null::instance(x))&lt;&lt;Trigger&gt;&gt; = TRUE -&gt; x = null) &#10;" classname="de.uka.ilkd.key.smt.newsmt2.ProveSMTLemmasTest" time="3.544"/>
  <system-out><![CDATA[804325     INFO  Test worker     d.u.i.k.s.n.ProveSMTLemmasTest Now processing file /tmp/SMT_lemma_seqSub.dl_8368577874396562949.key 
804325     INFO  Test worker     d.u.i.k.p.i.AbstractProblemLoader Loading environment from /tmp/SMT_lemma_seqSub.dl_8368577874396562949.key 
804325     DEBUG Test worker     d.u.i.k.p.i.AbstractProblemLoader Environment load took 54.6ns 
804326     INFO  Test worker     d.u.i.k.p.i.AbstractProblemLoader Creating init config 
807839     DEBUG Test worker     d.u.i.k.p.i.AbstractProblemLoader Init config took 3.51s 
807854     INFO  Test worker     d.u.i.k.p.i.AbstractProblemLoader Replaying proof SMT_lemma_seqSub.dl_8368577874396562949.key 
807855     DEBUG Test worker     d.u.i.k.p.i.IntermediateProofReplayer Proof replay took 10.3ns 
807958     INFO  Test worker     d.u.i.k.s.n.ProveSMTLemmasTest Now processing file /home/runner/work/key/key/key.core/build/resources/test/de/uka/ilkd/key/smt/newsmt2/SMT_lemma_jmod.dl.proof 
807958     INFO  Test worker     d.u.i.k.p.i.AbstractProblemLoader Loading environment from /home/runner/work/key/key/key.core/build/resources/test/de/uka/ilkd/key/smt/newsmt2/SMT_lemma_jmod.dl.proof 
807959     DEBUG Test worker     d.u.i.k.p.i.AbstractProblemLoader Environment load took 69.2ns 
807959     INFO  Test worker     d.u.i.k.p.i.AbstractProblemLoader Creating init config 
811460     DEBUG Test worker     d.u.i.k.p.i.AbstractProblemLoader Init config took 3.5s 
811476     INFO  Test worker     d.u.i.k.p.i.AbstractProblemLoader Replaying proof SMT_lemma_jmod.dl.proof 
811482     DEBUG Test worker     d.u.i.k.p.i.IntermediateProofReplayer Proof replay took 4.54ms 
811585     INFO  Test worker     d.u.i.k.s.n.ProveSMTLemmasTest Now processing file /home/runner/work/key/key/key.core/build/resources/test/de/uka/ilkd/key/smt/newsmt2/SMT_lemma_seqGetOutside.dl.proof 
811585     INFO  Test worker     d.u.i.k.p.i.AbstractProblemLoader Loading environment from /home/runner/work/key/key/key.core/build/resources/test/de/uka/ilkd/key/smt/newsmt2/SMT_lemma_seqGetOutside.dl.proof 
811586     DEBUG Test worker     d.u.i.k.p.i.AbstractProblemLoader Environment load took 67.8ns 
811587     INFO  Test worker     d.u.i.k.p.i.AbstractProblemLoader Creating init config 
815042     DEBUG Test worker     d.u.i.k.p.i.AbstractProblemLoader Init config took 3.46s 
815056     INFO  Test worker     d.u.i.k.p.i.AbstractProblemLoader Replaying proof SMT_lemma_seqGetOutside.dl.proof 
815076     DEBUG Test worker     d.u.i.k.p.i.IntermediateProofReplayer Proof replay took 18.19ms 
815180     INFO  Test worker     d.u.i.k.s.n.ProveSMTLemmasTest Now processing file /tmp/SMT_lemma_singleton.dl_11436431569093810040.key 
815180     INFO  Test worker     d.u.i.k.p.i.AbstractProblemLoader Loading environment from /tmp/SMT_lemma_singleton.dl_11436431569093810040.key 
815180     DEBUG Test worker     d.u.i.k.p.i.AbstractProblemLoader Environment load took 56.4ns 
815181     INFO  Test worker     d.u.i.k.p.i.AbstractProblemLoader Creating init config 
818666     DEBUG Test worker     d.u.i.k.p.i.AbstractProblemLoader Init config took 3.49s 
818683     INFO  Test worker     d.u.i.k.p.i.AbstractProblemLoader Replaying proof SMT_lemma_singleton.dl_11436431569093810040.key 
818685     DEBUG Test worker     d.u.i.k.p.i.IntermediateProofReplayer Proof replay took 9.6ns 
818788     INFO  Test worker     d.u.i.k.s.n.ProveSMTLemmasTest Now processing file /tmp/SMT_lemma_create.dl_17223419859687052710.key 
818788     INFO  Test worker     d.u.i.k.p.i.AbstractProblemLoader Loading environment from /tmp/SMT_lemma_create.dl_17223419859687052710.key 
818788     DEBUG Test worker     d.u.i.k.p.i.AbstractProblemLoader Environment load took 73.5ns 
818789     INFO  Test worker     d.u.i.k.p.i.AbstractProblemLoader Creating init config 
822167     DEBUG Test worker     d.u.i.k.p.i.AbstractProblemLoader Init config took 3.38s 
822182     INFO  Test worker     d.u.i.k.p.i.AbstractProblemLoader Replaying proof SMT_lemma_create.dl_17223419859687052710.key 
822183     DEBUG Test worker     d.u.i.k.p.i.IntermediateProofReplayer Proof replay took 32.8ns 
822286     INFO  Test worker     d.u.i.k.s.n.ProveSMTLemmasTest Now processing file /tmp/SMT_lemma_allFields.dl_4947039235133650294.key 
822286     INFO  Test worker     d.u.i.k.p.i.AbstractProblemLoader Loading environment from /tmp/SMT_lemma_allFields.dl_4947039235133650294.key 
822286     DEBUG Test worker     d.u.i.k.p.i.AbstractProblemLoader Environment load took 78.1ns 
822287     INFO  Test worker     d.u.i.k.p.i.AbstractProblemLoader Creating init config 
825685     DEBUG Test worker     d.u.i.k.p.i.AbstractProblemLoader Init config took 3.4s 
825699     INFO  Test worker     d.u.i.k.p.i.AbstractProblemLoader Replaying proof SMT_lemma_allFields.dl_4947039235133650294.key 
825700     DEBUG Test worker     d.u.i.k.p.i.IntermediateProofReplayer Proof replay took 10.8ns 
825803     INFO  Test worker     d.u.i.k.s.n.ProveSMTLemmasTest Now processing file /tmp/SMT_lemma_seqEmpty.dl_10887968010253485141.key 
825804     INFO  Test worker     d.u.i.k.p.i.AbstractProblemLoader Loading environment from /tmp/SMT_lemma_seqEmpty.dl_10887968010253485141.key 
825804     DEBUG Test worker     d.u.i.k.p.i.AbstractProblemLoader Environment load took 54.1ns 
825805     INFO  Test worker     d.u.i.k.p.i.AbstractProblemLoader Creating init config 
829201     DEBUG Test worker     d.u.i.k.p.i.AbstractProblemLoader Init config took 3.4s 
829216     INFO  Test worker     d.u.i.k.p.i.AbstractProblemLoader Replaying proof SMT_lemma_seqEmpty.dl_10887968010253485141.key 
829217     DEBUG Test worker     d.u.i.k.p.i.IntermediateProofReplayer Proof replay took 10.4ns 
829320     INFO  Test worker     d.u.i.k.s.n.ProveSMTLemmasTest Now processing file /tmp/SMT_lemma_union.dl_505644447254730534.key 
829320     INFO  Test worker     d.u.i.k.p.i.AbstractProblemLoader Loading environment from /tmp/SMT_lemma_union.dl_505644447254730534.key 
829320     DEBUG Test worker     d.u.i.k.p.i.AbstractProblemLoader Environment load took 56.5ns 
829321     INFO  Test worker     d.u.i.k.p.i.AbstractProblemLoader Creating init config 
832681     DEBUG Test worker     d.u.i.k.p.i.AbstractProblemLoader Init config took 3.36s 
832695     INFO  Test worker     d.u.i.k.p.i.AbstractProblemLoader Replaying proof SMT_lemma_union.dl_505644447254730534.key 
832696     DEBUG Test worker     d.u.i.k.p.i.IntermediateProofReplayer Proof replay took 10.2ns 
832800     INFO  Test worker     d.u.i.k.s.n.ProveSMTLemmasTest Now processing file /tmp/SMT_lemma_seqConcat.dl.2_7165118280912178011.key 
832800     INFO  Test worker     d.u.i.k.p.i.AbstractProblemLoader Loading environment from /tmp/SMT_lemma_seqConcat.dl.2_7165118280912178011.key 
832800     DEBUG Test worker     d.u.i.k.p.i.AbstractProblemLoader Environment load took 55.1ns 
832801     INFO  Test worker     d.u.i.k.p.i.AbstractProblemLoader Creating init config 
836235     DEBUG Test worker     d.u.i.k.p.i.AbstractProblemLoader Init config took 3.43s 
836250     INFO  Test worker     d.u.i.k.p.i.AbstractProblemLoader Replaying proof SMT_lemma_seqConcat.dl.2_7165118280912178011.key 
836251     DEBUG Test worker     d.u.i.k.p.i.IntermediateProofReplayer Proof replay took 10.8ns 
836353     INFO  Test worker     d.u.i.k.s.n.ProveSMTLemmasTest Now processing file /tmp/SMT_lemma_wellFormed.dl_5431175154278908012.key 
836354     INFO  Test worker     d.u.i.k.p.i.AbstractProblemLoader Loading environment from /tmp/SMT_lemma_wellFormed.dl_5431175154278908012.key 
836354     DEBUG Test worker     d.u.i.k.p.i.AbstractProblemLoader Environment load took 62.3ns 
836356     INFO  Test worker     d.u.i.k.p.i.AbstractProblemLoader Creating init config 
839780     DEBUG Test worker     d.u.i.k.p.i.AbstractProblemLoader Init config took 3.42s 
839794     INFO  Test worker     d.u.i.k.p.i.AbstractProblemLoader Replaying proof SMT_lemma_wellFormed.dl_5431175154278908012.key 
839795     DEBUG Test worker     d.u.i.k.p.i.IntermediateProofReplayer Proof replay took 28ns 
839898     INFO  Test worker     d.u.i.k.s.n.ProveSMTLemmasTest Now processing file /home/runner/work/key/key/key.core/build/resources/test/de/uka/ilkd/key/smt/newsmt2/SMT_lemma_jdiv.dl.proof 
839898     INFO  Test worker     d.u.i.k.p.i.AbstractProblemLoader Loading environment from /home/runner/work/key/key/key.core/build/resources/test/de/uka/ilkd/key/smt/newsmt2/SMT_lemma_jdiv.dl.proof 
839898     DEBUG Test worker     d.u.i.k.p.i.AbstractProblemLoader Environment load took 77.9ns 
839899     INFO  Test worker     d.u.i.k.p.i.AbstractProblemLoader Creating init config 
843346     DEBUG Test worker     d.u.i.k.p.i.AbstractProblemLoader Init config took 3.45s 
843360     INFO  Test worker     d.u.i.k.p.i.AbstractProblemLoader Replaying proof SMT_lemma_jdiv.dl.proof 
843365     DEBUG Test worker     d.u.i.k.p.i.IntermediateProofReplayer Proof replay took 3.14ms 
843473     INFO  Test worker     d.u.i.k.s.n.ProveSMTLemmasTest Now processing file /tmp/SMT_lemma_empty.dl_10308083816767063490.key 
843473     INFO  Test worker     d.u.i.k.p.i.AbstractProblemLoader Loading environment from /tmp/SMT_lemma_empty.dl_10308083816767063490.key 
843474     DEBUG Test worker     d.u.i.k.p.i.AbstractProblemLoader Environment load took 273.8ns 
843475     INFO  Test worker     d.u.i.k.p.i.AbstractProblemLoader Creating init config 
846945     DEBUG Test worker     d.u.i.k.p.i.AbstractProblemLoader Init config took 3.47s 
846960     INFO  Test worker     d.u.i.k.p.i.AbstractProblemLoader Replaying proof SMT_lemma_empty.dl_10308083816767063490.key 
846961     DEBUG Test worker     d.u.i.k.p.i.IntermediateProofReplayer Proof replay took 9.5ns 
847064     INFO  Test worker     d.u.i.k.s.n.ProveSMTLemmasTest Now processing file /tmp/SMT_lemma_allLocs.dl_11522666964775286130.key 
847064     INFO  Test worker     d.u.i.k.p.i.AbstractProblemLoader Loading environment from /tmp/SMT_lemma_allLocs.dl_11522666964775286130.key 
847065     DEBUG Test worker     d.u.i.k.p.i.AbstractProblemLoader Environment load took 78.7ns 
847066     INFO  Test worker     d.u.i.k.p.i.AbstractProblemLoader Creating init config 
850458     DEBUG Test worker     d.u.i.k.p.i.AbstractProblemLoader Init config took 3.39s 
850475     INFO  Test worker     d.u.i.k.p.i.AbstractProblemLoader Replaying proof SMT_lemma_allLocs.dl_11522666964775286130.key 
850477     DEBUG Test worker     d.u.i.k.p.i.IntermediateProofReplayer Proof replay took 12.1ns 
850580     INFO  Test worker     d.u.i.k.s.n.ProveSMTLemmasTest Now processing file /tmp/SMT_lemma_arrayRange.dl_4644722036166099508.key 
850580     INFO  Test worker     d.u.i.k.p.i.AbstractProblemLoader Loading environment from /tmp/SMT_lemma_arrayRange.dl_4644722036166099508.key 
850580     DEBUG Test worker     d.u.i.k.p.i.AbstractProblemLoader Environment load took 54.7ns 
850581     INFO  Test worker     d.u.i.k.p.i.AbstractProblemLoader Creating init config 
853989     DEBUG Test worker     d.u.i.k.p.i.AbstractProblemLoader Init config took 3.41s 
854003     INFO  Test worker     d.u.i.k.p.i.AbstractProblemLoader Replaying proof SMT_lemma_arrayRange.dl_4644722036166099508.key 
854004     DEBUG Test worker     d.u.i.k.p.i.IntermediateProofReplayer Proof replay took 9.6ns 
854107     INFO  Test worker     d.u.i.k.s.n.ProveSMTLemmasTest Now processing file /tmp/SMT_lemma_seqConcat.dl_5690172652106869571.key 
854107     INFO  Test worker     d.u.i.k.p.i.AbstractProblemLoader Loading environment from /tmp/SMT_lemma_seqConcat.dl_5690172652106869571.key 
854107     DEBUG Test worker     d.u.i.k.p.i.AbstractProblemLoader Environment load took 46.1ns 
854109     INFO  Test worker     d.u.i.k.p.i.AbstractProblemLoader Creating init config 
857492     DEBUG Test worker     d.u.i.k.p.i.AbstractProblemLoader Init config took 3.38s 
857507     INFO  Test worker     d.u.i.k.p.i.AbstractProblemLoader Replaying proof SMT_lemma_seqConcat.dl_5690172652106869571.key 
857508     DEBUG Test worker     d.u.i.k.p.i.IntermediateProofReplayer Proof replay took 90.6ns 
857611     INFO  Test worker     d.u.i.k.s.n.ProveSMTLemmasTest Now processing file /tmp/SMT_lemma_seqLen.dl_12251401803485453095.key 
857612     INFO  Test worker     d.u.i.k.p.i.AbstractProblemLoader Loading environment from /tmp/SMT_lemma_seqLen.dl_12251401803485453095.key 
857612     DEBUG Test worker     d.u.i.k.p.i.AbstractProblemLoader Environment load took 56.7ns 
857613     INFO  Test worker     d.u.i.k.p.i.AbstractProblemLoader Creating init config 
861009     DEBUG Test worker     d.u.i.k.p.i.AbstractProblemLoader Init config took 3.4s 
861024     INFO  Test worker     d.u.i.k.p.i.AbstractProblemLoader Replaying proof SMT_lemma_seqLen.dl_12251401803485453095.key 
861026     DEBUG Test worker     d.u.i.k.p.i.IntermediateProofReplayer Proof replay took 10.9ns 
861129     INFO  Test worker     d.u.i.k.s.n.ProveSMTLemmasTest Now processing file /tmp/SMT_lemma_length.dl_3875699242747946769.key 
861129     INFO  Test worker     d.u.i.k.p.i.AbstractProblemLoader Loading environment from /tmp/SMT_lemma_length.dl_3875699242747946769.key 
861129     DEBUG Test worker     d.u.i.k.p.i.AbstractProblemLoader Environment load took 58.2ns 
861130     INFO  Test worker     d.u.i.k.p.i.AbstractProblemLoader Creating init config 
864589     DEBUG Test worker     d.u.i.k.p.i.AbstractProblemLoader Init config took 3.46s 
864604     INFO  Test worker     d.u.i.k.p.i.AbstractProblemLoader Replaying proof SMT_lemma_length.dl_3875699242747946769.key 
864605     DEBUG Test worker     d.u.i.k.p.i.IntermediateProofReplayer Proof replay took 10.7ns 
864708     INFO  Test worker     d.u.i.k.s.n.ProveSMTLemmasTest Now processing file /tmp/SMT_lemma_freshLocs.dl_3665399928365384477.key 
864708     INFO  Test worker     d.u.i.k.p.i.AbstractProblemLoader Loading environment from /tmp/SMT_lemma_freshLocs.dl_3665399928365384477.key 
864708     DEBUG Test worker     d.u.i.k.p.i.AbstractProblemLoader Environment load took 57.1ns 
864709     INFO  Test worker     d.u.i.k.p.i.AbstractProblemLoader Creating init config 
868115     DEBUG Test worker     d.u.i.k.p.i.AbstractProblemLoader Init config took 3.41s 
868129     INFO  Test worker     d.u.i.k.p.i.AbstractProblemLoader Replaying proof SMT_lemma_freshLocs.dl_3665399928365384477.key 
868131     DEBUG Test worker     d.u.i.k.p.i.IntermediateProofReplayer Proof replay took 14.6ns 
868234     INFO  Test worker     d.u.i.k.s.n.ProveSMTLemmasTest Now processing file /tmp/SMT_lemma_anon.dl_404027142069589051.key 
868235     INFO  Test worker     d.u.i.k.p.i.AbstractProblemLoader Loading environment from /tmp/SMT_lemma_anon.dl_404027142069589051.key 
868235     DEBUG Test worker     d.u.i.k.p.i.AbstractProblemLoader Environment load took 55ns 
868236     INFO  Test worker     d.u.i.k.p.i.AbstractProblemLoader Creating init config 
871678     DEBUG Test worker     d.u.i.k.p.i.AbstractProblemLoader Init config took 3.44s 
871723     INFO  Test worker     d.u.i.k.p.i.AbstractProblemLoader Replaying proof SMT_lemma_anon.dl_404027142069589051.key 
871724     DEBUG Test worker     d.u.i.k.p.i.IntermediateProofReplayer Proof replay took 10.2ns 
871828     INFO  Test worker     d.u.i.k.s.n.ProveSMTLemmasTest Now processing file /tmp/SMT_lemma_memset.dl_1881820347033294621.key 
871828     INFO  Test worker     d.u.i.k.p.i.AbstractProblemLoader Loading environment from /tmp/SMT_lemma_memset.dl_1881820347033294621.key 
871828     DEBUG Test worker     d.u.i.k.p.i.AbstractProblemLoader Environment load took 58.4ns 
871829     INFO  Test worker     d.u.i.k.p.i.AbstractProblemLoader Creating init config 
875303     DEBUG Test worker     d.u.i.k.p.i.AbstractProblemLoader Init config took 3.47s 
875318     INFO  Test worker     d.u.i.k.p.i.AbstractProblemLoader Replaying proof SMT_lemma_memset.dl_1881820347033294621.key 
875319     DEBUG Test worker     d.u.i.k.p.i.IntermediateProofReplayer Proof replay took 9.1ns 
875422     INFO  Test worker     d.u.i.k.s.n.ProveSMTLemmasTest Now processing file /tmp/SMT_lemma_store.dl_732200637502245092.key 
875422     INFO  Test worker     d.u.i.k.p.i.AbstractProblemLoader Loading environment from /tmp/SMT_lemma_store.dl_732200637502245092.key 
875422     DEBUG Test worker     d.u.i.k.p.i.AbstractProblemLoader Environment load took 62.7ns 
875423     INFO  Test worker     d.u.i.k.p.i.AbstractProblemLoader Creating init config 
878868     DEBUG Test worker     d.u.i.k.p.i.AbstractProblemLoader Init config took 3.44s 
878881     INFO  Test worker     d.u.i.k.p.i.AbstractProblemLoader Replaying proof SMT_lemma_store.dl_732200637502245092.key 
878883     DEBUG Test worker     d.u.i.k.p.i.IntermediateProofReplayer Proof replay took 10.7ns 
878986     INFO  Test worker     d.u.i.k.s.n.ProveSMTLemmasTest Now processing file /tmp/SMT_lemma_seqSub.dl.2_16084421944258147815.key 
878987     INFO  Test worker     d.u.i.k.p.i.AbstractProblemLoader Loading environment from /tmp/SMT_lemma_seqSub.dl.2_16084421944258147815.key 
878987     DEBUG Test worker     d.u.i.k.p.i.AbstractProblemLoader Environment load took 264.3ns 
878988     INFO  Test worker     d.u.i.k.p.i.AbstractProblemLoader Creating init config 
882439     DEBUG Test worker     d.u.i.k.p.i.AbstractProblemLoader Init config took 3.45s 
882453     INFO  Test worker     d.u.i.k.p.i.AbstractProblemLoader Replaying proof SMT_lemma_seqSub.dl.2_16084421944258147815.key 
882454     DEBUG Test worker     d.u.i.k.p.i.IntermediateProofReplayer Proof replay took 11.2ns 
882560     INFO  Test worker     d.u.i.k.s.n.ProveSMTLemmasTest Now processing file /tmp/SMT_lemma_seqSingleton.dl_17691805207846719531.key 
882560     INFO  Test worker     d.u.i.k.p.i.AbstractProblemLoader Loading environment from /tmp/SMT_lemma_seqSingleton.dl_17691805207846719531.key 
882560     DEBUG Test worker     d.u.i.k.p.i.AbstractProblemLoader Environment load took 84.7ns 
882561     INFO  Test worker     d.u.i.k.p.i.AbstractProblemLoader Creating init config 
886014     DEBUG Test worker     d.u.i.k.p.i.AbstractProblemLoader Init config took 3.45s 
886028     INFO  Test worker     d.u.i.k.p.i.AbstractProblemLoader Replaying proof SMT_lemma_seqSingleton.dl_17691805207846719531.key 
886030     DEBUG Test worker     d.u.i.k.p.i.IntermediateProofReplayer Proof replay took 10.5ns 
886135     INFO  Test worker     d.u.i.k.s.n.ProveSMTLemmasTest Now processing file /tmp/SMT_lemma_seqSingleton.dl.2_3779967989319093707.key 
886135     INFO  Test worker     d.u.i.k.p.i.AbstractProblemLoader Loading environment from /tmp/SMT_lemma_seqSingleton.dl.2_3779967989319093707.key 
886135     DEBUG Test worker     d.u.i.k.p.i.AbstractProblemLoader Environment load took 118.7ns 
886136     INFO  Test worker     d.u.i.k.p.i.AbstractProblemLoader Creating init config 
889610     DEBUG Test worker     d.u.i.k.p.i.AbstractProblemLoader Init config took 3.47s 
889625     INFO  Test worker     d.u.i.k.p.i.AbstractProblemLoader Replaying proof SMT_lemma_seqSingleton.dl.2_3779967989319093707.key 
889627     DEBUG Test worker     d.u.i.k.p.i.IntermediateProofReplayer Proof replay took 9.4ns 
889730     INFO  Test worker     d.u.i.k.s.n.ProveSMTLemmasTest Now processing file /tmp/SMT_lemma_null.dl_18355084032299162057.key 
889730     INFO  Test worker     d.u.i.k.p.i.AbstractProblemLoader Loading environment from /tmp/SMT_lemma_null.dl_18355084032299162057.key 
889730     DEBUG Test worker     d.u.i.k.p.i.AbstractProblemLoader Environment load took 49.3ns 
889731     INFO  Test worker     d.u.i.k.p.i.AbstractProblemLoader Creating init config 
893153     DEBUG Test worker     d.u.i.k.p.i.AbstractProblemLoader Init config took 3.42s 
893169     INFO  Test worker     d.u.i.k.p.i.AbstractProblemLoader Replaying proof SMT_lemma_null.dl_18355084032299162057.key 
893170     DEBUG Test worker     d.u.i.k.p.i.IntermediateProofReplayer Proof replay took 10.3ns 
]]></system-out>
  <system-err><![CDATA[]]></system-err>
</testsuite>
