<?xml version="1.0" encoding="UTF-8"?>
<testsuite name="de.uka.ilkd.key.taclettranslation.TestTacletTranslator" tests="5" skipped="0" failures="0" errors="0" timestamp="2023-05-29T21:19:01" hostname="fv-az577-225" time="0.009">
  <properties/>
  <testcase name="testPropositional1()" classname="de.uka.ilkd.key.taclettranslation.TestTacletTranslator" time="0.004"/>
  <testcase name="testPropositional2()" classname="de.uka.ilkd.key.taclettranslation.TestTacletTranslator" time="0.001"/>
  <testcase name="testNegativePolarity()" classname="de.uka.ilkd.key.taclettranslation.TestTacletTranslator" time="0.001"/>
  <testcase name="testNoPolarity()" classname="de.uka.ilkd.key.taclettranslation.TestTacletTranslator" time="0.001"/>
  <testcase name="testPositivePolarity()" classname="de.uka.ilkd.key.taclettranslation.TestTacletTranslator" time="0.001"/>
  <system-out><![CDATA[942816     INFO  Test worker     d.u.i.k.n.KeyIO           Parsing took 0 ms 
942817     DEBUG Test worker     d.u.i.k.n.KeyIO           Load declarations of de.uka.ilkd.key.nparser.KeyAst$File:  <unknown>:1#1 
942817     INFO  Test worker     d.u.i.k.n.KeyIO           MODE: declarations took 0 ms 
942817     DEBUG Test worker     d.u.i.k.n.KeyIO           MODE: 2nd degree decls took 0 
942817     DEBUG Test worker     d.u.i.k.n.KeyIO           MODE: taclets took 0ms 
942820     INFO  Test worker     d.u.i.k.n.KeyIO           Parsing took 0 ms 
942820     DEBUG Test worker     d.u.i.k.n.KeyIO           Load declarations of de.uka.ilkd.key.nparser.KeyAst$File:  <unknown>:1#1 
942820     INFO  Test worker     d.u.i.k.n.KeyIO           MODE: declarations took 0 ms 
942820     DEBUG Test worker     d.u.i.k.n.KeyIO           MODE: 2nd degree decls took 0 
942820     DEBUG Test worker     d.u.i.k.n.KeyIO           MODE: taclets took 0ms 
942821     INFO  Test worker     d.u.i.k.n.KeyIO           Parsing took 0 ms 
942821     DEBUG Test worker     d.u.i.k.n.KeyIO           Load declarations of de.uka.ilkd.key.nparser.KeyAst$File:  <unknown>:1#1 
942821     INFO  Test worker     d.u.i.k.n.KeyIO           MODE: declarations took 0 ms 
942821     DEBUG Test worker     d.u.i.k.n.KeyIO           MODE: 2nd degree decls took 0 
942822     DEBUG Test worker     d.u.i.k.n.KeyIO           MODE: taclets took 1ms 
942823     INFO  Test worker     d.u.i.k.n.KeyIO           Parsing took 1 ms 
942823     DEBUG Test worker     d.u.i.k.n.KeyIO           Load declarations of de.uka.ilkd.key.nparser.KeyAst$File:  <unknown>:1#1 
942823     INFO  Test worker     d.u.i.k.n.KeyIO           MODE: declarations took 0 ms 
942823     DEBUG Test worker     d.u.i.k.n.KeyIO           MODE: 2nd degree decls took 0 
942823     DEBUG Test worker     d.u.i.k.n.KeyIO           MODE: taclets took 0ms 
942824     INFO  Test worker     d.u.i.k.n.KeyIO           Parsing took 0 ms 
942824     DEBUG Test worker     d.u.i.k.n.KeyIO           Load declarations of de.uka.ilkd.key.nparser.KeyAst$File:  <unknown>:1#1 
942824     INFO  Test worker     d.u.i.k.n.KeyIO           MODE: declarations took 0 ms 
942824     DEBUG Test worker     d.u.i.k.n.KeyIO           MODE: 2nd degree decls took 0 
942824     DEBUG Test worker     d.u.i.k.n.KeyIO           MODE: taclets took 0ms 
]]></system-out>
  <system-err><![CDATA[]]></system-err>
</testsuite>
