<?xml version="1.0" encoding="UTF-8"?>
<testsuite name="de.uka.ilkd.key.rule.merge.PredicateAbstractionLatticeTests" tests="3" skipped="0" failures="0" errors="0" timestamp="2023-05-29T21:13:45" hostname="fv-az577-225" time="7.078">
  <properties/>
  <testcase name="testToAndFromString()" classname="de.uka.ilkd.key.rule.merge.PredicateAbstractionLatticeTests" time="3.547"/>
  <testcase name="testCreateSignLatticeWithPredicates()" classname="de.uka.ilkd.key.rule.merge.PredicateAbstractionLatticeTests" time="3.531"/>
  <testcase name="testTrivialPredicatesLattice()" classname="de.uka.ilkd.key.rule.merge.PredicateAbstractionLatticeTests" time="0.0"/>
  <system-out><![CDATA[626051     INFO  Test worker     d.u.i.k.p.i.AbstractProblemLoader Loading environment from src/test/resources/testcase/merge/dummy.key 
626051     DEBUG Test worker     d.u.i.k.p.i.AbstractProblemLoader Environment load took 94.6ns 
626051     INFO  Test worker     d.u.i.k.p.i.AbstractProblemLoader Creating init config 
629577     DEBUG Test worker     d.u.i.k.p.i.AbstractProblemLoader Init config took 3.53s 
629592     INFO  Test worker     d.u.i.k.p.i.AbstractProblemLoader Replaying proof dummy.key 
629594     DEBUG Test worker     d.u.i.k.p.i.IntermediateProofReplayer Proof replay took 10.7ns 
629597     INFO  Test worker     d.u.i.k.p.i.AbstractProblemLoader Loading environment from src/test/resources/testcase/merge/dummy.key 
629597     DEBUG Test worker     d.u.i.k.p.i.AbstractProblemLoader Environment load took 358.3ns 
629598     INFO  Test worker     d.u.i.k.p.i.AbstractProblemLoader Creating init config 
633108     DEBUG Test worker     d.u.i.k.p.i.AbstractProblemLoader Init config took 3.51s 
633124     INFO  Test worker     d.u.i.k.p.i.AbstractProblemLoader Replaying proof dummy.key 
633125     DEBUG Test worker     d.u.i.k.p.i.IntermediateProofReplayer Proof replay took 9.4ns 
]]></system-out>
  <system-err><![CDATA[]]></system-err>
</testsuite>
