<?xml version="1.0" encoding="UTF-8"?>
<testsuite name="de.uka.ilkd.key.parser.proofjava.TestProofJavaParser" tests="4" skipped="0" failures="0" errors="0" timestamp="2023-05-29T21:11:41" hostname="fv-az577-225" time="0.025">
  <properties/>
  <testcase name="testGenericWithWithoutSpaces()" classname="de.uka.ilkd.key.parser.proofjava.TestProofJavaParser" time="0.001"/>
  <testcase name="testExpressions()" classname="de.uka.ilkd.key.parser.proofjava.TestProofJavaParser" time="0.008"/>
  <testcase name="testGenericClassDeclarations()" classname="de.uka.ilkd.key.parser.proofjava.TestProofJavaParser" time="0.004"/>
  <testcase name="testMemberDeclarations()" classname="de.uka.ilkd.key.parser.proofjava.TestProofJavaParser" time="0.012"/>
  <system-out><![CDATA[502218     DEBUG Test worker     d.u.i.k.p.p.TestProofJavaParser <a>+2 <-> 
                                        <a> + 2 
502219     DEBUG Test worker     d.u.i.k.p.p.TestProofJavaParser a >> <a> <-> 
     a >> <a> 
502222     DEBUG Test worker     d.u.i.k.p.p.TestProofJavaParser a<<b>-2 <-> 
        a << b > -2 
502225     DEBUG Test worker     d.u.i.k.p.p.TestProofJavaParser A<T>.<B><S>.class <-> 
       A.<B><S>.class 
]]></system-out>
  <system-err><![CDATA[]]></system-err>
</testsuite>
