<?xml version="1.0" encoding="UTF-8"?>
<testsuite name="de.uka.ilkd.key.parser.TestDeclParser" tests="14" skipped="2" failures="0" errors="0" timestamp="2023-05-29T21:07:29" hostname="fv-az577-225" time="13.242">
  <properties/>
  <testcase name="testGenericSortDecl1()" classname="de.uka.ilkd.key.parser.TestDeclParser" time="1.203"/>
  <testcase name="testGenericSortDecl2()" classname="de.uka.ilkd.key.parser.TestDeclParser" time="1.137"/>
  <testcase name="testGenericSortDecl3()" classname="de.uka.ilkd.key.parser.TestDeclParser" time="1.094"/>
  <testcase name="testGenericSortDecl4()" classname="de.uka.ilkd.key.parser.TestDeclParser" time="1.081"/>
  <testcase name="testGenericSortDecl5()" classname="de.uka.ilkd.key.parser.TestDeclParser" time="0.0">
    <skipped/>
  </testcase>
  <testcase name="testGenericSortDecl6()" classname="de.uka.ilkd.key.parser.TestDeclParser" time="1.029"/>
  <testcase name="testSortDecl()" classname="de.uka.ilkd.key.parser.TestDeclParser" time="1.096"/>
  <testcase name="testProxySortDecl()" classname="de.uka.ilkd.key.parser.TestDeclParser" time="1.163"/>
  <testcase name="testArrayDecl()" classname="de.uka.ilkd.key.parser.TestDeclParser" time="1.112"/>
  <testcase name="testAmbiguousDecls()" classname="de.uka.ilkd.key.parser.TestDeclParser" time="0.0">
    <skipped/>
  </testcase>
  <testcase name="testHeurDecl()" classname="de.uka.ilkd.key.parser.TestDeclParser" time="1.106"/>
  <testcase name="testFunctionDecl()" classname="de.uka.ilkd.key.parser.TestDeclParser" time="1.02"/>
  <testcase name="testPredicateDecl()" classname="de.uka.ilkd.key.parser.TestDeclParser" time="1.106"/>
  <testcase name="testSVDecl()" classname="de.uka.ilkd.key.parser.TestDeclParser" time="1.091"/>
  <system-out><![CDATA[251781     INFO  Test worker     d.u.i.k.n.KeyIO           Parsing took 0 ms 
251781     DEBUG Test worker     d.u.i.k.n.KeyIO           Load declarations of de.uka.ilkd.key.nparser.KeyAst$File:  <unknown>:1#1 
251781     INFO  Test worker     d.u.i.k.n.KeyIO           MODE: declarations took 0 ms 
251782     DEBUG Test worker     d.u.i.k.n.KeyIO           MODE: 2nd degree decls took 0 
251782     DEBUG Test worker     d.u.i.k.n.KeyIO           MODE: taclets took 0ms 
252922     INFO  Test worker     d.u.i.k.n.KeyIO           Parsing took 0 ms 
252922     DEBUG Test worker     d.u.i.k.n.KeyIO           Load declarations of de.uka.ilkd.key.nparser.KeyAst$File:  <unknown>:1#1 
252922     INFO  Test worker     d.u.i.k.n.KeyIO           MODE: declarations took 0 ms 
252922     DEBUG Test worker     d.u.i.k.n.KeyIO           MODE: 2nd degree decls took 0 
252922     DEBUG Test worker     d.u.i.k.n.KeyIO           MODE: taclets took 0ms 
254016     INFO  Test worker     d.u.i.k.n.KeyIO           Parsing took 0 ms 
254016     DEBUG Test worker     d.u.i.k.n.KeyIO           Load declarations of de.uka.ilkd.key.nparser.KeyAst$File:  <unknown>:1#1 
254017     INFO  Test worker     d.u.i.k.n.KeyIO           MODE: declarations took 1 ms 
254017     DEBUG Test worker     d.u.i.k.n.KeyIO           MODE: 2nd degree decls took 0 
254017     DEBUG Test worker     d.u.i.k.n.KeyIO           MODE: taclets took 0ms 
255098     INFO  Test worker     d.u.i.k.n.KeyIO           Parsing took 0 ms 
255098     DEBUG Test worker     d.u.i.k.n.KeyIO           Load declarations of de.uka.ilkd.key.nparser.KeyAst$File:  <unknown>:1#1 
255098     INFO  Test worker     d.u.i.k.n.KeyIO           MODE: declarations took 0 ms 
255098     DEBUG Test worker     d.u.i.k.n.KeyIO           MODE: 2nd degree decls took 0 
255098     DEBUG Test worker     d.u.i.k.n.KeyIO           MODE: taclets took 0ms 
256127     INFO  Test worker     d.u.i.k.n.KeyIO           Parsing took 0 ms 
256127     DEBUG Test worker     d.u.i.k.n.KeyIO           Load declarations of de.uka.ilkd.key.nparser.KeyAst$File:  <unknown>:1#1 
256128     INFO  Test worker     d.u.i.k.n.KeyIO           MODE: declarations took 1 ms 
256128     DEBUG Test worker     d.u.i.k.n.KeyIO           MODE: 2nd degree decls took 0 
256128     DEBUG Test worker     d.u.i.k.n.KeyIO           MODE: taclets took 0ms 
257224     INFO  Test worker     d.u.i.k.n.KeyIO           Parsing took 0 ms 
257224     DEBUG Test worker     d.u.i.k.n.KeyIO           Load declarations of de.uka.ilkd.key.nparser.KeyAst$File:  <unknown>:1#1 
257225     INFO  Test worker     d.u.i.k.n.KeyIO           MODE: declarations took 1 ms 
257225     DEBUG Test worker     d.u.i.k.n.KeyIO           MODE: 2nd degree decls took 0 
257225     DEBUG Test worker     d.u.i.k.n.KeyIO           MODE: taclets took 0ms 
258388     INFO  Test worker     d.u.i.k.n.KeyIO           Parsing took 1 ms 
258388     DEBUG Test worker     d.u.i.k.n.KeyIO           Load declarations of de.uka.ilkd.key.nparser.KeyAst$File:  <unknown>:1#1 
258388     INFO  Test worker     d.u.i.k.n.KeyIO           MODE: declarations took 0 ms 
258388     DEBUG Test worker     d.u.i.k.n.KeyIO           MODE: 2nd degree decls took 0 
258388     DEBUG Test worker     d.u.i.k.n.KeyIO           MODE: taclets took 0ms 
259498     INFO  Test worker     d.u.i.k.n.KeyIO           Parsing took 0 ms 
259499     DEBUG Test worker     d.u.i.k.n.KeyIO           Load declarations of de.uka.ilkd.key.nparser.KeyAst$File:  <unknown>:1#1 
259499     INFO  Test worker     d.u.i.k.n.KeyIO           MODE: declarations took 0 ms 
259499     DEBUG Test worker     d.u.i.k.n.KeyIO           MODE: 2nd degree decls took 0 
259499     DEBUG Test worker     d.u.i.k.n.KeyIO           MODE: taclets took 0ms 
260606     INFO  Test worker     d.u.i.k.n.KeyIO           Parsing took 0 ms 
260606     DEBUG Test worker     d.u.i.k.n.KeyIO           Load declarations of de.uka.ilkd.key.nparser.KeyAst$File:  <unknown>:1#1 
260607     INFO  Test worker     d.u.i.k.n.KeyIO           MODE: declarations took 1 ms 
260607     DEBUG Test worker     d.u.i.k.n.KeyIO           MODE: 2nd degree decls took 0 
260607     DEBUG Test worker     d.u.i.k.n.KeyIO           MODE: taclets took 0ms 
261626     INFO  Test worker     d.u.i.k.n.KeyIO           Parsing took 0 ms 
261626     DEBUG Test worker     d.u.i.k.n.KeyIO           Load declarations of de.uka.ilkd.key.nparser.KeyAst$File:  <unknown>:1#1 
261626     INFO  Test worker     d.u.i.k.n.KeyIO           MODE: declarations took 0 ms 
261627     DEBUG Test worker     d.u.i.k.n.KeyIO           MODE: 2nd degree decls took 1 
261627     DEBUG Test worker     d.u.i.k.n.KeyIO           MODE: taclets took 0ms 
262732     INFO  Test worker     d.u.i.k.n.KeyIO           Parsing took 0 ms 
262732     DEBUG Test worker     d.u.i.k.n.KeyIO           Load declarations of de.uka.ilkd.key.nparser.KeyAst$File:  <unknown>:1#1 
262732     INFO  Test worker     d.u.i.k.n.KeyIO           MODE: declarations took 0 ms 
262733     DEBUG Test worker     d.u.i.k.n.KeyIO           MODE: 2nd degree decls took 1 
262733     DEBUG Test worker     d.u.i.k.n.KeyIO           MODE: taclets took 0ms 
263823     INFO  Test worker     d.u.i.k.n.KeyIO           Parsing took 0 ms 
263823     DEBUG Test worker     d.u.i.k.n.KeyIO           Load declarations of de.uka.ilkd.key.nparser.KeyAst$File:  <unknown>:1#1 
263824     INFO  Test worker     d.u.i.k.n.KeyIO           MODE: declarations took 1 ms 
263824     DEBUG Test worker     d.u.i.k.n.KeyIO           MODE: 2nd degree decls took 0 
263824     DEBUG Test worker     d.u.i.k.n.KeyIO           MODE: taclets took 0ms 
]]></system-out>
  <system-err><![CDATA[]]></system-err>
</testsuite>
