<?xml version="1.0" encoding="UTF-8"?>
<testsuite name="de.uka.ilkd.key.parser.TestTermParserSorts" tests="2" skipped="0" failures="0" errors="0" timestamp="2023-05-29T21:11:37" hostname="fv-az577-225" time="3.393">
  <properties/>
  <testcase name="testParseIntegerArgs()" classname="de.uka.ilkd.key.parser.TestTermParserSorts" time="0.013"/>
  <testcase name="testParseSequencePrettySyntax()" classname="de.uka.ilkd.key.parser.TestTermParserSorts" time="0.002"/>
  <system-out><![CDATA[498820     INFO  Test worker     d.u.i.k.n.KeyIO           Parsing took 0 ms 
498820     DEBUG Test worker     d.u.i.k.n.KeyIO           Load declarations of de.uka.ilkd.key.nparser.KeyAst$File:  <unknown>:1#1 
498821     INFO  Test worker     d.u.i.k.n.KeyIO           MODE: declarations took 1 ms 
498821     DEBUG Test worker     d.u.i.k.n.KeyIO           MODE: 2nd degree decls took 0 
498821     INFO  Test worker     d.u.i.k.n.KeyIO           Parsing took 0 ms 
498821     DEBUG Test worker     d.u.i.k.n.KeyIO           Load declarations of de.uka.ilkd.key.nparser.KeyAst$File:  <unknown>:1#1 
498821     INFO  Test worker     d.u.i.k.n.KeyIO           MODE: declarations took 0 ms 
498821     DEBUG Test worker     d.u.i.k.n.KeyIO           MODE: 2nd degree decls took 0 
498821     INFO  Test worker     d.u.i.k.n.KeyIO           Parsing took 0 ms 
498821     DEBUG Test worker     d.u.i.k.n.KeyIO           Load declarations of de.uka.ilkd.key.nparser.KeyAst$File:  <unknown>:1#1 
498821     INFO  Test worker     d.u.i.k.n.KeyIO           MODE: declarations took 0 ms 
498821     DEBUG Test worker     d.u.i.k.n.KeyIO           MODE: 2nd degree decls took 0 
502212     INFO  Test worker     d.u.i.k.n.KeyIO           Parsing took 0 ms 
502212     DEBUG Test worker     d.u.i.k.n.KeyIO           Load declarations of de.uka.ilkd.key.nparser.KeyAst$File:  <unknown>:1#1 
502212     INFO  Test worker     d.u.i.k.n.KeyIO           MODE: declarations took 0 ms 
502212     DEBUG Test worker     d.u.i.k.n.KeyIO           MODE: 2nd degree decls took 0 
502212     INFO  Test worker     d.u.i.k.n.KeyIO           Parsing took 0 ms 
502212     DEBUG Test worker     d.u.i.k.n.KeyIO           Load declarations of de.uka.ilkd.key.nparser.KeyAst$File:  <unknown>:1#1 
502212     INFO  Test worker     d.u.i.k.n.KeyIO           MODE: declarations took 0 ms 
502212     DEBUG Test worker     d.u.i.k.n.KeyIO           MODE: 2nd degree decls took 0 
502212     INFO  Test worker     d.u.i.k.n.KeyIO           Parsing took 0 ms 
502212     DEBUG Test worker     d.u.i.k.n.KeyIO           Load declarations of de.uka.ilkd.key.nparser.KeyAst$File:  <unknown>:1#1 
502212     INFO  Test worker     d.u.i.k.n.KeyIO           MODE: declarations took 0 ms 
502212     DEBUG Test worker     d.u.i.k.n.KeyIO           MODE: 2nd degree decls took 0 
]]></system-out>
  <system-err><![CDATA[]]></system-err>
</testsuite>
