<?xml version="1.0" encoding="UTF-8"?>
<testsuite name="de.uka.ilkd.key.logic.TestClashFreeSubst" tests="14" skipped="2" failures="0" errors="0" timestamp="2023-05-29T21:04:02" hostname="fv-az577-225" time="57.625">
  <properties/>
  <testcase name="testMultiShareBound()" classname="de.uka.ilkd.key.logic.TestClashFreeSubst" time="1.124"/>
  <testcase name="testClash()" classname="de.uka.ilkd.key.logic.TestClashFreeSubst" time="1.078"/>
  <testcase name="testShare()" classname="de.uka.ilkd.key.logic.TestClashFreeSubst" time="1.073"/>
  <testcase name="testSubst()" classname="de.uka.ilkd.key.logic.TestClashFreeSubst" time="1.038"/>
  <testcase name="testWary0()" classname="de.uka.ilkd.key.logic.TestClashFreeSubst" time="1.061"/>
  <testcase name="testWary1()" classname="de.uka.ilkd.key.logic.TestClashFreeSubst" time="1.072"/>
  <testcase name="testWary2()" classname="de.uka.ilkd.key.logic.TestClashFreeSubst" time="1.05"/>
  <testcase name="testClashInSubstTerm()" classname="de.uka.ilkd.key.logic.TestClashFreeSubst" time="1.057"/>
  <testcase name="testShareWary()" classname="de.uka.ilkd.key.logic.TestClashFreeSubst" time="1.05"/>
  <testcase name="testMultiSubst()" classname="de.uka.ilkd.key.logic.TestClashFreeSubst" time="1.021"/>
  <testcase name="xtestMultiClash()" classname="de.uka.ilkd.key.logic.TestClashFreeSubst" time="0.0">
    <skipped/>
  </testcase>
  <testcase name="testSubstInSubstTerm()" classname="de.uka.ilkd.key.logic.TestClashFreeSubst" time="1.066"/>
  <testcase name="testSubstWary()" classname="de.uka.ilkd.key.logic.TestClashFreeSubst" time="1.056"/>
  <testcase name="xtestMultiClash1()" classname="de.uka.ilkd.key.logic.TestClashFreeSubst" time="0.0">
    <skipped/>
  </testcase>
  <system-out><![CDATA[43596      INFO  Test worker     d.u.i.k.n.KeyIO           Parsing took 0 ms 
43596      DEBUG Test worker     d.u.i.k.n.KeyIO           Load declarations of de.uka.ilkd.key.nparser.KeyAst$File:  <unknown>:1#1 
43596      INFO  Test worker     d.u.i.k.n.KeyIO           MODE: declarations took 0 ms 
43597      DEBUG Test worker     d.u.i.k.n.KeyIO           MODE: 2nd degree decls took 0 
44714      INFO  Test worker     d.u.i.k.n.KeyIO           Parsing took 0 ms 
44715      DEBUG Test worker     d.u.i.k.n.KeyIO           Load declarations of de.uka.ilkd.key.nparser.KeyAst$File:  <unknown>:1#1 
44716      INFO  Test worker     d.u.i.k.n.KeyIO           MODE: declarations took 1 ms 
44716      DEBUG Test worker     d.u.i.k.n.KeyIO           MODE: 2nd degree decls took 0 
48350      INFO  Test worker     d.u.i.k.n.KeyIO           Parsing took 0 ms 
48350      DEBUG Test worker     d.u.i.k.n.KeyIO           Load declarations of de.uka.ilkd.key.nparser.KeyAst$File:  <unknown>:1#1 
48353      INFO  Test worker     d.u.i.k.n.KeyIO           MODE: declarations took 3 ms 
48353      DEBUG Test worker     d.u.i.k.n.KeyIO           MODE: 2nd degree decls took 0 
49412      INFO  Test worker     d.u.i.k.n.KeyIO           Parsing took 0 ms 
49413      DEBUG Test worker     d.u.i.k.n.KeyIO           Load declarations of de.uka.ilkd.key.nparser.KeyAst$File:  <unknown>:1#1 
49413      INFO  Test worker     d.u.i.k.n.KeyIO           MODE: declarations took 0 ms 
49422      DEBUG Test worker     d.u.i.k.n.KeyIO           MODE: 2nd degree decls took 0 
52906      INFO  Test worker     d.u.i.k.n.KeyIO           Parsing took 0 ms 
52907      DEBUG Test worker     d.u.i.k.n.KeyIO           Load declarations of de.uka.ilkd.key.nparser.KeyAst$File:  <unknown>:1#1 
52907      INFO  Test worker     d.u.i.k.n.KeyIO           MODE: declarations took 0 ms 
52907      DEBUG Test worker     d.u.i.k.n.KeyIO           MODE: 2nd degree decls took 0 
53977      INFO  Test worker     d.u.i.k.n.KeyIO           Parsing took 1 ms 
53977      DEBUG Test worker     d.u.i.k.n.KeyIO           Load declarations of de.uka.ilkd.key.nparser.KeyAst$File:  <unknown>:1#1 
53977      INFO  Test worker     d.u.i.k.n.KeyIO           MODE: declarations took 0 ms 
53977      DEBUG Test worker     d.u.i.k.n.KeyIO           MODE: 2nd degree decls took 0 
57482      INFO  Test worker     d.u.i.k.n.KeyIO           Parsing took 0 ms 
57483      DEBUG Test worker     d.u.i.k.n.KeyIO           Load declarations of de.uka.ilkd.key.nparser.KeyAst$File:  <unknown>:1#1 
57483      INFO  Test worker     d.u.i.k.n.KeyIO           MODE: declarations took 0 ms 
57483      DEBUG Test worker     d.u.i.k.n.KeyIO           MODE: 2nd degree decls took 0 
58517      INFO  Test worker     d.u.i.k.n.KeyIO           Parsing took 0 ms 
58518      DEBUG Test worker     d.u.i.k.n.KeyIO           Load declarations of de.uka.ilkd.key.nparser.KeyAst$File:  <unknown>:1#1 
58518      INFO  Test worker     d.u.i.k.n.KeyIO           MODE: declarations took 0 ms 
58518      DEBUG Test worker     d.u.i.k.n.KeyIO           MODE: 2nd degree decls took 0 
61989      INFO  Test worker     d.u.i.k.n.KeyIO           Parsing took 0 ms 
61990      DEBUG Test worker     d.u.i.k.n.KeyIO           Load declarations of de.uka.ilkd.key.nparser.KeyAst$File:  <unknown>:1#1 
61990      INFO  Test worker     d.u.i.k.n.KeyIO           MODE: declarations took 0 ms 
61991      DEBUG Test worker     d.u.i.k.n.KeyIO           MODE: 2nd degree decls took 0 
63043      INFO  Test worker     d.u.i.k.n.KeyIO           Parsing took 0 ms 
63044      DEBUG Test worker     d.u.i.k.n.KeyIO           Load declarations of de.uka.ilkd.key.nparser.KeyAst$File:  <unknown>:1#1 
63045      INFO  Test worker     d.u.i.k.n.KeyIO           MODE: declarations took 1 ms 
63045      DEBUG Test worker     d.u.i.k.n.KeyIO           MODE: 2nd degree decls took 0 
66455      INFO  Test worker     d.u.i.k.n.KeyIO           Parsing took 0 ms 
66455      DEBUG Test worker     d.u.i.k.n.KeyIO           Load declarations of de.uka.ilkd.key.nparser.KeyAst$File:  <unknown>:1#1 
66455      INFO  Test worker     d.u.i.k.n.KeyIO           MODE: declarations took 0 ms 
66455      DEBUG Test worker     d.u.i.k.n.KeyIO           MODE: 2nd degree decls took 0 
67524      INFO  Test worker     d.u.i.k.n.KeyIO           Parsing took 0 ms 
67524      DEBUG Test worker     d.u.i.k.n.KeyIO           Load declarations of de.uka.ilkd.key.nparser.KeyAst$File:  <unknown>:1#1 
67524      INFO  Test worker     d.u.i.k.n.KeyIO           MODE: declarations took 0 ms 
67525      DEBUG Test worker     d.u.i.k.n.KeyIO           MODE: 2nd degree decls took 1 
70929      INFO  Test worker     d.u.i.k.n.KeyIO           Parsing took 0 ms 
70929      DEBUG Test worker     d.u.i.k.n.KeyIO           Load declarations of de.uka.ilkd.key.nparser.KeyAst$File:  <unknown>:1#1 
70929      INFO  Test worker     d.u.i.k.n.KeyIO           MODE: declarations took 0 ms 
70930      DEBUG Test worker     d.u.i.k.n.KeyIO           MODE: 2nd degree decls took 1 
71976      INFO  Test worker     d.u.i.k.n.KeyIO           Parsing took 0 ms 
71976      DEBUG Test worker     d.u.i.k.n.KeyIO           Load declarations of de.uka.ilkd.key.nparser.KeyAst$File:  <unknown>:1#1 
71976      INFO  Test worker     d.u.i.k.n.KeyIO           MODE: declarations took 0 ms 
71976      DEBUG Test worker     d.u.i.k.n.KeyIO           MODE: 2nd degree decls took 0 
75436      INFO  Test worker     d.u.i.k.n.KeyIO           Parsing took 0 ms 
75437      DEBUG Test worker     d.u.i.k.n.KeyIO           Load declarations of de.uka.ilkd.key.nparser.KeyAst$File:  <unknown>:1#1 
75437      INFO  Test worker     d.u.i.k.n.KeyIO           MODE: declarations took 0 ms 
75437      DEBUG Test worker     d.u.i.k.n.KeyIO           MODE: 2nd degree decls took 0 
76488      INFO  Test worker     d.u.i.k.n.KeyIO           Parsing took 0 ms 
76488      DEBUG Test worker     d.u.i.k.n.KeyIO           Load declarations of de.uka.ilkd.key.nparser.KeyAst$File:  <unknown>:1#1 
76488      INFO  Test worker     d.u.i.k.n.KeyIO           MODE: declarations took 0 ms 
76489      DEBUG Test worker     d.u.i.k.n.KeyIO           MODE: 2nd degree decls took 0 
79895      INFO  Test worker     d.u.i.k.n.KeyIO           Parsing took 0 ms 
79895      DEBUG Test worker     d.u.i.k.n.KeyIO           Load declarations of de.uka.ilkd.key.nparser.KeyAst$File:  <unknown>:1#1 
79896      INFO  Test worker     d.u.i.k.n.KeyIO           MODE: declarations took 1 ms 
79896      DEBUG Test worker     d.u.i.k.n.KeyIO           MODE: 2nd degree decls took 0 
80940      INFO  Test worker     d.u.i.k.n.KeyIO           Parsing took 0 ms 
80941      DEBUG Test worker     d.u.i.k.n.KeyIO           Load declarations of de.uka.ilkd.key.nparser.KeyAst$File:  <unknown>:1#1 
80942      INFO  Test worker     d.u.i.k.n.KeyIO           MODE: declarations took 1 ms 
80942      DEBUG Test worker     d.u.i.k.n.KeyIO           MODE: 2nd degree decls took 0 
84382      INFO  Test worker     d.u.i.k.n.KeyIO           Parsing took 0 ms 
84383      DEBUG Test worker     d.u.i.k.n.KeyIO           Load declarations of de.uka.ilkd.key.nparser.KeyAst$File:  <unknown>:1#1 
84383      INFO  Test worker     d.u.i.k.n.KeyIO           MODE: declarations took 0 ms 
84383      DEBUG Test worker     d.u.i.k.n.KeyIO           MODE: 2nd degree decls took 0 
85399      INFO  Test worker     d.u.i.k.n.KeyIO           Parsing took 0 ms 
85400      DEBUG Test worker     d.u.i.k.n.KeyIO           Load declarations of de.uka.ilkd.key.nparser.KeyAst$File:  <unknown>:1#1 
85401      INFO  Test worker     d.u.i.k.n.KeyIO           MODE: declarations took 1 ms 
85401      DEBUG Test worker     d.u.i.k.n.KeyIO           MODE: 2nd degree decls took 0 
92234      INFO  Test worker     d.u.i.k.n.KeyIO           Parsing took 0 ms 
92234      DEBUG Test worker     d.u.i.k.n.KeyIO           Load declarations of de.uka.ilkd.key.nparser.KeyAst$File:  <unknown>:1#1 
92234      INFO  Test worker     d.u.i.k.n.KeyIO           MODE: declarations took 0 ms 
92234      DEBUG Test worker     d.u.i.k.n.KeyIO           MODE: 2nd degree decls took 0 
93285      INFO  Test worker     d.u.i.k.n.KeyIO           Parsing took 0 ms 
93285      DEBUG Test worker     d.u.i.k.n.KeyIO           Load declarations of de.uka.ilkd.key.nparser.KeyAst$File:  <unknown>:1#1 
93285      INFO  Test worker     d.u.i.k.n.KeyIO           MODE: declarations took 0 ms 
93285      DEBUG Test worker     d.u.i.k.n.KeyIO           MODE: 2nd degree decls took 0 
96757      INFO  Test worker     d.u.i.k.n.KeyIO           Parsing took 0 ms 
96757      DEBUG Test worker     d.u.i.k.n.KeyIO           Load declarations of de.uka.ilkd.key.nparser.KeyAst$File:  <unknown>:1#1 
96757      INFO  Test worker     d.u.i.k.n.KeyIO           MODE: declarations took 0 ms 
96757      DEBUG Test worker     d.u.i.k.n.KeyIO           MODE: 2nd degree decls took 0 
97805      INFO  Test worker     d.u.i.k.n.KeyIO           Parsing took 0 ms 
97805      DEBUG Test worker     d.u.i.k.n.KeyIO           Load declarations of de.uka.ilkd.key.nparser.KeyAst$File:  <unknown>:1#1 
97811      INFO  Test worker     d.u.i.k.n.KeyIO           MODE: declarations took 6 ms 
97811      DEBUG Test worker     d.u.i.k.n.KeyIO           MODE: 2nd degree decls took 0 
]]></system-out>
  <system-err><![CDATA[]]></system-err>
</testsuite>
