<?xml version="1.0" encoding="UTF-8"?>
<testsuite name="de.uka.ilkd.key.rule.loop.LoopScopeInvRuleTests" tests="1" skipped="0" failures="0" errors="0" timestamp="2023-05-29T21:12:10" hostname="fv-az577-225" time="5.504">
  <properties/>
  <testcase name="testDoAutomaticProofOfBenchmarkWithLabeledBreaksAndContinues()" classname="de.uka.ilkd.key.rule.loop.LoopScopeInvRuleTests" time="5.504"/>
  <system-out><![CDATA[531391     INFO  Test worker     d.u.i.k.p.i.AbstractProblemLoader Loading environment from src/test/resources/testcase/loopScopeInvRule/Test.key 
531391     DEBUG Test worker     d.u.i.k.p.i.AbstractProblemLoader Environment load took 100.5ns 
531392     INFO  Test worker     d.u.i.k.p.i.AbstractProblemLoader Creating init config 
531532     DEBUG Test worker     d.u.i.k.j.TypeConverter   No LDT found for Meta 
531532     DEBUG Test worker     d.u.i.k.j.TypeConverter   No LDT found for Meta 
531532     DEBUG Test worker     d.u.i.k.j.TypeConverter   No LDT found for Meta 
531532     DEBUG Test worker     d.u.i.k.j.TypeConverter   No LDT found for Meta 
532213     DEBUG Test worker     d.u.i.k.j.TypeConverter   No LDT found for JavaBigintExpression 
536072     DEBUG Test worker     d.u.i.k.p.i.AbstractProblemLoader Init config took 4.68s 
536126     INFO  Test worker     d.u.i.k.p.i.AbstractProblemLoader Replaying proof Test[Test::loopScopeRuleBenchmark(int,boolean)].JML normal_behavior operation contract.0 
536128     DEBUG Test worker     d.u.i.k.p.i.IntermediateProofReplayer Proof replay took 17.9ns 
]]></system-out>
  <system-err><![CDATA[]]></system-err>
</testsuite>
