<?xml version="1.0" encoding="UTF-8"?>
<testsuite name="de.uka.ilkd.key.parser.TestTacletParser" tests="20" skipped="0" failures="0" errors="0" timestamp="2023-05-29T21:09:16" hostname="fv-az577-225" time="0.093">
  <properties/>
  <testcase name="testAllRight()" classname="de.uka.ilkd.key.parser.TestTacletParser" time="0.005"/>
  <testcase name="testSchemaJava0()" classname="de.uka.ilkd.key.parser.TestTacletParser" time="0.002"/>
  <testcase name="testSchemaJava1()" classname="de.uka.ilkd.key.parser.TestTacletParser" time="0.013"/>
  <testcase name="testSchemaJava2()" classname="de.uka.ilkd.key.parser.TestTacletParser" time="0.004"/>
  <testcase name="testSchemaJava4()" classname="de.uka.ilkd.key.parser.TestTacletParser" time="0.003"/>
  <testcase name="testSchemaJava6()" classname="de.uka.ilkd.key.parser.TestTacletParser" time="0.003"/>
  <testcase name="testSchemaJava8()" classname="de.uka.ilkd.key.parser.TestTacletParser" time="0.002"/>
  <testcase name="testCut()" classname="de.uka.ilkd.key.parser.TestTacletParser" time="0.002"/>
  <testcase name="testMakeInsertEq()" classname="de.uka.ilkd.key.parser.TestTacletParser" time="0.001"/>
  <testcase name="testAllLeft()" classname="de.uka.ilkd.key.parser.TestTacletParser" time="0.001"/>
  <testcase name="testClose()" classname="de.uka.ilkd.key.parser.TestTacletParser" time="0.001"/>
  <testcase name="testSchemaJava10()" classname="de.uka.ilkd.key.parser.TestTacletParser" time="0.002"/>
  <testcase name="testSchemaJava11()" classname="de.uka.ilkd.key.parser.TestTacletParser" time="0.014"/>
  <testcase name="testFIdempotent()" classname="de.uka.ilkd.key.parser.TestTacletParser" time="0.003"/>
  <testcase name="testImpRight()" classname="de.uka.ilkd.key.parser.TestTacletParser" time="0.01"/>
  <testcase name="testVarcondNew()" classname="de.uka.ilkd.key.parser.TestTacletParser" time="0.003"/>
  <testcase name="testFreeReplacewithVariables()" classname="de.uka.ilkd.key.parser.TestTacletParser" time="0.002"/>
  <testcase name="testImpLeft()" classname="de.uka.ilkd.key.parser.TestTacletParser" time="0.014"/>
  <testcase name="testContraposition()" classname="de.uka.ilkd.key.parser.TestTacletParser" time="0.001"/>
  <testcase name="testExConjSplit()" classname="de.uka.ilkd.key.parser.TestTacletParser" time="0.002"/>
  <system-out><![CDATA[357435     INFO  Test worker     d.u.i.k.n.KeyIO           Parsing took 1 ms 
357435     DEBUG Test worker     d.u.i.k.n.KeyIO           Load declarations of de.uka.ilkd.key.nparser.KeyAst$File:  <unknown>:1#1 
357435     INFO  Test worker     d.u.i.k.n.KeyIO           MODE: declarations took 0 ms 
357435     DEBUG Test worker     d.u.i.k.n.KeyIO           MODE: 2nd degree decls took 0 
357437     DEBUG Test worker     d.u.i.k.n.KeyIO           MODE: taclets took 0ms 
357438     INFO  Test worker     d.u.i.k.n.KeyIO           Parsing took 0 ms 
357438     DEBUG Test worker     d.u.i.k.n.KeyIO           Load declarations of de.uka.ilkd.key.nparser.KeyAst$File:  <unknown>:2#1 
357438     INFO  Test worker     d.u.i.k.n.KeyIO           MODE: declarations took 0 ms 
357438     DEBUG Test worker     d.u.i.k.n.KeyIO           MODE: 2nd degree decls took 0 
357439     DEBUG Test worker     d.u.i.k.n.KeyIO           MODE: taclets took 0ms 
357440     INFO  Test worker     d.u.i.k.n.KeyIO           Parsing took 0 ms 
357440     DEBUG Test worker     d.u.i.k.n.KeyIO           Load declarations of de.uka.ilkd.key.nparser.KeyAst$File:  <unknown>:1#1 
357440     INFO  Test worker     d.u.i.k.n.KeyIO           MODE: declarations took 0 ms 
357440     DEBUG Test worker     d.u.i.k.n.KeyIO           MODE: 2nd degree decls took 0 
357440     DEBUG Test worker     d.u.i.k.n.KeyIO           MODE: taclets took 0ms 
357441     INFO  Test worker     d.u.i.k.n.KeyIO           Parsing took 1 ms 
357441     DEBUG Test worker     d.u.i.k.n.KeyIO           Load declarations of de.uka.ilkd.key.nparser.KeyAst$File:  <unknown>:2#1 
357441     INFO  Test worker     d.u.i.k.n.KeyIO           MODE: declarations took 0 ms 
357441     DEBUG Test worker     d.u.i.k.n.KeyIO           MODE: 2nd degree decls took 0 
357442     DEBUG Test worker     d.u.i.k.n.KeyIO           MODE: taclets took 1ms 
357442     INFO  Test worker     d.u.i.k.n.KeyIO           Parsing took 0 ms 
357442     DEBUG Test worker     d.u.i.k.n.KeyIO           Load declarations of de.uka.ilkd.key.nparser.KeyAst$File:  <unknown>:1#1 
357443     INFO  Test worker     d.u.i.k.n.KeyIO           MODE: declarations took 1 ms 
357443     DEBUG Test worker     d.u.i.k.n.KeyIO           MODE: 2nd degree decls took 0 
357443     DEBUG Test worker     d.u.i.k.n.KeyIO           MODE: taclets took 0ms 
357444     WARN  Test worker     d.u.i.k.n.KeYParser       [syntax-error] <unknown>:2:21: extraneous input '<' expecting {MODALITY, FORALL, EXISTS, '\if', '\ifEx', 'true', 'false', '(', ')', '{', '@', NOT, '-', STRING_LITERAL, CHAR_LITERAL, BIN_LITERAL, HEX_LITERAL, IDENT, INT_LITERAL, FLOAT_LITERAL, DOUBLE_LITERAL, REAL_LITERAL} [@12,22:22='<',<173>,2:21] (argument_list, call, accessterm, primitive_term, primitive_labeled_term, bracket_term, atom_prefix, strong_arith_term_2, strong_arith_term_1, weak_arith_term, comparison_term, equality_term, term60, conjunction_term, disjunction_term, implication_term, equivalence_term, elementary_update_term, parallel_term, term, taclet, rulesOrAxioms, decls, file) 
357449     WARN  Test worker     d.u.i.k.n.KeYParser       [syntax-error] <unknown>:2:23: no viable alternative at input '{..' [@14,24:25='..',<144>,2:23] (atom_prefix, strong_arith_term_2, strong_arith_term_1, weak_arith_term, comparison_term, equality_term, term60, conjunction_term, disjunction_term, implication_term, equivalence_term, elementary_update_term, parallel_term, term, argument_list, call, accessterm, primitive_term, primitive_labeled_term, bracket_term, atom_prefix, strong_arith_term_2, strong_arith_term_1, weak_arith_term, comparison_term, equality_term, term60, conjunction_term, disjunction_term, implication_term, equivalence_term, elementary_update_term, parallel_term, term, taclet, rulesOrAxioms, decls, file) 
357454     WARN  Test worker     d.u.i.k.n.KeYParser       [syntax-error] <unknown>:2:33: mismatched input ';' expecting {',', ')'} [@21,34:34=';',<138>,2:33] (argument_list, call, accessterm, primitive_term, primitive_labeled_term, bracket_term, atom_prefix, strong_arith_term_2, strong_arith_term_1, weak_arith_term, comparison_term, equality_term, term60, conjunction_term, disjunction_term, implication_term, equivalence_term, elementary_update_term, parallel_term, term, taclet, rulesOrAxioms, decls, file) 
357454     WARN  Test worker     d.u.i.k.n.KeYParser       [syntax-error] <unknown>:2:41: no viable alternative at input '#i;' [@26,42:42=';',<138>,2:41] (option_list, taclet, rulesOrAxioms, decls, file) 
357455     WARN  Test worker     d.u.i.k.n.KeYParser       [syntax-error] <unknown>:2:43: mismatched input '<' expecting {'(', '{'} [@28,44:44='<',<173>,2:43] (taclet, rulesOrAxioms, decls, file) 
357455     WARN  Test worker     d.u.i.k.n.KeYParser       [syntax-error] <unknown>:2:47: mismatched input '+' expecting {'(', '{'} [@32,48:48='+',<167>,2:47] (taclet, rulesOrAxioms, decls, file) 
357455     WARN  Test worker     d.u.i.k.n.KeYParser       [syntax-error] <unknown>:2:52: extraneous input '..' expecting {'\lemma', '}', IDENT, '/*!'} [@37,53:54='..',<144>,2:52] (rulesOrAxioms, decls, file) 
357455     WARN  Test worker     d.u.i.k.n.KeYParser       [syntax-error] <unknown>:2:56: mismatched input '>' expecting {<EOF>, '\problem', '\chooseContract', '\proofObligation', '\proof'} [@40,57:57='>',<168>,2:56] (file) 
357457     INFO  Test worker     d.u.i.k.n.KeyIO           Parsing took 1 ms 
357457     DEBUG Test worker     d.u.i.k.n.KeyIO           Load declarations of de.uka.ilkd.key.nparser.KeyAst$File:  <unknown>:1#1 
357457     INFO  Test worker     d.u.i.k.n.KeyIO           MODE: declarations took 0 ms 
357457     DEBUG Test worker     d.u.i.k.n.KeyIO           MODE: 2nd degree decls took 0 
357457     DEBUG Test worker     d.u.i.k.n.KeyIO           MODE: taclets took 0ms 
357458     WARN  Test worker     d.u.i.k.n.KeYParser       [syntax-error] <unknown>:2:21: extraneous input '<' expecting {MODALITY, FORALL, EXISTS, '\if', '\ifEx', 'true', 'false', '(', ')', '{', '@', NOT, '-', STRING_LITERAL, CHAR_LITERAL, BIN_LITERAL, HEX_LITERAL, IDENT, INT_LITERAL, FLOAT_LITERAL, DOUBLE_LITERAL, REAL_LITERAL} [@12,22:22='<',<173>,2:21] (argument_list, call, accessterm, primitive_term, primitive_labeled_term, bracket_term, atom_prefix, strong_arith_term_2, strong_arith_term_1, weak_arith_term, comparison_term, equality_term, term60, conjunction_term, disjunction_term, implication_term, equivalence_term, elementary_update_term, parallel_term, term, taclet, rulesOrAxioms, decls, file) 
357458     WARN  Test worker     d.u.i.k.n.KeYParser       [syntax-error] <unknown>:2:23: no viable alternative at input '{..' [@14,24:25='..',<144>,2:23] (atom_prefix, strong_arith_term_2, strong_arith_term_1, weak_arith_term, comparison_term, equality_term, term60, conjunction_term, disjunction_term, implication_term, equivalence_term, elementary_update_term, parallel_term, term, argument_list, call, accessterm, primitive_term, primitive_labeled_term, bracket_term, atom_prefix, strong_arith_term_2, strong_arith_term_1, weak_arith_term, comparison_term, equality_term, term60, conjunction_term, disjunction_term, implication_term, equivalence_term, elementary_update_term, parallel_term, term, taclet, rulesOrAxioms, decls, file) 
357458     WARN  Test worker     d.u.i.k.n.KeYParser       [syntax-error] <unknown>:2:33: mismatched input ';' expecting {',', ')'} [@21,34:34=';',<138>,2:33] (argument_list, call, accessterm, primitive_term, primitive_labeled_term, bracket_term, atom_prefix, strong_arith_term_2, strong_arith_term_1, weak_arith_term, comparison_term, equality_term, term60, conjunction_term, disjunction_term, implication_term, equivalence_term, elementary_update_term, parallel_term, term, taclet, rulesOrAxioms, decls, file) 
357458     WARN  Test worker     d.u.i.k.n.KeYParser       [syntax-error] <unknown>:2:43: no viable alternative at input '#lab;' [@26,44:44=';',<138>,2:43] (option_list, taclet, rulesOrAxioms, decls, file) 
357458     WARN  Test worker     d.u.i.k.n.KeYParser       [syntax-error] <unknown>:2:45: mismatched input '<' expecting {'(', '{'} [@28,46:46='<',<173>,2:45] (taclet, rulesOrAxioms, decls, file) 
357458     WARN  Test worker     d.u.i.k.n.KeYParser       [syntax-error] <unknown>:2:50: mismatched input '+' expecting {'(', '{'} [@32,51:51='+',<167>,2:50] (taclet, rulesOrAxioms, decls, file) 
357458     WARN  Test worker     d.u.i.k.n.KeYParser       [syntax-error] <unknown>:2:56: extraneous input '..' expecting {'\lemma', '}', IDENT, '/*!'} [@38,57:58='..',<144>,2:56] (rulesOrAxioms, decls, file) 
357459     WARN  Test worker     d.u.i.k.n.KeYParser       [syntax-error] <unknown>:2:60: mismatched input '>' expecting {<EOF>, '\problem', '\chooseContract', '\proofObligation', '\proof'} [@41,61:61='>',<168>,2:60] (file) 
357459     INFO  Test worker     d.u.i.k.n.KeyIO           Parsing took 0 ms 
357459     DEBUG Test worker     d.u.i.k.n.KeyIO           Load declarations of de.uka.ilkd.key.nparser.KeyAst$File:  <unknown>:1#1 
357459     INFO  Test worker     d.u.i.k.n.KeyIO           MODE: declarations took 0 ms 
357459     DEBUG Test worker     d.u.i.k.n.KeyIO           MODE: 2nd degree decls took 0 
357460     DEBUG Test worker     d.u.i.k.n.KeyIO           MODE: taclets took 0ms 
357460     INFO  Test worker     d.u.i.k.n.KeyIO           Parsing took 0 ms 
357460     DEBUG Test worker     d.u.i.k.n.KeyIO           Load declarations of de.uka.ilkd.key.nparser.KeyAst$File:  <unknown>:2#1 
357460     INFO  Test worker     d.u.i.k.n.KeyIO           MODE: declarations took 0 ms 
357460     DEBUG Test worker     d.u.i.k.n.KeyIO           MODE: 2nd degree decls took 0 
357462     DEBUG Test worker     d.u.i.k.n.KeyIO           MODE: taclets took 2ms 
357462     INFO  Test worker     d.u.i.k.n.KeyIO           Parsing took 0 ms 
357463     DEBUG Test worker     d.u.i.k.n.KeyIO           Load declarations of de.uka.ilkd.key.nparser.KeyAst$File:  <unknown>:1#1 
357463     INFO  Test worker     d.u.i.k.n.KeyIO           MODE: declarations took 0 ms 
357463     DEBUG Test worker     d.u.i.k.n.KeyIO           MODE: 2nd degree decls took 0 
357463     DEBUG Test worker     d.u.i.k.n.KeyIO           MODE: taclets took 0ms 
357463     INFO  Test worker     d.u.i.k.n.KeyIO           Parsing took 0 ms 
357463     DEBUG Test worker     d.u.i.k.n.KeyIO           Load declarations of de.uka.ilkd.key.nparser.KeyAst$File:  <unknown>:2#1 
357463     INFO  Test worker     d.u.i.k.n.KeyIO           MODE: declarations took 0 ms 
357463     DEBUG Test worker     d.u.i.k.n.KeyIO           MODE: 2nd degree decls took 0 
357465     DEBUG Test worker     d.u.i.k.n.KeyIO           MODE: taclets took 1ms 
357466     INFO  Test worker     d.u.i.k.n.KeyIO           Parsing took 0 ms 
357466     DEBUG Test worker     d.u.i.k.n.KeyIO           Load declarations of de.uka.ilkd.key.nparser.KeyAst$File:  <unknown>:1#1 
357466     INFO  Test worker     d.u.i.k.n.KeyIO           MODE: declarations took 0 ms 
357466     DEBUG Test worker     d.u.i.k.n.KeyIO           MODE: 2nd degree decls took 0 
357466     DEBUG Test worker     d.u.i.k.n.KeyIO           MODE: taclets took 0ms 
357466     INFO  Test worker     d.u.i.k.n.KeyIO           Parsing took 0 ms 
357466     DEBUG Test worker     d.u.i.k.n.KeyIO           Load declarations of de.uka.ilkd.key.nparser.KeyAst$File:  <unknown>:2#1 
357467     INFO  Test worker     d.u.i.k.n.KeyIO           MODE: declarations took 1 ms 
357467     DEBUG Test worker     d.u.i.k.n.KeyIO           MODE: 2nd degree decls took 0 
357467     DEBUG Test worker     d.u.i.k.n.KeyIO           MODE: taclets took 0ms 
357468     INFO  Test worker     d.u.i.k.n.KeyIO           Parsing took 1 ms 
357468     DEBUG Test worker     d.u.i.k.n.KeyIO           Load declarations of de.uka.ilkd.key.nparser.KeyAst$File:  <unknown>:1#1 
357468     INFO  Test worker     d.u.i.k.n.KeyIO           MODE: declarations took 0 ms 
357468     DEBUG Test worker     d.u.i.k.n.KeyIO           MODE: 2nd degree decls took 0 
357468     DEBUG Test worker     d.u.i.k.n.KeyIO           MODE: taclets took 0ms 
357468     INFO  Test worker     d.u.i.k.n.KeyIO           Parsing took 0 ms 
357468     DEBUG Test worker     d.u.i.k.n.KeyIO           Load declarations of de.uka.ilkd.key.nparser.KeyAst$File:  <unknown>:2#1 
357468     INFO  Test worker     d.u.i.k.n.KeyIO           MODE: declarations took 0 ms 
357468     DEBUG Test worker     d.u.i.k.n.KeyIO           MODE: 2nd degree decls took 0 
357469     DEBUG Test worker     d.u.i.k.n.KeyIO           MODE: taclets took 0ms 
357469     INFO  Test worker     d.u.i.k.n.KeyIO           Parsing took 0 ms 
357469     DEBUG Test worker     d.u.i.k.n.KeyIO           Load declarations of de.uka.ilkd.key.nparser.KeyAst$File:  <unknown>:1#1 
357469     INFO  Test worker     d.u.i.k.n.KeyIO           MODE: declarations took 0 ms 
357469     DEBUG Test worker     d.u.i.k.n.KeyIO           MODE: 2nd degree decls took 0 
357470     DEBUG Test worker     d.u.i.k.n.KeyIO           MODE: taclets took 1ms 
357470     INFO  Test worker     d.u.i.k.n.KeyIO           Parsing took 0 ms 
357470     DEBUG Test worker     d.u.i.k.n.KeyIO           Load declarations of de.uka.ilkd.key.nparser.KeyAst$File:  <unknown>:2#1 
357470     INFO  Test worker     d.u.i.k.n.KeyIO           MODE: declarations took 0 ms 
357470     DEBUG Test worker     d.u.i.k.n.KeyIO           MODE: 2nd degree decls took 0 
357470     DEBUG Test worker     d.u.i.k.n.KeyIO           MODE: taclets took 0ms 
357471     INFO  Test worker     d.u.i.k.n.KeyIO           Parsing took 0 ms 
357471     DEBUG Test worker     d.u.i.k.n.KeyIO           Load declarations of de.uka.ilkd.key.nparser.KeyAst$File:  <unknown>:1#1 
357471     INFO  Test worker     d.u.i.k.n.KeyIO           MODE: declarations took 0 ms 
357471     DEBUG Test worker     d.u.i.k.n.KeyIO           MODE: 2nd degree decls took 0 
357471     DEBUG Test worker     d.u.i.k.n.KeyIO           MODE: taclets took 0ms 
357472     INFO  Test worker     d.u.i.k.n.KeyIO           Parsing took 0 ms 
357472     DEBUG Test worker     d.u.i.k.n.KeyIO           Load declarations of de.uka.ilkd.key.nparser.KeyAst$File:  <unknown>:2#1 
357472     INFO  Test worker     d.u.i.k.n.KeyIO           MODE: declarations took 0 ms 
357472     DEBUG Test worker     d.u.i.k.n.KeyIO           MODE: 2nd degree decls took 0 
357472     DEBUG Test worker     d.u.i.k.n.KeyIO           MODE: taclets took 0ms 
357473     INFO  Test worker     d.u.i.k.n.KeyIO           Parsing took 0 ms 
357473     DEBUG Test worker     d.u.i.k.n.KeyIO           Load declarations of de.uka.ilkd.key.nparser.KeyAst$File:  <unknown>:1#1 
357473     INFO  Test worker     d.u.i.k.n.KeyIO           MODE: declarations took 0 ms 
357473     DEBUG Test worker     d.u.i.k.n.KeyIO           MODE: 2nd degree decls took 0 
357473     DEBUG Test worker     d.u.i.k.n.KeyIO           MODE: taclets took 0ms 
357473     INFO  Test worker     d.u.i.k.n.KeyIO           Parsing took 0 ms 
357473     DEBUG Test worker     d.u.i.k.n.KeyIO           Load declarations of de.uka.ilkd.key.nparser.KeyAst$File:  <unknown>:2#1 
357474     INFO  Test worker     d.u.i.k.n.KeyIO           MODE: declarations took 1 ms 
357474     DEBUG Test worker     d.u.i.k.n.KeyIO           MODE: 2nd degree decls took 0 
357474     DEBUG Test worker     d.u.i.k.n.KeyIO           MODE: taclets took 0ms 
357474     INFO  Test worker     d.u.i.k.n.KeyIO           Parsing took 0 ms 
357474     DEBUG Test worker     d.u.i.k.n.KeyIO           Load declarations of de.uka.ilkd.key.nparser.KeyAst$File:  <unknown>:1#1 
357474     INFO  Test worker     d.u.i.k.n.KeyIO           MODE: declarations took 0 ms 
357474     DEBUG Test worker     d.u.i.k.n.KeyIO           MODE: 2nd degree decls took 0 
357475     DEBUG Test worker     d.u.i.k.n.KeyIO           MODE: taclets took 0ms 
357475     INFO  Test worker     d.u.i.k.n.KeyIO           Parsing took 0 ms 
357475     DEBUG Test worker     d.u.i.k.n.KeyIO           Load declarations of de.uka.ilkd.key.nparser.KeyAst$File:  <unknown>:2#1 
357475     INFO  Test worker     d.u.i.k.n.KeyIO           MODE: declarations took 0 ms 
357475     DEBUG Test worker     d.u.i.k.n.KeyIO           MODE: 2nd degree decls took 0 
357476     DEBUG Test worker     d.u.i.k.n.KeyIO           MODE: taclets took 1ms 
357476     INFO  Test worker     d.u.i.k.n.KeyIO           Parsing took 0 ms 
357476     DEBUG Test worker     d.u.i.k.n.KeyIO           Load declarations of de.uka.ilkd.key.nparser.KeyAst$File:  <unknown>:1#1 
357476     INFO  Test worker     d.u.i.k.n.KeyIO           MODE: declarations took 0 ms 
357476     DEBUG Test worker     d.u.i.k.n.KeyIO           MODE: 2nd degree decls took 0 
357476     DEBUG Test worker     d.u.i.k.n.KeyIO           MODE: taclets took 0ms 
357477     INFO  Test worker     d.u.i.k.n.KeyIO           Parsing took 1 ms 
357477     DEBUG Test worker     d.u.i.k.n.KeyIO           Load declarations of de.uka.ilkd.key.nparser.KeyAst$File:  <unknown>:2#1 
357477     INFO  Test worker     d.u.i.k.n.KeyIO           MODE: declarations took 0 ms 
357477     DEBUG Test worker     d.u.i.k.n.KeyIO           MODE: 2nd degree decls took 0 
357484     DEBUG Test worker     d.u.i.k.n.KeyIO           MODE: taclets took 2ms 
357491     INFO  Test worker     d.u.i.k.n.KeyIO           Parsing took 1 ms 
357491     DEBUG Test worker     d.u.i.k.n.KeyIO           Load declarations of de.uka.ilkd.key.nparser.KeyAst$File:  <unknown>:1#1 
357491     INFO  Test worker     d.u.i.k.n.KeyIO           MODE: declarations took 0 ms 
357491     DEBUG Test worker     d.u.i.k.n.KeyIO           MODE: 2nd degree decls took 0 
357492     DEBUG Test worker     d.u.i.k.n.KeyIO           MODE: taclets took 1ms 
357492     INFO  Test worker     d.u.i.k.n.KeyIO           Parsing took 0 ms 
357492     DEBUG Test worker     d.u.i.k.n.KeyIO           Load declarations of de.uka.ilkd.key.nparser.KeyAst$File:  <unknown>:2#1 
357492     INFO  Test worker     d.u.i.k.n.KeyIO           MODE: declarations took 0 ms 
357492     DEBUG Test worker     d.u.i.k.n.KeyIO           MODE: 2nd degree decls took 0 
357493     DEBUG Test worker     d.u.i.k.n.KeyIO           MODE: taclets took 0ms 
357494     INFO  Test worker     d.u.i.k.n.KeyIO           Parsing took 1 ms 
357494     DEBUG Test worker     d.u.i.k.n.KeyIO           Load declarations of de.uka.ilkd.key.nparser.KeyAst$File:  <unknown>:1#1 
357494     INFO  Test worker     d.u.i.k.n.KeyIO           MODE: declarations took 0 ms 
357494     DEBUG Test worker     d.u.i.k.n.KeyIO           MODE: 2nd degree decls took 0 
357494     DEBUG Test worker     d.u.i.k.n.KeyIO           MODE: taclets took 0ms 
357495     INFO  Test worker     d.u.i.k.n.KeyIO           Parsing took 0 ms 
357502     DEBUG Test worker     d.u.i.k.n.KeyIO           Load declarations of de.uka.ilkd.key.nparser.KeyAst$File:  <unknown>:2#1 
357502     INFO  Test worker     d.u.i.k.n.KeyIO           MODE: declarations took 0 ms 
357502     DEBUG Test worker     d.u.i.k.n.KeyIO           MODE: 2nd degree decls took 0 
357502     DEBUG Test worker     d.u.i.k.n.KeyIO           MODE: taclets took 0ms 
357504     INFO  Test worker     d.u.i.k.n.KeyIO           Parsing took 0 ms 
357504     DEBUG Test worker     d.u.i.k.n.KeyIO           Load declarations of de.uka.ilkd.key.nparser.KeyAst$File:  <unknown>:1#1 
357504     INFO  Test worker     d.u.i.k.n.KeyIO           MODE: declarations took 0 ms 
357504     DEBUG Test worker     d.u.i.k.n.KeyIO           MODE: 2nd degree decls took 0 
357505     DEBUG Test worker     d.u.i.k.n.KeyIO           MODE: taclets took 0ms 
357505     INFO  Test worker     d.u.i.k.n.KeyIO           Parsing took 0 ms 
357505     DEBUG Test worker     d.u.i.k.n.KeyIO           Load declarations of de.uka.ilkd.key.nparser.KeyAst$File:  <unknown>:2#1 
357505     INFO  Test worker     d.u.i.k.n.KeyIO           MODE: declarations took 0 ms 
357505     DEBUG Test worker     d.u.i.k.n.KeyIO           MODE: 2nd degree decls took 0 
357506     DEBUG Test worker     d.u.i.k.n.KeyIO           MODE: taclets took 1ms 
357506     INFO  Test worker     d.u.i.k.n.KeyIO           Parsing took 0 ms 
357506     DEBUG Test worker     d.u.i.k.n.KeyIO           Load declarations of de.uka.ilkd.key.nparser.KeyAst$File:  <unknown>:2#1 
357506     INFO  Test worker     d.u.i.k.n.KeyIO           MODE: declarations took 0 ms 
357506     DEBUG Test worker     d.u.i.k.n.KeyIO           MODE: 2nd degree decls took 0 
357506     DEBUG Test worker     d.u.i.k.n.KeyIO           MODE: taclets took 0ms 
357507     INFO  Test worker     d.u.i.k.n.KeyIO           Parsing took 0 ms 
357507     DEBUG Test worker     d.u.i.k.n.KeyIO           Load declarations of de.uka.ilkd.key.nparser.KeyAst$File:  <unknown>:1#1 
357507     INFO  Test worker     d.u.i.k.n.KeyIO           MODE: declarations took 0 ms 
357507     DEBUG Test worker     d.u.i.k.n.KeyIO           MODE: 2nd degree decls took 0 
357507     DEBUG Test worker     d.u.i.k.n.KeyIO           MODE: taclets took 0ms 
357507     INFO  Test worker     d.u.i.k.n.KeyIO           Parsing took 0 ms 
357507     DEBUG Test worker     d.u.i.k.n.KeyIO           Load declarations of de.uka.ilkd.key.nparser.KeyAst$File:  <unknown>:2#1 
357508     INFO  Test worker     d.u.i.k.n.KeyIO           MODE: declarations took 1 ms 
357508     DEBUG Test worker     d.u.i.k.n.KeyIO           MODE: 2nd degree decls took 0 
357509     INFO  Test worker     d.u.i.k.n.KeyIO           Parsing took 0 ms 
357509     DEBUG Test worker     d.u.i.k.n.KeyIO           Load declarations of de.uka.ilkd.key.nparser.KeyAst$File:  <unknown>:1#1 
357509     INFO  Test worker     d.u.i.k.n.KeyIO           MODE: declarations took 0 ms 
357509     DEBUG Test worker     d.u.i.k.n.KeyIO           MODE: 2nd degree decls took 0 
357518     DEBUG Test worker     d.u.i.k.n.KeyIO           MODE: taclets took 8ms 
357523     INFO  Test worker     d.u.i.k.n.KeyIO           Parsing took 5 ms 
357523     DEBUG Test worker     d.u.i.k.n.KeyIO           Load declarations of de.uka.ilkd.key.nparser.KeyAst$File:  <unknown>:2#1 
357523     INFO  Test worker     d.u.i.k.n.KeyIO           MODE: declarations took 0 ms 
357523     DEBUG Test worker     d.u.i.k.n.KeyIO           MODE: 2nd degree decls took 0 
357523     DEBUG Test worker     d.u.i.k.n.KeyIO           MODE: taclets took 0ms 
357524     INFO  Test worker     d.u.i.k.n.KeyIO           Parsing took 0 ms 
357524     DEBUG Test worker     d.u.i.k.n.KeyIO           Load declarations of de.uka.ilkd.key.nparser.KeyAst$File:  <unknown>:1#1 
357524     INFO  Test worker     d.u.i.k.n.KeyIO           MODE: declarations took 0 ms 
357524     DEBUG Test worker     d.u.i.k.n.KeyIO           MODE: 2nd degree decls took 0 
357525     DEBUG Test worker     d.u.i.k.n.KeyIO           MODE: taclets took 1ms 
357525     INFO  Test worker     d.u.i.k.n.KeyIO           Parsing took 0 ms 
357525     DEBUG Test worker     d.u.i.k.n.KeyIO           Load declarations of de.uka.ilkd.key.nparser.KeyAst$File:  <unknown>:2#1 
357525     INFO  Test worker     d.u.i.k.n.KeyIO           MODE: declarations took 0 ms 
357525     DEBUG Test worker     d.u.i.k.n.KeyIO           MODE: 2nd degree decls took 0 
357525     DEBUG Test worker     d.u.i.k.n.KeyIO           MODE: taclets took 0ms 
357526     INFO  Test worker     d.u.i.k.n.KeyIO           Parsing took 1 ms 
357526     DEBUG Test worker     d.u.i.k.n.KeyIO           Load declarations of de.uka.ilkd.key.nparser.KeyAst$File:  <unknown>:1#1 
357526     INFO  Test worker     d.u.i.k.n.KeyIO           MODE: declarations took 0 ms 
357526     DEBUG Test worker     d.u.i.k.n.KeyIO           MODE: 2nd degree decls took 0 
357526     DEBUG Test worker     d.u.i.k.n.KeyIO           MODE: taclets took 0ms 
357527     INFO  Test worker     d.u.i.k.n.KeyIO           Parsing took 0 ms 
357527     DEBUG Test worker     d.u.i.k.n.KeyIO           Load declarations of de.uka.ilkd.key.nparser.KeyAst$File:  <unknown>:2#1 
357527     INFO  Test worker     d.u.i.k.n.KeyIO           MODE: declarations took 0 ms 
357527     DEBUG Test worker     d.u.i.k.n.KeyIO           MODE: 2nd degree decls took 0 
357527     DEBUG Test worker     d.u.i.k.n.KeyIO           MODE: taclets took 0ms 
]]></system-out>
  <system-err><![CDATA[]]></system-err>
</testsuite>
