<?xml version="1.0" encoding="UTF-8"?>
<testsuite name="de.uka.ilkd.key.proof.TestOneStepSimplifier" tests="1" skipped="0" failures="0" errors="0" timestamp="2023-05-29T21:11:41" hostname="fv-az577-225" time="4.518">
  <properties/>
  <testcase name="loadWithRestriction()" classname="de.uka.ilkd.key.proof.TestOneStepSimplifier" time="4.518"/>
  <system-out><![CDATA[502274     INFO  Test worker     d.u.i.k.p.i.AbstractProblemLoader Loading environment from src/test/resources/testcase/ossRestriction.proof 
502275     DEBUG Test worker     d.u.i.k.p.i.AbstractProblemLoader Environment load took 402.1ns 
502276     INFO  Test worker     d.u.i.k.p.i.AbstractProblemLoader Creating init config 
502414     DEBUG Test worker     d.u.i.k.j.TypeConverter   No LDT found for Meta 
502415     DEBUG Test worker     d.u.i.k.j.TypeConverter   No LDT found for Meta 
502415     DEBUG Test worker     d.u.i.k.j.TypeConverter   No LDT found for Meta 
502416     DEBUG Test worker     d.u.i.k.j.TypeConverter   No LDT found for Meta 
503068     DEBUG Test worker     d.u.i.k.j.TypeConverter   No LDT found for JavaBigintExpression 
506758     DEBUG Test worker     d.u.i.k.p.i.AbstractProblemLoader Init config took 4.48s 
506786     INFO  Test worker     d.u.i.k.p.i.AbstractProblemLoader Replaying proof ossRestriction.proof 
506790     DEBUG Test worker     d.u.i.k.p.i.IntermediateProofReplayer Proof replay took 1.11ms 
]]></system-out>
  <system-err><![CDATA[]]></system-err>
</testsuite>
