<?xml version="1.0" encoding="UTF-8"?>
<testsuite name="recoder.testsuite.basic.ParseFilesTest" tests="1" skipped="0" failures="0" errors="0" timestamp="2023-04-04T15:29:36" hostname="fv-az470-997" time="0.171">
  <properties/>
  <testcase name="testParseFiles" classname="recoder.testsuite.basic.ParseFilesTest" time="0.171"/>
  <system-out><![CDATA[]]></system-out>
  <system-err><![CDATA[]]></system-err>
</testsuite>
