<?xml version="1.0" encoding="UTF-8"?>
<testsuite name="de.uka.ilkd.key.rule.TestSchemaModalOperators" tests="4" skipped="0" failures="0" errors="0" timestamp="2023-03-09T10:19:44" hostname="fv-az587-127" time="1.149">
  <properties/>
  <testcase name="testSchemaModalities1()" classname="de.uka.ilkd.key.rule.TestSchemaModalOperators" time="1.113"/>
  <testcase name="testSchemaModalities2()" classname="de.uka.ilkd.key.rule.TestSchemaModalOperators" time="0.006"/>
  <testcase name="testSchemaModalities3()" classname="de.uka.ilkd.key.rule.TestSchemaModalOperators" time="0.011"/>
  <testcase name="testSchemaModalities4()" classname="de.uka.ilkd.key.rule.TestSchemaModalOperators" time="0.011"/>
  <system-out><![CDATA[]]></system-out>
  <system-err><![CDATA[]]></system-err>
</testsuite>
