<?xml version="1.0" encoding="UTF-8"?>
<testsuite name="recoder.testsuite.basic.analysis.ReferenceCompletenessTest" tests="1" skipped="0" failures="0" errors="0" timestamp="2023-04-04T14:18:21" hostname="fv-az280-749" time="0.007">
  <properties/>
  <testcase name="testReferenceCompleteness" classname="recoder.testsuite.basic.analysis.ReferenceCompletenessTest" time="0.007"/>
  <system-out><![CDATA[]]></system-out>
  <system-err><![CDATA[]]></system-err>
</testsuite>
