<?xml version="1.0" encoding="UTF-8"?>
<testsuite name="de.uka.ilkd.key.logic.TestLocalSymbols" tests="2" skipped="0" failures="0" errors="0" timestamp="2023-03-24T08:45:23" hostname="fv-az337-905" time="5.907">
  <properties/>
  <testcase name="testSkolemization()" classname="de.uka.ilkd.key.logic.TestLocalSymbols" time="0.025"/>
  <testcase name="testDoubleInstantiation()" classname="de.uka.ilkd.key.logic.TestLocalSymbols" time="5.882"/>
  <system-out><![CDATA[]]></system-out>
  <system-err><![CDATA[]]></system-err>
</testsuite>
