<?xml version="1.0" encoding="UTF-8"?>
<testsuite name="de.uka.ilkd.key.proof.runallproofs.RunAllProofsFunctional" tests="34" skipped="0" failures="0" errors="0" timestamp="2023-06-09T13:47:37" hostname="fv-az351-866" time="5312.462">
  <properties/>
  <testcase name="newBook" classname="de.uka.ilkd.key.proof.runallproofs.RunAllProofsFunctional" time="60.865"/>
  <testcase name="oldBook" classname="de.uka.ilkd.key.proof.runallproofs.RunAllProofsFunctional" time="18.374"/>
  <testcase name="comprehensions" classname="de.uka.ilkd.key.proof.runallproofs.RunAllProofsFunctional" time="66.224"/>
  <testcase name="performance" classname="de.uka.ilkd.key.proof.runallproofs.RunAllProofsFunctional" time="217.437"/>
  <testcase name="performancePOConstruction" classname="de.uka.ilkd.key.proof.runallproofs.RunAllProofsFunctional" time="73.754"/>
  <testcase name="applicationRestrictions" classname="de.uka.ilkd.key.proof.runallproofs.RunAllProofsFunctional" time="51.038"/>
  <testcase name="blockContracts" classname="de.uka.ilkd.key.proof.runallproofs.RunAllProofsFunctional" time="132.208"/>
  <testcase name="jmlAsserts" classname="de.uka.ilkd.key.proof.runallproofs.RunAllProofsFunctional" time="95.048"/>
  <testcase name="javaCard" classname="de.uka.ilkd.key.proof.runallproofs.RunAllProofsFunctional" time="128.484"/>
  <testcase name="list" classname="de.uka.ilkd.key.proof.runallproofs.RunAllProofsFunctional" time="258.912"/>
  <testcase name="list_ghost" classname="de.uka.ilkd.key.proof.runallproofs.RunAllProofsFunctional" time="69.53"/>
  <testcase name="list_recursive" classname="de.uka.ilkd.key.proof.runallproofs.RunAllProofsFunctional" time="22.263"/>
  <testcase name="list_seq" classname="de.uka.ilkd.key.proof.runallproofs.RunAllProofsFunctional" time="157.265"/>
  <testcase name="observer" classname="de.uka.ilkd.key.proof.runallproofs.RunAllProofsFunctional" time="96.264"/>
  <testcase name="removeDups" classname="de.uka.ilkd.key.proof.runallproofs.RunAllProofsFunctional" time="136.311"/>
  <testcase name="quicksort" classname="de.uka.ilkd.key.proof.runallproofs.RunAllProofsFunctional" time="107.774"/>
  <testcase name="simpleTests" classname="de.uka.ilkd.key.proof.runallproofs.RunAllProofsFunctional" time="163.631"/>
  <testcase name="SmansEtAl" classname="de.uka.ilkd.key.proof.runallproofs.RunAllProofsFunctional" time="192.782"/>
  <testcase name="VACID0" classname="de.uka.ilkd.key.proof.runallproofs.RunAllProofsFunctional" time="77.893"/>
  <testcase name="VSTTE10" classname="de.uka.ilkd.key.proof.runallproofs.RunAllProofsFunctional" time="181.739"/>
  <testcase name="WeideEtAl" classname="de.uka.ilkd.key.proof.runallproofs.RunAllProofsFunctional" time="28.681"/>
  <testcase name="arithmetic" classname="de.uka.ilkd.key.proof.runallproofs.RunAllProofsFunctional" time="490.729"/>
  <testcase name="arrays" classname="de.uka.ilkd.key.proof.runallproofs.RunAllProofsFunctional" time="57.114"/>
  <testcase name="javadl" classname="de.uka.ilkd.key.proof.runallproofs.RunAllProofsFunctional" time="634.467"/>
  <testcase name="FOL" classname="de.uka.ilkd.key.proof.runallproofs.RunAllProofsFunctional" time="292.915"/>
  <testcase name="strings" classname="de.uka.ilkd.key.proof.runallproofs.RunAllProofsFunctional" time="151.685"/>
  <testcase name="simple_info_flow" classname="de.uka.ilkd.key.proof.runallproofs.RunAllProofsFunctional" time="12.875"/>
  <testcase name="modelMethods" classname="de.uka.ilkd.key.proof.runallproofs.RunAllProofsFunctional" time="187.025"/>
  <testcase name="permissionHeap" classname="de.uka.ilkd.key.proof.runallproofs.RunAllProofsFunctional" time="844.994"/>
  <testcase name="completionScopes" classname="de.uka.ilkd.key.proof.runallproofs.RunAllProofsFunctional" time="53.316"/>
  <testcase name="reload_examples" classname="de.uka.ilkd.key.proof.runallproofs.RunAllProofsFunctional" time="42.894"/>
  <testcase name="proofLoadRepair" classname="de.uka.ilkd.key.proof.runallproofs.RunAllProofsFunctional" time="18.641"/>
  <testcase name="switch" classname="de.uka.ilkd.key.proof.runallproofs.RunAllProofsFunctional" time="63.325"/>
  <testcase name="redux" classname="de.uka.ilkd.key.proof.runallproofs.RunAllProofsFunctional" time="125.997"/>
  <system-out><![CDATA[638        INFO  Test worker     d.u.i.k.p.r.RunAllProofsTestUnit Running test newBook 
395        INFO  Timeout watchdog d.u.i.k.p.r.p.ForkedTestFileRunner Timeout watcher launched (2000 secs.) 
415        WARN  main            d.u.i.k.s.ProofSettings   No proof-settings could be loaded, using defaults java.io.FileNotFoundException: /home/runner/.key/proof-settings.props (No such file or directory)
	at java.base/java.io.FileInputStream.open0(Native Method)

445        INFO  main            d.u.i.k.p.r.p.TestFile    Now processing file /home/runner/work/key/key/key.core/../key.ui/examples/newBook/09.list_modelfield/ArrayList.add.key 
607        INFO  main            d.u.i.k.p.i.AbstractProblemLoader Loading environment from /home/runner/work/key/key/key.core/../key.ui/examples/newBook/09.list_modelfield/ArrayList.add.key 
629        DEBUG main            d.u.i.k.p.i.AbstractProblemLoader Environment load took 3.61ms 
900        INFO  main            d.u.i.k.p.i.AbstractProblemLoader Creating init config 
1845       DEBUG main            d.u.i.k.j.TypeConverter   No LDT found for Meta 
1846       DEBUG main            d.u.i.k.j.TypeConverter   No LDT found for Meta 
1849       DEBUG main            d.u.i.k.j.TypeConverter   No LDT found for Meta 
1851       DEBUG main            d.u.i.k.j.TypeConverter   No LDT found for Meta 
3233       DEBUG main            d.u.i.k.j.TypeConverter   No LDT found for JavaBigintExpression 
8292       DEBUG main            d.u.i.k.p.i.AbstractProblemLoader Init config took 7.39s 
8502       INFO  main            d.u.i.k.p.i.AbstractProblemLoader Replaying proof ArrayList[List::add(int)].JML normal_behavior operation contract.0 
8537       DEBUG main            d.u.i.k.p.i.IntermediateProofReplayer Proof replay took 32.7ns 
26153      INFO  main            d.u.i.k.p.r.p.TestFile    ... finished proof: closed. 
26472      INFO  main            d.u.i.k.p.i.AbstractProblemLoader Loading environment from /home/runner/work/key/key/key.core/../key.ui/examples/newBook/09.list_modelfield/ArrayList.add.key.proof 
26473      DEBUG main            d.u.i.k.p.i.AbstractProblemLoader Environment load took 1.35ms 
26484      INFO  main            d.u.i.k.p.i.AbstractProblemLoader Creating init config 
29494      DEBUG main            d.u.i.k.p.i.AbstractProblemLoader Init config took 3.01s 
29570      INFO  main            d.u.i.k.p.i.AbstractProblemLoader Replaying proof ArrayList[List::add(int)].JML normal_behavior operation contract.0 
30447      DEBUG main            d.u.i.k.p.i.IntermediateProofReplayer Proof replay took 812.28ms 
30458      DEBUG main            d.u.i.k.p.r.p.TestFile    ... success: reloaded. 
30460      INFO  main            d.u.i.k.p.r.p.TestFile    Now processing file /home/runner/work/key/key/key.core/../key.ui/examples/newBook/09.list_modelfield/ArrayList.remFirst.key 
30460      INFO  main            d.u.i.k.p.i.AbstractProblemLoader Loading environment from /home/runner/work/key/key/key.core/../key.ui/examples/newBook/09.list_modelfield/ArrayList.remFirst.key 
30460      DEBUG main            d.u.i.k.p.i.AbstractProblemLoader Environment load took 72.3ns 
30461      INFO  main            d.u.i.k.p.i.AbstractProblemLoader Creating init config 
33265      DEBUG main            d.u.i.k.p.i.AbstractProblemLoader Init config took 2.8s 
33327      INFO  main            d.u.i.k.p.i.AbstractProblemLoader Replaying proof ArrayList[List::remFirst()].JML normal_behavior operation contract.0 
33329      DEBUG main            d.u.i.k.p.i.IntermediateProofReplayer Proof replay took 7.7ns 
37441      INFO  main            d.u.i.k.p.r.p.TestFile    ... finished proof: closed. 
37666      INFO  main            d.u.i.k.p.i.AbstractProblemLoader Loading environment from /home/runner/work/key/key/key.core/../key.ui/examples/newBook/09.list_modelfield/ArrayList.remFirst.key.proof 
37666      DEBUG main            d.u.i.k.p.i.AbstractProblemLoader Environment load took 137.8ns 
37668      INFO  main            d.u.i.k.p.i.AbstractProblemLoader Creating init config 
40385      DEBUG main            d.u.i.k.p.i.AbstractProblemLoader Init config took 2.72s 
40450      INFO  main            d.u.i.k.p.i.AbstractProblemLoader Replaying proof ArrayList[List::remFirst()].JML normal_behavior operation contract.0 
40832      DEBUG main            d.u.i.k.p.i.IntermediateProofReplayer Proof replay took 356.09ms 
40834      DEBUG main            d.u.i.k.p.r.p.TestFile    ... success: reloaded. 
40835      INFO  main            d.u.i.k.p.r.p.TestFile    Now processing file /home/runner/work/key/key/key.core/../key.ui/examples/newBook/09.list_modelfield/ArrayList.empty.key 
40835      INFO  main            d.u.i.k.p.i.AbstractProblemLoader Loading environment from /home/runner/work/key/key/key.core/../key.ui/examples/newBook/09.list_modelfield/ArrayList.empty.key 
40835      DEBUG main            d.u.i.k.p.i.AbstractProblemLoader Environment load took 73.1ns 
40836      INFO  main            d.u.i.k.p.i.AbstractProblemLoader Creating init config 
43616      DEBUG main            d.u.i.k.p.i.AbstractProblemLoader Init config took 2.78s 
43668      INFO  main            d.u.i.k.p.i.AbstractProblemLoader Replaying proof ArrayList[List::empty()].JML normal_behavior operation contract.0 
43670      DEBUG main            d.u.i.k.p.i.IntermediateProofReplayer Proof replay took 6.3ns 
44723      INFO  main            d.u.i.k.p.r.p.TestFile    ... finished proof: closed. 
44875      INFO  main            d.u.i.k.p.i.AbstractProblemLoader Loading environment from /home/runner/work/key/key/key.core/../key.ui/examples/newBook/09.list_modelfield/ArrayList.empty.key.proof 
44880      DEBUG main            d.u.i.k.p.i.AbstractProblemLoader Environment load took 4.09ms 
44883      INFO  main            d.u.i.k.p.i.AbstractProblemLoader Creating init config 
47632      DEBUG main            d.u.i.k.p.i.AbstractProblemLoader Init config took 2.75s 
47682      INFO  main            d.u.i.k.p.i.AbstractProblemLoader Replaying proof ArrayList[List::empty()].JML normal_behavior operation contract.0 
47765      DEBUG main            d.u.i.k.p.i.IntermediateProofReplayer Proof replay took 77.17ms 
47766      DEBUG main            d.u.i.k.p.r.p.TestFile    ... success: reloaded. 
47767      INFO  main            d.u.i.k.p.r.p.TestFile    Now processing file /home/runner/work/key/key/key.core/../key.ui/examples/newBook/09.list_modelfield/ArrayList.size.key 
47767      INFO  main            d.u.i.k.p.i.AbstractProblemLoader Loading environment from /home/runner/work/key/key/key.core/../key.ui/examples/newBook/09.list_modelfield/ArrayList.size.key 
47767      DEBUG main            d.u.i.k.p.i.AbstractProblemLoader Environment load took 66.3ns 
47768      INFO  main            d.u.i.k.p.i.AbstractProblemLoader Creating init config 
50474      DEBUG main            d.u.i.k.p.i.AbstractProblemLoader Init config took 2.71s 
50525      INFO  main            d.u.i.k.p.i.AbstractProblemLoader Replaying proof ArrayList[List::size()].JML normal_behavior operation contract.0 
50527      DEBUG main            d.u.i.k.p.i.IntermediateProofReplayer Proof replay took 5.4ns 
50956      INFO  main            d.u.i.k.p.r.p.TestFile    ... finished proof: closed. 
51109      INFO  main            d.u.i.k.p.i.AbstractProblemLoader Loading environment from /home/runner/work/key/key/key.core/../key.ui/examples/newBook/09.list_modelfield/ArrayList.size.key.proof 
51110      DEBUG main            d.u.i.k.p.i.AbstractProblemLoader Environment load took 148.5ns 
51111      INFO  main            d.u.i.k.p.i.AbstractProblemLoader Creating init config 
53811      DEBUG main            d.u.i.k.p.i.AbstractProblemLoader Init config took 2.7s 
53861      INFO  main            d.u.i.k.p.i.AbstractProblemLoader Replaying proof ArrayList[List::size()].JML normal_behavior operation contract.0 
53896      DEBUG main            d.u.i.k.p.i.IntermediateProofReplayer Proof replay took 31.2ms 
53897      DEBUG main            d.u.i.k.p.r.p.TestFile    ... success: reloaded. 
53898      INFO  main            d.u.i.k.p.r.p.TestFile    Now processing file /home/runner/work/key/key/key.core/../key.ui/examples/newBook/09.list_modelfield/ArrayList.get.key 
53898      INFO  main            d.u.i.k.p.i.AbstractProblemLoader Loading environment from /home/runner/work/key/key/key.core/../key.ui/examples/newBook/09.list_modelfield/ArrayList.get.key 
53899      DEBUG main            d.u.i.k.p.i.AbstractProblemLoader Environment load took 62.1ns 
53899      INFO  main            d.u.i.k.p.i.AbstractProblemLoader Creating init config 
56596      DEBUG main            d.u.i.k.p.i.AbstractProblemLoader Init config took 2.7s 
56644      INFO  main            d.u.i.k.p.i.AbstractProblemLoader Replaying proof ArrayList[List::get(int)].JML normal_behavior operation contract.0 
56646      DEBUG main            d.u.i.k.p.i.IntermediateProofReplayer Proof replay took 6.9ns 
57659      INFO  main            d.u.i.k.p.r.p.TestFile    ... finished proof: closed. 
57837      INFO  main            d.u.i.k.p.i.AbstractProblemLoader Loading environment from /home/runner/work/key/key/key.core/../key.ui/examples/newBook/09.list_modelfield/ArrayList.get.key.proof 
57838      DEBUG main            d.u.i.k.p.i.AbstractProblemLoader Environment load took 794.81ns 
57840      INFO  main            d.u.i.k.p.i.AbstractProblemLoader Creating init config 
60507      DEBUG main            d.u.i.k.p.i.AbstractProblemLoader Init config took 2.67s 
60561      INFO  main            d.u.i.k.p.i.AbstractProblemLoader Replaying proof ArrayList[List::get(int)].JML normal_behavior operation contract.0 
60624      DEBUG main            d.u.i.k.p.i.IntermediateProofReplayer Proof replay took 57.82ms 
60626      DEBUG main            d.u.i.k.p.r.p.TestFile    ... success: reloaded. 
61498      INFO  Test worker     d.u.i.k.p.r.RunAllProofsTestUnit Returning from test newBook 
61502      INFO  Test worker     d.u.i.k.p.r.RunAllProofsTestUnit Running test oldBook 
351        INFO  Timeout watchdog d.u.i.k.p.r.p.ForkedTestFileRunner Timeout watcher launched (2000 secs.) 
360        WARN  main            d.u.i.k.s.ProofSettings   The settings in /home/runner/.key/proof-settings.props are *not* read. 
389        INFO  main            d.u.i.k.p.r.p.TestFile    Now processing file /home/runner/work/key/key/key.core/../key.ui/examples/standard_key/BookExamples/02FirstOrderLogic/Ex2.58.key 
503        INFO  main            d.u.i.k.p.i.AbstractProblemLoader Loading environment from /home/runner/work/key/key/key.core/../key.ui/examples/standard_key/BookExamples/02FirstOrderLogic/Ex2.58.key 
521        DEBUG main            d.u.i.k.p.i.AbstractProblemLoader Environment load took 2.12ms 
761        INFO  main            d.u.i.k.p.i.AbstractProblemLoader Creating init config 
1817       DEBUG main            d.u.i.k.j.TypeConverter   No LDT found for Meta 
1818       DEBUG main            d.u.i.k.j.TypeConverter   No LDT found for Meta 
1821       DEBUG main            d.u.i.k.j.TypeConverter   No LDT found for Meta 
1821       DEBUG main            d.u.i.k.j.TypeConverter   No LDT found for Meta 
3335       DEBUG main            d.u.i.k.j.TypeConverter   No LDT found for JavaBigintExpression 
8743       DEBUG main            d.u.i.k.p.i.AbstractProblemLoader Init config took 7.98s 
8831       INFO  main            d.u.i.k.p.i.AbstractProblemLoader Replaying proof Ex2.58.key 
8868       DEBUG main            d.u.i.k.p.i.IntermediateProofReplayer Proof replay took 37.4ns 
9058       INFO  main            d.u.i.k.p.r.p.TestFile    ... finished proof: closed. 
9159       INFO  main            d.u.i.k.p.i.AbstractProblemLoader Loading environment from /home/runner/work/key/key/key.core/../key.ui/examples/standard_key/BookExamples/02FirstOrderLogic/Ex2.58.key.proof 
9159       DEBUG main            d.u.i.k.p.i.AbstractProblemLoader Environment load took 146.6ns 
9163       INFO  main            d.u.i.k.p.i.AbstractProblemLoader Creating init config 
11944      DEBUG main            d.u.i.k.p.i.AbstractProblemLoader Init config took 2.78s 
11975      INFO  main            d.u.i.k.p.i.AbstractProblemLoader Replaying proof Ex2.58.key.proof 
11983      DEBUG main            d.u.i.k.p.i.IntermediateProofReplayer Proof replay took 2.76ms 
11994      DEBUG main            d.u.i.k.p.r.p.TestFile    ... success: reloaded. 
11996      INFO  main            d.u.i.k.p.r.p.TestFile    Now processing file /home/runner/work/key/key/key.core/../key.ui/examples/standard_key/BookExamples/03DynamicLogic/Sect3.3.1.key 
11997      INFO  main            d.u.i.k.p.i.AbstractProblemLoader Loading environment from /home/runner/work/key/key/key.core/../key.ui/examples/standard_key/BookExamples/03DynamicLogic/Sect3.3.1.key 
11998      DEBUG main            d.u.i.k.p.i.AbstractProblemLoader Environment load took 530.51ns 
12000      INFO  main            d.u.i.k.p.i.AbstractProblemLoader Creating init config 
14763      DEBUG main            d.u.i.k.p.i.AbstractProblemLoader Init config took 2.76s 
14800      INFO  main            d.u.i.k.p.i.AbstractProblemLoader Replaying proof Sect3.3.1.key 
14804      DEBUG main            d.u.i.k.p.i.IntermediateProofReplayer Proof replay took 7.2ns 
15317      INFO  main            d.u.i.k.p.r.p.TestFile    ... finished proof: closed. 
15455      INFO  main            d.u.i.k.p.i.AbstractProblemLoader Loading environment from /home/runner/work/key/key/key.core/../key.ui/examples/standard_key/BookExamples/03DynamicLogic/Sect3.3.1.key.proof 
15456      DEBUG main            d.u.i.k.p.i.AbstractProblemLoader Environment load took 762.91ns 
15460      INFO  main            d.u.i.k.p.i.AbstractProblemLoader Creating init config 
18120      DEBUG main            d.u.i.k.p.i.AbstractProblemLoader Init config took 2.66s 
18145      INFO  main            d.u.i.k.p.i.AbstractProblemLoader Replaying proof Sect3.3.1.key.proof 
18196      DEBUG main            d.u.i.k.p.i.IntermediateProofReplayer Proof replay took 47.02ms 
18197      DEBUG main            d.u.i.k.p.r.p.TestFile    ... success: reloaded. 
79874      INFO  Test worker     d.u.i.k.p.r.RunAllProofsTestUnit Returning from test oldBook 
79876      INFO  Test worker     d.u.i.k.p.r.RunAllProofsTestUnit Running test comprehensions 
367        INFO  Timeout watchdog d.u.i.k.p.r.p.ForkedTestFileRunner Timeout watcher launched (2000 secs.) 
392        WARN  main            d.u.i.k.s.ProofSettings   The settings in /home/runner/.key/proof-settings.props are *not* read. 
448        INFO  main            d.u.i.k.p.r.p.TestFile    Now processing file /home/runner/work/key/key/key.core/../key.ui/examples/heap/comprehensions/general_sum.key 
618        INFO  main            d.u.i.k.p.i.AbstractProblemLoader Loading environment from /home/runner/work/key/key/key.core/../key.ui/examples/heap/comprehensions/general_sum.key 
635        DEBUG main            d.u.i.k.p.i.AbstractProblemLoader Environment load took 2.5ms 
862        INFO  main            d.u.i.k.p.i.AbstractProblemLoader Creating init config 
1840       DEBUG main            d.u.i.k.j.TypeConverter   No LDT found for Meta 
1840       DEBUG main            d.u.i.k.j.TypeConverter   No LDT found for Meta 
1844       DEBUG main            d.u.i.k.j.TypeConverter   No LDT found for Meta 
1844       DEBUG main            d.u.i.k.j.TypeConverter   No LDT found for Meta 
3166       DEBUG main            d.u.i.k.j.TypeConverter   No LDT found for JavaBigintExpression 
8406       DEBUG main            d.u.i.k.p.i.AbstractProblemLoader Init config took 7.54s 
8551       INFO  main            d.u.i.k.p.i.AbstractProblemLoader Replaying proof GSum[GSum::doNothing()].JML operation contract.0 
8626       DEBUG main            d.u.i.k.p.i.IntermediateProofReplayer Proof replay took 53.4ns 
8976       INFO  main            d.u.i.k.p.r.p.TestFile    ... finished proof: closed. 
9080       INFO  main            d.u.i.k.p.i.AbstractProblemLoader Loading environment from /home/runner/work/key/key/key.core/../key.ui/examples/heap/comprehensions/general_sum.key.proof 
9080       DEBUG main            d.u.i.k.p.i.AbstractProblemLoader Environment load took 139.1ns 
9082       INFO  main            d.u.i.k.p.i.AbstractProblemLoader Creating init config 
11872      DEBUG main            d.u.i.k.p.i.AbstractProblemLoader Init config took 2.79s 
11931      INFO  main            d.u.i.k.p.i.AbstractProblemLoader Replaying proof GSum[GSum::doNothing()].JML operation contract.0 
11947      DEBUG main            d.u.i.k.p.i.IntermediateProofReplayer Proof replay took 11.88ms 
11953      DEBUG main            d.u.i.k.p.r.p.TestFile    ... success: reloaded. 
11954      INFO  main            d.u.i.k.p.r.p.TestFile    Now processing file /home/runner/work/key/key/key.core/../key.ui/examples/heap/comprehensions/sum0.key 
11955      INFO  main            d.u.i.k.p.i.AbstractProblemLoader Loading environment from /home/runner/work/key/key/key.core/../key.ui/examples/heap/comprehensions/sum0.key 
11955      DEBUG main            d.u.i.k.p.i.AbstractProblemLoader Environment load took 106.7ns 
11957      INFO  main            d.u.i.k.p.i.AbstractProblemLoader Creating init config 
14677      DEBUG main            d.u.i.k.p.i.AbstractProblemLoader Init config took 2.72s 
14735      INFO  main            d.u.i.k.p.i.AbstractProblemLoader Replaying proof Sum[Sum::sum0([I)].JML normal_behavior operation contract.0 
14738      DEBUG main            d.u.i.k.p.i.IntermediateProofReplayer Proof replay took 6.5ns 
14844      DEBUG Thread-4        d.u.i.k.l.l.OriginTermLabel commonFileName is null! 
14844      DEBUG Thread-4        d.u.i.k.l.l.OriginTermLabel commonFileName is null! 
15090      DEBUG Thread-4        d.u.i.k.l.l.OriginTermLabel commonFileName is null! 
15091      DEBUG Thread-4        d.u.i.k.l.l.OriginTermLabel commonFileName is null! 
15312      DEBUG Thread-4        d.u.i.k.l.l.OriginTermLabel commonFileName is null! 
15545      INFO  main            d.u.i.k.p.r.p.TestFile    ... finished proof: closed. 
15704      INFO  main            d.u.i.k.p.i.AbstractProblemLoader Loading environment from /home/runner/work/key/key/key.core/../key.ui/examples/heap/comprehensions/sum0.key.proof 
15707      DEBUG main            d.u.i.k.p.i.AbstractProblemLoader Environment load took 2.25ms 
15712      INFO  main            d.u.i.k.p.i.AbstractProblemLoader Creating init config 
18416      DEBUG main            d.u.i.k.p.i.AbstractProblemLoader Init config took 2.7s 
18467      INFO  main            d.u.i.k.p.i.AbstractProblemLoader Replaying proof Sum[Sum::sum0([I)].JML normal_behavior operation contract.0 
18497      DEBUG main            d.u.i.k.l.l.OriginTermLabel commonFileName is null! 
18498      DEBUG main            d.u.i.k.l.l.OriginTermLabel commonFileName is null! 
18541      DEBUG main            d.u.i.k.l.l.OriginTermLabel commonFileName is null! 
18567      DEBUG main            d.u.i.k.l.l.OriginTermLabel commonFileName is null! 
18568      DEBUG main            d.u.i.k.l.l.OriginTermLabel commonFileName is null! 
18571      DEBUG main            d.u.i.k.p.i.IntermediateProofReplayer Proof replay took 97.67ms 
18572      DEBUG main            d.u.i.k.p.r.p.TestFile    ... success: reloaded. 
18574      INFO  main            d.u.i.k.p.r.p.TestFile    Now processing file /home/runner/work/key/key/key.core/../key.ui/examples/heap/comprehensions/sum1.key 
18575      INFO  main            d.u.i.k.p.i.AbstractProblemLoader Loading environment from /home/runner/work/key/key/key.core/../key.ui/examples/heap/comprehensions/sum1.key 
18575      DEBUG main            d.u.i.k.p.i.AbstractProblemLoader Environment load took 366ns 
18577      INFO  main            d.u.i.k.p.i.AbstractProblemLoader Creating init config 
21293      DEBUG main            d.u.i.k.p.i.AbstractProblemLoader Init config took 2.72s 
21341      INFO  main            d.u.i.k.p.i.AbstractProblemLoader Replaying proof Sum[Sum::sum1([I)].JML normal_behavior operation contract.0 
21343      DEBUG main            d.u.i.k.p.i.IntermediateProofReplayer Proof replay took 6ns 
21394      DEBUG Thread-7        d.u.i.k.l.l.OriginTermLabel commonFileName is null! 
21395      DEBUG Thread-7        d.u.i.k.l.l.OriginTermLabel commonFileName is null! 
21529      DEBUG Thread-7        d.u.i.k.l.l.OriginTermLabel commonFileName is null! 
21530      DEBUG Thread-7        d.u.i.k.l.l.OriginTermLabel commonFileName is null! 
21665      DEBUG Thread-7        d.u.i.k.l.l.OriginTermLabel commonFileName is null! 
21848      INFO  main            d.u.i.k.p.r.p.TestFile    ... finished proof: closed. 
22029      INFO  main            d.u.i.k.p.i.AbstractProblemLoader Loading environment from /home/runner/work/key/key/key.core/../key.ui/examples/heap/comprehensions/sum1.key.proof 
22030      DEBUG main            d.u.i.k.p.i.AbstractProblemLoader Environment load took 788.11ns 
22032      INFO  main            d.u.i.k.p.i.AbstractProblemLoader Creating init config 
24662      DEBUG main            d.u.i.k.p.i.AbstractProblemLoader Init config took 2.63s 
24707      INFO  main            d.u.i.k.p.i.AbstractProblemLoader Replaying proof Sum[Sum::sum1([I)].JML normal_behavior operation contract.0 
24734      DEBUG main            d.u.i.k.l.l.OriginTermLabel commonFileName is null! 
24735      DEBUG main            d.u.i.k.l.l.OriginTermLabel commonFileName is null! 
24770      DEBUG main            d.u.i.k.l.l.OriginTermLabel commonFileName is null! 
24793      DEBUG main            d.u.i.k.l.l.OriginTermLabel commonFileName is null! 
24794      DEBUG main            d.u.i.k.l.l.OriginTermLabel commonFileName is null! 
24797      DEBUG main            d.u.i.k.p.i.IntermediateProofReplayer Proof replay took 84.77ms 
24798      DEBUG main            d.u.i.k.p.r.p.TestFile    ... success: reloaded. 
24799      INFO  main            d.u.i.k.p.r.p.TestFile    Now processing file /home/runner/work/key/key/key.core/../key.ui/examples/heap/comprehensions/sum2.key 
24800      INFO  main            d.u.i.k.p.i.AbstractProblemLoader Loading environment from /home/runner/work/key/key/key.core/../key.ui/examples/heap/comprehensions/sum2.key 
24801      DEBUG main            d.u.i.k.p.i.AbstractProblemLoader Environment load took 355.9ns 
24802      INFO  main            d.u.i.k.p.i.AbstractProblemLoader Creating init config 
27453      DEBUG main            d.u.i.k.p.i.AbstractProblemLoader Init config took 2.65s 
27500      INFO  main            d.u.i.k.p.i.AbstractProblemLoader Replaying proof Sum[Sum::sum2([I)].JML normal_behavior operation contract.0 
27502      DEBUG main            d.u.i.k.p.i.IntermediateProofReplayer Proof replay took 6.1ns 
27554      DEBUG Thread-10       d.u.i.k.l.l.OriginTermLabel commonFileName is null! 
27554      DEBUG Thread-10       d.u.i.k.l.l.OriginTermLabel commonFileName is null! 
27667      DEBUG Thread-10       d.u.i.k.l.l.OriginTermLabel commonFileName is null! 
27668      DEBUG Thread-10       d.u.i.k.l.l.OriginTermLabel commonFileName is null! 
27747      DEBUG Thread-10       d.u.i.k.l.l.OriginTermLabel commonFileName is null! 
27913      INFO  main            d.u.i.k.p.r.p.TestFile    ... finished proof: closed. 
28077      INFO  main            d.u.i.k.p.i.AbstractProblemLoader Loading environment from /home/runner/work/key/key/key.core/../key.ui/examples/heap/comprehensions/sum2.key.proof 
28078      DEBUG main            d.u.i.k.p.i.AbstractProblemLoader Environment load took 736.81ns 
28080      INFO  main            d.u.i.k.p.i.AbstractProblemLoader Creating init config 
30646      DEBUG main            d.u.i.k.p.i.AbstractProblemLoader Init config took 2.57s 
30717      INFO  main            d.u.i.k.p.i.AbstractProblemLoader Replaying proof Sum[Sum::sum2([I)].JML normal_behavior operation contract.0 
30749      DEBUG main            d.u.i.k.l.l.OriginTermLabel commonFileName is null! 
30750      DEBUG main            d.u.i.k.l.l.OriginTermLabel commonFileName is null! 
30784      DEBUG main            d.u.i.k.l.l.OriginTermLabel commonFileName is null! 
30810      DEBUG main            d.u.i.k.l.l.OriginTermLabel commonFileName is null! 
30811      DEBUG main            d.u.i.k.l.l.OriginTermLabel commonFileName is null! 
30813      DEBUG main            d.u.i.k.p.i.IntermediateProofReplayer Proof replay took 89.36ms 
30814      DEBUG main            d.u.i.k.p.r.p.TestFile    ... success: reloaded. 
30817      INFO  main            d.u.i.k.p.r.p.TestFile    Now processing file /home/runner/work/key/key/key.core/../key.ui/examples/heap/comprehensions/sum3.key 
30817      INFO  main            d.u.i.k.p.i.AbstractProblemLoader Loading environment from /home/runner/work/key/key/key.core/../key.ui/examples/heap/comprehensions/sum3.key 
30818      DEBUG main            d.u.i.k.p.i.AbstractProblemLoader Environment load took 333.6ns 
30819      INFO  main            d.u.i.k.p.i.AbstractProblemLoader Creating init config 
33482      DEBUG main            d.u.i.k.p.i.AbstractProblemLoader Init config took 2.66s 
33525      INFO  main            d.u.i.k.p.i.AbstractProblemLoader Replaying proof Sum[Sum::sum3([I)].JML normal_behavior operation contract.0 
33526      DEBUG main            d.u.i.k.p.i.IntermediateProofReplayer Proof replay took 6.3ns 
33577      DEBUG Thread-13       d.u.i.k.l.l.OriginTermLabel commonFileName is null! 
33577      DEBUG Thread-13       d.u.i.k.l.l.OriginTermLabel commonFileName is null! 
33710      DEBUG Thread-13       d.u.i.k.l.l.OriginTermLabel commonFileName is null! 
33710      DEBUG Thread-13       d.u.i.k.l.l.OriginTermLabel commonFileName is null! 
33811      DEBUG Thread-13       d.u.i.k.l.l.OriginTermLabel commonFileName is null! 
33933      INFO  main            d.u.i.k.p.r.p.TestFile    ... finished proof: closed. 
34125      INFO  main            d.u.i.k.p.i.AbstractProblemLoader Loading environment from /home/runner/work/key/key/key.core/../key.ui/examples/heap/comprehensions/sum3.key.proof 
34125      DEBUG main            d.u.i.k.p.i.AbstractProblemLoader Environment load took 133.7ns 
34127      INFO  main            d.u.i.k.p.i.AbstractProblemLoader Creating init config 
36738      DEBUG main            d.u.i.k.p.i.AbstractProblemLoader Init config took 2.61s 
36780      INFO  main            d.u.i.k.p.i.AbstractProblemLoader Replaying proof Sum[Sum::sum3([I)].JML normal_behavior operation contract.0 
36804      DEBUG main            d.u.i.k.l.l.OriginTermLabel commonFileName is null! 
36804      DEBUG main            d.u.i.k.l.l.OriginTermLabel commonFileName is null! 
36830      DEBUG main            d.u.i.k.l.l.OriginTermLabel commonFileName is null! 
36847      DEBUG main            d.u.i.k.l.l.OriginTermLabel commonFileName is null! 
36847      DEBUG main            d.u.i.k.l.l.OriginTermLabel commonFileName is null! 
36849      DEBUG main            d.u.i.k.p.i.IntermediateProofReplayer Proof replay took 65.28ms 
36850      DEBUG main            d.u.i.k.p.r.p.TestFile    ... success: reloaded. 
36850      INFO  main            d.u.i.k.p.r.p.TestFile    Now processing file /home/runner/work/key/key/key.core/../key.ui/examples/heap/comprehensions/segsum.key 
36850      INFO  main            d.u.i.k.p.i.AbstractProblemLoader Loading environment from /home/runner/work/key/key/key.core/../key.ui/examples/heap/comprehensions/segsum.key 
36851      DEBUG main            d.u.i.k.p.i.AbstractProblemLoader Environment load took 67.4ns 
36851      INFO  main            d.u.i.k.p.i.AbstractProblemLoader Creating init config 
39469      DEBUG main            d.u.i.k.p.i.AbstractProblemLoader Init config took 2.62s 
39514      INFO  main            d.u.i.k.p.i.AbstractProblemLoader Replaying proof SegSum[SegSum::segSum([I,int,int)].JML normal_behavior operation contract.0 
39516      DEBUG main            d.u.i.k.p.i.IntermediateProofReplayer Proof replay took 6.7ns 
39920      INFO  main            d.u.i.k.p.r.p.TestFile    ... finished proof: closed. 
40085      INFO  main            d.u.i.k.p.i.AbstractProblemLoader Loading environment from /home/runner/work/key/key/key.core/../key.ui/examples/heap/comprehensions/segsum.key.proof 
40089      DEBUG main            d.u.i.k.p.i.AbstractProblemLoader Environment load took 3.45ms 
40092      INFO  main            d.u.i.k.p.i.AbstractProblemLoader Creating init config 
42669      DEBUG main            d.u.i.k.p.i.AbstractProblemLoader Init config took 2.58s 
42716      INFO  main            d.u.i.k.p.i.AbstractProblemLoader Replaying proof SegSum[SegSum::segSum([I,int,int)].JML normal_behavior operation contract.0 
42812      DEBUG main            d.u.i.k.p.i.IntermediateProofReplayer Proof replay took 86.64ms 
42813      DEBUG main            d.u.i.k.p.r.p.TestFile    ... success: reloaded. 
42814      INFO  main            d.u.i.k.p.r.p.TestFile    Now processing file /home/runner/work/key/key/key.core/../key.ui/examples/heap/comprehensions/bsum_negative.key 
42815      INFO  main            d.u.i.k.p.i.AbstractProblemLoader Loading environment from /home/runner/work/key/key/key.core/../key.ui/examples/heap/comprehensions/bsum_negative.key 
42815      DEBUG main            d.u.i.k.p.i.AbstractProblemLoader Environment load took 76ns 
42816      INFO  main            d.u.i.k.p.i.AbstractProblemLoader Creating init config 
45251      DEBUG main            d.u.i.k.p.i.AbstractProblemLoader Init config took 2.43s 
45270      INFO  main            d.u.i.k.p.i.AbstractProblemLoader Replaying proof bsum_negative.key 
45272      DEBUG main            d.u.i.k.p.i.IntermediateProofReplayer Proof replay took 6.8ns 
45375      INFO  main            d.u.i.k.p.r.p.TestFile    ... finished proof: closed. 
45541      INFO  main            d.u.i.k.p.i.AbstractProblemLoader Loading environment from /home/runner/work/key/key/key.core/../key.ui/examples/heap/comprehensions/bsum_negative.key.proof 
45542      DEBUG main            d.u.i.k.p.i.AbstractProblemLoader Environment load took 118.3ns 
45543      INFO  main            d.u.i.k.p.i.AbstractProblemLoader Creating init config 
47926      DEBUG main            d.u.i.k.p.i.AbstractProblemLoader Init config took 2.38s 
47942      INFO  main            d.u.i.k.p.i.AbstractProblemLoader Replaying proof bsum_negative.key.proof 
47946      DEBUG main            d.u.i.k.p.i.IntermediateProofReplayer Proof replay took 984.31ns 
47947      DEBUG main            d.u.i.k.p.r.p.TestFile    ... success: reloaded. 
47948      INFO  main            d.u.i.k.p.r.p.TestFile    Now processing file /home/runner/work/key/key/key.core/../key.ui/examples/heap/comprehensions/bsum_neg2.key 
47948      INFO  main            d.u.i.k.p.i.AbstractProblemLoader Loading environment from /home/runner/work/key/key/key.core/../key.ui/examples/heap/comprehensions/bsum_neg2.key 
47948      DEBUG main            d.u.i.k.p.i.AbstractProblemLoader Environment load took 57.5ns 
47949      INFO  main            d.u.i.k.p.i.AbstractProblemLoader Creating init config 
50374      DEBUG main            d.u.i.k.p.i.AbstractProblemLoader Init config took 2.42s 
50389      INFO  main            d.u.i.k.p.i.AbstractProblemLoader Replaying proof bsum_neg2.key 
50390      DEBUG main            d.u.i.k.p.i.IntermediateProofReplayer Proof replay took 6.9ns 
50493      INFO  main            d.u.i.k.p.r.p.TestFile    ... finished proof: closed. 
50659      INFO  main            d.u.i.k.p.i.AbstractProblemLoader Loading environment from /home/runner/work/key/key/key.core/../key.ui/examples/heap/comprehensions/bsum_neg2.key.proof 
50659      DEBUG main            d.u.i.k.p.i.AbstractProblemLoader Environment load took 120.8ns 
50660      INFO  main            d.u.i.k.p.i.AbstractProblemLoader Creating init config 
53042      DEBUG main            d.u.i.k.p.i.AbstractProblemLoader Init config took 2.38s 
53057      INFO  main            d.u.i.k.p.i.AbstractProblemLoader Replaying proof bsum_neg2.key.proof 
53059      DEBUG main            d.u.i.k.p.i.IntermediateProofReplayer Proof replay took 673.51ns 
53060      DEBUG main            d.u.i.k.p.r.p.TestFile    ... success: reloaded. 
53060      INFO  main            d.u.i.k.p.r.p.TestFile    Now processing file /home/runner/work/key/key/key.core/../key.ui/examples/heap/comprehensions/bsumSplit.key 
53060      INFO  main            d.u.i.k.p.i.AbstractProblemLoader Loading environment from /home/runner/work/key/key/key.core/../key.ui/examples/heap/comprehensions/bsumSplit.key 
53060      DEBUG main            d.u.i.k.p.i.AbstractProblemLoader Environment load took 58.2ns 
53061      INFO  main            d.u.i.k.p.i.AbstractProblemLoader Creating init config 
55478      DEBUG main            d.u.i.k.p.i.AbstractProblemLoader Init config took 2.42s 
55493      INFO  main            d.u.i.k.p.i.AbstractProblemLoader Replaying proof bsumSplit.key 
55495      DEBUG main            d.u.i.k.p.i.IntermediateProofReplayer Proof replay took 6.4ns 
55604      INFO  main            d.u.i.k.p.r.p.TestFile    ... finished proof: closed. 
55801      INFO  main            d.u.i.k.p.i.AbstractProblemLoader Loading environment from /home/runner/work/key/key/key.core/../key.ui/examples/heap/comprehensions/bsumSplit.key.proof 
55801      DEBUG main            d.u.i.k.p.i.AbstractProblemLoader Environment load took 129.1ns 
55802      INFO  main            d.u.i.k.p.i.AbstractProblemLoader Creating init config 
58189      DEBUG main            d.u.i.k.p.i.AbstractProblemLoader Init config took 2.39s 
58205      INFO  main            d.u.i.k.p.i.AbstractProblemLoader Replaying proof bsumSplit.key.proof 
58210      DEBUG main            d.u.i.k.p.i.IntermediateProofReplayer Proof replay took 2.78ms 
58211      DEBUG main            d.u.i.k.p.r.p.TestFile    ... success: reloaded. 
58212      INFO  main            d.u.i.k.p.r.p.TestFile    Now processing file /home/runner/work/key/key/key.core/../key.ui/examples/heap/comprehensions/bprodSplit.key 
58213      INFO  main            d.u.i.k.p.i.AbstractProblemLoader Loading environment from /home/runner/work/key/key/key.core/../key.ui/examples/heap/comprehensions/bprodSplit.key 
58213      DEBUG main            d.u.i.k.p.i.AbstractProblemLoader Environment load took 311.31ns 
58214      INFO  main            d.u.i.k.p.i.AbstractProblemLoader Creating init config 
60640      DEBUG main            d.u.i.k.p.i.AbstractProblemLoader Init config took 2.43s 
60655      INFO  main            d.u.i.k.p.i.AbstractProblemLoader Replaying proof bprodSplit.key 
60657      DEBUG main            d.u.i.k.p.i.IntermediateProofReplayer Proof replay took 6.5ns 
60759      INFO  main            d.u.i.k.p.r.p.TestFile    ... finished proof: closed. 
60937      INFO  main            d.u.i.k.p.i.AbstractProblemLoader Loading environment from /home/runner/work/key/key/key.core/../key.ui/examples/heap/comprehensions/bprodSplit.key.proof 
60937      DEBUG main            d.u.i.k.p.i.AbstractProblemLoader Environment load took 115.8ns 
60938      INFO  main            d.u.i.k.p.i.AbstractProblemLoader Creating init config 
63285      DEBUG main            d.u.i.k.p.i.AbstractProblemLoader Init config took 2.35s 
63303      INFO  main            d.u.i.k.p.i.AbstractProblemLoader Replaying proof bprodSplit.key.proof 
63306      DEBUG main            d.u.i.k.p.i.IntermediateProofReplayer Proof replay took 1.58ms 
63307      DEBUG main            d.u.i.k.p.r.p.TestFile    ... success: reloaded. 
63308      INFO  main            d.u.i.k.p.r.p.TestFile    Now processing file /home/runner/work/key/key/key.core/../key.ui/examples/heap/comprehensions/bsumSplitInvalid.key 
63308      INFO  main            d.u.i.k.p.i.AbstractProblemLoader Loading environment from /home/runner/work/key/key/key.core/../key.ui/examples/heap/comprehensions/bsumSplitInvalid.key 
63308      DEBUG main            d.u.i.k.p.i.AbstractProblemLoader Environment load took 100.7ns 
63309      INFO  main            d.u.i.k.p.i.AbstractProblemLoader Creating init config 
65724      DEBUG main            d.u.i.k.p.i.AbstractProblemLoader Init config took 2.42s 
65740      INFO  main            d.u.i.k.p.i.AbstractProblemLoader Replaying proof bsumSplitInvalid.key 
65742      DEBUG main            d.u.i.k.p.i.IntermediateProofReplayer Proof replay took 8.5ns 
65844      INFO  main            d.u.i.k.p.r.p.TestFile    ... finished proof: open goal(s) 
146100     INFO  Test worker     d.u.i.k.p.r.RunAllProofsTestUnit Returning from test comprehensions 
146101     INFO  Test worker     d.u.i.k.p.r.RunAllProofsTestUnit Running test performance 
334        INFO  Timeout watchdog d.u.i.k.p.r.p.ForkedTestFileRunner Timeout watcher launched (2000 secs.) 
348        WARN  main            d.u.i.k.s.ProofSettings   The settings in /home/runner/.key/proof-settings.props are *not* read. 
375        INFO  main            d.u.i.k.p.r.p.TestFile    Now processing file /home/runner/work/key/key/key.core/../key.ui/examples/performance-test/Disjoint(Disjoint__disjoint_08()).JML_operation_contract.0.key 
495        INFO  main            d.u.i.k.p.i.AbstractProblemLoader Loading environment from /home/runner/work/key/key/key.core/../key.ui/examples/performance-test/Disjoint(Disjoint__disjoint_08()).JML_operation_contract.0.key 
511        DEBUG main            d.u.i.k.p.i.AbstractProblemLoader Environment load took 1.98ms 
742        INFO  main            d.u.i.k.p.i.AbstractProblemLoader Creating init config 
1599       DEBUG main            d.u.i.k.j.TypeConverter   No LDT found for Meta 
1599       DEBUG main            d.u.i.k.j.TypeConverter   No LDT found for Meta 
1600       DEBUG main            d.u.i.k.j.TypeConverter   No LDT found for Meta 
1600       DEBUG main            d.u.i.k.j.TypeConverter   No LDT found for Meta 
3100       DEBUG main            d.u.i.k.j.TypeConverter   No LDT found for JavaBigintExpression 
8346       DEBUG main            d.u.i.k.j.r.ClassPreparationMethodBuilder clPrepBuilder: Inner Class detected. Reject building class initialisation methods. 
16329      DEBUG main            d.u.i.k.p.i.AbstractProblemLoader Init config took 15.59s 
16536      INFO  main            d.u.i.k.p.i.AbstractProblemLoader Replaying proof Disjoint[Disjoint::disjoint_8()].JML operation contract.0 
16616      DEBUG main            d.u.i.k.p.i.IntermediateProofReplayer Proof replay took 384.2ns 
19068      INFO  main            d.u.i.k.p.r.p.TestFile    ... finished proof: closed. 
19282      INFO  main            d.u.i.k.p.i.AbstractProblemLoader Loading environment from /home/runner/work/key/key/key.core/../key.ui/examples/performance-test/Disjoint(Disjoint__disjoint_08()).JML_operation_contract.0.key.proof 
19287      DEBUG main            d.u.i.k.p.i.AbstractProblemLoader Environment load took 5.15ms 
19291      INFO  main            d.u.i.k.p.i.AbstractProblemLoader Creating init config 
22401      DEBUG main            d.u.i.k.j.r.ClassPreparationMethodBuilder clPrepBuilder: Inner Class detected. Reject building class initialisation methods. 
29357      DEBUG main            d.u.i.k.p.i.AbstractProblemLoader Init config took 10.07s 
29481      INFO  main            d.u.i.k.p.i.AbstractProblemLoader Replaying proof Disjoint[Disjoint::disjoint_8()].JML operation contract.0 
29794      DEBUG main            d.u.i.k.p.i.IntermediateProofReplayer Proof replay took 302.71ms 
29802      DEBUG main            d.u.i.k.p.r.p.TestFile    ... success: reloaded. 
29804      INFO  main            d.u.i.k.p.r.p.TestFile    Now processing file /home/runner/work/key/key/key.core/../key.ui/examples/performance-test/Disjoint(Disjoint__disjoint2_08()).JML_operation_contract.0.key 
29804      INFO  main            d.u.i.k.p.i.AbstractProblemLoader Loading environment from /home/runner/work/key/key/key.core/../key.ui/examples/performance-test/Disjoint(Disjoint__disjoint2_08()).JML_operation_contract.0.key 
29805      DEBUG main            d.u.i.k.p.i.AbstractProblemLoader Environment load took 373.11ns 
29806      INFO  main            d.u.i.k.p.i.AbstractProblemLoader Creating init config 
32856      DEBUG main            d.u.i.k.j.r.ClassPreparationMethodBuilder clPrepBuilder: Inner Class detected. Reject building class initialisation methods. 
39764      DEBUG main            d.u.i.k.p.i.AbstractProblemLoader Init config took 9.96s 
39869      INFO  main            d.u.i.k.p.i.AbstractProblemLoader Replaying proof Disjoint[Disjoint::disjoint2_8()].JML operation contract.0 
39872      DEBUG main            d.u.i.k.p.i.IntermediateProofReplayer Proof replay took 21.5ns 
40877      INFO  main            d.u.i.k.p.r.p.TestFile    ... finished proof: closed. 
41178      INFO  main            d.u.i.k.p.i.AbstractProblemLoader Loading environment from /home/runner/work/key/key/key.core/../key.ui/examples/performance-test/Disjoint(Disjoint__disjoint2_08()).JML_operation_contract.0.key.proof 
41181      DEBUG main            d.u.i.k.p.i.AbstractProblemLoader Environment load took 2.83ms 
41184      INFO  main            d.u.i.k.p.i.AbstractProblemLoader Creating init config 
44060      DEBUG main            d.u.i.k.j.r.ClassPreparationMethodBuilder clPrepBuilder: Inner Class detected. Reject building class initialisation methods. 
50900      DEBUG main            d.u.i.k.p.i.AbstractProblemLoader Init config took 9.72s 
51005      INFO  main            d.u.i.k.p.i.AbstractProblemLoader Replaying proof Disjoint[Disjoint::disjoint2_8()].JML operation contract.0 
51089      DEBUG main            d.u.i.k.p.i.IntermediateProofReplayer Proof replay took 80.43ms 
51091      DEBUG main            d.u.i.k.p.r.p.TestFile    ... success: reloaded. 
51098      INFO  main            d.u.i.k.p.r.p.TestFile    Now processing file /home/runner/work/key/key/key.core/../key.ui/examples/performance-test/AccessChain1(AccessChain1__foo_08()).JML_operation_contract.0.key 
51099      INFO  main            d.u.i.k.p.i.AbstractProblemLoader Loading environment from /home/runner/work/key/key/key.core/../key.ui/examples/performance-test/AccessChain1(AccessChain1__foo_08()).JML_operation_contract.0.key 
51100      DEBUG main            d.u.i.k.p.i.AbstractProblemLoader Environment load took 434.8ns 
51103      INFO  main            d.u.i.k.p.i.AbstractProblemLoader Creating init config 
54034      DEBUG main            d.u.i.k.j.r.ClassPreparationMethodBuilder clPrepBuilder: Inner Class detected. Reject building class initialisation methods. 
60846      DEBUG main            d.u.i.k.p.i.AbstractProblemLoader Init config took 9.74s 
60939      INFO  main            d.u.i.k.p.i.AbstractProblemLoader Replaying proof AccessChain1[AccessChain1::foo_8()].JML operation contract.0 
60941      DEBUG main            d.u.i.k.p.i.IntermediateProofReplayer Proof replay took 12.3ns 
63494      INFO  main            d.u.i.k.p.r.p.TestFile    ... finished proof: closed. 
63822      INFO  main            d.u.i.k.p.i.AbstractProblemLoader Loading environment from /home/runner/work/key/key/key.core/../key.ui/examples/performance-test/AccessChain1(AccessChain1__foo_08()).JML_operation_contract.0.key.proof 
63823      DEBUG main            d.u.i.k.p.i.AbstractProblemLoader Environment load took 680.41ns 
63825      INFO  main            d.u.i.k.p.i.AbstractProblemLoader Creating init config 
66658      DEBUG main            d.u.i.k.j.r.ClassPreparationMethodBuilder clPrepBuilder: Inner Class detected. Reject building class initialisation methods. 
73462      DEBUG main            d.u.i.k.p.i.AbstractProblemLoader Init config took 9.64s 
73553      INFO  main            d.u.i.k.p.i.AbstractProblemLoader Replaying proof AccessChain1[AccessChain1::foo_8()].JML operation contract.0 
74013      DEBUG main            d.u.i.k.p.i.IntermediateProofReplayer Proof replay took 445.46ms 
74015      DEBUG main            d.u.i.k.p.r.p.TestFile    ... success: reloaded. 
74020      INFO  main            d.u.i.k.p.r.p.TestFile    Now processing file /home/runner/work/key/key/key.core/../key.ui/examples/performance-test/AccessChain4(AccessChain4__foo_08()).JML_operation_contract.0.key 
74020      INFO  main            d.u.i.k.p.i.AbstractProblemLoader Loading environment from /home/runner/work/key/key/key.core/../key.ui/examples/performance-test/AccessChain4(AccessChain4__foo_08()).JML_operation_contract.0.key 
74021      DEBUG main            d.u.i.k.p.i.AbstractProblemLoader Environment load took 302ns 
74022      INFO  main            d.u.i.k.p.i.AbstractProblemLoader Creating init config 
76925      DEBUG main            d.u.i.k.j.r.ClassPreparationMethodBuilder clPrepBuilder: Inner Class detected. Reject building class initialisation methods. 
83751      DEBUG main            d.u.i.k.p.i.AbstractProblemLoader Init config took 9.73s 
83843      INFO  main            d.u.i.k.p.i.AbstractProblemLoader Replaying proof AccessChain4[AccessChain4::foo_8()].JML operation contract.0 
83845      DEBUG main            d.u.i.k.p.i.IntermediateProofReplayer Proof replay took 11.7ns 
90200      INFO  main            d.u.i.k.p.r.p.TestFile    ... finished proof: closed. 
90556      INFO  main            d.u.i.k.p.i.AbstractProblemLoader Loading environment from /home/runner/work/key/key/key.core/../key.ui/examples/performance-test/AccessChain4(AccessChain4__foo_08()).JML_operation_contract.0.key.proof 
90564      DEBUG main            d.u.i.k.p.i.AbstractProblemLoader Environment load took 8.07ms 
90567      INFO  main            d.u.i.k.p.i.AbstractProblemLoader Creating init config 
93387      DEBUG main            d.u.i.k.j.r.ClassPreparationMethodBuilder clPrepBuilder: Inner Class detected. Reject building class initialisation methods. 
100151     DEBUG main            d.u.i.k.p.i.AbstractProblemLoader Init config took 9.58s 
100266     INFO  main            d.u.i.k.p.i.AbstractProblemLoader Replaying proof AccessChain4[AccessChain4::foo_8()].JML operation contract.0 
101004     DEBUG main            d.u.i.k.p.i.IntermediateProofReplayer Proof replay took 709.96ms 
101008     DEBUG main            d.u.i.k.p.r.p.TestFile    ... success: reloaded. 
101010     INFO  main            d.u.i.k.p.r.p.TestFile    Now processing file /home/runner/work/key/key/key.core/../key.ui/examples/performance-test/Disjoint(Disjoint__xZero_08()).JML_operation_contract.0.key 
101011     INFO  main            d.u.i.k.p.i.AbstractProblemLoader Loading environment from /home/runner/work/key/key/key.core/../key.ui/examples/performance-test/Disjoint(Disjoint__xZero_08()).JML_operation_contract.0.key 
101011     DEBUG main            d.u.i.k.p.i.AbstractProblemLoader Environment load took 75.7ns 
101012     INFO  main            d.u.i.k.p.i.AbstractProblemLoader Creating init config 
103949     DEBUG main            d.u.i.k.j.r.ClassPreparationMethodBuilder clPrepBuilder: Inner Class detected. Reject building class initialisation methods. 
110768     DEBUG main            d.u.i.k.p.i.AbstractProblemLoader Init config took 9.76s 
110867     INFO  main            d.u.i.k.p.i.AbstractProblemLoader Replaying proof Disjoint[Disjoint::xZero_8()].JML operation contract.0 
110870     DEBUG main            d.u.i.k.p.i.IntermediateProofReplayer Proof replay took 12.5ns 
111878     INFO  main            d.u.i.k.p.r.p.TestFile    ... finished proof: closed. 
112251     INFO  main            d.u.i.k.p.i.AbstractProblemLoader Loading environment from /home/runner/work/key/key/key.core/../key.ui/examples/performance-test/Disjoint(Disjoint__xZero_08()).JML_operation_contract.0.key.proof 
112251     DEBUG main            d.u.i.k.p.i.AbstractProblemLoader Environment load took 135.6ns 
112253     INFO  main            d.u.i.k.p.i.AbstractProblemLoader Creating init config 
115082     DEBUG main            d.u.i.k.j.r.ClassPreparationMethodBuilder clPrepBuilder: Inner Class detected. Reject building class initialisation methods. 
121816     DEBUG main            d.u.i.k.p.i.AbstractProblemLoader Init config took 9.56s 
121901     INFO  main            d.u.i.k.p.i.AbstractProblemLoader Replaying proof Disjoint[Disjoint::xZero_8()].JML operation contract.0 
122076     DEBUG main            d.u.i.k.p.i.IntermediateProofReplayer Proof replay took 167.68ms 
122077     DEBUG main            d.u.i.k.p.r.p.TestFile    ... success: reloaded. 
122079     INFO  main            d.u.i.k.p.r.p.TestFile    Now processing file /home/runner/work/key/key/key.core/../key.ui/examples/performance-test/Dynamic(Dynamic__foo_08()).JML_operation_contract.0.key 
122079     INFO  main            d.u.i.k.p.i.AbstractProblemLoader Loading environment from /home/runner/work/key/key/key.core/../key.ui/examples/performance-test/Dynamic(Dynamic__foo_08()).JML_operation_contract.0.key 
122080     DEBUG main            d.u.i.k.p.i.AbstractProblemLoader Environment load took 276.4ns 
122081     INFO  main            d.u.i.k.p.i.AbstractProblemLoader Creating init config 
124976     DEBUG main            d.u.i.k.j.r.ClassPreparationMethodBuilder clPrepBuilder: Inner Class detected. Reject building class initialisation methods. 
131707     DEBUG main            d.u.i.k.p.i.AbstractProblemLoader Init config took 9.62s 
131795     INFO  main            d.u.i.k.p.i.AbstractProblemLoader Replaying proof Dynamic[Dynamic::foo_8()].JML operation contract.0 
131798     DEBUG main            d.u.i.k.p.i.IntermediateProofReplayer Proof replay took 12.8ns 
137066     INFO  main            d.u.i.k.p.r.p.TestFile    ... finished proof: closed. 
137467     INFO  main            d.u.i.k.p.i.AbstractProblemLoader Loading environment from /home/runner/work/key/key/key.core/../key.ui/examples/performance-test/Dynamic(Dynamic__foo_08()).JML_operation_contract.0.key.proof 
137470     DEBUG main            d.u.i.k.p.i.AbstractProblemLoader Environment load took 3.05ms 
137473     INFO  main            d.u.i.k.p.i.AbstractProblemLoader Creating init config 
140268     DEBUG main            d.u.i.k.j.r.ClassPreparationMethodBuilder clPrepBuilder: Inner Class detected. Reject building class initialisation methods. 
147034     DEBUG main            d.u.i.k.p.i.AbstractProblemLoader Init config took 9.56s 
147123     INFO  main            d.u.i.k.p.i.AbstractProblemLoader Replaying proof Dynamic[Dynamic::foo_8()].JML operation contract.0 
147584     DEBUG main            d.u.i.k.p.i.IntermediateProofReplayer Proof replay took 436.77ms 
147587     DEBUG main            d.u.i.k.p.r.p.TestFile    ... success: reloaded. 
147588     INFO  main            d.u.i.k.p.r.p.TestFile    Now processing file /home/runner/work/key/key/key.core/../key.ui/examples/performance-test/DynamicGhost(DynamicGhost__dynamicGhost_08()).JML_normal_behavior_operation_contract.0.key 
147588     INFO  main            d.u.i.k.p.i.AbstractProblemLoader Loading environment from /home/runner/work/key/key/key.core/../key.ui/examples/performance-test/DynamicGhost(DynamicGhost__dynamicGhost_08()).JML_normal_behavior_operation_contract.0.key 
147588     DEBUG main            d.u.i.k.p.i.AbstractProblemLoader Environment load took 108.2ns 
147589     INFO  main            d.u.i.k.p.i.AbstractProblemLoader Creating init config 
150532     DEBUG main            d.u.i.k.j.r.ClassPreparationMethodBuilder clPrepBuilder: Inner Class detected. Reject building class initialisation methods. 
157354     DEBUG main            d.u.i.k.p.i.AbstractProblemLoader Init config took 9.76s 
157441     INFO  main            d.u.i.k.p.i.AbstractProblemLoader Replaying proof DynamicGhost[DynamicGhost::dynamicGhost_8()].JML normal_behavior operation contract.0 
157443     DEBUG main            d.u.i.k.p.i.IntermediateProofReplayer Proof replay took 12.9ns 
161556     INFO  main            d.u.i.k.p.r.p.TestFile    ... finished proof: closed. 
162017     INFO  main            d.u.i.k.p.i.AbstractProblemLoader Loading environment from /home/runner/work/key/key/key.core/../key.ui/examples/performance-test/DynamicGhost(DynamicGhost__dynamicGhost_08()).JML_normal_behavior_operation_contract.0.key.proof 
162017     DEBUG main            d.u.i.k.p.i.AbstractProblemLoader Environment load took 599.51ns 
162019     INFO  main            d.u.i.k.p.i.AbstractProblemLoader Creating init config 
164790     DEBUG main            d.u.i.k.j.r.ClassPreparationMethodBuilder clPrepBuilder: Inner Class detected. Reject building class initialisation methods. 
171557     DEBUG main            d.u.i.k.p.i.AbstractProblemLoader Init config took 9.54s 
171645     INFO  main            d.u.i.k.p.i.AbstractProblemLoader Replaying proof DynamicGhost[DynamicGhost::dynamicGhost_8()].JML normal_behavior operation contract.0 
172096     DEBUG main            d.u.i.k.p.i.IntermediateProofReplayer Proof replay took 432.77ms 
172099     DEBUG main            d.u.i.k.p.r.p.TestFile    ... success: reloaded. 
172100     INFO  main            d.u.i.k.p.r.p.TestFile    Now processing file /home/runner/work/key/key/key.core/../key.ui/examples/performance-test/GhostFrame(GhostFrame__foo_08()).JML_operation_contract.0.key 
172101     INFO  main            d.u.i.k.p.i.AbstractProblemLoader Loading environment from /home/runner/work/key/key/key.core/../key.ui/examples/performance-test/GhostFrame(GhostFrame__foo_08()).JML_operation_contract.0.key 
172101     DEBUG main            d.u.i.k.p.i.AbstractProblemLoader Environment load took 477.01ns 
172102     INFO  main            d.u.i.k.p.i.AbstractProblemLoader Creating init config 
175008     DEBUG main            d.u.i.k.j.r.ClassPreparationMethodBuilder clPrepBuilder: Inner Class detected. Reject building class initialisation methods. 
181779     DEBUG main            d.u.i.k.p.i.AbstractProblemLoader Init config took 9.68s 
181862     INFO  main            d.u.i.k.p.i.AbstractProblemLoader Replaying proof GhostFrame[GhostFrame::foo_8()].JML operation contract.0 
181864     DEBUG main            d.u.i.k.p.i.IntermediateProofReplayer Proof replay took 14.1ns 
183774     INFO  main            d.u.i.k.p.r.p.TestFile    ... finished proof: closed. 
184187     INFO  main            d.u.i.k.p.i.AbstractProblemLoader Loading environment from /home/runner/work/key/key/key.core/../key.ui/examples/performance-test/GhostFrame(GhostFrame__foo_08()).JML_operation_contract.0.key.proof 
184187     DEBUG main            d.u.i.k.p.i.AbstractProblemLoader Environment load took 581.31ns 
184200     INFO  main            d.u.i.k.p.i.AbstractProblemLoader Creating init config 
186982     DEBUG main            d.u.i.k.j.r.ClassPreparationMethodBuilder clPrepBuilder: Inner Class detected. Reject building class initialisation methods. 
193741     DEBUG main            d.u.i.k.p.i.AbstractProblemLoader Init config took 9.54s 
193825     INFO  main            d.u.i.k.p.i.AbstractProblemLoader Replaying proof GhostFrame[GhostFrame::foo_8()].JML operation contract.0 
194087     DEBUG main            d.u.i.k.p.i.IntermediateProofReplayer Proof replay took 253.45ms 
194089     DEBUG main            d.u.i.k.p.r.p.TestFile    ... success: reloaded. 
194092     INFO  main            d.u.i.k.p.r.p.TestFile    Now processing file /home/runner/work/key/key/key.core/../key.ui/examples/performance-test/Modelfield(Modelfield__foo_08()).JML_operation_contract.0.key 
194092     INFO  main            d.u.i.k.p.i.AbstractProblemLoader Loading environment from /home/runner/work/key/key/key.core/../key.ui/examples/performance-test/Modelfield(Modelfield__foo_08()).JML_operation_contract.0.key 
194093     DEBUG main            d.u.i.k.p.i.AbstractProblemLoader Environment load took 330.1ns 
194094     INFO  main            d.u.i.k.p.i.AbstractProblemLoader Creating init config 
196979     DEBUG main            d.u.i.k.j.r.ClassPreparationMethodBuilder clPrepBuilder: Inner Class detected. Reject building class initialisation methods. 
203762     DEBUG main            d.u.i.k.p.i.AbstractProblemLoader Init config took 9.67s 
203870     INFO  main            d.u.i.k.p.i.AbstractProblemLoader Replaying proof Modelfield[Modelfield::foo_8()].JML operation contract.0 
203871     DEBUG main            d.u.i.k.p.i.IntermediateProofReplayer Proof replay took 6.2ns 
206912     INFO  main            d.u.i.k.p.r.p.TestFile    ... finished proof: closed. 
207353     INFO  main            d.u.i.k.p.i.AbstractProblemLoader Loading environment from /home/runner/work/key/key/key.core/../key.ui/examples/performance-test/Modelfield(Modelfield__foo_08()).JML_operation_contract.0.key.proof 
207354     DEBUG main            d.u.i.k.p.i.AbstractProblemLoader Environment load took 612.91ns 
207356     INFO  main            d.u.i.k.p.i.AbstractProblemLoader Creating init config 
210116     DEBUG main            d.u.i.k.j.r.ClassPreparationMethodBuilder clPrepBuilder: Inner Class detected. Reject building class initialisation methods. 
216866     DEBUG main            d.u.i.k.p.i.AbstractProblemLoader Init config took 9.51s 
216949     INFO  main            d.u.i.k.p.i.AbstractProblemLoader Replaying proof Modelfield[Modelfield::foo_8()].JML operation contract.0 
217270     DEBUG main            d.u.i.k.p.i.IntermediateProofReplayer Proof replay took 309.01ms 
217272     DEBUG main            d.u.i.k.p.r.p.TestFile    ... success: reloaded. 
363535     INFO  Test worker     d.u.i.k.p.r.RunAllProofsTestUnit Returning from test performance 
363538     INFO  Test worker     d.u.i.k.p.r.RunAllProofsTestUnit Running test performancePOConstruction 
326        INFO  Timeout watchdog d.u.i.k.p.r.p.ForkedTestFileRunner Timeout watcher launched (2000 secs.) 
347        WARN  main            d.u.i.k.s.ProofSettings   The settings in /home/runner/.key/proof-settings.props are *not* read. 
391        INFO  main            d.u.i.k.p.r.p.TestFile    Now processing file /home/runner/work/key/key/key.core/../key.ui/examples/performance-test/Test(Test__a0(int)).JML_normal_behavior_operation_contract.0.key 
544        INFO  main            d.u.i.k.p.i.AbstractProblemLoader Loading environment from /home/runner/work/key/key/key.core/../key.ui/examples/performance-test/Test(Test__a0(int)).JML_normal_behavior_operation_contract.0.key 
563        DEBUG main            d.u.i.k.p.i.AbstractProblemLoader Environment load took 2.04ms 
788        INFO  main            d.u.i.k.p.i.AbstractProblemLoader Creating init config 
1616       DEBUG main            d.u.i.k.j.TypeConverter   No LDT found for Meta 
1621       DEBUG main            d.u.i.k.j.TypeConverter   No LDT found for Meta 
1623       DEBUG main            d.u.i.k.j.TypeConverter   No LDT found for Meta 
1623       DEBUG main            d.u.i.k.j.TypeConverter   No LDT found for Meta 
2780       DEBUG main            d.u.i.k.j.TypeConverter   No LDT found for JavaBigintExpression 
8309       DEBUG main            d.u.i.k.j.r.ClassPreparationMethodBuilder clPrepBuilder: Inner Class detected. Reject building class initialisation methods. 
16399      DEBUG main            d.u.i.k.p.i.AbstractProblemLoader Init config took 15.61s 
17476      INFO  main            d.u.i.k.p.i.AbstractProblemLoader Replaying proof Test[Test::a0(int)].JML normal_behavior operation contract.0 
17573      DEBUG main            d.u.i.k.p.i.IntermediateProofReplayer Proof replay took 37.7ns 
17934      INFO  main            d.u.i.k.p.r.p.TestFile    ... finished proof: closed. 
18085      INFO  main            d.u.i.k.p.i.AbstractProblemLoader Loading environment from /home/runner/work/key/key/key.core/../key.ui/examples/performance-test/Test(Test__a0(int)).JML_normal_behavior_operation_contract.0.key.proof 
18090      DEBUG main            d.u.i.k.p.i.AbstractProblemLoader Environment load took 5.25ms 
18093      INFO  main            d.u.i.k.p.i.AbstractProblemLoader Creating init config 
21200      DEBUG main            d.u.i.k.j.r.ClassPreparationMethodBuilder clPrepBuilder: Inner Class detected. Reject building class initialisation methods. 
28490      DEBUG main            d.u.i.k.p.i.AbstractProblemLoader Init config took 10.4s 
29409      INFO  main            d.u.i.k.p.i.AbstractProblemLoader Replaying proof Test[Test::a0(int)].JML normal_behavior operation contract.0 
29452      DEBUG main            d.u.i.k.p.i.IntermediateProofReplayer Proof replay took 33.15ms 
29460      DEBUG main            d.u.i.k.p.r.p.TestFile    ... success: reloaded. 
29462      INFO  main            d.u.i.k.p.r.p.TestFile    Now processing file /home/runner/work/key/key/key.core/../key.ui/examples/performance-test/Test(Test__a1(int)).JML_normal_behavior_operation_contract.0.key 
29462      INFO  main            d.u.i.k.p.i.AbstractProblemLoader Loading environment from /home/runner/work/key/key/key.core/../key.ui/examples/performance-test/Test(Test__a1(int)).JML_normal_behavior_operation_contract.0.key 
29462      DEBUG main            d.u.i.k.p.i.AbstractProblemLoader Environment load took 291.6ns 
29466      INFO  main            d.u.i.k.p.i.AbstractProblemLoader Creating init config 
32414      DEBUG main            d.u.i.k.j.r.ClassPreparationMethodBuilder clPrepBuilder: Inner Class detected. Reject building class initialisation methods. 
39404      DEBUG main            d.u.i.k.p.i.AbstractProblemLoader Init config took 9.94s 
40261      INFO  main            d.u.i.k.p.i.AbstractProblemLoader Replaying proof Test[Test::a1(int)].JML normal_behavior operation contract.0 
40263      DEBUG main            d.u.i.k.p.i.IntermediateProofReplayer Proof replay took 6.8ns 
40569      INFO  main            d.u.i.k.p.r.p.TestFile    ... finished proof: closed. 
40860      INFO  main            d.u.i.k.p.i.AbstractProblemLoader Loading environment from /home/runner/work/key/key/key.core/../key.ui/examples/performance-test/Test(Test__a1(int)).JML_normal_behavior_operation_contract.0.key.proof 
40865      DEBUG main            d.u.i.k.p.i.AbstractProblemLoader Environment load took 4.9ms 
40867      INFO  main            d.u.i.k.p.i.AbstractProblemLoader Creating init config 
43828      DEBUG main            d.u.i.k.j.r.ClassPreparationMethodBuilder clPrepBuilder: Inner Class detected. Reject building class initialisation methods. 
50765      DEBUG main            d.u.i.k.p.i.AbstractProblemLoader Init config took 9.9s 
51646      INFO  main            d.u.i.k.p.i.AbstractProblemLoader Replaying proof Test[Test::a1(int)].JML normal_behavior operation contract.0 
51746      DEBUG main            d.u.i.k.p.i.IntermediateProofReplayer Proof replay took 90.44ms 
51750      DEBUG main            d.u.i.k.p.r.p.TestFile    ... success: reloaded. 
51753      INFO  main            d.u.i.k.p.r.p.TestFile    Now processing file /home/runner/work/key/key/key.core/../key.ui/examples/performance-test/Test(Test__f1(int)).JML_normal_behavior_operation_contract.0.key 
51753      INFO  main            d.u.i.k.p.i.AbstractProblemLoader Loading environment from /home/runner/work/key/key/key.core/../key.ui/examples/performance-test/Test(Test__f1(int)).JML_normal_behavior_operation_contract.0.key 
51753      DEBUG main            d.u.i.k.p.i.AbstractProblemLoader Environment load took 105.6ns 
51756      INFO  main            d.u.i.k.p.i.AbstractProblemLoader Creating init config 
54679      DEBUG main            d.u.i.k.j.r.ClassPreparationMethodBuilder clPrepBuilder: Inner Class detected. Reject building class initialisation methods. 
61599      DEBUG main            d.u.i.k.p.i.AbstractProblemLoader Init config took 9.84s 
62443      INFO  main            d.u.i.k.p.i.AbstractProblemLoader Replaying proof Test[Test::f1(int)].JML normal_behavior operation contract.0 
62445      DEBUG main            d.u.i.k.p.i.IntermediateProofReplayer Proof replay took 7.5ns 
62648      INFO  main            d.u.i.k.p.r.p.TestFile    ... finished proof: closed. 
62913      INFO  main            d.u.i.k.p.i.AbstractProblemLoader Loading environment from /home/runner/work/key/key/key.core/../key.ui/examples/performance-test/Test(Test__f1(int)).JML_normal_behavior_operation_contract.0.key.proof 
62914      DEBUG main            d.u.i.k.p.i.AbstractProblemLoader Environment load took 1.16ms 
62915      INFO  main            d.u.i.k.p.i.AbstractProblemLoader Creating init config 
65809      DEBUG main            d.u.i.k.j.r.ClassPreparationMethodBuilder clPrepBuilder: Inner Class detected. Reject building class initialisation methods. 
72714      DEBUG main            d.u.i.k.p.i.AbstractProblemLoader Init config took 9.8s 
73528      INFO  main            d.u.i.k.p.i.AbstractProblemLoader Replaying proof Test[Test::f1(int)].JML normal_behavior operation contract.0 
73570      DEBUG main            d.u.i.k.p.i.IntermediateProofReplayer Proof replay took 38.95ms 
73573      DEBUG main            d.u.i.k.p.r.p.TestFile    ... success: reloaded. 
437289     INFO  Test worker     d.u.i.k.p.r.RunAllProofsTestUnit Returning from test performancePOConstruction 
437293     INFO  Test worker     d.u.i.k.p.r.RunAllProofsTestUnit Running test applicationRestrictions 
349        INFO  Timeout watchdog d.u.i.k.p.r.p.ForkedTestFileRunner Timeout watcher launched (2000 secs.) 
365        WARN  main            d.u.i.k.s.ProofSettings   The settings in /home/runner/.key/proof-settings.props are *not* read. 
417        INFO  main            d.u.i.k.p.r.p.TestFile    Now processing file /home/runner/work/key/key/key.core/../key.ui/examples/heap/polarity_tests/wellformed1.key 
534        INFO  main            d.u.i.k.p.i.AbstractProblemLoader Loading environment from /home/runner/work/key/key/key.core/../key.ui/examples/heap/polarity_tests/wellformed1.key 
555        DEBUG main            d.u.i.k.p.i.AbstractProblemLoader Environment load took 2.28ms 
784        INFO  main            d.u.i.k.p.i.AbstractProblemLoader Creating init config 
1625       DEBUG main            d.u.i.k.j.TypeConverter   No LDT found for Meta 
1626       DEBUG main            d.u.i.k.j.TypeConverter   No LDT found for Meta 
1632       DEBUG main            d.u.i.k.j.TypeConverter   No LDT found for Meta 
1632       DEBUG main            d.u.i.k.j.TypeConverter   No LDT found for Meta 
2843       DEBUG main            d.u.i.k.j.TypeConverter   No LDT found for JavaBigintExpression 
7885       DEBUG main            d.u.i.k.p.i.AbstractProblemLoader Init config took 7.1s 
7946       INFO  main            d.u.i.k.p.i.AbstractProblemLoader Replaying proof wellformed1.key 
7978       DEBUG main            d.u.i.k.p.i.IntermediateProofReplayer Proof replay took 38.6ns 
8154       INFO  main            d.u.i.k.p.r.p.TestFile    ... finished proof: closed. 
8259       INFO  main            d.u.i.k.p.i.AbstractProblemLoader Loading environment from /home/runner/work/key/key/key.core/../key.ui/examples/heap/polarity_tests/wellformed1.key.proof 
8259       DEBUG main            d.u.i.k.p.i.AbstractProblemLoader Environment load took 154.2ns 
8267       INFO  main            d.u.i.k.p.i.AbstractProblemLoader Creating init config 
11172      DEBUG main            d.u.i.k.p.i.AbstractProblemLoader Init config took 2.9s 
11203      INFO  main            d.u.i.k.p.i.AbstractProblemLoader Replaying proof wellformed1.key.proof 
11210      DEBUG main            d.u.i.k.p.i.IntermediateProofReplayer Proof replay took 2.23ms 
11221      DEBUG main            d.u.i.k.p.r.p.TestFile    ... success: reloaded. 
11222      INFO  main            d.u.i.k.p.r.p.TestFile    Now processing file /home/runner/work/key/key/key.core/../key.ui/examples/heap/polarity_tests/wellformed2.key 
11223      INFO  main            d.u.i.k.p.i.AbstractProblemLoader Loading environment from /home/runner/work/key/key/key.core/../key.ui/examples/heap/polarity_tests/wellformed2.key 
11223      DEBUG main            d.u.i.k.p.i.AbstractProblemLoader Environment load took 288.9ns 
11225      INFO  main            d.u.i.k.p.i.AbstractProblemLoader Creating init config 
13961      DEBUG main            d.u.i.k.p.i.AbstractProblemLoader Init config took 2.74s 
13990      INFO  main            d.u.i.k.p.i.AbstractProblemLoader Replaying proof wellformed2.key 
13993      DEBUG main            d.u.i.k.p.i.IntermediateProofReplayer Proof replay took 6.8ns 
14095      INFO  main            d.u.i.k.p.r.p.TestFile    ... finished proof: open goal(s) 
14219      INFO  main            d.u.i.k.p.r.p.TestFile    Now processing file /home/runner/work/key/key/key.core/../key.ui/examples/heap/polarity_tests/wellformed3.key 
14220      INFO  main            d.u.i.k.p.i.AbstractProblemLoader Loading environment from /home/runner/work/key/key/key.core/../key.ui/examples/heap/polarity_tests/wellformed3.key 
14220      DEBUG main            d.u.i.k.p.i.AbstractProblemLoader Environment load took 83.7ns 
14221      INFO  main            d.u.i.k.p.i.AbstractProblemLoader Creating init config 
16968      DEBUG main            d.u.i.k.p.i.AbstractProblemLoader Init config took 2.75s 
16991      INFO  main            d.u.i.k.p.i.AbstractProblemLoader Replaying proof wellformed3.key 
16993      DEBUG main            d.u.i.k.p.i.IntermediateProofReplayer Proof replay took 7.3ns 
17100      INFO  main            d.u.i.k.p.r.p.TestFile    ... finished proof: closed. 
17222      INFO  main            d.u.i.k.p.i.AbstractProblemLoader Loading environment from /home/runner/work/key/key/key.core/../key.ui/examples/heap/polarity_tests/wellformed3.key.proof 
17222      DEBUG main            d.u.i.k.p.i.AbstractProblemLoader Environment load took 138.5ns 
17224      INFO  main            d.u.i.k.p.i.AbstractProblemLoader Creating init config 
19905      DEBUG main            d.u.i.k.p.i.AbstractProblemLoader Init config took 2.68s 
19926      INFO  main            d.u.i.k.p.i.AbstractProblemLoader Replaying proof wellformed3.key.proof 
19929      DEBUG main            d.u.i.k.p.i.IntermediateProofReplayer Proof replay took 1.59ms 
19930      DEBUG main            d.u.i.k.p.r.p.TestFile    ... success: reloaded. 
19931      INFO  main            d.u.i.k.p.r.p.TestFile    Now processing file /home/runner/work/key/key/key.core/../key.ui/examples/heap/polarity_tests/wellformed4.key 
19932      INFO  main            d.u.i.k.p.i.AbstractProblemLoader Loading environment from /home/runner/work/key/key/key.core/../key.ui/examples/heap/polarity_tests/wellformed4.key 
19932      DEBUG main            d.u.i.k.p.i.AbstractProblemLoader Environment load took 116ns 
19933      INFO  main            d.u.i.k.p.i.AbstractProblemLoader Creating init config 
22574      DEBUG main            d.u.i.k.p.i.AbstractProblemLoader Init config took 2.64s 
22594      INFO  main            d.u.i.k.p.i.AbstractProblemLoader Replaying proof wellformed4.key 
22596      DEBUG main            d.u.i.k.p.i.IntermediateProofReplayer Proof replay took 6.7ns 
22700      INFO  main            d.u.i.k.p.r.p.TestFile    ... finished proof: open goal(s) 
22831      INFO  main            d.u.i.k.p.r.p.TestFile    Now processing file /home/runner/work/key/key/key.core/../key.ui/examples/heap/polarity_tests/wellformed5.key 
22832      INFO  main            d.u.i.k.p.i.AbstractProblemLoader Loading environment from /home/runner/work/key/key/key.core/../key.ui/examples/heap/polarity_tests/wellformed5.key 
22832      DEBUG main            d.u.i.k.p.i.AbstractProblemLoader Environment load took 75.1ns 
22833      INFO  main            d.u.i.k.p.i.AbstractProblemLoader Creating init config 
25540      DEBUG main            d.u.i.k.p.i.AbstractProblemLoader Init config took 2.71s 
25559      INFO  main            d.u.i.k.p.i.AbstractProblemLoader Replaying proof wellformed5.key 
25561      DEBUG main            d.u.i.k.p.i.IntermediateProofReplayer Proof replay took 7.5ns 
25663      INFO  main            d.u.i.k.p.r.p.TestFile    ... finished proof: closed. 
25780      INFO  main            d.u.i.k.p.i.AbstractProblemLoader Loading environment from /home/runner/work/key/key/key.core/../key.ui/examples/heap/polarity_tests/wellformed5.key.proof 
25780      DEBUG main            d.u.i.k.p.i.AbstractProblemLoader Environment load took 124.2ns 
25782      INFO  main            d.u.i.k.p.i.AbstractProblemLoader Creating init config 
28422      DEBUG main            d.u.i.k.p.i.AbstractProblemLoader Init config took 2.64s 
28446      INFO  main            d.u.i.k.p.i.AbstractProblemLoader Replaying proof wellformed5.key.proof 
28453      DEBUG main            d.u.i.k.p.i.IntermediateProofReplayer Proof replay took 1.45ms 
28454      DEBUG main            d.u.i.k.p.r.p.TestFile    ... success: reloaded. 
28455      INFO  main            d.u.i.k.p.r.p.TestFile    Now processing file /home/runner/work/key/key/key.core/../key.ui/examples/heap/polarity_tests/wellformed6.key 
28455      INFO  main            d.u.i.k.p.i.AbstractProblemLoader Loading environment from /home/runner/work/key/key/key.core/../key.ui/examples/heap/polarity_tests/wellformed6.key 
28455      DEBUG main            d.u.i.k.p.i.AbstractProblemLoader Environment load took 108ns 
28457      INFO  main            d.u.i.k.p.i.AbstractProblemLoader Creating init config 
31103      DEBUG main            d.u.i.k.p.i.AbstractProblemLoader Init config took 2.65s 
31122      INFO  main            d.u.i.k.p.i.AbstractProblemLoader Replaying proof wellformed6.key 
31123      DEBUG main            d.u.i.k.p.i.IntermediateProofReplayer Proof replay took 7.2ns 
31227      INFO  main            d.u.i.k.p.r.p.TestFile    ... finished proof: open goal(s) 
31380      INFO  main            d.u.i.k.p.r.p.TestFile    Now processing file /home/runner/work/key/key/key.core/../key.ui/examples/heap/polarity_tests/wellformed7.key 
31380      INFO  main            d.u.i.k.p.i.AbstractProblemLoader Loading environment from /home/runner/work/key/key/key.core/../key.ui/examples/heap/polarity_tests/wellformed7.key 
31380      DEBUG main            d.u.i.k.p.i.AbstractProblemLoader Environment load took 75ns 
31381      INFO  main            d.u.i.k.p.i.AbstractProblemLoader Creating init config 
33946      DEBUG main            d.u.i.k.p.i.AbstractProblemLoader Init config took 2.56s 
33966      INFO  main            d.u.i.k.p.i.AbstractProblemLoader Replaying proof wellformed7.key 
33967      DEBUG main            d.u.i.k.p.i.IntermediateProofReplayer Proof replay took 7.5ns 
34070      INFO  main            d.u.i.k.p.r.p.TestFile    ... finished proof: closed. 
34211      INFO  main            d.u.i.k.p.i.AbstractProblemLoader Loading environment from /home/runner/work/key/key/key.core/../key.ui/examples/heap/polarity_tests/wellformed7.key.proof 
34211      DEBUG main            d.u.i.k.p.i.AbstractProblemLoader Environment load took 128.5ns 
34212      INFO  main            d.u.i.k.p.i.AbstractProblemLoader Creating init config 
36798      DEBUG main            d.u.i.k.p.i.AbstractProblemLoader Init config took 2.58s 
36818      INFO  main            d.u.i.k.p.i.AbstractProblemLoader Replaying proof wellformed7.key.proof 
36824      DEBUG main            d.u.i.k.p.i.IntermediateProofReplayer Proof replay took 3ms 
36825      DEBUG main            d.u.i.k.p.r.p.TestFile    ... success: reloaded. 
36825      INFO  main            d.u.i.k.p.r.p.TestFile    Now processing file /home/runner/work/key/key/key.core/../key.ui/examples/heap/polarity_tests/wellformed8.key 
36826      INFO  main            d.u.i.k.p.i.AbstractProblemLoader Loading environment from /home/runner/work/key/key/key.core/../key.ui/examples/heap/polarity_tests/wellformed8.key 
36826      DEBUG main            d.u.i.k.p.i.AbstractProblemLoader Environment load took 131.2ns 
36827      INFO  main            d.u.i.k.p.i.AbstractProblemLoader Creating init config 
39562      DEBUG main            d.u.i.k.p.i.AbstractProblemLoader Init config took 2.74s 
39580      INFO  main            d.u.i.k.p.i.AbstractProblemLoader Replaying proof wellformed8.key 
39581      DEBUG main            d.u.i.k.p.i.IntermediateProofReplayer Proof replay took 8ns 
39684      INFO  main            d.u.i.k.p.r.p.TestFile    ... finished proof: open goal(s) 
39838      INFO  main            d.u.i.k.p.r.p.TestFile    Now processing file /home/runner/work/key/key/key.core/../key.ui/examples/heap/polarity_tests/wellformed9.key 
39838      INFO  main            d.u.i.k.p.i.AbstractProblemLoader Loading environment from /home/runner/work/key/key/key.core/../key.ui/examples/heap/polarity_tests/wellformed9.key 
39838      DEBUG main            d.u.i.k.p.i.AbstractProblemLoader Environment load took 80.5ns 
39839      INFO  main            d.u.i.k.p.i.AbstractProblemLoader Creating init config 
42403      DEBUG main            d.u.i.k.p.i.AbstractProblemLoader Init config took 2.56s 
42420      INFO  main            d.u.i.k.p.i.AbstractProblemLoader Replaying proof wellformed9.key 
42422      DEBUG main            d.u.i.k.p.i.IntermediateProofReplayer Proof replay took 7.7ns 
42530      INFO  main            d.u.i.k.p.r.p.TestFile    ... finished proof: closed. 
42665      INFO  main            d.u.i.k.p.i.AbstractProblemLoader Loading environment from /home/runner/work/key/key/key.core/../key.ui/examples/heap/polarity_tests/wellformed9.key.proof 
42665      DEBUG main            d.u.i.k.p.i.AbstractProblemLoader Environment load took 118ns 
42666      INFO  main            d.u.i.k.p.i.AbstractProblemLoader Creating init config 
45200      DEBUG main            d.u.i.k.p.i.AbstractProblemLoader Init config took 2.53s 
45217      INFO  main            d.u.i.k.p.i.AbstractProblemLoader Replaying proof wellformed9.key.proof 
45220      DEBUG main            d.u.i.k.p.i.IntermediateProofReplayer Proof replay took 1.23ms 
45221      DEBUG main            d.u.i.k.p.r.p.TestFile    ... success: reloaded. 
45222      INFO  main            d.u.i.k.p.r.p.TestFile    Now processing file /home/runner/work/key/key/key.core/../key.ui/examples/heap/polarity_tests/wellformed10.key 
45222      INFO  main            d.u.i.k.p.i.AbstractProblemLoader Loading environment from /home/runner/work/key/key/key.core/../key.ui/examples/heap/polarity_tests/wellformed10.key 
45222      DEBUG main            d.u.i.k.p.i.AbstractProblemLoader Environment load took 111.4ns 
45223      INFO  main            d.u.i.k.p.i.AbstractProblemLoader Creating init config 
47810      DEBUG main            d.u.i.k.p.i.AbstractProblemLoader Init config took 2.59s 
47826      INFO  main            d.u.i.k.p.i.AbstractProblemLoader Replaying proof wellformed10.key 
47827      DEBUG main            d.u.i.k.p.i.IntermediateProofReplayer Proof replay took 7.2ns 
47932      INFO  main            d.u.i.k.p.r.p.TestFile    ... finished proof: open goal(s) 
48087      INFO  main            d.u.i.k.p.r.p.TestFile    Now processing file /home/runner/work/key/key/key.core/../key.ui/examples/heap/polarity_tests/wellformed11.key 
48087      INFO  main            d.u.i.k.p.i.AbstractProblemLoader Loading environment from /home/runner/work/key/key/key.core/../key.ui/examples/heap/polarity_tests/wellformed11.key 
48088      DEBUG main            d.u.i.k.p.i.AbstractProblemLoader Environment load took 86.1ns 
48089      INFO  main            d.u.i.k.p.i.AbstractProblemLoader Creating init config 
50590      DEBUG main            d.u.i.k.p.i.AbstractProblemLoader Init config took 2.5s 
50607      INFO  main            d.u.i.k.p.i.AbstractProblemLoader Replaying proof wellformed11.key 
50608      DEBUG main            d.u.i.k.p.i.IntermediateProofReplayer Proof replay took 7.6ns 
50711      INFO  main            d.u.i.k.p.r.p.TestFile    ... finished proof: open goal(s) 
488330     INFO  Test worker     d.u.i.k.p.r.RunAllProofsTestUnit Returning from test applicationRestrictions 
488333     INFO  Test worker     d.u.i.k.p.r.RunAllProofsTestUnit Running test blockContracts 
334        INFO  Timeout watchdog d.u.i.k.p.r.p.ForkedTestFileRunner Timeout watcher launched (2000 secs.) 
339        WARN  main            d.u.i.k.s.ProofSettings   The settings in /home/runner/.key/proof-settings.props are *not* read. 
369        INFO  main            d.u.i.k.p.r.p.TestFile    Now processing file /home/runner/work/key/key/key.core/../key.ui/examples/heap/block_contracts/Simple__add.key 
475        INFO  main            d.u.i.k.p.i.AbstractProblemLoader Loading environment from /home/runner/work/key/key/key.core/../key.ui/examples/heap/block_contracts/Simple__add.key 
499        DEBUG main            d.u.i.k.p.i.AbstractProblemLoader Environment load took 2.31ms 
726        INFO  main            d.u.i.k.p.i.AbstractProblemLoader Creating init config 
1811       DEBUG main            d.u.i.k.j.TypeConverter   No LDT found for Meta 
1812       DEBUG main            d.u.i.k.j.TypeConverter   No LDT found for Meta 
1813       DEBUG main            d.u.i.k.j.TypeConverter   No LDT found for Meta 
1813       DEBUG main            d.u.i.k.j.TypeConverter   No LDT found for Meta 
3338       DEBUG main            d.u.i.k.j.TypeConverter   No LDT found for JavaBigintExpression 
8486       DEBUG main            d.u.i.k.p.i.AbstractProblemLoader Init config took 7.76s 
8719       INFO  main            d.u.i.k.p.i.AbstractProblemLoader Replaying proof Simple[Simple::add(int,int)].JML operation contract.0 
8813       DEBUG main            d.u.i.k.p.i.IntermediateProofReplayer Proof replay took 506.61ns 
9545       INFO  main            d.u.i.k.p.r.p.TestFile    ... finished proof: closed. 
9659       INFO  main            d.u.i.k.p.i.AbstractProblemLoader Loading environment from /home/runner/work/key/key/key.core/../key.ui/examples/heap/block_contracts/Simple__add.key.proof 
9659       DEBUG main            d.u.i.k.p.i.AbstractProblemLoader Environment load took 548.61ns 
9661       INFO  main            d.u.i.k.p.i.AbstractProblemLoader Creating init config 
12982      DEBUG main            d.u.i.k.p.i.AbstractProblemLoader Init config took 3.32s 
13059      INFO  main            d.u.i.k.p.i.AbstractProblemLoader Replaying proof Simple[Simple::add(int,int)].JML operation contract.0 
13121      DEBUG main            d.u.i.k.p.i.IntermediateProofReplayer Proof replay took 58.09ms 
13128      DEBUG main            d.u.i.k.p.r.p.TestFile    ... success: reloaded. 
13130      INFO  main            d.u.i.k.p.r.p.TestFile    Now processing file /home/runner/work/key/key/key.core/../key.ui/examples/heap/block_contracts/Simple__addAbsoluteValues.key 
13130      INFO  main            d.u.i.k.p.i.AbstractProblemLoader Loading environment from /home/runner/work/key/key/key.core/../key.ui/examples/heap/block_contracts/Simple__addAbsoluteValues.key 
13131      DEBUG main            d.u.i.k.p.i.AbstractProblemLoader Environment load took 253.4ns 
13132      INFO  main            d.u.i.k.p.i.AbstractProblemLoader Creating init config 
16215      DEBUG main            d.u.i.k.p.i.AbstractProblemLoader Init config took 3.08s 
16293      INFO  main            d.u.i.k.p.i.AbstractProblemLoader Replaying proof Simple[Simple::addAbsoluteValues(int,int)].JML normal_behavior operation contract.0 
16300      DEBUG main            d.u.i.k.p.i.IntermediateProofReplayer Proof replay took 16.2ns 
17316      INFO  main            d.u.i.k.p.r.p.TestFile    ... finished proof: closed. 
17501      INFO  main            d.u.i.k.p.i.AbstractProblemLoader Loading environment from /home/runner/work/key/key/key.core/../key.ui/examples/heap/block_contracts/Simple__addAbsoluteValues.key.proof 
17502      DEBUG main            d.u.i.k.p.i.AbstractProblemLoader Environment load took 658.61ns 
17504      INFO  main            d.u.i.k.p.i.AbstractProblemLoader Creating init config 
20451      DEBUG main            d.u.i.k.p.i.AbstractProblemLoader Init config took 2.95s 
20503      INFO  main            d.u.i.k.p.i.AbstractProblemLoader Replaying proof Simple[Simple::addAbsoluteValues(int,int)].JML normal_behavior operation contract.0 
20654      DEBUG main            d.u.i.k.p.i.IntermediateProofReplayer Proof replay took 143.05ms 
20656      DEBUG main            d.u.i.k.p.r.p.TestFile    ... success: reloaded. 
20667      INFO  main            d.u.i.k.p.r.p.TestFile    Now processing file /home/runner/work/key/key/key.core/../key.ui/examples/heap/block_contracts/Simple__addWithJump.key 
20668      INFO  main            d.u.i.k.p.i.AbstractProblemLoader Loading environment from /home/runner/work/key/key/key.core/../key.ui/examples/heap/block_contracts/Simple__addWithJump.key 
20668      DEBUG main            d.u.i.k.p.i.AbstractProblemLoader Environment load took 309.6ns 
20670      INFO  main            d.u.i.k.p.i.AbstractProblemLoader Creating init config 
23705      DEBUG main            d.u.i.k.p.i.AbstractProblemLoader Init config took 3.03s 
23754      INFO  main            d.u.i.k.p.i.AbstractProblemLoader Replaying proof Simple[Simple::addWithJump(int,int,int)].JML operation contract.0 
23757      DEBUG main            d.u.i.k.p.i.IntermediateProofReplayer Proof replay took 23.5ns 
23979      INFO  main            d.u.i.k.p.r.p.TestFile    ... finished proof: closed. 
24152      INFO  main            d.u.i.k.p.i.AbstractProblemLoader Loading environment from /home/runner/work/key/key/key.core/../key.ui/examples/heap/block_contracts/Simple__addWithJump.key.proof 
24152      DEBUG main            d.u.i.k.p.i.AbstractProblemLoader Environment load took 137.3ns 
24154      INFO  main            d.u.i.k.p.i.AbstractProblemLoader Creating init config 
27060      DEBUG main            d.u.i.k.p.i.AbstractProblemLoader Init config took 2.91s 
27107      INFO  main            d.u.i.k.p.i.AbstractProblemLoader Replaying proof Simple[Simple::addWithJump(int,int,int)].JML operation contract.0 
27145      DEBUG main            d.u.i.k.p.i.IntermediateProofReplayer Proof replay took 34.67ms 
27146      DEBUG main            d.u.i.k.p.r.p.TestFile    ... success: reloaded. 
27148      INFO  main            d.u.i.k.p.r.p.TestFile    Now processing file /home/runner/work/key/key/key.core/../key.ui/examples/heap/block_contracts/Simple__addWithTwoBlockContracts.key 
27148      INFO  main            d.u.i.k.p.i.AbstractProblemLoader Loading environment from /home/runner/work/key/key/key.core/../key.ui/examples/heap/block_contracts/Simple__addWithTwoBlockContracts.key 
27149      DEBUG main            d.u.i.k.p.i.AbstractProblemLoader Environment load took 231.3ns 
27150      INFO  main            d.u.i.k.p.i.AbstractProblemLoader Creating init config 
30098      DEBUG main            d.u.i.k.p.i.AbstractProblemLoader Init config took 2.95s 
30145      INFO  main            d.u.i.k.p.i.AbstractProblemLoader Replaying proof Simple[Simple::addWithTwoBlockContracts(int,int,int)].JML operation contract.0 
30147      DEBUG main            d.u.i.k.p.i.IntermediateProofReplayer Proof replay took 15.1ns 
30452      INFO  main            d.u.i.k.p.r.p.TestFile    ... finished proof: closed. 
30645      INFO  main            d.u.i.k.p.i.AbstractProblemLoader Loading environment from /home/runner/work/key/key/key.core/../key.ui/examples/heap/block_contracts/Simple__addWithTwoBlockContracts.key.proof 
30646      DEBUG main            d.u.i.k.p.i.AbstractProblemLoader Environment load took 127.3ns 
30647      INFO  main            d.u.i.k.p.i.AbstractProblemLoader Creating init config 
33541      DEBUG main            d.u.i.k.p.i.AbstractProblemLoader Init config took 2.89s 
33588      INFO  main            d.u.i.k.p.i.AbstractProblemLoader Replaying proof Simple[Simple::addWithTwoBlockContracts(int,int,int)].JML operation contract.0 
33637      DEBUG main            d.u.i.k.p.i.IntermediateProofReplayer Proof replay took 45.86ms 
33639      DEBUG main            d.u.i.k.p.r.p.TestFile    ... success: reloaded. 
33640      INFO  main            d.u.i.k.p.r.p.TestFile    Now processing file /home/runner/work/key/key/key.core/../key.ui/examples/heap/block_contracts/Simple__generateByteArray.key 
33640      INFO  main            d.u.i.k.p.i.AbstractProblemLoader Loading environment from /home/runner/work/key/key/key.core/../key.ui/examples/heap/block_contracts/Simple__generateByteArray.key 
33641      DEBUG main            d.u.i.k.p.i.AbstractProblemLoader Environment load took 255.4ns 
33642      INFO  main            d.u.i.k.p.i.AbstractProblemLoader Creating init config 
36542      DEBUG main            d.u.i.k.p.i.AbstractProblemLoader Init config took 2.9s 
36590      INFO  main            d.u.i.k.p.i.AbstractProblemLoader Replaying proof Simple[Simple::generateByteArray()].JML normal_behavior operation contract.0 
36593      DEBUG main            d.u.i.k.p.i.IntermediateProofReplayer Proof replay took 11.7ns 
38404      INFO  main            d.u.i.k.p.r.p.TestFile    ... finished proof: closed. 
38610      INFO  main            d.u.i.k.p.i.AbstractProblemLoader Loading environment from /home/runner/work/key/key/key.core/../key.ui/examples/heap/block_contracts/Simple__generateByteArray.key.proof 
38610      DEBUG main            d.u.i.k.p.i.AbstractProblemLoader Environment load took 539.31ns 
38612      INFO  main            d.u.i.k.p.i.AbstractProblemLoader Creating init config 
41532      DEBUG main            d.u.i.k.p.i.AbstractProblemLoader Init config took 2.92s 
41582      INFO  main            d.u.i.k.p.i.AbstractProblemLoader Replaying proof Simple[Simple::generateByteArray()].JML normal_behavior operation contract.0 
41826      DEBUG main            d.u.i.k.p.i.IntermediateProofReplayer Proof replay took 227.16ms 
41828      DEBUG main            d.u.i.k.p.r.p.TestFile    ... success: reloaded. 
41829      INFO  main            d.u.i.k.p.r.p.TestFile    Now processing file /home/runner/work/key/key/key.core/../key.ui/examples/heap/block_contracts/Simple__getLength.key 
41830      INFO  main            d.u.i.k.p.i.AbstractProblemLoader Loading environment from /home/runner/work/key/key/key.core/../key.ui/examples/heap/block_contracts/Simple__getLength.key 
41830      DEBUG main            d.u.i.k.p.i.AbstractProblemLoader Environment load took 617.31ns 
41831      INFO  main            d.u.i.k.p.i.AbstractProblemLoader Creating init config 
44738      DEBUG main            d.u.i.k.p.i.AbstractProblemLoader Init config took 2.91s 
44781      INFO  main            d.u.i.k.p.i.AbstractProblemLoader Replaying proof Simple[Simple::getLength()].JML normal_behavior operation contract.0 
44783      DEBUG main            d.u.i.k.p.i.IntermediateProofReplayer Proof replay took 14ns 
44887      INFO  main            d.u.i.k.p.r.p.TestFile    ... finished proof: closed. 
45091      INFO  main            d.u.i.k.p.i.AbstractProblemLoader Loading environment from /home/runner/work/key/key/key.core/../key.ui/examples/heap/block_contracts/Simple__getLength.key.proof 
45092      DEBUG main            d.u.i.k.p.i.AbstractProblemLoader Environment load took 129.3ns 
45093      INFO  main            d.u.i.k.p.i.AbstractProblemLoader Creating init config 
47940      DEBUG main            d.u.i.k.p.i.AbstractProblemLoader Init config took 2.85s 
47982      INFO  main            d.u.i.k.p.i.AbstractProblemLoader Replaying proof Simple[Simple::getLength()].JML normal_behavior operation contract.0 
47990      DEBUG main            d.u.i.k.p.i.IntermediateProofReplayer Proof replay took 6.17ms 
47991      DEBUG main            d.u.i.k.p.r.p.TestFile    ... success: reloaded. 
47992      INFO  main            d.u.i.k.p.r.p.TestFile    Now processing file /home/runner/work/key/key/key.core/../key.ui/examples/heap/block_contracts/Simple__square.key 
47992      INFO  main            d.u.i.k.p.i.AbstractProblemLoader Loading environment from /home/runner/work/key/key/key.core/../key.ui/examples/heap/block_contracts/Simple__square.key 
47993      DEBUG main            d.u.i.k.p.i.AbstractProblemLoader Environment load took 149.1ns 
47994      INFO  main            d.u.i.k.p.i.AbstractProblemLoader Creating init config 
50881      DEBUG main            d.u.i.k.p.i.AbstractProblemLoader Init config took 2.89s 
50929      INFO  main            d.u.i.k.p.i.AbstractProblemLoader Replaying proof Simple[Simple::square(int)].JML operation contract.0 
50933      DEBUG main            d.u.i.k.p.i.IntermediateProofReplayer Proof replay took 14.2ns 
51336      INFO  main            d.u.i.k.p.r.p.TestFile    ... finished proof: closed. 
51512      INFO  main            d.u.i.k.p.i.AbstractProblemLoader Loading environment from /home/runner/work/key/key/key.core/../key.ui/examples/heap/block_contracts/Simple__square.key.proof 
51512      DEBUG main            d.u.i.k.p.i.AbstractProblemLoader Environment load took 494.81ns 
51514      INFO  main            d.u.i.k.p.i.AbstractProblemLoader Creating init config 
54330      DEBUG main            d.u.i.k.p.i.AbstractProblemLoader Init config took 2.82s 
54373      INFO  main            d.u.i.k.p.i.AbstractProblemLoader Replaying proof Simple[Simple::square(int)].JML operation contract.0 
54447      DEBUG main            d.u.i.k.p.i.IntermediateProofReplayer Proof replay took 70.26ms 
54448      DEBUG main            d.u.i.k.p.r.p.TestFile    ... success: reloaded. 
54449      INFO  main            d.u.i.k.p.r.p.TestFile    Now processing file /home/runner/work/key/key/key.core/../key.ui/examples/heap/block_contracts/Simple__unnecessaryBlockContract.key 
54449      INFO  main            d.u.i.k.p.i.AbstractProblemLoader Loading environment from /home/runner/work/key/key/key.core/../key.ui/examples/heap/block_contracts/Simple__unnecessaryBlockContract.key 
54450      DEBUG main            d.u.i.k.p.i.AbstractProblemLoader Environment load took 99.3ns 
54450      INFO  main            d.u.i.k.p.i.AbstractProblemLoader Creating init config 
57382      DEBUG main            d.u.i.k.p.i.AbstractProblemLoader Init config took 2.93s 
57433      INFO  main            d.u.i.k.p.i.AbstractProblemLoader Replaying proof Simple[Simple::unnecessaryBlockContract()].JML operation contract.0 
57435      DEBUG main            d.u.i.k.p.i.IntermediateProofReplayer Proof replay took 14.8ns 
57538      INFO  main            d.u.i.k.p.r.p.TestFile    ... finished proof: closed. 
57745      INFO  main            d.u.i.k.p.i.AbstractProblemLoader Loading environment from /home/runner/work/key/key/key.core/../key.ui/examples/heap/block_contracts/Simple__unnecessaryBlockContract.key.proof 
57745      DEBUG main            d.u.i.k.p.i.AbstractProblemLoader Environment load took 125.7ns 
57746      INFO  main            d.u.i.k.p.i.AbstractProblemLoader Creating init config 
60543      DEBUG main            d.u.i.k.p.i.AbstractProblemLoader Init config took 2.8s 
60586      INFO  main            d.u.i.k.p.i.AbstractProblemLoader Replaying proof Simple[Simple::unnecessaryBlockContract()].JML operation contract.0 
60606      DEBUG main            d.u.i.k.p.i.IntermediateProofReplayer Proof replay took 18.25ms 
60607      DEBUG main            d.u.i.k.p.r.p.TestFile    ... success: reloaded. 
60609      INFO  main            d.u.i.k.p.r.p.TestFile    Now processing file /home/runner/work/key/key/key.core/../key.ui/examples/heap/block_contracts/Simple__unnecessaryLoopInvariant.key 
60609      INFO  main            d.u.i.k.p.i.AbstractProblemLoader Loading environment from /home/runner/work/key/key/key.core/../key.ui/examples/heap/block_contracts/Simple__unnecessaryLoopInvariant.key 
60609      DEBUG main            d.u.i.k.p.i.AbstractProblemLoader Environment load took 229.1ns 
60610      INFO  main            d.u.i.k.p.i.AbstractProblemLoader Creating init config 
63467      DEBUG main            d.u.i.k.p.i.AbstractProblemLoader Init config took 2.86s 
63505      INFO  main            d.u.i.k.p.i.AbstractProblemLoader Replaying proof Simple[Simple::unnecessaryLoopInvariant()].JML operation contract.0 
63507      DEBUG main            d.u.i.k.p.i.IntermediateProofReplayer Proof replay took 12.1ns 
63612      INFO  main            d.u.i.k.p.r.p.TestFile    ... finished proof: closed. 
63804      INFO  main            d.u.i.k.p.i.AbstractProblemLoader Loading environment from /home/runner/work/key/key/key.core/../key.ui/examples/heap/block_contracts/Simple__unnecessaryLoopInvariant.key.proof 
63804      DEBUG main            d.u.i.k.p.i.AbstractProblemLoader Environment load took 116.3ns 
63805      INFO  main            d.u.i.k.p.i.AbstractProblemLoader Creating init config 
66660      DEBUG main            d.u.i.k.p.i.AbstractProblemLoader Init config took 2.86s 
66698      INFO  main            d.u.i.k.p.i.AbstractProblemLoader Replaying proof Simple[Simple::unnecessaryLoopInvariant()].JML operation contract.0 
66720      DEBUG main            d.u.i.k.p.i.IntermediateProofReplayer Proof replay took 14.6ms 
66724      DEBUG main            d.u.i.k.p.r.p.TestFile    ... success: reloaded. 
66726      INFO  main            d.u.i.k.p.r.p.TestFile    Now processing file /home/runner/work/key/key/key.core/../key.ui/examples/standard_key/java_dl/jml-assert/assert.key 
66726      INFO  main            d.u.i.k.p.i.AbstractProblemLoader Loading environment from /home/runner/work/key/key/key.core/../key.ui/examples/standard_key/java_dl/jml-assert/assert.key 
66727      DEBUG main            d.u.i.k.p.i.AbstractProblemLoader Environment load took 642.91ns 
66728      INFO  main            d.u.i.k.p.i.AbstractProblemLoader Creating init config 
69259      DEBUG main            d.u.i.k.p.i.AbstractProblemLoader Init config took 2.53s 
69298      INFO  main            d.u.i.k.p.i.AbstractProblemLoader Replaying proof Assert[Assert::createArray(int)].JML normal_behavior operation contract.0 
69300      DEBUG main            d.u.i.k.p.i.IntermediateProofReplayer Proof replay took 8ns 
69503      INFO  main            d.u.i.k.p.r.p.TestFile    ... finished proof: closed. 
69808      INFO  main            d.u.i.k.p.i.AbstractProblemLoader Loading environment from /home/runner/work/key/key/key.core/../key.ui/examples/standard_key/java_dl/jml-assert/assert.key.proof 
69808      DEBUG main            d.u.i.k.p.i.AbstractProblemLoader Environment load took 121.6ns 
69809      INFO  main            d.u.i.k.p.i.AbstractProblemLoader Creating init config 
72242      DEBUG main            d.u.i.k.p.i.AbstractProblemLoader Init config took 2.43s 
72290      INFO  main            d.u.i.k.p.i.AbstractProblemLoader Replaying proof Assert[Assert::createArray(int)].JML normal_behavior operation contract.0 
72327      DEBUG main            d.u.i.k.p.i.IntermediateProofReplayer Proof replay took 34.31ms 
72329      DEBUG main            d.u.i.k.p.r.p.TestFile    ... success: reloaded. 
72330      INFO  main            d.u.i.k.p.r.p.TestFile    Now processing file /home/runner/work/key/key/key.core/../key.ui/examples/standard_key/java_dl/jml-assert/assert_assume_order.key 
72331      INFO  main            d.u.i.k.p.i.AbstractProblemLoader Loading environment from /home/runner/work/key/key/key.core/../key.ui/examples/standard_key/java_dl/jml-assert/assert_assume_order.key 
72331      DEBUG main            d.u.i.k.p.i.AbstractProblemLoader Environment load took 232.7ns 
72332      INFO  main            d.u.i.k.p.i.AbstractProblemLoader Creating init config 
74798      DEBUG main            d.u.i.k.p.i.AbstractProblemLoader Init config took 2.47s 
74836      INFO  main            d.u.i.k.p.i.AbstractProblemLoader Replaying proof AssertAssume[AssertAssume::singleAssumeAssert(int)].JML normal_behavior operation contract.0 
74838      DEBUG main            d.u.i.k.p.i.IntermediateProofReplayer Proof replay took 7ns 
74939      INFO  main            d.u.i.k.p.r.p.TestFile    ... finished proof: closed. 
75174      INFO  main            d.u.i.k.p.i.AbstractProblemLoader Loading environment from /home/runner/work/key/key/key.core/../key.ui/examples/standard_key/java_dl/jml-assert/assert_assume_order.key.proof 
75174      DEBUG main            d.u.i.k.p.i.AbstractProblemLoader Environment load took 123.3ns 
75175      INFO  main            d.u.i.k.p.i.AbstractProblemLoader Creating init config 
77626      DEBUG main            d.u.i.k.p.i.AbstractProblemLoader Init config took 2.45s 
77663      INFO  main            d.u.i.k.p.i.AbstractProblemLoader Replaying proof AssertAssume[AssertAssume::singleAssumeAssert(int)].JML normal_behavior operation contract.0 
77672      DEBUG main            d.u.i.k.p.i.IntermediateProofReplayer Proof replay took 6.86ms 
77673      DEBUG main            d.u.i.k.p.r.p.TestFile    ... success: reloaded. 
77675      INFO  main            d.u.i.k.p.r.p.TestFile    Now processing file /home/runner/work/key/key/key.core/../key.ui/examples/heap/block_loop_contracts/SimpleVariants/sum_onBlock_external.key 
77675      INFO  main            d.u.i.k.p.i.AbstractProblemLoader Loading environment from /home/runner/work/key/key/key.core/../key.ui/examples/heap/block_loop_contracts/SimpleVariants/sum_onBlock_external.key 
77675      DEBUG main            d.u.i.k.p.i.AbstractProblemLoader Environment load took 231.3ns 
77677      INFO  main            d.u.i.k.p.i.AbstractProblemLoader Creating init config 
80455      DEBUG main            d.u.i.k.p.i.AbstractProblemLoader Init config took 2.78s 
80490      INFO  main            d.u.i.k.p.i.AbstractProblemLoader Replaying proof LoopContractExamplesAll[LoopContractExamplesAll::sum_loopContract_onBlock([I)].JML normal_behavior operation contract.0 
80493      DEBUG main            d.u.i.k.p.i.IntermediateProofReplayer Proof replay took 13.5ns 
80595      INFO  main            d.u.i.k.p.r.p.TestFile    ... finished proof: closed. 
80840      INFO  main            d.u.i.k.p.i.AbstractProblemLoader Loading environment from /home/runner/work/key/key/key.core/../key.ui/examples/heap/block_loop_contracts/SimpleVariants/sum_onBlock_external.key.proof 
80840      DEBUG main            d.u.i.k.p.i.AbstractProblemLoader Environment load took 125.9ns 
80841      INFO  main            d.u.i.k.p.i.AbstractProblemLoader Creating init config 
83485      DEBUG main            d.u.i.k.p.i.AbstractProblemLoader Init config took 2.64s 
83521      INFO  main            d.u.i.k.p.i.AbstractProblemLoader Replaying proof LoopContractExamplesAll[LoopContractExamplesAll::sum_loopContract_onBlock([I)].JML normal_behavior operation contract.0 
83549      DEBUG main            d.u.i.k.p.i.IntermediateProofReplayer Proof replay took 26.36ms 
83550      DEBUG main            d.u.i.k.p.r.p.TestFile    ... success: reloaded. 
83551      INFO  main            d.u.i.k.p.r.p.TestFile    Now processing file /home/runner/work/key/key/key.core/../key.ui/examples/heap/block_loop_contracts/SimpleVariants/sum_onBlock_internal.key 
83552      INFO  main            d.u.i.k.p.i.AbstractProblemLoader Loading environment from /home/runner/work/key/key/key.core/../key.ui/examples/heap/block_loop_contracts/SimpleVariants/sum_onBlock_internal.key 
83552      DEBUG main            d.u.i.k.p.i.AbstractProblemLoader Environment load took 227.7ns 
83553      INFO  main            d.u.i.k.p.i.AbstractProblemLoader Creating init config 
86270      DEBUG main            d.u.i.k.p.i.AbstractProblemLoader Init config took 2.72s 
86305      INFO  main            d.u.i.k.p.i.AbstractProblemLoader Replaying proof LoopContractExamplesAll[LoopContractExamplesAll::sum_loopContract_onBlock([I)].JML normal_behavior operation contract.0 
86306      DEBUG main            d.u.i.k.p.i.IntermediateProofReplayer Proof replay took 17.5ns 
86914      INFO  main            d.u.i.k.p.r.p.TestFile    ... finished proof: closed. 
87148      INFO  main            d.u.i.k.p.i.AbstractProblemLoader Loading environment from /home/runner/work/key/key/key.core/../key.ui/examples/heap/block_loop_contracts/SimpleVariants/sum_onBlock_internal.key.proof 
87148      DEBUG main            d.u.i.k.p.i.AbstractProblemLoader Environment load took 116.5ns 
87149      INFO  main            d.u.i.k.p.i.AbstractProblemLoader Creating init config 
89805      DEBUG main            d.u.i.k.p.i.AbstractProblemLoader Init config took 2.66s 
89839      INFO  main            d.u.i.k.p.i.AbstractProblemLoader Replaying proof LoopContractExamplesAll[LoopContractExamplesAll::sum_loopContract_onBlock([I)].JML normal_behavior operation contract.0 
90021      DEBUG main            d.u.i.k.p.i.IntermediateProofReplayer Proof replay took 178.59ms 
90022      DEBUG main            d.u.i.k.p.r.p.TestFile    ... success: reloaded. 
90023      INFO  main            d.u.i.k.p.r.p.TestFile    Now processing file /home/runner/work/key/key/key.core/../key.ui/examples/heap/block_loop_contracts/SimpleVariants/sum_onBlock_loop.key 
90023      INFO  main            d.u.i.k.p.i.AbstractProblemLoader Loading environment from /home/runner/work/key/key/key.core/../key.ui/examples/heap/block_loop_contracts/SimpleVariants/sum_onBlock_loop.key 
90024      DEBUG main            d.u.i.k.p.i.AbstractProblemLoader Environment load took 159.9ns 
90025      INFO  main            d.u.i.k.p.i.AbstractProblemLoader Creating init config 
92708      DEBUG main            d.u.i.k.p.i.AbstractProblemLoader Init config took 2.68s 
92745      INFO  main            d.u.i.k.p.i.AbstractProblemLoader Replaying proof LoopContractExamplesAll[LoopContractExamplesAll::sum_loopContract_onBlock([I)].JML normal_behavior loop contract.0 
92747      DEBUG main            d.u.i.k.p.i.IntermediateProofReplayer Proof replay took 14ns 
93475      INFO  main            d.u.i.k.p.r.p.TestFile    ... finished proof: closed. 
93755      INFO  main            d.u.i.k.p.i.AbstractProblemLoader Loading environment from /home/runner/work/key/key/key.core/../key.ui/examples/heap/block_loop_contracts/SimpleVariants/sum_onBlock_loop.key.proof 
93756      DEBUG main            d.u.i.k.p.i.AbstractProblemLoader Environment load took 1.41ms 
93757      INFO  main            d.u.i.k.p.i.AbstractProblemLoader Creating init config 
96358      DEBUG main            d.u.i.k.p.i.AbstractProblemLoader Init config took 2.6s 
96392      INFO  main            d.u.i.k.p.i.AbstractProblemLoader Replaying proof LoopContractExamplesAll[LoopContractExamplesAll::sum_loopContract_onBlock([I)].JML normal_behavior loop contract.0 
96593      DEBUG main            d.u.i.k.p.i.IntermediateProofReplayer Proof replay took 197.24ms 
96595      DEBUG main            d.u.i.k.p.r.p.TestFile    ... success: reloaded. 
96596      INFO  main            d.u.i.k.p.r.p.TestFile    Now processing file /home/runner/work/key/key/key.core/../key.ui/examples/heap/block_loop_contracts/SimpleVariants/sum_onLoop_external.key 
96596      INFO  main            d.u.i.k.p.i.AbstractProblemLoader Loading environment from /home/runner/work/key/key/key.core/../key.ui/examples/heap/block_loop_contracts/SimpleVariants/sum_onLoop_external.key 
96596      DEBUG main            d.u.i.k.p.i.AbstractProblemLoader Environment load took 237.6ns 
96597      INFO  main            d.u.i.k.p.i.AbstractProblemLoader Creating init config 
99335      DEBUG main            d.u.i.k.p.i.AbstractProblemLoader Init config took 2.74s 
99370      INFO  main            d.u.i.k.p.i.AbstractProblemLoader Replaying proof LoopContractExamplesAll[LoopContractExamplesAll::sum_loopContract_onLoop([I)].JML normal_behavior operation contract.0 
99372      DEBUG main            d.u.i.k.p.i.IntermediateProofReplayer Proof replay took 30.2ns 
99475      INFO  main            d.u.i.k.p.r.p.TestFile    ... finished proof: closed. 
99751      INFO  main            d.u.i.k.p.i.AbstractProblemLoader Loading environment from /home/runner/work/key/key/key.core/../key.ui/examples/heap/block_loop_contracts/SimpleVariants/sum_onLoop_external.key.proof 
99751      DEBUG main            d.u.i.k.p.i.AbstractProblemLoader Environment load took 116.5ns 
99752      INFO  main            d.u.i.k.p.i.AbstractProblemLoader Creating init config 
102366     DEBUG main            d.u.i.k.p.i.AbstractProblemLoader Init config took 2.61s 
102400     INFO  main            d.u.i.k.p.i.AbstractProblemLoader Replaying proof LoopContractExamplesAll[LoopContractExamplesAll::sum_loopContract_onLoop([I)].JML normal_behavior operation contract.0 
102461     DEBUG main            d.u.i.k.p.i.IntermediateProofReplayer Proof replay took 58.75ms 
102462     DEBUG main            d.u.i.k.p.r.p.TestFile    ... success: reloaded. 
102464     INFO  main            d.u.i.k.p.r.p.TestFile    Now processing file /home/runner/work/key/key/key.core/../key.ui/examples/heap/block_loop_contracts/SimpleVariants/sum_onLoop_internal.key 
102464     INFO  main            d.u.i.k.p.i.AbstractProblemLoader Loading environment from /home/runner/work/key/key/key.core/../key.ui/examples/heap/block_loop_contracts/SimpleVariants/sum_onLoop_internal.key 
102465     DEBUG main            d.u.i.k.p.i.AbstractProblemLoader Environment load took 230.4ns 
102466     INFO  main            d.u.i.k.p.i.AbstractProblemLoader Creating init config 
105169     DEBUG main            d.u.i.k.p.i.AbstractProblemLoader Init config took 2.7s 
105202     INFO  main            d.u.i.k.p.i.AbstractProblemLoader Replaying proof LoopContractExamplesAll[LoopContractExamplesAll::sum_loopContract_onLoop([I)].JML normal_behavior operation contract.0 
105204     DEBUG main            d.u.i.k.p.i.IntermediateProofReplayer Proof replay took 12.4ns 
105808     INFO  main            d.u.i.k.p.r.p.TestFile    ... finished proof: closed. 
106064     INFO  main            d.u.i.k.p.i.AbstractProblemLoader Loading environment from /home/runner/work/key/key/key.core/../key.ui/examples/heap/block_loop_contracts/SimpleVariants/sum_onLoop_internal.key.proof 
106064     DEBUG main            d.u.i.k.p.i.AbstractProblemLoader Environment load took 123.8ns 
106065     INFO  main            d.u.i.k.p.i.AbstractProblemLoader Creating init config 
108725     DEBUG main            d.u.i.k.p.i.AbstractProblemLoader Init config took 2.66s 
108760     INFO  main            d.u.i.k.p.i.AbstractProblemLoader Replaying proof LoopContractExamplesAll[LoopContractExamplesAll::sum_loopContract_onLoop([I)].JML normal_behavior operation contract.0 
108915     DEBUG main            d.u.i.k.p.i.IntermediateProofReplayer Proof replay took 151.44ms 
108917     DEBUG main            d.u.i.k.p.r.p.TestFile    ... success: reloaded. 
108918     INFO  main            d.u.i.k.p.r.p.TestFile    Now processing file /home/runner/work/key/key/key.core/../key.ui/examples/heap/block_loop_contracts/SimpleVariants/sum_onLoop_loop.key 
108918     INFO  main            d.u.i.k.p.i.AbstractProblemLoader Loading environment from /home/runner/work/key/key/key.core/../key.ui/examples/heap/block_loop_contracts/SimpleVariants/sum_onLoop_loop.key 
108919     DEBUG main            d.u.i.k.p.i.AbstractProblemLoader Environment load took 219.4ns 
108920     INFO  main            d.u.i.k.p.i.AbstractProblemLoader Creating init config 
111608     DEBUG main            d.u.i.k.p.i.AbstractProblemLoader Init config took 2.69s 
111653     INFO  main            d.u.i.k.p.i.AbstractProblemLoader Replaying proof LoopContractExamplesAll[LoopContractExamplesAll::sum_loopContract_onLoop([I)].JML normal_behavior loop contract.0 
111656     DEBUG main            d.u.i.k.p.i.IntermediateProofReplayer Proof replay took 15.5ns 
112363     INFO  main            d.u.i.k.p.r.p.TestFile    ... finished proof: closed. 
112638     INFO  main            d.u.i.k.p.i.AbstractProblemLoader Loading environment from /home/runner/work/key/key/key.core/../key.ui/examples/heap/block_loop_contracts/SimpleVariants/sum_onLoop_loop.key.proof 
112638     DEBUG main            d.u.i.k.p.i.AbstractProblemLoader Environment load took 570.71ns 
112643     INFO  main            d.u.i.k.p.i.AbstractProblemLoader Creating init config 
115238     DEBUG main            d.u.i.k.p.i.AbstractProblemLoader Init config took 2.59s 
115283     INFO  main            d.u.i.k.p.i.AbstractProblemLoader Replaying proof LoopContractExamplesAll[LoopContractExamplesAll::sum_loopContract_onLoop([I)].JML normal_behavior loop contract.0 
115462     DEBUG main            d.u.i.k.p.i.IntermediateProofReplayer Proof replay took 174.37ms 
115464     DEBUG main            d.u.i.k.p.r.p.TestFile    ... success: reloaded. 
115466     INFO  main            d.u.i.k.p.r.p.TestFile    Now processing file /home/runner/work/key/key/key.core/../key.ui/examples/heap/block_loop_contracts/Free/blockContracts0.key 
115466     INFO  main            d.u.i.k.p.i.AbstractProblemLoader Loading environment from /home/runner/work/key/key/key.core/../key.ui/examples/heap/block_loop_contracts/Free/blockContracts0.key 
115466     DEBUG main            d.u.i.k.p.i.AbstractProblemLoader Environment load took 105.8ns 
115467     INFO  main            d.u.i.k.p.i.AbstractProblemLoader Creating init config 
117816     DEBUG main            d.u.i.k.p.i.AbstractProblemLoader Init config took 2.35s 
117849     INFO  main            d.u.i.k.p.i.AbstractProblemLoader Replaying proof FreeConditions[FreeConditions::blockContract0()].JML normal_behavior operation contract.0 
117851     DEBUG main            d.u.i.k.p.i.IntermediateProofReplayer Proof replay took 13.8ns 
117953     INFO  main            d.u.i.k.p.r.p.TestFile    ... finished proof: closed. 
118241     INFO  main            d.u.i.k.p.i.AbstractProblemLoader Loading environment from /home/runner/work/key/key/key.core/../key.ui/examples/heap/block_loop_contracts/Free/blockContracts0.key.proof 
118241     DEBUG main            d.u.i.k.p.i.AbstractProblemLoader Environment load took 112.4ns 
118243     INFO  main            d.u.i.k.p.i.AbstractProblemLoader Creating init config 
120511     DEBUG main            d.u.i.k.p.i.AbstractProblemLoader Init config took 2.27s 
120544     INFO  main            d.u.i.k.p.i.AbstractProblemLoader Replaying proof FreeConditions[FreeConditions::blockContract0()].JML normal_behavior operation contract.0 
120562     DEBUG main            d.u.i.k.p.i.IntermediateProofReplayer Proof replay took 15.68ms 
120563     DEBUG main            d.u.i.k.p.r.p.TestFile    ... success: reloaded. 
120563     INFO  main            d.u.i.k.p.r.p.TestFile    Now processing file /home/runner/work/key/key/key.core/../key.ui/examples/heap/block_loop_contracts/Free/blockContracts1.key 
120564     INFO  main            d.u.i.k.p.i.AbstractProblemLoader Loading environment from /home/runner/work/key/key/key.core/../key.ui/examples/heap/block_loop_contracts/Free/blockContracts1.key 
120564     DEBUG main            d.u.i.k.p.i.AbstractProblemLoader Environment load took 509.91ns 
120565     INFO  main            d.u.i.k.p.i.AbstractProblemLoader Creating init config 
122884     DEBUG main            d.u.i.k.p.i.AbstractProblemLoader Init config took 2.32s 
122916     INFO  main            d.u.i.k.p.i.AbstractProblemLoader Replaying proof FreeConditions[FreeConditions::blockContract1()].JML normal_behavior operation contract.0 
122918     DEBUG main            d.u.i.k.p.i.IntermediateProofReplayer Proof replay took 13.5ns 
123023     INFO  main            d.u.i.k.p.r.p.TestFile    ... finished proof: closed. 
123284     INFO  main            d.u.i.k.p.i.AbstractProblemLoader Loading environment from /home/runner/work/key/key/key.core/../key.ui/examples/heap/block_loop_contracts/Free/blockContracts1.key.proof 
123284     DEBUG main            d.u.i.k.p.i.AbstractProblemLoader Environment load took 113ns 
123285     INFO  main            d.u.i.k.p.i.AbstractProblemLoader Creating init config 
125560     DEBUG main            d.u.i.k.p.i.AbstractProblemLoader Init config took 2.28s 
125593     INFO  main            d.u.i.k.p.i.AbstractProblemLoader Replaying proof FreeConditions[FreeConditions::blockContract1()].JML normal_behavior operation contract.0 
125611     DEBUG main            d.u.i.k.p.i.IntermediateProofReplayer Proof replay took 14.26ms 
125612     DEBUG main            d.u.i.k.p.r.p.TestFile    ... success: reloaded. 
125613     INFO  main            d.u.i.k.p.r.p.TestFile    Now processing file /home/runner/work/key/key/key.core/../key.ui/examples/heap/block_loop_contracts/Finally/block_finally.key 
125614     INFO  main            d.u.i.k.p.i.AbstractProblemLoader Loading environment from /home/runner/work/key/key/key.core/../key.ui/examples/heap/block_loop_contracts/Finally/block_finally.key 
125614     DEBUG main            d.u.i.k.p.i.AbstractProblemLoader Environment load took 251.4ns 
125615     INFO  main            d.u.i.k.p.i.AbstractProblemLoader Creating init config 
127978     DEBUG main            d.u.i.k.p.i.AbstractProblemLoader Init config took 2.36s 
128012     INFO  main            d.u.i.k.p.i.AbstractProblemLoader Replaying proof AuxiliaryContractsFinally[AuxiliaryContractsFinally::breakThrowContinueBlockContract(java.lang.Exception)].JML block contract.0 
128014     DEBUG main            d.u.i.k.p.i.IntermediateProofReplayer Proof replay took 14.2ns 
128519     INFO  main            d.u.i.k.p.r.p.TestFile    ... finished proof: open goal(s) 
128803     INFO  main            d.u.i.k.p.r.p.TestFile    Now processing file /home/runner/work/key/key/key.core/../key.ui/examples/heap/block_loop_contracts/Finally/loop_finally.key 
128803     INFO  main            d.u.i.k.p.i.AbstractProblemLoader Loading environment from /home/runner/work/key/key/key.core/../key.ui/examples/heap/block_loop_contracts/Finally/loop_finally.key 
128803     DEBUG main            d.u.i.k.p.i.AbstractProblemLoader Environment load took 60.1ns 
128805     INFO  main            d.u.i.k.p.i.AbstractProblemLoader Creating init config 
131103     DEBUG main            d.u.i.k.p.i.AbstractProblemLoader Init config took 2.3s 
131139     INFO  main            d.u.i.k.p.i.AbstractProblemLoader Replaying proof AuxiliaryContractsFinally[AuxiliaryContractsFinally::breakThrowContinueLoopContract(java.lang.Exception)].JML normal_behavior loop contract.0 
131141     DEBUG main            d.u.i.k.p.i.IntermediateProofReplayer Proof replay took 21.3ns 
131754     INFO  main            d.u.i.k.p.r.p.TestFile    ... finished proof: open goal(s) 
620538     INFO  Test worker     d.u.i.k.p.r.RunAllProofsTestUnit Returning from test blockContracts 
620539     INFO  Test worker     d.u.i.k.p.r.RunAllProofsTestUnit Running test jmlAsserts 
348        INFO  Timeout watchdog d.u.i.k.p.r.p.ForkedTestFileRunner Timeout watcher launched (2000 secs.) 
351        WARN  main            d.u.i.k.s.ProofSettings   The settings in /home/runner/.key/proof-settings.props are *not* read. 
387        INFO  main            d.u.i.k.p.r.p.TestFile    Now processing file /home/runner/work/key/key/key.core/../key.ui/examples/standard_key/java_dl/jml-assert/assert.key 
505        INFO  main            d.u.i.k.p.i.AbstractProblemLoader Loading environment from /home/runner/work/key/key/key.core/../key.ui/examples/standard_key/java_dl/jml-assert/assert.key 
522        DEBUG main            d.u.i.k.p.i.AbstractProblemLoader Environment load took 2.34ms 
755        INFO  main            d.u.i.k.p.i.AbstractProblemLoader Creating init config 
1652       DEBUG main            d.u.i.k.j.TypeConverter   No LDT found for Meta 
1652       DEBUG main            d.u.i.k.j.TypeConverter   No LDT found for Meta 
1654       DEBUG main            d.u.i.k.j.TypeConverter   No LDT found for Meta 
1654       DEBUG main            d.u.i.k.j.TypeConverter   No LDT found for Meta 
3020       DEBUG main            d.u.i.k.j.TypeConverter   No LDT found for JavaBigintExpression 
8172       DEBUG main            d.u.i.k.p.i.AbstractProblemLoader Init config took 7.42s 
8296       INFO  main            d.u.i.k.p.i.AbstractProblemLoader Replaying proof Assert[Assert::createArray(int)].JML normal_behavior operation contract.0 
8329       DEBUG main            d.u.i.k.p.i.IntermediateProofReplayer Proof replay took 33.4ns 
9360       INFO  main            d.u.i.k.p.r.p.TestFile    ... finished proof: closed. 
9497       INFO  main            d.u.i.k.p.i.AbstractProblemLoader Loading environment from /home/runner/work/key/key/key.core/../key.ui/examples/standard_key/java_dl/jml-assert/assert.key.proof 
9500       DEBUG main            d.u.i.k.p.i.AbstractProblemLoader Environment load took 2.47ms 
9504       INFO  main            d.u.i.k.p.i.AbstractProblemLoader Creating init config 
12680      DEBUG main            d.u.i.k.p.i.AbstractProblemLoader Init config took 3.18s 
12763      INFO  main            d.u.i.k.p.i.AbstractProblemLoader Replaying proof Assert[Assert::createArray(int)].JML normal_behavior operation contract.0 
12885      DEBUG main            d.u.i.k.p.i.IntermediateProofReplayer Proof replay took 108.91ms 
12894      DEBUG main            d.u.i.k.p.r.p.TestFile    ... success: reloaded. 
12900      INFO  main            d.u.i.k.p.r.p.TestFile    Now processing file /home/runner/work/key/key/key.core/../key.ui/examples/heap/block_loop_contracts/Free/assertions0.key 
12900      INFO  main            d.u.i.k.p.i.AbstractProblemLoader Loading environment from /home/runner/work/key/key/key.core/../key.ui/examples/heap/block_loop_contracts/Free/assertions0.key 
12900      DEBUG main            d.u.i.k.p.i.AbstractProblemLoader Environment load took 255.6ns 
12904      INFO  main            d.u.i.k.p.i.AbstractProblemLoader Creating init config 
15791      DEBUG main            d.u.i.k.p.i.AbstractProblemLoader Init config took 2.89s 
15847      INFO  main            d.u.i.k.p.i.AbstractProblemLoader Replaying proof FreeConditions[FreeConditions::assertions0()].JML normal_behavior operation contract.0 
15851      DEBUG main            d.u.i.k.p.i.IntermediateProofReplayer Proof replay took 14.4ns 
16056      INFO  main            d.u.i.k.p.r.p.TestFile    ... finished proof: closed. 
16181      INFO  main            d.u.i.k.p.i.AbstractProblemLoader Loading environment from /home/runner/work/key/key/key.core/../key.ui/examples/heap/block_loop_contracts/Free/assertions0.key.proof 
16182      DEBUG main            d.u.i.k.p.i.AbstractProblemLoader Environment load took 135.8ns 
16183      INFO  main            d.u.i.k.p.i.AbstractProblemLoader Creating init config 
18923      DEBUG main            d.u.i.k.p.i.AbstractProblemLoader Init config took 2.74s 
18971      INFO  main            d.u.i.k.p.i.AbstractProblemLoader Replaying proof FreeConditions[FreeConditions::assertions0()].JML normal_behavior operation contract.0 
18992      DEBUG main            d.u.i.k.p.i.IntermediateProofReplayer Proof replay took 18.61ms 
18994      DEBUG main            d.u.i.k.p.r.p.TestFile    ... success: reloaded. 
18995      INFO  main            d.u.i.k.p.r.p.TestFile    Now processing file /home/runner/work/key/key/key.core/../key.ui/examples/heap/block_loop_contracts/Free/assertions1.key 
18996      INFO  main            d.u.i.k.p.i.AbstractProblemLoader Loading environment from /home/runner/work/key/key/key.core/../key.ui/examples/heap/block_loop_contracts/Free/assertions1.key 
18996      DEBUG main            d.u.i.k.p.i.AbstractProblemLoader Environment load took 288.2ns 
18997      INFO  main            d.u.i.k.p.i.AbstractProblemLoader Creating init config 
21745      DEBUG main            d.u.i.k.p.i.AbstractProblemLoader Init config took 2.75s 
21791      INFO  main            d.u.i.k.p.i.AbstractProblemLoader Replaying proof FreeConditions[FreeConditions::assertions1()].JML normal_behavior operation contract.0 
21794      DEBUG main            d.u.i.k.p.i.IntermediateProofReplayer Proof replay took 23.4ns 
21899      INFO  main            d.u.i.k.p.r.p.TestFile    ... finished proof: closed. 
22048      INFO  main            d.u.i.k.p.i.AbstractProblemLoader Loading environment from /home/runner/work/key/key/key.core/../key.ui/examples/heap/block_loop_contracts/Free/assertions1.key.proof 
22049      DEBUG main            d.u.i.k.p.i.AbstractProblemLoader Environment load took 140.9ns 
22050      INFO  main            d.u.i.k.p.i.AbstractProblemLoader Creating init config 
24691      DEBUG main            d.u.i.k.p.i.AbstractProblemLoader Init config took 2.64s 
24736      INFO  main            d.u.i.k.p.i.AbstractProblemLoader Replaying proof FreeConditions[FreeConditions::assertions1()].JML normal_behavior operation contract.0 
24743      DEBUG main            d.u.i.k.p.i.IntermediateProofReplayer Proof replay took 4.69ms 
24744      DEBUG main            d.u.i.k.p.r.p.TestFile    ... success: reloaded. 
24745      INFO  main            d.u.i.k.p.r.p.TestFile    Now processing file /home/runner/work/key/key/key.core/../key.ui/examples/standard_key/java_dl/jml-assert/recursion-assert.key 
24745      INFO  main            d.u.i.k.p.i.AbstractProblemLoader Loading environment from /home/runner/work/key/key/key.core/../key.ui/examples/standard_key/java_dl/jml-assert/recursion-assert.key 
24745      DEBUG main            d.u.i.k.p.i.AbstractProblemLoader Environment load took 111.5ns 
24746      INFO  main            d.u.i.k.p.i.AbstractProblemLoader Creating init config 
27552      DEBUG main            d.u.i.k.p.i.AbstractProblemLoader Init config took 2.81s 
27600      INFO  main            d.u.i.k.p.i.AbstractProblemLoader Replaying proof RecursiveMethod[RecursiveMethod::fac1(int)].JML normal_behavior operation contract.0 
27603      DEBUG main            d.u.i.k.p.i.IntermediateProofReplayer Proof replay took 7.4ns 
27809      INFO  main            d.u.i.k.p.r.p.TestFile    ... finished proof: closed. 
27978      INFO  main            d.u.i.k.p.i.AbstractProblemLoader Loading environment from /home/runner/work/key/key/key.core/../key.ui/examples/standard_key/java_dl/jml-assert/recursion-assert.key.proof 
27979      DEBUG main            d.u.i.k.p.i.AbstractProblemLoader Environment load took 1.23ms 
27980      INFO  main            d.u.i.k.p.i.AbstractProblemLoader Creating init config 
30739      DEBUG main            d.u.i.k.p.i.AbstractProblemLoader Init config took 2.76s 
30785      INFO  main            d.u.i.k.p.i.AbstractProblemLoader Replaying proof RecursiveMethod[RecursiveMethod::fac1(int)].JML normal_behavior operation contract.0 
30822      DEBUG main            d.u.i.k.p.i.IntermediateProofReplayer Proof replay took 34.2ms 
30824      DEBUG main            d.u.i.k.p.r.p.TestFile    ... success: reloaded. 
30825      INFO  main            d.u.i.k.p.r.p.TestFile    Now processing file /home/runner/work/key/key/key.core/../key.ui/examples/standard_key/java_dl/jml-assert/recursion-assume.key 
30825      INFO  main            d.u.i.k.p.i.AbstractProblemLoader Loading environment from /home/runner/work/key/key/key.core/../key.ui/examples/standard_key/java_dl/jml-assert/recursion-assume.key 
30826      DEBUG main            d.u.i.k.p.i.AbstractProblemLoader Environment load took 248ns 
30827      INFO  main            d.u.i.k.p.i.AbstractProblemLoader Creating init config 
33622      DEBUG main            d.u.i.k.p.i.AbstractProblemLoader Init config took 2.8s 
33723      INFO  main            d.u.i.k.p.i.AbstractProblemLoader Replaying proof RecursiveMethod[RecursiveMethod::fac2(int)].JML normal_behavior operation contract.0 
33727      DEBUG main            d.u.i.k.p.i.IntermediateProofReplayer Proof replay took 8.7ns 
33930      INFO  main            d.u.i.k.p.r.p.TestFile    ... finished proof: closed. 
34166      INFO  main            d.u.i.k.p.i.AbstractProblemLoader Loading environment from /home/runner/work/key/key/key.core/../key.ui/examples/standard_key/java_dl/jml-assert/recursion-assume.key.proof 
34167      DEBUG main            d.u.i.k.p.i.AbstractProblemLoader Environment load took 140.6ns 
34168      INFO  main            d.u.i.k.p.i.AbstractProblemLoader Creating init config 
36922      DEBUG main            d.u.i.k.p.i.AbstractProblemLoader Init config took 2.75s 
36980      INFO  main            d.u.i.k.p.i.AbstractProblemLoader Replaying proof RecursiveMethod[RecursiveMethod::fac2(int)].JML normal_behavior operation contract.0 
37014      DEBUG main            d.u.i.k.p.i.IntermediateProofReplayer Proof replay took 30.62ms 
37015      DEBUG main            d.u.i.k.p.r.p.TestFile    ... success: reloaded. 
37016      INFO  main            d.u.i.k.p.r.p.TestFile    Now processing file /home/runner/work/key/key/key.core/../key.ui/examples/standard_key/java_dl/jml-assert/quantor-assert.key 
37017      INFO  main            d.u.i.k.p.i.AbstractProblemLoader Loading environment from /home/runner/work/key/key/key.core/../key.ui/examples/standard_key/java_dl/jml-assert/quantor-assert.key 
37017      DEBUG main            d.u.i.k.p.i.AbstractProblemLoader Environment load took 282.3ns 
37018      INFO  main            d.u.i.k.p.i.AbstractProblemLoader Creating init config 
39820      DEBUG main            d.u.i.k.p.i.AbstractProblemLoader Init config took 2.8s 
39865      INFO  main            d.u.i.k.p.i.AbstractProblemLoader Replaying proof Quantor[Quantor::square1(int)].JML normal_behavior operation contract.0 
39867      DEBUG main            d.u.i.k.p.i.IntermediateProofReplayer Proof replay took 8.3ns 
39969      INFO  main            d.u.i.k.p.r.p.TestFile    ... finished proof: closed. 
40150      INFO  main            d.u.i.k.p.i.AbstractProblemLoader Loading environment from /home/runner/work/key/key/key.core/../key.ui/examples/standard_key/java_dl/jml-assert/quantor-assert.key.proof 
40152      DEBUG main            d.u.i.k.p.i.AbstractProblemLoader Environment load took 2.14ms 
40153      INFO  main            d.u.i.k.p.i.AbstractProblemLoader Creating init config 
42893      DEBUG main            d.u.i.k.p.i.AbstractProblemLoader Init config took 2.74s 
42947      INFO  main            d.u.i.k.p.i.AbstractProblemLoader Replaying proof Quantor[Quantor::square1(int)].JML normal_behavior operation contract.0 
42968      DEBUG main            d.u.i.k.p.i.IntermediateProofReplayer Proof replay took 13.93ms 
42970      DEBUG main            d.u.i.k.p.r.p.TestFile    ... success: reloaded. 
42971      INFO  main            d.u.i.k.p.r.p.TestFile    Now processing file /home/runner/work/key/key/key.core/../key.ui/examples/standard_key/java_dl/jml-assert/quantor-assume.key 
42971      INFO  main            d.u.i.k.p.i.AbstractProblemLoader Loading environment from /home/runner/work/key/key/key.core/../key.ui/examples/standard_key/java_dl/jml-assert/quantor-assume.key 
42971      DEBUG main            d.u.i.k.p.i.AbstractProblemLoader Environment load took 235.7ns 
42972      INFO  main            d.u.i.k.p.i.AbstractProblemLoader Creating init config 
45769      DEBUG main            d.u.i.k.p.i.AbstractProblemLoader Init config took 2.8s 
45812      INFO  main            d.u.i.k.p.i.AbstractProblemLoader Replaying proof Quantor[Quantor::square2(int)].JML normal_behavior operation contract.0 
45814      DEBUG main            d.u.i.k.p.i.IntermediateProofReplayer Proof replay took 8.6ns 
45919      INFO  main            d.u.i.k.p.r.p.TestFile    ... finished proof: closed. 
46105      INFO  main            d.u.i.k.p.i.AbstractProblemLoader Loading environment from /home/runner/work/key/key/key.core/../key.ui/examples/standard_key/java_dl/jml-assert/quantor-assume.key.proof 
46105      DEBUG main            d.u.i.k.p.i.AbstractProblemLoader Environment load took 127.8ns 
46107      INFO  main            d.u.i.k.p.i.AbstractProblemLoader Creating init config 
48813      DEBUG main            d.u.i.k.p.i.AbstractProblemLoader Init config took 2.71s 
48860      INFO  main            d.u.i.k.p.i.AbstractProblemLoader Replaying proof Quantor[Quantor::square2(int)].JML normal_behavior operation contract.0 
48874      DEBUG main            d.u.i.k.p.i.IntermediateProofReplayer Proof replay took 11.44ms 
48875      DEBUG main            d.u.i.k.p.r.p.TestFile    ... success: reloaded. 
48876      INFO  main            d.u.i.k.p.r.p.TestFile    Now processing file /home/runner/work/key/key/key.core/../key.ui/examples/standard_key/java_dl/jml-assert/model-methods-static-static.key 
48876      INFO  main            d.u.i.k.p.i.AbstractProblemLoader Loading environment from /home/runner/work/key/key/key.core/../key.ui/examples/standard_key/java_dl/jml-assert/model-methods-static-static.key 
48876      DEBUG main            d.u.i.k.p.i.AbstractProblemLoader Environment load took 110ns 
48877      INFO  main            d.u.i.k.p.i.AbstractProblemLoader Creating init config 
51659      DEBUG main            d.u.i.k.p.i.AbstractProblemLoader Init config took 2.78s 
51699      INFO  main            d.u.i.k.p.i.AbstractProblemLoader Replaying proof ModelMethods[ModelMethods::test1()].JML normal_behavior operation contract.0 
51700      DEBUG main            d.u.i.k.p.i.IntermediateProofReplayer Proof replay took 6.9ns 
51807      INFO  main            d.u.i.k.p.r.p.TestFile    ... finished proof: closed. 
51989      INFO  main            d.u.i.k.p.i.AbstractProblemLoader Loading environment from /home/runner/work/key/key/key.core/../key.ui/examples/standard_key/java_dl/jml-assert/model-methods-static-static.key.proof 
51989      DEBUG main            d.u.i.k.p.i.AbstractProblemLoader Environment load took 130.5ns 
51990      INFO  main            d.u.i.k.p.i.AbstractProblemLoader Creating init config 
54664      DEBUG main            d.u.i.k.p.i.AbstractProblemLoader Init config took 2.67s 
54704      INFO  main            d.u.i.k.p.i.AbstractProblemLoader Replaying proof ModelMethods[ModelMethods::test1()].JML normal_behavior operation contract.0 
54712      DEBUG main            d.u.i.k.p.i.IntermediateProofReplayer Proof replay took 5.65ms 
54713      DEBUG main            d.u.i.k.p.r.p.TestFile    ... success: reloaded. 
54713      INFO  main            d.u.i.k.p.r.p.TestFile    Now processing file /home/runner/work/key/key/key.core/../key.ui/examples/standard_key/java_dl/jml-assert/model-methods-instance-static.key 
54714      INFO  main            d.u.i.k.p.i.AbstractProblemLoader Loading environment from /home/runner/work/key/key/key.core/../key.ui/examples/standard_key/java_dl/jml-assert/model-methods-instance-static.key 
54714      DEBUG main            d.u.i.k.p.i.AbstractProblemLoader Environment load took 112.6ns 
54716      INFO  main            d.u.i.k.p.i.AbstractProblemLoader Creating init config 
57484      DEBUG main            d.u.i.k.p.i.AbstractProblemLoader Init config took 2.77s 
57522      INFO  main            d.u.i.k.p.i.AbstractProblemLoader Replaying proof ModelMethods[ModelMethods::test2()].JML normal_behavior operation contract.0 
57524      DEBUG main            d.u.i.k.p.i.IntermediateProofReplayer Proof replay took 6.9ns 
57627      INFO  main            d.u.i.k.p.r.p.TestFile    ... finished proof: closed. 
57832      INFO  main            d.u.i.k.p.i.AbstractProblemLoader Loading environment from /home/runner/work/key/key/key.core/../key.ui/examples/standard_key/java_dl/jml-assert/model-methods-instance-static.key.proof 
57832      DEBUG main            d.u.i.k.p.i.AbstractProblemLoader Environment load took 125.9ns 
57833      INFO  main            d.u.i.k.p.i.AbstractProblemLoader Creating init config 
60484      DEBUG main            d.u.i.k.p.i.AbstractProblemLoader Init config took 2.65s 
60521      INFO  main            d.u.i.k.p.i.AbstractProblemLoader Replaying proof ModelMethods[ModelMethods::test2()].JML normal_behavior operation contract.0 
60531      DEBUG main            d.u.i.k.p.i.IntermediateProofReplayer Proof replay took 7.5ms 
60531      DEBUG main            d.u.i.k.p.r.p.TestFile    ... success: reloaded. 
60532      INFO  main            d.u.i.k.p.r.p.TestFile    Now processing file /home/runner/work/key/key/key.core/../key.ui/examples/standard_key/java_dl/jml-assert/model-methods-instance-instance.key 
60532      INFO  main            d.u.i.k.p.i.AbstractProblemLoader Loading environment from /home/runner/work/key/key/key.core/../key.ui/examples/standard_key/java_dl/jml-assert/model-methods-instance-instance.key 
60533      DEBUG main            d.u.i.k.p.i.AbstractProblemLoader Environment load took 62.1ns 
60533      INFO  main            d.u.i.k.p.i.AbstractProblemLoader Creating init config 
63282      DEBUG main            d.u.i.k.p.i.AbstractProblemLoader Init config took 2.75s 
63320      INFO  main            d.u.i.k.p.i.AbstractProblemLoader Replaying proof ModelMethods[ModelMethods::test3()].JML normal_behavior operation contract.0 
63321      DEBUG main            d.u.i.k.p.i.IntermediateProofReplayer Proof replay took 7.5ns 
63423      INFO  main            d.u.i.k.p.r.p.TestFile    ... finished proof: closed. 
63617      INFO  main            d.u.i.k.p.i.AbstractProblemLoader Loading environment from /home/runner/work/key/key/key.core/../key.ui/examples/standard_key/java_dl/jml-assert/model-methods-instance-instance.key.proof 
63617      DEBUG main            d.u.i.k.p.i.AbstractProblemLoader Environment load took 123.2ns 
63619      INFO  main            d.u.i.k.p.i.AbstractProblemLoader Creating init config 
66280      DEBUG main            d.u.i.k.p.i.AbstractProblemLoader Init config took 2.66s 
66317      INFO  main            d.u.i.k.p.i.AbstractProblemLoader Replaying proof ModelMethods[ModelMethods::test3()].JML normal_behavior operation contract.0 
66328      DEBUG main            d.u.i.k.p.i.IntermediateProofReplayer Proof replay took 8.97ms 
66330      DEBUG main            d.u.i.k.p.r.p.TestFile    ... success: reloaded. 
66331      INFO  main            d.u.i.k.p.r.p.TestFile    Now processing file /home/runner/work/key/key/key.core/../key.ui/examples/standard_key/java_dl/jml-assert/model-methods-static-instance.key 
66331      INFO  main            d.u.i.k.p.i.AbstractProblemLoader Loading environment from /home/runner/work/key/key/key.core/../key.ui/examples/standard_key/java_dl/jml-assert/model-methods-static-instance.key 
66332      DEBUG main            d.u.i.k.p.i.AbstractProblemLoader Environment load took 242.8ns 
66333      INFO  main            d.u.i.k.p.i.AbstractProblemLoader Creating init config 
69043      DEBUG main            d.u.i.k.p.i.AbstractProblemLoader Init config took 2.71s 
69081      INFO  main            d.u.i.k.p.i.AbstractProblemLoader Replaying proof ModelMethods[ModelMethods::test4()].JML normal_behavior operation contract.0 
69083      DEBUG main            d.u.i.k.p.i.IntermediateProofReplayer Proof replay took 7.3ns 
69287      INFO  main            d.u.i.k.p.r.p.TestFile    ... finished proof: closed. 
69476      INFO  main            d.u.i.k.p.i.AbstractProblemLoader Loading environment from /home/runner/work/key/key/key.core/../key.ui/examples/standard_key/java_dl/jml-assert/model-methods-static-instance.key.proof 
69477      DEBUG main            d.u.i.k.p.i.AbstractProblemLoader Environment load took 124ns 
69478      INFO  main            d.u.i.k.p.i.AbstractProblemLoader Creating init config 
72137      DEBUG main            d.u.i.k.p.i.AbstractProblemLoader Init config took 2.66s 
72177      INFO  main            d.u.i.k.p.i.AbstractProblemLoader Replaying proof ModelMethods[ModelMethods::test4()].JML normal_behavior operation contract.0 
72204      DEBUG main            d.u.i.k.p.i.IntermediateProofReplayer Proof replay took 24.52ms 
72205      DEBUG main            d.u.i.k.p.r.p.TestFile    ... success: reloaded. 
72206      INFO  main            d.u.i.k.p.r.p.TestFile    Now processing file /home/runner/work/key/key/key.core/../key.ui/examples/standard_key/java_dl/jml-assert/assert-old/inc-field.key 
72206      INFO  main            d.u.i.k.p.i.AbstractProblemLoader Loading environment from /home/runner/work/key/key/key.core/../key.ui/examples/standard_key/java_dl/jml-assert/assert-old/inc-field.key 
72206      DEBUG main            d.u.i.k.p.i.AbstractProblemLoader Environment load took 104.6ns 
72207      INFO  main            d.u.i.k.p.i.AbstractProblemLoader Creating init config 
74855      DEBUG main            d.u.i.k.p.i.AbstractProblemLoader Init config took 2.65s 
74914      INFO  main            d.u.i.k.p.i.AbstractProblemLoader Replaying proof Inc[Inc::inc_field()].JML normal_behavior operation contract.0 
74916      DEBUG main            d.u.i.k.p.i.IntermediateProofReplayer Proof replay took 7.4ns 
75118      INFO  main            d.u.i.k.p.r.p.TestFile    ... finished proof: closed. 
75327      INFO  main            d.u.i.k.p.i.AbstractProblemLoader Loading environment from /home/runner/work/key/key/key.core/../key.ui/examples/standard_key/java_dl/jml-assert/assert-old/inc-field.key.proof 
75327      DEBUG main            d.u.i.k.p.i.AbstractProblemLoader Environment load took 127.8ns 
75328      INFO  main            d.u.i.k.p.i.AbstractProblemLoader Creating init config 
77920      DEBUG main            d.u.i.k.p.i.AbstractProblemLoader Init config took 2.59s 
77955      INFO  main            d.u.i.k.p.i.AbstractProblemLoader Replaying proof Inc[Inc::inc_field()].JML normal_behavior operation contract.0 
77977      DEBUG main            d.u.i.k.p.i.IntermediateProofReplayer Proof replay took 20.29ms 
77978      DEBUG main            d.u.i.k.p.r.p.TestFile    ... success: reloaded. 
77979      INFO  main            d.u.i.k.p.r.p.TestFile    Now processing file /home/runner/work/key/key/key.core/../key.ui/examples/standard_key/java_dl/jml-assert/assert-old/inc-parameter.key 
77979      INFO  main            d.u.i.k.p.i.AbstractProblemLoader Loading environment from /home/runner/work/key/key/key.core/../key.ui/examples/standard_key/java_dl/jml-assert/assert-old/inc-parameter.key 
77979      DEBUG main            d.u.i.k.p.i.AbstractProblemLoader Environment load took 102.7ns 
77980      INFO  main            d.u.i.k.p.i.AbstractProblemLoader Creating init config 
80587      DEBUG main            d.u.i.k.p.i.AbstractProblemLoader Init config took 2.61s 
80622      INFO  main            d.u.i.k.p.i.AbstractProblemLoader Replaying proof Inc[Inc::inc_parameter(int)].JML normal_behavior operation contract.0 
80623      DEBUG main            d.u.i.k.p.i.IntermediateProofReplayer Proof replay took 7.2ns 
80725      INFO  main            d.u.i.k.p.r.p.TestFile    ... finished proof: closed. 
80948      INFO  main            d.u.i.k.p.i.AbstractProblemLoader Loading environment from /home/runner/work/key/key/key.core/../key.ui/examples/standard_key/java_dl/jml-assert/assert-old/inc-parameter.key.proof 
80948      DEBUG main            d.u.i.k.p.i.AbstractProblemLoader Environment load took 119.3ns 
80949      INFO  main            d.u.i.k.p.i.AbstractProblemLoader Creating init config 
83563      DEBUG main            d.u.i.k.p.i.AbstractProblemLoader Init config took 2.61s 
83599      INFO  main            d.u.i.k.p.i.AbstractProblemLoader Replaying proof Inc[Inc::inc_parameter(int)].JML normal_behavior operation contract.0 
83612      DEBUG main            d.u.i.k.p.i.IntermediateProofReplayer Proof replay took 10.88ms 
83613      DEBUG main            d.u.i.k.p.r.p.TestFile    ... success: reloaded. 
83613      INFO  main            d.u.i.k.p.r.p.TestFile    Now processing file /home/runner/work/key/key/key.core/../key.ui/examples/standard_key/java_dl/jml-assert/assert-old/inc-parameter-field.key 
83614      INFO  main            d.u.i.k.p.i.AbstractProblemLoader Loading environment from /home/runner/work/key/key/key.core/../key.ui/examples/standard_key/java_dl/jml-assert/assert-old/inc-parameter-field.key 
83614      DEBUG main            d.u.i.k.p.i.AbstractProblemLoader Environment load took 101.8ns 
83614      INFO  main            d.u.i.k.p.i.AbstractProblemLoader Creating init config 
86221      DEBUG main            d.u.i.k.p.i.AbstractProblemLoader Init config took 2.61s 
86255      INFO  main            d.u.i.k.p.i.AbstractProblemLoader Replaying proof Inc[Inc::inc_parameter_field(Inc)].JML normal_behavior operation contract.0 
86256      DEBUG main            d.u.i.k.p.i.IntermediateProofReplayer Proof replay took 6.2ns 
86360      INFO  main            d.u.i.k.p.r.p.TestFile    ... finished proof: closed. 
86615      INFO  main            d.u.i.k.p.i.AbstractProblemLoader Loading environment from /home/runner/work/key/key/key.core/../key.ui/examples/standard_key/java_dl/jml-assert/assert-old/inc-parameter-field.key.proof 
86615      DEBUG main            d.u.i.k.p.i.AbstractProblemLoader Environment load took 131ns 
86616      INFO  main            d.u.i.k.p.i.AbstractProblemLoader Creating init config 
89174      DEBUG main            d.u.i.k.p.i.AbstractProblemLoader Init config took 2.56s 
89208      INFO  main            d.u.i.k.p.i.AbstractProblemLoader Replaying proof Inc[Inc::inc_parameter_field(Inc)].JML normal_behavior operation contract.0 
89238      DEBUG main            d.u.i.k.p.i.IntermediateProofReplayer Proof replay took 27.26ms 
89239      DEBUG main            d.u.i.k.p.r.p.TestFile    ... success: reloaded. 
89240      INFO  main            d.u.i.k.p.r.p.TestFile    Now processing file /home/runner/work/key/key/key.core/../key.ui/examples/standard_key/java_dl/jml-assert/assert-old/inc-ghost-field.key 
89240      INFO  main            d.u.i.k.p.i.AbstractProblemLoader Loading environment from /home/runner/work/key/key/key.core/../key.ui/examples/standard_key/java_dl/jml-assert/assert-old/inc-ghost-field.key 
89240      DEBUG main            d.u.i.k.p.i.AbstractProblemLoader Environment load took 86.6ns 
89241      INFO  main            d.u.i.k.p.i.AbstractProblemLoader Creating init config 
91884      DEBUG main            d.u.i.k.p.i.AbstractProblemLoader Init config took 2.64s 
91921      INFO  main            d.u.i.k.p.i.AbstractProblemLoader Replaying proof Inc[Inc::inc_ghost_field()].JML normal_behavior operation contract.0 
91923      DEBUG main            d.u.i.k.p.i.IntermediateProofReplayer Proof replay took 7.4ns 
92025      INFO  main            d.u.i.k.p.r.p.TestFile    ... finished proof: closed. 
92255      INFO  main            d.u.i.k.p.i.AbstractProblemLoader Loading environment from /home/runner/work/key/key/key.core/../key.ui/examples/standard_key/java_dl/jml-assert/assert-old/inc-ghost-field.key.proof 
92255      DEBUG main            d.u.i.k.p.i.AbstractProblemLoader Environment load took 124.3ns 
92256      INFO  main            d.u.i.k.p.i.AbstractProblemLoader Creating init config 
94800      DEBUG main            d.u.i.k.p.i.AbstractProblemLoader Init config took 2.54s 
94835      INFO  main            d.u.i.k.p.i.AbstractProblemLoader Replaying proof Inc[Inc::inc_ghost_field()].JML normal_behavior operation contract.0 
94856      DEBUG main            d.u.i.k.p.i.IntermediateProofReplayer Proof replay took 19.11ms 
94857      DEBUG main            d.u.i.k.p.r.p.TestFile    ... success: reloaded. 
715585     INFO  Test worker     d.u.i.k.p.r.RunAllProofsTestUnit Returning from test jmlAsserts 
715587     INFO  Test worker     d.u.i.k.p.r.RunAllProofsTestUnit Running test javaCard 
410        INFO  Timeout watchdog d.u.i.k.p.r.p.ForkedTestFileRunner Timeout watcher launched (2000 secs.) 
429        WARN  main            d.u.i.k.s.ProofSettings   The settings in /home/runner/.key/proof-settings.props are *not* read. 
475        INFO  main            d.u.i.k.p.r.p.TestFile    Now processing file /home/runner/work/key/key/key.core/../key.ui/examples/heap/javacard/updateBalance0.key 
600        INFO  main            d.u.i.k.p.i.AbstractProblemLoader Loading environment from /home/runner/work/key/key/key.core/../key.ui/examples/heap/javacard/updateBalance0.key 
617        DEBUG main            d.u.i.k.p.i.AbstractProblemLoader Environment load took 1.92ms 
842        INFO  main            d.u.i.k.p.i.AbstractProblemLoader Creating init config 
1715       DEBUG main            d.u.i.k.j.TypeConverter   No LDT found for Meta 
1715       DEBUG main            d.u.i.k.j.TypeConverter   No LDT found for Meta 
1717       DEBUG main            d.u.i.k.j.TypeConverter   No LDT found for Meta 
1717       DEBUG main            d.u.i.k.j.TypeConverter   No LDT found for Meta 
2914       DEBUG main            d.u.i.k.j.TypeConverter   No LDT found for JavaBigintExpression 
6566       DEBUG main            d.u.i.k.p.i.AbstractProblemLoader Init config took 5.72s 
6703       INFO  main            d.u.i.k.p.i.AbstractProblemLoader Replaying proof Examples[Examples::updateBalance(short)].JML normal_behavior operation contract.0 
6736       DEBUG main            d.u.i.k.p.i.IntermediateProofReplayer Proof replay took 34.1ns 
8276       INFO  main            d.u.i.k.p.r.p.TestFile    ... finished proof: closed. 
8419       INFO  main            d.u.i.k.p.i.AbstractProblemLoader Loading environment from /home/runner/work/key/key/key.core/../key.ui/examples/heap/javacard/updateBalance0.key.proof 
8419       DEBUG main            d.u.i.k.p.i.AbstractProblemLoader Environment load took 149ns 
8428       INFO  main            d.u.i.k.p.i.AbstractProblemLoader Creating init config 
10204      DEBUG main            d.u.i.k.p.i.AbstractProblemLoader Init config took 1.78s 
10273      INFO  main            d.u.i.k.p.i.AbstractProblemLoader Replaying proof Examples[Examples::updateBalance(short)].JML normal_behavior operation contract.0 
10414      DEBUG main            d.u.i.k.p.i.IntermediateProofReplayer Proof replay took 132.91ms 
10425      DEBUG main            d.u.i.k.p.r.p.TestFile    ... success: reloaded. 
10432      INFO  main            d.u.i.k.p.r.p.TestFile    Now processing file /home/runner/work/key/key/key.core/../key.ui/examples/heap/javacard/updateBalance1.key 
10432      INFO  main            d.u.i.k.p.i.AbstractProblemLoader Loading environment from /home/runner/work/key/key/key.core/../key.ui/examples/heap/javacard/updateBalance1.key 
10433      DEBUG main            d.u.i.k.p.i.AbstractProblemLoader Environment load took 342.5ns 
10436      INFO  main            d.u.i.k.p.i.AbstractProblemLoader Creating init config 
12094      DEBUG main            d.u.i.k.p.i.AbstractProblemLoader Init config took 1.66s 
12148      INFO  main            d.u.i.k.p.i.AbstractProblemLoader Replaying proof Examples[Examples::updateBalance(short)].JML normal_behavior operation contract.1 
12151      DEBUG main            d.u.i.k.p.i.IntermediateProofReplayer Proof replay took 6.3ns 
12857      INFO  main            d.u.i.k.p.r.p.TestFile    ... finished proof: closed. 
12970      INFO  main            d.u.i.k.p.i.AbstractProblemLoader Loading environment from /home/runner/work/key/key/key.core/../key.ui/examples/heap/javacard/updateBalance1.key.proof 
12971      DEBUG main            d.u.i.k.p.i.AbstractProblemLoader Environment load took 1.26ms 
12974      INFO  main            d.u.i.k.p.i.AbstractProblemLoader Creating init config 
14567      DEBUG main            d.u.i.k.p.i.AbstractProblemLoader Init config took 1.59s 
14622      INFO  main            d.u.i.k.p.i.AbstractProblemLoader Replaying proof Examples[Examples::updateBalance(short)].JML normal_behavior operation contract.1 
14714      DEBUG main            d.u.i.k.p.i.IntermediateProofReplayer Proof replay took 87.47ms 
14716      DEBUG main            d.u.i.k.p.r.p.TestFile    ... success: reloaded. 
14719      INFO  main            d.u.i.k.p.r.p.TestFile    Now processing file /home/runner/work/key/key/key.core/../key.ui/examples/heap/javacard/setArray1.key 
14719      INFO  main            d.u.i.k.p.i.AbstractProblemLoader Loading environment from /home/runner/work/key/key/key.core/../key.ui/examples/heap/javacard/setArray1.key 
14720      DEBUG main            d.u.i.k.p.i.AbstractProblemLoader Environment load took 240.7ns 
14721      INFO  main            d.u.i.k.p.i.AbstractProblemLoader Creating init config 
16304      DEBUG main            d.u.i.k.p.i.AbstractProblemLoader Init config took 1.58s 
16344      INFO  main            d.u.i.k.p.i.AbstractProblemLoader Replaying proof Examples[Examples::setArray1([B)].JML normal_behavior operation contract.0 
16347      DEBUG main            d.u.i.k.p.i.IntermediateProofReplayer Proof replay took 5.4ns 
17252      INFO  main            d.u.i.k.p.r.p.TestFile    ... finished proof: closed. 
17415      INFO  main            d.u.i.k.p.i.AbstractProblemLoader Loading environment from /home/runner/work/key/key/key.core/../key.ui/examples/heap/javacard/setArray1.key.proof 
17416      DEBUG main            d.u.i.k.p.i.AbstractProblemLoader Environment load took 519.61ns 
17418      INFO  main            d.u.i.k.p.i.AbstractProblemLoader Creating init config 
18941      DEBUG main            d.u.i.k.p.i.AbstractProblemLoader Init config took 1.52s 
18981      INFO  main            d.u.i.k.p.i.AbstractProblemLoader Replaying proof Examples[Examples::setArray1([B)].JML normal_behavior operation contract.0 
19137      DEBUG main            d.u.i.k.p.i.IntermediateProofReplayer Proof replay took 151.58ms 
19140      DEBUG main            d.u.i.k.p.r.p.TestFile    ... success: reloaded. 
19142      INFO  main            d.u.i.k.p.r.p.TestFile    Now processing file /home/runner/work/key/key/key.core/../key.ui/examples/heap/javacard/setArray2.key 
19143      INFO  main            d.u.i.k.p.i.AbstractProblemLoader Loading environment from /home/runner/work/key/key/key.core/../key.ui/examples/heap/javacard/setArray2.key 
19143      DEBUG main            d.u.i.k.p.i.AbstractProblemLoader Environment load took 241.4ns 
19144      INFO  main            d.u.i.k.p.i.AbstractProblemLoader Creating init config 
20681      DEBUG main            d.u.i.k.p.i.AbstractProblemLoader Init config took 1.54s 
20719      INFO  main            d.u.i.k.p.i.AbstractProblemLoader Replaying proof Examples[Examples::setArray2([B)].JML normal_behavior operation contract.0 
20721      DEBUG main            d.u.i.k.p.i.IntermediateProofReplayer Proof replay took 5.9ns 
21728      INFO  main            d.u.i.k.p.r.p.TestFile    ... finished proof: closed. 
21867      INFO  main            d.u.i.k.p.i.AbstractProblemLoader Loading environment from /home/runner/work/key/key/key.core/../key.ui/examples/heap/javacard/setArray2.key.proof 
21869      DEBUG main            d.u.i.k.p.i.AbstractProblemLoader Environment load took 1.35ms 
21871      INFO  main            d.u.i.k.p.i.AbstractProblemLoader Creating init config 
23392      DEBUG main            d.u.i.k.p.i.AbstractProblemLoader Init config took 1.52s 
23430      INFO  main            d.u.i.k.p.i.AbstractProblemLoader Replaying proof Examples[Examples::setArray2([B)].JML normal_behavior operation contract.0 
23603      DEBUG main            d.u.i.k.p.i.IntermediateProofReplayer Proof replay took 167.39ms 
23605      DEBUG main            d.u.i.k.p.r.p.TestFile    ... success: reloaded. 
23607      INFO  main            d.u.i.k.p.r.p.TestFile    Now processing file /home/runner/work/key/key/key.core/../key.ui/examples/heap/javacard/arrayFillNonAtomic.key 
23607      INFO  main            d.u.i.k.p.i.AbstractProblemLoader Loading environment from /home/runner/work/key/key/key.core/../key.ui/examples/heap/javacard/arrayFillNonAtomic.key 
23608      DEBUG main            d.u.i.k.p.i.AbstractProblemLoader Environment load took 235.4ns 
23609      INFO  main            d.u.i.k.p.i.AbstractProblemLoader Creating init config 
25131      DEBUG main            d.u.i.k.p.i.AbstractProblemLoader Init config took 1.52s 
25203      INFO  main            d.u.i.k.p.i.AbstractProblemLoader Replaying proof javacard.framework.Util[javacard.framework.Util::arrayFillNonAtomic([B,short,short,byte)].JML behavior operation contract.0.transaction_inactive 
25205      DEBUG main            d.u.i.k.p.i.IntermediateProofReplayer Proof replay took 7.3ns 
25979      DEBUG Thread-13       d.u.i.k.l.o.ProgramSV     Match failed: Former match of  SchemaVariable incompatible with  the current match. 
25979      DEBUG Thread-13       d.u.i.k.l.o.ProgramSV     Match failed: Former match of  SchemaVariable incompatible with  the current match. 
27337      DEBUG Thread-13       d.u.i.k.l.o.ProgramSV     Match failed: Former match of  SchemaVariable incompatible with  the current match. 
27338      DEBUG Thread-13       d.u.i.k.l.o.ProgramSV     Match failed: Former match of  SchemaVariable incompatible with  the current match. 
28825      INFO  main            d.u.i.k.p.r.p.TestFile    ... finished proof: closed. 
29001      INFO  main            d.u.i.k.p.i.AbstractProblemLoader Loading environment from /home/runner/work/key/key/key.core/../key.ui/examples/heap/javacard/arrayFillNonAtomic.key.proof 
29001      DEBUG main            d.u.i.k.p.i.AbstractProblemLoader Environment load took 150.3ns 
29002      INFO  main            d.u.i.k.p.i.AbstractProblemLoader Creating init config 
30529      DEBUG main            d.u.i.k.p.i.AbstractProblemLoader Init config took 1.53s 
30600      INFO  main            d.u.i.k.p.i.AbstractProblemLoader Replaying proof javacard.framework.Util[javacard.framework.Util::arrayFillNonAtomic([B,short,short,byte)].JML behavior operation contract.0.transaction_inactive 
31276      DEBUG main            d.u.i.k.p.i.IntermediateProofReplayer Proof replay took 659.67ms 
31277      DEBUG main            d.u.i.k.p.r.p.TestFile    ... success: reloaded. 
31278      INFO  main            d.u.i.k.p.r.p.TestFile    Now processing file /home/runner/work/key/key/key.core/../key.ui/examples/heap/coincidence_count/project.key 
31279      INFO  main            d.u.i.k.p.i.AbstractProblemLoader Loading environment from /home/runner/work/key/key/key.core/../key.ui/examples/heap/coincidence_count/project.key 
31279      DEBUG main            d.u.i.k.p.i.AbstractProblemLoader Environment load took 123ns 
31280      INFO  main            d.u.i.k.p.i.AbstractProblemLoader Creating init config 
34667      DEBUG main            d.u.i.k.p.i.AbstractProblemLoader Init config took 3.39s 
34717      INFO  main            d.u.i.k.p.i.AbstractProblemLoader Replaying proof CC[CC::calcCoinIndex([I,[I)].JML normal_behavior operation contract.0 
34721      DEBUG main            d.u.i.k.p.i.IntermediateProofReplayer Proof replay took 13.6ns 
51665      INFO  main            d.u.i.k.p.r.p.TestFile    ... finished proof: closed. 
51968      INFO  main            d.u.i.k.p.i.AbstractProblemLoader Loading environment from /home/runner/work/key/key/key.core/../key.ui/examples/heap/coincidence_count/project.key.proof 
51969      DEBUG main            d.u.i.k.p.i.AbstractProblemLoader Environment load took 557.31ns 
51973      INFO  main            d.u.i.k.p.i.AbstractProblemLoader Creating init config 
54474      DEBUG main            d.u.i.k.p.i.AbstractProblemLoader Init config took 2.5s 
54517      INFO  main            d.u.i.k.p.i.AbstractProblemLoader Replaying proof CC[CC::calcCoinIndex([I,[I)].JML normal_behavior operation contract.0 
55205      DEBUG main            d.u.i.k.p.i.IntermediateProofReplayer Proof replay took 631.44ms 
55209      DEBUG main            d.u.i.k.p.r.p.TestFile    ... success: reloaded. 
55211      INFO  main            d.u.i.k.p.r.p.TestFile    Now processing file /home/runner/work/key/key/key.core/../key.ui/examples/heap/verifyThis11_1_Maximum/project.key 
55211      INFO  main            d.u.i.k.p.i.AbstractProblemLoader Loading environment from /home/runner/work/key/key/key.core/../key.ui/examples/heap/verifyThis11_1_Maximum/project.key 
55212      DEBUG main            d.u.i.k.p.i.AbstractProblemLoader Environment load took 246.2ns 
55213      INFO  main            d.u.i.k.p.i.AbstractProblemLoader Creating init config 
57755      DEBUG main            d.u.i.k.p.i.AbstractProblemLoader Init config took 2.54s 
57794      INFO  main            d.u.i.k.p.i.AbstractProblemLoader Replaying proof Maximum[Maximum::maxIndex([I)].JML normal_behavior operation contract.0 
57795      DEBUG main            d.u.i.k.p.i.IntermediateProofReplayer Proof replay took 6.5ns 
58715      INFO  main            d.u.i.k.p.r.p.TestFile    ... finished proof: closed. 
58963      INFO  main            d.u.i.k.p.i.AbstractProblemLoader Loading environment from /home/runner/work/key/key/key.core/../key.ui/examples/heap/verifyThis11_1_Maximum/project.key.proof 
58964      DEBUG main            d.u.i.k.p.i.AbstractProblemLoader Environment load took 742.51ns 
58965      INFO  main            d.u.i.k.p.i.AbstractProblemLoader Creating init config 
61472      DEBUG main            d.u.i.k.p.i.AbstractProblemLoader Init config took 2.51s 
61510      INFO  main            d.u.i.k.p.i.AbstractProblemLoader Replaying proof Maximum[Maximum::maxIndex([I)].JML normal_behavior operation contract.0 
61626      DEBUG main            d.u.i.k.p.i.IntermediateProofReplayer Proof replay took 110.55ms 
61627      DEBUG main            d.u.i.k.p.r.p.TestFile    ... success: reloaded. 
61628      INFO  main            d.u.i.k.p.r.p.TestFile    Now processing file /home/runner/work/key/key/key.core/../key.ui/examples/heap/fm12_01_LRS/lcp.key 
61628      INFO  main            d.u.i.k.p.i.AbstractProblemLoader Loading environment from /home/runner/work/key/key/key.core/../key.ui/examples/heap/fm12_01_LRS/lcp.key 
61628      DEBUG main            d.u.i.k.p.i.AbstractProblemLoader Environment load took 104.2ns 
61629      INFO  main            d.u.i.k.p.i.AbstractProblemLoader Creating init config 
64733      DEBUG main            d.u.i.k.p.i.AbstractProblemLoader Init config took 3.1s 
64795      INFO  main            d.u.i.k.p.i.AbstractProblemLoader Replaying proof LCP[LCP::lcp([I,int,int)].JML normal_behavior operation contract.0 
64798      DEBUG main            d.u.i.k.p.i.IntermediateProofReplayer Proof replay took 6.7ns 
65703      INFO  main            d.u.i.k.p.r.p.TestFile    ... finished proof: closed. 
66039      INFO  main            d.u.i.k.p.i.AbstractProblemLoader Loading environment from /home/runner/work/key/key/key.core/../key.ui/examples/heap/fm12_01_LRS/lcp.key.proof 
66040      DEBUG main            d.u.i.k.p.i.AbstractProblemLoader Environment load took 716.01ns 
66041      INFO  main            d.u.i.k.p.i.AbstractProblemLoader Creating init config 
68918      DEBUG main            d.u.i.k.p.i.AbstractProblemLoader Init config took 2.88s 
68971      INFO  main            d.u.i.k.p.i.AbstractProblemLoader Replaying proof LCP[LCP::lcp([I,int,int)].JML normal_behavior operation contract.0 
69128      DEBUG main            d.u.i.k.p.i.IntermediateProofReplayer Proof replay took 151.5ms 
69130      DEBUG main            d.u.i.k.p.r.p.TestFile    ... success: reloaded. 
69131      INFO  main            d.u.i.k.p.r.p.TestFile    Now processing file /home/runner/work/key/key/key.core/../key.ui/examples/heap/SemanticSlicing/project.key 
69131      INFO  main            d.u.i.k.p.i.AbstractProblemLoader Loading environment from /home/runner/work/key/key/key.core/../key.ui/examples/heap/SemanticSlicing/project.key 
69132      DEBUG main            d.u.i.k.p.i.AbstractProblemLoader Environment load took 235.6ns 
69133      INFO  main            d.u.i.k.p.i.AbstractProblemLoader Creating init config 
71823      DEBUG main            d.u.i.k.p.i.AbstractProblemLoader Init config took 2.69s 
71881      INFO  main            d.u.i.k.p.i.AbstractProblemLoader Replaying proof unsatcore_after.competition.postcond5.scope333.LRS[unsatcore_after.competition.postcond5.scope333.LRS::doLRS()].JML operation contract.0 
71883      DEBUG main            d.u.i.k.p.i.IntermediateProofReplayer Proof replay took 6.4ns 
75631      INFO  main            d.u.i.k.p.r.p.TestFile    ... finished proof: closed. 
75918      INFO  main            d.u.i.k.p.i.AbstractProblemLoader Loading environment from /home/runner/work/key/key/key.core/../key.ui/examples/heap/SemanticSlicing/project.key.proof 
75918      DEBUG main            d.u.i.k.p.i.AbstractProblemLoader Environment load took 228.1ns 
75920      INFO  main            d.u.i.k.p.i.AbstractProblemLoader Creating init config 
78501      DEBUG main            d.u.i.k.p.i.AbstractProblemLoader Init config took 2.58s 
78557      INFO  main            d.u.i.k.p.i.AbstractProblemLoader Replaying proof unsatcore_after.competition.postcond5.scope333.LRS[unsatcore_after.competition.postcond5.scope333.LRS::doLRS()].JML operation contract.0 
79172      DEBUG main            d.u.i.k.p.i.IntermediateProofReplayer Proof replay took 600.45ms 
79174      DEBUG main            d.u.i.k.p.r.p.TestFile    ... success: reloaded. 
79175      INFO  main            d.u.i.k.p.r.p.TestFile    Now processing file /home/runner/work/key/key/key.core/../key.ui/examples/heap/information_flow/ArrayList_contains.key 
79175      INFO  main            d.u.i.k.p.i.AbstractProblemLoader Loading environment from /home/runner/work/key/key/key.core/../key.ui/examples/heap/information_flow/ArrayList_contains.key 
79175      DEBUG main            d.u.i.k.p.i.AbstractProblemLoader Environment load took 283.6ns 
79176      INFO  main            d.u.i.k.p.i.AbstractProblemLoader Creating init config 
82076      DEBUG main            d.u.i.k.p.i.AbstractProblemLoader Init config took 2.9s 
82115      INFO  main            d.u.i.k.p.i.AbstractProblemLoader Replaying proof ArrayList[ArrayList::get(int)].JML normal_behavior operation contract.0 
82116      DEBUG main            d.u.i.k.p.i.IntermediateProofReplayer Proof replay took 6.9ns 
82419      INFO  main            d.u.i.k.p.r.p.TestFile    ... finished proof: closed. 
82681      INFO  main            d.u.i.k.p.i.AbstractProblemLoader Loading environment from /home/runner/work/key/key/key.core/../key.ui/examples/heap/information_flow/ArrayList_contains.key.proof 
82681      DEBUG main            d.u.i.k.p.i.AbstractProblemLoader Environment load took 132.9ns 
82682      INFO  main            d.u.i.k.p.i.AbstractProblemLoader Creating init config 
85360      DEBUG main            d.u.i.k.p.i.AbstractProblemLoader Init config took 2.68s 
85399      INFO  main            d.u.i.k.p.i.AbstractProblemLoader Replaying proof ArrayList[ArrayList::get(int)].JML normal_behavior operation contract.0 
85441      DEBUG main            d.u.i.k.p.i.IntermediateProofReplayer Proof replay took 39.28ms 
85442      DEBUG main            d.u.i.k.p.r.p.TestFile    ... success: reloaded. 
85442      INFO  main            d.u.i.k.p.r.p.TestFile    Now processing file /home/runner/work/key/key/key.core/../key.ui/examples/heap/information_flow/ArrayList_get.key 
85443      INFO  main            d.u.i.k.p.i.AbstractProblemLoader Loading environment from /home/runner/work/key/key/key.core/../key.ui/examples/heap/information_flow/ArrayList_get.key 
85443      DEBUG main            d.u.i.k.p.i.AbstractProblemLoader Environment load took 91.1ns 
85443      INFO  main            d.u.i.k.p.i.AbstractProblemLoader Creating init config 
88210      DEBUG main            d.u.i.k.p.i.AbstractProblemLoader Init config took 2.77s 
88248      INFO  main            d.u.i.k.p.i.AbstractProblemLoader Replaying proof ArrayList[ArrayList::contains(java.lang.Object)].JML normal_behavior operation contract.0 
88249      DEBUG main            d.u.i.k.p.i.IntermediateProofReplayer Proof replay took 7.2ns 
89155      INFO  main            d.u.i.k.p.r.p.TestFile    ... finished proof: closed. 
89448      INFO  main            d.u.i.k.p.i.AbstractProblemLoader Loading environment from /home/runner/work/key/key/key.core/../key.ui/examples/heap/information_flow/ArrayList_get.key.proof 
89448      DEBUG main            d.u.i.k.p.i.AbstractProblemLoader Environment load took 166ns 
89449      INFO  main            d.u.i.k.p.i.AbstractProblemLoader Creating init config 
92077      DEBUG main            d.u.i.k.p.i.AbstractProblemLoader Init config took 2.63s 
92115      INFO  main            d.u.i.k.p.i.AbstractProblemLoader Replaying proof ArrayList[ArrayList::contains(java.lang.Object)].JML normal_behavior operation contract.0 
92247      DEBUG main            d.u.i.k.p.i.IntermediateProofReplayer Proof replay took 127.55ms 
92249      DEBUG main            d.u.i.k.p.r.p.TestFile    ... success: reloaded. 
92250      INFO  main            d.u.i.k.p.r.p.TestFile    Now processing file /home/runner/work/key/key/key.core/../key.ui/examples/heap/information_flow/ArrayList_size.key 
92251      INFO  main            d.u.i.k.p.i.AbstractProblemLoader Loading environment from /home/runner/work/key/key/key.core/../key.ui/examples/heap/information_flow/ArrayList_size.key 
92251      DEBUG main            d.u.i.k.p.i.AbstractProblemLoader Environment load took 252.4ns 
92252      INFO  main            d.u.i.k.p.i.AbstractProblemLoader Creating init config 
94993      DEBUG main            d.u.i.k.p.i.AbstractProblemLoader Init config took 2.74s 
95030      INFO  main            d.u.i.k.p.i.AbstractProblemLoader Replaying proof ArrayList[ArrayList::size()].JML normal_behavior operation contract.0 
95031      DEBUG main            d.u.i.k.p.i.IntermediateProofReplayer Proof replay took 7.9ns 
95133      INFO  main            d.u.i.k.p.r.p.TestFile    ... finished proof: closed. 
95402      INFO  main            d.u.i.k.p.i.AbstractProblemLoader Loading environment from /home/runner/work/key/key/key.core/../key.ui/examples/heap/information_flow/ArrayList_size.key.proof 
95402      DEBUG main            d.u.i.k.p.i.AbstractProblemLoader Environment load took 191.9ns 
95403      INFO  main            d.u.i.k.p.i.AbstractProblemLoader Creating init config 
98030      DEBUG main            d.u.i.k.p.i.AbstractProblemLoader Init config took 2.63s 
98068      INFO  main            d.u.i.k.p.i.AbstractProblemLoader Replaying proof ArrayList[ArrayList::size()].JML normal_behavior operation contract.0 
98080      DEBUG main            d.u.i.k.p.i.IntermediateProofReplayer Proof replay took 10.22ms 
98081      DEBUG main            d.u.i.k.p.r.p.TestFile    ... success: reloaded. 
98082      INFO  main            d.u.i.k.p.r.p.TestFile    Now processing file /home/runner/work/key/key/key.core/../key.ui/examples/heap/information_flow/UpdateAbstraction_ex7_3_secure.key 
98082      INFO  main            d.u.i.k.p.i.AbstractProblemLoader Loading environment from /home/runner/work/key/key/key.core/../key.ui/examples/heap/information_flow/UpdateAbstraction_ex7_3_secure.key 
98082      DEBUG main            d.u.i.k.p.i.AbstractProblemLoader Environment load took 224.9ns 
98083      INFO  main            d.u.i.k.p.i.AbstractProblemLoader Creating init config 
100835     DEBUG main            d.u.i.k.p.i.AbstractProblemLoader Init config took 2.75s 
100872     INFO  main            d.u.i.k.p.i.AbstractProblemLoader Replaying proof UpdateAbstraction[UpdateAbstraction::ex7_3_secure()].JML operation contract.0 
100874     DEBUG main            d.u.i.k.p.i.IntermediateProofReplayer Proof replay took 6.7ns 
101076     INFO  main            d.u.i.k.p.r.p.TestFile    ... finished proof: closed. 
101350     INFO  main            d.u.i.k.p.i.AbstractProblemLoader Loading environment from /home/runner/work/key/key/key.core/../key.ui/examples/heap/information_flow/UpdateAbstraction_ex7_3_secure.key.proof 
101350     DEBUG main            d.u.i.k.p.i.AbstractProblemLoader Environment load took 132.8ns 
101351     INFO  main            d.u.i.k.p.i.AbstractProblemLoader Creating init config 
103960     DEBUG main            d.u.i.k.p.i.AbstractProblemLoader Init config took 2.61s 
103996     INFO  main            d.u.i.k.p.i.AbstractProblemLoader Replaying proof UpdateAbstraction[UpdateAbstraction::ex7_3_secure()].JML operation contract.0 
104021     DEBUG main            d.u.i.k.p.i.IntermediateProofReplayer Proof replay took 22.51ms 
104022     DEBUG main            d.u.i.k.p.r.p.TestFile    ... success: reloaded. 
104022     INFO  main            d.u.i.k.p.r.p.TestFile    Now processing file /home/runner/work/key/key/key.core/../key.ui/examples/heap/information_flow/UpdateAbstraction_ex7_4_secure.key 
104023     INFO  main            d.u.i.k.p.i.AbstractProblemLoader Loading environment from /home/runner/work/key/key/key.core/../key.ui/examples/heap/information_flow/UpdateAbstraction_ex7_4_secure.key 
104023     DEBUG main            d.u.i.k.p.i.AbstractProblemLoader Environment load took 88.7ns 
104024     INFO  main            d.u.i.k.p.i.AbstractProblemLoader Creating init config 
106682     DEBUG main            d.u.i.k.p.i.AbstractProblemLoader Init config took 2.66s 
106723     INFO  main            d.u.i.k.p.i.AbstractProblemLoader Replaying proof UpdateAbstraction[UpdateAbstraction::ex7_4_secure()].JML operation contract.0 
106724     DEBUG main            d.u.i.k.p.i.IntermediateProofReplayer Proof replay took 6.7ns 
106929     INFO  main            d.u.i.k.p.r.p.TestFile    ... finished proof: closed. 
107204     INFO  main            d.u.i.k.p.i.AbstractProblemLoader Loading environment from /home/runner/work/key/key/key.core/../key.ui/examples/heap/information_flow/UpdateAbstraction_ex7_4_secure.key.proof 
107205     DEBUG main            d.u.i.k.p.i.AbstractProblemLoader Environment load took 134.3ns 
107206     INFO  main            d.u.i.k.p.i.AbstractProblemLoader Creating init config 
109807     DEBUG main            d.u.i.k.p.i.AbstractProblemLoader Init config took 2.6s 
109842     INFO  main            d.u.i.k.p.i.AbstractProblemLoader Replaying proof UpdateAbstraction[UpdateAbstraction::ex7_4_secure()].JML operation contract.0 
109877     DEBUG main            d.u.i.k.p.i.IntermediateProofReplayer Proof replay took 33.77ms 
109878     DEBUG main            d.u.i.k.p.r.p.TestFile    ... success: reloaded. 
109879     INFO  main            d.u.i.k.p.r.p.TestFile    Now processing file /home/runner/work/key/key/key.core/../key.ui/examples/heap/information_flow/UpdateAbstraction_ex7_5_secure.key 
109879     INFO  main            d.u.i.k.p.i.AbstractProblemLoader Loading environment from /home/runner/work/key/key/key.core/../key.ui/examples/heap/information_flow/UpdateAbstraction_ex7_5_secure.key 
109879     DEBUG main            d.u.i.k.p.i.AbstractProblemLoader Environment load took 103.3ns 
109880     INFO  main            d.u.i.k.p.i.AbstractProblemLoader Creating init config 
112563     DEBUG main            d.u.i.k.p.i.AbstractProblemLoader Init config took 2.68s 
112598     INFO  main            d.u.i.k.p.i.AbstractProblemLoader Replaying proof UpdateAbstraction[UpdateAbstraction::ex7_5_secure()].JML operation contract.0 
112599     DEBUG main            d.u.i.k.p.i.IntermediateProofReplayer Proof replay took 6.5ns 
112701     INFO  main            d.u.i.k.p.r.p.TestFile    ... finished proof: closed. 
112981     INFO  main            d.u.i.k.p.i.AbstractProblemLoader Loading environment from /home/runner/work/key/key/key.core/../key.ui/examples/heap/information_flow/UpdateAbstraction_ex7_5_secure.key.proof 
112981     DEBUG main            d.u.i.k.p.i.AbstractProblemLoader Environment load took 128.9ns 
112982     INFO  main            d.u.i.k.p.i.AbstractProblemLoader Creating init config 
115584     DEBUG main            d.u.i.k.p.i.AbstractProblemLoader Init config took 2.6s 
115619     INFO  main            d.u.i.k.p.i.AbstractProblemLoader Replaying proof UpdateAbstraction[UpdateAbstraction::ex7_5_secure()].JML operation contract.0 
115634     DEBUG main            d.u.i.k.p.i.IntermediateProofReplayer Proof replay took 13.98ms 
115635     DEBUG main            d.u.i.k.p.r.p.TestFile    ... success: reloaded. 
115636     INFO  main            d.u.i.k.p.r.p.TestFile    Now processing file /home/runner/work/key/key/key.core/../key.ui/examples/heap/information_flow/UpdateAbstraction_ex7_6_secure.key 
115636     INFO  main            d.u.i.k.p.i.AbstractProblemLoader Loading environment from /home/runner/work/key/key/key.core/../key.ui/examples/heap/information_flow/UpdateAbstraction_ex7_6_secure.key 
115636     DEBUG main            d.u.i.k.p.i.AbstractProblemLoader Environment load took 107.3ns 
115637     INFO  main            d.u.i.k.p.i.AbstractProblemLoader Creating init config 
118290     DEBUG main            d.u.i.k.p.i.AbstractProblemLoader Init config took 2.65s 
118325     INFO  main            d.u.i.k.p.i.AbstractProblemLoader Replaying proof UpdateAbstraction[UpdateAbstraction::ex7_6_secure()].JML operation contract.0 
118326     DEBUG main            d.u.i.k.p.i.IntermediateProofReplayer Proof replay took 6.9ns 
118629     INFO  main            d.u.i.k.p.r.p.TestFile    ... finished proof: closed. 
118925     INFO  main            d.u.i.k.p.i.AbstractProblemLoader Loading environment from /home/runner/work/key/key/key.core/../key.ui/examples/heap/information_flow/UpdateAbstraction_ex7_6_secure.key.proof 
118925     DEBUG main            d.u.i.k.p.i.AbstractProblemLoader Environment load took 128.6ns 
118926     INFO  main            d.u.i.k.p.i.AbstractProblemLoader Creating init config 
121513     DEBUG main            d.u.i.k.p.i.AbstractProblemLoader Init config took 2.59s 
121548     INFO  main            d.u.i.k.p.i.AbstractProblemLoader Replaying proof UpdateAbstraction[UpdateAbstraction::ex7_6_secure()].JML operation contract.0 
121596     DEBUG main            d.u.i.k.p.i.IntermediateProofReplayer Proof replay took 45.89ms 
121597     DEBUG main            d.u.i.k.p.r.p.TestFile    ... success: reloaded. 
121598     INFO  main            d.u.i.k.p.r.p.TestFile    Now processing file /home/runner/work/key/key/key.core/../key.ui/examples/heap/information_flow/UpdateAbstraction_ex9_secure.key 
121598     INFO  main            d.u.i.k.p.i.AbstractProblemLoader Loading environment from /home/runner/work/key/key/key.core/../key.ui/examples/heap/information_flow/UpdateAbstraction_ex9_secure.key 
121598     DEBUG main            d.u.i.k.p.i.AbstractProblemLoader Environment load took 153.4ns 
121599     INFO  main            d.u.i.k.p.i.AbstractProblemLoader Creating init config 
124280     DEBUG main            d.u.i.k.p.i.AbstractProblemLoader Init config took 2.68s 
124314     INFO  main            d.u.i.k.p.i.AbstractProblemLoader Replaying proof UpdateAbstraction[UpdateAbstraction::ex9_secure()].JML operation contract.0 
124316     DEBUG main            d.u.i.k.p.i.IntermediateProofReplayer Proof replay took 6.6ns 
125223     INFO  main            d.u.i.k.p.r.p.TestFile    ... finished proof: closed. 
125536     INFO  main            d.u.i.k.p.i.AbstractProblemLoader Loading environment from /home/runner/work/key/key/key.core/../key.ui/examples/heap/information_flow/UpdateAbstraction_ex9_secure.key.proof 
125537     DEBUG main            d.u.i.k.p.i.AbstractProblemLoader Environment load took 154.8ns 
125538     INFO  main            d.u.i.k.p.i.AbstractProblemLoader Creating init config 
128127     DEBUG main            d.u.i.k.p.i.AbstractProblemLoader Init config took 2.59s 
128161     INFO  main            d.u.i.k.p.i.AbstractProblemLoader Replaying proof UpdateAbstraction[UpdateAbstraction::ex9_secure()].JML operation contract.0 
128300     DEBUG main            d.u.i.k.p.i.IntermediateProofReplayer Proof replay took 135.18ms 
128301     DEBUG main            d.u.i.k.p.r.p.TestFile    ... success: reloaded. 
844070     INFO  Test worker     d.u.i.k.p.r.RunAllProofsTestUnit Returning from test javaCard 
844071     INFO  Test worker     d.u.i.k.p.r.RunAllProofsTestUnit Running test list 
335        INFO  Timeout watchdog d.u.i.k.p.r.p.ForkedTestFileRunner Timeout watcher launched (2000 secs.) 
342        WARN  main            d.u.i.k.s.ProofSettings   The settings in /home/runner/.key/proof-settings.props are *not* read. 
381        INFO  main            d.u.i.k.p.r.p.TestFile    Now processing file /home/runner/work/key/key/key.core/../key.ui/examples/heap/list/ArrayList_add.key 
535        INFO  main            d.u.i.k.p.i.AbstractProblemLoader Loading environment from /home/runner/work/key/key/key.core/../key.ui/examples/heap/list/ArrayList_add.key 
556        DEBUG main            d.u.i.k.p.i.AbstractProblemLoader Environment load took 1.96ms 
796        INFO  main            d.u.i.k.p.i.AbstractProblemLoader Creating init config 
1567       DEBUG main            d.u.i.k.j.TypeConverter   No LDT found for Meta 
1567       DEBUG main            d.u.i.k.j.TypeConverter   No LDT found for Meta 
1568       DEBUG main            d.u.i.k.j.TypeConverter   No LDT found for Meta 
1569       DEBUG main            d.u.i.k.j.TypeConverter   No LDT found for Meta 
2910       DEBUG main            d.u.i.k.j.TypeConverter   No LDT found for JavaBigintExpression 
6061       DEBUG main            d.u.i.k.j.r.ClassPreparationMethodBuilder clPrepBuilder: Inner Class detected. Reject building class initialisation methods. 
8821       DEBUG main            d.u.i.k.p.i.AbstractProblemLoader Init config took 8.02s 
8968       INFO  main            d.u.i.k.p.i.AbstractProblemLoader Replaying proof ArrayList[List::add(java.lang.Object)].JML normal_behavior operation contract.0 
9041       DEBUG main            d.u.i.k.p.i.IntermediateProofReplayer Proof replay took 34.9ns 
14888      INFO  main            d.u.i.k.p.r.p.TestFile    ... finished proof: closed. 
15081      INFO  main            d.u.i.k.p.i.AbstractProblemLoader Loading environment from /home/runner/work/key/key/key.core/../key.ui/examples/heap/list/ArrayList_add.key.proof 
15084      DEBUG main            d.u.i.k.p.i.AbstractProblemLoader Environment load took 2.92ms 
15088      INFO  main            d.u.i.k.p.i.AbstractProblemLoader Creating init config 
16237      DEBUG main            d.u.i.k.j.r.ClassPreparationMethodBuilder clPrepBuilder: Inner Class detected. Reject building class initialisation methods. 
18506      DEBUG main            d.u.i.k.p.i.AbstractProblemLoader Init config took 3.42s 
18585      INFO  main            d.u.i.k.p.i.AbstractProblemLoader Replaying proof ArrayList[List::add(java.lang.Object)].JML normal_behavior operation contract.0 
19184      DEBUG main            d.u.i.k.p.i.IntermediateProofReplayer Proof replay took 572.62ms 
19193      DEBUG main            d.u.i.k.p.r.p.TestFile    ... success: reloaded. 
19196      INFO  main            d.u.i.k.p.r.p.TestFile    Now processing file /home/runner/work/key/key/key.core/../key.ui/examples/heap/list/ArrayList_ArrayList.key 
19196      INFO  main            d.u.i.k.p.i.AbstractProblemLoader Loading environment from /home/runner/work/key/key/key.core/../key.ui/examples/heap/list/ArrayList_ArrayList.key 
19196      DEBUG main            d.u.i.k.p.i.AbstractProblemLoader Environment load took 272ns 
19198      INFO  main            d.u.i.k.p.i.AbstractProblemLoader Creating init config 
20348      DEBUG main            d.u.i.k.j.r.ClassPreparationMethodBuilder clPrepBuilder: Inner Class detected. Reject building class initialisation methods. 
22492      DEBUG main            d.u.i.k.p.i.AbstractProblemLoader Init config took 3.29s 
22574      INFO  main            d.u.i.k.p.i.AbstractProblemLoader Replaying proof ArrayList[ArrayList::ArrayList()].JML normal_behavior operation contract.0 
22579      DEBUG main            d.u.i.k.p.i.IntermediateProofReplayer Proof replay took 7.1ns 
24192      INFO  main            d.u.i.k.p.r.p.TestFile    ... finished proof: closed. 
24349      INFO  main            d.u.i.k.p.i.AbstractProblemLoader Loading environment from /home/runner/work/key/key/key.core/../key.ui/examples/heap/list/ArrayList_ArrayList.key.proof 
24350      DEBUG main            d.u.i.k.p.i.AbstractProblemLoader Environment load took 771.01ns 
24353      INFO  main            d.u.i.k.p.i.AbstractProblemLoader Creating init config 
25399      DEBUG main            d.u.i.k.j.r.ClassPreparationMethodBuilder clPrepBuilder: Inner Class detected. Reject building class initialisation methods. 
27501      DEBUG main            d.u.i.k.p.i.AbstractProblemLoader Init config took 3.15s 
27568      INFO  main            d.u.i.k.p.i.AbstractProblemLoader Replaying proof ArrayList[ArrayList::ArrayList()].JML normal_behavior operation contract.0 
27733      DEBUG main            d.u.i.k.p.i.IntermediateProofReplayer Proof replay took 154.8ms 
27734      DEBUG main            d.u.i.k.p.r.p.TestFile    ... success: reloaded. 
27736      INFO  main            d.u.i.k.p.r.p.TestFile    Now processing file /home/runner/work/key/key/key.core/../key.ui/examples/heap/list/ArrayList_concatenate.key 
27736      INFO  main            d.u.i.k.p.i.AbstractProblemLoader Loading environment from /home/runner/work/key/key/key.core/../key.ui/examples/heap/list/ArrayList_concatenate.key 
27737      DEBUG main            d.u.i.k.p.i.AbstractProblemLoader Environment load took 247.3ns 
27738      INFO  main            d.u.i.k.p.i.AbstractProblemLoader Creating init config 
28780      DEBUG main            d.u.i.k.j.r.ClassPreparationMethodBuilder clPrepBuilder: Inner Class detected. Reject building class initialisation methods. 
30940      DEBUG main            d.u.i.k.p.i.AbstractProblemLoader Init config took 3.2s 
30999      INFO  main            d.u.i.k.p.i.AbstractProblemLoader Replaying proof ArrayList[List::concatenate(List)].JML normal_behavior operation contract.0 
31000      DEBUG main            d.u.i.k.p.i.IntermediateProofReplayer Proof replay took 6.5ns 
53674      INFO  main            d.u.i.k.p.r.p.TestFile    ... finished proof: closed. 
54043      INFO  main            d.u.i.k.p.i.AbstractProblemLoader Loading environment from /home/runner/work/key/key/key.core/../key.ui/examples/heap/list/ArrayList_concatenate.key.proof 
54044      DEBUG main            d.u.i.k.p.i.AbstractProblemLoader Environment load took 511.51ns 
54049      INFO  main            d.u.i.k.p.i.AbstractProblemLoader Creating init config 
55037      DEBUG main            d.u.i.k.j.r.ClassPreparationMethodBuilder clPrepBuilder: Inner Class detected. Reject building class initialisation methods. 
57128      DEBUG main            d.u.i.k.p.i.AbstractProblemLoader Init config took 3.08s 
57192      INFO  main            d.u.i.k.p.i.AbstractProblemLoader Replaying proof ArrayList[List::concatenate(List)].JML normal_behavior operation contract.0 
58698      DEBUG main            d.u.i.k.p.i.IntermediateProofReplayer Proof replay took 1.44s 
58702      DEBUG main            d.u.i.k.p.r.p.TestFile    ... success: reloaded. 
58703      INFO  main            d.u.i.k.p.r.p.TestFile    Now processing file /home/runner/work/key/key/key.core/../key.ui/examples/heap/list/ArrayList_contains_dep.key 
58704      INFO  main            d.u.i.k.p.i.AbstractProblemLoader Loading environment from /home/runner/work/key/key/key.core/../key.ui/examples/heap/list/ArrayList_contains_dep.key 
58704      DEBUG main            d.u.i.k.p.i.AbstractProblemLoader Environment load took 135.3ns 
58705      INFO  main            d.u.i.k.p.i.AbstractProblemLoader Creating init config 
59713      DEBUG main            d.u.i.k.j.r.ClassPreparationMethodBuilder clPrepBuilder: Inner Class detected. Reject building class initialisation methods. 
61782      DEBUG main            d.u.i.k.p.i.AbstractProblemLoader Init config took 3.08s 
61840      INFO  main            d.u.i.k.p.i.AbstractProblemLoader Replaying proof ArrayList[List::contains(java.lang.Object)].JML accessible clause.0 
61842      DEBUG main            d.u.i.k.p.i.IntermediateProofReplayer Proof replay took 6.2ns 
64351      INFO  main            d.u.i.k.p.r.p.TestFile    ... finished proof: closed. 
64578      INFO  main            d.u.i.k.p.i.AbstractProblemLoader Loading environment from /home/runner/work/key/key/key.core/../key.ui/examples/heap/list/ArrayList_contains_dep.key.proof 
64578      DEBUG main            d.u.i.k.p.i.AbstractProblemLoader Environment load took 500.81ns 
64580      INFO  main            d.u.i.k.p.i.AbstractProblemLoader Creating init config 
65539      DEBUG main            d.u.i.k.j.r.ClassPreparationMethodBuilder clPrepBuilder: Inner Class detected. Reject building class initialisation methods. 
67618      DEBUG main            d.u.i.k.p.i.AbstractProblemLoader Init config took 3.04s 
67682      INFO  main            d.u.i.k.p.i.AbstractProblemLoader Replaying proof ArrayList[List::contains(java.lang.Object)].JML accessible clause.0 
67970      DEBUG main            d.u.i.k.p.i.IntermediateProofReplayer Proof replay took 277.88ms 
67972      DEBUG main            d.u.i.k.p.r.p.TestFile    ... success: reloaded. 
67973      INFO  main            d.u.i.k.p.r.p.TestFile    Now processing file /home/runner/work/key/key/key.core/../key.ui/examples/heap/list/ArrayList_enlarge.key 
67973      INFO  main            d.u.i.k.p.i.AbstractProblemLoader Loading environment from /home/runner/work/key/key/key.core/../key.ui/examples/heap/list/ArrayList_enlarge.key 
67974      DEBUG main            d.u.i.k.p.i.AbstractProblemLoader Environment load took 256.3ns 
67975      INFO  main            d.u.i.k.p.i.AbstractProblemLoader Creating init config 
69007      DEBUG main            d.u.i.k.j.r.ClassPreparationMethodBuilder clPrepBuilder: Inner Class detected. Reject building class initialisation methods. 
71130      DEBUG main            d.u.i.k.p.i.AbstractProblemLoader Init config took 3.15s 
71184      INFO  main            d.u.i.k.p.i.AbstractProblemLoader Replaying proof ArrayList[ArrayList::enlarge()].JML normal_behavior operation contract.0 
71186      DEBUG main            d.u.i.k.p.i.IntermediateProofReplayer Proof replay took 6.6ns 
73507      INFO  main            d.u.i.k.p.r.p.TestFile    ... finished proof: closed. 
73816      INFO  main            d.u.i.k.p.i.AbstractProblemLoader Loading environment from /home/runner/work/key/key/key.core/../key.ui/examples/heap/list/ArrayList_enlarge.key.proof 
73816      DEBUG main            d.u.i.k.p.i.AbstractProblemLoader Environment load took 542.41ns 
73818      INFO  main            d.u.i.k.p.i.AbstractProblemLoader Creating init config 
74794      DEBUG main            d.u.i.k.j.r.ClassPreparationMethodBuilder clPrepBuilder: Inner Class detected. Reject building class initialisation methods. 
76977      DEBUG main            d.u.i.k.p.i.AbstractProblemLoader Init config took 3.16s 
77030      INFO  main            d.u.i.k.p.i.AbstractProblemLoader Replaying proof ArrayList[ArrayList::enlarge()].JML normal_behavior operation contract.0 
77340      DEBUG main            d.u.i.k.p.i.IntermediateProofReplayer Proof replay took 300.04ms 
77342      DEBUG main            d.u.i.k.p.r.p.TestFile    ... success: reloaded. 
77343      INFO  main            d.u.i.k.p.r.p.TestFile    Now processing file /home/runner/work/key/key/key.core/../key.ui/examples/heap/list/ArrayList_footprint.key 
77344      INFO  main            d.u.i.k.p.i.AbstractProblemLoader Loading environment from /home/runner/work/key/key/key.core/../key.ui/examples/heap/list/ArrayList_footprint.key 
77344      DEBUG main            d.u.i.k.p.i.AbstractProblemLoader Environment load took 236.8ns 
77345      INFO  main            d.u.i.k.p.i.AbstractProblemLoader Creating init config 
78329      DEBUG main            d.u.i.k.j.r.ClassPreparationMethodBuilder clPrepBuilder: Inner Class detected. Reject building class initialisation methods. 
80456      DEBUG main            d.u.i.k.p.i.AbstractProblemLoader Init config took 3.11s 
80501      INFO  main            d.u.i.k.p.i.AbstractProblemLoader Replaying proof List[List::$footprint()].JML accessible clause.0 
80502      DEBUG main            d.u.i.k.p.i.IntermediateProofReplayer Proof replay took 6ns 
80606      INFO  main            d.u.i.k.p.r.p.TestFile    ... finished proof: closed. 
80785      INFO  main            d.u.i.k.p.i.AbstractProblemLoader Loading environment from /home/runner/work/key/key/key.core/../key.ui/examples/heap/list/ArrayList_footprint.key.proof 
80785      DEBUG main            d.u.i.k.p.i.AbstractProblemLoader Environment load took 154.2ns 
80786      INFO  main            d.u.i.k.p.i.AbstractProblemLoader Creating init config 
81768      DEBUG main            d.u.i.k.j.r.ClassPreparationMethodBuilder clPrepBuilder: Inner Class detected. Reject building class initialisation methods. 
83870      DEBUG main            d.u.i.k.p.i.AbstractProblemLoader Init config took 3.08s 
83937      INFO  main            d.u.i.k.p.i.AbstractProblemLoader Replaying proof List[List::$footprint()].JML accessible clause.0 
83940      DEBUG main            d.u.i.k.p.i.IntermediateProofReplayer Proof replay took 961.82ns 
83941      DEBUG main            d.u.i.k.p.r.p.TestFile    ... success: reloaded. 
83942      INFO  main            d.u.i.k.p.r.p.TestFile    Now processing file /home/runner/work/key/key/key.core/../key.ui/examples/heap/list/ArrayList_get_dep.key 
83942      INFO  main            d.u.i.k.p.i.AbstractProblemLoader Loading environment from /home/runner/work/key/key/key.core/../key.ui/examples/heap/list/ArrayList_get_dep.key 
83943      DEBUG main            d.u.i.k.p.i.AbstractProblemLoader Environment load took 107.5ns 
83943      INFO  main            d.u.i.k.p.i.AbstractProblemLoader Creating init config 
84922      DEBUG main            d.u.i.k.j.r.ClassPreparationMethodBuilder clPrepBuilder: Inner Class detected. Reject building class initialisation methods. 
87036      DEBUG main            d.u.i.k.p.i.AbstractProblemLoader Init config took 3.09s 
87085      INFO  main            d.u.i.k.p.i.AbstractProblemLoader Replaying proof ArrayList[List::get(int)].JML accessible clause.0 
87089      DEBUG main            d.u.i.k.p.i.IntermediateProofReplayer Proof replay took 7.2ns 
87597      INFO  main            d.u.i.k.p.r.p.TestFile    ... finished proof: closed. 
87781      INFO  main            d.u.i.k.p.i.AbstractProblemLoader Loading environment from /home/runner/work/key/key/key.core/../key.ui/examples/heap/list/ArrayList_get_dep.key.proof 
87781      DEBUG main            d.u.i.k.p.i.AbstractProblemLoader Environment load took 125.5ns 
87782      INFO  main            d.u.i.k.p.i.AbstractProblemLoader Creating init config 
88765      DEBUG main            d.u.i.k.j.r.ClassPreparationMethodBuilder clPrepBuilder: Inner Class detected. Reject building class initialisation methods. 
90794      DEBUG main            d.u.i.k.p.i.AbstractProblemLoader Init config took 3.01s 
90858      INFO  main            d.u.i.k.p.i.AbstractProblemLoader Replaying proof ArrayList[List::get(int)].JML accessible clause.0 
90910      DEBUG main            d.u.i.k.p.i.IntermediateProofReplayer Proof replay took 48.09ms 
90912      DEBUG main            d.u.i.k.p.r.p.TestFile    ... success: reloaded. 
90913      INFO  main            d.u.i.k.p.r.p.TestFile    Now processing file /home/runner/work/key/key/key.core/../key.ui/examples/heap/list/ArrayList_get_exceptional.key 
90914      INFO  main            d.u.i.k.p.i.AbstractProblemLoader Loading environment from /home/runner/work/key/key/key.core/../key.ui/examples/heap/list/ArrayList_get_exceptional.key 
90914      DEBUG main            d.u.i.k.p.i.AbstractProblemLoader Environment load took 265.9ns 
90915      INFO  main            d.u.i.k.p.i.AbstractProblemLoader Creating init config 
91891      DEBUG main            d.u.i.k.j.r.ClassPreparationMethodBuilder clPrepBuilder: Inner Class detected. Reject building class initialisation methods. 
93991      DEBUG main            d.u.i.k.p.i.AbstractProblemLoader Init config took 3.08s 
94040      INFO  main            d.u.i.k.p.i.AbstractProblemLoader Replaying proof ArrayList[List::get(int)].JML exceptional_behavior operation contract.0 
94042      DEBUG main            d.u.i.k.p.i.IntermediateProofReplayer Proof replay took 7.5ns 
95155      INFO  main            d.u.i.k.p.r.p.TestFile    ... finished proof: closed. 
95443      INFO  main            d.u.i.k.p.i.AbstractProblemLoader Loading environment from /home/runner/work/key/key/key.core/../key.ui/examples/heap/list/ArrayList_get_exceptional.key.proof 
95444      DEBUG main            d.u.i.k.p.i.AbstractProblemLoader Environment load took 496.11ns 
95445      INFO  main            d.u.i.k.p.i.AbstractProblemLoader Creating init config 
96414      DEBUG main            d.u.i.k.j.r.ClassPreparationMethodBuilder clPrepBuilder: Inner Class detected. Reject building class initialisation methods. 
98459      DEBUG main            d.u.i.k.p.i.AbstractProblemLoader Init config took 3.01s 
98509      INFO  main            d.u.i.k.p.i.AbstractProblemLoader Replaying proof ArrayList[List::get(int)].JML exceptional_behavior operation contract.0 
98664      DEBUG main            d.u.i.k.p.i.IntermediateProofReplayer Proof replay took 142.48ms 
98665      DEBUG main            d.u.i.k.p.r.p.TestFile    ... success: reloaded. 
98667      INFO  main            d.u.i.k.p.r.p.TestFile    Now processing file /home/runner/work/key/key/key.core/../key.ui/examples/heap/list/ArrayList_get_normal.key 
98667      INFO  main            d.u.i.k.p.i.AbstractProblemLoader Loading environment from /home/runner/work/key/key/key.core/../key.ui/examples/heap/list/ArrayList_get_normal.key 
98667      DEBUG main            d.u.i.k.p.i.AbstractProblemLoader Environment load took 73.8ns 
98669      INFO  main            d.u.i.k.p.i.AbstractProblemLoader Creating init config 
99651      DEBUG main            d.u.i.k.j.r.ClassPreparationMethodBuilder clPrepBuilder: Inner Class detected. Reject building class initialisation methods. 
101755     DEBUG main            d.u.i.k.p.i.AbstractProblemLoader Init config took 3.09s 
101804     INFO  main            d.u.i.k.p.i.AbstractProblemLoader Replaying proof ArrayList[List::get(int)].JML normal_behavior operation contract.0 
101805     DEBUG main            d.u.i.k.p.i.IntermediateProofReplayer Proof replay took 6.6ns 
102310     INFO  main            d.u.i.k.p.r.p.TestFile    ... finished proof: closed. 
102506     INFO  main            d.u.i.k.p.i.AbstractProblemLoader Loading environment from /home/runner/work/key/key/key.core/../key.ui/examples/heap/list/ArrayList_get_normal.key.proof 
102507     DEBUG main            d.u.i.k.p.i.AbstractProblemLoader Environment load took 215.4ns 
102508     INFO  main            d.u.i.k.p.i.AbstractProblemLoader Creating init config 
103468     DEBUG main            d.u.i.k.j.r.ClassPreparationMethodBuilder clPrepBuilder: Inner Class detected. Reject building class initialisation methods. 
105510     DEBUG main            d.u.i.k.p.i.AbstractProblemLoader Init config took 3s 
105557     INFO  main            d.u.i.k.p.i.AbstractProblemLoader Replaying proof ArrayList[List::get(int)].JML normal_behavior operation contract.0 
105610     DEBUG main            d.u.i.k.p.i.IntermediateProofReplayer Proof replay took 49.5ms 
105611     DEBUG main            d.u.i.k.p.r.p.TestFile    ... success: reloaded. 
105613     INFO  main            d.u.i.k.p.r.p.TestFile    Now processing file /home/runner/work/key/key/key.core/../key.ui/examples/heap/list/ArrayList_inv.key 
105613     INFO  main            d.u.i.k.p.i.AbstractProblemLoader Loading environment from /home/runner/work/key/key/key.core/../key.ui/examples/heap/list/ArrayList_inv.key 
105613     DEBUG main            d.u.i.k.p.i.AbstractProblemLoader Environment load took 102.5ns 
105614     INFO  main            d.u.i.k.p.i.AbstractProblemLoader Creating init config 
106618     DEBUG main            d.u.i.k.j.r.ClassPreparationMethodBuilder clPrepBuilder: Inner Class detected. Reject building class initialisation methods. 
108706     DEBUG main            d.u.i.k.p.i.AbstractProblemLoader Init config took 3.09s 
108752     INFO  main            d.u.i.k.p.i.AbstractProblemLoader Replaying proof ArrayList[java.lang.Object::<inv>()].JML accessible clause.0 
108754     DEBUG main            d.u.i.k.p.i.IntermediateProofReplayer Proof replay took 6.4ns 
109157     INFO  main            d.u.i.k.p.r.p.TestFile    ... finished proof: closed. 
109380     INFO  main            d.u.i.k.p.i.AbstractProblemLoader Loading environment from /home/runner/work/key/key/key.core/../key.ui/examples/heap/list/ArrayList_inv.key.proof 
109380     DEBUG main            d.u.i.k.p.i.AbstractProblemLoader Environment load took 132.6ns 
109382     INFO  main            d.u.i.k.p.i.AbstractProblemLoader Creating init config 
110326     DEBUG main            d.u.i.k.j.r.ClassPreparationMethodBuilder clPrepBuilder: Inner Class detected. Reject building class initialisation methods. 
112419     DEBUG main            d.u.i.k.p.i.AbstractProblemLoader Init config took 3.04s 
112465     INFO  main            d.u.i.k.p.i.AbstractProblemLoader Replaying proof ArrayList[java.lang.Object::<inv>()].JML accessible clause.0 
112502     DEBUG main            d.u.i.k.p.i.IntermediateProofReplayer Proof replay took 32.45ms 
112506     DEBUG main            d.u.i.k.p.r.p.TestFile    ... success: reloaded. 
112507     INFO  main            d.u.i.k.p.r.p.TestFile    Now processing file /home/runner/work/key/key/key.core/../key.ui/examples/heap/list/ArrayList_iterator.key 
112509     INFO  main            d.u.i.k.p.i.AbstractProblemLoader Loading environment from /home/runner/work/key/key/key.core/../key.ui/examples/heap/list/ArrayList_iterator.key 
112509     DEBUG main            d.u.i.k.p.i.AbstractProblemLoader Environment load took 272.9ns 
112511     INFO  main            d.u.i.k.p.i.AbstractProblemLoader Creating init config 
113469     DEBUG main            d.u.i.k.j.r.ClassPreparationMethodBuilder clPrepBuilder: Inner Class detected. Reject building class initialisation methods. 
115521     DEBUG main            d.u.i.k.p.i.AbstractProblemLoader Init config took 3.01s 
115568     INFO  main            d.u.i.k.p.i.AbstractProblemLoader Replaying proof ArrayList[List::iterator()].JML normal_behavior operation contract.0 
115570     DEBUG main            d.u.i.k.p.i.IntermediateProofReplayer Proof replay took 7ns 
116082     INFO  main            d.u.i.k.p.r.p.TestFile    ... finished proof: closed. 
116298     INFO  main            d.u.i.k.p.i.AbstractProblemLoader Loading environment from /home/runner/work/key/key/key.core/../key.ui/examples/heap/list/ArrayList_iterator.key.proof 
116298     DEBUG main            d.u.i.k.p.i.AbstractProblemLoader Environment load took 140.2ns 
116300     INFO  main            d.u.i.k.p.i.AbstractProblemLoader Creating init config 
117246     DEBUG main            d.u.i.k.j.r.ClassPreparationMethodBuilder clPrepBuilder: Inner Class detected. Reject building class initialisation methods. 
119314     DEBUG main            d.u.i.k.p.i.AbstractProblemLoader Init config took 3.01s 
119361     INFO  main            d.u.i.k.p.i.AbstractProblemLoader Replaying proof ArrayList[List::iterator()].JML normal_behavior operation contract.0 
119423     DEBUG main            d.u.i.k.p.i.IntermediateProofReplayer Proof replay took 58.55ms 
119424     DEBUG main            d.u.i.k.p.r.p.TestFile    ... success: reloaded. 
119425     INFO  main            d.u.i.k.p.r.p.TestFile    Now processing file /home/runner/work/key/key/key.core/../key.ui/examples/heap/list/ArrayList_size_dep.key 
119426     INFO  main            d.u.i.k.p.i.AbstractProblemLoader Loading environment from /home/runner/work/key/key/key.core/../key.ui/examples/heap/list/ArrayList_size_dep.key 
119426     DEBUG main            d.u.i.k.p.i.AbstractProblemLoader Environment load took 107.5ns 
119427     INFO  main            d.u.i.k.p.i.AbstractProblemLoader Creating init config 
120397     DEBUG main            d.u.i.k.j.r.ClassPreparationMethodBuilder clPrepBuilder: Inner Class detected. Reject building class initialisation methods. 
122434     DEBUG main            d.u.i.k.p.i.AbstractProblemLoader Init config took 3.01s 
122485     INFO  main            d.u.i.k.p.i.AbstractProblemLoader Replaying proof ArrayList[List::size()].JML accessible clause.0 
122487     DEBUG main            d.u.i.k.p.i.IntermediateProofReplayer Proof replay took 6ns 
122690     INFO  main            d.u.i.k.p.r.p.TestFile    ... finished proof: closed. 
122917     INFO  main            d.u.i.k.p.i.AbstractProblemLoader Loading environment from /home/runner/work/key/key/key.core/../key.ui/examples/heap/list/ArrayList_size_dep.key.proof 
122917     DEBUG main            d.u.i.k.p.i.AbstractProblemLoader Environment load took 213.9ns 
122918     INFO  main            d.u.i.k.p.i.AbstractProblemLoader Creating init config 
123867     DEBUG main            d.u.i.k.j.r.ClassPreparationMethodBuilder clPrepBuilder: Inner Class detected. Reject building class initialisation methods. 
125886     DEBUG main            d.u.i.k.p.i.AbstractProblemLoader Init config took 2.97s 
125934     INFO  main            d.u.i.k.p.i.AbstractProblemLoader Replaying proof ArrayList[List::size()].JML accessible clause.0 
125953     DEBUG main            d.u.i.k.p.i.IntermediateProofReplayer Proof replay took 15.21ms 
125955     DEBUG main            d.u.i.k.p.r.p.TestFile    ... success: reloaded. 
125957     INFO  main            d.u.i.k.p.r.p.TestFile    Now processing file /home/runner/work/key/key/key.core/../key.ui/examples/heap/list/ArrayList_size.key 
125958     INFO  main            d.u.i.k.p.i.AbstractProblemLoader Loading environment from /home/runner/work/key/key/key.core/../key.ui/examples/heap/list/ArrayList_size.key 
125958     DEBUG main            d.u.i.k.p.i.AbstractProblemLoader Environment load took 230.8ns 
125960     INFO  main            d.u.i.k.p.i.AbstractProblemLoader Creating init config 
126935     DEBUG main            d.u.i.k.j.r.ClassPreparationMethodBuilder clPrepBuilder: Inner Class detected. Reject building class initialisation methods. 
129033     DEBUG main            d.u.i.k.p.i.AbstractProblemLoader Init config took 3.07s 
129079     INFO  main            d.u.i.k.p.i.AbstractProblemLoader Replaying proof ArrayList[List::size()].JML normal_behavior operation contract.0 
129081     DEBUG main            d.u.i.k.p.i.IntermediateProofReplayer Proof replay took 7.3ns 
129284     INFO  main            d.u.i.k.p.r.p.TestFile    ... finished proof: closed. 
129515     INFO  main            d.u.i.k.p.i.AbstractProblemLoader Loading environment from /home/runner/work/key/key/key.core/../key.ui/examples/heap/list/ArrayList_size.key.proof 
129516     DEBUG main            d.u.i.k.p.i.AbstractProblemLoader Environment load took 122.3ns 
129516     INFO  main            d.u.i.k.p.i.AbstractProblemLoader Creating init config 
130476     DEBUG main            d.u.i.k.j.r.ClassPreparationMethodBuilder clPrepBuilder: Inner Class detected. Reject building class initialisation methods. 
132485     DEBUG main            d.u.i.k.p.i.AbstractProblemLoader Init config took 2.97s 
132559     INFO  main            d.u.i.k.p.i.AbstractProblemLoader Replaying proof ArrayList[List::size()].JML normal_behavior operation contract.0 
132588     DEBUG main            d.u.i.k.p.i.IntermediateProofReplayer Proof replay took 25.81ms 
132590     DEBUG main            d.u.i.k.p.r.p.TestFile    ... success: reloaded. 
132591     INFO  main            d.u.i.k.p.r.p.TestFile    Now processing file /home/runner/work/key/key/key.core/../key.ui/examples/heap/list/ArrayList.ArrayListIterator_ArrayListIterator.key 
132591     INFO  main            d.u.i.k.p.i.AbstractProblemLoader Loading environment from /home/runner/work/key/key/key.core/../key.ui/examples/heap/list/ArrayList.ArrayListIterator_ArrayListIterator.key 
132592     DEBUG main            d.u.i.k.p.i.AbstractProblemLoader Environment load took 227.4ns 
132593     INFO  main            d.u.i.k.p.i.AbstractProblemLoader Creating init config 
133587     DEBUG main            d.u.i.k.j.r.ClassPreparationMethodBuilder clPrepBuilder: Inner Class detected. Reject building class initialisation methods. 
135624     DEBUG main            d.u.i.k.p.i.AbstractProblemLoader Init config took 3.03s 
135682     INFO  main            d.u.i.k.p.i.AbstractProblemLoader Replaying proof ArrayList.ArrayListIterator[ArrayList.ArrayListIterator::ArrayListIterator(ArrayList)].JML normal_behavior operation contract.0 
135684     DEBUG main            d.u.i.k.p.i.IntermediateProofReplayer Proof replay took 6ns 
136288     INFO  main            d.u.i.k.p.r.p.TestFile    ... finished proof: closed. 
136551     INFO  main            d.u.i.k.p.i.AbstractProblemLoader Loading environment from /home/runner/work/key/key/key.core/../key.ui/examples/heap/list/ArrayList.ArrayListIterator_ArrayListIterator.key.proof 
136552     DEBUG main            d.u.i.k.p.i.AbstractProblemLoader Environment load took 511.31ns 
136553     INFO  main            d.u.i.k.p.i.AbstractProblemLoader Creating init config 
137497     DEBUG main            d.u.i.k.j.r.ClassPreparationMethodBuilder clPrepBuilder: Inner Class detected. Reject building class initialisation methods. 
139518     DEBUG main            d.u.i.k.p.i.AbstractProblemLoader Init config took 2.97s 
139574     INFO  main            d.u.i.k.p.i.AbstractProblemLoader Replaying proof ArrayList.ArrayListIterator[ArrayList.ArrayListIterator::ArrayListIterator(ArrayList)].JML normal_behavior operation contract.0 
139648     DEBUG main            d.u.i.k.p.i.IntermediateProofReplayer Proof replay took 68.8ms 
139649     DEBUG main            d.u.i.k.p.r.p.TestFile    ... success: reloaded. 
139650     INFO  main            d.u.i.k.p.r.p.TestFile    Now processing file /home/runner/work/key/key/key.core/../key.ui/examples/heap/list/ArrayList.ArrayListIterator_hasNext_dep.key 
139650     INFO  main            d.u.i.k.p.i.AbstractProblemLoader Loading environment from /home/runner/work/key/key/key.core/../key.ui/examples/heap/list/ArrayList.ArrayListIterator_hasNext_dep.key 
139650     DEBUG main            d.u.i.k.p.i.AbstractProblemLoader Environment load took 100.1ns 
139651     INFO  main            d.u.i.k.p.i.AbstractProblemLoader Creating init config 
140631     DEBUG main            d.u.i.k.j.r.ClassPreparationMethodBuilder clPrepBuilder: Inner Class detected. Reject building class initialisation methods. 
142736     DEBUG main            d.u.i.k.p.i.AbstractProblemLoader Init config took 3.08s 
142788     INFO  main            d.u.i.k.p.i.AbstractProblemLoader Replaying proof ArrayList.ArrayListIterator[ListIterator::hasNext()].JML accessible clause.0 
142790     DEBUG main            d.u.i.k.p.i.IntermediateProofReplayer Proof replay took 6.7ns 
143193     INFO  main            d.u.i.k.p.r.p.TestFile    ... finished proof: closed. 
143427     INFO  main            d.u.i.k.p.i.AbstractProblemLoader Loading environment from /home/runner/work/key/key/key.core/../key.ui/examples/heap/list/ArrayList.ArrayListIterator_hasNext_dep.key.proof 
143427     DEBUG main            d.u.i.k.p.i.AbstractProblemLoader Environment load took 142.7ns 
143428     INFO  main            d.u.i.k.p.i.AbstractProblemLoader Creating init config 
144374     DEBUG main            d.u.i.k.j.r.ClassPreparationMethodBuilder clPrepBuilder: Inner Class detected. Reject building class initialisation methods. 
146378     DEBUG main            d.u.i.k.p.i.AbstractProblemLoader Init config took 2.95s 
146430     INFO  main            d.u.i.k.p.i.AbstractProblemLoader Replaying proof ArrayList.ArrayListIterator[ListIterator::hasNext()].JML accessible clause.0 
146463     DEBUG main            d.u.i.k.p.i.IntermediateProofReplayer Proof replay took 30.57ms 
146464     DEBUG main            d.u.i.k.p.r.p.TestFile    ... success: reloaded. 
146465     INFO  main            d.u.i.k.p.r.p.TestFile    Now processing file /home/runner/work/key/key/key.core/../key.ui/examples/heap/list/ArrayList.ArrayListIterator_hasNext.key 
146466     INFO  main            d.u.i.k.p.i.AbstractProblemLoader Loading environment from /home/runner/work/key/key/key.core/../key.ui/examples/heap/list/ArrayList.ArrayListIterator_hasNext.key 
146466     DEBUG main            d.u.i.k.p.i.AbstractProblemLoader Environment load took 99.8ns 
146467     INFO  main            d.u.i.k.p.i.AbstractProblemLoader Creating init config 
147433     DEBUG main            d.u.i.k.j.r.ClassPreparationMethodBuilder clPrepBuilder: Inner Class detected. Reject building class initialisation methods. 
149494     DEBUG main            d.u.i.k.p.i.AbstractProblemLoader Init config took 3.03s 
149548     INFO  main            d.u.i.k.p.i.AbstractProblemLoader Replaying proof ArrayList.ArrayListIterator[ListIterator::hasNext()].JML normal_behavior operation contract.0 
149549     DEBUG main            d.u.i.k.p.i.IntermediateProofReplayer Proof replay took 6ns 
149952     INFO  main            d.u.i.k.p.r.p.TestFile    ... finished proof: closed. 
150203     INFO  main            d.u.i.k.p.i.AbstractProblemLoader Loading environment from /home/runner/work/key/key/key.core/../key.ui/examples/heap/list/ArrayList.ArrayListIterator_hasNext.key.proof 
150203     DEBUG main            d.u.i.k.p.i.AbstractProblemLoader Environment load took 121.9ns 
150204     INFO  main            d.u.i.k.p.i.AbstractProblemLoader Creating init config 
151134     DEBUG main            d.u.i.k.j.r.ClassPreparationMethodBuilder clPrepBuilder: Inner Class detected. Reject building class initialisation methods. 
153150     DEBUG main            d.u.i.k.p.i.AbstractProblemLoader Init config took 2.95s 
153202     INFO  main            d.u.i.k.p.i.AbstractProblemLoader Replaying proof ArrayList.ArrayListIterator[ListIterator::hasNext()].JML normal_behavior operation contract.0 
153245     DEBUG main            d.u.i.k.p.i.IntermediateProofReplayer Proof replay took 35.82ms 
153247     DEBUG main            d.u.i.k.p.r.p.TestFile    ... success: reloaded. 
153249     INFO  main            d.u.i.k.p.r.p.TestFile    Now processing file /home/runner/work/key/key/key.core/../key.ui/examples/heap/list/ArrayList.ArrayListIterator_inv.key 
153249     INFO  main            d.u.i.k.p.i.AbstractProblemLoader Loading environment from /home/runner/work/key/key/key.core/../key.ui/examples/heap/list/ArrayList.ArrayListIterator_inv.key 
153249     DEBUG main            d.u.i.k.p.i.AbstractProblemLoader Environment load took 226.1ns 
153251     INFO  main            d.u.i.k.p.i.AbstractProblemLoader Creating init config 
154229     DEBUG main            d.u.i.k.j.r.ClassPreparationMethodBuilder clPrepBuilder: Inner Class detected. Reject building class initialisation methods. 
156301     DEBUG main            d.u.i.k.p.i.AbstractProblemLoader Init config took 3.05s 
156353     INFO  main            d.u.i.k.p.i.AbstractProblemLoader Replaying proof ArrayList.ArrayListIterator[java.lang.Object::<inv>()].JML accessible clause.0 
156355     DEBUG main            d.u.i.k.p.i.IntermediateProofReplayer Proof replay took 6.9ns 
157360     INFO  main            d.u.i.k.p.r.p.TestFile    ... finished proof: closed. 
157632     INFO  main            d.u.i.k.p.i.AbstractProblemLoader Loading environment from /home/runner/work/key/key/key.core/../key.ui/examples/heap/list/ArrayList.ArrayListIterator_inv.key.proof 
157632     DEBUG main            d.u.i.k.p.i.AbstractProblemLoader Environment load took 212.8ns 
157633     INFO  main            d.u.i.k.p.i.AbstractProblemLoader Creating init config 
158583     DEBUG main            d.u.i.k.j.r.ClassPreparationMethodBuilder clPrepBuilder: Inner Class detected. Reject building class initialisation methods. 
160572     DEBUG main            d.u.i.k.p.i.AbstractProblemLoader Init config took 2.94s 
160634     INFO  main            d.u.i.k.p.i.AbstractProblemLoader Replaying proof ArrayList.ArrayListIterator[java.lang.Object::<inv>()].JML accessible clause.0 
160706     DEBUG main            d.u.i.k.p.i.IntermediateProofReplayer Proof replay took 65.06ms 
160710     DEBUG main            d.u.i.k.p.r.p.TestFile    ... success: reloaded. 
160711     INFO  main            d.u.i.k.p.r.p.TestFile    Now processing file /home/runner/work/key/key/key.core/../key.ui/examples/heap/list/ArrayList.ArrayListIterator_list.key 
160712     INFO  main            d.u.i.k.p.i.AbstractProblemLoader Loading environment from /home/runner/work/key/key/key.core/../key.ui/examples/heap/list/ArrayList.ArrayListIterator_list.key 
160712     DEBUG main            d.u.i.k.p.i.AbstractProblemLoader Environment load took 219.2ns 
160715     INFO  main            d.u.i.k.p.i.AbstractProblemLoader Creating init config 
161667     DEBUG main            d.u.i.k.j.r.ClassPreparationMethodBuilder clPrepBuilder: Inner Class detected. Reject building class initialisation methods. 
163711     DEBUG main            d.u.i.k.p.i.AbstractProblemLoader Init config took 3s 
163770     INFO  main            d.u.i.k.p.i.AbstractProblemLoader Replaying proof ListIterator[ListIterator::$list()].JML accessible clause.0 
163772     DEBUG main            d.u.i.k.p.i.IntermediateProofReplayer Proof replay took 6.1ns 
163874     INFO  main            d.u.i.k.p.r.p.TestFile    ... finished proof: closed. 
164132     INFO  main            d.u.i.k.p.i.AbstractProblemLoader Loading environment from /home/runner/work/key/key/key.core/../key.ui/examples/heap/list/ArrayList.ArrayListIterator_list.key.proof 
164132     DEBUG main            d.u.i.k.p.i.AbstractProblemLoader Environment load took 143.4ns 
164133     INFO  main            d.u.i.k.p.i.AbstractProblemLoader Creating init config 
165072     DEBUG main            d.u.i.k.j.r.ClassPreparationMethodBuilder clPrepBuilder: Inner Class detected. Reject building class initialisation methods. 
167071     DEBUG main            d.u.i.k.p.i.AbstractProblemLoader Init config took 2.94s 
167113     INFO  main            d.u.i.k.p.i.AbstractProblemLoader Replaying proof ListIterator[ListIterator::$list()].JML accessible clause.0 
167115     DEBUG main            d.u.i.k.p.i.IntermediateProofReplayer Proof replay took 785.61ns 
167116     DEBUG main            d.u.i.k.p.r.p.TestFile    ... success: reloaded. 
167117     INFO  main            d.u.i.k.p.r.p.TestFile    Now processing file /home/runner/work/key/key/key.core/../key.ui/examples/heap/list/ArrayList.ArrayListIterator_next_exceptional.key 
167117     INFO  main            d.u.i.k.p.i.AbstractProblemLoader Loading environment from /home/runner/work/key/key/key.core/../key.ui/examples/heap/list/ArrayList.ArrayListIterator_next_exceptional.key 
167117     DEBUG main            d.u.i.k.p.i.AbstractProblemLoader Environment load took 114.3ns 
167118     INFO  main            d.u.i.k.p.i.AbstractProblemLoader Creating init config 
168110     DEBUG main            d.u.i.k.j.r.ClassPreparationMethodBuilder clPrepBuilder: Inner Class detected. Reject building class initialisation methods. 
170161     DEBUG main            d.u.i.k.p.i.AbstractProblemLoader Init config took 3.04s 
170213     INFO  main            d.u.i.k.p.i.AbstractProblemLoader Replaying proof ArrayList.ArrayListIterator[ListIterator::next()].JML exceptional_behavior operation contract.0 
170214     DEBUG main            d.u.i.k.p.i.IntermediateProofReplayer Proof replay took 5.5ns 
171020     INFO  main            d.u.i.k.p.r.p.TestFile    ... finished proof: closed. 
171320     INFO  main            d.u.i.k.p.i.AbstractProblemLoader Loading environment from /home/runner/work/key/key/key.core/../key.ui/examples/heap/list/ArrayList.ArrayListIterator_next_exceptional.key.proof 
171320     DEBUG main            d.u.i.k.p.i.AbstractProblemLoader Environment load took 489.61ns 
171321     INFO  main            d.u.i.k.p.i.AbstractProblemLoader Creating init config 
172265     DEBUG main            d.u.i.k.j.r.ClassPreparationMethodBuilder clPrepBuilder: Inner Class detected. Reject building class initialisation methods. 
174258     DEBUG main            d.u.i.k.p.i.AbstractProblemLoader Init config took 2.94s 
174310     INFO  main            d.u.i.k.p.i.AbstractProblemLoader Replaying proof ArrayList.ArrayListIterator[ListIterator::next()].JML exceptional_behavior operation contract.0 
174432     DEBUG main            d.u.i.k.p.i.IntermediateProofReplayer Proof replay took 116.63ms 
174433     DEBUG main            d.u.i.k.p.r.p.TestFile    ... success: reloaded. 
174435     INFO  main            d.u.i.k.p.r.p.TestFile    Now processing file /home/runner/work/key/key/key.core/../key.ui/examples/heap/list/ArrayList.ArrayListIterator_next_normal.key 
174435     INFO  main            d.u.i.k.p.i.AbstractProblemLoader Loading environment from /home/runner/work/key/key/key.core/../key.ui/examples/heap/list/ArrayList.ArrayListIterator_next_normal.key 
174435     DEBUG main            d.u.i.k.p.i.AbstractProblemLoader Environment load took 199.3ns 
174436     INFO  main            d.u.i.k.p.i.AbstractProblemLoader Creating init config 
175432     DEBUG main            d.u.i.k.j.r.ClassPreparationMethodBuilder clPrepBuilder: Inner Class detected. Reject building class initialisation methods. 
177442     DEBUG main            d.u.i.k.p.i.AbstractProblemLoader Init config took 3.01s 
177494     INFO  main            d.u.i.k.p.i.AbstractProblemLoader Replaying proof ArrayList.ArrayListIterator[ListIterator::next()].JML normal_behavior operation contract.0 
177495     DEBUG main            d.u.i.k.p.i.IntermediateProofReplayer Proof replay took 6.8ns 
178405     INFO  main            d.u.i.k.p.r.p.TestFile    ... finished proof: closed. 
178691     INFO  main            d.u.i.k.p.i.AbstractProblemLoader Loading environment from /home/runner/work/key/key/key.core/../key.ui/examples/heap/list/ArrayList.ArrayListIterator_next_normal.key.proof 
178691     DEBUG main            d.u.i.k.p.i.AbstractProblemLoader Environment load took 128.5ns 
178693     INFO  main            d.u.i.k.p.i.AbstractProblemLoader Creating init config 
179630     DEBUG main            d.u.i.k.j.r.ClassPreparationMethodBuilder clPrepBuilder: Inner Class detected. Reject building class initialisation methods. 
181615     DEBUG main            d.u.i.k.p.i.AbstractProblemLoader Init config took 2.92s 
181666     INFO  main            d.u.i.k.p.i.AbstractProblemLoader Replaying proof ArrayList.ArrayListIterator[ListIterator::next()].JML normal_behavior operation contract.0 
181777     DEBUG main            d.u.i.k.p.i.IntermediateProofReplayer Proof replay took 92.41ms 
181778     DEBUG main            d.u.i.k.p.r.p.TestFile    ... success: reloaded. 
181779     INFO  main            d.u.i.k.p.r.p.TestFile    Now processing file /home/runner/work/key/key/key.core/../key.ui/examples/heap/list/ArrayList.ArrayListIterator_pos.key 
181780     INFO  main            d.u.i.k.p.i.AbstractProblemLoader Loading environment from /home/runner/work/key/key/key.core/../key.ui/examples/heap/list/ArrayList.ArrayListIterator_pos.key 
181780     DEBUG main            d.u.i.k.p.i.AbstractProblemLoader Environment load took 124ns 
181781     INFO  main            d.u.i.k.p.i.AbstractProblemLoader Creating init config 
182735     DEBUG main            d.u.i.k.j.r.ClassPreparationMethodBuilder clPrepBuilder: Inner Class detected. Reject building class initialisation methods. 
184782     DEBUG main            d.u.i.k.p.i.AbstractProblemLoader Init config took 3s 
184821     INFO  main            d.u.i.k.p.i.AbstractProblemLoader Replaying proof ListIterator[ListIterator::$pos()].JML accessible clause.0 
184822     DEBUG main            d.u.i.k.p.i.IntermediateProofReplayer Proof replay took 5.9ns 
184926     INFO  main            d.u.i.k.p.r.p.TestFile    ... finished proof: closed. 
185199     INFO  main            d.u.i.k.p.i.AbstractProblemLoader Loading environment from /home/runner/work/key/key/key.core/../key.ui/examples/heap/list/ArrayList.ArrayListIterator_pos.key.proof 
185199     DEBUG main            d.u.i.k.p.i.AbstractProblemLoader Environment load took 149.1ns 
185200     INFO  main            d.u.i.k.p.i.AbstractProblemLoader Creating init config 
186153     DEBUG main            d.u.i.k.j.r.ClassPreparationMethodBuilder clPrepBuilder: Inner Class detected. Reject building class initialisation methods. 
188137     DEBUG main            d.u.i.k.p.i.AbstractProblemLoader Init config took 2.94s 
188180     INFO  main            d.u.i.k.p.i.AbstractProblemLoader Replaying proof ListIterator[ListIterator::$pos()].JML accessible clause.0 
188183     DEBUG main            d.u.i.k.p.i.IntermediateProofReplayer Proof replay took 779.81ns 
188186     DEBUG main            d.u.i.k.p.r.p.TestFile    ... success: reloaded. 
188187     INFO  main            d.u.i.k.p.r.p.TestFile    Now processing file /home/runner/work/key/key/key.core/../key.ui/examples/heap/list/Client_m.key 
188187     INFO  main            d.u.i.k.p.i.AbstractProblemLoader Loading environment from /home/runner/work/key/key/key.core/../key.ui/examples/heap/list/Client_m.key 
188188     DEBUG main            d.u.i.k.p.i.AbstractProblemLoader Environment load took 222.2ns 
188189     INFO  main            d.u.i.k.p.i.AbstractProblemLoader Creating init config 
189169     DEBUG main            d.u.i.k.j.r.ClassPreparationMethodBuilder clPrepBuilder: Inner Class detected. Reject building class initialisation methods. 
191218     DEBUG main            d.u.i.k.p.i.AbstractProblemLoader Init config took 3.03s 
191258     INFO  main            d.u.i.k.p.i.AbstractProblemLoader Replaying proof Client[Client::m(List)].JML normal_behavior operation contract.0 
191265     DEBUG main            d.u.i.k.p.i.IntermediateProofReplayer Proof replay took 6.4ns 
191568     INFO  main            d.u.i.k.p.r.p.TestFile    ... finished proof: closed. 
191866     INFO  main            d.u.i.k.p.i.AbstractProblemLoader Loading environment from /home/runner/work/key/key/key.core/../key.ui/examples/heap/list/Client_m.key.proof 
191866     DEBUG main            d.u.i.k.p.i.AbstractProblemLoader Environment load took 112.2ns 
191867     INFO  main            d.u.i.k.p.i.AbstractProblemLoader Creating init config 
192806     DEBUG main            d.u.i.k.j.r.ClassPreparationMethodBuilder clPrepBuilder: Inner Class detected. Reject building class initialisation methods. 
194791     DEBUG main            d.u.i.k.p.i.AbstractProblemLoader Init config took 2.92s 
194831     INFO  main            d.u.i.k.p.i.AbstractProblemLoader Replaying proof Client[Client::m(List)].JML normal_behavior operation contract.0 
194879     DEBUG main            d.u.i.k.p.i.IntermediateProofReplayer Proof replay took 45.76ms 
194880     DEBUG main            d.u.i.k.p.r.p.TestFile    ... success: reloaded. 
194881     INFO  main            d.u.i.k.p.r.p.TestFile    Now processing file /home/runner/work/key/key/key.core/../key.ui/examples/heap/list/Client_n.key 
194881     INFO  main            d.u.i.k.p.i.AbstractProblemLoader Loading environment from /home/runner/work/key/key/key.core/../key.ui/examples/heap/list/Client_n.key 
194882     DEBUG main            d.u.i.k.p.i.AbstractProblemLoader Environment load took 72.8ns 
194882     INFO  main            d.u.i.k.p.i.AbstractProblemLoader Creating init config 
195867     DEBUG main            d.u.i.k.j.r.ClassPreparationMethodBuilder clPrepBuilder: Inner Class detected. Reject building class initialisation methods. 
197877     DEBUG main            d.u.i.k.p.i.AbstractProblemLoader Init config took 2.99s 
197917     INFO  main            d.u.i.k.p.i.AbstractProblemLoader Replaying proof Client[Client::n(List)].JML normal_behavior operation contract.0 
197918     DEBUG main            d.u.i.k.p.i.IntermediateProofReplayer Proof replay took 6.6ns 
198020     INFO  main            d.u.i.k.p.r.p.TestFile    ... finished proof: closed. 
198310     INFO  main            d.u.i.k.p.i.AbstractProblemLoader Loading environment from /home/runner/work/key/key/key.core/../key.ui/examples/heap/list/Client_n.key.proof 
198310     DEBUG main            d.u.i.k.p.i.AbstractProblemLoader Environment load took 111.6ns 
198311     INFO  main            d.u.i.k.p.i.AbstractProblemLoader Creating init config 
199253     DEBUG main            d.u.i.k.j.r.ClassPreparationMethodBuilder clPrepBuilder: Inner Class detected. Reject building class initialisation methods. 
201246     DEBUG main            d.u.i.k.p.i.AbstractProblemLoader Init config took 2.94s 
201286     INFO  main            d.u.i.k.p.i.AbstractProblemLoader Replaying proof Client[Client::n(List)].JML normal_behavior operation contract.0 
201302     DEBUG main            d.u.i.k.p.i.IntermediateProofReplayer Proof replay took 14.19ms 
201303     DEBUG main            d.u.i.k.p.r.p.TestFile    ... success: reloaded. 
201304     INFO  main            d.u.i.k.p.r.p.TestFile    Now processing file /home/runner/work/key/key/key.core/../key.ui/examples/heap/list/LinkedList_get_exceptional.key 
201304     INFO  main            d.u.i.k.p.i.AbstractProblemLoader Loading environment from /home/runner/work/key/key/key.core/../key.ui/examples/heap/list/LinkedList_get_exceptional.key 
201304     DEBUG main            d.u.i.k.p.i.AbstractProblemLoader Environment load took 84.5ns 
201305     INFO  main            d.u.i.k.p.i.AbstractProblemLoader Creating init config 
202274     DEBUG main            d.u.i.k.j.r.ClassPreparationMethodBuilder clPrepBuilder: Inner Class detected. Reject building class initialisation methods. 
204321     DEBUG main            d.u.i.k.p.i.AbstractProblemLoader Init config took 3.02s 
204366     INFO  main            d.u.i.k.p.i.AbstractProblemLoader Replaying proof LinkedList[List::get(int)].JML exceptional_behavior operation contract.0 
204367     DEBUG main            d.u.i.k.p.i.IntermediateProofReplayer Proof replay took 7ns 
206402     INFO  main            d.u.i.k.p.r.p.TestFile    ... finished proof: closed. 
206708     INFO  main            d.u.i.k.p.i.AbstractProblemLoader Loading environment from /home/runner/work/key/key/key.core/../key.ui/examples/heap/list/LinkedList_get_exceptional.key.proof 
206709     DEBUG main            d.u.i.k.p.i.AbstractProblemLoader Environment load took 476.51ns 
206710     INFO  main            d.u.i.k.p.i.AbstractProblemLoader Creating init config 
207669     DEBUG main            d.u.i.k.j.r.ClassPreparationMethodBuilder clPrepBuilder: Inner Class detected. Reject building class initialisation methods. 
209645     DEBUG main            d.u.i.k.p.i.AbstractProblemLoader Init config took 2.93s 
209690     INFO  main            d.u.i.k.p.i.AbstractProblemLoader Replaying proof LinkedList[List::get(int)].JML exceptional_behavior operation contract.0 
209914     DEBUG main            d.u.i.k.p.i.IntermediateProofReplayer Proof replay took 214.56ms 
209915     DEBUG main            d.u.i.k.p.r.p.TestFile    ... success: reloaded. 
209916     INFO  main            d.u.i.k.p.r.p.TestFile    Now processing file /home/runner/work/key/key/key.core/../key.ui/examples/heap/list/LinkedList_get_normal.key 
209916     INFO  main            d.u.i.k.p.i.AbstractProblemLoader Loading environment from /home/runner/work/key/key/key.core/../key.ui/examples/heap/list/LinkedList_get_normal.key 
209916     DEBUG main            d.u.i.k.p.i.AbstractProblemLoader Environment load took 96.3ns 
209917     INFO  main            d.u.i.k.p.i.AbstractProblemLoader Creating init config 
210869     DEBUG main            d.u.i.k.j.r.ClassPreparationMethodBuilder clPrepBuilder: Inner Class detected. Reject building class initialisation methods. 
212872     DEBUG main            d.u.i.k.p.i.AbstractProblemLoader Init config took 2.95s 
212916     INFO  main            d.u.i.k.p.i.AbstractProblemLoader Replaying proof LinkedList[List::get(int)].JML normal_behavior operation contract.0 
212917     DEBUG main            d.u.i.k.p.i.IntermediateProofReplayer Proof replay took 5.9ns 
218807     INFO  main            d.u.i.k.p.r.p.TestFile    ... finished proof: closed. 
219161     INFO  main            d.u.i.k.p.i.AbstractProblemLoader Loading environment from /home/runner/work/key/key/key.core/../key.ui/examples/heap/list/LinkedList_get_normal.key.proof 
219161     DEBUG main            d.u.i.k.p.i.AbstractProblemLoader Environment load took 466.61ns 
219164     INFO  main            d.u.i.k.p.i.AbstractProblemLoader Creating init config 
220105     DEBUG main            d.u.i.k.j.r.ClassPreparationMethodBuilder clPrepBuilder: Inner Class detected. Reject building class initialisation methods. 
222069     DEBUG main            d.u.i.k.p.i.AbstractProblemLoader Init config took 2.91s 
222114     INFO  main            d.u.i.k.p.i.AbstractProblemLoader Replaying proof LinkedList[List::get(int)].JML normal_behavior operation contract.0 
222492     DEBUG main            d.u.i.k.p.i.IntermediateProofReplayer Proof replay took 353.76ms 
222495     DEBUG main            d.u.i.k.p.r.p.TestFile    ... success: reloaded. 
222495     INFO  main            d.u.i.k.p.r.p.TestFile    Now processing file /home/runner/work/key/key/key.core/../key.ui/examples/heap/list/LinkedList_LinkedList.key 
222496     INFO  main            d.u.i.k.p.i.AbstractProblemLoader Loading environment from /home/runner/work/key/key/key.core/../key.ui/examples/heap/list/LinkedList_LinkedList.key 
222496     DEBUG main            d.u.i.k.p.i.AbstractProblemLoader Environment load took 101.6ns 
222497     INFO  main            d.u.i.k.p.i.AbstractProblemLoader Creating init config 
223455     DEBUG main            d.u.i.k.j.r.ClassPreparationMethodBuilder clPrepBuilder: Inner Class detected. Reject building class initialisation methods. 
225503     DEBUG main            d.u.i.k.p.i.AbstractProblemLoader Init config took 3.01s 
225546     INFO  main            d.u.i.k.p.i.AbstractProblemLoader Replaying proof LinkedList[LinkedList::LinkedList()].JML normal_behavior operation contract.0 
225550     DEBUG main            d.u.i.k.p.i.IntermediateProofReplayer Proof replay took 6.3ns 
226053     INFO  main            d.u.i.k.p.r.p.TestFile    ... finished proof: closed. 
226381     INFO  main            d.u.i.k.p.i.AbstractProblemLoader Loading environment from /home/runner/work/key/key/key.core/../key.ui/examples/heap/list/LinkedList_LinkedList.key.proof 
226381     DEBUG main            d.u.i.k.p.i.AbstractProblemLoader Environment load took 477.11ns 
226382     INFO  main            d.u.i.k.p.i.AbstractProblemLoader Creating init config 
227312     DEBUG main            d.u.i.k.j.r.ClassPreparationMethodBuilder clPrepBuilder: Inner Class detected. Reject building class initialisation methods. 
229281     DEBUG main            d.u.i.k.p.i.AbstractProblemLoader Init config took 2.9s 
229327     INFO  main            d.u.i.k.p.i.AbstractProblemLoader Replaying proof LinkedList[LinkedList::LinkedList()].JML normal_behavior operation contract.0 
229391     DEBUG main            d.u.i.k.p.i.IntermediateProofReplayer Proof replay took 60.63ms 
229392     DEBUG main            d.u.i.k.p.r.p.TestFile    ... success: reloaded. 
229393     INFO  main            d.u.i.k.p.r.p.TestFile    Now processing file /home/runner/work/key/key/key.core/../key.ui/examples/heap/list/LinkedList_size_dep.key 
229394     INFO  main            d.u.i.k.p.i.AbstractProblemLoader Loading environment from /home/runner/work/key/key/key.core/../key.ui/examples/heap/list/LinkedList_size_dep.key 
229394     DEBUG main            d.u.i.k.p.i.AbstractProblemLoader Environment load took 86.4ns 
229394     INFO  main            d.u.i.k.p.i.AbstractProblemLoader Creating init config 
230336     DEBUG main            d.u.i.k.j.r.ClassPreparationMethodBuilder clPrepBuilder: Inner Class detected. Reject building class initialisation methods. 
232353     DEBUG main            d.u.i.k.p.i.AbstractProblemLoader Init config took 2.96s 
232397     INFO  main            d.u.i.k.p.i.AbstractProblemLoader Replaying proof LinkedList[List::size()].JML accessible clause.0 
232398     DEBUG main            d.u.i.k.p.i.IntermediateProofReplayer Proof replay took 5.9ns 
232901     INFO  main            d.u.i.k.p.r.p.TestFile    ... finished proof: closed. 
233210     INFO  main            d.u.i.k.p.i.AbstractProblemLoader Loading environment from /home/runner/work/key/key/key.core/../key.ui/examples/heap/list/LinkedList_size_dep.key.proof 
233210     DEBUG main            d.u.i.k.p.i.AbstractProblemLoader Environment load took 127.7ns 
233211     INFO  main            d.u.i.k.p.i.AbstractProblemLoader Creating init config 
234141     DEBUG main            d.u.i.k.j.r.ClassPreparationMethodBuilder clPrepBuilder: Inner Class detected. Reject building class initialisation methods. 
236116     DEBUG main            d.u.i.k.p.i.AbstractProblemLoader Init config took 2.91s 
236161     INFO  main            d.u.i.k.p.i.AbstractProblemLoader Replaying proof LinkedList[List::size()].JML accessible clause.0 
236194     DEBUG main            d.u.i.k.p.i.IntermediateProofReplayer Proof replay took 29.91ms 
236195     DEBUG main            d.u.i.k.p.r.p.TestFile    ... success: reloaded. 
236196     INFO  main            d.u.i.k.p.r.p.TestFile    Now processing file /home/runner/work/key/key/key.core/../key.ui/examples/heap/list/LinkedList_size.key 
236196     INFO  main            d.u.i.k.p.i.AbstractProblemLoader Loading environment from /home/runner/work/key/key/key.core/../key.ui/examples/heap/list/LinkedList_size.key 
236196     DEBUG main            d.u.i.k.p.i.AbstractProblemLoader Environment load took 270.4ns 
236197     INFO  main            d.u.i.k.p.i.AbstractProblemLoader Creating init config 
237171     DEBUG main            d.u.i.k.j.r.ClassPreparationMethodBuilder clPrepBuilder: Inner Class detected. Reject building class initialisation methods. 
239190     DEBUG main            d.u.i.k.p.i.AbstractProblemLoader Init config took 2.99s 
239233     INFO  main            d.u.i.k.p.i.AbstractProblemLoader Replaying proof LinkedList[List::size()].JML normal_behavior operation contract.0 
239235     DEBUG main            d.u.i.k.p.i.IntermediateProofReplayer Proof replay took 6.5ns 
239738     INFO  main            d.u.i.k.p.r.p.TestFile    ... finished proof: closed. 
240046     INFO  main            d.u.i.k.p.i.AbstractProblemLoader Loading environment from /home/runner/work/key/key/key.core/../key.ui/examples/heap/list/LinkedList_size.key.proof 
240047     DEBUG main            d.u.i.k.p.i.AbstractProblemLoader Environment load took 146.1ns 
240047     INFO  main            d.u.i.k.p.i.AbstractProblemLoader Creating init config 
240979     DEBUG main            d.u.i.k.j.r.ClassPreparationMethodBuilder clPrepBuilder: Inner Class detected. Reject building class initialisation methods. 
242947     DEBUG main            d.u.i.k.p.i.AbstractProblemLoader Init config took 2.9s 
242991     INFO  main            d.u.i.k.p.i.AbstractProblemLoader Replaying proof LinkedList[List::size()].JML normal_behavior operation contract.0 
243019     DEBUG main            d.u.i.k.p.i.IntermediateProofReplayer Proof replay took 25.47ms 
243020     DEBUG main            d.u.i.k.p.r.p.TestFile    ... success: reloaded. 
243021     INFO  main            d.u.i.k.p.r.p.TestFile    Now processing file /home/runner/work/key/key/key.core/../key.ui/examples/heap/list/MySet_footprint.key 
243021     INFO  main            d.u.i.k.p.i.AbstractProblemLoader Loading environment from /home/runner/work/key/key/key.core/../key.ui/examples/heap/list/MySet_footprint.key 
243021     DEBUG main            d.u.i.k.p.i.AbstractProblemLoader Environment load took 78.8ns 
243022     INFO  main            d.u.i.k.p.i.AbstractProblemLoader Creating init config 
243982     DEBUG main            d.u.i.k.j.r.ClassPreparationMethodBuilder clPrepBuilder: Inner Class detected. Reject building class initialisation methods. 
245985     DEBUG main            d.u.i.k.p.i.AbstractProblemLoader Init config took 2.96s 
246050     INFO  main            d.u.i.k.p.i.AbstractProblemLoader Replaying proof MySet[MySet::$footprint()].JML accessible clause.0 
246052     DEBUG main            d.u.i.k.p.i.IntermediateProofReplayer Proof replay took 6.3ns 
246354     INFO  main            d.u.i.k.p.r.p.TestFile    ... finished proof: closed. 
246688     INFO  main            d.u.i.k.p.i.AbstractProblemLoader Loading environment from /home/runner/work/key/key/key.core/../key.ui/examples/heap/list/MySet_footprint.key.proof 
246688     DEBUG main            d.u.i.k.p.i.AbstractProblemLoader Environment load took 111ns 
246689     INFO  main            d.u.i.k.p.i.AbstractProblemLoader Creating init config 
247622     DEBUG main            d.u.i.k.j.r.ClassPreparationMethodBuilder clPrepBuilder: Inner Class detected. Reject building class initialisation methods. 
249595     DEBUG main            d.u.i.k.p.i.AbstractProblemLoader Init config took 2.91s 
249656     INFO  main            d.u.i.k.p.i.AbstractProblemLoader Replaying proof MySet[MySet::$footprint()].JML accessible clause.0 
249677     DEBUG main            d.u.i.k.p.i.IntermediateProofReplayer Proof replay took 19.22ms 
249678     DEBUG main            d.u.i.k.p.r.p.TestFile    ... success: reloaded. 
249679     INFO  main            d.u.i.k.p.r.p.TestFile    Now processing file /home/runner/work/key/key/key.core/../key.ui/examples/heap/list/MySet_MySet.key 
249679     INFO  main            d.u.i.k.p.i.AbstractProblemLoader Loading environment from /home/runner/work/key/key/key.core/../key.ui/examples/heap/list/MySet_MySet.key 
249680     DEBUG main            d.u.i.k.p.i.AbstractProblemLoader Environment load took 80.3ns 
249680     INFO  main            d.u.i.k.p.i.AbstractProblemLoader Creating init config 
250630     DEBUG main            d.u.i.k.j.r.ClassPreparationMethodBuilder clPrepBuilder: Inner Class detected. Reject building class initialisation methods. 
252653     DEBUG main            d.u.i.k.p.i.AbstractProblemLoader Init config took 2.97s 
252701     INFO  main            d.u.i.k.p.i.AbstractProblemLoader Replaying proof MySet[MySet::MySet()].JML normal_behavior operation contract.0 
252702     DEBUG main            d.u.i.k.p.i.IntermediateProofReplayer Proof replay took 6.8ns 
255116     INFO  main            d.u.i.k.p.r.p.TestFile    ... finished proof: closed. 
255463     INFO  main            d.u.i.k.p.i.AbstractProblemLoader Loading environment from /home/runner/work/key/key/key.core/../key.ui/examples/heap/list/MySet_MySet.key.proof 
255464     DEBUG main            d.u.i.k.p.i.AbstractProblemLoader Environment load took 491.31ns 
255465     INFO  main            d.u.i.k.p.i.AbstractProblemLoader Creating init config 
256401     DEBUG main            d.u.i.k.j.r.ClassPreparationMethodBuilder clPrepBuilder: Inner Class detected. Reject building class initialisation methods. 
258381     DEBUG main            d.u.i.k.p.i.AbstractProblemLoader Init config took 2.92s 
258428     INFO  main            d.u.i.k.p.i.AbstractProblemLoader Replaying proof MySet[MySet::MySet()].JML normal_behavior operation contract.0 
258693     DEBUG main            d.u.i.k.p.i.IntermediateProofReplayer Proof replay took 253.38ms 
258695     DEBUG main            d.u.i.k.p.r.p.TestFile    ... success: reloaded. 
1102982    INFO  Test worker     d.u.i.k.p.r.RunAllProofsTestUnit Returning from test list 
1102983    INFO  Test worker     d.u.i.k.p.r.RunAllProofsTestUnit Running test list_ghost 
340        INFO  Timeout watchdog d.u.i.k.p.r.p.ForkedTestFileRunner Timeout watcher launched (2000 secs.) 
359        WARN  main            d.u.i.k.s.ProofSettings   The settings in /home/runner/.key/proof-settings.props are *not* read. 
410        INFO  main            d.u.i.k.p.r.p.TestFile    Now processing file /home/runner/work/key/key/key.core/../key.ui/examples/heap/list_ghost/ArrayList_add.key 
581        INFO  main            d.u.i.k.p.i.AbstractProblemLoader Loading environment from /home/runner/work/key/key/key.core/../key.ui/examples/heap/list_ghost/ArrayList_add.key 
598        DEBUG main            d.u.i.k.p.i.AbstractProblemLoader Environment load took 1.94ms 
818        INFO  main            d.u.i.k.p.i.AbstractProblemLoader Creating init config 
1657       DEBUG main            d.u.i.k.j.TypeConverter   No LDT found for Meta 
1659       DEBUG main            d.u.i.k.j.TypeConverter   No LDT found for Meta 
1663       DEBUG main            d.u.i.k.j.TypeConverter   No LDT found for Meta 
1663       DEBUG main            d.u.i.k.j.TypeConverter   No LDT found for Meta 
3318       DEBUG main            d.u.i.k.j.TypeConverter   No LDT found for JavaBigintExpression 
8670       DEBUG main            d.u.i.k.p.i.AbstractProblemLoader Init config took 7.85s 
8864       INFO  main            d.u.i.k.p.i.AbstractProblemLoader Replaying proof ArrayList[List::add(java.lang.Object)].JML normal_behavior operation contract.0 
8905       DEBUG main            d.u.i.k.p.i.IntermediateProofReplayer Proof replay took 32.6ns 
13993      INFO  main            d.u.i.k.p.r.p.TestFile    ... finished proof: closed. 
14172      INFO  main            d.u.i.k.p.i.AbstractProblemLoader Loading environment from /home/runner/work/key/key/key.core/../key.ui/examples/heap/list_ghost/ArrayList_add.key.proof 
14172      DEBUG main            d.u.i.k.p.i.AbstractProblemLoader Environment load took 159.6ns 
14177      INFO  main            d.u.i.k.p.i.AbstractProblemLoader Creating init config 
17228      DEBUG main            d.u.i.k.p.i.AbstractProblemLoader Init config took 3.05s 
17305      INFO  main            d.u.i.k.p.i.AbstractProblemLoader Replaying proof ArrayList[List::add(java.lang.Object)].JML normal_behavior operation contract.0 
17853      DEBUG main            d.u.i.k.p.i.IntermediateProofReplayer Proof replay took 510.86ms 
17862      DEBUG main            d.u.i.k.p.r.p.TestFile    ... success: reloaded. 
17870      INFO  main            d.u.i.k.p.r.p.TestFile    Now processing file /home/runner/work/key/key/key.core/../key.ui/examples/heap/list_ghost/ArrayList_ArrayList.key 
17871      INFO  main            d.u.i.k.p.i.AbstractProblemLoader Loading environment from /home/runner/work/key/key/key.core/../key.ui/examples/heap/list_ghost/ArrayList_ArrayList.key 
17871      DEBUG main            d.u.i.k.p.i.AbstractProblemLoader Environment load took 255.2ns 
17875      INFO  main            d.u.i.k.p.i.AbstractProblemLoader Creating init config 
20922      DEBUG main            d.u.i.k.p.i.AbstractProblemLoader Init config took 3.05s 
20980      INFO  main            d.u.i.k.p.i.AbstractProblemLoader Replaying proof ArrayList[ArrayList::ArrayList()].JML normal_behavior operation contract.0 
20982      DEBUG main            d.u.i.k.p.i.IntermediateProofReplayer Proof replay took 6.4ns 
21990      INFO  main            d.u.i.k.p.r.p.TestFile    ... finished proof: closed. 
22175      INFO  main            d.u.i.k.p.i.AbstractProblemLoader Loading environment from /home/runner/work/key/key/key.core/../key.ui/examples/heap/list_ghost/ArrayList_ArrayList.key.proof 
22176      DEBUG main            d.u.i.k.p.i.AbstractProblemLoader Environment load took 497.31ns 
22182      INFO  main            d.u.i.k.p.i.AbstractProblemLoader Creating init config 
24989      DEBUG main            d.u.i.k.p.i.AbstractProblemLoader Init config took 2.81s 
25062      INFO  main            d.u.i.k.p.i.AbstractProblemLoader Replaying proof ArrayList[ArrayList::ArrayList()].JML normal_behavior operation contract.0 
25201      DEBUG main            d.u.i.k.p.i.IntermediateProofReplayer Proof replay took 131.47ms 
25203      DEBUG main            d.u.i.k.p.r.p.TestFile    ... success: reloaded. 
25204      INFO  main            d.u.i.k.p.r.p.TestFile    Now processing file /home/runner/work/key/key/key.core/../key.ui/examples/heap/list_ghost/ArrayList_enlarge.key 
25204      INFO  main            d.u.i.k.p.i.AbstractProblemLoader Loading environment from /home/runner/work/key/key/key.core/../key.ui/examples/heap/list_ghost/ArrayList_enlarge.key 
25205      DEBUG main            d.u.i.k.p.i.AbstractProblemLoader Environment load took 255.3ns 
25206      INFO  main            d.u.i.k.p.i.AbstractProblemLoader Creating init config 
27995      DEBUG main            d.u.i.k.p.i.AbstractProblemLoader Init config took 2.79s 
28043      INFO  main            d.u.i.k.p.i.AbstractProblemLoader Replaying proof ArrayList[ArrayList::enlarge()].JML normal_behavior operation contract.0 
28045      DEBUG main            d.u.i.k.p.i.IntermediateProofReplayer Proof replay took 6.3ns 
30074      INFO  main            d.u.i.k.p.r.p.TestFile    ... finished proof: closed. 
30245      INFO  main            d.u.i.k.p.i.AbstractProblemLoader Loading environment from /home/runner/work/key/key/key.core/../key.ui/examples/heap/list_ghost/ArrayList_enlarge.key.proof 
30246      DEBUG main            d.u.i.k.p.i.AbstractProblemLoader Environment load took 508.61ns 
30248      INFO  main            d.u.i.k.p.i.AbstractProblemLoader Creating init config 
33013      DEBUG main            d.u.i.k.p.i.AbstractProblemLoader Init config took 2.77s 
33074      INFO  main            d.u.i.k.p.i.AbstractProblemLoader Replaying proof ArrayList[ArrayList::enlarge()].JML normal_behavior operation contract.0 
33400      DEBUG main            d.u.i.k.p.i.IntermediateProofReplayer Proof replay took 306.16ms 
33402      DEBUG main            d.u.i.k.p.r.p.TestFile    ... success: reloaded. 
33403      INFO  main            d.u.i.k.p.r.p.TestFile    Now processing file /home/runner/work/key/key/key.core/../key.ui/examples/heap/list_ghost/ArrayList_get_dep.key 
33404      INFO  main            d.u.i.k.p.i.AbstractProblemLoader Loading environment from /home/runner/work/key/key/key.core/../key.ui/examples/heap/list_ghost/ArrayList_get_dep.key 
33404      DEBUG main            d.u.i.k.p.i.AbstractProblemLoader Environment load took 249.4ns 
33405      INFO  main            d.u.i.k.p.i.AbstractProblemLoader Creating init config 
36144      DEBUG main            d.u.i.k.p.i.AbstractProblemLoader Init config took 2.74s 
36192      INFO  main            d.u.i.k.p.i.AbstractProblemLoader Replaying proof ArrayList[List::get(int)].JML accessible clause.0 
36194      DEBUG main            d.u.i.k.p.i.IntermediateProofReplayer Proof replay took 7.7ns 
36500      INFO  main            d.u.i.k.p.r.p.TestFile    ... finished proof: closed. 
36720      INFO  main            d.u.i.k.p.i.AbstractProblemLoader Loading environment from /home/runner/work/key/key/key.core/../key.ui/examples/heap/list_ghost/ArrayList_get_dep.key.proof 
36721      DEBUG main            d.u.i.k.p.i.AbstractProblemLoader Environment load took 130.4ns 
36722      INFO  main            d.u.i.k.p.i.AbstractProblemLoader Creating init config 
39408      DEBUG main            d.u.i.k.p.i.AbstractProblemLoader Init config took 2.69s 
39454      INFO  main            d.u.i.k.p.i.AbstractProblemLoader Replaying proof ArrayList[List::get(int)].JML accessible clause.0 
39501      DEBUG main            d.u.i.k.p.i.IntermediateProofReplayer Proof replay took 42.85ms 
39502      DEBUG main            d.u.i.k.p.r.p.TestFile    ... success: reloaded. 
39504      INFO  main            d.u.i.k.p.r.p.TestFile    Now processing file /home/runner/work/key/key/key.core/../key.ui/examples/heap/list_ghost/ArrayList_get_exceptional.key 
39504      INFO  main            d.u.i.k.p.i.AbstractProblemLoader Loading environment from /home/runner/work/key/key/key.core/../key.ui/examples/heap/list_ghost/ArrayList_get_exceptional.key 
39504      DEBUG main            d.u.i.k.p.i.AbstractProblemLoader Environment load took 231.9ns 
39505      INFO  main            d.u.i.k.p.i.AbstractProblemLoader Creating init config 
42269      DEBUG main            d.u.i.k.p.i.AbstractProblemLoader Init config took 2.76s 
42314      INFO  main            d.u.i.k.p.i.AbstractProblemLoader Replaying proof ArrayList[List::get(int)].JML exceptional_behavior operation contract.0 
42316      DEBUG main            d.u.i.k.p.i.IntermediateProofReplayer Proof replay took 6.7ns 
43020      INFO  main            d.u.i.k.p.r.p.TestFile    ... finished proof: closed. 
43267      INFO  main            d.u.i.k.p.i.AbstractProblemLoader Loading environment from /home/runner/work/key/key/key.core/../key.ui/examples/heap/list_ghost/ArrayList_get_exceptional.key.proof 
43267      DEBUG main            d.u.i.k.p.i.AbstractProblemLoader Environment load took 489.51ns 
43269      INFO  main            d.u.i.k.p.i.AbstractProblemLoader Creating init config 
45988      DEBUG main            d.u.i.k.p.i.AbstractProblemLoader Init config took 2.72s 
46032      INFO  main            d.u.i.k.p.i.AbstractProblemLoader Replaying proof ArrayList[List::get(int)].JML exceptional_behavior operation contract.0 
46149      DEBUG main            d.u.i.k.p.i.IntermediateProofReplayer Proof replay took 110.33ms 
46150      DEBUG main            d.u.i.k.p.r.p.TestFile    ... success: reloaded. 
46151      INFO  main            d.u.i.k.p.r.p.TestFile    Now processing file /home/runner/work/key/key/key.core/../key.ui/examples/heap/list_ghost/ArrayList_get_normal.key 
46152      INFO  main            d.u.i.k.p.i.AbstractProblemLoader Loading environment from /home/runner/work/key/key/key.core/../key.ui/examples/heap/list_ghost/ArrayList_get_normal.key 
46152      DEBUG main            d.u.i.k.p.i.AbstractProblemLoader Environment load took 294.5ns 
46153      INFO  main            d.u.i.k.p.i.AbstractProblemLoader Creating init config 
48815      DEBUG main            d.u.i.k.p.i.AbstractProblemLoader Init config took 2.66s 
48859      INFO  main            d.u.i.k.p.i.AbstractProblemLoader Replaying proof ArrayList[List::get(int)].JML normal_behavior operation contract.0 
48861      DEBUG main            d.u.i.k.p.i.IntermediateProofReplayer Proof replay took 7.4ns 
49164      INFO  main            d.u.i.k.p.r.p.TestFile    ... finished proof: closed. 
49333      INFO  main            d.u.i.k.p.i.AbstractProblemLoader Loading environment from /home/runner/work/key/key/key.core/../key.ui/examples/heap/list_ghost/ArrayList_get_normal.key.proof 
49333      DEBUG main            d.u.i.k.p.i.AbstractProblemLoader Environment load took 128.2ns 
49335      INFO  main            d.u.i.k.p.i.AbstractProblemLoader Creating init config 
51992      DEBUG main            d.u.i.k.p.i.AbstractProblemLoader Init config took 2.66s 
52045      INFO  main            d.u.i.k.p.i.AbstractProblemLoader Replaying proof ArrayList[List::get(int)].JML normal_behavior operation contract.0 
52089      DEBUG main            d.u.i.k.p.i.IntermediateProofReplayer Proof replay took 39.36ms 
52091      DEBUG main            d.u.i.k.p.r.p.TestFile    ... success: reloaded. 
52092      INFO  main            d.u.i.k.p.r.p.TestFile    Now processing file /home/runner/work/key/key/key.core/../key.ui/examples/heap/list_ghost/ArrayList_inv.key 
52093      INFO  main            d.u.i.k.p.i.AbstractProblemLoader Loading environment from /home/runner/work/key/key/key.core/../key.ui/examples/heap/list_ghost/ArrayList_inv.key 
52093      DEBUG main            d.u.i.k.p.i.AbstractProblemLoader Environment load took 231.3ns 
52094      INFO  main            d.u.i.k.p.i.AbstractProblemLoader Creating init config 
54803      DEBUG main            d.u.i.k.p.i.AbstractProblemLoader Init config took 2.71s 
54843      INFO  main            d.u.i.k.p.i.AbstractProblemLoader Replaying proof ArrayList[java.lang.Object::<inv>()].JML accessible clause.0 
54847      DEBUG main            d.u.i.k.p.i.IntermediateProofReplayer Proof replay took 8.5ns 
54949      INFO  main            d.u.i.k.p.r.p.TestFile    ... finished proof: closed. 
55127      INFO  main            d.u.i.k.p.i.AbstractProblemLoader Loading environment from /home/runner/work/key/key/key.core/../key.ui/examples/heap/list_ghost/ArrayList_inv.key.proof 
55127      DEBUG main            d.u.i.k.p.i.AbstractProblemLoader Environment load took 129.1ns 
55128      INFO  main            d.u.i.k.p.i.AbstractProblemLoader Creating init config 
57772      DEBUG main            d.u.i.k.p.i.AbstractProblemLoader Init config took 2.64s 
57816      INFO  main            d.u.i.k.p.i.AbstractProblemLoader Replaying proof ArrayList[java.lang.Object::<inv>()].JML accessible clause.0 
57827      DEBUG main            d.u.i.k.p.i.IntermediateProofReplayer Proof replay took 7.44ms 
57828      DEBUG main            d.u.i.k.p.r.p.TestFile    ... success: reloaded. 
57830      INFO  main            d.u.i.k.p.r.p.TestFile    Now processing file /home/runner/work/key/key/key.core/../key.ui/examples/heap/list_ghost/ArrayList_size_dep.key 
57830      INFO  main            d.u.i.k.p.i.AbstractProblemLoader Loading environment from /home/runner/work/key/key/key.core/../key.ui/examples/heap/list_ghost/ArrayList_size_dep.key 
57831      DEBUG main            d.u.i.k.p.i.AbstractProblemLoader Environment load took 256.4ns 
57832      INFO  main            d.u.i.k.p.i.AbstractProblemLoader Creating init config 
60552      DEBUG main            d.u.i.k.p.i.AbstractProblemLoader Init config took 2.72s 
60591      INFO  main            d.u.i.k.p.i.AbstractProblemLoader Replaying proof ArrayList[List::size()].JML accessible clause.0 
60593      DEBUG main            d.u.i.k.p.i.IntermediateProofReplayer Proof replay took 6.6ns 
60696      INFO  main            d.u.i.k.p.r.p.TestFile    ... finished proof: closed. 
60868      INFO  main            d.u.i.k.p.i.AbstractProblemLoader Loading environment from /home/runner/work/key/key/key.core/../key.ui/examples/heap/list_ghost/ArrayList_size_dep.key.proof 
60868      DEBUG main            d.u.i.k.p.i.AbstractProblemLoader Environment load took 131.5ns 
60869      INFO  main            d.u.i.k.p.i.AbstractProblemLoader Creating init config 
63565      DEBUG main            d.u.i.k.p.i.AbstractProblemLoader Init config took 2.7s 
63613      INFO  main            d.u.i.k.p.i.AbstractProblemLoader Replaying proof ArrayList[List::size()].JML accessible clause.0 
63630      DEBUG main            d.u.i.k.p.i.IntermediateProofReplayer Proof replay took 14.45ms 
63631      DEBUG main            d.u.i.k.p.r.p.TestFile    ... success: reloaded. 
63632      INFO  main            d.u.i.k.p.r.p.TestFile    Now processing file /home/runner/work/key/key/key.core/../key.ui/examples/heap/list_ghost/ArrayList_size.key 
63633      INFO  main            d.u.i.k.p.i.AbstractProblemLoader Loading environment from /home/runner/work/key/key/key.core/../key.ui/examples/heap/list_ghost/ArrayList_size.key 
63633      DEBUG main            d.u.i.k.p.i.AbstractProblemLoader Environment load took 105.3ns 
63634      INFO  main            d.u.i.k.p.i.AbstractProblemLoader Creating init config 
66306      DEBUG main            d.u.i.k.p.i.AbstractProblemLoader Init config took 2.67s 
66364      INFO  main            d.u.i.k.p.i.AbstractProblemLoader Replaying proof ArrayList[List::size()].JML normal_behavior operation contract.0 
66366      DEBUG main            d.u.i.k.p.i.IntermediateProofReplayer Proof replay took 7.7ns 
66471      INFO  main            d.u.i.k.p.r.p.TestFile    ... finished proof: closed. 
66650      INFO  main            d.u.i.k.p.i.AbstractProblemLoader Loading environment from /home/runner/work/key/key/key.core/../key.ui/examples/heap/list_ghost/ArrayList_size.key.proof 
66651      DEBUG main            d.u.i.k.p.i.AbstractProblemLoader Environment load took 123.3ns 
66652      INFO  main            d.u.i.k.p.i.AbstractProblemLoader Creating init config 
69289      DEBUG main            d.u.i.k.p.i.AbstractProblemLoader Init config took 2.64s 
69341      INFO  main            d.u.i.k.p.i.AbstractProblemLoader Replaying proof ArrayList[List::size()].JML normal_behavior operation contract.0 
69355      DEBUG main            d.u.i.k.p.i.IntermediateProofReplayer Proof replay took 11.45ms 
69356      DEBUG main            d.u.i.k.p.r.p.TestFile    ... success: reloaded. 
1172511    INFO  Test worker     d.u.i.k.p.r.RunAllProofsTestUnit Returning from test list_ghost 
1172515    INFO  Test worker     d.u.i.k.p.r.RunAllProofsTestUnit Running test list_recursive 
342        INFO  Timeout watchdog d.u.i.k.p.r.p.ForkedTestFileRunner Timeout watcher launched (2000 secs.) 
367        WARN  main            d.u.i.k.s.ProofSettings   The settings in /home/runner/.key/proof-settings.props are *not* read. 
412        INFO  main            d.u.i.k.p.r.p.TestFile    Now processing file /home/runner/work/key/key/key.core/../key.ui/examples/heap/list_recursiveSpec/ListOperationsNonNull_getNextNN_normal_behavior.key 
540        INFO  main            d.u.i.k.p.i.AbstractProblemLoader Loading environment from /home/runner/work/key/key/key.core/../key.ui/examples/heap/list_recursiveSpec/ListOperationsNonNull_getNextNN_normal_behavior.key 
557        DEBUG main            d.u.i.k.p.i.AbstractProblemLoader Environment load took 2.41ms 
775        INFO  main            d.u.i.k.p.i.AbstractProblemLoader Creating init config 
1743       DEBUG main            d.u.i.k.j.TypeConverter   No LDT found for Meta 
1744       DEBUG main            d.u.i.k.j.TypeConverter   No LDT found for Meta 
1745       DEBUG main            d.u.i.k.j.TypeConverter   No LDT found for Meta 
1746       DEBUG main            d.u.i.k.j.TypeConverter   No LDT found for Meta 
3011       DEBUG main            d.u.i.k.j.TypeConverter   No LDT found for JavaBigintExpression 
8359       DEBUG main            d.u.i.k.p.i.AbstractProblemLoader Init config took 7.58s 
8497       INFO  main            d.u.i.k.p.i.AbstractProblemLoader Replaying proof ListOperationsNonNull[ListOperationsNonNull::getNextNN(ListNN,int)].JML normal_behavior operation contract.0 
8530       DEBUG main            d.u.i.k.p.i.IntermediateProofReplayer Proof replay took 66.6ns 
9908       INFO  main            d.u.i.k.p.r.p.TestFile    ... finished proof: closed. 
10052      INFO  main            d.u.i.k.p.i.AbstractProblemLoader Loading environment from /home/runner/work/key/key/key.core/../key.ui/examples/heap/list_recursiveSpec/ListOperationsNonNull_getNextNN_normal_behavior.key.proof 
10053      DEBUG main            d.u.i.k.p.i.AbstractProblemLoader Environment load took 159.9ns 
10055      INFO  main            d.u.i.k.p.i.AbstractProblemLoader Creating init config 
13013      DEBUG main            d.u.i.k.p.i.AbstractProblemLoader Init config took 2.96s 
13094      INFO  main            d.u.i.k.p.i.AbstractProblemLoader Replaying proof ListOperationsNonNull[ListOperationsNonNull::getNextNN(ListNN,int)].JML normal_behavior operation contract.0 
13233      DEBUG main            d.u.i.k.p.i.IntermediateProofReplayer Proof replay took 129.82ms 
13240      DEBUG main            d.u.i.k.p.r.p.TestFile    ... success: reloaded. 
13242      INFO  main            d.u.i.k.p.r.p.TestFile    Now processing file /home/runner/work/key/key/key.core/../key.ui/examples/heap/list_recursiveSpec/ListOperationsNonNull_setValueAt_normal_behavior.key 
13242      INFO  main            d.u.i.k.p.i.AbstractProblemLoader Loading environment from /home/runner/work/key/key/key.core/../key.ui/examples/heap/list_recursiveSpec/ListOperationsNonNull_setValueAt_normal_behavior.key 
13242      DEBUG main            d.u.i.k.p.i.AbstractProblemLoader Environment load took 254.9ns 
13244      INFO  main            d.u.i.k.p.i.AbstractProblemLoader Creating init config 
16246      DEBUG main            d.u.i.k.p.i.AbstractProblemLoader Init config took 3s 
16317      INFO  main            d.u.i.k.p.i.AbstractProblemLoader Replaying proof ListOperationsNonNull[ListOperationsNonNull::setValueAt_NN(ListNN,int,int)].JML normal_behavior operation contract.0 
16319      DEBUG main            d.u.i.k.p.i.IntermediateProofReplayer Proof replay took 5.8ns 
16350      DEBUG main            d.u.i.k.m.s.ProofScriptEngine [1] goal: 0, source line: 51, command: 'macro autopilot' 
18823      DEBUG main            d.u.i.k.m.s.ProofScriptEngine [2] goal: 79, source line: 52, command: 'macro simp-upd' 
18829      DEBUG main            d.u.i.k.m.s.ProofScriptEngine [3] goal: 1451, source line: 53, command: 'rule observerDependencyEQ' 
18843      DEBUG main            d.u.i.k.m.s.ProofScriptEngine [4] goal: 1452, source line: 54, command: 'tryclose' 
18876      INFO  main            d.u.i.k.p.r.p.TestFile    ... finished proof: closed. 
19021      INFO  main            d.u.i.k.p.i.AbstractProblemLoader Loading environment from /home/runner/work/key/key/key.core/../key.ui/examples/heap/list_recursiveSpec/ListOperationsNonNull_setValueAt_normal_behavior.key.proof 
19022      DEBUG main            d.u.i.k.p.i.AbstractProblemLoader Environment load took 593.01ns 
19023      INFO  main            d.u.i.k.p.i.AbstractProblemLoader Creating init config 
21874      DEBUG main            d.u.i.k.p.i.AbstractProblemLoader Init config took 2.85s 
21939      INFO  main            d.u.i.k.p.i.AbstractProblemLoader Replaying proof ListOperationsNonNull[ListOperationsNonNull::setValueAt_NN(ListNN,int,int)].JML normal_behavior operation contract.0 
22086      DEBUG main            d.u.i.k.p.i.IntermediateProofReplayer Proof replay took 136.33ms 
22088      DEBUG main            d.u.i.k.p.r.p.TestFile    ... success: reloaded. 
1194776    INFO  Test worker     d.u.i.k.p.r.RunAllProofsTestUnit Returning from test list_recursive 
1194778    INFO  Test worker     d.u.i.k.p.r.RunAllProofsTestUnit Running test list_seq 
359        INFO  Timeout watchdog d.u.i.k.p.r.p.ForkedTestFileRunner Timeout watcher launched (2000 secs.) 
386        WARN  main            d.u.i.k.s.ProofSettings   The settings in /home/runner/.key/proof-settings.props are *not* read. 
434        INFO  main            d.u.i.k.p.r.p.TestFile    Now processing file /home/runner/work/key/key/key.core/../key.ui/examples/heap/list_seq/SimplifiedLinkedList.remove.key 
570        INFO  main            d.u.i.k.p.i.AbstractProblemLoader Loading environment from /home/runner/work/key/key/key.core/../key.ui/examples/heap/list_seq/SimplifiedLinkedList.remove.key 
587        DEBUG main            d.u.i.k.p.i.AbstractProblemLoader Environment load took 1.91ms 
811        INFO  main            d.u.i.k.p.i.AbstractProblemLoader Creating init config 
1682       DEBUG main            d.u.i.k.j.TypeConverter   No LDT found for Meta 
1683       DEBUG main            d.u.i.k.j.TypeConverter   No LDT found for Meta 
1684       DEBUG main            d.u.i.k.j.TypeConverter   No LDT found for Meta 
1684       DEBUG main            d.u.i.k.j.TypeConverter   No LDT found for Meta 
2944       DEBUG main            d.u.i.k.j.TypeConverter   No LDT found for JavaBigintExpression 
8559       DEBUG main            d.u.i.k.p.i.AbstractProblemLoader Init config took 7.75s 
8733       INFO  main            d.u.i.k.p.i.AbstractProblemLoader Replaying proof SimplifiedLinkedList[SimplifiedLinkedList::remove(int)].JML normal_behavior operation contract.0 
8767       DEBUG main            d.u.i.k.p.i.IntermediateProofReplayer Proof replay took 32.4ns 
77223      INFO  main            d.u.i.k.p.r.p.TestFile    ... finished proof: closed. 
77592      INFO  main            d.u.i.k.p.i.AbstractProblemLoader Loading environment from /home/runner/work/key/key/key.core/../key.ui/examples/heap/list_seq/SimplifiedLinkedList.remove.key.proof 
77593      DEBUG main            d.u.i.k.p.i.AbstractProblemLoader Environment load took 591.11ns 
77611      INFO  main            d.u.i.k.p.i.AbstractProblemLoader Creating init config 
80721      DEBUG main            d.u.i.k.p.i.AbstractProblemLoader Init config took 3.11s 
80813      INFO  main            d.u.i.k.p.i.AbstractProblemLoader Replaying proof SimplifiedLinkedList[SimplifiedLinkedList::remove(int)].JML normal_behavior operation contract.0 
83544      DEBUG main            d.u.i.k.p.i.IntermediateProofReplayer Proof replay took 2.43s 
83563      DEBUG main            d.u.i.k.p.r.p.TestFile    ... success: reloaded. 
83565      INFO  main            d.u.i.k.p.r.p.TestFile    Now processing file /home/runner/work/key/key/key.core/../key.ui/examples/heap/list_seq/ArrayList.ArrayList.key 
83565      INFO  main            d.u.i.k.p.i.AbstractProblemLoader Loading environment from /home/runner/work/key/key/key.core/../key.ui/examples/heap/list_seq/ArrayList.ArrayList.key 
83566      DEBUG main            d.u.i.k.p.i.AbstractProblemLoader Environment load took 291ns 
83567      INFO  main            d.u.i.k.p.i.AbstractProblemLoader Creating init config 
86773      DEBUG main            d.u.i.k.p.i.AbstractProblemLoader Init config took 3.21s 
86863      INFO  main            d.u.i.k.p.i.AbstractProblemLoader Replaying proof ArrayList[ArrayList::ArrayList()].JML normal_behavior operation contract.0 
86865      DEBUG main            d.u.i.k.p.i.IntermediateProofReplayer Proof replay took 5.9ns 
87682      INFO  main            d.u.i.k.p.r.p.TestFile    ... finished proof: closed. 
87857      INFO  main            d.u.i.k.p.i.AbstractProblemLoader Loading environment from /home/runner/work/key/key/key.core/../key.ui/examples/heap/list_seq/ArrayList.ArrayList.key.proof 
87858      DEBUG main            d.u.i.k.p.i.AbstractProblemLoader Environment load took 589.81ns 
87861      INFO  main            d.u.i.k.p.i.AbstractProblemLoader Creating init config 
90939      DEBUG main            d.u.i.k.p.i.AbstractProblemLoader Init config took 3.08s 
91034      INFO  main            d.u.i.k.p.i.AbstractProblemLoader Replaying proof ArrayList[ArrayList::ArrayList()].JML normal_behavior operation contract.0 
91137      DEBUG main            d.u.i.k.p.i.IntermediateProofReplayer Proof replay took 97.43ms 
91138      DEBUG main            d.u.i.k.p.r.p.TestFile    ... success: reloaded. 
91140      INFO  main            d.u.i.k.p.r.p.TestFile    Now processing file /home/runner/work/key/key/key.core/../key.ui/examples/heap/list_seq/ArrayList.add.key 
91140      INFO  main            d.u.i.k.p.i.AbstractProblemLoader Loading environment from /home/runner/work/key/key/key.core/../key.ui/examples/heap/list_seq/ArrayList.add.key 
91140      DEBUG main            d.u.i.k.p.i.AbstractProblemLoader Environment load took 239.4ns 
91141      INFO  main            d.u.i.k.p.i.AbstractProblemLoader Creating init config 
94081      DEBUG main            d.u.i.k.p.i.AbstractProblemLoader Init config took 2.94s 
94190      INFO  main            d.u.i.k.p.i.AbstractProblemLoader Replaying proof ArrayList[List::add(java.lang.Object)].JML normal_behavior operation contract.0 
94192      DEBUG main            d.u.i.k.p.i.IntermediateProofReplayer Proof replay took 7.1ns 
97401      INFO  main            d.u.i.k.p.r.p.TestFile    ... finished proof: closed. 
97598      INFO  main            d.u.i.k.p.i.AbstractProblemLoader Loading environment from /home/runner/work/key/key/key.core/../key.ui/examples/heap/list_seq/ArrayList.add.key.proof 
97598      DEBUG main            d.u.i.k.p.i.AbstractProblemLoader Environment load took 483.91ns 
97600      INFO  main            d.u.i.k.p.i.AbstractProblemLoader Creating init config 
100496     DEBUG main            d.u.i.k.p.i.AbstractProblemLoader Init config took 2.9s 
100576     INFO  main            d.u.i.k.p.i.AbstractProblemLoader Replaying proof ArrayList[List::add(java.lang.Object)].JML normal_behavior operation contract.0 
100834     DEBUG main            d.u.i.k.p.i.IntermediateProofReplayer Proof replay took 246.68ms 
100836     DEBUG main            d.u.i.k.p.r.p.TestFile    ... success: reloaded. 
100837     INFO  main            d.u.i.k.p.r.p.TestFile    Now processing file /home/runner/work/key/key/key.core/../key.ui/examples/heap/list_seq/ArrayList.contains.key 
100838     INFO  main            d.u.i.k.p.i.AbstractProblemLoader Loading environment from /home/runner/work/key/key/key.core/../key.ui/examples/heap/list_seq/ArrayList.contains.key 
100838     DEBUG main            d.u.i.k.p.i.AbstractProblemLoader Environment load took 229.3ns 
100839     INFO  main            d.u.i.k.p.i.AbstractProblemLoader Creating init config 
103777     DEBUG main            d.u.i.k.p.i.AbstractProblemLoader Init config took 2.94s 
103855     INFO  main            d.u.i.k.p.i.AbstractProblemLoader Replaying proof ArrayList[List::contains(java.lang.Object)].JML normal_behavior operation contract.0 
103857     DEBUG main            d.u.i.k.p.i.IntermediateProofReplayer Proof replay took 6.7ns 
105464     INFO  main            d.u.i.k.p.r.p.TestFile    ... finished proof: closed. 
105655     INFO  main            d.u.i.k.p.i.AbstractProblemLoader Loading environment from /home/runner/work/key/key/key.core/../key.ui/examples/heap/list_seq/ArrayList.contains.key.proof 
105655     DEBUG main            d.u.i.k.p.i.AbstractProblemLoader Environment load took 473.31ns 
105657     INFO  main            d.u.i.k.p.i.AbstractProblemLoader Creating init config 
108565     DEBUG main            d.u.i.k.p.i.AbstractProblemLoader Init config took 2.91s 
108643     INFO  main            d.u.i.k.p.i.AbstractProblemLoader Replaying proof ArrayList[List::contains(java.lang.Object)].JML normal_behavior operation contract.0 
108807     DEBUG main            d.u.i.k.p.i.IntermediateProofReplayer Proof replay took 157.32ms 
108809     DEBUG main            d.u.i.k.p.r.p.TestFile    ... success: reloaded. 
108810     INFO  main            d.u.i.k.p.r.p.TestFile    Now processing file /home/runner/work/key/key/key.core/../key.ui/examples/heap/list_seq/ArrayList.enlarge.key 
108810     INFO  main            d.u.i.k.p.i.AbstractProblemLoader Loading environment from /home/runner/work/key/key/key.core/../key.ui/examples/heap/list_seq/ArrayList.enlarge.key 
108811     DEBUG main            d.u.i.k.p.i.AbstractProblemLoader Environment load took 254.4ns 
108812     INFO  main            d.u.i.k.p.i.AbstractProblemLoader Creating init config 
111822     DEBUG main            d.u.i.k.p.i.AbstractProblemLoader Init config took 3.01s 
111897     INFO  main            d.u.i.k.p.i.AbstractProblemLoader Replaying proof ArrayList[ArrayList::enlarge()].JML normal_behavior operation contract.0 
111898     DEBUG main            d.u.i.k.p.i.IntermediateProofReplayer Proof replay took 6ns 
113906     INFO  main            d.u.i.k.p.r.p.TestFile    ... finished proof: closed. 
114103     INFO  main            d.u.i.k.p.i.AbstractProblemLoader Loading environment from /home/runner/work/key/key/key.core/../key.ui/examples/heap/list_seq/ArrayList.enlarge.key.proof 
114104     DEBUG main            d.u.i.k.p.i.AbstractProblemLoader Environment load took 483.31ns 
114105     INFO  main            d.u.i.k.p.i.AbstractProblemLoader Creating init config 
116985     DEBUG main            d.u.i.k.p.i.AbstractProblemLoader Init config took 2.88s 
117066     INFO  main            d.u.i.k.p.i.AbstractProblemLoader Replaying proof ArrayList[ArrayList::enlarge()].JML normal_behavior operation contract.0 
117312     DEBUG main            d.u.i.k.p.i.IntermediateProofReplayer Proof replay took 237.52ms 
117316     DEBUG main            d.u.i.k.p.r.p.TestFile    ... success: reloaded. 
117318     INFO  main            d.u.i.k.p.r.p.TestFile    Now processing file /home/runner/work/key/key/key.core/../key.ui/examples/heap/list_seq/ArrayList.get.key 
117318     INFO  main            d.u.i.k.p.i.AbstractProblemLoader Loading environment from /home/runner/work/key/key/key.core/../key.ui/examples/heap/list_seq/ArrayList.get.key 
117319     DEBUG main            d.u.i.k.p.i.AbstractProblemLoader Environment load took 589.81ns 
117320     INFO  main            d.u.i.k.p.i.AbstractProblemLoader Creating init config 
120215     DEBUG main            d.u.i.k.p.i.AbstractProblemLoader Init config took 2.9s 
120290     INFO  main            d.u.i.k.p.i.AbstractProblemLoader Replaying proof ArrayList[List::get(int)].JML normal_behavior operation contract.0 
120292     DEBUG main            d.u.i.k.p.i.IntermediateProofReplayer Proof replay took 7.8ns 
120796     INFO  main            d.u.i.k.p.r.p.TestFile    ... finished proof: closed. 
120997     INFO  main            d.u.i.k.p.i.AbstractProblemLoader Loading environment from /home/runner/work/key/key/key.core/../key.ui/examples/heap/list_seq/ArrayList.get.key.proof 
120997     DEBUG main            d.u.i.k.p.i.AbstractProblemLoader Environment load took 242.6ns 
120998     INFO  main            d.u.i.k.p.i.AbstractProblemLoader Creating init config 
123869     DEBUG main            d.u.i.k.p.i.AbstractProblemLoader Init config took 2.87s 
123943     INFO  main            d.u.i.k.p.i.AbstractProblemLoader Replaying proof ArrayList[List::get(int)].JML normal_behavior operation contract.0 
123985     DEBUG main            d.u.i.k.p.i.IntermediateProofReplayer Proof replay took 38.97ms 
123986     DEBUG main            d.u.i.k.p.r.p.TestFile    ... success: reloaded. 
123987     INFO  main            d.u.i.k.p.r.p.TestFile    Now processing file /home/runner/work/key/key/key.core/../key.ui/examples/heap/list_seq/ArrayList.newArray.key 
123987     INFO  main            d.u.i.k.p.i.AbstractProblemLoader Loading environment from /home/runner/work/key/key/key.core/../key.ui/examples/heap/list_seq/ArrayList.newArray.key 
123987     DEBUG main            d.u.i.k.p.i.AbstractProblemLoader Environment load took 108ns 
123988     INFO  main            d.u.i.k.p.i.AbstractProblemLoader Creating init config 
126829     DEBUG main            d.u.i.k.p.i.AbstractProblemLoader Init config took 2.84s 
126919     INFO  main            d.u.i.k.p.i.AbstractProblemLoader Replaying proof ArrayList[ArrayList::newArray(int)].JML normal_behavior operation contract.0 
126921     DEBUG main            d.u.i.k.p.i.IntermediateProofReplayer Proof replay took 7ns 
127227     INFO  main            d.u.i.k.p.r.p.TestFile    ... finished proof: closed. 
127431     INFO  main            d.u.i.k.p.i.AbstractProblemLoader Loading environment from /home/runner/work/key/key/key.core/../key.ui/examples/heap/list_seq/ArrayList.newArray.key.proof 
127431     DEBUG main            d.u.i.k.p.i.AbstractProblemLoader Environment load took 553.21ns 
127433     INFO  main            d.u.i.k.p.i.AbstractProblemLoader Creating init config 
130282     DEBUG main            d.u.i.k.p.i.AbstractProblemLoader Init config took 2.85s 
130369     INFO  main            d.u.i.k.p.i.AbstractProblemLoader Replaying proof ArrayList[ArrayList::newArray(int)].JML normal_behavior operation contract.0 
130414     DEBUG main            d.u.i.k.p.i.IntermediateProofReplayer Proof replay took 40.35ms 
130415     DEBUG main            d.u.i.k.p.r.p.TestFile    ... success: reloaded. 
130417     INFO  main            d.u.i.k.p.r.p.TestFile    Now processing file /home/runner/work/key/key/key.core/../key.ui/examples/heap/list_seq/ArrayList.remove.0.key 
130417     INFO  main            d.u.i.k.p.i.AbstractProblemLoader Loading environment from /home/runner/work/key/key/key.core/../key.ui/examples/heap/list_seq/ArrayList.remove.0.key 
130417     DEBUG main            d.u.i.k.p.i.AbstractProblemLoader Environment load took 231.8ns 
130419     INFO  main            d.u.i.k.p.i.AbstractProblemLoader Creating init config 
133328     DEBUG main            d.u.i.k.p.i.AbstractProblemLoader Init config took 2.91s 
133400     INFO  main            d.u.i.k.p.i.AbstractProblemLoader Replaying proof ArrayList[List::remove(java.lang.Object)].JML normal_behavior operation contract.0 
133401     DEBUG main            d.u.i.k.p.i.IntermediateProofReplayer Proof replay took 6.7ns 
135307     INFO  main            d.u.i.k.p.r.p.TestFile    ... finished proof: closed. 
135521     INFO  main            d.u.i.k.p.i.AbstractProblemLoader Loading environment from /home/runner/work/key/key/key.core/../key.ui/examples/heap/list_seq/ArrayList.remove.0.key.proof 
135522     DEBUG main            d.u.i.k.p.i.AbstractProblemLoader Environment load took 944.21ns 
135524     INFO  main            d.u.i.k.p.i.AbstractProblemLoader Creating init config 
138357     DEBUG main            d.u.i.k.p.i.AbstractProblemLoader Init config took 2.83s 
138436     INFO  main            d.u.i.k.p.i.AbstractProblemLoader Replaying proof ArrayList[List::remove(java.lang.Object)].JML normal_behavior operation contract.0 
138779     DEBUG main            d.u.i.k.p.i.IntermediateProofReplayer Proof replay took 328.03ms 
138781     DEBUG main            d.u.i.k.p.r.p.TestFile    ... success: reloaded. 
138783     INFO  main            d.u.i.k.p.r.p.TestFile    Now processing file /home/runner/work/key/key/key.core/../key.ui/examples/heap/list_seq/ArrayList.remove.1.key 
138786     INFO  main            d.u.i.k.p.i.AbstractProblemLoader Loading environment from /home/runner/work/key/key/key.core/../key.ui/examples/heap/list_seq/ArrayList.remove.1.key 
138786     DEBUG main            d.u.i.k.p.i.AbstractProblemLoader Environment load took 534.01ns 
138787     INFO  main            d.u.i.k.p.i.AbstractProblemLoader Creating init config 
141728     DEBUG main            d.u.i.k.p.i.AbstractProblemLoader Init config took 2.94s 
141814     INFO  main            d.u.i.k.p.i.AbstractProblemLoader Replaying proof ArrayList[List::remove(java.lang.Object)].JML normal_behavior operation contract.1 
141816     DEBUG main            d.u.i.k.p.i.IntermediateProofReplayer Proof replay took 7.6ns 
153146     INFO  main            d.u.i.k.p.r.p.TestFile    ... finished proof: closed. 
153405     INFO  main            d.u.i.k.p.i.AbstractProblemLoader Loading environment from /home/runner/work/key/key/key.core/../key.ui/examples/heap/list_seq/ArrayList.remove.1.key.proof 
153406     DEBUG main            d.u.i.k.p.i.AbstractProblemLoader Environment load took 530.31ns 
153408     INFO  main            d.u.i.k.p.i.AbstractProblemLoader Creating init config 
156206     DEBUG main            d.u.i.k.p.i.AbstractProblemLoader Init config took 2.8s 
156290     INFO  main            d.u.i.k.p.i.AbstractProblemLoader Replaying proof ArrayList[List::remove(java.lang.Object)].JML normal_behavior operation contract.1 
157079     DEBUG main            d.u.i.k.p.i.IntermediateProofReplayer Proof replay took 756.5ms 
157082     DEBUG main            d.u.i.k.p.r.p.TestFile    ... success: reloaded. 
1352041    INFO  Test worker     d.u.i.k.p.r.RunAllProofsTestUnit Returning from test list_seq 
1352045    INFO  Test worker     d.u.i.k.p.r.RunAllProofsTestUnit Running test observer 
360        INFO  Timeout watchdog d.u.i.k.p.r.p.ForkedTestFileRunner Timeout watcher launched (2000 secs.) 
379        WARN  main            d.u.i.k.s.ProofSettings   The settings in /home/runner/.key/proof-settings.props are *not* read. 
430        INFO  main            d.u.i.k.p.r.p.TestFile    Now processing file /home/runner/work/key/key/key.core/../key.ui/examples/heap/observer/ExampleObserver_ExampleObserver.key 
603        INFO  main            d.u.i.k.p.i.AbstractProblemLoader Loading environment from /home/runner/work/key/key/key.core/../key.ui/examples/heap/observer/ExampleObserver_ExampleObserver.key 
621        DEBUG main            d.u.i.k.p.i.AbstractProblemLoader Environment load took 2.82ms 
846        INFO  main            d.u.i.k.p.i.AbstractProblemLoader Creating init config 
1813       DEBUG main            d.u.i.k.j.TypeConverter   No LDT found for Meta 
1816       DEBUG main            d.u.i.k.j.TypeConverter   No LDT found for Meta 
1820       DEBUG main            d.u.i.k.j.TypeConverter   No LDT found for Meta 
1820       DEBUG main            d.u.i.k.j.TypeConverter   No LDT found for Meta 
3296       DEBUG main            d.u.i.k.j.TypeConverter   No LDT found for JavaBigintExpression 
8835       DEBUG main            d.u.i.k.p.i.AbstractProblemLoader Init config took 7.99s 
8972       INFO  main            d.u.i.k.p.i.AbstractProblemLoader Replaying proof ExampleObserver[ExampleObserver::ExampleObserver(ExampleSubject)].JML normal_behavior operation contract.0 
9006       DEBUG main            d.u.i.k.p.i.IntermediateProofReplayer Proof replay took 35.5ns 
10076      INFO  main            d.u.i.k.p.r.p.TestFile    ... finished proof: closed. 
10198      INFO  main            d.u.i.k.p.i.AbstractProblemLoader Loading environment from /home/runner/work/key/key/key.core/../key.ui/examples/heap/observer/ExampleObserver_ExampleObserver.key.proof 
10199      DEBUG main            d.u.i.k.p.i.AbstractProblemLoader Environment load took 500.81ns 
10201      INFO  main            d.u.i.k.p.i.AbstractProblemLoader Creating init config 
13188      DEBUG main            d.u.i.k.p.i.AbstractProblemLoader Init config took 2.99s 
13281      INFO  main            d.u.i.k.p.i.AbstractProblemLoader Replaying proof ExampleObserver[ExampleObserver::ExampleObserver(ExampleSubject)].JML normal_behavior operation contract.0 
13450      DEBUG main            d.u.i.k.p.i.IntermediateProofReplayer Proof replay took 160.48ms 
13459      DEBUG main            d.u.i.k.p.r.p.TestFile    ... success: reloaded. 
13464      INFO  main            d.u.i.k.p.r.p.TestFile    Now processing file /home/runner/work/key/key/key.core/../key.ui/examples/heap/observer/ExampleObserver_inv.key 
13464      INFO  main            d.u.i.k.p.i.AbstractProblemLoader Loading environment from /home/runner/work/key/key/key.core/../key.ui/examples/heap/observer/ExampleObserver_inv.key 
13464      DEBUG main            d.u.i.k.p.i.AbstractProblemLoader Environment load took 275.9ns 
13469      INFO  main            d.u.i.k.p.i.AbstractProblemLoader Creating init config 
16402      DEBUG main            d.u.i.k.p.i.AbstractProblemLoader Init config took 2.93s 
16493      INFO  main            d.u.i.k.p.i.AbstractProblemLoader Replaying proof ExampleObserver[java.lang.Object::<inv>()].JML accessible clause.0 
16498      DEBUG main            d.u.i.k.p.i.IntermediateProofReplayer Proof replay took 6.6ns 
16601      INFO  main            d.u.i.k.p.r.p.TestFile    ... finished proof: closed. 
16733      INFO  main            d.u.i.k.p.i.AbstractProblemLoader Loading environment from /home/runner/work/key/key/key.core/../key.ui/examples/heap/observer/ExampleObserver_inv.key.proof 
16733      DEBUG main            d.u.i.k.p.i.AbstractProblemLoader Environment load took 136.2ns 
16738      INFO  main            d.u.i.k.p.i.AbstractProblemLoader Creating init config 
19453      DEBUG main            d.u.i.k.p.i.AbstractProblemLoader Init config took 2.72s 
19513      INFO  main            d.u.i.k.p.i.AbstractProblemLoader Replaying proof ExampleObserver[java.lang.Object::<inv>()].JML accessible clause.0 
19537      DEBUG main            d.u.i.k.p.i.IntermediateProofReplayer Proof replay took 19.12ms 
19538      DEBUG main            d.u.i.k.p.r.p.TestFile    ... success: reloaded. 
19540      INFO  main            d.u.i.k.p.r.p.TestFile    Now processing file /home/runner/work/key/key/key.core/../key.ui/examples/heap/observer/ExampleObserver_subject.key 
19541      INFO  main            d.u.i.k.p.i.AbstractProblemLoader Loading environment from /home/runner/work/key/key/key.core/../key.ui/examples/heap/observer/ExampleObserver_subject.key 
19541      DEBUG main            d.u.i.k.p.i.AbstractProblemLoader Environment load took 131ns 
19544      INFO  main            d.u.i.k.p.i.AbstractProblemLoader Creating init config 
22309      DEBUG main            d.u.i.k.p.i.AbstractProblemLoader Init config took 2.77s 
22358      INFO  main            d.u.i.k.p.i.AbstractProblemLoader Replaying proof Observer[Observer::$subject()].JML accessible clause.0 
22360      DEBUG main            d.u.i.k.p.i.IntermediateProofReplayer Proof replay took 6ns 
22465      INFO  main            d.u.i.k.p.r.p.TestFile    ... finished proof: closed. 
22606      INFO  main            d.u.i.k.p.i.AbstractProblemLoader Loading environment from /home/runner/work/key/key/key.core/../key.ui/examples/heap/observer/ExampleObserver_subject.key.proof 
22606      DEBUG main            d.u.i.k.p.i.AbstractProblemLoader Environment load took 172.8ns 
22610      INFO  main            d.u.i.k.p.i.AbstractProblemLoader Creating init config 
25295      DEBUG main            d.u.i.k.p.i.AbstractProblemLoader Init config took 2.68s 
25343      INFO  main            d.u.i.k.p.i.AbstractProblemLoader Replaying proof Observer[Observer::$subject()].JML accessible clause.0 
25346      DEBUG main            d.u.i.k.p.i.IntermediateProofReplayer Proof replay took 1.5ms 
25347      DEBUG main            d.u.i.k.p.r.p.TestFile    ... success: reloaded. 
25348      INFO  main            d.u.i.k.p.r.p.TestFile    Now processing file /home/runner/work/key/key/key.core/../key.ui/examples/heap/observer/ExampleObserver_update.key 
25349      INFO  main            d.u.i.k.p.i.AbstractProblemLoader Loading environment from /home/runner/work/key/key/key.core/../key.ui/examples/heap/observer/ExampleObserver_update.key 
25349      DEBUG main            d.u.i.k.p.i.AbstractProblemLoader Environment load took 109.3ns 
25350      INFO  main            d.u.i.k.p.i.AbstractProblemLoader Creating init config 
28048      DEBUG main            d.u.i.k.p.i.AbstractProblemLoader Init config took 2.7s 
28111      INFO  main            d.u.i.k.p.i.AbstractProblemLoader Replaying proof ExampleObserver[Observer::update()].JML normal_behavior operation contract.0 
28113      DEBUG main            d.u.i.k.p.i.IntermediateProofReplayer Proof replay took 6.9ns 
28418      INFO  main            d.u.i.k.p.r.p.TestFile    ... finished proof: closed. 
28582      INFO  main            d.u.i.k.p.i.AbstractProblemLoader Loading environment from /home/runner/work/key/key/key.core/../key.ui/examples/heap/observer/ExampleObserver_update.key.proof 
28582      DEBUG main            d.u.i.k.p.i.AbstractProblemLoader Environment load took 142.7ns 
28584      INFO  main            d.u.i.k.p.i.AbstractProblemLoader Creating init config 
31229      DEBUG main            d.u.i.k.p.i.AbstractProblemLoader Init config took 2.65s 
31305      INFO  main            d.u.i.k.p.i.AbstractProblemLoader Replaying proof ExampleObserver[Observer::update()].JML normal_behavior operation contract.0 
31362      DEBUG main            d.u.i.k.p.i.IntermediateProofReplayer Proof replay took 54.09ms 
31366      DEBUG main            d.u.i.k.p.r.p.TestFile    ... success: reloaded. 
31367      INFO  main            d.u.i.k.p.r.p.TestFile    Now processing file /home/runner/work/key/key/key.core/../key.ui/examples/heap/observer/ExampleObserver_upToDate.key 
31368      INFO  main            d.u.i.k.p.i.AbstractProblemLoader Loading environment from /home/runner/work/key/key/key.core/../key.ui/examples/heap/observer/ExampleObserver_upToDate.key 
31368      DEBUG main            d.u.i.k.p.i.AbstractProblemLoader Environment load took 229.4ns 
31369      INFO  main            d.u.i.k.p.i.AbstractProblemLoader Creating init config 
34064      DEBUG main            d.u.i.k.p.i.AbstractProblemLoader Init config took 2.69s 
34109      INFO  main            d.u.i.k.p.i.AbstractProblemLoader Replaying proof ExampleObserver[Observer::$upToDate()].JML accessible clause.0 
34112      DEBUG main            d.u.i.k.p.i.IntermediateProofReplayer Proof replay took 7.3ns 
34216      INFO  main            d.u.i.k.p.r.p.TestFile    ... finished proof: closed. 
34444      INFO  main            d.u.i.k.p.i.AbstractProblemLoader Loading environment from /home/runner/work/key/key/key.core/../key.ui/examples/heap/observer/ExampleObserver_upToDate.key.proof 
34445      DEBUG main            d.u.i.k.p.i.AbstractProblemLoader Environment load took 123.3ns 
34446      INFO  main            d.u.i.k.p.i.AbstractProblemLoader Creating init config 
37089      DEBUG main            d.u.i.k.p.i.AbstractProblemLoader Init config took 2.64s 
37135      INFO  main            d.u.i.k.p.i.AbstractProblemLoader Replaying proof ExampleObserver[Observer::$upToDate()].JML accessible clause.0 
37152      DEBUG main            d.u.i.k.p.i.IntermediateProofReplayer Proof replay took 15.2ms 
37154      DEBUG main            d.u.i.k.p.r.p.TestFile    ... success: reloaded. 
37155      INFO  main            d.u.i.k.p.r.p.TestFile    Now processing file /home/runner/work/key/key/key.core/../key.ui/examples/heap/observer/ExampleObserver_value.key 
37155      INFO  main            d.u.i.k.p.i.AbstractProblemLoader Loading environment from /home/runner/work/key/key/key.core/../key.ui/examples/heap/observer/ExampleObserver_value.key 
37155      DEBUG main            d.u.i.k.p.i.AbstractProblemLoader Environment load took 114.5ns 
37156      INFO  main            d.u.i.k.p.i.AbstractProblemLoader Creating init config 
39825      DEBUG main            d.u.i.k.p.i.AbstractProblemLoader Init config took 2.67s 
39868      INFO  main            d.u.i.k.p.i.AbstractProblemLoader Replaying proof ExampleObserver[ExampleObserver::value()].JML normal_behavior operation contract.0 
39870      DEBUG main            d.u.i.k.p.i.IntermediateProofReplayer Proof replay took 7.2ns 
39976      INFO  main            d.u.i.k.p.r.p.TestFile    ... finished proof: closed. 
40144      INFO  main            d.u.i.k.p.i.AbstractProblemLoader Loading environment from /home/runner/work/key/key/key.core/../key.ui/examples/heap/observer/ExampleObserver_value.key.proof 
40145      DEBUG main            d.u.i.k.p.i.AbstractProblemLoader Environment load took 130.5ns 
40146      INFO  main            d.u.i.k.p.i.AbstractProblemLoader Creating init config 
42810      DEBUG main            d.u.i.k.p.i.AbstractProblemLoader Init config took 2.66s 
42875      INFO  main            d.u.i.k.p.i.AbstractProblemLoader Replaying proof ExampleObserver[ExampleObserver::value()].JML normal_behavior operation contract.0 
42901      DEBUG main            d.u.i.k.p.i.IntermediateProofReplayer Proof replay took 18.89ms 
42902      DEBUG main            d.u.i.k.p.r.p.TestFile    ... success: reloaded. 
42903      INFO  main            d.u.i.k.p.r.p.TestFile    Now processing file /home/runner/work/key/key/key.core/../key.ui/examples/heap/observer/ExampleSubject_addObserver.key 
42903      INFO  main            d.u.i.k.p.i.AbstractProblemLoader Loading environment from /home/runner/work/key/key/key.core/../key.ui/examples/heap/observer/ExampleSubject_addObserver.key 
42904      DEBUG main            d.u.i.k.p.i.AbstractProblemLoader Environment load took 113.1ns 
42905      INFO  main            d.u.i.k.p.i.AbstractProblemLoader Creating init config 
45590      DEBUG main            d.u.i.k.p.i.AbstractProblemLoader Init config took 2.69s 
45637      INFO  main            d.u.i.k.p.i.AbstractProblemLoader Replaying proof ExampleSubject[Subject::addObserver(Observer)].JML normal_behavior operation contract.0 
45639      DEBUG main            d.u.i.k.p.i.IntermediateProofReplayer Proof replay took 7.3ns 
50865      INFO  main            d.u.i.k.p.r.p.TestFile    ... finished proof: closed. 
51104      INFO  main            d.u.i.k.p.i.AbstractProblemLoader Loading environment from /home/runner/work/key/key/key.core/../key.ui/examples/heap/observer/ExampleSubject_addObserver.key.proof 
51105      DEBUG main            d.u.i.k.p.i.AbstractProblemLoader Environment load took 474.81ns 
51108      INFO  main            d.u.i.k.p.i.AbstractProblemLoader Creating init config 
53679      DEBUG main            d.u.i.k.p.i.AbstractProblemLoader Init config took 2.57s 
53726      INFO  main            d.u.i.k.p.i.AbstractProblemLoader Replaying proof ExampleSubject[Subject::addObserver(Observer)].JML normal_behavior operation contract.0 
54213      DEBUG main            d.u.i.k.p.i.IntermediateProofReplayer Proof replay took 465.9ms 
54215      DEBUG main            d.u.i.k.p.r.p.TestFile    ... success: reloaded. 
54217      INFO  main            d.u.i.k.p.r.p.TestFile    Now processing file /home/runner/work/key/key/key.core/../key.ui/examples/heap/observer/ExampleSubject_change.key 
54217      INFO  main            d.u.i.k.p.i.AbstractProblemLoader Loading environment from /home/runner/work/key/key/key.core/../key.ui/examples/heap/observer/ExampleSubject_change.key 
54218      DEBUG main            d.u.i.k.p.i.AbstractProblemLoader Environment load took 214.3ns 
54219      INFO  main            d.u.i.k.p.i.AbstractProblemLoader Creating init config 
56863      DEBUG main            d.u.i.k.p.i.AbstractProblemLoader Init config took 2.64s 
56910      INFO  main            d.u.i.k.p.i.AbstractProblemLoader Replaying proof ExampleSubject[ExampleSubject::change()].JML normal_behavior operation contract.0 
56912      DEBUG main            d.u.i.k.p.i.IntermediateProofReplayer Proof replay took 15.6ns 
57417      INFO  main            d.u.i.k.p.r.p.TestFile    ... finished proof: closed. 
57632      INFO  main            d.u.i.k.p.i.AbstractProblemLoader Loading environment from /home/runner/work/key/key/key.core/../key.ui/examples/heap/observer/ExampleSubject_change.key.proof 
57633      DEBUG main            d.u.i.k.p.i.AbstractProblemLoader Environment load took 474.11ns 
57634      INFO  main            d.u.i.k.p.i.AbstractProblemLoader Creating init config 
60251      DEBUG main            d.u.i.k.p.i.AbstractProblemLoader Init config took 2.62s 
60295      INFO  main            d.u.i.k.p.i.AbstractProblemLoader Replaying proof ExampleSubject[ExampleSubject::change()].JML normal_behavior operation contract.0 
60348      DEBUG main            d.u.i.k.p.i.IntermediateProofReplayer Proof replay took 48.7ms 
60349      DEBUG main            d.u.i.k.p.r.p.TestFile    ... success: reloaded. 
60351      INFO  main            d.u.i.k.p.r.p.TestFile    Now processing file /home/runner/work/key/key/key.core/../key.ui/examples/heap/observer/ExampleSubject_ExampleSubject.key 
60351      INFO  main            d.u.i.k.p.i.AbstractProblemLoader Loading environment from /home/runner/work/key/key/key.core/../key.ui/examples/heap/observer/ExampleSubject_ExampleSubject.key 
60352      DEBUG main            d.u.i.k.p.i.AbstractProblemLoader Environment load took 228.8ns 
60353      INFO  main            d.u.i.k.p.i.AbstractProblemLoader Creating init config 
63004      DEBUG main            d.u.i.k.p.i.AbstractProblemLoader Init config took 2.65s 
63050      INFO  main            d.u.i.k.p.i.AbstractProblemLoader Replaying proof ExampleSubject[ExampleSubject::ExampleSubject()].JML normal_behavior operation contract.0 
63052      DEBUG main            d.u.i.k.p.i.IntermediateProofReplayer Proof replay took 6.3ns 
64080      INFO  main            d.u.i.k.p.r.p.TestFile    ... finished proof: closed. 
64292      INFO  main            d.u.i.k.p.i.AbstractProblemLoader Loading environment from /home/runner/work/key/key/key.core/../key.ui/examples/heap/observer/ExampleSubject_ExampleSubject.key.proof 
64292      DEBUG main            d.u.i.k.p.i.AbstractProblemLoader Environment load took 474.61ns 
64294      INFO  main            d.u.i.k.p.i.AbstractProblemLoader Creating init config 
66880      DEBUG main            d.u.i.k.p.i.AbstractProblemLoader Init config took 2.59s 
66935      INFO  main            d.u.i.k.p.i.AbstractProblemLoader Replaying proof ExampleSubject[ExampleSubject::ExampleSubject()].JML normal_behavior operation contract.0 
67072      DEBUG main            d.u.i.k.p.i.IntermediateProofReplayer Proof replay took 130.11ms 
67074      DEBUG main            d.u.i.k.p.r.p.TestFile    ... success: reloaded. 
67075      INFO  main            d.u.i.k.p.r.p.TestFile    Now processing file /home/runner/work/key/key/key.core/../key.ui/examples/heap/observer/ExampleSubject_footprint.key 
67075      INFO  main            d.u.i.k.p.i.AbstractProblemLoader Loading environment from /home/runner/work/key/key/key.core/../key.ui/examples/heap/observer/ExampleSubject_footprint.key 
67075      DEBUG main            d.u.i.k.p.i.AbstractProblemLoader Environment load took 168.9ns 
67076      INFO  main            d.u.i.k.p.i.AbstractProblemLoader Creating init config 
69663      DEBUG main            d.u.i.k.p.i.AbstractProblemLoader Init config took 2.59s 
69705      INFO  main            d.u.i.k.p.i.AbstractProblemLoader Replaying proof ExampleSubject[Subject::$footprint()].JML accessible clause.0 
69707      DEBUG main            d.u.i.k.p.i.IntermediateProofReplayer Proof replay took 7ns 
69811      INFO  main            d.u.i.k.p.r.p.TestFile    ... finished proof: closed. 
70013      INFO  main            d.u.i.k.p.i.AbstractProblemLoader Loading environment from /home/runner/work/key/key/key.core/../key.ui/examples/heap/observer/ExampleSubject_footprint.key.proof 
70014      DEBUG main            d.u.i.k.p.i.AbstractProblemLoader Environment load took 126.4ns 
70014      INFO  main            d.u.i.k.p.i.AbstractProblemLoader Creating init config 
72588      DEBUG main            d.u.i.k.p.i.AbstractProblemLoader Init config took 2.57s 
72650      INFO  main            d.u.i.k.p.i.AbstractProblemLoader Replaying proof ExampleSubject[Subject::$footprint()].JML accessible clause.0 
72663      DEBUG main            d.u.i.k.p.i.IntermediateProofReplayer Proof replay took 10.45ms 
72664      DEBUG main            d.u.i.k.p.r.p.TestFile    ... success: reloaded. 
72665      INFO  main            d.u.i.k.p.r.p.TestFile    Now processing file /home/runner/work/key/key/key.core/../key.ui/examples/heap/observer/ExampleSubject_inv.key 
72666      INFO  main            d.u.i.k.p.i.AbstractProblemLoader Loading environment from /home/runner/work/key/key/key.core/../key.ui/examples/heap/observer/ExampleSubject_inv.key 
72666      DEBUG main            d.u.i.k.p.i.AbstractProblemLoader Environment load took 261.5ns 
72667      INFO  main            d.u.i.k.p.i.AbstractProblemLoader Creating init config 
75311      DEBUG main            d.u.i.k.p.i.AbstractProblemLoader Init config took 2.64s 
75353      INFO  main            d.u.i.k.p.i.AbstractProblemLoader Replaying proof ExampleSubject[java.lang.Object::<inv>()].JML accessible clause.0 
75355      DEBUG main            d.u.i.k.p.i.IntermediateProofReplayer Proof replay took 6.4ns 
76459      INFO  main            d.u.i.k.p.r.p.TestFile    ... finished proof: closed. 
76677      INFO  main            d.u.i.k.p.i.AbstractProblemLoader Loading environment from /home/runner/work/key/key/key.core/../key.ui/examples/heap/observer/ExampleSubject_inv.key.proof 
76678      DEBUG main            d.u.i.k.p.i.AbstractProblemLoader Environment load took 639.31ns 
76680      INFO  main            d.u.i.k.p.i.AbstractProblemLoader Creating init config 
79269      DEBUG main            d.u.i.k.p.i.AbstractProblemLoader Init config took 2.59s 
79313      INFO  main            d.u.i.k.p.i.AbstractProblemLoader Replaying proof ExampleSubject[java.lang.Object::<inv>()].JML accessible clause.0 
79384      DEBUG main            d.u.i.k.p.i.IntermediateProofReplayer Proof replay took 63.97ms 
79385      DEBUG main            d.u.i.k.p.r.p.TestFile    ... success: reloaded. 
79388      INFO  main            d.u.i.k.p.r.p.TestFile    Now processing file /home/runner/work/key/key/key.core/../key.ui/examples/heap/observer/ExampleSubject_notifyObservers.key 
79388      INFO  main            d.u.i.k.p.i.AbstractProblemLoader Loading environment from /home/runner/work/key/key/key.core/../key.ui/examples/heap/observer/ExampleSubject_notifyObservers.key 
79388      DEBUG main            d.u.i.k.p.i.AbstractProblemLoader Environment load took 226ns 
79389      INFO  main            d.u.i.k.p.i.AbstractProblemLoader Creating init config 
81987      DEBUG main            d.u.i.k.p.i.AbstractProblemLoader Init config took 2.6s 
82030      INFO  main            d.u.i.k.p.i.AbstractProblemLoader Replaying proof Subject[Subject::notifyObservers()].JML normal_behavior operation contract.0 
82032      DEBUG main            d.u.i.k.p.i.IntermediateProofReplayer Proof replay took 5.8ns 
82134      INFO  main            d.u.i.k.p.r.p.TestFile    ... finished proof: closed. 
82335      INFO  main            d.u.i.k.p.i.AbstractProblemLoader Loading environment from /home/runner/work/key/key/key.core/../key.ui/examples/heap/observer/ExampleSubject_notifyObservers.key.proof 
82335      DEBUG main            d.u.i.k.p.i.AbstractProblemLoader Environment load took 144.8ns 
82336      INFO  main            d.u.i.k.p.i.AbstractProblemLoader Creating init config 
84896      DEBUG main            d.u.i.k.p.i.AbstractProblemLoader Init config took 2.56s 
84938      INFO  main            d.u.i.k.p.i.AbstractProblemLoader Replaying proof Subject[Subject::notifyObservers()].JML normal_behavior operation contract.0 
84942      DEBUG main            d.u.i.k.p.i.IntermediateProofReplayer Proof replay took 2.27ms 
84943      DEBUG main            d.u.i.k.p.r.p.TestFile    ... success: reloaded. 
84944      INFO  main            d.u.i.k.p.r.p.TestFile    Now processing file /home/runner/work/key/key/key.core/../key.ui/examples/heap/observer/ExampleSubject_value_dep.key 
84945      INFO  main            d.u.i.k.p.i.AbstractProblemLoader Loading environment from /home/runner/work/key/key/key.core/../key.ui/examples/heap/observer/ExampleSubject_value_dep.key 
84945      DEBUG main            d.u.i.k.p.i.AbstractProblemLoader Environment load took 223.1ns 
84946      INFO  main            d.u.i.k.p.i.AbstractProblemLoader Creating init config 
87578      DEBUG main            d.u.i.k.p.i.AbstractProblemLoader Init config took 2.63s 
87619      INFO  main            d.u.i.k.p.i.AbstractProblemLoader Replaying proof ExampleSubject[ExampleSubject::value()].JML accessible clause.0 
87620      DEBUG main            d.u.i.k.p.i.IntermediateProofReplayer Proof replay took 7ns 
87723      INFO  main            d.u.i.k.p.r.p.TestFile    ... finished proof: closed. 
87945      INFO  main            d.u.i.k.p.i.AbstractProblemLoader Loading environment from /home/runner/work/key/key/key.core/../key.ui/examples/heap/observer/ExampleSubject_value_dep.key.proof 
87945      DEBUG main            d.u.i.k.p.i.AbstractProblemLoader Environment load took 118.5ns 
87946      INFO  main            d.u.i.k.p.i.AbstractProblemLoader Creating init config 
90464      DEBUG main            d.u.i.k.p.i.AbstractProblemLoader Init config took 2.52s 
90512      INFO  main            d.u.i.k.p.i.AbstractProblemLoader Replaying proof ExampleSubject[ExampleSubject::value()].JML accessible clause.0 
90526      DEBUG main            d.u.i.k.p.i.IntermediateProofReplayer Proof replay took 10.98ms 
90528      DEBUG main            d.u.i.k.p.r.p.TestFile    ... success: reloaded. 
90531      INFO  main            d.u.i.k.p.r.p.TestFile    Now processing file /home/runner/work/key/key/key.core/../key.ui/examples/heap/observer/ExampleSubject_value.key 
90531      INFO  main            d.u.i.k.p.i.AbstractProblemLoader Loading environment from /home/runner/work/key/key/key.core/../key.ui/examples/heap/observer/ExampleSubject_value.key 
90531      DEBUG main            d.u.i.k.p.i.AbstractProblemLoader Environment load took 64.8ns 
90532      INFO  main            d.u.i.k.p.i.AbstractProblemLoader Creating init config 
93144      DEBUG main            d.u.i.k.p.i.AbstractProblemLoader Init config took 2.61s 
93185      INFO  main            d.u.i.k.p.i.AbstractProblemLoader Replaying proof ExampleSubject[ExampleSubject::value()].JML normal_behavior operation contract.0 
93186      DEBUG main            d.u.i.k.p.i.IntermediateProofReplayer Proof replay took 5.9ns 
93289      INFO  main            d.u.i.k.p.r.p.TestFile    ... finished proof: closed. 
93510      INFO  main            d.u.i.k.p.i.AbstractProblemLoader Loading environment from /home/runner/work/key/key/key.core/../key.ui/examples/heap/observer/ExampleSubject_value.key.proof 
93510      DEBUG main            d.u.i.k.p.i.AbstractProblemLoader Environment load took 120.7ns 
93511      INFO  main            d.u.i.k.p.i.AbstractProblemLoader Creating init config 
96047      DEBUG main            d.u.i.k.p.i.AbstractProblemLoader Init config took 2.54s 
96089      INFO  main            d.u.i.k.p.i.AbstractProblemLoader Replaying proof ExampleSubject[ExampleSubject::value()].JML normal_behavior operation contract.0 
96099      DEBUG main            d.u.i.k.p.i.IntermediateProofReplayer Proof replay took 8.41ms 
96100      DEBUG main            d.u.i.k.p.r.p.TestFile    ... success: reloaded. 
1448306    INFO  Test worker     d.u.i.k.p.r.RunAllProofsTestUnit Returning from test observer 
1448307    INFO  Test worker     d.u.i.k.p.r.RunAllProofsTestUnit Running test removeDups 
338        INFO  Timeout watchdog d.u.i.k.p.r.p.ForkedTestFileRunner Timeout watcher launched (2000 secs.) 
345        WARN  main            d.u.i.k.s.ProofSettings   The settings in /home/runner/.key/proof-settings.props are *not* read. 
377        INFO  main            d.u.i.k.p.r.p.TestFile    Now processing file /home/runner/work/key/key/key.core/../key.ui/examples/heap/removeDups/arrayPart.key 
483        INFO  main            d.u.i.k.p.i.AbstractProblemLoader Loading environment from /home/runner/work/key/key/key.core/../key.ui/examples/heap/removeDups/arrayPart.key 
510        DEBUG main            d.u.i.k.p.i.AbstractProblemLoader Environment load took 2.19ms 
733        INFO  main            d.u.i.k.p.i.AbstractProblemLoader Creating init config 
1555       DEBUG main            d.u.i.k.j.TypeConverter   No LDT found for Meta 
1556       DEBUG main            d.u.i.k.j.TypeConverter   No LDT found for Meta 
1557       DEBUG main            d.u.i.k.j.TypeConverter   No LDT found for Meta 
1557       DEBUG main            d.u.i.k.j.TypeConverter   No LDT found for Meta 
3201       DEBUG main            d.u.i.k.j.TypeConverter   No LDT found for JavaBigintExpression 
8139       DEBUG main            d.u.i.k.p.i.AbstractProblemLoader Init config took 7.41s 
8263       INFO  main            d.u.i.k.p.i.AbstractProblemLoader Replaying proof RemoveDup[RemoveDup::arrayPart([I,int)].JML normal_behavior operation contract.0 
8296       DEBUG main            d.u.i.k.p.i.IntermediateProofReplayer Proof replay took 34.3ns 
10916      INFO  main            d.u.i.k.p.r.p.TestFile    ... finished proof: closed. 
11068      INFO  main            d.u.i.k.p.i.AbstractProblemLoader Loading environment from /home/runner/work/key/key/key.core/../key.ui/examples/heap/removeDups/arrayPart.key.proof 
11078      DEBUG main            d.u.i.k.p.i.AbstractProblemLoader Environment load took 9.29ms 
11080      INFO  main            d.u.i.k.p.i.AbstractProblemLoader Creating init config 
13859      DEBUG main            d.u.i.k.p.i.AbstractProblemLoader Init config took 2.78s 
13935      INFO  main            d.u.i.k.p.i.AbstractProblemLoader Replaying proof RemoveDup[RemoveDup::arrayPart([I,int)].JML normal_behavior operation contract.0 
14210      DEBUG main            d.u.i.k.p.i.IntermediateProofReplayer Proof replay took 262.09ms 
14217      DEBUG main            d.u.i.k.p.r.p.TestFile    ... success: reloaded. 
14218      INFO  main            d.u.i.k.p.r.p.TestFile    Now processing file /home/runner/work/key/key/key.core/../key.ui/examples/heap/removeDups/contains.key 
14219      INFO  main            d.u.i.k.p.i.AbstractProblemLoader Loading environment from /home/runner/work/key/key/key.core/../key.ui/examples/heap/removeDups/contains.key 
14219      DEBUG main            d.u.i.k.p.i.AbstractProblemLoader Environment load took 242.1ns 
14221      INFO  main            d.u.i.k.p.i.AbstractProblemLoader Creating init config 
16957      DEBUG main            d.u.i.k.p.i.AbstractProblemLoader Init config took 2.74s 
17015      INFO  main            d.u.i.k.p.i.AbstractProblemLoader Replaying proof RemoveDup[RemoveDup::contains([I,int,int)].JML normal_behavior operation contract.0 
17017      DEBUG main            d.u.i.k.p.i.IntermediateProofReplayer Proof replay took 7.6ns 
17622      INFO  main            d.u.i.k.p.r.p.TestFile    ... finished proof: closed. 
17784      INFO  main            d.u.i.k.p.i.AbstractProblemLoader Loading environment from /home/runner/work/key/key/key.core/../key.ui/examples/heap/removeDups/contains.key.proof 
17787      DEBUG main            d.u.i.k.p.i.AbstractProblemLoader Environment load took 3ms 
17789      INFO  main            d.u.i.k.p.i.AbstractProblemLoader Creating init config 
20443      DEBUG main            d.u.i.k.p.i.AbstractProblemLoader Init config took 2.65s 
20509      INFO  main            d.u.i.k.p.i.AbstractProblemLoader Replaying proof RemoveDup[RemoveDup::contains([I,int,int)].JML normal_behavior operation contract.0 
20599      DEBUG main            d.u.i.k.p.i.IntermediateProofReplayer Proof replay took 84.62ms 
20601      DEBUG main            d.u.i.k.p.r.p.TestFile    ... success: reloaded. 
20602      INFO  main            d.u.i.k.p.r.p.TestFile    Now processing file /home/runner/work/key/key/key.core/../key.ui/examples/heap/removeDups/removeDup.key 
20603      INFO  main            d.u.i.k.p.i.AbstractProblemLoader Loading environment from /home/runner/work/key/key/key.core/../key.ui/examples/heap/removeDups/removeDup.key 
20603      DEBUG main            d.u.i.k.p.i.AbstractProblemLoader Environment load took 291.8ns 
20606      INFO  main            d.u.i.k.p.i.AbstractProblemLoader Creating init config 
23330      DEBUG main            d.u.i.k.p.i.AbstractProblemLoader Init config took 2.72s 
23379      INFO  main            d.u.i.k.p.i.AbstractProblemLoader Replaying proof RemoveDup[RemoveDup::removeDup([I)].JML normal_behavior operation contract.0 
23381      DEBUG main            d.u.i.k.p.i.IntermediateProofReplayer Proof replay took 6.2ns 
44362      INFO  main            d.u.i.k.p.r.p.TestFile    ... finished proof: closed. 
44612      INFO  main            d.u.i.k.p.i.AbstractProblemLoader Loading environment from /home/runner/work/key/key/key.core/../key.ui/examples/heap/removeDups/removeDup.key.proof 
44612      DEBUG main            d.u.i.k.p.i.AbstractProblemLoader Environment load took 250.7ns 
44624      INFO  main            d.u.i.k.p.i.AbstractProblemLoader Creating init config 
47177      DEBUG main            d.u.i.k.p.i.AbstractProblemLoader Init config took 2.55s 
47224      INFO  main            d.u.i.k.p.i.AbstractProblemLoader Replaying proof RemoveDup[RemoveDup::removeDup([I)].JML normal_behavior operation contract.0 
48461      DEBUG main            d.u.i.k.p.i.IntermediateProofReplayer Proof replay took 1.18s 
48464      DEBUG main            d.u.i.k.p.r.p.TestFile    ... success: reloaded. 
48465      INFO  main            d.u.i.k.p.r.p.TestFile    Now processing file /home/runner/work/key/key/key.core/../key.ui/examples/heap/saddleback_search/Saddleback_search.key 
48466      INFO  main            d.u.i.k.p.i.AbstractProblemLoader Loading environment from /home/runner/work/key/key/key.core/../key.ui/examples/heap/saddleback_search/Saddleback_search.key 
48466      DEBUG main            d.u.i.k.p.i.AbstractProblemLoader Environment load took 259.6ns 
48467      INFO  main            d.u.i.k.p.i.AbstractProblemLoader Creating init config 
51204      DEBUG main            d.u.i.k.p.i.AbstractProblemLoader Init config took 2.74s 
51245      INFO  main            d.u.i.k.p.i.AbstractProblemLoader Replaying proof Saddleback[Saddleback::search([[I,int)].JML normal_behavior operation contract.0 
51254      DEBUG main            d.u.i.k.p.i.IntermediateProofReplayer Proof replay took 7.2ns 
131599     INFO  main            d.u.i.k.p.r.p.TestFile    ... finished proof: closed. 
131962     INFO  main            d.u.i.k.p.i.AbstractProblemLoader Loading environment from /home/runner/work/key/key/key.core/../key.ui/examples/heap/saddleback_search/Saddleback_search.key.proof 
131963     DEBUG main            d.u.i.k.p.i.AbstractProblemLoader Environment load took 473.91ns 
131972     INFO  main            d.u.i.k.p.i.AbstractProblemLoader Creating init config 
134503     DEBUG main            d.u.i.k.p.i.AbstractProblemLoader Init config took 2.53s 
134542     INFO  main            d.u.i.k.p.i.AbstractProblemLoader Replaying proof Saddleback[Saddleback::search([[I,int)].JML normal_behavior operation contract.0 
136131     DEBUG main            d.u.i.k.p.i.IntermediateProofReplayer Proof replay took 1.43s 
136141     DEBUG main            d.u.i.k.p.r.p.TestFile    ... success: reloaded. 
1584618    INFO  Test worker     d.u.i.k.p.r.RunAllProofsTestUnit Returning from test removeDups 
1584620    INFO  Test worker     d.u.i.k.p.r.RunAllProofsTestUnit Running test quicksort 
353        INFO  Timeout watchdog d.u.i.k.p.r.p.ForkedTestFileRunner Timeout watcher launched (2000 secs.) 
355        WARN  main            d.u.i.k.s.ProofSettings   The settings in /home/runner/.key/proof-settings.props are *not* read. 
383        INFO  main            d.u.i.k.p.r.p.TestFile    Now processing file /home/runner/work/key/key/key.core/../key.ui/examples/heap/quicksort/toplevel.key 
488        INFO  main            d.u.i.k.p.i.AbstractProblemLoader Loading environment from /home/runner/work/key/key/key.core/../key.ui/examples/heap/quicksort/toplevel.key 
510        DEBUG main            d.u.i.k.p.i.AbstractProblemLoader Environment load took 2.01ms 
732        INFO  main            d.u.i.k.p.i.AbstractProblemLoader Creating init config 
1735       DEBUG main            d.u.i.k.j.TypeConverter   No LDT found for Meta 
1736       DEBUG main            d.u.i.k.j.TypeConverter   No LDT found for Meta 
1739       DEBUG main            d.u.i.k.j.TypeConverter   No LDT found for Meta 
1739       DEBUG main            d.u.i.k.j.TypeConverter   No LDT found for Meta 
3562       DEBUG main            d.u.i.k.j.TypeConverter   No LDT found for JavaBigintExpression 
8485       DEBUG main            d.u.i.k.p.i.AbstractProblemLoader Init config took 7.75s 
8608       INFO  main            d.u.i.k.p.i.AbstractProblemLoader Replaying proof Quicksort[Quicksort::sort([I)].JML normal_behavior operation contract.0 
8642       DEBUG main            d.u.i.k.p.i.IntermediateProofReplayer Proof replay took 32.6ns 
9880       INFO  main            d.u.i.k.p.r.p.TestFile    ... finished proof: closed. 
10040      INFO  main            d.u.i.k.p.i.AbstractProblemLoader Loading environment from /home/runner/work/key/key/key.core/../key.ui/examples/heap/quicksort/toplevel.key.proof 
10045      DEBUG main            d.u.i.k.p.i.AbstractProblemLoader Environment load took 4.89ms 
10047      INFO  main            d.u.i.k.p.i.AbstractProblemLoader Creating init config 
12897      DEBUG main            d.u.i.k.p.i.AbstractProblemLoader Init config took 2.85s 
12984      INFO  main            d.u.i.k.p.i.AbstractProblemLoader Replaying proof Quicksort[Quicksort::sort([I)].JML normal_behavior operation contract.0 
13118      DEBUG main            d.u.i.k.p.i.IntermediateProofReplayer Proof replay took 126ms 
13125      DEBUG main            d.u.i.k.p.r.p.TestFile    ... success: reloaded. 
13127      INFO  main            d.u.i.k.p.r.p.TestFile    Now processing file /home/runner/work/key/key/key.core/../key.ui/examples/heap/quicksort/sort.key 
13127      INFO  main            d.u.i.k.p.i.AbstractProblemLoader Loading environment from /home/runner/work/key/key/key.core/../key.ui/examples/heap/quicksort/sort.key 
13128      DEBUG main            d.u.i.k.p.i.AbstractProblemLoader Environment load took 243.2ns 
13130      INFO  main            d.u.i.k.p.i.AbstractProblemLoader Creating init config 
15926      DEBUG main            d.u.i.k.p.i.AbstractProblemLoader Init config took 2.8s 
15987      INFO  main            d.u.i.k.p.i.AbstractProblemLoader Replaying proof Quicksort[Quicksort::sort([I,int,int)].JML normal_behavior operation contract.0 
15991      DEBUG main            d.u.i.k.p.i.IntermediateProofReplayer Proof replay took 7.7ns 
16020      DEBUG main            d.u.i.k.m.s.ProofScriptEngine [1] goal: 0, source line: 7, command: 'script 'sort.script'' 
16021      INFO  main            d.u.i.k.m.s.ProofScriptCommand Included script /home/runner/work/key/key/key.core/../key.ui/examples/heap/quicksort/sort.script 
16023      DEBUG main            d.u.i.k.m.s.ProofScriptEngine [1] goal: 0, source line: 1, command: 'macro autopilot-prep' 
17175      DEBUG main            d.u.i.k.m.s.ProofScriptEngine [2] goal: 358, source line: 3, command: 'select formula="{heapAtPre:=heap || exc:=null || heap:=heapAfter_sort_0}
   seq ...' 
17177      DEBUG main            d.u.i.k.m.s.ProofScriptEngine [3] goal: 358, source line: 9, command: 'macro simp-upd' 
17189      DEBUG main            d.u.i.k.m.s.ProofScriptEngine [4] goal: 369, source line: 11, command: 'let   @seqPre="seqDef{int u;}(0, array.length, array[u])"
    @seqSplit="seqDef ...' 
17193      DEBUG main            d.u.i.k.m.s.ProofScriptEngine [5] goal: 369, source line: 16, command: 'rule seqPermSym 
  formula="seqPerm(@seqSplit, @seqPre)"' 
17211      DEBUG main            d.u.i.k.m.s.ProofScriptEngine [6] goal: 370, source line: 19, command: 'rule seqPermSym
  formula="seqPerm(@seqSort, @seqSplit)"' 
17214      DEBUG main            d.u.i.k.m.s.ProofScriptEngine [7] goal: 371, source line: 22, command: 'rule seqPermSym
  formula="seqPerm(@seqSort0, @seqSort)"' 
17215      DEBUG main            d.u.i.k.m.s.ProofScriptEngine [8] goal: 372, source line: 25, command: 'rule seqPermTrans
  formula="seqPerm(@seqPre, @seqSplit)"' 
17217      DEBUG main            d.u.i.k.m.s.ProofScriptEngine [9] goal: 373, source line: 28, command: 'rule seqPermTrans
  formula="seqPerm(@seqPre, @seqSort)"' 
17218      DEBUG main            d.u.i.k.m.s.ProofScriptEngine [10] goal: 374, source line: 31, command: 'rule seqPermSym
  formula="seqPerm(@seqPre, @seqSort0)"' 
17219      DEBUG main            d.u.i.k.m.s.ProofScriptEngine [11] goal: 375, source line: 34, command: 'tryclose' 
43172      INFO  main            d.u.i.k.p.r.p.TestFile    ... finished proof: closed. 
43462      INFO  main            d.u.i.k.p.i.AbstractProblemLoader Loading environment from /home/runner/work/key/key/key.core/../key.ui/examples/heap/quicksort/sort.key.proof 
43462      DEBUG main            d.u.i.k.p.i.AbstractProblemLoader Environment load took 267.6ns 
43470      INFO  main            d.u.i.k.p.i.AbstractProblemLoader Creating init config 
46160      DEBUG main            d.u.i.k.p.i.AbstractProblemLoader Init config took 2.69s 
46214      INFO  main            d.u.i.k.p.i.AbstractProblemLoader Replaying proof Quicksort[Quicksort::sort([I,int,int)].JML normal_behavior operation contract.0 
47858      DEBUG main            d.u.i.k.p.i.IntermediateProofReplayer Proof replay took 1.51s 
47866      DEBUG main            d.u.i.k.p.r.p.TestFile    ... success: reloaded. 
47868      INFO  main            d.u.i.k.p.r.p.TestFile    Now processing file /home/runner/work/key/key/key.core/../key.ui/examples/heap/quicksort/split.key 
47877      INFO  main            d.u.i.k.p.i.AbstractProblemLoader Loading environment from /home/runner/work/key/key/key.core/../key.ui/examples/heap/quicksort/split.key 
47878      DEBUG main            d.u.i.k.p.i.AbstractProblemLoader Environment load took 702.71ns 
47880      INFO  main            d.u.i.k.p.i.AbstractProblemLoader Creating init config 
50704      DEBUG main            d.u.i.k.p.i.AbstractProblemLoader Init config took 2.82s 
50755      INFO  main            d.u.i.k.p.i.AbstractProblemLoader Replaying proof Quicksort[Quicksort::split([I,int,int)].JML normal_behavior operation contract.0 
50758      DEBUG main            d.u.i.k.p.i.IntermediateProofReplayer Proof replay took 20.7ns 
50758      DEBUG main            d.u.i.k.m.s.ProofScriptEngine [1] goal: 0, source line: 15, command: 'macro autopilot-prep' 
51955      DEBUG main            d.u.i.k.m.s.ProofScriptEngine [2] goal: 520, source line: 17, command: 'tryclose' 
89836      DEBUG main            d.u.i.k.m.s.ProofScriptEngine [3] goal: 495, source line: 20, command: 'macro simp-upd' 
89951      DEBUG main            d.u.i.k.m.s.ProofScriptEngine [4] goal: 495, source line: 25, command: 'rule seqPermFromSwap' 
89964      DEBUG main            d.u.i.k.m.s.ProofScriptEngine [5] goal: 40829, source line: 26, command: 'rule andRight' 
89968      DEBUG main            d.u.i.k.m.s.ProofScriptEngine [6] goal: 40830, source line: 27, command: 'auto' 
89994      DEBUG main            d.u.i.k.m.s.ProofScriptEngine [7] goal: 40831, source line: 29, command: 'instantiate hide var=iv with=i_0' 
89996      DEBUG main            d.u.i.k.m.s.ProofScriptEngine [8] goal: 40836, source line: 31, command: 'instantiate hide var=jv with=j_0' 
89999      DEBUG main            d.u.i.k.m.s.ProofScriptEngine [9] goal: 40837, source line: 32, command: 'auto' 
96385      DEBUG main            d.u.i.k.m.s.ProofScriptEngine [10] goal: 190, source line: 34, command: 'macro simp-upd' 
96552      DEBUG main            d.u.i.k.m.s.ProofScriptEngine [11] goal: 46168, source line: 36, command: 'rule seqPermFromSwap' 
96554      DEBUG main            d.u.i.k.m.s.ProofScriptEngine [12] goal: 46169, source line: 37, command: 'rule andRight' 
96559      DEBUG main            d.u.i.k.m.s.ProofScriptEngine [13] goal: 46170, source line: 38, command: 'auto' 
96582      DEBUG main            d.u.i.k.m.s.ProofScriptEngine [14] goal: 46171, source line: 40, command: 'instantiate hide var=iv with=i_0' 
96584      DEBUG main            d.u.i.k.m.s.ProofScriptEngine [15] goal: 46176, source line: 42, command: 'instantiate hide var=jv with=to' 
96587      DEBUG main            d.u.i.k.m.s.ProofScriptEngine [16] goal: 46177, source line: 43, command: 'auto' 
101859     INFO  main            d.u.i.k.p.r.p.TestFile    ... finished proof: closed. 
102358     INFO  main            d.u.i.k.p.i.AbstractProblemLoader Loading environment from /home/runner/work/key/key/key.core/../key.ui/examples/heap/quicksort/split.key.proof 
102358     DEBUG main            d.u.i.k.p.i.AbstractProblemLoader Environment load took 222.4ns 
102375     INFO  main            d.u.i.k.p.i.AbstractProblemLoader Creating init config 
105035     DEBUG main            d.u.i.k.p.i.AbstractProblemLoader Init config took 2.66s 
105092     INFO  main            d.u.i.k.p.i.AbstractProblemLoader Replaying proof Quicksort[Quicksort::split([I,int,int)].JML normal_behavior operation contract.0 
107594     DEBUG main            d.u.i.k.p.i.IntermediateProofReplayer Proof replay took 2.28s 
107606     DEBUG main            d.u.i.k.p.r.p.TestFile    ... success: reloaded. 
1692392    INFO  Test worker     d.u.i.k.p.r.RunAllProofsTestUnit Returning from test quicksort 
1692394    INFO  Test worker     d.u.i.k.p.r.RunAllProofsTestUnit Running test simpleTests 
330        INFO  Timeout watchdog d.u.i.k.p.r.p.ForkedTestFileRunner Timeout watcher launched (2000 secs.) 
346        WARN  main            d.u.i.k.s.ProofSettings   The settings in /home/runner/.key/proof-settings.props are *not* read. 
393        INFO  main            d.u.i.k.p.r.p.TestFile    Now processing file /home/runner/work/key/key/key.core/../key.ui/examples/heap/simple/anonymise_datagroup.key 
536        INFO  main            d.u.i.k.p.i.AbstractProblemLoader Loading environment from /home/runner/work/key/key/key.core/../key.ui/examples/heap/simple/anonymise_datagroup.key 
568        DEBUG main            d.u.i.k.p.i.AbstractProblemLoader Environment load took 2.1ms 
859        INFO  main            d.u.i.k.p.i.AbstractProblemLoader Creating init config 
1634       DEBUG main            d.u.i.k.j.TypeConverter   No LDT found for Meta 
1637       DEBUG main            d.u.i.k.j.TypeConverter   No LDT found for Meta 
1640       DEBUG main            d.u.i.k.j.TypeConverter   No LDT found for Meta 
1641       DEBUG main            d.u.i.k.j.TypeConverter   No LDT found for Meta 
2875       DEBUG main            d.u.i.k.j.TypeConverter   No LDT found for JavaBigintExpression 
7860       DEBUG main            d.u.i.k.p.i.AbstractProblemLoader Init config took 7s 
7918       INFO  main            d.u.i.k.p.i.AbstractProblemLoader Replaying proof anonymise_datagroup.key 
7952       DEBUG main            d.u.i.k.p.i.IntermediateProofReplayer Proof replay took 36ns 
8220       INFO  main            d.u.i.k.p.r.p.TestFile    ... finished proof: closed. 
8346       INFO  main            d.u.i.k.p.i.AbstractProblemLoader Loading environment from /home/runner/work/key/key/key.core/../key.ui/examples/heap/simple/anonymise_datagroup.key.proof 
8347       DEBUG main            d.u.i.k.p.i.AbstractProblemLoader Environment load took 990.51ns 
8354       INFO  main            d.u.i.k.p.i.AbstractProblemLoader Creating init config 
11122      DEBUG main            d.u.i.k.p.i.AbstractProblemLoader Init config took 2.77s 
11151      INFO  main            d.u.i.k.p.i.AbstractProblemLoader Replaying proof anonymise_datagroup.key.proof 
11163      DEBUG main            d.u.i.k.p.i.IntermediateProofReplayer Proof replay took 7.57ms 
11174      DEBUG main            d.u.i.k.p.r.p.TestFile    ... success: reloaded. 
11176      INFO  main            d.u.i.k.p.r.p.TestFile    Now processing file /home/runner/work/key/key/key.core/../key.ui/examples/heap/simple/array_creation.key 
11176      INFO  main            d.u.i.k.p.i.AbstractProblemLoader Loading environment from /home/runner/work/key/key/key.core/../key.ui/examples/heap/simple/array_creation.key 
11177      DEBUG main            d.u.i.k.p.i.AbstractProblemLoader Environment load took 259.61ns 
11179      INFO  main            d.u.i.k.p.i.AbstractProblemLoader Creating init config 
13904      DEBUG main            d.u.i.k.p.i.AbstractProblemLoader Init config took 2.72s 
13934      INFO  main            d.u.i.k.p.i.AbstractProblemLoader Replaying proof array_creation.key 
13938      DEBUG main            d.u.i.k.p.i.IntermediateProofReplayer Proof replay took 6.6ns 
14651      INFO  main            d.u.i.k.p.r.p.TestFile    ... finished proof: closed. 
14818      INFO  main            d.u.i.k.p.i.AbstractProblemLoader Loading environment from /home/runner/work/key/key/key.core/../key.ui/examples/heap/simple/array_creation.key.proof 
14819      DEBUG main            d.u.i.k.p.i.AbstractProblemLoader Environment load took 675.31ns 
14824      INFO  main            d.u.i.k.p.i.AbstractProblemLoader Creating init config 
17494      DEBUG main            d.u.i.k.p.i.AbstractProblemLoader Init config took 2.67s 
17520      INFO  main            d.u.i.k.p.i.AbstractProblemLoader Replaying proof array_creation.key.proof 
17617      DEBUG main            d.u.i.k.p.i.IntermediateProofReplayer Proof replay took 92.17ms 
17619      DEBUG main            d.u.i.k.p.r.p.TestFile    ... success: reloaded. 
17620      INFO  main            d.u.i.k.p.r.p.TestFile    Now processing file /home/runner/work/key/key/key.core/../key.ui/examples/heap/simple/arrays_with_disjoint_sorts.key 
17621      INFO  main            d.u.i.k.p.i.AbstractProblemLoader Loading environment from /home/runner/work/key/key/key.core/../key.ui/examples/heap/simple/arrays_with_disjoint_sorts.key 
17621      DEBUG main            d.u.i.k.p.i.AbstractProblemLoader Environment load took 263.8ns 
17623      INFO  main            d.u.i.k.p.i.AbstractProblemLoader Creating init config 
20263      DEBUG main            d.u.i.k.p.i.AbstractProblemLoader Init config took 2.64s 
20285      INFO  main            d.u.i.k.p.i.AbstractProblemLoader Replaying proof arrays_with_disjoint_sorts.key 
20287      DEBUG main            d.u.i.k.p.i.IntermediateProofReplayer Proof replay took 6.7ns 
20492      INFO  main            d.u.i.k.p.r.p.TestFile    ... finished proof: closed. 
20640      INFO  main            d.u.i.k.p.i.AbstractProblemLoader Loading environment from /home/runner/work/key/key/key.core/../key.ui/examples/heap/simple/arrays_with_disjoint_sorts.key.proof 
20640      DEBUG main            d.u.i.k.p.i.AbstractProblemLoader Environment load took 441.01ns 
20642      INFO  main            d.u.i.k.p.i.AbstractProblemLoader Creating init config 
23240      DEBUG main            d.u.i.k.p.i.AbstractProblemLoader Init config took 2.6s 
23262      INFO  main            d.u.i.k.p.i.AbstractProblemLoader Replaying proof arrays_with_disjoint_sorts.key.proof 
23282      DEBUG main            d.u.i.k.p.i.IntermediateProofReplayer Proof replay took 17.92ms 
23284      DEBUG main            d.u.i.k.p.r.p.TestFile    ... success: reloaded. 
23285      INFO  main            d.u.i.k.p.r.p.TestFile    Now processing file /home/runner/work/key/key/key.core/../key.ui/examples/heap/simple/arrays.key 
23285      INFO  main            d.u.i.k.p.i.AbstractProblemLoader Loading environment from /home/runner/work/key/key/key.core/../key.ui/examples/heap/simple/arrays.key 
23285      DEBUG main            d.u.i.k.p.i.AbstractProblemLoader Environment load took 215.2ns 
23287      INFO  main            d.u.i.k.p.i.AbstractProblemLoader Creating init config 
25858      DEBUG main            d.u.i.k.p.i.AbstractProblemLoader Init config took 2.57s 
25880      INFO  main            d.u.i.k.p.i.AbstractProblemLoader Replaying proof arrays.key 
25883      DEBUG main            d.u.i.k.p.i.IntermediateProofReplayer Proof replay took 6.9ns 
25986      INFO  main            d.u.i.k.p.r.p.TestFile    ... finished proof: closed. 
26135      INFO  main            d.u.i.k.p.i.AbstractProblemLoader Loading environment from /home/runner/work/key/key/key.core/../key.ui/examples/heap/simple/arrays.key.proof 
26136      DEBUG main            d.u.i.k.p.i.AbstractProblemLoader Environment load took 456.11ns 
26137      INFO  main            d.u.i.k.p.i.AbstractProblemLoader Creating init config 
28678      DEBUG main            d.u.i.k.p.i.AbstractProblemLoader Init config took 2.54s 
28699      INFO  main            d.u.i.k.p.i.AbstractProblemLoader Replaying proof arrays.key.proof 
28717      DEBUG main            d.u.i.k.p.i.IntermediateProofReplayer Proof replay took 15.43ms 
28719      DEBUG main            d.u.i.k.p.r.p.TestFile    ... success: reloaded. 
28720      INFO  main            d.u.i.k.p.r.p.TestFile    Now processing file /home/runner/work/key/key/key.core/../key.ui/examples/heap/simple/attributes.key 
28720      INFO  main            d.u.i.k.p.i.AbstractProblemLoader Loading environment from /home/runner/work/key/key/key.core/../key.ui/examples/heap/simple/attributes.key 
28720      DEBUG main            d.u.i.k.p.i.AbstractProblemLoader Environment load took 211.8ns 
28722      INFO  main            d.u.i.k.p.i.AbstractProblemLoader Creating init config 
31298      DEBUG main            d.u.i.k.p.i.AbstractProblemLoader Init config took 2.58s 
31318      INFO  main            d.u.i.k.p.i.AbstractProblemLoader Replaying proof attributes.key 
31320      DEBUG main            d.u.i.k.p.i.IntermediateProofReplayer Proof replay took 6.4ns 
31424      INFO  main            d.u.i.k.p.r.p.TestFile    ... finished proof: closed. 
31572      INFO  main            d.u.i.k.p.i.AbstractProblemLoader Loading environment from /home/runner/work/key/key/key.core/../key.ui/examples/heap/simple/attributes.key.proof 
31572      DEBUG main            d.u.i.k.p.i.AbstractProblemLoader Environment load took 126.1ns 
31574      INFO  main            d.u.i.k.p.i.AbstractProblemLoader Creating init config 
34107      DEBUG main            d.u.i.k.p.i.AbstractProblemLoader Init config took 2.53s 
34127      INFO  main            d.u.i.k.p.i.AbstractProblemLoader Replaying proof attributes.key.proof 
34131      DEBUG main            d.u.i.k.p.i.IntermediateProofReplayer Proof replay took 1.41ms 
34132      DEBUG main            d.u.i.k.p.r.p.TestFile    ... success: reloaded. 
34133      INFO  main            d.u.i.k.p.r.p.TestFile    Now processing file /home/runner/work/key/key/key.core/../key.ui/examples/heap/simple/constructor_contracts.key 
34133      INFO  main            d.u.i.k.p.i.AbstractProblemLoader Loading environment from /home/runner/work/key/key/key.core/../key.ui/examples/heap/simple/constructor_contracts.key 
34134      DEBUG main            d.u.i.k.p.i.AbstractProblemLoader Environment load took 207.4ns 
34136      INFO  main            d.u.i.k.p.i.AbstractProblemLoader Creating init config 
37144      DEBUG main            d.u.i.k.p.i.AbstractProblemLoader Init config took 3.01s 
37168      INFO  main            d.u.i.k.p.i.AbstractProblemLoader Replaying proof constructor_contracts.key 
37173      DEBUG main            d.u.i.k.p.i.IntermediateProofReplayer Proof replay took 6.9ns 
37780      INFO  main            d.u.i.k.p.r.p.TestFile    ... finished proof: closed. 
37946      INFO  main            d.u.i.k.p.i.AbstractProblemLoader Loading environment from /home/runner/work/key/key/key.core/../key.ui/examples/heap/simple/constructor_contracts.key.proof 
37946      DEBUG main            d.u.i.k.p.i.AbstractProblemLoader Environment load took 139ns 
37948      INFO  main            d.u.i.k.p.i.AbstractProblemLoader Creating init config 
40780      DEBUG main            d.u.i.k.p.i.AbstractProblemLoader Init config took 2.83s 
40799      INFO  main            d.u.i.k.p.i.AbstractProblemLoader Replaying proof constructor_contracts.key.proof 
40889      DEBUG main            d.u.i.k.p.i.IntermediateProofReplayer Proof replay took 84.88ms 
40891      DEBUG main            d.u.i.k.p.r.p.TestFile    ... success: reloaded. 
40892      INFO  main            d.u.i.k.p.r.p.TestFile    Now processing file /home/runner/work/key/key/key.core/../key.ui/examples/heap/simple/dependencies.key 
40893      INFO  main            d.u.i.k.p.i.AbstractProblemLoader Loading environment from /home/runner/work/key/key/key.core/../key.ui/examples/heap/simple/dependencies.key 
40893      DEBUG main            d.u.i.k.p.i.AbstractProblemLoader Environment load took 216.9ns 
40894      INFO  main            d.u.i.k.p.i.AbstractProblemLoader Creating init config 
43476      DEBUG main            d.u.i.k.p.i.AbstractProblemLoader Init config took 2.58s 
43494      INFO  main            d.u.i.k.p.i.AbstractProblemLoader Replaying proof dependencies.key 
43495      DEBUG main            d.u.i.k.p.i.IntermediateProofReplayer Proof replay took 6.9ns 
43600      INFO  main            d.u.i.k.p.r.p.TestFile    ... finished proof: closed. 
43793      INFO  main            d.u.i.k.p.i.AbstractProblemLoader Loading environment from /home/runner/work/key/key/key.core/../key.ui/examples/heap/simple/dependencies.key.proof 
43793      DEBUG main            d.u.i.k.p.i.AbstractProblemLoader Environment load took 125.2ns 
43798      INFO  main            d.u.i.k.p.i.AbstractProblemLoader Creating init config 
46277      DEBUG main            d.u.i.k.p.i.AbstractProblemLoader Init config took 2.48s 
46294      INFO  main            d.u.i.k.p.i.AbstractProblemLoader Replaying proof dependencies.key.proof 
46301      DEBUG main            d.u.i.k.p.i.IntermediateProofReplayer Proof replay took 5.4ms 
46302      DEBUG main            d.u.i.k.p.r.p.TestFile    ... success: reloaded. 
46303      INFO  main            d.u.i.k.p.r.p.TestFile    Now processing file /home/runner/work/key/key/key.core/../key.ui/examples/heap/simple/dependency_contracts.key 
46304      INFO  main            d.u.i.k.p.i.AbstractProblemLoader Loading environment from /home/runner/work/key/key/key.core/../key.ui/examples/heap/simple/dependency_contracts.key 
46304      DEBUG main            d.u.i.k.p.i.AbstractProblemLoader Environment load took 159.1ns 
46305      INFO  main            d.u.i.k.p.i.AbstractProblemLoader Creating init config 
49086      DEBUG main            d.u.i.k.p.i.AbstractProblemLoader Init config took 2.78s 
49104      INFO  main            d.u.i.k.p.i.AbstractProblemLoader Replaying proof dependency_contracts.key 
49106      DEBUG main            d.u.i.k.p.i.IntermediateProofReplayer Proof replay took 8.2ns 
50324      INFO  main            d.u.i.k.p.r.p.TestFile    ... finished proof: closed. 
50535      INFO  main            d.u.i.k.p.i.AbstractProblemLoader Loading environment from /home/runner/work/key/key/key.core/../key.ui/examples/heap/simple/dependency_contracts.key.proof 
50536      DEBUG main            d.u.i.k.p.i.AbstractProblemLoader Environment load took 797.41ns 
50538      INFO  main            d.u.i.k.p.i.AbstractProblemLoader Creating init config 
53287      DEBUG main            d.u.i.k.p.i.AbstractProblemLoader Init config took 2.75s 
53305      INFO  main            d.u.i.k.p.i.AbstractProblemLoader Replaying proof dependency_contracts.key.proof 
53469      DEBUG main            d.u.i.k.p.i.IntermediateProofReplayer Proof replay took 155.34ms 
53471      DEBUG main            d.u.i.k.p.r.p.TestFile    ... success: reloaded. 
53472      INFO  main            d.u.i.k.p.r.p.TestFile    Now processing file /home/runner/work/key/key/key.core/../key.ui/examples/heap/simple/invariant_preservation.key 
53473      INFO  main            d.u.i.k.p.i.AbstractProblemLoader Loading environment from /home/runner/work/key/key/key.core/../key.ui/examples/heap/simple/invariant_preservation.key 
53473      DEBUG main            d.u.i.k.p.i.AbstractProblemLoader Environment load took 227.8ns 
53475      INFO  main            d.u.i.k.p.i.AbstractProblemLoader Creating init config 
56258      DEBUG main            d.u.i.k.p.i.AbstractProblemLoader Init config took 2.78s 
56276      INFO  main            d.u.i.k.p.i.AbstractProblemLoader Replaying proof invariant_preservation.key 
56278      DEBUG main            d.u.i.k.p.i.IntermediateProofReplayer Proof replay took 7.1ns 
56482      INFO  main            d.u.i.k.p.r.p.TestFile    ... finished proof: closed. 
56761      INFO  main            d.u.i.k.p.i.AbstractProblemLoader Loading environment from /home/runner/work/key/key/key.core/../key.ui/examples/heap/simple/invariant_preservation.key.proof 
56761      DEBUG main            d.u.i.k.p.i.AbstractProblemLoader Environment load took 124.2ns 
56765      INFO  main            d.u.i.k.p.i.AbstractProblemLoader Creating init config 
59460      DEBUG main            d.u.i.k.p.i.AbstractProblemLoader Init config took 2.7s 
59478      INFO  main            d.u.i.k.p.i.AbstractProblemLoader Replaying proof invariant_preservation.key.proof 
59508      DEBUG main            d.u.i.k.p.i.IntermediateProofReplayer Proof replay took 28ms 
59510      DEBUG main            d.u.i.k.p.r.p.TestFile    ... success: reloaded. 
59511      INFO  main            d.u.i.k.p.r.p.TestFile    Now processing file /home/runner/work/key/key/key.core/../key.ui/examples/heap/simple/locsets.key 
59512      INFO  main            d.u.i.k.p.i.AbstractProblemLoader Loading environment from /home/runner/work/key/key/key.core/../key.ui/examples/heap/simple/locsets.key 
59512      DEBUG main            d.u.i.k.p.i.AbstractProblemLoader Environment load took 220.5ns 
59513      INFO  main            d.u.i.k.p.i.AbstractProblemLoader Creating init config 
62025      DEBUG main            d.u.i.k.p.i.AbstractProblemLoader Init config took 2.51s 
62042      INFO  main            d.u.i.k.p.i.AbstractProblemLoader Replaying proof locsets.key 
62045      DEBUG main            d.u.i.k.p.i.IntermediateProofReplayer Proof replay took 25.4ns 
62148      INFO  main            d.u.i.k.p.r.p.TestFile    ... finished proof: closed. 
62333      INFO  main            d.u.i.k.p.i.AbstractProblemLoader Loading environment from /home/runner/work/key/key/key.core/../key.ui/examples/heap/simple/locsets.key.proof 
62333      DEBUG main            d.u.i.k.p.i.AbstractProblemLoader Environment load took 138ns 
62334      INFO  main            d.u.i.k.p.i.AbstractProblemLoader Creating init config 
64788      DEBUG main            d.u.i.k.p.i.AbstractProblemLoader Init config took 2.45s 
64804      INFO  main            d.u.i.k.p.i.AbstractProblemLoader Replaying proof locsets.key.proof 
64807      DEBUG main            d.u.i.k.p.i.IntermediateProofReplayer Proof replay took 1.17ms 
64808      DEBUG main            d.u.i.k.p.r.p.TestFile    ... success: reloaded. 
64809      INFO  main            d.u.i.k.p.r.p.TestFile    Now processing file /home/runner/work/key/key/key.core/../key.ui/examples/heap/simple/loop1.key 
64809      INFO  main            d.u.i.k.p.i.AbstractProblemLoader Loading environment from /home/runner/work/key/key/key.core/../key.ui/examples/heap/simple/loop1.key 
64809      DEBUG main            d.u.i.k.p.i.AbstractProblemLoader Environment load took 203.7ns 
64811      INFO  main            d.u.i.k.p.i.AbstractProblemLoader Creating init config 
67566      DEBUG main            d.u.i.k.p.i.AbstractProblemLoader Init config took 2.76s 
67582      INFO  main            d.u.i.k.p.i.AbstractProblemLoader Replaying proof loop1.key 
67583      DEBUG main            d.u.i.k.p.i.IntermediateProofReplayer Proof replay took 7.6ns 
67786      INFO  main            d.u.i.k.p.r.p.TestFile    ... finished proof: closed. 
67987      INFO  main            d.u.i.k.p.i.AbstractProblemLoader Loading environment from /home/runner/work/key/key/key.core/../key.ui/examples/heap/simple/loop1.key.proof 
67987      DEBUG main            d.u.i.k.p.i.AbstractProblemLoader Environment load took 274.2ns 
67988      INFO  main            d.u.i.k.p.i.AbstractProblemLoader Creating init config 
70694      DEBUG main            d.u.i.k.p.i.AbstractProblemLoader Init config took 2.71s 
70709      INFO  main            d.u.i.k.p.i.AbstractProblemLoader Replaying proof loop1.key.proof 
70762      DEBUG main            d.u.i.k.p.i.IntermediateProofReplayer Proof replay took 50.74ms 
70763      DEBUG main            d.u.i.k.p.r.p.TestFile    ... success: reloaded. 
70764      INFO  main            d.u.i.k.p.r.p.TestFile    Now processing file /home/runner/work/key/key/key.core/../key.ui/examples/heap/simple/loop2.key 
70765      INFO  main            d.u.i.k.p.i.AbstractProblemLoader Loading environment from /home/runner/work/key/key/key.core/../key.ui/examples/heap/simple/loop2.key 
70765      DEBUG main            d.u.i.k.p.i.AbstractProblemLoader Environment load took 105.5ns 
70766      INFO  main            d.u.i.k.p.i.AbstractProblemLoader Creating init config 
73536      DEBUG main            d.u.i.k.p.i.AbstractProblemLoader Init config took 2.77s 
73569      INFO  main            d.u.i.k.p.i.AbstractProblemLoader Replaying proof loop2.key 
73573      DEBUG main            d.u.i.k.p.i.IntermediateProofReplayer Proof replay took 8.3ns 
74177      INFO  main            d.u.i.k.p.r.p.TestFile    ... finished proof: closed. 
74500      INFO  main            d.u.i.k.p.i.AbstractProblemLoader Loading environment from /home/runner/work/key/key/key.core/../key.ui/examples/heap/simple/loop2.key.proof 
74501      DEBUG main            d.u.i.k.p.i.AbstractProblemLoader Environment load took 436.71ns 
74502      INFO  main            d.u.i.k.p.i.AbstractProblemLoader Creating init config 
77217      DEBUG main            d.u.i.k.p.i.AbstractProblemLoader Init config took 2.72s 
77235      INFO  main            d.u.i.k.p.i.AbstractProblemLoader Replaying proof loop2.key.proof 
77334      DEBUG main            d.u.i.k.p.i.IntermediateProofReplayer Proof replay took 94.34ms 
77335      DEBUG main            d.u.i.k.p.r.p.TestFile    ... success: reloaded. 
77337      INFO  main            d.u.i.k.p.r.p.TestFile    Now processing file /home/runner/work/key/key/key.core/../key.ui/examples/heap/simple/modifies_datagroup.key 
77337      INFO  main            d.u.i.k.p.i.AbstractProblemLoader Loading environment from /home/runner/work/key/key/key.core/../key.ui/examples/heap/simple/modifies_datagroup.key 
77337      DEBUG main            d.u.i.k.p.i.AbstractProblemLoader Environment load took 217.1ns 
77339      INFO  main            d.u.i.k.p.i.AbstractProblemLoader Creating init config 
79869      DEBUG main            d.u.i.k.p.i.AbstractProblemLoader Init config took 2.53s 
79883      INFO  main            d.u.i.k.p.i.AbstractProblemLoader Replaying proof modifies_datagroup.key 
79884      DEBUG main            d.u.i.k.p.i.IntermediateProofReplayer Proof replay took 7.7ns 
79988      INFO  main            d.u.i.k.p.r.p.TestFile    ... finished proof: closed. 
80208      INFO  main            d.u.i.k.p.i.AbstractProblemLoader Loading environment from /home/runner/work/key/key/key.core/../key.ui/examples/heap/simple/modifies_datagroup.key.proof 
80209      DEBUG main            d.u.i.k.p.i.AbstractProblemLoader Environment load took 129.2ns 
80210      INFO  main            d.u.i.k.p.i.AbstractProblemLoader Creating init config 
82643      DEBUG main            d.u.i.k.p.i.AbstractProblemLoader Init config took 2.43s 
82657      INFO  main            d.u.i.k.p.i.AbstractProblemLoader Replaying proof modifies_datagroup.key.proof 
82661      DEBUG main            d.u.i.k.p.i.IntermediateProofReplayer Proof replay took 2.34ms 
82662      DEBUG main            d.u.i.k.p.r.p.TestFile    ... success: reloaded. 
82662      INFO  main            d.u.i.k.p.r.p.TestFile    Now processing file /home/runner/work/key/key/key.core/../key.ui/examples/heap/simple/modifies.key 
82662      INFO  main            d.u.i.k.p.i.AbstractProblemLoader Loading environment from /home/runner/work/key/key/key.core/../key.ui/examples/heap/simple/modifies.key 
82663      DEBUG main            d.u.i.k.p.i.AbstractProblemLoader Environment load took 94.1ns 
82664      INFO  main            d.u.i.k.p.i.AbstractProblemLoader Creating init config 
85113      DEBUG main            d.u.i.k.p.i.AbstractProblemLoader Init config took 2.45s 
85127      INFO  main            d.u.i.k.p.i.AbstractProblemLoader Replaying proof modifies.key 
85128      DEBUG main            d.u.i.k.p.i.IntermediateProofReplayer Proof replay took 6.7ns 
85232      INFO  main            d.u.i.k.p.r.p.TestFile    ... finished proof: closed. 
85470      INFO  main            d.u.i.k.p.i.AbstractProblemLoader Loading environment from /home/runner/work/key/key/key.core/../key.ui/examples/heap/simple/modifies.key.proof 
85470      DEBUG main            d.u.i.k.p.i.AbstractProblemLoader Environment load took 121.9ns 
85472      INFO  main            d.u.i.k.p.i.AbstractProblemLoader Creating init config 
87914      DEBUG main            d.u.i.k.p.i.AbstractProblemLoader Init config took 2.44s 
87928      INFO  main            d.u.i.k.p.i.AbstractProblemLoader Replaying proof modifies.key.proof 
87938      DEBUG main            d.u.i.k.p.i.IntermediateProofReplayer Proof replay took 8.95ms 
87940      DEBUG main            d.u.i.k.p.r.p.TestFile    ... success: reloaded. 
87940      INFO  main            d.u.i.k.p.r.p.TestFile    Now processing file /home/runner/work/key/key/key.core/../key.ui/examples/heap/simple/object_creation.key 
87940      INFO  main            d.u.i.k.p.i.AbstractProblemLoader Loading environment from /home/runner/work/key/key/key.core/../key.ui/examples/heap/simple/object_creation.key 
87941      DEBUG main            d.u.i.k.p.i.AbstractProblemLoader Environment load took 93.7ns 
87942      INFO  main            d.u.i.k.p.i.AbstractProblemLoader Creating init config 
90465      DEBUG main            d.u.i.k.p.i.AbstractProblemLoader Init config took 2.52s 
90480      INFO  main            d.u.i.k.p.i.AbstractProblemLoader Replaying proof object_creation.key 
90481      DEBUG main            d.u.i.k.p.i.IntermediateProofReplayer Proof replay took 7.4ns 
90684      INFO  main            d.u.i.k.p.r.p.TestFile    ... finished proof: closed. 
90919      INFO  main            d.u.i.k.p.i.AbstractProblemLoader Loading environment from /home/runner/work/key/key/key.core/../key.ui/examples/heap/simple/object_creation.key.proof 
90919      DEBUG main            d.u.i.k.p.i.AbstractProblemLoader Environment load took 126.4ns 
90921      INFO  main            d.u.i.k.p.i.AbstractProblemLoader Creating init config 
93333      DEBUG main            d.u.i.k.p.i.AbstractProblemLoader Init config took 2.41s 
93348      INFO  main            d.u.i.k.p.i.AbstractProblemLoader Replaying proof object_creation.key.proof 
93390      DEBUG main            d.u.i.k.p.i.IntermediateProofReplayer Proof replay took 39.79ms 
93392      DEBUG main            d.u.i.k.p.r.p.TestFile    ... success: reloaded. 
93393      INFO  main            d.u.i.k.p.r.p.TestFile    Now processing file /home/runner/work/key/key/key.core/../key.ui/examples/heap/simple/operation_contracts.key 
93393      INFO  main            d.u.i.k.p.i.AbstractProblemLoader Loading environment from /home/runner/work/key/key/key.core/../key.ui/examples/heap/simple/operation_contracts.key 
93393      DEBUG main            d.u.i.k.p.i.AbstractProblemLoader Environment load took 225.1ns 
93395      INFO  main            d.u.i.k.p.i.AbstractProblemLoader Creating init config 
96199      DEBUG main            d.u.i.k.p.i.AbstractProblemLoader Init config took 2.8s 
96215      INFO  main            d.u.i.k.p.i.AbstractProblemLoader Replaying proof operation_contracts.key 
96218      DEBUG main            d.u.i.k.p.i.IntermediateProofReplayer Proof replay took 8.7ns 
97026      INFO  main            d.u.i.k.p.r.p.TestFile    ... finished proof: closed. 
97351      INFO  main            d.u.i.k.p.i.AbstractProblemLoader Loading environment from /home/runner/work/key/key/key.core/../key.ui/examples/heap/simple/operation_contracts.key.proof 
97351      DEBUG main            d.u.i.k.p.i.AbstractProblemLoader Environment load took 134.7ns 
97353      INFO  main            d.u.i.k.p.i.AbstractProblemLoader Creating init config 
100032     DEBUG main            d.u.i.k.p.i.AbstractProblemLoader Init config took 2.68s 
100047     INFO  main            d.u.i.k.p.i.AbstractProblemLoader Replaying proof operation_contracts.key.proof 
100150     DEBUG main            d.u.i.k.p.i.IntermediateProofReplayer Proof replay took 96.55ms 
100152     DEBUG main            d.u.i.k.p.r.p.TestFile    ... success: reloaded. 
100154     INFO  main            d.u.i.k.p.r.p.TestFile    Now processing file /home/runner/work/key/key/key.core/../key.ui/examples/heap/simple/select_store.key 
100154     INFO  main            d.u.i.k.p.i.AbstractProblemLoader Loading environment from /home/runner/work/key/key/key.core/../key.ui/examples/heap/simple/select_store.key 
100154     DEBUG main            d.u.i.k.p.i.AbstractProblemLoader Environment load took 246.5ns 
100156     INFO  main            d.u.i.k.p.i.AbstractProblemLoader Creating init config 
102623     DEBUG main            d.u.i.k.p.i.AbstractProblemLoader Init config took 2.47s 
102637     INFO  main            d.u.i.k.p.i.AbstractProblemLoader Replaying proof select_store.key 
102639     DEBUG main            d.u.i.k.p.i.IntermediateProofReplayer Proof replay took 7.8ns 
102741     INFO  main            d.u.i.k.p.r.p.TestFile    ... finished proof: closed. 
102988     INFO  main            d.u.i.k.p.i.AbstractProblemLoader Loading environment from /home/runner/work/key/key/key.core/../key.ui/examples/heap/simple/select_store.key.proof 
102988     DEBUG main            d.u.i.k.p.i.AbstractProblemLoader Environment load took 202.2ns 
102989     INFO  main            d.u.i.k.p.i.AbstractProblemLoader Creating init config 
105430     DEBUG main            d.u.i.k.p.i.AbstractProblemLoader Init config took 2.44s 
105465     INFO  main            d.u.i.k.p.i.AbstractProblemLoader Replaying proof select_store.key.proof 
105469     DEBUG main            d.u.i.k.p.i.IntermediateProofReplayer Proof replay took 2.59ms 
105470     DEBUG main            d.u.i.k.p.r.p.TestFile    ... success: reloaded. 
105471     INFO  main            d.u.i.k.p.r.p.TestFile    Now processing file /home/runner/work/key/key/key.core/../key.ui/examples/heap/simple/selection_sort.key 
105471     INFO  main            d.u.i.k.p.i.AbstractProblemLoader Loading environment from /home/runner/work/key/key/key.core/../key.ui/examples/heap/simple/selection_sort.key 
105472     DEBUG main            d.u.i.k.p.i.AbstractProblemLoader Environment load took 216.4ns 
105473     INFO  main            d.u.i.k.p.i.AbstractProblemLoader Creating init config 
108151     DEBUG main            d.u.i.k.p.i.AbstractProblemLoader Init config took 2.68s 
108165     INFO  main            d.u.i.k.p.i.AbstractProblemLoader Replaying proof selection_sort.key 
108168     DEBUG main            d.u.i.k.p.i.IntermediateProofReplayer Proof replay took 7.3ns 
111699     INFO  main            d.u.i.k.p.r.p.TestFile    ... finished proof: closed. 
112074     INFO  main            d.u.i.k.p.i.AbstractProblemLoader Loading environment from /home/runner/work/key/key/key.core/../key.ui/examples/heap/simple/selection_sort.key.proof 
112074     DEBUG main            d.u.i.k.p.i.AbstractProblemLoader Environment load took 459.01ns 
112076     INFO  main            d.u.i.k.p.i.AbstractProblemLoader Creating init config 
114718     DEBUG main            d.u.i.k.p.i.AbstractProblemLoader Init config took 2.64s 
114732     INFO  main            d.u.i.k.p.i.AbstractProblemLoader Replaying proof selection_sort.key.proof 
115158     DEBUG main            d.u.i.k.p.i.IntermediateProofReplayer Proof replay took 405.95ms 
115160     DEBUG main            d.u.i.k.p.r.p.TestFile    ... success: reloaded. 
115161     INFO  main            d.u.i.k.p.r.p.TestFile    Now processing file /home/runner/work/key/key/key.core/../key.ui/examples/heap/simple/seq.key 
115162     INFO  main            d.u.i.k.p.i.AbstractProblemLoader Loading environment from /home/runner/work/key/key/key.core/../key.ui/examples/heap/simple/seq.key 
115162     DEBUG main            d.u.i.k.p.i.AbstractProblemLoader Environment load took 209.4ns 
115163     INFO  main            d.u.i.k.p.i.AbstractProblemLoader Creating init config 
117651     DEBUG main            d.u.i.k.p.i.AbstractProblemLoader Init config took 2.49s 
117665     INFO  main            d.u.i.k.p.i.AbstractProblemLoader Replaying proof seq.key 
117667     DEBUG main            d.u.i.k.p.i.IntermediateProofReplayer Proof replay took 8.4ns 
118071     INFO  main            d.u.i.k.p.r.p.TestFile    ... finished proof: closed. 
118438     INFO  main            d.u.i.k.p.i.AbstractProblemLoader Loading environment from /home/runner/work/key/key/key.core/../key.ui/examples/heap/simple/seq.key.proof 
118438     DEBUG main            d.u.i.k.p.i.AbstractProblemLoader Environment load took 581.51ns 
118440     INFO  main            d.u.i.k.p.i.AbstractProblemLoader Creating init config 
120837     DEBUG main            d.u.i.k.p.i.AbstractProblemLoader Init config took 2.4s 
120851     INFO  main            d.u.i.k.p.i.AbstractProblemLoader Replaying proof seq.key.proof 
120882     DEBUG main            d.u.i.k.p.i.IntermediateProofReplayer Proof replay took 26.86ms 
120883     DEBUG main            d.u.i.k.p.r.p.TestFile    ... success: reloaded. 
120884     INFO  main            d.u.i.k.p.r.p.TestFile    Now processing file /home/runner/work/key/key/key.core/../key.ui/examples/heap/simple/oldForParams.key 
120884     INFO  main            d.u.i.k.p.i.AbstractProblemLoader Loading environment from /home/runner/work/key/key/key.core/../key.ui/examples/heap/simple/oldForParams.key 
120884     DEBUG main            d.u.i.k.p.i.AbstractProblemLoader Environment load took 94.8ns 
120885     INFO  main            d.u.i.k.p.i.AbstractProblemLoader Creating init config 
123564     DEBUG main            d.u.i.k.p.i.AbstractProblemLoader Init config took 2.68s 
123628     INFO  main            d.u.i.k.p.i.AbstractProblemLoader Replaying proof OldForParameters[OldForParameters::method(int)].JML operation contract.0 
123630     DEBUG main            d.u.i.k.p.i.IntermediateProofReplayer Proof replay took 8.1ns 
123833     INFO  main            d.u.i.k.p.r.p.TestFile    ... finished proof: closed. 
124103     INFO  main            d.u.i.k.p.i.AbstractProblemLoader Loading environment from /home/runner/work/key/key/key.core/../key.ui/examples/heap/simple/oldForParams.key.proof 
124103     DEBUG main            d.u.i.k.p.i.AbstractProblemLoader Environment load took 114.4ns 
124104     INFO  main            d.u.i.k.p.i.AbstractProblemLoader Creating init config 
126741     DEBUG main            d.u.i.k.p.i.AbstractProblemLoader Init config took 2.64s 
126782     INFO  main            d.u.i.k.p.i.AbstractProblemLoader Replaying proof OldForParameters[OldForParameters::method(int)].JML operation contract.0 
126818     DEBUG main            d.u.i.k.p.i.IntermediateProofReplayer Proof replay took 34.22ms 
126820     DEBUG main            d.u.i.k.p.r.p.TestFile    ... success: reloaded. 
126821     INFO  main            d.u.i.k.p.r.p.TestFile    Now processing file /home/runner/work/key/key/key.core/../key.ui/examples/heap/simple/parse_lmtd.key 
126821     INFO  main            d.u.i.k.p.i.AbstractProblemLoader Loading environment from /home/runner/work/key/key/key.core/../key.ui/examples/heap/simple/parse_lmtd.key 
126821     DEBUG main            d.u.i.k.p.i.AbstractProblemLoader Environment load took 96.9ns 
126822     INFO  main            d.u.i.k.p.i.AbstractProblemLoader Creating init config 
129531     DEBUG main            d.u.i.k.p.i.AbstractProblemLoader Init config took 2.71s 
129574     INFO  main            d.u.i.k.p.i.AbstractProblemLoader Replaying proof ParseLmtd[ParseLmtd::simple(int)].JML normal_behavior operation contract.0 
129575     DEBUG main            d.u.i.k.p.i.IntermediateProofReplayer Proof replay took 6.5ns 
129777     INFO  main            d.u.i.k.p.r.p.TestFile    ... finished proof: closed. 
130025     INFO  main            d.u.i.k.p.i.AbstractProblemLoader Loading environment from /home/runner/work/key/key/key.core/../key.ui/examples/heap/simple/parse_lmtd.key.proof 
130025     DEBUG main            d.u.i.k.p.i.AbstractProblemLoader Environment load took 132.5ns 
130026     INFO  main            d.u.i.k.p.i.AbstractProblemLoader Creating init config 
132673     DEBUG main            d.u.i.k.p.i.AbstractProblemLoader Init config took 2.65s 
132713     INFO  main            d.u.i.k.p.i.AbstractProblemLoader Replaying proof ParseLmtd[ParseLmtd::simple(int)].JML normal_behavior operation contract.0 
132733     DEBUG main            d.u.i.k.p.i.IntermediateProofReplayer Proof replay took 18.01ms 
132734     DEBUG main            d.u.i.k.p.r.p.TestFile    ... success: reloaded. 
132735     INFO  main            d.u.i.k.p.r.p.TestFile    Now processing file /home/runner/work/key/key/key.core/../key.ui/examples/heap/strictly_pure/strictlyPureMethod.key 
132735     INFO  main            d.u.i.k.p.i.AbstractProblemLoader Loading environment from /home/runner/work/key/key/key.core/../key.ui/examples/heap/strictly_pure/strictlyPureMethod.key 
132735     DEBUG main            d.u.i.k.p.i.AbstractProblemLoader Environment load took 82.8ns 
132736     INFO  main            d.u.i.k.p.i.AbstractProblemLoader Creating init config 
135303     DEBUG main            d.u.i.k.p.i.AbstractProblemLoader Init config took 2.57s 
135341     INFO  main            d.u.i.k.p.i.AbstractProblemLoader Replaying proof StrictlyPure[StrictlyPure::strictlyPureMethod()].JML operation contract.0 
135342     DEBUG main            d.u.i.k.p.i.IntermediateProofReplayer Proof replay took 6.2ns 
135549     INFO  main            d.u.i.k.p.r.p.TestFile    ... finished proof: closed. 
135812     INFO  main            d.u.i.k.p.i.AbstractProblemLoader Loading environment from /home/runner/work/key/key/key.core/../key.ui/examples/heap/strictly_pure/strictlyPureMethod.key.proof 
135812     DEBUG main            d.u.i.k.p.i.AbstractProblemLoader Environment load took 130.1ns 
135813     INFO  main            d.u.i.k.p.i.AbstractProblemLoader Creating init config 
138303     DEBUG main            d.u.i.k.p.i.AbstractProblemLoader Init config took 2.49s 
138340     INFO  main            d.u.i.k.p.i.AbstractProblemLoader Replaying proof StrictlyPure[StrictlyPure::strictlyPureMethod()].JML operation contract.0 
138370     DEBUG main            d.u.i.k.p.i.IntermediateProofReplayer Proof replay took 27.97ms 
138371     DEBUG main            d.u.i.k.p.r.p.TestFile    ... success: reloaded. 
138372     INFO  main            d.u.i.k.p.r.p.TestFile    Now processing file /home/runner/work/key/key/key.core/../key.ui/examples/heap/strictly_pure/useStrictlyPureMethod.key 
138372     INFO  main            d.u.i.k.p.i.AbstractProblemLoader Loading environment from /home/runner/work/key/key/key.core/../key.ui/examples/heap/strictly_pure/useStrictlyPureMethod.key 
138373     DEBUG main            d.u.i.k.p.i.AbstractProblemLoader Environment load took 97ns 
138373     INFO  main            d.u.i.k.p.i.AbstractProblemLoader Creating init config 
140912     DEBUG main            d.u.i.k.p.i.AbstractProblemLoader Init config took 2.54s 
140947     INFO  main            d.u.i.k.p.i.AbstractProblemLoader Replaying proof StrictlyPure[StrictlyPure::useStrictlyPureMethod(StrictlyPureClass)].JML operation contract.0 
140949     DEBUG main            d.u.i.k.p.i.IntermediateProofReplayer Proof replay took 7.9ns 
141153     INFO  main            d.u.i.k.p.r.p.TestFile    ... finished proof: closed. 
141452     INFO  main            d.u.i.k.p.i.AbstractProblemLoader Loading environment from /home/runner/work/key/key/key.core/../key.ui/examples/heap/strictly_pure/useStrictlyPureMethod.key.proof 
141453     DEBUG main            d.u.i.k.p.i.AbstractProblemLoader Environment load took 119.2ns 
141453     INFO  main            d.u.i.k.p.i.AbstractProblemLoader Creating init config 
143928     DEBUG main            d.u.i.k.p.i.AbstractProblemLoader Init config took 2.47s 
143964     INFO  main            d.u.i.k.p.i.AbstractProblemLoader Replaying proof StrictlyPure[StrictlyPure::useStrictlyPureMethod(StrictlyPureClass)].JML operation contract.0 
144008     DEBUG main            d.u.i.k.p.i.IntermediateProofReplayer Proof replay took 41.54ms 
144009     DEBUG main            d.u.i.k.p.r.p.TestFile    ... success: reloaded. 
144010     INFO  main            d.u.i.k.p.r.p.TestFile    Now processing file /home/runner/work/key/key/key.core/../key.ui/examples/heap/Wellfounded/ackermann.key 
144010     INFO  main            d.u.i.k.p.i.AbstractProblemLoader Loading environment from /home/runner/work/key/key/key.core/../key.ui/examples/heap/Wellfounded/ackermann.key 
144010     DEBUG main            d.u.i.k.p.i.AbstractProblemLoader Environment load took 95.6ns 
144011     INFO  main            d.u.i.k.p.i.AbstractProblemLoader Creating init config 
146583     DEBUG main            d.u.i.k.p.i.AbstractProblemLoader Init config took 2.57s 
146636     INFO  main            d.u.i.k.p.i.AbstractProblemLoader Replaying proof Ackermann[Ackermann::a(int,int)].JML normal_behavior operation contract.0 
146639     DEBUG main            d.u.i.k.p.i.IntermediateProofReplayer Proof replay took 6.4ns 
146945     INFO  main            d.u.i.k.p.r.p.TestFile    ... finished proof: closed. 
147229     INFO  main            d.u.i.k.p.i.AbstractProblemLoader Loading environment from /home/runner/work/key/key/key.core/../key.ui/examples/heap/Wellfounded/ackermann.key.proof 
147230     DEBUG main            d.u.i.k.p.i.AbstractProblemLoader Environment load took 125.5ns 
147231     INFO  main            d.u.i.k.p.i.AbstractProblemLoader Creating init config 
149738     DEBUG main            d.u.i.k.p.i.AbstractProblemLoader Init config took 2.51s 
149775     INFO  main            d.u.i.k.p.i.AbstractProblemLoader Replaying proof Ackermann[Ackermann::a(int,int)].JML normal_behavior operation contract.0 
149849     DEBUG main            d.u.i.k.p.i.IntermediateProofReplayer Proof replay took 71.1ms 
149851     DEBUG main            d.u.i.k.p.r.p.TestFile    ... success: reloaded. 
149852     INFO  main            d.u.i.k.p.r.p.TestFile    Now processing file /home/runner/work/key/key/key.core/../key.ui/examples/standard_key/unicode_test.key 
149852     INFO  main            d.u.i.k.p.i.AbstractProblemLoader Loading environment from /home/runner/work/key/key/key.core/../key.ui/examples/standard_key/unicode_test.key 
149853     DEBUG main            d.u.i.k.p.i.AbstractProblemLoader Environment load took 228ns 
149855     INFO  main            d.u.i.k.p.i.AbstractProblemLoader Creating init config 
152327     DEBUG main            d.u.i.k.p.i.AbstractProblemLoader Init config took 2.47s 
152344     INFO  main            d.u.i.k.p.i.AbstractProblemLoader Replaying proof unicode_test.key 
152346     DEBUG main            d.u.i.k.p.i.IntermediateProofReplayer Proof replay took 7.1ns 
152447     INFO  main            d.u.i.k.p.r.p.TestFile    ... finished proof: closed. 
152717     INFO  main            d.u.i.k.p.i.AbstractProblemLoader Loading environment from /home/runner/work/key/key/key.core/../key.ui/examples/standard_key/unicode_test.key.proof 
152717     DEBUG main            d.u.i.k.p.i.AbstractProblemLoader Environment load took 117.1ns 
152718     INFO  main            d.u.i.k.p.i.AbstractProblemLoader Creating init config 
155105     DEBUG main            d.u.i.k.p.i.AbstractProblemLoader Init config took 2.39s 
155119     INFO  main            d.u.i.k.p.i.AbstractProblemLoader Replaying proof unicode_test.key.proof 
155121     DEBUG main            d.u.i.k.p.i.IntermediateProofReplayer Proof replay took 357.81ns 
155122     DEBUG main            d.u.i.k.p.r.p.TestFile    ... success: reloaded. 
155122     INFO  main            d.u.i.k.p.r.p.TestFile    Now processing file /home/runner/work/key/key/key.core/../key.ui/examples/heap/strictlyModular/mayExpand.key 
155123     INFO  main            d.u.i.k.p.i.AbstractProblemLoader Loading environment from /home/runner/work/key/key/key.core/../key.ui/examples/heap/strictlyModular/mayExpand.key 
155123     DEBUG main            d.u.i.k.p.i.AbstractProblemLoader Environment load took 341.9ns 
155124     INFO  main            d.u.i.k.p.i.AbstractProblemLoader Creating init config 
157624     DEBUG main            d.u.i.k.p.i.AbstractProblemLoader Init config took 2.5s 
157659     INFO  main            d.u.i.k.p.i.AbstractProblemLoader Replaying proof Modular[Modular::m()].JML operation contract.0 
157661     DEBUG main            d.u.i.k.p.i.IntermediateProofReplayer Proof replay took 7.4ns 
157763     INFO  main            d.u.i.k.p.r.p.TestFile    ... finished proof: closed. 
158048     INFO  main            d.u.i.k.p.i.AbstractProblemLoader Loading environment from /home/runner/work/key/key/key.core/../key.ui/examples/heap/strictlyModular/mayExpand.key.proof 
158048     DEBUG main            d.u.i.k.p.i.AbstractProblemLoader Environment load took 124.7ns 
158049     INFO  main            d.u.i.k.p.i.AbstractProblemLoader Creating init config 
160501     DEBUG main            d.u.i.k.p.i.AbstractProblemLoader Init config took 2.45s 
160536     INFO  main            d.u.i.k.p.i.AbstractProblemLoader Replaying proof Modular[Modular::m()].JML operation contract.0 
160550     DEBUG main            d.u.i.k.p.i.IntermediateProofReplayer Proof replay took 11.64ms 
160551     DEBUG main            d.u.i.k.p.r.p.TestFile    ... success: reloaded. 
160552     INFO  main            d.u.i.k.p.r.p.TestFile    Now processing file /home/runner/work/key/key/key.core/../key.ui/examples/heap/strictlyModular/modularOnly.key 
160552     INFO  main            d.u.i.k.p.i.AbstractProblemLoader Loading environment from /home/runner/work/key/key/key.core/../key.ui/examples/heap/strictlyModular/modularOnly.key 
160552     DEBUG main            d.u.i.k.p.i.AbstractProblemLoader Environment load took 117ns 
160553     INFO  main            d.u.i.k.p.i.AbstractProblemLoader Creating init config 
163039     DEBUG main            d.u.i.k.p.i.AbstractProblemLoader Init config took 2.49s 
163074     INFO  main            d.u.i.k.p.i.AbstractProblemLoader Replaying proof Modular[Modular::m()].JML operation contract.0 
163075     DEBUG main            d.u.i.k.p.i.IntermediateProofReplayer Proof replay took 7ns 
163179     INFO  main            d.u.i.k.p.r.p.TestFile    ... finished proof: open goal(s) 
1856024    INFO  Test worker     d.u.i.k.p.r.RunAllProofsTestUnit Returning from test simpleTests 
1856025    INFO  Test worker     d.u.i.k.p.r.RunAllProofsTestUnit Running test SmansEtAl 
333        INFO  Timeout watchdog d.u.i.k.p.r.p.ForkedTestFileRunner Timeout watcher launched (2000 secs.) 
346        WARN  main            d.u.i.k.s.ProofSettings   The settings in /home/runner/.key/proof-settings.props are *not* read. 
373        INFO  main            d.u.i.k.p.r.p.TestFile    Now processing file /home/runner/work/key/key/key.core/../key.ui/examples/heap/SmansEtAl/ArrayList_add.key 
485        INFO  main            d.u.i.k.p.i.AbstractProblemLoader Loading environment from /home/runner/work/key/key/key.core/../key.ui/examples/heap/SmansEtAl/ArrayList_add.key 
506        DEBUG main            d.u.i.k.p.i.AbstractProblemLoader Environment load took 1.98ms 
730        INFO  main            d.u.i.k.p.i.AbstractProblemLoader Creating init config 
1528       DEBUG main            d.u.i.k.j.TypeConverter   No LDT found for Meta 
1532       DEBUG main            d.u.i.k.j.TypeConverter   No LDT found for Meta 
1534       DEBUG main            d.u.i.k.j.TypeConverter   No LDT found for Meta 
1535       DEBUG main            d.u.i.k.j.TypeConverter   No LDT found for Meta 
3065       DEBUG main            d.u.i.k.j.TypeConverter   No LDT found for JavaBigintExpression 
7964       DEBUG main            d.u.i.k.p.i.AbstractProblemLoader Init config took 7.23s 
8131       INFO  main            d.u.i.k.p.i.AbstractProblemLoader Replaying proof ArrayList[ArrayList::add(java.lang.Object)].JML normal_behavior operation contract.0 
8165       DEBUG main            d.u.i.k.p.i.IntermediateProofReplayer Proof replay took 33.4ns 
15215      INFO  main            d.u.i.k.p.r.p.TestFile    ... finished proof: closed. 
15441      INFO  main            d.u.i.k.p.i.AbstractProblemLoader Loading environment from /home/runner/work/key/key/key.core/../key.ui/examples/heap/SmansEtAl/ArrayList_add.key.proof 
15441      DEBUG main            d.u.i.k.p.i.AbstractProblemLoader Environment load took 513.41ns 
15446      INFO  main            d.u.i.k.p.i.AbstractProblemLoader Creating init config 
18475      DEBUG main            d.u.i.k.p.i.AbstractProblemLoader Init config took 3.03s 
18535      INFO  main            d.u.i.k.p.i.AbstractProblemLoader Replaying proof ArrayList[ArrayList::add(java.lang.Object)].JML normal_behavior operation contract.0 
19352      DEBUG main            d.u.i.k.p.i.IntermediateProofReplayer Proof replay took 784.21ms 
19365      DEBUG main            d.u.i.k.p.r.p.TestFile    ... success: reloaded. 
19372      INFO  main            d.u.i.k.p.r.p.TestFile    Now processing file /home/runner/work/key/key/key.core/../key.ui/examples/heap/SmansEtAl/ArrayList_ArrayList.key 
19372      INFO  main            d.u.i.k.p.i.AbstractProblemLoader Loading environment from /home/runner/work/key/key/key.core/../key.ui/examples/heap/SmansEtAl/ArrayList_ArrayList.key 
19372      DEBUG main            d.u.i.k.p.i.AbstractProblemLoader Environment load took 125.1ns 
19376      INFO  main            d.u.i.k.p.i.AbstractProblemLoader Creating init config 
22379      DEBUG main            d.u.i.k.p.i.AbstractProblemLoader Init config took 3s 
22435      INFO  main            d.u.i.k.p.i.AbstractProblemLoader Replaying proof ArrayList[ArrayList::ArrayList()].JML normal_behavior operation contract.0 
22437      DEBUG main            d.u.i.k.p.i.IntermediateProofReplayer Proof replay took 6.3ns 
23371      INFO  main            d.u.i.k.p.r.p.TestFile    ... finished proof: closed. 
23536      INFO  main            d.u.i.k.p.i.AbstractProblemLoader Loading environment from /home/runner/work/key/key/key.core/../key.ui/examples/heap/SmansEtAl/ArrayList_ArrayList.key.proof 
23537      DEBUG main            d.u.i.k.p.i.AbstractProblemLoader Environment load took 445.4ns 
23538      INFO  main            d.u.i.k.p.i.AbstractProblemLoader Creating init config 
26345      DEBUG main            d.u.i.k.p.i.AbstractProblemLoader Init config took 2.81s 
26429      INFO  main            d.u.i.k.p.i.AbstractProblemLoader Replaying proof ArrayList[ArrayList::ArrayList()].JML normal_behavior operation contract.0 
26585      DEBUG main            d.u.i.k.p.i.IntermediateProofReplayer Proof replay took 139.6ms 
26588      DEBUG main            d.u.i.k.p.r.p.TestFile    ... success: reloaded. 
26591      INFO  main            d.u.i.k.p.r.p.TestFile    Now processing file /home/runner/work/key/key/key.core/../key.ui/examples/heap/SmansEtAl/ArrayList_footprint.key 
26592      INFO  main            d.u.i.k.p.i.AbstractProblemLoader Loading environment from /home/runner/work/key/key/key.core/../key.ui/examples/heap/SmansEtAl/ArrayList_footprint.key 
26592      DEBUG main            d.u.i.k.p.i.AbstractProblemLoader Environment load took 253.1ns 
26594      INFO  main            d.u.i.k.p.i.AbstractProblemLoader Creating init config 
29396      DEBUG main            d.u.i.k.p.i.AbstractProblemLoader Init config took 2.8s 
29445      INFO  main            d.u.i.k.p.i.AbstractProblemLoader Replaying proof ArrayList[ArrayList::$footprint()].JML accessible clause.0 
29448      DEBUG main            d.u.i.k.p.i.IntermediateProofReplayer Proof replay took 5.9ns 
29550      INFO  main            d.u.i.k.p.r.p.TestFile    ... finished proof: closed. 
29715      INFO  main            d.u.i.k.p.i.AbstractProblemLoader Loading environment from /home/runner/work/key/key/key.core/../key.ui/examples/heap/SmansEtAl/ArrayList_footprint.key.proof 
29715      DEBUG main            d.u.i.k.p.i.AbstractProblemLoader Environment load took 170.5ns 
29716      INFO  main            d.u.i.k.p.i.AbstractProblemLoader Creating init config 
32450      DEBUG main            d.u.i.k.p.i.AbstractProblemLoader Init config took 2.73s 
32496      INFO  main            d.u.i.k.p.i.AbstractProblemLoader Replaying proof ArrayList[ArrayList::$footprint()].JML accessible clause.0 
32507      DEBUG main            d.u.i.k.p.i.IntermediateProofReplayer Proof replay took 8.3ms 
32508      DEBUG main            d.u.i.k.p.r.p.TestFile    ... success: reloaded. 
32509      INFO  main            d.u.i.k.p.r.p.TestFile    Now processing file /home/runner/work/key/key/key.core/../key.ui/examples/heap/SmansEtAl/ArrayList_get_dep.key 
32509      INFO  main            d.u.i.k.p.i.AbstractProblemLoader Loading environment from /home/runner/work/key/key/key.core/../key.ui/examples/heap/SmansEtAl/ArrayList_get_dep.key 
32510      DEBUG main            d.u.i.k.p.i.AbstractProblemLoader Environment load took 150.2ns 
32511      INFO  main            d.u.i.k.p.i.AbstractProblemLoader Creating init config 
35284      DEBUG main            d.u.i.k.p.i.AbstractProblemLoader Init config took 2.77s 
35328      INFO  main            d.u.i.k.p.i.AbstractProblemLoader Replaying proof ArrayList[ArrayList::get(int)].JML accessible clause.0 
35330      DEBUG main            d.u.i.k.p.i.IntermediateProofReplayer Proof replay took 6.6ns 
35633      INFO  main            d.u.i.k.p.r.p.TestFile    ... finished proof: closed. 
35785      INFO  main            d.u.i.k.p.i.AbstractProblemLoader Loading environment from /home/runner/work/key/key/key.core/../key.ui/examples/heap/SmansEtAl/ArrayList_get_dep.key.proof 
35785      DEBUG main            d.u.i.k.p.i.AbstractProblemLoader Environment load took 528.31ns 
35787      INFO  main            d.u.i.k.p.i.AbstractProblemLoader Creating init config 
38474      DEBUG main            d.u.i.k.p.i.AbstractProblemLoader Init config took 2.69s 
38518      INFO  main            d.u.i.k.p.i.AbstractProblemLoader Replaying proof ArrayList[ArrayList::get(int)].JML accessible clause.0 
38561      DEBUG main            d.u.i.k.p.i.IntermediateProofReplayer Proof replay took 38.67ms 
38562      DEBUG main            d.u.i.k.p.r.p.TestFile    ... success: reloaded. 
38563      INFO  main            d.u.i.k.p.r.p.TestFile    Now processing file /home/runner/work/key/key/key.core/../key.ui/examples/heap/SmansEtAl/ArrayList_get.key 
38564      INFO  main            d.u.i.k.p.i.AbstractProblemLoader Loading environment from /home/runner/work/key/key/key.core/../key.ui/examples/heap/SmansEtAl/ArrayList_get.key 
38564      DEBUG main            d.u.i.k.p.i.AbstractProblemLoader Environment load took 244.2ns 
38565      INFO  main            d.u.i.k.p.i.AbstractProblemLoader Creating init config 
41315      DEBUG main            d.u.i.k.p.i.AbstractProblemLoader Init config took 2.75s 
41369      INFO  main            d.u.i.k.p.i.AbstractProblemLoader Replaying proof ArrayList[ArrayList::get(int)].JML normal_behavior operation contract.0 
41372      DEBUG main            d.u.i.k.p.i.IntermediateProofReplayer Proof replay took 7.1ns 
41575      INFO  main            d.u.i.k.p.r.p.TestFile    ... finished proof: closed. 
41760      INFO  main            d.u.i.k.p.i.AbstractProblemLoader Loading environment from /home/runner/work/key/key/key.core/../key.ui/examples/heap/SmansEtAl/ArrayList_get.key.proof 
41760      DEBUG main            d.u.i.k.p.i.AbstractProblemLoader Environment load took 133.5ns 
41761      INFO  main            d.u.i.k.p.i.AbstractProblemLoader Creating init config 
44443      DEBUG main            d.u.i.k.p.i.AbstractProblemLoader Init config took 2.68s 
44491      INFO  main            d.u.i.k.p.i.AbstractProblemLoader Replaying proof ArrayList[ArrayList::get(int)].JML normal_behavior operation contract.0 
44517      DEBUG main            d.u.i.k.p.i.IntermediateProofReplayer Proof replay took 23.3ms 
44518      DEBUG main            d.u.i.k.p.r.p.TestFile    ... success: reloaded. 
44519      INFO  main            d.u.i.k.p.r.p.TestFile    Now processing file /home/runner/work/key/key/key.core/../key.ui/examples/heap/SmansEtAl/ArrayList_inv.key 
44520      INFO  main            d.u.i.k.p.i.AbstractProblemLoader Loading environment from /home/runner/work/key/key/key.core/../key.ui/examples/heap/SmansEtAl/ArrayList_inv.key 
44520      DEBUG main            d.u.i.k.p.i.AbstractProblemLoader Environment load took 114ns 
44521      INFO  main            d.u.i.k.p.i.AbstractProblemLoader Creating init config 
47225      DEBUG main            d.u.i.k.p.i.AbstractProblemLoader Init config took 2.7s 
47276      INFO  main            d.u.i.k.p.i.AbstractProblemLoader Replaying proof ArrayList[java.lang.Object::<inv>()].JML accessible clause.0 
47278      DEBUG main            d.u.i.k.p.i.IntermediateProofReplayer Proof replay took 7.3ns 
47382      INFO  main            d.u.i.k.p.r.p.TestFile    ... finished proof: closed. 
47560      INFO  main            d.u.i.k.p.i.AbstractProblemLoader Loading environment from /home/runner/work/key/key/key.core/../key.ui/examples/heap/SmansEtAl/ArrayList_inv.key.proof 
47560      DEBUG main            d.u.i.k.p.i.AbstractProblemLoader Environment load took 130ns 
47561      INFO  main            d.u.i.k.p.i.AbstractProblemLoader Creating init config 
50206      DEBUG main            d.u.i.k.p.i.AbstractProblemLoader Init config took 2.65s 
50257      INFO  main            d.u.i.k.p.i.AbstractProblemLoader Replaying proof ArrayList[java.lang.Object::<inv>()].JML accessible clause.0 
50269      DEBUG main            d.u.i.k.p.i.IntermediateProofReplayer Proof replay took 8.2ms 
50270      DEBUG main            d.u.i.k.p.r.p.TestFile    ... success: reloaded. 
50272      INFO  main            d.u.i.k.p.r.p.TestFile    Now processing file /home/runner/work/key/key/key.core/../key.ui/examples/heap/SmansEtAl/ArrayList_size_dep.key 
50272      INFO  main            d.u.i.k.p.i.AbstractProblemLoader Loading environment from /home/runner/work/key/key/key.core/../key.ui/examples/heap/SmansEtAl/ArrayList_size_dep.key 
50273      DEBUG main            d.u.i.k.p.i.AbstractProblemLoader Environment load took 212ns 
50274      INFO  main            d.u.i.k.p.i.AbstractProblemLoader Creating init config 
53010      DEBUG main            d.u.i.k.p.i.AbstractProblemLoader Init config took 2.74s 
53050      INFO  main            d.u.i.k.p.i.AbstractProblemLoader Replaying proof ArrayList[ArrayList::size()].JML accessible clause.0 
53052      DEBUG main            d.u.i.k.p.i.IntermediateProofReplayer Proof replay took 6.3ns 
53154      INFO  main            d.u.i.k.p.r.p.TestFile    ... finished proof: closed. 
53337      INFO  main            d.u.i.k.p.i.AbstractProblemLoader Loading environment from /home/runner/work/key/key/key.core/../key.ui/examples/heap/SmansEtAl/ArrayList_size_dep.key.proof 
53338      DEBUG main            d.u.i.k.p.i.AbstractProblemLoader Environment load took 127ns 
53340      INFO  main            d.u.i.k.p.i.AbstractProblemLoader Creating init config 
55993      DEBUG main            d.u.i.k.p.i.AbstractProblemLoader Init config took 2.65s 
56033      INFO  main            d.u.i.k.p.i.AbstractProblemLoader Replaying proof ArrayList[ArrayList::size()].JML accessible clause.0 
56047      DEBUG main            d.u.i.k.p.i.IntermediateProofReplayer Proof replay took 11.71ms 
56048      DEBUG main            d.u.i.k.p.r.p.TestFile    ... success: reloaded. 
56049      INFO  main            d.u.i.k.p.r.p.TestFile    Now processing file /home/runner/work/key/key/key.core/../key.ui/examples/heap/SmansEtAl/ArrayList_size.key 
56049      INFO  main            d.u.i.k.p.i.AbstractProblemLoader Loading environment from /home/runner/work/key/key/key.core/../key.ui/examples/heap/SmansEtAl/ArrayList_size.key 
56050      DEBUG main            d.u.i.k.p.i.AbstractProblemLoader Environment load took 104.5ns 
56050      INFO  main            d.u.i.k.p.i.AbstractProblemLoader Creating init config 
58731      DEBUG main            d.u.i.k.p.i.AbstractProblemLoader Init config took 2.68s 
58776      INFO  main            d.u.i.k.p.i.AbstractProblemLoader Replaying proof ArrayList[ArrayList::size()].JML normal_behavior operation contract.0 
58781      DEBUG main            d.u.i.k.p.i.IntermediateProofReplayer Proof replay took 6.7ns 
58883      INFO  main            d.u.i.k.p.r.p.TestFile    ... finished proof: closed. 
59068      INFO  main            d.u.i.k.p.i.AbstractProblemLoader Loading environment from /home/runner/work/key/key/key.core/../key.ui/examples/heap/SmansEtAl/ArrayList_size.key.proof 
59068      DEBUG main            d.u.i.k.p.i.AbstractProblemLoader Environment load took 141.2ns 
59069      INFO  main            d.u.i.k.p.i.AbstractProblemLoader Creating init config 
61714      DEBUG main            d.u.i.k.p.i.AbstractProblemLoader Init config took 2.64s 
61753      INFO  main            d.u.i.k.p.i.AbstractProblemLoader Replaying proof ArrayList[ArrayList::size()].JML normal_behavior operation contract.0 
61767      DEBUG main            d.u.i.k.p.i.IntermediateProofReplayer Proof replay took 11.56ms 
61768      DEBUG main            d.u.i.k.p.r.p.TestFile    ... success: reloaded. 
61770      INFO  main            d.u.i.k.p.r.p.TestFile    Now processing file /home/runner/work/key/key/key.core/../key.ui/examples/heap/SmansEtAl/Cell_Cell.key 
61770      INFO  main            d.u.i.k.p.i.AbstractProblemLoader Loading environment from /home/runner/work/key/key/key.core/../key.ui/examples/heap/SmansEtAl/Cell_Cell.key 
61770      DEBUG main            d.u.i.k.p.i.AbstractProblemLoader Environment load took 210.8ns 
61771      INFO  main            d.u.i.k.p.i.AbstractProblemLoader Creating init config 
64446      DEBUG main            d.u.i.k.p.i.AbstractProblemLoader Init config took 2.68s 
64484      INFO  main            d.u.i.k.p.i.AbstractProblemLoader Replaying proof Cell[Cell::Cell()].JML normal_behavior operation contract.0 
64486      DEBUG main            d.u.i.k.p.i.IntermediateProofReplayer Proof replay took 7.2ns 
64688      INFO  main            d.u.i.k.p.r.p.TestFile    ... finished proof: closed. 
64887      INFO  main            d.u.i.k.p.i.AbstractProblemLoader Loading environment from /home/runner/work/key/key/key.core/../key.ui/examples/heap/SmansEtAl/Cell_Cell.key.proof 
64887      DEBUG main            d.u.i.k.p.i.AbstractProblemLoader Environment load took 148.4ns 
64888      INFO  main            d.u.i.k.p.i.AbstractProblemLoader Creating init config 
67538      DEBUG main            d.u.i.k.p.i.AbstractProblemLoader Init config took 2.65s 
67581      INFO  main            d.u.i.k.p.i.AbstractProblemLoader Replaying proof Cell[Cell::Cell()].JML normal_behavior operation contract.0 
67618      DEBUG main            d.u.i.k.p.i.IntermediateProofReplayer Proof replay took 34.15ms 
67620      DEBUG main            d.u.i.k.p.r.p.TestFile    ... success: reloaded. 
67621      INFO  main            d.u.i.k.p.r.p.TestFile    Now processing file /home/runner/work/key/key/key.core/../key.ui/examples/heap/SmansEtAl/Cell_footprint.key 
67621      INFO  main            d.u.i.k.p.i.AbstractProblemLoader Loading environment from /home/runner/work/key/key/key.core/../key.ui/examples/heap/SmansEtAl/Cell_footprint.key 
67621      DEBUG main            d.u.i.k.p.i.AbstractProblemLoader Environment load took 108.7ns 
67622      INFO  main            d.u.i.k.p.i.AbstractProblemLoader Creating init config 
70239      DEBUG main            d.u.i.k.p.i.AbstractProblemLoader Init config took 2.62s 
70275      INFO  main            d.u.i.k.p.i.AbstractProblemLoader Replaying proof Cell[Cell::$footprint()].JML accessible clause.0 
70276      DEBUG main            d.u.i.k.p.i.IntermediateProofReplayer Proof replay took 6.7ns 
70380      INFO  main            d.u.i.k.p.r.p.TestFile    ... finished proof: closed. 
70571      INFO  main            d.u.i.k.p.i.AbstractProblemLoader Loading environment from /home/runner/work/key/key/key.core/../key.ui/examples/heap/SmansEtAl/Cell_footprint.key.proof 
70571      DEBUG main            d.u.i.k.p.i.AbstractProblemLoader Environment load took 127.9ns 
70572      INFO  main            d.u.i.k.p.i.AbstractProblemLoader Creating init config 
73169      DEBUG main            d.u.i.k.p.i.AbstractProblemLoader Init config took 2.6s 
73205      INFO  main            d.u.i.k.p.i.AbstractProblemLoader Replaying proof Cell[Cell::$footprint()].JML accessible clause.0 
73212      DEBUG main            d.u.i.k.p.i.IntermediateProofReplayer Proof replay took 4.26ms 
73213      DEBUG main            d.u.i.k.p.r.p.TestFile    ... success: reloaded. 
73214      INFO  main            d.u.i.k.p.r.p.TestFile    Now processing file /home/runner/work/key/key/key.core/../key.ui/examples/heap/SmansEtAl/Cell_getX_dep.key 
73215      INFO  main            d.u.i.k.p.i.AbstractProblemLoader Loading environment from /home/runner/work/key/key/key.core/../key.ui/examples/heap/SmansEtAl/Cell_getX_dep.key 
73215      DEBUG main            d.u.i.k.p.i.AbstractProblemLoader Environment load took 90.1ns 
73216      INFO  main            d.u.i.k.p.i.AbstractProblemLoader Creating init config 
75886      DEBUG main            d.u.i.k.p.i.AbstractProblemLoader Init config took 2.67s 
75922      INFO  main            d.u.i.k.p.i.AbstractProblemLoader Replaying proof Cell[Cell::getX()].JML accessible clause.0 
75923      DEBUG main            d.u.i.k.p.i.IntermediateProofReplayer Proof replay took 7.8ns 
76025      INFO  main            d.u.i.k.p.r.p.TestFile    ... finished proof: closed. 
76241      INFO  main            d.u.i.k.p.i.AbstractProblemLoader Loading environment from /home/runner/work/key/key/key.core/../key.ui/examples/heap/SmansEtAl/Cell_getX_dep.key.proof 
76241      DEBUG main            d.u.i.k.p.i.AbstractProblemLoader Environment load took 132.9ns 
76242      INFO  main            d.u.i.k.p.i.AbstractProblemLoader Creating init config 
78846      DEBUG main            d.u.i.k.p.i.AbstractProblemLoader Init config took 2.6s 
78887      INFO  main            d.u.i.k.p.i.AbstractProblemLoader Replaying proof Cell[Cell::getX()].JML accessible clause.0 
78900      DEBUG main            d.u.i.k.p.i.IntermediateProofReplayer Proof replay took 10.99ms 
78901      DEBUG main            d.u.i.k.p.r.p.TestFile    ... success: reloaded. 
78902      INFO  main            d.u.i.k.p.r.p.TestFile    Now processing file /home/runner/work/key/key/key.core/../key.ui/examples/heap/SmansEtAl/Cell_getX.key 
78903      INFO  main            d.u.i.k.p.i.AbstractProblemLoader Loading environment from /home/runner/work/key/key/key.core/../key.ui/examples/heap/SmansEtAl/Cell_getX.key 
78903      DEBUG main            d.u.i.k.p.i.AbstractProblemLoader Environment load took 105.2ns 
78905      INFO  main            d.u.i.k.p.i.AbstractProblemLoader Creating init config 
81543      DEBUG main            d.u.i.k.p.i.AbstractProblemLoader Init config took 2.64s 
81582      INFO  main            d.u.i.k.p.i.AbstractProblemLoader Replaying proof Cell[Cell::getX()].JML normal_behavior operation contract.0 
81584      DEBUG main            d.u.i.k.p.i.IntermediateProofReplayer Proof replay took 6ns 
81685      INFO  main            d.u.i.k.p.r.p.TestFile    ... finished proof: closed. 
81875      INFO  main            d.u.i.k.p.i.AbstractProblemLoader Loading environment from /home/runner/work/key/key/key.core/../key.ui/examples/heap/SmansEtAl/Cell_getX.key.proof 
81875      DEBUG main            d.u.i.k.p.i.AbstractProblemLoader Environment load took 134.8ns 
81876      INFO  main            d.u.i.k.p.i.AbstractProblemLoader Creating init config 
84483      DEBUG main            d.u.i.k.p.i.AbstractProblemLoader Init config took 2.61s 
84521      INFO  main            d.u.i.k.p.i.AbstractProblemLoader Replaying proof Cell[Cell::getX()].JML normal_behavior operation contract.0 
84533      DEBUG main            d.u.i.k.p.i.IntermediateProofReplayer Proof replay took 9.43ms 
84534      DEBUG main            d.u.i.k.p.r.p.TestFile    ... success: reloaded. 
84535      INFO  main            d.u.i.k.p.r.p.TestFile    Now processing file /home/runner/work/key/key/key.core/../key.ui/examples/heap/SmansEtAl/Cell_inv.key 
84535      INFO  main            d.u.i.k.p.i.AbstractProblemLoader Loading environment from /home/runner/work/key/key/key.core/../key.ui/examples/heap/SmansEtAl/Cell_inv.key 
84535      DEBUG main            d.u.i.k.p.i.AbstractProblemLoader Environment load took 117.3ns 
84536      INFO  main            d.u.i.k.p.i.AbstractProblemLoader Creating init config 
87201      DEBUG main            d.u.i.k.p.i.AbstractProblemLoader Init config took 2.66s 
87235      INFO  main            d.u.i.k.p.i.AbstractProblemLoader Replaying proof Cell[java.lang.Object::<inv>()].JML accessible clause.0 
87236      DEBUG main            d.u.i.k.p.i.IntermediateProofReplayer Proof replay took 6.6ns 
87338      INFO  main            d.u.i.k.p.r.p.TestFile    ... finished proof: closed. 
87549      INFO  main            d.u.i.k.p.i.AbstractProblemLoader Loading environment from /home/runner/work/key/key/key.core/../key.ui/examples/heap/SmansEtAl/Cell_inv.key.proof 
87549      DEBUG main            d.u.i.k.p.i.AbstractProblemLoader Environment load took 122.3ns 
87550      INFO  main            d.u.i.k.p.i.AbstractProblemLoader Creating init config 
90154      DEBUG main            d.u.i.k.p.i.AbstractProblemLoader Init config took 2.6s 
90193      INFO  main            d.u.i.k.p.i.AbstractProblemLoader Replaying proof Cell[java.lang.Object::<inv>()].JML accessible clause.0 
90196      DEBUG main            d.u.i.k.p.i.IntermediateProofReplayer Proof replay took 1.36ms 
90197      DEBUG main            d.u.i.k.p.r.p.TestFile    ... success: reloaded. 
90198      INFO  main            d.u.i.k.p.r.p.TestFile    Now processing file /home/runner/work/key/key/key.core/../key.ui/examples/heap/SmansEtAl/Cell_setX.key 
90198      INFO  main            d.u.i.k.p.i.AbstractProblemLoader Loading environment from /home/runner/work/key/key/key.core/../key.ui/examples/heap/SmansEtAl/Cell_setX.key 
90198      DEBUG main            d.u.i.k.p.i.AbstractProblemLoader Environment load took 63.4ns 
90199      INFO  main            d.u.i.k.p.i.AbstractProblemLoader Creating init config 
92918      DEBUG main            d.u.i.k.p.i.AbstractProblemLoader Init config took 2.72s 
92952      INFO  main            d.u.i.k.p.i.AbstractProblemLoader Replaying proof Cell[Cell::setX(int)].JML normal_behavior operation contract.0 
92954      DEBUG main            d.u.i.k.p.i.IntermediateProofReplayer Proof replay took 6.5ns 
93056      INFO  main            d.u.i.k.p.r.p.TestFile    ... finished proof: closed. 
93276      INFO  main            d.u.i.k.p.i.AbstractProblemLoader Loading environment from /home/runner/work/key/key/key.core/../key.ui/examples/heap/SmansEtAl/Cell_setX.key.proof 
93277      DEBUG main            d.u.i.k.p.i.AbstractProblemLoader Environment load took 122.4ns 
93278      INFO  main            d.u.i.k.p.i.AbstractProblemLoader Creating init config 
95853      DEBUG main            d.u.i.k.p.i.AbstractProblemLoader Init config took 2.58s 
95887      INFO  main            d.u.i.k.p.i.AbstractProblemLoader Replaying proof Cell[Cell::setX(int)].JML normal_behavior operation contract.0 
95907      DEBUG main            d.u.i.k.p.i.IntermediateProofReplayer Proof replay took 17.43ms 
95908      DEBUG main            d.u.i.k.p.r.p.TestFile    ... success: reloaded. 
95909      INFO  main            d.u.i.k.p.r.p.TestFile    Now processing file /home/runner/work/key/key/key.core/../key.ui/examples/heap/SmansEtAl/CellClient_m.key 
95909      INFO  main            d.u.i.k.p.i.AbstractProblemLoader Loading environment from /home/runner/work/key/key/key.core/../key.ui/examples/heap/SmansEtAl/CellClient_m.key 
95909      DEBUG main            d.u.i.k.p.i.AbstractProblemLoader Environment load took 85ns 
95910      INFO  main            d.u.i.k.p.i.AbstractProblemLoader Creating init config 
98535      DEBUG main            d.u.i.k.p.i.AbstractProblemLoader Init config took 2.62s 
98569      INFO  main            d.u.i.k.p.i.AbstractProblemLoader Replaying proof CellClient[CellClient::m()].JML operation contract.0 
98571      DEBUG main            d.u.i.k.p.i.IntermediateProofReplayer Proof replay took 6.3ns 
99077      INFO  main            d.u.i.k.p.r.p.TestFile    ... finished proof: closed. 
99313      INFO  main            d.u.i.k.p.i.AbstractProblemLoader Loading environment from /home/runner/work/key/key/key.core/../key.ui/examples/heap/SmansEtAl/CellClient_m.key.proof 
99313      DEBUG main            d.u.i.k.p.i.AbstractProblemLoader Environment load took 432.71ns 
99314      INFO  main            d.u.i.k.p.i.AbstractProblemLoader Creating init config 
101877     DEBUG main            d.u.i.k.p.i.AbstractProblemLoader Init config took 2.56s 
101911     INFO  main            d.u.i.k.p.i.AbstractProblemLoader Replaying proof CellClient[CellClient::m()].JML operation contract.0 
101998     DEBUG main            d.u.i.k.p.i.IntermediateProofReplayer Proof replay took 83.02ms 
101999     DEBUG main            d.u.i.k.p.r.p.TestFile    ... success: reloaded. 
102000     INFO  main            d.u.i.k.p.r.p.TestFile    Now processing file /home/runner/work/key/key/key.core/../key.ui/examples/heap/SmansEtAl/Iterator_footprint.key 
102001     INFO  main            d.u.i.k.p.i.AbstractProblemLoader Loading environment from /home/runner/work/key/key/key.core/../key.ui/examples/heap/SmansEtAl/Iterator_footprint.key 
102001     DEBUG main            d.u.i.k.p.i.AbstractProblemLoader Environment load took 106.7ns 
102001     INFO  main            d.u.i.k.p.i.AbstractProblemLoader Creating init config 
104669     DEBUG main            d.u.i.k.p.i.AbstractProblemLoader Init config took 2.67s 
104706     INFO  main            d.u.i.k.p.i.AbstractProblemLoader Replaying proof Iterator[Iterator::$footprint()].JML accessible clause.0 
104708     DEBUG main            d.u.i.k.p.i.IntermediateProofReplayer Proof replay took 6.7ns 
104809     INFO  main            d.u.i.k.p.r.p.TestFile    ... finished proof: closed. 
105041     INFO  main            d.u.i.k.p.i.AbstractProblemLoader Loading environment from /home/runner/work/key/key/key.core/../key.ui/examples/heap/SmansEtAl/Iterator_footprint.key.proof 
105041     DEBUG main            d.u.i.k.p.i.AbstractProblemLoader Environment load took 128.2ns 
105042     INFO  main            d.u.i.k.p.i.AbstractProblemLoader Creating init config 
107618     DEBUG main            d.u.i.k.p.i.AbstractProblemLoader Init config took 2.58s 
107654     INFO  main            d.u.i.k.p.i.AbstractProblemLoader Replaying proof Iterator[Iterator::$footprint()].JML accessible clause.0 
107661     DEBUG main            d.u.i.k.p.i.IntermediateProofReplayer Proof replay took 4.92ms 
107662     DEBUG main            d.u.i.k.p.r.p.TestFile    ... success: reloaded. 
107663     INFO  main            d.u.i.k.p.r.p.TestFile    Now processing file /home/runner/work/key/key/key.core/../key.ui/examples/heap/SmansEtAl/Iterator_hasNext_dep.key 
107663     INFO  main            d.u.i.k.p.i.AbstractProblemLoader Loading environment from /home/runner/work/key/key/key.core/../key.ui/examples/heap/SmansEtAl/Iterator_hasNext_dep.key 
107663     DEBUG main            d.u.i.k.p.i.AbstractProblemLoader Environment load took 85.4ns 
107664     INFO  main            d.u.i.k.p.i.AbstractProblemLoader Creating init config 
110325     DEBUG main            d.u.i.k.p.i.AbstractProblemLoader Init config took 2.66s 
110361     INFO  main            d.u.i.k.p.i.AbstractProblemLoader Replaying proof Iterator[Iterator::hasNext()].JML accessible clause.0 
110362     DEBUG main            d.u.i.k.p.i.IntermediateProofReplayer Proof replay took 6.9ns 
110966     INFO  main            d.u.i.k.p.r.p.TestFile    ... finished proof: closed. 
111218     INFO  main            d.u.i.k.p.i.AbstractProblemLoader Loading environment from /home/runner/work/key/key/key.core/../key.ui/examples/heap/SmansEtAl/Iterator_hasNext_dep.key.proof 
111219     DEBUG main            d.u.i.k.p.i.AbstractProblemLoader Environment load took 538.31ns 
111220     INFO  main            d.u.i.k.p.i.AbstractProblemLoader Creating init config 
113818     DEBUG main            d.u.i.k.p.i.AbstractProblemLoader Init config took 2.6s 
113856     INFO  main            d.u.i.k.p.i.AbstractProblemLoader Replaying proof Iterator[Iterator::hasNext()].JML accessible clause.0 
113931     DEBUG main            d.u.i.k.p.i.IntermediateProofReplayer Proof replay took 68.6ms 
113934     DEBUG main            d.u.i.k.p.r.p.TestFile    ... success: reloaded. 
113935     INFO  main            d.u.i.k.p.r.p.TestFile    Now processing file /home/runner/work/key/key/key.core/../key.ui/examples/heap/SmansEtAl/Iterator_hasNext.key 
113935     INFO  main            d.u.i.k.p.i.AbstractProblemLoader Loading environment from /home/runner/work/key/key/key.core/../key.ui/examples/heap/SmansEtAl/Iterator_hasNext.key 
113936     DEBUG main            d.u.i.k.p.i.AbstractProblemLoader Environment load took 94.8ns 
113937     INFO  main            d.u.i.k.p.i.AbstractProblemLoader Creating init config 
116532     DEBUG main            d.u.i.k.p.i.AbstractProblemLoader Init config took 2.6s 
116570     INFO  main            d.u.i.k.p.i.AbstractProblemLoader Replaying proof Iterator[Iterator::hasNext()].JML normal_behavior operation contract.0 
116571     DEBUG main            d.u.i.k.p.i.IntermediateProofReplayer Proof replay took 7.3ns 
117077     INFO  main            d.u.i.k.p.r.p.TestFile    ... finished proof: closed. 
117313     INFO  main            d.u.i.k.p.i.AbstractProblemLoader Loading environment from /home/runner/work/key/key/key.core/../key.ui/examples/heap/SmansEtAl/Iterator_hasNext.key.proof 
117314     DEBUG main            d.u.i.k.p.i.AbstractProblemLoader Environment load took 486.71ns 
117315     INFO  main            d.u.i.k.p.i.AbstractProblemLoader Creating init config 
119866     DEBUG main            d.u.i.k.p.i.AbstractProblemLoader Init config took 2.55s 
119902     INFO  main            d.u.i.k.p.i.AbstractProblemLoader Replaying proof Iterator[Iterator::hasNext()].JML normal_behavior operation contract.0 
119982     DEBUG main            d.u.i.k.p.i.IntermediateProofReplayer Proof replay took 73.96ms 
119983     DEBUG main            d.u.i.k.p.r.p.TestFile    ... success: reloaded. 
119984     INFO  main            d.u.i.k.p.r.p.TestFile    Now processing file /home/runner/work/key/key/key.core/../key.ui/examples/heap/SmansEtAl/Iterator_inv.key 
119984     INFO  main            d.u.i.k.p.i.AbstractProblemLoader Loading environment from /home/runner/work/key/key/key.core/../key.ui/examples/heap/SmansEtAl/Iterator_inv.key 
119984     DEBUG main            d.u.i.k.p.i.AbstractProblemLoader Environment load took 98.5ns 
119985     INFO  main            d.u.i.k.p.i.AbstractProblemLoader Creating init config 
122639     DEBUG main            d.u.i.k.p.i.AbstractProblemLoader Init config took 2.65s 
122677     INFO  main            d.u.i.k.p.i.AbstractProblemLoader Replaying proof Iterator[java.lang.Object::<inv>()].JML accessible clause.0 
122678     DEBUG main            d.u.i.k.p.i.IntermediateProofReplayer Proof replay took 6.4ns 
122882     INFO  main            d.u.i.k.p.r.p.TestFile    ... finished proof: closed. 
123138     INFO  main            d.u.i.k.p.i.AbstractProblemLoader Loading environment from /home/runner/work/key/key/key.core/../key.ui/examples/heap/SmansEtAl/Iterator_inv.key.proof 
123138     DEBUG main            d.u.i.k.p.i.AbstractProblemLoader Environment load took 124.2ns 
123140     INFO  main            d.u.i.k.p.i.AbstractProblemLoader Creating init config 
125681     DEBUG main            d.u.i.k.p.i.AbstractProblemLoader Init config took 2.54s 
125716     INFO  main            d.u.i.k.p.i.AbstractProblemLoader Replaying proof Iterator[java.lang.Object::<inv>()].JML accessible clause.0 
125735     DEBUG main            d.u.i.k.p.i.IntermediateProofReplayer Proof replay took 16.17ms 
125736     DEBUG main            d.u.i.k.p.r.p.TestFile    ... success: reloaded. 
125737     INFO  main            d.u.i.k.p.r.p.TestFile    Now processing file /home/runner/work/key/key/key.core/../key.ui/examples/heap/SmansEtAl/Iterator_Iterator.key 
125737     INFO  main            d.u.i.k.p.i.AbstractProblemLoader Loading environment from /home/runner/work/key/key/key.core/../key.ui/examples/heap/SmansEtAl/Iterator_Iterator.key 
125737     DEBUG main            d.u.i.k.p.i.AbstractProblemLoader Environment load took 105.3ns 
125738     INFO  main            d.u.i.k.p.i.AbstractProblemLoader Creating init config 
128383     DEBUG main            d.u.i.k.p.i.AbstractProblemLoader Init config took 2.65s 
128424     INFO  main            d.u.i.k.p.i.AbstractProblemLoader Replaying proof Iterator[Iterator::Iterator(ArrayList)].JML normal_behavior operation contract.0 
128425     DEBUG main            d.u.i.k.p.i.IntermediateProofReplayer Proof replay took 6.8ns 
129732     INFO  main            d.u.i.k.p.r.p.TestFile    ... finished proof: closed. 
130079     INFO  main            d.u.i.k.p.i.AbstractProblemLoader Loading environment from /home/runner/work/key/key/key.core/../key.ui/examples/heap/SmansEtAl/Iterator_Iterator.key.proof 
130079     DEBUG main            d.u.i.k.p.i.AbstractProblemLoader Environment load took 441.51ns 
130081     INFO  main            d.u.i.k.p.i.AbstractProblemLoader Creating init config 
132604     DEBUG main            d.u.i.k.p.i.AbstractProblemLoader Init config took 2.52s 
132650     INFO  main            d.u.i.k.p.i.AbstractProblemLoader Replaying proof Iterator[Iterator::Iterator(ArrayList)].JML normal_behavior operation contract.0 
132792     DEBUG main            d.u.i.k.p.i.IntermediateProofReplayer Proof replay took 127.67ms 
132794     DEBUG main            d.u.i.k.p.r.p.TestFile    ... success: reloaded. 
132795     INFO  main            d.u.i.k.p.r.p.TestFile    Now processing file /home/runner/work/key/key/key.core/../key.ui/examples/heap/SmansEtAl/Iterator_list_dep.key 
132795     INFO  main            d.u.i.k.p.i.AbstractProblemLoader Loading environment from /home/runner/work/key/key/key.core/../key.ui/examples/heap/SmansEtAl/Iterator_list_dep.key 
132796     DEBUG main            d.u.i.k.p.i.AbstractProblemLoader Environment load took 207.6ns 
132797     INFO  main            d.u.i.k.p.i.AbstractProblemLoader Creating init config 
135394     DEBUG main            d.u.i.k.p.i.AbstractProblemLoader Init config took 2.6s 
135430     INFO  main            d.u.i.k.p.i.AbstractProblemLoader Replaying proof Iterator[Iterator::list()].JML accessible clause.0 
135431     DEBUG main            d.u.i.k.p.i.IntermediateProofReplayer Proof replay took 7.3ns 
135533     INFO  main            d.u.i.k.p.r.p.TestFile    ... finished proof: closed. 
135800     INFO  main            d.u.i.k.p.i.AbstractProblemLoader Loading environment from /home/runner/work/key/key/key.core/../key.ui/examples/heap/SmansEtAl/Iterator_list_dep.key.proof 
135800     DEBUG main            d.u.i.k.p.i.AbstractProblemLoader Environment load took 110.3ns 
135801     INFO  main            d.u.i.k.p.i.AbstractProblemLoader Creating init config 
138355     DEBUG main            d.u.i.k.p.i.AbstractProblemLoader Init config took 2.55s 
138397     INFO  main            d.u.i.k.p.i.AbstractProblemLoader Replaying proof Iterator[Iterator::list()].JML accessible clause.0 
138414     DEBUG main            d.u.i.k.p.i.IntermediateProofReplayer Proof replay took 14.65ms 
138415     DEBUG main            d.u.i.k.p.r.p.TestFile    ... success: reloaded. 
138416     INFO  main            d.u.i.k.p.r.p.TestFile    Now processing file /home/runner/work/key/key/key.core/../key.ui/examples/heap/SmansEtAl/Iterator_list.key 
138416     INFO  main            d.u.i.k.p.i.AbstractProblemLoader Loading environment from /home/runner/work/key/key/key.core/../key.ui/examples/heap/SmansEtAl/Iterator_list.key 
138417     DEBUG main            d.u.i.k.p.i.AbstractProblemLoader Environment load took 102.8ns 
138417     INFO  main            d.u.i.k.p.i.AbstractProblemLoader Creating init config 
141022     DEBUG main            d.u.i.k.p.i.AbstractProblemLoader Init config took 2.6s 
141069     INFO  main            d.u.i.k.p.i.AbstractProblemLoader Replaying proof Iterator[Iterator::list()].JML normal_behavior operation contract.0 
141072     DEBUG main            d.u.i.k.p.i.IntermediateProofReplayer Proof replay took 7.1ns 
141174     INFO  main            d.u.i.k.p.r.p.TestFile    ... finished proof: closed. 
141442     INFO  main            d.u.i.k.p.i.AbstractProblemLoader Loading environment from /home/runner/work/key/key/key.core/../key.ui/examples/heap/SmansEtAl/Iterator_list.key.proof 
141442     DEBUG main            d.u.i.k.p.i.AbstractProblemLoader Environment load took 114.2ns 
141443     INFO  main            d.u.i.k.p.i.AbstractProblemLoader Creating init config 
143963     DEBUG main            d.u.i.k.p.i.AbstractProblemLoader Init config took 2.52s 
144000     INFO  main            d.u.i.k.p.i.AbstractProblemLoader Replaying proof Iterator[Iterator::list()].JML normal_behavior operation contract.0 
144027     DEBUG main            d.u.i.k.p.i.IntermediateProofReplayer Proof replay took 24.75ms 
144028     DEBUG main            d.u.i.k.p.r.p.TestFile    ... success: reloaded. 
144029     INFO  main            d.u.i.k.p.r.p.TestFile    Now processing file /home/runner/work/key/key/key.core/../key.ui/examples/heap/SmansEtAl/Iterator_next.key 
144029     INFO  main            d.u.i.k.p.i.AbstractProblemLoader Loading environment from /home/runner/work/key/key/key.core/../key.ui/examples/heap/SmansEtAl/Iterator_next.key 
144029     DEBUG main            d.u.i.k.p.i.AbstractProblemLoader Environment load took 79.9ns 
144030     INFO  main            d.u.i.k.p.i.AbstractProblemLoader Creating init config 
146642     DEBUG main            d.u.i.k.p.i.AbstractProblemLoader Init config took 2.61s 
146677     INFO  main            d.u.i.k.p.i.AbstractProblemLoader Replaying proof Iterator[Iterator::next()].JML normal_behavior operation contract.0 
146679     DEBUG main            d.u.i.k.p.i.IntermediateProofReplayer Proof replay took 7.2ns 
149105     INFO  main            d.u.i.k.p.r.p.TestFile    ... finished proof: closed. 
149405     INFO  main            d.u.i.k.p.i.AbstractProblemLoader Loading environment from /home/runner/work/key/key/key.core/../key.ui/examples/heap/SmansEtAl/Iterator_next.key.proof 
149405     DEBUG main            d.u.i.k.p.i.AbstractProblemLoader Environment load took 438.9ns 
149407     INFO  main            d.u.i.k.p.i.AbstractProblemLoader Creating init config 
151958     DEBUG main            d.u.i.k.p.i.AbstractProblemLoader Init config took 2.55s 
151994     INFO  main            d.u.i.k.p.i.AbstractProblemLoader Replaying proof Iterator[Iterator::next()].JML normal_behavior operation contract.0 
152218     DEBUG main            d.u.i.k.p.i.IntermediateProofReplayer Proof replay took 205.46ms 
152220     DEBUG main            d.u.i.k.p.r.p.TestFile    ... success: reloaded. 
152221     INFO  main            d.u.i.k.p.r.p.TestFile    Now processing file /home/runner/work/key/key/key.core/../key.ui/examples/heap/SmansEtAl/Stack_footprint.key 
152221     INFO  main            d.u.i.k.p.i.AbstractProblemLoader Loading environment from /home/runner/work/key/key/key.core/../key.ui/examples/heap/SmansEtAl/Stack_footprint.key 
152221     DEBUG main            d.u.i.k.p.i.AbstractProblemLoader Environment load took 194.9ns 
152222     INFO  main            d.u.i.k.p.i.AbstractProblemLoader Creating init config 
154805     DEBUG main            d.u.i.k.p.i.AbstractProblemLoader Init config took 2.58s 
154839     INFO  main            d.u.i.k.p.i.AbstractProblemLoader Replaying proof Stack[Stack::$footprint()].JML accessible clause.0 
154841     DEBUG main            d.u.i.k.p.i.IntermediateProofReplayer Proof replay took 8.1ns 
155044     INFO  main            d.u.i.k.p.r.p.TestFile    ... finished proof: closed. 
155337     INFO  main            d.u.i.k.p.i.AbstractProblemLoader Loading environment from /home/runner/work/key/key/key.core/../key.ui/examples/heap/SmansEtAl/Stack_footprint.key.proof 
155337     DEBUG main            d.u.i.k.p.i.AbstractProblemLoader Environment load took 128.8ns 
155338     INFO  main            d.u.i.k.p.i.AbstractProblemLoader Creating init config 
157883     DEBUG main            d.u.i.k.p.i.AbstractProblemLoader Init config took 2.54s 
157917     INFO  main            d.u.i.k.p.i.AbstractProblemLoader Replaying proof Stack[Stack::$footprint()].JML accessible clause.0 
157938     DEBUG main            d.u.i.k.p.i.IntermediateProofReplayer Proof replay took 18.85ms 
157939     DEBUG main            d.u.i.k.p.r.p.TestFile    ... success: reloaded. 
157941     INFO  main            d.u.i.k.p.r.p.TestFile    Now processing file /home/runner/work/key/key/key.core/../key.ui/examples/heap/SmansEtAl/Stack_inv.key 
157941     INFO  main            d.u.i.k.p.i.AbstractProblemLoader Loading environment from /home/runner/work/key/key/key.core/../key.ui/examples/heap/SmansEtAl/Stack_inv.key 
157941     DEBUG main            d.u.i.k.p.i.AbstractProblemLoader Environment load took 210.1ns 
157942     INFO  main            d.u.i.k.p.i.AbstractProblemLoader Creating init config 
160546     DEBUG main            d.u.i.k.p.i.AbstractProblemLoader Init config took 2.6s 
160580     INFO  main            d.u.i.k.p.i.AbstractProblemLoader Replaying proof Stack[java.lang.Object::<inv>()].JML accessible clause.0 
160582     DEBUG main            d.u.i.k.p.i.IntermediateProofReplayer Proof replay took 7.2ns 
160683     INFO  main            d.u.i.k.p.r.p.TestFile    ... finished proof: closed. 
160971     INFO  main            d.u.i.k.p.i.AbstractProblemLoader Loading environment from /home/runner/work/key/key/key.core/../key.ui/examples/heap/SmansEtAl/Stack_inv.key.proof 
160971     DEBUG main            d.u.i.k.p.i.AbstractProblemLoader Environment load took 116ns 
160972     INFO  main            d.u.i.k.p.i.AbstractProblemLoader Creating init config 
163499     DEBUG main            d.u.i.k.p.i.AbstractProblemLoader Init config took 2.53s 
163533     INFO  main            d.u.i.k.p.i.AbstractProblemLoader Replaying proof Stack[java.lang.Object::<inv>()].JML accessible clause.0 
163542     DEBUG main            d.u.i.k.p.i.IntermediateProofReplayer Proof replay took 7.53ms 
163543     DEBUG main            d.u.i.k.p.r.p.TestFile    ... success: reloaded. 
163544     INFO  main            d.u.i.k.p.r.p.TestFile    Now processing file /home/runner/work/key/key/key.core/../key.ui/examples/heap/SmansEtAl/Stack_push.key 
163544     INFO  main            d.u.i.k.p.i.AbstractProblemLoader Loading environment from /home/runner/work/key/key/key.core/../key.ui/examples/heap/SmansEtAl/Stack_push.key 
163544     DEBUG main            d.u.i.k.p.i.AbstractProblemLoader Environment load took 230.7ns 
163545     INFO  main            d.u.i.k.p.i.AbstractProblemLoader Creating init config 
166144     DEBUG main            d.u.i.k.p.i.AbstractProblemLoader Init config took 2.6s 
166180     INFO  main            d.u.i.k.p.i.AbstractProblemLoader Replaying proof Stack[Stack::push(java.lang.Object)].JML normal_behavior operation contract.0 
166181     DEBUG main            d.u.i.k.p.i.IntermediateProofReplayer Proof replay took 7ns 
166886     INFO  main            d.u.i.k.p.r.p.TestFile    ... finished proof: closed. 
167181     INFO  main            d.u.i.k.p.i.AbstractProblemLoader Loading environment from /home/runner/work/key/key/key.core/../key.ui/examples/heap/SmansEtAl/Stack_push.key.proof 
167181     DEBUG main            d.u.i.k.p.i.AbstractProblemLoader Environment load took 423ns 
167182     INFO  main            d.u.i.k.p.i.AbstractProblemLoader Creating init config 
169715     DEBUG main            d.u.i.k.p.i.AbstractProblemLoader Init config took 2.53s 
169750     INFO  main            d.u.i.k.p.i.AbstractProblemLoader Replaying proof Stack[Stack::push(java.lang.Object)].JML normal_behavior operation contract.0 
169841     DEBUG main            d.u.i.k.p.i.IntermediateProofReplayer Proof replay took 86.4ms 
169842     DEBUG main            d.u.i.k.p.r.p.TestFile    ... success: reloaded. 
169843     INFO  main            d.u.i.k.p.r.p.TestFile    Now processing file /home/runner/work/key/key/key.core/../key.ui/examples/heap/SmansEtAl/Stack_size.key 
169844     INFO  main            d.u.i.k.p.i.AbstractProblemLoader Loading environment from /home/runner/work/key/key/key.core/../key.ui/examples/heap/SmansEtAl/Stack_size.key 
169844     DEBUG main            d.u.i.k.p.i.AbstractProblemLoader Environment load took 226.7ns 
169845     INFO  main            d.u.i.k.p.i.AbstractProblemLoader Creating init config 
172453     DEBUG main            d.u.i.k.p.i.AbstractProblemLoader Init config took 2.61s 
172506     INFO  main            d.u.i.k.p.i.AbstractProblemLoader Replaying proof Stack[Stack::size()].JML accessible clause.0 
172507     DEBUG main            d.u.i.k.p.i.IntermediateProofReplayer Proof replay took 7.3ns 
172712     INFO  main            d.u.i.k.p.r.p.TestFile    ... finished proof: closed. 
173016     INFO  main            d.u.i.k.p.i.AbstractProblemLoader Loading environment from /home/runner/work/key/key/key.core/../key.ui/examples/heap/SmansEtAl/Stack_size.key.proof 
173016     DEBUG main            d.u.i.k.p.i.AbstractProblemLoader Environment load took 106.1ns 
173017     INFO  main            d.u.i.k.p.i.AbstractProblemLoader Creating init config 
175550     DEBUG main            d.u.i.k.p.i.AbstractProblemLoader Init config took 2.53s 
175584     INFO  main            d.u.i.k.p.i.AbstractProblemLoader Replaying proof Stack[Stack::size()].JML accessible clause.0 
175617     DEBUG main            d.u.i.k.p.i.IntermediateProofReplayer Proof replay took 30.65ms 
175619     DEBUG main            d.u.i.k.p.r.p.TestFile    ... success: reloaded. 
175620     INFO  main            d.u.i.k.p.r.p.TestFile    Now processing file /home/runner/work/key/key/key.core/../key.ui/examples/heap/SmansEtAl/Stack_Stack.key 
175620     INFO  main            d.u.i.k.p.i.AbstractProblemLoader Loading environment from /home/runner/work/key/key/key.core/../key.ui/examples/heap/SmansEtAl/Stack_Stack.key 
175620     DEBUG main            d.u.i.k.p.i.AbstractProblemLoader Environment load took 173.3ns 
175621     INFO  main            d.u.i.k.p.i.AbstractProblemLoader Creating init config 
178219     DEBUG main            d.u.i.k.p.i.AbstractProblemLoader Init config took 2.6s 
178275     INFO  main            d.u.i.k.p.i.AbstractProblemLoader Replaying proof Stack[Stack::Stack()].JML normal_behavior operation contract.0 
178277     DEBUG main            d.u.i.k.p.i.IntermediateProofReplayer Proof replay took 8ns 
179288     INFO  main            d.u.i.k.p.r.p.TestFile    ... finished proof: closed. 
179611     INFO  main            d.u.i.k.p.i.AbstractProblemLoader Loading environment from /home/runner/work/key/key/key.core/../key.ui/examples/heap/SmansEtAl/Stack_Stack.key.proof 
179612     DEBUG main            d.u.i.k.p.i.AbstractProblemLoader Environment load took 422.91ns 
179613     INFO  main            d.u.i.k.p.i.AbstractProblemLoader Creating init config 
182145     DEBUG main            d.u.i.k.p.i.AbstractProblemLoader Init config took 2.53s 
182191     INFO  main            d.u.i.k.p.i.AbstractProblemLoader Replaying proof Stack[Stack::Stack()].JML normal_behavior operation contract.0 
182338     DEBUG main            d.u.i.k.p.i.IntermediateProofReplayer Proof replay took 140.59ms 
182340     DEBUG main            d.u.i.k.p.r.p.TestFile    ... success: reloaded. 
182341     INFO  main            d.u.i.k.p.r.p.TestFile    Now processing file /home/runner/work/key/key/key.core/../key.ui/examples/heap/SmansEtAl/Stack_switchContents.key 
182341     INFO  main            d.u.i.k.p.i.AbstractProblemLoader Loading environment from /home/runner/work/key/key/key.core/../key.ui/examples/heap/SmansEtAl/Stack_switchContents.key 
182341     DEBUG main            d.u.i.k.p.i.AbstractProblemLoader Environment load took 212.8ns 
182342     INFO  main            d.u.i.k.p.i.AbstractProblemLoader Creating init config 
184935     DEBUG main            d.u.i.k.p.i.AbstractProblemLoader Init config took 2.59s 
184970     INFO  main            d.u.i.k.p.i.AbstractProblemLoader Replaying proof Stack[Stack::switchContents(Stack)].JML normal_behavior operation contract.0 
184971     DEBUG main            d.u.i.k.p.i.IntermediateProofReplayer Proof replay took 7.4ns 
189406     INFO  main            d.u.i.k.p.r.p.TestFile    ... finished proof: closed. 
189735     INFO  main            d.u.i.k.p.i.AbstractProblemLoader Loading environment from /home/runner/work/key/key/key.core/../key.ui/examples/heap/SmansEtAl/Stack_switchContents.key.proof 
189735     DEBUG main            d.u.i.k.p.i.AbstractProblemLoader Environment load took 458.51ns 
189740     INFO  main            d.u.i.k.p.i.AbstractProblemLoader Creating init config 
192277     DEBUG main            d.u.i.k.p.i.AbstractProblemLoader Init config took 2.54s 
192312     INFO  main            d.u.i.k.p.i.AbstractProblemLoader Replaying proof Stack[Stack::switchContents(Stack)].JML normal_behavior operation contract.0 
192598     DEBUG main            d.u.i.k.p.i.IntermediateProofReplayer Proof replay took 265.88ms 
192600     DEBUG main            d.u.i.k.p.r.p.TestFile    ... success: reloaded. 
2048806    INFO  Test worker     d.u.i.k.p.r.RunAllProofsTestUnit Returning from test SmansEtAl 
2048807    INFO  Test worker     d.u.i.k.p.r.RunAllProofsTestUnit Running test VACID0 
327        INFO  Timeout watchdog d.u.i.k.p.r.p.ForkedTestFileRunner Timeout watcher launched (2000 secs.) 
334        WARN  main            d.u.i.k.s.ProofSettings   The settings in /home/runner/.key/proof-settings.props are *not* read. 
367        INFO  main            d.u.i.k.p.r.p.TestFile    Now processing file /home/runner/work/key/key/key.core/../key.ui/examples/heap/vacid0_01_SparseArray/Harness_sparseArrayTestHarness1.key 
477        INFO  main            d.u.i.k.p.i.AbstractProblemLoader Loading environment from /home/runner/work/key/key/key.core/../key.ui/examples/heap/vacid0_01_SparseArray/Harness_sparseArrayTestHarness1.key 
503        DEBUG main            d.u.i.k.p.i.AbstractProblemLoader Environment load took 1.98ms 
734        INFO  main            d.u.i.k.p.i.AbstractProblemLoader Creating init config 
1665       DEBUG main            d.u.i.k.j.TypeConverter   No LDT found for Meta 
1671       DEBUG main            d.u.i.k.j.TypeConverter   No LDT found for Meta 
1672       DEBUG main            d.u.i.k.j.TypeConverter   No LDT found for Meta 
1673       DEBUG main            d.u.i.k.j.TypeConverter   No LDT found for Meta 
2964       DEBUG main            d.u.i.k.j.TypeConverter   No LDT found for JavaBigintExpression 
8400       DEBUG main            d.u.i.k.p.i.AbstractProblemLoader Init config took 7.67s 
8568       INFO  main            d.u.i.k.p.i.AbstractProblemLoader Replaying proof Harness[Harness::sparseArrayTestHarness1()].JML normal_behavior operation contract.0 
8604       DEBUG main            d.u.i.k.p.i.IntermediateProofReplayer Proof replay took 33.6ns 
9971       INFO  main            d.u.i.k.p.r.p.TestFile    ... finished proof: closed. 
10184      INFO  main            d.u.i.k.p.i.AbstractProblemLoader Loading environment from /home/runner/work/key/key/key.core/../key.ui/examples/heap/vacid0_01_SparseArray/Harness_sparseArrayTestHarness1.key.proof 
10184      DEBUG main            d.u.i.k.p.i.AbstractProblemLoader Environment load took 148.9ns 
10186      INFO  main            d.u.i.k.p.i.AbstractProblemLoader Creating init config 
13104      DEBUG main            d.u.i.k.p.i.AbstractProblemLoader Init config took 2.92s 
13165      INFO  main            d.u.i.k.p.i.AbstractProblemLoader Replaying proof Harness[Harness::sparseArrayTestHarness1()].JML normal_behavior operation contract.0 
13312      DEBUG main            d.u.i.k.p.i.IntermediateProofReplayer Proof replay took 137.56ms 
13319      DEBUG main            d.u.i.k.p.r.p.TestFile    ... success: reloaded. 
13321      INFO  main            d.u.i.k.p.r.p.TestFile    Now processing file /home/runner/work/key/key/key.core/../key.ui/examples/heap/vacid0_01_SparseArray/Harness_sparseArrayTestHarness2.key 
13321      INFO  main            d.u.i.k.p.i.AbstractProblemLoader Loading environment from /home/runner/work/key/key/key.core/../key.ui/examples/heap/vacid0_01_SparseArray/Harness_sparseArrayTestHarness2.key 
13322      DEBUG main            d.u.i.k.p.i.AbstractProblemLoader Environment load took 282.6ns 
13323      INFO  main            d.u.i.k.p.i.AbstractProblemLoader Creating init config 
16237      DEBUG main            d.u.i.k.p.i.AbstractProblemLoader Init config took 2.91s 
16292      INFO  main            d.u.i.k.p.i.AbstractProblemLoader Replaying proof Harness[Harness::sparseArrayTestHarness2()].JML normal_behavior operation contract.0 
16294      DEBUG main            d.u.i.k.p.i.IntermediateProofReplayer Proof replay took 5.9ns 
27243      INFO  main            d.u.i.k.p.r.p.TestFile    ... finished proof: closed. 
27459      INFO  main            d.u.i.k.p.i.AbstractProblemLoader Loading environment from /home/runner/work/key/key/key.core/../key.ui/examples/heap/vacid0_01_SparseArray/Harness_sparseArrayTestHarness2.key.proof 
27459      DEBUG main            d.u.i.k.p.i.AbstractProblemLoader Environment load took 486.21ns 
27463      INFO  main            d.u.i.k.p.i.AbstractProblemLoader Creating init config 
30301      DEBUG main            d.u.i.k.p.i.AbstractProblemLoader Init config took 2.84s 
30385      INFO  main            d.u.i.k.p.i.AbstractProblemLoader Replaying proof Harness[Harness::sparseArrayTestHarness2()].JML normal_behavior operation contract.0 
31420      DEBUG main            d.u.i.k.p.i.IntermediateProofReplayer Proof replay took 983.03ms 
31423      DEBUG main            d.u.i.k.p.r.p.TestFile    ... success: reloaded. 
31424      INFO  main            d.u.i.k.p.r.p.TestFile    Now processing file /home/runner/work/key/key/key.core/../key.ui/examples/heap/vacid0_01_SparseArray/MemoryAllocator_alloc_unsigned.key 
31425      INFO  main            d.u.i.k.p.i.AbstractProblemLoader Loading environment from /home/runner/work/key/key/key.core/../key.ui/examples/heap/vacid0_01_SparseArray/MemoryAllocator_alloc_unsigned.key 
31425      DEBUG main            d.u.i.k.p.i.AbstractProblemLoader Environment load took 225ns 
31426      INFO  main            d.u.i.k.p.i.AbstractProblemLoader Creating init config 
34228      DEBUG main            d.u.i.k.p.i.AbstractProblemLoader Init config took 2.8s 
34291      INFO  main            d.u.i.k.p.i.AbstractProblemLoader Replaying proof MemoryAllocator[MemoryAllocator::alloc_unsigned(int)].JML normal_behavior operation contract.0 
34293      DEBUG main            d.u.i.k.p.i.IntermediateProofReplayer Proof replay took 6.1ns 
35198      INFO  main            d.u.i.k.p.r.p.TestFile    ... finished proof: closed. 
35388      INFO  main            d.u.i.k.p.i.AbstractProblemLoader Loading environment from /home/runner/work/key/key/key.core/../key.ui/examples/heap/vacid0_01_SparseArray/MemoryAllocator_alloc_unsigned.key.proof 
35389      DEBUG main            d.u.i.k.p.i.AbstractProblemLoader Environment load took 441.51ns 
35392      INFO  main            d.u.i.k.p.i.AbstractProblemLoader Creating init config 
38116      DEBUG main            d.u.i.k.p.i.AbstractProblemLoader Init config took 2.72s 
38159      INFO  main            d.u.i.k.p.i.AbstractProblemLoader Replaying proof MemoryAllocator[MemoryAllocator::alloc_unsigned(int)].JML normal_behavior operation contract.0 
38345      DEBUG main            d.u.i.k.p.i.IntermediateProofReplayer Proof replay took 180.03ms 
38346      DEBUG main            d.u.i.k.p.r.p.TestFile    ... success: reloaded. 
38347      INFO  main            d.u.i.k.p.r.p.TestFile    Now processing file /home/runner/work/key/key/key.core/../key.ui/examples/heap/vacid0_01_SparseArray/MemoryAllocator_alloc.key 
38348      INFO  main            d.u.i.k.p.i.AbstractProblemLoader Loading environment from /home/runner/work/key/key/key.core/../key.ui/examples/heap/vacid0_01_SparseArray/MemoryAllocator_alloc.key 
38348      DEBUG main            d.u.i.k.p.i.AbstractProblemLoader Environment load took 105.4ns 
38349      INFO  main            d.u.i.k.p.i.AbstractProblemLoader Creating init config 
41182      DEBUG main            d.u.i.k.p.i.AbstractProblemLoader Init config took 2.83s 
41242      INFO  main            d.u.i.k.p.i.AbstractProblemLoader Replaying proof MemoryAllocator[MemoryAllocator::alloc(int)].JML normal_behavior operation contract.0 
41244      DEBUG main            d.u.i.k.p.i.IntermediateProofReplayer Proof replay took 6.4ns 
41850      INFO  main            d.u.i.k.p.r.p.TestFile    ... finished proof: closed. 
42026      INFO  main            d.u.i.k.p.i.AbstractProblemLoader Loading environment from /home/runner/work/key/key/key.core/../key.ui/examples/heap/vacid0_01_SparseArray/MemoryAllocator_alloc.key.proof 
42027      DEBUG main            d.u.i.k.p.i.AbstractProblemLoader Environment load took 1.16ms 
42028      INFO  main            d.u.i.k.p.i.AbstractProblemLoader Creating init config 
44791      DEBUG main            d.u.i.k.p.i.AbstractProblemLoader Init config took 2.76s 
44846      INFO  main            d.u.i.k.p.i.AbstractProblemLoader Replaying proof MemoryAllocator[MemoryAllocator::alloc(int)].JML normal_behavior operation contract.0 
44950      DEBUG main            d.u.i.k.p.i.IntermediateProofReplayer Proof replay took 99.66ms 
44951      DEBUG main            d.u.i.k.p.r.p.TestFile    ... success: reloaded. 
44953      INFO  main            d.u.i.k.p.r.p.TestFile    Now processing file /home/runner/work/key/key/key.core/../key.ui/examples/heap/vacid0_01_SparseArray/SparseArray_get_dep.key 
44953      INFO  main            d.u.i.k.p.i.AbstractProblemLoader Loading environment from /home/runner/work/key/key/key.core/../key.ui/examples/heap/vacid0_01_SparseArray/SparseArray_get_dep.key 
44953      DEBUG main            d.u.i.k.p.i.AbstractProblemLoader Environment load took 222.7ns 
44954      INFO  main            d.u.i.k.p.i.AbstractProblemLoader Creating init config 
47674      DEBUG main            d.u.i.k.p.i.AbstractProblemLoader Init config took 2.72s 
47737      INFO  main            d.u.i.k.p.i.AbstractProblemLoader Replaying proof SparseArray[SparseArray::get(int)].JML accessible clause.0 
47739      DEBUG main            d.u.i.k.p.i.IntermediateProofReplayer Proof replay took 6.1ns 
49990      INFO  main            d.u.i.k.p.r.p.TestFile    ... finished proof: closed. 
50170      INFO  main            d.u.i.k.p.i.AbstractProblemLoader Loading environment from /home/runner/work/key/key/key.core/../key.ui/examples/heap/vacid0_01_SparseArray/SparseArray_get_dep.key.proof 
50171      DEBUG main            d.u.i.k.p.i.AbstractProblemLoader Environment load took 804.31ns 
50173      INFO  main            d.u.i.k.p.i.AbstractProblemLoader Creating init config 
52852      DEBUG main            d.u.i.k.p.i.AbstractProblemLoader Init config took 2.68s 
52927      INFO  main            d.u.i.k.p.i.AbstractProblemLoader Replaying proof SparseArray[SparseArray::get(int)].JML accessible clause.0 
53097      DEBUG main            d.u.i.k.p.i.IntermediateProofReplayer Proof replay took 159.77ms 
53099      DEBUG main            d.u.i.k.p.r.p.TestFile    ... success: reloaded. 
53100      INFO  main            d.u.i.k.p.r.p.TestFile    Now processing file /home/runner/work/key/key/key.core/../key.ui/examples/heap/vacid0_01_SparseArray/SparseArray_get.key 
53100      INFO  main            d.u.i.k.p.i.AbstractProblemLoader Loading environment from /home/runner/work/key/key/key.core/../key.ui/examples/heap/vacid0_01_SparseArray/SparseArray_get.key 
53101      DEBUG main            d.u.i.k.p.i.AbstractProblemLoader Environment load took 226.1ns 
53102      INFO  main            d.u.i.k.p.i.AbstractProblemLoader Creating init config 
55780      DEBUG main            d.u.i.k.p.i.AbstractProblemLoader Init config took 2.68s 
55865      INFO  main            d.u.i.k.p.i.AbstractProblemLoader Replaying proof SparseArray[SparseArray::get(int)].JML normal_behavior operation contract.0 
55868      DEBUG main            d.u.i.k.p.i.IntermediateProofReplayer Proof replay took 5.5ns 
58004      INFO  main            d.u.i.k.p.r.p.TestFile    ... finished proof: closed. 
58215      INFO  main            d.u.i.k.p.i.AbstractProblemLoader Loading environment from /home/runner/work/key/key/key.core/../key.ui/examples/heap/vacid0_01_SparseArray/SparseArray_get.key.proof 
58215      DEBUG main            d.u.i.k.p.i.AbstractProblemLoader Environment load took 446.21ns 
58217      INFO  main            d.u.i.k.p.i.AbstractProblemLoader Creating init config 
60871      DEBUG main            d.u.i.k.p.i.AbstractProblemLoader Init config took 2.65s 
60928      INFO  main            d.u.i.k.p.i.AbstractProblemLoader Replaying proof SparseArray[SparseArray::get(int)].JML normal_behavior operation contract.0 
61108      DEBUG main            d.u.i.k.p.i.IntermediateProofReplayer Proof replay took 155.91ms 
61109      DEBUG main            d.u.i.k.p.r.p.TestFile    ... success: reloaded. 
61111      INFO  main            d.u.i.k.p.r.p.TestFile    Now processing file /home/runner/work/key/key/key.core/../key.ui/examples/heap/vacid0_01_SparseArray/SparseArray_inv.key 
61111      INFO  main            d.u.i.k.p.i.AbstractProblemLoader Loading environment from /home/runner/work/key/key/key.core/../key.ui/examples/heap/vacid0_01_SparseArray/SparseArray_inv.key 
61111      DEBUG main            d.u.i.k.p.i.AbstractProblemLoader Environment load took 212.6ns 
61112      INFO  main            d.u.i.k.p.i.AbstractProblemLoader Creating init config 
63798      DEBUG main            d.u.i.k.p.i.AbstractProblemLoader Init config took 2.69s 
63876      INFO  main            d.u.i.k.p.i.AbstractProblemLoader Replaying proof SparseArray[java.lang.Object::<inv>()].JML accessible clause.0 
63879      DEBUG main            d.u.i.k.p.i.IntermediateProofReplayer Proof replay took 7.2ns 
65589      INFO  main            d.u.i.k.p.r.p.TestFile    ... finished proof: closed. 
65773      INFO  main            d.u.i.k.p.i.AbstractProblemLoader Loading environment from /home/runner/work/key/key/key.core/../key.ui/examples/heap/vacid0_01_SparseArray/SparseArray_inv.key.proof 
65774      DEBUG main            d.u.i.k.p.i.AbstractProblemLoader Environment load took 444.61ns 
65775      INFO  main            d.u.i.k.p.i.AbstractProblemLoader Creating init config 
68428      DEBUG main            d.u.i.k.p.i.AbstractProblemLoader Init config took 2.65s 
68483      INFO  main            d.u.i.k.p.i.AbstractProblemLoader Replaying proof SparseArray[java.lang.Object::<inv>()].JML accessible clause.0 
68548      DEBUG main            d.u.i.k.p.i.IntermediateProofReplayer Proof replay took 60.29ms 
68550      DEBUG main            d.u.i.k.p.r.p.TestFile    ... success: reloaded. 
68551      INFO  main            d.u.i.k.p.r.p.TestFile    Now processing file /home/runner/work/key/key/key.core/../key.ui/examples/heap/vacid0_01_SparseArray/SparseArray_SparseArray.key 
68551      INFO  main            d.u.i.k.p.i.AbstractProblemLoader Loading environment from /home/runner/work/key/key/key.core/../key.ui/examples/heap/vacid0_01_SparseArray/SparseArray_SparseArray.key 
68552      DEBUG main            d.u.i.k.p.i.AbstractProblemLoader Environment load took 237.9ns 
68553      INFO  main            d.u.i.k.p.i.AbstractProblemLoader Creating init config 
71263      DEBUG main            d.u.i.k.p.i.AbstractProblemLoader Init config took 2.71s 
71318      INFO  main            d.u.i.k.p.i.AbstractProblemLoader Replaying proof SparseArray[SparseArray::SparseArray(int)].JML normal_behavior operation contract.0 
71319      DEBUG main            d.u.i.k.p.i.IntermediateProofReplayer Proof replay took 5.8ns 
74481      INFO  main            d.u.i.k.p.r.p.TestFile    ... finished proof: closed. 
74694      INFO  main            d.u.i.k.p.i.AbstractProblemLoader Loading environment from /home/runner/work/key/key/key.core/../key.ui/examples/heap/vacid0_01_SparseArray/SparseArray_SparseArray.key.proof 
74695      DEBUG main            d.u.i.k.p.i.AbstractProblemLoader Environment load took 456.71ns 
74696      INFO  main            d.u.i.k.p.i.AbstractProblemLoader Creating init config 
77334      DEBUG main            d.u.i.k.p.i.AbstractProblemLoader Init config took 2.64s 
77398      INFO  main            d.u.i.k.p.i.AbstractProblemLoader Replaying proof SparseArray[SparseArray::SparseArray(int)].JML normal_behavior operation contract.0 
77699      DEBUG main            d.u.i.k.p.i.IntermediateProofReplayer Proof replay took 288.8ms 
77701      DEBUG main            d.u.i.k.p.r.p.TestFile    ... success: reloaded. 
2126699    INFO  Test worker     d.u.i.k.p.r.RunAllProofsTestUnit Returning from test VACID0 
2126700    INFO  Test worker     d.u.i.k.p.r.RunAllProofsTestUnit Running test VSTTE10 
365        INFO  Timeout watchdog d.u.i.k.p.r.p.ForkedTestFileRunner Timeout watcher launched (2000 secs.) 
372        WARN  main            d.u.i.k.s.ProofSettings   The settings in /home/runner/.key/proof-settings.props are *not* read. 
411        INFO  main            d.u.i.k.p.r.p.TestFile    Now processing file /home/runner/work/key/key/key.core/../key.ui/examples/heap/vstte10_01_SumAndMax/SumAndMax_sumAndMax.key 
527        INFO  main            d.u.i.k.p.i.AbstractProblemLoader Loading environment from /home/runner/work/key/key/key.core/../key.ui/examples/heap/vstte10_01_SumAndMax/SumAndMax_sumAndMax.key 
553        DEBUG main            d.u.i.k.p.i.AbstractProblemLoader Environment load took 2.01ms 
773        INFO  main            d.u.i.k.p.i.AbstractProblemLoader Creating init config 
1732       DEBUG main            d.u.i.k.j.TypeConverter   No LDT found for Meta 
1733       DEBUG main            d.u.i.k.j.TypeConverter   No LDT found for Meta 
1736       DEBUG main            d.u.i.k.j.TypeConverter   No LDT found for Meta 
1736       DEBUG main            d.u.i.k.j.TypeConverter   No LDT found for Meta 
3275       DEBUG main            d.u.i.k.j.TypeConverter   No LDT found for JavaBigintExpression 
8229       DEBUG main            d.u.i.k.p.i.AbstractProblemLoader Init config took 7.46s 
8408       INFO  main            d.u.i.k.p.i.AbstractProblemLoader Replaying proof SumAndMax[SumAndMax::sumAndMax([I)].JML normal_behavior operation contract.0 
8448       DEBUG main            d.u.i.k.p.i.IntermediateProofReplayer Proof replay took 38.7ns 
13793      INFO  main            d.u.i.k.p.r.p.TestFile    ... finished proof: closed. 
13960      INFO  main            d.u.i.k.p.i.AbstractProblemLoader Loading environment from /home/runner/work/key/key/key.core/../key.ui/examples/heap/vstte10_01_SumAndMax/SumAndMax_sumAndMax.key.proof 
13962      DEBUG main            d.u.i.k.p.i.AbstractProblemLoader Environment load took 2.51ms 
13968      INFO  main            d.u.i.k.p.i.AbstractProblemLoader Creating init config 
17023      DEBUG main            d.u.i.k.p.i.AbstractProblemLoader Init config took 3.05s 
17083      INFO  main            d.u.i.k.p.i.AbstractProblemLoader Replaying proof SumAndMax[SumAndMax::sumAndMax([I)].JML normal_behavior operation contract.0 
17574      DEBUG main            d.u.i.k.p.i.IntermediateProofReplayer Proof replay took 471.05ms 
17583      DEBUG main            d.u.i.k.p.r.p.TestFile    ... success: reloaded. 
17585      INFO  main            d.u.i.k.p.r.p.TestFile    Now processing file /home/runner/work/key/key/key.core/../key.ui/examples/heap/vstte10_03_LinkedList/Node_cons.key 
17585      INFO  main            d.u.i.k.p.i.AbstractProblemLoader Loading environment from /home/runner/work/key/key/key.core/../key.ui/examples/heap/vstte10_03_LinkedList/Node_cons.key 
17586      DEBUG main            d.u.i.k.p.i.AbstractProblemLoader Environment load took 248.2ns 
17587      INFO  main            d.u.i.k.p.i.AbstractProblemLoader Creating init config 
20416      DEBUG main            d.u.i.k.p.i.AbstractProblemLoader Init config took 2.83s 
20481      INFO  main            d.u.i.k.p.i.AbstractProblemLoader Replaying proof Node[Node::cons(int,Node)].JML normal_behavior operation contract.0 
20484      DEBUG main            d.u.i.k.p.i.IntermediateProofReplayer Proof replay took 6.8ns 
22193      INFO  main            d.u.i.k.p.r.p.TestFile    ... finished proof: closed. 
22376      INFO  main            d.u.i.k.p.i.AbstractProblemLoader Loading environment from /home/runner/work/key/key/key.core/../key.ui/examples/heap/vstte10_03_LinkedList/Node_cons.key.proof 
22376      DEBUG main            d.u.i.k.p.i.AbstractProblemLoader Environment load took 453.91ns 
22379      INFO  main            d.u.i.k.p.i.AbstractProblemLoader Creating init config 
25103      DEBUG main            d.u.i.k.p.i.AbstractProblemLoader Init config took 2.72s 
25161      INFO  main            d.u.i.k.p.i.AbstractProblemLoader Replaying proof Node[Node::cons(int,Node)].JML normal_behavior operation contract.0 
25397      DEBUG main            d.u.i.k.p.i.IntermediateProofReplayer Proof replay took 224.88ms 
25399      DEBUG main            d.u.i.k.p.r.p.TestFile    ... success: reloaded. 
25400      INFO  main            d.u.i.k.p.r.p.TestFile    Now processing file /home/runner/work/key/key/key.core/../key.ui/examples/heap/vstte10_03_LinkedList/Node_inv.key 
25401      INFO  main            d.u.i.k.p.i.AbstractProblemLoader Loading environment from /home/runner/work/key/key/key.core/../key.ui/examples/heap/vstte10_03_LinkedList/Node_inv.key 
25401      DEBUG main            d.u.i.k.p.i.AbstractProblemLoader Environment load took 235.4ns 
25402      INFO  main            d.u.i.k.p.i.AbstractProblemLoader Creating init config 
28132      DEBUG main            d.u.i.k.p.i.AbstractProblemLoader Init config took 2.73s 
28197      INFO  main            d.u.i.k.p.i.AbstractProblemLoader Replaying proof Node[java.lang.Object::<inv>()].JML accessible clause.0 
28201      DEBUG main            d.u.i.k.p.i.IntermediateProofReplayer Proof replay took 6.5ns 
28605      INFO  main            d.u.i.k.p.r.p.TestFile    ... finished proof: closed. 
28775      INFO  main            d.u.i.k.p.i.AbstractProblemLoader Loading environment from /home/runner/work/key/key/key.core/../key.ui/examples/heap/vstte10_03_LinkedList/Node_inv.key.proof 
28776      DEBUG main            d.u.i.k.p.i.AbstractProblemLoader Environment load took 450.41ns 
28778      INFO  main            d.u.i.k.p.i.AbstractProblemLoader Creating init config 
31462      DEBUG main            d.u.i.k.p.i.AbstractProblemLoader Init config took 2.68s 
31514      INFO  main            d.u.i.k.p.i.AbstractProblemLoader Replaying proof Node[java.lang.Object::<inv>()].JML accessible clause.0 
31540      DEBUG main            d.u.i.k.p.i.IntermediateProofReplayer Proof replay took 22.42ms 
31542      DEBUG main            d.u.i.k.p.r.p.TestFile    ... success: reloaded. 
31543      INFO  main            d.u.i.k.p.r.p.TestFile    Now processing file /home/runner/work/key/key/key.core/../key.ui/examples/heap/vstte10_03_LinkedList/Node_search.key 
31543      INFO  main            d.u.i.k.p.i.AbstractProblemLoader Loading environment from /home/runner/work/key/key/key.core/../key.ui/examples/heap/vstte10_03_LinkedList/Node_search.key 
31544      DEBUG main            d.u.i.k.p.i.AbstractProblemLoader Environment load took 205.5ns 
31545      INFO  main            d.u.i.k.p.i.AbstractProblemLoader Creating init config 
34234      DEBUG main            d.u.i.k.p.i.AbstractProblemLoader Init config took 2.69s 
34285      INFO  main            d.u.i.k.p.i.AbstractProblemLoader Replaying proof Node[Node::search()].JML normal_behavior operation contract.0 
34287      DEBUG main            d.u.i.k.p.i.IntermediateProofReplayer Proof replay took 7ns 
40562      INFO  main            d.u.i.k.p.r.p.TestFile    ... finished proof: closed. 
40774      INFO  main            d.u.i.k.p.i.AbstractProblemLoader Loading environment from /home/runner/work/key/key/key.core/../key.ui/examples/heap/vstte10_03_LinkedList/Node_search.key.proof 
40775      DEBUG main            d.u.i.k.p.i.AbstractProblemLoader Environment load took 480.11ns 
40778      INFO  main            d.u.i.k.p.i.AbstractProblemLoader Creating init config 
43500      DEBUG main            d.u.i.k.p.i.AbstractProblemLoader Init config took 2.72s 
43552      INFO  main            d.u.i.k.p.i.AbstractProblemLoader Replaying proof Node[Node::search()].JML normal_behavior operation contract.0 
44053      DEBUG main            d.u.i.k.p.i.IntermediateProofReplayer Proof replay took 460.87ms 
44055      DEBUG main            d.u.i.k.p.r.p.TestFile    ... success: reloaded. 
44057      INFO  main            d.u.i.k.p.r.p.TestFile    Now processing file /home/runner/work/key/key/key.core/../key.ui/examples/heap/vstte10_04_Queens/Queens_isConsistent.key 
44057      INFO  main            d.u.i.k.p.i.AbstractProblemLoader Loading environment from /home/runner/work/key/key/key.core/../key.ui/examples/heap/vstte10_04_Queens/Queens_isConsistent.key 
44057      DEBUG main            d.u.i.k.p.i.AbstractProblemLoader Environment load took 104.5ns 
44058      INFO  main            d.u.i.k.p.i.AbstractProblemLoader Creating init config 
46999      DEBUG main            d.u.i.k.p.i.AbstractProblemLoader Init config took 2.94s 
47081      INFO  main            d.u.i.k.p.i.AbstractProblemLoader Replaying proof Queens[Queens::isConsistent([I,int)].JML normal_behavior operation contract.0 
47084      DEBUG main            d.u.i.k.p.i.IntermediateProofReplayer Proof replay took 6.1ns 
48892      INFO  main            d.u.i.k.p.r.p.TestFile    ... finished proof: closed. 
49113      INFO  main            d.u.i.k.p.i.AbstractProblemLoader Loading environment from /home/runner/work/key/key/key.core/../key.ui/examples/heap/vstte10_04_Queens/Queens_isConsistent.key.proof 
49114      DEBUG main            d.u.i.k.p.i.AbstractProblemLoader Environment load took 436.61ns 
49115      INFO  main            d.u.i.k.p.i.AbstractProblemLoader Creating init config 
51808      DEBUG main            d.u.i.k.p.i.AbstractProblemLoader Init config took 2.69s 
51850      INFO  main            d.u.i.k.p.i.AbstractProblemLoader Replaying proof Queens[Queens::isConsistent([I,int)].JML normal_behavior operation contract.0 
52108      DEBUG main            d.u.i.k.p.i.IntermediateProofReplayer Proof replay took 249.51ms 
52109      DEBUG main            d.u.i.k.p.r.p.TestFile    ... success: reloaded. 
52110      INFO  main            d.u.i.k.p.r.p.TestFile    Now processing file /home/runner/work/key/key/key.core/../key.ui/examples/heap/vstte10_04_Queens/Queens_nQueens.key 
52111      INFO  main            d.u.i.k.p.i.AbstractProblemLoader Loading environment from /home/runner/work/key/key/key.core/../key.ui/examples/heap/vstte10_04_Queens/Queens_nQueens.key 
52111      DEBUG main            d.u.i.k.p.i.AbstractProblemLoader Environment load took 238.2ns 
52112      INFO  main            d.u.i.k.p.i.AbstractProblemLoader Creating init config 
54798      DEBUG main            d.u.i.k.p.i.AbstractProblemLoader Init config took 2.69s 
54842      INFO  main            d.u.i.k.p.i.AbstractProblemLoader Replaying proof Queens[Queens::nQueens(int)].JML normal_behavior operation contract.0 
54844      DEBUG main            d.u.i.k.p.i.IntermediateProofReplayer Proof replay took 7ns 
67179      INFO  main            d.u.i.k.p.r.p.TestFile    ... finished proof: closed. 
67420      INFO  main            d.u.i.k.p.i.AbstractProblemLoader Loading environment from /home/runner/work/key/key/key.core/../key.ui/examples/heap/vstte10_04_Queens/Queens_nQueens.key.proof 
67421      DEBUG main            d.u.i.k.p.i.AbstractProblemLoader Environment load took 446.71ns 
67423      INFO  main            d.u.i.k.p.i.AbstractProblemLoader Creating init config 
70091      DEBUG main            d.u.i.k.p.i.AbstractProblemLoader Init config took 2.67s 
70132      INFO  main            d.u.i.k.p.i.AbstractProblemLoader Replaying proof Queens[Queens::nQueens(int)].JML normal_behavior operation contract.0 
70530      DEBUG main            d.u.i.k.p.i.IntermediateProofReplayer Proof replay took 380.79ms 
70531      DEBUG main            d.u.i.k.p.r.p.TestFile    ... success: reloaded. 
70532      INFO  main            d.u.i.k.p.r.p.TestFile    Now processing file /home/runner/work/key/key/key.core/../key.ui/examples/heap/vstte10_05_Queue/AmortizedQueue_AmortizedQueue.key 
70533      INFO  main            d.u.i.k.p.i.AbstractProblemLoader Loading environment from /home/runner/work/key/key/key.core/../key.ui/examples/heap/vstte10_05_Queue/AmortizedQueue_AmortizedQueue.key 
70533      DEBUG main            d.u.i.k.p.i.AbstractProblemLoader Environment load took 102.1ns 
70534      INFO  main            d.u.i.k.p.i.AbstractProblemLoader Creating init config 
73342      DEBUG main            d.u.i.k.p.i.AbstractProblemLoader Init config took 2.81s 
73425      INFO  main            d.u.i.k.p.i.AbstractProblemLoader Replaying proof AmortizedQueue[AmortizedQueue::AmortizedQueue()].JML normal_behavior operation contract.0 
73427      DEBUG main            d.u.i.k.p.i.IntermediateProofReplayer Proof replay took 6.7ns 
74833      INFO  main            d.u.i.k.p.r.p.TestFile    ... finished proof: closed. 
75035      INFO  main            d.u.i.k.p.i.AbstractProblemLoader Loading environment from /home/runner/work/key/key/key.core/../key.ui/examples/heap/vstte10_05_Queue/AmortizedQueue_AmortizedQueue.key.proof 
75036      DEBUG main            d.u.i.k.p.i.AbstractProblemLoader Environment load took 516.6ns 
75037      INFO  main            d.u.i.k.p.i.AbstractProblemLoader Creating init config 
77710      DEBUG main            d.u.i.k.p.i.AbstractProblemLoader Init config took 2.67s 
77753      INFO  main            d.u.i.k.p.i.AbstractProblemLoader Replaying proof AmortizedQueue[AmortizedQueue::AmortizedQueue()].JML normal_behavior operation contract.0 
77931      DEBUG main            d.u.i.k.p.i.IntermediateProofReplayer Proof replay took 171.65ms 
77932      DEBUG main            d.u.i.k.p.r.p.TestFile    ... success: reloaded. 
77934      INFO  main            d.u.i.k.p.r.p.TestFile    Now processing file /home/runner/work/key/key/key.core/../key.ui/examples/heap/vstte10_05_Queue/AmortizedQueue_front.key 
77934      INFO  main            d.u.i.k.p.i.AbstractProblemLoader Loading environment from /home/runner/work/key/key/key.core/../key.ui/examples/heap/vstte10_05_Queue/AmortizedQueue_front.key 
77935      DEBUG main            d.u.i.k.p.i.AbstractProblemLoader Environment load took 273ns 
77936      INFO  main            d.u.i.k.p.i.AbstractProblemLoader Creating init config 
80721      DEBUG main            d.u.i.k.p.i.AbstractProblemLoader Init config took 2.79s 
80764      INFO  main            d.u.i.k.p.i.AbstractProblemLoader Replaying proof AmortizedQueue[AmortizedQueue::front()].JML normal_behavior operation contract.0 
80766      DEBUG main            d.u.i.k.p.i.IntermediateProofReplayer Proof replay took 8.1ns 
81271      INFO  main            d.u.i.k.p.r.p.TestFile    ... finished proof: closed. 
81485      INFO  main            d.u.i.k.p.i.AbstractProblemLoader Loading environment from /home/runner/work/key/key/key.core/../key.ui/examples/heap/vstte10_05_Queue/AmortizedQueue_front.key.proof 
81487      DEBUG main            d.u.i.k.p.i.AbstractProblemLoader Environment load took 134.1ns 
81488      INFO  main            d.u.i.k.p.i.AbstractProblemLoader Creating init config 
84197      DEBUG main            d.u.i.k.p.i.AbstractProblemLoader Init config took 2.71s 
84248      INFO  main            d.u.i.k.p.i.AbstractProblemLoader Replaying proof AmortizedQueue[AmortizedQueue::front()].JML normal_behavior operation contract.0 
84295      DEBUG main            d.u.i.k.p.i.IntermediateProofReplayer Proof replay took 43.18ms 
84296      DEBUG main            d.u.i.k.p.r.p.TestFile    ... success: reloaded. 
84298      INFO  main            d.u.i.k.p.r.p.TestFile    Now processing file /home/runner/work/key/key/key.core/../key.ui/examples/heap/vstte10_05_Queue/LinkedList_concat.key 
84298      INFO  main            d.u.i.k.p.i.AbstractProblemLoader Loading environment from /home/runner/work/key/key/key.core/../key.ui/examples/heap/vstte10_05_Queue/LinkedList_concat.key 
84298      DEBUG main            d.u.i.k.p.i.AbstractProblemLoader Environment load took 212.7ns 
84299      INFO  main            d.u.i.k.p.i.AbstractProblemLoader Creating init config 
87031      DEBUG main            d.u.i.k.p.i.AbstractProblemLoader Init config took 2.73s 
87085      INFO  main            d.u.i.k.p.i.AbstractProblemLoader Replaying proof LinkedList[LinkedList::concat(LinkedList)].JML normal_behavior operation contract.0 
87088      DEBUG main            d.u.i.k.p.i.IntermediateProofReplayer Proof replay took 7.5ns 
95138      INFO  main            d.u.i.k.p.r.p.TestFile    ... finished proof: closed. 
95398      INFO  main            d.u.i.k.p.i.AbstractProblemLoader Loading environment from /home/runner/work/key/key/key.core/../key.ui/examples/heap/vstte10_05_Queue/LinkedList_concat.key.proof 
95399      DEBUG main            d.u.i.k.p.i.AbstractProblemLoader Environment load took 437.71ns 
95401      INFO  main            d.u.i.k.p.i.AbstractProblemLoader Creating init config 
98040      DEBUG main            d.u.i.k.p.i.AbstractProblemLoader Init config took 2.64s 
98085      INFO  main            d.u.i.k.p.i.AbstractProblemLoader Replaying proof LinkedList[LinkedList::concat(LinkedList)].JML normal_behavior operation contract.0 
98543      DEBUG main            d.u.i.k.p.i.IntermediateProofReplayer Proof replay took 431.79ms 
98548      DEBUG main            d.u.i.k.p.r.p.TestFile    ... success: reloaded. 
98549      INFO  main            d.u.i.k.p.r.p.TestFile    Now processing file /home/runner/work/key/key/key.core/../key.ui/examples/heap/vstte10_05_Queue/LinkedList_cons.key 
98549      INFO  main            d.u.i.k.p.i.AbstractProblemLoader Loading environment from /home/runner/work/key/key/key.core/../key.ui/examples/heap/vstte10_05_Queue/LinkedList_cons.key 
98549      DEBUG main            d.u.i.k.p.i.AbstractProblemLoader Environment load took 126ns 
98550      INFO  main            d.u.i.k.p.i.AbstractProblemLoader Creating init config 
101244     DEBUG main            d.u.i.k.p.i.AbstractProblemLoader Init config took 2.69s 
101289     INFO  main            d.u.i.k.p.i.AbstractProblemLoader Replaying proof LinkedList[LinkedList::cons(int)].JML normal_behavior operation contract.0 
101290     DEBUG main            d.u.i.k.p.i.IntermediateProofReplayer Proof replay took 6.2ns 
103608     INFO  main            d.u.i.k.p.r.p.TestFile    ... finished proof: closed. 
103842     INFO  main            d.u.i.k.p.i.AbstractProblemLoader Loading environment from /home/runner/work/key/key/key.core/../key.ui/examples/heap/vstte10_05_Queue/LinkedList_cons.key.proof 
103843     DEBUG main            d.u.i.k.p.i.AbstractProblemLoader Environment load took 194.3ns 
103844     INFO  main            d.u.i.k.p.i.AbstractProblemLoader Creating init config 
106487     DEBUG main            d.u.i.k.p.i.AbstractProblemLoader Init config took 2.64s 
106531     INFO  main            d.u.i.k.p.i.AbstractProblemLoader Replaying proof LinkedList[LinkedList::cons(int)].JML normal_behavior operation contract.0 
106745     DEBUG main            d.u.i.k.p.i.IntermediateProofReplayer Proof replay took 205.55ms 
106747     DEBUG main            d.u.i.k.p.r.p.TestFile    ... success: reloaded. 
106748     INFO  main            d.u.i.k.p.r.p.TestFile    Now processing file /home/runner/work/key/key/key.core/../key.ui/examples/heap/vstte10_05_Queue/LinkedList_head.key 
106749     INFO  main            d.u.i.k.p.i.AbstractProblemLoader Loading environment from /home/runner/work/key/key/key.core/../key.ui/examples/heap/vstte10_05_Queue/LinkedList_head.key 
106749     DEBUG main            d.u.i.k.p.i.AbstractProblemLoader Environment load took 99.7ns 
106750     INFO  main            d.u.i.k.p.i.AbstractProblemLoader Creating init config 
109434     DEBUG main            d.u.i.k.p.i.AbstractProblemLoader Init config took 2.68s 
109478     INFO  main            d.u.i.k.p.i.AbstractProblemLoader Replaying proof LinkedList[LinkedList::head()].JML normal_behavior operation contract.0 
109480     DEBUG main            d.u.i.k.p.i.IntermediateProofReplayer Proof replay took 6.4ns 
109583     INFO  main            d.u.i.k.p.r.p.TestFile    ... finished proof: closed. 
109793     INFO  main            d.u.i.k.p.i.AbstractProblemLoader Loading environment from /home/runner/work/key/key/key.core/../key.ui/examples/heap/vstte10_05_Queue/LinkedList_head.key.proof 
109793     DEBUG main            d.u.i.k.p.i.AbstractProblemLoader Environment load took 129.3ns 
109795     INFO  main            d.u.i.k.p.i.AbstractProblemLoader Creating init config 
112485     DEBUG main            d.u.i.k.p.i.AbstractProblemLoader Init config took 2.69s 
112528     INFO  main            d.u.i.k.p.i.AbstractProblemLoader Replaying proof LinkedList[LinkedList::head()].JML normal_behavior operation contract.0 
112540     DEBUG main            d.u.i.k.p.i.IntermediateProofReplayer Proof replay took 10.33ms 
112541     DEBUG main            d.u.i.k.p.r.p.TestFile    ... success: reloaded. 
112543     INFO  main            d.u.i.k.p.r.p.TestFile    Now processing file /home/runner/work/key/key/key.core/../key.ui/examples/heap/vstte10_05_Queue/LinkedList_inv.key 
112543     INFO  main            d.u.i.k.p.i.AbstractProblemLoader Loading environment from /home/runner/work/key/key/key.core/../key.ui/examples/heap/vstte10_05_Queue/LinkedList_inv.key 
112543     DEBUG main            d.u.i.k.p.i.AbstractProblemLoader Environment load took 206.4ns 
112544     INFO  main            d.u.i.k.p.i.AbstractProblemLoader Creating init config 
115235     DEBUG main            d.u.i.k.p.i.AbstractProblemLoader Init config took 2.69s 
115279     INFO  main            d.u.i.k.p.i.AbstractProblemLoader Replaying proof LinkedList[java.lang.Object::<inv>()].JML accessible clause.0 
115281     DEBUG main            d.u.i.k.p.i.IntermediateProofReplayer Proof replay took 6.9ns 
115583     INFO  main            d.u.i.k.p.r.p.TestFile    ... finished proof: closed. 
115812     INFO  main            d.u.i.k.p.i.AbstractProblemLoader Loading environment from /home/runner/work/key/key/key.core/../key.ui/examples/heap/vstte10_05_Queue/LinkedList_inv.key.proof 
115813     DEBUG main            d.u.i.k.p.i.AbstractProblemLoader Environment load took 127.9ns 
115814     INFO  main            d.u.i.k.p.i.AbstractProblemLoader Creating init config 
118439     DEBUG main            d.u.i.k.p.i.AbstractProblemLoader Init config took 2.62s 
118487     INFO  main            d.u.i.k.p.i.AbstractProblemLoader Replaying proof LinkedList[java.lang.Object::<inv>()].JML accessible clause.0 
118525     DEBUG main            d.u.i.k.p.i.IntermediateProofReplayer Proof replay took 35.63ms 
118526     DEBUG main            d.u.i.k.p.r.p.TestFile    ... success: reloaded. 
118528     INFO  main            d.u.i.k.p.r.p.TestFile    Now processing file /home/runner/work/key/key/key.core/../key.ui/examples/heap/vstte10_05_Queue/LinkedList_length.key 
118529     INFO  main            d.u.i.k.p.i.AbstractProblemLoader Loading environment from /home/runner/work/key/key/key.core/../key.ui/examples/heap/vstte10_05_Queue/LinkedList_length.key 
118529     DEBUG main            d.u.i.k.p.i.AbstractProblemLoader Environment load took 200.7ns 
118530     INFO  main            d.u.i.k.p.i.AbstractProblemLoader Creating init config 
121230     DEBUG main            d.u.i.k.p.i.AbstractProblemLoader Init config took 2.7s 
121273     INFO  main            d.u.i.k.p.i.AbstractProblemLoader Replaying proof LinkedList[LinkedList::length()].JML normal_behavior operation contract.0 
121275     DEBUG main            d.u.i.k.p.i.IntermediateProofReplayer Proof replay took 5.7ns 
121377     INFO  main            d.u.i.k.p.r.p.TestFile    ... finished proof: closed. 
121602     INFO  main            d.u.i.k.p.i.AbstractProblemLoader Loading environment from /home/runner/work/key/key/key.core/../key.ui/examples/heap/vstte10_05_Queue/LinkedList_length.key.proof 
121603     DEBUG main            d.u.i.k.p.i.AbstractProblemLoader Environment load took 124.5ns 
121604     INFO  main            d.u.i.k.p.i.AbstractProblemLoader Creating init config 
124242     DEBUG main            d.u.i.k.p.i.AbstractProblemLoader Init config took 2.64s 
124285     INFO  main            d.u.i.k.p.i.AbstractProblemLoader Replaying proof LinkedList[LinkedList::length()].JML normal_behavior operation contract.0 
124296     DEBUG main            d.u.i.k.p.i.IntermediateProofReplayer Proof replay took 9.53ms 
124297     DEBUG main            d.u.i.k.p.r.p.TestFile    ... success: reloaded. 
124298     INFO  main            d.u.i.k.p.r.p.TestFile    Now processing file /home/runner/work/key/key/key.core/../key.ui/examples/heap/vstte10_05_Queue/LinkedList_LinkedList1.key 
124298     INFO  main            d.u.i.k.p.i.AbstractProblemLoader Loading environment from /home/runner/work/key/key/key.core/../key.ui/examples/heap/vstte10_05_Queue/LinkedList_LinkedList1.key 
124298     DEBUG main            d.u.i.k.p.i.AbstractProblemLoader Environment load took 85.2ns 
124300     INFO  main            d.u.i.k.p.i.AbstractProblemLoader Creating init config 
127009     DEBUG main            d.u.i.k.p.i.AbstractProblemLoader Init config took 2.71s 
127071     INFO  main            d.u.i.k.p.i.AbstractProblemLoader Replaying proof LinkedList[LinkedList::LinkedList(int,LinkedList)].JML normal_behavior operation contract.0 
127073     DEBUG main            d.u.i.k.p.i.IntermediateProofReplayer Proof replay took 6.2ns 
128880     INFO  main            d.u.i.k.p.r.p.TestFile    ... finished proof: closed. 
129143     INFO  main            d.u.i.k.p.i.AbstractProblemLoader Loading environment from /home/runner/work/key/key/key.core/../key.ui/examples/heap/vstte10_05_Queue/LinkedList_LinkedList1.key.proof 
129143     DEBUG main            d.u.i.k.p.i.AbstractProblemLoader Environment load took 454.01ns 
129145     INFO  main            d.u.i.k.p.i.AbstractProblemLoader Creating init config 
131782     DEBUG main            d.u.i.k.p.i.AbstractProblemLoader Init config took 2.64s 
131826     INFO  main            d.u.i.k.p.i.AbstractProblemLoader Replaying proof LinkedList[LinkedList::LinkedList(int,LinkedList)].JML normal_behavior operation contract.0 
131994     DEBUG main            d.u.i.k.p.i.IntermediateProofReplayer Proof replay took 160.8ms 
131995     DEBUG main            d.u.i.k.p.r.p.TestFile    ... success: reloaded. 
131996     INFO  main            d.u.i.k.p.r.p.TestFile    Now processing file /home/runner/work/key/key/key.core/../key.ui/examples/heap/vstte10_05_Queue/LinkedList_LinkedList2.key 
131996     INFO  main            d.u.i.k.p.i.AbstractProblemLoader Loading environment from /home/runner/work/key/key/key.core/../key.ui/examples/heap/vstte10_05_Queue/LinkedList_LinkedList2.key 
131997     DEBUG main            d.u.i.k.p.i.AbstractProblemLoader Environment load took 66.5ns 
131997     INFO  main            d.u.i.k.p.i.AbstractProblemLoader Creating init config 
134763     DEBUG main            d.u.i.k.p.i.AbstractProblemLoader Init config took 2.77s 
134826     INFO  main            d.u.i.k.p.i.AbstractProblemLoader Replaying proof LinkedList[LinkedList::LinkedList(int,LinkedList)].JML normal_behavior operation contract.0 
134827     DEBUG main            d.u.i.k.p.i.IntermediateProofReplayer Proof replay took 6.5ns 
136634     INFO  main            d.u.i.k.p.r.p.TestFile    ... finished proof: closed. 
136903     INFO  main            d.u.i.k.p.i.AbstractProblemLoader Loading environment from /home/runner/work/key/key/key.core/../key.ui/examples/heap/vstte10_05_Queue/LinkedList_LinkedList2.key.proof 
136903     DEBUG main            d.u.i.k.p.i.AbstractProblemLoader Environment load took 125.5ns 
136905     INFO  main            d.u.i.k.p.i.AbstractProblemLoader Creating init config 
139540     DEBUG main            d.u.i.k.p.i.AbstractProblemLoader Init config took 2.64s 
139584     INFO  main            d.u.i.k.p.i.AbstractProblemLoader Replaying proof LinkedList[LinkedList::LinkedList(int,LinkedList)].JML normal_behavior operation contract.0 
139764     DEBUG main            d.u.i.k.p.i.IntermediateProofReplayer Proof replay took 172.3ms 
139767     DEBUG main            d.u.i.k.p.r.p.TestFile    ... success: reloaded. 
139768     INFO  main            d.u.i.k.p.r.p.TestFile    Now processing file /home/runner/work/key/key/key.core/../key.ui/examples/heap/vstte10_05_Queue/LinkedList_LinkedList3.key 
139769     INFO  main            d.u.i.k.p.i.AbstractProblemLoader Loading environment from /home/runner/work/key/key/key.core/../key.ui/examples/heap/vstte10_05_Queue/LinkedList_LinkedList3.key 
139769     DEBUG main            d.u.i.k.p.i.AbstractProblemLoader Environment load took 106.7ns 
139770     INFO  main            d.u.i.k.p.i.AbstractProblemLoader Creating init config 
142478     DEBUG main            d.u.i.k.p.i.AbstractProblemLoader Init config took 2.71s 
142521     INFO  main            d.u.i.k.p.i.AbstractProblemLoader Replaying proof LinkedList[LinkedList::LinkedList(int,LinkedList)].JML normal_behavior operation contract.0 
142522     DEBUG main            d.u.i.k.p.i.IntermediateProofReplayer Proof replay took 6.5ns 
156093     INFO  main            d.u.i.k.p.r.p.TestFile    ... finished proof: closed. 
156444     INFO  main            d.u.i.k.p.i.AbstractProblemLoader Loading environment from /home/runner/work/key/key/key.core/../key.ui/examples/heap/vstte10_05_Queue/LinkedList_LinkedList3.key.proof 
156444     DEBUG main            d.u.i.k.p.i.AbstractProblemLoader Environment load took 144.1ns 
156451     INFO  main            d.u.i.k.p.i.AbstractProblemLoader Creating init config 
159107     DEBUG main            d.u.i.k.p.i.AbstractProblemLoader Init config took 2.66s 
159154     INFO  main            d.u.i.k.p.i.AbstractProblemLoader Replaying proof LinkedList[LinkedList::LinkedList(int,LinkedList)].JML normal_behavior operation contract.0 
160158     DEBUG main            d.u.i.k.p.i.IntermediateProofReplayer Proof replay took 918.28ms 
160165     DEBUG main            d.u.i.k.p.r.p.TestFile    ... success: reloaded. 
160166     INFO  main            d.u.i.k.p.r.p.TestFile    Now processing file /home/runner/work/key/key/key.core/../key.ui/examples/heap/vstte10_05_Queue/LinkedList_reverse.key 
160166     INFO  main            d.u.i.k.p.i.AbstractProblemLoader Loading environment from /home/runner/work/key/key/key.core/../key.ui/examples/heap/vstte10_05_Queue/LinkedList_reverse.key 
160166     DEBUG main            d.u.i.k.p.i.AbstractProblemLoader Environment load took 61.9ns 
160167     INFO  main            d.u.i.k.p.i.AbstractProblemLoader Creating init config 
162996     DEBUG main            d.u.i.k.p.i.AbstractProblemLoader Init config took 2.83s 
163041     INFO  main            d.u.i.k.p.i.AbstractProblemLoader Replaying proof LinkedList[LinkedList::reverse()].JML normal_behavior operation contract.0 
163042     DEBUG main            d.u.i.k.p.i.IntermediateProofReplayer Proof replay took 5.5ns 
171885     INFO  main            d.u.i.k.p.r.p.TestFile    ... finished proof: closed. 
172201     INFO  main            d.u.i.k.p.i.AbstractProblemLoader Loading environment from /home/runner/work/key/key/key.core/../key.ui/examples/heap/vstte10_05_Queue/LinkedList_reverse.key.proof 
172202     DEBUG main            d.u.i.k.p.i.AbstractProblemLoader Environment load took 300.2ns 
172204     INFO  main            d.u.i.k.p.i.AbstractProblemLoader Creating init config 
174817     DEBUG main            d.u.i.k.p.i.AbstractProblemLoader Init config took 2.61s 
174859     INFO  main            d.u.i.k.p.i.AbstractProblemLoader Replaying proof LinkedList[LinkedList::reverse()].JML normal_behavior operation contract.0 
175359     DEBUG main            d.u.i.k.p.i.IntermediateProofReplayer Proof replay took 473.14ms 
175362     DEBUG main            d.u.i.k.p.r.p.TestFile    ... success: reloaded. 
175363     INFO  main            d.u.i.k.p.r.p.TestFile    Now processing file /home/runner/work/key/key/key.core/../key.ui/examples/heap/vstte10_05_Queue/LinkedList_tail.key 
175363     INFO  main            d.u.i.k.p.i.AbstractProblemLoader Loading environment from /home/runner/work/key/key/key.core/../key.ui/examples/heap/vstte10_05_Queue/LinkedList_tail.key 
175363     DEBUG main            d.u.i.k.p.i.AbstractProblemLoader Environment load took 87.8ns 
175364     INFO  main            d.u.i.k.p.i.AbstractProblemLoader Creating init config 
178041     DEBUG main            d.u.i.k.p.i.AbstractProblemLoader Init config took 2.68s 
178083     INFO  main            d.u.i.k.p.i.AbstractProblemLoader Replaying proof LinkedList[LinkedList::tail()].JML normal_behavior operation contract.0 
178085     DEBUG main            d.u.i.k.p.i.IntermediateProofReplayer Proof replay took 46.5ns 
178587     INFO  main            d.u.i.k.p.r.p.TestFile    ... finished proof: closed. 
178839     INFO  main            d.u.i.k.p.i.AbstractProblemLoader Loading environment from /home/runner/work/key/key/key.core/../key.ui/examples/heap/vstte10_05_Queue/LinkedList_tail.key.proof 
178839     DEBUG main            d.u.i.k.p.i.AbstractProblemLoader Environment load took 295.4ns 
178840     INFO  main            d.u.i.k.p.i.AbstractProblemLoader Creating init config 
181447     DEBUG main            d.u.i.k.p.i.AbstractProblemLoader Init config took 2.61s 
181491     INFO  main            d.u.i.k.p.i.AbstractProblemLoader Replaying proof LinkedList[LinkedList::tail()].JML normal_behavior operation contract.0 
181563     DEBUG main            d.u.i.k.p.i.IntermediateProofReplayer Proof replay took 69.04ms 
181563     DEBUG main            d.u.i.k.p.r.p.TestFile    ... success: reloaded. 
2308437    INFO  Test worker     d.u.i.k.p.r.RunAllProofsTestUnit Returning from test VSTTE10 
2308438    INFO  Test worker     d.u.i.k.p.r.RunAllProofsTestUnit Running test WeideEtAl 
365        INFO  Timeout watchdog d.u.i.k.p.r.p.ForkedTestFileRunner Timeout watcher launched (2000 secs.) 
399        WARN  main            d.u.i.k.s.ProofSettings   The settings in /home/runner/.key/proof-settings.props are *not* read. 
446        INFO  main            d.u.i.k.p.r.p.TestFile    Now processing file /home/runner/work/key/key/key.core/../key.ui/examples/heap/WeideEtAl_01_AddAndMultiply/AddAndMultiply_add.key 
574        INFO  main            d.u.i.k.p.i.AbstractProblemLoader Loading environment from /home/runner/work/key/key/key.core/../key.ui/examples/heap/WeideEtAl_01_AddAndMultiply/AddAndMultiply_add.key 
591        DEBUG main            d.u.i.k.p.i.AbstractProblemLoader Environment load took 2.03ms 
813        INFO  main            d.u.i.k.p.i.AbstractProblemLoader Creating init config 
1686       DEBUG main            d.u.i.k.j.TypeConverter   No LDT found for Meta 
1687       DEBUG main            d.u.i.k.j.TypeConverter   No LDT found for Meta 
1688       DEBUG main            d.u.i.k.j.TypeConverter   No LDT found for Meta 
1689       DEBUG main            d.u.i.k.j.TypeConverter   No LDT found for Meta 
3026       DEBUG main            d.u.i.k.j.TypeConverter   No LDT found for JavaBigintExpression 
8005       DEBUG main            d.u.i.k.p.i.AbstractProblemLoader Init config took 7.19s 
8124       INFO  main            d.u.i.k.p.i.AbstractProblemLoader Replaying proof AddAndMultiply[AddAndMultiply::add(int,int)].JML normal_behavior operation contract.0 
8157       DEBUG main            d.u.i.k.p.i.IntermediateProofReplayer Proof replay took 32.3ns 
9734       INFO  main            d.u.i.k.p.r.p.TestFile    ... finished proof: closed. 
9877       INFO  main            d.u.i.k.p.i.AbstractProblemLoader Loading environment from /home/runner/work/key/key/key.core/../key.ui/examples/heap/WeideEtAl_01_AddAndMultiply/AddAndMultiply_add.key.proof 
9878       DEBUG main            d.u.i.k.p.i.AbstractProblemLoader Environment load took 463.91ns 
9880       INFO  main            d.u.i.k.p.i.AbstractProblemLoader Creating init config 
12691      DEBUG main            d.u.i.k.p.i.AbstractProblemLoader Init config took 2.81s 
12750      INFO  main            d.u.i.k.p.i.AbstractProblemLoader Replaying proof AddAndMultiply[AddAndMultiply::add(int,int)].JML normal_behavior operation contract.0 
12959      DEBUG main            d.u.i.k.p.i.IntermediateProofReplayer Proof replay took 198.96ms 
12967      DEBUG main            d.u.i.k.p.r.p.TestFile    ... success: reloaded. 
12970      INFO  main            d.u.i.k.p.r.p.TestFile    Now processing file /home/runner/work/key/key/key.core/../key.ui/examples/heap/WeideEtAl_01_AddAndMultiply/AddAndMultiply_mul.key 
12971      INFO  main            d.u.i.k.p.i.AbstractProblemLoader Loading environment from /home/runner/work/key/key/key.core/../key.ui/examples/heap/WeideEtAl_01_AddAndMultiply/AddAndMultiply_mul.key 
12971      DEBUG main            d.u.i.k.p.i.AbstractProblemLoader Environment load took 260ns 
12975      INFO  main            d.u.i.k.p.i.AbstractProblemLoader Creating init config 
15741      DEBUG main            d.u.i.k.p.i.AbstractProblemLoader Init config took 2.77s 
15796      INFO  main            d.u.i.k.p.i.AbstractProblemLoader Replaying proof AddAndMultiply[AddAndMultiply::mul(int,int)].JML normal_behavior operation contract.0 
15798      DEBUG main            d.u.i.k.p.i.IntermediateProofReplayer Proof replay took 7.9ns 
16303      INFO  main            d.u.i.k.p.r.p.TestFile    ... finished proof: closed. 
16472      INFO  main            d.u.i.k.p.i.AbstractProblemLoader Loading environment from /home/runner/work/key/key/key.core/../key.ui/examples/heap/WeideEtAl_01_AddAndMultiply/AddAndMultiply_mul.key.proof 
16473      DEBUG main            d.u.i.k.p.i.AbstractProblemLoader Environment load took 442.11ns 
16474      INFO  main            d.u.i.k.p.i.AbstractProblemLoader Creating init config 
19166      DEBUG main            d.u.i.k.p.i.AbstractProblemLoader Init config took 2.69s 
19216      INFO  main            d.u.i.k.p.i.AbstractProblemLoader Replaying proof AddAndMultiply[AddAndMultiply::mul(int,int)].JML normal_behavior operation contract.0 
19309      DEBUG main            d.u.i.k.p.i.IntermediateProofReplayer Proof replay took 88.71ms 
19311      DEBUG main            d.u.i.k.p.r.p.TestFile    ... success: reloaded. 
19312      INFO  main            d.u.i.k.p.r.p.TestFile    Now processing file /home/runner/work/key/key/key.core/../key.ui/examples/heap/WeideEtAl_02_BinarySearch/BinarySearch_search.key 
19313      INFO  main            d.u.i.k.p.i.AbstractProblemLoader Loading environment from /home/runner/work/key/key/key.core/../key.ui/examples/heap/WeideEtAl_02_BinarySearch/BinarySearch_search.key 
19313      DEBUG main            d.u.i.k.p.i.AbstractProblemLoader Environment load took 234ns 
19314      INFO  main            d.u.i.k.p.i.AbstractProblemLoader Creating init config 
21933      DEBUG main            d.u.i.k.p.i.AbstractProblemLoader Init config took 2.62s 
21978      INFO  main            d.u.i.k.p.i.AbstractProblemLoader Replaying proof BinarySearch[BinarySearch::search([I,int)].JML normal_behavior operation contract.0 
21983      DEBUG main            d.u.i.k.p.i.IntermediateProofReplayer Proof replay took 6.8ns 
25259      INFO  main            d.u.i.k.p.r.p.TestFile    ... finished proof: closed. 
25460      INFO  main            d.u.i.k.p.i.AbstractProblemLoader Loading environment from /home/runner/work/key/key/key.core/../key.ui/examples/heap/WeideEtAl_02_BinarySearch/BinarySearch_search.key.proof 
25461      DEBUG main            d.u.i.k.p.i.AbstractProblemLoader Environment load took 1.3ms 
25466      INFO  main            d.u.i.k.p.i.AbstractProblemLoader Creating init config 
28024      DEBUG main            d.u.i.k.p.i.AbstractProblemLoader Init config took 2.56s 
28068      INFO  main            d.u.i.k.p.i.AbstractProblemLoader Replaying proof BinarySearch[BinarySearch::search([I,int)].JML normal_behavior operation contract.0 
28508      DEBUG main            d.u.i.k.p.i.IntermediateProofReplayer Proof replay took 422.24ms 
28510      DEBUG main            d.u.i.k.p.r.p.TestFile    ... success: reloaded. 
2337119    INFO  Test worker     d.u.i.k.p.r.RunAllProofsTestUnit Returning from test WeideEtAl 
2337120    INFO  Test worker     d.u.i.k.p.r.RunAllProofsTestUnit Running test arithmetic 
367        INFO  Timeout watchdog d.u.i.k.p.r.p.ForkedTestFileRunner Timeout watcher launched (2000 secs.) 
377        WARN  main            d.u.i.k.s.ProofSettings   The settings in /home/runner/.key/proof-settings.props are *not* read. 
405        INFO  main            d.u.i.k.p.r.p.TestFile    Now processing file /home/runner/work/key/key/key.core/../key.ui/examples/standard_key/arith/binomial1.key 
529        INFO  main            d.u.i.k.p.i.AbstractProblemLoader Loading environment from /home/runner/work/key/key/key.core/../key.ui/examples/standard_key/arith/binomial1.key 
546        DEBUG main            d.u.i.k.p.i.AbstractProblemLoader Environment load took 1.99ms 
784        INFO  main            d.u.i.k.p.i.AbstractProblemLoader Creating init config 
1781       DEBUG main            d.u.i.k.j.TypeConverter   No LDT found for Meta 
1782       DEBUG main            d.u.i.k.j.TypeConverter   No LDT found for Meta 
1783       DEBUG main            d.u.i.k.j.TypeConverter   No LDT found for Meta 
1783       DEBUG main            d.u.i.k.j.TypeConverter   No LDT found for Meta 
3169       DEBUG main            d.u.i.k.j.TypeConverter   No LDT found for JavaBigintExpression 
7764       DEBUG main            d.u.i.k.p.i.AbstractProblemLoader Init config took 6.98s 
7823       INFO  main            d.u.i.k.p.i.AbstractProblemLoader Replaying proof binomial1.key 
7856       DEBUG main            d.u.i.k.p.i.IntermediateProofReplayer Proof replay took 37.7ns 
8230       INFO  main            d.u.i.k.p.r.p.TestFile    ... finished proof: closed. 
8346       INFO  main            d.u.i.k.p.i.AbstractProblemLoader Loading environment from /home/runner/work/key/key/key.core/../key.ui/examples/standard_key/arith/binomial1.key.proof 
8347       DEBUG main            d.u.i.k.p.i.AbstractProblemLoader Environment load took 603.31ns 
8351       INFO  main            d.u.i.k.p.i.AbstractProblemLoader Creating init config 
11154      DEBUG main            d.u.i.k.p.i.AbstractProblemLoader Init config took 2.8s 
11198      INFO  main            d.u.i.k.p.i.AbstractProblemLoader Replaying proof binomial1.key.proof 
11211      DEBUG main            d.u.i.k.p.i.IntermediateProofReplayer Proof replay took 8.64ms 
11222      DEBUG main            d.u.i.k.p.r.p.TestFile    ... success: reloaded. 
11223      INFO  main            d.u.i.k.p.r.p.TestFile    Now processing file /home/runner/work/key/key/key.core/../key.ui/examples/standard_key/arith/binomial2.key 
11224      INFO  main            d.u.i.k.p.i.AbstractProblemLoader Loading environment from /home/runner/work/key/key/key.core/../key.ui/examples/standard_key/arith/binomial2.key 
11224      DEBUG main            d.u.i.k.p.i.AbstractProblemLoader Environment load took 271.5ns 
11227      INFO  main            d.u.i.k.p.i.AbstractProblemLoader Creating init config 
13757      DEBUG main            d.u.i.k.p.i.AbstractProblemLoader Init config took 2.53s 
13786      INFO  main            d.u.i.k.p.i.AbstractProblemLoader Replaying proof binomial2.key 
13790      DEBUG main            d.u.i.k.p.i.IntermediateProofReplayer Proof replay took 7ns 
13892      INFO  main            d.u.i.k.p.r.p.TestFile    ... finished proof: closed. 
14023      INFO  main            d.u.i.k.p.i.AbstractProblemLoader Loading environment from /home/runner/work/key/key/key.core/../key.ui/examples/standard_key/arith/binomial2.key.proof 
14023      DEBUG main            d.u.i.k.p.i.AbstractProblemLoader Environment load took 494.41ns 
14026      INFO  main            d.u.i.k.p.i.AbstractProblemLoader Creating init config 
16552      DEBUG main            d.u.i.k.p.i.AbstractProblemLoader Init config took 2.53s 
16575      INFO  main            d.u.i.k.p.i.AbstractProblemLoader Replaying proof binomial2.key.proof 
16588      DEBUG main            d.u.i.k.p.i.IntermediateProofReplayer Proof replay took 9.95ms 
16589      DEBUG main            d.u.i.k.p.r.p.TestFile    ... success: reloaded. 
16590      INFO  main            d.u.i.k.p.r.p.TestFile    Now processing file /home/runner/work/key/key/key.core/../key.ui/examples/standard_key/arith/check_jdiv.key 
16592      INFO  main            d.u.i.k.p.i.AbstractProblemLoader Loading environment from /home/runner/work/key/key/key.core/../key.ui/examples/standard_key/arith/check_jdiv.key 
16593      DEBUG main            d.u.i.k.p.i.AbstractProblemLoader Environment load took 126.9ns 
16596      INFO  main            d.u.i.k.p.i.AbstractProblemLoader Creating init config 
19082      DEBUG main            d.u.i.k.p.i.AbstractProblemLoader Init config took 2.49s 
19103      INFO  main            d.u.i.k.p.i.AbstractProblemLoader Replaying proof check_jdiv.key 
19107      DEBUG main            d.u.i.k.p.i.IntermediateProofReplayer Proof replay took 6.9ns 
24162      INFO  main            d.u.i.k.p.r.p.TestFile    ... finished proof: closed. 
24382      INFO  main            d.u.i.k.p.i.AbstractProblemLoader Loading environment from /home/runner/work/key/key/key.core/../key.ui/examples/standard_key/arith/check_jdiv.key.proof 
24382      DEBUG main            d.u.i.k.p.i.AbstractProblemLoader Environment load took 322.61ns 
24391      INFO  main            d.u.i.k.p.i.AbstractProblemLoader Creating init config 
26855      DEBUG main            d.u.i.k.p.i.AbstractProblemLoader Init config took 2.46s 
26877      INFO  main            d.u.i.k.p.i.AbstractProblemLoader Replaying proof check_jdiv.key.proof 
27150      DEBUG main            d.u.i.k.p.i.IntermediateProofReplayer Proof replay took 237.72ms 
27153      DEBUG main            d.u.i.k.p.r.p.TestFile    ... success: reloaded. 
27154      INFO  main            d.u.i.k.p.r.p.TestFile    Now processing file /home/runner/work/key/key/key.core/../key.ui/examples/standard_key/arith/check_jdiv_concrete.key 
27155      INFO  main            d.u.i.k.p.i.AbstractProblemLoader Loading environment from /home/runner/work/key/key/key.core/../key.ui/examples/standard_key/arith/check_jdiv_concrete.key 
27155      DEBUG main            d.u.i.k.p.i.AbstractProblemLoader Environment load took 216.9ns 
27156      INFO  main            d.u.i.k.p.i.AbstractProblemLoader Creating init config 
29558      DEBUG main            d.u.i.k.p.i.AbstractProblemLoader Init config took 2.4s 
29577      INFO  main            d.u.i.k.p.i.AbstractProblemLoader Replaying proof check_jdiv_concrete.key 
29579      DEBUG main            d.u.i.k.p.i.IntermediateProofReplayer Proof replay took 6.8ns 
29682      INFO  main            d.u.i.k.p.r.p.TestFile    ... finished proof: closed. 
29890      INFO  main            d.u.i.k.p.i.AbstractProblemLoader Loading environment from /home/runner/work/key/key/key.core/../key.ui/examples/standard_key/arith/check_jdiv_concrete.key.proof 
29890      DEBUG main            d.u.i.k.p.i.AbstractProblemLoader Environment load took 132.4ns 
29891      INFO  main            d.u.i.k.p.i.AbstractProblemLoader Creating init config 
32258      DEBUG main            d.u.i.k.p.i.AbstractProblemLoader Init config took 2.37s 
32277      INFO  main            d.u.i.k.p.i.AbstractProblemLoader Replaying proof check_jdiv_concrete.key.proof 
32282      DEBUG main            d.u.i.k.p.i.IntermediateProofReplayer Proof replay took 2.17ms 
32283      DEBUG main            d.u.i.k.p.r.p.TestFile    ... success: reloaded. 
32284      INFO  main            d.u.i.k.p.r.p.TestFile    Now processing file /home/runner/work/key/key/key.core/../key.ui/examples/standard_key/arith/check_jdiv_instantiated.key 
32285      INFO  main            d.u.i.k.p.i.AbstractProblemLoader Loading environment from /home/runner/work/key/key/key.core/../key.ui/examples/standard_key/arith/check_jdiv_instantiated.key 
32285      DEBUG main            d.u.i.k.p.i.AbstractProblemLoader Environment load took 242.5ns 
32286      INFO  main            d.u.i.k.p.i.AbstractProblemLoader Creating init config 
34702      DEBUG main            d.u.i.k.p.i.AbstractProblemLoader Init config took 2.42s 
34725      INFO  main            d.u.i.k.p.i.AbstractProblemLoader Replaying proof check_jdiv_instantiated.key 
34729      DEBUG main            d.u.i.k.p.i.IntermediateProofReplayer Proof replay took 8.1ns 
37763      INFO  main            d.u.i.k.p.r.p.TestFile    ... finished proof: closed. 
37972      INFO  main            d.u.i.k.p.i.AbstractProblemLoader Loading environment from /home/runner/work/key/key/key.core/../key.ui/examples/standard_key/arith/check_jdiv_instantiated.key.proof 
37973      DEBUG main            d.u.i.k.p.i.AbstractProblemLoader Environment load took 463.11ns 
37976      INFO  main            d.u.i.k.p.i.AbstractProblemLoader Creating init config 
40409      DEBUG main            d.u.i.k.p.i.AbstractProblemLoader Init config took 2.43s 
40429      INFO  main            d.u.i.k.p.i.AbstractProblemLoader Replaying proof check_jdiv_instantiated.key.proof 
40585      DEBUG main            d.u.i.k.p.i.IntermediateProofReplayer Proof replay took 130.05ms 
40588      DEBUG main            d.u.i.k.p.r.p.TestFile    ... success: reloaded. 
40589      INFO  main            d.u.i.k.p.r.p.TestFile    Now processing file /home/runner/work/key/key/key.core/../key.ui/examples/standard_key/arith/check_jmod.key 
40589      INFO  main            d.u.i.k.p.i.AbstractProblemLoader Loading environment from /home/runner/work/key/key/key.core/../key.ui/examples/standard_key/arith/check_jmod.key 
40590      DEBUG main            d.u.i.k.p.i.AbstractProblemLoader Environment load took 253.3ns 
40591      INFO  main            d.u.i.k.p.i.AbstractProblemLoader Creating init config 
42932      DEBUG main            d.u.i.k.p.i.AbstractProblemLoader Init config took 2.34s 
42951      INFO  main            d.u.i.k.p.i.AbstractProblemLoader Replaying proof check_jmod.key 
42953      DEBUG main            d.u.i.k.p.i.IntermediateProofReplayer Proof replay took 6.7ns 
43458      INFO  main            d.u.i.k.p.r.p.TestFile    ... finished proof: closed. 
43666      INFO  main            d.u.i.k.p.i.AbstractProblemLoader Loading environment from /home/runner/work/key/key/key.core/../key.ui/examples/standard_key/arith/check_jmod.key.proof 
43666      DEBUG main            d.u.i.k.p.i.AbstractProblemLoader Environment load took 143.4ns 
43668      INFO  main            d.u.i.k.p.i.AbstractProblemLoader Creating init config 
45987      DEBUG main            d.u.i.k.p.i.AbstractProblemLoader Init config took 2.32s 
46006      INFO  main            d.u.i.k.p.i.AbstractProblemLoader Replaying proof check_jmod.key.proof 
46036      DEBUG main            d.u.i.k.p.i.IntermediateProofReplayer Proof replay took 23.7ms 
46037      DEBUG main            d.u.i.k.p.r.p.TestFile    ... success: reloaded. 
46039      INFO  main            d.u.i.k.p.r.p.TestFile    Now processing file /home/runner/work/key/key/key.core/../key.ui/examples/standard_key/arith/complexExpressions.key 
46039      INFO  main            d.u.i.k.p.i.AbstractProblemLoader Loading environment from /home/runner/work/key/key/key.core/../key.ui/examples/standard_key/arith/complexExpressions.key 
46039      DEBUG main            d.u.i.k.p.i.AbstractProblemLoader Environment load took 220.6ns 
46041      INFO  main            d.u.i.k.p.i.AbstractProblemLoader Creating init config 
48432      DEBUG main            d.u.i.k.p.i.AbstractProblemLoader Init config took 2.39s 
48451      INFO  main            d.u.i.k.p.i.AbstractProblemLoader Replaying proof complexExpressions.key 
48453      DEBUG main            d.u.i.k.p.i.IntermediateProofReplayer Proof replay took 6.5ns 
48662      INFO  main            d.u.i.k.p.r.p.TestFile    ... finished proof: closed. 
48845      INFO  main            d.u.i.k.p.i.AbstractProblemLoader Loading environment from /home/runner/work/key/key/key.core/../key.ui/examples/standard_key/arith/complexExpressions.key.proof 
48845      DEBUG main            d.u.i.k.p.i.AbstractProblemLoader Environment load took 142.7ns 
48848      INFO  main            d.u.i.k.p.i.AbstractProblemLoader Creating init config 
51215      DEBUG main            d.u.i.k.p.i.AbstractProblemLoader Init config took 2.37s 
51232      INFO  main            d.u.i.k.p.i.AbstractProblemLoader Replaying proof complexExpressions.key.proof 
51241      DEBUG main            d.u.i.k.p.i.IntermediateProofReplayer Proof replay took 6.41ms 
51242      DEBUG main            d.u.i.k.p.r.p.TestFile    ... success: reloaded. 
51243      INFO  main            d.u.i.k.p.r.p.TestFile    Now processing file /home/runner/work/key/key/key.core/../key.ui/examples/standard_key/arith/compound_unaryMinus.key 
51243      INFO  main            d.u.i.k.p.i.AbstractProblemLoader Loading environment from /home/runner/work/key/key/key.core/../key.ui/examples/standard_key/arith/compound_unaryMinus.key 
51243      DEBUG main            d.u.i.k.p.i.AbstractProblemLoader Environment load took 103.5ns 
51244      INFO  main            d.u.i.k.p.i.AbstractProblemLoader Creating init config 
53590      DEBUG main            d.u.i.k.p.i.AbstractProblemLoader Init config took 2.35s 
53633      INFO  main            d.u.i.k.p.i.AbstractProblemLoader Replaying proof compound_unaryMinus.key 
53635      DEBUG main            d.u.i.k.p.i.IntermediateProofReplayer Proof replay took 6.7ns 
53737      INFO  main            d.u.i.k.p.r.p.TestFile    ... finished proof: closed. 
53896      INFO  main            d.u.i.k.p.i.AbstractProblemLoader Loading environment from /home/runner/work/key/key/key.core/../key.ui/examples/standard_key/arith/compound_unaryMinus.key.proof 
53896      DEBUG main            d.u.i.k.p.i.AbstractProblemLoader Environment load took 163.9ns 
53897      INFO  main            d.u.i.k.p.i.AbstractProblemLoader Creating init config 
56201      DEBUG main            d.u.i.k.p.i.AbstractProblemLoader Init config took 2.3s 
56230      INFO  main            d.u.i.k.p.i.AbstractProblemLoader Replaying proof compound_unaryMinus.key.proof 
56235      DEBUG main            d.u.i.k.p.i.IntermediateProofReplayer Proof replay took 2.93ms 
56236      DEBUG main            d.u.i.k.p.r.p.TestFile    ... success: reloaded. 
56237      INFO  main            d.u.i.k.p.r.p.TestFile    Now processing file /home/runner/work/key/key/key.core/../key.ui/examples/standard_key/arith/computation.key 
56238      INFO  main            d.u.i.k.p.i.AbstractProblemLoader Loading environment from /home/runner/work/key/key/key.core/../key.ui/examples/standard_key/arith/computation.key 
56238      DEBUG main            d.u.i.k.p.i.AbstractProblemLoader Environment load took 229.6ns 
56240      INFO  main            d.u.i.k.p.i.AbstractProblemLoader Creating init config 
58588      DEBUG main            d.u.i.k.p.i.AbstractProblemLoader Init config took 2.35s 
58605      INFO  main            d.u.i.k.p.i.AbstractProblemLoader Replaying proof computation.key 
58608      DEBUG main            d.u.i.k.p.i.IntermediateProofReplayer Proof replay took 8.2ns 
59914      INFO  main            d.u.i.k.p.r.p.TestFile    ... finished proof: closed. 
60149      INFO  main            d.u.i.k.p.i.AbstractProblemLoader Loading environment from /home/runner/work/key/key/key.core/../key.ui/examples/standard_key/arith/computation.key.proof 
60149      DEBUG main            d.u.i.k.p.i.AbstractProblemLoader Environment load took 590.21ns 
60151      INFO  main            d.u.i.k.p.i.AbstractProblemLoader Creating init config 
62463      DEBUG main            d.u.i.k.p.i.AbstractProblemLoader Init config took 2.31s 
62482      INFO  main            d.u.i.k.p.i.AbstractProblemLoader Replaying proof computation.key.proof 
62557      DEBUG main            d.u.i.k.p.i.IntermediateProofReplayer Proof replay took 64.27ms 
62558      DEBUG main            d.u.i.k.p.r.p.TestFile    ... success: reloaded. 
62559      INFO  main            d.u.i.k.p.r.p.TestFile    Now processing file /home/runner/work/key/key/key.core/../key.ui/examples/standard_key/arith/cubicSum.key 
62560      INFO  main            d.u.i.k.p.i.AbstractProblemLoader Loading environment from /home/runner/work/key/key/key.core/../key.ui/examples/standard_key/arith/cubicSum.key 
62561      DEBUG main            d.u.i.k.p.i.AbstractProblemLoader Environment load took 760.21ns 
62562      INFO  main            d.u.i.k.p.i.AbstractProblemLoader Creating init config 
65155      DEBUG main            d.u.i.k.p.i.AbstractProblemLoader Init config took 2.59s 
65174      INFO  main            d.u.i.k.p.i.AbstractProblemLoader Replaying proof cubicSum.key 
65176      DEBUG main            d.u.i.k.p.i.IntermediateProofReplayer Proof replay took 7.1ns 
66383      INFO  main            d.u.i.k.p.r.p.TestFile    ... finished proof: closed. 
66642      INFO  main            d.u.i.k.p.i.AbstractProblemLoader Loading environment from /home/runner/work/key/key/key.core/../key.ui/examples/standard_key/arith/cubicSum.key.proof 
66644      DEBUG main            d.u.i.k.p.i.AbstractProblemLoader Environment load took 1.68ms 
66645      INFO  main            d.u.i.k.p.i.AbstractProblemLoader Creating init config 
69188      DEBUG main            d.u.i.k.p.i.AbstractProblemLoader Init config took 2.54s 
69205      INFO  main            d.u.i.k.p.i.AbstractProblemLoader Replaying proof cubicSum.key.proof 
69288      DEBUG main            d.u.i.k.p.i.IntermediateProofReplayer Proof replay took 79.97ms 
69289      DEBUG main            d.u.i.k.p.r.p.TestFile    ... success: reloaded. 
69290      INFO  main            d.u.i.k.p.r.p.TestFile    Now processing file /home/runner/work/key/key/key.core/../key.ui/examples/standard_key/arith/divByZero.key 
69291      INFO  main            d.u.i.k.p.i.AbstractProblemLoader Loading environment from /home/runner/work/key/key/key.core/../key.ui/examples/standard_key/arith/divByZero.key 
69291      DEBUG main            d.u.i.k.p.i.AbstractProblemLoader Environment load took 108ns 
69292      INFO  main            d.u.i.k.p.i.AbstractProblemLoader Creating init config 
71735      DEBUG main            d.u.i.k.p.i.AbstractProblemLoader Init config took 2.44s 
71751      INFO  main            d.u.i.k.p.i.AbstractProblemLoader Replaying proof divByZero.key 
71753      DEBUG main            d.u.i.k.p.i.IntermediateProofReplayer Proof replay took 5.8ns 
71964      INFO  main            d.u.i.k.p.r.p.TestFile    ... finished proof: closed. 
72172      INFO  main            d.u.i.k.p.i.AbstractProblemLoader Loading environment from /home/runner/work/key/key/key.core/../key.ui/examples/standard_key/arith/divByZero.key.proof 
72172      DEBUG main            d.u.i.k.p.i.AbstractProblemLoader Environment load took 135.5ns 
72174      INFO  main            d.u.i.k.p.i.AbstractProblemLoader Creating init config 
74562      DEBUG main            d.u.i.k.p.i.AbstractProblemLoader Init config took 2.39s 
74578      INFO  main            d.u.i.k.p.i.AbstractProblemLoader Replaying proof divByZero.key.proof 
74611      DEBUG main            d.u.i.k.p.i.IntermediateProofReplayer Proof replay took 31ms 
74613      DEBUG main            d.u.i.k.p.r.p.TestFile    ... success: reloaded. 
74614      INFO  main            d.u.i.k.p.r.p.TestFile    Now processing file /home/runner/work/key/key/key.core/../key.ui/examples/standard_key/arith/divisionAssoc.key 
74614      INFO  main            d.u.i.k.p.i.AbstractProblemLoader Loading environment from /home/runner/work/key/key/key.core/../key.ui/examples/standard_key/arith/divisionAssoc.key 
74614      DEBUG main            d.u.i.k.p.i.AbstractProblemLoader Environment load took 217.8ns 
74616      INFO  main            d.u.i.k.p.i.AbstractProblemLoader Creating init config 
77125      DEBUG main            d.u.i.k.p.i.AbstractProblemLoader Init config took 2.51s 
77140      INFO  main            d.u.i.k.p.i.AbstractProblemLoader Replaying proof divisionAssoc.key 
77142      DEBUG main            d.u.i.k.p.i.IntermediateProofReplayer Proof replay took 6.6ns 
77862      INFO  main            d.u.i.k.p.r.p.TestFile    ... finished proof: closed. 
78067      INFO  main            d.u.i.k.p.i.AbstractProblemLoader Loading environment from /home/runner/work/key/key/key.core/../key.ui/examples/standard_key/arith/divisionAssoc.key.proof 
78067      DEBUG main            d.u.i.k.p.i.AbstractProblemLoader Environment load took 467.01ns 
78069      INFO  main            d.u.i.k.p.i.AbstractProblemLoader Creating init config 
80425      DEBUG main            d.u.i.k.p.i.AbstractProblemLoader Init config took 2.36s 
80440      INFO  main            d.u.i.k.p.i.AbstractProblemLoader Replaying proof divisionAssoc.key.proof 
80487      DEBUG main            d.u.i.k.p.i.IntermediateProofReplayer Proof replay took 43.05ms 
80488      DEBUG main            d.u.i.k.p.r.p.TestFile    ... success: reloaded. 
80489      INFO  main            d.u.i.k.p.r.p.TestFile    Now processing file /home/runner/work/key/key/key.core/../key.ui/examples/standard_key/arith/divisionBy2.key 
80489      INFO  main            d.u.i.k.p.i.AbstractProblemLoader Loading environment from /home/runner/work/key/key/key.core/../key.ui/examples/standard_key/arith/divisionBy2.key 
80490      DEBUG main            d.u.i.k.p.i.AbstractProblemLoader Environment load took 110.2ns 
80491      INFO  main            d.u.i.k.p.i.AbstractProblemLoader Creating init config 
82936      DEBUG main            d.u.i.k.p.i.AbstractProblemLoader Init config took 2.45s 
82950      INFO  main            d.u.i.k.p.i.AbstractProblemLoader Replaying proof divisionBy2.key 
82952      DEBUG main            d.u.i.k.p.i.IntermediateProofReplayer Proof replay took 6.7ns 
83054      INFO  main            d.u.i.k.p.r.p.TestFile    ... finished proof: closed. 
83267      INFO  main            d.u.i.k.p.i.AbstractProblemLoader Loading environment from /home/runner/work/key/key/key.core/../key.ui/examples/standard_key/arith/divisionBy2.key.proof 
83267      DEBUG main            d.u.i.k.p.i.AbstractProblemLoader Environment load took 125.6ns 
83268      INFO  main            d.u.i.k.p.i.AbstractProblemLoader Creating init config 
85643      DEBUG main            d.u.i.k.p.i.AbstractProblemLoader Init config took 2.38s 
85657      INFO  main            d.u.i.k.p.i.AbstractProblemLoader Replaying proof divisionBy2.key.proof 
85663      DEBUG main            d.u.i.k.p.i.IntermediateProofReplayer Proof replay took 4.18ms 
85664      DEBUG main            d.u.i.k.p.r.p.TestFile    ... success: reloaded. 
85664      INFO  main            d.u.i.k.p.r.p.TestFile    Now processing file /home/runner/work/key/key/key.core/../key.ui/examples/standard_key/arith/euclidean/gcdHelp-post.key 
85664      INFO  main            d.u.i.k.p.i.AbstractProblemLoader Loading environment from /home/runner/work/key/key/key.core/../key.ui/examples/standard_key/arith/euclidean/gcdHelp-post.key 
85665      DEBUG main            d.u.i.k.p.i.AbstractProblemLoader Environment load took 91.8ns 
85666      INFO  main            d.u.i.k.p.i.AbstractProblemLoader Creating init config 
88228      DEBUG main            d.u.i.k.p.i.AbstractProblemLoader Init config took 2.56s 
88243      INFO  main            d.u.i.k.p.i.AbstractProblemLoader Replaying proof gcdHelp-post.key 
88244      DEBUG main            d.u.i.k.p.i.IntermediateProofReplayer Proof replay took 6.3ns 
91154      INFO  main            d.u.i.k.p.r.p.TestFile    ... finished proof: closed. 
91407      INFO  main            d.u.i.k.p.i.AbstractProblemLoader Loading environment from /home/runner/work/key/key/key.core/../key.ui/examples/standard_key/arith/euclidean/gcdHelp-post.key.proof 
91408      DEBUG main            d.u.i.k.p.i.AbstractProblemLoader Environment load took 843.81ns 
91410      INFO  main            d.u.i.k.p.i.AbstractProblemLoader Creating init config 
93873      DEBUG main            d.u.i.k.p.i.AbstractProblemLoader Init config took 2.46s 
93890      INFO  main            d.u.i.k.p.i.AbstractProblemLoader Replaying proof gcdHelp-post.key.proof 
94052      DEBUG main            d.u.i.k.p.i.IntermediateProofReplayer Proof replay took 152.6ms 
94054      DEBUG main            d.u.i.k.p.r.p.TestFile    ... success: reloaded. 
94056      INFO  main            d.u.i.k.p.r.p.TestFile    Now processing file /home/runner/work/key/key/key.core/../key.ui/examples/standard_key/arith/gemplusDecimal/add.key 
94057      INFO  main            d.u.i.k.p.i.AbstractProblemLoader Loading environment from /home/runner/work/key/key/key.core/../key.ui/examples/standard_key/arith/gemplusDecimal/add.key 
94057      DEBUG main            d.u.i.k.p.i.AbstractProblemLoader Environment load took 235.3ns 
94059      INFO  main            d.u.i.k.p.i.AbstractProblemLoader Creating init config 
96582      DEBUG main            d.u.i.k.p.i.AbstractProblemLoader Init config took 2.52s 
96596      INFO  main            d.u.i.k.p.i.AbstractProblemLoader Replaying proof add.key 
96598      DEBUG main            d.u.i.k.p.i.IntermediateProofReplayer Proof replay took 6.2ns 
137346     INFO  main            d.u.i.k.p.r.p.TestFile    ... finished proof: closed. 
137734     INFO  main            d.u.i.k.p.i.AbstractProblemLoader Loading environment from /home/runner/work/key/key/key.core/../key.ui/examples/standard_key/arith/gemplusDecimal/add.key.proof 
137735     DEBUG main            d.u.i.k.p.i.AbstractProblemLoader Environment load took 215.9ns 
137745     INFO  main            d.u.i.k.p.i.AbstractProblemLoader Creating init config 
140203     DEBUG main            d.u.i.k.p.i.AbstractProblemLoader Init config took 2.46s 
140218     INFO  main            d.u.i.k.p.i.AbstractProblemLoader Replaying proof add.key.proof 
142199     DEBUG main            d.u.i.k.p.i.IntermediateProofReplayer Proof replay took 1.87s 
142207     DEBUG main            d.u.i.k.p.r.p.TestFile    ... success: reloaded. 
142208     INFO  main            d.u.i.k.p.r.p.TestFile    Now processing file /home/runner/work/key/key/key.core/../key.ui/examples/standard_key/arith/jdivevenodd.key 
142209     INFO  main            d.u.i.k.p.i.AbstractProblemLoader Loading environment from /home/runner/work/key/key/key.core/../key.ui/examples/standard_key/arith/jdivevenodd.key 
142209     DEBUG main            d.u.i.k.p.i.AbstractProblemLoader Environment load took 229.9ns 
142210     INFO  main            d.u.i.k.p.i.AbstractProblemLoader Creating init config 
144655     DEBUG main            d.u.i.k.p.i.AbstractProblemLoader Init config took 2.44s 
144691     INFO  main            d.u.i.k.p.i.AbstractProblemLoader Replaying proof jdivevenodd.key 
144693     DEBUG main            d.u.i.k.p.i.IntermediateProofReplayer Proof replay took 7.1ns 
144895     INFO  main            d.u.i.k.p.r.p.TestFile    ... finished proof: closed. 
145249     INFO  main            d.u.i.k.p.i.AbstractProblemLoader Loading environment from /home/runner/work/key/key/key.core/../key.ui/examples/standard_key/arith/jdivevenodd.key.proof 
145249     DEBUG main            d.u.i.k.p.i.AbstractProblemLoader Environment load took 129ns 
145252     INFO  main            d.u.i.k.p.i.AbstractProblemLoader Creating init config 
147587     DEBUG main            d.u.i.k.p.i.AbstractProblemLoader Init config took 2.34s 
147600     INFO  main            d.u.i.k.p.i.AbstractProblemLoader Replaying proof jdivevenodd.key.proof 
147611     DEBUG main            d.u.i.k.p.i.IntermediateProofReplayer Proof replay took 8.04ms 
147612     DEBUG main            d.u.i.k.p.r.p.TestFile    ... success: reloaded. 
147614     INFO  main            d.u.i.k.p.r.p.TestFile    Now processing file /home/runner/work/key/key/key.core/../key.ui/examples/standard_key/arith/median.key 
147614     INFO  main            d.u.i.k.p.i.AbstractProblemLoader Loading environment from /home/runner/work/key/key/key.core/../key.ui/examples/standard_key/arith/median.key 
147614     DEBUG main            d.u.i.k.p.i.AbstractProblemLoader Environment load took 203.7ns 
147615     INFO  main            d.u.i.k.p.i.AbstractProblemLoader Creating init config 
150001     DEBUG main            d.u.i.k.p.i.AbstractProblemLoader Init config took 2.39s 
150016     INFO  main            d.u.i.k.p.i.AbstractProblemLoader Replaying proof median.key 
150018     DEBUG main            d.u.i.k.p.i.IntermediateProofReplayer Proof replay took 7.3ns 
164247     INFO  main            d.u.i.k.p.r.p.TestFile    ... finished proof: closed. 
164567     INFO  main            d.u.i.k.p.i.AbstractProblemLoader Loading environment from /home/runner/work/key/key/key.core/../key.ui/examples/standard_key/arith/median.key.proof 
164568     DEBUG main            d.u.i.k.p.i.AbstractProblemLoader Environment load took 592.81ns 
164572     INFO  main            d.u.i.k.p.i.AbstractProblemLoader Creating init config 
166971     DEBUG main            d.u.i.k.p.i.AbstractProblemLoader Init config took 2.4s 
166986     INFO  main            d.u.i.k.p.i.AbstractProblemLoader Replaying proof median.key.proof 
167536     DEBUG main            d.u.i.k.p.i.IntermediateProofReplayer Proof replay took 501.61ms 
167540     DEBUG main            d.u.i.k.p.r.p.TestFile    ... success: reloaded. 
167541     INFO  main            d.u.i.k.p.r.p.TestFile    Now processing file /home/runner/work/key/key/key.core/../key.ui/examples/standard_key/arith/mod1.key 
167541     INFO  main            d.u.i.k.p.i.AbstractProblemLoader Loading environment from /home/runner/work/key/key/key.core/../key.ui/examples/standard_key/arith/mod1.key 
167542     DEBUG main            d.u.i.k.p.i.AbstractProblemLoader Environment load took 214ns 
167543     INFO  main            d.u.i.k.p.i.AbstractProblemLoader Creating init config 
169907     DEBUG main            d.u.i.k.p.i.AbstractProblemLoader Init config took 2.36s 
169920     INFO  main            d.u.i.k.p.i.AbstractProblemLoader Replaying proof mod1.key 
169922     DEBUG main            d.u.i.k.p.i.IntermediateProofReplayer Proof replay took 6.5ns 
170025     INFO  main            d.u.i.k.p.r.p.TestFile    ... finished proof: closed. 
170336     INFO  main            d.u.i.k.p.i.AbstractProblemLoader Loading environment from /home/runner/work/key/key/key.core/../key.ui/examples/standard_key/arith/mod1.key.proof 
170337     DEBUG main            d.u.i.k.p.i.AbstractProblemLoader Environment load took 111.7ns 
170338     INFO  main            d.u.i.k.p.i.AbstractProblemLoader Creating init config 
172688     DEBUG main            d.u.i.k.p.i.AbstractProblemLoader Init config took 2.35s 
172703     INFO  main            d.u.i.k.p.i.AbstractProblemLoader Replaying proof mod1.key.proof 
172707     DEBUG main            d.u.i.k.p.i.IntermediateProofReplayer Proof replay took 1.85ms 
172708     DEBUG main            d.u.i.k.p.r.p.TestFile    ... success: reloaded. 
172708     INFO  main            d.u.i.k.p.r.p.TestFile    Now processing file /home/runner/work/key/key/key.core/../key.ui/examples/standard_key/arith/mod2.key 
172709     INFO  main            d.u.i.k.p.i.AbstractProblemLoader Loading environment from /home/runner/work/key/key/key.core/../key.ui/examples/standard_key/arith/mod2.key 
172709     DEBUG main            d.u.i.k.p.i.AbstractProblemLoader Environment load took 61.1ns 
172710     INFO  main            d.u.i.k.p.i.AbstractProblemLoader Creating init config 
175097     DEBUG main            d.u.i.k.p.i.AbstractProblemLoader Init config took 2.39s 
175110     INFO  main            d.u.i.k.p.i.AbstractProblemLoader Replaying proof mod2.key 
175112     DEBUG main            d.u.i.k.p.i.IntermediateProofReplayer Proof replay took 6.4ns 
175215     INFO  main            d.u.i.k.p.r.p.TestFile    ... finished proof: closed. 
175441     INFO  main            d.u.i.k.p.i.AbstractProblemLoader Loading environment from /home/runner/work/key/key/key.core/../key.ui/examples/standard_key/arith/mod2.key.proof 
175441     DEBUG main            d.u.i.k.p.i.AbstractProblemLoader Environment load took 448.31ns 
175442     INFO  main            d.u.i.k.p.i.AbstractProblemLoader Creating init config 
177787     DEBUG main            d.u.i.k.p.i.AbstractProblemLoader Init config took 2.34s 
177800     INFO  main            d.u.i.k.p.i.AbstractProblemLoader Replaying proof mod2.key.proof 
177803     DEBUG main            d.u.i.k.p.i.IntermediateProofReplayer Proof replay took 1.03ms 
177803     DEBUG main            d.u.i.k.p.r.p.TestFile    ... success: reloaded. 
177804     INFO  main            d.u.i.k.p.r.p.TestFile    Now processing file /home/runner/work/key/key/key.core/../key.ui/examples/standard_key/arith/mod7.key 
177805     INFO  main            d.u.i.k.p.i.AbstractProblemLoader Loading environment from /home/runner/work/key/key/key.core/../key.ui/examples/standard_key/arith/mod7.key 
177805     DEBUG main            d.u.i.k.p.i.AbstractProblemLoader Environment load took 80.6ns 
177806     INFO  main            d.u.i.k.p.i.AbstractProblemLoader Creating init config 
180215     DEBUG main            d.u.i.k.p.i.AbstractProblemLoader Init config took 2.41s 
180228     INFO  main            d.u.i.k.p.i.AbstractProblemLoader Replaying proof mod7.key 
180229     DEBUG main            d.u.i.k.p.i.IntermediateProofReplayer Proof replay took 6.2ns 
180330     INFO  main            d.u.i.k.p.r.p.TestFile    ... finished proof: closed. 
180567     INFO  main            d.u.i.k.p.i.AbstractProblemLoader Loading environment from /home/runner/work/key/key/key.core/../key.ui/examples/standard_key/arith/mod7.key.proof 
180567     DEBUG main            d.u.i.k.p.i.AbstractProblemLoader Environment load took 113.2ns 
180568     INFO  main            d.u.i.k.p.i.AbstractProblemLoader Creating init config 
182908     DEBUG main            d.u.i.k.p.i.AbstractProblemLoader Init config took 2.34s 
182924     INFO  main            d.u.i.k.p.i.AbstractProblemLoader Replaying proof mod7.key.proof 
182929     DEBUG main            d.u.i.k.p.i.IntermediateProofReplayer Proof replay took 2.83ms 
182929     DEBUG main            d.u.i.k.p.r.p.TestFile    ... success: reloaded. 
182930     INFO  main            d.u.i.k.p.r.p.TestFile    Now processing file /home/runner/work/key/key/key.core/../key.ui/examples/standard_key/arith/overflow_hija.key 
182930     INFO  main            d.u.i.k.p.i.AbstractProblemLoader Loading environment from /home/runner/work/key/key/key.core/../key.ui/examples/standard_key/arith/overflow_hija.key 
182930     DEBUG main            d.u.i.k.p.i.AbstractProblemLoader Environment load took 60.1ns 
182932     INFO  main            d.u.i.k.p.i.AbstractProblemLoader Creating init config 
185343     DEBUG main            d.u.i.k.p.i.AbstractProblemLoader Init config took 2.41s 
185359     INFO  main            d.u.i.k.p.i.AbstractProblemLoader Replaying proof overflow_hija.key 
185362     DEBUG main            d.u.i.k.p.i.IntermediateProofReplayer Proof replay took 7.5ns 
189860     INFO  main            d.u.i.k.p.r.p.TestFile    ... finished proof: closed. 
190153     INFO  main            d.u.i.k.p.i.AbstractProblemLoader Loading environment from /home/runner/work/key/key/key.core/../key.ui/examples/standard_key/arith/overflow_hija.key.proof 
190153     DEBUG main            d.u.i.k.p.i.AbstractProblemLoader Environment load took 435.7ns 
190156     INFO  main            d.u.i.k.p.i.AbstractProblemLoader Creating init config 
192519     DEBUG main            d.u.i.k.p.i.AbstractProblemLoader Init config took 2.36s 
192534     INFO  main            d.u.i.k.p.i.AbstractProblemLoader Replaying proof overflow_hija.key.proof 
192674     DEBUG main            d.u.i.k.p.i.IntermediateProofReplayer Proof replay took 130.05ms 
192677     DEBUG main            d.u.i.k.p.r.p.TestFile    ... success: reloaded. 
192678     INFO  main            d.u.i.k.p.r.p.TestFile    Now processing file /home/runner/work/key/key/key.core/../key.ui/examples/standard_key/arith/poly_division0.key 
192678     INFO  main            d.u.i.k.p.i.AbstractProblemLoader Loading environment from /home/runner/work/key/key/key.core/../key.ui/examples/standard_key/arith/poly_division0.key 
192678     DEBUG main            d.u.i.k.p.i.AbstractProblemLoader Environment load took 201.2ns 
192679     INFO  main            d.u.i.k.p.i.AbstractProblemLoader Creating init config 
195044     DEBUG main            d.u.i.k.p.i.AbstractProblemLoader Init config took 2.36s 
195057     INFO  main            d.u.i.k.p.i.AbstractProblemLoader Replaying proof poly_division0.key 
195059     DEBUG main            d.u.i.k.p.i.IntermediateProofReplayer Proof replay took 6.7ns 
195165     INFO  main            d.u.i.k.p.r.p.TestFile    ... finished proof: closed. 
195476     INFO  main            d.u.i.k.p.i.AbstractProblemLoader Loading environment from /home/runner/work/key/key/key.core/../key.ui/examples/standard_key/arith/poly_division0.key.proof 
195476     DEBUG main            d.u.i.k.p.i.AbstractProblemLoader Environment load took 122.5ns 
195477     INFO  main            d.u.i.k.p.i.AbstractProblemLoader Creating init config 
197794     DEBUG main            d.u.i.k.p.i.AbstractProblemLoader Init config took 2.32s 
197807     INFO  main            d.u.i.k.p.i.AbstractProblemLoader Replaying proof poly_division0.key.proof 
197813     DEBUG main            d.u.i.k.p.i.IntermediateProofReplayer Proof replay took 3.31ms 
197813     DEBUG main            d.u.i.k.p.r.p.TestFile    ... success: reloaded. 
197814     INFO  main            d.u.i.k.p.r.p.TestFile    Now processing file /home/runner/work/key/key/key.core/../key.ui/examples/standard_key/arith/poly_division1.key 
197814     INFO  main            d.u.i.k.p.i.AbstractProblemLoader Loading environment from /home/runner/work/key/key/key.core/../key.ui/examples/standard_key/arith/poly_division1.key 
197814     DEBUG main            d.u.i.k.p.i.AbstractProblemLoader Environment load took 75.3ns 
197815     INFO  main            d.u.i.k.p.i.AbstractProblemLoader Creating init config 
200187     DEBUG main            d.u.i.k.p.i.AbstractProblemLoader Init config took 2.37s 
200200     INFO  main            d.u.i.k.p.i.AbstractProblemLoader Replaying proof poly_division1.key 
200201     DEBUG main            d.u.i.k.p.i.IntermediateProofReplayer Proof replay took 6.1ns 
200303     INFO  main            d.u.i.k.p.r.p.TestFile    ... finished proof: closed. 
200567     INFO  main            d.u.i.k.p.i.AbstractProblemLoader Loading environment from /home/runner/work/key/key/key.core/../key.ui/examples/standard_key/arith/poly_division1.key.proof 
200567     DEBUG main            d.u.i.k.p.i.AbstractProblemLoader Environment load took 117.3ns 
200568     INFO  main            d.u.i.k.p.i.AbstractProblemLoader Creating init config 
202903     DEBUG main            d.u.i.k.p.i.AbstractProblemLoader Init config took 2.34s 
202916     INFO  main            d.u.i.k.p.i.AbstractProblemLoader Replaying proof poly_division1.key.proof 
202921     DEBUG main            d.u.i.k.p.i.IntermediateProofReplayer Proof replay took 2.88ms 
202922     DEBUG main            d.u.i.k.p.r.p.TestFile    ... success: reloaded. 
202922     INFO  main            d.u.i.k.p.r.p.TestFile    Now processing file /home/runner/work/key/key/key.core/../key.ui/examples/standard_key/inEqSimp/division.key 
202922     INFO  main            d.u.i.k.p.i.AbstractProblemLoader Loading environment from /home/runner/work/key/key/key.core/../key.ui/examples/standard_key/inEqSimp/division.key 
202922     DEBUG main            d.u.i.k.p.i.AbstractProblemLoader Environment load took 79.2ns 
202923     INFO  main            d.u.i.k.p.i.AbstractProblemLoader Creating init config 
205318     DEBUG main            d.u.i.k.p.i.AbstractProblemLoader Init config took 2.39s 
205331     INFO  main            d.u.i.k.p.i.AbstractProblemLoader Replaying proof division.key 
205333     DEBUG main            d.u.i.k.p.i.IntermediateProofReplayer Proof replay took 6.9ns 
207270     INFO  main            d.u.i.k.p.r.p.TestFile    ... finished proof: closed. 
207557     INFO  main            d.u.i.k.p.i.AbstractProblemLoader Loading environment from /home/runner/work/key/key/key.core/../key.ui/examples/standard_key/inEqSimp/division.key.proof 
207558     DEBUG main            d.u.i.k.p.i.AbstractProblemLoader Environment load took 820.41ns 
207560     INFO  main            d.u.i.k.p.i.AbstractProblemLoader Creating init config 
209895     DEBUG main            d.u.i.k.p.i.AbstractProblemLoader Init config took 2.33s 
209908     INFO  main            d.u.i.k.p.i.AbstractProblemLoader Replaying proof division.key.proof 
209962     DEBUG main            d.u.i.k.p.i.IntermediateProofReplayer Proof replay took 45.46ms 
209963     DEBUG main            d.u.i.k.p.r.p.TestFile    ... success: reloaded. 
209964     INFO  main            d.u.i.k.p.r.p.TestFile    Now processing file /home/runner/work/key/key/key.core/../key.ui/examples/standard_key/inEqSimp/inequations0.key 
209964     INFO  main            d.u.i.k.p.i.AbstractProblemLoader Loading environment from /home/runner/work/key/key/key.core/../key.ui/examples/standard_key/inEqSimp/inequations0.key 
209965     DEBUG main            d.u.i.k.p.i.AbstractProblemLoader Environment load took 198.2ns 
209966     INFO  main            d.u.i.k.p.i.AbstractProblemLoader Creating init config 
212368     DEBUG main            d.u.i.k.p.i.AbstractProblemLoader Init config took 2.4s 
212382     INFO  main            d.u.i.k.p.i.AbstractProblemLoader Replaying proof inequations0.key 
212383     DEBUG main            d.u.i.k.p.i.IntermediateProofReplayer Proof replay took 42.6ns 
212486     INFO  main            d.u.i.k.p.r.p.TestFile    ... finished proof: closed. 
212792     INFO  main            d.u.i.k.p.i.AbstractProblemLoader Loading environment from /home/runner/work/key/key/key.core/../key.ui/examples/standard_key/inEqSimp/inequations0.key.proof 
212792     DEBUG main            d.u.i.k.p.i.AbstractProblemLoader Environment load took 114.2ns 
212793     INFO  main            d.u.i.k.p.i.AbstractProblemLoader Creating init config 
215117     DEBUG main            d.u.i.k.p.i.AbstractProblemLoader Init config took 2.32s 
215130     INFO  main            d.u.i.k.p.i.AbstractProblemLoader Replaying proof inequations0.key.proof 
215133     DEBUG main            d.u.i.k.p.i.IntermediateProofReplayer Proof replay took 1.71ms 
215134     DEBUG main            d.u.i.k.p.r.p.TestFile    ... success: reloaded. 
215135     INFO  main            d.u.i.k.p.r.p.TestFile    Now processing file /home/runner/work/key/key/key.core/../key.ui/examples/standard_key/inEqSimp/inequations1.key 
215135     INFO  main            d.u.i.k.p.i.AbstractProblemLoader Loading environment from /home/runner/work/key/key/key.core/../key.ui/examples/standard_key/inEqSimp/inequations1.key 
215135     DEBUG main            d.u.i.k.p.i.AbstractProblemLoader Environment load took 186.9ns 
215136     INFO  main            d.u.i.k.p.i.AbstractProblemLoader Creating init config 
217504     DEBUG main            d.u.i.k.p.i.AbstractProblemLoader Init config took 2.37s 
217517     INFO  main            d.u.i.k.p.i.AbstractProblemLoader Replaying proof inequations1.key 
217518     DEBUG main            d.u.i.k.p.i.IntermediateProofReplayer Proof replay took 2.9ns 
217620     INFO  main            d.u.i.k.p.r.p.TestFile    ... finished proof: closed. 
217891     INFO  main            d.u.i.k.p.i.AbstractProblemLoader Loading environment from /home/runner/work/key/key/key.core/../key.ui/examples/standard_key/inEqSimp/inequations1.key.proof 
217891     DEBUG main            d.u.i.k.p.i.AbstractProblemLoader Environment load took 107.6ns 
217892     INFO  main            d.u.i.k.p.i.AbstractProblemLoader Creating init config 
220216     DEBUG main            d.u.i.k.p.i.AbstractProblemLoader Init config took 2.32s 
220228     INFO  main            d.u.i.k.p.i.AbstractProblemLoader Replaying proof inequations1.key.proof 
220231     DEBUG main            d.u.i.k.p.i.IntermediateProofReplayer Proof replay took 833.71ns 
220232     DEBUG main            d.u.i.k.p.r.p.TestFile    ... success: reloaded. 
220232     INFO  main            d.u.i.k.p.r.p.TestFile    Now processing file /home/runner/work/key/key/key.core/../key.ui/examples/standard_key/inEqSimp/inequations2.key 
220232     INFO  main            d.u.i.k.p.i.AbstractProblemLoader Loading environment from /home/runner/work/key/key/key.core/../key.ui/examples/standard_key/inEqSimp/inequations2.key 
220232     DEBUG main            d.u.i.k.p.i.AbstractProblemLoader Environment load took 53.2ns 
220233     INFO  main            d.u.i.k.p.i.AbstractProblemLoader Creating init config 
222616     DEBUG main            d.u.i.k.p.i.AbstractProblemLoader Init config took 2.38s 
222629     INFO  main            d.u.i.k.p.i.AbstractProblemLoader Replaying proof inequations2.key 
222630     DEBUG main            d.u.i.k.p.i.IntermediateProofReplayer Proof replay took 2.8ns 
222733     INFO  main            d.u.i.k.p.r.p.TestFile    ... finished proof: closed. 
223005     INFO  main            d.u.i.k.p.i.AbstractProblemLoader Loading environment from /home/runner/work/key/key/key.core/../key.ui/examples/standard_key/inEqSimp/inequations2.key.proof 
223006     DEBUG main            d.u.i.k.p.i.AbstractProblemLoader Environment load took 101.9ns 
223007     INFO  main            d.u.i.k.p.i.AbstractProblemLoader Creating init config 
225331     DEBUG main            d.u.i.k.p.i.AbstractProblemLoader Init config took 2.32s 
225343     INFO  main            d.u.i.k.p.i.AbstractProblemLoader Replaying proof inequations2.key.proof 
225346     DEBUG main            d.u.i.k.p.i.IntermediateProofReplayer Proof replay took 1.07ms 
225347     DEBUG main            d.u.i.k.p.r.p.TestFile    ... success: reloaded. 
225347     INFO  main            d.u.i.k.p.r.p.TestFile    Now processing file /home/runner/work/key/key/key.core/../key.ui/examples/standard_key/inEqSimp/linApprox.key 
225347     INFO  main            d.u.i.k.p.i.AbstractProblemLoader Loading environment from /home/runner/work/key/key/key.core/../key.ui/examples/standard_key/inEqSimp/linApprox.key 
225348     DEBUG main            d.u.i.k.p.i.AbstractProblemLoader Environment load took 80.8ns 
225348     INFO  main            d.u.i.k.p.i.AbstractProblemLoader Creating init config 
227757     DEBUG main            d.u.i.k.p.i.AbstractProblemLoader Init config took 2.41s 
227771     INFO  main            d.u.i.k.p.i.AbstractProblemLoader Replaying proof linApprox.key 
227773     DEBUG main            d.u.i.k.p.i.IntermediateProofReplayer Proof replay took 3.1ns 
227875     INFO  main            d.u.i.k.p.r.p.TestFile    ... finished proof: closed. 
228162     INFO  main            d.u.i.k.p.i.AbstractProblemLoader Loading environment from /home/runner/work/key/key/key.core/../key.ui/examples/standard_key/inEqSimp/linApprox.key.proof 
228162     DEBUG main            d.u.i.k.p.i.AbstractProblemLoader Environment load took 106.4ns 
228163     INFO  main            d.u.i.k.p.i.AbstractProblemLoader Creating init config 
230476     DEBUG main            d.u.i.k.p.i.AbstractProblemLoader Init config took 2.31s 
230489     INFO  main            d.u.i.k.p.i.AbstractProblemLoader Replaying proof linApprox.key.proof 
230492     DEBUG main            d.u.i.k.p.i.IntermediateProofReplayer Proof replay took 1.34ms 
230494     DEBUG main            d.u.i.k.p.r.p.TestFile    ... success: reloaded. 
230495     INFO  main            d.u.i.k.p.r.p.TestFile    Now processing file /home/runner/work/key/key/key.core/../key.ui/examples/standard_key/inEqSimp/nonLinInEqExample0.key 
230495     INFO  main            d.u.i.k.p.i.AbstractProblemLoader Loading environment from /home/runner/work/key/key/key.core/../key.ui/examples/standard_key/inEqSimp/nonLinInEqExample0.key 
230495     DEBUG main            d.u.i.k.p.i.AbstractProblemLoader Environment load took 53.4ns 
230496     INFO  main            d.u.i.k.p.i.AbstractProblemLoader Creating init config 
232884     DEBUG main            d.u.i.k.p.i.AbstractProblemLoader Init config took 2.39s 
232897     INFO  main            d.u.i.k.p.i.AbstractProblemLoader Replaying proof nonLinInEqExample0.key 
232899     DEBUG main            d.u.i.k.p.i.IntermediateProofReplayer Proof replay took 3.2ns 
233002     INFO  main            d.u.i.k.p.r.p.TestFile    ... finished proof: closed. 
233290     INFO  main            d.u.i.k.p.i.AbstractProblemLoader Loading environment from /home/runner/work/key/key/key.core/../key.ui/examples/standard_key/inEqSimp/nonLinInEqExample0.key.proof 
233290     DEBUG main            d.u.i.k.p.i.AbstractProblemLoader Environment load took 104.8ns 
233291     INFO  main            d.u.i.k.p.i.AbstractProblemLoader Creating init config 
235610     DEBUG main            d.u.i.k.p.i.AbstractProblemLoader Init config took 2.32s 
235622     INFO  main            d.u.i.k.p.i.AbstractProblemLoader Replaying proof nonLinInEqExample0.key.proof 
235624     DEBUG main            d.u.i.k.p.i.IntermediateProofReplayer Proof replay took 548.41ns 
235625     DEBUG main            d.u.i.k.p.r.p.TestFile    ... success: reloaded. 
235626     INFO  main            d.u.i.k.p.r.p.TestFile    Now processing file /home/runner/work/key/key/key.core/../key.ui/examples/standard_key/inEqSimp/nonLinInEqExample2.key 
235626     INFO  main            d.u.i.k.p.i.AbstractProblemLoader Loading environment from /home/runner/work/key/key/key.core/../key.ui/examples/standard_key/inEqSimp/nonLinInEqExample2.key 
235626     DEBUG main            d.u.i.k.p.i.AbstractProblemLoader Environment load took 94.6ns 
235627     INFO  main            d.u.i.k.p.i.AbstractProblemLoader Creating init config 
237976     DEBUG main            d.u.i.k.p.i.AbstractProblemLoader Init config took 2.35s 
237989     INFO  main            d.u.i.k.p.i.AbstractProblemLoader Replaying proof nonLinInEqExample2.key 
237991     DEBUG main            d.u.i.k.p.i.IntermediateProofReplayer Proof replay took 2.9ns 
238294     INFO  main            d.u.i.k.p.r.p.TestFile    ... finished proof: closed. 
238601     INFO  main            d.u.i.k.p.i.AbstractProblemLoader Loading environment from /home/runner/work/key/key/key.core/../key.ui/examples/standard_key/inEqSimp/nonLinInEqExample2.key.proof 
238602     DEBUG main            d.u.i.k.p.i.AbstractProblemLoader Environment load took 424.51ns 
238603     INFO  main            d.u.i.k.p.i.AbstractProblemLoader Creating init config 
240913     DEBUG main            d.u.i.k.p.i.AbstractProblemLoader Init config took 2.31s 
240926     INFO  main            d.u.i.k.p.i.AbstractProblemLoader Replaying proof nonLinInEqExample2.key.proof 
240947     DEBUG main            d.u.i.k.p.i.IntermediateProofReplayer Proof replay took 18.38ms 
240948     DEBUG main            d.u.i.k.p.r.p.TestFile    ... success: reloaded. 
240949     INFO  main            d.u.i.k.p.r.p.TestFile    Now processing file /home/runner/work/key/key/key.core/../key.ui/examples/standard_key/inEqSimp/nonLinInEqExample3.key 
240949     INFO  main            d.u.i.k.p.i.AbstractProblemLoader Loading environment from /home/runner/work/key/key/key.core/../key.ui/examples/standard_key/inEqSimp/nonLinInEqExample3.key 
240950     DEBUG main            d.u.i.k.p.i.AbstractProblemLoader Environment load took 90.6ns 
240950     INFO  main            d.u.i.k.p.i.AbstractProblemLoader Creating init config 
243307     DEBUG main            d.u.i.k.p.i.AbstractProblemLoader Init config took 2.36s 
243319     INFO  main            d.u.i.k.p.i.AbstractProblemLoader Replaying proof nonLinInEqExample3.key 
243321     DEBUG main            d.u.i.k.p.i.IntermediateProofReplayer Proof replay took 2.3ns 
243525     INFO  main            d.u.i.k.p.r.p.TestFile    ... finished proof: closed. 
243837     INFO  main            d.u.i.k.p.i.AbstractProblemLoader Loading environment from /home/runner/work/key/key/key.core/../key.ui/examples/standard_key/inEqSimp/nonLinInEqExample3.key.proof 
243837     DEBUG main            d.u.i.k.p.i.AbstractProblemLoader Environment load took 105.2ns 
243838     INFO  main            d.u.i.k.p.i.AbstractProblemLoader Creating init config 
246150     DEBUG main            d.u.i.k.p.i.AbstractProblemLoader Init config took 2.31s 
246163     INFO  main            d.u.i.k.p.i.AbstractProblemLoader Replaying proof nonLinInEqExample3.key.proof 
246176     DEBUG main            d.u.i.k.p.i.IntermediateProofReplayer Proof replay took 10.76ms 
246177     DEBUG main            d.u.i.k.p.r.p.TestFile    ... success: reloaded. 
246178     INFO  main            d.u.i.k.p.r.p.TestFile    Now processing file /home/runner/work/key/key/key.core/../key.ui/examples/standard_key/inEqSimp/nonLinInEqExample4.key 
246178     INFO  main            d.u.i.k.p.i.AbstractProblemLoader Loading environment from /home/runner/work/key/key/key.core/../key.ui/examples/standard_key/inEqSimp/nonLinInEqExample4.key 
246178     DEBUG main            d.u.i.k.p.i.AbstractProblemLoader Environment load took 66ns 
246179     INFO  main            d.u.i.k.p.i.AbstractProblemLoader Creating init config 
248527     DEBUG main            d.u.i.k.p.i.AbstractProblemLoader Init config took 2.35s 
248539     INFO  main            d.u.i.k.p.i.AbstractProblemLoader Replaying proof nonLinInEqExample4.key 
248541     DEBUG main            d.u.i.k.p.i.IntermediateProofReplayer Proof replay took 2.7ns 
248645     INFO  main            d.u.i.k.p.r.p.TestFile    ... finished proof: closed. 
248943     INFO  main            d.u.i.k.p.i.AbstractProblemLoader Loading environment from /home/runner/work/key/key/key.core/../key.ui/examples/standard_key/inEqSimp/nonLinInEqExample4.key.proof 
248943     DEBUG main            d.u.i.k.p.i.AbstractProblemLoader Environment load took 105.1ns 
248944     INFO  main            d.u.i.k.p.i.AbstractProblemLoader Creating init config 
251261     DEBUG main            d.u.i.k.p.i.AbstractProblemLoader Init config took 2.32s 
251274     INFO  main            d.u.i.k.p.i.AbstractProblemLoader Replaying proof nonLinInEqExample4.key.proof 
251278     DEBUG main            d.u.i.k.p.i.IntermediateProofReplayer Proof replay took 2.64ms 
251279     DEBUG main            d.u.i.k.p.r.p.TestFile    ... success: reloaded. 
251280     INFO  main            d.u.i.k.p.r.p.TestFile    Now processing file /home/runner/work/key/key/key.core/../key.ui/examples/standard_key/inEqSimp/quadraticInEq.key 
251280     INFO  main            d.u.i.k.p.i.AbstractProblemLoader Loading environment from /home/runner/work/key/key/key.core/../key.ui/examples/standard_key/inEqSimp/quadraticInEq.key 
251280     DEBUG main            d.u.i.k.p.i.AbstractProblemLoader Environment load took 86.4ns 
251281     INFO  main            d.u.i.k.p.i.AbstractProblemLoader Creating init config 
253634     DEBUG main            d.u.i.k.p.i.AbstractProblemLoader Init config took 2.35s 
253647     INFO  main            d.u.i.k.p.i.AbstractProblemLoader Replaying proof quadraticInEq.key 
253649     DEBUG main            d.u.i.k.p.i.IntermediateProofReplayer Proof replay took 3.2ns 
253952     INFO  main            d.u.i.k.p.r.p.TestFile    ... finished proof: closed. 
254260     INFO  main            d.u.i.k.p.i.AbstractProblemLoader Loading environment from /home/runner/work/key/key/key.core/../key.ui/examples/standard_key/inEqSimp/quadraticInEq.key.proof 
254260     DEBUG main            d.u.i.k.p.i.AbstractProblemLoader Environment load took 108.6ns 
254261     INFO  main            d.u.i.k.p.i.AbstractProblemLoader Creating init config 
256575     DEBUG main            d.u.i.k.p.i.AbstractProblemLoader Init config took 2.31s 
256588     INFO  main            d.u.i.k.p.i.AbstractProblemLoader Replaying proof quadraticInEq.key.proof 
256617     DEBUG main            d.u.i.k.p.i.IntermediateProofReplayer Proof replay took 25.1ms 
256618     DEBUG main            d.u.i.k.p.r.p.TestFile    ... success: reloaded. 
256619     INFO  main            d.u.i.k.p.r.p.TestFile    Now processing file /home/runner/work/key/key/key.core/../key.ui/examples/standard_key/inEqSimp/quadraticInEq10.key 
256619     INFO  main            d.u.i.k.p.i.AbstractProblemLoader Loading environment from /home/runner/work/key/key/key.core/../key.ui/examples/standard_key/inEqSimp/quadraticInEq10.key 
256620     DEBUG main            d.u.i.k.p.i.AbstractProblemLoader Environment load took 87.7ns 
256621     INFO  main            d.u.i.k.p.i.AbstractProblemLoader Creating init config 
258991     DEBUG main            d.u.i.k.p.i.AbstractProblemLoader Init config took 2.37s 
259004     INFO  main            d.u.i.k.p.i.AbstractProblemLoader Replaying proof quadraticInEq10.key 
259006     DEBUG main            d.u.i.k.p.i.IntermediateProofReplayer Proof replay took 3.6ns 
259208     INFO  main            d.u.i.k.p.r.p.TestFile    ... finished proof: closed. 
259525     INFO  main            d.u.i.k.p.i.AbstractProblemLoader Loading environment from /home/runner/work/key/key/key.core/../key.ui/examples/standard_key/inEqSimp/quadraticInEq10.key.proof 
259525     DEBUG main            d.u.i.k.p.i.AbstractProblemLoader Environment load took 102.8ns 
259527     INFO  main            d.u.i.k.p.i.AbstractProblemLoader Creating init config 
261837     DEBUG main            d.u.i.k.p.i.AbstractProblemLoader Init config took 2.31s 
261849     INFO  main            d.u.i.k.p.i.AbstractProblemLoader Replaying proof quadraticInEq10.key.proof 
261859     DEBUG main            d.u.i.k.p.i.IntermediateProofReplayer Proof replay took 7.2ms 
261860     DEBUG main            d.u.i.k.p.r.p.TestFile    ... success: reloaded. 
261861     INFO  main            d.u.i.k.p.r.p.TestFile    Now processing file /home/runner/work/key/key/key.core/../key.ui/examples/standard_key/inEqSimp/quadraticInEq13.key 
261861     INFO  main            d.u.i.k.p.i.AbstractProblemLoader Loading environment from /home/runner/work/key/key/key.core/../key.ui/examples/standard_key/inEqSimp/quadraticInEq13.key 
261861     DEBUG main            d.u.i.k.p.i.AbstractProblemLoader Environment load took 50.5ns 
261862     INFO  main            d.u.i.k.p.i.AbstractProblemLoader Creating init config 
264219     DEBUG main            d.u.i.k.p.i.AbstractProblemLoader Init config took 2.36s 
264232     INFO  main            d.u.i.k.p.i.AbstractProblemLoader Replaying proof quadraticInEq13.key 
264234     DEBUG main            d.u.i.k.p.i.IntermediateProofReplayer Proof replay took 2.9ns 
264436     INFO  main            d.u.i.k.p.r.p.TestFile    ... finished proof: closed. 
264786     INFO  main            d.u.i.k.p.i.AbstractProblemLoader Loading environment from /home/runner/work/key/key/key.core/../key.ui/examples/standard_key/inEqSimp/quadraticInEq13.key.proof 
264786     DEBUG main            d.u.i.k.p.i.AbstractProblemLoader Environment load took 100.9ns 
264787     INFO  main            d.u.i.k.p.i.AbstractProblemLoader Creating init config 
267130     DEBUG main            d.u.i.k.p.i.AbstractProblemLoader Init config took 2.34s 
267143     INFO  main            d.u.i.k.p.i.AbstractProblemLoader Replaying proof quadraticInEq13.key.proof 
267154     DEBUG main            d.u.i.k.p.i.IntermediateProofReplayer Proof replay took 8.32ms 
267155     DEBUG main            d.u.i.k.p.r.p.TestFile    ... success: reloaded. 
267155     INFO  main            d.u.i.k.p.r.p.TestFile    Now processing file /home/runner/work/key/key/key.core/../key.ui/examples/standard_key/inEqSimp/quadraticInEq14.key 
267156     INFO  main            d.u.i.k.p.i.AbstractProblemLoader Loading environment from /home/runner/work/key/key/key.core/../key.ui/examples/standard_key/inEqSimp/quadraticInEq14.key 
267156     DEBUG main            d.u.i.k.p.i.AbstractProblemLoader Environment load took 50.6ns 
267156     INFO  main            d.u.i.k.p.i.AbstractProblemLoader Creating init config 
269518     DEBUG main            d.u.i.k.p.i.AbstractProblemLoader Init config took 2.36s 
269530     INFO  main            d.u.i.k.p.i.AbstractProblemLoader Replaying proof quadraticInEq14.key 
269532     DEBUG main            d.u.i.k.p.i.IntermediateProofReplayer Proof replay took 3.3ns 
269834     INFO  main            d.u.i.k.p.r.p.TestFile    ... finished proof: closed. 
270182     INFO  main            d.u.i.k.p.i.AbstractProblemLoader Loading environment from /home/runner/work/key/key/key.core/../key.ui/examples/standard_key/inEqSimp/quadraticInEq14.key.proof 
270182     DEBUG main            d.u.i.k.p.i.AbstractProblemLoader Environment load took 100.5ns 
270183     INFO  main            d.u.i.k.p.i.AbstractProblemLoader Creating init config 
272498     DEBUG main            d.u.i.k.p.i.AbstractProblemLoader Init config took 2.32s 
272511     INFO  main            d.u.i.k.p.i.AbstractProblemLoader Replaying proof quadraticInEq14.key.proof 
272524     DEBUG main            d.u.i.k.p.i.IntermediateProofReplayer Proof replay took 10.52ms 
272525     DEBUG main            d.u.i.k.p.r.p.TestFile    ... success: reloaded. 
272525     INFO  main            d.u.i.k.p.r.p.TestFile    Now processing file /home/runner/work/key/key/key.core/../key.ui/examples/standard_key/inEqSimp/quadraticInEq2.key 
272526     INFO  main            d.u.i.k.p.i.AbstractProblemLoader Loading environment from /home/runner/work/key/key/key.core/../key.ui/examples/standard_key/inEqSimp/quadraticInEq2.key 
272526     DEBUG main            d.u.i.k.p.i.AbstractProblemLoader Environment load took 75.9ns 
272526     INFO  main            d.u.i.k.p.i.AbstractProblemLoader Creating init config 
274884     DEBUG main            d.u.i.k.p.i.AbstractProblemLoader Init config took 2.36s 
274897     INFO  main            d.u.i.k.p.i.AbstractProblemLoader Replaying proof quadraticInEq2.key 
274898     DEBUG main            d.u.i.k.p.i.IntermediateProofReplayer Proof replay took 2.7ns 
275001     INFO  main            d.u.i.k.p.r.p.TestFile    ... finished proof: closed. 
275350     INFO  main            d.u.i.k.p.i.AbstractProblemLoader Loading environment from /home/runner/work/key/key/key.core/../key.ui/examples/standard_key/inEqSimp/quadraticInEq2.key.proof 
275350     DEBUG main            d.u.i.k.p.i.AbstractProblemLoader Environment load took 100ns 
275351     INFO  main            d.u.i.k.p.i.AbstractProblemLoader Creating init config 
277689     DEBUG main            d.u.i.k.p.i.AbstractProblemLoader Init config took 2.34s 
277701     INFO  main            d.u.i.k.p.i.AbstractProblemLoader Replaying proof quadraticInEq2.key.proof 
277705     DEBUG main            d.u.i.k.p.i.IntermediateProofReplayer Proof replay took 1.83ms 
277706     DEBUG main            d.u.i.k.p.r.p.TestFile    ... success: reloaded. 
277706     INFO  main            d.u.i.k.p.r.p.TestFile    Now processing file /home/runner/work/key/key/key.core/../key.ui/examples/standard_key/inEqSimp/quadraticInEq3.key 
277706     INFO  main            d.u.i.k.p.i.AbstractProblemLoader Loading environment from /home/runner/work/key/key/key.core/../key.ui/examples/standard_key/inEqSimp/quadraticInEq3.key 
277706     DEBUG main            d.u.i.k.p.i.AbstractProblemLoader Environment load took 52.3ns 
277707     INFO  main            d.u.i.k.p.i.AbstractProblemLoader Creating init config 
280060     DEBUG main            d.u.i.k.p.i.AbstractProblemLoader Init config took 2.35s 
280072     INFO  main            d.u.i.k.p.i.AbstractProblemLoader Replaying proof quadraticInEq3.key 
280074     DEBUG main            d.u.i.k.p.i.IntermediateProofReplayer Proof replay took 3ns 
280176     INFO  main            d.u.i.k.p.r.p.TestFile    ... finished proof: closed. 
280520     INFO  main            d.u.i.k.p.i.AbstractProblemLoader Loading environment from /home/runner/work/key/key/key.core/../key.ui/examples/standard_key/inEqSimp/quadraticInEq3.key.proof 
280520     DEBUG main            d.u.i.k.p.i.AbstractProblemLoader Environment load took 119ns 
280521     INFO  main            d.u.i.k.p.i.AbstractProblemLoader Creating init config 
282835     DEBUG main            d.u.i.k.p.i.AbstractProblemLoader Init config took 2.31s 
282847     INFO  main            d.u.i.k.p.i.AbstractProblemLoader Replaying proof quadraticInEq3.key.proof 
282853     DEBUG main            d.u.i.k.p.i.IntermediateProofReplayer Proof replay took 4.2ms 
282855     DEBUG main            d.u.i.k.p.r.p.TestFile    ... success: reloaded. 
282856     INFO  main            d.u.i.k.p.r.p.TestFile    Now processing file /home/runner/work/key/key/key.core/../key.ui/examples/standard_key/inEqSimp/quadraticInEq4.key 
282856     INFO  main            d.u.i.k.p.i.AbstractProblemLoader Loading environment from /home/runner/work/key/key/key.core/../key.ui/examples/standard_key/inEqSimp/quadraticInEq4.key 
282856     DEBUG main            d.u.i.k.p.i.AbstractProblemLoader Environment load took 160.3ns 
282857     INFO  main            d.u.i.k.p.i.AbstractProblemLoader Creating init config 
285208     DEBUG main            d.u.i.k.p.i.AbstractProblemLoader Init config took 2.35s 
285221     INFO  main            d.u.i.k.p.i.AbstractProblemLoader Replaying proof quadraticInEq4.key 
285223     DEBUG main            d.u.i.k.p.i.IntermediateProofReplayer Proof replay took 3.2ns 
285326     INFO  main            d.u.i.k.p.r.p.TestFile    ... finished proof: closed. 
285679     INFO  main            d.u.i.k.p.i.AbstractProblemLoader Loading environment from /home/runner/work/key/key/key.core/../key.ui/examples/standard_key/inEqSimp/quadraticInEq4.key.proof 
285679     DEBUG main            d.u.i.k.p.i.AbstractProblemLoader Environment load took 94.4ns 
285680     INFO  main            d.u.i.k.p.i.AbstractProblemLoader Creating init config 
288001     DEBUG main            d.u.i.k.p.i.AbstractProblemLoader Init config took 2.32s 
288014     INFO  main            d.u.i.k.p.i.AbstractProblemLoader Replaying proof quadraticInEq4.key.proof 
288018     DEBUG main            d.u.i.k.p.i.IntermediateProofReplayer Proof replay took 2.4ms 
288018     DEBUG main            d.u.i.k.p.r.p.TestFile    ... success: reloaded. 
288019     INFO  main            d.u.i.k.p.r.p.TestFile    Now processing file /home/runner/work/key/key/key.core/../key.ui/examples/standard_key/inEqSimp/quadraticInEq5.key 
288019     INFO  main            d.u.i.k.p.i.AbstractProblemLoader Loading environment from /home/runner/work/key/key/key.core/../key.ui/examples/standard_key/inEqSimp/quadraticInEq5.key 
288019     DEBUG main            d.u.i.k.p.i.AbstractProblemLoader Environment load took 112.6ns 
288020     INFO  main            d.u.i.k.p.i.AbstractProblemLoader Creating init config 
290414     DEBUG main            d.u.i.k.p.i.AbstractProblemLoader Init config took 2.39s 
290427     INFO  main            d.u.i.k.p.i.AbstractProblemLoader Replaying proof quadraticInEq5.key 
290429     DEBUG main            d.u.i.k.p.i.IntermediateProofReplayer Proof replay took 3.2ns 
290531     INFO  main            d.u.i.k.p.r.p.TestFile    ... finished proof: closed. 
290887     INFO  main            d.u.i.k.p.i.AbstractProblemLoader Loading environment from /home/runner/work/key/key/key.core/../key.ui/examples/standard_key/inEqSimp/quadraticInEq5.key.proof 
290887     DEBUG main            d.u.i.k.p.i.AbstractProblemLoader Environment load took 91.5ns 
290888     INFO  main            d.u.i.k.p.i.AbstractProblemLoader Creating init config 
293201     DEBUG main            d.u.i.k.p.i.AbstractProblemLoader Init config took 2.31s 
293214     INFO  main            d.u.i.k.p.i.AbstractProblemLoader Replaying proof quadraticInEq5.key.proof 
293218     DEBUG main            d.u.i.k.p.i.IntermediateProofReplayer Proof replay took 2.52ms 
293219     DEBUG main            d.u.i.k.p.r.p.TestFile    ... success: reloaded. 
293219     INFO  main            d.u.i.k.p.r.p.TestFile    Now processing file /home/runner/work/key/key/key.core/../key.ui/examples/standard_key/inEqSimp/quadraticInEq6.key 
293220     INFO  main            d.u.i.k.p.i.AbstractProblemLoader Loading environment from /home/runner/work/key/key/key.core/../key.ui/examples/standard_key/inEqSimp/quadraticInEq6.key 
293220     DEBUG main            d.u.i.k.p.i.AbstractProblemLoader Environment load took 103.3ns 
293220     INFO  main            d.u.i.k.p.i.AbstractProblemLoader Creating init config 
295617     DEBUG main            d.u.i.k.p.i.AbstractProblemLoader Init config took 2.4s 
295629     INFO  main            d.u.i.k.p.i.AbstractProblemLoader Replaying proof quadraticInEq6.key 
295631     DEBUG main            d.u.i.k.p.i.IntermediateProofReplayer Proof replay took 3ns 
295732     INFO  main            d.u.i.k.p.r.p.TestFile    ... finished proof: closed. 
296078     INFO  main            d.u.i.k.p.i.AbstractProblemLoader Loading environment from /home/runner/work/key/key/key.core/../key.ui/examples/standard_key/inEqSimp/quadraticInEq6.key.proof 
296078     DEBUG main            d.u.i.k.p.i.AbstractProblemLoader Environment load took 95.1ns 
296079     INFO  main            d.u.i.k.p.i.AbstractProblemLoader Creating init config 
298368     DEBUG main            d.u.i.k.p.i.AbstractProblemLoader Init config took 2.29s 
298380     INFO  main            d.u.i.k.p.i.AbstractProblemLoader Replaying proof quadraticInEq6.key.proof 
298385     DEBUG main            d.u.i.k.p.i.IntermediateProofReplayer Proof replay took 3.06ms 
298386     DEBUG main            d.u.i.k.p.r.p.TestFile    ... success: reloaded. 
298386     INFO  main            d.u.i.k.p.r.p.TestFile    Now processing file /home/runner/work/key/key/key.core/../key.ui/examples/standard_key/inEqSimp/quadraticInEq7.key 
298387     INFO  main            d.u.i.k.p.i.AbstractProblemLoader Loading environment from /home/runner/work/key/key/key.core/../key.ui/examples/standard_key/inEqSimp/quadraticInEq7.key 
298387     DEBUG main            d.u.i.k.p.i.AbstractProblemLoader Environment load took 122.9ns 
298387     INFO  main            d.u.i.k.p.i.AbstractProblemLoader Creating init config 
300713     DEBUG main            d.u.i.k.p.i.AbstractProblemLoader Init config took 2.33s 
300726     INFO  main            d.u.i.k.p.i.AbstractProblemLoader Replaying proof quadraticInEq7.key 
300727     DEBUG main            d.u.i.k.p.i.IntermediateProofReplayer Proof replay took 2.6ns 
300831     INFO  main            d.u.i.k.p.r.p.TestFile    ... finished proof: closed. 
301180     INFO  main            d.u.i.k.p.i.AbstractProblemLoader Loading environment from /home/runner/work/key/key/key.core/../key.ui/examples/standard_key/inEqSimp/quadraticInEq7.key.proof 
301181     DEBUG main            d.u.i.k.p.i.AbstractProblemLoader Environment load took 92.9ns 
301181     INFO  main            d.u.i.k.p.i.AbstractProblemLoader Creating init config 
303476     DEBUG main            d.u.i.k.p.i.AbstractProblemLoader Init config took 2.29s 
303489     INFO  main            d.u.i.k.p.i.AbstractProblemLoader Replaying proof quadraticInEq7.key.proof 
303491     DEBUG main            d.u.i.k.p.i.IntermediateProofReplayer Proof replay took 1.33ms 
303492     DEBUG main            d.u.i.k.p.r.p.TestFile    ... success: reloaded. 
303493     INFO  main            d.u.i.k.p.r.p.TestFile    Now processing file /home/runner/work/key/key/key.core/../key.ui/examples/standard_key/inEqSimp/quadraticInEq8.key 
303493     INFO  main            d.u.i.k.p.i.AbstractProblemLoader Loading environment from /home/runner/work/key/key/key.core/../key.ui/examples/standard_key/inEqSimp/quadraticInEq8.key 
303493     DEBUG main            d.u.i.k.p.i.AbstractProblemLoader Environment load took 74.9ns 
303494     INFO  main            d.u.i.k.p.i.AbstractProblemLoader Creating init config 
305835     DEBUG main            d.u.i.k.p.i.AbstractProblemLoader Init config took 2.34s 
305848     INFO  main            d.u.i.k.p.i.AbstractProblemLoader Replaying proof quadraticInEq8.key 
305850     DEBUG main            d.u.i.k.p.i.IntermediateProofReplayer Proof replay took 2.7ns 
305953     INFO  main            d.u.i.k.p.r.p.TestFile    ... finished proof: closed. 
306310     INFO  main            d.u.i.k.p.i.AbstractProblemLoader Loading environment from /home/runner/work/key/key/key.core/../key.ui/examples/standard_key/inEqSimp/quadraticInEq8.key.proof 
306310     DEBUG main            d.u.i.k.p.i.AbstractProblemLoader Environment load took 90.2ns 
306311     INFO  main            d.u.i.k.p.i.AbstractProblemLoader Creating init config 
308605     DEBUG main            d.u.i.k.p.i.AbstractProblemLoader Init config took 2.29s 
308618     INFO  main            d.u.i.k.p.i.AbstractProblemLoader Replaying proof quadraticInEq8.key.proof 
308623     DEBUG main            d.u.i.k.p.i.IntermediateProofReplayer Proof replay took 3.7ms 
308624     DEBUG main            d.u.i.k.p.r.p.TestFile    ... success: reloaded. 
308625     INFO  main            d.u.i.k.p.r.p.TestFile    Now processing file /home/runner/work/key/key/key.core/../key.ui/examples/standard_key/inEqSimp/simplify0.key 
308625     INFO  main            d.u.i.k.p.i.AbstractProblemLoader Loading environment from /home/runner/work/key/key/key.core/../key.ui/examples/standard_key/inEqSimp/simplify0.key 
308625     DEBUG main            d.u.i.k.p.i.AbstractProblemLoader Environment load took 88ns 
308626     INFO  main            d.u.i.k.p.i.AbstractProblemLoader Creating init config 
310963     DEBUG main            d.u.i.k.p.i.AbstractProblemLoader Init config took 2.34s 
310976     INFO  main            d.u.i.k.p.i.AbstractProblemLoader Replaying proof simplify0.key 
310977     DEBUG main            d.u.i.k.p.i.IntermediateProofReplayer Proof replay took 2.6ns 
311079     INFO  main            d.u.i.k.p.r.p.TestFile    ... finished proof: closed. 
311442     INFO  main            d.u.i.k.p.i.AbstractProblemLoader Loading environment from /home/runner/work/key/key/key.core/../key.ui/examples/standard_key/inEqSimp/simplify0.key.proof 
311442     DEBUG main            d.u.i.k.p.i.AbstractProblemLoader Environment load took 96.2ns 
311443     INFO  main            d.u.i.k.p.i.AbstractProblemLoader Creating init config 
313736     DEBUG main            d.u.i.k.p.i.AbstractProblemLoader Init config took 2.29s 
313749     INFO  main            d.u.i.k.p.i.AbstractProblemLoader Replaying proof simplify0.key.proof 
313751     DEBUG main            d.u.i.k.p.i.IntermediateProofReplayer Proof replay took 697.21ns 
313752     DEBUG main            d.u.i.k.p.r.p.TestFile    ... success: reloaded. 
313752     INFO  main            d.u.i.k.p.r.p.TestFile    Now processing file /home/runner/work/key/key/key.core/../key.ui/examples/standard_key/inEqSimp/simplify1.key 
313752     INFO  main            d.u.i.k.p.i.AbstractProblemLoader Loading environment from /home/runner/work/key/key/key.core/../key.ui/examples/standard_key/inEqSimp/simplify1.key 
313752     DEBUG main            d.u.i.k.p.i.AbstractProblemLoader Environment load took 82.7ns 
313753     INFO  main            d.u.i.k.p.i.AbstractProblemLoader Creating init config 
316098     DEBUG main            d.u.i.k.p.i.AbstractProblemLoader Init config took 2.34s 
316110     INFO  main            d.u.i.k.p.i.AbstractProblemLoader Replaying proof simplify1.key 
316111     DEBUG main            d.u.i.k.p.i.IntermediateProofReplayer Proof replay took 2.9ns 
316214     INFO  main            d.u.i.k.p.r.p.TestFile    ... finished proof: closed. 
316587     INFO  main            d.u.i.k.p.i.AbstractProblemLoader Loading environment from /home/runner/work/key/key/key.core/../key.ui/examples/standard_key/inEqSimp/simplify1.key.proof 
316587     DEBUG main            d.u.i.k.p.i.AbstractProblemLoader Environment load took 91.6ns 
316588     INFO  main            d.u.i.k.p.i.AbstractProblemLoader Creating init config 
318879     DEBUG main            d.u.i.k.p.i.AbstractProblemLoader Init config took 2.29s 
318891     INFO  main            d.u.i.k.p.i.AbstractProblemLoader Replaying proof simplify1.key.proof 
318893     DEBUG main            d.u.i.k.p.i.IntermediateProofReplayer Proof replay took 793.61ns 
318894     DEBUG main            d.u.i.k.p.r.p.TestFile    ... success: reloaded. 
318894     INFO  main            d.u.i.k.p.r.p.TestFile    Now processing file /home/runner/work/key/key/key.core/../key.ui/examples/standard_key/inEqSimp/simplify2.key 
318895     INFO  main            d.u.i.k.p.i.AbstractProblemLoader Loading environment from /home/runner/work/key/key/key.core/../key.ui/examples/standard_key/inEqSimp/simplify2.key 
318895     DEBUG main            d.u.i.k.p.i.AbstractProblemLoader Environment load took 47ns 
318895     INFO  main            d.u.i.k.p.i.AbstractProblemLoader Creating init config 
321237     DEBUG main            d.u.i.k.p.i.AbstractProblemLoader Init config took 2.34s 
321249     INFO  main            d.u.i.k.p.i.AbstractProblemLoader Replaying proof simplify2.key 
321250     DEBUG main            d.u.i.k.p.i.IntermediateProofReplayer Proof replay took 3ns 
321352     INFO  main            d.u.i.k.p.r.p.TestFile    ... finished proof: closed. 
321730     INFO  main            d.u.i.k.p.i.AbstractProblemLoader Loading environment from /home/runner/work/key/key/key.core/../key.ui/examples/standard_key/inEqSimp/simplify2.key.proof 
321730     DEBUG main            d.u.i.k.p.i.AbstractProblemLoader Environment load took 92.1ns 
321731     INFO  main            d.u.i.k.p.i.AbstractProblemLoader Creating init config 
324022     DEBUG main            d.u.i.k.p.i.AbstractProblemLoader Init config took 2.29s 
324034     INFO  main            d.u.i.k.p.i.AbstractProblemLoader Replaying proof simplify2.key.proof 
324042     DEBUG main            d.u.i.k.p.i.IntermediateProofReplayer Proof replay took 5.69ms 
324043     DEBUG main            d.u.i.k.p.r.p.TestFile    ... success: reloaded. 
324043     INFO  main            d.u.i.k.p.r.p.TestFile    Now processing file /home/runner/work/key/key/key.core/../key.ui/examples/standard_key/inEqSimp/simplify3.key 
324044     INFO  main            d.u.i.k.p.i.AbstractProblemLoader Loading environment from /home/runner/work/key/key/key.core/../key.ui/examples/standard_key/inEqSimp/simplify3.key 
324044     DEBUG main            d.u.i.k.p.i.AbstractProblemLoader Environment load took 82.5ns 
324044     INFO  main            d.u.i.k.p.i.AbstractProblemLoader Creating init config 
326378     DEBUG main            d.u.i.k.p.i.AbstractProblemLoader Init config took 2.33s 
326390     INFO  main            d.u.i.k.p.i.AbstractProblemLoader Replaying proof simplify3.key 
326391     DEBUG main            d.u.i.k.p.i.IntermediateProofReplayer Proof replay took 2.6ns 
326493     INFO  main            d.u.i.k.p.r.p.TestFile    ... finished proof: closed. 
326871     INFO  main            d.u.i.k.p.i.AbstractProblemLoader Loading environment from /home/runner/work/key/key/key.core/../key.ui/examples/standard_key/inEqSimp/simplify3.key.proof 
326871     DEBUG main            d.u.i.k.p.i.AbstractProblemLoader Environment load took 88.6ns 
326872     INFO  main            d.u.i.k.p.i.AbstractProblemLoader Creating init config 
329177     DEBUG main            d.u.i.k.p.i.AbstractProblemLoader Init config took 2.3s 
329189     INFO  main            d.u.i.k.p.i.AbstractProblemLoader Replaying proof simplify3.key.proof 
329192     DEBUG main            d.u.i.k.p.i.IntermediateProofReplayer Proof replay took 1.44ms 
329193     DEBUG main            d.u.i.k.p.r.p.TestFile    ... success: reloaded. 
329193     INFO  main            d.u.i.k.p.r.p.TestFile    Now processing file /home/runner/work/key/key/key.core/../key.ui/examples/standard_key/inEqSimp/simplify4.key 
329193     INFO  main            d.u.i.k.p.i.AbstractProblemLoader Loading environment from /home/runner/work/key/key/key.core/../key.ui/examples/standard_key/inEqSimp/simplify4.key 
329193     DEBUG main            d.u.i.k.p.i.AbstractProblemLoader Environment load took 77.1ns 
329194     INFO  main            d.u.i.k.p.i.AbstractProblemLoader Creating init config 
331537     DEBUG main            d.u.i.k.p.i.AbstractProblemLoader Init config took 2.34s 
331550     INFO  main            d.u.i.k.p.i.AbstractProblemLoader Replaying proof simplify4.key 
331551     DEBUG main            d.u.i.k.p.i.IntermediateProofReplayer Proof replay took 2.7ns 
331654     INFO  main            d.u.i.k.p.r.p.TestFile    ... finished proof: closed. 
332052     INFO  main            d.u.i.k.p.i.AbstractProblemLoader Loading environment from /home/runner/work/key/key/key.core/../key.ui/examples/standard_key/inEqSimp/simplify4.key.proof 
332053     DEBUG main            d.u.i.k.p.i.AbstractProblemLoader Environment load took 88.9ns 
332054     INFO  main            d.u.i.k.p.i.AbstractProblemLoader Creating init config 
334350     DEBUG main            d.u.i.k.p.i.AbstractProblemLoader Init config took 2.3s 
334363     INFO  main            d.u.i.k.p.i.AbstractProblemLoader Replaying proof simplify4.key.proof 
334369     DEBUG main            d.u.i.k.p.i.IntermediateProofReplayer Proof replay took 4.58ms 
334370     DEBUG main            d.u.i.k.p.r.p.TestFile    ... success: reloaded. 
334371     INFO  main            d.u.i.k.p.r.p.TestFile    Now processing file /home/runner/work/key/key/key.core/../key.ui/examples/standard_key/inEqSimp/simplify5.key 
334371     INFO  main            d.u.i.k.p.i.AbstractProblemLoader Loading environment from /home/runner/work/key/key/key.core/../key.ui/examples/standard_key/inEqSimp/simplify5.key 
334371     DEBUG main            d.u.i.k.p.i.AbstractProblemLoader Environment load took 90.9ns 
334372     INFO  main            d.u.i.k.p.i.AbstractProblemLoader Creating init config 
336717     DEBUG main            d.u.i.k.p.i.AbstractProblemLoader Init config took 2.34s 
336729     INFO  main            d.u.i.k.p.i.AbstractProblemLoader Replaying proof simplify5.key 
336731     DEBUG main            d.u.i.k.p.i.IntermediateProofReplayer Proof replay took 2.5ns 
337235     INFO  main            d.u.i.k.p.r.p.TestFile    ... finished proof: closed. 
337656     INFO  main            d.u.i.k.p.i.AbstractProblemLoader Loading environment from /home/runner/work/key/key/key.core/../key.ui/examples/standard_key/inEqSimp/simplify5.key.proof 
337656     DEBUG main            d.u.i.k.p.i.AbstractProblemLoader Environment load took 93.5ns 
337658     INFO  main            d.u.i.k.p.i.AbstractProblemLoader Creating init config 
339959     DEBUG main            d.u.i.k.p.i.AbstractProblemLoader Init config took 2.3s 
339974     INFO  main            d.u.i.k.p.i.AbstractProblemLoader Replaying proof simplify5.key.proof 
340014     DEBUG main            d.u.i.k.p.i.IntermediateProofReplayer Proof replay took 34.35ms 
340015     DEBUG main            d.u.i.k.p.r.p.TestFile    ... success: reloaded. 
340016     INFO  main            d.u.i.k.p.r.p.TestFile    Now processing file /home/runner/work/key/key/key.core/../key.ui/examples/standard_key/inEqSimp/subsumptionExample.key 
340016     INFO  main            d.u.i.k.p.i.AbstractProblemLoader Loading environment from /home/runner/work/key/key/key.core/../key.ui/examples/standard_key/inEqSimp/subsumptionExample.key 
340017     DEBUG main            d.u.i.k.p.i.AbstractProblemLoader Environment load took 193.9ns 
340017     INFO  main            d.u.i.k.p.i.AbstractProblemLoader Creating init config 
342361     DEBUG main            d.u.i.k.p.i.AbstractProblemLoader Init config took 2.34s 
342373     INFO  main            d.u.i.k.p.i.AbstractProblemLoader Replaying proof subsumptionExample.key 
342374     DEBUG main            d.u.i.k.p.i.IntermediateProofReplayer Proof replay took 2.7ns 
342476     INFO  main            d.u.i.k.p.r.p.TestFile    ... finished proof: closed. 
342887     INFO  main            d.u.i.k.p.i.AbstractProblemLoader Loading environment from /home/runner/work/key/key/key.core/../key.ui/examples/standard_key/inEqSimp/subsumptionExample.key.proof 
342887     DEBUG main            d.u.i.k.p.i.AbstractProblemLoader Environment load took 92.5ns 
342888     INFO  main            d.u.i.k.p.i.AbstractProblemLoader Creating init config 
345182     DEBUG main            d.u.i.k.p.i.AbstractProblemLoader Init config took 2.29s 
345194     INFO  main            d.u.i.k.p.i.AbstractProblemLoader Replaying proof subsumptionExample.key.proof 
345196     DEBUG main            d.u.i.k.p.i.IntermediateProofReplayer Proof replay took 656.21ns 
345197     DEBUG main            d.u.i.k.p.r.p.TestFile    ... success: reloaded. 
345197     INFO  main            d.u.i.k.p.r.p.TestFile    Now processing file /home/runner/work/key/key/key.core/../key.ui/examples/standard_key/polySimp/simplify0.key 
345197     INFO  main            d.u.i.k.p.i.AbstractProblemLoader Loading environment from /home/runner/work/key/key/key.core/../key.ui/examples/standard_key/polySimp/simplify0.key 
345198     DEBUG main            d.u.i.k.p.i.AbstractProblemLoader Environment load took 47.9ns 
345199     INFO  main            d.u.i.k.p.i.AbstractProblemLoader Creating init config 
347531     DEBUG main            d.u.i.k.p.i.AbstractProblemLoader Init config took 2.33s 
347544     INFO  main            d.u.i.k.p.i.AbstractProblemLoader Replaying proof simplify0.key 
347545     DEBUG main            d.u.i.k.p.i.IntermediateProofReplayer Proof replay took 2.5ns 
347750     INFO  main            d.u.i.k.p.r.p.TestFile    ... finished proof: closed. 
348154     INFO  main            d.u.i.k.p.i.AbstractProblemLoader Loading environment from /home/runner/work/key/key/key.core/../key.ui/examples/standard_key/polySimp/simplify0.key.proof 
348154     DEBUG main            d.u.i.k.p.i.AbstractProblemLoader Environment load took 90.8ns 
348155     INFO  main            d.u.i.k.p.i.AbstractProblemLoader Creating init config 
350454     DEBUG main            d.u.i.k.p.i.AbstractProblemLoader Init config took 2.3s 
350467     INFO  main            d.u.i.k.p.i.AbstractProblemLoader Replaying proof simplify0.key.proof 
350474     DEBUG main            d.u.i.k.p.i.IntermediateProofReplayer Proof replay took 4.35ms 
350475     DEBUG main            d.u.i.k.p.r.p.TestFile    ... success: reloaded. 
350475     INFO  main            d.u.i.k.p.r.p.TestFile    Now processing file /home/runner/work/key/key/key.core/../key.ui/examples/standard_key/polySimp/simplify1.key 
350476     INFO  main            d.u.i.k.p.i.AbstractProblemLoader Loading environment from /home/runner/work/key/key/key.core/../key.ui/examples/standard_key/polySimp/simplify1.key 
350476     DEBUG main            d.u.i.k.p.i.AbstractProblemLoader Environment load took 126ns 
350477     INFO  main            d.u.i.k.p.i.AbstractProblemLoader Creating init config 
352805     DEBUG main            d.u.i.k.p.i.AbstractProblemLoader Init config took 2.33s 
352818     INFO  main            d.u.i.k.p.i.AbstractProblemLoader Replaying proof simplify1.key 
352819     DEBUG main            d.u.i.k.p.i.IntermediateProofReplayer Proof replay took 2.5ns 
353125     INFO  main            d.u.i.k.p.r.p.TestFile    ... finished proof: closed. 
353547     INFO  main            d.u.i.k.p.i.AbstractProblemLoader Loading environment from /home/runner/work/key/key/key.core/../key.ui/examples/standard_key/polySimp/simplify1.key.proof 
353547     DEBUG main            d.u.i.k.p.i.AbstractProblemLoader Environment load took 89.6ns 
353549     INFO  main            d.u.i.k.p.i.AbstractProblemLoader Creating init config 
355838     DEBUG main            d.u.i.k.p.i.AbstractProblemLoader Init config took 2.29s 
355860     INFO  main            d.u.i.k.p.i.AbstractProblemLoader Replaying proof simplify1.key.proof 
355868     DEBUG main            d.u.i.k.p.i.IntermediateProofReplayer Proof replay took 5.86ms 
355869     DEBUG main            d.u.i.k.p.r.p.TestFile    ... success: reloaded. 
355869     INFO  main            d.u.i.k.p.r.p.TestFile    Now processing file /home/runner/work/key/key/key.core/../key.ui/examples/standard_key/polySimp/simplify10.key 
355869     INFO  main            d.u.i.k.p.i.AbstractProblemLoader Loading environment from /home/runner/work/key/key/key.core/../key.ui/examples/standard_key/polySimp/simplify10.key 
355869     DEBUG main            d.u.i.k.p.i.AbstractProblemLoader Environment load took 66.7ns 
355871     INFO  main            d.u.i.k.p.i.AbstractProblemLoader Creating init config 
358211     DEBUG main            d.u.i.k.p.i.AbstractProblemLoader Init config took 2.34s 
358226     INFO  main            d.u.i.k.p.i.AbstractProblemLoader Replaying proof simplify10.key 
358227     DEBUG main            d.u.i.k.p.i.IntermediateProofReplayer Proof replay took 3.3ns 
358430     INFO  main            d.u.i.k.p.r.p.TestFile    ... finished proof: closed. 
358886     INFO  main            d.u.i.k.p.i.AbstractProblemLoader Loading environment from /home/runner/work/key/key/key.core/../key.ui/examples/standard_key/polySimp/simplify10.key.proof 
358886     DEBUG main            d.u.i.k.p.i.AbstractProblemLoader Environment load took 93.6ns 
358888     INFO  main            d.u.i.k.p.i.AbstractProblemLoader Creating init config 
361192     DEBUG main            d.u.i.k.p.i.AbstractProblemLoader Init config took 2.3s 
361206     INFO  main            d.u.i.k.p.i.AbstractProblemLoader Replaying proof simplify10.key.proof 
361217     DEBUG main            d.u.i.k.p.i.IntermediateProofReplayer Proof replay took 8.33ms 
361218     DEBUG main            d.u.i.k.p.r.p.TestFile    ... success: reloaded. 
361219     INFO  main            d.u.i.k.p.r.p.TestFile    Now processing file /home/runner/work/key/key/key.core/../key.ui/examples/standard_key/polySimp/simplify11.key 
361219     INFO  main            d.u.i.k.p.i.AbstractProblemLoader Loading environment from /home/runner/work/key/key/key.core/../key.ui/examples/standard_key/polySimp/simplify11.key 
361219     DEBUG main            d.u.i.k.p.i.AbstractProblemLoader Environment load took 45.9ns 
361220     INFO  main            d.u.i.k.p.i.AbstractProblemLoader Creating init config 
363552     DEBUG main            d.u.i.k.p.i.AbstractProblemLoader Init config took 2.33s 
363564     INFO  main            d.u.i.k.p.i.AbstractProblemLoader Replaying proof simplify11.key 
363565     DEBUG main            d.u.i.k.p.i.IntermediateProofReplayer Proof replay took 2.5ns 
363768     INFO  main            d.u.i.k.p.r.p.TestFile    ... finished proof: closed. 
364215     INFO  main            d.u.i.k.p.i.AbstractProblemLoader Loading environment from /home/runner/work/key/key/key.core/../key.ui/examples/standard_key/polySimp/simplify11.key.proof 
364215     DEBUG main            d.u.i.k.p.i.AbstractProblemLoader Environment load took 90.2ns 
364216     INFO  main            d.u.i.k.p.i.AbstractProblemLoader Creating init config 
366527     DEBUG main            d.u.i.k.p.i.AbstractProblemLoader Init config took 2.31s 
366540     INFO  main            d.u.i.k.p.i.AbstractProblemLoader Replaying proof simplify11.key.proof 
366549     DEBUG main            d.u.i.k.p.i.IntermediateProofReplayer Proof replay took 6.85ms 
366550     DEBUG main            d.u.i.k.p.r.p.TestFile    ... success: reloaded. 
366551     INFO  main            d.u.i.k.p.r.p.TestFile    Now processing file /home/runner/work/key/key/key.core/../key.ui/examples/standard_key/polySimp/simplify12.key 
366551     INFO  main            d.u.i.k.p.i.AbstractProblemLoader Loading environment from /home/runner/work/key/key/key.core/../key.ui/examples/standard_key/polySimp/simplify12.key 
366551     DEBUG main            d.u.i.k.p.i.AbstractProblemLoader Environment load took 47.6ns 
366552     INFO  main            d.u.i.k.p.i.AbstractProblemLoader Creating init config 
368886     DEBUG main            d.u.i.k.p.i.AbstractProblemLoader Init config took 2.33s 
368898     INFO  main            d.u.i.k.p.i.AbstractProblemLoader Replaying proof simplify12.key 
368899     DEBUG main            d.u.i.k.p.i.IntermediateProofReplayer Proof replay took 2.6ns 
369001     INFO  main            d.u.i.k.p.r.p.TestFile    ... finished proof: closed. 
369449     INFO  main            d.u.i.k.p.i.AbstractProblemLoader Loading environment from /home/runner/work/key/key/key.core/../key.ui/examples/standard_key/polySimp/simplify12.key.proof 
369450     DEBUG main            d.u.i.k.p.i.AbstractProblemLoader Environment load took 96.3ns 
369451     INFO  main            d.u.i.k.p.i.AbstractProblemLoader Creating init config 
371760     DEBUG main            d.u.i.k.p.i.AbstractProblemLoader Init config took 2.31s 
371773     INFO  main            d.u.i.k.p.i.AbstractProblemLoader Replaying proof simplify12.key.proof 
371778     DEBUG main            d.u.i.k.p.i.IntermediateProofReplayer Proof replay took 3.27ms 
371779     DEBUG main            d.u.i.k.p.r.p.TestFile    ... success: reloaded. 
371779     INFO  main            d.u.i.k.p.r.p.TestFile    Now processing file /home/runner/work/key/key/key.core/../key.ui/examples/standard_key/polySimp/simplify13.key 
371780     INFO  main            d.u.i.k.p.i.AbstractProblemLoader Loading environment from /home/runner/work/key/key/key.core/../key.ui/examples/standard_key/polySimp/simplify13.key 
371780     DEBUG main            d.u.i.k.p.i.AbstractProblemLoader Environment load took 83.8ns 
371781     INFO  main            d.u.i.k.p.i.AbstractProblemLoader Creating init config 
374125     DEBUG main            d.u.i.k.p.i.AbstractProblemLoader Init config took 2.34s 
374137     INFO  main            d.u.i.k.p.i.AbstractProblemLoader Replaying proof simplify13.key 
374138     DEBUG main            d.u.i.k.p.i.IntermediateProofReplayer Proof replay took 2.7ns 
374240     INFO  main            d.u.i.k.p.r.p.TestFile    ... finished proof: closed. 
374678     INFO  main            d.u.i.k.p.i.AbstractProblemLoader Loading environment from /home/runner/work/key/key/key.core/../key.ui/examples/standard_key/polySimp/simplify13.key.proof 
374678     DEBUG main            d.u.i.k.p.i.AbstractProblemLoader Environment load took 85.5ns 
374679     INFO  main            d.u.i.k.p.i.AbstractProblemLoader Creating init config 
376989     DEBUG main            d.u.i.k.p.i.AbstractProblemLoader Init config took 2.31s 
377001     INFO  main            d.u.i.k.p.i.AbstractProblemLoader Replaying proof simplify13.key.proof 
377005     DEBUG main            d.u.i.k.p.i.IntermediateProofReplayer Proof replay took 2.05ms 
377006     DEBUG main            d.u.i.k.p.r.p.TestFile    ... success: reloaded. 
377006     INFO  main            d.u.i.k.p.r.p.TestFile    Now processing file /home/runner/work/key/key/key.core/../key.ui/examples/standard_key/polySimp/simplify14.key 
377006     INFO  main            d.u.i.k.p.i.AbstractProblemLoader Loading environment from /home/runner/work/key/key/key.core/../key.ui/examples/standard_key/polySimp/simplify14.key 
377006     DEBUG main            d.u.i.k.p.i.AbstractProblemLoader Environment load took 48.6ns 
377007     INFO  main            d.u.i.k.p.i.AbstractProblemLoader Creating init config 
379339     DEBUG main            d.u.i.k.p.i.AbstractProblemLoader Init config took 2.33s 
379352     INFO  main            d.u.i.k.p.i.AbstractProblemLoader Replaying proof simplify14.key 
379353     DEBUG main            d.u.i.k.p.i.IntermediateProofReplayer Proof replay took 2.5ns 
379457     INFO  main            d.u.i.k.p.r.p.TestFile    ... finished proof: closed. 
379898     INFO  main            d.u.i.k.p.i.AbstractProblemLoader Loading environment from /home/runner/work/key/key/key.core/../key.ui/examples/standard_key/polySimp/simplify14.key.proof 
379898     DEBUG main            d.u.i.k.p.i.AbstractProblemLoader Environment load took 85.1ns 
379899     INFO  main            d.u.i.k.p.i.AbstractProblemLoader Creating init config 
382197     DEBUG main            d.u.i.k.p.i.AbstractProblemLoader Init config took 2.3s 
382210     INFO  main            d.u.i.k.p.i.AbstractProblemLoader Replaying proof simplify14.key.proof 
382211     DEBUG main            d.u.i.k.p.i.IntermediateProofReplayer Proof replay took 428.61ns 
382212     DEBUG main            d.u.i.k.p.r.p.TestFile    ... success: reloaded. 
382213     INFO  main            d.u.i.k.p.r.p.TestFile    Now processing file /home/runner/work/key/key/key.core/../key.ui/examples/standard_key/polySimp/simplify15.key 
382213     INFO  main            d.u.i.k.p.i.AbstractProblemLoader Loading environment from /home/runner/work/key/key/key.core/../key.ui/examples/standard_key/polySimp/simplify15.key 
382213     DEBUG main            d.u.i.k.p.i.AbstractProblemLoader Environment load took 59.9ns 
382213     INFO  main            d.u.i.k.p.i.AbstractProblemLoader Creating init config 
384553     DEBUG main            d.u.i.k.p.i.AbstractProblemLoader Init config took 2.34s 
384565     INFO  main            d.u.i.k.p.i.AbstractProblemLoader Replaying proof simplify15.key 
384566     DEBUG main            d.u.i.k.p.i.IntermediateProofReplayer Proof replay took 3.4ns 
384667     INFO  main            d.u.i.k.p.r.p.TestFile    ... finished proof: closed. 
385107     INFO  main            d.u.i.k.p.i.AbstractProblemLoader Loading environment from /home/runner/work/key/key/key.core/../key.ui/examples/standard_key/polySimp/simplify15.key.proof 
385107     DEBUG main            d.u.i.k.p.i.AbstractProblemLoader Environment load took 85.8ns 
385108     INFO  main            d.u.i.k.p.i.AbstractProblemLoader Creating init config 
387419     DEBUG main            d.u.i.k.p.i.AbstractProblemLoader Init config took 2.31s 
387432     INFO  main            d.u.i.k.p.i.AbstractProblemLoader Replaying proof simplify15.key.proof 
387433     DEBUG main            d.u.i.k.p.i.IntermediateProofReplayer Proof replay took 291.9ns 
387434     DEBUG main            d.u.i.k.p.r.p.TestFile    ... success: reloaded. 
387434     INFO  main            d.u.i.k.p.r.p.TestFile    Now processing file /home/runner/work/key/key/key.core/../key.ui/examples/standard_key/polySimp/simplify16.key 
387434     INFO  main            d.u.i.k.p.i.AbstractProblemLoader Loading environment from /home/runner/work/key/key/key.core/../key.ui/examples/standard_key/polySimp/simplify16.key 
387434     DEBUG main            d.u.i.k.p.i.AbstractProblemLoader Environment load took 62.5ns 
387435     INFO  main            d.u.i.k.p.i.AbstractProblemLoader Creating init config 
389787     DEBUG main            d.u.i.k.p.i.AbstractProblemLoader Init config took 2.35s 
389800     INFO  main            d.u.i.k.p.i.AbstractProblemLoader Replaying proof simplify16.key 
389801     DEBUG main            d.u.i.k.p.i.IntermediateProofReplayer Proof replay took 2.6ns 
389904     INFO  main            d.u.i.k.p.r.p.TestFile    ... finished proof: closed. 
390351     INFO  main            d.u.i.k.p.i.AbstractProblemLoader Loading environment from /home/runner/work/key/key/key.core/../key.ui/examples/standard_key/polySimp/simplify16.key.proof 
390351     DEBUG main            d.u.i.k.p.i.AbstractProblemLoader Environment load took 87ns 
390352     INFO  main            d.u.i.k.p.i.AbstractProblemLoader Creating init config 
392649     DEBUG main            d.u.i.k.p.i.AbstractProblemLoader Init config took 2.3s 
392661     INFO  main            d.u.i.k.p.i.AbstractProblemLoader Replaying proof simplify16.key.proof 
392663     DEBUG main            d.u.i.k.p.i.IntermediateProofReplayer Proof replay took 205.7ns 
392663     DEBUG main            d.u.i.k.p.r.p.TestFile    ... success: reloaded. 
392664     INFO  main            d.u.i.k.p.r.p.TestFile    Now processing file /home/runner/work/key/key/key.core/../key.ui/examples/standard_key/polySimp/simplify17.key 
392664     INFO  main            d.u.i.k.p.i.AbstractProblemLoader Loading environment from /home/runner/work/key/key/key.core/../key.ui/examples/standard_key/polySimp/simplify17.key 
392664     DEBUG main            d.u.i.k.p.i.AbstractProblemLoader Environment load took 45.1ns 
392665     INFO  main            d.u.i.k.p.i.AbstractProblemLoader Creating init config 
394998     DEBUG main            d.u.i.k.p.i.AbstractProblemLoader Init config took 2.33s 
395011     INFO  main            d.u.i.k.p.i.AbstractProblemLoader Replaying proof simplify17.key 
395012     DEBUG main            d.u.i.k.p.i.IntermediateProofReplayer Proof replay took 2.8ns 
395113     INFO  main            d.u.i.k.p.r.p.TestFile    ... finished proof: closed. 
395575     INFO  main            d.u.i.k.p.i.AbstractProblemLoader Loading environment from /home/runner/work/key/key/key.core/../key.ui/examples/standard_key/polySimp/simplify17.key.proof 
395575     DEBUG main            d.u.i.k.p.i.AbstractProblemLoader Environment load took 101.9ns 
395576     INFO  main            d.u.i.k.p.i.AbstractProblemLoader Creating init config 
397894     DEBUG main            d.u.i.k.p.i.AbstractProblemLoader Init config took 2.32s 
397906     INFO  main            d.u.i.k.p.i.AbstractProblemLoader Replaying proof simplify17.key.proof 
397911     DEBUG main            d.u.i.k.p.i.IntermediateProofReplayer Proof replay took 2.66ms 
397911     DEBUG main            d.u.i.k.p.r.p.TestFile    ... success: reloaded. 
397912     INFO  main            d.u.i.k.p.r.p.TestFile    Now processing file /home/runner/work/key/key/key.core/../key.ui/examples/standard_key/polySimp/simplify18.key 
397912     INFO  main            d.u.i.k.p.i.AbstractProblemLoader Loading environment from /home/runner/work/key/key/key.core/../key.ui/examples/standard_key/polySimp/simplify18.key 
397912     DEBUG main            d.u.i.k.p.i.AbstractProblemLoader Environment load took 50.4ns 
397913     INFO  main            d.u.i.k.p.i.AbstractProblemLoader Creating init config 
400252     DEBUG main            d.u.i.k.p.i.AbstractProblemLoader Init config took 2.34s 
400265     INFO  main            d.u.i.k.p.i.AbstractProblemLoader Replaying proof simplify18.key 
400266     DEBUG main            d.u.i.k.p.i.IntermediateProofReplayer Proof replay took 2.6ns 
400468     INFO  main            d.u.i.k.p.r.p.TestFile    ... finished proof: closed. 
400951     INFO  main            d.u.i.k.p.i.AbstractProblemLoader Loading environment from /home/runner/work/key/key/key.core/../key.ui/examples/standard_key/polySimp/simplify18.key.proof 
400951     DEBUG main            d.u.i.k.p.i.AbstractProblemLoader Environment load took 88.8ns 
400952     INFO  main            d.u.i.k.p.i.AbstractProblemLoader Creating init config 
403257     DEBUG main            d.u.i.k.p.i.AbstractProblemLoader Init config took 2.3s 
403270     INFO  main            d.u.i.k.p.i.AbstractProblemLoader Replaying proof simplify18.key.proof 
403277     DEBUG main            d.u.i.k.p.i.IntermediateProofReplayer Proof replay took 5.63ms 
403278     DEBUG main            d.u.i.k.p.r.p.TestFile    ... success: reloaded. 
403278     INFO  main            d.u.i.k.p.r.p.TestFile    Now processing file /home/runner/work/key/key/key.core/../key.ui/examples/standard_key/polySimp/simplify19.key 
403279     INFO  main            d.u.i.k.p.i.AbstractProblemLoader Loading environment from /home/runner/work/key/key/key.core/../key.ui/examples/standard_key/polySimp/simplify19.key 
403279     DEBUG main            d.u.i.k.p.i.AbstractProblemLoader Environment load took 67.2ns 
403280     INFO  main            d.u.i.k.p.i.AbstractProblemLoader Creating init config 
405634     DEBUG main            d.u.i.k.p.i.AbstractProblemLoader Init config took 2.35s 
405646     INFO  main            d.u.i.k.p.i.AbstractProblemLoader Replaying proof simplify19.key 
405647     DEBUG main            d.u.i.k.p.i.IntermediateProofReplayer Proof replay took 2.6ns 
408580     INFO  main            d.u.i.k.p.r.p.TestFile    ... finished proof: closed. 
409090     INFO  main            d.u.i.k.p.i.AbstractProblemLoader Loading environment from /home/runner/work/key/key/key.core/../key.ui/examples/standard_key/polySimp/simplify19.key.proof 
409090     DEBUG main            d.u.i.k.p.i.AbstractProblemLoader Environment load took 90.9ns 
409094     INFO  main            d.u.i.k.p.i.AbstractProblemLoader Creating init config 
411412     DEBUG main            d.u.i.k.p.i.AbstractProblemLoader Init config took 2.32s 
411425     INFO  main            d.u.i.k.p.i.AbstractProblemLoader Replaying proof simplify19.key.proof 
411519     DEBUG main            d.u.i.k.p.i.IntermediateProofReplayer Proof replay took 82.06ms 
411520     DEBUG main            d.u.i.k.p.r.p.TestFile    ... success: reloaded. 
411521     INFO  main            d.u.i.k.p.r.p.TestFile    Now processing file /home/runner/work/key/key/key.core/../key.ui/examples/standard_key/polySimp/simplify2.key 
411521     INFO  main            d.u.i.k.p.i.AbstractProblemLoader Loading environment from /home/runner/work/key/key/key.core/../key.ui/examples/standard_key/polySimp/simplify2.key 
411521     DEBUG main            d.u.i.k.p.i.AbstractProblemLoader Environment load took 363.4ns 
411522     INFO  main            d.u.i.k.p.i.AbstractProblemLoader Creating init config 
413910     DEBUG main            d.u.i.k.p.i.AbstractProblemLoader Init config took 2.39s 
413922     INFO  main            d.u.i.k.p.i.AbstractProblemLoader Replaying proof simplify2.key 
413923     DEBUG main            d.u.i.k.p.i.IntermediateProofReplayer Proof replay took 3.2ns 
414026     INFO  main            d.u.i.k.p.r.p.TestFile    ... finished proof: closed. 
414538     INFO  main            d.u.i.k.p.i.AbstractProblemLoader Loading environment from /home/runner/work/key/key/key.core/../key.ui/examples/standard_key/polySimp/simplify2.key.proof 
414539     DEBUG main            d.u.i.k.p.i.AbstractProblemLoader Environment load took 85.8ns 
414539     INFO  main            d.u.i.k.p.i.AbstractProblemLoader Creating init config 
416830     DEBUG main            d.u.i.k.p.i.AbstractProblemLoader Init config took 2.29s 
416843     INFO  main            d.u.i.k.p.i.AbstractProblemLoader Replaying proof simplify2.key.proof 
416844     DEBUG main            d.u.i.k.p.i.IntermediateProofReplayer Proof replay took 467.71ns 
416845     DEBUG main            d.u.i.k.p.r.p.TestFile    ... success: reloaded. 
416845     INFO  main            d.u.i.k.p.r.p.TestFile    Now processing file /home/runner/work/key/key/key.core/../key.ui/examples/standard_key/polySimp/simplify20.key 
416845     INFO  main            d.u.i.k.p.i.AbstractProblemLoader Loading environment from /home/runner/work/key/key/key.core/../key.ui/examples/standard_key/polySimp/simplify20.key 
416846     DEBUG main            d.u.i.k.p.i.AbstractProblemLoader Environment load took 45.3ns 
416846     INFO  main            d.u.i.k.p.i.AbstractProblemLoader Creating init config 
419173     DEBUG main            d.u.i.k.p.i.AbstractProblemLoader Init config took 2.33s 
419186     INFO  main            d.u.i.k.p.i.AbstractProblemLoader Replaying proof simplify20.key 
419187     DEBUG main            d.u.i.k.p.i.IntermediateProofReplayer Proof replay took 3ns 
419790     INFO  main            d.u.i.k.p.r.p.TestFile    ... finished proof: closed. 
420286     INFO  main            d.u.i.k.p.i.AbstractProblemLoader Loading environment from /home/runner/work/key/key/key.core/../key.ui/examples/standard_key/polySimp/simplify20.key.proof 
420287     DEBUG main            d.u.i.k.p.i.AbstractProblemLoader Environment load took 411.4ns 
420288     INFO  main            d.u.i.k.p.i.AbstractProblemLoader Creating init config 
422588     DEBUG main            d.u.i.k.p.i.AbstractProblemLoader Init config took 2.3s 
422601     INFO  main            d.u.i.k.p.i.AbstractProblemLoader Replaying proof simplify20.key.proof 
422629     DEBUG main            d.u.i.k.p.i.IntermediateProofReplayer Proof replay took 23.53ms 
422630     DEBUG main            d.u.i.k.p.r.p.TestFile    ... success: reloaded. 
422630     INFO  main            d.u.i.k.p.r.p.TestFile    Now processing file /home/runner/work/key/key/key.core/../key.ui/examples/standard_key/polySimp/simplify21.key 
422631     INFO  main            d.u.i.k.p.i.AbstractProblemLoader Loading environment from /home/runner/work/key/key/key.core/../key.ui/examples/standard_key/polySimp/simplify21.key 
422631     DEBUG main            d.u.i.k.p.i.AbstractProblemLoader Environment load took 84ns 
422634     INFO  main            d.u.i.k.p.i.AbstractProblemLoader Creating init config 
424957     DEBUG main            d.u.i.k.p.i.AbstractProblemLoader Init config took 2.32s 
424970     INFO  main            d.u.i.k.p.i.AbstractProblemLoader Replaying proof simplify21.key 
424971     DEBUG main            d.u.i.k.p.i.IntermediateProofReplayer Proof replay took 3.4ns 
425476     INFO  main            d.u.i.k.p.r.p.TestFile    ... finished proof: closed. 
426034     INFO  main            d.u.i.k.p.i.AbstractProblemLoader Loading environment from /home/runner/work/key/key/key.core/../key.ui/examples/standard_key/polySimp/simplify21.key.proof 
426034     DEBUG main            d.u.i.k.p.i.AbstractProblemLoader Environment load took 161.1ns 
426036     INFO  main            d.u.i.k.p.i.AbstractProblemLoader Creating init config 
428339     DEBUG main            d.u.i.k.p.i.AbstractProblemLoader Init config took 2.3s 
428353     INFO  main            d.u.i.k.p.i.AbstractProblemLoader Replaying proof simplify21.key.proof 
428373     DEBUG main            d.u.i.k.p.i.IntermediateProofReplayer Proof replay took 16.95ms 
428375     DEBUG main            d.u.i.k.p.r.p.TestFile    ... success: reloaded. 
428376     INFO  main            d.u.i.k.p.r.p.TestFile    Now processing file /home/runner/work/key/key/key.core/../key.ui/examples/standard_key/polySimp/simplify22.key 
428376     INFO  main            d.u.i.k.p.i.AbstractProblemLoader Loading environment from /home/runner/work/key/key/key.core/../key.ui/examples/standard_key/polySimp/simplify22.key 
428376     DEBUG main            d.u.i.k.p.i.AbstractProblemLoader Environment load took 48.6ns 
428377     INFO  main            d.u.i.k.p.i.AbstractProblemLoader Creating init config 
430705     DEBUG main            d.u.i.k.p.i.AbstractProblemLoader Init config took 2.33s 
430717     INFO  main            d.u.i.k.p.i.AbstractProblemLoader Replaying proof simplify22.key 
430718     DEBUG main            d.u.i.k.p.i.IntermediateProofReplayer Proof replay took 2.5ns 
430820     INFO  main            d.u.i.k.p.r.p.TestFile    ... finished proof: closed. 
431338     INFO  main            d.u.i.k.p.i.AbstractProblemLoader Loading environment from /home/runner/work/key/key/key.core/../key.ui/examples/standard_key/polySimp/simplify22.key.proof 
431338     DEBUG main            d.u.i.k.p.i.AbstractProblemLoader Environment load took 84.7ns 
431339     INFO  main            d.u.i.k.p.i.AbstractProblemLoader Creating init config 
433625     DEBUG main            d.u.i.k.p.i.AbstractProblemLoader Init config took 2.29s 
433650     INFO  main            d.u.i.k.p.i.AbstractProblemLoader Replaying proof simplify22.key.proof 
433654     DEBUG main            d.u.i.k.p.i.IntermediateProofReplayer Proof replay took 1.85ms 
433654     DEBUG main            d.u.i.k.p.r.p.TestFile    ... success: reloaded. 
433655     INFO  main            d.u.i.k.p.r.p.TestFile    Now processing file /home/runner/work/key/key/key.core/../key.ui/examples/standard_key/polySimp/simplify23.key 
433655     INFO  main            d.u.i.k.p.i.AbstractProblemLoader Loading environment from /home/runner/work/key/key/key.core/../key.ui/examples/standard_key/polySimp/simplify23.key 
433655     DEBUG main            d.u.i.k.p.i.AbstractProblemLoader Environment load took 62.4ns 
433656     INFO  main            d.u.i.k.p.i.AbstractProblemLoader Creating init config 
435976     DEBUG main            d.u.i.k.p.i.AbstractProblemLoader Init config took 2.32s 
435988     INFO  main            d.u.i.k.p.i.AbstractProblemLoader Replaying proof simplify23.key 
435989     DEBUG main            d.u.i.k.p.i.IntermediateProofReplayer Proof replay took 3.1ns 
436091     INFO  main            d.u.i.k.p.r.p.TestFile    ... finished proof: closed. 
436577     INFO  main            d.u.i.k.p.i.AbstractProblemLoader Loading environment from /home/runner/work/key/key/key.core/../key.ui/examples/standard_key/polySimp/simplify23.key.proof 
436577     DEBUG main            d.u.i.k.p.i.AbstractProblemLoader Environment load took 99.4ns 
436578     INFO  main            d.u.i.k.p.i.AbstractProblemLoader Creating init config 
438867     DEBUG main            d.u.i.k.p.i.AbstractProblemLoader Init config took 2.29s 
438879     INFO  main            d.u.i.k.p.i.AbstractProblemLoader Replaying proof simplify23.key.proof 
438889     DEBUG main            d.u.i.k.p.i.IntermediateProofReplayer Proof replay took 5.11ms 
438890     DEBUG main            d.u.i.k.p.r.p.TestFile    ... success: reloaded. 
438891     INFO  main            d.u.i.k.p.r.p.TestFile    Now processing file /home/runner/work/key/key/key.core/../key.ui/examples/standard_key/polySimp/simplify24.key 
438891     INFO  main            d.u.i.k.p.i.AbstractProblemLoader Loading environment from /home/runner/work/key/key/key.core/../key.ui/examples/standard_key/polySimp/simplify24.key 
438891     DEBUG main            d.u.i.k.p.i.AbstractProblemLoader Environment load took 47.5ns 
438892     INFO  main            d.u.i.k.p.i.AbstractProblemLoader Creating init config 
441212     DEBUG main            d.u.i.k.p.i.AbstractProblemLoader Init config took 2.32s 
441225     INFO  main            d.u.i.k.p.i.AbstractProblemLoader Replaying proof simplify24.key 
441226     DEBUG main            d.u.i.k.p.i.IntermediateProofReplayer Proof replay took 3.6ns 
441328     INFO  main            d.u.i.k.p.r.p.TestFile    ... finished proof: closed. 
441832     INFO  main            d.u.i.k.p.i.AbstractProblemLoader Loading environment from /home/runner/work/key/key/key.core/../key.ui/examples/standard_key/polySimp/simplify24.key.proof 
441833     DEBUG main            d.u.i.k.p.i.AbstractProblemLoader Environment load took 85.5ns 
441833     INFO  main            d.u.i.k.p.i.AbstractProblemLoader Creating init config 
444123     DEBUG main            d.u.i.k.p.i.AbstractProblemLoader Init config took 2.29s 
444136     INFO  main            d.u.i.k.p.i.AbstractProblemLoader Replaying proof simplify24.key.proof 
444138     DEBUG main            d.u.i.k.p.i.IntermediateProofReplayer Proof replay took 1.01ms 
444139     DEBUG main            d.u.i.k.p.r.p.TestFile    ... success: reloaded. 
444140     INFO  main            d.u.i.k.p.r.p.TestFile    Now processing file /home/runner/work/key/key/key.core/../key.ui/examples/standard_key/polySimp/simplify25.key 
444140     INFO  main            d.u.i.k.p.i.AbstractProblemLoader Loading environment from /home/runner/work/key/key/key.core/../key.ui/examples/standard_key/polySimp/simplify25.key 
444140     DEBUG main            d.u.i.k.p.i.AbstractProblemLoader Environment load took 73.9ns 
444141     INFO  main            d.u.i.k.p.i.AbstractProblemLoader Creating init config 
446457     DEBUG main            d.u.i.k.p.i.AbstractProblemLoader Init config took 2.32s 
446469     INFO  main            d.u.i.k.p.i.AbstractProblemLoader Replaying proof simplify25.key 
446470     DEBUG main            d.u.i.k.p.i.IntermediateProofReplayer Proof replay took 2.4ns 
446573     INFO  main            d.u.i.k.p.r.p.TestFile    ... finished proof: closed. 
447069     INFO  main            d.u.i.k.p.i.AbstractProblemLoader Loading environment from /home/runner/work/key/key/key.core/../key.ui/examples/standard_key/polySimp/simplify25.key.proof 
447069     DEBUG main            d.u.i.k.p.i.AbstractProblemLoader Environment load took 83.7ns 
447070     INFO  main            d.u.i.k.p.i.AbstractProblemLoader Creating init config 
449369     DEBUG main            d.u.i.k.p.i.AbstractProblemLoader Init config took 2.3s 
449381     INFO  main            d.u.i.k.p.i.AbstractProblemLoader Replaying proof simplify25.key.proof 
449384     DEBUG main            d.u.i.k.p.i.IntermediateProofReplayer Proof replay took 1.39ms 
449385     DEBUG main            d.u.i.k.p.r.p.TestFile    ... success: reloaded. 
449385     INFO  main            d.u.i.k.p.r.p.TestFile    Now processing file /home/runner/work/key/key/key.core/../key.ui/examples/standard_key/polySimp/simplify3.key 
449385     INFO  main            d.u.i.k.p.i.AbstractProblemLoader Loading environment from /home/runner/work/key/key/key.core/../key.ui/examples/standard_key/polySimp/simplify3.key 
449385     DEBUG main            d.u.i.k.p.i.AbstractProblemLoader Environment load took 46.3ns 
449386     INFO  main            d.u.i.k.p.i.AbstractProblemLoader Creating init config 
451702     DEBUG main            d.u.i.k.p.i.AbstractProblemLoader Init config took 2.32s 
451731     INFO  main            d.u.i.k.p.i.AbstractProblemLoader Replaying proof simplify3.key 
451732     DEBUG main            d.u.i.k.p.i.IntermediateProofReplayer Proof replay took 3.3ns 
451833     INFO  main            d.u.i.k.p.r.p.TestFile    ... finished proof: closed. 
452339     INFO  main            d.u.i.k.p.i.AbstractProblemLoader Loading environment from /home/runner/work/key/key/key.core/../key.ui/examples/standard_key/polySimp/simplify3.key.proof 
452339     DEBUG main            d.u.i.k.p.i.AbstractProblemLoader Environment load took 87ns 
452340     INFO  main            d.u.i.k.p.i.AbstractProblemLoader Creating init config 
454623     DEBUG main            d.u.i.k.p.i.AbstractProblemLoader Init config took 2.28s 
454646     INFO  main            d.u.i.k.p.i.AbstractProblemLoader Replaying proof simplify3.key.proof 
454648     DEBUG main            d.u.i.k.p.i.IntermediateProofReplayer Proof replay took 480.01ns 
454648     DEBUG main            d.u.i.k.p.r.p.TestFile    ... success: reloaded. 
454649     INFO  main            d.u.i.k.p.r.p.TestFile    Now processing file /home/runner/work/key/key/key.core/../key.ui/examples/standard_key/polySimp/simplify4.key 
454649     INFO  main            d.u.i.k.p.i.AbstractProblemLoader Loading environment from /home/runner/work/key/key/key.core/../key.ui/examples/standard_key/polySimp/simplify4.key 
454649     DEBUG main            d.u.i.k.p.i.AbstractProblemLoader Environment load took 61.9ns 
454650     INFO  main            d.u.i.k.p.i.AbstractProblemLoader Creating init config 
456970     DEBUG main            d.u.i.k.p.i.AbstractProblemLoader Init config took 2.32s 
456983     INFO  main            d.u.i.k.p.i.AbstractProblemLoader Replaying proof simplify4.key 
456984     DEBUG main            d.u.i.k.p.i.IntermediateProofReplayer Proof replay took 2.5ns 
457085     INFO  main            d.u.i.k.p.r.p.TestFile    ... finished proof: closed. 
457595     INFO  main            d.u.i.k.p.i.AbstractProblemLoader Loading environment from /home/runner/work/key/key/key.core/../key.ui/examples/standard_key/polySimp/simplify4.key.proof 
457595     DEBUG main            d.u.i.k.p.i.AbstractProblemLoader Environment load took 84.8ns 
457596     INFO  main            d.u.i.k.p.i.AbstractProblemLoader Creating init config 
459882     DEBUG main            d.u.i.k.p.i.AbstractProblemLoader Init config took 2.29s 
459895     INFO  main            d.u.i.k.p.i.AbstractProblemLoader Replaying proof simplify4.key.proof 
459896     DEBUG main            d.u.i.k.p.i.IntermediateProofReplayer Proof replay took 587.31ns 
459897     DEBUG main            d.u.i.k.p.r.p.TestFile    ... success: reloaded. 
459898     INFO  main            d.u.i.k.p.r.p.TestFile    Now processing file /home/runner/work/key/key/key.core/../key.ui/examples/standard_key/polySimp/simplify5.key 
459898     INFO  main            d.u.i.k.p.i.AbstractProblemLoader Loading environment from /home/runner/work/key/key/key.core/../key.ui/examples/standard_key/polySimp/simplify5.key 
459898     DEBUG main            d.u.i.k.p.i.AbstractProblemLoader Environment load took 63.8ns 
459899     INFO  main            d.u.i.k.p.i.AbstractProblemLoader Creating init config 
462221     DEBUG main            d.u.i.k.p.i.AbstractProblemLoader Init config took 2.32s 
462233     INFO  main            d.u.i.k.p.i.AbstractProblemLoader Replaying proof simplify5.key 
462234     DEBUG main            d.u.i.k.p.i.IntermediateProofReplayer Proof replay took 3.4ns 
462336     INFO  main            d.u.i.k.p.r.p.TestFile    ... finished proof: closed. 
462852     INFO  main            d.u.i.k.p.i.AbstractProblemLoader Loading environment from /home/runner/work/key/key/key.core/../key.ui/examples/standard_key/polySimp/simplify5.key.proof 
462853     DEBUG main            d.u.i.k.p.i.AbstractProblemLoader Environment load took 86.3ns 
462853     INFO  main            d.u.i.k.p.i.AbstractProblemLoader Creating init config 
465150     DEBUG main            d.u.i.k.p.i.AbstractProblemLoader Init config took 2.3s 
465162     INFO  main            d.u.i.k.p.i.AbstractProblemLoader Replaying proof simplify5.key.proof 
465166     DEBUG main            d.u.i.k.p.i.IntermediateProofReplayer Proof replay took 2.03ms 
465167     DEBUG main            d.u.i.k.p.r.p.TestFile    ... success: reloaded. 
465176     INFO  main            d.u.i.k.p.r.p.TestFile    Now processing file /home/runner/work/key/key/key.core/../key.ui/examples/standard_key/polySimp/simplify6.key 
465176     INFO  main            d.u.i.k.p.i.AbstractProblemLoader Loading environment from /home/runner/work/key/key/key.core/../key.ui/examples/standard_key/polySimp/simplify6.key 
465176     DEBUG main            d.u.i.k.p.i.AbstractProblemLoader Environment load took 52.1ns 
465177     INFO  main            d.u.i.k.p.i.AbstractProblemLoader Creating init config 
467514     DEBUG main            d.u.i.k.p.i.AbstractProblemLoader Init config took 2.34s 
467527     INFO  main            d.u.i.k.p.i.AbstractProblemLoader Replaying proof simplify6.key 
467528     DEBUG main            d.u.i.k.p.i.IntermediateProofReplayer Proof replay took 2.9ns 
467630     INFO  main            d.u.i.k.p.r.p.TestFile    ... finished proof: closed. 
468154     INFO  main            d.u.i.k.p.i.AbstractProblemLoader Loading environment from /home/runner/work/key/key/key.core/../key.ui/examples/standard_key/polySimp/simplify6.key.proof 
468154     DEBUG main            d.u.i.k.p.i.AbstractProblemLoader Environment load took 83.9ns 
468155     INFO  main            d.u.i.k.p.i.AbstractProblemLoader Creating init config 
470485     DEBUG main            d.u.i.k.p.i.AbstractProblemLoader Init config took 2.33s 
470498     INFO  main            d.u.i.k.p.i.AbstractProblemLoader Replaying proof simplify6.key.proof 
470499     DEBUG main            d.u.i.k.p.i.IntermediateProofReplayer Proof replay took 164.4ns 
470500     DEBUG main            d.u.i.k.p.r.p.TestFile    ... success: reloaded. 
470501     INFO  main            d.u.i.k.p.r.p.TestFile    Now processing file /home/runner/work/key/key/key.core/../key.ui/examples/standard_key/polySimp/simplify7.key 
470501     INFO  main            d.u.i.k.p.i.AbstractProblemLoader Loading environment from /home/runner/work/key/key/key.core/../key.ui/examples/standard_key/polySimp/simplify7.key 
470501     DEBUG main            d.u.i.k.p.i.AbstractProblemLoader Environment load took 45.6ns 
470501     INFO  main            d.u.i.k.p.i.AbstractProblemLoader Creating init config 
472829     DEBUG main            d.u.i.k.p.i.AbstractProblemLoader Init config took 2.33s 
472841     INFO  main            d.u.i.k.p.i.AbstractProblemLoader Replaying proof simplify7.key 
472842     DEBUG main            d.u.i.k.p.i.IntermediateProofReplayer Proof replay took 2.4ns 
472944     INFO  main            d.u.i.k.p.r.p.TestFile    ... finished proof: closed. 
473478     INFO  main            d.u.i.k.p.i.AbstractProblemLoader Loading environment from /home/runner/work/key/key/key.core/../key.ui/examples/standard_key/polySimp/simplify7.key.proof 
473478     DEBUG main            d.u.i.k.p.i.AbstractProblemLoader Environment load took 88.3ns 
473479     INFO  main            d.u.i.k.p.i.AbstractProblemLoader Creating init config 
475779     DEBUG main            d.u.i.k.p.i.AbstractProblemLoader Init config took 2.3s 
475792     INFO  main            d.u.i.k.p.i.AbstractProblemLoader Replaying proof simplify7.key.proof 
475794     DEBUG main            d.u.i.k.p.i.IntermediateProofReplayer Proof replay took 254ns 
475794     DEBUG main            d.u.i.k.p.r.p.TestFile    ... success: reloaded. 
475795     INFO  main            d.u.i.k.p.r.p.TestFile    Now processing file /home/runner/work/key/key/key.core/../key.ui/examples/standard_key/polySimp/simplify8.key 
475795     INFO  main            d.u.i.k.p.i.AbstractProblemLoader Loading environment from /home/runner/work/key/key/key.core/../key.ui/examples/standard_key/polySimp/simplify8.key 
475795     DEBUG main            d.u.i.k.p.i.AbstractProblemLoader Environment load took 61.7ns 
475798     INFO  main            d.u.i.k.p.i.AbstractProblemLoader Creating init config 
478120     DEBUG main            d.u.i.k.p.i.AbstractProblemLoader Init config took 2.32s 
478133     INFO  main            d.u.i.k.p.i.AbstractProblemLoader Replaying proof simplify8.key 
478134     DEBUG main            d.u.i.k.p.i.IntermediateProofReplayer Proof replay took 2.7ns 
482119     INFO  main            d.u.i.k.p.r.p.TestFile    ... finished proof: closed. 
482675     INFO  main            d.u.i.k.p.i.AbstractProblemLoader Loading environment from /home/runner/work/key/key/key.core/../key.ui/examples/standard_key/polySimp/simplify8.key.proof 
482675     DEBUG main            d.u.i.k.p.i.AbstractProblemLoader Environment load took 105.8ns 
482678     INFO  main            d.u.i.k.p.i.AbstractProblemLoader Creating init config 
484985     DEBUG main            d.u.i.k.p.i.AbstractProblemLoader Init config took 2.31s 
484999     INFO  main            d.u.i.k.p.i.AbstractProblemLoader Replaying proof simplify8.key.proof 
485041     DEBUG main            d.u.i.k.p.i.IntermediateProofReplayer Proof replay took 37.22ms 
485044     DEBUG main            d.u.i.k.p.r.p.TestFile    ... success: reloaded. 
485044     INFO  main            d.u.i.k.p.r.p.TestFile    Now processing file /home/runner/work/key/key/key.core/../key.ui/examples/standard_key/polySimp/simplify9.key 
485045     INFO  main            d.u.i.k.p.i.AbstractProblemLoader Loading environment from /home/runner/work/key/key/key.core/../key.ui/examples/standard_key/polySimp/simplify9.key 
485045     DEBUG main            d.u.i.k.p.i.AbstractProblemLoader Environment load took 49.7ns 
485046     INFO  main            d.u.i.k.p.i.AbstractProblemLoader Creating init config 
487391     DEBUG main            d.u.i.k.p.i.AbstractProblemLoader Init config took 2.35s 
487406     INFO  main            d.u.i.k.p.i.AbstractProblemLoader Replaying proof simplify9.key 
487407     DEBUG main            d.u.i.k.p.i.IntermediateProofReplayer Proof replay took 2.6ns 
487611     INFO  main            d.u.i.k.p.r.p.TestFile    ... finished proof: closed. 
488202     INFO  main            d.u.i.k.p.i.AbstractProblemLoader Loading environment from /home/runner/work/key/key/key.core/../key.ui/examples/standard_key/polySimp/simplify9.key.proof 
488202     DEBUG main            d.u.i.k.p.i.AbstractProblemLoader Environment load took 87.6ns 
488204     INFO  main            d.u.i.k.p.i.AbstractProblemLoader Creating init config 
490512     DEBUG main            d.u.i.k.p.i.AbstractProblemLoader Init config took 2.31s 
490525     INFO  main            d.u.i.k.p.i.AbstractProblemLoader Replaying proof simplify9.key.proof 
490529     DEBUG main            d.u.i.k.p.i.IntermediateProofReplayer Proof replay took 2.94ms 
490531     DEBUG main            d.u.i.k.p.r.p.TestFile    ... success: reloaded. 
2827848    INFO  Test worker     d.u.i.k.p.r.RunAllProofsTestUnit Returning from test arithmetic 
2827849    INFO  Test worker     d.u.i.k.p.r.RunAllProofsTestUnit Running test arrays 
353        INFO  Timeout watchdog d.u.i.k.p.r.p.ForkedTestFileRunner Timeout watcher launched (2000 secs.) 
366        WARN  main            d.u.i.k.s.ProofSettings   The settings in /home/runner/.key/proof-settings.props are *not* read. 
403        INFO  main            d.u.i.k.p.r.p.TestFile    Now processing file /home/runner/work/key/key/key.core/../key.ui/examples/standard_key/arrays/arrayStoreException/array2DimPrim.key 
519        INFO  main            d.u.i.k.p.i.AbstractProblemLoader Loading environment from /home/runner/work/key/key/key.core/../key.ui/examples/standard_key/arrays/arrayStoreException/array2DimPrim.key 
540        DEBUG main            d.u.i.k.p.i.AbstractProblemLoader Environment load took 1.92ms 
814        INFO  main            d.u.i.k.p.i.AbstractProblemLoader Creating init config 
1666       DEBUG main            d.u.i.k.j.TypeConverter   No LDT found for Meta 
1667       DEBUG main            d.u.i.k.j.TypeConverter   No LDT found for Meta 
1668       DEBUG main            d.u.i.k.j.TypeConverter   No LDT found for Meta 
1668       DEBUG main            d.u.i.k.j.TypeConverter   No LDT found for Meta 
3467       DEBUG main            d.u.i.k.j.TypeConverter   No LDT found for JavaBigintExpression 
8568       DEBUG main            d.u.i.k.p.i.AbstractProblemLoader Init config took 7.75s 
8656       INFO  main            d.u.i.k.p.i.AbstractProblemLoader Replaying proof array2DimPrim.key 
8701       DEBUG main            d.u.i.k.p.i.IntermediateProofReplayer Proof replay took 35.7ns 
12740      INFO  main            d.u.i.k.p.r.p.TestFile    ... finished proof: closed. 
12942      INFO  main            d.u.i.k.p.i.AbstractProblemLoader Loading environment from /home/runner/work/key/key/key.core/../key.ui/examples/standard_key/arrays/arrayStoreException/array2DimPrim.key.proof 
12944      DEBUG main            d.u.i.k.p.i.AbstractProblemLoader Environment load took 1.62ms 
12950      INFO  main            d.u.i.k.p.i.AbstractProblemLoader Creating init config 
15692      DEBUG main            d.u.i.k.p.i.AbstractProblemLoader Init config took 2.74s 
15722      INFO  main            d.u.i.k.p.i.AbstractProblemLoader Replaying proof array2DimPrim.key.proof 
16114      DEBUG main            d.u.i.k.p.i.IntermediateProofReplayer Proof replay took 376.43ms 
16130      DEBUG main            d.u.i.k.p.r.p.TestFile    ... success: reloaded. 
16132      INFO  main            d.u.i.k.p.r.p.TestFile    Now processing file /home/runner/work/key/key/key.core/../key.ui/examples/standard_key/arrays/arrayStoreException/arrayStoreKnownDynType.key 
16133      INFO  main            d.u.i.k.p.i.AbstractProblemLoader Loading environment from /home/runner/work/key/key/key.core/../key.ui/examples/standard_key/arrays/arrayStoreException/arrayStoreKnownDynType.key 
16133      DEBUG main            d.u.i.k.p.i.AbstractProblemLoader Environment load took 236.6ns 
16138      INFO  main            d.u.i.k.p.i.AbstractProblemLoader Creating init config 
18819      DEBUG main            d.u.i.k.p.i.AbstractProblemLoader Init config took 2.68s 
18849      INFO  main            d.u.i.k.p.i.AbstractProblemLoader Replaying proof arrayStoreKnownDynType.key 
18851      DEBUG main            d.u.i.k.p.i.IntermediateProofReplayer Proof replay took 7.3ns 
19056      INFO  main            d.u.i.k.p.r.p.TestFile    ... finished proof: closed. 
19287      INFO  main            d.u.i.k.p.i.AbstractProblemLoader Loading environment from /home/runner/work/key/key/key.core/../key.ui/examples/standard_key/arrays/arrayStoreException/arrayStoreKnownDynType.key.proof 
19287      DEBUG main            d.u.i.k.p.i.AbstractProblemLoader Environment load took 139.6ns 
19288      INFO  main            d.u.i.k.p.i.AbstractProblemLoader Creating init config 
21754      DEBUG main            d.u.i.k.p.i.AbstractProblemLoader Init config took 2.47s 
21777      INFO  main            d.u.i.k.p.i.AbstractProblemLoader Replaying proof arrayStoreKnownDynType.key.proof 
21815      DEBUG main            d.u.i.k.p.i.IntermediateProofReplayer Proof replay took 33.38ms 
21816      DEBUG main            d.u.i.k.p.r.p.TestFile    ... success: reloaded. 
21817      INFO  main            d.u.i.k.p.r.p.TestFile    Now processing file /home/runner/work/key/key/key.core/../key.ui/examples/standard_key/arrays/arrayStoreException/reverseArray.key 
21818      INFO  main            d.u.i.k.p.i.AbstractProblemLoader Loading environment from /home/runner/work/key/key/key.core/../key.ui/examples/standard_key/arrays/arrayStoreException/reverseArray.key 
21818      DEBUG main            d.u.i.k.p.i.AbstractProblemLoader Environment load took 245.2ns 
21833      INFO  main            d.u.i.k.p.i.AbstractProblemLoader Creating init config 
24334      DEBUG main            d.u.i.k.p.i.AbstractProblemLoader Init config took 2.5s 
24361      INFO  main            d.u.i.k.p.i.AbstractProblemLoader Replaying proof reverseArray.key 
24364      DEBUG main            d.u.i.k.p.i.IntermediateProofReplayer Proof replay took 7.3ns 
24970      INFO  main            d.u.i.k.p.r.p.TestFile    ... finished proof: closed. 
25152      INFO  main            d.u.i.k.p.i.AbstractProblemLoader Loading environment from /home/runner/work/key/key/key.core/../key.ui/examples/standard_key/arrays/arrayStoreException/reverseArray.key.proof 
25153      DEBUG main            d.u.i.k.p.i.AbstractProblemLoader Environment load took 831.61ns 
25156      INFO  main            d.u.i.k.p.i.AbstractProblemLoader Creating init config 
27675      DEBUG main            d.u.i.k.p.i.AbstractProblemLoader Init config took 2.52s 
27696      INFO  main            d.u.i.k.p.i.AbstractProblemLoader Replaying proof reverseArray.key.proof 
27801      DEBUG main            d.u.i.k.p.i.IntermediateProofReplayer Proof replay took 98.74ms 
27802      DEBUG main            d.u.i.k.p.r.p.TestFile    ... success: reloaded. 
27805      INFO  main            d.u.i.k.p.r.p.TestFile    Now processing file /home/runner/work/key/key/key.core/../key.ui/examples/standard_key/arrays/arrayStoreException/throwArrayStoreException.key 
27805      INFO  main            d.u.i.k.p.i.AbstractProblemLoader Loading environment from /home/runner/work/key/key/key.core/../key.ui/examples/standard_key/arrays/arrayStoreException/throwArrayStoreException.key 
27806      DEBUG main            d.u.i.k.p.i.AbstractProblemLoader Environment load took 214ns 
27808      INFO  main            d.u.i.k.p.i.AbstractProblemLoader Creating init config 
30313      DEBUG main            d.u.i.k.p.i.AbstractProblemLoader Init config took 2.5s 
30333      INFO  main            d.u.i.k.p.i.AbstractProblemLoader Replaying proof throwArrayStoreException.key 
30335      DEBUG main            d.u.i.k.p.i.IntermediateProofReplayer Proof replay took 18ns 
30739      INFO  main            d.u.i.k.p.r.p.TestFile    ... finished proof: closed. 
30931      INFO  main            d.u.i.k.p.i.AbstractProblemLoader Loading environment from /home/runner/work/key/key/key.core/../key.ui/examples/standard_key/arrays/arrayStoreException/throwArrayStoreException.key.proof 
30933      DEBUG main            d.u.i.k.p.i.AbstractProblemLoader Environment load took 1.84ms 
30935      INFO  main            d.u.i.k.p.i.AbstractProblemLoader Creating init config 
33380      DEBUG main            d.u.i.k.p.i.AbstractProblemLoader Init config took 2.45s 
33401      INFO  main            d.u.i.k.p.i.AbstractProblemLoader Replaying proof throwArrayStoreException.key.proof 
33474      DEBUG main            d.u.i.k.p.i.IntermediateProofReplayer Proof replay took 68.57ms 
33475      DEBUG main            d.u.i.k.p.r.p.TestFile    ... success: reloaded. 
33477      INFO  main            d.u.i.k.p.r.p.TestFile    Now processing file /home/runner/work/key/key/key.core/../key.ui/examples/standard_key/arrays/creation/arrayCreation1.key 
33477      INFO  main            d.u.i.k.p.i.AbstractProblemLoader Loading environment from /home/runner/work/key/key/key.core/../key.ui/examples/standard_key/arrays/creation/arrayCreation1.key 
33477      DEBUG main            d.u.i.k.p.i.AbstractProblemLoader Environment load took 235ns 
33478      INFO  main            d.u.i.k.p.i.AbstractProblemLoader Creating init config 
35933      DEBUG main            d.u.i.k.p.i.AbstractProblemLoader Init config took 2.45s 
35954      INFO  main            d.u.i.k.p.i.AbstractProblemLoader Replaying proof arrayCreation1.key 
35956      DEBUG main            d.u.i.k.p.i.IntermediateProofReplayer Proof replay took 7.4ns 
36160      INFO  main            d.u.i.k.p.r.p.TestFile    ... finished proof: closed. 
36326      INFO  main            d.u.i.k.p.i.AbstractProblemLoader Loading environment from /home/runner/work/key/key/key.core/../key.ui/examples/standard_key/arrays/creation/arrayCreation1.key.proof 
36327      DEBUG main            d.u.i.k.p.i.AbstractProblemLoader Environment load took 126.9ns 
36328      INFO  main            d.u.i.k.p.i.AbstractProblemLoader Creating init config 
38721      DEBUG main            d.u.i.k.p.i.AbstractProblemLoader Init config took 2.39s 
38742      INFO  main            d.u.i.k.p.i.AbstractProblemLoader Replaying proof arrayCreation1.key.proof 
38764      DEBUG main            d.u.i.k.p.i.IntermediateProofReplayer Proof replay took 19.69ms 
38766      DEBUG main            d.u.i.k.p.r.p.TestFile    ... success: reloaded. 
38767      INFO  main            d.u.i.k.p.r.p.TestFile    Now processing file /home/runner/work/key/key/key.core/../key.ui/examples/standard_key/arrays/arrayStoreException/array2Dim.key 
38767      INFO  main            d.u.i.k.p.i.AbstractProblemLoader Loading environment from /home/runner/work/key/key/key.core/../key.ui/examples/standard_key/arrays/arrayStoreException/array2Dim.key 
38773      DEBUG main            d.u.i.k.p.i.AbstractProblemLoader Environment load took 6.11ms 
38775      INFO  main            d.u.i.k.p.i.AbstractProblemLoader Creating init config 
41288      DEBUG main            d.u.i.k.p.i.AbstractProblemLoader Init config took 2.51s 
41308      INFO  main            d.u.i.k.p.i.AbstractProblemLoader Replaying proof array2Dim.key 
41324      DEBUG main            d.u.i.k.p.i.IntermediateProofReplayer Proof replay took 6.9ns 
44767      INFO  main            d.u.i.k.p.r.p.TestFile    ... finished proof: open goal(s) 
45021      INFO  main            d.u.i.k.p.r.p.TestFile    Now processing file /home/runner/work/key/key/key.core/../key.ui/examples/standard_key/arrays/arrayStoreException/array2DimClose.key 
45023      INFO  main            d.u.i.k.p.i.AbstractProblemLoader Loading environment from /home/runner/work/key/key/key.core/../key.ui/examples/standard_key/arrays/arrayStoreException/array2DimClose.key 
45023      DEBUG main            d.u.i.k.p.i.AbstractProblemLoader Environment load took 109.3ns 
45024      INFO  main            d.u.i.k.p.i.AbstractProblemLoader Creating init config 
47437      DEBUG main            d.u.i.k.p.i.AbstractProblemLoader Init config took 2.41s 
47466      INFO  main            d.u.i.k.p.i.AbstractProblemLoader Replaying proof array2DimClose.key 
47469      DEBUG main            d.u.i.k.p.i.IntermediateProofReplayer Proof replay took 17.2ns 
49707      INFO  main            d.u.i.k.p.r.p.TestFile    ... finished proof: open goal(s) 
50073      INFO  main            d.u.i.k.p.r.p.TestFile    Now processing file /home/runner/work/key/key/key.core/../key.ui/examples/standard_key/arrays/arrayStoreException/throwASEForPrim.key 
50073      INFO  main            d.u.i.k.p.i.AbstractProblemLoader Loading environment from /home/runner/work/key/key/key.core/../key.ui/examples/standard_key/arrays/arrayStoreException/throwASEForPrim.key 
50073      DEBUG main            d.u.i.k.p.i.AbstractProblemLoader Environment load took 110.2ns 
50075      INFO  main            d.u.i.k.p.i.AbstractProblemLoader Creating init config 
52396      DEBUG main            d.u.i.k.p.i.AbstractProblemLoader Init config took 2.32s 
52413      INFO  main            d.u.i.k.p.i.AbstractProblemLoader Replaying proof throwASEForPrim.key 
52415      DEBUG main            d.u.i.k.p.i.IntermediateProofReplayer Proof replay took 6.8ns 
56630      INFO  main            d.u.i.k.p.r.p.TestFile    ... finished proof: open goal(s) 
2884962    INFO  Test worker     d.u.i.k.p.r.RunAllProofsTestUnit Returning from test arrays 
2884963    INFO  Test worker     d.u.i.k.p.r.RunAllProofsTestUnit Running test javadl 
391        INFO  Timeout watchdog d.u.i.k.p.r.p.ForkedTestFileRunner Timeout watcher launched (2000 secs.) 
402        WARN  main            d.u.i.k.s.ProofSettings   The settings in /home/runner/.key/proof-settings.props are *not* read. 
474        INFO  main            d.u.i.k.p.r.p.TestFile    Now processing file /home/runner/work/key/key/key.core/../key.ui/examples/standard_key/instanceCreation/instanceCreation1.key 
593        INFO  main            d.u.i.k.p.i.AbstractProblemLoader Loading environment from /home/runner/work/key/key/key.core/../key.ui/examples/standard_key/instanceCreation/instanceCreation1.key 
620        DEBUG main            d.u.i.k.p.i.AbstractProblemLoader Environment load took 1.95ms 
868        INFO  main            d.u.i.k.p.i.AbstractProblemLoader Creating init config 
1664       DEBUG main            d.u.i.k.j.TypeConverter   No LDT found for Meta 
1665       DEBUG main            d.u.i.k.j.TypeConverter   No LDT found for Meta 
1666       DEBUG main            d.u.i.k.j.TypeConverter   No LDT found for Meta 
1666       DEBUG main            d.u.i.k.j.TypeConverter   No LDT found for Meta 
3150       DEBUG main            d.u.i.k.j.TypeConverter   No LDT found for JavaBigintExpression 
8409       DEBUG main            d.u.i.k.p.i.AbstractProblemLoader Init config took 7.54s 
8472       INFO  main            d.u.i.k.p.i.AbstractProblemLoader Replaying proof instanceCreation1.key 
8505       DEBUG main            d.u.i.k.p.i.IntermediateProofReplayer Proof replay took 37.3ns 
9543       INFO  main            d.u.i.k.p.r.p.TestFile    ... finished proof: closed. 
9699       INFO  main            d.u.i.k.p.i.AbstractProblemLoader Loading environment from /home/runner/work/key/key/key.core/../key.ui/examples/standard_key/instanceCreation/instanceCreation1.key.proof 
9701       DEBUG main            d.u.i.k.p.i.AbstractProblemLoader Environment load took 1.56ms 
9707       INFO  main            d.u.i.k.p.i.AbstractProblemLoader Creating init config 
12693      DEBUG main            d.u.i.k.p.i.AbstractProblemLoader Init config took 2.99s 
12733      INFO  main            d.u.i.k.p.i.AbstractProblemLoader Replaying proof instanceCreation1.key.proof 
12883      DEBUG main            d.u.i.k.p.i.IntermediateProofReplayer Proof replay took 135.72ms 
12896      DEBUG main            d.u.i.k.p.r.p.TestFile    ... success: reloaded. 
12897      INFO  main            d.u.i.k.p.r.p.TestFile    Now processing file /home/runner/work/key/key/key.core/../key.ui/examples/standard_key/instanceCreation/instanceCreation2.key 
12898      INFO  main            d.u.i.k.p.i.AbstractProblemLoader Loading environment from /home/runner/work/key/key/key.core/../key.ui/examples/standard_key/instanceCreation/instanceCreation2.key 
12898      DEBUG main            d.u.i.k.p.i.AbstractProblemLoader Environment load took 259.7ns 
12903      INFO  main            d.u.i.k.p.i.AbstractProblemLoader Creating init config 
15832      DEBUG main            d.u.i.k.p.i.AbstractProblemLoader Init config took 2.93s 
15862      INFO  main            d.u.i.k.p.i.AbstractProblemLoader Replaying proof instanceCreation2.key 
15865      DEBUG main            d.u.i.k.p.i.IntermediateProofReplayer Proof replay took 7.1ns 
16371      INFO  main            d.u.i.k.p.r.p.TestFile    ... finished proof: closed. 
16537      INFO  main            d.u.i.k.p.i.AbstractProblemLoader Loading environment from /home/runner/work/key/key/key.core/../key.ui/examples/standard_key/instanceCreation/instanceCreation2.key.proof 
16538      DEBUG main            d.u.i.k.p.i.AbstractProblemLoader Environment load took 456.71ns 
16540      INFO  main            d.u.i.k.p.i.AbstractProblemLoader Creating init config 
19376      DEBUG main            d.u.i.k.p.i.AbstractProblemLoader Init config took 2.84s 
19407      INFO  main            d.u.i.k.p.i.AbstractProblemLoader Replaying proof instanceCreation2.key.proof 
19520      DEBUG main            d.u.i.k.p.i.IntermediateProofReplayer Proof replay took 104.23ms 
19522      DEBUG main            d.u.i.k.p.r.p.TestFile    ... success: reloaded. 
19524      INFO  main            d.u.i.k.p.r.p.TestFile    Now processing file /home/runner/work/key/key/key.core/../key.ui/examples/standard_key/instanceCreation/interfacesAndAbstractClassesHaveNoInstances.key 
19525      INFO  main            d.u.i.k.p.i.AbstractProblemLoader Loading environment from /home/runner/work/key/key/key.core/../key.ui/examples/standard_key/instanceCreation/interfacesAndAbstractClassesHaveNoInstances.key 
19525      DEBUG main            d.u.i.k.p.i.AbstractProblemLoader Environment load took 225.7ns 
19527      INFO  main            d.u.i.k.p.i.AbstractProblemLoader Creating init config 
22375      DEBUG main            d.u.i.k.p.i.AbstractProblemLoader Init config took 2.85s 
22396      INFO  main            d.u.i.k.p.i.AbstractProblemLoader Replaying proof interfacesAndAbstractClassesHaveNoInstances.key 
22398      DEBUG main            d.u.i.k.p.i.IntermediateProofReplayer Proof replay took 7.1ns 
22501      INFO  main            d.u.i.k.p.r.p.TestFile    ... finished proof: closed. 
22662      INFO  main            d.u.i.k.p.i.AbstractProblemLoader Loading environment from /home/runner/work/key/key/key.core/../key.ui/examples/standard_key/instanceCreation/interfacesAndAbstractClassesHaveNoInstances.key.proof 
22662      DEBUG main            d.u.i.k.p.i.AbstractProblemLoader Environment load took 128.3ns 
22663      INFO  main            d.u.i.k.p.i.AbstractProblemLoader Creating init config 
25423      DEBUG main            d.u.i.k.p.i.AbstractProblemLoader Init config took 2.76s 
25445      INFO  main            d.u.i.k.p.i.AbstractProblemLoader Replaying proof interfacesAndAbstractClassesHaveNoInstances.key.proof 
25448      DEBUG main            d.u.i.k.p.i.IntermediateProofReplayer Proof replay took 1.36ms 
25449      DEBUG main            d.u.i.k.p.r.p.TestFile    ... success: reloaded. 
25451      INFO  main            d.u.i.k.p.r.p.TestFile    Now processing file /home/runner/work/key/key/key.core/../key.ui/examples/standard_key/instanceCreation/successiveCreatedObjectsAreDistinct.key 
25451      INFO  main            d.u.i.k.p.i.AbstractProblemLoader Loading environment from /home/runner/work/key/key/key.core/../key.ui/examples/standard_key/instanceCreation/successiveCreatedObjectsAreDistinct.key 
25451      DEBUG main            d.u.i.k.p.i.AbstractProblemLoader Environment load took 219.6ns 
25453      INFO  main            d.u.i.k.p.i.AbstractProblemLoader Creating init config 
28208      DEBUG main            d.u.i.k.p.i.AbstractProblemLoader Init config took 2.76s 
28230      INFO  main            d.u.i.k.p.i.AbstractProblemLoader Replaying proof successiveCreatedObjectsAreDistinct.key 
28232      DEBUG main            d.u.i.k.p.i.IntermediateProofReplayer Proof replay took 7.4ns 
28538      INFO  main            d.u.i.k.p.r.p.TestFile    ... finished proof: closed. 
28769      INFO  main            d.u.i.k.p.i.AbstractProblemLoader Loading environment from /home/runner/work/key/key/key.core/../key.ui/examples/standard_key/instanceCreation/successiveCreatedObjectsAreDistinct.key.proof 
28769      DEBUG main            d.u.i.k.p.i.AbstractProblemLoader Environment load took 140.6ns 
28770      INFO  main            d.u.i.k.p.i.AbstractProblemLoader Creating init config 
31490      DEBUG main            d.u.i.k.p.i.AbstractProblemLoader Init config took 2.72s 
31512      INFO  main            d.u.i.k.p.i.AbstractProblemLoader Replaying proof successiveCreatedObjectsAreDistinct.key.proof 
31565      DEBUG main            d.u.i.k.p.i.IntermediateProofReplayer Proof replay took 50.36ms 
31567      DEBUG main            d.u.i.k.p.r.p.TestFile    ... success: reloaded. 
31568      INFO  main            d.u.i.k.p.r.p.TestFile    Now processing file /home/runner/work/key/key/key.core/../key.ui/examples/standard_key/instanceCreation/testOverloadingConstructors.key 
31568      INFO  main            d.u.i.k.p.i.AbstractProblemLoader Loading environment from /home/runner/work/key/key/key.core/../key.ui/examples/standard_key/instanceCreation/testOverloadingConstructors.key 
31569      DEBUG main            d.u.i.k.p.i.AbstractProblemLoader Environment load took 207.2ns 
31570      INFO  main            d.u.i.k.p.i.AbstractProblemLoader Creating init config 
34271      DEBUG main            d.u.i.k.p.i.AbstractProblemLoader Init config took 2.7s 
34292      INFO  main            d.u.i.k.p.i.AbstractProblemLoader Replaying proof testOverloadingConstructors.key 
34294      DEBUG main            d.u.i.k.p.i.IntermediateProofReplayer Proof replay took 6ns 
34598      INFO  main            d.u.i.k.p.r.p.TestFile    ... finished proof: closed. 
34773      INFO  main            d.u.i.k.p.i.AbstractProblemLoader Loading environment from /home/runner/work/key/key/key.core/../key.ui/examples/standard_key/instanceCreation/testOverloadingConstructors.key.proof 
34774      DEBUG main            d.u.i.k.p.i.AbstractProblemLoader Environment load took 1.3ms 
34776      INFO  main            d.u.i.k.p.i.AbstractProblemLoader Creating init config 
37473      DEBUG main            d.u.i.k.p.i.AbstractProblemLoader Init config took 2.7s 
37494      INFO  main            d.u.i.k.p.i.AbstractProblemLoader Replaying proof testOverloadingConstructors.key.proof 
37538      DEBUG main            d.u.i.k.p.i.IntermediateProofReplayer Proof replay took 40.37ms 
37539      DEBUG main            d.u.i.k.p.r.p.TestFile    ... success: reloaded. 
37540      INFO  main            d.u.i.k.p.r.p.TestFile    Now processing file /home/runner/work/key/key/key.core/../key.ui/examples/standard_key/java_dl/SimpleAttributes.key 
37540      INFO  main            d.u.i.k.p.i.AbstractProblemLoader Loading environment from /home/runner/work/key/key/key.core/../key.ui/examples/standard_key/java_dl/SimpleAttributes.key 
37541      DEBUG main            d.u.i.k.p.i.AbstractProblemLoader Environment load took 82.1ns 
37542      INFO  main            d.u.i.k.p.i.AbstractProblemLoader Creating init config 
40216      DEBUG main            d.u.i.k.p.i.AbstractProblemLoader Init config took 2.67s 
40237      INFO  main            d.u.i.k.p.i.AbstractProblemLoader Replaying proof SimpleAttributes.key 
40239      DEBUG main            d.u.i.k.p.i.IntermediateProofReplayer Proof replay took 7.7ns 
40345      INFO  main            d.u.i.k.p.r.p.TestFile    ... finished proof: closed. 
40532      INFO  main            d.u.i.k.p.i.AbstractProblemLoader Loading environment from /home/runner/work/key/key/key.core/../key.ui/examples/standard_key/java_dl/SimpleAttributes.key.proof 
40533      DEBUG main            d.u.i.k.p.i.AbstractProblemLoader Environment load took 120.2ns 
40534      INFO  main            d.u.i.k.p.i.AbstractProblemLoader Creating init config 
43156      DEBUG main            d.u.i.k.p.i.AbstractProblemLoader Init config took 2.62s 
43176      INFO  main            d.u.i.k.p.i.AbstractProblemLoader Replaying proof SimpleAttributes.key.proof 
43198      DEBUG main            d.u.i.k.p.i.IntermediateProofReplayer Proof replay took 19.93ms 
43200      DEBUG main            d.u.i.k.p.r.p.TestFile    ... success: reloaded. 
43200      INFO  main            d.u.i.k.p.r.p.TestFile    Now processing file /home/runner/work/key/key/key.core/../key.ui/examples/standard_key/java_dl/arrayMax.key 
43201      INFO  main            d.u.i.k.p.i.AbstractProblemLoader Loading environment from /home/runner/work/key/key/key.core/../key.ui/examples/standard_key/java_dl/arrayMax.key 
43201      DEBUG main            d.u.i.k.p.i.AbstractProblemLoader Environment load took 201.7ns 
43207      INFO  main            d.u.i.k.p.i.AbstractProblemLoader Creating init config 
45902      DEBUG main            d.u.i.k.p.i.AbstractProblemLoader Init config took 2.7s 
45922      INFO  main            d.u.i.k.p.i.AbstractProblemLoader Replaying proof arrayMax.key 
45925      DEBUG main            d.u.i.k.p.i.IntermediateProofReplayer Proof replay took 6.1ns 
47232      INFO  main            d.u.i.k.p.r.p.TestFile    ... finished proof: closed. 
47445      INFO  main            d.u.i.k.p.i.AbstractProblemLoader Loading environment from /home/runner/work/key/key/key.core/../key.ui/examples/standard_key/java_dl/arrayMax.key.proof 
47445      DEBUG main            d.u.i.k.p.i.AbstractProblemLoader Environment load took 177.8ns 
47447      INFO  main            d.u.i.k.p.i.AbstractProblemLoader Creating init config 
50126      DEBUG main            d.u.i.k.p.i.AbstractProblemLoader Init config took 2.68s 
50146      INFO  main            d.u.i.k.p.i.AbstractProblemLoader Replaying proof arrayMax.key.proof 
50322      DEBUG main            d.u.i.k.p.i.IntermediateProofReplayer Proof replay took 168.69ms 
50324      DEBUG main            d.u.i.k.p.r.p.TestFile    ... success: reloaded. 
50325      INFO  main            d.u.i.k.p.r.p.TestFile    Now processing file /home/runner/work/key/key/key.core/../key.ui/examples/standard_key/java_dl/arrayUpdateSimp.key 
50325      INFO  main            d.u.i.k.p.i.AbstractProblemLoader Loading environment from /home/runner/work/key/key/key.core/../key.ui/examples/standard_key/java_dl/arrayUpdateSimp.key 
50326      DEBUG main            d.u.i.k.p.i.AbstractProblemLoader Environment load took 198.2ns 
50328      INFO  main            d.u.i.k.p.i.AbstractProblemLoader Creating init config 
50353      WARN  main            d.u.i.k.j.r.KeYCrossReferenceNameInfo Datatype java.io.PrintStream declared twice: Once in FILE:/home/runner/work/key/key/key.core/../key.ui/examples/standard_key/java_dl/./classpath/PrintStream.java and once in URL:file:/home/runner/work/key/key/key.core/build/resources/main/de/uka/ilkd/key/java/JavaRedux/java/io/PrintStream.java, Keeping one from URL:file:/home/runner/work/key/key/key.core/build/resources/main/de/uka/ilkd/key/java/JavaRedux/java/io/PrintStream.java 
50354      WARN  main            d.u.i.k.j.r.KeYCrossReferenceNameInfo Datatype java.lang.System declared twice: Once in FILE:/home/runner/work/key/key/key.core/../key.ui/examples/standard_key/java_dl/./classpath/System.java and once in URL:file:/home/runner/work/key/key/key.core/build/resources/main/de/uka/ilkd/key/java/JavaRedux/java/lang/System.java, Keeping one from URL:file:/home/runner/work/key/key/key.core/build/resources/main/de/uka/ilkd/key/java/JavaRedux/java/lang/System.java 
50354      WARN  main            d.u.i.k.j.r.KeYCrossReferenceNameInfo Datatype java.io.InputStream declared twice: Once in FILE:/home/runner/work/key/key/key.core/../key.ui/examples/standard_key/java_dl/./classpath/InputStream.java and once in URL:file:/home/runner/work/key/key/key.core/build/resources/main/de/uka/ilkd/key/java/JavaRedux/java/io/InputStream.java, Keeping one from URL:file:/home/runner/work/key/key/key.core/build/resources/main/de/uka/ilkd/key/java/JavaRedux/java/io/InputStream.java 
50360      DEBUG main            d.u.i.k.j.r.ClassFileDeclarationBuilder Parsing: package java.io; public class Closeable { } 
50360      DEBUG main            r.s.KeYCrossReferenceSourceInfo Dynamically created class: java.io.Closeable 
53061      DEBUG main            d.u.i.k.p.i.AbstractProblemLoader Init config took 2.73s 
53082      INFO  main            d.u.i.k.p.i.AbstractProblemLoader Replaying proof arrayUpdateSimp.key 
53084      DEBUG main            d.u.i.k.p.i.IntermediateProofReplayer Proof replay took 7.9ns 
53187      INFO  main            d.u.i.k.p.r.p.TestFile    ... finished proof: closed. 
53391      INFO  main            d.u.i.k.p.i.AbstractProblemLoader Loading environment from /home/runner/work/key/key/key.core/../key.ui/examples/standard_key/java_dl/arrayUpdateSimp.key.proof 
53391      DEBUG main            d.u.i.k.p.i.AbstractProblemLoader Environment load took 120.8ns 
53399      INFO  main            d.u.i.k.p.i.AbstractProblemLoader Creating init config 
53425      WARN  main            d.u.i.k.j.r.KeYCrossReferenceNameInfo Datatype java.io.PrintStream declared twice: Once in FILE:/home/runner/work/key/key/key.core/../key.ui/examples/standard_key/java_dl/classpath/PrintStream.java and once in URL:file:/home/runner/work/key/key/key.core/build/resources/main/de/uka/ilkd/key/java/JavaRedux/java/io/PrintStream.java, Keeping one from URL:file:/home/runner/work/key/key/key.core/build/resources/main/de/uka/ilkd/key/java/JavaRedux/java/io/PrintStream.java 
53425      WARN  main            d.u.i.k.j.r.KeYCrossReferenceNameInfo Datatype java.lang.System declared twice: Once in FILE:/home/runner/work/key/key/key.core/../key.ui/examples/standard_key/java_dl/classpath/System.java and once in URL:file:/home/runner/work/key/key/key.core/build/resources/main/de/uka/ilkd/key/java/JavaRedux/java/lang/System.java, Keeping one from URL:file:/home/runner/work/key/key/key.core/build/resources/main/de/uka/ilkd/key/java/JavaRedux/java/lang/System.java 
53426      WARN  main            d.u.i.k.j.r.KeYCrossReferenceNameInfo Datatype java.io.InputStream declared twice: Once in FILE:/home/runner/work/key/key/key.core/../key.ui/examples/standard_key/java_dl/classpath/InputStream.java and once in URL:file:/home/runner/work/key/key/key.core/build/resources/main/de/uka/ilkd/key/java/JavaRedux/java/io/InputStream.java, Keeping one from URL:file:/home/runner/work/key/key/key.core/build/resources/main/de/uka/ilkd/key/java/JavaRedux/java/io/InputStream.java 
53430      DEBUG main            d.u.i.k.j.r.ClassFileDeclarationBuilder Parsing: package java.io; public class Closeable { } 
53430      DEBUG main            r.s.KeYCrossReferenceSourceInfo Dynamically created class: java.io.Closeable 
56009      DEBUG main            d.u.i.k.p.i.AbstractProblemLoader Init config took 2.61s 
56029      INFO  main            d.u.i.k.p.i.AbstractProblemLoader Replaying proof arrayUpdateSimp.key.proof 
56032      DEBUG main            d.u.i.k.p.i.IntermediateProofReplayer Proof replay took 626.11ns 
56033      DEBUG main            d.u.i.k.p.r.p.TestFile    ... success: reloaded. 
56034      INFO  main            d.u.i.k.p.r.p.TestFile    Now processing file /home/runner/work/key/key/key.core/../key.ui/examples/standard_key/java_dl/attributes.key 
56035      INFO  main            d.u.i.k.p.i.AbstractProblemLoader Loading environment from /home/runner/work/key/key/key.core/../key.ui/examples/standard_key/java_dl/attributes.key 
56035      DEBUG main            d.u.i.k.p.i.AbstractProblemLoader Environment load took 213.2ns 
56036      INFO  main            d.u.i.k.p.i.AbstractProblemLoader Creating init config 
58721      DEBUG main            d.u.i.k.p.i.AbstractProblemLoader Init config took 2.68s 
58740      INFO  main            d.u.i.k.p.i.AbstractProblemLoader Replaying proof attributes.key 
58742      DEBUG main            d.u.i.k.p.i.IntermediateProofReplayer Proof replay took 7.9ns 
58945      INFO  main            d.u.i.k.p.r.p.TestFile    ... finished proof: closed. 
59134      INFO  main            d.u.i.k.p.i.AbstractProblemLoader Loading environment from /home/runner/work/key/key/key.core/../key.ui/examples/standard_key/java_dl/attributes.key.proof 
59135      DEBUG main            d.u.i.k.p.i.AbstractProblemLoader Environment load took 129.8ns 
59136      INFO  main            d.u.i.k.p.i.AbstractProblemLoader Creating init config 
61725      DEBUG main            d.u.i.k.p.i.AbstractProblemLoader Init config took 2.59s 
61747      INFO  main            d.u.i.k.p.i.AbstractProblemLoader Replaying proof attributes.key.proof 
61782      DEBUG main            d.u.i.k.p.i.IntermediateProofReplayer Proof replay took 32.77ms 
61783      DEBUG main            d.u.i.k.p.r.p.TestFile    ... success: reloaded. 
61784      INFO  main            d.u.i.k.p.r.p.TestFile    Now processing file /home/runner/work/key/key/key.core/../key.ui/examples/standard_key/java_dl/break.key 
61792      INFO  main            d.u.i.k.p.i.AbstractProblemLoader Loading environment from /home/runner/work/key/key/key.core/../key.ui/examples/standard_key/java_dl/break.key 
61792      DEBUG main            d.u.i.k.p.i.AbstractProblemLoader Environment load took 246.9ns 
61793      INFO  main            d.u.i.k.p.i.AbstractProblemLoader Creating init config 
61849      WARN  main            d.u.i.k.j.r.KeYCrossReferenceNameInfo Datatype java.io.PrintStream declared twice: Once in FILE:/home/runner/work/key/key/key.core/../key.ui/examples/standard_key/java_dl/classpath/PrintStream.java and once in URL:file:/home/runner/work/key/key/key.core/build/resources/main/de/uka/ilkd/key/java/JavaRedux/java/io/PrintStream.java, Keeping one from URL:file:/home/runner/work/key/key/key.core/build/resources/main/de/uka/ilkd/key/java/JavaRedux/java/io/PrintStream.java 
61849      WARN  main            d.u.i.k.j.r.KeYCrossReferenceNameInfo Datatype java.lang.System declared twice: Once in FILE:/home/runner/work/key/key/key.core/../key.ui/examples/standard_key/java_dl/classpath/System.java and once in URL:file:/home/runner/work/key/key/key.core/build/resources/main/de/uka/ilkd/key/java/JavaRedux/java/lang/System.java, Keeping one from URL:file:/home/runner/work/key/key/key.core/build/resources/main/de/uka/ilkd/key/java/JavaRedux/java/lang/System.java 
61850      WARN  main            d.u.i.k.j.r.KeYCrossReferenceNameInfo Datatype java.io.InputStream declared twice: Once in FILE:/home/runner/work/key/key/key.core/../key.ui/examples/standard_key/java_dl/classpath/InputStream.java and once in URL:file:/home/runner/work/key/key/key.core/build/resources/main/de/uka/ilkd/key/java/JavaRedux/java/io/InputStream.java, Keeping one from URL:file:/home/runner/work/key/key/key.core/build/resources/main/de/uka/ilkd/key/java/JavaRedux/java/io/InputStream.java 
61853      DEBUG main            d.u.i.k.j.r.ClassFileDeclarationBuilder Parsing: package java.io; public class Closeable { } 
61854      DEBUG main            r.s.KeYCrossReferenceSourceInfo Dynamically created class: java.io.Closeable 
64498      DEBUG main            d.u.i.k.p.i.AbstractProblemLoader Init config took 2.7s 
64515      INFO  main            d.u.i.k.p.i.AbstractProblemLoader Replaying proof break.key 
64517      DEBUG main            d.u.i.k.p.i.IntermediateProofReplayer Proof replay took 6.9ns 
64619      INFO  main            d.u.i.k.p.r.p.TestFile    ... finished proof: closed. 
64809      INFO  main            d.u.i.k.p.i.AbstractProblemLoader Loading environment from /home/runner/work/key/key/key.core/../key.ui/examples/standard_key/java_dl/break.key.proof 
64809      DEBUG main            d.u.i.k.p.i.AbstractProblemLoader Environment load took 115.4ns 
64811      INFO  main            d.u.i.k.p.i.AbstractProblemLoader Creating init config 
64834      WARN  main            d.u.i.k.j.r.KeYCrossReferenceNameInfo Datatype java.io.PrintStream declared twice: Once in FILE:/home/runner/work/key/key/key.core/../key.ui/examples/standard_key/java_dl/classpath/PrintStream.java and once in URL:file:/home/runner/work/key/key/key.core/build/resources/main/de/uka/ilkd/key/java/JavaRedux/java/io/PrintStream.java, Keeping one from URL:file:/home/runner/work/key/key/key.core/build/resources/main/de/uka/ilkd/key/java/JavaRedux/java/io/PrintStream.java 
64834      WARN  main            d.u.i.k.j.r.KeYCrossReferenceNameInfo Datatype java.lang.System declared twice: Once in FILE:/home/runner/work/key/key/key.core/../key.ui/examples/standard_key/java_dl/classpath/System.java and once in URL:file:/home/runner/work/key/key/key.core/build/resources/main/de/uka/ilkd/key/java/JavaRedux/java/lang/System.java, Keeping one from URL:file:/home/runner/work/key/key/key.core/build/resources/main/de/uka/ilkd/key/java/JavaRedux/java/lang/System.java 
64834      WARN  main            d.u.i.k.j.r.KeYCrossReferenceNameInfo Datatype java.io.InputStream declared twice: Once in FILE:/home/runner/work/key/key/key.core/../key.ui/examples/standard_key/java_dl/classpath/InputStream.java and once in URL:file:/home/runner/work/key/key/key.core/build/resources/main/de/uka/ilkd/key/java/JavaRedux/java/io/InputStream.java, Keeping one from URL:file:/home/runner/work/key/key/key.core/build/resources/main/de/uka/ilkd/key/java/JavaRedux/java/io/InputStream.java 
64837      DEBUG main            d.u.i.k.j.r.ClassFileDeclarationBuilder Parsing: package java.io; public class Closeable { } 
64838      DEBUG main            r.s.KeYCrossReferenceSourceInfo Dynamically created class: java.io.Closeable 
67350      DEBUG main            d.u.i.k.p.i.AbstractProblemLoader Init config took 2.54s 
67369      INFO  main            d.u.i.k.p.i.AbstractProblemLoader Replaying proof break.key.proof 
67379      DEBUG main            d.u.i.k.p.i.IntermediateProofReplayer Proof replay took 7.54ms 
67380      DEBUG main            d.u.i.k.p.r.p.TestFile    ... success: reloaded. 
67382      INFO  main            d.u.i.k.p.r.p.TestFile    Now processing file /home/runner/work/key/key/key.core/../key.ui/examples/standard_key/java_dl/char.key 
67382      INFO  main            d.u.i.k.p.i.AbstractProblemLoader Loading environment from /home/runner/work/key/key/key.core/../key.ui/examples/standard_key/java_dl/char.key 
67382      DEBUG main            d.u.i.k.p.i.AbstractProblemLoader Environment load took 96.6ns 
67383      INFO  main            d.u.i.k.p.i.AbstractProblemLoader Creating init config 
70004      DEBUG main            d.u.i.k.p.i.AbstractProblemLoader Init config took 2.62s 
70027      INFO  main            d.u.i.k.p.i.AbstractProblemLoader Replaying proof char.key 
70029      DEBUG main            d.u.i.k.p.i.IntermediateProofReplayer Proof replay took 7.6ns 
70131      INFO  main            d.u.i.k.p.r.p.TestFile    ... finished proof: closed. 
70361      INFO  main            d.u.i.k.p.i.AbstractProblemLoader Loading environment from /home/runner/work/key/key/key.core/../key.ui/examples/standard_key/java_dl/char.key.proof 
70361      DEBUG main            d.u.i.k.p.i.AbstractProblemLoader Environment load took 124ns 
70362      INFO  main            d.u.i.k.p.i.AbstractProblemLoader Creating init config 
72898      DEBUG main            d.u.i.k.p.i.AbstractProblemLoader Init config took 2.54s 
72917      INFO  main            d.u.i.k.p.i.AbstractProblemLoader Replaying proof char.key.proof 
72924      DEBUG main            d.u.i.k.p.i.IntermediateProofReplayer Proof replay took 2.69ms 
72926      DEBUG main            d.u.i.k.p.r.p.TestFile    ... success: reloaded. 
72927      INFO  main            d.u.i.k.p.r.p.TestFile    Now processing file /home/runner/work/key/key/key.core/../key.ui/examples/standard_key/java_dl/compileTimeConstants.key 
72936      INFO  main            d.u.i.k.p.i.AbstractProblemLoader Loading environment from /home/runner/work/key/key/key.core/../key.ui/examples/standard_key/java_dl/compileTimeConstants.key 
72936      DEBUG main            d.u.i.k.p.i.AbstractProblemLoader Environment load took 240ns 
72938      INFO  main            d.u.i.k.p.i.AbstractProblemLoader Creating init config 
75609      DEBUG main            d.u.i.k.p.i.AbstractProblemLoader Init config took 2.67s 
75625      INFO  main            d.u.i.k.p.i.AbstractProblemLoader Replaying proof compileTimeConstants.key 
75627      DEBUG main            d.u.i.k.p.i.IntermediateProofReplayer Proof replay took 6.5ns 
75741      INFO  main            d.u.i.k.p.r.p.TestFile    ... finished proof: closed. 
75940      INFO  main            d.u.i.k.p.i.AbstractProblemLoader Loading environment from /home/runner/work/key/key/key.core/../key.ui/examples/standard_key/java_dl/compileTimeConstants.key.proof 
75941      DEBUG main            d.u.i.k.p.i.AbstractProblemLoader Environment load took 137.5ns 
75942      INFO  main            d.u.i.k.p.i.AbstractProblemLoader Creating init config 
78509      DEBUG main            d.u.i.k.p.i.AbstractProblemLoader Init config took 2.57s 
78524      INFO  main            d.u.i.k.p.i.AbstractProblemLoader Replaying proof compileTimeConstants.key.proof 
78536      DEBUG main            d.u.i.k.p.i.IntermediateProofReplayer Proof replay took 9.54ms 
78537      DEBUG main            d.u.i.k.p.r.p.TestFile    ... success: reloaded. 
78538      INFO  main            d.u.i.k.p.r.p.TestFile    Now processing file /home/runner/work/key/key/key.core/../key.ui/examples/standard_key/java_dl/constructorException/test.key 
78538      INFO  main            d.u.i.k.p.i.AbstractProblemLoader Loading environment from /home/runner/work/key/key/key.core/../key.ui/examples/standard_key/java_dl/constructorException/test.key 
78538      DEBUG main            d.u.i.k.p.i.AbstractProblemLoader Environment load took 78.4ns 
78539      INFO  main            d.u.i.k.p.i.AbstractProblemLoader Creating init config 
81159      DEBUG main            d.u.i.k.p.i.AbstractProblemLoader Init config took 2.62s 
81230      INFO  main            d.u.i.k.p.i.AbstractProblemLoader Replaying proof Test[Test::Test(int)].JML operation contract.0 
81231      DEBUG main            d.u.i.k.p.i.IntermediateProofReplayer Proof replay took 6.8ns 
81434      INFO  main            d.u.i.k.p.r.p.TestFile    ... finished proof: closed. 
81657      INFO  main            d.u.i.k.p.i.AbstractProblemLoader Loading environment from /home/runner/work/key/key/key.core/../key.ui/examples/standard_key/java_dl/constructorException/test.key.proof 
81657      DEBUG main            d.u.i.k.p.i.AbstractProblemLoader Environment load took 122.4ns 
81659      INFO  main            d.u.i.k.p.i.AbstractProblemLoader Creating init config 
84318      DEBUG main            d.u.i.k.p.i.AbstractProblemLoader Init config took 2.66s 
84360      INFO  main            d.u.i.k.p.i.AbstractProblemLoader Replaying proof Test[Test::Test(int)].JML operation contract.0 
84417      DEBUG main            d.u.i.k.p.i.IntermediateProofReplayer Proof replay took 54.29ms 
84418      DEBUG main            d.u.i.k.p.r.p.TestFile    ... success: reloaded. 
84419      INFO  main            d.u.i.k.p.r.p.TestFile    Now processing file /home/runner/work/key/key/key.core/../key.ui/examples/standard_key/java_dl/constructorException/regressionTestBug1333.key 
84420      INFO  main            d.u.i.k.p.i.AbstractProblemLoader Loading environment from /home/runner/work/key/key/key.core/../key.ui/examples/standard_key/java_dl/constructorException/regressionTestBug1333.key 
84420      DEBUG main            d.u.i.k.p.i.AbstractProblemLoader Environment load took 206.1ns 
84421      INFO  main            d.u.i.k.p.i.AbstractProblemLoader Creating init config 
87026      DEBUG main            d.u.i.k.p.i.AbstractProblemLoader Init config took 2.61s 
87071      INFO  main            d.u.i.k.p.i.AbstractProblemLoader Replaying proof False[False::False()].JML normal_behavior operation contract.0 
87074      DEBUG main            d.u.i.k.p.i.IntermediateProofReplayer Proof replay took 6.7ns 
87177      INFO  main            d.u.i.k.p.r.p.TestFile    ... finished proof: open goal(s) 
87421      INFO  main            d.u.i.k.p.r.p.TestFile    Now processing file /home/runner/work/key/key/key.core/../key.ui/examples/standard_key/java_dl/continue1.key 
87421      INFO  main            d.u.i.k.p.i.AbstractProblemLoader Loading environment from /home/runner/work/key/key/key.core/../key.ui/examples/standard_key/java_dl/continue1.key 
87421      DEBUG main            d.u.i.k.p.i.AbstractProblemLoader Environment load took 63.3ns 
87422      INFO  main            d.u.i.k.p.i.AbstractProblemLoader Creating init config 
87444      WARN  main            d.u.i.k.j.r.KeYCrossReferenceNameInfo Datatype java.io.PrintStream declared twice: Once in FILE:/home/runner/work/key/key/key.core/../key.ui/examples/standard_key/java_dl/classpath/PrintStream.java and once in URL:file:/home/runner/work/key/key/key.core/build/resources/main/de/uka/ilkd/key/java/JavaRedux/java/io/PrintStream.java, Keeping one from URL:file:/home/runner/work/key/key/key.core/build/resources/main/de/uka/ilkd/key/java/JavaRedux/java/io/PrintStream.java 
87444      WARN  main            d.u.i.k.j.r.KeYCrossReferenceNameInfo Datatype java.lang.System declared twice: Once in FILE:/home/runner/work/key/key/key.core/../key.ui/examples/standard_key/java_dl/classpath/System.java and once in URL:file:/home/runner/work/key/key/key.core/build/resources/main/de/uka/ilkd/key/java/JavaRedux/java/lang/System.java, Keeping one from URL:file:/home/runner/work/key/key/key.core/build/resources/main/de/uka/ilkd/key/java/JavaRedux/java/lang/System.java 
87444      WARN  main            d.u.i.k.j.r.KeYCrossReferenceNameInfo Datatype java.io.InputStream declared twice: Once in FILE:/home/runner/work/key/key/key.core/../key.ui/examples/standard_key/java_dl/classpath/InputStream.java and once in URL:file:/home/runner/work/key/key/key.core/build/resources/main/de/uka/ilkd/key/java/JavaRedux/java/io/InputStream.java, Keeping one from URL:file:/home/runner/work/key/key/key.core/build/resources/main/de/uka/ilkd/key/java/JavaRedux/java/io/InputStream.java 
87447      DEBUG main            d.u.i.k.j.r.ClassFileDeclarationBuilder Parsing: package java.io; public class Closeable { } 
87447      DEBUG main            r.s.KeYCrossReferenceSourceInfo Dynamically created class: java.io.Closeable 
89948      DEBUG main            d.u.i.k.p.i.AbstractProblemLoader Init config took 2.53s 
89963      INFO  main            d.u.i.k.p.i.AbstractProblemLoader Replaying proof continue1.key 
89965      DEBUG main            d.u.i.k.p.i.IntermediateProofReplayer Proof replay took 7ns 
90069      INFO  main            d.u.i.k.p.r.p.TestFile    ... finished proof: closed. 
90276      INFO  main            d.u.i.k.p.i.AbstractProblemLoader Loading environment from /home/runner/work/key/key/key.core/../key.ui/examples/standard_key/java_dl/continue1.key.proof 
90276      DEBUG main            d.u.i.k.p.i.AbstractProblemLoader Environment load took 124.3ns 
90277      INFO  main            d.u.i.k.p.i.AbstractProblemLoader Creating init config 
90300      WARN  main            d.u.i.k.j.r.KeYCrossReferenceNameInfo Datatype java.io.PrintStream declared twice: Once in FILE:/home/runner/work/key/key/key.core/../key.ui/examples/standard_key/java_dl/classpath/PrintStream.java and once in URL:file:/home/runner/work/key/key/key.core/build/resources/main/de/uka/ilkd/key/java/JavaRedux/java/io/PrintStream.java, Keeping one from URL:file:/home/runner/work/key/key/key.core/build/resources/main/de/uka/ilkd/key/java/JavaRedux/java/io/PrintStream.java 
90300      WARN  main            d.u.i.k.j.r.KeYCrossReferenceNameInfo Datatype java.lang.System declared twice: Once in FILE:/home/runner/work/key/key/key.core/../key.ui/examples/standard_key/java_dl/classpath/System.java and once in URL:file:/home/runner/work/key/key/key.core/build/resources/main/de/uka/ilkd/key/java/JavaRedux/java/lang/System.java, Keeping one from URL:file:/home/runner/work/key/key/key.core/build/resources/main/de/uka/ilkd/key/java/JavaRedux/java/lang/System.java 
90300      WARN  main            d.u.i.k.j.r.KeYCrossReferenceNameInfo Datatype java.io.InputStream declared twice: Once in FILE:/home/runner/work/key/key/key.core/../key.ui/examples/standard_key/java_dl/classpath/InputStream.java and once in URL:file:/home/runner/work/key/key/key.core/build/resources/main/de/uka/ilkd/key/java/JavaRedux/java/io/InputStream.java, Keeping one from URL:file:/home/runner/work/key/key/key.core/build/resources/main/de/uka/ilkd/key/java/JavaRedux/java/io/InputStream.java 
90303      DEBUG main            d.u.i.k.j.r.ClassFileDeclarationBuilder Parsing: package java.io; public class Closeable { } 
90304      DEBUG main            r.s.KeYCrossReferenceSourceInfo Dynamically created class: java.io.Closeable 
92903      DEBUG main            d.u.i.k.p.i.AbstractProblemLoader Init config took 2.63s 
92918      INFO  main            d.u.i.k.p.i.AbstractProblemLoader Replaying proof continue1.key.proof 
92935      DEBUG main            d.u.i.k.p.i.IntermediateProofReplayer Proof replay took 15.2ms 
92937      DEBUG main            d.u.i.k.p.r.p.TestFile    ... success: reloaded. 
92938      INFO  main            d.u.i.k.p.r.p.TestFile    Now processing file /home/runner/work/key/key/key.core/../key.ui/examples/standard_key/java_dl/continue2.key 
92951      INFO  main            d.u.i.k.p.i.AbstractProblemLoader Loading environment from /home/runner/work/key/key/key.core/../key.ui/examples/standard_key/java_dl/continue2.key 
92951      DEBUG main            d.u.i.k.p.i.AbstractProblemLoader Environment load took 379.4ns 
92953      INFO  main            d.u.i.k.p.i.AbstractProblemLoader Creating init config 
92976      WARN  main            d.u.i.k.j.r.KeYCrossReferenceNameInfo Datatype java.io.PrintStream declared twice: Once in FILE:/home/runner/work/key/key/key.core/../key.ui/examples/standard_key/java_dl/classpath/PrintStream.java and once in URL:file:/home/runner/work/key/key/key.core/build/resources/main/de/uka/ilkd/key/java/JavaRedux/java/io/PrintStream.java, Keeping one from URL:file:/home/runner/work/key/key/key.core/build/resources/main/de/uka/ilkd/key/java/JavaRedux/java/io/PrintStream.java 
92977      WARN  main            d.u.i.k.j.r.KeYCrossReferenceNameInfo Datatype java.lang.System declared twice: Once in FILE:/home/runner/work/key/key/key.core/../key.ui/examples/standard_key/java_dl/classpath/System.java and once in URL:file:/home/runner/work/key/key/key.core/build/resources/main/de/uka/ilkd/key/java/JavaRedux/java/lang/System.java, Keeping one from URL:file:/home/runner/work/key/key/key.core/build/resources/main/de/uka/ilkd/key/java/JavaRedux/java/lang/System.java 
92977      WARN  main            d.u.i.k.j.r.KeYCrossReferenceNameInfo Datatype java.io.InputStream declared twice: Once in FILE:/home/runner/work/key/key/key.core/../key.ui/examples/standard_key/java_dl/classpath/InputStream.java and once in URL:file:/home/runner/work/key/key/key.core/build/resources/main/de/uka/ilkd/key/java/JavaRedux/java/io/InputStream.java, Keeping one from URL:file:/home/runner/work/key/key/key.core/build/resources/main/de/uka/ilkd/key/java/JavaRedux/java/io/InputStream.java 
92980      DEBUG main            d.u.i.k.j.r.ClassFileDeclarationBuilder Parsing: package java.io; public class Closeable { } 
92980      DEBUG main            r.s.KeYCrossReferenceSourceInfo Dynamically created class: java.io.Closeable 
95571      DEBUG main            d.u.i.k.p.i.AbstractProblemLoader Init config took 2.62s 
95586      INFO  main            d.u.i.k.p.i.AbstractProblemLoader Replaying proof continue2.key 
95588      DEBUG main            d.u.i.k.p.i.IntermediateProofReplayer Proof replay took 7.6ns 
95894      INFO  main            d.u.i.k.p.r.p.TestFile    ... finished proof: closed. 
96127      INFO  main            d.u.i.k.p.i.AbstractProblemLoader Loading environment from /home/runner/work/key/key/key.core/../key.ui/examples/standard_key/java_dl/continue2.key.proof 
96128      DEBUG main            d.u.i.k.p.i.AbstractProblemLoader Environment load took 108.7ns 
96129      INFO  main            d.u.i.k.p.i.AbstractProblemLoader Creating init config 
96152      WARN  main            d.u.i.k.j.r.KeYCrossReferenceNameInfo Datatype java.io.PrintStream declared twice: Once in FILE:/home/runner/work/key/key/key.core/../key.ui/examples/standard_key/java_dl/classpath/PrintStream.java and once in URL:file:/home/runner/work/key/key/key.core/build/resources/main/de/uka/ilkd/key/java/JavaRedux/java/io/PrintStream.java, Keeping one from URL:file:/home/runner/work/key/key/key.core/build/resources/main/de/uka/ilkd/key/java/JavaRedux/java/io/PrintStream.java 
96152      WARN  main            d.u.i.k.j.r.KeYCrossReferenceNameInfo Datatype java.lang.System declared twice: Once in FILE:/home/runner/work/key/key/key.core/../key.ui/examples/standard_key/java_dl/classpath/System.java and once in URL:file:/home/runner/work/key/key/key.core/build/resources/main/de/uka/ilkd/key/java/JavaRedux/java/lang/System.java, Keeping one from URL:file:/home/runner/work/key/key/key.core/build/resources/main/de/uka/ilkd/key/java/JavaRedux/java/lang/System.java 
96152      WARN  main            d.u.i.k.j.r.KeYCrossReferenceNameInfo Datatype java.io.InputStream declared twice: Once in FILE:/home/runner/work/key/key/key.core/../key.ui/examples/standard_key/java_dl/classpath/InputStream.java and once in URL:file:/home/runner/work/key/key/key.core/build/resources/main/de/uka/ilkd/key/java/JavaRedux/java/io/InputStream.java, Keeping one from URL:file:/home/runner/work/key/key/key.core/build/resources/main/de/uka/ilkd/key/java/JavaRedux/java/io/InputStream.java 
96155      DEBUG main            d.u.i.k.j.r.ClassFileDeclarationBuilder Parsing: package java.io; public class Closeable { } 
96155      DEBUG main            r.s.KeYCrossReferenceSourceInfo Dynamically created class: java.io.Closeable 
98640      DEBUG main            d.u.i.k.p.i.AbstractProblemLoader Init config took 2.51s 
98659      INFO  main            d.u.i.k.p.i.AbstractProblemLoader Replaying proof continue2.key.proof 
98715      DEBUG main            d.u.i.k.p.i.IntermediateProofReplayer Proof replay took 52.99ms 
98716      DEBUG main            d.u.i.k.p.r.p.TestFile    ... success: reloaded. 
98717      INFO  main            d.u.i.k.p.r.p.TestFile    Now processing file /home/runner/work/key/key/key.core/../key.ui/examples/standard_key/java_dl/complexAssignment.key 
98717      INFO  main            d.u.i.k.p.i.AbstractProblemLoader Loading environment from /home/runner/work/key/key/key.core/../key.ui/examples/standard_key/java_dl/complexAssignment.key 
98717      DEBUG main            d.u.i.k.p.i.AbstractProblemLoader Environment load took 88.7ns 
98718      INFO  main            d.u.i.k.p.i.AbstractProblemLoader Creating init config 
101312     DEBUG main            d.u.i.k.p.i.AbstractProblemLoader Init config took 2.59s 
101326     INFO  main            d.u.i.k.p.i.AbstractProblemLoader Replaying proof complexAssignment.key 
101328     DEBUG main            d.u.i.k.p.i.IntermediateProofReplayer Proof replay took 7.7ns 
101433     INFO  main            d.u.i.k.p.r.p.TestFile    ... finished proof: closed. 
101666     INFO  main            d.u.i.k.p.i.AbstractProblemLoader Loading environment from /home/runner/work/key/key/key.core/../key.ui/examples/standard_key/java_dl/complexAssignment.key.proof 
101666     DEBUG main            d.u.i.k.p.i.AbstractProblemLoader Environment load took 106.3ns 
101667     INFO  main            d.u.i.k.p.i.AbstractProblemLoader Creating init config 
104155     DEBUG main            d.u.i.k.p.i.AbstractProblemLoader Init config took 2.49s 
104170     INFO  main            d.u.i.k.p.i.AbstractProblemLoader Replaying proof complexAssignment.key.proof 
104180     DEBUG main            d.u.i.k.p.i.IntermediateProofReplayer Proof replay took 6.85ms 
104181     DEBUG main            d.u.i.k.p.r.p.TestFile    ... success: reloaded. 
104182     INFO  main            d.u.i.k.p.r.p.TestFile    Now processing file /home/runner/work/key/key/key.core/../key.ui/examples/standard_key/java_dl/danglingElseSolution1.key 
104182     INFO  main            d.u.i.k.p.i.AbstractProblemLoader Loading environment from /home/runner/work/key/key/key.core/../key.ui/examples/standard_key/java_dl/danglingElseSolution1.key 
104183     DEBUG main            d.u.i.k.p.i.AbstractProblemLoader Environment load took 121.4ns 
104183     INFO  main            d.u.i.k.p.i.AbstractProblemLoader Creating init config 
106736     DEBUG main            d.u.i.k.p.i.AbstractProblemLoader Init config took 2.55s 
106751     INFO  main            d.u.i.k.p.i.AbstractProblemLoader Replaying proof danglingElseSolution1.key 
106752     DEBUG main            d.u.i.k.p.i.IntermediateProofReplayer Proof replay took 7.8ns 
106854     INFO  main            d.u.i.k.p.r.p.TestFile    ... finished proof: closed. 
107085     INFO  main            d.u.i.k.p.i.AbstractProblemLoader Loading environment from /home/runner/work/key/key/key.core/../key.ui/examples/standard_key/java_dl/danglingElseSolution1.key.proof 
107085     DEBUG main            d.u.i.k.p.i.AbstractProblemLoader Environment load took 109.7ns 
107086     INFO  main            d.u.i.k.p.i.AbstractProblemLoader Creating init config 
109580     DEBUG main            d.u.i.k.p.i.AbstractProblemLoader Init config took 2.49s 
109594     INFO  main            d.u.i.k.p.i.AbstractProblemLoader Replaying proof danglingElseSolution1.key.proof 
109616     DEBUG main            d.u.i.k.p.i.IntermediateProofReplayer Proof replay took 19.87ms 
109619     DEBUG main            d.u.i.k.p.r.p.TestFile    ... success: reloaded. 
109620     INFO  main            d.u.i.k.p.r.p.TestFile    Now processing file /home/runner/work/key/key/key.core/../key.ui/examples/standard_key/java_dl/danglingElseSolution2.key 
109620     INFO  main            d.u.i.k.p.i.AbstractProblemLoader Loading environment from /home/runner/work/key/key/key.core/../key.ui/examples/standard_key/java_dl/danglingElseSolution2.key 
109620     DEBUG main            d.u.i.k.p.i.AbstractProblemLoader Environment load took 91.7ns 
109621     INFO  main            d.u.i.k.p.i.AbstractProblemLoader Creating init config 
112198     DEBUG main            d.u.i.k.p.i.AbstractProblemLoader Init config took 2.58s 
112213     INFO  main            d.u.i.k.p.i.AbstractProblemLoader Replaying proof danglingElseSolution2.key 
112215     DEBUG main            d.u.i.k.p.i.IntermediateProofReplayer Proof replay took 6.9ns 
112317     INFO  main            d.u.i.k.p.r.p.TestFile    ... finished proof: closed. 
112553     INFO  main            d.u.i.k.p.i.AbstractProblemLoader Loading environment from /home/runner/work/key/key/key.core/../key.ui/examples/standard_key/java_dl/danglingElseSolution2.key.proof 
112554     DEBUG main            d.u.i.k.p.i.AbstractProblemLoader Environment load took 118.6ns 
112555     INFO  main            d.u.i.k.p.i.AbstractProblemLoader Creating init config 
115010     DEBUG main            d.u.i.k.p.i.AbstractProblemLoader Init config took 2.46s 
115025     INFO  main            d.u.i.k.p.i.AbstractProblemLoader Replaying proof danglingElseSolution2.key.proof 
115033     DEBUG main            d.u.i.k.p.i.IntermediateProofReplayer Proof replay took 6.84ms 
115034     DEBUG main            d.u.i.k.p.r.p.TestFile    ... success: reloaded. 
115035     INFO  main            d.u.i.k.p.r.p.TestFile    Now processing file /home/runner/work/key/key/key.core/../key.ui/examples/standard_key/java_dl/deepNonNull/deepNonNull0.key 
115035     INFO  main            d.u.i.k.p.i.AbstractProblemLoader Loading environment from /home/runner/work/key/key/key.core/../key.ui/examples/standard_key/java_dl/deepNonNull/deepNonNull0.key 
115035     DEBUG main            d.u.i.k.p.i.AbstractProblemLoader Environment load took 91.2ns 
115036     INFO  main            d.u.i.k.p.i.AbstractProblemLoader Creating init config 
117627     DEBUG main            d.u.i.k.p.i.AbstractProblemLoader Init config took 2.59s 
117691     INFO  main            d.u.i.k.p.i.AbstractProblemLoader Replaying proof Arrays[Arrays::get()].JML operation contract.0 
117694     DEBUG main            d.u.i.k.p.i.IntermediateProofReplayer Proof replay took 7.8ns 
117896     INFO  main            d.u.i.k.p.r.p.TestFile    ... finished proof: closed. 
118146     INFO  main            d.u.i.k.p.i.AbstractProblemLoader Loading environment from /home/runner/work/key/key/key.core/../key.ui/examples/standard_key/java_dl/deepNonNull/deepNonNull0.key.proof 
118150     DEBUG main            d.u.i.k.p.i.AbstractProblemLoader Environment load took 4.35ms 
118151     INFO  main            d.u.i.k.p.i.AbstractProblemLoader Creating init config 
120722     DEBUG main            d.u.i.k.p.i.AbstractProblemLoader Init config took 2.57s 
120762     INFO  main            d.u.i.k.p.i.AbstractProblemLoader Replaying proof Arrays[Arrays::get()].JML operation contract.0 
120780     DEBUG main            d.u.i.k.p.i.IntermediateProofReplayer Proof replay took 16.08ms 
120781     DEBUG main            d.u.i.k.p.r.p.TestFile    ... success: reloaded. 
120782     INFO  main            d.u.i.k.p.r.p.TestFile    Now processing file /home/runner/work/key/key/key.core/../key.ui/examples/standard_key/java_dl/deepNonNull/deepNonNull1.key 
120782     INFO  main            d.u.i.k.p.i.AbstractProblemLoader Loading environment from /home/runner/work/key/key/key.core/../key.ui/examples/standard_key/java_dl/deepNonNull/deepNonNull1.key 
120782     DEBUG main            d.u.i.k.p.i.AbstractProblemLoader Environment load took 85.2ns 
120783     INFO  main            d.u.i.k.p.i.AbstractProblemLoader Creating init config 
123381     DEBUG main            d.u.i.k.p.i.AbstractProblemLoader Init config took 2.6s 
123418     INFO  main            d.u.i.k.p.i.AbstractProblemLoader Replaying proof Arrays[Arrays::head()].JML operation contract.0 
123419     DEBUG main            d.u.i.k.p.i.IntermediateProofReplayer Proof replay took 6.5ns 
123621     INFO  main            d.u.i.k.p.r.p.TestFile    ... finished proof: closed. 
123880     INFO  main            d.u.i.k.p.i.AbstractProblemLoader Loading environment from /home/runner/work/key/key/key.core/../key.ui/examples/standard_key/java_dl/deepNonNull/deepNonNull1.key.proof 
123880     DEBUG main            d.u.i.k.p.i.AbstractProblemLoader Environment load took 114.5ns 
123881     INFO  main            d.u.i.k.p.i.AbstractProblemLoader Creating init config 
126425     DEBUG main            d.u.i.k.p.i.AbstractProblemLoader Init config took 2.54s 
126462     INFO  main            d.u.i.k.p.i.AbstractProblemLoader Replaying proof Arrays[Arrays::head()].JML operation contract.0 
126481     DEBUG main            d.u.i.k.p.i.IntermediateProofReplayer Proof replay took 16.53ms 
126482     DEBUG main            d.u.i.k.p.r.p.TestFile    ... success: reloaded. 
126482     INFO  main            d.u.i.k.p.r.p.TestFile    Now processing file /home/runner/work/key/key/key.core/../key.ui/examples/standard_key/java_dl/deepNonNull/deepNonNull2.key 
126482     INFO  main            d.u.i.k.p.i.AbstractProblemLoader Loading environment from /home/runner/work/key/key/key.core/../key.ui/examples/standard_key/java_dl/deepNonNull/deepNonNull2.key 
126483     DEBUG main            d.u.i.k.p.i.AbstractProblemLoader Environment load took 94.8ns 
126483     INFO  main            d.u.i.k.p.i.AbstractProblemLoader Creating init config 
129078     DEBUG main            d.u.i.k.p.i.AbstractProblemLoader Init config took 2.59s 
129115     INFO  main            d.u.i.k.p.i.AbstractProblemLoader Replaying proof Arrays[Arrays::unprovable(java.lang.Object)].JML operation contract.0 
129116     DEBUG main            d.u.i.k.p.i.IntermediateProofReplayer Proof replay took 7.6ns 
129222     INFO  main            d.u.i.k.p.r.p.TestFile    ... finished proof: open goal(s) 
129510     INFO  main            d.u.i.k.p.r.p.TestFile    Now processing file /home/runner/work/key/key/key.core/../key.ui/examples/standard_key/java_dl/deepNonNull/deepNonNull3.key 
129510     INFO  main            d.u.i.k.p.i.AbstractProblemLoader Loading environment from /home/runner/work/key/key/key.core/../key.ui/examples/standard_key/java_dl/deepNonNull/deepNonNull3.key 
129510     DEBUG main            d.u.i.k.p.i.AbstractProblemLoader Environment load took 62ns 
129511     INFO  main            d.u.i.k.p.i.AbstractProblemLoader Creating init config 
132030     DEBUG main            d.u.i.k.p.i.AbstractProblemLoader Init config took 2.52s 
132067     INFO  main            d.u.i.k.p.i.AbstractProblemLoader Replaying proof Arrays[Arrays::head([[[[Ljava.lang.Object)].JML operation contract.0 
132068     DEBUG main            d.u.i.k.p.i.IntermediateProofReplayer Proof replay took 6.3ns 
132980     INFO  main            d.u.i.k.p.r.p.TestFile    ... finished proof: closed. 
133394     INFO  main            d.u.i.k.p.i.AbstractProblemLoader Loading environment from /home/runner/work/key/key/key.core/../key.ui/examples/standard_key/java_dl/deepNonNull/deepNonNull3.key.proof 
133396     DEBUG main            d.u.i.k.p.i.AbstractProblemLoader Environment load took 1.49ms 
133398     INFO  main            d.u.i.k.p.i.AbstractProblemLoader Creating init config 
135921     DEBUG main            d.u.i.k.p.i.AbstractProblemLoader Init config took 2.52s 
135957     INFO  main            d.u.i.k.p.i.AbstractProblemLoader Replaying proof Arrays[Arrays::head([[[[Ljava.lang.Object)].JML operation contract.0 
136018     DEBUG main            d.u.i.k.p.i.IntermediateProofReplayer Proof replay took 56.18ms 
136019     DEBUG main            d.u.i.k.p.r.p.TestFile    ... success: reloaded. 
136019     INFO  main            d.u.i.k.p.r.p.TestFile    Now processing file /home/runner/work/key/key/key.core/../key.ui/examples/standard_key/java_dl/exceptions.key 
136019     INFO  main            d.u.i.k.p.i.AbstractProblemLoader Loading environment from /home/runner/work/key/key/key.core/../key.ui/examples/standard_key/java_dl/exceptions.key 
136019     DEBUG main            d.u.i.k.p.i.AbstractProblemLoader Environment load took 98.5ns 
136020     INFO  main            d.u.i.k.p.i.AbstractProblemLoader Creating init config 
136042     WARN  main            d.u.i.k.j.r.KeYCrossReferenceNameInfo Datatype java.io.PrintStream declared twice: Once in FILE:/home/runner/work/key/key/key.core/../key.ui/examples/standard_key/java_dl/classpath/PrintStream.java and once in URL:file:/home/runner/work/key/key/key.core/build/resources/main/de/uka/ilkd/key/java/JavaRedux/java/io/PrintStream.java, Keeping one from URL:file:/home/runner/work/key/key/key.core/build/resources/main/de/uka/ilkd/key/java/JavaRedux/java/io/PrintStream.java 
136042     WARN  main            d.u.i.k.j.r.KeYCrossReferenceNameInfo Datatype java.lang.System declared twice: Once in FILE:/home/runner/work/key/key/key.core/../key.ui/examples/standard_key/java_dl/classpath/System.java and once in URL:file:/home/runner/work/key/key/key.core/build/resources/main/de/uka/ilkd/key/java/JavaRedux/java/lang/System.java, Keeping one from URL:file:/home/runner/work/key/key/key.core/build/resources/main/de/uka/ilkd/key/java/JavaRedux/java/lang/System.java 
136042     WARN  main            d.u.i.k.j.r.KeYCrossReferenceNameInfo Datatype java.io.InputStream declared twice: Once in FILE:/home/runner/work/key/key/key.core/../key.ui/examples/standard_key/java_dl/classpath/InputStream.java and once in URL:file:/home/runner/work/key/key/key.core/build/resources/main/de/uka/ilkd/key/java/JavaRedux/java/io/InputStream.java, Keeping one from URL:file:/home/runner/work/key/key/key.core/build/resources/main/de/uka/ilkd/key/java/JavaRedux/java/io/InputStream.java 
136045     DEBUG main            d.u.i.k.j.r.ClassFileDeclarationBuilder Parsing: package java.io; public class Closeable { } 
136045     DEBUG main            r.s.KeYCrossReferenceSourceInfo Dynamically created class: java.io.Closeable 
138564     DEBUG main            d.u.i.k.p.i.AbstractProblemLoader Init config took 2.54s 
138578     INFO  main            d.u.i.k.p.i.AbstractProblemLoader Replaying proof exceptions.key 
138579     DEBUG main            d.u.i.k.p.i.IntermediateProofReplayer Proof replay took 7ns 
138785     INFO  main            d.u.i.k.p.r.p.TestFile    ... finished proof: closed. 
139140     INFO  main            d.u.i.k.p.i.AbstractProblemLoader Loading environment from /home/runner/work/key/key/key.core/../key.ui/examples/standard_key/java_dl/exceptions.key.proof 
139141     DEBUG main            d.u.i.k.p.i.AbstractProblemLoader Environment load took 109.4ns 
139142     INFO  main            d.u.i.k.p.i.AbstractProblemLoader Creating init config 
139164     WARN  main            d.u.i.k.j.r.KeYCrossReferenceNameInfo Datatype java.io.PrintStream declared twice: Once in FILE:/home/runner/work/key/key/key.core/../key.ui/examples/standard_key/java_dl/classpath/PrintStream.java and once in URL:file:/home/runner/work/key/key/key.core/build/resources/main/de/uka/ilkd/key/java/JavaRedux/java/io/PrintStream.java, Keeping one from URL:file:/home/runner/work/key/key/key.core/build/resources/main/de/uka/ilkd/key/java/JavaRedux/java/io/PrintStream.java 
139165     WARN  main            d.u.i.k.j.r.KeYCrossReferenceNameInfo Datatype java.lang.System declared twice: Once in FILE:/home/runner/work/key/key/key.core/../key.ui/examples/standard_key/java_dl/classpath/System.java and once in URL:file:/home/runner/work/key/key/key.core/build/resources/main/de/uka/ilkd/key/java/JavaRedux/java/lang/System.java, Keeping one from URL:file:/home/runner/work/key/key/key.core/build/resources/main/de/uka/ilkd/key/java/JavaRedux/java/lang/System.java 
139165     WARN  main            d.u.i.k.j.r.KeYCrossReferenceNameInfo Datatype java.io.InputStream declared twice: Once in FILE:/home/runner/work/key/key/key.core/../key.ui/examples/standard_key/java_dl/classpath/InputStream.java and once in URL:file:/home/runner/work/key/key/key.core/build/resources/main/de/uka/ilkd/key/java/JavaRedux/java/io/InputStream.java, Keeping one from URL:file:/home/runner/work/key/key/key.core/build/resources/main/de/uka/ilkd/key/java/JavaRedux/java/io/InputStream.java 
139168     DEBUG main            d.u.i.k.j.r.ClassFileDeclarationBuilder Parsing: package java.io; public class Closeable { } 
139168     DEBUG main            r.s.KeYCrossReferenceSourceInfo Dynamically created class: java.io.Closeable 
141643     DEBUG main            d.u.i.k.p.i.AbstractProblemLoader Init config took 2.5s 
141658     INFO  main            d.u.i.k.p.i.AbstractProblemLoader Replaying proof exceptions.key.proof 
141693     DEBUG main            d.u.i.k.p.i.IntermediateProofReplayer Proof replay took 29.81ms 
141694     DEBUG main            d.u.i.k.p.r.p.TestFile    ... success: reloaded. 
141695     INFO  main            d.u.i.k.p.r.p.TestFile    Now processing file /home/runner/work/key/key/key.core/../key.ui/examples/standard_key/java_dl/exceptions1.key 
141695     INFO  main            d.u.i.k.p.i.AbstractProblemLoader Loading environment from /home/runner/work/key/key/key.core/../key.ui/examples/standard_key/java_dl/exceptions1.key 
141695     DEBUG main            d.u.i.k.p.i.AbstractProblemLoader Environment load took 80.7ns 
141696     INFO  main            d.u.i.k.p.i.AbstractProblemLoader Creating init config 
144208     DEBUG main            d.u.i.k.p.i.AbstractProblemLoader Init config took 2.51s 
144226     INFO  main            d.u.i.k.p.i.AbstractProblemLoader Replaying proof exceptions1.key 
144229     DEBUG main            d.u.i.k.p.i.IntermediateProofReplayer Proof replay took 7.4ns 
144432     INFO  main            d.u.i.k.p.r.p.TestFile    ... finished proof: closed. 
144715     INFO  main            d.u.i.k.p.i.AbstractProblemLoader Loading environment from /home/runner/work/key/key/key.core/../key.ui/examples/standard_key/java_dl/exceptions1.key.proof 
144715     DEBUG main            d.u.i.k.p.i.AbstractProblemLoader Environment load took 100.1ns 
144716     INFO  main            d.u.i.k.p.i.AbstractProblemLoader Creating init config 
147179     DEBUG main            d.u.i.k.p.i.AbstractProblemLoader Init config took 2.46s 
147193     INFO  main            d.u.i.k.p.i.AbstractProblemLoader Replaying proof exceptions1.key.proof 
147223     DEBUG main            d.u.i.k.p.i.IntermediateProofReplayer Proof replay took 26.96ms 
147224     DEBUG main            d.u.i.k.p.r.p.TestFile    ... success: reloaded. 
147225     INFO  main            d.u.i.k.p.r.p.TestFile    Now processing file /home/runner/work/key/key/key.core/../key.ui/examples/standard_key/java_dl/exceptions2.key 
147225     INFO  main            d.u.i.k.p.i.AbstractProblemLoader Loading environment from /home/runner/work/key/key/key.core/../key.ui/examples/standard_key/java_dl/exceptions2.key 
147226     DEBUG main            d.u.i.k.p.i.AbstractProblemLoader Environment load took 99.3ns 
147226     INFO  main            d.u.i.k.p.i.AbstractProblemLoader Creating init config 
149757     DEBUG main            d.u.i.k.p.i.AbstractProblemLoader Init config took 2.53s 
149771     INFO  main            d.u.i.k.p.i.AbstractProblemLoader Replaying proof exceptions2.key 
149774     DEBUG main            d.u.i.k.p.i.IntermediateProofReplayer Proof replay took 8.5ns 
149977     INFO  main            d.u.i.k.p.r.p.TestFile    ... finished proof: closed. 
150254     INFO  main            d.u.i.k.p.i.AbstractProblemLoader Loading environment from /home/runner/work/key/key/key.core/../key.ui/examples/standard_key/java_dl/exceptions2.key.proof 
150254     DEBUG main            d.u.i.k.p.i.AbstractProblemLoader Environment load took 99.4ns 
150255     INFO  main            d.u.i.k.p.i.AbstractProblemLoader Creating init config 
152700     DEBUG main            d.u.i.k.p.i.AbstractProblemLoader Init config took 2.44s 
152714     INFO  main            d.u.i.k.p.i.AbstractProblemLoader Replaying proof exceptions2.key.proof 
152743     DEBUG main            d.u.i.k.p.i.IntermediateProofReplayer Proof replay took 26.34ms 
152744     DEBUG main            d.u.i.k.p.r.p.TestFile    ... success: reloaded. 
152744     INFO  main            d.u.i.k.p.r.p.TestFile    Now processing file /home/runner/work/key/key/key.core/../key.ui/examples/standard_key/java_dl/exceptions3.key 
152745     INFO  main            d.u.i.k.p.i.AbstractProblemLoader Loading environment from /home/runner/work/key/key/key.core/../key.ui/examples/standard_key/java_dl/exceptions3.key 
152745     DEBUG main            d.u.i.k.p.i.AbstractProblemLoader Environment load took 72.7ns 
152746     INFO  main            d.u.i.k.p.i.AbstractProblemLoader Creating init config 
152767     WARN  main            d.u.i.k.j.r.KeYCrossReferenceNameInfo Datatype java.io.PrintStream declared twice: Once in FILE:/home/runner/work/key/key/key.core/../key.ui/examples/standard_key/java_dl/classpath/PrintStream.java and once in URL:file:/home/runner/work/key/key/key.core/build/resources/main/de/uka/ilkd/key/java/JavaRedux/java/io/PrintStream.java, Keeping one from URL:file:/home/runner/work/key/key/key.core/build/resources/main/de/uka/ilkd/key/java/JavaRedux/java/io/PrintStream.java 
152768     WARN  main            d.u.i.k.j.r.KeYCrossReferenceNameInfo Datatype java.lang.System declared twice: Once in FILE:/home/runner/work/key/key/key.core/../key.ui/examples/standard_key/java_dl/classpath/System.java and once in URL:file:/home/runner/work/key/key/key.core/build/resources/main/de/uka/ilkd/key/java/JavaRedux/java/lang/System.java, Keeping one from URL:file:/home/runner/work/key/key/key.core/build/resources/main/de/uka/ilkd/key/java/JavaRedux/java/lang/System.java 
152768     WARN  main            d.u.i.k.j.r.KeYCrossReferenceNameInfo Datatype java.io.InputStream declared twice: Once in FILE:/home/runner/work/key/key/key.core/../key.ui/examples/standard_key/java_dl/classpath/InputStream.java and once in URL:file:/home/runner/work/key/key/key.core/build/resources/main/de/uka/ilkd/key/java/JavaRedux/java/io/InputStream.java, Keeping one from URL:file:/home/runner/work/key/key/key.core/build/resources/main/de/uka/ilkd/key/java/JavaRedux/java/io/InputStream.java 
152771     DEBUG main            d.u.i.k.j.r.ClassFileDeclarationBuilder Parsing: package java.io; public class Closeable { } 
152771     DEBUG main            r.s.KeYCrossReferenceSourceInfo Dynamically created class: java.io.Closeable 
155299     DEBUG main            d.u.i.k.p.i.AbstractProblemLoader Init config took 2.55s 
155313     INFO  main            d.u.i.k.p.i.AbstractProblemLoader Replaying proof exceptions3.key 
155314     DEBUG main            d.u.i.k.p.i.IntermediateProofReplayer Proof replay took 7.7ns 
155417     INFO  main            d.u.i.k.p.r.p.TestFile    ... finished proof: closed. 
155700     INFO  main            d.u.i.k.p.i.AbstractProblemLoader Loading environment from /home/runner/work/key/key/key.core/../key.ui/examples/standard_key/java_dl/exceptions3.key.proof 
155700     DEBUG main            d.u.i.k.p.i.AbstractProblemLoader Environment load took 105.6ns 
155701     INFO  main            d.u.i.k.p.i.AbstractProblemLoader Creating init config 
155723     WARN  main            d.u.i.k.j.r.KeYCrossReferenceNameInfo Datatype java.io.PrintStream declared twice: Once in FILE:/home/runner/work/key/key/key.core/../key.ui/examples/standard_key/java_dl/classpath/PrintStream.java and once in URL:file:/home/runner/work/key/key/key.core/build/resources/main/de/uka/ilkd/key/java/JavaRedux/java/io/PrintStream.java, Keeping one from URL:file:/home/runner/work/key/key/key.core/build/resources/main/de/uka/ilkd/key/java/JavaRedux/java/io/PrintStream.java 
155724     WARN  main            d.u.i.k.j.r.KeYCrossReferenceNameInfo Datatype java.lang.System declared twice: Once in FILE:/home/runner/work/key/key/key.core/../key.ui/examples/standard_key/java_dl/classpath/System.java and once in URL:file:/home/runner/work/key/key/key.core/build/resources/main/de/uka/ilkd/key/java/JavaRedux/java/lang/System.java, Keeping one from URL:file:/home/runner/work/key/key/key.core/build/resources/main/de/uka/ilkd/key/java/JavaRedux/java/lang/System.java 
155724     WARN  main            d.u.i.k.j.r.KeYCrossReferenceNameInfo Datatype java.io.InputStream declared twice: Once in FILE:/home/runner/work/key/key/key.core/../key.ui/examples/standard_key/java_dl/classpath/InputStream.java and once in URL:file:/home/runner/work/key/key/key.core/build/resources/main/de/uka/ilkd/key/java/JavaRedux/java/io/InputStream.java, Keeping one from URL:file:/home/runner/work/key/key/key.core/build/resources/main/de/uka/ilkd/key/java/JavaRedux/java/io/InputStream.java 
155727     DEBUG main            d.u.i.k.j.r.ClassFileDeclarationBuilder Parsing: package java.io; public class Closeable { } 
155727     DEBUG main            r.s.KeYCrossReferenceSourceInfo Dynamically created class: java.io.Closeable 
158188     DEBUG main            d.u.i.k.p.i.AbstractProblemLoader Init config took 2.49s 
158202     INFO  main            d.u.i.k.p.i.AbstractProblemLoader Replaying proof exceptions3.key.proof 
158207     DEBUG main            d.u.i.k.p.i.IntermediateProofReplayer Proof replay took 3.08ms 
158208     DEBUG main            d.u.i.k.p.r.p.TestFile    ... success: reloaded. 
158209     INFO  main            d.u.i.k.p.r.p.TestFile    Now processing file /home/runner/work/key/key/key.core/../key.ui/examples/standard_key/java_dl/exchange.key 
158209     INFO  main            d.u.i.k.p.i.AbstractProblemLoader Loading environment from /home/runner/work/key/key/key.core/../key.ui/examples/standard_key/java_dl/exchange.key 
158209     DEBUG main            d.u.i.k.p.i.AbstractProblemLoader Environment load took 84.3ns 
158210     INFO  main            d.u.i.k.p.i.AbstractProblemLoader Creating init config 
160694     DEBUG main            d.u.i.k.p.i.AbstractProblemLoader Init config took 2.48s 
160709     INFO  main            d.u.i.k.p.i.AbstractProblemLoader Replaying proof exchange.key 
160710     DEBUG main            d.u.i.k.p.i.IntermediateProofReplayer Proof replay took 8.9ns 
160812     INFO  main            d.u.i.k.p.r.p.TestFile    ... finished proof: closed. 
161096     INFO  main            d.u.i.k.p.i.AbstractProblemLoader Loading environment from /home/runner/work/key/key/key.core/../key.ui/examples/standard_key/java_dl/exchange.key.proof 
161096     DEBUG main            d.u.i.k.p.i.AbstractProblemLoader Environment load took 102.1ns 
161097     INFO  main            d.u.i.k.p.i.AbstractProblemLoader Creating init config 
163567     DEBUG main            d.u.i.k.p.i.AbstractProblemLoader Init config took 2.47s 
163581     INFO  main            d.u.i.k.p.i.AbstractProblemLoader Replaying proof exchange.key.proof 
163588     DEBUG main            d.u.i.k.p.i.IntermediateProofReplayer Proof replay took 4.22ms 
163589     DEBUG main            d.u.i.k.p.r.p.TestFile    ... success: reloaded. 
163589     INFO  main            d.u.i.k.p.r.p.TestFile    Now processing file /home/runner/work/key/key/key.core/../key.ui/examples/standard_key/java_dl/if.key 
163590     INFO  main            d.u.i.k.p.i.AbstractProblemLoader Loading environment from /home/runner/work/key/key/key.core/../key.ui/examples/standard_key/java_dl/if.key 
163590     DEBUG main            d.u.i.k.p.i.AbstractProblemLoader Environment load took 169.8ns 
163591     INFO  main            d.u.i.k.p.i.AbstractProblemLoader Creating init config 
166095     DEBUG main            d.u.i.k.p.i.AbstractProblemLoader Init config took 2.5s 
166109     INFO  main            d.u.i.k.p.i.AbstractProblemLoader Replaying proof if.key 
166111     DEBUG main            d.u.i.k.p.i.IntermediateProofReplayer Proof replay took 8.6ns 
166215     INFO  main            d.u.i.k.p.r.p.TestFile    ... finished proof: closed. 
166524     INFO  main            d.u.i.k.p.i.AbstractProblemLoader Loading environment from /home/runner/work/key/key/key.core/../key.ui/examples/standard_key/java_dl/if.key.proof 
166524     DEBUG main            d.u.i.k.p.i.AbstractProblemLoader Environment load took 95.9ns 
166525     INFO  main            d.u.i.k.p.i.AbstractProblemLoader Creating init config 
168967     DEBUG main            d.u.i.k.p.i.AbstractProblemLoader Init config took 2.44s 
168980     INFO  main            d.u.i.k.p.i.AbstractProblemLoader Replaying proof if.key.proof 
168985     DEBUG main            d.u.i.k.p.i.IntermediateProofReplayer Proof replay took 2.59ms 
168985     DEBUG main            d.u.i.k.p.r.p.TestFile    ... success: reloaded. 
168986     INFO  main            d.u.i.k.p.r.p.TestFile    Now processing file /home/runner/work/key/key/key.core/../key.ui/examples/standard_key/java_dl/incrementcounter.key 
168986     INFO  main            d.u.i.k.p.i.AbstractProblemLoader Loading environment from /home/runner/work/key/key/key.core/../key.ui/examples/standard_key/java_dl/incrementcounter.key 
168987     DEBUG main            d.u.i.k.p.i.AbstractProblemLoader Environment load took 159.3ns 
168988     INFO  main            d.u.i.k.p.i.AbstractProblemLoader Creating init config 
171472     DEBUG main            d.u.i.k.p.i.AbstractProblemLoader Init config took 2.48s 
171486     INFO  main            d.u.i.k.p.i.AbstractProblemLoader Replaying proof incrementcounter.key 
171487     DEBUG main            d.u.i.k.p.i.IntermediateProofReplayer Proof replay took 7.6ns 
171589     INFO  main            d.u.i.k.p.r.p.TestFile    ... finished proof: closed. 
171956     INFO  main            d.u.i.k.p.i.AbstractProblemLoader Loading environment from /home/runner/work/key/key/key.core/../key.ui/examples/standard_key/java_dl/incrementcounter.key.proof 
171957     DEBUG main            d.u.i.k.p.i.AbstractProblemLoader Environment load took 97ns 
171959     INFO  main            d.u.i.k.p.i.AbstractProblemLoader Creating init config 
174405     DEBUG main            d.u.i.k.p.i.AbstractProblemLoader Init config took 2.45s 
174419     INFO  main            d.u.i.k.p.i.AbstractProblemLoader Replaying proof incrementcounter.key.proof 
174422     DEBUG main            d.u.i.k.p.i.IntermediateProofReplayer Proof replay took 1.69ms 
174423     DEBUG main            d.u.i.k.p.r.p.TestFile    ... success: reloaded. 
174423     INFO  main            d.u.i.k.p.r.p.TestFile    Now processing file /home/runner/work/key/key/key.core/../key.ui/examples/standard_key/java_dl/danglingElse.key 
174423     INFO  main            d.u.i.k.p.i.AbstractProblemLoader Loading environment from /home/runner/work/key/key/key.core/../key.ui/examples/standard_key/java_dl/danglingElse.key 
174423     DEBUG main            d.u.i.k.p.i.AbstractProblemLoader Environment load took 48.8ns 
174424     INFO  main            d.u.i.k.p.i.AbstractProblemLoader Creating init config 
176899     DEBUG main            d.u.i.k.p.i.AbstractProblemLoader Init config took 2.47s 
176912     INFO  main            d.u.i.k.p.i.AbstractProblemLoader Replaying proof danglingElse.key 
176914     DEBUG main            d.u.i.k.p.i.IntermediateProofReplayer Proof replay took 7.6ns 
177016     INFO  main            d.u.i.k.p.r.p.TestFile    ... finished proof: open goal(s) 
177366     INFO  main            d.u.i.k.p.r.p.TestFile    Now processing file /home/runner/work/key/key/key.core/../key.ui/examples/standard_key/java_dl/iteratedAssignment.key 
177367     INFO  main            d.u.i.k.p.i.AbstractProblemLoader Loading environment from /home/runner/work/key/key/key.core/../key.ui/examples/standard_key/java_dl/iteratedAssignment.key 
177367     DEBUG main            d.u.i.k.p.i.AbstractProblemLoader Environment load took 96.4ns 
177369     INFO  main            d.u.i.k.p.i.AbstractProblemLoader Creating init config 
179809     DEBUG main            d.u.i.k.p.i.AbstractProblemLoader Init config took 2.44s 
179824     INFO  main            d.u.i.k.p.i.AbstractProblemLoader Replaying proof iteratedAssignment.key 
179826     DEBUG main            d.u.i.k.p.i.IntermediateProofReplayer Proof replay took 8.7ns 
180130     INFO  main            d.u.i.k.p.r.p.TestFile    ... finished proof: closed. 
180441     INFO  main            d.u.i.k.p.i.AbstractProblemLoader Loading environment from /home/runner/work/key/key/key.core/../key.ui/examples/standard_key/java_dl/iteratedAssignment.key.proof 
180442     DEBUG main            d.u.i.k.p.i.AbstractProblemLoader Environment load took 91.6ns 
180443     INFO  main            d.u.i.k.p.i.AbstractProblemLoader Creating init config 
182884     DEBUG main            d.u.i.k.p.i.AbstractProblemLoader Init config took 2.44s 
182898     INFO  main            d.u.i.k.p.i.AbstractProblemLoader Replaying proof iteratedAssignment.key.proof 
182960     DEBUG main            d.u.i.k.p.i.IntermediateProofReplayer Proof replay took 58.55ms 
182961     DEBUG main            d.u.i.k.p.r.p.TestFile    ... success: reloaded. 
182962     INFO  main            d.u.i.k.p.r.p.TestFile    Now processing file /home/runner/work/key/key/key.core/../key.ui/examples/standard_key/java_dl/assert/assert1.key 
182963     INFO  main            d.u.i.k.p.i.AbstractProblemLoader Loading environment from /home/runner/work/key/key/key.core/../key.ui/examples/standard_key/java_dl/assert/assert1.key 
182963     DEBUG main            d.u.i.k.p.i.AbstractProblemLoader Environment load took 54.6ns 
182963     INFO  main            d.u.i.k.p.i.AbstractProblemLoader Creating init config 
185484     DEBUG main            d.u.i.k.p.i.AbstractProblemLoader Init config took 2.52s 
185518     INFO  main            d.u.i.k.p.i.AbstractProblemLoader Replaying proof C[C::foo()].JML normal_behavior operation contract.0 
185520     DEBUG main            d.u.i.k.p.i.IntermediateProofReplayer Proof replay took 7.4ns 
185723     INFO  main            d.u.i.k.p.r.p.TestFile    ... finished proof: open goal(s) 
186051     INFO  main            d.u.i.k.p.r.p.TestFile    Now processing file /home/runner/work/key/key/key.core/../key.ui/examples/standard_key/java_dl/assert/assert2.key 
186051     INFO  main            d.u.i.k.p.i.AbstractProblemLoader Loading environment from /home/runner/work/key/key/key.core/../key.ui/examples/standard_key/java_dl/assert/assert2.key 
186051     DEBUG main            d.u.i.k.p.i.AbstractProblemLoader Environment load took 59.2ns 
186052     INFO  main            d.u.i.k.p.i.AbstractProblemLoader Creating init config 
188533     DEBUG main            d.u.i.k.p.i.AbstractProblemLoader Init config took 2.48s 
188571     INFO  main            d.u.i.k.p.i.AbstractProblemLoader Replaying proof C[C::bar()].JML exceptional_behavior operation contract.0 
188573     DEBUG main            d.u.i.k.p.i.IntermediateProofReplayer Proof replay took 7.3ns 
188775     INFO  main            d.u.i.k.p.r.p.TestFile    ... finished proof: closed. 
189083     INFO  main            d.u.i.k.p.i.AbstractProblemLoader Loading environment from /home/runner/work/key/key/key.core/../key.ui/examples/standard_key/java_dl/assert/assert2.key.proof 
189083     DEBUG main            d.u.i.k.p.i.AbstractProblemLoader Environment load took 93.7ns 
189084     INFO  main            d.u.i.k.p.i.AbstractProblemLoader Creating init config 
191578     DEBUG main            d.u.i.k.p.i.AbstractProblemLoader Init config took 2.49s 
191612     INFO  main            d.u.i.k.p.i.AbstractProblemLoader Replaying proof C[C::bar()].JML exceptional_behavior operation contract.0 
191644     DEBUG main            d.u.i.k.p.i.IntermediateProofReplayer Proof replay took 30.29ms 
191645     DEBUG main            d.u.i.k.p.r.p.TestFile    ... success: reloaded. 
191646     INFO  main            d.u.i.k.p.r.p.TestFile    Now processing file /home/runner/work/key/key/key.core/../key.ui/examples/standard_key/java_dl/assert/assert3.key 
191646     INFO  main            d.u.i.k.p.i.AbstractProblemLoader Loading environment from /home/runner/work/key/key/key.core/../key.ui/examples/standard_key/java_dl/assert/assert3.key 
191646     DEBUG main            d.u.i.k.p.i.AbstractProblemLoader Environment load took 77.8ns 
191647     INFO  main            d.u.i.k.p.i.AbstractProblemLoader Creating init config 
194175     DEBUG main            d.u.i.k.p.i.AbstractProblemLoader Init config took 2.53s 
194231     INFO  main            d.u.i.k.p.i.AbstractProblemLoader Replaying proof C[C::foo()].JML normal_behavior operation contract.0 
194233     DEBUG main            d.u.i.k.p.i.IntermediateProofReplayer Proof replay took 7.6ns 
194337     INFO  main            d.u.i.k.p.r.p.TestFile    ... finished proof: open goal(s) 
194654     INFO  main            d.u.i.k.p.r.p.TestFile    Now processing file /home/runner/work/key/key/key.core/../key.ui/examples/standard_key/java_dl/java5/vararg.key 
194654     INFO  main            d.u.i.k.p.i.AbstractProblemLoader Loading environment from /home/runner/work/key/key/key.core/../key.ui/examples/standard_key/java_dl/java5/vararg.key 
194654     DEBUG main            d.u.i.k.p.i.AbstractProblemLoader Environment load took 59.4ns 
194655     INFO  main            d.u.i.k.p.i.AbstractProblemLoader Creating init config 
195560     DEBUG main            d.u.i.k.j.r.ClassPreparationMethodBuilder clPrepBuilder: Inner Class detected. Reject building class initialisation methods. 
197438     DEBUG main            d.u.i.k.p.i.AbstractProblemLoader Init config took 2.78s 
197458     INFO  main            d.u.i.k.p.i.AbstractProblemLoader Replaying proof vararg.key 
197459     DEBUG main            d.u.i.k.p.i.IntermediateProofReplayer Proof replay took 7.9ns 
198770     INFO  main            d.u.i.k.p.r.p.TestFile    ... finished proof: closed. 
199215     INFO  main            d.u.i.k.p.i.AbstractProblemLoader Loading environment from /home/runner/work/key/key/key.core/../key.ui/examples/standard_key/java_dl/java5/vararg.key.proof 
199215     DEBUG main            d.u.i.k.p.i.AbstractProblemLoader Environment load took 362.61ns 
199217     INFO  main            d.u.i.k.p.i.AbstractProblemLoader Creating init config 
200145     DEBUG main            d.u.i.k.j.r.ClassPreparationMethodBuilder clPrepBuilder: Inner Class detected. Reject building class initialisation methods. 
201998     DEBUG main            d.u.i.k.p.i.AbstractProblemLoader Init config took 2.78s 
202018     INFO  main            d.u.i.k.p.i.AbstractProblemLoader Replaying proof vararg.key.proof 
202276     DEBUG main            d.u.i.k.p.i.IntermediateProofReplayer Proof replay took 246.58ms 
202278     DEBUG main            d.u.i.k.p.r.p.TestFile    ... success: reloaded. 
202278     INFO  main            d.u.i.k.p.r.p.TestFile    Now processing file /home/runner/work/key/key/key.core/../key.ui/examples/standard_key/java_dl/java5/for_Array.key 
202279     INFO  main            d.u.i.k.p.i.AbstractProblemLoader Loading environment from /home/runner/work/key/key/key.core/../key.ui/examples/standard_key/java_dl/java5/for_Array.key 
202279     DEBUG main            d.u.i.k.p.i.AbstractProblemLoader Environment load took 85.6ns 
202280     INFO  main            d.u.i.k.p.i.AbstractProblemLoader Creating init config 
203163     DEBUG main            d.u.i.k.j.r.ClassPreparationMethodBuilder clPrepBuilder: Inner Class detected. Reject building class initialisation methods. 
205041     DEBUG main            d.u.i.k.p.i.AbstractProblemLoader Init config took 2.76s 
205093     INFO  main            d.u.i.k.p.i.AbstractProblemLoader Replaying proof For[For::sum([I)].JML operation contract.0 
205094     DEBUG main            d.u.i.k.p.i.IntermediateProofReplayer Proof replay took 23.5ns 
205496     INFO  main            d.u.i.k.p.r.p.TestFile    ... finished proof: closed. 
205883     INFO  main            d.u.i.k.p.i.AbstractProblemLoader Loading environment from /home/runner/work/key/key/key.core/../key.ui/examples/standard_key/java_dl/java5/for_Array.key.proof 
205883     DEBUG main            d.u.i.k.p.i.AbstractProblemLoader Environment load took 95.6ns 
205884     INFO  main            d.u.i.k.p.i.AbstractProblemLoader Creating init config 
206742     DEBUG main            d.u.i.k.j.r.ClassPreparationMethodBuilder clPrepBuilder: Inner Class detected. Reject building class initialisation methods. 
208562     DEBUG main            d.u.i.k.p.i.AbstractProblemLoader Init config took 2.68s 
208623     INFO  main            d.u.i.k.p.i.AbstractProblemLoader Replaying proof For[For::sum([I)].JML operation contract.0 
208691     DEBUG main            d.u.i.k.p.i.IntermediateProofReplayer Proof replay took 64.96ms 
208692     DEBUG main            d.u.i.k.p.r.p.TestFile    ... success: reloaded. 
208693     INFO  main            d.u.i.k.p.r.p.TestFile    Now processing file /home/runner/work/key/key/key.core/../key.ui/examples/standard_key/java_dl/java5/for_Iterable.key 
208694     INFO  main            d.u.i.k.p.i.AbstractProblemLoader Loading environment from /home/runner/work/key/key/key.core/../key.ui/examples/standard_key/java_dl/java5/for_Iterable.key 
208694     DEBUG main            d.u.i.k.p.i.AbstractProblemLoader Environment load took 164.9ns 
208695     INFO  main            d.u.i.k.p.i.AbstractProblemLoader Creating init config 
209553     DEBUG main            d.u.i.k.j.r.ClassPreparationMethodBuilder clPrepBuilder: Inner Class detected. Reject building class initialisation methods. 
211437     DEBUG main            d.u.i.k.p.i.AbstractProblemLoader Init config took 2.74s 
211488     INFO  main            d.u.i.k.p.i.AbstractProblemLoader Replaying proof For[For::infiniteLoop(For)].JML operation contract.0 
211489     DEBUG main            d.u.i.k.p.i.IntermediateProofReplayer Proof replay took 7ns 
211691     INFO  main            d.u.i.k.p.r.p.TestFile    ... finished proof: closed. 
212042     INFO  main            d.u.i.k.p.i.AbstractProblemLoader Loading environment from /home/runner/work/key/key/key.core/../key.ui/examples/standard_key/java_dl/java5/for_Iterable.key.proof 
212042     DEBUG main            d.u.i.k.p.i.AbstractProblemLoader Environment load took 90ns 
212043     INFO  main            d.u.i.k.p.i.AbstractProblemLoader Creating init config 
212880     DEBUG main            d.u.i.k.j.r.ClassPreparationMethodBuilder clPrepBuilder: Inner Class detected. Reject building class initialisation methods. 
214706     DEBUG main            d.u.i.k.p.i.AbstractProblemLoader Init config took 2.66s 
214779     INFO  main            d.u.i.k.p.i.AbstractProblemLoader Replaying proof For[For::infiniteLoop(For)].JML operation contract.0 
214818     DEBUG main            d.u.i.k.p.i.IntermediateProofReplayer Proof replay took 36.4ms 
214819     DEBUG main            d.u.i.k.p.r.p.TestFile    ... success: reloaded. 
214820     INFO  main            d.u.i.k.p.r.p.TestFile    Now processing file /home/runner/work/key/key/key.core/../key.ui/examples/standard_key/java_dl/java5/for_ReferenceArray.key 
214820     INFO  main            d.u.i.k.p.i.AbstractProblemLoader Loading environment from /home/runner/work/key/key/key.core/../key.ui/examples/standard_key/java_dl/java5/for_ReferenceArray.key 
214820     DEBUG main            d.u.i.k.p.i.AbstractProblemLoader Environment load took 84.1ns 
214821     INFO  main            d.u.i.k.p.i.AbstractProblemLoader Creating init config 
215731     DEBUG main            d.u.i.k.j.r.ClassPreparationMethodBuilder clPrepBuilder: Inner Class detected. Reject building class initialisation methods. 
217567     DEBUG main            d.u.i.k.p.i.AbstractProblemLoader Init config took 2.75s 
217616     INFO  main            d.u.i.k.p.i.AbstractProblemLoader Replaying proof ForReferenceArray[ForReferenceArray::foo([Ljava.lang.Object)].JML operation contract.0 
217618     DEBUG main            d.u.i.k.p.i.IntermediateProofReplayer Proof replay took 8.2ns 
217920     INFO  main            d.u.i.k.p.r.p.TestFile    ... finished proof: closed. 
218328     INFO  main            d.u.i.k.p.i.AbstractProblemLoader Loading environment from /home/runner/work/key/key/key.core/../key.ui/examples/standard_key/java_dl/java5/for_ReferenceArray.key.proof 
218329     DEBUG main            d.u.i.k.p.i.AbstractProblemLoader Environment load took 114.8ns 
218330     INFO  main            d.u.i.k.p.i.AbstractProblemLoader Creating init config 
219163     DEBUG main            d.u.i.k.j.r.ClassPreparationMethodBuilder clPrepBuilder: Inner Class detected. Reject building class initialisation methods. 
220964     DEBUG main            d.u.i.k.p.i.AbstractProblemLoader Init config took 2.63s 
221012     INFO  main            d.u.i.k.p.i.AbstractProblemLoader Replaying proof ForReferenceArray[ForReferenceArray::foo([Ljava.lang.Object)].JML operation contract.0 
221073     DEBUG main            d.u.i.k.p.i.IntermediateProofReplayer Proof replay took 58.3ms 
221074     DEBUG main            d.u.i.k.p.r.p.TestFile    ... success: reloaded. 
221075     INFO  main            d.u.i.k.p.r.p.TestFile    Now processing file /home/runner/work/key/key/key.core/../key.ui/examples/standard_key/java_dl/jml-bigint/cast.key 
221075     INFO  main            d.u.i.k.p.i.AbstractProblemLoader Loading environment from /home/runner/work/key/key/key.core/../key.ui/examples/standard_key/java_dl/jml-bigint/cast.key 
221075     DEBUG main            d.u.i.k.p.i.AbstractProblemLoader Environment load took 76ns 
221076     INFO  main            d.u.i.k.p.i.AbstractProblemLoader Creating init config 
223661     DEBUG main            d.u.i.k.p.i.AbstractProblemLoader Init config took 2.59s 
223695     INFO  main            d.u.i.k.p.i.AbstractProblemLoader Replaying proof Mult[Mult::cast()].JML operation contract.0 
223697     DEBUG main            d.u.i.k.p.i.IntermediateProofReplayer Proof replay took 7.1ns 
223799     INFO  main            d.u.i.k.p.r.p.TestFile    ... finished proof: closed. 
224218     INFO  main            d.u.i.k.p.i.AbstractProblemLoader Loading environment from /home/runner/work/key/key/key.core/../key.ui/examples/standard_key/java_dl/jml-bigint/cast.key.proof 
224218     DEBUG main            d.u.i.k.p.i.AbstractProblemLoader Environment load took 87.7ns 
224219     INFO  main            d.u.i.k.p.i.AbstractProblemLoader Creating init config 
226754     DEBUG main            d.u.i.k.p.i.AbstractProblemLoader Init config took 2.53s 
226787     INFO  main            d.u.i.k.p.i.AbstractProblemLoader Replaying proof Mult[Mult::cast()].JML operation contract.0 
226798     DEBUG main            d.u.i.k.p.i.IntermediateProofReplayer Proof replay took 9.44ms 
226799     DEBUG main            d.u.i.k.p.r.p.TestFile    ... success: reloaded. 
226800     INFO  main            d.u.i.k.p.r.p.TestFile    Now processing file /home/runner/work/key/key/key.core/../key.ui/examples/standard_key/java_dl/jml-free/loopInvFree.key 
226800     INFO  main            d.u.i.k.p.i.AbstractProblemLoader Loading environment from /home/runner/work/key/key/key.core/../key.ui/examples/standard_key/java_dl/jml-free/loopInvFree.key 
226800     DEBUG main            d.u.i.k.p.i.AbstractProblemLoader Environment load took 89.3ns 
226801     INFO  main            d.u.i.k.p.i.AbstractProblemLoader Creating init config 
229344     DEBUG main            d.u.i.k.p.i.AbstractProblemLoader Init config took 2.54s 
229378     INFO  main            d.u.i.k.p.i.AbstractProblemLoader Replaying proof LoopInvFree[LoopInvFree::test()].JML operation contract.0 
229379     DEBUG main            d.u.i.k.p.i.IntermediateProofReplayer Proof replay took 9.6ns 
229581     INFO  main            d.u.i.k.p.r.p.TestFile    ... finished proof: closed. 
229941     INFO  main            d.u.i.k.p.i.AbstractProblemLoader Loading environment from /home/runner/work/key/key/key.core/../key.ui/examples/standard_key/java_dl/jml-free/loopInvFree.key.proof 
229941     DEBUG main            d.u.i.k.p.i.AbstractProblemLoader Environment load took 81.2ns 
229942     INFO  main            d.u.i.k.p.i.AbstractProblemLoader Creating init config 
232429     DEBUG main            d.u.i.k.p.i.AbstractProblemLoader Init config took 2.49s 
232462     INFO  main            d.u.i.k.p.i.AbstractProblemLoader Replaying proof LoopInvFree[LoopInvFree::test()].JML operation contract.0 
232495     DEBUG main            d.u.i.k.p.i.IntermediateProofReplayer Proof replay took 30.35ms 
232496     DEBUG main            d.u.i.k.p.r.p.TestFile    ... success: reloaded. 
232496     INFO  main            d.u.i.k.p.r.p.TestFile    Now processing file /home/runner/work/key/key/key.core/../key.ui/examples/standard_key/java_dl/jml-free/ensuresFree.key 
232497     INFO  main            d.u.i.k.p.i.AbstractProblemLoader Loading environment from /home/runner/work/key/key/key.core/../key.ui/examples/standard_key/java_dl/jml-free/ensuresFree.key 
232497     DEBUG main            d.u.i.k.p.i.AbstractProblemLoader Environment load took 79.5ns 
232497     INFO  main            d.u.i.k.p.i.AbstractProblemLoader Creating init config 
235018     DEBUG main            d.u.i.k.p.i.AbstractProblemLoader Init config took 2.52s 
235051     INFO  main            d.u.i.k.p.i.AbstractProblemLoader Replaying proof EnsuresFree[EnsuresFree::test()].JML operation contract.0 
235052     DEBUG main            d.u.i.k.p.i.IntermediateProofReplayer Proof replay took 7.2ns 
235154     INFO  main            d.u.i.k.p.r.p.TestFile    ... finished proof: closed. 
235517     INFO  main            d.u.i.k.p.i.AbstractProblemLoader Loading environment from /home/runner/work/key/key/key.core/../key.ui/examples/standard_key/java_dl/jml-free/ensuresFree.key.proof 
235517     DEBUG main            d.u.i.k.p.i.AbstractProblemLoader Environment load took 87.5ns 
235518     INFO  main            d.u.i.k.p.i.AbstractProblemLoader Creating init config 
237995     DEBUG main            d.u.i.k.p.i.AbstractProblemLoader Init config took 2.48s 
238028     INFO  main            d.u.i.k.p.i.AbstractProblemLoader Replaying proof EnsuresFree[EnsuresFree::test()].JML operation contract.0 
238043     DEBUG main            d.u.i.k.p.i.IntermediateProofReplayer Proof replay took 13.7ms 
238044     DEBUG main            d.u.i.k.p.r.p.TestFile    ... success: reloaded. 
238046     INFO  main            d.u.i.k.p.r.p.TestFile    Now processing file /home/runner/work/key/key/key.core/../key.ui/examples/standard_key/java_dl/jml-information-flow.key 
238046     INFO  main            d.u.i.k.p.i.AbstractProblemLoader Loading environment from /home/runner/work/key/key/key.core/../key.ui/examples/standard_key/java_dl/jml-information-flow.key 
238046     DEBUG main            d.u.i.k.p.i.AbstractProblemLoader Environment load took 60.8ns 
238051     INFO  main            d.u.i.k.p.i.AbstractProblemLoader Creating init config 
240743     DEBUG main            d.u.i.k.p.i.AbstractProblemLoader Init config took 2.69s 
240758     INFO  main            d.u.i.k.p.i.AbstractProblemLoader Replaying proof jml-information-flow.key 
240760     DEBUG main            d.u.i.k.p.i.IntermediateProofReplayer Proof replay took 8.2ns 
357627     INFO  main            d.u.i.k.p.r.p.TestFile    ... finished proof: closed. 
358214     INFO  main            d.u.i.k.p.i.AbstractProblemLoader Loading environment from /home/runner/work/key/key/key.core/../key.ui/examples/standard_key/java_dl/jml-information-flow.key.proof 
358215     DEBUG main            d.u.i.k.p.i.AbstractProblemLoader Environment load took 155.2ns 
358223     INFO  main            d.u.i.k.p.i.AbstractProblemLoader Creating init config 
360865     DEBUG main            d.u.i.k.p.i.AbstractProblemLoader Init config took 2.64s 
360880     INFO  main            d.u.i.k.p.i.AbstractProblemLoader Replaying proof jml-information-flow.key.proof 
363646     DEBUG main            d.u.i.k.p.i.IntermediateProofReplayer Proof replay took 2.65s 
363654     DEBUG main            d.u.i.k.p.r.p.TestFile    ... success: reloaded. 
363655     INFO  main            d.u.i.k.p.r.p.TestFile    Now processing file /home/runner/work/key/key/key.core/../key.ui/examples/standard_key/java_dl/jml-min/min-unprovable1.key 
363656     INFO  main            d.u.i.k.p.i.AbstractProblemLoader Loading environment from /home/runner/work/key/key/key.core/../key.ui/examples/standard_key/java_dl/jml-min/min-unprovable1.key 
363656     DEBUG main            d.u.i.k.p.i.AbstractProblemLoader Environment load took 183.5ns 
363657     INFO  main            d.u.i.k.p.i.AbstractProblemLoader Creating init config 
366349     DEBUG main            d.u.i.k.p.i.AbstractProblemLoader Init config took 2.69s 
366415     INFO  main            d.u.i.k.p.i.AbstractProblemLoader Replaying proof Min[Min::foo()].JML operation contract.0 
366416     DEBUG main            d.u.i.k.p.i.IntermediateProofReplayer Proof replay took 7.4ns 
366521     INFO  main            d.u.i.k.p.r.p.TestFile    ... finished proof: open goal(s) 
367069     INFO  main            d.u.i.k.p.r.p.TestFile    Now processing file /home/runner/work/key/key/key.core/../key.ui/examples/standard_key/java_dl/jml-min/min-unprovable2.key 
367069     INFO  main            d.u.i.k.p.i.AbstractProblemLoader Loading environment from /home/runner/work/key/key/key.core/../key.ui/examples/standard_key/java_dl/jml-min/min-unprovable2.key 
367070     DEBUG main            d.u.i.k.p.i.AbstractProblemLoader Environment load took 48.2ns 
367070     INFO  main            d.u.i.k.p.i.AbstractProblemLoader Creating init config 
369572     DEBUG main            d.u.i.k.p.i.AbstractProblemLoader Init config took 2.5s 
369606     INFO  main            d.u.i.k.p.i.AbstractProblemLoader Replaying proof Min[Min::foo2()].JML operation contract.0 
369608     DEBUG main            d.u.i.k.p.i.IntermediateProofReplayer Proof replay took 6.7ns 
369709     INFO  main            d.u.i.k.p.r.p.TestFile    ... finished proof: open goal(s) 
370089     INFO  main            d.u.i.k.p.r.p.TestFile    Now processing file /home/runner/work/key/key/key.core/../key.ui/examples/standard_key/java_dl/methodCall.key 
370089     INFO  main            d.u.i.k.p.i.AbstractProblemLoader Loading environment from /home/runner/work/key/key/key.core/../key.ui/examples/standard_key/java_dl/methodCall.key 
370089     DEBUG main            d.u.i.k.p.i.AbstractProblemLoader Environment load took 58.1ns 
370090     INFO  main            d.u.i.k.p.i.AbstractProblemLoader Creating init config 
372622     DEBUG main            d.u.i.k.p.i.AbstractProblemLoader Init config took 2.53s 
372638     INFO  main            d.u.i.k.p.i.AbstractProblemLoader Replaying proof methodCall.key 
372639     DEBUG main            d.u.i.k.p.i.IntermediateProofReplayer Proof replay took 7.2ns 
372741     INFO  main            d.u.i.k.p.r.p.TestFile    ... finished proof: closed. 
373121     INFO  main            d.u.i.k.p.i.AbstractProblemLoader Loading environment from /home/runner/work/key/key/key.core/../key.ui/examples/standard_key/java_dl/methodCall.key.proof 
373121     DEBUG main            d.u.i.k.p.i.AbstractProblemLoader Environment load took 96ns 
373122     INFO  main            d.u.i.k.p.i.AbstractProblemLoader Creating init config 
375714     DEBUG main            d.u.i.k.p.i.AbstractProblemLoader Init config took 2.59s 
375727     INFO  main            d.u.i.k.p.i.AbstractProblemLoader Replaying proof methodCall.key.proof 
375731     DEBUG main            d.u.i.k.p.i.IntermediateProofReplayer Proof replay took 1.82ms 
375732     DEBUG main            d.u.i.k.p.r.p.TestFile    ... success: reloaded. 
375732     INFO  main            d.u.i.k.p.r.p.TestFile    Now processing file /home/runner/work/key/key/key.core/../key.ui/examples/standard_key/java_dl/methodCall1.key 
375733     INFO  main            d.u.i.k.p.i.AbstractProblemLoader Loading environment from /home/runner/work/key/key/key.core/../key.ui/examples/standard_key/java_dl/methodCall1.key 
375733     DEBUG main            d.u.i.k.p.i.AbstractProblemLoader Environment load took 60ns 
375736     INFO  main            d.u.i.k.p.i.AbstractProblemLoader Creating init config 
378242     DEBUG main            d.u.i.k.p.i.AbstractProblemLoader Init config took 2.51s 
378255     INFO  main            d.u.i.k.p.i.AbstractProblemLoader Replaying proof methodCall1.key 
378257     DEBUG main            d.u.i.k.p.i.IntermediateProofReplayer Proof replay took 7ns 
378360     INFO  main            d.u.i.k.p.r.p.TestFile    ... finished proof: closed. 
378781     INFO  main            d.u.i.k.p.i.AbstractProblemLoader Loading environment from /home/runner/work/key/key/key.core/../key.ui/examples/standard_key/java_dl/methodCall1.key.proof 
378781     DEBUG main            d.u.i.k.p.i.AbstractProblemLoader Environment load took 82.9ns 
378783     INFO  main            d.u.i.k.p.i.AbstractProblemLoader Creating init config 
381264     DEBUG main            d.u.i.k.p.i.AbstractProblemLoader Init config took 2.48s 
381278     INFO  main            d.u.i.k.p.i.AbstractProblemLoader Replaying proof methodCall1.key.proof 
381289     DEBUG main            d.u.i.k.p.i.IntermediateProofReplayer Proof replay took 9.78ms 
381290     DEBUG main            d.u.i.k.p.r.p.TestFile    ... success: reloaded. 
381291     INFO  main            d.u.i.k.p.r.p.TestFile    Now processing file /home/runner/work/key/key/key.core/../key.ui/examples/standard_key/java_dl/methodCall1box.key 
381291     INFO  main            d.u.i.k.p.i.AbstractProblemLoader Loading environment from /home/runner/work/key/key/key.core/../key.ui/examples/standard_key/java_dl/methodCall1box.key 
381291     DEBUG main            d.u.i.k.p.i.AbstractProblemLoader Environment load took 85.7ns 
381292     INFO  main            d.u.i.k.p.i.AbstractProblemLoader Creating init config 
383794     DEBUG main            d.u.i.k.p.i.AbstractProblemLoader Init config took 2.5s 
383811     INFO  main            d.u.i.k.p.i.AbstractProblemLoader Replaying proof methodCall1box.key 
383812     DEBUG main            d.u.i.k.p.i.IntermediateProofReplayer Proof replay took 8.1ns 
383914     INFO  main            d.u.i.k.p.r.p.TestFile    ... finished proof: closed. 
384316     INFO  main            d.u.i.k.p.i.AbstractProblemLoader Loading environment from /home/runner/work/key/key/key.core/../key.ui/examples/standard_key/java_dl/methodCall1box.key.proof 
384316     DEBUG main            d.u.i.k.p.i.AbstractProblemLoader Environment load took 88.4ns 
384317     INFO  main            d.u.i.k.p.i.AbstractProblemLoader Creating init config 
386793     DEBUG main            d.u.i.k.p.i.AbstractProblemLoader Init config took 2.48s 
386806     INFO  main            d.u.i.k.p.i.AbstractProblemLoader Replaying proof methodCall1box.key.proof 
386818     DEBUG main            d.u.i.k.p.i.IntermediateProofReplayer Proof replay took 9.33ms 
386818     DEBUG main            d.u.i.k.p.r.p.TestFile    ... success: reloaded. 
386819     INFO  main            d.u.i.k.p.r.p.TestFile    Now processing file /home/runner/work/key/key/key.core/../key.ui/examples/standard_key/java_dl/methodCall3.key 
386819     INFO  main            d.u.i.k.p.i.AbstractProblemLoader Loading environment from /home/runner/work/key/key/key.core/../key.ui/examples/standard_key/java_dl/methodCall3.key 
386819     DEBUG main            d.u.i.k.p.i.AbstractProblemLoader Environment load took 73.6ns 
386820     INFO  main            d.u.i.k.p.i.AbstractProblemLoader Creating init config 
389330     DEBUG main            d.u.i.k.p.i.AbstractProblemLoader Init config took 2.51s 
389343     INFO  main            d.u.i.k.p.i.AbstractProblemLoader Replaying proof methodCall3.key 
389344     DEBUG main            d.u.i.k.p.i.IntermediateProofReplayer Proof replay took 6.4ns 
389446     INFO  main            d.u.i.k.p.r.p.TestFile    ... finished proof: closed. 
389861     INFO  main            d.u.i.k.p.i.AbstractProblemLoader Loading environment from /home/runner/work/key/key/key.core/../key.ui/examples/standard_key/java_dl/methodCall3.key.proof 
389861     DEBUG main            d.u.i.k.p.i.AbstractProblemLoader Environment load took 101.3ns 
389862     INFO  main            d.u.i.k.p.i.AbstractProblemLoader Creating init config 
392341     DEBUG main            d.u.i.k.p.i.AbstractProblemLoader Init config took 2.48s 
392354     INFO  main            d.u.i.k.p.i.AbstractProblemLoader Replaying proof methodCall3.key.proof 
392363     DEBUG main            d.u.i.k.p.i.IntermediateProofReplayer Proof replay took 6.66ms 
392364     DEBUG main            d.u.i.k.p.r.p.TestFile    ... success: reloaded. 
392365     INFO  main            d.u.i.k.p.r.p.TestFile    Now processing file /home/runner/work/key/key/key.core/../key.ui/examples/standard_key/java_dl/polishFlagSort.key 
392365     INFO  main            d.u.i.k.p.i.AbstractProblemLoader Loading environment from /home/runner/work/key/key/key.core/../key.ui/examples/standard_key/java_dl/polishFlagSort.key 
392365     DEBUG main            d.u.i.k.p.i.AbstractProblemLoader Environment load took 76.8ns 
392366     INFO  main            d.u.i.k.p.i.AbstractProblemLoader Creating init config 
394918     DEBUG main            d.u.i.k.p.i.AbstractProblemLoader Init config took 2.55s 
394932     INFO  main            d.u.i.k.p.i.AbstractProblemLoader Replaying proof polishFlagSort.key 
394934     DEBUG main            d.u.i.k.p.i.IntermediateProofReplayer Proof replay took 6.9ns 
397166     INFO  main            d.u.i.k.p.r.p.TestFile    ... finished proof: closed. 
397619     INFO  main            d.u.i.k.p.i.AbstractProblemLoader Loading environment from /home/runner/work/key/key/key.core/../key.ui/examples/standard_key/java_dl/polishFlagSort.key.proof 
397620     DEBUG main            d.u.i.k.p.i.AbstractProblemLoader Environment load took 363.5ns 
397622     INFO  main            d.u.i.k.p.i.AbstractProblemLoader Creating init config 
400141     DEBUG main            d.u.i.k.p.i.AbstractProblemLoader Init config took 2.52s 
400159     INFO  main            d.u.i.k.p.i.AbstractProblemLoader Replaying proof polishFlagSort.key.proof 
400430     DEBUG main            d.u.i.k.p.i.IntermediateProofReplayer Proof replay took 260.68ms 
400432     DEBUG main            d.u.i.k.p.r.p.TestFile    ... success: reloaded. 
400433     INFO  main            d.u.i.k.p.r.p.TestFile    Now processing file /home/runner/work/key/key/key.core/../key.ui/examples/standard_key/java_dl/postConditionTaclets1.key 
400433     INFO  main            d.u.i.k.p.i.AbstractProblemLoader Loading environment from /home/runner/work/key/key/key.core/../key.ui/examples/standard_key/java_dl/postConditionTaclets1.key 
400433     DEBUG main            d.u.i.k.p.i.AbstractProblemLoader Environment load took 75.8ns 
400434     INFO  main            d.u.i.k.p.i.AbstractProblemLoader Creating init config 
402906     DEBUG main            d.u.i.k.p.i.AbstractProblemLoader Init config took 2.47s 
402920     INFO  main            d.u.i.k.p.i.AbstractProblemLoader Replaying proof postConditionTaclets1.key 
402922     DEBUG main            d.u.i.k.p.i.IntermediateProofReplayer Proof replay took 6.9ns 
403024     INFO  main            d.u.i.k.p.r.p.TestFile    ... finished proof: closed. 
403492     INFO  main            d.u.i.k.p.i.AbstractProblemLoader Loading environment from /home/runner/work/key/key/key.core/../key.ui/examples/standard_key/java_dl/postConditionTaclets1.key.proof 
403492     DEBUG main            d.u.i.k.p.i.AbstractProblemLoader Environment load took 83.8ns 
403493     INFO  main            d.u.i.k.p.i.AbstractProblemLoader Creating init config 
405912     DEBUG main            d.u.i.k.p.i.AbstractProblemLoader Init config took 2.42s 
405925     INFO  main            d.u.i.k.p.i.AbstractProblemLoader Replaying proof postConditionTaclets1.key.proof 
405927     DEBUG main            d.u.i.k.p.i.IntermediateProofReplayer Proof replay took 292.9ns 
405927     DEBUG main            d.u.i.k.p.r.p.TestFile    ... success: reloaded. 
405928     INFO  main            d.u.i.k.p.r.p.TestFile    Now processing file /home/runner/work/key/key/key.core/../key.ui/examples/standard_key/java_dl/postConditionTaclets2.key 
405928     INFO  main            d.u.i.k.p.i.AbstractProblemLoader Loading environment from /home/runner/work/key/key/key.core/../key.ui/examples/standard_key/java_dl/postConditionTaclets2.key 
405928     DEBUG main            d.u.i.k.p.i.AbstractProblemLoader Environment load took 111.8ns 
405929     INFO  main            d.u.i.k.p.i.AbstractProblemLoader Creating init config 
408397     DEBUG main            d.u.i.k.p.i.AbstractProblemLoader Init config took 2.47s 
408411     INFO  main            d.u.i.k.p.i.AbstractProblemLoader Replaying proof postConditionTaclets2.key 
408413     DEBUG main            d.u.i.k.p.i.IntermediateProofReplayer Proof replay took 7.7ns 
408519     INFO  main            d.u.i.k.p.r.p.TestFile    ... finished proof: closed. 
408940     INFO  main            d.u.i.k.p.i.AbstractProblemLoader Loading environment from /home/runner/work/key/key/key.core/../key.ui/examples/standard_key/java_dl/postConditionTaclets2.key.proof 
408940     DEBUG main            d.u.i.k.p.i.AbstractProblemLoader Environment load took 102.4ns 
408941     INFO  main            d.u.i.k.p.i.AbstractProblemLoader Creating init config 
411374     DEBUG main            d.u.i.k.p.i.AbstractProblemLoader Init config took 2.43s 
411387     INFO  main            d.u.i.k.p.i.AbstractProblemLoader Replaying proof postConditionTaclets2.key.proof 
411390     DEBUG main            d.u.i.k.p.i.IntermediateProofReplayer Proof replay took 525.21ns 
411391     DEBUG main            d.u.i.k.p.r.p.TestFile    ... success: reloaded. 
411391     INFO  main            d.u.i.k.p.r.p.TestFile    Now processing file /home/runner/work/key/key/key.core/../key.ui/examples/standard_key/java_dl/quantifiedQuery.key 
411392     INFO  main            d.u.i.k.p.i.AbstractProblemLoader Loading environment from /home/runner/work/key/key/key.core/../key.ui/examples/standard_key/java_dl/quantifiedQuery.key 
411392     DEBUG main            d.u.i.k.p.i.AbstractProblemLoader Environment load took 47.1ns 
411393     INFO  main            d.u.i.k.p.i.AbstractProblemLoader Creating init config 
413902     DEBUG main            d.u.i.k.p.i.AbstractProblemLoader Init config took 2.51s 
413916     INFO  main            d.u.i.k.p.i.AbstractProblemLoader Replaying proof quantifiedQuery.key 
413918     DEBUG main            d.u.i.k.p.i.IntermediateProofReplayer Proof replay took 8.1ns 
414021     INFO  main            d.u.i.k.p.r.p.TestFile    ... finished proof: closed. 
414446     INFO  main            d.u.i.k.p.i.AbstractProblemLoader Loading environment from /home/runner/work/key/key/key.core/../key.ui/examples/standard_key/java_dl/quantifiedQuery.key.proof 
414446     DEBUG main            d.u.i.k.p.i.AbstractProblemLoader Environment load took 89.1ns 
414447     INFO  main            d.u.i.k.p.i.AbstractProblemLoader Creating init config 
416954     DEBUG main            d.u.i.k.p.i.AbstractProblemLoader Init config took 2.51s 
416970     INFO  main            d.u.i.k.p.i.AbstractProblemLoader Replaying proof quantifiedQuery.key.proof 
416979     DEBUG main            d.u.i.k.p.i.IntermediateProofReplayer Proof replay took 7.67ms 
416980     DEBUG main            d.u.i.k.p.r.p.TestFile    ... success: reloaded. 
416981     INFO  main            d.u.i.k.p.r.p.TestFile    Now processing file /home/runner/work/key/key/key.core/../key.ui/examples/standard_key/java_dl/recursion/triangular.key 
416981     INFO  main            d.u.i.k.p.i.AbstractProblemLoader Loading environment from /home/runner/work/key/key/key.core/../key.ui/examples/standard_key/java_dl/recursion/triangular.key 
416981     DEBUG main            d.u.i.k.p.i.AbstractProblemLoader Environment load took 78.4ns 
416982     INFO  main            d.u.i.k.p.i.AbstractProblemLoader Creating init config 
419495     DEBUG main            d.u.i.k.p.i.AbstractProblemLoader Init config took 2.51s 
419546     INFO  main            d.u.i.k.p.i.AbstractProblemLoader Replaying proof Triangular[Triangular::tria(int)].JML normal_behavior operation contract.0 
419547     DEBUG main            d.u.i.k.p.i.IntermediateProofReplayer Proof replay took 7.6ns 
419749     INFO  main            d.u.i.k.p.r.p.TestFile    ... finished proof: closed. 
420198     INFO  main            d.u.i.k.p.i.AbstractProblemLoader Loading environment from /home/runner/work/key/key/key.core/../key.ui/examples/standard_key/java_dl/recursion/triangular.key.proof 
420198     DEBUG main            d.u.i.k.p.i.AbstractProblemLoader Environment load took 86ns 
420199     INFO  main            d.u.i.k.p.i.AbstractProblemLoader Creating init config 
422659     DEBUG main            d.u.i.k.p.i.AbstractProblemLoader Init config took 2.46s 
422691     INFO  main            d.u.i.k.p.i.AbstractProblemLoader Replaying proof Triangular[Triangular::tria(int)].JML normal_behavior operation contract.0 
422715     DEBUG main            d.u.i.k.p.i.IntermediateProofReplayer Proof replay took 21.81ms 
422716     DEBUG main            d.u.i.k.p.r.p.TestFile    ... success: reloaded. 
422716     INFO  main            d.u.i.k.p.r.p.TestFile    Now processing file /home/runner/work/key/key/key.core/../key.ui/examples/standard_key/java_dl/reverseArray.key 
422716     INFO  main            d.u.i.k.p.i.AbstractProblemLoader Loading environment from /home/runner/work/key/key/key.core/../key.ui/examples/standard_key/java_dl/reverseArray.key 
422716     DEBUG main            d.u.i.k.p.i.AbstractProblemLoader Environment load took 44.9ns 
422718     INFO  main            d.u.i.k.p.i.AbstractProblemLoader Creating init config 
422738     WARN  main            d.u.i.k.j.r.KeYCrossReferenceNameInfo Datatype java.io.PrintStream declared twice: Once in FILE:/home/runner/work/key/key/key.core/../key.ui/examples/standard_key/java_dl/./classpath/PrintStream.java and once in URL:file:/home/runner/work/key/key/key.core/build/resources/main/de/uka/ilkd/key/java/JavaRedux/java/io/PrintStream.java, Keeping one from URL:file:/home/runner/work/key/key/key.core/build/resources/main/de/uka/ilkd/key/java/JavaRedux/java/io/PrintStream.java 
422738     WARN  main            d.u.i.k.j.r.KeYCrossReferenceNameInfo Datatype java.lang.System declared twice: Once in FILE:/home/runner/work/key/key/key.core/../key.ui/examples/standard_key/java_dl/./classpath/System.java and once in URL:file:/home/runner/work/key/key/key.core/build/resources/main/de/uka/ilkd/key/java/JavaRedux/java/lang/System.java, Keeping one from URL:file:/home/runner/work/key/key/key.core/build/resources/main/de/uka/ilkd/key/java/JavaRedux/java/lang/System.java 
422738     WARN  main            d.u.i.k.j.r.KeYCrossReferenceNameInfo Datatype java.io.InputStream declared twice: Once in FILE:/home/runner/work/key/key/key.core/../key.ui/examples/standard_key/java_dl/./classpath/InputStream.java and once in URL:file:/home/runner/work/key/key/key.core/build/resources/main/de/uka/ilkd/key/java/JavaRedux/java/io/InputStream.java, Keeping one from URL:file:/home/runner/work/key/key/key.core/build/resources/main/de/uka/ilkd/key/java/JavaRedux/java/io/InputStream.java 
422741     DEBUG main            d.u.i.k.j.r.ClassFileDeclarationBuilder Parsing: package java.io; public class Closeable { } 
422741     DEBUG main            r.s.KeYCrossReferenceSourceInfo Dynamically created class: java.io.Closeable 
425312     DEBUG main            d.u.i.k.p.i.AbstractProblemLoader Init config took 2.59s 
425326     INFO  main            d.u.i.k.p.i.AbstractProblemLoader Replaying proof reverseArray.key 
425327     DEBUG main            d.u.i.k.p.i.IntermediateProofReplayer Proof replay took 7.3ns 
429638     INFO  main            d.u.i.k.p.r.p.TestFile    ... finished proof: closed. 
430123     INFO  main            d.u.i.k.p.i.AbstractProblemLoader Loading environment from /home/runner/work/key/key/key.core/../key.ui/examples/standard_key/java_dl/reverseArray.key.proof 
430123     DEBUG main            d.u.i.k.p.i.AbstractProblemLoader Environment load took 344.9ns 
430125     INFO  main            d.u.i.k.p.i.AbstractProblemLoader Creating init config 
430147     WARN  main            d.u.i.k.j.r.KeYCrossReferenceNameInfo Datatype java.io.PrintStream declared twice: Once in FILE:/home/runner/work/key/key/key.core/../key.ui/examples/standard_key/java_dl/classpath/PrintStream.java and once in URL:file:/home/runner/work/key/key/key.core/build/resources/main/de/uka/ilkd/key/java/JavaRedux/java/io/PrintStream.java, Keeping one from URL:file:/home/runner/work/key/key/key.core/build/resources/main/de/uka/ilkd/key/java/JavaRedux/java/io/PrintStream.java 
430147     WARN  main            d.u.i.k.j.r.KeYCrossReferenceNameInfo Datatype java.lang.System declared twice: Once in FILE:/home/runner/work/key/key/key.core/../key.ui/examples/standard_key/java_dl/classpath/System.java and once in URL:file:/home/runner/work/key/key/key.core/build/resources/main/de/uka/ilkd/key/java/JavaRedux/java/lang/System.java, Keeping one from URL:file:/home/runner/work/key/key/key.core/build/resources/main/de/uka/ilkd/key/java/JavaRedux/java/lang/System.java 
430147     WARN  main            d.u.i.k.j.r.KeYCrossReferenceNameInfo Datatype java.io.InputStream declared twice: Once in FILE:/home/runner/work/key/key/key.core/../key.ui/examples/standard_key/java_dl/classpath/InputStream.java and once in URL:file:/home/runner/work/key/key/key.core/build/resources/main/de/uka/ilkd/key/java/JavaRedux/java/io/InputStream.java, Keeping one from URL:file:/home/runner/work/key/key/key.core/build/resources/main/de/uka/ilkd/key/java/JavaRedux/java/io/InputStream.java 
430150     DEBUG main            d.u.i.k.j.r.ClassFileDeclarationBuilder Parsing: package java.io; public class Closeable { } 
430150     DEBUG main            r.s.KeYCrossReferenceSourceInfo Dynamically created class: java.io.Closeable 
432661     DEBUG main            d.u.i.k.p.i.AbstractProblemLoader Init config took 2.54s 
432675     INFO  main            d.u.i.k.p.i.AbstractProblemLoader Replaying proof reverseArray.key.proof 
433096     DEBUG main            d.u.i.k.p.i.IntermediateProofReplayer Proof replay took 409.75ms 
433098     DEBUG main            d.u.i.k.p.r.p.TestFile    ... success: reloaded. 
433099     INFO  main            d.u.i.k.p.r.p.TestFile    Now processing file /home/runner/work/key/key/key.core/../key.ui/examples/standard_key/java_dl/reverseArray2.key 
433099     INFO  main            d.u.i.k.p.i.AbstractProblemLoader Loading environment from /home/runner/work/key/key/key.core/../key.ui/examples/standard_key/java_dl/reverseArray2.key 
433099     DEBUG main            d.u.i.k.p.i.AbstractProblemLoader Environment load took 96ns 
433101     INFO  main            d.u.i.k.p.i.AbstractProblemLoader Creating init config 
433120     WARN  main            d.u.i.k.j.r.KeYCrossReferenceNameInfo Datatype java.io.PrintStream declared twice: Once in FILE:/home/runner/work/key/key/key.core/../key.ui/examples/standard_key/java_dl/classpath/PrintStream.java and once in URL:file:/home/runner/work/key/key/key.core/build/resources/main/de/uka/ilkd/key/java/JavaRedux/java/io/PrintStream.java, Keeping one from URL:file:/home/runner/work/key/key/key.core/build/resources/main/de/uka/ilkd/key/java/JavaRedux/java/io/PrintStream.java 
433120     WARN  main            d.u.i.k.j.r.KeYCrossReferenceNameInfo Datatype java.lang.System declared twice: Once in FILE:/home/runner/work/key/key/key.core/../key.ui/examples/standard_key/java_dl/classpath/System.java and once in URL:file:/home/runner/work/key/key/key.core/build/resources/main/de/uka/ilkd/key/java/JavaRedux/java/lang/System.java, Keeping one from URL:file:/home/runner/work/key/key/key.core/build/resources/main/de/uka/ilkd/key/java/JavaRedux/java/lang/System.java 
433120     WARN  main            d.u.i.k.j.r.KeYCrossReferenceNameInfo Datatype java.io.InputStream declared twice: Once in FILE:/home/runner/work/key/key/key.core/../key.ui/examples/standard_key/java_dl/classpath/InputStream.java and once in URL:file:/home/runner/work/key/key/key.core/build/resources/main/de/uka/ilkd/key/java/JavaRedux/java/io/InputStream.java, Keeping one from URL:file:/home/runner/work/key/key/key.core/build/resources/main/de/uka/ilkd/key/java/JavaRedux/java/io/InputStream.java 
433123     DEBUG main            d.u.i.k.j.r.ClassFileDeclarationBuilder Parsing: package java.io; public class Closeable { } 
433123     DEBUG main            r.s.KeYCrossReferenceSourceInfo Dynamically created class: java.io.Closeable 
435734     DEBUG main            d.u.i.k.p.i.AbstractProblemLoader Init config took 2.63s 
435748     INFO  main            d.u.i.k.p.i.AbstractProblemLoader Replaying proof reverseArray2.key 
435749     DEBUG main            d.u.i.k.p.i.IntermediateProofReplayer Proof replay took 34.6ns 
437054     INFO  main            d.u.i.k.p.r.p.TestFile    ... finished proof: closed. 
437604     INFO  main            d.u.i.k.p.i.AbstractProblemLoader Loading environment from /home/runner/work/key/key/key.core/../key.ui/examples/standard_key/java_dl/reverseArray2.key.proof 
437604     DEBUG main            d.u.i.k.p.i.AbstractProblemLoader Environment load took 89ns 
437606     INFO  main            d.u.i.k.p.i.AbstractProblemLoader Creating init config 
437629     WARN  main            d.u.i.k.j.r.KeYCrossReferenceNameInfo Datatype java.io.PrintStream declared twice: Once in FILE:/home/runner/work/key/key/key.core/../key.ui/examples/standard_key/java_dl/classpath/PrintStream.java and once in URL:file:/home/runner/work/key/key/key.core/build/resources/main/de/uka/ilkd/key/java/JavaRedux/java/io/PrintStream.java, Keeping one from URL:file:/home/runner/work/key/key/key.core/build/resources/main/de/uka/ilkd/key/java/JavaRedux/java/io/PrintStream.java 
437630     WARN  main            d.u.i.k.j.r.KeYCrossReferenceNameInfo Datatype java.lang.System declared twice: Once in FILE:/home/runner/work/key/key/key.core/../key.ui/examples/standard_key/java_dl/classpath/System.java and once in URL:file:/home/runner/work/key/key/key.core/build/resources/main/de/uka/ilkd/key/java/JavaRedux/java/lang/System.java, Keeping one from URL:file:/home/runner/work/key/key/key.core/build/resources/main/de/uka/ilkd/key/java/JavaRedux/java/lang/System.java 
437630     WARN  main            d.u.i.k.j.r.KeYCrossReferenceNameInfo Datatype java.io.InputStream declared twice: Once in FILE:/home/runner/work/key/key/key.core/../key.ui/examples/standard_key/java_dl/classpath/InputStream.java and once in URL:file:/home/runner/work/key/key/key.core/build/resources/main/de/uka/ilkd/key/java/JavaRedux/java/io/InputStream.java, Keeping one from URL:file:/home/runner/work/key/key/key.core/build/resources/main/de/uka/ilkd/key/java/JavaRedux/java/io/InputStream.java 
437633     DEBUG main            d.u.i.k.j.r.ClassFileDeclarationBuilder Parsing: package java.io; public class Closeable { } 
437633     DEBUG main            r.s.KeYCrossReferenceSourceInfo Dynamically created class: java.io.Closeable 
440148     DEBUG main            d.u.i.k.p.i.AbstractProblemLoader Init config took 2.54s 
440162     INFO  main            d.u.i.k.p.i.AbstractProblemLoader Replaying proof reverseArray2.key.proof 
440315     DEBUG main            d.u.i.k.p.i.IntermediateProofReplayer Proof replay took 148.62ms 
440316     DEBUG main            d.u.i.k.p.r.p.TestFile    ... success: reloaded. 
440317     INFO  main            d.u.i.k.p.r.p.TestFile    Now processing file /home/runner/work/key/key/key.core/../key.ui/examples/standard_key/java_dl/simpleAssignment.key 
440318     INFO  main            d.u.i.k.p.i.AbstractProblemLoader Loading environment from /home/runner/work/key/key/key.core/../key.ui/examples/standard_key/java_dl/simpleAssignment.key 
440318     DEBUG main            d.u.i.k.p.i.AbstractProblemLoader Environment load took 84.6ns 
440318     INFO  main            d.u.i.k.p.i.AbstractProblemLoader Creating init config 
442784     DEBUG main            d.u.i.k.p.i.AbstractProblemLoader Init config took 2.47s 
442798     INFO  main            d.u.i.k.p.i.AbstractProblemLoader Replaying proof simpleAssignment.key 
442799     DEBUG main            d.u.i.k.p.i.IntermediateProofReplayer Proof replay took 3.4ns 
442901     INFO  main            d.u.i.k.p.r.p.TestFile    ... finished proof: closed. 
443394     INFO  main            d.u.i.k.p.i.AbstractProblemLoader Loading environment from /home/runner/work/key/key/key.core/../key.ui/examples/standard_key/java_dl/simpleAssignment.key.proof 
443394     DEBUG main            d.u.i.k.p.i.AbstractProblemLoader Environment load took 97.6ns 
443395     INFO  main            d.u.i.k.p.i.AbstractProblemLoader Creating init config 
445824     DEBUG main            d.u.i.k.p.i.AbstractProblemLoader Init config took 2.43s 
445837     INFO  main            d.u.i.k.p.i.AbstractProblemLoader Replaying proof simpleAssignment.key.proof 
445839     DEBUG main            d.u.i.k.p.i.IntermediateProofReplayer Proof replay took 554.41ns 
445840     DEBUG main            d.u.i.k.p.r.p.TestFile    ... success: reloaded. 
445840     INFO  main            d.u.i.k.p.r.p.TestFile    Now processing file /home/runner/work/key/key/key.core/../key.ui/examples/standard_key/java_dl/simpleAssignment2.key 
445840     INFO  main            d.u.i.k.p.i.AbstractProblemLoader Loading environment from /home/runner/work/key/key/key.core/../key.ui/examples/standard_key/java_dl/simpleAssignment2.key 
445840     DEBUG main            d.u.i.k.p.i.AbstractProblemLoader Environment load took 46.8ns 
445841     INFO  main            d.u.i.k.p.i.AbstractProblemLoader Creating init config 
448295     DEBUG main            d.u.i.k.p.i.AbstractProblemLoader Init config took 2.45s 
448308     INFO  main            d.u.i.k.p.i.AbstractProblemLoader Replaying proof simpleAssignment2.key 
448309     DEBUG main            d.u.i.k.p.i.IntermediateProofReplayer Proof replay took 3.3ns 
448413     INFO  main            d.u.i.k.p.r.p.TestFile    ... finished proof: closed. 
448872     INFO  main            d.u.i.k.p.i.AbstractProblemLoader Loading environment from /home/runner/work/key/key/key.core/../key.ui/examples/standard_key/java_dl/simpleAssignment2.key.proof 
448872     DEBUG main            d.u.i.k.p.i.AbstractProblemLoader Environment load took 98.5ns 
448873     INFO  main            d.u.i.k.p.i.AbstractProblemLoader Creating init config 
451288     DEBUG main            d.u.i.k.p.i.AbstractProblemLoader Init config took 2.42s 
451301     INFO  main            d.u.i.k.p.i.AbstractProblemLoader Replaying proof simpleAssignment2.key.proof 
451303     DEBUG main            d.u.i.k.p.i.IntermediateProofReplayer Proof replay took 418.9ns 
451304     DEBUG main            d.u.i.k.p.r.p.TestFile    ... success: reloaded. 
451304     INFO  main            d.u.i.k.p.r.p.TestFile    Now processing file /home/runner/work/key/key/key.core/../key.ui/examples/standard_key/java_dl/splittingWithQueries.key 
451304     INFO  main            d.u.i.k.p.i.AbstractProblemLoader Loading environment from /home/runner/work/key/key/key.core/../key.ui/examples/standard_key/java_dl/splittingWithQueries.key 
451304     DEBUG main            d.u.i.k.p.i.AbstractProblemLoader Environment load took 45.4ns 
451305     INFO  main            d.u.i.k.p.i.AbstractProblemLoader Creating init config 
453805     DEBUG main            d.u.i.k.p.i.AbstractProblemLoader Init config took 2.5s 
453818     INFO  main            d.u.i.k.p.i.AbstractProblemLoader Replaying proof splittingWithQueries.key 
453819     DEBUG main            d.u.i.k.p.i.IntermediateProofReplayer Proof replay took 3.9ns 
453921     INFO  main            d.u.i.k.p.r.p.TestFile    ... finished proof: closed. 
454390     INFO  main            d.u.i.k.p.i.AbstractProblemLoader Loading environment from /home/runner/work/key/key/key.core/../key.ui/examples/standard_key/java_dl/splittingWithQueries.key.proof 
454390     DEBUG main            d.u.i.k.p.i.AbstractProblemLoader Environment load took 96.4ns 
454391     INFO  main            d.u.i.k.p.i.AbstractProblemLoader Creating init config 
456867     DEBUG main            d.u.i.k.p.i.AbstractProblemLoader Init config took 2.48s 
456880     INFO  main            d.u.i.k.p.i.AbstractProblemLoader Replaying proof splittingWithQueries.key.proof 
456883     DEBUG main            d.u.i.k.p.i.IntermediateProofReplayer Proof replay took 1.23ms 
456884     DEBUG main            d.u.i.k.p.r.p.TestFile    ... success: reloaded. 
456885     INFO  main            d.u.i.k.p.r.p.TestFile    Now processing file /home/runner/work/key/key/key.core/../key.ui/examples/standard_key/java_dl/strassen/strassen.key 
456885     INFO  main            d.u.i.k.p.i.AbstractProblemLoader Loading environment from /home/runner/work/key/key/key.core/../key.ui/examples/standard_key/java_dl/strassen/strassen.key 
456886     DEBUG main            d.u.i.k.p.i.AbstractProblemLoader Environment load took 160.2ns 
456886     INFO  main            d.u.i.k.p.i.AbstractProblemLoader Creating init config 
459513     DEBUG main            d.u.i.k.p.i.AbstractProblemLoader Init config took 2.63s 
459548     INFO  main            d.u.i.k.p.i.AbstractProblemLoader Replaying proof Matrix22[Matrix22::strassen(Matrix22,Matrix22)].JML normal_behavior operation contract.0 
459549     DEBUG main            d.u.i.k.p.i.IntermediateProofReplayer Proof replay took 3.6ns 
464236     INFO  main            d.u.i.k.p.r.p.TestFile    ... finished proof: closed. 
464839     INFO  main            d.u.i.k.p.i.AbstractProblemLoader Loading environment from /home/runner/work/key/key/key.core/../key.ui/examples/standard_key/java_dl/strassen/strassen.key.proof 
464839     DEBUG main            d.u.i.k.p.i.AbstractProblemLoader Environment load took 323.4ns 
464841     INFO  main            d.u.i.k.p.i.AbstractProblemLoader Creating init config 
467393     DEBUG main            d.u.i.k.p.i.AbstractProblemLoader Init config took 2.55s 
467429     INFO  main            d.u.i.k.p.i.AbstractProblemLoader Replaying proof Matrix22[Matrix22::strassen(Matrix22,Matrix22)].JML normal_behavior operation contract.0 
467817     DEBUG main            d.u.i.k.p.i.IntermediateProofReplayer Proof replay took 378.72ms 
467819     DEBUG main            d.u.i.k.p.r.p.TestFile    ... success: reloaded. 
467819     INFO  main            d.u.i.k.p.r.p.TestFile    Now processing file /home/runner/work/key/key/key.core/../key.ui/examples/standard_key/java_dl/symmArray.key 
467820     INFO  main            d.u.i.k.p.i.AbstractProblemLoader Loading environment from /home/runner/work/key/key/key.core/../key.ui/examples/standard_key/java_dl/symmArray.key 
467820     DEBUG main            d.u.i.k.p.i.AbstractProblemLoader Environment load took 47.6ns 
467823     INFO  main            d.u.i.k.p.i.AbstractProblemLoader Creating init config 
470451     DEBUG main            d.u.i.k.p.i.AbstractProblemLoader Init config took 2.63s 
470465     INFO  main            d.u.i.k.p.i.AbstractProblemLoader Replaying proof symmArray.key 
470467     DEBUG main            d.u.i.k.p.i.IntermediateProofReplayer Proof replay took 3.4ns 
551504     INFO  main            d.u.i.k.p.r.p.TestFile    ... finished proof: closed. 
552096     INFO  main            d.u.i.k.p.i.AbstractProblemLoader Loading environment from /home/runner/work/key/key/key.core/../key.ui/examples/standard_key/java_dl/symmArray.key.proof 
552096     DEBUG main            d.u.i.k.p.i.AbstractProblemLoader Environment load took 156.8ns 
552101     INFO  main            d.u.i.k.p.i.AbstractProblemLoader Creating init config 
554645     DEBUG main            d.u.i.k.p.i.AbstractProblemLoader Init config took 2.54s 
554659     INFO  main            d.u.i.k.p.i.AbstractProblemLoader Replaying proof symmArray.key.proof 
555510     DEBUG main            d.u.i.k.p.i.IntermediateProofReplayer Proof replay took 799.63ms 
555516     DEBUG main            d.u.i.k.p.r.p.TestFile    ... success: reloaded. 
555516     INFO  main            d.u.i.k.p.r.p.TestFile    Now processing file /home/runner/work/key/key/key.core/../key.ui/examples/standard_key/java_dl/testcontext.key 
555517     INFO  main            d.u.i.k.p.i.AbstractProblemLoader Loading environment from /home/runner/work/key/key/key.core/../key.ui/examples/standard_key/java_dl/testcontext.key 
555517     DEBUG main            d.u.i.k.p.i.AbstractProblemLoader Environment load took 79ns 
555518     INFO  main            d.u.i.k.p.i.AbstractProblemLoader Creating init config 
555537     WARN  main            d.u.i.k.j.r.KeYCrossReferenceNameInfo Datatype java.io.PrintStream declared twice: Once in FILE:/home/runner/work/key/key/key.core/../key.ui/examples/standard_key/java_dl/classpath/PrintStream.java and once in URL:file:/home/runner/work/key/key/key.core/build/resources/main/de/uka/ilkd/key/java/JavaRedux/java/io/PrintStream.java, Keeping one from URL:file:/home/runner/work/key/key/key.core/build/resources/main/de/uka/ilkd/key/java/JavaRedux/java/io/PrintStream.java 
555537     WARN  main            d.u.i.k.j.r.KeYCrossReferenceNameInfo Datatype java.lang.System declared twice: Once in FILE:/home/runner/work/key/key/key.core/../key.ui/examples/standard_key/java_dl/classpath/System.java and once in URL:file:/home/runner/work/key/key/key.core/build/resources/main/de/uka/ilkd/key/java/JavaRedux/java/lang/System.java, Keeping one from URL:file:/home/runner/work/key/key/key.core/build/resources/main/de/uka/ilkd/key/java/JavaRedux/java/lang/System.java 
555538     WARN  main            d.u.i.k.j.r.KeYCrossReferenceNameInfo Datatype java.io.InputStream declared twice: Once in FILE:/home/runner/work/key/key/key.core/../key.ui/examples/standard_key/java_dl/classpath/InputStream.java and once in URL:file:/home/runner/work/key/key/key.core/build/resources/main/de/uka/ilkd/key/java/JavaRedux/java/io/InputStream.java, Keeping one from URL:file:/home/runner/work/key/key/key.core/build/resources/main/de/uka/ilkd/key/java/JavaRedux/java/io/InputStream.java 
555540     DEBUG main            d.u.i.k.j.r.ClassFileDeclarationBuilder Parsing: package java.io; public class Closeable { } 
555541     DEBUG main            r.s.KeYCrossReferenceSourceInfo Dynamically created class: java.io.Closeable 
558087     DEBUG main            d.u.i.k.p.i.AbstractProblemLoader Init config took 2.57s 
558101     INFO  main            d.u.i.k.p.i.AbstractProblemLoader Replaying proof testcontext.key 
558103     DEBUG main            d.u.i.k.p.i.IntermediateProofReplayer Proof replay took 3.4ns 
558405     INFO  main            d.u.i.k.p.r.p.TestFile    ... finished proof: closed. 
559006     INFO  main            d.u.i.k.p.i.AbstractProblemLoader Loading environment from /home/runner/work/key/key/key.core/../key.ui/examples/standard_key/java_dl/testcontext.key.proof 
559006     DEBUG main            d.u.i.k.p.i.AbstractProblemLoader Environment load took 89.7ns 
559007     INFO  main            d.u.i.k.p.i.AbstractProblemLoader Creating init config 
559027     WARN  main            d.u.i.k.j.r.KeYCrossReferenceNameInfo Datatype java.io.PrintStream declared twice: Once in FILE:/home/runner/work/key/key/key.core/../key.ui/examples/standard_key/java_dl/classpath/PrintStream.java and once in URL:file:/home/runner/work/key/key/key.core/build/resources/main/de/uka/ilkd/key/java/JavaRedux/java/io/PrintStream.java, Keeping one from URL:file:/home/runner/work/key/key/key.core/build/resources/main/de/uka/ilkd/key/java/JavaRedux/java/io/PrintStream.java 
559027     WARN  main            d.u.i.k.j.r.KeYCrossReferenceNameInfo Datatype java.lang.System declared twice: Once in FILE:/home/runner/work/key/key/key.core/../key.ui/examples/standard_key/java_dl/classpath/System.java and once in URL:file:/home/runner/work/key/key/key.core/build/resources/main/de/uka/ilkd/key/java/JavaRedux/java/lang/System.java, Keeping one from URL:file:/home/runner/work/key/key/key.core/build/resources/main/de/uka/ilkd/key/java/JavaRedux/java/lang/System.java 
559027     WARN  main            d.u.i.k.j.r.KeYCrossReferenceNameInfo Datatype java.io.InputStream declared twice: Once in FILE:/home/runner/work/key/key/key.core/../key.ui/examples/standard_key/java_dl/classpath/InputStream.java and once in URL:file:/home/runner/work/key/key/key.core/build/resources/main/de/uka/ilkd/key/java/JavaRedux/java/io/InputStream.java, Keeping one from URL:file:/home/runner/work/key/key/key.core/build/resources/main/de/uka/ilkd/key/java/JavaRedux/java/io/InputStream.java 
559030     DEBUG main            d.u.i.k.j.r.ClassFileDeclarationBuilder Parsing: package java.io; public class Closeable { } 
559030     DEBUG main            r.s.KeYCrossReferenceSourceInfo Dynamically created class: java.io.Closeable 
561543     DEBUG main            d.u.i.k.p.i.AbstractProblemLoader Init config took 2.54s 
561556     INFO  main            d.u.i.k.p.i.AbstractProblemLoader Replaying proof testcontext.key.proof 
561598     DEBUG main            d.u.i.k.p.i.IntermediateProofReplayer Proof replay took 38.87ms 
561599     DEBUG main            d.u.i.k.p.r.p.TestFile    ... success: reloaded. 
561599     INFO  main            d.u.i.k.p.r.p.TestFile    Now processing file /home/runner/work/key/key/key.core/../key.ui/examples/standard_key/staticInitialisation/cascadeStaticInitialisation.key 
561600     INFO  main            d.u.i.k.p.i.AbstractProblemLoader Loading environment from /home/runner/work/key/key/key.core/../key.ui/examples/standard_key/staticInitialisation/cascadeStaticInitialisation.key 
561600     DEBUG main            d.u.i.k.p.i.AbstractProblemLoader Environment load took 51.4ns 
561602     INFO  main            d.u.i.k.p.i.AbstractProblemLoader Creating init config 
561621     WARN  main            d.u.i.k.j.r.KeYCrossReferenceNameInfo Datatype java.io.PrintStream declared twice: Once in FILE:/home/runner/work/key/key/key.core/../key.ui/examples/standard_key/staticInitialisation/classpath/PrintStream.java and once in URL:file:/home/runner/work/key/key/key.core/build/resources/main/de/uka/ilkd/key/java/JavaRedux/java/io/PrintStream.java, Keeping one from URL:file:/home/runner/work/key/key/key.core/build/resources/main/de/uka/ilkd/key/java/JavaRedux/java/io/PrintStream.java 
561621     WARN  main            d.u.i.k.j.r.KeYCrossReferenceNameInfo Datatype java.lang.System declared twice: Once in FILE:/home/runner/work/key/key/key.core/../key.ui/examples/standard_key/staticInitialisation/classpath/System.java and once in URL:file:/home/runner/work/key/key/key.core/build/resources/main/de/uka/ilkd/key/java/JavaRedux/java/lang/System.java, Keeping one from URL:file:/home/runner/work/key/key/key.core/build/resources/main/de/uka/ilkd/key/java/JavaRedux/java/lang/System.java 
564115     DEBUG main            d.u.i.k.p.i.AbstractProblemLoader Init config took 2.51s 
564130     INFO  main            d.u.i.k.p.i.AbstractProblemLoader Replaying proof cascadeStaticInitialisation.key 
564131     DEBUG main            d.u.i.k.p.i.IntermediateProofReplayer Proof replay took 3.4ns 
564837     INFO  main            d.u.i.k.p.r.p.TestFile    ... finished proof: closed. 
565370     INFO  main            d.u.i.k.p.i.AbstractProblemLoader Loading environment from /home/runner/work/key/key/key.core/../key.ui/examples/standard_key/staticInitialisation/cascadeStaticInitialisation.key.proof 
565370     DEBUG main            d.u.i.k.p.i.AbstractProblemLoader Environment load took 106.6ns 
565371     INFO  main            d.u.i.k.p.i.AbstractProblemLoader Creating init config 
565391     WARN  main            d.u.i.k.j.r.KeYCrossReferenceNameInfo Datatype java.io.PrintStream declared twice: Once in FILE:/home/runner/work/key/key/key.core/../key.ui/examples/standard_key/staticInitialisation/classpath/PrintStream.java and once in URL:file:/home/runner/work/key/key/key.core/build/resources/main/de/uka/ilkd/key/java/JavaRedux/java/io/PrintStream.java, Keeping one from URL:file:/home/runner/work/key/key/key.core/build/resources/main/de/uka/ilkd/key/java/JavaRedux/java/io/PrintStream.java 
565391     WARN  main            d.u.i.k.j.r.KeYCrossReferenceNameInfo Datatype java.lang.System declared twice: Once in FILE:/home/runner/work/key/key/key.core/../key.ui/examples/standard_key/staticInitialisation/classpath/System.java and once in URL:file:/home/runner/work/key/key/key.core/build/resources/main/de/uka/ilkd/key/java/JavaRedux/java/lang/System.java, Keeping one from URL:file:/home/runner/work/key/key/key.core/build/resources/main/de/uka/ilkd/key/java/JavaRedux/java/lang/System.java 
567907     DEBUG main            d.u.i.k.p.i.AbstractProblemLoader Init config took 2.54s 
567920     INFO  main            d.u.i.k.p.i.AbstractProblemLoader Replaying proof cascadeStaticInitialisation.key.proof 
568026     DEBUG main            d.u.i.k.p.i.IntermediateProofReplayer Proof replay took 102.49ms 
568027     DEBUG main            d.u.i.k.p.r.p.TestFile    ... success: reloaded. 
568028     INFO  main            d.u.i.k.p.r.p.TestFile    Now processing file /home/runner/work/key/key/key.core/../key.ui/examples/standard_key/staticInitialisation/erroneousClassImpliesErroneousSubclass.key 
568028     INFO  main            d.u.i.k.p.i.AbstractProblemLoader Loading environment from /home/runner/work/key/key/key.core/../key.ui/examples/standard_key/staticInitialisation/erroneousClassImpliesErroneousSubclass.key 
568028     DEBUG main            d.u.i.k.p.i.AbstractProblemLoader Environment load took 75.7ns 
568029     INFO  main            d.u.i.k.p.i.AbstractProblemLoader Creating init config 
568047     WARN  main            d.u.i.k.j.r.KeYCrossReferenceNameInfo Datatype java.io.PrintStream declared twice: Once in FILE:/home/runner/work/key/key/key.core/../key.ui/examples/standard_key/staticInitialisation/classpath/PrintStream.java and once in URL:file:/home/runner/work/key/key/key.core/build/resources/main/de/uka/ilkd/key/java/JavaRedux/java/io/PrintStream.java, Keeping one from URL:file:/home/runner/work/key/key/key.core/build/resources/main/de/uka/ilkd/key/java/JavaRedux/java/io/PrintStream.java 
568047     WARN  main            d.u.i.k.j.r.KeYCrossReferenceNameInfo Datatype java.lang.System declared twice: Once in FILE:/home/runner/work/key/key/key.core/../key.ui/examples/standard_key/staticInitialisation/classpath/System.java and once in URL:file:/home/runner/work/key/key/key.core/build/resources/main/de/uka/ilkd/key/java/JavaRedux/java/lang/System.java, Keeping one from URL:file:/home/runner/work/key/key/key.core/build/resources/main/de/uka/ilkd/key/java/JavaRedux/java/lang/System.java 
570534     DEBUG main            d.u.i.k.p.i.AbstractProblemLoader Init config took 2.51s 
570547     INFO  main            d.u.i.k.p.i.AbstractProblemLoader Replaying proof erroneousClassImpliesErroneousSubclass.key 
570548     DEBUG main            d.u.i.k.p.i.IntermediateProofReplayer Proof replay took 3.5ns 
570650     INFO  main            d.u.i.k.p.r.p.TestFile    ... finished proof: closed. 
571184     INFO  main            d.u.i.k.p.i.AbstractProblemLoader Loading environment from /home/runner/work/key/key/key.core/../key.ui/examples/standard_key/staticInitialisation/erroneousClassImpliesErroneousSubclass.key.proof 
571184     DEBUG main            d.u.i.k.p.i.AbstractProblemLoader Environment load took 85ns 
571185     INFO  main            d.u.i.k.p.i.AbstractProblemLoader Creating init config 
571206     WARN  main            d.u.i.k.j.r.KeYCrossReferenceNameInfo Datatype java.io.PrintStream declared twice: Once in FILE:/home/runner/work/key/key/key.core/../key.ui/examples/standard_key/staticInitialisation/classpath/PrintStream.java and once in URL:file:/home/runner/work/key/key/key.core/build/resources/main/de/uka/ilkd/key/java/JavaRedux/java/io/PrintStream.java, Keeping one from URL:file:/home/runner/work/key/key/key.core/build/resources/main/de/uka/ilkd/key/java/JavaRedux/java/io/PrintStream.java 
571206     WARN  main            d.u.i.k.j.r.KeYCrossReferenceNameInfo Datatype java.lang.System declared twice: Once in FILE:/home/runner/work/key/key/key.core/../key.ui/examples/standard_key/staticInitialisation/classpath/System.java and once in URL:file:/home/runner/work/key/key/key.core/build/resources/main/de/uka/ilkd/key/java/JavaRedux/java/lang/System.java, Keeping one from URL:file:/home/runner/work/key/key/key.core/build/resources/main/de/uka/ilkd/key/java/JavaRedux/java/lang/System.java 
573725     DEBUG main            d.u.i.k.p.i.AbstractProblemLoader Init config took 2.54s 
573738     INFO  main            d.u.i.k.p.i.AbstractProblemLoader Replaying proof erroneousClassImpliesErroneousSubclass.key.proof 
573740     DEBUG main            d.u.i.k.p.i.IntermediateProofReplayer Proof replay took 507.21ns 
573741     DEBUG main            d.u.i.k.p.r.p.TestFile    ... success: reloaded. 
573741     INFO  main            d.u.i.k.p.r.p.TestFile    Now processing file /home/runner/work/key/key/key.core/../key.ui/examples/standard_key/staticInitialisation/initializedSubclassImpliesInitializedSuperclass.key 
573742     INFO  main            d.u.i.k.p.i.AbstractProblemLoader Loading environment from /home/runner/work/key/key/key.core/../key.ui/examples/standard_key/staticInitialisation/initializedSubclassImpliesInitializedSuperclass.key 
573742     DEBUG main            d.u.i.k.p.i.AbstractProblemLoader Environment load took 74.6ns 
573743     INFO  main            d.u.i.k.p.i.AbstractProblemLoader Creating init config 
573760     WARN  main            d.u.i.k.j.r.KeYCrossReferenceNameInfo Datatype java.io.PrintStream declared twice: Once in FILE:/home/runner/work/key/key/key.core/../key.ui/examples/standard_key/staticInitialisation/classpath/PrintStream.java and once in URL:file:/home/runner/work/key/key/key.core/build/resources/main/de/uka/ilkd/key/java/JavaRedux/java/io/PrintStream.java, Keeping one from URL:file:/home/runner/work/key/key/key.core/build/resources/main/de/uka/ilkd/key/java/JavaRedux/java/io/PrintStream.java 
573761     WARN  main            d.u.i.k.j.r.KeYCrossReferenceNameInfo Datatype java.lang.System declared twice: Once in FILE:/home/runner/work/key/key/key.core/../key.ui/examples/standard_key/staticInitialisation/classpath/System.java and once in URL:file:/home/runner/work/key/key/key.core/build/resources/main/de/uka/ilkd/key/java/JavaRedux/java/lang/System.java, Keeping one from URL:file:/home/runner/work/key/key/key.core/build/resources/main/de/uka/ilkd/key/java/JavaRedux/java/lang/System.java 
576255     DEBUG main            d.u.i.k.p.i.AbstractProblemLoader Init config took 2.51s 
576268     INFO  main            d.u.i.k.p.i.AbstractProblemLoader Replaying proof initializedSubclassImpliesInitializedSuperclass.key 
576269     DEBUG main            d.u.i.k.p.i.IntermediateProofReplayer Proof replay took 3.1ns 
576371     INFO  main            d.u.i.k.p.r.p.TestFile    ... finished proof: closed. 
576863     INFO  main            d.u.i.k.p.i.AbstractProblemLoader Loading environment from /home/runner/work/key/key/key.core/../key.ui/examples/standard_key/staticInitialisation/initializedSubclassImpliesInitializedSuperclass.key.proof 
576863     DEBUG main            d.u.i.k.p.i.AbstractProblemLoader Environment load took 84.5ns 
576864     INFO  main            d.u.i.k.p.i.AbstractProblemLoader Creating init config 
576883     WARN  main            d.u.i.k.j.r.KeYCrossReferenceNameInfo Datatype java.io.PrintStream declared twice: Once in FILE:/home/runner/work/key/key/key.core/../key.ui/examples/standard_key/staticInitialisation/classpath/PrintStream.java and once in URL:file:/home/runner/work/key/key/key.core/build/resources/main/de/uka/ilkd/key/java/JavaRedux/java/io/PrintStream.java, Keeping one from URL:file:/home/runner/work/key/key/key.core/build/resources/main/de/uka/ilkd/key/java/JavaRedux/java/io/PrintStream.java 
576883     WARN  main            d.u.i.k.j.r.KeYCrossReferenceNameInfo Datatype java.lang.System declared twice: Once in FILE:/home/runner/work/key/key/key.core/../key.ui/examples/standard_key/staticInitialisation/classpath/System.java and once in URL:file:/home/runner/work/key/key/key.core/build/resources/main/de/uka/ilkd/key/java/JavaRedux/java/lang/System.java, Keeping one from URL:file:/home/runner/work/key/key/key.core/build/resources/main/de/uka/ilkd/key/java/JavaRedux/java/lang/System.java 
579330     DEBUG main            d.u.i.k.p.i.AbstractProblemLoader Init config took 2.47s 
579344     INFO  main            d.u.i.k.p.i.AbstractProblemLoader Replaying proof initializedSubclassImpliesInitializedSuperclass.key.proof 
579345     DEBUG main            d.u.i.k.p.i.IntermediateProofReplayer Proof replay took 365.2ns 
579346     DEBUG main            d.u.i.k.p.r.p.TestFile    ... success: reloaded. 
579347     INFO  main            d.u.i.k.p.r.p.TestFile    Now processing file /home/runner/work/key/key/key.core/../key.ui/examples/standard_key/staticInitialisation/localDeclared.key 
579347     INFO  main            d.u.i.k.p.i.AbstractProblemLoader Loading environment from /home/runner/work/key/key/key.core/../key.ui/examples/standard_key/staticInitialisation/localDeclared.key 
579347     DEBUG main            d.u.i.k.p.i.AbstractProblemLoader Environment load took 61ns 
579349     INFO  main            d.u.i.k.p.i.AbstractProblemLoader Creating init config 
579367     WARN  main            d.u.i.k.j.r.KeYCrossReferenceNameInfo Datatype java.io.PrintStream declared twice: Once in FILE:/home/runner/work/key/key/key.core/../key.ui/examples/standard_key/staticInitialisation/classpath/PrintStream.java and once in URL:file:/home/runner/work/key/key/key.core/build/resources/main/de/uka/ilkd/key/java/JavaRedux/java/io/PrintStream.java, Keeping one from URL:file:/home/runner/work/key/key/key.core/build/resources/main/de/uka/ilkd/key/java/JavaRedux/java/io/PrintStream.java 
579367     WARN  main            d.u.i.k.j.r.KeYCrossReferenceNameInfo Datatype java.lang.System declared twice: Once in FILE:/home/runner/work/key/key/key.core/../key.ui/examples/standard_key/staticInitialisation/classpath/System.java and once in URL:file:/home/runner/work/key/key/key.core/build/resources/main/de/uka/ilkd/key/java/JavaRedux/java/lang/System.java, Keeping one from URL:file:/home/runner/work/key/key/key.core/build/resources/main/de/uka/ilkd/key/java/JavaRedux/java/lang/System.java 
581847     DEBUG main            d.u.i.k.p.i.AbstractProblemLoader Init config took 2.5s 
581882     INFO  main            d.u.i.k.p.i.AbstractProblemLoader Replaying proof localDeclared.key 
581883     DEBUG main            d.u.i.k.p.i.IntermediateProofReplayer Proof replay took 3.3ns 
582186     INFO  main            d.u.i.k.p.r.p.TestFile    ... finished proof: closed. 
582710     INFO  main            d.u.i.k.p.i.AbstractProblemLoader Loading environment from /home/runner/work/key/key/key.core/../key.ui/examples/standard_key/staticInitialisation/localDeclared.key.proof 
582710     DEBUG main            d.u.i.k.p.i.AbstractProblemLoader Environment load took 100.7ns 
582711     INFO  main            d.u.i.k.p.i.AbstractProblemLoader Creating init config 
582730     WARN  main            d.u.i.k.j.r.KeYCrossReferenceNameInfo Datatype java.io.PrintStream declared twice: Once in FILE:/home/runner/work/key/key/key.core/../key.ui/examples/standard_key/staticInitialisation/classpath/PrintStream.java and once in URL:file:/home/runner/work/key/key/key.core/build/resources/main/de/uka/ilkd/key/java/JavaRedux/java/io/PrintStream.java, Keeping one from URL:file:/home/runner/work/key/key/key.core/build/resources/main/de/uka/ilkd/key/java/JavaRedux/java/io/PrintStream.java 
582730     WARN  main            d.u.i.k.j.r.KeYCrossReferenceNameInfo Datatype java.lang.System declared twice: Once in FILE:/home/runner/work/key/key/key.core/../key.ui/examples/standard_key/staticInitialisation/classpath/System.java and once in URL:file:/home/runner/work/key/key/key.core/build/resources/main/de/uka/ilkd/key/java/JavaRedux/java/lang/System.java, Keeping one from URL:file:/home/runner/work/key/key/key.core/build/resources/main/de/uka/ilkd/key/java/JavaRedux/java/lang/System.java 
585167     DEBUG main            d.u.i.k.p.i.AbstractProblemLoader Init config took 2.46s 
585181     INFO  main            d.u.i.k.p.i.AbstractProblemLoader Replaying proof localDeclared.key.proof 
585223     DEBUG main            d.u.i.k.p.i.IntermediateProofReplayer Proof replay took 40.64ms 
585224     DEBUG main            d.u.i.k.p.r.p.TestFile    ... success: reloaded. 
585225     INFO  main            d.u.i.k.p.r.p.TestFile    Now processing file /home/runner/work/key/key/key.core/../key.ui/examples/standard_key/staticInitialisation/localDeclaredMethod.key 
585225     INFO  main            d.u.i.k.p.i.AbstractProblemLoader Loading environment from /home/runner/work/key/key/key.core/../key.ui/examples/standard_key/staticInitialisation/localDeclaredMethod.key 
585225     DEBUG main            d.u.i.k.p.i.AbstractProblemLoader Environment load took 76.8ns 
585227     INFO  main            d.u.i.k.p.i.AbstractProblemLoader Creating init config 
585245     WARN  main            d.u.i.k.j.r.KeYCrossReferenceNameInfo Datatype java.io.PrintStream declared twice: Once in FILE:/home/runner/work/key/key/key.core/../key.ui/examples/standard_key/staticInitialisation/classpath/PrintStream.java and once in URL:file:/home/runner/work/key/key/key.core/build/resources/main/de/uka/ilkd/key/java/JavaRedux/java/io/PrintStream.java, Keeping one from URL:file:/home/runner/work/key/key/key.core/build/resources/main/de/uka/ilkd/key/java/JavaRedux/java/io/PrintStream.java 
585245     WARN  main            d.u.i.k.j.r.KeYCrossReferenceNameInfo Datatype java.lang.System declared twice: Once in FILE:/home/runner/work/key/key/key.core/../key.ui/examples/standard_key/staticInitialisation/classpath/System.java and once in URL:file:/home/runner/work/key/key/key.core/build/resources/main/de/uka/ilkd/key/java/JavaRedux/java/lang/System.java, Keeping one from URL:file:/home/runner/work/key/key/key.core/build/resources/main/de/uka/ilkd/key/java/JavaRedux/java/lang/System.java 
587721     DEBUG main            d.u.i.k.p.i.AbstractProblemLoader Init config took 2.49s 
587735     INFO  main            d.u.i.k.p.i.AbstractProblemLoader Replaying proof localDeclaredMethod.key 
587736     DEBUG main            d.u.i.k.p.i.IntermediateProofReplayer Proof replay took 2.8ns 
588040     INFO  main            d.u.i.k.p.r.p.TestFile    ... finished proof: closed. 
588580     INFO  main            d.u.i.k.p.i.AbstractProblemLoader Loading environment from /home/runner/work/key/key/key.core/../key.ui/examples/standard_key/staticInitialisation/localDeclaredMethod.key.proof 
588580     DEBUG main            d.u.i.k.p.i.AbstractProblemLoader Environment load took 84.6ns 
588581     INFO  main            d.u.i.k.p.i.AbstractProblemLoader Creating init config 
588600     WARN  main            d.u.i.k.j.r.KeYCrossReferenceNameInfo Datatype java.io.PrintStream declared twice: Once in FILE:/home/runner/work/key/key/key.core/../key.ui/examples/standard_key/staticInitialisation/classpath/PrintStream.java and once in URL:file:/home/runner/work/key/key/key.core/build/resources/main/de/uka/ilkd/key/java/JavaRedux/java/io/PrintStream.java, Keeping one from URL:file:/home/runner/work/key/key/key.core/build/resources/main/de/uka/ilkd/key/java/JavaRedux/java/io/PrintStream.java 
588600     WARN  main            d.u.i.k.j.r.KeYCrossReferenceNameInfo Datatype java.lang.System declared twice: Once in FILE:/home/runner/work/key/key/key.core/../key.ui/examples/standard_key/staticInitialisation/classpath/System.java and once in URL:file:/home/runner/work/key/key/key.core/build/resources/main/de/uka/ilkd/key/java/JavaRedux/java/lang/System.java, Keeping one from URL:file:/home/runner/work/key/key/key.core/build/resources/main/de/uka/ilkd/key/java/JavaRedux/java/lang/System.java 
591123     DEBUG main            d.u.i.k.p.i.AbstractProblemLoader Init config took 2.54s 
591136     INFO  main            d.u.i.k.p.i.AbstractProblemLoader Replaying proof localDeclaredMethod.key.proof 
591176     DEBUG main            d.u.i.k.p.i.IntermediateProofReplayer Proof replay took 37.7ms 
591177     DEBUG main            d.u.i.k.p.r.p.TestFile    ... success: reloaded. 
591178     INFO  main            d.u.i.k.p.r.p.TestFile    Now processing file /home/runner/work/key/key/key.core/../key.ui/examples/standard_key/staticInitialisation/objectOfErroneousClass.key 
591178     INFO  main            d.u.i.k.p.i.AbstractProblemLoader Loading environment from /home/runner/work/key/key/key.core/../key.ui/examples/standard_key/staticInitialisation/objectOfErroneousClass.key 
591178     DEBUG main            d.u.i.k.p.i.AbstractProblemLoader Environment load took 75.9ns 
591179     INFO  main            d.u.i.k.p.i.AbstractProblemLoader Creating init config 
591198     WARN  main            d.u.i.k.j.r.KeYCrossReferenceNameInfo Datatype java.io.PrintStream declared twice: Once in FILE:/home/runner/work/key/key/key.core/../key.ui/examples/standard_key/staticInitialisation/classpath/PrintStream.java and once in URL:file:/home/runner/work/key/key/key.core/build/resources/main/de/uka/ilkd/key/java/JavaRedux/java/io/PrintStream.java, Keeping one from URL:file:/home/runner/work/key/key/key.core/build/resources/main/de/uka/ilkd/key/java/JavaRedux/java/io/PrintStream.java 
591198     WARN  main            d.u.i.k.j.r.KeYCrossReferenceNameInfo Datatype java.lang.System declared twice: Once in FILE:/home/runner/work/key/key/key.core/../key.ui/examples/standard_key/staticInitialisation/classpath/System.java and once in URL:file:/home/runner/work/key/key/key.core/build/resources/main/de/uka/ilkd/key/java/JavaRedux/java/lang/System.java, Keeping one from URL:file:/home/runner/work/key/key/key.core/build/resources/main/de/uka/ilkd/key/java/JavaRedux/java/lang/System.java 
593686     DEBUG main            d.u.i.k.p.i.AbstractProblemLoader Init config took 2.51s 
593700     INFO  main            d.u.i.k.p.i.AbstractProblemLoader Replaying proof objectOfErroneousClass.key 
593703     DEBUG main            d.u.i.k.p.i.IntermediateProofReplayer Proof replay took 3.9ns 
605996     INFO  main            d.u.i.k.p.r.p.TestFile    ... finished proof: closed. 
606613     INFO  main            d.u.i.k.p.i.AbstractProblemLoader Loading environment from /home/runner/work/key/key/key.core/../key.ui/examples/standard_key/staticInitialisation/objectOfErroneousClass.key.proof 
606614     DEBUG main            d.u.i.k.p.i.AbstractProblemLoader Environment load took 309.9ns 
606617     INFO  main            d.u.i.k.p.i.AbstractProblemLoader Creating init config 
606637     WARN  main            d.u.i.k.j.r.KeYCrossReferenceNameInfo Datatype java.io.PrintStream declared twice: Once in FILE:/home/runner/work/key/key/key.core/../key.ui/examples/standard_key/staticInitialisation/classpath/PrintStream.java and once in URL:file:/home/runner/work/key/key/key.core/build/resources/main/de/uka/ilkd/key/java/JavaRedux/java/io/PrintStream.java, Keeping one from URL:file:/home/runner/work/key/key/key.core/build/resources/main/de/uka/ilkd/key/java/JavaRedux/java/io/PrintStream.java 
606637     WARN  main            d.u.i.k.j.r.KeYCrossReferenceNameInfo Datatype java.lang.System declared twice: Once in FILE:/home/runner/work/key/key/key.core/../key.ui/examples/standard_key/staticInitialisation/classpath/System.java and once in URL:file:/home/runner/work/key/key/key.core/build/resources/main/de/uka/ilkd/key/java/JavaRedux/java/lang/System.java, Keeping one from URL:file:/home/runner/work/key/key/key.core/build/resources/main/de/uka/ilkd/key/java/JavaRedux/java/lang/System.java 
609081     DEBUG main            d.u.i.k.p.i.AbstractProblemLoader Init config took 2.46s 
609096     INFO  main            d.u.i.k.p.i.AbstractProblemLoader Replaying proof objectOfErroneousClass.key.proof 
610508     DEBUG main            d.u.i.k.p.i.IntermediateProofReplayer Proof replay took 1.37s 
610511     DEBUG main            d.u.i.k.p.r.p.TestFile    ... success: reloaded. 
610512     INFO  main            d.u.i.k.p.r.p.TestFile    Now processing file /home/runner/work/key/key/key.core/../key.ui/examples/standard_key/staticInitialisation/staticInitialisersAreNonSimple.key 
610512     INFO  main            d.u.i.k.p.i.AbstractProblemLoader Loading environment from /home/runner/work/key/key/key.core/../key.ui/examples/standard_key/staticInitialisation/staticInitialisersAreNonSimple.key 
610513     DEBUG main            d.u.i.k.p.i.AbstractProblemLoader Environment load took 74.7ns 
610514     INFO  main            d.u.i.k.p.i.AbstractProblemLoader Creating init config 
610532     WARN  main            d.u.i.k.j.r.KeYCrossReferenceNameInfo Datatype java.io.PrintStream declared twice: Once in FILE:/home/runner/work/key/key/key.core/../key.ui/examples/standard_key/staticInitialisation/classpath/PrintStream.java and once in URL:file:/home/runner/work/key/key/key.core/build/resources/main/de/uka/ilkd/key/java/JavaRedux/java/io/PrintStream.java, Keeping one from URL:file:/home/runner/work/key/key/key.core/build/resources/main/de/uka/ilkd/key/java/JavaRedux/java/io/PrintStream.java 
610532     WARN  main            d.u.i.k.j.r.KeYCrossReferenceNameInfo Datatype java.lang.System declared twice: Once in FILE:/home/runner/work/key/key/key.core/../key.ui/examples/standard_key/staticInitialisation/classpath/System.java and once in URL:file:/home/runner/work/key/key/key.core/build/resources/main/de/uka/ilkd/key/java/JavaRedux/java/lang/System.java, Keeping one from URL:file:/home/runner/work/key/key/key.core/build/resources/main/de/uka/ilkd/key/java/JavaRedux/java/lang/System.java 
613046     DEBUG main            d.u.i.k.p.i.AbstractProblemLoader Init config took 2.53s 
613060     INFO  main            d.u.i.k.p.i.AbstractProblemLoader Replaying proof staticInitialisersAreNonSimple.key 
613061     DEBUG main            d.u.i.k.p.i.IntermediateProofReplayer Proof replay took 3.4ns 
613366     INFO  main            d.u.i.k.p.r.p.TestFile    ... finished proof: closed. 
614006     INFO  main            d.u.i.k.p.i.AbstractProblemLoader Loading environment from /home/runner/work/key/key/key.core/../key.ui/examples/standard_key/staticInitialisation/staticInitialisersAreNonSimple.key.proof 
614006     DEBUG main            d.u.i.k.p.i.AbstractProblemLoader Environment load took 81.5ns 
614008     INFO  main            d.u.i.k.p.i.AbstractProblemLoader Creating init config 
614026     WARN  main            d.u.i.k.j.r.KeYCrossReferenceNameInfo Datatype java.io.PrintStream declared twice: Once in FILE:/home/runner/work/key/key/key.core/../key.ui/examples/standard_key/staticInitialisation/classpath/PrintStream.java and once in URL:file:/home/runner/work/key/key/key.core/build/resources/main/de/uka/ilkd/key/java/JavaRedux/java/io/PrintStream.java, Keeping one from URL:file:/home/runner/work/key/key/key.core/build/resources/main/de/uka/ilkd/key/java/JavaRedux/java/io/PrintStream.java 
614027     WARN  main            d.u.i.k.j.r.KeYCrossReferenceNameInfo Datatype java.lang.System declared twice: Once in FILE:/home/runner/work/key/key/key.core/../key.ui/examples/standard_key/staticInitialisation/classpath/System.java and once in URL:file:/home/runner/work/key/key/key.core/build/resources/main/de/uka/ilkd/key/java/JavaRedux/java/lang/System.java, Keeping one from URL:file:/home/runner/work/key/key/key.core/build/resources/main/de/uka/ilkd/key/java/JavaRedux/java/lang/System.java 
616464     DEBUG main            d.u.i.k.p.i.AbstractProblemLoader Init config took 2.46s 
616478     INFO  main            d.u.i.k.p.i.AbstractProblemLoader Replaying proof staticInitialisersAreNonSimple.key.proof 
616535     DEBUG main            d.u.i.k.p.i.IntermediateProofReplayer Proof replay took 55.48ms 
616537     DEBUG main            d.u.i.k.p.r.p.TestFile    ... success: reloaded. 
616537     INFO  main            d.u.i.k.p.r.p.TestFile    Now processing file /home/runner/work/key/key/key.core/../key.ui/examples/standard_key/types/disjoint.key 
616538     INFO  main            d.u.i.k.p.i.AbstractProblemLoader Loading environment from /home/runner/work/key/key/key.core/../key.ui/examples/standard_key/types/disjoint.key 
616538     DEBUG main            d.u.i.k.p.i.AbstractProblemLoader Environment load took 100.2ns 
616538     INFO  main            d.u.i.k.p.i.AbstractProblemLoader Creating init config 
619006     DEBUG main            d.u.i.k.p.i.AbstractProblemLoader Init config took 2.47s 
619019     INFO  main            d.u.i.k.p.i.AbstractProblemLoader Replaying proof disjoint.key 
619020     DEBUG main            d.u.i.k.p.i.IntermediateProofReplayer Proof replay took 2.9ns 
619121     INFO  main            d.u.i.k.p.r.p.TestFile    ... finished proof: closed. 
619656     INFO  main            d.u.i.k.p.i.AbstractProblemLoader Loading environment from /home/runner/work/key/key/key.core/../key.ui/examples/standard_key/types/disjoint.key.proof 
619656     DEBUG main            d.u.i.k.p.i.AbstractProblemLoader Environment load took 80.5ns 
619657     INFO  main            d.u.i.k.p.i.AbstractProblemLoader Creating init config 
622054     DEBUG main            d.u.i.k.p.i.AbstractProblemLoader Init config took 2.4s 
622067     INFO  main            d.u.i.k.p.i.AbstractProblemLoader Replaying proof disjoint.key.proof 
622069     DEBUG main            d.u.i.k.p.i.IntermediateProofReplayer Proof replay took 290.5ns 
622070     DEBUG main            d.u.i.k.p.r.p.TestFile    ... success: reloaded. 
622070     INFO  main            d.u.i.k.p.r.p.TestFile    Now processing file /home/runner/work/key/key/key.core/../key.ui/examples/../../key.core/src/test/resources/testcase/classpath/classpath.key 
622071     INFO  main            d.u.i.k.p.i.AbstractProblemLoader Loading environment from /home/runner/work/key/key/key.core/../key.ui/examples/../../key.core/src/test/resources/testcase/classpath/classpath.key 
622071     DEBUG main            d.u.i.k.p.i.AbstractProblemLoader Environment load took 194.3ns 
622072     INFO  main            d.u.i.k.p.i.AbstractProblemLoader Creating init config 
622093     WARN  main            d.u.i.k.j.r.KeYCrossReferenceNameInfo Datatype cp.C declared twice: Once in FILE:/home/runner/work/key/key/key.core/../key.ui/examples/../../key.core/src/test/resources/testcase/classpath/classpath/C.class and once in FILE:/home/runner/work/key/key/key.core/../key.ui/examples/../../key.core/src/test/resources/testcase/classpath/classpath/C.jml, Keeping one from FILE:/home/runner/work/key/key/key.core/../key.ui/examples/../../key.core/src/test/resources/testcase/classpath/classpath/C.jml 
622096     DEBUG main            d.u.i.k.j.r.ClassFileDeclarationBuilder Parsing: package cp; public class Unresolved1 { } 
622096     DEBUG main            r.s.KeYCrossReferenceSourceInfo Dynamically created class: cp.Unresolved1 
622096     DEBUG main            d.u.i.k.j.r.ClassFileDeclarationBuilder Parsing: package cp; public class Unresolved2 { } 
622097     DEBUG main            r.s.KeYCrossReferenceSourceInfo Dynamically created class: cp.Unresolved2 
624685     DEBUG main            d.u.i.k.p.i.AbstractProblemLoader Init config took 2.61s 
624699     INFO  main            d.u.i.k.p.i.AbstractProblemLoader Replaying proof classpath.key 
624700     DEBUG main            d.u.i.k.p.i.IntermediateProofReplayer Proof replay took 2.9ns 
624806     INFO  main            d.u.i.k.p.r.p.TestFile    ... finished proof: closed. 
625346     INFO  main            d.u.i.k.p.i.AbstractProblemLoader Loading environment from /home/runner/work/key/key/key.core/../key.ui/examples/../../key.core/src/test/resources/testcase/classpath/classpath.key.proof 
625346     DEBUG main            d.u.i.k.p.i.AbstractProblemLoader Environment load took 77.5ns 
625347     INFO  main            d.u.i.k.p.i.AbstractProblemLoader Creating init config 
625367     WARN  main            d.u.i.k.j.r.KeYCrossReferenceNameInfo Datatype cp.C declared twice: Once in FILE:/home/runner/work/key/key/key.core/../key.ui/examples/../../key.core/src/test/resources/testcase/classpath/classpath/C.class and once in FILE:/home/runner/work/key/key/key.core/../key.ui/examples/../../key.core/src/test/resources/testcase/classpath/classpath/C.jml, Keeping one from FILE:/home/runner/work/key/key/key.core/../key.ui/examples/../../key.core/src/test/resources/testcase/classpath/classpath/C.jml 
625370     DEBUG main            d.u.i.k.j.r.ClassFileDeclarationBuilder Parsing: package cp; public class Unresolved1 { } 
625370     DEBUG main            r.s.KeYCrossReferenceSourceInfo Dynamically created class: cp.Unresolved1 
625370     DEBUG main            d.u.i.k.j.r.ClassFileDeclarationBuilder Parsing: package cp; public class Unresolved2 { } 
625370     DEBUG main            r.s.KeYCrossReferenceSourceInfo Dynamically created class: cp.Unresolved2 
627889     DEBUG main            d.u.i.k.p.i.AbstractProblemLoader Init config took 2.54s 
627902     INFO  main            d.u.i.k.p.i.AbstractProblemLoader Replaying proof classpath.key.proof 
627907     DEBUG main            d.u.i.k.p.i.IntermediateProofReplayer Proof replay took 477.41ns 
627907     DEBUG main            d.u.i.k.p.r.p.TestFile    ... success: reloaded. 
627908     INFO  main            d.u.i.k.p.r.p.TestFile    Now processing file /home/runner/work/key/key/key.core/../key.ui/examples/heap/inconsistent_represents/MyClass_m.key 
627908     INFO  main            d.u.i.k.p.i.AbstractProblemLoader Loading environment from /home/runner/work/key/key/key.core/../key.ui/examples/heap/inconsistent_represents/MyClass_m.key 
627908     DEBUG main            d.u.i.k.p.i.AbstractProblemLoader Environment load took 58.8ns 
627909     INFO  main            d.u.i.k.p.i.AbstractProblemLoader Creating init config 
630437     DEBUG main            d.u.i.k.p.i.AbstractProblemLoader Init config took 2.53s 
630473     INFO  main            d.u.i.k.p.i.AbstractProblemLoader Replaying proof MyClass[MyClass::m()].JML operation contract.0 
630474     DEBUG main            d.u.i.k.p.i.IntermediateProofReplayer Proof replay took 3.8ns 
630576     INFO  main            d.u.i.k.p.r.p.TestFile    ... finished proof: open goal(s) 
631120     INFO  main            d.u.i.k.p.r.p.TestFile    Now processing file /home/runner/work/key/key/key.core/../key.ui/examples/heap/inconsistent_represents/MyClass_n.key 
631121     INFO  main            d.u.i.k.p.i.AbstractProblemLoader Loading environment from /home/runner/work/key/key/key.core/../key.ui/examples/heap/inconsistent_represents/MyClass_n.key 
631121     DEBUG main            d.u.i.k.p.i.AbstractProblemLoader Environment load took 49.8ns 
631121     INFO  main            d.u.i.k.p.i.AbstractProblemLoader Creating init config 
633601     DEBUG main            d.u.i.k.p.i.AbstractProblemLoader Init config took 2.48s 
633639     INFO  main            d.u.i.k.p.i.AbstractProblemLoader Replaying proof MyClass[MyClass::n()].JML operation contract.0 
633641     DEBUG main            d.u.i.k.p.i.IntermediateProofReplayer Proof replay took 3.3ns 
633744     INFO  main            d.u.i.k.p.r.p.TestFile    ... finished proof: open goal(s) 
3519429    INFO  Test worker     d.u.i.k.p.r.RunAllProofsTestUnit Returning from test javadl 
3519430    INFO  Test worker     d.u.i.k.p.r.RunAllProofsTestUnit Running test FOL 
376        INFO  Timeout watchdog d.u.i.k.p.r.p.ForkedTestFileRunner Timeout watcher launched (2000 secs.) 
389        WARN  main            d.u.i.k.s.ProofSettings   The settings in /home/runner/.key/proof-settings.props are *not* read. 
421        INFO  main            d.u.i.k.p.r.p.TestFile    Now processing file /home/runner/work/key/key/key.core/../key.ui/examples/standard_key/pred_log/count.key 
529        INFO  main            d.u.i.k.p.i.AbstractProblemLoader Loading environment from /home/runner/work/key/key/key.core/../key.ui/examples/standard_key/pred_log/count.key 
554        DEBUG main            d.u.i.k.p.i.AbstractProblemLoader Environment load took 1.9ms 
800        INFO  main            d.u.i.k.p.i.AbstractProblemLoader Creating init config 
1602       DEBUG main            d.u.i.k.j.TypeConverter   No LDT found for Meta 
1602       DEBUG main            d.u.i.k.j.TypeConverter   No LDT found for Meta 
1604       DEBUG main            d.u.i.k.j.TypeConverter   No LDT found for Meta 
1604       DEBUG main            d.u.i.k.j.TypeConverter   No LDT found for Meta 
2795       DEBUG main            d.u.i.k.j.TypeConverter   No LDT found for JavaBigintExpression 
7866       DEBUG main            d.u.i.k.p.i.AbstractProblemLoader Init config took 7.07s 
7942       INFO  main            d.u.i.k.p.i.AbstractProblemLoader Replaying proof count.key 
7980       DEBUG main            d.u.i.k.p.i.IntermediateProofReplayer Proof replay took 37ns 
8258       INFO  main            d.u.i.k.p.r.p.TestFile    ... finished proof: closed. 
8359       INFO  main            d.u.i.k.p.i.AbstractProblemLoader Loading environment from /home/runner/work/key/key/key.core/../key.ui/examples/standard_key/pred_log/count.key.proof 
8360       DEBUG main            d.u.i.k.p.i.AbstractProblemLoader Environment load took 916.91ns 
8371       INFO  main            d.u.i.k.p.i.AbstractProblemLoader Creating init config 
11345      DEBUG main            d.u.i.k.p.i.AbstractProblemLoader Init config took 2.97s 
11376      INFO  main            d.u.i.k.p.i.AbstractProblemLoader Replaying proof count.key.proof 
11387      DEBUG main            d.u.i.k.p.i.IntermediateProofReplayer Proof replay took 6.14ms 
11397      DEBUG main            d.u.i.k.p.r.p.TestFile    ... success: reloaded. 
11398      INFO  main            d.u.i.k.p.r.p.TestFile    Now processing file /home/runner/work/key/key/key.core/../key.ui/examples/standard_key/pred_log/count2.key 
11398      INFO  main            d.u.i.k.p.i.AbstractProblemLoader Loading environment from /home/runner/work/key/key/key.core/../key.ui/examples/standard_key/pred_log/count2.key 
11398      DEBUG main            d.u.i.k.p.i.AbstractProblemLoader Environment load took 201.8ns 
11400      INFO  main            d.u.i.k.p.i.AbstractProblemLoader Creating init config 
14073      DEBUG main            d.u.i.k.p.i.AbstractProblemLoader Init config took 2.67s 
14103      INFO  main            d.u.i.k.p.i.AbstractProblemLoader Replaying proof count2.key 
14105      DEBUG main            d.u.i.k.p.i.IntermediateProofReplayer Proof replay took 7.4ns 
14207      INFO  main            d.u.i.k.p.r.p.TestFile    ... finished proof: closed. 
14387      INFO  main            d.u.i.k.p.i.AbstractProblemLoader Loading environment from /home/runner/work/key/key/key.core/../key.ui/examples/standard_key/pred_log/count2.key.proof 
14387      DEBUG main            d.u.i.k.p.i.AbstractProblemLoader Environment load took 151.5ns 
14388      INFO  main            d.u.i.k.p.i.AbstractProblemLoader Creating init config 
17022      DEBUG main            d.u.i.k.p.i.AbstractProblemLoader Init config took 2.63s 
17046      INFO  main            d.u.i.k.p.i.AbstractProblemLoader Replaying proof count2.key.proof 
17051      DEBUG main            d.u.i.k.p.i.IntermediateProofReplayer Proof replay took 2.28ms 
17052      DEBUG main            d.u.i.k.p.r.p.TestFile    ... success: reloaded. 
17053      INFO  main            d.u.i.k.p.r.p.TestFile    Now processing file /home/runner/work/key/key/key.core/../key.ui/examples/standard_key/pred_log/count3.key 
17053      INFO  main            d.u.i.k.p.i.AbstractProblemLoader Loading environment from /home/runner/work/key/key/key.core/../key.ui/examples/standard_key/pred_log/count3.key 
17053      DEBUG main            d.u.i.k.p.i.AbstractProblemLoader Environment load took 181.9ns 
17055      INFO  main            d.u.i.k.p.i.AbstractProblemLoader Creating init config 
19649      DEBUG main            d.u.i.k.p.i.AbstractProblemLoader Init config took 2.59s 
19674      INFO  main            d.u.i.k.p.i.AbstractProblemLoader Replaying proof count3.key 
19682      DEBUG main            d.u.i.k.p.i.IntermediateProofReplayer Proof replay took 7.7ns 
19785      INFO  main            d.u.i.k.p.r.p.TestFile    ... finished proof: closed. 
19955      INFO  main            d.u.i.k.p.i.AbstractProblemLoader Loading environment from /home/runner/work/key/key/key.core/../key.ui/examples/standard_key/pred_log/count3.key.proof 
19955      DEBUG main            d.u.i.k.p.i.AbstractProblemLoader Environment load took 121.5ns 
19959      INFO  main            d.u.i.k.p.i.AbstractProblemLoader Creating init config 
22525      DEBUG main            d.u.i.k.p.i.AbstractProblemLoader Init config took 2.57s 
22547      INFO  main            d.u.i.k.p.i.AbstractProblemLoader Replaying proof count3.key.proof 
22554      DEBUG main            d.u.i.k.p.i.IntermediateProofReplayer Proof replay took 4.25ms 
22556      DEBUG main            d.u.i.k.p.r.p.TestFile    ... success: reloaded. 
22558      INFO  main            d.u.i.k.p.r.p.TestFile    Now processing file /home/runner/work/key/key/key.core/../key.ui/examples/standard_key/pred_log/equalities.key 
22559      INFO  main            d.u.i.k.p.i.AbstractProblemLoader Loading environment from /home/runner/work/key/key/key.core/../key.ui/examples/standard_key/pred_log/equalities.key 
22572      DEBUG main            d.u.i.k.p.i.AbstractProblemLoader Environment load took 12.7ms 
22573      INFO  main            d.u.i.k.p.i.AbstractProblemLoader Creating init config 
25231      DEBUG main            d.u.i.k.p.i.AbstractProblemLoader Init config took 2.66s 
25256      INFO  main            d.u.i.k.p.i.AbstractProblemLoader Replaying proof equalities.key 
25258      DEBUG main            d.u.i.k.p.i.IntermediateProofReplayer Proof replay took 7ns 
25360      INFO  main            d.u.i.k.p.r.p.TestFile    ... finished proof: closed. 
25490      INFO  main            d.u.i.k.p.i.AbstractProblemLoader Loading environment from /home/runner/work/key/key/key.core/../key.ui/examples/standard_key/pred_log/equalities.key.proof 
25490      DEBUG main            d.u.i.k.p.i.AbstractProblemLoader Environment load took 126.1ns 
25492      INFO  main            d.u.i.k.p.i.AbstractProblemLoader Creating init config 
28073      DEBUG main            d.u.i.k.p.i.AbstractProblemLoader Init config took 2.58s 
28093      INFO  main            d.u.i.k.p.i.AbstractProblemLoader Replaying proof equalities.key.proof 
28096      DEBUG main            d.u.i.k.p.i.IntermediateProofReplayer Proof replay took 1.07ms 
28097      DEBUG main            d.u.i.k.p.r.p.TestFile    ... success: reloaded. 
28097      INFO  main            d.u.i.k.p.r.p.TestFile    Now processing file /home/runner/work/key/key/key.core/../key.ui/examples/standard_key/pred_log/equalities2.key 
28098      INFO  main            d.u.i.k.p.i.AbstractProblemLoader Loading environment from /home/runner/work/key/key/key.core/../key.ui/examples/standard_key/pred_log/equalities2.key 
28098      DEBUG main            d.u.i.k.p.i.AbstractProblemLoader Environment load took 167.3ns 
28099      INFO  main            d.u.i.k.p.i.AbstractProblemLoader Creating init config 
30653      DEBUG main            d.u.i.k.p.i.AbstractProblemLoader Init config took 2.55s 
30687      INFO  main            d.u.i.k.p.i.AbstractProblemLoader Replaying proof equalities2.key 
30689      DEBUG main            d.u.i.k.p.i.IntermediateProofReplayer Proof replay took 7.7ns 
30791      INFO  main            d.u.i.k.p.r.p.TestFile    ... finished proof: closed. 
31000      INFO  main            d.u.i.k.p.i.AbstractProblemLoader Loading environment from /home/runner/work/key/key/key.core/../key.ui/examples/standard_key/pred_log/equalities2.key.proof 
31000      DEBUG main            d.u.i.k.p.i.AbstractProblemLoader Environment load took 126.6ns 
31001      INFO  main            d.u.i.k.p.i.AbstractProblemLoader Creating init config 
33529      DEBUG main            d.u.i.k.p.i.AbstractProblemLoader Init config took 2.53s 
33549      INFO  main            d.u.i.k.p.i.AbstractProblemLoader Replaying proof equalities2.key.proof 
33560      DEBUG main            d.u.i.k.p.i.IntermediateProofReplayer Proof replay took 9.25ms 
33562      DEBUG main            d.u.i.k.p.r.p.TestFile    ... success: reloaded. 
33563      INFO  main            d.u.i.k.p.r.p.TestFile    Now processing file /home/runner/work/key/key/key.core/../key.ui/examples/standard_key/pred_log/equalities3.key 
33564      INFO  main            d.u.i.k.p.i.AbstractProblemLoader Loading environment from /home/runner/work/key/key/key.core/../key.ui/examples/standard_key/pred_log/equalities3.key 
33564      DEBUG main            d.u.i.k.p.i.AbstractProblemLoader Environment load took 201.3ns 
33565      INFO  main            d.u.i.k.p.i.AbstractProblemLoader Creating init config 
36150      DEBUG main            d.u.i.k.p.i.AbstractProblemLoader Init config took 2.58s 
36181      INFO  main            d.u.i.k.p.i.AbstractProblemLoader Replaying proof equalities3.key 
36183      DEBUG main            d.u.i.k.p.i.IntermediateProofReplayer Proof replay took 8.4ns 
36286      INFO  main            d.u.i.k.p.r.p.TestFile    ... finished proof: closed. 
36497      INFO  main            d.u.i.k.p.i.AbstractProblemLoader Loading environment from /home/runner/work/key/key/key.core/../key.ui/examples/standard_key/pred_log/equalities3.key.proof 
36497      DEBUG main            d.u.i.k.p.i.AbstractProblemLoader Environment load took 124.5ns 
36498      INFO  main            d.u.i.k.p.i.AbstractProblemLoader Creating init config 
39008      DEBUG main            d.u.i.k.p.i.AbstractProblemLoader Init config took 2.51s 
39026      INFO  main            d.u.i.k.p.i.AbstractProblemLoader Replaying proof equalities3.key.proof 
39032      DEBUG main            d.u.i.k.p.i.IntermediateProofReplayer Proof replay took 4.38ms 
39033      DEBUG main            d.u.i.k.p.r.p.TestFile    ... success: reloaded. 
39034      INFO  main            d.u.i.k.p.r.p.TestFile    Now processing file /home/runner/work/key/key/key.core/../key.ui/examples/standard_key/pred_log/functions.key 
39034      INFO  main            d.u.i.k.p.i.AbstractProblemLoader Loading environment from /home/runner/work/key/key/key.core/../key.ui/examples/standard_key/pred_log/functions.key 
39035      DEBUG main            d.u.i.k.p.i.AbstractProblemLoader Environment load took 185.5ns 
39036      INFO  main            d.u.i.k.p.i.AbstractProblemLoader Creating init config 
41587      DEBUG main            d.u.i.k.p.i.AbstractProblemLoader Init config took 2.55s 
41603      INFO  main            d.u.i.k.p.i.AbstractProblemLoader Replaying proof functions.key 
41605      DEBUG main            d.u.i.k.p.i.IntermediateProofReplayer Proof replay took 7.1ns 
41708      INFO  main            d.u.i.k.p.r.p.TestFile    ... finished proof: closed. 
41861      INFO  main            d.u.i.k.p.i.AbstractProblemLoader Loading environment from /home/runner/work/key/key/key.core/../key.ui/examples/standard_key/pred_log/functions.key.proof 
41861      DEBUG main            d.u.i.k.p.i.AbstractProblemLoader Environment load took 117.9ns 
41862      INFO  main            d.u.i.k.p.i.AbstractProblemLoader Creating init config 
44370      DEBUG main            d.u.i.k.p.i.AbstractProblemLoader Init config took 2.51s 
44403      INFO  main            d.u.i.k.p.i.AbstractProblemLoader Replaying proof functions.key.proof 
44406      DEBUG main            d.u.i.k.p.i.IntermediateProofReplayer Proof replay took 1.71ms 
44407      DEBUG main            d.u.i.k.p.r.p.TestFile    ... success: reloaded. 
44408      INFO  main            d.u.i.k.p.r.p.TestFile    Now processing file /home/runner/work/key/key/key.core/../key.ui/examples/standard_key/pred_log/mv1.key 
44408      INFO  main            d.u.i.k.p.i.AbstractProblemLoader Loading environment from /home/runner/work/key/key/key.core/../key.ui/examples/standard_key/pred_log/mv1.key 
44409      DEBUG main            d.u.i.k.p.i.AbstractProblemLoader Environment load took 184.4ns 
44410      INFO  main            d.u.i.k.p.i.AbstractProblemLoader Creating init config 
46979      DEBUG main            d.u.i.k.p.i.AbstractProblemLoader Init config took 2.57s 
46994      INFO  main            d.u.i.k.p.i.AbstractProblemLoader Replaying proof mv1.key 
46995      DEBUG main            d.u.i.k.p.i.IntermediateProofReplayer Proof replay took 6.9ns 
47099      INFO  main            d.u.i.k.p.r.p.TestFile    ... finished proof: closed. 
47257      INFO  main            d.u.i.k.p.i.AbstractProblemLoader Loading environment from /home/runner/work/key/key/key.core/../key.ui/examples/standard_key/pred_log/mv1.key.proof 
47257      DEBUG main            d.u.i.k.p.i.AbstractProblemLoader Environment load took 121.4ns 
47258      INFO  main            d.u.i.k.p.i.AbstractProblemLoader Creating init config 
49729      DEBUG main            d.u.i.k.p.i.AbstractProblemLoader Init config took 2.47s 
49744      INFO  main            d.u.i.k.p.i.AbstractProblemLoader Replaying proof mv1.key.proof 
49746      DEBUG main            d.u.i.k.p.i.IntermediateProofReplayer Proof replay took 789.21ns 
49747      DEBUG main            d.u.i.k.p.r.p.TestFile    ... success: reloaded. 
49747      INFO  main            d.u.i.k.p.r.p.TestFile    Now processing file /home/runner/work/key/key/key.core/../key.ui/examples/standard_key/pred_log/mv2.key 
49748      INFO  main            d.u.i.k.p.i.AbstractProblemLoader Loading environment from /home/runner/work/key/key/key.core/../key.ui/examples/standard_key/pred_log/mv2.key 
49748      DEBUG main            d.u.i.k.p.i.AbstractProblemLoader Environment load took 78ns 
49749      INFO  main            d.u.i.k.p.i.AbstractProblemLoader Creating init config 
52291      DEBUG main            d.u.i.k.p.i.AbstractProblemLoader Init config took 2.54s 
52305      INFO  main            d.u.i.k.p.i.AbstractProblemLoader Replaying proof mv2.key 
52307      DEBUG main            d.u.i.k.p.i.IntermediateProofReplayer Proof replay took 8.1ns 
52409      INFO  main            d.u.i.k.p.r.p.TestFile    ... finished proof: closed. 
52616      INFO  main            d.u.i.k.p.i.AbstractProblemLoader Loading environment from /home/runner/work/key/key/key.core/../key.ui/examples/standard_key/pred_log/mv2.key.proof 
52616      DEBUG main            d.u.i.k.p.i.AbstractProblemLoader Environment load took 118ns 
52617      INFO  main            d.u.i.k.p.i.AbstractProblemLoader Creating init config 
55089      DEBUG main            d.u.i.k.p.i.AbstractProblemLoader Init config took 2.47s 
55103      INFO  main            d.u.i.k.p.i.AbstractProblemLoader Replaying proof mv2.key.proof 
55108      DEBUG main            d.u.i.k.p.i.IntermediateProofReplayer Proof replay took 1.33ms 
55109      DEBUG main            d.u.i.k.p.r.p.TestFile    ... success: reloaded. 
55109      INFO  main            d.u.i.k.p.r.p.TestFile    Now processing file /home/runner/work/key/key/key.core/../key.ui/examples/standard_key/pred_log/quantifiers.key 
55109      INFO  main            d.u.i.k.p.i.AbstractProblemLoader Loading environment from /home/runner/work/key/key/key.core/../key.ui/examples/standard_key/pred_log/quantifiers.key 
55109      DEBUG main            d.u.i.k.p.i.AbstractProblemLoader Environment load took 61.1ns 
55110      INFO  main            d.u.i.k.p.i.AbstractProblemLoader Creating init config 
57624      DEBUG main            d.u.i.k.p.i.AbstractProblemLoader Init config took 2.51s 
57638      INFO  main            d.u.i.k.p.i.AbstractProblemLoader Replaying proof quantifiers.key 
57642      DEBUG main            d.u.i.k.p.i.IntermediateProofReplayer Proof replay took 8.3ns 
57744      INFO  main            d.u.i.k.p.r.p.TestFile    ... finished proof: closed. 
57913      INFO  main            d.u.i.k.p.i.AbstractProblemLoader Loading environment from /home/runner/work/key/key/key.core/../key.ui/examples/standard_key/pred_log/quantifiers.key.proof 
57913      DEBUG main            d.u.i.k.p.i.AbstractProblemLoader Environment load took 118.8ns 
57914      INFO  main            d.u.i.k.p.i.AbstractProblemLoader Creating init config 
60396      DEBUG main            d.u.i.k.p.i.AbstractProblemLoader Init config took 2.48s 
60410      INFO  main            d.u.i.k.p.i.AbstractProblemLoader Replaying proof quantifiers.key.proof 
60417      DEBUG main            d.u.i.k.p.i.IntermediateProofReplayer Proof replay took 3.32ms 
60418      DEBUG main            d.u.i.k.p.r.p.TestFile    ... success: reloaded. 
60418      INFO  main            d.u.i.k.p.r.p.TestFile    Now processing file /home/runner/work/key/key/key.core/../key.ui/examples/standard_key/pred_log/simpleEps.key 
60418      INFO  main            d.u.i.k.p.i.AbstractProblemLoader Loading environment from /home/runner/work/key/key/key.core/../key.ui/examples/standard_key/pred_log/simpleEps.key 
60419      DEBUG main            d.u.i.k.p.i.AbstractProblemLoader Environment load took 62.8ns 
60420      INFO  main            d.u.i.k.p.i.AbstractProblemLoader Creating init config 
62942      DEBUG main            d.u.i.k.p.i.AbstractProblemLoader Init config took 2.52s 
62957      INFO  main            d.u.i.k.p.i.AbstractProblemLoader Replaying proof simpleEps.key 
62958      DEBUG main            d.u.i.k.p.i.IntermediateProofReplayer Proof replay took 7.4ns 
63067      INFO  main            d.u.i.k.p.r.p.TestFile    ... finished proof: closed. 
63245      INFO  main            d.u.i.k.p.i.AbstractProblemLoader Loading environment from /home/runner/work/key/key/key.core/../key.ui/examples/standard_key/pred_log/simpleEps.key.proof 
63245      DEBUG main            d.u.i.k.p.i.AbstractProblemLoader Environment load took 114.3ns 
63246      INFO  main            d.u.i.k.p.i.AbstractProblemLoader Creating init config 
65713      DEBUG main            d.u.i.k.p.i.AbstractProblemLoader Init config took 2.47s 
65728      INFO  main            d.u.i.k.p.i.AbstractProblemLoader Replaying proof simpleEps.key.proof 
65731      DEBUG main            d.u.i.k.p.i.IntermediateProofReplayer Proof replay took 1.45ms 
65732      DEBUG main            d.u.i.k.p.r.p.TestFile    ... success: reloaded. 
65733      INFO  main            d.u.i.k.p.r.p.TestFile    Now processing file /home/runner/work/key/key/key.core/../key.ui/examples/standard_key/pred_log/steam1.key 
65733      INFO  main            d.u.i.k.p.i.AbstractProblemLoader Loading environment from /home/runner/work/key/key/key.core/../key.ui/examples/standard_key/pred_log/steam1.key 
65733      DEBUG main            d.u.i.k.p.i.AbstractProblemLoader Environment load took 92.1ns 
65736      INFO  main            d.u.i.k.p.i.AbstractProblemLoader Creating init config 
68257      DEBUG main            d.u.i.k.p.i.AbstractProblemLoader Init config took 2.52s 
68274      INFO  main            d.u.i.k.p.i.AbstractProblemLoader Replaying proof steam1.key 
68275      DEBUG main            d.u.i.k.p.i.IntermediateProofReplayer Proof replay took 7.6ns 
68583      INFO  main            d.u.i.k.p.r.p.TestFile    ... finished proof: closed. 
68793      INFO  main            d.u.i.k.p.i.AbstractProblemLoader Loading environment from /home/runner/work/key/key/key.core/../key.ui/examples/standard_key/pred_log/steam1.key.proof 
68793      DEBUG main            d.u.i.k.p.i.AbstractProblemLoader Environment load took 128.3ns 
68796      INFO  main            d.u.i.k.p.i.AbstractProblemLoader Creating init config 
71331      DEBUG main            d.u.i.k.p.i.AbstractProblemLoader Init config took 2.53s 
71347      INFO  main            d.u.i.k.p.i.AbstractProblemLoader Replaying proof steam1.key.proof 
71377      DEBUG main            d.u.i.k.p.i.IntermediateProofReplayer Proof replay took 25.47ms 
71379      DEBUG main            d.u.i.k.p.r.p.TestFile    ... success: reloaded. 
71380      INFO  main            d.u.i.k.p.r.p.TestFile    Now processing file /home/runner/work/key/key/key.core/../key.ui/examples/standard_key/pred_log/tptp/PUZ/PUZ001p1.key 
71380      INFO  main            d.u.i.k.p.i.AbstractProblemLoader Loading environment from /home/runner/work/key/key/key.core/../key.ui/examples/standard_key/pred_log/tptp/PUZ/PUZ001p1.key 
71380      DEBUG main            d.u.i.k.p.i.AbstractProblemLoader Environment load took 133.3ns 
71382      INFO  main            d.u.i.k.p.i.AbstractProblemLoader Creating init config 
73845      DEBUG main            d.u.i.k.p.i.AbstractProblemLoader Init config took 2.46s 
73859      INFO  main            d.u.i.k.p.i.AbstractProblemLoader Replaying proof PUZ001p1.key 
73860      DEBUG main            d.u.i.k.p.i.IntermediateProofReplayer Proof replay took 7ns 
76778      INFO  main            d.u.i.k.p.r.p.TestFile    ... finished proof: closed. 
76987      INFO  main            d.u.i.k.p.i.AbstractProblemLoader Loading environment from /home/runner/work/key/key/key.core/../key.ui/examples/standard_key/pred_log/tptp/PUZ/PUZ001p1.key.proof 
76988      DEBUG main            d.u.i.k.p.i.AbstractProblemLoader Environment load took 1.23ms 
76990      INFO  main            d.u.i.k.p.i.AbstractProblemLoader Creating init config 
79460      DEBUG main            d.u.i.k.p.i.AbstractProblemLoader Init config took 2.47s 
79478      INFO  main            d.u.i.k.p.i.AbstractProblemLoader Replaying proof PUZ001p1.key.proof 
79621      DEBUG main            d.u.i.k.p.i.IntermediateProofReplayer Proof replay took 127.16ms 
79623      DEBUG main            d.u.i.k.p.r.p.TestFile    ... success: reloaded. 
79623      INFO  main            d.u.i.k.p.r.p.TestFile    Now processing file /home/runner/work/key/key/key.core/../key.ui/examples/standard_key/pred_log/tptp/PUZ/PUZ001p1-eq.key 
79624      INFO  main            d.u.i.k.p.i.AbstractProblemLoader Loading environment from /home/runner/work/key/key/key.core/../key.ui/examples/standard_key/pred_log/tptp/PUZ/PUZ001p1-eq.key 
79624      DEBUG main            d.u.i.k.p.i.AbstractProblemLoader Environment load took 190.2ns 
79625      INFO  main            d.u.i.k.p.i.AbstractProblemLoader Creating init config 
82118      DEBUG main            d.u.i.k.p.i.AbstractProblemLoader Init config took 2.49s 
82132      INFO  main            d.u.i.k.p.i.AbstractProblemLoader Replaying proof PUZ001p1-eq.key 
82134      DEBUG main            d.u.i.k.p.i.IntermediateProofReplayer Proof replay took 7.2ns 
82237      INFO  main            d.u.i.k.p.r.p.TestFile    ... finished proof: closed. 
82462      INFO  main            d.u.i.k.p.i.AbstractProblemLoader Loading environment from /home/runner/work/key/key/key.core/../key.ui/examples/standard_key/pred_log/tptp/PUZ/PUZ001p1-eq.key.proof 
82463      DEBUG main            d.u.i.k.p.i.AbstractProblemLoader Environment load took 358.1ns 
82464      INFO  main            d.u.i.k.p.i.AbstractProblemLoader Creating init config 
84901      DEBUG main            d.u.i.k.p.i.AbstractProblemLoader Init config took 2.44s 
84914      INFO  main            d.u.i.k.p.i.AbstractProblemLoader Replaying proof PUZ001p1-eq.key.proof 
84925      DEBUG main            d.u.i.k.p.i.IntermediateProofReplayer Proof replay took 8.32ms 
84926      DEBUG main            d.u.i.k.p.r.p.TestFile    ... success: reloaded. 
84927      INFO  main            d.u.i.k.p.r.p.TestFile    Now processing file /home/runner/work/key/key/key.core/../key.ui/examples/standard_key/pred_log/tptp/PUZ/PUZ031p1.key 
84927      INFO  main            d.u.i.k.p.i.AbstractProblemLoader Loading environment from /home/runner/work/key/key/key.core/../key.ui/examples/standard_key/pred_log/tptp/PUZ/PUZ031p1.key 
84927      DEBUG main            d.u.i.k.p.i.AbstractProblemLoader Environment load took 92.9ns 
84929      INFO  main            d.u.i.k.p.i.AbstractProblemLoader Creating init config 
87448      DEBUG main            d.u.i.k.p.i.AbstractProblemLoader Init config took 2.52s 
87463      INFO  main            d.u.i.k.p.i.AbstractProblemLoader Replaying proof PUZ031p1.key 
87464      DEBUG main            d.u.i.k.p.i.IntermediateProofReplayer Proof replay took 7.4ns 
95609      INFO  main            d.u.i.k.p.r.p.TestFile    ... finished proof: closed. 
95829      INFO  main            d.u.i.k.p.i.AbstractProblemLoader Loading environment from /home/runner/work/key/key/key.core/../key.ui/examples/standard_key/pred_log/tptp/PUZ/PUZ031p1.key.proof 
95830      DEBUG main            d.u.i.k.p.i.AbstractProblemLoader Environment load took 417.11ns 
95832      INFO  main            d.u.i.k.p.i.AbstractProblemLoader Creating init config 
98257      DEBUG main            d.u.i.k.p.i.AbstractProblemLoader Init config took 2.42s 
98271      INFO  main            d.u.i.k.p.i.AbstractProblemLoader Replaying proof PUZ031p1.key.proof 
98319      DEBUG main            d.u.i.k.p.i.IntermediateProofReplayer Proof replay took 44.08ms 
98321      DEBUG main            d.u.i.k.p.r.p.TestFile    ... success: reloaded. 
98322      INFO  main            d.u.i.k.p.r.p.TestFile    Now processing file /home/runner/work/key/key/key.core/../key.ui/examples/standard_key/pred_log/tptp/SET/SET027p3.key 
98322      INFO  main            d.u.i.k.p.i.AbstractProblemLoader Loading environment from /home/runner/work/key/key/key.core/../key.ui/examples/standard_key/pred_log/tptp/SET/SET027p3.key 
98322      DEBUG main            d.u.i.k.p.i.AbstractProblemLoader Environment load took 182.7ns 
98323      INFO  main            d.u.i.k.p.i.AbstractProblemLoader Creating init config 
100839     DEBUG main            d.u.i.k.p.i.AbstractProblemLoader Init config took 2.52s 
100852     INFO  main            d.u.i.k.p.i.AbstractProblemLoader Replaying proof SET027p3.key 
100853     DEBUG main            d.u.i.k.p.i.IntermediateProofReplayer Proof replay took 7.7ns 
100956     INFO  main            d.u.i.k.p.r.p.TestFile    ... finished proof: closed. 
101183     INFO  main            d.u.i.k.p.i.AbstractProblemLoader Loading environment from /home/runner/work/key/key/key.core/../key.ui/examples/standard_key/pred_log/tptp/SET/SET027p3.key.proof 
101183     DEBUG main            d.u.i.k.p.i.AbstractProblemLoader Environment load took 123.5ns 
101184     INFO  main            d.u.i.k.p.i.AbstractProblemLoader Creating init config 
103611     DEBUG main            d.u.i.k.p.i.AbstractProblemLoader Init config took 2.43s 
103627     INFO  main            d.u.i.k.p.i.AbstractProblemLoader Replaying proof SET027p3.key.proof 
103636     DEBUG main            d.u.i.k.p.i.IntermediateProofReplayer Proof replay took 5.16ms 
103637     DEBUG main            d.u.i.k.p.r.p.TestFile    ... success: reloaded. 
103638     INFO  main            d.u.i.k.p.r.p.TestFile    Now processing file /home/runner/work/key/key/key.core/../key.ui/examples/standard_key/pred_log/tptp/SET/SET043p1.key 
103638     INFO  main            d.u.i.k.p.i.AbstractProblemLoader Loading environment from /home/runner/work/key/key/key.core/../key.ui/examples/standard_key/pred_log/tptp/SET/SET043p1.key 
103638     DEBUG main            d.u.i.k.p.i.AbstractProblemLoader Environment load took 102.7ns 
103640     INFO  main            d.u.i.k.p.i.AbstractProblemLoader Creating init config 
106143     DEBUG main            d.u.i.k.p.i.AbstractProblemLoader Init config took 2.5s 
106156     INFO  main            d.u.i.k.p.i.AbstractProblemLoader Replaying proof SET043p1.key 
106157     DEBUG main            d.u.i.k.p.i.IntermediateProofReplayer Proof replay took 8.4ns 
106259     INFO  main            d.u.i.k.p.r.p.TestFile    ... finished proof: closed. 
106473     INFO  main            d.u.i.k.p.i.AbstractProblemLoader Loading environment from /home/runner/work/key/key/key.core/../key.ui/examples/standard_key/pred_log/tptp/SET/SET043p1.key.proof 
106473     DEBUG main            d.u.i.k.p.i.AbstractProblemLoader Environment load took 199.6ns 
106477     INFO  main            d.u.i.k.p.i.AbstractProblemLoader Creating init config 
108918     DEBUG main            d.u.i.k.p.i.AbstractProblemLoader Init config took 2.44s 
108931     INFO  main            d.u.i.k.p.i.AbstractProblemLoader Replaying proof SET043p1.key.proof 
108934     DEBUG main            d.u.i.k.p.i.IntermediateProofReplayer Proof replay took 1.06ms 
108934     DEBUG main            d.u.i.k.p.r.p.TestFile    ... success: reloaded. 
108935     INFO  main            d.u.i.k.p.r.p.TestFile    Now processing file /home/runner/work/key/key/key.core/../key.ui/examples/standard_key/pred_log/tptp/SET/SET045p1.key 
108935     INFO  main            d.u.i.k.p.i.AbstractProblemLoader Loading environment from /home/runner/work/key/key/key.core/../key.ui/examples/standard_key/pred_log/tptp/SET/SET045p1.key 
108935     DEBUG main            d.u.i.k.p.i.AbstractProblemLoader Environment load took 87.2ns 
108936     INFO  main            d.u.i.k.p.i.AbstractProblemLoader Creating init config 
111421     DEBUG main            d.u.i.k.p.i.AbstractProblemLoader Init config took 2.48s 
111435     INFO  main            d.u.i.k.p.i.AbstractProblemLoader Replaying proof SET045p1.key 
111436     DEBUG main            d.u.i.k.p.i.IntermediateProofReplayer Proof replay took 7.4ns 
111538     INFO  main            d.u.i.k.p.r.p.TestFile    ... finished proof: closed. 
111758     INFO  main            d.u.i.k.p.i.AbstractProblemLoader Loading environment from /home/runner/work/key/key/key.core/../key.ui/examples/standard_key/pred_log/tptp/SET/SET045p1.key.proof 
111758     DEBUG main            d.u.i.k.p.i.AbstractProblemLoader Environment load took 111.8ns 
111759     INFO  main            d.u.i.k.p.i.AbstractProblemLoader Creating init config 
114189     DEBUG main            d.u.i.k.p.i.AbstractProblemLoader Init config took 2.43s 
114203     INFO  main            d.u.i.k.p.i.AbstractProblemLoader Replaying proof SET045p1.key.proof 
114208     DEBUG main            d.u.i.k.p.i.IntermediateProofReplayer Proof replay took 2.96ms 
114209     DEBUG main            d.u.i.k.p.r.p.TestFile    ... success: reloaded. 
114210     INFO  main            d.u.i.k.p.r.p.TestFile    Now processing file /home/runner/work/key/key/key.core/../key.ui/examples/standard_key/pred_log/tptp/SET/SET062p3.key 
114210     INFO  main            d.u.i.k.p.i.AbstractProblemLoader Loading environment from /home/runner/work/key/key/key.core/../key.ui/examples/standard_key/pred_log/tptp/SET/SET062p3.key 
114211     DEBUG main            d.u.i.k.p.i.AbstractProblemLoader Environment load took 190.7ns 
114212     INFO  main            d.u.i.k.p.i.AbstractProblemLoader Creating init config 
116723     DEBUG main            d.u.i.k.p.i.AbstractProblemLoader Init config took 2.51s 
116737     INFO  main            d.u.i.k.p.i.AbstractProblemLoader Replaying proof SET062p3.key 
116739     DEBUG main            d.u.i.k.p.i.IntermediateProofReplayer Proof replay took 7.9ns 
116842     INFO  main            d.u.i.k.p.r.p.TestFile    ... finished proof: closed. 
117073     INFO  main            d.u.i.k.p.i.AbstractProblemLoader Loading environment from /home/runner/work/key/key/key.core/../key.ui/examples/standard_key/pred_log/tptp/SET/SET062p3.key.proof 
117073     DEBUG main            d.u.i.k.p.i.AbstractProblemLoader Environment load took 127.5ns 
117074     INFO  main            d.u.i.k.p.i.AbstractProblemLoader Creating init config 
119481     DEBUG main            d.u.i.k.p.i.AbstractProblemLoader Init config took 2.41s 
119495     INFO  main            d.u.i.k.p.i.AbstractProblemLoader Replaying proof SET062p3.key.proof 
119499     DEBUG main            d.u.i.k.p.i.IntermediateProofReplayer Proof replay took 2.35ms 
119499     DEBUG main            d.u.i.k.p.r.p.TestFile    ... success: reloaded. 
119500     INFO  main            d.u.i.k.p.r.p.TestFile    Now processing file /home/runner/work/key/key/key.core/../key.ui/examples/standard_key/pred_log/tptp/SET/SET063p3.key 
119500     INFO  main            d.u.i.k.p.i.AbstractProblemLoader Loading environment from /home/runner/work/key/key/key.core/../key.ui/examples/standard_key/pred_log/tptp/SET/SET063p3.key 
119500     DEBUG main            d.u.i.k.p.i.AbstractProblemLoader Environment load took 81.9ns 
119501     INFO  main            d.u.i.k.p.i.AbstractProblemLoader Creating init config 
121983     DEBUG main            d.u.i.k.p.i.AbstractProblemLoader Init config took 2.48s 
121996     INFO  main            d.u.i.k.p.i.AbstractProblemLoader Replaying proof SET063p3.key 
121998     DEBUG main            d.u.i.k.p.i.IntermediateProofReplayer Proof replay took 7.9ns 
122100     INFO  main            d.u.i.k.p.r.p.TestFile    ... finished proof: closed. 
122379     INFO  main            d.u.i.k.p.i.AbstractProblemLoader Loading environment from /home/runner/work/key/key/key.core/../key.ui/examples/standard_key/pred_log/tptp/SET/SET063p3.key.proof 
122379     DEBUG main            d.u.i.k.p.i.AbstractProblemLoader Environment load took 113.7ns 
122381     INFO  main            d.u.i.k.p.i.AbstractProblemLoader Creating init config 
124789     DEBUG main            d.u.i.k.p.i.AbstractProblemLoader Init config took 2.41s 
124803     INFO  main            d.u.i.k.p.i.AbstractProblemLoader Replaying proof SET063p3.key.proof 
124808     DEBUG main            d.u.i.k.p.i.IntermediateProofReplayer Proof replay took 2.79ms 
124809     DEBUG main            d.u.i.k.p.r.p.TestFile    ... success: reloaded. 
124809     INFO  main            d.u.i.k.p.r.p.TestFile    Now processing file /home/runner/work/key/key/key.core/../key.ui/examples/standard_key/pred_log/tptp/SYN/SYN036p2.key 
124810     INFO  main            d.u.i.k.p.i.AbstractProblemLoader Loading environment from /home/runner/work/key/key/key.core/../key.ui/examples/standard_key/pred_log/tptp/SYN/SYN036p2.key 
124810     DEBUG main            d.u.i.k.p.i.AbstractProblemLoader Environment load took 190.5ns 
124811     INFO  main            d.u.i.k.p.i.AbstractProblemLoader Creating init config 
127287     DEBUG main            d.u.i.k.p.i.AbstractProblemLoader Init config took 2.48s 
127300     INFO  main            d.u.i.k.p.i.AbstractProblemLoader Replaying proof SYN036p2.key 
127301     DEBUG main            d.u.i.k.p.i.IntermediateProofReplayer Proof replay took 7.4ns 
127606     INFO  main            d.u.i.k.p.r.p.TestFile    ... finished proof: closed. 
127876     INFO  main            d.u.i.k.p.i.AbstractProblemLoader Loading environment from /home/runner/work/key/key/key.core/../key.ui/examples/standard_key/pred_log/tptp/SYN/SYN036p2.key.proof 
127876     DEBUG main            d.u.i.k.p.i.AbstractProblemLoader Environment load took 206.4ns 
127881     INFO  main            d.u.i.k.p.i.AbstractProblemLoader Creating init config 
130290     DEBUG main            d.u.i.k.p.i.AbstractProblemLoader Init config took 2.41s 
130303     INFO  main            d.u.i.k.p.i.AbstractProblemLoader Replaying proof SYN036p2.key.proof 
130368     DEBUG main            d.u.i.k.p.i.IntermediateProofReplayer Proof replay took 58.38ms 
130369     DEBUG main            d.u.i.k.p.r.p.TestFile    ... success: reloaded. 
130370     INFO  main            d.u.i.k.p.r.p.TestFile    Now processing file /home/runner/work/key/key/key.core/../key.ui/examples/standard_key/pred_log/tptp/SYN/SYN550p1.key 
130371     INFO  main            d.u.i.k.p.i.AbstractProblemLoader Loading environment from /home/runner/work/key/key/key.core/../key.ui/examples/standard_key/pred_log/tptp/SYN/SYN550p1.key 
130371     DEBUG main            d.u.i.k.p.i.AbstractProblemLoader Environment load took 167.2ns 
130372     INFO  main            d.u.i.k.p.i.AbstractProblemLoader Creating init config 
132828     DEBUG main            d.u.i.k.p.i.AbstractProblemLoader Init config took 2.46s 
132841     INFO  main            d.u.i.k.p.i.AbstractProblemLoader Replaying proof SYN550p1.key 
132843     DEBUG main            d.u.i.k.p.i.IntermediateProofReplayer Proof replay took 6.9ns 
135550     INFO  main            d.u.i.k.p.r.p.TestFile    ... finished proof: closed. 
135809     INFO  main            d.u.i.k.p.i.AbstractProblemLoader Loading environment from /home/runner/work/key/key/key.core/../key.ui/examples/standard_key/pred_log/tptp/SYN/SYN550p1.key.proof 
135809     DEBUG main            d.u.i.k.p.i.AbstractProblemLoader Environment load took 379.4ns 
135811     INFO  main            d.u.i.k.p.i.AbstractProblemLoader Creating init config 
138212     DEBUG main            d.u.i.k.p.i.AbstractProblemLoader Init config took 2.4s 
138226     INFO  main            d.u.i.k.p.i.AbstractProblemLoader Replaying proof SYN550p1.key.proof 
138295     DEBUG main            d.u.i.k.p.i.IntermediateProofReplayer Proof replay took 62.25ms 
138296     DEBUG main            d.u.i.k.p.r.p.TestFile    ... success: reloaded. 
138297     INFO  main            d.u.i.k.p.r.p.TestFile    Now processing file /home/runner/work/key/key/key.core/../key.ui/examples/standard_key/prop_log/reallySimple.key 
138297     INFO  main            d.u.i.k.p.i.AbstractProblemLoader Loading environment from /home/runner/work/key/key/key.core/../key.ui/examples/standard_key/prop_log/reallySimple.key 
138297     DEBUG main            d.u.i.k.p.i.AbstractProblemLoader Environment load took 183.4ns 
138298     INFO  main            d.u.i.k.p.i.AbstractProblemLoader Creating init config 
140785     DEBUG main            d.u.i.k.p.i.AbstractProblemLoader Init config took 2.49s 
140798     INFO  main            d.u.i.k.p.i.AbstractProblemLoader Replaying proof reallySimple.key 
140799     DEBUG main            d.u.i.k.p.i.IntermediateProofReplayer Proof replay took 6.8ns 
140901     INFO  main            d.u.i.k.p.r.p.TestFile    ... finished proof: open goal(s) 
141156     INFO  main            d.u.i.k.p.r.p.TestFile    Now processing file /home/runner/work/key/key/key.core/../key.ui/examples/standard_key/pred_log/sameName1.key 
141156     INFO  main            d.u.i.k.p.i.AbstractProblemLoader Loading environment from /home/runner/work/key/key/key.core/../key.ui/examples/standard_key/pred_log/sameName1.key 
141156     DEBUG main            d.u.i.k.p.i.AbstractProblemLoader Environment load took 63.7ns 
141157     INFO  main            d.u.i.k.p.i.AbstractProblemLoader Creating init config 
143563     DEBUG main            d.u.i.k.p.i.AbstractProblemLoader Init config took 2.41s 
143576     INFO  main            d.u.i.k.p.i.AbstractProblemLoader Replaying proof sameName1.key 
143577     DEBUG main            d.u.i.k.p.i.IntermediateProofReplayer Proof replay took 6.7ns 
143679     INFO  main            d.u.i.k.p.r.p.TestFile    ... finished proof: open goal(s) 
143915     INFO  main            d.u.i.k.p.r.p.TestFile    Now processing file /home/runner/work/key/key/key.core/../key.ui/examples/standard_key/pred_log/jbyteIfEx.key 
143915     INFO  main            d.u.i.k.p.i.AbstractProblemLoader Loading environment from /home/runner/work/key/key/key.core/../key.ui/examples/standard_key/pred_log/jbyteIfEx.key 
143915     DEBUG main            d.u.i.k.p.i.AbstractProblemLoader Environment load took 67.4ns 
143916     INFO  main            d.u.i.k.p.i.AbstractProblemLoader Creating init config 
146347     DEBUG main            d.u.i.k.p.i.AbstractProblemLoader Init config took 2.43s 
146360     INFO  main            d.u.i.k.p.i.AbstractProblemLoader Replaying proof jbyteIfEx.key 
146361     DEBUG main            d.u.i.k.p.i.IntermediateProofReplayer Proof replay took 6.7ns 
146467     INFO  main            d.u.i.k.p.r.p.TestFile    ... finished proof: closed. 
146712     INFO  main            d.u.i.k.p.i.AbstractProblemLoader Loading environment from /home/runner/work/key/key/key.core/../key.ui/examples/standard_key/pred_log/jbyteIfEx.key.proof 
146712     DEBUG main            d.u.i.k.p.i.AbstractProblemLoader Environment load took 112.6ns 
146713     INFO  main            d.u.i.k.p.i.AbstractProblemLoader Creating init config 
149116     DEBUG main            d.u.i.k.p.i.AbstractProblemLoader Init config took 2.4s 
149129     INFO  main            d.u.i.k.p.i.AbstractProblemLoader Replaying proof jbyteIfEx.key.proof 
149137     DEBUG main            d.u.i.k.p.i.IntermediateProofReplayer Proof replay took 6.04ms 
149138     DEBUG main            d.u.i.k.p.r.p.TestFile    ... success: reloaded. 
149138     INFO  main            d.u.i.k.p.r.p.TestFile    Now processing file /home/runner/work/key/key/key.core/../key.ui/examples/standard_key/prop_log/allClausesLength4.key 
149139     INFO  main            d.u.i.k.p.i.AbstractProblemLoader Loading environment from /home/runner/work/key/key/key.core/../key.ui/examples/standard_key/prop_log/allClausesLength4.key 
149139     DEBUG main            d.u.i.k.p.i.AbstractProblemLoader Environment load took 88.3ns 
149140     INFO  main            d.u.i.k.p.i.AbstractProblemLoader Creating init config 
151651     DEBUG main            d.u.i.k.p.i.AbstractProblemLoader Init config took 2.51s 
151664     INFO  main            d.u.i.k.p.i.AbstractProblemLoader Replaying proof allClausesLength4.key 
151665     DEBUG main            d.u.i.k.p.i.IntermediateProofReplayer Proof replay took 6.2ns 
151771     INFO  main            d.u.i.k.p.r.p.TestFile    ... finished proof: closed. 
152025     INFO  main            d.u.i.k.p.i.AbstractProblemLoader Loading environment from /home/runner/work/key/key/key.core/../key.ui/examples/standard_key/prop_log/allClausesLength4.key.proof 
152025     DEBUG main            d.u.i.k.p.i.AbstractProblemLoader Environment load took 115.4ns 
152026     INFO  main            d.u.i.k.p.i.AbstractProblemLoader Creating init config 
154432     DEBUG main            d.u.i.k.p.i.AbstractProblemLoader Init config took 2.41s 
154445     INFO  main            d.u.i.k.p.i.AbstractProblemLoader Replaying proof allClausesLength4.key.proof 
154457     DEBUG main            d.u.i.k.p.i.IntermediateProofReplayer Proof replay took 9.4ms 
154458     DEBUG main            d.u.i.k.p.r.p.TestFile    ... success: reloaded. 
154459     INFO  main            d.u.i.k.p.r.p.TestFile    Now processing file /home/runner/work/key/key/key.core/../key.ui/examples/standard_key/prop_log/allClausesLength5.key 
154459     INFO  main            d.u.i.k.p.i.AbstractProblemLoader Loading environment from /home/runner/work/key/key/key.core/../key.ui/examples/standard_key/prop_log/allClausesLength5.key 
154459     DEBUG main            d.u.i.k.p.i.AbstractProblemLoader Environment load took 94.3ns 
154461     INFO  main            d.u.i.k.p.i.AbstractProblemLoader Creating init config 
156915     DEBUG main            d.u.i.k.p.i.AbstractProblemLoader Init config took 2.45s 
156929     INFO  main            d.u.i.k.p.i.AbstractProblemLoader Replaying proof allClausesLength5.key 
156930     DEBUG main            d.u.i.k.p.i.IntermediateProofReplayer Proof replay took 7ns 
157133     INFO  main            d.u.i.k.p.r.p.TestFile    ... finished proof: closed. 
157401     INFO  main            d.u.i.k.p.i.AbstractProblemLoader Loading environment from /home/runner/work/key/key/key.core/../key.ui/examples/standard_key/prop_log/allClausesLength5.key.proof 
157403     DEBUG main            d.u.i.k.p.i.AbstractProblemLoader Environment load took 1.9ms 
157405     INFO  main            d.u.i.k.p.i.AbstractProblemLoader Creating init config 
159808     DEBUG main            d.u.i.k.p.i.AbstractProblemLoader Init config took 2.4s 
159821     INFO  main            d.u.i.k.p.i.AbstractProblemLoader Replaying proof allClausesLength5.key.proof 
159850     DEBUG main            d.u.i.k.p.i.IntermediateProofReplayer Proof replay took 25.22ms 
159852     DEBUG main            d.u.i.k.p.r.p.TestFile    ... success: reloaded. 
159852     INFO  main            d.u.i.k.p.r.p.TestFile    Now processing file /home/runner/work/key/key/key.core/../key.ui/examples/standard_key/prop_log/doubleNeg.key 
159852     INFO  main            d.u.i.k.p.i.AbstractProblemLoader Loading environment from /home/runner/work/key/key/key.core/../key.ui/examples/standard_key/prop_log/doubleNeg.key 
159853     DEBUG main            d.u.i.k.p.i.AbstractProblemLoader Environment load took 86.5ns 
159853     INFO  main            d.u.i.k.p.i.AbstractProblemLoader Creating init config 
162330     DEBUG main            d.u.i.k.p.i.AbstractProblemLoader Init config took 2.48s 
162342     INFO  main            d.u.i.k.p.i.AbstractProblemLoader Replaying proof doubleNeg.key 
162344     DEBUG main            d.u.i.k.p.i.IntermediateProofReplayer Proof replay took 6.7ns 
162447     INFO  main            d.u.i.k.p.r.p.TestFile    ... finished proof: closed. 
162721     INFO  main            d.u.i.k.p.i.AbstractProblemLoader Loading environment from /home/runner/work/key/key/key.core/../key.ui/examples/standard_key/prop_log/doubleNeg.key.proof 
162721     DEBUG main            d.u.i.k.p.i.AbstractProblemLoader Environment load took 100.6ns 
162723     INFO  main            d.u.i.k.p.i.AbstractProblemLoader Creating init config 
165129     DEBUG main            d.u.i.k.p.i.AbstractProblemLoader Init config took 2.41s 
165141     INFO  main            d.u.i.k.p.i.AbstractProblemLoader Replaying proof doubleNeg.key.proof 
165143     DEBUG main            d.u.i.k.p.i.IntermediateProofReplayer Proof replay took 380.2ns 
165143     DEBUG main            d.u.i.k.p.r.p.TestFile    ... success: reloaded. 
165144     INFO  main            d.u.i.k.p.r.p.TestFile    Now processing file /home/runner/work/key/key/key.core/../key.ui/examples/standard_key/prop_log/liarsville.key 
165144     INFO  main            d.u.i.k.p.i.AbstractProblemLoader Loading environment from /home/runner/work/key/key/key.core/../key.ui/examples/standard_key/prop_log/liarsville.key 
165144     DEBUG main            d.u.i.k.p.i.AbstractProblemLoader Environment load took 153.4ns 
165145     INFO  main            d.u.i.k.p.i.AbstractProblemLoader Creating init config 
167586     DEBUG main            d.u.i.k.p.i.AbstractProblemLoader Init config took 2.44s 
167598     INFO  main            d.u.i.k.p.i.AbstractProblemLoader Replaying proof liarsville.key 
167600     DEBUG main            d.u.i.k.p.i.IntermediateProofReplayer Proof replay took 6.5ns 
167703     INFO  main            d.u.i.k.p.r.p.TestFile    ... finished proof: closed. 
167969     INFO  main            d.u.i.k.p.i.AbstractProblemLoader Loading environment from /home/runner/work/key/key/key.core/../key.ui/examples/standard_key/prop_log/liarsville.key.proof 
167969     DEBUG main            d.u.i.k.p.i.AbstractProblemLoader Environment load took 101ns 
167971     INFO  main            d.u.i.k.p.i.AbstractProblemLoader Creating init config 
170362     DEBUG main            d.u.i.k.p.i.AbstractProblemLoader Init config took 2.39s 
170375     INFO  main            d.u.i.k.p.i.AbstractProblemLoader Replaying proof liarsville.key.proof 
170377     DEBUG main            d.u.i.k.p.i.IntermediateProofReplayer Proof replay took 906.81ns 
170378     DEBUG main            d.u.i.k.p.r.p.TestFile    ... success: reloaded. 
170378     INFO  main            d.u.i.k.p.r.p.TestFile    Now processing file /home/runner/work/key/key/key.core/../key.ui/examples/standard_key/prop_log/simplest.key 
170378     INFO  main            d.u.i.k.p.i.AbstractProblemLoader Loading environment from /home/runner/work/key/key/key.core/../key.ui/examples/standard_key/prop_log/simplest.key 
170378     DEBUG main            d.u.i.k.p.i.AbstractProblemLoader Environment load took 50.8ns 
170379     INFO  main            d.u.i.k.p.i.AbstractProblemLoader Creating init config 
172808     DEBUG main            d.u.i.k.p.i.AbstractProblemLoader Init config took 2.43s 
172820     INFO  main            d.u.i.k.p.i.AbstractProblemLoader Replaying proof simplest.key 
172821     DEBUG main            d.u.i.k.p.i.IntermediateProofReplayer Proof replay took 5.8ns 
172923     INFO  main            d.u.i.k.p.r.p.TestFile    ... finished proof: closed. 
173192     INFO  main            d.u.i.k.p.i.AbstractProblemLoader Loading environment from /home/runner/work/key/key/key.core/../key.ui/examples/standard_key/prop_log/simplest.key.proof 
173192     DEBUG main            d.u.i.k.p.i.AbstractProblemLoader Environment load took 102.4ns 
173193     INFO  main            d.u.i.k.p.i.AbstractProblemLoader Creating init config 
175588     DEBUG main            d.u.i.k.p.i.AbstractProblemLoader Init config took 2.39s 
175600     INFO  main            d.u.i.k.p.i.AbstractProblemLoader Replaying proof simplest.key.proof 
175602     DEBUG main            d.u.i.k.p.i.IntermediateProofReplayer Proof replay took 116.3ns 
175602     DEBUG main            d.u.i.k.p.r.p.TestFile    ... success: reloaded. 
175603     INFO  main            d.u.i.k.p.r.p.TestFile    Now processing file /home/runner/work/key/key/key.core/../key.ui/examples/standard_key/prop_log/contraposition.key 
175603     INFO  main            d.u.i.k.p.i.AbstractProblemLoader Loading environment from /home/runner/work/key/key/key.core/../key.ui/examples/standard_key/prop_log/contraposition.key 
175603     DEBUG main            d.u.i.k.p.i.AbstractProblemLoader Environment load took 62.9ns 
175604     INFO  main            d.u.i.k.p.i.AbstractProblemLoader Creating init config 
178055     DEBUG main            d.u.i.k.p.i.AbstractProblemLoader Init config took 2.45s 
178068     INFO  main            d.u.i.k.p.i.AbstractProblemLoader Replaying proof contraposition.key 
178070     DEBUG main            d.u.i.k.p.i.IntermediateProofReplayer Proof replay took 6.5ns 
178172     INFO  main            d.u.i.k.p.r.p.TestFile    ... finished proof: closed. 
178448     INFO  main            d.u.i.k.p.i.AbstractProblemLoader Loading environment from /home/runner/work/key/key/key.core/../key.ui/examples/standard_key/prop_log/contraposition.key.proof 
178448     DEBUG main            d.u.i.k.p.i.AbstractProblemLoader Environment load took 104.2ns 
178449     INFO  main            d.u.i.k.p.i.AbstractProblemLoader Creating init config 
180854     DEBUG main            d.u.i.k.p.i.AbstractProblemLoader Init config took 2.4s 
180867     INFO  main            d.u.i.k.p.i.AbstractProblemLoader Replaying proof contraposition.key.proof 
180868     DEBUG main            d.u.i.k.p.i.IntermediateProofReplayer Proof replay took 422.4ns 
180869     DEBUG main            d.u.i.k.p.r.p.TestFile    ... success: reloaded. 
180870     INFO  main            d.u.i.k.p.r.p.TestFile    Now processing file /home/runner/work/key/key/key.core/../key.ui/examples/standard_key/quantifiers/elimination0.key 
180870     INFO  main            d.u.i.k.p.i.AbstractProblemLoader Loading environment from /home/runner/work/key/key/key.core/../key.ui/examples/standard_key/quantifiers/elimination0.key 
180870     DEBUG main            d.u.i.k.p.i.AbstractProblemLoader Environment load took 73.9ns 
180871     INFO  main            d.u.i.k.p.i.AbstractProblemLoader Creating init config 
183300     DEBUG main            d.u.i.k.p.i.AbstractProblemLoader Init config took 2.43s 
183313     INFO  main            d.u.i.k.p.i.AbstractProblemLoader Replaying proof elimination0.key 
183315     DEBUG main            d.u.i.k.p.i.IntermediateProofReplayer Proof replay took 6.9ns 
183419     INFO  main            d.u.i.k.p.r.p.TestFile    ... finished proof: closed. 
183702     INFO  main            d.u.i.k.p.i.AbstractProblemLoader Loading environment from /home/runner/work/key/key/key.core/../key.ui/examples/standard_key/quantifiers/elimination0.key.proof 
183702     DEBUG main            d.u.i.k.p.i.AbstractProblemLoader Environment load took 127.6ns 
183703     INFO  main            d.u.i.k.p.i.AbstractProblemLoader Creating init config 
186101     DEBUG main            d.u.i.k.p.i.AbstractProblemLoader Init config took 2.4s 
186113     INFO  main            d.u.i.k.p.i.AbstractProblemLoader Replaying proof elimination0.key.proof 
186115     DEBUG main            d.u.i.k.p.i.IntermediateProofReplayer Proof replay took 959.61ns 
186116     DEBUG main            d.u.i.k.p.r.p.TestFile    ... success: reloaded. 
186117     INFO  main            d.u.i.k.p.r.p.TestFile    Now processing file /home/runner/work/key/key/key.core/../key.ui/examples/standard_key/quantifiers/heuristic_PUZ001p1-eq.key 
186117     INFO  main            d.u.i.k.p.i.AbstractProblemLoader Loading environment from /home/runner/work/key/key/key.core/../key.ui/examples/standard_key/quantifiers/heuristic_PUZ001p1-eq.key 
186117     DEBUG main            d.u.i.k.p.i.AbstractProblemLoader Environment load took 81.2ns 
186119     INFO  main            d.u.i.k.p.i.AbstractProblemLoader Creating init config 
188572     DEBUG main            d.u.i.k.p.i.AbstractProblemLoader Init config took 2.45s 
188584     INFO  main            d.u.i.k.p.i.AbstractProblemLoader Replaying proof heuristic_PUZ001p1-eq.key 
188586     DEBUG main            d.u.i.k.p.i.IntermediateProofReplayer Proof replay took 7.2ns 
188688     INFO  main            d.u.i.k.p.r.p.TestFile    ... finished proof: closed. 
188983     INFO  main            d.u.i.k.p.i.AbstractProblemLoader Loading environment from /home/runner/work/key/key/key.core/../key.ui/examples/standard_key/quantifiers/heuristic_PUZ001p1-eq.key.proof 
188983     DEBUG main            d.u.i.k.p.i.AbstractProblemLoader Environment load took 113.7ns 
188984     INFO  main            d.u.i.k.p.i.AbstractProblemLoader Creating init config 
191379     DEBUG main            d.u.i.k.p.i.AbstractProblemLoader Init config took 2.39s 
191392     INFO  main            d.u.i.k.p.i.AbstractProblemLoader Replaying proof heuristic_PUZ001p1-eq.key.proof 
191404     DEBUG main            d.u.i.k.p.i.IntermediateProofReplayer Proof replay took 10.63ms 
191405     DEBUG main            d.u.i.k.p.r.p.TestFile    ... success: reloaded. 
191406     INFO  main            d.u.i.k.p.r.p.TestFile    Now processing file /home/runner/work/key/key/key.core/../key.ui/examples/standard_key/quantifiers/heuristic_PUZ001p1.key 
191406     INFO  main            d.u.i.k.p.i.AbstractProblemLoader Loading environment from /home/runner/work/key/key/key.core/../key.ui/examples/standard_key/quantifiers/heuristic_PUZ001p1.key 
191406     DEBUG main            d.u.i.k.p.i.AbstractProblemLoader Environment load took 85.2ns 
191408     INFO  main            d.u.i.k.p.i.AbstractProblemLoader Creating init config 
193890     DEBUG main            d.u.i.k.p.i.AbstractProblemLoader Init config took 2.48s 
193904     INFO  main            d.u.i.k.p.i.AbstractProblemLoader Replaying proof heuristic_PUZ001p1.key 
193905     DEBUG main            d.u.i.k.p.i.IntermediateProofReplayer Proof replay took 5.4ns 
195218     INFO  main            d.u.i.k.p.r.p.TestFile    ... finished proof: closed. 
195528     INFO  main            d.u.i.k.p.i.AbstractProblemLoader Loading environment from /home/runner/work/key/key/key.core/../key.ui/examples/standard_key/quantifiers/heuristic_PUZ001p1.key.proof 
195529     DEBUG main            d.u.i.k.p.i.AbstractProblemLoader Environment load took 237ns 
195530     INFO  main            d.u.i.k.p.i.AbstractProblemLoader Creating init config 
197962     DEBUG main            d.u.i.k.p.i.AbstractProblemLoader Init config took 2.43s 
197975     INFO  main            d.u.i.k.p.i.AbstractProblemLoader Replaying proof heuristic_PUZ001p1.key.proof 
198009     DEBUG main            d.u.i.k.p.i.IntermediateProofReplayer Proof replay took 29.58ms 
198010     DEBUG main            d.u.i.k.p.r.p.TestFile    ... success: reloaded. 
198011     INFO  main            d.u.i.k.p.r.p.TestFile    Now processing file /home/runner/work/key/key/key.core/../key.ui/examples/standard_key/quantifiers/heuristic_PUZ031p1.key 
198012     INFO  main            d.u.i.k.p.i.AbstractProblemLoader Loading environment from /home/runner/work/key/key/key.core/../key.ui/examples/standard_key/quantifiers/heuristic_PUZ031p1.key 
198012     DEBUG main            d.u.i.k.p.i.AbstractProblemLoader Environment load took 175.5ns 
198013     INFO  main            d.u.i.k.p.i.AbstractProblemLoader Creating init config 
200449     DEBUG main            d.u.i.k.p.i.AbstractProblemLoader Init config took 2.44s 
200462     INFO  main            d.u.i.k.p.i.AbstractProblemLoader Replaying proof heuristic_PUZ031p1.key 
200463     DEBUG main            d.u.i.k.p.i.IntermediateProofReplayer Proof replay took 6.4ns 
205073     INFO  main            d.u.i.k.p.r.p.TestFile    ... finished proof: closed. 
205410     INFO  main            d.u.i.k.p.i.AbstractProblemLoader Loading environment from /home/runner/work/key/key/key.core/../key.ui/examples/standard_key/quantifiers/heuristic_PUZ031p1.key.proof 
205414     DEBUG main            d.u.i.k.p.i.AbstractProblemLoader Environment load took 3.95ms 
205416     INFO  main            d.u.i.k.p.i.AbstractProblemLoader Creating init config 
207815     DEBUG main            d.u.i.k.p.i.AbstractProblemLoader Init config took 2.4s 
207840     INFO  main            d.u.i.k.p.i.AbstractProblemLoader Replaying proof heuristic_PUZ031p1.key.proof 
207872     DEBUG main            d.u.i.k.p.i.IntermediateProofReplayer Proof replay took 28.29ms 
207873     DEBUG main            d.u.i.k.p.r.p.TestFile    ... success: reloaded. 
207875     INFO  main            d.u.i.k.p.r.p.TestFile    Now processing file /home/runner/work/key/key/key.core/../key.ui/examples/standard_key/quantifiers/heuristic_SYN036p2.key 
207875     INFO  main            d.u.i.k.p.i.AbstractProblemLoader Loading environment from /home/runner/work/key/key/key.core/../key.ui/examples/standard_key/quantifiers/heuristic_SYN036p2.key 
207876     DEBUG main            d.u.i.k.p.i.AbstractProblemLoader Environment load took 86.9ns 
207876     INFO  main            d.u.i.k.p.i.AbstractProblemLoader Creating init config 
210301     DEBUG main            d.u.i.k.p.i.AbstractProblemLoader Init config took 2.42s 
210313     INFO  main            d.u.i.k.p.i.AbstractProblemLoader Replaying proof heuristic_SYN036p2.key 
210314     DEBUG main            d.u.i.k.p.i.IntermediateProofReplayer Proof replay took 6.5ns 
210519     INFO  main            d.u.i.k.p.r.p.TestFile    ... finished proof: closed. 
210849     INFO  main            d.u.i.k.p.i.AbstractProblemLoader Loading environment from /home/runner/work/key/key/key.core/../key.ui/examples/standard_key/quantifiers/heuristic_SYN036p2.key.proof 
210849     DEBUG main            d.u.i.k.p.i.AbstractProblemLoader Environment load took 444.81ns 
210850     INFO  main            d.u.i.k.p.i.AbstractProblemLoader Creating init config 
213223     DEBUG main            d.u.i.k.p.i.AbstractProblemLoader Init config took 2.37s 
213235     INFO  main            d.u.i.k.p.i.AbstractProblemLoader Replaying proof heuristic_SYN036p2.key.proof 
213300     DEBUG main            d.u.i.k.p.i.IntermediateProofReplayer Proof replay took 38.02ms 
213301     DEBUG main            d.u.i.k.p.r.p.TestFile    ... success: reloaded. 
213302     INFO  main            d.u.i.k.p.r.p.TestFile    Now processing file /home/runner/work/key/key/key.core/../key.ui/examples/standard_key/quantifiers/injectivity.key 
213302     INFO  main            d.u.i.k.p.i.AbstractProblemLoader Loading environment from /home/runner/work/key/key/key.core/../key.ui/examples/standard_key/quantifiers/injectivity.key 
213302     DEBUG main            d.u.i.k.p.i.AbstractProblemLoader Environment load took 82.7ns 
213303     INFO  main            d.u.i.k.p.i.AbstractProblemLoader Creating init config 
215711     DEBUG main            d.u.i.k.p.i.AbstractProblemLoader Init config took 2.41s 
215723     INFO  main            d.u.i.k.p.i.AbstractProblemLoader Replaying proof injectivity.key 
215724     DEBUG main            d.u.i.k.p.i.IntermediateProofReplayer Proof replay took 7.6ns 
215826     INFO  main            d.u.i.k.p.r.p.TestFile    ... finished proof: closed. 
216141     INFO  main            d.u.i.k.p.i.AbstractProblemLoader Loading environment from /home/runner/work/key/key/key.core/../key.ui/examples/standard_key/quantifiers/injectivity.key.proof 
216142     DEBUG main            d.u.i.k.p.i.AbstractProblemLoader Environment load took 96.9ns 
216143     INFO  main            d.u.i.k.p.i.AbstractProblemLoader Creating init config 
218513     DEBUG main            d.u.i.k.p.i.AbstractProblemLoader Init config took 2.37s 
218537     INFO  main            d.u.i.k.p.i.AbstractProblemLoader Replaying proof injectivity.key.proof 
218540     DEBUG main            d.u.i.k.p.i.IntermediateProofReplayer Proof replay took 1.13ms 
218541     DEBUG main            d.u.i.k.p.r.p.TestFile    ... success: reloaded. 
218541     INFO  main            d.u.i.k.p.r.p.TestFile    Now processing file /home/runner/work/key/key/key.core/../key.ui/examples/standard_key/quantifiers/normalisation0.key 
218542     INFO  main            d.u.i.k.p.i.AbstractProblemLoader Loading environment from /home/runner/work/key/key/key.core/../key.ui/examples/standard_key/quantifiers/normalisation0.key 
218542     DEBUG main            d.u.i.k.p.i.AbstractProblemLoader Environment load took 76.7ns 
218543     INFO  main            d.u.i.k.p.i.AbstractProblemLoader Creating init config 
220955     DEBUG main            d.u.i.k.p.i.AbstractProblemLoader Init config took 2.41s 
220967     INFO  main            d.u.i.k.p.i.AbstractProblemLoader Replaying proof normalisation0.key 
220968     DEBUG main            d.u.i.k.p.i.IntermediateProofReplayer Proof replay took 6.7ns 
221070     INFO  main            d.u.i.k.p.r.p.TestFile    ... finished proof: closed. 
221387     INFO  main            d.u.i.k.p.i.AbstractProblemLoader Loading environment from /home/runner/work/key/key/key.core/../key.ui/examples/standard_key/quantifiers/normalisation0.key.proof 
221388     DEBUG main            d.u.i.k.p.i.AbstractProblemLoader Environment load took 90.6ns 
221389     INFO  main            d.u.i.k.p.i.AbstractProblemLoader Creating init config 
223757     DEBUG main            d.u.i.k.p.i.AbstractProblemLoader Init config took 2.37s 
223769     INFO  main            d.u.i.k.p.i.AbstractProblemLoader Replaying proof normalisation0.key.proof 
223771     DEBUG main            d.u.i.k.p.i.IntermediateProofReplayer Proof replay took 1ms 
223772     DEBUG main            d.u.i.k.p.r.p.TestFile    ... success: reloaded. 
223773     INFO  main            d.u.i.k.p.r.p.TestFile    Now processing file /home/runner/work/key/key/key.core/../key.ui/examples/standard_key/quantifiers/normalisation1.key 
223773     INFO  main            d.u.i.k.p.i.AbstractProblemLoader Loading environment from /home/runner/work/key/key/key.core/../key.ui/examples/standard_key/quantifiers/normalisation1.key 
223773     DEBUG main            d.u.i.k.p.i.AbstractProblemLoader Environment load took 69.7ns 
223774     INFO  main            d.u.i.k.p.i.AbstractProblemLoader Creating init config 
226205     DEBUG main            d.u.i.k.p.i.AbstractProblemLoader Init config took 2.43s 
226220     INFO  main            d.u.i.k.p.i.AbstractProblemLoader Replaying proof normalisation1.key 
226221     DEBUG main            d.u.i.k.p.i.IntermediateProofReplayer Proof replay took 6.7ns 
226331     INFO  main            d.u.i.k.p.r.p.TestFile    ... finished proof: closed. 
226679     INFO  main            d.u.i.k.p.i.AbstractProblemLoader Loading environment from /home/runner/work/key/key/key.core/../key.ui/examples/standard_key/quantifiers/normalisation1.key.proof 
226679     DEBUG main            d.u.i.k.p.i.AbstractProblemLoader Environment load took 93.2ns 
226680     INFO  main            d.u.i.k.p.i.AbstractProblemLoader Creating init config 
229066     DEBUG main            d.u.i.k.p.i.AbstractProblemLoader Init config took 2.39s 
229090     INFO  main            d.u.i.k.p.i.AbstractProblemLoader Replaying proof normalisation1.key.proof 
229092     DEBUG main            d.u.i.k.p.i.IntermediateProofReplayer Proof replay took 947.71ns 
229093     DEBUG main            d.u.i.k.p.r.p.TestFile    ... success: reloaded. 
229094     INFO  main            d.u.i.k.p.r.p.TestFile    Now processing file /home/runner/work/key/key/key.core/../key.ui/examples/standard_key/quantifiers/normalisation2.key 
229094     INFO  main            d.u.i.k.p.i.AbstractProblemLoader Loading environment from /home/runner/work/key/key/key.core/../key.ui/examples/standard_key/quantifiers/normalisation2.key 
229094     DEBUG main            d.u.i.k.p.i.AbstractProblemLoader Environment load took 75.6ns 
229095     INFO  main            d.u.i.k.p.i.AbstractProblemLoader Creating init config 
231512     DEBUG main            d.u.i.k.p.i.AbstractProblemLoader Init config took 2.42s 
231524     INFO  main            d.u.i.k.p.i.AbstractProblemLoader Replaying proof normalisation2.key 
231525     DEBUG main            d.u.i.k.p.i.IntermediateProofReplayer Proof replay took 7.5ns 
231627     INFO  main            d.u.i.k.p.r.p.TestFile    ... finished proof: closed. 
231956     INFO  main            d.u.i.k.p.i.AbstractProblemLoader Loading environment from /home/runner/work/key/key/key.core/../key.ui/examples/standard_key/quantifiers/normalisation2.key.proof 
231956     DEBUG main            d.u.i.k.p.i.AbstractProblemLoader Environment load took 95.8ns 
231957     INFO  main            d.u.i.k.p.i.AbstractProblemLoader Creating init config 
234348     DEBUG main            d.u.i.k.p.i.AbstractProblemLoader Init config took 2.39s 
234361     INFO  main            d.u.i.k.p.i.AbstractProblemLoader Replaying proof normalisation2.key.proof 
234363     DEBUG main            d.u.i.k.p.i.IntermediateProofReplayer Proof replay took 1.08ms 
234364     DEBUG main            d.u.i.k.p.r.p.TestFile    ... success: reloaded. 
234365     INFO  main            d.u.i.k.p.r.p.TestFile    Now processing file /home/runner/work/key/key/key.core/../key.ui/examples/standard_key/quantifiers/normalisation3.key 
234365     INFO  main            d.u.i.k.p.i.AbstractProblemLoader Loading environment from /home/runner/work/key/key/key.core/../key.ui/examples/standard_key/quantifiers/normalisation3.key 
234365     DEBUG main            d.u.i.k.p.i.AbstractProblemLoader Environment load took 69.6ns 
234366     INFO  main            d.u.i.k.p.i.AbstractProblemLoader Creating init config 
236809     DEBUG main            d.u.i.k.p.i.AbstractProblemLoader Init config took 2.44s 
236822     INFO  main            d.u.i.k.p.i.AbstractProblemLoader Replaying proof normalisation3.key 
236824     DEBUG main            d.u.i.k.p.i.IntermediateProofReplayer Proof replay took 6.3ns 
236927     INFO  main            d.u.i.k.p.r.p.TestFile    ... finished proof: closed. 
237261     INFO  main            d.u.i.k.p.i.AbstractProblemLoader Loading environment from /home/runner/work/key/key/key.core/../key.ui/examples/standard_key/quantifiers/normalisation3.key.proof 
237261     DEBUG main            d.u.i.k.p.i.AbstractProblemLoader Environment load took 109.5ns 
237263     INFO  main            d.u.i.k.p.i.AbstractProblemLoader Creating init config 
239646     DEBUG main            d.u.i.k.p.i.AbstractProblemLoader Init config took 2.38s 
239659     INFO  main            d.u.i.k.p.i.AbstractProblemLoader Replaying proof normalisation3.key.proof 
239661     DEBUG main            d.u.i.k.p.i.IntermediateProofReplayer Proof replay took 1.06ms 
239662     DEBUG main            d.u.i.k.p.r.p.TestFile    ... success: reloaded. 
239663     INFO  main            d.u.i.k.p.r.p.TestFile    Now processing file /home/runner/work/key/key/key.core/../key.ui/examples/standard_key/quantifiers/normalisation4.key 
239663     INFO  main            d.u.i.k.p.i.AbstractProblemLoader Loading environment from /home/runner/work/key/key/key.core/../key.ui/examples/standard_key/quantifiers/normalisation4.key 
239663     DEBUG main            d.u.i.k.p.i.AbstractProblemLoader Environment load took 94.5ns 
239664     INFO  main            d.u.i.k.p.i.AbstractProblemLoader Creating init config 
242076     DEBUG main            d.u.i.k.p.i.AbstractProblemLoader Init config took 2.41s 
242088     INFO  main            d.u.i.k.p.i.AbstractProblemLoader Replaying proof normalisation4.key 
242090     DEBUG main            d.u.i.k.p.i.IntermediateProofReplayer Proof replay took 6.4ns 
242191     INFO  main            d.u.i.k.p.r.p.TestFile    ... finished proof: closed. 
242617     INFO  main            d.u.i.k.p.i.AbstractProblemLoader Loading environment from /home/runner/work/key/key/key.core/../key.ui/examples/standard_key/quantifiers/normalisation4.key.proof 
242617     DEBUG main            d.u.i.k.p.i.AbstractProblemLoader Environment load took 91.7ns 
242618     INFO  main            d.u.i.k.p.i.AbstractProblemLoader Creating init config 
244999     DEBUG main            d.u.i.k.p.i.AbstractProblemLoader Init config took 2.38s 
245012     INFO  main            d.u.i.k.p.i.AbstractProblemLoader Replaying proof normalisation4.key.proof 
245015     DEBUG main            d.u.i.k.p.i.IntermediateProofReplayer Proof replay took 2.14ms 
245016     DEBUG main            d.u.i.k.p.r.p.TestFile    ... success: reloaded. 
245017     INFO  main            d.u.i.k.p.r.p.TestFile    Now processing file /home/runner/work/key/key/key.core/../key.ui/examples/standard_key/quantifiers/normalisation5.key 
245017     INFO  main            d.u.i.k.p.i.AbstractProblemLoader Loading environment from /home/runner/work/key/key/key.core/../key.ui/examples/standard_key/quantifiers/normalisation5.key 
245017     DEBUG main            d.u.i.k.p.i.AbstractProblemLoader Environment load took 90.7ns 
245018     INFO  main            d.u.i.k.p.i.AbstractProblemLoader Creating init config 
247420     DEBUG main            d.u.i.k.p.i.AbstractProblemLoader Init config took 2.4s 
247433     INFO  main            d.u.i.k.p.i.AbstractProblemLoader Replaying proof normalisation5.key 
247434     DEBUG main            d.u.i.k.p.i.IntermediateProofReplayer Proof replay took 6.1ns 
247535     INFO  main            d.u.i.k.p.r.p.TestFile    ... finished proof: closed. 
247898     INFO  main            d.u.i.k.p.i.AbstractProblemLoader Loading environment from /home/runner/work/key/key/key.core/../key.ui/examples/standard_key/quantifiers/normalisation5.key.proof 
247898     DEBUG main            d.u.i.k.p.i.AbstractProblemLoader Environment load took 100.2ns 
247899     INFO  main            d.u.i.k.p.i.AbstractProblemLoader Creating init config 
250273     DEBUG main            d.u.i.k.p.i.AbstractProblemLoader Init config took 2.37s 
250286     INFO  main            d.u.i.k.p.i.AbstractProblemLoader Replaying proof normalisation5.key.proof 
250291     DEBUG main            d.u.i.k.p.i.IntermediateProofReplayer Proof replay took 3.72ms 
250292     DEBUG main            d.u.i.k.p.r.p.TestFile    ... success: reloaded. 
250293     INFO  main            d.u.i.k.p.r.p.TestFile    Now processing file /home/runner/work/key/key/key.core/../key.ui/examples/standard_key/quantifiers/normalisation6.key 
250293     INFO  main            d.u.i.k.p.i.AbstractProblemLoader Loading environment from /home/runner/work/key/key/key.core/../key.ui/examples/standard_key/quantifiers/normalisation6.key 
250298     DEBUG main            d.u.i.k.p.i.AbstractProblemLoader Environment load took 4.63ms 
250299     INFO  main            d.u.i.k.p.i.AbstractProblemLoader Creating init config 
252711     DEBUG main            d.u.i.k.p.i.AbstractProblemLoader Init config took 2.41s 
252724     INFO  main            d.u.i.k.p.i.AbstractProblemLoader Replaying proof normalisation6.key 
252725     DEBUG main            d.u.i.k.p.i.IntermediateProofReplayer Proof replay took 6.3ns 
252826     INFO  main            d.u.i.k.p.r.p.TestFile    ... finished proof: closed. 
253184     INFO  main            d.u.i.k.p.i.AbstractProblemLoader Loading environment from /home/runner/work/key/key/key.core/../key.ui/examples/standard_key/quantifiers/normalisation6.key.proof 
253184     DEBUG main            d.u.i.k.p.i.AbstractProblemLoader Environment load took 96.4ns 
253185     INFO  main            d.u.i.k.p.i.AbstractProblemLoader Creating init config 
255573     DEBUG main            d.u.i.k.p.i.AbstractProblemLoader Init config took 2.39s 
255586     INFO  main            d.u.i.k.p.i.AbstractProblemLoader Replaying proof normalisation6.key.proof 
255588     DEBUG main            d.u.i.k.p.i.IntermediateProofReplayer Proof replay took 1.11ms 
255589     DEBUG main            d.u.i.k.p.r.p.TestFile    ... success: reloaded. 
255590     INFO  main            d.u.i.k.p.r.p.TestFile    Now processing file /home/runner/work/key/key/key.core/../key.ui/examples/standard_key/quantifiers/normalisation7.key 
255590     INFO  main            d.u.i.k.p.i.AbstractProblemLoader Loading environment from /home/runner/work/key/key/key.core/../key.ui/examples/standard_key/quantifiers/normalisation7.key 
255590     DEBUG main            d.u.i.k.p.i.AbstractProblemLoader Environment load took 76ns 
255591     INFO  main            d.u.i.k.p.i.AbstractProblemLoader Creating init config 
258000     DEBUG main            d.u.i.k.p.i.AbstractProblemLoader Init config took 2.41s 
258013     INFO  main            d.u.i.k.p.i.AbstractProblemLoader Replaying proof normalisation7.key 
258014     DEBUG main            d.u.i.k.p.i.IntermediateProofReplayer Proof replay took 5.5ns 
258115     INFO  main            d.u.i.k.p.r.p.TestFile    ... finished proof: closed. 
258467     INFO  main            d.u.i.k.p.i.AbstractProblemLoader Loading environment from /home/runner/work/key/key/key.core/../key.ui/examples/standard_key/quantifiers/normalisation7.key.proof 
258467     DEBUG main            d.u.i.k.p.i.AbstractProblemLoader Environment load took 109.4ns 
258468     INFO  main            d.u.i.k.p.i.AbstractProblemLoader Creating init config 
260845     DEBUG main            d.u.i.k.p.i.AbstractProblemLoader Init config took 2.38s 
260857     INFO  main            d.u.i.k.p.i.AbstractProblemLoader Replaying proof normalisation7.key.proof 
260860     DEBUG main            d.u.i.k.p.i.IntermediateProofReplayer Proof replay took 1.03ms 
260861     DEBUG main            d.u.i.k.p.r.p.TestFile    ... success: reloaded. 
260861     INFO  main            d.u.i.k.p.r.p.TestFile    Now processing file /home/runner/work/key/key/key.core/../key.ui/examples/standard_key/quantifiers/normalisation8.key 
260862     INFO  main            d.u.i.k.p.i.AbstractProblemLoader Loading environment from /home/runner/work/key/key/key.core/../key.ui/examples/standard_key/quantifiers/normalisation8.key 
260862     DEBUG main            d.u.i.k.p.i.AbstractProblemLoader Environment load took 48.1ns 
260863     INFO  main            d.u.i.k.p.i.AbstractProblemLoader Creating init config 
263277     DEBUG main            d.u.i.k.p.i.AbstractProblemLoader Init config took 2.41s 
263290     INFO  main            d.u.i.k.p.i.AbstractProblemLoader Replaying proof normalisation8.key 
263292     DEBUG main            d.u.i.k.p.i.IntermediateProofReplayer Proof replay took 5.9ns 
263395     INFO  main            d.u.i.k.p.r.p.TestFile    ... finished proof: closed. 
263752     INFO  main            d.u.i.k.p.i.AbstractProblemLoader Loading environment from /home/runner/work/key/key/key.core/../key.ui/examples/standard_key/quantifiers/normalisation8.key.proof 
263752     DEBUG main            d.u.i.k.p.i.AbstractProblemLoader Environment load took 98ns 
263753     INFO  main            d.u.i.k.p.i.AbstractProblemLoader Creating init config 
266135     DEBUG main            d.u.i.k.p.i.AbstractProblemLoader Init config took 2.38s 
266147     INFO  main            d.u.i.k.p.i.AbstractProblemLoader Replaying proof normalisation8.key.proof 
266151     DEBUG main            d.u.i.k.p.i.IntermediateProofReplayer Proof replay took 2.26ms 
266152     DEBUG main            d.u.i.k.p.r.p.TestFile    ... success: reloaded. 
266153     INFO  main            d.u.i.k.p.r.p.TestFile    Now processing file /home/runner/work/key/key/key.core/../key.ui/examples/standard_key/quantifiers/normalisation9.key 
266153     INFO  main            d.u.i.k.p.i.AbstractProblemLoader Loading environment from /home/runner/work/key/key/key.core/../key.ui/examples/standard_key/quantifiers/normalisation9.key 
266153     DEBUG main            d.u.i.k.p.i.AbstractProblemLoader Environment load took 83.8ns 
266154     INFO  main            d.u.i.k.p.i.AbstractProblemLoader Creating init config 
268561     DEBUG main            d.u.i.k.p.i.AbstractProblemLoader Init config took 2.41s 
268573     INFO  main            d.u.i.k.p.i.AbstractProblemLoader Replaying proof normalisation9.key 
268574     DEBUG main            d.u.i.k.p.i.IntermediateProofReplayer Proof replay took 6.1ns 
268676     INFO  main            d.u.i.k.p.r.p.TestFile    ... finished proof: closed. 
269033     INFO  main            d.u.i.k.p.i.AbstractProblemLoader Loading environment from /home/runner/work/key/key/key.core/../key.ui/examples/standard_key/quantifiers/normalisation9.key.proof 
269033     DEBUG main            d.u.i.k.p.i.AbstractProblemLoader Environment load took 85.3ns 
269037     INFO  main            d.u.i.k.p.i.AbstractProblemLoader Creating init config 
271423     DEBUG main            d.u.i.k.p.i.AbstractProblemLoader Init config took 2.39s 
271436     INFO  main            d.u.i.k.p.i.AbstractProblemLoader Replaying proof normalisation9.key.proof 
271440     DEBUG main            d.u.i.k.p.i.IntermediateProofReplayer Proof replay took 2.22ms 
271441     DEBUG main            d.u.i.k.p.r.p.TestFile    ... success: reloaded. 
271442     INFO  main            d.u.i.k.p.r.p.TestFile    Now processing file /home/runner/work/key/key/key.core/../key.ui/examples/standard_key/quantifiers/normalisation10.key 
271442     INFO  main            d.u.i.k.p.i.AbstractProblemLoader Loading environment from /home/runner/work/key/key/key.core/../key.ui/examples/standard_key/quantifiers/normalisation10.key 
271442     DEBUG main            d.u.i.k.p.i.AbstractProblemLoader Environment load took 74.1ns 
271443     INFO  main            d.u.i.k.p.i.AbstractProblemLoader Creating init config 
273877     DEBUG main            d.u.i.k.p.i.AbstractProblemLoader Init config took 2.43s 
273889     INFO  main            d.u.i.k.p.i.AbstractProblemLoader Replaying proof normalisation10.key 
273891     DEBUG main            d.u.i.k.p.i.IntermediateProofReplayer Proof replay took 5.5ns 
273993     INFO  main            d.u.i.k.p.r.p.TestFile    ... finished proof: closed. 
274356     INFO  main            d.u.i.k.p.i.AbstractProblemLoader Loading environment from /home/runner/work/key/key/key.core/../key.ui/examples/standard_key/quantifiers/normalisation10.key.proof 
274356     DEBUG main            d.u.i.k.p.i.AbstractProblemLoader Environment load took 98.4ns 
274357     INFO  main            d.u.i.k.p.i.AbstractProblemLoader Creating init config 
276737     DEBUG main            d.u.i.k.p.i.AbstractProblemLoader Init config took 2.38s 
276750     INFO  main            d.u.i.k.p.i.AbstractProblemLoader Replaying proof normalisation10.key.proof 
276754     DEBUG main            d.u.i.k.p.i.IntermediateProofReplayer Proof replay took 2.72ms 
276755     DEBUG main            d.u.i.k.p.r.p.TestFile    ... success: reloaded. 
276756     INFO  main            d.u.i.k.p.r.p.TestFile    Now processing file /home/runner/work/key/key/key.core/../key.ui/examples/standard_key/quantifiers/normalisation12.key 
276756     INFO  main            d.u.i.k.p.i.AbstractProblemLoader Loading environment from /home/runner/work/key/key/key.core/../key.ui/examples/standard_key/quantifiers/normalisation12.key 
276756     DEBUG main            d.u.i.k.p.i.AbstractProblemLoader Environment load took 45.3ns 
276757     INFO  main            d.u.i.k.p.i.AbstractProblemLoader Creating init config 
279172     DEBUG main            d.u.i.k.p.i.AbstractProblemLoader Init config took 2.41s 
279184     INFO  main            d.u.i.k.p.i.AbstractProblemLoader Replaying proof normalisation12.key 
279185     DEBUG main            d.u.i.k.p.i.IntermediateProofReplayer Proof replay took 7.3ns 
279287     INFO  main            d.u.i.k.p.r.p.TestFile    ... finished proof: closed. 
279675     INFO  main            d.u.i.k.p.i.AbstractProblemLoader Loading environment from /home/runner/work/key/key/key.core/../key.ui/examples/standard_key/quantifiers/normalisation12.key.proof 
279675     DEBUG main            d.u.i.k.p.i.AbstractProblemLoader Environment load took 85.3ns 
279677     INFO  main            d.u.i.k.p.i.AbstractProblemLoader Creating init config 
282056     DEBUG main            d.u.i.k.p.i.AbstractProblemLoader Init config took 2.38s 
282069     INFO  main            d.u.i.k.p.i.AbstractProblemLoader Replaying proof normalisation12.key.proof 
282076     DEBUG main            d.u.i.k.p.i.IntermediateProofReplayer Proof replay took 759.31ns 
282077     DEBUG main            d.u.i.k.p.r.p.TestFile    ... success: reloaded. 
282079     INFO  main            d.u.i.k.p.r.p.TestFile    Now processing file /home/runner/work/key/key/key.core/../key.ui/examples/standard_key/quantifiers/normalisation13.key 
282079     INFO  main            d.u.i.k.p.i.AbstractProblemLoader Loading environment from /home/runner/work/key/key/key.core/../key.ui/examples/standard_key/quantifiers/normalisation13.key 
282079     DEBUG main            d.u.i.k.p.i.AbstractProblemLoader Environment load took 45.9ns 
282080     INFO  main            d.u.i.k.p.i.AbstractProblemLoader Creating init config 
284509     DEBUG main            d.u.i.k.p.i.AbstractProblemLoader Init config took 2.43s 
284522     INFO  main            d.u.i.k.p.i.AbstractProblemLoader Replaying proof normalisation13.key 
284523     DEBUG main            d.u.i.k.p.i.IntermediateProofReplayer Proof replay took 6.8ns 
284627     INFO  main            d.u.i.k.p.r.p.TestFile    ... finished proof: closed. 
285011     INFO  main            d.u.i.k.p.i.AbstractProblemLoader Loading environment from /home/runner/work/key/key/key.core/../key.ui/examples/standard_key/quantifiers/normalisation13.key.proof 
285011     DEBUG main            d.u.i.k.p.i.AbstractProblemLoader Environment load took 82.5ns 
285012     INFO  main            d.u.i.k.p.i.AbstractProblemLoader Creating init config 
287393     DEBUG main            d.u.i.k.p.i.AbstractProblemLoader Init config took 2.38s 
287405     INFO  main            d.u.i.k.p.i.AbstractProblemLoader Replaying proof normalisation13.key.proof 
287407     DEBUG main            d.u.i.k.p.i.IntermediateProofReplayer Proof replay took 498.61ns 
287408     DEBUG main            d.u.i.k.p.r.p.TestFile    ... success: reloaded. 
287408     INFO  main            d.u.i.k.p.r.p.TestFile    Now processing file /home/runner/work/key/key/key.core/../key.ui/examples/standard_key/quantifiers/triggers0.key 
287408     INFO  main            d.u.i.k.p.i.AbstractProblemLoader Loading environment from /home/runner/work/key/key/key.core/../key.ui/examples/standard_key/quantifiers/triggers0.key 
287408     DEBUG main            d.u.i.k.p.i.AbstractProblemLoader Environment load took 44.9ns 
287409     INFO  main            d.u.i.k.p.i.AbstractProblemLoader Creating init config 
289830     DEBUG main            d.u.i.k.p.i.AbstractProblemLoader Init config took 2.42s 
289843     INFO  main            d.u.i.k.p.i.AbstractProblemLoader Replaying proof triggers0.key 
289845     DEBUG main            d.u.i.k.p.i.IntermediateProofReplayer Proof replay took 6.3ns 
289946     INFO  main            d.u.i.k.p.r.p.TestFile    ... finished proof: closed. 
290331     INFO  main            d.u.i.k.p.i.AbstractProblemLoader Loading environment from /home/runner/work/key/key/key.core/../key.ui/examples/standard_key/quantifiers/triggers0.key.proof 
290331     DEBUG main            d.u.i.k.p.i.AbstractProblemLoader Environment load took 95.2ns 
290332     INFO  main            d.u.i.k.p.i.AbstractProblemLoader Creating init config 
292720     DEBUG main            d.u.i.k.p.i.AbstractProblemLoader Init config took 2.39s 
292733     INFO  main            d.u.i.k.p.i.AbstractProblemLoader Replaying proof triggers0.key.proof 
292735     DEBUG main            d.u.i.k.p.i.IntermediateProofReplayer Proof replay took 893.71ns 
292736     DEBUG main            d.u.i.k.p.r.p.TestFile    ... success: reloaded. 
3812344    INFO  Test worker     d.u.i.k.p.r.RunAllProofsTestUnit Returning from test FOL 
3812345    INFO  Test worker     d.u.i.k.p.r.RunAllProofsTestUnit Running test strings 
363        INFO  Timeout watchdog d.u.i.k.p.r.p.ForkedTestFileRunner Timeout watcher launched (2000 secs.) 
374        WARN  main            d.u.i.k.s.ProofSettings   The settings in /home/runner/.key/proof-settings.props are *not* read. 
401        INFO  main            d.u.i.k.p.r.p.TestFile    Now processing file /home/runner/work/key/key/key.core/../key.ui/examples/standard_key/strings/charAt0.key 
509        INFO  main            d.u.i.k.p.i.AbstractProblemLoader Loading environment from /home/runner/work/key/key/key.core/../key.ui/examples/standard_key/strings/charAt0.key 
526        DEBUG main            d.u.i.k.p.i.AbstractProblemLoader Environment load took 2.19ms 
779        INFO  main            d.u.i.k.p.i.AbstractProblemLoader Creating init config 
1671       DEBUG main            d.u.i.k.j.TypeConverter   No LDT found for Meta 
1671       DEBUG main            d.u.i.k.j.TypeConverter   No LDT found for Meta 
1673       DEBUG main            d.u.i.k.j.TypeConverter   No LDT found for Meta 
1673       DEBUG main            d.u.i.k.j.TypeConverter   No LDT found for Meta 
3247       DEBUG main            d.u.i.k.j.TypeConverter   No LDT found for JavaBigintExpression 
8356       DEBUG main            d.u.i.k.p.i.AbstractProblemLoader Init config took 7.58s 
8440       INFO  main            d.u.i.k.p.i.AbstractProblemLoader Replaying proof charAt0.key 
8473       DEBUG main            d.u.i.k.p.i.IntermediateProofReplayer Proof replay took 36.5ns 
8817       INFO  main            d.u.i.k.p.r.p.TestFile    ... finished proof: closed. 
8919       INFO  main            d.u.i.k.p.i.AbstractProblemLoader Loading environment from /home/runner/work/key/key/key.core/../key.ui/examples/standard_key/strings/charAt0.key.proof 
8919       DEBUG main            d.u.i.k.p.i.AbstractProblemLoader Environment load took 485.41ns 
8924       INFO  main            d.u.i.k.p.i.AbstractProblemLoader Creating init config 
11694      DEBUG main            d.u.i.k.p.i.AbstractProblemLoader Init config took 2.77s 
11737      INFO  main            d.u.i.k.p.i.AbstractProblemLoader Replaying proof charAt0.key.proof 
11754      DEBUG main            d.u.i.k.p.i.IntermediateProofReplayer Proof replay took 12.07ms 
11765      DEBUG main            d.u.i.k.p.r.p.TestFile    ... success: reloaded. 
11766      INFO  main            d.u.i.k.p.r.p.TestFile    Now processing file /home/runner/work/key/key/key.core/../key.ui/examples/standard_key/strings/charAt1.key 
11767      INFO  main            d.u.i.k.p.i.AbstractProblemLoader Loading environment from /home/runner/work/key/key/key.core/../key.ui/examples/standard_key/strings/charAt1.key 
11767      DEBUG main            d.u.i.k.p.i.AbstractProblemLoader Environment load took 224.3ns 
11769      INFO  main            d.u.i.k.p.i.AbstractProblemLoader Creating init config 
14376      DEBUG main            d.u.i.k.p.i.AbstractProblemLoader Init config took 2.61s 
14412      INFO  main            d.u.i.k.p.i.AbstractProblemLoader Replaying proof charAt1.key 
14417      DEBUG main            d.u.i.k.p.i.IntermediateProofReplayer Proof replay took 6.4ns 
14625      INFO  main            d.u.i.k.p.r.p.TestFile    ... finished proof: closed. 
14766      INFO  main            d.u.i.k.p.i.AbstractProblemLoader Loading environment from /home/runner/work/key/key/key.core/../key.ui/examples/standard_key/strings/charAt1.key.proof 
14766      DEBUG main            d.u.i.k.p.i.AbstractProblemLoader Environment load took 366.81ns 
14768      INFO  main            d.u.i.k.p.i.AbstractProblemLoader Creating init config 
17300      DEBUG main            d.u.i.k.p.i.AbstractProblemLoader Init config took 2.53s 
17334      INFO  main            d.u.i.k.p.i.AbstractProblemLoader Replaying proof charAt1.key.proof 
17365      DEBUG main            d.u.i.k.p.i.IntermediateProofReplayer Proof replay took 22.36ms 
17368      DEBUG main            d.u.i.k.p.r.p.TestFile    ... success: reloaded. 
17369      INFO  main            d.u.i.k.p.r.p.TestFile    Now processing file /home/runner/work/key/key/key.core/../key.ui/examples/standard_key/strings/concat1.key 
17370      INFO  main            d.u.i.k.p.i.AbstractProblemLoader Loading environment from /home/runner/work/key/key/key.core/../key.ui/examples/standard_key/strings/concat1.key 
17370      DEBUG main            d.u.i.k.p.i.AbstractProblemLoader Environment load took 111.5ns 
17373      INFO  main            d.u.i.k.p.i.AbstractProblemLoader Creating init config 
19885      DEBUG main            d.u.i.k.p.i.AbstractProblemLoader Init config took 2.51s 
19907      INFO  main            d.u.i.k.p.i.AbstractProblemLoader Replaying proof concat1.key 
19908      DEBUG main            d.u.i.k.p.i.IntermediateProofReplayer Proof replay took 5.7ns 
20012      INFO  main            d.u.i.k.p.r.p.TestFile    ... finished proof: closed. 
20147      INFO  main            d.u.i.k.p.i.AbstractProblemLoader Loading environment from /home/runner/work/key/key/key.core/../key.ui/examples/standard_key/strings/concat1.key.proof 
20147      DEBUG main            d.u.i.k.p.i.AbstractProblemLoader Environment load took 126.5ns 
20148      INFO  main            d.u.i.k.p.i.AbstractProblemLoader Creating init config 
22655      DEBUG main            d.u.i.k.p.i.AbstractProblemLoader Init config took 2.51s 
22689      INFO  main            d.u.i.k.p.i.AbstractProblemLoader Replaying proof concat1.key.proof 
22697      DEBUG main            d.u.i.k.p.i.IntermediateProofReplayer Proof replay took 2.21ms 
22698      DEBUG main            d.u.i.k.p.r.p.TestFile    ... success: reloaded. 
22701      INFO  main            d.u.i.k.p.r.p.TestFile    Now processing file /home/runner/work/key/key/key.core/../key.ui/examples/standard_key/strings/concat2.key 
22701      INFO  main            d.u.i.k.p.i.AbstractProblemLoader Loading environment from /home/runner/work/key/key/key.core/../key.ui/examples/standard_key/strings/concat2.key 
22701      DEBUG main            d.u.i.k.p.i.AbstractProblemLoader Environment load took 184.3ns 
22703      INFO  main            d.u.i.k.p.i.AbstractProblemLoader Creating init config 
25221      DEBUG main            d.u.i.k.p.i.AbstractProblemLoader Init config took 2.52s 
25242      INFO  main            d.u.i.k.p.i.AbstractProblemLoader Replaying proof concat2.key 
25244      DEBUG main            d.u.i.k.p.i.IntermediateProofReplayer Proof replay took 7ns 
25348      INFO  main            d.u.i.k.p.r.p.TestFile    ... finished proof: closed. 
25492      INFO  main            d.u.i.k.p.i.AbstractProblemLoader Loading environment from /home/runner/work/key/key/key.core/../key.ui/examples/standard_key/strings/concat2.key.proof 
25492      DEBUG main            d.u.i.k.p.i.AbstractProblemLoader Environment load took 126.2ns 
25497      INFO  main            d.u.i.k.p.i.AbstractProblemLoader Creating init config 
27941      DEBUG main            d.u.i.k.p.i.AbstractProblemLoader Init config took 2.44s 
27960      INFO  main            d.u.i.k.p.i.AbstractProblemLoader Replaying proof concat2.key.proof 
27971      DEBUG main            d.u.i.k.p.i.IntermediateProofReplayer Proof replay took 8.81ms 
27974      DEBUG main            d.u.i.k.p.r.p.TestFile    ... success: reloaded. 
27975      INFO  main            d.u.i.k.p.r.p.TestFile    Now processing file /home/runner/work/key/key/key.core/../key.ui/examples/standard_key/strings/deriveLength1.key 
27975      INFO  main            d.u.i.k.p.i.AbstractProblemLoader Loading environment from /home/runner/work/key/key/key.core/../key.ui/examples/standard_key/strings/deriveLength1.key 
27976      DEBUG main            d.u.i.k.p.i.AbstractProblemLoader Environment load took 109.8ns 
27977      INFO  main            d.u.i.k.p.i.AbstractProblemLoader Creating init config 
30425      DEBUG main            d.u.i.k.p.i.AbstractProblemLoader Init config took 2.45s 
30443      INFO  main            d.u.i.k.p.i.AbstractProblemLoader Replaying proof deriveLength1.key 
30445      DEBUG main            d.u.i.k.p.i.IntermediateProofReplayer Proof replay took 6.9ns 
30549      INFO  main            d.u.i.k.p.r.p.TestFile    ... finished proof: closed. 
30699      INFO  main            d.u.i.k.p.i.AbstractProblemLoader Loading environment from /home/runner/work/key/key/key.core/../key.ui/examples/standard_key/strings/deriveLength1.key.proof 
30700      DEBUG main            d.u.i.k.p.i.AbstractProblemLoader Environment load took 348.11ns 
30701      INFO  main            d.u.i.k.p.i.AbstractProblemLoader Creating init config 
33090      DEBUG main            d.u.i.k.p.i.AbstractProblemLoader Init config took 2.39s 
33108      INFO  main            d.u.i.k.p.i.AbstractProblemLoader Replaying proof deriveLength1.key.proof 
33116      DEBUG main            d.u.i.k.p.i.IntermediateProofReplayer Proof replay took 5.84ms 
33117      DEBUG main            d.u.i.k.p.r.p.TestFile    ... success: reloaded. 
33118      INFO  main            d.u.i.k.p.r.p.TestFile    Now processing file /home/runner/work/key/key/key.core/../key.ui/examples/standard_key/strings/emptyStringLengthZero.key 
33118      INFO  main            d.u.i.k.p.i.AbstractProblemLoader Loading environment from /home/runner/work/key/key/key.core/../key.ui/examples/standard_key/strings/emptyStringLengthZero.key 
33118      DEBUG main            d.u.i.k.p.i.AbstractProblemLoader Environment load took 95.1ns 
33119      INFO  main            d.u.i.k.p.i.AbstractProblemLoader Creating init config 
35555      DEBUG main            d.u.i.k.p.i.AbstractProblemLoader Init config took 2.44s 
35572      INFO  main            d.u.i.k.p.i.AbstractProblemLoader Replaying proof emptyStringLengthZero.key 
35573      DEBUG main            d.u.i.k.p.i.IntermediateProofReplayer Proof replay took 7ns 
35677      INFO  main            d.u.i.k.p.r.p.TestFile    ... finished proof: closed. 
35875      INFO  main            d.u.i.k.p.i.AbstractProblemLoader Loading environment from /home/runner/work/key/key/key.core/../key.ui/examples/standard_key/strings/emptyStringLengthZero.key.proof 
35876      DEBUG main            d.u.i.k.p.i.AbstractProblemLoader Environment load took 1.18ms 
35877      INFO  main            d.u.i.k.p.i.AbstractProblemLoader Creating init config 
38267      DEBUG main            d.u.i.k.p.i.AbstractProblemLoader Init config took 2.39s 
38283      INFO  main            d.u.i.k.p.i.AbstractProblemLoader Replaying proof emptyStringLengthZero.key.proof 
38287      DEBUG main            d.u.i.k.p.i.IntermediateProofReplayer Proof replay took 2.68ms 
38288      DEBUG main            d.u.i.k.p.r.p.TestFile    ... success: reloaded. 
38289      INFO  main            d.u.i.k.p.r.p.TestFile    Now processing file /home/runner/work/key/key/key.core/../key.ui/examples/standard_key/strings/implicitBooleanStringConversion.key 
38290      INFO  main            d.u.i.k.p.i.AbstractProblemLoader Loading environment from /home/runner/work/key/key/key.core/../key.ui/examples/standard_key/strings/implicitBooleanStringConversion.key 
38290      DEBUG main            d.u.i.k.p.i.AbstractProblemLoader Environment load took 171.2ns 
38291      INFO  main            d.u.i.k.p.i.AbstractProblemLoader Creating init config 
40741      DEBUG main            d.u.i.k.p.i.AbstractProblemLoader Init config took 2.45s 
40762      INFO  main            d.u.i.k.p.i.AbstractProblemLoader Replaying proof implicitBooleanStringConversion.key 
40764      DEBUG main            d.u.i.k.p.i.IntermediateProofReplayer Proof replay took 7.3ns 
41677      INFO  main            d.u.i.k.p.r.p.TestFile    ... finished proof: closed. 
41867      INFO  main            d.u.i.k.p.i.AbstractProblemLoader Loading environment from /home/runner/work/key/key/key.core/../key.ui/examples/standard_key/strings/implicitBooleanStringConversion.key.proof 
41867      DEBUG main            d.u.i.k.p.i.AbstractProblemLoader Environment load took 358.81ns 
41869      INFO  main            d.u.i.k.p.i.AbstractProblemLoader Creating init config 
44297      DEBUG main            d.u.i.k.p.i.AbstractProblemLoader Init config took 2.43s 
44315      INFO  main            d.u.i.k.p.i.AbstractProblemLoader Replaying proof implicitBooleanStringConversion.key.proof 
44370      DEBUG main            d.u.i.k.p.i.IntermediateProofReplayer Proof replay took 49.98ms 
44371      DEBUG main            d.u.i.k.p.r.p.TestFile    ... success: reloaded. 
44372      INFO  main            d.u.i.k.p.r.p.TestFile    Now processing file /home/runner/work/key/key/key.core/../key.ui/examples/standard_key/strings/implicitBooleanStringConversion2.key 
44372      INFO  main            d.u.i.k.p.i.AbstractProblemLoader Loading environment from /home/runner/work/key/key/key.core/../key.ui/examples/standard_key/strings/implicitBooleanStringConversion2.key 
44372      DEBUG main            d.u.i.k.p.i.AbstractProblemLoader Environment load took 188.2ns 
44374      INFO  main            d.u.i.k.p.i.AbstractProblemLoader Creating init config 
46791      DEBUG main            d.u.i.k.p.i.AbstractProblemLoader Init config took 2.42s 
46807      INFO  main            d.u.i.k.p.i.AbstractProblemLoader Replaying proof implicitBooleanStringConversion2.key 
46809      DEBUG main            d.u.i.k.p.i.IntermediateProofReplayer Proof replay took 6.3ns 
47113      INFO  main            d.u.i.k.p.r.p.TestFile    ... finished proof: closed. 
47308      INFO  main            d.u.i.k.p.i.AbstractProblemLoader Loading environment from /home/runner/work/key/key/key.core/../key.ui/examples/standard_key/strings/implicitBooleanStringConversion2.key.proof 
47310      DEBUG main            d.u.i.k.p.i.AbstractProblemLoader Environment load took 2ms 
47312      INFO  main            d.u.i.k.p.i.AbstractProblemLoader Creating init config 
49721      DEBUG main            d.u.i.k.p.i.AbstractProblemLoader Init config took 2.41s 
49737      INFO  main            d.u.i.k.p.i.AbstractProblemLoader Replaying proof implicitBooleanStringConversion2.key.proof 
49759      DEBUG main            d.u.i.k.p.i.IntermediateProofReplayer Proof replay took 19.45ms 
49761      DEBUG main            d.u.i.k.p.r.p.TestFile    ... success: reloaded. 
49762      INFO  main            d.u.i.k.p.r.p.TestFile    Now processing file /home/runner/work/key/key/key.core/../key.ui/examples/standard_key/strings/implicitIntStringConversion.key 
49762      INFO  main            d.u.i.k.p.i.AbstractProblemLoader Loading environment from /home/runner/work/key/key/key.core/../key.ui/examples/standard_key/strings/implicitIntStringConversion.key 
49762      DEBUG main            d.u.i.k.p.i.AbstractProblemLoader Environment load took 79.3ns 
49763      INFO  main            d.u.i.k.p.i.AbstractProblemLoader Creating init config 
52141      DEBUG main            d.u.i.k.p.i.AbstractProblemLoader Init config took 2.38s 
52156      INFO  main            d.u.i.k.p.i.AbstractProblemLoader Replaying proof implicitIntStringConversion.key 
52158      DEBUG main            d.u.i.k.p.i.IntermediateProofReplayer Proof replay took 7.6ns 
52762      INFO  main            d.u.i.k.p.r.p.TestFile    ... finished proof: closed. 
52962      INFO  main            d.u.i.k.p.i.AbstractProblemLoader Loading environment from /home/runner/work/key/key/key.core/../key.ui/examples/standard_key/strings/implicitIntStringConversion.key.proof 
52963      DEBUG main            d.u.i.k.p.i.AbstractProblemLoader Environment load took 669.51ns 
52964      INFO  main            d.u.i.k.p.i.AbstractProblemLoader Creating init config 
55335      DEBUG main            d.u.i.k.p.i.AbstractProblemLoader Init config took 2.37s 
55350      INFO  main            d.u.i.k.p.i.AbstractProblemLoader Replaying proof implicitIntStringConversion.key.proof 
55412      DEBUG main            d.u.i.k.p.i.IntermediateProofReplayer Proof replay took 57.17ms 
55413      DEBUG main            d.u.i.k.p.r.p.TestFile    ... success: reloaded. 
55414      INFO  main            d.u.i.k.p.r.p.TestFile    Now processing file /home/runner/work/key/key/key.core/../key.ui/examples/standard_key/strings/implicitNullStringConversion.key 
55414      INFO  main            d.u.i.k.p.i.AbstractProblemLoader Loading environment from /home/runner/work/key/key/key.core/../key.ui/examples/standard_key/strings/implicitNullStringConversion.key 
55415      DEBUG main            d.u.i.k.p.i.AbstractProblemLoader Environment load took 630.71ns 
55416      INFO  main            d.u.i.k.p.i.AbstractProblemLoader Creating init config 
57847      DEBUG main            d.u.i.k.p.i.AbstractProblemLoader Init config took 2.43s 
57862      INFO  main            d.u.i.k.p.i.AbstractProblemLoader Replaying proof implicitNullStringConversion.key 
57863      DEBUG main            d.u.i.k.p.i.IntermediateProofReplayer Proof replay took 6.3ns 
58169      INFO  main            d.u.i.k.p.r.p.TestFile    ... finished proof: closed. 
58371      INFO  main            d.u.i.k.p.i.AbstractProblemLoader Loading environment from /home/runner/work/key/key/key.core/../key.ui/examples/standard_key/strings/implicitNullStringConversion.key.proof 
58372      DEBUG main            d.u.i.k.p.i.AbstractProblemLoader Environment load took 130.8ns 
58373      INFO  main            d.u.i.k.p.i.AbstractProblemLoader Creating init config 
60708      DEBUG main            d.u.i.k.p.i.AbstractProblemLoader Init config took 2.34s 
60731      INFO  main            d.u.i.k.p.i.AbstractProblemLoader Replaying proof implicitNullStringConversion.key.proof 
60766      DEBUG main            d.u.i.k.p.i.IntermediateProofReplayer Proof replay took 25.24ms 
60768      DEBUG main            d.u.i.k.p.r.p.TestFile    ... success: reloaded. 
60768      INFO  main            d.u.i.k.p.r.p.TestFile    Now processing file /home/runner/work/key/key/key.core/../key.ui/examples/standard_key/strings/implicitNullStringConversion2.key 
60769      INFO  main            d.u.i.k.p.i.AbstractProblemLoader Loading environment from /home/runner/work/key/key/key.core/../key.ui/examples/standard_key/strings/implicitNullStringConversion2.key 
60769      DEBUG main            d.u.i.k.p.i.AbstractProblemLoader Environment load took 178.2ns 
60770      INFO  main            d.u.i.k.p.i.AbstractProblemLoader Creating init config 
63133      DEBUG main            d.u.i.k.p.i.AbstractProblemLoader Init config took 2.36s 
63148      INFO  main            d.u.i.k.p.i.AbstractProblemLoader Replaying proof implicitNullStringConversion2.key 
63149      DEBUG main            d.u.i.k.p.i.IntermediateProofReplayer Proof replay took 7.8ns 
63352      INFO  main            d.u.i.k.p.r.p.TestFile    ... finished proof: closed. 
63551      INFO  main            d.u.i.k.p.i.AbstractProblemLoader Loading environment from /home/runner/work/key/key/key.core/../key.ui/examples/standard_key/strings/implicitNullStringConversion2.key.proof 
63551      DEBUG main            d.u.i.k.p.i.AbstractProblemLoader Environment load took 142.1ns 
63552      INFO  main            d.u.i.k.p.i.AbstractProblemLoader Creating init config 
65945      DEBUG main            d.u.i.k.p.i.AbstractProblemLoader Init config took 2.39s 
65961      INFO  main            d.u.i.k.p.i.AbstractProblemLoader Replaying proof implicitNullStringConversion2.key.proof 
65983      DEBUG main            d.u.i.k.p.i.IntermediateProofReplayer Proof replay took 17.12ms 
65984      DEBUG main            d.u.i.k.p.r.p.TestFile    ... success: reloaded. 
65985      INFO  main            d.u.i.k.p.r.p.TestFile    Now processing file /home/runner/work/key/key/key.core/../key.ui/examples/standard_key/strings/implicitObjectStringConversion.key 
65986      INFO  main            d.u.i.k.p.i.AbstractProblemLoader Loading environment from /home/runner/work/key/key/key.core/../key.ui/examples/standard_key/strings/implicitObjectStringConversion.key 
65986      DEBUG main            d.u.i.k.p.i.AbstractProblemLoader Environment load took 184.7ns 
65987      INFO  main            d.u.i.k.p.i.AbstractProblemLoader Creating init config 
68563      DEBUG main            d.u.i.k.p.i.AbstractProblemLoader Init config took 2.58s 
68578      INFO  main            d.u.i.k.p.i.AbstractProblemLoader Replaying proof implicitObjectStringConversion.key 
68580      DEBUG main            d.u.i.k.p.i.IntermediateProofReplayer Proof replay took 7.7ns 
69287      INFO  main            d.u.i.k.p.r.p.TestFile    ... finished proof: closed. 
69513      INFO  main            d.u.i.k.p.i.AbstractProblemLoader Loading environment from /home/runner/work/key/key/key.core/../key.ui/examples/standard_key/strings/implicitObjectStringConversion.key.proof 
69513      DEBUG main            d.u.i.k.p.i.AbstractProblemLoader Environment load took 378.01ns 
69515      INFO  main            d.u.i.k.p.i.AbstractProblemLoader Creating init config 
72090      DEBUG main            d.u.i.k.p.i.AbstractProblemLoader Init config took 2.58s 
72107      INFO  main            d.u.i.k.p.i.AbstractProblemLoader Replaying proof implicitObjectStringConversion.key.proof 
72151      DEBUG main            d.u.i.k.p.i.IntermediateProofReplayer Proof replay took 40.63ms 
72152      DEBUG main            d.u.i.k.p.r.p.TestFile    ... success: reloaded. 
72153      INFO  main            d.u.i.k.p.r.p.TestFile    Now processing file /home/runner/work/key/key/key.core/../key.ui/examples/standard_key/strings/literalEquality.key 
72154      INFO  main            d.u.i.k.p.i.AbstractProblemLoader Loading environment from /home/runner/work/key/key/key.core/../key.ui/examples/standard_key/strings/literalEquality.key 
72154      DEBUG main            d.u.i.k.p.i.AbstractProblemLoader Environment load took 173.1ns 
72155      INFO  main            d.u.i.k.p.i.AbstractProblemLoader Creating init config 
74484      DEBUG main            d.u.i.k.p.i.AbstractProblemLoader Init config took 2.33s 
74499      INFO  main            d.u.i.k.p.i.AbstractProblemLoader Replaying proof literalEquality.key 
74500      DEBUG main            d.u.i.k.p.i.IntermediateProofReplayer Proof replay took 7.5ns 
74602      INFO  main            d.u.i.k.p.r.p.TestFile    ... finished proof: closed. 
74809      INFO  main            d.u.i.k.p.i.AbstractProblemLoader Loading environment from /home/runner/work/key/key/key.core/../key.ui/examples/standard_key/strings/literalEquality.key.proof 
74809      DEBUG main            d.u.i.k.p.i.AbstractProblemLoader Environment load took 116.4ns 
74810      INFO  main            d.u.i.k.p.i.AbstractProblemLoader Creating init config 
77150      DEBUG main            d.u.i.k.p.i.AbstractProblemLoader Init config took 2.34s 
77165      INFO  main            d.u.i.k.p.i.AbstractProblemLoader Replaying proof literalEquality.key.proof 
77169      DEBUG main            d.u.i.k.p.i.IntermediateProofReplayer Proof replay took 2.06ms 
77169      DEBUG main            d.u.i.k.p.r.p.TestFile    ... success: reloaded. 
77170      INFO  main            d.u.i.k.p.r.p.TestFile    Now processing file /home/runner/work/key/key/key.core/../key.ui/examples/standard_key/strings/replace0.key 
77171      INFO  main            d.u.i.k.p.i.AbstractProblemLoader Loading environment from /home/runner/work/key/key/key.core/../key.ui/examples/standard_key/strings/replace0.key 
77171      DEBUG main            d.u.i.k.p.i.AbstractProblemLoader Environment load took 204.4ns 
77172      INFO  main            d.u.i.k.p.i.AbstractProblemLoader Creating init config 
79571      DEBUG main            d.u.i.k.p.i.AbstractProblemLoader Init config took 2.4s 
79585      INFO  main            d.u.i.k.p.i.AbstractProblemLoader Replaying proof replace0.key 
79586      DEBUG main            d.u.i.k.p.i.IntermediateProofReplayer Proof replay took 8.7ns 
79688      INFO  main            d.u.i.k.p.r.p.TestFile    ... finished proof: closed. 
79892      INFO  main            d.u.i.k.p.i.AbstractProblemLoader Loading environment from /home/runner/work/key/key/key.core/../key.ui/examples/standard_key/strings/replace0.key.proof 
79892      DEBUG main            d.u.i.k.p.i.AbstractProblemLoader Environment load took 138.2ns 
79893      INFO  main            d.u.i.k.p.i.AbstractProblemLoader Creating init config 
82212      DEBUG main            d.u.i.k.p.i.AbstractProblemLoader Init config took 2.32s 
82225      INFO  main            d.u.i.k.p.i.AbstractProblemLoader Replaying proof replace0.key.proof 
82230      DEBUG main            d.u.i.k.p.i.IntermediateProofReplayer Proof replay took 2.6ms 
82231      DEBUG main            d.u.i.k.p.r.p.TestFile    ... success: reloaded. 
82233      INFO  main            d.u.i.k.p.r.p.TestFile    Now processing file /home/runner/work/key/key/key.core/../key.ui/examples/standard_key/strings/replace1.key 
82234      INFO  main            d.u.i.k.p.i.AbstractProblemLoader Loading environment from /home/runner/work/key/key/key.core/../key.ui/examples/standard_key/strings/replace1.key 
82234      DEBUG main            d.u.i.k.p.i.AbstractProblemLoader Environment load took 241.1ns 
82235      INFO  main            d.u.i.k.p.i.AbstractProblemLoader Creating init config 
84617      DEBUG main            d.u.i.k.p.i.AbstractProblemLoader Init config took 2.38s 
84630      INFO  main            d.u.i.k.p.i.AbstractProblemLoader Replaying proof replace1.key 
84632      DEBUG main            d.u.i.k.p.i.IntermediateProofReplayer Proof replay took 7.8ns 
84736      INFO  main            d.u.i.k.p.r.p.TestFile    ... finished proof: closed. 
84948      INFO  main            d.u.i.k.p.i.AbstractProblemLoader Loading environment from /home/runner/work/key/key/key.core/../key.ui/examples/standard_key/strings/replace1.key.proof 
84948      DEBUG main            d.u.i.k.p.i.AbstractProblemLoader Environment load took 122.4ns 
84949      INFO  main            d.u.i.k.p.i.AbstractProblemLoader Creating init config 
87240      DEBUG main            d.u.i.k.p.i.AbstractProblemLoader Init config took 2.29s 
87253      INFO  main            d.u.i.k.p.i.AbstractProblemLoader Replaying proof replace1.key.proof 
87260      DEBUG main            d.u.i.k.p.i.IntermediateProofReplayer Proof replay took 4.3ms 
87261      DEBUG main            d.u.i.k.p.r.p.TestFile    ... success: reloaded. 
87263      INFO  main            d.u.i.k.p.r.p.TestFile    Now processing file /home/runner/work/key/key/key.core/../key.ui/examples/standard_key/strings/simpleAssignment.key 
87264      INFO  main            d.u.i.k.p.i.AbstractProblemLoader Loading environment from /home/runner/work/key/key/key.core/../key.ui/examples/standard_key/strings/simpleAssignment.key 
87265      DEBUG main            d.u.i.k.p.i.AbstractProblemLoader Environment load took 579.11ns 
87268      INFO  main            d.u.i.k.p.i.AbstractProblemLoader Creating init config 
89683      DEBUG main            d.u.i.k.p.i.AbstractProblemLoader Init config took 2.41s 
89696      INFO  main            d.u.i.k.p.i.AbstractProblemLoader Replaying proof simpleAssignment.key 
89697      DEBUG main            d.u.i.k.p.i.IntermediateProofReplayer Proof replay took 7.4ns 
89799      INFO  main            d.u.i.k.p.r.p.TestFile    ... finished proof: closed. 
90009      INFO  main            d.u.i.k.p.i.AbstractProblemLoader Loading environment from /home/runner/work/key/key/key.core/../key.ui/examples/standard_key/strings/simpleAssignment.key.proof 
90010      DEBUG main            d.u.i.k.p.i.AbstractProblemLoader Environment load took 122ns 
90011      INFO  main            d.u.i.k.p.i.AbstractProblemLoader Creating init config 
92317      DEBUG main            d.u.i.k.p.i.AbstractProblemLoader Init config took 2.31s 
92331      INFO  main            d.u.i.k.p.i.AbstractProblemLoader Replaying proof simpleAssignment.key.proof 
92335      DEBUG main            d.u.i.k.p.i.IntermediateProofReplayer Proof replay took 1.37ms 
92336      DEBUG main            d.u.i.k.p.r.p.TestFile    ... success: reloaded. 
92337      INFO  main            d.u.i.k.p.r.p.TestFile    Now processing file /home/runner/work/key/key/key.core/../key.ui/examples/standard_key/strings/simpleLengthComp.key 
92337      INFO  main            d.u.i.k.p.i.AbstractProblemLoader Loading environment from /home/runner/work/key/key/key.core/../key.ui/examples/standard_key/strings/simpleLengthComp.key 
92337      DEBUG main            d.u.i.k.p.i.AbstractProblemLoader Environment load took 176.7ns 
92339      INFO  main            d.u.i.k.p.i.AbstractProblemLoader Creating init config 
94729      DEBUG main            d.u.i.k.p.i.AbstractProblemLoader Init config took 2.39s 
94743      INFO  main            d.u.i.k.p.i.AbstractProblemLoader Replaying proof simpleLengthComp.key 
94746      DEBUG main            d.u.i.k.p.i.IntermediateProofReplayer Proof replay took 7.6ns 
94948      INFO  main            d.u.i.k.p.r.p.TestFile    ... finished proof: closed. 
95164      INFO  main            d.u.i.k.p.i.AbstractProblemLoader Loading environment from /home/runner/work/key/key/key.core/../key.ui/examples/standard_key/strings/simpleLengthComp.key.proof 
95164      DEBUG main            d.u.i.k.p.i.AbstractProblemLoader Environment load took 133.2ns 
95166      INFO  main            d.u.i.k.p.i.AbstractProblemLoader Creating init config 
97514      DEBUG main            d.u.i.k.p.i.AbstractProblemLoader Init config took 2.35s 
97528      INFO  main            d.u.i.k.p.i.AbstractProblemLoader Replaying proof simpleLengthComp.key.proof 
97551      DEBUG main            d.u.i.k.p.i.IntermediateProofReplayer Proof replay took 20.66ms 
97552      DEBUG main            d.u.i.k.p.r.p.TestFile    ... success: reloaded. 
97553      INFO  main            d.u.i.k.p.r.p.TestFile    Now processing file /home/runner/work/key/key/key.core/../key.ui/examples/standard_key/strings/stringCompileTimeConstant1.key 
97553      INFO  main            d.u.i.k.p.i.AbstractProblemLoader Loading environment from /home/runner/work/key/key/key.core/../key.ui/examples/standard_key/strings/stringCompileTimeConstant1.key 
97554      DEBUG main            d.u.i.k.p.i.AbstractProblemLoader Environment load took 186.9ns 
97555      INFO  main            d.u.i.k.p.i.AbstractProblemLoader Creating init config 
99888      DEBUG main            d.u.i.k.p.i.AbstractProblemLoader Init config took 2.33s 
99901      INFO  main            d.u.i.k.p.i.AbstractProblemLoader Replaying proof stringCompileTimeConstant1.key 
99902      DEBUG main            d.u.i.k.p.i.IntermediateProofReplayer Proof replay took 8ns 
100004     INFO  main            d.u.i.k.p.r.p.TestFile    ... finished proof: closed. 
100225     INFO  main            d.u.i.k.p.i.AbstractProblemLoader Loading environment from /home/runner/work/key/key/key.core/../key.ui/examples/standard_key/strings/stringCompileTimeConstant1.key.proof 
100225     DEBUG main            d.u.i.k.p.i.AbstractProblemLoader Environment load took 108.2ns 
100226     INFO  main            d.u.i.k.p.i.AbstractProblemLoader Creating init config 
102532     DEBUG main            d.u.i.k.p.i.AbstractProblemLoader Init config took 2.31s 
102546     INFO  main            d.u.i.k.p.i.AbstractProblemLoader Replaying proof stringCompileTimeConstant1.key.proof 
102550     DEBUG main            d.u.i.k.p.i.IntermediateProofReplayer Proof replay took 2.72ms 
102551     DEBUG main            d.u.i.k.p.r.p.TestFile    ... success: reloaded. 
102552     INFO  main            d.u.i.k.p.r.p.TestFile    Now processing file /home/runner/work/key/key/key.core/../key.ui/examples/standard_key/strings/stringCompileTimeConstant2.key 
102552     INFO  main            d.u.i.k.p.i.AbstractProblemLoader Loading environment from /home/runner/work/key/key/key.core/../key.ui/examples/standard_key/strings/stringCompileTimeConstant2.key 
102552     DEBUG main            d.u.i.k.p.i.AbstractProblemLoader Environment load took 92.4ns 
102553     INFO  main            d.u.i.k.p.i.AbstractProblemLoader Creating init config 
105063     DEBUG main            d.u.i.k.p.i.AbstractProblemLoader Init config took 2.51s 
105076     INFO  main            d.u.i.k.p.i.AbstractProblemLoader Replaying proof stringCompileTimeConstant2.key 
105078     DEBUG main            d.u.i.k.p.i.IntermediateProofReplayer Proof replay took 6.8ns 
107743     INFO  main            d.u.i.k.p.r.p.TestFile    ... finished proof: closed. 
108018     INFO  main            d.u.i.k.p.i.AbstractProblemLoader Loading environment from /home/runner/work/key/key/key.core/../key.ui/examples/standard_key/strings/stringCompileTimeConstant2.key.proof 
108020     DEBUG main            d.u.i.k.p.i.AbstractProblemLoader Environment load took 2.65ms 
108022     INFO  main            d.u.i.k.p.i.AbstractProblemLoader Creating init config 
110474     DEBUG main            d.u.i.k.p.i.AbstractProblemLoader Init config took 2.45s 
110498     INFO  main            d.u.i.k.p.i.AbstractProblemLoader Replaying proof stringCompileTimeConstant2.key.proof 
110724     DEBUG main            d.u.i.k.p.i.IntermediateProofReplayer Proof replay took 216.55ms 
110726     DEBUG main            d.u.i.k.p.r.p.TestFile    ... success: reloaded. 
110727     INFO  main            d.u.i.k.p.r.p.TestFile    Now processing file /home/runner/work/key/key/key.core/../key.ui/examples/standard_key/strings/stringEquality1.key 
110728     INFO  main            d.u.i.k.p.i.AbstractProblemLoader Loading environment from /home/runner/work/key/key/key.core/../key.ui/examples/standard_key/strings/stringEquality1.key 
110728     DEBUG main            d.u.i.k.p.i.AbstractProblemLoader Environment load took 174.1ns 
110729     INFO  main            d.u.i.k.p.i.AbstractProblemLoader Creating init config 
113062     DEBUG main            d.u.i.k.p.i.AbstractProblemLoader Init config took 2.33s 
113075     INFO  main            d.u.i.k.p.i.AbstractProblemLoader Replaying proof stringEquality1.key 
113076     DEBUG main            d.u.i.k.p.i.IntermediateProofReplayer Proof replay took 7.7ns 
113179     INFO  main            d.u.i.k.p.r.p.TestFile    ... finished proof: closed. 
113457     INFO  main            d.u.i.k.p.i.AbstractProblemLoader Loading environment from /home/runner/work/key/key/key.core/../key.ui/examples/standard_key/strings/stringEquality1.key.proof 
113458     DEBUG main            d.u.i.k.p.i.AbstractProblemLoader Environment load took 125ns 
113459     INFO  main            d.u.i.k.p.i.AbstractProblemLoader Creating init config 
115755     DEBUG main            d.u.i.k.p.i.AbstractProblemLoader Init config took 2.3s 
115770     INFO  main            d.u.i.k.p.i.AbstractProblemLoader Replaying proof stringEquality1.key.proof 
115776     DEBUG main            d.u.i.k.p.i.IntermediateProofReplayer Proof replay took 4.13ms 
115777     DEBUG main            d.u.i.k.p.r.p.TestFile    ... success: reloaded. 
115778     INFO  main            d.u.i.k.p.r.p.TestFile    Now processing file /home/runner/work/key/key/key.core/../key.ui/examples/standard_key/strings/stringEquality2.key 
115778     INFO  main            d.u.i.k.p.i.AbstractProblemLoader Loading environment from /home/runner/work/key/key/key.core/../key.ui/examples/standard_key/strings/stringEquality2.key 
115778     DEBUG main            d.u.i.k.p.i.AbstractProblemLoader Environment load took 90.5ns 
115779     INFO  main            d.u.i.k.p.i.AbstractProblemLoader Creating init config 
118109     DEBUG main            d.u.i.k.p.i.AbstractProblemLoader Init config took 2.33s 
118123     INFO  main            d.u.i.k.p.i.AbstractProblemLoader Replaying proof stringEquality2.key 
118124     DEBUG main            d.u.i.k.p.i.IntermediateProofReplayer Proof replay took 8.1ns 
118530     INFO  main            d.u.i.k.p.r.p.TestFile    ... finished proof: closed. 
118793     INFO  main            d.u.i.k.p.i.AbstractProblemLoader Loading environment from /home/runner/work/key/key/key.core/../key.ui/examples/standard_key/strings/stringEquality2.key.proof 
118793     DEBUG main            d.u.i.k.p.i.AbstractProblemLoader Environment load took 344.5ns 
118795     INFO  main            d.u.i.k.p.i.AbstractProblemLoader Creating init config 
121071     DEBUG main            d.u.i.k.p.i.AbstractProblemLoader Init config took 2.28s 
121085     INFO  main            d.u.i.k.p.i.AbstractProblemLoader Replaying proof stringEquality2.key.proof 
121110     DEBUG main            d.u.i.k.p.i.IntermediateProofReplayer Proof replay took 19.54ms 
121111     DEBUG main            d.u.i.k.p.r.p.TestFile    ... success: reloaded. 
121114     INFO  main            d.u.i.k.p.r.p.TestFile    Now processing file /home/runner/work/key/key/key.core/../key.ui/examples/standard_key/strings/substring0.key 
121114     INFO  main            d.u.i.k.p.i.AbstractProblemLoader Loading environment from /home/runner/work/key/key/key.core/../key.ui/examples/standard_key/strings/substring0.key 
121114     DEBUG main            d.u.i.k.p.i.AbstractProblemLoader Environment load took 171.3ns 
121115     INFO  main            d.u.i.k.p.i.AbstractProblemLoader Creating init config 
123463     DEBUG main            d.u.i.k.p.i.AbstractProblemLoader Init config took 2.35s 
123476     INFO  main            d.u.i.k.p.i.AbstractProblemLoader Replaying proof substring0.key 
123477     DEBUG main            d.u.i.k.p.i.IntermediateProofReplayer Proof replay took 18.3ns 
123579     INFO  main            d.u.i.k.p.r.p.TestFile    ... finished proof: closed. 
123833     INFO  main            d.u.i.k.p.i.AbstractProblemLoader Loading environment from /home/runner/work/key/key/key.core/../key.ui/examples/standard_key/strings/substring0.key.proof 
123833     DEBUG main            d.u.i.k.p.i.AbstractProblemLoader Environment load took 108.8ns 
123836     INFO  main            d.u.i.k.p.i.AbstractProblemLoader Creating init config 
126127     DEBUG main            d.u.i.k.p.i.AbstractProblemLoader Init config took 2.29s 
126141     INFO  main            d.u.i.k.p.i.AbstractProblemLoader Replaying proof substring0.key.proof 
126143     DEBUG main            d.u.i.k.p.i.IntermediateProofReplayer Proof replay took 476.41ns 
126145     DEBUG main            d.u.i.k.p.r.p.TestFile    ... success: reloaded. 
126145     INFO  main            d.u.i.k.p.r.p.TestFile    Now processing file /home/runner/work/key/key/key.core/../key.ui/examples/standard_key/strings/substring1.key 
126146     INFO  main            d.u.i.k.p.i.AbstractProblemLoader Loading environment from /home/runner/work/key/key/key.core/../key.ui/examples/standard_key/strings/substring1.key 
126146     DEBUG main            d.u.i.k.p.i.AbstractProblemLoader Environment load took 177.1ns 
126147     INFO  main            d.u.i.k.p.i.AbstractProblemLoader Creating init config 
128507     DEBUG main            d.u.i.k.p.i.AbstractProblemLoader Init config took 2.36s 
128521     INFO  main            d.u.i.k.p.i.AbstractProblemLoader Replaying proof substring1.key 
128522     DEBUG main            d.u.i.k.p.i.IntermediateProofReplayer Proof replay took 7.9ns 
128624     INFO  main            d.u.i.k.p.r.p.TestFile    ... finished proof: closed. 
128872     INFO  main            d.u.i.k.p.i.AbstractProblemLoader Loading environment from /home/runner/work/key/key/key.core/../key.ui/examples/standard_key/strings/substring1.key.proof 
128872     DEBUG main            d.u.i.k.p.i.AbstractProblemLoader Environment load took 112.8ns 
128873     INFO  main            d.u.i.k.p.i.AbstractProblemLoader Creating init config 
131161     DEBUG main            d.u.i.k.p.i.AbstractProblemLoader Init config took 2.29s 
131174     INFO  main            d.u.i.k.p.i.AbstractProblemLoader Replaying proof substring1.key.proof 
131176     DEBUG main            d.u.i.k.p.i.IntermediateProofReplayer Proof replay took 493.61ns 
131177     DEBUG main            d.u.i.k.p.r.p.TestFile    ... success: reloaded. 
131177     INFO  main            d.u.i.k.p.r.p.TestFile    Now processing file /home/runner/work/key/key/key.core/../key.ui/examples/standard_key/strings/substring2.key 
131177     INFO  main            d.u.i.k.p.i.AbstractProblemLoader Loading environment from /home/runner/work/key/key/key.core/../key.ui/examples/standard_key/strings/substring2.key 
131177     DEBUG main            d.u.i.k.p.i.AbstractProblemLoader Environment load took 101.1ns 
131178     INFO  main            d.u.i.k.p.i.AbstractProblemLoader Creating init config 
133499     DEBUG main            d.u.i.k.p.i.AbstractProblemLoader Init config took 2.32s 
133512     INFO  main            d.u.i.k.p.i.AbstractProblemLoader Replaying proof substring2.key 
133513     DEBUG main            d.u.i.k.p.i.IntermediateProofReplayer Proof replay took 7.5ns 
133615     INFO  main            d.u.i.k.p.r.p.TestFile    ... finished proof: closed. 
133868     INFO  main            d.u.i.k.p.i.AbstractProblemLoader Loading environment from /home/runner/work/key/key/key.core/../key.ui/examples/standard_key/strings/substring2.key.proof 
133868     DEBUG main            d.u.i.k.p.i.AbstractProblemLoader Environment load took 109.5ns 
133869     INFO  main            d.u.i.k.p.i.AbstractProblemLoader Creating init config 
136149     DEBUG main            d.u.i.k.p.i.AbstractProblemLoader Init config took 2.28s 
136162     INFO  main            d.u.i.k.p.i.AbstractProblemLoader Replaying proof substring2.key.proof 
136164     DEBUG main            d.u.i.k.p.i.IntermediateProofReplayer Proof replay took 1.05ms 
136165     DEBUG main            d.u.i.k.p.r.p.TestFile    ... success: reloaded. 
136166     INFO  main            d.u.i.k.p.r.p.TestFile    Now processing file /home/runner/work/key/key/key.core/../key.ui/examples/standard_key/strings/substring3.key 
136166     INFO  main            d.u.i.k.p.i.AbstractProblemLoader Loading environment from /home/runner/work/key/key/key.core/../key.ui/examples/standard_key/strings/substring3.key 
136166     DEBUG main            d.u.i.k.p.i.AbstractProblemLoader Environment load took 67.5ns 
136167     INFO  main            d.u.i.k.p.i.AbstractProblemLoader Creating init config 
138541     DEBUG main            d.u.i.k.p.i.AbstractProblemLoader Init config took 2.37s 
138554     INFO  main            d.u.i.k.p.i.AbstractProblemLoader Replaying proof substring3.key 
138555     DEBUG main            d.u.i.k.p.i.IntermediateProofReplayer Proof replay took 7.5ns 
138660     INFO  main            d.u.i.k.p.r.p.TestFile    ... finished proof: closed. 
138920     INFO  main            d.u.i.k.p.i.AbstractProblemLoader Loading environment from /home/runner/work/key/key/key.core/../key.ui/examples/standard_key/strings/substring3.key.proof 
138920     DEBUG main            d.u.i.k.p.i.AbstractProblemLoader Environment load took 107.3ns 
138922     INFO  main            d.u.i.k.p.i.AbstractProblemLoader Creating init config 
141206     DEBUG main            d.u.i.k.p.i.AbstractProblemLoader Init config took 2.28s 
141220     INFO  main            d.u.i.k.p.i.AbstractProblemLoader Replaying proof substring3.key.proof 
141223     DEBUG main            d.u.i.k.p.i.IntermediateProofReplayer Proof replay took 1.64ms 
141224     DEBUG main            d.u.i.k.p.r.p.TestFile    ... success: reloaded. 
141224     INFO  main            d.u.i.k.p.r.p.TestFile    Now processing file /home/runner/work/key/key/key.core/../key.ui/examples/standard_key/strings/substring4.key 
141225     INFO  main            d.u.i.k.p.i.AbstractProblemLoader Loading environment from /home/runner/work/key/key/key.core/../key.ui/examples/standard_key/strings/substring4.key 
141225     DEBUG main            d.u.i.k.p.i.AbstractProblemLoader Environment load took 183.5ns 
141226     INFO  main            d.u.i.k.p.i.AbstractProblemLoader Creating init config 
143565     DEBUG main            d.u.i.k.p.i.AbstractProblemLoader Init config took 2.34s 
143578     INFO  main            d.u.i.k.p.i.AbstractProblemLoader Replaying proof substring4.key 
143579     DEBUG main            d.u.i.k.p.i.IntermediateProofReplayer Proof replay took 8.3ns 
143681     INFO  main            d.u.i.k.p.r.p.TestFile    ... finished proof: closed. 
143950     INFO  main            d.u.i.k.p.i.AbstractProblemLoader Loading environment from /home/runner/work/key/key/key.core/../key.ui/examples/standard_key/strings/substring4.key.proof 
143950     DEBUG main            d.u.i.k.p.i.AbstractProblemLoader Environment load took 102.2ns 
143951     INFO  main            d.u.i.k.p.i.AbstractProblemLoader Creating init config 
146227     DEBUG main            d.u.i.k.p.i.AbstractProblemLoader Init config took 2.28s 
146240     INFO  main            d.u.i.k.p.i.AbstractProblemLoader Replaying proof substring4.key.proof 
146244     DEBUG main            d.u.i.k.p.i.IntermediateProofReplayer Proof replay took 2.11ms 
146245     DEBUG main            d.u.i.k.p.r.p.TestFile    ... success: reloaded. 
146245     INFO  main            d.u.i.k.p.r.p.TestFile    Now processing file /home/runner/work/key/key/key.core/../key.ui/examples/standard_key/strings/substring5.key 
146245     INFO  main            d.u.i.k.p.i.AbstractProblemLoader Loading environment from /home/runner/work/key/key/key.core/../key.ui/examples/standard_key/strings/substring5.key 
146246     DEBUG main            d.u.i.k.p.i.AbstractProblemLoader Environment load took 85.9ns 
146246     INFO  main            d.u.i.k.p.i.AbstractProblemLoader Creating init config 
148561     DEBUG main            d.u.i.k.p.i.AbstractProblemLoader Init config took 2.31s 
148575     INFO  main            d.u.i.k.p.i.AbstractProblemLoader Replaying proof substring5.key 
148576     DEBUG main            d.u.i.k.p.i.IntermediateProofReplayer Proof replay took 8.2ns 
148879     INFO  main            d.u.i.k.p.r.p.TestFile    ... finished proof: closed. 
149161     INFO  main            d.u.i.k.p.i.AbstractProblemLoader Loading environment from /home/runner/work/key/key/key.core/../key.ui/examples/standard_key/strings/substring5.key.proof 
149161     DEBUG main            d.u.i.k.p.i.AbstractProblemLoader Environment load took 101.3ns 
149162     INFO  main            d.u.i.k.p.i.AbstractProblemLoader Creating init config 
151451     DEBUG main            d.u.i.k.p.i.AbstractProblemLoader Init config took 2.29s 
151465     INFO  main            d.u.i.k.p.i.AbstractProblemLoader Replaying proof substring5.key.proof 
151482     DEBUG main            d.u.i.k.p.i.IntermediateProofReplayer Proof replay took 13.38ms 
151483     DEBUG main            d.u.i.k.p.r.p.TestFile    ... success: reloaded. 
3964029    INFO  Test worker     d.u.i.k.p.r.RunAllProofsTestUnit Returning from test strings 
3964030    INFO  Test worker     d.u.i.k.p.r.RunAllProofsTestUnit Running test simple_info_flow 
309        INFO  Timeout watchdog d.u.i.k.p.r.p.ForkedTestFileRunner Timeout watcher launched (2000 secs.) 
324        WARN  main            d.u.i.k.s.ProofSettings   The settings in /home/runner/.key/proof-settings.props are *not* read. 
364        INFO  main            d.u.i.k.p.r.p.TestFile    Now processing file /home/runner/work/key/key/key.core/../key.ui/examples/heap/information_flow/UpdateAbstraction_ex7_1_insecure.key 
475        INFO  main            d.u.i.k.p.i.AbstractProblemLoader Loading environment from /home/runner/work/key/key/key.core/../key.ui/examples/heap/information_flow/UpdateAbstraction_ex7_1_insecure.key 
508        DEBUG main            d.u.i.k.p.i.AbstractProblemLoader Environment load took 2.03ms 
751        INFO  main            d.u.i.k.p.i.AbstractProblemLoader Creating init config 
1525       DEBUG main            d.u.i.k.j.TypeConverter   No LDT found for Meta 
1526       DEBUG main            d.u.i.k.j.TypeConverter   No LDT found for Meta 
1528       DEBUG main            d.u.i.k.j.TypeConverter   No LDT found for Meta 
1528       DEBUG main            d.u.i.k.j.TypeConverter   No LDT found for Meta 
3110       DEBUG main            d.u.i.k.j.TypeConverter   No LDT found for JavaBigintExpression 
8109       DEBUG main            d.u.i.k.p.i.AbstractProblemLoader Init config took 7.36s 
8234       INFO  main            d.u.i.k.p.i.AbstractProblemLoader Replaying proof UpdateAbstraction[UpdateAbstraction::ex7_1_insecure()].JML operation contract.0 
8267       DEBUG main            d.u.i.k.p.i.IntermediateProofReplayer Proof replay took 34.3ns 
8955       INFO  main            d.u.i.k.p.r.p.TestFile    ... finished proof: open goal(s) 
9073       INFO  main            d.u.i.k.p.r.p.TestFile    Now processing file /home/runner/work/key/key/key.core/../key.ui/examples/heap/information_flow/UpdateAbstraction_ex7_2_insecure.key 
9073       INFO  main            d.u.i.k.p.i.AbstractProblemLoader Loading environment from /home/runner/work/key/key/key.core/../key.ui/examples/heap/information_flow/UpdateAbstraction_ex7_2_insecure.key 
9074       DEBUG main            d.u.i.k.p.i.AbstractProblemLoader Environment load took 241.5ns 
9075       INFO  main            d.u.i.k.p.i.AbstractProblemLoader Creating init config 
12171      DEBUG main            d.u.i.k.p.i.AbstractProblemLoader Init config took 3.1s 
12264      INFO  main            d.u.i.k.p.i.AbstractProblemLoader Replaying proof UpdateAbstraction[UpdateAbstraction::ex7_2_insecure()].JML operation contract.0 
12267      DEBUG main            d.u.i.k.p.i.IntermediateProofReplayer Proof replay took 7.1ns 
12572      INFO  main            d.u.i.k.p.r.p.TestFile    ... finished proof: open goal(s) 
3976904    INFO  Test worker     d.u.i.k.p.r.RunAllProofsTestUnit Returning from test simple_info_flow 
3976905    INFO  Test worker     d.u.i.k.p.r.RunAllProofsTestUnit Running test modelMethods 
364        INFO  Timeout watchdog d.u.i.k.p.r.p.ForkedTestFileRunner Timeout watcher launched (2000 secs.) 
375        WARN  main            d.u.i.k.s.ProofSettings   The settings in /home/runner/.key/proof-settings.props are *not* read. 
420        INFO  main            d.u.i.k.p.r.p.TestFile    Now processing file /home/runner/work/key/key/key.core/../key.ui/examples/heap/model_methods/Cell_footprint_acc.key 
585        INFO  main            d.u.i.k.p.i.AbstractProblemLoader Loading environment from /home/runner/work/key/key/key.core/../key.ui/examples/heap/model_methods/Cell_footprint_acc.key 
615        DEBUG main            d.u.i.k.p.i.AbstractProblemLoader Environment load took 2.11ms 
862        INFO  main            d.u.i.k.p.i.AbstractProblemLoader Creating init config 
1778       DEBUG main            d.u.i.k.j.TypeConverter   No LDT found for Meta 
1779       DEBUG main            d.u.i.k.j.TypeConverter   No LDT found for Meta 
1785       DEBUG main            d.u.i.k.j.TypeConverter   No LDT found for Meta 
1786       DEBUG main            d.u.i.k.j.TypeConverter   No LDT found for Meta 
3395       DEBUG main            d.u.i.k.j.TypeConverter   No LDT found for JavaBigintExpression 
8901       DEBUG main            d.u.i.k.p.i.AbstractProblemLoader Init config took 8.04s 
9038       INFO  main            d.u.i.k.p.i.AbstractProblemLoader Replaying proof Cell[Cell::footprint()].JML accessible clause.0 
9073       DEBUG main            d.u.i.k.p.i.IntermediateProofReplayer Proof replay took 36.3ns 
9526       INFO  main            d.u.i.k.p.r.p.TestFile    ... finished proof: closed. 
9635       INFO  main            d.u.i.k.p.i.AbstractProblemLoader Loading environment from /home/runner/work/key/key/key.core/../key.ui/examples/heap/model_methods/Cell_footprint_acc.key.proof 
9635       DEBUG main            d.u.i.k.p.i.AbstractProblemLoader Environment load took 502.21ns 
9638       INFO  main            d.u.i.k.p.i.AbstractProblemLoader Creating init config 
12669      DEBUG main            d.u.i.k.p.i.AbstractProblemLoader Init config took 3.03s 
12755      INFO  main            d.u.i.k.p.i.AbstractProblemLoader Replaying proof Cell[Cell::footprint()].JML accessible clause.0 
12775      DEBUG main            d.u.i.k.p.i.IntermediateProofReplayer Proof replay took 14.98ms 
12782      DEBUG main            d.u.i.k.p.r.p.TestFile    ... success: reloaded. 
12783      INFO  main            d.u.i.k.p.r.p.TestFile    Now processing file /home/runner/work/key/key/key.core/../key.ui/examples/heap/model_methods/Cell_footprint.key 
12784      INFO  main            d.u.i.k.p.i.AbstractProblemLoader Loading environment from /home/runner/work/key/key/key.core/../key.ui/examples/heap/model_methods/Cell_footprint.key 
12784      DEBUG main            d.u.i.k.p.i.AbstractProblemLoader Environment load took 206.5ns 
12786      INFO  main            d.u.i.k.p.i.AbstractProblemLoader Creating init config 
15774      DEBUG main            d.u.i.k.p.i.AbstractProblemLoader Init config took 2.99s 
15873      INFO  main            d.u.i.k.p.i.AbstractProblemLoader Replaying proof Cell[Cell::footprint()].JML model_behavior operation contract.0 
15879      DEBUG main            d.u.i.k.p.i.IntermediateProofReplayer Proof replay took 7.8ns 
15982      INFO  main            d.u.i.k.p.r.p.TestFile    ... finished proof: closed. 
16120      INFO  main            d.u.i.k.p.i.AbstractProblemLoader Loading environment from /home/runner/work/key/key/key.core/../key.ui/examples/heap/model_methods/Cell_footprint.key.proof 
16120      DEBUG main            d.u.i.k.p.i.AbstractProblemLoader Environment load took 136.1ns 
16121      INFO  main            d.u.i.k.p.i.AbstractProblemLoader Creating init config 
18950      DEBUG main            d.u.i.k.p.i.AbstractProblemLoader Init config took 2.83s 
19014      INFO  main            d.u.i.k.p.i.AbstractProblemLoader Replaying proof Cell[Cell::footprint()].JML model_behavior operation contract.0 
19032      DEBUG main            d.u.i.k.p.i.IntermediateProofReplayer Proof replay took 12.49ms 
19033      DEBUG main            d.u.i.k.p.r.p.TestFile    ... success: reloaded. 
19035      INFO  main            d.u.i.k.p.r.p.TestFile    Now processing file /home/runner/work/key/key/key.core/../key.ui/examples/heap/model_methods/Cell_get_acc.key 
19035      INFO  main            d.u.i.k.p.i.AbstractProblemLoader Loading environment from /home/runner/work/key/key/key.core/../key.ui/examples/heap/model_methods/Cell_get_acc.key 
19036      DEBUG main            d.u.i.k.p.i.AbstractProblemLoader Environment load took 212.8ns 
19039      INFO  main            d.u.i.k.p.i.AbstractProblemLoader Creating init config 
21953      DEBUG main            d.u.i.k.p.i.AbstractProblemLoader Init config took 2.91s 
22004      INFO  main            d.u.i.k.p.i.AbstractProblemLoader Replaying proof Cell[Cell::get()].JML accessible clause.0 
22007      DEBUG main            d.u.i.k.p.i.IntermediateProofReplayer Proof replay took 6.2ns 
22213      INFO  main            d.u.i.k.p.r.p.TestFile    ... finished proof: closed. 
22374      INFO  main            d.u.i.k.p.i.AbstractProblemLoader Loading environment from /home/runner/work/key/key/key.core/../key.ui/examples/heap/model_methods/Cell_get_acc.key.proof 
22377      DEBUG main            d.u.i.k.p.i.AbstractProblemLoader Environment load took 2.09ms 
22378      INFO  main            d.u.i.k.p.i.AbstractProblemLoader Creating init config 
25187      DEBUG main            d.u.i.k.p.i.AbstractProblemLoader Init config took 2.81s 
25237      INFO  main            d.u.i.k.p.i.AbstractProblemLoader Replaying proof Cell[Cell::get()].JML accessible clause.0 
25272      DEBUG main            d.u.i.k.p.i.IntermediateProofReplayer Proof replay took 32.01ms 
25273      DEBUG main            d.u.i.k.p.r.p.TestFile    ... success: reloaded. 
25274      INFO  main            d.u.i.k.p.r.p.TestFile    Now processing file /home/runner/work/key/key/key.core/../key.ui/examples/heap/model_methods/Cell_get.key 
25275      INFO  main            d.u.i.k.p.i.AbstractProblemLoader Loading environment from /home/runner/work/key/key/key.core/../key.ui/examples/heap/model_methods/Cell_get.key 
25275      DEBUG main            d.u.i.k.p.i.AbstractProblemLoader Environment load took 178.2ns 
25276      INFO  main            d.u.i.k.p.i.AbstractProblemLoader Creating init config 
28092      DEBUG main            d.u.i.k.p.i.AbstractProblemLoader Init config took 2.82s 
28142      INFO  main            d.u.i.k.p.i.AbstractProblemLoader Replaying proof Cell[Cell::get()].JML operation contract.0 
28145      DEBUG main            d.u.i.k.p.i.IntermediateProofReplayer Proof replay took 6.2ns 
28247      INFO  main            d.u.i.k.p.r.p.TestFile    ... finished proof: closed. 
28399      INFO  main            d.u.i.k.p.i.AbstractProblemLoader Loading environment from /home/runner/work/key/key/key.core/../key.ui/examples/heap/model_methods/Cell_get.key.proof 
28399      DEBUG main            d.u.i.k.p.i.AbstractProblemLoader Environment load took 137.8ns 
28400      INFO  main            d.u.i.k.p.i.AbstractProblemLoader Creating init config 
31160      DEBUG main            d.u.i.k.p.i.AbstractProblemLoader Init config took 2.76s 
31218      INFO  main            d.u.i.k.p.i.AbstractProblemLoader Replaying proof Cell[Cell::get()].JML operation contract.0 
31252      DEBUG main            d.u.i.k.p.i.IntermediateProofReplayer Proof replay took 31.59ms 
31253      DEBUG main            d.u.i.k.p.r.p.TestFile    ... success: reloaded. 
31255      INFO  main            d.u.i.k.p.r.p.TestFile    Now processing file /home/runner/work/key/key/key.core/../key.ui/examples/heap/model_methods/Cell_post_set.key 
31256      INFO  main            d.u.i.k.p.i.AbstractProblemLoader Loading environment from /home/runner/work/key/key/key.core/../key.ui/examples/heap/model_methods/Cell_post_set.key 
31256      DEBUG main            d.u.i.k.p.i.AbstractProblemLoader Environment load took 181.6ns 
31259      INFO  main            d.u.i.k.p.i.AbstractProblemLoader Creating init config 
34076      DEBUG main            d.u.i.k.p.i.AbstractProblemLoader Init config took 2.82s 
34140      INFO  main            d.u.i.k.p.i.AbstractProblemLoader Replaying proof Cell[Cell::post_set(int)].JML model_behavior operation contract.0 
34142      DEBUG main            d.u.i.k.p.i.IntermediateProofReplayer Proof replay took 7.2ns 
34246      INFO  main            d.u.i.k.p.r.p.TestFile    ... finished proof: closed. 
34398      INFO  main            d.u.i.k.p.i.AbstractProblemLoader Loading environment from /home/runner/work/key/key/key.core/../key.ui/examples/heap/model_methods/Cell_post_set.key.proof 
34398      DEBUG main            d.u.i.k.p.i.AbstractProblemLoader Environment load took 128.9ns 
34399      INFO  main            d.u.i.k.p.i.AbstractProblemLoader Creating init config 
37136      DEBUG main            d.u.i.k.p.i.AbstractProblemLoader Init config took 2.74s 
37184      INFO  main            d.u.i.k.p.i.AbstractProblemLoader Replaying proof Cell[Cell::post_set(int)].JML model_behavior operation contract.0 
37191      DEBUG main            d.u.i.k.p.i.IntermediateProofReplayer Proof replay took 5.09ms 
37192      DEBUG main            d.u.i.k.p.r.p.TestFile    ... success: reloaded. 
37193      INFO  main            d.u.i.k.p.r.p.TestFile    Now processing file /home/runner/work/key/key/key.core/../key.ui/examples/heap/model_methods/Cell_set.key 
37194      INFO  main            d.u.i.k.p.i.AbstractProblemLoader Loading environment from /home/runner/work/key/key/key.core/../key.ui/examples/heap/model_methods/Cell_set.key 
37194      DEBUG main            d.u.i.k.p.i.AbstractProblemLoader Environment load took 205ns 
37195      INFO  main            d.u.i.k.p.i.AbstractProblemLoader Creating init config 
39978      DEBUG main            d.u.i.k.p.i.AbstractProblemLoader Init config took 2.78s 
40024      INFO  main            d.u.i.k.p.i.AbstractProblemLoader Replaying proof Cell[Cell::set(int)].JML operation contract.0 
40026      DEBUG main            d.u.i.k.p.i.IntermediateProofReplayer Proof replay took 7.3ns 
46717      INFO  main            d.u.i.k.p.r.p.TestFile    ... finished proof: closed. 
46923      INFO  main            d.u.i.k.p.i.AbstractProblemLoader Loading environment from /home/runner/work/key/key/key.core/../key.ui/examples/heap/model_methods/Cell_set.key.proof 
46923      DEBUG main            d.u.i.k.p.i.AbstractProblemLoader Environment load took 385.61ns 
46925      INFO  main            d.u.i.k.p.i.AbstractProblemLoader Creating init config 
49721      DEBUG main            d.u.i.k.p.i.AbstractProblemLoader Init config took 2.8s 
49779      INFO  main            d.u.i.k.p.i.AbstractProblemLoader Replaying proof Cell[Cell::set(int)].JML operation contract.0 
50251      DEBUG main            d.u.i.k.p.i.IntermediateProofReplayer Proof replay took 456.17ms 
50252      DEBUG main            d.u.i.k.p.r.p.TestFile    ... success: reloaded. 
50254      INFO  main            d.u.i.k.p.r.p.TestFile    Now processing file /home/runner/work/key/key/key.core/../key.ui/examples/heap/model_methods/CellTest_callSet.key 
50254      INFO  main            d.u.i.k.p.i.AbstractProblemLoader Loading environment from /home/runner/work/key/key/key.core/../key.ui/examples/heap/model_methods/CellTest_callSet.key 
50254      DEBUG main            d.u.i.k.p.i.AbstractProblemLoader Environment load took 108.9ns 
50255      INFO  main            d.u.i.k.p.i.AbstractProblemLoader Creating init config 
53009      DEBUG main            d.u.i.k.p.i.AbstractProblemLoader Init config took 2.75s 
53055      INFO  main            d.u.i.k.p.i.AbstractProblemLoader Replaying proof CellTest[CellTest::callSet(Cell,int)].JML operation contract.0 
53057      DEBUG main            d.u.i.k.p.i.IntermediateProofReplayer Proof replay took 6.2ns 
53263      INFO  main            d.u.i.k.p.r.p.TestFile    ... finished proof: closed. 
53440      INFO  main            d.u.i.k.p.i.AbstractProblemLoader Loading environment from /home/runner/work/key/key/key.core/../key.ui/examples/heap/model_methods/CellTest_callSet.key.proof 
53440      DEBUG main            d.u.i.k.p.i.AbstractProblemLoader Environment load took 127ns 
53442      INFO  main            d.u.i.k.p.i.AbstractProblemLoader Creating init config 
56139      DEBUG main            d.u.i.k.p.i.AbstractProblemLoader Init config took 2.7s 
56183      INFO  main            d.u.i.k.p.i.AbstractProblemLoader Replaying proof CellTest[CellTest::callSet(Cell,int)].JML operation contract.0 
56222      DEBUG main            d.u.i.k.p.i.IntermediateProofReplayer Proof replay took 36.79ms 
56224      DEBUG main            d.u.i.k.p.r.p.TestFile    ... success: reloaded. 
56225      INFO  main            d.u.i.k.p.r.p.TestFile    Now processing file /home/runner/work/key/key/key.core/../key.ui/examples/heap/model_methods/CellTest_test2.key 
56225      INFO  main            d.u.i.k.p.i.AbstractProblemLoader Loading environment from /home/runner/work/key/key/key.core/../key.ui/examples/heap/model_methods/CellTest_test2.key 
56225      DEBUG main            d.u.i.k.p.i.AbstractProblemLoader Environment load took 91.2ns 
56226      INFO  main            d.u.i.k.p.i.AbstractProblemLoader Creating init config 
58952      DEBUG main            d.u.i.k.p.i.AbstractProblemLoader Init config took 2.73s 
59011      INFO  main            d.u.i.k.p.i.AbstractProblemLoader Replaying proof CellTest[CellTest::test2(Cell)].JML operation contract.0 
59013      DEBUG main            d.u.i.k.p.i.IntermediateProofReplayer Proof replay took 6.6ns 
59316      INFO  main            d.u.i.k.p.r.p.TestFile    ... finished proof: closed. 
59500      INFO  main            d.u.i.k.p.i.AbstractProblemLoader Loading environment from /home/runner/work/key/key/key.core/../key.ui/examples/heap/model_methods/CellTest_test2.key.proof 
59501      DEBUG main            d.u.i.k.p.i.AbstractProblemLoader Environment load took 795.81ns 
59502      INFO  main            d.u.i.k.p.i.AbstractProblemLoader Creating init config 
62193      DEBUG main            d.u.i.k.p.i.AbstractProblemLoader Init config took 2.69s 
62236      INFO  main            d.u.i.k.p.i.AbstractProblemLoader Replaying proof CellTest[CellTest::test2(Cell)].JML operation contract.0 
62302      DEBUG main            d.u.i.k.p.i.IntermediateProofReplayer Proof replay took 63.22ms 
62303      DEBUG main            d.u.i.k.p.r.p.TestFile    ... success: reloaded. 
62304      INFO  main            d.u.i.k.p.r.p.TestFile    Now processing file /home/runner/work/key/key/key.core/../key.ui/examples/heap/model_methods/CellTest_test.key 
62304      INFO  main            d.u.i.k.p.i.AbstractProblemLoader Loading environment from /home/runner/work/key/key/key.core/../key.ui/examples/heap/model_methods/CellTest_test.key 
62304      DEBUG main            d.u.i.k.p.i.AbstractProblemLoader Environment load took 161.3ns 
62305      INFO  main            d.u.i.k.p.i.AbstractProblemLoader Creating init config 
65030      DEBUG main            d.u.i.k.p.i.AbstractProblemLoader Init config took 2.72s 
65072      INFO  main            d.u.i.k.p.i.AbstractProblemLoader Replaying proof CellTest[CellTest::test(Recell)].JML operation contract.0 
65073      DEBUG main            d.u.i.k.p.i.IntermediateProofReplayer Proof replay took 6.7ns 
66990      INFO  main            d.u.i.k.p.r.p.TestFile    ... finished proof: closed. 
67210      INFO  main            d.u.i.k.p.i.AbstractProblemLoader Loading environment from /home/runner/work/key/key/key.core/../key.ui/examples/heap/model_methods/CellTest_test.key.proof 
67210      DEBUG main            d.u.i.k.p.i.AbstractProblemLoader Environment load took 370.9ns 
67212      INFO  main            d.u.i.k.p.i.AbstractProblemLoader Creating init config 
69871      DEBUG main            d.u.i.k.p.i.AbstractProblemLoader Init config took 2.66s 
69929      INFO  main            d.u.i.k.p.i.AbstractProblemLoader Replaying proof CellTest[CellTest::test(Recell)].JML operation contract.0 
70323      DEBUG main            d.u.i.k.p.i.IntermediateProofReplayer Proof replay took 377.4ms 
70324      DEBUG main            d.u.i.k.p.r.p.TestFile    ... success: reloaded. 
70325      INFO  main            d.u.i.k.p.r.p.TestFile    Now processing file /home/runner/work/key/key/key.core/../key.ui/examples/heap/model_methods/Coll1_add.key 
70326      INFO  main            d.u.i.k.p.i.AbstractProblemLoader Loading environment from /home/runner/work/key/key/key.core/../key.ui/examples/heap/model_methods/Coll1_add.key 
70326      DEBUG main            d.u.i.k.p.i.AbstractProblemLoader Environment load took 198.8ns 
70327      INFO  main            d.u.i.k.p.i.AbstractProblemLoader Creating init config 
73062      DEBUG main            d.u.i.k.p.i.AbstractProblemLoader Init config took 2.73s 
73104      INFO  main            d.u.i.k.p.i.AbstractProblemLoader Replaying proof Coll1[Coll::add(int)].JML operation contract.0 
73105      DEBUG main            d.u.i.k.p.i.IntermediateProofReplayer Proof replay took 7.1ns 
73207      INFO  main            d.u.i.k.p.r.p.TestFile    ... finished proof: closed. 
73404      INFO  main            d.u.i.k.p.i.AbstractProblemLoader Loading environment from /home/runner/work/key/key/key.core/../key.ui/examples/heap/model_methods/Coll1_add.key.proof 
73405      DEBUG main            d.u.i.k.p.i.AbstractProblemLoader Environment load took 123ns 
73406      INFO  main            d.u.i.k.p.i.AbstractProblemLoader Creating init config 
76089      DEBUG main            d.u.i.k.p.i.AbstractProblemLoader Init config took 2.68s 
76131      INFO  main            d.u.i.k.p.i.AbstractProblemLoader Replaying proof Coll1[Coll::add(int)].JML operation contract.0 
76139      DEBUG main            d.u.i.k.p.i.IntermediateProofReplayer Proof replay took 6.57ms 
76140      DEBUG main            d.u.i.k.p.r.p.TestFile    ... success: reloaded. 
76141      INFO  main            d.u.i.k.p.r.p.TestFile    Now processing file /home/runner/work/key/key/key.core/../key.ui/examples/heap/model_methods/Coll1_Coll1_add_pre.key 
76141      INFO  main            d.u.i.k.p.i.AbstractProblemLoader Loading environment from /home/runner/work/key/key/key.core/../key.ui/examples/heap/model_methods/Coll1_Coll1_add_pre.key 
76141      DEBUG main            d.u.i.k.p.i.AbstractProblemLoader Environment load took 143.3ns 
76142      INFO  main            d.u.i.k.p.i.AbstractProblemLoader Creating init config 
78861      DEBUG main            d.u.i.k.p.i.AbstractProblemLoader Init config took 2.72s 
78901      INFO  main            d.u.i.k.p.i.AbstractProblemLoader Replaying proof Coll1[Coll1::add_pre(int)].JML model_behavior operation contract.0 
78903      DEBUG main            d.u.i.k.p.i.IntermediateProofReplayer Proof replay took 7.6ns 
79005      INFO  main            d.u.i.k.p.r.p.TestFile    ... finished proof: closed. 
79196      INFO  main            d.u.i.k.p.i.AbstractProblemLoader Loading environment from /home/runner/work/key/key/key.core/../key.ui/examples/heap/model_methods/Coll1_Coll1_add_pre.key.proof 
79197      DEBUG main            d.u.i.k.p.i.AbstractProblemLoader Environment load took 125.8ns 
79198      INFO  main            d.u.i.k.p.i.AbstractProblemLoader Creating init config 
81843      DEBUG main            d.u.i.k.p.i.AbstractProblemLoader Init config took 2.65s 
81883      INFO  main            d.u.i.k.p.i.AbstractProblemLoader Replaying proof Coll1[Coll1::add_pre(int)].JML model_behavior operation contract.0 
81886      DEBUG main            d.u.i.k.p.i.IntermediateProofReplayer Proof replay took 1.34ms 
81887      DEBUG main            d.u.i.k.p.r.p.TestFile    ... success: reloaded. 
81888      INFO  main            d.u.i.k.p.r.p.TestFile    Now processing file /home/runner/work/key/key/key.core/../key.ui/examples/heap/model_methods/Coll1_Coll_add_pre.key 
81889      INFO  main            d.u.i.k.p.i.AbstractProblemLoader Loading environment from /home/runner/work/key/key/key.core/../key.ui/examples/heap/model_methods/Coll1_Coll_add_pre.key 
81889      DEBUG main            d.u.i.k.p.i.AbstractProblemLoader Environment load took 78.2ns 
81890      INFO  main            d.u.i.k.p.i.AbstractProblemLoader Creating init config 
84623      DEBUG main            d.u.i.k.p.i.AbstractProblemLoader Init config took 2.73s 
84663      INFO  main            d.u.i.k.p.i.AbstractProblemLoader Replaying proof Coll1[Coll::add_pre(int)].JML model_behavior operation contract.0 
84664      DEBUG main            d.u.i.k.p.i.IntermediateProofReplayer Proof replay took 6.2ns 
84766      INFO  main            d.u.i.k.p.r.p.TestFile    ... finished proof: closed. 
84962      INFO  main            d.u.i.k.p.i.AbstractProblemLoader Loading environment from /home/runner/work/key/key/key.core/../key.ui/examples/heap/model_methods/Coll1_Coll_add_pre.key.proof 
84962      DEBUG main            d.u.i.k.p.i.AbstractProblemLoader Environment load took 130.1ns 
84963      INFO  main            d.u.i.k.p.i.AbstractProblemLoader Creating init config 
87603      DEBUG main            d.u.i.k.p.i.AbstractProblemLoader Init config took 2.64s 
87655      INFO  main            d.u.i.k.p.i.AbstractProblemLoader Replaying proof Coll1[Coll::add_pre(int)].JML model_behavior operation contract.0 
87659      DEBUG main            d.u.i.k.p.i.IntermediateProofReplayer Proof replay took 2ms 
87660      DEBUG main            d.u.i.k.p.r.p.TestFile    ... success: reloaded. 
87661      INFO  main            d.u.i.k.p.r.p.TestFile    Now processing file /home/runner/work/key/key/key.core/../key.ui/examples/heap/model_methods/Coll2_add.key 
87661      INFO  main            d.u.i.k.p.i.AbstractProblemLoader Loading environment from /home/runner/work/key/key/key.core/../key.ui/examples/heap/model_methods/Coll2_add.key 
87661      DEBUG main            d.u.i.k.p.i.AbstractProblemLoader Environment load took 98.2ns 
87662      INFO  main            d.u.i.k.p.i.AbstractProblemLoader Creating init config 
90338      DEBUG main            d.u.i.k.p.i.AbstractProblemLoader Init config took 2.68s 
90379      INFO  main            d.u.i.k.p.i.AbstractProblemLoader Replaying proof Coll2[Coll::add(int)].JML operation contract.0 
90381      DEBUG main            d.u.i.k.p.i.IntermediateProofReplayer Proof replay took 7.1ns 
90486      INFO  main            d.u.i.k.p.r.p.TestFile    ... finished proof: closed. 
90686      INFO  main            d.u.i.k.p.i.AbstractProblemLoader Loading environment from /home/runner/work/key/key/key.core/../key.ui/examples/heap/model_methods/Coll2_add.key.proof 
90686      DEBUG main            d.u.i.k.p.i.AbstractProblemLoader Environment load took 119.2ns 
90687      INFO  main            d.u.i.k.p.i.AbstractProblemLoader Creating init config 
93323      DEBUG main            d.u.i.k.p.i.AbstractProblemLoader Init config took 2.64s 
93379      INFO  main            d.u.i.k.p.i.AbstractProblemLoader Replaying proof Coll2[Coll::add(int)].JML operation contract.0 
93390      DEBUG main            d.u.i.k.p.i.IntermediateProofReplayer Proof replay took 6.41ms 
93391      DEBUG main            d.u.i.k.p.r.p.TestFile    ... success: reloaded. 
93392      INFO  main            d.u.i.k.p.r.p.TestFile    Now processing file /home/runner/work/key/key/key.core/../key.ui/examples/heap/model_methods/Coll2_Coll2_add_pre.key 
93392      INFO  main            d.u.i.k.p.i.AbstractProblemLoader Loading environment from /home/runner/work/key/key/key.core/../key.ui/examples/heap/model_methods/Coll2_Coll2_add_pre.key 
93393      DEBUG main            d.u.i.k.p.i.AbstractProblemLoader Environment load took 183.1ns 
93394      INFO  main            d.u.i.k.p.i.AbstractProblemLoader Creating init config 
96092      DEBUG main            d.u.i.k.p.i.AbstractProblemLoader Init config took 2.7s 
96133      INFO  main            d.u.i.k.p.i.AbstractProblemLoader Replaying proof Coll2[Coll2::add_pre(int)].JML model_behavior operation contract.0 
96134      DEBUG main            d.u.i.k.p.i.IntermediateProofReplayer Proof replay took 6.3ns 
96236      INFO  main            d.u.i.k.p.r.p.TestFile    ... finished proof: closed. 
96449      INFO  main            d.u.i.k.p.i.AbstractProblemLoader Loading environment from /home/runner/work/key/key/key.core/../key.ui/examples/heap/model_methods/Coll2_Coll2_add_pre.key.proof 
96449      DEBUG main            d.u.i.k.p.i.AbstractProblemLoader Environment load took 119.3ns 
96450      INFO  main            d.u.i.k.p.i.AbstractProblemLoader Creating init config 
99111      DEBUG main            d.u.i.k.p.i.AbstractProblemLoader Init config took 2.66s 
99149      INFO  main            d.u.i.k.p.i.AbstractProblemLoader Replaying proof Coll2[Coll2::add_pre(int)].JML model_behavior operation contract.0 
99152      DEBUG main            d.u.i.k.p.i.IntermediateProofReplayer Proof replay took 1.46ms 
99153      DEBUG main            d.u.i.k.p.r.p.TestFile    ... success: reloaded. 
99154      INFO  main            d.u.i.k.p.r.p.TestFile    Now processing file /home/runner/work/key/key/key.core/../key.ui/examples/heap/model_methods/Coll2_Coll_add_pre.key 
99154      INFO  main            d.u.i.k.p.i.AbstractProblemLoader Loading environment from /home/runner/work/key/key/key.core/../key.ui/examples/heap/model_methods/Coll2_Coll_add_pre.key 
99155      DEBUG main            d.u.i.k.p.i.AbstractProblemLoader Environment load took 179.5ns 
99156      INFO  main            d.u.i.k.p.i.AbstractProblemLoader Creating init config 
101813     DEBUG main            d.u.i.k.p.i.AbstractProblemLoader Init config took 2.66s 
101853     INFO  main            d.u.i.k.p.i.AbstractProblemLoader Replaying proof Coll2[Coll::add_pre(int)].JML model_behavior operation contract.0 
101857     DEBUG main            d.u.i.k.p.i.IntermediateProofReplayer Proof replay took 6.2ns 
101959     INFO  main            d.u.i.k.p.r.p.TestFile    ... finished proof: closed. 
102178     INFO  main            d.u.i.k.p.i.AbstractProblemLoader Loading environment from /home/runner/work/key/key/key.core/../key.ui/examples/heap/model_methods/Coll2_Coll_add_pre.key.proof 
102178     DEBUG main            d.u.i.k.p.i.AbstractProblemLoader Environment load took 129.3ns 
102179     INFO  main            d.u.i.k.p.i.AbstractProblemLoader Creating init config 
104816     DEBUG main            d.u.i.k.p.i.AbstractProblemLoader Init config took 2.64s 
104855     INFO  main            d.u.i.k.p.i.AbstractProblemLoader Replaying proof Coll2[Coll::add_pre(int)].JML model_behavior operation contract.0 
104859     DEBUG main            d.u.i.k.p.i.IntermediateProofReplayer Proof replay took 1.92ms 
104859     DEBUG main            d.u.i.k.p.r.p.TestFile    ... success: reloaded. 
104861     INFO  main            d.u.i.k.p.r.p.TestFile    Now processing file /home/runner/work/key/key/key.core/../key.ui/examples/heap/model_methods/Coll_add.key 
104861     INFO  main            d.u.i.k.p.i.AbstractProblemLoader Loading environment from /home/runner/work/key/key/key.core/../key.ui/examples/heap/model_methods/Coll_add.key 
104861     DEBUG main            d.u.i.k.p.i.AbstractProblemLoader Environment load took 92.7ns 
104862     INFO  main            d.u.i.k.p.i.AbstractProblemLoader Creating init config 
107589     DEBUG main            d.u.i.k.p.i.AbstractProblemLoader Init config took 2.73s 
107629     INFO  main            d.u.i.k.p.i.AbstractProblemLoader Replaying proof Coll[Coll::add(int)].JML operation contract.0 
107630     DEBUG main            d.u.i.k.p.i.IntermediateProofReplayer Proof replay took 6.6ns 
107733     INFO  main            d.u.i.k.p.r.p.TestFile    ... finished proof: closed. 
107965     INFO  main            d.u.i.k.p.i.AbstractProblemLoader Loading environment from /home/runner/work/key/key/key.core/../key.ui/examples/heap/model_methods/Coll_add.key.proof 
107966     DEBUG main            d.u.i.k.p.i.AbstractProblemLoader Environment load took 145.4ns 
107966     INFO  main            d.u.i.k.p.i.AbstractProblemLoader Creating init config 
110602     DEBUG main            d.u.i.k.p.i.AbstractProblemLoader Init config took 2.64s 
110640     INFO  main            d.u.i.k.p.i.AbstractProblemLoader Replaying proof Coll[Coll::add(int)].JML operation contract.0 
110644     DEBUG main            d.u.i.k.p.i.IntermediateProofReplayer Proof replay took 1.83ms 
110645     DEBUG main            d.u.i.k.p.r.p.TestFile    ... success: reloaded. 
110645     INFO  main            d.u.i.k.p.r.p.TestFile    Now processing file /home/runner/work/key/key/key.core/../key.ui/examples/heap/model_methods/Coll_add_pre.key 
110646     INFO  main            d.u.i.k.p.i.AbstractProblemLoader Loading environment from /home/runner/work/key/key/key.core/../key.ui/examples/heap/model_methods/Coll_add_pre.key 
110646     DEBUG main            d.u.i.k.p.i.AbstractProblemLoader Environment load took 88ns 
110647     INFO  main            d.u.i.k.p.i.AbstractProblemLoader Creating init config 
113351     DEBUG main            d.u.i.k.p.i.AbstractProblemLoader Init config took 2.7s 
113391     INFO  main            d.u.i.k.p.i.AbstractProblemLoader Replaying proof Coll[Coll::add_pre(int)].JML model_behavior operation contract.0 
113393     DEBUG main            d.u.i.k.p.i.IntermediateProofReplayer Proof replay took 7ns 
113498     INFO  main            d.u.i.k.p.r.p.TestFile    ... finished proof: closed. 
113739     INFO  main            d.u.i.k.p.i.AbstractProblemLoader Loading environment from /home/runner/work/key/key/key.core/../key.ui/examples/heap/model_methods/Coll_add_pre.key.proof 
113739     DEBUG main            d.u.i.k.p.i.AbstractProblemLoader Environment load took 309.1ns 
113740     INFO  main            d.u.i.k.p.i.AbstractProblemLoader Creating init config 
116347     DEBUG main            d.u.i.k.p.i.AbstractProblemLoader Init config took 2.61s 
116385     INFO  main            d.u.i.k.p.i.AbstractProblemLoader Replaying proof Coll[Coll::add_pre(int)].JML model_behavior operation contract.0 
116389     DEBUG main            d.u.i.k.p.i.IntermediateProofReplayer Proof replay took 2.13ms 
116389     DEBUG main            d.u.i.k.p.r.p.TestFile    ... success: reloaded. 
116390     INFO  main            d.u.i.k.p.r.p.TestFile    Now processing file /home/runner/work/key/key/key.core/../key.ui/examples/heap/model_methods/Indirect_callAdd.key 
116391     INFO  main            d.u.i.k.p.i.AbstractProblemLoader Loading environment from /home/runner/work/key/key/key.core/../key.ui/examples/heap/model_methods/Indirect_callAdd.key 
116391     DEBUG main            d.u.i.k.p.i.AbstractProblemLoader Environment load took 97.4ns 
116391     INFO  main            d.u.i.k.p.i.AbstractProblemLoader Creating init config 
119117     DEBUG main            d.u.i.k.p.i.AbstractProblemLoader Init config took 2.73s 
119158     INFO  main            d.u.i.k.p.i.AbstractProblemLoader Replaying proof Indirect[Indirect::callAdd(Coll,int)].JML operation contract.0 
119159     DEBUG main            d.u.i.k.p.i.IntermediateProofReplayer Proof replay took 7.5ns 
119261     INFO  main            d.u.i.k.p.r.p.TestFile    ... finished proof: closed. 
119517     INFO  main            d.u.i.k.p.i.AbstractProblemLoader Loading environment from /home/runner/work/key/key/key.core/../key.ui/examples/heap/model_methods/Indirect_callAdd.key.proof 
119517     DEBUG main            d.u.i.k.p.i.AbstractProblemLoader Environment load took 111.5ns 
119518     INFO  main            d.u.i.k.p.i.AbstractProblemLoader Creating init config 
122114     DEBUG main            d.u.i.k.p.i.AbstractProblemLoader Init config took 2.6s 
122165     INFO  main            d.u.i.k.p.i.AbstractProblemLoader Replaying proof Indirect[Indirect::callAdd(Coll,int)].JML operation contract.0 
122190     DEBUG main            d.u.i.k.p.i.IntermediateProofReplayer Proof replay took 21.75ms 
122191     DEBUG main            d.u.i.k.p.r.p.TestFile    ... success: reloaded. 
122195     INFO  main            d.u.i.k.p.r.p.TestFile    Now processing file /home/runner/work/key/key/key.core/../key.ui/examples/heap/model_methods/Indirect_test.key 
122195     INFO  main            d.u.i.k.p.i.AbstractProblemLoader Loading environment from /home/runner/work/key/key/key.core/../key.ui/examples/heap/model_methods/Indirect_test.key 
122195     DEBUG main            d.u.i.k.p.i.AbstractProblemLoader Environment load took 175.7ns 
122196     INFO  main            d.u.i.k.p.i.AbstractProblemLoader Creating init config 
124887     DEBUG main            d.u.i.k.p.i.AbstractProblemLoader Init config took 2.69s 
124925     INFO  main            d.u.i.k.p.i.AbstractProblemLoader Replaying proof Indirect[Indirect::test(Coll1,Coll2)].JML operation contract.0 
124926     DEBUG main            d.u.i.k.p.i.IntermediateProofReplayer Proof replay took 6.5ns 
125130     INFO  main            d.u.i.k.p.r.p.TestFile    ... finished proof: closed. 
125385     INFO  main            d.u.i.k.p.i.AbstractProblemLoader Loading environment from /home/runner/work/key/key/key.core/../key.ui/examples/heap/model_methods/Indirect_test.key.proof 
125385     DEBUG main            d.u.i.k.p.i.AbstractProblemLoader Environment load took 122.2ns 
125386     INFO  main            d.u.i.k.p.i.AbstractProblemLoader Creating init config 
127990     DEBUG main            d.u.i.k.p.i.AbstractProblemLoader Init config took 2.6s 
128028     INFO  main            d.u.i.k.p.i.AbstractProblemLoader Replaying proof Indirect[Indirect::test(Coll1,Coll2)].JML operation contract.0 
128077     DEBUG main            d.u.i.k.p.i.IntermediateProofReplayer Proof replay took 46.03ms 
128078     DEBUG main            d.u.i.k.p.r.p.TestFile    ... success: reloaded. 
128080     INFO  main            d.u.i.k.p.r.p.TestFile    Now processing file /home/runner/work/key/key/key.core/../key.ui/examples/heap/model_methods/Recell_Cell_footprint.key 
128080     INFO  main            d.u.i.k.p.i.AbstractProblemLoader Loading environment from /home/runner/work/key/key/key.core/../key.ui/examples/heap/model_methods/Recell_Cell_footprint.key 
128080     DEBUG main            d.u.i.k.p.i.AbstractProblemLoader Environment load took 191.9ns 
128081     INFO  main            d.u.i.k.p.i.AbstractProblemLoader Creating init config 
130789     DEBUG main            d.u.i.k.p.i.AbstractProblemLoader Init config took 2.71s 
130827     INFO  main            d.u.i.k.p.i.AbstractProblemLoader Replaying proof Recell[Cell::footprint()].JML model_behavior operation contract.0 
130828     DEBUG main            d.u.i.k.p.i.IntermediateProofReplayer Proof replay took 6.6ns 
130930     INFO  main            d.u.i.k.p.r.p.TestFile    ... finished proof: closed. 
131170     INFO  main            d.u.i.k.p.i.AbstractProblemLoader Loading environment from /home/runner/work/key/key/key.core/../key.ui/examples/heap/model_methods/Recell_Cell_footprint.key.proof 
131171     DEBUG main            d.u.i.k.p.i.AbstractProblemLoader Environment load took 111.6ns 
131171     INFO  main            d.u.i.k.p.i.AbstractProblemLoader Creating init config 
133781     DEBUG main            d.u.i.k.p.i.AbstractProblemLoader Init config took 2.61s 
133818     INFO  main            d.u.i.k.p.i.AbstractProblemLoader Replaying proof Recell[Cell::footprint()].JML model_behavior operation contract.0 
133822     DEBUG main            d.u.i.k.p.i.IntermediateProofReplayer Proof replay took 2.42ms 
133823     DEBUG main            d.u.i.k.p.r.p.TestFile    ... success: reloaded. 
133824     INFO  main            d.u.i.k.p.r.p.TestFile    Now processing file /home/runner/work/key/key/key.core/../key.ui/examples/heap/model_methods/Recell_Cell_post_set.key 
133824     INFO  main            d.u.i.k.p.i.AbstractProblemLoader Loading environment from /home/runner/work/key/key/key.core/../key.ui/examples/heap/model_methods/Recell_Cell_post_set.key 
133824     DEBUG main            d.u.i.k.p.i.AbstractProblemLoader Environment load took 90.7ns 
133825     INFO  main            d.u.i.k.p.i.AbstractProblemLoader Creating init config 
136492     DEBUG main            d.u.i.k.p.i.AbstractProblemLoader Init config took 2.67s 
136530     INFO  main            d.u.i.k.p.i.AbstractProblemLoader Replaying proof Recell[Cell::post_set(int)].JML model_behavior operation contract.0 
136532     DEBUG main            d.u.i.k.p.i.IntermediateProofReplayer Proof replay took 7.8ns 
136633     INFO  main            d.u.i.k.p.r.p.TestFile    ... finished proof: closed. 
136879     INFO  main            d.u.i.k.p.i.AbstractProblemLoader Loading environment from /home/runner/work/key/key/key.core/../key.ui/examples/heap/model_methods/Recell_Cell_post_set.key.proof 
136879     DEBUG main            d.u.i.k.p.i.AbstractProblemLoader Environment load took 115ns 
136880     INFO  main            d.u.i.k.p.i.AbstractProblemLoader Creating init config 
139496     DEBUG main            d.u.i.k.p.i.AbstractProblemLoader Init config took 2.62s 
139533     INFO  main            d.u.i.k.p.i.AbstractProblemLoader Replaying proof Recell[Cell::post_set(int)].JML model_behavior operation contract.0 
139538     DEBUG main            d.u.i.k.p.i.IntermediateProofReplayer Proof replay took 3.3ms 
139539     DEBUG main            d.u.i.k.p.r.p.TestFile    ... success: reloaded. 
139540     INFO  main            d.u.i.k.p.r.p.TestFile    Now processing file /home/runner/work/key/key/key.core/../key.ui/examples/heap/model_methods/Recell_footprint_acc.key 
139540     INFO  main            d.u.i.k.p.i.AbstractProblemLoader Loading environment from /home/runner/work/key/key/key.core/../key.ui/examples/heap/model_methods/Recell_footprint_acc.key 
139540     DEBUG main            d.u.i.k.p.i.AbstractProblemLoader Environment load took 89.9ns 
139541     INFO  main            d.u.i.k.p.i.AbstractProblemLoader Creating init config 
142198     DEBUG main            d.u.i.k.p.i.AbstractProblemLoader Init config took 2.66s 
142235     INFO  main            d.u.i.k.p.i.AbstractProblemLoader Replaying proof Recell[Cell::footprint()].JML accessible clause.0 
142237     DEBUG main            d.u.i.k.p.i.IntermediateProofReplayer Proof replay took 7.8ns 
142343     INFO  main            d.u.i.k.p.r.p.TestFile    ... finished proof: closed. 
142601     INFO  main            d.u.i.k.p.i.AbstractProblemLoader Loading environment from /home/runner/work/key/key/key.core/../key.ui/examples/heap/model_methods/Recell_footprint_acc.key.proof 
142601     DEBUG main            d.u.i.k.p.i.AbstractProblemLoader Environment load took 113.6ns 
142602     INFO  main            d.u.i.k.p.i.AbstractProblemLoader Creating init config 
145235     DEBUG main            d.u.i.k.p.i.AbstractProblemLoader Init config took 2.63s 
145272     INFO  main            d.u.i.k.p.i.AbstractProblemLoader Replaying proof Recell[Cell::footprint()].JML accessible clause.0 
145292     DEBUG main            d.u.i.k.p.i.IntermediateProofReplayer Proof replay took 18.08ms 
145293     DEBUG main            d.u.i.k.p.r.p.TestFile    ... success: reloaded. 
145294     INFO  main            d.u.i.k.p.r.p.TestFile    Now processing file /home/runner/work/key/key/key.core/../key.ui/examples/heap/model_methods/Recell_get_acc.key 
145294     INFO  main            d.u.i.k.p.i.AbstractProblemLoader Loading environment from /home/runner/work/key/key/key.core/../key.ui/examples/heap/model_methods/Recell_get_acc.key 
145294     DEBUG main            d.u.i.k.p.i.AbstractProblemLoader Environment load took 88.4ns 
145295     INFO  main            d.u.i.k.p.i.AbstractProblemLoader Creating init config 
147917     DEBUG main            d.u.i.k.p.i.AbstractProblemLoader Init config took 2.62s 
147971     INFO  main            d.u.i.k.p.i.AbstractProblemLoader Replaying proof Recell[Cell::get()].JML accessible clause.0 
147972     DEBUG main            d.u.i.k.p.i.IntermediateProofReplayer Proof replay took 6.5ns 
148074     INFO  main            d.u.i.k.p.r.p.TestFile    ... finished proof: closed. 
148367     INFO  main            d.u.i.k.p.i.AbstractProblemLoader Loading environment from /home/runner/work/key/key/key.core/../key.ui/examples/heap/model_methods/Recell_get_acc.key.proof 
148367     DEBUG main            d.u.i.k.p.i.AbstractProblemLoader Environment load took 110.9ns 
148368     INFO  main            d.u.i.k.p.i.AbstractProblemLoader Creating init config 
150974     DEBUG main            d.u.i.k.p.i.AbstractProblemLoader Init config took 2.61s 
151011     INFO  main            d.u.i.k.p.i.AbstractProblemLoader Replaying proof Recell[Cell::get()].JML accessible clause.0 
151028     DEBUG main            d.u.i.k.p.i.IntermediateProofReplayer Proof replay took 14.51ms 
151029     DEBUG main            d.u.i.k.p.r.p.TestFile    ... success: reloaded. 
151030     INFO  main            d.u.i.k.p.r.p.TestFile    Now processing file /home/runner/work/key/key/key.core/../key.ui/examples/heap/model_methods/Recell_get.key 
151030     INFO  main            d.u.i.k.p.i.AbstractProblemLoader Loading environment from /home/runner/work/key/key/key.core/../key.ui/examples/heap/model_methods/Recell_get.key 
151030     DEBUG main            d.u.i.k.p.i.AbstractProblemLoader Environment load took 74.7ns 
151031     INFO  main            d.u.i.k.p.i.AbstractProblemLoader Creating init config 
153685     DEBUG main            d.u.i.k.p.i.AbstractProblemLoader Init config took 2.65s 
153723     INFO  main            d.u.i.k.p.i.AbstractProblemLoader Replaying proof Recell[Cell::get()].JML operation contract.0 
153725     DEBUG main            d.u.i.k.p.i.IntermediateProofReplayer Proof replay took 5.9ns 
153826     INFO  main            d.u.i.k.p.r.p.TestFile    ... finished proof: closed. 
154120     INFO  main            d.u.i.k.p.i.AbstractProblemLoader Loading environment from /home/runner/work/key/key/key.core/../key.ui/examples/heap/model_methods/Recell_get.key.proof 
154120     DEBUG main            d.u.i.k.p.i.AbstractProblemLoader Environment load took 116.2ns 
154121     INFO  main            d.u.i.k.p.i.AbstractProblemLoader Creating init config 
156709     DEBUG main            d.u.i.k.p.i.AbstractProblemLoader Init config took 2.59s 
156747     INFO  main            d.u.i.k.p.i.AbstractProblemLoader Replaying proof Recell[Cell::get()].JML operation contract.0 
156758     DEBUG main            d.u.i.k.p.i.IntermediateProofReplayer Proof replay took 8.77ms 
156759     DEBUG main            d.u.i.k.p.r.p.TestFile    ... success: reloaded. 
156760     INFO  main            d.u.i.k.p.r.p.TestFile    Now processing file /home/runner/work/key/key/key.core/../key.ui/examples/heap/model_methods/Recell_Recell_footprint.key 
156760     INFO  main            d.u.i.k.p.i.AbstractProblemLoader Loading environment from /home/runner/work/key/key/key.core/../key.ui/examples/heap/model_methods/Recell_Recell_footprint.key 
156760     DEBUG main            d.u.i.k.p.i.AbstractProblemLoader Environment load took 193.1ns 
156761     INFO  main            d.u.i.k.p.i.AbstractProblemLoader Creating init config 
159471     DEBUG main            d.u.i.k.p.i.AbstractProblemLoader Init config took 2.71s 
159508     INFO  main            d.u.i.k.p.i.AbstractProblemLoader Replaying proof Recell[Recell::footprint()].JML model_behavior operation contract.0 
159509     DEBUG main            d.u.i.k.p.i.IntermediateProofReplayer Proof replay took 6.7ns 
159614     INFO  main            d.u.i.k.p.r.p.TestFile    ... finished proof: closed. 
159926     INFO  main            d.u.i.k.p.i.AbstractProblemLoader Loading environment from /home/runner/work/key/key/key.core/../key.ui/examples/heap/model_methods/Recell_Recell_footprint.key.proof 
159927     DEBUG main            d.u.i.k.p.i.AbstractProblemLoader Environment load took 147.4ns 
159927     INFO  main            d.u.i.k.p.i.AbstractProblemLoader Creating init config 
162523     DEBUG main            d.u.i.k.p.i.AbstractProblemLoader Init config took 2.6s 
162560     INFO  main            d.u.i.k.p.i.AbstractProblemLoader Replaying proof Recell[Recell::footprint()].JML model_behavior operation contract.0 
162564     DEBUG main            d.u.i.k.p.i.IntermediateProofReplayer Proof replay took 1.39ms 
162565     DEBUG main            d.u.i.k.p.r.p.TestFile    ... success: reloaded. 
162566     INFO  main            d.u.i.k.p.r.p.TestFile    Now processing file /home/runner/work/key/key/key.core/../key.ui/examples/heap/model_methods/Recell_Recell_post_set.key 
162567     INFO  main            d.u.i.k.p.i.AbstractProblemLoader Loading environment from /home/runner/work/key/key/key.core/../key.ui/examples/heap/model_methods/Recell_Recell_post_set.key 
162567     DEBUG main            d.u.i.k.p.i.AbstractProblemLoader Environment load took 340.6ns 
162568     INFO  main            d.u.i.k.p.i.AbstractProblemLoader Creating init config 
165225     DEBUG main            d.u.i.k.p.i.AbstractProblemLoader Init config took 2.66s 
165262     INFO  main            d.u.i.k.p.i.AbstractProblemLoader Replaying proof Recell[Recell::post_set(int)].JML model_behavior operation contract.0 
165264     DEBUG main            d.u.i.k.p.i.IntermediateProofReplayer Proof replay took 7.3ns 
165367     INFO  main            d.u.i.k.p.r.p.TestFile    ... finished proof: closed. 
165645     INFO  main            d.u.i.k.p.i.AbstractProblemLoader Loading environment from /home/runner/work/key/key/key.core/../key.ui/examples/heap/model_methods/Recell_Recell_post_set.key.proof 
165645     DEBUG main            d.u.i.k.p.i.AbstractProblemLoader Environment load took 112.3ns 
165646     INFO  main            d.u.i.k.p.i.AbstractProblemLoader Creating init config 
168243     DEBUG main            d.u.i.k.p.i.AbstractProblemLoader Init config took 2.6s 
168281     INFO  main            d.u.i.k.p.i.AbstractProblemLoader Replaying proof Recell[Recell::post_set(int)].JML model_behavior operation contract.0 
168285     DEBUG main            d.u.i.k.p.i.IntermediateProofReplayer Proof replay took 1.99ms 
168286     DEBUG main            d.u.i.k.p.r.p.TestFile    ... success: reloaded. 
168287     INFO  main            d.u.i.k.p.r.p.TestFile    Now processing file /home/runner/work/key/key/key.core/../key.ui/examples/heap/model_methods/Recell_set.key 
168287     INFO  main            d.u.i.k.p.i.AbstractProblemLoader Loading environment from /home/runner/work/key/key/key.core/../key.ui/examples/heap/model_methods/Recell_set.key 
168287     DEBUG main            d.u.i.k.p.i.AbstractProblemLoader Environment load took 157.1ns 
168288     INFO  main            d.u.i.k.p.i.AbstractProblemLoader Creating init config 
170952     DEBUG main            d.u.i.k.p.i.AbstractProblemLoader Init config took 2.66s 
170989     INFO  main            d.u.i.k.p.i.AbstractProblemLoader Replaying proof Recell[Cell::set(int)].JML operation contract.0 
170990     DEBUG main            d.u.i.k.p.i.IntermediateProofReplayer Proof replay took 7.1ns 
177607     INFO  main            d.u.i.k.p.r.p.TestFile    ... finished proof: closed. 
177925     INFO  main            d.u.i.k.p.i.AbstractProblemLoader Loading environment from /home/runner/work/key/key/key.core/../key.ui/examples/heap/model_methods/Recell_set.key.proof 
177926     DEBUG main            d.u.i.k.p.i.AbstractProblemLoader Environment load took 337.3ns 
177927     INFO  main            d.u.i.k.p.i.AbstractProblemLoader Creating init config 
180553     DEBUG main            d.u.i.k.p.i.AbstractProblemLoader Init config took 2.63s 
180606     INFO  main            d.u.i.k.p.i.AbstractProblemLoader Replaying proof Recell[Cell::set(int)].JML operation contract.0 
180974     DEBUG main            d.u.i.k.p.i.IntermediateProofReplayer Proof replay took 351.56ms 
180975     DEBUG main            d.u.i.k.p.r.p.TestFile    ... success: reloaded. 
180976     INFO  main            d.u.i.k.p.r.p.TestFile    Now processing file /home/runner/work/key/key/key.core/../key.ui/examples/heap/model_methods/Recell_undo.key 
180977     INFO  main            d.u.i.k.p.i.AbstractProblemLoader Loading environment from /home/runner/work/key/key/key.core/../key.ui/examples/heap/model_methods/Recell_undo.key 
180977     DEBUG main            d.u.i.k.p.i.AbstractProblemLoader Environment load took 197.8ns 
180978     INFO  main            d.u.i.k.p.i.AbstractProblemLoader Creating init config 
183612     DEBUG main            d.u.i.k.p.i.AbstractProblemLoader Init config took 2.63s 
183649     INFO  main            d.u.i.k.p.i.AbstractProblemLoader Replaying proof Recell[Recell::undo()].JML operation contract.0 
183651     DEBUG main            d.u.i.k.p.i.IntermediateProofReplayer Proof replay took 10.7ns 
183854     INFO  main            d.u.i.k.p.r.p.TestFile    ... finished proof: closed. 
184164     INFO  main            d.u.i.k.p.i.AbstractProblemLoader Loading environment from /home/runner/work/key/key/key.core/../key.ui/examples/heap/model_methods/Recell_undo.key.proof 
184165     DEBUG main            d.u.i.k.p.i.AbstractProblemLoader Environment load took 122.3ns 
184166     INFO  main            d.u.i.k.p.i.AbstractProblemLoader Creating init config 
186764     DEBUG main            d.u.i.k.p.i.AbstractProblemLoader Init config took 2.6s 
186805     INFO  main            d.u.i.k.p.i.AbstractProblemLoader Replaying proof Recell[Recell::undo()].JML operation contract.0 
186833     DEBUG main            d.u.i.k.p.i.IntermediateProofReplayer Proof replay took 25.57ms 
186834     DEBUG main            d.u.i.k.p.r.p.TestFile    ... success: reloaded. 
4163929    INFO  Test worker     d.u.i.k.p.r.RunAllProofsTestUnit Returning from test modelMethods 
4163930    INFO  Test worker     d.u.i.k.p.r.RunAllProofsTestUnit Running test permissionHeap 
346        INFO  Timeout watchdog d.u.i.k.p.r.p.ForkedTestFileRunner Timeout watcher launched (2000 secs.) 
363        WARN  main            d.u.i.k.s.ProofSettings   The settings in /home/runner/.key/proof-settings.props are *not* read. 
391        INFO  main            d.u.i.k.p.r.p.TestFile    Now processing file /home/runner/work/key/key/key.core/../key.ui/examples/heap/permissions/permissions_method0.key 
542        INFO  main            d.u.i.k.p.i.AbstractProblemLoader Loading environment from /home/runner/work/key/key/key.core/../key.ui/examples/heap/permissions/permissions_method0.key 
559        DEBUG main            d.u.i.k.p.i.AbstractProblemLoader Environment load took 2.05ms 
819        INFO  main            d.u.i.k.p.i.AbstractProblemLoader Creating init config 
1774       DEBUG main            d.u.i.k.j.TypeConverter   No LDT found for Meta 
1775       DEBUG main            d.u.i.k.j.TypeConverter   No LDT found for Meta 
1778       DEBUG main            d.u.i.k.j.TypeConverter   No LDT found for Meta 
1778       DEBUG main            d.u.i.k.j.TypeConverter   No LDT found for Meta 
3156       DEBUG main            d.u.i.k.j.TypeConverter   No LDT found for JavaBigintExpression 
8148       DEBUG main            d.u.i.k.p.i.AbstractProblemLoader Init config took 7.33s 
8309       INFO  main            d.u.i.k.p.i.AbstractProblemLoader Replaying proof MyClass[MyClass::method0()].JML normal_behavior operation contract.0 
8347       DEBUG main            d.u.i.k.p.i.IntermediateProofReplayer Proof replay took 34.2ns 
9373       INFO  main            d.u.i.k.p.r.p.TestFile    ... finished proof: closed. 
9530       INFO  main            d.u.i.k.p.i.AbstractProblemLoader Loading environment from /home/runner/work/key/key/key.core/../key.ui/examples/heap/permissions/permissions_method0.key.proof 
9532       DEBUG main            d.u.i.k.p.i.AbstractProblemLoader Environment load took 2.1ms 
9536       INFO  main            d.u.i.k.p.i.AbstractProblemLoader Creating init config 
12470      DEBUG main            d.u.i.k.p.i.AbstractProblemLoader Init config took 2.93s 
12556      INFO  main            d.u.i.k.p.i.AbstractProblemLoader Replaying proof MyClass[MyClass::method0()].JML normal_behavior operation contract.0 
12697      DEBUG main            d.u.i.k.p.i.IntermediateProofReplayer Proof replay took 128.4ms 
12705      DEBUG main            d.u.i.k.p.r.p.TestFile    ... success: reloaded. 
12709      INFO  main            d.u.i.k.p.r.p.TestFile    Now processing file /home/runner/work/key/key/key.core/../key.ui/examples/heap/permissions/permissions_method1.key 
12709      INFO  main            d.u.i.k.p.i.AbstractProblemLoader Loading environment from /home/runner/work/key/key/key.core/../key.ui/examples/heap/permissions/permissions_method1.key 
12709      DEBUG main            d.u.i.k.p.i.AbstractProblemLoader Environment load took 200.3ns 
12712      INFO  main            d.u.i.k.p.i.AbstractProblemLoader Creating init config 
15597      DEBUG main            d.u.i.k.p.i.AbstractProblemLoader Init config took 2.88s 
15655      INFO  main            d.u.i.k.p.i.AbstractProblemLoader Replaying proof MyClass[MyClass::method1()].JML normal_behavior operation contract.0 
15658      DEBUG main            d.u.i.k.p.i.IntermediateProofReplayer Proof replay took 6.9ns 
16062      INFO  main            d.u.i.k.p.r.p.TestFile    ... finished proof: closed. 
16209      INFO  main            d.u.i.k.p.i.AbstractProblemLoader Loading environment from /home/runner/work/key/key/key.core/../key.ui/examples/heap/permissions/permissions_method1.key.proof 
16214      DEBUG main            d.u.i.k.p.i.AbstractProblemLoader Environment load took 4.53ms 
16216      INFO  main            d.u.i.k.p.i.AbstractProblemLoader Creating init config 
18911      DEBUG main            d.u.i.k.p.i.AbstractProblemLoader Init config took 2.7s 
18962      INFO  main            d.u.i.k.p.i.AbstractProblemLoader Replaying proof MyClass[MyClass::method1()].JML normal_behavior operation contract.0 
19019      DEBUG main            d.u.i.k.p.i.IntermediateProofReplayer Proof replay took 53.73ms 
19020      DEBUG main            d.u.i.k.p.r.p.TestFile    ... success: reloaded. 
19021      INFO  main            d.u.i.k.p.r.p.TestFile    Now processing file /home/runner/work/key/key/key.core/../key.ui/examples/heap/permissions/permissions_method3.key 
19022      INFO  main            d.u.i.k.p.i.AbstractProblemLoader Loading environment from /home/runner/work/key/key/key.core/../key.ui/examples/heap/permissions/permissions_method3.key 
19022      DEBUG main            d.u.i.k.p.i.AbstractProblemLoader Environment load took 182.3ns 
19023      INFO  main            d.u.i.k.p.i.AbstractProblemLoader Creating init config 
21687      DEBUG main            d.u.i.k.p.i.AbstractProblemLoader Init config took 2.66s 
21734      INFO  main            d.u.i.k.p.i.AbstractProblemLoader Replaying proof MyClass[MyClass::method3()].JML normal_behavior operation contract.0 
21736      DEBUG main            d.u.i.k.p.i.IntermediateProofReplayer Proof replay took 6.7ns 
23044      INFO  main            d.u.i.k.p.r.p.TestFile    ... finished proof: closed. 
23232      INFO  main            d.u.i.k.p.i.AbstractProblemLoader Loading environment from /home/runner/work/key/key/key.core/../key.ui/examples/heap/permissions/permissions_method3.key.proof 
23234      DEBUG main            d.u.i.k.p.i.AbstractProblemLoader Environment load took 1.33ms 
23240      INFO  main            d.u.i.k.p.i.AbstractProblemLoader Creating init config 
25959      DEBUG main            d.u.i.k.p.i.AbstractProblemLoader Init config took 2.72s 
26020      INFO  main            d.u.i.k.p.i.AbstractProblemLoader Replaying proof MyClass[MyClass::method3()].JML normal_behavior operation contract.0 
26262      DEBUG main            d.u.i.k.p.i.IntermediateProofReplayer Proof replay took 230.31ms 
26264      DEBUG main            d.u.i.k.p.r.p.TestFile    ... success: reloaded. 
26265      INFO  main            d.u.i.k.p.r.p.TestFile    Now processing file /home/runner/work/key/key/key.core/../key.ui/examples/heap/permissions/permissions_setAB.key 
26265      INFO  main            d.u.i.k.p.i.AbstractProblemLoader Loading environment from /home/runner/work/key/key/key.core/../key.ui/examples/heap/permissions/permissions_setAB.key 
26266      DEBUG main            d.u.i.k.p.i.AbstractProblemLoader Environment load took 189.7ns 
26267      INFO  main            d.u.i.k.p.i.AbstractProblemLoader Creating init config 
28911      DEBUG main            d.u.i.k.p.i.AbstractProblemLoader Init config took 2.64s 
28956      INFO  main            d.u.i.k.p.i.AbstractProblemLoader Replaying proof MyClass[MyClass::setAB()].JML normal_behavior operation contract.0 
28958      DEBUG main            d.u.i.k.p.i.IntermediateProofReplayer Proof replay took 7.5ns 
30470      INFO  main            d.u.i.k.p.r.p.TestFile    ... finished proof: closed. 
30686      INFO  main            d.u.i.k.p.i.AbstractProblemLoader Loading environment from /home/runner/work/key/key/key.core/../key.ui/examples/heap/permissions/permissions_setAB.key.proof 
30689      DEBUG main            d.u.i.k.p.i.AbstractProblemLoader Environment load took 3.19ms 
30691      INFO  main            d.u.i.k.p.i.AbstractProblemLoader Creating init config 
33305      DEBUG main            d.u.i.k.p.i.AbstractProblemLoader Init config took 2.61s 
33356      INFO  main            d.u.i.k.p.i.AbstractProblemLoader Replaying proof MyClass[MyClass::setAB()].JML normal_behavior operation contract.0 
33508      DEBUG main            d.u.i.k.p.i.IntermediateProofReplayer Proof replay took 146.42ms 
33510      DEBUG main            d.u.i.k.p.r.p.TestFile    ... success: reloaded. 
33511      INFO  main            d.u.i.k.p.r.p.TestFile    Now processing file /home/runner/work/key/key/key.core/../key.ui/examples/heap/permissions/permissionProperties.key 
33511      INFO  main            d.u.i.k.p.i.AbstractProblemLoader Loading environment from /home/runner/work/key/key/key.core/../key.ui/examples/heap/permissions/permissionProperties.key 
33512      DEBUG main            d.u.i.k.p.i.AbstractProblemLoader Environment load took 171.6ns 
33513      INFO  main            d.u.i.k.p.i.AbstractProblemLoader Creating init config 
33681      DEBUG main            d.u.i.k.j.TypeConverter   No LDT found for Meta 
33682      DEBUG main            d.u.i.k.j.TypeConverter   No LDT found for Meta 
33682      DEBUG main            d.u.i.k.j.TypeConverter   No LDT found for Meta 
33683      DEBUG main            d.u.i.k.j.TypeConverter   No LDT found for Meta 
34365      DEBUG main            d.u.i.k.j.TypeConverter   No LDT found for JavaBigintExpression 
37085      DEBUG main            d.u.i.k.p.i.AbstractProblemLoader Init config took 3.57s 
37108      INFO  main            d.u.i.k.p.i.AbstractProblemLoader Replaying proof permissionProperties.key 
37110      DEBUG main            d.u.i.k.p.i.IntermediateProofReplayer Proof replay took 7.4ns 
37213      INFO  main            d.u.i.k.p.r.p.TestFile    ... finished proof: closed. 
37421      INFO  main            d.u.i.k.p.i.AbstractProblemLoader Loading environment from /home/runner/work/key/key/key.core/../key.ui/examples/heap/permissions/permissionProperties.key.proof 
37421      DEBUG main            d.u.i.k.p.i.AbstractProblemLoader Environment load took 125.9ns 
37423      INFO  main            d.u.i.k.p.i.AbstractProblemLoader Creating init config 
39862      DEBUG main            d.u.i.k.p.i.AbstractProblemLoader Init config took 2.44s 
39883      INFO  main            d.u.i.k.p.i.AbstractProblemLoader Replaying proof permissionProperties.key.proof 
39898      DEBUG main            d.u.i.k.p.i.IntermediateProofReplayer Proof replay took 12.84ms 
39900      DEBUG main            d.u.i.k.p.r.p.TestFile    ... success: reloaded. 
39901      INFO  main            d.u.i.k.p.r.p.TestFile    Now processing file /home/runner/work/key/key/key.core/../key.ui/examples/heap/permissions/threads/AFilter_AFilter.key 
39901      INFO  main            d.u.i.k.p.i.AbstractProblemLoader Loading environment from /home/runner/work/key/key/key.core/../key.ui/examples/heap/permissions/threads/AFilter_AFilter.key 
39902      DEBUG main            d.u.i.k.p.i.AbstractProblemLoader Environment load took 197.3ns 
39903      INFO  main            d.u.i.k.p.i.AbstractProblemLoader Creating init config 
40022      DEBUG main            d.u.i.k.j.TypeConverter   No LDT found for Meta 
40022      DEBUG main            d.u.i.k.j.TypeConverter   No LDT found for Meta 
40023      DEBUG main            d.u.i.k.j.TypeConverter   No LDT found for Meta 
40023      DEBUG main            d.u.i.k.j.TypeConverter   No LDT found for Meta 
40570      DEBUG main            d.u.i.k.j.TypeConverter   No LDT found for JavaBigintExpression 
45939      DEBUG main            d.u.i.k.p.i.AbstractProblemLoader Init config took 6.04s 
46041      INFO  main            d.u.i.k.p.i.AbstractProblemLoader Replaying proof AFilter[AFilter::AFilter(Sampler,Buffer)].JML normal_behavior operation contract.0 
46043      DEBUG main            d.u.i.k.p.i.IntermediateProofReplayer Proof replay took 7.3ns 
47047      INFO  main            d.u.i.k.p.r.p.TestFile    ... finished proof: closed. 
47306      INFO  main            d.u.i.k.p.i.AbstractProblemLoader Loading environment from /home/runner/work/key/key/key.core/../key.ui/examples/heap/permissions/threads/AFilter_AFilter.key.proof 
47307      DEBUG main            d.u.i.k.p.i.AbstractProblemLoader Environment load took 990.41ns 
47309      INFO  main            d.u.i.k.p.i.AbstractProblemLoader Creating init config 
52004      DEBUG main            d.u.i.k.p.i.AbstractProblemLoader Init config took 4.7s 
52094      INFO  main            d.u.i.k.p.i.AbstractProblemLoader Replaying proof AFilter[AFilter::AFilter(Sampler,Buffer)].JML normal_behavior operation contract.0 
52236      DEBUG main            d.u.i.k.p.i.IntermediateProofReplayer Proof replay took 136.28ms 
52237      DEBUG main            d.u.i.k.p.r.p.TestFile    ... success: reloaded. 
52239      INFO  main            d.u.i.k.p.r.p.TestFile    Now processing file /home/runner/work/key/key/key.core/../key.ui/examples/heap/permissions/threads/AFilter_initPost_accessible.key 
52239      INFO  main            d.u.i.k.p.i.AbstractProblemLoader Loading environment from /home/runner/work/key/key/key.core/../key.ui/examples/heap/permissions/threads/AFilter_initPost_accessible.key 
52239      DEBUG main            d.u.i.k.p.i.AbstractProblemLoader Environment load took 189.8ns 
52240      INFO  main            d.u.i.k.p.i.AbstractProblemLoader Creating init config 
56960      DEBUG main            d.u.i.k.p.i.AbstractProblemLoader Init config took 4.72s 
57050      INFO  main            d.u.i.k.p.i.AbstractProblemLoader Replaying proof AFilter[ThreadSpec2::initPost()].JML accessible clause.0 
57052      DEBUG main            d.u.i.k.p.i.IntermediateProofReplayer Proof replay took 6.8ns 
57154      INFO  main            d.u.i.k.p.r.p.TestFile    ... finished proof: closed. 
57363      INFO  main            d.u.i.k.p.i.AbstractProblemLoader Loading environment from /home/runner/work/key/key/key.core/../key.ui/examples/heap/permissions/threads/AFilter_initPost_accessible.key.proof 
57363      DEBUG main            d.u.i.k.p.i.AbstractProblemLoader Environment load took 139.4ns 
57364      INFO  main            d.u.i.k.p.i.AbstractProblemLoader Creating init config 
62033      DEBUG main            d.u.i.k.p.i.AbstractProblemLoader Init config took 4.67s 
62142      INFO  main            d.u.i.k.p.i.AbstractProblemLoader Replaying proof AFilter[ThreadSpec2::initPost()].JML accessible clause.0 
62154      DEBUG main            d.u.i.k.p.i.IntermediateProofReplayer Proof replay took 10.09ms 
62155      DEBUG main            d.u.i.k.p.r.p.TestFile    ... success: reloaded. 
62156      INFO  main            d.u.i.k.p.r.p.TestFile    Now processing file /home/runner/work/key/key/key.core/../key.ui/examples/heap/permissions/threads/AFilter_inv_accessible1.key 
62157      INFO  main            d.u.i.k.p.i.AbstractProblemLoader Loading environment from /home/runner/work/key/key/key.core/../key.ui/examples/heap/permissions/threads/AFilter_inv_accessible1.key 
62157      DEBUG main            d.u.i.k.p.i.AbstractProblemLoader Environment load took 98.6ns 
62158      INFO  main            d.u.i.k.p.i.AbstractProblemLoader Creating init config 
66771      DEBUG main            d.u.i.k.p.i.AbstractProblemLoader Init config took 4.61s 
66871      INFO  main            d.u.i.k.p.i.AbstractProblemLoader Replaying proof AFilter[java.lang.Object::<inv>()].JML accessible clause.0 
66873      DEBUG main            d.u.i.k.p.i.IntermediateProofReplayer Proof replay took 7.2ns 
66976      INFO  main            d.u.i.k.p.r.p.TestFile    ... finished proof: closed. 
67198      INFO  main            d.u.i.k.p.i.AbstractProblemLoader Loading environment from /home/runner/work/key/key/key.core/../key.ui/examples/heap/permissions/threads/AFilter_inv_accessible1.key.proof 
67198      DEBUG main            d.u.i.k.p.i.AbstractProblemLoader Environment load took 123.9ns 
67199      INFO  main            d.u.i.k.p.i.AbstractProblemLoader Creating init config 
71864      DEBUG main            d.u.i.k.p.i.AbstractProblemLoader Init config took 4.67s 
71952      INFO  main            d.u.i.k.p.i.AbstractProblemLoader Replaying proof AFilter[java.lang.Object::<inv>()].JML accessible clause.0 
71956      DEBUG main            d.u.i.k.p.i.IntermediateProofReplayer Proof replay took 1.98ms 
71957      DEBUG main            d.u.i.k.p.r.p.TestFile    ... success: reloaded. 
71958      INFO  main            d.u.i.k.p.r.p.TestFile    Now processing file /home/runner/work/key/key/key.core/../key.ui/examples/heap/permissions/threads/AFilter_inv_accessible2.key 
71958      INFO  main            d.u.i.k.p.i.AbstractProblemLoader Loading environment from /home/runner/work/key/key/key.core/../key.ui/examples/heap/permissions/threads/AFilter_inv_accessible2.key 
71959      DEBUG main            d.u.i.k.p.i.AbstractProblemLoader Environment load took 92.9ns 
71959      INFO  main            d.u.i.k.p.i.AbstractProblemLoader Creating init config 
76625      DEBUG main            d.u.i.k.p.i.AbstractProblemLoader Init config took 4.67s 
76708      INFO  main            d.u.i.k.p.i.AbstractProblemLoader Replaying proof AFilter[java.lang.Object::<inv>()].JML accessible clause.1 
76709      DEBUG main            d.u.i.k.p.i.IntermediateProofReplayer Proof replay took 6.9ns 
76812      INFO  main            d.u.i.k.p.r.p.TestFile    ... finished proof: closed. 
77028      INFO  main            d.u.i.k.p.i.AbstractProblemLoader Loading environment from /home/runner/work/key/key/key.core/../key.ui/examples/heap/permissions/threads/AFilter_inv_accessible2.key.proof 
77028      DEBUG main            d.u.i.k.p.i.AbstractProblemLoader Environment load took 124.6ns 
77029      INFO  main            d.u.i.k.p.i.AbstractProblemLoader Creating init config 
81665      DEBUG main            d.u.i.k.p.i.AbstractProblemLoader Init config took 4.64s 
81749      INFO  main            d.u.i.k.p.i.AbstractProblemLoader Replaying proof AFilter[java.lang.Object::<inv>()].JML accessible clause.1 
81752      DEBUG main            d.u.i.k.p.i.IntermediateProofReplayer Proof replay took 1.95ms 
81753      DEBUG main            d.u.i.k.p.r.p.TestFile    ... success: reloaded. 
81754      INFO  main            d.u.i.k.p.r.p.TestFile    Now processing file /home/runner/work/key/key/key.core/../key.ui/examples/heap/permissions/threads/AFilter_joinTransfer_accessible.key 
81755      INFO  main            d.u.i.k.p.i.AbstractProblemLoader Loading environment from /home/runner/work/key/key/key.core/../key.ui/examples/heap/permissions/threads/AFilter_joinTransfer_accessible.key 
81755      DEBUG main            d.u.i.k.p.i.AbstractProblemLoader Environment load took 96ns 
81756      INFO  main            d.u.i.k.p.i.AbstractProblemLoader Creating init config 
86437      DEBUG main            d.u.i.k.p.i.AbstractProblemLoader Init config took 4.68s 
86519      INFO  main            d.u.i.k.p.i.AbstractProblemLoader Replaying proof AFilter[ThreadSpec2::joinTransfer()].JML accessible clause.0 
86521      DEBUG main            d.u.i.k.p.i.IntermediateProofReplayer Proof replay took 6.6ns 
89868      INFO  main            d.u.i.k.p.r.p.TestFile    ... finished proof: closed. 
90119      INFO  main            d.u.i.k.p.i.AbstractProblemLoader Loading environment from /home/runner/work/key/key/key.core/../key.ui/examples/heap/permissions/threads/AFilter_joinTransfer_accessible.key.proof 
90119      DEBUG main            d.u.i.k.p.i.AbstractProblemLoader Environment load took 203.6ns 
90120      INFO  main            d.u.i.k.p.i.AbstractProblemLoader Creating init config 
94728      DEBUG main            d.u.i.k.p.i.AbstractProblemLoader Init config took 4.61s 
94810      INFO  main            d.u.i.k.p.i.AbstractProblemLoader Replaying proof AFilter[ThreadSpec2::joinTransfer()].JML accessible clause.0 
95069      DEBUG main            d.u.i.k.p.i.IntermediateProofReplayer Proof replay took 248.14ms 
95070      DEBUG main            d.u.i.k.p.r.p.TestFile    ... success: reloaded. 
95072      INFO  main            d.u.i.k.p.r.p.TestFile    Now processing file /home/runner/work/key/key/key.core/../key.ui/examples/heap/permissions/threads/AFilter_joinTransfer_contract.key 
95072      INFO  main            d.u.i.k.p.i.AbstractProblemLoader Loading environment from /home/runner/work/key/key/key.core/../key.ui/examples/heap/permissions/threads/AFilter_joinTransfer_contract.key 
95072      DEBUG main            d.u.i.k.p.i.AbstractProblemLoader Environment load took 188.8ns 
95073      INFO  main            d.u.i.k.p.i.AbstractProblemLoader Creating init config 
99675      DEBUG main            d.u.i.k.p.i.AbstractProblemLoader Init config took 4.6s 
99773      INFO  main            d.u.i.k.p.i.AbstractProblemLoader Replaying proof AFilter[ThreadSpec2::joinTransfer()].JML model_behavior operation contract.0 
99776      DEBUG main            d.u.i.k.p.i.IntermediateProofReplayer Proof replay took 7.3ns 
99880      INFO  main            d.u.i.k.p.r.p.TestFile    ... finished proof: closed. 
100110     INFO  main            d.u.i.k.p.i.AbstractProblemLoader Loading environment from /home/runner/work/key/key/key.core/../key.ui/examples/heap/permissions/threads/AFilter_joinTransfer_contract.key.proof 
100111     DEBUG main            d.u.i.k.p.i.AbstractProblemLoader Environment load took 120.3ns 
100112     INFO  main            d.u.i.k.p.i.AbstractProblemLoader Creating init config 
104701     DEBUG main            d.u.i.k.p.i.AbstractProblemLoader Init config took 4.59s 
104782     INFO  main            d.u.i.k.p.i.AbstractProblemLoader Replaying proof AFilter[ThreadSpec2::joinTransfer()].JML model_behavior operation contract.0 
104791     DEBUG main            d.u.i.k.p.i.IntermediateProofReplayer Proof replay took 7.15ms 
104792     DEBUG main            d.u.i.k.p.r.p.TestFile    ... success: reloaded. 
104793     INFO  main            d.u.i.k.p.r.p.TestFile    Now processing file /home/runner/work/key/key/key.core/../key.ui/examples/heap/permissions/threads/AFilter_postJoin_accessible.key 
104793     INFO  main            d.u.i.k.p.i.AbstractProblemLoader Loading environment from /home/runner/work/key/key/key.core/../key.ui/examples/heap/permissions/threads/AFilter_postJoin_accessible.key 
104793     DEBUG main            d.u.i.k.p.i.AbstractProblemLoader Environment load took 85.7ns 
104794     INFO  main            d.u.i.k.p.i.AbstractProblemLoader Creating init config 
109480     DEBUG main            d.u.i.k.p.i.AbstractProblemLoader Init config took 4.69s 
109560     INFO  main            d.u.i.k.p.i.AbstractProblemLoader Replaying proof AFilter[ThreadSpec2::postJoin(java.lang.Object)].JML accessible clause.0 
109563     DEBUG main            d.u.i.k.p.i.IntermediateProofReplayer Proof replay took 7.1ns 
109665     INFO  main            d.u.i.k.p.r.p.TestFile    ... finished proof: closed. 
109902     INFO  main            d.u.i.k.p.i.AbstractProblemLoader Loading environment from /home/runner/work/key/key/key.core/../key.ui/examples/heap/permissions/threads/AFilter_postJoin_accessible.key.proof 
109902     DEBUG main            d.u.i.k.p.i.AbstractProblemLoader Environment load took 136.6ns 
109904     INFO  main            d.u.i.k.p.i.AbstractProblemLoader Creating init config 
114465     DEBUG main            d.u.i.k.p.i.AbstractProblemLoader Init config took 4.56s 
114545     INFO  main            d.u.i.k.p.i.AbstractProblemLoader Replaying proof AFilter[ThreadSpec2::postJoin(java.lang.Object)].JML accessible clause.0 
114552     DEBUG main            d.u.i.k.p.i.IntermediateProofReplayer Proof replay took 5.28ms 
114553     DEBUG main            d.u.i.k.p.r.p.TestFile    ... success: reloaded. 
114554     INFO  main            d.u.i.k.p.r.p.TestFile    Now processing file /home/runner/work/key/key/key.core/../key.ui/examples/heap/permissions/threads/AFilter_preStart_accessible.key 
114554     INFO  main            d.u.i.k.p.i.AbstractProblemLoader Loading environment from /home/runner/work/key/key/key.core/../key.ui/examples/heap/permissions/threads/AFilter_preStart_accessible.key 
114554     DEBUG main            d.u.i.k.p.i.AbstractProblemLoader Environment load took 93ns 
114555     INFO  main            d.u.i.k.p.i.AbstractProblemLoader Creating init config 
119219     DEBUG main            d.u.i.k.p.i.AbstractProblemLoader Init config took 4.66s 
119298     INFO  main            d.u.i.k.p.i.AbstractProblemLoader Replaying proof AFilter[ThreadSpec2::preStart(java.lang.Object)].JML accessible clause.0 
119300     DEBUG main            d.u.i.k.p.i.IntermediateProofReplayer Proof replay took 19ns 
119603     INFO  main            d.u.i.k.p.r.p.TestFile    ... finished proof: closed. 
119837     INFO  main            d.u.i.k.p.i.AbstractProblemLoader Loading environment from /home/runner/work/key/key/key.core/../key.ui/examples/heap/permissions/threads/AFilter_preStart_accessible.key.proof 
119837     DEBUG main            d.u.i.k.p.i.AbstractProblemLoader Environment load took 117.8ns 
119838     INFO  main            d.u.i.k.p.i.AbstractProblemLoader Creating init config 
124433     DEBUG main            d.u.i.k.p.i.AbstractProblemLoader Init config took 4.6s 
124530     INFO  main            d.u.i.k.p.i.AbstractProblemLoader Replaying proof AFilter[ThreadSpec2::preStart(java.lang.Object)].JML accessible clause.0 
124556     DEBUG main            d.u.i.k.p.i.IntermediateProofReplayer Proof replay took 22.69ms 
124557     DEBUG main            d.u.i.k.p.r.p.TestFile    ... success: reloaded. 
124558     INFO  main            d.u.i.k.p.r.p.TestFile    Now processing file /home/runner/work/key/key/key.core/../key.ui/examples/heap/permissions/threads/AFilter_startTransfer_accessible.key 
124558     INFO  main            d.u.i.k.p.i.AbstractProblemLoader Loading environment from /home/runner/work/key/key/key.core/../key.ui/examples/heap/permissions/threads/AFilter_startTransfer_accessible.key 
124558     DEBUG main            d.u.i.k.p.i.AbstractProblemLoader Environment load took 90.3ns 
124559     INFO  main            d.u.i.k.p.i.AbstractProblemLoader Creating init config 
129148     DEBUG main            d.u.i.k.p.i.AbstractProblemLoader Init config took 4.59s 
129227     INFO  main            d.u.i.k.p.i.AbstractProblemLoader Replaying proof AFilter[ThreadSpec2::startTransfer()].JML accessible clause.0 
129229     DEBUG main            d.u.i.k.p.i.IntermediateProofReplayer Proof replay took 6.6ns 
135467     INFO  main            d.u.i.k.p.r.p.TestFile    ... finished proof: closed. 
135745     INFO  main            d.u.i.k.p.i.AbstractProblemLoader Loading environment from /home/runner/work/key/key/key.core/../key.ui/examples/heap/permissions/threads/AFilter_startTransfer_accessible.key.proof 
135747     DEBUG main            d.u.i.k.p.i.AbstractProblemLoader Environment load took 2.81ms 
135749     INFO  main            d.u.i.k.p.i.AbstractProblemLoader Creating init config 
140304     DEBUG main            d.u.i.k.p.i.AbstractProblemLoader Init config took 4.56s 
140383     INFO  main            d.u.i.k.p.i.AbstractProblemLoader Replaying proof AFilter[ThreadSpec2::startTransfer()].JML accessible clause.0 
140745     DEBUG main            d.u.i.k.p.i.IntermediateProofReplayer Proof replay took 346.27ms 
140747     DEBUG main            d.u.i.k.p.r.p.TestFile    ... success: reloaded. 
140748     INFO  main            d.u.i.k.p.r.p.TestFile    Now processing file /home/runner/work/key/key/key.core/../key.ui/examples/heap/permissions/threads/AFilter_startTransfer_contract.key 
140748     INFO  main            d.u.i.k.p.i.AbstractProblemLoader Loading environment from /home/runner/work/key/key/key.core/../key.ui/examples/heap/permissions/threads/AFilter_startTransfer_contract.key 
140748     DEBUG main            d.u.i.k.p.i.AbstractProblemLoader Environment load took 183.1ns 
140749     INFO  main            d.u.i.k.p.i.AbstractProblemLoader Creating init config 
145351     DEBUG main            d.u.i.k.p.i.AbstractProblemLoader Init config took 4.6s 
145432     INFO  main            d.u.i.k.p.i.AbstractProblemLoader Replaying proof AFilter[ThreadSpec2::startTransfer()].JML model_behavior operation contract.0 
145433     DEBUG main            d.u.i.k.p.i.IntermediateProofReplayer Proof replay took 7.4ns 
145837     INFO  main            d.u.i.k.p.r.p.TestFile    ... finished proof: closed. 
146199     INFO  main            d.u.i.k.p.i.AbstractProblemLoader Loading environment from /home/runner/work/key/key/key.core/../key.ui/examples/heap/permissions/threads/AFilter_startTransfer_contract.key.proof 
146199     DEBUG main            d.u.i.k.p.i.AbstractProblemLoader Environment load took 122.9ns 
146201     INFO  main            d.u.i.k.p.i.AbstractProblemLoader Creating init config 
150748     DEBUG main            d.u.i.k.p.i.AbstractProblemLoader Init config took 4.55s 
150828     INFO  main            d.u.i.k.p.i.AbstractProblemLoader Replaying proof AFilter[ThreadSpec2::startTransfer()].JML model_behavior operation contract.0 
150870     DEBUG main            d.u.i.k.p.i.IntermediateProofReplayer Proof replay took 37.49ms 
150872     DEBUG main            d.u.i.k.p.r.p.TestFile    ... success: reloaded. 
150873     INFO  main            d.u.i.k.p.r.p.TestFile    Now processing file /home/runner/work/key/key/key.core/../key.ui/examples/heap/permissions/threads/AFilter_stateInv_accessible.key 
150873     INFO  main            d.u.i.k.p.i.AbstractProblemLoader Loading environment from /home/runner/work/key/key/key.core/../key.ui/examples/heap/permissions/threads/AFilter_stateInv_accessible.key 
150873     DEBUG main            d.u.i.k.p.i.AbstractProblemLoader Environment load took 124.1ns 
150874     INFO  main            d.u.i.k.p.i.AbstractProblemLoader Creating init config 
155514     DEBUG main            d.u.i.k.p.i.AbstractProblemLoader Init config took 4.64s 
155610     INFO  main            d.u.i.k.p.i.AbstractProblemLoader Replaying proof AFilter[ThreadSpec2::stateInv()].JML accessible clause.0 
155611     DEBUG main            d.u.i.k.p.i.IntermediateProofReplayer Proof replay took 6.8ns 
155913     INFO  main            d.u.i.k.p.r.p.TestFile    ... finished proof: closed. 
156184     INFO  main            d.u.i.k.p.i.AbstractProblemLoader Loading environment from /home/runner/work/key/key/key.core/../key.ui/examples/heap/permissions/threads/AFilter_stateInv_accessible.key.proof 
156184     DEBUG main            d.u.i.k.p.i.AbstractProblemLoader Environment load took 143.3ns 
156185     INFO  main            d.u.i.k.p.i.AbstractProblemLoader Creating init config 
160739     DEBUG main            d.u.i.k.p.i.AbstractProblemLoader Init config took 4.55s 
160818     INFO  main            d.u.i.k.p.i.AbstractProblemLoader Replaying proof AFilter[ThreadSpec2::stateInv()].JML accessible clause.0 
160847     DEBUG main            d.u.i.k.p.i.IntermediateProofReplayer Proof replay took 25.88ms 
160849     DEBUG main            d.u.i.k.p.r.p.TestFile    ... success: reloaded. 
160850     INFO  main            d.u.i.k.p.r.p.TestFile    Now processing file /home/runner/work/key/key/key.core/../key.ui/examples/heap/permissions/threads/AFilter_staticPermissions_accessible.key 
160850     INFO  main            d.u.i.k.p.i.AbstractProblemLoader Loading environment from /home/runner/work/key/key/key.core/../key.ui/examples/heap/permissions/threads/AFilter_staticPermissions_accessible.key 
160850     DEBUG main            d.u.i.k.p.i.AbstractProblemLoader Environment load took 179.2ns 
160851     INFO  main            d.u.i.k.p.i.AbstractProblemLoader Creating init config 
165469     DEBUG main            d.u.i.k.p.i.AbstractProblemLoader Init config took 4.62s 
165564     INFO  main            d.u.i.k.p.i.AbstractProblemLoader Replaying proof AFilter[ThreadSpec2::staticPermissions()].JML accessible clause.0 
165565     DEBUG main            d.u.i.k.p.i.IntermediateProofReplayer Proof replay took 7.2ns 
165667     INFO  main            d.u.i.k.p.r.p.TestFile    ... finished proof: closed. 
165941     INFO  main            d.u.i.k.p.i.AbstractProblemLoader Loading environment from /home/runner/work/key/key/key.core/../key.ui/examples/heap/permissions/threads/AFilter_staticPermissions_accessible.key.proof 
165942     DEBUG main            d.u.i.k.p.i.AbstractProblemLoader Environment load took 116.6ns 
165942     INFO  main            d.u.i.k.p.i.AbstractProblemLoader Creating init config 
170492     DEBUG main            d.u.i.k.p.i.AbstractProblemLoader Init config took 4.55s 
170585     INFO  main            d.u.i.k.p.i.AbstractProblemLoader Replaying proof AFilter[ThreadSpec2::staticPermissions()].JML accessible clause.0 
170594     DEBUG main            d.u.i.k.p.i.IntermediateProofReplayer Proof replay took 7.13ms 
170595     DEBUG main            d.u.i.k.p.r.p.TestFile    ... success: reloaded. 
170596     INFO  main            d.u.i.k.p.r.p.TestFile    Now processing file /home/runner/work/key/key/key.core/../key.ui/examples/heap/permissions/threads/AFilter_workingPermissions_accessible.key 
170596     INFO  main            d.u.i.k.p.i.AbstractProblemLoader Loading environment from /home/runner/work/key/key/key.core/../key.ui/examples/heap/permissions/threads/AFilter_workingPermissions_accessible.key 
170596     DEBUG main            d.u.i.k.p.i.AbstractProblemLoader Environment load took 99.2ns 
170597     INFO  main            d.u.i.k.p.i.AbstractProblemLoader Creating init config 
175213     DEBUG main            d.u.i.k.p.i.AbstractProblemLoader Init config took 4.62s 
175292     INFO  main            d.u.i.k.p.i.AbstractProblemLoader Replaying proof AFilter[ThreadSpec2::workingPermissions()].JML accessible clause.0 
175294     DEBUG main            d.u.i.k.p.i.IntermediateProofReplayer Proof replay took 6.9ns 
175396     INFO  main            d.u.i.k.p.r.p.TestFile    ... finished proof: closed. 
175670     INFO  main            d.u.i.k.p.i.AbstractProblemLoader Loading environment from /home/runner/work/key/key/key.core/../key.ui/examples/heap/permissions/threads/AFilter_workingPermissions_accessible.key.proof 
175670     DEBUG main            d.u.i.k.p.i.AbstractProblemLoader Environment load took 118.5ns 
175671     INFO  main            d.u.i.k.p.i.AbstractProblemLoader Creating init config 
180229     DEBUG main            d.u.i.k.p.i.AbstractProblemLoader Init config took 4.56s 
180320     INFO  main            d.u.i.k.p.i.AbstractProblemLoader Replaying proof AFilter[ThreadSpec2::workingPermissions()].JML accessible clause.0 
180328     DEBUG main            d.u.i.k.p.i.IntermediateProofReplayer Proof replay took 6.45ms 
180329     DEBUG main            d.u.i.k.p.r.p.TestFile    ... success: reloaded. 
180330     INFO  main            d.u.i.k.p.r.p.TestFile    Now processing file /home/runner/work/key/key/key.core/../key.ui/examples/heap/permissions/threads/BFilter_BFilter.key 
180330     INFO  main            d.u.i.k.p.i.AbstractProblemLoader Loading environment from /home/runner/work/key/key/key.core/../key.ui/examples/heap/permissions/threads/BFilter_BFilter.key 
180330     DEBUG main            d.u.i.k.p.i.AbstractProblemLoader Environment load took 66.3ns 
180331     INFO  main            d.u.i.k.p.i.AbstractProblemLoader Creating init config 
184998     DEBUG main            d.u.i.k.p.i.AbstractProblemLoader Init config took 4.67s 
185093     INFO  main            d.u.i.k.p.i.AbstractProblemLoader Replaying proof BFilter[BFilter::BFilter(Sampler,Buffer)].JML normal_behavior operation contract.0 
185095     DEBUG main            d.u.i.k.p.i.IntermediateProofReplayer Proof replay took 6.9ns 
186002     INFO  main            d.u.i.k.p.r.p.TestFile    ... finished proof: closed. 
186336     INFO  main            d.u.i.k.p.i.AbstractProblemLoader Loading environment from /home/runner/work/key/key/key.core/../key.ui/examples/heap/permissions/threads/BFilter_BFilter.key.proof 
186336     DEBUG main            d.u.i.k.p.i.AbstractProblemLoader Environment load took 119.5ns 
186337     INFO  main            d.u.i.k.p.i.AbstractProblemLoader Creating init config 
190889     DEBUG main            d.u.i.k.p.i.AbstractProblemLoader Init config took 4.55s 
190981     INFO  main            d.u.i.k.p.i.AbstractProblemLoader Replaying proof BFilter[BFilter::BFilter(Sampler,Buffer)].JML normal_behavior operation contract.0 
191091     DEBUG main            d.u.i.k.p.i.IntermediateProofReplayer Proof replay took 104.71ms 
191092     DEBUG main            d.u.i.k.p.r.p.TestFile    ... success: reloaded. 
191093     INFO  main            d.u.i.k.p.r.p.TestFile    Now processing file /home/runner/work/key/key/key.core/../key.ui/examples/heap/permissions/threads/BFilter_initPost_accessible.key 
191093     INFO  main            d.u.i.k.p.i.AbstractProblemLoader Loading environment from /home/runner/work/key/key/key.core/../key.ui/examples/heap/permissions/threads/BFilter_initPost_accessible.key 
191093     DEBUG main            d.u.i.k.p.i.AbstractProblemLoader Environment load took 104.4ns 
191094     INFO  main            d.u.i.k.p.i.AbstractProblemLoader Creating init config 
195731     DEBUG main            d.u.i.k.p.i.AbstractProblemLoader Init config took 4.64s 
195823     INFO  main            d.u.i.k.p.i.AbstractProblemLoader Replaying proof BFilter[ThreadSpec2::initPost()].JML accessible clause.0 
195825     DEBUG main            d.u.i.k.p.i.IntermediateProofReplayer Proof replay took 7.1ns 
195927     INFO  main            d.u.i.k.p.r.p.TestFile    ... finished proof: closed. 
196212     INFO  main            d.u.i.k.p.i.AbstractProblemLoader Loading environment from /home/runner/work/key/key/key.core/../key.ui/examples/heap/permissions/threads/BFilter_initPost_accessible.key.proof 
196212     DEBUG main            d.u.i.k.p.i.AbstractProblemLoader Environment load took 139.7ns 
196213     INFO  main            d.u.i.k.p.i.AbstractProblemLoader Creating init config 
200767     DEBUG main            d.u.i.k.p.i.AbstractProblemLoader Init config took 4.55s 
200845     INFO  main            d.u.i.k.p.i.AbstractProblemLoader Replaying proof BFilter[ThreadSpec2::initPost()].JML accessible clause.0 
200855     DEBUG main            d.u.i.k.p.i.IntermediateProofReplayer Proof replay took 7.52ms 
200856     DEBUG main            d.u.i.k.p.r.p.TestFile    ... success: reloaded. 
200857     INFO  main            d.u.i.k.p.r.p.TestFile    Now processing file /home/runner/work/key/key/key.core/../key.ui/examples/heap/permissions/threads/BFilter_inv_accessible1.key 
200857     INFO  main            d.u.i.k.p.i.AbstractProblemLoader Loading environment from /home/runner/work/key/key/key.core/../key.ui/examples/heap/permissions/threads/BFilter_inv_accessible1.key 
200857     DEBUG main            d.u.i.k.p.i.AbstractProblemLoader Environment load took 91ns 
200858     INFO  main            d.u.i.k.p.i.AbstractProblemLoader Creating init config 
205504     DEBUG main            d.u.i.k.p.i.AbstractProblemLoader Init config took 4.65s 
205583     INFO  main            d.u.i.k.p.i.AbstractProblemLoader Replaying proof BFilter[java.lang.Object::<inv>()].JML accessible clause.0 
205584     DEBUG main            d.u.i.k.p.i.IntermediateProofReplayer Proof replay took 7.4ns 
205688     INFO  main            d.u.i.k.p.r.p.TestFile    ... finished proof: closed. 
205977     INFO  main            d.u.i.k.p.i.AbstractProblemLoader Loading environment from /home/runner/work/key/key/key.core/../key.ui/examples/heap/permissions/threads/BFilter_inv_accessible1.key.proof 
205977     DEBUG main            d.u.i.k.p.i.AbstractProblemLoader Environment load took 116.5ns 
205978     INFO  main            d.u.i.k.p.i.AbstractProblemLoader Creating init config 
210524     DEBUG main            d.u.i.k.p.i.AbstractProblemLoader Init config took 4.55s 
210603     INFO  main            d.u.i.k.p.i.AbstractProblemLoader Replaying proof BFilter[java.lang.Object::<inv>()].JML accessible clause.0 
210606     DEBUG main            d.u.i.k.p.i.IntermediateProofReplayer Proof replay took 1.47ms 
210607     DEBUG main            d.u.i.k.p.r.p.TestFile    ... success: reloaded. 
210608     INFO  main            d.u.i.k.p.r.p.TestFile    Now processing file /home/runner/work/key/key/key.core/../key.ui/examples/heap/permissions/threads/BFilter_inv_accessible2.key 
210608     INFO  main            d.u.i.k.p.i.AbstractProblemLoader Loading environment from /home/runner/work/key/key/key.core/../key.ui/examples/heap/permissions/threads/BFilter_inv_accessible2.key 
210608     DEBUG main            d.u.i.k.p.i.AbstractProblemLoader Environment load took 82.9ns 
210609     INFO  main            d.u.i.k.p.i.AbstractProblemLoader Creating init config 
215230     DEBUG main            d.u.i.k.p.i.AbstractProblemLoader Init config took 4.62s 
215309     INFO  main            d.u.i.k.p.i.AbstractProblemLoader Replaying proof BFilter[java.lang.Object::<inv>()].JML accessible clause.1 
215311     DEBUG main            d.u.i.k.p.i.IntermediateProofReplayer Proof replay took 7.1ns 
215415     INFO  main            d.u.i.k.p.r.p.TestFile    ... finished proof: closed. 
215715     INFO  main            d.u.i.k.p.i.AbstractProblemLoader Loading environment from /home/runner/work/key/key/key.core/../key.ui/examples/heap/permissions/threads/BFilter_inv_accessible2.key.proof 
215715     DEBUG main            d.u.i.k.p.i.AbstractProblemLoader Environment load took 113.2ns 
215716     INFO  main            d.u.i.k.p.i.AbstractProblemLoader Creating init config 
220276     DEBUG main            d.u.i.k.p.i.AbstractProblemLoader Init config took 4.56s 
220355     INFO  main            d.u.i.k.p.i.AbstractProblemLoader Replaying proof BFilter[java.lang.Object::<inv>()].JML accessible clause.1 
220358     DEBUG main            d.u.i.k.p.i.IntermediateProofReplayer Proof replay took 1.5ms 
220359     DEBUG main            d.u.i.k.p.r.p.TestFile    ... success: reloaded. 
220360     INFO  main            d.u.i.k.p.r.p.TestFile    Now processing file /home/runner/work/key/key/key.core/../key.ui/examples/heap/permissions/threads/BFilter_joinTransfer_accessible.key 
220360     INFO  main            d.u.i.k.p.i.AbstractProblemLoader Loading environment from /home/runner/work/key/key/key.core/../key.ui/examples/heap/permissions/threads/BFilter_joinTransfer_accessible.key 
220361     DEBUG main            d.u.i.k.p.i.AbstractProblemLoader Environment load took 90.8ns 
220361     INFO  main            d.u.i.k.p.i.AbstractProblemLoader Creating init config 
224946     DEBUG main            d.u.i.k.p.i.AbstractProblemLoader Init config took 4.58s 
225024     INFO  main            d.u.i.k.p.i.AbstractProblemLoader Replaying proof BFilter[ThreadSpec2::joinTransfer()].JML accessible clause.0 
225026     DEBUG main            d.u.i.k.p.i.IntermediateProofReplayer Proof replay took 6.9ns 
228233     INFO  main            d.u.i.k.p.r.p.TestFile    ... finished proof: closed. 
228570     INFO  main            d.u.i.k.p.i.AbstractProblemLoader Loading environment from /home/runner/work/key/key/key.core/../key.ui/examples/heap/permissions/threads/BFilter_joinTransfer_accessible.key.proof 
228570     DEBUG main            d.u.i.k.p.i.AbstractProblemLoader Environment load took 338.81ns 
228571     INFO  main            d.u.i.k.p.i.AbstractProblemLoader Creating init config 
233105     DEBUG main            d.u.i.k.p.i.AbstractProblemLoader Init config took 4.53s 
233201     INFO  main            d.u.i.k.p.i.AbstractProblemLoader Replaying proof BFilter[ThreadSpec2::joinTransfer()].JML accessible clause.0 
233425     DEBUG main            d.u.i.k.p.i.IntermediateProofReplayer Proof replay took 214.41ms 
233427     DEBUG main            d.u.i.k.p.r.p.TestFile    ... success: reloaded. 
233429     INFO  main            d.u.i.k.p.r.p.TestFile    Now processing file /home/runner/work/key/key/key.core/../key.ui/examples/heap/permissions/threads/BFilter_joinTransfer_contract.key 
233429     INFO  main            d.u.i.k.p.i.AbstractProblemLoader Loading environment from /home/runner/work/key/key/key.core/../key.ui/examples/heap/permissions/threads/BFilter_joinTransfer_contract.key 
233429     DEBUG main            d.u.i.k.p.i.AbstractProblemLoader Environment load took 233.8ns 
233430     INFO  main            d.u.i.k.p.i.AbstractProblemLoader Creating init config 
238004     DEBUG main            d.u.i.k.p.i.AbstractProblemLoader Init config took 4.57s 
238085     INFO  main            d.u.i.k.p.i.AbstractProblemLoader Replaying proof BFilter[ThreadSpec2::joinTransfer()].JML model_behavior operation contract.0 
238087     DEBUG main            d.u.i.k.p.i.IntermediateProofReplayer Proof replay took 7.4ns 
238192     INFO  main            d.u.i.k.p.r.p.TestFile    ... finished proof: closed. 
238650     INFO  main            d.u.i.k.p.i.AbstractProblemLoader Loading environment from /home/runner/work/key/key/key.core/../key.ui/examples/heap/permissions/threads/BFilter_joinTransfer_contract.key.proof 
238651     DEBUG main            d.u.i.k.p.i.AbstractProblemLoader Environment load took 113.2ns 
238652     INFO  main            d.u.i.k.p.i.AbstractProblemLoader Creating init config 
243187     DEBUG main            d.u.i.k.p.i.AbstractProblemLoader Init config took 4.53s 
243266     INFO  main            d.u.i.k.p.i.AbstractProblemLoader Replaying proof BFilter[ThreadSpec2::joinTransfer()].JML model_behavior operation contract.0 
243274     DEBUG main            d.u.i.k.p.i.IntermediateProofReplayer Proof replay took 6.35ms 
243274     DEBUG main            d.u.i.k.p.r.p.TestFile    ... success: reloaded. 
243275     INFO  main            d.u.i.k.p.r.p.TestFile    Now processing file /home/runner/work/key/key/key.core/../key.ui/examples/heap/permissions/threads/BFilter_postJoin_accessible.key 
243276     INFO  main            d.u.i.k.p.i.AbstractProblemLoader Loading environment from /home/runner/work/key/key/key.core/../key.ui/examples/heap/permissions/threads/BFilter_postJoin_accessible.key 
243276     DEBUG main            d.u.i.k.p.i.AbstractProblemLoader Environment load took 55.8ns 
243277     INFO  main            d.u.i.k.p.i.AbstractProblemLoader Creating init config 
247891     DEBUG main            d.u.i.k.p.i.AbstractProblemLoader Init config took 4.61s 
247969     INFO  main            d.u.i.k.p.i.AbstractProblemLoader Replaying proof BFilter[ThreadSpec2::postJoin(java.lang.Object)].JML accessible clause.0 
247971     DEBUG main            d.u.i.k.p.i.IntermediateProofReplayer Proof replay took 7.2ns 
248074     INFO  main            d.u.i.k.p.r.p.TestFile    ... finished proof: closed. 
248428     INFO  main            d.u.i.k.p.i.AbstractProblemLoader Loading environment from /home/runner/work/key/key/key.core/../key.ui/examples/heap/permissions/threads/BFilter_postJoin_accessible.key.proof 
248428     DEBUG main            d.u.i.k.p.i.AbstractProblemLoader Environment load took 117ns 
248429     INFO  main            d.u.i.k.p.i.AbstractProblemLoader Creating init config 
252968     DEBUG main            d.u.i.k.p.i.AbstractProblemLoader Init config took 4.54s 
253048     INFO  main            d.u.i.k.p.i.AbstractProblemLoader Replaying proof BFilter[ThreadSpec2::postJoin(java.lang.Object)].JML accessible clause.0 
253055     DEBUG main            d.u.i.k.p.i.IntermediateProofReplayer Proof replay took 5.54ms 
253056     DEBUG main            d.u.i.k.p.r.p.TestFile    ... success: reloaded. 
253057     INFO  main            d.u.i.k.p.r.p.TestFile    Now processing file /home/runner/work/key/key/key.core/../key.ui/examples/heap/permissions/threads/BFilter_preStart_accessible.key 
253057     INFO  main            d.u.i.k.p.i.AbstractProblemLoader Loading environment from /home/runner/work/key/key/key.core/../key.ui/examples/heap/permissions/threads/BFilter_preStart_accessible.key 
253057     DEBUG main            d.u.i.k.p.i.AbstractProblemLoader Environment load took 64.7ns 
253058     INFO  main            d.u.i.k.p.i.AbstractProblemLoader Creating init config 
257613     DEBUG main            d.u.i.k.p.i.AbstractProblemLoader Init config took 4.56s 
257690     INFO  main            d.u.i.k.p.i.AbstractProblemLoader Replaying proof BFilter[ThreadSpec2::preStart(java.lang.Object)].JML accessible clause.0 
257692     DEBUG main            d.u.i.k.p.i.IntermediateProofReplayer Proof replay took 8ns 
257994     INFO  main            d.u.i.k.p.r.p.TestFile    ... finished proof: closed. 
258310     INFO  main            d.u.i.k.p.i.AbstractProblemLoader Loading environment from /home/runner/work/key/key/key.core/../key.ui/examples/heap/permissions/threads/BFilter_preStart_accessible.key.proof 
258310     DEBUG main            d.u.i.k.p.i.AbstractProblemLoader Environment load took 109ns 
258311     INFO  main            d.u.i.k.p.i.AbstractProblemLoader Creating init config 
262815     DEBUG main            d.u.i.k.p.i.AbstractProblemLoader Init config took 4.5s 
262893     INFO  main            d.u.i.k.p.i.AbstractProblemLoader Replaying proof BFilter[ThreadSpec2::preStart(java.lang.Object)].JML accessible clause.0 
262915     DEBUG main            d.u.i.k.p.i.IntermediateProofReplayer Proof replay took 18.97ms 
262915     DEBUG main            d.u.i.k.p.r.p.TestFile    ... success: reloaded. 
262917     INFO  main            d.u.i.k.p.r.p.TestFile    Now processing file /home/runner/work/key/key/key.core/../key.ui/examples/heap/permissions/threads/BFilter_startTransfer_accessible.key 
262917     INFO  main            d.u.i.k.p.i.AbstractProblemLoader Loading environment from /home/runner/work/key/key/key.core/../key.ui/examples/heap/permissions/threads/BFilter_startTransfer_accessible.key 
262917     DEBUG main            d.u.i.k.p.i.AbstractProblemLoader Environment load took 88.2ns 
262918     INFO  main            d.u.i.k.p.i.AbstractProblemLoader Creating init config 
267536     DEBUG main            d.u.i.k.p.i.AbstractProblemLoader Init config took 4.62s 
267615     INFO  main            d.u.i.k.p.i.AbstractProblemLoader Replaying proof BFilter[ThreadSpec2::startTransfer()].JML accessible clause.0 
267617     DEBUG main            d.u.i.k.p.i.IntermediateProofReplayer Proof replay took 8.3ns 
273453     INFO  main            d.u.i.k.p.r.p.TestFile    ... finished proof: closed. 
273811     INFO  main            d.u.i.k.p.i.AbstractProblemLoader Loading environment from /home/runner/work/key/key/key.core/../key.ui/examples/heap/permissions/threads/BFilter_startTransfer_accessible.key.proof 
273811     DEBUG main            d.u.i.k.p.i.AbstractProblemLoader Environment load took 394.11ns 
273813     INFO  main            d.u.i.k.p.i.AbstractProblemLoader Creating init config 
278345     DEBUG main            d.u.i.k.p.i.AbstractProblemLoader Init config took 4.53s 
278423     INFO  main            d.u.i.k.p.i.AbstractProblemLoader Replaying proof BFilter[ThreadSpec2::startTransfer()].JML accessible clause.0 
278739     DEBUG main            d.u.i.k.p.i.IntermediateProofReplayer Proof replay took 305.19ms 
278741     DEBUG main            d.u.i.k.p.r.p.TestFile    ... success: reloaded. 
278742     INFO  main            d.u.i.k.p.r.p.TestFile    Now processing file /home/runner/work/key/key/key.core/../key.ui/examples/heap/permissions/threads/BFilter_startTransfer_contract.key 
278742     INFO  main            d.u.i.k.p.i.AbstractProblemLoader Loading environment from /home/runner/work/key/key/key.core/../key.ui/examples/heap/permissions/threads/BFilter_startTransfer_contract.key 
278742     DEBUG main            d.u.i.k.p.i.AbstractProblemLoader Environment load took 154.2ns 
278743     INFO  main            d.u.i.k.p.i.AbstractProblemLoader Creating init config 
283359     DEBUG main            d.u.i.k.p.i.AbstractProblemLoader Init config took 4.62s 
283441     INFO  main            d.u.i.k.p.i.AbstractProblemLoader Replaying proof BFilter[ThreadSpec2::startTransfer()].JML model_behavior operation contract.0 
283445     DEBUG main            d.u.i.k.p.i.IntermediateProofReplayer Proof replay took 7.8ns 
284651     INFO  main            d.u.i.k.p.r.p.TestFile    ... finished proof: closed. 
284988     INFO  main            d.u.i.k.p.i.AbstractProblemLoader Loading environment from /home/runner/work/key/key/key.core/../key.ui/examples/heap/permissions/threads/BFilter_startTransfer_contract.key.proof 
284988     DEBUG main            d.u.i.k.p.i.AbstractProblemLoader Environment load took 170.7ns 
284989     INFO  main            d.u.i.k.p.i.AbstractProblemLoader Creating init config 
289507     DEBUG main            d.u.i.k.p.i.AbstractProblemLoader Init config took 4.52s 
289585     INFO  main            d.u.i.k.p.i.AbstractProblemLoader Replaying proof BFilter[ThreadSpec2::startTransfer()].JML model_behavior operation contract.0 
289680     DEBUG main            d.u.i.k.p.i.IntermediateProofReplayer Proof replay took 88.58ms 
289681     DEBUG main            d.u.i.k.p.r.p.TestFile    ... success: reloaded. 
289682     INFO  main            d.u.i.k.p.r.p.TestFile    Now processing file /home/runner/work/key/key/key.core/../key.ui/examples/heap/permissions/threads/BFilter_stateInv_accessible.key 
289682     INFO  main            d.u.i.k.p.i.AbstractProblemLoader Loading environment from /home/runner/work/key/key/key.core/../key.ui/examples/heap/permissions/threads/BFilter_stateInv_accessible.key 
289682     DEBUG main            d.u.i.k.p.i.AbstractProblemLoader Environment load took 92.9ns 
289683     INFO  main            d.u.i.k.p.i.AbstractProblemLoader Creating init config 
294279     DEBUG main            d.u.i.k.p.i.AbstractProblemLoader Init config took 4.6s 
294357     INFO  main            d.u.i.k.p.i.AbstractProblemLoader Replaying proof BFilter[ThreadSpec2::stateInv()].JML accessible clause.0 
294359     DEBUG main            d.u.i.k.p.i.IntermediateProofReplayer Proof replay took 6.5ns 
294661     INFO  main            d.u.i.k.p.r.p.TestFile    ... finished proof: closed. 
295069     INFO  main            d.u.i.k.p.i.AbstractProblemLoader Loading environment from /home/runner/work/key/key/key.core/../key.ui/examples/heap/permissions/threads/BFilter_stateInv_accessible.key.proof 
295069     DEBUG main            d.u.i.k.p.i.AbstractProblemLoader Environment load took 106ns 
295070     INFO  main            d.u.i.k.p.i.AbstractProblemLoader Creating init config 
299584     DEBUG main            d.u.i.k.p.i.AbstractProblemLoader Init config took 4.51s 
299661     INFO  main            d.u.i.k.p.i.AbstractProblemLoader Replaying proof BFilter[ThreadSpec2::stateInv()].JML accessible clause.0 
299688     DEBUG main            d.u.i.k.p.i.IntermediateProofReplayer Proof replay took 24.82ms 
299689     DEBUG main            d.u.i.k.p.r.p.TestFile    ... success: reloaded. 
299690     INFO  main            d.u.i.k.p.r.p.TestFile    Now processing file /home/runner/work/key/key/key.core/../key.ui/examples/heap/permissions/threads/BFilter_staticPermissions_accessible.key 
299691     INFO  main            d.u.i.k.p.i.AbstractProblemLoader Loading environment from /home/runner/work/key/key/key.core/../key.ui/examples/heap/permissions/threads/BFilter_staticPermissions_accessible.key 
299691     DEBUG main            d.u.i.k.p.i.AbstractProblemLoader Environment load took 80.5ns 
299691     INFO  main            d.u.i.k.p.i.AbstractProblemLoader Creating init config 
304280     DEBUG main            d.u.i.k.p.i.AbstractProblemLoader Init config took 4.59s 
304358     INFO  main            d.u.i.k.p.i.AbstractProblemLoader Replaying proof BFilter[ThreadSpec2::staticPermissions()].JML accessible clause.0 
304360     DEBUG main            d.u.i.k.p.i.IntermediateProofReplayer Proof replay took 8.1ns 
304461     INFO  main            d.u.i.k.p.r.p.TestFile    ... finished proof: closed. 
304816     INFO  main            d.u.i.k.p.i.AbstractProblemLoader Loading environment from /home/runner/work/key/key/key.core/../key.ui/examples/heap/permissions/threads/BFilter_staticPermissions_accessible.key.proof 
304816     DEBUG main            d.u.i.k.p.i.AbstractProblemLoader Environment load took 107.6ns 
304817     INFO  main            d.u.i.k.p.i.AbstractProblemLoader Creating init config 
309326     DEBUG main            d.u.i.k.p.i.AbstractProblemLoader Init config took 4.51s 
309403     INFO  main            d.u.i.k.p.i.AbstractProblemLoader Replaying proof BFilter[ThreadSpec2::staticPermissions()].JML accessible clause.0 
309411     DEBUG main            d.u.i.k.p.i.IntermediateProofReplayer Proof replay took 6.7ms 
309412     DEBUG main            d.u.i.k.p.r.p.TestFile    ... success: reloaded. 
309413     INFO  main            d.u.i.k.p.r.p.TestFile    Now processing file /home/runner/work/key/key/key.core/../key.ui/examples/heap/permissions/threads/BFilter_workingPermissions_accessible.key 
309413     INFO  main            d.u.i.k.p.i.AbstractProblemLoader Loading environment from /home/runner/work/key/key/key.core/../key.ui/examples/heap/permissions/threads/BFilter_workingPermissions_accessible.key 
309413     DEBUG main            d.u.i.k.p.i.AbstractProblemLoader Environment load took 79ns 
309414     INFO  main            d.u.i.k.p.i.AbstractProblemLoader Creating init config 
314009     DEBUG main            d.u.i.k.p.i.AbstractProblemLoader Init config took 4.6s 
314103     INFO  main            d.u.i.k.p.i.AbstractProblemLoader Replaying proof BFilter[ThreadSpec2::workingPermissions()].JML accessible clause.0 
314105     DEBUG main            d.u.i.k.p.i.IntermediateProofReplayer Proof replay took 7ns 
314206     INFO  main            d.u.i.k.p.r.p.TestFile    ... finished proof: closed. 
314565     INFO  main            d.u.i.k.p.i.AbstractProblemLoader Loading environment from /home/runner/work/key/key/key.core/../key.ui/examples/heap/permissions/threads/BFilter_workingPermissions_accessible.key.proof 
314565     DEBUG main            d.u.i.k.p.i.AbstractProblemLoader Environment load took 101.6ns 
314565     INFO  main            d.u.i.k.p.i.AbstractProblemLoader Creating init config 
319065     DEBUG main            d.u.i.k.p.i.AbstractProblemLoader Init config took 4.5s 
319143     INFO  main            d.u.i.k.p.i.AbstractProblemLoader Replaying proof BFilter[ThreadSpec2::workingPermissions()].JML accessible clause.0 
319181     DEBUG main            d.u.i.k.p.i.IntermediateProofReplayer Proof replay took 36ms 
319182     DEBUG main            d.u.i.k.p.r.p.TestFile    ... success: reloaded. 
319183     INFO  main            d.u.i.k.p.r.p.TestFile    Now processing file /home/runner/work/key/key/key.core/../key.ui/examples/heap/permissions/threads/Fib_Fib.key 
319183     INFO  main            d.u.i.k.p.i.AbstractProblemLoader Loading environment from /home/runner/work/key/key/key.core/../key.ui/examples/heap/permissions/threads/Fib_Fib.key 
319183     DEBUG main            d.u.i.k.p.i.AbstractProblemLoader Environment load took 47ns 
319184     INFO  main            d.u.i.k.p.i.AbstractProblemLoader Creating init config 
323764     DEBUG main            d.u.i.k.p.i.AbstractProblemLoader Init config took 4.58s 
323841     INFO  main            d.u.i.k.p.i.AbstractProblemLoader Replaying proof Fib[Fib::Fib(int)].JML normal_behavior operation contract.0 
323843     DEBUG main            d.u.i.k.p.i.IntermediateProofReplayer Proof replay took 6.5ns 
324449     INFO  main            d.u.i.k.p.r.p.TestFile    ... finished proof: closed. 
324851     INFO  main            d.u.i.k.p.i.AbstractProblemLoader Loading environment from /home/runner/work/key/key/key.core/../key.ui/examples/heap/permissions/threads/Fib_Fib.key.proof 
324851     DEBUG main            d.u.i.k.p.i.AbstractProblemLoader Environment load took 103.2ns 
324852     INFO  main            d.u.i.k.p.i.AbstractProblemLoader Creating init config 
329359     DEBUG main            d.u.i.k.p.i.AbstractProblemLoader Init config took 4.51s 
329436     INFO  main            d.u.i.k.p.i.AbstractProblemLoader Replaying proof Fib[Fib::Fib(int)].JML normal_behavior operation contract.0 
329508     DEBUG main            d.u.i.k.p.i.IntermediateProofReplayer Proof replay took 68.88ms 
329509     DEBUG main            d.u.i.k.p.r.p.TestFile    ... success: reloaded. 
329510     INFO  main            d.u.i.k.p.r.p.TestFile    Now processing file /home/runner/work/key/key/key.core/../key.ui/examples/heap/permissions/threads/Fib_initPost_accessible.key 
329511     INFO  main            d.u.i.k.p.i.AbstractProblemLoader Loading environment from /home/runner/work/key/key/key.core/../key.ui/examples/heap/permissions/threads/Fib_initPost_accessible.key 
329511     DEBUG main            d.u.i.k.p.i.AbstractProblemLoader Environment load took 53.5ns 
329512     INFO  main            d.u.i.k.p.i.AbstractProblemLoader Creating init config 
334094     DEBUG main            d.u.i.k.p.i.AbstractProblemLoader Init config took 4.58s 
334186     INFO  main            d.u.i.k.p.i.AbstractProblemLoader Replaying proof Fib[ThreadSpec::initPost()].JML accessible clause.0 
334188     DEBUG main            d.u.i.k.p.i.IntermediateProofReplayer Proof replay took 7.4ns 
334289     INFO  main            d.u.i.k.p.r.p.TestFile    ... finished proof: closed. 
334656     INFO  main            d.u.i.k.p.i.AbstractProblemLoader Loading environment from /home/runner/work/key/key/key.core/../key.ui/examples/heap/permissions/threads/Fib_initPost_accessible.key.proof 
334657     DEBUG main            d.u.i.k.p.i.AbstractProblemLoader Environment load took 105ns 
334657     INFO  main            d.u.i.k.p.i.AbstractProblemLoader Creating init config 
339165     DEBUG main            d.u.i.k.p.i.AbstractProblemLoader Init config took 4.51s 
339242     INFO  main            d.u.i.k.p.i.AbstractProblemLoader Replaying proof Fib[ThreadSpec::initPost()].JML accessible clause.0 
339247     DEBUG main            d.u.i.k.p.i.IntermediateProofReplayer Proof replay took 3.81ms 
339248     DEBUG main            d.u.i.k.p.r.p.TestFile    ... success: reloaded. 
339249     INFO  main            d.u.i.k.p.r.p.TestFile    Now processing file /home/runner/work/key/key/key.core/../key.ui/examples/heap/permissions/threads/Fib_inv1_accessible.key 
339250     INFO  main            d.u.i.k.p.i.AbstractProblemLoader Loading environment from /home/runner/work/key/key/key.core/../key.ui/examples/heap/permissions/threads/Fib_inv1_accessible.key 
339250     DEBUG main            d.u.i.k.p.i.AbstractProblemLoader Environment load took 126.7ns 
339251     INFO  main            d.u.i.k.p.i.AbstractProblemLoader Creating init config 
343844     DEBUG main            d.u.i.k.p.i.AbstractProblemLoader Init config took 4.59s 
343921     INFO  main            d.u.i.k.p.i.AbstractProblemLoader Replaying proof Fib[java.lang.Object::<inv>()].JML accessible clause.0 
343922     DEBUG main            d.u.i.k.p.i.IntermediateProofReplayer Proof replay took 6.4ns 
344023     INFO  main            d.u.i.k.p.r.p.TestFile    ... finished proof: closed. 
344398     INFO  main            d.u.i.k.p.i.AbstractProblemLoader Loading environment from /home/runner/work/key/key/key.core/../key.ui/examples/heap/permissions/threads/Fib_inv1_accessible.key.proof 
344399     DEBUG main            d.u.i.k.p.i.AbstractProblemLoader Environment load took 100.2ns 
344400     INFO  main            d.u.i.k.p.i.AbstractProblemLoader Creating init config 
348917     DEBUG main            d.u.i.k.p.i.AbstractProblemLoader Init config took 4.52s 
348996     INFO  main            d.u.i.k.p.i.AbstractProblemLoader Replaying proof Fib[java.lang.Object::<inv>()].JML accessible clause.0 
349000     DEBUG main            d.u.i.k.p.i.IntermediateProofReplayer Proof replay took 1.44ms 
349001     DEBUG main            d.u.i.k.p.r.p.TestFile    ... success: reloaded. 
349002     INFO  main            d.u.i.k.p.r.p.TestFile    Now processing file /home/runner/work/key/key/key.core/../key.ui/examples/heap/permissions/threads/Fib_inv2_accessible.key 
349002     INFO  main            d.u.i.k.p.i.AbstractProblemLoader Loading environment from /home/runner/work/key/key/key.core/../key.ui/examples/heap/permissions/threads/Fib_inv2_accessible.key 
349002     DEBUG main            d.u.i.k.p.i.AbstractProblemLoader Environment load took 50ns 
349003     INFO  main            d.u.i.k.p.i.AbstractProblemLoader Creating init config 
353586     DEBUG main            d.u.i.k.p.i.AbstractProblemLoader Init config took 4.58s 
353684     INFO  main            d.u.i.k.p.i.AbstractProblemLoader Replaying proof Fib[java.lang.Object::<inv>()].JML accessible clause.1 
353685     DEBUG main            d.u.i.k.p.i.IntermediateProofReplayer Proof replay took 7.4ns 
353787     INFO  main            d.u.i.k.p.r.p.TestFile    ... finished proof: closed. 
354170     INFO  main            d.u.i.k.p.i.AbstractProblemLoader Loading environment from /home/runner/work/key/key/key.core/../key.ui/examples/heap/permissions/threads/Fib_inv2_accessible.key.proof 
354171     DEBUG main            d.u.i.k.p.i.AbstractProblemLoader Environment load took 94.6ns 
354171     INFO  main            d.u.i.k.p.i.AbstractProblemLoader Creating init config 
358646     DEBUG main            d.u.i.k.p.i.AbstractProblemLoader Init config took 4.47s 
358736     INFO  main            d.u.i.k.p.i.AbstractProblemLoader Replaying proof Fib[java.lang.Object::<inv>()].JML accessible clause.1 
358739     DEBUG main            d.u.i.k.p.i.IntermediateProofReplayer Proof replay took 1.44ms 
358740     DEBUG main            d.u.i.k.p.r.p.TestFile    ... success: reloaded. 
358741     INFO  main            d.u.i.k.p.r.p.TestFile    Now processing file /home/runner/work/key/key/key.core/../key.ui/examples/heap/permissions/threads/Fib_joinTransfer_accessible.key 
358741     INFO  main            d.u.i.k.p.i.AbstractProblemLoader Loading environment from /home/runner/work/key/key/key.core/../key.ui/examples/heap/permissions/threads/Fib_joinTransfer_accessible.key 
358741     DEBUG main            d.u.i.k.p.i.AbstractProblemLoader Environment load took 51.6ns 
358742     INFO  main            d.u.i.k.p.i.AbstractProblemLoader Creating init config 
363298     DEBUG main            d.u.i.k.p.i.AbstractProblemLoader Init config took 4.56s 
363377     INFO  main            d.u.i.k.p.i.AbstractProblemLoader Replaying proof Fib[ThreadSpec::joinTransfer()].JML accessible clause.0 
363379     DEBUG main            d.u.i.k.p.i.IntermediateProofReplayer Proof replay took 7.6ns 
363581     INFO  main            d.u.i.k.p.r.p.TestFile    ... finished proof: closed. 
363974     INFO  main            d.u.i.k.p.i.AbstractProblemLoader Loading environment from /home/runner/work/key/key/key.core/../key.ui/examples/heap/permissions/threads/Fib_joinTransfer_accessible.key.proof 
363975     DEBUG main            d.u.i.k.p.i.AbstractProblemLoader Environment load took 100.2ns 
363976     INFO  main            d.u.i.k.p.i.AbstractProblemLoader Creating init config 
368451     DEBUG main            d.u.i.k.p.i.AbstractProblemLoader Init config took 4.47s 
368548     INFO  main            d.u.i.k.p.i.AbstractProblemLoader Replaying proof Fib[ThreadSpec::joinTransfer()].JML accessible clause.0 
368568     DEBUG main            d.u.i.k.p.i.IntermediateProofReplayer Proof replay took 17.1ms 
368569     DEBUG main            d.u.i.k.p.r.p.TestFile    ... success: reloaded. 
368570     INFO  main            d.u.i.k.p.r.p.TestFile    Now processing file /home/runner/work/key/key/key.core/../key.ui/examples/heap/permissions/threads/Fib_joinTransfer_contract.key 
368570     INFO  main            d.u.i.k.p.i.AbstractProblemLoader Loading environment from /home/runner/work/key/key/key.core/../key.ui/examples/heap/permissions/threads/Fib_joinTransfer_contract.key 
368570     DEBUG main            d.u.i.k.p.i.AbstractProblemLoader Environment load took 156ns 
368571     INFO  main            d.u.i.k.p.i.AbstractProblemLoader Creating init config 
373128     DEBUG main            d.u.i.k.p.i.AbstractProblemLoader Init config took 4.56s 
373209     INFO  main            d.u.i.k.p.i.AbstractProblemLoader Replaying proof Fib[ThreadSpec::joinTransfer()].JML model_behavior operation contract.0 
373211     DEBUG main            d.u.i.k.p.i.IntermediateProofReplayer Proof replay took 8.6ns 
373312     INFO  main            d.u.i.k.p.r.p.TestFile    ... finished proof: closed. 
373707     INFO  main            d.u.i.k.p.i.AbstractProblemLoader Loading environment from /home/runner/work/key/key/key.core/../key.ui/examples/heap/permissions/threads/Fib_joinTransfer_contract.key.proof 
373707     DEBUG main            d.u.i.k.p.i.AbstractProblemLoader Environment load took 101.9ns 
373708     INFO  main            d.u.i.k.p.i.AbstractProblemLoader Creating init config 
378191     DEBUG main            d.u.i.k.p.i.AbstractProblemLoader Init config took 4.48s 
378270     INFO  main            d.u.i.k.p.i.AbstractProblemLoader Replaying proof Fib[ThreadSpec::joinTransfer()].JML model_behavior operation contract.0 
378278     DEBUG main            d.u.i.k.p.i.IntermediateProofReplayer Proof replay took 5.98ms 
378279     DEBUG main            d.u.i.k.p.r.p.TestFile    ... success: reloaded. 
378280     INFO  main            d.u.i.k.p.r.p.TestFile    Now processing file /home/runner/work/key/key/key.core/../key.ui/examples/heap/permissions/threads/Fib_postJoin_accessible.key 
378280     INFO  main            d.u.i.k.p.i.AbstractProblemLoader Loading environment from /home/runner/work/key/key/key.core/../key.ui/examples/heap/permissions/threads/Fib_postJoin_accessible.key 
378280     DEBUG main            d.u.i.k.p.i.AbstractProblemLoader Environment load took 154.1ns 
378281     INFO  main            d.u.i.k.p.i.AbstractProblemLoader Creating init config 
382851     DEBUG main            d.u.i.k.p.i.AbstractProblemLoader Init config took 4.57s 
382928     INFO  main            d.u.i.k.p.i.AbstractProblemLoader Replaying proof Fib[ThreadSpec::postJoin(java.lang.Object)].JML accessible clause.0 
382931     DEBUG main            d.u.i.k.p.i.IntermediateProofReplayer Proof replay took 6.8ns 
383032     INFO  main            d.u.i.k.p.r.p.TestFile    ... finished proof: closed. 
383457     INFO  main            d.u.i.k.p.i.AbstractProblemLoader Loading environment from /home/runner/work/key/key/key.core/../key.ui/examples/heap/permissions/threads/Fib_postJoin_accessible.key.proof 
383457     DEBUG main            d.u.i.k.p.i.AbstractProblemLoader Environment load took 98.3ns 
383458     INFO  main            d.u.i.k.p.i.AbstractProblemLoader Creating init config 
387946     DEBUG main            d.u.i.k.p.i.AbstractProblemLoader Init config took 4.49s 
388022     INFO  main            d.u.i.k.p.i.AbstractProblemLoader Replaying proof Fib[ThreadSpec::postJoin(java.lang.Object)].JML accessible clause.0 
388028     DEBUG main            d.u.i.k.p.i.IntermediateProofReplayer Proof replay took 3.96ms 
388028     DEBUG main            d.u.i.k.p.r.p.TestFile    ... success: reloaded. 
388029     INFO  main            d.u.i.k.p.r.p.TestFile    Now processing file /home/runner/work/key/key/key.core/../key.ui/examples/heap/permissions/threads/Fib_preStart_accessible.key 
388029     INFO  main            d.u.i.k.p.i.AbstractProblemLoader Loading environment from /home/runner/work/key/key/key.core/../key.ui/examples/heap/permissions/threads/Fib_preStart_accessible.key 
388029     DEBUG main            d.u.i.k.p.i.AbstractProblemLoader Environment load took 94ns 
388030     INFO  main            d.u.i.k.p.i.AbstractProblemLoader Creating init config 
392581     DEBUG main            d.u.i.k.p.i.AbstractProblemLoader Init config took 4.55s 
392657     INFO  main            d.u.i.k.p.i.AbstractProblemLoader Replaying proof Fib[ThreadSpec::preStart(java.lang.Object)].JML accessible clause.0 
392658     DEBUG main            d.u.i.k.p.i.IntermediateProofReplayer Proof replay took 7.6ns 
392759     INFO  main            d.u.i.k.p.r.p.TestFile    ... finished proof: closed. 
393166     INFO  main            d.u.i.k.p.i.AbstractProblemLoader Loading environment from /home/runner/work/key/key/key.core/../key.ui/examples/heap/permissions/threads/Fib_preStart_accessible.key.proof 
393166     DEBUG main            d.u.i.k.p.i.AbstractProblemLoader Environment load took 97.3ns 
393167     INFO  main            d.u.i.k.p.i.AbstractProblemLoader Creating init config 
397653     DEBUG main            d.u.i.k.p.i.AbstractProblemLoader Init config took 4.49s 
397730     INFO  main            d.u.i.k.p.i.AbstractProblemLoader Replaying proof Fib[ThreadSpec::preStart(java.lang.Object)].JML accessible clause.0 
397735     DEBUG main            d.u.i.k.p.i.IntermediateProofReplayer Proof replay took 4.05ms 
397736     DEBUG main            d.u.i.k.p.r.p.TestFile    ... success: reloaded. 
397737     INFO  main            d.u.i.k.p.r.p.TestFile    Now processing file /home/runner/work/key/key/key.core/../key.ui/examples/heap/permissions/threads/Fib_startTransfer_accessible.key 
397737     INFO  main            d.u.i.k.p.i.AbstractProblemLoader Loading environment from /home/runner/work/key/key/key.core/../key.ui/examples/heap/permissions/threads/Fib_startTransfer_accessible.key 
397737     DEBUG main            d.u.i.k.p.i.AbstractProblemLoader Environment load took 91.6ns 
397738     INFO  main            d.u.i.k.p.i.AbstractProblemLoader Creating init config 
402288     DEBUG main            d.u.i.k.p.i.AbstractProblemLoader Init config took 4.55s 
402385     INFO  main            d.u.i.k.p.i.AbstractProblemLoader Replaying proof Fib[ThreadSpec::startTransfer()].JML accessible clause.0 
402387     DEBUG main            d.u.i.k.p.i.IntermediateProofReplayer Proof replay took 8.6ns 
402589     INFO  main            d.u.i.k.p.r.p.TestFile    ... finished proof: closed. 
403017     INFO  main            d.u.i.k.p.i.AbstractProblemLoader Loading environment from /home/runner/work/key/key/key.core/../key.ui/examples/heap/permissions/threads/Fib_startTransfer_accessible.key.proof 
403017     DEBUG main            d.u.i.k.p.i.AbstractProblemLoader Environment load took 98.7ns 
403018     INFO  main            d.u.i.k.p.i.AbstractProblemLoader Creating init config 
407508     DEBUG main            d.u.i.k.p.i.AbstractProblemLoader Init config took 4.49s 
407584     INFO  main            d.u.i.k.p.i.AbstractProblemLoader Replaying proof Fib[ThreadSpec::startTransfer()].JML accessible clause.0 
407603     DEBUG main            d.u.i.k.p.i.IntermediateProofReplayer Proof replay took 17.52ms 
407604     DEBUG main            d.u.i.k.p.r.p.TestFile    ... success: reloaded. 
407605     INFO  main            d.u.i.k.p.r.p.TestFile    Now processing file /home/runner/work/key/key/key.core/../key.ui/examples/heap/permissions/threads/Fib_startTransfer_contract.key 
407605     INFO  main            d.u.i.k.p.i.AbstractProblemLoader Loading environment from /home/runner/work/key/key/key.core/../key.ui/examples/heap/permissions/threads/Fib_startTransfer_contract.key 
407605     DEBUG main            d.u.i.k.p.i.AbstractProblemLoader Environment load took 84ns 
407606     INFO  main            d.u.i.k.p.i.AbstractProblemLoader Creating init config 
412173     DEBUG main            d.u.i.k.p.i.AbstractProblemLoader Init config took 4.57s 
412250     INFO  main            d.u.i.k.p.i.AbstractProblemLoader Replaying proof Fib[ThreadSpec::startTransfer()].JML model_behavior operation contract.0 
412252     DEBUG main            d.u.i.k.p.i.IntermediateProofReplayer Proof replay took 7ns 
412353     INFO  main            d.u.i.k.p.r.p.TestFile    ... finished proof: closed. 
412772     INFO  main            d.u.i.k.p.i.AbstractProblemLoader Loading environment from /home/runner/work/key/key/key.core/../key.ui/examples/heap/permissions/threads/Fib_startTransfer_contract.key.proof 
412772     DEBUG main            d.u.i.k.p.i.AbstractProblemLoader Environment load took 100.6ns 
412773     INFO  main            d.u.i.k.p.i.AbstractProblemLoader Creating init config 
417256     DEBUG main            d.u.i.k.p.i.AbstractProblemLoader Init config took 4.48s 
417333     INFO  main            d.u.i.k.p.i.AbstractProblemLoader Replaying proof Fib[ThreadSpec::startTransfer()].JML model_behavior operation contract.0 
417340     DEBUG main            d.u.i.k.p.i.IntermediateProofReplayer Proof replay took 6ms 
417341     DEBUG main            d.u.i.k.p.r.p.TestFile    ... success: reloaded. 
417342     INFO  main            d.u.i.k.p.r.p.TestFile    Now processing file /home/runner/work/key/key/key.core/../key.ui/examples/heap/permissions/threads/Fib_workingPermissions_accessible.key 
417342     INFO  main            d.u.i.k.p.i.AbstractProblemLoader Loading environment from /home/runner/work/key/key/key.core/../key.ui/examples/heap/permissions/threads/Fib_workingPermissions_accessible.key 
417342     DEBUG main            d.u.i.k.p.i.AbstractProblemLoader Environment load took 49.6ns 
417343     INFO  main            d.u.i.k.p.i.AbstractProblemLoader Creating init config 
421909     DEBUG main            d.u.i.k.p.i.AbstractProblemLoader Init config took 4.57s 
421985     INFO  main            d.u.i.k.p.i.AbstractProblemLoader Replaying proof Fib[ThreadSpec::workingPermissions()].JML accessible clause.0 
421986     DEBUG main            d.u.i.k.p.i.IntermediateProofReplayer Proof replay took 7.5ns 
422088     INFO  main            d.u.i.k.p.r.p.TestFile    ... finished proof: closed. 
422518     INFO  main            d.u.i.k.p.i.AbstractProblemLoader Loading environment from /home/runner/work/key/key/key.core/../key.ui/examples/heap/permissions/threads/Fib_workingPermissions_accessible.key.proof 
422518     DEBUG main            d.u.i.k.p.i.AbstractProblemLoader Environment load took 117.2ns 
422519     INFO  main            d.u.i.k.p.i.AbstractProblemLoader Creating init config 
427002     DEBUG main            d.u.i.k.p.i.AbstractProblemLoader Init config took 4.48s 
427079     INFO  main            d.u.i.k.p.i.AbstractProblemLoader Replaying proof Fib[ThreadSpec::workingPermissions()].JML accessible clause.0 
427082     DEBUG main            d.u.i.k.p.i.IntermediateProofReplayer Proof replay took 1.7ms 
427083     DEBUG main            d.u.i.k.p.r.p.TestFile    ... success: reloaded. 
427083     INFO  main            d.u.i.k.p.r.p.TestFile    Now processing file /home/runner/work/key/key/key.core/../key.ui/examples/heap/permissions/threads/Plotter_initPost_accessible.key 
427084     INFO  main            d.u.i.k.p.i.AbstractProblemLoader Loading environment from /home/runner/work/key/key/key.core/../key.ui/examples/heap/permissions/threads/Plotter_initPost_accessible.key 
427084     DEBUG main            d.u.i.k.p.i.AbstractProblemLoader Environment load took 48.8ns 
427084     INFO  main            d.u.i.k.p.i.AbstractProblemLoader Creating init config 
431653     DEBUG main            d.u.i.k.p.i.AbstractProblemLoader Init config took 4.57s 
431728     INFO  main            d.u.i.k.p.i.AbstractProblemLoader Replaying proof Plotter[ThreadSpec2::initPost()].JML accessible clause.0 
431730     DEBUG main            d.u.i.k.p.i.IntermediateProofReplayer Proof replay took 7ns 
431831     INFO  main            d.u.i.k.p.r.p.TestFile    ... finished proof: closed. 
432268     INFO  main            d.u.i.k.p.i.AbstractProblemLoader Loading environment from /home/runner/work/key/key/key.core/../key.ui/examples/heap/permissions/threads/Plotter_initPost_accessible.key.proof 
432268     DEBUG main            d.u.i.k.p.i.AbstractProblemLoader Environment load took 100.7ns 
432269     INFO  main            d.u.i.k.p.i.AbstractProblemLoader Creating init config 
436760     DEBUG main            d.u.i.k.p.i.AbstractProblemLoader Init config took 4.49s 
436836     INFO  main            d.u.i.k.p.i.AbstractProblemLoader Replaying proof Plotter[ThreadSpec2::initPost()].JML accessible clause.0 
436846     DEBUG main            d.u.i.k.p.i.IntermediateProofReplayer Proof replay took 8.67ms 
436847     DEBUG main            d.u.i.k.p.r.p.TestFile    ... success: reloaded. 
436848     INFO  main            d.u.i.k.p.r.p.TestFile    Now processing file /home/runner/work/key/key/key.core/../key.ui/examples/heap/permissions/threads/Plotter_inv_accessible1.key 
436848     INFO  main            d.u.i.k.p.i.AbstractProblemLoader Loading environment from /home/runner/work/key/key/key.core/../key.ui/examples/heap/permissions/threads/Plotter_inv_accessible1.key 
436848     DEBUG main            d.u.i.k.p.i.AbstractProblemLoader Environment load took 49.4ns 
436849     INFO  main            d.u.i.k.p.i.AbstractProblemLoader Creating init config 
441416     DEBUG main            d.u.i.k.p.i.AbstractProblemLoader Init config took 4.57s 
441492     INFO  main            d.u.i.k.p.i.AbstractProblemLoader Replaying proof Plotter[java.lang.Object::<inv>()].JML accessible clause.0 
441494     DEBUG main            d.u.i.k.p.i.IntermediateProofReplayer Proof replay took 914.31ns 
441596     INFO  main            d.u.i.k.p.r.p.TestFile    ... finished proof: closed. 
442041     INFO  main            d.u.i.k.p.i.AbstractProblemLoader Loading environment from /home/runner/work/key/key/key.core/../key.ui/examples/heap/permissions/threads/Plotter_inv_accessible1.key.proof 
442042     DEBUG main            d.u.i.k.p.i.AbstractProblemLoader Environment load took 93.7ns 
442042     INFO  main            d.u.i.k.p.i.AbstractProblemLoader Creating init config 
446527     DEBUG main            d.u.i.k.p.i.AbstractProblemLoader Init config took 4.48s 
446602     INFO  main            d.u.i.k.p.i.AbstractProblemLoader Replaying proof Plotter[java.lang.Object::<inv>()].JML accessible clause.0 
446605     DEBUG main            d.u.i.k.p.i.IntermediateProofReplayer Proof replay took 1.34ms 
446606     DEBUG main            d.u.i.k.p.r.p.TestFile    ... success: reloaded. 
446607     INFO  main            d.u.i.k.p.r.p.TestFile    Now processing file /home/runner/work/key/key/key.core/../key.ui/examples/heap/permissions/threads/Plotter_inv_accessible2.key 
446607     INFO  main            d.u.i.k.p.i.AbstractProblemLoader Loading environment from /home/runner/work/key/key/key.core/../key.ui/examples/heap/permissions/threads/Plotter_inv_accessible2.key 
446607     DEBUG main            d.u.i.k.p.i.AbstractProblemLoader Environment load took 47.9ns 
446608     INFO  main            d.u.i.k.p.i.AbstractProblemLoader Creating init config 
451164     DEBUG main            d.u.i.k.p.i.AbstractProblemLoader Init config took 4.56s 
451255     INFO  main            d.u.i.k.p.i.AbstractProblemLoader Replaying proof Plotter[java.lang.Object::<inv>()].JML accessible clause.1 
451256     DEBUG main            d.u.i.k.p.i.IntermediateProofReplayer Proof replay took 7.3ns 
451358     INFO  main            d.u.i.k.p.r.p.TestFile    ... finished proof: closed. 
451812     INFO  main            d.u.i.k.p.i.AbstractProblemLoader Loading environment from /home/runner/work/key/key/key.core/../key.ui/examples/heap/permissions/threads/Plotter_inv_accessible2.key.proof 
451812     DEBUG main            d.u.i.k.p.i.AbstractProblemLoader Environment load took 100.1ns 
451813     INFO  main            d.u.i.k.p.i.AbstractProblemLoader Creating init config 
456296     DEBUG main            d.u.i.k.p.i.AbstractProblemLoader Init config took 4.48s 
456373     INFO  main            d.u.i.k.p.i.AbstractProblemLoader Replaying proof Plotter[java.lang.Object::<inv>()].JML accessible clause.1 
456375     DEBUG main            d.u.i.k.p.i.IntermediateProofReplayer Proof replay took 1.42ms 
456376     DEBUG main            d.u.i.k.p.r.p.TestFile    ... success: reloaded. 
456377     INFO  main            d.u.i.k.p.r.p.TestFile    Now processing file /home/runner/work/key/key/key.core/../key.ui/examples/heap/permissions/threads/Plotter_joinTransfer_contract.key 
456377     INFO  main            d.u.i.k.p.i.AbstractProblemLoader Loading environment from /home/runner/work/key/key/key.core/../key.ui/examples/heap/permissions/threads/Plotter_joinTransfer_contract.key 
456377     DEBUG main            d.u.i.k.p.i.AbstractProblemLoader Environment load took 89ns 
456378     INFO  main            d.u.i.k.p.i.AbstractProblemLoader Creating init config 
460947     DEBUG main            d.u.i.k.p.i.AbstractProblemLoader Init config took 4.57s 
461040     INFO  main            d.u.i.k.p.i.AbstractProblemLoader Replaying proof Plotter[ThreadSpec2::joinTransfer()].JML model_behavior operation contract.0 
461042     DEBUG main            d.u.i.k.p.i.IntermediateProofReplayer Proof replay took 7ns 
461143     INFO  main            d.u.i.k.p.r.p.TestFile    ... finished proof: closed. 
461601     INFO  main            d.u.i.k.p.i.AbstractProblemLoader Loading environment from /home/runner/work/key/key/key.core/../key.ui/examples/heap/permissions/threads/Plotter_joinTransfer_contract.key.proof 
461601     DEBUG main            d.u.i.k.p.i.AbstractProblemLoader Environment load took 95.9ns 
461602     INFO  main            d.u.i.k.p.i.AbstractProblemLoader Creating init config 
466080     DEBUG main            d.u.i.k.p.i.AbstractProblemLoader Init config took 4.48s 
466172     INFO  main            d.u.i.k.p.i.AbstractProblemLoader Replaying proof Plotter[ThreadSpec2::joinTransfer()].JML model_behavior operation contract.0 
466180     DEBUG main            d.u.i.k.p.i.IntermediateProofReplayer Proof replay took 6.5ms 
466181     DEBUG main            d.u.i.k.p.r.p.TestFile    ... success: reloaded. 
466182     INFO  main            d.u.i.k.p.r.p.TestFile    Now processing file /home/runner/work/key/key/key.core/../key.ui/examples/heap/permissions/threads/Plotter_Plotter.key 
466182     INFO  main            d.u.i.k.p.i.AbstractProblemLoader Loading environment from /home/runner/work/key/key/key.core/../key.ui/examples/heap/permissions/threads/Plotter_Plotter.key 
466182     DEBUG main            d.u.i.k.p.i.AbstractProblemLoader Environment load took 49.4ns 
466183     INFO  main            d.u.i.k.p.i.AbstractProblemLoader Creating init config 
470749     DEBUG main            d.u.i.k.p.i.AbstractProblemLoader Init config took 4.57s 
470826     INFO  main            d.u.i.k.p.i.AbstractProblemLoader Replaying proof Plotter[Plotter::Plotter(AFilter,BFilter,Buffer)].JML normal_behavior operation contract.0 
470828     DEBUG main            d.u.i.k.p.i.IntermediateProofReplayer Proof replay took 6.9ns 
472535     INFO  main            d.u.i.k.p.r.p.TestFile    ... finished proof: closed. 
473018     INFO  main            d.u.i.k.p.i.AbstractProblemLoader Loading environment from /home/runner/work/key/key/key.core/../key.ui/examples/heap/permissions/threads/Plotter_Plotter.key.proof 
473018     DEBUG main            d.u.i.k.p.i.AbstractProblemLoader Environment load took 102.8ns 
473020     INFO  main            d.u.i.k.p.i.AbstractProblemLoader Creating init config 
477512     DEBUG main            d.u.i.k.p.i.AbstractProblemLoader Init config took 4.49s 
477589     INFO  main            d.u.i.k.p.i.AbstractProblemLoader Replaying proof Plotter[Plotter::Plotter(AFilter,BFilter,Buffer)].JML normal_behavior operation contract.0 
477746     DEBUG main            d.u.i.k.p.i.IntermediateProofReplayer Proof replay took 151.11ms 
477747     DEBUG main            d.u.i.k.p.r.p.TestFile    ... success: reloaded. 
477748     INFO  main            d.u.i.k.p.r.p.TestFile    Now processing file /home/runner/work/key/key/key.core/../key.ui/examples/heap/permissions/threads/Plotter_postJoin_accessible.key 
477748     INFO  main            d.u.i.k.p.i.AbstractProblemLoader Loading environment from /home/runner/work/key/key/key.core/../key.ui/examples/heap/permissions/threads/Plotter_postJoin_accessible.key 
477748     DEBUG main            d.u.i.k.p.i.AbstractProblemLoader Environment load took 76.3ns 
477749     INFO  main            d.u.i.k.p.i.AbstractProblemLoader Creating init config 
482335     DEBUG main            d.u.i.k.p.i.AbstractProblemLoader Init config took 4.59s 
482430     INFO  main            d.u.i.k.p.i.AbstractProblemLoader Replaying proof Plotter[ThreadSpec2::postJoin(java.lang.Object)].JML accessible clause.0 
482432     DEBUG main            d.u.i.k.p.i.IntermediateProofReplayer Proof replay took 8.3ns 
482534     INFO  main            d.u.i.k.p.r.p.TestFile    ... finished proof: closed. 
483005     INFO  main            d.u.i.k.p.i.AbstractProblemLoader Loading environment from /home/runner/work/key/key/key.core/../key.ui/examples/heap/permissions/threads/Plotter_postJoin_accessible.key.proof 
483005     DEBUG main            d.u.i.k.p.i.AbstractProblemLoader Environment load took 98.9ns 
483006     INFO  main            d.u.i.k.p.i.AbstractProblemLoader Creating init config 
487503     DEBUG main            d.u.i.k.p.i.AbstractProblemLoader Init config took 4.5s 
487579     INFO  main            d.u.i.k.p.i.AbstractProblemLoader Replaying proof Plotter[ThreadSpec2::postJoin(java.lang.Object)].JML accessible clause.0 
487590     DEBUG main            d.u.i.k.p.i.IntermediateProofReplayer Proof replay took 8.54ms 
487590     DEBUG main            d.u.i.k.p.r.p.TestFile    ... success: reloaded. 
487591     INFO  main            d.u.i.k.p.r.p.TestFile    Now processing file /home/runner/work/key/key/key.core/../key.ui/examples/heap/permissions/threads/Plotter_preStart_accessible.key 
487591     INFO  main            d.u.i.k.p.i.AbstractProblemLoader Loading environment from /home/runner/work/key/key/key.core/../key.ui/examples/heap/permissions/threads/Plotter_preStart_accessible.key 
487591     DEBUG main            d.u.i.k.p.i.AbstractProblemLoader Environment load took 90.3ns 
487592     INFO  main            d.u.i.k.p.i.AbstractProblemLoader Creating init config 
492157     DEBUG main            d.u.i.k.p.i.AbstractProblemLoader Init config took 4.56s 
492233     INFO  main            d.u.i.k.p.i.AbstractProblemLoader Replaying proof Plotter[ThreadSpec2::preStart(java.lang.Object)].JML accessible clause.0 
492234     DEBUG main            d.u.i.k.p.i.IntermediateProofReplayer Proof replay took 6.9ns 
493237     INFO  main            d.u.i.k.p.r.p.TestFile    ... finished proof: closed. 
493721     INFO  main            d.u.i.k.p.i.AbstractProblemLoader Loading environment from /home/runner/work/key/key/key.core/../key.ui/examples/heap/permissions/threads/Plotter_preStart_accessible.key.proof 
493721     DEBUG main            d.u.i.k.p.i.AbstractProblemLoader Environment load took 101.2ns 
493722     INFO  main            d.u.i.k.p.i.AbstractProblemLoader Creating init config 
498217     DEBUG main            d.u.i.k.p.i.AbstractProblemLoader Init config took 4.49s 
498293     INFO  main            d.u.i.k.p.i.AbstractProblemLoader Replaying proof Plotter[ThreadSpec2::preStart(java.lang.Object)].JML accessible clause.0 
498342     DEBUG main            d.u.i.k.p.i.IntermediateProofReplayer Proof replay took 45.96ms 
498343     DEBUG main            d.u.i.k.p.r.p.TestFile    ... success: reloaded. 
498344     INFO  main            d.u.i.k.p.r.p.TestFile    Now processing file /home/runner/work/key/key/key.core/../key.ui/examples/heap/permissions/threads/Plotter_stateInv_accessible.key 
498344     INFO  main            d.u.i.k.p.i.AbstractProblemLoader Loading environment from /home/runner/work/key/key/key.core/../key.ui/examples/heap/permissions/threads/Plotter_stateInv_accessible.key 
498344     DEBUG main            d.u.i.k.p.i.AbstractProblemLoader Environment load took 49.5ns 
498345     INFO  main            d.u.i.k.p.i.AbstractProblemLoader Creating init config 
502927     DEBUG main            d.u.i.k.p.i.AbstractProblemLoader Init config took 4.58s 
503003     INFO  main            d.u.i.k.p.i.AbstractProblemLoader Replaying proof Plotter[ThreadSpec2::stateInv()].JML accessible clause.0 
503004     DEBUG main            d.u.i.k.p.i.IntermediateProofReplayer Proof replay took 7.2ns 
510618     INFO  main            d.u.i.k.p.r.p.TestFile    ... finished proof: closed. 
511127     INFO  main            d.u.i.k.p.i.AbstractProblemLoader Loading environment from /home/runner/work/key/key/key.core/../key.ui/examples/heap/permissions/threads/Plotter_stateInv_accessible.key.proof 
511127     DEBUG main            d.u.i.k.p.i.AbstractProblemLoader Environment load took 323.1ns 
511129     INFO  main            d.u.i.k.p.i.AbstractProblemLoader Creating init config 
515618     DEBUG main            d.u.i.k.p.i.AbstractProblemLoader Init config took 4.49s 
515706     INFO  main            d.u.i.k.p.i.AbstractProblemLoader Replaying proof Plotter[ThreadSpec2::stateInv()].JML accessible clause.0 
516091     DEBUG main            d.u.i.k.p.i.IntermediateProofReplayer Proof replay took 369.21ms 
516092     DEBUG main            d.u.i.k.p.r.p.TestFile    ... success: reloaded. 
516093     INFO  main            d.u.i.k.p.r.p.TestFile    Now processing file /home/runner/work/key/key/key.core/../key.ui/examples/heap/permissions/threads/Plotter_staticPermissions_accessible.key 
516093     INFO  main            d.u.i.k.p.i.AbstractProblemLoader Loading environment from /home/runner/work/key/key/key.core/../key.ui/examples/heap/permissions/threads/Plotter_staticPermissions_accessible.key 
516093     DEBUG main            d.u.i.k.p.i.AbstractProblemLoader Environment load took 71.4ns 
516094     INFO  main            d.u.i.k.p.i.AbstractProblemLoader Creating init config 
520663     DEBUG main            d.u.i.k.p.i.AbstractProblemLoader Init config took 4.57s 
520740     INFO  main            d.u.i.k.p.i.AbstractProblemLoader Replaying proof Plotter[ThreadSpec2::staticPermissions()].JML accessible clause.0 
520742     DEBUG main            d.u.i.k.p.i.IntermediateProofReplayer Proof replay took 33.8ns 
521645     INFO  main            d.u.i.k.p.r.p.TestFile    ... finished proof: closed. 
522139     INFO  main            d.u.i.k.p.i.AbstractProblemLoader Loading environment from /home/runner/work/key/key/key.core/../key.ui/examples/heap/permissions/threads/Plotter_staticPermissions_accessible.key.proof 
522139     DEBUG main            d.u.i.k.p.i.AbstractProblemLoader Environment load took 88ns 
522140     INFO  main            d.u.i.k.p.i.AbstractProblemLoader Creating init config 
526615     DEBUG main            d.u.i.k.p.i.AbstractProblemLoader Init config took 4.48s 
526691     INFO  main            d.u.i.k.p.i.AbstractProblemLoader Replaying proof Plotter[ThreadSpec2::staticPermissions()].JML accessible clause.0 
526737     DEBUG main            d.u.i.k.p.i.IntermediateProofReplayer Proof replay took 39.38ms 
526738     DEBUG main            d.u.i.k.p.r.p.TestFile    ... success: reloaded. 
526739     INFO  main            d.u.i.k.p.r.p.TestFile    Now processing file /home/runner/work/key/key/key.core/../key.ui/examples/heap/permissions/threads/Plotter_workingPermissions_accessible.key 
526739     INFO  main            d.u.i.k.p.i.AbstractProblemLoader Loading environment from /home/runner/work/key/key/key.core/../key.ui/examples/heap/permissions/threads/Plotter_workingPermissions_accessible.key 
526739     DEBUG main            d.u.i.k.p.i.AbstractProblemLoader Environment load took 94.8ns 
526740     INFO  main            d.u.i.k.p.i.AbstractProblemLoader Creating init config 
531305     DEBUG main            d.u.i.k.p.i.AbstractProblemLoader Init config took 4.56s 
531382     INFO  main            d.u.i.k.p.i.AbstractProblemLoader Replaying proof Plotter[ThreadSpec2::workingPermissions()].JML accessible clause.0 
531383     DEBUG main            d.u.i.k.p.i.IntermediateProofReplayer Proof replay took 2.6ns 
531585     INFO  main            d.u.i.k.p.r.p.TestFile    ... finished proof: closed. 
532086     INFO  main            d.u.i.k.p.i.AbstractProblemLoader Loading environment from /home/runner/work/key/key/key.core/../key.ui/examples/heap/permissions/threads/Plotter_workingPermissions_accessible.key.proof 
532086     DEBUG main            d.u.i.k.p.i.AbstractProblemLoader Environment load took 91.2ns 
532087     INFO  main            d.u.i.k.p.i.AbstractProblemLoader Creating init config 
536572     DEBUG main            d.u.i.k.p.i.AbstractProblemLoader Init config took 4.49s 
536649     INFO  main            d.u.i.k.p.i.AbstractProblemLoader Replaying proof Plotter[ThreadSpec2::workingPermissions()].JML accessible clause.0 
536662     DEBUG main            d.u.i.k.p.i.IntermediateProofReplayer Proof replay took 10.83ms 
536662     DEBUG main            d.u.i.k.p.r.p.TestFile    ... success: reloaded. 
536663     INFO  main            d.u.i.k.p.r.p.TestFile    Now processing file /home/runner/work/key/key/key.core/../key.ui/examples/heap/permissions/threads/Sampler_initPost_accessible.key 
536663     INFO  main            d.u.i.k.p.i.AbstractProblemLoader Loading environment from /home/runner/work/key/key/key.core/../key.ui/examples/heap/permissions/threads/Sampler_initPost_accessible.key 
536664     DEBUG main            d.u.i.k.p.i.AbstractProblemLoader Environment load took 48.8ns 
536664     INFO  main            d.u.i.k.p.i.AbstractProblemLoader Creating init config 
541231     DEBUG main            d.u.i.k.p.i.AbstractProblemLoader Init config took 4.57s 
541307     INFO  main            d.u.i.k.p.i.AbstractProblemLoader Replaying proof Sampler[ThreadSpec2::initPost()].JML accessible clause.0 
541309     DEBUG main            d.u.i.k.p.i.IntermediateProofReplayer Proof replay took 3.3ns 
541410     INFO  main            d.u.i.k.p.r.p.TestFile    ... finished proof: closed. 
541914     INFO  main            d.u.i.k.p.i.AbstractProblemLoader Loading environment from /home/runner/work/key/key/key.core/../key.ui/examples/heap/permissions/threads/Sampler_initPost_accessible.key.proof 
541914     DEBUG main            d.u.i.k.p.i.AbstractProblemLoader Environment load took 87.9ns 
541915     INFO  main            d.u.i.k.p.i.AbstractProblemLoader Creating init config 
546399     DEBUG main            d.u.i.k.p.i.AbstractProblemLoader Init config took 4.48s 
546475     INFO  main            d.u.i.k.p.i.AbstractProblemLoader Replaying proof Sampler[ThreadSpec2::initPost()].JML accessible clause.0 
546480     DEBUG main            d.u.i.k.p.i.IntermediateProofReplayer Proof replay took 4.24ms 
546481     DEBUG main            d.u.i.k.p.r.p.TestFile    ... success: reloaded. 
546482     INFO  main            d.u.i.k.p.r.p.TestFile    Now processing file /home/runner/work/key/key/key.core/../key.ui/examples/heap/permissions/threads/Sampler_inv_accessible1.key 
546482     INFO  main            d.u.i.k.p.i.AbstractProblemLoader Loading environment from /home/runner/work/key/key/key.core/../key.ui/examples/heap/permissions/threads/Sampler_inv_accessible1.key 
546482     DEBUG main            d.u.i.k.p.i.AbstractProblemLoader Environment load took 59.6ns 
546483     INFO  main            d.u.i.k.p.i.AbstractProblemLoader Creating init config 
551046     DEBUG main            d.u.i.k.p.i.AbstractProblemLoader Init config took 4.56s 
551138     INFO  main            d.u.i.k.p.i.AbstractProblemLoader Replaying proof Sampler[java.lang.Object::<inv>()].JML accessible clause.0 
551139     DEBUG main            d.u.i.k.p.i.IntermediateProofReplayer Proof replay took 3.5ns 
551240     INFO  main            d.u.i.k.p.r.p.TestFile    ... finished proof: closed. 
551767     INFO  main            d.u.i.k.p.i.AbstractProblemLoader Loading environment from /home/runner/work/key/key/key.core/../key.ui/examples/heap/permissions/threads/Sampler_inv_accessible1.key.proof 
551767     DEBUG main            d.u.i.k.p.i.AbstractProblemLoader Environment load took 127.4ns 
551768     INFO  main            d.u.i.k.p.i.AbstractProblemLoader Creating init config 
556234     DEBUG main            d.u.i.k.p.i.AbstractProblemLoader Init config took 4.47s 
556309     INFO  main            d.u.i.k.p.i.AbstractProblemLoader Replaying proof Sampler[java.lang.Object::<inv>()].JML accessible clause.0 
556312     DEBUG main            d.u.i.k.p.i.IntermediateProofReplayer Proof replay took 1.33ms 
556312     DEBUG main            d.u.i.k.p.r.p.TestFile    ... success: reloaded. 
556313     INFO  main            d.u.i.k.p.r.p.TestFile    Now processing file /home/runner/work/key/key/key.core/../key.ui/examples/heap/permissions/threads/Sampler_inv_accessible2.key 
556313     INFO  main            d.u.i.k.p.i.AbstractProblemLoader Loading environment from /home/runner/work/key/key/key.core/../key.ui/examples/heap/permissions/threads/Sampler_inv_accessible2.key 
556313     DEBUG main            d.u.i.k.p.i.AbstractProblemLoader Environment load took 51.1ns 
556314     INFO  main            d.u.i.k.p.i.AbstractProblemLoader Creating init config 
560886     DEBUG main            d.u.i.k.p.i.AbstractProblemLoader Init config took 4.57s 
560962     INFO  main            d.u.i.k.p.i.AbstractProblemLoader Replaying proof Sampler[java.lang.Object::<inv>()].JML accessible clause.1 
560963     DEBUG main            d.u.i.k.p.i.IntermediateProofReplayer Proof replay took 3.2ns 
561064     INFO  main            d.u.i.k.p.r.p.TestFile    ... finished proof: closed. 
561570     INFO  main            d.u.i.k.p.i.AbstractProblemLoader Loading environment from /home/runner/work/key/key/key.core/../key.ui/examples/heap/permissions/threads/Sampler_inv_accessible2.key.proof 
561570     DEBUG main            d.u.i.k.p.i.AbstractProblemLoader Environment load took 86ns 
561571     INFO  main            d.u.i.k.p.i.AbstractProblemLoader Creating init config 
566045     DEBUG main            d.u.i.k.p.i.AbstractProblemLoader Init config took 4.47s 
566132     INFO  main            d.u.i.k.p.i.AbstractProblemLoader Replaying proof Sampler[java.lang.Object::<inv>()].JML accessible clause.1 
566135     DEBUG main            d.u.i.k.p.i.IntermediateProofReplayer Proof replay took 1.38ms 
566136     DEBUG main            d.u.i.k.p.r.p.TestFile    ... success: reloaded. 
566137     INFO  main            d.u.i.k.p.r.p.TestFile    Now processing file /home/runner/work/key/key/key.core/../key.ui/examples/heap/permissions/threads/Sampler_joinTransfer_accessible.key 
566138     INFO  main            d.u.i.k.p.i.AbstractProblemLoader Loading environment from /home/runner/work/key/key/key.core/../key.ui/examples/heap/permissions/threads/Sampler_joinTransfer_accessible.key 
566138     DEBUG main            d.u.i.k.p.i.AbstractProblemLoader Environment load took 150.2ns 
566139     INFO  main            d.u.i.k.p.i.AbstractProblemLoader Creating init config 
570691     DEBUG main            d.u.i.k.p.i.AbstractProblemLoader Init config took 4.55s 
570770     INFO  main            d.u.i.k.p.i.AbstractProblemLoader Replaying proof Sampler[ThreadSpec2::joinTransfer()].JML accessible clause.0 
570771     DEBUG main            d.u.i.k.p.i.IntermediateProofReplayer Proof replay took 3ns 
573998     INFO  main            d.u.i.k.p.r.p.TestFile    ... finished proof: closed. 
574520     INFO  main            d.u.i.k.p.i.AbstractProblemLoader Loading environment from /home/runner/work/key/key/key.core/../key.ui/examples/heap/permissions/threads/Sampler_joinTransfer_accessible.key.proof 
574520     DEBUG main            d.u.i.k.p.i.AbstractProblemLoader Environment load took 330.01ns 
574522     INFO  main            d.u.i.k.p.i.AbstractProblemLoader Creating init config 
579008     DEBUG main            d.u.i.k.p.i.AbstractProblemLoader Init config took 4.49s 
579084     INFO  main            d.u.i.k.p.i.AbstractProblemLoader Replaying proof Sampler[ThreadSpec2::joinTransfer()].JML accessible clause.0 
579549     DEBUG main            d.u.i.k.p.i.IntermediateProofReplayer Proof replay took 453.63ms 
579550     DEBUG main            d.u.i.k.p.r.p.TestFile    ... success: reloaded. 
579551     INFO  main            d.u.i.k.p.r.p.TestFile    Now processing file /home/runner/work/key/key/key.core/../key.ui/examples/heap/permissions/threads/Sampler_joinTransfer_contract.key 
579551     INFO  main            d.u.i.k.p.i.AbstractProblemLoader Loading environment from /home/runner/work/key/key/key.core/../key.ui/examples/heap/permissions/threads/Sampler_joinTransfer_contract.key 
579551     DEBUG main            d.u.i.k.p.i.AbstractProblemLoader Environment load took 46.2ns 
579552     INFO  main            d.u.i.k.p.i.AbstractProblemLoader Creating init config 
584131     DEBUG main            d.u.i.k.p.i.AbstractProblemLoader Init config took 4.58s 
584223     INFO  main            d.u.i.k.p.i.AbstractProblemLoader Replaying proof Sampler[ThreadSpec2::joinTransfer()].JML model_behavior operation contract.0 
584224     DEBUG main            d.u.i.k.p.i.IntermediateProofReplayer Proof replay took 2.8ns 
584326     INFO  main            d.u.i.k.p.r.p.TestFile    ... finished proof: closed. 
584847     INFO  main            d.u.i.k.p.i.AbstractProblemLoader Loading environment from /home/runner/work/key/key/key.core/../key.ui/examples/heap/permissions/threads/Sampler_joinTransfer_contract.key.proof 
584847     DEBUG main            d.u.i.k.p.i.AbstractProblemLoader Environment load took 76.7ns 
584848     INFO  main            d.u.i.k.p.i.AbstractProblemLoader Creating init config 
589333     DEBUG main            d.u.i.k.p.i.AbstractProblemLoader Init config took 4.49s 
589410     INFO  main            d.u.i.k.p.i.AbstractProblemLoader Replaying proof Sampler[ThreadSpec2::joinTransfer()].JML model_behavior operation contract.0 
589417     DEBUG main            d.u.i.k.p.i.IntermediateProofReplayer Proof replay took 6.03ms 
589418     DEBUG main            d.u.i.k.p.r.p.TestFile    ... success: reloaded. 
589419     INFO  main            d.u.i.k.p.r.p.TestFile    Now processing file /home/runner/work/key/key/key.core/../key.ui/examples/heap/permissions/threads/Sampler_postJoin_accessible.key 
589419     INFO  main            d.u.i.k.p.i.AbstractProblemLoader Loading environment from /home/runner/work/key/key/key.core/../key.ui/examples/heap/permissions/threads/Sampler_postJoin_accessible.key 
589419     DEBUG main            d.u.i.k.p.i.AbstractProblemLoader Environment load took 45.8ns 
589420     INFO  main            d.u.i.k.p.i.AbstractProblemLoader Creating init config 
593981     DEBUG main            d.u.i.k.p.i.AbstractProblemLoader Init config took 4.56s 
594073     INFO  main            d.u.i.k.p.i.AbstractProblemLoader Replaying proof Sampler[ThreadSpec2::postJoin(java.lang.Object)].JML accessible clause.0 
594074     DEBUG main            d.u.i.k.p.i.IntermediateProofReplayer Proof replay took 2.7ns 
594176     INFO  main            d.u.i.k.p.r.p.TestFile    ... finished proof: closed. 
594698     INFO  main            d.u.i.k.p.i.AbstractProblemLoader Loading environment from /home/runner/work/key/key/key.core/../key.ui/examples/heap/permissions/threads/Sampler_postJoin_accessible.key.proof 
594698     DEBUG main            d.u.i.k.p.i.AbstractProblemLoader Environment load took 75.6ns 
594699     INFO  main            d.u.i.k.p.i.AbstractProblemLoader Creating init config 
599180     DEBUG main            d.u.i.k.p.i.AbstractProblemLoader Init config took 4.48s 
599256     INFO  main            d.u.i.k.p.i.AbstractProblemLoader Replaying proof Sampler[ThreadSpec2::postJoin(java.lang.Object)].JML accessible clause.0 
599264     DEBUG main            d.u.i.k.p.i.IntermediateProofReplayer Proof replay took 6.63ms 
599265     DEBUG main            d.u.i.k.p.r.p.TestFile    ... success: reloaded. 
599266     INFO  main            d.u.i.k.p.r.p.TestFile    Now processing file /home/runner/work/key/key/key.core/../key.ui/examples/heap/permissions/threads/Sampler_preStart_accessible.key 
599266     INFO  main            d.u.i.k.p.i.AbstractProblemLoader Loading environment from /home/runner/work/key/key/key.core/../key.ui/examples/heap/permissions/threads/Sampler_preStart_accessible.key 
599266     DEBUG main            d.u.i.k.p.i.AbstractProblemLoader Environment load took 143.9ns 
599267     INFO  main            d.u.i.k.p.i.AbstractProblemLoader Creating init config 
603840     DEBUG main            d.u.i.k.p.i.AbstractProblemLoader Init config took 4.57s 
603916     INFO  main            d.u.i.k.p.i.AbstractProblemLoader Replaying proof Sampler[ThreadSpec2::preStart(java.lang.Object)].JML accessible clause.0 
603917     DEBUG main            d.u.i.k.p.i.IntermediateProofReplayer Proof replay took 3.1ns 
604018     INFO  main            d.u.i.k.p.r.p.TestFile    ... finished proof: closed. 
604560     INFO  main            d.u.i.k.p.i.AbstractProblemLoader Loading environment from /home/runner/work/key/key/key.core/../key.ui/examples/heap/permissions/threads/Sampler_preStart_accessible.key.proof 
604560     DEBUG main            d.u.i.k.p.i.AbstractProblemLoader Environment load took 80.4ns 
604561     INFO  main            d.u.i.k.p.i.AbstractProblemLoader Creating init config 
609057     DEBUG main            d.u.i.k.p.i.AbstractProblemLoader Init config took 4.5s 
609133     INFO  main            d.u.i.k.p.i.AbstractProblemLoader Replaying proof Sampler[ThreadSpec2::preStart(java.lang.Object)].JML accessible clause.0 
609141     DEBUG main            d.u.i.k.p.i.IntermediateProofReplayer Proof replay took 6.75ms 
609142     DEBUG main            d.u.i.k.p.r.p.TestFile    ... success: reloaded. 
609143     INFO  main            d.u.i.k.p.r.p.TestFile    Now processing file /home/runner/work/key/key/key.core/../key.ui/examples/heap/permissions/threads/Sampler_run.key 
609143     INFO  main            d.u.i.k.p.i.AbstractProblemLoader Loading environment from /home/runner/work/key/key/key.core/../key.ui/examples/heap/permissions/threads/Sampler_run.key 
609143     DEBUG main            d.u.i.k.p.i.AbstractProblemLoader Environment load took 40.9ns 
609144     INFO  main            d.u.i.k.p.i.AbstractProblemLoader Creating init config 
613706     DEBUG main            d.u.i.k.p.i.AbstractProblemLoader Init config took 4.56s 
613782     INFO  main            d.u.i.k.p.i.AbstractProblemLoader Replaying proof Sampler[ThreadSpec2::run()].JML normal_behavior operation contract.0 
613784     DEBUG main            d.u.i.k.p.i.IntermediateProofReplayer Proof replay took 2.6ns 
613886     INFO  main            d.u.i.k.p.r.p.TestFile    ... finished proof: closed. 
614431     INFO  main            d.u.i.k.p.i.AbstractProblemLoader Loading environment from /home/runner/work/key/key/key.core/../key.ui/examples/heap/permissions/threads/Sampler_run.key.proof 
614431     DEBUG main            d.u.i.k.p.i.AbstractProblemLoader Environment load took 80.8ns 
614432     INFO  main            d.u.i.k.p.i.AbstractProblemLoader Creating init config 
618916     DEBUG main            d.u.i.k.p.i.AbstractProblemLoader Init config took 4.48s 
618992     INFO  main            d.u.i.k.p.i.AbstractProblemLoader Replaying proof Sampler[ThreadSpec2::run()].JML normal_behavior operation contract.0 
619018     DEBUG main            d.u.i.k.p.i.IntermediateProofReplayer Proof replay took 24.32ms 
619019     DEBUG main            d.u.i.k.p.r.p.TestFile    ... success: reloaded. 
619020     INFO  main            d.u.i.k.p.r.p.TestFile    Now processing file /home/runner/work/key/key/key.core/../key.ui/examples/heap/permissions/threads/Sampler_Sampler.key 
619020     INFO  main            d.u.i.k.p.i.AbstractProblemLoader Loading environment from /home/runner/work/key/key/key.core/../key.ui/examples/heap/permissions/threads/Sampler_Sampler.key 
619020     DEBUG main            d.u.i.k.p.i.AbstractProblemLoader Environment load took 68.4ns 
619021     INFO  main            d.u.i.k.p.i.AbstractProblemLoader Creating init config 
623686     DEBUG main            d.u.i.k.p.i.AbstractProblemLoader Init config took 4.67s 
623788     INFO  main            d.u.i.k.p.i.AbstractProblemLoader Replaying proof Sampler[Sampler::Sampler(Buffer)].JML normal_behavior operation contract.0 
623790     DEBUG main            d.u.i.k.p.i.IntermediateProofReplayer Proof replay took 3.7ns 
624393     INFO  main            d.u.i.k.p.r.p.TestFile    ... finished proof: closed. 
624985     INFO  main            d.u.i.k.p.i.AbstractProblemLoader Loading environment from /home/runner/work/key/key/key.core/../key.ui/examples/heap/permissions/threads/Sampler_Sampler.key.proof 
624985     DEBUG main            d.u.i.k.p.i.AbstractProblemLoader Environment load took 78.8ns 
624986     INFO  main            d.u.i.k.p.i.AbstractProblemLoader Creating init config 
629719     DEBUG main            d.u.i.k.p.i.AbstractProblemLoader Init config took 4.73s 
629820     INFO  main            d.u.i.k.p.i.AbstractProblemLoader Replaying proof Sampler[Sampler::Sampler(Buffer)].JML normal_behavior operation contract.0 
629895     DEBUG main            d.u.i.k.p.i.IntermediateProofReplayer Proof replay took 71.92ms 
629896     DEBUG main            d.u.i.k.p.r.p.TestFile    ... success: reloaded. 
629897     INFO  main            d.u.i.k.p.r.p.TestFile    Now processing file /home/runner/work/key/key/key.core/../key.ui/examples/heap/permissions/threads/Sampler_startTransfer_accessible.key 
629898     INFO  main            d.u.i.k.p.i.AbstractProblemLoader Loading environment from /home/runner/work/key/key/key.core/../key.ui/examples/heap/permissions/threads/Sampler_startTransfer_accessible.key 
629898     DEBUG main            d.u.i.k.p.i.AbstractProblemLoader Environment load took 151.8ns 
629899     INFO  main            d.u.i.k.p.i.AbstractProblemLoader Creating init config 
634664     DEBUG main            d.u.i.k.p.i.AbstractProblemLoader Init config took 4.77s 
634752     INFO  main            d.u.i.k.p.i.AbstractProblemLoader Replaying proof Sampler[ThreadSpec2::startTransfer()].JML accessible clause.0 
634754     DEBUG main            d.u.i.k.p.i.IntermediateProofReplayer Proof replay took 2.9ns 
638375     INFO  main            d.u.i.k.p.r.p.TestFile    ... finished proof: closed. 
638932     INFO  main            d.u.i.k.p.i.AbstractProblemLoader Loading environment from /home/runner/work/key/key/key.core/../key.ui/examples/heap/permissions/threads/Sampler_startTransfer_accessible.key.proof 
638932     DEBUG main            d.u.i.k.p.i.AbstractProblemLoader Environment load took 294.2ns 
638933     INFO  main            d.u.i.k.p.i.AbstractProblemLoader Creating init config 
643637     DEBUG main            d.u.i.k.p.i.AbstractProblemLoader Init config took 4.7s 
643724     INFO  main            d.u.i.k.p.i.AbstractProblemLoader Replaying proof Sampler[ThreadSpec2::startTransfer()].JML accessible clause.0 
644146     DEBUG main            d.u.i.k.p.i.IntermediateProofReplayer Proof replay took 409.04ms 
644148     DEBUG main            d.u.i.k.p.r.p.TestFile    ... success: reloaded. 
644149     INFO  main            d.u.i.k.p.r.p.TestFile    Now processing file /home/runner/work/key/key/key.core/../key.ui/examples/heap/permissions/threads/Sampler_startTransfer_contract.key 
644149     INFO  main            d.u.i.k.p.i.AbstractProblemLoader Loading environment from /home/runner/work/key/key/key.core/../key.ui/examples/heap/permissions/threads/Sampler_startTransfer_contract.key 
644149     DEBUG main            d.u.i.k.p.i.AbstractProblemLoader Environment load took 145.6ns 
644150     INFO  main            d.u.i.k.p.i.AbstractProblemLoader Creating init config 
648894     DEBUG main            d.u.i.k.p.i.AbstractProblemLoader Init config took 4.74s 
648995     INFO  main            d.u.i.k.p.i.AbstractProblemLoader Replaying proof Sampler[ThreadSpec2::startTransfer()].JML model_behavior operation contract.0 
648997     DEBUG main            d.u.i.k.p.i.IntermediateProofReplayer Proof replay took 2.4ns 
649098     INFO  main            d.u.i.k.p.r.p.TestFile    ... finished proof: closed. 
649638     INFO  main            d.u.i.k.p.i.AbstractProblemLoader Loading environment from /home/runner/work/key/key/key.core/../key.ui/examples/heap/permissions/threads/Sampler_startTransfer_contract.key.proof 
649639     DEBUG main            d.u.i.k.p.i.AbstractProblemLoader Environment load took 68.4ns 
649639     INFO  main            d.u.i.k.p.i.AbstractProblemLoader Creating init config 
654365     DEBUG main            d.u.i.k.p.i.AbstractProblemLoader Init config took 4.73s 
654466     INFO  main            d.u.i.k.p.i.AbstractProblemLoader Replaying proof Sampler[ThreadSpec2::startTransfer()].JML model_behavior operation contract.0 
654474     DEBUG main            d.u.i.k.p.i.IntermediateProofReplayer Proof replay took 7.04ms 
654475     DEBUG main            d.u.i.k.p.r.p.TestFile    ... success: reloaded. 
654476     INFO  main            d.u.i.k.p.r.p.TestFile    Now processing file /home/runner/work/key/key/key.core/../key.ui/examples/heap/permissions/threads/Sampler_stateInv_accessible.key 
654477     INFO  main            d.u.i.k.p.i.AbstractProblemLoader Loading environment from /home/runner/work/key/key/key.core/../key.ui/examples/heap/permissions/threads/Sampler_stateInv_accessible.key 
654477     DEBUG main            d.u.i.k.p.i.AbstractProblemLoader Environment load took 140.9ns 
654477     INFO  main            d.u.i.k.p.i.AbstractProblemLoader Creating init config 
659259     DEBUG main            d.u.i.k.p.i.AbstractProblemLoader Init config took 4.78s 
659345     INFO  main            d.u.i.k.p.i.AbstractProblemLoader Replaying proof Sampler[ThreadSpec2::stateInv()].JML accessible clause.0 
659348     DEBUG main            d.u.i.k.p.i.IntermediateProofReplayer Proof replay took 2.3ns 
659449     INFO  main            d.u.i.k.p.r.p.TestFile    ... finished proof: closed. 
659993     INFO  main            d.u.i.k.p.i.AbstractProblemLoader Loading environment from /home/runner/work/key/key/key.core/../key.ui/examples/heap/permissions/threads/Sampler_stateInv_accessible.key.proof 
659993     DEBUG main            d.u.i.k.p.i.AbstractProblemLoader Environment load took 70.9ns 
659994     INFO  main            d.u.i.k.p.i.AbstractProblemLoader Creating init config 
664635     DEBUG main            d.u.i.k.p.i.AbstractProblemLoader Init config took 4.64s 
664734     INFO  main            d.u.i.k.p.i.AbstractProblemLoader Replaying proof Sampler[ThreadSpec2::stateInv()].JML accessible clause.0 
664742     DEBUG main            d.u.i.k.p.i.IntermediateProofReplayer Proof replay took 5.63ms 
664743     DEBUG main            d.u.i.k.p.r.p.TestFile    ... success: reloaded. 
664744     INFO  main            d.u.i.k.p.r.p.TestFile    Now processing file /home/runner/work/key/key/key.core/../key.ui/examples/heap/permissions/threads/Sampler_staticPermissions_accessible.key 
664744     INFO  main            d.u.i.k.p.i.AbstractProblemLoader Loading environment from /home/runner/work/key/key/key.core/../key.ui/examples/heap/permissions/threads/Sampler_staticPermissions_accessible.key 
664744     DEBUG main            d.u.i.k.p.i.AbstractProblemLoader Environment load took 145.2ns 
664745     INFO  main            d.u.i.k.p.i.AbstractProblemLoader Creating init config 
669506     DEBUG main            d.u.i.k.p.i.AbstractProblemLoader Init config took 4.76s 
669592     INFO  main            d.u.i.k.p.i.AbstractProblemLoader Replaying proof Sampler[ThreadSpec2::staticPermissions()].JML accessible clause.0 
669594     DEBUG main            d.u.i.k.p.i.IntermediateProofReplayer Proof replay took 2.8ns 
669695     INFO  main            d.u.i.k.p.r.p.TestFile    ... finished proof: closed. 
670248     INFO  main            d.u.i.k.p.i.AbstractProblemLoader Loading environment from /home/runner/work/key/key/key.core/../key.ui/examples/heap/permissions/threads/Sampler_staticPermissions_accessible.key.proof 
670248     DEBUG main            d.u.i.k.p.i.AbstractProblemLoader Environment load took 85.9ns 
670249     INFO  main            d.u.i.k.p.i.AbstractProblemLoader Creating init config 
674917     DEBUG main            d.u.i.k.p.i.AbstractProblemLoader Init config took 4.67s 
675004     INFO  main            d.u.i.k.p.i.AbstractProblemLoader Replaying proof Sampler[ThreadSpec2::staticPermissions()].JML accessible clause.0 
675010     DEBUG main            d.u.i.k.p.i.IntermediateProofReplayer Proof replay took 4.27ms 
675011     DEBUG main            d.u.i.k.p.r.p.TestFile    ... success: reloaded. 
675013     INFO  main            d.u.i.k.p.r.p.TestFile    Now processing file /home/runner/work/key/key/key.core/../key.ui/examples/heap/permissions/threads/Sampler_workingPermissions_accessible.key 
675014     INFO  main            d.u.i.k.p.i.AbstractProblemLoader Loading environment from /home/runner/work/key/key/key.core/../key.ui/examples/heap/permissions/threads/Sampler_workingPermissions_accessible.key 
675014     DEBUG main            d.u.i.k.p.i.AbstractProblemLoader Environment load took 249.6ns 
675015     INFO  main            d.u.i.k.p.i.AbstractProblemLoader Creating init config 
679738     DEBUG main            d.u.i.k.p.i.AbstractProblemLoader Init config took 4.72s 
679836     INFO  main            d.u.i.k.p.i.AbstractProblemLoader Replaying proof Sampler[ThreadSpec2::workingPermissions()].JML accessible clause.0 
679837     DEBUG main            d.u.i.k.p.i.IntermediateProofReplayer Proof replay took 3ns 
679939     INFO  main            d.u.i.k.p.r.p.TestFile    ... finished proof: closed. 
680492     INFO  main            d.u.i.k.p.i.AbstractProblemLoader Loading environment from /home/runner/work/key/key/key.core/../key.ui/examples/heap/permissions/threads/Sampler_workingPermissions_accessible.key.proof 
680492     DEBUG main            d.u.i.k.p.i.AbstractProblemLoader Environment load took 71.9ns 
680492     INFO  main            d.u.i.k.p.i.AbstractProblemLoader Creating init config 
685531     DEBUG main            d.u.i.k.p.i.AbstractProblemLoader Init config took 5.04s 
685618     INFO  main            d.u.i.k.p.i.AbstractProblemLoader Replaying proof Sampler[ThreadSpec2::workingPermissions()].JML accessible clause.0 
685624     DEBUG main            d.u.i.k.p.i.IntermediateProofReplayer Proof replay took 4.54ms 
685625     DEBUG main            d.u.i.k.p.r.p.TestFile    ... success: reloaded. 
685626     INFO  main            d.u.i.k.p.r.p.TestFile    Now processing file /home/runner/work/key/key/key.core/../key.ui/examples/heap/permissions/mulleretal/ReadWrite_doRead_contract.key 
685627     INFO  main            d.u.i.k.p.i.AbstractProblemLoader Loading environment from /home/runner/work/key/key/key.core/../key.ui/examples/heap/permissions/mulleretal/ReadWrite_doRead_contract.key 
685627     DEBUG main            d.u.i.k.p.i.AbstractProblemLoader Environment load took 161.2ns 
685628     INFO  main            d.u.i.k.p.i.AbstractProblemLoader Creating init config 
688382     DEBUG main            d.u.i.k.p.i.AbstractProblemLoader Init config took 2.75s 
688443     INFO  main            d.u.i.k.p.i.AbstractProblemLoader Replaying proof ReadWrite[ReadWrite::doRead()].JML normal_behavior operation contract.0 
688445     DEBUG main            d.u.i.k.p.i.IntermediateProofReplayer Proof replay took 2.7ns 
690453     INFO  main            d.u.i.k.p.r.p.TestFile    ... finished proof: closed. 
691047     INFO  main            d.u.i.k.p.i.AbstractProblemLoader Loading environment from /home/runner/work/key/key/key.core/../key.ui/examples/heap/permissions/mulleretal/ReadWrite_doRead_contract.key.proof 
691047     DEBUG main            d.u.i.k.p.i.AbstractProblemLoader Environment load took 298.7ns 
691048     INFO  main            d.u.i.k.p.i.AbstractProblemLoader Creating init config 
693739     DEBUG main            d.u.i.k.p.i.AbstractProblemLoader Init config took 2.69s 
693778     INFO  main            d.u.i.k.p.i.AbstractProblemLoader Replaying proof ReadWrite[ReadWrite::doRead()].JML normal_behavior operation contract.0 
694179     DEBUG main            d.u.i.k.p.i.IntermediateProofReplayer Proof replay took 381.2ms 
694180     DEBUG main            d.u.i.k.p.r.p.TestFile    ... success: reloaded. 
694181     INFO  main            d.u.i.k.p.r.p.TestFile    Now processing file /home/runner/work/key/key/key.core/../key.ui/examples/heap/permissions/mulleretal/ReadWrite_doWrite_contract.key 
694182     INFO  main            d.u.i.k.p.i.AbstractProblemLoader Loading environment from /home/runner/work/key/key/key.core/../key.ui/examples/heap/permissions/mulleretal/ReadWrite_doWrite_contract.key 
694182     DEBUG main            d.u.i.k.p.i.AbstractProblemLoader Environment load took 146.6ns 
694182     INFO  main            d.u.i.k.p.i.AbstractProblemLoader Creating init config 
697011     DEBUG main            d.u.i.k.p.i.AbstractProblemLoader Init config took 2.83s 
697049     INFO  main            d.u.i.k.p.i.AbstractProblemLoader Replaying proof ReadWrite[ReadWrite::doWrite()].JML normal_behavior operation contract.0 
697051     DEBUG main            d.u.i.k.p.i.IntermediateProofReplayer Proof replay took 2.6ns 
698756     INFO  main            d.u.i.k.p.r.p.TestFile    ... finished proof: closed. 
699346     INFO  main            d.u.i.k.p.i.AbstractProblemLoader Loading environment from /home/runner/work/key/key/key.core/../key.ui/examples/heap/permissions/mulleretal/ReadWrite_doWrite_contract.key.proof 
699346     DEBUG main            d.u.i.k.p.i.AbstractProblemLoader Environment load took 77.2ns 
699347     INFO  main            d.u.i.k.p.i.AbstractProblemLoader Creating init config 
702107     DEBUG main            d.u.i.k.p.i.AbstractProblemLoader Init config took 2.76s 
702145     INFO  main            d.u.i.k.p.i.AbstractProblemLoader Replaying proof ReadWrite[ReadWrite::doWrite()].JML normal_behavior operation contract.0 
702564     DEBUG main            d.u.i.k.p.i.IntermediateProofReplayer Proof replay took 411.9ms 
702565     DEBUG main            d.u.i.k.p.r.p.TestFile    ... success: reloaded. 
702566     INFO  main            d.u.i.k.p.r.p.TestFile    Now processing file /home/runner/work/key/key/key.core/../key.ui/examples/heap/permissions/mulleretal/ReadWrite_read_contract.key 
702566     INFO  main            d.u.i.k.p.i.AbstractProblemLoader Loading environment from /home/runner/work/key/key/key.core/../key.ui/examples/heap/permissions/mulleretal/ReadWrite_read_contract.key 
702566     DEBUG main            d.u.i.k.p.i.AbstractProblemLoader Environment load took 139.7ns 
702567     INFO  main            d.u.i.k.p.i.AbstractProblemLoader Creating init config 
705339     DEBUG main            d.u.i.k.p.i.AbstractProblemLoader Init config took 2.77s 
705375     INFO  main            d.u.i.k.p.i.AbstractProblemLoader Replaying proof ReadWrite[ReadWrite::read()].JML normal_behavior operation contract.0 
705376     DEBUG main            d.u.i.k.p.i.IntermediateProofReplayer Proof replay took 3ns 
705478     INFO  main            d.u.i.k.p.r.p.TestFile    ... finished proof: closed. 
706056     INFO  main            d.u.i.k.p.i.AbstractProblemLoader Loading environment from /home/runner/work/key/key/key.core/../key.ui/examples/heap/permissions/mulleretal/ReadWrite_read_contract.key.proof 
706056     DEBUG main            d.u.i.k.p.i.AbstractProblemLoader Environment load took 74.5ns 
706057     INFO  main            d.u.i.k.p.i.AbstractProblemLoader Creating init config 
708717     DEBUG main            d.u.i.k.p.i.AbstractProblemLoader Init config took 2.66s 
708754     INFO  main            d.u.i.k.p.i.AbstractProblemLoader Replaying proof ReadWrite[ReadWrite::read()].JML normal_behavior operation contract.0 
708761     DEBUG main            d.u.i.k.p.i.IntermediateProofReplayer Proof replay took 5.58ms 
708762     DEBUG main            d.u.i.k.p.r.p.TestFile    ... success: reloaded. 
708764     INFO  main            d.u.i.k.p.r.p.TestFile    Now processing file /home/runner/work/key/key/key.core/../key.ui/examples/heap/permissions/mulleretal/ReadWrite_write_contract.key 
708764     INFO  main            d.u.i.k.p.i.AbstractProblemLoader Loading environment from /home/runner/work/key/key/key.core/../key.ui/examples/heap/permissions/mulleretal/ReadWrite_write_contract.key 
708764     DEBUG main            d.u.i.k.p.i.AbstractProblemLoader Environment load took 167.7ns 
708765     INFO  main            d.u.i.k.p.i.AbstractProblemLoader Creating init config 
711556     DEBUG main            d.u.i.k.p.i.AbstractProblemLoader Init config took 2.79s 
711588     INFO  main            d.u.i.k.p.i.AbstractProblemLoader Replaying proof ReadWrite[ReadWrite::write()].JML normal_behavior operation contract.0 
711589     DEBUG main            d.u.i.k.p.i.IntermediateProofReplayer Proof replay took 2.9ns 
711692     INFO  main            d.u.i.k.p.r.p.TestFile    ... finished proof: closed. 
712273     INFO  main            d.u.i.k.p.i.AbstractProblemLoader Loading environment from /home/runner/work/key/key/key.core/../key.ui/examples/heap/permissions/mulleretal/ReadWrite_write_contract.key.proof 
712273     DEBUG main            d.u.i.k.p.i.AbstractProblemLoader Environment load took 76.4ns 
712273     INFO  main            d.u.i.k.p.i.AbstractProblemLoader Creating init config 
714912     DEBUG main            d.u.i.k.p.i.AbstractProblemLoader Init config took 2.64s 
714949     INFO  main            d.u.i.k.p.i.AbstractProblemLoader Replaying proof ReadWrite[ReadWrite::write()].JML normal_behavior operation contract.0 
714971     DEBUG main            d.u.i.k.p.i.IntermediateProofReplayer Proof replay took 20.31ms 
714972     DEBUG main            d.u.i.k.p.r.p.TestFile    ... success: reloaded. 
714973     INFO  main            d.u.i.k.p.r.p.TestFile    Now processing file /home/runner/work/key/key/key.core/../key.ui/examples/heap/permissions/mulleretal/ReadWrite_inv1_accessible.key 
714973     INFO  main            d.u.i.k.p.i.AbstractProblemLoader Loading environment from /home/runner/work/key/key/key.core/../key.ui/examples/heap/permissions/mulleretal/ReadWrite_inv1_accessible.key 
714973     DEBUG main            d.u.i.k.p.i.AbstractProblemLoader Environment load took 141.9ns 
714974     INFO  main            d.u.i.k.p.i.AbstractProblemLoader Creating init config 
717669     DEBUG main            d.u.i.k.p.i.AbstractProblemLoader Init config took 2.7s 
717702     INFO  main            d.u.i.k.p.i.AbstractProblemLoader Replaying proof ReadWrite[java.lang.Object::<inv>()].JML accessible clause.0 
717703     DEBUG main            d.u.i.k.p.i.IntermediateProofReplayer Proof replay took 2.2ns 
717805     INFO  main            d.u.i.k.p.r.p.TestFile    ... finished proof: closed. 
718383     INFO  main            d.u.i.k.p.i.AbstractProblemLoader Loading environment from /home/runner/work/key/key/key.core/../key.ui/examples/heap/permissions/mulleretal/ReadWrite_inv1_accessible.key.proof 
718383     DEBUG main            d.u.i.k.p.i.AbstractProblemLoader Environment load took 94.5ns 
718384     INFO  main            d.u.i.k.p.i.AbstractProblemLoader Creating init config 
721022     DEBUG main            d.u.i.k.p.i.AbstractProblemLoader Init config took 2.64s 
721059     INFO  main            d.u.i.k.p.i.AbstractProblemLoader Replaying proof ReadWrite[java.lang.Object::<inv>()].JML accessible clause.0 
721063     DEBUG main            d.u.i.k.p.i.IntermediateProofReplayer Proof replay took 1.53ms 
721063     DEBUG main            d.u.i.k.p.r.p.TestFile    ... success: reloaded. 
721064     INFO  main            d.u.i.k.p.r.p.TestFile    Now processing file /home/runner/work/key/key/key.core/../key.ui/examples/heap/permissions/mulleretal/ReadWrite_inv2_accessible.key 
721064     INFO  main            d.u.i.k.p.i.AbstractProblemLoader Loading environment from /home/runner/work/key/key/key.core/../key.ui/examples/heap/permissions/mulleretal/ReadWrite_inv2_accessible.key 
721065     DEBUG main            d.u.i.k.p.i.AbstractProblemLoader Environment load took 147.1ns 
721065     INFO  main            d.u.i.k.p.i.AbstractProblemLoader Creating init config 
723824     DEBUG main            d.u.i.k.p.i.AbstractProblemLoader Init config took 2.76s 
723856     INFO  main            d.u.i.k.p.i.AbstractProblemLoader Replaying proof ReadWrite[java.lang.Object::<inv>()].JML accessible clause.1 
723858     DEBUG main            d.u.i.k.p.i.IntermediateProofReplayer Proof replay took 2.8ns 
723959     INFO  main            d.u.i.k.p.r.p.TestFile    ... finished proof: closed. 
724540     INFO  main            d.u.i.k.p.i.AbstractProblemLoader Loading environment from /home/runner/work/key/key/key.core/../key.ui/examples/heap/permissions/mulleretal/ReadWrite_inv2_accessible.key.proof 
724540     DEBUG main            d.u.i.k.p.i.AbstractProblemLoader Environment load took 67.9ns 
724541     INFO  main            d.u.i.k.p.i.AbstractProblemLoader Creating init config 
727172     DEBUG main            d.u.i.k.p.i.AbstractProblemLoader Init config took 2.63s 
727208     INFO  main            d.u.i.k.p.i.AbstractProblemLoader Replaying proof ReadWrite[java.lang.Object::<inv>()].JML accessible clause.1 
727211     DEBUG main            d.u.i.k.p.i.IntermediateProofReplayer Proof replay took 1.54ms 
727212     DEBUG main            d.u.i.k.p.r.p.TestFile    ... success: reloaded. 
727213     INFO  main            d.u.i.k.p.r.p.TestFile    Now processing file /home/runner/work/key/key/key.core/../key.ui/examples/heap/permissions/lockspec/Counter_lockConsistent_contract.key 
727213     INFO  main            d.u.i.k.p.i.AbstractProblemLoader Loading environment from /home/runner/work/key/key/key.core/../key.ui/examples/heap/permissions/lockspec/Counter_lockConsistent_contract.key 
727213     DEBUG main            d.u.i.k.p.i.AbstractProblemLoader Environment load took 142.9ns 
727214     INFO  main            d.u.i.k.p.i.AbstractProblemLoader Creating init config 
730518     DEBUG main            d.u.i.k.p.i.AbstractProblemLoader Init config took 3.3s 
730612     INFO  main            d.u.i.k.p.i.AbstractProblemLoader Replaying proof Counter[LockSpec::lockConsistent()].JML model_behavior operation contract.0 
730613     DEBUG main            d.u.i.k.p.i.IntermediateProofReplayer Proof replay took 2.3ns 
731731     INFO  main            d.u.i.k.p.r.p.TestFile    ... finished proof: closed. 
732339     INFO  main            d.u.i.k.p.i.AbstractProblemLoader Loading environment from /home/runner/work/key/key/key.core/../key.ui/examples/heap/permissions/lockspec/Counter_lockConsistent_contract.key.proof 
732339     DEBUG main            d.u.i.k.p.i.AbstractProblemLoader Environment load took 81.4ns 
732341     INFO  main            d.u.i.k.p.i.AbstractProblemLoader Creating init config 
735468     DEBUG main            d.u.i.k.p.i.AbstractProblemLoader Init config took 3.13s 
735520     INFO  main            d.u.i.k.p.i.AbstractProblemLoader Replaying proof Counter[LockSpec::lockConsistent()].JML model_behavior operation contract.0 
735670     DEBUG main            d.u.i.k.p.i.IntermediateProofReplayer Proof replay took 142.56ms 
735672     DEBUG main            d.u.i.k.p.r.p.TestFile    ... success: reloaded. 
735673     INFO  main            d.u.i.k.p.r.p.TestFile    Now processing file /home/runner/work/key/key/key.core/../key.ui/examples/heap/permissions/lockspec/Counter_increase_contract.key 
735673     INFO  main            d.u.i.k.p.i.AbstractProblemLoader Loading environment from /home/runner/work/key/key/key.core/../key.ui/examples/heap/permissions/lockspec/Counter_increase_contract.key 
735673     DEBUG main            d.u.i.k.p.i.AbstractProblemLoader Environment load took 143.4ns 
735674     INFO  main            d.u.i.k.p.i.AbstractProblemLoader Creating init config 
738827     DEBUG main            d.u.i.k.p.i.AbstractProblemLoader Init config took 3.15s 
738918     INFO  main            d.u.i.k.p.i.AbstractProblemLoader Replaying proof Counter[Counter::increase()].JML normal_behavior operation contract.0 
738931     DEBUG main            d.u.i.k.p.i.IntermediateProofReplayer Proof replay took 2.7ns 
740878     INFO  main            d.u.i.k.p.r.p.TestFile    ... finished proof: closed. 
741508     INFO  main            d.u.i.k.p.i.AbstractProblemLoader Loading environment from /home/runner/work/key/key/key.core/../key.ui/examples/heap/permissions/lockspec/Counter_increase_contract.key.proof 
741508     DEBUG main            d.u.i.k.p.i.AbstractProblemLoader Environment load took 85.8ns 
741509     INFO  main            d.u.i.k.p.i.AbstractProblemLoader Creating init config 
744678     DEBUG main            d.u.i.k.p.i.AbstractProblemLoader Init config took 3.17s 
744725     INFO  main            d.u.i.k.p.i.AbstractProblemLoader Replaying proof Counter[Counter::increase()].JML normal_behavior operation contract.0 
744882     DEBUG main            d.u.i.k.p.i.IntermediateProofReplayer Proof replay took 141.32ms 
744884     DEBUG main            d.u.i.k.p.r.p.TestFile    ... success: reloaded. 
744885     INFO  main            d.u.i.k.p.r.p.TestFile    Now processing file /home/runner/work/key/key/key.core/../key.ui/examples/heap/permissions/lockspec/Counter_fp_accessible.key 
744885     INFO  main            d.u.i.k.p.i.AbstractProblemLoader Loading environment from /home/runner/work/key/key/key.core/../key.ui/examples/heap/permissions/lockspec/Counter_fp_accessible.key 
744885     DEBUG main            d.u.i.k.p.i.AbstractProblemLoader Environment load took 189.5ns 
744886     INFO  main            d.u.i.k.p.i.AbstractProblemLoader Creating init config 
747964     DEBUG main            d.u.i.k.p.i.AbstractProblemLoader Init config took 3.08s 
748013     INFO  main            d.u.i.k.p.i.AbstractProblemLoader Replaying proof Counter[LockSpec::fp()].JML accessible clause.0 
748015     DEBUG main            d.u.i.k.p.i.IntermediateProofReplayer Proof replay took 2.6ns 
748116     INFO  main            d.u.i.k.p.r.p.TestFile    ... finished proof: closed. 
748730     INFO  main            d.u.i.k.p.i.AbstractProblemLoader Loading environment from /home/runner/work/key/key/key.core/../key.ui/examples/heap/permissions/lockspec/Counter_fp_accessible.key.proof 
748730     DEBUG main            d.u.i.k.p.i.AbstractProblemLoader Environment load took 66.2ns 
748731     INFO  main            d.u.i.k.p.i.AbstractProblemLoader Creating init config 
751697     DEBUG main            d.u.i.k.p.i.AbstractProblemLoader Init config took 2.97s 
751746     INFO  main            d.u.i.k.p.i.AbstractProblemLoader Replaying proof Counter[LockSpec::fp()].JML accessible clause.0 
751753     DEBUG main            d.u.i.k.p.i.IntermediateProofReplayer Proof replay took 6.02ms 
751754     DEBUG main            d.u.i.k.p.r.p.TestFile    ... success: reloaded. 
751755     INFO  main            d.u.i.k.p.r.p.TestFile    Now processing file /home/runner/work/key/key/key.core/../key.ui/examples/heap/permissions/lockspec/Counter_fpLock_accessible.key 
751755     INFO  main            d.u.i.k.p.i.AbstractProblemLoader Loading environment from /home/runner/work/key/key/key.core/../key.ui/examples/heap/permissions/lockspec/Counter_fpLock_accessible.key 
751755     DEBUG main            d.u.i.k.p.i.AbstractProblemLoader Environment load took 81.8ns 
751756     INFO  main            d.u.i.k.p.i.AbstractProblemLoader Creating init config 
754748     DEBUG main            d.u.i.k.p.i.AbstractProblemLoader Init config took 2.99s 
754797     INFO  main            d.u.i.k.p.i.AbstractProblemLoader Replaying proof Counter[LockSpec::fpLock()].JML accessible clause.0 
754799     DEBUG main            d.u.i.k.p.i.IntermediateProofReplayer Proof replay took 3.1ns 
754900     INFO  main            d.u.i.k.p.r.p.TestFile    ... finished proof: closed. 
755531     INFO  main            d.u.i.k.p.i.AbstractProblemLoader Loading environment from /home/runner/work/key/key/key.core/../key.ui/examples/heap/permissions/lockspec/Counter_fpLock_accessible.key.proof 
755531     DEBUG main            d.u.i.k.p.i.AbstractProblemLoader Environment load took 71.9ns 
755532     INFO  main            d.u.i.k.p.i.AbstractProblemLoader Creating init config 
758497     DEBUG main            d.u.i.k.p.i.AbstractProblemLoader Init config took 2.96s 
758547     INFO  main            d.u.i.k.p.i.AbstractProblemLoader Replaying proof Counter[LockSpec::fpLock()].JML accessible clause.0 
758554     DEBUG main            d.u.i.k.p.i.IntermediateProofReplayer Proof replay took 6.12ms 
758555     DEBUG main            d.u.i.k.p.r.p.TestFile    ... success: reloaded. 
758555     INFO  main            d.u.i.k.p.r.p.TestFile    Now processing file /home/runner/work/key/key/key.core/../key.ui/examples/heap/permissions/lockspec/Counter_fpPerm_accessible.key 
758556     INFO  main            d.u.i.k.p.i.AbstractProblemLoader Loading environment from /home/runner/work/key/key/key.core/../key.ui/examples/heap/permissions/lockspec/Counter_fpPerm_accessible.key 
758556     DEBUG main            d.u.i.k.p.i.AbstractProblemLoader Environment load took 43.7ns 
758556     INFO  main            d.u.i.k.p.i.AbstractProblemLoader Creating init config 
761561     DEBUG main            d.u.i.k.p.i.AbstractProblemLoader Init config took 3s 
761610     INFO  main            d.u.i.k.p.i.AbstractProblemLoader Replaying proof Counter[LockSpec::fpPerm()].JML accessible clause.0 
761612     DEBUG main            d.u.i.k.p.i.IntermediateProofReplayer Proof replay took 2.9ns 
761718     INFO  main            d.u.i.k.p.r.p.TestFile    ... finished proof: closed. 
762352     INFO  main            d.u.i.k.p.i.AbstractProblemLoader Loading environment from /home/runner/work/key/key/key.core/../key.ui/examples/heap/permissions/lockspec/Counter_fpPerm_accessible.key.proof 
762352     DEBUG main            d.u.i.k.p.i.AbstractProblemLoader Environment load took 69.1ns 
762353     INFO  main            d.u.i.k.p.i.AbstractProblemLoader Creating init config 
765320     DEBUG main            d.u.i.k.p.i.AbstractProblemLoader Init config took 2.97s 
765369     INFO  main            d.u.i.k.p.i.AbstractProblemLoader Replaying proof Counter[LockSpec::fpPerm()].JML accessible clause.0 
765378     DEBUG main            d.u.i.k.p.i.IntermediateProofReplayer Proof replay took 5.41ms 
765379     DEBUG main            d.u.i.k.p.r.p.TestFile    ... success: reloaded. 
765379     INFO  main            d.u.i.k.p.r.p.TestFile    Now processing file /home/runner/work/key/key/key.core/../key.ui/examples/heap/permissions/lockspec/Counter_inv_accessible1.key 
765379     INFO  main            d.u.i.k.p.i.AbstractProblemLoader Loading environment from /home/runner/work/key/key/key.core/../key.ui/examples/heap/permissions/lockspec/Counter_inv_accessible1.key 
765379     DEBUG main            d.u.i.k.p.i.AbstractProblemLoader Environment load took 38.7ns 
765380     INFO  main            d.u.i.k.p.i.AbstractProblemLoader Creating init config 
768379     DEBUG main            d.u.i.k.p.i.AbstractProblemLoader Init config took 3s 
768427     INFO  main            d.u.i.k.p.i.AbstractProblemLoader Replaying proof Counter[java.lang.Object::<inv>()].JML accessible clause.0 
768429     DEBUG main            d.u.i.k.p.i.IntermediateProofReplayer Proof replay took 2.5ns 
768530     INFO  main            d.u.i.k.p.r.p.TestFile    ... finished proof: closed. 
769164     INFO  main            d.u.i.k.p.i.AbstractProblemLoader Loading environment from /home/runner/work/key/key/key.core/../key.ui/examples/heap/permissions/lockspec/Counter_inv_accessible1.key.proof 
769164     DEBUG main            d.u.i.k.p.i.AbstractProblemLoader Environment load took 73.7ns 
769164     INFO  main            d.u.i.k.p.i.AbstractProblemLoader Creating init config 
772126     DEBUG main            d.u.i.k.p.i.AbstractProblemLoader Init config took 2.96s 
772175     INFO  main            d.u.i.k.p.i.AbstractProblemLoader Replaying proof Counter[java.lang.Object::<inv>()].JML accessible clause.0 
772184     DEBUG main            d.u.i.k.p.i.IntermediateProofReplayer Proof replay took 7.45ms 
772185     DEBUG main            d.u.i.k.p.r.p.TestFile    ... success: reloaded. 
772185     INFO  main            d.u.i.k.p.r.p.TestFile    Now processing file /home/runner/work/key/key/key.core/../key.ui/examples/heap/permissions/lockspec/Counter_inv_accessible2.key 
772186     INFO  main            d.u.i.k.p.i.AbstractProblemLoader Loading environment from /home/runner/work/key/key/key.core/../key.ui/examples/heap/permissions/lockspec/Counter_inv_accessible2.key 
772186     DEBUG main            d.u.i.k.p.i.AbstractProblemLoader Environment load took 63ns 
772186     INFO  main            d.u.i.k.p.i.AbstractProblemLoader Creating init config 
775180     DEBUG main            d.u.i.k.p.i.AbstractProblemLoader Init config took 2.99s 
775248     INFO  main            d.u.i.k.p.i.AbstractProblemLoader Replaying proof Counter[java.lang.Object::<inv>()].JML accessible clause.1 
775249     DEBUG main            d.u.i.k.p.i.IntermediateProofReplayer Proof replay took 3.1ns 
775352     INFO  main            d.u.i.k.p.r.p.TestFile    ... finished proof: closed. 
775987     INFO  main            d.u.i.k.p.i.AbstractProblemLoader Loading environment from /home/runner/work/key/key/key.core/../key.ui/examples/heap/permissions/lockspec/Counter_inv_accessible2.key.proof 
775987     DEBUG main            d.u.i.k.p.i.AbstractProblemLoader Environment load took 77.1ns 
775988     INFO  main            d.u.i.k.p.i.AbstractProblemLoader Creating init config 
778942     DEBUG main            d.u.i.k.p.i.AbstractProblemLoader Init config took 2.95s 
778991     INFO  main            d.u.i.k.p.i.AbstractProblemLoader Replaying proof Counter[java.lang.Object::<inv>()].JML accessible clause.1 
779000     DEBUG main            d.u.i.k.p.i.IntermediateProofReplayer Proof replay took 7ms 
779000     DEBUG main            d.u.i.k.p.r.p.TestFile    ... success: reloaded. 
779001     INFO  main            d.u.i.k.p.r.p.TestFile    Now processing file /home/runner/work/key/key/key.core/../key.ui/examples/heap/permissions/lockspec/Counter_lockRef_accessible.key 
779001     INFO  main            d.u.i.k.p.i.AbstractProblemLoader Loading environment from /home/runner/work/key/key/key.core/../key.ui/examples/heap/permissions/lockspec/Counter_lockRef_accessible.key 
779001     DEBUG main            d.u.i.k.p.i.AbstractProblemLoader Environment load took 74.2ns 
779002     INFO  main            d.u.i.k.p.i.AbstractProblemLoader Creating init config 
782018     DEBUG main            d.u.i.k.p.i.AbstractProblemLoader Init config took 3.02s 
782068     INFO  main            d.u.i.k.p.i.AbstractProblemLoader Replaying proof Counter[LockSpec::lockRef()].JML accessible clause.0 
782069     DEBUG main            d.u.i.k.p.i.IntermediateProofReplayer Proof replay took 3.1ns 
782271     INFO  main            d.u.i.k.p.r.p.TestFile    ... finished proof: closed. 
782917     INFO  main            d.u.i.k.p.i.AbstractProblemLoader Loading environment from /home/runner/work/key/key/key.core/../key.ui/examples/heap/permissions/lockspec/Counter_lockRef_accessible.key.proof 
782917     DEBUG main            d.u.i.k.p.i.AbstractProblemLoader Environment load took 73.1ns 
782918     INFO  main            d.u.i.k.p.i.AbstractProblemLoader Creating init config 
785876     DEBUG main            d.u.i.k.p.i.AbstractProblemLoader Init config took 2.96s 
785924     INFO  main            d.u.i.k.p.i.AbstractProblemLoader Replaying proof Counter[LockSpec::lockRef()].JML accessible clause.0 
785949     DEBUG main            d.u.i.k.p.i.IntermediateProofReplayer Proof replay took 22.61ms 
785949     DEBUG main            d.u.i.k.p.r.p.TestFile    ... success: reloaded. 
785950     INFO  main            d.u.i.k.p.r.p.TestFile    Now processing file /home/runner/work/key/key/key.core/../key.ui/examples/heap/permissions/lockspec/Counter_lockRef_contract1.key 
785950     INFO  main            d.u.i.k.p.i.AbstractProblemLoader Loading environment from /home/runner/work/key/key/key.core/../key.ui/examples/heap/permissions/lockspec/Counter_lockRef_contract1.key 
785950     DEBUG main            d.u.i.k.p.i.AbstractProblemLoader Environment load took 74.4ns 
785951     INFO  main            d.u.i.k.p.i.AbstractProblemLoader Creating init config 
788958     DEBUG main            d.u.i.k.p.i.AbstractProblemLoader Init config took 3.01s 
789007     INFO  main            d.u.i.k.p.i.AbstractProblemLoader Replaying proof Counter[LockSpec::lockRef()].JML model_behavior operation contract.0 
789010     DEBUG main            d.u.i.k.p.i.IntermediateProofReplayer Proof replay took 2.9ns 
789111     INFO  main            d.u.i.k.p.r.p.TestFile    ... finished proof: closed. 
789766     INFO  main            d.u.i.k.p.i.AbstractProblemLoader Loading environment from /home/runner/work/key/key/key.core/../key.ui/examples/heap/permissions/lockspec/Counter_lockRef_contract1.key.proof 
789766     DEBUG main            d.u.i.k.p.i.AbstractProblemLoader Environment load took 76.8ns 
789767     INFO  main            d.u.i.k.p.i.AbstractProblemLoader Creating init config 
792730     DEBUG main            d.u.i.k.p.i.AbstractProblemLoader Init config took 2.96s 
792779     INFO  main            d.u.i.k.p.i.AbstractProblemLoader Replaying proof Counter[LockSpec::lockRef()].JML model_behavior operation contract.0 
792783     DEBUG main            d.u.i.k.p.i.IntermediateProofReplayer Proof replay took 3.06ms 
792784     DEBUG main            d.u.i.k.p.r.p.TestFile    ... success: reloaded. 
792784     INFO  main            d.u.i.k.p.r.p.TestFile    Now processing file /home/runner/work/key/key/key.core/../key.ui/examples/heap/permissions/lockspec/Counter_lockRef_contract2.key 
792784     INFO  main            d.u.i.k.p.i.AbstractProblemLoader Loading environment from /home/runner/work/key/key/key.core/../key.ui/examples/heap/permissions/lockspec/Counter_lockRef_contract2.key 
792785     DEBUG main            d.u.i.k.p.i.AbstractProblemLoader Environment load took 40.3ns 
792785     INFO  main            d.u.i.k.p.i.AbstractProblemLoader Creating init config 
795806     DEBUG main            d.u.i.k.p.i.AbstractProblemLoader Init config took 3.02s 
795855     INFO  main            d.u.i.k.p.i.AbstractProblemLoader Replaying proof Counter[Counter::lockRef()].JML model_behavior operation contract.0 
795856     DEBUG main            d.u.i.k.p.i.IntermediateProofReplayer Proof replay took 3ns 
795957     INFO  main            d.u.i.k.p.r.p.TestFile    ... finished proof: closed. 
796611     INFO  main            d.u.i.k.p.i.AbstractProblemLoader Loading environment from /home/runner/work/key/key/key.core/../key.ui/examples/heap/permissions/lockspec/Counter_lockRef_contract2.key.proof 
796611     DEBUG main            d.u.i.k.p.i.AbstractProblemLoader Environment load took 67.7ns 
796612     INFO  main            d.u.i.k.p.i.AbstractProblemLoader Creating init config 
799680     DEBUG main            d.u.i.k.p.i.AbstractProblemLoader Init config took 3.07s 
799755     INFO  main            d.u.i.k.p.i.AbstractProblemLoader Replaying proof Counter[Counter::lockRef()].JML model_behavior operation contract.0 
799760     DEBUG main            d.u.i.k.p.i.IntermediateProofReplayer Proof replay took 3.74ms 
799761     DEBUG main            d.u.i.k.p.r.p.TestFile    ... success: reloaded. 
799761     INFO  main            d.u.i.k.p.r.p.TestFile    Now processing file /home/runner/work/key/key/key.core/../key.ui/examples/heap/permissions/lockspec/Counter_lockState_accessible.key 
799762     INFO  main            d.u.i.k.p.i.AbstractProblemLoader Loading environment from /home/runner/work/key/key/key.core/../key.ui/examples/heap/permissions/lockspec/Counter_lockState_accessible.key 
799762     DEBUG main            d.u.i.k.p.i.AbstractProblemLoader Environment load took 77ns 
799762     INFO  main            d.u.i.k.p.i.AbstractProblemLoader Creating init config 
802962     DEBUG main            d.u.i.k.p.i.AbstractProblemLoader Init config took 3.2s 
803012     INFO  main            d.u.i.k.p.i.AbstractProblemLoader Replaying proof Counter[LockSpec::lockState(boolean)].JML accessible clause.0 
803013     DEBUG main            d.u.i.k.p.i.IntermediateProofReplayer Proof replay took 3.1ns 
803215     INFO  main            d.u.i.k.p.r.p.TestFile    ... finished proof: closed. 
803904     INFO  main            d.u.i.k.p.i.AbstractProblemLoader Loading environment from /home/runner/work/key/key/key.core/../key.ui/examples/heap/permissions/lockspec/Counter_lockState_accessible.key.proof 
803904     DEBUG main            d.u.i.k.p.i.AbstractProblemLoader Environment load took 78.5ns 
803905     INFO  main            d.u.i.k.p.i.AbstractProblemLoader Creating init config 
807077     DEBUG main            d.u.i.k.p.i.AbstractProblemLoader Init config took 3.17s 
807133     INFO  main            d.u.i.k.p.i.AbstractProblemLoader Replaying proof Counter[LockSpec::lockState(boolean)].JML accessible clause.0 
807180     DEBUG main            d.u.i.k.p.i.IntermediateProofReplayer Proof replay took 43.91ms 
807195     DEBUG main            d.u.i.k.p.r.p.TestFile    ... success: reloaded. 
807196     INFO  main            d.u.i.k.p.r.p.TestFile    Now processing file /home/runner/work/key/key/key.core/../key.ui/examples/heap/permissions/lockspec/Counter_lockStatus_accessible.key 
807198     INFO  main            d.u.i.k.p.i.AbstractProblemLoader Loading environment from /home/runner/work/key/key/key.core/../key.ui/examples/heap/permissions/lockspec/Counter_lockStatus_accessible.key 
807198     DEBUG main            d.u.i.k.p.i.AbstractProblemLoader Environment load took 99.2ns 
807198     INFO  main            d.u.i.k.p.i.AbstractProblemLoader Creating init config 
810372     DEBUG main            d.u.i.k.p.i.AbstractProblemLoader Init config took 3.17s 
810423     INFO  main            d.u.i.k.p.i.AbstractProblemLoader Replaying proof Counter[LockSpec::lockStatus(boolean)].JML accessible clause.0 
810426     DEBUG main            d.u.i.k.p.i.IntermediateProofReplayer Proof replay took 2.9ns 
810527     INFO  main            d.u.i.k.p.r.p.TestFile    ... finished proof: closed. 
811188     INFO  main            d.u.i.k.p.i.AbstractProblemLoader Loading environment from /home/runner/work/key/key/key.core/../key.ui/examples/heap/permissions/lockspec/Counter_lockStatus_accessible.key.proof 
811188     DEBUG main            d.u.i.k.p.i.AbstractProblemLoader Environment load took 75.3ns 
811188     INFO  main            d.u.i.k.p.i.AbstractProblemLoader Creating init config 
814258     DEBUG main            d.u.i.k.p.i.AbstractProblemLoader Init config took 3.07s 
814316     INFO  main            d.u.i.k.p.i.AbstractProblemLoader Replaying proof Counter[LockSpec::lockStatus(boolean)].JML accessible clause.0 
814335     DEBUG main            d.u.i.k.p.i.IntermediateProofReplayer Proof replay took 17.05ms 
814336     DEBUG main            d.u.i.k.p.r.p.TestFile    ... success: reloaded. 
814337     INFO  main            d.u.i.k.p.r.p.TestFile    Now processing file /home/runner/work/key/key/key.core/../key.ui/examples/heap/permissions/lockspec/Counter_lockTransfer_accessible.key 
814337     INFO  main            d.u.i.k.p.i.AbstractProblemLoader Loading environment from /home/runner/work/key/key/key.core/../key.ui/examples/heap/permissions/lockspec/Counter_lockTransfer_accessible.key 
814337     DEBUG main            d.u.i.k.p.i.AbstractProblemLoader Environment load took 68.4ns 
814338     INFO  main            d.u.i.k.p.i.AbstractProblemLoader Creating init config 
817498     DEBUG main            d.u.i.k.p.i.AbstractProblemLoader Init config took 3.16s 
817551     INFO  main            d.u.i.k.p.i.AbstractProblemLoader Replaying proof Counter[LockSpec::lockTransfer()].JML accessible clause.0 
817552     DEBUG main            d.u.i.k.p.i.IntermediateProofReplayer Proof replay took 3ns 
817854     INFO  main            d.u.i.k.p.r.p.TestFile    ... finished proof: closed. 
818524     INFO  main            d.u.i.k.p.i.AbstractProblemLoader Loading environment from /home/runner/work/key/key/key.core/../key.ui/examples/heap/permissions/lockspec/Counter_lockTransfer_accessible.key.proof 
818524     DEBUG main            d.u.i.k.p.i.AbstractProblemLoader Environment load took 78.6ns 
818525     INFO  main            d.u.i.k.p.i.AbstractProblemLoader Creating init config 
821584     DEBUG main            d.u.i.k.p.i.AbstractProblemLoader Init config took 3.06s 
821639     INFO  main            d.u.i.k.p.i.AbstractProblemLoader Replaying proof Counter[LockSpec::lockTransfer()].JML accessible clause.0 
821698     DEBUG main            d.u.i.k.p.i.IntermediateProofReplayer Proof replay took 55.19ms 
821699     DEBUG main            d.u.i.k.p.r.p.TestFile    ... success: reloaded. 
821699     INFO  main            d.u.i.k.p.r.p.TestFile    Now processing file /home/runner/work/key/key/key.core/../key.ui/examples/heap/permissions/lockspec/Counter_unlockTransfer_accessible.key 
821700     INFO  main            d.u.i.k.p.i.AbstractProblemLoader Loading environment from /home/runner/work/key/key/key.core/../key.ui/examples/heap/permissions/lockspec/Counter_unlockTransfer_accessible.key 
821700     DEBUG main            d.u.i.k.p.i.AbstractProblemLoader Environment load took 146.2ns 
821701     INFO  main            d.u.i.k.p.i.AbstractProblemLoader Creating init config 
824876     DEBUG main            d.u.i.k.p.i.AbstractProblemLoader Init config took 3.18s 
824929     INFO  main            d.u.i.k.p.i.AbstractProblemLoader Replaying proof Counter[LockSpec::unlockTransfer()].JML accessible clause.0 
824932     DEBUG main            d.u.i.k.p.i.IntermediateProofReplayer Proof replay took 2.6ns 
825235     INFO  main            d.u.i.k.p.r.p.TestFile    ... finished proof: closed. 
825929     INFO  main            d.u.i.k.p.i.AbstractProblemLoader Loading environment from /home/runner/work/key/key/key.core/../key.ui/examples/heap/permissions/lockspec/Counter_unlockTransfer_accessible.key.proof 
825930     DEBUG main            d.u.i.k.p.i.AbstractProblemLoader Environment load took 72ns 
825930     INFO  main            d.u.i.k.p.i.AbstractProblemLoader Creating init config 
828985     DEBUG main            d.u.i.k.p.i.AbstractProblemLoader Init config took 3.05s 
829048     INFO  main            d.u.i.k.p.i.AbstractProblemLoader Replaying proof Counter[LockSpec::unlockTransfer()].JML accessible clause.0 
829145     DEBUG main            d.u.i.k.p.i.IntermediateProofReplayer Proof replay took 90.26ms 
829146     DEBUG main            d.u.i.k.p.r.p.TestFile    ... success: reloaded. 
829147     INFO  main            d.u.i.k.p.r.p.TestFile    Now processing file /home/runner/work/key/key/key.core/../key.ui/examples/heap/permissions/threads/Plotter_startTransfer_contract.proof 
829147     INFO  main            d.u.i.k.p.i.AbstractProblemLoader Loading environment from /home/runner/work/key/key/key.core/../key.ui/examples/heap/permissions/threads/Plotter_startTransfer_contract.proof 
829147     DEBUG main            d.u.i.k.p.i.AbstractProblemLoader Environment load took 146.2ns 
829148     INFO  main            d.u.i.k.p.i.AbstractProblemLoader Creating init config 
833915     DEBUG main            d.u.i.k.p.i.AbstractProblemLoader Init config took 4.77s 
834096     INFO  main            d.u.i.k.p.i.AbstractProblemLoader Replaying proof Plotter[ThreadSpec2::startTransfer()].JML model_behavior operation contract.0 
834252     DEBUG main            d.u.i.k.p.i.IntermediateProofReplayer Proof replay took 147.76ms 
834253     INFO  main            d.u.i.k.p.r.p.TestFile    ... success: loaded 
834253     INFO  main            d.u.i.k.p.r.p.TestFile    Now processing file /home/runner/work/key/key/key.core/../key.ui/examples/heap/permissions/threads/Plotter_startTransfer_accessible.proof 
834254     INFO  main            d.u.i.k.p.i.AbstractProblemLoader Loading environment from /home/runner/work/key/key/key.core/../key.ui/examples/heap/permissions/threads/Plotter_startTransfer_accessible.proof 
834254     DEBUG main            d.u.i.k.p.i.AbstractProblemLoader Environment load took 41.9ns 
834262     INFO  main            d.u.i.k.p.i.AbstractProblemLoader Creating init config 
839012     DEBUG main            d.u.i.k.p.i.AbstractProblemLoader Init config took 4.75s 
839089     INFO  main            d.u.i.k.p.i.AbstractProblemLoader Replaying proof Plotter[ThreadSpec2::startTransfer()].JML accessible clause.0 
839149     DEBUG main            d.u.i.k.p.i.IntermediateProofReplayer Proof replay took 56.14ms 
839149     INFO  main            d.u.i.k.p.r.p.TestFile    ... success: loaded 
839150     INFO  main            d.u.i.k.p.r.p.TestFile    Now processing file /home/runner/work/key/key/key.core/../key.ui/examples/heap/permissions/threads/Plotter_joinTransfer_accessible.proof 
839150     INFO  main            d.u.i.k.p.i.AbstractProblemLoader Loading environment from /home/runner/work/key/key/key.core/../key.ui/examples/heap/permissions/threads/Plotter_joinTransfer_accessible.proof 
839151     DEBUG main            d.u.i.k.p.i.AbstractProblemLoader Environment load took 43.1ns 
839151     INFO  main            d.u.i.k.p.i.AbstractProblemLoader Creating init config 
843952     DEBUG main            d.u.i.k.p.i.AbstractProblemLoader Init config took 4.8s 
844039     INFO  main            d.u.i.k.p.i.AbstractProblemLoader Replaying proof Plotter[ThreadSpec2::joinTransfer()].JML accessible clause.0 
844053     WARN  main            d.u.i.k.p.i.IntermediateProofReplayer Proof contains wrong number of \assumes instatiations for Definition_axiom_for_stateInv_in_Plotter 
844055     WARN  main            d.u.i.k.p.i.IntermediateProofReplayer Proof contains wrong number of \assumes instatiations for Definition_axiom_for_stateInv_in_Plotter 
844068     WARN  main            d.u.i.k.p.i.IntermediateProofReplayer Proof contains wrong number of \assumes instatiations for Definition_axiom_for_workingPermissions_in_Plotter 
844068     WARN  main            d.u.i.k.p.i.IntermediateProofReplayer Proof contains wrong number of \assumes instatiations for Definition_axiom_for_staticPermissions_in_Plotter 
844069     WARN  main            d.u.i.k.p.i.IntermediateProofReplayer Proof contains wrong number of \assumes instatiations for Definition_axiom_for_joinTransfer_in_Plotter 
844070     WARN  main            d.u.i.k.p.i.IntermediateProofReplayer Proof contains wrong number of \assumes instatiations for Definition_axiom_for_stateInv_in_BFilter 
844072     WARN  main            d.u.i.k.p.i.IntermediateProofReplayer Proof contains wrong number of \assumes instatiations for Definition_axiom_for_stateInv_in_AFilter 
844074     WARN  main            d.u.i.k.p.i.IntermediateProofReplayer Proof contains wrong number of \assumes instatiations for Definition_axiom_for_stateInv_in_BFilter 
844075     WARN  main            d.u.i.k.p.i.IntermediateProofReplayer Proof contains wrong number of \assumes instatiations for Definition_axiom_for_stateInv_in_AFilter 
844082     WARN  main            d.u.i.k.p.i.IntermediateProofReplayer Proof contains wrong number of \assumes instatiations for Definition_axiom_for_staticPermissions_in_AFilter 
844083     WARN  main            d.u.i.k.p.i.IntermediateProofReplayer Proof contains wrong number of \assumes instatiations for Definition_axiom_for_staticPermissions_in_Plotter 
844083     WARN  main            d.u.i.k.p.i.IntermediateProofReplayer Proof contains wrong number of \assumes instatiations for Definition_axiom_for_staticPermissions_in_BFilter 
844084     WARN  main            d.u.i.k.p.i.IntermediateProofReplayer Proof contains wrong number of \assumes instatiations for Definition_axiom_for_workingPermissions_in_Plotter 
844084     WARN  main            d.u.i.k.p.i.IntermediateProofReplayer Proof contains wrong number of \assumes instatiations for Definition_axiom_for_stateInv_in_Sampler 
844091     WARN  main            d.u.i.k.p.i.IntermediateProofReplayer Proof contains wrong number of \assumes instatiations for Definition_axiom_for_stateInv_in_Sampler 
844092     WARN  main            d.u.i.k.p.i.IntermediateProofReplayer Proof contains wrong number of \assumes instatiations for Definition_axiom_for_staticPermissions_in_Sampler 
844093     WARN  main            d.u.i.k.p.i.IntermediateProofReplayer Proof contains wrong number of \assumes instatiations for Definition_axiom_for_staticPermissions_in_BFilter 
844093     WARN  main            d.u.i.k.p.i.IntermediateProofReplayer Proof contains wrong number of \assumes instatiations for Definition_axiom_for_staticPermissions_in_AFilter 
844094     WARN  main            d.u.i.k.p.i.IntermediateProofReplayer Proof contains wrong number of \assumes instatiations for Definition_axiom_for_staticPermissions_in_Sampler 
844095     WARN  main            d.u.i.k.p.i.IntermediateProofReplayer Proof contains wrong number of \assumes instatiations for Definition_axiom_for_staticPermissions_in_Sampler 
844095     WARN  main            d.u.i.k.p.i.IntermediateProofReplayer Proof contains wrong number of \assumes instatiations for Definition_axiom_for_staticPermissions_in_Sampler 
844096     WARN  main            d.u.i.k.p.i.IntermediateProofReplayer Proof contains wrong number of \assumes instatiations for Definition_axiom_for_joinTransfer_in_Plotter 
844197     DEBUG main            d.u.i.k.p.i.IntermediateProofReplayer Proof replay took 152.69ms 
844197     INFO  main            d.u.i.k.p.r.p.TestFile    ... success: loaded 
5008923    INFO  Test worker     d.u.i.k.p.r.RunAllProofsTestUnit Returning from test permissionHeap 
5008924    INFO  Test worker     d.u.i.k.p.r.RunAllProofsTestUnit Running test completionScopes 
394        INFO  Timeout watchdog d.u.i.k.p.r.p.ForkedTestFileRunner Timeout watcher launched (2000 secs.) 
419        WARN  main            d.u.i.k.s.ProofSettings   The settings in /home/runner/.key/proof-settings.props are *not* read. 
452        INFO  main            d.u.i.k.p.r.p.TestFile    Now processing file /home/runner/work/key/key/key.core/../key.ui/examples/completionscopes/testCcatchReturnVal.key 
556        INFO  main            d.u.i.k.p.i.AbstractProblemLoader Loading environment from /home/runner/work/key/key/key.core/../key.ui/examples/completionscopes/testCcatchReturnVal.key 
581        DEBUG main            d.u.i.k.p.i.AbstractProblemLoader Environment load took 1.86ms 
809        INFO  main            d.u.i.k.p.i.AbstractProblemLoader Creating init config 
1698       DEBUG main            d.u.i.k.j.TypeConverter   No LDT found for Meta 
1699       DEBUG main            d.u.i.k.j.TypeConverter   No LDT found for Meta 
1705       DEBUG main            d.u.i.k.j.TypeConverter   No LDT found for Meta 
1706       DEBUG main            d.u.i.k.j.TypeConverter   No LDT found for Meta 
3130       DEBUG main            d.u.i.k.j.TypeConverter   No LDT found for JavaBigintExpression 
8515       DEBUG main            d.u.i.k.p.i.AbstractProblemLoader Init config took 7.71s 
8645       INFO  main            d.u.i.k.p.i.AbstractProblemLoader Replaying proof CompletionScopes[CompletionScopes::testCcatchReturnVal()].JML normal_behavior operation contract.0 
8680       DEBUG main            d.u.i.k.p.i.IntermediateProofReplayer Proof replay took 35.6ns 
9218       INFO  main            d.u.i.k.p.r.p.TestFile    ... finished proof: closed. 
9359       INFO  main            d.u.i.k.p.i.AbstractProblemLoader Loading environment from /home/runner/work/key/key/key.core/../key.ui/examples/completionscopes/testCcatchReturnVal.key.proof 
9359       DEBUG main            d.u.i.k.p.i.AbstractProblemLoader Environment load took 155.5ns 
9362       INFO  main            d.u.i.k.p.i.AbstractProblemLoader Creating init config 
12303      DEBUG main            d.u.i.k.p.i.AbstractProblemLoader Init config took 2.94s 
12372      INFO  main            d.u.i.k.p.i.AbstractProblemLoader Replaying proof CompletionScopes[CompletionScopes::testCcatchReturnVal()].JML normal_behavior operation contract.0 
12403      DEBUG main            d.u.i.k.p.i.IntermediateProofReplayer Proof replay took 26.86ms 
12410      DEBUG main            d.u.i.k.p.r.p.TestFile    ... success: reloaded. 
12411      INFO  main            d.u.i.k.p.r.p.TestFile    Now processing file /home/runner/work/key/key/key.core/../key.ui/examples/completionscopes/testMultCcatchClauses.key 
12412      INFO  main            d.u.i.k.p.i.AbstractProblemLoader Loading environment from /home/runner/work/key/key/key.core/../key.ui/examples/completionscopes/testMultCcatchClauses.key 
12412      DEBUG main            d.u.i.k.p.i.AbstractProblemLoader Environment load took 200.3ns 
12414      INFO  main            d.u.i.k.p.i.AbstractProblemLoader Creating init config 
15260      DEBUG main            d.u.i.k.p.i.AbstractProblemLoader Init config took 2.85s 
15319      INFO  main            d.u.i.k.p.i.AbstractProblemLoader Replaying proof CompletionScopes[CompletionScopes::testMultCcatchClauses()].JML normal_behavior operation contract.0 
15322      DEBUG main            d.u.i.k.p.i.IntermediateProofReplayer Proof replay took 5.9ns 
15625      INFO  main            d.u.i.k.p.r.p.TestFile    ... finished proof: closed. 
15774      INFO  main            d.u.i.k.p.i.AbstractProblemLoader Loading environment from /home/runner/work/key/key/key.core/../key.ui/examples/completionscopes/testMultCcatchClauses.key.proof 
15774      DEBUG main            d.u.i.k.p.i.AbstractProblemLoader Environment load took 133.8ns 
15776      INFO  main            d.u.i.k.p.i.AbstractProblemLoader Creating init config 
18525      DEBUG main            d.u.i.k.p.i.AbstractProblemLoader Init config took 2.75s 
18576      INFO  main            d.u.i.k.p.i.AbstractProblemLoader Replaying proof CompletionScopes[CompletionScopes::testMultCcatchClauses()].JML normal_behavior operation contract.0 
18656      DEBUG main            d.u.i.k.p.i.IntermediateProofReplayer Proof replay took 76.29ms 
18657      DEBUG main            d.u.i.k.p.r.p.TestFile    ... success: reloaded. 
18659      INFO  main            d.u.i.k.p.r.p.TestFile    Now processing file /home/runner/work/key/key/key.core/../key.ui/examples/completionscopes/testNestedExec.key 
18659      INFO  main            d.u.i.k.p.i.AbstractProblemLoader Loading environment from /home/runner/work/key/key/key.core/../key.ui/examples/completionscopes/testNestedExec.key 
18659      DEBUG main            d.u.i.k.p.i.AbstractProblemLoader Environment load took 172.4ns 
18661      INFO  main            d.u.i.k.p.i.AbstractProblemLoader Creating init config 
21438      DEBUG main            d.u.i.k.p.i.AbstractProblemLoader Init config took 2.78s 
21506      INFO  main            d.u.i.k.p.i.AbstractProblemLoader Replaying proof CompletionScopes[CompletionScopes::testMultCcatchClauses()].JML normal_behavior operation contract.0 
21508      DEBUG main            d.u.i.k.p.i.IntermediateProofReplayer Proof replay took 6.9ns 
21811      INFO  main            d.u.i.k.p.r.p.TestFile    ... finished proof: closed. 
21958      INFO  main            d.u.i.k.p.i.AbstractProblemLoader Loading environment from /home/runner/work/key/key/key.core/../key.ui/examples/completionscopes/testNestedExec.key.proof 
21959      DEBUG main            d.u.i.k.p.i.AbstractProblemLoader Environment load took 377ns 
21960      INFO  main            d.u.i.k.p.i.AbstractProblemLoader Creating init config 
24631      DEBUG main            d.u.i.k.p.i.AbstractProblemLoader Init config took 2.67s 
24678      INFO  main            d.u.i.k.p.i.AbstractProblemLoader Replaying proof CompletionScopes[CompletionScopes::testMultCcatchClauses()].JML normal_behavior operation contract.0 
24739      DEBUG main            d.u.i.k.p.i.IntermediateProofReplayer Proof replay took 57.3ms 
24740      DEBUG main            d.u.i.k.p.r.p.TestFile    ... success: reloaded. 
24741      INFO  main            d.u.i.k.p.r.p.TestFile    Now processing file /home/runner/work/key/key/key.core/../key.ui/examples/completionscopes/testCcatchBreakLabel.key 
24742      INFO  main            d.u.i.k.p.i.AbstractProblemLoader Loading environment from /home/runner/work/key/key/key.core/../key.ui/examples/completionscopes/testCcatchBreakLabel.key 
24742      DEBUG main            d.u.i.k.p.i.AbstractProblemLoader Environment load took 176.5ns 
24743      INFO  main            d.u.i.k.p.i.AbstractProblemLoader Creating init config 
27472      DEBUG main            d.u.i.k.p.i.AbstractProblemLoader Init config took 2.73s 
27525      INFO  main            d.u.i.k.p.i.AbstractProblemLoader Replaying proof CompletionScopes[CompletionScopes::testBreakLabel()].JML normal_behavior operation contract.0 
27529      DEBUG main            d.u.i.k.p.i.IntermediateProofReplayer Proof replay took 8.1ns 
27553      DEBUG Thread-10       d.u.i.k.l.o.ProgramSV     Match failed: Former match of  SchemaVariable incompatible with  the current match. 
27633      INFO  main            d.u.i.k.p.r.p.TestFile    ... finished proof: closed. 
27811      INFO  main            d.u.i.k.p.i.AbstractProblemLoader Loading environment from /home/runner/work/key/key/key.core/../key.ui/examples/completionscopes/testCcatchBreakLabel.key.proof 
27811      DEBUG main            d.u.i.k.p.i.AbstractProblemLoader Environment load took 129.9ns 
27816      INFO  main            d.u.i.k.p.i.AbstractProblemLoader Creating init config 
30508      DEBUG main            d.u.i.k.p.i.AbstractProblemLoader Init config took 2.69s 
30587      INFO  main            d.u.i.k.p.i.AbstractProblemLoader Replaying proof CompletionScopes[CompletionScopes::testBreakLabel()].JML normal_behavior operation contract.0 
30599      DEBUG main            d.u.i.k.p.i.IntermediateProofReplayer Proof replay took 7.76ms 
30600      DEBUG main            d.u.i.k.p.r.p.TestFile    ... success: reloaded. 
30602      INFO  main            d.u.i.k.p.r.p.TestFile    Now processing file /home/runner/work/key/key/key.core/../key.ui/examples/completionscopes/testCcatchContinueLabel.key 
30602      INFO  main            d.u.i.k.p.i.AbstractProblemLoader Loading environment from /home/runner/work/key/key/key.core/../key.ui/examples/completionscopes/testCcatchContinueLabel.key 
30602      DEBUG main            d.u.i.k.p.i.AbstractProblemLoader Environment load took 175.9ns 
30604      INFO  main            d.u.i.k.p.i.AbstractProblemLoader Creating init config 
33268      DEBUG main            d.u.i.k.p.i.AbstractProblemLoader Init config took 2.66s 
33334      INFO  main            d.u.i.k.p.i.AbstractProblemLoader Replaying proof CompletionScopes[CompletionScopes::testContinueLabel()].JML normal_behavior operation contract.0 
33336      DEBUG main            d.u.i.k.p.i.IntermediateProofReplayer Proof replay took 7.5ns 
33359      DEBUG Thread-13       d.u.i.k.l.o.ProgramSV     Match failed: Former match of  SchemaVariable incompatible with  the current match. 
33439      INFO  main            d.u.i.k.p.r.p.TestFile    ... finished proof: closed. 
33588      INFO  main            d.u.i.k.p.i.AbstractProblemLoader Loading environment from /home/runner/work/key/key/key.core/../key.ui/examples/completionscopes/testCcatchContinueLabel.key.proof 
33588      DEBUG main            d.u.i.k.p.i.AbstractProblemLoader Environment load took 148.8ns 
33589      INFO  main            d.u.i.k.p.i.AbstractProblemLoader Creating init config 
36237      DEBUG main            d.u.i.k.p.i.AbstractProblemLoader Init config took 2.65s 
36282      INFO  main            d.u.i.k.p.i.AbstractProblemLoader Replaying proof CompletionScopes[CompletionScopes::testContinueLabel()].JML normal_behavior operation contract.0 
36291      DEBUG main            d.u.i.k.p.i.IntermediateProofReplayer Proof replay took 7.07ms 
36292      DEBUG main            d.u.i.k.p.r.p.TestFile    ... success: reloaded. 
36293      INFO  main            d.u.i.k.p.r.p.TestFile    Now processing file /home/runner/work/key/key/key.core/../key.ui/examples/completionscopes/testCcatchBreakLabelWildcard.key 
36293      INFO  main            d.u.i.k.p.i.AbstractProblemLoader Loading environment from /home/runner/work/key/key/key.core/../key.ui/examples/completionscopes/testCcatchBreakLabelWildcard.key 
36294      DEBUG main            d.u.i.k.p.i.AbstractProblemLoader Environment load took 184.4ns 
36295      INFO  main            d.u.i.k.p.i.AbstractProblemLoader Creating init config 
38995      DEBUG main            d.u.i.k.p.i.AbstractProblemLoader Init config took 2.7s 
39036      INFO  main            d.u.i.k.p.i.AbstractProblemLoader Replaying proof CompletionScopes[CompletionScopes::testBreakLabelWildcard()].JML normal_behavior operation contract.0 
39038      DEBUG main            d.u.i.k.p.i.IntermediateProofReplayer Proof replay took 8.4ns 
39059      DEBUG Thread-16       d.u.i.k.l.o.ProgramSV     Match failed: Former match of  SchemaVariable incompatible with  the current match. 
39061      DEBUG Thread-16       d.u.i.k.l.o.ProgramSV     Match failed: Former match of  SchemaVariable incompatible with  the current match. 
39144      INFO  main            d.u.i.k.p.r.p.TestFile    ... finished proof: closed. 
39300      INFO  main            d.u.i.k.p.i.AbstractProblemLoader Loading environment from /home/runner/work/key/key/key.core/../key.ui/examples/completionscopes/testCcatchBreakLabelWildcard.key.proof 
39301      DEBUG main            d.u.i.k.p.i.AbstractProblemLoader Environment load took 124ns 
39302      INFO  main            d.u.i.k.p.i.AbstractProblemLoader Creating init config 
41900      DEBUG main            d.u.i.k.p.i.AbstractProblemLoader Init config took 2.6s 
41942      INFO  main            d.u.i.k.p.i.AbstractProblemLoader Replaying proof CompletionScopes[CompletionScopes::testBreakLabelWildcard()].JML normal_behavior operation contract.0 
41951      DEBUG main            d.u.i.k.p.i.IntermediateProofReplayer Proof replay took 6.66ms 
41952      DEBUG main            d.u.i.k.p.r.p.TestFile    ... success: reloaded. 
41953      INFO  main            d.u.i.k.p.r.p.TestFile    Now processing file /home/runner/work/key/key/key.core/../key.ui/examples/completionscopes/testCcatchContinueLabelWildcard.key 
41953      INFO  main            d.u.i.k.p.i.AbstractProblemLoader Loading environment from /home/runner/work/key/key/key.core/../key.ui/examples/completionscopes/testCcatchContinueLabelWildcard.key 
41953      DEBUG main            d.u.i.k.p.i.AbstractProblemLoader Environment load took 100.3ns 
41954      INFO  main            d.u.i.k.p.i.AbstractProblemLoader Creating init config 
44595      DEBUG main            d.u.i.k.p.i.AbstractProblemLoader Init config took 2.64s 
44634      INFO  main            d.u.i.k.p.i.AbstractProblemLoader Replaying proof CompletionScopes[CompletionScopes::testContinueLabelWildcard()].JML normal_behavior operation contract.0 
44636      DEBUG main            d.u.i.k.p.i.IntermediateProofReplayer Proof replay took 7.3ns 
44658      DEBUG Thread-19       d.u.i.k.l.o.ProgramSV     Match failed: Former match of  SchemaVariable incompatible with  the current match. 
44659      DEBUG Thread-19       d.u.i.k.l.o.ProgramSV     Match failed: Former match of  SchemaVariable incompatible with  the current match. 
44741      INFO  main            d.u.i.k.p.r.p.TestFile    ... finished proof: closed. 
44918      INFO  main            d.u.i.k.p.i.AbstractProblemLoader Loading environment from /home/runner/work/key/key/key.core/../key.ui/examples/completionscopes/testCcatchContinueLabelWildcard.key.proof 
44918      DEBUG main            d.u.i.k.p.i.AbstractProblemLoader Environment load took 131.3ns 
44919      INFO  main            d.u.i.k.p.i.AbstractProblemLoader Creating init config 
47490      DEBUG main            d.u.i.k.p.i.AbstractProblemLoader Init config took 2.57s 
47529      INFO  main            d.u.i.k.p.i.AbstractProblemLoader Replaying proof CompletionScopes[CompletionScopes::testContinueLabelWildcard()].JML normal_behavior operation contract.0 
47538      DEBUG main            d.u.i.k.p.i.IntermediateProofReplayer Proof replay took 7.05ms 
47539      DEBUG main            d.u.i.k.p.r.p.TestFile    ... success: reloaded. 
47540      INFO  main            d.u.i.k.p.r.p.TestFile    Now processing file /home/runner/work/key/key/key.core/../key.ui/examples/completionscopes/testCcatchBreakLabelNonmatchingNested.key 
47540      INFO  main            d.u.i.k.p.i.AbstractProblemLoader Loading environment from /home/runner/work/key/key/key.core/../key.ui/examples/completionscopes/testCcatchBreakLabelNonmatchingNested.key 
47540      DEBUG main            d.u.i.k.p.i.AbstractProblemLoader Environment load took 180.9ns 
47542      INFO  main            d.u.i.k.p.i.AbstractProblemLoader Creating init config 
50178      DEBUG main            d.u.i.k.p.i.AbstractProblemLoader Init config took 2.64s 
50215      INFO  main            d.u.i.k.p.i.AbstractProblemLoader Replaying proof CompletionScopes[CompletionScopes::testBreakLabelNonmatchingNested()].JML normal_behavior operation contract.0 
50217      DEBUG main            d.u.i.k.p.i.IntermediateProofReplayer Proof replay took 6.9ns 
50233      DEBUG Thread-22       d.u.i.k.l.o.ProgramSV     Match failed: Former match of  SchemaVariable incompatible with  the current match. 
50235      DEBUG Thread-22       d.u.i.k.l.o.ProgramSV     Match failed: Former match of  SchemaVariable incompatible with  the current match. 
50319      INFO  main            d.u.i.k.p.r.p.TestFile    ... finished proof: closed. 
50489      INFO  main            d.u.i.k.p.i.AbstractProblemLoader Loading environment from /home/runner/work/key/key/key.core/../key.ui/examples/completionscopes/testCcatchBreakLabelNonmatchingNested.key.proof 
50489      DEBUG main            d.u.i.k.p.i.AbstractProblemLoader Environment load took 119.8ns 
50490      INFO  main            d.u.i.k.p.i.AbstractProblemLoader Creating init config 
53078      DEBUG main            d.u.i.k.p.i.AbstractProblemLoader Init config took 2.59s 
53126      INFO  main            d.u.i.k.p.i.AbstractProblemLoader Replaying proof CompletionScopes[CompletionScopes::testBreakLabelNonmatchingNested()].JML normal_behavior operation contract.0 
53135      DEBUG main            d.u.i.k.p.i.IntermediateProofReplayer Proof replay took 7.83ms 
53136      DEBUG main            d.u.i.k.p.r.p.TestFile    ... success: reloaded. 
5062239    INFO  Test worker     d.u.i.k.p.r.RunAllProofsTestUnit Returning from test completionScopes 
5062240    INFO  Test worker     d.u.i.k.p.r.RunAllProofsTestUnit Running test reload_examples 
334        INFO  Timeout watchdog d.u.i.k.p.r.p.ForkedTestFileRunner Timeout watcher launched (2000 secs.) 
351        WARN  main            d.u.i.k.s.ProofSettings   The settings in /home/runner/.key/proof-settings.props are *not* read. 
388        INFO  main            d.u.i.k.p.r.p.TestFile    Now processing file /home/runner/work/key/key/key.core/../key.ui/examples/firstTouch/05-ReverseArray/reverseArray.key 
499        INFO  main            d.u.i.k.p.i.AbstractProblemLoader Loading environment from /home/runner/work/key/key/key.core/../key.ui/examples/firstTouch/05-ReverseArray/reverseArray.key 
521        DEBUG main            d.u.i.k.p.i.AbstractProblemLoader Environment load took 1.94ms 
749        INFO  main            d.u.i.k.p.i.AbstractProblemLoader Creating init config 
1645       DEBUG main            d.u.i.k.j.TypeConverter   No LDT found for Meta 
1645       DEBUG main            d.u.i.k.j.TypeConverter   No LDT found for Meta 
1647       DEBUG main            d.u.i.k.j.TypeConverter   No LDT found for Meta 
1647       DEBUG main            d.u.i.k.j.TypeConverter   No LDT found for Meta 
3178       DEBUG main            d.u.i.k.j.TypeConverter   No LDT found for JavaBigintExpression 
7963       DEBUG main            d.u.i.k.p.i.AbstractProblemLoader Init config took 7.21s 
8078       INFO  main            d.u.i.k.p.i.AbstractProblemLoader Replaying proof ReverseArray[ReverseArray::reverse()].JML normal_behavior operation contract.0 
8143       DEBUG main            d.u.i.k.p.i.IntermediateProofReplayer Proof replay took 40.9ns 
19103      INFO  main            d.u.i.k.p.r.p.TestFile    ... finished proof: closed. 
19319      INFO  main            d.u.i.k.p.i.AbstractProblemLoader Loading environment from /home/runner/work/key/key/key.core/../key.ui/examples/firstTouch/05-ReverseArray/reverseArray.key.proof 
19322      DEBUG main            d.u.i.k.p.i.AbstractProblemLoader Environment load took 3.05ms 
19326      INFO  main            d.u.i.k.p.i.AbstractProblemLoader Creating init config 
22386      DEBUG main            d.u.i.k.p.i.AbstractProblemLoader Init config took 3.06s 
22433      INFO  main            d.u.i.k.p.i.AbstractProblemLoader Replaying proof ReverseArray[ReverseArray::reverse()].JML normal_behavior operation contract.0 
22961      DEBUG main            d.u.i.k.p.i.IntermediateProofReplayer Proof replay took 466.89ms 
22973      DEBUG main            d.u.i.k.p.r.p.TestFile    ... success: reloaded. 
22977      INFO  main            d.u.i.k.p.r.p.TestFile    Now processing file /home/runner/work/key/key/key.core/../key.ui/examples/standard_key/arith/saveProofTest.key.proof 
22977      INFO  main            d.u.i.k.p.i.AbstractProblemLoader Loading environment from /home/runner/work/key/key/key.core/../key.ui/examples/standard_key/arith/saveProofTest.key.proof 
22977      DEBUG main            d.u.i.k.p.i.AbstractProblemLoader Environment load took 237.4ns 
22981      INFO  main            d.u.i.k.p.i.AbstractProblemLoader Creating init config 
25727      DEBUG main            d.u.i.k.p.i.AbstractProblemLoader Init config took 2.75s 
25756      INFO  main            d.u.i.k.p.i.AbstractProblemLoader Replaying proof saveProofTest.key.proof 
25764      DEBUG main            d.u.i.k.p.i.IntermediateProofReplayer Proof replay took 2.96ms 
25764      INFO  main            d.u.i.k.p.r.p.TestFile    ... success: loaded 
25766      INFO  main            d.u.i.k.p.r.p.TestFile    Now processing file /home/runner/work/key/key/key.core/../key.ui/examples/heap/permutedSum/perm.proof 
25766      INFO  main            d.u.i.k.p.i.AbstractProblemLoader Loading environment from /home/runner/work/key/key/key.core/../key.ui/examples/heap/permutedSum/perm.proof 
25766      DEBUG main            d.u.i.k.p.i.AbstractProblemLoader Environment load took 231.3ns 
25769      INFO  main            d.u.i.k.p.i.AbstractProblemLoader Creating init config 
28600      DEBUG main            d.u.i.k.p.i.AbstractProblemLoader Init config took 2.83s 
28667      INFO  main            d.u.i.k.p.i.AbstractProblemLoader Replaying proof Perm[Perm::foo()].JML normal_behavior operation contract.0 
29493      DEBUG main            d.u.i.k.p.i.IntermediateProofReplayer Proof replay took 770.87ms 
29496      INFO  main            d.u.i.k.p.r.p.TestFile    ... success: loaded 
29498      INFO  main            d.u.i.k.p.r.p.TestFile    Now processing file /home/runner/work/key/key/key.core/../key.ui/examples/firstTouch/05-ReverseArray/reverseArray.proof 
29498      INFO  main            d.u.i.k.p.i.AbstractProblemLoader Loading environment from /home/runner/work/key/key/key.core/../key.ui/examples/firstTouch/05-ReverseArray/reverseArray.proof 
29498      DEBUG main            d.u.i.k.p.i.AbstractProblemLoader Environment load took 192.3ns 
29502      INFO  main            d.u.i.k.p.i.AbstractProblemLoader Creating init config 
32244      DEBUG main            d.u.i.k.p.i.AbstractProblemLoader Init config took 2.74s 
32283      INFO  main            d.u.i.k.p.i.AbstractProblemLoader Replaying proof ReverseArray[ReverseArray::reverse()].JML normal_behavior operation contract.0 
32716      DEBUG main            d.u.i.k.p.i.IntermediateProofReplayer Proof replay took 391.02ms 
32719      INFO  main            d.u.i.k.p.r.p.TestFile    ... success: loaded 
32720      INFO  main            d.u.i.k.p.r.p.TestFile    Now processing file /home/runner/work/key/key/key.core/../key.ui/examples/heap/verifyThis15_1_RelaxedPrefix/relax.proof 
32721      INFO  main            d.u.i.k.p.i.AbstractProblemLoader Loading environment from /home/runner/work/key/key/key.core/../key.ui/examples/heap/verifyThis15_1_RelaxedPrefix/relax.proof 
32721      DEBUG main            d.u.i.k.p.i.AbstractProblemLoader Environment load took 188.6ns 
32723      INFO  main            d.u.i.k.p.i.AbstractProblemLoader Creating init config 
35451      DEBUG main            d.u.i.k.p.i.AbstractProblemLoader Init config took 2.73s 
35496      INFO  main            d.u.i.k.p.i.AbstractProblemLoader Replaying proof Relaxed[Relaxed::isRelaxedPrefix([I,[I)].JML operation contract.0 
35878      DEBUG main            d.u.i.k.p.i.IntermediateProofReplayer Proof replay took 361.97ms 
35880      INFO  main            d.u.i.k.p.r.p.TestFile    ... success: loaded 
35882      INFO  main            d.u.i.k.p.r.p.TestFile    Now processing file /home/runner/work/key/key/key.core/../key.ui/examples/heap/verifyThis15_3_DLL/doUndo.proof 
35882      INFO  main            d.u.i.k.p.i.AbstractProblemLoader Loading environment from /home/runner/work/key/key/key.core/../key.ui/examples/heap/verifyThis15_3_DLL/doUndo.proof 
35882      DEBUG main            d.u.i.k.p.i.AbstractProblemLoader Environment load took 181.4ns 
35885      INFO  main            d.u.i.k.p.i.AbstractProblemLoader Creating init config 
36942      DEBUG main            d.u.i.k.j.r.ClassPreparationMethodBuilder clPrepBuilder: Inner Class detected. Reject building class initialisation methods. 
38898      DEBUG main            d.u.i.k.p.i.AbstractProblemLoader Init config took 3.01s 
38973      INFO  main            d.u.i.k.p.i.AbstractProblemLoader Replaying proof DoubleLinkedList[DoubleLinkedList::doUndo(DoubleLinkedList.Node,int)].JML normal_behavior operation contract.0 
39463      DEBUG main            d.u.i.k.p.i.IntermediateProofReplayer Proof replay took 455.69ms 
39465      INFO  main            d.u.i.k.p.r.p.TestFile    ... success: loaded 
39467      INFO  main            d.u.i.k.p.r.p.TestFile    Now processing file /home/runner/work/key/key/key.core/../key.ui/examples/heap/verifyThis15_2_ParallelGcd/parallelGcd.proof 
39467      INFO  main            d.u.i.k.p.i.AbstractProblemLoader Loading environment from /home/runner/work/key/key/key.core/../key.ui/examples/heap/verifyThis15_2_ParallelGcd/parallelGcd.proof 
39467      DEBUG main            d.u.i.k.p.i.AbstractProblemLoader Environment load took 196.9ns 
39469      INFO  main            d.u.i.k.p.i.AbstractProblemLoader Creating init config 
42161      DEBUG main            d.u.i.k.p.i.AbstractProblemLoader Init config took 2.69s 
42211      INFO  main            d.u.i.k.p.i.AbstractProblemLoader Replaying proof ParallelGcd[ParallelGcd::parallelGcd(int,int,[Z)].JML behavior operation contract.0 
42719      DEBUG main            d.u.i.k.p.i.IntermediateProofReplayer Proof replay took 491.33ms 
42720      INFO  main            d.u.i.k.p.r.p.TestFile    ... success: loaded 
5105134    INFO  Test worker     d.u.i.k.p.r.RunAllProofsTestUnit Returning from test reload_examples 
5105135    INFO  Test worker     d.u.i.k.p.r.RunAllProofsTestUnit Running test proofLoadRepair 
333        INFO  Timeout watchdog d.u.i.k.p.r.p.ForkedTestFileRunner Timeout watcher launched (2000 secs.) 
348        WARN  main            d.u.i.k.s.ProofSettings   The settings in /home/runner/.key/proof-settings.props are *not* read. 
399        INFO  main            d.u.i.k.p.r.p.TestFile    Now processing file /home/runner/work/key/key/key.core/../key.ui/examples/proofLoadRepair/disjConj-manipulated.proof 
544        INFO  main            d.u.i.k.p.i.AbstractProblemLoader Loading environment from /home/runner/work/key/key/key.core/../key.ui/examples/proofLoadRepair/disjConj-manipulated.proof 
562        DEBUG main            d.u.i.k.p.i.AbstractProblemLoader Environment load took 2.36ms 
802        INFO  main            d.u.i.k.p.i.AbstractProblemLoader Creating init config 
1681       DEBUG main            d.u.i.k.j.TypeConverter   No LDT found for Meta 
1681       DEBUG main            d.u.i.k.j.TypeConverter   No LDT found for Meta 
1683       DEBUG main            d.u.i.k.j.TypeConverter   No LDT found for Meta 
1683       DEBUG main            d.u.i.k.j.TypeConverter   No LDT found for Meta 
3238       DEBUG main            d.u.i.k.j.TypeConverter   No LDT found for JavaBigintExpression 
7872       DEBUG main            d.u.i.k.p.i.AbstractProblemLoader Init config took 7.07s 
7932       INFO  main            d.u.i.k.p.i.AbstractProblemLoader Replaying proof disjConj-manipulated.proof 
7975       WARN  main            d.u.i.k.p.i.IntermediateProofReplayer Proof contains wrong number of \assumes instatiations for andLeft 
7976       WARN  main            d.u.i.k.p.i.IntermediateProofReplayer Proof contains wrong number of \assumes instatiations for replace_known_right 
7979       WARN  main            d.u.i.k.p.i.IntermediateProofReplayer Proof contains wrong number of \assumes instatiations for close 
7979       DEBUG main            d.u.i.k.p.i.IntermediateProofReplayer Proof replay took 13.13ms 
7983       INFO  main            d.u.i.k.p.r.p.TestFile    ... success: loaded 
7987       INFO  main            d.u.i.k.p.r.p.TestFile    Now processing file /home/runner/work/key/key/key.core/../key.ui/examples/proofLoadRepair/insufficient-manipulated.proof 
7987       INFO  main            d.u.i.k.p.i.AbstractProblemLoader Loading environment from /home/runner/work/key/key/key.core/../key.ui/examples/proofLoadRepair/insufficient-manipulated.proof 
7988       DEBUG main            d.u.i.k.p.i.AbstractProblemLoader Environment load took 122.7ns 
7991       INFO  main            d.u.i.k.p.i.AbstractProblemLoader Creating init config 
10685      DEBUG main            d.u.i.k.p.i.AbstractProblemLoader Init config took 2.69s 
10702      INFO  main            d.u.i.k.p.i.AbstractProblemLoader Replaying proof insufficient-manipulated.proof 
10719      WARN  main            d.u.i.k.p.i.IntermediateProofReplayer Proof contains wrong number of \assumes instatiations for applyEq 
10728      DEBUG main            d.u.i.k.p.i.IntermediateProofReplayer Proof replay took 9.87ms 
10731      INFO  main            d.u.i.k.p.r.p.TestFile    ... success: loading failed 
10732      INFO  main            d.u.i.k.p.r.p.TestFile    Now processing file /home/runner/work/key/key/key.core/../key.ui/examples/../../key.core/src/test/resources/testcase/issues/1716/incorrectPolarity.proof 
10732      INFO  main            d.u.i.k.p.i.AbstractProblemLoader Loading environment from /home/runner/work/key/key/key.core/../key.ui/examples/../../key.core/src/test/resources/testcase/issues/1716/incorrectPolarity.proof 
10733      DEBUG main            d.u.i.k.p.i.AbstractProblemLoader Environment load took 197.7ns 
10734      INFO  main            d.u.i.k.p.i.AbstractProblemLoader Creating init config 
13419      DEBUG main            d.u.i.k.p.i.AbstractProblemLoader Init config took 2.68s 
13447      INFO  main            d.u.i.k.p.i.AbstractProblemLoader Replaying proof incorrectPolarity.proof 
13450      DEBUG main            d.u.i.k.p.i.IntermediateProofReplayer Proof replay took 199.5ns 
13451      INFO  main            d.u.i.k.p.r.p.TestFile    ... success: loading failed 
13452      INFO  main            d.u.i.k.p.r.p.TestFile    Now processing file /home/runner/work/key/key/key.core/../key.ui/examples/../../key.core/src/test/resources/testcase/issues/1716/incorrectPolarity2.proof 
13452      INFO  main            d.u.i.k.p.i.AbstractProblemLoader Loading environment from /home/runner/work/key/key/key.core/../key.ui/examples/../../key.core/src/test/resources/testcase/issues/1716/incorrectPolarity2.proof 
13453      DEBUG main            d.u.i.k.p.i.AbstractProblemLoader Environment load took 199.9ns 
13454      INFO  main            d.u.i.k.p.i.AbstractProblemLoader Creating init config 
15956      DEBUG main            d.u.i.k.p.i.AbstractProblemLoader Init config took 2.5s 
15988      INFO  main            d.u.i.k.p.i.AbstractProblemLoader Replaying proof incorrectPolarity2.proof 
15996      DEBUG main            d.u.i.k.p.i.IntermediateProofReplayer Proof replay took 382.9ns 
15996      INFO  main            d.u.i.k.p.r.p.TestFile    ... success: loading failed 
15998      INFO  main            d.u.i.k.p.r.p.TestFile    Now processing file /home/runner/work/key/key/key.core/../key.ui/examples/../../key.core/src/test/resources/testcase/issues/1716/incorrectPolarity3.proof 
15998      INFO  main            d.u.i.k.p.i.AbstractProblemLoader Loading environment from /home/runner/work/key/key/key.core/../key.ui/examples/../../key.core/src/test/resources/testcase/issues/1716/incorrectPolarity3.proof 
15999      DEBUG main            d.u.i.k.p.i.AbstractProblemLoader Environment load took 198.1ns 
16001      INFO  main            d.u.i.k.p.i.AbstractProblemLoader Creating init config 
18447      DEBUG main            d.u.i.k.p.i.AbstractProblemLoader Init config took 2.45s 
18470      INFO  main            d.u.i.k.p.i.AbstractProblemLoader Replaying proof incorrectPolarity3.proof 
18473      DEBUG main            d.u.i.k.p.i.IntermediateProofReplayer Proof replay took 1.12ms 
18474      INFO  main            d.u.i.k.p.r.p.TestFile    ... success: loading failed 
5123775    INFO  Test worker     d.u.i.k.p.r.RunAllProofsTestUnit Returning from test proofLoadRepair 
5123775    INFO  Test worker     d.u.i.k.p.r.RunAllProofsTestUnit Running test switch 
344        INFO  Timeout watchdog d.u.i.k.p.r.p.ForkedTestFileRunner Timeout watcher launched (2000 secs.) 
350        WARN  main            d.u.i.k.s.ProofSettings   The settings in /home/runner/.key/proof-settings.props are *not* read. 
377        INFO  main            d.u.i.k.p.r.p.TestFile    Now processing file /home/runner/work/key/key/key.core/../key.ui/examples/standard_key/java_dl/switch/labeled_case.key 
490        INFO  main            d.u.i.k.p.i.AbstractProblemLoader Loading environment from /home/runner/work/key/key/key.core/../key.ui/examples/standard_key/java_dl/switch/labeled_case.key 
508        DEBUG main            d.u.i.k.p.i.AbstractProblemLoader Environment load took 2.28ms 
741        INFO  main            d.u.i.k.p.i.AbstractProblemLoader Creating init config 
1613       DEBUG main            d.u.i.k.j.TypeConverter   No LDT found for Meta 
1614       DEBUG main            d.u.i.k.j.TypeConverter   No LDT found for Meta 
1617       DEBUG main            d.u.i.k.j.TypeConverter   No LDT found for Meta 
1617       DEBUG main            d.u.i.k.j.TypeConverter   No LDT found for Meta 
3231       DEBUG main            d.u.i.k.j.TypeConverter   No LDT found for JavaBigintExpression 
8496       DEBUG main            d.u.i.k.p.i.AbstractProblemLoader Init config took 7.75s 
8702       INFO  main            d.u.i.k.p.i.AbstractProblemLoader Replaying proof LabeledCase[LabeledCase::m(int)].JML normal_behavior operation contract.0 
8736       DEBUG main            d.u.i.k.p.i.IntermediateProofReplayer Proof replay took 35.3ns 
9461       INFO  main            d.u.i.k.p.r.p.TestFile    ... finished proof: closed. 
9574       INFO  main            d.u.i.k.p.i.AbstractProblemLoader Loading environment from /home/runner/work/key/key/key.core/../key.ui/examples/standard_key/java_dl/switch/labeled_case.key.proof 
9574       DEBUG main            d.u.i.k.p.i.AbstractProblemLoader Environment load took 157ns 
9579       INFO  main            d.u.i.k.p.i.AbstractProblemLoader Creating init config 
12370      DEBUG main            d.u.i.k.p.i.AbstractProblemLoader Init config took 2.79s 
12432      INFO  main            d.u.i.k.p.i.AbstractProblemLoader Replaying proof LabeledCase[LabeledCase::m(int)].JML normal_behavior operation contract.0 
12500      DEBUG main            d.u.i.k.p.i.IntermediateProofReplayer Proof replay took 62.77ms 
12507      DEBUG main            d.u.i.k.p.r.p.TestFile    ... success: reloaded. 
12508      INFO  main            d.u.i.k.p.r.p.TestFile    Now processing file /home/runner/work/key/key/key.core/../key.ui/examples/standard_key/java_dl/switch/empty_switch.key 
12509      INFO  main            d.u.i.k.p.i.AbstractProblemLoader Loading environment from /home/runner/work/key/key/key.core/../key.ui/examples/standard_key/java_dl/switch/empty_switch.key 
12509      DEBUG main            d.u.i.k.p.i.AbstractProblemLoader Environment load took 197.3ns 
12510      INFO  main            d.u.i.k.p.i.AbstractProblemLoader Creating init config 
15215      DEBUG main            d.u.i.k.p.i.AbstractProblemLoader Init config took 2.7s 
15244      INFO  main            d.u.i.k.p.i.AbstractProblemLoader Replaying proof empty_switch.key 
15247      DEBUG main            d.u.i.k.p.i.IntermediateProofReplayer Proof replay took 7ns 
15350      INFO  main            d.u.i.k.p.r.p.TestFile    ... finished proof: closed. 
15483      INFO  main            d.u.i.k.p.i.AbstractProblemLoader Loading environment from /home/runner/work/key/key/key.core/../key.ui/examples/standard_key/java_dl/switch/empty_switch.key.proof 
15483      DEBUG main            d.u.i.k.p.i.AbstractProblemLoader Environment load took 146.9ns 
15485      INFO  main            d.u.i.k.p.i.AbstractProblemLoader Creating init config 
18072      DEBUG main            d.u.i.k.p.i.AbstractProblemLoader Init config took 2.59s 
18097      INFO  main            d.u.i.k.p.i.AbstractProblemLoader Replaying proof empty_switch.key.proof 
18101      DEBUG main            d.u.i.k.p.i.IntermediateProofReplayer Proof replay took 1.76ms 
18102      DEBUG main            d.u.i.k.p.r.p.TestFile    ... success: reloaded. 
18103      INFO  main            d.u.i.k.p.r.p.TestFile    Now processing file /home/runner/work/key/key/key.core/../key.ui/examples/standard_key/java_dl/switch/empty_switch_null.key 
18103      INFO  main            d.u.i.k.p.i.AbstractProblemLoader Loading environment from /home/runner/work/key/key/key.core/../key.ui/examples/standard_key/java_dl/switch/empty_switch_null.key 
18104      DEBUG main            d.u.i.k.p.i.AbstractProblemLoader Environment load took 187.9ns 
18105      INFO  main            d.u.i.k.p.i.AbstractProblemLoader Creating init config 
20657      DEBUG main            d.u.i.k.p.i.AbstractProblemLoader Init config took 2.55s 
20680      INFO  main            d.u.i.k.p.i.AbstractProblemLoader Replaying proof empty_switch_null.key 
20682      DEBUG main            d.u.i.k.p.i.IntermediateProofReplayer Proof replay took 6.2ns 
20888      INFO  main            d.u.i.k.p.r.p.TestFile    ... finished proof: closed. 
21030      INFO  main            d.u.i.k.p.i.AbstractProblemLoader Loading environment from /home/runner/work/key/key/key.core/../key.ui/examples/standard_key/java_dl/switch/empty_switch_null.key.proof 
21033      DEBUG main            d.u.i.k.p.i.AbstractProblemLoader Environment load took 2.36ms 
21034      INFO  main            d.u.i.k.p.i.AbstractProblemLoader Creating init config 
23527      DEBUG main            d.u.i.k.p.i.AbstractProblemLoader Init config took 2.49s 
23549      INFO  main            d.u.i.k.p.i.AbstractProblemLoader Replaying proof empty_switch_null.key.proof 
23579      DEBUG main            d.u.i.k.p.i.IntermediateProofReplayer Proof replay took 27.61ms 
23581      DEBUG main            d.u.i.k.p.r.p.TestFile    ... success: reloaded. 
23582      INFO  main            d.u.i.k.p.r.p.TestFile    Now processing file /home/runner/work/key/key/key.core/../key.ui/examples/standard_key/java_dl/switch/empty_switch_null_catch.key 
23582      INFO  main            d.u.i.k.p.i.AbstractProblemLoader Loading environment from /home/runner/work/key/key/key.core/../key.ui/examples/standard_key/java_dl/switch/empty_switch_null_catch.key 
23582      DEBUG main            d.u.i.k.p.i.AbstractProblemLoader Environment load took 187.8ns 
23583      INFO  main            d.u.i.k.p.i.AbstractProblemLoader Creating init config 
26097      DEBUG main            d.u.i.k.p.i.AbstractProblemLoader Init config took 2.51s 
26118      INFO  main            d.u.i.k.p.i.AbstractProblemLoader Replaying proof empty_switch_null_catch.key 
26119      DEBUG main            d.u.i.k.p.i.IntermediateProofReplayer Proof replay took 6.7ns 
26324      INFO  main            d.u.i.k.p.r.p.TestFile    ... finished proof: closed. 
26476      INFO  main            d.u.i.k.p.i.AbstractProblemLoader Loading environment from /home/runner/work/key/key/key.core/../key.ui/examples/standard_key/java_dl/switch/empty_switch_null_catch.key.proof 
26477      DEBUG main            d.u.i.k.p.i.AbstractProblemLoader Environment load took 504.31ns 
26478      INFO  main            d.u.i.k.p.i.AbstractProblemLoader Creating init config 
28962      DEBUG main            d.u.i.k.p.i.AbstractProblemLoader Init config took 2.48s 
28984      INFO  main            d.u.i.k.p.i.AbstractProblemLoader Replaying proof empty_switch_null_catch.key.proof 
29016      DEBUG main            d.u.i.k.p.i.IntermediateProofReplayer Proof replay took 29.5ms 
29017      DEBUG main            d.u.i.k.p.r.p.TestFile    ... success: reloaded. 
29018      INFO  main            d.u.i.k.p.r.p.TestFile    Now processing file /home/runner/work/key/key/key.core/../key.ui/examples/standard_key/java_dl/switch/empty_switch_array_out_of_bounds.key 
29018      INFO  main            d.u.i.k.p.i.AbstractProblemLoader Loading environment from /home/runner/work/key/key/key.core/../key.ui/examples/standard_key/java_dl/switch/empty_switch_array_out_of_bounds.key 
29018      DEBUG main            d.u.i.k.p.i.AbstractProblemLoader Environment load took 106.2ns 
29019      INFO  main            d.u.i.k.p.i.AbstractProblemLoader Creating init config 
31463      DEBUG main            d.u.i.k.p.i.AbstractProblemLoader Init config took 2.44s 
31485      INFO  main            d.u.i.k.p.i.AbstractProblemLoader Replaying proof empty_switch_array_out_of_bounds.key 
31489      DEBUG main            d.u.i.k.p.i.IntermediateProofReplayer Proof replay took 7.1ns 
31793      INFO  main            d.u.i.k.p.r.p.TestFile    ... finished proof: closed. 
31992      INFO  main            d.u.i.k.p.i.AbstractProblemLoader Loading environment from /home/runner/work/key/key/key.core/../key.ui/examples/standard_key/java_dl/switch/empty_switch_array_out_of_bounds.key.proof 
31993      DEBUG main            d.u.i.k.p.i.AbstractProblemLoader Environment load took 1.65ms 
31995      INFO  main            d.u.i.k.p.i.AbstractProblemLoader Creating init config 
34469      DEBUG main            d.u.i.k.p.i.AbstractProblemLoader Init config took 2.47s 
34500      INFO  main            d.u.i.k.p.i.AbstractProblemLoader Replaying proof empty_switch_array_out_of_bounds.key.proof 
34552      DEBUG main            d.u.i.k.p.i.IntermediateProofReplayer Proof replay took 49.04ms 
34553      DEBUG main            d.u.i.k.p.r.p.TestFile    ... success: reloaded. 
34554      INFO  main            d.u.i.k.p.r.p.TestFile    Now processing file /home/runner/work/key/key/key.core/../key.ui/examples/standard_key/java_dl/switch/empty_switch_array_out_of_bounds_catch.key 
34555      INFO  main            d.u.i.k.p.i.AbstractProblemLoader Loading environment from /home/runner/work/key/key/key.core/../key.ui/examples/standard_key/java_dl/switch/empty_switch_array_out_of_bounds_catch.key 
34555      DEBUG main            d.u.i.k.p.i.AbstractProblemLoader Environment load took 191.4ns 
34556      INFO  main            d.u.i.k.p.i.AbstractProblemLoader Creating init config 
37047      DEBUG main            d.u.i.k.p.i.AbstractProblemLoader Init config took 2.49s 
37068      INFO  main            d.u.i.k.p.i.AbstractProblemLoader Replaying proof empty_switch_array_out_of_bounds_catch.key 
37071      DEBUG main            d.u.i.k.p.i.IntermediateProofReplayer Proof replay took 7.1ns 
37277      INFO  main            d.u.i.k.p.r.p.TestFile    ... finished proof: closed. 
37449      INFO  main            d.u.i.k.p.i.AbstractProblemLoader Loading environment from /home/runner/work/key/key/key.core/../key.ui/examples/standard_key/java_dl/switch/empty_switch_array_out_of_bounds_catch.key.proof 
37449      DEBUG main            d.u.i.k.p.i.AbstractProblemLoader Environment load took 131.3ns 
37451      INFO  main            d.u.i.k.p.i.AbstractProblemLoader Creating init config 
39900      DEBUG main            d.u.i.k.p.i.AbstractProblemLoader Init config took 2.45s 
39918      INFO  main            d.u.i.k.p.i.AbstractProblemLoader Replaying proof empty_switch_array_out_of_bounds_catch.key.proof 
39955      DEBUG main            d.u.i.k.p.i.IntermediateProofReplayer Proof replay took 34.26ms 
39957      DEBUG main            d.u.i.k.p.r.p.TestFile    ... success: reloaded. 
39958      INFO  main            d.u.i.k.p.r.p.TestFile    Now processing file /home/runner/work/key/key/key.core/../key.ui/examples/standard_key/java_dl/switch/switch_in_switch.key 
39958      INFO  main            d.u.i.k.p.i.AbstractProblemLoader Loading environment from /home/runner/work/key/key/key.core/../key.ui/examples/standard_key/java_dl/switch/switch_in_switch.key 
39958      DEBUG main            d.u.i.k.p.i.AbstractProblemLoader Environment load took 181.2ns 
39959      INFO  main            d.u.i.k.p.i.AbstractProblemLoader Creating init config 
42542      DEBUG main            d.u.i.k.p.i.AbstractProblemLoader Init config took 2.58s 
42590      INFO  main            d.u.i.k.p.i.AbstractProblemLoader Replaying proof SwitchInSwitch[SwitchInSwitch::m(int)].JML normal_behavior operation contract.0 
42592      DEBUG main            d.u.i.k.p.i.IntermediateProofReplayer Proof replay took 6.5ns 
46822      INFO  main            d.u.i.k.p.r.p.TestFile    ... finished proof: closed. 
47072      INFO  main            d.u.i.k.p.i.AbstractProblemLoader Loading environment from /home/runner/work/key/key/key.core/../key.ui/examples/standard_key/java_dl/switch/switch_in_switch.key.proof 
47073      DEBUG main            d.u.i.k.p.i.AbstractProblemLoader Environment load took 1.51ms 
47076      INFO  main            d.u.i.k.p.i.AbstractProblemLoader Creating init config 
49572      DEBUG main            d.u.i.k.p.i.AbstractProblemLoader Init config took 2.5s 
49613      INFO  main            d.u.i.k.p.i.AbstractProblemLoader Replaying proof SwitchInSwitch[SwitchInSwitch::m(int)].JML normal_behavior operation contract.0 
49952      DEBUG main            d.u.i.k.p.i.IntermediateProofReplayer Proof replay took 313.1ms 
49955      DEBUG main            d.u.i.k.p.r.p.TestFile    ... success: reloaded. 
49956      INFO  main            d.u.i.k.p.r.p.TestFile    Now processing file /home/runner/work/key/key/key.core/../key.ui/examples/standard_key/java_dl/switch/while_and_switch.key 
49957      INFO  main            d.u.i.k.p.i.AbstractProblemLoader Loading environment from /home/runner/work/key/key/key.core/../key.ui/examples/standard_key/java_dl/switch/while_and_switch.key 
49957      DEBUG main            d.u.i.k.p.i.AbstractProblemLoader Environment load took 299.1ns 
49958      INFO  main            d.u.i.k.p.i.AbstractProblemLoader Creating init config 
52463      DEBUG main            d.u.i.k.p.i.AbstractProblemLoader Init config took 2.5s 
52504      INFO  main            d.u.i.k.p.i.AbstractProblemLoader Replaying proof WhileAndSwitch[WhileAndSwitch::m(int)].JML normal_behavior operation contract.0 
52507      DEBUG main            d.u.i.k.p.i.IntermediateProofReplayer Proof replay took 6.7ns 
53216      INFO  main            d.u.i.k.p.r.p.TestFile    ... finished proof: closed. 
53421      INFO  main            d.u.i.k.p.i.AbstractProblemLoader Loading environment from /home/runner/work/key/key/key.core/../key.ui/examples/standard_key/java_dl/switch/while_and_switch.key.proof 
53423      DEBUG main            d.u.i.k.p.i.AbstractProblemLoader Environment load took 2.3ms 
53425      INFO  main            d.u.i.k.p.i.AbstractProblemLoader Creating init config 
55885      DEBUG main            d.u.i.k.p.i.AbstractProblemLoader Init config took 2.46s 
55926      INFO  main            d.u.i.k.p.i.AbstractProblemLoader Replaying proof WhileAndSwitch[WhileAndSwitch::m(int)].JML normal_behavior operation contract.0 
56027      DEBUG main            d.u.i.k.p.i.IntermediateProofReplayer Proof replay took 94.79ms 
56028      DEBUG main            d.u.i.k.p.r.p.TestFile    ... success: reloaded. 
56030      INFO  main            d.u.i.k.p.r.p.TestFile    Now processing file /home/runner/work/key/key/key.core/../key.ui/examples/standard_key/java_dl/switch/large_switch.key 
56030      INFO  main            d.u.i.k.p.i.AbstractProblemLoader Loading environment from /home/runner/work/key/key/key.core/../key.ui/examples/standard_key/java_dl/switch/large_switch.key 
56030      DEBUG main            d.u.i.k.p.i.AbstractProblemLoader Environment load took 192.7ns 
56031      INFO  main            d.u.i.k.p.i.AbstractProblemLoader Creating init config 
58608      DEBUG main            d.u.i.k.p.i.AbstractProblemLoader Init config took 2.58s 
58650      INFO  main            d.u.i.k.p.i.AbstractProblemLoader Replaying proof LargeSwitch[LargeSwitch::m(int)].JML normal_behavior operation contract.0 
58652      DEBUG main            d.u.i.k.p.i.IntermediateProofReplayer Proof replay took 6.6ns 
60063      INFO  main            d.u.i.k.p.r.p.TestFile    ... finished proof: closed. 
60291      INFO  main            d.u.i.k.p.i.AbstractProblemLoader Loading environment from /home/runner/work/key/key/key.core/../key.ui/examples/standard_key/java_dl/switch/large_switch.key.proof 
60291      DEBUG main            d.u.i.k.p.i.AbstractProblemLoader Environment load took 156.3ns 
60293      INFO  main            d.u.i.k.p.i.AbstractProblemLoader Creating init config 
62787      DEBUG main            d.u.i.k.p.i.AbstractProblemLoader Init config took 2.49s 
62830      INFO  main            d.u.i.k.p.i.AbstractProblemLoader Replaying proof LargeSwitch[LargeSwitch::m(int)].JML normal_behavior operation contract.0 
63143      DEBUG main            d.u.i.k.p.i.IntermediateProofReplayer Proof replay took 294.8ms 
63144      DEBUG main            d.u.i.k.p.r.p.TestFile    ... success: reloaded. 
5187100    INFO  Test worker     d.u.i.k.p.r.RunAllProofsTestUnit Returning from test switch 
5187100    INFO  Test worker     d.u.i.k.p.r.RunAllProofsTestUnit Running test redux 
372        INFO  Timeout watchdog d.u.i.k.p.r.p.ForkedTestFileRunner Timeout watcher launched (2000 secs.) 
390        WARN  main            d.u.i.k.s.ProofSettings   The settings in /home/runner/.key/proof-settings.props are *not* read. 
418        INFO  main            d.u.i.k.p.r.p.TestFile    Now processing file /home/runner/work/key/key/key.core/../key.ui/examples/redux/arrays/Arrays.copyOf.key 
524        INFO  main            d.u.i.k.p.i.AbstractProblemLoader Loading environment from /home/runner/work/key/key/key.core/../key.ui/examples/redux/arrays/Arrays.copyOf.key 
546        DEBUG main            d.u.i.k.p.i.AbstractProblemLoader Environment load took 2.1ms 
767        INFO  main            d.u.i.k.p.i.AbstractProblemLoader Creating init config 
1692       DEBUG main            d.u.i.k.j.TypeConverter   No LDT found for Meta 
1693       DEBUG main            d.u.i.k.j.TypeConverter   No LDT found for Meta 
1699       DEBUG main            d.u.i.k.j.TypeConverter   No LDT found for Meta 
1701       DEBUG main            d.u.i.k.j.TypeConverter   No LDT found for Meta 
3302       DEBUG main            d.u.i.k.j.TypeConverter   No LDT found for JavaBigintExpression 
9047       DEBUG main            d.u.i.k.p.i.AbstractProblemLoader Init config took 8.28s 
9226       INFO  main            d.u.i.k.p.i.AbstractProblemLoader Replaying proof Arrays[Arrays::copyOf([I,int)].JML normal_behavior operation contract.0 
9263       DEBUG main            d.u.i.k.p.i.IntermediateProofReplayer Proof replay took 36ns 
14805      INFO  main            d.u.i.k.p.r.p.TestFile    ... finished proof: closed. 
15025      INFO  main            d.u.i.k.p.i.AbstractProblemLoader Loading environment from /home/runner/work/key/key/key.core/../key.ui/examples/redux/arrays/Arrays.copyOf.key.proof 
15030      DEBUG main            d.u.i.k.p.i.AbstractProblemLoader Environment load took 4.7ms 
15032      INFO  main            d.u.i.k.p.i.AbstractProblemLoader Creating init config 
18395      DEBUG main            d.u.i.k.p.i.AbstractProblemLoader Init config took 3.36s 
18476      INFO  main            d.u.i.k.p.i.AbstractProblemLoader Replaying proof Arrays[Arrays::copyOf([I,int)].JML normal_behavior operation contract.0 
18962      DEBUG main            d.u.i.k.p.i.IntermediateProofReplayer Proof replay took 452.68ms 
18971      DEBUG main            d.u.i.k.p.r.p.TestFile    ... success: reloaded. 
18972      INFO  main            d.u.i.k.p.r.p.TestFile    Now processing file /home/runner/work/key/key/key.core/../key.ui/examples/redux/arrays/Arrays.copyOf.float.key 
18973      INFO  main            d.u.i.k.p.i.AbstractProblemLoader Loading environment from /home/runner/work/key/key/key.core/../key.ui/examples/redux/arrays/Arrays.copyOf.float.key 
18973      DEBUG main            d.u.i.k.p.i.AbstractProblemLoader Environment load took 205.9ns 
18975      INFO  main            d.u.i.k.p.i.AbstractProblemLoader Creating init config 
22240      DEBUG main            d.u.i.k.p.i.AbstractProblemLoader Init config took 3.27s 
22297      INFO  main            d.u.i.k.p.i.AbstractProblemLoader Replaying proof Arrays[Arrays::copyOf([F,int)].JML normal_behavior operation contract.0 
22299      DEBUG main            d.u.i.k.p.i.IntermediateProofReplayer Proof replay took 7.1ns 
22330      DEBUG main            d.u.i.k.m.s.ProofScriptEngine [1] goal: 0, source line: 6, command: 'macro autopilot' 
26781      DEBUG main            d.u.i.k.m.s.ProofScriptEngine [2] goal: 17, source line: 7, command: 'smt solver=Z3' 
26859      INFO  main            d.u.i.k.m.s.SMTCommand    Finished run on goal 17 in 50ms, result is valid 
26860      DEBUG main            d.u.i.k.m.s.ProofScriptEngine [3] goal: 309, source line: 8, command: 'tryclose' 
28544      INFO  main            d.u.i.k.p.r.p.TestFile    ... finished proof: closed. 
28744      INFO  main            d.u.i.k.p.i.AbstractProblemLoader Loading environment from /home/runner/work/key/key/key.core/../key.ui/examples/redux/arrays/Arrays.copyOf.float.key.proof 
28744      DEBUG main            d.u.i.k.p.i.AbstractProblemLoader Environment load took 159.3ns 
28752      INFO  main            d.u.i.k.p.i.AbstractProblemLoader Creating init config 
31833      DEBUG main            d.u.i.k.p.i.AbstractProblemLoader Init config took 3.08s 
31900      INFO  main            d.u.i.k.p.i.AbstractProblemLoader Replaying proof Arrays[Arrays::copyOf([F,int)].JML normal_behavior operation contract.0 
31972      INFO  main            d.u.i.k.s.SMTFocusResults Analyzing unsat core: (L_6) 
32474      DEBUG main            d.u.i.k.p.i.IntermediateProofReplayer Proof replay took 552.75ms 
32476      DEBUG main            d.u.i.k.p.r.p.TestFile    ... success: reloaded. 
32478      INFO  main            d.u.i.k.p.r.p.TestFile    Now processing file /home/runner/work/key/key/key.core/../key.ui/examples/redux/arrays/Arrays.copyOfRange.key 
32478      INFO  main            d.u.i.k.p.i.AbstractProblemLoader Loading environment from /home/runner/work/key/key/key.core/../key.ui/examples/redux/arrays/Arrays.copyOfRange.key 
32478      DEBUG main            d.u.i.k.p.i.AbstractProblemLoader Environment load took 196.3ns 
32479      INFO  main            d.u.i.k.p.i.AbstractProblemLoader Creating init config 
35579      DEBUG main            d.u.i.k.p.i.AbstractProblemLoader Init config took 3.1s 
35624      INFO  main            d.u.i.k.p.i.AbstractProblemLoader Replaying proof Arrays[Arrays::copyOfRange([I,int,int)].JML normal_behavior operation contract.0 
35625      DEBUG main            d.u.i.k.p.i.IntermediateProofReplayer Proof replay took 6.7ns 
39980      INFO  main            d.u.i.k.p.r.p.TestFile    ... finished proof: closed. 
40210      INFO  main            d.u.i.k.p.i.AbstractProblemLoader Loading environment from /home/runner/work/key/key/key.core/../key.ui/examples/redux/arrays/Arrays.copyOfRange.key.proof 
40210      DEBUG main            d.u.i.k.p.i.AbstractProblemLoader Environment load took 186.3ns 
40212      INFO  main            d.u.i.k.p.i.AbstractProblemLoader Creating init config 
43199      DEBUG main            d.u.i.k.p.i.AbstractProblemLoader Init config took 2.99s 
43254      INFO  main            d.u.i.k.p.i.AbstractProblemLoader Replaying proof Arrays[Arrays::copyOfRange([I,int,int)].JML normal_behavior operation contract.0 
43609      DEBUG main            d.u.i.k.p.i.IntermediateProofReplayer Proof replay took 333.05ms 
43610      DEBUG main            d.u.i.k.p.r.p.TestFile    ... success: reloaded. 
43611      INFO  main            d.u.i.k.p.r.p.TestFile    Now processing file /home/runner/work/key/key/key.core/../key.ui/examples/redux/arrays/Arrays.copyOfRange.float.key 
43612      INFO  main            d.u.i.k.p.i.AbstractProblemLoader Loading environment from /home/runner/work/key/key/key.core/../key.ui/examples/redux/arrays/Arrays.copyOfRange.float.key 
43612      DEBUG main            d.u.i.k.p.i.AbstractProblemLoader Environment load took 179.8ns 
43613      INFO  main            d.u.i.k.p.i.AbstractProblemLoader Creating init config 
46589      DEBUG main            d.u.i.k.p.i.AbstractProblemLoader Init config took 2.98s 
46632      INFO  main            d.u.i.k.p.i.AbstractProblemLoader Replaying proof Arrays[Arrays::copyOfRange([F,int,int)].JML normal_behavior operation contract.0 
46633      DEBUG main            d.u.i.k.p.i.IntermediateProofReplayer Proof replay took 6.9ns 
46634      DEBUG main            d.u.i.k.m.s.ProofScriptEngine [1] goal: 0, source line: 6, command: 'macro autopilot' 
52466      DEBUG main            d.u.i.k.m.s.ProofScriptEngine [2] goal: 27, source line: 7, command: 'smt solver=Z3' 
52501      INFO  main            d.u.i.k.m.s.SMTCommand    Finished run on goal 27 in 32ms, result is valid 
52501      DEBUG main            d.u.i.k.m.s.ProofScriptEngine [3] goal: 375, source line: 8, command: 'tryclose' 
55785      INFO  main            d.u.i.k.p.r.p.TestFile    ... finished proof: closed. 
55987      INFO  main            d.u.i.k.p.i.AbstractProblemLoader Loading environment from /home/runner/work/key/key/key.core/../key.ui/examples/redux/arrays/Arrays.copyOfRange.float.key.proof 
55987      DEBUG main            d.u.i.k.p.i.AbstractProblemLoader Environment load took 370.5ns 
55989      INFO  main            d.u.i.k.p.i.AbstractProblemLoader Creating init config 
58958      DEBUG main            d.u.i.k.p.i.AbstractProblemLoader Init config took 2.97s 
59002      INFO  main            d.u.i.k.p.i.AbstractProblemLoader Replaying proof Arrays[Arrays::copyOfRange([F,int,int)].JML normal_behavior operation contract.0 
59089      INFO  main            d.u.i.k.s.SMTFocusResults Analyzing unsat core: (L_8) 
59697      DEBUG main            d.u.i.k.p.i.IntermediateProofReplayer Proof replay took 660.99ms 
59699      DEBUG main            d.u.i.k.p.r.p.TestFile    ... success: reloaded. 
59700      INFO  main            d.u.i.k.p.r.p.TestFile    Now processing file /home/runner/work/key/key/key.core/../key.ui/examples/redux/arrays/Arrays.equals.key 
59700      INFO  main            d.u.i.k.p.i.AbstractProblemLoader Loading environment from /home/runner/work/key/key/key.core/../key.ui/examples/redux/arrays/Arrays.equals.key 
59700      DEBUG main            d.u.i.k.p.i.AbstractProblemLoader Environment load took 96.9ns 
59701      INFO  main            d.u.i.k.p.i.AbstractProblemLoader Creating init config 
62745      DEBUG main            d.u.i.k.p.i.AbstractProblemLoader Init config took 3.04s 
62787      INFO  main            d.u.i.k.p.i.AbstractProblemLoader Replaying proof Arrays[Arrays::equals([B,[B)].JML normal_behavior operation contract.0 
62788      DEBUG main            d.u.i.k.p.i.IntermediateProofReplayer Proof replay took 6ns 
63292      INFO  main            d.u.i.k.p.r.p.TestFile    ... finished proof: closed. 
63528      INFO  main            d.u.i.k.p.i.AbstractProblemLoader Loading environment from /home/runner/work/key/key/key.core/../key.ui/examples/redux/arrays/Arrays.equals.key.proof 
63529      DEBUG main            d.u.i.k.p.i.AbstractProblemLoader Environment load took 465.31ns 
63530      INFO  main            d.u.i.k.p.i.AbstractProblemLoader Creating init config 
66481      DEBUG main            d.u.i.k.p.i.AbstractProblemLoader Init config took 2.95s 
66523      INFO  main            d.u.i.k.p.i.AbstractProblemLoader Replaying proof Arrays[Arrays::equals([B,[B)].JML normal_behavior operation contract.0 
66635      DEBUG main            d.u.i.k.p.i.IntermediateProofReplayer Proof replay took 107.78ms 
66636      DEBUG main            d.u.i.k.p.r.p.TestFile    ... success: reloaded. 
66637      INFO  main            d.u.i.k.p.r.p.TestFile    Now processing file /home/runner/work/key/key/key.core/../key.ui/examples/redux/arrays/Arrays.fill.key 
66637      INFO  main            d.u.i.k.p.i.AbstractProblemLoader Loading environment from /home/runner/work/key/key/key.core/../key.ui/examples/redux/arrays/Arrays.fill.key 
66637      DEBUG main            d.u.i.k.p.i.AbstractProblemLoader Environment load took 103ns 
66638      INFO  main            d.u.i.k.p.i.AbstractProblemLoader Creating init config 
69690      DEBUG main            d.u.i.k.p.i.AbstractProblemLoader Init config took 3.05s 
69728      INFO  main            d.u.i.k.p.i.AbstractProblemLoader Replaying proof Arrays[Arrays::fill([I,int)].JML normal_behavior operation contract.0 
69730      DEBUG main            d.u.i.k.p.i.IntermediateProofReplayer Proof replay took 6.8ns 
69932      INFO  main            d.u.i.k.p.r.p.TestFile    ... finished proof: closed. 
70164      INFO  main            d.u.i.k.p.i.AbstractProblemLoader Loading environment from /home/runner/work/key/key/key.core/../key.ui/examples/redux/arrays/Arrays.fill.key.proof 
70164      DEBUG main            d.u.i.k.p.i.AbstractProblemLoader Environment load took 130.5ns 
70165      INFO  main            d.u.i.k.p.i.AbstractProblemLoader Creating init config 
73143      DEBUG main            d.u.i.k.p.i.AbstractProblemLoader Init config took 2.98s 
73192      INFO  main            d.u.i.k.p.i.AbstractProblemLoader Replaying proof Arrays[Arrays::fill([I,int)].JML normal_behavior operation contract.0 
73217      DEBUG main            d.u.i.k.p.i.IntermediateProofReplayer Proof replay took 23.02ms 
73218      DEBUG main            d.u.i.k.p.r.p.TestFile    ... success: reloaded. 
73219      INFO  main            d.u.i.k.p.r.p.TestFile    Now processing file /home/runner/work/key/key/key.core/../key.ui/examples/redux/arrays/Arrays.fill.float.key 
73219      INFO  main            d.u.i.k.p.i.AbstractProblemLoader Loading environment from /home/runner/work/key/key/key.core/../key.ui/examples/redux/arrays/Arrays.fill.float.key 
73219      DEBUG main            d.u.i.k.p.i.AbstractProblemLoader Environment load took 94.1ns 
73220      INFO  main            d.u.i.k.p.i.AbstractProblemLoader Creating init config 
76163      DEBUG main            d.u.i.k.p.i.AbstractProblemLoader Init config took 2.94s 
76200      INFO  main            d.u.i.k.p.i.AbstractProblemLoader Replaying proof Arrays[Arrays::fill([F,float)].JML normal_behavior operation contract.0 
76203      DEBUG main            d.u.i.k.p.i.IntermediateProofReplayer Proof replay took 6.9ns 
76405      INFO  main            d.u.i.k.p.r.p.TestFile    ... finished proof: closed. 
76584      INFO  main            d.u.i.k.p.i.AbstractProblemLoader Loading environment from /home/runner/work/key/key/key.core/../key.ui/examples/redux/arrays/Arrays.fill.float.key.proof 
76585      DEBUG main            d.u.i.k.p.i.AbstractProblemLoader Environment load took 132.9ns 
76586      INFO  main            d.u.i.k.p.i.AbstractProblemLoader Creating init config 
79486      DEBUG main            d.u.i.k.p.i.AbstractProblemLoader Init config took 2.9s 
79535      INFO  main            d.u.i.k.p.i.AbstractProblemLoader Replaying proof Arrays[Arrays::fill([F,float)].JML normal_behavior operation contract.0 
79569      DEBUG main            d.u.i.k.p.i.IntermediateProofReplayer Proof replay took 31.12ms 
79570      DEBUG main            d.u.i.k.p.r.p.TestFile    ... success: reloaded. 
79571      INFO  main            d.u.i.k.p.r.p.TestFile    Now processing file /home/runner/work/key/key/key.core/../key.ui/examples/redux/arrays/Arrays.fillFromTo.key 
79571      INFO  main            d.u.i.k.p.i.AbstractProblemLoader Loading environment from /home/runner/work/key/key/key.core/../key.ui/examples/redux/arrays/Arrays.fillFromTo.key 
79571      DEBUG main            d.u.i.k.p.i.AbstractProblemLoader Environment load took 92.8ns 
79572      INFO  main            d.u.i.k.p.i.AbstractProblemLoader Creating init config 
82533      DEBUG main            d.u.i.k.p.i.AbstractProblemLoader Init config took 2.96s 
82579      INFO  main            d.u.i.k.p.i.AbstractProblemLoader Replaying proof Arrays[Arrays::fill([I,int,int,int)].JML normal_behavior operation contract.0 
82582      DEBUG main            d.u.i.k.p.i.IntermediateProofReplayer Proof replay took 6.6ns 
83185      INFO  main            d.u.i.k.p.r.p.TestFile    ... finished proof: closed. 
83457      INFO  main            d.u.i.k.p.i.AbstractProblemLoader Loading environment from /home/runner/work/key/key/key.core/../key.ui/examples/redux/arrays/Arrays.fillFromTo.key.proof 
83457      DEBUG main            d.u.i.k.p.i.AbstractProblemLoader Environment load took 701.01ns 
83459      INFO  main            d.u.i.k.p.i.AbstractProblemLoader Creating init config 
86344      DEBUG main            d.u.i.k.p.i.AbstractProblemLoader Init config took 2.89s 
86381      INFO  main            d.u.i.k.p.i.AbstractProblemLoader Replaying proof Arrays[Arrays::fill([I,int,int,int)].JML normal_behavior operation contract.0 
86471      DEBUG main            d.u.i.k.p.i.IntermediateProofReplayer Proof replay took 85.94ms 
86473      DEBUG main            d.u.i.k.p.r.p.TestFile    ... success: reloaded. 
86474      INFO  main            d.u.i.k.p.r.p.TestFile    Now processing file /home/runner/work/key/key/key.core/../key.ui/examples/redux/arrays/Arrays.fillFromTo.float.key 
86474      INFO  main            d.u.i.k.p.i.AbstractProblemLoader Loading environment from /home/runner/work/key/key/key.core/../key.ui/examples/redux/arrays/Arrays.fillFromTo.float.key 
86474      DEBUG main            d.u.i.k.p.i.AbstractProblemLoader Environment load took 169.1ns 
86475      INFO  main            d.u.i.k.p.i.AbstractProblemLoader Creating init config 
89475      DEBUG main            d.u.i.k.p.i.AbstractProblemLoader Init config took 3s 
89511      INFO  main            d.u.i.k.p.i.AbstractProblemLoader Replaying proof Arrays[Arrays::fill([F,int,int,float)].JML normal_behavior operation contract.0 
89512      DEBUG main            d.u.i.k.p.i.IntermediateProofReplayer Proof replay took 7.3ns 
90116      INFO  main            d.u.i.k.p.r.p.TestFile    ... finished proof: closed. 
90347      INFO  main            d.u.i.k.p.i.AbstractProblemLoader Loading environment from /home/runner/work/key/key/key.core/../key.ui/examples/redux/arrays/Arrays.fillFromTo.float.key.proof 
90348      DEBUG main            d.u.i.k.p.i.AbstractProblemLoader Environment load took 356.31ns 
90349      INFO  main            d.u.i.k.p.i.AbstractProblemLoader Creating init config 
93297      DEBUG main            d.u.i.k.p.i.AbstractProblemLoader Init config took 2.95s 
93334      INFO  main            d.u.i.k.p.i.AbstractProblemLoader Replaying proof Arrays[Arrays::fill([F,int,int,float)].JML normal_behavior operation contract.0 
93441      DEBUG main            d.u.i.k.p.i.IntermediateProofReplayer Proof replay took 99.02ms 
93442      DEBUG main            d.u.i.k.p.r.p.TestFile    ... success: reloaded. 
93443      INFO  main            d.u.i.k.p.r.p.TestFile    Now processing file /home/runner/work/key/key/key.core/../key.ui/examples/redux/arrays/ArrayCopy.arraycopy.normal.0.key 
93444      INFO  main            d.u.i.k.p.i.AbstractProblemLoader Loading environment from /home/runner/work/key/key/key.core/../key.ui/examples/redux/arrays/ArrayCopy.arraycopy.normal.0.key 
93444      DEBUG main            d.u.i.k.p.i.AbstractProblemLoader Environment load took 94.2ns 
93445      INFO  main            d.u.i.k.p.i.AbstractProblemLoader Creating init config 
96362      DEBUG main            d.u.i.k.p.i.AbstractProblemLoader Init config took 2.92s 
96396      INFO  main            d.u.i.k.p.i.AbstractProblemLoader Replaying proof ArrayCopy[ArrayCopy::arraycopy(java.lang.Object,int,java.lang.Object,int,int)].JML normal_behavior operation contract.0 
96398      DEBUG main            d.u.i.k.p.i.IntermediateProofReplayer Proof replay took 6.8ns 
102248     INFO  main            d.u.i.k.p.r.p.TestFile    ... finished proof: closed. 
102493     INFO  main            d.u.i.k.p.i.AbstractProblemLoader Loading environment from /home/runner/work/key/key/key.core/../key.ui/examples/redux/arrays/ArrayCopy.arraycopy.normal.0.key.proof 
102493     DEBUG main            d.u.i.k.p.i.AbstractProblemLoader Environment load took 378.7ns 
102495     INFO  main            d.u.i.k.p.i.AbstractProblemLoader Creating init config 
105392     DEBUG main            d.u.i.k.p.i.AbstractProblemLoader Init config took 2.9s 
105433     INFO  main            d.u.i.k.p.i.AbstractProblemLoader Replaying proof ArrayCopy[ArrayCopy::arraycopy(java.lang.Object,int,java.lang.Object,int,int)].JML normal_behavior operation contract.0 
106049     DEBUG main            d.u.i.k.p.i.IntermediateProofReplayer Proof replay took 596.51ms 
106051     DEBUG main            d.u.i.k.p.r.p.TestFile    ... success: reloaded. 
106052     INFO  main            d.u.i.k.p.r.p.TestFile    Now processing file /home/runner/work/key/key/key.core/../key.ui/examples/redux/arrays/ArrayCopy.arraycopy.exceptional.0.key 
106052     INFO  main            d.u.i.k.p.i.AbstractProblemLoader Loading environment from /home/runner/work/key/key/key.core/../key.ui/examples/redux/arrays/ArrayCopy.arraycopy.exceptional.0.key 
106052     DEBUG main            d.u.i.k.p.i.AbstractProblemLoader Environment load took 171.1ns 
106053     INFO  main            d.u.i.k.p.i.AbstractProblemLoader Creating init config 
108968     DEBUG main            d.u.i.k.p.i.AbstractProblemLoader Init config took 2.91s 
109002     INFO  main            d.u.i.k.p.i.AbstractProblemLoader Replaying proof ArrayCopy[ArrayCopy::arraycopy(java.lang.Object,int,java.lang.Object,int,int)].JML exceptional_behavior operation contract.0 
109003     DEBUG main            d.u.i.k.p.i.IntermediateProofReplayer Proof replay took 6.7ns 
109408     INFO  main            d.u.i.k.p.r.p.TestFile    ... finished proof: closed. 
109621     INFO  main            d.u.i.k.p.i.AbstractProblemLoader Loading environment from /home/runner/work/key/key/key.core/../key.ui/examples/redux/arrays/ArrayCopy.arraycopy.exceptional.0.key.proof 
109621     DEBUG main            d.u.i.k.p.i.AbstractProblemLoader Environment load took 132.1ns 
109622     INFO  main            d.u.i.k.p.i.AbstractProblemLoader Creating init config 
112491     DEBUG main            d.u.i.k.p.i.AbstractProblemLoader Init config took 2.87s 
112524     INFO  main            d.u.i.k.p.i.AbstractProblemLoader Replaying proof ArrayCopy[ArrayCopy::arraycopy(java.lang.Object,int,java.lang.Object,int,int)].JML exceptional_behavior operation contract.0 
112630     DEBUG main            d.u.i.k.p.i.IntermediateProofReplayer Proof replay took 103.22ms 
112631     DEBUG main            d.u.i.k.p.r.p.TestFile    ... success: reloaded. 
112632     INFO  main            d.u.i.k.p.r.p.TestFile    Now processing file /home/runner/work/key/key/key.core/../key.ui/examples/redux/arrays/ArrayCopy.arraycopy.exceptional.1.key 
112632     INFO  main            d.u.i.k.p.i.AbstractProblemLoader Loading environment from /home/runner/work/key/key/key.core/../key.ui/examples/redux/arrays/ArrayCopy.arraycopy.exceptional.1.key 
112632     DEBUG main            d.u.i.k.p.i.AbstractProblemLoader Environment load took 98.4ns 
112633     INFO  main            d.u.i.k.p.i.AbstractProblemLoader Creating init config 
115544     DEBUG main            d.u.i.k.p.i.AbstractProblemLoader Init config took 2.91s 
115577     INFO  main            d.u.i.k.p.i.AbstractProblemLoader Replaying proof ArrayCopy[ArrayCopy::arraycopy(java.lang.Object,int,java.lang.Object,int,int)].JML exceptional_behavior operation contract.1 
115579     DEBUG main            d.u.i.k.p.i.IntermediateProofReplayer Proof replay took 6.2ns 
121431     INFO  main            d.u.i.k.p.r.p.TestFile    ... finished proof: closed. 
121677     INFO  main            d.u.i.k.p.i.AbstractProblemLoader Loading environment from /home/runner/work/key/key/key.core/../key.ui/examples/redux/arrays/ArrayCopy.arraycopy.exceptional.1.key.proof 
121678     DEBUG main            d.u.i.k.p.i.AbstractProblemLoader Environment load took 246.7ns 
121680     INFO  main            d.u.i.k.p.i.AbstractProblemLoader Creating init config 
124589     DEBUG main            d.u.i.k.p.i.AbstractProblemLoader Init config took 2.91s 
124631     INFO  main            d.u.i.k.p.i.AbstractProblemLoader Replaying proof ArrayCopy[ArrayCopy::arraycopy(java.lang.Object,int,java.lang.Object,int,int)].JML exceptional_behavior operation contract.1 
125830     DEBUG main            d.u.i.k.p.i.IntermediateProofReplayer Proof replay took 1.18s 
125833     DEBUG main            d.u.i.k.p.r.p.TestFile    ... success: reloaded. 
5313097    INFO  Test worker     d.u.i.k.p.r.RunAllProofsTestUnit Returning from test redux 
]]></system-out>
  <system-err><![CDATA[]]></system-err>
</testsuite>
