<?xml version="1.0" encoding="UTF-8"?>
<testsuite name="de.uka.ilkd.key.symbolic_execution.testcase.TestExecutionNodePreorderIterator" tests="4" skipped="0" failures="0" errors="0" timestamp="2023-04-06T18:10:15" hostname="fv-az419-217" time="0.03">
  <properties/>
  <testcase name="testNodesThreeLevel()" classname="de.uka.ilkd.key.symbolic_execution.testcase.TestExecutionNodePreorderIterator" time="0.005"/>
  <testcase name="testEmptyRoot()" classname="de.uka.ilkd.key.symbolic_execution.testcase.TestExecutionNodePreorderIterator" time="0.007"/>
  <testcase name="testNodesTwoLevel()" classname="de.uka.ilkd.key.symbolic_execution.testcase.TestExecutionNodePreorderIterator" time="0.008"/>
  <testcase name="testNodesOneLevel()" classname="de.uka.ilkd.key.symbolic_execution.testcase.TestExecutionNodePreorderIterator" time="0.006"/>
  <system-out><![CDATA[]]></system-out>
  <system-err><![CDATA[]]></system-err>
</testsuite>
