<?xml version="1.0" encoding="UTF-8"?>
<testsuite name="de.uka.ilkd.key.symbolic_execution.testcase.TestParallelSiteProofs" tests="2" skipped="1" failures="0" errors="0" timestamp="2023-01-31T20:46:51" hostname="fv-az470-859" time="3.635">
  <properties/>
  <testcase name="testProofFile()" classname="de.uka.ilkd.key.symbolic_execution.testcase.TestParallelSiteProofs" time="3.633"/>
  <testcase name="xxxtestNewProof()" classname="de.uka.ilkd.key.symbolic_execution.testcase.TestParallelSiteProofs" time="0.0">
    <skipped/>
  </testcase>
  <system-out><![CDATA[]]></system-out>
  <system-err><![CDATA[]]></system-err>
</testsuite>
