<?xml version="1.0" encoding="UTF-8"?>
<testsuite name="org.key_project.util.testcase.collection.TestLeftistHeapOfInteger" tests="5" skipped="0" failures="0" errors="0" timestamp="2023-05-02T15:24:08" hostname="fv-az553-779" time="0.21">
  <properties/>
  <testcase name="testInsertElements()" classname="org.key_project.util.testcase.collection.TestLeftistHeapOfInteger" time="0.008"/>
  <testcase name="testInsertHeap()" classname="org.key_project.util.testcase.collection.TestLeftistHeapOfInteger" time="0.01"/>
  <testcase name="testInsertIterator()" classname="org.key_project.util.testcase.collection.TestLeftistHeapOfInteger" time="0.059"/>
  <testcase name="testLargeHeap()" classname="org.key_project.util.testcase.collection.TestLeftistHeapOfInteger" time="0.081"/>
  <testcase name="testRemoveAll()" classname="org.key_project.util.testcase.collection.TestLeftistHeapOfInteger" time="0.001"/>
  <system-out><![CDATA[]]></system-out>
  <system-err><![CDATA[]]></system-err>
</testsuite>
