<?xml version="1.0" encoding="UTF-8"?>
<testsuite name="de.uka.ilkd.key.gui.proofdiff.ProofDifferenceTest" tests="2" skipped="0" failures="0" errors="0" timestamp="2023-03-22T16:31:03" hostname="fv-az581-383" time="0.013">
  <properties/>
  <testcase name="testLevensthein()" classname="de.uka.ilkd.key.gui.proofdiff.ProofDifferenceTest" time="0.007"/>
  <testcase name="testPairs1()" classname="de.uka.ilkd.key.gui.proofdiff.ProofDifferenceTest" time="0.005"/>
  <system-out><![CDATA[]]></system-out>
  <system-err><![CDATA[]]></system-err>
</testsuite>
