<?xml version="1.0" encoding="UTF-8"?>
<testsuite name="de.uka.ilkd.key.gui.ShortUniqueFileNamesTest" tests="1" skipped="0" failures="0" errors="0" timestamp="2023-03-22T16:31:02" hostname="fv-az581-383" time="0.011">
  <properties/>
  <testcase name="uniqueFileNamesTest()" classname="de.uka.ilkd.key.gui.ShortUniqueFileNamesTest" time="0.011"/>
  <system-out><![CDATA[]]></system-out>
  <system-err><![CDATA[]]></system-err>
</testsuite>
