<?xml version="1.0" encoding="UTF-8"?>
<testsuite name="de.uka.ilkd.key.proof.runallproofs.RunAllProofsFunctional" tests="34" skipped="0" failures="0" errors="0" timestamp="2023-05-26T21:31:59" hostname="fv-az741-852" time="5154.956">
  <properties/>
  <testcase name="newBook" classname="de.uka.ilkd.key.proof.runallproofs.RunAllProofsFunctional" time="59.439"/>
  <testcase name="oldBook" classname="de.uka.ilkd.key.proof.runallproofs.RunAllProofsFunctional" time="17.148"/>
  <testcase name="comprehensions" classname="de.uka.ilkd.key.proof.runallproofs.RunAllProofsFunctional" time="61.823"/>
  <testcase name="performance" classname="de.uka.ilkd.key.proof.runallproofs.RunAllProofsFunctional" time="216.849"/>
  <testcase name="performancePOConstruction" classname="de.uka.ilkd.key.proof.runallproofs.RunAllProofsFunctional" time="70.999"/>
  <testcase name="applicationRestrictions" classname="de.uka.ilkd.key.proof.runallproofs.RunAllProofsFunctional" time="45.9"/>
  <testcase name="blockContracts" classname="de.uka.ilkd.key.proof.runallproofs.RunAllProofsFunctional" time="130.885"/>
  <testcase name="jmlAsserts" classname="de.uka.ilkd.key.proof.runallproofs.RunAllProofsFunctional" time="84.218"/>
  <testcase name="javaCard" classname="de.uka.ilkd.key.proof.runallproofs.RunAllProofsFunctional" time="126.232"/>
  <testcase name="list" classname="de.uka.ilkd.key.proof.runallproofs.RunAllProofsFunctional" time="259.303"/>
  <testcase name="list_ghost" classname="de.uka.ilkd.key.proof.runallproofs.RunAllProofsFunctional" time="66.11"/>
  <testcase name="list_recursive" classname="de.uka.ilkd.key.proof.runallproofs.RunAllProofsFunctional" time="21.667"/>
  <testcase name="list_seq" classname="de.uka.ilkd.key.proof.runallproofs.RunAllProofsFunctional" time="164.593"/>
  <testcase name="observer" classname="de.uka.ilkd.key.proof.runallproofs.RunAllProofsFunctional" time="95.46"/>
  <testcase name="removeDups" classname="de.uka.ilkd.key.proof.runallproofs.RunAllProofsFunctional" time="140.367"/>
  <testcase name="quicksort" classname="de.uka.ilkd.key.proof.runallproofs.RunAllProofsFunctional" time="105.633"/>
  <testcase name="simpleTests" classname="de.uka.ilkd.key.proof.runallproofs.RunAllProofsFunctional" time="159.739"/>
  <testcase name="SmansEtAl" classname="de.uka.ilkd.key.proof.runallproofs.RunAllProofsFunctional" time="184.288"/>
  <testcase name="VACID0" classname="de.uka.ilkd.key.proof.runallproofs.RunAllProofsFunctional" time="73.549"/>
  <testcase name="VSTTE10" classname="de.uka.ilkd.key.proof.runallproofs.RunAllProofsFunctional" time="171.102"/>
  <testcase name="WeideEtAl" classname="de.uka.ilkd.key.proof.runallproofs.RunAllProofsFunctional" time="27.458"/>
  <testcase name="arithmetic" classname="de.uka.ilkd.key.proof.runallproofs.RunAllProofsFunctional" time="509.582"/>
  <testcase name="arrays" classname="de.uka.ilkd.key.proof.runallproofs.RunAllProofsFunctional" time="54.978"/>
  <testcase name="javadl" classname="de.uka.ilkd.key.proof.runallproofs.RunAllProofsFunctional" time="607.621"/>
  <testcase name="FOL" classname="de.uka.ilkd.key.proof.runallproofs.RunAllProofsFunctional" time="267.57"/>
  <testcase name="strings" classname="de.uka.ilkd.key.proof.runallproofs.RunAllProofsFunctional" time="141.091"/>
  <testcase name="simple_info_flow" classname="de.uka.ilkd.key.proof.runallproofs.RunAllProofsFunctional" time="12.637"/>
  <testcase name="modelMethods" classname="de.uka.ilkd.key.proof.runallproofs.RunAllProofsFunctional" time="167.194"/>
  <testcase name="permissionHeap" classname="de.uka.ilkd.key.proof.runallproofs.RunAllProofsFunctional" time="818.477"/>
  <testcase name="completionScopes" classname="de.uka.ilkd.key.proof.runallproofs.RunAllProofsFunctional" time="50.111"/>
  <testcase name="reload_examples" classname="de.uka.ilkd.key.proof.runallproofs.RunAllProofsFunctional" time="40.927"/>
  <testcase name="proofLoadRepair" classname="de.uka.ilkd.key.proof.runallproofs.RunAllProofsFunctional" time="18.272"/>
  <testcase name="switch" classname="de.uka.ilkd.key.proof.runallproofs.RunAllProofsFunctional" time="58.823"/>
  <testcase name="redux" classname="de.uka.ilkd.key.proof.runallproofs.RunAllProofsFunctional" time="124.904"/>
  <system-out><![CDATA[230        INFO  Test worker     d.u.i.k.p.r.RunAllProofsTestUnit Running test newBook 
375        INFO  Timeout watchdog d.u.i.k.p.r.p.ForkedTestFileRunner Timeout watcher launched (2000 secs.) 
405        WARN  main            d.u.i.k.s.ProofSettings   No proof-settings could be loaded, using defaults java.io.FileNotFoundException: /home/runner/.key/proof-settings.props (No such file or directory)
	at java.base/java.io.FileInputStream.open0(Native Method)

441        INFO  main            d.u.i.k.p.r.p.TestFile    Now processing file /home/runner/work/key/key/key.core/../key.ui/examples/newBook/09.list_modelfield/ArrayList.add.key 
550        INFO  main            d.u.i.k.p.i.AbstractProblemLoader Loading environment from /home/runner/work/key/key/key.core/../key.ui/examples/newBook/09.list_modelfield/ArrayList.add.key 
566        DEBUG main            d.u.i.k.p.i.AbstractProblemLoader Environment load took 2.08ms 
787        INFO  main            d.u.i.k.p.i.AbstractProblemLoader Creating init config 
1689       DEBUG main            d.u.i.k.j.TypeConverter   No LDT found for Meta 
1691       DEBUG main            d.u.i.k.j.TypeConverter   No LDT found for Meta 
1692       DEBUG main            d.u.i.k.j.TypeConverter   No LDT found for Meta 
1693       DEBUG main            d.u.i.k.j.TypeConverter   No LDT found for Meta 
3353       DEBUG main            d.u.i.k.j.TypeConverter   No LDT found for JavaBigintExpression 
8804       DEBUG main            d.u.i.k.p.i.AbstractProblemLoader Init config took 8.02s 
8955       INFO  main            d.u.i.k.p.i.AbstractProblemLoader Replaying proof ArrayList[List::add(int)].JML normal_behavior operation contract.0 
8985       DEBUG main            d.u.i.k.p.i.IntermediateProofReplayer Proof replay took 28.3ns 
25931      INFO  main            d.u.i.k.p.r.p.TestFile    ... finished proof: closed. 
26150      INFO  main            d.u.i.k.p.i.AbstractProblemLoader Loading environment from /home/runner/work/key/key/key.core/../key.ui/examples/newBook/09.list_modelfield/ArrayList.add.key.proof 
26150      DEBUG main            d.u.i.k.p.i.AbstractProblemLoader Environment load took 133.8ns 
26160      INFO  main            d.u.i.k.p.i.AbstractProblemLoader Creating init config 
29029      DEBUG main            d.u.i.k.p.i.AbstractProblemLoader Init config took 2.87s 
29091      INFO  main            d.u.i.k.p.i.AbstractProblemLoader Replaying proof ArrayList[List::add(int)].JML normal_behavior operation contract.0 
29890      DEBUG main            d.u.i.k.p.i.IntermediateProofReplayer Proof replay took 736.65ms 
29902      DEBUG main            d.u.i.k.p.r.p.TestFile    ... success: reloaded. 
29905      INFO  main            d.u.i.k.p.r.p.TestFile    Now processing file /home/runner/work/key/key/key.core/../key.ui/examples/newBook/09.list_modelfield/ArrayList.remFirst.key 
29906      INFO  main            d.u.i.k.p.i.AbstractProblemLoader Loading environment from /home/runner/work/key/key/key.core/../key.ui/examples/newBook/09.list_modelfield/ArrayList.remFirst.key 
29906      DEBUG main            d.u.i.k.p.i.AbstractProblemLoader Environment load took 274.4ns 
29909      INFO  main            d.u.i.k.p.i.AbstractProblemLoader Creating init config 
32764      DEBUG main            d.u.i.k.p.i.AbstractProblemLoader Init config took 2.85s 
32821      INFO  main            d.u.i.k.p.i.AbstractProblemLoader Replaying proof ArrayList[List::remFirst()].JML normal_behavior operation contract.0 
32825      DEBUG main            d.u.i.k.p.i.IntermediateProofReplayer Proof replay took 5.4ns 
36901      INFO  main            d.u.i.k.p.r.p.TestFile    ... finished proof: closed. 
37116      INFO  main            d.u.i.k.p.i.AbstractProblemLoader Loading environment from /home/runner/work/key/key/key.core/../key.ui/examples/newBook/09.list_modelfield/ArrayList.remFirst.key.proof 
37116      DEBUG main            d.u.i.k.p.i.AbstractProblemLoader Environment load took 121.2ns 
37120      INFO  main            d.u.i.k.p.i.AbstractProblemLoader Creating init config 
39871      DEBUG main            d.u.i.k.p.i.AbstractProblemLoader Init config took 2.75s 
39922      INFO  main            d.u.i.k.p.i.AbstractProblemLoader Replaying proof ArrayList[List::remFirst()].JML normal_behavior operation contract.0 
40273      DEBUG main            d.u.i.k.p.i.IntermediateProofReplayer Proof replay took 336.05ms 
40279      DEBUG main            d.u.i.k.p.r.p.TestFile    ... success: reloaded. 
40279      INFO  main            d.u.i.k.p.r.p.TestFile    Now processing file /home/runner/work/key/key/key.core/../key.ui/examples/newBook/09.list_modelfield/ArrayList.empty.key 
40280      INFO  main            d.u.i.k.p.i.AbstractProblemLoader Loading environment from /home/runner/work/key/key/key.core/../key.ui/examples/newBook/09.list_modelfield/ArrayList.empty.key 
40280      DEBUG main            d.u.i.k.p.i.AbstractProblemLoader Environment load took 180.4ns 
40282      INFO  main            d.u.i.k.p.i.AbstractProblemLoader Creating init config 
42882      DEBUG main            d.u.i.k.p.i.AbstractProblemLoader Init config took 2.6s 
42931      INFO  main            d.u.i.k.p.i.AbstractProblemLoader Replaying proof ArrayList[List::empty()].JML normal_behavior operation contract.0 
42935      DEBUG main            d.u.i.k.p.i.IntermediateProofReplayer Proof replay took 4.6ns 
43940      INFO  main            d.u.i.k.p.r.p.TestFile    ... finished proof: closed. 
44090      INFO  main            d.u.i.k.p.i.AbstractProblemLoader Loading environment from /home/runner/work/key/key/key.core/../key.ui/examples/newBook/09.list_modelfield/ArrayList.empty.key.proof 
44090      DEBUG main            d.u.i.k.p.i.AbstractProblemLoader Environment load took 128.4ns 
44092      INFO  main            d.u.i.k.p.i.AbstractProblemLoader Creating init config 
46694      DEBUG main            d.u.i.k.p.i.AbstractProblemLoader Init config took 2.6s 
46739      INFO  main            d.u.i.k.p.i.AbstractProblemLoader Replaying proof ArrayList[List::empty()].JML normal_behavior operation contract.0 
46813      DEBUG main            d.u.i.k.p.i.IntermediateProofReplayer Proof replay took 68.31ms 
46814      DEBUG main            d.u.i.k.p.r.p.TestFile    ... success: reloaded. 
46814      INFO  main            d.u.i.k.p.r.p.TestFile    Now processing file /home/runner/work/key/key/key.core/../key.ui/examples/newBook/09.list_modelfield/ArrayList.size.key 
46815      INFO  main            d.u.i.k.p.i.AbstractProblemLoader Loading environment from /home/runner/work/key/key/key.core/../key.ui/examples/newBook/09.list_modelfield/ArrayList.size.key 
46815      DEBUG main            d.u.i.k.p.i.AbstractProblemLoader Environment load took 59.1ns 
46816      INFO  main            d.u.i.k.p.i.AbstractProblemLoader Creating init config 
49429      DEBUG main            d.u.i.k.p.i.AbstractProblemLoader Init config took 2.61s 
49501      INFO  main            d.u.i.k.p.i.AbstractProblemLoader Replaying proof ArrayList[List::size()].JML normal_behavior operation contract.0 
49502      DEBUG main            d.u.i.k.p.i.IntermediateProofReplayer Proof replay took 5.1ns 
49905      INFO  main            d.u.i.k.p.r.p.TestFile    ... finished proof: closed. 
50045      INFO  main            d.u.i.k.p.i.AbstractProblemLoader Loading environment from /home/runner/work/key/key/key.core/../key.ui/examples/newBook/09.list_modelfield/ArrayList.size.key.proof 
50045      DEBUG main            d.u.i.k.p.i.AbstractProblemLoader Environment load took 115.9ns 
50046      INFO  main            d.u.i.k.p.i.AbstractProblemLoader Creating init config 
52628      DEBUG main            d.u.i.k.p.i.AbstractProblemLoader Init config took 2.58s 
52671      INFO  main            d.u.i.k.p.i.AbstractProblemLoader Replaying proof ArrayList[List::size()].JML normal_behavior operation contract.0 
52701      DEBUG main            d.u.i.k.p.i.IntermediateProofReplayer Proof replay took 26.67ms 
52702      DEBUG main            d.u.i.k.p.r.p.TestFile    ... success: reloaded. 
52703      INFO  main            d.u.i.k.p.r.p.TestFile    Now processing file /home/runner/work/key/key/key.core/../key.ui/examples/newBook/09.list_modelfield/ArrayList.get.key 
52703      INFO  main            d.u.i.k.p.i.AbstractProblemLoader Loading environment from /home/runner/work/key/key/key.core/../key.ui/examples/newBook/09.list_modelfield/ArrayList.get.key 
52703      DEBUG main            d.u.i.k.p.i.AbstractProblemLoader Environment load took 54.3ns 
52704      INFO  main            d.u.i.k.p.i.AbstractProblemLoader Creating init config 
55326      DEBUG main            d.u.i.k.p.i.AbstractProblemLoader Init config took 2.62s 
55373      INFO  main            d.u.i.k.p.i.AbstractProblemLoader Replaying proof ArrayList[List::get(int)].JML normal_behavior operation contract.0 
55375      DEBUG main            d.u.i.k.p.i.IntermediateProofReplayer Proof replay took 5.9ns 
56300      INFO  main            d.u.i.k.p.r.p.TestFile    ... finished proof: closed. 
56450      INFO  main            d.u.i.k.p.i.AbstractProblemLoader Loading environment from /home/runner/work/key/key/key.core/../key.ui/examples/newBook/09.list_modelfield/ArrayList.get.key.proof 
56452      DEBUG main            d.u.i.k.p.i.AbstractProblemLoader Environment load took 1.11ms 
56453      INFO  main            d.u.i.k.p.i.AbstractProblemLoader Creating init config 
59055      DEBUG main            d.u.i.k.p.i.AbstractProblemLoader Init config took 2.6s 
59097      INFO  main            d.u.i.k.p.i.AbstractProblemLoader Replaying proof ArrayList[List::get(int)].JML normal_behavior operation contract.0 
59152      DEBUG main            d.u.i.k.p.i.IntermediateProofReplayer Proof replay took 49.58ms 
59154      DEBUG main            d.u.i.k.p.r.p.TestFile    ... success: reloaded. 
59664      INFO  Test worker     d.u.i.k.p.r.RunAllProofsTestUnit Returning from test newBook 
59668      INFO  Test worker     d.u.i.k.p.r.RunAllProofsTestUnit Running test oldBook 
333        INFO  Timeout watchdog d.u.i.k.p.r.p.ForkedTestFileRunner Timeout watcher launched (2000 secs.) 
342        WARN  main            d.u.i.k.s.ProofSettings   The settings in /home/runner/.key/proof-settings.props are *not* read. 
368        INFO  main            d.u.i.k.p.r.p.TestFile    Now processing file /home/runner/work/key/key/key.core/../key.ui/examples/standard_key/BookExamples/02FirstOrderLogic/Ex2.58.key 
478        INFO  main            d.u.i.k.p.i.AbstractProblemLoader Loading environment from /home/runner/work/key/key/key.core/../key.ui/examples/standard_key/BookExamples/02FirstOrderLogic/Ex2.58.key 
495        DEBUG main            d.u.i.k.p.i.AbstractProblemLoader Environment load took 2.77ms 
720        INFO  main            d.u.i.k.p.i.AbstractProblemLoader Creating init config 
1641       DEBUG main            d.u.i.k.j.TypeConverter   No LDT found for Meta 
1646       DEBUG main            d.u.i.k.j.TypeConverter   No LDT found for Meta 
1649       DEBUG main            d.u.i.k.j.TypeConverter   No LDT found for Meta 
1649       DEBUG main            d.u.i.k.j.TypeConverter   No LDT found for Meta 
2886       DEBUG main            d.u.i.k.j.TypeConverter   No LDT found for JavaBigintExpression 
7750       DEBUG main            d.u.i.k.p.i.AbstractProblemLoader Init config took 7.03s 
7809       INFO  main            d.u.i.k.p.i.AbstractProblemLoader Replaying proof Ex2.58.key 
7839       DEBUG main            d.u.i.k.p.i.IntermediateProofReplayer Proof replay took 32.3ns 
8029       INFO  main            d.u.i.k.p.r.p.TestFile    ... finished proof: closed. 
8137       INFO  main            d.u.i.k.p.i.AbstractProblemLoader Loading environment from /home/runner/work/key/key/key.core/../key.ui/examples/standard_key/BookExamples/02FirstOrderLogic/Ex2.58.key.proof 
8137       DEBUG main            d.u.i.k.p.i.AbstractProblemLoader Environment load took 135.4ns 
8143       INFO  main            d.u.i.k.p.i.AbstractProblemLoader Creating init config 
10964      DEBUG main            d.u.i.k.p.i.AbstractProblemLoader Init config took 2.82s 
10994      INFO  main            d.u.i.k.p.i.AbstractProblemLoader Replaying proof Ex2.58.key.proof 
11004      DEBUG main            d.u.i.k.p.i.IntermediateProofReplayer Proof replay took 5.29ms 
11020      DEBUG main            d.u.i.k.p.r.p.TestFile    ... success: reloaded. 
11022      INFO  main            d.u.i.k.p.r.p.TestFile    Now processing file /home/runner/work/key/key/key.core/../key.ui/examples/standard_key/BookExamples/03DynamicLogic/Sect3.3.1.key 
11023      INFO  main            d.u.i.k.p.i.AbstractProblemLoader Loading environment from /home/runner/work/key/key/key.core/../key.ui/examples/standard_key/BookExamples/03DynamicLogic/Sect3.3.1.key 
11023      DEBUG main            d.u.i.k.p.i.AbstractProblemLoader Environment load took 384.4ns 
11027      INFO  main            d.u.i.k.p.i.AbstractProblemLoader Creating init config 
13614      DEBUG main            d.u.i.k.p.i.AbstractProblemLoader Init config took 2.59s 
13662      INFO  main            d.u.i.k.p.i.AbstractProblemLoader Replaying proof Sect3.3.1.key 
13665      DEBUG main            d.u.i.k.p.i.IntermediateProofReplayer Proof replay took 6.3ns 
14170      INFO  main            d.u.i.k.p.r.p.TestFile    ... finished proof: closed. 
14295      INFO  main            d.u.i.k.p.i.AbstractProblemLoader Loading environment from /home/runner/work/key/key/key.core/../key.ui/examples/standard_key/BookExamples/03DynamicLogic/Sect3.3.1.key.proof 
14295      DEBUG main            d.u.i.k.p.i.AbstractProblemLoader Environment load took 113.9ns 
14297      INFO  main            d.u.i.k.p.i.AbstractProblemLoader Creating init config 
16852      DEBUG main            d.u.i.k.p.i.AbstractProblemLoader Init config took 2.55s 
16886      INFO  main            d.u.i.k.p.i.AbstractProblemLoader Replaying proof Sect3.3.1.key.proof 
16971      DEBUG main            d.u.i.k.p.i.IntermediateProofReplayer Proof replay took 74.72ms 
16972      DEBUG main            d.u.i.k.p.r.p.TestFile    ... success: reloaded. 
76814      INFO  Test worker     d.u.i.k.p.r.RunAllProofsTestUnit Returning from test oldBook 
76816      INFO  Test worker     d.u.i.k.p.r.RunAllProofsTestUnit Running test comprehensions 
335        INFO  Timeout watchdog d.u.i.k.p.r.p.ForkedTestFileRunner Timeout watcher launched (2000 secs.) 
345        WARN  main            d.u.i.k.s.ProofSettings   The settings in /home/runner/.key/proof-settings.props are *not* read. 
392        INFO  main            d.u.i.k.p.r.p.TestFile    Now processing file /home/runner/work/key/key/key.core/../key.ui/examples/heap/comprehensions/general_sum.key 
499        INFO  main            d.u.i.k.p.i.AbstractProblemLoader Loading environment from /home/runner/work/key/key/key.core/../key.ui/examples/heap/comprehensions/general_sum.key 
514        DEBUG main            d.u.i.k.p.i.AbstractProblemLoader Environment load took 1.84ms 
734        INFO  main            d.u.i.k.p.i.AbstractProblemLoader Creating init config 
1498       DEBUG main            d.u.i.k.j.TypeConverter   No LDT found for Meta 
1498       DEBUG main            d.u.i.k.j.TypeConverter   No LDT found for Meta 
1500       DEBUG main            d.u.i.k.j.TypeConverter   No LDT found for Meta 
1500       DEBUG main            d.u.i.k.j.TypeConverter   No LDT found for Meta 
2811       DEBUG main            d.u.i.k.j.TypeConverter   No LDT found for JavaBigintExpression 
7327       DEBUG main            d.u.i.k.p.i.AbstractProblemLoader Init config took 6.59s 
7447       INFO  main            d.u.i.k.p.i.AbstractProblemLoader Replaying proof GSum[GSum::doNothing()].JML operation contract.0 
7477       DEBUG main            d.u.i.k.p.i.IntermediateProofReplayer Proof replay took 32.6ns 
7822       INFO  main            d.u.i.k.p.r.p.TestFile    ... finished proof: closed. 
7922       INFO  main            d.u.i.k.p.i.AbstractProblemLoader Loading environment from /home/runner/work/key/key/key.core/../key.ui/examples/heap/comprehensions/general_sum.key.proof 
7923       DEBUG main            d.u.i.k.p.i.AbstractProblemLoader Environment load took 134.7ns 
7924       INFO  main            d.u.i.k.p.i.AbstractProblemLoader Creating init config 
10605      DEBUG main            d.u.i.k.p.i.AbstractProblemLoader Init config took 2.68s 
10686      INFO  main            d.u.i.k.p.i.AbstractProblemLoader Replaying proof GSum[GSum::doNothing()].JML operation contract.0 
10700      DEBUG main            d.u.i.k.p.i.IntermediateProofReplayer Proof replay took 10.11ms 
10707      DEBUG main            d.u.i.k.p.r.p.TestFile    ... success: reloaded. 
10707      INFO  main            d.u.i.k.p.r.p.TestFile    Now processing file /home/runner/work/key/key/key.core/../key.ui/examples/heap/comprehensions/sum0.key 
10708      INFO  main            d.u.i.k.p.i.AbstractProblemLoader Loading environment from /home/runner/work/key/key/key.core/../key.ui/examples/heap/comprehensions/sum0.key 
10708      DEBUG main            d.u.i.k.p.i.AbstractProblemLoader Environment load took 69.3ns 
10709      INFO  main            d.u.i.k.p.i.AbstractProblemLoader Creating init config 
13288      DEBUG main            d.u.i.k.p.i.AbstractProblemLoader Init config took 2.58s 
13346      INFO  main            d.u.i.k.p.i.AbstractProblemLoader Replaying proof Sum[Sum::sum0([I)].JML normal_behavior operation contract.0 
13349      DEBUG main            d.u.i.k.p.i.IntermediateProofReplayer Proof replay took 5.5ns 
13440      DEBUG Thread-4        d.u.i.k.l.l.OriginTermLabel commonFileName is null! 
13441      DEBUG Thread-4        d.u.i.k.l.l.OriginTermLabel commonFileName is null! 
13602      DEBUG Thread-4        d.u.i.k.l.l.OriginTermLabel commonFileName is null! 
13603      DEBUG Thread-4        d.u.i.k.l.l.OriginTermLabel commonFileName is null! 
13766      DEBUG Thread-4        d.u.i.k.l.l.OriginTermLabel commonFileName is null! 
13956      INFO  main            d.u.i.k.p.r.p.TestFile    ... finished proof: closed. 
14095      INFO  main            d.u.i.k.p.i.AbstractProblemLoader Loading environment from /home/runner/work/key/key/key.core/../key.ui/examples/heap/comprehensions/sum0.key.proof 
14096      DEBUG main            d.u.i.k.p.i.AbstractProblemLoader Environment load took 631ns 
14098      INFO  main            d.u.i.k.p.i.AbstractProblemLoader Creating init config 
16667      DEBUG main            d.u.i.k.p.i.AbstractProblemLoader Init config took 2.57s 
16715      INFO  main            d.u.i.k.p.i.AbstractProblemLoader Replaying proof Sum[Sum::sum0([I)].JML normal_behavior operation contract.0 
16743      DEBUG main            d.u.i.k.l.l.OriginTermLabel commonFileName is null! 
16744      DEBUG main            d.u.i.k.l.l.OriginTermLabel commonFileName is null! 
16806      DEBUG main            d.u.i.k.l.l.OriginTermLabel commonFileName is null! 
16839      DEBUG main            d.u.i.k.l.l.OriginTermLabel commonFileName is null! 
16840      DEBUG main            d.u.i.k.l.l.OriginTermLabel commonFileName is null! 
16843      DEBUG main            d.u.i.k.p.i.IntermediateProofReplayer Proof replay took 122.94ms 
16843      DEBUG main            d.u.i.k.p.r.p.TestFile    ... success: reloaded. 
16845      INFO  main            d.u.i.k.p.r.p.TestFile    Now processing file /home/runner/work/key/key/key.core/../key.ui/examples/heap/comprehensions/sum1.key 
16845      INFO  main            d.u.i.k.p.i.AbstractProblemLoader Loading environment from /home/runner/work/key/key/key.core/../key.ui/examples/heap/comprehensions/sum1.key 
16845      DEBUG main            d.u.i.k.p.i.AbstractProblemLoader Environment load took 69.6ns 
16846      INFO  main            d.u.i.k.p.i.AbstractProblemLoader Creating init config 
19352      DEBUG main            d.u.i.k.p.i.AbstractProblemLoader Init config took 2.51s 
19400      INFO  main            d.u.i.k.p.i.AbstractProblemLoader Replaying proof Sum[Sum::sum1([I)].JML normal_behavior operation contract.0 
19402      DEBUG main            d.u.i.k.p.i.IntermediateProofReplayer Proof replay took 5.7ns 
19462      DEBUG Thread-7        d.u.i.k.l.l.OriginTermLabel commonFileName is null! 
19462      DEBUG Thread-7        d.u.i.k.l.l.OriginTermLabel commonFileName is null! 
19630      DEBUG Thread-7        d.u.i.k.l.l.OriginTermLabel commonFileName is null! 
19631      DEBUG Thread-7        d.u.i.k.l.l.OriginTermLabel commonFileName is null! 
19762      DEBUG Thread-7        d.u.i.k.l.l.OriginTermLabel commonFileName is null! 
20009      INFO  main            d.u.i.k.p.r.p.TestFile    ... finished proof: closed. 
20145      INFO  main            d.u.i.k.p.i.AbstractProblemLoader Loading environment from /home/runner/work/key/key/key.core/../key.ui/examples/heap/comprehensions/sum1.key.proof 
20146      DEBUG main            d.u.i.k.p.i.AbstractProblemLoader Environment load took 647.1ns 
20147      INFO  main            d.u.i.k.p.i.AbstractProblemLoader Creating init config 
22588      DEBUG main            d.u.i.k.p.i.AbstractProblemLoader Init config took 2.44s 
22643      INFO  main            d.u.i.k.p.i.AbstractProblemLoader Replaying proof Sum[Sum::sum1([I)].JML normal_behavior operation contract.0 
22682      DEBUG main            d.u.i.k.l.l.OriginTermLabel commonFileName is null! 
22683      DEBUG main            d.u.i.k.l.l.OriginTermLabel commonFileName is null! 
22726      DEBUG main            d.u.i.k.l.l.OriginTermLabel commonFileName is null! 
22769      DEBUG main            d.u.i.k.l.l.OriginTermLabel commonFileName is null! 
22771      DEBUG main            d.u.i.k.l.l.OriginTermLabel commonFileName is null! 
22774      DEBUG main            d.u.i.k.p.i.IntermediateProofReplayer Proof replay took 121.06ms 
22775      DEBUG main            d.u.i.k.p.r.p.TestFile    ... success: reloaded. 
22776      INFO  main            d.u.i.k.p.r.p.TestFile    Now processing file /home/runner/work/key/key/key.core/../key.ui/examples/heap/comprehensions/sum2.key 
22777      INFO  main            d.u.i.k.p.i.AbstractProblemLoader Loading environment from /home/runner/work/key/key/key.core/../key.ui/examples/heap/comprehensions/sum2.key 
22777      DEBUG main            d.u.i.k.p.i.AbstractProblemLoader Environment load took 337.5ns 
22780      INFO  main            d.u.i.k.p.i.AbstractProblemLoader Creating init config 
25309      DEBUG main            d.u.i.k.p.i.AbstractProblemLoader Init config took 2.53s 
25351      INFO  main            d.u.i.k.p.i.AbstractProblemLoader Replaying proof Sum[Sum::sum2([I)].JML normal_behavior operation contract.0 
25353      DEBUG main            d.u.i.k.p.i.IntermediateProofReplayer Proof replay took 5.3ns 
25398      DEBUG Thread-10       d.u.i.k.l.l.OriginTermLabel commonFileName is null! 
25398      DEBUG Thread-10       d.u.i.k.l.l.OriginTermLabel commonFileName is null! 
25515      DEBUG Thread-10       d.u.i.k.l.l.OriginTermLabel commonFileName is null! 
25516      DEBUG Thread-10       d.u.i.k.l.l.OriginTermLabel commonFileName is null! 
25602      DEBUG Thread-10       d.u.i.k.l.l.OriginTermLabel commonFileName is null! 
25756      INFO  main            d.u.i.k.p.r.p.TestFile    ... finished proof: closed. 
25916      INFO  main            d.u.i.k.p.i.AbstractProblemLoader Loading environment from /home/runner/work/key/key/key.core/../key.ui/examples/heap/comprehensions/sum2.key.proof 
25916      DEBUG main            d.u.i.k.p.i.AbstractProblemLoader Environment load took 118.1ns 
25917      INFO  main            d.u.i.k.p.i.AbstractProblemLoader Creating init config 
28352      DEBUG main            d.u.i.k.p.i.AbstractProblemLoader Init config took 2.43s 
28392      INFO  main            d.u.i.k.p.i.AbstractProblemLoader Replaying proof Sum[Sum::sum2([I)].JML normal_behavior operation contract.0 
28413      DEBUG main            d.u.i.k.l.l.OriginTermLabel commonFileName is null! 
28414      DEBUG main            d.u.i.k.l.l.OriginTermLabel commonFileName is null! 
28439      DEBUG main            d.u.i.k.l.l.OriginTermLabel commonFileName is null! 
28458      DEBUG main            d.u.i.k.l.l.OriginTermLabel commonFileName is null! 
28459      DEBUG main            d.u.i.k.l.l.OriginTermLabel commonFileName is null! 
28461      DEBUG main            d.u.i.k.p.i.IntermediateProofReplayer Proof replay took 65.97ms 
28463      DEBUG main            d.u.i.k.p.r.p.TestFile    ... success: reloaded. 
28464      INFO  main            d.u.i.k.p.r.p.TestFile    Now processing file /home/runner/work/key/key/key.core/../key.ui/examples/heap/comprehensions/sum3.key 
28464      INFO  main            d.u.i.k.p.i.AbstractProblemLoader Loading environment from /home/runner/work/key/key/key.core/../key.ui/examples/heap/comprehensions/sum3.key 
28464      DEBUG main            d.u.i.k.p.i.AbstractProblemLoader Environment load took 326.2ns 
28466      INFO  main            d.u.i.k.p.i.AbstractProblemLoader Creating init config 
30920      DEBUG main            d.u.i.k.p.i.AbstractProblemLoader Init config took 2.45s 
30961      INFO  main            d.u.i.k.p.i.AbstractProblemLoader Replaying proof Sum[Sum::sum3([I)].JML normal_behavior operation contract.0 
30963      DEBUG main            d.u.i.k.p.i.IntermediateProofReplayer Proof replay took 5.3ns 
31010      DEBUG Thread-13       d.u.i.k.l.l.OriginTermLabel commonFileName is null! 
31011      DEBUG Thread-13       d.u.i.k.l.l.OriginTermLabel commonFileName is null! 
31125      DEBUG Thread-13       d.u.i.k.l.l.OriginTermLabel commonFileName is null! 
31130      DEBUG Thread-13       d.u.i.k.l.l.OriginTermLabel commonFileName is null! 
31231      DEBUG Thread-13       d.u.i.k.l.l.OriginTermLabel commonFileName is null! 
31366      INFO  main            d.u.i.k.p.r.p.TestFile    ... finished proof: closed. 
31498      INFO  main            d.u.i.k.p.i.AbstractProblemLoader Loading environment from /home/runner/work/key/key/key.core/../key.ui/examples/heap/comprehensions/sum3.key.proof 
31498      DEBUG main            d.u.i.k.p.i.AbstractProblemLoader Environment load took 117.8ns 
31499      INFO  main            d.u.i.k.p.i.AbstractProblemLoader Creating init config 
33881      DEBUG main            d.u.i.k.p.i.AbstractProblemLoader Init config took 2.38s 
33940      INFO  main            d.u.i.k.p.i.AbstractProblemLoader Replaying proof Sum[Sum::sum3([I)].JML normal_behavior operation contract.0 
33975      DEBUG main            d.u.i.k.l.l.OriginTermLabel commonFileName is null! 
33975      DEBUG main            d.u.i.k.l.l.OriginTermLabel commonFileName is null! 
34002      DEBUG main            d.u.i.k.l.l.OriginTermLabel commonFileName is null! 
34020      DEBUG main            d.u.i.k.l.l.OriginTermLabel commonFileName is null! 
34021      DEBUG main            d.u.i.k.l.l.OriginTermLabel commonFileName is null! 
34023      DEBUG main            d.u.i.k.p.i.IntermediateProofReplayer Proof replay took 79.69ms 
34024      DEBUG main            d.u.i.k.p.r.p.TestFile    ... success: reloaded. 
34026      INFO  main            d.u.i.k.p.r.p.TestFile    Now processing file /home/runner/work/key/key/key.core/../key.ui/examples/heap/comprehensions/segsum.key 
34026      INFO  main            d.u.i.k.p.i.AbstractProblemLoader Loading environment from /home/runner/work/key/key/key.core/../key.ui/examples/heap/comprehensions/segsum.key 
34026      DEBUG main            d.u.i.k.p.i.AbstractProblemLoader Environment load took 166.9ns 
34027      INFO  main            d.u.i.k.p.i.AbstractProblemLoader Creating init config 
36489      DEBUG main            d.u.i.k.p.i.AbstractProblemLoader Init config took 2.46s 
36533      INFO  main            d.u.i.k.p.i.AbstractProblemLoader Replaying proof SegSum[SegSum::segSum([I,int,int)].JML normal_behavior operation contract.0 
36535      DEBUG main            d.u.i.k.p.i.IntermediateProofReplayer Proof replay took 5.6ns 
37039      INFO  main            d.u.i.k.p.r.p.TestFile    ... finished proof: closed. 
37184      INFO  main            d.u.i.k.p.i.AbstractProblemLoader Loading environment from /home/runner/work/key/key/key.core/../key.ui/examples/heap/comprehensions/segsum.key.proof 
37185      DEBUG main            d.u.i.k.p.i.AbstractProblemLoader Environment load took 1.07ms 
37187      INFO  main            d.u.i.k.p.i.AbstractProblemLoader Creating init config 
39597      DEBUG main            d.u.i.k.p.i.AbstractProblemLoader Init config took 2.41s 
39635      INFO  main            d.u.i.k.p.i.AbstractProblemLoader Replaying proof SegSum[SegSum::segSum([I,int,int)].JML normal_behavior operation contract.0 
39701      DEBUG main            d.u.i.k.p.i.IntermediateProofReplayer Proof replay took 59.5ms 
39703      DEBUG main            d.u.i.k.p.r.p.TestFile    ... success: reloaded. 
39704      INFO  main            d.u.i.k.p.r.p.TestFile    Now processing file /home/runner/work/key/key/key.core/../key.ui/examples/heap/comprehensions/bsum_negative.key 
39705      INFO  main            d.u.i.k.p.i.AbstractProblemLoader Loading environment from /home/runner/work/key/key/key.core/../key.ui/examples/heap/comprehensions/bsum_negative.key 
39705      DEBUG main            d.u.i.k.p.i.AbstractProblemLoader Environment load took 507.9ns 
39707      INFO  main            d.u.i.k.p.i.AbstractProblemLoader Creating init config 
41995      DEBUG main            d.u.i.k.p.i.AbstractProblemLoader Init config took 2.29s 
42016      INFO  main            d.u.i.k.p.i.AbstractProblemLoader Replaying proof bsum_negative.key 
42017      DEBUG main            d.u.i.k.p.i.IntermediateProofReplayer Proof replay took 5.8ns 
42122      INFO  main            d.u.i.k.p.r.p.TestFile    ... finished proof: closed. 
42264      INFO  main            d.u.i.k.p.i.AbstractProblemLoader Loading environment from /home/runner/work/key/key/key.core/../key.ui/examples/heap/comprehensions/bsum_negative.key.proof 
42264      DEBUG main            d.u.i.k.p.i.AbstractProblemLoader Environment load took 107.6ns 
42265      INFO  main            d.u.i.k.p.i.AbstractProblemLoader Creating init config 
44521      DEBUG main            d.u.i.k.p.i.AbstractProblemLoader Init config took 2.26s 
44538      INFO  main            d.u.i.k.p.i.AbstractProblemLoader Replaying proof bsum_negative.key.proof 
44541      DEBUG main            d.u.i.k.p.i.IntermediateProofReplayer Proof replay took 1.05ms 
44542      DEBUG main            d.u.i.k.p.r.p.TestFile    ... success: reloaded. 
44543      INFO  main            d.u.i.k.p.r.p.TestFile    Now processing file /home/runner/work/key/key/key.core/../key.ui/examples/heap/comprehensions/bsum_neg2.key 
44543      INFO  main            d.u.i.k.p.i.AbstractProblemLoader Loading environment from /home/runner/work/key/key/key.core/../key.ui/examples/heap/comprehensions/bsum_neg2.key 
44543      DEBUG main            d.u.i.k.p.i.AbstractProblemLoader Environment load took 93.7ns 
44544      INFO  main            d.u.i.k.p.i.AbstractProblemLoader Creating init config 
46811      DEBUG main            d.u.i.k.p.i.AbstractProblemLoader Init config took 2.27s 
46827      INFO  main            d.u.i.k.p.i.AbstractProblemLoader Replaying proof bsum_neg2.key 
46828      DEBUG main            d.u.i.k.p.i.IntermediateProofReplayer Proof replay took 5.4ns 
46930      INFO  main            d.u.i.k.p.r.p.TestFile    ... finished proof: closed. 
47078      INFO  main            d.u.i.k.p.i.AbstractProblemLoader Loading environment from /home/runner/work/key/key/key.core/../key.ui/examples/heap/comprehensions/bsum_neg2.key.proof 
47078      DEBUG main            d.u.i.k.p.i.AbstractProblemLoader Environment load took 172ns 
47079      INFO  main            d.u.i.k.p.i.AbstractProblemLoader Creating init config 
49322      DEBUG main            d.u.i.k.p.i.AbstractProblemLoader Init config took 2.24s 
49337      INFO  main            d.u.i.k.p.i.AbstractProblemLoader Replaying proof bsum_neg2.key.proof 
49339      DEBUG main            d.u.i.k.p.i.IntermediateProofReplayer Proof replay took 572.2ns 
49340      DEBUG main            d.u.i.k.p.r.p.TestFile    ... success: reloaded. 
49340      INFO  main            d.u.i.k.p.r.p.TestFile    Now processing file /home/runner/work/key/key/key.core/../key.ui/examples/heap/comprehensions/bsumSplit.key 
49341      INFO  main            d.u.i.k.p.i.AbstractProblemLoader Loading environment from /home/runner/work/key/key/key.core/../key.ui/examples/heap/comprehensions/bsumSplit.key 
49341      DEBUG main            d.u.i.k.p.i.AbstractProblemLoader Environment load took 59.1ns 
49341      INFO  main            d.u.i.k.p.i.AbstractProblemLoader Creating init config 
51622      DEBUG main            d.u.i.k.p.i.AbstractProblemLoader Init config took 2.28s 
51646      INFO  main            d.u.i.k.p.i.AbstractProblemLoader Replaying proof bsumSplit.key 
51647      DEBUG main            d.u.i.k.p.i.IntermediateProofReplayer Proof replay took 5.6ns 
51749      INFO  main            d.u.i.k.p.r.p.TestFile    ... finished proof: closed. 
51901      INFO  main            d.u.i.k.p.i.AbstractProblemLoader Loading environment from /home/runner/work/key/key/key.core/../key.ui/examples/heap/comprehensions/bsumSplit.key.proof 
51901      DEBUG main            d.u.i.k.p.i.AbstractProblemLoader Environment load took 105.6ns 
51902      INFO  main            d.u.i.k.p.i.AbstractProblemLoader Creating init config 
54143      DEBUG main            d.u.i.k.p.i.AbstractProblemLoader Init config took 2.24s 
54159      INFO  main            d.u.i.k.p.i.AbstractProblemLoader Replaying proof bsumSplit.key.proof 
54164      DEBUG main            d.u.i.k.p.i.IntermediateProofReplayer Proof replay took 3.23ms 
54164      DEBUG main            d.u.i.k.p.r.p.TestFile    ... success: reloaded. 
54165      INFO  main            d.u.i.k.p.r.p.TestFile    Now processing file /home/runner/work/key/key/key.core/../key.ui/examples/heap/comprehensions/bprodSplit.key 
54165      INFO  main            d.u.i.k.p.i.AbstractProblemLoader Loading environment from /home/runner/work/key/key/key.core/../key.ui/examples/heap/comprehensions/bprodSplit.key 
54165      DEBUG main            d.u.i.k.p.i.AbstractProblemLoader Environment load took 48.5ns 
54166      INFO  main            d.u.i.k.p.i.AbstractProblemLoader Creating init config 
56461      DEBUG main            d.u.i.k.p.i.AbstractProblemLoader Init config took 2.29s 
56475      INFO  main            d.u.i.k.p.i.AbstractProblemLoader Replaying proof bprodSplit.key 
56476      DEBUG main            d.u.i.k.p.i.IntermediateProofReplayer Proof replay took 5.9ns 
56581      INFO  main            d.u.i.k.p.r.p.TestFile    ... finished proof: closed. 
56742      INFO  main            d.u.i.k.p.i.AbstractProblemLoader Loading environment from /home/runner/work/key/key/key.core/../key.ui/examples/heap/comprehensions/bprodSplit.key.proof 
56742      DEBUG main            d.u.i.k.p.i.AbstractProblemLoader Environment load took 109.4ns 
56743      INFO  main            d.u.i.k.p.i.AbstractProblemLoader Creating init config 
58987      DEBUG main            d.u.i.k.p.i.AbstractProblemLoader Init config took 2.24s 
59004      INFO  main            d.u.i.k.p.i.AbstractProblemLoader Replaying proof bprodSplit.key.proof 
59007      DEBUG main            d.u.i.k.p.i.IntermediateProofReplayer Proof replay took 2.24ms 
59009      DEBUG main            d.u.i.k.p.r.p.TestFile    ... success: reloaded. 
59009      INFO  main            d.u.i.k.p.r.p.TestFile    Now processing file /home/runner/work/key/key/key.core/../key.ui/examples/heap/comprehensions/bsumSplitInvalid.key 
59010      INFO  main            d.u.i.k.p.i.AbstractProblemLoader Loading environment from /home/runner/work/key/key/key.core/../key.ui/examples/heap/comprehensions/bsumSplitInvalid.key 
59010      DEBUG main            d.u.i.k.p.i.AbstractProblemLoader Environment load took 294.8ns 
59011      INFO  main            d.u.i.k.p.i.AbstractProblemLoader Creating init config 
61303      DEBUG main            d.u.i.k.p.i.AbstractProblemLoader Init config took 2.29s 
61324      INFO  main            d.u.i.k.p.i.AbstractProblemLoader Replaying proof bsumSplitInvalid.key 
61325      DEBUG main            d.u.i.k.p.i.IntermediateProofReplayer Proof replay took 7.1ns 
61434      INFO  main            d.u.i.k.p.r.p.TestFile    ... finished proof: open goal(s) 
138638     INFO  Test worker     d.u.i.k.p.r.RunAllProofsTestUnit Returning from test comprehensions 
138640     INFO  Test worker     d.u.i.k.p.r.RunAllProofsTestUnit Running test performance 
324        INFO  Timeout watchdog d.u.i.k.p.r.p.ForkedTestFileRunner Timeout watcher launched (2000 secs.) 
340        WARN  main            d.u.i.k.s.ProofSettings   The settings in /home/runner/.key/proof-settings.props are *not* read. 
370        INFO  main            d.u.i.k.p.r.p.TestFile    Now processing file /home/runner/work/key/key/key.core/../key.ui/examples/performance-test/Disjoint(Disjoint__disjoint_08()).JML_operation_contract.0.key 
472        INFO  main            d.u.i.k.p.i.AbstractProblemLoader Loading environment from /home/runner/work/key/key/key.core/../key.ui/examples/performance-test/Disjoint(Disjoint__disjoint_08()).JML_operation_contract.0.key 
493        DEBUG main            d.u.i.k.p.i.AbstractProblemLoader Environment load took 2.2ms 
710        INFO  main            d.u.i.k.p.i.AbstractProblemLoader Creating init config 
1544       DEBUG main            d.u.i.k.j.TypeConverter   No LDT found for Meta 
1545       DEBUG main            d.u.i.k.j.TypeConverter   No LDT found for Meta 
1549       DEBUG main            d.u.i.k.j.TypeConverter   No LDT found for Meta 
1549       DEBUG main            d.u.i.k.j.TypeConverter   No LDT found for Meta 
2678       DEBUG main            d.u.i.k.j.TypeConverter   No LDT found for JavaBigintExpression 
8336       DEBUG main            d.u.i.k.j.r.ClassPreparationMethodBuilder clPrepBuilder: Inner Class detected. Reject building class initialisation methods. 
16207      DEBUG main            d.u.i.k.p.i.AbstractProblemLoader Init config took 15.5s 
16451      INFO  main            d.u.i.k.p.i.AbstractProblemLoader Replaying proof Disjoint[Disjoint::disjoint_8()].JML operation contract.0 
16513      DEBUG main            d.u.i.k.p.i.IntermediateProofReplayer Proof replay took 296.4ns 
19276      INFO  main            d.u.i.k.p.r.p.TestFile    ... finished proof: closed. 
19462      INFO  main            d.u.i.k.p.i.AbstractProblemLoader Loading environment from /home/runner/work/key/key/key.core/../key.ui/examples/performance-test/Disjoint(Disjoint__disjoint_08()).JML_operation_contract.0.key.proof 
19463      DEBUG main            d.u.i.k.p.i.AbstractProblemLoader Environment load took 1.54ms 
19465      INFO  main            d.u.i.k.p.i.AbstractProblemLoader Creating init config 
22549      DEBUG main            d.u.i.k.j.r.ClassPreparationMethodBuilder clPrepBuilder: Inner Class detected. Reject building class initialisation methods. 
29555      DEBUG main            d.u.i.k.p.i.AbstractProblemLoader Init config took 10.09s 
29656      INFO  main            d.u.i.k.p.i.AbstractProblemLoader Replaying proof Disjoint[Disjoint::disjoint_8()].JML operation contract.0 
29942      DEBUG main            d.u.i.k.p.i.IntermediateProofReplayer Proof replay took 274.4ms 
29949      DEBUG main            d.u.i.k.p.r.p.TestFile    ... success: reloaded. 
29951      INFO  main            d.u.i.k.p.r.p.TestFile    Now processing file /home/runner/work/key/key/key.core/../key.ui/examples/performance-test/Disjoint(Disjoint__disjoint2_08()).JML_operation_contract.0.key 
29952      INFO  main            d.u.i.k.p.i.AbstractProblemLoader Loading environment from /home/runner/work/key/key/key.core/../key.ui/examples/performance-test/Disjoint(Disjoint__disjoint2_08()).JML_operation_contract.0.key 
29952      DEBUG main            d.u.i.k.p.i.AbstractProblemLoader Environment load took 333.8ns 
29954      INFO  main            d.u.i.k.p.i.AbstractProblemLoader Creating init config 
33004      DEBUG main            d.u.i.k.j.r.ClassPreparationMethodBuilder clPrepBuilder: Inner Class detected. Reject building class initialisation methods. 
39896      DEBUG main            d.u.i.k.p.i.AbstractProblemLoader Init config took 9.94s 
40003      INFO  main            d.u.i.k.p.i.AbstractProblemLoader Replaying proof Disjoint[Disjoint::disjoint2_8()].JML operation contract.0 
40006      DEBUG main            d.u.i.k.p.i.IntermediateProofReplayer Proof replay took 16.7ns 
41010      INFO  main            d.u.i.k.p.r.p.TestFile    ... finished proof: closed. 
41282      INFO  main            d.u.i.k.p.i.AbstractProblemLoader Loading environment from /home/runner/work/key/key/key.core/../key.ui/examples/performance-test/Disjoint(Disjoint__disjoint2_08()).JML_operation_contract.0.key.proof 
41285      DEBUG main            d.u.i.k.p.i.AbstractProblemLoader Environment load took 2.34ms 
41288      INFO  main            d.u.i.k.p.i.AbstractProblemLoader Creating init config 
44218      DEBUG main            d.u.i.k.j.r.ClassPreparationMethodBuilder clPrepBuilder: Inner Class detected. Reject building class initialisation methods. 
51009      DEBUG main            d.u.i.k.p.i.AbstractProblemLoader Init config took 9.72s 
51094      INFO  main            d.u.i.k.p.i.AbstractProblemLoader Replaying proof Disjoint[Disjoint::disjoint2_8()].JML operation contract.0 
51165      DEBUG main            d.u.i.k.p.i.IntermediateProofReplayer Proof replay took 66.62ms 
51168      DEBUG main            d.u.i.k.p.r.p.TestFile    ... success: reloaded. 
51174      INFO  main            d.u.i.k.p.r.p.TestFile    Now processing file /home/runner/work/key/key/key.core/../key.ui/examples/performance-test/AccessChain1(AccessChain1__foo_08()).JML_operation_contract.0.key 
51174      INFO  main            d.u.i.k.p.i.AbstractProblemLoader Loading environment from /home/runner/work/key/key/key.core/../key.ui/examples/performance-test/AccessChain1(AccessChain1__foo_08()).JML_operation_contract.0.key 
51175      DEBUG main            d.u.i.k.p.i.AbstractProblemLoader Environment load took 314.5ns 
51177      INFO  main            d.u.i.k.p.i.AbstractProblemLoader Creating init config 
54126      DEBUG main            d.u.i.k.j.r.ClassPreparationMethodBuilder clPrepBuilder: Inner Class detected. Reject building class initialisation methods. 
60848      DEBUG main            d.u.i.k.p.i.AbstractProblemLoader Init config took 9.67s 
60930      INFO  main            d.u.i.k.p.i.AbstractProblemLoader Replaying proof AccessChain1[AccessChain1::foo_8()].JML operation contract.0 
60932      DEBUG main            d.u.i.k.p.i.IntermediateProofReplayer Proof replay took 9.7ns 
63343      INFO  main            d.u.i.k.p.r.p.TestFile    ... finished proof: closed. 
63644      INFO  main            d.u.i.k.p.i.AbstractProblemLoader Loading environment from /home/runner/work/key/key/key.core/../key.ui/examples/performance-test/AccessChain1(AccessChain1__foo_08()).JML_operation_contract.0.key.proof 
63651      DEBUG main            d.u.i.k.p.i.AbstractProblemLoader Environment load took 6.73ms 
63653      INFO  main            d.u.i.k.p.i.AbstractProblemLoader Creating init config 
66518      DEBUG main            d.u.i.k.j.r.ClassPreparationMethodBuilder clPrepBuilder: Inner Class detected. Reject building class initialisation methods. 
73222      DEBUG main            d.u.i.k.p.i.AbstractProblemLoader Init config took 9.57s 
73308      INFO  main            d.u.i.k.p.i.AbstractProblemLoader Replaying proof AccessChain1[AccessChain1::foo_8()].JML operation contract.0 
73691      DEBUG main            d.u.i.k.p.i.IntermediateProofReplayer Proof replay took 367.75ms 
73697      DEBUG main            d.u.i.k.p.r.p.TestFile    ... success: reloaded. 
73701      INFO  main            d.u.i.k.p.r.p.TestFile    Now processing file /home/runner/work/key/key/key.core/../key.ui/examples/performance-test/AccessChain4(AccessChain4__foo_08()).JML_operation_contract.0.key 
73701      INFO  main            d.u.i.k.p.i.AbstractProblemLoader Loading environment from /home/runner/work/key/key/key.core/../key.ui/examples/performance-test/AccessChain4(AccessChain4__foo_08()).JML_operation_contract.0.key 
73701      DEBUG main            d.u.i.k.p.i.AbstractProblemLoader Environment load took 115.9ns 
73702      INFO  main            d.u.i.k.p.i.AbstractProblemLoader Creating init config 
76656      DEBUG main            d.u.i.k.j.r.ClassPreparationMethodBuilder clPrepBuilder: Inner Class detected. Reject building class initialisation methods. 
83373      DEBUG main            d.u.i.k.p.i.AbstractProblemLoader Init config took 9.67s 
83457      INFO  main            d.u.i.k.p.i.AbstractProblemLoader Replaying proof AccessChain4[AccessChain4::foo_8()].JML operation contract.0 
83459      DEBUG main            d.u.i.k.p.i.IntermediateProofReplayer Proof replay took 9.1ns 
89607      INFO  main            d.u.i.k.p.r.p.TestFile    ... finished proof: closed. 
89957      INFO  main            d.u.i.k.p.i.AbstractProblemLoader Loading environment from /home/runner/work/key/key/key.core/../key.ui/examples/performance-test/AccessChain4(AccessChain4__foo_08()).JML_operation_contract.0.key.proof 
89958      DEBUG main            d.u.i.k.p.i.AbstractProblemLoader Environment load took 572.4ns 
89968      INFO  main            d.u.i.k.p.i.AbstractProblemLoader Creating init config 
92848      DEBUG main            d.u.i.k.j.r.ClassPreparationMethodBuilder clPrepBuilder: Inner Class detected. Reject building class initialisation methods. 
99559      DEBUG main            d.u.i.k.p.i.AbstractProblemLoader Init config took 9.59s 
99642      INFO  main            d.u.i.k.p.i.AbstractProblemLoader Replaying proof AccessChain4[AccessChain4::foo_8()].JML operation contract.0 
100291     DEBUG main            d.u.i.k.p.i.IntermediateProofReplayer Proof replay took 614.43ms 
100293     DEBUG main            d.u.i.k.p.r.p.TestFile    ... success: reloaded. 
100295     INFO  main            d.u.i.k.p.r.p.TestFile    Now processing file /home/runner/work/key/key/key.core/../key.ui/examples/performance-test/Disjoint(Disjoint__xZero_08()).JML_operation_contract.0.key 
100296     INFO  main            d.u.i.k.p.i.AbstractProblemLoader Loading environment from /home/runner/work/key/key/key.core/../key.ui/examples/performance-test/Disjoint(Disjoint__xZero_08()).JML_operation_contract.0.key 
100296     DEBUG main            d.u.i.k.p.i.AbstractProblemLoader Environment load took 284.6ns 
100297     INFO  main            d.u.i.k.p.i.AbstractProblemLoader Creating init config 
103271     DEBUG main            d.u.i.k.j.r.ClassPreparationMethodBuilder clPrepBuilder: Inner Class detected. Reject building class initialisation methods. 
110015     DEBUG main            d.u.i.k.p.i.AbstractProblemLoader Init config took 9.72s 
110092     INFO  main            d.u.i.k.p.i.AbstractProblemLoader Replaying proof Disjoint[Disjoint::xZero_8()].JML operation contract.0 
110094     DEBUG main            d.u.i.k.p.i.IntermediateProofReplayer Proof replay took 9.5ns 
111099     INFO  main            d.u.i.k.p.r.p.TestFile    ... finished proof: closed. 
111464     INFO  main            d.u.i.k.p.i.AbstractProblemLoader Loading environment from /home/runner/work/key/key/key.core/../key.ui/examples/performance-test/Disjoint(Disjoint__xZero_08()).JML_operation_contract.0.key.proof 
111464     DEBUG main            d.u.i.k.p.i.AbstractProblemLoader Environment load took 545.9ns 
111465     INFO  main            d.u.i.k.p.i.AbstractProblemLoader Creating init config 
114314     DEBUG main            d.u.i.k.j.r.ClassPreparationMethodBuilder clPrepBuilder: Inner Class detected. Reject building class initialisation methods. 
120995     DEBUG main            d.u.i.k.p.i.AbstractProblemLoader Init config took 9.53s 
121095     INFO  main            d.u.i.k.p.i.AbstractProblemLoader Replaying proof Disjoint[Disjoint::xZero_8()].JML operation contract.0 
121257     DEBUG main            d.u.i.k.p.i.IntermediateProofReplayer Proof replay took 154.64ms 
121259     DEBUG main            d.u.i.k.p.r.p.TestFile    ... success: reloaded. 
121260     INFO  main            d.u.i.k.p.r.p.TestFile    Now processing file /home/runner/work/key/key/key.core/../key.ui/examples/performance-test/Dynamic(Dynamic__foo_08()).JML_operation_contract.0.key 
121260     INFO  main            d.u.i.k.p.i.AbstractProblemLoader Loading environment from /home/runner/work/key/key/key.core/../key.ui/examples/performance-test/Dynamic(Dynamic__foo_08()).JML_operation_contract.0.key 
121260     DEBUG main            d.u.i.k.p.i.AbstractProblemLoader Environment load took 62.9ns 
121261     INFO  main            d.u.i.k.p.i.AbstractProblemLoader Creating init config 
124189     DEBUG main            d.u.i.k.j.r.ClassPreparationMethodBuilder clPrepBuilder: Inner Class detected. Reject building class initialisation methods. 
130862     DEBUG main            d.u.i.k.p.i.AbstractProblemLoader Init config took 9.6s 
130939     INFO  main            d.u.i.k.p.i.AbstractProblemLoader Replaying proof Dynamic[Dynamic::foo_8()].JML operation contract.0 
130941     DEBUG main            d.u.i.k.p.i.IntermediateProofReplayer Proof replay took 9.8ns 
136574     INFO  main            d.u.i.k.p.r.p.TestFile    ... finished proof: closed. 
136924     INFO  main            d.u.i.k.p.i.AbstractProblemLoader Loading environment from /home/runner/work/key/key/key.core/../key.ui/examples/performance-test/Dynamic(Dynamic__foo_08()).JML_operation_contract.0.key.proof 
136925     DEBUG main            d.u.i.k.p.i.AbstractProblemLoader Environment load took 194.6ns 
136926     INFO  main            d.u.i.k.p.i.AbstractProblemLoader Creating init config 
139763     DEBUG main            d.u.i.k.j.r.ClassPreparationMethodBuilder clPrepBuilder: Inner Class detected. Reject building class initialisation methods. 
146475     DEBUG main            d.u.i.k.p.i.AbstractProblemLoader Init config took 9.55s 
146565     INFO  main            d.u.i.k.p.i.AbstractProblemLoader Replaying proof Dynamic[Dynamic::foo_8()].JML operation contract.0 
146977     DEBUG main            d.u.i.k.p.i.IntermediateProofReplayer Proof replay took 388.01ms 
146979     DEBUG main            d.u.i.k.p.r.p.TestFile    ... success: reloaded. 
146981     INFO  main            d.u.i.k.p.r.p.TestFile    Now processing file /home/runner/work/key/key/key.core/../key.ui/examples/performance-test/DynamicGhost(DynamicGhost__dynamicGhost_08()).JML_normal_behavior_operation_contract.0.key 
146981     INFO  main            d.u.i.k.p.i.AbstractProblemLoader Loading environment from /home/runner/work/key/key/key.core/../key.ui/examples/performance-test/DynamicGhost(DynamicGhost__dynamicGhost_08()).JML_normal_behavior_operation_contract.0.key 
146981     DEBUG main            d.u.i.k.p.i.AbstractProblemLoader Environment load took 269ns 
146982     INFO  main            d.u.i.k.p.i.AbstractProblemLoader Creating init config 
149949     DEBUG main            d.u.i.k.j.r.ClassPreparationMethodBuilder clPrepBuilder: Inner Class detected. Reject building class initialisation methods. 
156604     DEBUG main            d.u.i.k.p.i.AbstractProblemLoader Init config took 9.62s 
156694     INFO  main            d.u.i.k.p.i.AbstractProblemLoader Replaying proof DynamicGhost[DynamicGhost::dynamicGhost_8()].JML normal_behavior operation contract.0 
156696     DEBUG main            d.u.i.k.p.i.IntermediateProofReplayer Proof replay took 9.3ns 
161011     INFO  main            d.u.i.k.p.r.p.TestFile    ... finished proof: closed. 
161394     INFO  main            d.u.i.k.p.i.AbstractProblemLoader Loading environment from /home/runner/work/key/key/key.core/../key.ui/examples/performance-test/DynamicGhost(DynamicGhost__dynamicGhost_08()).JML_normal_behavior_operation_contract.0.key.proof 
161395     DEBUG main            d.u.i.k.p.i.AbstractProblemLoader Environment load took 531ns 
161397     INFO  main            d.u.i.k.p.i.AbstractProblemLoader Creating init config 
164237     DEBUG main            d.u.i.k.j.r.ClassPreparationMethodBuilder clPrepBuilder: Inner Class detected. Reject building class initialisation methods. 
170927     DEBUG main            d.u.i.k.p.i.AbstractProblemLoader Init config took 9.53s 
171010     INFO  main            d.u.i.k.p.i.AbstractProblemLoader Replaying proof DynamicGhost[DynamicGhost::dynamicGhost_8()].JML normal_behavior operation contract.0 
171452     DEBUG main            d.u.i.k.p.i.IntermediateProofReplayer Proof replay took 419.13ms 
171454     DEBUG main            d.u.i.k.p.r.p.TestFile    ... success: reloaded. 
171456     INFO  main            d.u.i.k.p.r.p.TestFile    Now processing file /home/runner/work/key/key/key.core/../key.ui/examples/performance-test/GhostFrame(GhostFrame__foo_08()).JML_operation_contract.0.key 
171456     INFO  main            d.u.i.k.p.i.AbstractProblemLoader Loading environment from /home/runner/work/key/key/key.core/../key.ui/examples/performance-test/GhostFrame(GhostFrame__foo_08()).JML_operation_contract.0.key 
171457     DEBUG main            d.u.i.k.p.i.AbstractProblemLoader Environment load took 294.6ns 
171457     INFO  main            d.u.i.k.p.i.AbstractProblemLoader Creating init config 
174400     DEBUG main            d.u.i.k.j.r.ClassPreparationMethodBuilder clPrepBuilder: Inner Class detected. Reject building class initialisation methods. 
181199     DEBUG main            d.u.i.k.p.i.AbstractProblemLoader Init config took 9.74s 
181278     INFO  main            d.u.i.k.p.i.AbstractProblemLoader Replaying proof GhostFrame[GhostFrame::foo_8()].JML operation contract.0 
181280     DEBUG main            d.u.i.k.p.i.IntermediateProofReplayer Proof replay took 12.2ns 
183325     INFO  main            d.u.i.k.p.r.p.TestFile    ... finished proof: closed. 
183735     INFO  main            d.u.i.k.p.i.AbstractProblemLoader Loading environment from /home/runner/work/key/key/key.core/../key.ui/examples/performance-test/GhostFrame(GhostFrame__foo_08()).JML_operation_contract.0.key.proof 
183736     DEBUG main            d.u.i.k.p.i.AbstractProblemLoader Environment load took 523.8ns 
183744     INFO  main            d.u.i.k.p.i.AbstractProblemLoader Creating init config 
186627     DEBUG main            d.u.i.k.j.r.ClassPreparationMethodBuilder clPrepBuilder: Inner Class detected. Reject building class initialisation methods. 
193273     DEBUG main            d.u.i.k.p.i.AbstractProblemLoader Init config took 9.53s 
193348     INFO  main            d.u.i.k.p.i.AbstractProblemLoader Replaying proof GhostFrame[GhostFrame::foo_8()].JML operation contract.0 
193625     DEBUG main            d.u.i.k.p.i.IntermediateProofReplayer Proof replay took 268.6ms 
193627     DEBUG main            d.u.i.k.p.r.p.TestFile    ... success: reloaded. 
193628     INFO  main            d.u.i.k.p.r.p.TestFile    Now processing file /home/runner/work/key/key/key.core/../key.ui/examples/performance-test/Modelfield(Modelfield__foo_08()).JML_operation_contract.0.key 
193629     INFO  main            d.u.i.k.p.i.AbstractProblemLoader Loading environment from /home/runner/work/key/key/key.core/../key.ui/examples/performance-test/Modelfield(Modelfield__foo_08()).JML_operation_contract.0.key 
193629     DEBUG main            d.u.i.k.p.i.AbstractProblemLoader Environment load took 97.7ns 
193629     INFO  main            d.u.i.k.p.i.AbstractProblemLoader Creating init config 
196518     DEBUG main            d.u.i.k.j.r.ClassPreparationMethodBuilder clPrepBuilder: Inner Class detected. Reject building class initialisation methods. 
203245     DEBUG main            d.u.i.k.p.i.AbstractProblemLoader Init config took 9.62s 
203320     INFO  main            d.u.i.k.p.i.AbstractProblemLoader Replaying proof Modelfield[Modelfield::foo_8()].JML operation contract.0 
203322     DEBUG main            d.u.i.k.p.i.IntermediateProofReplayer Proof replay took 5.3ns 
206436     INFO  main            d.u.i.k.p.r.p.TestFile    ... finished proof: closed. 
206834     INFO  main            d.u.i.k.p.i.AbstractProblemLoader Loading environment from /home/runner/work/key/key/key.core/../key.ui/examples/performance-test/Modelfield(Modelfield__foo_08()).JML_operation_contract.0.key.proof 
206834     DEBUG main            d.u.i.k.p.i.AbstractProblemLoader Environment load took 105.6ns 
206835     INFO  main            d.u.i.k.p.i.AbstractProblemLoader Creating init config 
209649     DEBUG main            d.u.i.k.j.r.ClassPreparationMethodBuilder clPrepBuilder: Inner Class detected. Reject building class initialisation methods. 
216321     DEBUG main            d.u.i.k.p.i.AbstractProblemLoader Init config took 9.49s 
216396     INFO  main            d.u.i.k.p.i.AbstractProblemLoader Replaying proof Modelfield[Modelfield::foo_8()].JML operation contract.0 
216687     DEBUG main            d.u.i.k.p.i.IntermediateProofReplayer Proof replay took 276.78ms 
216688     DEBUG main            d.u.i.k.p.r.p.TestFile    ... success: reloaded. 
355487     INFO  Test worker     d.u.i.k.p.r.RunAllProofsTestUnit Returning from test performance 
355490     INFO  Test worker     d.u.i.k.p.r.RunAllProofsTestUnit Running test performancePOConstruction 
314        INFO  Timeout watchdog d.u.i.k.p.r.p.ForkedTestFileRunner Timeout watcher launched (2000 secs.) 
323        WARN  main            d.u.i.k.s.ProofSettings   The settings in /home/runner/.key/proof-settings.props are *not* read. 
369        INFO  main            d.u.i.k.p.r.p.TestFile    Now processing file /home/runner/work/key/key/key.core/../key.ui/examples/performance-test/Test(Test__a0(int)).JML_normal_behavior_operation_contract.0.key 
495        INFO  main            d.u.i.k.p.i.AbstractProblemLoader Loading environment from /home/runner/work/key/key/key.core/../key.ui/examples/performance-test/Test(Test__a0(int)).JML_normal_behavior_operation_contract.0.key 
511        DEBUG main            d.u.i.k.p.i.AbstractProblemLoader Environment load took 2.18ms 
724        INFO  main            d.u.i.k.p.i.AbstractProblemLoader Creating init config 
1630       DEBUG main            d.u.i.k.j.TypeConverter   No LDT found for Meta 
1630       DEBUG main            d.u.i.k.j.TypeConverter   No LDT found for Meta 
1637       DEBUG main            d.u.i.k.j.TypeConverter   No LDT found for Meta 
1637       DEBUG main            d.u.i.k.j.TypeConverter   No LDT found for Meta 
2788       DEBUG main            d.u.i.k.j.TypeConverter   No LDT found for JavaBigintExpression 
8098       DEBUG main            d.u.i.k.j.r.ClassPreparationMethodBuilder clPrepBuilder: Inner Class detected. Reject building class initialisation methods. 
15786      DEBUG main            d.u.i.k.p.i.AbstractProblemLoader Init config took 15.06s 
16676      INFO  main            d.u.i.k.p.i.AbstractProblemLoader Replaying proof Test[Test::a0(int)].JML normal_behavior operation contract.0 
16747      DEBUG main            d.u.i.k.p.i.IntermediateProofReplayer Proof replay took 33.9ns 
17118      INFO  main            d.u.i.k.p.r.p.TestFile    ... finished proof: closed. 
17260      INFO  main            d.u.i.k.p.i.AbstractProblemLoader Loading environment from /home/runner/work/key/key/key.core/../key.ui/examples/performance-test/Test(Test__a0(int)).JML_normal_behavior_operation_contract.0.key.proof 
17260      DEBUG main            d.u.i.k.p.i.AbstractProblemLoader Environment load took 124.9ns 
17267      INFO  main            d.u.i.k.p.i.AbstractProblemLoader Creating init config 
20414      DEBUG main            d.u.i.k.j.r.ClassPreparationMethodBuilder clPrepBuilder: Inner Class detected. Reject building class initialisation methods. 
27600      DEBUG main            d.u.i.k.p.i.AbstractProblemLoader Init config took 10.33s 
28277      INFO  main            d.u.i.k.p.i.AbstractProblemLoader Replaying proof Test[Test::a0(int)].JML normal_behavior operation contract.0 
28298      DEBUG main            d.u.i.k.p.i.IntermediateProofReplayer Proof replay took 17.08ms 
28308      DEBUG main            d.u.i.k.p.r.p.TestFile    ... success: reloaded. 
28310      INFO  main            d.u.i.k.p.r.p.TestFile    Now processing file /home/runner/work/key/key/key.core/../key.ui/examples/performance-test/Test(Test__a1(int)).JML_normal_behavior_operation_contract.0.key 
28310      INFO  main            d.u.i.k.p.i.AbstractProblemLoader Loading environment from /home/runner/work/key/key/key.core/../key.ui/examples/performance-test/Test(Test__a1(int)).JML_normal_behavior_operation_contract.0.key 
28311      DEBUG main            d.u.i.k.p.i.AbstractProblemLoader Environment load took 270ns 
28312      INFO  main            d.u.i.k.p.i.AbstractProblemLoader Creating init config 
31256      DEBUG main            d.u.i.k.j.r.ClassPreparationMethodBuilder clPrepBuilder: Inner Class detected. Reject building class initialisation methods. 
38143      DEBUG main            d.u.i.k.p.i.AbstractProblemLoader Init config took 9.83s 
38812      INFO  main            d.u.i.k.p.i.AbstractProblemLoader Replaying proof Test[Test::a1(int)].JML normal_behavior operation contract.0 
38814      DEBUG main            d.u.i.k.p.i.IntermediateProofReplayer Proof replay took 6.7ns 
39118      INFO  main            d.u.i.k.p.r.p.TestFile    ... finished proof: closed. 
39364      INFO  main            d.u.i.k.p.i.AbstractProblemLoader Loading environment from /home/runner/work/key/key/key.core/../key.ui/examples/performance-test/Test(Test__a1(int)).JML_normal_behavior_operation_contract.0.key.proof 
39366      DEBUG main            d.u.i.k.p.i.AbstractProblemLoader Environment load took 1.78ms 
39370      INFO  main            d.u.i.k.p.i.AbstractProblemLoader Creating init config 
42297      DEBUG main            d.u.i.k.j.r.ClassPreparationMethodBuilder clPrepBuilder: Inner Class detected. Reject building class initialisation methods. 
49069      DEBUG main            d.u.i.k.p.i.AbstractProblemLoader Init config took 9.7s 
49723      INFO  main            d.u.i.k.p.i.AbstractProblemLoader Replaying proof Test[Test::a1(int)].JML normal_behavior operation contract.0 
49781      DEBUG main            d.u.i.k.p.i.IntermediateProofReplayer Proof replay took 53.22ms 
49782      DEBUG main            d.u.i.k.p.r.p.TestFile    ... success: reloaded. 
49784      INFO  main            d.u.i.k.p.r.p.TestFile    Now processing file /home/runner/work/key/key/key.core/../key.ui/examples/performance-test/Test(Test__f1(int)).JML_normal_behavior_operation_contract.0.key 
49795      INFO  main            d.u.i.k.p.i.AbstractProblemLoader Loading environment from /home/runner/work/key/key/key.core/../key.ui/examples/performance-test/Test(Test__f1(int)).JML_normal_behavior_operation_contract.0.key 
49796      DEBUG main            d.u.i.k.p.i.AbstractProblemLoader Environment load took 327ns 
49797      INFO  main            d.u.i.k.p.i.AbstractProblemLoader Creating init config 
52717      DEBUG main            d.u.i.k.j.r.ClassPreparationMethodBuilder clPrepBuilder: Inner Class detected. Reject building class initialisation methods. 
59469      DEBUG main            d.u.i.k.p.i.AbstractProblemLoader Init config took 9.67s 
60095      INFO  main            d.u.i.k.p.i.AbstractProblemLoader Replaying proof Test[Test::f1(int)].JML normal_behavior operation contract.0 
60097      DEBUG main            d.u.i.k.p.i.IntermediateProofReplayer Proof replay took 5.2ns 
60303      INFO  main            d.u.i.k.p.r.p.TestFile    ... finished proof: closed. 
60586      INFO  main            d.u.i.k.p.i.AbstractProblemLoader Loading environment from /home/runner/work/key/key/key.core/../key.ui/examples/performance-test/Test(Test__f1(int)).JML_normal_behavior_operation_contract.0.key.proof 
60588      DEBUG main            d.u.i.k.p.i.AbstractProblemLoader Environment load took 1.57ms 
60589      INFO  main            d.u.i.k.p.i.AbstractProblemLoader Creating init config 
63453      DEBUG main            d.u.i.k.j.r.ClassPreparationMethodBuilder clPrepBuilder: Inner Class detected. Reject building class initialisation methods. 
70155      DEBUG main            d.u.i.k.p.i.AbstractProblemLoader Init config took 9.57s 
70770      INFO  main            d.u.i.k.p.i.AbstractProblemLoader Replaying proof Test[Test::f1(int)].JML normal_behavior operation contract.0 
70810      DEBUG main            d.u.i.k.p.i.IntermediateProofReplayer Proof replay took 37.15ms 
70812      DEBUG main            d.u.i.k.p.r.p.TestFile    ... success: reloaded. 
426487     INFO  Test worker     d.u.i.k.p.r.RunAllProofsTestUnit Returning from test performancePOConstruction 
426489     INFO  Test worker     d.u.i.k.p.r.RunAllProofsTestUnit Running test applicationRestrictions 
347        INFO  Timeout watchdog d.u.i.k.p.r.p.ForkedTestFileRunner Timeout watcher launched (2000 secs.) 
360        WARN  main            d.u.i.k.s.ProofSettings   The settings in /home/runner/.key/proof-settings.props are *not* read. 
433        INFO  main            d.u.i.k.p.r.p.TestFile    Now processing file /home/runner/work/key/key/key.core/../key.ui/examples/heap/polarity_tests/wellformed1.key 
555        INFO  main            d.u.i.k.p.i.AbstractProblemLoader Loading environment from /home/runner/work/key/key/key.core/../key.ui/examples/heap/polarity_tests/wellformed1.key 
580        DEBUG main            d.u.i.k.p.i.AbstractProblemLoader Environment load took 2.18ms 
830        INFO  main            d.u.i.k.p.i.AbstractProblemLoader Creating init config 
1621       DEBUG main            d.u.i.k.j.TypeConverter   No LDT found for Meta 
1621       DEBUG main            d.u.i.k.j.TypeConverter   No LDT found for Meta 
1622       DEBUG main            d.u.i.k.j.TypeConverter   No LDT found for Meta 
1623       DEBUG main            d.u.i.k.j.TypeConverter   No LDT found for Meta 
2938       DEBUG main            d.u.i.k.j.TypeConverter   No LDT found for JavaBigintExpression 
7640       DEBUG main            d.u.i.k.p.i.AbstractProblemLoader Init config took 6.81s 
7698       INFO  main            d.u.i.k.p.i.AbstractProblemLoader Replaying proof wellformed1.key 
7727       DEBUG main            d.u.i.k.p.i.IntermediateProofReplayer Proof replay took 32.3ns 
7899       INFO  main            d.u.i.k.p.r.p.TestFile    ... finished proof: closed. 
7984       INFO  main            d.u.i.k.p.i.AbstractProblemLoader Loading environment from /home/runner/work/key/key/key.core/../key.ui/examples/heap/polarity_tests/wellformed1.key.proof 
7984       DEBUG main            d.u.i.k.p.i.AbstractProblemLoader Environment load took 128.7ns 
7991       INFO  main            d.u.i.k.p.i.AbstractProblemLoader Creating init config 
10540      DEBUG main            d.u.i.k.p.i.AbstractProblemLoader Init config took 2.55s 
10570      INFO  main            d.u.i.k.p.i.AbstractProblemLoader Replaying proof wellformed1.key.proof 
10576      DEBUG main            d.u.i.k.p.i.IntermediateProofReplayer Proof replay took 2.05ms 
10585      DEBUG main            d.u.i.k.p.r.p.TestFile    ... success: reloaded. 
10587      INFO  main            d.u.i.k.p.r.p.TestFile    Now processing file /home/runner/work/key/key/key.core/../key.ui/examples/heap/polarity_tests/wellformed2.key 
10587      INFO  main            d.u.i.k.p.i.AbstractProblemLoader Loading environment from /home/runner/work/key/key/key.core/../key.ui/examples/heap/polarity_tests/wellformed2.key 
10587      DEBUG main            d.u.i.k.p.i.AbstractProblemLoader Environment load took 252.7ns 
10589      INFO  main            d.u.i.k.p.i.AbstractProblemLoader Creating init config 
13019      DEBUG main            d.u.i.k.p.i.AbstractProblemLoader Init config took 2.43s 
13049      INFO  main            d.u.i.k.p.i.AbstractProblemLoader Replaying proof wellformed2.key 
13051      DEBUG main            d.u.i.k.p.i.IntermediateProofReplayer Proof replay took 5.8ns 
13153      INFO  main            d.u.i.k.p.r.p.TestFile    ... finished proof: open goal(s) 
13270      INFO  main            d.u.i.k.p.r.p.TestFile    Now processing file /home/runner/work/key/key/key.core/../key.ui/examples/heap/polarity_tests/wellformed3.key 
13270      INFO  main            d.u.i.k.p.i.AbstractProblemLoader Loading environment from /home/runner/work/key/key/key.core/../key.ui/examples/heap/polarity_tests/wellformed3.key 
13270      DEBUG main            d.u.i.k.p.i.AbstractProblemLoader Environment load took 70.6ns 
13272      INFO  main            d.u.i.k.p.i.AbstractProblemLoader Creating init config 
15643      DEBUG main            d.u.i.k.p.i.AbstractProblemLoader Init config took 2.37s 
15666      INFO  main            d.u.i.k.p.i.AbstractProblemLoader Replaying proof wellformed3.key 
15668      DEBUG main            d.u.i.k.p.i.IntermediateProofReplayer Proof replay took 5.5ns 
15770      INFO  main            d.u.i.k.p.r.p.TestFile    ... finished proof: closed. 
15911      INFO  main            d.u.i.k.p.i.AbstractProblemLoader Loading environment from /home/runner/work/key/key/key.core/../key.ui/examples/heap/polarity_tests/wellformed3.key.proof 
15912      DEBUG main            d.u.i.k.p.i.AbstractProblemLoader Environment load took 131.2ns 
15913      INFO  main            d.u.i.k.p.i.AbstractProblemLoader Creating init config 
18271      DEBUG main            d.u.i.k.p.i.AbstractProblemLoader Init config took 2.36s 
18292      INFO  main            d.u.i.k.p.i.AbstractProblemLoader Replaying proof wellformed3.key.proof 
18296      DEBUG main            d.u.i.k.p.i.IntermediateProofReplayer Proof replay took 1.73ms 
18297      DEBUG main            d.u.i.k.p.r.p.TestFile    ... success: reloaded. 
18298      INFO  main            d.u.i.k.p.r.p.TestFile    Now processing file /home/runner/work/key/key/key.core/../key.ui/examples/heap/polarity_tests/wellformed4.key 
18298      INFO  main            d.u.i.k.p.i.AbstractProblemLoader Loading environment from /home/runner/work/key/key/key.core/../key.ui/examples/heap/polarity_tests/wellformed4.key 
18299      DEBUG main            d.u.i.k.p.i.AbstractProblemLoader Environment load took 218.4ns 
18300      INFO  main            d.u.i.k.p.i.AbstractProblemLoader Creating init config 
20636      DEBUG main            d.u.i.k.p.i.AbstractProblemLoader Init config took 2.34s 
20655      INFO  main            d.u.i.k.p.i.AbstractProblemLoader Replaying proof wellformed4.key 
20657      DEBUG main            d.u.i.k.p.i.IntermediateProofReplayer Proof replay took 5ns 
20763      INFO  main            d.u.i.k.p.r.p.TestFile    ... finished proof: open goal(s) 
20883      INFO  main            d.u.i.k.p.r.p.TestFile    Now processing file /home/runner/work/key/key/key.core/../key.ui/examples/heap/polarity_tests/wellformed5.key 
20884      INFO  main            d.u.i.k.p.i.AbstractProblemLoader Loading environment from /home/runner/work/key/key/key.core/../key.ui/examples/heap/polarity_tests/wellformed5.key 
20884      DEBUG main            d.u.i.k.p.i.AbstractProblemLoader Environment load took 63.8ns 
20885      INFO  main            d.u.i.k.p.i.AbstractProblemLoader Creating init config 
23231      DEBUG main            d.u.i.k.p.i.AbstractProblemLoader Init config took 2.35s 
23252      INFO  main            d.u.i.k.p.i.AbstractProblemLoader Replaying proof wellformed5.key 
23253      DEBUG main            d.u.i.k.p.i.IntermediateProofReplayer Proof replay took 5.9ns 
23361      INFO  main            d.u.i.k.p.r.p.TestFile    ... finished proof: closed. 
23472      INFO  main            d.u.i.k.p.i.AbstractProblemLoader Loading environment from /home/runner/work/key/key/key.core/../key.ui/examples/heap/polarity_tests/wellformed5.key.proof 
23472      DEBUG main            d.u.i.k.p.i.AbstractProblemLoader Environment load took 110.8ns 
23473      INFO  main            d.u.i.k.p.i.AbstractProblemLoader Creating init config 
25782      DEBUG main            d.u.i.k.p.i.AbstractProblemLoader Init config took 2.31s 
25802      INFO  main            d.u.i.k.p.i.AbstractProblemLoader Replaying proof wellformed5.key.proof 
25805      DEBUG main            d.u.i.k.p.i.IntermediateProofReplayer Proof replay took 956.49ns 
25806      DEBUG main            d.u.i.k.p.r.p.TestFile    ... success: reloaded. 
25807      INFO  main            d.u.i.k.p.r.p.TestFile    Now processing file /home/runner/work/key/key/key.core/../key.ui/examples/heap/polarity_tests/wellformed6.key 
25808      INFO  main            d.u.i.k.p.i.AbstractProblemLoader Loading environment from /home/runner/work/key/key/key.core/../key.ui/examples/heap/polarity_tests/wellformed6.key 
25808      DEBUG main            d.u.i.k.p.i.AbstractProblemLoader Environment load took 223.4ns 
25811      INFO  main            d.u.i.k.p.i.AbstractProblemLoader Creating init config 
28149      DEBUG main            d.u.i.k.p.i.AbstractProblemLoader Init config took 2.34s 
28167      INFO  main            d.u.i.k.p.i.AbstractProblemLoader Replaying proof wellformed6.key 
28169      DEBUG main            d.u.i.k.p.i.IntermediateProofReplayer Proof replay took 6.3ns 
28275      INFO  main            d.u.i.k.p.r.p.TestFile    ... finished proof: open goal(s) 
28414      INFO  main            d.u.i.k.p.r.p.TestFile    Now processing file /home/runner/work/key/key/key.core/../key.ui/examples/heap/polarity_tests/wellformed7.key 
28415      INFO  main            d.u.i.k.p.i.AbstractProblemLoader Loading environment from /home/runner/work/key/key/key.core/../key.ui/examples/heap/polarity_tests/wellformed7.key 
28416      DEBUG main            d.u.i.k.p.i.AbstractProblemLoader Environment load took 95.9ns 
28417      INFO  main            d.u.i.k.p.i.AbstractProblemLoader Creating init config 
30740      DEBUG main            d.u.i.k.p.i.AbstractProblemLoader Init config took 2.32s 
30760      INFO  main            d.u.i.k.p.i.AbstractProblemLoader Replaying proof wellformed7.key 
30761      DEBUG main            d.u.i.k.p.i.IntermediateProofReplayer Proof replay took 6ns 
30863      INFO  main            d.u.i.k.p.r.p.TestFile    ... finished proof: closed. 
30981      INFO  main            d.u.i.k.p.i.AbstractProblemLoader Loading environment from /home/runner/work/key/key/key.core/../key.ui/examples/heap/polarity_tests/wellformed7.key.proof 
30982      DEBUG main            d.u.i.k.p.i.AbstractProblemLoader Environment load took 110.3ns 
30982      INFO  main            d.u.i.k.p.i.AbstractProblemLoader Creating init config 
33271      DEBUG main            d.u.i.k.p.i.AbstractProblemLoader Init config took 2.29s 
33287      INFO  main            d.u.i.k.p.i.AbstractProblemLoader Replaying proof wellformed7.key.proof 
33291      DEBUG main            d.u.i.k.p.i.IntermediateProofReplayer Proof replay took 1.36ms 
33292      DEBUG main            d.u.i.k.p.r.p.TestFile    ... success: reloaded. 
33293      INFO  main            d.u.i.k.p.r.p.TestFile    Now processing file /home/runner/work/key/key/key.core/../key.ui/examples/heap/polarity_tests/wellformed8.key 
33293      INFO  main            d.u.i.k.p.i.AbstractProblemLoader Loading environment from /home/runner/work/key/key/key.core/../key.ui/examples/heap/polarity_tests/wellformed8.key 
33293      DEBUG main            d.u.i.k.p.i.AbstractProblemLoader Environment load took 259.2ns 
33294      INFO  main            d.u.i.k.p.i.AbstractProblemLoader Creating init config 
35616      DEBUG main            d.u.i.k.p.i.AbstractProblemLoader Init config took 2.32s 
35633      INFO  main            d.u.i.k.p.i.AbstractProblemLoader Replaying proof wellformed8.key 
35639      DEBUG main            d.u.i.k.p.i.IntermediateProofReplayer Proof replay took 7.9ns 
35741      INFO  main            d.u.i.k.p.r.p.TestFile    ... finished proof: open goal(s) 
35878      INFO  main            d.u.i.k.p.r.p.TestFile    Now processing file /home/runner/work/key/key/key.core/../key.ui/examples/heap/polarity_tests/wellformed9.key 
35878      INFO  main            d.u.i.k.p.i.AbstractProblemLoader Loading environment from /home/runner/work/key/key/key.core/../key.ui/examples/heap/polarity_tests/wellformed9.key 
35878      DEBUG main            d.u.i.k.p.i.AbstractProblemLoader Environment load took 59.5ns 
35879      INFO  main            d.u.i.k.p.i.AbstractProblemLoader Creating init config 
38147      DEBUG main            d.u.i.k.p.i.AbstractProblemLoader Init config took 2.27s 
38163      INFO  main            d.u.i.k.p.i.AbstractProblemLoader Replaying proof wellformed9.key 
38164      DEBUG main            d.u.i.k.p.i.IntermediateProofReplayer Proof replay took 6.9ns 
38266      INFO  main            d.u.i.k.p.r.p.TestFile    ... finished proof: closed. 
38394      INFO  main            d.u.i.k.p.i.AbstractProblemLoader Loading environment from /home/runner/work/key/key/key.core/../key.ui/examples/heap/polarity_tests/wellformed9.key.proof 
38394      DEBUG main            d.u.i.k.p.i.AbstractProblemLoader Environment load took 119.5ns 
38395      INFO  main            d.u.i.k.p.i.AbstractProblemLoader Creating init config 
40640      DEBUG main            d.u.i.k.p.i.AbstractProblemLoader Init config took 2.24s 
40655      INFO  main            d.u.i.k.p.i.AbstractProblemLoader Replaying proof wellformed9.key.proof 
40658      DEBUG main            d.u.i.k.p.i.IntermediateProofReplayer Proof replay took 1.2ms 
40659      DEBUG main            d.u.i.k.p.r.p.TestFile    ... success: reloaded. 
40659      INFO  main            d.u.i.k.p.r.p.TestFile    Now processing file /home/runner/work/key/key/key.core/../key.ui/examples/heap/polarity_tests/wellformed10.key 
40660      INFO  main            d.u.i.k.p.i.AbstractProblemLoader Loading environment from /home/runner/work/key/key/key.core/../key.ui/examples/heap/polarity_tests/wellformed10.key 
40660      DEBUG main            d.u.i.k.p.i.AbstractProblemLoader Environment load took 96.5ns 
40661      INFO  main            d.u.i.k.p.i.AbstractProblemLoader Creating init config 
42961      DEBUG main            d.u.i.k.p.i.AbstractProblemLoader Init config took 2.3s 
42976      INFO  main            d.u.i.k.p.i.AbstractProblemLoader Replaying proof wellformed10.key 
42977      DEBUG main            d.u.i.k.p.i.IntermediateProofReplayer Proof replay took 6.5ns 
43079      INFO  main            d.u.i.k.p.r.p.TestFile    ... finished proof: open goal(s) 
43221      INFO  main            d.u.i.k.p.r.p.TestFile    Now processing file /home/runner/work/key/key/key.core/../key.ui/examples/heap/polarity_tests/wellformed11.key 
43221      INFO  main            d.u.i.k.p.i.AbstractProblemLoader Loading environment from /home/runner/work/key/key/key.core/../key.ui/examples/heap/polarity_tests/wellformed11.key 
43222      DEBUG main            d.u.i.k.p.i.AbstractProblemLoader Environment load took 59.3ns 
43223      INFO  main            d.u.i.k.p.i.AbstractProblemLoader Creating init config 
45474      DEBUG main            d.u.i.k.p.i.AbstractProblemLoader Init config took 2.25s 
45489      INFO  main            d.u.i.k.p.i.AbstractProblemLoader Replaying proof wellformed11.key 
45490      DEBUG main            d.u.i.k.p.i.IntermediateProofReplayer Proof replay took 6ns 
45594      INFO  main            d.u.i.k.p.r.p.TestFile    ... finished proof: open goal(s) 
472388     INFO  Test worker     d.u.i.k.p.r.RunAllProofsTestUnit Returning from test applicationRestrictions 
472390     INFO  Test worker     d.u.i.k.p.r.RunAllProofsTestUnit Running test blockContracts 
341        INFO  Timeout watchdog d.u.i.k.p.r.p.ForkedTestFileRunner Timeout watcher launched (2000 secs.) 
348        WARN  main            d.u.i.k.s.ProofSettings   The settings in /home/runner/.key/proof-settings.props are *not* read. 
397        INFO  main            d.u.i.k.p.r.p.TestFile    Now processing file /home/runner/work/key/key/key.core/../key.ui/examples/heap/block_contracts/Simple__add.key 
519        INFO  main            d.u.i.k.p.i.AbstractProblemLoader Loading environment from /home/runner/work/key/key/key.core/../key.ui/examples/heap/block_contracts/Simple__add.key 
535        DEBUG main            d.u.i.k.p.i.AbstractProblemLoader Environment load took 1.79ms 
744        INFO  main            d.u.i.k.p.i.AbstractProblemLoader Creating init config 
1688       DEBUG main            d.u.i.k.j.TypeConverter   No LDT found for Meta 
1689       DEBUG main            d.u.i.k.j.TypeConverter   No LDT found for Meta 
1695       DEBUG main            d.u.i.k.j.TypeConverter   No LDT found for Meta 
1695       DEBUG main            d.u.i.k.j.TypeConverter   No LDT found for Meta 
3008       DEBUG main            d.u.i.k.j.TypeConverter   No LDT found for JavaBigintExpression 
8455       DEBUG main            d.u.i.k.p.i.AbstractProblemLoader Init config took 7.71s 
8573       INFO  main            d.u.i.k.p.i.AbstractProblemLoader Replaying proof Simple[Simple::add(int,int)].JML operation contract.0 
8634       DEBUG main            d.u.i.k.p.i.IntermediateProofReplayer Proof replay took 338.6ns 
9358       INFO  main            d.u.i.k.p.r.p.TestFile    ... finished proof: closed. 
9489       INFO  main            d.u.i.k.p.i.AbstractProblemLoader Loading environment from /home/runner/work/key/key/key.core/../key.ui/examples/heap/block_contracts/Simple__add.key.proof 
9489       DEBUG main            d.u.i.k.p.i.AbstractProblemLoader Environment load took 143.3ns 
9492       INFO  main            d.u.i.k.p.i.AbstractProblemLoader Creating init config 
12615      DEBUG main            d.u.i.k.p.i.AbstractProblemLoader Init config took 3.12s 
12681      INFO  main            d.u.i.k.p.i.AbstractProblemLoader Replaying proof Simple[Simple::add(int,int)].JML operation contract.0 
12773      DEBUG main            d.u.i.k.p.i.IntermediateProofReplayer Proof replay took 87.44ms 
12781      DEBUG main            d.u.i.k.p.r.p.TestFile    ... success: reloaded. 
12785      INFO  main            d.u.i.k.p.r.p.TestFile    Now processing file /home/runner/work/key/key/key.core/../key.ui/examples/heap/block_contracts/Simple__addAbsoluteValues.key 
12785      INFO  main            d.u.i.k.p.i.AbstractProblemLoader Loading environment from /home/runner/work/key/key/key.core/../key.ui/examples/heap/block_contracts/Simple__addAbsoluteValues.key 
12786      DEBUG main            d.u.i.k.p.i.AbstractProblemLoader Environment load took 247.1ns 
12789      INFO  main            d.u.i.k.p.i.AbstractProblemLoader Creating init config 
15848      DEBUG main            d.u.i.k.p.i.AbstractProblemLoader Init config took 3.06s 
15930      INFO  main            d.u.i.k.p.i.AbstractProblemLoader Replaying proof Simple[Simple::addAbsoluteValues(int,int)].JML normal_behavior operation contract.0 
15933      DEBUG main            d.u.i.k.p.i.IntermediateProofReplayer Proof replay took 13.7ns 
16850      INFO  main            d.u.i.k.p.r.p.TestFile    ... finished proof: closed. 
17010      INFO  main            d.u.i.k.p.i.AbstractProblemLoader Loading environment from /home/runner/work/key/key/key.core/../key.ui/examples/heap/block_contracts/Simple__addAbsoluteValues.key.proof 
17017      DEBUG main            d.u.i.k.p.i.AbstractProblemLoader Environment load took 6.66ms 
17018      INFO  main            d.u.i.k.p.i.AbstractProblemLoader Creating init config 
19933      DEBUG main            d.u.i.k.p.i.AbstractProblemLoader Init config took 2.92s 
19989      INFO  main            d.u.i.k.p.i.AbstractProblemLoader Replaying proof Simple[Simple::addAbsoluteValues(int,int)].JML normal_behavior operation contract.0 
20166      DEBUG main            d.u.i.k.p.i.IntermediateProofReplayer Proof replay took 168.87ms 
20167      DEBUG main            d.u.i.k.p.r.p.TestFile    ... success: reloaded. 
20169      INFO  main            d.u.i.k.p.r.p.TestFile    Now processing file /home/runner/work/key/key/key.core/../key.ui/examples/heap/block_contracts/Simple__addWithJump.key 
20169      INFO  main            d.u.i.k.p.i.AbstractProblemLoader Loading environment from /home/runner/work/key/key/key.core/../key.ui/examples/heap/block_contracts/Simple__addWithJump.key 
20169      DEBUG main            d.u.i.k.p.i.AbstractProblemLoader Environment load took 214.7ns 
20170      INFO  main            d.u.i.k.p.i.AbstractProblemLoader Creating init config 
23092      DEBUG main            d.u.i.k.p.i.AbstractProblemLoader Init config took 2.92s 
23144      INFO  main            d.u.i.k.p.i.AbstractProblemLoader Replaying proof Simple[Simple::addWithJump(int,int,int)].JML operation contract.0 
23147      DEBUG main            d.u.i.k.p.i.IntermediateProofReplayer Proof replay took 17.9ns 
23352      INFO  main            d.u.i.k.p.r.p.TestFile    ... finished proof: closed. 
23519      INFO  main            d.u.i.k.p.i.AbstractProblemLoader Loading environment from /home/runner/work/key/key/key.core/../key.ui/examples/heap/block_contracts/Simple__addWithJump.key.proof 
23519      DEBUG main            d.u.i.k.p.i.AbstractProblemLoader Environment load took 117.7ns 
23520      INFO  main            d.u.i.k.p.i.AbstractProblemLoader Creating init config 
26378      DEBUG main            d.u.i.k.p.i.AbstractProblemLoader Init config took 2.86s 
26423      INFO  main            d.u.i.k.p.i.AbstractProblemLoader Replaying proof Simple[Simple::addWithJump(int,int,int)].JML operation contract.0 
26462      DEBUG main            d.u.i.k.p.i.IntermediateProofReplayer Proof replay took 36.82ms 
26463      DEBUG main            d.u.i.k.p.r.p.TestFile    ... success: reloaded. 
26464      INFO  main            d.u.i.k.p.r.p.TestFile    Now processing file /home/runner/work/key/key/key.core/../key.ui/examples/heap/block_contracts/Simple__addWithTwoBlockContracts.key 
26465      INFO  main            d.u.i.k.p.i.AbstractProblemLoader Loading environment from /home/runner/work/key/key/key.core/../key.ui/examples/heap/block_contracts/Simple__addWithTwoBlockContracts.key 
26465      DEBUG main            d.u.i.k.p.i.AbstractProblemLoader Environment load took 152.8ns 
26466      INFO  main            d.u.i.k.p.i.AbstractProblemLoader Creating init config 
29388      DEBUG main            d.u.i.k.p.i.AbstractProblemLoader Init config took 2.92s 
29453      INFO  main            d.u.i.k.p.i.AbstractProblemLoader Replaying proof Simple[Simple::addWithTwoBlockContracts(int,int,int)].JML operation contract.0 
29455      DEBUG main            d.u.i.k.p.i.IntermediateProofReplayer Proof replay took 9.6ns 
29758      INFO  main            d.u.i.k.p.r.p.TestFile    ... finished proof: closed. 
29920      INFO  main            d.u.i.k.p.i.AbstractProblemLoader Loading environment from /home/runner/work/key/key/key.core/../key.ui/examples/heap/block_contracts/Simple__addWithTwoBlockContracts.key.proof 
29921      DEBUG main            d.u.i.k.p.i.AbstractProblemLoader Environment load took 467.6ns 
29922      INFO  main            d.u.i.k.p.i.AbstractProblemLoader Creating init config 
32799      DEBUG main            d.u.i.k.p.i.AbstractProblemLoader Init config took 2.88s 
32842      INFO  main            d.u.i.k.p.i.AbstractProblemLoader Replaying proof Simple[Simple::addWithTwoBlockContracts(int,int,int)].JML operation contract.0 
32896      DEBUG main            d.u.i.k.p.i.IntermediateProofReplayer Proof replay took 51.24ms 
32897      DEBUG main            d.u.i.k.p.r.p.TestFile    ... success: reloaded. 
32899      INFO  main            d.u.i.k.p.r.p.TestFile    Now processing file /home/runner/work/key/key/key.core/../key.ui/examples/heap/block_contracts/Simple__generateByteArray.key 
32899      INFO  main            d.u.i.k.p.i.AbstractProblemLoader Loading environment from /home/runner/work/key/key/key.core/../key.ui/examples/heap/block_contracts/Simple__generateByteArray.key 
32899      DEBUG main            d.u.i.k.p.i.AbstractProblemLoader Environment load took 192.3ns 
32900      INFO  main            d.u.i.k.p.i.AbstractProblemLoader Creating init config 
35776      DEBUG main            d.u.i.k.p.i.AbstractProblemLoader Init config took 2.88s 
35824      INFO  main            d.u.i.k.p.i.AbstractProblemLoader Replaying proof Simple[Simple::generateByteArray()].JML normal_behavior operation contract.0 
35826      DEBUG main            d.u.i.k.p.i.IntermediateProofReplayer Proof replay took 9.9ns 
37734      INFO  main            d.u.i.k.p.r.p.TestFile    ... finished proof: closed. 
37928      INFO  main            d.u.i.k.p.i.AbstractProblemLoader Loading environment from /home/runner/work/key/key/key.core/../key.ui/examples/heap/block_contracts/Simple__generateByteArray.key.proof 
37928      DEBUG main            d.u.i.k.p.i.AbstractProblemLoader Environment load took 159.8ns 
37929      INFO  main            d.u.i.k.p.i.AbstractProblemLoader Creating init config 
40795      DEBUG main            d.u.i.k.p.i.AbstractProblemLoader Init config took 2.87s 
40851      INFO  main            d.u.i.k.p.i.AbstractProblemLoader Replaying proof Simple[Simple::generateByteArray()].JML normal_behavior operation contract.0 
41044      DEBUG main            d.u.i.k.p.i.IntermediateProofReplayer Proof replay took 179.82ms 
41045      DEBUG main            d.u.i.k.p.r.p.TestFile    ... success: reloaded. 
41046      INFO  main            d.u.i.k.p.r.p.TestFile    Now processing file /home/runner/work/key/key/key.core/../key.ui/examples/heap/block_contracts/Simple__getLength.key 
41047      INFO  main            d.u.i.k.p.i.AbstractProblemLoader Loading environment from /home/runner/work/key/key/key.core/../key.ui/examples/heap/block_contracts/Simple__getLength.key 
41047      DEBUG main            d.u.i.k.p.i.AbstractProblemLoader Environment load took 217.9ns 
41048      INFO  main            d.u.i.k.p.i.AbstractProblemLoader Creating init config 
43918      DEBUG main            d.u.i.k.p.i.AbstractProblemLoader Init config took 2.87s 
43959      INFO  main            d.u.i.k.p.i.AbstractProblemLoader Replaying proof Simple[Simple::getLength()].JML normal_behavior operation contract.0 
43962      DEBUG main            d.u.i.k.p.i.IntermediateProofReplayer Proof replay took 10.5ns 
44067      INFO  main            d.u.i.k.p.r.p.TestFile    ... finished proof: closed. 
44251      INFO  main            d.u.i.k.p.i.AbstractProblemLoader Loading environment from /home/runner/work/key/key/key.core/../key.ui/examples/heap/block_contracts/Simple__getLength.key.proof 
44251      DEBUG main            d.u.i.k.p.i.AbstractProblemLoader Environment load took 119.3ns 
44252      INFO  main            d.u.i.k.p.i.AbstractProblemLoader Creating init config 
47058      DEBUG main            d.u.i.k.p.i.AbstractProblemLoader Init config took 2.81s 
47100      INFO  main            d.u.i.k.p.i.AbstractProblemLoader Replaying proof Simple[Simple::getLength()].JML normal_behavior operation contract.0 
47108      DEBUG main            d.u.i.k.p.i.IntermediateProofReplayer Proof replay took 6ms 
47109      DEBUG main            d.u.i.k.p.r.p.TestFile    ... success: reloaded. 
47110      INFO  main            d.u.i.k.p.r.p.TestFile    Now processing file /home/runner/work/key/key/key.core/../key.ui/examples/heap/block_contracts/Simple__square.key 
47110      INFO  main            d.u.i.k.p.i.AbstractProblemLoader Loading environment from /home/runner/work/key/key/key.core/../key.ui/examples/heap/block_contracts/Simple__square.key 
47111      DEBUG main            d.u.i.k.p.i.AbstractProblemLoader Environment load took 218.5ns 
47112      INFO  main            d.u.i.k.p.i.AbstractProblemLoader Creating init config 
49999      DEBUG main            d.u.i.k.p.i.AbstractProblemLoader Init config took 2.89s 
50046      INFO  main            d.u.i.k.p.i.AbstractProblemLoader Replaying proof Simple[Simple::square(int)].JML operation contract.0 
50048      DEBUG main            d.u.i.k.p.i.IntermediateProofReplayer Proof replay took 11.5ns 
50452      INFO  main            d.u.i.k.p.r.p.TestFile    ... finished proof: closed. 
50624      INFO  main            d.u.i.k.p.i.AbstractProblemLoader Loading environment from /home/runner/work/key/key/key.core/../key.ui/examples/heap/block_contracts/Simple__square.key.proof 
50624      DEBUG main            d.u.i.k.p.i.AbstractProblemLoader Environment load took 107ns 
50625      INFO  main            d.u.i.k.p.i.AbstractProblemLoader Creating init config 
53454      DEBUG main            d.u.i.k.p.i.AbstractProblemLoader Init config took 2.83s 
53508      INFO  main            d.u.i.k.p.i.AbstractProblemLoader Replaying proof Simple[Simple::square(int)].JML operation contract.0 
53581      DEBUG main            d.u.i.k.p.i.IntermediateProofReplayer Proof replay took 69.37ms 
53582      DEBUG main            d.u.i.k.p.r.p.TestFile    ... success: reloaded. 
53583      INFO  main            d.u.i.k.p.r.p.TestFile    Now processing file /home/runner/work/key/key/key.core/../key.ui/examples/heap/block_contracts/Simple__unnecessaryBlockContract.key 
53584      INFO  main            d.u.i.k.p.i.AbstractProblemLoader Loading environment from /home/runner/work/key/key/key.core/../key.ui/examples/heap/block_contracts/Simple__unnecessaryBlockContract.key 
53584      DEBUG main            d.u.i.k.p.i.AbstractProblemLoader Environment load took 216.9ns 
53585      INFO  main            d.u.i.k.p.i.AbstractProblemLoader Creating init config 
56488      DEBUG main            d.u.i.k.p.i.AbstractProblemLoader Init config took 2.9s 
56531      INFO  main            d.u.i.k.p.i.AbstractProblemLoader Replaying proof Simple[Simple::unnecessaryBlockContract()].JML operation contract.0 
56533      DEBUG main            d.u.i.k.p.i.IntermediateProofReplayer Proof replay took 13.1ns 
56635      INFO  main            d.u.i.k.p.r.p.TestFile    ... finished proof: closed. 
56813      INFO  main            d.u.i.k.p.i.AbstractProblemLoader Loading environment from /home/runner/work/key/key/key.core/../key.ui/examples/heap/block_contracts/Simple__unnecessaryBlockContract.key.proof 
56814      DEBUG main            d.u.i.k.p.i.AbstractProblemLoader Environment load took 595.2ns 
56815      INFO  main            d.u.i.k.p.i.AbstractProblemLoader Creating init config 
59648      DEBUG main            d.u.i.k.p.i.AbstractProblemLoader Init config took 2.83s 
59687      INFO  main            d.u.i.k.p.i.AbstractProblemLoader Replaying proof Simple[Simple::unnecessaryBlockContract()].JML operation contract.0 
59705      DEBUG main            d.u.i.k.p.i.IntermediateProofReplayer Proof replay took 16.31ms 
59706      DEBUG main            d.u.i.k.p.r.p.TestFile    ... success: reloaded. 
59707      INFO  main            d.u.i.k.p.r.p.TestFile    Now processing file /home/runner/work/key/key/key.core/../key.ui/examples/heap/block_contracts/Simple__unnecessaryLoopInvariant.key 
59708      INFO  main            d.u.i.k.p.i.AbstractProblemLoader Loading environment from /home/runner/work/key/key/key.core/../key.ui/examples/heap/block_contracts/Simple__unnecessaryLoopInvariant.key 
59708      DEBUG main            d.u.i.k.p.i.AbstractProblemLoader Environment load took 226.2ns 
59709      INFO  main            d.u.i.k.p.i.AbstractProblemLoader Creating init config 
62587      DEBUG main            d.u.i.k.p.i.AbstractProblemLoader Init config took 2.88s 
62637      INFO  main            d.u.i.k.p.i.AbstractProblemLoader Replaying proof Simple[Simple::unnecessaryLoopInvariant()].JML operation contract.0 
62638      DEBUG main            d.u.i.k.p.i.IntermediateProofReplayer Proof replay took 9.4ns 
62743      INFO  main            d.u.i.k.p.r.p.TestFile    ... finished proof: closed. 
62919      INFO  main            d.u.i.k.p.i.AbstractProblemLoader Loading environment from /home/runner/work/key/key/key.core/../key.ui/examples/heap/block_contracts/Simple__unnecessaryLoopInvariant.key.proof 
62919      DEBUG main            d.u.i.k.p.i.AbstractProblemLoader Environment load took 111.8ns 
62920      INFO  main            d.u.i.k.p.i.AbstractProblemLoader Creating init config 
65713      DEBUG main            d.u.i.k.p.i.AbstractProblemLoader Init config took 2.79s 
65750      INFO  main            d.u.i.k.p.i.AbstractProblemLoader Replaying proof Simple[Simple::unnecessaryLoopInvariant()].JML operation contract.0 
65761      DEBUG main            d.u.i.k.p.i.IntermediateProofReplayer Proof replay took 8.63ms 
65762      DEBUG main            d.u.i.k.p.r.p.TestFile    ... success: reloaded. 
65763      INFO  main            d.u.i.k.p.r.p.TestFile    Now processing file /home/runner/work/key/key/key.core/../key.ui/examples/standard_key/java_dl/jml-assert/assert.key 
65763      INFO  main            d.u.i.k.p.i.AbstractProblemLoader Loading environment from /home/runner/work/key/key/key.core/../key.ui/examples/standard_key/java_dl/jml-assert/assert.key 
65763      DEBUG main            d.u.i.k.p.i.AbstractProblemLoader Environment load took 223.6ns 
65764      INFO  main            d.u.i.k.p.i.AbstractProblemLoader Creating init config 
68343      DEBUG main            d.u.i.k.p.i.AbstractProblemLoader Init config took 2.58s 
68381      INFO  main            d.u.i.k.p.i.AbstractProblemLoader Replaying proof Assert[Assert::createArray(int)].JML normal_behavior operation contract.0 
68383      DEBUG main            d.u.i.k.p.i.IntermediateProofReplayer Proof replay took 6.2ns 
68588      INFO  main            d.u.i.k.p.r.p.TestFile    ... finished proof: closed. 
68779      INFO  main            d.u.i.k.p.i.AbstractProblemLoader Loading environment from /home/runner/work/key/key/key.core/../key.ui/examples/standard_key/java_dl/jml-assert/assert.key.proof 
68779      DEBUG main            d.u.i.k.p.i.AbstractProblemLoader Environment load took 109.3ns 
68780      INFO  main            d.u.i.k.p.i.AbstractProblemLoader Creating init config 
71246      DEBUG main            d.u.i.k.p.i.AbstractProblemLoader Init config took 2.47s 
71286      INFO  main            d.u.i.k.p.i.AbstractProblemLoader Replaying proof Assert[Assert::createArray(int)].JML normal_behavior operation contract.0 
71323      DEBUG main            d.u.i.k.p.i.IntermediateProofReplayer Proof replay took 33.59ms 
71324      DEBUG main            d.u.i.k.p.r.p.TestFile    ... success: reloaded. 
71325      INFO  main            d.u.i.k.p.r.p.TestFile    Now processing file /home/runner/work/key/key/key.core/../key.ui/examples/standard_key/java_dl/jml-assert/assert_assume_order.key 
71326      INFO  main            d.u.i.k.p.i.AbstractProblemLoader Loading environment from /home/runner/work/key/key/key.core/../key.ui/examples/standard_key/java_dl/jml-assert/assert_assume_order.key 
71326      DEBUG main            d.u.i.k.p.i.AbstractProblemLoader Environment load took 207.5ns 
71327      INFO  main            d.u.i.k.p.i.AbstractProblemLoader Creating init config 
73790      DEBUG main            d.u.i.k.p.i.AbstractProblemLoader Init config took 2.46s 
73830      INFO  main            d.u.i.k.p.i.AbstractProblemLoader Replaying proof AssertAssume[AssertAssume::singleAssumeAssert(int)].JML normal_behavior operation contract.0 
73832      DEBUG main            d.u.i.k.p.i.IntermediateProofReplayer Proof replay took 6.5ns 
73933      INFO  main            d.u.i.k.p.r.p.TestFile    ... finished proof: closed. 
74112      INFO  main            d.u.i.k.p.i.AbstractProblemLoader Loading environment from /home/runner/work/key/key/key.core/../key.ui/examples/standard_key/java_dl/jml-assert/assert_assume_order.key.proof 
74112      DEBUG main            d.u.i.k.p.i.AbstractProblemLoader Environment load took 108.8ns 
74113      INFO  main            d.u.i.k.p.i.AbstractProblemLoader Creating init config 
76573      DEBUG main            d.u.i.k.p.i.AbstractProblemLoader Init config took 2.46s 
76609      INFO  main            d.u.i.k.p.i.AbstractProblemLoader Replaying proof AssertAssume[AssertAssume::singleAssumeAssert(int)].JML normal_behavior operation contract.0 
76617      DEBUG main            d.u.i.k.p.i.IntermediateProofReplayer Proof replay took 6.26ms 
76618      DEBUG main            d.u.i.k.p.r.p.TestFile    ... success: reloaded. 
76619      INFO  main            d.u.i.k.p.r.p.TestFile    Now processing file /home/runner/work/key/key/key.core/../key.ui/examples/heap/block_loop_contracts/SimpleVariants/sum_onBlock_external.key 
76619      INFO  main            d.u.i.k.p.i.AbstractProblemLoader Loading environment from /home/runner/work/key/key/key.core/../key.ui/examples/heap/block_loop_contracts/SimpleVariants/sum_onBlock_external.key 
76619      DEBUG main            d.u.i.k.p.i.AbstractProblemLoader Environment load took 121ns 
76620      INFO  main            d.u.i.k.p.i.AbstractProblemLoader Creating init config 
79341      DEBUG main            d.u.i.k.p.i.AbstractProblemLoader Init config took 2.72s 
79376      INFO  main            d.u.i.k.p.i.AbstractProblemLoader Replaying proof LoopContractExamplesAll[LoopContractExamplesAll::sum_loopContract_onBlock([I)].JML normal_behavior operation contract.0 
79378      DEBUG main            d.u.i.k.p.i.IntermediateProofReplayer Proof replay took 10.7ns 
79483      INFO  main            d.u.i.k.p.r.p.TestFile    ... finished proof: closed. 
79684      INFO  main            d.u.i.k.p.i.AbstractProblemLoader Loading environment from /home/runner/work/key/key/key.core/../key.ui/examples/heap/block_loop_contracts/SimpleVariants/sum_onBlock_external.key.proof 
79685      DEBUG main            d.u.i.k.p.i.AbstractProblemLoader Environment load took 110.8ns 
79685      INFO  main            d.u.i.k.p.i.AbstractProblemLoader Creating init config 
82323      DEBUG main            d.u.i.k.p.i.AbstractProblemLoader Init config took 2.64s 
82360      INFO  main            d.u.i.k.p.i.AbstractProblemLoader Replaying proof LoopContractExamplesAll[LoopContractExamplesAll::sum_loopContract_onBlock([I)].JML normal_behavior operation contract.0 
82407      DEBUG main            d.u.i.k.p.i.IntermediateProofReplayer Proof replay took 44.23ms 
82408      DEBUG main            d.u.i.k.p.r.p.TestFile    ... success: reloaded. 
82409      INFO  main            d.u.i.k.p.r.p.TestFile    Now processing file /home/runner/work/key/key/key.core/../key.ui/examples/heap/block_loop_contracts/SimpleVariants/sum_onBlock_internal.key 
82409      INFO  main            d.u.i.k.p.i.AbstractProblemLoader Loading environment from /home/runner/work/key/key/key.core/../key.ui/examples/heap/block_loop_contracts/SimpleVariants/sum_onBlock_internal.key 
82409      DEBUG main            d.u.i.k.p.i.AbstractProblemLoader Environment load took 208.8ns 
82410      INFO  main            d.u.i.k.p.i.AbstractProblemLoader Creating init config 
85149      DEBUG main            d.u.i.k.p.i.AbstractProblemLoader Init config took 2.74s 
85183      INFO  main            d.u.i.k.p.i.AbstractProblemLoader Replaying proof LoopContractExamplesAll[LoopContractExamplesAll::sum_loopContract_onBlock([I)].JML normal_behavior operation contract.0 
85185      DEBUG main            d.u.i.k.p.i.IntermediateProofReplayer Proof replay took 10.9ns 
85888      INFO  main            d.u.i.k.p.r.p.TestFile    ... finished proof: closed. 
86111      INFO  main            d.u.i.k.p.i.AbstractProblemLoader Loading environment from /home/runner/work/key/key/key.core/../key.ui/examples/heap/block_loop_contracts/SimpleVariants/sum_onBlock_internal.key.proof 
86112      DEBUG main            d.u.i.k.p.i.AbstractProblemLoader Environment load took 103.9ns 
86114      INFO  main            d.u.i.k.p.i.AbstractProblemLoader Creating init config 
88759      DEBUG main            d.u.i.k.p.i.AbstractProblemLoader Init config took 2.65s 
88794      INFO  main            d.u.i.k.p.i.AbstractProblemLoader Replaying proof LoopContractExamplesAll[LoopContractExamplesAll::sum_loopContract_onBlock([I)].JML normal_behavior operation contract.0 
88978      DEBUG main            d.u.i.k.p.i.IntermediateProofReplayer Proof replay took 180.72ms 
88979      DEBUG main            d.u.i.k.p.r.p.TestFile    ... success: reloaded. 
88980      INFO  main            d.u.i.k.p.r.p.TestFile    Now processing file /home/runner/work/key/key/key.core/../key.ui/examples/heap/block_loop_contracts/SimpleVariants/sum_onBlock_loop.key 
88980      INFO  main            d.u.i.k.p.i.AbstractProblemLoader Loading environment from /home/runner/work/key/key/key.core/../key.ui/examples/heap/block_loop_contracts/SimpleVariants/sum_onBlock_loop.key 
88981      DEBUG main            d.u.i.k.p.i.AbstractProblemLoader Environment load took 281.6ns 
88982      INFO  main            d.u.i.k.p.i.AbstractProblemLoader Creating init config 
91687      DEBUG main            d.u.i.k.p.i.AbstractProblemLoader Init config took 2.71s 
91725      INFO  main            d.u.i.k.p.i.AbstractProblemLoader Replaying proof LoopContractExamplesAll[LoopContractExamplesAll::sum_loopContract_onBlock([I)].JML normal_behavior loop contract.0 
91727      DEBUG main            d.u.i.k.p.i.IntermediateProofReplayer Proof replay took 10.3ns 
92430      INFO  main            d.u.i.k.p.r.p.TestFile    ... finished proof: closed. 
92652      INFO  main            d.u.i.k.p.i.AbstractProblemLoader Loading environment from /home/runner/work/key/key/key.core/../key.ui/examples/heap/block_loop_contracts/SimpleVariants/sum_onBlock_loop.key.proof 
92652      DEBUG main            d.u.i.k.p.i.AbstractProblemLoader Environment load took 108.2ns 
92653      INFO  main            d.u.i.k.p.i.AbstractProblemLoader Creating init config 
95279      DEBUG main            d.u.i.k.p.i.AbstractProblemLoader Init config took 2.63s 
95313      INFO  main            d.u.i.k.p.i.AbstractProblemLoader Replaying proof LoopContractExamplesAll[LoopContractExamplesAll::sum_loopContract_onBlock([I)].JML normal_behavior loop contract.0 
95506      DEBUG main            d.u.i.k.p.i.IntermediateProofReplayer Proof replay took 185.69ms 
95507      DEBUG main            d.u.i.k.p.r.p.TestFile    ... success: reloaded. 
95508      INFO  main            d.u.i.k.p.r.p.TestFile    Now processing file /home/runner/work/key/key/key.core/../key.ui/examples/heap/block_loop_contracts/SimpleVariants/sum_onLoop_external.key 
95509      INFO  main            d.u.i.k.p.i.AbstractProblemLoader Loading environment from /home/runner/work/key/key/key.core/../key.ui/examples/heap/block_loop_contracts/SimpleVariants/sum_onLoop_external.key 
95509      DEBUG main            d.u.i.k.p.i.AbstractProblemLoader Environment load took 210.9ns 
95510      INFO  main            d.u.i.k.p.i.AbstractProblemLoader Creating init config 
98188      DEBUG main            d.u.i.k.p.i.AbstractProblemLoader Init config took 2.68s 
98221      INFO  main            d.u.i.k.p.i.AbstractProblemLoader Replaying proof LoopContractExamplesAll[LoopContractExamplesAll::sum_loopContract_onLoop([I)].JML normal_behavior operation contract.0 
98223      DEBUG main            d.u.i.k.p.i.IntermediateProofReplayer Proof replay took 10.3ns 
98327      INFO  main            d.u.i.k.p.r.p.TestFile    ... finished proof: closed. 
98572      INFO  main            d.u.i.k.p.i.AbstractProblemLoader Loading environment from /home/runner/work/key/key/key.core/../key.ui/examples/heap/block_loop_contracts/SimpleVariants/sum_onLoop_external.key.proof 
98572      DEBUG main            d.u.i.k.p.i.AbstractProblemLoader Environment load took 107.7ns 
98573      INFO  main            d.u.i.k.p.i.AbstractProblemLoader Creating init config 
101180     DEBUG main            d.u.i.k.p.i.AbstractProblemLoader Init config took 2.61s 
101213     INFO  main            d.u.i.k.p.i.AbstractProblemLoader Replaying proof LoopContractExamplesAll[LoopContractExamplesAll::sum_loopContract_onLoop([I)].JML normal_behavior operation contract.0 
101238     DEBUG main            d.u.i.k.p.i.IntermediateProofReplayer Proof replay took 22.51ms 
101238     DEBUG main            d.u.i.k.p.r.p.TestFile    ... success: reloaded. 
101239     INFO  main            d.u.i.k.p.r.p.TestFile    Now processing file /home/runner/work/key/key/key.core/../key.ui/examples/heap/block_loop_contracts/SimpleVariants/sum_onLoop_internal.key 
101239     INFO  main            d.u.i.k.p.i.AbstractProblemLoader Loading environment from /home/runner/work/key/key/key.core/../key.ui/examples/heap/block_loop_contracts/SimpleVariants/sum_onLoop_internal.key 
101239     DEBUG main            d.u.i.k.p.i.AbstractProblemLoader Environment load took 84.4ns 
101240     INFO  main            d.u.i.k.p.i.AbstractProblemLoader Creating init config 
103943     DEBUG main            d.u.i.k.p.i.AbstractProblemLoader Init config took 2.7s 
103985     INFO  main            d.u.i.k.p.i.AbstractProblemLoader Replaying proof LoopContractExamplesAll[LoopContractExamplesAll::sum_loopContract_onLoop([I)].JML normal_behavior operation contract.0 
103986     DEBUG main            d.u.i.k.p.i.IntermediateProofReplayer Proof replay took 10.8ns 
104589     INFO  main            d.u.i.k.p.r.p.TestFile    ... finished proof: closed. 
104835     INFO  main            d.u.i.k.p.i.AbstractProblemLoader Loading environment from /home/runner/work/key/key/key.core/../key.ui/examples/heap/block_loop_contracts/SimpleVariants/sum_onLoop_internal.key.proof 
104835     DEBUG main            d.u.i.k.p.i.AbstractProblemLoader Environment load took 105.6ns 
104836     INFO  main            d.u.i.k.p.i.AbstractProblemLoader Creating init config 
107433     DEBUG main            d.u.i.k.p.i.AbstractProblemLoader Init config took 2.6s 
107486     INFO  main            d.u.i.k.p.i.AbstractProblemLoader Replaying proof LoopContractExamplesAll[LoopContractExamplesAll::sum_loopContract_onLoop([I)].JML normal_behavior operation contract.0 
107673     DEBUG main            d.u.i.k.p.i.IntermediateProofReplayer Proof replay took 183.59ms 
107674     DEBUG main            d.u.i.k.p.r.p.TestFile    ... success: reloaded. 
107675     INFO  main            d.u.i.k.p.r.p.TestFile    Now processing file /home/runner/work/key/key/key.core/../key.ui/examples/heap/block_loop_contracts/SimpleVariants/sum_onLoop_loop.key 
107676     INFO  main            d.u.i.k.p.i.AbstractProblemLoader Loading environment from /home/runner/work/key/key/key.core/../key.ui/examples/heap/block_loop_contracts/SimpleVariants/sum_onLoop_loop.key 
107676     DEBUG main            d.u.i.k.p.i.AbstractProblemLoader Environment load took 222.8ns 
107677     INFO  main            d.u.i.k.p.i.AbstractProblemLoader Creating init config 
110399     DEBUG main            d.u.i.k.p.i.AbstractProblemLoader Init config took 2.72s 
110432     INFO  main            d.u.i.k.p.i.AbstractProblemLoader Replaying proof LoopContractExamplesAll[LoopContractExamplesAll::sum_loopContract_onLoop([I)].JML normal_behavior loop contract.0 
110434     DEBUG main            d.u.i.k.p.i.IntermediateProofReplayer Proof replay took 17.9ns 
111137     INFO  main            d.u.i.k.p.r.p.TestFile    ... finished proof: closed. 
111408     INFO  main            d.u.i.k.p.i.AbstractProblemLoader Loading environment from /home/runner/work/key/key/key.core/../key.ui/examples/heap/block_loop_contracts/SimpleVariants/sum_onLoop_loop.key.proof 
111408     DEBUG main            d.u.i.k.p.i.AbstractProblemLoader Environment load took 132.2ns 
111409     INFO  main            d.u.i.k.p.i.AbstractProblemLoader Creating init config 
114013     DEBUG main            d.u.i.k.p.i.AbstractProblemLoader Init config took 2.6s 
114057     INFO  main            d.u.i.k.p.i.AbstractProblemLoader Replaying proof LoopContractExamplesAll[LoopContractExamplesAll::sum_loopContract_onLoop([I)].JML normal_behavior loop contract.0 
114265     DEBUG main            d.u.i.k.p.i.IntermediateProofReplayer Proof replay took 203.9ms 
114267     DEBUG main            d.u.i.k.p.r.p.TestFile    ... success: reloaded. 
114268     INFO  main            d.u.i.k.p.r.p.TestFile    Now processing file /home/runner/work/key/key/key.core/../key.ui/examples/heap/block_loop_contracts/Free/blockContracts0.key 
114268     INFO  main            d.u.i.k.p.i.AbstractProblemLoader Loading environment from /home/runner/work/key/key/key.core/../key.ui/examples/heap/block_loop_contracts/Free/blockContracts0.key 
114268     DEBUG main            d.u.i.k.p.i.AbstractProblemLoader Environment load took 95.2ns 
114269     INFO  main            d.u.i.k.p.i.AbstractProblemLoader Creating init config 
116590     DEBUG main            d.u.i.k.p.i.AbstractProblemLoader Init config took 2.32s 
116622     INFO  main            d.u.i.k.p.i.AbstractProblemLoader Replaying proof FreeConditions[FreeConditions::blockContract0()].JML normal_behavior operation contract.0 
116624     DEBUG main            d.u.i.k.p.i.IntermediateProofReplayer Proof replay took 11ns 
116725     INFO  main            d.u.i.k.p.r.p.TestFile    ... finished proof: closed. 
116989     INFO  main            d.u.i.k.p.i.AbstractProblemLoader Loading environment from /home/runner/work/key/key/key.core/../key.ui/examples/heap/block_loop_contracts/Free/blockContracts0.key.proof 
116989     DEBUG main            d.u.i.k.p.i.AbstractProblemLoader Environment load took 100.2ns 
116990     INFO  main            d.u.i.k.p.i.AbstractProblemLoader Creating init config 
119267     DEBUG main            d.u.i.k.p.i.AbstractProblemLoader Init config took 2.28s 
119299     INFO  main            d.u.i.k.p.i.AbstractProblemLoader Replaying proof FreeConditions[FreeConditions::blockContract0()].JML normal_behavior operation contract.0 
119316     DEBUG main            d.u.i.k.p.i.IntermediateProofReplayer Proof replay took 15.31ms 
119316     DEBUG main            d.u.i.k.p.r.p.TestFile    ... success: reloaded. 
119317     INFO  main            d.u.i.k.p.r.p.TestFile    Now processing file /home/runner/work/key/key/key.core/../key.ui/examples/heap/block_loop_contracts/Free/blockContracts1.key 
119317     INFO  main            d.u.i.k.p.i.AbstractProblemLoader Loading environment from /home/runner/work/key/key/key.core/../key.ui/examples/heap/block_loop_contracts/Free/blockContracts1.key 
119317     DEBUG main            d.u.i.k.p.i.AbstractProblemLoader Environment load took 77.4ns 
119318     INFO  main            d.u.i.k.p.i.AbstractProblemLoader Creating init config 
121630     DEBUG main            d.u.i.k.p.i.AbstractProblemLoader Init config took 2.31s 
121661     INFO  main            d.u.i.k.p.i.AbstractProblemLoader Replaying proof FreeConditions[FreeConditions::blockContract1()].JML normal_behavior operation contract.0 
121663     DEBUG main            d.u.i.k.p.i.IntermediateProofReplayer Proof replay took 11.5ns 
121767     INFO  main            d.u.i.k.p.r.p.TestFile    ... finished proof: closed. 
121988     INFO  main            d.u.i.k.p.i.AbstractProblemLoader Loading environment from /home/runner/work/key/key/key.core/../key.ui/examples/heap/block_loop_contracts/Free/blockContracts1.key.proof 
121989     DEBUG main            d.u.i.k.p.i.AbstractProblemLoader Environment load took 105.7ns 
121989     INFO  main            d.u.i.k.p.i.AbstractProblemLoader Creating init config 
124259     DEBUG main            d.u.i.k.p.i.AbstractProblemLoader Init config took 2.27s 
124291     INFO  main            d.u.i.k.p.i.AbstractProblemLoader Replaying proof FreeConditions[FreeConditions::blockContract1()].JML normal_behavior operation contract.0 
124308     DEBUG main            d.u.i.k.p.i.IntermediateProofReplayer Proof replay took 14.66ms 
124309     DEBUG main            d.u.i.k.p.r.p.TestFile    ... success: reloaded. 
124310     INFO  main            d.u.i.k.p.r.p.TestFile    Now processing file /home/runner/work/key/key/key.core/../key.ui/examples/heap/block_loop_contracts/Finally/block_finally.key 
124310     INFO  main            d.u.i.k.p.i.AbstractProblemLoader Loading environment from /home/runner/work/key/key/key.core/../key.ui/examples/heap/block_loop_contracts/Finally/block_finally.key 
124311     DEBUG main            d.u.i.k.p.i.AbstractProblemLoader Environment load took 87.1ns 
124311     INFO  main            d.u.i.k.p.i.AbstractProblemLoader Creating init config 
126684     DEBUG main            d.u.i.k.p.i.AbstractProblemLoader Init config took 2.37s 
126736     INFO  main            d.u.i.k.p.i.AbstractProblemLoader Replaying proof AuxiliaryContractsFinally[AuxiliaryContractsFinally::breakThrowContinueBlockContract(java.lang.Exception)].JML block contract.0 
126738     DEBUG main            d.u.i.k.p.i.IntermediateProofReplayer Proof replay took 10.6ns 
127241     INFO  main            d.u.i.k.p.r.p.TestFile    ... finished proof: open goal(s) 
127490     INFO  main            d.u.i.k.p.r.p.TestFile    Now processing file /home/runner/work/key/key/key.core/../key.ui/examples/heap/block_loop_contracts/Finally/loop_finally.key 
127491     INFO  main            d.u.i.k.p.i.AbstractProblemLoader Loading environment from /home/runner/work/key/key/key.core/../key.ui/examples/heap/block_loop_contracts/Finally/loop_finally.key 
127491     DEBUG main            d.u.i.k.p.i.AbstractProblemLoader Environment load took 83.7ns 
127492     INFO  main            d.u.i.k.p.i.AbstractProblemLoader Creating init config 
129787     DEBUG main            d.u.i.k.p.i.AbstractProblemLoader Init config took 2.29s 
129837     INFO  main            d.u.i.k.p.i.AbstractProblemLoader Replaying proof AuxiliaryContractsFinally[AuxiliaryContractsFinally::breakThrowContinueLoopContract(java.lang.Exception)].JML normal_behavior loop contract.0 
129839     DEBUG main            d.u.i.k.p.i.IntermediateProofReplayer Proof replay took 11.3ns 
130450     INFO  main            d.u.i.k.p.r.p.TestFile    ... finished proof: open goal(s) 
603275     INFO  Test worker     d.u.i.k.p.r.RunAllProofsTestUnit Returning from test blockContracts 
603276     INFO  Test worker     d.u.i.k.p.r.RunAllProofsTestUnit Running test jmlAsserts 
331        INFO  Timeout watchdog d.u.i.k.p.r.p.ForkedTestFileRunner Timeout watcher launched (2000 secs.) 
341        WARN  main            d.u.i.k.s.ProofSettings   The settings in /home/runner/.key/proof-settings.props are *not* read. 
365        INFO  main            d.u.i.k.p.r.p.TestFile    Now processing file /home/runner/work/key/key/key.core/../key.ui/examples/standard_key/java_dl/jml-assert/assert.key 
470        INFO  main            d.u.i.k.p.i.AbstractProblemLoader Loading environment from /home/runner/work/key/key/key.core/../key.ui/examples/standard_key/java_dl/jml-assert/assert.key 
485        DEBUG main            d.u.i.k.p.i.AbstractProblemLoader Environment load took 1.76ms 
688        INFO  main            d.u.i.k.p.i.AbstractProblemLoader Creating init config 
1523       DEBUG main            d.u.i.k.j.TypeConverter   No LDT found for Meta 
1524       DEBUG main            d.u.i.k.j.TypeConverter   No LDT found for Meta 
1525       DEBUG main            d.u.i.k.j.TypeConverter   No LDT found for Meta 
1526       DEBUG main            d.u.i.k.j.TypeConverter   No LDT found for Meta 
2848       DEBUG main            d.u.i.k.j.TypeConverter   No LDT found for JavaBigintExpression 
7368       DEBUG main            d.u.i.k.p.i.AbstractProblemLoader Init config took 6.68s 
7489       INFO  main            d.u.i.k.p.i.AbstractProblemLoader Replaying proof Assert[Assert::createArray(int)].JML normal_behavior operation contract.0 
7518       DEBUG main            d.u.i.k.p.i.IntermediateProofReplayer Proof replay took 28.7ns 
8347       INFO  main            d.u.i.k.p.r.p.TestFile    ... finished proof: closed. 
8451       INFO  main            d.u.i.k.p.i.AbstractProblemLoader Loading environment from /home/runner/work/key/key/key.core/../key.ui/examples/standard_key/java_dl/jml-assert/assert.key.proof 
8453       DEBUG main            d.u.i.k.p.i.AbstractProblemLoader Environment load took 1.82ms 
8457       INFO  main            d.u.i.k.p.i.AbstractProblemLoader Creating init config 
11110      DEBUG main            d.u.i.k.p.i.AbstractProblemLoader Init config took 2.65s 
11189      INFO  main            d.u.i.k.p.i.AbstractProblemLoader Replaying proof Assert[Assert::createArray(int)].JML normal_behavior operation contract.0 
11261      DEBUG main            d.u.i.k.p.i.IntermediateProofReplayer Proof replay took 66.11ms 
11267      DEBUG main            d.u.i.k.p.r.p.TestFile    ... success: reloaded. 
11269      INFO  main            d.u.i.k.p.r.p.TestFile    Now processing file /home/runner/work/key/key/key.core/../key.ui/examples/heap/block_loop_contracts/Free/assertions0.key 
11269      INFO  main            d.u.i.k.p.i.AbstractProblemLoader Loading environment from /home/runner/work/key/key/key.core/../key.ui/examples/heap/block_loop_contracts/Free/assertions0.key 
11270      DEBUG main            d.u.i.k.p.i.AbstractProblemLoader Environment load took 222.5ns 
11271      INFO  main            d.u.i.k.p.i.AbstractProblemLoader Creating init config 
13826      DEBUG main            d.u.i.k.p.i.AbstractProblemLoader Init config took 2.55s 
13881      INFO  main            d.u.i.k.p.i.AbstractProblemLoader Replaying proof FreeConditions[FreeConditions::assertions0()].JML normal_behavior operation contract.0 
13885      DEBUG main            d.u.i.k.p.i.IntermediateProofReplayer Proof replay took 10.8ns 
13987      INFO  main            d.u.i.k.p.r.p.TestFile    ... finished proof: closed. 
14134      INFO  main            d.u.i.k.p.i.AbstractProblemLoader Loading environment from /home/runner/work/key/key/key.core/../key.ui/examples/heap/block_loop_contracts/Free/assertions0.key.proof 
14134      DEBUG main            d.u.i.k.p.i.AbstractProblemLoader Environment load took 117.1ns 
14135      INFO  main            d.u.i.k.p.i.AbstractProblemLoader Creating init config 
16540      DEBUG main            d.u.i.k.p.i.AbstractProblemLoader Init config took 2.4s 
16588      INFO  main            d.u.i.k.p.i.AbstractProblemLoader Replaying proof FreeConditions[FreeConditions::assertions0()].JML normal_behavior operation contract.0 
16613      DEBUG main            d.u.i.k.p.i.IntermediateProofReplayer Proof replay took 18.3ms 
16615      DEBUG main            d.u.i.k.p.r.p.TestFile    ... success: reloaded. 
16616      INFO  main            d.u.i.k.p.r.p.TestFile    Now processing file /home/runner/work/key/key/key.core/../key.ui/examples/heap/block_loop_contracts/Free/assertions1.key 
16616      INFO  main            d.u.i.k.p.i.AbstractProblemLoader Loading environment from /home/runner/work/key/key/key.core/../key.ui/examples/heap/block_loop_contracts/Free/assertions1.key 
16617      DEBUG main            d.u.i.k.p.i.AbstractProblemLoader Environment load took 248.4ns 
16618      INFO  main            d.u.i.k.p.i.AbstractProblemLoader Creating init config 
19010      DEBUG main            d.u.i.k.p.i.AbstractProblemLoader Init config took 2.39s 
19054      INFO  main            d.u.i.k.p.i.AbstractProblemLoader Replaying proof FreeConditions[FreeConditions::assertions1()].JML normal_behavior operation contract.0 
19056      DEBUG main            d.u.i.k.p.i.IntermediateProofReplayer Proof replay took 18.9ns 
19158      INFO  main            d.u.i.k.p.r.p.TestFile    ... finished proof: closed. 
19300      INFO  main            d.u.i.k.p.i.AbstractProblemLoader Loading environment from /home/runner/work/key/key/key.core/../key.ui/examples/heap/block_loop_contracts/Free/assertions1.key.proof 
19300      DEBUG main            d.u.i.k.p.i.AbstractProblemLoader Environment load took 153.9ns 
19301      INFO  main            d.u.i.k.p.i.AbstractProblemLoader Creating init config 
21638      DEBUG main            d.u.i.k.p.i.AbstractProblemLoader Init config took 2.34s 
21685      INFO  main            d.u.i.k.p.i.AbstractProblemLoader Replaying proof FreeConditions[FreeConditions::assertions1()].JML normal_behavior operation contract.0 
21702      DEBUG main            d.u.i.k.p.i.IntermediateProofReplayer Proof replay took 12.61ms 
21704      DEBUG main            d.u.i.k.p.r.p.TestFile    ... success: reloaded. 
21706      INFO  main            d.u.i.k.p.r.p.TestFile    Now processing file /home/runner/work/key/key/key.core/../key.ui/examples/standard_key/java_dl/jml-assert/recursion-assert.key 
21706      INFO  main            d.u.i.k.p.i.AbstractProblemLoader Loading environment from /home/runner/work/key/key/key.core/../key.ui/examples/standard_key/java_dl/jml-assert/recursion-assert.key 
21706      DEBUG main            d.u.i.k.p.i.AbstractProblemLoader Environment load took 223.2ns 
21709      INFO  main            d.u.i.k.p.i.AbstractProblemLoader Creating init config 
24228      DEBUG main            d.u.i.k.p.i.AbstractProblemLoader Init config took 2.52s 
24271      INFO  main            d.u.i.k.p.i.AbstractProblemLoader Replaying proof RecursiveMethod[RecursiveMethod::fac1(int)].JML normal_behavior operation contract.0 
24273      DEBUG main            d.u.i.k.p.i.IntermediateProofReplayer Proof replay took 5.3ns 
24478      INFO  main            d.u.i.k.p.r.p.TestFile    ... finished proof: closed. 
24699      INFO  main            d.u.i.k.p.i.AbstractProblemLoader Loading environment from /home/runner/work/key/key/key.core/../key.ui/examples/standard_key/java_dl/jml-assert/recursion-assert.key.proof 
24699      DEBUG main            d.u.i.k.p.i.AbstractProblemLoader Environment load took 110.5ns 
24700      INFO  main            d.u.i.k.p.i.AbstractProblemLoader Creating init config 
27172      DEBUG main            d.u.i.k.p.i.AbstractProblemLoader Init config took 2.47s 
27229      INFO  main            d.u.i.k.p.i.AbstractProblemLoader Replaying proof RecursiveMethod[RecursiveMethod::fac1(int)].JML normal_behavior operation contract.0 
27261      DEBUG main            d.u.i.k.p.i.IntermediateProofReplayer Proof replay took 29.71ms 
27263      DEBUG main            d.u.i.k.p.r.p.TestFile    ... success: reloaded. 
27264      INFO  main            d.u.i.k.p.r.p.TestFile    Now processing file /home/runner/work/key/key/key.core/../key.ui/examples/standard_key/java_dl/jml-assert/recursion-assume.key 
27264      INFO  main            d.u.i.k.p.i.AbstractProblemLoader Loading environment from /home/runner/work/key/key/key.core/../key.ui/examples/standard_key/java_dl/jml-assert/recursion-assume.key 
27264      DEBUG main            d.u.i.k.p.i.AbstractProblemLoader Environment load took 222ns 
27265      INFO  main            d.u.i.k.p.i.AbstractProblemLoader Creating init config 
29731      DEBUG main            d.u.i.k.p.i.AbstractProblemLoader Init config took 2.47s 
29789      INFO  main            d.u.i.k.p.i.AbstractProblemLoader Replaying proof RecursiveMethod[RecursiveMethod::fac2(int)].JML normal_behavior operation contract.0 
29791      DEBUG main            d.u.i.k.p.i.IntermediateProofReplayer Proof replay took 5ns 
29993      INFO  main            d.u.i.k.p.r.p.TestFile    ... finished proof: closed. 
30164      INFO  main            d.u.i.k.p.i.AbstractProblemLoader Loading environment from /home/runner/work/key/key/key.core/../key.ui/examples/standard_key/java_dl/jml-assert/recursion-assume.key.proof 
30164      DEBUG main            d.u.i.k.p.i.AbstractProblemLoader Environment load took 111ns 
30165      INFO  main            d.u.i.k.p.i.AbstractProblemLoader Creating init config 
32584      DEBUG main            d.u.i.k.p.i.AbstractProblemLoader Init config took 2.42s 
32637      INFO  main            d.u.i.k.p.i.AbstractProblemLoader Replaying proof RecursiveMethod[RecursiveMethod::fac2(int)].JML normal_behavior operation contract.0 
32666      DEBUG main            d.u.i.k.p.i.IntermediateProofReplayer Proof replay took 26.53ms 
32667      DEBUG main            d.u.i.k.p.r.p.TestFile    ... success: reloaded. 
32668      INFO  main            d.u.i.k.p.r.p.TestFile    Now processing file /home/runner/work/key/key/key.core/../key.ui/examples/standard_key/java_dl/jml-assert/quantor-assert.key 
32669      INFO  main            d.u.i.k.p.i.AbstractProblemLoader Loading environment from /home/runner/work/key/key/key.core/../key.ui/examples/standard_key/java_dl/jml-assert/quantor-assert.key 
32669      DEBUG main            d.u.i.k.p.i.AbstractProblemLoader Environment load took 213ns 
32670      INFO  main            d.u.i.k.p.i.AbstractProblemLoader Creating init config 
35204      DEBUG main            d.u.i.k.p.i.AbstractProblemLoader Init config took 2.53s 
35258      INFO  main            d.u.i.k.p.i.AbstractProblemLoader Replaying proof Quantor[Quantor::square1(int)].JML normal_behavior operation contract.0 
35261      DEBUG main            d.u.i.k.p.i.IntermediateProofReplayer Proof replay took 6.2ns 
35363      INFO  main            d.u.i.k.p.r.p.TestFile    ... finished proof: closed. 
35524      INFO  main            d.u.i.k.p.i.AbstractProblemLoader Loading environment from /home/runner/work/key/key/key.core/../key.ui/examples/standard_key/java_dl/jml-assert/quantor-assert.key.proof 
35525      DEBUG main            d.u.i.k.p.i.AbstractProblemLoader Environment load took 566.4ns 
35525      INFO  main            d.u.i.k.p.i.AbstractProblemLoader Creating init config 
37955      DEBUG main            d.u.i.k.p.i.AbstractProblemLoader Init config took 2.43s 
37994      INFO  main            d.u.i.k.p.i.AbstractProblemLoader Replaying proof Quantor[Quantor::square1(int)].JML normal_behavior operation contract.0 
38008      DEBUG main            d.u.i.k.p.i.IntermediateProofReplayer Proof replay took 11.3ms 
38009      DEBUG main            d.u.i.k.p.r.p.TestFile    ... success: reloaded. 
38010      INFO  main            d.u.i.k.p.r.p.TestFile    Now processing file /home/runner/work/key/key/key.core/../key.ui/examples/standard_key/java_dl/jml-assert/quantor-assume.key 
38011      INFO  main            d.u.i.k.p.i.AbstractProblemLoader Loading environment from /home/runner/work/key/key/key.core/../key.ui/examples/standard_key/java_dl/jml-assert/quantor-assume.key 
38011      DEBUG main            d.u.i.k.p.i.AbstractProblemLoader Environment load took 214.5ns 
38012      INFO  main            d.u.i.k.p.i.AbstractProblemLoader Creating init config 
40449      DEBUG main            d.u.i.k.p.i.AbstractProblemLoader Init config took 2.44s 
40486      INFO  main            d.u.i.k.p.i.AbstractProblemLoader Replaying proof Quantor[Quantor::square2(int)].JML normal_behavior operation contract.0 
40488      DEBUG main            d.u.i.k.p.i.IntermediateProofReplayer Proof replay took 6.2ns 
40590      INFO  main            d.u.i.k.p.r.p.TestFile    ... finished proof: closed. 
40757      INFO  main            d.u.i.k.p.i.AbstractProblemLoader Loading environment from /home/runner/work/key/key/key.core/../key.ui/examples/standard_key/java_dl/jml-assert/quantor-assume.key.proof 
40757      DEBUG main            d.u.i.k.p.i.AbstractProblemLoader Environment load took 116.9ns 
40758      INFO  main            d.u.i.k.p.i.AbstractProblemLoader Creating init config 
43146      DEBUG main            d.u.i.k.p.i.AbstractProblemLoader Init config took 2.39s 
43184      INFO  main            d.u.i.k.p.i.AbstractProblemLoader Replaying proof Quantor[Quantor::square2(int)].JML normal_behavior operation contract.0 
43196      DEBUG main            d.u.i.k.p.i.IntermediateProofReplayer Proof replay took 10.43ms 
43197      DEBUG main            d.u.i.k.p.r.p.TestFile    ... success: reloaded. 
43198      INFO  main            d.u.i.k.p.r.p.TestFile    Now processing file /home/runner/work/key/key/key.core/../key.ui/examples/standard_key/java_dl/jml-assert/model-methods-static-static.key 
43198      INFO  main            d.u.i.k.p.i.AbstractProblemLoader Loading environment from /home/runner/work/key/key/key.core/../key.ui/examples/standard_key/java_dl/jml-assert/model-methods-static-static.key 
43198      DEBUG main            d.u.i.k.p.i.AbstractProblemLoader Environment load took 93.6ns 
43199      INFO  main            d.u.i.k.p.i.AbstractProblemLoader Creating init config 
45668      DEBUG main            d.u.i.k.p.i.AbstractProblemLoader Init config took 2.47s 
45704      INFO  main            d.u.i.k.p.i.AbstractProblemLoader Replaying proof ModelMethods[ModelMethods::test1()].JML normal_behavior operation contract.0 
45705      DEBUG main            d.u.i.k.p.i.IntermediateProofReplayer Proof replay took 5.5ns 
45809      INFO  main            d.u.i.k.p.r.p.TestFile    ... finished proof: closed. 
45981      INFO  main            d.u.i.k.p.i.AbstractProblemLoader Loading environment from /home/runner/work/key/key/key.core/../key.ui/examples/standard_key/java_dl/jml-assert/model-methods-static-static.key.proof 
45981      DEBUG main            d.u.i.k.p.i.AbstractProblemLoader Environment load took 111.3ns 
45982      INFO  main            d.u.i.k.p.i.AbstractProblemLoader Creating init config 
48349      DEBUG main            d.u.i.k.p.i.AbstractProblemLoader Init config took 2.37s 
48387      INFO  main            d.u.i.k.p.i.AbstractProblemLoader Replaying proof ModelMethods[ModelMethods::test1()].JML normal_behavior operation contract.0 
48394      DEBUG main            d.u.i.k.p.i.IntermediateProofReplayer Proof replay took 5.17ms 
48395      DEBUG main            d.u.i.k.p.r.p.TestFile    ... success: reloaded. 
48396      INFO  main            d.u.i.k.p.r.p.TestFile    Now processing file /home/runner/work/key/key/key.core/../key.ui/examples/standard_key/java_dl/jml-assert/model-methods-instance-static.key 
48399      INFO  main            d.u.i.k.p.i.AbstractProblemLoader Loading environment from /home/runner/work/key/key/key.core/../key.ui/examples/standard_key/java_dl/jml-assert/model-methods-instance-static.key 
48399      DEBUG main            d.u.i.k.p.i.AbstractProblemLoader Environment load took 434.1ns 
48400      INFO  main            d.u.i.k.p.i.AbstractProblemLoader Creating init config 
50832      DEBUG main            d.u.i.k.p.i.AbstractProblemLoader Init config took 2.43s 
50884      INFO  main            d.u.i.k.p.i.AbstractProblemLoader Replaying proof ModelMethods[ModelMethods::test2()].JML normal_behavior operation contract.0 
50885      DEBUG main            d.u.i.k.p.i.IntermediateProofReplayer Proof replay took 6.8ns 
50989      INFO  main            d.u.i.k.p.r.p.TestFile    ... finished proof: closed. 
51170      INFO  main            d.u.i.k.p.i.AbstractProblemLoader Loading environment from /home/runner/work/key/key/key.core/../key.ui/examples/standard_key/java_dl/jml-assert/model-methods-instance-static.key.proof 
51170      DEBUG main            d.u.i.k.p.i.AbstractProblemLoader Environment load took 109.2ns 
51171      INFO  main            d.u.i.k.p.i.AbstractProblemLoader Creating init config 
53551      DEBUG main            d.u.i.k.p.i.AbstractProblemLoader Init config took 2.38s 
53588      INFO  main            d.u.i.k.p.i.AbstractProblemLoader Replaying proof ModelMethods[ModelMethods::test2()].JML normal_behavior operation contract.0 
53597      DEBUG main            d.u.i.k.p.i.IntermediateProofReplayer Proof replay took 7.17ms 
53598      DEBUG main            d.u.i.k.p.r.p.TestFile    ... success: reloaded. 
53599      INFO  main            d.u.i.k.p.r.p.TestFile    Now processing file /home/runner/work/key/key/key.core/../key.ui/examples/standard_key/java_dl/jml-assert/model-methods-instance-instance.key 
53599      INFO  main            d.u.i.k.p.i.AbstractProblemLoader Loading environment from /home/runner/work/key/key/key.core/../key.ui/examples/standard_key/java_dl/jml-assert/model-methods-instance-instance.key 
53599      DEBUG main            d.u.i.k.p.i.AbstractProblemLoader Environment load took 127ns 
53600      INFO  main            d.u.i.k.p.i.AbstractProblemLoader Creating init config 
56060      DEBUG main            d.u.i.k.p.i.AbstractProblemLoader Init config took 2.46s 
56097      INFO  main            d.u.i.k.p.i.AbstractProblemLoader Replaying proof ModelMethods[ModelMethods::test3()].JML normal_behavior operation contract.0 
56098      DEBUG main            d.u.i.k.p.i.IntermediateProofReplayer Proof replay took 5.7ns 
56202      INFO  main            d.u.i.k.p.r.p.TestFile    ... finished proof: closed. 
56379      INFO  main            d.u.i.k.p.i.AbstractProblemLoader Loading environment from /home/runner/work/key/key/key.core/../key.ui/examples/standard_key/java_dl/jml-assert/model-methods-instance-instance.key.proof 
56379      DEBUG main            d.u.i.k.p.i.AbstractProblemLoader Environment load took 152.1ns 
56380      INFO  main            d.u.i.k.p.i.AbstractProblemLoader Creating init config 
58760      DEBUG main            d.u.i.k.p.i.AbstractProblemLoader Init config took 2.38s 
58796      INFO  main            d.u.i.k.p.i.AbstractProblemLoader Replaying proof ModelMethods[ModelMethods::test3()].JML normal_behavior operation contract.0 
58806      DEBUG main            d.u.i.k.p.i.IntermediateProofReplayer Proof replay took 8.89ms 
58807      DEBUG main            d.u.i.k.p.r.p.TestFile    ... success: reloaded. 
58808      INFO  main            d.u.i.k.p.r.p.TestFile    Now processing file /home/runner/work/key/key/key.core/../key.ui/examples/standard_key/java_dl/jml-assert/model-methods-static-instance.key 
58808      INFO  main            d.u.i.k.p.i.AbstractProblemLoader Loading environment from /home/runner/work/key/key/key.core/../key.ui/examples/standard_key/java_dl/jml-assert/model-methods-static-instance.key 
58809      DEBUG main            d.u.i.k.p.i.AbstractProblemLoader Environment load took 136ns 
58809      INFO  main            d.u.i.k.p.i.AbstractProblemLoader Creating init config 
61237      DEBUG main            d.u.i.k.p.i.AbstractProblemLoader Init config took 2.43s 
61280      INFO  main            d.u.i.k.p.i.AbstractProblemLoader Replaying proof ModelMethods[ModelMethods::test4()].JML normal_behavior operation contract.0 
61282      DEBUG main            d.u.i.k.p.i.IntermediateProofReplayer Proof replay took 6.4ns 
61384      INFO  main            d.u.i.k.p.r.p.TestFile    ... finished proof: closed. 
61575      INFO  main            d.u.i.k.p.i.AbstractProblemLoader Loading environment from /home/runner/work/key/key/key.core/../key.ui/examples/standard_key/java_dl/jml-assert/model-methods-static-instance.key.proof 
61575      DEBUG main            d.u.i.k.p.i.AbstractProblemLoader Environment load took 105.9ns 
61577      INFO  main            d.u.i.k.p.i.AbstractProblemLoader Creating init config 
63949      DEBUG main            d.u.i.k.p.i.AbstractProblemLoader Init config took 2.37s 
63986      INFO  main            d.u.i.k.p.i.AbstractProblemLoader Replaying proof ModelMethods[ModelMethods::test4()].JML normal_behavior operation contract.0 
64010      DEBUG main            d.u.i.k.p.i.IntermediateProofReplayer Proof replay took 21.53ms 
64011      DEBUG main            d.u.i.k.p.r.p.TestFile    ... success: reloaded. 
64012      INFO  main            d.u.i.k.p.r.p.TestFile    Now processing file /home/runner/work/key/key/key.core/../key.ui/examples/standard_key/java_dl/jml-assert/assert-old/inc-field.key 
64012      INFO  main            d.u.i.k.p.i.AbstractProblemLoader Loading environment from /home/runner/work/key/key/key.core/../key.ui/examples/standard_key/java_dl/jml-assert/assert-old/inc-field.key 
64012      DEBUG main            d.u.i.k.p.i.AbstractProblemLoader Environment load took 56.8ns 
64013      INFO  main            d.u.i.k.p.i.AbstractProblemLoader Creating init config 
66367      DEBUG main            d.u.i.k.p.i.AbstractProblemLoader Init config took 2.35s 
66400      INFO  main            d.u.i.k.p.i.AbstractProblemLoader Replaying proof Inc[Inc::inc_field()].JML normal_behavior operation contract.0 
66401      DEBUG main            d.u.i.k.p.i.IntermediateProofReplayer Proof replay took 6.4ns 
66505      INFO  main            d.u.i.k.p.r.p.TestFile    ... finished proof: closed. 
66697      INFO  main            d.u.i.k.p.i.AbstractProblemLoader Loading environment from /home/runner/work/key/key/key.core/../key.ui/examples/standard_key/java_dl/jml-assert/assert-old/inc-field.key.proof 
66697      DEBUG main            d.u.i.k.p.i.AbstractProblemLoader Environment load took 105.5ns 
66698      INFO  main            d.u.i.k.p.i.AbstractProblemLoader Creating init config 
68965      DEBUG main            d.u.i.k.p.i.AbstractProblemLoader Init config took 2.27s 
68999      INFO  main            d.u.i.k.p.i.AbstractProblemLoader Replaying proof Inc[Inc::inc_field()].JML normal_behavior operation contract.0 
69021      DEBUG main            d.u.i.k.p.i.IntermediateProofReplayer Proof replay took 19.6ms 
69021      DEBUG main            d.u.i.k.p.r.p.TestFile    ... success: reloaded. 
69022      INFO  main            d.u.i.k.p.r.p.TestFile    Now processing file /home/runner/work/key/key/key.core/../key.ui/examples/standard_key/java_dl/jml-assert/assert-old/inc-parameter.key 
69022      INFO  main            d.u.i.k.p.i.AbstractProblemLoader Loading environment from /home/runner/work/key/key/key.core/../key.ui/examples/standard_key/java_dl/jml-assert/assert-old/inc-parameter.key 
69022      DEBUG main            d.u.i.k.p.i.AbstractProblemLoader Environment load took 86.6ns 
69023      INFO  main            d.u.i.k.p.i.AbstractProblemLoader Creating init config 
71357      DEBUG main            d.u.i.k.p.i.AbstractProblemLoader Init config took 2.33s 
71389      INFO  main            d.u.i.k.p.i.AbstractProblemLoader Replaying proof Inc[Inc::inc_parameter(int)].JML normal_behavior operation contract.0 
71390      DEBUG main            d.u.i.k.p.i.IntermediateProofReplayer Proof replay took 5.7ns 
71493      INFO  main            d.u.i.k.p.r.p.TestFile    ... finished proof: closed. 
71697      INFO  main            d.u.i.k.p.i.AbstractProblemLoader Loading environment from /home/runner/work/key/key/key.core/../key.ui/examples/standard_key/java_dl/jml-assert/assert-old/inc-parameter.key.proof 
71697      DEBUG main            d.u.i.k.p.i.AbstractProblemLoader Environment load took 96.3ns 
71698      INFO  main            d.u.i.k.p.i.AbstractProblemLoader Creating init config 
73975      DEBUG main            d.u.i.k.p.i.AbstractProblemLoader Init config took 2.28s 
74008      INFO  main            d.u.i.k.p.i.AbstractProblemLoader Replaying proof Inc[Inc::inc_parameter(int)].JML normal_behavior operation contract.0 
74021      DEBUG main            d.u.i.k.p.i.IntermediateProofReplayer Proof replay took 10.41ms 
74022      DEBUG main            d.u.i.k.p.r.p.TestFile    ... success: reloaded. 
74022      INFO  main            d.u.i.k.p.r.p.TestFile    Now processing file /home/runner/work/key/key/key.core/../key.ui/examples/standard_key/java_dl/jml-assert/assert-old/inc-parameter-field.key 
74023      INFO  main            d.u.i.k.p.i.AbstractProblemLoader Loading environment from /home/runner/work/key/key/key.core/../key.ui/examples/standard_key/java_dl/jml-assert/assert-old/inc-parameter-field.key 
74023      DEBUG main            d.u.i.k.p.i.AbstractProblemLoader Environment load took 198.3ns 
74024      INFO  main            d.u.i.k.p.i.AbstractProblemLoader Creating init config 
76326      DEBUG main            d.u.i.k.p.i.AbstractProblemLoader Init config took 2.3s 
76358      INFO  main            d.u.i.k.p.i.AbstractProblemLoader Replaying proof Inc[Inc::inc_parameter_field(Inc)].JML normal_behavior operation contract.0 
76359      DEBUG main            d.u.i.k.p.i.IntermediateProofReplayer Proof replay took 5.7ns 
76460      INFO  main            d.u.i.k.p.r.p.TestFile    ... finished proof: closed. 
76682      INFO  main            d.u.i.k.p.i.AbstractProblemLoader Loading environment from /home/runner/work/key/key/key.core/../key.ui/examples/standard_key/java_dl/jml-assert/assert-old/inc-parameter-field.key.proof 
76683      DEBUG main            d.u.i.k.p.i.AbstractProblemLoader Environment load took 104.4ns 
76683      INFO  main            d.u.i.k.p.i.AbstractProblemLoader Creating init config 
78934      DEBUG main            d.u.i.k.p.i.AbstractProblemLoader Init config took 2.25s 
78967      INFO  main            d.u.i.k.p.i.AbstractProblemLoader Replaying proof Inc[Inc::inc_parameter_field(Inc)].JML normal_behavior operation contract.0 
78992      DEBUG main            d.u.i.k.p.i.IntermediateProofReplayer Proof replay took 22.22ms 
78994      DEBUG main            d.u.i.k.p.r.p.TestFile    ... success: reloaded. 
78995      INFO  main            d.u.i.k.p.r.p.TestFile    Now processing file /home/runner/work/key/key/key.core/../key.ui/examples/standard_key/java_dl/jml-assert/assert-old/inc-ghost-field.key 
78995      INFO  main            d.u.i.k.p.i.AbstractProblemLoader Loading environment from /home/runner/work/key/key/key.core/../key.ui/examples/standard_key/java_dl/jml-assert/assert-old/inc-ghost-field.key 
78995      DEBUG main            d.u.i.k.p.i.AbstractProblemLoader Environment load took 209.5ns 
78996      INFO  main            d.u.i.k.p.i.AbstractProblemLoader Creating init config 
81371      DEBUG main            d.u.i.k.p.i.AbstractProblemLoader Init config took 2.38s 
81404      INFO  main            d.u.i.k.p.i.AbstractProblemLoader Replaying proof Inc[Inc::inc_ghost_field()].JML normal_behavior operation contract.0 
81405      DEBUG main            d.u.i.k.p.i.IntermediateProofReplayer Proof replay took 6.4ns 
81509      INFO  main            d.u.i.k.p.r.p.TestFile    ... finished proof: closed. 
81721      INFO  main            d.u.i.k.p.i.AbstractProblemLoader Loading environment from /home/runner/work/key/key/key.core/../key.ui/examples/standard_key/java_dl/jml-assert/assert-old/inc-ghost-field.key.proof 
81722      DEBUG main            d.u.i.k.p.i.AbstractProblemLoader Environment load took 108ns 
81722      INFO  main            d.u.i.k.p.i.AbstractProblemLoader Creating init config 
83985      DEBUG main            d.u.i.k.p.i.AbstractProblemLoader Init config took 2.26s 
84018      INFO  main            d.u.i.k.p.i.AbstractProblemLoader Replaying proof Inc[Inc::inc_ghost_field()].JML normal_behavior operation contract.0 
84038      DEBUG main            d.u.i.k.p.i.IntermediateProofReplayer Proof replay took 17.82ms 
84039      DEBUG main            d.u.i.k.p.r.p.TestFile    ... success: reloaded. 
687492     INFO  Test worker     d.u.i.k.p.r.RunAllProofsTestUnit Returning from test jmlAsserts 
687493     INFO  Test worker     d.u.i.k.p.r.RunAllProofsTestUnit Running test javaCard 
355        INFO  Timeout watchdog d.u.i.k.p.r.p.ForkedTestFileRunner Timeout watcher launched (2000 secs.) 
367        WARN  main            d.u.i.k.s.ProofSettings   The settings in /home/runner/.key/proof-settings.props are *not* read. 
395        INFO  main            d.u.i.k.p.r.p.TestFile    Now processing file /home/runner/work/key/key/key.core/../key.ui/examples/heap/javacard/updateBalance0.key 
496        INFO  main            d.u.i.k.p.i.AbstractProblemLoader Loading environment from /home/runner/work/key/key/key.core/../key.ui/examples/heap/javacard/updateBalance0.key 
512        DEBUG main            d.u.i.k.p.i.AbstractProblemLoader Environment load took 2.23ms 
726        INFO  main            d.u.i.k.p.i.AbstractProblemLoader Creating init config 
1472       DEBUG main            d.u.i.k.j.TypeConverter   No LDT found for Meta 
1473       DEBUG main            d.u.i.k.j.TypeConverter   No LDT found for Meta 
1474       DEBUG main            d.u.i.k.j.TypeConverter   No LDT found for Meta 
1474       DEBUG main            d.u.i.k.j.TypeConverter   No LDT found for Meta 
2827       DEBUG main            d.u.i.k.j.TypeConverter   No LDT found for JavaBigintExpression 
6145       DEBUG main            d.u.i.k.p.i.AbstractProblemLoader Init config took 5.42s 
6256       INFO  main            d.u.i.k.p.i.AbstractProblemLoader Replaying proof Examples[Examples::updateBalance(short)].JML normal_behavior operation contract.0 
6285       DEBUG main            d.u.i.k.p.i.IntermediateProofReplayer Proof replay took 30.6ns 
7523       INFO  main            d.u.i.k.p.r.p.TestFile    ... finished proof: closed. 
7635       INFO  main            d.u.i.k.p.i.AbstractProblemLoader Loading environment from /home/runner/work/key/key/key.core/../key.ui/examples/heap/javacard/updateBalance0.key.proof 
7640       DEBUG main            d.u.i.k.p.i.AbstractProblemLoader Environment load took 5.3ms 
7642       INFO  main            d.u.i.k.p.i.AbstractProblemLoader Creating init config 
9244       DEBUG main            d.u.i.k.p.i.AbstractProblemLoader Init config took 1.6s 
9310       INFO  main            d.u.i.k.p.i.AbstractProblemLoader Replaying proof Examples[Examples::updateBalance(short)].JML normal_behavior operation contract.0 
9450       DEBUG main            d.u.i.k.p.i.IntermediateProofReplayer Proof replay took 131.26ms 
9458       DEBUG main            d.u.i.k.p.r.p.TestFile    ... success: reloaded. 
9460       INFO  main            d.u.i.k.p.r.p.TestFile    Now processing file /home/runner/work/key/key/key.core/../key.ui/examples/heap/javacard/updateBalance1.key 
9461       INFO  main            d.u.i.k.p.i.AbstractProblemLoader Loading environment from /home/runner/work/key/key/key.core/../key.ui/examples/heap/javacard/updateBalance1.key 
9461       DEBUG main            d.u.i.k.p.i.AbstractProblemLoader Environment load took 304.1ns 
9463       INFO  main            d.u.i.k.p.i.AbstractProblemLoader Creating init config 
11059      DEBUG main            d.u.i.k.p.i.AbstractProblemLoader Init config took 1.6s 
11110      INFO  main            d.u.i.k.p.i.AbstractProblemLoader Replaying proof Examples[Examples::updateBalance(short)].JML normal_behavior operation contract.1 
11112      DEBUG main            d.u.i.k.p.i.IntermediateProofReplayer Proof replay took 5.9ns 
11716      INFO  main            d.u.i.k.p.r.p.TestFile    ... finished proof: closed. 
11827      INFO  main            d.u.i.k.p.i.AbstractProblemLoader Loading environment from /home/runner/work/key/key/key.core/../key.ui/examples/heap/javacard/updateBalance1.key.proof 
11833      DEBUG main            d.u.i.k.p.i.AbstractProblemLoader Environment load took 6.55ms 
11835      INFO  main            d.u.i.k.p.i.AbstractProblemLoader Creating init config 
13407      DEBUG main            d.u.i.k.p.i.AbstractProblemLoader Init config took 1.57s 
13460      INFO  main            d.u.i.k.p.i.AbstractProblemLoader Replaying proof Examples[Examples::updateBalance(short)].JML normal_behavior operation contract.1 
13588      DEBUG main            d.u.i.k.p.i.IntermediateProofReplayer Proof replay took 123.77ms 
13591      DEBUG main            d.u.i.k.p.r.p.TestFile    ... success: reloaded. 
13593      INFO  main            d.u.i.k.p.r.p.TestFile    Now processing file /home/runner/work/key/key/key.core/../key.ui/examples/heap/javacard/setArray1.key 
13593      INFO  main            d.u.i.k.p.i.AbstractProblemLoader Loading environment from /home/runner/work/key/key/key.core/../key.ui/examples/heap/javacard/setArray1.key 
13594      DEBUG main            d.u.i.k.p.i.AbstractProblemLoader Environment load took 220.6ns 
13595      INFO  main            d.u.i.k.p.i.AbstractProblemLoader Creating init config 
15130      DEBUG main            d.u.i.k.p.i.AbstractProblemLoader Init config took 1.54s 
15171      INFO  main            d.u.i.k.p.i.AbstractProblemLoader Replaying proof Examples[Examples::setArray1([B)].JML normal_behavior operation contract.0 
15173      DEBUG main            d.u.i.k.p.i.IntermediateProofReplayer Proof replay took 5.5ns 
16178      INFO  main            d.u.i.k.p.r.p.TestFile    ... finished proof: closed. 
16300      INFO  main            d.u.i.k.p.i.AbstractProblemLoader Loading environment from /home/runner/work/key/key/key.core/../key.ui/examples/heap/javacard/setArray1.key.proof 
16300      DEBUG main            d.u.i.k.p.i.AbstractProblemLoader Environment load took 209.1ns 
16302      INFO  main            d.u.i.k.p.i.AbstractProblemLoader Creating init config 
17847      DEBUG main            d.u.i.k.p.i.AbstractProblemLoader Init config took 1.55s 
17888      INFO  main            d.u.i.k.p.i.AbstractProblemLoader Replaying proof Examples[Examples::setArray1([B)].JML normal_behavior operation contract.0 
18052      DEBUG main            d.u.i.k.p.i.IntermediateProofReplayer Proof replay took 158.09ms 
18054      DEBUG main            d.u.i.k.p.r.p.TestFile    ... success: reloaded. 
18057      INFO  main            d.u.i.k.p.r.p.TestFile    Now processing file /home/runner/work/key/key/key.core/../key.ui/examples/heap/javacard/setArray2.key 
18057      INFO  main            d.u.i.k.p.i.AbstractProblemLoader Loading environment from /home/runner/work/key/key/key.core/../key.ui/examples/heap/javacard/setArray2.key 
18057      DEBUG main            d.u.i.k.p.i.AbstractProblemLoader Environment load took 243ns 
18058      INFO  main            d.u.i.k.p.i.AbstractProblemLoader Creating init config 
19626      DEBUG main            d.u.i.k.p.i.AbstractProblemLoader Init config took 1.57s 
19666      INFO  main            d.u.i.k.p.i.AbstractProblemLoader Replaying proof Examples[Examples::setArray2([B)].JML normal_behavior operation contract.0 
19668      DEBUG main            d.u.i.k.p.i.IntermediateProofReplayer Proof replay took 5.3ns 
20887      INFO  main            d.u.i.k.p.r.p.TestFile    ... finished proof: closed. 
21004      INFO  main            d.u.i.k.p.i.AbstractProblemLoader Loading environment from /home/runner/work/key/key/key.core/../key.ui/examples/heap/javacard/setArray2.key.proof 
21005      DEBUG main            d.u.i.k.p.i.AbstractProblemLoader Environment load took 433.1ns 
21006      INFO  main            d.u.i.k.p.i.AbstractProblemLoader Creating init config 
22538      DEBUG main            d.u.i.k.p.i.AbstractProblemLoader Init config took 1.53s 
22584      INFO  main            d.u.i.k.p.i.AbstractProblemLoader Replaying proof Examples[Examples::setArray2([B)].JML normal_behavior operation contract.0 
22767      DEBUG main            d.u.i.k.p.i.IntermediateProofReplayer Proof replay took 177.28ms 
22769      DEBUG main            d.u.i.k.p.r.p.TestFile    ... success: reloaded. 
22772      INFO  main            d.u.i.k.p.r.p.TestFile    Now processing file /home/runner/work/key/key/key.core/../key.ui/examples/heap/javacard/arrayFillNonAtomic.key 
22772      INFO  main            d.u.i.k.p.i.AbstractProblemLoader Loading environment from /home/runner/work/key/key/key.core/../key.ui/examples/heap/javacard/arrayFillNonAtomic.key 
22772      DEBUG main            d.u.i.k.p.i.AbstractProblemLoader Environment load took 229ns 
22773      INFO  main            d.u.i.k.p.i.AbstractProblemLoader Creating init config 
24277      DEBUG main            d.u.i.k.p.i.AbstractProblemLoader Init config took 1.5s 
24354      INFO  main            d.u.i.k.p.i.AbstractProblemLoader Replaying proof javacard.framework.Util[javacard.framework.Util::arrayFillNonAtomic([B,short,short,byte)].JML behavior operation contract.0.transaction_inactive 
24356      DEBUG main            d.u.i.k.p.i.IntermediateProofReplayer Proof replay took 5.5ns 
25149      DEBUG Thread-13       d.u.i.k.l.o.ProgramSV     Match failed: Former match of  SchemaVariable incompatible with  the current match. 
25150      DEBUG Thread-13       d.u.i.k.l.o.ProgramSV     Match failed: Former match of  SchemaVariable incompatible with  the current match. 
26411      DEBUG Thread-13       d.u.i.k.l.o.ProgramSV     Match failed: Former match of  SchemaVariable incompatible with  the current match. 
26412      DEBUG Thread-13       d.u.i.k.l.o.ProgramSV     Match failed: Former match of  SchemaVariable incompatible with  the current match. 
27972      INFO  main            d.u.i.k.p.r.p.TestFile    ... finished proof: closed. 
28125      INFO  main            d.u.i.k.p.i.AbstractProblemLoader Loading environment from /home/runner/work/key/key/key.core/../key.ui/examples/heap/javacard/arrayFillNonAtomic.key.proof 
28126      DEBUG main            d.u.i.k.p.i.AbstractProblemLoader Environment load took 924.49ns 
28128      INFO  main            d.u.i.k.p.i.AbstractProblemLoader Creating init config 
29609      DEBUG main            d.u.i.k.p.i.AbstractProblemLoader Init config took 1.48s 
29674      INFO  main            d.u.i.k.p.i.AbstractProblemLoader Replaying proof javacard.framework.Util[javacard.framework.Util::arrayFillNonAtomic([B,short,short,byte)].JML behavior operation contract.0.transaction_inactive 
30282      DEBUG main            d.u.i.k.p.i.IntermediateProofReplayer Proof replay took 590.17ms 
30283      DEBUG main            d.u.i.k.p.r.p.TestFile    ... success: reloaded. 
30284      INFO  main            d.u.i.k.p.r.p.TestFile    Now processing file /home/runner/work/key/key/key.core/../key.ui/examples/heap/coincidence_count/project.key 
30285      INFO  main            d.u.i.k.p.i.AbstractProblemLoader Loading environment from /home/runner/work/key/key/key.core/../key.ui/examples/heap/coincidence_count/project.key 
30285      DEBUG main            d.u.i.k.p.i.AbstractProblemLoader Environment load took 218.1ns 
30286      INFO  main            d.u.i.k.p.i.AbstractProblemLoader Creating init config 
33507      DEBUG main            d.u.i.k.p.i.AbstractProblemLoader Init config took 3.22s 
33554      INFO  main            d.u.i.k.p.i.AbstractProblemLoader Replaying proof CC[CC::calcCoinIndex([I,[I)].JML normal_behavior operation contract.0 
33562      DEBUG main            d.u.i.k.p.i.IntermediateProofReplayer Proof replay took 6.5ns 
51698      INFO  main            d.u.i.k.p.r.p.TestFile    ... finished proof: closed. 
51966      INFO  main            d.u.i.k.p.i.AbstractProblemLoader Loading environment from /home/runner/work/key/key/key.core/../key.ui/examples/heap/coincidence_count/project.key.proof 
51967      DEBUG main            d.u.i.k.p.i.AbstractProblemLoader Environment load took 435.3ns 
51970      INFO  main            d.u.i.k.p.i.AbstractProblemLoader Creating init config 
54426      DEBUG main            d.u.i.k.p.i.AbstractProblemLoader Init config took 2.46s 
54475      INFO  main            d.u.i.k.p.i.AbstractProblemLoader Replaying proof CC[CC::calcCoinIndex([I,[I)].JML normal_behavior operation contract.0 
55132      DEBUG main            d.u.i.k.p.i.IntermediateProofReplayer Proof replay took 590.65ms 
55135      DEBUG main            d.u.i.k.p.r.p.TestFile    ... success: reloaded. 
55136      INFO  main            d.u.i.k.p.r.p.TestFile    Now processing file /home/runner/work/key/key/key.core/../key.ui/examples/heap/verifyThis11_1_Maximum/project.key 
55137      INFO  main            d.u.i.k.p.i.AbstractProblemLoader Loading environment from /home/runner/work/key/key/key.core/../key.ui/examples/heap/verifyThis11_1_Maximum/project.key 
55137      DEBUG main            d.u.i.k.p.i.AbstractProblemLoader Environment load took 216.8ns 
55138      INFO  main            d.u.i.k.p.i.AbstractProblemLoader Creating init config 
57591      DEBUG main            d.u.i.k.p.i.AbstractProblemLoader Init config took 2.45s 
57631      INFO  main            d.u.i.k.p.i.AbstractProblemLoader Replaying proof Maximum[Maximum::maxIndex([I)].JML normal_behavior operation contract.0 
57632      DEBUG main            d.u.i.k.p.i.IntermediateProofReplayer Proof replay took 5.9ns 
58537      INFO  main            d.u.i.k.p.r.p.TestFile    ... finished proof: closed. 
58762      INFO  main            d.u.i.k.p.i.AbstractProblemLoader Loading environment from /home/runner/work/key/key/key.core/../key.ui/examples/heap/verifyThis11_1_Maximum/project.key.proof 
58762      DEBUG main            d.u.i.k.p.i.AbstractProblemLoader Environment load took 421.4ns 
58764      INFO  main            d.u.i.k.p.i.AbstractProblemLoader Creating init config 
61160      DEBUG main            d.u.i.k.p.i.AbstractProblemLoader Init config took 2.4s 
61199      INFO  main            d.u.i.k.p.i.AbstractProblemLoader Replaying proof Maximum[Maximum::maxIndex([I)].JML normal_behavior operation contract.0 
61314      DEBUG main            d.u.i.k.p.i.IntermediateProofReplayer Proof replay took 109.33ms 
61316      DEBUG main            d.u.i.k.p.r.p.TestFile    ... success: reloaded. 
61317      INFO  main            d.u.i.k.p.r.p.TestFile    Now processing file /home/runner/work/key/key/key.core/../key.ui/examples/heap/fm12_01_LRS/lcp.key 
61317      INFO  main            d.u.i.k.p.i.AbstractProblemLoader Loading environment from /home/runner/work/key/key/key.core/../key.ui/examples/heap/fm12_01_LRS/lcp.key 
61317      DEBUG main            d.u.i.k.p.i.AbstractProblemLoader Environment load took 233.7ns 
61318      INFO  main            d.u.i.k.p.i.AbstractProblemLoader Creating init config 
64412      DEBUG main            d.u.i.k.p.i.AbstractProblemLoader Init config took 3.09s 
64470      INFO  main            d.u.i.k.p.i.AbstractProblemLoader Replaying proof LCP[LCP::lcp([I,int,int)].JML normal_behavior operation contract.0 
64472      DEBUG main            d.u.i.k.p.i.IntermediateProofReplayer Proof replay took 5.3ns 
65387      INFO  main            d.u.i.k.p.r.p.TestFile    ... finished proof: closed. 
65614      INFO  main            d.u.i.k.p.i.AbstractProblemLoader Loading environment from /home/runner/work/key/key/key.core/../key.ui/examples/heap/fm12_01_LRS/lcp.key.proof 
65614      DEBUG main            d.u.i.k.p.i.AbstractProblemLoader Environment load took 424.9ns 
65616      INFO  main            d.u.i.k.p.i.AbstractProblemLoader Creating init config 
68429      DEBUG main            d.u.i.k.p.i.AbstractProblemLoader Init config took 2.81s 
68496      INFO  main            d.u.i.k.p.i.AbstractProblemLoader Replaying proof LCP[LCP::lcp([I,int,int)].JML normal_behavior operation contract.0 
68656      DEBUG main            d.u.i.k.p.i.IntermediateProofReplayer Proof replay took 153.95ms 
68658      DEBUG main            d.u.i.k.p.r.p.TestFile    ... success: reloaded. 
68659      INFO  main            d.u.i.k.p.r.p.TestFile    Now processing file /home/runner/work/key/key/key.core/../key.ui/examples/heap/SemanticSlicing/project.key 
68659      INFO  main            d.u.i.k.p.i.AbstractProblemLoader Loading environment from /home/runner/work/key/key/key.core/../key.ui/examples/heap/SemanticSlicing/project.key 
68659      DEBUG main            d.u.i.k.p.i.AbstractProblemLoader Environment load took 87.9ns 
68660      INFO  main            d.u.i.k.p.i.AbstractProblemLoader Creating init config 
71208      DEBUG main            d.u.i.k.p.i.AbstractProblemLoader Init config took 2.55s 
71261      INFO  main            d.u.i.k.p.i.AbstractProblemLoader Replaying proof unsatcore_after.competition.postcond5.scope333.LRS[unsatcore_after.competition.postcond5.scope333.LRS::doLRS()].JML operation contract.0 
71263      DEBUG main            d.u.i.k.p.i.IntermediateProofReplayer Proof replay took 5.7ns 
75171      INFO  main            d.u.i.k.p.r.p.TestFile    ... finished proof: closed. 
75437      INFO  main            d.u.i.k.p.i.AbstractProblemLoader Loading environment from /home/runner/work/key/key/key.core/../key.ui/examples/heap/SemanticSlicing/project.key.proof 
75438      DEBUG main            d.u.i.k.p.i.AbstractProblemLoader Environment load took 415.1ns 
75439      INFO  main            d.u.i.k.p.i.AbstractProblemLoader Creating init config 
77921      DEBUG main            d.u.i.k.p.i.AbstractProblemLoader Init config took 2.48s 
77973      INFO  main            d.u.i.k.p.i.AbstractProblemLoader Replaying proof unsatcore_after.competition.postcond5.scope333.LRS[unsatcore_after.competition.postcond5.scope333.LRS::doLRS()].JML operation contract.0 
78524      DEBUG main            d.u.i.k.p.i.IntermediateProofReplayer Proof replay took 537.33ms 
78525      DEBUG main            d.u.i.k.p.r.p.TestFile    ... success: reloaded. 
78526      INFO  main            d.u.i.k.p.r.p.TestFile    Now processing file /home/runner/work/key/key/key.core/../key.ui/examples/heap/information_flow/ArrayList_contains.key 
78527      INFO  main            d.u.i.k.p.i.AbstractProblemLoader Loading environment from /home/runner/work/key/key/key.core/../key.ui/examples/heap/information_flow/ArrayList_contains.key 
78527      DEBUG main            d.u.i.k.p.i.AbstractProblemLoader Environment load took 202.7ns 
78528      INFO  main            d.u.i.k.p.i.AbstractProblemLoader Creating init config 
81284      DEBUG main            d.u.i.k.p.i.AbstractProblemLoader Init config took 2.76s 
81324      INFO  main            d.u.i.k.p.i.AbstractProblemLoader Replaying proof ArrayList[ArrayList::get(int)].JML normal_behavior operation contract.0 
81325      DEBUG main            d.u.i.k.p.i.IntermediateProofReplayer Proof replay took 5ns 
81631      INFO  main            d.u.i.k.p.r.p.TestFile    ... finished proof: closed. 
81866      INFO  main            d.u.i.k.p.i.AbstractProblemLoader Loading environment from /home/runner/work/key/key/key.core/../key.ui/examples/heap/information_flow/ArrayList_contains.key.proof 
81866      DEBUG main            d.u.i.k.p.i.AbstractProblemLoader Environment load took 109ns 
81867      INFO  main            d.u.i.k.p.i.AbstractProblemLoader Creating init config 
84439      DEBUG main            d.u.i.k.p.i.AbstractProblemLoader Init config took 2.57s 
84477      INFO  main            d.u.i.k.p.i.AbstractProblemLoader Replaying proof ArrayList[ArrayList::get(int)].JML normal_behavior operation contract.0 
84527      DEBUG main            d.u.i.k.p.i.IntermediateProofReplayer Proof replay took 47.84ms 
84528      DEBUG main            d.u.i.k.p.r.p.TestFile    ... success: reloaded. 
84529      INFO  main            d.u.i.k.p.r.p.TestFile    Now processing file /home/runner/work/key/key/key.core/../key.ui/examples/heap/information_flow/ArrayList_get.key 
84530      INFO  main            d.u.i.k.p.i.AbstractProblemLoader Loading environment from /home/runner/work/key/key/key.core/../key.ui/examples/heap/information_flow/ArrayList_get.key 
84530      DEBUG main            d.u.i.k.p.i.AbstractProblemLoader Environment load took 226.8ns 
84531      INFO  main            d.u.i.k.p.i.AbstractProblemLoader Creating init config 
87135      DEBUG main            d.u.i.k.p.i.AbstractProblemLoader Init config took 2.6s 
87174      INFO  main            d.u.i.k.p.i.AbstractProblemLoader Replaying proof ArrayList[ArrayList::contains(java.lang.Object)].JML normal_behavior operation contract.0 
87175      DEBUG main            d.u.i.k.p.i.IntermediateProofReplayer Proof replay took 5.4ns 
87978      INFO  main            d.u.i.k.p.r.p.TestFile    ... finished proof: closed. 
88227      INFO  main            d.u.i.k.p.i.AbstractProblemLoader Loading environment from /home/runner/work/key/key/key.core/../key.ui/examples/heap/information_flow/ArrayList_get.key.proof 
88228      DEBUG main            d.u.i.k.p.i.AbstractProblemLoader Environment load took 511.6ns 
88229      INFO  main            d.u.i.k.p.i.AbstractProblemLoader Creating init config 
90777      DEBUG main            d.u.i.k.p.i.AbstractProblemLoader Init config took 2.55s 
90815      INFO  main            d.u.i.k.p.i.AbstractProblemLoader Replaying proof ArrayList[ArrayList::contains(java.lang.Object)].JML normal_behavior operation contract.0 
90926      DEBUG main            d.u.i.k.p.i.IntermediateProofReplayer Proof replay took 105.67ms 
90927      DEBUG main            d.u.i.k.p.r.p.TestFile    ... success: reloaded. 
90928      INFO  main            d.u.i.k.p.r.p.TestFile    Now processing file /home/runner/work/key/key/key.core/../key.ui/examples/heap/information_flow/ArrayList_size.key 
90928      INFO  main            d.u.i.k.p.i.AbstractProblemLoader Loading environment from /home/runner/work/key/key/key.core/../key.ui/examples/heap/information_flow/ArrayList_size.key 
90929      DEBUG main            d.u.i.k.p.i.AbstractProblemLoader Environment load took 209.2ns 
90929      INFO  main            d.u.i.k.p.i.AbstractProblemLoader Creating init config 
93544      DEBUG main            d.u.i.k.p.i.AbstractProblemLoader Init config took 2.61s 
93580      INFO  main            d.u.i.k.p.i.AbstractProblemLoader Replaying proof ArrayList[ArrayList::size()].JML normal_behavior operation contract.0 
93582      DEBUG main            d.u.i.k.p.i.IntermediateProofReplayer Proof replay took 5.6ns 
93686      INFO  main            d.u.i.k.p.r.p.TestFile    ... finished proof: closed. 
93909      INFO  main            d.u.i.k.p.i.AbstractProblemLoader Loading environment from /home/runner/work/key/key/key.core/../key.ui/examples/heap/information_flow/ArrayList_size.key.proof 
93909      DEBUG main            d.u.i.k.p.i.AbstractProblemLoader Environment load took 105ns 
93910      INFO  main            d.u.i.k.p.i.AbstractProblemLoader Creating init config 
96477      DEBUG main            d.u.i.k.p.i.AbstractProblemLoader Init config took 2.57s 
96524      INFO  main            d.u.i.k.p.i.AbstractProblemLoader Replaying proof ArrayList[ArrayList::size()].JML normal_behavior operation contract.0 
96535      DEBUG main            d.u.i.k.p.i.IntermediateProofReplayer Proof replay took 9.28ms 
96536      DEBUG main            d.u.i.k.p.r.p.TestFile    ... success: reloaded. 
96537      INFO  main            d.u.i.k.p.r.p.TestFile    Now processing file /home/runner/work/key/key/key.core/../key.ui/examples/heap/information_flow/UpdateAbstraction_ex7_3_secure.key 
96537      INFO  main            d.u.i.k.p.i.AbstractProblemLoader Loading environment from /home/runner/work/key/key/key.core/../key.ui/examples/heap/information_flow/UpdateAbstraction_ex7_3_secure.key 
96537      DEBUG main            d.u.i.k.p.i.AbstractProblemLoader Environment load took 115.4ns 
96538      INFO  main            d.u.i.k.p.i.AbstractProblemLoader Creating init config 
99154      DEBUG main            d.u.i.k.p.i.AbstractProblemLoader Init config took 2.62s 
99189      INFO  main            d.u.i.k.p.i.AbstractProblemLoader Replaying proof UpdateAbstraction[UpdateAbstraction::ex7_3_secure()].JML operation contract.0 
99190      DEBUG main            d.u.i.k.p.i.IntermediateProofReplayer Proof replay took 5.3ns 
99392      INFO  main            d.u.i.k.p.r.p.TestFile    ... finished proof: closed. 
99682      INFO  main            d.u.i.k.p.i.AbstractProblemLoader Loading environment from /home/runner/work/key/key/key.core/../key.ui/examples/heap/information_flow/UpdateAbstraction_ex7_3_secure.key.proof 
99682      DEBUG main            d.u.i.k.p.i.AbstractProblemLoader Environment load took 109.3ns 
99683      INFO  main            d.u.i.k.p.i.AbstractProblemLoader Creating init config 
102214     DEBUG main            d.u.i.k.p.i.AbstractProblemLoader Init config took 2.53s 
102249     INFO  main            d.u.i.k.p.i.AbstractProblemLoader Replaying proof UpdateAbstraction[UpdateAbstraction::ex7_3_secure()].JML operation contract.0 
102271     DEBUG main            d.u.i.k.p.i.IntermediateProofReplayer Proof replay took 20.74ms 
102272     DEBUG main            d.u.i.k.p.r.p.TestFile    ... success: reloaded. 
102273     INFO  main            d.u.i.k.p.r.p.TestFile    Now processing file /home/runner/work/key/key/key.core/../key.ui/examples/heap/information_flow/UpdateAbstraction_ex7_4_secure.key 
102273     INFO  main            d.u.i.k.p.i.AbstractProblemLoader Loading environment from /home/runner/work/key/key/key.core/../key.ui/examples/heap/information_flow/UpdateAbstraction_ex7_4_secure.key 
102273     DEBUG main            d.u.i.k.p.i.AbstractProblemLoader Environment load took 72.4ns 
102274     INFO  main            d.u.i.k.p.i.AbstractProblemLoader Creating init config 
104868     DEBUG main            d.u.i.k.p.i.AbstractProblemLoader Init config took 2.59s 
104903     INFO  main            d.u.i.k.p.i.AbstractProblemLoader Replaying proof UpdateAbstraction[UpdateAbstraction::ex7_4_secure()].JML operation contract.0 
104905     DEBUG main            d.u.i.k.p.i.IntermediateProofReplayer Proof replay took 6.1ns 
105107     INFO  main            d.u.i.k.p.r.p.TestFile    ... finished proof: closed. 
105355     INFO  main            d.u.i.k.p.i.AbstractProblemLoader Loading environment from /home/runner/work/key/key/key.core/../key.ui/examples/heap/information_flow/UpdateAbstraction_ex7_4_secure.key.proof 
105355     DEBUG main            d.u.i.k.p.i.AbstractProblemLoader Environment load took 111.8ns 
105356     INFO  main            d.u.i.k.p.i.AbstractProblemLoader Creating init config 
107907     DEBUG main            d.u.i.k.p.i.AbstractProblemLoader Init config took 2.55s 
107941     INFO  main            d.u.i.k.p.i.AbstractProblemLoader Replaying proof UpdateAbstraction[UpdateAbstraction::ex7_4_secure()].JML operation contract.0 
107975     DEBUG main            d.u.i.k.p.i.IntermediateProofReplayer Proof replay took 31.42ms 
107975     DEBUG main            d.u.i.k.p.r.p.TestFile    ... success: reloaded. 
107976     INFO  main            d.u.i.k.p.r.p.TestFile    Now processing file /home/runner/work/key/key/key.core/../key.ui/examples/heap/information_flow/UpdateAbstraction_ex7_5_secure.key 
107976     INFO  main            d.u.i.k.p.i.AbstractProblemLoader Loading environment from /home/runner/work/key/key/key.core/../key.ui/examples/heap/information_flow/UpdateAbstraction_ex7_5_secure.key 
107976     DEBUG main            d.u.i.k.p.i.AbstractProblemLoader Environment load took 168.7ns 
107977     INFO  main            d.u.i.k.p.i.AbstractProblemLoader Creating init config 
110617     DEBUG main            d.u.i.k.p.i.AbstractProblemLoader Init config took 2.64s 
110651     INFO  main            d.u.i.k.p.i.AbstractProblemLoader Replaying proof UpdateAbstraction[UpdateAbstraction::ex7_5_secure()].JML operation contract.0 
110652     DEBUG main            d.u.i.k.p.i.IntermediateProofReplayer Proof replay took 5.5ns 
110753     INFO  main            d.u.i.k.p.r.p.TestFile    ... finished proof: closed. 
111078     INFO  main            d.u.i.k.p.i.AbstractProblemLoader Loading environment from /home/runner/work/key/key/key.core/../key.ui/examples/heap/information_flow/UpdateAbstraction_ex7_5_secure.key.proof 
111078     DEBUG main            d.u.i.k.p.i.AbstractProblemLoader Environment load took 103.9ns 
111079     INFO  main            d.u.i.k.p.i.AbstractProblemLoader Creating init config 
113630     DEBUG main            d.u.i.k.p.i.AbstractProblemLoader Init config took 2.55s 
113669     INFO  main            d.u.i.k.p.i.AbstractProblemLoader Replaying proof UpdateAbstraction[UpdateAbstraction::ex7_5_secure()].JML operation contract.0 
113684     DEBUG main            d.u.i.k.p.i.IntermediateProofReplayer Proof replay took 13.97ms 
113685     DEBUG main            d.u.i.k.p.r.p.TestFile    ... success: reloaded. 
113686     INFO  main            d.u.i.k.p.r.p.TestFile    Now processing file /home/runner/work/key/key/key.core/../key.ui/examples/heap/information_flow/UpdateAbstraction_ex7_6_secure.key 
113686     INFO  main            d.u.i.k.p.i.AbstractProblemLoader Loading environment from /home/runner/work/key/key/key.core/../key.ui/examples/heap/information_flow/UpdateAbstraction_ex7_6_secure.key 
113686     DEBUG main            d.u.i.k.p.i.AbstractProblemLoader Environment load took 87.5ns 
113687     INFO  main            d.u.i.k.p.i.AbstractProblemLoader Creating init config 
116263     DEBUG main            d.u.i.k.p.i.AbstractProblemLoader Init config took 2.58s 
116298     INFO  main            d.u.i.k.p.i.AbstractProblemLoader Replaying proof UpdateAbstraction[UpdateAbstraction::ex7_6_secure()].JML operation contract.0 
116299     DEBUG main            d.u.i.k.p.i.IntermediateProofReplayer Proof replay took 5.4ns 
116620     INFO  main            d.u.i.k.p.r.p.TestFile    ... finished proof: closed. 
116877     INFO  main            d.u.i.k.p.i.AbstractProblemLoader Loading environment from /home/runner/work/key/key/key.core/../key.ui/examples/heap/information_flow/UpdateAbstraction_ex7_6_secure.key.proof 
116877     DEBUG main            d.u.i.k.p.i.AbstractProblemLoader Environment load took 114.1ns 
116878     INFO  main            d.u.i.k.p.i.AbstractProblemLoader Creating init config 
119403     DEBUG main            d.u.i.k.p.i.AbstractProblemLoader Init config took 2.53s 
119438     INFO  main            d.u.i.k.p.i.AbstractProblemLoader Replaying proof UpdateAbstraction[UpdateAbstraction::ex7_6_secure()].JML operation contract.0 
119505     DEBUG main            d.u.i.k.p.i.IntermediateProofReplayer Proof replay took 59.97ms 
119506     DEBUG main            d.u.i.k.p.r.p.TestFile    ... success: reloaded. 
119506     INFO  main            d.u.i.k.p.r.p.TestFile    Now processing file /home/runner/work/key/key/key.core/../key.ui/examples/heap/information_flow/UpdateAbstraction_ex9_secure.key 
119508     INFO  main            d.u.i.k.p.i.AbstractProblemLoader Loading environment from /home/runner/work/key/key/key.core/../key.ui/examples/heap/information_flow/UpdateAbstraction_ex9_secure.key 
119508     DEBUG main            d.u.i.k.p.i.AbstractProblemLoader Environment load took 529.5ns 
119510     INFO  main            d.u.i.k.p.i.AbstractProblemLoader Creating init config 
122099     DEBUG main            d.u.i.k.p.i.AbstractProblemLoader Init config took 2.59s 
122133     INFO  main            d.u.i.k.p.i.AbstractProblemLoader Replaying proof UpdateAbstraction[UpdateAbstraction::ex9_secure()].JML operation contract.0 
122134     DEBUG main            d.u.i.k.p.i.IntermediateProofReplayer Proof replay took 5.1ns 
123047     INFO  main            d.u.i.k.p.r.p.TestFile    ... finished proof: closed. 
123332     INFO  main            d.u.i.k.p.i.AbstractProblemLoader Loading environment from /home/runner/work/key/key/key.core/../key.ui/examples/heap/information_flow/UpdateAbstraction_ex9_secure.key.proof 
123332     DEBUG main            d.u.i.k.p.i.AbstractProblemLoader Environment load took 118ns 
123333     INFO  main            d.u.i.k.p.i.AbstractProblemLoader Creating init config 
125871     DEBUG main            d.u.i.k.p.i.AbstractProblemLoader Init config took 2.54s 
125910     INFO  main            d.u.i.k.p.i.AbstractProblemLoader Replaying proof UpdateAbstraction[UpdateAbstraction::ex9_secure()].JML operation contract.0 
126053     DEBUG main            d.u.i.k.p.i.IntermediateProofReplayer Proof replay took 135.6ms 
126054     DEBUG main            d.u.i.k.p.r.p.TestFile    ... success: reloaded. 
813725     INFO  Test worker     d.u.i.k.p.r.RunAllProofsTestUnit Returning from test javaCard 
813726     INFO  Test worker     d.u.i.k.p.r.RunAllProofsTestUnit Running test list 
342        INFO  Timeout watchdog d.u.i.k.p.r.p.ForkedTestFileRunner Timeout watcher launched (2000 secs.) 
365        WARN  main            d.u.i.k.s.ProofSettings   The settings in /home/runner/.key/proof-settings.props are *not* read. 
393        INFO  main            d.u.i.k.p.r.p.TestFile    Now processing file /home/runner/work/key/key/key.core/../key.ui/examples/heap/list/ArrayList_add.key 
506        INFO  main            d.u.i.k.p.i.AbstractProblemLoader Loading environment from /home/runner/work/key/key/key.core/../key.ui/examples/heap/list/ArrayList_add.key 
522        DEBUG main            d.u.i.k.p.i.AbstractProblemLoader Environment load took 2.18ms 
725        INFO  main            d.u.i.k.p.i.AbstractProblemLoader Creating init config 
1610       DEBUG main            d.u.i.k.j.TypeConverter   No LDT found for Meta 
1610       DEBUG main            d.u.i.k.j.TypeConverter   No LDT found for Meta 
1614       DEBUG main            d.u.i.k.j.TypeConverter   No LDT found for Meta 
1614       DEBUG main            d.u.i.k.j.TypeConverter   No LDT found for Meta 
2784       DEBUG main            d.u.i.k.j.TypeConverter   No LDT found for JavaBigintExpression 
5843       DEBUG main            d.u.i.k.j.r.ClassPreparationMethodBuilder clPrepBuilder: Inner Class detected. Reject building class initialisation methods. 
8446       DEBUG main            d.u.i.k.p.i.AbstractProblemLoader Init config took 7.72s 
8584       INFO  main            d.u.i.k.p.i.AbstractProblemLoader Replaying proof ArrayList[List::add(java.lang.Object)].JML normal_behavior operation contract.0 
8640       DEBUG main            d.u.i.k.p.i.IntermediateProofReplayer Proof replay took 36.5ns 
13804      INFO  main            d.u.i.k.p.r.p.TestFile    ... finished proof: closed. 
14040      INFO  main            d.u.i.k.p.i.AbstractProblemLoader Loading environment from /home/runner/work/key/key/key.core/../key.ui/examples/heap/list/ArrayList_add.key.proof 
14041      DEBUG main            d.u.i.k.p.i.AbstractProblemLoader Environment load took 458.6ns 
14043      INFO  main            d.u.i.k.p.i.AbstractProblemLoader Creating init config 
15180      DEBUG main            d.u.i.k.j.r.ClassPreparationMethodBuilder clPrepBuilder: Inner Class detected. Reject building class initialisation methods. 
17360      DEBUG main            d.u.i.k.p.i.AbstractProblemLoader Init config took 3.32s 
17442      INFO  main            d.u.i.k.p.i.AbstractProblemLoader Replaying proof ArrayList[List::add(java.lang.Object)].JML normal_behavior operation contract.0 
17989      DEBUG main            d.u.i.k.p.i.IntermediateProofReplayer Proof replay took 520.38ms 
17997      DEBUG main            d.u.i.k.p.r.p.TestFile    ... success: reloaded. 
17999      INFO  main            d.u.i.k.p.r.p.TestFile    Now processing file /home/runner/work/key/key/key.core/../key.ui/examples/heap/list/ArrayList_ArrayList.key 
17999      INFO  main            d.u.i.k.p.i.AbstractProblemLoader Loading environment from /home/runner/work/key/key/key.core/../key.ui/examples/heap/list/ArrayList_ArrayList.key 
18000      DEBUG main            d.u.i.k.p.i.AbstractProblemLoader Environment load took 252.1ns 
18001      INFO  main            d.u.i.k.p.i.AbstractProblemLoader Creating init config 
19111      DEBUG main            d.u.i.k.j.r.ClassPreparationMethodBuilder clPrepBuilder: Inner Class detected. Reject building class initialisation methods. 
21297      DEBUG main            d.u.i.k.p.i.AbstractProblemLoader Init config took 3.3s 
21379      INFO  main            d.u.i.k.p.i.AbstractProblemLoader Replaying proof ArrayList[ArrayList::ArrayList()].JML normal_behavior operation contract.0 
21381      DEBUG main            d.u.i.k.p.i.IntermediateProofReplayer Proof replay took 5.2ns 
22689      INFO  main            d.u.i.k.p.r.p.TestFile    ... finished proof: closed. 
22835      INFO  main            d.u.i.k.p.i.AbstractProblemLoader Loading environment from /home/runner/work/key/key/key.core/../key.ui/examples/heap/list/ArrayList_ArrayList.key.proof 
22836      DEBUG main            d.u.i.k.p.i.AbstractProblemLoader Environment load took 454.1ns 
22839      INFO  main            d.u.i.k.p.i.AbstractProblemLoader Creating init config 
23881      DEBUG main            d.u.i.k.j.r.ClassPreparationMethodBuilder clPrepBuilder: Inner Class detected. Reject building class initialisation methods. 
26061      DEBUG main            d.u.i.k.p.i.AbstractProblemLoader Init config took 3.22s 
26119      INFO  main            d.u.i.k.p.i.AbstractProblemLoader Replaying proof ArrayList[ArrayList::ArrayList()].JML normal_behavior operation contract.0 
26287      DEBUG main            d.u.i.k.p.i.IntermediateProofReplayer Proof replay took 157.31ms 
26288      DEBUG main            d.u.i.k.p.r.p.TestFile    ... success: reloaded. 
26289      INFO  main            d.u.i.k.p.r.p.TestFile    Now processing file /home/runner/work/key/key/key.core/../key.ui/examples/heap/list/ArrayList_concatenate.key 
26290      INFO  main            d.u.i.k.p.i.AbstractProblemLoader Loading environment from /home/runner/work/key/key/key.core/../key.ui/examples/heap/list/ArrayList_concatenate.key 
26290      DEBUG main            d.u.i.k.p.i.AbstractProblemLoader Environment load took 96.2ns 
26291      INFO  main            d.u.i.k.p.i.AbstractProblemLoader Creating init config 
27397      DEBUG main            d.u.i.k.j.r.ClassPreparationMethodBuilder clPrepBuilder: Inner Class detected. Reject building class initialisation methods. 
29547      DEBUG main            d.u.i.k.p.i.AbstractProblemLoader Init config took 3.26s 
29604      INFO  main            d.u.i.k.p.i.AbstractProblemLoader Replaying proof ArrayList[List::concatenate(List)].JML normal_behavior operation contract.0 
29605      DEBUG main            d.u.i.k.p.i.IntermediateProofReplayer Proof replay took 13.1ns 
53257      INFO  main            d.u.i.k.p.r.p.TestFile    ... finished proof: closed. 
53489      INFO  main            d.u.i.k.p.i.AbstractProblemLoader Loading environment from /home/runner/work/key/key/key.core/../key.ui/examples/heap/list/ArrayList_concatenate.key.proof 
53489      DEBUG main            d.u.i.k.p.i.AbstractProblemLoader Environment load took 213ns 
53494      INFO  main            d.u.i.k.p.i.AbstractProblemLoader Creating init config 
54494      DEBUG main            d.u.i.k.j.r.ClassPreparationMethodBuilder clPrepBuilder: Inner Class detected. Reject building class initialisation methods. 
56584      DEBUG main            d.u.i.k.p.i.AbstractProblemLoader Init config took 3.09s 
56643      INFO  main            d.u.i.k.p.i.AbstractProblemLoader Replaying proof ArrayList[List::concatenate(List)].JML normal_behavior operation contract.0 
58040      DEBUG main            d.u.i.k.p.i.IntermediateProofReplayer Proof replay took 1.33s 
58044      DEBUG main            d.u.i.k.p.r.p.TestFile    ... success: reloaded. 
58045      INFO  main            d.u.i.k.p.r.p.TestFile    Now processing file /home/runner/work/key/key/key.core/../key.ui/examples/heap/list/ArrayList_contains_dep.key 
58046      INFO  main            d.u.i.k.p.i.AbstractProblemLoader Loading environment from /home/runner/work/key/key/key.core/../key.ui/examples/heap/list/ArrayList_contains_dep.key 
58046      DEBUG main            d.u.i.k.p.i.AbstractProblemLoader Environment load took 217.7ns 
58047      INFO  main            d.u.i.k.p.i.AbstractProblemLoader Creating init config 
59164      DEBUG main            d.u.i.k.j.r.ClassPreparationMethodBuilder clPrepBuilder: Inner Class detected. Reject building class initialisation methods. 
61348      DEBUG main            d.u.i.k.p.i.AbstractProblemLoader Init config took 3.3s 
61404      INFO  main            d.u.i.k.p.i.AbstractProblemLoader Replaying proof ArrayList[List::contains(java.lang.Object)].JML accessible clause.0 
61405      DEBUG main            d.u.i.k.p.i.IntermediateProofReplayer Proof replay took 4.8ns 
64047      INFO  main            d.u.i.k.p.r.p.TestFile    ... finished proof: closed. 
64246      INFO  main            d.u.i.k.p.i.AbstractProblemLoader Loading environment from /home/runner/work/key/key/key.core/../key.ui/examples/heap/list/ArrayList_contains_dep.key.proof 
64247      DEBUG main            d.u.i.k.p.i.AbstractProblemLoader Environment load took 586.9ns 
64248      INFO  main            d.u.i.k.p.i.AbstractProblemLoader Creating init config 
65224      DEBUG main            d.u.i.k.j.r.ClassPreparationMethodBuilder clPrepBuilder: Inner Class detected. Reject building class initialisation methods. 
67331      DEBUG main            d.u.i.k.p.i.AbstractProblemLoader Init config took 3.08s 
67392      INFO  main            d.u.i.k.p.i.AbstractProblemLoader Replaying proof ArrayList[List::contains(java.lang.Object)].JML accessible clause.0 
67685      DEBUG main            d.u.i.k.p.i.IntermediateProofReplayer Proof replay took 283.12ms 
67687      DEBUG main            d.u.i.k.p.r.p.TestFile    ... success: reloaded. 
67688      INFO  main            d.u.i.k.p.r.p.TestFile    Now processing file /home/runner/work/key/key/key.core/../key.ui/examples/heap/list/ArrayList_enlarge.key 
67688      INFO  main            d.u.i.k.p.i.AbstractProblemLoader Loading environment from /home/runner/work/key/key/key.core/../key.ui/examples/heap/list/ArrayList_enlarge.key 
67688      DEBUG main            d.u.i.k.p.i.AbstractProblemLoader Environment load took 91.5ns 
67689      INFO  main            d.u.i.k.p.i.AbstractProblemLoader Creating init config 
68715      DEBUG main            d.u.i.k.j.r.ClassPreparationMethodBuilder clPrepBuilder: Inner Class detected. Reject building class initialisation methods. 
70806      DEBUG main            d.u.i.k.p.i.AbstractProblemLoader Init config took 3.12s 
70857      INFO  main            d.u.i.k.p.i.AbstractProblemLoader Replaying proof ArrayList[ArrayList::enlarge()].JML normal_behavior operation contract.0 
70859      DEBUG main            d.u.i.k.p.i.IntermediateProofReplayer Proof replay took 4.7ns 
73164      INFO  main            d.u.i.k.p.r.p.TestFile    ... finished proof: closed. 
73357      INFO  main            d.u.i.k.p.i.AbstractProblemLoader Loading environment from /home/runner/work/key/key/key.core/../key.ui/examples/heap/list/ArrayList_enlarge.key.proof 
73358      DEBUG main            d.u.i.k.p.i.AbstractProblemLoader Environment load took 428.5ns 
73359      INFO  main            d.u.i.k.p.i.AbstractProblemLoader Creating init config 
74327      DEBUG main            d.u.i.k.j.r.ClassPreparationMethodBuilder clPrepBuilder: Inner Class detected. Reject building class initialisation methods. 
76396      DEBUG main            d.u.i.k.p.i.AbstractProblemLoader Init config took 3.04s 
76445      INFO  main            d.u.i.k.p.i.AbstractProblemLoader Replaying proof ArrayList[ArrayList::enlarge()].JML normal_behavior operation contract.0 
76719      DEBUG main            d.u.i.k.p.i.IntermediateProofReplayer Proof replay took 265.43ms 
76720      DEBUG main            d.u.i.k.p.r.p.TestFile    ... success: reloaded. 
76721      INFO  main            d.u.i.k.p.r.p.TestFile    Now processing file /home/runner/work/key/key/key.core/../key.ui/examples/heap/list/ArrayList_footprint.key 
76721      INFO  main            d.u.i.k.p.i.AbstractProblemLoader Loading environment from /home/runner/work/key/key/key.core/../key.ui/examples/heap/list/ArrayList_footprint.key 
76722      DEBUG main            d.u.i.k.p.i.AbstractProblemLoader Environment load took 96.9ns 
76722      INFO  main            d.u.i.k.p.i.AbstractProblemLoader Creating init config 
77713      DEBUG main            d.u.i.k.j.r.ClassPreparationMethodBuilder clPrepBuilder: Inner Class detected. Reject building class initialisation methods. 
79813      DEBUG main            d.u.i.k.p.i.AbstractProblemLoader Init config took 3.09s 
79855      INFO  main            d.u.i.k.p.i.AbstractProblemLoader Replaying proof List[List::$footprint()].JML accessible clause.0 
79857      DEBUG main            d.u.i.k.p.i.IntermediateProofReplayer Proof replay took 4.5ns 
79962      INFO  main            d.u.i.k.p.r.p.TestFile    ... finished proof: closed. 
80126      INFO  main            d.u.i.k.p.i.AbstractProblemLoader Loading environment from /home/runner/work/key/key/key.core/../key.ui/examples/heap/list/ArrayList_footprint.key.proof 
80126      DEBUG main            d.u.i.k.p.i.AbstractProblemLoader Environment load took 105.2ns 
80127      INFO  main            d.u.i.k.p.i.AbstractProblemLoader Creating init config 
81102      DEBUG main            d.u.i.k.j.r.ClassPreparationMethodBuilder clPrepBuilder: Inner Class detected. Reject building class initialisation methods. 
83206      DEBUG main            d.u.i.k.p.i.AbstractProblemLoader Init config took 3.08s 
83254      INFO  main            d.u.i.k.p.i.AbstractProblemLoader Replaying proof List[List::$footprint()].JML accessible clause.0 
83258      DEBUG main            d.u.i.k.p.i.IntermediateProofReplayer Proof replay took 856.6ns 
83260      DEBUG main            d.u.i.k.p.r.p.TestFile    ... success: reloaded. 
83261      INFO  main            d.u.i.k.p.r.p.TestFile    Now processing file /home/runner/work/key/key/key.core/../key.ui/examples/heap/list/ArrayList_get_dep.key 
83261      INFO  main            d.u.i.k.p.i.AbstractProblemLoader Loading environment from /home/runner/work/key/key/key.core/../key.ui/examples/heap/list/ArrayList_get_dep.key 
83261      DEBUG main            d.u.i.k.p.i.AbstractProblemLoader Environment load took 94ns 
83262      INFO  main            d.u.i.k.p.i.AbstractProblemLoader Creating init config 
84264      DEBUG main            d.u.i.k.j.r.ClassPreparationMethodBuilder clPrepBuilder: Inner Class detected. Reject building class initialisation methods. 
86334      DEBUG main            d.u.i.k.p.i.AbstractProblemLoader Init config took 3.07s 
86398      INFO  main            d.u.i.k.p.i.AbstractProblemLoader Replaying proof ArrayList[List::get(int)].JML accessible clause.0 
86400      DEBUG main            d.u.i.k.p.i.IntermediateProofReplayer Proof replay took 5.3ns 
86807      INFO  main            d.u.i.k.p.r.p.TestFile    ... finished proof: closed. 
86995      INFO  main            d.u.i.k.p.i.AbstractProblemLoader Loading environment from /home/runner/work/key/key/key.core/../key.ui/examples/heap/list/ArrayList_get_dep.key.proof 
86995      DEBUG main            d.u.i.k.p.i.AbstractProblemLoader Environment load took 113.3ns 
86996      INFO  main            d.u.i.k.p.i.AbstractProblemLoader Creating init config 
87990      DEBUG main            d.u.i.k.j.r.ClassPreparationMethodBuilder clPrepBuilder: Inner Class detected. Reject building class initialisation methods. 
90053      DEBUG main            d.u.i.k.p.i.AbstractProblemLoader Init config took 3.06s 
90122      INFO  main            d.u.i.k.p.i.AbstractProblemLoader Replaying proof ArrayList[List::get(int)].JML accessible clause.0 
90174      DEBUG main            d.u.i.k.p.i.IntermediateProofReplayer Proof replay took 49.12ms 
90175      DEBUG main            d.u.i.k.p.r.p.TestFile    ... success: reloaded. 
90177      INFO  main            d.u.i.k.p.r.p.TestFile    Now processing file /home/runner/work/key/key/key.core/../key.ui/examples/heap/list/ArrayList_get_exceptional.key 
90177      INFO  main            d.u.i.k.p.i.AbstractProblemLoader Loading environment from /home/runner/work/key/key/key.core/../key.ui/examples/heap/list/ArrayList_get_exceptional.key 
90177      DEBUG main            d.u.i.k.p.i.AbstractProblemLoader Environment load took 233.8ns 
90178      INFO  main            d.u.i.k.p.i.AbstractProblemLoader Creating init config 
91192      DEBUG main            d.u.i.k.j.r.ClassPreparationMethodBuilder clPrepBuilder: Inner Class detected. Reject building class initialisation methods. 
93369      DEBUG main            d.u.i.k.p.i.AbstractProblemLoader Init config took 3.19s 
93417      INFO  main            d.u.i.k.p.i.AbstractProblemLoader Replaying proof ArrayList[List::get(int)].JML exceptional_behavior operation contract.0 
93418      DEBUG main            d.u.i.k.p.i.IntermediateProofReplayer Proof replay took 5.3ns 
94622      INFO  main            d.u.i.k.p.r.p.TestFile    ... finished proof: closed. 
94824      INFO  main            d.u.i.k.p.i.AbstractProblemLoader Loading environment from /home/runner/work/key/key/key.core/../key.ui/examples/heap/list/ArrayList_get_exceptional.key.proof 
94824      DEBUG main            d.u.i.k.p.i.AbstractProblemLoader Environment load took 116.6ns 
94825      INFO  main            d.u.i.k.p.i.AbstractProblemLoader Creating init config 
95835      DEBUG main            d.u.i.k.j.r.ClassPreparationMethodBuilder clPrepBuilder: Inner Class detected. Reject building class initialisation methods. 
97918      DEBUG main            d.u.i.k.p.i.AbstractProblemLoader Init config took 3.09s 
97964      INFO  main            d.u.i.k.p.i.AbstractProblemLoader Replaying proof ArrayList[List::get(int)].JML exceptional_behavior operation contract.0 
98113      DEBUG main            d.u.i.k.p.i.IntermediateProofReplayer Proof replay took 142.38ms 
98114      DEBUG main            d.u.i.k.p.r.p.TestFile    ... success: reloaded. 
98115      INFO  main            d.u.i.k.p.r.p.TestFile    Now processing file /home/runner/work/key/key/key.core/../key.ui/examples/heap/list/ArrayList_get_normal.key 
98115      INFO  main            d.u.i.k.p.i.AbstractProblemLoader Loading environment from /home/runner/work/key/key/key.core/../key.ui/examples/heap/list/ArrayList_get_normal.key 
98116      DEBUG main            d.u.i.k.p.i.AbstractProblemLoader Environment load took 214.4ns 
98116      INFO  main            d.u.i.k.p.i.AbstractProblemLoader Creating init config 
99089      DEBUG main            d.u.i.k.j.r.ClassPreparationMethodBuilder clPrepBuilder: Inner Class detected. Reject building class initialisation methods. 
101193     DEBUG main            d.u.i.k.p.i.AbstractProblemLoader Init config took 3.08s 
101258     INFO  main            d.u.i.k.p.i.AbstractProblemLoader Replaying proof ArrayList[List::get(int)].JML normal_behavior operation contract.0 
101259     DEBUG main            d.u.i.k.p.i.IntermediateProofReplayer Proof replay took 4.8ns 
101662     INFO  main            d.u.i.k.p.r.p.TestFile    ... finished proof: closed. 
101854     INFO  main            d.u.i.k.p.i.AbstractProblemLoader Loading environment from /home/runner/work/key/key/key.core/../key.ui/examples/heap/list/ArrayList_get_normal.key.proof 
101854     DEBUG main            d.u.i.k.p.i.AbstractProblemLoader Environment load took 112.8ns 
101855     INFO  main            d.u.i.k.p.i.AbstractProblemLoader Creating init config 
102850     DEBUG main            d.u.i.k.j.r.ClassPreparationMethodBuilder clPrepBuilder: Inner Class detected. Reject building class initialisation methods. 
104955     DEBUG main            d.u.i.k.p.i.AbstractProblemLoader Init config took 3.1s 
105000     INFO  main            d.u.i.k.p.i.AbstractProblemLoader Replaying proof ArrayList[List::get(int)].JML normal_behavior operation contract.0 
105049     DEBUG main            d.u.i.k.p.i.IntermediateProofReplayer Proof replay took 45.64ms 
105050     DEBUG main            d.u.i.k.p.r.p.TestFile    ... success: reloaded. 
105051     INFO  main            d.u.i.k.p.r.p.TestFile    Now processing file /home/runner/work/key/key/key.core/../key.ui/examples/heap/list/ArrayList_inv.key 
105052     INFO  main            d.u.i.k.p.i.AbstractProblemLoader Loading environment from /home/runner/work/key/key/key.core/../key.ui/examples/heap/list/ArrayList_inv.key 
105052     DEBUG main            d.u.i.k.p.i.AbstractProblemLoader Environment load took 80.2ns 
105052     INFO  main            d.u.i.k.p.i.AbstractProblemLoader Creating init config 
106024     DEBUG main            d.u.i.k.j.r.ClassPreparationMethodBuilder clPrepBuilder: Inner Class detected. Reject building class initialisation methods. 
108107     DEBUG main            d.u.i.k.p.i.AbstractProblemLoader Init config took 3.06s 
108152     INFO  main            d.u.i.k.p.i.AbstractProblemLoader Replaying proof ArrayList[java.lang.Object::<inv>()].JML accessible clause.0 
108153     DEBUG main            d.u.i.k.p.i.IntermediateProofReplayer Proof replay took 5ns 
108559     INFO  main            d.u.i.k.p.r.p.TestFile    ... finished proof: closed. 
108762     INFO  main            d.u.i.k.p.i.AbstractProblemLoader Loading environment from /home/runner/work/key/key/key.core/../key.ui/examples/heap/list/ArrayList_inv.key.proof 
108762     DEBUG main            d.u.i.k.p.i.AbstractProblemLoader Environment load took 110.5ns 
108763     INFO  main            d.u.i.k.p.i.AbstractProblemLoader Creating init config 
109741     DEBUG main            d.u.i.k.j.r.ClassPreparationMethodBuilder clPrepBuilder: Inner Class detected. Reject building class initialisation methods. 
111786     DEBUG main            d.u.i.k.p.i.AbstractProblemLoader Init config took 3.02s 
111830     INFO  main            d.u.i.k.p.i.AbstractProblemLoader Replaying proof ArrayList[java.lang.Object::<inv>()].JML accessible clause.0 
111865     DEBUG main            d.u.i.k.p.i.IntermediateProofReplayer Proof replay took 30.76ms 
111866     DEBUG main            d.u.i.k.p.r.p.TestFile    ... success: reloaded. 
111867     INFO  main            d.u.i.k.p.r.p.TestFile    Now processing file /home/runner/work/key/key/key.core/../key.ui/examples/heap/list/ArrayList_iterator.key 
111868     INFO  main            d.u.i.k.p.i.AbstractProblemLoader Loading environment from /home/runner/work/key/key/key.core/../key.ui/examples/heap/list/ArrayList_iterator.key 
111868     DEBUG main            d.u.i.k.p.i.AbstractProblemLoader Environment load took 91.7ns 
111869     INFO  main            d.u.i.k.p.i.AbstractProblemLoader Creating init config 
112861     DEBUG main            d.u.i.k.j.r.ClassPreparationMethodBuilder clPrepBuilder: Inner Class detected. Reject building class initialisation methods. 
114935     DEBUG main            d.u.i.k.p.i.AbstractProblemLoader Init config took 3.07s 
114979     INFO  main            d.u.i.k.p.i.AbstractProblemLoader Replaying proof ArrayList[List::iterator()].JML normal_behavior operation contract.0 
114980     DEBUG main            d.u.i.k.p.i.IntermediateProofReplayer Proof replay took 5.3ns 
115483     INFO  main            d.u.i.k.p.r.p.TestFile    ... finished proof: closed. 
115690     INFO  main            d.u.i.k.p.i.AbstractProblemLoader Loading environment from /home/runner/work/key/key/key.core/../key.ui/examples/heap/list/ArrayList_iterator.key.proof 
115690     DEBUG main            d.u.i.k.p.i.AbstractProblemLoader Environment load took 107.6ns 
115691     INFO  main            d.u.i.k.p.i.AbstractProblemLoader Creating init config 
116658     DEBUG main            d.u.i.k.j.r.ClassPreparationMethodBuilder clPrepBuilder: Inner Class detected. Reject building class initialisation methods. 
118693     DEBUG main            d.u.i.k.p.i.AbstractProblemLoader Init config took 3s 
118737     INFO  main            d.u.i.k.p.i.AbstractProblemLoader Replaying proof ArrayList[List::iterator()].JML normal_behavior operation contract.0 
118796     DEBUG main            d.u.i.k.p.i.IntermediateProofReplayer Proof replay took 55.28ms 
118797     DEBUG main            d.u.i.k.p.r.p.TestFile    ... success: reloaded. 
118798     INFO  main            d.u.i.k.p.r.p.TestFile    Now processing file /home/runner/work/key/key/key.core/../key.ui/examples/heap/list/ArrayList_size_dep.key 
118798     INFO  main            d.u.i.k.p.i.AbstractProblemLoader Loading environment from /home/runner/work/key/key/key.core/../key.ui/examples/heap/list/ArrayList_size_dep.key 
118798     DEBUG main            d.u.i.k.p.i.AbstractProblemLoader Environment load took 79.8ns 
118799     INFO  main            d.u.i.k.p.i.AbstractProblemLoader Creating init config 
119807     DEBUG main            d.u.i.k.j.r.ClassPreparationMethodBuilder clPrepBuilder: Inner Class detected. Reject building class initialisation methods. 
121888     DEBUG main            d.u.i.k.p.i.AbstractProblemLoader Init config took 3.09s 
121931     INFO  main            d.u.i.k.p.i.AbstractProblemLoader Replaying proof ArrayList[List::size()].JML accessible clause.0 
121933     DEBUG main            d.u.i.k.p.i.IntermediateProofReplayer Proof replay took 5.6ns 
122138     INFO  main            d.u.i.k.p.r.p.TestFile    ... finished proof: closed. 
122345     INFO  main            d.u.i.k.p.i.AbstractProblemLoader Loading environment from /home/runner/work/key/key/key.core/../key.ui/examples/heap/list/ArrayList_size_dep.key.proof 
122346     DEBUG main            d.u.i.k.p.i.AbstractProblemLoader Environment load took 107.3ns 
122346     INFO  main            d.u.i.k.p.i.AbstractProblemLoader Creating init config 
123310     DEBUG main            d.u.i.k.j.r.ClassPreparationMethodBuilder clPrepBuilder: Inner Class detected. Reject building class initialisation methods. 
125366     DEBUG main            d.u.i.k.p.i.AbstractProblemLoader Init config took 3.02s 
125421     INFO  main            d.u.i.k.p.i.AbstractProblemLoader Replaying proof ArrayList[List::size()].JML accessible clause.0 
125438     DEBUG main            d.u.i.k.p.i.IntermediateProofReplayer Proof replay took 14.8ms 
125439     DEBUG main            d.u.i.k.p.r.p.TestFile    ... success: reloaded. 
125441     INFO  main            d.u.i.k.p.r.p.TestFile    Now processing file /home/runner/work/key/key/key.core/../key.ui/examples/heap/list/ArrayList_size.key 
125441     INFO  main            d.u.i.k.p.i.AbstractProblemLoader Loading environment from /home/runner/work/key/key/key.core/../key.ui/examples/heap/list/ArrayList_size.key 
125441     DEBUG main            d.u.i.k.p.i.AbstractProblemLoader Environment load took 209ns 
125442     INFO  main            d.u.i.k.p.i.AbstractProblemLoader Creating init config 
126415     DEBUG main            d.u.i.k.j.r.ClassPreparationMethodBuilder clPrepBuilder: Inner Class detected. Reject building class initialisation methods. 
128477     DEBUG main            d.u.i.k.p.i.AbstractProblemLoader Init config took 3.03s 
128521     INFO  main            d.u.i.k.p.i.AbstractProblemLoader Replaying proof ArrayList[List::size()].JML normal_behavior operation contract.0 
128522     DEBUG main            d.u.i.k.p.i.IntermediateProofReplayer Proof replay took 5.6ns 
128726     INFO  main            d.u.i.k.p.r.p.TestFile    ... finished proof: closed. 
128941     INFO  main            d.u.i.k.p.i.AbstractProblemLoader Loading environment from /home/runner/work/key/key/key.core/../key.ui/examples/heap/list/ArrayList_size.key.proof 
128941     DEBUG main            d.u.i.k.p.i.AbstractProblemLoader Environment load took 106.5ns 
128942     INFO  main            d.u.i.k.p.i.AbstractProblemLoader Creating init config 
129897     DEBUG main            d.u.i.k.j.r.ClassPreparationMethodBuilder clPrepBuilder: Inner Class detected. Reject building class initialisation methods. 
131926     DEBUG main            d.u.i.k.p.i.AbstractProblemLoader Init config took 2.98s 
131983     INFO  main            d.u.i.k.p.i.AbstractProblemLoader Replaying proof ArrayList[List::size()].JML normal_behavior operation contract.0 
132010     DEBUG main            d.u.i.k.p.i.IntermediateProofReplayer Proof replay took 23.59ms 
132011     DEBUG main            d.u.i.k.p.r.p.TestFile    ... success: reloaded. 
132013     INFO  main            d.u.i.k.p.r.p.TestFile    Now processing file /home/runner/work/key/key/key.core/../key.ui/examples/heap/list/ArrayList.ArrayListIterator_ArrayListIterator.key 
132014     INFO  main            d.u.i.k.p.i.AbstractProblemLoader Loading environment from /home/runner/work/key/key/key.core/../key.ui/examples/heap/list/ArrayList.ArrayListIterator_ArrayListIterator.key 
132014     DEBUG main            d.u.i.k.p.i.AbstractProblemLoader Environment load took 92.5ns 
132015     INFO  main            d.u.i.k.p.i.AbstractProblemLoader Creating init config 
132999     DEBUG main            d.u.i.k.j.r.ClassPreparationMethodBuilder clPrepBuilder: Inner Class detected. Reject building class initialisation methods. 
135089     DEBUG main            d.u.i.k.p.i.AbstractProblemLoader Init config took 3.07s 
135141     INFO  main            d.u.i.k.p.i.AbstractProblemLoader Replaying proof ArrayList.ArrayListIterator[ArrayList.ArrayListIterator::ArrayListIterator(ArrayList)].JML normal_behavior operation contract.0 
135142     DEBUG main            d.u.i.k.p.i.IntermediateProofReplayer Proof replay took 5.3ns 
135747     INFO  main            d.u.i.k.p.r.p.TestFile    ... finished proof: closed. 
135991     INFO  main            d.u.i.k.p.i.AbstractProblemLoader Loading environment from /home/runner/work/key/key/key.core/../key.ui/examples/heap/list/ArrayList.ArrayListIterator_ArrayListIterator.key.proof 
135991     DEBUG main            d.u.i.k.p.i.AbstractProblemLoader Environment load took 102.8ns 
135992     INFO  main            d.u.i.k.p.i.AbstractProblemLoader Creating init config 
136950     DEBUG main            d.u.i.k.j.r.ClassPreparationMethodBuilder clPrepBuilder: Inner Class detected. Reject building class initialisation methods. 
139028     DEBUG main            d.u.i.k.p.i.AbstractProblemLoader Init config took 3.04s 
139081     INFO  main            d.u.i.k.p.i.AbstractProblemLoader Replaying proof ArrayList.ArrayListIterator[ArrayList.ArrayListIterator::ArrayListIterator(ArrayList)].JML normal_behavior operation contract.0 
139150     DEBUG main            d.u.i.k.p.i.IntermediateProofReplayer Proof replay took 64.26ms 
139151     DEBUG main            d.u.i.k.p.r.p.TestFile    ... success: reloaded. 
139152     INFO  main            d.u.i.k.p.r.p.TestFile    Now processing file /home/runner/work/key/key/key.core/../key.ui/examples/heap/list/ArrayList.ArrayListIterator_hasNext_dep.key 
139152     INFO  main            d.u.i.k.p.i.AbstractProblemLoader Loading environment from /home/runner/work/key/key/key.core/../key.ui/examples/heap/list/ArrayList.ArrayListIterator_hasNext_dep.key 
139152     DEBUG main            d.u.i.k.p.i.AbstractProblemLoader Environment load took 77.9ns 
139153     INFO  main            d.u.i.k.p.i.AbstractProblemLoader Creating init config 
140138     DEBUG main            d.u.i.k.j.r.ClassPreparationMethodBuilder clPrepBuilder: Inner Class detected. Reject building class initialisation methods. 
142190     DEBUG main            d.u.i.k.p.i.AbstractProblemLoader Init config took 3.04s 
142241     INFO  main            d.u.i.k.p.i.AbstractProblemLoader Replaying proof ArrayList.ArrayListIterator[ListIterator::hasNext()].JML accessible clause.0 
142243     DEBUG main            d.u.i.k.p.i.IntermediateProofReplayer Proof replay took 6.1ns 
142547     INFO  main            d.u.i.k.p.r.p.TestFile    ... finished proof: closed. 
142774     INFO  main            d.u.i.k.p.i.AbstractProblemLoader Loading environment from /home/runner/work/key/key/key.core/../key.ui/examples/heap/list/ArrayList.ArrayListIterator_hasNext_dep.key.proof 
142774     DEBUG main            d.u.i.k.p.i.AbstractProblemLoader Environment load took 116.6ns 
142775     INFO  main            d.u.i.k.p.i.AbstractProblemLoader Creating init config 
143728     DEBUG main            d.u.i.k.j.r.ClassPreparationMethodBuilder clPrepBuilder: Inner Class detected. Reject building class initialisation methods. 
145778     DEBUG main            d.u.i.k.p.i.AbstractProblemLoader Init config took 3s 
145828     INFO  main            d.u.i.k.p.i.AbstractProblemLoader Replaying proof ArrayList.ArrayListIterator[ListIterator::hasNext()].JML accessible clause.0 
145861     DEBUG main            d.u.i.k.p.i.IntermediateProofReplayer Proof replay took 30.36ms 
145862     DEBUG main            d.u.i.k.p.r.p.TestFile    ... success: reloaded. 
145863     INFO  main            d.u.i.k.p.r.p.TestFile    Now processing file /home/runner/work/key/key/key.core/../key.ui/examples/heap/list/ArrayList.ArrayListIterator_hasNext.key 
145863     INFO  main            d.u.i.k.p.i.AbstractProblemLoader Loading environment from /home/runner/work/key/key/key.core/../key.ui/examples/heap/list/ArrayList.ArrayListIterator_hasNext.key 
145864     DEBUG main            d.u.i.k.p.i.AbstractProblemLoader Environment load took 219.4ns 
145865     INFO  main            d.u.i.k.p.i.AbstractProblemLoader Creating init config 
146858     DEBUG main            d.u.i.k.j.r.ClassPreparationMethodBuilder clPrepBuilder: Inner Class detected. Reject building class initialisation methods. 
148914     DEBUG main            d.u.i.k.p.i.AbstractProblemLoader Init config took 3.05s 
148965     INFO  main            d.u.i.k.p.i.AbstractProblemLoader Replaying proof ArrayList.ArrayListIterator[ListIterator::hasNext()].JML normal_behavior operation contract.0 
148966     DEBUG main            d.u.i.k.p.i.IntermediateProofReplayer Proof replay took 6.2ns 
149375     INFO  main            d.u.i.k.p.r.p.TestFile    ... finished proof: closed. 
149595     INFO  main            d.u.i.k.p.i.AbstractProblemLoader Loading environment from /home/runner/work/key/key/key.core/../key.ui/examples/heap/list/ArrayList.ArrayListIterator_hasNext.key.proof 
149595     DEBUG main            d.u.i.k.p.i.AbstractProblemLoader Environment load took 100.4ns 
149596     INFO  main            d.u.i.k.p.i.AbstractProblemLoader Creating init config 
150556     DEBUG main            d.u.i.k.j.r.ClassPreparationMethodBuilder clPrepBuilder: Inner Class detected. Reject building class initialisation methods. 
152594     DEBUG main            d.u.i.k.p.i.AbstractProblemLoader Init config took 3s 
152654     INFO  main            d.u.i.k.p.i.AbstractProblemLoader Replaying proof ArrayList.ArrayListIterator[ListIterator::hasNext()].JML normal_behavior operation contract.0 
152689     DEBUG main            d.u.i.k.p.i.IntermediateProofReplayer Proof replay took 31.96ms 
152690     DEBUG main            d.u.i.k.p.r.p.TestFile    ... success: reloaded. 
152691     INFO  main            d.u.i.k.p.r.p.TestFile    Now processing file /home/runner/work/key/key/key.core/../key.ui/examples/heap/list/ArrayList.ArrayListIterator_inv.key 
152691     INFO  main            d.u.i.k.p.i.AbstractProblemLoader Loading environment from /home/runner/work/key/key/key.core/../key.ui/examples/heap/list/ArrayList.ArrayListIterator_inv.key 
152691     DEBUG main            d.u.i.k.p.i.AbstractProblemLoader Environment load took 89.3ns 
152692     INFO  main            d.u.i.k.p.i.AbstractProblemLoader Creating init config 
153661     DEBUG main            d.u.i.k.j.r.ClassPreparationMethodBuilder clPrepBuilder: Inner Class detected. Reject building class initialisation methods. 
155712     DEBUG main            d.u.i.k.p.i.AbstractProblemLoader Init config took 3.02s 
155766     INFO  main            d.u.i.k.p.i.AbstractProblemLoader Replaying proof ArrayList.ArrayListIterator[java.lang.Object::<inv>()].JML accessible clause.0 
155768     DEBUG main            d.u.i.k.p.i.IntermediateProofReplayer Proof replay took 5.7ns 
156771     INFO  main            d.u.i.k.p.r.p.TestFile    ... finished proof: closed. 
157000     INFO  main            d.u.i.k.p.i.AbstractProblemLoader Loading environment from /home/runner/work/key/key/key.core/../key.ui/examples/heap/list/ArrayList.ArrayListIterator_inv.key.proof 
157000     DEBUG main            d.u.i.k.p.i.AbstractProblemLoader Environment load took 108.7ns 
157002     INFO  main            d.u.i.k.p.i.AbstractProblemLoader Creating init config 
157962     DEBUG main            d.u.i.k.j.r.ClassPreparationMethodBuilder clPrepBuilder: Inner Class detected. Reject building class initialisation methods. 
159991     DEBUG main            d.u.i.k.p.i.AbstractProblemLoader Init config took 2.99s 
160041     INFO  main            d.u.i.k.p.i.AbstractProblemLoader Replaying proof ArrayList.ArrayListIterator[java.lang.Object::<inv>()].JML accessible clause.0 
160109     DEBUG main            d.u.i.k.p.i.IntermediateProofReplayer Proof replay took 62.51ms 
160110     DEBUG main            d.u.i.k.p.r.p.TestFile    ... success: reloaded. 
160111     INFO  main            d.u.i.k.p.r.p.TestFile    Now processing file /home/runner/work/key/key/key.core/../key.ui/examples/heap/list/ArrayList.ArrayListIterator_list.key 
160111     INFO  main            d.u.i.k.p.i.AbstractProblemLoader Loading environment from /home/runner/work/key/key/key.core/../key.ui/examples/heap/list/ArrayList.ArrayListIterator_list.key 
160112     DEBUG main            d.u.i.k.p.i.AbstractProblemLoader Environment load took 223.4ns 
160113     INFO  main            d.u.i.k.p.i.AbstractProblemLoader Creating init config 
161104     DEBUG main            d.u.i.k.j.r.ClassPreparationMethodBuilder clPrepBuilder: Inner Class detected. Reject building class initialisation methods. 
163179     DEBUG main            d.u.i.k.p.i.AbstractProblemLoader Init config took 3.07s 
163217     INFO  main            d.u.i.k.p.i.AbstractProblemLoader Replaying proof ListIterator[ListIterator::$list()].JML accessible clause.0 
163218     DEBUG main            d.u.i.k.p.i.IntermediateProofReplayer Proof replay took 5.8ns 
163320     INFO  main            d.u.i.k.p.r.p.TestFile    ... finished proof: closed. 
163550     INFO  main            d.u.i.k.p.i.AbstractProblemLoader Loading environment from /home/runner/work/key/key/key.core/../key.ui/examples/heap/list/ArrayList.ArrayListIterator_list.key.proof 
163550     DEBUG main            d.u.i.k.p.i.AbstractProblemLoader Environment load took 106.8ns 
163551     INFO  main            d.u.i.k.p.i.AbstractProblemLoader Creating init config 
164506     DEBUG main            d.u.i.k.j.r.ClassPreparationMethodBuilder clPrepBuilder: Inner Class detected. Reject building class initialisation methods. 
166528     DEBUG main            d.u.i.k.p.i.AbstractProblemLoader Init config took 2.98s 
166566     INFO  main            d.u.i.k.p.i.AbstractProblemLoader Replaying proof ListIterator[ListIterator::$list()].JML accessible clause.0 
166568     DEBUG main            d.u.i.k.p.i.IntermediateProofReplayer Proof replay took 747.8ns 
166568     DEBUG main            d.u.i.k.p.r.p.TestFile    ... success: reloaded. 
166569     INFO  main            d.u.i.k.p.r.p.TestFile    Now processing file /home/runner/work/key/key/key.core/../key.ui/examples/heap/list/ArrayList.ArrayListIterator_next_exceptional.key 
166569     INFO  main            d.u.i.k.p.i.AbstractProblemLoader Loading environment from /home/runner/work/key/key/key.core/../key.ui/examples/heap/list/ArrayList.ArrayListIterator_next_exceptional.key 
166569     DEBUG main            d.u.i.k.p.i.AbstractProblemLoader Environment load took 53ns 
166570     INFO  main            d.u.i.k.p.i.AbstractProblemLoader Creating init config 
167573     DEBUG main            d.u.i.k.j.r.ClassPreparationMethodBuilder clPrepBuilder: Inner Class detected. Reject building class initialisation methods. 
169632     DEBUG main            d.u.i.k.p.i.AbstractProblemLoader Init config took 3.06s 
169681     INFO  main            d.u.i.k.p.i.AbstractProblemLoader Replaying proof ArrayList.ArrayListIterator[ListIterator::next()].JML exceptional_behavior operation contract.0 
169682     DEBUG main            d.u.i.k.p.i.IntermediateProofReplayer Proof replay took 5.8ns 
170487     INFO  main            d.u.i.k.p.r.p.TestFile    ... finished proof: closed. 
170733     INFO  main            d.u.i.k.p.i.AbstractProblemLoader Loading environment from /home/runner/work/key/key/key.core/../key.ui/examples/heap/list/ArrayList.ArrayListIterator_next_exceptional.key.proof 
170734     DEBUG main            d.u.i.k.p.i.AbstractProblemLoader Environment load took 410.6ns 
170735     INFO  main            d.u.i.k.p.i.AbstractProblemLoader Creating init config 
171702     DEBUG main            d.u.i.k.j.r.ClassPreparationMethodBuilder clPrepBuilder: Inner Class detected. Reject building class initialisation methods. 
173724     DEBUG main            d.u.i.k.p.i.AbstractProblemLoader Init config took 2.99s 
173773     INFO  main            d.u.i.k.p.i.AbstractProblemLoader Replaying proof ArrayList.ArrayListIterator[ListIterator::next()].JML exceptional_behavior operation contract.0 
173860     DEBUG main            d.u.i.k.p.i.IntermediateProofReplayer Proof replay took 81.93ms 
173861     DEBUG main            d.u.i.k.p.r.p.TestFile    ... success: reloaded. 
173863     INFO  main            d.u.i.k.p.r.p.TestFile    Now processing file /home/runner/work/key/key/key.core/../key.ui/examples/heap/list/ArrayList.ArrayListIterator_next_normal.key 
173863     INFO  main            d.u.i.k.p.i.AbstractProblemLoader Loading environment from /home/runner/work/key/key/key.core/../key.ui/examples/heap/list/ArrayList.ArrayListIterator_next_normal.key 
173863     DEBUG main            d.u.i.k.p.i.AbstractProblemLoader Environment load took 191.7ns 
173864     INFO  main            d.u.i.k.p.i.AbstractProblemLoader Creating init config 
174832     DEBUG main            d.u.i.k.j.r.ClassPreparationMethodBuilder clPrepBuilder: Inner Class detected. Reject building class initialisation methods. 
176918     DEBUG main            d.u.i.k.p.i.AbstractProblemLoader Init config took 3.05s 
176967     INFO  main            d.u.i.k.p.i.AbstractProblemLoader Replaying proof ArrayList.ArrayListIterator[ListIterator::next()].JML normal_behavior operation contract.0 
176969     DEBUG main            d.u.i.k.p.i.IntermediateProofReplayer Proof replay took 5.6ns 
177885     INFO  main            d.u.i.k.p.r.p.TestFile    ... finished proof: closed. 
178136     INFO  main            d.u.i.k.p.i.AbstractProblemLoader Loading environment from /home/runner/work/key/key/key.core/../key.ui/examples/heap/list/ArrayList.ArrayListIterator_next_normal.key.proof 
178136     DEBUG main            d.u.i.k.p.i.AbstractProblemLoader Environment load took 104.2ns 
178137     INFO  main            d.u.i.k.p.i.AbstractProblemLoader Creating init config 
179100     DEBUG main            d.u.i.k.j.r.ClassPreparationMethodBuilder clPrepBuilder: Inner Class detected. Reject building class initialisation methods. 
181129     DEBUG main            d.u.i.k.p.i.AbstractProblemLoader Init config took 2.99s 
181178     INFO  main            d.u.i.k.p.i.AbstractProblemLoader Replaying proof ArrayList.ArrayListIterator[ListIterator::next()].JML normal_behavior operation contract.0 
181268     DEBUG main            d.u.i.k.p.i.IntermediateProofReplayer Proof replay took 85.87ms 
181270     DEBUG main            d.u.i.k.p.r.p.TestFile    ... success: reloaded. 
181270     INFO  main            d.u.i.k.p.r.p.TestFile    Now processing file /home/runner/work/key/key/key.core/../key.ui/examples/heap/list/ArrayList.ArrayListIterator_pos.key 
181271     INFO  main            d.u.i.k.p.i.AbstractProblemLoader Loading environment from /home/runner/work/key/key/key.core/../key.ui/examples/heap/list/ArrayList.ArrayListIterator_pos.key 
181271     DEBUG main            d.u.i.k.p.i.AbstractProblemLoader Environment load took 82.5ns 
181272     INFO  main            d.u.i.k.p.i.AbstractProblemLoader Creating init config 
182245     DEBUG main            d.u.i.k.j.r.ClassPreparationMethodBuilder clPrepBuilder: Inner Class detected. Reject building class initialisation methods. 
184273     DEBUG main            d.u.i.k.p.i.AbstractProblemLoader Init config took 3s 
184310     INFO  main            d.u.i.k.p.i.AbstractProblemLoader Replaying proof ListIterator[ListIterator::$pos()].JML accessible clause.0 
184311     DEBUG main            d.u.i.k.p.i.IntermediateProofReplayer Proof replay took 6.1ns 
184414     INFO  main            d.u.i.k.p.r.p.TestFile    ... finished proof: closed. 
184663     INFO  main            d.u.i.k.p.i.AbstractProblemLoader Loading environment from /home/runner/work/key/key/key.core/../key.ui/examples/heap/list/ArrayList.ArrayListIterator_pos.key.proof 
184663     DEBUG main            d.u.i.k.p.i.AbstractProblemLoader Environment load took 93.7ns 
184664     INFO  main            d.u.i.k.p.i.AbstractProblemLoader Creating init config 
185618     DEBUG main            d.u.i.k.j.r.ClassPreparationMethodBuilder clPrepBuilder: Inner Class detected. Reject building class initialisation methods. 
187624     DEBUG main            d.u.i.k.p.i.AbstractProblemLoader Init config took 2.96s 
187662     INFO  main            d.u.i.k.p.i.AbstractProblemLoader Replaying proof ListIterator[ListIterator::$pos()].JML accessible clause.0 
187664     DEBUG main            d.u.i.k.p.i.IntermediateProofReplayer Proof replay took 741.7ns 
187665     DEBUG main            d.u.i.k.p.r.p.TestFile    ... success: reloaded. 
187666     INFO  main            d.u.i.k.p.r.p.TestFile    Now processing file /home/runner/work/key/key/key.core/../key.ui/examples/heap/list/Client_m.key 
187666     INFO  main            d.u.i.k.p.i.AbstractProblemLoader Loading environment from /home/runner/work/key/key/key.core/../key.ui/examples/heap/list/Client_m.key 
187666     DEBUG main            d.u.i.k.p.i.AbstractProblemLoader Environment load took 84.9ns 
187667     INFO  main            d.u.i.k.p.i.AbstractProblemLoader Creating init config 
188651     DEBUG main            d.u.i.k.j.r.ClassPreparationMethodBuilder clPrepBuilder: Inner Class detected. Reject building class initialisation methods. 
190706     DEBUG main            d.u.i.k.p.i.AbstractProblemLoader Init config took 3.04s 
190744     INFO  main            d.u.i.k.p.i.AbstractProblemLoader Replaying proof Client[Client::m(List)].JML normal_behavior operation contract.0 
190745     DEBUG main            d.u.i.k.p.i.IntermediateProofReplayer Proof replay took 5.1ns 
191051     INFO  main            d.u.i.k.p.r.p.TestFile    ... finished proof: closed. 
191313     INFO  main            d.u.i.k.p.i.AbstractProblemLoader Loading environment from /home/runner/work/key/key/key.core/../key.ui/examples/heap/list/Client_m.key.proof 
191313     DEBUG main            d.u.i.k.p.i.AbstractProblemLoader Environment load took 97.2ns 
191314     INFO  main            d.u.i.k.p.i.AbstractProblemLoader Creating init config 
192268     DEBUG main            d.u.i.k.j.r.ClassPreparationMethodBuilder clPrepBuilder: Inner Class detected. Reject building class initialisation methods. 
194285     DEBUG main            d.u.i.k.p.i.AbstractProblemLoader Init config took 2.97s 
194323     INFO  main            d.u.i.k.p.i.AbstractProblemLoader Replaying proof Client[Client::m(List)].JML normal_behavior operation contract.0 
194371     DEBUG main            d.u.i.k.p.i.IntermediateProofReplayer Proof replay took 45.12ms 
194372     DEBUG main            d.u.i.k.p.r.p.TestFile    ... success: reloaded. 
194373     INFO  main            d.u.i.k.p.r.p.TestFile    Now processing file /home/runner/work/key/key/key.core/../key.ui/examples/heap/list/Client_n.key 
194373     INFO  main            d.u.i.k.p.i.AbstractProblemLoader Loading environment from /home/runner/work/key/key/key.core/../key.ui/examples/heap/list/Client_n.key 
194373     DEBUG main            d.u.i.k.p.i.AbstractProblemLoader Environment load took 121.5ns 
194374     INFO  main            d.u.i.k.p.i.AbstractProblemLoader Creating init config 
195346     DEBUG main            d.u.i.k.j.r.ClassPreparationMethodBuilder clPrepBuilder: Inner Class detected. Reject building class initialisation methods. 
197410     DEBUG main            d.u.i.k.p.i.AbstractProblemLoader Init config took 3.04s 
197448     INFO  main            d.u.i.k.p.i.AbstractProblemLoader Replaying proof Client[Client::n(List)].JML normal_behavior operation contract.0 
197449     DEBUG main            d.u.i.k.p.i.IntermediateProofReplayer Proof replay took 5.5ns 
197550     INFO  main            d.u.i.k.p.r.p.TestFile    ... finished proof: closed. 
197813     INFO  main            d.u.i.k.p.i.AbstractProblemLoader Loading environment from /home/runner/work/key/key/key.core/../key.ui/examples/heap/list/Client_n.key.proof 
197813     DEBUG main            d.u.i.k.p.i.AbstractProblemLoader Environment load took 95.8ns 
197813     INFO  main            d.u.i.k.p.i.AbstractProblemLoader Creating init config 
198767     DEBUG main            d.u.i.k.j.r.ClassPreparationMethodBuilder clPrepBuilder: Inner Class detected. Reject building class initialisation methods. 
200780     DEBUG main            d.u.i.k.p.i.AbstractProblemLoader Init config took 2.97s 
200818     INFO  main            d.u.i.k.p.i.AbstractProblemLoader Replaying proof Client[Client::n(List)].JML normal_behavior operation contract.0 
200833     DEBUG main            d.u.i.k.p.i.IntermediateProofReplayer Proof replay took 14.11ms 
200834     DEBUG main            d.u.i.k.p.r.p.TestFile    ... success: reloaded. 
200835     INFO  main            d.u.i.k.p.r.p.TestFile    Now processing file /home/runner/work/key/key/key.core/../key.ui/examples/heap/list/LinkedList_get_exceptional.key 
200835     INFO  main            d.u.i.k.p.i.AbstractProblemLoader Loading environment from /home/runner/work/key/key/key.core/../key.ui/examples/heap/list/LinkedList_get_exceptional.key 
200835     DEBUG main            d.u.i.k.p.i.AbstractProblemLoader Environment load took 79.2ns 
200836     INFO  main            d.u.i.k.p.i.AbstractProblemLoader Creating init config 
201812     DEBUG main            d.u.i.k.j.r.ClassPreparationMethodBuilder clPrepBuilder: Inner Class detected. Reject building class initialisation methods. 
203875     DEBUG main            d.u.i.k.p.i.AbstractProblemLoader Init config took 3.04s 
203919     INFO  main            d.u.i.k.p.i.AbstractProblemLoader Replaying proof LinkedList[List::get(int)].JML exceptional_behavior operation contract.0 
203920     DEBUG main            d.u.i.k.p.i.IntermediateProofReplayer Proof replay took 5.6ns 
206053     INFO  main            d.u.i.k.p.r.p.TestFile    ... finished proof: closed. 
206407     INFO  main            d.u.i.k.p.i.AbstractProblemLoader Loading environment from /home/runner/work/key/key/key.core/../key.ui/examples/heap/list/LinkedList_get_exceptional.key.proof 
206407     DEBUG main            d.u.i.k.p.i.AbstractProblemLoader Environment load took 105.1ns 
206408     INFO  main            d.u.i.k.p.i.AbstractProblemLoader Creating init config 
207370     DEBUG main            d.u.i.k.j.r.ClassPreparationMethodBuilder clPrepBuilder: Inner Class detected. Reject building class initialisation methods. 
209370     DEBUG main            d.u.i.k.p.i.AbstractProblemLoader Init config took 2.96s 
209412     INFO  main            d.u.i.k.p.i.AbstractProblemLoader Replaying proof LinkedList[List::get(int)].JML exceptional_behavior operation contract.0 
209622     DEBUG main            d.u.i.k.p.i.IntermediateProofReplayer Proof replay took 200.92ms 
209623     DEBUG main            d.u.i.k.p.r.p.TestFile    ... success: reloaded. 
209624     INFO  main            d.u.i.k.p.r.p.TestFile    Now processing file /home/runner/work/key/key/key.core/../key.ui/examples/heap/list/LinkedList_get_normal.key 
209629     INFO  main            d.u.i.k.p.i.AbstractProblemLoader Loading environment from /home/runner/work/key/key/key.core/../key.ui/examples/heap/list/LinkedList_get_normal.key 
209629     DEBUG main            d.u.i.k.p.i.AbstractProblemLoader Environment load took 279.8ns 
209630     INFO  main            d.u.i.k.p.i.AbstractProblemLoader Creating init config 
210600     DEBUG main            d.u.i.k.j.r.ClassPreparationMethodBuilder clPrepBuilder: Inner Class detected. Reject building class initialisation methods. 
212644     DEBUG main            d.u.i.k.p.i.AbstractProblemLoader Init config took 3.01s 
212687     INFO  main            d.u.i.k.p.i.AbstractProblemLoader Replaying proof LinkedList[List::get(int)].JML normal_behavior operation contract.0 
212689     DEBUG main            d.u.i.k.p.i.IntermediateProofReplayer Proof replay took 6.2ns 
219041     INFO  main            d.u.i.k.p.r.p.TestFile    ... finished proof: closed. 
219366     INFO  main            d.u.i.k.p.i.AbstractProblemLoader Loading environment from /home/runner/work/key/key/key.core/../key.ui/examples/heap/list/LinkedList_get_normal.key.proof 
219367     DEBUG main            d.u.i.k.p.i.AbstractProblemLoader Environment load took 397.1ns 
219369     INFO  main            d.u.i.k.p.i.AbstractProblemLoader Creating init config 
220322     DEBUG main            d.u.i.k.j.r.ClassPreparationMethodBuilder clPrepBuilder: Inner Class detected. Reject building class initialisation methods. 
222331     DEBUG main            d.u.i.k.p.i.AbstractProblemLoader Init config took 2.96s 
222375     INFO  main            d.u.i.k.p.i.AbstractProblemLoader Replaying proof LinkedList[List::get(int)].JML normal_behavior operation contract.0 
222731     DEBUG main            d.u.i.k.p.i.IntermediateProofReplayer Proof replay took 331.47ms 
222733     DEBUG main            d.u.i.k.p.r.p.TestFile    ... success: reloaded. 
222734     INFO  main            d.u.i.k.p.r.p.TestFile    Now processing file /home/runner/work/key/key/key.core/../key.ui/examples/heap/list/LinkedList_LinkedList.key 
222734     INFO  main            d.u.i.k.p.i.AbstractProblemLoader Loading environment from /home/runner/work/key/key/key.core/../key.ui/examples/heap/list/LinkedList_LinkedList.key 
222735     DEBUG main            d.u.i.k.p.i.AbstractProblemLoader Environment load took 192.4ns 
222736     INFO  main            d.u.i.k.p.i.AbstractProblemLoader Creating init config 
223713     DEBUG main            d.u.i.k.j.r.ClassPreparationMethodBuilder clPrepBuilder: Inner Class detected. Reject building class initialisation methods. 
225775     DEBUG main            d.u.i.k.p.i.AbstractProblemLoader Init config took 3.04s 
225818     INFO  main            d.u.i.k.p.i.AbstractProblemLoader Replaying proof LinkedList[LinkedList::LinkedList()].JML normal_behavior operation contract.0 
225819     DEBUG main            d.u.i.k.p.i.IntermediateProofReplayer Proof replay took 5.5ns 
226323     INFO  main            d.u.i.k.p.r.p.TestFile    ... finished proof: closed. 
226596     INFO  main            d.u.i.k.p.i.AbstractProblemLoader Loading environment from /home/runner/work/key/key/key.core/../key.ui/examples/heap/list/LinkedList_LinkedList.key.proof 
226596     DEBUG main            d.u.i.k.p.i.AbstractProblemLoader Environment load took 90.7ns 
226597     INFO  main            d.u.i.k.p.i.AbstractProblemLoader Creating init config 
227560     DEBUG main            d.u.i.k.j.r.ClassPreparationMethodBuilder clPrepBuilder: Inner Class detected. Reject building class initialisation methods. 
229562     DEBUG main            d.u.i.k.p.i.AbstractProblemLoader Init config took 2.96s 
229616     INFO  main            d.u.i.k.p.i.AbstractProblemLoader Replaying proof LinkedList[LinkedList::LinkedList()].JML normal_behavior operation contract.0 
229676     DEBUG main            d.u.i.k.p.i.IntermediateProofReplayer Proof replay took 56.85ms 
229676     DEBUG main            d.u.i.k.p.r.p.TestFile    ... success: reloaded. 
229677     INFO  main            d.u.i.k.p.r.p.TestFile    Now processing file /home/runner/work/key/key/key.core/../key.ui/examples/heap/list/LinkedList_size_dep.key 
229678     INFO  main            d.u.i.k.p.i.AbstractProblemLoader Loading environment from /home/runner/work/key/key/key.core/../key.ui/examples/heap/list/LinkedList_size_dep.key 
229678     DEBUG main            d.u.i.k.p.i.AbstractProblemLoader Environment load took 80.1ns 
229678     INFO  main            d.u.i.k.p.i.AbstractProblemLoader Creating init config 
230663     DEBUG main            d.u.i.k.j.r.ClassPreparationMethodBuilder clPrepBuilder: Inner Class detected. Reject building class initialisation methods. 
232705     DEBUG main            d.u.i.k.p.i.AbstractProblemLoader Init config took 3.03s 
232747     INFO  main            d.u.i.k.p.i.AbstractProblemLoader Replaying proof LinkedList[List::size()].JML accessible clause.0 
232748     DEBUG main            d.u.i.k.p.i.IntermediateProofReplayer Proof replay took 5.4ns 
233250     INFO  main            d.u.i.k.p.r.p.TestFile    ... finished proof: closed. 
233547     INFO  main            d.u.i.k.p.i.AbstractProblemLoader Loading environment from /home/runner/work/key/key/key.core/../key.ui/examples/heap/list/LinkedList_size_dep.key.proof 
233547     DEBUG main            d.u.i.k.p.i.AbstractProblemLoader Environment load took 108.4ns 
233548     INFO  main            d.u.i.k.p.i.AbstractProblemLoader Creating init config 
234506     DEBUG main            d.u.i.k.j.r.ClassPreparationMethodBuilder clPrepBuilder: Inner Class detected. Reject building class initialisation methods. 
236506     DEBUG main            d.u.i.k.p.i.AbstractProblemLoader Init config took 2.96s 
236559     INFO  main            d.u.i.k.p.i.AbstractProblemLoader Replaying proof LinkedList[List::size()].JML accessible clause.0 
236590     DEBUG main            d.u.i.k.p.i.IntermediateProofReplayer Proof replay took 28.11ms 
236591     DEBUG main            d.u.i.k.p.r.p.TestFile    ... success: reloaded. 
236592     INFO  main            d.u.i.k.p.r.p.TestFile    Now processing file /home/runner/work/key/key/key.core/../key.ui/examples/heap/list/LinkedList_size.key 
236592     INFO  main            d.u.i.k.p.i.AbstractProblemLoader Loading environment from /home/runner/work/key/key/key.core/../key.ui/examples/heap/list/LinkedList_size.key 
236592     DEBUG main            d.u.i.k.p.i.AbstractProblemLoader Environment load took 184.9ns 
236593     INFO  main            d.u.i.k.p.i.AbstractProblemLoader Creating init config 
237561     DEBUG main            d.u.i.k.j.r.ClassPreparationMethodBuilder clPrepBuilder: Inner Class detected. Reject building class initialisation methods. 
239602     DEBUG main            d.u.i.k.p.i.AbstractProblemLoader Init config took 3.01s 
239643     INFO  main            d.u.i.k.p.i.AbstractProblemLoader Replaying proof LinkedList[List::size()].JML normal_behavior operation contract.0 
239645     DEBUG main            d.u.i.k.p.i.IntermediateProofReplayer Proof replay took 5.6ns 
240047     INFO  main            d.u.i.k.p.r.p.TestFile    ... finished proof: closed. 
240334     INFO  main            d.u.i.k.p.i.AbstractProblemLoader Loading environment from /home/runner/work/key/key/key.core/../key.ui/examples/heap/list/LinkedList_size.key.proof 
240334     DEBUG main            d.u.i.k.p.i.AbstractProblemLoader Environment load took 121.4ns 
240335     INFO  main            d.u.i.k.p.i.AbstractProblemLoader Creating init config 
241286     DEBUG main            d.u.i.k.j.r.ClassPreparationMethodBuilder clPrepBuilder: Inner Class detected. Reject building class initialisation methods. 
243292     DEBUG main            d.u.i.k.p.i.AbstractProblemLoader Init config took 2.96s 
243335     INFO  main            d.u.i.k.p.i.AbstractProblemLoader Replaying proof LinkedList[List::size()].JML normal_behavior operation contract.0 
243362     DEBUG main            d.u.i.k.p.i.IntermediateProofReplayer Proof replay took 24.87ms 
243363     DEBUG main            d.u.i.k.p.r.p.TestFile    ... success: reloaded. 
243364     INFO  main            d.u.i.k.p.r.p.TestFile    Now processing file /home/runner/work/key/key/key.core/../key.ui/examples/heap/list/MySet_footprint.key 
243364     INFO  main            d.u.i.k.p.i.AbstractProblemLoader Loading environment from /home/runner/work/key/key/key.core/../key.ui/examples/heap/list/MySet_footprint.key 
243364     DEBUG main            d.u.i.k.p.i.AbstractProblemLoader Environment load took 85ns 
243365     INFO  main            d.u.i.k.p.i.AbstractProblemLoader Creating init config 
244335     DEBUG main            d.u.i.k.j.r.ClassPreparationMethodBuilder clPrepBuilder: Inner Class detected. Reject building class initialisation methods. 
246377     DEBUG main            d.u.i.k.p.i.AbstractProblemLoader Init config took 3.01s 
246422     INFO  main            d.u.i.k.p.i.AbstractProblemLoader Replaying proof MySet[MySet::$footprint()].JML accessible clause.0 
246423     DEBUG main            d.u.i.k.p.i.IntermediateProofReplayer Proof replay took 6ns 
246725     INFO  main            d.u.i.k.p.r.p.TestFile    ... finished proof: closed. 
247035     INFO  main            d.u.i.k.p.i.AbstractProblemLoader Loading environment from /home/runner/work/key/key/key.core/../key.ui/examples/heap/list/MySet_footprint.key.proof 
247035     DEBUG main            d.u.i.k.p.i.AbstractProblemLoader Environment load took 87ns 
247036     INFO  main            d.u.i.k.p.i.AbstractProblemLoader Creating init config 
247995     DEBUG main            d.u.i.k.j.r.ClassPreparationMethodBuilder clPrepBuilder: Inner Class detected. Reject building class initialisation methods. 
249998     DEBUG main            d.u.i.k.p.i.AbstractProblemLoader Init config took 2.96s 
250043     INFO  main            d.u.i.k.p.i.AbstractProblemLoader Replaying proof MySet[MySet::$footprint()].JML accessible clause.0 
250063     DEBUG main            d.u.i.k.p.i.IntermediateProofReplayer Proof replay took 18.46ms 
250064     DEBUG main            d.u.i.k.p.r.p.TestFile    ... success: reloaded. 
250065     INFO  main            d.u.i.k.p.r.p.TestFile    Now processing file /home/runner/work/key/key/key.core/../key.ui/examples/heap/list/MySet_MySet.key 
250065     INFO  main            d.u.i.k.p.i.AbstractProblemLoader Loading environment from /home/runner/work/key/key/key.core/../key.ui/examples/heap/list/MySet_MySet.key 
250065     DEBUG main            d.u.i.k.p.i.AbstractProblemLoader Environment load took 78.2ns 
250066     INFO  main            d.u.i.k.p.i.AbstractProblemLoader Creating init config 
251031     DEBUG main            d.u.i.k.j.r.ClassPreparationMethodBuilder clPrepBuilder: Inner Class detected. Reject building class initialisation methods. 
253074     DEBUG main            d.u.i.k.p.i.AbstractProblemLoader Init config took 3.01s 
253119     INFO  main            d.u.i.k.p.i.AbstractProblemLoader Replaying proof MySet[MySet::MySet()].JML normal_behavior operation contract.0 
253121     DEBUG main            d.u.i.k.p.i.IntermediateProofReplayer Proof replay took 6.1ns 
255528     INFO  main            d.u.i.k.p.r.p.TestFile    ... finished proof: closed. 
255851     INFO  main            d.u.i.k.p.i.AbstractProblemLoader Loading environment from /home/runner/work/key/key/key.core/../key.ui/examples/heap/list/MySet_MySet.key.proof 
255851     DEBUG main            d.u.i.k.p.i.AbstractProblemLoader Environment load took 173.7ns 
255853     INFO  main            d.u.i.k.p.i.AbstractProblemLoader Creating init config 
256820     DEBUG main            d.u.i.k.j.r.ClassPreparationMethodBuilder clPrepBuilder: Inner Class detected. Reject building class initialisation methods. 
258822     DEBUG main            d.u.i.k.p.i.AbstractProblemLoader Init config took 2.97s 
258867     INFO  main            d.u.i.k.p.i.AbstractProblemLoader Replaying proof MySet[MySet::MySet()].JML normal_behavior operation contract.0 
259120     DEBUG main            d.u.i.k.p.i.IntermediateProofReplayer Proof replay took 240.43ms 
259121     DEBUG main            d.u.i.k.p.r.p.TestFile    ... success: reloaded. 
1073028    INFO  Test worker     d.u.i.k.p.r.RunAllProofsTestUnit Returning from test list 
1073029    INFO  Test worker     d.u.i.k.p.r.RunAllProofsTestUnit Running test list_ghost 
343        INFO  Timeout watchdog d.u.i.k.p.r.p.ForkedTestFileRunner Timeout watcher launched (2000 secs.) 
358        WARN  main            d.u.i.k.s.ProofSettings   The settings in /home/runner/.key/proof-settings.props are *not* read. 
383        INFO  main            d.u.i.k.p.r.p.TestFile    Now processing file /home/runner/work/key/key/key.core/../key.ui/examples/heap/list_ghost/ArrayList_add.key 
493        INFO  main            d.u.i.k.p.i.AbstractProblemLoader Loading environment from /home/runner/work/key/key/key.core/../key.ui/examples/heap/list_ghost/ArrayList_add.key 
508        DEBUG main            d.u.i.k.p.i.AbstractProblemLoader Environment load took 1.73ms 
708        INFO  main            d.u.i.k.p.i.AbstractProblemLoader Creating init config 
1504       DEBUG main            d.u.i.k.j.TypeConverter   No LDT found for Meta 
1507       DEBUG main            d.u.i.k.j.TypeConverter   No LDT found for Meta 
1511       DEBUG main            d.u.i.k.j.TypeConverter   No LDT found for Meta 
1511       DEBUG main            d.u.i.k.j.TypeConverter   No LDT found for Meta 
2752       DEBUG main            d.u.i.k.j.TypeConverter   No LDT found for JavaBigintExpression 
7700       DEBUG main            d.u.i.k.p.i.AbstractProblemLoader Init config took 6.99s 
7823       INFO  main            d.u.i.k.p.i.AbstractProblemLoader Replaying proof ArrayList[List::add(java.lang.Object)].JML normal_behavior operation contract.0 
7853       DEBUG main            d.u.i.k.p.i.IntermediateProofReplayer Proof replay took 34.8ns 
12571      INFO  main            d.u.i.k.p.r.p.TestFile    ... finished proof: closed. 
12733      INFO  main            d.u.i.k.p.i.AbstractProblemLoader Loading environment from /home/runner/work/key/key/key.core/../key.ui/examples/heap/list_ghost/ArrayList_add.key.proof 
12734      DEBUG main            d.u.i.k.p.i.AbstractProblemLoader Environment load took 450.69ns 
12737      INFO  main            d.u.i.k.p.i.AbstractProblemLoader Creating init config 
15568      DEBUG main            d.u.i.k.p.i.AbstractProblemLoader Init config took 2.83s 
15628      INFO  main            d.u.i.k.p.i.AbstractProblemLoader Replaying proof ArrayList[List::add(java.lang.Object)].JML normal_behavior operation contract.0 
16071      DEBUG main            d.u.i.k.p.i.IntermediateProofReplayer Proof replay took 417.43ms 
16078      DEBUG main            d.u.i.k.p.r.p.TestFile    ... success: reloaded. 
16080      INFO  main            d.u.i.k.p.r.p.TestFile    Now processing file /home/runner/work/key/key/key.core/../key.ui/examples/heap/list_ghost/ArrayList_ArrayList.key 
16080      INFO  main            d.u.i.k.p.i.AbstractProblemLoader Loading environment from /home/runner/work/key/key/key.core/../key.ui/examples/heap/list_ghost/ArrayList_ArrayList.key 
16081      DEBUG main            d.u.i.k.p.i.AbstractProblemLoader Environment load took 259.4ns 
16082      INFO  main            d.u.i.k.p.i.AbstractProblemLoader Creating init config 
18828      DEBUG main            d.u.i.k.p.i.AbstractProblemLoader Init config took 2.75s 
18884      INFO  main            d.u.i.k.p.i.AbstractProblemLoader Replaying proof ArrayList[ArrayList::ArrayList()].JML normal_behavior operation contract.0 
18887      DEBUG main            d.u.i.k.p.i.IntermediateProofReplayer Proof replay took 4.8ns 
19996      INFO  main            d.u.i.k.p.r.p.TestFile    ... finished proof: closed. 
20125      INFO  main            d.u.i.k.p.i.AbstractProblemLoader Loading environment from /home/runner/work/key/key/key.core/../key.ui/examples/heap/list_ghost/ArrayList_ArrayList.key.proof 
20125      DEBUG main            d.u.i.k.p.i.AbstractProblemLoader Environment load took 122.7ns 
20126      INFO  main            d.u.i.k.p.i.AbstractProblemLoader Creating init config 
22872      DEBUG main            d.u.i.k.p.i.AbstractProblemLoader Init config took 2.75s 
22942      INFO  main            d.u.i.k.p.i.AbstractProblemLoader Replaying proof ArrayList[ArrayList::ArrayList()].JML normal_behavior operation contract.0 
23086      DEBUG main            d.u.i.k.p.i.IntermediateProofReplayer Proof replay took 132.94ms 
23089      DEBUG main            d.u.i.k.p.r.p.TestFile    ... success: reloaded. 
23091      INFO  main            d.u.i.k.p.r.p.TestFile    Now processing file /home/runner/work/key/key/key.core/../key.ui/examples/heap/list_ghost/ArrayList_enlarge.key 
23091      INFO  main            d.u.i.k.p.i.AbstractProblemLoader Loading environment from /home/runner/work/key/key/key.core/../key.ui/examples/heap/list_ghost/ArrayList_enlarge.key 
23091      DEBUG main            d.u.i.k.p.i.AbstractProblemLoader Environment load took 122.6ns 
23093      INFO  main            d.u.i.k.p.i.AbstractProblemLoader Creating init config 
25775      DEBUG main            d.u.i.k.p.i.AbstractProblemLoader Init config took 2.68s 
25819      INFO  main            d.u.i.k.p.i.AbstractProblemLoader Replaying proof ArrayList[ArrayList::enlarge()].JML normal_behavior operation contract.0 
25821      DEBUG main            d.u.i.k.p.i.IntermediateProofReplayer Proof replay took 4.9ns 
27830      INFO  main            d.u.i.k.p.r.p.TestFile    ... finished proof: closed. 
28040      INFO  main            d.u.i.k.p.i.AbstractProblemLoader Loading environment from /home/runner/work/key/key/key.core/../key.ui/examples/heap/list_ghost/ArrayList_enlarge.key.proof 
28042      DEBUG main            d.u.i.k.p.i.AbstractProblemLoader Environment load took 2.09ms 
28046      INFO  main            d.u.i.k.p.i.AbstractProblemLoader Creating init config 
30771      DEBUG main            d.u.i.k.p.i.AbstractProblemLoader Init config took 2.73s 
30819      INFO  main            d.u.i.k.p.i.AbstractProblemLoader Replaying proof ArrayList[ArrayList::enlarge()].JML normal_behavior operation contract.0 
31104      DEBUG main            d.u.i.k.p.i.IntermediateProofReplayer Proof replay took 273.31ms 
31105      DEBUG main            d.u.i.k.p.r.p.TestFile    ... success: reloaded. 
31106      INFO  main            d.u.i.k.p.r.p.TestFile    Now processing file /home/runner/work/key/key/key.core/../key.ui/examples/heap/list_ghost/ArrayList_get_dep.key 
31107      INFO  main            d.u.i.k.p.i.AbstractProblemLoader Loading environment from /home/runner/work/key/key/key.core/../key.ui/examples/heap/list_ghost/ArrayList_get_dep.key 
31107      DEBUG main            d.u.i.k.p.i.AbstractProblemLoader Environment load took 212.1ns 
31108      INFO  main            d.u.i.k.p.i.AbstractProblemLoader Creating init config 
33759      DEBUG main            d.u.i.k.p.i.AbstractProblemLoader Init config took 2.65s 
33805      INFO  main            d.u.i.k.p.i.AbstractProblemLoader Replaying proof ArrayList[List::get(int)].JML accessible clause.0 
33807      DEBUG main            d.u.i.k.p.i.IntermediateProofReplayer Proof replay took 6.1ns 
34210      INFO  main            d.u.i.k.p.r.p.TestFile    ... finished proof: closed. 
34380      INFO  main            d.u.i.k.p.i.AbstractProblemLoader Loading environment from /home/runner/work/key/key/key.core/../key.ui/examples/heap/list_ghost/ArrayList_get_dep.key.proof 
34380      DEBUG main            d.u.i.k.p.i.AbstractProblemLoader Environment load took 110.1ns 
34381      INFO  main            d.u.i.k.p.i.AbstractProblemLoader Creating init config 
37045      DEBUG main            d.u.i.k.p.i.AbstractProblemLoader Init config took 2.66s 
37087      INFO  main            d.u.i.k.p.i.AbstractProblemLoader Replaying proof ArrayList[List::get(int)].JML accessible clause.0 
37140      DEBUG main            d.u.i.k.p.i.IntermediateProofReplayer Proof replay took 49.48ms 
37142      DEBUG main            d.u.i.k.p.r.p.TestFile    ... success: reloaded. 
37143      INFO  main            d.u.i.k.p.r.p.TestFile    Now processing file /home/runner/work/key/key/key.core/../key.ui/examples/heap/list_ghost/ArrayList_get_exceptional.key 
37143      INFO  main            d.u.i.k.p.i.AbstractProblemLoader Loading environment from /home/runner/work/key/key/key.core/../key.ui/examples/heap/list_ghost/ArrayList_get_exceptional.key 
37143      DEBUG main            d.u.i.k.p.i.AbstractProblemLoader Environment load took 211ns 
37144      INFO  main            d.u.i.k.p.i.AbstractProblemLoader Creating init config 
39801      DEBUG main            d.u.i.k.p.i.AbstractProblemLoader Init config took 2.66s 
39843      INFO  main            d.u.i.k.p.i.AbstractProblemLoader Replaying proof ArrayList[List::get(int)].JML exceptional_behavior operation contract.0 
39845      DEBUG main            d.u.i.k.p.i.IntermediateProofReplayer Proof replay took 15.6ns 
40549      INFO  main            d.u.i.k.p.r.p.TestFile    ... finished proof: closed. 
40761      INFO  main            d.u.i.k.p.i.AbstractProblemLoader Loading environment from /home/runner/work/key/key/key.core/../key.ui/examples/heap/list_ghost/ArrayList_get_exceptional.key.proof 
40762      DEBUG main            d.u.i.k.p.i.AbstractProblemLoader Environment load took 446.5ns 
40763      INFO  main            d.u.i.k.p.i.AbstractProblemLoader Creating init config 
43370      DEBUG main            d.u.i.k.p.i.AbstractProblemLoader Init config took 2.61s 
43412      INFO  main            d.u.i.k.p.i.AbstractProblemLoader Replaying proof ArrayList[List::get(int)].JML exceptional_behavior operation contract.0 
43531      DEBUG main            d.u.i.k.p.i.IntermediateProofReplayer Proof replay took 112.5ms 
43533      DEBUG main            d.u.i.k.p.r.p.TestFile    ... success: reloaded. 
43534      INFO  main            d.u.i.k.p.r.p.TestFile    Now processing file /home/runner/work/key/key/key.core/../key.ui/examples/heap/list_ghost/ArrayList_get_normal.key 
43534      INFO  main            d.u.i.k.p.i.AbstractProblemLoader Loading environment from /home/runner/work/key/key/key.core/../key.ui/examples/heap/list_ghost/ArrayList_get_normal.key 
43535      DEBUG main            d.u.i.k.p.i.AbstractProblemLoader Environment load took 213.7ns 
43536      INFO  main            d.u.i.k.p.i.AbstractProblemLoader Creating init config 
46184      DEBUG main            d.u.i.k.p.i.AbstractProblemLoader Init config took 2.65s 
46223      INFO  main            d.u.i.k.p.i.AbstractProblemLoader Replaying proof ArrayList[List::get(int)].JML normal_behavior operation contract.0 
46225      DEBUG main            d.u.i.k.p.i.IntermediateProofReplayer Proof replay took 5.9ns 
46427      INFO  main            d.u.i.k.p.r.p.TestFile    ... finished proof: closed. 
46663      INFO  main            d.u.i.k.p.i.AbstractProblemLoader Loading environment from /home/runner/work/key/key/key.core/../key.ui/examples/heap/list_ghost/ArrayList_get_normal.key.proof 
46663      DEBUG main            d.u.i.k.p.i.AbstractProblemLoader Environment load took 111.9ns 
46664      INFO  main            d.u.i.k.p.i.AbstractProblemLoader Creating init config 
49271      DEBUG main            d.u.i.k.p.i.AbstractProblemLoader Init config took 2.61s 
49311      INFO  main            d.u.i.k.p.i.AbstractProblemLoader Replaying proof ArrayList[List::get(int)].JML normal_behavior operation contract.0 
49346      DEBUG main            d.u.i.k.p.i.IntermediateProofReplayer Proof replay took 32.17ms 
49347      DEBUG main            d.u.i.k.p.r.p.TestFile    ... success: reloaded. 
49348      INFO  main            d.u.i.k.p.r.p.TestFile    Now processing file /home/runner/work/key/key/key.core/../key.ui/examples/heap/list_ghost/ArrayList_inv.key 
49349      INFO  main            d.u.i.k.p.i.AbstractProblemLoader Loading environment from /home/runner/work/key/key/key.core/../key.ui/examples/heap/list_ghost/ArrayList_inv.key 
49349      DEBUG main            d.u.i.k.p.i.AbstractProblemLoader Environment load took 236.1ns 
49350      INFO  main            d.u.i.k.p.i.AbstractProblemLoader Creating init config 
51939      DEBUG main            d.u.i.k.p.i.AbstractProblemLoader Init config took 2.59s 
51978      INFO  main            d.u.i.k.p.i.AbstractProblemLoader Replaying proof ArrayList[java.lang.Object::<inv>()].JML accessible clause.0 
51979      DEBUG main            d.u.i.k.p.i.IntermediateProofReplayer Proof replay took 6.2ns 
52081      INFO  main            d.u.i.k.p.r.p.TestFile    ... finished proof: closed. 
52235      INFO  main            d.u.i.k.p.i.AbstractProblemLoader Loading environment from /home/runner/work/key/key/key.core/../key.ui/examples/heap/list_ghost/ArrayList_inv.key.proof 
52235      DEBUG main            d.u.i.k.p.i.AbstractProblemLoader Environment load took 105.8ns 
52236      INFO  main            d.u.i.k.p.i.AbstractProblemLoader Creating init config 
54824      DEBUG main            d.u.i.k.p.i.AbstractProblemLoader Init config took 2.59s 
54861      INFO  main            d.u.i.k.p.i.AbstractProblemLoader Replaying proof ArrayList[java.lang.Object::<inv>()].JML accessible clause.0 
54869      DEBUG main            d.u.i.k.p.i.IntermediateProofReplayer Proof replay took 6.83ms 
54870      DEBUG main            d.u.i.k.p.r.p.TestFile    ... success: reloaded. 
54871      INFO  main            d.u.i.k.p.r.p.TestFile    Now processing file /home/runner/work/key/key/key.core/../key.ui/examples/heap/list_ghost/ArrayList_size_dep.key 
54871      INFO  main            d.u.i.k.p.i.AbstractProblemLoader Loading environment from /home/runner/work/key/key/key.core/../key.ui/examples/heap/list_ghost/ArrayList_size_dep.key 
54871      DEBUG main            d.u.i.k.p.i.AbstractProblemLoader Environment load took 81.4ns 
54872      INFO  main            d.u.i.k.p.i.AbstractProblemLoader Creating init config 
57464      DEBUG main            d.u.i.k.p.i.AbstractProblemLoader Init config took 2.59s 
57501      INFO  main            d.u.i.k.p.i.AbstractProblemLoader Replaying proof ArrayList[List::size()].JML accessible clause.0 
57502      DEBUG main            d.u.i.k.p.i.IntermediateProofReplayer Proof replay took 6.3ns 
57605      INFO  main            d.u.i.k.p.r.p.TestFile    ... finished proof: closed. 
57751      INFO  main            d.u.i.k.p.i.AbstractProblemLoader Loading environment from /home/runner/work/key/key/key.core/../key.ui/examples/heap/list_ghost/ArrayList_size_dep.key.proof 
57751      DEBUG main            d.u.i.k.p.i.AbstractProblemLoader Environment load took 108.7ns 
57752      INFO  main            d.u.i.k.p.i.AbstractProblemLoader Creating init config 
60331      DEBUG main            d.u.i.k.p.i.AbstractProblemLoader Init config took 2.58s 
60368      INFO  main            d.u.i.k.p.i.AbstractProblemLoader Replaying proof ArrayList[List::size()].JML accessible clause.0 
60379      DEBUG main            d.u.i.k.p.i.IntermediateProofReplayer Proof replay took 8.88ms 
60380      DEBUG main            d.u.i.k.p.r.p.TestFile    ... success: reloaded. 
60381      INFO  main            d.u.i.k.p.r.p.TestFile    Now processing file /home/runner/work/key/key/key.core/../key.ui/examples/heap/list_ghost/ArrayList_size.key 
60381      INFO  main            d.u.i.k.p.i.AbstractProblemLoader Loading environment from /home/runner/work/key/key/key.core/../key.ui/examples/heap/list_ghost/ArrayList_size.key 
60382      DEBUG main            d.u.i.k.p.i.AbstractProblemLoader Environment load took 212.7ns 
60383      INFO  main            d.u.i.k.p.i.AbstractProblemLoader Creating init config 
63006      DEBUG main            d.u.i.k.p.i.AbstractProblemLoader Init config took 2.62s 
63044      INFO  main            d.u.i.k.p.i.AbstractProblemLoader Replaying proof ArrayList[List::size()].JML normal_behavior operation contract.0 
63047      DEBUG main            d.u.i.k.p.i.IntermediateProofReplayer Proof replay took 6.5ns 
63149      INFO  main            d.u.i.k.p.r.p.TestFile    ... finished proof: closed. 
63314      INFO  main            d.u.i.k.p.i.AbstractProblemLoader Loading environment from /home/runner/work/key/key/key.core/../key.ui/examples/heap/list_ghost/ArrayList_size.key.proof 
63314      DEBUG main            d.u.i.k.p.i.AbstractProblemLoader Environment load took 108.9ns 
63315      INFO  main            d.u.i.k.p.i.AbstractProblemLoader Creating init config 
65875      DEBUG main            d.u.i.k.p.i.AbstractProblemLoader Init config took 2.56s 
65910      INFO  main            d.u.i.k.p.i.AbstractProblemLoader Replaying proof ArrayList[List::size()].JML normal_behavior operation contract.0 
65933      DEBUG main            d.u.i.k.p.i.IntermediateProofReplayer Proof replay took 20.69ms 
65933      DEBUG main            d.u.i.k.p.r.p.TestFile    ... success: reloaded. 
1139138    INFO  Test worker     d.u.i.k.p.r.RunAllProofsTestUnit Returning from test list_ghost 
1139139    INFO  Test worker     d.u.i.k.p.r.RunAllProofsTestUnit Running test list_recursive 
323        INFO  Timeout watchdog d.u.i.k.p.r.p.ForkedTestFileRunner Timeout watcher launched (2000 secs.) 
330        WARN  main            d.u.i.k.s.ProofSettings   The settings in /home/runner/.key/proof-settings.props are *not* read. 
359        INFO  main            d.u.i.k.p.r.p.TestFile    Now processing file /home/runner/work/key/key/key.core/../key.ui/examples/heap/list_recursiveSpec/ListOperationsNonNull_getNextNN_normal_behavior.key 
491        INFO  main            d.u.i.k.p.i.AbstractProblemLoader Loading environment from /home/runner/work/key/key/key.core/../key.ui/examples/heap/list_recursiveSpec/ListOperationsNonNull_getNextNN_normal_behavior.key 
508        DEBUG main            d.u.i.k.p.i.AbstractProblemLoader Environment load took 3.7ms 
715        INFO  main            d.u.i.k.p.i.AbstractProblemLoader Creating init config 
1712       DEBUG main            d.u.i.k.j.TypeConverter   No LDT found for Meta 
1713       DEBUG main            d.u.i.k.j.TypeConverter   No LDT found for Meta 
1716       DEBUG main            d.u.i.k.j.TypeConverter   No LDT found for Meta 
1717       DEBUG main            d.u.i.k.j.TypeConverter   No LDT found for Meta 
3073       DEBUG main            d.u.i.k.j.TypeConverter   No LDT found for JavaBigintExpression 
8125       DEBUG main            d.u.i.k.p.i.AbstractProblemLoader Init config took 7.41s 
8252       INFO  main            d.u.i.k.p.i.AbstractProblemLoader Replaying proof ListOperationsNonNull[ListOperationsNonNull::getNextNN(ListNN,int)].JML normal_behavior operation contract.0 
8282       DEBUG main            d.u.i.k.p.i.IntermediateProofReplayer Proof replay took 29.6ns 
9604       INFO  main            d.u.i.k.p.r.p.TestFile    ... finished proof: closed. 
9725       INFO  main            d.u.i.k.p.i.AbstractProblemLoader Loading environment from /home/runner/work/key/key/key.core/../key.ui/examples/heap/list_recursiveSpec/ListOperationsNonNull_getNextNN_normal_behavior.key.proof 
9725       DEBUG main            d.u.i.k.p.i.AbstractProblemLoader Environment load took 553.7ns 
9728       INFO  main            d.u.i.k.p.i.AbstractProblemLoader Creating init config 
12616      DEBUG main            d.u.i.k.p.i.AbstractProblemLoader Init config took 2.89s 
12699      INFO  main            d.u.i.k.p.i.AbstractProblemLoader Replaying proof ListOperationsNonNull[ListOperationsNonNull::getNextNN(ListNN,int)].JML normal_behavior operation contract.0 
12824      DEBUG main            d.u.i.k.p.i.IntermediateProofReplayer Proof replay took 116.82ms 
12834      DEBUG main            d.u.i.k.p.r.p.TestFile    ... success: reloaded. 
12836      INFO  main            d.u.i.k.p.r.p.TestFile    Now processing file /home/runner/work/key/key/key.core/../key.ui/examples/heap/list_recursiveSpec/ListOperationsNonNull_setValueAt_normal_behavior.key 
12836      INFO  main            d.u.i.k.p.i.AbstractProblemLoader Loading environment from /home/runner/work/key/key/key.core/../key.ui/examples/heap/list_recursiveSpec/ListOperationsNonNull_setValueAt_normal_behavior.key 
12837      DEBUG main            d.u.i.k.p.i.AbstractProblemLoader Environment load took 232.1ns 
12838      INFO  main            d.u.i.k.p.i.AbstractProblemLoader Creating init config 
15635      DEBUG main            d.u.i.k.p.i.AbstractProblemLoader Init config took 2.8s 
15698      INFO  main            d.u.i.k.p.i.AbstractProblemLoader Replaying proof ListOperationsNonNull[ListOperationsNonNull::setValueAt_NN(ListNN,int,int)].JML normal_behavior operation contract.0 
15701      DEBUG main            d.u.i.k.p.i.IntermediateProofReplayer Proof replay took 5.4ns 
15729      DEBUG main            d.u.i.k.m.s.ProofScriptEngine 1: 'macro autopilot' on goal 0 (script from line 51) 
18406      DEBUG main            d.u.i.k.m.s.ProofScriptEngine 2: 'macro simp-upd' on goal 79 (script from line 52) 
18413      DEBUG main            d.u.i.k.m.s.ProofScriptEngine 3: 'rule observerDependencyEQ' on goal 1451 (script from line 53) 
18431      DEBUG main            d.u.i.k.m.s.ProofScriptEngine 4: 'tryclose' on goal 1452 (script from line 54) 
18465      INFO  main            d.u.i.k.p.r.p.TestFile    ... finished proof: closed. 
18613      INFO  main            d.u.i.k.p.i.AbstractProblemLoader Loading environment from /home/runner/work/key/key/key.core/../key.ui/examples/heap/list_recursiveSpec/ListOperationsNonNull_setValueAt_normal_behavior.key.proof 
18614      DEBUG main            d.u.i.k.p.i.AbstractProblemLoader Environment load took 1.62ms 
18616      INFO  main            d.u.i.k.p.i.AbstractProblemLoader Creating init config 
21330      DEBUG main            d.u.i.k.p.i.AbstractProblemLoader Init config took 2.71s 
21388      INFO  main            d.u.i.k.p.i.AbstractProblemLoader Replaying proof ListOperationsNonNull[ListOperationsNonNull::setValueAt_NN(ListNN,int,int)].JML normal_behavior operation contract.0 
21483      DEBUG main            d.u.i.k.p.i.IntermediateProofReplayer Proof replay took 90.11ms 
21485      DEBUG main            d.u.i.k.p.r.p.TestFile    ... success: reloaded. 
1160805    INFO  Test worker     d.u.i.k.p.r.RunAllProofsTestUnit Returning from test list_recursive 
1160806    INFO  Test worker     d.u.i.k.p.r.RunAllProofsTestUnit Running test list_seq 
322        INFO  Timeout watchdog d.u.i.k.p.r.p.ForkedTestFileRunner Timeout watcher launched (2000 secs.) 
324        WARN  main            d.u.i.k.s.ProofSettings   The settings in /home/runner/.key/proof-settings.props are *not* read. 
372        INFO  main            d.u.i.k.p.r.p.TestFile    Now processing file /home/runner/work/key/key/key.core/../key.ui/examples/heap/list_seq/SimplifiedLinkedList.remove.key 
535        INFO  main            d.u.i.k.p.i.AbstractProblemLoader Loading environment from /home/runner/work/key/key/key.core/../key.ui/examples/heap/list_seq/SimplifiedLinkedList.remove.key 
551        DEBUG main            d.u.i.k.p.i.AbstractProblemLoader Environment load took 2.23ms 
755        INFO  main            d.u.i.k.p.i.AbstractProblemLoader Creating init config 
1639       DEBUG main            d.u.i.k.j.TypeConverter   No LDT found for Meta 
1640       DEBUG main            d.u.i.k.j.TypeConverter   No LDT found for Meta 
1641       DEBUG main            d.u.i.k.j.TypeConverter   No LDT found for Meta 
1641       DEBUG main            d.u.i.k.j.TypeConverter   No LDT found for Meta 
3088       DEBUG main            d.u.i.k.j.TypeConverter   No LDT found for JavaBigintExpression 
8629       DEBUG main            d.u.i.k.p.i.AbstractProblemLoader Init config took 7.87s 
8834       INFO  main            d.u.i.k.p.i.AbstractProblemLoader Replaying proof SimplifiedLinkedList[SimplifiedLinkedList::remove(int)].JML normal_behavior operation contract.0 
8867       DEBUG main            d.u.i.k.p.i.IntermediateProofReplayer Proof replay took 31.4ns 
84319      INFO  main            d.u.i.k.p.r.p.TestFile    ... finished proof: closed. 
84687      INFO  main            d.u.i.k.p.i.AbstractProblemLoader Loading environment from /home/runner/work/key/key/key.core/../key.ui/examples/heap/list_seq/SimplifiedLinkedList.remove.key.proof 
84687      DEBUG main            d.u.i.k.p.i.AbstractProblemLoader Environment load took 232.4ns 
84705      INFO  main            d.u.i.k.p.i.AbstractProblemLoader Creating init config 
87854      DEBUG main            d.u.i.k.p.i.AbstractProblemLoader Init config took 3.15s 
87938      INFO  main            d.u.i.k.p.i.AbstractProblemLoader Replaying proof SimplifiedLinkedList[SimplifiedLinkedList::remove(int)].JML normal_behavior operation contract.0 
90438      DEBUG main            d.u.i.k.p.i.IntermediateProofReplayer Proof replay took 2.25s 
90455      DEBUG main            d.u.i.k.p.r.p.TestFile    ... success: reloaded. 
90456      INFO  main            d.u.i.k.p.r.p.TestFile    Now processing file /home/runner/work/key/key/key.core/../key.ui/examples/heap/list_seq/ArrayList.ArrayList.key 
90457      INFO  main            d.u.i.k.p.i.AbstractProblemLoader Loading environment from /home/runner/work/key/key/key.core/../key.ui/examples/heap/list_seq/ArrayList.ArrayList.key 
90457      DEBUG main            d.u.i.k.p.i.AbstractProblemLoader Environment load took 229.8ns 
90458      INFO  main            d.u.i.k.p.i.AbstractProblemLoader Creating init config 
93481      DEBUG main            d.u.i.k.p.i.AbstractProblemLoader Init config took 3.02s 
93568      INFO  main            d.u.i.k.p.i.AbstractProblemLoader Replaying proof ArrayList[ArrayList::ArrayList()].JML normal_behavior operation contract.0 
93570      DEBUG main            d.u.i.k.p.i.IntermediateProofReplayer Proof replay took 5.4ns 
94374      INFO  main            d.u.i.k.p.r.p.TestFile    ... finished proof: closed. 
94584      INFO  main            d.u.i.k.p.i.AbstractProblemLoader Loading environment from /home/runner/work/key/key/key.core/../key.ui/examples/heap/list_seq/ArrayList.ArrayList.key.proof 
94586      DEBUG main            d.u.i.k.p.i.AbstractProblemLoader Environment load took 1.55ms 
94588      INFO  main            d.u.i.k.p.i.AbstractProblemLoader Creating init config 
97535      DEBUG main            d.u.i.k.p.i.AbstractProblemLoader Init config took 2.95s 
97617      INFO  main            d.u.i.k.p.i.AbstractProblemLoader Replaying proof ArrayList[ArrayList::ArrayList()].JML normal_behavior operation contract.0 
97732      DEBUG main            d.u.i.k.p.i.IntermediateProofReplayer Proof replay took 109.07ms 
97733      DEBUG main            d.u.i.k.p.r.p.TestFile    ... success: reloaded. 
97734      INFO  main            d.u.i.k.p.r.p.TestFile    Now processing file /home/runner/work/key/key/key.core/../key.ui/examples/heap/list_seq/ArrayList.add.key 
97734      INFO  main            d.u.i.k.p.i.AbstractProblemLoader Loading environment from /home/runner/work/key/key/key.core/../key.ui/examples/heap/list_seq/ArrayList.add.key 
97735      DEBUG main            d.u.i.k.p.i.AbstractProblemLoader Environment load took 244ns 
97736      INFO  main            d.u.i.k.p.i.AbstractProblemLoader Creating init config 
100681     DEBUG main            d.u.i.k.p.i.AbstractProblemLoader Init config took 2.94s 
100758     INFO  main            d.u.i.k.p.i.AbstractProblemLoader Replaying proof ArrayList[List::add(java.lang.Object)].JML normal_behavior operation contract.0 
100760     DEBUG main            d.u.i.k.p.i.IntermediateProofReplayer Proof replay took 5.2ns 
104178     INFO  main            d.u.i.k.p.r.p.TestFile    ... finished proof: closed. 
104351     INFO  main            d.u.i.k.p.i.AbstractProblemLoader Loading environment from /home/runner/work/key/key/key.core/../key.ui/examples/heap/list_seq/ArrayList.add.key.proof 
104351     DEBUG main            d.u.i.k.p.i.AbstractProblemLoader Environment load took 433.2ns 
104355     INFO  main            d.u.i.k.p.i.AbstractProblemLoader Creating init config 
107304     DEBUG main            d.u.i.k.p.i.AbstractProblemLoader Init config took 2.95s 
107380     INFO  main            d.u.i.k.p.i.AbstractProblemLoader Replaying proof ArrayList[List::add(java.lang.Object)].JML normal_behavior operation contract.0 
107623     DEBUG main            d.u.i.k.p.i.IntermediateProofReplayer Proof replay took 231.61ms 
107624     DEBUG main            d.u.i.k.p.r.p.TestFile    ... success: reloaded. 
107625     INFO  main            d.u.i.k.p.r.p.TestFile    Now processing file /home/runner/work/key/key/key.core/../key.ui/examples/heap/list_seq/ArrayList.contains.key 
107626     INFO  main            d.u.i.k.p.i.AbstractProblemLoader Loading environment from /home/runner/work/key/key/key.core/../key.ui/examples/heap/list_seq/ArrayList.contains.key 
107626     DEBUG main            d.u.i.k.p.i.AbstractProblemLoader Environment load took 202.7ns 
107627     INFO  main            d.u.i.k.p.i.AbstractProblemLoader Creating init config 
110555     DEBUG main            d.u.i.k.p.i.AbstractProblemLoader Init config took 2.93s 
110633     INFO  main            d.u.i.k.p.i.AbstractProblemLoader Replaying proof ArrayList[List::contains(java.lang.Object)].JML normal_behavior operation contract.0 
110635     DEBUG main            d.u.i.k.p.i.IntermediateProofReplayer Proof replay took 5.6ns 
112240     INFO  main            d.u.i.k.p.r.p.TestFile    ... finished proof: closed. 
112415     INFO  main            d.u.i.k.p.i.AbstractProblemLoader Loading environment from /home/runner/work/key/key/key.core/../key.ui/examples/heap/list_seq/ArrayList.contains.key.proof 
112420     DEBUG main            d.u.i.k.p.i.AbstractProblemLoader Environment load took 5.37ms 
112421     INFO  main            d.u.i.k.p.i.AbstractProblemLoader Creating init config 
115352     DEBUG main            d.u.i.k.p.i.AbstractProblemLoader Init config took 2.93s 
115432     INFO  main            d.u.i.k.p.i.AbstractProblemLoader Replaying proof ArrayList[List::contains(java.lang.Object)].JML normal_behavior operation contract.0 
115583     DEBUG main            d.u.i.k.p.i.IntermediateProofReplayer Proof replay took 143.68ms 
115585     DEBUG main            d.u.i.k.p.r.p.TestFile    ... success: reloaded. 
115586     INFO  main            d.u.i.k.p.r.p.TestFile    Now processing file /home/runner/work/key/key/key.core/../key.ui/examples/heap/list_seq/ArrayList.enlarge.key 
115586     INFO  main            d.u.i.k.p.i.AbstractProblemLoader Loading environment from /home/runner/work/key/key/key.core/../key.ui/examples/heap/list_seq/ArrayList.enlarge.key 
115586     DEBUG main            d.u.i.k.p.i.AbstractProblemLoader Environment load took 203.4ns 
115587     INFO  main            d.u.i.k.p.i.AbstractProblemLoader Creating init config 
118556     DEBUG main            d.u.i.k.p.i.AbstractProblemLoader Init config took 2.97s 
118630     INFO  main            d.u.i.k.p.i.AbstractProblemLoader Replaying proof ArrayList[ArrayList::enlarge()].JML normal_behavior operation contract.0 
118632     DEBUG main            d.u.i.k.p.i.IntermediateProofReplayer Proof replay took 5.4ns 
120650     INFO  main            d.u.i.k.p.r.p.TestFile    ... finished proof: closed. 
120834     INFO  main            d.u.i.k.p.i.AbstractProblemLoader Loading environment from /home/runner/work/key/key/key.core/../key.ui/examples/heap/list_seq/ArrayList.enlarge.key.proof 
120835     DEBUG main            d.u.i.k.p.i.AbstractProblemLoader Environment load took 408.6ns 
120836     INFO  main            d.u.i.k.p.i.AbstractProblemLoader Creating init config 
123711     DEBUG main            d.u.i.k.p.i.AbstractProblemLoader Init config took 2.88s 
123785     INFO  main            d.u.i.k.p.i.AbstractProblemLoader Replaying proof ArrayList[ArrayList::enlarge()].JML normal_behavior operation contract.0 
123993     DEBUG main            d.u.i.k.p.i.IntermediateProofReplayer Proof replay took 199.72ms 
123995     DEBUG main            d.u.i.k.p.r.p.TestFile    ... success: reloaded. 
123996     INFO  main            d.u.i.k.p.r.p.TestFile    Now processing file /home/runner/work/key/key/key.core/../key.ui/examples/heap/list_seq/ArrayList.get.key 
123996     INFO  main            d.u.i.k.p.i.AbstractProblemLoader Loading environment from /home/runner/work/key/key/key.core/../key.ui/examples/heap/list_seq/ArrayList.get.key 
123996     DEBUG main            d.u.i.k.p.i.AbstractProblemLoader Environment load took 221ns 
123997     INFO  main            d.u.i.k.p.i.AbstractProblemLoader Creating init config 
126893     DEBUG main            d.u.i.k.p.i.AbstractProblemLoader Init config took 2.9s 
126986     INFO  main            d.u.i.k.p.i.AbstractProblemLoader Replaying proof ArrayList[List::get(int)].JML normal_behavior operation contract.0 
126987     DEBUG main            d.u.i.k.p.i.IntermediateProofReplayer Proof replay took 5.3ns 
127492     INFO  main            d.u.i.k.p.r.p.TestFile    ... finished proof: closed. 
127684     INFO  main            d.u.i.k.p.i.AbstractProblemLoader Loading environment from /home/runner/work/key/key/key.core/../key.ui/examples/heap/list_seq/ArrayList.get.key.proof 
127685     DEBUG main            d.u.i.k.p.i.AbstractProblemLoader Environment load took 114.8ns 
127686     INFO  main            d.u.i.k.p.i.AbstractProblemLoader Creating init config 
130568     DEBUG main            d.u.i.k.p.i.AbstractProblemLoader Init config took 2.88s 
130640     INFO  main            d.u.i.k.p.i.AbstractProblemLoader Replaying proof ArrayList[List::get(int)].JML normal_behavior operation contract.0 
130693     DEBUG main            d.u.i.k.p.i.IntermediateProofReplayer Proof replay took 49.97ms 
130694     DEBUG main            d.u.i.k.p.r.p.TestFile    ... success: reloaded. 
130695     INFO  main            d.u.i.k.p.r.p.TestFile    Now processing file /home/runner/work/key/key/key.core/../key.ui/examples/heap/list_seq/ArrayList.newArray.key 
130696     INFO  main            d.u.i.k.p.i.AbstractProblemLoader Loading environment from /home/runner/work/key/key/key.core/../key.ui/examples/heap/list_seq/ArrayList.newArray.key 
130696     DEBUG main            d.u.i.k.p.i.AbstractProblemLoader Environment load took 216.1ns 
130697     INFO  main            d.u.i.k.p.i.AbstractProblemLoader Creating init config 
133634     DEBUG main            d.u.i.k.p.i.AbstractProblemLoader Init config took 2.94s 
133704     INFO  main            d.u.i.k.p.i.AbstractProblemLoader Replaying proof ArrayList[ArrayList::newArray(int)].JML normal_behavior operation contract.0 
133705     DEBUG main            d.u.i.k.p.i.IntermediateProofReplayer Proof replay took 5.3ns 
134012     INFO  main            d.u.i.k.p.r.p.TestFile    ... finished proof: closed. 
134191     INFO  main            d.u.i.k.p.i.AbstractProblemLoader Loading environment from /home/runner/work/key/key/key.core/../key.ui/examples/heap/list_seq/ArrayList.newArray.key.proof 
134191     DEBUG main            d.u.i.k.p.i.AbstractProblemLoader Environment load took 113.4ns 
134192     INFO  main            d.u.i.k.p.i.AbstractProblemLoader Creating init config 
137035     DEBUG main            d.u.i.k.p.i.AbstractProblemLoader Init config took 2.84s 
137104     INFO  main            d.u.i.k.p.i.AbstractProblemLoader Replaying proof ArrayList[ArrayList::newArray(int)].JML normal_behavior operation contract.0 
137143     DEBUG main            d.u.i.k.p.i.IntermediateProofReplayer Proof replay took 36.08ms 
137144     DEBUG main            d.u.i.k.p.r.p.TestFile    ... success: reloaded. 
137145     INFO  main            d.u.i.k.p.r.p.TestFile    Now processing file /home/runner/work/key/key/key.core/../key.ui/examples/heap/list_seq/ArrayList.remove.0.key 
137145     INFO  main            d.u.i.k.p.i.AbstractProblemLoader Loading environment from /home/runner/work/key/key/key.core/../key.ui/examples/heap/list_seq/ArrayList.remove.0.key 
137145     DEBUG main            d.u.i.k.p.i.AbstractProblemLoader Environment load took 106.5ns 
137146     INFO  main            d.u.i.k.p.i.AbstractProblemLoader Creating init config 
140021     DEBUG main            d.u.i.k.p.i.AbstractProblemLoader Init config took 2.87s 
140107     INFO  main            d.u.i.k.p.i.AbstractProblemLoader Replaying proof ArrayList[List::remove(java.lang.Object)].JML normal_behavior operation contract.0 
140108     DEBUG main            d.u.i.k.p.i.IntermediateProofReplayer Proof replay took 5.6ns 
142024     INFO  main            d.u.i.k.p.r.p.TestFile    ... finished proof: closed. 
142224     INFO  main            d.u.i.k.p.i.AbstractProblemLoader Loading environment from /home/runner/work/key/key/key.core/../key.ui/examples/heap/list_seq/ArrayList.remove.0.key.proof 
142225     DEBUG main            d.u.i.k.p.i.AbstractProblemLoader Environment load took 158.4ns 
142226     INFO  main            d.u.i.k.p.i.AbstractProblemLoader Creating init config 
145069     DEBUG main            d.u.i.k.p.i.AbstractProblemLoader Init config took 2.84s 
145138     INFO  main            d.u.i.k.p.i.AbstractProblemLoader Replaying proof ArrayList[List::remove(java.lang.Object)].JML normal_behavior operation contract.0 
145446     DEBUG main            d.u.i.k.p.i.IntermediateProofReplayer Proof replay took 302.06ms 
145448     DEBUG main            d.u.i.k.p.r.p.TestFile    ... success: reloaded. 
145449     INFO  main            d.u.i.k.p.r.p.TestFile    Now processing file /home/runner/work/key/key/key.core/../key.ui/examples/heap/list_seq/ArrayList.remove.1.key 
145449     INFO  main            d.u.i.k.p.i.AbstractProblemLoader Loading environment from /home/runner/work/key/key/key.core/../key.ui/examples/heap/list_seq/ArrayList.remove.1.key 
145449     DEBUG main            d.u.i.k.p.i.AbstractProblemLoader Environment load took 232.9ns 
145450     INFO  main            d.u.i.k.p.i.AbstractProblemLoader Creating init config 
148372     DEBUG main            d.u.i.k.p.i.AbstractProblemLoader Init config took 2.92s 
148443     INFO  main            d.u.i.k.p.i.AbstractProblemLoader Replaying proof ArrayList[List::remove(java.lang.Object)].JML normal_behavior operation contract.1 
148445     DEBUG main            d.u.i.k.p.i.IntermediateProofReplayer Proof replay took 5ns 
160548     INFO  main            d.u.i.k.p.r.p.TestFile    ... finished proof: closed. 
160778     INFO  main            d.u.i.k.p.i.AbstractProblemLoader Loading environment from /home/runner/work/key/key/key.core/../key.ui/examples/heap/list_seq/ArrayList.remove.1.key.proof 
160779     DEBUG main            d.u.i.k.p.i.AbstractProblemLoader Environment load took 431.9ns 
160781     INFO  main            d.u.i.k.p.i.AbstractProblemLoader Creating init config 
163599     DEBUG main            d.u.i.k.p.i.AbstractProblemLoader Init config took 2.82s 
163668     INFO  main            d.u.i.k.p.i.AbstractProblemLoader Replaying proof ArrayList[List::remove(java.lang.Object)].JML normal_behavior operation contract.1 
164433     DEBUG main            d.u.i.k.p.i.IntermediateProofReplayer Proof replay took 734.49ms 
164435     DEBUG main            d.u.i.k.p.r.p.TestFile    ... success: reloaded. 
1325398    INFO  Test worker     d.u.i.k.p.r.RunAllProofsTestUnit Returning from test list_seq 
1325400    INFO  Test worker     d.u.i.k.p.r.RunAllProofsTestUnit Running test observer 
344        INFO  Timeout watchdog d.u.i.k.p.r.p.ForkedTestFileRunner Timeout watcher launched (2000 secs.) 
360        WARN  main            d.u.i.k.s.ProofSettings   The settings in /home/runner/.key/proof-settings.props are *not* read. 
405        INFO  main            d.u.i.k.p.r.p.TestFile    Now processing file /home/runner/work/key/key/key.core/../key.ui/examples/heap/observer/ExampleObserver_ExampleObserver.key 
528        INFO  main            d.u.i.k.p.i.AbstractProblemLoader Loading environment from /home/runner/work/key/key/key.core/../key.ui/examples/heap/observer/ExampleObserver_ExampleObserver.key 
547        DEBUG main            d.u.i.k.p.i.AbstractProblemLoader Environment load took 1.77ms 
753        INFO  main            d.u.i.k.p.i.AbstractProblemLoader Creating init config 
1566       DEBUG main            d.u.i.k.j.TypeConverter   No LDT found for Meta 
1566       DEBUG main            d.u.i.k.j.TypeConverter   No LDT found for Meta 
1569       DEBUG main            d.u.i.k.j.TypeConverter   No LDT found for Meta 
1569       DEBUG main            d.u.i.k.j.TypeConverter   No LDT found for Meta 
2771       DEBUG main            d.u.i.k.j.TypeConverter   No LDT found for JavaBigintExpression 
8254       DEBUG main            d.u.i.k.p.i.AbstractProblemLoader Init config took 7.5s 
8383       INFO  main            d.u.i.k.p.i.AbstractProblemLoader Replaying proof ExampleObserver[ExampleObserver::ExampleObserver(ExampleSubject)].JML normal_behavior operation contract.0 
8417       DEBUG main            d.u.i.k.p.i.IntermediateProofReplayer Proof replay took 29.1ns 
9451       INFO  main            d.u.i.k.p.r.p.TestFile    ... finished proof: closed. 
9576       INFO  main            d.u.i.k.p.i.AbstractProblemLoader Loading environment from /home/runner/work/key/key/key.core/../key.ui/examples/heap/observer/ExampleObserver_ExampleObserver.key.proof 
9581       DEBUG main            d.u.i.k.p.i.AbstractProblemLoader Environment load took 4.68ms 
9583       INFO  main            d.u.i.k.p.i.AbstractProblemLoader Creating init config 
12479      DEBUG main            d.u.i.k.p.i.AbstractProblemLoader Init config took 2.9s 
12553      INFO  main            d.u.i.k.p.i.AbstractProblemLoader Replaying proof ExampleObserver[ExampleObserver::ExampleObserver(ExampleSubject)].JML normal_behavior operation contract.0 
12637      DEBUG main            d.u.i.k.p.i.IntermediateProofReplayer Proof replay took 77.43ms 
12644      DEBUG main            d.u.i.k.p.r.p.TestFile    ... success: reloaded. 
12646      INFO  main            d.u.i.k.p.r.p.TestFile    Now processing file /home/runner/work/key/key/key.core/../key.ui/examples/heap/observer/ExampleObserver_inv.key 
12646      INFO  main            d.u.i.k.p.i.AbstractProblemLoader Loading environment from /home/runner/work/key/key/key.core/../key.ui/examples/heap/observer/ExampleObserver_inv.key 
12646      DEBUG main            d.u.i.k.p.i.AbstractProblemLoader Environment load took 223.8ns 
12648      INFO  main            d.u.i.k.p.i.AbstractProblemLoader Creating init config 
15470      DEBUG main            d.u.i.k.p.i.AbstractProblemLoader Init config took 2.82s 
15537      INFO  main            d.u.i.k.p.i.AbstractProblemLoader Replaying proof ExampleObserver[java.lang.Object::<inv>()].JML accessible clause.0 
15539      DEBUG main            d.u.i.k.p.i.IntermediateProofReplayer Proof replay took 5.4ns 
15642      INFO  main            d.u.i.k.p.r.p.TestFile    ... finished proof: closed. 
15761      INFO  main            d.u.i.k.p.i.AbstractProblemLoader Loading environment from /home/runner/work/key/key/key.core/../key.ui/examples/heap/observer/ExampleObserver_inv.key.proof 
15761      DEBUG main            d.u.i.k.p.i.AbstractProblemLoader Environment load took 118.5ns 
15763      INFO  main            d.u.i.k.p.i.AbstractProblemLoader Creating init config 
18504      DEBUG main            d.u.i.k.p.i.AbstractProblemLoader Init config took 2.74s 
18557      INFO  main            d.u.i.k.p.i.AbstractProblemLoader Replaying proof ExampleObserver[java.lang.Object::<inv>()].JML accessible clause.0 
18573      DEBUG main            d.u.i.k.p.i.IntermediateProofReplayer Proof replay took 12.49ms 
18574      DEBUG main            d.u.i.k.p.r.p.TestFile    ... success: reloaded. 
18575      INFO  main            d.u.i.k.p.r.p.TestFile    Now processing file /home/runner/work/key/key/key.core/../key.ui/examples/heap/observer/ExampleObserver_subject.key 
18576      INFO  main            d.u.i.k.p.i.AbstractProblemLoader Loading environment from /home/runner/work/key/key/key.core/../key.ui/examples/heap/observer/ExampleObserver_subject.key 
18576      DEBUG main            d.u.i.k.p.i.AbstractProblemLoader Environment load took 224.5ns 
18577      INFO  main            d.u.i.k.p.i.AbstractProblemLoader Creating init config 
21315      DEBUG main            d.u.i.k.p.i.AbstractProblemLoader Init config took 2.74s 
21382      INFO  main            d.u.i.k.p.i.AbstractProblemLoader Replaying proof Observer[Observer::$subject()].JML accessible clause.0 
21384      DEBUG main            d.u.i.k.p.i.IntermediateProofReplayer Proof replay took 5.6ns 
21486      INFO  main            d.u.i.k.p.r.p.TestFile    ... finished proof: closed. 
21611      INFO  main            d.u.i.k.p.i.AbstractProblemLoader Loading environment from /home/runner/work/key/key/key.core/../key.ui/examples/heap/observer/ExampleObserver_subject.key.proof 
21611      DEBUG main            d.u.i.k.p.i.AbstractProblemLoader Environment load took 113ns 
21613      INFO  main            d.u.i.k.p.i.AbstractProblemLoader Creating init config 
24345      DEBUG main            d.u.i.k.p.i.AbstractProblemLoader Init config took 2.73s 
24392      INFO  main            d.u.i.k.p.i.AbstractProblemLoader Replaying proof Observer[Observer::$subject()].JML accessible clause.0 
24396      DEBUG main            d.u.i.k.p.i.IntermediateProofReplayer Proof replay took 1.72ms 
24397      DEBUG main            d.u.i.k.p.r.p.TestFile    ... success: reloaded. 
24398      INFO  main            d.u.i.k.p.r.p.TestFile    Now processing file /home/runner/work/key/key/key.core/../key.ui/examples/heap/observer/ExampleObserver_update.key 
24398      INFO  main            d.u.i.k.p.i.AbstractProblemLoader Loading environment from /home/runner/work/key/key/key.core/../key.ui/examples/heap/observer/ExampleObserver_update.key 
24398      DEBUG main            d.u.i.k.p.i.AbstractProblemLoader Environment load took 207.1ns 
24400      INFO  main            d.u.i.k.p.i.AbstractProblemLoader Creating init config 
27104      DEBUG main            d.u.i.k.p.i.AbstractProblemLoader Init config took 2.7s 
27168      INFO  main            d.u.i.k.p.i.AbstractProblemLoader Replaying proof ExampleObserver[Observer::update()].JML normal_behavior operation contract.0 
27170      DEBUG main            d.u.i.k.p.i.IntermediateProofReplayer Proof replay took 5.3ns 
27473      INFO  main            d.u.i.k.p.r.p.TestFile    ... finished proof: closed. 
27604      INFO  main            d.u.i.k.p.i.AbstractProblemLoader Loading environment from /home/runner/work/key/key/key.core/../key.ui/examples/heap/observer/ExampleObserver_update.key.proof 
27605      DEBUG main            d.u.i.k.p.i.AbstractProblemLoader Environment load took 428.2ns 
27606      INFO  main            d.u.i.k.p.i.AbstractProblemLoader Creating init config 
30291      DEBUG main            d.u.i.k.p.i.AbstractProblemLoader Init config took 2.68s 
30342      INFO  main            d.u.i.k.p.i.AbstractProblemLoader Replaying proof ExampleObserver[Observer::update()].JML normal_behavior operation contract.0 
30409      DEBUG main            d.u.i.k.p.i.IntermediateProofReplayer Proof replay took 62.16ms 
30410      DEBUG main            d.u.i.k.p.r.p.TestFile    ... success: reloaded. 
30412      INFO  main            d.u.i.k.p.r.p.TestFile    Now processing file /home/runner/work/key/key/key.core/../key.ui/examples/heap/observer/ExampleObserver_upToDate.key 
30412      INFO  main            d.u.i.k.p.i.AbstractProblemLoader Loading environment from /home/runner/work/key/key/key.core/../key.ui/examples/heap/observer/ExampleObserver_upToDate.key 
30412      DEBUG main            d.u.i.k.p.i.AbstractProblemLoader Environment load took 96.3ns 
30414      INFO  main            d.u.i.k.p.i.AbstractProblemLoader Creating init config 
33128      DEBUG main            d.u.i.k.p.i.AbstractProblemLoader Init config took 2.71s 
33174      INFO  main            d.u.i.k.p.i.AbstractProblemLoader Replaying proof ExampleObserver[Observer::$upToDate()].JML accessible clause.0 
33176      DEBUG main            d.u.i.k.p.i.IntermediateProofReplayer Proof replay took 5.8ns 
33278      INFO  main            d.u.i.k.p.r.p.TestFile    ... finished proof: closed. 
33441      INFO  main            d.u.i.k.p.i.AbstractProblemLoader Loading environment from /home/runner/work/key/key/key.core/../key.ui/examples/heap/observer/ExampleObserver_upToDate.key.proof 
33441      DEBUG main            d.u.i.k.p.i.AbstractProblemLoader Environment load took 114.2ns 
33442      INFO  main            d.u.i.k.p.i.AbstractProblemLoader Creating init config 
36132      DEBUG main            d.u.i.k.p.i.AbstractProblemLoader Init config took 2.69s 
36188      INFO  main            d.u.i.k.p.i.AbstractProblemLoader Replaying proof ExampleObserver[Observer::$upToDate()].JML accessible clause.0 
36205      DEBUG main            d.u.i.k.p.i.IntermediateProofReplayer Proof replay took 14.04ms 
36206      DEBUG main            d.u.i.k.p.r.p.TestFile    ... success: reloaded. 
36207      INFO  main            d.u.i.k.p.r.p.TestFile    Now processing file /home/runner/work/key/key/key.core/../key.ui/examples/heap/observer/ExampleObserver_value.key 
36208      INFO  main            d.u.i.k.p.i.AbstractProblemLoader Loading environment from /home/runner/work/key/key/key.core/../key.ui/examples/heap/observer/ExampleObserver_value.key 
36208      DEBUG main            d.u.i.k.p.i.AbstractProblemLoader Environment load took 232.2ns 
36209      INFO  main            d.u.i.k.p.i.AbstractProblemLoader Creating init config 
38890      DEBUG main            d.u.i.k.p.i.AbstractProblemLoader Init config took 2.68s 
38944      INFO  main            d.u.i.k.p.i.AbstractProblemLoader Replaying proof ExampleObserver[ExampleObserver::value()].JML normal_behavior operation contract.0 
38946      DEBUG main            d.u.i.k.p.i.IntermediateProofReplayer Proof replay took 5.9ns 
39047      INFO  main            d.u.i.k.p.r.p.TestFile    ... finished proof: closed. 
39205      INFO  main            d.u.i.k.p.i.AbstractProblemLoader Loading environment from /home/runner/work/key/key/key.core/../key.ui/examples/heap/observer/ExampleObserver_value.key.proof 
39205      DEBUG main            d.u.i.k.p.i.AbstractProblemLoader Environment load took 101.8ns 
39206      INFO  main            d.u.i.k.p.i.AbstractProblemLoader Creating init config 
41848      DEBUG main            d.u.i.k.p.i.AbstractProblemLoader Init config took 2.64s 
41892      INFO  main            d.u.i.k.p.i.AbstractProblemLoader Replaying proof ExampleObserver[ExampleObserver::value()].JML normal_behavior operation contract.0 
41907      DEBUG main            d.u.i.k.p.i.IntermediateProofReplayer Proof replay took 13.93ms 
41908      DEBUG main            d.u.i.k.p.r.p.TestFile    ... success: reloaded. 
41910      INFO  main            d.u.i.k.p.r.p.TestFile    Now processing file /home/runner/work/key/key/key.core/../key.ui/examples/heap/observer/ExampleSubject_addObserver.key 
41910      INFO  main            d.u.i.k.p.i.AbstractProblemLoader Loading environment from /home/runner/work/key/key/key.core/../key.ui/examples/heap/observer/ExampleSubject_addObserver.key 
41910      DEBUG main            d.u.i.k.p.i.AbstractProblemLoader Environment load took 215ns 
41911      INFO  main            d.u.i.k.p.i.AbstractProblemLoader Creating init config 
44551      DEBUG main            d.u.i.k.p.i.AbstractProblemLoader Init config took 2.64s 
44600      INFO  main            d.u.i.k.p.i.AbstractProblemLoader Replaying proof ExampleSubject[Subject::addObserver(Observer)].JML normal_behavior operation contract.0 
44601      DEBUG main            d.u.i.k.p.i.IntermediateProofReplayer Proof replay took 5.6ns 
50036      INFO  main            d.u.i.k.p.r.p.TestFile    ... finished proof: closed. 
50273      INFO  main            d.u.i.k.p.i.AbstractProblemLoader Loading environment from /home/runner/work/key/key/key.core/../key.ui/examples/heap/observer/ExampleSubject_addObserver.key.proof 
50273      DEBUG main            d.u.i.k.p.i.AbstractProblemLoader Environment load took 429.3ns 
50275      INFO  main            d.u.i.k.p.i.AbstractProblemLoader Creating init config 
52880      DEBUG main            d.u.i.k.p.i.AbstractProblemLoader Init config took 2.6s 
52931      INFO  main            d.u.i.k.p.i.AbstractProblemLoader Replaying proof ExampleSubject[Subject::addObserver(Observer)].JML normal_behavior operation contract.0 
53399      DEBUG main            d.u.i.k.p.i.IntermediateProofReplayer Proof replay took 442.8ms 
53401      DEBUG main            d.u.i.k.p.r.p.TestFile    ... success: reloaded. 
53402      INFO  main            d.u.i.k.p.r.p.TestFile    Now processing file /home/runner/work/key/key/key.core/../key.ui/examples/heap/observer/ExampleSubject_change.key 
53402      INFO  main            d.u.i.k.p.i.AbstractProblemLoader Loading environment from /home/runner/work/key/key/key.core/../key.ui/examples/heap/observer/ExampleSubject_change.key 
53403      DEBUG main            d.u.i.k.p.i.AbstractProblemLoader Environment load took 205.9ns 
53404      INFO  main            d.u.i.k.p.i.AbstractProblemLoader Creating init config 
56023      DEBUG main            d.u.i.k.p.i.AbstractProblemLoader Init config took 2.62s 
56086      INFO  main            d.u.i.k.p.i.AbstractProblemLoader Replaying proof ExampleSubject[ExampleSubject::change()].JML normal_behavior operation contract.0 
56088      DEBUG main            d.u.i.k.p.i.IntermediateProofReplayer Proof replay took 15.5ns 
56595      INFO  main            d.u.i.k.p.r.p.TestFile    ... finished proof: closed. 
56777      INFO  main            d.u.i.k.p.i.AbstractProblemLoader Loading environment from /home/runner/work/key/key/key.core/../key.ui/examples/heap/observer/ExampleSubject_change.key.proof 
56780      DEBUG main            d.u.i.k.p.i.AbstractProblemLoader Environment load took 3.36ms 
56781      INFO  main            d.u.i.k.p.i.AbstractProblemLoader Creating init config 
59382      DEBUG main            d.u.i.k.p.i.AbstractProblemLoader Init config took 2.6s 
59432      INFO  main            d.u.i.k.p.i.AbstractProblemLoader Replaying proof ExampleSubject[ExampleSubject::change()].JML normal_behavior operation contract.0 
59488      DEBUG main            d.u.i.k.p.i.IntermediateProofReplayer Proof replay took 46.64ms 
59490      DEBUG main            d.u.i.k.p.r.p.TestFile    ... success: reloaded. 
59491      INFO  main            d.u.i.k.p.r.p.TestFile    Now processing file /home/runner/work/key/key/key.core/../key.ui/examples/heap/observer/ExampleSubject_ExampleSubject.key 
59491      INFO  main            d.u.i.k.p.i.AbstractProblemLoader Loading environment from /home/runner/work/key/key/key.core/../key.ui/examples/heap/observer/ExampleSubject_ExampleSubject.key 
59492      DEBUG main            d.u.i.k.p.i.AbstractProblemLoader Environment load took 264.3ns 
59493      INFO  main            d.u.i.k.p.i.AbstractProblemLoader Creating init config 
62170      DEBUG main            d.u.i.k.p.i.AbstractProblemLoader Init config took 2.68s 
62213      INFO  main            d.u.i.k.p.i.AbstractProblemLoader Replaying proof ExampleSubject[ExampleSubject::ExampleSubject()].JML normal_behavior operation contract.0 
62215      DEBUG main            d.u.i.k.p.i.IntermediateProofReplayer Proof replay took 6.1ns 
63229      INFO  main            d.u.i.k.p.r.p.TestFile    ... finished proof: closed. 
63412      INFO  main            d.u.i.k.p.i.AbstractProblemLoader Loading environment from /home/runner/work/key/key/key.core/../key.ui/examples/heap/observer/ExampleSubject_ExampleSubject.key.proof 
63412      DEBUG main            d.u.i.k.p.i.AbstractProblemLoader Environment load took 501.5ns 
63417      INFO  main            d.u.i.k.p.i.AbstractProblemLoader Creating init config 
66018      DEBUG main            d.u.i.k.p.i.AbstractProblemLoader Init config took 2.6s 
66061      INFO  main            d.u.i.k.p.i.AbstractProblemLoader Replaying proof ExampleSubject[ExampleSubject::ExampleSubject()].JML normal_behavior operation contract.0 
66185      DEBUG main            d.u.i.k.p.i.IntermediateProofReplayer Proof replay took 116.84ms 
66187      DEBUG main            d.u.i.k.p.r.p.TestFile    ... success: reloaded. 
66188      INFO  main            d.u.i.k.p.r.p.TestFile    Now processing file /home/runner/work/key/key/key.core/../key.ui/examples/heap/observer/ExampleSubject_footprint.key 
66188      INFO  main            d.u.i.k.p.i.AbstractProblemLoader Loading environment from /home/runner/work/key/key/key.core/../key.ui/examples/heap/observer/ExampleSubject_footprint.key 
66189      DEBUG main            d.u.i.k.p.i.AbstractProblemLoader Environment load took 216ns 
66189      INFO  main            d.u.i.k.p.i.AbstractProblemLoader Creating init config 
68804      DEBUG main            d.u.i.k.p.i.AbstractProblemLoader Init config took 2.61s 
68845      INFO  main            d.u.i.k.p.i.AbstractProblemLoader Replaying proof ExampleSubject[Subject::$footprint()].JML accessible clause.0 
68846      DEBUG main            d.u.i.k.p.i.IntermediateProofReplayer Proof replay took 5.4ns 
68949      INFO  main            d.u.i.k.p.r.p.TestFile    ... finished proof: closed. 
69139      INFO  main            d.u.i.k.p.i.AbstractProblemLoader Loading environment from /home/runner/work/key/key/key.core/../key.ui/examples/heap/observer/ExampleSubject_footprint.key.proof 
69139      DEBUG main            d.u.i.k.p.i.AbstractProblemLoader Environment load took 105.7ns 
69140      INFO  main            d.u.i.k.p.i.AbstractProblemLoader Creating init config 
71746      DEBUG main            d.u.i.k.p.i.AbstractProblemLoader Init config took 2.61s 
71788      INFO  main            d.u.i.k.p.i.AbstractProblemLoader Replaying proof ExampleSubject[Subject::$footprint()].JML accessible clause.0 
71799      DEBUG main            d.u.i.k.p.i.IntermediateProofReplayer Proof replay took 9.21ms 
71800      DEBUG main            d.u.i.k.p.r.p.TestFile    ... success: reloaded. 
71801      INFO  main            d.u.i.k.p.r.p.TestFile    Now processing file /home/runner/work/key/key/key.core/../key.ui/examples/heap/observer/ExampleSubject_inv.key 
71801      INFO  main            d.u.i.k.p.i.AbstractProblemLoader Loading environment from /home/runner/work/key/key/key.core/../key.ui/examples/heap/observer/ExampleSubject_inv.key 
71801      DEBUG main            d.u.i.k.p.i.AbstractProblemLoader Environment load took 80.4ns 
71802      INFO  main            d.u.i.k.p.i.AbstractProblemLoader Creating init config 
74389      DEBUG main            d.u.i.k.p.i.AbstractProblemLoader Init config took 2.59s 
74431      INFO  main            d.u.i.k.p.i.AbstractProblemLoader Replaying proof ExampleSubject[java.lang.Object::<inv>()].JML accessible clause.0 
74432      DEBUG main            d.u.i.k.p.i.IntermediateProofReplayer Proof replay took 5.5ns 
75539      INFO  main            d.u.i.k.p.r.p.TestFile    ... finished proof: closed. 
75794      INFO  main            d.u.i.k.p.i.AbstractProblemLoader Loading environment from /home/runner/work/key/key/key.core/../key.ui/examples/heap/observer/ExampleSubject_inv.key.proof 
75795      DEBUG main            d.u.i.k.p.i.AbstractProblemLoader Environment load took 400.3ns 
75796      INFO  main            d.u.i.k.p.i.AbstractProblemLoader Creating init config 
78380      DEBUG main            d.u.i.k.p.i.AbstractProblemLoader Init config took 2.58s 
78425      INFO  main            d.u.i.k.p.i.AbstractProblemLoader Replaying proof ExampleSubject[java.lang.Object::<inv>()].JML accessible clause.0 
78513      DEBUG main            d.u.i.k.p.i.IntermediateProofReplayer Proof replay took 72.13ms 
78515      DEBUG main            d.u.i.k.p.r.p.TestFile    ... success: reloaded. 
78516      INFO  main            d.u.i.k.p.r.p.TestFile    Now processing file /home/runner/work/key/key/key.core/../key.ui/examples/heap/observer/ExampleSubject_notifyObservers.key 
78517      INFO  main            d.u.i.k.p.i.AbstractProblemLoader Loading environment from /home/runner/work/key/key/key.core/../key.ui/examples/heap/observer/ExampleSubject_notifyObservers.key 
78517      DEBUG main            d.u.i.k.p.i.AbstractProblemLoader Environment load took 200.4ns 
78518      INFO  main            d.u.i.k.p.i.AbstractProblemLoader Creating init config 
81114      DEBUG main            d.u.i.k.p.i.AbstractProblemLoader Init config took 2.6s 
81157      INFO  main            d.u.i.k.p.i.AbstractProblemLoader Replaying proof Subject[Subject::notifyObservers()].JML normal_behavior operation contract.0 
81158      DEBUG main            d.u.i.k.p.i.IntermediateProofReplayer Proof replay took 6ns 
81261      INFO  main            d.u.i.k.p.r.p.TestFile    ... finished proof: closed. 
81443      INFO  main            d.u.i.k.p.i.AbstractProblemLoader Loading environment from /home/runner/work/key/key/key.core/../key.ui/examples/heap/observer/ExampleSubject_notifyObservers.key.proof 
81443      DEBUG main            d.u.i.k.p.i.AbstractProblemLoader Environment load took 113.7ns 
81444      INFO  main            d.u.i.k.p.i.AbstractProblemLoader Creating init config 
84012      DEBUG main            d.u.i.k.p.i.AbstractProblemLoader Init config took 2.57s 
84054      INFO  main            d.u.i.k.p.i.AbstractProblemLoader Replaying proof Subject[Subject::notifyObservers()].JML normal_behavior operation contract.0 
84058      DEBUG main            d.u.i.k.p.i.IntermediateProofReplayer Proof replay took 2.01ms 
84059      DEBUG main            d.u.i.k.p.r.p.TestFile    ... success: reloaded. 
84060      INFO  main            d.u.i.k.p.r.p.TestFile    Now processing file /home/runner/work/key/key/key.core/../key.ui/examples/heap/observer/ExampleSubject_value_dep.key 
84060      INFO  main            d.u.i.k.p.i.AbstractProblemLoader Loading environment from /home/runner/work/key/key/key.core/../key.ui/examples/heap/observer/ExampleSubject_value_dep.key 
84060      DEBUG main            d.u.i.k.p.i.AbstractProblemLoader Environment load took 204.8ns 
84061      INFO  main            d.u.i.k.p.i.AbstractProblemLoader Creating init config 
86707      DEBUG main            d.u.i.k.p.i.AbstractProblemLoader Init config took 2.65s 
86748      INFO  main            d.u.i.k.p.i.AbstractProblemLoader Replaying proof ExampleSubject[ExampleSubject::value()].JML accessible clause.0 
86750      DEBUG main            d.u.i.k.p.i.IntermediateProofReplayer Proof replay took 6.7ns 
86852      INFO  main            d.u.i.k.p.r.p.TestFile    ... finished proof: closed. 
87072      INFO  main            d.u.i.k.p.i.AbstractProblemLoader Loading environment from /home/runner/work/key/key/key.core/../key.ui/examples/heap/observer/ExampleSubject_value_dep.key.proof 
87072      DEBUG main            d.u.i.k.p.i.AbstractProblemLoader Environment load took 114ns 
87073      INFO  main            d.u.i.k.p.i.AbstractProblemLoader Creating init config 
89668      DEBUG main            d.u.i.k.p.i.AbstractProblemLoader Init config took 2.6s 
89707      INFO  main            d.u.i.k.p.i.AbstractProblemLoader Replaying proof ExampleSubject[ExampleSubject::value()].JML accessible clause.0 
89718      DEBUG main            d.u.i.k.p.i.IntermediateProofReplayer Proof replay took 9.34ms 
89719      DEBUG main            d.u.i.k.p.r.p.TestFile    ... success: reloaded. 
89720      INFO  main            d.u.i.k.p.r.p.TestFile    Now processing file /home/runner/work/key/key/key.core/../key.ui/examples/heap/observer/ExampleSubject_value.key 
89720      INFO  main            d.u.i.k.p.i.AbstractProblemLoader Loading environment from /home/runner/work/key/key/key.core/../key.ui/examples/heap/observer/ExampleSubject_value.key 
89720      DEBUG main            d.u.i.k.p.i.AbstractProblemLoader Environment load took 84ns 
89721      INFO  main            d.u.i.k.p.i.AbstractProblemLoader Creating init config 
92344      DEBUG main            d.u.i.k.p.i.AbstractProblemLoader Init config took 2.62s 
92384      INFO  main            d.u.i.k.p.i.AbstractProblemLoader Replaying proof ExampleSubject[ExampleSubject::value()].JML normal_behavior operation contract.0 
92386      DEBUG main            d.u.i.k.p.i.IntermediateProofReplayer Proof replay took 5.8ns 
92489      INFO  main            d.u.i.k.p.r.p.TestFile    ... finished proof: closed. 
92687      INFO  main            d.u.i.k.p.i.AbstractProblemLoader Loading environment from /home/runner/work/key/key/key.core/../key.ui/examples/heap/observer/ExampleSubject_value.key.proof 
92687      DEBUG main            d.u.i.k.p.i.AbstractProblemLoader Environment load took 106.6ns 
92688      INFO  main            d.u.i.k.p.i.AbstractProblemLoader Creating init config 
95240      DEBUG main            d.u.i.k.p.i.AbstractProblemLoader Init config took 2.55s 
95290      INFO  main            d.u.i.k.p.i.AbstractProblemLoader Replaying proof ExampleSubject[ExampleSubject::value()].JML normal_behavior operation contract.0 
95300      DEBUG main            d.u.i.k.p.i.IntermediateProofReplayer Proof replay took 7.38ms 
95301      DEBUG main            d.u.i.k.p.r.p.TestFile    ... success: reloaded. 
1420859    INFO  Test worker     d.u.i.k.p.r.RunAllProofsTestUnit Returning from test observer 
1420860    INFO  Test worker     d.u.i.k.p.r.RunAllProofsTestUnit Running test removeDups 
341        INFO  Timeout watchdog d.u.i.k.p.r.p.ForkedTestFileRunner Timeout watcher launched (2000 secs.) 
353        WARN  main            d.u.i.k.s.ProofSettings   The settings in /home/runner/.key/proof-settings.props are *not* read. 
378        INFO  main            d.u.i.k.p.r.p.TestFile    Now processing file /home/runner/work/key/key/key.core/../key.ui/examples/heap/removeDups/arrayPart.key 
487        INFO  main            d.u.i.k.p.i.AbstractProblemLoader Loading environment from /home/runner/work/key/key/key.core/../key.ui/examples/heap/removeDups/arrayPart.key 
503        DEBUG main            d.u.i.k.p.i.AbstractProblemLoader Environment load took 1.82ms 
708        INFO  main            d.u.i.k.p.i.AbstractProblemLoader Creating init config 
1527       DEBUG main            d.u.i.k.j.TypeConverter   No LDT found for Meta 
1533       DEBUG main            d.u.i.k.j.TypeConverter   No LDT found for Meta 
1534       DEBUG main            d.u.i.k.j.TypeConverter   No LDT found for Meta 
1537       DEBUG main            d.u.i.k.j.TypeConverter   No LDT found for Meta 
2766       DEBUG main            d.u.i.k.j.TypeConverter   No LDT found for JavaBigintExpression 
7645       DEBUG main            d.u.i.k.p.i.AbstractProblemLoader Init config took 6.94s 
7766       INFO  main            d.u.i.k.p.i.AbstractProblemLoader Replaying proof RemoveDup[RemoveDup::arrayPart([I,int)].JML normal_behavior operation contract.0 
7795       DEBUG main            d.u.i.k.p.i.IntermediateProofReplayer Proof replay took 30.7ns 
10427      INFO  main            d.u.i.k.p.r.p.TestFile    ... finished proof: closed. 
10593      INFO  main            d.u.i.k.p.i.AbstractProblemLoader Loading environment from /home/runner/work/key/key/key.core/../key.ui/examples/heap/removeDups/arrayPart.key.proof 
10600      DEBUG main            d.u.i.k.p.i.AbstractProblemLoader Environment load took 7.01ms 
10603      INFO  main            d.u.i.k.p.i.AbstractProblemLoader Creating init config 
13208      DEBUG main            d.u.i.k.p.i.AbstractProblemLoader Init config took 2.61s 
13290      INFO  main            d.u.i.k.p.i.AbstractProblemLoader Replaying proof RemoveDup[RemoveDup::arrayPart([I,int)].JML normal_behavior operation contract.0 
13512      DEBUG main            d.u.i.k.p.i.IntermediateProofReplayer Proof replay took 210.29ms 
13519      DEBUG main            d.u.i.k.p.r.p.TestFile    ... success: reloaded. 
13521      INFO  main            d.u.i.k.p.r.p.TestFile    Now processing file /home/runner/work/key/key/key.core/../key.ui/examples/heap/removeDups/contains.key 
13521      INFO  main            d.u.i.k.p.i.AbstractProblemLoader Loading environment from /home/runner/work/key/key/key.core/../key.ui/examples/heap/removeDups/contains.key 
13521      DEBUG main            d.u.i.k.p.i.AbstractProblemLoader Environment load took 223.8ns 
13523      INFO  main            d.u.i.k.p.i.AbstractProblemLoader Creating init config 
16070      DEBUG main            d.u.i.k.p.i.AbstractProblemLoader Init config took 2.55s 
16131      INFO  main            d.u.i.k.p.i.AbstractProblemLoader Replaying proof RemoveDup[RemoveDup::contains([I,int,int)].JML normal_behavior operation contract.0 
16137      DEBUG main            d.u.i.k.p.i.IntermediateProofReplayer Proof replay took 5.6ns 
16741      INFO  main            d.u.i.k.p.r.p.TestFile    ... finished proof: closed. 
16890      INFO  main            d.u.i.k.p.i.AbstractProblemLoader Loading environment from /home/runner/work/key/key/key.core/../key.ui/examples/heap/removeDups/contains.key.proof 
16891      DEBUG main            d.u.i.k.p.i.AbstractProblemLoader Environment load took 437.5ns 
16892      INFO  main            d.u.i.k.p.i.AbstractProblemLoader Creating init config 
19342      DEBUG main            d.u.i.k.p.i.AbstractProblemLoader Init config took 2.45s 
19388      INFO  main            d.u.i.k.p.i.AbstractProblemLoader Replaying proof RemoveDup[RemoveDup::contains([I,int,int)].JML normal_behavior operation contract.0 
19466      DEBUG main            d.u.i.k.p.i.IntermediateProofReplayer Proof replay took 72.91ms 
19468      DEBUG main            d.u.i.k.p.r.p.TestFile    ... success: reloaded. 
19469      INFO  main            d.u.i.k.p.r.p.TestFile    Now processing file /home/runner/work/key/key/key.core/../key.ui/examples/heap/removeDups/removeDup.key 
19469      INFO  main            d.u.i.k.p.i.AbstractProblemLoader Loading environment from /home/runner/work/key/key/key.core/../key.ui/examples/heap/removeDups/removeDup.key 
19471      DEBUG main            d.u.i.k.p.i.AbstractProblemLoader Environment load took 2.17ms 
19473      INFO  main            d.u.i.k.p.i.AbstractProblemLoader Creating init config 
21922      DEBUG main            d.u.i.k.p.i.AbstractProblemLoader Init config took 2.45s 
21968      INFO  main            d.u.i.k.p.i.AbstractProblemLoader Replaying proof RemoveDup[RemoveDup::removeDup([I)].JML normal_behavior operation contract.0 
21970      DEBUG main            d.u.i.k.p.i.IntermediateProofReplayer Proof replay took 5.6ns 
42443      INFO  main            d.u.i.k.p.r.p.TestFile    ... finished proof: closed. 
42669      INFO  main            d.u.i.k.p.i.AbstractProblemLoader Loading environment from /home/runner/work/key/key/key.core/../key.ui/examples/heap/removeDups/removeDup.key.proof 
42669      DEBUG main            d.u.i.k.p.i.AbstractProblemLoader Environment load took 445.7ns 
42680      INFO  main            d.u.i.k.p.i.AbstractProblemLoader Creating init config 
45052      DEBUG main            d.u.i.k.p.i.AbstractProblemLoader Init config took 2.37s 
45096      INFO  main            d.u.i.k.p.i.AbstractProblemLoader Replaying proof RemoveDup[RemoveDup::removeDup([I)].JML normal_behavior operation contract.0 
46242      DEBUG main            d.u.i.k.p.i.IntermediateProofReplayer Proof replay took 1.09s 
46244      DEBUG main            d.u.i.k.p.r.p.TestFile    ... success: reloaded. 
46246      INFO  main            d.u.i.k.p.r.p.TestFile    Now processing file /home/runner/work/key/key/key.core/../key.ui/examples/heap/saddleback_search/Saddleback_search.key 
46246      INFO  main            d.u.i.k.p.i.AbstractProblemLoader Loading environment from /home/runner/work/key/key/key.core/../key.ui/examples/heap/saddleback_search/Saddleback_search.key 
46248      DEBUG main            d.u.i.k.p.i.AbstractProblemLoader Environment load took 1.9ms 
46249      INFO  main            d.u.i.k.p.i.AbstractProblemLoader Creating init config 
48751      DEBUG main            d.u.i.k.p.i.AbstractProblemLoader Init config took 2.5s 
48789      INFO  main            d.u.i.k.p.i.AbstractProblemLoader Replaying proof Saddleback[Saddleback::search([[I,int)].JML normal_behavior operation contract.0 
48797      DEBUG main            d.u.i.k.p.i.IntermediateProofReplayer Proof replay took 5.3ns 
135941     INFO  main            d.u.i.k.p.r.p.TestFile    ... finished proof: closed. 
136307     INFO  main            d.u.i.k.p.i.AbstractProblemLoader Loading environment from /home/runner/work/key/key/key.core/../key.ui/examples/heap/saddleback_search/Saddleback_search.key.proof 
136307     DEBUG main            d.u.i.k.p.i.AbstractProblemLoader Environment load took 432.7ns 
136315     INFO  main            d.u.i.k.p.i.AbstractProblemLoader Creating init config 
138652     DEBUG main            d.u.i.k.p.i.AbstractProblemLoader Init config took 2.34s 
138705     INFO  main            d.u.i.k.p.i.AbstractProblemLoader Replaying proof Saddleback[Saddleback::search([[I,int)].JML normal_behavior operation contract.0 
140184     DEBUG main            d.u.i.k.p.i.IntermediateProofReplayer Proof replay took 1.32s 
140192     DEBUG main            d.u.i.k.p.r.p.TestFile    ... success: reloaded. 
1561225    INFO  Test worker     d.u.i.k.p.r.RunAllProofsTestUnit Returning from test removeDups 
1561226    INFO  Test worker     d.u.i.k.p.r.RunAllProofsTestUnit Running test quicksort 
351        INFO  Timeout watchdog d.u.i.k.p.r.p.ForkedTestFileRunner Timeout watcher launched (2000 secs.) 
364        WARN  main            d.u.i.k.s.ProofSettings   The settings in /home/runner/.key/proof-settings.props are *not* read. 
417        INFO  main            d.u.i.k.p.r.p.TestFile    Now processing file /home/runner/work/key/key/key.core/../key.ui/examples/heap/quicksort/toplevel.key 
578        INFO  main            d.u.i.k.p.i.AbstractProblemLoader Loading environment from /home/runner/work/key/key/key.core/../key.ui/examples/heap/quicksort/toplevel.key 
597        DEBUG main            d.u.i.k.p.i.AbstractProblemLoader Environment load took 1.91ms 
792        INFO  main            d.u.i.k.p.i.AbstractProblemLoader Creating init config 
1779       DEBUG main            d.u.i.k.j.TypeConverter   No LDT found for Meta 
1779       DEBUG main            d.u.i.k.j.TypeConverter   No LDT found for Meta 
1782       DEBUG main            d.u.i.k.j.TypeConverter   No LDT found for Meta 
1783       DEBUG main            d.u.i.k.j.TypeConverter   No LDT found for Meta 
3290       DEBUG main            d.u.i.k.j.TypeConverter   No LDT found for JavaBigintExpression 
8087       DEBUG main            d.u.i.k.p.i.AbstractProblemLoader Init config took 7.3s 
8234       INFO  main            d.u.i.k.p.i.AbstractProblemLoader Replaying proof Quicksort[Quicksort::sort([I)].JML normal_behavior operation contract.0 
8267       DEBUG main            d.u.i.k.p.i.IntermediateProofReplayer Proof replay took 31.6ns 
9608       INFO  main            d.u.i.k.p.r.p.TestFile    ... finished proof: closed. 
9750       INFO  main            d.u.i.k.p.i.AbstractProblemLoader Loading environment from /home/runner/work/key/key/key.core/../key.ui/examples/heap/quicksort/toplevel.key.proof 
9753       DEBUG main            d.u.i.k.p.i.AbstractProblemLoader Environment load took 2.86ms 
9755       INFO  main            d.u.i.k.p.i.AbstractProblemLoader Creating init config 
12484      DEBUG main            d.u.i.k.p.i.AbstractProblemLoader Init config took 2.73s 
12560      INFO  main            d.u.i.k.p.i.AbstractProblemLoader Replaying proof Quicksort[Quicksort::sort([I)].JML normal_behavior operation contract.0 
12715      DEBUG main            d.u.i.k.p.i.IntermediateProofReplayer Proof replay took 146.89ms 
12721      DEBUG main            d.u.i.k.p.r.p.TestFile    ... success: reloaded. 
12723      INFO  main            d.u.i.k.p.r.p.TestFile    Now processing file /home/runner/work/key/key/key.core/../key.ui/examples/heap/quicksort/sort.key 
12724      INFO  main            d.u.i.k.p.i.AbstractProblemLoader Loading environment from /home/runner/work/key/key/key.core/../key.ui/examples/heap/quicksort/sort.key 
12724      DEBUG main            d.u.i.k.p.i.AbstractProblemLoader Environment load took 216ns 
12725      INFO  main            d.u.i.k.p.i.AbstractProblemLoader Creating init config 
15507      DEBUG main            d.u.i.k.p.i.AbstractProblemLoader Init config took 2.78s 
15566      INFO  main            d.u.i.k.p.i.AbstractProblemLoader Replaying proof Quicksort[Quicksort::sort([I,int,int)].JML normal_behavior operation contract.0 
15569      DEBUG main            d.u.i.k.p.i.IntermediateProofReplayer Proof replay took 5ns 
15595      DEBUG main            d.u.i.k.m.s.ProofScriptEngine 1: 'script 'sort.script'' on goal 0 (script from line 7) 
15596      INFO  main            d.u.i.k.m.s.ProofScriptCommand Included script /home/runner/work/key/key/key.core/../key.ui/examples/heap/quicksort/sort.script 
15598      DEBUG main            d.u.i.k.m.s.ProofScriptEngine 1: 'macro autopilot-prep' on goal 0 (script from line 1) 
16623      DEBUG main            d.u.i.k.m.s.ProofScriptEngine 2: 'select formula="{heapAtPre:=heap || exc:=null || heap:=heapAfter_sort_0}
   seq ...' on goal 358 (script from line 7) 
16624      DEBUG main            d.u.i.k.m.s.ProofScriptEngine 3: 'macro simp-upd' on goal 358 (script from line 9) 
16632      DEBUG main            d.u.i.k.m.s.ProofScriptEngine 4: 'let   @seqPre="seqDef{int u;}(0, array.length, array[u])"
    @seqSplit="seqDef ...' on goal 369 (script from line 14) 
16635      DEBUG main            d.u.i.k.m.s.ProofScriptEngine 5: 'rule seqPermSym 
  formula="seqPerm(@seqSplit, @seqPre)"' on goal 369 (script from line 17) 
16648      DEBUG main            d.u.i.k.m.s.ProofScriptEngine 6: 'rule seqPermSym
  formula="seqPerm(@seqSort, @seqSplit)"' on goal 370 (script from line 20) 
16649      DEBUG main            d.u.i.k.m.s.ProofScriptEngine 7: 'rule seqPermSym
  formula="seqPerm(@seqSort0, @seqSort)"' on goal 371 (script from line 23) 
16651      DEBUG main            d.u.i.k.m.s.ProofScriptEngine 8: 'rule seqPermTrans
  formula="seqPerm(@seqPre, @seqSplit)"' on goal 372 (script from line 26) 
16652      DEBUG main            d.u.i.k.m.s.ProofScriptEngine 9: 'rule seqPermTrans
  formula="seqPerm(@seqPre, @seqSort)"' on goal 373 (script from line 29) 
16653      DEBUG main            d.u.i.k.m.s.ProofScriptEngine 10: 'rule seqPermSym
  formula="seqPerm(@seqPre, @seqSort0)"' on goal 374 (script from line 32) 
16653      DEBUG main            d.u.i.k.m.s.ProofScriptEngine 11: 'tryclose' on goal 375 (script from line 36) 
42456      INFO  main            d.u.i.k.p.r.p.TestFile    ... finished proof: closed. 
42725      INFO  main            d.u.i.k.p.i.AbstractProblemLoader Loading environment from /home/runner/work/key/key/key.core/../key.ui/examples/heap/quicksort/sort.key.proof 
42725      DEBUG main            d.u.i.k.p.i.AbstractProblemLoader Environment load took 404.5ns 
42735      INFO  main            d.u.i.k.p.i.AbstractProblemLoader Creating init config 
45327      DEBUG main            d.u.i.k.p.i.AbstractProblemLoader Init config took 2.59s 
45374      INFO  main            d.u.i.k.p.i.AbstractProblemLoader Replaying proof Quicksort[Quicksort::sort([I,int,int)].JML normal_behavior operation contract.0 
46907      DEBUG main            d.u.i.k.p.i.IntermediateProofReplayer Proof replay took 1.38s 
46912      DEBUG main            d.u.i.k.p.r.p.TestFile    ... success: reloaded. 
46926      INFO  main            d.u.i.k.p.r.p.TestFile    Now processing file /home/runner/work/key/key/key.core/../key.ui/examples/heap/quicksort/split.key 
46927      INFO  main            d.u.i.k.p.i.AbstractProblemLoader Loading environment from /home/runner/work/key/key/key.core/../key.ui/examples/heap/quicksort/split.key 
46927      DEBUG main            d.u.i.k.p.i.AbstractProblemLoader Environment load took 276.5ns 
46928      INFO  main            d.u.i.k.p.i.AbstractProblemLoader Creating init config 
49760      DEBUG main            d.u.i.k.p.i.AbstractProblemLoader Init config took 2.83s 
49804      INFO  main            d.u.i.k.p.i.AbstractProblemLoader Replaying proof Quicksort[Quicksort::split([I,int,int)].JML normal_behavior operation contract.0 
49807      DEBUG main            d.u.i.k.p.i.IntermediateProofReplayer Proof replay took 5.3ns 
49807      DEBUG main            d.u.i.k.m.s.ProofScriptEngine 1: 'macro autopilot-prep' on goal 0 (script from line 15) 
50958      DEBUG main            d.u.i.k.m.s.ProofScriptEngine 2: 'tryclose' on goal 520 (script from line 18) 
88515      DEBUG main            d.u.i.k.m.s.ProofScriptEngine 3: 'macro simp-upd' on goal 495 (script from line 24) 
88633      DEBUG main            d.u.i.k.m.s.ProofScriptEngine 4: 'rule seqPermFromSwap' on goal 495 (script from line 25) 
88648      DEBUG main            d.u.i.k.m.s.ProofScriptEngine 5: 'rule andRight' on goal 40829 (script from line 26) 
88653      DEBUG main            d.u.i.k.m.s.ProofScriptEngine 6: 'auto' on goal 40830 (script from line 28) 
88677      DEBUG main            d.u.i.k.m.s.ProofScriptEngine 7: 'instantiate hide var=iv with=i_0' on goal 40831 (script from line 30) 
88680      DEBUG main            d.u.i.k.m.s.ProofScriptEngine 8: 'instantiate hide var=jv with=j_0' on goal 40836 (script from line 31) 
88682      DEBUG main            d.u.i.k.m.s.ProofScriptEngine 9: 'auto' on goal 40837 (script from line 32) 
94984      DEBUG main            d.u.i.k.m.s.ProofScriptEngine 10: 'macro simp-upd' on goal 190 (script from line 35) 
95064      DEBUG main            d.u.i.k.m.s.ProofScriptEngine 11: 'rule seqPermFromSwap' on goal 46168 (script from line 36) 
95065      DEBUG main            d.u.i.k.m.s.ProofScriptEngine 12: 'rule andRight' on goal 46169 (script from line 37) 
95069      DEBUG main            d.u.i.k.m.s.ProofScriptEngine 13: 'auto' on goal 46170 (script from line 39) 
95083      DEBUG main            d.u.i.k.m.s.ProofScriptEngine 14: 'instantiate hide var=iv with=i_0' on goal 46171 (script from line 41) 
95084      DEBUG main            d.u.i.k.m.s.ProofScriptEngine 15: 'instantiate hide var=jv with=to' on goal 46176 (script from line 42) 
95086      DEBUG main            d.u.i.k.m.s.ProofScriptEngine 16: 'auto' on goal 46177 (script from line 43) 
100062     INFO  main            d.u.i.k.p.r.p.TestFile    ... finished proof: closed. 
100556     INFO  main            d.u.i.k.p.i.AbstractProblemLoader Loading environment from /home/runner/work/key/key/key.core/../key.ui/examples/heap/quicksort/split.key.proof 
100556     DEBUG main            d.u.i.k.p.i.AbstractProblemLoader Environment load took 431.3ns 
100566     INFO  main            d.u.i.k.p.i.AbstractProblemLoader Creating init config 
103010     DEBUG main            d.u.i.k.p.i.AbstractProblemLoader Init config took 2.44s 
103057     INFO  main            d.u.i.k.p.i.AbstractProblemLoader Replaying proof Quicksort[Quicksort::split([I,int,int)].JML normal_behavior operation contract.0 
105455     DEBUG main            d.u.i.k.p.i.IntermediateProofReplayer Proof replay took 2.16s 
105465     DEBUG main            d.u.i.k.p.r.p.TestFile    ... success: reloaded. 
1666859    INFO  Test worker     d.u.i.k.p.r.RunAllProofsTestUnit Returning from test quicksort 
1666860    INFO  Test worker     d.u.i.k.p.r.RunAllProofsTestUnit Running test simpleTests 
320        INFO  Timeout watchdog d.u.i.k.p.r.p.ForkedTestFileRunner Timeout watcher launched (2000 secs.) 
327        WARN  main            d.u.i.k.s.ProofSettings   The settings in /home/runner/.key/proof-settings.props are *not* read. 
357        INFO  main            d.u.i.k.p.r.p.TestFile    Now processing file /home/runner/work/key/key/key.core/../key.ui/examples/heap/simple/anonymise_datagroup.key 
456        INFO  main            d.u.i.k.p.i.AbstractProblemLoader Loading environment from /home/runner/work/key/key/key.core/../key.ui/examples/heap/simple/anonymise_datagroup.key 
478        DEBUG main            d.u.i.k.p.i.AbstractProblemLoader Environment load took 1.79ms 
714        INFO  main            d.u.i.k.p.i.AbstractProblemLoader Creating init config 
1500       DEBUG main            d.u.i.k.j.TypeConverter   No LDT found for Meta 
1500       DEBUG main            d.u.i.k.j.TypeConverter   No LDT found for Meta 
1501       DEBUG main            d.u.i.k.j.TypeConverter   No LDT found for Meta 
1501       DEBUG main            d.u.i.k.j.TypeConverter   No LDT found for Meta 
2944       DEBUG main            d.u.i.k.j.TypeConverter   No LDT found for JavaBigintExpression 
7552       DEBUG main            d.u.i.k.p.i.AbstractProblemLoader Init config took 6.84s 
7609       INFO  main            d.u.i.k.p.i.AbstractProblemLoader Replaying proof anonymise_datagroup.key 
7638       DEBUG main            d.u.i.k.p.i.IntermediateProofReplayer Proof replay took 29.6ns 
7903       INFO  main            d.u.i.k.p.r.p.TestFile    ... finished proof: closed. 
8000       INFO  main            d.u.i.k.p.i.AbstractProblemLoader Loading environment from /home/runner/work/key/key/key.core/../key.ui/examples/heap/simple/anonymise_datagroup.key.proof 
8000       DEBUG main            d.u.i.k.p.i.AbstractProblemLoader Environment load took 811.89ns 
8005       INFO  main            d.u.i.k.p.i.AbstractProblemLoader Creating init config 
10740      DEBUG main            d.u.i.k.p.i.AbstractProblemLoader Init config took 2.73s 
10770      INFO  main            d.u.i.k.p.i.AbstractProblemLoader Replaying proof anonymise_datagroup.key.proof 
10782      DEBUG main            d.u.i.k.p.i.IntermediateProofReplayer Proof replay took 7.16ms 
10793      DEBUG main            d.u.i.k.p.r.p.TestFile    ... success: reloaded. 
10794      INFO  main            d.u.i.k.p.r.p.TestFile    Now processing file /home/runner/work/key/key/key.core/../key.ui/examples/heap/simple/array_creation.key 
10794      INFO  main            d.u.i.k.p.i.AbstractProblemLoader Loading environment from /home/runner/work/key/key/key.core/../key.ui/examples/heap/simple/array_creation.key 
10794      DEBUG main            d.u.i.k.p.i.AbstractProblemLoader Environment load took 207.4ns 
10797      INFO  main            d.u.i.k.p.i.AbstractProblemLoader Creating init config 
13437      DEBUG main            d.u.i.k.p.i.AbstractProblemLoader Init config took 2.64s 
13477      INFO  main            d.u.i.k.p.i.AbstractProblemLoader Replaying proof array_creation.key 
13488      DEBUG main            d.u.i.k.p.i.IntermediateProofReplayer Proof replay took 6.2ns 
14211      INFO  main            d.u.i.k.p.r.p.TestFile    ... finished proof: closed. 
14340      INFO  main            d.u.i.k.p.i.AbstractProblemLoader Loading environment from /home/runner/work/key/key/key.core/../key.ui/examples/heap/simple/array_creation.key.proof 
14340      DEBUG main            d.u.i.k.p.i.AbstractProblemLoader Environment load took 119.9ns 
14343      INFO  main            d.u.i.k.p.i.AbstractProblemLoader Creating init config 
16926      DEBUG main            d.u.i.k.p.i.AbstractProblemLoader Init config took 2.58s 
16949      INFO  main            d.u.i.k.p.i.AbstractProblemLoader Replaying proof array_creation.key.proof 
17076      DEBUG main            d.u.i.k.p.i.IntermediateProofReplayer Proof replay took 122.09ms 
17078      DEBUG main            d.u.i.k.p.r.p.TestFile    ... success: reloaded. 
17080      INFO  main            d.u.i.k.p.r.p.TestFile    Now processing file /home/runner/work/key/key/key.core/../key.ui/examples/heap/simple/arrays_with_disjoint_sorts.key 
17080      INFO  main            d.u.i.k.p.i.AbstractProblemLoader Loading environment from /home/runner/work/key/key/key.core/../key.ui/examples/heap/simple/arrays_with_disjoint_sorts.key 
17081      DEBUG main            d.u.i.k.p.i.AbstractProblemLoader Environment load took 212.3ns 
17084      INFO  main            d.u.i.k.p.i.AbstractProblemLoader Creating init config 
19683      DEBUG main            d.u.i.k.p.i.AbstractProblemLoader Init config took 2.6s 
19716      INFO  main            d.u.i.k.p.i.AbstractProblemLoader Replaying proof arrays_with_disjoint_sorts.key 
19718      DEBUG main            d.u.i.k.p.i.IntermediateProofReplayer Proof replay took 5.6ns 
19921      INFO  main            d.u.i.k.p.r.p.TestFile    ... finished proof: closed. 
20083      INFO  main            d.u.i.k.p.i.AbstractProblemLoader Loading environment from /home/runner/work/key/key/key.core/../key.ui/examples/heap/simple/arrays_with_disjoint_sorts.key.proof 
20085      DEBUG main            d.u.i.k.p.i.AbstractProblemLoader Environment load took 2.24ms 
20088      INFO  main            d.u.i.k.p.i.AbstractProblemLoader Creating init config 
22644      DEBUG main            d.u.i.k.p.i.AbstractProblemLoader Init config took 2.56s 
22664      INFO  main            d.u.i.k.p.i.AbstractProblemLoader Replaying proof arrays_with_disjoint_sorts.key.proof 
22684      DEBUG main            d.u.i.k.p.i.IntermediateProofReplayer Proof replay took 16.76ms 
22685      DEBUG main            d.u.i.k.p.r.p.TestFile    ... success: reloaded. 
22686      INFO  main            d.u.i.k.p.r.p.TestFile    Now processing file /home/runner/work/key/key/key.core/../key.ui/examples/heap/simple/arrays.key 
22687      INFO  main            d.u.i.k.p.i.AbstractProblemLoader Loading environment from /home/runner/work/key/key/key.core/../key.ui/examples/heap/simple/arrays.key 
22687      DEBUG main            d.u.i.k.p.i.AbstractProblemLoader Environment load took 185.3ns 
22688      INFO  main            d.u.i.k.p.i.AbstractProblemLoader Creating init config 
25227      DEBUG main            d.u.i.k.p.i.AbstractProblemLoader Init config took 2.54s 
25246      INFO  main            d.u.i.k.p.i.AbstractProblemLoader Replaying proof arrays.key 
25249      DEBUG main            d.u.i.k.p.i.IntermediateProofReplayer Proof replay took 5.1ns 
25352      INFO  main            d.u.i.k.p.r.p.TestFile    ... finished proof: closed. 
25488      INFO  main            d.u.i.k.p.i.AbstractProblemLoader Loading environment from /home/runner/work/key/key/key.core/../key.ui/examples/heap/simple/arrays.key.proof 
25489      DEBUG main            d.u.i.k.p.i.AbstractProblemLoader Environment load took 393.8ns 
25492      INFO  main            d.u.i.k.p.i.AbstractProblemLoader Creating init config 
27985      DEBUG main            d.u.i.k.p.i.AbstractProblemLoader Init config took 2.49s 
28005      INFO  main            d.u.i.k.p.i.AbstractProblemLoader Replaying proof arrays.key.proof 
28023      DEBUG main            d.u.i.k.p.i.IntermediateProofReplayer Proof replay took 14.8ms 
28024      DEBUG main            d.u.i.k.p.r.p.TestFile    ... success: reloaded. 
28025      INFO  main            d.u.i.k.p.r.p.TestFile    Now processing file /home/runner/work/key/key/key.core/../key.ui/examples/heap/simple/attributes.key 
28025      INFO  main            d.u.i.k.p.i.AbstractProblemLoader Loading environment from /home/runner/work/key/key/key.core/../key.ui/examples/heap/simple/attributes.key 
28025      DEBUG main            d.u.i.k.p.i.AbstractProblemLoader Environment load took 85.8ns 
28026      INFO  main            d.u.i.k.p.i.AbstractProblemLoader Creating init config 
30543      DEBUG main            d.u.i.k.p.i.AbstractProblemLoader Init config took 2.52s 
30562      INFO  main            d.u.i.k.p.i.AbstractProblemLoader Replaying proof attributes.key 
30564      DEBUG main            d.u.i.k.p.i.IntermediateProofReplayer Proof replay took 5.7ns 
30666      INFO  main            d.u.i.k.p.r.p.TestFile    ... finished proof: closed. 
30840      INFO  main            d.u.i.k.p.i.AbstractProblemLoader Loading environment from /home/runner/work/key/key/key.core/../key.ui/examples/heap/simple/attributes.key.proof 
30840      DEBUG main            d.u.i.k.p.i.AbstractProblemLoader Environment load took 114.2ns 
30841      INFO  main            d.u.i.k.p.i.AbstractProblemLoader Creating init config 
33311      DEBUG main            d.u.i.k.p.i.AbstractProblemLoader Init config took 2.47s 
33331      INFO  main            d.u.i.k.p.i.AbstractProblemLoader Replaying proof attributes.key.proof 
33336      DEBUG main            d.u.i.k.p.i.IntermediateProofReplayer Proof replay took 2.4ms 
33337      DEBUG main            d.u.i.k.p.r.p.TestFile    ... success: reloaded. 
33338      INFO  main            d.u.i.k.p.r.p.TestFile    Now processing file /home/runner/work/key/key/key.core/../key.ui/examples/heap/simple/constructor_contracts.key 
33338      INFO  main            d.u.i.k.p.i.AbstractProblemLoader Loading environment from /home/runner/work/key/key/key.core/../key.ui/examples/heap/simple/constructor_contracts.key 
33339      DEBUG main            d.u.i.k.p.i.AbstractProblemLoader Environment load took 209.3ns 
33341      INFO  main            d.u.i.k.p.i.AbstractProblemLoader Creating init config 
36286      DEBUG main            d.u.i.k.p.i.AbstractProblemLoader Init config took 2.95s 
36308      INFO  main            d.u.i.k.p.i.AbstractProblemLoader Replaying proof constructor_contracts.key 
36310      DEBUG main            d.u.i.k.p.i.IntermediateProofReplayer Proof replay took 5.5ns 
36817      INFO  main            d.u.i.k.p.r.p.TestFile    ... finished proof: closed. 
36980      INFO  main            d.u.i.k.p.i.AbstractProblemLoader Loading environment from /home/runner/work/key/key/key.core/../key.ui/examples/heap/simple/constructor_contracts.key.proof 
36980      DEBUG main            d.u.i.k.p.i.AbstractProblemLoader Environment load took 121.7ns 
36981      INFO  main            d.u.i.k.p.i.AbstractProblemLoader Creating init config 
39758      DEBUG main            d.u.i.k.p.i.AbstractProblemLoader Init config took 2.78s 
39780      INFO  main            d.u.i.k.p.i.AbstractProblemLoader Replaying proof constructor_contracts.key.proof 
39864      DEBUG main            d.u.i.k.p.i.IntermediateProofReplayer Proof replay took 80.18ms 
39866      DEBUG main            d.u.i.k.p.r.p.TestFile    ... success: reloaded. 
39868      INFO  main            d.u.i.k.p.r.p.TestFile    Now processing file /home/runner/work/key/key/key.core/../key.ui/examples/heap/simple/dependencies.key 
39868      INFO  main            d.u.i.k.p.i.AbstractProblemLoader Loading environment from /home/runner/work/key/key/key.core/../key.ui/examples/heap/simple/dependencies.key 
39869      DEBUG main            d.u.i.k.p.i.AbstractProblemLoader Environment load took 203.5ns 
39870      INFO  main            d.u.i.k.p.i.AbstractProblemLoader Creating init config 
42437      DEBUG main            d.u.i.k.p.i.AbstractProblemLoader Init config took 2.57s 
42456      INFO  main            d.u.i.k.p.i.AbstractProblemLoader Replaying proof dependencies.key 
42458      DEBUG main            d.u.i.k.p.i.IntermediateProofReplayer Proof replay took 6.9ns 
42560      INFO  main            d.u.i.k.p.r.p.TestFile    ... finished proof: closed. 
42729      INFO  main            d.u.i.k.p.i.AbstractProblemLoader Loading environment from /home/runner/work/key/key/key.core/../key.ui/examples/heap/simple/dependencies.key.proof 
42729      DEBUG main            d.u.i.k.p.i.AbstractProblemLoader Environment load took 109.7ns 
42734      INFO  main            d.u.i.k.p.i.AbstractProblemLoader Creating init config 
45184      DEBUG main            d.u.i.k.p.i.AbstractProblemLoader Init config took 2.45s 
45201      INFO  main            d.u.i.k.p.i.AbstractProblemLoader Replaying proof dependencies.key.proof 
45208      DEBUG main            d.u.i.k.p.i.IntermediateProofReplayer Proof replay took 4.99ms 
45209      DEBUG main            d.u.i.k.p.r.p.TestFile    ... success: reloaded. 
45210      INFO  main            d.u.i.k.p.r.p.TestFile    Now processing file /home/runner/work/key/key/key.core/../key.ui/examples/heap/simple/dependency_contracts.key 
45210      INFO  main            d.u.i.k.p.i.AbstractProblemLoader Loading environment from /home/runner/work/key/key/key.core/../key.ui/examples/heap/simple/dependency_contracts.key 
45210      DEBUG main            d.u.i.k.p.i.AbstractProblemLoader Environment load took 87.3ns 
45211      INFO  main            d.u.i.k.p.i.AbstractProblemLoader Creating init config 
47999      DEBUG main            d.u.i.k.p.i.AbstractProblemLoader Init config took 2.79s 
48018      INFO  main            d.u.i.k.p.i.AbstractProblemLoader Replaying proof dependency_contracts.key 
48020      DEBUG main            d.u.i.k.p.i.IntermediateProofReplayer Proof replay took 6.4ns 
49235      INFO  main            d.u.i.k.p.r.p.TestFile    ... finished proof: closed. 
49443      INFO  main            d.u.i.k.p.i.AbstractProblemLoader Loading environment from /home/runner/work/key/key/key.core/../key.ui/examples/heap/simple/dependency_contracts.key.proof 
49444      DEBUG main            d.u.i.k.p.i.AbstractProblemLoader Environment load took 936.2ns 
49446      INFO  main            d.u.i.k.p.i.AbstractProblemLoader Creating init config 
52128      DEBUG main            d.u.i.k.p.i.AbstractProblemLoader Init config took 2.68s 
52148      INFO  main            d.u.i.k.p.i.AbstractProblemLoader Replaying proof dependency_contracts.key.proof 
52331      DEBUG main            d.u.i.k.p.i.IntermediateProofReplayer Proof replay took 171.84ms 
52333      DEBUG main            d.u.i.k.p.r.p.TestFile    ... success: reloaded. 
52334      INFO  main            d.u.i.k.p.r.p.TestFile    Now processing file /home/runner/work/key/key/key.core/../key.ui/examples/heap/simple/invariant_preservation.key 
52336      INFO  main            d.u.i.k.p.i.AbstractProblemLoader Loading environment from /home/runner/work/key/key/key.core/../key.ui/examples/heap/simple/invariant_preservation.key 
52336      DEBUG main            d.u.i.k.p.i.AbstractProblemLoader Environment load took 118.5ns 
52338      INFO  main            d.u.i.k.p.i.AbstractProblemLoader Creating init config 
55142      DEBUG main            d.u.i.k.p.i.AbstractProblemLoader Init config took 2.8s 
55163      INFO  main            d.u.i.k.p.i.AbstractProblemLoader Replaying proof invariant_preservation.key 
55164      DEBUG main            d.u.i.k.p.i.IntermediateProofReplayer Proof replay took 6.2ns 
55367      INFO  main            d.u.i.k.p.r.p.TestFile    ... finished proof: closed. 
55605      INFO  main            d.u.i.k.p.i.AbstractProblemLoader Loading environment from /home/runner/work/key/key/key.core/../key.ui/examples/heap/simple/invariant_preservation.key.proof 
55605      DEBUG main            d.u.i.k.p.i.AbstractProblemLoader Environment load took 108.4ns 
55606      INFO  main            d.u.i.k.p.i.AbstractProblemLoader Creating init config 
58277      DEBUG main            d.u.i.k.p.i.AbstractProblemLoader Init config took 2.67s 
58298      INFO  main            d.u.i.k.p.i.AbstractProblemLoader Replaying proof invariant_preservation.key.proof 
58322      DEBUG main            d.u.i.k.p.i.IntermediateProofReplayer Proof replay took 21.45ms 
58324      DEBUG main            d.u.i.k.p.r.p.TestFile    ... success: reloaded. 
58325      INFO  main            d.u.i.k.p.r.p.TestFile    Now processing file /home/runner/work/key/key/key.core/../key.ui/examples/heap/simple/locsets.key 
58325      INFO  main            d.u.i.k.p.i.AbstractProblemLoader Loading environment from /home/runner/work/key/key/key.core/../key.ui/examples/heap/simple/locsets.key 
58325      DEBUG main            d.u.i.k.p.i.AbstractProblemLoader Environment load took 167.2ns 
58326      INFO  main            d.u.i.k.p.i.AbstractProblemLoader Creating init config 
60781      DEBUG main            d.u.i.k.p.i.AbstractProblemLoader Init config took 2.45s 
60796      INFO  main            d.u.i.k.p.i.AbstractProblemLoader Replaying proof locsets.key 
60798      DEBUG main            d.u.i.k.p.i.IntermediateProofReplayer Proof replay took 6ns 
60900      INFO  main            d.u.i.k.p.r.p.TestFile    ... finished proof: closed. 
61116      INFO  main            d.u.i.k.p.i.AbstractProblemLoader Loading environment from /home/runner/work/key/key/key.core/../key.ui/examples/heap/simple/locsets.key.proof 
61116      DEBUG main            d.u.i.k.p.i.AbstractProblemLoader Environment load took 106.6ns 
61117      INFO  main            d.u.i.k.p.i.AbstractProblemLoader Creating init config 
63548      DEBUG main            d.u.i.k.p.i.AbstractProblemLoader Init config took 2.43s 
63563      INFO  main            d.u.i.k.p.i.AbstractProblemLoader Replaying proof locsets.key.proof 
63566      DEBUG main            d.u.i.k.p.i.IntermediateProofReplayer Proof replay took 956.39ns 
63567      DEBUG main            d.u.i.k.p.r.p.TestFile    ... success: reloaded. 
63568      INFO  main            d.u.i.k.p.r.p.TestFile    Now processing file /home/runner/work/key/key/key.core/../key.ui/examples/heap/simple/loop1.key 
63568      INFO  main            d.u.i.k.p.i.AbstractProblemLoader Loading environment from /home/runner/work/key/key/key.core/../key.ui/examples/heap/simple/loop1.key 
63568      DEBUG main            d.u.i.k.p.i.AbstractProblemLoader Environment load took 190.1ns 
63570      INFO  main            d.u.i.k.p.i.AbstractProblemLoader Creating init config 
66226      DEBUG main            d.u.i.k.p.i.AbstractProblemLoader Init config took 2.66s 
66241      INFO  main            d.u.i.k.p.i.AbstractProblemLoader Replaying proof loop1.key 
66243      DEBUG main            d.u.i.k.p.i.IntermediateProofReplayer Proof replay took 6.1ns 
66445      INFO  main            d.u.i.k.p.r.p.TestFile    ... finished proof: closed. 
66624      INFO  main            d.u.i.k.p.i.AbstractProblemLoader Loading environment from /home/runner/work/key/key/key.core/../key.ui/examples/heap/simple/loop1.key.proof 
66626      DEBUG main            d.u.i.k.p.i.AbstractProblemLoader Environment load took 1.27ms 
66627      INFO  main            d.u.i.k.p.i.AbstractProblemLoader Creating init config 
69306      DEBUG main            d.u.i.k.p.i.AbstractProblemLoader Init config took 2.68s 
69322      INFO  main            d.u.i.k.p.i.AbstractProblemLoader Replaying proof loop1.key.proof 
69371      DEBUG main            d.u.i.k.p.i.IntermediateProofReplayer Proof replay took 47.24ms 
69372      DEBUG main            d.u.i.k.p.r.p.TestFile    ... success: reloaded. 
69373      INFO  main            d.u.i.k.p.r.p.TestFile    Now processing file /home/runner/work/key/key/key.core/../key.ui/examples/heap/simple/loop2.key 
69373      INFO  main            d.u.i.k.p.i.AbstractProblemLoader Loading environment from /home/runner/work/key/key/key.core/../key.ui/examples/heap/simple/loop2.key 
69373      DEBUG main            d.u.i.k.p.i.AbstractProblemLoader Environment load took 90ns 
69375      INFO  main            d.u.i.k.p.i.AbstractProblemLoader Creating init config 
72040      DEBUG main            d.u.i.k.p.i.AbstractProblemLoader Init config took 2.67s 
72056      INFO  main            d.u.i.k.p.i.AbstractProblemLoader Replaying proof loop2.key 
72058      DEBUG main            d.u.i.k.p.i.IntermediateProofReplayer Proof replay took 6.2ns 
72561      INFO  main            d.u.i.k.p.r.p.TestFile    ... finished proof: closed. 
72749      INFO  main            d.u.i.k.p.i.AbstractProblemLoader Loading environment from /home/runner/work/key/key/key.core/../key.ui/examples/heap/simple/loop2.key.proof 
72749      DEBUG main            d.u.i.k.p.i.AbstractProblemLoader Environment load took 104.7ns 
72750      INFO  main            d.u.i.k.p.i.AbstractProblemLoader Creating init config 
75406      DEBUG main            d.u.i.k.p.i.AbstractProblemLoader Init config took 2.66s 
75421      INFO  main            d.u.i.k.p.i.AbstractProblemLoader Replaying proof loop2.key.proof 
75521      DEBUG main            d.u.i.k.p.i.IntermediateProofReplayer Proof replay took 95.55ms 
75523      DEBUG main            d.u.i.k.p.r.p.TestFile    ... success: reloaded. 
75524      INFO  main            d.u.i.k.p.r.p.TestFile    Now processing file /home/runner/work/key/key/key.core/../key.ui/examples/heap/simple/modifies_datagroup.key 
75524      INFO  main            d.u.i.k.p.i.AbstractProblemLoader Loading environment from /home/runner/work/key/key/key.core/../key.ui/examples/heap/simple/modifies_datagroup.key 
75524      DEBUG main            d.u.i.k.p.i.AbstractProblemLoader Environment load took 192.4ns 
75525      INFO  main            d.u.i.k.p.i.AbstractProblemLoader Creating init config 
77932      DEBUG main            d.u.i.k.p.i.AbstractProblemLoader Init config took 2.41s 
77946      INFO  main            d.u.i.k.p.i.AbstractProblemLoader Replaying proof modifies_datagroup.key 
77949      DEBUG main            d.u.i.k.p.i.IntermediateProofReplayer Proof replay took 6.1ns 
78050      INFO  main            d.u.i.k.p.r.p.TestFile    ... finished proof: closed. 
78244      INFO  main            d.u.i.k.p.i.AbstractProblemLoader Loading environment from /home/runner/work/key/key/key.core/../key.ui/examples/heap/simple/modifies_datagroup.key.proof 
78244      DEBUG main            d.u.i.k.p.i.AbstractProblemLoader Environment load took 102.6ns 
78245      INFO  main            d.u.i.k.p.i.AbstractProblemLoader Creating init config 
80630      DEBUG main            d.u.i.k.p.i.AbstractProblemLoader Init config took 2.39s 
80644      INFO  main            d.u.i.k.p.i.AbstractProblemLoader Replaying proof modifies_datagroup.key.proof 
80648      DEBUG main            d.u.i.k.p.i.IntermediateProofReplayer Proof replay took 2.35ms 
80649      DEBUG main            d.u.i.k.p.r.p.TestFile    ... success: reloaded. 
80650      INFO  main            d.u.i.k.p.r.p.TestFile    Now processing file /home/runner/work/key/key/key.core/../key.ui/examples/heap/simple/modifies.key 
80650      INFO  main            d.u.i.k.p.i.AbstractProblemLoader Loading environment from /home/runner/work/key/key/key.core/../key.ui/examples/heap/simple/modifies.key 
80650      DEBUG main            d.u.i.k.p.i.AbstractProblemLoader Environment load took 178.4ns 
80652      INFO  main            d.u.i.k.p.i.AbstractProblemLoader Creating init config 
83117      DEBUG main            d.u.i.k.p.i.AbstractProblemLoader Init config took 2.46s 
83131      INFO  main            d.u.i.k.p.i.AbstractProblemLoader Replaying proof modifies.key 
83132      DEBUG main            d.u.i.k.p.i.IntermediateProofReplayer Proof replay took 6.5ns 
83234      INFO  main            d.u.i.k.p.r.p.TestFile    ... finished proof: closed. 
83422      INFO  main            d.u.i.k.p.i.AbstractProblemLoader Loading environment from /home/runner/work/key/key/key.core/../key.ui/examples/heap/simple/modifies.key.proof 
83422      DEBUG main            d.u.i.k.p.i.AbstractProblemLoader Environment load took 116.8ns 
83425      INFO  main            d.u.i.k.p.i.AbstractProblemLoader Creating init config 
85805      DEBUG main            d.u.i.k.p.i.AbstractProblemLoader Init config took 2.38s 
85819      INFO  main            d.u.i.k.p.i.AbstractProblemLoader Replaying proof modifies.key.proof 
85830      DEBUG main            d.u.i.k.p.i.IntermediateProofReplayer Proof replay took 8.69ms 
85831      DEBUG main            d.u.i.k.p.r.p.TestFile    ... success: reloaded. 
85832      INFO  main            d.u.i.k.p.r.p.TestFile    Now processing file /home/runner/work/key/key/key.core/../key.ui/examples/heap/simple/object_creation.key 
85832      INFO  main            d.u.i.k.p.i.AbstractProblemLoader Loading environment from /home/runner/work/key/key/key.core/../key.ui/examples/heap/simple/object_creation.key 
85832      DEBUG main            d.u.i.k.p.i.AbstractProblemLoader Environment load took 77.3ns 
85833      INFO  main            d.u.i.k.p.i.AbstractProblemLoader Creating init config 
88279      DEBUG main            d.u.i.k.p.i.AbstractProblemLoader Init config took 2.45s 
88292      INFO  main            d.u.i.k.p.i.AbstractProblemLoader Replaying proof object_creation.key 
88293      DEBUG main            d.u.i.k.p.i.IntermediateProofReplayer Proof replay took 6.3ns 
88496      INFO  main            d.u.i.k.p.r.p.TestFile    ... finished proof: closed. 
88700      INFO  main            d.u.i.k.p.i.AbstractProblemLoader Loading environment from /home/runner/work/key/key/key.core/../key.ui/examples/heap/simple/object_creation.key.proof 
88700      DEBUG main            d.u.i.k.p.i.AbstractProblemLoader Environment load took 102.3ns 
88701      INFO  main            d.u.i.k.p.i.AbstractProblemLoader Creating init config 
91084      DEBUG main            d.u.i.k.p.i.AbstractProblemLoader Init config took 2.38s 
91098      INFO  main            d.u.i.k.p.i.AbstractProblemLoader Replaying proof object_creation.key.proof 
91135      DEBUG main            d.u.i.k.p.i.IntermediateProofReplayer Proof replay took 33.47ms 
91136      DEBUG main            d.u.i.k.p.r.p.TestFile    ... success: reloaded. 
91136      INFO  main            d.u.i.k.p.r.p.TestFile    Now processing file /home/runner/work/key/key/key.core/../key.ui/examples/heap/simple/operation_contracts.key 
91137      INFO  main            d.u.i.k.p.i.AbstractProblemLoader Loading environment from /home/runner/work/key/key/key.core/../key.ui/examples/heap/simple/operation_contracts.key 
91137      DEBUG main            d.u.i.k.p.i.AbstractProblemLoader Environment load took 184.1ns 
91138      INFO  main            d.u.i.k.p.i.AbstractProblemLoader Creating init config 
93837      DEBUG main            d.u.i.k.p.i.AbstractProblemLoader Init config took 2.7s 
93861      INFO  main            d.u.i.k.p.i.AbstractProblemLoader Replaying proof operation_contracts.key 
93863      DEBUG main            d.u.i.k.p.i.IntermediateProofReplayer Proof replay took 6.9ns 
94668      INFO  main            d.u.i.k.p.r.p.TestFile    ... finished proof: closed. 
94899      INFO  main            d.u.i.k.p.i.AbstractProblemLoader Loading environment from /home/runner/work/key/key/key.core/../key.ui/examples/heap/simple/operation_contracts.key.proof 
94899      DEBUG main            d.u.i.k.p.i.AbstractProblemLoader Environment load took 619.9ns 
94901      INFO  main            d.u.i.k.p.i.AbstractProblemLoader Creating init config 
97512      DEBUG main            d.u.i.k.p.i.AbstractProblemLoader Init config took 2.61s 
97527      INFO  main            d.u.i.k.p.i.AbstractProblemLoader Replaying proof operation_contracts.key.proof 
97635      DEBUG main            d.u.i.k.p.i.IntermediateProofReplayer Proof replay took 100.58ms 
97637      DEBUG main            d.u.i.k.p.r.p.TestFile    ... success: reloaded. 
97638      INFO  main            d.u.i.k.p.r.p.TestFile    Now processing file /home/runner/work/key/key/key.core/../key.ui/examples/heap/simple/select_store.key 
97638      INFO  main            d.u.i.k.p.i.AbstractProblemLoader Loading environment from /home/runner/work/key/key/key.core/../key.ui/examples/heap/simple/select_store.key 
97638      DEBUG main            d.u.i.k.p.i.AbstractProblemLoader Environment load took 94ns 
97639      INFO  main            d.u.i.k.p.i.AbstractProblemLoader Creating init config 
100075     DEBUG main            d.u.i.k.p.i.AbstractProblemLoader Init config took 2.44s 
100089     INFO  main            d.u.i.k.p.i.AbstractProblemLoader Replaying proof select_store.key 
100091     DEBUG main            d.u.i.k.p.i.IntermediateProofReplayer Proof replay took 7ns 
100193     INFO  main            d.u.i.k.p.r.p.TestFile    ... finished proof: closed. 
100419     INFO  main            d.u.i.k.p.i.AbstractProblemLoader Loading environment from /home/runner/work/key/key/key.core/../key.ui/examples/heap/simple/select_store.key.proof 
100419     DEBUG main            d.u.i.k.p.i.AbstractProblemLoader Environment load took 175.2ns 
100420     INFO  main            d.u.i.k.p.i.AbstractProblemLoader Creating init config 
102816     DEBUG main            d.u.i.k.p.i.AbstractProblemLoader Init config took 2.4s 
102832     INFO  main            d.u.i.k.p.i.AbstractProblemLoader Replaying proof select_store.key.proof 
102835     DEBUG main            d.u.i.k.p.i.IntermediateProofReplayer Proof replay took 2ms 
102836     DEBUG main            d.u.i.k.p.r.p.TestFile    ... success: reloaded. 
102837     INFO  main            d.u.i.k.p.r.p.TestFile    Now processing file /home/runner/work/key/key/key.core/../key.ui/examples/heap/simple/selection_sort.key 
102837     INFO  main            d.u.i.k.p.i.AbstractProblemLoader Loading environment from /home/runner/work/key/key/key.core/../key.ui/examples/heap/simple/selection_sort.key 
102837     DEBUG main            d.u.i.k.p.i.AbstractProblemLoader Environment load took 78.8ns 
102840     INFO  main            d.u.i.k.p.i.AbstractProblemLoader Creating init config 
105492     DEBUG main            d.u.i.k.p.i.AbstractProblemLoader Init config took 2.65s 
105522     INFO  main            d.u.i.k.p.i.AbstractProblemLoader Replaying proof selection_sort.key 
105526     DEBUG main            d.u.i.k.p.i.IntermediateProofReplayer Proof replay took 6.2ns 
109065     INFO  main            d.u.i.k.p.r.p.TestFile    ... finished proof: closed. 
109383     INFO  main            d.u.i.k.p.i.AbstractProblemLoader Loading environment from /home/runner/work/key/key/key.core/../key.ui/examples/heap/simple/selection_sort.key.proof 
109384     DEBUG main            d.u.i.k.p.i.AbstractProblemLoader Environment load took 384.1ns 
109385     INFO  main            d.u.i.k.p.i.AbstractProblemLoader Creating init config 
112002     DEBUG main            d.u.i.k.p.i.AbstractProblemLoader Init config took 2.62s 
112015     INFO  main            d.u.i.k.p.i.AbstractProblemLoader Replaying proof selection_sort.key.proof 
112371     DEBUG main            d.u.i.k.p.i.IntermediateProofReplayer Proof replay took 334.4ms 
112372     DEBUG main            d.u.i.k.p.r.p.TestFile    ... success: reloaded. 
112373     INFO  main            d.u.i.k.p.r.p.TestFile    Now processing file /home/runner/work/key/key/key.core/../key.ui/examples/heap/simple/seq.key 
112373     INFO  main            d.u.i.k.p.i.AbstractProblemLoader Loading environment from /home/runner/work/key/key/key.core/../key.ui/examples/heap/simple/seq.key 
112373     DEBUG main            d.u.i.k.p.i.AbstractProblemLoader Environment load took 53.4ns 
112374     INFO  main            d.u.i.k.p.i.AbstractProblemLoader Creating init config 
114786     DEBUG main            d.u.i.k.p.i.AbstractProblemLoader Init config took 2.41s 
114799     INFO  main            d.u.i.k.p.i.AbstractProblemLoader Replaying proof seq.key 
114800     DEBUG main            d.u.i.k.p.i.IntermediateProofReplayer Proof replay took 6.4ns 
115203     INFO  main            d.u.i.k.p.r.p.TestFile    ... finished proof: closed. 
115479     INFO  main            d.u.i.k.p.i.AbstractProblemLoader Loading environment from /home/runner/work/key/key/key.core/../key.ui/examples/heap/simple/seq.key.proof 
115479     DEBUG main            d.u.i.k.p.i.AbstractProblemLoader Environment load took 99.9ns 
115480     INFO  main            d.u.i.k.p.i.AbstractProblemLoader Creating init config 
117833     DEBUG main            d.u.i.k.p.i.AbstractProblemLoader Init config took 2.35s 
117847     INFO  main            d.u.i.k.p.i.AbstractProblemLoader Replaying proof seq.key.proof 
117874     DEBUG main            d.u.i.k.p.i.IntermediateProofReplayer Proof replay took 22.71ms 
117875     DEBUG main            d.u.i.k.p.r.p.TestFile    ... success: reloaded. 
117876     INFO  main            d.u.i.k.p.r.p.TestFile    Now processing file /home/runner/work/key/key/key.core/../key.ui/examples/heap/simple/oldForParams.key 
117876     INFO  main            d.u.i.k.p.i.AbstractProblemLoader Loading environment from /home/runner/work/key/key/key.core/../key.ui/examples/heap/simple/oldForParams.key 
117876     DEBUG main            d.u.i.k.p.i.AbstractProblemLoader Environment load took 178.9ns 
117877     INFO  main            d.u.i.k.p.i.AbstractProblemLoader Creating init config 
120492     DEBUG main            d.u.i.k.p.i.AbstractProblemLoader Init config took 2.61s 
120571     INFO  main            d.u.i.k.p.i.AbstractProblemLoader Replaying proof OldForParameters[OldForParameters::method(int)].JML operation contract.0 
120573     DEBUG main            d.u.i.k.p.i.IntermediateProofReplayer Proof replay took 5.2ns 
120777     INFO  main            d.u.i.k.p.r.p.TestFile    ... finished proof: closed. 
121098     INFO  main            d.u.i.k.p.i.AbstractProblemLoader Loading environment from /home/runner/work/key/key/key.core/../key.ui/examples/heap/simple/oldForParams.key.proof 
121098     DEBUG main            d.u.i.k.p.i.AbstractProblemLoader Environment load took 90.2ns 
121099     INFO  main            d.u.i.k.p.i.AbstractProblemLoader Creating init config 
123687     DEBUG main            d.u.i.k.p.i.AbstractProblemLoader Init config took 2.59s 
123724     INFO  main            d.u.i.k.p.i.AbstractProblemLoader Replaying proof OldForParameters[OldForParameters::method(int)].JML operation contract.0 
123757     DEBUG main            d.u.i.k.p.i.IntermediateProofReplayer Proof replay took 30.71ms 
123758     DEBUG main            d.u.i.k.p.r.p.TestFile    ... success: reloaded. 
123759     INFO  main            d.u.i.k.p.r.p.TestFile    Now processing file /home/runner/work/key/key/key.core/../key.ui/examples/heap/simple/parse_lmtd.key 
123759     INFO  main            d.u.i.k.p.i.AbstractProblemLoader Loading environment from /home/runner/work/key/key/key.core/../key.ui/examples/heap/simple/parse_lmtd.key 
123759     DEBUG main            d.u.i.k.p.i.AbstractProblemLoader Environment load took 87.6ns 
123760     INFO  main            d.u.i.k.p.i.AbstractProblemLoader Creating init config 
126388     DEBUG main            d.u.i.k.p.i.AbstractProblemLoader Init config took 2.63s 
126426     INFO  main            d.u.i.k.p.i.AbstractProblemLoader Replaying proof ParseLmtd[ParseLmtd::simple(int)].JML normal_behavior operation contract.0 
126427     DEBUG main            d.u.i.k.p.i.IntermediateProofReplayer Proof replay took 5.3ns 
126532     INFO  main            d.u.i.k.p.r.p.TestFile    ... finished proof: closed. 
126768     INFO  main            d.u.i.k.p.i.AbstractProblemLoader Loading environment from /home/runner/work/key/key/key.core/../key.ui/examples/heap/simple/parse_lmtd.key.proof 
126768     DEBUG main            d.u.i.k.p.i.AbstractProblemLoader Environment load took 95.6ns 
126769     INFO  main            d.u.i.k.p.i.AbstractProblemLoader Creating init config 
129371     DEBUG main            d.u.i.k.p.i.AbstractProblemLoader Init config took 2.6s 
129408     INFO  main            d.u.i.k.p.i.AbstractProblemLoader Replaying proof ParseLmtd[ParseLmtd::simple(int)].JML normal_behavior operation contract.0 
129425     DEBUG main            d.u.i.k.p.i.IntermediateProofReplayer Proof replay took 15.01ms 
129426     DEBUG main            d.u.i.k.p.r.p.TestFile    ... success: reloaded. 
129427     INFO  main            d.u.i.k.p.r.p.TestFile    Now processing file /home/runner/work/key/key/key.core/../key.ui/examples/heap/strictly_pure/strictlyPureMethod.key 
129427     INFO  main            d.u.i.k.p.i.AbstractProblemLoader Loading environment from /home/runner/work/key/key/key.core/../key.ui/examples/heap/strictly_pure/strictlyPureMethod.key 
129427     DEBUG main            d.u.i.k.p.i.AbstractProblemLoader Environment load took 63.7ns 
129428     INFO  main            d.u.i.k.p.i.AbstractProblemLoader Creating init config 
131939     DEBUG main            d.u.i.k.p.i.AbstractProblemLoader Init config took 2.51s 
131973     INFO  main            d.u.i.k.p.i.AbstractProblemLoader Replaying proof StrictlyPure[StrictlyPure::strictlyPureMethod()].JML operation contract.0 
131974     DEBUG main            d.u.i.k.p.i.IntermediateProofReplayer Proof replay took 6.1ns 
132176     INFO  main            d.u.i.k.p.r.p.TestFile    ... finished proof: closed. 
132426     INFO  main            d.u.i.k.p.i.AbstractProblemLoader Loading environment from /home/runner/work/key/key/key.core/../key.ui/examples/heap/strictly_pure/strictlyPureMethod.key.proof 
132426     DEBUG main            d.u.i.k.p.i.AbstractProblemLoader Environment load took 95.6ns 
132427     INFO  main            d.u.i.k.p.i.AbstractProblemLoader Creating init config 
134874     DEBUG main            d.u.i.k.p.i.AbstractProblemLoader Init config took 2.45s 
134907     INFO  main            d.u.i.k.p.i.AbstractProblemLoader Replaying proof StrictlyPure[StrictlyPure::strictlyPureMethod()].JML operation contract.0 
134934     DEBUG main            d.u.i.k.p.i.IntermediateProofReplayer Proof replay took 24.82ms 
134935     DEBUG main            d.u.i.k.p.r.p.TestFile    ... success: reloaded. 
134936     INFO  main            d.u.i.k.p.r.p.TestFile    Now processing file /home/runner/work/key/key/key.core/../key.ui/examples/heap/strictly_pure/useStrictlyPureMethod.key 
134936     INFO  main            d.u.i.k.p.i.AbstractProblemLoader Loading environment from /home/runner/work/key/key/key.core/../key.ui/examples/heap/strictly_pure/useStrictlyPureMethod.key 
134936     DEBUG main            d.u.i.k.p.i.AbstractProblemLoader Environment load took 76ns 
134937     INFO  main            d.u.i.k.p.i.AbstractProblemLoader Creating init config 
137425     DEBUG main            d.u.i.k.p.i.AbstractProblemLoader Init config took 2.49s 
137458     INFO  main            d.u.i.k.p.i.AbstractProblemLoader Replaying proof StrictlyPure[StrictlyPure::useStrictlyPureMethod(StrictlyPureClass)].JML operation contract.0 
137460     DEBUG main            d.u.i.k.p.i.IntermediateProofReplayer Proof replay took 5.7ns 
137662     INFO  main            d.u.i.k.p.r.p.TestFile    ... finished proof: closed. 
137909     INFO  main            d.u.i.k.p.i.AbstractProblemLoader Loading environment from /home/runner/work/key/key/key.core/../key.ui/examples/heap/strictly_pure/useStrictlyPureMethod.key.proof 
137909     DEBUG main            d.u.i.k.p.i.AbstractProblemLoader Environment load took 98.1ns 
137910     INFO  main            d.u.i.k.p.i.AbstractProblemLoader Creating init config 
140360     DEBUG main            d.u.i.k.p.i.AbstractProblemLoader Init config took 2.45s 
140394     INFO  main            d.u.i.k.p.i.AbstractProblemLoader Replaying proof StrictlyPure[StrictlyPure::useStrictlyPureMethod(StrictlyPureClass)].JML operation contract.0 
140434     DEBUG main            d.u.i.k.p.i.IntermediateProofReplayer Proof replay took 37.76ms 
140435     DEBUG main            d.u.i.k.p.r.p.TestFile    ... success: reloaded. 
140436     INFO  main            d.u.i.k.p.r.p.TestFile    Now processing file /home/runner/work/key/key/key.core/../key.ui/examples/heap/Wellfounded/ackermann.key 
140436     INFO  main            d.u.i.k.p.i.AbstractProblemLoader Loading environment from /home/runner/work/key/key/key.core/../key.ui/examples/heap/Wellfounded/ackermann.key 
140436     DEBUG main            d.u.i.k.p.i.AbstractProblemLoader Environment load took 504.4ns 
140437     INFO  main            d.u.i.k.p.i.AbstractProblemLoader Creating init config 
142973     DEBUG main            d.u.i.k.p.i.AbstractProblemLoader Init config took 2.54s 
143007     INFO  main            d.u.i.k.p.i.AbstractProblemLoader Replaying proof Ackermann[Ackermann::a(int,int)].JML normal_behavior operation contract.0 
143010     DEBUG main            d.u.i.k.p.i.IntermediateProofReplayer Proof replay took 6.1ns 
143312     INFO  main            d.u.i.k.p.r.p.TestFile    ... finished proof: closed. 
143628     INFO  main            d.u.i.k.p.i.AbstractProblemLoader Loading environment from /home/runner/work/key/key/key.core/../key.ui/examples/heap/Wellfounded/ackermann.key.proof 
143628     DEBUG main            d.u.i.k.p.i.AbstractProblemLoader Environment load took 95.5ns 
143630     INFO  main            d.u.i.k.p.i.AbstractProblemLoader Creating init config 
146093     DEBUG main            d.u.i.k.p.i.AbstractProblemLoader Init config took 2.46s 
146135     INFO  main            d.u.i.k.p.i.AbstractProblemLoader Replaying proof Ackermann[Ackermann::a(int,int)].JML normal_behavior operation contract.0 
146179     DEBUG main            d.u.i.k.p.i.IntermediateProofReplayer Proof replay took 40.47ms 
146180     DEBUG main            d.u.i.k.p.r.p.TestFile    ... success: reloaded. 
146181     INFO  main            d.u.i.k.p.r.p.TestFile    Now processing file /home/runner/work/key/key/key.core/../key.ui/examples/standard_key/unicode_test.key 
146181     INFO  main            d.u.i.k.p.i.AbstractProblemLoader Loading environment from /home/runner/work/key/key/key.core/../key.ui/examples/standard_key/unicode_test.key 
146181     DEBUG main            d.u.i.k.p.i.AbstractProblemLoader Environment load took 72.9ns 
146183     INFO  main            d.u.i.k.p.i.AbstractProblemLoader Creating init config 
148596     DEBUG main            d.u.i.k.p.i.AbstractProblemLoader Init config took 2.41s 
148609     INFO  main            d.u.i.k.p.i.AbstractProblemLoader Replaying proof unicode_test.key 
148610     DEBUG main            d.u.i.k.p.i.IntermediateProofReplayer Proof replay took 6.3ns 
148712     INFO  main            d.u.i.k.p.r.p.TestFile    ... finished proof: closed. 
148958     INFO  main            d.u.i.k.p.i.AbstractProblemLoader Loading environment from /home/runner/work/key/key/key.core/../key.ui/examples/standard_key/unicode_test.key.proof 
148958     DEBUG main            d.u.i.k.p.i.AbstractProblemLoader Environment load took 92.1ns 
148959     INFO  main            d.u.i.k.p.i.AbstractProblemLoader Creating init config 
151320     DEBUG main            d.u.i.k.p.i.AbstractProblemLoader Init config took 2.36s 
151334     INFO  main            d.u.i.k.p.i.AbstractProblemLoader Replaying proof unicode_test.key.proof 
151336     DEBUG main            d.u.i.k.p.i.IntermediateProofReplayer Proof replay took 283.9ns 
151338     DEBUG main            d.u.i.k.p.r.p.TestFile    ... success: reloaded. 
151338     INFO  main            d.u.i.k.p.r.p.TestFile    Now processing file /home/runner/work/key/key/key.core/../key.ui/examples/heap/strictlyModular/mayExpand.key 
151339     INFO  main            d.u.i.k.p.i.AbstractProblemLoader Loading environment from /home/runner/work/key/key/key.core/../key.ui/examples/heap/strictlyModular/mayExpand.key 
151343     DEBUG main            d.u.i.k.p.i.AbstractProblemLoader Environment load took 4.46ms 
151344     INFO  main            d.u.i.k.p.i.AbstractProblemLoader Creating init config 
153839     DEBUG main            d.u.i.k.p.i.AbstractProblemLoader Init config took 2.49s 
153890     INFO  main            d.u.i.k.p.i.AbstractProblemLoader Replaying proof Modular[Modular::m()].JML operation contract.0 
153892     DEBUG main            d.u.i.k.p.i.IntermediateProofReplayer Proof replay took 6.2ns 
153993     INFO  main            d.u.i.k.p.r.p.TestFile    ... finished proof: closed. 
154239     INFO  main            d.u.i.k.p.i.AbstractProblemLoader Loading environment from /home/runner/work/key/key/key.core/../key.ui/examples/heap/strictlyModular/mayExpand.key.proof 
154240     DEBUG main            d.u.i.k.p.i.AbstractProblemLoader Environment load took 82.1ns 
154240     INFO  main            d.u.i.k.p.i.AbstractProblemLoader Creating init config 
156652     DEBUG main            d.u.i.k.p.i.AbstractProblemLoader Init config took 2.41s 
156694     INFO  main            d.u.i.k.p.i.AbstractProblemLoader Replaying proof Modular[Modular::m()].JML operation contract.0 
156705     DEBUG main            d.u.i.k.p.i.IntermediateProofReplayer Proof replay took 9.83ms 
156706     DEBUG main            d.u.i.k.p.r.p.TestFile    ... success: reloaded. 
156707     INFO  main            d.u.i.k.p.r.p.TestFile    Now processing file /home/runner/work/key/key/key.core/../key.ui/examples/heap/strictlyModular/modularOnly.key 
156707     INFO  main            d.u.i.k.p.i.AbstractProblemLoader Loading environment from /home/runner/work/key/key/key.core/../key.ui/examples/heap/strictlyModular/modularOnly.key 
156707     DEBUG main            d.u.i.k.p.i.AbstractProblemLoader Environment load took 90.8ns 
156708     INFO  main            d.u.i.k.p.i.AbstractProblemLoader Creating init config 
159164     DEBUG main            d.u.i.k.p.i.AbstractProblemLoader Init config took 2.46s 
159212     INFO  main            d.u.i.k.p.i.AbstractProblemLoader Replaying proof Modular[Modular::m()].JML operation contract.0 
159213     DEBUG main            d.u.i.k.p.i.IntermediateProofReplayer Proof replay took 6ns 
159316     INFO  main            d.u.i.k.p.r.p.TestFile    ... finished proof: open goal(s) 
1826598    INFO  Test worker     d.u.i.k.p.r.RunAllProofsTestUnit Returning from test simpleTests 
1826599    INFO  Test worker     d.u.i.k.p.r.RunAllProofsTestUnit Running test SmansEtAl 
345        INFO  Timeout watchdog d.u.i.k.p.r.p.ForkedTestFileRunner Timeout watcher launched (2000 secs.) 
354        WARN  main            d.u.i.k.s.ProofSettings   The settings in /home/runner/.key/proof-settings.props are *not* read. 
401        INFO  main            d.u.i.k.p.r.p.TestFile    Now processing file /home/runner/work/key/key/key.core/../key.ui/examples/heap/SmansEtAl/ArrayList_add.key 
524        INFO  main            d.u.i.k.p.i.AbstractProblemLoader Loading environment from /home/runner/work/key/key/key.core/../key.ui/examples/heap/SmansEtAl/ArrayList_add.key 
547        DEBUG main            d.u.i.k.p.i.AbstractProblemLoader Environment load took 1.73ms 
748        INFO  main            d.u.i.k.p.i.AbstractProblemLoader Creating init config 
1706       DEBUG main            d.u.i.k.j.TypeConverter   No LDT found for Meta 
1707       DEBUG main            d.u.i.k.j.TypeConverter   No LDT found for Meta 
1710       DEBUG main            d.u.i.k.j.TypeConverter   No LDT found for Meta 
1710       DEBUG main            d.u.i.k.j.TypeConverter   No LDT found for Meta 
3165       DEBUG main            d.u.i.k.j.TypeConverter   No LDT found for JavaBigintExpression 
8004       DEBUG main            d.u.i.k.p.i.AbstractProblemLoader Init config took 7.26s 
8123       INFO  main            d.u.i.k.p.i.AbstractProblemLoader Replaying proof ArrayList[ArrayList::add(java.lang.Object)].JML normal_behavior operation contract.0 
8153       DEBUG main            d.u.i.k.p.i.IntermediateProofReplayer Proof replay took 28.7ns 
15204      INFO  main            d.u.i.k.p.r.p.TestFile    ... finished proof: closed. 
15430      INFO  main            d.u.i.k.p.i.AbstractProblemLoader Loading environment from /home/runner/work/key/key/key.core/../key.ui/examples/heap/SmansEtAl/ArrayList_add.key.proof 
15431      DEBUG main            d.u.i.k.p.i.AbstractProblemLoader Environment load took 401.7ns 
15437      INFO  main            d.u.i.k.p.i.AbstractProblemLoader Creating init config 
18305      DEBUG main            d.u.i.k.p.i.AbstractProblemLoader Init config took 2.87s 
18364      INFO  main            d.u.i.k.p.i.AbstractProblemLoader Replaying proof ArrayList[ArrayList::add(java.lang.Object)].JML normal_behavior operation contract.0 
19114      DEBUG main            d.u.i.k.p.i.IntermediateProofReplayer Proof replay took 717.51ms 
19124      DEBUG main            d.u.i.k.p.r.p.TestFile    ... success: reloaded. 
19126      INFO  main            d.u.i.k.p.r.p.TestFile    Now processing file /home/runner/work/key/key/key.core/../key.ui/examples/heap/SmansEtAl/ArrayList_ArrayList.key 
19127      INFO  main            d.u.i.k.p.i.AbstractProblemLoader Loading environment from /home/runner/work/key/key/key.core/../key.ui/examples/heap/SmansEtAl/ArrayList_ArrayList.key 
19127      DEBUG main            d.u.i.k.p.i.AbstractProblemLoader Environment load took 103.3ns 
19130      INFO  main            d.u.i.k.p.i.AbstractProblemLoader Creating init config 
21858      DEBUG main            d.u.i.k.p.i.AbstractProblemLoader Init config took 2.73s 
21929      INFO  main            d.u.i.k.p.i.AbstractProblemLoader Replaying proof ArrayList[ArrayList::ArrayList()].JML normal_behavior operation contract.0 
21931      DEBUG main            d.u.i.k.p.i.IntermediateProofReplayer Proof replay took 5.2ns 
22942      INFO  main            d.u.i.k.p.r.p.TestFile    ... finished proof: closed. 
23102      INFO  main            d.u.i.k.p.i.AbstractProblemLoader Loading environment from /home/runner/work/key/key/key.core/../key.ui/examples/heap/SmansEtAl/ArrayList_ArrayList.key.proof 
23102      DEBUG main            d.u.i.k.p.i.AbstractProblemLoader Environment load took 416ns 
23106      INFO  main            d.u.i.k.p.i.AbstractProblemLoader Creating init config 
25726      DEBUG main            d.u.i.k.p.i.AbstractProblemLoader Init config took 2.62s 
25774      INFO  main            d.u.i.k.p.i.AbstractProblemLoader Replaying proof ArrayList[ArrayList::ArrayList()].JML normal_behavior operation contract.0 
25889      DEBUG main            d.u.i.k.p.i.IntermediateProofReplayer Proof replay took 105.55ms 
25890      DEBUG main            d.u.i.k.p.r.p.TestFile    ... success: reloaded. 
25892      INFO  main            d.u.i.k.p.r.p.TestFile    Now processing file /home/runner/work/key/key/key.core/../key.ui/examples/heap/SmansEtAl/ArrayList_footprint.key 
25892      INFO  main            d.u.i.k.p.i.AbstractProblemLoader Loading environment from /home/runner/work/key/key/key.core/../key.ui/examples/heap/SmansEtAl/ArrayList_footprint.key 
25892      DEBUG main            d.u.i.k.p.i.AbstractProblemLoader Environment load took 206.5ns 
25893      INFO  main            d.u.i.k.p.i.AbstractProblemLoader Creating init config 
28529      DEBUG main            d.u.i.k.p.i.AbstractProblemLoader Init config took 2.64s 
28576      INFO  main            d.u.i.k.p.i.AbstractProblemLoader Replaying proof ArrayList[ArrayList::$footprint()].JML accessible clause.0 
28578      DEBUG main            d.u.i.k.p.i.IntermediateProofReplayer Proof replay took 5ns 
28680      INFO  main            d.u.i.k.p.r.p.TestFile    ... finished proof: closed. 
28816      INFO  main            d.u.i.k.p.i.AbstractProblemLoader Loading environment from /home/runner/work/key/key/key.core/../key.ui/examples/heap/SmansEtAl/ArrayList_footprint.key.proof 
28816      DEBUG main            d.u.i.k.p.i.AbstractProblemLoader Environment load took 109.2ns 
28817      INFO  main            d.u.i.k.p.i.AbstractProblemLoader Creating init config 
31433      DEBUG main            d.u.i.k.p.i.AbstractProblemLoader Init config took 2.62s 
31476      INFO  main            d.u.i.k.p.i.AbstractProblemLoader Replaying proof ArrayList[ArrayList::$footprint()].JML accessible clause.0 
31488      DEBUG main            d.u.i.k.p.i.IntermediateProofReplayer Proof replay took 8.45ms 
31489      DEBUG main            d.u.i.k.p.r.p.TestFile    ... success: reloaded. 
31491      INFO  main            d.u.i.k.p.r.p.TestFile    Now processing file /home/runner/work/key/key/key.core/../key.ui/examples/heap/SmansEtAl/ArrayList_get_dep.key 
31492      INFO  main            d.u.i.k.p.i.AbstractProblemLoader Loading environment from /home/runner/work/key/key/key.core/../key.ui/examples/heap/SmansEtAl/ArrayList_get_dep.key 
31492      DEBUG main            d.u.i.k.p.i.AbstractProblemLoader Environment load took 418.4ns 
31493      INFO  main            d.u.i.k.p.i.AbstractProblemLoader Creating init config 
34137      DEBUG main            d.u.i.k.p.i.AbstractProblemLoader Init config took 2.64s 
34179      INFO  main            d.u.i.k.p.i.AbstractProblemLoader Replaying proof ArrayList[ArrayList::get(int)].JML accessible clause.0 
34181      DEBUG main            d.u.i.k.p.i.IntermediateProofReplayer Proof replay took 5.4ns 
34486      INFO  main            d.u.i.k.p.r.p.TestFile    ... finished proof: closed. 
34643      INFO  main            d.u.i.k.p.i.AbstractProblemLoader Loading environment from /home/runner/work/key/key/key.core/../key.ui/examples/heap/SmansEtAl/ArrayList_get_dep.key.proof 
34643      DEBUG main            d.u.i.k.p.i.AbstractProblemLoader Environment load took 107ns 
34644      INFO  main            d.u.i.k.p.i.AbstractProblemLoader Creating init config 
37201      DEBUG main            d.u.i.k.p.i.AbstractProblemLoader Init config took 2.56s 
37245      INFO  main            d.u.i.k.p.i.AbstractProblemLoader Replaying proof ArrayList[ArrayList::get(int)].JML accessible clause.0 
37307      DEBUG main            d.u.i.k.p.i.IntermediateProofReplayer Proof replay took 58.21ms 
37308      DEBUG main            d.u.i.k.p.r.p.TestFile    ... success: reloaded. 
37309      INFO  main            d.u.i.k.p.r.p.TestFile    Now processing file /home/runner/work/key/key/key.core/../key.ui/examples/heap/SmansEtAl/ArrayList_get.key 
37310      INFO  main            d.u.i.k.p.i.AbstractProblemLoader Loading environment from /home/runner/work/key/key/key.core/../key.ui/examples/heap/SmansEtAl/ArrayList_get.key 
37310      DEBUG main            d.u.i.k.p.i.AbstractProblemLoader Environment load took 228.4ns 
37311      INFO  main            d.u.i.k.p.i.AbstractProblemLoader Creating init config 
39898      DEBUG main            d.u.i.k.p.i.AbstractProblemLoader Init config took 2.59s 
39941      INFO  main            d.u.i.k.p.i.AbstractProblemLoader Replaying proof ArrayList[ArrayList::get(int)].JML normal_behavior operation contract.0 
39942      DEBUG main            d.u.i.k.p.i.IntermediateProofReplayer Proof replay took 5.8ns 
40145      INFO  main            d.u.i.k.p.r.p.TestFile    ... finished proof: closed. 
40293      INFO  main            d.u.i.k.p.i.AbstractProblemLoader Loading environment from /home/runner/work/key/key/key.core/../key.ui/examples/heap/SmansEtAl/ArrayList_get.key.proof 
40293      DEBUG main            d.u.i.k.p.i.AbstractProblemLoader Environment load took 113.2ns 
40294      INFO  main            d.u.i.k.p.i.AbstractProblemLoader Creating init config 
42807      DEBUG main            d.u.i.k.p.i.AbstractProblemLoader Init config took 2.51s 
42854      INFO  main            d.u.i.k.p.i.AbstractProblemLoader Replaying proof ArrayList[ArrayList::get(int)].JML normal_behavior operation contract.0 
42878      DEBUG main            d.u.i.k.p.i.IntermediateProofReplayer Proof replay took 21.21ms 
42879      DEBUG main            d.u.i.k.p.r.p.TestFile    ... success: reloaded. 
42880      INFO  main            d.u.i.k.p.r.p.TestFile    Now processing file /home/runner/work/key/key/key.core/../key.ui/examples/heap/SmansEtAl/ArrayList_inv.key 
42881      INFO  main            d.u.i.k.p.i.AbstractProblemLoader Loading environment from /home/runner/work/key/key/key.core/../key.ui/examples/heap/SmansEtAl/ArrayList_inv.key 
42881      DEBUG main            d.u.i.k.p.i.AbstractProblemLoader Environment load took 202.2ns 
42882      INFO  main            d.u.i.k.p.i.AbstractProblemLoader Creating init config 
45423      DEBUG main            d.u.i.k.p.i.AbstractProblemLoader Init config took 2.54s 
45484      INFO  main            d.u.i.k.p.i.AbstractProblemLoader Replaying proof ArrayList[java.lang.Object::<inv>()].JML accessible clause.0 
45485      DEBUG main            d.u.i.k.p.i.IntermediateProofReplayer Proof replay took 5.8ns 
45587      INFO  main            d.u.i.k.p.r.p.TestFile    ... finished proof: closed. 
45736      INFO  main            d.u.i.k.p.i.AbstractProblemLoader Loading environment from /home/runner/work/key/key/key.core/../key.ui/examples/heap/SmansEtAl/ArrayList_inv.key.proof 
45736      DEBUG main            d.u.i.k.p.i.AbstractProblemLoader Environment load took 104.7ns 
45737      INFO  main            d.u.i.k.p.i.AbstractProblemLoader Creating init config 
48250      DEBUG main            d.u.i.k.p.i.AbstractProblemLoader Init config took 2.51s 
48299      INFO  main            d.u.i.k.p.i.AbstractProblemLoader Replaying proof ArrayList[java.lang.Object::<inv>()].JML accessible clause.0 
48309      DEBUG main            d.u.i.k.p.i.IntermediateProofReplayer Proof replay took 7.43ms 
48310      DEBUG main            d.u.i.k.p.r.p.TestFile    ... success: reloaded. 
48311      INFO  main            d.u.i.k.p.r.p.TestFile    Now processing file /home/runner/work/key/key/key.core/../key.ui/examples/heap/SmansEtAl/ArrayList_size_dep.key 
48311      INFO  main            d.u.i.k.p.i.AbstractProblemLoader Loading environment from /home/runner/work/key/key/key.core/../key.ui/examples/heap/SmansEtAl/ArrayList_size_dep.key 
48311      DEBUG main            d.u.i.k.p.i.AbstractProblemLoader Environment load took 89.1ns 
48312      INFO  main            d.u.i.k.p.i.AbstractProblemLoader Creating init config 
50843      DEBUG main            d.u.i.k.p.i.AbstractProblemLoader Init config took 2.53s 
50883      INFO  main            d.u.i.k.p.i.AbstractProblemLoader Replaying proof ArrayList[ArrayList::size()].JML accessible clause.0 
50885      DEBUG main            d.u.i.k.p.i.IntermediateProofReplayer Proof replay took 5.7ns 
50986      INFO  main            d.u.i.k.p.r.p.TestFile    ... finished proof: closed. 
51196      INFO  main            d.u.i.k.p.i.AbstractProblemLoader Loading environment from /home/runner/work/key/key/key.core/../key.ui/examples/heap/SmansEtAl/ArrayList_size_dep.key.proof 
51196      DEBUG main            d.u.i.k.p.i.AbstractProblemLoader Environment load took 109.2ns 
51197      INFO  main            d.u.i.k.p.i.AbstractProblemLoader Creating init config 
53698      DEBUG main            d.u.i.k.p.i.AbstractProblemLoader Init config took 2.5s 
53736      INFO  main            d.u.i.k.p.i.AbstractProblemLoader Replaying proof ArrayList[ArrayList::size()].JML accessible clause.0 
53749      DEBUG main            d.u.i.k.p.i.IntermediateProofReplayer Proof replay took 10.89ms 
53750      DEBUG main            d.u.i.k.p.r.p.TestFile    ... success: reloaded. 
53751      INFO  main            d.u.i.k.p.r.p.TestFile    Now processing file /home/runner/work/key/key/key.core/../key.ui/examples/heap/SmansEtAl/ArrayList_size.key 
53751      INFO  main            d.u.i.k.p.i.AbstractProblemLoader Loading environment from /home/runner/work/key/key/key.core/../key.ui/examples/heap/SmansEtAl/ArrayList_size.key 
53751      DEBUG main            d.u.i.k.p.i.AbstractProblemLoader Environment load took 90.9ns 
53752      INFO  main            d.u.i.k.p.i.AbstractProblemLoader Creating init config 
56308      DEBUG main            d.u.i.k.p.i.AbstractProblemLoader Init config took 2.56s 
56346      INFO  main            d.u.i.k.p.i.AbstractProblemLoader Replaying proof ArrayList[ArrayList::size()].JML normal_behavior operation contract.0 
56348      DEBUG main            d.u.i.k.p.i.IntermediateProofReplayer Proof replay took 5.5ns 
56455      INFO  main            d.u.i.k.p.r.p.TestFile    ... finished proof: closed. 
56673      INFO  main            d.u.i.k.p.i.AbstractProblemLoader Loading environment from /home/runner/work/key/key/key.core/../key.ui/examples/heap/SmansEtAl/ArrayList_size.key.proof 
56673      DEBUG main            d.u.i.k.p.i.AbstractProblemLoader Environment load took 104.7ns 
56674      INFO  main            d.u.i.k.p.i.AbstractProblemLoader Creating init config 
59181      DEBUG main            d.u.i.k.p.i.AbstractProblemLoader Init config took 2.51s 
59218      INFO  main            d.u.i.k.p.i.AbstractProblemLoader Replaying proof ArrayList[ArrayList::size()].JML normal_behavior operation contract.0 
59230      DEBUG main            d.u.i.k.p.i.IntermediateProofReplayer Proof replay took 10.32ms 
59231      DEBUG main            d.u.i.k.p.r.p.TestFile    ... success: reloaded. 
59232      INFO  main            d.u.i.k.p.r.p.TestFile    Now processing file /home/runner/work/key/key/key.core/../key.ui/examples/heap/SmansEtAl/Cell_Cell.key 
59233      INFO  main            d.u.i.k.p.i.AbstractProblemLoader Loading environment from /home/runner/work/key/key/key.core/../key.ui/examples/heap/SmansEtAl/Cell_Cell.key 
59233      DEBUG main            d.u.i.k.p.i.AbstractProblemLoader Environment load took 119.2ns 
59234      INFO  main            d.u.i.k.p.i.AbstractProblemLoader Creating init config 
61777      DEBUG main            d.u.i.k.p.i.AbstractProblemLoader Init config took 2.54s 
61812      INFO  main            d.u.i.k.p.i.AbstractProblemLoader Replaying proof Cell[Cell::Cell()].JML normal_behavior operation contract.0 
61813      DEBUG main            d.u.i.k.p.i.IntermediateProofReplayer Proof replay took 5.3ns 
62020      INFO  main            d.u.i.k.p.r.p.TestFile    ... finished proof: closed. 
62191      INFO  main            d.u.i.k.p.i.AbstractProblemLoader Loading environment from /home/runner/work/key/key/key.core/../key.ui/examples/heap/SmansEtAl/Cell_Cell.key.proof 
62191      DEBUG main            d.u.i.k.p.i.AbstractProblemLoader Environment load took 105.4ns 
62192      INFO  main            d.u.i.k.p.i.AbstractProblemLoader Creating init config 
64693      DEBUG main            d.u.i.k.p.i.AbstractProblemLoader Init config took 2.5s 
64732      INFO  main            d.u.i.k.p.i.AbstractProblemLoader Replaying proof Cell[Cell::Cell()].JML normal_behavior operation contract.0 
64764      DEBUG main            d.u.i.k.p.i.IntermediateProofReplayer Proof replay took 30.1ms 
64765      DEBUG main            d.u.i.k.p.r.p.TestFile    ... success: reloaded. 
64766      INFO  main            d.u.i.k.p.r.p.TestFile    Now processing file /home/runner/work/key/key/key.core/../key.ui/examples/heap/SmansEtAl/Cell_footprint.key 
64767      INFO  main            d.u.i.k.p.i.AbstractProblemLoader Loading environment from /home/runner/work/key/key/key.core/../key.ui/examples/heap/SmansEtAl/Cell_footprint.key 
64767      DEBUG main            d.u.i.k.p.i.AbstractProblemLoader Environment load took 92.9ns 
64768      INFO  main            d.u.i.k.p.i.AbstractProblemLoader Creating init config 
67271      DEBUG main            d.u.i.k.p.i.AbstractProblemLoader Init config took 2.5s 
67305      INFO  main            d.u.i.k.p.i.AbstractProblemLoader Replaying proof Cell[Cell::$footprint()].JML accessible clause.0 
67306      DEBUG main            d.u.i.k.p.i.IntermediateProofReplayer Proof replay took 5.7ns 
67408      INFO  main            d.u.i.k.p.r.p.TestFile    ... finished proof: closed. 
67578      INFO  main            d.u.i.k.p.i.AbstractProblemLoader Loading environment from /home/runner/work/key/key/key.core/../key.ui/examples/heap/SmansEtAl/Cell_footprint.key.proof 
67578      DEBUG main            d.u.i.k.p.i.AbstractProblemLoader Environment load took 103.5ns 
67579      INFO  main            d.u.i.k.p.i.AbstractProblemLoader Creating init config 
70088      DEBUG main            d.u.i.k.p.i.AbstractProblemLoader Init config took 2.51s 
70122      INFO  main            d.u.i.k.p.i.AbstractProblemLoader Replaying proof Cell[Cell::$footprint()].JML accessible clause.0 
70126      DEBUG main            d.u.i.k.p.i.IntermediateProofReplayer Proof replay took 2.74ms 
70127      DEBUG main            d.u.i.k.p.r.p.TestFile    ... success: reloaded. 
70128      INFO  main            d.u.i.k.p.r.p.TestFile    Now processing file /home/runner/work/key/key/key.core/../key.ui/examples/heap/SmansEtAl/Cell_getX_dep.key 
70128      INFO  main            d.u.i.k.p.i.AbstractProblemLoader Loading environment from /home/runner/work/key/key/key.core/../key.ui/examples/heap/SmansEtAl/Cell_getX_dep.key 
70128      DEBUG main            d.u.i.k.p.i.AbstractProblemLoader Environment load took 96.9ns 
70129      INFO  main            d.u.i.k.p.i.AbstractProblemLoader Creating init config 
72607      DEBUG main            d.u.i.k.p.i.AbstractProblemLoader Init config took 2.48s 
72641      INFO  main            d.u.i.k.p.i.AbstractProblemLoader Replaying proof Cell[Cell::getX()].JML accessible clause.0 
72643      DEBUG main            d.u.i.k.p.i.IntermediateProofReplayer Proof replay took 6.3ns 
72744      INFO  main            d.u.i.k.p.r.p.TestFile    ... finished proof: closed. 
72939      INFO  main            d.u.i.k.p.i.AbstractProblemLoader Loading environment from /home/runner/work/key/key/key.core/../key.ui/examples/heap/SmansEtAl/Cell_getX_dep.key.proof 
72939      DEBUG main            d.u.i.k.p.i.AbstractProblemLoader Environment load took 109.7ns 
72941      INFO  main            d.u.i.k.p.i.AbstractProblemLoader Creating init config 
75433      DEBUG main            d.u.i.k.p.i.AbstractProblemLoader Init config took 2.49s 
75467      INFO  main            d.u.i.k.p.i.AbstractProblemLoader Replaying proof Cell[Cell::getX()].JML accessible clause.0 
75478      DEBUG main            d.u.i.k.p.i.IntermediateProofReplayer Proof replay took 9.49ms 
75479      DEBUG main            d.u.i.k.p.r.p.TestFile    ... success: reloaded. 
75480      INFO  main            d.u.i.k.p.r.p.TestFile    Now processing file /home/runner/work/key/key/key.core/../key.ui/examples/heap/SmansEtAl/Cell_getX.key 
75480      INFO  main            d.u.i.k.p.i.AbstractProblemLoader Loading environment from /home/runner/work/key/key/key.core/../key.ui/examples/heap/SmansEtAl/Cell_getX.key 
75480      DEBUG main            d.u.i.k.p.i.AbstractProblemLoader Environment load took 91.5ns 
75481      INFO  main            d.u.i.k.p.i.AbstractProblemLoader Creating init config 
77951      DEBUG main            d.u.i.k.p.i.AbstractProblemLoader Init config took 2.47s 
77985      INFO  main            d.u.i.k.p.i.AbstractProblemLoader Replaying proof Cell[Cell::getX()].JML normal_behavior operation contract.0 
77987      DEBUG main            d.u.i.k.p.i.IntermediateProofReplayer Proof replay took 6.6ns 
78088      INFO  main            d.u.i.k.p.r.p.TestFile    ... finished proof: closed. 
78275      INFO  main            d.u.i.k.p.i.AbstractProblemLoader Loading environment from /home/runner/work/key/key/key.core/../key.ui/examples/heap/SmansEtAl/Cell_getX.key.proof 
78275      DEBUG main            d.u.i.k.p.i.AbstractProblemLoader Environment load took 108.9ns 
78276      INFO  main            d.u.i.k.p.i.AbstractProblemLoader Creating init config 
80732      DEBUG main            d.u.i.k.p.i.AbstractProblemLoader Init config took 2.46s 
80766      INFO  main            d.u.i.k.p.i.AbstractProblemLoader Replaying proof Cell[Cell::getX()].JML normal_behavior operation contract.0 
80776      DEBUG main            d.u.i.k.p.i.IntermediateProofReplayer Proof replay took 8.71ms 
80777      DEBUG main            d.u.i.k.p.r.p.TestFile    ... success: reloaded. 
80778      INFO  main            d.u.i.k.p.r.p.TestFile    Now processing file /home/runner/work/key/key/key.core/../key.ui/examples/heap/SmansEtAl/Cell_inv.key 
80778      INFO  main            d.u.i.k.p.i.AbstractProblemLoader Loading environment from /home/runner/work/key/key/key.core/../key.ui/examples/heap/SmansEtAl/Cell_inv.key 
80778      DEBUG main            d.u.i.k.p.i.AbstractProblemLoader Environment load took 126.7ns 
80779      INFO  main            d.u.i.k.p.i.AbstractProblemLoader Creating init config 
83328      DEBUG main            d.u.i.k.p.i.AbstractProblemLoader Init config took 2.55s 
83364      INFO  main            d.u.i.k.p.i.AbstractProblemLoader Replaying proof Cell[java.lang.Object::<inv>()].JML accessible clause.0 
83367      DEBUG main            d.u.i.k.p.i.IntermediateProofReplayer Proof replay took 16.1ns 
83468      INFO  main            d.u.i.k.p.r.p.TestFile    ... finished proof: closed. 
83706      INFO  main            d.u.i.k.p.i.AbstractProblemLoader Loading environment from /home/runner/work/key/key/key.core/../key.ui/examples/heap/SmansEtAl/Cell_inv.key.proof 
83706      DEBUG main            d.u.i.k.p.i.AbstractProblemLoader Environment load took 98.5ns 
83707      INFO  main            d.u.i.k.p.i.AbstractProblemLoader Creating init config 
86172      DEBUG main            d.u.i.k.p.i.AbstractProblemLoader Init config took 2.47s 
86208      INFO  main            d.u.i.k.p.i.AbstractProblemLoader Replaying proof Cell[java.lang.Object::<inv>()].JML accessible clause.0 
86211      DEBUG main            d.u.i.k.p.i.IntermediateProofReplayer Proof replay took 1.21ms 
86211      DEBUG main            d.u.i.k.p.r.p.TestFile    ... success: reloaded. 
86212      INFO  main            d.u.i.k.p.r.p.TestFile    Now processing file /home/runner/work/key/key/key.core/../key.ui/examples/heap/SmansEtAl/Cell_setX.key 
86212      INFO  main            d.u.i.k.p.i.AbstractProblemLoader Loading environment from /home/runner/work/key/key/key.core/../key.ui/examples/heap/SmansEtAl/Cell_setX.key 
86212      DEBUG main            d.u.i.k.p.i.AbstractProblemLoader Environment load took 55.5ns 
86213      INFO  main            d.u.i.k.p.i.AbstractProblemLoader Creating init config 
88747      DEBUG main            d.u.i.k.p.i.AbstractProblemLoader Init config took 2.53s 
88780      INFO  main            d.u.i.k.p.i.AbstractProblemLoader Replaying proof Cell[Cell::setX(int)].JML normal_behavior operation contract.0 
88781      DEBUG main            d.u.i.k.p.i.IntermediateProofReplayer Proof replay took 5.7ns 
88883      INFO  main            d.u.i.k.p.r.p.TestFile    ... finished proof: closed. 
89095      INFO  main            d.u.i.k.p.i.AbstractProblemLoader Loading environment from /home/runner/work/key/key/key.core/../key.ui/examples/heap/SmansEtAl/Cell_setX.key.proof 
89095      DEBUG main            d.u.i.k.p.i.AbstractProblemLoader Environment load took 103.6ns 
89096      INFO  main            d.u.i.k.p.i.AbstractProblemLoader Creating init config 
91552      DEBUG main            d.u.i.k.p.i.AbstractProblemLoader Init config took 2.46s 
91584      INFO  main            d.u.i.k.p.i.AbstractProblemLoader Replaying proof Cell[Cell::setX(int)].JML normal_behavior operation contract.0 
91602      DEBUG main            d.u.i.k.p.i.IntermediateProofReplayer Proof replay took 15.51ms 
91602      DEBUG main            d.u.i.k.p.r.p.TestFile    ... success: reloaded. 
91603      INFO  main            d.u.i.k.p.r.p.TestFile    Now processing file /home/runner/work/key/key/key.core/../key.ui/examples/heap/SmansEtAl/CellClient_m.key 
91603      INFO  main            d.u.i.k.p.i.AbstractProblemLoader Loading environment from /home/runner/work/key/key/key.core/../key.ui/examples/heap/SmansEtAl/CellClient_m.key 
91604      DEBUG main            d.u.i.k.p.i.AbstractProblemLoader Environment load took 83.2ns 
91604      INFO  main            d.u.i.k.p.i.AbstractProblemLoader Creating init config 
94124      DEBUG main            d.u.i.k.p.i.AbstractProblemLoader Init config took 2.52s 
94157      INFO  main            d.u.i.k.p.i.AbstractProblemLoader Replaying proof CellClient[CellClient::m()].JML operation contract.0 
94158      DEBUG main            d.u.i.k.p.i.IntermediateProofReplayer Proof replay took 6.5ns 
94689      INFO  main            d.u.i.k.p.r.p.TestFile    ... finished proof: closed. 
94902      INFO  main            d.u.i.k.p.i.AbstractProblemLoader Loading environment from /home/runner/work/key/key/key.core/../key.ui/examples/heap/SmansEtAl/CellClient_m.key.proof 
94902      DEBUG main            d.u.i.k.p.i.AbstractProblemLoader Environment load took 102.4ns 
94903      INFO  main            d.u.i.k.p.i.AbstractProblemLoader Creating init config 
97339      DEBUG main            d.u.i.k.p.i.AbstractProblemLoader Init config took 2.44s 
97372      INFO  main            d.u.i.k.p.i.AbstractProblemLoader Replaying proof CellClient[CellClient::m()].JML operation contract.0 
97457      DEBUG main            d.u.i.k.p.i.IntermediateProofReplayer Proof replay took 81.47ms 
97458      DEBUG main            d.u.i.k.p.r.p.TestFile    ... success: reloaded. 
97459      INFO  main            d.u.i.k.p.r.p.TestFile    Now processing file /home/runner/work/key/key/key.core/../key.ui/examples/heap/SmansEtAl/Iterator_footprint.key 
97459      INFO  main            d.u.i.k.p.i.AbstractProblemLoader Loading environment from /home/runner/work/key/key/key.core/../key.ui/examples/heap/SmansEtAl/Iterator_footprint.key 
97460      DEBUG main            d.u.i.k.p.i.AbstractProblemLoader Environment load took 198.8ns 
97460      INFO  main            d.u.i.k.p.i.AbstractProblemLoader Creating init config 
99999      DEBUG main            d.u.i.k.p.i.AbstractProblemLoader Init config took 2.54s 
100035     INFO  main            d.u.i.k.p.i.AbstractProblemLoader Replaying proof Iterator[Iterator::$footprint()].JML accessible clause.0 
100036     DEBUG main            d.u.i.k.p.i.IntermediateProofReplayer Proof replay took 5.4ns 
100138     INFO  main            d.u.i.k.p.r.p.TestFile    ... finished proof: closed. 
100345     INFO  main            d.u.i.k.p.i.AbstractProblemLoader Loading environment from /home/runner/work/key/key/key.core/../key.ui/examples/heap/SmansEtAl/Iterator_footprint.key.proof 
100346     DEBUG main            d.u.i.k.p.i.AbstractProblemLoader Environment load took 105ns 
100346     INFO  main            d.u.i.k.p.i.AbstractProblemLoader Creating init config 
102805     DEBUG main            d.u.i.k.p.i.AbstractProblemLoader Init config took 2.46s 
102840     INFO  main            d.u.i.k.p.i.AbstractProblemLoader Replaying proof Iterator[Iterator::$footprint()].JML accessible clause.0 
102846     DEBUG main            d.u.i.k.p.i.IntermediateProofReplayer Proof replay took 4.39ms 
102847     DEBUG main            d.u.i.k.p.r.p.TestFile    ... success: reloaded. 
102848     INFO  main            d.u.i.k.p.r.p.TestFile    Now processing file /home/runner/work/key/key/key.core/../key.ui/examples/heap/SmansEtAl/Iterator_hasNext_dep.key 
102848     INFO  main            d.u.i.k.p.i.AbstractProblemLoader Loading environment from /home/runner/work/key/key/key.core/../key.ui/examples/heap/SmansEtAl/Iterator_hasNext_dep.key 
102848     DEBUG main            d.u.i.k.p.i.AbstractProblemLoader Environment load took 79.7ns 
102852     INFO  main            d.u.i.k.p.i.AbstractProblemLoader Creating init config 
105358     DEBUG main            d.u.i.k.p.i.AbstractProblemLoader Init config took 2.51s 
105393     INFO  main            d.u.i.k.p.i.AbstractProblemLoader Replaying proof Iterator[Iterator::hasNext()].JML accessible clause.0 
105395     DEBUG main            d.u.i.k.p.i.IntermediateProofReplayer Proof replay took 5.7ns 
106002     INFO  main            d.u.i.k.p.r.p.TestFile    ... finished proof: closed. 
106239     INFO  main            d.u.i.k.p.i.AbstractProblemLoader Loading environment from /home/runner/work/key/key/key.core/../key.ui/examples/heap/SmansEtAl/Iterator_hasNext_dep.key.proof 
106239     DEBUG main            d.u.i.k.p.i.AbstractProblemLoader Environment load took 125.6ns 
106240     INFO  main            d.u.i.k.p.i.AbstractProblemLoader Creating init config 
108669     DEBUG main            d.u.i.k.p.i.AbstractProblemLoader Init config took 2.43s 
108704     INFO  main            d.u.i.k.p.i.AbstractProblemLoader Replaying proof Iterator[Iterator::hasNext()].JML accessible clause.0 
108768     DEBUG main            d.u.i.k.p.i.IntermediateProofReplayer Proof replay took 58.27ms 
108768     DEBUG main            d.u.i.k.p.r.p.TestFile    ... success: reloaded. 
108769     INFO  main            d.u.i.k.p.r.p.TestFile    Now processing file /home/runner/work/key/key/key.core/../key.ui/examples/heap/SmansEtAl/Iterator_hasNext.key 
108770     INFO  main            d.u.i.k.p.i.AbstractProblemLoader Loading environment from /home/runner/work/key/key/key.core/../key.ui/examples/heap/SmansEtAl/Iterator_hasNext.key 
108770     DEBUG main            d.u.i.k.p.i.AbstractProblemLoader Environment load took 75.5ns 
108770     INFO  main            d.u.i.k.p.i.AbstractProblemLoader Creating init config 
111279     DEBUG main            d.u.i.k.p.i.AbstractProblemLoader Init config took 2.51s 
111335     INFO  main            d.u.i.k.p.i.AbstractProblemLoader Replaying proof Iterator[Iterator::hasNext()].JML normal_behavior operation contract.0 
111339     DEBUG main            d.u.i.k.p.i.IntermediateProofReplayer Proof replay took 14.7ns 
111842     INFO  main            d.u.i.k.p.r.p.TestFile    ... finished proof: closed. 
112073     INFO  main            d.u.i.k.p.i.AbstractProblemLoader Loading environment from /home/runner/work/key/key/key.core/../key.ui/examples/heap/SmansEtAl/Iterator_hasNext.key.proof 
112074     DEBUG main            d.u.i.k.p.i.AbstractProblemLoader Environment load took 469.3ns 
112075     INFO  main            d.u.i.k.p.i.AbstractProblemLoader Creating init config 
114505     DEBUG main            d.u.i.k.p.i.AbstractProblemLoader Init config took 2.43s 
114540     INFO  main            d.u.i.k.p.i.AbstractProblemLoader Replaying proof Iterator[Iterator::hasNext()].JML normal_behavior operation contract.0 
114610     DEBUG main            d.u.i.k.p.i.IntermediateProofReplayer Proof replay took 62.01ms 
114611     DEBUG main            d.u.i.k.p.r.p.TestFile    ... success: reloaded. 
114612     INFO  main            d.u.i.k.p.r.p.TestFile    Now processing file /home/runner/work/key/key/key.core/../key.ui/examples/heap/SmansEtAl/Iterator_inv.key 
114612     INFO  main            d.u.i.k.p.i.AbstractProblemLoader Loading environment from /home/runner/work/key/key/key.core/../key.ui/examples/heap/SmansEtAl/Iterator_inv.key 
114613     DEBUG main            d.u.i.k.p.i.AbstractProblemLoader Environment load took 183.7ns 
114614     INFO  main            d.u.i.k.p.i.AbstractProblemLoader Creating init config 
117104     DEBUG main            d.u.i.k.p.i.AbstractProblemLoader Init config took 2.49s 
117138     INFO  main            d.u.i.k.p.i.AbstractProblemLoader Replaying proof Iterator[java.lang.Object::<inv>()].JML accessible clause.0 
117139     DEBUG main            d.u.i.k.p.i.IntermediateProofReplayer Proof replay took 5.9ns 
117344     INFO  main            d.u.i.k.p.r.p.TestFile    ... finished proof: closed. 
117574     INFO  main            d.u.i.k.p.i.AbstractProblemLoader Loading environment from /home/runner/work/key/key/key.core/../key.ui/examples/heap/SmansEtAl/Iterator_inv.key.proof 
117574     DEBUG main            d.u.i.k.p.i.AbstractProblemLoader Environment load took 99.1ns 
117575     INFO  main            d.u.i.k.p.i.AbstractProblemLoader Creating init config 
120008     DEBUG main            d.u.i.k.p.i.AbstractProblemLoader Init config took 2.43s 
120042     INFO  main            d.u.i.k.p.i.AbstractProblemLoader Replaying proof Iterator[java.lang.Object::<inv>()].JML accessible clause.0 
120060     DEBUG main            d.u.i.k.p.i.IntermediateProofReplayer Proof replay took 15.12ms 
120061     DEBUG main            d.u.i.k.p.r.p.TestFile    ... success: reloaded. 
120062     INFO  main            d.u.i.k.p.r.p.TestFile    Now processing file /home/runner/work/key/key/key.core/../key.ui/examples/heap/SmansEtAl/Iterator_Iterator.key 
120062     INFO  main            d.u.i.k.p.i.AbstractProblemLoader Loading environment from /home/runner/work/key/key/key.core/../key.ui/examples/heap/SmansEtAl/Iterator_Iterator.key 
120062     DEBUG main            d.u.i.k.p.i.AbstractProblemLoader Environment load took 177.4ns 
120063     INFO  main            d.u.i.k.p.i.AbstractProblemLoader Creating init config 
122545     DEBUG main            d.u.i.k.p.i.AbstractProblemLoader Init config took 2.48s 
122581     INFO  main            d.u.i.k.p.i.AbstractProblemLoader Replaying proof Iterator[Iterator::Iterator(ArrayList)].JML normal_behavior operation contract.0 
122582     DEBUG main            d.u.i.k.p.i.IntermediateProofReplayer Proof replay took 6ns 
123788     INFO  main            d.u.i.k.p.r.p.TestFile    ... finished proof: closed. 
124034     INFO  main            d.u.i.k.p.i.AbstractProblemLoader Loading environment from /home/runner/work/key/key/key.core/../key.ui/examples/heap/SmansEtAl/Iterator_Iterator.key.proof 
124034     DEBUG main            d.u.i.k.p.i.AbstractProblemLoader Environment load took 371.8ns 
124036     INFO  main            d.u.i.k.p.i.AbstractProblemLoader Creating init config 
126472     DEBUG main            d.u.i.k.p.i.AbstractProblemLoader Init config took 2.44s 
126507     INFO  main            d.u.i.k.p.i.AbstractProblemLoader Replaying proof Iterator[Iterator::Iterator(ArrayList)].JML normal_behavior operation contract.0 
126639     DEBUG main            d.u.i.k.p.i.IntermediateProofReplayer Proof replay took 119.28ms 
126641     DEBUG main            d.u.i.k.p.r.p.TestFile    ... success: reloaded. 
126642     INFO  main            d.u.i.k.p.r.p.TestFile    Now processing file /home/runner/work/key/key/key.core/../key.ui/examples/heap/SmansEtAl/Iterator_list_dep.key 
126643     INFO  main            d.u.i.k.p.i.AbstractProblemLoader Loading environment from /home/runner/work/key/key/key.core/../key.ui/examples/heap/SmansEtAl/Iterator_list_dep.key 
126643     DEBUG main            d.u.i.k.p.i.AbstractProblemLoader Environment load took 207.2ns 
126644     INFO  main            d.u.i.k.p.i.AbstractProblemLoader Creating init config 
129118     DEBUG main            d.u.i.k.p.i.AbstractProblemLoader Init config took 2.47s 
129152     INFO  main            d.u.i.k.p.i.AbstractProblemLoader Replaying proof Iterator[Iterator::list()].JML accessible clause.0 
129153     DEBUG main            d.u.i.k.p.i.IntermediateProofReplayer Proof replay took 6ns 
129256     INFO  main            d.u.i.k.p.r.p.TestFile    ... finished proof: closed. 
129490     INFO  main            d.u.i.k.p.i.AbstractProblemLoader Loading environment from /home/runner/work/key/key/key.core/../key.ui/examples/heap/SmansEtAl/Iterator_list_dep.key.proof 
129490     DEBUG main            d.u.i.k.p.i.AbstractProblemLoader Environment load took 97.3ns 
129491     INFO  main            d.u.i.k.p.i.AbstractProblemLoader Creating init config 
131938     DEBUG main            d.u.i.k.p.i.AbstractProblemLoader Init config took 2.45s 
131971     INFO  main            d.u.i.k.p.i.AbstractProblemLoader Replaying proof Iterator[Iterator::list()].JML accessible clause.0 
131986     DEBUG main            d.u.i.k.p.i.IntermediateProofReplayer Proof replay took 12.57ms 
131987     DEBUG main            d.u.i.k.p.r.p.TestFile    ... success: reloaded. 
131988     INFO  main            d.u.i.k.p.r.p.TestFile    Now processing file /home/runner/work/key/key/key.core/../key.ui/examples/heap/SmansEtAl/Iterator_list.key 
131988     INFO  main            d.u.i.k.p.i.AbstractProblemLoader Loading environment from /home/runner/work/key/key/key.core/../key.ui/examples/heap/SmansEtAl/Iterator_list.key 
131988     DEBUG main            d.u.i.k.p.i.AbstractProblemLoader Environment load took 103ns 
131989     INFO  main            d.u.i.k.p.i.AbstractProblemLoader Creating init config 
134459     DEBUG main            d.u.i.k.p.i.AbstractProblemLoader Init config took 2.47s 
134493     INFO  main            d.u.i.k.p.i.AbstractProblemLoader Replaying proof Iterator[Iterator::list()].JML normal_behavior operation contract.0 
134495     DEBUG main            d.u.i.k.p.i.IntermediateProofReplayer Proof replay took 6.5ns 
134604     INFO  main            d.u.i.k.p.r.p.TestFile    ... finished proof: closed. 
134842     INFO  main            d.u.i.k.p.i.AbstractProblemLoader Loading environment from /home/runner/work/key/key/key.core/../key.ui/examples/heap/SmansEtAl/Iterator_list.key.proof 
134842     DEBUG main            d.u.i.k.p.i.AbstractProblemLoader Environment load took 100.4ns 
134844     INFO  main            d.u.i.k.p.i.AbstractProblemLoader Creating init config 
137272     DEBUG main            d.u.i.k.p.i.AbstractProblemLoader Init config took 2.43s 
137308     INFO  main            d.u.i.k.p.i.AbstractProblemLoader Replaying proof Iterator[Iterator::list()].JML normal_behavior operation contract.0 
137320     DEBUG main            d.u.i.k.p.i.IntermediateProofReplayer Proof replay took 10.69ms 
137321     DEBUG main            d.u.i.k.p.r.p.TestFile    ... success: reloaded. 
137321     INFO  main            d.u.i.k.p.r.p.TestFile    Now processing file /home/runner/work/key/key/key.core/../key.ui/examples/heap/SmansEtAl/Iterator_next.key 
137322     INFO  main            d.u.i.k.p.i.AbstractProblemLoader Loading environment from /home/runner/work/key/key/key.core/../key.ui/examples/heap/SmansEtAl/Iterator_next.key 
137322     DEBUG main            d.u.i.k.p.i.AbstractProblemLoader Environment load took 75.7ns 
137322     INFO  main            d.u.i.k.p.i.AbstractProblemLoader Creating init config 
139798     DEBUG main            d.u.i.k.p.i.AbstractProblemLoader Init config took 2.48s 
139848     INFO  main            d.u.i.k.p.i.AbstractProblemLoader Replaying proof Iterator[Iterator::next()].JML normal_behavior operation contract.0 
139850     DEBUG main            d.u.i.k.p.i.IntermediateProofReplayer Proof replay took 6.6ns 
142459     INFO  main            d.u.i.k.p.r.p.TestFile    ... finished proof: closed. 
142727     INFO  main            d.u.i.k.p.i.AbstractProblemLoader Loading environment from /home/runner/work/key/key/key.core/../key.ui/examples/heap/SmansEtAl/Iterator_next.key.proof 
142727     DEBUG main            d.u.i.k.p.i.AbstractProblemLoader Environment load took 381ns 
142729     INFO  main            d.u.i.k.p.i.AbstractProblemLoader Creating init config 
145150     DEBUG main            d.u.i.k.p.i.AbstractProblemLoader Init config took 2.42s 
145195     INFO  main            d.u.i.k.p.i.AbstractProblemLoader Replaying proof Iterator[Iterator::next()].JML normal_behavior operation contract.0 
145405     DEBUG main            d.u.i.k.p.i.IntermediateProofReplayer Proof replay took 192.37ms 
145406     DEBUG main            d.u.i.k.p.r.p.TestFile    ... success: reloaded. 
145407     INFO  main            d.u.i.k.p.r.p.TestFile    Now processing file /home/runner/work/key/key/key.core/../key.ui/examples/heap/SmansEtAl/Stack_footprint.key 
145407     INFO  main            d.u.i.k.p.i.AbstractProblemLoader Loading environment from /home/runner/work/key/key/key.core/../key.ui/examples/heap/SmansEtAl/Stack_footprint.key 
145407     DEBUG main            d.u.i.k.p.i.AbstractProblemLoader Environment load took 82.1ns 
145408     INFO  main            d.u.i.k.p.i.AbstractProblemLoader Creating init config 
147887     DEBUG main            d.u.i.k.p.i.AbstractProblemLoader Init config took 2.48s 
147920     INFO  main            d.u.i.k.p.i.AbstractProblemLoader Replaying proof Stack[Stack::$footprint()].JML accessible clause.0 
147921     DEBUG main            d.u.i.k.p.i.IntermediateProofReplayer Proof replay took 7ns 
148123     INFO  main            d.u.i.k.p.r.p.TestFile    ... finished proof: closed. 
148375     INFO  main            d.u.i.k.p.i.AbstractProblemLoader Loading environment from /home/runner/work/key/key/key.core/../key.ui/examples/heap/SmansEtAl/Stack_footprint.key.proof 
148375     DEBUG main            d.u.i.k.p.i.AbstractProblemLoader Environment load took 101.3ns 
148376     INFO  main            d.u.i.k.p.i.AbstractProblemLoader Creating init config 
150811     DEBUG main            d.u.i.k.p.i.AbstractProblemLoader Init config took 2.43s 
150844     INFO  main            d.u.i.k.p.i.AbstractProblemLoader Replaying proof Stack[Stack::$footprint()].JML accessible clause.0 
150867     DEBUG main            d.u.i.k.p.i.IntermediateProofReplayer Proof replay took 19.74ms 
150868     DEBUG main            d.u.i.k.p.r.p.TestFile    ... success: reloaded. 
150869     INFO  main            d.u.i.k.p.r.p.TestFile    Now processing file /home/runner/work/key/key/key.core/../key.ui/examples/heap/SmansEtAl/Stack_inv.key 
150869     INFO  main            d.u.i.k.p.i.AbstractProblemLoader Loading environment from /home/runner/work/key/key/key.core/../key.ui/examples/heap/SmansEtAl/Stack_inv.key 
150869     DEBUG main            d.u.i.k.p.i.AbstractProblemLoader Environment load took 83.7ns 
150871     INFO  main            d.u.i.k.p.i.AbstractProblemLoader Creating init config 
153369     DEBUG main            d.u.i.k.p.i.AbstractProblemLoader Init config took 2.5s 
153401     INFO  main            d.u.i.k.p.i.AbstractProblemLoader Replaying proof Stack[java.lang.Object::<inv>()].JML accessible clause.0 
153403     DEBUG main            d.u.i.k.p.i.IntermediateProofReplayer Proof replay took 6ns 
153504     INFO  main            d.u.i.k.p.r.p.TestFile    ... finished proof: closed. 
153756     INFO  main            d.u.i.k.p.i.AbstractProblemLoader Loading environment from /home/runner/work/key/key/key.core/../key.ui/examples/heap/SmansEtAl/Stack_inv.key.proof 
153756     DEBUG main            d.u.i.k.p.i.AbstractProblemLoader Environment load took 102.4ns 
153757     INFO  main            d.u.i.k.p.i.AbstractProblemLoader Creating init config 
156171     DEBUG main            d.u.i.k.p.i.AbstractProblemLoader Init config took 2.41s 
156204     INFO  main            d.u.i.k.p.i.AbstractProblemLoader Replaying proof Stack[java.lang.Object::<inv>()].JML accessible clause.0 
156214     DEBUG main            d.u.i.k.p.i.IntermediateProofReplayer Proof replay took 6.91ms 
156218     DEBUG main            d.u.i.k.p.r.p.TestFile    ... success: reloaded. 
156218     INFO  main            d.u.i.k.p.r.p.TestFile    Now processing file /home/runner/work/key/key/key.core/../key.ui/examples/heap/SmansEtAl/Stack_push.key 
156219     INFO  main            d.u.i.k.p.i.AbstractProblemLoader Loading environment from /home/runner/work/key/key/key.core/../key.ui/examples/heap/SmansEtAl/Stack_push.key 
156219     DEBUG main            d.u.i.k.p.i.AbstractProblemLoader Environment load took 102ns 
156220     INFO  main            d.u.i.k.p.i.AbstractProblemLoader Creating init config 
158709     DEBUG main            d.u.i.k.p.i.AbstractProblemLoader Init config took 2.49s 
158744     INFO  main            d.u.i.k.p.i.AbstractProblemLoader Replaying proof Stack[Stack::push(java.lang.Object)].JML normal_behavior operation contract.0 
158746     DEBUG main            d.u.i.k.p.i.IntermediateProofReplayer Proof replay took 6.3ns 
159449     INFO  main            d.u.i.k.p.r.p.TestFile    ... finished proof: closed. 
159739     INFO  main            d.u.i.k.p.i.AbstractProblemLoader Loading environment from /home/runner/work/key/key/key.core/../key.ui/examples/heap/SmansEtAl/Stack_push.key.proof 
159739     DEBUG main            d.u.i.k.p.i.AbstractProblemLoader Environment load took 98.9ns 
159740     INFO  main            d.u.i.k.p.i.AbstractProblemLoader Creating init config 
162167     DEBUG main            d.u.i.k.p.i.AbstractProblemLoader Init config took 2.43s 
162200     INFO  main            d.u.i.k.p.i.AbstractProblemLoader Replaying proof Stack[Stack::push(java.lang.Object)].JML normal_behavior operation contract.0 
162285     DEBUG main            d.u.i.k.p.i.IntermediateProofReplayer Proof replay took 80.88ms 
162286     DEBUG main            d.u.i.k.p.r.p.TestFile    ... success: reloaded. 
162287     INFO  main            d.u.i.k.p.r.p.TestFile    Now processing file /home/runner/work/key/key/key.core/../key.ui/examples/heap/SmansEtAl/Stack_size.key 
162287     INFO  main            d.u.i.k.p.i.AbstractProblemLoader Loading environment from /home/runner/work/key/key/key.core/../key.ui/examples/heap/SmansEtAl/Stack_size.key 
162287     DEBUG main            d.u.i.k.p.i.AbstractProblemLoader Environment load took 78.6ns 
162288     INFO  main            d.u.i.k.p.i.AbstractProblemLoader Creating init config 
164740     DEBUG main            d.u.i.k.p.i.AbstractProblemLoader Init config took 2.45s 
164772     INFO  main            d.u.i.k.p.i.AbstractProblemLoader Replaying proof Stack[Stack::size()].JML accessible clause.0 
164774     DEBUG main            d.u.i.k.p.i.IntermediateProofReplayer Proof replay took 5.8ns 
164975     INFO  main            d.u.i.k.p.r.p.TestFile    ... finished proof: closed. 
165249     INFO  main            d.u.i.k.p.i.AbstractProblemLoader Loading environment from /home/runner/work/key/key/key.core/../key.ui/examples/heap/SmansEtAl/Stack_size.key.proof 
165249     DEBUG main            d.u.i.k.p.i.AbstractProblemLoader Environment load took 94.3ns 
165250     INFO  main            d.u.i.k.p.i.AbstractProblemLoader Creating init config 
167670     DEBUG main            d.u.i.k.p.i.AbstractProblemLoader Init config took 2.42s 
167703     INFO  main            d.u.i.k.p.i.AbstractProblemLoader Replaying proof Stack[Stack::size()].JML accessible clause.0 
167736     DEBUG main            d.u.i.k.p.i.IntermediateProofReplayer Proof replay took 30.76ms 
167737     DEBUG main            d.u.i.k.p.r.p.TestFile    ... success: reloaded. 
167738     INFO  main            d.u.i.k.p.r.p.TestFile    Now processing file /home/runner/work/key/key/key.core/../key.ui/examples/heap/SmansEtAl/Stack_Stack.key 
167738     INFO  main            d.u.i.k.p.i.AbstractProblemLoader Loading environment from /home/runner/work/key/key/key.core/../key.ui/examples/heap/SmansEtAl/Stack_Stack.key 
167738     DEBUG main            d.u.i.k.p.i.AbstractProblemLoader Environment load took 179.3ns 
167739     INFO  main            d.u.i.k.p.i.AbstractProblemLoader Creating init config 
170202     DEBUG main            d.u.i.k.p.i.AbstractProblemLoader Init config took 2.46s 
170235     INFO  main            d.u.i.k.p.i.AbstractProblemLoader Replaying proof Stack[Stack::Stack()].JML normal_behavior operation contract.0 
170237     DEBUG main            d.u.i.k.p.i.IntermediateProofReplayer Proof replay took 6.4ns 
171277     INFO  main            d.u.i.k.p.r.p.TestFile    ... finished proof: closed. 
171559     INFO  main            d.u.i.k.p.i.AbstractProblemLoader Loading environment from /home/runner/work/key/key/key.core/../key.ui/examples/heap/SmansEtAl/Stack_Stack.key.proof 
171559     DEBUG main            d.u.i.k.p.i.AbstractProblemLoader Environment load took 97.3ns 
171560     INFO  main            d.u.i.k.p.i.AbstractProblemLoader Creating init config 
173990     DEBUG main            d.u.i.k.p.i.AbstractProblemLoader Init config took 2.43s 
174023     INFO  main            d.u.i.k.p.i.AbstractProblemLoader Replaying proof Stack[Stack::Stack()].JML normal_behavior operation contract.0 
174159     DEBUG main            d.u.i.k.p.i.IntermediateProofReplayer Proof replay took 129.66ms 
174160     DEBUG main            d.u.i.k.p.r.p.TestFile    ... success: reloaded. 
174161     INFO  main            d.u.i.k.p.r.p.TestFile    Now processing file /home/runner/work/key/key/key.core/../key.ui/examples/heap/SmansEtAl/Stack_switchContents.key 
174162     INFO  main            d.u.i.k.p.i.AbstractProblemLoader Loading environment from /home/runner/work/key/key/key.core/../key.ui/examples/heap/SmansEtAl/Stack_switchContents.key 
174162     DEBUG main            d.u.i.k.p.i.AbstractProblemLoader Environment load took 177ns 
174163     INFO  main            d.u.i.k.p.i.AbstractProblemLoader Creating init config 
176637     DEBUG main            d.u.i.k.p.i.AbstractProblemLoader Init config took 2.47s 
176669     INFO  main            d.u.i.k.p.i.AbstractProblemLoader Replaying proof Stack[Stack::switchContents(Stack)].JML normal_behavior operation contract.0 
176671     DEBUG main            d.u.i.k.p.i.IntermediateProofReplayer Proof replay took 5.8ns 
181100     INFO  main            d.u.i.k.p.r.p.TestFile    ... finished proof: closed. 
181404     INFO  main            d.u.i.k.p.i.AbstractProblemLoader Loading environment from /home/runner/work/key/key/key.core/../key.ui/examples/heap/SmansEtAl/Stack_switchContents.key.proof 
181404     DEBUG main            d.u.i.k.p.i.AbstractProblemLoader Environment load took 163.7ns 
181405     INFO  main            d.u.i.k.p.i.AbstractProblemLoader Creating init config 
183814     DEBUG main            d.u.i.k.p.i.AbstractProblemLoader Init config took 2.41s 
183848     INFO  main            d.u.i.k.p.i.AbstractProblemLoader Replaying proof Stack[Stack::switchContents(Stack)].JML normal_behavior operation contract.0 
184104     DEBUG main            d.u.i.k.p.i.IntermediateProofReplayer Proof replay took 238.96ms 
184105     DEBUG main            d.u.i.k.p.r.p.TestFile    ... success: reloaded. 
2010886    INFO  Test worker     d.u.i.k.p.r.RunAllProofsTestUnit Returning from test SmansEtAl 
2010887    INFO  Test worker     d.u.i.k.p.r.RunAllProofsTestUnit Running test VACID0 
322        INFO  Timeout watchdog d.u.i.k.p.r.p.ForkedTestFileRunner Timeout watcher launched (2000 secs.) 
331        WARN  main            d.u.i.k.s.ProofSettings   The settings in /home/runner/.key/proof-settings.props are *not* read. 
356        INFO  main            d.u.i.k.p.r.p.TestFile    Now processing file /home/runner/work/key/key/key.core/../key.ui/examples/heap/vacid0_01_SparseArray/Harness_sparseArrayTestHarness1.key 
454        INFO  main            d.u.i.k.p.i.AbstractProblemLoader Loading environment from /home/runner/work/key/key/key.core/../key.ui/examples/heap/vacid0_01_SparseArray/Harness_sparseArrayTestHarness1.key 
475        DEBUG main            d.u.i.k.p.i.AbstractProblemLoader Environment load took 1.99ms 
677        INFO  main            d.u.i.k.p.i.AbstractProblemLoader Creating init config 
1608       DEBUG main            d.u.i.k.j.TypeConverter   No LDT found for Meta 
1609       DEBUG main            d.u.i.k.j.TypeConverter   No LDT found for Meta 
1613       DEBUG main            d.u.i.k.j.TypeConverter   No LDT found for Meta 
1613       DEBUG main            d.u.i.k.j.TypeConverter   No LDT found for Meta 
2786       DEBUG main            d.u.i.k.j.TypeConverter   No LDT found for JavaBigintExpression 
7855       DEBUG main            d.u.i.k.p.i.AbstractProblemLoader Init config took 7.18s 
7973       INFO  main            d.u.i.k.p.i.AbstractProblemLoader Replaying proof Harness[Harness::sparseArrayTestHarness1()].JML normal_behavior operation contract.0 
8002       DEBUG main            d.u.i.k.p.i.IntermediateProofReplayer Proof replay took 28.3ns 
9461       INFO  main            d.u.i.k.p.r.p.TestFile    ... finished proof: closed. 
9604       INFO  main            d.u.i.k.p.i.AbstractProblemLoader Loading environment from /home/runner/work/key/key/key.core/../key.ui/examples/heap/vacid0_01_SparseArray/Harness_sparseArrayTestHarness1.key.proof 
9605       DEBUG main            d.u.i.k.p.i.AbstractProblemLoader Environment load took 130.5ns 
9606       INFO  main            d.u.i.k.p.i.AbstractProblemLoader Creating init config 
12336      DEBUG main            d.u.i.k.p.i.AbstractProblemLoader Init config took 2.73s 
12394      INFO  main            d.u.i.k.p.i.AbstractProblemLoader Replaying proof Harness[Harness::sparseArrayTestHarness1()].JML normal_behavior operation contract.0 
12561      DEBUG main            d.u.i.k.p.i.IntermediateProofReplayer Proof replay took 157.87ms 
12568      DEBUG main            d.u.i.k.p.r.p.TestFile    ... success: reloaded. 
12572      INFO  main            d.u.i.k.p.r.p.TestFile    Now processing file /home/runner/work/key/key/key.core/../key.ui/examples/heap/vacid0_01_SparseArray/Harness_sparseArrayTestHarness2.key 
12572      INFO  main            d.u.i.k.p.i.AbstractProblemLoader Loading environment from /home/runner/work/key/key/key.core/../key.ui/examples/heap/vacid0_01_SparseArray/Harness_sparseArrayTestHarness2.key 
12574      DEBUG main            d.u.i.k.p.i.AbstractProblemLoader Environment load took 1.7ms 
12578      INFO  main            d.u.i.k.p.i.AbstractProblemLoader Creating init config 
15229      DEBUG main            d.u.i.k.p.i.AbstractProblemLoader Init config took 2.65s 
15284      INFO  main            d.u.i.k.p.i.AbstractProblemLoader Replaying proof Harness[Harness::sparseArrayTestHarness2()].JML normal_behavior operation contract.0 
15286      DEBUG main            d.u.i.k.p.i.IntermediateProofReplayer Proof replay took 5.6ns 
26372      INFO  main            d.u.i.k.p.r.p.TestFile    ... finished proof: closed. 
26583      INFO  main            d.u.i.k.p.i.AbstractProblemLoader Loading environment from /home/runner/work/key/key/key.core/../key.ui/examples/heap/vacid0_01_SparseArray/Harness_sparseArrayTestHarness2.key.proof 
26583      DEBUG main            d.u.i.k.p.i.AbstractProblemLoader Environment load took 429.1ns 
26592      INFO  main            d.u.i.k.p.i.AbstractProblemLoader Creating init config 
29162      DEBUG main            d.u.i.k.p.i.AbstractProblemLoader Init config took 2.57s 
29220      INFO  main            d.u.i.k.p.i.AbstractProblemLoader Replaying proof Harness[Harness::sparseArrayTestHarness2()].JML normal_behavior operation contract.0 
30141      DEBUG main            d.u.i.k.p.i.IntermediateProofReplayer Proof replay took 874.03ms 
30143      DEBUG main            d.u.i.k.p.r.p.TestFile    ... success: reloaded. 
30145      INFO  main            d.u.i.k.p.r.p.TestFile    Now processing file /home/runner/work/key/key/key.core/../key.ui/examples/heap/vacid0_01_SparseArray/MemoryAllocator_alloc_unsigned.key 
30145      INFO  main            d.u.i.k.p.i.AbstractProblemLoader Loading environment from /home/runner/work/key/key/key.core/../key.ui/examples/heap/vacid0_01_SparseArray/MemoryAllocator_alloc_unsigned.key 
30145      DEBUG main            d.u.i.k.p.i.AbstractProblemLoader Environment load took 203.6ns 
30146      INFO  main            d.u.i.k.p.i.AbstractProblemLoader Creating init config 
32728      DEBUG main            d.u.i.k.p.i.AbstractProblemLoader Init config took 2.58s 
32770      INFO  main            d.u.i.k.p.i.AbstractProblemLoader Replaying proof MemoryAllocator[MemoryAllocator::alloc_unsigned(int)].JML normal_behavior operation contract.0 
32772      DEBUG main            d.u.i.k.p.i.IntermediateProofReplayer Proof replay took 4.8ns 
33677      INFO  main            d.u.i.k.p.r.p.TestFile    ... finished proof: closed. 
33841      INFO  main            d.u.i.k.p.i.AbstractProblemLoader Loading environment from /home/runner/work/key/key/key.core/../key.ui/examples/heap/vacid0_01_SparseArray/MemoryAllocator_alloc_unsigned.key.proof 
33842      DEBUG main            d.u.i.k.p.i.AbstractProblemLoader Environment load took 1.6ms 
33844      INFO  main            d.u.i.k.p.i.AbstractProblemLoader Creating init config 
36367      DEBUG main            d.u.i.k.p.i.AbstractProblemLoader Init config took 2.52s 
36408      INFO  main            d.u.i.k.p.i.AbstractProblemLoader Replaying proof MemoryAllocator[MemoryAllocator::alloc_unsigned(int)].JML normal_behavior operation contract.0 
36539      DEBUG main            d.u.i.k.p.i.IntermediateProofReplayer Proof replay took 126.04ms 
36540      DEBUG main            d.u.i.k.p.r.p.TestFile    ... success: reloaded. 
36542      INFO  main            d.u.i.k.p.r.p.TestFile    Now processing file /home/runner/work/key/key/key.core/../key.ui/examples/heap/vacid0_01_SparseArray/MemoryAllocator_alloc.key 
36542      INFO  main            d.u.i.k.p.i.AbstractProblemLoader Loading environment from /home/runner/work/key/key/key.core/../key.ui/examples/heap/vacid0_01_SparseArray/MemoryAllocator_alloc.key 
36542      DEBUG main            d.u.i.k.p.i.AbstractProblemLoader Environment load took 188.6ns 
36543      INFO  main            d.u.i.k.p.i.AbstractProblemLoader Creating init config 
39126      DEBUG main            d.u.i.k.p.i.AbstractProblemLoader Init config took 2.58s 
39166      INFO  main            d.u.i.k.p.i.AbstractProblemLoader Replaying proof MemoryAllocator[MemoryAllocator::alloc(int)].JML normal_behavior operation contract.0 
39168      DEBUG main            d.u.i.k.p.i.IntermediateProofReplayer Proof replay took 5ns 
39689      INFO  main            d.u.i.k.p.r.p.TestFile    ... finished proof: closed. 
39833      INFO  main            d.u.i.k.p.i.AbstractProblemLoader Loading environment from /home/runner/work/key/key/key.core/../key.ui/examples/heap/vacid0_01_SparseArray/MemoryAllocator_alloc.key.proof 
39833      DEBUG main            d.u.i.k.p.i.AbstractProblemLoader Environment load took 385.6ns 
39835      INFO  main            d.u.i.k.p.i.AbstractProblemLoader Creating init config 
42309      DEBUG main            d.u.i.k.p.i.AbstractProblemLoader Init config took 2.47s 
42357      INFO  main            d.u.i.k.p.i.AbstractProblemLoader Replaying proof MemoryAllocator[MemoryAllocator::alloc(int)].JML normal_behavior operation contract.0 
42447      DEBUG main            d.u.i.k.p.i.IntermediateProofReplayer Proof replay took 85.01ms 
42448      DEBUG main            d.u.i.k.p.r.p.TestFile    ... success: reloaded. 
42449      INFO  main            d.u.i.k.p.r.p.TestFile    Now processing file /home/runner/work/key/key/key.core/../key.ui/examples/heap/vacid0_01_SparseArray/SparseArray_get_dep.key 
42449      INFO  main            d.u.i.k.p.i.AbstractProblemLoader Loading environment from /home/runner/work/key/key/key.core/../key.ui/examples/heap/vacid0_01_SparseArray/SparseArray_get_dep.key 
42449      DEBUG main            d.u.i.k.p.i.AbstractProblemLoader Environment load took 91ns 
42450      INFO  main            d.u.i.k.p.i.AbstractProblemLoader Creating init config 
44997      DEBUG main            d.u.i.k.p.i.AbstractProblemLoader Init config took 2.55s 
45058      INFO  main            d.u.i.k.p.i.AbstractProblemLoader Replaying proof SparseArray[SparseArray::get(int)].JML accessible clause.0 
45059      DEBUG main            d.u.i.k.p.i.IntermediateProofReplayer Proof replay took 5.6ns 
47297      INFO  main            d.u.i.k.p.r.p.TestFile    ... finished proof: closed. 
47477      INFO  main            d.u.i.k.p.i.AbstractProblemLoader Loading environment from /home/runner/work/key/key/key.core/../key.ui/examples/heap/vacid0_01_SparseArray/SparseArray_get_dep.key.proof 
47479      DEBUG main            d.u.i.k.p.i.AbstractProblemLoader Environment load took 2.41ms 
47481      INFO  main            d.u.i.k.p.i.AbstractProblemLoader Creating init config 
49975      DEBUG main            d.u.i.k.p.i.AbstractProblemLoader Init config took 2.49s 
50033      INFO  main            d.u.i.k.p.i.AbstractProblemLoader Replaying proof SparseArray[SparseArray::get(int)].JML accessible clause.0 
50190      DEBUG main            d.u.i.k.p.i.IntermediateProofReplayer Proof replay took 146.01ms 
50191      DEBUG main            d.u.i.k.p.r.p.TestFile    ... success: reloaded. 
50192      INFO  main            d.u.i.k.p.r.p.TestFile    Now processing file /home/runner/work/key/key/key.core/../key.ui/examples/heap/vacid0_01_SparseArray/SparseArray_get.key 
50192      INFO  main            d.u.i.k.p.i.AbstractProblemLoader Loading environment from /home/runner/work/key/key/key.core/../key.ui/examples/heap/vacid0_01_SparseArray/SparseArray_get.key 
50193      DEBUG main            d.u.i.k.p.i.AbstractProblemLoader Environment load took 98.7ns 
50193      INFO  main            d.u.i.k.p.i.AbstractProblemLoader Creating init config 
52694      DEBUG main            d.u.i.k.p.i.AbstractProblemLoader Init config took 2.5s 
52755      INFO  main            d.u.i.k.p.i.AbstractProblemLoader Replaying proof SparseArray[SparseArray::get(int)].JML normal_behavior operation contract.0 
52756      DEBUG main            d.u.i.k.p.i.IntermediateProofReplayer Proof replay took 5.1ns 
54768      INFO  main            d.u.i.k.p.r.p.TestFile    ... finished proof: closed. 
54939      INFO  main            d.u.i.k.p.i.AbstractProblemLoader Loading environment from /home/runner/work/key/key/key.core/../key.ui/examples/heap/vacid0_01_SparseArray/SparseArray_get.key.proof 
54940      DEBUG main            d.u.i.k.p.i.AbstractProblemLoader Environment load took 119.6ns 
54941      INFO  main            d.u.i.k.p.i.AbstractProblemLoader Creating init config 
57376      DEBUG main            d.u.i.k.p.i.AbstractProblemLoader Init config took 2.44s 
57434      INFO  main            d.u.i.k.p.i.AbstractProblemLoader Replaying proof SparseArray[SparseArray::get(int)].JML normal_behavior operation contract.0 
57578      DEBUG main            d.u.i.k.p.i.IntermediateProofReplayer Proof replay took 136.03ms 
57579      DEBUG main            d.u.i.k.p.r.p.TestFile    ... success: reloaded. 
57580      INFO  main            d.u.i.k.p.r.p.TestFile    Now processing file /home/runner/work/key/key/key.core/../key.ui/examples/heap/vacid0_01_SparseArray/SparseArray_inv.key 
57580      INFO  main            d.u.i.k.p.i.AbstractProblemLoader Loading environment from /home/runner/work/key/key/key.core/../key.ui/examples/heap/vacid0_01_SparseArray/SparseArray_inv.key 
57580      DEBUG main            d.u.i.k.p.i.AbstractProblemLoader Environment load took 87.5ns 
57581      INFO  main            d.u.i.k.p.i.AbstractProblemLoader Creating init config 
60064      DEBUG main            d.u.i.k.p.i.AbstractProblemLoader Init config took 2.48s 
60119      INFO  main            d.u.i.k.p.i.AbstractProblemLoader Replaying proof SparseArray[java.lang.Object::<inv>()].JML accessible clause.0 
60121      DEBUG main            d.u.i.k.p.i.IntermediateProofReplayer Proof replay took 5.2ns 
61950      INFO  main            d.u.i.k.p.r.p.TestFile    ... finished proof: closed. 
62119      INFO  main            d.u.i.k.p.i.AbstractProblemLoader Loading environment from /home/runner/work/key/key/key.core/../key.ui/examples/heap/vacid0_01_SparseArray/SparseArray_inv.key.proof 
62120      DEBUG main            d.u.i.k.p.i.AbstractProblemLoader Environment load took 435.2ns 
62121      INFO  main            d.u.i.k.p.i.AbstractProblemLoader Creating init config 
64562      DEBUG main            d.u.i.k.p.i.AbstractProblemLoader Init config took 2.44s 
64619      INFO  main            d.u.i.k.p.i.AbstractProblemLoader Replaying proof SparseArray[java.lang.Object::<inv>()].JML accessible clause.0 
64680      DEBUG main            d.u.i.k.p.i.IntermediateProofReplayer Proof replay took 54.86ms 
64681      DEBUG main            d.u.i.k.p.r.p.TestFile    ... success: reloaded. 
64682      INFO  main            d.u.i.k.p.r.p.TestFile    Now processing file /home/runner/work/key/key/key.core/../key.ui/examples/heap/vacid0_01_SparseArray/SparseArray_SparseArray.key 
64683      INFO  main            d.u.i.k.p.i.AbstractProblemLoader Loading environment from /home/runner/work/key/key/key.core/../key.ui/examples/heap/vacid0_01_SparseArray/SparseArray_SparseArray.key 
64683      DEBUG main            d.u.i.k.p.i.AbstractProblemLoader Environment load took 186.2ns 
64684      INFO  main            d.u.i.k.p.i.AbstractProblemLoader Creating init config 
67184      DEBUG main            d.u.i.k.p.i.AbstractProblemLoader Init config took 2.5s 
67237      INFO  main            d.u.i.k.p.i.AbstractProblemLoader Replaying proof SparseArray[SparseArray::SparseArray(int)].JML normal_behavior operation contract.0 
67239      DEBUG main            d.u.i.k.p.i.IntermediateProofReplayer Proof replay took 4.9ns 
70458      INFO  main            d.u.i.k.p.r.p.TestFile    ... finished proof: closed. 
70640      INFO  main            d.u.i.k.p.i.AbstractProblemLoader Loading environment from /home/runner/work/key/key/key.core/../key.ui/examples/heap/vacid0_01_SparseArray/SparseArray_SparseArray.key.proof 
70640      DEBUG main            d.u.i.k.p.i.AbstractProblemLoader Environment load took 114.3ns 
70642      INFO  main            d.u.i.k.p.i.AbstractProblemLoader Creating init config 
73081      DEBUG main            d.u.i.k.p.i.AbstractProblemLoader Init config took 2.44s 
73134      INFO  main            d.u.i.k.p.i.AbstractProblemLoader Replaying proof SparseArray[SparseArray::SparseArray(int)].JML normal_behavior operation contract.0 
73374      DEBUG main            d.u.i.k.p.i.IntermediateProofReplayer Proof replay took 231.28ms 
73375      DEBUG main            d.u.i.k.p.r.p.TestFile    ... success: reloaded. 
2084435    INFO  Test worker     d.u.i.k.p.r.RunAllProofsTestUnit Returning from test VACID0 
2084436    INFO  Test worker     d.u.i.k.p.r.RunAllProofsTestUnit Running test VSTTE10 
330        INFO  Timeout watchdog d.u.i.k.p.r.p.ForkedTestFileRunner Timeout watcher launched (2000 secs.) 
344        WARN  main            d.u.i.k.s.ProofSettings   The settings in /home/runner/.key/proof-settings.props are *not* read. 
376        INFO  main            d.u.i.k.p.r.p.TestFile    Now processing file /home/runner/work/key/key/key.core/../key.ui/examples/heap/vstte10_01_SumAndMax/SumAndMax_sumAndMax.key 
516        INFO  main            d.u.i.k.p.i.AbstractProblemLoader Loading environment from /home/runner/work/key/key/key.core/../key.ui/examples/heap/vstte10_01_SumAndMax/SumAndMax_sumAndMax.key 
536        DEBUG main            d.u.i.k.p.i.AbstractProblemLoader Environment load took 2.07ms 
737        INFO  main            d.u.i.k.p.i.AbstractProblemLoader Creating init config 
1708       DEBUG main            d.u.i.k.j.TypeConverter   No LDT found for Meta 
1711       DEBUG main            d.u.i.k.j.TypeConverter   No LDT found for Meta 
1712       DEBUG main            d.u.i.k.j.TypeConverter   No LDT found for Meta 
1712       DEBUG main            d.u.i.k.j.TypeConverter   No LDT found for Meta 
3054       DEBUG main            d.u.i.k.j.TypeConverter   No LDT found for JavaBigintExpression 
7735       DEBUG main            d.u.i.k.p.i.AbstractProblemLoader Init config took 7s 
7921       INFO  main            d.u.i.k.p.i.AbstractProblemLoader Replaying proof SumAndMax[SumAndMax::sumAndMax([I)].JML normal_behavior operation contract.0 
7956       DEBUG main            d.u.i.k.p.i.IntermediateProofReplayer Proof replay took 30.9ns 
12796      INFO  main            d.u.i.k.p.r.p.TestFile    ... finished proof: closed. 
12949      INFO  main            d.u.i.k.p.i.AbstractProblemLoader Loading environment from /home/runner/work/key/key/key.core/../key.ui/examples/heap/vstte10_01_SumAndMax/SumAndMax_sumAndMax.key.proof 
12949      DEBUG main            d.u.i.k.p.i.AbstractProblemLoader Environment load took 399.8ns 
12952      INFO  main            d.u.i.k.p.i.AbstractProblemLoader Creating init config 
15626      DEBUG main            d.u.i.k.p.i.AbstractProblemLoader Init config took 2.67s 
15718      INFO  main            d.u.i.k.p.i.AbstractProblemLoader Replaying proof SumAndMax[SumAndMax::sumAndMax([I)].JML normal_behavior operation contract.0 
16178      DEBUG main            d.u.i.k.p.i.IntermediateProofReplayer Proof replay took 427.53ms 
16186      DEBUG main            d.u.i.k.p.r.p.TestFile    ... success: reloaded. 
16188      INFO  main            d.u.i.k.p.r.p.TestFile    Now processing file /home/runner/work/key/key/key.core/../key.ui/examples/heap/vstte10_03_LinkedList/Node_cons.key 
16188      INFO  main            d.u.i.k.p.i.AbstractProblemLoader Loading environment from /home/runner/work/key/key/key.core/../key.ui/examples/heap/vstte10_03_LinkedList/Node_cons.key 
16188      DEBUG main            d.u.i.k.p.i.AbstractProblemLoader Environment load took 215.1ns 
16190      INFO  main            d.u.i.k.p.i.AbstractProblemLoader Creating init config 
18815      DEBUG main            d.u.i.k.p.i.AbstractProblemLoader Init config took 2.62s 
18883      INFO  main            d.u.i.k.p.i.AbstractProblemLoader Replaying proof Node[Node::cons(int,Node)].JML normal_behavior operation contract.0 
18889      DEBUG main            d.u.i.k.p.i.IntermediateProofReplayer Proof replay took 5.2ns 
20431      INFO  main            d.u.i.k.p.r.p.TestFile    ... finished proof: closed. 
20571      INFO  main            d.u.i.k.p.i.AbstractProblemLoader Loading environment from /home/runner/work/key/key/key.core/../key.ui/examples/heap/vstte10_03_LinkedList/Node_cons.key.proof 
20572      DEBUG main            d.u.i.k.p.i.AbstractProblemLoader Environment load took 129.6ns 
20574      INFO  main            d.u.i.k.p.i.AbstractProblemLoader Creating init config 
23093      DEBUG main            d.u.i.k.p.i.AbstractProblemLoader Init config took 2.52s 
23160      INFO  main            d.u.i.k.p.i.AbstractProblemLoader Replaying proof Node[Node::cons(int,Node)].JML normal_behavior operation contract.0 
23355      DEBUG main            d.u.i.k.p.i.IntermediateProofReplayer Proof replay took 183.82ms 
23357      DEBUG main            d.u.i.k.p.r.p.TestFile    ... success: reloaded. 
23358      INFO  main            d.u.i.k.p.r.p.TestFile    Now processing file /home/runner/work/key/key/key.core/../key.ui/examples/heap/vstte10_03_LinkedList/Node_inv.key 
23358      INFO  main            d.u.i.k.p.i.AbstractProblemLoader Loading environment from /home/runner/work/key/key/key.core/../key.ui/examples/heap/vstte10_03_LinkedList/Node_inv.key 
23359      DEBUG main            d.u.i.k.p.i.AbstractProblemLoader Environment load took 203.6ns 
23360      INFO  main            d.u.i.k.p.i.AbstractProblemLoader Creating init config 
25871      DEBUG main            d.u.i.k.p.i.AbstractProblemLoader Init config took 2.51s 
25925      INFO  main            d.u.i.k.p.i.AbstractProblemLoader Replaying proof Node[java.lang.Object::<inv>()].JML accessible clause.0 
25927      DEBUG main            d.u.i.k.p.i.IntermediateProofReplayer Proof replay took 5ns 
26229      INFO  main            d.u.i.k.p.r.p.TestFile    ... finished proof: closed. 
26406      INFO  main            d.u.i.k.p.i.AbstractProblemLoader Loading environment from /home/runner/work/key/key/key.core/../key.ui/examples/heap/vstte10_03_LinkedList/Node_inv.key.proof 
26406      DEBUG main            d.u.i.k.p.i.AbstractProblemLoader Environment load took 110.29ns 
26408      INFO  main            d.u.i.k.p.i.AbstractProblemLoader Creating init config 
28900      DEBUG main            d.u.i.k.p.i.AbstractProblemLoader Init config took 2.49s 
28948      INFO  main            d.u.i.k.p.i.AbstractProblemLoader Replaying proof Node[java.lang.Object::<inv>()].JML accessible clause.0 
28972      DEBUG main            d.u.i.k.p.i.IntermediateProofReplayer Proof replay took 20.73ms 
28973      DEBUG main            d.u.i.k.p.r.p.TestFile    ... success: reloaded. 
28974      INFO  main            d.u.i.k.p.r.p.TestFile    Now processing file /home/runner/work/key/key/key.core/../key.ui/examples/heap/vstte10_03_LinkedList/Node_search.key 
28974      INFO  main            d.u.i.k.p.i.AbstractProblemLoader Loading environment from /home/runner/work/key/key/key.core/../key.ui/examples/heap/vstte10_03_LinkedList/Node_search.key 
28974      DEBUG main            d.u.i.k.p.i.AbstractProblemLoader Environment load took 84.5ns 
28975      INFO  main            d.u.i.k.p.i.AbstractProblemLoader Creating init config 
31446      DEBUG main            d.u.i.k.p.i.AbstractProblemLoader Init config took 2.47s 
31494      INFO  main            d.u.i.k.p.i.AbstractProblemLoader Replaying proof Node[Node::search()].JML normal_behavior operation contract.0 
31495      DEBUG main            d.u.i.k.p.i.IntermediateProofReplayer Proof replay took 5.2ns 
37477      INFO  main            d.u.i.k.p.r.p.TestFile    ... finished proof: closed. 
37674      INFO  main            d.u.i.k.p.i.AbstractProblemLoader Loading environment from /home/runner/work/key/key/key.core/../key.ui/examples/heap/vstte10_03_LinkedList/Node_search.key.proof 
37674      DEBUG main            d.u.i.k.p.i.AbstractProblemLoader Environment load took 389.1ns 
37677      INFO  main            d.u.i.k.p.i.AbstractProblemLoader Creating init config 
40129      DEBUG main            d.u.i.k.p.i.AbstractProblemLoader Init config took 2.45s 
40177      INFO  main            d.u.i.k.p.i.AbstractProblemLoader Replaying proof Node[Node::search()].JML normal_behavior operation contract.0 
40603      DEBUG main            d.u.i.k.p.i.IntermediateProofReplayer Proof replay took 382.27ms 
40605      DEBUG main            d.u.i.k.p.r.p.TestFile    ... success: reloaded. 
40607      INFO  main            d.u.i.k.p.r.p.TestFile    Now processing file /home/runner/work/key/key/key.core/../key.ui/examples/heap/vstte10_04_Queens/Queens_isConsistent.key 
40607      INFO  main            d.u.i.k.p.i.AbstractProblemLoader Loading environment from /home/runner/work/key/key/key.core/../key.ui/examples/heap/vstte10_04_Queens/Queens_isConsistent.key 
40607      DEBUG main            d.u.i.k.p.i.AbstractProblemLoader Environment load took 211.6ns 
40608      INFO  main            d.u.i.k.p.i.AbstractProblemLoader Creating init config 
43353      DEBUG main            d.u.i.k.p.i.AbstractProblemLoader Init config took 2.74s 
43398      INFO  main            d.u.i.k.p.i.AbstractProblemLoader Replaying proof Queens[Queens::isConsistent([I,int)].JML normal_behavior operation contract.0 
43400      DEBUG main            d.u.i.k.p.i.IntermediateProofReplayer Proof replay took 4.9ns 
45109      INFO  main            d.u.i.k.p.r.p.TestFile    ... finished proof: closed. 
45300      INFO  main            d.u.i.k.p.i.AbstractProblemLoader Loading environment from /home/runner/work/key/key/key.core/../key.ui/examples/heap/vstte10_04_Queens/Queens_isConsistent.key.proof 
45301      DEBUG main            d.u.i.k.p.i.AbstractProblemLoader Environment load took 391.9ns 
45302      INFO  main            d.u.i.k.p.i.AbstractProblemLoader Creating init config 
47803      DEBUG main            d.u.i.k.p.i.AbstractProblemLoader Init config took 2.5s 
47842      INFO  main            d.u.i.k.p.i.AbstractProblemLoader Replaying proof Queens[Queens::isConsistent([I,int)].JML normal_behavior operation contract.0 
48089      DEBUG main            d.u.i.k.p.i.IntermediateProofReplayer Proof replay took 238ms 
48091      DEBUG main            d.u.i.k.p.r.p.TestFile    ... success: reloaded. 
48092      INFO  main            d.u.i.k.p.r.p.TestFile    Now processing file /home/runner/work/key/key/key.core/../key.ui/examples/heap/vstte10_04_Queens/Queens_nQueens.key 
48092      INFO  main            d.u.i.k.p.i.AbstractProblemLoader Loading environment from /home/runner/work/key/key/key.core/../key.ui/examples/heap/vstte10_04_Queens/Queens_nQueens.key 
48092      DEBUG main            d.u.i.k.p.i.AbstractProblemLoader Environment load took 205.3ns 
48093      INFO  main            d.u.i.k.p.i.AbstractProblemLoader Creating init config 
50595      DEBUG main            d.u.i.k.p.i.AbstractProblemLoader Init config took 2.5s 
50634      INFO  main            d.u.i.k.p.i.AbstractProblemLoader Replaying proof Queens[Queens::nQueens(int)].JML normal_behavior operation contract.0 
50636      DEBUG main            d.u.i.k.p.i.IntermediateProofReplayer Proof replay took 5.5ns 
62828      INFO  main            d.u.i.k.p.r.p.TestFile    ... finished proof: closed. 
63031      INFO  main            d.u.i.k.p.i.AbstractProblemLoader Loading environment from /home/runner/work/key/key/key.core/../key.ui/examples/heap/vstte10_04_Queens/Queens_nQueens.key.proof 
63031      DEBUG main            d.u.i.k.p.i.AbstractProblemLoader Environment load took 423.1ns 
63033      INFO  main            d.u.i.k.p.i.AbstractProblemLoader Creating init config 
65496      DEBUG main            d.u.i.k.p.i.AbstractProblemLoader Init config took 2.46s 
65549      INFO  main            d.u.i.k.p.i.AbstractProblemLoader Replaying proof Queens[Queens::nQueens(int)].JML normal_behavior operation contract.0 
65941      DEBUG main            d.u.i.k.p.i.IntermediateProofReplayer Proof replay took 372.72ms 
65943      DEBUG main            d.u.i.k.p.r.p.TestFile    ... success: reloaded. 
65944      INFO  main            d.u.i.k.p.r.p.TestFile    Now processing file /home/runner/work/key/key/key.core/../key.ui/examples/heap/vstte10_05_Queue/AmortizedQueue_AmortizedQueue.key 
65944      INFO  main            d.u.i.k.p.i.AbstractProblemLoader Loading environment from /home/runner/work/key/key/key.core/../key.ui/examples/heap/vstte10_05_Queue/AmortizedQueue_AmortizedQueue.key 
65944      DEBUG main            d.u.i.k.p.i.AbstractProblemLoader Environment load took 89.3ns 
65945      INFO  main            d.u.i.k.p.i.AbstractProblemLoader Creating init config 
68498      DEBUG main            d.u.i.k.p.i.AbstractProblemLoader Init config took 2.55s 
68541      INFO  main            d.u.i.k.p.i.AbstractProblemLoader Replaying proof AmortizedQueue[AmortizedQueue::AmortizedQueue()].JML normal_behavior operation contract.0 
68543      DEBUG main            d.u.i.k.p.i.IntermediateProofReplayer Proof replay took 4.9ns 
69948      INFO  main            d.u.i.k.p.r.p.TestFile    ... finished proof: closed. 
70137      INFO  main            d.u.i.k.p.i.AbstractProblemLoader Loading environment from /home/runner/work/key/key/key.core/../key.ui/examples/heap/vstte10_05_Queue/AmortizedQueue_AmortizedQueue.key.proof 
70138      DEBUG main            d.u.i.k.p.i.AbstractProblemLoader Environment load took 381.5ns 
70139      INFO  main            d.u.i.k.p.i.AbstractProblemLoader Creating init config 
72629      DEBUG main            d.u.i.k.p.i.AbstractProblemLoader Init config took 2.49s 
72670      INFO  main            d.u.i.k.p.i.AbstractProblemLoader Replaying proof AmortizedQueue[AmortizedQueue::AmortizedQueue()].JML normal_behavior operation contract.0 
72817      DEBUG main            d.u.i.k.p.i.IntermediateProofReplayer Proof replay took 141.17ms 
72818      DEBUG main            d.u.i.k.p.r.p.TestFile    ... success: reloaded. 
72819      INFO  main            d.u.i.k.p.r.p.TestFile    Now processing file /home/runner/work/key/key/key.core/../key.ui/examples/heap/vstte10_05_Queue/AmortizedQueue_front.key 
72820      INFO  main            d.u.i.k.p.i.AbstractProblemLoader Loading environment from /home/runner/work/key/key/key.core/../key.ui/examples/heap/vstte10_05_Queue/AmortizedQueue_front.key 
72820      DEBUG main            d.u.i.k.p.i.AbstractProblemLoader Environment load took 195ns 
72821      INFO  main            d.u.i.k.p.i.AbstractProblemLoader Creating init config 
75328      DEBUG main            d.u.i.k.p.i.AbstractProblemLoader Init config took 2.51s 
75370      INFO  main            d.u.i.k.p.i.AbstractProblemLoader Replaying proof AmortizedQueue[AmortizedQueue::front()].JML normal_behavior operation contract.0 
75372      DEBUG main            d.u.i.k.p.i.IntermediateProofReplayer Proof replay took 5.2ns 
75875      INFO  main            d.u.i.k.p.r.p.TestFile    ... finished proof: closed. 
76047      INFO  main            d.u.i.k.p.i.AbstractProblemLoader Loading environment from /home/runner/work/key/key/key.core/../key.ui/examples/heap/vstte10_05_Queue/AmortizedQueue_front.key.proof 
76048      DEBUG main            d.u.i.k.p.i.AbstractProblemLoader Environment load took 110.5ns 
76049      INFO  main            d.u.i.k.p.i.AbstractProblemLoader Creating init config 
78537      DEBUG main            d.u.i.k.p.i.AbstractProblemLoader Init config took 2.49s 
78579      INFO  main            d.u.i.k.p.i.AbstractProblemLoader Replaying proof AmortizedQueue[AmortizedQueue::front()].JML normal_behavior operation contract.0 
78616      DEBUG main            d.u.i.k.p.i.IntermediateProofReplayer Proof replay took 33.34ms 
78617      DEBUG main            d.u.i.k.p.r.p.TestFile    ... success: reloaded. 
78618      INFO  main            d.u.i.k.p.r.p.TestFile    Now processing file /home/runner/work/key/key/key.core/../key.ui/examples/heap/vstte10_05_Queue/LinkedList_concat.key 
78620      INFO  main            d.u.i.k.p.i.AbstractProblemLoader Loading environment from /home/runner/work/key/key/key.core/../key.ui/examples/heap/vstte10_05_Queue/LinkedList_concat.key 
78620      DEBUG main            d.u.i.k.p.i.AbstractProblemLoader Environment load took 121.7ns 
78621      INFO  main            d.u.i.k.p.i.AbstractProblemLoader Creating init config 
81119      DEBUG main            d.u.i.k.p.i.AbstractProblemLoader Init config took 2.5s 
81194      INFO  main            d.u.i.k.p.i.AbstractProblemLoader Replaying proof LinkedList[LinkedList::concat(LinkedList)].JML normal_behavior operation contract.0 
81195      DEBUG main            d.u.i.k.p.i.IntermediateProofReplayer Proof replay took 6.1ns 
89119      INFO  main            d.u.i.k.p.r.p.TestFile    ... finished proof: closed. 
89343      INFO  main            d.u.i.k.p.i.AbstractProblemLoader Loading environment from /home/runner/work/key/key/key.core/../key.ui/examples/heap/vstte10_05_Queue/LinkedList_concat.key.proof 
89344      DEBUG main            d.u.i.k.p.i.AbstractProblemLoader Environment load took 393.4ns 
89345      INFO  main            d.u.i.k.p.i.AbstractProblemLoader Creating init config 
91795      DEBUG main            d.u.i.k.p.i.AbstractProblemLoader Init config took 2.45s 
91837      INFO  main            d.u.i.k.p.i.AbstractProblemLoader Replaying proof LinkedList[LinkedList::concat(LinkedList)].JML normal_behavior operation contract.0 
92249      DEBUG main            d.u.i.k.p.i.IntermediateProofReplayer Proof replay took 385.62ms 
92251      DEBUG main            d.u.i.k.p.r.p.TestFile    ... success: reloaded. 
92252      INFO  main            d.u.i.k.p.r.p.TestFile    Now processing file /home/runner/work/key/key/key.core/../key.ui/examples/heap/vstte10_05_Queue/LinkedList_cons.key 
92253      INFO  main            d.u.i.k.p.i.AbstractProblemLoader Loading environment from /home/runner/work/key/key/key.core/../key.ui/examples/heap/vstte10_05_Queue/LinkedList_cons.key 
92253      DEBUG main            d.u.i.k.p.i.AbstractProblemLoader Environment load took 193.8ns 
92254      INFO  main            d.u.i.k.p.i.AbstractProblemLoader Creating init config 
94735      DEBUG main            d.u.i.k.p.i.AbstractProblemLoader Init config took 2.48s 
94781      INFO  main            d.u.i.k.p.i.AbstractProblemLoader Replaying proof LinkedList[LinkedList::cons(int)].JML normal_behavior operation contract.0 
94783      DEBUG main            d.u.i.k.p.i.IntermediateProofReplayer Proof replay took 5.7ns 
97089      INFO  main            d.u.i.k.p.r.p.TestFile    ... finished proof: closed. 
97307      INFO  main            d.u.i.k.p.i.AbstractProblemLoader Loading environment from /home/runner/work/key/key/key.core/../key.ui/examples/heap/vstte10_05_Queue/LinkedList_cons.key.proof 
97307      DEBUG main            d.u.i.k.p.i.AbstractProblemLoader Environment load took 494.1ns 
97308      INFO  main            d.u.i.k.p.i.AbstractProblemLoader Creating init config 
99743      DEBUG main            d.u.i.k.p.i.AbstractProblemLoader Init config took 2.43s 
99797      INFO  main            d.u.i.k.p.i.AbstractProblemLoader Replaying proof LinkedList[LinkedList::cons(int)].JML normal_behavior operation contract.0 
99972      DEBUG main            d.u.i.k.p.i.IntermediateProofReplayer Proof replay took 164.64ms 
99973      DEBUG main            d.u.i.k.p.r.p.TestFile    ... success: reloaded. 
99974      INFO  main            d.u.i.k.p.r.p.TestFile    Now processing file /home/runner/work/key/key/key.core/../key.ui/examples/heap/vstte10_05_Queue/LinkedList_head.key 
99975      INFO  main            d.u.i.k.p.i.AbstractProblemLoader Loading environment from /home/runner/work/key/key/key.core/../key.ui/examples/heap/vstte10_05_Queue/LinkedList_head.key 
99975      DEBUG main            d.u.i.k.p.i.AbstractProblemLoader Environment load took 191ns 
99976      INFO  main            d.u.i.k.p.i.AbstractProblemLoader Creating init config 
102451     DEBUG main            d.u.i.k.p.i.AbstractProblemLoader Init config took 2.48s 
102491     INFO  main            d.u.i.k.p.i.AbstractProblemLoader Replaying proof LinkedList[LinkedList::head()].JML normal_behavior operation contract.0 
102493     DEBUG main            d.u.i.k.p.i.IntermediateProofReplayer Proof replay took 4.5ns 
102596     INFO  main            d.u.i.k.p.r.p.TestFile    ... finished proof: closed. 
102786     INFO  main            d.u.i.k.p.i.AbstractProblemLoader Loading environment from /home/runner/work/key/key/key.core/../key.ui/examples/heap/vstte10_05_Queue/LinkedList_head.key.proof 
102786     DEBUG main            d.u.i.k.p.i.AbstractProblemLoader Environment load took 105.1ns 
102787     INFO  main            d.u.i.k.p.i.AbstractProblemLoader Creating init config 
105297     DEBUG main            d.u.i.k.p.i.AbstractProblemLoader Init config took 2.51s 
105346     INFO  main            d.u.i.k.p.i.AbstractProblemLoader Replaying proof LinkedList[LinkedList::head()].JML normal_behavior operation contract.0 
105357     DEBUG main            d.u.i.k.p.i.IntermediateProofReplayer Proof replay took 9.14ms 
105357     DEBUG main            d.u.i.k.p.r.p.TestFile    ... success: reloaded. 
105358     INFO  main            d.u.i.k.p.r.p.TestFile    Now processing file /home/runner/work/key/key/key.core/../key.ui/examples/heap/vstte10_05_Queue/LinkedList_inv.key 
105359     INFO  main            d.u.i.k.p.i.AbstractProblemLoader Loading environment from /home/runner/work/key/key/key.core/../key.ui/examples/heap/vstte10_05_Queue/LinkedList_inv.key 
105359     DEBUG main            d.u.i.k.p.i.AbstractProblemLoader Environment load took 87.8ns 
105360     INFO  main            d.u.i.k.p.i.AbstractProblemLoader Creating init config 
107798     DEBUG main            d.u.i.k.p.i.AbstractProblemLoader Init config took 2.44s 
107837     INFO  main            d.u.i.k.p.i.AbstractProblemLoader Replaying proof LinkedList[java.lang.Object::<inv>()].JML accessible clause.0 
107838     DEBUG main            d.u.i.k.p.i.IntermediateProofReplayer Proof replay took 4.8ns 
108140     INFO  main            d.u.i.k.p.r.p.TestFile    ... finished proof: closed. 
108348     INFO  main            d.u.i.k.p.i.AbstractProblemLoader Loading environment from /home/runner/work/key/key/key.core/../key.ui/examples/heap/vstte10_05_Queue/LinkedList_inv.key.proof 
108348     DEBUG main            d.u.i.k.p.i.AbstractProblemLoader Environment load took 106.8ns 
108349     INFO  main            d.u.i.k.p.i.AbstractProblemLoader Creating init config 
110779     DEBUG main            d.u.i.k.p.i.AbstractProblemLoader Init config took 2.43s 
110833     INFO  main            d.u.i.k.p.i.AbstractProblemLoader Replaying proof LinkedList[java.lang.Object::<inv>()].JML accessible clause.0 
110853     DEBUG main            d.u.i.k.p.i.IntermediateProofReplayer Proof replay took 15.82ms 
110854     DEBUG main            d.u.i.k.p.r.p.TestFile    ... success: reloaded. 
110855     INFO  main            d.u.i.k.p.r.p.TestFile    Now processing file /home/runner/work/key/key/key.core/../key.ui/examples/heap/vstte10_05_Queue/LinkedList_length.key 
110855     INFO  main            d.u.i.k.p.i.AbstractProblemLoader Loading environment from /home/runner/work/key/key/key.core/../key.ui/examples/heap/vstte10_05_Queue/LinkedList_length.key 
110855     DEBUG main            d.u.i.k.p.i.AbstractProblemLoader Environment load took 186.5ns 
110856     INFO  main            d.u.i.k.p.i.AbstractProblemLoader Creating init config 
113352     DEBUG main            d.u.i.k.p.i.AbstractProblemLoader Init config took 2.5s 
113392     INFO  main            d.u.i.k.p.i.AbstractProblemLoader Replaying proof LinkedList[LinkedList::length()].JML normal_behavior operation contract.0 
113394     DEBUG main            d.u.i.k.p.i.IntermediateProofReplayer Proof replay took 4.8ns 
113495     INFO  main            d.u.i.k.p.r.p.TestFile    ... finished proof: closed. 
113691     INFO  main            d.u.i.k.p.i.AbstractProblemLoader Loading environment from /home/runner/work/key/key/key.core/../key.ui/examples/heap/vstte10_05_Queue/LinkedList_length.key.proof 
113692     DEBUG main            d.u.i.k.p.i.AbstractProblemLoader Environment load took 101.1ns 
113692     INFO  main            d.u.i.k.p.i.AbstractProblemLoader Creating init config 
116127     DEBUG main            d.u.i.k.p.i.AbstractProblemLoader Init config took 2.43s 
116166     INFO  main            d.u.i.k.p.i.AbstractProblemLoader Replaying proof LinkedList[LinkedList::length()].JML normal_behavior operation contract.0 
116176     DEBUG main            d.u.i.k.p.i.IntermediateProofReplayer Proof replay took 8.95ms 
116177     DEBUG main            d.u.i.k.p.r.p.TestFile    ... success: reloaded. 
116178     INFO  main            d.u.i.k.p.r.p.TestFile    Now processing file /home/runner/work/key/key/key.core/../key.ui/examples/heap/vstte10_05_Queue/LinkedList_LinkedList1.key 
116178     INFO  main            d.u.i.k.p.i.AbstractProblemLoader Loading environment from /home/runner/work/key/key/key.core/../key.ui/examples/heap/vstte10_05_Queue/LinkedList_LinkedList1.key 
116178     DEBUG main            d.u.i.k.p.i.AbstractProblemLoader Environment load took 70.1ns 
116179     INFO  main            d.u.i.k.p.i.AbstractProblemLoader Creating init config 
118632     DEBUG main            d.u.i.k.p.i.AbstractProblemLoader Init config took 2.45s 
118690     INFO  main            d.u.i.k.p.i.AbstractProblemLoader Replaying proof LinkedList[LinkedList::LinkedList(int,LinkedList)].JML normal_behavior operation contract.0 
118692     DEBUG main            d.u.i.k.p.i.IntermediateProofReplayer Proof replay took 4.8ns 
120499     INFO  main            d.u.i.k.p.r.p.TestFile    ... finished proof: closed. 
120729     INFO  main            d.u.i.k.p.i.AbstractProblemLoader Loading environment from /home/runner/work/key/key/key.core/../key.ui/examples/heap/vstte10_05_Queue/LinkedList_LinkedList1.key.proof 
120729     DEBUG main            d.u.i.k.p.i.AbstractProblemLoader Environment load took 370ns 
120731     INFO  main            d.u.i.k.p.i.AbstractProblemLoader Creating init config 
123163     DEBUG main            d.u.i.k.p.i.AbstractProblemLoader Init config took 2.43s 
123203     INFO  main            d.u.i.k.p.i.AbstractProblemLoader Replaying proof LinkedList[LinkedList::LinkedList(int,LinkedList)].JML normal_behavior operation contract.0 
123357     DEBUG main            d.u.i.k.p.i.IntermediateProofReplayer Proof replay took 147.72ms 
123358     DEBUG main            d.u.i.k.p.r.p.TestFile    ... success: reloaded. 
123360     INFO  main            d.u.i.k.p.r.p.TestFile    Now processing file /home/runner/work/key/key/key.core/../key.ui/examples/heap/vstte10_05_Queue/LinkedList_LinkedList2.key 
123360     INFO  main            d.u.i.k.p.i.AbstractProblemLoader Loading environment from /home/runner/work/key/key/key.core/../key.ui/examples/heap/vstte10_05_Queue/LinkedList_LinkedList2.key 
123360     DEBUG main            d.u.i.k.p.i.AbstractProblemLoader Environment load took 197.7ns 
123361     INFO  main            d.u.i.k.p.i.AbstractProblemLoader Creating init config 
125854     DEBUG main            d.u.i.k.p.i.AbstractProblemLoader Init config took 2.49s 
125894     INFO  main            d.u.i.k.p.i.AbstractProblemLoader Replaying proof LinkedList[LinkedList::LinkedList(int,LinkedList)].JML normal_behavior operation contract.0 
125895     DEBUG main            d.u.i.k.p.i.IntermediateProofReplayer Proof replay took 5.3ns 
127700     INFO  main            d.u.i.k.p.r.p.TestFile    ... finished proof: closed. 
127936     INFO  main            d.u.i.k.p.i.AbstractProblemLoader Loading environment from /home/runner/work/key/key/key.core/../key.ui/examples/heap/vstte10_05_Queue/LinkedList_LinkedList2.key.proof 
127936     DEBUG main            d.u.i.k.p.i.AbstractProblemLoader Environment load took 111.4ns 
127939     INFO  main            d.u.i.k.p.i.AbstractProblemLoader Creating init config 
130365     DEBUG main            d.u.i.k.p.i.AbstractProblemLoader Init config took 2.43s 
130404     INFO  main            d.u.i.k.p.i.AbstractProblemLoader Replaying proof LinkedList[LinkedList::LinkedList(int,LinkedList)].JML normal_behavior operation contract.0 
130554     DEBUG main            d.u.i.k.p.i.IntermediateProofReplayer Proof replay took 143.33ms 
130555     DEBUG main            d.u.i.k.p.r.p.TestFile    ... success: reloaded. 
130556     INFO  main            d.u.i.k.p.r.p.TestFile    Now processing file /home/runner/work/key/key/key.core/../key.ui/examples/heap/vstte10_05_Queue/LinkedList_LinkedList3.key 
130556     INFO  main            d.u.i.k.p.i.AbstractProblemLoader Loading environment from /home/runner/work/key/key/key.core/../key.ui/examples/heap/vstte10_05_Queue/LinkedList_LinkedList3.key 
130557     DEBUG main            d.u.i.k.p.i.AbstractProblemLoader Environment load took 230.6ns 
130558     INFO  main            d.u.i.k.p.i.AbstractProblemLoader Creating init config 
133057     DEBUG main            d.u.i.k.p.i.AbstractProblemLoader Init config took 2.5s 
133097     INFO  main            d.u.i.k.p.i.AbstractProblemLoader Replaying proof LinkedList[LinkedList::LinkedList(int,LinkedList)].JML normal_behavior operation contract.0 
133098     DEBUG main            d.u.i.k.p.i.IntermediateProofReplayer Proof replay took 5.7ns 
146713     INFO  main            d.u.i.k.p.r.p.TestFile    ... finished proof: closed. 
147005     INFO  main            d.u.i.k.p.i.AbstractProblemLoader Loading environment from /home/runner/work/key/key/key.core/../key.ui/examples/heap/vstte10_05_Queue/LinkedList_LinkedList3.key.proof 
147006     DEBUG main            d.u.i.k.p.i.AbstractProblemLoader Environment load took 159.4ns 
147011     INFO  main            d.u.i.k.p.i.AbstractProblemLoader Creating init config 
149431     DEBUG main            d.u.i.k.p.i.AbstractProblemLoader Init config took 2.42s 
149472     INFO  main            d.u.i.k.p.i.AbstractProblemLoader Replaying proof LinkedList[LinkedList::LinkedList(int,LinkedList)].JML normal_behavior operation contract.0 
150480     DEBUG main            d.u.i.k.p.i.IntermediateProofReplayer Proof replay took 927.29ms 
150490     DEBUG main            d.u.i.k.p.r.p.TestFile    ... success: reloaded. 
150491     INFO  main            d.u.i.k.p.r.p.TestFile    Now processing file /home/runner/work/key/key/key.core/../key.ui/examples/heap/vstte10_05_Queue/LinkedList_reverse.key 
150492     INFO  main            d.u.i.k.p.i.AbstractProblemLoader Loading environment from /home/runner/work/key/key/key.core/../key.ui/examples/heap/vstte10_05_Queue/LinkedList_reverse.key 
150492     DEBUG main            d.u.i.k.p.i.AbstractProblemLoader Environment load took 205.6ns 
150493     INFO  main            d.u.i.k.p.i.AbstractProblemLoader Creating init config 
152966     DEBUG main            d.u.i.k.p.i.AbstractProblemLoader Init config took 2.47s 
153007     INFO  main            d.u.i.k.p.i.AbstractProblemLoader Replaying proof LinkedList[LinkedList::reverse()].JML normal_behavior operation contract.0 
153008     DEBUG main            d.u.i.k.p.i.IntermediateProofReplayer Proof replay took 5.8ns 
161963     INFO  main            d.u.i.k.p.r.p.TestFile    ... finished proof: closed. 
162244     INFO  main            d.u.i.k.p.i.AbstractProblemLoader Loading environment from /home/runner/work/key/key/key.core/../key.ui/examples/heap/vstte10_05_Queue/LinkedList_reverse.key.proof 
162244     DEBUG main            d.u.i.k.p.i.AbstractProblemLoader Environment load took 449.1ns 
162246     INFO  main            d.u.i.k.p.i.AbstractProblemLoader Creating init config 
164652     DEBUG main            d.u.i.k.p.i.AbstractProblemLoader Init config took 2.41s 
164691     INFO  main            d.u.i.k.p.i.AbstractProblemLoader Replaying proof LinkedList[LinkedList::reverse()].JML normal_behavior operation contract.0 
165161     DEBUG main            d.u.i.k.p.i.IntermediateProofReplayer Proof replay took 443.6ms 
165164     DEBUG main            d.u.i.k.p.r.p.TestFile    ... success: reloaded. 
165165     INFO  main            d.u.i.k.p.r.p.TestFile    Now processing file /home/runner/work/key/key/key.core/../key.ui/examples/heap/vstte10_05_Queue/LinkedList_tail.key 
165166     INFO  main            d.u.i.k.p.i.AbstractProblemLoader Loading environment from /home/runner/work/key/key/key.core/../key.ui/examples/heap/vstte10_05_Queue/LinkedList_tail.key 
165166     DEBUG main            d.u.i.k.p.i.AbstractProblemLoader Environment load took 77.9ns 
165166     INFO  main            d.u.i.k.p.i.AbstractProblemLoader Creating init config 
167589     DEBUG main            d.u.i.k.p.i.AbstractProblemLoader Init config took 2.42s 
167628     INFO  main            d.u.i.k.p.i.AbstractProblemLoader Replaying proof LinkedList[LinkedList::tail()].JML normal_behavior operation contract.0 
167629     DEBUG main            d.u.i.k.p.i.IntermediateProofReplayer Proof replay took 41.5ns 
168133     INFO  main            d.u.i.k.p.r.p.TestFile    ... finished proof: closed. 
168380     INFO  main            d.u.i.k.p.i.AbstractProblemLoader Loading environment from /home/runner/work/key/key/key.core/../key.ui/examples/heap/vstte10_05_Queue/LinkedList_tail.key.proof 
168380     DEBUG main            d.u.i.k.p.i.AbstractProblemLoader Environment load took 103.2ns 
168382     INFO  main            d.u.i.k.p.i.AbstractProblemLoader Creating init config 
170829     DEBUG main            d.u.i.k.p.i.AbstractProblemLoader Init config took 2.45s 
170868     INFO  main            d.u.i.k.p.i.AbstractProblemLoader Replaying proof LinkedList[LinkedList::tail()].JML normal_behavior operation contract.0 
170934     DEBUG main            d.u.i.k.p.i.IntermediateProofReplayer Proof replay took 63.1ms 
170935     DEBUG main            d.u.i.k.p.r.p.TestFile    ... success: reloaded. 
2255537    INFO  Test worker     d.u.i.k.p.r.RunAllProofsTestUnit Returning from test VSTTE10 
2255538    INFO  Test worker     d.u.i.k.p.r.RunAllProofsTestUnit Running test WeideEtAl 
331        INFO  Timeout watchdog d.u.i.k.p.r.p.ForkedTestFileRunner Timeout watcher launched (2000 secs.) 
346        WARN  main            d.u.i.k.s.ProofSettings   The settings in /home/runner/.key/proof-settings.props are *not* read. 
372        INFO  main            d.u.i.k.p.r.p.TestFile    Now processing file /home/runner/work/key/key/key.core/../key.ui/examples/heap/WeideEtAl_01_AddAndMultiply/AddAndMultiply_add.key 
473        INFO  main            d.u.i.k.p.i.AbstractProblemLoader Loading environment from /home/runner/work/key/key/key.core/../key.ui/examples/heap/WeideEtAl_01_AddAndMultiply/AddAndMultiply_add.key 
493        DEBUG main            d.u.i.k.p.i.AbstractProblemLoader Environment load took 1.86ms 
698        INFO  main            d.u.i.k.p.i.AbstractProblemLoader Creating init config 
1590       DEBUG main            d.u.i.k.j.TypeConverter   No LDT found for Meta 
1594       DEBUG main            d.u.i.k.j.TypeConverter   No LDT found for Meta 
1598       DEBUG main            d.u.i.k.j.TypeConverter   No LDT found for Meta 
1598       DEBUG main            d.u.i.k.j.TypeConverter   No LDT found for Meta 
2776       DEBUG main            d.u.i.k.j.TypeConverter   No LDT found for JavaBigintExpression 
7570       DEBUG main            d.u.i.k.p.i.AbstractProblemLoader Init config took 6.87s 
7717       INFO  main            d.u.i.k.p.i.AbstractProblemLoader Replaying proof AddAndMultiply[AddAndMultiply::add(int,int)].JML normal_behavior operation contract.0 
7749       DEBUG main            d.u.i.k.p.i.IntermediateProofReplayer Proof replay took 30.5ns 
9428       INFO  main            d.u.i.k.p.r.p.TestFile    ... finished proof: closed. 
9557       INFO  main            d.u.i.k.p.i.AbstractProblemLoader Loading environment from /home/runner/work/key/key/key.core/../key.ui/examples/heap/WeideEtAl_01_AddAndMultiply/AddAndMultiply_add.key.proof 
9561       DEBUG main            d.u.i.k.p.i.AbstractProblemLoader Environment load took 4.05ms 
9563       INFO  main            d.u.i.k.p.i.AbstractProblemLoader Creating init config 
12234      DEBUG main            d.u.i.k.p.i.AbstractProblemLoader Init config took 2.67s 
12290      INFO  main            d.u.i.k.p.i.AbstractProblemLoader Replaying proof AddAndMultiply[AddAndMultiply::add(int,int)].JML normal_behavior operation contract.0 
12462      DEBUG main            d.u.i.k.p.i.IntermediateProofReplayer Proof replay took 162.68ms 
12469      DEBUG main            d.u.i.k.p.r.p.TestFile    ... success: reloaded. 
12470      INFO  main            d.u.i.k.p.r.p.TestFile    Now processing file /home/runner/work/key/key/key.core/../key.ui/examples/heap/WeideEtAl_01_AddAndMultiply/AddAndMultiply_mul.key 
12471      INFO  main            d.u.i.k.p.i.AbstractProblemLoader Loading environment from /home/runner/work/key/key/key.core/../key.ui/examples/heap/WeideEtAl_01_AddAndMultiply/AddAndMultiply_mul.key 
12471      DEBUG main            d.u.i.k.p.i.AbstractProblemLoader Environment load took 210.6ns 
12472      INFO  main            d.u.i.k.p.i.AbstractProblemLoader Creating init config 
15065      DEBUG main            d.u.i.k.p.i.AbstractProblemLoader Init config took 2.59s 
15131      INFO  main            d.u.i.k.p.i.AbstractProblemLoader Replaying proof AddAndMultiply[AddAndMultiply::mul(int,int)].JML normal_behavior operation contract.0 
15137      DEBUG main            d.u.i.k.p.i.IntermediateProofReplayer Proof replay took 5.3ns 
15641      INFO  main            d.u.i.k.p.r.p.TestFile    ... finished proof: closed. 
15777      INFO  main            d.u.i.k.p.i.AbstractProblemLoader Loading environment from /home/runner/work/key/key/key.core/../key.ui/examples/heap/WeideEtAl_01_AddAndMultiply/AddAndMultiply_mul.key.proof 
15778      DEBUG main            d.u.i.k.p.i.AbstractProblemLoader Environment load took 389.3ns 
15781      INFO  main            d.u.i.k.p.i.AbstractProblemLoader Creating init config 
18335      DEBUG main            d.u.i.k.p.i.AbstractProblemLoader Init config took 2.55s 
18401      INFO  main            d.u.i.k.p.i.AbstractProblemLoader Replaying proof AddAndMultiply[AddAndMultiply::mul(int,int)].JML normal_behavior operation contract.0 
18504      DEBUG main            d.u.i.k.p.i.IntermediateProofReplayer Proof replay took 95.1ms 
18505      DEBUG main            d.u.i.k.p.r.p.TestFile    ... success: reloaded. 
18507      INFO  main            d.u.i.k.p.r.p.TestFile    Now processing file /home/runner/work/key/key/key.core/../key.ui/examples/heap/WeideEtAl_02_BinarySearch/BinarySearch_search.key 
18507      INFO  main            d.u.i.k.p.i.AbstractProblemLoader Loading environment from /home/runner/work/key/key/key.core/../key.ui/examples/heap/WeideEtAl_02_BinarySearch/BinarySearch_search.key 
18508      DEBUG main            d.u.i.k.p.i.AbstractProblemLoader Environment load took 214.3ns 
18509      INFO  main            d.u.i.k.p.i.AbstractProblemLoader Creating init config 
21129      DEBUG main            d.u.i.k.p.i.AbstractProblemLoader Init config took 2.62s 
21175      INFO  main            d.u.i.k.p.i.AbstractProblemLoader Replaying proof BinarySearch[BinarySearch::search([I,int)].JML normal_behavior operation contract.0 
21179      DEBUG main            d.u.i.k.p.i.IntermediateProofReplayer Proof replay took 5.5ns 
24209      INFO  main            d.u.i.k.p.r.p.TestFile    ... finished proof: closed. 
24374      INFO  main            d.u.i.k.p.i.AbstractProblemLoader Loading environment from /home/runner/work/key/key/key.core/../key.ui/examples/heap/WeideEtAl_02_BinarySearch/BinarySearch_search.key.proof 
24374      DEBUG main            d.u.i.k.p.i.AbstractProblemLoader Environment load took 119.6ns 
24383      INFO  main            d.u.i.k.p.i.AbstractProblemLoader Creating init config 
26894      DEBUG main            d.u.i.k.p.i.AbstractProblemLoader Init config took 2.51s 
26936      INFO  main            d.u.i.k.p.i.AbstractProblemLoader Replaying proof BinarySearch[BinarySearch::search([I,int)].JML normal_behavior operation contract.0 
27279      DEBUG main            d.u.i.k.p.i.IntermediateProofReplayer Proof replay took 322.08ms 
27280      DEBUG main            d.u.i.k.p.r.p.TestFile    ... success: reloaded. 
2282995    INFO  Test worker     d.u.i.k.p.r.RunAllProofsTestUnit Returning from test WeideEtAl 
2282996    INFO  Test worker     d.u.i.k.p.r.RunAllProofsTestUnit Running test arithmetic 
333        INFO  Timeout watchdog d.u.i.k.p.r.p.ForkedTestFileRunner Timeout watcher launched (2000 secs.) 
344        WARN  main            d.u.i.k.s.ProofSettings   The settings in /home/runner/.key/proof-settings.props are *not* read. 
369        INFO  main            d.u.i.k.p.r.p.TestFile    Now processing file /home/runner/work/key/key/key.core/../key.ui/examples/standard_key/arith/binomial1.key 
505        INFO  main            d.u.i.k.p.i.AbstractProblemLoader Loading environment from /home/runner/work/key/key/key.core/../key.ui/examples/standard_key/arith/binomial1.key 
526        DEBUG main            d.u.i.k.p.i.AbstractProblemLoader Environment load took 2.13ms 
743        INFO  main            d.u.i.k.p.i.AbstractProblemLoader Creating init config 
1571       DEBUG main            d.u.i.k.j.TypeConverter   No LDT found for Meta 
1574       DEBUG main            d.u.i.k.j.TypeConverter   No LDT found for Meta 
1575       DEBUG main            d.u.i.k.j.TypeConverter   No LDT found for Meta 
1579       DEBUG main            d.u.i.k.j.TypeConverter   No LDT found for Meta 
2637       DEBUG main            d.u.i.k.j.TypeConverter   No LDT found for JavaBigintExpression 
7348       DEBUG main            d.u.i.k.p.i.AbstractProblemLoader Init config took 6.6s 
7414       INFO  main            d.u.i.k.p.i.AbstractProblemLoader Replaying proof binomial1.key 
7443       DEBUG main            d.u.i.k.p.i.IntermediateProofReplayer Proof replay took 31.5ns 
7700       INFO  main            d.u.i.k.p.r.p.TestFile    ... finished proof: closed. 
7790       INFO  main            d.u.i.k.p.i.AbstractProblemLoader Loading environment from /home/runner/work/key/key/key.core/../key.ui/examples/standard_key/arith/binomial1.key.proof 
7790       DEBUG main            d.u.i.k.p.i.AbstractProblemLoader Environment load took 401.7ns 
7794       INFO  main            d.u.i.k.p.i.AbstractProblemLoader Creating init config 
10629      DEBUG main            d.u.i.k.p.i.AbstractProblemLoader Init config took 2.84s 
10681      INFO  main            d.u.i.k.p.i.AbstractProblemLoader Replaying proof binomial1.key.proof 
10694      DEBUG main            d.u.i.k.p.i.IntermediateProofReplayer Proof replay took 8.87ms 
10707      DEBUG main            d.u.i.k.p.r.p.TestFile    ... success: reloaded. 
10711      INFO  main            d.u.i.k.p.r.p.TestFile    Now processing file /home/runner/work/key/key/key.core/../key.ui/examples/standard_key/arith/binomial2.key 
10711      INFO  main            d.u.i.k.p.i.AbstractProblemLoader Loading environment from /home/runner/work/key/key/key.core/../key.ui/examples/standard_key/arith/binomial2.key 
10712      DEBUG main            d.u.i.k.p.i.AbstractProblemLoader Environment load took 211.9ns 
10715      INFO  main            d.u.i.k.p.i.AbstractProblemLoader Creating init config 
13454      DEBUG main            d.u.i.k.p.i.AbstractProblemLoader Init config took 2.74s 
13482      INFO  main            d.u.i.k.p.i.AbstractProblemLoader Replaying proof binomial2.key 
13485      DEBUG main            d.u.i.k.p.i.IntermediateProofReplayer Proof replay took 5.9ns 
13591      INFO  main            d.u.i.k.p.r.p.TestFile    ... finished proof: closed. 
13742      INFO  main            d.u.i.k.p.i.AbstractProblemLoader Loading environment from /home/runner/work/key/key/key.core/../key.ui/examples/standard_key/arith/binomial2.key.proof 
13742      DEBUG main            d.u.i.k.p.i.AbstractProblemLoader Environment load took 125ns 
13743      INFO  main            d.u.i.k.p.i.AbstractProblemLoader Creating init config 
16386      DEBUG main            d.u.i.k.p.i.AbstractProblemLoader Init config took 2.64s 
16409      INFO  main            d.u.i.k.p.i.AbstractProblemLoader Replaying proof binomial2.key.proof 
16417      DEBUG main            d.u.i.k.p.i.IntermediateProofReplayer Proof replay took 6.3ms 
16418      DEBUG main            d.u.i.k.p.r.p.TestFile    ... success: reloaded. 
16419      INFO  main            d.u.i.k.p.r.p.TestFile    Now processing file /home/runner/work/key/key/key.core/../key.ui/examples/standard_key/arith/check_jdiv.key 
16420      INFO  main            d.u.i.k.p.i.AbstractProblemLoader Loading environment from /home/runner/work/key/key/key.core/../key.ui/examples/standard_key/arith/check_jdiv.key 
16420      DEBUG main            d.u.i.k.p.i.AbstractProblemLoader Environment load took 216.7ns 
16422      INFO  main            d.u.i.k.p.i.AbstractProblemLoader Creating init config 
19063      DEBUG main            d.u.i.k.p.i.AbstractProblemLoader Init config took 2.64s 
19084      INFO  main            d.u.i.k.p.i.AbstractProblemLoader Replaying proof check_jdiv.key 
19087      DEBUG main            d.u.i.k.p.i.IntermediateProofReplayer Proof replay took 5.9ns 
24547      INFO  main            d.u.i.k.p.r.p.TestFile    ... finished proof: closed. 
24736      INFO  main            d.u.i.k.p.i.AbstractProblemLoader Loading environment from /home/runner/work/key/key/key.core/../key.ui/examples/standard_key/arith/check_jdiv.key.proof 
24737      DEBUG main            d.u.i.k.p.i.AbstractProblemLoader Environment load took 396.2ns 
24739      INFO  main            d.u.i.k.p.i.AbstractProblemLoader Creating init config 
27308      DEBUG main            d.u.i.k.p.i.AbstractProblemLoader Init config took 2.57s 
27328      INFO  main            d.u.i.k.p.i.AbstractProblemLoader Replaying proof check_jdiv.key.proof 
27627      DEBUG main            d.u.i.k.p.i.IntermediateProofReplayer Proof replay took 261.24ms 
27629      DEBUG main            d.u.i.k.p.r.p.TestFile    ... success: reloaded. 
27630      INFO  main            d.u.i.k.p.r.p.TestFile    Now processing file /home/runner/work/key/key/key.core/../key.ui/examples/standard_key/arith/check_jdiv_concrete.key 
27631      INFO  main            d.u.i.k.p.i.AbstractProblemLoader Loading environment from /home/runner/work/key/key/key.core/../key.ui/examples/standard_key/arith/check_jdiv_concrete.key 
27631      DEBUG main            d.u.i.k.p.i.AbstractProblemLoader Environment load took 95.9ns 
27633      INFO  main            d.u.i.k.p.i.AbstractProblemLoader Creating init config 
30266      DEBUG main            d.u.i.k.p.i.AbstractProblemLoader Init config took 2.63s 
30288      INFO  main            d.u.i.k.p.i.AbstractProblemLoader Replaying proof check_jdiv_concrete.key 
30292      DEBUG main            d.u.i.k.p.i.IntermediateProofReplayer Proof replay took 5.5ns 
30397      INFO  main            d.u.i.k.p.r.p.TestFile    ... finished proof: closed. 
30613      INFO  main            d.u.i.k.p.i.AbstractProblemLoader Loading environment from /home/runner/work/key/key/key.core/../key.ui/examples/standard_key/arith/check_jdiv_concrete.key.proof 
30613      DEBUG main            d.u.i.k.p.i.AbstractProblemLoader Environment load took 105.9ns 
30614      INFO  main            d.u.i.k.p.i.AbstractProblemLoader Creating init config 
33211      DEBUG main            d.u.i.k.p.i.AbstractProblemLoader Init config took 2.6s 
33231      INFO  main            d.u.i.k.p.i.AbstractProblemLoader Replaying proof check_jdiv_concrete.key.proof 
33235      DEBUG main            d.u.i.k.p.i.IntermediateProofReplayer Proof replay took 2.34ms 
33237      DEBUG main            d.u.i.k.p.r.p.TestFile    ... success: reloaded. 
33238      INFO  main            d.u.i.k.p.r.p.TestFile    Now processing file /home/runner/work/key/key/key.core/../key.ui/examples/standard_key/arith/check_jdiv_instantiated.key 
33238      INFO  main            d.u.i.k.p.i.AbstractProblemLoader Loading environment from /home/runner/work/key/key/key.core/../key.ui/examples/standard_key/arith/check_jdiv_instantiated.key 
33238      DEBUG main            d.u.i.k.p.i.AbstractProblemLoader Environment load took 188ns 
33240      INFO  main            d.u.i.k.p.i.AbstractProblemLoader Creating init config 
35780      DEBUG main            d.u.i.k.p.i.AbstractProblemLoader Init config took 2.54s 
35798      INFO  main            d.u.i.k.p.i.AbstractProblemLoader Replaying proof check_jdiv_instantiated.key 
35800      DEBUG main            d.u.i.k.p.i.IntermediateProofReplayer Proof replay took 5.6ns 
39124      INFO  main            d.u.i.k.p.r.p.TestFile    ... finished proof: closed. 
39307      INFO  main            d.u.i.k.p.i.AbstractProblemLoader Loading environment from /home/runner/work/key/key/key.core/../key.ui/examples/standard_key/arith/check_jdiv_instantiated.key.proof 
39310      DEBUG main            d.u.i.k.p.i.AbstractProblemLoader Environment load took 3.65ms 
39314      INFO  main            d.u.i.k.p.i.AbstractProblemLoader Creating init config 
41861      DEBUG main            d.u.i.k.p.i.AbstractProblemLoader Init config took 2.55s 
41880      INFO  main            d.u.i.k.p.i.AbstractProblemLoader Replaying proof check_jdiv_instantiated.key.proof 
42018      DEBUG main            d.u.i.k.p.i.IntermediateProofReplayer Proof replay took 111.62ms 
42020      DEBUG main            d.u.i.k.p.r.p.TestFile    ... success: reloaded. 
42021      INFO  main            d.u.i.k.p.r.p.TestFile    Now processing file /home/runner/work/key/key/key.core/../key.ui/examples/standard_key/arith/check_jmod.key 
42021      INFO  main            d.u.i.k.p.i.AbstractProblemLoader Loading environment from /home/runner/work/key/key/key.core/../key.ui/examples/standard_key/arith/check_jmod.key 
42022      DEBUG main            d.u.i.k.p.i.AbstractProblemLoader Environment load took 137.9ns 
42023      INFO  main            d.u.i.k.p.i.AbstractProblemLoader Creating init config 
44609      DEBUG main            d.u.i.k.p.i.AbstractProblemLoader Init config took 2.59s 
44627      INFO  main            d.u.i.k.p.i.AbstractProblemLoader Replaying proof check_jmod.key 
44629      DEBUG main            d.u.i.k.p.i.IntermediateProofReplayer Proof replay took 19.7ns 
45233      INFO  main            d.u.i.k.p.r.p.TestFile    ... finished proof: closed. 
45421      INFO  main            d.u.i.k.p.i.AbstractProblemLoader Loading environment from /home/runner/work/key/key/key.core/../key.ui/examples/standard_key/arith/check_jmod.key.proof 
45421      DEBUG main            d.u.i.k.p.i.AbstractProblemLoader Environment load took 373.1ns 
45423      INFO  main            d.u.i.k.p.i.AbstractProblemLoader Creating init config 
47957      DEBUG main            d.u.i.k.p.i.AbstractProblemLoader Init config took 2.53s 
47975      INFO  main            d.u.i.k.p.i.AbstractProblemLoader Replaying proof check_jmod.key.proof 
48006      DEBUG main            d.u.i.k.p.i.IntermediateProofReplayer Proof replay took 24.04ms 
48007      DEBUG main            d.u.i.k.p.r.p.TestFile    ... success: reloaded. 
48008      INFO  main            d.u.i.k.p.r.p.TestFile    Now processing file /home/runner/work/key/key/key.core/../key.ui/examples/standard_key/arith/complexExpressions.key 
48008      INFO  main            d.u.i.k.p.i.AbstractProblemLoader Loading environment from /home/runner/work/key/key/key.core/../key.ui/examples/standard_key/arith/complexExpressions.key 
48008      DEBUG main            d.u.i.k.p.i.AbstractProblemLoader Environment load took 199.6ns 
48009      INFO  main            d.u.i.k.p.i.AbstractProblemLoader Creating init config 
50545      DEBUG main            d.u.i.k.p.i.AbstractProblemLoader Init config took 2.54s 
50564      INFO  main            d.u.i.k.p.i.AbstractProblemLoader Replaying proof complexExpressions.key 
50565      DEBUG main            d.u.i.k.p.i.IntermediateProofReplayer Proof replay took 5.6ns 
50673      INFO  main            d.u.i.k.p.r.p.TestFile    ... finished proof: closed. 
50850      INFO  main            d.u.i.k.p.i.AbstractProblemLoader Loading environment from /home/runner/work/key/key/key.core/../key.ui/examples/standard_key/arith/complexExpressions.key.proof 
50850      DEBUG main            d.u.i.k.p.i.AbstractProblemLoader Environment load took 106.1ns 
50851      INFO  main            d.u.i.k.p.i.AbstractProblemLoader Creating init config 
53388      DEBUG main            d.u.i.k.p.i.AbstractProblemLoader Init config took 2.54s 
53405      INFO  main            d.u.i.k.p.i.AbstractProblemLoader Replaying proof complexExpressions.key.proof 
53413      DEBUG main            d.u.i.k.p.i.IntermediateProofReplayer Proof replay took 5.87ms 
53414      DEBUG main            d.u.i.k.p.r.p.TestFile    ... success: reloaded. 
53414      INFO  main            d.u.i.k.p.r.p.TestFile    Now processing file /home/runner/work/key/key/key.core/../key.ui/examples/standard_key/arith/compound_unaryMinus.key 
53415      INFO  main            d.u.i.k.p.i.AbstractProblemLoader Loading environment from /home/runner/work/key/key/key.core/../key.ui/examples/standard_key/arith/compound_unaryMinus.key 
53415      DEBUG main            d.u.i.k.p.i.AbstractProblemLoader Environment load took 180.8ns 
53416      INFO  main            d.u.i.k.p.i.AbstractProblemLoader Creating init config 
55942      DEBUG main            d.u.i.k.p.i.AbstractProblemLoader Init config took 2.53s 
55960      INFO  main            d.u.i.k.p.i.AbstractProblemLoader Replaying proof compound_unaryMinus.key 
55961      DEBUG main            d.u.i.k.p.i.IntermediateProofReplayer Proof replay took 6.1ns 
56065      INFO  main            d.u.i.k.p.r.p.TestFile    ... finished proof: closed. 
56215      INFO  main            d.u.i.k.p.i.AbstractProblemLoader Loading environment from /home/runner/work/key/key/key.core/../key.ui/examples/standard_key/arith/compound_unaryMinus.key.proof 
56215      DEBUG main            d.u.i.k.p.i.AbstractProblemLoader Environment load took 106.7ns 
56216      INFO  main            d.u.i.k.p.i.AbstractProblemLoader Creating init config 
58743      DEBUG main            d.u.i.k.p.i.AbstractProblemLoader Init config took 2.53s 
58760      INFO  main            d.u.i.k.p.i.AbstractProblemLoader Replaying proof compound_unaryMinus.key.proof 
58764      DEBUG main            d.u.i.k.p.i.IntermediateProofReplayer Proof replay took 2.84ms 
58765      DEBUG main            d.u.i.k.p.r.p.TestFile    ... success: reloaded. 
58765      INFO  main            d.u.i.k.p.r.p.TestFile    Now processing file /home/runner/work/key/key/key.core/../key.ui/examples/standard_key/arith/computation.key 
58766      INFO  main            d.u.i.k.p.i.AbstractProblemLoader Loading environment from /home/runner/work/key/key/key.core/../key.ui/examples/standard_key/arith/computation.key 
58766      DEBUG main            d.u.i.k.p.i.AbstractProblemLoader Environment load took 72ns 
58767      INFO  main            d.u.i.k.p.i.AbstractProblemLoader Creating init config 
61284      DEBUG main            d.u.i.k.p.i.AbstractProblemLoader Init config took 2.52s 
61301      INFO  main            d.u.i.k.p.i.AbstractProblemLoader Replaying proof computation.key 
61303      DEBUG main            d.u.i.k.p.i.IntermediateProofReplayer Proof replay took 5.7ns 
62715      INFO  main            d.u.i.k.p.r.p.TestFile    ... finished proof: closed. 
62926      INFO  main            d.u.i.k.p.i.AbstractProblemLoader Loading environment from /home/runner/work/key/key/key.core/../key.ui/examples/standard_key/arith/computation.key.proof 
62930      DEBUG main            d.u.i.k.p.i.AbstractProblemLoader Environment load took 4.19ms 
62931      INFO  main            d.u.i.k.p.i.AbstractProblemLoader Creating init config 
65441      DEBUG main            d.u.i.k.p.i.AbstractProblemLoader Init config took 2.51s 
65458      INFO  main            d.u.i.k.p.i.AbstractProblemLoader Replaying proof computation.key.proof 
65519      DEBUG main            d.u.i.k.p.i.IntermediateProofReplayer Proof replay took 56.11ms 
65520      DEBUG main            d.u.i.k.p.r.p.TestFile    ... success: reloaded. 
65521      INFO  main            d.u.i.k.p.r.p.TestFile    Now processing file /home/runner/work/key/key/key.core/../key.ui/examples/standard_key/arith/cubicSum.key 
65521      INFO  main            d.u.i.k.p.i.AbstractProblemLoader Loading environment from /home/runner/work/key/key/key.core/../key.ui/examples/standard_key/arith/cubicSum.key 
65522      DEBUG main            d.u.i.k.p.i.AbstractProblemLoader Environment load took 84.6ns 
65523      INFO  main            d.u.i.k.p.i.AbstractProblemLoader Creating init config 
68131      DEBUG main            d.u.i.k.p.i.AbstractProblemLoader Init config took 2.61s 
68149      INFO  main            d.u.i.k.p.i.AbstractProblemLoader Replaying proof cubicSum.key 
68150      DEBUG main            d.u.i.k.p.i.IntermediateProofReplayer Proof replay took 5.1ns 
69079      INFO  main            d.u.i.k.p.r.p.TestFile    ... finished proof: closed. 
69320      INFO  main            d.u.i.k.p.i.AbstractProblemLoader Loading environment from /home/runner/work/key/key/key.core/../key.ui/examples/standard_key/arith/cubicSum.key.proof 
69321      DEBUG main            d.u.i.k.p.i.AbstractProblemLoader Environment load took 1.31ms 
69323      INFO  main            d.u.i.k.p.i.AbstractProblemLoader Creating init config 
71925      DEBUG main            d.u.i.k.p.i.AbstractProblemLoader Init config took 2.6s 
71943      INFO  main            d.u.i.k.p.i.AbstractProblemLoader Replaying proof cubicSum.key.proof 
72009      DEBUG main            d.u.i.k.p.i.IntermediateProofReplayer Proof replay took 62.9ms 
72013      DEBUG main            d.u.i.k.p.r.p.TestFile    ... success: reloaded. 
72014      INFO  main            d.u.i.k.p.r.p.TestFile    Now processing file /home/runner/work/key/key/key.core/../key.ui/examples/standard_key/arith/divByZero.key 
72014      INFO  main            d.u.i.k.p.i.AbstractProblemLoader Loading environment from /home/runner/work/key/key/key.core/../key.ui/examples/standard_key/arith/divByZero.key 
72014      DEBUG main            d.u.i.k.p.i.AbstractProblemLoader Environment load took 181.4ns 
72015      INFO  main            d.u.i.k.p.i.AbstractProblemLoader Creating init config 
74557      DEBUG main            d.u.i.k.p.i.AbstractProblemLoader Init config took 2.54s 
74572      INFO  main            d.u.i.k.p.i.AbstractProblemLoader Replaying proof divByZero.key 
74573      DEBUG main            d.u.i.k.p.i.IntermediateProofReplayer Proof replay took 4.9ns 
74778      INFO  main            d.u.i.k.p.r.p.TestFile    ... finished proof: closed. 
75053      INFO  main            d.u.i.k.p.i.AbstractProblemLoader Loading environment from /home/runner/work/key/key/key.core/../key.ui/examples/standard_key/arith/divByZero.key.proof 
75054      DEBUG main            d.u.i.k.p.i.AbstractProblemLoader Environment load took 107.8ns 
75055      INFO  main            d.u.i.k.p.i.AbstractProblemLoader Creating init config 
77557      DEBUG main            d.u.i.k.p.i.AbstractProblemLoader Init config took 2.5s 
77572      INFO  main            d.u.i.k.p.i.AbstractProblemLoader Replaying proof divByZero.key.proof 
77598      DEBUG main            d.u.i.k.p.i.IntermediateProofReplayer Proof replay took 24.14ms 
77599      DEBUG main            d.u.i.k.p.r.p.TestFile    ... success: reloaded. 
77600      INFO  main            d.u.i.k.p.r.p.TestFile    Now processing file /home/runner/work/key/key/key.core/../key.ui/examples/standard_key/arith/divisionAssoc.key 
77600      INFO  main            d.u.i.k.p.i.AbstractProblemLoader Loading environment from /home/runner/work/key/key/key.core/../key.ui/examples/standard_key/arith/divisionAssoc.key 
77600      DEBUG main            d.u.i.k.p.i.AbstractProblemLoader Environment load took 83.9ns 
77601      INFO  main            d.u.i.k.p.i.AbstractProblemLoader Creating init config 
80120      DEBUG main            d.u.i.k.p.i.AbstractProblemLoader Init config took 2.52s 
80135      INFO  main            d.u.i.k.p.i.AbstractProblemLoader Replaying proof divisionAssoc.key 
80136      DEBUG main            d.u.i.k.p.i.IntermediateProofReplayer Proof replay took 6.4ns 
80845      INFO  main            d.u.i.k.p.r.p.TestFile    ... finished proof: closed. 
81110      INFO  main            d.u.i.k.p.i.AbstractProblemLoader Loading environment from /home/runner/work/key/key/key.core/../key.ui/examples/standard_key/arith/divisionAssoc.key.proof 
81111      DEBUG main            d.u.i.k.p.i.AbstractProblemLoader Environment load took 379.7ns 
81112      INFO  main            d.u.i.k.p.i.AbstractProblemLoader Creating init config 
83611      DEBUG main            d.u.i.k.p.i.AbstractProblemLoader Init config took 2.5s 
83626      INFO  main            d.u.i.k.p.i.AbstractProblemLoader Replaying proof divisionAssoc.key.proof 
83660      DEBUG main            d.u.i.k.p.i.IntermediateProofReplayer Proof replay took 28.51ms 
83661      DEBUG main            d.u.i.k.p.r.p.TestFile    ... success: reloaded. 
83662      INFO  main            d.u.i.k.p.r.p.TestFile    Now processing file /home/runner/work/key/key/key.core/../key.ui/examples/standard_key/arith/divisionBy2.key 
83662      INFO  main            d.u.i.k.p.i.AbstractProblemLoader Loading environment from /home/runner/work/key/key/key.core/../key.ui/examples/standard_key/arith/divisionBy2.key 
83662      DEBUG main            d.u.i.k.p.i.AbstractProblemLoader Environment load took 86.9ns 
83663      INFO  main            d.u.i.k.p.i.AbstractProblemLoader Creating init config 
86198      DEBUG main            d.u.i.k.p.i.AbstractProblemLoader Init config took 2.53s 
86211      INFO  main            d.u.i.k.p.i.AbstractProblemLoader Replaying proof divisionBy2.key 
86213      DEBUG main            d.u.i.k.p.i.IntermediateProofReplayer Proof replay took 6.1ns 
86317      INFO  main            d.u.i.k.p.r.p.TestFile    ... finished proof: closed. 
86514      INFO  main            d.u.i.k.p.i.AbstractProblemLoader Loading environment from /home/runner/work/key/key/key.core/../key.ui/examples/standard_key/arith/divisionBy2.key.proof 
86514      DEBUG main            d.u.i.k.p.i.AbstractProblemLoader Environment load took 104.4ns 
86515      INFO  main            d.u.i.k.p.i.AbstractProblemLoader Creating init config 
88969      DEBUG main            d.u.i.k.p.i.AbstractProblemLoader Init config took 2.45s 
88983      INFO  main            d.u.i.k.p.i.AbstractProblemLoader Replaying proof divisionBy2.key.proof 
88988      DEBUG main            d.u.i.k.p.i.IntermediateProofReplayer Proof replay took 3.52ms 
88989      DEBUG main            d.u.i.k.p.r.p.TestFile    ... success: reloaded. 
88989      INFO  main            d.u.i.k.p.r.p.TestFile    Now processing file /home/runner/work/key/key/key.core/../key.ui/examples/standard_key/arith/euclidean/gcdHelp-post.key 
88990      INFO  main            d.u.i.k.p.i.AbstractProblemLoader Loading environment from /home/runner/work/key/key/key.core/../key.ui/examples/standard_key/arith/euclidean/gcdHelp-post.key 
88990      DEBUG main            d.u.i.k.p.i.AbstractProblemLoader Environment load took 85.2ns 
88991      INFO  main            d.u.i.k.p.i.AbstractProblemLoader Creating init config 
91687      DEBUG main            d.u.i.k.p.i.AbstractProblemLoader Init config took 2.7s 
91702      INFO  main            d.u.i.k.p.i.AbstractProblemLoader Replaying proof gcdHelp-post.key 
91703      DEBUG main            d.u.i.k.p.i.IntermediateProofReplayer Proof replay took 5.4ns 
95052      INFO  main            d.u.i.k.p.r.p.TestFile    ... finished proof: closed. 
95330      INFO  main            d.u.i.k.p.i.AbstractProblemLoader Loading environment from /home/runner/work/key/key/key.core/../key.ui/examples/standard_key/arith/euclidean/gcdHelp-post.key.proof 
95330      DEBUG main            d.u.i.k.p.i.AbstractProblemLoader Environment load took 385.2ns 
95332      INFO  main            d.u.i.k.p.i.AbstractProblemLoader Creating init config 
97892      DEBUG main            d.u.i.k.p.i.AbstractProblemLoader Init config took 2.56s 
97907      INFO  main            d.u.i.k.p.i.AbstractProblemLoader Replaying proof gcdHelp-post.key.proof 
98054      DEBUG main            d.u.i.k.p.i.IntermediateProofReplayer Proof replay took 135.48ms 
98055      DEBUG main            d.u.i.k.p.r.p.TestFile    ... success: reloaded. 
98057      INFO  main            d.u.i.k.p.r.p.TestFile    Now processing file /home/runner/work/key/key/key.core/../key.ui/examples/standard_key/arith/gemplusDecimal/add.key 
98057      INFO  main            d.u.i.k.p.i.AbstractProblemLoader Loading environment from /home/runner/work/key/key/key.core/../key.ui/examples/standard_key/arith/gemplusDecimal/add.key 
98057      DEBUG main            d.u.i.k.p.i.AbstractProblemLoader Environment load took 185.3ns 
98059      INFO  main            d.u.i.k.p.i.AbstractProblemLoader Creating init config 
100633     DEBUG main            d.u.i.k.p.i.AbstractProblemLoader Init config took 2.57s 
100650     INFO  main            d.u.i.k.p.i.AbstractProblemLoader Replaying proof add.key 
100652     DEBUG main            d.u.i.k.p.i.IntermediateProofReplayer Proof replay took 5.8ns 
143947     INFO  main            d.u.i.k.p.r.p.TestFile    ... finished proof: closed. 
144312     INFO  main            d.u.i.k.p.i.AbstractProblemLoader Loading environment from /home/runner/work/key/key/key.core/../key.ui/examples/standard_key/arith/gemplusDecimal/add.key.proof 
144312     DEBUG main            d.u.i.k.p.i.AbstractProblemLoader Environment load took 399.2ns 
144319     INFO  main            d.u.i.k.p.i.AbstractProblemLoader Creating init config 
146837     DEBUG main            d.u.i.k.p.i.AbstractProblemLoader Init config took 2.52s 
146853     INFO  main            d.u.i.k.p.i.AbstractProblemLoader Replaying proof add.key.proof 
148751     DEBUG main            d.u.i.k.p.i.IntermediateProofReplayer Proof replay took 1.73s 
148758     DEBUG main            d.u.i.k.p.r.p.TestFile    ... success: reloaded. 
148759     INFO  main            d.u.i.k.p.r.p.TestFile    Now processing file /home/runner/work/key/key/key.core/../key.ui/examples/standard_key/arith/jdivevenodd.key 
148759     INFO  main            d.u.i.k.p.i.AbstractProblemLoader Loading environment from /home/runner/work/key/key/key.core/../key.ui/examples/standard_key/arith/jdivevenodd.key 
148759     DEBUG main            d.u.i.k.p.i.AbstractProblemLoader Environment load took 196.6ns 
148760     INFO  main            d.u.i.k.p.i.AbstractProblemLoader Creating init config 
151301     DEBUG main            d.u.i.k.p.i.AbstractProblemLoader Init config took 2.54s 
151314     INFO  main            d.u.i.k.p.i.AbstractProblemLoader Replaying proof jdivevenodd.key 
151315     DEBUG main            d.u.i.k.p.i.IntermediateProofReplayer Proof replay took 5.2ns 
151518     INFO  main            d.u.i.k.p.r.p.TestFile    ... finished proof: closed. 
151846     INFO  main            d.u.i.k.p.i.AbstractProblemLoader Loading environment from /home/runner/work/key/key/key.core/../key.ui/examples/standard_key/arith/jdivevenodd.key.proof 
151847     DEBUG main            d.u.i.k.p.i.AbstractProblemLoader Environment load took 695.89ns 
151848     INFO  main            d.u.i.k.p.i.AbstractProblemLoader Creating init config 
154339     DEBUG main            d.u.i.k.p.i.AbstractProblemLoader Init config took 2.49s 
154352     INFO  main            d.u.i.k.p.i.AbstractProblemLoader Replaying proof jdivevenodd.key.proof 
154362     DEBUG main            d.u.i.k.p.i.IntermediateProofReplayer Proof replay took 6.68ms 
154362     DEBUG main            d.u.i.k.p.r.p.TestFile    ... success: reloaded. 
154363     INFO  main            d.u.i.k.p.r.p.TestFile    Now processing file /home/runner/work/key/key/key.core/../key.ui/examples/standard_key/arith/median.key 
154364     INFO  main            d.u.i.k.p.i.AbstractProblemLoader Loading environment from /home/runner/work/key/key/key.core/../key.ui/examples/standard_key/arith/median.key 
154364     DEBUG main            d.u.i.k.p.i.AbstractProblemLoader Environment load took 209.1ns 
154365     INFO  main            d.u.i.k.p.i.AbstractProblemLoader Creating init config 
156824     DEBUG main            d.u.i.k.p.i.AbstractProblemLoader Init config took 2.46s 
156838     INFO  main            d.u.i.k.p.i.AbstractProblemLoader Replaying proof median.key 
156840     DEBUG main            d.u.i.k.p.i.IntermediateProofReplayer Proof replay took 6.2ns 
171528     INFO  main            d.u.i.k.p.r.p.TestFile    ... finished proof: closed. 
171817     INFO  main            d.u.i.k.p.i.AbstractProblemLoader Loading environment from /home/runner/work/key/key/key.core/../key.ui/examples/standard_key/arith/median.key.proof 
171817     DEBUG main            d.u.i.k.p.i.AbstractProblemLoader Environment load took 446ns 
171820     INFO  main            d.u.i.k.p.i.AbstractProblemLoader Creating init config 
174292     DEBUG main            d.u.i.k.p.i.AbstractProblemLoader Init config took 2.47s 
174306     INFO  main            d.u.i.k.p.i.AbstractProblemLoader Replaying proof median.key.proof 
174792     DEBUG main            d.u.i.k.p.i.IntermediateProofReplayer Proof replay took 435ms 
174795     DEBUG main            d.u.i.k.p.r.p.TestFile    ... success: reloaded. 
174796     INFO  main            d.u.i.k.p.r.p.TestFile    Now processing file /home/runner/work/key/key/key.core/../key.ui/examples/standard_key/arith/mod1.key 
174796     INFO  main            d.u.i.k.p.i.AbstractProblemLoader Loading environment from /home/runner/work/key/key/key.core/../key.ui/examples/standard_key/arith/mod1.key 
174796     DEBUG main            d.u.i.k.p.i.AbstractProblemLoader Environment load took 182.9ns 
174797     INFO  main            d.u.i.k.p.i.AbstractProblemLoader Creating init config 
177311     DEBUG main            d.u.i.k.p.i.AbstractProblemLoader Init config took 2.51s 
177324     INFO  main            d.u.i.k.p.i.AbstractProblemLoader Replaying proof mod1.key 
177326     DEBUG main            d.u.i.k.p.i.IntermediateProofReplayer Proof replay took 5.1ns 
177428     INFO  main            d.u.i.k.p.r.p.TestFile    ... finished proof: closed. 
177702     INFO  main            d.u.i.k.p.i.AbstractProblemLoader Loading environment from /home/runner/work/key/key/key.core/../key.ui/examples/standard_key/arith/mod1.key.proof 
177702     DEBUG main            d.u.i.k.p.i.AbstractProblemLoader Environment load took 93.5ns 
177703     INFO  main            d.u.i.k.p.i.AbstractProblemLoader Creating init config 
180138     DEBUG main            d.u.i.k.p.i.AbstractProblemLoader Init config took 2.43s 
180150     INFO  main            d.u.i.k.p.i.AbstractProblemLoader Replaying proof mod1.key.proof 
180153     DEBUG main            d.u.i.k.p.i.IntermediateProofReplayer Proof replay took 1.38ms 
180154     DEBUG main            d.u.i.k.p.r.p.TestFile    ... success: reloaded. 
180155     INFO  main            d.u.i.k.p.r.p.TestFile    Now processing file /home/runner/work/key/key/key.core/../key.ui/examples/standard_key/arith/mod2.key 
180155     INFO  main            d.u.i.k.p.i.AbstractProblemLoader Loading environment from /home/runner/work/key/key/key.core/../key.ui/examples/standard_key/arith/mod2.key 
180155     DEBUG main            d.u.i.k.p.i.AbstractProblemLoader Environment load took 53.4ns 
180156     INFO  main            d.u.i.k.p.i.AbstractProblemLoader Creating init config 
182618     DEBUG main            d.u.i.k.p.i.AbstractProblemLoader Init config took 2.46s 
182631     INFO  main            d.u.i.k.p.i.AbstractProblemLoader Replaying proof mod2.key 
182632     DEBUG main            d.u.i.k.p.i.IntermediateProofReplayer Proof replay took 5.7ns 
182737     INFO  main            d.u.i.k.p.r.p.TestFile    ... finished proof: closed. 
182947     INFO  main            d.u.i.k.p.i.AbstractProblemLoader Loading environment from /home/runner/work/key/key/key.core/../key.ui/examples/standard_key/arith/mod2.key.proof 
182947     DEBUG main            d.u.i.k.p.i.AbstractProblemLoader Environment load took 93.7ns 
182948     INFO  main            d.u.i.k.p.i.AbstractProblemLoader Creating init config 
185384     DEBUG main            d.u.i.k.p.i.AbstractProblemLoader Init config took 2.44s 
185397     INFO  main            d.u.i.k.p.i.AbstractProblemLoader Replaying proof mod2.key.proof 
185399     DEBUG main            d.u.i.k.p.i.IntermediateProofReplayer Proof replay took 1.11ms 
185400     DEBUG main            d.u.i.k.p.r.p.TestFile    ... success: reloaded. 
185400     INFO  main            d.u.i.k.p.r.p.TestFile    Now processing file /home/runner/work/key/key/key.core/../key.ui/examples/standard_key/arith/mod7.key 
185401     INFO  main            d.u.i.k.p.i.AbstractProblemLoader Loading environment from /home/runner/work/key/key/key.core/../key.ui/examples/standard_key/arith/mod7.key 
185401     DEBUG main            d.u.i.k.p.i.AbstractProblemLoader Environment load took 70.6ns 
185401     INFO  main            d.u.i.k.p.i.AbstractProblemLoader Creating init config 
187885     DEBUG main            d.u.i.k.p.i.AbstractProblemLoader Init config took 2.48s 
187898     INFO  main            d.u.i.k.p.i.AbstractProblemLoader Replaying proof mod7.key 
187900     DEBUG main            d.u.i.k.p.i.IntermediateProofReplayer Proof replay took 5.9ns 
188006     INFO  main            d.u.i.k.p.r.p.TestFile    ... finished proof: closed. 
188221     INFO  main            d.u.i.k.p.i.AbstractProblemLoader Loading environment from /home/runner/work/key/key/key.core/../key.ui/examples/standard_key/arith/mod7.key.proof 
188222     DEBUG main            d.u.i.k.p.i.AbstractProblemLoader Environment load took 100.2ns 
188222     INFO  main            d.u.i.k.p.i.AbstractProblemLoader Creating init config 
190652     DEBUG main            d.u.i.k.p.i.AbstractProblemLoader Init config took 2.43s 
190667     INFO  main            d.u.i.k.p.i.AbstractProblemLoader Replaying proof mod7.key.proof 
190673     DEBUG main            d.u.i.k.p.i.IntermediateProofReplayer Proof replay took 2.93ms 
190673     DEBUG main            d.u.i.k.p.r.p.TestFile    ... success: reloaded. 
190675     INFO  main            d.u.i.k.p.r.p.TestFile    Now processing file /home/runner/work/key/key/key.core/../key.ui/examples/standard_key/arith/overflow_hija.key 
190676     INFO  main            d.u.i.k.p.i.AbstractProblemLoader Loading environment from /home/runner/work/key/key/key.core/../key.ui/examples/standard_key/arith/overflow_hija.key 
190676     DEBUG main            d.u.i.k.p.i.AbstractProblemLoader Environment load took 177.5ns 
190679     INFO  main            d.u.i.k.p.i.AbstractProblemLoader Creating init config 
193199     DEBUG main            d.u.i.k.p.i.AbstractProblemLoader Init config took 2.52s 
193215     INFO  main            d.u.i.k.p.i.AbstractProblemLoader Replaying proof overflow_hija.key 
193217     DEBUG main            d.u.i.k.p.i.IntermediateProofReplayer Proof replay took 6.2ns 
197943     INFO  main            d.u.i.k.p.r.p.TestFile    ... finished proof: closed. 
198211     INFO  main            d.u.i.k.p.i.AbstractProblemLoader Loading environment from /home/runner/work/key/key/key.core/../key.ui/examples/standard_key/arith/overflow_hija.key.proof 
198211     DEBUG main            d.u.i.k.p.i.AbstractProblemLoader Environment load took 178.9ns 
198213     INFO  main            d.u.i.k.p.i.AbstractProblemLoader Creating init config 
200667     DEBUG main            d.u.i.k.p.i.AbstractProblemLoader Init config took 2.45s 
200684     INFO  main            d.u.i.k.p.i.AbstractProblemLoader Replaying proof overflow_hija.key.proof 
200850     DEBUG main            d.u.i.k.p.i.IntermediateProofReplayer Proof replay took 154.56ms 
200852     DEBUG main            d.u.i.k.p.r.p.TestFile    ... success: reloaded. 
200853     INFO  main            d.u.i.k.p.r.p.TestFile    Now processing file /home/runner/work/key/key/key.core/../key.ui/examples/standard_key/arith/poly_division0.key 
200853     INFO  main            d.u.i.k.p.i.AbstractProblemLoader Loading environment from /home/runner/work/key/key/key.core/../key.ui/examples/standard_key/arith/poly_division0.key 
200853     DEBUG main            d.u.i.k.p.i.AbstractProblemLoader Environment load took 180.9ns 
200854     INFO  main            d.u.i.k.p.i.AbstractProblemLoader Creating init config 
203311     DEBUG main            d.u.i.k.p.i.AbstractProblemLoader Init config took 2.46s 
203324     INFO  main            d.u.i.k.p.i.AbstractProblemLoader Replaying proof poly_division0.key 
203325     DEBUG main            d.u.i.k.p.i.IntermediateProofReplayer Proof replay took 5.7ns 
203431     INFO  main            d.u.i.k.p.r.p.TestFile    ... finished proof: closed. 
203714     INFO  main            d.u.i.k.p.i.AbstractProblemLoader Loading environment from /home/runner/work/key/key/key.core/../key.ui/examples/standard_key/arith/poly_division0.key.proof 
203714     DEBUG main            d.u.i.k.p.i.AbstractProblemLoader Environment load took 98.6ns 
203715     INFO  main            d.u.i.k.p.i.AbstractProblemLoader Creating init config 
206145     DEBUG main            d.u.i.k.p.i.AbstractProblemLoader Init config took 2.43s 
206158     INFO  main            d.u.i.k.p.i.AbstractProblemLoader Replaying proof poly_division0.key.proof 
206163     DEBUG main            d.u.i.k.p.i.IntermediateProofReplayer Proof replay took 3.22ms 
206164     DEBUG main            d.u.i.k.p.r.p.TestFile    ... success: reloaded. 
206164     INFO  main            d.u.i.k.p.r.p.TestFile    Now processing file /home/runner/work/key/key/key.core/../key.ui/examples/standard_key/arith/poly_division1.key 
206164     INFO  main            d.u.i.k.p.i.AbstractProblemLoader Loading environment from /home/runner/work/key/key/key.core/../key.ui/examples/standard_key/arith/poly_division1.key 
206164     DEBUG main            d.u.i.k.p.i.AbstractProblemLoader Environment load took 83.2ns 
206165     INFO  main            d.u.i.k.p.i.AbstractProblemLoader Creating init config 
208626     DEBUG main            d.u.i.k.p.i.AbstractProblemLoader Init config took 2.46s 
208639     INFO  main            d.u.i.k.p.i.AbstractProblemLoader Replaying proof poly_division1.key 
208640     DEBUG main            d.u.i.k.p.i.IntermediateProofReplayer Proof replay took 5.6ns 
208745     INFO  main            d.u.i.k.p.r.p.TestFile    ... finished proof: closed. 
208979     INFO  main            d.u.i.k.p.i.AbstractProblemLoader Loading environment from /home/runner/work/key/key/key.core/../key.ui/examples/standard_key/arith/poly_division1.key.proof 
208979     DEBUG main            d.u.i.k.p.i.AbstractProblemLoader Environment load took 99.6ns 
208980     INFO  main            d.u.i.k.p.i.AbstractProblemLoader Creating init config 
211406     DEBUG main            d.u.i.k.p.i.AbstractProblemLoader Init config took 2.43s 
211419     INFO  main            d.u.i.k.p.i.AbstractProblemLoader Replaying proof poly_division1.key.proof 
211423     DEBUG main            d.u.i.k.p.i.IntermediateProofReplayer Proof replay took 2.93ms 
211424     DEBUG main            d.u.i.k.p.r.p.TestFile    ... success: reloaded. 
211424     INFO  main            d.u.i.k.p.r.p.TestFile    Now processing file /home/runner/work/key/key/key.core/../key.ui/examples/standard_key/inEqSimp/division.key 
211424     INFO  main            d.u.i.k.p.i.AbstractProblemLoader Loading environment from /home/runner/work/key/key/key.core/../key.ui/examples/standard_key/inEqSimp/division.key 
211424     DEBUG main            d.u.i.k.p.i.AbstractProblemLoader Environment load took 57.8ns 
211426     INFO  main            d.u.i.k.p.i.AbstractProblemLoader Creating init config 
213904     DEBUG main            d.u.i.k.p.i.AbstractProblemLoader Init config took 2.48s 
213919     INFO  main            d.u.i.k.p.i.AbstractProblemLoader Replaying proof division.key 
213920     DEBUG main            d.u.i.k.p.i.IntermediateProofReplayer Proof replay took 5.6ns 
216061     INFO  main            d.u.i.k.p.r.p.TestFile    ... finished proof: closed. 
216319     INFO  main            d.u.i.k.p.i.AbstractProblemLoader Loading environment from /home/runner/work/key/key/key.core/../key.ui/examples/standard_key/inEqSimp/division.key.proof 
216319     DEBUG main            d.u.i.k.p.i.AbstractProblemLoader Environment load took 106.3ns 
216323     INFO  main            d.u.i.k.p.i.AbstractProblemLoader Creating init config 
218765     DEBUG main            d.u.i.k.p.i.AbstractProblemLoader Init config took 2.44s 
218778     INFO  main            d.u.i.k.p.i.AbstractProblemLoader Replaying proof division.key.proof 
218851     DEBUG main            d.u.i.k.p.i.IntermediateProofReplayer Proof replay took 65.44ms 
218852     DEBUG main            d.u.i.k.p.r.p.TestFile    ... success: reloaded. 
218853     INFO  main            d.u.i.k.p.r.p.TestFile    Now processing file /home/runner/work/key/key/key.core/../key.ui/examples/standard_key/inEqSimp/inequations0.key 
218853     INFO  main            d.u.i.k.p.i.AbstractProblemLoader Loading environment from /home/runner/work/key/key/key.core/../key.ui/examples/standard_key/inEqSimp/inequations0.key 
218853     DEBUG main            d.u.i.k.p.i.AbstractProblemLoader Environment load took 79.6ns 
218854     INFO  main            d.u.i.k.p.i.AbstractProblemLoader Creating init config 
221345     DEBUG main            d.u.i.k.p.i.AbstractProblemLoader Init config took 2.49s 
221358     INFO  main            d.u.i.k.p.i.AbstractProblemLoader Replaying proof inequations0.key 
221359     DEBUG main            d.u.i.k.p.i.IntermediateProofReplayer Proof replay took 36.2ns 
221460     INFO  main            d.u.i.k.p.r.p.TestFile    ... finished proof: closed. 
221728     INFO  main            d.u.i.k.p.i.AbstractProblemLoader Loading environment from /home/runner/work/key/key/key.core/../key.ui/examples/standard_key/inEqSimp/inequations0.key.proof 
221728     DEBUG main            d.u.i.k.p.i.AbstractProblemLoader Environment load took 117.9ns 
221729     INFO  main            d.u.i.k.p.i.AbstractProblemLoader Creating init config 
224156     DEBUG main            d.u.i.k.p.i.AbstractProblemLoader Init config took 2.43s 
224169     INFO  main            d.u.i.k.p.i.AbstractProblemLoader Replaying proof inequations0.key.proof 
224172     DEBUG main            d.u.i.k.p.i.IntermediateProofReplayer Proof replay took 1.42ms 
224172     DEBUG main            d.u.i.k.p.r.p.TestFile    ... success: reloaded. 
224173     INFO  main            d.u.i.k.p.r.p.TestFile    Now processing file /home/runner/work/key/key/key.core/../key.ui/examples/standard_key/inEqSimp/inequations1.key 
224173     INFO  main            d.u.i.k.p.i.AbstractProblemLoader Loading environment from /home/runner/work/key/key/key.core/../key.ui/examples/standard_key/inEqSimp/inequations1.key 
224173     DEBUG main            d.u.i.k.p.i.AbstractProblemLoader Environment load took 180.2ns 
224174     INFO  main            d.u.i.k.p.i.AbstractProblemLoader Creating init config 
226629     DEBUG main            d.u.i.k.p.i.AbstractProblemLoader Init config took 2.45s 
226641     INFO  main            d.u.i.k.p.i.AbstractProblemLoader Replaying proof inequations1.key 
226643     DEBUG main            d.u.i.k.p.i.IntermediateProofReplayer Proof replay took 3ns 
226744     INFO  main            d.u.i.k.p.r.p.TestFile    ... finished proof: closed. 
226998     INFO  main            d.u.i.k.p.i.AbstractProblemLoader Loading environment from /home/runner/work/key/key/key.core/../key.ui/examples/standard_key/inEqSimp/inequations1.key.proof 
226998     DEBUG main            d.u.i.k.p.i.AbstractProblemLoader Environment load took 89.9ns 
226999     INFO  main            d.u.i.k.p.i.AbstractProblemLoader Creating init config 
229437     DEBUG main            d.u.i.k.p.i.AbstractProblemLoader Init config took 2.44s 
229451     INFO  main            d.u.i.k.p.i.AbstractProblemLoader Replaying proof inequations1.key.proof 
229453     DEBUG main            d.u.i.k.p.i.IntermediateProofReplayer Proof replay took 761.5ns 
229454     DEBUG main            d.u.i.k.p.r.p.TestFile    ... success: reloaded. 
229454     INFO  main            d.u.i.k.p.r.p.TestFile    Now processing file /home/runner/work/key/key/key.core/../key.ui/examples/standard_key/inEqSimp/inequations2.key 
229454     INFO  main            d.u.i.k.p.i.AbstractProblemLoader Loading environment from /home/runner/work/key/key/key.core/../key.ui/examples/standard_key/inEqSimp/inequations2.key 
229455     DEBUG main            d.u.i.k.p.i.AbstractProblemLoader Environment load took 48.8ns 
229455     INFO  main            d.u.i.k.p.i.AbstractProblemLoader Creating init config 
231922     DEBUG main            d.u.i.k.p.i.AbstractProblemLoader Init config took 2.47s 
231935     INFO  main            d.u.i.k.p.i.AbstractProblemLoader Replaying proof inequations2.key 
231936     DEBUG main            d.u.i.k.p.i.IntermediateProofReplayer Proof replay took 2.5ns 
232037     INFO  main            d.u.i.k.p.r.p.TestFile    ... finished proof: closed. 
232282     INFO  main            d.u.i.k.p.i.AbstractProblemLoader Loading environment from /home/runner/work/key/key/key.core/../key.ui/examples/standard_key/inEqSimp/inequations2.key.proof 
232282     DEBUG main            d.u.i.k.p.i.AbstractProblemLoader Environment load took 84.1ns 
232283     INFO  main            d.u.i.k.p.i.AbstractProblemLoader Creating init config 
234711     DEBUG main            d.u.i.k.p.i.AbstractProblemLoader Init config took 2.43s 
234723     INFO  main            d.u.i.k.p.i.AbstractProblemLoader Replaying proof inequations2.key.proof 
234726     DEBUG main            d.u.i.k.p.i.IntermediateProofReplayer Proof replay took 1.02ms 
234726     DEBUG main            d.u.i.k.p.r.p.TestFile    ... success: reloaded. 
234727     INFO  main            d.u.i.k.p.r.p.TestFile    Now processing file /home/runner/work/key/key/key.core/../key.ui/examples/standard_key/inEqSimp/linApprox.key 
234727     INFO  main            d.u.i.k.p.i.AbstractProblemLoader Loading environment from /home/runner/work/key/key/key.core/../key.ui/examples/standard_key/inEqSimp/linApprox.key 
234727     DEBUG main            d.u.i.k.p.i.AbstractProblemLoader Environment load took 48.6ns 
234728     INFO  main            d.u.i.k.p.i.AbstractProblemLoader Creating init config 
237182     DEBUG main            d.u.i.k.p.i.AbstractProblemLoader Init config took 2.45s 
237194     INFO  main            d.u.i.k.p.i.AbstractProblemLoader Replaying proof linApprox.key 
237195     DEBUG main            d.u.i.k.p.i.IntermediateProofReplayer Proof replay took 2.8ns 
237297     INFO  main            d.u.i.k.p.r.p.TestFile    ... finished proof: closed. 
237546     INFO  main            d.u.i.k.p.i.AbstractProblemLoader Loading environment from /home/runner/work/key/key/key.core/../key.ui/examples/standard_key/inEqSimp/linApprox.key.proof 
237546     DEBUG main            d.u.i.k.p.i.AbstractProblemLoader Environment load took 86.9ns 
237547     INFO  main            d.u.i.k.p.i.AbstractProblemLoader Creating init config 
239993     DEBUG main            d.u.i.k.p.i.AbstractProblemLoader Init config took 2.45s 
240006     INFO  main            d.u.i.k.p.i.AbstractProblemLoader Replaying proof linApprox.key.proof 
240008     DEBUG main            d.u.i.k.p.i.IntermediateProofReplayer Proof replay took 1.33ms 
240009     DEBUG main            d.u.i.k.p.r.p.TestFile    ... success: reloaded. 
240010     INFO  main            d.u.i.k.p.r.p.TestFile    Now processing file /home/runner/work/key/key/key.core/../key.ui/examples/standard_key/inEqSimp/nonLinInEqExample0.key 
240010     INFO  main            d.u.i.k.p.i.AbstractProblemLoader Loading environment from /home/runner/work/key/key/key.core/../key.ui/examples/standard_key/inEqSimp/nonLinInEqExample0.key 
240010     DEBUG main            d.u.i.k.p.i.AbstractProblemLoader Environment load took 96ns 
240011     INFO  main            d.u.i.k.p.i.AbstractProblemLoader Creating init config 
242461     DEBUG main            d.u.i.k.p.i.AbstractProblemLoader Init config took 2.45s 
242474     INFO  main            d.u.i.k.p.i.AbstractProblemLoader Replaying proof nonLinInEqExample0.key 
242475     DEBUG main            d.u.i.k.p.i.IntermediateProofReplayer Proof replay took 3.5ns 
242577     INFO  main            d.u.i.k.p.r.p.TestFile    ... finished proof: closed. 
242834     INFO  main            d.u.i.k.p.i.AbstractProblemLoader Loading environment from /home/runner/work/key/key/key.core/../key.ui/examples/standard_key/inEqSimp/nonLinInEqExample0.key.proof 
242834     DEBUG main            d.u.i.k.p.i.AbstractProblemLoader Environment load took 83.7ns 
242835     INFO  main            d.u.i.k.p.i.AbstractProblemLoader Creating init config 
245273     DEBUG main            d.u.i.k.p.i.AbstractProblemLoader Init config took 2.44s 
245285     INFO  main            d.u.i.k.p.i.AbstractProblemLoader Replaying proof nonLinInEqExample0.key.proof 
245287     DEBUG main            d.u.i.k.p.i.IntermediateProofReplayer Proof replay took 501.5ns 
245288     DEBUG main            d.u.i.k.p.r.p.TestFile    ... success: reloaded. 
245288     INFO  main            d.u.i.k.p.r.p.TestFile    Now processing file /home/runner/work/key/key/key.core/../key.ui/examples/standard_key/inEqSimp/nonLinInEqExample2.key 
245289     INFO  main            d.u.i.k.p.i.AbstractProblemLoader Loading environment from /home/runner/work/key/key/key.core/../key.ui/examples/standard_key/inEqSimp/nonLinInEqExample2.key 
245289     DEBUG main            d.u.i.k.p.i.AbstractProblemLoader Environment load took 48.2ns 
245290     INFO  main            d.u.i.k.p.i.AbstractProblemLoader Creating init config 
247822     DEBUG main            d.u.i.k.p.i.AbstractProblemLoader Init config took 2.53s 
247835     INFO  main            d.u.i.k.p.i.AbstractProblemLoader Replaying proof nonLinInEqExample2.key 
247836     DEBUG main            d.u.i.k.p.i.IntermediateProofReplayer Proof replay took 3ns 
248139     INFO  main            d.u.i.k.p.r.p.TestFile    ... finished proof: closed. 
248426     INFO  main            d.u.i.k.p.i.AbstractProblemLoader Loading environment from /home/runner/work/key/key/key.core/../key.ui/examples/standard_key/inEqSimp/nonLinInEqExample2.key.proof 
248426     DEBUG main            d.u.i.k.p.i.AbstractProblemLoader Environment load took 91.3ns 
248427     INFO  main            d.u.i.k.p.i.AbstractProblemLoader Creating init config 
250853     DEBUG main            d.u.i.k.p.i.AbstractProblemLoader Init config took 2.43s 
250866     INFO  main            d.u.i.k.p.i.AbstractProblemLoader Replaying proof nonLinInEqExample2.key.proof 
250886     DEBUG main            d.u.i.k.p.i.IntermediateProofReplayer Proof replay took 17.24ms 
250887     DEBUG main            d.u.i.k.p.r.p.TestFile    ... success: reloaded. 
250888     INFO  main            d.u.i.k.p.r.p.TestFile    Now processing file /home/runner/work/key/key/key.core/../key.ui/examples/standard_key/inEqSimp/nonLinInEqExample3.key 
250888     INFO  main            d.u.i.k.p.i.AbstractProblemLoader Loading environment from /home/runner/work/key/key/key.core/../key.ui/examples/standard_key/inEqSimp/nonLinInEqExample3.key 
250888     DEBUG main            d.u.i.k.p.i.AbstractProblemLoader Environment load took 73.3ns 
250889     INFO  main            d.u.i.k.p.i.AbstractProblemLoader Creating init config 
253359     DEBUG main            d.u.i.k.p.i.AbstractProblemLoader Init config took 2.47s 
253371     INFO  main            d.u.i.k.p.i.AbstractProblemLoader Replaying proof nonLinInEqExample3.key 
253372     DEBUG main            d.u.i.k.p.i.IntermediateProofReplayer Proof replay took 3.1ns 
253575     INFO  main            d.u.i.k.p.r.p.TestFile    ... finished proof: closed. 
253863     INFO  main            d.u.i.k.p.i.AbstractProblemLoader Loading environment from /home/runner/work/key/key/key.core/../key.ui/examples/standard_key/inEqSimp/nonLinInEqExample3.key.proof 
253864     DEBUG main            d.u.i.k.p.i.AbstractProblemLoader Environment load took 94.1ns 
253865     INFO  main            d.u.i.k.p.i.AbstractProblemLoader Creating init config 
256288     DEBUG main            d.u.i.k.p.i.AbstractProblemLoader Init config took 2.42s 
256300     INFO  main            d.u.i.k.p.i.AbstractProblemLoader Replaying proof nonLinInEqExample3.key.proof 
256312     DEBUG main            d.u.i.k.p.i.IntermediateProofReplayer Proof replay took 9.72ms 
256313     DEBUG main            d.u.i.k.p.r.p.TestFile    ... success: reloaded. 
256313     INFO  main            d.u.i.k.p.r.p.TestFile    Now processing file /home/runner/work/key/key/key.core/../key.ui/examples/standard_key/inEqSimp/nonLinInEqExample4.key 
256314     INFO  main            d.u.i.k.p.i.AbstractProblemLoader Loading environment from /home/runner/work/key/key/key.core/../key.ui/examples/standard_key/inEqSimp/nonLinInEqExample4.key 
256314     DEBUG main            d.u.i.k.p.i.AbstractProblemLoader Environment load took 79.3ns 
256315     INFO  main            d.u.i.k.p.i.AbstractProblemLoader Creating init config 
258788     DEBUG main            d.u.i.k.p.i.AbstractProblemLoader Init config took 2.47s 
258800     INFO  main            d.u.i.k.p.i.AbstractProblemLoader Replaying proof nonLinInEqExample4.key 
258802     DEBUG main            d.u.i.k.p.i.IntermediateProofReplayer Proof replay took 2.7ns 
258903     INFO  main            d.u.i.k.p.r.p.TestFile    ... finished proof: closed. 
259188     INFO  main            d.u.i.k.p.i.AbstractProblemLoader Loading environment from /home/runner/work/key/key/key.core/../key.ui/examples/standard_key/inEqSimp/nonLinInEqExample4.key.proof 
259188     DEBUG main            d.u.i.k.p.i.AbstractProblemLoader Environment load took 85ns 
259189     INFO  main            d.u.i.k.p.i.AbstractProblemLoader Creating init config 
261609     DEBUG main            d.u.i.k.p.i.AbstractProblemLoader Init config took 2.42s 
261621     INFO  main            d.u.i.k.p.i.AbstractProblemLoader Replaying proof nonLinInEqExample4.key.proof 
261625     DEBUG main            d.u.i.k.p.i.IntermediateProofReplayer Proof replay took 2.34ms 
261626     DEBUG main            d.u.i.k.p.r.p.TestFile    ... success: reloaded. 
261626     INFO  main            d.u.i.k.p.r.p.TestFile    Now processing file /home/runner/work/key/key/key.core/../key.ui/examples/standard_key/inEqSimp/quadraticInEq.key 
261626     INFO  main            d.u.i.k.p.i.AbstractProblemLoader Loading environment from /home/runner/work/key/key/key.core/../key.ui/examples/standard_key/inEqSimp/quadraticInEq.key 
261627     DEBUG main            d.u.i.k.p.i.AbstractProblemLoader Environment load took 48.8ns 
261628     INFO  main            d.u.i.k.p.i.AbstractProblemLoader Creating init config 
264113     DEBUG main            d.u.i.k.p.i.AbstractProblemLoader Init config took 2.49s 
264126     INFO  main            d.u.i.k.p.i.AbstractProblemLoader Replaying proof quadraticInEq.key 
264127     DEBUG main            d.u.i.k.p.i.IntermediateProofReplayer Proof replay took 2.7ns 
264430     INFO  main            d.u.i.k.p.r.p.TestFile    ... finished proof: closed. 
264727     INFO  main            d.u.i.k.p.i.AbstractProblemLoader Loading environment from /home/runner/work/key/key/key.core/../key.ui/examples/standard_key/inEqSimp/quadraticInEq.key.proof 
264728     DEBUG main            d.u.i.k.p.i.AbstractProblemLoader Environment load took 90.9ns 
264729     INFO  main            d.u.i.k.p.i.AbstractProblemLoader Creating init config 
267231     DEBUG main            d.u.i.k.p.i.AbstractProblemLoader Init config took 2.5s 
267245     INFO  main            d.u.i.k.p.i.AbstractProblemLoader Replaying proof quadraticInEq.key.proof 
267273     DEBUG main            d.u.i.k.p.i.IntermediateProofReplayer Proof replay took 24.02ms 
267275     DEBUG main            d.u.i.k.p.r.p.TestFile    ... success: reloaded. 
267275     INFO  main            d.u.i.k.p.r.p.TestFile    Now processing file /home/runner/work/key/key/key.core/../key.ui/examples/standard_key/inEqSimp/quadraticInEq10.key 
267275     INFO  main            d.u.i.k.p.i.AbstractProblemLoader Loading environment from /home/runner/work/key/key/key.core/../key.ui/examples/standard_key/inEqSimp/quadraticInEq10.key 
267276     DEBUG main            d.u.i.k.p.i.AbstractProblemLoader Environment load took 74.2ns 
267277     INFO  main            d.u.i.k.p.i.AbstractProblemLoader Creating init config 
269848     DEBUG main            d.u.i.k.p.i.AbstractProblemLoader Init config took 2.57s 
269860     INFO  main            d.u.i.k.p.i.AbstractProblemLoader Replaying proof quadraticInEq10.key 
269862     DEBUG main            d.u.i.k.p.i.IntermediateProofReplayer Proof replay took 2.8ns 
270064     INFO  main            d.u.i.k.p.r.p.TestFile    ... finished proof: closed. 
270388     INFO  main            d.u.i.k.p.i.AbstractProblemLoader Loading environment from /home/runner/work/key/key/key.core/../key.ui/examples/standard_key/inEqSimp/quadraticInEq10.key.proof 
270388     DEBUG main            d.u.i.k.p.i.AbstractProblemLoader Environment load took 98.9ns 
270389     INFO  main            d.u.i.k.p.i.AbstractProblemLoader Creating init config 
272909     DEBUG main            d.u.i.k.p.i.AbstractProblemLoader Init config took 2.52s 
272922     INFO  main            d.u.i.k.p.i.AbstractProblemLoader Replaying proof quadraticInEq10.key.proof 
272943     DEBUG main            d.u.i.k.p.i.IntermediateProofReplayer Proof replay took 18.54ms 
272944     DEBUG main            d.u.i.k.p.r.p.TestFile    ... success: reloaded. 
272945     INFO  main            d.u.i.k.p.r.p.TestFile    Now processing file /home/runner/work/key/key/key.core/../key.ui/examples/standard_key/inEqSimp/quadraticInEq13.key 
272945     INFO  main            d.u.i.k.p.i.AbstractProblemLoader Loading environment from /home/runner/work/key/key/key.core/../key.ui/examples/standard_key/inEqSimp/quadraticInEq13.key 
272945     DEBUG main            d.u.i.k.p.i.AbstractProblemLoader Environment load took 46.6ns 
272946     INFO  main            d.u.i.k.p.i.AbstractProblemLoader Creating init config 
275459     DEBUG main            d.u.i.k.p.i.AbstractProblemLoader Init config took 2.51s 
275471     INFO  main            d.u.i.k.p.i.AbstractProblemLoader Replaying proof quadraticInEq13.key 
275473     DEBUG main            d.u.i.k.p.i.IntermediateProofReplayer Proof replay took 3.3ns 
275675     INFO  main            d.u.i.k.p.r.p.TestFile    ... finished proof: closed. 
275979     INFO  main            d.u.i.k.p.i.AbstractProblemLoader Loading environment from /home/runner/work/key/key/key.core/../key.ui/examples/standard_key/inEqSimp/quadraticInEq13.key.proof 
275980     DEBUG main            d.u.i.k.p.i.AbstractProblemLoader Environment load took 88.4ns 
275981     INFO  main            d.u.i.k.p.i.AbstractProblemLoader Creating init config 
278412     DEBUG main            d.u.i.k.p.i.AbstractProblemLoader Init config took 2.43s 
278425     INFO  main            d.u.i.k.p.i.AbstractProblemLoader Replaying proof quadraticInEq13.key.proof 
278436     DEBUG main            d.u.i.k.p.i.IntermediateProofReplayer Proof replay took 8.26ms 
278436     DEBUG main            d.u.i.k.p.r.p.TestFile    ... success: reloaded. 
278437     INFO  main            d.u.i.k.p.r.p.TestFile    Now processing file /home/runner/work/key/key/key.core/../key.ui/examples/standard_key/inEqSimp/quadraticInEq14.key 
278437     INFO  main            d.u.i.k.p.i.AbstractProblemLoader Loading environment from /home/runner/work/key/key/key.core/../key.ui/examples/standard_key/inEqSimp/quadraticInEq14.key 
278437     DEBUG main            d.u.i.k.p.i.AbstractProblemLoader Environment load took 45.4ns 
278438     INFO  main            d.u.i.k.p.i.AbstractProblemLoader Creating init config 
280928     DEBUG main            d.u.i.k.p.i.AbstractProblemLoader Init config took 2.49s 
280940     INFO  main            d.u.i.k.p.i.AbstractProblemLoader Replaying proof quadraticInEq14.key 
280941     DEBUG main            d.u.i.k.p.i.IntermediateProofReplayer Proof replay took 2.8ns 
281245     INFO  main            d.u.i.k.p.r.p.TestFile    ... finished proof: closed. 
281562     INFO  main            d.u.i.k.p.i.AbstractProblemLoader Loading environment from /home/runner/work/key/key/key.core/../key.ui/examples/standard_key/inEqSimp/quadraticInEq14.key.proof 
281562     DEBUG main            d.u.i.k.p.i.AbstractProblemLoader Environment load took 84ns 
281563     INFO  main            d.u.i.k.p.i.AbstractProblemLoader Creating init config 
283998     DEBUG main            d.u.i.k.p.i.AbstractProblemLoader Init config took 2.44s 
284011     INFO  main            d.u.i.k.p.i.AbstractProblemLoader Replaying proof quadraticInEq14.key.proof 
284024     DEBUG main            d.u.i.k.p.i.IntermediateProofReplayer Proof replay took 10.57ms 
284025     DEBUG main            d.u.i.k.p.r.p.TestFile    ... success: reloaded. 
284026     INFO  main            d.u.i.k.p.r.p.TestFile    Now processing file /home/runner/work/key/key/key.core/../key.ui/examples/standard_key/inEqSimp/quadraticInEq2.key 
284026     INFO  main            d.u.i.k.p.i.AbstractProblemLoader Loading environment from /home/runner/work/key/key/key.core/../key.ui/examples/standard_key/inEqSimp/quadraticInEq2.key 
284026     DEBUG main            d.u.i.k.p.i.AbstractProblemLoader Environment load took 82.7ns 
284027     INFO  main            d.u.i.k.p.i.AbstractProblemLoader Creating init config 
286515     DEBUG main            d.u.i.k.p.i.AbstractProblemLoader Init config took 2.49s 
286527     INFO  main            d.u.i.k.p.i.AbstractProblemLoader Replaying proof quadraticInEq2.key 
286529     DEBUG main            d.u.i.k.p.i.IntermediateProofReplayer Proof replay took 2.9ns 
286631     INFO  main            d.u.i.k.p.r.p.TestFile    ... finished proof: closed. 
286938     INFO  main            d.u.i.k.p.i.AbstractProblemLoader Loading environment from /home/runner/work/key/key/key.core/../key.ui/examples/standard_key/inEqSimp/quadraticInEq2.key.proof 
286938     DEBUG main            d.u.i.k.p.i.AbstractProblemLoader Environment load took 82.1ns 
286939     INFO  main            d.u.i.k.p.i.AbstractProblemLoader Creating init config 
289348     DEBUG main            d.u.i.k.p.i.AbstractProblemLoader Init config took 2.41s 
289360     INFO  main            d.u.i.k.p.i.AbstractProblemLoader Replaying proof quadraticInEq2.key.proof 
289363     DEBUG main            d.u.i.k.p.i.IntermediateProofReplayer Proof replay took 1.5ms 
289364     DEBUG main            d.u.i.k.p.r.p.TestFile    ... success: reloaded. 
289364     INFO  main            d.u.i.k.p.r.p.TestFile    Now processing file /home/runner/work/key/key/key.core/../key.ui/examples/standard_key/inEqSimp/quadraticInEq3.key 
289364     INFO  main            d.u.i.k.p.i.AbstractProblemLoader Loading environment from /home/runner/work/key/key/key.core/../key.ui/examples/standard_key/inEqSimp/quadraticInEq3.key 
289364     DEBUG main            d.u.i.k.p.i.AbstractProblemLoader Environment load took 44.4ns 
289365     INFO  main            d.u.i.k.p.i.AbstractProblemLoader Creating init config 
291799     DEBUG main            d.u.i.k.p.i.AbstractProblemLoader Init config took 2.43s 
291811     INFO  main            d.u.i.k.p.i.AbstractProblemLoader Replaying proof quadraticInEq3.key 
291812     DEBUG main            d.u.i.k.p.i.IntermediateProofReplayer Proof replay took 2.9ns 
291914     INFO  main            d.u.i.k.p.r.p.TestFile    ... finished proof: closed. 
292217     INFO  main            d.u.i.k.p.i.AbstractProblemLoader Loading environment from /home/runner/work/key/key/key.core/../key.ui/examples/standard_key/inEqSimp/quadraticInEq3.key.proof 
292217     DEBUG main            d.u.i.k.p.i.AbstractProblemLoader Environment load took 85.1ns 
292218     INFO  main            d.u.i.k.p.i.AbstractProblemLoader Creating init config 
294624     DEBUG main            d.u.i.k.p.i.AbstractProblemLoader Init config took 2.41s 
294636     INFO  main            d.u.i.k.p.i.AbstractProblemLoader Replaying proof quadraticInEq3.key.proof 
294642     DEBUG main            d.u.i.k.p.i.IntermediateProofReplayer Proof replay took 4ms 
294642     DEBUG main            d.u.i.k.p.r.p.TestFile    ... success: reloaded. 
294643     INFO  main            d.u.i.k.p.r.p.TestFile    Now processing file /home/runner/work/key/key/key.core/../key.ui/examples/standard_key/inEqSimp/quadraticInEq4.key 
294643     INFO  main            d.u.i.k.p.i.AbstractProblemLoader Loading environment from /home/runner/work/key/key/key.core/../key.ui/examples/standard_key/inEqSimp/quadraticInEq4.key 
294643     DEBUG main            d.u.i.k.p.i.AbstractProblemLoader Environment load took 74.8ns 
294644     INFO  main            d.u.i.k.p.i.AbstractProblemLoader Creating init config 
297088     DEBUG main            d.u.i.k.p.i.AbstractProblemLoader Init config took 2.44s 
297100     INFO  main            d.u.i.k.p.i.AbstractProblemLoader Replaying proof quadraticInEq4.key 
297102     DEBUG main            d.u.i.k.p.i.IntermediateProofReplayer Proof replay took 2.4ns 
297203     INFO  main            d.u.i.k.p.r.p.TestFile    ... finished proof: closed. 
297511     INFO  main            d.u.i.k.p.i.AbstractProblemLoader Loading environment from /home/runner/work/key/key/key.core/../key.ui/examples/standard_key/inEqSimp/quadraticInEq4.key.proof 
297511     DEBUG main            d.u.i.k.p.i.AbstractProblemLoader Environment load took 81.8ns 
297512     INFO  main            d.u.i.k.p.i.AbstractProblemLoader Creating init config 
299921     DEBUG main            d.u.i.k.p.i.AbstractProblemLoader Init config took 2.41s 
299933     INFO  main            d.u.i.k.p.i.AbstractProblemLoader Replaying proof quadraticInEq4.key.proof 
299937     DEBUG main            d.u.i.k.p.i.IntermediateProofReplayer Proof replay took 2.35ms 
299938     DEBUG main            d.u.i.k.p.r.p.TestFile    ... success: reloaded. 
299939     INFO  main            d.u.i.k.p.r.p.TestFile    Now processing file /home/runner/work/key/key/key.core/../key.ui/examples/standard_key/inEqSimp/quadraticInEq5.key 
299939     INFO  main            d.u.i.k.p.i.AbstractProblemLoader Loading environment from /home/runner/work/key/key/key.core/../key.ui/examples/standard_key/inEqSimp/quadraticInEq5.key 
299939     DEBUG main            d.u.i.k.p.i.AbstractProblemLoader Environment load took 65.3ns 
299940     INFO  main            d.u.i.k.p.i.AbstractProblemLoader Creating init config 
302382     DEBUG main            d.u.i.k.p.i.AbstractProblemLoader Init config took 2.44s 
302394     INFO  main            d.u.i.k.p.i.AbstractProblemLoader Replaying proof quadraticInEq5.key 
302396     DEBUG main            d.u.i.k.p.i.IntermediateProofReplayer Proof replay took 2.2ns 
302498     INFO  main            d.u.i.k.p.r.p.TestFile    ... finished proof: closed. 
302818     INFO  main            d.u.i.k.p.i.AbstractProblemLoader Loading environment from /home/runner/work/key/key/key.core/../key.ui/examples/standard_key/inEqSimp/quadraticInEq5.key.proof 
302818     DEBUG main            d.u.i.k.p.i.AbstractProblemLoader Environment load took 84ns 
302819     INFO  main            d.u.i.k.p.i.AbstractProblemLoader Creating init config 
305223     DEBUG main            d.u.i.k.p.i.AbstractProblemLoader Init config took 2.4s 
305236     INFO  main            d.u.i.k.p.i.AbstractProblemLoader Replaying proof quadraticInEq5.key.proof 
305240     DEBUG main            d.u.i.k.p.i.IntermediateProofReplayer Proof replay took 2.42ms 
305240     DEBUG main            d.u.i.k.p.r.p.TestFile    ... success: reloaded. 
305241     INFO  main            d.u.i.k.p.r.p.TestFile    Now processing file /home/runner/work/key/key/key.core/../key.ui/examples/standard_key/inEqSimp/quadraticInEq6.key 
305241     INFO  main            d.u.i.k.p.i.AbstractProblemLoader Loading environment from /home/runner/work/key/key/key.core/../key.ui/examples/standard_key/inEqSimp/quadraticInEq6.key 
305241     DEBUG main            d.u.i.k.p.i.AbstractProblemLoader Environment load took 74.6ns 
305242     INFO  main            d.u.i.k.p.i.AbstractProblemLoader Creating init config 
307677     DEBUG main            d.u.i.k.p.i.AbstractProblemLoader Init config took 2.44s 
307690     INFO  main            d.u.i.k.p.i.AbstractProblemLoader Replaying proof quadraticInEq6.key 
307691     DEBUG main            d.u.i.k.p.i.IntermediateProofReplayer Proof replay took 3.4ns 
307793     INFO  main            d.u.i.k.p.r.p.TestFile    ... finished proof: closed. 
308105     INFO  main            d.u.i.k.p.i.AbstractProblemLoader Loading environment from /home/runner/work/key/key/key.core/../key.ui/examples/standard_key/inEqSimp/quadraticInEq6.key.proof 
308105     DEBUG main            d.u.i.k.p.i.AbstractProblemLoader Environment load took 82.8ns 
308106     INFO  main            d.u.i.k.p.i.AbstractProblemLoader Creating init config 
310516     DEBUG main            d.u.i.k.p.i.AbstractProblemLoader Init config took 2.41s 
310528     INFO  main            d.u.i.k.p.i.AbstractProblemLoader Replaying proof quadraticInEq6.key.proof 
310532     DEBUG main            d.u.i.k.p.i.IntermediateProofReplayer Proof replay took 2.79ms 
310533     DEBUG main            d.u.i.k.p.r.p.TestFile    ... success: reloaded. 
310534     INFO  main            d.u.i.k.p.r.p.TestFile    Now processing file /home/runner/work/key/key/key.core/../key.ui/examples/standard_key/inEqSimp/quadraticInEq7.key 
310534     INFO  main            d.u.i.k.p.i.AbstractProblemLoader Loading environment from /home/runner/work/key/key/key.core/../key.ui/examples/standard_key/inEqSimp/quadraticInEq7.key 
310534     DEBUG main            d.u.i.k.p.i.AbstractProblemLoader Environment load took 95.7ns 
310535     INFO  main            d.u.i.k.p.i.AbstractProblemLoader Creating init config 
312971     DEBUG main            d.u.i.k.p.i.AbstractProblemLoader Init config took 2.44s 
312983     INFO  main            d.u.i.k.p.i.AbstractProblemLoader Replaying proof quadraticInEq7.key 
312985     DEBUG main            d.u.i.k.p.i.IntermediateProofReplayer Proof replay took 3.3ns 
313086     INFO  main            d.u.i.k.p.r.p.TestFile    ... finished proof: closed. 
313409     INFO  main            d.u.i.k.p.i.AbstractProblemLoader Loading environment from /home/runner/work/key/key/key.core/../key.ui/examples/standard_key/inEqSimp/quadraticInEq7.key.proof 
313409     DEBUG main            d.u.i.k.p.i.AbstractProblemLoader Environment load took 84.7ns 
313410     INFO  main            d.u.i.k.p.i.AbstractProblemLoader Creating init config 
315814     DEBUG main            d.u.i.k.p.i.AbstractProblemLoader Init config took 2.4s 
315827     INFO  main            d.u.i.k.p.i.AbstractProblemLoader Replaying proof quadraticInEq7.key.proof 
315830     DEBUG main            d.u.i.k.p.i.IntermediateProofReplayer Proof replay took 1.26ms 
315830     DEBUG main            d.u.i.k.p.r.p.TestFile    ... success: reloaded. 
315831     INFO  main            d.u.i.k.p.r.p.TestFile    Now processing file /home/runner/work/key/key/key.core/../key.ui/examples/standard_key/inEqSimp/quadraticInEq8.key 
315831     INFO  main            d.u.i.k.p.i.AbstractProblemLoader Loading environment from /home/runner/work/key/key/key.core/../key.ui/examples/standard_key/inEqSimp/quadraticInEq8.key 
315831     DEBUG main            d.u.i.k.p.i.AbstractProblemLoader Environment load took 75ns 
315832     INFO  main            d.u.i.k.p.i.AbstractProblemLoader Creating init config 
318275     DEBUG main            d.u.i.k.p.i.AbstractProblemLoader Init config took 2.44s 
318287     INFO  main            d.u.i.k.p.i.AbstractProblemLoader Replaying proof quadraticInEq8.key 
318288     DEBUG main            d.u.i.k.p.i.IntermediateProofReplayer Proof replay took 2.5ns 
318390     INFO  main            d.u.i.k.p.r.p.TestFile    ... finished proof: closed. 
318721     INFO  main            d.u.i.k.p.i.AbstractProblemLoader Loading environment from /home/runner/work/key/key/key.core/../key.ui/examples/standard_key/inEqSimp/quadraticInEq8.key.proof 
318721     DEBUG main            d.u.i.k.p.i.AbstractProblemLoader Environment load took 77.1ns 
318722     INFO  main            d.u.i.k.p.i.AbstractProblemLoader Creating init config 
321133     DEBUG main            d.u.i.k.p.i.AbstractProblemLoader Init config took 2.41s 
321145     INFO  main            d.u.i.k.p.i.AbstractProblemLoader Replaying proof quadraticInEq8.key.proof 
321151     DEBUG main            d.u.i.k.p.i.IntermediateProofReplayer Proof replay took 3.71ms 
321151     DEBUG main            d.u.i.k.p.r.p.TestFile    ... success: reloaded. 
321152     INFO  main            d.u.i.k.p.r.p.TestFile    Now processing file /home/runner/work/key/key/key.core/../key.ui/examples/standard_key/inEqSimp/simplify0.key 
321152     INFO  main            d.u.i.k.p.i.AbstractProblemLoader Loading environment from /home/runner/work/key/key/key.core/../key.ui/examples/standard_key/inEqSimp/simplify0.key 
321152     DEBUG main            d.u.i.k.p.i.AbstractProblemLoader Environment load took 43.5ns 
321153     INFO  main            d.u.i.k.p.i.AbstractProblemLoader Creating init config 
323596     DEBUG main            d.u.i.k.p.i.AbstractProblemLoader Init config took 2.44s 
323610     INFO  main            d.u.i.k.p.i.AbstractProblemLoader Replaying proof simplify0.key 
323611     DEBUG main            d.u.i.k.p.i.IntermediateProofReplayer Proof replay took 2.5ns 
323713     INFO  main            d.u.i.k.p.r.p.TestFile    ... finished proof: closed. 
324045     INFO  main            d.u.i.k.p.i.AbstractProblemLoader Loading environment from /home/runner/work/key/key/key.core/../key.ui/examples/standard_key/inEqSimp/simplify0.key.proof 
324045     DEBUG main            d.u.i.k.p.i.AbstractProblemLoader Environment load took 84.4ns 
324046     INFO  main            d.u.i.k.p.i.AbstractProblemLoader Creating init config 
326458     DEBUG main            d.u.i.k.p.i.AbstractProblemLoader Init config took 2.41s 
326471     INFO  main            d.u.i.k.p.i.AbstractProblemLoader Replaying proof simplify0.key.proof 
326473     DEBUG main            d.u.i.k.p.i.IntermediateProofReplayer Proof replay took 707ns 
326473     DEBUG main            d.u.i.k.p.r.p.TestFile    ... success: reloaded. 
326474     INFO  main            d.u.i.k.p.r.p.TestFile    Now processing file /home/runner/work/key/key/key.core/../key.ui/examples/standard_key/inEqSimp/simplify1.key 
326474     INFO  main            d.u.i.k.p.i.AbstractProblemLoader Loading environment from /home/runner/work/key/key/key.core/../key.ui/examples/standard_key/inEqSimp/simplify1.key 
326474     DEBUG main            d.u.i.k.p.i.AbstractProblemLoader Environment load took 42.3ns 
326475     INFO  main            d.u.i.k.p.i.AbstractProblemLoader Creating init config 
328925     DEBUG main            d.u.i.k.p.i.AbstractProblemLoader Init config took 2.45s 
328937     INFO  main            d.u.i.k.p.i.AbstractProblemLoader Replaying proof simplify1.key 
328938     DEBUG main            d.u.i.k.p.i.IntermediateProofReplayer Proof replay took 2.8ns 
329039     INFO  main            d.u.i.k.p.r.p.TestFile    ... finished proof: closed. 
329369     INFO  main            d.u.i.k.p.i.AbstractProblemLoader Loading environment from /home/runner/work/key/key/key.core/../key.ui/examples/standard_key/inEqSimp/simplify1.key.proof 
329369     DEBUG main            d.u.i.k.p.i.AbstractProblemLoader Environment load took 72ns 
329370     INFO  main            d.u.i.k.p.i.AbstractProblemLoader Creating init config 
331778     DEBUG main            d.u.i.k.p.i.AbstractProblemLoader Init config took 2.41s 
331799     INFO  main            d.u.i.k.p.i.AbstractProblemLoader Replaying proof simplify1.key.proof 
331801     DEBUG main            d.u.i.k.p.i.IntermediateProofReplayer Proof replay took 714.9ns 
331802     DEBUG main            d.u.i.k.p.r.p.TestFile    ... success: reloaded. 
331802     INFO  main            d.u.i.k.p.r.p.TestFile    Now processing file /home/runner/work/key/key/key.core/../key.ui/examples/standard_key/inEqSimp/simplify2.key 
331802     INFO  main            d.u.i.k.p.i.AbstractProblemLoader Loading environment from /home/runner/work/key/key/key.core/../key.ui/examples/standard_key/inEqSimp/simplify2.key 
331802     DEBUG main            d.u.i.k.p.i.AbstractProblemLoader Environment load took 44.7ns 
331803     INFO  main            d.u.i.k.p.i.AbstractProblemLoader Creating init config 
334244     DEBUG main            d.u.i.k.p.i.AbstractProblemLoader Init config took 2.44s 
334257     INFO  main            d.u.i.k.p.i.AbstractProblemLoader Replaying proof simplify2.key 
334258     DEBUG main            d.u.i.k.p.i.IntermediateProofReplayer Proof replay took 2.3ns 
334360     INFO  main            d.u.i.k.p.r.p.TestFile    ... finished proof: closed. 
334712     INFO  main            d.u.i.k.p.i.AbstractProblemLoader Loading environment from /home/runner/work/key/key/key.core/../key.ui/examples/standard_key/inEqSimp/simplify2.key.proof 
334712     DEBUG main            d.u.i.k.p.i.AbstractProblemLoader Environment load took 74.9ns 
334713     INFO  main            d.u.i.k.p.i.AbstractProblemLoader Creating init config 
337175     DEBUG main            d.u.i.k.p.i.AbstractProblemLoader Init config took 2.46s 
337188     INFO  main            d.u.i.k.p.i.AbstractProblemLoader Replaying proof simplify2.key.proof 
337195     DEBUG main            d.u.i.k.p.i.IntermediateProofReplayer Proof replay took 5.62ms 
337196     DEBUG main            d.u.i.k.p.r.p.TestFile    ... success: reloaded. 
337196     INFO  main            d.u.i.k.p.r.p.TestFile    Now processing file /home/runner/work/key/key/key.core/../key.ui/examples/standard_key/inEqSimp/simplify3.key 
337196     INFO  main            d.u.i.k.p.i.AbstractProblemLoader Loading environment from /home/runner/work/key/key/key.core/../key.ui/examples/standard_key/inEqSimp/simplify3.key 
337196     DEBUG main            d.u.i.k.p.i.AbstractProblemLoader Environment load took 43ns 
337197     INFO  main            d.u.i.k.p.i.AbstractProblemLoader Creating init config 
339642     DEBUG main            d.u.i.k.p.i.AbstractProblemLoader Init config took 2.45s 
339655     INFO  main            d.u.i.k.p.i.AbstractProblemLoader Replaying proof simplify3.key 
339656     DEBUG main            d.u.i.k.p.i.IntermediateProofReplayer Proof replay took 3ns 
339757     INFO  main            d.u.i.k.p.r.p.TestFile    ... finished proof: closed. 
340106     INFO  main            d.u.i.k.p.i.AbstractProblemLoader Loading environment from /home/runner/work/key/key/key.core/../key.ui/examples/standard_key/inEqSimp/simplify3.key.proof 
340106     DEBUG main            d.u.i.k.p.i.AbstractProblemLoader Environment load took 74.1ns 
340106     INFO  main            d.u.i.k.p.i.AbstractProblemLoader Creating init config 
342524     DEBUG main            d.u.i.k.p.i.AbstractProblemLoader Init config took 2.42s 
342537     INFO  main            d.u.i.k.p.i.AbstractProblemLoader Replaying proof simplify3.key.proof 
342540     DEBUG main            d.u.i.k.p.i.IntermediateProofReplayer Proof replay took 1.24ms 
342540     DEBUG main            d.u.i.k.p.r.p.TestFile    ... success: reloaded. 
342541     INFO  main            d.u.i.k.p.r.p.TestFile    Now processing file /home/runner/work/key/key/key.core/../key.ui/examples/standard_key/inEqSimp/simplify4.key 
342541     INFO  main            d.u.i.k.p.i.AbstractProblemLoader Loading environment from /home/runner/work/key/key/key.core/../key.ui/examples/standard_key/inEqSimp/simplify4.key 
342541     DEBUG main            d.u.i.k.p.i.AbstractProblemLoader Environment load took 60.2ns 
342542     INFO  main            d.u.i.k.p.i.AbstractProblemLoader Creating init config 
345009     DEBUG main            d.u.i.k.p.i.AbstractProblemLoader Init config took 2.47s 
345021     INFO  main            d.u.i.k.p.i.AbstractProblemLoader Replaying proof simplify4.key 
345022     DEBUG main            d.u.i.k.p.i.IntermediateProofReplayer Proof replay took 2.7ns 
345124     INFO  main            d.u.i.k.p.r.p.TestFile    ... finished proof: closed. 
345483     INFO  main            d.u.i.k.p.i.AbstractProblemLoader Loading environment from /home/runner/work/key/key/key.core/../key.ui/examples/standard_key/inEqSimp/simplify4.key.proof 
345483     DEBUG main            d.u.i.k.p.i.AbstractProblemLoader Environment load took 78.1ns 
345484     INFO  main            d.u.i.k.p.i.AbstractProblemLoader Creating init config 
347897     DEBUG main            d.u.i.k.p.i.AbstractProblemLoader Init config took 2.41s 
347910     INFO  main            d.u.i.k.p.i.AbstractProblemLoader Replaying proof simplify4.key.proof 
347916     DEBUG main            d.u.i.k.p.i.IntermediateProofReplayer Proof replay took 4.58ms 
347917     DEBUG main            d.u.i.k.p.r.p.TestFile    ... success: reloaded. 
347918     INFO  main            d.u.i.k.p.r.p.TestFile    Now processing file /home/runner/work/key/key/key.core/../key.ui/examples/standard_key/inEqSimp/simplify5.key 
347918     INFO  main            d.u.i.k.p.i.AbstractProblemLoader Loading environment from /home/runner/work/key/key/key.core/../key.ui/examples/standard_key/inEqSimp/simplify5.key 
347918     DEBUG main            d.u.i.k.p.i.AbstractProblemLoader Environment load took 67.2ns 
347919     INFO  main            d.u.i.k.p.i.AbstractProblemLoader Creating init config 
350362     DEBUG main            d.u.i.k.p.i.AbstractProblemLoader Init config took 2.44s 
350375     INFO  main            d.u.i.k.p.i.AbstractProblemLoader Replaying proof simplify5.key 
350376     DEBUG main            d.u.i.k.p.i.IntermediateProofReplayer Proof replay took 2.5ns 
350880     INFO  main            d.u.i.k.p.r.p.TestFile    ... finished proof: closed. 
351266     INFO  main            d.u.i.k.p.i.AbstractProblemLoader Loading environment from /home/runner/work/key/key/key.core/../key.ui/examples/standard_key/inEqSimp/simplify5.key.proof 
351266     DEBUG main            d.u.i.k.p.i.AbstractProblemLoader Environment load took 91.3ns 
351267     INFO  main            d.u.i.k.p.i.AbstractProblemLoader Creating init config 
353693     DEBUG main            d.u.i.k.p.i.AbstractProblemLoader Init config took 2.43s 
353706     INFO  main            d.u.i.k.p.i.AbstractProblemLoader Replaying proof simplify5.key.proof 
353741     DEBUG main            d.u.i.k.p.i.IntermediateProofReplayer Proof replay took 30.23ms 
353742     DEBUG main            d.u.i.k.p.r.p.TestFile    ... success: reloaded. 
353743     INFO  main            d.u.i.k.p.r.p.TestFile    Now processing file /home/runner/work/key/key/key.core/../key.ui/examples/standard_key/inEqSimp/subsumptionExample.key 
353743     INFO  main            d.u.i.k.p.i.AbstractProblemLoader Loading environment from /home/runner/work/key/key/key.core/../key.ui/examples/standard_key/inEqSimp/subsumptionExample.key 
353743     DEBUG main            d.u.i.k.p.i.AbstractProblemLoader Environment load took 75.2ns 
353744     INFO  main            d.u.i.k.p.i.AbstractProblemLoader Creating init config 
356214     DEBUG main            d.u.i.k.p.i.AbstractProblemLoader Init config took 2.47s 
356226     INFO  main            d.u.i.k.p.i.AbstractProblemLoader Replaying proof subsumptionExample.key 
356227     DEBUG main            d.u.i.k.p.i.IntermediateProofReplayer Proof replay took 2.6ns 
356330     INFO  main            d.u.i.k.p.r.p.TestFile    ... finished proof: closed. 
356702     INFO  main            d.u.i.k.p.i.AbstractProblemLoader Loading environment from /home/runner/work/key/key/key.core/../key.ui/examples/standard_key/inEqSimp/subsumptionExample.key.proof 
356702     DEBUG main            d.u.i.k.p.i.AbstractProblemLoader Environment load took 76.2ns 
356704     INFO  main            d.u.i.k.p.i.AbstractProblemLoader Creating init config 
359117     DEBUG main            d.u.i.k.p.i.AbstractProblemLoader Init config took 2.41s 
359129     INFO  main            d.u.i.k.p.i.AbstractProblemLoader Replaying proof subsumptionExample.key.proof 
359131     DEBUG main            d.u.i.k.p.i.IntermediateProofReplayer Proof replay took 501ns 
359132     DEBUG main            d.u.i.k.p.r.p.TestFile    ... success: reloaded. 
359132     INFO  main            d.u.i.k.p.r.p.TestFile    Now processing file /home/runner/work/key/key/key.core/../key.ui/examples/standard_key/polySimp/simplify0.key 
359132     INFO  main            d.u.i.k.p.i.AbstractProblemLoader Loading environment from /home/runner/work/key/key/key.core/../key.ui/examples/standard_key/polySimp/simplify0.key 
359132     DEBUG main            d.u.i.k.p.i.AbstractProblemLoader Environment load took 43.3ns 
359133     INFO  main            d.u.i.k.p.i.AbstractProblemLoader Creating init config 
361624     DEBUG main            d.u.i.k.p.i.AbstractProblemLoader Init config took 2.49s 
361639     INFO  main            d.u.i.k.p.i.AbstractProblemLoader Replaying proof simplify0.key 
361640     DEBUG main            d.u.i.k.p.i.IntermediateProofReplayer Proof replay took 2.3ns 
361842     INFO  main            d.u.i.k.p.r.p.TestFile    ... finished proof: closed. 
362228     INFO  main            d.u.i.k.p.i.AbstractProblemLoader Loading environment from /home/runner/work/key/key/key.core/../key.ui/examples/standard_key/polySimp/simplify0.key.proof 
362228     DEBUG main            d.u.i.k.p.i.AbstractProblemLoader Environment load took 77.1ns 
362231     INFO  main            d.u.i.k.p.i.AbstractProblemLoader Creating init config 
364644     DEBUG main            d.u.i.k.p.i.AbstractProblemLoader Init config took 2.41s 
364661     INFO  main            d.u.i.k.p.i.AbstractProblemLoader Replaying proof simplify0.key.proof 
364670     DEBUG main            d.u.i.k.p.i.IntermediateProofReplayer Proof replay took 4.46ms 
364671     DEBUG main            d.u.i.k.p.r.p.TestFile    ... success: reloaded. 
364671     INFO  main            d.u.i.k.p.r.p.TestFile    Now processing file /home/runner/work/key/key/key.core/../key.ui/examples/standard_key/polySimp/simplify1.key 
364672     INFO  main            d.u.i.k.p.i.AbstractProblemLoader Loading environment from /home/runner/work/key/key/key.core/../key.ui/examples/standard_key/polySimp/simplify1.key 
364672     DEBUG main            d.u.i.k.p.i.AbstractProblemLoader Environment load took 76.6ns 
364674     INFO  main            d.u.i.k.p.i.AbstractProblemLoader Creating init config 
367111     DEBUG main            d.u.i.k.p.i.AbstractProblemLoader Init config took 2.44s 
367124     INFO  main            d.u.i.k.p.i.AbstractProblemLoader Replaying proof simplify1.key 
367125     DEBUG main            d.u.i.k.p.i.IntermediateProofReplayer Proof replay took 2.3ns 
367433     INFO  main            d.u.i.k.p.r.p.TestFile    ... finished proof: closed. 
367810     INFO  main            d.u.i.k.p.i.AbstractProblemLoader Loading environment from /home/runner/work/key/key/key.core/../key.ui/examples/standard_key/polySimp/simplify1.key.proof 
367810     DEBUG main            d.u.i.k.p.i.AbstractProblemLoader Environment load took 68.7ns 
367811     INFO  main            d.u.i.k.p.i.AbstractProblemLoader Creating init config 
370221     DEBUG main            d.u.i.k.p.i.AbstractProblemLoader Init config took 2.41s 
370235     INFO  main            d.u.i.k.p.i.AbstractProblemLoader Replaying proof simplify1.key.proof 
370243     DEBUG main            d.u.i.k.p.i.IntermediateProofReplayer Proof replay took 6.17ms 
370245     DEBUG main            d.u.i.k.p.r.p.TestFile    ... success: reloaded. 
370245     INFO  main            d.u.i.k.p.r.p.TestFile    Now processing file /home/runner/work/key/key/key.core/../key.ui/examples/standard_key/polySimp/simplify10.key 
370245     INFO  main            d.u.i.k.p.i.AbstractProblemLoader Loading environment from /home/runner/work/key/key/key.core/../key.ui/examples/standard_key/polySimp/simplify10.key 
370245     DEBUG main            d.u.i.k.p.i.AbstractProblemLoader Environment load took 41ns 
370247     INFO  main            d.u.i.k.p.i.AbstractProblemLoader Creating init config 
372698     DEBUG main            d.u.i.k.p.i.AbstractProblemLoader Init config took 2.45s 
372711     INFO  main            d.u.i.k.p.i.AbstractProblemLoader Replaying proof simplify10.key 
372712     DEBUG main            d.u.i.k.p.i.IntermediateProofReplayer Proof replay took 2.7ns 
372915     INFO  main            d.u.i.k.p.r.p.TestFile    ... finished proof: closed. 
373332     INFO  main            d.u.i.k.p.i.AbstractProblemLoader Loading environment from /home/runner/work/key/key/key.core/../key.ui/examples/standard_key/polySimp/simplify10.key.proof 
373332     DEBUG main            d.u.i.k.p.i.AbstractProblemLoader Environment load took 109.9ns 
373334     INFO  main            d.u.i.k.p.i.AbstractProblemLoader Creating init config 
375749     DEBUG main            d.u.i.k.p.i.AbstractProblemLoader Init config took 2.42s 
375765     INFO  main            d.u.i.k.p.i.AbstractProblemLoader Replaying proof simplify10.key.proof 
375775     DEBUG main            d.u.i.k.p.i.IntermediateProofReplayer Proof replay took 8.15ms 
375777     DEBUG main            d.u.i.k.p.r.p.TestFile    ... success: reloaded. 
375777     INFO  main            d.u.i.k.p.r.p.TestFile    Now processing file /home/runner/work/key/key/key.core/../key.ui/examples/standard_key/polySimp/simplify11.key 
375777     INFO  main            d.u.i.k.p.i.AbstractProblemLoader Loading environment from /home/runner/work/key/key/key.core/../key.ui/examples/standard_key/polySimp/simplify11.key 
375777     DEBUG main            d.u.i.k.p.i.AbstractProblemLoader Environment load took 46.5ns 
375778     INFO  main            d.u.i.k.p.i.AbstractProblemLoader Creating init config 
378231     DEBUG main            d.u.i.k.p.i.AbstractProblemLoader Init config took 2.45s 
378243     INFO  main            d.u.i.k.p.i.AbstractProblemLoader Replaying proof simplify11.key 
378244     DEBUG main            d.u.i.k.p.i.IntermediateProofReplayer Proof replay took 2.6ns 
378446     INFO  main            d.u.i.k.p.r.p.TestFile    ... finished proof: closed. 
378844     INFO  main            d.u.i.k.p.i.AbstractProblemLoader Loading environment from /home/runner/work/key/key/key.core/../key.ui/examples/standard_key/polySimp/simplify11.key.proof 
378844     DEBUG main            d.u.i.k.p.i.AbstractProblemLoader Environment load took 72.8ns 
378846     INFO  main            d.u.i.k.p.i.AbstractProblemLoader Creating init config 
381255     DEBUG main            d.u.i.k.p.i.AbstractProblemLoader Init config took 2.41s 
381269     INFO  main            d.u.i.k.p.i.AbstractProblemLoader Replaying proof simplify11.key.proof 
381278     DEBUG main            d.u.i.k.p.i.IntermediateProofReplayer Proof replay took 6.85ms 
381279     DEBUG main            d.u.i.k.p.r.p.TestFile    ... success: reloaded. 
381279     INFO  main            d.u.i.k.p.r.p.TestFile    Now processing file /home/runner/work/key/key/key.core/../key.ui/examples/standard_key/polySimp/simplify12.key 
381279     INFO  main            d.u.i.k.p.i.AbstractProblemLoader Loading environment from /home/runner/work/key/key/key.core/../key.ui/examples/standard_key/polySimp/simplify12.key 
381279     DEBUG main            d.u.i.k.p.i.AbstractProblemLoader Environment load took 38ns 
381280     INFO  main            d.u.i.k.p.i.AbstractProblemLoader Creating init config 
383733     DEBUG main            d.u.i.k.p.i.AbstractProblemLoader Init config took 2.45s 
383746     INFO  main            d.u.i.k.p.i.AbstractProblemLoader Replaying proof simplify12.key 
383747     DEBUG main            d.u.i.k.p.i.IntermediateProofReplayer Proof replay took 2.5ns 
383850     INFO  main            d.u.i.k.p.r.p.TestFile    ... finished proof: closed. 
384256     INFO  main            d.u.i.k.p.i.AbstractProblemLoader Loading environment from /home/runner/work/key/key/key.core/../key.ui/examples/standard_key/polySimp/simplify12.key.proof 
384256     DEBUG main            d.u.i.k.p.i.AbstractProblemLoader Environment load took 70.6ns 
384257     INFO  main            d.u.i.k.p.i.AbstractProblemLoader Creating init config 
386677     DEBUG main            d.u.i.k.p.i.AbstractProblemLoader Init config took 2.42s 
386690     INFO  main            d.u.i.k.p.i.AbstractProblemLoader Replaying proof simplify12.key.proof 
386695     DEBUG main            d.u.i.k.p.i.IntermediateProofReplayer Proof replay took 3.35ms 
386696     DEBUG main            d.u.i.k.p.r.p.TestFile    ... success: reloaded. 
386696     INFO  main            d.u.i.k.p.r.p.TestFile    Now processing file /home/runner/work/key/key/key.core/../key.ui/examples/standard_key/polySimp/simplify13.key 
386697     INFO  main            d.u.i.k.p.i.AbstractProblemLoader Loading environment from /home/runner/work/key/key/key.core/../key.ui/examples/standard_key/polySimp/simplify13.key 
386697     DEBUG main            d.u.i.k.p.i.AbstractProblemLoader Environment load took 40.6ns 
386698     INFO  main            d.u.i.k.p.i.AbstractProblemLoader Creating init config 
389151     DEBUG main            d.u.i.k.p.i.AbstractProblemLoader Init config took 2.45s 
389163     INFO  main            d.u.i.k.p.i.AbstractProblemLoader Replaying proof simplify13.key 
389164     DEBUG main            d.u.i.k.p.i.IntermediateProofReplayer Proof replay took 2.5ns 
389265     INFO  main            d.u.i.k.p.r.p.TestFile    ... finished proof: closed. 
389666     INFO  main            d.u.i.k.p.i.AbstractProblemLoader Loading environment from /home/runner/work/key/key/key.core/../key.ui/examples/standard_key/polySimp/simplify13.key.proof 
389666     DEBUG main            d.u.i.k.p.i.AbstractProblemLoader Environment load took 71.6ns 
389667     INFO  main            d.u.i.k.p.i.AbstractProblemLoader Creating init config 
392079     DEBUG main            d.u.i.k.p.i.AbstractProblemLoader Init config took 2.41s 
392092     INFO  main            d.u.i.k.p.i.AbstractProblemLoader Replaying proof simplify13.key.proof 
392095     DEBUG main            d.u.i.k.p.i.IntermediateProofReplayer Proof replay took 2ms 
392096     DEBUG main            d.u.i.k.p.r.p.TestFile    ... success: reloaded. 
392096     INFO  main            d.u.i.k.p.r.p.TestFile    Now processing file /home/runner/work/key/key/key.core/../key.ui/examples/standard_key/polySimp/simplify14.key 
392096     INFO  main            d.u.i.k.p.i.AbstractProblemLoader Loading environment from /home/runner/work/key/key/key.core/../key.ui/examples/standard_key/polySimp/simplify14.key 
392096     DEBUG main            d.u.i.k.p.i.AbstractProblemLoader Environment load took 43ns 
392097     INFO  main            d.u.i.k.p.i.AbstractProblemLoader Creating init config 
394570     DEBUG main            d.u.i.k.p.i.AbstractProblemLoader Init config took 2.47s 
394584     INFO  main            d.u.i.k.p.i.AbstractProblemLoader Replaying proof simplify14.key 
394584     DEBUG main            d.u.i.k.p.i.IntermediateProofReplayer Proof replay took 3ns 
394686     INFO  main            d.u.i.k.p.r.p.TestFile    ... finished proof: closed. 
395085     INFO  main            d.u.i.k.p.i.AbstractProblemLoader Loading environment from /home/runner/work/key/key/key.core/../key.ui/examples/standard_key/polySimp/simplify14.key.proof 
395085     DEBUG main            d.u.i.k.p.i.AbstractProblemLoader Environment load took 72.4ns 
395086     INFO  main            d.u.i.k.p.i.AbstractProblemLoader Creating init config 
397498     DEBUG main            d.u.i.k.p.i.AbstractProblemLoader Init config took 2.41s 
397512     INFO  main            d.u.i.k.p.i.AbstractProblemLoader Replaying proof simplify14.key.proof 
397513     DEBUG main            d.u.i.k.p.i.IntermediateProofReplayer Proof replay took 424.1ns 
397514     DEBUG main            d.u.i.k.p.r.p.TestFile    ... success: reloaded. 
397514     INFO  main            d.u.i.k.p.r.p.TestFile    Now processing file /home/runner/work/key/key/key.core/../key.ui/examples/standard_key/polySimp/simplify15.key 
397514     INFO  main            d.u.i.k.p.i.AbstractProblemLoader Loading environment from /home/runner/work/key/key/key.core/../key.ui/examples/standard_key/polySimp/simplify15.key 
397514     DEBUG main            d.u.i.k.p.i.AbstractProblemLoader Environment load took 39.5ns 
397515     INFO  main            d.u.i.k.p.i.AbstractProblemLoader Creating init config 
399970     DEBUG main            d.u.i.k.p.i.AbstractProblemLoader Init config took 2.45s 
399982     INFO  main            d.u.i.k.p.i.AbstractProblemLoader Replaying proof simplify15.key 
399983     DEBUG main            d.u.i.k.p.i.IntermediateProofReplayer Proof replay took 2.4ns 
400084     INFO  main            d.u.i.k.p.r.p.TestFile    ... finished proof: closed. 
400483     INFO  main            d.u.i.k.p.i.AbstractProblemLoader Loading environment from /home/runner/work/key/key/key.core/../key.ui/examples/standard_key/polySimp/simplify15.key.proof 
400484     DEBUG main            d.u.i.k.p.i.AbstractProblemLoader Environment load took 67.8ns 
400484     INFO  main            d.u.i.k.p.i.AbstractProblemLoader Creating init config 
402894     DEBUG main            d.u.i.k.p.i.AbstractProblemLoader Init config took 2.41s 
402906     INFO  main            d.u.i.k.p.i.AbstractProblemLoader Replaying proof simplify15.key.proof 
402907     DEBUG main            d.u.i.k.p.i.IntermediateProofReplayer Proof replay took 281.3ns 
402908     DEBUG main            d.u.i.k.p.r.p.TestFile    ... success: reloaded. 
402909     INFO  main            d.u.i.k.p.r.p.TestFile    Now processing file /home/runner/work/key/key/key.core/../key.ui/examples/standard_key/polySimp/simplify16.key 
402909     INFO  main            d.u.i.k.p.i.AbstractProblemLoader Loading environment from /home/runner/work/key/key/key.core/../key.ui/examples/standard_key/polySimp/simplify16.key 
402909     DEBUG main            d.u.i.k.p.i.AbstractProblemLoader Environment load took 53.6ns 
402910     INFO  main            d.u.i.k.p.i.AbstractProblemLoader Creating init config 
405372     DEBUG main            d.u.i.k.p.i.AbstractProblemLoader Init config took 2.46s 
405384     INFO  main            d.u.i.k.p.i.AbstractProblemLoader Replaying proof simplify16.key 
405385     DEBUG main            d.u.i.k.p.i.IntermediateProofReplayer Proof replay took 2.4ns 
405486     INFO  main            d.u.i.k.p.r.p.TestFile    ... finished proof: closed. 
405893     INFO  main            d.u.i.k.p.i.AbstractProblemLoader Loading environment from /home/runner/work/key/key/key.core/../key.ui/examples/standard_key/polySimp/simplify16.key.proof 
405893     DEBUG main            d.u.i.k.p.i.AbstractProblemLoader Environment load took 66.4ns 
405894     INFO  main            d.u.i.k.p.i.AbstractProblemLoader Creating init config 
408310     DEBUG main            d.u.i.k.p.i.AbstractProblemLoader Init config took 2.42s 
408322     INFO  main            d.u.i.k.p.i.AbstractProblemLoader Replaying proof simplify16.key.proof 
408323     DEBUG main            d.u.i.k.p.i.IntermediateProofReplayer Proof replay took 187.5ns 
408324     DEBUG main            d.u.i.k.p.r.p.TestFile    ... success: reloaded. 
408324     INFO  main            d.u.i.k.p.r.p.TestFile    Now processing file /home/runner/work/key/key/key.core/../key.ui/examples/standard_key/polySimp/simplify17.key 
408324     INFO  main            d.u.i.k.p.i.AbstractProblemLoader Loading environment from /home/runner/work/key/key/key.core/../key.ui/examples/standard_key/polySimp/simplify17.key 
408324     DEBUG main            d.u.i.k.p.i.AbstractProblemLoader Environment load took 54.2ns 
408325     INFO  main            d.u.i.k.p.i.AbstractProblemLoader Creating init config 
410770     DEBUG main            d.u.i.k.p.i.AbstractProblemLoader Init config took 2.44s 
410782     INFO  main            d.u.i.k.p.i.AbstractProblemLoader Replaying proof simplify17.key 
410783     DEBUG main            d.u.i.k.p.i.IntermediateProofReplayer Proof replay took 2.7ns 
410885     INFO  main            d.u.i.k.p.r.p.TestFile    ... finished proof: closed. 
411305     INFO  main            d.u.i.k.p.i.AbstractProblemLoader Loading environment from /home/runner/work/key/key/key.core/../key.ui/examples/standard_key/polySimp/simplify17.key.proof 
411305     DEBUG main            d.u.i.k.p.i.AbstractProblemLoader Environment load took 75.6ns 
411306     INFO  main            d.u.i.k.p.i.AbstractProblemLoader Creating init config 
413721     DEBUG main            d.u.i.k.p.i.AbstractProblemLoader Init config took 2.42s 
413734     INFO  main            d.u.i.k.p.i.AbstractProblemLoader Replaying proof simplify17.key.proof 
413738     DEBUG main            d.u.i.k.p.i.IntermediateProofReplayer Proof replay took 2.67ms 
413738     DEBUG main            d.u.i.k.p.r.p.TestFile    ... success: reloaded. 
413739     INFO  main            d.u.i.k.p.r.p.TestFile    Now processing file /home/runner/work/key/key/key.core/../key.ui/examples/standard_key/polySimp/simplify18.key 
413739     INFO  main            d.u.i.k.p.i.AbstractProblemLoader Loading environment from /home/runner/work/key/key/key.core/../key.ui/examples/standard_key/polySimp/simplify18.key 
413739     DEBUG main            d.u.i.k.p.i.AbstractProblemLoader Environment load took 45.7ns 
413740     INFO  main            d.u.i.k.p.i.AbstractProblemLoader Creating init config 
416218     DEBUG main            d.u.i.k.p.i.AbstractProblemLoader Init config took 2.48s 
416231     INFO  main            d.u.i.k.p.i.AbstractProblemLoader Replaying proof simplify18.key 
416232     DEBUG main            d.u.i.k.p.i.IntermediateProofReplayer Proof replay took 2.4ns 
416434     INFO  main            d.u.i.k.p.r.p.TestFile    ... finished proof: closed. 
416865     INFO  main            d.u.i.k.p.i.AbstractProblemLoader Loading environment from /home/runner/work/key/key/key.core/../key.ui/examples/standard_key/polySimp/simplify18.key.proof 
416865     DEBUG main            d.u.i.k.p.i.AbstractProblemLoader Environment load took 75.7ns 
416866     INFO  main            d.u.i.k.p.i.AbstractProblemLoader Creating init config 
419291     DEBUG main            d.u.i.k.p.i.AbstractProblemLoader Init config took 2.42s 
419304     INFO  main            d.u.i.k.p.i.AbstractProblemLoader Replaying proof simplify18.key.proof 
419311     DEBUG main            d.u.i.k.p.i.IntermediateProofReplayer Proof replay took 5.64ms 
419312     DEBUG main            d.u.i.k.p.r.p.TestFile    ... success: reloaded. 
419313     INFO  main            d.u.i.k.p.r.p.TestFile    Now processing file /home/runner/work/key/key/key.core/../key.ui/examples/standard_key/polySimp/simplify19.key 
419313     INFO  main            d.u.i.k.p.i.AbstractProblemLoader Loading environment from /home/runner/work/key/key/key.core/../key.ui/examples/standard_key/polySimp/simplify19.key 
419313     DEBUG main            d.u.i.k.p.i.AbstractProblemLoader Environment load took 39.2ns 
419314     INFO  main            d.u.i.k.p.i.AbstractProblemLoader Creating init config 
421763     DEBUG main            d.u.i.k.p.i.AbstractProblemLoader Init config took 2.45s 
421775     INFO  main            d.u.i.k.p.i.AbstractProblemLoader Replaying proof simplify19.key 
421776     DEBUG main            d.u.i.k.p.i.IntermediateProofReplayer Proof replay took 2.9ns 
424844     INFO  main            d.u.i.k.p.r.p.TestFile    ... finished proof: closed. 
425298     INFO  main            d.u.i.k.p.i.AbstractProblemLoader Loading environment from /home/runner/work/key/key/key.core/../key.ui/examples/standard_key/polySimp/simplify19.key.proof 
425298     DEBUG main            d.u.i.k.p.i.AbstractProblemLoader Environment load took 76.9ns 
425299     INFO  main            d.u.i.k.p.i.AbstractProblemLoader Creating init config 
427799     DEBUG main            d.u.i.k.p.i.AbstractProblemLoader Init config took 2.5s 
427815     INFO  main            d.u.i.k.p.i.AbstractProblemLoader Replaying proof simplify19.key.proof 
427926     DEBUG main            d.u.i.k.p.i.IntermediateProofReplayer Proof replay took 97.81ms 
427927     DEBUG main            d.u.i.k.p.r.p.TestFile    ... success: reloaded. 
427928     INFO  main            d.u.i.k.p.r.p.TestFile    Now processing file /home/runner/work/key/key/key.core/../key.ui/examples/standard_key/polySimp/simplify2.key 
427928     INFO  main            d.u.i.k.p.i.AbstractProblemLoader Loading environment from /home/runner/work/key/key/key.core/../key.ui/examples/standard_key/polySimp/simplify2.key 
427928     DEBUG main            d.u.i.k.p.i.AbstractProblemLoader Environment load took 209.5ns 
427929     INFO  main            d.u.i.k.p.i.AbstractProblemLoader Creating init config 
430452     DEBUG main            d.u.i.k.p.i.AbstractProblemLoader Init config took 2.52s 
430465     INFO  main            d.u.i.k.p.i.AbstractProblemLoader Replaying proof simplify2.key 
430465     DEBUG main            d.u.i.k.p.i.IntermediateProofReplayer Proof replay took 2.3ns 
430567     INFO  main            d.u.i.k.p.r.p.TestFile    ... finished proof: closed. 
431041     INFO  main            d.u.i.k.p.i.AbstractProblemLoader Loading environment from /home/runner/work/key/key/key.core/../key.ui/examples/standard_key/polySimp/simplify2.key.proof 
431041     DEBUG main            d.u.i.k.p.i.AbstractProblemLoader Environment load took 68.9ns 
431042     INFO  main            d.u.i.k.p.i.AbstractProblemLoader Creating init config 
433445     DEBUG main            d.u.i.k.p.i.AbstractProblemLoader Init config took 2.4s 
433458     INFO  main            d.u.i.k.p.i.AbstractProblemLoader Replaying proof simplify2.key.proof 
433459     DEBUG main            d.u.i.k.p.i.IntermediateProofReplayer Proof replay took 428.1ns 
433460     DEBUG main            d.u.i.k.p.r.p.TestFile    ... success: reloaded. 
433460     INFO  main            d.u.i.k.p.r.p.TestFile    Now processing file /home/runner/work/key/key/key.core/../key.ui/examples/standard_key/polySimp/simplify20.key 
433460     INFO  main            d.u.i.k.p.i.AbstractProblemLoader Loading environment from /home/runner/work/key/key/key.core/../key.ui/examples/standard_key/polySimp/simplify20.key 
433460     DEBUG main            d.u.i.k.p.i.AbstractProblemLoader Environment load took 37.6ns 
433461     INFO  main            d.u.i.k.p.i.AbstractProblemLoader Creating init config 
435904     DEBUG main            d.u.i.k.p.i.AbstractProblemLoader Init config took 2.44s 
435916     INFO  main            d.u.i.k.p.i.AbstractProblemLoader Replaying proof simplify20.key 
435917     DEBUG main            d.u.i.k.p.i.IntermediateProofReplayer Proof replay took 2.3ns 
436525     INFO  main            d.u.i.k.p.r.p.TestFile    ... finished proof: closed. 
436982     INFO  main            d.u.i.k.p.i.AbstractProblemLoader Loading environment from /home/runner/work/key/key/key.core/../key.ui/examples/standard_key/polySimp/simplify20.key.proof 
436983     DEBUG main            d.u.i.k.p.i.AbstractProblemLoader Environment load took 125.2ns 
436984     INFO  main            d.u.i.k.p.i.AbstractProblemLoader Creating init config 
439392     DEBUG main            d.u.i.k.p.i.AbstractProblemLoader Init config took 2.41s 
439406     INFO  main            d.u.i.k.p.i.AbstractProblemLoader Replaying proof simplify20.key.proof 
439434     DEBUG main            d.u.i.k.p.i.IntermediateProofReplayer Proof replay took 23.97ms 
439435     DEBUG main            d.u.i.k.p.r.p.TestFile    ... success: reloaded. 
439436     INFO  main            d.u.i.k.p.r.p.TestFile    Now processing file /home/runner/work/key/key/key.core/../key.ui/examples/standard_key/polySimp/simplify21.key 
439436     INFO  main            d.u.i.k.p.i.AbstractProblemLoader Loading environment from /home/runner/work/key/key/key.core/../key.ui/examples/standard_key/polySimp/simplify21.key 
439436     DEBUG main            d.u.i.k.p.i.AbstractProblemLoader Environment load took 66.5ns 
439439     INFO  main            d.u.i.k.p.i.AbstractProblemLoader Creating init config 
441895     DEBUG main            d.u.i.k.p.i.AbstractProblemLoader Init config took 2.46s 
441909     INFO  main            d.u.i.k.p.i.AbstractProblemLoader Replaying proof simplify21.key 
441910     DEBUG main            d.u.i.k.p.i.IntermediateProofReplayer Proof replay took 2.7ns 
442514     INFO  main            d.u.i.k.p.r.p.TestFile    ... finished proof: closed. 
443008     INFO  main            d.u.i.k.p.i.AbstractProblemLoader Loading environment from /home/runner/work/key/key/key.core/../key.ui/examples/standard_key/polySimp/simplify21.key.proof 
443008     DEBUG main            d.u.i.k.p.i.AbstractProblemLoader Environment load took 72.3ns 
443010     INFO  main            d.u.i.k.p.i.AbstractProblemLoader Creating init config 
445430     DEBUG main            d.u.i.k.p.i.AbstractProblemLoader Init config took 2.42s 
445445     INFO  main            d.u.i.k.p.i.AbstractProblemLoader Replaying proof simplify21.key.proof 
445467     DEBUG main            d.u.i.k.p.i.IntermediateProofReplayer Proof replay took 17.79ms 
445469     DEBUG main            d.u.i.k.p.r.p.TestFile    ... success: reloaded. 
445469     INFO  main            d.u.i.k.p.r.p.TestFile    Now processing file /home/runner/work/key/key/key.core/../key.ui/examples/standard_key/polySimp/simplify22.key 
445469     INFO  main            d.u.i.k.p.i.AbstractProblemLoader Loading environment from /home/runner/work/key/key/key.core/../key.ui/examples/standard_key/polySimp/simplify22.key 
445469     DEBUG main            d.u.i.k.p.i.AbstractProblemLoader Environment load took 65.7ns 
445470     INFO  main            d.u.i.k.p.i.AbstractProblemLoader Creating init config 
447906     DEBUG main            d.u.i.k.p.i.AbstractProblemLoader Init config took 2.44s 
447919     INFO  main            d.u.i.k.p.i.AbstractProblemLoader Replaying proof simplify22.key 
447920     DEBUG main            d.u.i.k.p.i.IntermediateProofReplayer Proof replay took 2.7ns 
448021     INFO  main            d.u.i.k.p.r.p.TestFile    ... finished proof: closed. 
448484     INFO  main            d.u.i.k.p.i.AbstractProblemLoader Loading environment from /home/runner/work/key/key/key.core/../key.ui/examples/standard_key/polySimp/simplify22.key.proof 
448484     DEBUG main            d.u.i.k.p.i.AbstractProblemLoader Environment load took 70.8ns 
448485     INFO  main            d.u.i.k.p.i.AbstractProblemLoader Creating init config 
450893     DEBUG main            d.u.i.k.p.i.AbstractProblemLoader Init config took 2.41s 
450906     INFO  main            d.u.i.k.p.i.AbstractProblemLoader Replaying proof simplify22.key.proof 
450909     DEBUG main            d.u.i.k.p.i.IntermediateProofReplayer Proof replay took 1.74ms 
450909     DEBUG main            d.u.i.k.p.r.p.TestFile    ... success: reloaded. 
450910     INFO  main            d.u.i.k.p.r.p.TestFile    Now processing file /home/runner/work/key/key/key.core/../key.ui/examples/standard_key/polySimp/simplify23.key 
450910     INFO  main            d.u.i.k.p.i.AbstractProblemLoader Loading environment from /home/runner/work/key/key/key.core/../key.ui/examples/standard_key/polySimp/simplify23.key 
450910     DEBUG main            d.u.i.k.p.i.AbstractProblemLoader Environment load took 52.3ns 
450910     INFO  main            d.u.i.k.p.i.AbstractProblemLoader Creating init config 
453343     DEBUG main            d.u.i.k.p.i.AbstractProblemLoader Init config took 2.43s 
453356     INFO  main            d.u.i.k.p.i.AbstractProblemLoader Replaying proof simplify23.key 
453357     DEBUG main            d.u.i.k.p.i.IntermediateProofReplayer Proof replay took 2.9ns 
453458     INFO  main            d.u.i.k.p.r.p.TestFile    ... finished proof: closed. 
453915     INFO  main            d.u.i.k.p.i.AbstractProblemLoader Loading environment from /home/runner/work/key/key/key.core/../key.ui/examples/standard_key/polySimp/simplify23.key.proof 
453915     DEBUG main            d.u.i.k.p.i.AbstractProblemLoader Environment load took 72.9ns 
453916     INFO  main            d.u.i.k.p.i.AbstractProblemLoader Creating init config 
456320     DEBUG main            d.u.i.k.p.i.AbstractProblemLoader Init config took 2.4s 
456332     INFO  main            d.u.i.k.p.i.AbstractProblemLoader Replaying proof simplify23.key.proof 
456339     DEBUG main            d.u.i.k.p.i.IntermediateProofReplayer Proof replay took 4.88ms 
456340     DEBUG main            d.u.i.k.p.r.p.TestFile    ... success: reloaded. 
456340     INFO  main            d.u.i.k.p.r.p.TestFile    Now processing file /home/runner/work/key/key/key.core/../key.ui/examples/standard_key/polySimp/simplify24.key 
456340     INFO  main            d.u.i.k.p.i.AbstractProblemLoader Loading environment from /home/runner/work/key/key/key.core/../key.ui/examples/standard_key/polySimp/simplify24.key 
456340     DEBUG main            d.u.i.k.p.i.AbstractProblemLoader Environment load took 40.7ns 
456341     INFO  main            d.u.i.k.p.i.AbstractProblemLoader Creating init config 
458776     DEBUG main            d.u.i.k.p.i.AbstractProblemLoader Init config took 2.44s 
458789     INFO  main            d.u.i.k.p.i.AbstractProblemLoader Replaying proof simplify24.key 
458790     DEBUG main            d.u.i.k.p.i.IntermediateProofReplayer Proof replay took 2.5ns 
458891     INFO  main            d.u.i.k.p.r.p.TestFile    ... finished proof: closed. 
459348     INFO  main            d.u.i.k.p.i.AbstractProblemLoader Loading environment from /home/runner/work/key/key/key.core/../key.ui/examples/standard_key/polySimp/simplify24.key.proof 
459348     DEBUG main            d.u.i.k.p.i.AbstractProblemLoader Environment load took 71.1ns 
459349     INFO  main            d.u.i.k.p.i.AbstractProblemLoader Creating init config 
461751     DEBUG main            d.u.i.k.p.i.AbstractProblemLoader Init config took 2.4s 
461763     INFO  main            d.u.i.k.p.i.AbstractProblemLoader Replaying proof simplify24.key.proof 
461765     DEBUG main            d.u.i.k.p.i.IntermediateProofReplayer Proof replay took 1ms 
461766     DEBUG main            d.u.i.k.p.r.p.TestFile    ... success: reloaded. 
461766     INFO  main            d.u.i.k.p.r.p.TestFile    Now processing file /home/runner/work/key/key/key.core/../key.ui/examples/standard_key/polySimp/simplify25.key 
461766     INFO  main            d.u.i.k.p.i.AbstractProblemLoader Loading environment from /home/runner/work/key/key/key.core/../key.ui/examples/standard_key/polySimp/simplify25.key 
461767     DEBUG main            d.u.i.k.p.i.AbstractProblemLoader Environment load took 68.2ns 
461767     INFO  main            d.u.i.k.p.i.AbstractProblemLoader Creating init config 
464202     DEBUG main            d.u.i.k.p.i.AbstractProblemLoader Init config took 2.43s 
464215     INFO  main            d.u.i.k.p.i.AbstractProblemLoader Replaying proof simplify25.key 
464216     DEBUG main            d.u.i.k.p.i.IntermediateProofReplayer Proof replay took 3ns 
464317     INFO  main            d.u.i.k.p.r.p.TestFile    ... finished proof: closed. 
464774     INFO  main            d.u.i.k.p.i.AbstractProblemLoader Loading environment from /home/runner/work/key/key/key.core/../key.ui/examples/standard_key/polySimp/simplify25.key.proof 
464774     DEBUG main            d.u.i.k.p.i.AbstractProblemLoader Environment load took 68.8ns 
464775     INFO  main            d.u.i.k.p.i.AbstractProblemLoader Creating init config 
467177     DEBUG main            d.u.i.k.p.i.AbstractProblemLoader Init config took 2.4s 
467190     INFO  main            d.u.i.k.p.i.AbstractProblemLoader Replaying proof simplify25.key.proof 
467193     DEBUG main            d.u.i.k.p.i.IntermediateProofReplayer Proof replay took 1.31ms 
467193     DEBUG main            d.u.i.k.p.r.p.TestFile    ... success: reloaded. 
467194     INFO  main            d.u.i.k.p.r.p.TestFile    Now processing file /home/runner/work/key/key/key.core/../key.ui/examples/standard_key/polySimp/simplify3.key 
467194     INFO  main            d.u.i.k.p.i.AbstractProblemLoader Loading environment from /home/runner/work/key/key/key.core/../key.ui/examples/standard_key/polySimp/simplify3.key 
467194     DEBUG main            d.u.i.k.p.i.AbstractProblemLoader Environment load took 37.9ns 
467195     INFO  main            d.u.i.k.p.i.AbstractProblemLoader Creating init config 
469627     DEBUG main            d.u.i.k.p.i.AbstractProblemLoader Init config took 2.43s 
469640     INFO  main            d.u.i.k.p.i.AbstractProblemLoader Replaying proof simplify3.key 
469640     DEBUG main            d.u.i.k.p.i.IntermediateProofReplayer Proof replay took 3.1ns 
469742     INFO  main            d.u.i.k.p.r.p.TestFile    ... finished proof: closed. 
470203     INFO  main            d.u.i.k.p.i.AbstractProblemLoader Loading environment from /home/runner/work/key/key/key.core/../key.ui/examples/standard_key/polySimp/simplify3.key.proof 
470203     DEBUG main            d.u.i.k.p.i.AbstractProblemLoader Environment load took 66.2ns 
470204     INFO  main            d.u.i.k.p.i.AbstractProblemLoader Creating init config 
472603     DEBUG main            d.u.i.k.p.i.AbstractProblemLoader Init config took 2.4s 
472616     INFO  main            d.u.i.k.p.i.AbstractProblemLoader Replaying proof simplify3.key.proof 
472617     DEBUG main            d.u.i.k.p.i.IntermediateProofReplayer Proof replay took 449ns 
472618     DEBUG main            d.u.i.k.p.r.p.TestFile    ... success: reloaded. 
472618     INFO  main            d.u.i.k.p.r.p.TestFile    Now processing file /home/runner/work/key/key/key.core/../key.ui/examples/standard_key/polySimp/simplify4.key 
472618     INFO  main            d.u.i.k.p.i.AbstractProblemLoader Loading environment from /home/runner/work/key/key/key.core/../key.ui/examples/standard_key/polySimp/simplify4.key 
472618     DEBUG main            d.u.i.k.p.i.AbstractProblemLoader Environment load took 39ns 
472619     INFO  main            d.u.i.k.p.i.AbstractProblemLoader Creating init config 
475056     DEBUG main            d.u.i.k.p.i.AbstractProblemLoader Init config took 2.44s 
475068     INFO  main            d.u.i.k.p.i.AbstractProblemLoader Replaying proof simplify4.key 
475069     DEBUG main            d.u.i.k.p.i.IntermediateProofReplayer Proof replay took 3.3ns 
475170     INFO  main            d.u.i.k.p.r.p.TestFile    ... finished proof: closed. 
475629     INFO  main            d.u.i.k.p.i.AbstractProblemLoader Loading environment from /home/runner/work/key/key/key.core/../key.ui/examples/standard_key/polySimp/simplify4.key.proof 
475629     DEBUG main            d.u.i.k.p.i.AbstractProblemLoader Environment load took 68.9ns 
475629     INFO  main            d.u.i.k.p.i.AbstractProblemLoader Creating init config 
478036     DEBUG main            d.u.i.k.p.i.AbstractProblemLoader Init config took 2.41s 
478049     INFO  main            d.u.i.k.p.i.AbstractProblemLoader Replaying proof simplify4.key.proof 
478050     DEBUG main            d.u.i.k.p.i.IntermediateProofReplayer Proof replay took 542ns 
478051     DEBUG main            d.u.i.k.p.r.p.TestFile    ... success: reloaded. 
478052     INFO  main            d.u.i.k.p.r.p.TestFile    Now processing file /home/runner/work/key/key/key.core/../key.ui/examples/standard_key/polySimp/simplify5.key 
478052     INFO  main            d.u.i.k.p.i.AbstractProblemLoader Loading environment from /home/runner/work/key/key/key.core/../key.ui/examples/standard_key/polySimp/simplify5.key 
478052     DEBUG main            d.u.i.k.p.i.AbstractProblemLoader Environment load took 114ns 
478053     INFO  main            d.u.i.k.p.i.AbstractProblemLoader Creating init config 
480504     DEBUG main            d.u.i.k.p.i.AbstractProblemLoader Init config took 2.45s 
480516     INFO  main            d.u.i.k.p.i.AbstractProblemLoader Replaying proof simplify5.key 
480517     DEBUG main            d.u.i.k.p.i.IntermediateProofReplayer Proof replay took 2.7ns 
480619     INFO  main            d.u.i.k.p.r.p.TestFile    ... finished proof: closed. 
481119     INFO  main            d.u.i.k.p.i.AbstractProblemLoader Loading environment from /home/runner/work/key/key/key.core/../key.ui/examples/standard_key/polySimp/simplify5.key.proof 
481120     DEBUG main            d.u.i.k.p.i.AbstractProblemLoader Environment load took 65.8ns 
481120     INFO  main            d.u.i.k.p.i.AbstractProblemLoader Creating init config 
483565     DEBUG main            d.u.i.k.p.i.AbstractProblemLoader Init config took 2.44s 
483578     INFO  main            d.u.i.k.p.i.AbstractProblemLoader Replaying proof simplify5.key.proof 
483582     DEBUG main            d.u.i.k.p.i.IntermediateProofReplayer Proof replay took 2.21ms 
483582     DEBUG main            d.u.i.k.p.r.p.TestFile    ... success: reloaded. 
483583     INFO  main            d.u.i.k.p.r.p.TestFile    Now processing file /home/runner/work/key/key/key.core/../key.ui/examples/standard_key/polySimp/simplify6.key 
483583     INFO  main            d.u.i.k.p.i.AbstractProblemLoader Loading environment from /home/runner/work/key/key/key.core/../key.ui/examples/standard_key/polySimp/simplify6.key 
483583     DEBUG main            d.u.i.k.p.i.AbstractProblemLoader Environment load took 41.1ns 
483584     INFO  main            d.u.i.k.p.i.AbstractProblemLoader Creating init config 
486020     DEBUG main            d.u.i.k.p.i.AbstractProblemLoader Init config took 2.44s 
486032     INFO  main            d.u.i.k.p.i.AbstractProblemLoader Replaying proof simplify6.key 
486033     DEBUG main            d.u.i.k.p.i.IntermediateProofReplayer Proof replay took 3.1ns 
486134     INFO  main            d.u.i.k.p.r.p.TestFile    ... finished proof: closed. 
486611     INFO  main            d.u.i.k.p.i.AbstractProblemLoader Loading environment from /home/runner/work/key/key/key.core/../key.ui/examples/standard_key/polySimp/simplify6.key.proof 
486611     DEBUG main            d.u.i.k.p.i.AbstractProblemLoader Environment load took 69.4ns 
486612     INFO  main            d.u.i.k.p.i.AbstractProblemLoader Creating init config 
489017     DEBUG main            d.u.i.k.p.i.AbstractProblemLoader Init config took 2.4s 
489029     INFO  main            d.u.i.k.p.i.AbstractProblemLoader Replaying proof simplify6.key.proof 
489031     DEBUG main            d.u.i.k.p.i.IntermediateProofReplayer Proof replay took 133.1ns 
489031     DEBUG main            d.u.i.k.p.r.p.TestFile    ... success: reloaded. 
489031     INFO  main            d.u.i.k.p.r.p.TestFile    Now processing file /home/runner/work/key/key/key.core/../key.ui/examples/standard_key/polySimp/simplify7.key 
489032     INFO  main            d.u.i.k.p.i.AbstractProblemLoader Loading environment from /home/runner/work/key/key/key.core/../key.ui/examples/standard_key/polySimp/simplify7.key 
489032     DEBUG main            d.u.i.k.p.i.AbstractProblemLoader Environment load took 39.5ns 
489032     INFO  main            d.u.i.k.p.i.AbstractProblemLoader Creating init config 
491469     DEBUG main            d.u.i.k.p.i.AbstractProblemLoader Init config took 2.44s 
491481     INFO  main            d.u.i.k.p.i.AbstractProblemLoader Replaying proof simplify7.key 
491483     DEBUG main            d.u.i.k.p.i.IntermediateProofReplayer Proof replay took 2.6ns 
491584     INFO  main            d.u.i.k.p.r.p.TestFile    ... finished proof: closed. 
492063     INFO  main            d.u.i.k.p.i.AbstractProblemLoader Loading environment from /home/runner/work/key/key/key.core/../key.ui/examples/standard_key/polySimp/simplify7.key.proof 
492063     DEBUG main            d.u.i.k.p.i.AbstractProblemLoader Environment load took 63.2ns 
492064     INFO  main            d.u.i.k.p.i.AbstractProblemLoader Creating init config 
494467     DEBUG main            d.u.i.k.p.i.AbstractProblemLoader Init config took 2.4s 
494480     INFO  main            d.u.i.k.p.i.AbstractProblemLoader Replaying proof simplify7.key.proof 
494481     DEBUG main            d.u.i.k.p.i.IntermediateProofReplayer Proof replay took 234.1ns 
494481     DEBUG main            d.u.i.k.p.r.p.TestFile    ... success: reloaded. 
494482     INFO  main            d.u.i.k.p.r.p.TestFile    Now processing file /home/runner/work/key/key/key.core/../key.ui/examples/standard_key/polySimp/simplify8.key 
494482     INFO  main            d.u.i.k.p.i.AbstractProblemLoader Loading environment from /home/runner/work/key/key/key.core/../key.ui/examples/standard_key/polySimp/simplify8.key 
494482     DEBUG main            d.u.i.k.p.i.AbstractProblemLoader Environment load took 37.9ns 
494485     INFO  main            d.u.i.k.p.i.AbstractProblemLoader Creating init config 
496918     DEBUG main            d.u.i.k.p.i.AbstractProblemLoader Init config took 2.43s 
496931     INFO  main            d.u.i.k.p.i.AbstractProblemLoader Replaying proof simplify8.key 
496932     DEBUG main            d.u.i.k.p.i.IntermediateProofReplayer Proof replay took 2ns 
500777     INFO  main            d.u.i.k.p.r.p.TestFile    ... finished proof: closed. 
501276     INFO  main            d.u.i.k.p.i.AbstractProblemLoader Loading environment from /home/runner/work/key/key/key.core/../key.ui/examples/standard_key/polySimp/simplify8.key.proof 
501276     DEBUG main            d.u.i.k.p.i.AbstractProblemLoader Environment load took 66.4ns 
501278     INFO  main            d.u.i.k.p.i.AbstractProblemLoader Creating init config 
503694     DEBUG main            d.u.i.k.p.i.AbstractProblemLoader Init config took 2.42s 
503710     INFO  main            d.u.i.k.p.i.AbstractProblemLoader Replaying proof simplify8.key.proof 
503753     DEBUG main            d.u.i.k.p.i.IntermediateProofReplayer Proof replay took 38.91ms 
503755     DEBUG main            d.u.i.k.p.r.p.TestFile    ... success: reloaded. 
503756     INFO  main            d.u.i.k.p.r.p.TestFile    Now processing file /home/runner/work/key/key/key.core/../key.ui/examples/standard_key/polySimp/simplify9.key 
503756     INFO  main            d.u.i.k.p.i.AbstractProblemLoader Loading environment from /home/runner/work/key/key/key.core/../key.ui/examples/standard_key/polySimp/simplify9.key 
503756     DEBUG main            d.u.i.k.p.i.AbstractProblemLoader Environment load took 39.9ns 
503757     INFO  main            d.u.i.k.p.i.AbstractProblemLoader Creating init config 
506214     DEBUG main            d.u.i.k.p.i.AbstractProblemLoader Init config took 2.46s 
506227     INFO  main            d.u.i.k.p.i.AbstractProblemLoader Replaying proof simplify9.key 
506228     DEBUG main            d.u.i.k.p.i.IntermediateProofReplayer Proof replay took 2.2ns 
506430     INFO  main            d.u.i.k.p.r.p.TestFile    ... finished proof: closed. 
506981     INFO  main            d.u.i.k.p.i.AbstractProblemLoader Loading environment from /home/runner/work/key/key/key.core/../key.ui/examples/standard_key/polySimp/simplify9.key.proof 
506981     DEBUG main            d.u.i.k.p.i.AbstractProblemLoader Environment load took 93ns 
506983     INFO  main            d.u.i.k.p.i.AbstractProblemLoader Creating init config 
509384     DEBUG main            d.u.i.k.p.i.AbstractProblemLoader Init config took 2.4s 
509397     INFO  main            d.u.i.k.p.i.AbstractProblemLoader Replaying proof simplify9.key.proof 
509402     DEBUG main            d.u.i.k.p.i.IntermediateProofReplayer Proof replay took 3.06ms 
509403     DEBUG main            d.u.i.k.p.r.p.TestFile    ... success: reloaded. 
2792577    INFO  Test worker     d.u.i.k.p.r.RunAllProofsTestUnit Returning from test arithmetic 
2792578    INFO  Test worker     d.u.i.k.p.r.RunAllProofsTestUnit Running test arrays 
355        INFO  Timeout watchdog d.u.i.k.p.r.p.ForkedTestFileRunner Timeout watcher launched (2000 secs.) 
364        WARN  main            d.u.i.k.s.ProofSettings   The settings in /home/runner/.key/proof-settings.props are *not* read. 
390        INFO  main            d.u.i.k.p.r.p.TestFile    Now processing file /home/runner/work/key/key/key.core/../key.ui/examples/standard_key/arrays/arrayStoreException/array2DimPrim.key 
516        INFO  main            d.u.i.k.p.i.AbstractProblemLoader Loading environment from /home/runner/work/key/key/key.core/../key.ui/examples/standard_key/arrays/arrayStoreException/array2DimPrim.key 
534        DEBUG main            d.u.i.k.p.i.AbstractProblemLoader Environment load took 2.04ms 
817        INFO  main            d.u.i.k.p.i.AbstractProblemLoader Creating init config 
1681       DEBUG main            d.u.i.k.j.TypeConverter   No LDT found for Meta 
1681       DEBUG main            d.u.i.k.j.TypeConverter   No LDT found for Meta 
1682       DEBUG main            d.u.i.k.j.TypeConverter   No LDT found for Meta 
1682       DEBUG main            d.u.i.k.j.TypeConverter   No LDT found for Meta 
3198       DEBUG main            d.u.i.k.j.TypeConverter   No LDT found for JavaBigintExpression 
7711       DEBUG main            d.u.i.k.p.i.AbstractProblemLoader Init config took 6.89s 
7804       INFO  main            d.u.i.k.p.i.AbstractProblemLoader Replaying proof array2DimPrim.key 
7847       DEBUG main            d.u.i.k.p.i.IntermediateProofReplayer Proof replay took 57.7ns 
11626      INFO  main            d.u.i.k.p.r.p.TestFile    ... finished proof: closed. 
11824      INFO  main            d.u.i.k.p.i.AbstractProblemLoader Loading environment from /home/runner/work/key/key/key.core/../key.ui/examples/standard_key/arrays/arrayStoreException/array2DimPrim.key.proof 
11825      DEBUG main            d.u.i.k.p.i.AbstractProblemLoader Environment load took 394.6ns 
11830      INFO  main            d.u.i.k.p.i.AbstractProblemLoader Creating init config 
14455      DEBUG main            d.u.i.k.p.i.AbstractProblemLoader Init config took 2.62s 
14486      INFO  main            d.u.i.k.p.i.AbstractProblemLoader Replaying proof array2DimPrim.key.proof 
14828      DEBUG main            d.u.i.k.p.i.IntermediateProofReplayer Proof replay took 326.28ms 
14842      DEBUG main            d.u.i.k.p.r.p.TestFile    ... success: reloaded. 
14844      INFO  main            d.u.i.k.p.r.p.TestFile    Now processing file /home/runner/work/key/key/key.core/../key.ui/examples/standard_key/arrays/arrayStoreException/arrayStoreKnownDynType.key 
14845      INFO  main            d.u.i.k.p.i.AbstractProblemLoader Loading environment from /home/runner/work/key/key/key.core/../key.ui/examples/standard_key/arrays/arrayStoreException/arrayStoreKnownDynType.key 
14845      DEBUG main            d.u.i.k.p.i.AbstractProblemLoader Environment load took 203.1ns 
14850      INFO  main            d.u.i.k.p.i.AbstractProblemLoader Creating init config 
17421      DEBUG main            d.u.i.k.p.i.AbstractProblemLoader Init config took 2.57s 
17449      INFO  main            d.u.i.k.p.i.AbstractProblemLoader Replaying proof arrayStoreKnownDynType.key 
17452      DEBUG main            d.u.i.k.p.i.IntermediateProofReplayer Proof replay took 5.9ns 
17657      INFO  main            d.u.i.k.p.r.p.TestFile    ... finished proof: closed. 
17872      INFO  main            d.u.i.k.p.i.AbstractProblemLoader Loading environment from /home/runner/work/key/key/key.core/../key.ui/examples/standard_key/arrays/arrayStoreException/arrayStoreKnownDynType.key.proof 
17872      DEBUG main            d.u.i.k.p.i.AbstractProblemLoader Environment load took 117.1ns 
17873      INFO  main            d.u.i.k.p.i.AbstractProblemLoader Creating init config 
20382      DEBUG main            d.u.i.k.p.i.AbstractProblemLoader Init config took 2.51s 
20413      INFO  main            d.u.i.k.p.i.AbstractProblemLoader Replaying proof arrayStoreKnownDynType.key.proof 
20459      DEBUG main            d.u.i.k.p.i.IntermediateProofReplayer Proof replay took 39.47ms 
20461      DEBUG main            d.u.i.k.p.r.p.TestFile    ... success: reloaded. 
20462      INFO  main            d.u.i.k.p.r.p.TestFile    Now processing file /home/runner/work/key/key/key.core/../key.ui/examples/standard_key/arrays/arrayStoreException/reverseArray.key 
20463      INFO  main            d.u.i.k.p.i.AbstractProblemLoader Loading environment from /home/runner/work/key/key/key.core/../key.ui/examples/standard_key/arrays/arrayStoreException/reverseArray.key 
20463      DEBUG main            d.u.i.k.p.i.AbstractProblemLoader Environment load took 98.2ns 
20465      INFO  main            d.u.i.k.p.i.AbstractProblemLoader Creating init config 
22953      DEBUG main            d.u.i.k.p.i.AbstractProblemLoader Init config took 2.49s 
22974      INFO  main            d.u.i.k.p.i.AbstractProblemLoader Replaying proof reverseArray.key 
22977      DEBUG main            d.u.i.k.p.i.IntermediateProofReplayer Proof replay took 6ns 
23581      INFO  main            d.u.i.k.p.r.p.TestFile    ... finished proof: closed. 
23737      INFO  main            d.u.i.k.p.i.AbstractProblemLoader Loading environment from /home/runner/work/key/key/key.core/../key.ui/examples/standard_key/arrays/arrayStoreException/reverseArray.key.proof 
23738      DEBUG main            d.u.i.k.p.i.AbstractProblemLoader Environment load took 390ns 
23739      INFO  main            d.u.i.k.p.i.AbstractProblemLoader Creating init config 
26189      DEBUG main            d.u.i.k.p.i.AbstractProblemLoader Init config took 2.45s 
26210      INFO  main            d.u.i.k.p.i.AbstractProblemLoader Replaying proof reverseArray.key.proof 
26307      DEBUG main            d.u.i.k.p.i.IntermediateProofReplayer Proof replay took 90.49ms 
26308      DEBUG main            d.u.i.k.p.r.p.TestFile    ... success: reloaded. 
26309      INFO  main            d.u.i.k.p.r.p.TestFile    Now processing file /home/runner/work/key/key/key.core/../key.ui/examples/standard_key/arrays/arrayStoreException/throwArrayStoreException.key 
26310      INFO  main            d.u.i.k.p.i.AbstractProblemLoader Loading environment from /home/runner/work/key/key/key.core/../key.ui/examples/standard_key/arrays/arrayStoreException/throwArrayStoreException.key 
26310      DEBUG main            d.u.i.k.p.i.AbstractProblemLoader Environment load took 184ns 
26311      INFO  main            d.u.i.k.p.i.AbstractProblemLoader Creating init config 
28768      DEBUG main            d.u.i.k.p.i.AbstractProblemLoader Init config took 2.46s 
28788      INFO  main            d.u.i.k.p.i.AbstractProblemLoader Replaying proof throwArrayStoreException.key 
28790      DEBUG main            d.u.i.k.p.i.IntermediateProofReplayer Proof replay took 5.6ns 
29193      INFO  main            d.u.i.k.p.r.p.TestFile    ... finished proof: closed. 
29372      INFO  main            d.u.i.k.p.i.AbstractProblemLoader Loading environment from /home/runner/work/key/key/key.core/../key.ui/examples/standard_key/arrays/arrayStoreException/throwArrayStoreException.key.proof 
29372      DEBUG main            d.u.i.k.p.i.AbstractProblemLoader Environment load took 120.2ns 
29373      INFO  main            d.u.i.k.p.i.AbstractProblemLoader Creating init config 
31770      DEBUG main            d.u.i.k.p.i.AbstractProblemLoader Init config took 2.4s 
31790      INFO  main            d.u.i.k.p.i.AbstractProblemLoader Replaying proof throwArrayStoreException.key.proof 
31862      DEBUG main            d.u.i.k.p.i.IntermediateProofReplayer Proof replay took 67.98ms 
31864      DEBUG main            d.u.i.k.p.r.p.TestFile    ... success: reloaded. 
31864      INFO  main            d.u.i.k.p.r.p.TestFile    Now processing file /home/runner/work/key/key/key.core/../key.ui/examples/standard_key/arrays/creation/arrayCreation1.key 
31865      INFO  main            d.u.i.k.p.i.AbstractProblemLoader Loading environment from /home/runner/work/key/key/key.core/../key.ui/examples/standard_key/arrays/creation/arrayCreation1.key 
31865      DEBUG main            d.u.i.k.p.i.AbstractProblemLoader Environment load took 90.1ns 
31866      INFO  main            d.u.i.k.p.i.AbstractProblemLoader Creating init config 
34303      DEBUG main            d.u.i.k.p.i.AbstractProblemLoader Init config took 2.44s 
34327      INFO  main            d.u.i.k.p.i.AbstractProblemLoader Replaying proof arrayCreation1.key 
34329      DEBUG main            d.u.i.k.p.i.IntermediateProofReplayer Proof replay took 6.4ns 
34538      INFO  main            d.u.i.k.p.r.p.TestFile    ... finished proof: closed. 
34688      INFO  main            d.u.i.k.p.i.AbstractProblemLoader Loading environment from /home/runner/work/key/key/key.core/../key.ui/examples/standard_key/arrays/creation/arrayCreation1.key.proof 
34688      DEBUG main            d.u.i.k.p.i.AbstractProblemLoader Environment load took 107.8ns 
34689      INFO  main            d.u.i.k.p.i.AbstractProblemLoader Creating init config 
37039      DEBUG main            d.u.i.k.p.i.AbstractProblemLoader Init config took 2.35s 
37059      INFO  main            d.u.i.k.p.i.AbstractProblemLoader Replaying proof arrayCreation1.key.proof 
37079      DEBUG main            d.u.i.k.p.i.IntermediateProofReplayer Proof replay took 17.23ms 
37080      DEBUG main            d.u.i.k.p.r.p.TestFile    ... success: reloaded. 
37081      INFO  main            d.u.i.k.p.r.p.TestFile    Now processing file /home/runner/work/key/key/key.core/../key.ui/examples/standard_key/arrays/arrayStoreException/array2Dim.key 
37081      INFO  main            d.u.i.k.p.i.AbstractProblemLoader Loading environment from /home/runner/work/key/key/key.core/../key.ui/examples/standard_key/arrays/arrayStoreException/array2Dim.key 
37082      DEBUG main            d.u.i.k.p.i.AbstractProblemLoader Environment load took 184.4ns 
37083      INFO  main            d.u.i.k.p.i.AbstractProblemLoader Creating init config 
39514      DEBUG main            d.u.i.k.p.i.AbstractProblemLoader Init config took 2.43s 
39534      INFO  main            d.u.i.k.p.i.AbstractProblemLoader Replaying proof array2Dim.key 
39549      DEBUG main            d.u.i.k.p.i.IntermediateProofReplayer Proof replay took 6.3ns 
42719      INFO  main            d.u.i.k.p.r.p.TestFile    ... finished proof: open goal(s) 
42942      INFO  main            d.u.i.k.p.r.p.TestFile    Now processing file /home/runner/work/key/key/key.core/../key.ui/examples/standard_key/arrays/arrayStoreException/array2DimClose.key 
42942      INFO  main            d.u.i.k.p.i.AbstractProblemLoader Loading environment from /home/runner/work/key/key/key.core/../key.ui/examples/standard_key/arrays/arrayStoreException/array2DimClose.key 
42942      DEBUG main            d.u.i.k.p.i.AbstractProblemLoader Environment load took 69ns 
42943      INFO  main            d.u.i.k.p.i.AbstractProblemLoader Creating init config 
45298      DEBUG main            d.u.i.k.p.i.AbstractProblemLoader Init config took 2.35s 
45316      INFO  main            d.u.i.k.p.i.AbstractProblemLoader Replaying proof array2DimClose.key 
45318      DEBUG main            d.u.i.k.p.i.IntermediateProofReplayer Proof replay took 10.5ns 
47532      INFO  main            d.u.i.k.p.r.p.TestFile    ... finished proof: open goal(s) 
47858      INFO  main            d.u.i.k.p.r.p.TestFile    Now processing file /home/runner/work/key/key/key.core/../key.ui/examples/standard_key/arrays/arrayStoreException/throwASEForPrim.key 
47858      INFO  main            d.u.i.k.p.i.AbstractProblemLoader Loading environment from /home/runner/work/key/key/key.core/../key.ui/examples/standard_key/arrays/arrayStoreException/throwASEForPrim.key 
47858      DEBUG main            d.u.i.k.p.i.AbstractProblemLoader Environment load took 55.3ns 
47859      INFO  main            d.u.i.k.p.i.AbstractProblemLoader Creating init config 
50207      DEBUG main            d.u.i.k.p.i.AbstractProblemLoader Init config took 2.35s 
50227      INFO  main            d.u.i.k.p.i.AbstractProblemLoader Replaying proof throwASEForPrim.key 
50231      DEBUG main            d.u.i.k.p.i.IntermediateProofReplayer Proof replay took 6.1ns 
54529      INFO  main            d.u.i.k.p.r.p.TestFile    ... finished proof: open goal(s) 
2847554    INFO  Test worker     d.u.i.k.p.r.RunAllProofsTestUnit Returning from test arrays 
2847555    INFO  Test worker     d.u.i.k.p.r.RunAllProofsTestUnit Running test javadl 
337        INFO  Timeout watchdog d.u.i.k.p.r.p.ForkedTestFileRunner Timeout watcher launched (2000 secs.) 
344        WARN  main            d.u.i.k.s.ProofSettings   The settings in /home/runner/.key/proof-settings.props are *not* read. 
389        INFO  main            d.u.i.k.p.r.p.TestFile    Now processing file /home/runner/work/key/key/key.core/../key.ui/examples/standard_key/instanceCreation/instanceCreation1.key 
513        INFO  main            d.u.i.k.p.i.AbstractProblemLoader Loading environment from /home/runner/work/key/key/key.core/../key.ui/examples/standard_key/instanceCreation/instanceCreation1.key 
528        DEBUG main            d.u.i.k.p.i.AbstractProblemLoader Environment load took 1.9ms 
760        INFO  main            d.u.i.k.p.i.AbstractProblemLoader Creating init config 
1665       DEBUG main            d.u.i.k.j.TypeConverter   No LDT found for Meta 
1668       DEBUG main            d.u.i.k.j.TypeConverter   No LDT found for Meta 
1671       DEBUG main            d.u.i.k.j.TypeConverter   No LDT found for Meta 
1672       DEBUG main            d.u.i.k.j.TypeConverter   No LDT found for Meta 
3483       DEBUG main            d.u.i.k.j.TypeConverter   No LDT found for JavaBigintExpression 
8313       DEBUG main            d.u.i.k.p.i.AbstractProblemLoader Init config took 7.55s 
8397       INFO  main            d.u.i.k.p.i.AbstractProblemLoader Replaying proof instanceCreation1.key 
8431       DEBUG main            d.u.i.k.p.i.IntermediateProofReplayer Proof replay took 31.5ns 
9364       INFO  main            d.u.i.k.p.r.p.TestFile    ... finished proof: closed. 
9475       INFO  main            d.u.i.k.p.i.AbstractProblemLoader Loading environment from /home/runner/work/key/key/key.core/../key.ui/examples/standard_key/instanceCreation/instanceCreation1.key.proof 
9480       DEBUG main            d.u.i.k.p.i.AbstractProblemLoader Environment load took 5.24ms 
9484       INFO  main            d.u.i.k.p.i.AbstractProblemLoader Creating init config 
12033      DEBUG main            d.u.i.k.p.i.AbstractProblemLoader Init config took 2.55s 
12063      INFO  main            d.u.i.k.p.i.AbstractProblemLoader Replaying proof instanceCreation1.key.proof 
12173      DEBUG main            d.u.i.k.p.i.IntermediateProofReplayer Proof replay took 96.95ms 
12184      DEBUG main            d.u.i.k.p.r.p.TestFile    ... success: reloaded. 
12185      INFO  main            d.u.i.k.p.r.p.TestFile    Now processing file /home/runner/work/key/key/key.core/../key.ui/examples/standard_key/instanceCreation/instanceCreation2.key 
12189      INFO  main            d.u.i.k.p.i.AbstractProblemLoader Loading environment from /home/runner/work/key/key/key.core/../key.ui/examples/standard_key/instanceCreation/instanceCreation2.key 
12196      DEBUG main            d.u.i.k.p.i.AbstractProblemLoader Environment load took 6.93ms 
12198      INFO  main            d.u.i.k.p.i.AbstractProblemLoader Creating init config 
14723      DEBUG main            d.u.i.k.p.i.AbstractProblemLoader Init config took 2.53s 
14752      INFO  main            d.u.i.k.p.i.AbstractProblemLoader Replaying proof instanceCreation2.key 
14754      DEBUG main            d.u.i.k.p.i.IntermediateProofReplayer Proof replay took 5.3ns 
15359      INFO  main            d.u.i.k.p.r.p.TestFile    ... finished proof: closed. 
15508      INFO  main            d.u.i.k.p.i.AbstractProblemLoader Loading environment from /home/runner/work/key/key/key.core/../key.ui/examples/standard_key/instanceCreation/instanceCreation2.key.proof 
15509      DEBUG main            d.u.i.k.p.i.AbstractProblemLoader Environment load took 956.7ns 
15517      INFO  main            d.u.i.k.p.i.AbstractProblemLoader Creating init config 
17938      DEBUG main            d.u.i.k.p.i.AbstractProblemLoader Init config took 2.42s 
17964      INFO  main            d.u.i.k.p.i.AbstractProblemLoader Replaying proof instanceCreation2.key.proof 
18044      DEBUG main            d.u.i.k.p.i.IntermediateProofReplayer Proof replay took 75.52ms 
18045      DEBUG main            d.u.i.k.p.r.p.TestFile    ... success: reloaded. 
18046      INFO  main            d.u.i.k.p.r.p.TestFile    Now processing file /home/runner/work/key/key/key.core/../key.ui/examples/standard_key/instanceCreation/interfacesAndAbstractClassesHaveNoInstances.key 
18047      INFO  main            d.u.i.k.p.i.AbstractProblemLoader Loading environment from /home/runner/work/key/key/key.core/../key.ui/examples/standard_key/instanceCreation/interfacesAndAbstractClassesHaveNoInstances.key 
18047      DEBUG main            d.u.i.k.p.i.AbstractProblemLoader Environment load took 189.6ns 
18048      INFO  main            d.u.i.k.p.i.AbstractProblemLoader Creating init config 
20445      DEBUG main            d.u.i.k.p.i.AbstractProblemLoader Init config took 2.4s 
20470      INFO  main            d.u.i.k.p.i.AbstractProblemLoader Replaying proof interfacesAndAbstractClassesHaveNoInstances.key 
20472      DEBUG main            d.u.i.k.p.i.IntermediateProofReplayer Proof replay took 5.3ns 
20577      INFO  main            d.u.i.k.p.r.p.TestFile    ... finished proof: closed. 
20717      INFO  main            d.u.i.k.p.i.AbstractProblemLoader Loading environment from /home/runner/work/key/key/key.core/../key.ui/examples/standard_key/instanceCreation/interfacesAndAbstractClassesHaveNoInstances.key.proof 
20718      DEBUG main            d.u.i.k.p.i.AbstractProblemLoader Environment load took 116.2ns 
20720      INFO  main            d.u.i.k.p.i.AbstractProblemLoader Creating init config 
23066      DEBUG main            d.u.i.k.p.i.AbstractProblemLoader Init config took 2.35s 
23087      INFO  main            d.u.i.k.p.i.AbstractProblemLoader Replaying proof interfacesAndAbstractClassesHaveNoInstances.key.proof 
23091      DEBUG main            d.u.i.k.p.i.IntermediateProofReplayer Proof replay took 975ns 
23092      DEBUG main            d.u.i.k.p.r.p.TestFile    ... success: reloaded. 
23093      INFO  main            d.u.i.k.p.r.p.TestFile    Now processing file /home/runner/work/key/key/key.core/../key.ui/examples/standard_key/instanceCreation/successiveCreatedObjectsAreDistinct.key 
23093      INFO  main            d.u.i.k.p.i.AbstractProblemLoader Loading environment from /home/runner/work/key/key/key.core/../key.ui/examples/standard_key/instanceCreation/successiveCreatedObjectsAreDistinct.key 
23093      DEBUG main            d.u.i.k.p.i.AbstractProblemLoader Environment load took 179.6ns 
23094      INFO  main            d.u.i.k.p.i.AbstractProblemLoader Creating init config 
25463      DEBUG main            d.u.i.k.p.i.AbstractProblemLoader Init config took 2.37s 
25484      INFO  main            d.u.i.k.p.i.AbstractProblemLoader Replaying proof successiveCreatedObjectsAreDistinct.key 
25486      DEBUG main            d.u.i.k.p.i.IntermediateProofReplayer Proof replay took 4.3ns 
25889      INFO  main            d.u.i.k.p.r.p.TestFile    ... finished proof: closed. 
26099      INFO  main            d.u.i.k.p.i.AbstractProblemLoader Loading environment from /home/runner/work/key/key/key.core/../key.ui/examples/standard_key/instanceCreation/successiveCreatedObjectsAreDistinct.key.proof 
26100      DEBUG main            d.u.i.k.p.i.AbstractProblemLoader Environment load took 590.1ns 
26101      INFO  main            d.u.i.k.p.i.AbstractProblemLoader Creating init config 
28451      DEBUG main            d.u.i.k.p.i.AbstractProblemLoader Init config took 2.35s 
28473      INFO  main            d.u.i.k.p.i.AbstractProblemLoader Replaying proof successiveCreatedObjectsAreDistinct.key.proof 
28527      DEBUG main            d.u.i.k.p.i.IntermediateProofReplayer Proof replay took 49.93ms 
28529      DEBUG main            d.u.i.k.p.r.p.TestFile    ... success: reloaded. 
28529      INFO  main            d.u.i.k.p.r.p.TestFile    Now processing file /home/runner/work/key/key/key.core/../key.ui/examples/standard_key/instanceCreation/testOverloadingConstructors.key 
28530      INFO  main            d.u.i.k.p.i.AbstractProblemLoader Loading environment from /home/runner/work/key/key/key.core/../key.ui/examples/standard_key/instanceCreation/testOverloadingConstructors.key 
28530      DEBUG main            d.u.i.k.p.i.AbstractProblemLoader Environment load took 87.6ns 
28531      INFO  main            d.u.i.k.p.i.AbstractProblemLoader Creating init config 
30967      DEBUG main            d.u.i.k.p.i.AbstractProblemLoader Init config took 2.44s 
30987      INFO  main            d.u.i.k.p.i.AbstractProblemLoader Replaying proof testOverloadingConstructors.key 
30988      DEBUG main            d.u.i.k.p.i.IntermediateProofReplayer Proof replay took 5.4ns 
31291      INFO  main            d.u.i.k.p.r.p.TestFile    ... finished proof: closed. 
31445      INFO  main            d.u.i.k.p.i.AbstractProblemLoader Loading environment from /home/runner/work/key/key/key.core/../key.ui/examples/standard_key/instanceCreation/testOverloadingConstructors.key.proof 
31445      DEBUG main            d.u.i.k.p.i.AbstractProblemLoader Environment load took 110ns 
31447      INFO  main            d.u.i.k.p.i.AbstractProblemLoader Creating init config 
33782      DEBUG main            d.u.i.k.p.i.AbstractProblemLoader Init config took 2.33s 
33801      INFO  main            d.u.i.k.p.i.AbstractProblemLoader Replaying proof testOverloadingConstructors.key.proof 
33840      DEBUG main            d.u.i.k.p.i.IntermediateProofReplayer Proof replay took 35.91ms 
33841      DEBUG main            d.u.i.k.p.r.p.TestFile    ... success: reloaded. 
33842      INFO  main            d.u.i.k.p.r.p.TestFile    Now processing file /home/runner/work/key/key/key.core/../key.ui/examples/standard_key/java_dl/SimpleAttributes.key 
33842      INFO  main            d.u.i.k.p.i.AbstractProblemLoader Loading environment from /home/runner/work/key/key/key.core/../key.ui/examples/standard_key/java_dl/SimpleAttributes.key 
33843      DEBUG main            d.u.i.k.p.i.AbstractProblemLoader Environment load took 193.6ns 
33844      INFO  main            d.u.i.k.p.i.AbstractProblemLoader Creating init config 
36156      DEBUG main            d.u.i.k.p.i.AbstractProblemLoader Init config took 2.31s 
36176      INFO  main            d.u.i.k.p.i.AbstractProblemLoader Replaying proof SimpleAttributes.key 
36177      DEBUG main            d.u.i.k.p.i.IntermediateProofReplayer Proof replay took 6.4ns 
36282      INFO  main            d.u.i.k.p.r.p.TestFile    ... finished proof: closed. 
36445      INFO  main            d.u.i.k.p.i.AbstractProblemLoader Loading environment from /home/runner/work/key/key/key.core/../key.ui/examples/standard_key/java_dl/SimpleAttributes.key.proof 
36445      DEBUG main            d.u.i.k.p.i.AbstractProblemLoader Environment load took 111.8ns 
36446      INFO  main            d.u.i.k.p.i.AbstractProblemLoader Creating init config 
38770      DEBUG main            d.u.i.k.p.i.AbstractProblemLoader Init config took 2.32s 
38788      INFO  main            d.u.i.k.p.i.AbstractProblemLoader Replaying proof SimpleAttributes.key.proof 
38808      DEBUG main            d.u.i.k.p.i.IntermediateProofReplayer Proof replay took 17.09ms 
38809      DEBUG main            d.u.i.k.p.r.p.TestFile    ... success: reloaded. 
38809      INFO  main            d.u.i.k.p.r.p.TestFile    Now processing file /home/runner/work/key/key/key.core/../key.ui/examples/standard_key/java_dl/arrayMax.key 
38810      INFO  main            d.u.i.k.p.i.AbstractProblemLoader Loading environment from /home/runner/work/key/key/key.core/../key.ui/examples/standard_key/java_dl/arrayMax.key 
38810      DEBUG main            d.u.i.k.p.i.AbstractProblemLoader Environment load took 70.5ns 
38812      INFO  main            d.u.i.k.p.i.AbstractProblemLoader Creating init config 
41158      DEBUG main            d.u.i.k.p.i.AbstractProblemLoader Init config took 2.35s 
41178      INFO  main            d.u.i.k.p.i.AbstractProblemLoader Replaying proof arrayMax.key 
41180      DEBUG main            d.u.i.k.p.i.IntermediateProofReplayer Proof replay took 5.6ns 
42486      INFO  main            d.u.i.k.p.r.p.TestFile    ... finished proof: closed. 
42663      INFO  main            d.u.i.k.p.i.AbstractProblemLoader Loading environment from /home/runner/work/key/key/key.core/../key.ui/examples/standard_key/java_dl/arrayMax.key.proof 
42663      DEBUG main            d.u.i.k.p.i.AbstractProblemLoader Environment load took 421.7ns 
42664      INFO  main            d.u.i.k.p.i.AbstractProblemLoader Creating init config 
44955      DEBUG main            d.u.i.k.p.i.AbstractProblemLoader Init config took 2.29s 
44975      INFO  main            d.u.i.k.p.i.AbstractProblemLoader Replaying proof arrayMax.key.proof 
45132      DEBUG main            d.u.i.k.p.i.IntermediateProofReplayer Proof replay took 149.84ms 
45134      DEBUG main            d.u.i.k.p.r.p.TestFile    ... success: reloaded. 
45135      INFO  main            d.u.i.k.p.r.p.TestFile    Now processing file /home/runner/work/key/key/key.core/../key.ui/examples/standard_key/java_dl/arrayUpdateSimp.key 
45135      INFO  main            d.u.i.k.p.i.AbstractProblemLoader Loading environment from /home/runner/work/key/key/key.core/../key.ui/examples/standard_key/java_dl/arrayUpdateSimp.key 
45136      DEBUG main            d.u.i.k.p.i.AbstractProblemLoader Environment load took 181.4ns 
45138      INFO  main            d.u.i.k.p.i.AbstractProblemLoader Creating init config 
45160      WARN  main            d.u.i.k.j.r.KeYCrossReferenceNameInfo Datatype java.io.InputStream declared twice: Once in FILE:/home/runner/work/key/key/key.core/../key.ui/examples/standard_key/java_dl/./classpath/InputStream.java and once in URL:file:/home/runner/work/key/key/key.core/build/resources/main/de/uka/ilkd/key/java/JavaRedux/java/io/InputStream.java, Keeping one from URL:file:/home/runner/work/key/key/key.core/build/resources/main/de/uka/ilkd/key/java/JavaRedux/java/io/InputStream.java 
45161      WARN  main            d.u.i.k.j.r.KeYCrossReferenceNameInfo Datatype java.lang.System declared twice: Once in FILE:/home/runner/work/key/key/key.core/../key.ui/examples/standard_key/java_dl/./classpath/System.java and once in URL:file:/home/runner/work/key/key/key.core/build/resources/main/de/uka/ilkd/key/java/JavaRedux/java/lang/System.java, Keeping one from URL:file:/home/runner/work/key/key/key.core/build/resources/main/de/uka/ilkd/key/java/JavaRedux/java/lang/System.java 
45161      WARN  main            d.u.i.k.j.r.KeYCrossReferenceNameInfo Datatype java.io.PrintStream declared twice: Once in FILE:/home/runner/work/key/key/key.core/../key.ui/examples/standard_key/java_dl/./classpath/PrintStream.java and once in URL:file:/home/runner/work/key/key/key.core/build/resources/main/de/uka/ilkd/key/java/JavaRedux/java/io/PrintStream.java, Keeping one from URL:file:/home/runner/work/key/key/key.core/build/resources/main/de/uka/ilkd/key/java/JavaRedux/java/io/PrintStream.java 
45166      DEBUG main            d.u.i.k.j.r.ClassFileDeclarationBuilder Parsing: package java.io; public class Closeable { } 
45166      DEBUG main            r.s.KeYCrossReferenceSourceInfo Dynamically created class: java.io.Closeable 
47511      DEBUG main            d.u.i.k.p.i.AbstractProblemLoader Init config took 2.37s 
47533      INFO  main            d.u.i.k.p.i.AbstractProblemLoader Replaying proof arrayUpdateSimp.key 
47534      DEBUG main            d.u.i.k.p.i.IntermediateProofReplayer Proof replay took 5.6ns 
47637      INFO  main            d.u.i.k.p.r.p.TestFile    ... finished proof: closed. 
47836      INFO  main            d.u.i.k.p.i.AbstractProblemLoader Loading environment from /home/runner/work/key/key/key.core/../key.ui/examples/standard_key/java_dl/arrayUpdateSimp.key.proof 
47836      DEBUG main            d.u.i.k.p.i.AbstractProblemLoader Environment load took 106.1ns 
47840      INFO  main            d.u.i.k.p.i.AbstractProblemLoader Creating init config 
47864      WARN  main            d.u.i.k.j.r.KeYCrossReferenceNameInfo Datatype java.io.InputStream declared twice: Once in FILE:/home/runner/work/key/key/key.core/../key.ui/examples/standard_key/java_dl/classpath/InputStream.java and once in URL:file:/home/runner/work/key/key/key.core/build/resources/main/de/uka/ilkd/key/java/JavaRedux/java/io/InputStream.java, Keeping one from URL:file:/home/runner/work/key/key/key.core/build/resources/main/de/uka/ilkd/key/java/JavaRedux/java/io/InputStream.java 
47864      WARN  main            d.u.i.k.j.r.KeYCrossReferenceNameInfo Datatype java.lang.System declared twice: Once in FILE:/home/runner/work/key/key/key.core/../key.ui/examples/standard_key/java_dl/classpath/System.java and once in URL:file:/home/runner/work/key/key/key.core/build/resources/main/de/uka/ilkd/key/java/JavaRedux/java/lang/System.java, Keeping one from URL:file:/home/runner/work/key/key/key.core/build/resources/main/de/uka/ilkd/key/java/JavaRedux/java/lang/System.java 
47864      WARN  main            d.u.i.k.j.r.KeYCrossReferenceNameInfo Datatype java.io.PrintStream declared twice: Once in FILE:/home/runner/work/key/key/key.core/../key.ui/examples/standard_key/java_dl/classpath/PrintStream.java and once in URL:file:/home/runner/work/key/key/key.core/build/resources/main/de/uka/ilkd/key/java/JavaRedux/java/io/PrintStream.java, Keeping one from URL:file:/home/runner/work/key/key/key.core/build/resources/main/de/uka/ilkd/key/java/JavaRedux/java/io/PrintStream.java 
47868      DEBUG main            d.u.i.k.j.r.ClassFileDeclarationBuilder Parsing: package java.io; public class Closeable { } 
47868      DEBUG main            r.s.KeYCrossReferenceSourceInfo Dynamically created class: java.io.Closeable 
50113      DEBUG main            d.u.i.k.p.i.AbstractProblemLoader Init config took 2.27s 
50133      INFO  main            d.u.i.k.p.i.AbstractProblemLoader Replaying proof arrayUpdateSimp.key.proof 
50136      DEBUG main            d.u.i.k.p.i.IntermediateProofReplayer Proof replay took 607.9ns 
50137      DEBUG main            d.u.i.k.p.r.p.TestFile    ... success: reloaded. 
50138      INFO  main            d.u.i.k.p.r.p.TestFile    Now processing file /home/runner/work/key/key/key.core/../key.ui/examples/standard_key/java_dl/attributes.key 
50139      INFO  main            d.u.i.k.p.i.AbstractProblemLoader Loading environment from /home/runner/work/key/key/key.core/../key.ui/examples/standard_key/java_dl/attributes.key 
50139      DEBUG main            d.u.i.k.p.i.AbstractProblemLoader Environment load took 172.9ns 
50140      INFO  main            d.u.i.k.p.i.AbstractProblemLoader Creating init config 
52463      DEBUG main            d.u.i.k.p.i.AbstractProblemLoader Init config took 2.32s 
52480      INFO  main            d.u.i.k.p.i.AbstractProblemLoader Replaying proof attributes.key 
52482      DEBUG main            d.u.i.k.p.i.IntermediateProofReplayer Proof replay took 5.5ns 
52684      INFO  main            d.u.i.k.p.r.p.TestFile    ... finished proof: closed. 
52857      INFO  main            d.u.i.k.p.i.AbstractProblemLoader Loading environment from /home/runner/work/key/key/key.core/../key.ui/examples/standard_key/java_dl/attributes.key.proof 
52857      DEBUG main            d.u.i.k.p.i.AbstractProblemLoader Environment load took 108.1ns 
52858      INFO  main            d.u.i.k.p.i.AbstractProblemLoader Creating init config 
55148      DEBUG main            d.u.i.k.p.i.AbstractProblemLoader Init config took 2.29s 
55163      INFO  main            d.u.i.k.p.i.AbstractProblemLoader Replaying proof attributes.key.proof 
55194      DEBUG main            d.u.i.k.p.i.IntermediateProofReplayer Proof replay took 27.57ms 
55201      DEBUG main            d.u.i.k.p.r.p.TestFile    ... success: reloaded. 
55202      INFO  main            d.u.i.k.p.r.p.TestFile    Now processing file /home/runner/work/key/key/key.core/../key.ui/examples/standard_key/java_dl/break.key 
55202      INFO  main            d.u.i.k.p.i.AbstractProblemLoader Loading environment from /home/runner/work/key/key/key.core/../key.ui/examples/standard_key/java_dl/break.key 
55202      DEBUG main            d.u.i.k.p.i.AbstractProblemLoader Environment load took 185.4ns 
55203      INFO  main            d.u.i.k.p.i.AbstractProblemLoader Creating init config 
55246      WARN  main            d.u.i.k.j.r.KeYCrossReferenceNameInfo Datatype java.io.InputStream declared twice: Once in FILE:/home/runner/work/key/key/key.core/../key.ui/examples/standard_key/java_dl/classpath/InputStream.java and once in URL:file:/home/runner/work/key/key/key.core/build/resources/main/de/uka/ilkd/key/java/JavaRedux/java/io/InputStream.java, Keeping one from URL:file:/home/runner/work/key/key/key.core/build/resources/main/de/uka/ilkd/key/java/JavaRedux/java/io/InputStream.java 
55253      WARN  main            d.u.i.k.j.r.KeYCrossReferenceNameInfo Datatype java.lang.System declared twice: Once in FILE:/home/runner/work/key/key/key.core/../key.ui/examples/standard_key/java_dl/classpath/System.java and once in URL:file:/home/runner/work/key/key/key.core/build/resources/main/de/uka/ilkd/key/java/JavaRedux/java/lang/System.java, Keeping one from URL:file:/home/runner/work/key/key/key.core/build/resources/main/de/uka/ilkd/key/java/JavaRedux/java/lang/System.java 
55253      WARN  main            d.u.i.k.j.r.KeYCrossReferenceNameInfo Datatype java.io.PrintStream declared twice: Once in FILE:/home/runner/work/key/key/key.core/../key.ui/examples/standard_key/java_dl/classpath/PrintStream.java and once in URL:file:/home/runner/work/key/key/key.core/build/resources/main/de/uka/ilkd/key/java/JavaRedux/java/io/PrintStream.java, Keeping one from URL:file:/home/runner/work/key/key/key.core/build/resources/main/de/uka/ilkd/key/java/JavaRedux/java/io/PrintStream.java 
55256      DEBUG main            d.u.i.k.j.r.ClassFileDeclarationBuilder Parsing: package java.io; public class Closeable { } 
55257      DEBUG main            r.s.KeYCrossReferenceSourceInfo Dynamically created class: java.io.Closeable 
57558      DEBUG main            d.u.i.k.p.i.AbstractProblemLoader Init config took 2.35s 
57573      INFO  main            d.u.i.k.p.i.AbstractProblemLoader Replaying proof break.key 
57574      DEBUG main            d.u.i.k.p.i.IntermediateProofReplayer Proof replay took 5.8ns 
57678      INFO  main            d.u.i.k.p.r.p.TestFile    ... finished proof: closed. 
57848      INFO  main            d.u.i.k.p.i.AbstractProblemLoader Loading environment from /home/runner/work/key/key/key.core/../key.ui/examples/standard_key/java_dl/break.key.proof 
57848      DEBUG main            d.u.i.k.p.i.AbstractProblemLoader Environment load took 103.8ns 
57849      INFO  main            d.u.i.k.p.i.AbstractProblemLoader Creating init config 
57869      WARN  main            d.u.i.k.j.r.KeYCrossReferenceNameInfo Datatype java.io.InputStream declared twice: Once in FILE:/home/runner/work/key/key/key.core/../key.ui/examples/standard_key/java_dl/classpath/InputStream.java and once in URL:file:/home/runner/work/key/key/key.core/build/resources/main/de/uka/ilkd/key/java/JavaRedux/java/io/InputStream.java, Keeping one from URL:file:/home/runner/work/key/key/key.core/build/resources/main/de/uka/ilkd/key/java/JavaRedux/java/io/InputStream.java 
57870      WARN  main            d.u.i.k.j.r.KeYCrossReferenceNameInfo Datatype java.lang.System declared twice: Once in FILE:/home/runner/work/key/key/key.core/../key.ui/examples/standard_key/java_dl/classpath/System.java and once in URL:file:/home/runner/work/key/key/key.core/build/resources/main/de/uka/ilkd/key/java/JavaRedux/java/lang/System.java, Keeping one from URL:file:/home/runner/work/key/key/key.core/build/resources/main/de/uka/ilkd/key/java/JavaRedux/java/lang/System.java 
57870      WARN  main            d.u.i.k.j.r.KeYCrossReferenceNameInfo Datatype java.io.PrintStream declared twice: Once in FILE:/home/runner/work/key/key/key.core/../key.ui/examples/standard_key/java_dl/classpath/PrintStream.java and once in URL:file:/home/runner/work/key/key/key.core/build/resources/main/de/uka/ilkd/key/java/JavaRedux/java/io/PrintStream.java, Keeping one from URL:file:/home/runner/work/key/key/key.core/build/resources/main/de/uka/ilkd/key/java/JavaRedux/java/io/PrintStream.java 
57873      DEBUG main            d.u.i.k.j.r.ClassFileDeclarationBuilder Parsing: package java.io; public class Closeable { } 
57873      DEBUG main            r.s.KeYCrossReferenceSourceInfo Dynamically created class: java.io.Closeable 
60081      DEBUG main            d.u.i.k.p.i.AbstractProblemLoader Init config took 2.23s 
60096      INFO  main            d.u.i.k.p.i.AbstractProblemLoader Replaying proof break.key.proof 
60103      DEBUG main            d.u.i.k.p.i.IntermediateProofReplayer Proof replay took 5.75ms 
60104      DEBUG main            d.u.i.k.p.r.p.TestFile    ... success: reloaded. 
60105      INFO  main            d.u.i.k.p.r.p.TestFile    Now processing file /home/runner/work/key/key/key.core/../key.ui/examples/standard_key/java_dl/char.key 
60105      INFO  main            d.u.i.k.p.i.AbstractProblemLoader Loading environment from /home/runner/work/key/key/key.core/../key.ui/examples/standard_key/java_dl/char.key 
60106      DEBUG main            d.u.i.k.p.i.AbstractProblemLoader Environment load took 83.2ns 
60106      INFO  main            d.u.i.k.p.i.AbstractProblemLoader Creating init config 
62371      DEBUG main            d.u.i.k.p.i.AbstractProblemLoader Init config took 2.26s 
62385      INFO  main            d.u.i.k.p.i.AbstractProblemLoader Replaying proof char.key 
62387      DEBUG main            d.u.i.k.p.i.IntermediateProofReplayer Proof replay took 5.4ns 
62499      INFO  main            d.u.i.k.p.r.p.TestFile    ... finished proof: closed. 
62673      INFO  main            d.u.i.k.p.i.AbstractProblemLoader Loading environment from /home/runner/work/key/key/key.core/../key.ui/examples/standard_key/java_dl/char.key.proof 
62673      DEBUG main            d.u.i.k.p.i.AbstractProblemLoader Environment load took 108.1ns 
62674      INFO  main            d.u.i.k.p.i.AbstractProblemLoader Creating init config 
64897      DEBUG main            d.u.i.k.p.i.AbstractProblemLoader Init config took 2.22s 
64913      INFO  main            d.u.i.k.p.i.AbstractProblemLoader Replaying proof char.key.proof 
64924      DEBUG main            d.u.i.k.p.i.IntermediateProofReplayer Proof replay took 6.85ms 
64924      DEBUG main            d.u.i.k.p.r.p.TestFile    ... success: reloaded. 
64926      INFO  main            d.u.i.k.p.r.p.TestFile    Now processing file /home/runner/work/key/key/key.core/../key.ui/examples/standard_key/java_dl/compileTimeConstants.key 
64927      INFO  main            d.u.i.k.p.i.AbstractProblemLoader Loading environment from /home/runner/work/key/key/key.core/../key.ui/examples/standard_key/java_dl/compileTimeConstants.key 
64927      DEBUG main            d.u.i.k.p.i.AbstractProblemLoader Environment load took 649.6ns 
64929      INFO  main            d.u.i.k.p.i.AbstractProblemLoader Creating init config 
67241      DEBUG main            d.u.i.k.p.i.AbstractProblemLoader Init config took 2.31s 
67255      INFO  main            d.u.i.k.p.i.AbstractProblemLoader Replaying proof compileTimeConstants.key 
67257      DEBUG main            d.u.i.k.p.i.IntermediateProofReplayer Proof replay took 5.5ns 
67358      INFO  main            d.u.i.k.p.r.p.TestFile    ... finished proof: closed. 
67552      INFO  main            d.u.i.k.p.i.AbstractProblemLoader Loading environment from /home/runner/work/key/key/key.core/../key.ui/examples/standard_key/java_dl/compileTimeConstants.key.proof 
67552      DEBUG main            d.u.i.k.p.i.AbstractProblemLoader Environment load took 106.2ns 
67554      INFO  main            d.u.i.k.p.i.AbstractProblemLoader Creating init config 
69835      DEBUG main            d.u.i.k.p.i.AbstractProblemLoader Init config took 2.28s 
69849      INFO  main            d.u.i.k.p.i.AbstractProblemLoader Replaying proof compileTimeConstants.key.proof 
69866      DEBUG main            d.u.i.k.p.i.IntermediateProofReplayer Proof replay took 12.09ms 
69876      DEBUG main            d.u.i.k.p.r.p.TestFile    ... success: reloaded. 
69877      INFO  main            d.u.i.k.p.r.p.TestFile    Now processing file /home/runner/work/key/key/key.core/../key.ui/examples/standard_key/java_dl/constructorException/test.key 
69877      INFO  main            d.u.i.k.p.i.AbstractProblemLoader Loading environment from /home/runner/work/key/key/key.core/../key.ui/examples/standard_key/java_dl/constructorException/test.key 
69877      DEBUG main            d.u.i.k.p.i.AbstractProblemLoader Environment load took 83.5ns 
69878      INFO  main            d.u.i.k.p.i.AbstractProblemLoader Creating init config 
72188      DEBUG main            d.u.i.k.p.i.AbstractProblemLoader Init config took 2.31s 
72250      INFO  main            d.u.i.k.p.i.AbstractProblemLoader Replaying proof Test[Test::Test(int)].JML operation contract.0 
72251      DEBUG main            d.u.i.k.p.i.IntermediateProofReplayer Proof replay took 5.1ns 
72455      INFO  main            d.u.i.k.p.r.p.TestFile    ... finished proof: closed. 
72667      INFO  main            d.u.i.k.p.i.AbstractProblemLoader Loading environment from /home/runner/work/key/key/key.core/../key.ui/examples/standard_key/java_dl/constructorException/test.key.proof 
72667      DEBUG main            d.u.i.k.p.i.AbstractProblemLoader Environment load took 107ns 
72668      INFO  main            d.u.i.k.p.i.AbstractProblemLoader Creating init config 
74933      DEBUG main            d.u.i.k.p.i.AbstractProblemLoader Init config took 2.27s 
74972      INFO  main            d.u.i.k.p.i.AbstractProblemLoader Replaying proof Test[Test::Test(int)].JML operation contract.0 
75014      DEBUG main            d.u.i.k.p.i.IntermediateProofReplayer Proof replay took 39.53ms 
75015      DEBUG main            d.u.i.k.p.r.p.TestFile    ... success: reloaded. 
75018      INFO  main            d.u.i.k.p.r.p.TestFile    Now processing file /home/runner/work/key/key/key.core/../key.ui/examples/standard_key/java_dl/constructorException/regressionTestBug1333.key 
75018      INFO  main            d.u.i.k.p.i.AbstractProblemLoader Loading environment from /home/runner/work/key/key/key.core/../key.ui/examples/standard_key/java_dl/constructorException/regressionTestBug1333.key 
75018      DEBUG main            d.u.i.k.p.i.AbstractProblemLoader Environment load took 187ns 
75019      INFO  main            d.u.i.k.p.i.AbstractProblemLoader Creating init config 
77361      DEBUG main            d.u.i.k.p.i.AbstractProblemLoader Init config took 2.34s 
77398      INFO  main            d.u.i.k.p.i.AbstractProblemLoader Replaying proof False[False::False()].JML normal_behavior operation contract.0 
77400      DEBUG main            d.u.i.k.p.i.IntermediateProofReplayer Proof replay took 5.3ns 
77503      INFO  main            d.u.i.k.p.r.p.TestFile    ... finished proof: open goal(s) 
77698      INFO  main            d.u.i.k.p.r.p.TestFile    Now processing file /home/runner/work/key/key/key.core/../key.ui/examples/standard_key/java_dl/continue1.key 
77699      INFO  main            d.u.i.k.p.i.AbstractProblemLoader Loading environment from /home/runner/work/key/key/key.core/../key.ui/examples/standard_key/java_dl/continue1.key 
77699      DEBUG main            d.u.i.k.p.i.AbstractProblemLoader Environment load took 92.7ns 
77700      INFO  main            d.u.i.k.p.i.AbstractProblemLoader Creating init config 
77719      WARN  main            d.u.i.k.j.r.KeYCrossReferenceNameInfo Datatype java.io.InputStream declared twice: Once in FILE:/home/runner/work/key/key/key.core/../key.ui/examples/standard_key/java_dl/classpath/InputStream.java and once in URL:file:/home/runner/work/key/key/key.core/build/resources/main/de/uka/ilkd/key/java/JavaRedux/java/io/InputStream.java, Keeping one from URL:file:/home/runner/work/key/key/key.core/build/resources/main/de/uka/ilkd/key/java/JavaRedux/java/io/InputStream.java 
77720      WARN  main            d.u.i.k.j.r.KeYCrossReferenceNameInfo Datatype java.lang.System declared twice: Once in FILE:/home/runner/work/key/key/key.core/../key.ui/examples/standard_key/java_dl/classpath/System.java and once in URL:file:/home/runner/work/key/key/key.core/build/resources/main/de/uka/ilkd/key/java/JavaRedux/java/lang/System.java, Keeping one from URL:file:/home/runner/work/key/key/key.core/build/resources/main/de/uka/ilkd/key/java/JavaRedux/java/lang/System.java 
77720      WARN  main            d.u.i.k.j.r.KeYCrossReferenceNameInfo Datatype java.io.PrintStream declared twice: Once in FILE:/home/runner/work/key/key/key.core/../key.ui/examples/standard_key/java_dl/classpath/PrintStream.java and once in URL:file:/home/runner/work/key/key/key.core/build/resources/main/de/uka/ilkd/key/java/JavaRedux/java/io/PrintStream.java, Keeping one from URL:file:/home/runner/work/key/key/key.core/build/resources/main/de/uka/ilkd/key/java/JavaRedux/java/io/PrintStream.java 
77723      DEBUG main            d.u.i.k.j.r.ClassFileDeclarationBuilder Parsing: package java.io; public class Closeable { } 
77723      DEBUG main            r.s.KeYCrossReferenceSourceInfo Dynamically created class: java.io.Closeable 
79956      DEBUG main            d.u.i.k.p.i.AbstractProblemLoader Init config took 2.26s 
79969      INFO  main            d.u.i.k.p.i.AbstractProblemLoader Replaying proof continue1.key 
79971      DEBUG main            d.u.i.k.p.i.IntermediateProofReplayer Proof replay took 5.6ns 
80073      INFO  main            d.u.i.k.p.r.p.TestFile    ... finished proof: closed. 
80269      INFO  main            d.u.i.k.p.i.AbstractProblemLoader Loading environment from /home/runner/work/key/key/key.core/../key.ui/examples/standard_key/java_dl/continue1.key.proof 
80271      DEBUG main            d.u.i.k.p.i.AbstractProblemLoader Environment load took 1.62ms 
80272      INFO  main            d.u.i.k.p.i.AbstractProblemLoader Creating init config 
80293      WARN  main            d.u.i.k.j.r.KeYCrossReferenceNameInfo Datatype java.io.InputStream declared twice: Once in FILE:/home/runner/work/key/key/key.core/../key.ui/examples/standard_key/java_dl/classpath/InputStream.java and once in URL:file:/home/runner/work/key/key/key.core/build/resources/main/de/uka/ilkd/key/java/JavaRedux/java/io/InputStream.java, Keeping one from URL:file:/home/runner/work/key/key/key.core/build/resources/main/de/uka/ilkd/key/java/JavaRedux/java/io/InputStream.java 
80293      WARN  main            d.u.i.k.j.r.KeYCrossReferenceNameInfo Datatype java.lang.System declared twice: Once in FILE:/home/runner/work/key/key/key.core/../key.ui/examples/standard_key/java_dl/classpath/System.java and once in URL:file:/home/runner/work/key/key/key.core/build/resources/main/de/uka/ilkd/key/java/JavaRedux/java/lang/System.java, Keeping one from URL:file:/home/runner/work/key/key/key.core/build/resources/main/de/uka/ilkd/key/java/JavaRedux/java/lang/System.java 
80293      WARN  main            d.u.i.k.j.r.KeYCrossReferenceNameInfo Datatype java.io.PrintStream declared twice: Once in FILE:/home/runner/work/key/key/key.core/../key.ui/examples/standard_key/java_dl/classpath/PrintStream.java and once in URL:file:/home/runner/work/key/key/key.core/build/resources/main/de/uka/ilkd/key/java/JavaRedux/java/io/PrintStream.java, Keeping one from URL:file:/home/runner/work/key/key/key.core/build/resources/main/de/uka/ilkd/key/java/JavaRedux/java/io/PrintStream.java 
80296      DEBUG main            d.u.i.k.j.r.ClassFileDeclarationBuilder Parsing: package java.io; public class Closeable { } 
80296      DEBUG main            r.s.KeYCrossReferenceSourceInfo Dynamically created class: java.io.Closeable 
82493      DEBUG main            d.u.i.k.p.i.AbstractProblemLoader Init config took 2.22s 
82509      INFO  main            d.u.i.k.p.i.AbstractProblemLoader Replaying proof continue1.key.proof 
82529      DEBUG main            d.u.i.k.p.i.IntermediateProofReplayer Proof replay took 16.36ms 
82531      DEBUG main            d.u.i.k.p.r.p.TestFile    ... success: reloaded. 
82534      INFO  main            d.u.i.k.p.r.p.TestFile    Now processing file /home/runner/work/key/key/key.core/../key.ui/examples/standard_key/java_dl/continue2.key 
82539      INFO  main            d.u.i.k.p.i.AbstractProblemLoader Loading environment from /home/runner/work/key/key/key.core/../key.ui/examples/standard_key/java_dl/continue2.key 
82540      DEBUG main            d.u.i.k.p.i.AbstractProblemLoader Environment load took 811.7ns 
82541      INFO  main            d.u.i.k.p.i.AbstractProblemLoader Creating init config 
82561      WARN  main            d.u.i.k.j.r.KeYCrossReferenceNameInfo Datatype java.io.InputStream declared twice: Once in FILE:/home/runner/work/key/key/key.core/../key.ui/examples/standard_key/java_dl/classpath/InputStream.java and once in URL:file:/home/runner/work/key/key/key.core/build/resources/main/de/uka/ilkd/key/java/JavaRedux/java/io/InputStream.java, Keeping one from URL:file:/home/runner/work/key/key/key.core/build/resources/main/de/uka/ilkd/key/java/JavaRedux/java/io/InputStream.java 
82561      WARN  main            d.u.i.k.j.r.KeYCrossReferenceNameInfo Datatype java.lang.System declared twice: Once in FILE:/home/runner/work/key/key/key.core/../key.ui/examples/standard_key/java_dl/classpath/System.java and once in URL:file:/home/runner/work/key/key/key.core/build/resources/main/de/uka/ilkd/key/java/JavaRedux/java/lang/System.java, Keeping one from URL:file:/home/runner/work/key/key/key.core/build/resources/main/de/uka/ilkd/key/java/JavaRedux/java/lang/System.java 
82562      WARN  main            d.u.i.k.j.r.KeYCrossReferenceNameInfo Datatype java.io.PrintStream declared twice: Once in FILE:/home/runner/work/key/key/key.core/../key.ui/examples/standard_key/java_dl/classpath/PrintStream.java and once in URL:file:/home/runner/work/key/key/key.core/build/resources/main/de/uka/ilkd/key/java/JavaRedux/java/io/PrintStream.java, Keeping one from URL:file:/home/runner/work/key/key/key.core/build/resources/main/de/uka/ilkd/key/java/JavaRedux/java/io/PrintStream.java 
82566      DEBUG main            d.u.i.k.j.r.ClassFileDeclarationBuilder Parsing: package java.io; public class Closeable { } 
82566      DEBUG main            r.s.KeYCrossReferenceSourceInfo Dynamically created class: java.io.Closeable 
84832      DEBUG main            d.u.i.k.p.i.AbstractProblemLoader Init config took 2.29s 
84845      INFO  main            d.u.i.k.p.i.AbstractProblemLoader Replaying proof continue2.key 
84846      DEBUG main            d.u.i.k.p.i.IntermediateProofReplayer Proof replay took 5.3ns 
85150      INFO  main            d.u.i.k.p.r.p.TestFile    ... finished proof: closed. 
85358      INFO  main            d.u.i.k.p.i.AbstractProblemLoader Loading environment from /home/runner/work/key/key/key.core/../key.ui/examples/standard_key/java_dl/continue2.key.proof 
85358      DEBUG main            d.u.i.k.p.i.AbstractProblemLoader Environment load took 90.8ns 
85359      INFO  main            d.u.i.k.p.i.AbstractProblemLoader Creating init config 
85379      WARN  main            d.u.i.k.j.r.KeYCrossReferenceNameInfo Datatype java.io.InputStream declared twice: Once in FILE:/home/runner/work/key/key/key.core/../key.ui/examples/standard_key/java_dl/classpath/InputStream.java and once in URL:file:/home/runner/work/key/key/key.core/build/resources/main/de/uka/ilkd/key/java/JavaRedux/java/io/InputStream.java, Keeping one from URL:file:/home/runner/work/key/key/key.core/build/resources/main/de/uka/ilkd/key/java/JavaRedux/java/io/InputStream.java 
85379      WARN  main            d.u.i.k.j.r.KeYCrossReferenceNameInfo Datatype java.lang.System declared twice: Once in FILE:/home/runner/work/key/key/key.core/../key.ui/examples/standard_key/java_dl/classpath/System.java and once in URL:file:/home/runner/work/key/key/key.core/build/resources/main/de/uka/ilkd/key/java/JavaRedux/java/lang/System.java, Keeping one from URL:file:/home/runner/work/key/key/key.core/build/resources/main/de/uka/ilkd/key/java/JavaRedux/java/lang/System.java 
85379      WARN  main            d.u.i.k.j.r.KeYCrossReferenceNameInfo Datatype java.io.PrintStream declared twice: Once in FILE:/home/runner/work/key/key/key.core/../key.ui/examples/standard_key/java_dl/classpath/PrintStream.java and once in URL:file:/home/runner/work/key/key/key.core/build/resources/main/de/uka/ilkd/key/java/JavaRedux/java/io/PrintStream.java, Keeping one from URL:file:/home/runner/work/key/key/key.core/build/resources/main/de/uka/ilkd/key/java/JavaRedux/java/io/PrintStream.java 
85382      DEBUG main            d.u.i.k.j.r.ClassFileDeclarationBuilder Parsing: package java.io; public class Closeable { } 
85382      DEBUG main            r.s.KeYCrossReferenceSourceInfo Dynamically created class: java.io.Closeable 
87567      DEBUG main            d.u.i.k.p.i.AbstractProblemLoader Init config took 2.21s 
87581      INFO  main            d.u.i.k.p.i.AbstractProblemLoader Replaying proof continue2.key.proof 
87632      DEBUG main            d.u.i.k.p.i.IntermediateProofReplayer Proof replay took 48.09ms 
87633      DEBUG main            d.u.i.k.p.r.p.TestFile    ... success: reloaded. 
87635      INFO  main            d.u.i.k.p.r.p.TestFile    Now processing file /home/runner/work/key/key/key.core/../key.ui/examples/standard_key/java_dl/complexAssignment.key 
87635      INFO  main            d.u.i.k.p.i.AbstractProblemLoader Loading environment from /home/runner/work/key/key/key.core/../key.ui/examples/standard_key/java_dl/complexAssignment.key 
87635      DEBUG main            d.u.i.k.p.i.AbstractProblemLoader Environment load took 193.3ns 
87636      INFO  main            d.u.i.k.p.i.AbstractProblemLoader Creating init config 
89880      DEBUG main            d.u.i.k.p.i.AbstractProblemLoader Init config took 2.24s 
89893      INFO  main            d.u.i.k.p.i.AbstractProblemLoader Replaying proof complexAssignment.key 
89894      DEBUG main            d.u.i.k.p.i.IntermediateProofReplayer Proof replay took 5.7ns 
89996      INFO  main            d.u.i.k.p.r.p.TestFile    ... finished proof: closed. 
90203      INFO  main            d.u.i.k.p.i.AbstractProblemLoader Loading environment from /home/runner/work/key/key/key.core/../key.ui/examples/standard_key/java_dl/complexAssignment.key.proof 
90203      DEBUG main            d.u.i.k.p.i.AbstractProblemLoader Environment load took 94.7ns 
90204      INFO  main            d.u.i.k.p.i.AbstractProblemLoader Creating init config 
92376      DEBUG main            d.u.i.k.p.i.AbstractProblemLoader Init config took 2.17s 
92389      INFO  main            d.u.i.k.p.i.AbstractProblemLoader Replaying proof complexAssignment.key.proof 
92395      DEBUG main            d.u.i.k.p.i.IntermediateProofReplayer Proof replay took 4.47ms 
92396      DEBUG main            d.u.i.k.p.r.p.TestFile    ... success: reloaded. 
92397      INFO  main            d.u.i.k.p.r.p.TestFile    Now processing file /home/runner/work/key/key/key.core/../key.ui/examples/standard_key/java_dl/danglingElseSolution1.key 
92397      INFO  main            d.u.i.k.p.i.AbstractProblemLoader Loading environment from /home/runner/work/key/key/key.core/../key.ui/examples/standard_key/java_dl/danglingElseSolution1.key 
92397      DEBUG main            d.u.i.k.p.i.AbstractProblemLoader Environment load took 153.7ns 
92398      INFO  main            d.u.i.k.p.i.AbstractProblemLoader Creating init config 
94630      DEBUG main            d.u.i.k.p.i.AbstractProblemLoader Init config took 2.23s 
94644      INFO  main            d.u.i.k.p.i.AbstractProblemLoader Replaying proof danglingElseSolution1.key 
94645      DEBUG main            d.u.i.k.p.i.IntermediateProofReplayer Proof replay took 6.2ns 
94747      INFO  main            d.u.i.k.p.r.p.TestFile    ... finished proof: closed. 
94957      INFO  main            d.u.i.k.p.i.AbstractProblemLoader Loading environment from /home/runner/work/key/key/key.core/../key.ui/examples/standard_key/java_dl/danglingElseSolution1.key.proof 
94957      DEBUG main            d.u.i.k.p.i.AbstractProblemLoader Environment load took 91.6ns 
94958      INFO  main            d.u.i.k.p.i.AbstractProblemLoader Creating init config 
97116      DEBUG main            d.u.i.k.p.i.AbstractProblemLoader Init config took 2.16s 
97131      INFO  main            d.u.i.k.p.i.AbstractProblemLoader Replaying proof danglingElseSolution1.key.proof 
97140      DEBUG main            d.u.i.k.p.i.IntermediateProofReplayer Proof replay took 6.46ms 
97142      DEBUG main            d.u.i.k.p.r.p.TestFile    ... success: reloaded. 
97143      INFO  main            d.u.i.k.p.r.p.TestFile    Now processing file /home/runner/work/key/key/key.core/../key.ui/examples/standard_key/java_dl/danglingElseSolution2.key 
97143      INFO  main            d.u.i.k.p.i.AbstractProblemLoader Loading environment from /home/runner/work/key/key/key.core/../key.ui/examples/standard_key/java_dl/danglingElseSolution2.key 
97143      DEBUG main            d.u.i.k.p.i.AbstractProblemLoader Environment load took 167ns 
97144      INFO  main            d.u.i.k.p.i.AbstractProblemLoader Creating init config 
99375      DEBUG main            d.u.i.k.p.i.AbstractProblemLoader Init config took 2.23s 
99388      INFO  main            d.u.i.k.p.i.AbstractProblemLoader Replaying proof danglingElseSolution2.key 
99390      DEBUG main            d.u.i.k.p.i.IntermediateProofReplayer Proof replay took 6ns 
99493      INFO  main            d.u.i.k.p.r.p.TestFile    ... finished proof: closed. 
99707      INFO  main            d.u.i.k.p.i.AbstractProblemLoader Loading environment from /home/runner/work/key/key/key.core/../key.ui/examples/standard_key/java_dl/danglingElseSolution2.key.proof 
99708      DEBUG main            d.u.i.k.p.i.AbstractProblemLoader Environment load took 92ns 
99709      INFO  main            d.u.i.k.p.i.AbstractProblemLoader Creating init config 
101875     DEBUG main            d.u.i.k.p.i.AbstractProblemLoader Init config took 2.17s 
101889     INFO  main            d.u.i.k.p.i.AbstractProblemLoader Replaying proof danglingElseSolution2.key.proof 
101915     DEBUG main            d.u.i.k.p.i.IntermediateProofReplayer Proof replay took 16.09ms 
101916     DEBUG main            d.u.i.k.p.r.p.TestFile    ... success: reloaded. 
101917     INFO  main            d.u.i.k.p.r.p.TestFile    Now processing file /home/runner/work/key/key/key.core/../key.ui/examples/standard_key/java_dl/deepNonNull/deepNonNull0.key 
101917     INFO  main            d.u.i.k.p.i.AbstractProblemLoader Loading environment from /home/runner/work/key/key/key.core/../key.ui/examples/standard_key/java_dl/deepNonNull/deepNonNull0.key 
101917     DEBUG main            d.u.i.k.p.i.AbstractProblemLoader Environment load took 104.6ns 
101918     INFO  main            d.u.i.k.p.i.AbstractProblemLoader Creating init config 
104204     DEBUG main            d.u.i.k.p.i.AbstractProblemLoader Init config took 2.29s 
104241     INFO  main            d.u.i.k.p.i.AbstractProblemLoader Replaying proof Arrays[Arrays::get()].JML operation contract.0 
104242     DEBUG main            d.u.i.k.p.i.IntermediateProofReplayer Proof replay took 5.4ns 
104471     INFO  main            d.u.i.k.p.r.p.TestFile    ... finished proof: closed. 
104682     INFO  main            d.u.i.k.p.i.AbstractProblemLoader Loading environment from /home/runner/work/key/key/key.core/../key.ui/examples/standard_key/java_dl/deepNonNull/deepNonNull0.key.proof 
104682     DEBUG main            d.u.i.k.p.i.AbstractProblemLoader Environment load took 93.9ns 
104683     INFO  main            d.u.i.k.p.i.AbstractProblemLoader Creating init config 
106924     DEBUG main            d.u.i.k.p.i.AbstractProblemLoader Init config took 2.24s 
106960     INFO  main            d.u.i.k.p.i.AbstractProblemLoader Replaying proof Arrays[Arrays::get()].JML operation contract.0 
106977     DEBUG main            d.u.i.k.p.i.IntermediateProofReplayer Proof replay took 15.23ms 
106978     DEBUG main            d.u.i.k.p.r.p.TestFile    ... success: reloaded. 
106978     INFO  main            d.u.i.k.p.r.p.TestFile    Now processing file /home/runner/work/key/key/key.core/../key.ui/examples/standard_key/java_dl/deepNonNull/deepNonNull1.key 
106979     INFO  main            d.u.i.k.p.i.AbstractProblemLoader Loading environment from /home/runner/work/key/key/key.core/../key.ui/examples/standard_key/java_dl/deepNonNull/deepNonNull1.key 
106979     DEBUG main            d.u.i.k.p.i.AbstractProblemLoader Environment load took 73.8ns 
106981     INFO  main            d.u.i.k.p.i.AbstractProblemLoader Creating init config 
109272     DEBUG main            d.u.i.k.p.i.AbstractProblemLoader Init config took 2.29s 
109311     INFO  main            d.u.i.k.p.i.AbstractProblemLoader Replaying proof Arrays[Arrays::head()].JML operation contract.0 
109312     DEBUG main            d.u.i.k.p.i.IntermediateProofReplayer Proof replay took 5.8ns 
109514     INFO  main            d.u.i.k.p.r.p.TestFile    ... finished proof: closed. 
109746     INFO  main            d.u.i.k.p.i.AbstractProblemLoader Loading environment from /home/runner/work/key/key/key.core/../key.ui/examples/standard_key/java_dl/deepNonNull/deepNonNull1.key.proof 
109746     DEBUG main            d.u.i.k.p.i.AbstractProblemLoader Environment load took 92.7ns 
109747     INFO  main            d.u.i.k.p.i.AbstractProblemLoader Creating init config 
111991     DEBUG main            d.u.i.k.p.i.AbstractProblemLoader Init config took 2.24s 
112024     INFO  main            d.u.i.k.p.i.AbstractProblemLoader Replaying proof Arrays[Arrays::head()].JML operation contract.0 
112040     DEBUG main            d.u.i.k.p.i.IntermediateProofReplayer Proof replay took 14.42ms 
112041     DEBUG main            d.u.i.k.p.r.p.TestFile    ... success: reloaded. 
112042     INFO  main            d.u.i.k.p.r.p.TestFile    Now processing file /home/runner/work/key/key/key.core/../key.ui/examples/standard_key/java_dl/deepNonNull/deepNonNull2.key 
112042     INFO  main            d.u.i.k.p.i.AbstractProblemLoader Loading environment from /home/runner/work/key/key/key.core/../key.ui/examples/standard_key/java_dl/deepNonNull/deepNonNull2.key 
112042     DEBUG main            d.u.i.k.p.i.AbstractProblemLoader Environment load took 80ns 
112043     INFO  main            d.u.i.k.p.i.AbstractProblemLoader Creating init config 
114302     DEBUG main            d.u.i.k.p.i.AbstractProblemLoader Init config took 2.26s 
114348     INFO  main            d.u.i.k.p.i.AbstractProblemLoader Replaying proof Arrays[Arrays::unprovable(java.lang.Object)].JML operation contract.0 
114349     DEBUG main            d.u.i.k.p.i.IntermediateProofReplayer Proof replay took 5.4ns 
114457     INFO  main            d.u.i.k.p.r.p.TestFile    ... finished proof: open goal(s) 
114682     INFO  main            d.u.i.k.p.r.p.TestFile    Now processing file /home/runner/work/key/key/key.core/../key.ui/examples/standard_key/java_dl/deepNonNull/deepNonNull3.key 
114682     INFO  main            d.u.i.k.p.i.AbstractProblemLoader Loading environment from /home/runner/work/key/key/key.core/../key.ui/examples/standard_key/java_dl/deepNonNull/deepNonNull3.key 
114682     DEBUG main            d.u.i.k.p.i.AbstractProblemLoader Environment load took 50.6ns 
114683     INFO  main            d.u.i.k.p.i.AbstractProblemLoader Creating init config 
116893     DEBUG main            d.u.i.k.p.i.AbstractProblemLoader Init config took 2.21s 
116927     INFO  main            d.u.i.k.p.i.AbstractProblemLoader Replaying proof Arrays[Arrays::head([[[[Ljava.lang.Object)].JML operation contract.0 
116928     DEBUG main            d.u.i.k.p.i.IntermediateProofReplayer Proof replay took 5.5ns 
117731     INFO  main            d.u.i.k.p.r.p.TestFile    ... finished proof: closed. 
117976     INFO  main            d.u.i.k.p.i.AbstractProblemLoader Loading environment from /home/runner/work/key/key/key.core/../key.ui/examples/standard_key/java_dl/deepNonNull/deepNonNull3.key.proof 
117977     DEBUG main            d.u.i.k.p.i.AbstractProblemLoader Environment load took 778.2ns 
117978     INFO  main            d.u.i.k.p.i.AbstractProblemLoader Creating init config 
120227     DEBUG main            d.u.i.k.p.i.AbstractProblemLoader Init config took 2.25s 
120262     INFO  main            d.u.i.k.p.i.AbstractProblemLoader Replaying proof Arrays[Arrays::head([[[[Ljava.lang.Object)].JML operation contract.0 
120334     DEBUG main            d.u.i.k.p.i.IntermediateProofReplayer Proof replay took 63.92ms 
120335     DEBUG main            d.u.i.k.p.r.p.TestFile    ... success: reloaded. 
120336     INFO  main            d.u.i.k.p.r.p.TestFile    Now processing file /home/runner/work/key/key/key.core/../key.ui/examples/standard_key/java_dl/exceptions.key 
120337     INFO  main            d.u.i.k.p.i.AbstractProblemLoader Loading environment from /home/runner/work/key/key/key.core/../key.ui/examples/standard_key/java_dl/exceptions.key 
120338     DEBUG main            d.u.i.k.p.i.AbstractProblemLoader Environment load took 926ns 
120339     INFO  main            d.u.i.k.p.i.AbstractProblemLoader Creating init config 
120358     WARN  main            d.u.i.k.j.r.KeYCrossReferenceNameInfo Datatype java.io.InputStream declared twice: Once in FILE:/home/runner/work/key/key/key.core/../key.ui/examples/standard_key/java_dl/classpath/InputStream.java and once in URL:file:/home/runner/work/key/key/key.core/build/resources/main/de/uka/ilkd/key/java/JavaRedux/java/io/InputStream.java, Keeping one from URL:file:/home/runner/work/key/key/key.core/build/resources/main/de/uka/ilkd/key/java/JavaRedux/java/io/InputStream.java 
120361     WARN  main            d.u.i.k.j.r.KeYCrossReferenceNameInfo Datatype java.lang.System declared twice: Once in FILE:/home/runner/work/key/key/key.core/../key.ui/examples/standard_key/java_dl/classpath/System.java and once in URL:file:/home/runner/work/key/key/key.core/build/resources/main/de/uka/ilkd/key/java/JavaRedux/java/lang/System.java, Keeping one from URL:file:/home/runner/work/key/key/key.core/build/resources/main/de/uka/ilkd/key/java/JavaRedux/java/lang/System.java 
120362     WARN  main            d.u.i.k.j.r.KeYCrossReferenceNameInfo Datatype java.io.PrintStream declared twice: Once in FILE:/home/runner/work/key/key/key.core/../key.ui/examples/standard_key/java_dl/classpath/PrintStream.java and once in URL:file:/home/runner/work/key/key/key.core/build/resources/main/de/uka/ilkd/key/java/JavaRedux/java/io/PrintStream.java, Keeping one from URL:file:/home/runner/work/key/key/key.core/build/resources/main/de/uka/ilkd/key/java/JavaRedux/java/io/PrintStream.java 
120364     DEBUG main            d.u.i.k.j.r.ClassFileDeclarationBuilder Parsing: package java.io; public class Closeable { } 
120365     DEBUG main            r.s.KeYCrossReferenceSourceInfo Dynamically created class: java.io.Closeable 
122579     DEBUG main            d.u.i.k.p.i.AbstractProblemLoader Init config took 2.24s 
122592     INFO  main            d.u.i.k.p.i.AbstractProblemLoader Replaying proof exceptions.key 
122594     DEBUG main            d.u.i.k.p.i.IntermediateProofReplayer Proof replay took 6.3ns 
122796     INFO  main            d.u.i.k.p.r.p.TestFile    ... finished proof: closed. 
123033     INFO  main            d.u.i.k.p.i.AbstractProblemLoader Loading environment from /home/runner/work/key/key/key.core/../key.ui/examples/standard_key/java_dl/exceptions.key.proof 
123033     DEBUG main            d.u.i.k.p.i.AbstractProblemLoader Environment load took 79.5ns 
123036     INFO  main            d.u.i.k.p.i.AbstractProblemLoader Creating init config 
123055     WARN  main            d.u.i.k.j.r.KeYCrossReferenceNameInfo Datatype java.io.InputStream declared twice: Once in FILE:/home/runner/work/key/key/key.core/../key.ui/examples/standard_key/java_dl/classpath/InputStream.java and once in URL:file:/home/runner/work/key/key/key.core/build/resources/main/de/uka/ilkd/key/java/JavaRedux/java/io/InputStream.java, Keeping one from URL:file:/home/runner/work/key/key/key.core/build/resources/main/de/uka/ilkd/key/java/JavaRedux/java/io/InputStream.java 
123055     WARN  main            d.u.i.k.j.r.KeYCrossReferenceNameInfo Datatype java.lang.System declared twice: Once in FILE:/home/runner/work/key/key/key.core/../key.ui/examples/standard_key/java_dl/classpath/System.java and once in URL:file:/home/runner/work/key/key/key.core/build/resources/main/de/uka/ilkd/key/java/JavaRedux/java/lang/System.java, Keeping one from URL:file:/home/runner/work/key/key/key.core/build/resources/main/de/uka/ilkd/key/java/JavaRedux/java/lang/System.java 
123055     WARN  main            d.u.i.k.j.r.KeYCrossReferenceNameInfo Datatype java.io.PrintStream declared twice: Once in FILE:/home/runner/work/key/key/key.core/../key.ui/examples/standard_key/java_dl/classpath/PrintStream.java and once in URL:file:/home/runner/work/key/key/key.core/build/resources/main/de/uka/ilkd/key/java/JavaRedux/java/io/PrintStream.java, Keeping one from URL:file:/home/runner/work/key/key/key.core/build/resources/main/de/uka/ilkd/key/java/JavaRedux/java/io/PrintStream.java 
123058     DEBUG main            d.u.i.k.j.r.ClassFileDeclarationBuilder Parsing: package java.io; public class Closeable { } 
123058     DEBUG main            r.s.KeYCrossReferenceSourceInfo Dynamically created class: java.io.Closeable 
125232     DEBUG main            d.u.i.k.p.i.AbstractProblemLoader Init config took 2.2s 
125246     INFO  main            d.u.i.k.p.i.AbstractProblemLoader Replaying proof exceptions.key.proof 
125281     DEBUG main            d.u.i.k.p.i.IntermediateProofReplayer Proof replay took 32.3ms 
125282     DEBUG main            d.u.i.k.p.r.p.TestFile    ... success: reloaded. 
125283     INFO  main            d.u.i.k.p.r.p.TestFile    Now processing file /home/runner/work/key/key/key.core/../key.ui/examples/standard_key/java_dl/exceptions1.key 
125283     INFO  main            d.u.i.k.p.i.AbstractProblemLoader Loading environment from /home/runner/work/key/key/key.core/../key.ui/examples/standard_key/java_dl/exceptions1.key 
125283     DEBUG main            d.u.i.k.p.i.AbstractProblemLoader Environment load took 148.4ns 
125284     INFO  main            d.u.i.k.p.i.AbstractProblemLoader Creating init config 
127472     DEBUG main            d.u.i.k.p.i.AbstractProblemLoader Init config took 2.19s 
127485     INFO  main            d.u.i.k.p.i.AbstractProblemLoader Replaying proof exceptions1.key 
127487     DEBUG main            d.u.i.k.p.i.IntermediateProofReplayer Proof replay took 6.6ns 
127588     INFO  main            d.u.i.k.p.r.p.TestFile    ... finished proof: closed. 
127835     INFO  main            d.u.i.k.p.i.AbstractProblemLoader Loading environment from /home/runner/work/key/key/key.core/../key.ui/examples/standard_key/java_dl/exceptions1.key.proof 
127835     DEBUG main            d.u.i.k.p.i.AbstractProblemLoader Environment load took 74.3ns 
127836     INFO  main            d.u.i.k.p.i.AbstractProblemLoader Creating init config 
129975     DEBUG main            d.u.i.k.p.i.AbstractProblemLoader Init config took 2.14s 
129988     INFO  main            d.u.i.k.p.i.AbstractProblemLoader Replaying proof exceptions1.key.proof 
130010     DEBUG main            d.u.i.k.p.i.IntermediateProofReplayer Proof replay took 19.62ms 
130011     DEBUG main            d.u.i.k.p.r.p.TestFile    ... success: reloaded. 
130011     INFO  main            d.u.i.k.p.r.p.TestFile    Now processing file /home/runner/work/key/key/key.core/../key.ui/examples/standard_key/java_dl/exceptions2.key 
130011     INFO  main            d.u.i.k.p.i.AbstractProblemLoader Loading environment from /home/runner/work/key/key/key.core/../key.ui/examples/standard_key/java_dl/exceptions2.key 
130012     DEBUG main            d.u.i.k.p.i.AbstractProblemLoader Environment load took 64.6ns 
130012     INFO  main            d.u.i.k.p.i.AbstractProblemLoader Creating init config 
132227     DEBUG main            d.u.i.k.p.i.AbstractProblemLoader Init config took 2.21s 
132243     INFO  main            d.u.i.k.p.i.AbstractProblemLoader Replaying proof exceptions2.key 
132245     DEBUG main            d.u.i.k.p.i.IntermediateProofReplayer Proof replay took 6.2ns 
132447     INFO  main            d.u.i.k.p.r.p.TestFile    ... finished proof: closed. 
132703     INFO  main            d.u.i.k.p.i.AbstractProblemLoader Loading environment from /home/runner/work/key/key/key.core/../key.ui/examples/standard_key/java_dl/exceptions2.key.proof 
132703     DEBUG main            d.u.i.k.p.i.AbstractProblemLoader Environment load took 76.4ns 
132704     INFO  main            d.u.i.k.p.i.AbstractProblemLoader Creating init config 
134893     DEBUG main            d.u.i.k.p.i.AbstractProblemLoader Init config took 2.19s 
134909     INFO  main            d.u.i.k.p.i.AbstractProblemLoader Replaying proof exceptions2.key.proof 
134934     DEBUG main            d.u.i.k.p.i.IntermediateProofReplayer Proof replay took 22.72ms 
134934     DEBUG main            d.u.i.k.p.r.p.TestFile    ... success: reloaded. 
134935     INFO  main            d.u.i.k.p.r.p.TestFile    Now processing file /home/runner/work/key/key/key.core/../key.ui/examples/standard_key/java_dl/exceptions3.key 
134935     INFO  main            d.u.i.k.p.i.AbstractProblemLoader Loading environment from /home/runner/work/key/key/key.core/../key.ui/examples/standard_key/java_dl/exceptions3.key 
134935     DEBUG main            d.u.i.k.p.i.AbstractProblemLoader Environment load took 59.6ns 
134936     INFO  main            d.u.i.k.p.i.AbstractProblemLoader Creating init config 
134954     WARN  main            d.u.i.k.j.r.KeYCrossReferenceNameInfo Datatype java.io.InputStream declared twice: Once in FILE:/home/runner/work/key/key/key.core/../key.ui/examples/standard_key/java_dl/classpath/InputStream.java and once in URL:file:/home/runner/work/key/key/key.core/build/resources/main/de/uka/ilkd/key/java/JavaRedux/java/io/InputStream.java, Keeping one from URL:file:/home/runner/work/key/key/key.core/build/resources/main/de/uka/ilkd/key/java/JavaRedux/java/io/InputStream.java 
134954     WARN  main            d.u.i.k.j.r.KeYCrossReferenceNameInfo Datatype java.lang.System declared twice: Once in FILE:/home/runner/work/key/key/key.core/../key.ui/examples/standard_key/java_dl/classpath/System.java and once in URL:file:/home/runner/work/key/key/key.core/build/resources/main/de/uka/ilkd/key/java/JavaRedux/java/lang/System.java, Keeping one from URL:file:/home/runner/work/key/key/key.core/build/resources/main/de/uka/ilkd/key/java/JavaRedux/java/lang/System.java 
134954     WARN  main            d.u.i.k.j.r.KeYCrossReferenceNameInfo Datatype java.io.PrintStream declared twice: Once in FILE:/home/runner/work/key/key/key.core/../key.ui/examples/standard_key/java_dl/classpath/PrintStream.java and once in URL:file:/home/runner/work/key/key/key.core/build/resources/main/de/uka/ilkd/key/java/JavaRedux/java/io/PrintStream.java, Keeping one from URL:file:/home/runner/work/key/key/key.core/build/resources/main/de/uka/ilkd/key/java/JavaRedux/java/io/PrintStream.java 
134957     DEBUG main            d.u.i.k.j.r.ClassFileDeclarationBuilder Parsing: package java.io; public class Closeable { } 
134957     DEBUG main            r.s.KeYCrossReferenceSourceInfo Dynamically created class: java.io.Closeable 
137182     DEBUG main            d.u.i.k.p.i.AbstractProblemLoader Init config took 2.25s 
137195     INFO  main            d.u.i.k.p.i.AbstractProblemLoader Replaying proof exceptions3.key 
137196     DEBUG main            d.u.i.k.p.i.IntermediateProofReplayer Proof replay took 6.5ns 
137298     INFO  main            d.u.i.k.p.r.p.TestFile    ... finished proof: closed. 
137550     INFO  main            d.u.i.k.p.i.AbstractProblemLoader Loading environment from /home/runner/work/key/key/key.core/../key.ui/examples/standard_key/java_dl/exceptions3.key.proof 
137550     DEBUG main            d.u.i.k.p.i.AbstractProblemLoader Environment load took 83.2ns 
137551     INFO  main            d.u.i.k.p.i.AbstractProblemLoader Creating init config 
137574     WARN  main            d.u.i.k.j.r.KeYCrossReferenceNameInfo Datatype java.io.InputStream declared twice: Once in FILE:/home/runner/work/key/key/key.core/../key.ui/examples/standard_key/java_dl/classpath/InputStream.java and once in URL:file:/home/runner/work/key/key/key.core/build/resources/main/de/uka/ilkd/key/java/JavaRedux/java/io/InputStream.java, Keeping one from URL:file:/home/runner/work/key/key/key.core/build/resources/main/de/uka/ilkd/key/java/JavaRedux/java/io/InputStream.java 
137574     WARN  main            d.u.i.k.j.r.KeYCrossReferenceNameInfo Datatype java.lang.System declared twice: Once in FILE:/home/runner/work/key/key/key.core/../key.ui/examples/standard_key/java_dl/classpath/System.java and once in URL:file:/home/runner/work/key/key/key.core/build/resources/main/de/uka/ilkd/key/java/JavaRedux/java/lang/System.java, Keeping one from URL:file:/home/runner/work/key/key/key.core/build/resources/main/de/uka/ilkd/key/java/JavaRedux/java/lang/System.java 
137574     WARN  main            d.u.i.k.j.r.KeYCrossReferenceNameInfo Datatype java.io.PrintStream declared twice: Once in FILE:/home/runner/work/key/key/key.core/../key.ui/examples/standard_key/java_dl/classpath/PrintStream.java and once in URL:file:/home/runner/work/key/key/key.core/build/resources/main/de/uka/ilkd/key/java/JavaRedux/java/io/PrintStream.java, Keeping one from URL:file:/home/runner/work/key/key/key.core/build/resources/main/de/uka/ilkd/key/java/JavaRedux/java/io/PrintStream.java 
137576     DEBUG main            d.u.i.k.j.r.ClassFileDeclarationBuilder Parsing: package java.io; public class Closeable { } 
137576     DEBUG main            r.s.KeYCrossReferenceSourceInfo Dynamically created class: java.io.Closeable 
139793     DEBUG main            d.u.i.k.p.i.AbstractProblemLoader Init config took 2.24s 
139805     INFO  main            d.u.i.k.p.i.AbstractProblemLoader Replaying proof exceptions3.key.proof 
139810     DEBUG main            d.u.i.k.p.i.IntermediateProofReplayer Proof replay took 2.69ms 
139811     DEBUG main            d.u.i.k.p.r.p.TestFile    ... success: reloaded. 
139811     INFO  main            d.u.i.k.p.r.p.TestFile    Now processing file /home/runner/work/key/key/key.core/../key.ui/examples/standard_key/java_dl/exchange.key 
139811     INFO  main            d.u.i.k.p.i.AbstractProblemLoader Loading environment from /home/runner/work/key/key/key.core/../key.ui/examples/standard_key/java_dl/exchange.key 
139811     DEBUG main            d.u.i.k.p.i.AbstractProblemLoader Environment load took 46.5ns 
139812     INFO  main            d.u.i.k.p.i.AbstractProblemLoader Creating init config 
141978     DEBUG main            d.u.i.k.p.i.AbstractProblemLoader Init config took 2.17s 
141991     INFO  main            d.u.i.k.p.i.AbstractProblemLoader Replaying proof exchange.key 
141992     DEBUG main            d.u.i.k.p.i.IntermediateProofReplayer Proof replay took 5.9ns 
142094     INFO  main            d.u.i.k.p.r.p.TestFile    ... finished proof: closed. 
142346     INFO  main            d.u.i.k.p.i.AbstractProblemLoader Loading environment from /home/runner/work/key/key/key.core/../key.ui/examples/standard_key/java_dl/exchange.key.proof 
142346     DEBUG main            d.u.i.k.p.i.AbstractProblemLoader Environment load took 74.6ns 
142347     INFO  main            d.u.i.k.p.i.AbstractProblemLoader Creating init config 
144477     DEBUG main            d.u.i.k.p.i.AbstractProblemLoader Init config took 2.13s 
144489     INFO  main            d.u.i.k.p.i.AbstractProblemLoader Replaying proof exchange.key.proof 
144493     DEBUG main            d.u.i.k.p.i.IntermediateProofReplayer Proof replay took 2.13ms 
144494     DEBUG main            d.u.i.k.p.r.p.TestFile    ... success: reloaded. 
144494     INFO  main            d.u.i.k.p.r.p.TestFile    Now processing file /home/runner/work/key/key/key.core/../key.ui/examples/standard_key/java_dl/if.key 
144494     INFO  main            d.u.i.k.p.i.AbstractProblemLoader Loading environment from /home/runner/work/key/key/key.core/../key.ui/examples/standard_key/java_dl/if.key 
144494     DEBUG main            d.u.i.k.p.i.AbstractProblemLoader Environment load took 65.7ns 
144495     INFO  main            d.u.i.k.p.i.AbstractProblemLoader Creating init config 
146659     DEBUG main            d.u.i.k.p.i.AbstractProblemLoader Init config took 2.16s 
146671     INFO  main            d.u.i.k.p.i.AbstractProblemLoader Replaying proof if.key 
146672     DEBUG main            d.u.i.k.p.i.IntermediateProofReplayer Proof replay took 6.4ns 
146773     INFO  main            d.u.i.k.p.r.p.TestFile    ... finished proof: closed. 
147031     INFO  main            d.u.i.k.p.i.AbstractProblemLoader Loading environment from /home/runner/work/key/key/key.core/../key.ui/examples/standard_key/java_dl/if.key.proof 
147031     DEBUG main            d.u.i.k.p.i.AbstractProblemLoader Environment load took 75.7ns 
147032     INFO  main            d.u.i.k.p.i.AbstractProblemLoader Creating init config 
149161     DEBUG main            d.u.i.k.p.i.AbstractProblemLoader Init config took 2.13s 
149173     INFO  main            d.u.i.k.p.i.AbstractProblemLoader Replaying proof if.key.proof 
149176     DEBUG main            d.u.i.k.p.i.IntermediateProofReplayer Proof replay took 2.11ms 
149177     DEBUG main            d.u.i.k.p.r.p.TestFile    ... success: reloaded. 
149177     INFO  main            d.u.i.k.p.r.p.TestFile    Now processing file /home/runner/work/key/key/key.core/../key.ui/examples/standard_key/java_dl/incrementcounter.key 
149178     INFO  main            d.u.i.k.p.i.AbstractProblemLoader Loading environment from /home/runner/work/key/key/key.core/../key.ui/examples/standard_key/java_dl/incrementcounter.key 
149178     DEBUG main            d.u.i.k.p.i.AbstractProblemLoader Environment load took 67.3ns 
149178     INFO  main            d.u.i.k.p.i.AbstractProblemLoader Creating init config 
151344     DEBUG main            d.u.i.k.p.i.AbstractProblemLoader Init config took 2.17s 
151357     INFO  main            d.u.i.k.p.i.AbstractProblemLoader Replaying proof incrementcounter.key 
151358     DEBUG main            d.u.i.k.p.i.IntermediateProofReplayer Proof replay took 6.5ns 
151460     INFO  main            d.u.i.k.p.r.p.TestFile    ... finished proof: closed. 
151726     INFO  main            d.u.i.k.p.i.AbstractProblemLoader Loading environment from /home/runner/work/key/key/key.core/../key.ui/examples/standard_key/java_dl/incrementcounter.key.proof 
151726     DEBUG main            d.u.i.k.p.i.AbstractProblemLoader Environment load took 72.6ns 
151727     INFO  main            d.u.i.k.p.i.AbstractProblemLoader Creating init config 
153860     DEBUG main            d.u.i.k.p.i.AbstractProblemLoader Init config took 2.13s 
153873     INFO  main            d.u.i.k.p.i.AbstractProblemLoader Replaying proof incrementcounter.key.proof 
153875     DEBUG main            d.u.i.k.p.i.IntermediateProofReplayer Proof replay took 1.38ms 
153876     DEBUG main            d.u.i.k.p.r.p.TestFile    ... success: reloaded. 
153876     INFO  main            d.u.i.k.p.r.p.TestFile    Now processing file /home/runner/work/key/key/key.core/../key.ui/examples/standard_key/java_dl/danglingElse.key 
153877     INFO  main            d.u.i.k.p.i.AbstractProblemLoader Loading environment from /home/runner/work/key/key/key.core/../key.ui/examples/standard_key/java_dl/danglingElse.key 
153877     DEBUG main            d.u.i.k.p.i.AbstractProblemLoader Environment load took 68.5ns 
153878     INFO  main            d.u.i.k.p.i.AbstractProblemLoader Creating init config 
156047     DEBUG main            d.u.i.k.p.i.AbstractProblemLoader Init config took 2.17s 
156060     INFO  main            d.u.i.k.p.i.AbstractProblemLoader Replaying proof danglingElse.key 
156061     DEBUG main            d.u.i.k.p.i.IntermediateProofReplayer Proof replay took 6.2ns 
156166     INFO  main            d.u.i.k.p.r.p.TestFile    ... finished proof: open goal(s) 
156470     INFO  main            d.u.i.k.p.r.p.TestFile    Now processing file /home/runner/work/key/key/key.core/../key.ui/examples/standard_key/java_dl/iteratedAssignment.key 
156471     INFO  main            d.u.i.k.p.i.AbstractProblemLoader Loading environment from /home/runner/work/key/key/key.core/../key.ui/examples/standard_key/java_dl/iteratedAssignment.key 
156471     DEBUG main            d.u.i.k.p.i.AbstractProblemLoader Environment load took 72.7ns 
156471     INFO  main            d.u.i.k.p.i.AbstractProblemLoader Creating init config 
158607     DEBUG main            d.u.i.k.p.i.AbstractProblemLoader Init config took 2.14s 
158621     INFO  main            d.u.i.k.p.i.AbstractProblemLoader Replaying proof iteratedAssignment.key 
158624     DEBUG main            d.u.i.k.p.i.IntermediateProofReplayer Proof replay took 6.2ns 
158926     INFO  main            d.u.i.k.p.r.p.TestFile    ... finished proof: closed. 
159242     INFO  main            d.u.i.k.p.i.AbstractProblemLoader Loading environment from /home/runner/work/key/key/key.core/../key.ui/examples/standard_key/java_dl/iteratedAssignment.key.proof 
159242     DEBUG main            d.u.i.k.p.i.AbstractProblemLoader Environment load took 92.6ns 
159243     INFO  main            d.u.i.k.p.i.AbstractProblemLoader Creating init config 
161376     DEBUG main            d.u.i.k.p.i.AbstractProblemLoader Init config took 2.13s 
161389     INFO  main            d.u.i.k.p.i.AbstractProblemLoader Replaying proof iteratedAssignment.key.proof 
161434     DEBUG main            d.u.i.k.p.i.IntermediateProofReplayer Proof replay took 41.8ms 
161435     DEBUG main            d.u.i.k.p.r.p.TestFile    ... success: reloaded. 
161436     INFO  main            d.u.i.k.p.r.p.TestFile    Now processing file /home/runner/work/key/key/key.core/../key.ui/examples/standard_key/java_dl/assert/assert1.key 
161436     INFO  main            d.u.i.k.p.i.AbstractProblemLoader Loading environment from /home/runner/work/key/key/key.core/../key.ui/examples/standard_key/java_dl/assert/assert1.key 
161436     DEBUG main            d.u.i.k.p.i.AbstractProblemLoader Environment load took 68.8ns 
161437     INFO  main            d.u.i.k.p.i.AbstractProblemLoader Creating init config 
163670     DEBUG main            d.u.i.k.p.i.AbstractProblemLoader Init config took 2.23s 
163702     INFO  main            d.u.i.k.p.i.AbstractProblemLoader Replaying proof C[C::foo()].JML normal_behavior operation contract.0 
163703     DEBUG main            d.u.i.k.p.i.IntermediateProofReplayer Proof replay took 6.4ns 
163805     INFO  main            d.u.i.k.p.r.p.TestFile    ... finished proof: open goal(s) 
164100     INFO  main            d.u.i.k.p.r.p.TestFile    Now processing file /home/runner/work/key/key/key.core/../key.ui/examples/standard_key/java_dl/assert/assert2.key 
164100     INFO  main            d.u.i.k.p.i.AbstractProblemLoader Loading environment from /home/runner/work/key/key/key.core/../key.ui/examples/standard_key/java_dl/assert/assert2.key 
164101     DEBUG main            d.u.i.k.p.i.AbstractProblemLoader Environment load took 42.8ns 
164101     INFO  main            d.u.i.k.p.i.AbstractProblemLoader Creating init config 
166281     DEBUG main            d.u.i.k.p.i.AbstractProblemLoader Init config took 2.18s 
166312     INFO  main            d.u.i.k.p.i.AbstractProblemLoader Replaying proof C[C::bar()].JML exceptional_behavior operation contract.0 
166314     DEBUG main            d.u.i.k.p.i.IntermediateProofReplayer Proof replay took 7.1ns 
166418     INFO  main            d.u.i.k.p.r.p.TestFile    ... finished proof: closed. 
166700     INFO  main            d.u.i.k.p.i.AbstractProblemLoader Loading environment from /home/runner/work/key/key/key.core/../key.ui/examples/standard_key/java_dl/assert/assert2.key.proof 
166700     DEBUG main            d.u.i.k.p.i.AbstractProblemLoader Environment load took 69.7ns 
166701     INFO  main            d.u.i.k.p.i.AbstractProblemLoader Creating init config 
168869     DEBUG main            d.u.i.k.p.i.AbstractProblemLoader Init config took 2.17s 
168911     INFO  main            d.u.i.k.p.i.AbstractProblemLoader Replaying proof C[C::bar()].JML exceptional_behavior operation contract.0 
168939     DEBUG main            d.u.i.k.p.i.IntermediateProofReplayer Proof replay took 26.35ms 
168941     DEBUG main            d.u.i.k.p.r.p.TestFile    ... success: reloaded. 
168943     INFO  main            d.u.i.k.p.r.p.TestFile    Now processing file /home/runner/work/key/key/key.core/../key.ui/examples/standard_key/java_dl/assert/assert3.key 
168943     INFO  main            d.u.i.k.p.i.AbstractProblemLoader Loading environment from /home/runner/work/key/key/key.core/../key.ui/examples/standard_key/java_dl/assert/assert3.key 
168957     DEBUG main            d.u.i.k.p.i.AbstractProblemLoader Environment load took 13.99ms 
168958     INFO  main            d.u.i.k.p.i.AbstractProblemLoader Creating init config 
171228     DEBUG main            d.u.i.k.p.i.AbstractProblemLoader Init config took 2.27s 
171259     INFO  main            d.u.i.k.p.i.AbstractProblemLoader Replaying proof C[C::foo()].JML normal_behavior operation contract.0 
171261     DEBUG main            d.u.i.k.p.i.IntermediateProofReplayer Proof replay took 6.2ns 
171363     INFO  main            d.u.i.k.p.r.p.TestFile    ... finished proof: open goal(s) 
171643     INFO  main            d.u.i.k.p.r.p.TestFile    Now processing file /home/runner/work/key/key/key.core/../key.ui/examples/standard_key/java_dl/java5/vararg.key 
171643     INFO  main            d.u.i.k.p.i.AbstractProblemLoader Loading environment from /home/runner/work/key/key/key.core/../key.ui/examples/standard_key/java_dl/java5/vararg.key 
171644     DEBUG main            d.u.i.k.p.i.AbstractProblemLoader Environment load took 69.6ns 
171645     INFO  main            d.u.i.k.p.i.AbstractProblemLoader Creating init config 
172420     DEBUG main            d.u.i.k.j.r.ClassPreparationMethodBuilder clPrepBuilder: Inner Class detected. Reject building class initialisation methods. 
174093     DEBUG main            d.u.i.k.p.i.AbstractProblemLoader Init config took 2.45s 
174116     INFO  main            d.u.i.k.p.i.AbstractProblemLoader Replaying proof vararg.key 
174117     DEBUG main            d.u.i.k.p.i.IntermediateProofReplayer Proof replay took 6.2ns 
175245     INFO  main            d.u.i.k.p.r.p.TestFile    ... finished proof: closed. 
175579     INFO  main            d.u.i.k.p.i.AbstractProblemLoader Loading environment from /home/runner/work/key/key/key.core/../key.ui/examples/standard_key/java_dl/java5/vararg.key.proof 
175580     DEBUG main            d.u.i.k.p.i.AbstractProblemLoader Environment load took 300.7ns 
175581     INFO  main            d.u.i.k.p.i.AbstractProblemLoader Creating init config 
176353     DEBUG main            d.u.i.k.j.r.ClassPreparationMethodBuilder clPrepBuilder: Inner Class detected. Reject building class initialisation methods. 
177970     DEBUG main            d.u.i.k.p.i.AbstractProblemLoader Init config took 2.39s 
177991     INFO  main            d.u.i.k.p.i.AbstractProblemLoader Replaying proof vararg.key.proof 
178232     DEBUG main            d.u.i.k.p.i.IntermediateProofReplayer Proof replay took 230.07ms 
178233     DEBUG main            d.u.i.k.p.r.p.TestFile    ... success: reloaded. 
178234     INFO  main            d.u.i.k.p.r.p.TestFile    Now processing file /home/runner/work/key/key/key.core/../key.ui/examples/standard_key/java_dl/java5/for_Array.key 
178234     INFO  main            d.u.i.k.p.i.AbstractProblemLoader Loading environment from /home/runner/work/key/key/key.core/../key.ui/examples/standard_key/java_dl/java5/for_Array.key 
178234     DEBUG main            d.u.i.k.p.i.AbstractProblemLoader Environment load took 67.1ns 
178235     INFO  main            d.u.i.k.p.i.AbstractProblemLoader Creating init config 
179009     DEBUG main            d.u.i.k.j.r.ClassPreparationMethodBuilder clPrepBuilder: Inner Class detected. Reject building class initialisation methods. 
180676     DEBUG main            d.u.i.k.p.i.AbstractProblemLoader Init config took 2.44s 
180723     INFO  main            d.u.i.k.p.i.AbstractProblemLoader Replaying proof For[For::sum([I)].JML operation contract.0 
180724     DEBUG main            d.u.i.k.p.i.IntermediateProofReplayer Proof replay took 7.2ns 
181044     INFO  main            d.u.i.k.p.r.p.TestFile    ... finished proof: closed. 
181391     INFO  main            d.u.i.k.p.i.AbstractProblemLoader Loading environment from /home/runner/work/key/key/key.core/../key.ui/examples/standard_key/java_dl/java5/for_Array.key.proof 
181391     DEBUG main            d.u.i.k.p.i.AbstractProblemLoader Environment load took 74.7ns 
181392     INFO  main            d.u.i.k.p.i.AbstractProblemLoader Creating init config 
182140     DEBUG main            d.u.i.k.j.r.ClassPreparationMethodBuilder clPrepBuilder: Inner Class detected. Reject building class initialisation methods. 
183758     DEBUG main            d.u.i.k.p.i.AbstractProblemLoader Init config took 2.37s 
183815     INFO  main            d.u.i.k.p.i.AbstractProblemLoader Replaying proof For[For::sum([I)].JML operation contract.0 
183884     DEBUG main            d.u.i.k.p.i.IntermediateProofReplayer Proof replay took 66.11ms 
183885     DEBUG main            d.u.i.k.p.r.p.TestFile    ... success: reloaded. 
183886     INFO  main            d.u.i.k.p.r.p.TestFile    Now processing file /home/runner/work/key/key/key.core/../key.ui/examples/standard_key/java_dl/java5/for_Iterable.key 
183887     INFO  main            d.u.i.k.p.i.AbstractProblemLoader Loading environment from /home/runner/work/key/key/key.core/../key.ui/examples/standard_key/java_dl/java5/for_Iterable.key 
183887     DEBUG main            d.u.i.k.p.i.AbstractProblemLoader Environment load took 142.1ns 
183888     INFO  main            d.u.i.k.p.i.AbstractProblemLoader Creating init config 
184660     DEBUG main            d.u.i.k.j.r.ClassPreparationMethodBuilder clPrepBuilder: Inner Class detected. Reject building class initialisation methods. 
186258     DEBUG main            d.u.i.k.p.i.AbstractProblemLoader Init config took 2.37s 
186305     INFO  main            d.u.i.k.p.i.AbstractProblemLoader Replaying proof For[For::infiniteLoop(For)].JML operation contract.0 
186306     DEBUG main            d.u.i.k.p.i.IntermediateProofReplayer Proof replay took 6.3ns 
186508     INFO  main            d.u.i.k.p.r.p.TestFile    ... finished proof: closed. 
186827     INFO  main            d.u.i.k.p.i.AbstractProblemLoader Loading environment from /home/runner/work/key/key/key.core/../key.ui/examples/standard_key/java_dl/java5/for_Iterable.key.proof 
186827     DEBUG main            d.u.i.k.p.i.AbstractProblemLoader Environment load took 73.1ns 
186828     INFO  main            d.u.i.k.p.i.AbstractProblemLoader Creating init config 
187568     DEBUG main            d.u.i.k.j.r.ClassPreparationMethodBuilder clPrepBuilder: Inner Class detected. Reject building class initialisation methods. 
189154     DEBUG main            d.u.i.k.p.i.AbstractProblemLoader Init config took 2.33s 
189202     INFO  main            d.u.i.k.p.i.AbstractProblemLoader Replaying proof For[For::infiniteLoop(For)].JML operation contract.0 
189238     DEBUG main            d.u.i.k.p.i.IntermediateProofReplayer Proof replay took 33.71ms 
189239     DEBUG main            d.u.i.k.p.r.p.TestFile    ... success: reloaded. 
189240     INFO  main            d.u.i.k.p.r.p.TestFile    Now processing file /home/runner/work/key/key/key.core/../key.ui/examples/standard_key/java_dl/java5/for_ReferenceArray.key 
189240     INFO  main            d.u.i.k.p.i.AbstractProblemLoader Loading environment from /home/runner/work/key/key/key.core/../key.ui/examples/standard_key/java_dl/java5/for_ReferenceArray.key 
189240     DEBUG main            d.u.i.k.p.i.AbstractProblemLoader Environment load took 50.3ns 
189241     INFO  main            d.u.i.k.p.i.AbstractProblemLoader Creating init config 
189981     DEBUG main            d.u.i.k.j.r.ClassPreparationMethodBuilder clPrepBuilder: Inner Class detected. Reject building class initialisation methods. 
191591     DEBUG main            d.u.i.k.p.i.AbstractProblemLoader Init config took 2.35s 
191640     INFO  main            d.u.i.k.p.i.AbstractProblemLoader Replaying proof ForReferenceArray[ForReferenceArray::foo([Ljava.lang.Object)].JML operation contract.0 
191641     DEBUG main            d.u.i.k.p.i.IntermediateProofReplayer Proof replay took 6.8ns 
191843     INFO  main            d.u.i.k.p.r.p.TestFile    ... finished proof: closed. 
192162     INFO  main            d.u.i.k.p.i.AbstractProblemLoader Loading environment from /home/runner/work/key/key/key.core/../key.ui/examples/standard_key/java_dl/java5/for_ReferenceArray.key.proof 
192162     DEBUG main            d.u.i.k.p.i.AbstractProblemLoader Environment load took 90.8ns 
192163     INFO  main            d.u.i.k.p.i.AbstractProblemLoader Creating init config 
192904     DEBUG main            d.u.i.k.j.r.ClassPreparationMethodBuilder clPrepBuilder: Inner Class detected. Reject building class initialisation methods. 
194484     DEBUG main            d.u.i.k.p.i.AbstractProblemLoader Init config took 2.32s 
194540     INFO  main            d.u.i.k.p.i.AbstractProblemLoader Replaying proof ForReferenceArray[ForReferenceArray::foo([Ljava.lang.Object)].JML operation contract.0 
194580     DEBUG main            d.u.i.k.p.i.IntermediateProofReplayer Proof replay took 37.49ms 
194581     DEBUG main            d.u.i.k.p.r.p.TestFile    ... success: reloaded. 
194582     INFO  main            d.u.i.k.p.r.p.TestFile    Now processing file /home/runner/work/key/key/key.core/../key.ui/examples/standard_key/java_dl/jml-bigint/cast.key 
194582     INFO  main            d.u.i.k.p.i.AbstractProblemLoader Loading environment from /home/runner/work/key/key/key.core/../key.ui/examples/standard_key/java_dl/jml-bigint/cast.key 
194582     DEBUG main            d.u.i.k.p.i.AbstractProblemLoader Environment load took 70.8ns 
194583     INFO  main            d.u.i.k.p.i.AbstractProblemLoader Creating init config 
196872     DEBUG main            d.u.i.k.p.i.AbstractProblemLoader Init config took 2.29s 
196921     INFO  main            d.u.i.k.p.i.AbstractProblemLoader Replaying proof Mult[Mult::cast()].JML operation contract.0 
196923     DEBUG main            d.u.i.k.p.i.IntermediateProofReplayer Proof replay took 6ns 
197024     INFO  main            d.u.i.k.p.r.p.TestFile    ... finished proof: closed. 
197440     INFO  main            d.u.i.k.p.i.AbstractProblemLoader Loading environment from /home/runner/work/key/key/key.core/../key.ui/examples/standard_key/java_dl/jml-bigint/cast.key.proof 
197440     DEBUG main            d.u.i.k.p.i.AbstractProblemLoader Environment load took 74.7ns 
197441     INFO  main            d.u.i.k.p.i.AbstractProblemLoader Creating init config 
199677     DEBUG main            d.u.i.k.p.i.AbstractProblemLoader Init config took 2.24s 
199709     INFO  main            d.u.i.k.p.i.AbstractProblemLoader Replaying proof Mult[Mult::cast()].JML operation contract.0 
199720     DEBUG main            d.u.i.k.p.i.IntermediateProofReplayer Proof replay took 9.17ms 
199720     DEBUG main            d.u.i.k.p.r.p.TestFile    ... success: reloaded. 
199721     INFO  main            d.u.i.k.p.r.p.TestFile    Now processing file /home/runner/work/key/key/key.core/../key.ui/examples/standard_key/java_dl/jml-free/loopInvFree.key 
199721     INFO  main            d.u.i.k.p.i.AbstractProblemLoader Loading environment from /home/runner/work/key/key/key.core/../key.ui/examples/standard_key/java_dl/jml-free/loopInvFree.key 
199722     DEBUG main            d.u.i.k.p.i.AbstractProblemLoader Environment load took 153.4ns 
199722     INFO  main            d.u.i.k.p.i.AbstractProblemLoader Creating init config 
201937     DEBUG main            d.u.i.k.p.i.AbstractProblemLoader Init config took 2.21s 
201967     INFO  main            d.u.i.k.p.i.AbstractProblemLoader Replaying proof LoopInvFree[LoopInvFree::test()].JML operation contract.0 
201968     DEBUG main            d.u.i.k.p.i.IntermediateProofReplayer Proof replay took 6.2ns 
202170     INFO  main            d.u.i.k.p.r.p.TestFile    ... finished proof: closed. 
202555     INFO  main            d.u.i.k.p.i.AbstractProblemLoader Loading environment from /home/runner/work/key/key/key.core/../key.ui/examples/standard_key/java_dl/jml-free/loopInvFree.key.proof 
202555     DEBUG main            d.u.i.k.p.i.AbstractProblemLoader Environment load took 72.7ns 
202556     INFO  main            d.u.i.k.p.i.AbstractProblemLoader Creating init config 
204743     DEBUG main            d.u.i.k.p.i.AbstractProblemLoader Init config took 2.19s 
204773     INFO  main            d.u.i.k.p.i.AbstractProblemLoader Replaying proof LoopInvFree[LoopInvFree::test()].JML operation contract.0 
204803     DEBUG main            d.u.i.k.p.i.IntermediateProofReplayer Proof replay took 27.98ms 
204804     DEBUG main            d.u.i.k.p.r.p.TestFile    ... success: reloaded. 
204804     INFO  main            d.u.i.k.p.r.p.TestFile    Now processing file /home/runner/work/key/key/key.core/../key.ui/examples/standard_key/java_dl/jml-free/ensuresFree.key 
204805     INFO  main            d.u.i.k.p.i.AbstractProblemLoader Loading environment from /home/runner/work/key/key/key.core/../key.ui/examples/standard_key/java_dl/jml-free/ensuresFree.key 
204805     DEBUG main            d.u.i.k.p.i.AbstractProblemLoader Environment load took 64.4ns 
204805     INFO  main            d.u.i.k.p.i.AbstractProblemLoader Creating init config 
207018     DEBUG main            d.u.i.k.p.i.AbstractProblemLoader Init config took 2.21s 
207048     INFO  main            d.u.i.k.p.i.AbstractProblemLoader Replaying proof EnsuresFree[EnsuresFree::test()].JML operation contract.0 
207051     DEBUG main            d.u.i.k.p.i.IntermediateProofReplayer Proof replay took 6.3ns 
207152     INFO  main            d.u.i.k.p.r.p.TestFile    ... finished proof: closed. 
207490     INFO  main            d.u.i.k.p.i.AbstractProblemLoader Loading environment from /home/runner/work/key/key/key.core/../key.ui/examples/standard_key/java_dl/jml-free/ensuresFree.key.proof 
207490     DEBUG main            d.u.i.k.p.i.AbstractProblemLoader Environment load took 81.9ns 
207491     INFO  main            d.u.i.k.p.i.AbstractProblemLoader Creating init config 
209674     DEBUG main            d.u.i.k.p.i.AbstractProblemLoader Init config took 2.18s 
209704     INFO  main            d.u.i.k.p.i.AbstractProblemLoader Replaying proof EnsuresFree[EnsuresFree::test()].JML operation contract.0 
209718     DEBUG main            d.u.i.k.p.i.IntermediateProofReplayer Proof replay took 12.3ms 
209719     DEBUG main            d.u.i.k.p.r.p.TestFile    ... success: reloaded. 
209719     INFO  main            d.u.i.k.p.r.p.TestFile    Now processing file /home/runner/work/key/key/key.core/../key.ui/examples/standard_key/java_dl/jml-information-flow.key 
209720     INFO  main            d.u.i.k.p.i.AbstractProblemLoader Loading environment from /home/runner/work/key/key/key.core/../key.ui/examples/standard_key/java_dl/jml-information-flow.key 
209720     DEBUG main            d.u.i.k.p.i.AbstractProblemLoader Environment load took 52.1ns 
209724     INFO  main            d.u.i.k.p.i.AbstractProblemLoader Creating init config 
212126     DEBUG main            d.u.i.k.p.i.AbstractProblemLoader Init config took 2.4s 
212152     INFO  main            d.u.i.k.p.i.AbstractProblemLoader Replaying proof jml-information-flow.key 
212153     DEBUG main            d.u.i.k.p.i.IntermediateProofReplayer Proof replay took 6.5ns 
340219     INFO  main            d.u.i.k.p.r.p.TestFile    ... finished proof: closed. 
340724     INFO  main            d.u.i.k.p.i.AbstractProblemLoader Loading environment from /home/runner/work/key/key/key.core/../key.ui/examples/standard_key/java_dl/jml-information-flow.key.proof 
340725     DEBUG main            d.u.i.k.p.i.AbstractProblemLoader Environment load took 288.5ns 
340732     INFO  main            d.u.i.k.p.i.AbstractProblemLoader Creating init config 
343018     DEBUG main            d.u.i.k.p.i.AbstractProblemLoader Init config took 2.29s 
343035     INFO  main            d.u.i.k.p.i.AbstractProblemLoader Replaying proof jml-information-flow.key.proof 
345639     DEBUG main            d.u.i.k.p.i.IntermediateProofReplayer Proof replay took 2.49s 
345646     DEBUG main            d.u.i.k.p.r.p.TestFile    ... success: reloaded. 
345646     INFO  main            d.u.i.k.p.r.p.TestFile    Now processing file /home/runner/work/key/key/key.core/../key.ui/examples/standard_key/java_dl/jml-min/min-unprovable1.key 
345647     INFO  main            d.u.i.k.p.i.AbstractProblemLoader Loading environment from /home/runner/work/key/key/key.core/../key.ui/examples/standard_key/java_dl/jml-min/min-unprovable1.key 
345647     DEBUG main            d.u.i.k.p.i.AbstractProblemLoader Environment load took 44.2ns 
345647     INFO  main            d.u.i.k.p.i.AbstractProblemLoader Creating init config 
347934     DEBUG main            d.u.i.k.p.i.AbstractProblemLoader Init config took 2.29s 
347965     INFO  main            d.u.i.k.p.i.AbstractProblemLoader Replaying proof Min[Min::foo()].JML operation contract.0 
347966     DEBUG main            d.u.i.k.p.i.IntermediateProofReplayer Proof replay took 6.3ns 
348067     INFO  main            d.u.i.k.p.r.p.TestFile    ... finished proof: open goal(s) 
348562     INFO  main            d.u.i.k.p.r.p.TestFile    Now processing file /home/runner/work/key/key/key.core/../key.ui/examples/standard_key/java_dl/jml-min/min-unprovable2.key 
348562     INFO  main            d.u.i.k.p.i.AbstractProblemLoader Loading environment from /home/runner/work/key/key/key.core/../key.ui/examples/standard_key/java_dl/jml-min/min-unprovable2.key 
348562     DEBUG main            d.u.i.k.p.i.AbstractProblemLoader Environment load took 39.2ns 
348563     INFO  main            d.u.i.k.p.i.AbstractProblemLoader Creating init config 
350744     DEBUG main            d.u.i.k.p.i.AbstractProblemLoader Init config took 2.18s 
350775     INFO  main            d.u.i.k.p.i.AbstractProblemLoader Replaying proof Min[Min::foo2()].JML operation contract.0 
350776     DEBUG main            d.u.i.k.p.i.IntermediateProofReplayer Proof replay took 5.5ns 
350877     INFO  main            d.u.i.k.p.r.p.TestFile    ... finished proof: open goal(s) 
351225     INFO  main            d.u.i.k.p.r.p.TestFile    Now processing file /home/runner/work/key/key/key.core/../key.ui/examples/standard_key/java_dl/methodCall.key 
351226     INFO  main            d.u.i.k.p.i.AbstractProblemLoader Loading environment from /home/runner/work/key/key/key.core/../key.ui/examples/standard_key/java_dl/methodCall.key 
351226     DEBUG main            d.u.i.k.p.i.AbstractProblemLoader Environment load took 44ns 
351227     INFO  main            d.u.i.k.p.i.AbstractProblemLoader Creating init config 
353430     DEBUG main            d.u.i.k.p.i.AbstractProblemLoader Init config took 2.2s 
353443     INFO  main            d.u.i.k.p.i.AbstractProblemLoader Replaying proof methodCall.key 
353444     DEBUG main            d.u.i.k.p.i.IntermediateProofReplayer Proof replay took 5.6ns 
353546     INFO  main            d.u.i.k.p.r.p.TestFile    ... finished proof: closed. 
353894     INFO  main            d.u.i.k.p.i.AbstractProblemLoader Loading environment from /home/runner/work/key/key/key.core/../key.ui/examples/standard_key/java_dl/methodCall.key.proof 
353894     DEBUG main            d.u.i.k.p.i.AbstractProblemLoader Environment load took 70.7ns 
353895     INFO  main            d.u.i.k.p.i.AbstractProblemLoader Creating init config 
356153     DEBUG main            d.u.i.k.p.i.AbstractProblemLoader Init config took 2.26s 
356166     INFO  main            d.u.i.k.p.i.AbstractProblemLoader Replaying proof methodCall.key.proof 
356169     DEBUG main            d.u.i.k.p.i.IntermediateProofReplayer Proof replay took 1.53ms 
356169     DEBUG main            d.u.i.k.p.r.p.TestFile    ... success: reloaded. 
356170     INFO  main            d.u.i.k.p.r.p.TestFile    Now processing file /home/runner/work/key/key/key.core/../key.ui/examples/standard_key/java_dl/methodCall1.key 
356170     INFO  main            d.u.i.k.p.i.AbstractProblemLoader Loading environment from /home/runner/work/key/key/key.core/../key.ui/examples/standard_key/java_dl/methodCall1.key 
356170     DEBUG main            d.u.i.k.p.i.AbstractProblemLoader Environment load took 40.5ns 
356171     INFO  main            d.u.i.k.p.i.AbstractProblemLoader Creating init config 
358384     DEBUG main            d.u.i.k.p.i.AbstractProblemLoader Init config took 2.21s 
358397     INFO  main            d.u.i.k.p.i.AbstractProblemLoader Replaying proof methodCall1.key 
358398     DEBUG main            d.u.i.k.p.i.IntermediateProofReplayer Proof replay took 6.1ns 
358499     INFO  main            d.u.i.k.p.r.p.TestFile    ... finished proof: closed. 
358863     INFO  main            d.u.i.k.p.i.AbstractProblemLoader Loading environment from /home/runner/work/key/key/key.core/../key.ui/examples/standard_key/java_dl/methodCall1.key.proof 
358863     DEBUG main            d.u.i.k.p.i.AbstractProblemLoader Environment load took 68.9ns 
358864     INFO  main            d.u.i.k.p.i.AbstractProblemLoader Creating init config 
361040     DEBUG main            d.u.i.k.p.i.AbstractProblemLoader Init config took 2.18s 
361053     INFO  main            d.u.i.k.p.i.AbstractProblemLoader Replaying proof methodCall1.key.proof 
361063     DEBUG main            d.u.i.k.p.i.IntermediateProofReplayer Proof replay took 8.63ms 
361064     DEBUG main            d.u.i.k.p.r.p.TestFile    ... success: reloaded. 
361064     INFO  main            d.u.i.k.p.r.p.TestFile    Now processing file /home/runner/work/key/key/key.core/../key.ui/examples/standard_key/java_dl/methodCall1box.key 
361064     INFO  main            d.u.i.k.p.i.AbstractProblemLoader Loading environment from /home/runner/work/key/key/key.core/../key.ui/examples/standard_key/java_dl/methodCall1box.key 
361065     DEBUG main            d.u.i.k.p.i.AbstractProblemLoader Environment load took 78.2ns 
361065     INFO  main            d.u.i.k.p.i.AbstractProblemLoader Creating init config 
363265     DEBUG main            d.u.i.k.p.i.AbstractProblemLoader Init config took 2.2s 
363277     INFO  main            d.u.i.k.p.i.AbstractProblemLoader Replaying proof methodCall1box.key 
363278     DEBUG main            d.u.i.k.p.i.IntermediateProofReplayer Proof replay took 7.5ns 
363380     INFO  main            d.u.i.k.p.r.p.TestFile    ... finished proof: closed. 
363746     INFO  main            d.u.i.k.p.i.AbstractProblemLoader Loading environment from /home/runner/work/key/key/key.core/../key.ui/examples/standard_key/java_dl/methodCall1box.key.proof 
363746     DEBUG main            d.u.i.k.p.i.AbstractProblemLoader Environment load took 64.6ns 
363747     INFO  main            d.u.i.k.p.i.AbstractProblemLoader Creating init config 
365919     DEBUG main            d.u.i.k.p.i.AbstractProblemLoader Init config took 2.17s 
365932     INFO  main            d.u.i.k.p.i.AbstractProblemLoader Replaying proof methodCall1box.key.proof 
365942     DEBUG main            d.u.i.k.p.i.IntermediateProofReplayer Proof replay took 8.61ms 
365943     DEBUG main            d.u.i.k.p.r.p.TestFile    ... success: reloaded. 
365943     INFO  main            d.u.i.k.p.r.p.TestFile    Now processing file /home/runner/work/key/key/key.core/../key.ui/examples/standard_key/java_dl/methodCall3.key 
365944     INFO  main            d.u.i.k.p.i.AbstractProblemLoader Loading environment from /home/runner/work/key/key/key.core/../key.ui/examples/standard_key/java_dl/methodCall3.key 
365944     DEBUG main            d.u.i.k.p.i.AbstractProblemLoader Environment load took 39.9ns 
365944     INFO  main            d.u.i.k.p.i.AbstractProblemLoader Creating init config 
368139     DEBUG main            d.u.i.k.p.i.AbstractProblemLoader Init config took 2.19s 
368151     INFO  main            d.u.i.k.p.i.AbstractProblemLoader Replaying proof methodCall3.key 
368152     DEBUG main            d.u.i.k.p.i.IntermediateProofReplayer Proof replay took 6.2ns 
368253     INFO  main            d.u.i.k.p.r.p.TestFile    ... finished proof: closed. 
368623     INFO  main            d.u.i.k.p.i.AbstractProblemLoader Loading environment from /home/runner/work/key/key/key.core/../key.ui/examples/standard_key/java_dl/methodCall3.key.proof 
368623     DEBUG main            d.u.i.k.p.i.AbstractProblemLoader Environment load took 75.9ns 
368624     INFO  main            d.u.i.k.p.i.AbstractProblemLoader Creating init config 
370804     DEBUG main            d.u.i.k.p.i.AbstractProblemLoader Init config took 2.18s 
370817     INFO  main            d.u.i.k.p.i.AbstractProblemLoader Replaying proof methodCall3.key.proof 
370824     DEBUG main            d.u.i.k.p.i.IntermediateProofReplayer Proof replay took 5.84ms 
370825     DEBUG main            d.u.i.k.p.r.p.TestFile    ... success: reloaded. 
370826     INFO  main            d.u.i.k.p.r.p.TestFile    Now processing file /home/runner/work/key/key/key.core/../key.ui/examples/standard_key/java_dl/polishFlagSort.key 
370826     INFO  main            d.u.i.k.p.i.AbstractProblemLoader Loading environment from /home/runner/work/key/key/key.core/../key.ui/examples/standard_key/java_dl/polishFlagSort.key 
370826     DEBUG main            d.u.i.k.p.i.AbstractProblemLoader Environment load took 49.3ns 
370827     INFO  main            d.u.i.k.p.i.AbstractProblemLoader Creating init config 
373059     DEBUG main            d.u.i.k.p.i.AbstractProblemLoader Init config took 2.23s 
373072     INFO  main            d.u.i.k.p.i.AbstractProblemLoader Replaying proof polishFlagSort.key 
373073     DEBUG main            d.u.i.k.p.i.IntermediateProofReplayer Proof replay took 6.3ns 
375280     INFO  main            d.u.i.k.p.r.p.TestFile    ... finished proof: closed. 
375693     INFO  main            d.u.i.k.p.i.AbstractProblemLoader Loading environment from /home/runner/work/key/key/key.core/../key.ui/examples/standard_key/java_dl/polishFlagSort.key.proof 
375693     DEBUG main            d.u.i.k.p.i.AbstractProblemLoader Environment load took 95.4ns 
375695     INFO  main            d.u.i.k.p.i.AbstractProblemLoader Creating init config 
377919     DEBUG main            d.u.i.k.p.i.AbstractProblemLoader Init config took 2.22s 
377932     INFO  main            d.u.i.k.p.i.AbstractProblemLoader Replaying proof polishFlagSort.key.proof 
378163     DEBUG main            d.u.i.k.p.i.IntermediateProofReplayer Proof replay took 221.29ms 
378164     DEBUG main            d.u.i.k.p.r.p.TestFile    ... success: reloaded. 
378165     INFO  main            d.u.i.k.p.r.p.TestFile    Now processing file /home/runner/work/key/key/key.core/../key.ui/examples/standard_key/java_dl/postConditionTaclets1.key 
378165     INFO  main            d.u.i.k.p.i.AbstractProblemLoader Loading environment from /home/runner/work/key/key/key.core/../key.ui/examples/standard_key/java_dl/postConditionTaclets1.key 
378165     DEBUG main            d.u.i.k.p.i.AbstractProblemLoader Environment load took 64.5ns 
378166     INFO  main            d.u.i.k.p.i.AbstractProblemLoader Creating init config 
380400     DEBUG main            d.u.i.k.p.i.AbstractProblemLoader Init config took 2.23s 
380412     INFO  main            d.u.i.k.p.i.AbstractProblemLoader Replaying proof postConditionTaclets1.key 
380414     DEBUG main            d.u.i.k.p.i.IntermediateProofReplayer Proof replay took 6.1ns 
380515     INFO  main            d.u.i.k.p.r.p.TestFile    ... finished proof: closed. 
380928     INFO  main            d.u.i.k.p.i.AbstractProblemLoader Loading environment from /home/runner/work/key/key/key.core/../key.ui/examples/standard_key/java_dl/postConditionTaclets1.key.proof 
380928     DEBUG main            d.u.i.k.p.i.AbstractProblemLoader Environment load took 70.1ns 
380929     INFO  main            d.u.i.k.p.i.AbstractProblemLoader Creating init config 
383050     DEBUG main            d.u.i.k.p.i.AbstractProblemLoader Init config took 2.12s 
383062     INFO  main            d.u.i.k.p.i.AbstractProblemLoader Replaying proof postConditionTaclets1.key.proof 
383063     DEBUG main            d.u.i.k.p.i.IntermediateProofReplayer Proof replay took 243.2ns 
383064     DEBUG main            d.u.i.k.p.r.p.TestFile    ... success: reloaded. 
383064     INFO  main            d.u.i.k.p.r.p.TestFile    Now processing file /home/runner/work/key/key/key.core/../key.ui/examples/standard_key/java_dl/postConditionTaclets2.key 
383065     INFO  main            d.u.i.k.p.i.AbstractProblemLoader Loading environment from /home/runner/work/key/key/key.core/../key.ui/examples/standard_key/java_dl/postConditionTaclets2.key 
383065     DEBUG main            d.u.i.k.p.i.AbstractProblemLoader Environment load took 40.6ns 
383065     INFO  main            d.u.i.k.p.i.AbstractProblemLoader Creating init config 
385225     DEBUG main            d.u.i.k.p.i.AbstractProblemLoader Init config took 2.16s 
385238     INFO  main            d.u.i.k.p.i.AbstractProblemLoader Replaying proof postConditionTaclets2.key 
385239     DEBUG main            d.u.i.k.p.i.IntermediateProofReplayer Proof replay took 7.5ns 
385345     INFO  main            d.u.i.k.p.r.p.TestFile    ... finished proof: closed. 
385726     INFO  main            d.u.i.k.p.i.AbstractProblemLoader Loading environment from /home/runner/work/key/key/key.core/../key.ui/examples/standard_key/java_dl/postConditionTaclets2.key.proof 
385726     DEBUG main            d.u.i.k.p.i.AbstractProblemLoader Environment load took 90.5ns 
385727     INFO  main            d.u.i.k.p.i.AbstractProblemLoader Creating init config 
387856     DEBUG main            d.u.i.k.p.i.AbstractProblemLoader Init config took 2.13s 
387869     INFO  main            d.u.i.k.p.i.AbstractProblemLoader Replaying proof postConditionTaclets2.key.proof 
387870     DEBUG main            d.u.i.k.p.i.IntermediateProofReplayer Proof replay took 411.1ns 
387871     DEBUG main            d.u.i.k.p.r.p.TestFile    ... success: reloaded. 
387872     INFO  main            d.u.i.k.p.r.p.TestFile    Now processing file /home/runner/work/key/key/key.core/../key.ui/examples/standard_key/java_dl/quantifiedQuery.key 
387872     INFO  main            d.u.i.k.p.i.AbstractProblemLoader Loading environment from /home/runner/work/key/key/key.core/../key.ui/examples/standard_key/java_dl/quantifiedQuery.key 
387872     DEBUG main            d.u.i.k.p.i.AbstractProblemLoader Environment load took 137.6ns 
387873     INFO  main            d.u.i.k.p.i.AbstractProblemLoader Creating init config 
390085     DEBUG main            d.u.i.k.p.i.AbstractProblemLoader Init config took 2.21s 
390098     INFO  main            d.u.i.k.p.i.AbstractProblemLoader Replaying proof quantifiedQuery.key 
390099     DEBUG main            d.u.i.k.p.i.IntermediateProofReplayer Proof replay took 6.2ns 
390201     INFO  main            d.u.i.k.p.r.p.TestFile    ... finished proof: closed. 
390590     INFO  main            d.u.i.k.p.i.AbstractProblemLoader Loading environment from /home/runner/work/key/key/key.core/../key.ui/examples/standard_key/java_dl/quantifiedQuery.key.proof 
390590     DEBUG main            d.u.i.k.p.i.AbstractProblemLoader Environment load took 68.8ns 
390591     INFO  main            d.u.i.k.p.i.AbstractProblemLoader Creating init config 
392766     DEBUG main            d.u.i.k.p.i.AbstractProblemLoader Init config took 2.18s 
392779     INFO  main            d.u.i.k.p.i.AbstractProblemLoader Replaying proof quantifiedQuery.key.proof 
392787     DEBUG main            d.u.i.k.p.i.IntermediateProofReplayer Proof replay took 6.18ms 
392787     DEBUG main            d.u.i.k.p.r.p.TestFile    ... success: reloaded. 
392788     INFO  main            d.u.i.k.p.r.p.TestFile    Now processing file /home/runner/work/key/key/key.core/../key.ui/examples/standard_key/java_dl/recursion/triangular.key 
392788     INFO  main            d.u.i.k.p.i.AbstractProblemLoader Loading environment from /home/runner/work/key/key/key.core/../key.ui/examples/standard_key/java_dl/recursion/triangular.key 
392788     DEBUG main            d.u.i.k.p.i.AbstractProblemLoader Environment load took 59.9ns 
392789     INFO  main            d.u.i.k.p.i.AbstractProblemLoader Creating init config 
394987     DEBUG main            d.u.i.k.p.i.AbstractProblemLoader Init config took 2.2s 
395017     INFO  main            d.u.i.k.p.i.AbstractProblemLoader Replaying proof Triangular[Triangular::tria(int)].JML normal_behavior operation contract.0 
395018     DEBUG main            d.u.i.k.p.i.IntermediateProofReplayer Proof replay took 5.9ns 
395220     INFO  main            d.u.i.k.p.r.p.TestFile    ... finished proof: closed. 
395611     INFO  main            d.u.i.k.p.i.AbstractProblemLoader Loading environment from /home/runner/work/key/key/key.core/../key.ui/examples/standard_key/java_dl/recursion/triangular.key.proof 
395611     DEBUG main            d.u.i.k.p.i.AbstractProblemLoader Environment load took 72.8ns 
395612     INFO  main            d.u.i.k.p.i.AbstractProblemLoader Creating init config 
397788     DEBUG main            d.u.i.k.p.i.AbstractProblemLoader Init config took 2.18s 
397819     INFO  main            d.u.i.k.p.i.AbstractProblemLoader Replaying proof Triangular[Triangular::tria(int)].JML normal_behavior operation contract.0 
397841     DEBUG main            d.u.i.k.p.i.IntermediateProofReplayer Proof replay took 20.36ms 
397841     DEBUG main            d.u.i.k.p.r.p.TestFile    ... success: reloaded. 
397842     INFO  main            d.u.i.k.p.r.p.TestFile    Now processing file /home/runner/work/key/key/key.core/../key.ui/examples/standard_key/java_dl/reverseArray.key 
397842     INFO  main            d.u.i.k.p.i.AbstractProblemLoader Loading environment from /home/runner/work/key/key/key.core/../key.ui/examples/standard_key/java_dl/reverseArray.key 
397842     DEBUG main            d.u.i.k.p.i.AbstractProblemLoader Environment load took 69.7ns 
397844     INFO  main            d.u.i.k.p.i.AbstractProblemLoader Creating init config 
397861     WARN  main            d.u.i.k.j.r.KeYCrossReferenceNameInfo Datatype java.io.InputStream declared twice: Once in FILE:/home/runner/work/key/key/key.core/../key.ui/examples/standard_key/java_dl/./classpath/InputStream.java and once in URL:file:/home/runner/work/key/key/key.core/build/resources/main/de/uka/ilkd/key/java/JavaRedux/java/io/InputStream.java, Keeping one from URL:file:/home/runner/work/key/key/key.core/build/resources/main/de/uka/ilkd/key/java/JavaRedux/java/io/InputStream.java 
397861     WARN  main            d.u.i.k.j.r.KeYCrossReferenceNameInfo Datatype java.lang.System declared twice: Once in FILE:/home/runner/work/key/key/key.core/../key.ui/examples/standard_key/java_dl/./classpath/System.java and once in URL:file:/home/runner/work/key/key/key.core/build/resources/main/de/uka/ilkd/key/java/JavaRedux/java/lang/System.java, Keeping one from URL:file:/home/runner/work/key/key/key.core/build/resources/main/de/uka/ilkd/key/java/JavaRedux/java/lang/System.java 
397861     WARN  main            d.u.i.k.j.r.KeYCrossReferenceNameInfo Datatype java.io.PrintStream declared twice: Once in FILE:/home/runner/work/key/key/key.core/../key.ui/examples/standard_key/java_dl/./classpath/PrintStream.java and once in URL:file:/home/runner/work/key/key/key.core/build/resources/main/de/uka/ilkd/key/java/JavaRedux/java/io/PrintStream.java, Keeping one from URL:file:/home/runner/work/key/key/key.core/build/resources/main/de/uka/ilkd/key/java/JavaRedux/java/io/PrintStream.java 
397864     DEBUG main            d.u.i.k.j.r.ClassFileDeclarationBuilder Parsing: package java.io; public class Closeable { } 
397864     DEBUG main            r.s.KeYCrossReferenceSourceInfo Dynamically created class: java.io.Closeable 
400147     DEBUG main            d.u.i.k.p.i.AbstractProblemLoader Init config took 2.3s 
400164     INFO  main            d.u.i.k.p.i.AbstractProblemLoader Replaying proof reverseArray.key 
400165     DEBUG main            d.u.i.k.p.i.IntermediateProofReplayer Proof replay took 6.4ns 
404434     INFO  main            d.u.i.k.p.r.p.TestFile    ... finished proof: closed. 
404869     INFO  main            d.u.i.k.p.i.AbstractProblemLoader Loading environment from /home/runner/work/key/key/key.core/../key.ui/examples/standard_key/java_dl/reverseArray.key.proof 
404870     DEBUG main            d.u.i.k.p.i.AbstractProblemLoader Environment load took 305.8ns 
404871     INFO  main            d.u.i.k.p.i.AbstractProblemLoader Creating init config 
404889     WARN  main            d.u.i.k.j.r.KeYCrossReferenceNameInfo Datatype java.io.InputStream declared twice: Once in FILE:/home/runner/work/key/key/key.core/../key.ui/examples/standard_key/java_dl/classpath/InputStream.java and once in URL:file:/home/runner/work/key/key/key.core/build/resources/main/de/uka/ilkd/key/java/JavaRedux/java/io/InputStream.java, Keeping one from URL:file:/home/runner/work/key/key/key.core/build/resources/main/de/uka/ilkd/key/java/JavaRedux/java/io/InputStream.java 
404889     WARN  main            d.u.i.k.j.r.KeYCrossReferenceNameInfo Datatype java.lang.System declared twice: Once in FILE:/home/runner/work/key/key/key.core/../key.ui/examples/standard_key/java_dl/classpath/System.java and once in URL:file:/home/runner/work/key/key/key.core/build/resources/main/de/uka/ilkd/key/java/JavaRedux/java/lang/System.java, Keeping one from URL:file:/home/runner/work/key/key/key.core/build/resources/main/de/uka/ilkd/key/java/JavaRedux/java/lang/System.java 
404889     WARN  main            d.u.i.k.j.r.KeYCrossReferenceNameInfo Datatype java.io.PrintStream declared twice: Once in FILE:/home/runner/work/key/key/key.core/../key.ui/examples/standard_key/java_dl/classpath/PrintStream.java and once in URL:file:/home/runner/work/key/key/key.core/build/resources/main/de/uka/ilkd/key/java/JavaRedux/java/io/PrintStream.java, Keeping one from URL:file:/home/runner/work/key/key/key.core/build/resources/main/de/uka/ilkd/key/java/JavaRedux/java/io/PrintStream.java 
404892     DEBUG main            d.u.i.k.j.r.ClassFileDeclarationBuilder Parsing: package java.io; public class Closeable { } 
404892     DEBUG main            r.s.KeYCrossReferenceSourceInfo Dynamically created class: java.io.Closeable 
407102     DEBUG main            d.u.i.k.p.i.AbstractProblemLoader Init config took 2.23s 
407116     INFO  main            d.u.i.k.p.i.AbstractProblemLoader Replaying proof reverseArray.key.proof 
407541     DEBUG main            d.u.i.k.p.i.IntermediateProofReplayer Proof replay took 413.58ms 
407542     DEBUG main            d.u.i.k.p.r.p.TestFile    ... success: reloaded. 
407543     INFO  main            d.u.i.k.p.r.p.TestFile    Now processing file /home/runner/work/key/key/key.core/../key.ui/examples/standard_key/java_dl/reverseArray2.key 
407543     INFO  main            d.u.i.k.p.i.AbstractProblemLoader Loading environment from /home/runner/work/key/key/key.core/../key.ui/examples/standard_key/java_dl/reverseArray2.key 
407543     DEBUG main            d.u.i.k.p.i.AbstractProblemLoader Environment load took 65.5ns 
407545     INFO  main            d.u.i.k.p.i.AbstractProblemLoader Creating init config 
407562     WARN  main            d.u.i.k.j.r.KeYCrossReferenceNameInfo Datatype java.io.InputStream declared twice: Once in FILE:/home/runner/work/key/key/key.core/../key.ui/examples/standard_key/java_dl/classpath/InputStream.java and once in URL:file:/home/runner/work/key/key/key.core/build/resources/main/de/uka/ilkd/key/java/JavaRedux/java/io/InputStream.java, Keeping one from URL:file:/home/runner/work/key/key/key.core/build/resources/main/de/uka/ilkd/key/java/JavaRedux/java/io/InputStream.java 
407562     WARN  main            d.u.i.k.j.r.KeYCrossReferenceNameInfo Datatype java.lang.System declared twice: Once in FILE:/home/runner/work/key/key/key.core/../key.ui/examples/standard_key/java_dl/classpath/System.java and once in URL:file:/home/runner/work/key/key/key.core/build/resources/main/de/uka/ilkd/key/java/JavaRedux/java/lang/System.java, Keeping one from URL:file:/home/runner/work/key/key/key.core/build/resources/main/de/uka/ilkd/key/java/JavaRedux/java/lang/System.java 
407562     WARN  main            d.u.i.k.j.r.KeYCrossReferenceNameInfo Datatype java.io.PrintStream declared twice: Once in FILE:/home/runner/work/key/key/key.core/../key.ui/examples/standard_key/java_dl/classpath/PrintStream.java and once in URL:file:/home/runner/work/key/key/key.core/build/resources/main/de/uka/ilkd/key/java/JavaRedux/java/io/PrintStream.java, Keeping one from URL:file:/home/runner/work/key/key/key.core/build/resources/main/de/uka/ilkd/key/java/JavaRedux/java/io/PrintStream.java 
407565     DEBUG main            d.u.i.k.j.r.ClassFileDeclarationBuilder Parsing: package java.io; public class Closeable { } 
407565     DEBUG main            r.s.KeYCrossReferenceSourceInfo Dynamically created class: java.io.Closeable 
409935     DEBUG main            d.u.i.k.p.i.AbstractProblemLoader Init config took 2.39s 
409949     INFO  main            d.u.i.k.p.i.AbstractProblemLoader Replaying proof reverseArray2.key 
409950     DEBUG main            d.u.i.k.p.i.IntermediateProofReplayer Proof replay took 33.3ns 
411255     INFO  main            d.u.i.k.p.r.p.TestFile    ... finished proof: closed. 
411754     INFO  main            d.u.i.k.p.i.AbstractProblemLoader Loading environment from /home/runner/work/key/key/key.core/../key.ui/examples/standard_key/java_dl/reverseArray2.key.proof 
411754     DEBUG main            d.u.i.k.p.i.AbstractProblemLoader Environment load took 281.2ns 
411756     INFO  main            d.u.i.k.p.i.AbstractProblemLoader Creating init config 
411774     WARN  main            d.u.i.k.j.r.KeYCrossReferenceNameInfo Datatype java.io.InputStream declared twice: Once in FILE:/home/runner/work/key/key/key.core/../key.ui/examples/standard_key/java_dl/classpath/InputStream.java and once in URL:file:/home/runner/work/key/key/key.core/build/resources/main/de/uka/ilkd/key/java/JavaRedux/java/io/InputStream.java, Keeping one from URL:file:/home/runner/work/key/key/key.core/build/resources/main/de/uka/ilkd/key/java/JavaRedux/java/io/InputStream.java 
411774     WARN  main            d.u.i.k.j.r.KeYCrossReferenceNameInfo Datatype java.lang.System declared twice: Once in FILE:/home/runner/work/key/key/key.core/../key.ui/examples/standard_key/java_dl/classpath/System.java and once in URL:file:/home/runner/work/key/key/key.core/build/resources/main/de/uka/ilkd/key/java/JavaRedux/java/lang/System.java, Keeping one from URL:file:/home/runner/work/key/key/key.core/build/resources/main/de/uka/ilkd/key/java/JavaRedux/java/lang/System.java 
411774     WARN  main            d.u.i.k.j.r.KeYCrossReferenceNameInfo Datatype java.io.PrintStream declared twice: Once in FILE:/home/runner/work/key/key/key.core/../key.ui/examples/standard_key/java_dl/classpath/PrintStream.java and once in URL:file:/home/runner/work/key/key/key.core/build/resources/main/de/uka/ilkd/key/java/JavaRedux/java/io/PrintStream.java, Keeping one from URL:file:/home/runner/work/key/key/key.core/build/resources/main/de/uka/ilkd/key/java/JavaRedux/java/io/PrintStream.java 
411778     DEBUG main            d.u.i.k.j.r.ClassFileDeclarationBuilder Parsing: package java.io; public class Closeable { } 
411778     DEBUG main            r.s.KeYCrossReferenceSourceInfo Dynamically created class: java.io.Closeable 
413988     DEBUG main            d.u.i.k.p.i.AbstractProblemLoader Init config took 2.23s 
414002     INFO  main            d.u.i.k.p.i.AbstractProblemLoader Replaying proof reverseArray2.key.proof 
414145     DEBUG main            d.u.i.k.p.i.IntermediateProofReplayer Proof replay took 138.7ms 
414146     DEBUG main            d.u.i.k.p.r.p.TestFile    ... success: reloaded. 
414147     INFO  main            d.u.i.k.p.r.p.TestFile    Now processing file /home/runner/work/key/key/key.core/../key.ui/examples/standard_key/java_dl/simpleAssignment.key 
414147     INFO  main            d.u.i.k.p.i.AbstractProblemLoader Loading environment from /home/runner/work/key/key/key.core/../key.ui/examples/standard_key/java_dl/simpleAssignment.key 
414147     DEBUG main            d.u.i.k.p.i.AbstractProblemLoader Environment load took 42.1ns 
414148     INFO  main            d.u.i.k.p.i.AbstractProblemLoader Creating init config 
416301     DEBUG main            d.u.i.k.p.i.AbstractProblemLoader Init config took 2.15s 
416313     INFO  main            d.u.i.k.p.i.AbstractProblemLoader Replaying proof simpleAssignment.key 
416315     DEBUG main            d.u.i.k.p.i.IntermediateProofReplayer Proof replay took 2.6ns 
416417     INFO  main            d.u.i.k.p.r.p.TestFile    ... finished proof: closed. 
416876     INFO  main            d.u.i.k.p.i.AbstractProblemLoader Loading environment from /home/runner/work/key/key/key.core/../key.ui/examples/standard_key/java_dl/simpleAssignment.key.proof 
416876     DEBUG main            d.u.i.k.p.i.AbstractProblemLoader Environment load took 73.1ns 
416876     INFO  main            d.u.i.k.p.i.AbstractProblemLoader Creating init config 
419004     DEBUG main            d.u.i.k.p.i.AbstractProblemLoader Init config took 2.13s 
419016     INFO  main            d.u.i.k.p.i.AbstractProblemLoader Replaying proof simpleAssignment.key.proof 
419018     DEBUG main            d.u.i.k.p.i.IntermediateProofReplayer Proof replay took 477.8ns 
419018     DEBUG main            d.u.i.k.p.r.p.TestFile    ... success: reloaded. 
419019     INFO  main            d.u.i.k.p.r.p.TestFile    Now processing file /home/runner/work/key/key/key.core/../key.ui/examples/standard_key/java_dl/simpleAssignment2.key 
419019     INFO  main            d.u.i.k.p.i.AbstractProblemLoader Loading environment from /home/runner/work/key/key/key.core/../key.ui/examples/standard_key/java_dl/simpleAssignment2.key 
419021     DEBUG main            d.u.i.k.p.i.AbstractProblemLoader Environment load took 1.83ms 
419021     INFO  main            d.u.i.k.p.i.AbstractProblemLoader Creating init config 
421178     DEBUG main            d.u.i.k.p.i.AbstractProblemLoader Init config took 2.16s 
421189     INFO  main            d.u.i.k.p.i.AbstractProblemLoader Replaying proof simpleAssignment2.key 
421191     DEBUG main            d.u.i.k.p.i.IntermediateProofReplayer Proof replay took 2.5ns 
421294     INFO  main            d.u.i.k.p.r.p.TestFile    ... finished proof: closed. 
421712     INFO  main            d.u.i.k.p.i.AbstractProblemLoader Loading environment from /home/runner/work/key/key/key.core/../key.ui/examples/standard_key/java_dl/simpleAssignment2.key.proof 
421712     DEBUG main            d.u.i.k.p.i.AbstractProblemLoader Environment load took 71.4ns 
421713     INFO  main            d.u.i.k.p.i.AbstractProblemLoader Creating init config 
423826     DEBUG main            d.u.i.k.p.i.AbstractProblemLoader Init config took 2.11s 
423838     INFO  main            d.u.i.k.p.i.AbstractProblemLoader Replaying proof simpleAssignment2.key.proof 
423840     DEBUG main            d.u.i.k.p.i.IntermediateProofReplayer Proof replay took 316.9ns 
423840     DEBUG main            d.u.i.k.p.r.p.TestFile    ... success: reloaded. 
423841     INFO  main            d.u.i.k.p.r.p.TestFile    Now processing file /home/runner/work/key/key/key.core/../key.ui/examples/standard_key/java_dl/splittingWithQueries.key 
423841     INFO  main            d.u.i.k.p.i.AbstractProblemLoader Loading environment from /home/runner/work/key/key/key.core/../key.ui/examples/standard_key/java_dl/splittingWithQueries.key 
423841     DEBUG main            d.u.i.k.p.i.AbstractProblemLoader Environment load took 37.7ns 
423842     INFO  main            d.u.i.k.p.i.AbstractProblemLoader Creating init config 
426041     DEBUG main            d.u.i.k.p.i.AbstractProblemLoader Init config took 2.2s 
426053     INFO  main            d.u.i.k.p.i.AbstractProblemLoader Replaying proof splittingWithQueries.key 
426054     DEBUG main            d.u.i.k.p.i.IntermediateProofReplayer Proof replay took 2.9ns 
426155     INFO  main            d.u.i.k.p.r.p.TestFile    ... finished proof: closed. 
426573     INFO  main            d.u.i.k.p.i.AbstractProblemLoader Loading environment from /home/runner/work/key/key/key.core/../key.ui/examples/standard_key/java_dl/splittingWithQueries.key.proof 
426573     DEBUG main            d.u.i.k.p.i.AbstractProblemLoader Environment load took 67.3ns 
426574     INFO  main            d.u.i.k.p.i.AbstractProblemLoader Creating init config 
428754     DEBUG main            d.u.i.k.p.i.AbstractProblemLoader Init config took 2.18s 
428769     INFO  main            d.u.i.k.p.i.AbstractProblemLoader Replaying proof splittingWithQueries.key.proof 
428771     DEBUG main            d.u.i.k.p.i.IntermediateProofReplayer Proof replay took 1.08ms 
428771     DEBUG main            d.u.i.k.p.r.p.TestFile    ... success: reloaded. 
428772     INFO  main            d.u.i.k.p.r.p.TestFile    Now processing file /home/runner/work/key/key/key.core/../key.ui/examples/standard_key/java_dl/strassen/strassen.key 
428772     INFO  main            d.u.i.k.p.i.AbstractProblemLoader Loading environment from /home/runner/work/key/key/key.core/../key.ui/examples/standard_key/java_dl/strassen/strassen.key 
428773     DEBUG main            d.u.i.k.p.i.AbstractProblemLoader Environment load took 68.1ns 
428773     INFO  main            d.u.i.k.p.i.AbstractProblemLoader Creating init config 
431066     DEBUG main            d.u.i.k.p.i.AbstractProblemLoader Init config took 2.29s 
431100     INFO  main            d.u.i.k.p.i.AbstractProblemLoader Replaying proof Matrix22[Matrix22::strassen(Matrix22,Matrix22)].JML normal_behavior operation contract.0 
431101     DEBUG main            d.u.i.k.p.i.IntermediateProofReplayer Proof replay took 2.7ns 
435790     INFO  main            d.u.i.k.p.r.p.TestFile    ... finished proof: closed. 
436337     INFO  main            d.u.i.k.p.i.AbstractProblemLoader Loading environment from /home/runner/work/key/key/key.core/../key.ui/examples/standard_key/java_dl/strassen/strassen.key.proof 
436337     DEBUG main            d.u.i.k.p.i.AbstractProblemLoader Environment load took 80.5ns 
436338     INFO  main            d.u.i.k.p.i.AbstractProblemLoader Creating init config 
438583     DEBUG main            d.u.i.k.p.i.AbstractProblemLoader Init config took 2.24s 
438624     INFO  main            d.u.i.k.p.i.AbstractProblemLoader Replaying proof Matrix22[Matrix22::strassen(Matrix22,Matrix22)].JML normal_behavior operation contract.0 
438978     DEBUG main            d.u.i.k.p.i.IntermediateProofReplayer Proof replay took 344.93ms 
438979     DEBUG main            d.u.i.k.p.r.p.TestFile    ... success: reloaded. 
438980     INFO  main            d.u.i.k.p.r.p.TestFile    Now processing file /home/runner/work/key/key/key.core/../key.ui/examples/standard_key/java_dl/symmArray.key 
438980     INFO  main            d.u.i.k.p.i.AbstractProblemLoader Loading environment from /home/runner/work/key/key/key.core/../key.ui/examples/standard_key/java_dl/symmArray.key 
438980     DEBUG main            d.u.i.k.p.i.AbstractProblemLoader Environment load took 40.4ns 
438983     INFO  main            d.u.i.k.p.i.AbstractProblemLoader Creating init config 
441288     DEBUG main            d.u.i.k.p.i.AbstractProblemLoader Init config took 2.31s 
441302     INFO  main            d.u.i.k.p.i.AbstractProblemLoader Replaying proof symmArray.key 
441303     DEBUG main            d.u.i.k.p.i.IntermediateProofReplayer Proof replay took 2.4ns 
531582     INFO  main            d.u.i.k.p.r.p.TestFile    ... finished proof: closed. 
532119     INFO  main            d.u.i.k.p.i.AbstractProblemLoader Loading environment from /home/runner/work/key/key/key.core/../key.ui/examples/standard_key/java_dl/symmArray.key.proof 
532120     DEBUG main            d.u.i.k.p.i.AbstractProblemLoader Environment load took 297.3ns 
532125     INFO  main            d.u.i.k.p.i.AbstractProblemLoader Creating init config 
534361     DEBUG main            d.u.i.k.p.i.AbstractProblemLoader Init config took 2.24s 
534376     INFO  main            d.u.i.k.p.i.AbstractProblemLoader Replaying proof symmArray.key.proof 
535129     DEBUG main            d.u.i.k.p.i.IntermediateProofReplayer Proof replay took 706.47ms 
535133     DEBUG main            d.u.i.k.p.r.p.TestFile    ... success: reloaded. 
535134     INFO  main            d.u.i.k.p.r.p.TestFile    Now processing file /home/runner/work/key/key/key.core/../key.ui/examples/standard_key/java_dl/testcontext.key 
535134     INFO  main            d.u.i.k.p.i.AbstractProblemLoader Loading environment from /home/runner/work/key/key/key.core/../key.ui/examples/standard_key/java_dl/testcontext.key 
535134     DEBUG main            d.u.i.k.p.i.AbstractProblemLoader Environment load took 196.6ns 
535135     INFO  main            d.u.i.k.p.i.AbstractProblemLoader Creating init config 
535153     WARN  main            d.u.i.k.j.r.KeYCrossReferenceNameInfo Datatype java.io.InputStream declared twice: Once in FILE:/home/runner/work/key/key/key.core/../key.ui/examples/standard_key/java_dl/classpath/InputStream.java and once in URL:file:/home/runner/work/key/key/key.core/build/resources/main/de/uka/ilkd/key/java/JavaRedux/java/io/InputStream.java, Keeping one from URL:file:/home/runner/work/key/key/key.core/build/resources/main/de/uka/ilkd/key/java/JavaRedux/java/io/InputStream.java 
535153     WARN  main            d.u.i.k.j.r.KeYCrossReferenceNameInfo Datatype java.lang.System declared twice: Once in FILE:/home/runner/work/key/key/key.core/../key.ui/examples/standard_key/java_dl/classpath/System.java and once in URL:file:/home/runner/work/key/key/key.core/build/resources/main/de/uka/ilkd/key/java/JavaRedux/java/lang/System.java, Keeping one from URL:file:/home/runner/work/key/key/key.core/build/resources/main/de/uka/ilkd/key/java/JavaRedux/java/lang/System.java 
535153     WARN  main            d.u.i.k.j.r.KeYCrossReferenceNameInfo Datatype java.io.PrintStream declared twice: Once in FILE:/home/runner/work/key/key/key.core/../key.ui/examples/standard_key/java_dl/classpath/PrintStream.java and once in URL:file:/home/runner/work/key/key/key.core/build/resources/main/de/uka/ilkd/key/java/JavaRedux/java/io/PrintStream.java, Keeping one from URL:file:/home/runner/work/key/key/key.core/build/resources/main/de/uka/ilkd/key/java/JavaRedux/java/io/PrintStream.java 
535183     DEBUG main            d.u.i.k.j.r.ClassFileDeclarationBuilder Parsing: package java.io; public class Closeable { } 
535183     DEBUG main            r.s.KeYCrossReferenceSourceInfo Dynamically created class: java.io.Closeable 
537490     DEBUG main            d.u.i.k.p.i.AbstractProblemLoader Init config took 2.35s 
537503     INFO  main            d.u.i.k.p.i.AbstractProblemLoader Replaying proof testcontext.key 
537504     DEBUG main            d.u.i.k.p.i.IntermediateProofReplayer Proof replay took 2.1ns 
537807     INFO  main            d.u.i.k.p.r.p.TestFile    ... finished proof: closed. 
538364     INFO  main            d.u.i.k.p.i.AbstractProblemLoader Loading environment from /home/runner/work/key/key/key.core/../key.ui/examples/standard_key/java_dl/testcontext.key.proof 
538364     DEBUG main            d.u.i.k.p.i.AbstractProblemLoader Environment load took 72.3ns 
538369     INFO  main            d.u.i.k.p.i.AbstractProblemLoader Creating init config 
538387     WARN  main            d.u.i.k.j.r.KeYCrossReferenceNameInfo Datatype java.io.InputStream declared twice: Once in FILE:/home/runner/work/key/key/key.core/../key.ui/examples/standard_key/java_dl/classpath/InputStream.java and once in URL:file:/home/runner/work/key/key/key.core/build/resources/main/de/uka/ilkd/key/java/JavaRedux/java/io/InputStream.java, Keeping one from URL:file:/home/runner/work/key/key/key.core/build/resources/main/de/uka/ilkd/key/java/JavaRedux/java/io/InputStream.java 
538387     WARN  main            d.u.i.k.j.r.KeYCrossReferenceNameInfo Datatype java.lang.System declared twice: Once in FILE:/home/runner/work/key/key/key.core/../key.ui/examples/standard_key/java_dl/classpath/System.java and once in URL:file:/home/runner/work/key/key/key.core/build/resources/main/de/uka/ilkd/key/java/JavaRedux/java/lang/System.java, Keeping one from URL:file:/home/runner/work/key/key/key.core/build/resources/main/de/uka/ilkd/key/java/JavaRedux/java/lang/System.java 
538388     WARN  main            d.u.i.k.j.r.KeYCrossReferenceNameInfo Datatype java.io.PrintStream declared twice: Once in FILE:/home/runner/work/key/key/key.core/../key.ui/examples/standard_key/java_dl/classpath/PrintStream.java and once in URL:file:/home/runner/work/key/key/key.core/build/resources/main/de/uka/ilkd/key/java/JavaRedux/java/io/PrintStream.java, Keeping one from URL:file:/home/runner/work/key/key/key.core/build/resources/main/de/uka/ilkd/key/java/JavaRedux/java/io/PrintStream.java 
538390     DEBUG main            d.u.i.k.j.r.ClassFileDeclarationBuilder Parsing: package java.io; public class Closeable { } 
538391     DEBUG main            r.s.KeYCrossReferenceSourceInfo Dynamically created class: java.io.Closeable 
540534     DEBUG main            d.u.i.k.p.i.AbstractProblemLoader Init config took 2.16s 
540546     INFO  main            d.u.i.k.p.i.AbstractProblemLoader Replaying proof testcontext.key.proof 
540583     DEBUG main            d.u.i.k.p.i.IntermediateProofReplayer Proof replay took 34.72ms 
540584     DEBUG main            d.u.i.k.p.r.p.TestFile    ... success: reloaded. 
540585     INFO  main            d.u.i.k.p.r.p.TestFile    Now processing file /home/runner/work/key/key/key.core/../key.ui/examples/standard_key/staticInitialisation/cascadeStaticInitialisation.key 
540585     INFO  main            d.u.i.k.p.i.AbstractProblemLoader Loading environment from /home/runner/work/key/key/key.core/../key.ui/examples/standard_key/staticInitialisation/cascadeStaticInitialisation.key 
540585     DEBUG main            d.u.i.k.p.i.AbstractProblemLoader Environment load took 39.4ns 
540587     INFO  main            d.u.i.k.p.i.AbstractProblemLoader Creating init config 
540603     WARN  main            d.u.i.k.j.r.KeYCrossReferenceNameInfo Datatype java.lang.System declared twice: Once in FILE:/home/runner/work/key/key/key.core/../key.ui/examples/standard_key/staticInitialisation/classpath/System.java and once in URL:file:/home/runner/work/key/key/key.core/build/resources/main/de/uka/ilkd/key/java/JavaRedux/java/lang/System.java, Keeping one from URL:file:/home/runner/work/key/key/key.core/build/resources/main/de/uka/ilkd/key/java/JavaRedux/java/lang/System.java 
540603     WARN  main            d.u.i.k.j.r.KeYCrossReferenceNameInfo Datatype java.io.PrintStream declared twice: Once in FILE:/home/runner/work/key/key/key.core/../key.ui/examples/standard_key/staticInitialisation/classpath/PrintStream.java and once in URL:file:/home/runner/work/key/key/key.core/build/resources/main/de/uka/ilkd/key/java/JavaRedux/java/io/PrintStream.java, Keeping one from URL:file:/home/runner/work/key/key/key.core/build/resources/main/de/uka/ilkd/key/java/JavaRedux/java/io/PrintStream.java 
542803     DEBUG main            d.u.i.k.p.i.AbstractProblemLoader Init config took 2.22s 
542826     INFO  main            d.u.i.k.p.i.AbstractProblemLoader Replaying proof cascadeStaticInitialisation.key 
542827     DEBUG main            d.u.i.k.p.i.IntermediateProofReplayer Proof replay took 2.3ns 
543432     INFO  main            d.u.i.k.p.r.p.TestFile    ... finished proof: closed. 
543933     INFO  main            d.u.i.k.p.i.AbstractProblemLoader Loading environment from /home/runner/work/key/key/key.core/../key.ui/examples/standard_key/staticInitialisation/cascadeStaticInitialisation.key.proof 
543933     DEBUG main            d.u.i.k.p.i.AbstractProblemLoader Environment load took 94.2ns 
543934     INFO  main            d.u.i.k.p.i.AbstractProblemLoader Creating init config 
543957     WARN  main            d.u.i.k.j.r.KeYCrossReferenceNameInfo Datatype java.lang.System declared twice: Once in FILE:/home/runner/work/key/key/key.core/../key.ui/examples/standard_key/staticInitialisation/classpath/System.java and once in URL:file:/home/runner/work/key/key/key.core/build/resources/main/de/uka/ilkd/key/java/JavaRedux/java/lang/System.java, Keeping one from URL:file:/home/runner/work/key/key/key.core/build/resources/main/de/uka/ilkd/key/java/JavaRedux/java/lang/System.java 
543957     WARN  main            d.u.i.k.j.r.KeYCrossReferenceNameInfo Datatype java.io.PrintStream declared twice: Once in FILE:/home/runner/work/key/key/key.core/../key.ui/examples/standard_key/staticInitialisation/classpath/PrintStream.java and once in URL:file:/home/runner/work/key/key/key.core/build/resources/main/de/uka/ilkd/key/java/JavaRedux/java/io/PrintStream.java, Keeping one from URL:file:/home/runner/work/key/key/key.core/build/resources/main/de/uka/ilkd/key/java/JavaRedux/java/io/PrintStream.java 
546107     DEBUG main            d.u.i.k.p.i.AbstractProblemLoader Init config took 2.17s 
546120     INFO  main            d.u.i.k.p.i.AbstractProblemLoader Replaying proof cascadeStaticInitialisation.key.proof 
546221     DEBUG main            d.u.i.k.p.i.IntermediateProofReplayer Proof replay took 98.12ms 
546222     DEBUG main            d.u.i.k.p.r.p.TestFile    ... success: reloaded. 
546222     INFO  main            d.u.i.k.p.r.p.TestFile    Now processing file /home/runner/work/key/key/key.core/../key.ui/examples/standard_key/staticInitialisation/erroneousClassImpliesErroneousSubclass.key 
546222     INFO  main            d.u.i.k.p.i.AbstractProblemLoader Loading environment from /home/runner/work/key/key/key.core/../key.ui/examples/standard_key/staticInitialisation/erroneousClassImpliesErroneousSubclass.key 
546222     DEBUG main            d.u.i.k.p.i.AbstractProblemLoader Environment load took 40.7ns 
546223     INFO  main            d.u.i.k.p.i.AbstractProblemLoader Creating init config 
546239     WARN  main            d.u.i.k.j.r.KeYCrossReferenceNameInfo Datatype java.lang.System declared twice: Once in FILE:/home/runner/work/key/key/key.core/../key.ui/examples/standard_key/staticInitialisation/classpath/System.java and once in URL:file:/home/runner/work/key/key/key.core/build/resources/main/de/uka/ilkd/key/java/JavaRedux/java/lang/System.java, Keeping one from URL:file:/home/runner/work/key/key/key.core/build/resources/main/de/uka/ilkd/key/java/JavaRedux/java/lang/System.java 
546240     WARN  main            d.u.i.k.j.r.KeYCrossReferenceNameInfo Datatype java.io.PrintStream declared twice: Once in FILE:/home/runner/work/key/key/key.core/../key.ui/examples/standard_key/staticInitialisation/classpath/PrintStream.java and once in URL:file:/home/runner/work/key/key/key.core/build/resources/main/de/uka/ilkd/key/java/JavaRedux/java/io/PrintStream.java, Keeping one from URL:file:/home/runner/work/key/key/key.core/build/resources/main/de/uka/ilkd/key/java/JavaRedux/java/io/PrintStream.java 
548495     DEBUG main            d.u.i.k.p.i.AbstractProblemLoader Init config took 2.27s 
548506     INFO  main            d.u.i.k.p.i.AbstractProblemLoader Replaying proof erroneousClassImpliesErroneousSubclass.key 
548507     DEBUG main            d.u.i.k.p.i.IntermediateProofReplayer Proof replay took 2.5ns 
548610     INFO  main            d.u.i.k.p.r.p.TestFile    ... finished proof: closed. 
549092     INFO  main            d.u.i.k.p.i.AbstractProblemLoader Loading environment from /home/runner/work/key/key/key.core/../key.ui/examples/standard_key/staticInitialisation/erroneousClassImpliesErroneousSubclass.key.proof 
549092     DEBUG main            d.u.i.k.p.i.AbstractProblemLoader Environment load took 70.2ns 
549093     INFO  main            d.u.i.k.p.i.AbstractProblemLoader Creating init config 
549109     WARN  main            d.u.i.k.j.r.KeYCrossReferenceNameInfo Datatype java.lang.System declared twice: Once in FILE:/home/runner/work/key/key/key.core/../key.ui/examples/standard_key/staticInitialisation/classpath/System.java and once in URL:file:/home/runner/work/key/key/key.core/build/resources/main/de/uka/ilkd/key/java/JavaRedux/java/lang/System.java, Keeping one from URL:file:/home/runner/work/key/key/key.core/build/resources/main/de/uka/ilkd/key/java/JavaRedux/java/lang/System.java 
549110     WARN  main            d.u.i.k.j.r.KeYCrossReferenceNameInfo Datatype java.io.PrintStream declared twice: Once in FILE:/home/runner/work/key/key/key.core/../key.ui/examples/standard_key/staticInitialisation/classpath/PrintStream.java and once in URL:file:/home/runner/work/key/key/key.core/build/resources/main/de/uka/ilkd/key/java/JavaRedux/java/io/PrintStream.java, Keeping one from URL:file:/home/runner/work/key/key/key.core/build/resources/main/de/uka/ilkd/key/java/JavaRedux/java/io/PrintStream.java 
551334     DEBUG main            d.u.i.k.p.i.AbstractProblemLoader Init config took 2.24s 
551345     INFO  main            d.u.i.k.p.i.AbstractProblemLoader Replaying proof erroneousClassImpliesErroneousSubclass.key.proof 
551351     DEBUG main            d.u.i.k.p.i.IntermediateProofReplayer Proof replay took 414.5ns 
551352     DEBUG main            d.u.i.k.p.r.p.TestFile    ... success: reloaded. 
551352     INFO  main            d.u.i.k.p.r.p.TestFile    Now processing file /home/runner/work/key/key/key.core/../key.ui/examples/standard_key/staticInitialisation/initializedSubclassImpliesInitializedSuperclass.key 
551355     INFO  main            d.u.i.k.p.i.AbstractProblemLoader Loading environment from /home/runner/work/key/key/key.core/../key.ui/examples/standard_key/staticInitialisation/initializedSubclassImpliesInitializedSuperclass.key 
551355     DEBUG main            d.u.i.k.p.i.AbstractProblemLoader Environment load took 146.4ns 
551356     INFO  main            d.u.i.k.p.i.AbstractProblemLoader Creating init config 
551373     WARN  main            d.u.i.k.j.r.KeYCrossReferenceNameInfo Datatype java.lang.System declared twice: Once in FILE:/home/runner/work/key/key/key.core/../key.ui/examples/standard_key/staticInitialisation/classpath/System.java and once in URL:file:/home/runner/work/key/key/key.core/build/resources/main/de/uka/ilkd/key/java/JavaRedux/java/lang/System.java, Keeping one from URL:file:/home/runner/work/key/key/key.core/build/resources/main/de/uka/ilkd/key/java/JavaRedux/java/lang/System.java 
551373     WARN  main            d.u.i.k.j.r.KeYCrossReferenceNameInfo Datatype java.io.PrintStream declared twice: Once in FILE:/home/runner/work/key/key/key.core/../key.ui/examples/standard_key/staticInitialisation/classpath/PrintStream.java and once in URL:file:/home/runner/work/key/key/key.core/build/resources/main/de/uka/ilkd/key/java/JavaRedux/java/io/PrintStream.java, Keeping one from URL:file:/home/runner/work/key/key/key.core/build/resources/main/de/uka/ilkd/key/java/JavaRedux/java/io/PrintStream.java 
553560     DEBUG main            d.u.i.k.p.i.AbstractProblemLoader Init config took 2.2s 
553572     INFO  main            d.u.i.k.p.i.AbstractProblemLoader Replaying proof initializedSubclassImpliesInitializedSuperclass.key 
553572     DEBUG main            d.u.i.k.p.i.IntermediateProofReplayer Proof replay took 2.2ns 
553674     INFO  main            d.u.i.k.p.r.p.TestFile    ... finished proof: closed. 
554134     INFO  main            d.u.i.k.p.i.AbstractProblemLoader Loading environment from /home/runner/work/key/key/key.core/../key.ui/examples/standard_key/staticInitialisation/initializedSubclassImpliesInitializedSuperclass.key.proof 
554134     DEBUG main            d.u.i.k.p.i.AbstractProblemLoader Environment load took 63.8ns 
554135     INFO  main            d.u.i.k.p.i.AbstractProblemLoader Creating init config 
554151     WARN  main            d.u.i.k.j.r.KeYCrossReferenceNameInfo Datatype java.lang.System declared twice: Once in FILE:/home/runner/work/key/key/key.core/../key.ui/examples/standard_key/staticInitialisation/classpath/System.java and once in URL:file:/home/runner/work/key/key/key.core/build/resources/main/de/uka/ilkd/key/java/JavaRedux/java/lang/System.java, Keeping one from URL:file:/home/runner/work/key/key/key.core/build/resources/main/de/uka/ilkd/key/java/JavaRedux/java/lang/System.java 
554152     WARN  main            d.u.i.k.j.r.KeYCrossReferenceNameInfo Datatype java.io.PrintStream declared twice: Once in FILE:/home/runner/work/key/key/key.core/../key.ui/examples/standard_key/staticInitialisation/classpath/PrintStream.java and once in URL:file:/home/runner/work/key/key/key.core/build/resources/main/de/uka/ilkd/key/java/JavaRedux/java/io/PrintStream.java, Keeping one from URL:file:/home/runner/work/key/key/key.core/build/resources/main/de/uka/ilkd/key/java/JavaRedux/java/io/PrintStream.java 
556310     DEBUG main            d.u.i.k.p.i.AbstractProblemLoader Init config took 2.18s 
556322     INFO  main            d.u.i.k.p.i.AbstractProblemLoader Replaying proof initializedSubclassImpliesInitializedSuperclass.key.proof 
556323     DEBUG main            d.u.i.k.p.i.IntermediateProofReplayer Proof replay took 314.3ns 
556324     DEBUG main            d.u.i.k.p.r.p.TestFile    ... success: reloaded. 
556325     INFO  main            d.u.i.k.p.r.p.TestFile    Now processing file /home/runner/work/key/key/key.core/../key.ui/examples/standard_key/staticInitialisation/localDeclared.key 
556325     INFO  main            d.u.i.k.p.i.AbstractProblemLoader Loading environment from /home/runner/work/key/key/key.core/../key.ui/examples/standard_key/staticInitialisation/localDeclared.key 
556325     DEBUG main            d.u.i.k.p.i.AbstractProblemLoader Environment load took 63.7ns 
556326     INFO  main            d.u.i.k.p.i.AbstractProblemLoader Creating init config 
556342     WARN  main            d.u.i.k.j.r.KeYCrossReferenceNameInfo Datatype java.lang.System declared twice: Once in FILE:/home/runner/work/key/key/key.core/../key.ui/examples/standard_key/staticInitialisation/classpath/System.java and once in URL:file:/home/runner/work/key/key/key.core/build/resources/main/de/uka/ilkd/key/java/JavaRedux/java/lang/System.java, Keeping one from URL:file:/home/runner/work/key/key/key.core/build/resources/main/de/uka/ilkd/key/java/JavaRedux/java/lang/System.java 
556342     WARN  main            d.u.i.k.j.r.KeYCrossReferenceNameInfo Datatype java.io.PrintStream declared twice: Once in FILE:/home/runner/work/key/key/key.core/../key.ui/examples/standard_key/staticInitialisation/classpath/PrintStream.java and once in URL:file:/home/runner/work/key/key/key.core/build/resources/main/de/uka/ilkd/key/java/JavaRedux/java/io/PrintStream.java, Keeping one from URL:file:/home/runner/work/key/key/key.core/build/resources/main/de/uka/ilkd/key/java/JavaRedux/java/io/PrintStream.java 
558590     DEBUG main            d.u.i.k.p.i.AbstractProblemLoader Init config took 2.26s 
558602     INFO  main            d.u.i.k.p.i.AbstractProblemLoader Replaying proof localDeclared.key 
558603     DEBUG main            d.u.i.k.p.i.IntermediateProofReplayer Proof replay took 2.5ns 
558906     INFO  main            d.u.i.k.p.r.p.TestFile    ... finished proof: closed. 
559368     INFO  main            d.u.i.k.p.i.AbstractProblemLoader Loading environment from /home/runner/work/key/key/key.core/../key.ui/examples/standard_key/staticInitialisation/localDeclared.key.proof 
559368     DEBUG main            d.u.i.k.p.i.AbstractProblemLoader Environment load took 71.5ns 
559369     INFO  main            d.u.i.k.p.i.AbstractProblemLoader Creating init config 
559386     WARN  main            d.u.i.k.j.r.KeYCrossReferenceNameInfo Datatype java.lang.System declared twice: Once in FILE:/home/runner/work/key/key/key.core/../key.ui/examples/standard_key/staticInitialisation/classpath/System.java and once in URL:file:/home/runner/work/key/key/key.core/build/resources/main/de/uka/ilkd/key/java/JavaRedux/java/lang/System.java, Keeping one from URL:file:/home/runner/work/key/key/key.core/build/resources/main/de/uka/ilkd/key/java/JavaRedux/java/lang/System.java 
559386     WARN  main            d.u.i.k.j.r.KeYCrossReferenceNameInfo Datatype java.io.PrintStream declared twice: Once in FILE:/home/runner/work/key/key/key.core/../key.ui/examples/standard_key/staticInitialisation/classpath/PrintStream.java and once in URL:file:/home/runner/work/key/key/key.core/build/resources/main/de/uka/ilkd/key/java/JavaRedux/java/io/PrintStream.java, Keeping one from URL:file:/home/runner/work/key/key/key.core/build/resources/main/de/uka/ilkd/key/java/JavaRedux/java/io/PrintStream.java 
561541     DEBUG main            d.u.i.k.p.i.AbstractProblemLoader Init config took 2.17s 
561554     INFO  main            d.u.i.k.p.i.AbstractProblemLoader Replaying proof localDeclared.key.proof 
561593     DEBUG main            d.u.i.k.p.i.IntermediateProofReplayer Proof replay took 38.1ms 
561594     DEBUG main            d.u.i.k.p.r.p.TestFile    ... success: reloaded. 
561595     INFO  main            d.u.i.k.p.r.p.TestFile    Now processing file /home/runner/work/key/key/key.core/../key.ui/examples/standard_key/staticInitialisation/localDeclaredMethod.key 
561595     INFO  main            d.u.i.k.p.i.AbstractProblemLoader Loading environment from /home/runner/work/key/key/key.core/../key.ui/examples/standard_key/staticInitialisation/localDeclaredMethod.key 
561595     DEBUG main            d.u.i.k.p.i.AbstractProblemLoader Environment load took 64.6ns 
561597     INFO  main            d.u.i.k.p.i.AbstractProblemLoader Creating init config 
561612     WARN  main            d.u.i.k.j.r.KeYCrossReferenceNameInfo Datatype java.lang.System declared twice: Once in FILE:/home/runner/work/key/key/key.core/../key.ui/examples/standard_key/staticInitialisation/classpath/System.java and once in URL:file:/home/runner/work/key/key/key.core/build/resources/main/de/uka/ilkd/key/java/JavaRedux/java/lang/System.java, Keeping one from URL:file:/home/runner/work/key/key/key.core/build/resources/main/de/uka/ilkd/key/java/JavaRedux/java/lang/System.java 
561612     WARN  main            d.u.i.k.j.r.KeYCrossReferenceNameInfo Datatype java.io.PrintStream declared twice: Once in FILE:/home/runner/work/key/key/key.core/../key.ui/examples/standard_key/staticInitialisation/classpath/PrintStream.java and once in URL:file:/home/runner/work/key/key/key.core/build/resources/main/de/uka/ilkd/key/java/JavaRedux/java/io/PrintStream.java, Keeping one from URL:file:/home/runner/work/key/key/key.core/build/resources/main/de/uka/ilkd/key/java/JavaRedux/java/io/PrintStream.java 
563818     DEBUG main            d.u.i.k.p.i.AbstractProblemLoader Init config took 2.22s 
563830     INFO  main            d.u.i.k.p.i.AbstractProblemLoader Replaying proof localDeclaredMethod.key 
563832     DEBUG main            d.u.i.k.p.i.IntermediateProofReplayer Proof replay took 2.3ns 
564145     INFO  main            d.u.i.k.p.r.p.TestFile    ... finished proof: closed. 
564648     INFO  main            d.u.i.k.p.i.AbstractProblemLoader Loading environment from /home/runner/work/key/key/key.core/../key.ui/examples/standard_key/staticInitialisation/localDeclaredMethod.key.proof 
564648     DEBUG main            d.u.i.k.p.i.AbstractProblemLoader Environment load took 73.6ns 
564649     INFO  main            d.u.i.k.p.i.AbstractProblemLoader Creating init config 
564666     WARN  main            d.u.i.k.j.r.KeYCrossReferenceNameInfo Datatype java.lang.System declared twice: Once in FILE:/home/runner/work/key/key/key.core/../key.ui/examples/standard_key/staticInitialisation/classpath/System.java and once in URL:file:/home/runner/work/key/key/key.core/build/resources/main/de/uka/ilkd/key/java/JavaRedux/java/lang/System.java, Keeping one from URL:file:/home/runner/work/key/key/key.core/build/resources/main/de/uka/ilkd/key/java/JavaRedux/java/lang/System.java 
564666     WARN  main            d.u.i.k.j.r.KeYCrossReferenceNameInfo Datatype java.io.PrintStream declared twice: Once in FILE:/home/runner/work/key/key/key.core/../key.ui/examples/standard_key/staticInitialisation/classpath/PrintStream.java and once in URL:file:/home/runner/work/key/key/key.core/build/resources/main/de/uka/ilkd/key/java/JavaRedux/java/io/PrintStream.java, Keeping one from URL:file:/home/runner/work/key/key/key.core/build/resources/main/de/uka/ilkd/key/java/JavaRedux/java/io/PrintStream.java 
566956     DEBUG main            d.u.i.k.p.i.AbstractProblemLoader Init config took 2.31s 
566969     INFO  main            d.u.i.k.p.i.AbstractProblemLoader Replaying proof localDeclaredMethod.key.proof 
567007     DEBUG main            d.u.i.k.p.i.IntermediateProofReplayer Proof replay took 36.46ms 
567008     DEBUG main            d.u.i.k.p.r.p.TestFile    ... success: reloaded. 
567008     INFO  main            d.u.i.k.p.r.p.TestFile    Now processing file /home/runner/work/key/key/key.core/../key.ui/examples/standard_key/staticInitialisation/objectOfErroneousClass.key 
567009     INFO  main            d.u.i.k.p.i.AbstractProblemLoader Loading environment from /home/runner/work/key/key/key.core/../key.ui/examples/standard_key/staticInitialisation/objectOfErroneousClass.key 
567009     DEBUG main            d.u.i.k.p.i.AbstractProblemLoader Environment load took 78.8ns 
567010     INFO  main            d.u.i.k.p.i.AbstractProblemLoader Creating init config 
567026     WARN  main            d.u.i.k.j.r.KeYCrossReferenceNameInfo Datatype java.lang.System declared twice: Once in FILE:/home/runner/work/key/key/key.core/../key.ui/examples/standard_key/staticInitialisation/classpath/System.java and once in URL:file:/home/runner/work/key/key/key.core/build/resources/main/de/uka/ilkd/key/java/JavaRedux/java/lang/System.java, Keeping one from URL:file:/home/runner/work/key/key/key.core/build/resources/main/de/uka/ilkd/key/java/JavaRedux/java/lang/System.java 
567026     WARN  main            d.u.i.k.j.r.KeYCrossReferenceNameInfo Datatype java.io.PrintStream declared twice: Once in FILE:/home/runner/work/key/key/key.core/../key.ui/examples/standard_key/staticInitialisation/classpath/PrintStream.java and once in URL:file:/home/runner/work/key/key/key.core/build/resources/main/de/uka/ilkd/key/java/JavaRedux/java/io/PrintStream.java, Keeping one from URL:file:/home/runner/work/key/key/key.core/build/resources/main/de/uka/ilkd/key/java/JavaRedux/java/io/PrintStream.java 
569247     DEBUG main            d.u.i.k.p.i.AbstractProblemLoader Init config took 2.24s 
569261     INFO  main            d.u.i.k.p.i.AbstractProblemLoader Replaying proof objectOfErroneousClass.key 
569263     DEBUG main            d.u.i.k.p.i.IntermediateProofReplayer Proof replay took 2ns 
582225     INFO  main            d.u.i.k.p.r.p.TestFile    ... finished proof: closed. 
582774     INFO  main            d.u.i.k.p.i.AbstractProblemLoader Loading environment from /home/runner/work/key/key/key.core/../key.ui/examples/standard_key/staticInitialisation/objectOfErroneousClass.key.proof 
582774     DEBUG main            d.u.i.k.p.i.AbstractProblemLoader Environment load took 279ns 
582777     INFO  main            d.u.i.k.p.i.AbstractProblemLoader Creating init config 
582793     WARN  main            d.u.i.k.j.r.KeYCrossReferenceNameInfo Datatype java.lang.System declared twice: Once in FILE:/home/runner/work/key/key/key.core/../key.ui/examples/standard_key/staticInitialisation/classpath/System.java and once in URL:file:/home/runner/work/key/key/key.core/build/resources/main/de/uka/ilkd/key/java/JavaRedux/java/lang/System.java, Keeping one from URL:file:/home/runner/work/key/key/key.core/build/resources/main/de/uka/ilkd/key/java/JavaRedux/java/lang/System.java 
582794     WARN  main            d.u.i.k.j.r.KeYCrossReferenceNameInfo Datatype java.io.PrintStream declared twice: Once in FILE:/home/runner/work/key/key/key.core/../key.ui/examples/standard_key/staticInitialisation/classpath/PrintStream.java and once in URL:file:/home/runner/work/key/key/key.core/build/resources/main/de/uka/ilkd/key/java/JavaRedux/java/io/PrintStream.java, Keeping one from URL:file:/home/runner/work/key/key/key.core/build/resources/main/de/uka/ilkd/key/java/JavaRedux/java/io/PrintStream.java 
584950     DEBUG main            d.u.i.k.p.i.AbstractProblemLoader Init config took 2.17s 
584964     INFO  main            d.u.i.k.p.i.AbstractProblemLoader Replaying proof objectOfErroneousClass.key.proof 
586276     DEBUG main            d.u.i.k.p.i.IntermediateProofReplayer Proof replay took 1.29s 
586279     DEBUG main            d.u.i.k.p.r.p.TestFile    ... success: reloaded. 
586280     INFO  main            d.u.i.k.p.r.p.TestFile    Now processing file /home/runner/work/key/key/key.core/../key.ui/examples/standard_key/staticInitialisation/staticInitialisersAreNonSimple.key 
586280     INFO  main            d.u.i.k.p.i.AbstractProblemLoader Loading environment from /home/runner/work/key/key/key.core/../key.ui/examples/standard_key/staticInitialisation/staticInitialisersAreNonSimple.key 
586280     DEBUG main            d.u.i.k.p.i.AbstractProblemLoader Environment load took 53ns 
586281     INFO  main            d.u.i.k.p.i.AbstractProblemLoader Creating init config 
586297     WARN  main            d.u.i.k.j.r.KeYCrossReferenceNameInfo Datatype java.lang.System declared twice: Once in FILE:/home/runner/work/key/key/key.core/../key.ui/examples/standard_key/staticInitialisation/classpath/System.java and once in URL:file:/home/runner/work/key/key/key.core/build/resources/main/de/uka/ilkd/key/java/JavaRedux/java/lang/System.java, Keeping one from URL:file:/home/runner/work/key/key/key.core/build/resources/main/de/uka/ilkd/key/java/JavaRedux/java/lang/System.java 
586297     WARN  main            d.u.i.k.j.r.KeYCrossReferenceNameInfo Datatype java.io.PrintStream declared twice: Once in FILE:/home/runner/work/key/key/key.core/../key.ui/examples/standard_key/staticInitialisation/classpath/PrintStream.java and once in URL:file:/home/runner/work/key/key/key.core/build/resources/main/de/uka/ilkd/key/java/JavaRedux/java/io/PrintStream.java, Keeping one from URL:file:/home/runner/work/key/key/key.core/build/resources/main/de/uka/ilkd/key/java/JavaRedux/java/io/PrintStream.java 
588517     DEBUG main            d.u.i.k.p.i.AbstractProblemLoader Init config took 2.24s 
588530     INFO  main            d.u.i.k.p.i.AbstractProblemLoader Replaying proof staticInitialisersAreNonSimple.key 
588531     DEBUG main            d.u.i.k.p.i.IntermediateProofReplayer Proof replay took 2.7ns 
588835     INFO  main            d.u.i.k.p.r.p.TestFile    ... finished proof: closed. 
589396     INFO  main            d.u.i.k.p.i.AbstractProblemLoader Loading environment from /home/runner/work/key/key/key.core/../key.ui/examples/standard_key/staticInitialisation/staticInitialisersAreNonSimple.key.proof 
589396     DEBUG main            d.u.i.k.p.i.AbstractProblemLoader Environment load took 69.7ns 
589398     INFO  main            d.u.i.k.p.i.AbstractProblemLoader Creating init config 
589413     WARN  main            d.u.i.k.j.r.KeYCrossReferenceNameInfo Datatype java.lang.System declared twice: Once in FILE:/home/runner/work/key/key/key.core/../key.ui/examples/standard_key/staticInitialisation/classpath/System.java and once in URL:file:/home/runner/work/key/key/key.core/build/resources/main/de/uka/ilkd/key/java/JavaRedux/java/lang/System.java, Keeping one from URL:file:/home/runner/work/key/key/key.core/build/resources/main/de/uka/ilkd/key/java/JavaRedux/java/lang/System.java 
589414     WARN  main            d.u.i.k.j.r.KeYCrossReferenceNameInfo Datatype java.io.PrintStream declared twice: Once in FILE:/home/runner/work/key/key/key.core/../key.ui/examples/standard_key/staticInitialisation/classpath/PrintStream.java and once in URL:file:/home/runner/work/key/key/key.core/build/resources/main/de/uka/ilkd/key/java/JavaRedux/java/io/PrintStream.java, Keeping one from URL:file:/home/runner/work/key/key/key.core/build/resources/main/de/uka/ilkd/key/java/JavaRedux/java/io/PrintStream.java 
591567     DEBUG main            d.u.i.k.p.i.AbstractProblemLoader Init config took 2.17s 
591579     INFO  main            d.u.i.k.p.i.AbstractProblemLoader Replaying proof staticInitialisersAreNonSimple.key.proof 
591636     DEBUG main            d.u.i.k.p.i.IntermediateProofReplayer Proof replay took 54.54ms 
591637     DEBUG main            d.u.i.k.p.r.p.TestFile    ... success: reloaded. 
591638     INFO  main            d.u.i.k.p.r.p.TestFile    Now processing file /home/runner/work/key/key/key.core/../key.ui/examples/standard_key/types/disjoint.key 
591638     INFO  main            d.u.i.k.p.i.AbstractProblemLoader Loading environment from /home/runner/work/key/key/key.core/../key.ui/examples/standard_key/types/disjoint.key 
591638     DEBUG main            d.u.i.k.p.i.AbstractProblemLoader Environment load took 39.6ns 
591639     INFO  main            d.u.i.k.p.i.AbstractProblemLoader Creating init config 
593779     DEBUG main            d.u.i.k.p.i.AbstractProblemLoader Init config took 2.14s 
593791     INFO  main            d.u.i.k.p.i.AbstractProblemLoader Replaying proof disjoint.key 
593791     DEBUG main            d.u.i.k.p.i.IntermediateProofReplayer Proof replay took 1.9ns 
593893     INFO  main            d.u.i.k.p.r.p.TestFile    ... finished proof: closed. 
594391     INFO  main            d.u.i.k.p.i.AbstractProblemLoader Loading environment from /home/runner/work/key/key/key.core/../key.ui/examples/standard_key/types/disjoint.key.proof 
594391     DEBUG main            d.u.i.k.p.i.AbstractProblemLoader Environment load took 88.5ns 
594392     INFO  main            d.u.i.k.p.i.AbstractProblemLoader Creating init config 
596500     DEBUG main            d.u.i.k.p.i.AbstractProblemLoader Init config took 2.11s 
596512     INFO  main            d.u.i.k.p.i.AbstractProblemLoader Replaying proof disjoint.key.proof 
596513     DEBUG main            d.u.i.k.p.i.IntermediateProofReplayer Proof replay took 218.7ns 
596514     DEBUG main            d.u.i.k.p.r.p.TestFile    ... success: reloaded. 
596514     INFO  main            d.u.i.k.p.r.p.TestFile    Now processing file /home/runner/work/key/key/key.core/../key.ui/examples/../../key.core/src/test/resources/testcase/classpath/classpath.key 
596514     INFO  main            d.u.i.k.p.i.AbstractProblemLoader Loading environment from /home/runner/work/key/key/key.core/../key.ui/examples/../../key.core/src/test/resources/testcase/classpath/classpath.key 
596514     DEBUG main            d.u.i.k.p.i.AbstractProblemLoader Environment load took 88.1ns 
596515     INFO  main            d.u.i.k.p.i.AbstractProblemLoader Creating init config 
596533     WARN  main            d.u.i.k.j.r.KeYCrossReferenceNameInfo Datatype cp.C declared twice: Once in FILE:/home/runner/work/key/key/key.core/../key.ui/examples/../../key.core/src/test/resources/testcase/classpath/classpath/C.class and once in FILE:/home/runner/work/key/key/key.core/../key.ui/examples/../../key.core/src/test/resources/testcase/classpath/classpath/C.jml, Keeping one from FILE:/home/runner/work/key/key/key.core/../key.ui/examples/../../key.core/src/test/resources/testcase/classpath/classpath/C.jml 
596536     DEBUG main            d.u.i.k.j.r.ClassFileDeclarationBuilder Parsing: package cp; public class Unresolved1 { } 
596536     DEBUG main            r.s.KeYCrossReferenceSourceInfo Dynamically created class: cp.Unresolved1 
596537     DEBUG main            d.u.i.k.j.r.ClassFileDeclarationBuilder Parsing: package cp; public class Unresolved2 { } 
596537     DEBUG main            r.s.KeYCrossReferenceSourceInfo Dynamically created class: cp.Unresolved2 
598820     DEBUG main            d.u.i.k.p.i.AbstractProblemLoader Init config took 2.31s 
598833     INFO  main            d.u.i.k.p.i.AbstractProblemLoader Replaying proof classpath.key 
598834     DEBUG main            d.u.i.k.p.i.IntermediateProofReplayer Proof replay took 2.9ns 
598935     INFO  main            d.u.i.k.p.r.p.TestFile    ... finished proof: closed. 
599459     INFO  main            d.u.i.k.p.i.AbstractProblemLoader Loading environment from /home/runner/work/key/key/key.core/../key.ui/examples/../../key.core/src/test/resources/testcase/classpath/classpath.key.proof 
599459     DEBUG main            d.u.i.k.p.i.AbstractProblemLoader Environment load took 69ns 
599460     INFO  main            d.u.i.k.p.i.AbstractProblemLoader Creating init config 
599483     WARN  main            d.u.i.k.j.r.KeYCrossReferenceNameInfo Datatype cp.C declared twice: Once in FILE:/home/runner/work/key/key/key.core/../key.ui/examples/../../key.core/src/test/resources/testcase/classpath/classpath/C.class and once in FILE:/home/runner/work/key/key/key.core/../key.ui/examples/../../key.core/src/test/resources/testcase/classpath/classpath/C.jml, Keeping one from FILE:/home/runner/work/key/key/key.core/../key.ui/examples/../../key.core/src/test/resources/testcase/classpath/classpath/C.jml 
599487     DEBUG main            d.u.i.k.j.r.ClassFileDeclarationBuilder Parsing: package cp; public class Unresolved1 { } 
599487     DEBUG main            r.s.KeYCrossReferenceSourceInfo Dynamically created class: cp.Unresolved1 
599487     DEBUG main            d.u.i.k.j.r.ClassFileDeclarationBuilder Parsing: package cp; public class Unresolved2 { } 
599487     DEBUG main            r.s.KeYCrossReferenceSourceInfo Dynamically created class: cp.Unresolved2 
601717     DEBUG main            d.u.i.k.p.i.AbstractProblemLoader Init config took 2.26s 
601730     INFO  main            d.u.i.k.p.i.AbstractProblemLoader Replaying proof classpath.key.proof 
601732     DEBUG main            d.u.i.k.p.i.IntermediateProofReplayer Proof replay took 386.9ns 
601732     DEBUG main            d.u.i.k.p.r.p.TestFile    ... success: reloaded. 
601733     INFO  main            d.u.i.k.p.r.p.TestFile    Now processing file /home/runner/work/key/key/key.core/../key.ui/examples/heap/inconsistent_represents/MyClass_m.key 
601733     INFO  main            d.u.i.k.p.i.AbstractProblemLoader Loading environment from /home/runner/work/key/key/key.core/../key.ui/examples/heap/inconsistent_represents/MyClass_m.key 
601733     DEBUG main            d.u.i.k.p.i.AbstractProblemLoader Environment load took 58.9ns 
601734     INFO  main            d.u.i.k.p.i.AbstractProblemLoader Creating init config 
603974     DEBUG main            d.u.i.k.p.i.AbstractProblemLoader Init config took 2.24s 
604007     INFO  main            d.u.i.k.p.i.AbstractProblemLoader Replaying proof MyClass[MyClass::m()].JML operation contract.0 
604008     DEBUG main            d.u.i.k.p.i.IntermediateProofReplayer Proof replay took 2.4ns 
604114     INFO  main            d.u.i.k.p.r.p.TestFile    ... finished proof: open goal(s) 
604613     INFO  main            d.u.i.k.p.r.p.TestFile    Now processing file /home/runner/work/key/key/key.core/../key.ui/examples/heap/inconsistent_represents/MyClass_n.key 
604613     INFO  main            d.u.i.k.p.i.AbstractProblemLoader Loading environment from /home/runner/work/key/key/key.core/../key.ui/examples/heap/inconsistent_represents/MyClass_n.key 
604613     DEBUG main            d.u.i.k.p.i.AbstractProblemLoader Environment load took 39.3ns 
604614     INFO  main            d.u.i.k.p.i.AbstractProblemLoader Creating init config 
606815     DEBUG main            d.u.i.k.p.i.AbstractProblemLoader Init config took 2.2s 
606846     INFO  main            d.u.i.k.p.i.AbstractProblemLoader Replaying proof MyClass[MyClass::n()].JML operation contract.0 
606848     DEBUG main            d.u.i.k.p.i.IntermediateProofReplayer Proof replay took 2.7ns 
606949     INFO  main            d.u.i.k.p.r.p.TestFile    ... finished proof: open goal(s) 
3455176    INFO  Test worker     d.u.i.k.p.r.RunAllProofsTestUnit Returning from test javadl 
3455178    INFO  Test worker     d.u.i.k.p.r.RunAllProofsTestUnit Running test FOL 
332        INFO  Timeout watchdog d.u.i.k.p.r.p.ForkedTestFileRunner Timeout watcher launched (2000 secs.) 
339        WARN  main            d.u.i.k.s.ProofSettings   The settings in /home/runner/.key/proof-settings.props are *not* read. 
364        INFO  main            d.u.i.k.p.r.p.TestFile    Now processing file /home/runner/work/key/key/key.core/../key.ui/examples/standard_key/pred_log/count.key 
465        INFO  main            d.u.i.k.p.i.AbstractProblemLoader Loading environment from /home/runner/work/key/key/key.core/../key.ui/examples/standard_key/pred_log/count.key 
485        DEBUG main            d.u.i.k.p.i.AbstractProblemLoader Environment load took 5.42ms 
707        INFO  main            d.u.i.k.p.i.AbstractProblemLoader Creating init config 
1554       DEBUG main            d.u.i.k.j.TypeConverter   No LDT found for Meta 
1555       DEBUG main            d.u.i.k.j.TypeConverter   No LDT found for Meta 
1558       DEBUG main            d.u.i.k.j.TypeConverter   No LDT found for Meta 
1558       DEBUG main            d.u.i.k.j.TypeConverter   No LDT found for Meta 
2736       DEBUG main            d.u.i.k.j.TypeConverter   No LDT found for JavaBigintExpression 
7395       DEBUG main            d.u.i.k.p.i.AbstractProblemLoader Init config took 6.69s 
7462       INFO  main            d.u.i.k.p.i.AbstractProblemLoader Replaying proof count.key 
7497       DEBUG main            d.u.i.k.p.i.IntermediateProofReplayer Proof replay took 32.8ns 
7643       INFO  main            d.u.i.k.p.r.p.TestFile    ... finished proof: closed. 
7737       INFO  main            d.u.i.k.p.i.AbstractProblemLoader Loading environment from /home/runner/work/key/key/key.core/../key.ui/examples/standard_key/pred_log/count.key.proof 
7737       DEBUG main            d.u.i.k.p.i.AbstractProblemLoader Environment load took 140.5ns 
7741       INFO  main            d.u.i.k.p.i.AbstractProblemLoader Creating init config 
10273      DEBUG main            d.u.i.k.p.i.AbstractProblemLoader Init config took 2.53s 
10303      INFO  main            d.u.i.k.p.i.AbstractProblemLoader Replaying proof count.key.proof 
10312      DEBUG main            d.u.i.k.p.i.IntermediateProofReplayer Proof replay took 5.28ms 
10322      DEBUG main            d.u.i.k.p.r.p.TestFile    ... success: reloaded. 
10323      INFO  main            d.u.i.k.p.r.p.TestFile    Now processing file /home/runner/work/key/key/key.core/../key.ui/examples/standard_key/pred_log/count2.key 
10323      INFO  main            d.u.i.k.p.i.AbstractProblemLoader Loading environment from /home/runner/work/key/key/key.core/../key.ui/examples/standard_key/pred_log/count2.key 
10324      DEBUG main            d.u.i.k.p.i.AbstractProblemLoader Environment load took 191.1ns 
10325      INFO  main            d.u.i.k.p.i.AbstractProblemLoader Creating init config 
12868      DEBUG main            d.u.i.k.p.i.AbstractProblemLoader Init config took 2.54s 
12897      INFO  main            d.u.i.k.p.i.AbstractProblemLoader Replaying proof count2.key 
12899      DEBUG main            d.u.i.k.p.i.IntermediateProofReplayer Proof replay took 5.4ns 
13001      INFO  main            d.u.i.k.p.r.p.TestFile    ... finished proof: closed. 
13112      INFO  main            d.u.i.k.p.i.AbstractProblemLoader Loading environment from /home/runner/work/key/key/key.core/../key.ui/examples/standard_key/pred_log/count2.key.proof 
13112      DEBUG main            d.u.i.k.p.i.AbstractProblemLoader Environment load took 124.9ns 
13117      INFO  main            d.u.i.k.p.i.AbstractProblemLoader Creating init config 
15501      DEBUG main            d.u.i.k.p.i.AbstractProblemLoader Init config took 2.38s 
15523      INFO  main            d.u.i.k.p.i.AbstractProblemLoader Replaying proof count2.key.proof 
15527      DEBUG main            d.u.i.k.p.i.IntermediateProofReplayer Proof replay took 2.11ms 
15528      DEBUG main            d.u.i.k.p.r.p.TestFile    ... success: reloaded. 
15529      INFO  main            d.u.i.k.p.r.p.TestFile    Now processing file /home/runner/work/key/key/key.core/../key.ui/examples/standard_key/pred_log/count3.key 
15529      INFO  main            d.u.i.k.p.i.AbstractProblemLoader Loading environment from /home/runner/work/key/key/key.core/../key.ui/examples/standard_key/pred_log/count3.key 
15529      DEBUG main            d.u.i.k.p.i.AbstractProblemLoader Environment load took 186.1ns 
15531      INFO  main            d.u.i.k.p.i.AbstractProblemLoader Creating init config 
17917      DEBUG main            d.u.i.k.p.i.AbstractProblemLoader Init config took 2.39s 
17939      INFO  main            d.u.i.k.p.i.AbstractProblemLoader Replaying proof count3.key 
17946      DEBUG main            d.u.i.k.p.i.IntermediateProofReplayer Proof replay took 6.3ns 
18050      INFO  main            d.u.i.k.p.r.p.TestFile    ... finished proof: closed. 
18170      INFO  main            d.u.i.k.p.i.AbstractProblemLoader Loading environment from /home/runner/work/key/key/key.core/../key.ui/examples/standard_key/pred_log/count3.key.proof 
18170      DEBUG main            d.u.i.k.p.i.AbstractProblemLoader Environment load took 123.9ns 
18171      INFO  main            d.u.i.k.p.i.AbstractProblemLoader Creating init config 
20578      DEBUG main            d.u.i.k.p.i.AbstractProblemLoader Init config took 2.41s 
20602      INFO  main            d.u.i.k.p.i.AbstractProblemLoader Replaying proof count3.key.proof 
20605      DEBUG main            d.u.i.k.p.i.IntermediateProofReplayer Proof replay took 2.01ms 
20606      DEBUG main            d.u.i.k.p.r.p.TestFile    ... success: reloaded. 
20607      INFO  main            d.u.i.k.p.r.p.TestFile    Now processing file /home/runner/work/key/key/key.core/../key.ui/examples/standard_key/pred_log/equalities.key 
20616      INFO  main            d.u.i.k.p.i.AbstractProblemLoader Loading environment from /home/runner/work/key/key/key.core/../key.ui/examples/standard_key/pred_log/equalities.key 
20616      DEBUG main            d.u.i.k.p.i.AbstractProblemLoader Environment load took 216.7ns 
20618      INFO  main            d.u.i.k.p.i.AbstractProblemLoader Creating init config 
22989      DEBUG main            d.u.i.k.p.i.AbstractProblemLoader Init config took 2.37s 
23008      INFO  main            d.u.i.k.p.i.AbstractProblemLoader Replaying proof equalities.key 
23010      DEBUG main            d.u.i.k.p.i.IntermediateProofReplayer Proof replay took 6.2ns 
23111      INFO  main            d.u.i.k.p.r.p.TestFile    ... finished proof: closed. 
23234      INFO  main            d.u.i.k.p.i.AbstractProblemLoader Loading environment from /home/runner/work/key/key/key.core/../key.ui/examples/standard_key/pred_log/equalities.key.proof 
23234      DEBUG main            d.u.i.k.p.i.AbstractProblemLoader Environment load took 124.1ns 
23235      INFO  main            d.u.i.k.p.i.AbstractProblemLoader Creating init config 
25544      DEBUG main            d.u.i.k.p.i.AbstractProblemLoader Init config took 2.31s 
25561      INFO  main            d.u.i.k.p.i.AbstractProblemLoader Replaying proof equalities.key.proof 
25564      DEBUG main            d.u.i.k.p.i.IntermediateProofReplayer Proof replay took 1.1ms 
25565      DEBUG main            d.u.i.k.p.r.p.TestFile    ... success: reloaded. 
25565      INFO  main            d.u.i.k.p.r.p.TestFile    Now processing file /home/runner/work/key/key/key.core/../key.ui/examples/standard_key/pred_log/equalities2.key 
25566      INFO  main            d.u.i.k.p.i.AbstractProblemLoader Loading environment from /home/runner/work/key/key/key.core/../key.ui/examples/standard_key/pred_log/equalities2.key 
25566      DEBUG main            d.u.i.k.p.i.AbstractProblemLoader Environment load took 82.3ns 
25567      INFO  main            d.u.i.k.p.i.AbstractProblemLoader Creating init config 
27873      DEBUG main            d.u.i.k.p.i.AbstractProblemLoader Init config took 2.31s 
27890      INFO  main            d.u.i.k.p.i.AbstractProblemLoader Replaying proof equalities2.key 
27892      DEBUG main            d.u.i.k.p.i.IntermediateProofReplayer Proof replay took 7.2ns 
27997      INFO  main            d.u.i.k.p.r.p.TestFile    ... finished proof: closed. 
28126      INFO  main            d.u.i.k.p.i.AbstractProblemLoader Loading environment from /home/runner/work/key/key/key.core/../key.ui/examples/standard_key/pred_log/equalities2.key.proof 
28126      DEBUG main            d.u.i.k.p.i.AbstractProblemLoader Environment load took 108.5ns 
28128      INFO  main            d.u.i.k.p.i.AbstractProblemLoader Creating init config 
30415      DEBUG main            d.u.i.k.p.i.AbstractProblemLoader Init config took 2.29s 
30433      INFO  main            d.u.i.k.p.i.AbstractProblemLoader Replaying proof equalities2.key.proof 
30437      DEBUG main            d.u.i.k.p.i.IntermediateProofReplayer Proof replay took 2.83ms 
30438      DEBUG main            d.u.i.k.p.r.p.TestFile    ... success: reloaded. 
30439      INFO  main            d.u.i.k.p.r.p.TestFile    Now processing file /home/runner/work/key/key/key.core/../key.ui/examples/standard_key/pred_log/equalities3.key 
30439      INFO  main            d.u.i.k.p.i.AbstractProblemLoader Loading environment from /home/runner/work/key/key/key.core/../key.ui/examples/standard_key/pred_log/equalities3.key 
30439      DEBUG main            d.u.i.k.p.i.AbstractProblemLoader Environment load took 157.6ns 
30440      INFO  main            d.u.i.k.p.i.AbstractProblemLoader Creating init config 
32777      DEBUG main            d.u.i.k.p.i.AbstractProblemLoader Init config took 2.34s 
32796      INFO  main            d.u.i.k.p.i.AbstractProblemLoader Replaying proof equalities3.key 
32797      DEBUG main            d.u.i.k.p.i.IntermediateProofReplayer Proof replay took 7.2ns 
32900      INFO  main            d.u.i.k.p.r.p.TestFile    ... finished proof: closed. 
33034      INFO  main            d.u.i.k.p.i.AbstractProblemLoader Loading environment from /home/runner/work/key/key/key.core/../key.ui/examples/standard_key/pred_log/equalities3.key.proof 
33034      DEBUG main            d.u.i.k.p.i.AbstractProblemLoader Environment load took 113.7ns 
33035      INFO  main            d.u.i.k.p.i.AbstractProblemLoader Creating init config 
35327      DEBUG main            d.u.i.k.p.i.AbstractProblemLoader Init config took 2.29s 
35343      INFO  main            d.u.i.k.p.i.AbstractProblemLoader Replaying proof equalities3.key.proof 
35350      DEBUG main            d.u.i.k.p.i.IntermediateProofReplayer Proof replay took 5.11ms 
35351      DEBUG main            d.u.i.k.p.r.p.TestFile    ... success: reloaded. 
35352      INFO  main            d.u.i.k.p.r.p.TestFile    Now processing file /home/runner/work/key/key/key.core/../key.ui/examples/standard_key/pred_log/functions.key 
35352      INFO  main            d.u.i.k.p.i.AbstractProblemLoader Loading environment from /home/runner/work/key/key/key.core/../key.ui/examples/standard_key/pred_log/functions.key 
35352      DEBUG main            d.u.i.k.p.i.AbstractProblemLoader Environment load took 62.4ns 
35353      INFO  main            d.u.i.k.p.i.AbstractProblemLoader Creating init config 
37642      DEBUG main            d.u.i.k.p.i.AbstractProblemLoader Init config took 2.29s 
37658      INFO  main            d.u.i.k.p.i.AbstractProblemLoader Replaying proof functions.key 
37659      DEBUG main            d.u.i.k.p.i.IntermediateProofReplayer Proof replay took 5.5ns 
37762      INFO  main            d.u.i.k.p.r.p.TestFile    ... finished proof: closed. 
37904      INFO  main            d.u.i.k.p.i.AbstractProblemLoader Loading environment from /home/runner/work/key/key/key.core/../key.ui/examples/standard_key/pred_log/functions.key.proof 
37904      DEBUG main            d.u.i.k.p.i.AbstractProblemLoader Environment load took 105.1ns 
37905      INFO  main            d.u.i.k.p.i.AbstractProblemLoader Creating init config 
40169      DEBUG main            d.u.i.k.p.i.AbstractProblemLoader Init config took 2.26s 
40184      INFO  main            d.u.i.k.p.i.AbstractProblemLoader Replaying proof functions.key.proof 
40187      DEBUG main            d.u.i.k.p.i.IntermediateProofReplayer Proof replay took 1.63ms 
40188      DEBUG main            d.u.i.k.p.r.p.TestFile    ... success: reloaded. 
40188      INFO  main            d.u.i.k.p.r.p.TestFile    Now processing file /home/runner/work/key/key/key.core/../key.ui/examples/standard_key/pred_log/mv1.key 
40189      INFO  main            d.u.i.k.p.i.AbstractProblemLoader Loading environment from /home/runner/work/key/key/key.core/../key.ui/examples/standard_key/pred_log/mv1.key 
40189      DEBUG main            d.u.i.k.p.i.AbstractProblemLoader Environment load took 86.2ns 
40190      INFO  main            d.u.i.k.p.i.AbstractProblemLoader Creating init config 
42472      DEBUG main            d.u.i.k.p.i.AbstractProblemLoader Init config took 2.28s 
42488      INFO  main            d.u.i.k.p.i.AbstractProblemLoader Replaying proof mv1.key 
42490      DEBUG main            d.u.i.k.p.i.IntermediateProofReplayer Proof replay took 5.9ns 
42591      INFO  main            d.u.i.k.p.r.p.TestFile    ... finished proof: closed. 
42737      INFO  main            d.u.i.k.p.i.AbstractProblemLoader Loading environment from /home/runner/work/key/key/key.core/../key.ui/examples/standard_key/pred_log/mv1.key.proof 
42737      DEBUG main            d.u.i.k.p.i.AbstractProblemLoader Environment load took 105.8ns 
42738      INFO  main            d.u.i.k.p.i.AbstractProblemLoader Creating init config 
44974      DEBUG main            d.u.i.k.p.i.AbstractProblemLoader Init config took 2.24s 
44990      INFO  main            d.u.i.k.p.i.AbstractProblemLoader Replaying proof mv1.key.proof 
44992      DEBUG main            d.u.i.k.p.i.IntermediateProofReplayer Proof replay took 613.1ns 
44992      DEBUG main            d.u.i.k.p.r.p.TestFile    ... success: reloaded. 
44993      INFO  main            d.u.i.k.p.r.p.TestFile    Now processing file /home/runner/work/key/key/key.core/../key.ui/examples/standard_key/pred_log/mv2.key 
44993      INFO  main            d.u.i.k.p.i.AbstractProblemLoader Loading environment from /home/runner/work/key/key/key.core/../key.ui/examples/standard_key/pred_log/mv2.key 
44993      DEBUG main            d.u.i.k.p.i.AbstractProblemLoader Environment load took 83.6ns 
44994      INFO  main            d.u.i.k.p.i.AbstractProblemLoader Creating init config 
47283      DEBUG main            d.u.i.k.p.i.AbstractProblemLoader Init config took 2.29s 
47298      INFO  main            d.u.i.k.p.i.AbstractProblemLoader Replaying proof mv2.key 
47299      DEBUG main            d.u.i.k.p.i.IntermediateProofReplayer Proof replay took 5.8ns 
47401      INFO  main            d.u.i.k.p.r.p.TestFile    ... finished proof: closed. 
47568      INFO  main            d.u.i.k.p.i.AbstractProblemLoader Loading environment from /home/runner/work/key/key/key.core/../key.ui/examples/standard_key/pred_log/mv2.key.proof 
47568      DEBUG main            d.u.i.k.p.i.AbstractProblemLoader Environment load took 103.9ns 
47569      INFO  main            d.u.i.k.p.i.AbstractProblemLoader Creating init config 
49804      DEBUG main            d.u.i.k.p.i.AbstractProblemLoader Init config took 2.23s 
49818      INFO  main            d.u.i.k.p.i.AbstractProblemLoader Replaying proof mv2.key.proof 
49820      DEBUG main            d.u.i.k.p.i.IntermediateProofReplayer Proof replay took 1.28ms 
49821      DEBUG main            d.u.i.k.p.r.p.TestFile    ... success: reloaded. 
49821      INFO  main            d.u.i.k.p.r.p.TestFile    Now processing file /home/runner/work/key/key/key.core/../key.ui/examples/standard_key/pred_log/quantifiers.key 
49821      INFO  main            d.u.i.k.p.i.AbstractProblemLoader Loading environment from /home/runner/work/key/key/key.core/../key.ui/examples/standard_key/pred_log/quantifiers.key 
49822      DEBUG main            d.u.i.k.p.i.AbstractProblemLoader Environment load took 81.1ns 
49822      INFO  main            d.u.i.k.p.i.AbstractProblemLoader Creating init config 
52132      DEBUG main            d.u.i.k.p.i.AbstractProblemLoader Init config took 2.31s 
52146      INFO  main            d.u.i.k.p.i.AbstractProblemLoader Replaying proof quantifiers.key 
52147      DEBUG main            d.u.i.k.p.i.IntermediateProofReplayer Proof replay took 6.2ns 
52249      INFO  main            d.u.i.k.p.r.p.TestFile    ... finished proof: closed. 
52458      INFO  main            d.u.i.k.p.i.AbstractProblemLoader Loading environment from /home/runner/work/key/key/key.core/../key.ui/examples/standard_key/pred_log/quantifiers.key.proof 
52458      DEBUG main            d.u.i.k.p.i.AbstractProblemLoader Environment load took 107.9ns 
52459      INFO  main            d.u.i.k.p.i.AbstractProblemLoader Creating init config 
54682      DEBUG main            d.u.i.k.p.i.AbstractProblemLoader Init config took 2.22s 
54699      INFO  main            d.u.i.k.p.i.AbstractProblemLoader Replaying proof quantifiers.key.proof 
54702      DEBUG main            d.u.i.k.p.i.IntermediateProofReplayer Proof replay took 1.46ms 
54703      DEBUG main            d.u.i.k.p.r.p.TestFile    ... success: reloaded. 
54704      INFO  main            d.u.i.k.p.r.p.TestFile    Now processing file /home/runner/work/key/key/key.core/../key.ui/examples/standard_key/pred_log/simpleEps.key 
54704      INFO  main            d.u.i.k.p.i.AbstractProblemLoader Loading environment from /home/runner/work/key/key/key.core/../key.ui/examples/standard_key/pred_log/simpleEps.key 
54704      DEBUG main            d.u.i.k.p.i.AbstractProblemLoader Environment load took 158.2ns 
54705      INFO  main            d.u.i.k.p.i.AbstractProblemLoader Creating init config 
56972      DEBUG main            d.u.i.k.p.i.AbstractProblemLoader Init config took 2.27s 
56986      INFO  main            d.u.i.k.p.i.AbstractProblemLoader Replaying proof simpleEps.key 
56987      DEBUG main            d.u.i.k.p.i.IntermediateProofReplayer Proof replay took 6ns 
57091      INFO  main            d.u.i.k.p.r.p.TestFile    ... finished proof: closed. 
57249      INFO  main            d.u.i.k.p.i.AbstractProblemLoader Loading environment from /home/runner/work/key/key/key.core/../key.ui/examples/standard_key/pred_log/simpleEps.key.proof 
57249      DEBUG main            d.u.i.k.p.i.AbstractProblemLoader Environment load took 106.8ns 
57250      INFO  main            d.u.i.k.p.i.AbstractProblemLoader Creating init config 
59497      DEBUG main            d.u.i.k.p.i.AbstractProblemLoader Init config took 2.25s 
59511      INFO  main            d.u.i.k.p.i.AbstractProblemLoader Replaying proof simpleEps.key.proof 
59513      DEBUG main            d.u.i.k.p.i.IntermediateProofReplayer Proof replay took 952.19ns 
59514      DEBUG main            d.u.i.k.p.r.p.TestFile    ... success: reloaded. 
59514      INFO  main            d.u.i.k.p.r.p.TestFile    Now processing file /home/runner/work/key/key/key.core/../key.ui/examples/standard_key/pred_log/steam1.key 
59514      INFO  main            d.u.i.k.p.i.AbstractProblemLoader Loading environment from /home/runner/work/key/key/key.core/../key.ui/examples/standard_key/pred_log/steam1.key 
59515      DEBUG main            d.u.i.k.p.i.AbstractProblemLoader Environment load took 87.4ns 
59516      INFO  main            d.u.i.k.p.i.AbstractProblemLoader Creating init config 
61828      DEBUG main            d.u.i.k.p.i.AbstractProblemLoader Init config took 2.31s 
61851      INFO  main            d.u.i.k.p.i.AbstractProblemLoader Replaying proof steam1.key 
61852      DEBUG main            d.u.i.k.p.i.IntermediateProofReplayer Proof replay took 6.1ns 
62259      INFO  main            d.u.i.k.p.r.p.TestFile    ... finished proof: closed. 
62488      INFO  main            d.u.i.k.p.i.AbstractProblemLoader Loading environment from /home/runner/work/key/key/key.core/../key.ui/examples/standard_key/pred_log/steam1.key.proof 
62488      DEBUG main            d.u.i.k.p.i.AbstractProblemLoader Environment load took 165.2ns 
62490      INFO  main            d.u.i.k.p.i.AbstractProblemLoader Creating init config 
64726      DEBUG main            d.u.i.k.p.i.AbstractProblemLoader Init config took 2.24s 
64758      INFO  main            d.u.i.k.p.i.AbstractProblemLoader Replaying proof steam1.key.proof 
64794      DEBUG main            d.u.i.k.p.i.IntermediateProofReplayer Proof replay took 30.56ms 
64796      DEBUG main            d.u.i.k.p.r.p.TestFile    ... success: reloaded. 
64797      INFO  main            d.u.i.k.p.r.p.TestFile    Now processing file /home/runner/work/key/key/key.core/../key.ui/examples/standard_key/pred_log/tptp/PUZ/PUZ001p1.key 
64797      INFO  main            d.u.i.k.p.i.AbstractProblemLoader Loading environment from /home/runner/work/key/key/key.core/../key.ui/examples/standard_key/pred_log/tptp/PUZ/PUZ001p1.key 
64798      DEBUG main            d.u.i.k.p.i.AbstractProblemLoader Environment load took 161.3ns 
64799      INFO  main            d.u.i.k.p.i.AbstractProblemLoader Creating init config 
67060      DEBUG main            d.u.i.k.p.i.AbstractProblemLoader Init config took 2.26s 
67075      INFO  main            d.u.i.k.p.i.AbstractProblemLoader Replaying proof PUZ001p1.key 
67076      DEBUG main            d.u.i.k.p.i.IntermediateProofReplayer Proof replay took 5.2ns 
69998      INFO  main            d.u.i.k.p.r.p.TestFile    ... finished proof: closed. 
70245      INFO  main            d.u.i.k.p.i.AbstractProblemLoader Loading environment from /home/runner/work/key/key/key.core/../key.ui/examples/standard_key/pred_log/tptp/PUZ/PUZ001p1.key.proof 
70245      DEBUG main            d.u.i.k.p.i.AbstractProblemLoader Environment load took 110.6ns 
70246      INFO  main            d.u.i.k.p.i.AbstractProblemLoader Creating init config 
72477      DEBUG main            d.u.i.k.p.i.AbstractProblemLoader Init config took 2.23s 
72492      INFO  main            d.u.i.k.p.i.AbstractProblemLoader Replaying proof PUZ001p1.key.proof 
72582      DEBUG main            d.u.i.k.p.i.IntermediateProofReplayer Proof replay took 80.73ms 
72584      DEBUG main            d.u.i.k.p.r.p.TestFile    ... success: reloaded. 
72585      INFO  main            d.u.i.k.p.r.p.TestFile    Now processing file /home/runner/work/key/key/key.core/../key.ui/examples/standard_key/pred_log/tptp/PUZ/PUZ001p1-eq.key 
72585      INFO  main            d.u.i.k.p.i.AbstractProblemLoader Loading environment from /home/runner/work/key/key/key.core/../key.ui/examples/standard_key/pred_log/tptp/PUZ/PUZ001p1-eq.key 
72585      DEBUG main            d.u.i.k.p.i.AbstractProblemLoader Environment load took 161.9ns 
72586      INFO  main            d.u.i.k.p.i.AbstractProblemLoader Creating init config 
74846      DEBUG main            d.u.i.k.p.i.AbstractProblemLoader Init config took 2.26s 
74861      INFO  main            d.u.i.k.p.i.AbstractProblemLoader Replaying proof PUZ001p1-eq.key 
74862      DEBUG main            d.u.i.k.p.i.IntermediateProofReplayer Proof replay took 6.6ns 
75070      INFO  main            d.u.i.k.p.r.p.TestFile    ... finished proof: closed. 
75269      INFO  main            d.u.i.k.p.i.AbstractProblemLoader Loading environment from /home/runner/work/key/key/key.core/../key.ui/examples/standard_key/pred_log/tptp/PUZ/PUZ001p1-eq.key.proof 
75269      DEBUG main            d.u.i.k.p.i.AbstractProblemLoader Environment load took 103.4ns 
75270      INFO  main            d.u.i.k.p.i.AbstractProblemLoader Creating init config 
77473      DEBUG main            d.u.i.k.p.i.AbstractProblemLoader Init config took 2.2s 
77486      INFO  main            d.u.i.k.p.i.AbstractProblemLoader Replaying proof PUZ001p1-eq.key.proof 
77495      DEBUG main            d.u.i.k.p.i.IntermediateProofReplayer Proof replay took 6.66ms 
77496      DEBUG main            d.u.i.k.p.r.p.TestFile    ... success: reloaded. 
77496      INFO  main            d.u.i.k.p.r.p.TestFile    Now processing file /home/runner/work/key/key/key.core/../key.ui/examples/standard_key/pred_log/tptp/PUZ/PUZ031p1.key 
77497      INFO  main            d.u.i.k.p.i.AbstractProblemLoader Loading environment from /home/runner/work/key/key/key.core/../key.ui/examples/standard_key/pred_log/tptp/PUZ/PUZ031p1.key 
77497      DEBUG main            d.u.i.k.p.i.AbstractProblemLoader Environment load took 78.7ns 
77498      INFO  main            d.u.i.k.p.i.AbstractProblemLoader Creating init config 
79758      DEBUG main            d.u.i.k.p.i.AbstractProblemLoader Init config took 2.26s 
79772      INFO  main            d.u.i.k.p.i.AbstractProblemLoader Replaying proof PUZ031p1.key 
79773      DEBUG main            d.u.i.k.p.i.IntermediateProofReplayer Proof replay took 5.6ns 
87770      INFO  main            d.u.i.k.p.r.p.TestFile    ... finished proof: closed. 
87967      INFO  main            d.u.i.k.p.i.AbstractProblemLoader Loading environment from /home/runner/work/key/key/key.core/../key.ui/examples/standard_key/pred_log/tptp/PUZ/PUZ031p1.key.proof 
87968      DEBUG main            d.u.i.k.p.i.AbstractProblemLoader Environment load took 329.6ns 
87969      INFO  main            d.u.i.k.p.i.AbstractProblemLoader Creating init config 
90179      DEBUG main            d.u.i.k.p.i.AbstractProblemLoader Init config took 2.21s 
90193      INFO  main            d.u.i.k.p.i.AbstractProblemLoader Replaying proof PUZ031p1.key.proof 
90231      DEBUG main            d.u.i.k.p.i.IntermediateProofReplayer Proof replay took 33.26ms 
90232      DEBUG main            d.u.i.k.p.r.p.TestFile    ... success: reloaded. 
90233      INFO  main            d.u.i.k.p.r.p.TestFile    Now processing file /home/runner/work/key/key/key.core/../key.ui/examples/standard_key/pred_log/tptp/SET/SET027p3.key 
90233      INFO  main            d.u.i.k.p.i.AbstractProblemLoader Loading environment from /home/runner/work/key/key/key.core/../key.ui/examples/standard_key/pred_log/tptp/SET/SET027p3.key 
90233      DEBUG main            d.u.i.k.p.i.AbstractProblemLoader Environment load took 83.8ns 
90234      INFO  main            d.u.i.k.p.i.AbstractProblemLoader Creating init config 
92488      DEBUG main            d.u.i.k.p.i.AbstractProblemLoader Init config took 2.25s 
92501      INFO  main            d.u.i.k.p.i.AbstractProblemLoader Replaying proof SET027p3.key 
92502      DEBUG main            d.u.i.k.p.i.IntermediateProofReplayer Proof replay took 5.6ns 
92604      INFO  main            d.u.i.k.p.r.p.TestFile    ... finished proof: closed. 
92816      INFO  main            d.u.i.k.p.i.AbstractProblemLoader Loading environment from /home/runner/work/key/key/key.core/../key.ui/examples/standard_key/pred_log/tptp/SET/SET027p3.key.proof 
92816      DEBUG main            d.u.i.k.p.i.AbstractProblemLoader Environment load took 107.4ns 
92817      INFO  main            d.u.i.k.p.i.AbstractProblemLoader Creating init config 
95012      DEBUG main            d.u.i.k.p.i.AbstractProblemLoader Init config took 2.19s 
95025      INFO  main            d.u.i.k.p.i.AbstractProblemLoader Replaying proof SET027p3.key.proof 
95033      DEBUG main            d.u.i.k.p.i.IntermediateProofReplayer Proof replay took 5.01ms 
95034      DEBUG main            d.u.i.k.p.r.p.TestFile    ... success: reloaded. 
95035      INFO  main            d.u.i.k.p.r.p.TestFile    Now processing file /home/runner/work/key/key/key.core/../key.ui/examples/standard_key/pred_log/tptp/SET/SET043p1.key 
95035      INFO  main            d.u.i.k.p.i.AbstractProblemLoader Loading environment from /home/runner/work/key/key/key.core/../key.ui/examples/standard_key/pred_log/tptp/SET/SET043p1.key 
95035      DEBUG main            d.u.i.k.p.i.AbstractProblemLoader Environment load took 82.9ns 
95036      INFO  main            d.u.i.k.p.i.AbstractProblemLoader Creating init config 
97269      DEBUG main            d.u.i.k.p.i.AbstractProblemLoader Init config took 2.23s 
97282      INFO  main            d.u.i.k.p.i.AbstractProblemLoader Replaying proof SET043p1.key 
97283      DEBUG main            d.u.i.k.p.i.IntermediateProofReplayer Proof replay took 6.3ns 
97385      INFO  main            d.u.i.k.p.r.p.TestFile    ... finished proof: closed. 
97578      INFO  main            d.u.i.k.p.i.AbstractProblemLoader Loading environment from /home/runner/work/key/key/key.core/../key.ui/examples/standard_key/pred_log/tptp/SET/SET043p1.key.proof 
97579      DEBUG main            d.u.i.k.p.i.AbstractProblemLoader Environment load took 712.2ns 
97580      INFO  main            d.u.i.k.p.i.AbstractProblemLoader Creating init config 
99773      DEBUG main            d.u.i.k.p.i.AbstractProblemLoader Init config took 2.19s 
99786      INFO  main            d.u.i.k.p.i.AbstractProblemLoader Replaying proof SET043p1.key.proof 
99789      DEBUG main            d.u.i.k.p.i.IntermediateProofReplayer Proof replay took 977.5ns 
99790      DEBUG main            d.u.i.k.p.r.p.TestFile    ... success: reloaded. 
99791      INFO  main            d.u.i.k.p.r.p.TestFile    Now processing file /home/runner/work/key/key/key.core/../key.ui/examples/standard_key/pred_log/tptp/SET/SET045p1.key 
99792      INFO  main            d.u.i.k.p.i.AbstractProblemLoader Loading environment from /home/runner/work/key/key/key.core/../key.ui/examples/standard_key/pred_log/tptp/SET/SET045p1.key 
99792      DEBUG main            d.u.i.k.p.i.AbstractProblemLoader Environment load took 151.2ns 
99795      INFO  main            d.u.i.k.p.i.AbstractProblemLoader Creating init config 
102055     DEBUG main            d.u.i.k.p.i.AbstractProblemLoader Init config took 2.26s 
102067     INFO  main            d.u.i.k.p.i.AbstractProblemLoader Replaying proof SET045p1.key 
102068     DEBUG main            d.u.i.k.p.i.IntermediateProofReplayer Proof replay took 6.1ns 
102169     INFO  main            d.u.i.k.p.r.p.TestFile    ... finished proof: closed. 
102365     INFO  main            d.u.i.k.p.i.AbstractProblemLoader Loading environment from /home/runner/work/key/key/key.core/../key.ui/examples/standard_key/pred_log/tptp/SET/SET045p1.key.proof 
102365     DEBUG main            d.u.i.k.p.i.AbstractProblemLoader Environment load took 90.5ns 
102366     INFO  main            d.u.i.k.p.i.AbstractProblemLoader Creating init config 
104570     DEBUG main            d.u.i.k.p.i.AbstractProblemLoader Init config took 2.2s 
104583     INFO  main            d.u.i.k.p.i.AbstractProblemLoader Replaying proof SET045p1.key.proof 
104586     DEBUG main            d.u.i.k.p.i.IntermediateProofReplayer Proof replay took 1.98ms 
104587     DEBUG main            d.u.i.k.p.r.p.TestFile    ... success: reloaded. 
104588     INFO  main            d.u.i.k.p.r.p.TestFile    Now processing file /home/runner/work/key/key/key.core/../key.ui/examples/standard_key/pred_log/tptp/SET/SET062p3.key 
104588     INFO  main            d.u.i.k.p.i.AbstractProblemLoader Loading environment from /home/runner/work/key/key/key.core/../key.ui/examples/standard_key/pred_log/tptp/SET/SET062p3.key 
104588     DEBUG main            d.u.i.k.p.i.AbstractProblemLoader Environment load took 80.6ns 
104589     INFO  main            d.u.i.k.p.i.AbstractProblemLoader Creating init config 
106837     DEBUG main            d.u.i.k.p.i.AbstractProblemLoader Init config took 2.25s 
106850     INFO  main            d.u.i.k.p.i.AbstractProblemLoader Replaying proof SET062p3.key 
106851     DEBUG main            d.u.i.k.p.i.IntermediateProofReplayer Proof replay took 5.7ns 
106956     INFO  main            d.u.i.k.p.r.p.TestFile    ... finished proof: closed. 
107161     INFO  main            d.u.i.k.p.i.AbstractProblemLoader Loading environment from /home/runner/work/key/key/key.core/../key.ui/examples/standard_key/pred_log/tptp/SET/SET062p3.key.proof 
107161     DEBUG main            d.u.i.k.p.i.AbstractProblemLoader Environment load took 96.7ns 
107162     INFO  main            d.u.i.k.p.i.AbstractProblemLoader Creating init config 
109350     DEBUG main            d.u.i.k.p.i.AbstractProblemLoader Init config took 2.19s 
109362     INFO  main            d.u.i.k.p.i.AbstractProblemLoader Replaying proof SET062p3.key.proof 
109366     DEBUG main            d.u.i.k.p.i.IntermediateProofReplayer Proof replay took 2.15ms 
109366     DEBUG main            d.u.i.k.p.r.p.TestFile    ... success: reloaded. 
109367     INFO  main            d.u.i.k.p.r.p.TestFile    Now processing file /home/runner/work/key/key/key.core/../key.ui/examples/standard_key/pred_log/tptp/SET/SET063p3.key 
109367     INFO  main            d.u.i.k.p.i.AbstractProblemLoader Loading environment from /home/runner/work/key/key/key.core/../key.ui/examples/standard_key/pred_log/tptp/SET/SET063p3.key 
109367     DEBUG main            d.u.i.k.p.i.AbstractProblemLoader Environment load took 52.3ns 
109370     INFO  main            d.u.i.k.p.i.AbstractProblemLoader Creating init config 
111627     DEBUG main            d.u.i.k.p.i.AbstractProblemLoader Init config took 2.26s 
111640     INFO  main            d.u.i.k.p.i.AbstractProblemLoader Replaying proof SET063p3.key 
111641     DEBUG main            d.u.i.k.p.i.IntermediateProofReplayer Proof replay took 5.7ns 
111743     INFO  main            d.u.i.k.p.r.p.TestFile    ... finished proof: closed. 
111956     INFO  main            d.u.i.k.p.i.AbstractProblemLoader Loading environment from /home/runner/work/key/key/key.core/../key.ui/examples/standard_key/pred_log/tptp/SET/SET063p3.key.proof 
111956     DEBUG main            d.u.i.k.p.i.AbstractProblemLoader Environment load took 103.8ns 
111957     INFO  main            d.u.i.k.p.i.AbstractProblemLoader Creating init config 
114146     DEBUG main            d.u.i.k.p.i.AbstractProblemLoader Init config took 2.19s 
114161     INFO  main            d.u.i.k.p.i.AbstractProblemLoader Replaying proof SET063p3.key.proof 
114165     DEBUG main            d.u.i.k.p.i.IntermediateProofReplayer Proof replay took 2.37ms 
114166     DEBUG main            d.u.i.k.p.r.p.TestFile    ... success: reloaded. 
114166     INFO  main            d.u.i.k.p.r.p.TestFile    Now processing file /home/runner/work/key/key/key.core/../key.ui/examples/standard_key/pred_log/tptp/SYN/SYN036p2.key 
114167     INFO  main            d.u.i.k.p.i.AbstractProblemLoader Loading environment from /home/runner/work/key/key/key.core/../key.ui/examples/standard_key/pred_log/tptp/SYN/SYN036p2.key 
114167     DEBUG main            d.u.i.k.p.i.AbstractProblemLoader Environment load took 151.7ns 
114168     INFO  main            d.u.i.k.p.i.AbstractProblemLoader Creating init config 
116405     DEBUG main            d.u.i.k.p.i.AbstractProblemLoader Init config took 2.24s 
116418     INFO  main            d.u.i.k.p.i.AbstractProblemLoader Replaying proof SYN036p2.key 
116419     DEBUG main            d.u.i.k.p.i.IntermediateProofReplayer Proof replay took 5.8ns 
116624     INFO  main            d.u.i.k.p.r.p.TestFile    ... finished proof: closed. 
116887     INFO  main            d.u.i.k.p.i.AbstractProblemLoader Loading environment from /home/runner/work/key/key/key.core/../key.ui/examples/standard_key/pred_log/tptp/SYN/SYN036p2.key.proof 
116888     DEBUG main            d.u.i.k.p.i.AbstractProblemLoader Environment load took 1.02ms 
116889     INFO  main            d.u.i.k.p.i.AbstractProblemLoader Creating init config 
119082     DEBUG main            d.u.i.k.p.i.AbstractProblemLoader Init config took 2.19s 
119094     INFO  main            d.u.i.k.p.i.AbstractProblemLoader Replaying proof SYN036p2.key.proof 
119145     DEBUG main            d.u.i.k.p.i.IntermediateProofReplayer Proof replay took 43.09ms 
119145     DEBUG main            d.u.i.k.p.r.p.TestFile    ... success: reloaded. 
119146     INFO  main            d.u.i.k.p.r.p.TestFile    Now processing file /home/runner/work/key/key/key.core/../key.ui/examples/standard_key/pred_log/tptp/SYN/SYN550p1.key 
119146     INFO  main            d.u.i.k.p.i.AbstractProblemLoader Loading environment from /home/runner/work/key/key/key.core/../key.ui/examples/standard_key/pred_log/tptp/SYN/SYN550p1.key 
119146     DEBUG main            d.u.i.k.p.i.AbstractProblemLoader Environment load took 65.5ns 
119147     INFO  main            d.u.i.k.p.i.AbstractProblemLoader Creating init config 
121374     DEBUG main            d.u.i.k.p.i.AbstractProblemLoader Init config took 2.23s 
121387     INFO  main            d.u.i.k.p.i.AbstractProblemLoader Replaying proof SYN550p1.key 
121388     DEBUG main            d.u.i.k.p.i.IntermediateProofReplayer Proof replay took 6.8ns 
124097     INFO  main            d.u.i.k.p.r.p.TestFile    ... finished proof: closed. 
124387     INFO  main            d.u.i.k.p.i.AbstractProblemLoader Loading environment from /home/runner/work/key/key/key.core/../key.ui/examples/standard_key/pred_log/tptp/SYN/SYN550p1.key.proof 
124387     DEBUG main            d.u.i.k.p.i.AbstractProblemLoader Environment load took 324.2ns 
124389     INFO  main            d.u.i.k.p.i.AbstractProblemLoader Creating init config 
126560     DEBUG main            d.u.i.k.p.i.AbstractProblemLoader Init config took 2.17s 
126583     INFO  main            d.u.i.k.p.i.AbstractProblemLoader Replaying proof SYN550p1.key.proof 
126628     DEBUG main            d.u.i.k.p.i.IntermediateProofReplayer Proof replay took 39.51ms 
126629     DEBUG main            d.u.i.k.p.r.p.TestFile    ... success: reloaded. 
126630     INFO  main            d.u.i.k.p.r.p.TestFile    Now processing file /home/runner/work/key/key/key.core/../key.ui/examples/standard_key/prop_log/reallySimple.key 
126630     INFO  main            d.u.i.k.p.i.AbstractProblemLoader Loading environment from /home/runner/work/key/key/key.core/../key.ui/examples/standard_key/prop_log/reallySimple.key 
126630     DEBUG main            d.u.i.k.p.i.AbstractProblemLoader Environment load took 63.4ns 
126631     INFO  main            d.u.i.k.p.i.AbstractProblemLoader Creating init config 
128860     DEBUG main            d.u.i.k.p.i.AbstractProblemLoader Init config took 2.23s 
128872     INFO  main            d.u.i.k.p.i.AbstractProblemLoader Replaying proof reallySimple.key 
128873     DEBUG main            d.u.i.k.p.i.IntermediateProofReplayer Proof replay took 5.1ns 
128975     INFO  main            d.u.i.k.p.r.p.TestFile    ... finished proof: open goal(s) 
129205     INFO  main            d.u.i.k.p.r.p.TestFile    Now processing file /home/runner/work/key/key/key.core/../key.ui/examples/standard_key/pred_log/sameName1.key 
129205     INFO  main            d.u.i.k.p.i.AbstractProblemLoader Loading environment from /home/runner/work/key/key/key.core/../key.ui/examples/standard_key/pred_log/sameName1.key 
129206     DEBUG main            d.u.i.k.p.i.AbstractProblemLoader Environment load took 50.7ns 
129206     INFO  main            d.u.i.k.p.i.AbstractProblemLoader Creating init config 
131381     DEBUG main            d.u.i.k.p.i.AbstractProblemLoader Init config took 2.18s 
131394     INFO  main            d.u.i.k.p.i.AbstractProblemLoader Replaying proof sameName1.key 
131395     DEBUG main            d.u.i.k.p.i.IntermediateProofReplayer Proof replay took 5.3ns 
131496     INFO  main            d.u.i.k.p.r.p.TestFile    ... finished proof: open goal(s) 
131720     INFO  main            d.u.i.k.p.r.p.TestFile    Now processing file /home/runner/work/key/key/key.core/../key.ui/examples/standard_key/pred_log/jbyteIfEx.key 
131720     INFO  main            d.u.i.k.p.i.AbstractProblemLoader Loading environment from /home/runner/work/key/key/key.core/../key.ui/examples/standard_key/pred_log/jbyteIfEx.key 
131720     DEBUG main            d.u.i.k.p.i.AbstractProblemLoader Environment load took 49.5ns 
131721     INFO  main            d.u.i.k.p.i.AbstractProblemLoader Creating init config 
133924     DEBUG main            d.u.i.k.p.i.AbstractProblemLoader Init config took 2.2s 
133936     INFO  main            d.u.i.k.p.i.AbstractProblemLoader Replaying proof jbyteIfEx.key 
133937     DEBUG main            d.u.i.k.p.i.IntermediateProofReplayer Proof replay took 5.6ns 
134039     INFO  main            d.u.i.k.p.r.p.TestFile    ... finished proof: closed. 
134258     INFO  main            d.u.i.k.p.i.AbstractProblemLoader Loading environment from /home/runner/work/key/key/key.core/../key.ui/examples/standard_key/pred_log/jbyteIfEx.key.proof 
134258     DEBUG main            d.u.i.k.p.i.AbstractProblemLoader Environment load took 92.2ns 
134259     INFO  main            d.u.i.k.p.i.AbstractProblemLoader Creating init config 
136427     DEBUG main            d.u.i.k.p.i.AbstractProblemLoader Init config took 2.17s 
136439     INFO  main            d.u.i.k.p.i.AbstractProblemLoader Replaying proof jbyteIfEx.key.proof 
136444     DEBUG main            d.u.i.k.p.i.IntermediateProofReplayer Proof replay took 2.66ms 
136444     DEBUG main            d.u.i.k.p.r.p.TestFile    ... success: reloaded. 
136445     INFO  main            d.u.i.k.p.r.p.TestFile    Now processing file /home/runner/work/key/key/key.core/../key.ui/examples/standard_key/prop_log/allClausesLength4.key 
136445     INFO  main            d.u.i.k.p.i.AbstractProblemLoader Loading environment from /home/runner/work/key/key/key.core/../key.ui/examples/standard_key/prop_log/allClausesLength4.key 
136445     DEBUG main            d.u.i.k.p.i.AbstractProblemLoader Environment load took 74.3ns 
136446     INFO  main            d.u.i.k.p.i.AbstractProblemLoader Creating init config 
138672     DEBUG main            d.u.i.k.p.i.AbstractProblemLoader Init config took 2.23s 
138685     INFO  main            d.u.i.k.p.i.AbstractProblemLoader Replaying proof allClausesLength4.key 
138686     DEBUG main            d.u.i.k.p.i.IntermediateProofReplayer Proof replay took 5.3ns 
138788     INFO  main            d.u.i.k.p.r.p.TestFile    ... finished proof: closed. 
139019     INFO  main            d.u.i.k.p.i.AbstractProblemLoader Loading environment from /home/runner/work/key/key/key.core/../key.ui/examples/standard_key/prop_log/allClausesLength4.key.proof 
139019     DEBUG main            d.u.i.k.p.i.AbstractProblemLoader Environment load took 96.4ns 
139021     INFO  main            d.u.i.k.p.i.AbstractProblemLoader Creating init config 
141224     DEBUG main            d.u.i.k.p.i.AbstractProblemLoader Init config took 2.2s 
141237     INFO  main            d.u.i.k.p.i.AbstractProblemLoader Replaying proof allClausesLength4.key.proof 
141247     DEBUG main            d.u.i.k.p.i.IntermediateProofReplayer Proof replay took 8.14ms 
141248     DEBUG main            d.u.i.k.p.r.p.TestFile    ... success: reloaded. 
141249     INFO  main            d.u.i.k.p.r.p.TestFile    Now processing file /home/runner/work/key/key/key.core/../key.ui/examples/standard_key/prop_log/allClausesLength5.key 
141249     INFO  main            d.u.i.k.p.i.AbstractProblemLoader Loading environment from /home/runner/work/key/key/key.core/../key.ui/examples/standard_key/prop_log/allClausesLength5.key 
141249     DEBUG main            d.u.i.k.p.i.AbstractProblemLoader Environment load took 148ns 
141251     INFO  main            d.u.i.k.p.i.AbstractProblemLoader Creating init config 
143443     DEBUG main            d.u.i.k.p.i.AbstractProblemLoader Init config took 2.19s 
143456     INFO  main            d.u.i.k.p.i.AbstractProblemLoader Replaying proof allClausesLength5.key 
143457     DEBUG main            d.u.i.k.p.i.IntermediateProofReplayer Proof replay took 5.3ns 
143662     INFO  main            d.u.i.k.p.r.p.TestFile    ... finished proof: closed. 
143926     INFO  main            d.u.i.k.p.i.AbstractProblemLoader Loading environment from /home/runner/work/key/key/key.core/../key.ui/examples/standard_key/prop_log/allClausesLength5.key.proof 
143926     DEBUG main            d.u.i.k.p.i.AbstractProblemLoader Environment load took 89.8ns 
143928     INFO  main            d.u.i.k.p.i.AbstractProblemLoader Creating init config 
146104     DEBUG main            d.u.i.k.p.i.AbstractProblemLoader Init config took 2.18s 
146118     INFO  main            d.u.i.k.p.i.AbstractProblemLoader Replaying proof allClausesLength5.key.proof 
146145     DEBUG main            d.u.i.k.p.i.IntermediateProofReplayer Proof replay took 23.29ms 
146147     DEBUG main            d.u.i.k.p.r.p.TestFile    ... success: reloaded. 
146147     INFO  main            d.u.i.k.p.r.p.TestFile    Now processing file /home/runner/work/key/key/key.core/../key.ui/examples/standard_key/prop_log/doubleNeg.key 
146147     INFO  main            d.u.i.k.p.i.AbstractProblemLoader Loading environment from /home/runner/work/key/key/key.core/../key.ui/examples/standard_key/prop_log/doubleNeg.key 
146147     DEBUG main            d.u.i.k.p.i.AbstractProblemLoader Environment load took 73.7ns 
146148     INFO  main            d.u.i.k.p.i.AbstractProblemLoader Creating init config 
148362     DEBUG main            d.u.i.k.p.i.AbstractProblemLoader Init config took 2.21s 
148374     INFO  main            d.u.i.k.p.i.AbstractProblemLoader Replaying proof doubleNeg.key 
148376     DEBUG main            d.u.i.k.p.i.IntermediateProofReplayer Proof replay took 5.8ns 
148478     INFO  main            d.u.i.k.p.r.p.TestFile    ... finished proof: closed. 
148717     INFO  main            d.u.i.k.p.i.AbstractProblemLoader Loading environment from /home/runner/work/key/key/key.core/../key.ui/examples/standard_key/prop_log/doubleNeg.key.proof 
148717     DEBUG main            d.u.i.k.p.i.AbstractProblemLoader Environment load took 87.8ns 
148718     INFO  main            d.u.i.k.p.i.AbstractProblemLoader Creating init config 
150889     DEBUG main            d.u.i.k.p.i.AbstractProblemLoader Init config took 2.17s 
150902     INFO  main            d.u.i.k.p.i.AbstractProblemLoader Replaying proof doubleNeg.key.proof 
150903     DEBUG main            d.u.i.k.p.i.IntermediateProofReplayer Proof replay took 276.4ns 
150904     DEBUG main            d.u.i.k.p.r.p.TestFile    ... success: reloaded. 
150904     INFO  main            d.u.i.k.p.r.p.TestFile    Now processing file /home/runner/work/key/key/key.core/../key.ui/examples/standard_key/prop_log/liarsville.key 
150904     INFO  main            d.u.i.k.p.i.AbstractProblemLoader Loading environment from /home/runner/work/key/key/key.core/../key.ui/examples/standard_key/prop_log/liarsville.key 
150904     DEBUG main            d.u.i.k.p.i.AbstractProblemLoader Environment load took 68.5ns 
150905     INFO  main            d.u.i.k.p.i.AbstractProblemLoader Creating init config 
153127     DEBUG main            d.u.i.k.p.i.AbstractProblemLoader Init config took 2.22s 
153139     INFO  main            d.u.i.k.p.i.AbstractProblemLoader Replaying proof liarsville.key 
153140     DEBUG main            d.u.i.k.p.i.IntermediateProofReplayer Proof replay took 5.4ns 
153242     INFO  main            d.u.i.k.p.r.p.TestFile    ... finished proof: closed. 
153556     INFO  main            d.u.i.k.p.i.AbstractProblemLoader Loading environment from /home/runner/work/key/key/key.core/../key.ui/examples/standard_key/prop_log/liarsville.key.proof 
153556     DEBUG main            d.u.i.k.p.i.AbstractProblemLoader Environment load took 85.2ns 
153557     INFO  main            d.u.i.k.p.i.AbstractProblemLoader Creating init config 
155771     DEBUG main            d.u.i.k.p.i.AbstractProblemLoader Init config took 2.21s 
155785     INFO  main            d.u.i.k.p.i.AbstractProblemLoader Replaying proof liarsville.key.proof 
155788     DEBUG main            d.u.i.k.p.i.IntermediateProofReplayer Proof replay took 2.05ms 
155789     DEBUG main            d.u.i.k.p.r.p.TestFile    ... success: reloaded. 
155789     INFO  main            d.u.i.k.p.r.p.TestFile    Now processing file /home/runner/work/key/key/key.core/../key.ui/examples/standard_key/prop_log/simplest.key 
155790     INFO  main            d.u.i.k.p.i.AbstractProblemLoader Loading environment from /home/runner/work/key/key/key.core/../key.ui/examples/standard_key/prop_log/simplest.key 
155790     DEBUG main            d.u.i.k.p.i.AbstractProblemLoader Environment load took 150.8ns 
155791     INFO  main            d.u.i.k.p.i.AbstractProblemLoader Creating init config 
158003     DEBUG main            d.u.i.k.p.i.AbstractProblemLoader Init config took 2.21s 
158015     INFO  main            d.u.i.k.p.i.AbstractProblemLoader Replaying proof simplest.key 
158016     DEBUG main            d.u.i.k.p.i.IntermediateProofReplayer Proof replay took 5.6ns 
158117     INFO  main            d.u.i.k.p.r.p.TestFile    ... finished proof: closed. 
158364     INFO  main            d.u.i.k.p.i.AbstractProblemLoader Loading environment from /home/runner/work/key/key/key.core/../key.ui/examples/standard_key/prop_log/simplest.key.proof 
158364     DEBUG main            d.u.i.k.p.i.AbstractProblemLoader Environment load took 83.6ns 
158365     INFO  main            d.u.i.k.p.i.AbstractProblemLoader Creating init config 
160557     DEBUG main            d.u.i.k.p.i.AbstractProblemLoader Init config took 2.19s 
160569     INFO  main            d.u.i.k.p.i.AbstractProblemLoader Replaying proof simplest.key.proof 
160570     DEBUG main            d.u.i.k.p.i.IntermediateProofReplayer Proof replay took 74.3ns 
160571     DEBUG main            d.u.i.k.p.r.p.TestFile    ... success: reloaded. 
160571     INFO  main            d.u.i.k.p.r.p.TestFile    Now processing file /home/runner/work/key/key/key.core/../key.ui/examples/standard_key/prop_log/contraposition.key 
160571     INFO  main            d.u.i.k.p.i.AbstractProblemLoader Loading environment from /home/runner/work/key/key/key.core/../key.ui/examples/standard_key/prop_log/contraposition.key 
160571     DEBUG main            d.u.i.k.p.i.AbstractProblemLoader Environment load took 47.9ns 
160572     INFO  main            d.u.i.k.p.i.AbstractProblemLoader Creating init config 
162775     DEBUG main            d.u.i.k.p.i.AbstractProblemLoader Init config took 2.2s 
162787     INFO  main            d.u.i.k.p.i.AbstractProblemLoader Replaying proof contraposition.key 
162788     DEBUG main            d.u.i.k.p.i.IntermediateProofReplayer Proof replay took 6.2ns 
162889     INFO  main            d.u.i.k.p.r.p.TestFile    ... finished proof: closed. 
163139     INFO  main            d.u.i.k.p.i.AbstractProblemLoader Loading environment from /home/runner/work/key/key/key.core/../key.ui/examples/standard_key/prop_log/contraposition.key.proof 
163139     DEBUG main            d.u.i.k.p.i.AbstractProblemLoader Environment load took 88.7ns 
163140     INFO  main            d.u.i.k.p.i.AbstractProblemLoader Creating init config 
165299     DEBUG main            d.u.i.k.p.i.AbstractProblemLoader Init config took 2.16s 
165310     INFO  main            d.u.i.k.p.i.AbstractProblemLoader Replaying proof contraposition.key.proof 
165313     DEBUG main            d.u.i.k.p.i.IntermediateProofReplayer Proof replay took 320.2ns 
165314     DEBUG main            d.u.i.k.p.r.p.TestFile    ... success: reloaded. 
165314     INFO  main            d.u.i.k.p.r.p.TestFile    Now processing file /home/runner/work/key/key/key.core/../key.ui/examples/standard_key/quantifiers/elimination0.key 
165314     INFO  main            d.u.i.k.p.i.AbstractProblemLoader Loading environment from /home/runner/work/key/key/key.core/../key.ui/examples/standard_key/quantifiers/elimination0.key 
165315     DEBUG main            d.u.i.k.p.i.AbstractProblemLoader Environment load took 142.9ns 
165316     INFO  main            d.u.i.k.p.i.AbstractProblemLoader Creating init config 
167523     DEBUG main            d.u.i.k.p.i.AbstractProblemLoader Init config took 2.21s 
167535     INFO  main            d.u.i.k.p.i.AbstractProblemLoader Replaying proof elimination0.key 
167537     DEBUG main            d.u.i.k.p.i.IntermediateProofReplayer Proof replay took 5.1ns 
167641     INFO  main            d.u.i.k.p.r.p.TestFile    ... finished proof: closed. 
167894     INFO  main            d.u.i.k.p.i.AbstractProblemLoader Loading environment from /home/runner/work/key/key/key.core/../key.ui/examples/standard_key/quantifiers/elimination0.key.proof 
167894     DEBUG main            d.u.i.k.p.i.AbstractProblemLoader Environment load took 84.8ns 
167895     INFO  main            d.u.i.k.p.i.AbstractProblemLoader Creating init config 
170052     DEBUG main            d.u.i.k.p.i.AbstractProblemLoader Init config took 2.16s 
170064     INFO  main            d.u.i.k.p.i.AbstractProblemLoader Replaying proof elimination0.key.proof 
170066     DEBUG main            d.u.i.k.p.i.IntermediateProofReplayer Proof replay took 757.5ns 
170066     DEBUG main            d.u.i.k.p.r.p.TestFile    ... success: reloaded. 
170067     INFO  main            d.u.i.k.p.r.p.TestFile    Now processing file /home/runner/work/key/key/key.core/../key.ui/examples/standard_key/quantifiers/heuristic_PUZ001p1-eq.key 
170067     INFO  main            d.u.i.k.p.i.AbstractProblemLoader Loading environment from /home/runner/work/key/key/key.core/../key.ui/examples/standard_key/quantifiers/heuristic_PUZ001p1-eq.key 
170067     DEBUG main            d.u.i.k.p.i.AbstractProblemLoader Environment load took 72.4ns 
170068     INFO  main            d.u.i.k.p.i.AbstractProblemLoader Creating init config 
172276     DEBUG main            d.u.i.k.p.i.AbstractProblemLoader Init config took 2.21s 
172288     INFO  main            d.u.i.k.p.i.AbstractProblemLoader Replaying proof heuristic_PUZ001p1-eq.key 
172290     DEBUG main            d.u.i.k.p.i.IntermediateProofReplayer Proof replay took 5.8ns 
172392     INFO  main            d.u.i.k.p.r.p.TestFile    ... finished proof: closed. 
172656     INFO  main            d.u.i.k.p.i.AbstractProblemLoader Loading environment from /home/runner/work/key/key/key.core/../key.ui/examples/standard_key/quantifiers/heuristic_PUZ001p1-eq.key.proof 
172656     DEBUG main            d.u.i.k.p.i.AbstractProblemLoader Environment load took 93.5ns 
172657     INFO  main            d.u.i.k.p.i.AbstractProblemLoader Creating init config 
174835     DEBUG main            d.u.i.k.p.i.AbstractProblemLoader Init config took 2.18s 
174848     INFO  main            d.u.i.k.p.i.AbstractProblemLoader Replaying proof heuristic_PUZ001p1-eq.key.proof 
174855     DEBUG main            d.u.i.k.p.i.IntermediateProofReplayer Proof replay took 5.04ms 
174856     DEBUG main            d.u.i.k.p.r.p.TestFile    ... success: reloaded. 
174857     INFO  main            d.u.i.k.p.r.p.TestFile    Now processing file /home/runner/work/key/key/key.core/../key.ui/examples/standard_key/quantifiers/heuristic_PUZ001p1.key 
174857     INFO  main            d.u.i.k.p.i.AbstractProblemLoader Loading environment from /home/runner/work/key/key/key.core/../key.ui/examples/standard_key/quantifiers/heuristic_PUZ001p1.key 
174857     DEBUG main            d.u.i.k.p.i.AbstractProblemLoader Environment load took 70.8ns 
174858     INFO  main            d.u.i.k.p.i.AbstractProblemLoader Creating init config 
177070     DEBUG main            d.u.i.k.p.i.AbstractProblemLoader Init config took 2.21s 
177083     INFO  main            d.u.i.k.p.i.AbstractProblemLoader Replaying proof heuristic_PUZ001p1.key 
177085     DEBUG main            d.u.i.k.p.i.IntermediateProofReplayer Proof replay took 5.4ns 
178407     INFO  main            d.u.i.k.p.r.p.TestFile    ... finished proof: closed. 
178693     INFO  main            d.u.i.k.p.i.AbstractProblemLoader Loading environment from /home/runner/work/key/key/key.core/../key.ui/examples/standard_key/quantifiers/heuristic_PUZ001p1.key.proof 
178693     DEBUG main            d.u.i.k.p.i.AbstractProblemLoader Environment load took 313.1ns 
178695     INFO  main            d.u.i.k.p.i.AbstractProblemLoader Creating init config 
180869     DEBUG main            d.u.i.k.p.i.AbstractProblemLoader Init config took 2.17s 
180884     INFO  main            d.u.i.k.p.i.AbstractProblemLoader Replaying proof heuristic_PUZ001p1.key.proof 
180911     DEBUG main            d.u.i.k.p.i.IntermediateProofReplayer Proof replay took 23.44ms 
180913     DEBUG main            d.u.i.k.p.r.p.TestFile    ... success: reloaded. 
180914     INFO  main            d.u.i.k.p.r.p.TestFile    Now processing file /home/runner/work/key/key/key.core/../key.ui/examples/standard_key/quantifiers/heuristic_PUZ031p1.key 
180914     INFO  main            d.u.i.k.p.i.AbstractProblemLoader Loading environment from /home/runner/work/key/key/key.core/../key.ui/examples/standard_key/quantifiers/heuristic_PUZ031p1.key 
180914     DEBUG main            d.u.i.k.p.i.AbstractProblemLoader Environment load took 150.4ns 
180915     INFO  main            d.u.i.k.p.i.AbstractProblemLoader Creating init config 
183126     DEBUG main            d.u.i.k.p.i.AbstractProblemLoader Init config took 2.21s 
183139     INFO  main            d.u.i.k.p.i.AbstractProblemLoader Replaying proof heuristic_PUZ031p1.key 
183141     DEBUG main            d.u.i.k.p.i.IntermediateProofReplayer Proof replay took 5.8ns 
187754     INFO  main            d.u.i.k.p.r.p.TestFile    ... finished proof: closed. 
188055     INFO  main            d.u.i.k.p.i.AbstractProblemLoader Loading environment from /home/runner/work/key/key/key.core/../key.ui/examples/standard_key/quantifiers/heuristic_PUZ031p1.key.proof 
188057     DEBUG main            d.u.i.k.p.i.AbstractProblemLoader Environment load took 3.02ms 
188059     INFO  main            d.u.i.k.p.i.AbstractProblemLoader Creating init config 
190261     DEBUG main            d.u.i.k.p.i.AbstractProblemLoader Init config took 2.2s 
190275     INFO  main            d.u.i.k.p.i.AbstractProblemLoader Replaying proof heuristic_PUZ031p1.key.proof 
190304     DEBUG main            d.u.i.k.p.i.IntermediateProofReplayer Proof replay took 25.5ms 
190305     DEBUG main            d.u.i.k.p.r.p.TestFile    ... success: reloaded. 
190306     INFO  main            d.u.i.k.p.r.p.TestFile    Now processing file /home/runner/work/key/key/key.core/../key.ui/examples/standard_key/quantifiers/heuristic_SYN036p2.key 
190306     INFO  main            d.u.i.k.p.i.AbstractProblemLoader Loading environment from /home/runner/work/key/key/key.core/../key.ui/examples/standard_key/quantifiers/heuristic_SYN036p2.key 
190306     DEBUG main            d.u.i.k.p.i.AbstractProblemLoader Environment load took 70.2ns 
190307     INFO  main            d.u.i.k.p.i.AbstractProblemLoader Creating init config 
192503     DEBUG main            d.u.i.k.p.i.AbstractProblemLoader Init config took 2.2s 
192515     INFO  main            d.u.i.k.p.i.AbstractProblemLoader Replaying proof heuristic_SYN036p2.key 
192516     DEBUG main            d.u.i.k.p.i.IntermediateProofReplayer Proof replay took 6.3ns 
192720     INFO  main            d.u.i.k.p.r.p.TestFile    ... finished proof: closed. 
193086     INFO  main            d.u.i.k.p.i.AbstractProblemLoader Loading environment from /home/runner/work/key/key/key.core/../key.ui/examples/standard_key/quantifiers/heuristic_SYN036p2.key.proof 
193086     DEBUG main            d.u.i.k.p.i.AbstractProblemLoader Environment load took 316.2ns 
193087     INFO  main            d.u.i.k.p.i.AbstractProblemLoader Creating init config 
195246     DEBUG main            d.u.i.k.p.i.AbstractProblemLoader Init config took 2.16s 
195258     INFO  main            d.u.i.k.p.i.AbstractProblemLoader Replaying proof heuristic_SYN036p2.key.proof 
195297     DEBUG main            d.u.i.k.p.i.IntermediateProofReplayer Proof replay took 32.13ms 
195298     DEBUG main            d.u.i.k.p.r.p.TestFile    ... success: reloaded. 
195299     INFO  main            d.u.i.k.p.r.p.TestFile    Now processing file /home/runner/work/key/key/key.core/../key.ui/examples/standard_key/quantifiers/injectivity.key 
195299     INFO  main            d.u.i.k.p.i.AbstractProblemLoader Loading environment from /home/runner/work/key/key/key.core/../key.ui/examples/standard_key/quantifiers/injectivity.key 
195299     DEBUG main            d.u.i.k.p.i.AbstractProblemLoader Environment load took 141.1ns 
195300     INFO  main            d.u.i.k.p.i.AbstractProblemLoader Creating init config 
197497     DEBUG main            d.u.i.k.p.i.AbstractProblemLoader Init config took 2.2s 
197509     INFO  main            d.u.i.k.p.i.AbstractProblemLoader Replaying proof injectivity.key 
197510     DEBUG main            d.u.i.k.p.i.IntermediateProofReplayer Proof replay took 5.9ns 
197612     INFO  main            d.u.i.k.p.r.p.TestFile    ... finished proof: closed. 
197903     INFO  main            d.u.i.k.p.i.AbstractProblemLoader Loading environment from /home/runner/work/key/key/key.core/../key.ui/examples/standard_key/quantifiers/injectivity.key.proof 
197904     DEBUG main            d.u.i.k.p.i.AbstractProblemLoader Environment load took 82.8ns 
197905     INFO  main            d.u.i.k.p.i.AbstractProblemLoader Creating init config 
200067     DEBUG main            d.u.i.k.p.i.AbstractProblemLoader Init config took 2.16s 
200079     INFO  main            d.u.i.k.p.i.AbstractProblemLoader Replaying proof injectivity.key.proof 
200081     DEBUG main            d.u.i.k.p.i.IntermediateProofReplayer Proof replay took 1.03ms 
200081     DEBUG main            d.u.i.k.p.r.p.TestFile    ... success: reloaded. 
200082     INFO  main            d.u.i.k.p.r.p.TestFile    Now processing file /home/runner/work/key/key/key.core/../key.ui/examples/standard_key/quantifiers/normalisation0.key 
200082     INFO  main            d.u.i.k.p.i.AbstractProblemLoader Loading environment from /home/runner/work/key/key/key.core/../key.ui/examples/standard_key/quantifiers/normalisation0.key 
200082     DEBUG main            d.u.i.k.p.i.AbstractProblemLoader Environment load took 59.9ns 
200083     INFO  main            d.u.i.k.p.i.AbstractProblemLoader Creating init config 
202278     DEBUG main            d.u.i.k.p.i.AbstractProblemLoader Init config took 2.19s 
202290     INFO  main            d.u.i.k.p.i.AbstractProblemLoader Replaying proof normalisation0.key 
202291     DEBUG main            d.u.i.k.p.i.IntermediateProofReplayer Proof replay took 6.1ns 
202392     INFO  main            d.u.i.k.p.r.p.TestFile    ... finished proof: closed. 
202685     INFO  main            d.u.i.k.p.i.AbstractProblemLoader Loading environment from /home/runner/work/key/key/key.core/../key.ui/examples/standard_key/quantifiers/normalisation0.key.proof 
202685     DEBUG main            d.u.i.k.p.i.AbstractProblemLoader Environment load took 87.2ns 
202687     INFO  main            d.u.i.k.p.i.AbstractProblemLoader Creating init config 
204845     DEBUG main            d.u.i.k.p.i.AbstractProblemLoader Init config took 2.16s 
204865     INFO  main            d.u.i.k.p.i.AbstractProblemLoader Replaying proof normalisation0.key.proof 
204869     DEBUG main            d.u.i.k.p.i.IntermediateProofReplayer Proof replay took 2.52ms 
204870     DEBUG main            d.u.i.k.p.r.p.TestFile    ... success: reloaded. 
204871     INFO  main            d.u.i.k.p.r.p.TestFile    Now processing file /home/runner/work/key/key/key.core/../key.ui/examples/standard_key/quantifiers/normalisation1.key 
204871     INFO  main            d.u.i.k.p.i.AbstractProblemLoader Loading environment from /home/runner/work/key/key/key.core/../key.ui/examples/standard_key/quantifiers/normalisation1.key 
204872     DEBUG main            d.u.i.k.p.i.AbstractProblemLoader Environment load took 144.6ns 
204873     INFO  main            d.u.i.k.p.i.AbstractProblemLoader Creating init config 
207066     DEBUG main            d.u.i.k.p.i.AbstractProblemLoader Init config took 2.19s 
207080     INFO  main            d.u.i.k.p.i.AbstractProblemLoader Replaying proof normalisation1.key 
207081     DEBUG main            d.u.i.k.p.i.IntermediateProofReplayer Proof replay took 5.7ns 
207186     INFO  main            d.u.i.k.p.r.p.TestFile    ... finished proof: closed. 
207490     INFO  main            d.u.i.k.p.i.AbstractProblemLoader Loading environment from /home/runner/work/key/key/key.core/../key.ui/examples/standard_key/quantifiers/normalisation1.key.proof 
207490     DEBUG main            d.u.i.k.p.i.AbstractProblemLoader Environment load took 80.3ns 
207491     INFO  main            d.u.i.k.p.i.AbstractProblemLoader Creating init config 
209658     DEBUG main            d.u.i.k.p.i.AbstractProblemLoader Init config took 2.17s 
209671     INFO  main            d.u.i.k.p.i.AbstractProblemLoader Replaying proof normalisation1.key.proof 
209672     DEBUG main            d.u.i.k.p.i.IntermediateProofReplayer Proof replay took 675.1ns 
209673     DEBUG main            d.u.i.k.p.r.p.TestFile    ... success: reloaded. 
209674     INFO  main            d.u.i.k.p.r.p.TestFile    Now processing file /home/runner/work/key/key/key.core/../key.ui/examples/standard_key/quantifiers/normalisation2.key 
209674     INFO  main            d.u.i.k.p.i.AbstractProblemLoader Loading environment from /home/runner/work/key/key/key.core/../key.ui/examples/standard_key/quantifiers/normalisation2.key 
209674     DEBUG main            d.u.i.k.p.i.AbstractProblemLoader Environment load took 61.5ns 
209675     INFO  main            d.u.i.k.p.i.AbstractProblemLoader Creating init config 
211876     DEBUG main            d.u.i.k.p.i.AbstractProblemLoader Init config took 2.2s 
211889     INFO  main            d.u.i.k.p.i.AbstractProblemLoader Replaying proof normalisation2.key 
211890     DEBUG main            d.u.i.k.p.i.IntermediateProofReplayer Proof replay took 5.6ns 
211991     INFO  main            d.u.i.k.p.r.p.TestFile    ... finished proof: closed. 
212283     INFO  main            d.u.i.k.p.i.AbstractProblemLoader Loading environment from /home/runner/work/key/key/key.core/../key.ui/examples/standard_key/quantifiers/normalisation2.key.proof 
212283     DEBUG main            d.u.i.k.p.i.AbstractProblemLoader Environment load took 97ns 
212284     INFO  main            d.u.i.k.p.i.AbstractProblemLoader Creating init config 
214447     DEBUG main            d.u.i.k.p.i.AbstractProblemLoader Init config took 2.16s 
214460     INFO  main            d.u.i.k.p.i.AbstractProblemLoader Replaying proof normalisation2.key.proof 
214462     DEBUG main            d.u.i.k.p.i.IntermediateProofReplayer Proof replay took 865.2ns 
214462     DEBUG main            d.u.i.k.p.r.p.TestFile    ... success: reloaded. 
214463     INFO  main            d.u.i.k.p.r.p.TestFile    Now processing file /home/runner/work/key/key/key.core/../key.ui/examples/standard_key/quantifiers/normalisation3.key 
214463     INFO  main            d.u.i.k.p.i.AbstractProblemLoader Loading environment from /home/runner/work/key/key/key.core/../key.ui/examples/standard_key/quantifiers/normalisation3.key 
214463     DEBUG main            d.u.i.k.p.i.AbstractProblemLoader Environment load took 70.6ns 
214464     INFO  main            d.u.i.k.p.i.AbstractProblemLoader Creating init config 
216656     DEBUG main            d.u.i.k.p.i.AbstractProblemLoader Init config took 2.19s 
216668     INFO  main            d.u.i.k.p.i.AbstractProblemLoader Replaying proof normalisation3.key 
216669     DEBUG main            d.u.i.k.p.i.IntermediateProofReplayer Proof replay took 6ns 
216770     INFO  main            d.u.i.k.p.r.p.TestFile    ... finished proof: closed. 
217083     INFO  main            d.u.i.k.p.i.AbstractProblemLoader Loading environment from /home/runner/work/key/key/key.core/../key.ui/examples/standard_key/quantifiers/normalisation3.key.proof 
217083     DEBUG main            d.u.i.k.p.i.AbstractProblemLoader Environment load took 80.8ns 
217084     INFO  main            d.u.i.k.p.i.AbstractProblemLoader Creating init config 
219246     DEBUG main            d.u.i.k.p.i.AbstractProblemLoader Init config took 2.16s 
219258     INFO  main            d.u.i.k.p.i.AbstractProblemLoader Replaying proof normalisation3.key.proof 
219262     DEBUG main            d.u.i.k.p.i.IntermediateProofReplayer Proof replay took 1.71ms 
219262     DEBUG main            d.u.i.k.p.r.p.TestFile    ... success: reloaded. 
219263     INFO  main            d.u.i.k.p.r.p.TestFile    Now processing file /home/runner/work/key/key/key.core/../key.ui/examples/standard_key/quantifiers/normalisation4.key 
219264     INFO  main            d.u.i.k.p.i.AbstractProblemLoader Loading environment from /home/runner/work/key/key/key.core/../key.ui/examples/standard_key/quantifiers/normalisation4.key 
219264     DEBUG main            d.u.i.k.p.i.AbstractProblemLoader Environment load took 68.8ns 
219265     INFO  main            d.u.i.k.p.i.AbstractProblemLoader Creating init config 
221452     DEBUG main            d.u.i.k.p.i.AbstractProblemLoader Init config took 2.19s 
221464     INFO  main            d.u.i.k.p.i.AbstractProblemLoader Replaying proof normalisation4.key 
221465     DEBUG main            d.u.i.k.p.i.IntermediateProofReplayer Proof replay took 5.4ns 
221567     INFO  main            d.u.i.k.p.r.p.TestFile    ... finished proof: closed. 
221876     INFO  main            d.u.i.k.p.i.AbstractProblemLoader Loading environment from /home/runner/work/key/key/key.core/../key.ui/examples/standard_key/quantifiers/normalisation4.key.proof 
221876     DEBUG main            d.u.i.k.p.i.AbstractProblemLoader Environment load took 88.2ns 
221877     INFO  main            d.u.i.k.p.i.AbstractProblemLoader Creating init config 
224031     DEBUG main            d.u.i.k.p.i.AbstractProblemLoader Init config took 2.15s 
224043     INFO  main            d.u.i.k.p.i.AbstractProblemLoader Replaying proof normalisation4.key.proof 
224047     DEBUG main            d.u.i.k.p.i.IntermediateProofReplayer Proof replay took 1.91ms 
224048     DEBUG main            d.u.i.k.p.r.p.TestFile    ... success: reloaded. 
224048     INFO  main            d.u.i.k.p.r.p.TestFile    Now processing file /home/runner/work/key/key/key.core/../key.ui/examples/standard_key/quantifiers/normalisation5.key 
224049     INFO  main            d.u.i.k.p.i.AbstractProblemLoader Loading environment from /home/runner/work/key/key/key.core/../key.ui/examples/standard_key/quantifiers/normalisation5.key 
224049     DEBUG main            d.u.i.k.p.i.AbstractProblemLoader Environment load took 147.8ns 
224050     INFO  main            d.u.i.k.p.i.AbstractProblemLoader Creating init config 
226232     DEBUG main            d.u.i.k.p.i.AbstractProblemLoader Init config took 2.18s 
226244     INFO  main            d.u.i.k.p.i.AbstractProblemLoader Replaying proof normalisation5.key 
226245     DEBUG main            d.u.i.k.p.i.IntermediateProofReplayer Proof replay took 6.5ns 
226347     INFO  main            d.u.i.k.p.r.p.TestFile    ... finished proof: closed. 
226663     INFO  main            d.u.i.k.p.i.AbstractProblemLoader Loading environment from /home/runner/work/key/key/key.core/../key.ui/examples/standard_key/quantifiers/normalisation5.key.proof 
226663     DEBUG main            d.u.i.k.p.i.AbstractProblemLoader Environment load took 81.4ns 
226664     INFO  main            d.u.i.k.p.i.AbstractProblemLoader Creating init config 
228822     DEBUG main            d.u.i.k.p.i.AbstractProblemLoader Init config took 2.16s 
228834     INFO  main            d.u.i.k.p.i.AbstractProblemLoader Replaying proof normalisation5.key.proof 
228837     DEBUG main            d.u.i.k.p.i.IntermediateProofReplayer Proof replay took 1.2ms 
228838     DEBUG main            d.u.i.k.p.r.p.TestFile    ... success: reloaded. 
228838     INFO  main            d.u.i.k.p.r.p.TestFile    Now processing file /home/runner/work/key/key/key.core/../key.ui/examples/standard_key/quantifiers/normalisation6.key 
228838     INFO  main            d.u.i.k.p.i.AbstractProblemLoader Loading environment from /home/runner/work/key/key/key.core/../key.ui/examples/standard_key/quantifiers/normalisation6.key 
228839     DEBUG main            d.u.i.k.p.i.AbstractProblemLoader Environment load took 137ns 
228839     INFO  main            d.u.i.k.p.i.AbstractProblemLoader Creating init config 
231026     DEBUG main            d.u.i.k.p.i.AbstractProblemLoader Init config took 2.19s 
231038     INFO  main            d.u.i.k.p.i.AbstractProblemLoader Replaying proof normalisation6.key 
231039     DEBUG main            d.u.i.k.p.i.IntermediateProofReplayer Proof replay took 6.8ns 
231140     INFO  main            d.u.i.k.p.r.p.TestFile    ... finished proof: closed. 
231456     INFO  main            d.u.i.k.p.i.AbstractProblemLoader Loading environment from /home/runner/work/key/key/key.core/../key.ui/examples/standard_key/quantifiers/normalisation6.key.proof 
231456     DEBUG main            d.u.i.k.p.i.AbstractProblemLoader Environment load took 93.7ns 
231457     INFO  main            d.u.i.k.p.i.AbstractProblemLoader Creating init config 
233637     DEBUG main            d.u.i.k.p.i.AbstractProblemLoader Init config took 2.18s 
233649     INFO  main            d.u.i.k.p.i.AbstractProblemLoader Replaying proof normalisation6.key.proof 
233651     DEBUG main            d.u.i.k.p.i.IntermediateProofReplayer Proof replay took 1.07ms 
233652     DEBUG main            d.u.i.k.p.r.p.TestFile    ... success: reloaded. 
233653     INFO  main            d.u.i.k.p.r.p.TestFile    Now processing file /home/runner/work/key/key/key.core/../key.ui/examples/standard_key/quantifiers/normalisation7.key 
233653     INFO  main            d.u.i.k.p.i.AbstractProblemLoader Loading environment from /home/runner/work/key/key/key.core/../key.ui/examples/standard_key/quantifiers/normalisation7.key 
233653     DEBUG main            d.u.i.k.p.i.AbstractProblemLoader Environment load took 64.9ns 
233654     INFO  main            d.u.i.k.p.i.AbstractProblemLoader Creating init config 
235837     DEBUG main            d.u.i.k.p.i.AbstractProblemLoader Init config took 2.18s 
235850     INFO  main            d.u.i.k.p.i.AbstractProblemLoader Replaying proof normalisation7.key 
235851     DEBUG main            d.u.i.k.p.i.IntermediateProofReplayer Proof replay took 6.3ns 
235953     INFO  main            d.u.i.k.p.r.p.TestFile    ... finished proof: closed. 
236276     INFO  main            d.u.i.k.p.i.AbstractProblemLoader Loading environment from /home/runner/work/key/key/key.core/../key.ui/examples/standard_key/quantifiers/normalisation7.key.proof 
236276     DEBUG main            d.u.i.k.p.i.AbstractProblemLoader Environment load took 90.6ns 
236277     INFO  main            d.u.i.k.p.i.AbstractProblemLoader Creating init config 
238436     DEBUG main            d.u.i.k.p.i.AbstractProblemLoader Init config took 2.16s 
238449     INFO  main            d.u.i.k.p.i.AbstractProblemLoader Replaying proof normalisation7.key.proof 
238451     DEBUG main            d.u.i.k.p.i.IntermediateProofReplayer Proof replay took 874.7ns 
238451     DEBUG main            d.u.i.k.p.r.p.TestFile    ... success: reloaded. 
238452     INFO  main            d.u.i.k.p.r.p.TestFile    Now processing file /home/runner/work/key/key/key.core/../key.ui/examples/standard_key/quantifiers/normalisation8.key 
238452     INFO  main            d.u.i.k.p.i.AbstractProblemLoader Loading environment from /home/runner/work/key/key/key.core/../key.ui/examples/standard_key/quantifiers/normalisation8.key 
238452     DEBUG main            d.u.i.k.p.i.AbstractProblemLoader Environment load took 52.2ns 
238453     INFO  main            d.u.i.k.p.i.AbstractProblemLoader Creating init config 
240642     DEBUG main            d.u.i.k.p.i.AbstractProblemLoader Init config took 2.19s 
240655     INFO  main            d.u.i.k.p.i.AbstractProblemLoader Replaying proof normalisation8.key 
240656     DEBUG main            d.u.i.k.p.i.IntermediateProofReplayer Proof replay took 5.9ns 
240760     INFO  main            d.u.i.k.p.r.p.TestFile    ... finished proof: closed. 
241093     INFO  main            d.u.i.k.p.i.AbstractProblemLoader Loading environment from /home/runner/work/key/key/key.core/../key.ui/examples/standard_key/quantifiers/normalisation8.key.proof 
241093     DEBUG main            d.u.i.k.p.i.AbstractProblemLoader Environment load took 72.3ns 
241094     INFO  main            d.u.i.k.p.i.AbstractProblemLoader Creating init config 
243253     DEBUG main            d.u.i.k.p.i.AbstractProblemLoader Init config took 2.16s 
243265     INFO  main            d.u.i.k.p.i.AbstractProblemLoader Replaying proof normalisation8.key.proof 
243268     DEBUG main            d.u.i.k.p.i.IntermediateProofReplayer Proof replay took 2.04ms 
243269     DEBUG main            d.u.i.k.p.r.p.TestFile    ... success: reloaded. 
243270     INFO  main            d.u.i.k.p.r.p.TestFile    Now processing file /home/runner/work/key/key/key.core/../key.ui/examples/standard_key/quantifiers/normalisation9.key 
243270     INFO  main            d.u.i.k.p.i.AbstractProblemLoader Loading environment from /home/runner/work/key/key/key.core/../key.ui/examples/standard_key/quantifiers/normalisation9.key 
243270     DEBUG main            d.u.i.k.p.i.AbstractProblemLoader Environment load took 62.6ns 
243271     INFO  main            d.u.i.k.p.i.AbstractProblemLoader Creating init config 
245453     DEBUG main            d.u.i.k.p.i.AbstractProblemLoader Init config took 2.18s 
245467     INFO  main            d.u.i.k.p.i.AbstractProblemLoader Replaying proof normalisation9.key 
245468     DEBUG main            d.u.i.k.p.i.IntermediateProofReplayer Proof replay took 6.6ns 
245569     INFO  main            d.u.i.k.p.r.p.TestFile    ... finished proof: closed. 
245904     INFO  main            d.u.i.k.p.i.AbstractProblemLoader Loading environment from /home/runner/work/key/key/key.core/../key.ui/examples/standard_key/quantifiers/normalisation9.key.proof 
245904     DEBUG main            d.u.i.k.p.i.AbstractProblemLoader Environment load took 73.4ns 
245905     INFO  main            d.u.i.k.p.i.AbstractProblemLoader Creating init config 
248063     DEBUG main            d.u.i.k.p.i.AbstractProblemLoader Init config took 2.16s 
248079     INFO  main            d.u.i.k.p.i.AbstractProblemLoader Replaying proof normalisation9.key.proof 
248082     DEBUG main            d.u.i.k.p.i.IntermediateProofReplayer Proof replay took 1.95ms 
248083     DEBUG main            d.u.i.k.p.r.p.TestFile    ... success: reloaded. 
248084     INFO  main            d.u.i.k.p.r.p.TestFile    Now processing file /home/runner/work/key/key/key.core/../key.ui/examples/standard_key/quantifiers/normalisation10.key 
248084     INFO  main            d.u.i.k.p.i.AbstractProblemLoader Loading environment from /home/runner/work/key/key/key.core/../key.ui/examples/standard_key/quantifiers/normalisation10.key 
248084     DEBUG main            d.u.i.k.p.i.AbstractProblemLoader Environment load took 153.7ns 
248085     INFO  main            d.u.i.k.p.i.AbstractProblemLoader Creating init config 
250268     DEBUG main            d.u.i.k.p.i.AbstractProblemLoader Init config took 2.18s 
250281     INFO  main            d.u.i.k.p.i.AbstractProblemLoader Replaying proof normalisation10.key 
250282     DEBUG main            d.u.i.k.p.i.IntermediateProofReplayer Proof replay took 6.5ns 
250384     INFO  main            d.u.i.k.p.r.p.TestFile    ... finished proof: closed. 
250710     INFO  main            d.u.i.k.p.i.AbstractProblemLoader Loading environment from /home/runner/work/key/key/key.core/../key.ui/examples/standard_key/quantifiers/normalisation10.key.proof 
250710     DEBUG main            d.u.i.k.p.i.AbstractProblemLoader Environment load took 74.6ns 
250711     INFO  main            d.u.i.k.p.i.AbstractProblemLoader Creating init config 
252879     DEBUG main            d.u.i.k.p.i.AbstractProblemLoader Init config took 2.17s 
252891     INFO  main            d.u.i.k.p.i.AbstractProblemLoader Replaying proof normalisation10.key.proof 
252895     DEBUG main            d.u.i.k.p.i.IntermediateProofReplayer Proof replay took 2.39ms 
252895     DEBUG main            d.u.i.k.p.r.p.TestFile    ... success: reloaded. 
252896     INFO  main            d.u.i.k.p.r.p.TestFile    Now processing file /home/runner/work/key/key/key.core/../key.ui/examples/standard_key/quantifiers/normalisation12.key 
252896     INFO  main            d.u.i.k.p.i.AbstractProblemLoader Loading environment from /home/runner/work/key/key/key.core/../key.ui/examples/standard_key/quantifiers/normalisation12.key 
252896     DEBUG main            d.u.i.k.p.i.AbstractProblemLoader Environment load took 72.7ns 
252897     INFO  main            d.u.i.k.p.i.AbstractProblemLoader Creating init config 
255092     DEBUG main            d.u.i.k.p.i.AbstractProblemLoader Init config took 2.19s 
255105     INFO  main            d.u.i.k.p.i.AbstractProblemLoader Replaying proof normalisation12.key 
255107     DEBUG main            d.u.i.k.p.i.IntermediateProofReplayer Proof replay took 6.4ns 
255208     INFO  main            d.u.i.k.p.r.p.TestFile    ... finished proof: closed. 
255550     INFO  main            d.u.i.k.p.i.AbstractProblemLoader Loading environment from /home/runner/work/key/key/key.core/../key.ui/examples/standard_key/quantifiers/normalisation12.key.proof 
255550     DEBUG main            d.u.i.k.p.i.AbstractProblemLoader Environment load took 75.2ns 
255551     INFO  main            d.u.i.k.p.i.AbstractProblemLoader Creating init config 
257706     DEBUG main            d.u.i.k.p.i.AbstractProblemLoader Init config took 2.15s 
257718     INFO  main            d.u.i.k.p.i.AbstractProblemLoader Replaying proof normalisation12.key.proof 
257720     DEBUG main            d.u.i.k.p.i.IntermediateProofReplayer Proof replay took 694.6ns 
257721     DEBUG main            d.u.i.k.p.r.p.TestFile    ... success: reloaded. 
257721     INFO  main            d.u.i.k.p.r.p.TestFile    Now processing file /home/runner/work/key/key/key.core/../key.ui/examples/standard_key/quantifiers/normalisation13.key 
257721     INFO  main            d.u.i.k.p.i.AbstractProblemLoader Loading environment from /home/runner/work/key/key/key.core/../key.ui/examples/standard_key/quantifiers/normalisation13.key 
257722     DEBUG main            d.u.i.k.p.i.AbstractProblemLoader Environment load took 49.9ns 
257722     INFO  main            d.u.i.k.p.i.AbstractProblemLoader Creating init config 
259916     DEBUG main            d.u.i.k.p.i.AbstractProblemLoader Init config took 2.19s 
259928     INFO  main            d.u.i.k.p.i.AbstractProblemLoader Replaying proof normalisation13.key 
259930     DEBUG main            d.u.i.k.p.i.IntermediateProofReplayer Proof replay took 6ns 
260031     INFO  main            d.u.i.k.p.r.p.TestFile    ... finished proof: closed. 
260375     INFO  main            d.u.i.k.p.i.AbstractProblemLoader Loading environment from /home/runner/work/key/key/key.core/../key.ui/examples/standard_key/quantifiers/normalisation13.key.proof 
260375     DEBUG main            d.u.i.k.p.i.AbstractProblemLoader Environment load took 75.1ns 
260376     INFO  main            d.u.i.k.p.i.AbstractProblemLoader Creating init config 
262536     DEBUG main            d.u.i.k.p.i.AbstractProblemLoader Init config took 2.16s 
262548     INFO  main            d.u.i.k.p.i.AbstractProblemLoader Replaying proof normalisation13.key.proof 
262549     DEBUG main            d.u.i.k.p.i.IntermediateProofReplayer Proof replay took 419.3ns 
262550     DEBUG main            d.u.i.k.p.r.p.TestFile    ... success: reloaded. 
262550     INFO  main            d.u.i.k.p.r.p.TestFile    Now processing file /home/runner/work/key/key/key.core/../key.ui/examples/standard_key/quantifiers/triggers0.key 
262551     INFO  main            d.u.i.k.p.i.AbstractProblemLoader Loading environment from /home/runner/work/key/key/key.core/../key.ui/examples/standard_key/quantifiers/triggers0.key 
262551     DEBUG main            d.u.i.k.p.i.AbstractProblemLoader Environment load took 40.9ns 
262551     INFO  main            d.u.i.k.p.i.AbstractProblemLoader Creating init config 
264747     DEBUG main            d.u.i.k.p.i.AbstractProblemLoader Init config took 2.2s 
264759     INFO  main            d.u.i.k.p.i.AbstractProblemLoader Replaying proof triggers0.key 
264760     DEBUG main            d.u.i.k.p.i.IntermediateProofReplayer Proof replay took 5.7ns 
264862     INFO  main            d.u.i.k.p.r.p.TestFile    ... finished proof: closed. 
265213     INFO  main            d.u.i.k.p.i.AbstractProblemLoader Loading environment from /home/runner/work/key/key/key.core/../key.ui/examples/standard_key/quantifiers/triggers0.key.proof 
265213     DEBUG main            d.u.i.k.p.i.AbstractProblemLoader Environment load took 70.8ns 
265214     INFO  main            d.u.i.k.p.i.AbstractProblemLoader Creating init config 
267384     DEBUG main            d.u.i.k.p.i.AbstractProblemLoader Init config took 2.17s 
267396     INFO  main            d.u.i.k.p.i.AbstractProblemLoader Replaying proof triggers0.key.proof 
267398     DEBUG main            d.u.i.k.p.i.IntermediateProofReplayer Proof replay took 747.4ns 
267399     DEBUG main            d.u.i.k.p.r.p.TestFile    ... success: reloaded. 
3722746    INFO  Test worker     d.u.i.k.p.r.RunAllProofsTestUnit Returning from test FOL 
3722747    INFO  Test worker     d.u.i.k.p.r.RunAllProofsTestUnit Running test strings 
337        INFO  Timeout watchdog d.u.i.k.p.r.p.ForkedTestFileRunner Timeout watcher launched (2000 secs.) 
343        WARN  main            d.u.i.k.s.ProofSettings   The settings in /home/runner/.key/proof-settings.props are *not* read. 
383        INFO  main            d.u.i.k.p.r.p.TestFile    Now processing file /home/runner/work/key/key/key.core/../key.ui/examples/standard_key/strings/charAt0.key 
485        INFO  main            d.u.i.k.p.i.AbstractProblemLoader Loading environment from /home/runner/work/key/key/key.core/../key.ui/examples/standard_key/strings/charAt0.key 
513        DEBUG main            d.u.i.k.p.i.AbstractProblemLoader Environment load took 1.96ms 
749        INFO  main            d.u.i.k.p.i.AbstractProblemLoader Creating init config 
1590       DEBUG main            d.u.i.k.j.TypeConverter   No LDT found for Meta 
1591       DEBUG main            d.u.i.k.j.TypeConverter   No LDT found for Meta 
1592       DEBUG main            d.u.i.k.j.TypeConverter   No LDT found for Meta 
1595       DEBUG main            d.u.i.k.j.TypeConverter   No LDT found for Meta 
3066       DEBUG main            d.u.i.k.j.TypeConverter   No LDT found for JavaBigintExpression 
7425       DEBUG main            d.u.i.k.p.i.AbstractProblemLoader Init config took 6.68s 
7495       INFO  main            d.u.i.k.p.i.AbstractProblemLoader Replaying proof charAt0.key 
7530       DEBUG main            d.u.i.k.p.i.IntermediateProofReplayer Proof replay took 32.9ns 
7974       INFO  main            d.u.i.k.p.r.p.TestFile    ... finished proof: closed. 
8066       INFO  main            d.u.i.k.p.i.AbstractProblemLoader Loading environment from /home/runner/work/key/key/key.core/../key.ui/examples/standard_key/strings/charAt0.key.proof 
8066       DEBUG main            d.u.i.k.p.i.AbstractProblemLoader Environment load took 540.9ns 
8071       INFO  main            d.u.i.k.p.i.AbstractProblemLoader Creating init config 
10553      DEBUG main            d.u.i.k.p.i.AbstractProblemLoader Init config took 2.48s 
10597      INFO  main            d.u.i.k.p.i.AbstractProblemLoader Replaying proof charAt0.key.proof 
10613      DEBUG main            d.u.i.k.p.i.IntermediateProofReplayer Proof replay took 12.18ms 
10623      DEBUG main            d.u.i.k.p.r.p.TestFile    ... success: reloaded. 
10624      INFO  main            d.u.i.k.p.r.p.TestFile    Now processing file /home/runner/work/key/key/key.core/../key.ui/examples/standard_key/strings/charAt1.key 
10624      INFO  main            d.u.i.k.p.i.AbstractProblemLoader Loading environment from /home/runner/work/key/key/key.core/../key.ui/examples/standard_key/strings/charAt1.key 
10624      DEBUG main            d.u.i.k.p.i.AbstractProblemLoader Environment load took 185.2ns 
10626      INFO  main            d.u.i.k.p.i.AbstractProblemLoader Creating init config 
12994      DEBUG main            d.u.i.k.p.i.AbstractProblemLoader Init config took 2.37s 
13037      INFO  main            d.u.i.k.p.i.AbstractProblemLoader Replaying proof charAt1.key 
13042      DEBUG main            d.u.i.k.p.i.IntermediateProofReplayer Proof replay took 6ns 
13250      INFO  main            d.u.i.k.p.r.p.TestFile    ... finished proof: closed. 
13371      INFO  main            d.u.i.k.p.i.AbstractProblemLoader Loading environment from /home/runner/work/key/key/key.core/../key.ui/examples/standard_key/strings/charAt1.key.proof 
13373      DEBUG main            d.u.i.k.p.i.AbstractProblemLoader Environment load took 1.48ms 
13376      INFO  main            d.u.i.k.p.i.AbstractProblemLoader Creating init config 
15708      DEBUG main            d.u.i.k.p.i.AbstractProblemLoader Init config took 2.33s 
15730      INFO  main            d.u.i.k.p.i.AbstractProblemLoader Replaying proof charAt1.key.proof 
15743      DEBUG main            d.u.i.k.p.i.IntermediateProofReplayer Proof replay took 10.2ms 
15745      DEBUG main            d.u.i.k.p.r.p.TestFile    ... success: reloaded. 
15745      INFO  main            d.u.i.k.p.r.p.TestFile    Now processing file /home/runner/work/key/key/key.core/../key.ui/examples/standard_key/strings/concat1.key 
15746      INFO  main            d.u.i.k.p.i.AbstractProblemLoader Loading environment from /home/runner/work/key/key/key.core/../key.ui/examples/standard_key/strings/concat1.key 
15746      DEBUG main            d.u.i.k.p.i.AbstractProblemLoader Environment load took 160.8ns 
15747      INFO  main            d.u.i.k.p.i.AbstractProblemLoader Creating init config 
18067      DEBUG main            d.u.i.k.p.i.AbstractProblemLoader Init config took 2.32s 
18101      INFO  main            d.u.i.k.p.i.AbstractProblemLoader Replaying proof concat1.key 
18102      DEBUG main            d.u.i.k.p.i.IntermediateProofReplayer Proof replay took 5.5ns 
18205      INFO  main            d.u.i.k.p.r.p.TestFile    ... finished proof: closed. 
18325      INFO  main            d.u.i.k.p.i.AbstractProblemLoader Loading environment from /home/runner/work/key/key/key.core/../key.ui/examples/standard_key/strings/concat1.key.proof 
18325      DEBUG main            d.u.i.k.p.i.AbstractProblemLoader Environment load took 115.7ns 
18326      INFO  main            d.u.i.k.p.i.AbstractProblemLoader Creating init config 
20605      DEBUG main            d.u.i.k.p.i.AbstractProblemLoader Init config took 2.28s 
20624      INFO  main            d.u.i.k.p.i.AbstractProblemLoader Replaying proof concat1.key.proof 
20627      DEBUG main            d.u.i.k.p.i.IntermediateProofReplayer Proof replay took 1.15ms 
20628      DEBUG main            d.u.i.k.p.r.p.TestFile    ... success: reloaded. 
20628      INFO  main            d.u.i.k.p.r.p.TestFile    Now processing file /home/runner/work/key/key/key.core/../key.ui/examples/standard_key/strings/concat2.key 
20629      INFO  main            d.u.i.k.p.i.AbstractProblemLoader Loading environment from /home/runner/work/key/key/key.core/../key.ui/examples/standard_key/strings/concat2.key 
20629      DEBUG main            d.u.i.k.p.i.AbstractProblemLoader Environment load took 73.4ns 
20630      INFO  main            d.u.i.k.p.i.AbstractProblemLoader Creating init config 
22925      DEBUG main            d.u.i.k.p.i.AbstractProblemLoader Init config took 2.3s 
22944      INFO  main            d.u.i.k.p.i.AbstractProblemLoader Replaying proof concat2.key 
22945      DEBUG main            d.u.i.k.p.i.IntermediateProofReplayer Proof replay took 5.8ns 
23048      INFO  main            d.u.i.k.p.r.p.TestFile    ... finished proof: closed. 
23174      INFO  main            d.u.i.k.p.i.AbstractProblemLoader Loading environment from /home/runner/work/key/key/key.core/../key.ui/examples/standard_key/strings/concat2.key.proof 
23174      DEBUG main            d.u.i.k.p.i.AbstractProblemLoader Environment load took 115.9ns 
23175      INFO  main            d.u.i.k.p.i.AbstractProblemLoader Creating init config 
25444      DEBUG main            d.u.i.k.p.i.AbstractProblemLoader Init config took 2.27s 
25462      INFO  main            d.u.i.k.p.i.AbstractProblemLoader Replaying proof concat2.key.proof 
25475      DEBUG main            d.u.i.k.p.i.IntermediateProofReplayer Proof replay took 10.56ms 
25476      DEBUG main            d.u.i.k.p.r.p.TestFile    ... success: reloaded. 
25478      INFO  main            d.u.i.k.p.r.p.TestFile    Now processing file /home/runner/work/key/key/key.core/../key.ui/examples/standard_key/strings/deriveLength1.key 
25478      INFO  main            d.u.i.k.p.i.AbstractProblemLoader Loading environment from /home/runner/work/key/key/key.core/../key.ui/examples/standard_key/strings/deriveLength1.key 
25478      DEBUG main            d.u.i.k.p.i.AbstractProblemLoader Environment load took 87.8ns 
25481      INFO  main            d.u.i.k.p.i.AbstractProblemLoader Creating init config 
27777      DEBUG main            d.u.i.k.p.i.AbstractProblemLoader Init config took 2.3s 
27798      INFO  main            d.u.i.k.p.i.AbstractProblemLoader Replaying proof deriveLength1.key 
27801      DEBUG main            d.u.i.k.p.i.IntermediateProofReplayer Proof replay took 6.3ns 
27903      INFO  main            d.u.i.k.p.r.p.TestFile    ... finished proof: closed. 
28032      INFO  main            d.u.i.k.p.i.AbstractProblemLoader Loading environment from /home/runner/work/key/key/key.core/../key.ui/examples/standard_key/strings/deriveLength1.key.proof 
28033      DEBUG main            d.u.i.k.p.i.AbstractProblemLoader Environment load took 105.9ns 
28034      INFO  main            d.u.i.k.p.i.AbstractProblemLoader Creating init config 
30287      DEBUG main            d.u.i.k.p.i.AbstractProblemLoader Init config took 2.25s 
30304      INFO  main            d.u.i.k.p.i.AbstractProblemLoader Replaying proof deriveLength1.key.proof 
30312      DEBUG main            d.u.i.k.p.i.IntermediateProofReplayer Proof replay took 5.86ms 
30313      DEBUG main            d.u.i.k.p.r.p.TestFile    ... success: reloaded. 
30314      INFO  main            d.u.i.k.p.r.p.TestFile    Now processing file /home/runner/work/key/key/key.core/../key.ui/examples/standard_key/strings/emptyStringLengthZero.key 
30314      INFO  main            d.u.i.k.p.i.AbstractProblemLoader Loading environment from /home/runner/work/key/key/key.core/../key.ui/examples/standard_key/strings/emptyStringLengthZero.key 
30315      DEBUG main            d.u.i.k.p.i.AbstractProblemLoader Environment load took 156.9ns 
30315      INFO  main            d.u.i.k.p.i.AbstractProblemLoader Creating init config 
32606      DEBUG main            d.u.i.k.p.i.AbstractProblemLoader Init config took 2.29s 
32623      INFO  main            d.u.i.k.p.i.AbstractProblemLoader Replaying proof emptyStringLengthZero.key 
32624      DEBUG main            d.u.i.k.p.i.IntermediateProofReplayer Proof replay took 6.7ns 
32728      INFO  main            d.u.i.k.p.r.p.TestFile    ... finished proof: closed. 
32861      INFO  main            d.u.i.k.p.i.AbstractProblemLoader Loading environment from /home/runner/work/key/key/key.core/../key.ui/examples/standard_key/strings/emptyStringLengthZero.key.proof 
32861      DEBUG main            d.u.i.k.p.i.AbstractProblemLoader Environment load took 112.4ns 
32862      INFO  main            d.u.i.k.p.i.AbstractProblemLoader Creating init config 
35075      DEBUG main            d.u.i.k.p.i.AbstractProblemLoader Init config took 2.21s 
35092      INFO  main            d.u.i.k.p.i.AbstractProblemLoader Replaying proof emptyStringLengthZero.key.proof 
35097      DEBUG main            d.u.i.k.p.i.IntermediateProofReplayer Proof replay took 2.61ms 
35097      DEBUG main            d.u.i.k.p.r.p.TestFile    ... success: reloaded. 
35098      INFO  main            d.u.i.k.p.r.p.TestFile    Now processing file /home/runner/work/key/key/key.core/../key.ui/examples/standard_key/strings/implicitBooleanStringConversion.key 
35098      INFO  main            d.u.i.k.p.i.AbstractProblemLoader Loading environment from /home/runner/work/key/key/key.core/../key.ui/examples/standard_key/strings/implicitBooleanStringConversion.key 
35099      DEBUG main            d.u.i.k.p.i.AbstractProblemLoader Environment load took 153.2ns 
35099      INFO  main            d.u.i.k.p.i.AbstractProblemLoader Creating init config 
37369      DEBUG main            d.u.i.k.p.i.AbstractProblemLoader Init config took 2.27s 
37393      INFO  main            d.u.i.k.p.i.AbstractProblemLoader Replaying proof implicitBooleanStringConversion.key 
37395      DEBUG main            d.u.i.k.p.i.IntermediateProofReplayer Proof replay took 6.1ns 
38303      INFO  main            d.u.i.k.p.r.p.TestFile    ... finished proof: closed. 
38478      INFO  main            d.u.i.k.p.i.AbstractProblemLoader Loading environment from /home/runner/work/key/key/key.core/../key.ui/examples/standard_key/strings/implicitBooleanStringConversion.key.proof 
38478      DEBUG main            d.u.i.k.p.i.AbstractProblemLoader Environment load took 326.7ns 
38481      INFO  main            d.u.i.k.p.i.AbstractProblemLoader Creating init config 
40732      DEBUG main            d.u.i.k.p.i.AbstractProblemLoader Init config took 2.25s 
40750      INFO  main            d.u.i.k.p.i.AbstractProblemLoader Replaying proof implicitBooleanStringConversion.key.proof 
40799      DEBUG main            d.u.i.k.p.i.IntermediateProofReplayer Proof replay took 44.29ms 
40800      DEBUG main            d.u.i.k.p.r.p.TestFile    ... success: reloaded. 
40801      INFO  main            d.u.i.k.p.r.p.TestFile    Now processing file /home/runner/work/key/key/key.core/../key.ui/examples/standard_key/strings/implicitBooleanStringConversion2.key 
40801      INFO  main            d.u.i.k.p.i.AbstractProblemLoader Loading environment from /home/runner/work/key/key/key.core/../key.ui/examples/standard_key/strings/implicitBooleanStringConversion2.key 
40801      DEBUG main            d.u.i.k.p.i.AbstractProblemLoader Environment load took 157.1ns 
40802      INFO  main            d.u.i.k.p.i.AbstractProblemLoader Creating init config 
43043      DEBUG main            d.u.i.k.p.i.AbstractProblemLoader Init config took 2.24s 
43060      INFO  main            d.u.i.k.p.i.AbstractProblemLoader Replaying proof implicitBooleanStringConversion2.key 
43062      DEBUG main            d.u.i.k.p.i.IntermediateProofReplayer Proof replay took 6.1ns 
43364      INFO  main            d.u.i.k.p.r.p.TestFile    ... finished proof: closed. 
43543      INFO  main            d.u.i.k.p.i.AbstractProblemLoader Loading environment from /home/runner/work/key/key/key.core/../key.ui/examples/standard_key/strings/implicitBooleanStringConversion2.key.proof 
43543      DEBUG main            d.u.i.k.p.i.AbstractProblemLoader Environment load took 107.4ns 
43544      INFO  main            d.u.i.k.p.i.AbstractProblemLoader Creating init config 
45748      DEBUG main            d.u.i.k.p.i.AbstractProblemLoader Init config took 2.2s 
45768      INFO  main            d.u.i.k.p.i.AbstractProblemLoader Replaying proof implicitBooleanStringConversion2.key.proof 
45790      DEBUG main            d.u.i.k.p.i.IntermediateProofReplayer Proof replay took 19.01ms 
45791      DEBUG main            d.u.i.k.p.r.p.TestFile    ... success: reloaded. 
45791      INFO  main            d.u.i.k.p.r.p.TestFile    Now processing file /home/runner/work/key/key/key.core/../key.ui/examples/standard_key/strings/implicitIntStringConversion.key 
45792      INFO  main            d.u.i.k.p.i.AbstractProblemLoader Loading environment from /home/runner/work/key/key/key.core/../key.ui/examples/standard_key/strings/implicitIntStringConversion.key 
45792      DEBUG main            d.u.i.k.p.i.AbstractProblemLoader Environment load took 107ns 
45793      INFO  main            d.u.i.k.p.i.AbstractProblemLoader Creating init config 
48020      DEBUG main            d.u.i.k.p.i.AbstractProblemLoader Init config took 2.23s 
48036      INFO  main            d.u.i.k.p.i.AbstractProblemLoader Replaying proof implicitIntStringConversion.key 
48037      DEBUG main            d.u.i.k.p.i.IntermediateProofReplayer Proof replay took 5.6ns 
48641      INFO  main            d.u.i.k.p.r.p.TestFile    ... finished proof: closed. 
48824      INFO  main            d.u.i.k.p.i.AbstractProblemLoader Loading environment from /home/runner/work/key/key/key.core/../key.ui/examples/standard_key/strings/implicitIntStringConversion.key.proof 
48824      DEBUG main            d.u.i.k.p.i.AbstractProblemLoader Environment load took 115.4ns 
48825      INFO  main            d.u.i.k.p.i.AbstractProblemLoader Creating init config 
51017      DEBUG main            d.u.i.k.p.i.AbstractProblemLoader Init config took 2.19s 
51033      INFO  main            d.u.i.k.p.i.AbstractProblemLoader Replaying proof implicitIntStringConversion.key.proof 
51071      DEBUG main            d.u.i.k.p.i.IntermediateProofReplayer Proof replay took 33.38ms 
51072      DEBUG main            d.u.i.k.p.r.p.TestFile    ... success: reloaded. 
51073      INFO  main            d.u.i.k.p.r.p.TestFile    Now processing file /home/runner/work/key/key/key.core/../key.ui/examples/standard_key/strings/implicitNullStringConversion.key 
51073      INFO  main            d.u.i.k.p.i.AbstractProblemLoader Loading environment from /home/runner/work/key/key/key.core/../key.ui/examples/standard_key/strings/implicitNullStringConversion.key 
51073      DEBUG main            d.u.i.k.p.i.AbstractProblemLoader Environment load took 164.3ns 
51074      INFO  main            d.u.i.k.p.i.AbstractProblemLoader Creating init config 
53382      DEBUG main            d.u.i.k.p.i.AbstractProblemLoader Init config took 2.31s 
53398      INFO  main            d.u.i.k.p.i.AbstractProblemLoader Replaying proof implicitNullStringConversion.key 
53399      DEBUG main            d.u.i.k.p.i.IntermediateProofReplayer Proof replay took 5.7ns 
53601      INFO  main            d.u.i.k.p.r.p.TestFile    ... finished proof: closed. 
53816      INFO  main            d.u.i.k.p.i.AbstractProblemLoader Loading environment from /home/runner/work/key/key/key.core/../key.ui/examples/standard_key/strings/implicitNullStringConversion.key.proof 
53816      DEBUG main            d.u.i.k.p.i.AbstractProblemLoader Environment load took 110.6ns 
53817      INFO  main            d.u.i.k.p.i.AbstractProblemLoader Creating init config 
55999      DEBUG main            d.u.i.k.p.i.AbstractProblemLoader Init config took 2.18s 
56014      INFO  main            d.u.i.k.p.i.AbstractProblemLoader Replaying proof implicitNullStringConversion.key.proof 
56034      DEBUG main            d.u.i.k.p.i.IntermediateProofReplayer Proof replay took 16.46ms 
56035      DEBUG main            d.u.i.k.p.r.p.TestFile    ... success: reloaded. 
56035      INFO  main            d.u.i.k.p.r.p.TestFile    Now processing file /home/runner/work/key/key/key.core/../key.ui/examples/standard_key/strings/implicitNullStringConversion2.key 
56035      INFO  main            d.u.i.k.p.i.AbstractProblemLoader Loading environment from /home/runner/work/key/key/key.core/../key.ui/examples/standard_key/strings/implicitNullStringConversion2.key 
56036      DEBUG main            d.u.i.k.p.i.AbstractProblemLoader Environment load took 84.3ns 
56036      INFO  main            d.u.i.k.p.i.AbstractProblemLoader Creating init config 
58257      DEBUG main            d.u.i.k.p.i.AbstractProblemLoader Init config took 2.22s 
58272      INFO  main            d.u.i.k.p.i.AbstractProblemLoader Replaying proof implicitNullStringConversion2.key 
58273      DEBUG main            d.u.i.k.p.i.IntermediateProofReplayer Proof replay took 5.8ns 
58480      INFO  main            d.u.i.k.p.r.p.TestFile    ... finished proof: closed. 
58658      INFO  main            d.u.i.k.p.i.AbstractProblemLoader Loading environment from /home/runner/work/key/key/key.core/../key.ui/examples/standard_key/strings/implicitNullStringConversion2.key.proof 
58658      DEBUG main            d.u.i.k.p.i.AbstractProblemLoader Environment load took 111.9ns 
58659      INFO  main            d.u.i.k.p.i.AbstractProblemLoader Creating init config 
60841      DEBUG main            d.u.i.k.p.i.AbstractProblemLoader Init config took 2.18s 
60856      INFO  main            d.u.i.k.p.i.AbstractProblemLoader Replaying proof implicitNullStringConversion2.key.proof 
60871      DEBUG main            d.u.i.k.p.i.IntermediateProofReplayer Proof replay took 13.11ms 
60872      DEBUG main            d.u.i.k.p.r.p.TestFile    ... success: reloaded. 
60873      INFO  main            d.u.i.k.p.r.p.TestFile    Now processing file /home/runner/work/key/key/key.core/../key.ui/examples/standard_key/strings/implicitObjectStringConversion.key 
60873      INFO  main            d.u.i.k.p.i.AbstractProblemLoader Loading environment from /home/runner/work/key/key/key.core/../key.ui/examples/standard_key/strings/implicitObjectStringConversion.key 
60873      DEBUG main            d.u.i.k.p.i.AbstractProblemLoader Environment load took 79.7ns 
60874      INFO  main            d.u.i.k.p.i.AbstractProblemLoader Creating init config 
63309      DEBUG main            d.u.i.k.p.i.AbstractProblemLoader Init config took 2.43s 
63324      INFO  main            d.u.i.k.p.i.AbstractProblemLoader Replaying proof implicitObjectStringConversion.key 
63326      DEBUG main            d.u.i.k.p.i.IntermediateProofReplayer Proof replay took 6.3ns 
64035      INFO  main            d.u.i.k.p.r.p.TestFile    ... finished proof: closed. 
64223      INFO  main            d.u.i.k.p.i.AbstractProblemLoader Loading environment from /home/runner/work/key/key/key.core/../key.ui/examples/standard_key/strings/implicitObjectStringConversion.key.proof 
64223      DEBUG main            d.u.i.k.p.i.AbstractProblemLoader Environment load took 116.5ns 
64226      INFO  main            d.u.i.k.p.i.AbstractProblemLoader Creating init config 
66610      DEBUG main            d.u.i.k.p.i.AbstractProblemLoader Init config took 2.38s 
66630      INFO  main            d.u.i.k.p.i.AbstractProblemLoader Replaying proof implicitObjectStringConversion.key.proof 
66679      DEBUG main            d.u.i.k.p.i.IntermediateProofReplayer Proof replay took 44.17ms 
66680      DEBUG main            d.u.i.k.p.r.p.TestFile    ... success: reloaded. 
66681      INFO  main            d.u.i.k.p.r.p.TestFile    Now processing file /home/runner/work/key/key/key.core/../key.ui/examples/standard_key/strings/literalEquality.key 
66681      INFO  main            d.u.i.k.p.i.AbstractProblemLoader Loading environment from /home/runner/work/key/key/key.core/../key.ui/examples/standard_key/strings/literalEquality.key 
66682      DEBUG main            d.u.i.k.p.i.AbstractProblemLoader Environment load took 396.9ns 
66683      INFO  main            d.u.i.k.p.i.AbstractProblemLoader Creating init config 
68918      DEBUG main            d.u.i.k.p.i.AbstractProblemLoader Init config took 2.23s 
68932      INFO  main            d.u.i.k.p.i.AbstractProblemLoader Replaying proof literalEquality.key 
68933      DEBUG main            d.u.i.k.p.i.IntermediateProofReplayer Proof replay took 6.1ns 
69035      INFO  main            d.u.i.k.p.r.p.TestFile    ... finished proof: closed. 
69275      INFO  main            d.u.i.k.p.i.AbstractProblemLoader Loading environment from /home/runner/work/key/key/key.core/../key.ui/examples/standard_key/strings/literalEquality.key.proof 
69275      DEBUG main            d.u.i.k.p.i.AbstractProblemLoader Environment load took 113.9ns 
69276      INFO  main            d.u.i.k.p.i.AbstractProblemLoader Creating init config 
71447      DEBUG main            d.u.i.k.p.i.AbstractProblemLoader Init config took 2.17s 
71461      INFO  main            d.u.i.k.p.i.AbstractProblemLoader Replaying proof literalEquality.key.proof 
71465      DEBUG main            d.u.i.k.p.i.IntermediateProofReplayer Proof replay took 1.83ms 
71465      DEBUG main            d.u.i.k.p.r.p.TestFile    ... success: reloaded. 
71466      INFO  main            d.u.i.k.p.r.p.TestFile    Now processing file /home/runner/work/key/key/key.core/../key.ui/examples/standard_key/strings/replace0.key 
71466      INFO  main            d.u.i.k.p.i.AbstractProblemLoader Loading environment from /home/runner/work/key/key/key.core/../key.ui/examples/standard_key/strings/replace0.key 
71466      DEBUG main            d.u.i.k.p.i.AbstractProblemLoader Environment load took 153.9ns 
71467      INFO  main            d.u.i.k.p.i.AbstractProblemLoader Creating init config 
73687      DEBUG main            d.u.i.k.p.i.AbstractProblemLoader Init config took 2.22s 
73700      INFO  main            d.u.i.k.p.i.AbstractProblemLoader Replaying proof replace0.key 
73701      DEBUG main            d.u.i.k.p.i.IntermediateProofReplayer Proof replay took 5.8ns 
73805      INFO  main            d.u.i.k.p.r.p.TestFile    ... finished proof: closed. 
74028      INFO  main            d.u.i.k.p.i.AbstractProblemLoader Loading environment from /home/runner/work/key/key/key.core/../key.ui/examples/standard_key/strings/replace0.key.proof 
74028      DEBUG main            d.u.i.k.p.i.AbstractProblemLoader Environment load took 99.4ns 
74029      INFO  main            d.u.i.k.p.i.AbstractProblemLoader Creating init config 
76184      DEBUG main            d.u.i.k.p.i.AbstractProblemLoader Init config took 2.16s 
76207      INFO  main            d.u.i.k.p.i.AbstractProblemLoader Replaying proof replace0.key.proof 
76213      DEBUG main            d.u.i.k.p.i.IntermediateProofReplayer Proof replay took 3.72ms 
76214      DEBUG main            d.u.i.k.p.r.p.TestFile    ... success: reloaded. 
76214      INFO  main            d.u.i.k.p.r.p.TestFile    Now processing file /home/runner/work/key/key/key.core/../key.ui/examples/standard_key/strings/replace1.key 
76214      INFO  main            d.u.i.k.p.i.AbstractProblemLoader Loading environment from /home/runner/work/key/key/key.core/../key.ui/examples/standard_key/strings/replace1.key 
76214      DEBUG main            d.u.i.k.p.i.AbstractProblemLoader Environment load took 77.8ns 
76215      INFO  main            d.u.i.k.p.i.AbstractProblemLoader Creating init config 
78423      DEBUG main            d.u.i.k.p.i.AbstractProblemLoader Init config took 2.21s 
78436      INFO  main            d.u.i.k.p.i.AbstractProblemLoader Replaying proof replace1.key 
78437      DEBUG main            d.u.i.k.p.i.IntermediateProofReplayer Proof replay took 5.4ns 
78540      INFO  main            d.u.i.k.p.r.p.TestFile    ... finished proof: closed. 
78729      INFO  main            d.u.i.k.p.i.AbstractProblemLoader Loading environment from /home/runner/work/key/key/key.core/../key.ui/examples/standard_key/strings/replace1.key.proof 
78729      DEBUG main            d.u.i.k.p.i.AbstractProblemLoader Environment load took 99.5ns 
78730      INFO  main            d.u.i.k.p.i.AbstractProblemLoader Creating init config 
80878      DEBUG main            d.u.i.k.p.i.AbstractProblemLoader Init config took 2.15s 
80892      INFO  main            d.u.i.k.p.i.AbstractProblemLoader Replaying proof replace1.key.proof 
80896      DEBUG main            d.u.i.k.p.i.IntermediateProofReplayer Proof replay took 2.56ms 
80896      DEBUG main            d.u.i.k.p.r.p.TestFile    ... success: reloaded. 
80897      INFO  main            d.u.i.k.p.r.p.TestFile    Now processing file /home/runner/work/key/key/key.core/../key.ui/examples/standard_key/strings/simpleAssignment.key 
80897      INFO  main            d.u.i.k.p.i.AbstractProblemLoader Loading environment from /home/runner/work/key/key/key.core/../key.ui/examples/standard_key/strings/simpleAssignment.key 
80897      DEBUG main            d.u.i.k.p.i.AbstractProblemLoader Environment load took 82.9ns 
80898      INFO  main            d.u.i.k.p.i.AbstractProblemLoader Creating init config 
83122      DEBUG main            d.u.i.k.p.i.AbstractProblemLoader Init config took 2.22s 
83136      INFO  main            d.u.i.k.p.i.AbstractProblemLoader Replaying proof simpleAssignment.key 
83137      DEBUG main            d.u.i.k.p.i.IntermediateProofReplayer Proof replay took 5.9ns 
83238      INFO  main            d.u.i.k.p.r.p.TestFile    ... finished proof: closed. 
83423      INFO  main            d.u.i.k.p.i.AbstractProblemLoader Loading environment from /home/runner/work/key/key/key.core/../key.ui/examples/standard_key/strings/simpleAssignment.key.proof 
83423      DEBUG main            d.u.i.k.p.i.AbstractProblemLoader Environment load took 98.1ns 
83425      INFO  main            d.u.i.k.p.i.AbstractProblemLoader Creating init config 
85586      DEBUG main            d.u.i.k.p.i.AbstractProblemLoader Init config took 2.16s 
85600      INFO  main            d.u.i.k.p.i.AbstractProblemLoader Replaying proof simpleAssignment.key.proof 
85602      DEBUG main            d.u.i.k.p.i.IntermediateProofReplayer Proof replay took 1.04ms 
85603      DEBUG main            d.u.i.k.p.r.p.TestFile    ... success: reloaded. 
85603      INFO  main            d.u.i.k.p.r.p.TestFile    Now processing file /home/runner/work/key/key/key.core/../key.ui/examples/standard_key/strings/simpleLengthComp.key 
85604      INFO  main            d.u.i.k.p.i.AbstractProblemLoader Loading environment from /home/runner/work/key/key/key.core/../key.ui/examples/standard_key/strings/simpleLengthComp.key 
85604      DEBUG main            d.u.i.k.p.i.AbstractProblemLoader Environment load took 91ns 
85605      INFO  main            d.u.i.k.p.i.AbstractProblemLoader Creating init config 
87813      DEBUG main            d.u.i.k.p.i.AbstractProblemLoader Init config took 2.21s 
87828      INFO  main            d.u.i.k.p.i.AbstractProblemLoader Replaying proof simpleLengthComp.key 
87831      DEBUG main            d.u.i.k.p.i.IntermediateProofReplayer Proof replay took 5.3ns 
88035      INFO  main            d.u.i.k.p.r.p.TestFile    ... finished proof: closed. 
88230      INFO  main            d.u.i.k.p.i.AbstractProblemLoader Loading environment from /home/runner/work/key/key/key.core/../key.ui/examples/standard_key/strings/simpleLengthComp.key.proof 
88231      DEBUG main            d.u.i.k.p.i.AbstractProblemLoader Environment load took 118.5ns 
88232      INFO  main            d.u.i.k.p.i.AbstractProblemLoader Creating init config 
90388      DEBUG main            d.u.i.k.p.i.AbstractProblemLoader Init config took 2.16s 
90403      INFO  main            d.u.i.k.p.i.AbstractProblemLoader Replaying proof simpleLengthComp.key.proof 
90425      DEBUG main            d.u.i.k.p.i.IntermediateProofReplayer Proof replay took 20.2ms 
90426      DEBUG main            d.u.i.k.p.r.p.TestFile    ... success: reloaded. 
90427      INFO  main            d.u.i.k.p.r.p.TestFile    Now processing file /home/runner/work/key/key/key.core/../key.ui/examples/standard_key/strings/stringCompileTimeConstant1.key 
90427      INFO  main            d.u.i.k.p.i.AbstractProblemLoader Loading environment from /home/runner/work/key/key/key.core/../key.ui/examples/standard_key/strings/stringCompileTimeConstant1.key 
90427      DEBUG main            d.u.i.k.p.i.AbstractProblemLoader Environment load took 162.1ns 
90428      INFO  main            d.u.i.k.p.i.AbstractProblemLoader Creating init config 
92639      DEBUG main            d.u.i.k.p.i.AbstractProblemLoader Init config took 2.21s 
92652      INFO  main            d.u.i.k.p.i.AbstractProblemLoader Replaying proof stringCompileTimeConstant1.key 
92653      DEBUG main            d.u.i.k.p.i.IntermediateProofReplayer Proof replay took 5.8ns 
92755      INFO  main            d.u.i.k.p.r.p.TestFile    ... finished proof: closed. 
92953      INFO  main            d.u.i.k.p.i.AbstractProblemLoader Loading environment from /home/runner/work/key/key/key.core/../key.ui/examples/standard_key/strings/stringCompileTimeConstant1.key.proof 
92953      DEBUG main            d.u.i.k.p.i.AbstractProblemLoader Environment load took 92.6ns 
92954      INFO  main            d.u.i.k.p.i.AbstractProblemLoader Creating init config 
95108      DEBUG main            d.u.i.k.p.i.AbstractProblemLoader Init config took 2.15s 
95122      INFO  main            d.u.i.k.p.i.AbstractProblemLoader Replaying proof stringCompileTimeConstant1.key.proof 
95126      DEBUG main            d.u.i.k.p.i.IntermediateProofReplayer Proof replay took 2.44ms 
95127      DEBUG main            d.u.i.k.p.r.p.TestFile    ... success: reloaded. 
95127      INFO  main            d.u.i.k.p.r.p.TestFile    Now processing file /home/runner/work/key/key/key.core/../key.ui/examples/standard_key/strings/stringCompileTimeConstant2.key 
95127      INFO  main            d.u.i.k.p.i.AbstractProblemLoader Loading environment from /home/runner/work/key/key/key.core/../key.ui/examples/standard_key/strings/stringCompileTimeConstant2.key 
95127      DEBUG main            d.u.i.k.p.i.AbstractProblemLoader Environment load took 74.6ns 
95128      INFO  main            d.u.i.k.p.i.AbstractProblemLoader Creating init config 
97490      DEBUG main            d.u.i.k.p.i.AbstractProblemLoader Init config took 2.36s 
97504      INFO  main            d.u.i.k.p.i.AbstractProblemLoader Replaying proof stringCompileTimeConstant2.key 
97505      DEBUG main            d.u.i.k.p.i.IntermediateProofReplayer Proof replay took 7.1ns 
100023     INFO  main            d.u.i.k.p.r.p.TestFile    ... finished proof: closed. 
100268     INFO  main            d.u.i.k.p.i.AbstractProblemLoader Loading environment from /home/runner/work/key/key/key.core/../key.ui/examples/standard_key/strings/stringCompileTimeConstant2.key.proof 
100269     DEBUG main            d.u.i.k.p.i.AbstractProblemLoader Environment load took 1.65ms 
100272     INFO  main            d.u.i.k.p.i.AbstractProblemLoader Creating init config 
102569     DEBUG main            d.u.i.k.p.i.AbstractProblemLoader Init config took 2.3s 
102583     INFO  main            d.u.i.k.p.i.AbstractProblemLoader Replaying proof stringCompileTimeConstant2.key.proof 
102808     DEBUG main            d.u.i.k.p.i.IntermediateProofReplayer Proof replay took 208.87ms 
102809     DEBUG main            d.u.i.k.p.r.p.TestFile    ... success: reloaded. 
102810     INFO  main            d.u.i.k.p.r.p.TestFile    Now processing file /home/runner/work/key/key/key.core/../key.ui/examples/standard_key/strings/stringEquality1.key 
102810     INFO  main            d.u.i.k.p.i.AbstractProblemLoader Loading environment from /home/runner/work/key/key/key.core/../key.ui/examples/standard_key/strings/stringEquality1.key 
102810     DEBUG main            d.u.i.k.p.i.AbstractProblemLoader Environment load took 159.5ns 
102811     INFO  main            d.u.i.k.p.i.AbstractProblemLoader Creating init config 
105067     DEBUG main            d.u.i.k.p.i.AbstractProblemLoader Init config took 2.26s 
105079     INFO  main            d.u.i.k.p.i.AbstractProblemLoader Replaying proof stringEquality1.key 
105080     DEBUG main            d.u.i.k.p.i.IntermediateProofReplayer Proof replay took 5.8ns 
105184     INFO  main            d.u.i.k.p.r.p.TestFile    ... finished proof: closed. 
105431     INFO  main            d.u.i.k.p.i.AbstractProblemLoader Loading environment from /home/runner/work/key/key/key.core/../key.ui/examples/standard_key/strings/stringEquality1.key.proof 
105431     DEBUG main            d.u.i.k.p.i.AbstractProblemLoader Environment load took 96.1ns 
105432     INFO  main            d.u.i.k.p.i.AbstractProblemLoader Creating init config 
107571     DEBUG main            d.u.i.k.p.i.AbstractProblemLoader Init config took 2.14s 
107584     INFO  main            d.u.i.k.p.i.AbstractProblemLoader Replaying proof stringEquality1.key.proof 
107589     DEBUG main            d.u.i.k.p.i.IntermediateProofReplayer Proof replay took 3.51ms 
107590     DEBUG main            d.u.i.k.p.r.p.TestFile    ... success: reloaded. 
107590     INFO  main            d.u.i.k.p.r.p.TestFile    Now processing file /home/runner/work/key/key/key.core/../key.ui/examples/standard_key/strings/stringEquality2.key 
107590     INFO  main            d.u.i.k.p.i.AbstractProblemLoader Loading environment from /home/runner/work/key/key/key.core/../key.ui/examples/standard_key/strings/stringEquality2.key 
107591     DEBUG main            d.u.i.k.p.i.AbstractProblemLoader Environment load took 73.6ns 
107591     INFO  main            d.u.i.k.p.i.AbstractProblemLoader Creating init config 
109780     DEBUG main            d.u.i.k.p.i.AbstractProblemLoader Init config took 2.19s 
109793     INFO  main            d.u.i.k.p.i.AbstractProblemLoader Replaying proof stringEquality2.key 
109794     DEBUG main            d.u.i.k.p.i.IntermediateProofReplayer Proof replay took 6ns 
110196     INFO  main            d.u.i.k.p.r.p.TestFile    ... finished proof: closed. 
110433     INFO  main            d.u.i.k.p.i.AbstractProblemLoader Loading environment from /home/runner/work/key/key/key.core/../key.ui/examples/standard_key/strings/stringEquality2.key.proof 
110433     DEBUG main            d.u.i.k.p.i.AbstractProblemLoader Environment load took 95.2ns 
110434     INFO  main            d.u.i.k.p.i.AbstractProblemLoader Creating init config 
112564     DEBUG main            d.u.i.k.p.i.AbstractProblemLoader Init config took 2.13s 
112576     INFO  main            d.u.i.k.p.i.AbstractProblemLoader Replaying proof stringEquality2.key.proof 
112597     DEBUG main            d.u.i.k.p.i.IntermediateProofReplayer Proof replay took 16.32ms 
112598     DEBUG main            d.u.i.k.p.r.p.TestFile    ... success: reloaded. 
112598     INFO  main            d.u.i.k.p.r.p.TestFile    Now processing file /home/runner/work/key/key/key.core/../key.ui/examples/standard_key/strings/substring0.key 
112598     INFO  main            d.u.i.k.p.i.AbstractProblemLoader Loading environment from /home/runner/work/key/key/key.core/../key.ui/examples/standard_key/strings/substring0.key 
112598     DEBUG main            d.u.i.k.p.i.AbstractProblemLoader Environment load took 64.2ns 
112599     INFO  main            d.u.i.k.p.i.AbstractProblemLoader Creating init config 
114781     DEBUG main            d.u.i.k.p.i.AbstractProblemLoader Init config took 2.18s 
114793     INFO  main            d.u.i.k.p.i.AbstractProblemLoader Replaying proof substring0.key 
114795     DEBUG main            d.u.i.k.p.i.IntermediateProofReplayer Proof replay took 6.3ns 
114901     INFO  main            d.u.i.k.p.r.p.TestFile    ... finished proof: closed. 
115133     INFO  main            d.u.i.k.p.i.AbstractProblemLoader Loading environment from /home/runner/work/key/key/key.core/../key.ui/examples/standard_key/strings/substring0.key.proof 
115133     DEBUG main            d.u.i.k.p.i.AbstractProblemLoader Environment load took 93.6ns 
115134     INFO  main            d.u.i.k.p.i.AbstractProblemLoader Creating init config 
117258     DEBUG main            d.u.i.k.p.i.AbstractProblemLoader Init config took 2.12s 
117271     INFO  main            d.u.i.k.p.i.AbstractProblemLoader Replaying proof substring0.key.proof 
117273     DEBUG main            d.u.i.k.p.i.IntermediateProofReplayer Proof replay took 405.3ns 
117274     DEBUG main            d.u.i.k.p.r.p.TestFile    ... success: reloaded. 
117274     INFO  main            d.u.i.k.p.r.p.TestFile    Now processing file /home/runner/work/key/key/key.core/../key.ui/examples/standard_key/strings/substring1.key 
117275     INFO  main            d.u.i.k.p.i.AbstractProblemLoader Loading environment from /home/runner/work/key/key/key.core/../key.ui/examples/standard_key/strings/substring1.key 
117275     DEBUG main            d.u.i.k.p.i.AbstractProblemLoader Environment load took 76.8ns 
117275     INFO  main            d.u.i.k.p.i.AbstractProblemLoader Creating init config 
119469     DEBUG main            d.u.i.k.p.i.AbstractProblemLoader Init config took 2.19s 
119481     INFO  main            d.u.i.k.p.i.AbstractProblemLoader Replaying proof substring1.key 
119482     DEBUG main            d.u.i.k.p.i.IntermediateProofReplayer Proof replay took 6.6ns 
119584     INFO  main            d.u.i.k.p.r.p.TestFile    ... finished proof: closed. 
119805     INFO  main            d.u.i.k.p.i.AbstractProblemLoader Loading environment from /home/runner/work/key/key/key.core/../key.ui/examples/standard_key/strings/substring1.key.proof 
119805     DEBUG main            d.u.i.k.p.i.AbstractProblemLoader Environment load took 97.8ns 
119806     INFO  main            d.u.i.k.p.i.AbstractProblemLoader Creating init config 
121925     DEBUG main            d.u.i.k.p.i.AbstractProblemLoader Init config took 2.12s 
121936     INFO  main            d.u.i.k.p.i.AbstractProblemLoader Replaying proof substring1.key.proof 
121938     DEBUG main            d.u.i.k.p.i.IntermediateProofReplayer Proof replay took 367.2ns 
121938     DEBUG main            d.u.i.k.p.r.p.TestFile    ... success: reloaded. 
121939     INFO  main            d.u.i.k.p.r.p.TestFile    Now processing file /home/runner/work/key/key/key.core/../key.ui/examples/standard_key/strings/substring2.key 
121939     INFO  main            d.u.i.k.p.i.AbstractProblemLoader Loading environment from /home/runner/work/key/key/key.core/../key.ui/examples/standard_key/strings/substring2.key 
121939     DEBUG main            d.u.i.k.p.i.AbstractProblemLoader Environment load took 80.8ns 
121940     INFO  main            d.u.i.k.p.i.AbstractProblemLoader Creating init config 
124119     DEBUG main            d.u.i.k.p.i.AbstractProblemLoader Init config took 2.18s 
124131     INFO  main            d.u.i.k.p.i.AbstractProblemLoader Replaying proof substring2.key 
124132     DEBUG main            d.u.i.k.p.i.IntermediateProofReplayer Proof replay took 7.4ns 
124234     INFO  main            d.u.i.k.p.r.p.TestFile    ... finished proof: closed. 
124457     INFO  main            d.u.i.k.p.i.AbstractProblemLoader Loading environment from /home/runner/work/key/key/key.core/../key.ui/examples/standard_key/strings/substring2.key.proof 
124457     DEBUG main            d.u.i.k.p.i.AbstractProblemLoader Environment load took 89.6ns 
124458     INFO  main            d.u.i.k.p.i.AbstractProblemLoader Creating init config 
126587     DEBUG main            d.u.i.k.p.i.AbstractProblemLoader Init config took 2.13s 
126599     INFO  main            d.u.i.k.p.i.AbstractProblemLoader Replaying proof substring2.key.proof 
126602     DEBUG main            d.u.i.k.p.i.IntermediateProofReplayer Proof replay took 941.6ns 
126603     DEBUG main            d.u.i.k.p.r.p.TestFile    ... success: reloaded. 
126604     INFO  main            d.u.i.k.p.r.p.TestFile    Now processing file /home/runner/work/key/key/key.core/../key.ui/examples/standard_key/strings/substring3.key 
126604     INFO  main            d.u.i.k.p.i.AbstractProblemLoader Loading environment from /home/runner/work/key/key/key.core/../key.ui/examples/standard_key/strings/substring3.key 
126604     DEBUG main            d.u.i.k.p.i.AbstractProblemLoader Environment load took 74.4ns 
126606     INFO  main            d.u.i.k.p.i.AbstractProblemLoader Creating init config 
128842     DEBUG main            d.u.i.k.p.i.AbstractProblemLoader Init config took 2.24s 
128856     INFO  main            d.u.i.k.p.i.AbstractProblemLoader Replaying proof substring3.key 
128857     DEBUG main            d.u.i.k.p.i.IntermediateProofReplayer Proof replay took 18.5ns 
128958     INFO  main            d.u.i.k.p.r.p.TestFile    ... finished proof: closed. 
129190     INFO  main            d.u.i.k.p.i.AbstractProblemLoader Loading environment from /home/runner/work/key/key/key.core/../key.ui/examples/standard_key/strings/substring3.key.proof 
129190     DEBUG main            d.u.i.k.p.i.AbstractProblemLoader Environment load took 95ns 
129191     INFO  main            d.u.i.k.p.i.AbstractProblemLoader Creating init config 
131345     DEBUG main            d.u.i.k.p.i.AbstractProblemLoader Init config took 2.15s 
131357     INFO  main            d.u.i.k.p.i.AbstractProblemLoader Replaying proof substring3.key.proof 
131360     DEBUG main            d.u.i.k.p.i.IntermediateProofReplayer Proof replay took 1.39ms 
131361     DEBUG main            d.u.i.k.p.r.p.TestFile    ... success: reloaded. 
131361     INFO  main            d.u.i.k.p.r.p.TestFile    Now processing file /home/runner/work/key/key/key.core/../key.ui/examples/standard_key/strings/substring4.key 
131361     INFO  main            d.u.i.k.p.i.AbstractProblemLoader Loading environment from /home/runner/work/key/key/key.core/../key.ui/examples/standard_key/strings/substring4.key 
131362     DEBUG main            d.u.i.k.p.i.AbstractProblemLoader Environment load took 164.6ns 
131362     INFO  main            d.u.i.k.p.i.AbstractProblemLoader Creating init config 
133503     DEBUG main            d.u.i.k.p.i.AbstractProblemLoader Init config took 2.14s 
133515     INFO  main            d.u.i.k.p.i.AbstractProblemLoader Replaying proof substring4.key 
133516     DEBUG main            d.u.i.k.p.i.IntermediateProofReplayer Proof replay took 6.2ns 
133621     INFO  main            d.u.i.k.p.r.p.TestFile    ... finished proof: closed. 
133864     INFO  main            d.u.i.k.p.i.AbstractProblemLoader Loading environment from /home/runner/work/key/key/key.core/../key.ui/examples/standard_key/strings/substring4.key.proof 
133864     DEBUG main            d.u.i.k.p.i.AbstractProblemLoader Environment load took 85.6ns 
133866     INFO  main            d.u.i.k.p.i.AbstractProblemLoader Creating init config 
136013     DEBUG main            d.u.i.k.p.i.AbstractProblemLoader Init config took 2.15s 
136026     INFO  main            d.u.i.k.p.i.AbstractProblemLoader Replaying proof substring4.key.proof 
136029     DEBUG main            d.u.i.k.p.i.IntermediateProofReplayer Proof replay took 1.82ms 
136030     DEBUG main            d.u.i.k.p.r.p.TestFile    ... success: reloaded. 
136030     INFO  main            d.u.i.k.p.r.p.TestFile    Now processing file /home/runner/work/key/key/key.core/../key.ui/examples/standard_key/strings/substring5.key 
136030     INFO  main            d.u.i.k.p.i.AbstractProblemLoader Loading environment from /home/runner/work/key/key/key.core/../key.ui/examples/standard_key/strings/substring5.key 
136030     DEBUG main            d.u.i.k.p.i.AbstractProblemLoader Environment load took 55.5ns 
136031     INFO  main            d.u.i.k.p.i.AbstractProblemLoader Creating init config 
138238     DEBUG main            d.u.i.k.p.i.AbstractProblemLoader Init config took 2.21s 
138252     INFO  main            d.u.i.k.p.i.AbstractProblemLoader Replaying proof substring5.key 
138253     DEBUG main            d.u.i.k.p.i.IntermediateProofReplayer Proof replay took 6.7ns 
138462     INFO  main            d.u.i.k.p.r.p.TestFile    ... finished proof: closed. 
138730     INFO  main            d.u.i.k.p.i.AbstractProblemLoader Loading environment from /home/runner/work/key/key/key.core/../key.ui/examples/standard_key/strings/substring5.key.proof 
138730     DEBUG main            d.u.i.k.p.i.AbstractProblemLoader Environment load took 86.6ns 
138731     INFO  main            d.u.i.k.p.i.AbstractProblemLoader Creating init config 
140855     DEBUG main            d.u.i.k.p.i.AbstractProblemLoader Init config took 2.12s 
140867     INFO  main            d.u.i.k.p.i.AbstractProblemLoader Replaying proof substring5.key.proof 
140883     DEBUG main            d.u.i.k.p.i.IntermediateProofReplayer Proof replay took 12.15ms 
140883     DEBUG main            d.u.i.k.p.r.p.TestFile    ... success: reloaded. 
3863838    INFO  Test worker     d.u.i.k.p.r.RunAllProofsTestUnit Returning from test strings 
3863839    INFO  Test worker     d.u.i.k.p.r.RunAllProofsTestUnit Running test simple_info_flow 
345        INFO  Timeout watchdog d.u.i.k.p.r.p.ForkedTestFileRunner Timeout watcher launched (2000 secs.) 
348        WARN  main            d.u.i.k.s.ProofSettings   The settings in /home/runner/.key/proof-settings.props are *not* read. 
400        INFO  main            d.u.i.k.p.r.p.TestFile    Now processing file /home/runner/work/key/key/key.core/../key.ui/examples/heap/information_flow/UpdateAbstraction_ex7_1_insecure.key 
548        INFO  main            d.u.i.k.p.i.AbstractProblemLoader Loading environment from /home/runner/work/key/key/key.core/../key.ui/examples/heap/information_flow/UpdateAbstraction_ex7_1_insecure.key 
564        DEBUG main            d.u.i.k.p.i.AbstractProblemLoader Environment load took 1.76ms 
774        INFO  main            d.u.i.k.p.i.AbstractProblemLoader Creating init config 
1646       DEBUG main            d.u.i.k.j.TypeConverter   No LDT found for Meta 
1647       DEBUG main            d.u.i.k.j.TypeConverter   No LDT found for Meta 
1648       DEBUG main            d.u.i.k.j.TypeConverter   No LDT found for Meta 
1648       DEBUG main            d.u.i.k.j.TypeConverter   No LDT found for Meta 
3168       DEBUG main            d.u.i.k.j.TypeConverter   No LDT found for JavaBigintExpression 
8321       DEBUG main            d.u.i.k.p.i.AbstractProblemLoader Init config took 7.55s 
8440       INFO  main            d.u.i.k.p.i.AbstractProblemLoader Replaying proof UpdateAbstraction[UpdateAbstraction::ex7_1_insecure()].JML operation contract.0 
8492       DEBUG main            d.u.i.k.p.i.IntermediateProofReplayer Proof replay took 32ns 
9053       INFO  main            d.u.i.k.p.r.p.TestFile    ... finished proof: open goal(s) 
9153       INFO  main            d.u.i.k.p.r.p.TestFile    Now processing file /home/runner/work/key/key/key.core/../key.ui/examples/heap/information_flow/UpdateAbstraction_ex7_2_insecure.key 
9156       INFO  main            d.u.i.k.p.i.AbstractProblemLoader Loading environment from /home/runner/work/key/key/key.core/../key.ui/examples/heap/information_flow/UpdateAbstraction_ex7_2_insecure.key 
9156       DEBUG main            d.u.i.k.p.i.AbstractProblemLoader Environment load took 128.6ns 
9157       INFO  main            d.u.i.k.p.i.AbstractProblemLoader Creating init config 
11994      DEBUG main            d.u.i.k.p.i.AbstractProblemLoader Init config took 2.84s 
12063      INFO  main            d.u.i.k.p.i.AbstractProblemLoader Replaying proof UpdateAbstraction[UpdateAbstraction::ex7_2_insecure()].JML operation contract.0 
12065      DEBUG main            d.u.i.k.p.i.IntermediateProofReplayer Proof replay took 5.5ns 
12370      INFO  main            d.u.i.k.p.r.p.TestFile    ... finished proof: open goal(s) 
3876475    INFO  Test worker     d.u.i.k.p.r.RunAllProofsTestUnit Returning from test simple_info_flow 
3876476    INFO  Test worker     d.u.i.k.p.r.RunAllProofsTestUnit Running test modelMethods 
425        WARN  main            d.u.i.k.s.ProofSettings   The settings in /home/runner/.key/proof-settings.props are *not* read. 
403        INFO  Timeout watchdog d.u.i.k.p.r.p.ForkedTestFileRunner Timeout watcher launched (2000 secs.) 
480        INFO  main            d.u.i.k.p.r.p.TestFile    Now processing file /home/runner/work/key/key/key.core/../key.ui/examples/heap/model_methods/Cell_footprint_acc.key 
604        INFO  main            d.u.i.k.p.i.AbstractProblemLoader Loading environment from /home/runner/work/key/key/key.core/../key.ui/examples/heap/model_methods/Cell_footprint_acc.key 
624        DEBUG main            d.u.i.k.p.i.AbstractProblemLoader Environment load took 1.9ms 
827        INFO  main            d.u.i.k.p.i.AbstractProblemLoader Creating init config 
1710       DEBUG main            d.u.i.k.j.TypeConverter   No LDT found for Meta 
1711       DEBUG main            d.u.i.k.j.TypeConverter   No LDT found for Meta 
1712       DEBUG main            d.u.i.k.j.TypeConverter   No LDT found for Meta 
1712       DEBUG main            d.u.i.k.j.TypeConverter   No LDT found for Meta 
2985       DEBUG main            d.u.i.k.j.TypeConverter   No LDT found for JavaBigintExpression 
7763       DEBUG main            d.u.i.k.p.i.AbstractProblemLoader Init config took 6.94s 
7952       INFO  main            d.u.i.k.p.i.AbstractProblemLoader Replaying proof Cell[Cell::footprint()].JML accessible clause.0 
7988       DEBUG main            d.u.i.k.p.i.IntermediateProofReplayer Proof replay took 30.1ns 
8333       INFO  main            d.u.i.k.p.r.p.TestFile    ... finished proof: closed. 
8424       INFO  main            d.u.i.k.p.i.AbstractProblemLoader Loading environment from /home/runner/work/key/key/key.core/../key.ui/examples/heap/model_methods/Cell_footprint_acc.key.proof 
8424       DEBUG main            d.u.i.k.p.i.AbstractProblemLoader Environment load took 130ns 
8426       INFO  main            d.u.i.k.p.i.AbstractProblemLoader Creating init config 
11078      DEBUG main            d.u.i.k.p.i.AbstractProblemLoader Init config took 2.65s 
11161      INFO  main            d.u.i.k.p.i.AbstractProblemLoader Replaying proof Cell[Cell::footprint()].JML accessible clause.0 
11181      DEBUG main            d.u.i.k.p.i.IntermediateProofReplayer Proof replay took 15.62ms 
11187      DEBUG main            d.u.i.k.p.r.p.TestFile    ... success: reloaded. 
11189      INFO  main            d.u.i.k.p.r.p.TestFile    Now processing file /home/runner/work/key/key/key.core/../key.ui/examples/heap/model_methods/Cell_footprint.key 
11189      INFO  main            d.u.i.k.p.i.AbstractProblemLoader Loading environment from /home/runner/work/key/key/key.core/../key.ui/examples/heap/model_methods/Cell_footprint.key 
11189      DEBUG main            d.u.i.k.p.i.AbstractProblemLoader Environment load took 177.6ns 
11191      INFO  main            d.u.i.k.p.i.AbstractProblemLoader Creating init config 
13754      DEBUG main            d.u.i.k.p.i.AbstractProblemLoader Init config took 2.56s 
13820      INFO  main            d.u.i.k.p.i.AbstractProblemLoader Replaying proof Cell[Cell::footprint()].JML model_behavior operation contract.0 
13823      DEBUG main            d.u.i.k.p.i.IntermediateProofReplayer Proof replay took 5.8ns 
13925      INFO  main            d.u.i.k.p.r.p.TestFile    ... finished proof: closed. 
14050      INFO  main            d.u.i.k.p.i.AbstractProblemLoader Loading environment from /home/runner/work/key/key/key.core/../key.ui/examples/heap/model_methods/Cell_footprint.key.proof 
14051      DEBUG main            d.u.i.k.p.i.AbstractProblemLoader Environment load took 124.2ns 
14052      INFO  main            d.u.i.k.p.i.AbstractProblemLoader Creating init config 
16591      DEBUG main            d.u.i.k.p.i.AbstractProblemLoader Init config took 2.54s 
16676      INFO  main            d.u.i.k.p.i.AbstractProblemLoader Replaying proof Cell[Cell::footprint()].JML model_behavior operation contract.0 
16695      DEBUG main            d.u.i.k.p.i.IntermediateProofReplayer Proof replay took 15.22ms 
16697      DEBUG main            d.u.i.k.p.r.p.TestFile    ... success: reloaded. 
16699      INFO  main            d.u.i.k.p.r.p.TestFile    Now processing file /home/runner/work/key/key/key.core/../key.ui/examples/heap/model_methods/Cell_get_acc.key 
16700      INFO  main            d.u.i.k.p.i.AbstractProblemLoader Loading environment from /home/runner/work/key/key/key.core/../key.ui/examples/heap/model_methods/Cell_get_acc.key 
16700      DEBUG main            d.u.i.k.p.i.AbstractProblemLoader Environment load took 174.9ns 
16703      INFO  main            d.u.i.k.p.i.AbstractProblemLoader Creating init config 
19254      DEBUG main            d.u.i.k.p.i.AbstractProblemLoader Init config took 2.55s 
19321      INFO  main            d.u.i.k.p.i.AbstractProblemLoader Replaying proof Cell[Cell::get()].JML accessible clause.0 
19324      DEBUG main            d.u.i.k.p.i.IntermediateProofReplayer Proof replay took 6.5ns 
19630      INFO  main            d.u.i.k.p.r.p.TestFile    ... finished proof: closed. 
19759      INFO  main            d.u.i.k.p.i.AbstractProblemLoader Loading environment from /home/runner/work/key/key/key.core/../key.ui/examples/heap/model_methods/Cell_get_acc.key.proof 
19759      DEBUG main            d.u.i.k.p.i.AbstractProblemLoader Environment load took 338.5ns 
19761      INFO  main            d.u.i.k.p.i.AbstractProblemLoader Creating init config 
22206      DEBUG main            d.u.i.k.p.i.AbstractProblemLoader Init config took 2.44s 
22256      INFO  main            d.u.i.k.p.i.AbstractProblemLoader Replaying proof Cell[Cell::get()].JML accessible clause.0 
22287      DEBUG main            d.u.i.k.p.i.IntermediateProofReplayer Proof replay took 28.74ms 
22289      DEBUG main            d.u.i.k.p.r.p.TestFile    ... success: reloaded. 
22290      INFO  main            d.u.i.k.p.r.p.TestFile    Now processing file /home/runner/work/key/key/key.core/../key.ui/examples/heap/model_methods/Cell_get.key 
22290      INFO  main            d.u.i.k.p.i.AbstractProblemLoader Loading environment from /home/runner/work/key/key/key.core/../key.ui/examples/heap/model_methods/Cell_get.key 
22290      DEBUG main            d.u.i.k.p.i.AbstractProblemLoader Environment load took 167.7ns 
22291      INFO  main            d.u.i.k.p.i.AbstractProblemLoader Creating init config 
24729      DEBUG main            d.u.i.k.p.i.AbstractProblemLoader Init config took 2.44s 
24792      INFO  main            d.u.i.k.p.i.AbstractProblemLoader Replaying proof Cell[Cell::get()].JML operation contract.0 
24794      DEBUG main            d.u.i.k.p.i.IntermediateProofReplayer Proof replay took 6.1ns 
24896      INFO  main            d.u.i.k.p.r.p.TestFile    ... finished proof: closed. 
25026      INFO  main            d.u.i.k.p.i.AbstractProblemLoader Loading environment from /home/runner/work/key/key/key.core/../key.ui/examples/heap/model_methods/Cell_get.key.proof 
25026      DEBUG main            d.u.i.k.p.i.AbstractProblemLoader Environment load took 110.8ns 
25027      INFO  main            d.u.i.k.p.i.AbstractProblemLoader Creating init config 
27455      DEBUG main            d.u.i.k.p.i.AbstractProblemLoader Init config took 2.43s 
27503      INFO  main            d.u.i.k.p.i.AbstractProblemLoader Replaying proof Cell[Cell::get()].JML operation contract.0 
27520      DEBUG main            d.u.i.k.p.i.IntermediateProofReplayer Proof replay took 14.7ms 
27521      DEBUG main            d.u.i.k.p.r.p.TestFile    ... success: reloaded. 
27522      INFO  main            d.u.i.k.p.r.p.TestFile    Now processing file /home/runner/work/key/key/key.core/../key.ui/examples/heap/model_methods/Cell_post_set.key 
27523      INFO  main            d.u.i.k.p.i.AbstractProblemLoader Loading environment from /home/runner/work/key/key/key.core/../key.ui/examples/heap/model_methods/Cell_post_set.key 
27523      DEBUG main            d.u.i.k.p.i.AbstractProblemLoader Environment load took 169.9ns 
27524      INFO  main            d.u.i.k.p.i.AbstractProblemLoader Creating init config 
29970      DEBUG main            d.u.i.k.p.i.AbstractProblemLoader Init config took 2.45s 
30035      INFO  main            d.u.i.k.p.i.AbstractProblemLoader Replaying proof Cell[Cell::post_set(int)].JML model_behavior operation contract.0 
30038      DEBUG main            d.u.i.k.p.i.IntermediateProofReplayer Proof replay took 5.7ns 
30140      INFO  main            d.u.i.k.p.r.p.TestFile    ... finished proof: closed. 
30276      INFO  main            d.u.i.k.p.i.AbstractProblemLoader Loading environment from /home/runner/work/key/key/key.core/../key.ui/examples/heap/model_methods/Cell_post_set.key.proof 
30277      DEBUG main            d.u.i.k.p.i.AbstractProblemLoader Environment load took 114.4ns 
30277      INFO  main            d.u.i.k.p.i.AbstractProblemLoader Creating init config 
32668      DEBUG main            d.u.i.k.p.i.AbstractProblemLoader Init config took 2.39s 
32716      INFO  main            d.u.i.k.p.i.AbstractProblemLoader Replaying proof Cell[Cell::post_set(int)].JML model_behavior operation contract.0 
32722      DEBUG main            d.u.i.k.p.i.IntermediateProofReplayer Proof replay took 4.11ms 
32723      DEBUG main            d.u.i.k.p.r.p.TestFile    ... success: reloaded. 
32724      INFO  main            d.u.i.k.p.r.p.TestFile    Now processing file /home/runner/work/key/key/key.core/../key.ui/examples/heap/model_methods/Cell_set.key 
32724      INFO  main            d.u.i.k.p.i.AbstractProblemLoader Loading environment from /home/runner/work/key/key/key.core/../key.ui/examples/heap/model_methods/Cell_set.key 
32724      DEBUG main            d.u.i.k.p.i.AbstractProblemLoader Environment load took 76.2ns 
32725      INFO  main            d.u.i.k.p.i.AbstractProblemLoader Creating init config 
35143      DEBUG main            d.u.i.k.p.i.AbstractProblemLoader Init config took 2.42s 
35189      INFO  main            d.u.i.k.p.i.AbstractProblemLoader Replaying proof Cell[Cell::set(int)].JML operation contract.0 
35191      DEBUG main            d.u.i.k.p.i.IntermediateProofReplayer Proof replay took 6ns 
42229      INFO  main            d.u.i.k.p.r.p.TestFile    ... finished proof: closed. 
42458      INFO  main            d.u.i.k.p.i.AbstractProblemLoader Loading environment from /home/runner/work/key/key/key.core/../key.ui/examples/heap/model_methods/Cell_set.key.proof 
42458      DEBUG main            d.u.i.k.p.i.AbstractProblemLoader Environment load took 333.1ns 
42459      INFO  main            d.u.i.k.p.i.AbstractProblemLoader Creating init config 
44800      DEBUG main            d.u.i.k.p.i.AbstractProblemLoader Init config took 2.34s 
44862      INFO  main            d.u.i.k.p.i.AbstractProblemLoader Replaying proof Cell[Cell::set(int)].JML operation contract.0 
45282      DEBUG main            d.u.i.k.p.i.IntermediateProofReplayer Proof replay took 402.52ms 
45284      DEBUG main            d.u.i.k.p.r.p.TestFile    ... success: reloaded. 
45285      INFO  main            d.u.i.k.p.r.p.TestFile    Now processing file /home/runner/work/key/key/key.core/../key.ui/examples/heap/model_methods/CellTest_callSet.key 
45285      INFO  main            d.u.i.k.p.i.AbstractProblemLoader Loading environment from /home/runner/work/key/key/key.core/../key.ui/examples/heap/model_methods/CellTest_callSet.key 
45286      DEBUG main            d.u.i.k.p.i.AbstractProblemLoader Environment load took 164ns 
45287      INFO  main            d.u.i.k.p.i.AbstractProblemLoader Creating init config 
47698      DEBUG main            d.u.i.k.p.i.AbstractProblemLoader Init config took 2.41s 
47763      INFO  main            d.u.i.k.p.i.AbstractProblemLoader Replaying proof CellTest[CellTest::callSet(Cell,int)].JML operation contract.0 
47765      DEBUG main            d.u.i.k.p.i.IntermediateProofReplayer Proof replay took 5.8ns 
47968      INFO  main            d.u.i.k.p.r.p.TestFile    ... finished proof: closed. 
48120      INFO  main            d.u.i.k.p.i.AbstractProblemLoader Loading environment from /home/runner/work/key/key/key.core/../key.ui/examples/heap/model_methods/CellTest_callSet.key.proof 
48120      DEBUG main            d.u.i.k.p.i.AbstractProblemLoader Environment load took 111.6ns 
48122      INFO  main            d.u.i.k.p.i.AbstractProblemLoader Creating init config 
50484      DEBUG main            d.u.i.k.p.i.AbstractProblemLoader Init config took 2.36s 
50530      INFO  main            d.u.i.k.p.i.AbstractProblemLoader Replaying proof CellTest[CellTest::callSet(Cell,int)].JML operation contract.0 
50568      DEBUG main            d.u.i.k.p.i.IntermediateProofReplayer Proof replay took 34.69ms 
50569      DEBUG main            d.u.i.k.p.r.p.TestFile    ... success: reloaded. 
50570      INFO  main            d.u.i.k.p.r.p.TestFile    Now processing file /home/runner/work/key/key/key.core/../key.ui/examples/heap/model_methods/CellTest_test2.key 
50570      INFO  main            d.u.i.k.p.i.AbstractProblemLoader Loading environment from /home/runner/work/key/key/key.core/../key.ui/examples/heap/model_methods/CellTest_test2.key 
50571      DEBUG main            d.u.i.k.p.i.AbstractProblemLoader Environment load took 166.5ns 
50572      INFO  main            d.u.i.k.p.i.AbstractProblemLoader Creating init config 
52956      DEBUG main            d.u.i.k.p.i.AbstractProblemLoader Init config took 2.38s 
52999      INFO  main            d.u.i.k.p.i.AbstractProblemLoader Replaying proof CellTest[CellTest::test2(Cell)].JML operation contract.0 
53000      DEBUG main            d.u.i.k.p.i.IntermediateProofReplayer Proof replay took 5.2ns 
53304      INFO  main            d.u.i.k.p.r.p.TestFile    ... finished proof: closed. 
53520      INFO  main            d.u.i.k.p.i.AbstractProblemLoader Loading environment from /home/runner/work/key/key/key.core/../key.ui/examples/heap/model_methods/CellTest_test2.key.proof 
53521      DEBUG main            d.u.i.k.p.i.AbstractProblemLoader Environment load took 111.5ns 
53522      INFO  main            d.u.i.k.p.i.AbstractProblemLoader Creating init config 
55875      DEBUG main            d.u.i.k.p.i.AbstractProblemLoader Init config took 2.35s 
55917      INFO  main            d.u.i.k.p.i.AbstractProblemLoader Replaying proof CellTest[CellTest::test2(Cell)].JML operation contract.0 
55978      DEBUG main            d.u.i.k.p.i.IntermediateProofReplayer Proof replay took 58.92ms 
55979      DEBUG main            d.u.i.k.p.r.p.TestFile    ... success: reloaded. 
55980      INFO  main            d.u.i.k.p.r.p.TestFile    Now processing file /home/runner/work/key/key/key.core/../key.ui/examples/heap/model_methods/CellTest_test.key 
55981      INFO  main            d.u.i.k.p.i.AbstractProblemLoader Loading environment from /home/runner/work/key/key/key.core/../key.ui/examples/heap/model_methods/CellTest_test.key 
55981      DEBUG main            d.u.i.k.p.i.AbstractProblemLoader Environment load took 131.1ns 
55982      INFO  main            d.u.i.k.p.i.AbstractProblemLoader Creating init config 
58379      DEBUG main            d.u.i.k.p.i.AbstractProblemLoader Init config took 2.4s 
58420      INFO  main            d.u.i.k.p.i.AbstractProblemLoader Replaying proof CellTest[CellTest::test(Recell)].JML operation contract.0 
58422      DEBUG main            d.u.i.k.p.i.IntermediateProofReplayer Proof replay took 6.1ns 
60571      INFO  main            d.u.i.k.p.r.p.TestFile    ... finished proof: closed. 
60759      INFO  main            d.u.i.k.p.i.AbstractProblemLoader Loading environment from /home/runner/work/key/key/key.core/../key.ui/examples/heap/model_methods/CellTest_test.key.proof 
60759      DEBUG main            d.u.i.k.p.i.AbstractProblemLoader Environment load took 340ns 
60761      INFO  main            d.u.i.k.p.i.AbstractProblemLoader Creating init config 
63083      DEBUG main            d.u.i.k.p.i.AbstractProblemLoader Init config took 2.32s 
63123      INFO  main            d.u.i.k.p.i.AbstractProblemLoader Replaying proof CellTest[CellTest::test(Recell)].JML operation contract.0 
63455      DEBUG main            d.u.i.k.p.i.IntermediateProofReplayer Proof replay took 316.68ms 
63456      DEBUG main            d.u.i.k.p.r.p.TestFile    ... success: reloaded. 
63457      INFO  main            d.u.i.k.p.r.p.TestFile    Now processing file /home/runner/work/key/key/key.core/../key.ui/examples/heap/model_methods/Coll1_add.key 
63457      INFO  main            d.u.i.k.p.i.AbstractProblemLoader Loading environment from /home/runner/work/key/key/key.core/../key.ui/examples/heap/model_methods/Coll1_add.key 
63458      DEBUG main            d.u.i.k.p.i.AbstractProblemLoader Environment load took 162.9ns 
63459      INFO  main            d.u.i.k.p.i.AbstractProblemLoader Creating init config 
65834      DEBUG main            d.u.i.k.p.i.AbstractProblemLoader Init config took 2.38s 
65875      INFO  main            d.u.i.k.p.i.AbstractProblemLoader Replaying proof Coll1[Coll::add(int)].JML operation contract.0 
65877      DEBUG main            d.u.i.k.p.i.IntermediateProofReplayer Proof replay took 5.5ns 
65978      INFO  main            d.u.i.k.p.r.p.TestFile    ... finished proof: closed. 
66148      INFO  main            d.u.i.k.p.i.AbstractProblemLoader Loading environment from /home/runner/work/key/key/key.core/../key.ui/examples/heap/model_methods/Coll1_add.key.proof 
66148      DEBUG main            d.u.i.k.p.i.AbstractProblemLoader Environment load took 115.4ns 
66149      INFO  main            d.u.i.k.p.i.AbstractProblemLoader Creating init config 
68512      DEBUG main            d.u.i.k.p.i.AbstractProblemLoader Init config took 2.36s 
68554      INFO  main            d.u.i.k.p.i.AbstractProblemLoader Replaying proof Coll1[Coll::add(int)].JML operation contract.0 
68562      DEBUG main            d.u.i.k.p.i.IntermediateProofReplayer Proof replay took 5.82ms 
68563      DEBUG main            d.u.i.k.p.r.p.TestFile    ... success: reloaded. 
68564      INFO  main            d.u.i.k.p.r.p.TestFile    Now processing file /home/runner/work/key/key/key.core/../key.ui/examples/heap/model_methods/Coll1_Coll1_add_pre.key 
68564      INFO  main            d.u.i.k.p.i.AbstractProblemLoader Loading environment from /home/runner/work/key/key/key.core/../key.ui/examples/heap/model_methods/Coll1_Coll1_add_pre.key 
68564      DEBUG main            d.u.i.k.p.i.AbstractProblemLoader Environment load took 169.6ns 
68565      INFO  main            d.u.i.k.p.i.AbstractProblemLoader Creating init config 
70906      DEBUG main            d.u.i.k.p.i.AbstractProblemLoader Init config took 2.34s 
70948      INFO  main            d.u.i.k.p.i.AbstractProblemLoader Replaying proof Coll1[Coll1::add_pre(int)].JML model_behavior operation contract.0 
70950      DEBUG main            d.u.i.k.p.i.IntermediateProofReplayer Proof replay took 5.8ns 
71051      INFO  main            d.u.i.k.p.r.p.TestFile    ... finished proof: closed. 
71223      INFO  main            d.u.i.k.p.i.AbstractProblemLoader Loading environment from /home/runner/work/key/key/key.core/../key.ui/examples/heap/model_methods/Coll1_Coll1_add_pre.key.proof 
71223      DEBUG main            d.u.i.k.p.i.AbstractProblemLoader Environment load took 112.3ns 
71224      INFO  main            d.u.i.k.p.i.AbstractProblemLoader Creating init config 
73587      DEBUG main            d.u.i.k.p.i.AbstractProblemLoader Init config took 2.36s 
73635      INFO  main            d.u.i.k.p.i.AbstractProblemLoader Replaying proof Coll1[Coll1::add_pre(int)].JML model_behavior operation contract.0 
73639      DEBUG main            d.u.i.k.p.i.IntermediateProofReplayer Proof replay took 1.26ms 
73641      DEBUG main            d.u.i.k.p.r.p.TestFile    ... success: reloaded. 
73642      INFO  main            d.u.i.k.p.r.p.TestFile    Now processing file /home/runner/work/key/key/key.core/../key.ui/examples/heap/model_methods/Coll1_Coll_add_pre.key 
73642      INFO  main            d.u.i.k.p.i.AbstractProblemLoader Loading environment from /home/runner/work/key/key/key.core/../key.ui/examples/heap/model_methods/Coll1_Coll_add_pre.key 
73642      DEBUG main            d.u.i.k.p.i.AbstractProblemLoader Environment load took 56.7ns 
73643      INFO  main            d.u.i.k.p.i.AbstractProblemLoader Creating init config 
75981      DEBUG main            d.u.i.k.p.i.AbstractProblemLoader Init config took 2.34s 
76020      INFO  main            d.u.i.k.p.i.AbstractProblemLoader Replaying proof Coll1[Coll::add_pre(int)].JML model_behavior operation contract.0 
76022      DEBUG main            d.u.i.k.p.i.IntermediateProofReplayer Proof replay took 5.8ns 
76123      INFO  main            d.u.i.k.p.r.p.TestFile    ... finished proof: closed. 
76299      INFO  main            d.u.i.k.p.i.AbstractProblemLoader Loading environment from /home/runner/work/key/key/key.core/../key.ui/examples/heap/model_methods/Coll1_Coll_add_pre.key.proof 
76299      DEBUG main            d.u.i.k.p.i.AbstractProblemLoader Environment load took 105.6ns 
76300      INFO  main            d.u.i.k.p.i.AbstractProblemLoader Creating init config 
78601      DEBUG main            d.u.i.k.p.i.AbstractProblemLoader Init config took 2.3s 
78640      INFO  main            d.u.i.k.p.i.AbstractProblemLoader Replaying proof Coll1[Coll::add_pre(int)].JML model_behavior operation contract.0 
78644      DEBUG main            d.u.i.k.p.i.IntermediateProofReplayer Proof replay took 1.97ms 
78645      DEBUG main            d.u.i.k.p.r.p.TestFile    ... success: reloaded. 
78645      INFO  main            d.u.i.k.p.r.p.TestFile    Now processing file /home/runner/work/key/key/key.core/../key.ui/examples/heap/model_methods/Coll2_add.key 
78646      INFO  main            d.u.i.k.p.i.AbstractProblemLoader Loading environment from /home/runner/work/key/key/key.core/../key.ui/examples/heap/model_methods/Coll2_add.key 
78646      DEBUG main            d.u.i.k.p.i.AbstractProblemLoader Environment load took 82.4ns 
78647      INFO  main            d.u.i.k.p.i.AbstractProblemLoader Creating init config 
81015      DEBUG main            d.u.i.k.p.i.AbstractProblemLoader Init config took 2.37s 
81055      INFO  main            d.u.i.k.p.i.AbstractProblemLoader Replaying proof Coll2[Coll::add(int)].JML operation contract.0 
81057      DEBUG main            d.u.i.k.p.i.IntermediateProofReplayer Proof replay took 5.2ns 
81159      INFO  main            d.u.i.k.p.r.p.TestFile    ... finished proof: closed. 
81357      INFO  main            d.u.i.k.p.i.AbstractProblemLoader Loading environment from /home/runner/work/key/key/key.core/../key.ui/examples/heap/model_methods/Coll2_add.key.proof 
81357      DEBUG main            d.u.i.k.p.i.AbstractProblemLoader Environment load took 100ns 
81358      INFO  main            d.u.i.k.p.i.AbstractProblemLoader Creating init config 
83683      DEBUG main            d.u.i.k.p.i.AbstractProblemLoader Init config took 2.32s 
83721      INFO  main            d.u.i.k.p.i.AbstractProblemLoader Replaying proof Coll2[Coll::add(int)].JML operation contract.0 
83728      DEBUG main            d.u.i.k.p.i.IntermediateProofReplayer Proof replay took 5.22ms 
83729      DEBUG main            d.u.i.k.p.r.p.TestFile    ... success: reloaded. 
83730      INFO  main            d.u.i.k.p.r.p.TestFile    Now processing file /home/runner/work/key/key/key.core/../key.ui/examples/heap/model_methods/Coll2_Coll2_add_pre.key 
83730      INFO  main            d.u.i.k.p.i.AbstractProblemLoader Loading environment from /home/runner/work/key/key/key.core/../key.ui/examples/heap/model_methods/Coll2_Coll2_add_pre.key 
83730      DEBUG main            d.u.i.k.p.i.AbstractProblemLoader Environment load took 169.9ns 
83731      INFO  main            d.u.i.k.p.i.AbstractProblemLoader Creating init config 
86105      DEBUG main            d.u.i.k.p.i.AbstractProblemLoader Init config took 2.37s 
86143      INFO  main            d.u.i.k.p.i.AbstractProblemLoader Replaying proof Coll2[Coll2::add_pre(int)].JML model_behavior operation contract.0 
86144      DEBUG main            d.u.i.k.p.i.IntermediateProofReplayer Proof replay took 5.2ns 
86245      INFO  main            d.u.i.k.p.r.p.TestFile    ... finished proof: closed. 
86449      INFO  main            d.u.i.k.p.i.AbstractProblemLoader Loading environment from /home/runner/work/key/key/key.core/../key.ui/examples/heap/model_methods/Coll2_Coll2_add_pre.key.proof 
86450      DEBUG main            d.u.i.k.p.i.AbstractProblemLoader Environment load took 141.7ns 
86451      INFO  main            d.u.i.k.p.i.AbstractProblemLoader Creating init config 
88758      DEBUG main            d.u.i.k.p.i.AbstractProblemLoader Init config took 2.31s 
88797      INFO  main            d.u.i.k.p.i.AbstractProblemLoader Replaying proof Coll2[Coll2::add_pre(int)].JML model_behavior operation contract.0 
88801      DEBUG main            d.u.i.k.p.i.IntermediateProofReplayer Proof replay took 1.94ms 
88801      DEBUG main            d.u.i.k.p.r.p.TestFile    ... success: reloaded. 
88804      INFO  main            d.u.i.k.p.r.p.TestFile    Now processing file /home/runner/work/key/key/key.core/../key.ui/examples/heap/model_methods/Coll2_Coll_add_pre.key 
88805      INFO  main            d.u.i.k.p.i.AbstractProblemLoader Loading environment from /home/runner/work/key/key/key.core/../key.ui/examples/heap/model_methods/Coll2_Coll_add_pre.key 
88805      DEBUG main            d.u.i.k.p.i.AbstractProblemLoader Environment load took 167.9ns 
88806      INFO  main            d.u.i.k.p.i.AbstractProblemLoader Creating init config 
91161      DEBUG main            d.u.i.k.p.i.AbstractProblemLoader Init config took 2.36s 
91199      INFO  main            d.u.i.k.p.i.AbstractProblemLoader Replaying proof Coll2[Coll::add_pre(int)].JML model_behavior operation contract.0 
91200      DEBUG main            d.u.i.k.p.i.IntermediateProofReplayer Proof replay took 6ns 
91303      INFO  main            d.u.i.k.p.r.p.TestFile    ... finished proof: closed. 
91499      INFO  main            d.u.i.k.p.i.AbstractProblemLoader Loading environment from /home/runner/work/key/key/key.core/../key.ui/examples/heap/model_methods/Coll2_Coll_add_pre.key.proof 
91499      DEBUG main            d.u.i.k.p.i.AbstractProblemLoader Environment load took 104.2ns 
91500      INFO  main            d.u.i.k.p.i.AbstractProblemLoader Creating init config 
93788      DEBUG main            d.u.i.k.p.i.AbstractProblemLoader Init config took 2.29s 
93826      INFO  main            d.u.i.k.p.i.AbstractProblemLoader Replaying proof Coll2[Coll::add_pre(int)].JML model_behavior operation contract.0 
93829      DEBUG main            d.u.i.k.p.i.IntermediateProofReplayer Proof replay took 1.69ms 
93829      DEBUG main            d.u.i.k.p.r.p.TestFile    ... success: reloaded. 
93830      INFO  main            d.u.i.k.p.r.p.TestFile    Now processing file /home/runner/work/key/key/key.core/../key.ui/examples/heap/model_methods/Coll_add.key 
93831      INFO  main            d.u.i.k.p.i.AbstractProblemLoader Loading environment from /home/runner/work/key/key/key.core/../key.ui/examples/heap/model_methods/Coll_add.key 
93831      DEBUG main            d.u.i.k.p.i.AbstractProblemLoader Environment load took 57.6ns 
93832      INFO  main            d.u.i.k.p.i.AbstractProblemLoader Creating init config 
96215      DEBUG main            d.u.i.k.p.i.AbstractProblemLoader Init config took 2.38s 
96253      INFO  main            d.u.i.k.p.i.AbstractProblemLoader Replaying proof Coll[Coll::add(int)].JML operation contract.0 
96255      DEBUG main            d.u.i.k.p.i.IntermediateProofReplayer Proof replay took 6.1ns 
96356      INFO  main            d.u.i.k.p.r.p.TestFile    ... finished proof: closed. 
96595      INFO  main            d.u.i.k.p.i.AbstractProblemLoader Loading environment from /home/runner/work/key/key/key.core/../key.ui/examples/heap/model_methods/Coll_add.key.proof 
96595      DEBUG main            d.u.i.k.p.i.AbstractProblemLoader Environment load took 121ns 
96596      INFO  main            d.u.i.k.p.i.AbstractProblemLoader Creating init config 
98894      DEBUG main            d.u.i.k.p.i.AbstractProblemLoader Init config took 2.3s 
98933      INFO  main            d.u.i.k.p.i.AbstractProblemLoader Replaying proof Coll[Coll::add(int)].JML operation contract.0 
98936      DEBUG main            d.u.i.k.p.i.IntermediateProofReplayer Proof replay took 1.69ms 
98937      DEBUG main            d.u.i.k.p.r.p.TestFile    ... success: reloaded. 
98938      INFO  main            d.u.i.k.p.r.p.TestFile    Now processing file /home/runner/work/key/key/key.core/../key.ui/examples/heap/model_methods/Coll_add_pre.key 
98938      INFO  main            d.u.i.k.p.i.AbstractProblemLoader Loading environment from /home/runner/work/key/key/key.core/../key.ui/examples/heap/model_methods/Coll_add_pre.key 
98938      DEBUG main            d.u.i.k.p.i.AbstractProblemLoader Environment load took 159.6ns 
98939      INFO  main            d.u.i.k.p.i.AbstractProblemLoader Creating init config 
101309     DEBUG main            d.u.i.k.p.i.AbstractProblemLoader Init config took 2.37s 
101347     INFO  main            d.u.i.k.p.i.AbstractProblemLoader Replaying proof Coll[Coll::add_pre(int)].JML model_behavior operation contract.0 
101348     DEBUG main            d.u.i.k.p.i.IntermediateProofReplayer Proof replay took 5.6ns 
101450     INFO  main            d.u.i.k.p.r.p.TestFile    ... finished proof: closed. 
101661     INFO  main            d.u.i.k.p.i.AbstractProblemLoader Loading environment from /home/runner/work/key/key/key.core/../key.ui/examples/heap/model_methods/Coll_add_pre.key.proof 
101661     DEBUG main            d.u.i.k.p.i.AbstractProblemLoader Environment load took 174.4ns 
101662     INFO  main            d.u.i.k.p.i.AbstractProblemLoader Creating init config 
103948     DEBUG main            d.u.i.k.p.i.AbstractProblemLoader Init config took 2.29s 
103991     INFO  main            d.u.i.k.p.i.AbstractProblemLoader Replaying proof Coll[Coll::add_pre(int)].JML model_behavior operation contract.0 
103995     DEBUG main            d.u.i.k.p.i.IntermediateProofReplayer Proof replay took 2.5ms 
103995     DEBUG main            d.u.i.k.p.r.p.TestFile    ... success: reloaded. 
103996     INFO  main            d.u.i.k.p.r.p.TestFile    Now processing file /home/runner/work/key/key/key.core/../key.ui/examples/heap/model_methods/Indirect_callAdd.key 
103996     INFO  main            d.u.i.k.p.i.AbstractProblemLoader Loading environment from /home/runner/work/key/key/key.core/../key.ui/examples/heap/model_methods/Indirect_callAdd.key 
103997     DEBUG main            d.u.i.k.p.i.AbstractProblemLoader Environment load took 75ns 
103997     INFO  main            d.u.i.k.p.i.AbstractProblemLoader Creating init config 
106349     DEBUG main            d.u.i.k.p.i.AbstractProblemLoader Init config took 2.35s 
106386     INFO  main            d.u.i.k.p.i.AbstractProblemLoader Replaying proof Indirect[Indirect::callAdd(Coll,int)].JML operation contract.0 
106389     DEBUG main            d.u.i.k.p.i.IntermediateProofReplayer Proof replay took 5.4ns 
106490     INFO  main            d.u.i.k.p.r.p.TestFile    ... finished proof: closed. 
106708     INFO  main            d.u.i.k.p.i.AbstractProblemLoader Loading environment from /home/runner/work/key/key/key.core/../key.ui/examples/heap/model_methods/Indirect_callAdd.key.proof 
106708     DEBUG main            d.u.i.k.p.i.AbstractProblemLoader Environment load took 97.3ns 
106709     INFO  main            d.u.i.k.p.i.AbstractProblemLoader Creating init config 
109013     DEBUG main            d.u.i.k.p.i.AbstractProblemLoader Init config took 2.3s 
109052     INFO  main            d.u.i.k.p.i.AbstractProblemLoader Replaying proof Indirect[Indirect::callAdd(Coll,int)].JML operation contract.0 
109073     DEBUG main            d.u.i.k.p.i.IntermediateProofReplayer Proof replay took 18.52ms 
109074     DEBUG main            d.u.i.k.p.r.p.TestFile    ... success: reloaded. 
109075     INFO  main            d.u.i.k.p.r.p.TestFile    Now processing file /home/runner/work/key/key/key.core/../key.ui/examples/heap/model_methods/Indirect_test.key 
109075     INFO  main            d.u.i.k.p.i.AbstractProblemLoader Loading environment from /home/runner/work/key/key/key.core/../key.ui/examples/heap/model_methods/Indirect_test.key 
109076     DEBUG main            d.u.i.k.p.i.AbstractProblemLoader Environment load took 154.7ns 
109076     INFO  main            d.u.i.k.p.i.AbstractProblemLoader Creating init config 
111386     DEBUG main            d.u.i.k.p.i.AbstractProblemLoader Init config took 2.31s 
111424     INFO  main            d.u.i.k.p.i.AbstractProblemLoader Replaying proof Indirect[Indirect::test(Coll1,Coll2)].JML operation contract.0 
111425     DEBUG main            d.u.i.k.p.i.IntermediateProofReplayer Proof replay took 5.6ns 
111629     INFO  main            d.u.i.k.p.r.p.TestFile    ... finished proof: closed. 
111857     INFO  main            d.u.i.k.p.i.AbstractProblemLoader Loading environment from /home/runner/work/key/key/key.core/../key.ui/examples/heap/model_methods/Indirect_test.key.proof 
111857     DEBUG main            d.u.i.k.p.i.AbstractProblemLoader Environment load took 97.2ns 
111859     INFO  main            d.u.i.k.p.i.AbstractProblemLoader Creating init config 
114133     DEBUG main            d.u.i.k.p.i.AbstractProblemLoader Init config took 2.27s 
114170     INFO  main            d.u.i.k.p.i.AbstractProblemLoader Replaying proof Indirect[Indirect::test(Coll1,Coll2)].JML operation contract.0 
114215     DEBUG main            d.u.i.k.p.i.IntermediateProofReplayer Proof replay took 41.36ms 
114215     DEBUG main            d.u.i.k.p.r.p.TestFile    ... success: reloaded. 
114216     INFO  main            d.u.i.k.p.r.p.TestFile    Now processing file /home/runner/work/key/key/key.core/../key.ui/examples/heap/model_methods/Recell_Cell_footprint.key 
114216     INFO  main            d.u.i.k.p.i.AbstractProblemLoader Loading environment from /home/runner/work/key/key/key.core/../key.ui/examples/heap/model_methods/Recell_Cell_footprint.key 
114217     DEBUG main            d.u.i.k.p.i.AbstractProblemLoader Environment load took 76.1ns 
114217     INFO  main            d.u.i.k.p.i.AbstractProblemLoader Creating init config 
116591     DEBUG main            d.u.i.k.p.i.AbstractProblemLoader Init config took 2.37s 
116628     INFO  main            d.u.i.k.p.i.AbstractProblemLoader Replaying proof Recell[Cell::footprint()].JML model_behavior operation contract.0 
116629     DEBUG main            d.u.i.k.p.i.IntermediateProofReplayer Proof replay took 5.2ns 
116731     INFO  main            d.u.i.k.p.r.p.TestFile    ... finished proof: closed. 
116955     INFO  main            d.u.i.k.p.i.AbstractProblemLoader Loading environment from /home/runner/work/key/key/key.core/../key.ui/examples/heap/model_methods/Recell_Cell_footprint.key.proof 
116956     DEBUG main            d.u.i.k.p.i.AbstractProblemLoader Environment load took 97.5ns 
116956     INFO  main            d.u.i.k.p.i.AbstractProblemLoader Creating init config 
119241     DEBUG main            d.u.i.k.p.i.AbstractProblemLoader Init config took 2.28s 
119277     INFO  main            d.u.i.k.p.i.AbstractProblemLoader Replaying proof Recell[Cell::footprint()].JML model_behavior operation contract.0 
119281     DEBUG main            d.u.i.k.p.i.IntermediateProofReplayer Proof replay took 2.31ms 
119282     DEBUG main            d.u.i.k.p.r.p.TestFile    ... success: reloaded. 
119283     INFO  main            d.u.i.k.p.r.p.TestFile    Now processing file /home/runner/work/key/key/key.core/../key.ui/examples/heap/model_methods/Recell_Cell_post_set.key 
119283     INFO  main            d.u.i.k.p.i.AbstractProblemLoader Loading environment from /home/runner/work/key/key/key.core/../key.ui/examples/heap/model_methods/Recell_Cell_post_set.key 
119283     DEBUG main            d.u.i.k.p.i.AbstractProblemLoader Environment load took 76.4ns 
119284     INFO  main            d.u.i.k.p.i.AbstractProblemLoader Creating init config 
121627     DEBUG main            d.u.i.k.p.i.AbstractProblemLoader Init config took 2.34s 
121664     INFO  main            d.u.i.k.p.i.AbstractProblemLoader Replaying proof Recell[Cell::post_set(int)].JML model_behavior operation contract.0 
121665     DEBUG main            d.u.i.k.p.i.IntermediateProofReplayer Proof replay took 5.8ns 
121766     INFO  main            d.u.i.k.p.r.p.TestFile    ... finished proof: closed. 
122069     INFO  main            d.u.i.k.p.i.AbstractProblemLoader Loading environment from /home/runner/work/key/key/key.core/../key.ui/examples/heap/model_methods/Recell_Cell_post_set.key.proof 
122069     DEBUG main            d.u.i.k.p.i.AbstractProblemLoader Environment load took 98.5ns 
122070     INFO  main            d.u.i.k.p.i.AbstractProblemLoader Creating init config 
124343     DEBUG main            d.u.i.k.p.i.AbstractProblemLoader Init config took 2.27s 
124380     INFO  main            d.u.i.k.p.i.AbstractProblemLoader Replaying proof Recell[Cell::post_set(int)].JML model_behavior operation contract.0 
124386     DEBUG main            d.u.i.k.p.i.IntermediateProofReplayer Proof replay took 3.99ms 
124387     DEBUG main            d.u.i.k.p.r.p.TestFile    ... success: reloaded. 
124388     INFO  main            d.u.i.k.p.r.p.TestFile    Now processing file /home/runner/work/key/key/key.core/../key.ui/examples/heap/model_methods/Recell_footprint_acc.key 
124388     INFO  main            d.u.i.k.p.i.AbstractProblemLoader Loading environment from /home/runner/work/key/key/key.core/../key.ui/examples/heap/model_methods/Recell_footprint_acc.key 
124388     DEBUG main            d.u.i.k.p.i.AbstractProblemLoader Environment load took 77.3ns 
124389     INFO  main            d.u.i.k.p.i.AbstractProblemLoader Creating init config 
126732     DEBUG main            d.u.i.k.p.i.AbstractProblemLoader Init config took 2.34s 
126768     INFO  main            d.u.i.k.p.i.AbstractProblemLoader Replaying proof Recell[Cell::footprint()].JML accessible clause.0 
126770     DEBUG main            d.u.i.k.p.i.IntermediateProofReplayer Proof replay took 5.4ns 
126871     INFO  main            d.u.i.k.p.r.p.TestFile    ... finished proof: closed. 
127106     INFO  main            d.u.i.k.p.i.AbstractProblemLoader Loading environment from /home/runner/work/key/key/key.core/../key.ui/examples/heap/model_methods/Recell_footprint_acc.key.proof 
127106     DEBUG main            d.u.i.k.p.i.AbstractProblemLoader Environment load took 116ns 
127107     INFO  main            d.u.i.k.p.i.AbstractProblemLoader Creating init config 
129376     DEBUG main            d.u.i.k.p.i.AbstractProblemLoader Init config took 2.27s 
129412     INFO  main            d.u.i.k.p.i.AbstractProblemLoader Replaying proof Recell[Cell::footprint()].JML accessible clause.0 
129440     DEBUG main            d.u.i.k.p.i.IntermediateProofReplayer Proof replay took 17.24ms 
129445     DEBUG main            d.u.i.k.p.r.p.TestFile    ... success: reloaded. 
129446     INFO  main            d.u.i.k.p.r.p.TestFile    Now processing file /home/runner/work/key/key/key.core/../key.ui/examples/heap/model_methods/Recell_get_acc.key 
129446     INFO  main            d.u.i.k.p.i.AbstractProblemLoader Loading environment from /home/runner/work/key/key/key.core/../key.ui/examples/heap/model_methods/Recell_get_acc.key 
129446     DEBUG main            d.u.i.k.p.i.AbstractProblemLoader Environment load took 75.3ns 
129447     INFO  main            d.u.i.k.p.i.AbstractProblemLoader Creating init config 
131784     DEBUG main            d.u.i.k.p.i.AbstractProblemLoader Init config took 2.34s 
131821     INFO  main            d.u.i.k.p.i.AbstractProblemLoader Replaying proof Recell[Cell::get()].JML accessible clause.0 
131822     DEBUG main            d.u.i.k.p.i.IntermediateProofReplayer Proof replay took 5.4ns 
131923     INFO  main            d.u.i.k.p.r.p.TestFile    ... finished proof: closed. 
132226     INFO  main            d.u.i.k.p.i.AbstractProblemLoader Loading environment from /home/runner/work/key/key/key.core/../key.ui/examples/heap/model_methods/Recell_get_acc.key.proof 
132226     DEBUG main            d.u.i.k.p.i.AbstractProblemLoader Environment load took 95.9ns 
132227     INFO  main            d.u.i.k.p.i.AbstractProblemLoader Creating init config 
134496     DEBUG main            d.u.i.k.p.i.AbstractProblemLoader Init config took 2.27s 
134532     INFO  main            d.u.i.k.p.i.AbstractProblemLoader Replaying proof Recell[Cell::get()].JML accessible clause.0 
134548     DEBUG main            d.u.i.k.p.i.IntermediateProofReplayer Proof replay took 13.18ms 
134548     DEBUG main            d.u.i.k.p.r.p.TestFile    ... success: reloaded. 
134549     INFO  main            d.u.i.k.p.r.p.TestFile    Now processing file /home/runner/work/key/key/key.core/../key.ui/examples/heap/model_methods/Recell_get.key 
134549     INFO  main            d.u.i.k.p.i.AbstractProblemLoader Loading environment from /home/runner/work/key/key/key.core/../key.ui/examples/heap/model_methods/Recell_get.key 
134549     DEBUG main            d.u.i.k.p.i.AbstractProblemLoader Environment load took 73.4ns 
134550     INFO  main            d.u.i.k.p.i.AbstractProblemLoader Creating init config 
136867     DEBUG main            d.u.i.k.p.i.AbstractProblemLoader Init config took 2.32s 
136904     INFO  main            d.u.i.k.p.i.AbstractProblemLoader Replaying proof Recell[Cell::get()].JML operation contract.0 
136906     DEBUG main            d.u.i.k.p.i.IntermediateProofReplayer Proof replay took 5.9ns 
137007     INFO  main            d.u.i.k.p.r.p.TestFile    ... finished proof: closed. 
137253     INFO  main            d.u.i.k.p.i.AbstractProblemLoader Loading environment from /home/runner/work/key/key/key.core/../key.ui/examples/heap/model_methods/Recell_get.key.proof 
137253     DEBUG main            d.u.i.k.p.i.AbstractProblemLoader Environment load took 110.5ns 
137254     INFO  main            d.u.i.k.p.i.AbstractProblemLoader Creating init config 
139514     DEBUG main            d.u.i.k.p.i.AbstractProblemLoader Init config took 2.26s 
139551     INFO  main            d.u.i.k.p.i.AbstractProblemLoader Replaying proof Recell[Cell::get()].JML operation contract.0 
139559     DEBUG main            d.u.i.k.p.i.IntermediateProofReplayer Proof replay took 6.48ms 
139560     DEBUG main            d.u.i.k.p.r.p.TestFile    ... success: reloaded. 
139560     INFO  main            d.u.i.k.p.r.p.TestFile    Now processing file /home/runner/work/key/key/key.core/../key.ui/examples/heap/model_methods/Recell_Recell_footprint.key 
139561     INFO  main            d.u.i.k.p.i.AbstractProblemLoader Loading environment from /home/runner/work/key/key/key.core/../key.ui/examples/heap/model_methods/Recell_Recell_footprint.key 
139561     DEBUG main            d.u.i.k.p.i.AbstractProblemLoader Environment load took 145.4ns 
139562     INFO  main            d.u.i.k.p.i.AbstractProblemLoader Creating init config 
141882     DEBUG main            d.u.i.k.p.i.AbstractProblemLoader Init config took 2.32s 
141919     INFO  main            d.u.i.k.p.i.AbstractProblemLoader Replaying proof Recell[Recell::footprint()].JML model_behavior operation contract.0 
141920     DEBUG main            d.u.i.k.p.i.IntermediateProofReplayer Proof replay took 5.8ns 
142023     INFO  main            d.u.i.k.p.r.p.TestFile    ... finished proof: closed. 
142265     INFO  main            d.u.i.k.p.i.AbstractProblemLoader Loading environment from /home/runner/work/key/key/key.core/../key.ui/examples/heap/model_methods/Recell_Recell_footprint.key.proof 
142265     DEBUG main            d.u.i.k.p.i.AbstractProblemLoader Environment load took 90.7ns 
142265     INFO  main            d.u.i.k.p.i.AbstractProblemLoader Creating init config 
144528     DEBUG main            d.u.i.k.p.i.AbstractProblemLoader Init config took 2.26s 
144565     INFO  main            d.u.i.k.p.i.AbstractProblemLoader Replaying proof Recell[Recell::footprint()].JML model_behavior operation contract.0 
144567     DEBUG main            d.u.i.k.p.i.IntermediateProofReplayer Proof replay took 1.08ms 
144568     DEBUG main            d.u.i.k.p.r.p.TestFile    ... success: reloaded. 
144568     INFO  main            d.u.i.k.p.r.p.TestFile    Now processing file /home/runner/work/key/key/key.core/../key.ui/examples/heap/model_methods/Recell_Recell_post_set.key 
144569     INFO  main            d.u.i.k.p.i.AbstractProblemLoader Loading environment from /home/runner/work/key/key/key.core/../key.ui/examples/heap/model_methods/Recell_Recell_post_set.key 
144569     DEBUG main            d.u.i.k.p.i.AbstractProblemLoader Environment load took 177.9ns 
144570     INFO  main            d.u.i.k.p.i.AbstractProblemLoader Creating init config 
146910     DEBUG main            d.u.i.k.p.i.AbstractProblemLoader Init config took 2.34s 
146947     INFO  main            d.u.i.k.p.i.AbstractProblemLoader Replaying proof Recell[Recell::post_set(int)].JML model_behavior operation contract.0 
146948     DEBUG main            d.u.i.k.p.i.IntermediateProofReplayer Proof replay took 6.2ns 
147051     INFO  main            d.u.i.k.p.r.p.TestFile    ... finished proof: closed. 
147306     INFO  main            d.u.i.k.p.i.AbstractProblemLoader Loading environment from /home/runner/work/key/key/key.core/../key.ui/examples/heap/model_methods/Recell_Recell_post_set.key.proof 
147307     DEBUG main            d.u.i.k.p.i.AbstractProblemLoader Environment load took 85.3ns 
147307     INFO  main            d.u.i.k.p.i.AbstractProblemLoader Creating init config 
149569     DEBUG main            d.u.i.k.p.i.AbstractProblemLoader Init config took 2.26s 
149606     INFO  main            d.u.i.k.p.i.AbstractProblemLoader Replaying proof Recell[Recell::post_set(int)].JML model_behavior operation contract.0 
149609     DEBUG main            d.u.i.k.p.i.IntermediateProofReplayer Proof replay took 1.85ms 
149610     DEBUG main            d.u.i.k.p.r.p.TestFile    ... success: reloaded. 
149611     INFO  main            d.u.i.k.p.r.p.TestFile    Now processing file /home/runner/work/key/key/key.core/../key.ui/examples/heap/model_methods/Recell_set.key 
149611     INFO  main            d.u.i.k.p.i.AbstractProblemLoader Loading environment from /home/runner/work/key/key/key.core/../key.ui/examples/heap/model_methods/Recell_set.key 
149611     DEBUG main            d.u.i.k.p.i.AbstractProblemLoader Environment load took 70.2ns 
149612     INFO  main            d.u.i.k.p.i.AbstractProblemLoader Creating init config 
151930     DEBUG main            d.u.i.k.p.i.AbstractProblemLoader Init config took 2.32s 
151966     INFO  main            d.u.i.k.p.i.AbstractProblemLoader Replaying proof Recell[Cell::set(int)].JML operation contract.0 
151968     DEBUG main            d.u.i.k.p.i.IntermediateProofReplayer Proof replay took 6.4ns 
158803     INFO  main            d.u.i.k.p.r.p.TestFile    ... finished proof: closed. 
159096     INFO  main            d.u.i.k.p.i.AbstractProblemLoader Loading environment from /home/runner/work/key/key/key.core/../key.ui/examples/heap/model_methods/Recell_set.key.proof 
159097     DEBUG main            d.u.i.k.p.i.AbstractProblemLoader Environment load took 140.4ns 
159098     INFO  main            d.u.i.k.p.i.AbstractProblemLoader Creating init config 
161369     DEBUG main            d.u.i.k.p.i.AbstractProblemLoader Init config took 2.27s 
161406     INFO  main            d.u.i.k.p.i.AbstractProblemLoader Replaying proof Recell[Cell::set(int)].JML operation contract.0 
161743     DEBUG main            d.u.i.k.p.i.IntermediateProofReplayer Proof replay took 318.98ms 
161745     DEBUG main            d.u.i.k.p.r.p.TestFile    ... success: reloaded. 
161746     INFO  main            d.u.i.k.p.r.p.TestFile    Now processing file /home/runner/work/key/key/key.core/../key.ui/examples/heap/model_methods/Recell_undo.key 
161746     INFO  main            d.u.i.k.p.i.AbstractProblemLoader Loading environment from /home/runner/work/key/key/key.core/../key.ui/examples/heap/model_methods/Recell_undo.key 
161746     DEBUG main            d.u.i.k.p.i.AbstractProblemLoader Environment load took 166.1ns 
161747     INFO  main            d.u.i.k.p.i.AbstractProblemLoader Creating init config 
164085     DEBUG main            d.u.i.k.p.i.AbstractProblemLoader Init config took 2.34s 
164122     INFO  main            d.u.i.k.p.i.AbstractProblemLoader Replaying proof Recell[Recell::undo()].JML operation contract.0 
164123     DEBUG main            d.u.i.k.p.i.IntermediateProofReplayer Proof replay took 6.3ns 
164325     INFO  main            d.u.i.k.p.r.p.TestFile    ... finished proof: closed. 
164689     INFO  main            d.u.i.k.p.i.AbstractProblemLoader Loading environment from /home/runner/work/key/key/key.core/../key.ui/examples/heap/model_methods/Recell_undo.key.proof 
164689     DEBUG main            d.u.i.k.p.i.AbstractProblemLoader Environment load took 87.6ns 
164690     INFO  main            d.u.i.k.p.i.AbstractProblemLoader Creating init config 
166948     DEBUG main            d.u.i.k.p.i.AbstractProblemLoader Init config took 2.26s 
166985     INFO  main            d.u.i.k.p.i.AbstractProblemLoader Replaying proof Recell[Recell::undo()].JML operation contract.0 
167010     DEBUG main            d.u.i.k.p.i.IntermediateProofReplayer Proof replay took 22.18ms 
167011     DEBUG main            d.u.i.k.p.r.p.TestFile    ... success: reloaded. 
4043668    INFO  Test worker     d.u.i.k.p.r.RunAllProofsTestUnit Returning from test modelMethods 
4043669    INFO  Test worker     d.u.i.k.p.r.RunAllProofsTestUnit Running test permissionHeap 
358        INFO  Timeout watchdog d.u.i.k.p.r.p.ForkedTestFileRunner Timeout watcher launched (2000 secs.) 
367        WARN  main            d.u.i.k.s.ProofSettings   The settings in /home/runner/.key/proof-settings.props are *not* read. 
394        INFO  main            d.u.i.k.p.r.p.TestFile    Now processing file /home/runner/work/key/key/key.core/../key.ui/examples/heap/permissions/permissions_method0.key 
497        INFO  main            d.u.i.k.p.i.AbstractProblemLoader Loading environment from /home/runner/work/key/key/key.core/../key.ui/examples/heap/permissions/permissions_method0.key 
512        DEBUG main            d.u.i.k.p.i.AbstractProblemLoader Environment load took 1.81ms 
718        INFO  main            d.u.i.k.p.i.AbstractProblemLoader Creating init config 
1528       DEBUG main            d.u.i.k.j.TypeConverter   No LDT found for Meta 
1529       DEBUG main            d.u.i.k.j.TypeConverter   No LDT found for Meta 
1530       DEBUG main            d.u.i.k.j.TypeConverter   No LDT found for Meta 
1530       DEBUG main            d.u.i.k.j.TypeConverter   No LDT found for Meta 
2802       DEBUG main            d.u.i.k.j.TypeConverter   No LDT found for JavaBigintExpression 
7688       DEBUG main            d.u.i.k.p.i.AbstractProblemLoader Init config took 6.97s 
7812       INFO  main            d.u.i.k.p.i.AbstractProblemLoader Replaying proof MyClass[MyClass::method0()].JML normal_behavior operation contract.0 
7842       DEBUG main            d.u.i.k.p.i.IntermediateProofReplayer Proof replay took 30.8ns 
8665       INFO  main            d.u.i.k.p.r.p.TestFile    ... finished proof: closed. 
8805       INFO  main            d.u.i.k.p.i.AbstractProblemLoader Loading environment from /home/runner/work/key/key/key.core/../key.ui/examples/heap/permissions/permissions_method0.key.proof 
8805       DEBUG main            d.u.i.k.p.i.AbstractProblemLoader Environment load took 141.9ns 
8808       INFO  main            d.u.i.k.p.i.AbstractProblemLoader Creating init config 
11648      DEBUG main            d.u.i.k.p.i.AbstractProblemLoader Init config took 2.84s 
11731      INFO  main            d.u.i.k.p.i.AbstractProblemLoader Replaying proof MyClass[MyClass::method0()].JML normal_behavior operation contract.0 
11821      DEBUG main            d.u.i.k.p.i.IntermediateProofReplayer Proof replay took 85.08ms 
11827      DEBUG main            d.u.i.k.p.r.p.TestFile    ... success: reloaded. 
11829      INFO  main            d.u.i.k.p.r.p.TestFile    Now processing file /home/runner/work/key/key/key.core/../key.ui/examples/heap/permissions/permissions_method1.key 
11829      INFO  main            d.u.i.k.p.i.AbstractProblemLoader Loading environment from /home/runner/work/key/key/key.core/../key.ui/examples/heap/permissions/permissions_method1.key 
11829      DEBUG main            d.u.i.k.p.i.AbstractProblemLoader Environment load took 186.2ns 
11831      INFO  main            d.u.i.k.p.i.AbstractProblemLoader Creating init config 
14516      DEBUG main            d.u.i.k.p.i.AbstractProblemLoader Init config took 2.69s 
14578      INFO  main            d.u.i.k.p.i.AbstractProblemLoader Replaying proof MyClass[MyClass::method1()].JML normal_behavior operation contract.0 
14583      DEBUG main            d.u.i.k.p.i.IntermediateProofReplayer Proof replay took 5.9ns 
14987      INFO  main            d.u.i.k.p.r.p.TestFile    ... finished proof: closed. 
15126      INFO  main            d.u.i.k.p.i.AbstractProblemLoader Loading environment from /home/runner/work/key/key/key.core/../key.ui/examples/heap/permissions/permissions_method1.key.proof 
15126      DEBUG main            d.u.i.k.p.i.AbstractProblemLoader Environment load took 411.6ns 
15128      INFO  main            d.u.i.k.p.i.AbstractProblemLoader Creating init config 
17747      DEBUG main            d.u.i.k.p.i.AbstractProblemLoader Init config took 2.62s 
17810      INFO  main            d.u.i.k.p.i.AbstractProblemLoader Replaying proof MyClass[MyClass::method1()].JML normal_behavior operation contract.0 
17878      DEBUG main            d.u.i.k.p.i.IntermediateProofReplayer Proof replay took 63.11ms 
17879      DEBUG main            d.u.i.k.p.r.p.TestFile    ... success: reloaded. 
17881      INFO  main            d.u.i.k.p.r.p.TestFile    Now processing file /home/runner/work/key/key/key.core/../key.ui/examples/heap/permissions/permissions_method3.key 
17881      INFO  main            d.u.i.k.p.i.AbstractProblemLoader Loading environment from /home/runner/work/key/key/key.core/../key.ui/examples/heap/permissions/permissions_method3.key 
17881      DEBUG main            d.u.i.k.p.i.AbstractProblemLoader Environment load took 92.6ns 
17884      INFO  main            d.u.i.k.p.i.AbstractProblemLoader Creating init config 
20511      DEBUG main            d.u.i.k.p.i.AbstractProblemLoader Init config took 2.63s 
20554      INFO  main            d.u.i.k.p.i.AbstractProblemLoader Replaying proof MyClass[MyClass::method3()].JML normal_behavior operation contract.0 
20556      DEBUG main            d.u.i.k.p.i.IntermediateProofReplayer Proof replay took 5ns 
21970      INFO  main            d.u.i.k.p.r.p.TestFile    ... finished proof: closed. 
22162      INFO  main            d.u.i.k.p.i.AbstractProblemLoader Loading environment from /home/runner/work/key/key/key.core/../key.ui/examples/heap/permissions/permissions_method3.key.proof 
22162      DEBUG main            d.u.i.k.p.i.AbstractProblemLoader Environment load took 120ns 
22163      INFO  main            d.u.i.k.p.i.AbstractProblemLoader Creating init config 
24720      DEBUG main            d.u.i.k.p.i.AbstractProblemLoader Init config took 2.56s 
24769      INFO  main            d.u.i.k.p.i.AbstractProblemLoader Replaying proof MyClass[MyClass::method3()].JML normal_behavior operation contract.0 
24968      DEBUG main            d.u.i.k.p.i.IntermediateProofReplayer Proof replay took 187.22ms 
24969      DEBUG main            d.u.i.k.p.r.p.TestFile    ... success: reloaded. 
24970      INFO  main            d.u.i.k.p.r.p.TestFile    Now processing file /home/runner/work/key/key/key.core/../key.ui/examples/heap/permissions/permissions_setAB.key 
24971      INFO  main            d.u.i.k.p.i.AbstractProblemLoader Loading environment from /home/runner/work/key/key/key.core/../key.ui/examples/heap/permissions/permissions_setAB.key 
24971      DEBUG main            d.u.i.k.p.i.AbstractProblemLoader Environment load took 158.6ns 
24972      INFO  main            d.u.i.k.p.i.AbstractProblemLoader Creating init config 
27538      DEBUG main            d.u.i.k.p.i.AbstractProblemLoader Init config took 2.57s 
27592      INFO  main            d.u.i.k.p.i.AbstractProblemLoader Replaying proof MyClass[MyClass::setAB()].JML normal_behavior operation contract.0 
27595      DEBUG main            d.u.i.k.p.i.IntermediateProofReplayer Proof replay took 5.2ns 
29115      INFO  main            d.u.i.k.p.r.p.TestFile    ... finished proof: closed. 
29267      INFO  main            d.u.i.k.p.i.AbstractProblemLoader Loading environment from /home/runner/work/key/key/key.core/../key.ui/examples/heap/permissions/permissions_setAB.key.proof 
29267      DEBUG main            d.u.i.k.p.i.AbstractProblemLoader Environment load took 317.7ns 
29268      INFO  main            d.u.i.k.p.i.AbstractProblemLoader Creating init config 
31810      DEBUG main            d.u.i.k.p.i.AbstractProblemLoader Init config took 2.54s 
31851      INFO  main            d.u.i.k.p.i.AbstractProblemLoader Replaying proof MyClass[MyClass::setAB()].JML normal_behavior operation contract.0 
31985      DEBUG main            d.u.i.k.p.i.IntermediateProofReplayer Proof replay took 127.78ms 
31986      DEBUG main            d.u.i.k.p.r.p.TestFile    ... success: reloaded. 
31988      INFO  main            d.u.i.k.p.r.p.TestFile    Now processing file /home/runner/work/key/key/key.core/../key.ui/examples/heap/permissions/permissionProperties.key 
31988      INFO  main            d.u.i.k.p.i.AbstractProblemLoader Loading environment from /home/runner/work/key/key/key.core/../key.ui/examples/heap/permissions/permissionProperties.key 
31988      DEBUG main            d.u.i.k.p.i.AbstractProblemLoader Environment load took 159.7ns 
31989      INFO  main            d.u.i.k.p.i.AbstractProblemLoader Creating init config 
32159      DEBUG main            d.u.i.k.j.TypeConverter   No LDT found for Meta 
32159      DEBUG main            d.u.i.k.j.TypeConverter   No LDT found for Meta 
32159      DEBUG main            d.u.i.k.j.TypeConverter   No LDT found for Meta 
32159      DEBUG main            d.u.i.k.j.TypeConverter   No LDT found for Meta 
32803      DEBUG main            d.u.i.k.j.TypeConverter   No LDT found for JavaBigintExpression 
35453      DEBUG main            d.u.i.k.p.i.AbstractProblemLoader Init config took 3.46s 
35474      INFO  main            d.u.i.k.p.i.AbstractProblemLoader Replaying proof permissionProperties.key 
35476      DEBUG main            d.u.i.k.p.i.IntermediateProofReplayer Proof replay took 5.2ns 
35580      INFO  main            d.u.i.k.p.r.p.TestFile    ... finished proof: closed. 
35723      INFO  main            d.u.i.k.p.i.AbstractProblemLoader Loading environment from /home/runner/work/key/key/key.core/../key.ui/examples/heap/permissions/permissionProperties.key.proof 
35724      DEBUG main            d.u.i.k.p.i.AbstractProblemLoader Environment load took 328.5ns 
35725      INFO  main            d.u.i.k.p.i.AbstractProblemLoader Creating init config 
38096      DEBUG main            d.u.i.k.p.i.AbstractProblemLoader Init config took 2.37s 
38117      INFO  main            d.u.i.k.p.i.AbstractProblemLoader Replaying proof permissionProperties.key.proof 
38131      DEBUG main            d.u.i.k.p.i.IntermediateProofReplayer Proof replay took 12.01ms 
38133      DEBUG main            d.u.i.k.p.r.p.TestFile    ... success: reloaded. 
38134      INFO  main            d.u.i.k.p.r.p.TestFile    Now processing file /home/runner/work/key/key/key.core/../key.ui/examples/heap/permissions/threads/AFilter_AFilter.key 
38134      INFO  main            d.u.i.k.p.i.AbstractProblemLoader Loading environment from /home/runner/work/key/key/key.core/../key.ui/examples/heap/permissions/threads/AFilter_AFilter.key 
38134      DEBUG main            d.u.i.k.p.i.AbstractProblemLoader Environment load took 170.6ns 
38135      INFO  main            d.u.i.k.p.i.AbstractProblemLoader Creating init config 
38248      DEBUG main            d.u.i.k.j.TypeConverter   No LDT found for Meta 
38248      DEBUG main            d.u.i.k.j.TypeConverter   No LDT found for Meta 
38249      DEBUG main            d.u.i.k.j.TypeConverter   No LDT found for Meta 
38249      DEBUG main            d.u.i.k.j.TypeConverter   No LDT found for Meta 
38755      DEBUG main            d.u.i.k.j.TypeConverter   No LDT found for JavaBigintExpression 
43854      DEBUG main            d.u.i.k.p.i.AbstractProblemLoader Init config took 5.72s 
43951      INFO  main            d.u.i.k.p.i.AbstractProblemLoader Replaying proof AFilter[AFilter::AFilter(Sampler,Buffer)].JML normal_behavior operation contract.0 
43954      DEBUG main            d.u.i.k.p.i.IntermediateProofReplayer Proof replay took 6.5ns 
44959      INFO  main            d.u.i.k.p.r.p.TestFile    ... finished proof: closed. 
45185      INFO  main            d.u.i.k.p.i.AbstractProblemLoader Loading environment from /home/runner/work/key/key/key.core/../key.ui/examples/heap/permissions/threads/AFilter_AFilter.key.proof 
45186      DEBUG main            d.u.i.k.p.i.AbstractProblemLoader Environment load took 425ns 
45187      INFO  main            d.u.i.k.p.i.AbstractProblemLoader Creating init config 
49708      DEBUG main            d.u.i.k.p.i.AbstractProblemLoader Init config took 4.52s 
49810      INFO  main            d.u.i.k.p.i.AbstractProblemLoader Replaying proof AFilter[AFilter::AFilter(Sampler,Buffer)].JML normal_behavior operation contract.0 
49937      DEBUG main            d.u.i.k.p.i.IntermediateProofReplayer Proof replay took 121.13ms 
49938      DEBUG main            d.u.i.k.p.r.p.TestFile    ... success: reloaded. 
49939      INFO  main            d.u.i.k.p.r.p.TestFile    Now processing file /home/runner/work/key/key/key.core/../key.ui/examples/heap/permissions/threads/AFilter_initPost_accessible.key 
49940      INFO  main            d.u.i.k.p.i.AbstractProblemLoader Loading environment from /home/runner/work/key/key/key.core/../key.ui/examples/heap/permissions/threads/AFilter_initPost_accessible.key 
49940      DEBUG main            d.u.i.k.p.i.AbstractProblemLoader Environment load took 162ns 
49941      INFO  main            d.u.i.k.p.i.AbstractProblemLoader Creating init config 
54483      DEBUG main            d.u.i.k.p.i.AbstractProblemLoader Init config took 4.54s 
54569      INFO  main            d.u.i.k.p.i.AbstractProblemLoader Replaying proof AFilter[ThreadSpec2::initPost()].JML accessible clause.0 
54571      DEBUG main            d.u.i.k.p.i.IntermediateProofReplayer Proof replay took 5.9ns 
54675      INFO  main            d.u.i.k.p.r.p.TestFile    ... finished proof: closed. 
54867      INFO  main            d.u.i.k.p.i.AbstractProblemLoader Loading environment from /home/runner/work/key/key/key.core/../key.ui/examples/heap/permissions/threads/AFilter_initPost_accessible.key.proof 
54867      DEBUG main            d.u.i.k.p.i.AbstractProblemLoader Environment load took 109.2ns 
54868      INFO  main            d.u.i.k.p.i.AbstractProblemLoader Creating init config 
59387      DEBUG main            d.u.i.k.p.i.AbstractProblemLoader Init config took 4.52s 
59469      INFO  main            d.u.i.k.p.i.AbstractProblemLoader Replaying proof AFilter[ThreadSpec2::initPost()].JML accessible clause.0 
59480      DEBUG main            d.u.i.k.p.i.IntermediateProofReplayer Proof replay took 9.45ms 
59481      DEBUG main            d.u.i.k.p.r.p.TestFile    ... success: reloaded. 
59482      INFO  main            d.u.i.k.p.r.p.TestFile    Now processing file /home/runner/work/key/key/key.core/../key.ui/examples/heap/permissions/threads/AFilter_inv_accessible1.key 
59482      INFO  main            d.u.i.k.p.i.AbstractProblemLoader Loading environment from /home/runner/work/key/key/key.core/../key.ui/examples/heap/permissions/threads/AFilter_inv_accessible1.key 
59483      DEBUG main            d.u.i.k.p.i.AbstractProblemLoader Environment load took 89.9ns 
59483      INFO  main            d.u.i.k.p.i.AbstractProblemLoader Creating init config 
63967      DEBUG main            d.u.i.k.p.i.AbstractProblemLoader Init config took 4.48s 
64063      INFO  main            d.u.i.k.p.i.AbstractProblemLoader Replaying proof AFilter[java.lang.Object::<inv>()].JML accessible clause.0 
64065      DEBUG main            d.u.i.k.p.i.IntermediateProofReplayer Proof replay took 5.8ns 
64167      INFO  main            d.u.i.k.p.r.p.TestFile    ... finished proof: closed. 
64355      INFO  main            d.u.i.k.p.i.AbstractProblemLoader Loading environment from /home/runner/work/key/key/key.core/../key.ui/examples/heap/permissions/threads/AFilter_inv_accessible1.key.proof 
64355      DEBUG main            d.u.i.k.p.i.AbstractProblemLoader Environment load took 110.5ns 
64356      INFO  main            d.u.i.k.p.i.AbstractProblemLoader Creating init config 
68837      DEBUG main            d.u.i.k.p.i.AbstractProblemLoader Init config took 4.48s 
68917      INFO  main            d.u.i.k.p.i.AbstractProblemLoader Replaying proof AFilter[java.lang.Object::<inv>()].JML accessible clause.0 
68920      DEBUG main            d.u.i.k.p.i.IntermediateProofReplayer Proof replay took 1.75ms 
68921      DEBUG main            d.u.i.k.p.r.p.TestFile    ... success: reloaded. 
68922      INFO  main            d.u.i.k.p.r.p.TestFile    Now processing file /home/runner/work/key/key/key.core/../key.ui/examples/heap/permissions/threads/AFilter_inv_accessible2.key 
68922      INFO  main            d.u.i.k.p.i.AbstractProblemLoader Loading environment from /home/runner/work/key/key/key.core/../key.ui/examples/heap/permissions/threads/AFilter_inv_accessible2.key 
68922      DEBUG main            d.u.i.k.p.i.AbstractProblemLoader Environment load took 82.1ns 
68923      INFO  main            d.u.i.k.p.i.AbstractProblemLoader Creating init config 
73438      DEBUG main            d.u.i.k.p.i.AbstractProblemLoader Init config took 4.52s 
73542      INFO  main            d.u.i.k.p.i.AbstractProblemLoader Replaying proof AFilter[java.lang.Object::<inv>()].JML accessible clause.1 
73543      DEBUG main            d.u.i.k.p.i.IntermediateProofReplayer Proof replay took 6ns 
73645      INFO  main            d.u.i.k.p.r.p.TestFile    ... finished proof: closed. 
73836      INFO  main            d.u.i.k.p.i.AbstractProblemLoader Loading environment from /home/runner/work/key/key/key.core/../key.ui/examples/heap/permissions/threads/AFilter_inv_accessible2.key.proof 
73837      DEBUG main            d.u.i.k.p.i.AbstractProblemLoader Environment load took 104.9ns 
73837      INFO  main            d.u.i.k.p.i.AbstractProblemLoader Creating init config 
78356      DEBUG main            d.u.i.k.p.i.AbstractProblemLoader Init config took 4.52s 
78436      INFO  main            d.u.i.k.p.i.AbstractProblemLoader Replaying proof AFilter[java.lang.Object::<inv>()].JML accessible clause.1 
78446      DEBUG main            d.u.i.k.p.i.IntermediateProofReplayer Proof replay took 7.1ms 
78446      DEBUG main            d.u.i.k.p.r.p.TestFile    ... success: reloaded. 
78447      INFO  main            d.u.i.k.p.r.p.TestFile    Now processing file /home/runner/work/key/key/key.core/../key.ui/examples/heap/permissions/threads/AFilter_joinTransfer_accessible.key 
78448      INFO  main            d.u.i.k.p.i.AbstractProblemLoader Loading environment from /home/runner/work/key/key/key.core/../key.ui/examples/heap/permissions/threads/AFilter_joinTransfer_accessible.key 
78448      DEBUG main            d.u.i.k.p.i.AbstractProblemLoader Environment load took 161.2ns 
78449      INFO  main            d.u.i.k.p.i.AbstractProblemLoader Creating init config 
82996      DEBUG main            d.u.i.k.p.i.AbstractProblemLoader Init config took 4.55s 
83075      INFO  main            d.u.i.k.p.i.AbstractProblemLoader Replaying proof AFilter[ThreadSpec2::joinTransfer()].JML accessible clause.0 
83076      DEBUG main            d.u.i.k.p.i.IntermediateProofReplayer Proof replay took 6.4ns 
86388      INFO  main            d.u.i.k.p.r.p.TestFile    ... finished proof: closed. 
86625      INFO  main            d.u.i.k.p.i.AbstractProblemLoader Loading environment from /home/runner/work/key/key/key.core/../key.ui/examples/heap/permissions/threads/AFilter_joinTransfer_accessible.key.proof 
86626      DEBUG main            d.u.i.k.p.i.AbstractProblemLoader Environment load took 982.09ns 
86627      INFO  main            d.u.i.k.p.i.AbstractProblemLoader Creating init config 
91110      DEBUG main            d.u.i.k.p.i.AbstractProblemLoader Init config took 4.48s 
91189      INFO  main            d.u.i.k.p.i.AbstractProblemLoader Replaying proof AFilter[ThreadSpec2::joinTransfer()].JML accessible clause.0 
91422      DEBUG main            d.u.i.k.p.i.IntermediateProofReplayer Proof replay took 223.21ms 
91424      DEBUG main            d.u.i.k.p.r.p.TestFile    ... success: reloaded. 
91425      INFO  main            d.u.i.k.p.r.p.TestFile    Now processing file /home/runner/work/key/key/key.core/../key.ui/examples/heap/permissions/threads/AFilter_joinTransfer_contract.key 
91425      INFO  main            d.u.i.k.p.i.AbstractProblemLoader Loading environment from /home/runner/work/key/key/key.core/../key.ui/examples/heap/permissions/threads/AFilter_joinTransfer_contract.key 
91425      DEBUG main            d.u.i.k.p.i.AbstractProblemLoader Environment load took 155.9ns 
91426      INFO  main            d.u.i.k.p.i.AbstractProblemLoader Creating init config 
95918      DEBUG main            d.u.i.k.p.i.AbstractProblemLoader Init config took 4.49s 
95998      INFO  main            d.u.i.k.p.i.AbstractProblemLoader Replaying proof AFilter[ThreadSpec2::joinTransfer()].JML model_behavior operation contract.0 
96000      DEBUG main            d.u.i.k.p.i.IntermediateProofReplayer Proof replay took 6.1ns 
96101      INFO  main            d.u.i.k.p.r.p.TestFile    ... finished proof: closed. 
96309      INFO  main            d.u.i.k.p.i.AbstractProblemLoader Loading environment from /home/runner/work/key/key/key.core/../key.ui/examples/heap/permissions/threads/AFilter_joinTransfer_contract.key.proof 
96310      DEBUG main            d.u.i.k.p.i.AbstractProblemLoader Environment load took 111.6ns 
96311      INFO  main            d.u.i.k.p.i.AbstractProblemLoader Creating init config 
100763     DEBUG main            d.u.i.k.p.i.AbstractProblemLoader Init config took 4.45s 
100851     INFO  main            d.u.i.k.p.i.AbstractProblemLoader Replaying proof AFilter[ThreadSpec2::joinTransfer()].JML model_behavior operation contract.0 
100860     DEBUG main            d.u.i.k.p.i.IntermediateProofReplayer Proof replay took 6.65ms 
100861     DEBUG main            d.u.i.k.p.r.p.TestFile    ... success: reloaded. 
100862     INFO  main            d.u.i.k.p.r.p.TestFile    Now processing file /home/runner/work/key/key/key.core/../key.ui/examples/heap/permissions/threads/AFilter_postJoin_accessible.key 
100862     INFO  main            d.u.i.k.p.i.AbstractProblemLoader Loading environment from /home/runner/work/key/key/key.core/../key.ui/examples/heap/permissions/threads/AFilter_postJoin_accessible.key 
100862     DEBUG main            d.u.i.k.p.i.AbstractProblemLoader Environment load took 83.9ns 
100863     INFO  main            d.u.i.k.p.i.AbstractProblemLoader Creating init config 
105390     DEBUG main            d.u.i.k.p.i.AbstractProblemLoader Init config took 4.53s 
105467     INFO  main            d.u.i.k.p.i.AbstractProblemLoader Replaying proof AFilter[ThreadSpec2::postJoin(java.lang.Object)].JML accessible clause.0 
105468     DEBUG main            d.u.i.k.p.i.IntermediateProofReplayer Proof replay took 6.6ns 
105570     INFO  main            d.u.i.k.p.r.p.TestFile    ... finished proof: closed. 
105791     INFO  main            d.u.i.k.p.i.AbstractProblemLoader Loading environment from /home/runner/work/key/key/key.core/../key.ui/examples/heap/permissions/threads/AFilter_postJoin_accessible.key.proof 
105791     DEBUG main            d.u.i.k.p.i.AbstractProblemLoader Environment load took 103.2ns 
105792     INFO  main            d.u.i.k.p.i.AbstractProblemLoader Creating init config 
110221     DEBUG main            d.u.i.k.p.i.AbstractProblemLoader Init config took 4.43s 
110298     INFO  main            d.u.i.k.p.i.AbstractProblemLoader Replaying proof AFilter[ThreadSpec2::postJoin(java.lang.Object)].JML accessible clause.0 
110305     DEBUG main            d.u.i.k.p.i.IntermediateProofReplayer Proof replay took 5.1ms 
110306     DEBUG main            d.u.i.k.p.r.p.TestFile    ... success: reloaded. 
110307     INFO  main            d.u.i.k.p.r.p.TestFile    Now processing file /home/runner/work/key/key/key.core/../key.ui/examples/heap/permissions/threads/AFilter_preStart_accessible.key 
110307     INFO  main            d.u.i.k.p.i.AbstractProblemLoader Loading environment from /home/runner/work/key/key/key.core/../key.ui/examples/heap/permissions/threads/AFilter_preStart_accessible.key 
110307     DEBUG main            d.u.i.k.p.i.AbstractProblemLoader Environment load took 68ns 
110308     INFO  main            d.u.i.k.p.i.AbstractProblemLoader Creating init config 
114838     DEBUG main            d.u.i.k.p.i.AbstractProblemLoader Init config took 4.53s 
114915     INFO  main            d.u.i.k.p.i.AbstractProblemLoader Replaying proof AFilter[ThreadSpec2::preStart(java.lang.Object)].JML accessible clause.0 
114916     DEBUG main            d.u.i.k.p.i.IntermediateProofReplayer Proof replay took 15.8ns 
115219     INFO  main            d.u.i.k.p.r.p.TestFile    ... finished proof: closed. 
115493     INFO  main            d.u.i.k.p.i.AbstractProblemLoader Loading environment from /home/runner/work/key/key/key.core/../key.ui/examples/heap/permissions/threads/AFilter_preStart_accessible.key.proof 
115493     DEBUG main            d.u.i.k.p.i.AbstractProblemLoader Environment load took 105.2ns 
115494     INFO  main            d.u.i.k.p.i.AbstractProblemLoader Creating init config 
120017     DEBUG main            d.u.i.k.p.i.AbstractProblemLoader Init config took 4.52s 
120109     INFO  main            d.u.i.k.p.i.AbstractProblemLoader Replaying proof AFilter[ThreadSpec2::preStart(java.lang.Object)].JML accessible clause.0 
120134     DEBUG main            d.u.i.k.p.i.IntermediateProofReplayer Proof replay took 21.28ms 
120135     DEBUG main            d.u.i.k.p.r.p.TestFile    ... success: reloaded. 
120136     INFO  main            d.u.i.k.p.r.p.TestFile    Now processing file /home/runner/work/key/key/key.core/../key.ui/examples/heap/permissions/threads/AFilter_startTransfer_accessible.key 
120136     INFO  main            d.u.i.k.p.i.AbstractProblemLoader Loading environment from /home/runner/work/key/key/key.core/../key.ui/examples/heap/permissions/threads/AFilter_startTransfer_accessible.key 
120137     DEBUG main            d.u.i.k.p.i.AbstractProblemLoader Environment load took 175.6ns 
120137     INFO  main            d.u.i.k.p.i.AbstractProblemLoader Creating init config 
124578     DEBUG main            d.u.i.k.p.i.AbstractProblemLoader Init config took 4.44s 
124658     INFO  main            d.u.i.k.p.i.AbstractProblemLoader Replaying proof AFilter[ThreadSpec2::startTransfer()].JML accessible clause.0 
124659     DEBUG main            d.u.i.k.p.i.IntermediateProofReplayer Proof replay took 6.3ns 
130706     INFO  main            d.u.i.k.p.r.p.TestFile    ... finished proof: closed. 
130951     INFO  main            d.u.i.k.p.i.AbstractProblemLoader Loading environment from /home/runner/work/key/key/key.core/../key.ui/examples/heap/permissions/threads/AFilter_startTransfer_accessible.key.proof 
130951     DEBUG main            d.u.i.k.p.i.AbstractProblemLoader Environment load took 307.9ns 
130952     INFO  main            d.u.i.k.p.i.AbstractProblemLoader Creating init config 
135393     DEBUG main            d.u.i.k.p.i.AbstractProblemLoader Init config took 4.44s 
135470     INFO  main            d.u.i.k.p.i.AbstractProblemLoader Replaying proof AFilter[ThreadSpec2::startTransfer()].JML accessible clause.0 
135778     DEBUG main            d.u.i.k.p.i.IntermediateProofReplayer Proof replay took 291.06ms 
135779     DEBUG main            d.u.i.k.p.r.p.TestFile    ... success: reloaded. 
135780     INFO  main            d.u.i.k.p.r.p.TestFile    Now processing file /home/runner/work/key/key/key.core/../key.ui/examples/heap/permissions/threads/AFilter_startTransfer_contract.key 
135780     INFO  main            d.u.i.k.p.i.AbstractProblemLoader Loading environment from /home/runner/work/key/key/key.core/../key.ui/examples/heap/permissions/threads/AFilter_startTransfer_contract.key 
135781     DEBUG main            d.u.i.k.p.i.AbstractProblemLoader Environment load took 155.7ns 
135781     INFO  main            d.u.i.k.p.i.AbstractProblemLoader Creating init config 
140282     DEBUG main            d.u.i.k.p.i.AbstractProblemLoader Init config took 4.5s 
140361     INFO  main            d.u.i.k.p.i.AbstractProblemLoader Replaying proof AFilter[ThreadSpec2::startTransfer()].JML model_behavior operation contract.0 
140362     DEBUG main            d.u.i.k.p.i.IntermediateProofReplayer Proof replay took 6.1ns 
140768     INFO  main            d.u.i.k.p.r.p.TestFile    ... finished proof: closed. 
141011     INFO  main            d.u.i.k.p.i.AbstractProblemLoader Loading environment from /home/runner/work/key/key/key.core/../key.ui/examples/heap/permissions/threads/AFilter_startTransfer_contract.key.proof 
141012     DEBUG main            d.u.i.k.p.i.AbstractProblemLoader Environment load took 108.4ns 
141012     INFO  main            d.u.i.k.p.i.AbstractProblemLoader Creating init config 
145439     DEBUG main            d.u.i.k.p.i.AbstractProblemLoader Init config took 4.43s 
145517     INFO  main            d.u.i.k.p.i.AbstractProblemLoader Replaying proof AFilter[ThreadSpec2::startTransfer()].JML model_behavior operation contract.0 
145556     DEBUG main            d.u.i.k.p.i.IntermediateProofReplayer Proof replay took 35.41ms 
145557     DEBUG main            d.u.i.k.p.r.p.TestFile    ... success: reloaded. 
145558     INFO  main            d.u.i.k.p.r.p.TestFile    Now processing file /home/runner/work/key/key/key.core/../key.ui/examples/heap/permissions/threads/AFilter_stateInv_accessible.key 
145559     INFO  main            d.u.i.k.p.i.AbstractProblemLoader Loading environment from /home/runner/work/key/key/key.core/../key.ui/examples/heap/permissions/threads/AFilter_stateInv_accessible.key 
145559     DEBUG main            d.u.i.k.p.i.AbstractProblemLoader Environment load took 97.1ns 
145560     INFO  main            d.u.i.k.p.i.AbstractProblemLoader Creating init config 
150025     DEBUG main            d.u.i.k.p.i.AbstractProblemLoader Init config took 4.47s 
150120     INFO  main            d.u.i.k.p.i.AbstractProblemLoader Replaying proof AFilter[ThreadSpec2::stateInv()].JML accessible clause.0 
150121     DEBUG main            d.u.i.k.p.i.IntermediateProofReplayer Proof replay took 5.8ns 
150423     INFO  main            d.u.i.k.p.r.p.TestFile    ... finished proof: closed. 
150671     INFO  main            d.u.i.k.p.i.AbstractProblemLoader Loading environment from /home/runner/work/key/key/key.core/../key.ui/examples/heap/permissions/threads/AFilter_stateInv_accessible.key.proof 
150671     DEBUG main            d.u.i.k.p.i.AbstractProblemLoader Environment load took 107ns 
150672     INFO  main            d.u.i.k.p.i.AbstractProblemLoader Creating init config 
155093     DEBUG main            d.u.i.k.p.i.AbstractProblemLoader Init config took 4.42s 
155170     INFO  main            d.u.i.k.p.i.AbstractProblemLoader Replaying proof AFilter[ThreadSpec2::stateInv()].JML accessible clause.0 
155198     DEBUG main            d.u.i.k.p.i.IntermediateProofReplayer Proof replay took 24.86ms 
155199     DEBUG main            d.u.i.k.p.r.p.TestFile    ... success: reloaded. 
155200     INFO  main            d.u.i.k.p.r.p.TestFile    Now processing file /home/runner/work/key/key/key.core/../key.ui/examples/heap/permissions/threads/AFilter_staticPermissions_accessible.key 
155200     INFO  main            d.u.i.k.p.i.AbstractProblemLoader Loading environment from /home/runner/work/key/key/key.core/../key.ui/examples/heap/permissions/threads/AFilter_staticPermissions_accessible.key 
155201     DEBUG main            d.u.i.k.p.i.AbstractProblemLoader Environment load took 110.3ns 
155201     INFO  main            d.u.i.k.p.i.AbstractProblemLoader Creating init config 
159704     DEBUG main            d.u.i.k.p.i.AbstractProblemLoader Init config took 4.5s 
159794     INFO  main            d.u.i.k.p.i.AbstractProblemLoader Replaying proof AFilter[ThreadSpec2::staticPermissions()].JML accessible clause.0 
159795     DEBUG main            d.u.i.k.p.i.IntermediateProofReplayer Proof replay took 6.6ns 
159899     INFO  main            d.u.i.k.p.r.p.TestFile    ... finished proof: closed. 
160139     INFO  main            d.u.i.k.p.i.AbstractProblemLoader Loading environment from /home/runner/work/key/key/key.core/../key.ui/examples/heap/permissions/threads/AFilter_staticPermissions_accessible.key.proof 
160139     DEBUG main            d.u.i.k.p.i.AbstractProblemLoader Environment load took 102.3ns 
160140     INFO  main            d.u.i.k.p.i.AbstractProblemLoader Creating init config 
164575     DEBUG main            d.u.i.k.p.i.AbstractProblemLoader Init config took 4.44s 
164652     INFO  main            d.u.i.k.p.i.AbstractProblemLoader Replaying proof AFilter[ThreadSpec2::staticPermissions()].JML accessible clause.0 
164660     DEBUG main            d.u.i.k.p.i.IntermediateProofReplayer Proof replay took 7.24ms 
164661     DEBUG main            d.u.i.k.p.r.p.TestFile    ... success: reloaded. 
164662     INFO  main            d.u.i.k.p.r.p.TestFile    Now processing file /home/runner/work/key/key/key.core/../key.ui/examples/heap/permissions/threads/AFilter_workingPermissions_accessible.key 
164663     INFO  main            d.u.i.k.p.i.AbstractProblemLoader Loading environment from /home/runner/work/key/key/key.core/../key.ui/examples/heap/permissions/threads/AFilter_workingPermissions_accessible.key 
164663     DEBUG main            d.u.i.k.p.i.AbstractProblemLoader Environment load took 94.5ns 
164664     INFO  main            d.u.i.k.p.i.AbstractProblemLoader Creating init config 
169159     DEBUG main            d.u.i.k.p.i.AbstractProblemLoader Init config took 4.49s 
169235     INFO  main            d.u.i.k.p.i.AbstractProblemLoader Replaying proof AFilter[ThreadSpec2::workingPermissions()].JML accessible clause.0 
169236     DEBUG main            d.u.i.k.p.i.IntermediateProofReplayer Proof replay took 6ns 
169338     INFO  main            d.u.i.k.p.r.p.TestFile    ... finished proof: closed. 
169586     INFO  main            d.u.i.k.p.i.AbstractProblemLoader Loading environment from /home/runner/work/key/key/key.core/../key.ui/examples/heap/permissions/threads/AFilter_workingPermissions_accessible.key.proof 
169586     DEBUG main            d.u.i.k.p.i.AbstractProblemLoader Environment load took 97.2ns 
169587     INFO  main            d.u.i.k.p.i.AbstractProblemLoader Creating init config 
173995     DEBUG main            d.u.i.k.p.i.AbstractProblemLoader Init config took 4.41s 
174087     INFO  main            d.u.i.k.p.i.AbstractProblemLoader Replaying proof AFilter[ThreadSpec2::workingPermissions()].JML accessible clause.0 
174095     DEBUG main            d.u.i.k.p.i.IntermediateProofReplayer Proof replay took 6.08ms 
174096     DEBUG main            d.u.i.k.p.r.p.TestFile    ... success: reloaded. 
174097     INFO  main            d.u.i.k.p.r.p.TestFile    Now processing file /home/runner/work/key/key/key.core/../key.ui/examples/heap/permissions/threads/BFilter_BFilter.key 
174097     INFO  main            d.u.i.k.p.i.AbstractProblemLoader Loading environment from /home/runner/work/key/key/key.core/../key.ui/examples/heap/permissions/threads/BFilter_BFilter.key 
174098     DEBUG main            d.u.i.k.p.i.AbstractProblemLoader Environment load took 169.3ns 
174098     INFO  main            d.u.i.k.p.i.AbstractProblemLoader Creating init config 
178575     DEBUG main            d.u.i.k.p.i.AbstractProblemLoader Init config took 4.48s 
178652     INFO  main            d.u.i.k.p.i.AbstractProblemLoader Replaying proof BFilter[BFilter::BFilter(Sampler,Buffer)].JML normal_behavior operation contract.0 
178653     DEBUG main            d.u.i.k.p.i.IntermediateProofReplayer Proof replay took 5.6ns 
179558     INFO  main            d.u.i.k.p.r.p.TestFile    ... finished proof: closed. 
179835     INFO  main            d.u.i.k.p.i.AbstractProblemLoader Loading environment from /home/runner/work/key/key/key.core/../key.ui/examples/heap/permissions/threads/BFilter_BFilter.key.proof 
179835     DEBUG main            d.u.i.k.p.i.AbstractProblemLoader Environment load took 101.1ns 
179837     INFO  main            d.u.i.k.p.i.AbstractProblemLoader Creating init config 
184270     DEBUG main            d.u.i.k.p.i.AbstractProblemLoader Init config took 4.43s 
184346     INFO  main            d.u.i.k.p.i.AbstractProblemLoader Replaying proof BFilter[BFilter::BFilter(Sampler,Buffer)].JML normal_behavior operation contract.0 
184445     DEBUG main            d.u.i.k.p.i.IntermediateProofReplayer Proof replay took 94.41ms 
184446     DEBUG main            d.u.i.k.p.r.p.TestFile    ... success: reloaded. 
184447     INFO  main            d.u.i.k.p.r.p.TestFile    Now processing file /home/runner/work/key/key/key.core/../key.ui/examples/heap/permissions/threads/BFilter_initPost_accessible.key 
184447     INFO  main            d.u.i.k.p.i.AbstractProblemLoader Loading environment from /home/runner/work/key/key/key.core/../key.ui/examples/heap/permissions/threads/BFilter_initPost_accessible.key 
184447     DEBUG main            d.u.i.k.p.i.AbstractProblemLoader Environment load took 96.5ns 
184448     INFO  main            d.u.i.k.p.i.AbstractProblemLoader Creating init config 
188959     DEBUG main            d.u.i.k.p.i.AbstractProblemLoader Init config took 4.51s 
189048     INFO  main            d.u.i.k.p.i.AbstractProblemLoader Replaying proof BFilter[ThreadSpec2::initPost()].JML accessible clause.0 
189050     DEBUG main            d.u.i.k.p.i.IntermediateProofReplayer Proof replay took 6ns 
189153     INFO  main            d.u.i.k.p.r.p.TestFile    ... finished proof: closed. 
189423     INFO  main            d.u.i.k.p.i.AbstractProblemLoader Loading environment from /home/runner/work/key/key/key.core/../key.ui/examples/heap/permissions/threads/BFilter_initPost_accessible.key.proof 
189423     DEBUG main            d.u.i.k.p.i.AbstractProblemLoader Environment load took 101.4ns 
189424     INFO  main            d.u.i.k.p.i.AbstractProblemLoader Creating init config 
193956     DEBUG main            d.u.i.k.p.i.AbstractProblemLoader Init config took 4.53s 
194033     INFO  main            d.u.i.k.p.i.AbstractProblemLoader Replaying proof BFilter[ThreadSpec2::initPost()].JML accessible clause.0 
194042     DEBUG main            d.u.i.k.p.i.IntermediateProofReplayer Proof replay took 7.22ms 
194043     DEBUG main            d.u.i.k.p.r.p.TestFile    ... success: reloaded. 
194044     INFO  main            d.u.i.k.p.r.p.TestFile    Now processing file /home/runner/work/key/key/key.core/../key.ui/examples/heap/permissions/threads/BFilter_inv_accessible1.key 
194044     INFO  main            d.u.i.k.p.i.AbstractProblemLoader Loading environment from /home/runner/work/key/key/key.core/../key.ui/examples/heap/permissions/threads/BFilter_inv_accessible1.key 
194044     DEBUG main            d.u.i.k.p.i.AbstractProblemLoader Environment load took 73.3ns 
194045     INFO  main            d.u.i.k.p.i.AbstractProblemLoader Creating init config 
198553     DEBUG main            d.u.i.k.p.i.AbstractProblemLoader Init config took 4.51s 
198631     INFO  main            d.u.i.k.p.i.AbstractProblemLoader Replaying proof BFilter[java.lang.Object::<inv>()].JML accessible clause.0 
198633     DEBUG main            d.u.i.k.p.i.IntermediateProofReplayer Proof replay took 5.7ns 
198734     INFO  main            d.u.i.k.p.r.p.TestFile    ... finished proof: closed. 
198995     INFO  main            d.u.i.k.p.i.AbstractProblemLoader Loading environment from /home/runner/work/key/key/key.core/../key.ui/examples/heap/permissions/threads/BFilter_inv_accessible1.key.proof 
198995     DEBUG main            d.u.i.k.p.i.AbstractProblemLoader Environment load took 93.7ns 
198996     INFO  main            d.u.i.k.p.i.AbstractProblemLoader Creating init config 
203428     DEBUG main            d.u.i.k.p.i.AbstractProblemLoader Init config took 4.43s 
203504     INFO  main            d.u.i.k.p.i.AbstractProblemLoader Replaying proof BFilter[java.lang.Object::<inv>()].JML accessible clause.0 
203507     DEBUG main            d.u.i.k.p.i.IntermediateProofReplayer Proof replay took 1.37ms 
203508     DEBUG main            d.u.i.k.p.r.p.TestFile    ... success: reloaded. 
203509     INFO  main            d.u.i.k.p.r.p.TestFile    Now processing file /home/runner/work/key/key/key.core/../key.ui/examples/heap/permissions/threads/BFilter_inv_accessible2.key 
203509     INFO  main            d.u.i.k.p.i.AbstractProblemLoader Loading environment from /home/runner/work/key/key/key.core/../key.ui/examples/heap/permissions/threads/BFilter_inv_accessible2.key 
203509     DEBUG main            d.u.i.k.p.i.AbstractProblemLoader Environment load took 63.3ns 
203510     INFO  main            d.u.i.k.p.i.AbstractProblemLoader Creating init config 
207953     DEBUG main            d.u.i.k.p.i.AbstractProblemLoader Init config took 4.44s 
208029     INFO  main            d.u.i.k.p.i.AbstractProblemLoader Replaying proof BFilter[java.lang.Object::<inv>()].JML accessible clause.1 
208030     DEBUG main            d.u.i.k.p.i.IntermediateProofReplayer Proof replay took 5.4ns 
208132     INFO  main            d.u.i.k.p.r.p.TestFile    ... finished proof: closed. 
208411     INFO  main            d.u.i.k.p.i.AbstractProblemLoader Loading environment from /home/runner/work/key/key/key.core/../key.ui/examples/heap/permissions/threads/BFilter_inv_accessible2.key.proof 
208411     DEBUG main            d.u.i.k.p.i.AbstractProblemLoader Environment load took 94ns 
208412     INFO  main            d.u.i.k.p.i.AbstractProblemLoader Creating init config 
212812     DEBUG main            d.u.i.k.p.i.AbstractProblemLoader Init config took 4.4s 
212888     INFO  main            d.u.i.k.p.i.AbstractProblemLoader Replaying proof BFilter[java.lang.Object::<inv>()].JML accessible clause.1 
212891     DEBUG main            d.u.i.k.p.i.IntermediateProofReplayer Proof replay took 1.38ms 
212891     DEBUG main            d.u.i.k.p.r.p.TestFile    ... success: reloaded. 
212892     INFO  main            d.u.i.k.p.r.p.TestFile    Now processing file /home/runner/work/key/key/key.core/../key.ui/examples/heap/permissions/threads/BFilter_joinTransfer_accessible.key 
212892     INFO  main            d.u.i.k.p.i.AbstractProblemLoader Loading environment from /home/runner/work/key/key/key.core/../key.ui/examples/heap/permissions/threads/BFilter_joinTransfer_accessible.key 
212893     DEBUG main            d.u.i.k.p.i.AbstractProblemLoader Environment load took 101.1ns 
212893     INFO  main            d.u.i.k.p.i.AbstractProblemLoader Creating init config 
217370     DEBUG main            d.u.i.k.p.i.AbstractProblemLoader Init config took 4.48s 
217459     INFO  main            d.u.i.k.p.i.AbstractProblemLoader Replaying proof BFilter[ThreadSpec2::joinTransfer()].JML accessible clause.0 
217461     DEBUG main            d.u.i.k.p.i.IntermediateProofReplayer Proof replay took 6.1ns 
220670     INFO  main            d.u.i.k.p.r.p.TestFile    ... finished proof: closed. 
220966     INFO  main            d.u.i.k.p.i.AbstractProblemLoader Loading environment from /home/runner/work/key/key/key.core/../key.ui/examples/heap/permissions/threads/BFilter_joinTransfer_accessible.key.proof 
220966     DEBUG main            d.u.i.k.p.i.AbstractProblemLoader Environment load took 110.3ns 
220967     INFO  main            d.u.i.k.p.i.AbstractProblemLoader Creating init config 
225371     DEBUG main            d.u.i.k.p.i.AbstractProblemLoader Init config took 4.4s 
225456     INFO  main            d.u.i.k.p.i.AbstractProblemLoader Replaying proof BFilter[ThreadSpec2::joinTransfer()].JML accessible clause.0 
225649     DEBUG main            d.u.i.k.p.i.IntermediateProofReplayer Proof replay took 182.85ms 
225651     DEBUG main            d.u.i.k.p.r.p.TestFile    ... success: reloaded. 
225652     INFO  main            d.u.i.k.p.r.p.TestFile    Now processing file /home/runner/work/key/key/key.core/../key.ui/examples/heap/permissions/threads/BFilter_joinTransfer_contract.key 
225652     INFO  main            d.u.i.k.p.i.AbstractProblemLoader Loading environment from /home/runner/work/key/key/key.core/../key.ui/examples/heap/permissions/threads/BFilter_joinTransfer_contract.key 
225652     DEBUG main            d.u.i.k.p.i.AbstractProblemLoader Environment load took 146.6ns 
225653     INFO  main            d.u.i.k.p.i.AbstractProblemLoader Creating init config 
230122     DEBUG main            d.u.i.k.p.i.AbstractProblemLoader Init config took 4.47s 
230200     INFO  main            d.u.i.k.p.i.AbstractProblemLoader Replaying proof BFilter[ThreadSpec2::joinTransfer()].JML model_behavior operation contract.0 
230201     DEBUG main            d.u.i.k.p.i.IntermediateProofReplayer Proof replay took 6.2ns 
230303     INFO  main            d.u.i.k.p.r.p.TestFile    ... finished proof: closed. 
230592     INFO  main            d.u.i.k.p.i.AbstractProblemLoader Loading environment from /home/runner/work/key/key/key.core/../key.ui/examples/heap/permissions/threads/BFilter_joinTransfer_contract.key.proof 
230592     DEBUG main            d.u.i.k.p.i.AbstractProblemLoader Environment load took 95.2ns 
230593     INFO  main            d.u.i.k.p.i.AbstractProblemLoader Creating init config 
234989     DEBUG main            d.u.i.k.p.i.AbstractProblemLoader Init config took 4.4s 
235081     INFO  main            d.u.i.k.p.i.AbstractProblemLoader Replaying proof BFilter[ThreadSpec2::joinTransfer()].JML model_behavior operation contract.0 
235089     DEBUG main            d.u.i.k.p.i.IntermediateProofReplayer Proof replay took 6.2ms 
235089     DEBUG main            d.u.i.k.p.r.p.TestFile    ... success: reloaded. 
235090     INFO  main            d.u.i.k.p.r.p.TestFile    Now processing file /home/runner/work/key/key/key.core/../key.ui/examples/heap/permissions/threads/BFilter_postJoin_accessible.key 
235091     INFO  main            d.u.i.k.p.i.AbstractProblemLoader Loading environment from /home/runner/work/key/key/key.core/../key.ui/examples/heap/permissions/threads/BFilter_postJoin_accessible.key 
235091     DEBUG main            d.u.i.k.p.i.AbstractProblemLoader Environment load took 147.4ns 
235092     INFO  main            d.u.i.k.p.i.AbstractProblemLoader Creating init config 
239553     DEBUG main            d.u.i.k.p.i.AbstractProblemLoader Init config took 4.46s 
239629     INFO  main            d.u.i.k.p.i.AbstractProblemLoader Replaying proof BFilter[ThreadSpec2::postJoin(java.lang.Object)].JML accessible clause.0 
239630     DEBUG main            d.u.i.k.p.i.IntermediateProofReplayer Proof replay took 5.8ns 
239733     INFO  main            d.u.i.k.p.r.p.TestFile    ... finished proof: closed. 
240020     INFO  main            d.u.i.k.p.i.AbstractProblemLoader Loading environment from /home/runner/work/key/key/key.core/../key.ui/examples/heap/permissions/threads/BFilter_postJoin_accessible.key.proof 
240020     DEBUG main            d.u.i.k.p.i.AbstractProblemLoader Environment load took 92.4ns 
240020     INFO  main            d.u.i.k.p.i.AbstractProblemLoader Creating init config 
244411     DEBUG main            d.u.i.k.p.i.AbstractProblemLoader Init config took 4.39s 
244490     INFO  main            d.u.i.k.p.i.AbstractProblemLoader Replaying proof BFilter[ThreadSpec2::postJoin(java.lang.Object)].JML accessible clause.0 
244497     DEBUG main            d.u.i.k.p.i.IntermediateProofReplayer Proof replay took 4.69ms 
244498     DEBUG main            d.u.i.k.p.r.p.TestFile    ... success: reloaded. 
244499     INFO  main            d.u.i.k.p.r.p.TestFile    Now processing file /home/runner/work/key/key/key.core/../key.ui/examples/heap/permissions/threads/BFilter_preStart_accessible.key 
244499     INFO  main            d.u.i.k.p.i.AbstractProblemLoader Loading environment from /home/runner/work/key/key/key.core/../key.ui/examples/heap/permissions/threads/BFilter_preStart_accessible.key 
244500     DEBUG main            d.u.i.k.p.i.AbstractProblemLoader Environment load took 141ns 
244502     INFO  main            d.u.i.k.p.i.AbstractProblemLoader Creating init config 
248958     DEBUG main            d.u.i.k.p.i.AbstractProblemLoader Init config took 4.46s 
249048     INFO  main            d.u.i.k.p.i.AbstractProblemLoader Replaying proof BFilter[ThreadSpec2::preStart(java.lang.Object)].JML accessible clause.0 
249049     DEBUG main            d.u.i.k.p.i.IntermediateProofReplayer Proof replay took 6.6ns 
249351     INFO  main            d.u.i.k.p.r.p.TestFile    ... finished proof: closed. 
249657     INFO  main            d.u.i.k.p.i.AbstractProblemLoader Loading environment from /home/runner/work/key/key/key.core/../key.ui/examples/heap/permissions/threads/BFilter_preStart_accessible.key.proof 
249657     DEBUG main            d.u.i.k.p.i.AbstractProblemLoader Environment load took 90.6ns 
249658     INFO  main            d.u.i.k.p.i.AbstractProblemLoader Creating init config 
254149     DEBUG main            d.u.i.k.p.i.AbstractProblemLoader Init config took 4.49s 
254224     INFO  main            d.u.i.k.p.i.AbstractProblemLoader Replaying proof BFilter[ThreadSpec2::preStart(java.lang.Object)].JML accessible clause.0 
254245     DEBUG main            d.u.i.k.p.i.IntermediateProofReplayer Proof replay took 17.63ms 
254245     DEBUG main            d.u.i.k.p.r.p.TestFile    ... success: reloaded. 
254246     INFO  main            d.u.i.k.p.r.p.TestFile    Now processing file /home/runner/work/key/key/key.core/../key.ui/examples/heap/permissions/threads/BFilter_startTransfer_accessible.key 
254247     INFO  main            d.u.i.k.p.i.AbstractProblemLoader Loading environment from /home/runner/work/key/key/key.core/../key.ui/examples/heap/permissions/threads/BFilter_startTransfer_accessible.key 
254247     DEBUG main            d.u.i.k.p.i.AbstractProblemLoader Environment load took 88.8ns 
254247     INFO  main            d.u.i.k.p.i.AbstractProblemLoader Creating init config 
258712     DEBUG main            d.u.i.k.p.i.AbstractProblemLoader Init config took 4.46s 
258787     INFO  main            d.u.i.k.p.i.AbstractProblemLoader Replaying proof BFilter[ThreadSpec2::startTransfer()].JML accessible clause.0 
258788     DEBUG main            d.u.i.k.p.i.IntermediateProofReplayer Proof replay took 5.7ns 
264547     INFO  main            d.u.i.k.p.r.p.TestFile    ... finished proof: closed. 
264862     INFO  main            d.u.i.k.p.i.AbstractProblemLoader Loading environment from /home/runner/work/key/key/key.core/../key.ui/examples/heap/permissions/threads/BFilter_startTransfer_accessible.key.proof 
264862     DEBUG main            d.u.i.k.p.i.AbstractProblemLoader Environment load took 211.9ns 
264863     INFO  main            d.u.i.k.p.i.AbstractProblemLoader Creating init config 
269280     DEBUG main            d.u.i.k.p.i.AbstractProblemLoader Init config took 4.42s 
269355     INFO  main            d.u.i.k.p.i.AbstractProblemLoader Replaying proof BFilter[ThreadSpec2::startTransfer()].JML accessible clause.0 
269650     DEBUG main            d.u.i.k.p.i.IntermediateProofReplayer Proof replay took 266.2ms 
269652     DEBUG main            d.u.i.k.p.r.p.TestFile    ... success: reloaded. 
269653     INFO  main            d.u.i.k.p.r.p.TestFile    Now processing file /home/runner/work/key/key/key.core/../key.ui/examples/heap/permissions/threads/BFilter_startTransfer_contract.key 
269653     INFO  main            d.u.i.k.p.i.AbstractProblemLoader Loading environment from /home/runner/work/key/key/key.core/../key.ui/examples/heap/permissions/threads/BFilter_startTransfer_contract.key 
269653     DEBUG main            d.u.i.k.p.i.AbstractProblemLoader Environment load took 143.9ns 
269654     INFO  main            d.u.i.k.p.i.AbstractProblemLoader Creating init config 
274107     DEBUG main            d.u.i.k.p.i.AbstractProblemLoader Init config took 4.45s 
274182     INFO  main            d.u.i.k.p.i.AbstractProblemLoader Replaying proof BFilter[ThreadSpec2::startTransfer()].JML model_behavior operation contract.0 
274184     DEBUG main            d.u.i.k.p.i.IntermediateProofReplayer Proof replay took 6.3ns 
275290     INFO  main            d.u.i.k.p.r.p.TestFile    ... finished proof: closed. 
275593     INFO  main            d.u.i.k.p.i.AbstractProblemLoader Loading environment from /home/runner/work/key/key/key.core/../key.ui/examples/heap/permissions/threads/BFilter_startTransfer_contract.key.proof 
275593     DEBUG main            d.u.i.k.p.i.AbstractProblemLoader Environment load took 298.3ns 
275594     INFO  main            d.u.i.k.p.i.AbstractProblemLoader Creating init config 
279983     DEBUG main            d.u.i.k.p.i.AbstractProblemLoader Init config took 4.39s 
280059     INFO  main            d.u.i.k.p.i.AbstractProblemLoader Replaying proof BFilter[ThreadSpec2::startTransfer()].JML model_behavior operation contract.0 
280154     DEBUG main            d.u.i.k.p.i.IntermediateProofReplayer Proof replay took 88.72ms 
280156     DEBUG main            d.u.i.k.p.r.p.TestFile    ... success: reloaded. 
280159     INFO  main            d.u.i.k.p.r.p.TestFile    Now processing file /home/runner/work/key/key/key.core/../key.ui/examples/heap/permissions/threads/BFilter_stateInv_accessible.key 
280159     INFO  main            d.u.i.k.p.i.AbstractProblemLoader Loading environment from /home/runner/work/key/key/key.core/../key.ui/examples/heap/permissions/threads/BFilter_stateInv_accessible.key 
280159     DEBUG main            d.u.i.k.p.i.AbstractProblemLoader Environment load took 168.5ns 
280160     INFO  main            d.u.i.k.p.i.AbstractProblemLoader Creating init config 
284634     DEBUG main            d.u.i.k.p.i.AbstractProblemLoader Init config took 4.47s 
284709     INFO  main            d.u.i.k.p.i.AbstractProblemLoader Replaying proof BFilter[ThreadSpec2::stateInv()].JML accessible clause.0 
284710     DEBUG main            d.u.i.k.p.i.IntermediateProofReplayer Proof replay took 5.8ns 
285012     INFO  main            d.u.i.k.p.r.p.TestFile    ... finished proof: closed. 
285332     INFO  main            d.u.i.k.p.i.AbstractProblemLoader Loading environment from /home/runner/work/key/key/key.core/../key.ui/examples/heap/permissions/threads/BFilter_stateInv_accessible.key.proof 
285332     DEBUG main            d.u.i.k.p.i.AbstractProblemLoader Environment load took 90.9ns 
285333     INFO  main            d.u.i.k.p.i.AbstractProblemLoader Creating init config 
289717     DEBUG main            d.u.i.k.p.i.AbstractProblemLoader Init config took 4.38s 
289792     INFO  main            d.u.i.k.p.i.AbstractProblemLoader Replaying proof BFilter[ThreadSpec2::stateInv()].JML accessible clause.0 
289818     DEBUG main            d.u.i.k.p.i.IntermediateProofReplayer Proof replay took 23.65ms 
289819     DEBUG main            d.u.i.k.p.r.p.TestFile    ... success: reloaded. 
289819     INFO  main            d.u.i.k.p.r.p.TestFile    Now processing file /home/runner/work/key/key/key.core/../key.ui/examples/heap/permissions/threads/BFilter_staticPermissions_accessible.key 
289820     INFO  main            d.u.i.k.p.i.AbstractProblemLoader Loading environment from /home/runner/work/key/key/key.core/../key.ui/examples/heap/permissions/threads/BFilter_staticPermissions_accessible.key 
289820     DEBUG main            d.u.i.k.p.i.AbstractProblemLoader Environment load took 68.3ns 
289820     INFO  main            d.u.i.k.p.i.AbstractProblemLoader Creating init config 
294345     DEBUG main            d.u.i.k.p.i.AbstractProblemLoader Init config took 4.52s 
294421     INFO  main            d.u.i.k.p.i.AbstractProblemLoader Replaying proof BFilter[ThreadSpec2::staticPermissions()].JML accessible clause.0 
294422     DEBUG main            d.u.i.k.p.i.IntermediateProofReplayer Proof replay took 5.6ns 
294524     INFO  main            d.u.i.k.p.r.p.TestFile    ... finished proof: closed. 
294848     INFO  main            d.u.i.k.p.i.AbstractProblemLoader Loading environment from /home/runner/work/key/key/key.core/../key.ui/examples/heap/permissions/threads/BFilter_staticPermissions_accessible.key.proof 
294848     DEBUG main            d.u.i.k.p.i.AbstractProblemLoader Environment load took 92.6ns 
294849     INFO  main            d.u.i.k.p.i.AbstractProblemLoader Creating init config 
299235     DEBUG main            d.u.i.k.p.i.AbstractProblemLoader Init config took 4.39s 
299309     INFO  main            d.u.i.k.p.i.AbstractProblemLoader Replaying proof BFilter[ThreadSpec2::staticPermissions()].JML accessible clause.0 
299317     DEBUG main            d.u.i.k.p.i.IntermediateProofReplayer Proof replay took 6.54ms 
299318     DEBUG main            d.u.i.k.p.r.p.TestFile    ... success: reloaded. 
299319     INFO  main            d.u.i.k.p.r.p.TestFile    Now processing file /home/runner/work/key/key/key.core/../key.ui/examples/heap/permissions/threads/BFilter_workingPermissions_accessible.key 
299319     INFO  main            d.u.i.k.p.i.AbstractProblemLoader Loading environment from /home/runner/work/key/key/key.core/../key.ui/examples/heap/permissions/threads/BFilter_workingPermissions_accessible.key 
299319     DEBUG main            d.u.i.k.p.i.AbstractProblemLoader Environment load took 67.5ns 
299320     INFO  main            d.u.i.k.p.i.AbstractProblemLoader Creating init config 
303779     DEBUG main            d.u.i.k.p.i.AbstractProblemLoader Init config took 4.46s 
303867     INFO  main            d.u.i.k.p.i.AbstractProblemLoader Replaying proof BFilter[ThreadSpec2::workingPermissions()].JML accessible clause.0 
303869     DEBUG main            d.u.i.k.p.i.IntermediateProofReplayer Proof replay took 5.6ns 
303970     INFO  main            d.u.i.k.p.r.p.TestFile    ... finished proof: closed. 
304292     INFO  main            d.u.i.k.p.i.AbstractProblemLoader Loading environment from /home/runner/work/key/key/key.core/../key.ui/examples/heap/permissions/threads/BFilter_workingPermissions_accessible.key.proof 
304292     DEBUG main            d.u.i.k.p.i.AbstractProblemLoader Environment load took 92.6ns 
304293     INFO  main            d.u.i.k.p.i.AbstractProblemLoader Creating init config 
308676     DEBUG main            d.u.i.k.p.i.AbstractProblemLoader Init config took 4.38s 
308750     INFO  main            d.u.i.k.p.i.AbstractProblemLoader Replaying proof BFilter[ThreadSpec2::workingPermissions()].JML accessible clause.0 
308758     DEBUG main            d.u.i.k.p.i.IntermediateProofReplayer Proof replay took 5.86ms 
308758     DEBUG main            d.u.i.k.p.r.p.TestFile    ... success: reloaded. 
308759     INFO  main            d.u.i.k.p.r.p.TestFile    Now processing file /home/runner/work/key/key/key.core/../key.ui/examples/heap/permissions/threads/Fib_Fib.key 
308759     INFO  main            d.u.i.k.p.i.AbstractProblemLoader Loading environment from /home/runner/work/key/key/key.core/../key.ui/examples/heap/permissions/threads/Fib_Fib.key 
308759     DEBUG main            d.u.i.k.p.i.AbstractProblemLoader Environment load took 69.8ns 
308784     INFO  main            d.u.i.k.p.i.AbstractProblemLoader Creating init config 
313243     DEBUG main            d.u.i.k.p.i.AbstractProblemLoader Init config took 4.46s 
313318     INFO  main            d.u.i.k.p.i.AbstractProblemLoader Replaying proof Fib[Fib::Fib(int)].JML normal_behavior operation contract.0 
313320     DEBUG main            d.u.i.k.p.i.IntermediateProofReplayer Proof replay took 5.9ns 
313924     INFO  main            d.u.i.k.p.r.p.TestFile    ... finished proof: closed. 
314287     INFO  main            d.u.i.k.p.i.AbstractProblemLoader Loading environment from /home/runner/work/key/key/key.core/../key.ui/examples/heap/permissions/threads/Fib_Fib.key.proof 
314287     DEBUG main            d.u.i.k.p.i.AbstractProblemLoader Environment load took 91.3ns 
314288     INFO  main            d.u.i.k.p.i.AbstractProblemLoader Creating init config 
318688     DEBUG main            d.u.i.k.p.i.AbstractProblemLoader Init config took 4.4s 
318764     INFO  main            d.u.i.k.p.i.AbstractProblemLoader Replaying proof Fib[Fib::Fib(int)].JML normal_behavior operation contract.0 
318831     DEBUG main            d.u.i.k.p.i.IntermediateProofReplayer Proof replay took 64.86ms 
318832     DEBUG main            d.u.i.k.p.r.p.TestFile    ... success: reloaded. 
318833     INFO  main            d.u.i.k.p.r.p.TestFile    Now processing file /home/runner/work/key/key/key.core/../key.ui/examples/heap/permissions/threads/Fib_initPost_accessible.key 
318833     INFO  main            d.u.i.k.p.i.AbstractProblemLoader Loading environment from /home/runner/work/key/key/key.core/../key.ui/examples/heap/permissions/threads/Fib_initPost_accessible.key 
318833     DEBUG main            d.u.i.k.p.i.AbstractProblemLoader Environment load took 68.5ns 
318843     INFO  main            d.u.i.k.p.i.AbstractProblemLoader Creating init config 
323308     DEBUG main            d.u.i.k.p.i.AbstractProblemLoader Init config took 4.47s 
323397     INFO  main            d.u.i.k.p.i.AbstractProblemLoader Replaying proof Fib[ThreadSpec::initPost()].JML accessible clause.0 
323398     DEBUG main            d.u.i.k.p.i.IntermediateProofReplayer Proof replay took 6.1ns 
323500     INFO  main            d.u.i.k.p.r.p.TestFile    ... finished proof: closed. 
323838     INFO  main            d.u.i.k.p.i.AbstractProblemLoader Loading environment from /home/runner/work/key/key/key.core/../key.ui/examples/heap/permissions/threads/Fib_initPost_accessible.key.proof 
323838     DEBUG main            d.u.i.k.p.i.AbstractProblemLoader Environment load took 89ns 
323839     INFO  main            d.u.i.k.p.i.AbstractProblemLoader Creating init config 
328236     DEBUG main            d.u.i.k.p.i.AbstractProblemLoader Init config took 4.4s 
328310     INFO  main            d.u.i.k.p.i.AbstractProblemLoader Replaying proof Fib[ThreadSpec::initPost()].JML accessible clause.0 
328316     DEBUG main            d.u.i.k.p.i.IntermediateProofReplayer Proof replay took 3.72ms 
328316     DEBUG main            d.u.i.k.p.r.p.TestFile    ... success: reloaded. 
328317     INFO  main            d.u.i.k.p.r.p.TestFile    Now processing file /home/runner/work/key/key/key.core/../key.ui/examples/heap/permissions/threads/Fib_inv1_accessible.key 
328317     INFO  main            d.u.i.k.p.i.AbstractProblemLoader Loading environment from /home/runner/work/key/key/key.core/../key.ui/examples/heap/permissions/threads/Fib_inv1_accessible.key 
328317     DEBUG main            d.u.i.k.p.i.AbstractProblemLoader Environment load took 91.1ns 
328318     INFO  main            d.u.i.k.p.i.AbstractProblemLoader Creating init config 
332768     DEBUG main            d.u.i.k.p.i.AbstractProblemLoader Init config took 4.45s 
332843     INFO  main            d.u.i.k.p.i.AbstractProblemLoader Replaying proof Fib[java.lang.Object::<inv>()].JML accessible clause.0 
332844     DEBUG main            d.u.i.k.p.i.IntermediateProofReplayer Proof replay took 6ns 
332945     INFO  main            d.u.i.k.p.r.p.TestFile    ... finished proof: closed. 
333286     INFO  main            d.u.i.k.p.i.AbstractProblemLoader Loading environment from /home/runner/work/key/key/key.core/../key.ui/examples/heap/permissions/threads/Fib_inv1_accessible.key.proof 
333286     DEBUG main            d.u.i.k.p.i.AbstractProblemLoader Environment load took 103ns 
333287     INFO  main            d.u.i.k.p.i.AbstractProblemLoader Creating init config 
337681     DEBUG main            d.u.i.k.p.i.AbstractProblemLoader Init config took 4.39s 
337756     INFO  main            d.u.i.k.p.i.AbstractProblemLoader Replaying proof Fib[java.lang.Object::<inv>()].JML accessible clause.0 
337758     DEBUG main            d.u.i.k.p.i.IntermediateProofReplayer Proof replay took 1.31ms 
337759     DEBUG main            d.u.i.k.p.r.p.TestFile    ... success: reloaded. 
337760     INFO  main            d.u.i.k.p.r.p.TestFile    Now processing file /home/runner/work/key/key/key.core/../key.ui/examples/heap/permissions/threads/Fib_inv2_accessible.key 
337760     INFO  main            d.u.i.k.p.i.AbstractProblemLoader Loading environment from /home/runner/work/key/key/key.core/../key.ui/examples/heap/permissions/threads/Fib_inv2_accessible.key 
337760     DEBUG main            d.u.i.k.p.i.AbstractProblemLoader Environment load took 67.4ns 
337761     INFO  main            d.u.i.k.p.i.AbstractProblemLoader Creating init config 
342215     DEBUG main            d.u.i.k.p.i.AbstractProblemLoader Init config took 4.45s 
342303     INFO  main            d.u.i.k.p.i.AbstractProblemLoader Replaying proof Fib[java.lang.Object::<inv>()].JML accessible clause.1 
342304     DEBUG main            d.u.i.k.p.i.IntermediateProofReplayer Proof replay took 5.8ns 
342405     INFO  main            d.u.i.k.p.r.p.TestFile    ... finished proof: closed. 
342747     INFO  main            d.u.i.k.p.i.AbstractProblemLoader Loading environment from /home/runner/work/key/key/key.core/../key.ui/examples/heap/permissions/threads/Fib_inv2_accessible.key.proof 
342747     DEBUG main            d.u.i.k.p.i.AbstractProblemLoader Environment load took 78.4ns 
342748     INFO  main            d.u.i.k.p.i.AbstractProblemLoader Creating init config 
347146     DEBUG main            d.u.i.k.p.i.AbstractProblemLoader Init config took 4.4s 
347221     INFO  main            d.u.i.k.p.i.AbstractProblemLoader Replaying proof Fib[java.lang.Object::<inv>()].JML accessible clause.1 
347223     DEBUG main            d.u.i.k.p.i.IntermediateProofReplayer Proof replay took 1.32ms 
347224     DEBUG main            d.u.i.k.p.r.p.TestFile    ... success: reloaded. 
347225     INFO  main            d.u.i.k.p.r.p.TestFile    Now processing file /home/runner/work/key/key/key.core/../key.ui/examples/heap/permissions/threads/Fib_joinTransfer_accessible.key 
347225     INFO  main            d.u.i.k.p.i.AbstractProblemLoader Loading environment from /home/runner/work/key/key/key.core/../key.ui/examples/heap/permissions/threads/Fib_joinTransfer_accessible.key 
347225     DEBUG main            d.u.i.k.p.i.AbstractProblemLoader Environment load took 83.1ns 
347226     INFO  main            d.u.i.k.p.i.AbstractProblemLoader Creating init config 
351701     DEBUG main            d.u.i.k.p.i.AbstractProblemLoader Init config took 4.48s 
351776     INFO  main            d.u.i.k.p.i.AbstractProblemLoader Replaying proof Fib[ThreadSpec::joinTransfer()].JML accessible clause.0 
351777     DEBUG main            d.u.i.k.p.i.IntermediateProofReplayer Proof replay took 7ns 
351979     INFO  main            d.u.i.k.p.r.p.TestFile    ... finished proof: closed. 
352359     INFO  main            d.u.i.k.p.i.AbstractProblemLoader Loading environment from /home/runner/work/key/key/key.core/../key.ui/examples/heap/permissions/threads/Fib_joinTransfer_accessible.key.proof 
352359     DEBUG main            d.u.i.k.p.i.AbstractProblemLoader Environment load took 87.9ns 
352360     INFO  main            d.u.i.k.p.i.AbstractProblemLoader Creating init config 
356756     DEBUG main            d.u.i.k.p.i.AbstractProblemLoader Init config took 4.4s 
356830     INFO  main            d.u.i.k.p.i.AbstractProblemLoader Replaying proof Fib[ThreadSpec::joinTransfer()].JML accessible clause.0 
356849     DEBUG main            d.u.i.k.p.i.IntermediateProofReplayer Proof replay took 16.38ms 
356849     DEBUG main            d.u.i.k.p.r.p.TestFile    ... success: reloaded. 
356850     INFO  main            d.u.i.k.p.r.p.TestFile    Now processing file /home/runner/work/key/key/key.core/../key.ui/examples/heap/permissions/threads/Fib_joinTransfer_contract.key 
356850     INFO  main            d.u.i.k.p.i.AbstractProblemLoader Loading environment from /home/runner/work/key/key/key.core/../key.ui/examples/heap/permissions/threads/Fib_joinTransfer_contract.key 
356850     DEBUG main            d.u.i.k.p.i.AbstractProblemLoader Environment load took 70.8ns 
356851     INFO  main            d.u.i.k.p.i.AbstractProblemLoader Creating init config 
361310     DEBUG main            d.u.i.k.p.i.AbstractProblemLoader Init config took 4.46s 
361384     INFO  main            d.u.i.k.p.i.AbstractProblemLoader Replaying proof Fib[ThreadSpec::joinTransfer()].JML model_behavior operation contract.0 
361386     DEBUG main            d.u.i.k.p.i.IntermediateProofReplayer Proof replay took 6.7ns 
361487     INFO  main            d.u.i.k.p.r.p.TestFile    ... finished proof: closed. 
361847     INFO  main            d.u.i.k.p.i.AbstractProblemLoader Loading environment from /home/runner/work/key/key/key.core/../key.ui/examples/heap/permissions/threads/Fib_joinTransfer_contract.key.proof 
361847     DEBUG main            d.u.i.k.p.i.AbstractProblemLoader Environment load took 92.5ns 
361848     INFO  main            d.u.i.k.p.i.AbstractProblemLoader Creating init config 
366253     DEBUG main            d.u.i.k.p.i.AbstractProblemLoader Init config took 4.4s 
366330     INFO  main            d.u.i.k.p.i.AbstractProblemLoader Replaying proof Fib[ThreadSpec::joinTransfer()].JML model_behavior operation contract.0 
366337     DEBUG main            d.u.i.k.p.i.IntermediateProofReplayer Proof replay took 6.08ms 
366338     DEBUG main            d.u.i.k.p.r.p.TestFile    ... success: reloaded. 
366339     INFO  main            d.u.i.k.p.r.p.TestFile    Now processing file /home/runner/work/key/key/key.core/../key.ui/examples/heap/permissions/threads/Fib_postJoin_accessible.key 
366339     INFO  main            d.u.i.k.p.i.AbstractProblemLoader Loading environment from /home/runner/work/key/key/key.core/../key.ui/examples/heap/permissions/threads/Fib_postJoin_accessible.key 
366339     DEBUG main            d.u.i.k.p.i.AbstractProblemLoader Environment load took 67ns 
366340     INFO  main            d.u.i.k.p.i.AbstractProblemLoader Creating init config 
370928     DEBUG main            d.u.i.k.p.i.AbstractProblemLoader Init config took 4.59s 
371017     INFO  main            d.u.i.k.p.i.AbstractProblemLoader Replaying proof Fib[ThreadSpec::postJoin(java.lang.Object)].JML accessible clause.0 
371018     DEBUG main            d.u.i.k.p.i.IntermediateProofReplayer Proof replay took 6.7ns 
371119     INFO  main            d.u.i.k.p.r.p.TestFile    ... finished proof: closed. 
371481     INFO  main            d.u.i.k.p.i.AbstractProblemLoader Loading environment from /home/runner/work/key/key/key.core/../key.ui/examples/heap/permissions/threads/Fib_postJoin_accessible.key.proof 
371481     DEBUG main            d.u.i.k.p.i.AbstractProblemLoader Environment load took 80.6ns 
371482     INFO  main            d.u.i.k.p.i.AbstractProblemLoader Creating init config 
375888     DEBUG main            d.u.i.k.p.i.AbstractProblemLoader Init config took 4.41s 
375963     INFO  main            d.u.i.k.p.i.AbstractProblemLoader Replaying proof Fib[ThreadSpec::postJoin(java.lang.Object)].JML accessible clause.0 
375968     DEBUG main            d.u.i.k.p.i.IntermediateProofReplayer Proof replay took 4.02ms 
375969     DEBUG main            d.u.i.k.p.r.p.TestFile    ... success: reloaded. 
375970     INFO  main            d.u.i.k.p.r.p.TestFile    Now processing file /home/runner/work/key/key/key.core/../key.ui/examples/heap/permissions/threads/Fib_preStart_accessible.key 
375970     INFO  main            d.u.i.k.p.i.AbstractProblemLoader Loading environment from /home/runner/work/key/key/key.core/../key.ui/examples/heap/permissions/threads/Fib_preStart_accessible.key 
375970     DEBUG main            d.u.i.k.p.i.AbstractProblemLoader Environment load took 81.5ns 
375970     INFO  main            d.u.i.k.p.i.AbstractProblemLoader Creating init config 
380446     DEBUG main            d.u.i.k.p.i.AbstractProblemLoader Init config took 4.48s 
380520     INFO  main            d.u.i.k.p.i.AbstractProblemLoader Replaying proof Fib[ThreadSpec::preStart(java.lang.Object)].JML accessible clause.0 
380521     DEBUG main            d.u.i.k.p.i.IntermediateProofReplayer Proof replay took 6.8ns 
380623     INFO  main            d.u.i.k.p.r.p.TestFile    ... finished proof: closed. 
380989     INFO  main            d.u.i.k.p.i.AbstractProblemLoader Loading environment from /home/runner/work/key/key/key.core/../key.ui/examples/heap/permissions/threads/Fib_preStart_accessible.key.proof 
380989     DEBUG main            d.u.i.k.p.i.AbstractProblemLoader Environment load took 74.9ns 
380990     INFO  main            d.u.i.k.p.i.AbstractProblemLoader Creating init config 
385402     DEBUG main            d.u.i.k.p.i.AbstractProblemLoader Init config took 4.41s 
385488     INFO  main            d.u.i.k.p.i.AbstractProblemLoader Replaying proof Fib[ThreadSpec::preStart(java.lang.Object)].JML accessible clause.0 
385493     DEBUG main            d.u.i.k.p.i.IntermediateProofReplayer Proof replay took 3.96ms 
385494     DEBUG main            d.u.i.k.p.r.p.TestFile    ... success: reloaded. 
385495     INFO  main            d.u.i.k.p.r.p.TestFile    Now processing file /home/runner/work/key/key/key.core/../key.ui/examples/heap/permissions/threads/Fib_startTransfer_accessible.key 
385495     INFO  main            d.u.i.k.p.i.AbstractProblemLoader Loading environment from /home/runner/work/key/key/key.core/../key.ui/examples/heap/permissions/threads/Fib_startTransfer_accessible.key 
385495     DEBUG main            d.u.i.k.p.i.AbstractProblemLoader Environment load took 79.9ns 
385496     INFO  main            d.u.i.k.p.i.AbstractProblemLoader Creating init config 
389955     DEBUG main            d.u.i.k.p.i.AbstractProblemLoader Init config took 4.46s 
390028     INFO  main            d.u.i.k.p.i.AbstractProblemLoader Replaying proof Fib[ThreadSpec::startTransfer()].JML accessible clause.0 
390030     DEBUG main            d.u.i.k.p.i.IntermediateProofReplayer Proof replay took 6.9ns 
390231     INFO  main            d.u.i.k.p.r.p.TestFile    ... finished proof: closed. 
390637     INFO  main            d.u.i.k.p.i.AbstractProblemLoader Loading environment from /home/runner/work/key/key/key.core/../key.ui/examples/heap/permissions/threads/Fib_startTransfer_accessible.key.proof 
390637     DEBUG main            d.u.i.k.p.i.AbstractProblemLoader Environment load took 82.7ns 
390637     INFO  main            d.u.i.k.p.i.AbstractProblemLoader Creating init config 
395059     DEBUG main            d.u.i.k.p.i.AbstractProblemLoader Init config took 4.42s 
395133     INFO  main            d.u.i.k.p.i.AbstractProblemLoader Replaying proof Fib[ThreadSpec::startTransfer()].JML accessible clause.0 
395151     DEBUG main            d.u.i.k.p.i.IntermediateProofReplayer Proof replay took 16.34ms 
395152     DEBUG main            d.u.i.k.p.r.p.TestFile    ... success: reloaded. 
395152     INFO  main            d.u.i.k.p.r.p.TestFile    Now processing file /home/runner/work/key/key/key.core/../key.ui/examples/heap/permissions/threads/Fib_startTransfer_contract.key 
395153     INFO  main            d.u.i.k.p.i.AbstractProblemLoader Loading environment from /home/runner/work/key/key/key.core/../key.ui/examples/heap/permissions/threads/Fib_startTransfer_contract.key 
395153     DEBUG main            d.u.i.k.p.i.AbstractProblemLoader Environment load took 71.2ns 
395153     INFO  main            d.u.i.k.p.i.AbstractProblemLoader Creating init config 
399605     DEBUG main            d.u.i.k.p.i.AbstractProblemLoader Init config took 4.45s 
399694     INFO  main            d.u.i.k.p.i.AbstractProblemLoader Replaying proof Fib[ThreadSpec::startTransfer()].JML model_behavior operation contract.0 
399696     DEBUG main            d.u.i.k.p.i.IntermediateProofReplayer Proof replay took 6.8ns 
399797     INFO  main            d.u.i.k.p.r.p.TestFile    ... finished proof: closed. 
400178     INFO  main            d.u.i.k.p.i.AbstractProblemLoader Loading environment from /home/runner/work/key/key/key.core/../key.ui/examples/heap/permissions/threads/Fib_startTransfer_contract.key.proof 
400178     DEBUG main            d.u.i.k.p.i.AbstractProblemLoader Environment load took 75.3ns 
400179     INFO  main            d.u.i.k.p.i.AbstractProblemLoader Creating init config 
404582     DEBUG main            d.u.i.k.p.i.AbstractProblemLoader Init config took 4.4s 
404657     INFO  main            d.u.i.k.p.i.AbstractProblemLoader Replaying proof Fib[ThreadSpec::startTransfer()].JML model_behavior operation contract.0 
404664     DEBUG main            d.u.i.k.p.i.IntermediateProofReplayer Proof replay took 5.86ms 
404664     DEBUG main            d.u.i.k.p.r.p.TestFile    ... success: reloaded. 
404665     INFO  main            d.u.i.k.p.r.p.TestFile    Now processing file /home/runner/work/key/key/key.core/../key.ui/examples/heap/permissions/threads/Fib_workingPermissions_accessible.key 
404665     INFO  main            d.u.i.k.p.i.AbstractProblemLoader Loading environment from /home/runner/work/key/key/key.core/../key.ui/examples/heap/permissions/threads/Fib_workingPermissions_accessible.key 
404665     DEBUG main            d.u.i.k.p.i.AbstractProblemLoader Environment load took 45.7ns 
404666     INFO  main            d.u.i.k.p.i.AbstractProblemLoader Creating init config 
409132     DEBUG main            d.u.i.k.p.i.AbstractProblemLoader Init config took 4.47s 
409206     INFO  main            d.u.i.k.p.i.AbstractProblemLoader Replaying proof Fib[ThreadSpec::workingPermissions()].JML accessible clause.0 
409207     DEBUG main            d.u.i.k.p.i.IntermediateProofReplayer Proof replay took 7.3ns 
409308     INFO  main            d.u.i.k.p.r.p.TestFile    ... finished proof: closed. 
409694     INFO  main            d.u.i.k.p.i.AbstractProblemLoader Loading environment from /home/runner/work/key/key/key.core/../key.ui/examples/heap/permissions/threads/Fib_workingPermissions_accessible.key.proof 
409695     DEBUG main            d.u.i.k.p.i.AbstractProblemLoader Environment load took 109ns 
409695     INFO  main            d.u.i.k.p.i.AbstractProblemLoader Creating init config 
414103     DEBUG main            d.u.i.k.p.i.AbstractProblemLoader Init config took 4.41s 
414177     INFO  main            d.u.i.k.p.i.AbstractProblemLoader Replaying proof Fib[ThreadSpec::workingPermissions()].JML accessible clause.0 
414180     DEBUG main            d.u.i.k.p.i.IntermediateProofReplayer Proof replay took 1.6ms 
414181     DEBUG main            d.u.i.k.p.r.p.TestFile    ... success: reloaded. 
414181     INFO  main            d.u.i.k.p.r.p.TestFile    Now processing file /home/runner/work/key/key/key.core/../key.ui/examples/heap/permissions/threads/Plotter_initPost_accessible.key 
414182     INFO  main            d.u.i.k.p.i.AbstractProblemLoader Loading environment from /home/runner/work/key/key/key.core/../key.ui/examples/heap/permissions/threads/Plotter_initPost_accessible.key 
414182     DEBUG main            d.u.i.k.p.i.AbstractProblemLoader Environment load took 42.8ns 
414182     INFO  main            d.u.i.k.p.i.AbstractProblemLoader Creating init config 
418654     DEBUG main            d.u.i.k.p.i.AbstractProblemLoader Init config took 4.47s 
418728     INFO  main            d.u.i.k.p.i.AbstractProblemLoader Replaying proof Plotter[ThreadSpec2::initPost()].JML accessible clause.0 
418729     DEBUG main            d.u.i.k.p.i.IntermediateProofReplayer Proof replay took 7.1ns 
418831     INFO  main            d.u.i.k.p.r.p.TestFile    ... finished proof: closed. 
419231     INFO  main            d.u.i.k.p.i.AbstractProblemLoader Loading environment from /home/runner/work/key/key/key.core/../key.ui/examples/heap/permissions/threads/Plotter_initPost_accessible.key.proof 
419231     DEBUG main            d.u.i.k.p.i.AbstractProblemLoader Environment load took 71.1ns 
419232     INFO  main            d.u.i.k.p.i.AbstractProblemLoader Creating init config 
423644     DEBUG main            d.u.i.k.p.i.AbstractProblemLoader Init config took 4.41s 
423718     INFO  main            d.u.i.k.p.i.AbstractProblemLoader Replaying proof Plotter[ThreadSpec2::initPost()].JML accessible clause.0 
423728     DEBUG main            d.u.i.k.p.i.IntermediateProofReplayer Proof replay took 8.35ms 
423728     DEBUG main            d.u.i.k.p.r.p.TestFile    ... success: reloaded. 
423729     INFO  main            d.u.i.k.p.r.p.TestFile    Now processing file /home/runner/work/key/key/key.core/../key.ui/examples/heap/permissions/threads/Plotter_inv_accessible1.key 
423729     INFO  main            d.u.i.k.p.i.AbstractProblemLoader Loading environment from /home/runner/work/key/key/key.core/../key.ui/examples/heap/permissions/threads/Plotter_inv_accessible1.key 
423729     DEBUG main            d.u.i.k.p.i.AbstractProblemLoader Environment load took 41.6ns 
423730     INFO  main            d.u.i.k.p.i.AbstractProblemLoader Creating init config 
428291     DEBUG main            d.u.i.k.p.i.AbstractProblemLoader Init config took 4.56s 
428378     INFO  main            d.u.i.k.p.i.AbstractProblemLoader Replaying proof Plotter[java.lang.Object::<inv>()].JML accessible clause.0 
428379     DEBUG main            d.u.i.k.p.i.IntermediateProofReplayer Proof replay took 6.8ns 
428481     INFO  main            d.u.i.k.p.r.p.TestFile    ... finished proof: closed. 
428885     INFO  main            d.u.i.k.p.i.AbstractProblemLoader Loading environment from /home/runner/work/key/key/key.core/../key.ui/examples/heap/permissions/threads/Plotter_inv_accessible1.key.proof 
428885     DEBUG main            d.u.i.k.p.i.AbstractProblemLoader Environment load took 73.4ns 
428886     INFO  main            d.u.i.k.p.i.AbstractProblemLoader Creating init config 
433289     DEBUG main            d.u.i.k.p.i.AbstractProblemLoader Init config took 4.4s 
433363     INFO  main            d.u.i.k.p.i.AbstractProblemLoader Replaying proof Plotter[java.lang.Object::<inv>()].JML accessible clause.0 
433366     DEBUG main            d.u.i.k.p.i.IntermediateProofReplayer Proof replay took 1.25ms 
433366     DEBUG main            d.u.i.k.p.r.p.TestFile    ... success: reloaded. 
433367     INFO  main            d.u.i.k.p.r.p.TestFile    Now processing file /home/runner/work/key/key/key.core/../key.ui/examples/heap/permissions/threads/Plotter_inv_accessible2.key 
433367     INFO  main            d.u.i.k.p.i.AbstractProblemLoader Loading environment from /home/runner/work/key/key/key.core/../key.ui/examples/heap/permissions/threads/Plotter_inv_accessible2.key 
433367     DEBUG main            d.u.i.k.p.i.AbstractProblemLoader Environment load took 40.7ns 
433368     INFO  main            d.u.i.k.p.i.AbstractProblemLoader Creating init config 
437836     DEBUG main            d.u.i.k.p.i.AbstractProblemLoader Init config took 4.47s 
437922     INFO  main            d.u.i.k.p.i.AbstractProblemLoader Replaying proof Plotter[java.lang.Object::<inv>()].JML accessible clause.1 
437923     DEBUG main            d.u.i.k.p.i.IntermediateProofReplayer Proof replay took 7ns 
438024     INFO  main            d.u.i.k.p.r.p.TestFile    ... finished proof: closed. 
438431     INFO  main            d.u.i.k.p.i.AbstractProblemLoader Loading environment from /home/runner/work/key/key/key.core/../key.ui/examples/heap/permissions/threads/Plotter_inv_accessible2.key.proof 
438431     DEBUG main            d.u.i.k.p.i.AbstractProblemLoader Environment load took 77.3ns 
438432     INFO  main            d.u.i.k.p.i.AbstractProblemLoader Creating init config 
442828     DEBUG main            d.u.i.k.p.i.AbstractProblemLoader Init config took 4.4s 
442912     INFO  main            d.u.i.k.p.i.AbstractProblemLoader Replaying proof Plotter[java.lang.Object::<inv>()].JML accessible clause.1 
442915     DEBUG main            d.u.i.k.p.i.IntermediateProofReplayer Proof replay took 1.28ms 
442915     DEBUG main            d.u.i.k.p.r.p.TestFile    ... success: reloaded. 
442916     INFO  main            d.u.i.k.p.r.p.TestFile    Now processing file /home/runner/work/key/key/key.core/../key.ui/examples/heap/permissions/threads/Plotter_joinTransfer_contract.key 
442916     INFO  main            d.u.i.k.p.i.AbstractProblemLoader Loading environment from /home/runner/work/key/key/key.core/../key.ui/examples/heap/permissions/threads/Plotter_joinTransfer_contract.key 
442916     DEBUG main            d.u.i.k.p.i.AbstractProblemLoader Environment load took 42.5ns 
442917     INFO  main            d.u.i.k.p.i.AbstractProblemLoader Creating init config 
447401     DEBUG main            d.u.i.k.p.i.AbstractProblemLoader Init config took 4.48s 
447475     INFO  main            d.u.i.k.p.i.AbstractProblemLoader Replaying proof Plotter[ThreadSpec2::joinTransfer()].JML model_behavior operation contract.0 
447477     DEBUG main            d.u.i.k.p.i.IntermediateProofReplayer Proof replay took 6.5ns 
447578     INFO  main            d.u.i.k.p.r.p.TestFile    ... finished proof: closed. 
447998     INFO  main            d.u.i.k.p.i.AbstractProblemLoader Loading environment from /home/runner/work/key/key/key.core/../key.ui/examples/heap/permissions/threads/Plotter_joinTransfer_contract.key.proof 
447999     DEBUG main            d.u.i.k.p.i.AbstractProblemLoader Environment load took 72.5ns 
447999     INFO  main            d.u.i.k.p.i.AbstractProblemLoader Creating init config 
452401     DEBUG main            d.u.i.k.p.i.AbstractProblemLoader Init config took 4.4s 
452476     INFO  main            d.u.i.k.p.i.AbstractProblemLoader Replaying proof Plotter[ThreadSpec2::joinTransfer()].JML model_behavior operation contract.0 
452484     DEBUG main            d.u.i.k.p.i.IntermediateProofReplayer Proof replay took 6.37ms 
452485     DEBUG main            d.u.i.k.p.r.p.TestFile    ... success: reloaded. 
452485     INFO  main            d.u.i.k.p.r.p.TestFile    Now processing file /home/runner/work/key/key/key.core/../key.ui/examples/heap/permissions/threads/Plotter_Plotter.key 
452485     INFO  main            d.u.i.k.p.i.AbstractProblemLoader Loading environment from /home/runner/work/key/key/key.core/../key.ui/examples/heap/permissions/threads/Plotter_Plotter.key 
452486     DEBUG main            d.u.i.k.p.i.AbstractProblemLoader Environment load took 42.7ns 
452486     INFO  main            d.u.i.k.p.i.AbstractProblemLoader Creating init config 
456947     DEBUG main            d.u.i.k.p.i.AbstractProblemLoader Init config took 4.46s 
457034     INFO  main            d.u.i.k.p.i.AbstractProblemLoader Replaying proof Plotter[Plotter::Plotter(AFilter,BFilter,Buffer)].JML normal_behavior operation contract.0 
457035     DEBUG main            d.u.i.k.p.i.IntermediateProofReplayer Proof replay took 6.3ns 
458739     INFO  main            d.u.i.k.p.r.p.TestFile    ... finished proof: closed. 
459177     INFO  main            d.u.i.k.p.i.AbstractProblemLoader Loading environment from /home/runner/work/key/key/key.core/../key.ui/examples/heap/permissions/threads/Plotter_Plotter.key.proof 
459177     DEBUG main            d.u.i.k.p.i.AbstractProblemLoader Environment load took 318.6ns 
459178     INFO  main            d.u.i.k.p.i.AbstractProblemLoader Creating init config 
463588     DEBUG main            d.u.i.k.p.i.AbstractProblemLoader Init config took 4.41s 
463662     INFO  main            d.u.i.k.p.i.AbstractProblemLoader Replaying proof Plotter[Plotter::Plotter(AFilter,BFilter,Buffer)].JML normal_behavior operation contract.0 
463820     DEBUG main            d.u.i.k.p.i.IntermediateProofReplayer Proof replay took 153.29ms 
463822     DEBUG main            d.u.i.k.p.r.p.TestFile    ... success: reloaded. 
463823     INFO  main            d.u.i.k.p.r.p.TestFile    Now processing file /home/runner/work/key/key/key.core/../key.ui/examples/heap/permissions/threads/Plotter_postJoin_accessible.key 
463823     INFO  main            d.u.i.k.p.i.AbstractProblemLoader Loading environment from /home/runner/work/key/key/key.core/../key.ui/examples/heap/permissions/threads/Plotter_postJoin_accessible.key 
463823     DEBUG main            d.u.i.k.p.i.AbstractProblemLoader Environment load took 64.1ns 
463824     INFO  main            d.u.i.k.p.i.AbstractProblemLoader Creating init config 
468402     DEBUG main            d.u.i.k.p.i.AbstractProblemLoader Init config took 4.58s 
468475     INFO  main            d.u.i.k.p.i.AbstractProblemLoader Replaying proof Plotter[ThreadSpec2::postJoin(java.lang.Object)].JML accessible clause.0 
468476     DEBUG main            d.u.i.k.p.i.IntermediateProofReplayer Proof replay took 6.4ns 
468578     INFO  main            d.u.i.k.p.r.p.TestFile    ... finished proof: closed. 
469003     INFO  main            d.u.i.k.p.i.AbstractProblemLoader Loading environment from /home/runner/work/key/key/key.core/../key.ui/examples/heap/permissions/threads/Plotter_postJoin_accessible.key.proof 
469003     DEBUG main            d.u.i.k.p.i.AbstractProblemLoader Environment load took 73.3ns 
469004     INFO  main            d.u.i.k.p.i.AbstractProblemLoader Creating init config 
473408     DEBUG main            d.u.i.k.p.i.AbstractProblemLoader Init config took 4.4s 
473482     INFO  main            d.u.i.k.p.i.AbstractProblemLoader Replaying proof Plotter[ThreadSpec2::postJoin(java.lang.Object)].JML accessible clause.0 
473491     DEBUG main            d.u.i.k.p.i.IntermediateProofReplayer Proof replay took 7.86ms 
473492     DEBUG main            d.u.i.k.p.r.p.TestFile    ... success: reloaded. 
473493     INFO  main            d.u.i.k.p.r.p.TestFile    Now processing file /home/runner/work/key/key/key.core/../key.ui/examples/heap/permissions/threads/Plotter_preStart_accessible.key 
473493     INFO  main            d.u.i.k.p.i.AbstractProblemLoader Loading environment from /home/runner/work/key/key/key.core/../key.ui/examples/heap/permissions/threads/Plotter_preStart_accessible.key 
473493     DEBUG main            d.u.i.k.p.i.AbstractProblemLoader Environment load took 64.2ns 
473494     INFO  main            d.u.i.k.p.i.AbstractProblemLoader Creating init config 
477964     DEBUG main            d.u.i.k.p.i.AbstractProblemLoader Init config took 4.47s 
478038     INFO  main            d.u.i.k.p.i.AbstractProblemLoader Replaying proof Plotter[ThreadSpec2::preStart(java.lang.Object)].JML accessible clause.0 
478039     DEBUG main            d.u.i.k.p.i.IntermediateProofReplayer Proof replay took 6.2ns 
479042     INFO  main            d.u.i.k.p.r.p.TestFile    ... finished proof: closed. 
479484     INFO  main            d.u.i.k.p.i.AbstractProblemLoader Loading environment from /home/runner/work/key/key/key.core/../key.ui/examples/heap/permissions/threads/Plotter_preStart_accessible.key.proof 
479484     DEBUG main            d.u.i.k.p.i.AbstractProblemLoader Environment load took 80.8ns 
479485     INFO  main            d.u.i.k.p.i.AbstractProblemLoader Creating init config 
484086     DEBUG main            d.u.i.k.p.i.AbstractProblemLoader Init config took 4.6s 
484173     INFO  main            d.u.i.k.p.i.AbstractProblemLoader Replaying proof Plotter[ThreadSpec2::preStart(java.lang.Object)].JML accessible clause.0 
484227     DEBUG main            d.u.i.k.p.i.IntermediateProofReplayer Proof replay took 50.05ms 
484227     DEBUG main            d.u.i.k.p.r.p.TestFile    ... success: reloaded. 
484228     INFO  main            d.u.i.k.p.r.p.TestFile    Now processing file /home/runner/work/key/key/key.core/../key.ui/examples/heap/permissions/threads/Plotter_stateInv_accessible.key 
484228     INFO  main            d.u.i.k.p.i.AbstractProblemLoader Loading environment from /home/runner/work/key/key/key.core/../key.ui/examples/heap/permissions/threads/Plotter_stateInv_accessible.key 
484228     DEBUG main            d.u.i.k.p.i.AbstractProblemLoader Environment load took 58.3ns 
484229     INFO  main            d.u.i.k.p.i.AbstractProblemLoader Creating init config 
488863     DEBUG main            d.u.i.k.p.i.AbstractProblemLoader Init config took 4.63s 
488958     INFO  main            d.u.i.k.p.i.AbstractProblemLoader Replaying proof Plotter[ThreadSpec2::stateInv()].JML accessible clause.0 
488959     DEBUG main            d.u.i.k.p.i.IntermediateProofReplayer Proof replay took 5.8ns 
497132     INFO  main            d.u.i.k.p.r.p.TestFile    ... finished proof: closed. 
497592     INFO  main            d.u.i.k.p.i.AbstractProblemLoader Loading environment from /home/runner/work/key/key/key.core/../key.ui/examples/heap/permissions/threads/Plotter_stateInv_accessible.key.proof 
497592     DEBUG main            d.u.i.k.p.i.AbstractProblemLoader Environment load took 96.4ns 
497593     INFO  main            d.u.i.k.p.i.AbstractProblemLoader Creating init config 
502079     DEBUG main            d.u.i.k.p.i.AbstractProblemLoader Init config took 4.49s 
502153     INFO  main            d.u.i.k.p.i.AbstractProblemLoader Replaying proof Plotter[ThreadSpec2::stateInv()].JML accessible clause.0 
502519     DEBUG main            d.u.i.k.p.i.IntermediateProofReplayer Proof replay took 351.18ms 
502521     DEBUG main            d.u.i.k.p.r.p.TestFile    ... success: reloaded. 
502521     INFO  main            d.u.i.k.p.r.p.TestFile    Now processing file /home/runner/work/key/key/key.core/../key.ui/examples/heap/permissions/threads/Plotter_staticPermissions_accessible.key 
502522     INFO  main            d.u.i.k.p.i.AbstractProblemLoader Loading environment from /home/runner/work/key/key/key.core/../key.ui/examples/heap/permissions/threads/Plotter_staticPermissions_accessible.key 
502522     DEBUG main            d.u.i.k.p.i.AbstractProblemLoader Environment load took 74.8ns 
502522     INFO  main            d.u.i.k.p.i.AbstractProblemLoader Creating init config 
506987     DEBUG main            d.u.i.k.p.i.AbstractProblemLoader Init config took 4.46s 
507060     INFO  main            d.u.i.k.p.i.AbstractProblemLoader Replaying proof Plotter[ThreadSpec2::staticPermissions()].JML accessible clause.0 
507062     DEBUG main            d.u.i.k.p.i.IntermediateProofReplayer Proof replay took 37.6ns 
507964     INFO  main            d.u.i.k.p.r.p.TestFile    ... finished proof: closed. 
508400     INFO  main            d.u.i.k.p.i.AbstractProblemLoader Loading environment from /home/runner/work/key/key/key.core/../key.ui/examples/heap/permissions/threads/Plotter_staticPermissions_accessible.key.proof 
508400     DEBUG main            d.u.i.k.p.i.AbstractProblemLoader Environment load took 71.4ns 
508401     INFO  main            d.u.i.k.p.i.AbstractProblemLoader Creating init config 
512775     DEBUG main            d.u.i.k.p.i.AbstractProblemLoader Init config took 4.37s 
512850     INFO  main            d.u.i.k.p.i.AbstractProblemLoader Replaying proof Plotter[ThreadSpec2::staticPermissions()].JML accessible clause.0 
512906     DEBUG main            d.u.i.k.p.i.IntermediateProofReplayer Proof replay took 53.44ms 
512907     DEBUG main            d.u.i.k.p.r.p.TestFile    ... success: reloaded. 
512908     INFO  main            d.u.i.k.p.r.p.TestFile    Now processing file /home/runner/work/key/key/key.core/../key.ui/examples/heap/permissions/threads/Plotter_workingPermissions_accessible.key 
512909     INFO  main            d.u.i.k.p.i.AbstractProblemLoader Loading environment from /home/runner/work/key/key/key.core/../key.ui/examples/heap/permissions/threads/Plotter_workingPermissions_accessible.key 
512909     DEBUG main            d.u.i.k.p.i.AbstractProblemLoader Environment load took 51.3ns 
512910     INFO  main            d.u.i.k.p.i.AbstractProblemLoader Creating init config 
517365     DEBUG main            d.u.i.k.p.i.AbstractProblemLoader Init config took 4.46s 
517439     INFO  main            d.u.i.k.p.i.AbstractProblemLoader Replaying proof Plotter[ThreadSpec2::workingPermissions()].JML accessible clause.0 
517440     DEBUG main            d.u.i.k.p.i.IntermediateProofReplayer Proof replay took 2.4ns 
517642     INFO  main            d.u.i.k.p.r.p.TestFile    ... finished proof: closed. 
518097     INFO  main            d.u.i.k.p.i.AbstractProblemLoader Loading environment from /home/runner/work/key/key/key.core/../key.ui/examples/heap/permissions/threads/Plotter_workingPermissions_accessible.key.proof 
518097     DEBUG main            d.u.i.k.p.i.AbstractProblemLoader Environment load took 65.3ns 
518098     INFO  main            d.u.i.k.p.i.AbstractProblemLoader Creating init config 
522481     DEBUG main            d.u.i.k.p.i.AbstractProblemLoader Init config took 4.38s 
522570     INFO  main            d.u.i.k.p.i.AbstractProblemLoader Replaying proof Plotter[ThreadSpec2::workingPermissions()].JML accessible clause.0 
522582     DEBUG main            d.u.i.k.p.i.IntermediateProofReplayer Proof replay took 10.37ms 
522582     DEBUG main            d.u.i.k.p.r.p.TestFile    ... success: reloaded. 
522583     INFO  main            d.u.i.k.p.r.p.TestFile    Now processing file /home/runner/work/key/key/key.core/../key.ui/examples/heap/permissions/threads/Sampler_initPost_accessible.key 
522583     INFO  main            d.u.i.k.p.i.AbstractProblemLoader Loading environment from /home/runner/work/key/key/key.core/../key.ui/examples/heap/permissions/threads/Sampler_initPost_accessible.key 
522583     DEBUG main            d.u.i.k.p.i.AbstractProblemLoader Environment load took 39.7ns 
522584     INFO  main            d.u.i.k.p.i.AbstractProblemLoader Creating init config 
527039     DEBUG main            d.u.i.k.p.i.AbstractProblemLoader Init config took 4.45s 
527113     INFO  main            d.u.i.k.p.i.AbstractProblemLoader Replaying proof Sampler[ThreadSpec2::initPost()].JML accessible clause.0 
527114     DEBUG main            d.u.i.k.p.i.IntermediateProofReplayer Proof replay took 2.3ns 
527215     INFO  main            d.u.i.k.p.r.p.TestFile    ... finished proof: closed. 
527674     INFO  main            d.u.i.k.p.i.AbstractProblemLoader Loading environment from /home/runner/work/key/key/key.core/../key.ui/examples/heap/permissions/threads/Sampler_initPost_accessible.key.proof 
527674     DEBUG main            d.u.i.k.p.i.AbstractProblemLoader Environment load took 70.5ns 
527674     INFO  main            d.u.i.k.p.i.AbstractProblemLoader Creating init config 
532051     DEBUG main            d.u.i.k.p.i.AbstractProblemLoader Init config took 4.38s 
532136     INFO  main            d.u.i.k.p.i.AbstractProblemLoader Replaying proof Sampler[ThreadSpec2::initPost()].JML accessible clause.0 
532141     DEBUG main            d.u.i.k.p.i.IntermediateProofReplayer Proof replay took 4ms 
532142     DEBUG main            d.u.i.k.p.r.p.TestFile    ... success: reloaded. 
532142     INFO  main            d.u.i.k.p.r.p.TestFile    Now processing file /home/runner/work/key/key/key.core/../key.ui/examples/heap/permissions/threads/Sampler_inv_accessible1.key 
532143     INFO  main            d.u.i.k.p.i.AbstractProblemLoader Loading environment from /home/runner/work/key/key/key.core/../key.ui/examples/heap/permissions/threads/Sampler_inv_accessible1.key 
532143     DEBUG main            d.u.i.k.p.i.AbstractProblemLoader Environment load took 38.8ns 
532143     INFO  main            d.u.i.k.p.i.AbstractProblemLoader Creating init config 
536590     DEBUG main            d.u.i.k.p.i.AbstractProblemLoader Init config took 4.45s 
536664     INFO  main            d.u.i.k.p.i.AbstractProblemLoader Replaying proof Sampler[java.lang.Object::<inv>()].JML accessible clause.0 
536665     DEBUG main            d.u.i.k.p.i.IntermediateProofReplayer Proof replay took 2.3ns 
536766     INFO  main            d.u.i.k.p.r.p.TestFile    ... finished proof: closed. 
537222     INFO  main            d.u.i.k.p.i.AbstractProblemLoader Loading environment from /home/runner/work/key/key/key.core/../key.ui/examples/heap/permissions/threads/Sampler_inv_accessible1.key.proof 
537222     DEBUG main            d.u.i.k.p.i.AbstractProblemLoader Environment load took 64.8ns 
537223     INFO  main            d.u.i.k.p.i.AbstractProblemLoader Creating init config 
541613     DEBUG main            d.u.i.k.p.i.AbstractProblemLoader Init config took 4.39s 
541687     INFO  main            d.u.i.k.p.i.AbstractProblemLoader Replaying proof Sampler[java.lang.Object::<inv>()].JML accessible clause.0 
541689     DEBUG main            d.u.i.k.p.i.IntermediateProofReplayer Proof replay took 1.2ms 
541690     DEBUG main            d.u.i.k.p.r.p.TestFile    ... success: reloaded. 
541691     INFO  main            d.u.i.k.p.r.p.TestFile    Now processing file /home/runner/work/key/key/key.core/../key.ui/examples/heap/permissions/threads/Sampler_inv_accessible2.key 
541691     INFO  main            d.u.i.k.p.i.AbstractProblemLoader Loading environment from /home/runner/work/key/key/key.core/../key.ui/examples/heap/permissions/threads/Sampler_inv_accessible2.key 
541691     DEBUG main            d.u.i.k.p.i.AbstractProblemLoader Environment load took 79.6ns 
541691     INFO  main            d.u.i.k.p.i.AbstractProblemLoader Creating init config 
546135     DEBUG main            d.u.i.k.p.i.AbstractProblemLoader Init config took 4.44s 
546222     INFO  main            d.u.i.k.p.i.AbstractProblemLoader Replaying proof Sampler[java.lang.Object::<inv>()].JML accessible clause.1 
546223     DEBUG main            d.u.i.k.p.i.IntermediateProofReplayer Proof replay took 2.2ns 
546327     INFO  main            d.u.i.k.p.r.p.TestFile    ... finished proof: closed. 
546795     INFO  main            d.u.i.k.p.i.AbstractProblemLoader Loading environment from /home/runner/work/key/key/key.core/../key.ui/examples/heap/permissions/threads/Sampler_inv_accessible2.key.proof 
546795     DEBUG main            d.u.i.k.p.i.AbstractProblemLoader Environment load took 66.5ns 
546796     INFO  main            d.u.i.k.p.i.AbstractProblemLoader Creating init config 
551171     DEBUG main            d.u.i.k.p.i.AbstractProblemLoader Init config took 4.37s 
551244     INFO  main            d.u.i.k.p.i.AbstractProblemLoader Replaying proof Sampler[java.lang.Object::<inv>()].JML accessible clause.1 
551247     DEBUG main            d.u.i.k.p.i.IntermediateProofReplayer Proof replay took 1.24ms 
551247     DEBUG main            d.u.i.k.p.r.p.TestFile    ... success: reloaded. 
551248     INFO  main            d.u.i.k.p.r.p.TestFile    Now processing file /home/runner/work/key/key/key.core/../key.ui/examples/heap/permissions/threads/Sampler_joinTransfer_accessible.key 
551248     INFO  main            d.u.i.k.p.i.AbstractProblemLoader Loading environment from /home/runner/work/key/key/key.core/../key.ui/examples/heap/permissions/threads/Sampler_joinTransfer_accessible.key 
551248     DEBUG main            d.u.i.k.p.i.AbstractProblemLoader Environment load took 57.7ns 
551249     INFO  main            d.u.i.k.p.i.AbstractProblemLoader Creating init config 
555851     DEBUG main            d.u.i.k.p.i.AbstractProblemLoader Init config took 4.6s 
555937     INFO  main            d.u.i.k.p.i.AbstractProblemLoader Replaying proof Sampler[ThreadSpec2::joinTransfer()].JML accessible clause.0 
555957     DEBUG main            d.u.i.k.p.i.IntermediateProofReplayer Proof replay took 1.9ns 
559391     INFO  main            d.u.i.k.p.r.p.TestFile    ... finished proof: closed. 
559870     INFO  main            d.u.i.k.p.i.AbstractProblemLoader Loading environment from /home/runner/work/key/key/key.core/../key.ui/examples/heap/permissions/threads/Sampler_joinTransfer_accessible.key.proof 
559871     DEBUG main            d.u.i.k.p.i.AbstractProblemLoader Environment load took 74.8ns 
559872     INFO  main            d.u.i.k.p.i.AbstractProblemLoader Creating init config 
564471     DEBUG main            d.u.i.k.p.i.AbstractProblemLoader Init config took 4.6s 
564545     INFO  main            d.u.i.k.p.i.AbstractProblemLoader Replaying proof Sampler[ThreadSpec2::joinTransfer()].JML accessible clause.0 
564920     DEBUG main            d.u.i.k.p.i.IntermediateProofReplayer Proof replay took 363.9ms 
564921     DEBUG main            d.u.i.k.p.r.p.TestFile    ... success: reloaded. 
564922     INFO  main            d.u.i.k.p.r.p.TestFile    Now processing file /home/runner/work/key/key/key.core/../key.ui/examples/heap/permissions/threads/Sampler_joinTransfer_contract.key 
564922     INFO  main            d.u.i.k.p.i.AbstractProblemLoader Loading environment from /home/runner/work/key/key/key.core/../key.ui/examples/heap/permissions/threads/Sampler_joinTransfer_contract.key 
564922     DEBUG main            d.u.i.k.p.i.AbstractProblemLoader Environment load took 45.1ns 
564923     INFO  main            d.u.i.k.p.i.AbstractProblemLoader Creating init config 
569349     DEBUG main            d.u.i.k.p.i.AbstractProblemLoader Init config took 4.43s 
569423     INFO  main            d.u.i.k.p.i.AbstractProblemLoader Replaying proof Sampler[ThreadSpec2::joinTransfer()].JML model_behavior operation contract.0 
569424     DEBUG main            d.u.i.k.p.i.IntermediateProofReplayer Proof replay took 2.5ns 
569527     INFO  main            d.u.i.k.p.r.p.TestFile    ... finished proof: closed. 
570007     INFO  main            d.u.i.k.p.i.AbstractProblemLoader Loading environment from /home/runner/work/key/key/key.core/../key.ui/examples/heap/permissions/threads/Sampler_joinTransfer_contract.key.proof 
570007     DEBUG main            d.u.i.k.p.i.AbstractProblemLoader Environment load took 66.5ns 
570008     INFO  main            d.u.i.k.p.i.AbstractProblemLoader Creating init config 
574375     DEBUG main            d.u.i.k.p.i.AbstractProblemLoader Init config took 4.37s 
574459     INFO  main            d.u.i.k.p.i.AbstractProblemLoader Replaying proof Sampler[ThreadSpec2::joinTransfer()].JML model_behavior operation contract.0 
574466     DEBUG main            d.u.i.k.p.i.IntermediateProofReplayer Proof replay took 5.74ms 
574467     DEBUG main            d.u.i.k.p.r.p.TestFile    ... success: reloaded. 
574468     INFO  main            d.u.i.k.p.r.p.TestFile    Now processing file /home/runner/work/key/key/key.core/../key.ui/examples/heap/permissions/threads/Sampler_postJoin_accessible.key 
574468     INFO  main            d.u.i.k.p.i.AbstractProblemLoader Loading environment from /home/runner/work/key/key/key.core/../key.ui/examples/heap/permissions/threads/Sampler_postJoin_accessible.key 
574468     DEBUG main            d.u.i.k.p.i.AbstractProblemLoader Environment load took 38.9ns 
574469     INFO  main            d.u.i.k.p.i.AbstractProblemLoader Creating init config 
578904     DEBUG main            d.u.i.k.p.i.AbstractProblemLoader Init config took 4.43s 
578977     INFO  main            d.u.i.k.p.i.AbstractProblemLoader Replaying proof Sampler[ThreadSpec2::postJoin(java.lang.Object)].JML accessible clause.0 
578978     DEBUG main            d.u.i.k.p.i.IntermediateProofReplayer Proof replay took 3ns 
579079     INFO  main            d.u.i.k.p.r.p.TestFile    ... finished proof: closed. 
579565     INFO  main            d.u.i.k.p.i.AbstractProblemLoader Loading environment from /home/runner/work/key/key/key.core/../key.ui/examples/heap/permissions/threads/Sampler_postJoin_accessible.key.proof 
579565     DEBUG main            d.u.i.k.p.i.AbstractProblemLoader Environment load took 71.5ns 
579566     INFO  main            d.u.i.k.p.i.AbstractProblemLoader Creating init config 
583926     DEBUG main            d.u.i.k.p.i.AbstractProblemLoader Init config took 4.36s 
584010     INFO  main            d.u.i.k.p.i.AbstractProblemLoader Replaying proof Sampler[ThreadSpec2::postJoin(java.lang.Object)].JML accessible clause.0 
584018     DEBUG main            d.u.i.k.p.i.IntermediateProofReplayer Proof replay took 6.59ms 
584019     DEBUG main            d.u.i.k.p.r.p.TestFile    ... success: reloaded. 
584020     INFO  main            d.u.i.k.p.r.p.TestFile    Now processing file /home/runner/work/key/key/key.core/../key.ui/examples/heap/permissions/threads/Sampler_preStart_accessible.key 
584020     INFO  main            d.u.i.k.p.i.AbstractProblemLoader Loading environment from /home/runner/work/key/key/key.core/../key.ui/examples/heap/permissions/threads/Sampler_preStart_accessible.key 
584021     DEBUG main            d.u.i.k.p.i.AbstractProblemLoader Environment load took 146.6ns 
584021     INFO  main            d.u.i.k.p.i.AbstractProblemLoader Creating init config 
588447     DEBUG main            d.u.i.k.p.i.AbstractProblemLoader Init config took 4.43s 
588521     INFO  main            d.u.i.k.p.i.AbstractProblemLoader Replaying proof Sampler[ThreadSpec2::preStart(java.lang.Object)].JML accessible clause.0 
588522     DEBUG main            d.u.i.k.p.i.IntermediateProofReplayer Proof replay took 2.3ns 
588623     INFO  main            d.u.i.k.p.r.p.TestFile    ... finished proof: closed. 
589162     INFO  main            d.u.i.k.p.i.AbstractProblemLoader Loading environment from /home/runner/work/key/key/key.core/../key.ui/examples/heap/permissions/threads/Sampler_preStart_accessible.key.proof 
589162     DEBUG main            d.u.i.k.p.i.AbstractProblemLoader Environment load took 101.9ns 
589163     INFO  main            d.u.i.k.p.i.AbstractProblemLoader Creating init config 
593536     DEBUG main            d.u.i.k.p.i.AbstractProblemLoader Init config took 4.37s 
593609     INFO  main            d.u.i.k.p.i.AbstractProblemLoader Replaying proof Sampler[ThreadSpec2::preStart(java.lang.Object)].JML accessible clause.0 
593617     DEBUG main            d.u.i.k.p.i.IntermediateProofReplayer Proof replay took 6.39ms 
593618     DEBUG main            d.u.i.k.p.r.p.TestFile    ... success: reloaded. 
593618     INFO  main            d.u.i.k.p.r.p.TestFile    Now processing file /home/runner/work/key/key/key.core/../key.ui/examples/heap/permissions/threads/Sampler_run.key 
593619     INFO  main            d.u.i.k.p.i.AbstractProblemLoader Loading environment from /home/runner/work/key/key/key.core/../key.ui/examples/heap/permissions/threads/Sampler_run.key 
593619     DEBUG main            d.u.i.k.p.i.AbstractProblemLoader Environment load took 58.6ns 
593619     INFO  main            d.u.i.k.p.i.AbstractProblemLoader Creating init config 
598040     DEBUG main            d.u.i.k.p.i.AbstractProblemLoader Init config took 4.42s 
598113     INFO  main            d.u.i.k.p.i.AbstractProblemLoader Replaying proof Sampler[ThreadSpec2::run()].JML normal_behavior operation contract.0 
598114     DEBUG main            d.u.i.k.p.i.IntermediateProofReplayer Proof replay took 2.3ns 
598216     INFO  main            d.u.i.k.p.r.p.TestFile    ... finished proof: closed. 
598713     INFO  main            d.u.i.k.p.i.AbstractProblemLoader Loading environment from /home/runner/work/key/key/key.core/../key.ui/examples/heap/permissions/threads/Sampler_run.key.proof 
598713     DEBUG main            d.u.i.k.p.i.AbstractProblemLoader Environment load took 70.5ns 
598713     INFO  main            d.u.i.k.p.i.AbstractProblemLoader Creating init config 
603077     DEBUG main            d.u.i.k.p.i.AbstractProblemLoader Init config took 4.36s 
603150     INFO  main            d.u.i.k.p.i.AbstractProblemLoader Replaying proof Sampler[ThreadSpec2::run()].JML normal_behavior operation contract.0 
603175     DEBUG main            d.u.i.k.p.i.IntermediateProofReplayer Proof replay took 23.27ms 
603176     DEBUG main            d.u.i.k.p.r.p.TestFile    ... success: reloaded. 
603176     INFO  main            d.u.i.k.p.r.p.TestFile    Now processing file /home/runner/work/key/key/key.core/../key.ui/examples/heap/permissions/threads/Sampler_Sampler.key 
603177     INFO  main            d.u.i.k.p.i.AbstractProblemLoader Loading environment from /home/runner/work/key/key/key.core/../key.ui/examples/heap/permissions/threads/Sampler_Sampler.key 
603177     DEBUG main            d.u.i.k.p.i.AbstractProblemLoader Environment load took 40.1ns 
603177     INFO  main            d.u.i.k.p.i.AbstractProblemLoader Creating init config 
607595     DEBUG main            d.u.i.k.p.i.AbstractProblemLoader Init config took 4.42s 
607689     INFO  main            d.u.i.k.p.i.AbstractProblemLoader Replaying proof Sampler[Sampler::Sampler(Buffer)].JML normal_behavior operation contract.0 
607690     DEBUG main            d.u.i.k.p.i.IntermediateProofReplayer Proof replay took 2.9ns 
608192     INFO  main            d.u.i.k.p.r.p.TestFile    ... finished proof: closed. 
608712     INFO  main            d.u.i.k.p.i.AbstractProblemLoader Loading environment from /home/runner/work/key/key/key.core/../key.ui/examples/heap/permissions/threads/Sampler_Sampler.key.proof 
608712     DEBUG main            d.u.i.k.p.i.AbstractProblemLoader Environment load took 69.4ns 
608713     INFO  main            d.u.i.k.p.i.AbstractProblemLoader Creating init config 
613095     DEBUG main            d.u.i.k.p.i.AbstractProblemLoader Init config took 4.38s 
613169     INFO  main            d.u.i.k.p.i.AbstractProblemLoader Replaying proof Sampler[Sampler::Sampler(Buffer)].JML normal_behavior operation contract.0 
613227     DEBUG main            d.u.i.k.p.i.IntermediateProofReplayer Proof replay took 56.18ms 
613228     DEBUG main            d.u.i.k.p.r.p.TestFile    ... success: reloaded. 
613229     INFO  main            d.u.i.k.p.r.p.TestFile    Now processing file /home/runner/work/key/key/key.core/../key.ui/examples/heap/permissions/threads/Sampler_startTransfer_accessible.key 
613229     INFO  main            d.u.i.k.p.i.AbstractProblemLoader Loading environment from /home/runner/work/key/key/key.core/../key.ui/examples/heap/permissions/threads/Sampler_startTransfer_accessible.key 
613229     DEBUG main            d.u.i.k.p.i.AbstractProblemLoader Environment load took 63.5ns 
613230     INFO  main            d.u.i.k.p.i.AbstractProblemLoader Creating init config 
617682     DEBUG main            d.u.i.k.p.i.AbstractProblemLoader Init config took 4.45s 
617755     INFO  main            d.u.i.k.p.i.AbstractProblemLoader Replaying proof Sampler[ThreadSpec2::startTransfer()].JML accessible clause.0 
617756     DEBUG main            d.u.i.k.p.i.IntermediateProofReplayer Proof replay took 2.8ns 
621170     INFO  main            d.u.i.k.p.r.p.TestFile    ... finished proof: closed. 
621692     INFO  main            d.u.i.k.p.i.AbstractProblemLoader Loading environment from /home/runner/work/key/key/key.core/../key.ui/examples/heap/permissions/threads/Sampler_startTransfer_accessible.key.proof 
621692     DEBUG main            d.u.i.k.p.i.AbstractProblemLoader Environment load took 277.4ns 
621694     INFO  main            d.u.i.k.p.i.AbstractProblemLoader Creating init config 
626061     DEBUG main            d.u.i.k.p.i.AbstractProblemLoader Init config took 4.37s 
626134     INFO  main            d.u.i.k.p.i.AbstractProblemLoader Replaying proof Sampler[ThreadSpec2::startTransfer()].JML accessible clause.0 
626465     DEBUG main            d.u.i.k.p.i.IntermediateProofReplayer Proof replay took 321.72ms 
626466     DEBUG main            d.u.i.k.p.r.p.TestFile    ... success: reloaded. 
626467     INFO  main            d.u.i.k.p.r.p.TestFile    Now processing file /home/runner/work/key/key/key.core/../key.ui/examples/heap/permissions/threads/Sampler_startTransfer_contract.key 
626467     INFO  main            d.u.i.k.p.i.AbstractProblemLoader Loading environment from /home/runner/work/key/key/key.core/../key.ui/examples/heap/permissions/threads/Sampler_startTransfer_contract.key 
626467     DEBUG main            d.u.i.k.p.i.AbstractProblemLoader Environment load took 39.2ns 
626468     INFO  main            d.u.i.k.p.i.AbstractProblemLoader Creating init config 
630887     DEBUG main            d.u.i.k.p.i.AbstractProblemLoader Init config took 4.42s 
630975     INFO  main            d.u.i.k.p.i.AbstractProblemLoader Replaying proof Sampler[ThreadSpec2::startTransfer()].JML model_behavior operation contract.0 
630976     DEBUG main            d.u.i.k.p.i.IntermediateProofReplayer Proof replay took 2.5ns 
631078     INFO  main            d.u.i.k.p.r.p.TestFile    ... finished proof: closed. 
631583     INFO  main            d.u.i.k.p.i.AbstractProblemLoader Loading environment from /home/runner/work/key/key/key.core/../key.ui/examples/heap/permissions/threads/Sampler_startTransfer_contract.key.proof 
631583     DEBUG main            d.u.i.k.p.i.AbstractProblemLoader Environment load took 71.9ns 
631584     INFO  main            d.u.i.k.p.i.AbstractProblemLoader Creating init config 
635960     DEBUG main            d.u.i.k.p.i.AbstractProblemLoader Init config took 4.38s 
636036     INFO  main            d.u.i.k.p.i.AbstractProblemLoader Replaying proof Sampler[ThreadSpec2::startTransfer()].JML model_behavior operation contract.0 
636043     DEBUG main            d.u.i.k.p.i.IntermediateProofReplayer Proof replay took 5.8ms 
636044     DEBUG main            d.u.i.k.p.r.p.TestFile    ... success: reloaded. 
636045     INFO  main            d.u.i.k.p.r.p.TestFile    Now processing file /home/runner/work/key/key/key.core/../key.ui/examples/heap/permissions/threads/Sampler_stateInv_accessible.key 
636045     INFO  main            d.u.i.k.p.i.AbstractProblemLoader Loading environment from /home/runner/work/key/key/key.core/../key.ui/examples/heap/permissions/threads/Sampler_stateInv_accessible.key 
636045     DEBUG main            d.u.i.k.p.i.AbstractProblemLoader Environment load took 128.9ns 
636046     INFO  main            d.u.i.k.p.i.AbstractProblemLoader Creating init config 
640502     DEBUG main            d.u.i.k.p.i.AbstractProblemLoader Init config took 4.46s 
640576     INFO  main            d.u.i.k.p.i.AbstractProblemLoader Replaying proof Sampler[ThreadSpec2::stateInv()].JML accessible clause.0 
640577     DEBUG main            d.u.i.k.p.i.IntermediateProofReplayer Proof replay took 2.3ns 
640679     INFO  main            d.u.i.k.p.r.p.TestFile    ... finished proof: closed. 
641204     INFO  main            d.u.i.k.p.i.AbstractProblemLoader Loading environment from /home/runner/work/key/key/key.core/../key.ui/examples/heap/permissions/threads/Sampler_stateInv_accessible.key.proof 
641205     DEBUG main            d.u.i.k.p.i.AbstractProblemLoader Environment load took 72.5ns 
641205     INFO  main            d.u.i.k.p.i.AbstractProblemLoader Creating init config 
645583     DEBUG main            d.u.i.k.p.i.AbstractProblemLoader Init config took 4.38s 
645656     INFO  main            d.u.i.k.p.i.AbstractProblemLoader Replaying proof Sampler[ThreadSpec2::stateInv()].JML accessible clause.0 
645662     DEBUG main            d.u.i.k.p.i.IntermediateProofReplayer Proof replay took 4.53ms 
645663     DEBUG main            d.u.i.k.p.r.p.TestFile    ... success: reloaded. 
645664     INFO  main            d.u.i.k.p.r.p.TestFile    Now processing file /home/runner/work/key/key/key.core/../key.ui/examples/heap/permissions/threads/Sampler_staticPermissions_accessible.key 
645664     INFO  main            d.u.i.k.p.i.AbstractProblemLoader Loading environment from /home/runner/work/key/key/key.core/../key.ui/examples/heap/permissions/threads/Sampler_staticPermissions_accessible.key 
645664     DEBUG main            d.u.i.k.p.i.AbstractProblemLoader Environment load took 129.8ns 
645665     INFO  main            d.u.i.k.p.i.AbstractProblemLoader Creating init config 
650105     DEBUG main            d.u.i.k.p.i.AbstractProblemLoader Init config took 4.44s 
650178     INFO  main            d.u.i.k.p.i.AbstractProblemLoader Replaying proof Sampler[ThreadSpec2::staticPermissions()].JML accessible clause.0 
650179     DEBUG main            d.u.i.k.p.i.IntermediateProofReplayer Proof replay took 2.4ns 
650283     INFO  main            d.u.i.k.p.r.p.TestFile    ... finished proof: closed. 
650802     INFO  main            d.u.i.k.p.i.AbstractProblemLoader Loading environment from /home/runner/work/key/key/key.core/../key.ui/examples/heap/permissions/threads/Sampler_staticPermissions_accessible.key.proof 
650803     DEBUG main            d.u.i.k.p.i.AbstractProblemLoader Environment load took 67.4ns 
650803     INFO  main            d.u.i.k.p.i.AbstractProblemLoader Creating init config 
655174     DEBUG main            d.u.i.k.p.i.AbstractProblemLoader Init config took 4.37s 
655248     INFO  main            d.u.i.k.p.i.AbstractProblemLoader Replaying proof Sampler[ThreadSpec2::staticPermissions()].JML accessible clause.0 
655251     DEBUG main            d.u.i.k.p.i.IntermediateProofReplayer Proof replay took 2.65ms 
655252     DEBUG main            d.u.i.k.p.r.p.TestFile    ... success: reloaded. 
655253     INFO  main            d.u.i.k.p.r.p.TestFile    Now processing file /home/runner/work/key/key/key.core/../key.ui/examples/heap/permissions/threads/Sampler_workingPermissions_accessible.key 
655253     INFO  main            d.u.i.k.p.i.AbstractProblemLoader Loading environment from /home/runner/work/key/key/key.core/../key.ui/examples/heap/permissions/threads/Sampler_workingPermissions_accessible.key 
655253     DEBUG main            d.u.i.k.p.i.AbstractProblemLoader Environment load took 49.3ns 
655254     INFO  main            d.u.i.k.p.i.AbstractProblemLoader Creating init config 
659694     DEBUG main            d.u.i.k.p.i.AbstractProblemLoader Init config took 4.44s 
659767     INFO  main            d.u.i.k.p.i.AbstractProblemLoader Replaying proof Sampler[ThreadSpec2::workingPermissions()].JML accessible clause.0 
659768     DEBUG main            d.u.i.k.p.i.IntermediateProofReplayer Proof replay took 2.5ns 
659869     INFO  main            d.u.i.k.p.r.p.TestFile    ... finished proof: closed. 
660395     INFO  main            d.u.i.k.p.i.AbstractProblemLoader Loading environment from /home/runner/work/key/key/key.core/../key.ui/examples/heap/permissions/threads/Sampler_workingPermissions_accessible.key.proof 
660395     DEBUG main            d.u.i.k.p.i.AbstractProblemLoader Environment load took 67.9ns 
660396     INFO  main            d.u.i.k.p.i.AbstractProblemLoader Creating init config 
664780     DEBUG main            d.u.i.k.p.i.AbstractProblemLoader Init config took 4.38s 
664855     INFO  main            d.u.i.k.p.i.AbstractProblemLoader Replaying proof Sampler[ThreadSpec2::workingPermissions()].JML accessible clause.0 
664860     DEBUG main            d.u.i.k.p.i.IntermediateProofReplayer Proof replay took 3.81ms 
664862     DEBUG main            d.u.i.k.p.r.p.TestFile    ... success: reloaded. 
664863     INFO  main            d.u.i.k.p.r.p.TestFile    Now processing file /home/runner/work/key/key/key.core/../key.ui/examples/heap/permissions/mulleretal/ReadWrite_doRead_contract.key 
664863     INFO  main            d.u.i.k.p.i.AbstractProblemLoader Loading environment from /home/runner/work/key/key/key.core/../key.ui/examples/heap/permissions/mulleretal/ReadWrite_doRead_contract.key 
664863     DEBUG main            d.u.i.k.p.i.AbstractProblemLoader Environment load took 39.7ns 
664864     INFO  main            d.u.i.k.p.i.AbstractProblemLoader Creating init config 
667394     DEBUG main            d.u.i.k.p.i.AbstractProblemLoader Init config took 2.53s 
667424     INFO  main            d.u.i.k.p.i.AbstractProblemLoader Replaying proof ReadWrite[ReadWrite::doRead()].JML normal_behavior operation contract.0 
667426     DEBUG main            d.u.i.k.p.i.IntermediateProofReplayer Proof replay took 3.1ns 
668931     INFO  main            d.u.i.k.p.r.p.TestFile    ... finished proof: closed. 
669511     INFO  main            d.u.i.k.p.i.AbstractProblemLoader Loading environment from /home/runner/work/key/key/key.core/../key.ui/examples/heap/permissions/mulleretal/ReadWrite_doRead_contract.key.proof 
669511     DEBUG main            d.u.i.k.p.i.AbstractProblemLoader Environment load took 370.7ns 
669512     INFO  main            d.u.i.k.p.i.AbstractProblemLoader Creating init config 
671979     DEBUG main            d.u.i.k.p.i.AbstractProblemLoader Init config took 2.47s 
672021     INFO  main            d.u.i.k.p.i.AbstractProblemLoader Replaying proof ReadWrite[ReadWrite::doRead()].JML normal_behavior operation contract.0 
672307     DEBUG main            d.u.i.k.p.i.IntermediateProofReplayer Proof replay took 279.68ms 
672307     DEBUG main            d.u.i.k.p.r.p.TestFile    ... success: reloaded. 
672308     INFO  main            d.u.i.k.p.r.p.TestFile    Now processing file /home/runner/work/key/key/key.core/../key.ui/examples/heap/permissions/mulleretal/ReadWrite_doWrite_contract.key 
672308     INFO  main            d.u.i.k.p.i.AbstractProblemLoader Loading environment from /home/runner/work/key/key/key.core/../key.ui/examples/heap/permissions/mulleretal/ReadWrite_doWrite_contract.key 
672308     DEBUG main            d.u.i.k.p.i.AbstractProblemLoader Environment load took 64.2ns 
672309     INFO  main            d.u.i.k.p.i.AbstractProblemLoader Creating init config 
674821     DEBUG main            d.u.i.k.p.i.AbstractProblemLoader Init config took 2.51s 
674852     INFO  main            d.u.i.k.p.i.AbstractProblemLoader Replaying proof ReadWrite[ReadWrite::doWrite()].JML normal_behavior operation contract.0 
674853     DEBUG main            d.u.i.k.p.i.IntermediateProofReplayer Proof replay took 2.5ns 
676357     INFO  main            d.u.i.k.p.r.p.TestFile    ... finished proof: closed. 
676927     INFO  main            d.u.i.k.p.i.AbstractProblemLoader Loading environment from /home/runner/work/key/key/key.core/../key.ui/examples/heap/permissions/mulleretal/ReadWrite_doWrite_contract.key.proof 
676927     DEBUG main            d.u.i.k.p.i.AbstractProblemLoader Environment load took 72.1ns 
676928     INFO  main            d.u.i.k.p.i.AbstractProblemLoader Creating init config 
679395     DEBUG main            d.u.i.k.p.i.AbstractProblemLoader Init config took 2.47s 
679425     INFO  main            d.u.i.k.p.i.AbstractProblemLoader Replaying proof ReadWrite[ReadWrite::doWrite()].JML normal_behavior operation contract.0 
679718     DEBUG main            d.u.i.k.p.i.IntermediateProofReplayer Proof replay took 288.17ms 
679719     DEBUG main            d.u.i.k.p.r.p.TestFile    ... success: reloaded. 
679720     INFO  main            d.u.i.k.p.r.p.TestFile    Now processing file /home/runner/work/key/key/key.core/../key.ui/examples/heap/permissions/mulleretal/ReadWrite_read_contract.key 
679720     INFO  main            d.u.i.k.p.i.AbstractProblemLoader Loading environment from /home/runner/work/key/key/key.core/../key.ui/examples/heap/permissions/mulleretal/ReadWrite_read_contract.key 
679720     DEBUG main            d.u.i.k.p.i.AbstractProblemLoader Environment load took 134.5ns 
679721     INFO  main            d.u.i.k.p.i.AbstractProblemLoader Creating init config 
682230     DEBUG main            d.u.i.k.p.i.AbstractProblemLoader Init config took 2.51s 
682261     INFO  main            d.u.i.k.p.i.AbstractProblemLoader Replaying proof ReadWrite[ReadWrite::read()].JML normal_behavior operation contract.0 
682262     DEBUG main            d.u.i.k.p.i.IntermediateProofReplayer Proof replay took 2.7ns 
682363     INFO  main            d.u.i.k.p.r.p.TestFile    ... finished proof: closed. 
682901     INFO  main            d.u.i.k.p.i.AbstractProblemLoader Loading environment from /home/runner/work/key/key/key.core/../key.ui/examples/heap/permissions/mulleretal/ReadWrite_read_contract.key.proof 
682901     DEBUG main            d.u.i.k.p.i.AbstractProblemLoader Environment load took 68.8ns 
682902     INFO  main            d.u.i.k.p.i.AbstractProblemLoader Creating init config 
685363     DEBUG main            d.u.i.k.p.i.AbstractProblemLoader Init config took 2.46s 
685401     INFO  main            d.u.i.k.p.i.AbstractProblemLoader Replaying proof ReadWrite[ReadWrite::read()].JML normal_behavior operation contract.0 
685408     DEBUG main            d.u.i.k.p.i.IntermediateProofReplayer Proof replay took 5.5ms 
685409     DEBUG main            d.u.i.k.p.r.p.TestFile    ... success: reloaded. 
685409     INFO  main            d.u.i.k.p.r.p.TestFile    Now processing file /home/runner/work/key/key/key.core/../key.ui/examples/heap/permissions/mulleretal/ReadWrite_write_contract.key 
685409     INFO  main            d.u.i.k.p.i.AbstractProblemLoader Loading environment from /home/runner/work/key/key/key.core/../key.ui/examples/heap/permissions/mulleretal/ReadWrite_write_contract.key 
685410     DEBUG main            d.u.i.k.p.i.AbstractProblemLoader Environment load took 57.3ns 
685410     INFO  main            d.u.i.k.p.i.AbstractProblemLoader Creating init config 
687916     DEBUG main            d.u.i.k.p.i.AbstractProblemLoader Init config took 2.51s 
687947     INFO  main            d.u.i.k.p.i.AbstractProblemLoader Replaying proof ReadWrite[ReadWrite::write()].JML normal_behavior operation contract.0 
687951     DEBUG main            d.u.i.k.p.i.IntermediateProofReplayer Proof replay took 2.5ns 
688052     INFO  main            d.u.i.k.p.r.p.TestFile    ... finished proof: closed. 
688595     INFO  main            d.u.i.k.p.i.AbstractProblemLoader Loading environment from /home/runner/work/key/key/key.core/../key.ui/examples/heap/permissions/mulleretal/ReadWrite_write_contract.key.proof 
688595     DEBUG main            d.u.i.k.p.i.AbstractProblemLoader Environment load took 81.6ns 
688596     INFO  main            d.u.i.k.p.i.AbstractProblemLoader Creating init config 
691054     DEBUG main            d.u.i.k.p.i.AbstractProblemLoader Init config took 2.46s 
691093     INFO  main            d.u.i.k.p.i.AbstractProblemLoader Replaying proof ReadWrite[ReadWrite::write()].JML normal_behavior operation contract.0 
691111     DEBUG main            d.u.i.k.p.i.IntermediateProofReplayer Proof replay took 16.28ms 
691111     DEBUG main            d.u.i.k.p.r.p.TestFile    ... success: reloaded. 
691112     INFO  main            d.u.i.k.p.r.p.TestFile    Now processing file /home/runner/work/key/key/key.core/../key.ui/examples/heap/permissions/mulleretal/ReadWrite_inv1_accessible.key 
691112     INFO  main            d.u.i.k.p.i.AbstractProblemLoader Loading environment from /home/runner/work/key/key/key.core/../key.ui/examples/heap/permissions/mulleretal/ReadWrite_inv1_accessible.key 
691112     DEBUG main            d.u.i.k.p.i.AbstractProblemLoader Environment load took 38.8ns 
691113     INFO  main            d.u.i.k.p.i.AbstractProblemLoader Creating init config 
693611     DEBUG main            d.u.i.k.p.i.AbstractProblemLoader Init config took 2.5s 
693640     INFO  main            d.u.i.k.p.i.AbstractProblemLoader Replaying proof ReadWrite[java.lang.Object::<inv>()].JML accessible clause.0 
693641     DEBUG main            d.u.i.k.p.i.IntermediateProofReplayer Proof replay took 2.5ns 
693742     INFO  main            d.u.i.k.p.r.p.TestFile    ... finished proof: closed. 
694284     INFO  main            d.u.i.k.p.i.AbstractProblemLoader Loading environment from /home/runner/work/key/key/key.core/../key.ui/examples/heap/permissions/mulleretal/ReadWrite_inv1_accessible.key.proof 
694284     DEBUG main            d.u.i.k.p.i.AbstractProblemLoader Environment load took 64.5ns 
694285     INFO  main            d.u.i.k.p.i.AbstractProblemLoader Creating init config 
696746     DEBUG main            d.u.i.k.p.i.AbstractProblemLoader Init config took 2.46s 
696776     INFO  main            d.u.i.k.p.i.AbstractProblemLoader Replaying proof ReadWrite[java.lang.Object::<inv>()].JML accessible clause.0 
696778     DEBUG main            d.u.i.k.p.i.IntermediateProofReplayer Proof replay took 1.21ms 
696778     DEBUG main            d.u.i.k.p.r.p.TestFile    ... success: reloaded. 
696779     INFO  main            d.u.i.k.p.r.p.TestFile    Now processing file /home/runner/work/key/key/key.core/../key.ui/examples/heap/permissions/mulleretal/ReadWrite_inv2_accessible.key 
696779     INFO  main            d.u.i.k.p.i.AbstractProblemLoader Loading environment from /home/runner/work/key/key/key.core/../key.ui/examples/heap/permissions/mulleretal/ReadWrite_inv2_accessible.key 
696779     DEBUG main            d.u.i.k.p.i.AbstractProblemLoader Environment load took 37.2ns 
696780     INFO  main            d.u.i.k.p.i.AbstractProblemLoader Creating init config 
699284     DEBUG main            d.u.i.k.p.i.AbstractProblemLoader Init config took 2.5s 
699314     INFO  main            d.u.i.k.p.i.AbstractProblemLoader Replaying proof ReadWrite[java.lang.Object::<inv>()].JML accessible clause.1 
699315     DEBUG main            d.u.i.k.p.i.IntermediateProofReplayer Proof replay took 2.9ns 
699416     INFO  main            d.u.i.k.p.r.p.TestFile    ... finished proof: closed. 
699960     INFO  main            d.u.i.k.p.i.AbstractProblemLoader Loading environment from /home/runner/work/key/key/key.core/../key.ui/examples/heap/permissions/mulleretal/ReadWrite_inv2_accessible.key.proof 
699960     DEBUG main            d.u.i.k.p.i.AbstractProblemLoader Environment load took 63.7ns 
699961     INFO  main            d.u.i.k.p.i.AbstractProblemLoader Creating init config 
702425     DEBUG main            d.u.i.k.p.i.AbstractProblemLoader Init config took 2.46s 
702454     INFO  main            d.u.i.k.p.i.AbstractProblemLoader Replaying proof ReadWrite[java.lang.Object::<inv>()].JML accessible clause.1 
702457     DEBUG main            d.u.i.k.p.i.IntermediateProofReplayer Proof replay took 1.19ms 
702457     DEBUG main            d.u.i.k.p.r.p.TestFile    ... success: reloaded. 
702458     INFO  main            d.u.i.k.p.r.p.TestFile    Now processing file /home/runner/work/key/key/key.core/../key.ui/examples/heap/permissions/lockspec/Counter_lockConsistent_contract.key 
702458     INFO  main            d.u.i.k.p.i.AbstractProblemLoader Loading environment from /home/runner/work/key/key/key.core/../key.ui/examples/heap/permissions/lockspec/Counter_lockConsistent_contract.key 
702458     DEBUG main            d.u.i.k.p.i.AbstractProblemLoader Environment load took 37.5ns 
702459     INFO  main            d.u.i.k.p.i.AbstractProblemLoader Creating init config 
705494     DEBUG main            d.u.i.k.p.i.AbstractProblemLoader Init config took 3.03s 
705542     INFO  main            d.u.i.k.p.i.AbstractProblemLoader Replaying proof Counter[LockSpec::lockConsistent()].JML model_behavior operation contract.0 
705543     DEBUG main            d.u.i.k.p.i.IntermediateProofReplayer Proof replay took 3.5ns 
706557     INFO  main            d.u.i.k.p.r.p.TestFile    ... finished proof: closed. 
707130     INFO  main            d.u.i.k.p.i.AbstractProblemLoader Loading environment from /home/runner/work/key/key/key.core/../key.ui/examples/heap/permissions/lockspec/Counter_lockConsistent_contract.key.proof 
707130     DEBUG main            d.u.i.k.p.i.AbstractProblemLoader Environment load took 73.5ns 
707131     INFO  main            d.u.i.k.p.i.AbstractProblemLoader Creating init config 
710130     DEBUG main            d.u.i.k.p.i.AbstractProblemLoader Init config took 3s 
710186     INFO  main            d.u.i.k.p.i.AbstractProblemLoader Replaying proof Counter[LockSpec::lockConsistent()].JML model_behavior operation contract.0 
710437     DEBUG main            d.u.i.k.p.i.IntermediateProofReplayer Proof replay took 242.68ms 
710438     DEBUG main            d.u.i.k.p.r.p.TestFile    ... success: reloaded. 
710439     INFO  main            d.u.i.k.p.r.p.TestFile    Now processing file /home/runner/work/key/key/key.core/../key.ui/examples/heap/permissions/lockspec/Counter_increase_contract.key 
710439     INFO  main            d.u.i.k.p.i.AbstractProblemLoader Loading environment from /home/runner/work/key/key/key.core/../key.ui/examples/heap/permissions/lockspec/Counter_increase_contract.key 
710439     DEBUG main            d.u.i.k.p.i.AbstractProblemLoader Environment load took 131.6ns 
710440     INFO  main            d.u.i.k.p.i.AbstractProblemLoader Creating init config 
713687     DEBUG main            d.u.i.k.p.i.AbstractProblemLoader Init config took 3.25s 
713735     INFO  main            d.u.i.k.p.i.AbstractProblemLoader Replaying proof Counter[Counter::increase()].JML normal_behavior operation contract.0 
713740     DEBUG main            d.u.i.k.p.i.IntermediateProofReplayer Proof replay took 2.9ns 
715147     INFO  main            d.u.i.k.p.r.p.TestFile    ... finished proof: closed. 
715730     INFO  main            d.u.i.k.p.i.AbstractProblemLoader Loading environment from /home/runner/work/key/key/key.core/../key.ui/examples/heap/permissions/lockspec/Counter_increase_contract.key.proof 
715730     DEBUG main            d.u.i.k.p.i.AbstractProblemLoader Environment load took 69.4ns 
715731     INFO  main            d.u.i.k.p.i.AbstractProblemLoader Creating init config 
718780     DEBUG main            d.u.i.k.p.i.AbstractProblemLoader Init config took 3.05s 
718875     INFO  main            d.u.i.k.p.i.AbstractProblemLoader Replaying proof Counter[Counter::increase()].JML normal_behavior operation contract.0 
719073     DEBUG main            d.u.i.k.p.i.IntermediateProofReplayer Proof replay took 181.39ms 
719075     DEBUG main            d.u.i.k.p.r.p.TestFile    ... success: reloaded. 
719076     INFO  main            d.u.i.k.p.r.p.TestFile    Now processing file /home/runner/work/key/key/key.core/../key.ui/examples/heap/permissions/lockspec/Counter_fp_accessible.key 
719076     INFO  main            d.u.i.k.p.i.AbstractProblemLoader Loading environment from /home/runner/work/key/key/key.core/../key.ui/examples/heap/permissions/lockspec/Counter_fp_accessible.key 
719076     DEBUG main            d.u.i.k.p.i.AbstractProblemLoader Environment load took 128.5ns 
719077     INFO  main            d.u.i.k.p.i.AbstractProblemLoader Creating init config 
722365     DEBUG main            d.u.i.k.p.i.AbstractProblemLoader Init config took 3.29s 
722412     INFO  main            d.u.i.k.p.i.AbstractProblemLoader Replaying proof Counter[LockSpec::fp()].JML accessible clause.0 
722413     DEBUG main            d.u.i.k.p.i.IntermediateProofReplayer Proof replay took 2.9ns 
722514     INFO  main            d.u.i.k.p.r.p.TestFile    ... finished proof: closed. 
723067     INFO  main            d.u.i.k.p.i.AbstractProblemLoader Loading environment from /home/runner/work/key/key/key.core/../key.ui/examples/heap/permissions/lockspec/Counter_fp_accessible.key.proof 
723067     DEBUG main            d.u.i.k.p.i.AbstractProblemLoader Environment load took 67ns 
723068     INFO  main            d.u.i.k.p.i.AbstractProblemLoader Creating init config 
726055     DEBUG main            d.u.i.k.p.i.AbstractProblemLoader Init config took 2.99s 
726109     INFO  main            d.u.i.k.p.i.AbstractProblemLoader Replaying proof Counter[LockSpec::fp()].JML accessible clause.0 
726118     DEBUG main            d.u.i.k.p.i.IntermediateProofReplayer Proof replay took 7ms 
726119     DEBUG main            d.u.i.k.p.r.p.TestFile    ... success: reloaded. 
726120     INFO  main            d.u.i.k.p.r.p.TestFile    Now processing file /home/runner/work/key/key/key.core/../key.ui/examples/heap/permissions/lockspec/Counter_fpLock_accessible.key 
726120     INFO  main            d.u.i.k.p.i.AbstractProblemLoader Loading environment from /home/runner/work/key/key/key.core/../key.ui/examples/heap/permissions/lockspec/Counter_fpLock_accessible.key 
726121     DEBUG main            d.u.i.k.p.i.AbstractProblemLoader Environment load took 153.9ns 
726121     INFO  main            d.u.i.k.p.i.AbstractProblemLoader Creating init config 
729504     DEBUG main            d.u.i.k.p.i.AbstractProblemLoader Init config took 3.38s 
729550     INFO  main            d.u.i.k.p.i.AbstractProblemLoader Replaying proof Counter[LockSpec::fpLock()].JML accessible clause.0 
729551     DEBUG main            d.u.i.k.p.i.IntermediateProofReplayer Proof replay took 2.6ns 
729652     INFO  main            d.u.i.k.p.r.p.TestFile    ... finished proof: closed. 
730211     INFO  main            d.u.i.k.p.i.AbstractProblemLoader Loading environment from /home/runner/work/key/key/key.core/../key.ui/examples/heap/permissions/lockspec/Counter_fpLock_accessible.key.proof 
730212     DEBUG main            d.u.i.k.p.i.AbstractProblemLoader Environment load took 67.9ns 
730212     INFO  main            d.u.i.k.p.i.AbstractProblemLoader Creating init config 
733265     DEBUG main            d.u.i.k.p.i.AbstractProblemLoader Init config took 3.05s 
733318     INFO  main            d.u.i.k.p.i.AbstractProblemLoader Replaying proof Counter[LockSpec::fpLock()].JML accessible clause.0 
733327     DEBUG main            d.u.i.k.p.i.IntermediateProofReplayer Proof replay took 6.88ms 
733327     DEBUG main            d.u.i.k.p.r.p.TestFile    ... success: reloaded. 
733328     INFO  main            d.u.i.k.p.r.p.TestFile    Now processing file /home/runner/work/key/key/key.core/../key.ui/examples/heap/permissions/lockspec/Counter_fpPerm_accessible.key 
733328     INFO  main            d.u.i.k.p.i.AbstractProblemLoader Loading environment from /home/runner/work/key/key/key.core/../key.ui/examples/heap/permissions/lockspec/Counter_fpPerm_accessible.key 
733328     DEBUG main            d.u.i.k.p.i.AbstractProblemLoader Environment load took 65ns 
733329     INFO  main            d.u.i.k.p.i.AbstractProblemLoader Creating init config 
736363     DEBUG main            d.u.i.k.p.i.AbstractProblemLoader Init config took 3.03s 
736409     INFO  main            d.u.i.k.p.i.AbstractProblemLoader Replaying proof Counter[LockSpec::fpPerm()].JML accessible clause.0 
736410     DEBUG main            d.u.i.k.p.i.IntermediateProofReplayer Proof replay took 2.5ns 
736516     INFO  main            d.u.i.k.p.r.p.TestFile    ... finished proof: closed. 
737086     INFO  main            d.u.i.k.p.i.AbstractProblemLoader Loading environment from /home/runner/work/key/key/key.core/../key.ui/examples/heap/permissions/lockspec/Counter_fpPerm_accessible.key.proof 
737086     DEBUG main            d.u.i.k.p.i.AbstractProblemLoader Environment load took 66.7ns 
737087     INFO  main            d.u.i.k.p.i.AbstractProblemLoader Creating init config 
740104     DEBUG main            d.u.i.k.p.i.AbstractProblemLoader Init config took 3.02s 
740157     INFO  main            d.u.i.k.p.i.AbstractProblemLoader Replaying proof Counter[LockSpec::fpPerm()].JML accessible clause.0 
740166     DEBUG main            d.u.i.k.p.i.IntermediateProofReplayer Proof replay took 6.28ms 
740167     DEBUG main            d.u.i.k.p.r.p.TestFile    ... success: reloaded. 
740167     INFO  main            d.u.i.k.p.r.p.TestFile    Now processing file /home/runner/work/key/key/key.core/../key.ui/examples/heap/permissions/lockspec/Counter_inv_accessible1.key 
740168     INFO  main            d.u.i.k.p.i.AbstractProblemLoader Loading environment from /home/runner/work/key/key/key.core/../key.ui/examples/heap/permissions/lockspec/Counter_inv_accessible1.key 
740168     DEBUG main            d.u.i.k.p.i.AbstractProblemLoader Environment load took 131.3ns 
740169     INFO  main            d.u.i.k.p.i.AbstractProblemLoader Creating init config 
743392     DEBUG main            d.u.i.k.p.i.AbstractProblemLoader Init config took 3.22s 
743438     INFO  main            d.u.i.k.p.i.AbstractProblemLoader Replaying proof Counter[java.lang.Object::<inv>()].JML accessible clause.0 
743440     DEBUG main            d.u.i.k.p.i.IntermediateProofReplayer Proof replay took 2.9ns 
743541     INFO  main            d.u.i.k.p.r.p.TestFile    ... finished proof: closed. 
744121     INFO  main            d.u.i.k.p.i.AbstractProblemLoader Loading environment from /home/runner/work/key/key/key.core/../key.ui/examples/heap/permissions/lockspec/Counter_inv_accessible1.key.proof 
744121     DEBUG main            d.u.i.k.p.i.AbstractProblemLoader Environment load took 70.1ns 
744121     INFO  main            d.u.i.k.p.i.AbstractProblemLoader Creating init config 
747163     DEBUG main            d.u.i.k.p.i.AbstractProblemLoader Init config took 3.04s 
747216     INFO  main            d.u.i.k.p.i.AbstractProblemLoader Replaying proof Counter[java.lang.Object::<inv>()].JML accessible clause.0 
747226     DEBUG main            d.u.i.k.p.i.IntermediateProofReplayer Proof replay took 8.34ms 
747227     DEBUG main            d.u.i.k.p.r.p.TestFile    ... success: reloaded. 
747228     INFO  main            d.u.i.k.p.r.p.TestFile    Now processing file /home/runner/work/key/key/key.core/../key.ui/examples/heap/permissions/lockspec/Counter_inv_accessible2.key 
747228     INFO  main            d.u.i.k.p.i.AbstractProblemLoader Loading environment from /home/runner/work/key/key/key.core/../key.ui/examples/heap/permissions/lockspec/Counter_inv_accessible2.key 
747228     DEBUG main            d.u.i.k.p.i.AbstractProblemLoader Environment load took 146.9ns 
747229     INFO  main            d.u.i.k.p.i.AbstractProblemLoader Creating init config 
750254     DEBUG main            d.u.i.k.p.i.AbstractProblemLoader Init config took 3.03s 
750327     INFO  main            d.u.i.k.p.i.AbstractProblemLoader Replaying proof Counter[java.lang.Object::<inv>()].JML accessible clause.1 
750328     DEBUG main            d.u.i.k.p.i.IntermediateProofReplayer Proof replay took 3ns 
750429     INFO  main            d.u.i.k.p.r.p.TestFile    ... finished proof: closed. 
751010     INFO  main            d.u.i.k.p.i.AbstractProblemLoader Loading environment from /home/runner/work/key/key/key.core/../key.ui/examples/heap/permissions/lockspec/Counter_inv_accessible2.key.proof 
751010     DEBUG main            d.u.i.k.p.i.AbstractProblemLoader Environment load took 67.5ns 
751010     INFO  main            d.u.i.k.p.i.AbstractProblemLoader Creating init config 
753970     DEBUG main            d.u.i.k.p.i.AbstractProblemLoader Init config took 2.96s 
754022     INFO  main            d.u.i.k.p.i.AbstractProblemLoader Replaying proof Counter[java.lang.Object::<inv>()].JML accessible clause.1 
754032     DEBUG main            d.u.i.k.p.i.IntermediateProofReplayer Proof replay took 7.98ms 
754032     DEBUG main            d.u.i.k.p.r.p.TestFile    ... success: reloaded. 
754033     INFO  main            d.u.i.k.p.r.p.TestFile    Now processing file /home/runner/work/key/key/key.core/../key.ui/examples/heap/permissions/lockspec/Counter_lockRef_accessible.key 
754033     INFO  main            d.u.i.k.p.i.AbstractProblemLoader Loading environment from /home/runner/work/key/key/key.core/../key.ui/examples/heap/permissions/lockspec/Counter_lockRef_accessible.key 
754034     DEBUG main            d.u.i.k.p.i.AbstractProblemLoader Environment load took 131.7ns 
754034     INFO  main            d.u.i.k.p.i.AbstractProblemLoader Creating init config 
757111     DEBUG main            d.u.i.k.p.i.AbstractProblemLoader Init config took 3.08s 
757158     INFO  main            d.u.i.k.p.i.AbstractProblemLoader Replaying proof Counter[LockSpec::lockRef()].JML accessible clause.0 
757159     DEBUG main            d.u.i.k.p.i.IntermediateProofReplayer Proof replay took 2.4ns 
757360     INFO  main            d.u.i.k.p.r.p.TestFile    ... finished proof: closed. 
757950     INFO  main            d.u.i.k.p.i.AbstractProblemLoader Loading environment from /home/runner/work/key/key/key.core/../key.ui/examples/heap/permissions/lockspec/Counter_lockRef_accessible.key.proof 
757950     DEBUG main            d.u.i.k.p.i.AbstractProblemLoader Environment load took 70.9ns 
757950     INFO  main            d.u.i.k.p.i.AbstractProblemLoader Creating init config 
760964     DEBUG main            d.u.i.k.p.i.AbstractProblemLoader Init config took 3.01s 
761032     INFO  main            d.u.i.k.p.i.AbstractProblemLoader Replaying proof Counter[LockSpec::lockRef()].JML accessible clause.0 
761055     DEBUG main            d.u.i.k.p.i.IntermediateProofReplayer Proof replay took 21.38ms 
761056     DEBUG main            d.u.i.k.p.r.p.TestFile    ... success: reloaded. 
761057     INFO  main            d.u.i.k.p.r.p.TestFile    Now processing file /home/runner/work/key/key/key.core/../key.ui/examples/heap/permissions/lockspec/Counter_lockRef_contract1.key 
761058     INFO  main            d.u.i.k.p.i.AbstractProblemLoader Loading environment from /home/runner/work/key/key/key.core/../key.ui/examples/heap/permissions/lockspec/Counter_lockRef_contract1.key 
761058     DEBUG main            d.u.i.k.p.i.AbstractProblemLoader Environment load took 165.6ns 
761059     INFO  main            d.u.i.k.p.i.AbstractProblemLoader Creating init config 
764105     DEBUG main            d.u.i.k.p.i.AbstractProblemLoader Init config took 3.05s 
764158     INFO  main            d.u.i.k.p.i.AbstractProblemLoader Replaying proof Counter[LockSpec::lockRef()].JML model_behavior operation contract.0 
764159     DEBUG main            d.u.i.k.p.i.IntermediateProofReplayer Proof replay took 2.7ns 
764260     INFO  main            d.u.i.k.p.r.p.TestFile    ... finished proof: closed. 
764858     INFO  main            d.u.i.k.p.i.AbstractProblemLoader Loading environment from /home/runner/work/key/key/key.core/../key.ui/examples/heap/permissions/lockspec/Counter_lockRef_contract1.key.proof 
764858     DEBUG main            d.u.i.k.p.i.AbstractProblemLoader Environment load took 70.8ns 
764859     INFO  main            d.u.i.k.p.i.AbstractProblemLoader Creating init config 
767824     DEBUG main            d.u.i.k.p.i.AbstractProblemLoader Init config took 2.97s 
767878     INFO  main            d.u.i.k.p.i.AbstractProblemLoader Replaying proof Counter[LockSpec::lockRef()].JML model_behavior operation contract.0 
767882     DEBUG main            d.u.i.k.p.i.IntermediateProofReplayer Proof replay took 3.39ms 
767883     DEBUG main            d.u.i.k.p.r.p.TestFile    ... success: reloaded. 
767884     INFO  main            d.u.i.k.p.r.p.TestFile    Now processing file /home/runner/work/key/key/key.core/../key.ui/examples/heap/permissions/lockspec/Counter_lockRef_contract2.key 
767884     INFO  main            d.u.i.k.p.i.AbstractProblemLoader Loading environment from /home/runner/work/key/key/key.core/../key.ui/examples/heap/permissions/lockspec/Counter_lockRef_contract2.key 
767884     DEBUG main            d.u.i.k.p.i.AbstractProblemLoader Environment load took 134.1ns 
767885     INFO  main            d.u.i.k.p.i.AbstractProblemLoader Creating init config 
770980     DEBUG main            d.u.i.k.p.i.AbstractProblemLoader Init config took 3.1s 
771027     INFO  main            d.u.i.k.p.i.AbstractProblemLoader Replaying proof Counter[Counter::lockRef()].JML model_behavior operation contract.0 
771028     DEBUG main            d.u.i.k.p.i.IntermediateProofReplayer Proof replay took 2.6ns 
771129     INFO  main            d.u.i.k.p.r.p.TestFile    ... finished proof: closed. 
771720     INFO  main            d.u.i.k.p.i.AbstractProblemLoader Loading environment from /home/runner/work/key/key/key.core/../key.ui/examples/heap/permissions/lockspec/Counter_lockRef_contract2.key.proof 
771720     DEBUG main            d.u.i.k.p.i.AbstractProblemLoader Environment load took 2.06ms 
771721     INFO  main            d.u.i.k.p.i.AbstractProblemLoader Creating init config 
774724     DEBUG main            d.u.i.k.p.i.AbstractProblemLoader Init config took 3s 
774843     INFO  main            d.u.i.k.p.i.AbstractProblemLoader Replaying proof Counter[Counter::lockRef()].JML model_behavior operation contract.0 
774847     DEBUG main            d.u.i.k.p.i.IntermediateProofReplayer Proof replay took 3.05ms 
774848     DEBUG main            d.u.i.k.p.r.p.TestFile    ... success: reloaded. 
774849     INFO  main            d.u.i.k.p.r.p.TestFile    Now processing file /home/runner/work/key/key/key.core/../key.ui/examples/heap/permissions/lockspec/Counter_lockState_accessible.key 
774849     INFO  main            d.u.i.k.p.i.AbstractProblemLoader Loading environment from /home/runner/work/key/key/key.core/../key.ui/examples/heap/permissions/lockspec/Counter_lockState_accessible.key 
774849     DEBUG main            d.u.i.k.p.i.AbstractProblemLoader Environment load took 141.5ns 
774850     INFO  main            d.u.i.k.p.i.AbstractProblemLoader Creating init config 
778012     DEBUG main            d.u.i.k.p.i.AbstractProblemLoader Init config took 3.16s 
778065     INFO  main            d.u.i.k.p.i.AbstractProblemLoader Replaying proof Counter[LockSpec::lockState(boolean)].JML accessible clause.0 
778066     DEBUG main            d.u.i.k.p.i.IntermediateProofReplayer Proof replay took 3.5ns 
778268     INFO  main            d.u.i.k.p.r.p.TestFile    ... finished proof: closed. 
778872     INFO  main            d.u.i.k.p.i.AbstractProblemLoader Loading environment from /home/runner/work/key/key/key.core/../key.ui/examples/heap/permissions/lockspec/Counter_lockState_accessible.key.proof 
778872     DEBUG main            d.u.i.k.p.i.AbstractProblemLoader Environment load took 72ns 
778873     INFO  main            d.u.i.k.p.i.AbstractProblemLoader Creating init config 
781882     DEBUG main            d.u.i.k.p.i.AbstractProblemLoader Init config took 3.01s 
781935     INFO  main            d.u.i.k.p.i.AbstractProblemLoader Replaying proof Counter[LockSpec::lockState(boolean)].JML accessible clause.0 
781977     DEBUG main            d.u.i.k.p.i.IntermediateProofReplayer Proof replay took 38.78ms 
781977     DEBUG main            d.u.i.k.p.r.p.TestFile    ... success: reloaded. 
781978     INFO  main            d.u.i.k.p.r.p.TestFile    Now processing file /home/runner/work/key/key/key.core/../key.ui/examples/heap/permissions/lockspec/Counter_lockStatus_accessible.key 
781979     INFO  main            d.u.i.k.p.i.AbstractProblemLoader Loading environment from /home/runner/work/key/key/key.core/../key.ui/examples/heap/permissions/lockspec/Counter_lockStatus_accessible.key 
781979     DEBUG main            d.u.i.k.p.i.AbstractProblemLoader Environment load took 152.9ns 
781980     INFO  main            d.u.i.k.p.i.AbstractProblemLoader Creating init config 
785141     DEBUG main            d.u.i.k.p.i.AbstractProblemLoader Init config took 3.16s 
785188     INFO  main            d.u.i.k.p.i.AbstractProblemLoader Replaying proof Counter[LockSpec::lockStatus(boolean)].JML accessible clause.0 
785189     DEBUG main            d.u.i.k.p.i.IntermediateProofReplayer Proof replay took 2.5ns 
785391     INFO  main            d.u.i.k.p.r.p.TestFile    ... finished proof: closed. 
785980     INFO  main            d.u.i.k.p.i.AbstractProblemLoader Loading environment from /home/runner/work/key/key/key.core/../key.ui/examples/heap/permissions/lockspec/Counter_lockStatus_accessible.key.proof 
785980     DEBUG main            d.u.i.k.p.i.AbstractProblemLoader Environment load took 66.4ns 
785981     INFO  main            d.u.i.k.p.i.AbstractProblemLoader Creating init config 
788955     DEBUG main            d.u.i.k.p.i.AbstractProblemLoader Init config took 2.97s 
789012     INFO  main            d.u.i.k.p.i.AbstractProblemLoader Replaying proof Counter[LockSpec::lockStatus(boolean)].JML accessible clause.0 
789031     DEBUG main            d.u.i.k.p.i.IntermediateProofReplayer Proof replay took 16.75ms 
789031     DEBUG main            d.u.i.k.p.r.p.TestFile    ... success: reloaded. 
789032     INFO  main            d.u.i.k.p.r.p.TestFile    Now processing file /home/runner/work/key/key/key.core/../key.ui/examples/heap/permissions/lockspec/Counter_lockTransfer_accessible.key 
789032     INFO  main            d.u.i.k.p.i.AbstractProblemLoader Loading environment from /home/runner/work/key/key/key.core/../key.ui/examples/heap/permissions/lockspec/Counter_lockTransfer_accessible.key 
789032     DEBUG main            d.u.i.k.p.i.AbstractProblemLoader Environment load took 66.1ns 
789033     INFO  main            d.u.i.k.p.i.AbstractProblemLoader Creating init config 
792173     DEBUG main            d.u.i.k.p.i.AbstractProblemLoader Init config took 3.14s 
792219     INFO  main            d.u.i.k.p.i.AbstractProblemLoader Replaying proof Counter[LockSpec::lockTransfer()].JML accessible clause.0 
792220     DEBUG main            d.u.i.k.p.i.IntermediateProofReplayer Proof replay took 2.7ns 
792636     INFO  main            d.u.i.k.p.r.p.TestFile    ... finished proof: closed. 
793237     INFO  main            d.u.i.k.p.i.AbstractProblemLoader Loading environment from /home/runner/work/key/key/key.core/../key.ui/examples/heap/permissions/lockspec/Counter_lockTransfer_accessible.key.proof 
793237     DEBUG main            d.u.i.k.p.i.AbstractProblemLoader Environment load took 68.7ns 
793238     INFO  main            d.u.i.k.p.i.AbstractProblemLoader Creating init config 
796232     DEBUG main            d.u.i.k.p.i.AbstractProblemLoader Init config took 2.99s 
796285     INFO  main            d.u.i.k.p.i.AbstractProblemLoader Replaying proof Counter[LockSpec::lockTransfer()].JML accessible clause.0 
796339     DEBUG main            d.u.i.k.p.i.IntermediateProofReplayer Proof replay took 51.23ms 
796340     DEBUG main            d.u.i.k.p.r.p.TestFile    ... success: reloaded. 
796340     INFO  main            d.u.i.k.p.r.p.TestFile    Now processing file /home/runner/work/key/key/key.core/../key.ui/examples/heap/permissions/lockspec/Counter_unlockTransfer_accessible.key 
796341     INFO  main            d.u.i.k.p.i.AbstractProblemLoader Loading environment from /home/runner/work/key/key/key.core/../key.ui/examples/heap/permissions/lockspec/Counter_unlockTransfer_accessible.key 
796341     DEBUG main            d.u.i.k.p.i.AbstractProblemLoader Environment load took 80.8ns 
796342     INFO  main            d.u.i.k.p.i.AbstractProblemLoader Creating init config 
799413     DEBUG main            d.u.i.k.p.i.AbstractProblemLoader Init config took 3.07s 
799459     INFO  main            d.u.i.k.p.i.AbstractProblemLoader Replaying proof Counter[LockSpec::unlockTransfer()].JML accessible clause.0 
799461     DEBUG main            d.u.i.k.p.i.IntermediateProofReplayer Proof replay took 2.5ns 
799764     INFO  main            d.u.i.k.p.r.p.TestFile    ... finished proof: closed. 
800408     INFO  main            d.u.i.k.p.i.AbstractProblemLoader Loading environment from /home/runner/work/key/key/key.core/../key.ui/examples/heap/permissions/lockspec/Counter_unlockTransfer_accessible.key.proof 
800408     DEBUG main            d.u.i.k.p.i.AbstractProblemLoader Environment load took 71.5ns 
800409     INFO  main            d.u.i.k.p.i.AbstractProblemLoader Creating init config 
803422     DEBUG main            d.u.i.k.p.i.AbstractProblemLoader Init config took 3.01s 
803477     INFO  main            d.u.i.k.p.i.AbstractProblemLoader Replaying proof Counter[LockSpec::unlockTransfer()].JML accessible clause.0 
803521     DEBUG main            d.u.i.k.p.i.IntermediateProofReplayer Proof replay took 40.47ms 
803522     DEBUG main            d.u.i.k.p.r.p.TestFile    ... success: reloaded. 
803523     INFO  main            d.u.i.k.p.r.p.TestFile    Now processing file /home/runner/work/key/key/key.core/../key.ui/examples/heap/permissions/threads/Plotter_startTransfer_contract.proof 
803523     INFO  main            d.u.i.k.p.i.AbstractProblemLoader Loading environment from /home/runner/work/key/key/key.core/../key.ui/examples/heap/permissions/threads/Plotter_startTransfer_contract.proof 
803523     DEBUG main            d.u.i.k.p.i.AbstractProblemLoader Environment load took 133.3ns 
803524     INFO  main            d.u.i.k.p.i.AbstractProblemLoader Creating init config 
808174     DEBUG main            d.u.i.k.p.i.AbstractProblemLoader Init config took 4.65s 
808254     INFO  main            d.u.i.k.p.i.AbstractProblemLoader Replaying proof Plotter[ThreadSpec2::startTransfer()].JML model_behavior operation contract.0 
808330     DEBUG main            d.u.i.k.p.i.IntermediateProofReplayer Proof replay took 68.5ms 
808330     INFO  main            d.u.i.k.p.r.p.TestFile    ... success: loaded 
808331     INFO  main            d.u.i.k.p.r.p.TestFile    Now processing file /home/runner/work/key/key/key.core/../key.ui/examples/heap/permissions/threads/Plotter_startTransfer_accessible.proof 
808331     INFO  main            d.u.i.k.p.i.AbstractProblemLoader Loading environment from /home/runner/work/key/key/key.core/../key.ui/examples/heap/permissions/threads/Plotter_startTransfer_accessible.proof 
808331     DEBUG main            d.u.i.k.p.i.AbstractProblemLoader Environment load took 62.8ns 
808332     INFO  main            d.u.i.k.p.i.AbstractProblemLoader Creating init config 
812921     DEBUG main            d.u.i.k.p.i.AbstractProblemLoader Init config took 4.59s 
813022     INFO  main            d.u.i.k.p.i.AbstractProblemLoader Replaying proof Plotter[ThreadSpec2::startTransfer()].JML accessible clause.0 
813089     DEBUG main            d.u.i.k.p.i.IntermediateProofReplayer Proof replay took 63.22ms 
813090     INFO  main            d.u.i.k.p.r.p.TestFile    ... success: loaded 
813091     INFO  main            d.u.i.k.p.r.p.TestFile    Now processing file /home/runner/work/key/key/key.core/../key.ui/examples/heap/permissions/threads/Plotter_joinTransfer_accessible.proof 
813091     INFO  main            d.u.i.k.p.i.AbstractProblemLoader Loading environment from /home/runner/work/key/key/key.core/../key.ui/examples/heap/permissions/threads/Plotter_joinTransfer_accessible.proof 
813092     DEBUG main            d.u.i.k.p.i.AbstractProblemLoader Environment load took 136.5ns 
813092     INFO  main            d.u.i.k.p.i.AbstractProblemLoader Creating init config 
817705     DEBUG main            d.u.i.k.p.i.AbstractProblemLoader Init config took 4.61s 
817817     INFO  main            d.u.i.k.p.i.AbstractProblemLoader Replaying proof Plotter[ThreadSpec2::joinTransfer()].JML accessible clause.0 
817842     WARN  main            d.u.i.k.p.i.IntermediateProofReplayer Proof contains wrong number of \assumes instatiations for Definition_axiom_for_stateInv_in_Plotter 
817844     WARN  main            d.u.i.k.p.i.IntermediateProofReplayer Proof contains wrong number of \assumes instatiations for Definition_axiom_for_stateInv_in_Plotter 
817849     WARN  main            d.u.i.k.p.i.IntermediateProofReplayer Proof contains wrong number of \assumes instatiations for Definition_axiom_for_workingPermissions_in_Plotter 
817850     WARN  main            d.u.i.k.p.i.IntermediateProofReplayer Proof contains wrong number of \assumes instatiations for Definition_axiom_for_staticPermissions_in_Plotter 
817850     WARN  main            d.u.i.k.p.i.IntermediateProofReplayer Proof contains wrong number of \assumes instatiations for Definition_axiom_for_joinTransfer_in_Plotter 
817851     WARN  main            d.u.i.k.p.i.IntermediateProofReplayer Proof contains wrong number of \assumes instatiations for Definition_axiom_for_stateInv_in_BFilter 
817852     WARN  main            d.u.i.k.p.i.IntermediateProofReplayer Proof contains wrong number of \assumes instatiations for Definition_axiom_for_stateInv_in_AFilter 
817863     WARN  main            d.u.i.k.p.i.IntermediateProofReplayer Proof contains wrong number of \assumes instatiations for Definition_axiom_for_stateInv_in_BFilter 
817864     WARN  main            d.u.i.k.p.i.IntermediateProofReplayer Proof contains wrong number of \assumes instatiations for Definition_axiom_for_stateInv_in_AFilter 
817865     WARN  main            d.u.i.k.p.i.IntermediateProofReplayer Proof contains wrong number of \assumes instatiations for Definition_axiom_for_staticPermissions_in_AFilter 
817866     WARN  main            d.u.i.k.p.i.IntermediateProofReplayer Proof contains wrong number of \assumes instatiations for Definition_axiom_for_staticPermissions_in_Plotter 
817866     WARN  main            d.u.i.k.p.i.IntermediateProofReplayer Proof contains wrong number of \assumes instatiations for Definition_axiom_for_staticPermissions_in_BFilter 
817867     WARN  main            d.u.i.k.p.i.IntermediateProofReplayer Proof contains wrong number of \assumes instatiations for Definition_axiom_for_workingPermissions_in_Plotter 
817867     WARN  main            d.u.i.k.p.i.IntermediateProofReplayer Proof contains wrong number of \assumes instatiations for Definition_axiom_for_stateInv_in_Sampler 
817868     WARN  main            d.u.i.k.p.i.IntermediateProofReplayer Proof contains wrong number of \assumes instatiations for Definition_axiom_for_stateInv_in_Sampler 
817868     WARN  main            d.u.i.k.p.i.IntermediateProofReplayer Proof contains wrong number of \assumes instatiations for Definition_axiom_for_staticPermissions_in_Sampler 
817869     WARN  main            d.u.i.k.p.i.IntermediateProofReplayer Proof contains wrong number of \assumes instatiations for Definition_axiom_for_staticPermissions_in_BFilter 
817869     WARN  main            d.u.i.k.p.i.IntermediateProofReplayer Proof contains wrong number of \assumes instatiations for Definition_axiom_for_staticPermissions_in_AFilter 
817870     WARN  main            d.u.i.k.p.i.IntermediateProofReplayer Proof contains wrong number of \assumes instatiations for Definition_axiom_for_staticPermissions_in_Sampler 
817870     WARN  main            d.u.i.k.p.i.IntermediateProofReplayer Proof contains wrong number of \assumes instatiations for Definition_axiom_for_staticPermissions_in_Sampler 
817871     WARN  main            d.u.i.k.p.i.IntermediateProofReplayer Proof contains wrong number of \assumes instatiations for Definition_axiom_for_staticPermissions_in_Sampler 
817871     WARN  main            d.u.i.k.p.i.IntermediateProofReplayer Proof contains wrong number of \assumes instatiations for Definition_axiom_for_joinTransfer_in_Plotter 
817917     DEBUG main            d.u.i.k.p.i.IntermediateProofReplayer Proof replay took 85.39ms 
817917     INFO  main            d.u.i.k.p.r.p.TestFile    ... success: loaded 
4862145    INFO  Test worker     d.u.i.k.p.r.RunAllProofsTestUnit Returning from test permissionHeap 
4862146    INFO  Test worker     d.u.i.k.p.r.RunAllProofsTestUnit Running test completionScopes 
296        INFO  Timeout watchdog d.u.i.k.p.r.p.ForkedTestFileRunner Timeout watcher launched (2000 secs.) 
308        WARN  main            d.u.i.k.s.ProofSettings   The settings in /home/runner/.key/proof-settings.props are *not* read. 
333        INFO  main            d.u.i.k.p.r.p.TestFile    Now processing file /home/runner/work/key/key/key.core/../key.ui/examples/completionscopes/testCcatchReturnVal.key 
435        INFO  main            d.u.i.k.p.i.AbstractProblemLoader Loading environment from /home/runner/work/key/key/key.core/../key.ui/examples/completionscopes/testCcatchReturnVal.key 
461        DEBUG main            d.u.i.k.p.i.AbstractProblemLoader Environment load took 2.06ms 
672        INFO  main            d.u.i.k.p.i.AbstractProblemLoader Creating init config 
1518       DEBUG main            d.u.i.k.j.TypeConverter   No LDT found for Meta 
1518       DEBUG main            d.u.i.k.j.TypeConverter   No LDT found for Meta 
1519       DEBUG main            d.u.i.k.j.TypeConverter   No LDT found for Meta 
1520       DEBUG main            d.u.i.k.j.TypeConverter   No LDT found for Meta 
2837       DEBUG main            d.u.i.k.j.TypeConverter   No LDT found for JavaBigintExpression 
7879       DEBUG main            d.u.i.k.p.i.AbstractProblemLoader Init config took 7.21s 
8001       INFO  main            d.u.i.k.p.i.AbstractProblemLoader Replaying proof CompletionScopes[CompletionScopes::testCcatchReturnVal()].JML normal_behavior operation contract.0 
8030       DEBUG main            d.u.i.k.p.i.IntermediateProofReplayer Proof replay took 29ns 
8472       INFO  main            d.u.i.k.p.r.p.TestFile    ... finished proof: closed. 
8575       INFO  main            d.u.i.k.p.i.AbstractProblemLoader Loading environment from /home/runner/work/key/key/key.core/../key.ui/examples/completionscopes/testCcatchReturnVal.key.proof 
8575       DEBUG main            d.u.i.k.p.i.AbstractProblemLoader Environment load took 120.3ns 
8577       INFO  main            d.u.i.k.p.i.AbstractProblemLoader Creating init config 
11353      DEBUG main            d.u.i.k.p.i.AbstractProblemLoader Init config took 2.78s 
11417      INFO  main            d.u.i.k.p.i.AbstractProblemLoader Replaying proof CompletionScopes[CompletionScopes::testCcatchReturnVal()].JML normal_behavior operation contract.0 
11445      DEBUG main            d.u.i.k.p.i.IntermediateProofReplayer Proof replay took 24.29ms 
11451      DEBUG main            d.u.i.k.p.r.p.TestFile    ... success: reloaded. 
11453      INFO  main            d.u.i.k.p.r.p.TestFile    Now processing file /home/runner/work/key/key/key.core/../key.ui/examples/completionscopes/testMultCcatchClauses.key 
11453      INFO  main            d.u.i.k.p.i.AbstractProblemLoader Loading environment from /home/runner/work/key/key/key.core/../key.ui/examples/completionscopes/testMultCcatchClauses.key 
11453      DEBUG main            d.u.i.k.p.i.AbstractProblemLoader Environment load took 180ns 
11455      INFO  main            d.u.i.k.p.i.AbstractProblemLoader Creating init config 
14172      DEBUG main            d.u.i.k.p.i.AbstractProblemLoader Init config took 2.72s 
14233      INFO  main            d.u.i.k.p.i.AbstractProblemLoader Replaying proof CompletionScopes[CompletionScopes::testMultCcatchClauses()].JML normal_behavior operation contract.0 
14238      DEBUG main            d.u.i.k.p.i.IntermediateProofReplayer Proof replay took 6.4ns 
14643      INFO  main            d.u.i.k.p.r.p.TestFile    ... finished proof: closed. 
14768      INFO  main            d.u.i.k.p.i.AbstractProblemLoader Loading environment from /home/runner/work/key/key/key.core/../key.ui/examples/completionscopes/testMultCcatchClauses.key.proof 
14768      DEBUG main            d.u.i.k.p.i.AbstractProblemLoader Environment load took 124.8ns 
14770      INFO  main            d.u.i.k.p.i.AbstractProblemLoader Creating init config 
17340      DEBUG main            d.u.i.k.p.i.AbstractProblemLoader Init config took 2.57s 
17391      INFO  main            d.u.i.k.p.i.AbstractProblemLoader Replaying proof CompletionScopes[CompletionScopes::testMultCcatchClauses()].JML normal_behavior operation contract.0 
17457      DEBUG main            d.u.i.k.p.i.IntermediateProofReplayer Proof replay took 62.4ms 
17458      DEBUG main            d.u.i.k.p.r.p.TestFile    ... success: reloaded. 
17459      INFO  main            d.u.i.k.p.r.p.TestFile    Now processing file /home/runner/work/key/key/key.core/../key.ui/examples/completionscopes/testNestedExec.key 
17460      INFO  main            d.u.i.k.p.i.AbstractProblemLoader Loading environment from /home/runner/work/key/key/key.core/../key.ui/examples/completionscopes/testNestedExec.key 
17460      DEBUG main            d.u.i.k.p.i.AbstractProblemLoader Environment load took 157.1ns 
17461      INFO  main            d.u.i.k.p.i.AbstractProblemLoader Creating init config 
20102      DEBUG main            d.u.i.k.p.i.AbstractProblemLoader Init config took 2.64s 
20150      INFO  main            d.u.i.k.p.i.AbstractProblemLoader Replaying proof CompletionScopes[CompletionScopes::testMultCcatchClauses()].JML normal_behavior operation contract.0 
20152      DEBUG main            d.u.i.k.p.i.IntermediateProofReplayer Proof replay took 5.1ns 
20454      INFO  main            d.u.i.k.p.r.p.TestFile    ... finished proof: closed. 
20595      INFO  main            d.u.i.k.p.i.AbstractProblemLoader Loading environment from /home/runner/work/key/key/key.core/../key.ui/examples/completionscopes/testNestedExec.key.proof 
20595      DEBUG main            d.u.i.k.p.i.AbstractProblemLoader Environment load took 119.9ns 
20596      INFO  main            d.u.i.k.p.i.AbstractProblemLoader Creating init config 
23133      DEBUG main            d.u.i.k.p.i.AbstractProblemLoader Init config took 2.54s 
23178      INFO  main            d.u.i.k.p.i.AbstractProblemLoader Replaying proof CompletionScopes[CompletionScopes::testMultCcatchClauses()].JML normal_behavior operation contract.0 
23229      DEBUG main            d.u.i.k.p.i.IntermediateProofReplayer Proof replay took 48.29ms 
23230      DEBUG main            d.u.i.k.p.r.p.TestFile    ... success: reloaded. 
23231      INFO  main            d.u.i.k.p.r.p.TestFile    Now processing file /home/runner/work/key/key/key.core/../key.ui/examples/completionscopes/testCcatchBreakLabel.key 
23232      INFO  main            d.u.i.k.p.i.AbstractProblemLoader Loading environment from /home/runner/work/key/key/key.core/../key.ui/examples/completionscopes/testCcatchBreakLabel.key 
23232      DEBUG main            d.u.i.k.p.i.AbstractProblemLoader Environment load took 155.3ns 
23233      INFO  main            d.u.i.k.p.i.AbstractProblemLoader Creating init config 
25766      DEBUG main            d.u.i.k.p.i.AbstractProblemLoader Init config took 2.53s 
25808      INFO  main            d.u.i.k.p.i.AbstractProblemLoader Replaying proof CompletionScopes[CompletionScopes::testBreakLabel()].JML normal_behavior operation contract.0 
25810      DEBUG main            d.u.i.k.p.i.IntermediateProofReplayer Proof replay took 5.7ns 
25845      DEBUG Thread-10       d.u.i.k.l.o.ProgramSV     Match failed: Former match of  SchemaVariable incompatible with  the current match. 
25915      INFO  main            d.u.i.k.p.r.p.TestFile    ... finished proof: closed. 
26029      INFO  main            d.u.i.k.p.i.AbstractProblemLoader Loading environment from /home/runner/work/key/key/key.core/../key.ui/examples/completionscopes/testCcatchBreakLabel.key.proof 
26029      DEBUG main            d.u.i.k.p.i.AbstractProblemLoader Environment load took 113.3ns 
26031      INFO  main            d.u.i.k.p.i.AbstractProblemLoader Creating init config 
28583      DEBUG main            d.u.i.k.p.i.AbstractProblemLoader Init config took 2.55s 
28627      INFO  main            d.u.i.k.p.i.AbstractProblemLoader Replaying proof CompletionScopes[CompletionScopes::testBreakLabel()].JML normal_behavior operation contract.0 
28635      DEBUG main            d.u.i.k.p.i.IntermediateProofReplayer Proof replay took 6.3ms 
28636      DEBUG main            d.u.i.k.p.r.p.TestFile    ... success: reloaded. 
28637      INFO  main            d.u.i.k.p.r.p.TestFile    Now processing file /home/runner/work/key/key/key.core/../key.ui/examples/completionscopes/testCcatchContinueLabel.key 
28637      INFO  main            d.u.i.k.p.i.AbstractProblemLoader Loading environment from /home/runner/work/key/key/key.core/../key.ui/examples/completionscopes/testCcatchContinueLabel.key 
28637      DEBUG main            d.u.i.k.p.i.AbstractProblemLoader Environment load took 82.5ns 
28638      INFO  main            d.u.i.k.p.i.AbstractProblemLoader Creating init config 
31176      DEBUG main            d.u.i.k.p.i.AbstractProblemLoader Init config took 2.54s 
31223      INFO  main            d.u.i.k.p.i.AbstractProblemLoader Replaying proof CompletionScopes[CompletionScopes::testContinueLabel()].JML normal_behavior operation contract.0 
31226      DEBUG main            d.u.i.k.p.i.IntermediateProofReplayer Proof replay took 5.4ns 
31246      DEBUG Thread-13       d.u.i.k.l.o.ProgramSV     Match failed: Former match of  SchemaVariable incompatible with  the current match. 
31328      INFO  main            d.u.i.k.p.r.p.TestFile    ... finished proof: closed. 
31467      INFO  main            d.u.i.k.p.i.AbstractProblemLoader Loading environment from /home/runner/work/key/key/key.core/../key.ui/examples/completionscopes/testCcatchContinueLabel.key.proof 
31467      DEBUG main            d.u.i.k.p.i.AbstractProblemLoader Environment load took 136.5ns 
31468      INFO  main            d.u.i.k.p.i.AbstractProblemLoader Creating init config 
33952      DEBUG main            d.u.i.k.p.i.AbstractProblemLoader Init config took 2.48s 
34007      INFO  main            d.u.i.k.p.i.AbstractProblemLoader Replaying proof CompletionScopes[CompletionScopes::testContinueLabel()].JML normal_behavior operation contract.0 
34015      DEBUG main            d.u.i.k.p.i.IntermediateProofReplayer Proof replay took 6.21ms 
34016      DEBUG main            d.u.i.k.p.r.p.TestFile    ... success: reloaded. 
34017      INFO  main            d.u.i.k.p.r.p.TestFile    Now processing file /home/runner/work/key/key/key.core/../key.ui/examples/completionscopes/testCcatchBreakLabelWildcard.key 
34018      INFO  main            d.u.i.k.p.i.AbstractProblemLoader Loading environment from /home/runner/work/key/key/key.core/../key.ui/examples/completionscopes/testCcatchBreakLabelWildcard.key 
34018      DEBUG main            d.u.i.k.p.i.AbstractProblemLoader Environment load took 179.1ns 
34019      INFO  main            d.u.i.k.p.i.AbstractProblemLoader Creating init config 
36534      DEBUG main            d.u.i.k.p.i.AbstractProblemLoader Init config took 2.51s 
36576      INFO  main            d.u.i.k.p.i.AbstractProblemLoader Replaying proof CompletionScopes[CompletionScopes::testBreakLabelWildcard()].JML normal_behavior operation contract.0 
36578      DEBUG main            d.u.i.k.p.i.IntermediateProofReplayer Proof replay took 5.8ns 
36592      DEBUG Thread-16       d.u.i.k.l.o.ProgramSV     Match failed: Former match of  SchemaVariable incompatible with  the current match. 
36593      DEBUG Thread-16       d.u.i.k.l.o.ProgramSV     Match failed: Former match of  SchemaVariable incompatible with  the current match. 
36680      INFO  main            d.u.i.k.p.r.p.TestFile    ... finished proof: closed. 
36819      INFO  main            d.u.i.k.p.i.AbstractProblemLoader Loading environment from /home/runner/work/key/key/key.core/../key.ui/examples/completionscopes/testCcatchBreakLabelWildcard.key.proof 
36819      DEBUG main            d.u.i.k.p.i.AbstractProblemLoader Environment load took 106.1ns 
36820      INFO  main            d.u.i.k.p.i.AbstractProblemLoader Creating init config 
39285      DEBUG main            d.u.i.k.p.i.AbstractProblemLoader Init config took 2.47s 
39325      INFO  main            d.u.i.k.p.i.AbstractProblemLoader Replaying proof CompletionScopes[CompletionScopes::testBreakLabelWildcard()].JML normal_behavior operation contract.0 
39333      DEBUG main            d.u.i.k.p.i.IntermediateProofReplayer Proof replay took 5.76ms 
39334      DEBUG main            d.u.i.k.p.r.p.TestFile    ... success: reloaded. 
39335      INFO  main            d.u.i.k.p.r.p.TestFile    Now processing file /home/runner/work/key/key/key.core/../key.ui/examples/completionscopes/testCcatchContinueLabelWildcard.key 
39335      INFO  main            d.u.i.k.p.i.AbstractProblemLoader Loading environment from /home/runner/work/key/key/key.core/../key.ui/examples/completionscopes/testCcatchContinueLabelWildcard.key 
39335      DEBUG main            d.u.i.k.p.i.AbstractProblemLoader Environment load took 162.5ns 
39336      INFO  main            d.u.i.k.p.i.AbstractProblemLoader Creating init config 
41841      DEBUG main            d.u.i.k.p.i.AbstractProblemLoader Init config took 2.5s 
41879      INFO  main            d.u.i.k.p.i.AbstractProblemLoader Replaying proof CompletionScopes[CompletionScopes::testContinueLabelWildcard()].JML normal_behavior operation contract.0 
41881      DEBUG main            d.u.i.k.p.i.IntermediateProofReplayer Proof replay took 5.5ns 
41898      DEBUG Thread-19       d.u.i.k.l.o.ProgramSV     Match failed: Former match of  SchemaVariable incompatible with  the current match. 
41899      DEBUG Thread-19       d.u.i.k.l.o.ProgramSV     Match failed: Former match of  SchemaVariable incompatible with  the current match. 
41983      INFO  main            d.u.i.k.p.r.p.TestFile    ... finished proof: closed. 
42130      INFO  main            d.u.i.k.p.i.AbstractProblemLoader Loading environment from /home/runner/work/key/key/key.core/../key.ui/examples/completionscopes/testCcatchContinueLabelWildcard.key.proof 
42130      DEBUG main            d.u.i.k.p.i.AbstractProblemLoader Environment load took 113.1ns 
42131      INFO  main            d.u.i.k.p.i.AbstractProblemLoader Creating init config 
44593      DEBUG main            d.u.i.k.p.i.AbstractProblemLoader Init config took 2.46s 
44631      INFO  main            d.u.i.k.p.i.AbstractProblemLoader Replaying proof CompletionScopes[CompletionScopes::testContinueLabelWildcard()].JML normal_behavior operation contract.0 
44639      DEBUG main            d.u.i.k.p.i.IntermediateProofReplayer Proof replay took 5.95ms 
44639      DEBUG main            d.u.i.k.p.r.p.TestFile    ... success: reloaded. 
44640      INFO  main            d.u.i.k.p.r.p.TestFile    Now processing file /home/runner/work/key/key/key.core/../key.ui/examples/completionscopes/testCcatchBreakLabelNonmatchingNested.key 
44641      INFO  main            d.u.i.k.p.i.AbstractProblemLoader Loading environment from /home/runner/work/key/key/key.core/../key.ui/examples/completionscopes/testCcatchBreakLabelNonmatchingNested.key 
44641      DEBUG main            d.u.i.k.p.i.AbstractProblemLoader Environment load took 152.8ns 
44642      INFO  main            d.u.i.k.p.i.AbstractProblemLoader Creating init config 
47160      DEBUG main            d.u.i.k.p.i.AbstractProblemLoader Init config took 2.52s 
47197      INFO  main            d.u.i.k.p.i.AbstractProblemLoader Replaying proof CompletionScopes[CompletionScopes::testBreakLabelNonmatchingNested()].JML normal_behavior operation contract.0 
47199      DEBUG main            d.u.i.k.p.i.IntermediateProofReplayer Proof replay took 6.2ns 
47213      DEBUG Thread-22       d.u.i.k.l.o.ProgramSV     Match failed: Former match of  SchemaVariable incompatible with  the current match. 
47214      DEBUG Thread-22       d.u.i.k.l.o.ProgramSV     Match failed: Former match of  SchemaVariable incompatible with  the current match. 
47301      INFO  main            d.u.i.k.p.r.p.TestFile    ... finished proof: closed. 
47453      INFO  main            d.u.i.k.p.i.AbstractProblemLoader Loading environment from /home/runner/work/key/key/key.core/../key.ui/examples/completionscopes/testCcatchBreakLabelNonmatchingNested.key.proof 
47454      DEBUG main            d.u.i.k.p.i.AbstractProblemLoader Environment load took 116.8ns 
47455      INFO  main            d.u.i.k.p.i.AbstractProblemLoader Creating init config 
49885      DEBUG main            d.u.i.k.p.i.AbstractProblemLoader Init config took 2.43s 
49926      INFO  main            d.u.i.k.p.i.AbstractProblemLoader Replaying proof CompletionScopes[CompletionScopes::testBreakLabelNonmatchingNested()].JML normal_behavior operation contract.0 
49937      DEBUG main            d.u.i.k.p.i.IntermediateProofReplayer Proof replay took 7.93ms 
49938      DEBUG main            d.u.i.k.p.r.p.TestFile    ... success: reloaded. 
4912256    INFO  Test worker     d.u.i.k.p.r.RunAllProofsTestUnit Returning from test completionScopes 
4912257    INFO  Test worker     d.u.i.k.p.r.RunAllProofsTestUnit Running test reload_examples 
370        INFO  Timeout watchdog d.u.i.k.p.r.p.ForkedTestFileRunner Timeout watcher launched (2000 secs.) 
392        WARN  main            d.u.i.k.s.ProofSettings   The settings in /home/runner/.key/proof-settings.props are *not* read. 
426        INFO  main            d.u.i.k.p.r.p.TestFile    Now processing file /home/runner/work/key/key/key.core/../key.ui/examples/firstTouch/05-ReverseArray/reverseArray.key 
556        INFO  main            d.u.i.k.p.i.AbstractProblemLoader Loading environment from /home/runner/work/key/key/key.core/../key.ui/examples/firstTouch/05-ReverseArray/reverseArray.key 
573        DEBUG main            d.u.i.k.p.i.AbstractProblemLoader Environment load took 2.54ms 
800        INFO  main            d.u.i.k.p.i.AbstractProblemLoader Creating init config 
1794       DEBUG main            d.u.i.k.j.TypeConverter   No LDT found for Meta 
1795       DEBUG main            d.u.i.k.j.TypeConverter   No LDT found for Meta 
1798       DEBUG main            d.u.i.k.j.TypeConverter   No LDT found for Meta 
1798       DEBUG main            d.u.i.k.j.TypeConverter   No LDT found for Meta 
3055       DEBUG main            d.u.i.k.j.TypeConverter   No LDT found for JavaBigintExpression 
8259       DEBUG main            d.u.i.k.p.i.AbstractProblemLoader Init config took 7.46s 
8398       INFO  main            d.u.i.k.p.i.AbstractProblemLoader Replaying proof ReverseArray[ReverseArray::reverse()].JML normal_behavior operation contract.0 
8457       DEBUG main            d.u.i.k.p.i.IntermediateProofReplayer Proof replay took 29.3ns 
18416      INFO  main            d.u.i.k.p.r.p.TestFile    ... finished proof: closed. 
18688      INFO  main            d.u.i.k.p.i.AbstractProblemLoader Loading environment from /home/runner/work/key/key/key.core/../key.ui/examples/firstTouch/05-ReverseArray/reverseArray.key.proof 
18688      DEBUG main            d.u.i.k.p.i.AbstractProblemLoader Environment load took 360.1ns 
18693      INFO  main            d.u.i.k.p.i.AbstractProblemLoader Creating init config 
21558      DEBUG main            d.u.i.k.p.i.AbstractProblemLoader Init config took 2.86s 
21615      INFO  main            d.u.i.k.p.i.AbstractProblemLoader Replaying proof ReverseArray[ReverseArray::reverse()].JML normal_behavior operation contract.0 
22134      DEBUG main            d.u.i.k.p.i.IntermediateProofReplayer Proof replay took 451.78ms 
22146      DEBUG main            d.u.i.k.p.r.p.TestFile    ... success: reloaded. 
22149      INFO  main            d.u.i.k.p.r.p.TestFile    Now processing file /home/runner/work/key/key/key.core/../key.ui/examples/standard_key/arith/saveProofTest.key.proof 
22149      INFO  main            d.u.i.k.p.i.AbstractProblemLoader Loading environment from /home/runner/work/key/key/key.core/../key.ui/examples/standard_key/arith/saveProofTest.key.proof 
22149      DEBUG main            d.u.i.k.p.i.AbstractProblemLoader Environment load took 97.7ns 
22152      INFO  main            d.u.i.k.p.i.AbstractProblemLoader Creating init config 
24706      DEBUG main            d.u.i.k.p.i.AbstractProblemLoader Init config took 2.55s 
24733      INFO  main            d.u.i.k.p.i.AbstractProblemLoader Replaying proof saveProofTest.key.proof 
24739      DEBUG main            d.u.i.k.p.i.IntermediateProofReplayer Proof replay took 2.2ms 
24739      INFO  main            d.u.i.k.p.r.p.TestFile    ... success: loaded 
24741      INFO  main            d.u.i.k.p.r.p.TestFile    Now processing file /home/runner/work/key/key/key.core/../key.ui/examples/heap/permutedSum/perm.proof 
24741      INFO  main            d.u.i.k.p.i.AbstractProblemLoader Loading environment from /home/runner/work/key/key/key.core/../key.ui/examples/heap/permutedSum/perm.proof 
24741      DEBUG main            d.u.i.k.p.i.AbstractProblemLoader Environment load took 178.2ns 
24743      INFO  main            d.u.i.k.p.i.AbstractProblemLoader Creating init config 
27435      DEBUG main            d.u.i.k.p.i.AbstractProblemLoader Init config took 2.69s 
27517      INFO  main            d.u.i.k.p.i.AbstractProblemLoader Replaying proof Perm[Perm::foo()].JML normal_behavior operation contract.0 
28224      DEBUG main            d.u.i.k.p.i.IntermediateProofReplayer Proof replay took 664.15ms 
28226      INFO  main            d.u.i.k.p.r.p.TestFile    ... success: loaded 
28228      INFO  main            d.u.i.k.p.r.p.TestFile    Now processing file /home/runner/work/key/key/key.core/../key.ui/examples/firstTouch/05-ReverseArray/reverseArray.proof 
28228      INFO  main            d.u.i.k.p.i.AbstractProblemLoader Loading environment from /home/runner/work/key/key/key.core/../key.ui/examples/firstTouch/05-ReverseArray/reverseArray.proof 
28228      DEBUG main            d.u.i.k.p.i.AbstractProblemLoader Environment load took 174.3ns 
28230      INFO  main            d.u.i.k.p.i.AbstractProblemLoader Creating init config 
30825      DEBUG main            d.u.i.k.p.i.AbstractProblemLoader Init config took 2.59s 
30862      INFO  main            d.u.i.k.p.i.AbstractProblemLoader Replaying proof ReverseArray[ReverseArray::reverse()].JML normal_behavior operation contract.0 
31262      DEBUG main            d.u.i.k.p.i.IntermediateProofReplayer Proof replay took 369.82ms 
31264      INFO  main            d.u.i.k.p.r.p.TestFile    ... success: loaded 
31265      INFO  main            d.u.i.k.p.r.p.TestFile    Now processing file /home/runner/work/key/key/key.core/../key.ui/examples/heap/verifyThis15_1_RelaxedPrefix/relax.proof 
31265      INFO  main            d.u.i.k.p.i.AbstractProblemLoader Loading environment from /home/runner/work/key/key/key.core/../key.ui/examples/heap/verifyThis15_1_RelaxedPrefix/relax.proof 
31266      DEBUG main            d.u.i.k.p.i.AbstractProblemLoader Environment load took 85.4ns 
31267      INFO  main            d.u.i.k.p.i.AbstractProblemLoader Creating init config 
33886      DEBUG main            d.u.i.k.p.i.AbstractProblemLoader Init config took 2.62s 
33929      INFO  main            d.u.i.k.p.i.AbstractProblemLoader Replaying proof Relaxed[Relaxed::isRelaxedPrefix([I,[I)].JML operation contract.0 
34257      DEBUG main            d.u.i.k.p.i.IntermediateProofReplayer Proof replay took 313.49ms 
34259      INFO  main            d.u.i.k.p.r.p.TestFile    ... success: loaded 
34260      INFO  main            d.u.i.k.p.r.p.TestFile    Now processing file /home/runner/work/key/key/key.core/../key.ui/examples/heap/verifyThis15_3_DLL/doUndo.proof 
34260      INFO  main            d.u.i.k.p.i.AbstractProblemLoader Loading environment from /home/runner/work/key/key/key.core/../key.ui/examples/heap/verifyThis15_3_DLL/doUndo.proof 
34261      DEBUG main            d.u.i.k.p.i.AbstractProblemLoader Environment load took 171.5ns 
34262      INFO  main            d.u.i.k.p.i.AbstractProblemLoader Creating init config 
35195      DEBUG main            d.u.i.k.j.r.ClassPreparationMethodBuilder clPrepBuilder: Inner Class detected. Reject building class initialisation methods. 
37085      DEBUG main            d.u.i.k.p.i.AbstractProblemLoader Init config took 2.82s 
37175      INFO  main            d.u.i.k.p.i.AbstractProblemLoader Replaying proof DoubleLinkedList[DoubleLinkedList::doUndo(DoubleLinkedList.Node,int)].JML normal_behavior operation contract.0 
37613      DEBUG main            d.u.i.k.p.i.IntermediateProofReplayer Proof replay took 407.18ms 
37614      INFO  main            d.u.i.k.p.r.p.TestFile    ... success: loaded 
37615      INFO  main            d.u.i.k.p.r.p.TestFile    Now processing file /home/runner/work/key/key/key.core/../key.ui/examples/heap/verifyThis15_2_ParallelGcd/parallelGcd.proof 
37616      INFO  main            d.u.i.k.p.i.AbstractProblemLoader Loading environment from /home/runner/work/key/key/key.core/../key.ui/examples/heap/verifyThis15_2_ParallelGcd/parallelGcd.proof 
37616      DEBUG main            d.u.i.k.p.i.AbstractProblemLoader Environment load took 159.8ns 
37617      INFO  main            d.u.i.k.p.i.AbstractProblemLoader Creating init config 
40270      DEBUG main            d.u.i.k.p.i.AbstractProblemLoader Init config took 2.65s 
40328      INFO  main            d.u.i.k.p.i.AbstractProblemLoader Replaying proof ParallelGcd[ParallelGcd::parallelGcd(int,int,[Z)].JML behavior operation contract.0 
40754      DEBUG main            d.u.i.k.p.i.IntermediateProofReplayer Proof replay took 411.31ms 
40755      INFO  main            d.u.i.k.p.r.p.TestFile    ... success: loaded 
4953183    INFO  Test worker     d.u.i.k.p.r.RunAllProofsTestUnit Returning from test reload_examples 
4953184    INFO  Test worker     d.u.i.k.p.r.RunAllProofsTestUnit Running test proofLoadRepair 
356        INFO  Timeout watchdog d.u.i.k.p.r.p.ForkedTestFileRunner Timeout watcher launched (2000 secs.) 
371        WARN  main            d.u.i.k.s.ProofSettings   The settings in /home/runner/.key/proof-settings.props are *not* read. 
395        INFO  main            d.u.i.k.p.r.p.TestFile    Now processing file /home/runner/work/key/key/key.core/../key.ui/examples/proofLoadRepair/disjConj-manipulated.proof 
516        INFO  main            d.u.i.k.p.i.AbstractProblemLoader Loading environment from /home/runner/work/key/key/key.core/../key.ui/examples/proofLoadRepair/disjConj-manipulated.proof 
541        DEBUG main            d.u.i.k.p.i.AbstractProblemLoader Environment load took 1.93ms 
800        INFO  main            d.u.i.k.p.i.AbstractProblemLoader Creating init config 
1560       DEBUG main            d.u.i.k.j.TypeConverter   No LDT found for Meta 
1560       DEBUG main            d.u.i.k.j.TypeConverter   No LDT found for Meta 
1562       DEBUG main            d.u.i.k.j.TypeConverter   No LDT found for Meta 
1562       DEBUG main            d.u.i.k.j.TypeConverter   No LDT found for Meta 
2954       DEBUG main            d.u.i.k.j.TypeConverter   No LDT found for JavaBigintExpression 
7581       DEBUG main            d.u.i.k.p.i.AbstractProblemLoader Init config took 6.78s 
7649       INFO  main            d.u.i.k.p.i.AbstractProblemLoader Replaying proof disjConj-manipulated.proof 
7693       WARN  main            d.u.i.k.p.i.IntermediateProofReplayer Proof contains wrong number of \assumes instatiations for andLeft 
7694       WARN  main            d.u.i.k.p.i.IntermediateProofReplayer Proof contains wrong number of \assumes instatiations for replace_known_right 
7697       WARN  main            d.u.i.k.p.i.IntermediateProofReplayer Proof contains wrong number of \assumes instatiations for close 
7699       DEBUG main            d.u.i.k.p.i.IntermediateProofReplayer Proof replay took 12.49ms 
7704       INFO  main            d.u.i.k.p.r.p.TestFile    ... success: loaded 
7711       INFO  main            d.u.i.k.p.r.p.TestFile    Now processing file /home/runner/work/key/key/key.core/../key.ui/examples/proofLoadRepair/insufficient-manipulated.proof 
7712       INFO  main            d.u.i.k.p.i.AbstractProblemLoader Loading environment from /home/runner/work/key/key/key.core/../key.ui/examples/proofLoadRepair/insufficient-manipulated.proof 
7712       DEBUG main            d.u.i.k.p.i.AbstractProblemLoader Environment load took 171.9ns 
7718       INFO  main            d.u.i.k.p.i.AbstractProblemLoader Creating init config 
10376      DEBUG main            d.u.i.k.p.i.AbstractProblemLoader Init config took 2.66s 
10392      INFO  main            d.u.i.k.p.i.AbstractProblemLoader Replaying proof insufficient-manipulated.proof 
10412      WARN  main            d.u.i.k.p.i.IntermediateProofReplayer Proof contains wrong number of \assumes instatiations for applyEq 
10429      DEBUG main            d.u.i.k.p.i.IntermediateProofReplayer Proof replay took 17.68ms 
10431      INFO  main            d.u.i.k.p.r.p.TestFile    ... success: loading failed 
10433      INFO  main            d.u.i.k.p.r.p.TestFile    Now processing file /home/runner/work/key/key/key.core/../key.ui/examples/../../key.core/src/test/resources/testcase/issues/1716/incorrectPolarity.proof 
10433      INFO  main            d.u.i.k.p.i.AbstractProblemLoader Loading environment from /home/runner/work/key/key/key.core/../key.ui/examples/../../key.core/src/test/resources/testcase/issues/1716/incorrectPolarity.proof 
10433      DEBUG main            d.u.i.k.p.i.AbstractProblemLoader Environment load took 174.5ns 
10437      INFO  main            d.u.i.k.p.i.AbstractProblemLoader Creating init config 
13226      DEBUG main            d.u.i.k.p.i.AbstractProblemLoader Init config took 2.79s 
13253      INFO  main            d.u.i.k.p.i.AbstractProblemLoader Replaying proof incorrectPolarity.proof 
13256      DEBUG main            d.u.i.k.p.i.IntermediateProofReplayer Proof replay took 186ns 
13256      INFO  main            d.u.i.k.p.r.p.TestFile    ... success: loading failed 
13257      INFO  main            d.u.i.k.p.r.p.TestFile    Now processing file /home/runner/work/key/key/key.core/../key.ui/examples/../../key.core/src/test/resources/testcase/issues/1716/incorrectPolarity2.proof 
13258      INFO  main            d.u.i.k.p.i.AbstractProblemLoader Loading environment from /home/runner/work/key/key/key.core/../key.ui/examples/../../key.core/src/test/resources/testcase/issues/1716/incorrectPolarity2.proof 
13258      DEBUG main            d.u.i.k.p.i.AbstractProblemLoader Environment load took 199.8ns 
13259      INFO  main            d.u.i.k.p.i.AbstractProblemLoader Creating init config 
15681      DEBUG main            d.u.i.k.p.i.AbstractProblemLoader Init config took 2.42s 
15703      INFO  main            d.u.i.k.p.i.AbstractProblemLoader Replaying proof incorrectPolarity2.proof 
15705      DEBUG main            d.u.i.k.p.i.IntermediateProofReplayer Proof replay took 315ns 
15706      INFO  main            d.u.i.k.p.r.p.TestFile    ... success: loading failed 
15707      INFO  main            d.u.i.k.p.r.p.TestFile    Now processing file /home/runner/work/key/key/key.core/../key.ui/examples/../../key.core/src/test/resources/testcase/issues/1716/incorrectPolarity3.proof 
15707      INFO  main            d.u.i.k.p.i.AbstractProblemLoader Loading environment from /home/runner/work/key/key/key.core/../key.ui/examples/../../key.core/src/test/resources/testcase/issues/1716/incorrectPolarity3.proof 
15707      DEBUG main            d.u.i.k.p.i.AbstractProblemLoader Environment load took 188.9ns 
15708      INFO  main            d.u.i.k.p.i.AbstractProblemLoader Creating init config 
18082      DEBUG main            d.u.i.k.p.i.AbstractProblemLoader Init config took 2.37s 
18102      INFO  main            d.u.i.k.p.i.AbstractProblemLoader Replaying proof incorrectPolarity3.proof 
18105      DEBUG main            d.u.i.k.p.i.IntermediateProofReplayer Proof replay took 923ns 
18105      INFO  main            d.u.i.k.p.r.p.TestFile    ... success: loading failed 
4971456    INFO  Test worker     d.u.i.k.p.r.RunAllProofsTestUnit Returning from test proofLoadRepair 
4971457    INFO  Test worker     d.u.i.k.p.r.RunAllProofsTestUnit Running test switch 
338        INFO  Timeout watchdog d.u.i.k.p.r.p.ForkedTestFileRunner Timeout watcher launched (2000 secs.) 
350        WARN  main            d.u.i.k.s.ProofSettings   The settings in /home/runner/.key/proof-settings.props are *not* read. 
398        INFO  main            d.u.i.k.p.r.p.TestFile    Now processing file /home/runner/work/key/key/key.core/../key.ui/examples/standard_key/java_dl/switch/labeled_case.key 
526        INFO  main            d.u.i.k.p.i.AbstractProblemLoader Loading environment from /home/runner/work/key/key/key.core/../key.ui/examples/standard_key/java_dl/switch/labeled_case.key 
541        DEBUG main            d.u.i.k.p.i.AbstractProblemLoader Environment load took 1.71ms 
742        INFO  main            d.u.i.k.p.i.AbstractProblemLoader Creating init config 
1597       DEBUG main            d.u.i.k.j.TypeConverter   No LDT found for Meta 
1598       DEBUG main            d.u.i.k.j.TypeConverter   No LDT found for Meta 
1599       DEBUG main            d.u.i.k.j.TypeConverter   No LDT found for Meta 
1599       DEBUG main            d.u.i.k.j.TypeConverter   No LDT found for Meta 
2984       DEBUG main            d.u.i.k.j.TypeConverter   No LDT found for JavaBigintExpression 
7468       DEBUG main            d.u.i.k.p.i.AbstractProblemLoader Init config took 6.73s 
7644       INFO  main            d.u.i.k.p.i.AbstractProblemLoader Replaying proof LabeledCase[LabeledCase::m(int)].JML normal_behavior operation contract.0 
7675       DEBUG main            d.u.i.k.p.i.IntermediateProofReplayer Proof replay took 30.3ns 
8303       INFO  main            d.u.i.k.p.r.p.TestFile    ... finished proof: closed. 
8396       INFO  main            d.u.i.k.p.i.AbstractProblemLoader Loading environment from /home/runner/work/key/key/key.core/../key.ui/examples/standard_key/java_dl/switch/labeled_case.key.proof 
8403       DEBUG main            d.u.i.k.p.i.AbstractProblemLoader Environment load took 7.31ms 
8405       INFO  main            d.u.i.k.p.i.AbstractProblemLoader Creating init config 
11151      DEBUG main            d.u.i.k.p.i.AbstractProblemLoader Init config took 2.75s 
11215      INFO  main            d.u.i.k.p.i.AbstractProblemLoader Replaying proof LabeledCase[LabeledCase::m(int)].JML normal_behavior operation contract.0 
11262      DEBUG main            d.u.i.k.p.i.IntermediateProofReplayer Proof replay took 41.54ms 
11268      DEBUG main            d.u.i.k.p.r.p.TestFile    ... success: reloaded. 
11269      INFO  main            d.u.i.k.p.r.p.TestFile    Now processing file /home/runner/work/key/key/key.core/../key.ui/examples/standard_key/java_dl/switch/empty_switch.key 
11270      INFO  main            d.u.i.k.p.i.AbstractProblemLoader Loading environment from /home/runner/work/key/key/key.core/../key.ui/examples/standard_key/java_dl/switch/empty_switch.key 
11270      DEBUG main            d.u.i.k.p.i.AbstractProblemLoader Environment load took 179.5ns 
11271      INFO  main            d.u.i.k.p.i.AbstractProblemLoader Creating init config 
13687      DEBUG main            d.u.i.k.p.i.AbstractProblemLoader Init config took 2.42s 
13729      INFO  main            d.u.i.k.p.i.AbstractProblemLoader Replaying proof empty_switch.key 
13732      DEBUG main            d.u.i.k.p.i.IntermediateProofReplayer Proof replay took 5.8ns 
13834      INFO  main            d.u.i.k.p.r.p.TestFile    ... finished proof: closed. 
13967      INFO  main            d.u.i.k.p.i.AbstractProblemLoader Loading environment from /home/runner/work/key/key/key.core/../key.ui/examples/standard_key/java_dl/switch/empty_switch.key.proof 
13967      DEBUG main            d.u.i.k.p.i.AbstractProblemLoader Environment load took 120.8ns 
13968      INFO  main            d.u.i.k.p.i.AbstractProblemLoader Creating init config 
16383      DEBUG main            d.u.i.k.p.i.AbstractProblemLoader Init config took 2.41s 
16406      INFO  main            d.u.i.k.p.i.AbstractProblemLoader Replaying proof empty_switch.key.proof 
16410      DEBUG main            d.u.i.k.p.i.IntermediateProofReplayer Proof replay took 1.53ms 
16411      DEBUG main            d.u.i.k.p.r.p.TestFile    ... success: reloaded. 
16412      INFO  main            d.u.i.k.p.r.p.TestFile    Now processing file /home/runner/work/key/key/key.core/../key.ui/examples/standard_key/java_dl/switch/empty_switch_null.key 
16412      INFO  main            d.u.i.k.p.i.AbstractProblemLoader Loading environment from /home/runner/work/key/key/key.core/../key.ui/examples/standard_key/java_dl/switch/empty_switch_null.key 
16413      DEBUG main            d.u.i.k.p.i.AbstractProblemLoader Environment load took 166ns 
16414      INFO  main            d.u.i.k.p.i.AbstractProblemLoader Creating init config 
18792      DEBUG main            d.u.i.k.p.i.AbstractProblemLoader Init config took 2.38s 
18813      INFO  main            d.u.i.k.p.i.AbstractProblemLoader Replaying proof empty_switch_null.key 
18815      DEBUG main            d.u.i.k.p.i.IntermediateProofReplayer Proof replay took 5.7ns 
18918      INFO  main            d.u.i.k.p.r.p.TestFile    ... finished proof: closed. 
19047      INFO  main            d.u.i.k.p.i.AbstractProblemLoader Loading environment from /home/runner/work/key/key/key.core/../key.ui/examples/standard_key/java_dl/switch/empty_switch_null.key.proof 
19047      DEBUG main            d.u.i.k.p.i.AbstractProblemLoader Environment load took 107.6ns 
19049      INFO  main            d.u.i.k.p.i.AbstractProblemLoader Creating init config 
21353      DEBUG main            d.u.i.k.p.i.AbstractProblemLoader Init config took 2.3s 
21373      INFO  main            d.u.i.k.p.i.AbstractProblemLoader Replaying proof empty_switch_null.key.proof 
21410      DEBUG main            d.u.i.k.p.i.IntermediateProofReplayer Proof replay took 34.53ms 
21411      DEBUG main            d.u.i.k.p.r.p.TestFile    ... success: reloaded. 
21412      INFO  main            d.u.i.k.p.r.p.TestFile    Now processing file /home/runner/work/key/key/key.core/../key.ui/examples/standard_key/java_dl/switch/empty_switch_null_catch.key 
21412      INFO  main            d.u.i.k.p.i.AbstractProblemLoader Loading environment from /home/runner/work/key/key/key.core/../key.ui/examples/standard_key/java_dl/switch/empty_switch_null_catch.key 
21412      DEBUG main            d.u.i.k.p.i.AbstractProblemLoader Environment load took 99.5ns 
21413      INFO  main            d.u.i.k.p.i.AbstractProblemLoader Creating init config 
23740      DEBUG main            d.u.i.k.p.i.AbstractProblemLoader Init config took 2.33s 
23760      INFO  main            d.u.i.k.p.i.AbstractProblemLoader Replaying proof empty_switch_null_catch.key 
23762      DEBUG main            d.u.i.k.p.i.IntermediateProofReplayer Proof replay took 6ns 
23965      INFO  main            d.u.i.k.p.r.p.TestFile    ... finished proof: closed. 
24108      INFO  main            d.u.i.k.p.i.AbstractProblemLoader Loading environment from /home/runner/work/key/key/key.core/../key.ui/examples/standard_key/java_dl/switch/empty_switch_null_catch.key.proof 
24108      DEBUG main            d.u.i.k.p.i.AbstractProblemLoader Environment load took 110.9ns 
24109      INFO  main            d.u.i.k.p.i.AbstractProblemLoader Creating init config 
26390      DEBUG main            d.u.i.k.p.i.AbstractProblemLoader Init config took 2.28s 
26411      INFO  main            d.u.i.k.p.i.AbstractProblemLoader Replaying proof empty_switch_null_catch.key.proof 
26445      DEBUG main            d.u.i.k.p.i.IntermediateProofReplayer Proof replay took 32.42ms 
26446      DEBUG main            d.u.i.k.p.r.p.TestFile    ... success: reloaded. 
26447      INFO  main            d.u.i.k.p.r.p.TestFile    Now processing file /home/runner/work/key/key/key.core/../key.ui/examples/standard_key/java_dl/switch/empty_switch_array_out_of_bounds.key 
26447      INFO  main            d.u.i.k.p.i.AbstractProblemLoader Loading environment from /home/runner/work/key/key/key.core/../key.ui/examples/standard_key/java_dl/switch/empty_switch_array_out_of_bounds.key 
26447      DEBUG main            d.u.i.k.p.i.AbstractProblemLoader Environment load took 168.2ns 
26448      INFO  main            d.u.i.k.p.i.AbstractProblemLoader Creating init config 
28768      DEBUG main            d.u.i.k.p.i.AbstractProblemLoader Init config took 2.32s 
28797      INFO  main            d.u.i.k.p.i.AbstractProblemLoader Replaying proof empty_switch_array_out_of_bounds.key 
28800      DEBUG main            d.u.i.k.p.i.IntermediateProofReplayer Proof replay took 5.7ns 
29003      INFO  main            d.u.i.k.p.r.p.TestFile    ... finished proof: closed. 
29150      INFO  main            d.u.i.k.p.i.AbstractProblemLoader Loading environment from /home/runner/work/key/key/key.core/../key.ui/examples/standard_key/java_dl/switch/empty_switch_array_out_of_bounds.key.proof 
29150      DEBUG main            d.u.i.k.p.i.AbstractProblemLoader Environment load took 317.5ns 
29151      INFO  main            d.u.i.k.p.i.AbstractProblemLoader Creating init config 
31394      DEBUG main            d.u.i.k.p.i.AbstractProblemLoader Init config took 2.24s 
31427      INFO  main            d.u.i.k.p.i.AbstractProblemLoader Replaying proof empty_switch_array_out_of_bounds.key.proof 
31471      DEBUG main            d.u.i.k.p.i.IntermediateProofReplayer Proof replay took 40.52ms 
31472      DEBUG main            d.u.i.k.p.r.p.TestFile    ... success: reloaded. 
31474      INFO  main            d.u.i.k.p.r.p.TestFile    Now processing file /home/runner/work/key/key/key.core/../key.ui/examples/standard_key/java_dl/switch/empty_switch_array_out_of_bounds_catch.key 
31474      INFO  main            d.u.i.k.p.i.AbstractProblemLoader Loading environment from /home/runner/work/key/key/key.core/../key.ui/examples/standard_key/java_dl/switch/empty_switch_array_out_of_bounds_catch.key 
31474      DEBUG main            d.u.i.k.p.i.AbstractProblemLoader Environment load took 175.1ns 
31475      INFO  main            d.u.i.k.p.i.AbstractProblemLoader Creating init config 
33791      DEBUG main            d.u.i.k.p.i.AbstractProblemLoader Init config took 2.31s 
33813      INFO  main            d.u.i.k.p.i.AbstractProblemLoader Replaying proof empty_switch_array_out_of_bounds_catch.key 
33817      DEBUG main            d.u.i.k.p.i.IntermediateProofReplayer Proof replay took 5.1ns 
34019      INFO  main            d.u.i.k.p.r.p.TestFile    ... finished proof: closed. 
34202      INFO  main            d.u.i.k.p.i.AbstractProblemLoader Loading environment from /home/runner/work/key/key/key.core/../key.ui/examples/standard_key/java_dl/switch/empty_switch_array_out_of_bounds_catch.key.proof 
34202      DEBUG main            d.u.i.k.p.i.AbstractProblemLoader Environment load took 111.9ns 
34203      INFO  main            d.u.i.k.p.i.AbstractProblemLoader Creating init config 
36499      DEBUG main            d.u.i.k.p.i.AbstractProblemLoader Init config took 2.3s 
36516      INFO  main            d.u.i.k.p.i.AbstractProblemLoader Replaying proof empty_switch_array_out_of_bounds_catch.key.proof 
36545      DEBUG main            d.u.i.k.p.i.IntermediateProofReplayer Proof replay took 26.43ms 
36546      DEBUG main            d.u.i.k.p.r.p.TestFile    ... success: reloaded. 
36547      INFO  main            d.u.i.k.p.r.p.TestFile    Now processing file /home/runner/work/key/key/key.core/../key.ui/examples/standard_key/java_dl/switch/switch_in_switch.key 
36548      INFO  main            d.u.i.k.p.i.AbstractProblemLoader Loading environment from /home/runner/work/key/key/key.core/../key.ui/examples/standard_key/java_dl/switch/switch_in_switch.key 
36548      DEBUG main            d.u.i.k.p.i.AbstractProblemLoader Environment load took 107.6ns 
36549      INFO  main            d.u.i.k.p.i.AbstractProblemLoader Creating init config 
38926      DEBUG main            d.u.i.k.p.i.AbstractProblemLoader Init config took 2.38s 
38971      INFO  main            d.u.i.k.p.i.AbstractProblemLoader Replaying proof SwitchInSwitch[SwitchInSwitch::m(int)].JML normal_behavior operation contract.0 
38973      DEBUG main            d.u.i.k.p.i.IntermediateProofReplayer Proof replay took 5.9ns 
43558      INFO  main            d.u.i.k.p.r.p.TestFile    ... finished proof: closed. 
43778      INFO  main            d.u.i.k.p.i.AbstractProblemLoader Loading environment from /home/runner/work/key/key/key.core/../key.ui/examples/standard_key/java_dl/switch/switch_in_switch.key.proof 
43779      DEBUG main            d.u.i.k.p.i.AbstractProblemLoader Environment load took 316.7ns 
43780      INFO  main            d.u.i.k.p.i.AbstractProblemLoader Creating init config 
46105      DEBUG main            d.u.i.k.p.i.AbstractProblemLoader Init config took 2.32s 
46163      INFO  main            d.u.i.k.p.i.AbstractProblemLoader Replaying proof SwitchInSwitch[SwitchInSwitch::m(int)].JML normal_behavior operation contract.0 
46489      DEBUG main            d.u.i.k.p.i.IntermediateProofReplayer Proof replay took 291.49ms 
46491      DEBUG main            d.u.i.k.p.r.p.TestFile    ... success: reloaded. 
46492      INFO  main            d.u.i.k.p.r.p.TestFile    Now processing file /home/runner/work/key/key/key.core/../key.ui/examples/standard_key/java_dl/switch/while_and_switch.key 
46492      INFO  main            d.u.i.k.p.i.AbstractProblemLoader Loading environment from /home/runner/work/key/key/key.core/../key.ui/examples/standard_key/java_dl/switch/while_and_switch.key 
46492      DEBUG main            d.u.i.k.p.i.AbstractProblemLoader Environment load took 169.5ns 
46493      INFO  main            d.u.i.k.p.i.AbstractProblemLoader Creating init config 
48822      DEBUG main            d.u.i.k.p.i.AbstractProblemLoader Init config took 2.33s 
48877      INFO  main            d.u.i.k.p.i.AbstractProblemLoader Replaying proof WhileAndSwitch[WhileAndSwitch::m(int)].JML normal_behavior operation contract.0 
48879      DEBUG main            d.u.i.k.p.i.IntermediateProofReplayer Proof replay took 5.3ns 
49585      INFO  main            d.u.i.k.p.r.p.TestFile    ... finished proof: closed. 
49776      INFO  main            d.u.i.k.p.i.AbstractProblemLoader Loading environment from /home/runner/work/key/key/key.core/../key.ui/examples/standard_key/java_dl/switch/while_and_switch.key.proof 
49777      DEBUG main            d.u.i.k.p.i.AbstractProblemLoader Environment load took 954.1ns 
49778      INFO  main            d.u.i.k.p.i.AbstractProblemLoader Creating init config 
52092      DEBUG main            d.u.i.k.p.i.AbstractProblemLoader Init config took 2.31s 
52131      INFO  main            d.u.i.k.p.i.AbstractProblemLoader Replaying proof WhileAndSwitch[WhileAndSwitch::m(int)].JML normal_behavior operation contract.0 
52222      DEBUG main            d.u.i.k.p.i.IntermediateProofReplayer Proof replay took 84.37ms 
52223      DEBUG main            d.u.i.k.p.r.p.TestFile    ... success: reloaded. 
52224      INFO  main            d.u.i.k.p.r.p.TestFile    Now processing file /home/runner/work/key/key/key.core/../key.ui/examples/standard_key/java_dl/switch/large_switch.key 
52225      INFO  main            d.u.i.k.p.i.AbstractProblemLoader Loading environment from /home/runner/work/key/key/key.core/../key.ui/examples/standard_key/java_dl/switch/large_switch.key 
52225      DEBUG main            d.u.i.k.p.i.AbstractProblemLoader Environment load took 176.9ns 
52226      INFO  main            d.u.i.k.p.i.AbstractProblemLoader Creating init config 
54620      DEBUG main            d.u.i.k.p.i.AbstractProblemLoader Init config took 2.39s 
54656      INFO  main            d.u.i.k.p.i.AbstractProblemLoader Replaying proof LargeSwitch[LargeSwitch::m(int)].JML normal_behavior operation contract.0 
54657      DEBUG main            d.u.i.k.p.i.IntermediateProofReplayer Proof replay took 5.8ns 
55865      INFO  main            d.u.i.k.p.r.p.TestFile    ... finished proof: closed. 
56056      INFO  main            d.u.i.k.p.i.AbstractProblemLoader Loading environment from /home/runner/work/key/key/key.core/../key.ui/examples/standard_key/java_dl/switch/large_switch.key.proof 
56056      DEBUG main            d.u.i.k.p.i.AbstractProblemLoader Environment load took 318.2ns 
56058      INFO  main            d.u.i.k.p.i.AbstractProblemLoader Creating init config 
58361      DEBUG main            d.u.i.k.p.i.AbstractProblemLoader Init config took 2.3s 
58401      INFO  main            d.u.i.k.p.i.AbstractProblemLoader Replaying proof LargeSwitch[LargeSwitch::m(int)].JML normal_behavior operation contract.0 
58661      DEBUG main            d.u.i.k.p.i.IntermediateProofReplayer Proof replay took 241.9ms 
58662      DEBUG main            d.u.i.k.p.r.p.TestFile    ... success: reloaded. 
5030278    INFO  Test worker     d.u.i.k.p.r.RunAllProofsTestUnit Returning from test switch 
5030279    INFO  Test worker     d.u.i.k.p.r.RunAllProofsTestUnit Running test redux 
351        INFO  Timeout watchdog d.u.i.k.p.r.p.ForkedTestFileRunner Timeout watcher launched (2000 secs.) 
365        WARN  main            d.u.i.k.s.ProofSettings   The settings in /home/runner/.key/proof-settings.props are *not* read. 
390        INFO  main            d.u.i.k.p.r.p.TestFile    Now processing file /home/runner/work/key/key/key.core/../key.ui/examples/redux/arrays/Arrays.copyOf.key 
491        INFO  main            d.u.i.k.p.i.AbstractProblemLoader Loading environment from /home/runner/work/key/key/key.core/../key.ui/examples/redux/arrays/Arrays.copyOf.key 
507        DEBUG main            d.u.i.k.p.i.AbstractProblemLoader Environment load took 1.93ms 
711        INFO  main            d.u.i.k.p.i.AbstractProblemLoader Creating init config 
1524       DEBUG main            d.u.i.k.j.TypeConverter   No LDT found for Meta 
1524       DEBUG main            d.u.i.k.j.TypeConverter   No LDT found for Meta 
1525       DEBUG main            d.u.i.k.j.TypeConverter   No LDT found for Meta 
1525       DEBUG main            d.u.i.k.j.TypeConverter   No LDT found for Meta 
2786       DEBUG main            d.u.i.k.j.TypeConverter   No LDT found for JavaBigintExpression 
8215       DEBUG main            d.u.i.k.p.i.AbstractProblemLoader Init config took 7.5s 
8353       INFO  main            d.u.i.k.p.i.AbstractProblemLoader Replaying proof Arrays[Arrays::copyOf([I,int)].JML normal_behavior operation contract.0 
8386       DEBUG main            d.u.i.k.p.i.IntermediateProofReplayer Proof replay took 32.5ns 
13223      INFO  main            d.u.i.k.p.r.p.TestFile    ... finished proof: closed. 
13432      INFO  main            d.u.i.k.p.i.AbstractProblemLoader Loading environment from /home/runner/work/key/key/key.core/../key.ui/examples/redux/arrays/Arrays.copyOf.key.proof 
13435      DEBUG main            d.u.i.k.p.i.AbstractProblemLoader Environment load took 3.58ms 
13438      INFO  main            d.u.i.k.p.i.AbstractProblemLoader Creating init config 
16741      DEBUG main            d.u.i.k.p.i.AbstractProblemLoader Init config took 3.3s 
16799      INFO  main            d.u.i.k.p.i.AbstractProblemLoader Replaying proof Arrays[Arrays::copyOf([I,int)].JML normal_behavior operation contract.0 
17195      DEBUG main            d.u.i.k.p.i.IntermediateProofReplayer Proof replay took 371.69ms 
17202      DEBUG main            d.u.i.k.p.r.p.TestFile    ... success: reloaded. 
17204      INFO  main            d.u.i.k.p.r.p.TestFile    Now processing file /home/runner/work/key/key/key.core/../key.ui/examples/redux/arrays/Arrays.copyOf.float.key 
17204      INFO  main            d.u.i.k.p.i.AbstractProblemLoader Loading environment from /home/runner/work/key/key/key.core/../key.ui/examples/redux/arrays/Arrays.copyOf.float.key 
17204      DEBUG main            d.u.i.k.p.i.AbstractProblemLoader Environment load took 180.3ns 
17206      INFO  main            d.u.i.k.p.i.AbstractProblemLoader Creating init config 
20448      DEBUG main            d.u.i.k.p.i.AbstractProblemLoader Init config took 3.24s 
20503      INFO  main            d.u.i.k.p.i.AbstractProblemLoader Replaying proof Arrays[Arrays::copyOf([F,int)].JML normal_behavior operation contract.0 
20505      DEBUG main            d.u.i.k.p.i.IntermediateProofReplayer Proof replay took 4.9ns 
20532      DEBUG main            d.u.i.k.m.s.ProofScriptEngine 1: 'macro autopilot' on goal 0 (script from line 6) 
24767      DEBUG main            d.u.i.k.m.s.ProofScriptEngine 2: 'smt solver=Z3' on goal 17 (script from line 7) 
24858      INFO  main            d.u.i.k.m.s.SMTCommand    Finished run on goal 17 in 62ms, result is valid 
24860      DEBUG main            d.u.i.k.m.s.ProofScriptEngine 3: 'tryclose' on goal 309 (script from line 8) 
26595      INFO  main            d.u.i.k.p.r.p.TestFile    ... finished proof: closed. 
26764      INFO  main            d.u.i.k.p.i.AbstractProblemLoader Loading environment from /home/runner/work/key/key/key.core/../key.ui/examples/redux/arrays/Arrays.copyOf.float.key.proof 
26765      DEBUG main            d.u.i.k.p.i.AbstractProblemLoader Environment load took 130.2ns 
26768      INFO  main            d.u.i.k.p.i.AbstractProblemLoader Creating init config 
29871      DEBUG main            d.u.i.k.p.i.AbstractProblemLoader Init config took 3.1s 
29941      INFO  main            d.u.i.k.p.i.AbstractProblemLoader Replaying proof Arrays[Arrays::copyOf([F,int)].JML normal_behavior operation contract.0 
30032      INFO  main            d.u.i.k.s.SMTFocusResults Analyzing unsat core: (L_6) 
30531      DEBUG main            d.u.i.k.p.i.IntermediateProofReplayer Proof replay took 561.09ms 
30532      DEBUG main            d.u.i.k.p.r.p.TestFile    ... success: reloaded. 
30534      INFO  main            d.u.i.k.p.r.p.TestFile    Now processing file /home/runner/work/key/key/key.core/../key.ui/examples/redux/arrays/Arrays.copyOfRange.key 
30535      INFO  main            d.u.i.k.p.i.AbstractProblemLoader Loading environment from /home/runner/work/key/key/key.core/../key.ui/examples/redux/arrays/Arrays.copyOfRange.key 
30535      DEBUG main            d.u.i.k.p.i.AbstractProblemLoader Environment load took 92ns 
30536      INFO  main            d.u.i.k.p.i.AbstractProblemLoader Creating init config 
33720      DEBUG main            d.u.i.k.p.i.AbstractProblemLoader Init config took 3.18s 
33767      INFO  main            d.u.i.k.p.i.AbstractProblemLoader Replaying proof Arrays[Arrays::copyOfRange([I,int,int)].JML normal_behavior operation contract.0 
33769      DEBUG main            d.u.i.k.p.i.IntermediateProofReplayer Proof replay took 4.9ns 
38203      INFO  main            d.u.i.k.p.r.p.TestFile    ... finished proof: closed. 
38430      INFO  main            d.u.i.k.p.i.AbstractProblemLoader Loading environment from /home/runner/work/key/key/key.core/../key.ui/examples/redux/arrays/Arrays.copyOfRange.key.proof 
38430      DEBUG main            d.u.i.k.p.i.AbstractProblemLoader Environment load took 122.3ns 
38432      INFO  main            d.u.i.k.p.i.AbstractProblemLoader Creating init config 
41437      DEBUG main            d.u.i.k.p.i.AbstractProblemLoader Init config took 3s 
41481      INFO  main            d.u.i.k.p.i.AbstractProblemLoader Replaying proof Arrays[Arrays::copyOfRange([I,int,int)].JML normal_behavior operation contract.0 
41818      DEBUG main            d.u.i.k.p.i.IntermediateProofReplayer Proof replay took 309.8ms 
41819      DEBUG main            d.u.i.k.p.r.p.TestFile    ... success: reloaded. 
41820      INFO  main            d.u.i.k.p.r.p.TestFile    Now processing file /home/runner/work/key/key/key.core/../key.ui/examples/redux/arrays/Arrays.copyOfRange.float.key 
41821      INFO  main            d.u.i.k.p.i.AbstractProblemLoader Loading environment from /home/runner/work/key/key/key.core/../key.ui/examples/redux/arrays/Arrays.copyOfRange.float.key 
41821      DEBUG main            d.u.i.k.p.i.AbstractProblemLoader Environment load took 131.7ns 
41822      INFO  main            d.u.i.k.p.i.AbstractProblemLoader Creating init config 
44928      DEBUG main            d.u.i.k.p.i.AbstractProblemLoader Init config took 3.11s 
44970      INFO  main            d.u.i.k.p.i.AbstractProblemLoader Replaying proof Arrays[Arrays::copyOfRange([F,int,int)].JML normal_behavior operation contract.0 
44971      DEBUG main            d.u.i.k.p.i.IntermediateProofReplayer Proof replay took 5.1ns 
44972      DEBUG main            d.u.i.k.m.s.ProofScriptEngine 1: 'macro autopilot' on goal 0 (script from line 6) 
50695      DEBUG main            d.u.i.k.m.s.ProofScriptEngine 2: 'smt solver=Z3' on goal 27 (script from line 7) 
50731      INFO  main            d.u.i.k.m.s.SMTCommand    Finished run on goal 27 in 33ms, result is valid 
50732      DEBUG main            d.u.i.k.m.s.ProofScriptEngine 3: 'tryclose' on goal 375 (script from line 8) 
54008      INFO  main            d.u.i.k.p.r.p.TestFile    ... finished proof: closed. 
54193      INFO  main            d.u.i.k.p.i.AbstractProblemLoader Loading environment from /home/runner/work/key/key/key.core/../key.ui/examples/redux/arrays/Arrays.copyOfRange.float.key.proof 
54193      DEBUG main            d.u.i.k.p.i.AbstractProblemLoader Environment load took 284.7ns 
54195      INFO  main            d.u.i.k.p.i.AbstractProblemLoader Creating init config 
57194      DEBUG main            d.u.i.k.p.i.AbstractProblemLoader Init config took 3s 
57235      INFO  main            d.u.i.k.p.i.AbstractProblemLoader Replaying proof Arrays[Arrays::copyOfRange([F,int,int)].JML normal_behavior operation contract.0 
57316      INFO  main            d.u.i.k.s.SMTFocusResults Analyzing unsat core: (L_8) 
57913      DEBUG main            d.u.i.k.p.i.IntermediateProofReplayer Proof replay took 643.9ms 
57914      DEBUG main            d.u.i.k.p.r.p.TestFile    ... success: reloaded. 
57915      INFO  main            d.u.i.k.p.r.p.TestFile    Now processing file /home/runner/work/key/key/key.core/../key.ui/examples/redux/arrays/Arrays.equals.key 
57915      INFO  main            d.u.i.k.p.i.AbstractProblemLoader Loading environment from /home/runner/work/key/key/key.core/../key.ui/examples/redux/arrays/Arrays.equals.key 
57915      DEBUG main            d.u.i.k.p.i.AbstractProblemLoader Environment load took 74.9ns 
57916      INFO  main            d.u.i.k.p.i.AbstractProblemLoader Creating init config 
61051      DEBUG main            d.u.i.k.p.i.AbstractProblemLoader Init config took 3.14s 
61096      INFO  main            d.u.i.k.p.i.AbstractProblemLoader Replaying proof Arrays[Arrays::equals([B,[B)].JML normal_behavior operation contract.0 
61098      DEBUG main            d.u.i.k.p.i.IntermediateProofReplayer Proof replay took 4.9ns 
61602      INFO  main            d.u.i.k.p.r.p.TestFile    ... finished proof: closed. 
61821      INFO  main            d.u.i.k.p.i.AbstractProblemLoader Loading environment from /home/runner/work/key/key/key.core/../key.ui/examples/redux/arrays/Arrays.equals.key.proof 
61821      DEBUG main            d.u.i.k.p.i.AbstractProblemLoader Environment load took 330ns 
61822      INFO  main            d.u.i.k.p.i.AbstractProblemLoader Creating init config 
64777      DEBUG main            d.u.i.k.p.i.AbstractProblemLoader Init config took 2.95s 
64817      INFO  main            d.u.i.k.p.i.AbstractProblemLoader Replaying proof Arrays[Arrays::equals([B,[B)].JML normal_behavior operation contract.0 
64920      DEBUG main            d.u.i.k.p.i.IntermediateProofReplayer Proof replay took 97.38ms 
64921      DEBUG main            d.u.i.k.p.r.p.TestFile    ... success: reloaded. 
64922      INFO  main            d.u.i.k.p.r.p.TestFile    Now processing file /home/runner/work/key/key/key.core/../key.ui/examples/redux/arrays/Arrays.fill.key 
64922      INFO  main            d.u.i.k.p.i.AbstractProblemLoader Loading environment from /home/runner/work/key/key/key.core/../key.ui/examples/redux/arrays/Arrays.fill.key 
64922      DEBUG main            d.u.i.k.p.i.AbstractProblemLoader Environment load took 165.5ns 
64923      INFO  main            d.u.i.k.p.i.AbstractProblemLoader Creating init config 
67969      DEBUG main            d.u.i.k.p.i.AbstractProblemLoader Init config took 3.05s 
68020      INFO  main            d.u.i.k.p.i.AbstractProblemLoader Replaying proof Arrays[Arrays::fill([I,int)].JML normal_behavior operation contract.0 
68021      DEBUG main            d.u.i.k.p.i.IntermediateProofReplayer Proof replay took 5.2ns 
68124      INFO  main            d.u.i.k.p.r.p.TestFile    ... finished proof: closed. 
68320      INFO  main            d.u.i.k.p.i.AbstractProblemLoader Loading environment from /home/runner/work/key/key/key.core/../key.ui/examples/redux/arrays/Arrays.fill.key.proof 
68320      DEBUG main            d.u.i.k.p.i.AbstractProblemLoader Environment load took 113.4ns 
68321      INFO  main            d.u.i.k.p.i.AbstractProblemLoader Creating init config 
71310      DEBUG main            d.u.i.k.p.i.AbstractProblemLoader Init config took 2.99s 
71347      INFO  main            d.u.i.k.p.i.AbstractProblemLoader Replaying proof Arrays[Arrays::fill([I,int)].JML normal_behavior operation contract.0 
71370      DEBUG main            d.u.i.k.p.i.IntermediateProofReplayer Proof replay took 20.47ms 
71371      DEBUG main            d.u.i.k.p.r.p.TestFile    ... success: reloaded. 
71371      INFO  main            d.u.i.k.p.r.p.TestFile    Now processing file /home/runner/work/key/key/key.core/../key.ui/examples/redux/arrays/Arrays.fill.float.key 
71372      INFO  main            d.u.i.k.p.i.AbstractProblemLoader Loading environment from /home/runner/work/key/key/key.core/../key.ui/examples/redux/arrays/Arrays.fill.float.key 
71372      DEBUG main            d.u.i.k.p.i.AbstractProblemLoader Environment load took 91ns 
71373      INFO  main            d.u.i.k.p.i.AbstractProblemLoader Creating init config 
74380      DEBUG main            d.u.i.k.p.i.AbstractProblemLoader Init config took 3.01s 
74417      INFO  main            d.u.i.k.p.i.AbstractProblemLoader Replaying proof Arrays[Arrays::fill([F,float)].JML normal_behavior operation contract.0 
74418      DEBUG main            d.u.i.k.p.i.IntermediateProofReplayer Proof replay took 4.9ns 
74621      INFO  main            d.u.i.k.p.r.p.TestFile    ... finished proof: closed. 
74797      INFO  main            d.u.i.k.p.i.AbstractProblemLoader Loading environment from /home/runner/work/key/key/key.core/../key.ui/examples/redux/arrays/Arrays.fill.float.key.proof 
74797      DEBUG main            d.u.i.k.p.i.AbstractProblemLoader Environment load took 114.2ns 
74798      INFO  main            d.u.i.k.p.i.AbstractProblemLoader Creating init config 
77780      DEBUG main            d.u.i.k.p.i.AbstractProblemLoader Init config took 2.98s 
77826      INFO  main            d.u.i.k.p.i.AbstractProblemLoader Replaying proof Arrays[Arrays::fill([F,float)].JML normal_behavior operation contract.0 
77857      DEBUG main            d.u.i.k.p.i.IntermediateProofReplayer Proof replay took 27.9ms 
77858      DEBUG main            d.u.i.k.p.r.p.TestFile    ... success: reloaded. 
77859      INFO  main            d.u.i.k.p.r.p.TestFile    Now processing file /home/runner/work/key/key/key.core/../key.ui/examples/redux/arrays/Arrays.fillFromTo.key 
77859      INFO  main            d.u.i.k.p.i.AbstractProblemLoader Loading environment from /home/runner/work/key/key/key.core/../key.ui/examples/redux/arrays/Arrays.fillFromTo.key 
77859      DEBUG main            d.u.i.k.p.i.AbstractProblemLoader Environment load took 162.8ns 
77860      INFO  main            d.u.i.k.p.i.AbstractProblemLoader Creating init config 
80816      DEBUG main            d.u.i.k.p.i.AbstractProblemLoader Init config took 2.96s 
80851      INFO  main            d.u.i.k.p.i.AbstractProblemLoader Replaying proof Arrays[Arrays::fill([I,int,int,int)].JML normal_behavior operation contract.0 
80852      DEBUG main            d.u.i.k.p.i.IntermediateProofReplayer Proof replay took 5.1ns 
81455      INFO  main            d.u.i.k.p.r.p.TestFile    ... finished proof: closed. 
81661      INFO  main            d.u.i.k.p.i.AbstractProblemLoader Loading environment from /home/runner/work/key/key/key.core/../key.ui/examples/redux/arrays/Arrays.fillFromTo.key.proof 
81661      DEBUG main            d.u.i.k.p.i.AbstractProblemLoader Environment load took 129.6ns 
81662      INFO  main            d.u.i.k.p.i.AbstractProblemLoader Creating init config 
84618      DEBUG main            d.u.i.k.p.i.AbstractProblemLoader Init config took 2.96s 
84653      INFO  main            d.u.i.k.p.i.AbstractProblemLoader Replaying proof Arrays[Arrays::fill([I,int,int,int)].JML normal_behavior operation contract.0 
84728      DEBUG main            d.u.i.k.p.i.IntermediateProofReplayer Proof replay took 69.38ms 
84729      DEBUG main            d.u.i.k.p.r.p.TestFile    ... success: reloaded. 
84729      INFO  main            d.u.i.k.p.r.p.TestFile    Now processing file /home/runner/work/key/key/key.core/../key.ui/examples/redux/arrays/Arrays.fillFromTo.float.key 
84729      INFO  main            d.u.i.k.p.i.AbstractProblemLoader Loading environment from /home/runner/work/key/key/key.core/../key.ui/examples/redux/arrays/Arrays.fillFromTo.float.key 
84730      DEBUG main            d.u.i.k.p.i.AbstractProblemLoader Environment load took 81.4ns 
84730      INFO  main            d.u.i.k.p.i.AbstractProblemLoader Creating init config 
87730      DEBUG main            d.u.i.k.p.i.AbstractProblemLoader Init config took 3s 
87765      INFO  main            d.u.i.k.p.i.AbstractProblemLoader Replaying proof Arrays[Arrays::fill([F,int,int,float)].JML normal_behavior operation contract.0 
87766      DEBUG main            d.u.i.k.p.i.IntermediateProofReplayer Proof replay took 4.9ns 
88469      INFO  main            d.u.i.k.p.r.p.TestFile    ... finished proof: closed. 
88653      INFO  main            d.u.i.k.p.i.AbstractProblemLoader Loading environment from /home/runner/work/key/key/key.core/../key.ui/examples/redux/arrays/Arrays.fillFromTo.float.key.proof 
88653      DEBUG main            d.u.i.k.p.i.AbstractProblemLoader Environment load took 310ns 
88654      INFO  main            d.u.i.k.p.i.AbstractProblemLoader Creating init config 
91589      DEBUG main            d.u.i.k.p.i.AbstractProblemLoader Init config took 2.93s 
91624      INFO  main            d.u.i.k.p.i.AbstractProblemLoader Replaying proof Arrays[Arrays::fill([F,int,int,float)].JML normal_behavior operation contract.0 
91717      DEBUG main            d.u.i.k.p.i.IntermediateProofReplayer Proof replay took 86.95ms 
91718      DEBUG main            d.u.i.k.p.r.p.TestFile    ... success: reloaded. 
91719      INFO  main            d.u.i.k.p.r.p.TestFile    Now processing file /home/runner/work/key/key/key.core/../key.ui/examples/redux/arrays/ArrayCopy.arraycopy.normal.0.key 
91719      INFO  main            d.u.i.k.p.i.AbstractProblemLoader Loading environment from /home/runner/work/key/key/key.core/../key.ui/examples/redux/arrays/ArrayCopy.arraycopy.normal.0.key 
91719      DEBUG main            d.u.i.k.p.i.AbstractProblemLoader Environment load took 152.4ns 
91720      INFO  main            d.u.i.k.p.i.AbstractProblemLoader Creating init config 
94701      DEBUG main            d.u.i.k.p.i.AbstractProblemLoader Init config took 2.98s 
94751      INFO  main            d.u.i.k.p.i.AbstractProblemLoader Replaying proof ArrayCopy[ArrayCopy::arraycopy(java.lang.Object,int,java.lang.Object,int,int)].JML normal_behavior operation contract.0 
94752      DEBUG main            d.u.i.k.p.i.IntermediateProofReplayer Proof replay took 5.3ns 
100792     INFO  main            d.u.i.k.p.r.p.TestFile    ... finished proof: closed. 
101006     INFO  main            d.u.i.k.p.i.AbstractProblemLoader Loading environment from /home/runner/work/key/key/key.core/../key.ui/examples/redux/arrays/ArrayCopy.arraycopy.normal.0.key.proof 
101006     DEBUG main            d.u.i.k.p.i.AbstractProblemLoader Environment load took 118.4ns 
101007     INFO  main            d.u.i.k.p.i.AbstractProblemLoader Creating init config 
103925     DEBUG main            d.u.i.k.p.i.AbstractProblemLoader Init config took 2.92s 
103960     INFO  main            d.u.i.k.p.i.AbstractProblemLoader Replaying proof ArrayCopy[ArrayCopy::arraycopy(java.lang.Object,int,java.lang.Object,int,int)].JML normal_behavior operation contract.0 
104563     DEBUG main            d.u.i.k.p.i.IntermediateProofReplayer Proof replay took 581.42ms 
104564     DEBUG main            d.u.i.k.p.r.p.TestFile    ... success: reloaded. 
104565     INFO  main            d.u.i.k.p.r.p.TestFile    Now processing file /home/runner/work/key/key/key.core/../key.ui/examples/redux/arrays/ArrayCopy.arraycopy.exceptional.0.key 
104565     INFO  main            d.u.i.k.p.i.AbstractProblemLoader Loading environment from /home/runner/work/key/key/key.core/../key.ui/examples/redux/arrays/ArrayCopy.arraycopy.exceptional.0.key 
104565     DEBUG main            d.u.i.k.p.i.AbstractProblemLoader Environment load took 153.4ns 
104566     INFO  main            d.u.i.k.p.i.AbstractProblemLoader Creating init config 
107655     DEBUG main            d.u.i.k.p.i.AbstractProblemLoader Init config took 3.09s 
107688     INFO  main            d.u.i.k.p.i.AbstractProblemLoader Replaying proof ArrayCopy[ArrayCopy::arraycopy(java.lang.Object,int,java.lang.Object,int,int)].JML exceptional_behavior operation contract.0 
107689     DEBUG main            d.u.i.k.p.i.IntermediateProofReplayer Proof replay took 5.4ns 
108092     INFO  main            d.u.i.k.p.r.p.TestFile    ... finished proof: closed. 
108269     INFO  main            d.u.i.k.p.i.AbstractProblemLoader Loading environment from /home/runner/work/key/key/key.core/../key.ui/examples/redux/arrays/ArrayCopy.arraycopy.exceptional.0.key.proof 
108269     DEBUG main            d.u.i.k.p.i.AbstractProblemLoader Environment load took 108.8ns 
108271     INFO  main            d.u.i.k.p.i.AbstractProblemLoader Creating init config 
111240     DEBUG main            d.u.i.k.p.i.AbstractProblemLoader Init config took 2.97s 
111273     INFO  main            d.u.i.k.p.i.AbstractProblemLoader Replaying proof ArrayCopy[ArrayCopy::arraycopy(java.lang.Object,int,java.lang.Object,int,int)].JML exceptional_behavior operation contract.0 
111365     DEBUG main            d.u.i.k.p.i.IntermediateProofReplayer Proof replay took 89.28ms 
111366     DEBUG main            d.u.i.k.p.r.p.TestFile    ... success: reloaded. 
111367     INFO  main            d.u.i.k.p.r.p.TestFile    Now processing file /home/runner/work/key/key/key.core/../key.ui/examples/redux/arrays/ArrayCopy.arraycopy.exceptional.1.key 
111367     INFO  main            d.u.i.k.p.i.AbstractProblemLoader Loading environment from /home/runner/work/key/key/key.core/../key.ui/examples/redux/arrays/ArrayCopy.arraycopy.exceptional.1.key 
111367     DEBUG main            d.u.i.k.p.i.AbstractProblemLoader Environment load took 87.5ns 
111368     INFO  main            d.u.i.k.p.i.AbstractProblemLoader Creating init config 
114321     DEBUG main            d.u.i.k.p.i.AbstractProblemLoader Init config took 2.95s 
114354     INFO  main            d.u.i.k.p.i.AbstractProblemLoader Replaying proof ArrayCopy[ArrayCopy::arraycopy(java.lang.Object,int,java.lang.Object,int,int)].JML exceptional_behavior operation contract.1 
114355     DEBUG main            d.u.i.k.p.i.IntermediateProofReplayer Proof replay took 5.1ns 
120380     INFO  main            d.u.i.k.p.r.p.TestFile    ... finished proof: closed. 
120616     INFO  main            d.u.i.k.p.i.AbstractProblemLoader Loading environment from /home/runner/work/key/key/key.core/../key.ui/examples/redux/arrays/ArrayCopy.arraycopy.exceptional.1.key.proof 
120616     DEBUG main            d.u.i.k.p.i.AbstractProblemLoader Environment load took 328.1ns 
120620     INFO  main            d.u.i.k.p.i.AbstractProblemLoader Creating init config 
123543     DEBUG main            d.u.i.k.p.i.AbstractProblemLoader Init config took 2.92s 
123577     INFO  main            d.u.i.k.p.i.AbstractProblemLoader Replaying proof ArrayCopy[ArrayCopy::arraycopy(java.lang.Object,int,java.lang.Object,int,int)].JML exceptional_behavior operation contract.1 
124750     DEBUG main            d.u.i.k.p.i.IntermediateProofReplayer Proof replay took 1.15s 
124752     DEBUG main            d.u.i.k.p.r.p.TestFile    ... success: reloaded. 
5155182    INFO  Test worker     d.u.i.k.p.r.RunAllProofsTestUnit Returning from test redux 
]]></system-out>
  <system-err><![CDATA[]]></system-err>
</testsuite>
