<?xml version="1.0" encoding="UTF-8"?>
<testsuite name="de.uka.ilkd.key.symbolic_execution.testcase.TestExecutionNodePreorderIterator" tests="4" skipped="0" failures="0" errors="0" timestamp="2023-02-04T10:15:44" hostname="fv-az851-363" time="0.015">
  <properties/>
  <testcase name="testNodesThreeLevel()" classname="de.uka.ilkd.key.symbolic_execution.testcase.TestExecutionNodePreorderIterator" time="0.008"/>
  <testcase name="testEmptyRoot()" classname="de.uka.ilkd.key.symbolic_execution.testcase.TestExecutionNodePreorderIterator" time="0.002"/>
  <testcase name="testNodesTwoLevel()" classname="de.uka.ilkd.key.symbolic_execution.testcase.TestExecutionNodePreorderIterator" time="0.002"/>
  <testcase name="testNodesOneLevel()" classname="de.uka.ilkd.key.symbolic_execution.testcase.TestExecutionNodePreorderIterator" time="0.002"/>
  <system-out><![CDATA[]]></system-out>
  <system-err><![CDATA[]]></system-err>
</testsuite>
