<?xml version="1.0" encoding="UTF-8"?>
<testsuite name="de.uka.ilkd.key.gui.proofdiff.SequentDifferenceTest" tests="2" skipped="0" failures="0" errors="0" timestamp="2023-04-21T11:56:18" hostname="fv-az1230-243" time="0.012">
  <properties/>
  <testcase name="testLevensthein()" classname="de.uka.ilkd.key.gui.proofdiff.SequentDifferenceTest" time="0.007"/>
  <testcase name="testPairs1()" classname="de.uka.ilkd.key.gui.proofdiff.SequentDifferenceTest" time="0.004"/>
  <system-out><![CDATA[]]></system-out>
  <system-err><![CDATA[]]></system-err>
</testsuite>
