<?xml version="1.0" encoding="UTF-8"?>
<testsuite name="de.uka.ilkd.key.parser.TestTermParser" tests="47" skipped="4" failures="0" errors="0" timestamp="2023-04-17T07:48:00" hostname="fv-az1230-283" time="3.388">
  <properties/>
  <testcase name="testNotEqual()" classname="de.uka.ilkd.key.parser.TestTermParser" time="0.002"/>
  <testcase name="testProgramVariables()" classname="de.uka.ilkd.key.parser.TestTermParser" time="0.075"/>
  <testcase name="testAttributeWithSpecifiedSortOnObject()" classname="de.uka.ilkd.key.parser.TestTermParser" time="0.017"/>
  <testcase name="testCast()" classname="de.uka.ilkd.key.parser.TestTermParser" time="0.003"/>
  <testcase name="testJavaQueryAndAttribute_all()" classname="de.uka.ilkd.key.parser.TestTermParser" time="0.0">
    <skipped/>
  </testcase>
  <testcase name="test10()" classname="de.uka.ilkd.key.parser.TestTermParser" time="0.003"/>
  <testcase name="test11()" classname="de.uka.ilkd.key.parser.TestTermParser" time="0.004"/>
  <testcase name="test12()" classname="de.uka.ilkd.key.parser.TestTermParser" time="0.0">
    <skipped/>
  </testcase>
  <testcase name="test13()" classname="de.uka.ilkd.key.parser.TestTermParser" time="0.008"/>
  <testcase name="test14()" classname="de.uka.ilkd.key.parser.TestTermParser" time="0.006"/>
  <testcase name="test1a()" classname="de.uka.ilkd.key.parser.TestTermParser" time="0.002"/>
  <testcase name="testJavaAttributeAccess_4()" classname="de.uka.ilkd.key.parser.TestTermParser" time="0.003"/>
  <testcase name="testAttributeOnObject()" classname="de.uka.ilkd.key.parser.TestTermParser" time="0.003"/>
  <testcase name="testNegativeLiteralParsing1()" classname="de.uka.ilkd.key.parser.TestTermParser" time="0.01"/>
  <testcase name="testNegativeLiteralParsing2()" classname="de.uka.ilkd.key.parser.TestTermParser" time="0.002"/>
  <testcase name="testNegativeLiteralParsing3()" classname="de.uka.ilkd.key.parser.TestTermParser" time="0.002"/>
  <testcase name="xtestParsingArrayWithSpaces()" classname="de.uka.ilkd.key.parser.TestTermParser" time="0.0">
    <skipped/>
  </testcase>
  <testcase name="testAmbigiousFuncVarPred()" classname="de.uka.ilkd.key.parser.TestTermParser" time="0.001"/>
  <testcase name="test1()" classname="de.uka.ilkd.key.parser.TestTermParser" time="0.002"/>
  <testcase name="test2()" classname="de.uka.ilkd.key.parser.TestTermParser" time="0.002"/>
  <testcase name="test3()" classname="de.uka.ilkd.key.parser.TestTermParser" time="0.002"/>
  <testcase name="test5()" classname="de.uka.ilkd.key.parser.TestTermParser" time="0.003"/>
  <testcase name="test6()" classname="de.uka.ilkd.key.parser.TestTermParser" time="0.002"/>
  <testcase name="test7()" classname="de.uka.ilkd.key.parser.TestTermParser" time="0.004"/>
  <testcase name="test8()" classname="de.uka.ilkd.key.parser.TestTermParser" time="0.004"/>
  <testcase name="test9()" classname="de.uka.ilkd.key.parser.TestTermParser" time="0.002"/>
  <testcase name="testBindingUpdateTerm()" classname="de.uka.ilkd.key.parser.TestTermParser" time="0.005"/>
  <testcase name="testJavaStaticQuery()" classname="de.uka.ilkd.key.parser.TestTermParser" time="0.003"/>
  <testcase name="testInfix1()" classname="de.uka.ilkd.key.parser.TestTermParser" time="0.002"/>
  <testcase name="testInfix2()" classname="de.uka.ilkd.key.parser.TestTermParser" time="0.003"/>
  <testcase name="testInfix3()" classname="de.uka.ilkd.key.parser.TestTermParser" time="0.003"/>
  <testcase name="testInfix4()" classname="de.uka.ilkd.key.parser.TestTermParser" time="0.002"/>
  <testcase name="testIfThenElse()" classname="de.uka.ilkd.key.parser.TestTermParser" time="0.003"/>
  <testcase name="testJavaAttributeAccessBoth_1()" classname="de.uka.ilkd.key.parser.TestTermParser" time="0.003"/>
  <testcase name="testJavaAttributeAccessBoth_2()" classname="de.uka.ilkd.key.parser.TestTermParser" time="0.005"/>
  <testcase name="testJavaAttributeAccessBoth_3()" classname="de.uka.ilkd.key.parser.TestTermParser" time="0.003"/>
  <testcase name="testBindingUpdateTerm_1()" classname="de.uka.ilkd.key.parser.TestTermParser" time="0.003"/>
  <testcase name="testBindingUpdateTerm_3()" classname="de.uka.ilkd.key.parser.TestTermParser" time="0.006"/>
  <testcase name="testBindingUpdateTerm_4()" classname="de.uka.ilkd.key.parser.TestTermParser" time="0.001"/>
  <testcase name="testBindingUpdateTerm_5()" classname="de.uka.ilkd.key.parser.TestTermParser" time="0.002"/>
  <testcase name="testBindingUpdateTerm_6()" classname="de.uka.ilkd.key.parser.TestTermParser" time="0.002"/>
  <testcase name="testBindingUpdateTerm_7()" classname="de.uka.ilkd.key.parser.TestTermParser" time="0.002"/>
  <testcase name="testBindingUpdateTerm_8()" classname="de.uka.ilkd.key.parser.TestTermParser" time="0.002"/>
  <testcase name="testParsingArray()" classname="de.uka.ilkd.key.parser.TestTermParser" time="0.004"/>
  <testcase name="xtestBindingUpdateTermOldBindingAlternative()" classname="de.uka.ilkd.key.parser.TestTermParser" time="0.0">
    <skipped/>
  </testcase>
  <testcase name="testJavaStaticQueryWithParameter()" classname="de.uka.ilkd.key.parser.TestTermParser" time="0.02"/>
  <testcase name="testParsingArrayCombination()" classname="de.uka.ilkd.key.parser.TestTermParser" time="0.005"/>
  <system-out><![CDATA[357540     INFO  Test worker     d.u.i.k.n.KeyIO           Parsing took 0 ms 
357540     INFO  Test worker     d.u.i.k.n.KeyIO           MODE: declarations took 0 ms 
357540     WARN  Test worker     d.u.i.k.j.r.KeYCrossReferenceNameInfo Datatype T declared twice: Once in UNKNOWN:unknown and once in UNKNOWN:unknown, Keeping one from UNKNOWN:unknown 
357665     INFO  Test worker     d.u.i.k.n.KeyIO           Parsing took 0 ms 
357665     INFO  Test worker     d.u.i.k.n.KeyIO           MODE: declarations took 0 ms 
357743     WARN  Test worker     d.u.i.k.j.r.KeYCrossReferenceNameInfo Datatype T declared twice: Once in UNKNOWN:unknown and once in UNKNOWN:unknown, Keeping one from UNKNOWN:unknown 
357821     INFO  Test worker     d.u.i.k.n.KeyIO           Parsing took 0 ms 
357837     INFO  Test worker     d.u.i.k.n.KeyIO           MODE: declarations took 0 ms 
357837     WARN  Test worker     d.u.i.k.j.r.KeYCrossReferenceNameInfo Datatype T declared twice: Once in UNKNOWN:unknown and once in UNKNOWN:unknown, Keeping one from UNKNOWN:unknown 
357903     INFO  Test worker     d.u.i.k.n.KeyIO           Parsing took 0 ms 
357903     INFO  Test worker     d.u.i.k.n.KeyIO           MODE: declarations took 0 ms 
357903     WARN  Test worker     d.u.i.k.j.r.KeYCrossReferenceNameInfo Datatype T declared twice: Once in UNKNOWN:unknown and once in UNKNOWN:unknown, Keeping one from UNKNOWN:unknown 
357966     WARN  Test worker     d.u.i.k.j.r.KeYCrossReferenceNameInfo Datatype T declared twice: Once in UNKNOWN:unknown and once in UNKNOWN:unknown, Keeping one from UNKNOWN:unknown 
358029     INFO  Test worker     d.u.i.k.n.KeyIO           Parsing took 0 ms 
358029     INFO  Test worker     d.u.i.k.n.KeyIO           MODE: declarations took 0 ms 
358029     INFO  Test worker     d.u.i.k.p.TestTermParser  Out: \<{
  int x = 1;
  {
    int s = 2;
  }
}\> (equals(x,x)) 
358029     WARN  Test worker     d.u.i.k.j.r.KeYCrossReferenceNameInfo Datatype T declared twice: Once in UNKNOWN:unknown and once in UNKNOWN:unknown, Keeping one from UNKNOWN:unknown 
358091     INFO  Test worker     d.u.i.k.n.KeyIO           Parsing took 0 ms 
358091     INFO  Test worker     d.u.i.k.n.KeyIO           MODE: declarations took 0 ms 
358091     INFO  Test worker     d.u.i.k.p.TestTermParser  Out: \[{
  int x = 2;
  {
    String s = ""}";
  }
}\] (true) 
358107     WARN  Test worker     d.u.i.k.j.r.KeYCrossReferenceNameInfo Datatype T declared twice: Once in UNKNOWN:unknown and once in UNKNOWN:unknown, Keeping one from UNKNOWN:unknown 
358172     WARN  Test worker     d.u.i.k.j.r.KeYCrossReferenceNameInfo Datatype T declared twice: Once in UNKNOWN:unknown and once in UNKNOWN:unknown, Keeping one from UNKNOWN:unknown 
358234     INFO  Test worker     d.u.i.k.n.KeyIO           Parsing took 0 ms 
358234     INFO  Test worker     d.u.i.k.n.KeyIO           MODE: declarations took 0 ms 
358250     WARN  Test worker     d.u.i.k.j.r.KeYCrossReferenceNameInfo Datatype T declared twice: Once in UNKNOWN:unknown and once in UNKNOWN:unknown, Keeping one from UNKNOWN:unknown 
358317     INFO  Test worker     d.u.i.k.n.KeyIO           Parsing took 0 ms 
358317     INFO  Test worker     d.u.i.k.n.KeyIO           MODE: declarations took 0 ms 
358317     INFO  Test worker     d.u.i.k.p.TestTermParser  Out: \<{
  int[] i;
}\> (diamond(true)) 
358317     WARN  Test worker     d.u.i.k.j.r.KeYCrossReferenceNameInfo Datatype T declared twice: Once in UNKNOWN:unknown and once in UNKNOWN:unknown, Keeping one from UNKNOWN:unknown 
358380     INFO  Test worker     d.u.i.k.n.KeyIO           Parsing took 0 ms 
358380     INFO  Test worker     d.u.i.k.n.KeyIO           MODE: declarations took 0 ms 
358396     WARN  Test worker     d.u.i.k.j.r.KeYCrossReferenceNameInfo Datatype T declared twice: Once in UNKNOWN:unknown and once in UNKNOWN:unknown, Keeping one from UNKNOWN:unknown 
358458     INFO  Test worker     d.u.i.k.n.KeyIO           Parsing took 0 ms 
358458     INFO  Test worker     d.u.i.k.n.KeyIO           MODE: declarations took 0 ms 
358458     WARN  Test worker     d.u.i.k.j.r.KeYCrossReferenceNameInfo Datatype T declared twice: Once in UNKNOWN:unknown and once in UNKNOWN:unknown, Keeping one from UNKNOWN:unknown 
358521     INFO  Test worker     d.u.i.k.n.KeyIO           Parsing took 0 ms 
358521     INFO  Test worker     d.u.i.k.n.KeyIO           MODE: declarations took 0 ms 
358521     WARN  Test worker     d.u.i.k.j.r.KeYCrossReferenceNameInfo Datatype T declared twice: Once in UNKNOWN:unknown and once in UNKNOWN:unknown, Keeping one from UNKNOWN:unknown 
358583     INFO  Test worker     d.u.i.k.n.KeyIO           Parsing took 0 ms 
358599     INFO  Test worker     d.u.i.k.n.KeyIO           MODE: declarations took 16 ms 
358599     WARN  Test worker     d.u.i.k.j.r.KeYCrossReferenceNameInfo Datatype T declared twice: Once in UNKNOWN:unknown and once in UNKNOWN:unknown, Keeping one from UNKNOWN:unknown 
358662     INFO  Test worker     d.u.i.k.n.KeyIO           Parsing took 0 ms 
358662     INFO  Test worker     d.u.i.k.n.KeyIO           MODE: declarations took 0 ms 
358662     WARN  Test worker     d.u.i.k.j.r.KeYCrossReferenceNameInfo Datatype T declared twice: Once in UNKNOWN:unknown and once in UNKNOWN:unknown, Keeping one from UNKNOWN:unknown 
358724     INFO  Test worker     d.u.i.k.n.KeyIO           Parsing took 0 ms 
358724     INFO  Test worker     d.u.i.k.n.KeyIO           MODE: declarations took 0 ms 
358724     WARN  Test worker     d.u.i.k.j.r.KeYCrossReferenceNameInfo Datatype T declared twice: Once in UNKNOWN:unknown and once in UNKNOWN:unknown, Keeping one from UNKNOWN:unknown 
358787     WARN  Test worker     d.u.i.k.j.r.KeYCrossReferenceNameInfo Datatype T declared twice: Once in UNKNOWN:unknown and once in UNKNOWN:unknown, Keeping one from UNKNOWN:unknown 
358849     INFO  Test worker     d.u.i.k.n.KeyIO           Parsing took 0 ms 
358849     INFO  Test worker     d.u.i.k.n.KeyIO           MODE: declarations took 0 ms 
358849     WARN  Test worker     d.u.i.k.j.r.KeYCrossReferenceNameInfo Datatype T declared twice: Once in UNKNOWN:unknown and once in UNKNOWN:unknown, Keeping one from UNKNOWN:unknown 
358927     INFO  Test worker     d.u.i.k.n.KeyIO           Parsing took 0 ms 
358927     INFO  Test worker     d.u.i.k.n.KeyIO           MODE: declarations took 0 ms 
358927     WARN  Test worker     d.u.i.k.j.r.KeYCrossReferenceNameInfo Datatype T declared twice: Once in UNKNOWN:unknown and once in UNKNOWN:unknown, Keeping one from UNKNOWN:unknown 
358990     INFO  Test worker     d.u.i.k.n.KeyIO           Parsing took 0 ms 
358990     INFO  Test worker     d.u.i.k.n.KeyIO           MODE: declarations took 0 ms 
358990     WARN  Test worker     d.u.i.k.j.r.KeYCrossReferenceNameInfo Datatype T declared twice: Once in UNKNOWN:unknown and once in UNKNOWN:unknown, Keeping one from UNKNOWN:unknown 
359052     INFO  Test worker     d.u.i.k.n.KeyIO           Parsing took 0 ms 
359052     INFO  Test worker     d.u.i.k.n.KeyIO           MODE: declarations took 0 ms 
359052     WARN  Test worker     d.u.i.k.j.r.KeYCrossReferenceNameInfo Datatype T declared twice: Once in UNKNOWN:unknown and once in UNKNOWN:unknown, Keeping one from UNKNOWN:unknown 
359115     INFO  Test worker     d.u.i.k.n.KeyIO           Parsing took 0 ms 
359115     INFO  Test worker     d.u.i.k.n.KeyIO           MODE: declarations took 0 ms 
359115     WARN  Test worker     d.u.i.k.j.r.KeYCrossReferenceNameInfo Datatype T declared twice: Once in UNKNOWN:unknown and once in UNKNOWN:unknown, Keeping one from UNKNOWN:unknown 
359183     INFO  Test worker     d.u.i.k.n.KeyIO           Parsing took 0 ms 
359183     INFO  Test worker     d.u.i.k.n.KeyIO           MODE: declarations took 0 ms 
359183     WARN  Test worker     d.u.i.k.j.r.KeYCrossReferenceNameInfo Datatype T declared twice: Once in UNKNOWN:unknown and once in UNKNOWN:unknown, Keeping one from UNKNOWN:unknown 
359246     INFO  Test worker     d.u.i.k.n.KeyIO           Parsing took 0 ms 
359261     INFO  Test worker     d.u.i.k.n.KeyIO           MODE: declarations took 0 ms 
359261     WARN  Test worker     d.u.i.k.j.r.KeYCrossReferenceNameInfo Datatype T declared twice: Once in UNKNOWN:unknown and once in UNKNOWN:unknown, Keeping one from UNKNOWN:unknown 
359324     INFO  Test worker     d.u.i.k.n.KeyIO           Parsing took 0 ms 
359324     INFO  Test worker     d.u.i.k.n.KeyIO           MODE: declarations took 0 ms 
359324     WARN  Test worker     d.u.i.k.j.r.KeYCrossReferenceNameInfo Datatype T declared twice: Once in UNKNOWN:unknown and once in UNKNOWN:unknown, Keeping one from UNKNOWN:unknown 
359399     INFO  Test worker     d.u.i.k.n.KeyIO           Parsing took 0 ms 
359399     INFO  Test worker     d.u.i.k.n.KeyIO           MODE: declarations took 0 ms 
359399     WARN  Test worker     d.u.i.k.j.r.KeYCrossReferenceNameInfo Datatype T declared twice: Once in UNKNOWN:unknown and once in UNKNOWN:unknown, Keeping one from UNKNOWN:unknown 
359462     INFO  Test worker     d.u.i.k.n.KeyIO           Parsing took 0 ms 
359462     INFO  Test worker     d.u.i.k.n.KeyIO           MODE: declarations took 0 ms 
359462     WARN  Test worker     d.u.i.k.j.r.KeYCrossReferenceNameInfo Datatype T declared twice: Once in UNKNOWN:unknown and once in UNKNOWN:unknown, Keeping one from UNKNOWN:unknown 
359540     INFO  Test worker     d.u.i.k.n.KeyIO           Parsing took 0 ms 
359540     INFO  Test worker     d.u.i.k.n.KeyIO           MODE: declarations took 0 ms 
359540     WARN  Test worker     d.u.i.k.j.r.KeYCrossReferenceNameInfo Datatype T declared twice: Once in UNKNOWN:unknown and once in UNKNOWN:unknown, Keeping one from UNKNOWN:unknown 
359602     INFO  Test worker     d.u.i.k.n.KeyIO           Parsing took 0 ms 
359602     INFO  Test worker     d.u.i.k.n.KeyIO           MODE: declarations took 0 ms 
359602     WARN  Test worker     d.u.i.k.j.r.KeYCrossReferenceNameInfo Datatype T declared twice: Once in UNKNOWN:unknown and once in UNKNOWN:unknown, Keeping one from UNKNOWN:unknown 
359681     INFO  Test worker     d.u.i.k.n.KeyIO           Parsing took 0 ms 
359681     INFO  Test worker     d.u.i.k.n.KeyIO           MODE: declarations took 0 ms 
359681     WARN  Test worker     d.u.i.k.j.r.KeYCrossReferenceNameInfo Datatype T declared twice: Once in UNKNOWN:unknown and once in UNKNOWN:unknown, Keeping one from UNKNOWN:unknown 
359759     INFO  Test worker     d.u.i.k.n.KeyIO           Parsing took 0 ms 
359759     INFO  Test worker     d.u.i.k.n.KeyIO           MODE: declarations took 0 ms 
359759     WARN  Test worker     d.u.i.k.j.r.KeYCrossReferenceNameInfo Datatype T declared twice: Once in UNKNOWN:unknown and once in UNKNOWN:unknown, Keeping one from UNKNOWN:unknown 
359821     INFO  Test worker     d.u.i.k.n.KeyIO           Parsing took 0 ms 
359821     INFO  Test worker     d.u.i.k.n.KeyIO           MODE: declarations took 0 ms 
359821     WARN  Test worker     d.u.i.k.j.r.KeYCrossReferenceNameInfo Datatype T declared twice: Once in UNKNOWN:unknown and once in UNKNOWN:unknown, Keeping one from UNKNOWN:unknown 
359884     INFO  Test worker     d.u.i.k.n.KeyIO           Parsing took 0 ms 
359884     INFO  Test worker     d.u.i.k.n.KeyIO           MODE: declarations took 0 ms 
359899     WARN  Test worker     d.u.i.k.j.r.KeYCrossReferenceNameInfo Datatype T declared twice: Once in UNKNOWN:unknown and once in UNKNOWN:unknown, Keeping one from UNKNOWN:unknown 
359962     INFO  Test worker     d.u.i.k.n.KeyIO           Parsing took 0 ms 
359962     INFO  Test worker     d.u.i.k.n.KeyIO           MODE: declarations took 0 ms 
359962     WARN  Test worker     d.u.i.k.j.r.KeYCrossReferenceNameInfo Datatype T declared twice: Once in UNKNOWN:unknown and once in UNKNOWN:unknown, Keeping one from UNKNOWN:unknown 
360024     INFO  Test worker     d.u.i.k.n.KeyIO           Parsing took 0 ms 
360024     INFO  Test worker     d.u.i.k.n.KeyIO           MODE: declarations took 0 ms 
360040     WARN  Test worker     d.u.i.k.j.r.KeYCrossReferenceNameInfo Datatype T declared twice: Once in UNKNOWN:unknown and once in UNKNOWN:unknown, Keeping one from UNKNOWN:unknown 
360103     INFO  Test worker     d.u.i.k.n.KeyIO           Parsing took 0 ms 
360103     INFO  Test worker     d.u.i.k.n.KeyIO           MODE: declarations took 0 ms 
360103     WARN  Test worker     d.u.i.k.j.r.KeYCrossReferenceNameInfo Datatype T declared twice: Once in UNKNOWN:unknown and once in UNKNOWN:unknown, Keeping one from UNKNOWN:unknown 
360165     INFO  Test worker     d.u.i.k.n.KeyIO           Parsing took 0 ms 
360165     INFO  Test worker     d.u.i.k.n.KeyIO           MODE: declarations took 0 ms 
360165     WARN  Test worker     d.u.i.k.j.r.KeYCrossReferenceNameInfo Datatype T declared twice: Once in UNKNOWN:unknown and once in UNKNOWN:unknown, Keeping one from UNKNOWN:unknown 
360243     INFO  Test worker     d.u.i.k.n.KeyIO           Parsing took 0 ms 
360243     INFO  Test worker     d.u.i.k.n.KeyIO           MODE: declarations took 0 ms 
360243     WARN  Test worker     d.u.i.k.j.r.KeYCrossReferenceNameInfo Datatype T declared twice: Once in UNKNOWN:unknown and once in UNKNOWN:unknown, Keeping one from UNKNOWN:unknown 
360321     INFO  Test worker     d.u.i.k.n.KeyIO           Parsing took 0 ms 
360321     INFO  Test worker     d.u.i.k.n.KeyIO           MODE: declarations took 0 ms 
360321     WARN  Test worker     d.u.i.k.j.r.KeYCrossReferenceNameInfo Datatype T declared twice: Once in UNKNOWN:unknown and once in UNKNOWN:unknown, Keeping one from UNKNOWN:unknown 
360384     INFO  Test worker     d.u.i.k.n.KeyIO           Parsing took 0 ms 
360384     INFO  Test worker     d.u.i.k.n.KeyIO           MODE: declarations took 0 ms 
360384     WARN  Test worker     d.u.i.k.j.r.KeYCrossReferenceNameInfo Datatype T declared twice: Once in UNKNOWN:unknown and once in UNKNOWN:unknown, Keeping one from UNKNOWN:unknown 
360462     INFO  Test worker     d.u.i.k.n.KeyIO           Parsing took 0 ms 
360462     INFO  Test worker     d.u.i.k.n.KeyIO           MODE: declarations took 0 ms 
360462     WARN  Test worker     d.u.i.k.j.r.KeYCrossReferenceNameInfo Datatype T declared twice: Once in UNKNOWN:unknown and once in UNKNOWN:unknown, Keeping one from UNKNOWN:unknown 
360524     INFO  Test worker     d.u.i.k.n.KeyIO           Parsing took 0 ms 
360524     INFO  Test worker     d.u.i.k.n.KeyIO           MODE: declarations took 0 ms 
360524     WARN  Test worker     d.u.i.k.j.r.KeYCrossReferenceNameInfo Datatype T declared twice: Once in UNKNOWN:unknown and once in UNKNOWN:unknown, Keeping one from UNKNOWN:unknown 
360603     INFO  Test worker     d.u.i.k.n.KeyIO           Parsing took 0 ms 
360603     INFO  Test worker     d.u.i.k.n.KeyIO           MODE: declarations took 0 ms 
360603     WARN  Test worker     d.u.i.k.j.r.KeYCrossReferenceNameInfo Datatype T declared twice: Once in UNKNOWN:unknown and once in UNKNOWN:unknown, Keeping one from UNKNOWN:unknown 
360681     INFO  Test worker     d.u.i.k.n.KeyIO           Parsing took 0 ms 
360681     INFO  Test worker     d.u.i.k.n.KeyIO           MODE: declarations took 0 ms 
360681     WARN  Test worker     d.u.i.k.j.r.KeYCrossReferenceNameInfo Datatype T declared twice: Once in UNKNOWN:unknown and once in UNKNOWN:unknown, Keeping one from UNKNOWN:unknown 
360743     WARN  Test worker     d.u.i.k.j.r.KeYCrossReferenceNameInfo Datatype T declared twice: Once in UNKNOWN:unknown and once in UNKNOWN:unknown, Keeping one from UNKNOWN:unknown 
360822     INFO  Test worker     d.u.i.k.n.KeyIO           Parsing took 16 ms 
360822     INFO  Test worker     d.u.i.k.n.KeyIO           MODE: declarations took 0 ms 
360837     WARN  Test worker     d.u.i.k.j.r.KeYCrossReferenceNameInfo Datatype T declared twice: Once in UNKNOWN:unknown and once in UNKNOWN:unknown, Keeping one from UNKNOWN:unknown 
360915     INFO  Test worker     d.u.i.k.n.KeyIO           Parsing took 0 ms 
360915     INFO  Test worker     d.u.i.k.n.KeyIO           MODE: declarations took 0 ms 
]]></system-out>
  <system-err><![CDATA[]]></system-err>
</testsuite>
