<?xml version="1.0" encoding="UTF-8"?>
<testsuite name="de.uka.ilkd.key.parser.TestTermParserSorts" tests="2" skipped="0" failures="0" errors="0" timestamp="2023-04-17T07:50:16" hostname="fv-az1230-283" time="3.287">
  <properties/>
  <testcase name="testParseIntegerArgs()" classname="de.uka.ilkd.key.parser.TestTermParserSorts" time="0.017"/>
  <testcase name="testParseSequencePrettySyntax()" classname="de.uka.ilkd.key.parser.TestTermParserSorts" time="0.002"/>
  <system-out><![CDATA[493658     INFO  Test worker     d.u.i.k.n.KeyIO           Parsing took 0 ms 
493658     INFO  Test worker     d.u.i.k.n.KeyIO           MODE: declarations took 0 ms 
493658     INFO  Test worker     d.u.i.k.n.KeyIO           Parsing took 0 ms 
493658     INFO  Test worker     d.u.i.k.n.KeyIO           MODE: declarations took 0 ms 
493658     INFO  Test worker     d.u.i.k.n.KeyIO           Parsing took 0 ms 
493674     INFO  Test worker     d.u.i.k.n.KeyIO           MODE: declarations took 16 ms 
496943     INFO  Test worker     d.u.i.k.n.KeyIO           Parsing took 0 ms 
496943     INFO  Test worker     d.u.i.k.n.KeyIO           MODE: declarations took 0 ms 
496943     INFO  Test worker     d.u.i.k.n.KeyIO           Parsing took 0 ms 
496943     INFO  Test worker     d.u.i.k.n.KeyIO           MODE: declarations took 0 ms 
496943     INFO  Test worker     d.u.i.k.n.KeyIO           Parsing took 0 ms 
496943     INFO  Test worker     d.u.i.k.n.KeyIO           MODE: declarations took 0 ms 
]]></system-out>
  <system-err><![CDATA[]]></system-err>
</testsuite>
