<?xml version="1.0" encoding="UTF-8"?>
<testsuite name="de.uka.ilkd.key.nparser.ExprTest" tests="23" skipped="0" failures="0" errors="0" timestamp="2023-04-17T07:46:00" hostname="fv-az1230-283" time="2.768">
  <properties/>
  <testcase name="[1] (bprod{int y;}(1, 2, y) = 0)" classname="de.uka.ilkd.key.nparser.ExprTest" time="0.055"/>
  <testcase name="[2] 1 = 1 -&gt; 2 = 2" classname="de.uka.ilkd.key.nparser.ExprTest" time="0.027"/>
  <testcase name="[3] \&lt; { int x = 1; } \&gt; x=1" classname="de.uka.ilkd.key.nparser.ExprTest" time="1.054"/>
  <testcase name="[4] \&lt;{ int x = 1; {int s = 2;} }\&gt; x=x" classname="de.uka.ilkd.key.nparser.ExprTest" time="1.07"/>
  <testcase name="[5] true" classname="de.uka.ilkd.key.nparser.ExprTest" time="0.019"/>
  <testcase name="[6] true &amp; false" classname="de.uka.ilkd.key.nparser.ExprTest" time="0.025"/>
  <testcase name="[7] 0" classname="de.uka.ilkd.key.nparser.ExprTest" time="0.028"/>
  <testcase name="[8] 1" classname="de.uka.ilkd.key.nparser.ExprTest" time="0.021"/>
  <testcase name="[9] 42" classname="de.uka.ilkd.key.nparser.ExprTest" time="0.021"/>
  <testcase name="[10] -5" classname="de.uka.ilkd.key.nparser.ExprTest" time="0.021"/>
  <testcase name="[11] 1 + 1 = 2" classname="de.uka.ilkd.key.nparser.ExprTest" time="0.095"/>
  <testcase name="[12] \if (3=4) \then (1) \else (2)" classname="de.uka.ilkd.key.nparser.ExprTest" time="0.026"/>
  <testcase name="[13] \if (3=4 &amp; 1=1) \then (\if (3=4) \then (1) \else (2)) \else (2)" classname="de.uka.ilkd.key.nparser.ExprTest" time="0.02"/>
  <testcase name="[14] aa + bb*cc" classname="de.uka.ilkd.key.nparser.ExprTest" time="0.024"/>
  <testcase name="[15] aa%bb*cc &lt; -123" classname="de.uka.ilkd.key.nparser.ExprTest" time="0.02"/>
  <testcase name="[16] \forall int x; true" classname="de.uka.ilkd.key.nparser.ExprTest" time="0.023"/>
  <testcase name="[17] \forall numbers x; x = x" classname="de.uka.ilkd.key.nparser.ExprTest" time="0.021"/>
  <testcase name="[18] (int)3+2" classname="de.uka.ilkd.key.nparser.ExprTest" time="0.017"/>
  <testcase name="[19] 1.f + 1f = 20e-1f * (2f-1f)" classname="de.uka.ilkd.key.nparser.ExprTest" time="0.037"/>
  <testcase name="[20] 1.d + 1d &lt;= 20e+1d * .01d" classname="de.uka.ilkd.key.nparser.ExprTest" time="0.027"/>
  <testcase name="[21] 1f &lt;= 2f" classname="de.uka.ilkd.key.nparser.ExprTest" time="0.018"/>
  <testcase name="[22] 2d &gt; 1d" classname="de.uka.ilkd.key.nparser.ExprTest" time="0.047"/>
  <testcase name="[23] seqEmpty + seqEmpty" classname="de.uka.ilkd.key.nparser.ExprTest" time="0.023"/>
  <system-out><![CDATA[237947     INFO  Test worker     d.u.i.k.n.KeyIO           Parsing took 47 ms 
237947     INFO  Test worker     d.u.i.k.n.KeyIO           MODE: declarations took 0 ms 
237962     INFO  Test worker     d.u.i.k.n.ExprTest        Term: equals(bprod{y:int}(Z(1(#)),Z(2(#)),y),Z(0(#))) 
237978     INFO  Test worker     d.u.i.k.n.KeyIO           Parsing took 16 ms 
237978     INFO  Test worker     d.u.i.k.n.KeyIO           MODE: declarations took 0 ms 
237978     INFO  Test worker     d.u.i.k.n.ExprTest        Term: imp(equals(Z(1(#)),Z(1(#))),equals(Z(2(#)),Z(2(#)))) 
238009     INFO  Test worker     d.u.i.k.n.KeyIO           Parsing took 15 ms 
238009     INFO  Test worker     d.u.i.k.n.KeyIO           MODE: declarations took 0 ms 
239041     INFO  Test worker     d.u.i.k.n.ExprTest        Term: \<{
  int x = 1;
}\> (equals(x,Z(1(#)))) 
239056     INFO  Test worker     d.u.i.k.n.KeyIO           Parsing took 15 ms 
239056     INFO  Test worker     d.u.i.k.n.KeyIO           MODE: declarations took 0 ms 
240114     INFO  Test worker     d.u.i.k.n.ExprTest        Term: \<{
  int x = 1;
  {
    int s = 2;
  }
}\> (equals(x,x)) 
240130     INFO  Test worker     d.u.i.k.n.KeyIO           Parsing took 16 ms 
240130     INFO  Test worker     d.u.i.k.n.KeyIO           MODE: declarations took 0 ms 
240130     INFO  Test worker     d.u.i.k.n.ExprTest        Term: true 
240146     INFO  Test worker     d.u.i.k.n.KeyIO           Parsing took 16 ms 
240161     INFO  Test worker     d.u.i.k.n.KeyIO           MODE: declarations took 15 ms 
240161     INFO  Test worker     d.u.i.k.n.ExprTest        Term: and(true,false) 
240177     INFO  Test worker     d.u.i.k.n.KeyIO           Parsing took 16 ms 
240177     INFO  Test worker     d.u.i.k.n.KeyIO           MODE: declarations took 0 ms 
240192     INFO  Test worker     d.u.i.k.n.ExprTest        Term: Z(0(#)) 
240208     INFO  Test worker     d.u.i.k.n.KeyIO           Parsing took 16 ms 
240208     INFO  Test worker     d.u.i.k.n.KeyIO           MODE: declarations took 0 ms 
240208     INFO  Test worker     d.u.i.k.n.ExprTest        Term: Z(1(#)) 
240224     INFO  Test worker     d.u.i.k.n.KeyIO           Parsing took 16 ms 
240224     INFO  Test worker     d.u.i.k.n.KeyIO           MODE: declarations took 0 ms 
240224     INFO  Test worker     d.u.i.k.n.ExprTest        Term: Z(2(4(#))) 
240255     INFO  Test worker     d.u.i.k.n.KeyIO           Parsing took 16 ms 
240255     INFO  Test worker     d.u.i.k.n.KeyIO           MODE: declarations took 0 ms 
240255     INFO  Test worker     d.u.i.k.n.ExprTest        Term: Z(neglit(5(#))) 
240317     INFO  Test worker     d.u.i.k.n.KeyIO           Parsing took 62 ms 
240317     INFO  Test worker     d.u.i.k.n.KeyIO           MODE: declarations took 0 ms 
240333     INFO  Test worker     d.u.i.k.n.ExprTest        Term: equals(add(Z(1(#)),Z(1(#))),Z(2(#))) 
240364     INFO  Test worker     d.u.i.k.n.KeyIO           Parsing took 15 ms 
240364     INFO  Test worker     d.u.i.k.n.KeyIO           MODE: declarations took 0 ms 
240364     INFO  Test worker     d.u.i.k.n.ExprTest        Term: if-then-else(equals(Z(3(#)),Z(4(#))),Z(1(#)),Z(2(#))) 
240396     INFO  Test worker     d.u.i.k.n.KeyIO           Parsing took 16 ms 
240396     INFO  Test worker     d.u.i.k.n.KeyIO           MODE: declarations took 0 ms 
240396     INFO  Test worker     d.u.i.k.n.ExprTest        Term: if-then-else(and(equals(Z(3(#)),Z(4(#))),equals(Z(1(#)),Z(1(#)))),if-then-else(equals(Z(3(#)),Z(4(#))),Z(1(#)),Z(2(#))),Z(2(#))) 
240411     INFO  Test worker     d.u.i.k.n.KeyIO           Parsing took 15 ms 
240411     INFO  Test worker     d.u.i.k.n.KeyIO           MODE: declarations took 0 ms 
240427     INFO  Test worker     d.u.i.k.n.ExprTest        Term: add(aa,mul(bb,cc)) 
240442     INFO  Test worker     d.u.i.k.n.KeyIO           Parsing took 15 ms 
240442     INFO  Test worker     d.u.i.k.n.KeyIO           MODE: declarations took 0 ms 
240442     INFO  Test worker     d.u.i.k.n.ExprTest        Term: lt(mul(mod(aa,bb),cc),Z(neglit(3(2(1(#)))))) 
240458     INFO  Test worker     d.u.i.k.n.KeyIO           Parsing took 16 ms 
240458     INFO  Test worker     d.u.i.k.n.KeyIO           MODE: declarations took 0 ms 
240458     INFO  Test worker     d.u.i.k.n.ExprTest        Term: all{x:int}(true) 
240474     INFO  Test worker     d.u.i.k.n.KeyIO           Parsing took 0 ms 
240489     INFO  Test worker     d.u.i.k.n.KeyIO           MODE: declarations took 0 ms 
240489     INFO  Test worker     d.u.i.k.n.ExprTest        Term: all{x:numbers}(equals(x,x)) 
240505     INFO  Test worker     d.u.i.k.n.KeyIO           Parsing took 16 ms 
240505     INFO  Test worker     d.u.i.k.n.KeyIO           MODE: declarations took 0 ms 
240505     INFO  Test worker     d.u.i.k.n.ExprTest        Term: add(int::cast(Z(3(#))),Z(2(#))) 
240536     INFO  Test worker     d.u.i.k.n.KeyIO           Parsing took 15 ms 
240536     INFO  Test worker     d.u.i.k.n.KeyIO           MODE: declarations took 0 ms 
240536     INFO  Test worker     d.u.i.k.n.ExprTest        Term: equals(addFloat(FP(6(1(2(3(5(3(5(6(0(1(#))))))))))),FP(6(1(2(3(5(3(5(6(0(1(#)))))))))))),mulFloat(FP(4(2(8(1(4(7(3(7(0(1(#))))))))))),subFloat(FP(4(2(8(1(4(7(3(7(0(1(#))))))))))),FP(6(1(2(3(5(3(5(6(0(1(#)))))))))))))) 
240552     INFO  Test worker     d.u.i.k.n.KeyIO           Parsing took 0 ms 
240567     INFO  Test worker     d.u.i.k.n.KeyIO           MODE: declarations took 0 ms 
240567     INFO  Test worker     d.u.i.k.n.ExprTest        Term: leqDouble(addDouble(DFP(8(0(4(7(1(0(0(0(8(8(1(4(2(8(1(7(0(6(4(#)))))))))))))))))))),DFP(8(0(4(7(1(0(0(0(8(8(1(4(2(8(1(7(0(6(4(#))))))))))))))))))))),mulDouble(DFP(4(8(7(6(0(0(2(8(9(0(9(8(0(4(2(1(4(6(4(#)))))))))))))))))))),DFP(5(7(6(7(8(0(4(0(3(9(2(2(8(1(9(6(7(5(4(#)))))))))))))))))))))) 
240583     INFO  Test worker     d.u.i.k.n.KeyIO           Parsing took 0 ms 
240599     INFO  Test worker     d.u.i.k.n.KeyIO           MODE: declarations took 0 ms 
240599     INFO  Test worker     d.u.i.k.n.ExprTest        Term: leqFloat(FP(6(1(2(3(5(3(5(6(0(1(#))))))))))),FP(4(2(8(1(4(7(3(7(0(1(#)))))))))))) 
240646     INFO  Test worker     d.u.i.k.n.KeyIO           Parsing took 47 ms 
240646     INFO  Test worker     d.u.i.k.n.KeyIO           MODE: declarations took 0 ms 
240646     INFO  Test worker     d.u.i.k.n.ExprTest        Term: gtDouble(DFP(4(0(9(7(8(3(7(2(4(8(1(0(6(8(6(1(1(6(4(#)))))))))))))))))))),DFP(8(0(4(7(1(0(0(0(8(8(1(4(2(8(1(7(0(6(4(#))))))))))))))))))))) 
240661     INFO  Test worker     d.u.i.k.n.KeyIO           Parsing took 15 ms 
240661     INFO  Test worker     d.u.i.k.n.KeyIO           MODE: declarations took 0 ms 
240661     INFO  Test worker     d.u.i.k.n.ExprTest        Term: seqConcat(seqEmpty,seqEmpty) 
]]></system-out>
  <system-err><![CDATA[]]></system-err>
</testsuite>
