<?xml version="1.0" encoding="UTF-8"?>
<testsuite name="de.uka.ilkd.key.logic.TestClashFreeSubst" tests="14" skipped="2" failures="0" errors="0" timestamp="2023-04-17T07:42:48" hostname="fv-az1230-283" time="63.946">
  <properties/>
  <testcase name="testMultiShareBound()" classname="de.uka.ilkd.key.logic.TestClashFreeSubst" time="1.603"/>
  <testcase name="testClash()" classname="de.uka.ilkd.key.logic.TestClashFreeSubst" time="1.173"/>
  <testcase name="testShare()" classname="de.uka.ilkd.key.logic.TestClashFreeSubst" time="1.179"/>
  <testcase name="testSubst()" classname="de.uka.ilkd.key.logic.TestClashFreeSubst" time="1.362"/>
  <testcase name="testWary0()" classname="de.uka.ilkd.key.logic.TestClashFreeSubst" time="1.392"/>
  <testcase name="testWary1()" classname="de.uka.ilkd.key.logic.TestClashFreeSubst" time="1.361"/>
  <testcase name="testWary2()" classname="de.uka.ilkd.key.logic.TestClashFreeSubst" time="1.111"/>
  <testcase name="testClashInSubstTerm()" classname="de.uka.ilkd.key.logic.TestClashFreeSubst" time="1.147"/>
  <testcase name="testShareWary()" classname="de.uka.ilkd.key.logic.TestClashFreeSubst" time="1.125"/>
  <testcase name="testMultiSubst()" classname="de.uka.ilkd.key.logic.TestClashFreeSubst" time="1.234"/>
  <testcase name="xtestMultiClash()" classname="de.uka.ilkd.key.logic.TestClashFreeSubst" time="0.0">
    <skipped/>
  </testcase>
  <testcase name="testSubstInSubstTerm()" classname="de.uka.ilkd.key.logic.TestClashFreeSubst" time="0.981"/>
  <testcase name="testSubstWary()" classname="de.uka.ilkd.key.logic.TestClashFreeSubst" time="0.997"/>
  <testcase name="xtestMultiClash1()" classname="de.uka.ilkd.key.logic.TestClashFreeSubst" time="0.0">
    <skipped/>
  </testcase>
  <system-out><![CDATA[45803      INFO  Test worker     d.u.i.k.n.KeyIO           Parsing took 0 ms 
45803      INFO  Test worker     d.u.i.k.n.KeyIO           MODE: declarations took 0 ms 
47393      INFO  Test worker     d.u.i.k.n.KeyIO           Parsing took 0 ms 
47393      INFO  Test worker     d.u.i.k.n.KeyIO           MODE: declarations took 0 ms 
51282      INFO  Test worker     d.u.i.k.n.KeyIO           Parsing took 0 ms 
51282      INFO  Test worker     d.u.i.k.n.KeyIO           MODE: declarations took 0 ms 
52439      INFO  Test worker     d.u.i.k.n.KeyIO           Parsing took 0 ms 
52439      INFO  Test worker     d.u.i.k.n.KeyIO           MODE: declarations took 0 ms 
56372      INFO  Test worker     d.u.i.k.n.KeyIO           Parsing took 0 ms 
56387      INFO  Test worker     d.u.i.k.n.KeyIO           MODE: declarations took 0 ms 
57500      INFO  Test worker     d.u.i.k.n.KeyIO           Parsing took 0 ms 
57500      INFO  Test worker     d.u.i.k.n.KeyIO           MODE: declarations took 0 ms 
61512      INFO  Test worker     d.u.i.k.n.KeyIO           Parsing took 0 ms 
61512      INFO  Test worker     d.u.i.k.n.KeyIO           MODE: declarations took 0 ms 
62851      INFO  Test worker     d.u.i.k.n.KeyIO           Parsing took 0 ms 
62851      INFO  Test worker     d.u.i.k.n.KeyIO           MODE: declarations took 0 ms 
67327      INFO  Test worker     d.u.i.k.n.KeyIO           Parsing took 0 ms 
67327      INFO  Test worker     d.u.i.k.n.KeyIO           MODE: declarations took 0 ms 
68713      INFO  Test worker     d.u.i.k.n.KeyIO           Parsing took 0 ms 
68713      INFO  Test worker     d.u.i.k.n.KeyIO           MODE: declarations took 0 ms 
72788      INFO  Test worker     d.u.i.k.n.KeyIO           Parsing took 0 ms 
72788      INFO  Test worker     d.u.i.k.n.KeyIO           MODE: declarations took 0 ms 
74137      INFO  Test worker     d.u.i.k.n.KeyIO           Parsing took 0 ms 
74137      INFO  Test worker     d.u.i.k.n.KeyIO           MODE: declarations took 0 ms 
78147      INFO  Test worker     d.u.i.k.n.KeyIO           Parsing took 0 ms 
78147      INFO  Test worker     d.u.i.k.n.KeyIO           MODE: declarations took 0 ms 
79246      INFO  Test worker     d.u.i.k.n.KeyIO           Parsing took 0 ms 
79246      INFO  Test worker     d.u.i.k.n.KeyIO           MODE: declarations took 0 ms 
82929      INFO  Test worker     d.u.i.k.n.KeyIO           Parsing took 0 ms 
82929      INFO  Test worker     d.u.i.k.n.KeyIO           MODE: declarations took 0 ms 
84066      INFO  Test worker     d.u.i.k.n.KeyIO           Parsing took 0 ms 
84066      INFO  Test worker     d.u.i.k.n.KeyIO           MODE: declarations took 0 ms 
88029      INFO  Test worker     d.u.i.k.n.KeyIO           Parsing took 0 ms 
88029      INFO  Test worker     d.u.i.k.n.KeyIO           MODE: declarations took 0 ms 
89155      INFO  Test worker     d.u.i.k.n.KeyIO           Parsing took 0 ms 
89155      INFO  Test worker     d.u.i.k.n.KeyIO           MODE: declarations took 0 ms 
93246      INFO  Test worker     d.u.i.k.n.KeyIO           Parsing took 0 ms 
93246      INFO  Test worker     d.u.i.k.n.KeyIO           MODE: declarations took 0 ms 
94473      INFO  Test worker     d.u.i.k.n.KeyIO           Parsing took 0 ms 
94473      INFO  Test worker     d.u.i.k.n.KeyIO           MODE: declarations took 0 ms 
101256     INFO  Test worker     d.u.i.k.n.KeyIO           Parsing took 0 ms 
101256     INFO  Test worker     d.u.i.k.n.KeyIO           MODE: declarations took 0 ms 
102225     INFO  Test worker     d.u.i.k.n.KeyIO           Parsing took 0 ms 
102225     INFO  Test worker     d.u.i.k.n.KeyIO           MODE: declarations took 0 ms 
105546     INFO  Test worker     d.u.i.k.n.KeyIO           Parsing took 0 ms 
105546     INFO  Test worker     d.u.i.k.n.KeyIO           MODE: declarations took 0 ms 
106530     INFO  Test worker     d.u.i.k.n.KeyIO           Parsing took 0 ms 
106530     INFO  Test worker     d.u.i.k.n.KeyIO           MODE: declarations took 0 ms 
]]></system-out>
  <system-err><![CDATA[]]></system-err>
</testsuite>
