<?xml version="1.0" encoding="UTF-8"?>
<testsuite name="de.uka.ilkd.key.parser.TestDeclParser" tests="14" skipped="2" failures="0" errors="0" timestamp="2023-04-17T07:46:16" hostname="fv-az1230-283" time="12.636">
  <properties/>
  <testcase name="testGenericSortDecl1()" classname="de.uka.ilkd.key.parser.TestDeclParser" time="1.122"/>
  <testcase name="testGenericSortDecl2()" classname="de.uka.ilkd.key.parser.TestDeclParser" time="1.072"/>
  <testcase name="testGenericSortDecl3()" classname="de.uka.ilkd.key.parser.TestDeclParser" time="1.006"/>
  <testcase name="testGenericSortDecl4()" classname="de.uka.ilkd.key.parser.TestDeclParser" time="1.054"/>
  <testcase name="testGenericSortDecl5()" classname="de.uka.ilkd.key.parser.TestDeclParser" time="0.0">
    <skipped/>
  </testcase>
  <testcase name="testGenericSortDecl6()" classname="de.uka.ilkd.key.parser.TestDeclParser" time="1.05"/>
  <testcase name="testSortDecl()" classname="de.uka.ilkd.key.parser.TestDeclParser" time="1.008"/>
  <testcase name="testProxySortDecl()" classname="de.uka.ilkd.key.parser.TestDeclParser" time="1.067"/>
  <testcase name="testArrayDecl()" classname="de.uka.ilkd.key.parser.TestDeclParser" time="1.048"/>
  <testcase name="testAmbiguousDecls()" classname="de.uka.ilkd.key.parser.TestDeclParser" time="0.0">
    <skipped/>
  </testcase>
  <testcase name="testHeurDecl()" classname="de.uka.ilkd.key.parser.TestDeclParser" time="1.063"/>
  <testcase name="testFunctionDecl()" classname="de.uka.ilkd.key.parser.TestDeclParser" time="1.015"/>
  <testcase name="testPredicateDecl()" classname="de.uka.ilkd.key.parser.TestDeclParser" time="1.077"/>
  <testcase name="testSVDecl()" classname="de.uka.ilkd.key.parser.TestDeclParser" time="1.049"/>
  <system-out><![CDATA[255108     INFO  Test worker     d.u.i.k.n.KeyIO           Parsing took 0 ms 
255108     INFO  Test worker     d.u.i.k.n.KeyIO           MODE: declarations took 0 ms 
256172     INFO  Test worker     d.u.i.k.n.KeyIO           Parsing took 0 ms 
256172     INFO  Test worker     d.u.i.k.n.KeyIO           MODE: declarations took 0 ms 
257178     INFO  Test worker     d.u.i.k.n.KeyIO           Parsing took 0 ms 
257178     INFO  Test worker     d.u.i.k.n.KeyIO           MODE: declarations took 0 ms 
258242     INFO  Test worker     d.u.i.k.n.KeyIO           Parsing took 0 ms 
258242     INFO  Test worker     d.u.i.k.n.KeyIO           MODE: declarations took 0 ms 
259289     INFO  Test worker     d.u.i.k.n.KeyIO           Parsing took 0 ms 
259289     INFO  Test worker     d.u.i.k.n.KeyIO           MODE: declarations took 0 ms 
260305     INFO  Test worker     d.u.i.k.n.KeyIO           Parsing took 0 ms 
260305     INFO  Test worker     d.u.i.k.n.KeyIO           MODE: declarations took 0 ms 
261369     INFO  Test worker     d.u.i.k.n.KeyIO           Parsing took 15 ms 
261369     INFO  Test worker     d.u.i.k.n.KeyIO           MODE: declarations took 0 ms 
262409     INFO  Test worker     d.u.i.k.n.KeyIO           Parsing took 0 ms 
262409     INFO  Test worker     d.u.i.k.n.KeyIO           MODE: declarations took 0 ms 
263475     INFO  Test worker     d.u.i.k.n.KeyIO           Parsing took 0 ms 
263475     INFO  Test worker     d.u.i.k.n.KeyIO           MODE: declarations took 0 ms 
264496     INFO  Test worker     d.u.i.k.n.KeyIO           Parsing took 0 ms 
264496     INFO  Test worker     d.u.i.k.n.KeyIO           MODE: declarations took 0 ms 
265574     INFO  Test worker     d.u.i.k.n.KeyIO           Parsing took 0 ms 
265574     INFO  Test worker     d.u.i.k.n.KeyIO           MODE: declarations took 0 ms 
266621     INFO  Test worker     d.u.i.k.n.KeyIO           Parsing took 0 ms 
266621     INFO  Test worker     d.u.i.k.n.KeyIO           MODE: declarations took 0 ms 
]]></system-out>
  <system-err><![CDATA[]]></system-err>
</testsuite>
