<?xml version="1.0" encoding="UTF-8"?>
<testsuite name="de.uka.ilkd.key.taclettranslation.TestTacletTranslator" tests="5" skipped="0" failures="0" errors="0" timestamp="2023-04-17T07:57:51" hostname="fv-az1230-283" time="0.024">
  <properties/>
  <testcase name="testPropositional1()" classname="de.uka.ilkd.key.taclettranslation.TestTacletTranslator" time="0.011"/>
  <testcase name="testPropositional2()" classname="de.uka.ilkd.key.taclettranslation.TestTacletTranslator" time="0.004"/>
  <testcase name="testNegativePolarity()" classname="de.uka.ilkd.key.taclettranslation.TestTacletTranslator" time="0.003"/>
  <testcase name="testNoPolarity()" classname="de.uka.ilkd.key.taclettranslation.TestTacletTranslator" time="0.003"/>
  <testcase name="testPositivePolarity()" classname="de.uka.ilkd.key.taclettranslation.TestTacletTranslator" time="0.003"/>
  <system-out><![CDATA[948881     INFO  Test worker     d.u.i.k.n.KeyIO           Parsing took 0 ms 
948881     INFO  Test worker     d.u.i.k.n.KeyIO           MODE: declarations took 0 ms 
948881     INFO  Test worker     d.u.i.k.n.KeyIO           Parsing took 0 ms 
948881     INFO  Test worker     d.u.i.k.n.KeyIO           MODE: declarations took 0 ms 
948881     INFO  Test worker     d.u.i.k.n.KeyIO           Parsing took 0 ms 
948881     INFO  Test worker     d.u.i.k.n.KeyIO           MODE: declarations took 0 ms 
948897     INFO  Test worker     d.u.i.k.n.KeyIO           Parsing took 0 ms 
948897     INFO  Test worker     d.u.i.k.n.KeyIO           MODE: declarations took 0 ms 
948897     INFO  Test worker     d.u.i.k.n.KeyIO           Parsing took 0 ms 
948897     INFO  Test worker     d.u.i.k.n.KeyIO           MODE: declarations took 0 ms 
]]></system-out>
  <system-err><![CDATA[]]></system-err>
</testsuite>
