<?xml version="1.0" encoding="UTF-8"?>
<testsuite name="de.uka.ilkd.key.parser.TestTermParserHeap" tests="39" skipped="0" failures="0" errors="0" timestamp="2023-04-17T07:48:07" hostname="fv-az1230-283" time="125.972">
  <properties/>
  <testcase name="testBracketHeapUpdate()" classname="de.uka.ilkd.key.parser.TestTermParserHeap" time="0.018"/>
  <testcase name="testStore()" classname="de.uka.ilkd.key.parser.TestTermParserHeap" time="0.009"/>
  <testcase name="testUnknownConstant()" classname="de.uka.ilkd.key.parser.TestTermParserHeap" time="0.003"/>
  <testcase name="testAllFieldsSelector()" classname="de.uka.ilkd.key.parser.TestTermParserHeap" time="0.004"/>
  <testcase name="testParsePrettyPrintedSelect()" classname="de.uka.ilkd.key.parser.TestTermParserHeap" time="0.003"/>
  <testcase name="testAccessStaticMembers()" classname="de.uka.ilkd.key.parser.TestTermParserHeap" time="0.121"/>
  <testcase name="testAtOperator_1()" classname="de.uka.ilkd.key.parser.TestTermParserHeap" time="0.003"/>
  <testcase name="testAtOperator_2()" classname="de.uka.ilkd.key.parser.TestTermParserHeap" time="0.003"/>
  <testcase name="testAtOperator_3()" classname="de.uka.ilkd.key.parser.TestTermParserHeap" time="0.002"/>
  <testcase name="testAtOperator_4()" classname="de.uka.ilkd.key.parser.TestTermParserHeap" time="0.025"/>
  <testcase name="testAtOperator_5()" classname="de.uka.ilkd.key.parser.TestTermParserHeap" time="0.007"/>
  <testcase name="testAtOperator_6()" classname="de.uka.ilkd.key.parser.TestTermParserHeap" time="0.003"/>
  <testcase name="testAtOperator_7()" classname="de.uka.ilkd.key.parser.TestTermParserHeap" time="0.004"/>
  <testcase name="testAtOperator_8()" classname="de.uka.ilkd.key.parser.TestTermParserHeap" time="0.006"/>
  <testcase name="testVerifyExceptionIfAtOperatorNotPreceededBySelectTerm()" classname="de.uka.ilkd.key.parser.TestTermParserHeap" time="0.005"/>
  <testcase name="testBugResettingCounter()" classname="de.uka.ilkd.key.parser.TestTermParserHeap" time="0.004"/>
  <testcase name="testLocationSets()" classname="de.uka.ilkd.key.parser.TestTermParserHeap" time="0.006"/>
  <testcase name="testQuantifiedSelect()" classname="de.uka.ilkd.key.parser.TestTermParserHeap" time="0.005"/>
  <testcase name="testGenericObjectProperties()" classname="de.uka.ilkd.key.parser.TestTermParserHeap" time="0.004"/>
  <testcase name="testQueryInheritance_1()" classname="de.uka.ilkd.key.parser.TestTermParserHeap" time="0.003"/>
  <testcase name="testQueryInheritance_2()" classname="de.uka.ilkd.key.parser.TestTermParserHeap" time="0.004"/>
  <testcase name="testQueryInheritance_3()" classname="de.uka.ilkd.key.parser.TestTermParserHeap" time="0.004"/>
  <testcase name="testQueryInheritance_4()" classname="de.uka.ilkd.key.parser.TestTermParserHeap" time="0.003"/>
  <testcase name="testQueryInheritance_5()" classname="de.uka.ilkd.key.parser.TestTermParserHeap" time="0.002"/>
  <testcase name="testQueryInheritance_6()" classname="de.uka.ilkd.key.parser.TestTermParserHeap" time="0.002"/>
  <testcase name="testQueryInheritance_7()" classname="de.uka.ilkd.key.parser.TestTermParserHeap" time="0.003"/>
  <testcase name="testQueryInheritance_8()" classname="de.uka.ilkd.key.parser.TestTermParserHeap" time="0.003"/>
  <testcase name="testQueryInheritance_9()" classname="de.uka.ilkd.key.parser.TestTermParserHeap" time="0.003"/>
  <testcase name="testQueryBasic_10()" classname="de.uka.ilkd.key.parser.TestTermParserHeap" time="0.002"/>
  <testcase name="testQueryBasic_11()" classname="de.uka.ilkd.key.parser.TestTermParserHeap" time="0.003"/>
  <testcase name="testQueryBasic_1()" classname="de.uka.ilkd.key.parser.TestTermParserHeap" time="0.002"/>
  <testcase name="testQueryBasic_2()" classname="de.uka.ilkd.key.parser.TestTermParserHeap" time="0.003"/>
  <testcase name="testQueryBasic_3()" classname="de.uka.ilkd.key.parser.TestTermParserHeap" time="0.005"/>
  <testcase name="testQueryBasic_4()" classname="de.uka.ilkd.key.parser.TestTermParserHeap" time="0.003"/>
  <testcase name="testQueryBasic_5()" classname="de.uka.ilkd.key.parser.TestTermParserHeap" time="0.003"/>
  <testcase name="testQueryBasic_6()" classname="de.uka.ilkd.key.parser.TestTermParserHeap" time="0.003"/>
  <testcase name="testQueryBasic_7()" classname="de.uka.ilkd.key.parser.TestTermParserHeap" time="0.005"/>
  <testcase name="testQueryBasic_8()" classname="de.uka.ilkd.key.parser.TestTermParserHeap" time="0.005"/>
  <testcase name="testQueryBasic_9()" classname="de.uka.ilkd.key.parser.TestTermParserHeap" time="0.002"/>
  <system-out><![CDATA[364449     INFO  Test worker     d.u.i.k.n.KeyIO           Parsing took 0 ms 
364449     INFO  Test worker     d.u.i.k.n.KeyIO           MODE: declarations took 0 ms 
364449     INFO  Test worker     d.u.i.k.n.KeyIO           Parsing took 0 ms 
364449     INFO  Test worker     d.u.i.k.n.KeyIO           MODE: declarations took 0 ms 
364449     INFO  Test worker     d.u.i.k.n.KeyIO           Parsing took 0 ms 
364449     INFO  Test worker     d.u.i.k.n.KeyIO           MODE: declarations took 0 ms 
364449     INFO  Test worker     d.u.i.k.n.KeyIO           Parsing took 0 ms 
364449     INFO  Test worker     d.u.i.k.n.KeyIO           MODE: declarations took 0 ms 
364449     INFO  Test worker     d.u.i.k.n.KeyIO           Parsing took 0 ms 
364449     INFO  Test worker     d.u.i.k.n.KeyIO           MODE: declarations took 0 ms 
367835     INFO  Test worker     d.u.i.k.n.KeyIO           Parsing took 0 ms 
367835     INFO  Test worker     d.u.i.k.n.KeyIO           MODE: declarations took 0 ms 
367835     INFO  Test worker     d.u.i.k.n.KeyIO           Parsing took 0 ms 
367835     INFO  Test worker     d.u.i.k.n.KeyIO           MODE: declarations took 0 ms 
367835     INFO  Test worker     d.u.i.k.n.KeyIO           Parsing took 0 ms 
367835     INFO  Test worker     d.u.i.k.n.KeyIO           MODE: declarations took 0 ms 
367835     INFO  Test worker     d.u.i.k.n.KeyIO           Parsing took 0 ms 
367835     INFO  Test worker     d.u.i.k.n.KeyIO           MODE: declarations took 0 ms 
367835     INFO  Test worker     d.u.i.k.n.KeyIO           Parsing took 0 ms 
367835     INFO  Test worker     d.u.i.k.n.KeyIO           MODE: declarations took 0 ms 
371202     INFO  Test worker     d.u.i.k.n.KeyIO           Parsing took 0 ms 
371202     INFO  Test worker     d.u.i.k.n.KeyIO           MODE: declarations took 0 ms 
371202     INFO  Test worker     d.u.i.k.n.KeyIO           Parsing took 0 ms 
371202     INFO  Test worker     d.u.i.k.n.KeyIO           MODE: declarations took 0 ms 
371202     INFO  Test worker     d.u.i.k.n.KeyIO           Parsing took 0 ms 
371202     INFO  Test worker     d.u.i.k.n.KeyIO           MODE: declarations took 0 ms 
371202     INFO  Test worker     d.u.i.k.n.KeyIO           Parsing took 0 ms 
371202     INFO  Test worker     d.u.i.k.n.KeyIO           MODE: declarations took 0 ms 
371202     INFO  Test worker     d.u.i.k.n.KeyIO           Parsing took 0 ms 
371202     INFO  Test worker     d.u.i.k.n.KeyIO           MODE: declarations took 0 ms 
371202     INFO  Test worker     d.u.i.k.n.KeyIO           Parsing took 0 ms 
371202     INFO  Test worker     d.u.i.k.n.KeyIO           MODE: declarations took 0 ms 
374480     INFO  Test worker     d.u.i.k.n.KeyIO           Parsing took 0 ms 
374480     INFO  Test worker     d.u.i.k.n.KeyIO           MODE: declarations took 0 ms 
374480     INFO  Test worker     d.u.i.k.n.KeyIO           Parsing took 0 ms 
374480     INFO  Test worker     d.u.i.k.n.KeyIO           MODE: declarations took 0 ms 
374480     INFO  Test worker     d.u.i.k.n.KeyIO           Parsing took 0 ms 
374480     INFO  Test worker     d.u.i.k.n.KeyIO           MODE: declarations took 0 ms 
374480     INFO  Test worker     d.u.i.k.n.KeyIO           Parsing took 0 ms 
374480     INFO  Test worker     d.u.i.k.n.KeyIO           MODE: declarations took 0 ms 
374480     INFO  Test worker     d.u.i.k.n.KeyIO           Parsing took 0 ms 
374480     INFO  Test worker     d.u.i.k.n.KeyIO           MODE: declarations took 0 ms 
377885     INFO  Test worker     d.u.i.k.n.KeyIO           Parsing took 0 ms 
377885     INFO  Test worker     d.u.i.k.n.KeyIO           MODE: declarations took 0 ms 
377885     INFO  Test worker     d.u.i.k.n.KeyIO           Parsing took 0 ms 
377885     INFO  Test worker     d.u.i.k.n.KeyIO           MODE: declarations took 0 ms 
377885     INFO  Test worker     d.u.i.k.n.KeyIO           Parsing took 0 ms 
377885     INFO  Test worker     d.u.i.k.n.KeyIO           MODE: declarations took 0 ms 
377885     INFO  Test worker     d.u.i.k.n.KeyIO           Parsing took 0 ms 
377885     INFO  Test worker     d.u.i.k.n.KeyIO           MODE: declarations took 0 ms 
377885     INFO  Test worker     d.u.i.k.n.KeyIO           Parsing took 0 ms 
377885     INFO  Test worker     d.u.i.k.n.KeyIO           MODE: declarations took 0 ms 
381258     INFO  Test worker     d.u.i.k.n.KeyIO           Parsing took 0 ms 
381258     INFO  Test worker     d.u.i.k.n.KeyIO           MODE: declarations took 0 ms 
381258     INFO  Test worker     d.u.i.k.n.KeyIO           Parsing took 0 ms 
381258     INFO  Test worker     d.u.i.k.n.KeyIO           MODE: declarations took 0 ms 
381258     INFO  Test worker     d.u.i.k.n.KeyIO           Parsing took 0 ms 
381258     INFO  Test worker     d.u.i.k.n.KeyIO           MODE: declarations took 0 ms 
381258     INFO  Test worker     d.u.i.k.n.KeyIO           Parsing took 0 ms 
381275     INFO  Test worker     d.u.i.k.n.KeyIO           MODE: declarations took 0 ms 
381275     INFO  Test worker     d.u.i.k.n.KeyIO           Parsing took 0 ms 
381320     INFO  Test worker     d.u.i.k.n.KeyIO           MODE: declarations took 0 ms 
384783     INFO  Test worker     d.u.i.k.n.KeyIO           Parsing took 0 ms 
384783     INFO  Test worker     d.u.i.k.n.KeyIO           MODE: declarations took 0 ms 
384783     INFO  Test worker     d.u.i.k.n.KeyIO           Parsing took 0 ms 
384783     INFO  Test worker     d.u.i.k.n.KeyIO           MODE: declarations took 0 ms 
384783     INFO  Test worker     d.u.i.k.n.KeyIO           Parsing took 0 ms 
384783     INFO  Test worker     d.u.i.k.n.KeyIO           MODE: declarations took 0 ms 
384783     INFO  Test worker     d.u.i.k.n.KeyIO           Parsing took 0 ms 
384783     INFO  Test worker     d.u.i.k.n.KeyIO           MODE: declarations took 0 ms 
384783     INFO  Test worker     d.u.i.k.n.KeyIO           Parsing took 0 ms 
384783     INFO  Test worker     d.u.i.k.n.KeyIO           MODE: declarations took 0 ms 
388135     INFO  Test worker     d.u.i.k.n.KeyIO           Parsing took 0 ms 
388135     INFO  Test worker     d.u.i.k.n.KeyIO           MODE: declarations took 0 ms 
388135     INFO  Test worker     d.u.i.k.n.KeyIO           Parsing took 0 ms 
388135     INFO  Test worker     d.u.i.k.n.KeyIO           MODE: declarations took 0 ms 
388135     INFO  Test worker     d.u.i.k.n.KeyIO           Parsing took 0 ms 
388135     INFO  Test worker     d.u.i.k.n.KeyIO           MODE: declarations took 0 ms 
388135     INFO  Test worker     d.u.i.k.n.KeyIO           Parsing took 0 ms 
388135     INFO  Test worker     d.u.i.k.n.KeyIO           MODE: declarations took 0 ms 
388135     INFO  Test worker     d.u.i.k.n.KeyIO           Parsing took 0 ms 
388135     INFO  Test worker     d.u.i.k.n.KeyIO           MODE: declarations took 0 ms 
391442     INFO  Test worker     d.u.i.k.n.KeyIO           Parsing took 0 ms 
391442     INFO  Test worker     d.u.i.k.n.KeyIO           MODE: declarations took 0 ms 
391442     INFO  Test worker     d.u.i.k.n.KeyIO           Parsing took 0 ms 
391442     INFO  Test worker     d.u.i.k.n.KeyIO           MODE: declarations took 0 ms 
391442     INFO  Test worker     d.u.i.k.n.KeyIO           Parsing took 0 ms 
391442     INFO  Test worker     d.u.i.k.n.KeyIO           MODE: declarations took 0 ms 
391442     INFO  Test worker     d.u.i.k.n.KeyIO           Parsing took 0 ms 
391442     INFO  Test worker     d.u.i.k.n.KeyIO           MODE: declarations took 0 ms 
391442     INFO  Test worker     d.u.i.k.n.KeyIO           Parsing took 0 ms 
391442     INFO  Test worker     d.u.i.k.n.KeyIO           MODE: declarations took 0 ms 
394775     INFO  Test worker     d.u.i.k.n.KeyIO           Parsing took 0 ms 
394775     INFO  Test worker     d.u.i.k.n.KeyIO           MODE: declarations took 0 ms 
394775     INFO  Test worker     d.u.i.k.n.KeyIO           Parsing took 0 ms 
394775     INFO  Test worker     d.u.i.k.n.KeyIO           MODE: declarations took 0 ms 
394790     INFO  Test worker     d.u.i.k.n.KeyIO           Parsing took 0 ms 
394790     INFO  Test worker     d.u.i.k.n.KeyIO           MODE: declarations took 0 ms 
394790     INFO  Test worker     d.u.i.k.n.KeyIO           Parsing took 0 ms 
394790     INFO  Test worker     d.u.i.k.n.KeyIO           MODE: declarations took 0 ms 
394790     INFO  Test worker     d.u.i.k.n.KeyIO           Parsing took 0 ms 
394790     INFO  Test worker     d.u.i.k.n.KeyIO           MODE: declarations took 0 ms 
398143     INFO  Test worker     d.u.i.k.n.KeyIO           Parsing took 0 ms 
398143     INFO  Test worker     d.u.i.k.n.KeyIO           MODE: declarations took 0 ms 
398143     INFO  Test worker     d.u.i.k.n.KeyIO           Parsing took 0 ms 
398143     INFO  Test worker     d.u.i.k.n.KeyIO           MODE: declarations took 0 ms 
398143     INFO  Test worker     d.u.i.k.n.KeyIO           Parsing took 0 ms 
398143     INFO  Test worker     d.u.i.k.n.KeyIO           MODE: declarations took 0 ms 
398143     INFO  Test worker     d.u.i.k.n.KeyIO           Parsing took 0 ms 
398143     INFO  Test worker     d.u.i.k.n.KeyIO           MODE: declarations took 0 ms 
398143     INFO  Test worker     d.u.i.k.n.KeyIO           Parsing took 0 ms 
398143     INFO  Test worker     d.u.i.k.n.KeyIO           MODE: declarations took 0 ms 
401495     INFO  Test worker     d.u.i.k.n.KeyIO           Parsing took 0 ms 
401495     INFO  Test worker     d.u.i.k.n.KeyIO           MODE: declarations took 0 ms 
401495     INFO  Test worker     d.u.i.k.n.KeyIO           Parsing took 0 ms 
401495     INFO  Test worker     d.u.i.k.n.KeyIO           MODE: declarations took 0 ms 
401495     INFO  Test worker     d.u.i.k.n.KeyIO           Parsing took 0 ms 
401495     INFO  Test worker     d.u.i.k.n.KeyIO           MODE: declarations took 0 ms 
401495     INFO  Test worker     d.u.i.k.n.KeyIO           Parsing took 0 ms 
401495     INFO  Test worker     d.u.i.k.n.KeyIO           MODE: declarations took 0 ms 
401495     INFO  Test worker     d.u.i.k.n.KeyIO           Parsing took 0 ms 
401495     INFO  Test worker     d.u.i.k.n.KeyIO           MODE: declarations took 0 ms 
404785     INFO  Test worker     d.u.i.k.n.KeyIO           Parsing took 0 ms 
404785     INFO  Test worker     d.u.i.k.n.KeyIO           MODE: declarations took 0 ms 
404785     INFO  Test worker     d.u.i.k.n.KeyIO           Parsing took 0 ms 
404785     INFO  Test worker     d.u.i.k.n.KeyIO           MODE: declarations took 0 ms 
404785     INFO  Test worker     d.u.i.k.n.KeyIO           Parsing took 0 ms 
404785     INFO  Test worker     d.u.i.k.n.KeyIO           MODE: declarations took 0 ms 
404785     INFO  Test worker     d.u.i.k.n.KeyIO           Parsing took 0 ms 
404785     INFO  Test worker     d.u.i.k.n.KeyIO           MODE: declarations took 0 ms 
404785     INFO  Test worker     d.u.i.k.n.KeyIO           Parsing took 0 ms 
404785     INFO  Test worker     d.u.i.k.n.KeyIO           MODE: declarations took 0 ms 
408099     INFO  Test worker     d.u.i.k.n.KeyIO           Parsing took 0 ms 
408114     INFO  Test worker     d.u.i.k.n.KeyIO           MODE: declarations took 15 ms 
408114     INFO  Test worker     d.u.i.k.n.KeyIO           Parsing took 0 ms 
408114     INFO  Test worker     d.u.i.k.n.KeyIO           MODE: declarations took 0 ms 
408114     INFO  Test worker     d.u.i.k.n.KeyIO           Parsing took 0 ms 
408114     INFO  Test worker     d.u.i.k.n.KeyIO           MODE: declarations took 0 ms 
408114     INFO  Test worker     d.u.i.k.n.KeyIO           Parsing took 0 ms 
408114     INFO  Test worker     d.u.i.k.n.KeyIO           MODE: declarations took 0 ms 
408114     INFO  Test worker     d.u.i.k.n.KeyIO           Parsing took 0 ms 
408114     INFO  Test worker     d.u.i.k.n.KeyIO           MODE: declarations took 0 ms 
411428     INFO  Test worker     d.u.i.k.n.KeyIO           Parsing took 0 ms 
411428     INFO  Test worker     d.u.i.k.n.KeyIO           MODE: declarations took 0 ms 
411428     INFO  Test worker     d.u.i.k.n.KeyIO           Parsing took 0 ms 
411428     INFO  Test worker     d.u.i.k.n.KeyIO           MODE: declarations took 0 ms 
411428     INFO  Test worker     d.u.i.k.n.KeyIO           Parsing took 0 ms 
411428     INFO  Test worker     d.u.i.k.n.KeyIO           MODE: declarations took 0 ms 
411428     INFO  Test worker     d.u.i.k.n.KeyIO           Parsing took 0 ms 
411428     INFO  Test worker     d.u.i.k.n.KeyIO           MODE: declarations took 0 ms 
411428     INFO  Test worker     d.u.i.k.n.KeyIO           Parsing took 0 ms 
411428     INFO  Test worker     d.u.i.k.n.KeyIO           MODE: declarations took 0 ms 
411444     WARN  Test worker     d.u.i.k.n.KeYParser       [syntax-error] <unknown>:1:11: mismatched input '@' expecting {'/', ':=', '.', '(', ')', '{', '[', '@', PARALLEL, OR, AND, IMP, '=', NOT_EQUALS, '%', '*', '-', '+', '>', GREATEREQUAL, '<', LESSEQUAL, LGUILLEMETS, EQV} [@11,11:11='@',<153>,1:11] (termEOF) 
414705     INFO  Test worker     d.u.i.k.n.KeyIO           Parsing took 0 ms 
414705     INFO  Test worker     d.u.i.k.n.KeyIO           MODE: declarations took 0 ms 
414705     INFO  Test worker     d.u.i.k.n.KeyIO           Parsing took 0 ms 
414705     INFO  Test worker     d.u.i.k.n.KeyIO           MODE: declarations took 0 ms 
414705     INFO  Test worker     d.u.i.k.n.KeyIO           Parsing took 0 ms 
414705     INFO  Test worker     d.u.i.k.n.KeyIO           MODE: declarations took 0 ms 
414705     INFO  Test worker     d.u.i.k.n.KeyIO           Parsing took 0 ms 
414705     INFO  Test worker     d.u.i.k.n.KeyIO           MODE: declarations took 0 ms 
414705     INFO  Test worker     d.u.i.k.n.KeyIO           Parsing took 0 ms 
414705     INFO  Test worker     d.u.i.k.n.KeyIO           MODE: declarations took 0 ms 
417959     INFO  Test worker     d.u.i.k.n.KeyIO           Parsing took 0 ms 
417959     INFO  Test worker     d.u.i.k.n.KeyIO           MODE: declarations took 0 ms 
417959     INFO  Test worker     d.u.i.k.n.KeyIO           Parsing took 0 ms 
417959     INFO  Test worker     d.u.i.k.n.KeyIO           MODE: declarations took 0 ms 
417959     INFO  Test worker     d.u.i.k.n.KeyIO           Parsing took 0 ms 
417959     INFO  Test worker     d.u.i.k.n.KeyIO           MODE: declarations took 0 ms 
417959     INFO  Test worker     d.u.i.k.n.KeyIO           Parsing took 0 ms 
417959     INFO  Test worker     d.u.i.k.n.KeyIO           MODE: declarations took 0 ms 
417959     INFO  Test worker     d.u.i.k.n.KeyIO           Parsing took 0 ms 
417959     INFO  Test worker     d.u.i.k.n.KeyIO           MODE: declarations took 0 ms 
421262     INFO  Test worker     d.u.i.k.n.KeyIO           Parsing took 0 ms 
421262     INFO  Test worker     d.u.i.k.n.KeyIO           MODE: declarations took 0 ms 
421262     INFO  Test worker     d.u.i.k.n.KeyIO           Parsing took 0 ms 
421262     INFO  Test worker     d.u.i.k.n.KeyIO           MODE: declarations took 0 ms 
421262     INFO  Test worker     d.u.i.k.n.KeyIO           Parsing took 0 ms 
421262     INFO  Test worker     d.u.i.k.n.KeyIO           MODE: declarations took 0 ms 
421262     INFO  Test worker     d.u.i.k.n.KeyIO           Parsing took 0 ms 
421262     INFO  Test worker     d.u.i.k.n.KeyIO           MODE: declarations took 0 ms 
421262     INFO  Test worker     d.u.i.k.n.KeyIO           Parsing took 0 ms 
421262     INFO  Test worker     d.u.i.k.n.KeyIO           MODE: declarations took 0 ms 
424574     INFO  Test worker     d.u.i.k.n.KeyIO           Parsing took 0 ms 
424574     INFO  Test worker     d.u.i.k.n.KeyIO           MODE: declarations took 0 ms 
424574     INFO  Test worker     d.u.i.k.n.KeyIO           Parsing took 0 ms 
424574     INFO  Test worker     d.u.i.k.n.KeyIO           MODE: declarations took 0 ms 
424574     INFO  Test worker     d.u.i.k.n.KeyIO           Parsing took 0 ms 
424574     INFO  Test worker     d.u.i.k.n.KeyIO           MODE: declarations took 0 ms 
424574     INFO  Test worker     d.u.i.k.n.KeyIO           Parsing took 0 ms 
424574     INFO  Test worker     d.u.i.k.n.KeyIO           MODE: declarations took 0 ms 
424574     INFO  Test worker     d.u.i.k.n.KeyIO           Parsing took 0 ms 
424574     INFO  Test worker     d.u.i.k.n.KeyIO           MODE: declarations took 0 ms 
427908     INFO  Test worker     d.u.i.k.n.KeyIO           Parsing took 0 ms 
427908     INFO  Test worker     d.u.i.k.n.KeyIO           MODE: declarations took 0 ms 
427908     INFO  Test worker     d.u.i.k.n.KeyIO           Parsing took 0 ms 
427908     INFO  Test worker     d.u.i.k.n.KeyIO           MODE: declarations took 0 ms 
427908     INFO  Test worker     d.u.i.k.n.KeyIO           Parsing took 0 ms 
427908     INFO  Test worker     d.u.i.k.n.KeyIO           MODE: declarations took 0 ms 
427908     INFO  Test worker     d.u.i.k.n.KeyIO           Parsing took 0 ms 
427908     INFO  Test worker     d.u.i.k.n.KeyIO           MODE: declarations took 0 ms 
427908     INFO  Test worker     d.u.i.k.n.KeyIO           Parsing took 0 ms 
427908     INFO  Test worker     d.u.i.k.n.KeyIO           MODE: declarations took 0 ms 
431216     INFO  Test worker     d.u.i.k.n.KeyIO           Parsing took 0 ms 
431216     INFO  Test worker     d.u.i.k.n.KeyIO           MODE: declarations took 0 ms 
431216     INFO  Test worker     d.u.i.k.n.KeyIO           Parsing took 0 ms 
431216     INFO  Test worker     d.u.i.k.n.KeyIO           MODE: declarations took 0 ms 
431216     INFO  Test worker     d.u.i.k.n.KeyIO           Parsing took 0 ms 
431216     INFO  Test worker     d.u.i.k.n.KeyIO           MODE: declarations took 0 ms 
431216     INFO  Test worker     d.u.i.k.n.KeyIO           Parsing took 0 ms 
431216     INFO  Test worker     d.u.i.k.n.KeyIO           MODE: declarations took 0 ms 
431216     INFO  Test worker     d.u.i.k.n.KeyIO           Parsing took 0 ms 
431216     INFO  Test worker     d.u.i.k.n.KeyIO           MODE: declarations took 0 ms 
434535     INFO  Test worker     d.u.i.k.n.KeyIO           Parsing took 0 ms 
434535     INFO  Test worker     d.u.i.k.n.KeyIO           MODE: declarations took 0 ms 
434535     INFO  Test worker     d.u.i.k.n.KeyIO           Parsing took 0 ms 
434535     INFO  Test worker     d.u.i.k.n.KeyIO           MODE: declarations took 0 ms 
434535     INFO  Test worker     d.u.i.k.n.KeyIO           Parsing took 0 ms 
434535     INFO  Test worker     d.u.i.k.n.KeyIO           MODE: declarations took 0 ms 
434535     INFO  Test worker     d.u.i.k.n.KeyIO           Parsing took 0 ms 
434535     INFO  Test worker     d.u.i.k.n.KeyIO           MODE: declarations took 0 ms 
434535     INFO  Test worker     d.u.i.k.n.KeyIO           Parsing took 0 ms 
434535     INFO  Test worker     d.u.i.k.n.KeyIO           MODE: declarations took 0 ms 
437867     INFO  Test worker     d.u.i.k.n.KeyIO           Parsing took 0 ms 
437867     INFO  Test worker     d.u.i.k.n.KeyIO           MODE: declarations took 0 ms 
437867     INFO  Test worker     d.u.i.k.n.KeyIO           Parsing took 0 ms 
437867     INFO  Test worker     d.u.i.k.n.KeyIO           MODE: declarations took 0 ms 
437867     INFO  Test worker     d.u.i.k.n.KeyIO           Parsing took 0 ms 
437867     INFO  Test worker     d.u.i.k.n.KeyIO           MODE: declarations took 0 ms 
437867     INFO  Test worker     d.u.i.k.n.KeyIO           Parsing took 0 ms 
437867     INFO  Test worker     d.u.i.k.n.KeyIO           MODE: declarations took 0 ms 
437867     INFO  Test worker     d.u.i.k.n.KeyIO           Parsing took 0 ms 
437867     INFO  Test worker     d.u.i.k.n.KeyIO           MODE: declarations took 0 ms 
441192     INFO  Test worker     d.u.i.k.n.KeyIO           Parsing took 0 ms 
441192     INFO  Test worker     d.u.i.k.n.KeyIO           MODE: declarations took 0 ms 
441192     INFO  Test worker     d.u.i.k.n.KeyIO           Parsing took 0 ms 
441192     INFO  Test worker     d.u.i.k.n.KeyIO           MODE: declarations took 0 ms 
441192     INFO  Test worker     d.u.i.k.n.KeyIO           Parsing took 0 ms 
441192     INFO  Test worker     d.u.i.k.n.KeyIO           MODE: declarations took 0 ms 
441192     INFO  Test worker     d.u.i.k.n.KeyIO           Parsing took 0 ms 
441192     INFO  Test worker     d.u.i.k.n.KeyIO           MODE: declarations took 0 ms 
441192     INFO  Test worker     d.u.i.k.n.KeyIO           Parsing took 0 ms 
441192     INFO  Test worker     d.u.i.k.n.KeyIO           MODE: declarations took 0 ms 
444493     INFO  Test worker     d.u.i.k.n.KeyIO           Parsing took 0 ms 
444493     INFO  Test worker     d.u.i.k.n.KeyIO           MODE: declarations took 0 ms 
444493     INFO  Test worker     d.u.i.k.n.KeyIO           Parsing took 0 ms 
444493     INFO  Test worker     d.u.i.k.n.KeyIO           MODE: declarations took 0 ms 
444493     INFO  Test worker     d.u.i.k.n.KeyIO           Parsing took 0 ms 
444493     INFO  Test worker     d.u.i.k.n.KeyIO           MODE: declarations took 0 ms 
444493     INFO  Test worker     d.u.i.k.n.KeyIO           Parsing took 0 ms 
444493     INFO  Test worker     d.u.i.k.n.KeyIO           MODE: declarations took 0 ms 
444493     INFO  Test worker     d.u.i.k.n.KeyIO           Parsing took 0 ms 
444493     INFO  Test worker     d.u.i.k.n.KeyIO           MODE: declarations took 0 ms 
447755     INFO  Test worker     d.u.i.k.n.KeyIO           Parsing took 0 ms 
447755     INFO  Test worker     d.u.i.k.n.KeyIO           MODE: declarations took 0 ms 
447755     INFO  Test worker     d.u.i.k.n.KeyIO           Parsing took 0 ms 
447755     INFO  Test worker     d.u.i.k.n.KeyIO           MODE: declarations took 0 ms 
447755     INFO  Test worker     d.u.i.k.n.KeyIO           Parsing took 0 ms 
447755     INFO  Test worker     d.u.i.k.n.KeyIO           MODE: declarations took 0 ms 
447755     INFO  Test worker     d.u.i.k.n.KeyIO           Parsing took 0 ms 
447755     INFO  Test worker     d.u.i.k.n.KeyIO           MODE: declarations took 0 ms 
447755     INFO  Test worker     d.u.i.k.n.KeyIO           Parsing took 0 ms 
447755     INFO  Test worker     d.u.i.k.n.KeyIO           MODE: declarations took 0 ms 
451054     INFO  Test worker     d.u.i.k.n.KeyIO           Parsing took 0 ms 
451054     INFO  Test worker     d.u.i.k.n.KeyIO           MODE: declarations took 0 ms 
451054     INFO  Test worker     d.u.i.k.n.KeyIO           Parsing took 0 ms 
451054     INFO  Test worker     d.u.i.k.n.KeyIO           MODE: declarations took 0 ms 
451054     INFO  Test worker     d.u.i.k.n.KeyIO           Parsing took 0 ms 
451054     INFO  Test worker     d.u.i.k.n.KeyIO           MODE: declarations took 0 ms 
451054     INFO  Test worker     d.u.i.k.n.KeyIO           Parsing took 0 ms 
451054     INFO  Test worker     d.u.i.k.n.KeyIO           MODE: declarations took 0 ms 
451054     INFO  Test worker     d.u.i.k.n.KeyIO           Parsing took 0 ms 
451054     INFO  Test worker     d.u.i.k.n.KeyIO           MODE: declarations took 0 ms 
454347     INFO  Test worker     d.u.i.k.n.KeyIO           Parsing took 0 ms 
454347     INFO  Test worker     d.u.i.k.n.KeyIO           MODE: declarations took 0 ms 
454347     INFO  Test worker     d.u.i.k.n.KeyIO           Parsing took 0 ms 
454347     INFO  Test worker     d.u.i.k.n.KeyIO           MODE: declarations took 0 ms 
454347     INFO  Test worker     d.u.i.k.n.KeyIO           Parsing took 0 ms 
454347     INFO  Test worker     d.u.i.k.n.KeyIO           MODE: declarations took 0 ms 
454347     INFO  Test worker     d.u.i.k.n.KeyIO           Parsing took 0 ms 
454347     INFO  Test worker     d.u.i.k.n.KeyIO           MODE: declarations took 0 ms 
454347     INFO  Test worker     d.u.i.k.n.KeyIO           Parsing took 0 ms 
454347     INFO  Test worker     d.u.i.k.n.KeyIO           MODE: declarations took 0 ms 
457625     INFO  Test worker     d.u.i.k.n.KeyIO           Parsing took 0 ms 
457625     INFO  Test worker     d.u.i.k.n.KeyIO           MODE: declarations took 0 ms 
457625     INFO  Test worker     d.u.i.k.n.KeyIO           Parsing took 0 ms 
457625     INFO  Test worker     d.u.i.k.n.KeyIO           MODE: declarations took 0 ms 
457625     INFO  Test worker     d.u.i.k.n.KeyIO           Parsing took 0 ms 
457625     INFO  Test worker     d.u.i.k.n.KeyIO           MODE: declarations took 0 ms 
457625     INFO  Test worker     d.u.i.k.n.KeyIO           Parsing took 0 ms 
457625     INFO  Test worker     d.u.i.k.n.KeyIO           MODE: declarations took 0 ms 
457625     INFO  Test worker     d.u.i.k.n.KeyIO           Parsing took 0 ms 
457625     INFO  Test worker     d.u.i.k.n.KeyIO           MODE: declarations took 0 ms 
460951     INFO  Test worker     d.u.i.k.n.KeyIO           Parsing took 0 ms 
460951     INFO  Test worker     d.u.i.k.n.KeyIO           MODE: declarations took 0 ms 
460951     INFO  Test worker     d.u.i.k.n.KeyIO           Parsing took 0 ms 
460951     INFO  Test worker     d.u.i.k.n.KeyIO           MODE: declarations took 0 ms 
460951     INFO  Test worker     d.u.i.k.n.KeyIO           Parsing took 0 ms 
460951     INFO  Test worker     d.u.i.k.n.KeyIO           MODE: declarations took 0 ms 
460951     INFO  Test worker     d.u.i.k.n.KeyIO           Parsing took 0 ms 
460951     INFO  Test worker     d.u.i.k.n.KeyIO           MODE: declarations took 0 ms 
460951     INFO  Test worker     d.u.i.k.n.KeyIO           Parsing took 0 ms 
460951     INFO  Test worker     d.u.i.k.n.KeyIO           MODE: declarations took 0 ms 
464213     INFO  Test worker     d.u.i.k.n.KeyIO           Parsing took 0 ms 
464213     INFO  Test worker     d.u.i.k.n.KeyIO           MODE: declarations took 0 ms 
464213     INFO  Test worker     d.u.i.k.n.KeyIO           Parsing took 0 ms 
464213     INFO  Test worker     d.u.i.k.n.KeyIO           MODE: declarations took 0 ms 
464213     INFO  Test worker     d.u.i.k.n.KeyIO           Parsing took 0 ms 
464213     INFO  Test worker     d.u.i.k.n.KeyIO           MODE: declarations took 0 ms 
464213     INFO  Test worker     d.u.i.k.n.KeyIO           Parsing took 0 ms 
464213     INFO  Test worker     d.u.i.k.n.KeyIO           MODE: declarations took 0 ms 
464213     INFO  Test worker     d.u.i.k.n.KeyIO           Parsing took 0 ms 
464213     INFO  Test worker     d.u.i.k.n.KeyIO           MODE: declarations took 0 ms 
467539     INFO  Test worker     d.u.i.k.n.KeyIO           Parsing took 0 ms 
467539     INFO  Test worker     d.u.i.k.n.KeyIO           MODE: declarations took 0 ms 
467539     INFO  Test worker     d.u.i.k.n.KeyIO           Parsing took 0 ms 
467539     INFO  Test worker     d.u.i.k.n.KeyIO           MODE: declarations took 0 ms 
467539     INFO  Test worker     d.u.i.k.n.KeyIO           Parsing took 0 ms 
467539     INFO  Test worker     d.u.i.k.n.KeyIO           MODE: declarations took 0 ms 
467539     INFO  Test worker     d.u.i.k.n.KeyIO           Parsing took 0 ms 
467539     INFO  Test worker     d.u.i.k.n.KeyIO           MODE: declarations took 0 ms 
467539     INFO  Test worker     d.u.i.k.n.KeyIO           Parsing took 0 ms 
467539     INFO  Test worker     d.u.i.k.n.KeyIO           MODE: declarations took 0 ms 
470786     INFO  Test worker     d.u.i.k.n.KeyIO           Parsing took 0 ms 
470786     INFO  Test worker     d.u.i.k.n.KeyIO           MODE: declarations took 0 ms 
470786     INFO  Test worker     d.u.i.k.n.KeyIO           Parsing took 0 ms 
470786     INFO  Test worker     d.u.i.k.n.KeyIO           MODE: declarations took 0 ms 
470786     INFO  Test worker     d.u.i.k.n.KeyIO           Parsing took 0 ms 
470786     INFO  Test worker     d.u.i.k.n.KeyIO           MODE: declarations took 0 ms 
470786     INFO  Test worker     d.u.i.k.n.KeyIO           Parsing took 0 ms 
470786     INFO  Test worker     d.u.i.k.n.KeyIO           MODE: declarations took 0 ms 
470786     INFO  Test worker     d.u.i.k.n.KeyIO           Parsing took 0 ms 
470786     INFO  Test worker     d.u.i.k.n.KeyIO           MODE: declarations took 0 ms 
474089     INFO  Test worker     d.u.i.k.n.KeyIO           Parsing took 0 ms 
474089     INFO  Test worker     d.u.i.k.n.KeyIO           MODE: declarations took 0 ms 
474089     INFO  Test worker     d.u.i.k.n.KeyIO           Parsing took 0 ms 
474089     INFO  Test worker     d.u.i.k.n.KeyIO           MODE: declarations took 0 ms 
474089     INFO  Test worker     d.u.i.k.n.KeyIO           Parsing took 0 ms 
474089     INFO  Test worker     d.u.i.k.n.KeyIO           MODE: declarations took 0 ms 
474089     INFO  Test worker     d.u.i.k.n.KeyIO           Parsing took 0 ms 
474089     INFO  Test worker     d.u.i.k.n.KeyIO           MODE: declarations took 0 ms 
474089     INFO  Test worker     d.u.i.k.n.KeyIO           Parsing took 0 ms 
474089     INFO  Test worker     d.u.i.k.n.KeyIO           MODE: declarations took 0 ms 
477364     INFO  Test worker     d.u.i.k.n.KeyIO           Parsing took 0 ms 
477364     INFO  Test worker     d.u.i.k.n.KeyIO           MODE: declarations took 0 ms 
477364     INFO  Test worker     d.u.i.k.n.KeyIO           Parsing took 0 ms 
477364     INFO  Test worker     d.u.i.k.n.KeyIO           MODE: declarations took 0 ms 
477364     INFO  Test worker     d.u.i.k.n.KeyIO           Parsing took 0 ms 
477364     INFO  Test worker     d.u.i.k.n.KeyIO           MODE: declarations took 0 ms 
477364     INFO  Test worker     d.u.i.k.n.KeyIO           Parsing took 0 ms 
477364     INFO  Test worker     d.u.i.k.n.KeyIO           MODE: declarations took 0 ms 
477364     INFO  Test worker     d.u.i.k.n.KeyIO           Parsing took 0 ms 
477364     INFO  Test worker     d.u.i.k.n.KeyIO           MODE: declarations took 0 ms 
480637     INFO  Test worker     d.u.i.k.n.KeyIO           Parsing took 0 ms 
480637     INFO  Test worker     d.u.i.k.n.KeyIO           MODE: declarations took 0 ms 
480637     INFO  Test worker     d.u.i.k.n.KeyIO           Parsing took 0 ms 
480637     INFO  Test worker     d.u.i.k.n.KeyIO           MODE: declarations took 0 ms 
480637     INFO  Test worker     d.u.i.k.n.KeyIO           Parsing took 0 ms 
480637     INFO  Test worker     d.u.i.k.n.KeyIO           MODE: declarations took 0 ms 
480637     INFO  Test worker     d.u.i.k.n.KeyIO           Parsing took 0 ms 
480637     INFO  Test worker     d.u.i.k.n.KeyIO           MODE: declarations took 0 ms 
480637     INFO  Test worker     d.u.i.k.n.KeyIO           Parsing took 0 ms 
480637     INFO  Test worker     d.u.i.k.n.KeyIO           MODE: declarations took 0 ms 
483912     INFO  Test worker     d.u.i.k.n.KeyIO           Parsing took 0 ms 
483912     INFO  Test worker     d.u.i.k.n.KeyIO           MODE: declarations took 0 ms 
483912     INFO  Test worker     d.u.i.k.n.KeyIO           Parsing took 0 ms 
483912     INFO  Test worker     d.u.i.k.n.KeyIO           MODE: declarations took 0 ms 
483912     INFO  Test worker     d.u.i.k.n.KeyIO           Parsing took 0 ms 
483912     INFO  Test worker     d.u.i.k.n.KeyIO           MODE: declarations took 0 ms 
483912     INFO  Test worker     d.u.i.k.n.KeyIO           Parsing took 0 ms 
483912     INFO  Test worker     d.u.i.k.n.KeyIO           MODE: declarations took 0 ms 
483912     INFO  Test worker     d.u.i.k.n.KeyIO           Parsing took 0 ms 
483912     INFO  Test worker     d.u.i.k.n.KeyIO           MODE: declarations took 0 ms 
487170     INFO  Test worker     d.u.i.k.n.KeyIO           Parsing took 0 ms 
487170     INFO  Test worker     d.u.i.k.n.KeyIO           MODE: declarations took 0 ms 
487170     INFO  Test worker     d.u.i.k.n.KeyIO           Parsing took 0 ms 
487170     INFO  Test worker     d.u.i.k.n.KeyIO           MODE: declarations took 0 ms 
487170     INFO  Test worker     d.u.i.k.n.KeyIO           Parsing took 0 ms 
487170     INFO  Test worker     d.u.i.k.n.KeyIO           MODE: declarations took 0 ms 
487170     INFO  Test worker     d.u.i.k.n.KeyIO           Parsing took 0 ms 
487170     INFO  Test worker     d.u.i.k.n.KeyIO           MODE: declarations took 0 ms 
487170     INFO  Test worker     d.u.i.k.n.KeyIO           Parsing took 0 ms 
487170     INFO  Test worker     d.u.i.k.n.KeyIO           MODE: declarations took 0 ms 
490419     INFO  Test worker     d.u.i.k.n.KeyIO           Parsing took 0 ms 
490419     INFO  Test worker     d.u.i.k.n.KeyIO           MODE: declarations took 0 ms 
490419     INFO  Test worker     d.u.i.k.n.KeyIO           Parsing took 0 ms 
490419     INFO  Test worker     d.u.i.k.n.KeyIO           MODE: declarations took 0 ms 
490419     INFO  Test worker     d.u.i.k.n.KeyIO           Parsing took 0 ms 
490419     INFO  Test worker     d.u.i.k.n.KeyIO           MODE: declarations took 0 ms 
490419     INFO  Test worker     d.u.i.k.n.KeyIO           Parsing took 0 ms 
490419     INFO  Test worker     d.u.i.k.n.KeyIO           MODE: declarations took 0 ms 
490419     INFO  Test worker     d.u.i.k.n.KeyIO           Parsing took 0 ms 
490419     INFO  Test worker     d.u.i.k.n.KeyIO           MODE: declarations took 0 ms 
]]></system-out>
  <system-err><![CDATA[]]></system-err>
</testsuite>
