<?xml version="1.0" encoding="UTF-8"?>
<testsuite name="de.uka.ilkd.key.nparser.ParseLDTsTests" tests="2" skipped="0" failures="0" errors="0" timestamp="2023-04-17T07:46:03" hostname="fv-az1230-283" time="1.282">
  <properties/>
  <testcase name="testLDT()" classname="de.uka.ilkd.key.nparser.ParseLDTsTests" time="0.024"/>
  <testcase name="testSR()" classname="de.uka.ilkd.key.nparser.ParseLDTsTests" time="1.258"/>
  <system-out><![CDATA[240692     INFO  Test worker     d.u.i.k.n.KeyIO           Parsing took 0 ms 
240692     INFO  Test worker     d.u.i.k.n.KeyIO           MODE: declarations took 0 ms 
241068     INFO  Test worker     d.u.i.k.n.KeyIO           Parsing took 360 ms 
241083     INFO  Test worker     d.u.i.k.n.KeyIO           MODE: declarations took 0 ms 
]]></system-out>
  <system-err><![CDATA[]]></system-err>
</testsuite>
