<?xml version="1.0" encoding="UTF-8"?>
<testsuite name="de.uka.ilkd.key.proof.runallproofs.RunAllProofsInfFlow" tests="29" skipped="0" failures="0" errors="0" timestamp="2023-06-09T13:41:40" hostname="fv-az795-593" time="3243.967">
  <properties/>
  <testcase name="ToyVoting" classname="de.uka.ilkd.key.proof.runallproofs.RunAllProofsInfFlow" time="30.908"/>
  <testcase name="ConditionalConfidential" classname="de.uka.ilkd.key.proof.runallproofs.RunAllProofsInfFlow" time="17.914"/>
  <testcase name="SumExample" classname="de.uka.ilkd.key.proof.runallproofs.RunAllProofsInfFlow" time="12.175"/>
  <testcase name="ToyBanking" classname="de.uka.ilkd.key.proof.runallproofs.RunAllProofsInfFlow" time="131.37"/>
  <testcase name="BlockContracts" classname="de.uka.ilkd.key.proof.runallproofs.RunAllProofsInfFlow" time="74.34"/>
  <testcase name="MethodContracts" classname="de.uka.ilkd.key.proof.runallproofs.RunAllProofsInfFlow" time="86.811"/>
  <testcase name="LoopInvariants" classname="de.uka.ilkd.key.proof.runallproofs.RunAllProofsInfFlow" time="82.707"/>
  <testcase name="MiniExamples" classname="de.uka.ilkd.key.proof.runallproofs.RunAllProofsInfFlow" time="110.771"/>
  <testcase name="NewObjects" classname="de.uka.ilkd.key.proof.runallproofs.RunAllProofsInfFlow" time="99.213"/>
  <testcase name="SimpleEvoting" classname="de.uka.ilkd.key.proof.runallproofs.RunAllProofsInfFlow" time="197.697"/>
  <testcase name="ToyVoting_nomacro" classname="de.uka.ilkd.key.proof.runallproofs.RunAllProofsInfFlow" time="42.084"/>
  <testcase name="ConditionalConfidential_nomacro" classname="de.uka.ilkd.key.proof.runallproofs.RunAllProofsInfFlow" time="0.0"/>
  <testcase name="SumExample_nomacro" classname="de.uka.ilkd.key.proof.runallproofs.RunAllProofsInfFlow" time="14.639"/>
  <testcase name="ToyBanking_nomacro" classname="de.uka.ilkd.key.proof.runallproofs.RunAllProofsInfFlow" time="86.24"/>
  <testcase name="BlockContracts_nomacro" classname="de.uka.ilkd.key.proof.runallproofs.RunAllProofsInfFlow" time="94.171"/>
  <testcase name="MethodContracts_nomacro" classname="de.uka.ilkd.key.proof.runallproofs.RunAllProofsInfFlow" time="89.431"/>
  <testcase name="LoopInvariants_nomacro" classname="de.uka.ilkd.key.proof.runallproofs.RunAllProofsInfFlow" time="129.472"/>
  <testcase name="MiniExamples_nomacro" classname="de.uka.ilkd.key.proof.runallproofs.RunAllProofsInfFlow" time="115.412"/>
  <testcase name="NewObjects_nomacro" classname="de.uka.ilkd.key.proof.runallproofs.RunAllProofsInfFlow" time="156.281"/>
  <testcase name="SimpleEvoting_nomacro" classname="de.uka.ilkd.key.proof.runallproofs.RunAllProofsInfFlow" time="157.44"/>
  <testcase name="ToyVoting_fullmacro" classname="de.uka.ilkd.key.proof.runallproofs.RunAllProofsInfFlow" time="69.036"/>
  <testcase name="SumExample_fullmacro" classname="de.uka.ilkd.key.proof.runallproofs.RunAllProofsInfFlow" time="13.346"/>
  <testcase name="ToyBanking_fullmacro" classname="de.uka.ilkd.key.proof.runallproofs.RunAllProofsInfFlow" time="311.792"/>
  <testcase name="BlockContracts_fullmacro" classname="de.uka.ilkd.key.proof.runallproofs.RunAllProofsInfFlow" time="100.208"/>
  <testcase name="MethodContracts_fullmacro" classname="de.uka.ilkd.key.proof.runallproofs.RunAllProofsInfFlow" time="91.071"/>
  <testcase name="InformationFlow_fullmacro" classname="de.uka.ilkd.key.proof.runallproofs.RunAllProofsInfFlow" time="362.922"/>
  <testcase name="MiniExamples_fullmacro" classname="de.uka.ilkd.key.proof.runallproofs.RunAllProofsInfFlow" time="124.164"/>
  <testcase name="NewObjects_fullmacro" classname="de.uka.ilkd.key.proof.runallproofs.RunAllProofsInfFlow" time="232.58"/>
  <testcase name="SimpleEvoting_fullmacro" classname="de.uka.ilkd.key.proof.runallproofs.RunAllProofsInfFlow" time="209.743"/>
  <system-out><![CDATA[733        INFO  Test worker     d.u.i.k.p.r.RunAllProofsTestUnit Running test ToyVoting 
378        INFO  Timeout watchdog d.u.i.k.p.r.p.ForkedTestFileRunner Timeout watcher launched (1000 secs.) 
410        WARN  main            d.u.i.k.s.ProofSettings   No proof-settings could be loaded, using defaults java.io.FileNotFoundException: /home/runner/.key/proof-settings.props (No such file or directory)
	at java.base/java.io.FileInputStream.open0(Native Method)

465        INFO  main            d.u.i.k.p.r.p.TestFile    Now processing file /home/runner/work/key/key/key.core/../key.ui/examples/InformationFlow/ToyVoting/Voter(Voter__insecure_voting()).JML normal_behavior operation contract.0.key 
713        INFO  main            d.u.i.k.p.i.AbstractProblemLoader Loading environment from /home/runner/work/key/key/key.core/../key.ui/examples/InformationFlow/ToyVoting/Voter(Voter__insecure_voting()).JML normal_behavior operation contract.0.key 
735        DEBUG main            d.u.i.k.p.i.AbstractProblemLoader Environment load took 3.82ms 
1006       INFO  main            d.u.i.k.p.i.AbstractProblemLoader Creating init config 
2405       DEBUG main            d.u.i.k.j.TypeConverter   No LDT found for Meta 
2406       DEBUG main            d.u.i.k.j.TypeConverter   No LDT found for Meta 
2408       DEBUG main            d.u.i.k.j.TypeConverter   No LDT found for Meta 
2409       DEBUG main            d.u.i.k.j.TypeConverter   No LDT found for Meta 
4097       DEBUG main            d.u.i.k.j.TypeConverter   No LDT found for JavaBigintExpression 
9960       DEBUG main            d.u.i.k.p.i.AbstractProblemLoader Init config took 8.95s 
10135      INFO  main            d.u.i.k.p.i.AbstractProblemLoader Replaying proof Voter[Voter::insecure_voting()].JML normal_behavior operation contract.0 
10265      DEBUG main            d.u.i.k.p.i.IntermediateProofReplayer Proof replay took 436.1ns 
11715      INFO  main            d.u.i.k.p.r.p.TestFile    ... finished proof: closed. 
11875      INFO  main            d.u.i.k.p.r.p.TestFile    Now processing file /home/runner/work/key/key/key.core/../key.ui/examples/InformationFlow/ToyVoting/Voter(Voter__publishVoterParticipation()).JML normal_behavior operation contract.0.key 
11876      INFO  main            d.u.i.k.p.i.AbstractProblemLoader Loading environment from /home/runner/work/key/key/key.core/../key.ui/examples/InformationFlow/ToyVoting/Voter(Voter__publishVoterParticipation()).JML normal_behavior operation contract.0.key 
11877      DEBUG main            d.u.i.k.p.i.AbstractProblemLoader Environment load took 523.7ns 
11880      INFO  main            d.u.i.k.p.i.AbstractProblemLoader Creating init config 
15533      DEBUG main            d.u.i.k.p.i.AbstractProblemLoader Init config took 3.65s 
15611      INFO  main            d.u.i.k.p.i.AbstractProblemLoader Replaying proof Voter[Voter::publishVoterParticipation()].JML normal_behavior operation contract.0 
15616      DEBUG main            d.u.i.k.p.i.IntermediateProofReplayer Proof replay took 12.6ns 
15719      INFO  main            d.u.i.k.p.r.p.TestFile    ... finished proof: closed. 
15856      INFO  main            d.u.i.k.p.r.p.TestFile    Now processing file /home/runner/work/key/key/key.core/../key.ui/examples/InformationFlow/ToyVoting/Voter(Voter__isValid(int)).JML normal_behavior operation contract.0.key 
15856      INFO  main            d.u.i.k.p.i.AbstractProblemLoader Loading environment from /home/runner/work/key/key/key.core/../key.ui/examples/InformationFlow/ToyVoting/Voter(Voter__isValid(int)).JML normal_behavior operation contract.0.key 
15857      DEBUG main            d.u.i.k.p.i.AbstractProblemLoader Environment load took 143.3ns 
15858      INFO  main            d.u.i.k.p.i.AbstractProblemLoader Creating init config 
19100      DEBUG main            d.u.i.k.p.i.AbstractProblemLoader Init config took 3.24s 
19176      INFO  main            d.u.i.k.p.i.AbstractProblemLoader Replaying proof Voter[Voter::isValid(int)].JML normal_behavior operation contract.0 
19181      DEBUG main            d.u.i.k.p.i.IntermediateProofReplayer Proof replay took 28.8ns 
19284      INFO  main            d.u.i.k.p.r.p.TestFile    ... finished proof: closed. 
19456      INFO  main            d.u.i.k.p.r.p.TestFile    Now processing file /home/runner/work/key/key/key.core/../key.ui/examples/InformationFlow/ToyVoting/Voter(Voter__sendVote(int)).JML normal_behavior operation contract.0.key 
19456      INFO  main            d.u.i.k.p.i.AbstractProblemLoader Loading environment from /home/runner/work/key/key/key.core/../key.ui/examples/InformationFlow/ToyVoting/Voter(Voter__sendVote(int)).JML normal_behavior operation contract.0.key 
19456      DEBUG main            d.u.i.k.p.i.AbstractProblemLoader Environment load took 73.4ns 
19460      INFO  main            d.u.i.k.p.i.AbstractProblemLoader Creating init config 
22590      DEBUG main            d.u.i.k.p.i.AbstractProblemLoader Init config took 3.13s 
22676      INFO  main            d.u.i.k.p.i.AbstractProblemLoader Replaying proof Voter[Voter::sendVote(int)].JML normal_behavior operation contract.0 
22685      DEBUG main            d.u.i.k.p.i.IntermediateProofReplayer Proof replay took 41.8ns 
22788      INFO  main            d.u.i.k.p.r.p.TestFile    ... finished proof: closed. 
22942      INFO  main            d.u.i.k.p.r.p.TestFile    Now processing file /home/runner/work/key/key/key.core/../key.ui/examples/InformationFlow/ToyVoting/Voter(Voter__inputVote()).JML normal_behavior operation contract.0.key 
22944      INFO  main            d.u.i.k.p.i.AbstractProblemLoader Loading environment from /home/runner/work/key/key/key.core/../key.ui/examples/InformationFlow/ToyVoting/Voter(Voter__inputVote()).JML normal_behavior operation contract.0.key 
22945      DEBUG main            d.u.i.k.p.i.AbstractProblemLoader Environment load took 517.1ns 
22947      INFO  main            d.u.i.k.p.i.AbstractProblemLoader Creating init config 
25999      DEBUG main            d.u.i.k.p.i.AbstractProblemLoader Init config took 3.05s 
26058      INFO  main            d.u.i.k.p.i.AbstractProblemLoader Replaying proof Voter[Voter::inputVote()].JML normal_behavior operation contract.0 
26062      DEBUG main            d.u.i.k.p.i.IntermediateProofReplayer Proof replay took 15.3ns 
26168      INFO  main            d.u.i.k.p.r.p.TestFile    ... finished proof: closed. 
26357      INFO  main            d.u.i.k.p.r.p.TestFile    Now processing file /home/runner/work/key/key/key.core/../key.ui/examples/InformationFlow/ToyVoting/Voter(Voter__secure_voting()).JML normal_behavior operation contract.0.key 
26357      INFO  main            d.u.i.k.p.i.AbstractProblemLoader Loading environment from /home/runner/work/key/key/key.core/../key.ui/examples/InformationFlow/ToyVoting/Voter(Voter__secure_voting()).JML normal_behavior operation contract.0.key 
26357      DEBUG main            d.u.i.k.p.i.AbstractProblemLoader Environment load took 91.1ns 
26359      INFO  main            d.u.i.k.p.i.AbstractProblemLoader Creating init config 
29380      DEBUG main            d.u.i.k.p.i.AbstractProblemLoader Init config took 3.02s 
29438      INFO  main            d.u.i.k.p.i.AbstractProblemLoader Replaying proof Voter[Voter::secure_voting()].JML normal_behavior operation contract.0 
29442      DEBUG main            d.u.i.k.p.i.IntermediateProofReplayer Proof replay took 29.8ns 
30346      INFO  main            d.u.i.k.p.r.p.TestFile    ... finished proof: closed. 
31620      INFO  Test worker     d.u.i.k.p.r.RunAllProofsTestUnit Returning from test ToyVoting 
31654      INFO  Test worker     d.u.i.k.p.r.RunAllProofsTestUnit Running test ConditionalConfidential 
416        INFO  Timeout watchdog d.u.i.k.p.r.p.ForkedTestFileRunner Timeout watcher launched (1000 secs.) 
433        WARN  main            d.u.i.k.s.ProofSettings   The settings in /home/runner/.key/proof-settings.props are *not* read. 
480        INFO  main            d.u.i.k.p.r.p.TestFile    Now processing file /home/runner/work/key/key/key.core/../key.ui/examples/InformationFlow/ConditionalConfidential/CCExample(CCExample__hasAccessRight(CCExample.User)).JML normal_behavior operation contract.0.key 
640        INFO  main            d.u.i.k.p.i.AbstractProblemLoader Loading environment from /home/runner/work/key/key/key.core/../key.ui/examples/InformationFlow/ConditionalConfidential/CCExample(CCExample__hasAccessRight(CCExample.User)).JML normal_behavior operation contract.0.key 
659        DEBUG main            d.u.i.k.p.i.AbstractProblemLoader Environment load took 2.16ms 
947        INFO  main            d.u.i.k.p.i.AbstractProblemLoader Creating init config 
2161       DEBUG main            d.u.i.k.j.TypeConverter   No LDT found for Meta 
2164       DEBUG main            d.u.i.k.j.TypeConverter   No LDT found for Meta 
2167       DEBUG main            d.u.i.k.j.TypeConverter   No LDT found for Meta 
2167       DEBUG main            d.u.i.k.j.TypeConverter   No LDT found for Meta 
3665       DEBUG main            d.u.i.k.j.TypeConverter   No LDT found for JavaBigintExpression 
7080       DEBUG main            d.u.i.k.j.r.ClassPreparationMethodBuilder clPrepBuilder: Inner Class detected. Reject building class initialisation methods. 
9955       DEBUG main            d.u.i.k.p.i.AbstractProblemLoader Init config took 9.01s 
10122      INFO  main            d.u.i.k.p.i.AbstractProblemLoader Replaying proof ConditionalConfidentialExample[ConditionalConfidentialExample::hasAccessRight(ConditionalConfidentialExample.User)].JML normal_behavior operation contract.0 
10181      DEBUG main            d.u.i.k.p.i.IntermediateProofReplayer Proof replay took 421.4ns 
12942      INFO  main            d.u.i.k.p.r.p.TestFile    ... finished proof: closed. 
13151      INFO  main            d.u.i.k.p.r.p.TestFile    Now processing file /home/runner/work/key/key/key.core/../key.ui/examples/InformationFlow/ConditionalConfidential/CCExample(CCExample__getConfidentialData(CCExample.User)).JML normal_behavior operation contract.0.key 
13152      INFO  main            d.u.i.k.p.i.AbstractProblemLoader Loading environment from /home/runner/work/key/key/key.core/../key.ui/examples/InformationFlow/ConditionalConfidential/CCExample(CCExample__getConfidentialData(CCExample.User)).JML normal_behavior operation contract.0.key 
13153      DEBUG main            d.u.i.k.p.i.AbstractProblemLoader Environment load took 432.7ns 
13157      INFO  main            d.u.i.k.p.i.AbstractProblemLoader Creating init config 
14453      DEBUG main            d.u.i.k.j.r.ClassPreparationMethodBuilder clPrepBuilder: Inner Class detected. Reject building class initialisation methods. 
16830      DEBUG main            d.u.i.k.p.i.AbstractProblemLoader Init config took 3.67s 
16906      INFO  main            d.u.i.k.p.i.AbstractProblemLoader Replaying proof ConditionalConfidentialExample[ConditionalConfidentialExample::getConfidentialData(ConditionalConfidentialExample.User)].JML normal_behavior operation contract.0 
16911      DEBUG main            d.u.i.k.p.i.IntermediateProofReplayer Proof replay took 13.2ns 
17519      INFO  main            d.u.i.k.p.r.p.TestFile    ... finished proof: closed. 
49562      INFO  Test worker     d.u.i.k.p.r.RunAllProofsTestUnit Returning from test ConditionalConfidential 
49564      INFO  Test worker     d.u.i.k.p.r.RunAllProofsTestUnit Running test SumExample 
463        INFO  Timeout watchdog d.u.i.k.p.r.p.ForkedTestFileRunner Timeout watcher launched (1000 secs.) 
483        WARN  main            d.u.i.k.s.ProofSettings   The settings in /home/runner/.key/proof-settings.props are *not* read. 
521        INFO  main            d.u.i.k.p.r.p.TestFile    Now processing file /home/runner/work/key/key/key.core/../key.ui/examples/InformationFlow/Sum/SumExample(SumExample__getSum()).JML normal_behavior operation contract.0.key 
670        INFO  main            d.u.i.k.p.i.AbstractProblemLoader Loading environment from /home/runner/work/key/key/key.core/../key.ui/examples/InformationFlow/Sum/SumExample(SumExample__getSum()).JML normal_behavior operation contract.0.key 
697        DEBUG main            d.u.i.k.p.i.AbstractProblemLoader Environment load took 3.3ms 
1016       INFO  main            d.u.i.k.p.i.AbstractProblemLoader Creating init config 
2248       DEBUG main            d.u.i.k.j.TypeConverter   No LDT found for Meta 
2249       DEBUG main            d.u.i.k.j.TypeConverter   No LDT found for Meta 
2253       DEBUG main            d.u.i.k.j.TypeConverter   No LDT found for Meta 
2254       DEBUG main            d.u.i.k.j.TypeConverter   No LDT found for Meta 
3933       DEBUG main            d.u.i.k.j.TypeConverter   No LDT found for JavaBigintExpression 
10307      DEBUG main            d.u.i.k.p.i.AbstractProblemLoader Init config took 9.29s 
10463      INFO  main            d.u.i.k.p.i.AbstractProblemLoader Replaying proof SumExample[SumExample::getSum()].JML normal_behavior operation contract.0 
10510      DEBUG main            d.u.i.k.p.i.IntermediateProofReplayer Proof replay took 391.1ns 
11793      INFO  main            d.u.i.k.p.r.p.TestFile    ... finished proof: closed. 
61738      INFO  Test worker     d.u.i.k.p.r.RunAllProofsTestUnit Returning from test SumExample 
61740      INFO  Test worker     d.u.i.k.p.r.RunAllProofsTestUnit Running test ToyBanking 
423        INFO  Timeout watchdog d.u.i.k.p.r.p.ForkedTestFileRunner Timeout watcher launched (1000 secs.) 
445        WARN  main            d.u.i.k.s.ProofSettings   The settings in /home/runner/.key/proof-settings.props are *not* read. 
490        INFO  main            d.u.i.k.p.r.p.TestFile    Now processing file /home/runner/work/key/key/key.core/../key.ui/examples/InformationFlow/ToyBanking/banking_example.UserAccount(banking_example.UserAccount__getBankAccount(int)).JML normal_behavior operation contract.0.key 
640        INFO  main            d.u.i.k.p.i.AbstractProblemLoader Loading environment from /home/runner/work/key/key/key.core/../key.ui/examples/InformationFlow/ToyBanking/banking_example.UserAccount(banking_example.UserAccount__getBankAccount(int)).JML normal_behavior operation contract.0.key 
664        DEBUG main            d.u.i.k.p.i.AbstractProblemLoader Environment load took 4.94ms 
955        INFO  main            d.u.i.k.p.i.AbstractProblemLoader Creating init config 
2215       DEBUG main            d.u.i.k.j.TypeConverter   No LDT found for Meta 
2215       DEBUG main            d.u.i.k.j.TypeConverter   No LDT found for Meta 
2220       DEBUG main            d.u.i.k.j.TypeConverter   No LDT found for Meta 
2220       DEBUG main            d.u.i.k.j.TypeConverter   No LDT found for Meta 
4048       DEBUG main            d.u.i.k.j.TypeConverter   No LDT found for JavaBigintExpression 
11514      DEBUG main            d.u.i.k.p.i.AbstractProblemLoader Init config took 10.56s 
11831      INFO  main            d.u.i.k.p.i.AbstractProblemLoader Replaying proof banking_example.UserAccount[banking_example.UserAccount::getBankAccount(int)].JML normal_behavior operation contract.0 
11890      DEBUG main            d.u.i.k.p.i.IntermediateProofReplayer Proof replay took 754.4ns 
13581      INFO  main            d.u.i.k.p.r.p.TestFile    ... finished proof: closed. 
13782      INFO  main            d.u.i.k.p.r.p.TestFile    Now processing file /home/runner/work/key/key/key.core/../key.ui/examples/InformationFlow/ToyBanking/banking_example.UserAccount(banking_example.UserAccount__tryLogin(int,(C)).JML normal_behavior operation contract.0.key 
13785      INFO  main            d.u.i.k.p.i.AbstractProblemLoader Loading environment from /home/runner/work/key/key/key.core/../key.ui/examples/InformationFlow/ToyBanking/banking_example.UserAccount(banking_example.UserAccount__tryLogin(int,(C)).JML normal_behavior operation contract.0.key 
13785      DEBUG main            d.u.i.k.p.i.AbstractProblemLoader Environment load took 185.3ns 
13787      INFO  main            d.u.i.k.p.i.AbstractProblemLoader Creating init config 
17875      DEBUG main            d.u.i.k.p.i.AbstractProblemLoader Init config took 4.09s 
18008      INFO  main            d.u.i.k.p.i.AbstractProblemLoader Replaying proof banking_example.UserAccount[banking_example.UserAccount::tryLogin(int,[C)].JML normal_behavior operation contract.0 
18013      DEBUG main            d.u.i.k.p.i.IntermediateProofReplayer Proof replay took 15.3ns 
43251      INFO  main            d.u.i.k.p.r.p.TestFile    ... finished proof: closed. 
43590      INFO  main            d.u.i.k.p.r.p.TestFile    Now processing file /home/runner/work/key/key/key.core/../key.ui/examples/InformationFlow/ToyBanking/banking_example.UserAccount(java.lang.Object___inv_()).JML accessible clause.0.key 
43591      INFO  main            d.u.i.k.p.i.AbstractProblemLoader Loading environment from /home/runner/work/key/key/key.core/../key.ui/examples/InformationFlow/ToyBanking/banking_example.UserAccount(java.lang.Object___inv_()).JML accessible clause.0.key 
43591      DEBUG main            d.u.i.k.p.i.AbstractProblemLoader Environment load took 141.1ns 
43592      INFO  main            d.u.i.k.p.i.AbstractProblemLoader Creating init config 
47117      DEBUG main            d.u.i.k.p.i.AbstractProblemLoader Init config took 3.52s 
47214      INFO  main            d.u.i.k.p.i.AbstractProblemLoader Replaying proof banking_example.UserAccount[java.lang.Object::<inv>()].JML accessible clause.0 
47218      DEBUG main            d.u.i.k.p.i.IntermediateProofReplayer Proof replay took 12.2ns 
51601      INFO  main            d.u.i.k.p.r.p.TestFile    ... finished proof: closed. 
51920      INFO  main            d.u.i.k.p.r.p.TestFile    Now processing file /home/runner/work/key/key/key.core/../key.ui/examples/InformationFlow/ToyBanking/banking_example.BankAccount(banking_example.BankAccount__depositMoney(int)).JML normal_behavior operation contract.0.key 
51924      INFO  main            d.u.i.k.p.i.AbstractProblemLoader Loading environment from /home/runner/work/key/key/key.core/../key.ui/examples/InformationFlow/ToyBanking/banking_example.BankAccount(banking_example.BankAccount__depositMoney(int)).JML normal_behavior operation contract.0.key 
51925      DEBUG main            d.u.i.k.p.i.AbstractProblemLoader Environment load took 919.31ns 
51927      INFO  main            d.u.i.k.p.i.AbstractProblemLoader Creating init config 
55388      DEBUG main            d.u.i.k.p.i.AbstractProblemLoader Init config took 3.46s 
55457      INFO  main            d.u.i.k.p.i.AbstractProblemLoader Replaying proof banking_example.BankAccount[banking_example.BankAccount::depositMoney(int)].JML normal_behavior operation contract.0 
55461      DEBUG main            d.u.i.k.p.i.IntermediateProofReplayer Proof replay took 30.7ns 
55769      INFO  main            d.u.i.k.p.r.p.TestFile    ... finished proof: closed. 
55936      INFO  main            d.u.i.k.p.r.p.TestFile    Now processing file /home/runner/work/key/key/key.core/../key.ui/examples/InformationFlow/ToyBanking/banking_example.BankAccount(banking_example.BankAccount__getBalance()).JML normal_behavior operation contract.0.key 
55936      INFO  main            d.u.i.k.p.i.AbstractProblemLoader Loading environment from /home/runner/work/key/key/key.core/../key.ui/examples/InformationFlow/ToyBanking/banking_example.BankAccount(banking_example.BankAccount__getBalance()).JML normal_behavior operation contract.0.key 
55937      DEBUG main            d.u.i.k.p.i.AbstractProblemLoader Environment load took 1.18ms 
55940      INFO  main            d.u.i.k.p.i.AbstractProblemLoader Creating init config 
59383      DEBUG main            d.u.i.k.p.i.AbstractProblemLoader Init config took 3.44s 
59453      INFO  main            d.u.i.k.p.i.AbstractProblemLoader Replaying proof banking_example.BankAccount[banking_example.BankAccount::getBalance()].JML normal_behavior operation contract.0 
59456      DEBUG main            d.u.i.k.p.i.IntermediateProofReplayer Proof replay took 12.4ns 
59559      INFO  main            d.u.i.k.p.r.p.TestFile    ... finished proof: closed. 
59717      INFO  main            d.u.i.k.p.r.p.TestFile    Now processing file /home/runner/work/key/key/key.core/../key.ui/examples/InformationFlow/ToyBanking/banking_example.BankAccount(banking_example.BankAccount__getId()).JML normal_behavior operation contract.0.key 
59718      INFO  main            d.u.i.k.p.i.AbstractProblemLoader Loading environment from /home/runner/work/key/key/key.core/../key.ui/examples/InformationFlow/ToyBanking/banking_example.BankAccount(banking_example.BankAccount__getId()).JML normal_behavior operation contract.0.key 
59719      DEBUG main            d.u.i.k.p.i.AbstractProblemLoader Environment load took 644.61ns 
59724      INFO  main            d.u.i.k.p.i.AbstractProblemLoader Creating init config 
63180      DEBUG main            d.u.i.k.p.i.AbstractProblemLoader Init config took 3.46s 
63256      INFO  main            d.u.i.k.p.i.AbstractProblemLoader Replaying proof banking_example.BankAccount[banking_example.BankAccount::getId()].JML normal_behavior operation contract.0 
63265      DEBUG main            d.u.i.k.p.i.IntermediateProofReplayer Proof replay took 13ns 
63368      INFO  main            d.u.i.k.p.r.p.TestFile    ... finished proof: closed. 
63521      INFO  main            d.u.i.k.p.r.p.TestFile    Now processing file /home/runner/work/key/key/key.core/../key.ui/examples/InformationFlow/ToyBanking/banking_example.Bank(banking_example.Bank__login(int,(C)).JML normal_behavior operation contract.0.key 
63522      INFO  main            d.u.i.k.p.i.AbstractProblemLoader Loading environment from /home/runner/work/key/key/key.core/../key.ui/examples/InformationFlow/ToyBanking/banking_example.Bank(banking_example.Bank__login(int,(C)).JML normal_behavior operation contract.0.key 
63522      DEBUG main            d.u.i.k.p.i.AbstractProblemLoader Environment load took 93.3ns 
63524      INFO  main            d.u.i.k.p.i.AbstractProblemLoader Creating init config 
66834      DEBUG main            d.u.i.k.p.i.AbstractProblemLoader Init config took 3.31s 
66909      INFO  main            d.u.i.k.p.i.AbstractProblemLoader Replaying proof banking_example.Bank[banking_example.Bank::login(int,[C)].JML normal_behavior operation contract.0 
66915      DEBUG main            d.u.i.k.p.i.IntermediateProofReplayer Proof replay took 14.5ns 
73466      INFO  main            d.u.i.k.p.r.p.TestFile    ... finished proof: closed. 
73727      INFO  main            d.u.i.k.p.r.p.TestFile    Now processing file /home/runner/work/key/key/key.core/../key.ui/examples/InformationFlow/ToyBanking/banking_example2.UserAccount(banking_example2.UserAccount__getBankAccount(int)).JML normal_behavior operation contract.0.key 
73728      INFO  main            d.u.i.k.p.i.AbstractProblemLoader Loading environment from /home/runner/work/key/key/key.core/../key.ui/examples/InformationFlow/ToyBanking/banking_example2.UserAccount(banking_example2.UserAccount__getBankAccount(int)).JML normal_behavior operation contract.0.key 
73730      DEBUG main            d.u.i.k.p.i.AbstractProblemLoader Environment load took 1.93ms 
73732      INFO  main            d.u.i.k.p.i.AbstractProblemLoader Creating init config 
76941      DEBUG main            d.u.i.k.p.i.AbstractProblemLoader Init config took 3.21s 
77022      INFO  main            d.u.i.k.p.i.AbstractProblemLoader Replaying proof banking_example2.UserAccount[banking_example2.UserAccount::getBankAccount(int)].JML normal_behavior operation contract.0 
77027      DEBUG main            d.u.i.k.p.i.IntermediateProofReplayer Proof replay took 13ns 
77431      INFO  main            d.u.i.k.p.r.p.TestFile    ... finished proof: closed. 
77641      INFO  main            d.u.i.k.p.r.p.TestFile    Now processing file /home/runner/work/key/key/key.core/../key.ui/examples/InformationFlow/ToyBanking/banking_example2.UserAccount(banking_example2.UserAccount__tryLogin(int,(C)).JML normal_behavior operation contract.0.key 
77641      INFO  main            d.u.i.k.p.i.AbstractProblemLoader Loading environment from /home/runner/work/key/key/key.core/../key.ui/examples/InformationFlow/ToyBanking/banking_example2.UserAccount(banking_example2.UserAccount__tryLogin(int,(C)).JML normal_behavior operation contract.0.key 
77641      DEBUG main            d.u.i.k.p.i.AbstractProblemLoader Environment load took 74ns 
77643      INFO  main            d.u.i.k.p.i.AbstractProblemLoader Creating init config 
80960      DEBUG main            d.u.i.k.p.i.AbstractProblemLoader Init config took 3.32s 
81027      INFO  main            d.u.i.k.p.i.AbstractProblemLoader Replaying proof banking_example2.UserAccount[banking_example2.UserAccount::tryLogin(int,[C)].JML normal_behavior operation contract.0 
81031      DEBUG main            d.u.i.k.p.i.IntermediateProofReplayer Proof replay took 13.3ns 
103140     INFO  main            d.u.i.k.p.r.p.TestFile    ... finished proof: closed. 
103479     INFO  main            d.u.i.k.p.r.p.TestFile    Now processing file /home/runner/work/key/key/key.core/../key.ui/examples/InformationFlow/ToyBanking/banking_example2.UserAccount(java.lang.Object___inv_()).JML accessible clause.0.key 
103481     INFO  main            d.u.i.k.p.i.AbstractProblemLoader Loading environment from /home/runner/work/key/key/key.core/../key.ui/examples/InformationFlow/ToyBanking/banking_example2.UserAccount(java.lang.Object___inv_()).JML accessible clause.0.key 
103481     DEBUG main            d.u.i.k.p.i.AbstractProblemLoader Environment load took 106.3ns 
103482     INFO  main            d.u.i.k.p.i.AbstractProblemLoader Creating init config 
106738     DEBUG main            d.u.i.k.p.i.AbstractProblemLoader Init config took 3.26s 
106813     INFO  main            d.u.i.k.p.i.AbstractProblemLoader Replaying proof banking_example2.UserAccount[java.lang.Object::<inv>()].JML accessible clause.0 
106822     DEBUG main            d.u.i.k.p.i.IntermediateProofReplayer Proof replay took 16.5ns 
112094     INFO  main            d.u.i.k.p.r.p.TestFile    ... finished proof: open goal(s) 
112314     INFO  main            d.u.i.k.p.r.p.TestFile    Now processing file /home/runner/work/key/key/key.core/../key.ui/examples/InformationFlow/ToyBanking/banking_example2.BankAccount(banking_example2.BankAccount__depositMoney(int)).JML normal_behavior operation contract.0.key 
112314     INFO  main            d.u.i.k.p.i.AbstractProblemLoader Loading environment from /home/runner/work/key/key/key.core/../key.ui/examples/InformationFlow/ToyBanking/banking_example2.BankAccount(banking_example2.BankAccount__depositMoney(int)).JML normal_behavior operation contract.0.key 
112314     DEBUG main            d.u.i.k.p.i.AbstractProblemLoader Environment load took 97.5ns 
112316     INFO  main            d.u.i.k.p.i.AbstractProblemLoader Creating init config 
115562     DEBUG main            d.u.i.k.p.i.AbstractProblemLoader Init config took 3.25s 
115619     INFO  main            d.u.i.k.p.i.AbstractProblemLoader Replaying proof banking_example2.BankAccount[banking_example2.BankAccount::depositMoney(int)].JML normal_behavior operation contract.0 
115623     DEBUG main            d.u.i.k.p.i.IntermediateProofReplayer Proof replay took 14.6ns 
116026     INFO  main            d.u.i.k.p.r.p.TestFile    ... finished proof: closed. 
116225     INFO  main            d.u.i.k.p.r.p.TestFile    Now processing file /home/runner/work/key/key/key.core/../key.ui/examples/InformationFlow/ToyBanking/banking_example2.BankAccount(banking_example2.BankAccount__getBalance()).JML normal_behavior operation contract.0.key 
116226     INFO  main            d.u.i.k.p.i.AbstractProblemLoader Loading environment from /home/runner/work/key/key/key.core/../key.ui/examples/InformationFlow/ToyBanking/banking_example2.BankAccount(banking_example2.BankAccount__getBalance()).JML normal_behavior operation contract.0.key 
116226     DEBUG main            d.u.i.k.p.i.AbstractProblemLoader Environment load took 90ns 
116228     INFO  main            d.u.i.k.p.i.AbstractProblemLoader Creating init config 
119391     DEBUG main            d.u.i.k.p.i.AbstractProblemLoader Init config took 3.16s 
119442     INFO  main            d.u.i.k.p.i.AbstractProblemLoader Replaying proof banking_example2.BankAccount[banking_example2.BankAccount::getBalance()].JML normal_behavior operation contract.0 
119446     DEBUG main            d.u.i.k.p.i.IntermediateProofReplayer Proof replay took 16.4ns 
119553     INFO  main            d.u.i.k.p.r.p.TestFile    ... finished proof: closed. 
119756     INFO  main            d.u.i.k.p.r.p.TestFile    Now processing file /home/runner/work/key/key/key.core/../key.ui/examples/InformationFlow/ToyBanking/banking_example2.BankAccount(banking_example2.BankAccount__getId()).JML normal_behavior operation contract.0.key 
119756     INFO  main            d.u.i.k.p.i.AbstractProblemLoader Loading environment from /home/runner/work/key/key/key.core/../key.ui/examples/InformationFlow/ToyBanking/banking_example2.BankAccount(banking_example2.BankAccount__getId()).JML normal_behavior operation contract.0.key 
119756     DEBUG main            d.u.i.k.p.i.AbstractProblemLoader Environment load took 95.2ns 
119758     INFO  main            d.u.i.k.p.i.AbstractProblemLoader Creating init config 
122957     DEBUG main            d.u.i.k.p.i.AbstractProblemLoader Init config took 3.2s 
123009     INFO  main            d.u.i.k.p.i.AbstractProblemLoader Replaying proof banking_example2.BankAccount[banking_example2.BankAccount::getId()].JML normal_behavior operation contract.0 
123012     DEBUG main            d.u.i.k.p.i.IntermediateProofReplayer Proof replay took 13.8ns 
123115     INFO  main            d.u.i.k.p.r.p.TestFile    ... finished proof: closed. 
123310     INFO  main            d.u.i.k.p.r.p.TestFile    Now processing file /home/runner/work/key/key/key.core/../key.ui/examples/InformationFlow/ToyBanking/banking_example2.Bank(banking_example2.Bank__login(int,(C)).JML normal_behavior operation contract.0.key 
123312     INFO  main            d.u.i.k.p.i.AbstractProblemLoader Loading environment from /home/runner/work/key/key/key.core/../key.ui/examples/InformationFlow/ToyBanking/banking_example2.Bank(banking_example2.Bank__login(int,(C)).JML normal_behavior operation contract.0.key 
123312     DEBUG main            d.u.i.k.p.i.AbstractProblemLoader Environment load took 747.91ns 
123314     INFO  main            d.u.i.k.p.i.AbstractProblemLoader Creating init config 
126464     DEBUG main            d.u.i.k.p.i.AbstractProblemLoader Init config took 3.15s 
126517     INFO  main            d.u.i.k.p.i.AbstractProblemLoader Replaying proof banking_example2.Bank[banking_example2.Bank::login(int,[C)].JML normal_behavior operation contract.0 
126524     DEBUG main            d.u.i.k.p.i.IntermediateProofReplayer Proof replay took 20.5ns 
130896     INFO  main            d.u.i.k.p.r.p.TestFile    ... finished proof: closed. 
193103     INFO  Test worker     d.u.i.k.p.r.RunAllProofsTestUnit Returning from test ToyBanking 
193115     INFO  Test worker     d.u.i.k.p.r.RunAllProofsTestUnit Running test BlockContracts 
459        INFO  Timeout watchdog d.u.i.k.p.r.p.ForkedTestFileRunner Timeout watcher launched (1000 secs.) 
484        WARN  main            d.u.i.k.s.ProofSettings   The settings in /home/runner/.key/proof-settings.props are *not* read. 
522        INFO  main            d.u.i.k.p.r.p.TestFile    Now processing file /home/runner/work/key/key/key.core/../key.ui/examples/InformationFlow/BlockContracts/contract.IFBlockExamples(contract.IFBlockExamples__secure_5()).JML operation contract.0.key 
656        INFO  main            d.u.i.k.p.i.AbstractProblemLoader Loading environment from /home/runner/work/key/key/key.core/../key.ui/examples/InformationFlow/BlockContracts/contract.IFBlockExamples(contract.IFBlockExamples__secure_5()).JML operation contract.0.key 
678        DEBUG main            d.u.i.k.p.i.AbstractProblemLoader Environment load took 2.65ms 
964        INFO  main            d.u.i.k.p.i.AbstractProblemLoader Creating init config 
2032       DEBUG main            d.u.i.k.j.TypeConverter   No LDT found for Meta 
2032       DEBUG main            d.u.i.k.j.TypeConverter   No LDT found for Meta 
2034       DEBUG main            d.u.i.k.j.TypeConverter   No LDT found for Meta 
2034       DEBUG main            d.u.i.k.j.TypeConverter   No LDT found for Meta 
3903       DEBUG main            d.u.i.k.j.TypeConverter   No LDT found for JavaBigintExpression 
10477      DEBUG main            d.u.i.k.p.i.AbstractProblemLoader Init config took 9.51s 
10644      INFO  main            d.u.i.k.p.i.AbstractProblemLoader Replaying proof contract.IFBlockExamples[contract.IFBlockExamples::secure_5()].JML operation contract.0 
10758      DEBUG main            d.u.i.k.p.i.IntermediateProofReplayer Proof replay took 398.91ns 
11606      INFO  main            d.u.i.k.p.r.p.TestFile    ... finished proof: closed. 
11742      INFO  main            d.u.i.k.p.r.p.TestFile    Now processing file /home/runner/work/key/key/key.core/../key.ui/examples/InformationFlow/BlockContracts/contract.IFBlockExamples(contract.IFBlockExamples__block_no_return_secure(int)).JML operation contract.0.key 
11746      INFO  main            d.u.i.k.p.i.AbstractProblemLoader Loading environment from /home/runner/work/key/key/key.core/../key.ui/examples/InformationFlow/BlockContracts/contract.IFBlockExamples(contract.IFBlockExamples__block_no_return_secure(int)).JML operation contract.0.key 
11747      DEBUG main            d.u.i.k.p.i.AbstractProblemLoader Environment load took 988.42ns 
11752      INFO  main            d.u.i.k.p.i.AbstractProblemLoader Creating init config 
15242      DEBUG main            d.u.i.k.p.i.AbstractProblemLoader Init config took 3.49s 
15339      INFO  main            d.u.i.k.p.i.AbstractProblemLoader Replaying proof contract.IFBlockExamples[contract.IFBlockExamples::block_no_return_secure(int)].JML operation contract.0 
15344      DEBUG main            d.u.i.k.p.i.IntermediateProofReplayer Proof replay took 15.9ns 
15546      INFO  main            d.u.i.k.p.r.p.TestFile    ... finished proof: closed. 
15694      INFO  main            d.u.i.k.p.r.p.TestFile    Now processing file /home/runner/work/key/key/key.core/../key.ui/examples/InformationFlow/BlockContracts/contract.IFBlockExamples(contract.IFBlockExamples__while_block_insecure(int)).JML operation contract.0.key 
15695      INFO  main            d.u.i.k.p.i.AbstractProblemLoader Loading environment from /home/runner/work/key/key/key.core/../key.ui/examples/InformationFlow/BlockContracts/contract.IFBlockExamples(contract.IFBlockExamples__while_block_insecure(int)).JML operation contract.0.key 
15695      DEBUG main            d.u.i.k.p.i.AbstractProblemLoader Environment load took 127.61ns 
15698      INFO  main            d.u.i.k.p.i.AbstractProblemLoader Creating init config 
19060      DEBUG main            d.u.i.k.p.i.AbstractProblemLoader Init config took 3.36s 
19150      INFO  main            d.u.i.k.p.i.AbstractProblemLoader Replaying proof contract.IFBlockExamples[contract.IFBlockExamples::while_block_insecure(int)].JML operation contract.0 
19155      DEBUG main            d.u.i.k.p.i.IntermediateProofReplayer Proof replay took 12.3ns 
19560      INFO  main            d.u.i.k.p.r.p.TestFile    ... finished proof: closed. 
19724      INFO  main            d.u.i.k.p.r.p.TestFile    Now processing file /home/runner/work/key/key/key.core/../key.ui/examples/InformationFlow/BlockContracts/contract.IFBlockExamples(contract.IFBlockExamples__while_block_secure(int)).JML operation contract.0.key 
19725      INFO  main            d.u.i.k.p.i.AbstractProblemLoader Loading environment from /home/runner/work/key/key/key.core/../key.ui/examples/InformationFlow/BlockContracts/contract.IFBlockExamples(contract.IFBlockExamples__while_block_secure(int)).JML operation contract.0.key 
19725      DEBUG main            d.u.i.k.p.i.AbstractProblemLoader Environment load took 88.2ns 
19728      INFO  main            d.u.i.k.p.i.AbstractProblemLoader Creating init config 
23066      DEBUG main            d.u.i.k.p.i.AbstractProblemLoader Init config took 3.34s 
23157      INFO  main            d.u.i.k.p.i.AbstractProblemLoader Replaying proof contract.IFBlockExamples[contract.IFBlockExamples::while_block_secure(int)].JML operation contract.0 
23163      DEBUG main            d.u.i.k.p.i.IntermediateProofReplayer Proof replay took 17.4ns 
23568      INFO  main            d.u.i.k.p.r.p.TestFile    ... finished proof: closed. 
23747      INFO  main            d.u.i.k.p.r.p.TestFile    Now processing file /home/runner/work/key/key/key.core/../key.ui/examples/InformationFlow/BlockContracts/contract.IFBlockExamples(contract.IFBlockExamples__block_while_secure(int)).JML operation contract.0.key 
23747      INFO  main            d.u.i.k.p.i.AbstractProblemLoader Loading environment from /home/runner/work/key/key/key.core/../key.ui/examples/InformationFlow/BlockContracts/contract.IFBlockExamples(contract.IFBlockExamples__block_while_secure(int)).JML operation contract.0.key 
23747      DEBUG main            d.u.i.k.p.i.AbstractProblemLoader Environment load took 100.4ns 
23749      INFO  main            d.u.i.k.p.i.AbstractProblemLoader Creating init config 
26933      DEBUG main            d.u.i.k.p.i.AbstractProblemLoader Init config took 3.18s 
26996      INFO  main            d.u.i.k.p.i.AbstractProblemLoader Replaying proof contract.IFBlockExamples[contract.IFBlockExamples::block_while_secure(int)].JML operation contract.0 
27001      DEBUG main            d.u.i.k.p.i.IntermediateProofReplayer Proof replay took 30.1ns 
27406      INFO  main            d.u.i.k.p.r.p.TestFile    ... finished proof: closed. 
27613      INFO  main            d.u.i.k.p.r.p.TestFile    Now processing file /home/runner/work/key/key/key.core/../key.ui/examples/InformationFlow/BlockContracts/contract.IFBlockExamples(contract.IFBlockExamples__insecure_4(int)).JML operation contract.0.key 
27613      INFO  main            d.u.i.k.p.i.AbstractProblemLoader Loading environment from /home/runner/work/key/key/key.core/../key.ui/examples/InformationFlow/BlockContracts/contract.IFBlockExamples(contract.IFBlockExamples__insecure_4(int)).JML operation contract.0.key 
27613      DEBUG main            d.u.i.k.p.i.AbstractProblemLoader Environment load took 141.3ns 
27618      INFO  main            d.u.i.k.p.i.AbstractProblemLoader Creating init config 
30887      DEBUG main            d.u.i.k.p.i.AbstractProblemLoader Init config took 3.27s 
30960      INFO  main            d.u.i.k.p.i.AbstractProblemLoader Replaying proof contract.IFBlockExamples[contract.IFBlockExamples::insecure_4(int)].JML operation contract.0 
30964      DEBUG main            d.u.i.k.p.i.IntermediateProofReplayer Proof replay took 13.2ns 
31468      INFO  main            d.u.i.k.p.r.p.TestFile    ... finished proof: closed. 
31672      INFO  main            d.u.i.k.p.r.p.TestFile    Now processing file /home/runner/work/key/key/key.core/../key.ui/examples/InformationFlow/BlockContracts/contract.IFBlockExamples(contract.IFBlockExamples__insecure_3(int)).JML operation contract.0.key 
31673      INFO  main            d.u.i.k.p.i.AbstractProblemLoader Loading environment from /home/runner/work/key/key/key.core/../key.ui/examples/InformationFlow/BlockContracts/contract.IFBlockExamples(contract.IFBlockExamples__insecure_3(int)).JML operation contract.0.key 
31673      DEBUG main            d.u.i.k.p.i.AbstractProblemLoader Environment load took 157.3ns 
31674      INFO  main            d.u.i.k.p.i.AbstractProblemLoader Creating init config 
34827      DEBUG main            d.u.i.k.p.i.AbstractProblemLoader Init config took 3.15s 
34932      INFO  main            d.u.i.k.p.i.AbstractProblemLoader Replaying proof contract.IFBlockExamples[contract.IFBlockExamples::insecure_3(int)].JML operation contract.0 
34939      DEBUG main            d.u.i.k.p.i.IntermediateProofReplayer Proof replay took 32.9ns 
35544      INFO  main            d.u.i.k.p.r.p.TestFile    ... finished proof: closed. 
35727      INFO  main            d.u.i.k.p.r.p.TestFile    Now processing file /home/runner/work/key/key/key.core/../key.ui/examples/InformationFlow/BlockContracts/contract.IFBlockExamples(contract.IFBlockExamples__secure_3(int)).JML operation contract.0.key 
35728      INFO  main            d.u.i.k.p.i.AbstractProblemLoader Loading environment from /home/runner/work/key/key/key.core/../key.ui/examples/InformationFlow/BlockContracts/contract.IFBlockExamples(contract.IFBlockExamples__secure_3(int)).JML operation contract.0.key 
35728      DEBUG main            d.u.i.k.p.i.AbstractProblemLoader Environment load took 91.8ns 
35730      INFO  main            d.u.i.k.p.i.AbstractProblemLoader Creating init config 
38925      DEBUG main            d.u.i.k.p.i.AbstractProblemLoader Init config took 3.19s 
38984      INFO  main            d.u.i.k.p.i.AbstractProblemLoader Replaying proof contract.IFBlockExamples[contract.IFBlockExamples::secure_3(int)].JML operation contract.0 
38990      DEBUG main            d.u.i.k.p.i.IntermediateProofReplayer Proof replay took 31ns 
39496      INFO  main            d.u.i.k.p.r.p.TestFile    ... finished proof: closed. 
39702      INFO  main            d.u.i.k.p.r.p.TestFile    Now processing file /home/runner/work/key/key/key.core/../key.ui/examples/InformationFlow/BlockContracts/contract.IFBlockExamples(contract.IFBlockExamples__secure_2(int)).JML operation contract.0.key 
39702      INFO  main            d.u.i.k.p.i.AbstractProblemLoader Loading environment from /home/runner/work/key/key/key.core/../key.ui/examples/InformationFlow/BlockContracts/contract.IFBlockExamples(contract.IFBlockExamples__secure_2(int)).JML operation contract.0.key 
39702      DEBUG main            d.u.i.k.p.i.AbstractProblemLoader Environment load took 86.7ns 
39704      INFO  main            d.u.i.k.p.i.AbstractProblemLoader Creating init config 
42817      DEBUG main            d.u.i.k.p.i.AbstractProblemLoader Init config took 3.11s 
42882      INFO  main            d.u.i.k.p.i.AbstractProblemLoader Replaying proof contract.IFBlockExamples[contract.IFBlockExamples::secure_2(int)].JML operation contract.0 
42888      DEBUG main            d.u.i.k.p.i.IntermediateProofReplayer Proof replay took 15.4ns 
43392      INFO  main            d.u.i.k.p.r.p.TestFile    ... finished proof: closed. 
43611      INFO  main            d.u.i.k.p.r.p.TestFile    Now processing file /home/runner/work/key/key/key.core/../key.ui/examples/InformationFlow/BlockContracts/contract.IFBlockExamples(contract.IFBlockExamples__secure_8(int)).JML operation contract.0.key 
43612      INFO  main            d.u.i.k.p.i.AbstractProblemLoader Loading environment from /home/runner/work/key/key/key.core/../key.ui/examples/InformationFlow/BlockContracts/contract.IFBlockExamples(contract.IFBlockExamples__secure_8(int)).JML operation contract.0.key 
43612      DEBUG main            d.u.i.k.p.i.AbstractProblemLoader Environment load took 87ns 
43613      INFO  main            d.u.i.k.p.i.AbstractProblemLoader Creating init config 
46831      DEBUG main            d.u.i.k.p.i.AbstractProblemLoader Init config took 3.22s 
46888      INFO  main            d.u.i.k.p.i.AbstractProblemLoader Replaying proof contract.IFBlockExamples[contract.IFBlockExamples::secure_8(int)].JML operation contract.0 
46892      DEBUG main            d.u.i.k.p.i.IntermediateProofReplayer Proof replay took 14.9ns 
47197      INFO  main            d.u.i.k.p.r.p.TestFile    ... finished proof: closed. 
47403      INFO  main            d.u.i.k.p.r.p.TestFile    Now processing file /home/runner/work/key/key/key.core/../key.ui/examples/InformationFlow/BlockContracts/contract.IFBlockExamples(contract.IFBlockExamples__secure_7(int)).JML operation contract.0.key 
47404      INFO  main            d.u.i.k.p.i.AbstractProblemLoader Loading environment from /home/runner/work/key/key/key.core/../key.ui/examples/InformationFlow/BlockContracts/contract.IFBlockExamples(contract.IFBlockExamples__secure_7(int)).JML operation contract.0.key 
47404      DEBUG main            d.u.i.k.p.i.AbstractProblemLoader Environment load took 73.6ns 
47405      INFO  main            d.u.i.k.p.i.AbstractProblemLoader Creating init config 
50547      DEBUG main            d.u.i.k.p.i.AbstractProblemLoader Init config took 3.14s 
50618      INFO  main            d.u.i.k.p.i.AbstractProblemLoader Replaying proof contract.IFBlockExamples[contract.IFBlockExamples::secure_7(int)].JML operation contract.0 
50622      DEBUG main            d.u.i.k.p.i.IntermediateProofReplayer Proof replay took 15.6ns 
50943      INFO  main            d.u.i.k.p.r.p.TestFile    ... finished proof: closed. 
51218      INFO  main            d.u.i.k.p.r.p.TestFile    Now processing file /home/runner/work/key/key/key.core/../key.ui/examples/InformationFlow/BlockContracts/contract.IFBlockExamples(contract.IFBlockExamples__secure_6(int)).JML operation contract.0.key 
51219      INFO  main            d.u.i.k.p.i.AbstractProblemLoader Loading environment from /home/runner/work/key/key/key.core/../key.ui/examples/InformationFlow/BlockContracts/contract.IFBlockExamples(contract.IFBlockExamples__secure_6(int)).JML operation contract.0.key 
51219      DEBUG main            d.u.i.k.p.i.AbstractProblemLoader Environment load took 117.5ns 
51220      INFO  main            d.u.i.k.p.i.AbstractProblemLoader Creating init config 
54268      DEBUG main            d.u.i.k.p.i.AbstractProblemLoader Init config took 3.05s 
54320      INFO  main            d.u.i.k.p.i.AbstractProblemLoader Replaying proof contract.IFBlockExamples[contract.IFBlockExamples::secure_6(int)].JML operation contract.0 
54330      DEBUG main            d.u.i.k.p.i.IntermediateProofReplayer Proof replay took 17.1ns 
54534      INFO  main            d.u.i.k.p.r.p.TestFile    ... finished proof: closed. 
54779      INFO  main            d.u.i.k.p.r.p.TestFile    Now processing file /home/runner/work/key/key/key.core/../key.ui/examples/InformationFlow/BlockContracts/contract.IFBlockExamples(contract.IFBlockExamples__insecure_1(int)).JML operation contract.0.key 
54780      INFO  main            d.u.i.k.p.i.AbstractProblemLoader Loading environment from /home/runner/work/key/key/key.core/../key.ui/examples/InformationFlow/BlockContracts/contract.IFBlockExamples(contract.IFBlockExamples__insecure_1(int)).JML operation contract.0.key 
54781      DEBUG main            d.u.i.k.p.i.AbstractProblemLoader Environment load took 460.31ns 
54782      INFO  main            d.u.i.k.p.i.AbstractProblemLoader Creating init config 
57992      DEBUG main            d.u.i.k.p.i.AbstractProblemLoader Init config took 3.21s 
58045      INFO  main            d.u.i.k.p.i.AbstractProblemLoader Replaying proof contract.IFBlockExamples[contract.IFBlockExamples::insecure_1(int)].JML operation contract.0 
58049      DEBUG main            d.u.i.k.p.i.IntermediateProofReplayer Proof replay took 15.6ns 
58252      INFO  main            d.u.i.k.p.r.p.TestFile    ... finished proof: closed. 
58560      INFO  main            d.u.i.k.p.r.p.TestFile    Now processing file /home/runner/work/key/key/key.core/../key.ui/examples/InformationFlow/BlockContracts/contract.IFBlockExamples(contract.IFBlockExamples__secure_4(int)).JML operation contract.0.key 
58561      INFO  main            d.u.i.k.p.i.AbstractProblemLoader Loading environment from /home/runner/work/key/key/key.core/../key.ui/examples/InformationFlow/BlockContracts/contract.IFBlockExamples(contract.IFBlockExamples__secure_4(int)).JML operation contract.0.key 
58561      DEBUG main            d.u.i.k.p.i.AbstractProblemLoader Environment load took 98.5ns 
58564      INFO  main            d.u.i.k.p.i.AbstractProblemLoader Creating init config 
61729      DEBUG main            d.u.i.k.p.i.AbstractProblemLoader Init config took 3.17s 
61782      INFO  main            d.u.i.k.p.i.AbstractProblemLoader Replaying proof contract.IFBlockExamples[contract.IFBlockExamples::secure_4(int)].JML operation contract.0 
61789      DEBUG main            d.u.i.k.p.i.IntermediateProofReplayer Proof replay took 17.8ns 
62092      INFO  main            d.u.i.k.p.r.p.TestFile    ... finished proof: closed. 
62282      INFO  main            d.u.i.k.p.r.p.TestFile    Now processing file /home/runner/work/key/key/key.core/../key.ui/examples/InformationFlow/BlockContracts/contract.IFBlockExamples(contract.IFBlockExamples__secure_1(int)).JML operation contract.0.key 
62282      INFO  main            d.u.i.k.p.i.AbstractProblemLoader Loading environment from /home/runner/work/key/key/key.core/../key.ui/examples/InformationFlow/BlockContracts/contract.IFBlockExamples(contract.IFBlockExamples__secure_1(int)).JML operation contract.0.key 
62282      DEBUG main            d.u.i.k.p.i.AbstractProblemLoader Environment load took 168.7ns 
62283      INFO  main            d.u.i.k.p.i.AbstractProblemLoader Creating init config 
65254      DEBUG main            d.u.i.k.p.i.AbstractProblemLoader Init config took 2.97s 
65302      INFO  main            d.u.i.k.p.i.AbstractProblemLoader Replaying proof contract.IFBlockExamples[contract.IFBlockExamples::secure_1(int)].JML operation contract.0 
65306      DEBUG main            d.u.i.k.p.i.IntermediateProofReplayer Proof replay took 16.4ns 
65508      INFO  main            d.u.i.k.p.r.p.TestFile    ... finished proof: closed. 
65741      INFO  main            d.u.i.k.p.r.p.TestFile    Now processing file /home/runner/work/key/key/key.core/../key.ui/examples/InformationFlow/BlockContracts/contract.IFEfficiencyExamples(contract.IFEfficiencyExamples__mWithoutBlockContract()).JML operation contract.0.key 
65744      INFO  main            d.u.i.k.p.i.AbstractProblemLoader Loading environment from /home/runner/work/key/key/key.core/../key.ui/examples/InformationFlow/BlockContracts/contract.IFEfficiencyExamples(contract.IFEfficiencyExamples__mWithoutBlockContract()).JML operation contract.0.key 
65744      DEBUG main            d.u.i.k.p.i.AbstractProblemLoader Environment load took 125.8ns 
65745      INFO  main            d.u.i.k.p.i.AbstractProblemLoader Creating init config 
68811      DEBUG main            d.u.i.k.p.i.AbstractProblemLoader Init config took 3.07s 
68881      INFO  main            d.u.i.k.p.i.AbstractProblemLoader Replaying proof contract.IFEfficiencyExamples[contract.IFEfficiencyExamples::mWithoutBlockContract()].JML operation contract.0 
68885      DEBUG main            d.u.i.k.p.i.IntermediateProofReplayer Proof replay took 15.6ns 
69793      INFO  main            d.u.i.k.p.r.p.TestFile    ... finished proof: closed. 
70096      INFO  main            d.u.i.k.p.r.p.TestFile    Now processing file /home/runner/work/key/key/key.core/../key.ui/examples/InformationFlow/BlockContracts/contract.IFEfficiencyExamples(contract.IFEfficiencyExamples__mWithBlockContract()).JML operation contract.0.key 
70096      INFO  main            d.u.i.k.p.i.AbstractProblemLoader Loading environment from /home/runner/work/key/key/key.core/../key.ui/examples/InformationFlow/BlockContracts/contract.IFEfficiencyExamples(contract.IFEfficiencyExamples__mWithBlockContract()).JML operation contract.0.key 
70096      DEBUG main            d.u.i.k.p.i.AbstractProblemLoader Environment load took 66.5ns 
70097      INFO  main            d.u.i.k.p.i.AbstractProblemLoader Creating init config 
73216      DEBUG main            d.u.i.k.p.i.AbstractProblemLoader Init config took 3.12s 
73264      INFO  main            d.u.i.k.p.i.AbstractProblemLoader Replaying proof contract.IFEfficiencyExamples[contract.IFEfficiencyExamples::mWithBlockContract()].JML operation contract.0 
73268      DEBUG main            d.u.i.k.p.i.IntermediateProofReplayer Proof replay took 31.4ns 
73872      INFO  main            d.u.i.k.p.r.p.TestFile    ... finished proof: closed. 
267448     INFO  Test worker     d.u.i.k.p.r.RunAllProofsTestUnit Returning from test BlockContracts 
267455     INFO  Test worker     d.u.i.k.p.r.RunAllProofsTestUnit Running test MethodContracts 
503        INFO  Timeout watchdog d.u.i.k.p.r.p.ForkedTestFileRunner Timeout watcher launched (1000 secs.) 
533        WARN  main            d.u.i.k.s.ProofSettings   The settings in /home/runner/.key/proof-settings.props are *not* read. 
559        INFO  main            d.u.i.k.p.r.p.TestFile    Now processing file /home/runner/work/key/key/key.core/../key.ui/examples/InformationFlow/MethodContracts/contract.IFMethodContract(contract.IFMethodContract__secure_recursion_2((I,int)).JML normal_behavior operation contract.0.key 
682        INFO  main            d.u.i.k.p.i.AbstractProblemLoader Loading environment from /home/runner/work/key/key/key.core/../key.ui/examples/InformationFlow/MethodContracts/contract.IFMethodContract(contract.IFMethodContract__secure_recursion_2((I,int)).JML normal_behavior operation contract.0.key 
704        DEBUG main            d.u.i.k.p.i.AbstractProblemLoader Environment load took 2.59ms 
983        INFO  main            d.u.i.k.p.i.AbstractProblemLoader Creating init config 
2203       DEBUG main            d.u.i.k.j.TypeConverter   No LDT found for Meta 
2204       DEBUG main            d.u.i.k.j.TypeConverter   No LDT found for Meta 
2208       DEBUG main            d.u.i.k.j.TypeConverter   No LDT found for Meta 
2208       DEBUG main            d.u.i.k.j.TypeConverter   No LDT found for Meta 
4071       DEBUG main            d.u.i.k.j.TypeConverter   No LDT found for JavaBigintExpression 
10047      DEBUG main            d.u.i.k.p.i.AbstractProblemLoader Init config took 9.06s 
10205      INFO  main            d.u.i.k.p.i.AbstractProblemLoader Replaying proof contract.IFMethodContract[contract.IFMethodContract::secure_recursion_2([I,int)].JML normal_behavior operation contract.0 
10257      DEBUG main            d.u.i.k.p.i.IntermediateProofReplayer Proof replay took 367.61ns 
11546      INFO  main            d.u.i.k.p.r.p.TestFile    ... finished proof: closed. 
11694      INFO  main            d.u.i.k.p.r.p.TestFile    Now processing file /home/runner/work/key/key/key.core/../key.ui/examples/InformationFlow/MethodContracts/contract.IFMethodContract(contract.IFMethodContract__secure_recursion(int)).JML normal_behavior operation contract.0.key 
11695      INFO  main            d.u.i.k.p.i.AbstractProblemLoader Loading environment from /home/runner/work/key/key/key.core/../key.ui/examples/InformationFlow/MethodContracts/contract.IFMethodContract(contract.IFMethodContract__secure_recursion(int)).JML normal_behavior operation contract.0.key 
11697      DEBUG main            d.u.i.k.p.i.AbstractProblemLoader Environment load took 1.8ms 
11701      INFO  main            d.u.i.k.p.i.AbstractProblemLoader Creating init config 
15358      DEBUG main            d.u.i.k.p.i.AbstractProblemLoader Init config took 3.66s 
15438      INFO  main            d.u.i.k.p.i.AbstractProblemLoader Replaying proof contract.IFMethodContract[contract.IFMethodContract::secure_recursion(int)].JML normal_behavior operation contract.0 
15447      DEBUG main            d.u.i.k.p.i.IntermediateProofReplayer Proof replay took 14.7ns 
15854      INFO  main            d.u.i.k.p.r.p.TestFile    ... finished proof: closed. 
16014      INFO  main            d.u.i.k.p.r.p.TestFile    Now processing file /home/runner/work/key/key/key.core/../key.ui/examples/InformationFlow/MethodContracts/contract.IFMethodContract(contract.IFMethodContract__secure_catch_exception()).JML operation contract.0.key 
16019      INFO  main            d.u.i.k.p.i.AbstractProblemLoader Loading environment from /home/runner/work/key/key/key.core/../key.ui/examples/InformationFlow/MethodContracts/contract.IFMethodContract(contract.IFMethodContract__secure_catch_exception()).JML operation contract.0.key 
16019      DEBUG main            d.u.i.k.p.i.AbstractProblemLoader Environment load took 135.7ns 
16022      INFO  main            d.u.i.k.p.i.AbstractProblemLoader Creating init config 
19279      DEBUG main            d.u.i.k.p.i.AbstractProblemLoader Init config took 3.26s 
19348      INFO  main            d.u.i.k.p.i.AbstractProblemLoader Replaying proof contract.IFMethodContract[contract.IFMethodContract::secure_catch_exception()].JML operation contract.0 
19352      DEBUG main            d.u.i.k.p.i.IntermediateProofReplayer Proof replay took 13ns 
19657      INFO  main            d.u.i.k.p.r.p.TestFile    ... finished proof: closed. 
19818      INFO  main            d.u.i.k.p.r.p.TestFile    Now processing file /home/runner/work/key/key/key.core/../key.ui/examples/InformationFlow/MethodContracts/contract.IFMethodContract(contract.IFMethodContract__n6()).JML normal_behavior operation contract.0.key 
19819      INFO  main            d.u.i.k.p.i.AbstractProblemLoader Loading environment from /home/runner/work/key/key/key.core/../key.ui/examples/InformationFlow/MethodContracts/contract.IFMethodContract(contract.IFMethodContract__n6()).JML normal_behavior operation contract.0.key 
19819      DEBUG main            d.u.i.k.p.i.AbstractProblemLoader Environment load took 341.61ns 
19821      INFO  main            d.u.i.k.p.i.AbstractProblemLoader Creating init config 
23182      DEBUG main            d.u.i.k.p.i.AbstractProblemLoader Init config took 3.36s 
23251      INFO  main            d.u.i.k.p.i.AbstractProblemLoader Replaying proof contract.IFMethodContract[contract.IFMethodContract::n6()].JML normal_behavior operation contract.0 
23256      DEBUG main            d.u.i.k.p.i.IntermediateProofReplayer Proof replay took 14.6ns 
23359      INFO  main            d.u.i.k.p.r.p.TestFile    ... finished proof: closed. 
23570      INFO  main            d.u.i.k.p.r.p.TestFile    Now processing file /home/runner/work/key/key/key.core/../key.ui/examples/InformationFlow/MethodContracts/contract.IFMethodContract(contract.IFMethodContract__secure_n6()).JML operation contract.0.key 
23571      INFO  main            d.u.i.k.p.i.AbstractProblemLoader Loading environment from /home/runner/work/key/key/key.core/../key.ui/examples/InformationFlow/MethodContracts/contract.IFMethodContract(contract.IFMethodContract__secure_n6()).JML operation contract.0.key 
23572      DEBUG main            d.u.i.k.p.i.AbstractProblemLoader Environment load took 1.32ms 
23574      INFO  main            d.u.i.k.p.i.AbstractProblemLoader Creating init config 
26913      DEBUG main            d.u.i.k.p.i.AbstractProblemLoader Init config took 3.34s 
26970      INFO  main            d.u.i.k.p.i.AbstractProblemLoader Replaying proof contract.IFMethodContract[contract.IFMethodContract::secure_n6()].JML operation contract.0 
26974      DEBUG main            d.u.i.k.p.i.IntermediateProofReplayer Proof replay took 12.8ns 
27080      INFO  main            d.u.i.k.p.r.p.TestFile    ... finished proof: closed. 
27239      INFO  main            d.u.i.k.p.r.p.TestFile    Now processing file /home/runner/work/key/key/key.core/../key.ui/examples/InformationFlow/MethodContracts/contract.IFMethodContract(contract.IFMethodContract__secure_array_param_helper()).JML normal_behavior operation contract.0.key 
27240      INFO  main            d.u.i.k.p.i.AbstractProblemLoader Loading environment from /home/runner/work/key/key/key.core/../key.ui/examples/InformationFlow/MethodContracts/contract.IFMethodContract(contract.IFMethodContract__secure_array_param_helper()).JML normal_behavior operation contract.0.key 
27240      DEBUG main            d.u.i.k.p.i.AbstractProblemLoader Environment load took 88.6ns 
27241      INFO  main            d.u.i.k.p.i.AbstractProblemLoader Creating init config 
30433      DEBUG main            d.u.i.k.p.i.AbstractProblemLoader Init config took 3.19s 
30486      INFO  main            d.u.i.k.p.i.AbstractProblemLoader Replaying proof contract.IFMethodContract[contract.IFMethodContract::secure_array_param_helper()].JML normal_behavior operation contract.0 
30493      DEBUG main            d.u.i.k.p.i.IntermediateProofReplayer Proof replay took 12.9ns 
30595      INFO  main            d.u.i.k.p.r.p.TestFile    ... finished proof: closed. 
30805      INFO  main            d.u.i.k.p.r.p.TestFile    Now processing file /home/runner/work/key/key/key.core/../key.ui/examples/InformationFlow/MethodContracts/contract.IFMethodContract(contract.IFMethodContract__secure_array_param((I,int)).JML operation contract.0.key 
30806      INFO  main            d.u.i.k.p.i.AbstractProblemLoader Loading environment from /home/runner/work/key/key/key.core/../key.ui/examples/InformationFlow/MethodContracts/contract.IFMethodContract(contract.IFMethodContract__secure_array_param((I,int)).JML operation contract.0.key 
30806      DEBUG main            d.u.i.k.p.i.AbstractProblemLoader Environment load took 138ns 
30807      INFO  main            d.u.i.k.p.i.AbstractProblemLoader Creating init config 
33947      DEBUG main            d.u.i.k.p.i.AbstractProblemLoader Init config took 3.14s 
34015      INFO  main            d.u.i.k.p.i.AbstractProblemLoader Replaying proof contract.IFMethodContract[contract.IFMethodContract::secure_array_param([I,int)].JML operation contract.0 
34023      DEBUG main            d.u.i.k.p.i.IntermediateProofReplayer Proof replay took 16.3ns 
34227      INFO  main            d.u.i.k.p.r.p.TestFile    ... finished proof: closed. 
34397      INFO  main            d.u.i.k.p.r.p.TestFile    Now processing file /home/runner/work/key/key/key.core/../key.ui/examples/InformationFlow/MethodContracts/contract.IFMethodContract(contract.IFMethodContract__n9()).JML normal_behavior operation contract.0.key 
34397      INFO  main            d.u.i.k.p.i.AbstractProblemLoader Loading environment from /home/runner/work/key/key/key.core/../key.ui/examples/InformationFlow/MethodContracts/contract.IFMethodContract(contract.IFMethodContract__n9()).JML normal_behavior operation contract.0.key 
34397      DEBUG main            d.u.i.k.p.i.AbstractProblemLoader Environment load took 75.5ns 
34399      INFO  main            d.u.i.k.p.i.AbstractProblemLoader Creating init config 
37464      DEBUG main            d.u.i.k.p.i.AbstractProblemLoader Init config took 3.07s 
37511      INFO  main            d.u.i.k.p.i.AbstractProblemLoader Replaying proof contract.IFMethodContract[contract.IFMethodContract::n9()].JML normal_behavior operation contract.0 
37514      DEBUG main            d.u.i.k.p.i.IntermediateProofReplayer Proof replay took 12.6ns 
37617      INFO  main            d.u.i.k.p.r.p.TestFile    ... finished proof: closed. 
37782      INFO  main            d.u.i.k.p.r.p.TestFile    Now processing file /home/runner/work/key/key/key.core/../key.ui/examples/InformationFlow/MethodContracts/contract.IFMethodContract(contract.IFMethodContract__secure_assignment_0_n9()).JML operation contract.0.key 
37782      INFO  main            d.u.i.k.p.i.AbstractProblemLoader Loading environment from /home/runner/work/key/key/key.core/../key.ui/examples/InformationFlow/MethodContracts/contract.IFMethodContract(contract.IFMethodContract__secure_assignment_0_n9()).JML operation contract.0.key 
37783      DEBUG main            d.u.i.k.p.i.AbstractProblemLoader Environment load took 170ns 
37784      INFO  main            d.u.i.k.p.i.AbstractProblemLoader Creating init config 
40761      DEBUG main            d.u.i.k.p.i.AbstractProblemLoader Init config took 2.98s 
40811      INFO  main            d.u.i.k.p.i.AbstractProblemLoader Replaying proof contract.IFMethodContract[contract.IFMethodContract::secure_assignment_0_n9()].JML operation contract.0 
40827      DEBUG main            d.u.i.k.p.i.IntermediateProofReplayer Proof replay took 13.5ns 
41030      INFO  main            d.u.i.k.p.r.p.TestFile    ... finished proof: closed. 
41202      INFO  main            d.u.i.k.p.r.p.TestFile    Now processing file /home/runner/work/key/key/key.core/../key.ui/examples/InformationFlow/MethodContracts/contract.IFMethodContract(contract.IFMethodContract__insecure_if_high_n5_n1()).JML operation contract.0.key 
41202      INFO  main            d.u.i.k.p.i.AbstractProblemLoader Loading environment from /home/runner/work/key/key/key.core/../key.ui/examples/InformationFlow/MethodContracts/contract.IFMethodContract(contract.IFMethodContract__insecure_if_high_n5_n1()).JML operation contract.0.key 
41203      DEBUG main            d.u.i.k.p.i.AbstractProblemLoader Environment load took 97.1ns 
41205      INFO  main            d.u.i.k.p.i.AbstractProblemLoader Creating init config 
44481      DEBUG main            d.u.i.k.p.i.AbstractProblemLoader Init config took 3.28s 
44536      INFO  main            d.u.i.k.p.i.AbstractProblemLoader Replaying proof contract.IFMethodContract[contract.IFMethodContract::insecure_if_high_n5_n1()].JML operation contract.0 
44540      DEBUG main            d.u.i.k.p.i.IntermediateProofReplayer Proof replay took 13.2ns 
44743      INFO  main            d.u.i.k.p.r.p.TestFile    ... finished proof: closed. 
44928      INFO  main            d.u.i.k.p.r.p.TestFile    Now processing file /home/runner/work/key/key/key.core/../key.ui/examples/InformationFlow/MethodContracts/contract.IFMethodContract(contract.IFMethodContract__n5(int)).JML normal_behavior operation contract.0.key 
44928      INFO  main            d.u.i.k.p.i.AbstractProblemLoader Loading environment from /home/runner/work/key/key/key.core/../key.ui/examples/InformationFlow/MethodContracts/contract.IFMethodContract(contract.IFMethodContract__n5(int)).JML normal_behavior operation contract.0.key 
44928      DEBUG main            d.u.i.k.p.i.AbstractProblemLoader Environment load took 93.5ns 
44930      INFO  main            d.u.i.k.p.i.AbstractProblemLoader Creating init config 
48123      DEBUG main            d.u.i.k.p.i.AbstractProblemLoader Init config took 3.19s 
48195      INFO  main            d.u.i.k.p.i.AbstractProblemLoader Replaying proof contract.IFMethodContract[contract.IFMethodContract::n5(int)].JML normal_behavior operation contract.0 
48201      DEBUG main            d.u.i.k.p.i.IntermediateProofReplayer Proof replay took 31.4ns 
48304      INFO  main            d.u.i.k.p.r.p.TestFile    ... finished proof: closed. 
48483      INFO  main            d.u.i.k.p.r.p.TestFile    Now processing file /home/runner/work/key/key/key.core/../key.ui/examples/InformationFlow/MethodContracts/contract.IFMethodContract(contract.IFMethodContract__secure_if_high_n5_n1()).JML operation contract.0.key 
48483      INFO  main            d.u.i.k.p.i.AbstractProblemLoader Loading environment from /home/runner/work/key/key/key.core/../key.ui/examples/InformationFlow/MethodContracts/contract.IFMethodContract(contract.IFMethodContract__secure_if_high_n5_n1()).JML operation contract.0.key 
48484      DEBUG main            d.u.i.k.p.i.AbstractProblemLoader Environment load took 97.5ns 
48486      INFO  main            d.u.i.k.p.i.AbstractProblemLoader Creating init config 
51437      DEBUG main            d.u.i.k.p.i.AbstractProblemLoader Init config took 2.95s 
51501      INFO  main            d.u.i.k.p.i.AbstractProblemLoader Replaying proof contract.IFMethodContract[contract.IFMethodContract::secure_if_high_n5_n1()].JML operation contract.0 
51506      DEBUG main            d.u.i.k.p.i.IntermediateProofReplayer Proof replay took 13.7ns 
51809      INFO  main            d.u.i.k.p.r.p.TestFile    ... finished proof: closed. 
52016      INFO  main            d.u.i.k.p.r.p.TestFile    Now processing file /home/runner/work/key/key/key.core/../key.ui/examples/InformationFlow/MethodContracts/contract.IFMethodContract(contract.IFMethodContract__secure_if_high_n1()).JML operation contract.0.key 
52017      INFO  main            d.u.i.k.p.i.AbstractProblemLoader Loading environment from /home/runner/work/key/key/key.core/../key.ui/examples/InformationFlow/MethodContracts/contract.IFMethodContract(contract.IFMethodContract__secure_if_high_n1()).JML operation contract.0.key 
52017      DEBUG main            d.u.i.k.p.i.AbstractProblemLoader Environment load took 274.2ns 
52018      INFO  main            d.u.i.k.p.i.AbstractProblemLoader Creating init config 
55253      DEBUG main            d.u.i.k.p.i.AbstractProblemLoader Init config took 3.23s 
55307      INFO  main            d.u.i.k.p.i.AbstractProblemLoader Replaying proof contract.IFMethodContract[contract.IFMethodContract::secure_if_high_n1()].JML operation contract.0 
55326      DEBUG main            d.u.i.k.p.i.IntermediateProofReplayer Proof replay took 78.5ns 
55533      INFO  main            d.u.i.k.p.r.p.TestFile    ... finished proof: closed. 
55754      INFO  main            d.u.i.k.p.r.p.TestFile    Now processing file /home/runner/work/key/key/key.core/../key.ui/examples/InformationFlow/MethodContracts/contract.IFMethodContract(contract.IFMethodContract__secure_n5()).JML operation contract.0.key 
55755      INFO  main            d.u.i.k.p.i.AbstractProblemLoader Loading environment from /home/runner/work/key/key/key.core/../key.ui/examples/InformationFlow/MethodContracts/contract.IFMethodContract(contract.IFMethodContract__secure_n5()).JML operation contract.0.key 
55755      DEBUG main            d.u.i.k.p.i.AbstractProblemLoader Environment load took 744.91ns 
55756      INFO  main            d.u.i.k.p.i.AbstractProblemLoader Creating init config 
58803      DEBUG main            d.u.i.k.p.i.AbstractProblemLoader Init config took 3.05s 
58870      INFO  main            d.u.i.k.p.i.AbstractProblemLoader Replaying proof contract.IFMethodContract[contract.IFMethodContract::secure_n5()].JML operation contract.0 
58874      DEBUG main            d.u.i.k.p.i.IntermediateProofReplayer Proof replay took 15.3ns 
58980      INFO  main            d.u.i.k.p.r.p.TestFile    ... finished proof: closed. 
59249      INFO  main            d.u.i.k.p.r.p.TestFile    Now processing file /home/runner/work/key/key/key.core/../key.ui/examples/InformationFlow/MethodContracts/contract.IFMethodContract(contract.IFMethodContract__n4()).JML normal_behavior operation contract.0.key 
59249      INFO  main            d.u.i.k.p.i.AbstractProblemLoader Loading environment from /home/runner/work/key/key/key.core/../key.ui/examples/InformationFlow/MethodContracts/contract.IFMethodContract(contract.IFMethodContract__n4()).JML normal_behavior operation contract.0.key 
59250      DEBUG main            d.u.i.k.p.i.AbstractProblemLoader Environment load took 907.01ns 
59252      INFO  main            d.u.i.k.p.i.AbstractProblemLoader Creating init config 
62326      DEBUG main            d.u.i.k.p.i.AbstractProblemLoader Init config took 3.07s 
62377      INFO  main            d.u.i.k.p.i.AbstractProblemLoader Replaying proof contract.IFMethodContract[contract.IFMethodContract::n4()].JML normal_behavior operation contract.0 
62381      DEBUG main            d.u.i.k.p.i.IntermediateProofReplayer Proof replay took 18.5ns 
62483      INFO  main            d.u.i.k.p.r.p.TestFile    ... finished proof: closed. 
62722      INFO  main            d.u.i.k.p.r.p.TestFile    Now processing file /home/runner/work/key/key/key.core/../key.ui/examples/InformationFlow/MethodContracts/contract.IFMethodContract(contract.IFMethodContract__n3()).JML normal_behavior operation contract.0.key 
62722      INFO  main            d.u.i.k.p.i.AbstractProblemLoader Loading environment from /home/runner/work/key/key/key.core/../key.ui/examples/InformationFlow/MethodContracts/contract.IFMethodContract(contract.IFMethodContract__n3()).JML normal_behavior operation contract.0.key 
62723      DEBUG main            d.u.i.k.p.i.AbstractProblemLoader Environment load took 90.2ns 
62724      INFO  main            d.u.i.k.p.i.AbstractProblemLoader Creating init config 
65708      DEBUG main            d.u.i.k.p.i.AbstractProblemLoader Init config took 2.98s 
65756      INFO  main            d.u.i.k.p.i.AbstractProblemLoader Replaying proof contract.IFMethodContract[contract.IFMethodContract::n3()].JML normal_behavior operation contract.0 
65763      DEBUG main            d.u.i.k.p.i.IntermediateProofReplayer Proof replay took 16.2ns 
65865      INFO  main            d.u.i.k.p.r.p.TestFile    ... finished proof: closed. 
66080      INFO  main            d.u.i.k.p.r.p.TestFile    Now processing file /home/runner/work/key/key/key.core/../key.ui/examples/InformationFlow/MethodContracts/contract.IFMethodContract(contract.IFMethodContract__secure_sequential_n3_precond_n4()).JML operation contract.0.key 
66080      INFO  main            d.u.i.k.p.i.AbstractProblemLoader Loading environment from /home/runner/work/key/key/key.core/../key.ui/examples/InformationFlow/MethodContracts/contract.IFMethodContract(contract.IFMethodContract__secure_sequential_n3_precond_n4()).JML operation contract.0.key 
66081      DEBUG main            d.u.i.k.p.i.AbstractProblemLoader Environment load took 761.51ns 
66082      INFO  main            d.u.i.k.p.i.AbstractProblemLoader Creating init config 
69158      DEBUG main            d.u.i.k.p.i.AbstractProblemLoader Init config took 3.08s 
69225      INFO  main            d.u.i.k.p.i.AbstractProblemLoader Replaying proof contract.IFMethodContract[contract.IFMethodContract::secure_sequential_n3_precond_n4()].JML operation contract.0 
69232      DEBUG main            d.u.i.k.p.i.IntermediateProofReplayer Proof replay took 31.8ns 
69335      INFO  main            d.u.i.k.p.r.p.TestFile    ... finished proof: closed. 
69527      INFO  main            d.u.i.k.p.r.p.TestFile    Now processing file /home/runner/work/key/key/key.core/../key.ui/examples/InformationFlow/MethodContracts/contract.IFMethodContract(contract.IFMethodContract__insecure_assignment_n2()).JML operation contract.0.key 
69527      INFO  main            d.u.i.k.p.i.AbstractProblemLoader Loading environment from /home/runner/work/key/key/key.core/../key.ui/examples/InformationFlow/MethodContracts/contract.IFMethodContract(contract.IFMethodContract__insecure_assignment_n2()).JML operation contract.0.key 
69528      DEBUG main            d.u.i.k.p.i.AbstractProblemLoader Environment load took 148ns 
69529      INFO  main            d.u.i.k.p.i.AbstractProblemLoader Creating init config 
72597      DEBUG main            d.u.i.k.p.i.AbstractProblemLoader Init config took 3.07s 
72661      INFO  main            d.u.i.k.p.i.AbstractProblemLoader Replaying proof contract.IFMethodContract[contract.IFMethodContract::insecure_assignment_n2()].JML operation contract.0 
72664      DEBUG main            d.u.i.k.p.i.IntermediateProofReplayer Proof replay took 16.2ns 
72768      INFO  main            d.u.i.k.p.r.p.TestFile    ... finished proof: closed. 
72970      INFO  main            d.u.i.k.p.r.p.TestFile    Now processing file /home/runner/work/key/key/key.core/../key.ui/examples/InformationFlow/MethodContracts/contract.IFMethodContract(contract.IFMethodContract__secure_assignments_n2()).JML operation contract.0.key 
72971      INFO  main            d.u.i.k.p.i.AbstractProblemLoader Loading environment from /home/runner/work/key/key/key.core/../key.ui/examples/InformationFlow/MethodContracts/contract.IFMethodContract(contract.IFMethodContract__secure_assignments_n2()).JML operation contract.0.key 
72971      DEBUG main            d.u.i.k.p.i.AbstractProblemLoader Environment load took 98.4ns 
72972      INFO  main            d.u.i.k.p.i.AbstractProblemLoader Creating init config 
76031      DEBUG main            d.u.i.k.p.i.AbstractProblemLoader Init config took 3.06s 
76097      INFO  main            d.u.i.k.p.i.AbstractProblemLoader Replaying proof contract.IFMethodContract[contract.IFMethodContract::secure_assignments_n2()].JML operation contract.0 
76101      DEBUG main            d.u.i.k.p.i.IntermediateProofReplayer Proof replay took 15.5ns 
76304      INFO  main            d.u.i.k.p.r.p.TestFile    ... finished proof: closed. 
76502      INFO  main            d.u.i.k.p.r.p.TestFile    Now processing file /home/runner/work/key/key/key.core/../key.ui/examples/InformationFlow/MethodContracts/contract.IFMethodContract(contract.IFMethodContract__n2()).JML normal_behavior operation contract.0.key 
76503      INFO  main            d.u.i.k.p.i.AbstractProblemLoader Loading environment from /home/runner/work/key/key/key.core/../key.ui/examples/InformationFlow/MethodContracts/contract.IFMethodContract(contract.IFMethodContract__n2()).JML normal_behavior operation contract.0.key 
76504      DEBUG main            d.u.i.k.p.i.AbstractProblemLoader Environment load took 92.7ns 
76504      INFO  main            d.u.i.k.p.i.AbstractProblemLoader Creating init config 
79374      DEBUG main            d.u.i.k.p.i.AbstractProblemLoader Init config took 2.87s 
79420      INFO  main            d.u.i.k.p.i.AbstractProblemLoader Replaying proof contract.IFMethodContract[contract.IFMethodContract::n2()].JML normal_behavior operation contract.0 
79425      DEBUG main            d.u.i.k.p.i.IntermediateProofReplayer Proof replay took 14.6ns 
79527      INFO  main            d.u.i.k.p.r.p.TestFile    ... finished proof: closed. 
79745      INFO  main            d.u.i.k.p.r.p.TestFile    Now processing file /home/runner/work/key/key/key.core/../key.ui/examples/InformationFlow/MethodContracts/contract.IFMethodContract(contract.IFMethodContract__n1()).JML normal_behavior operation contract.0.key 
79746      INFO  main            d.u.i.k.p.i.AbstractProblemLoader Loading environment from /home/runner/work/key/key/key.core/../key.ui/examples/InformationFlow/MethodContracts/contract.IFMethodContract(contract.IFMethodContract__n1()).JML normal_behavior operation contract.0.key 
79747      DEBUG main            d.u.i.k.p.i.AbstractProblemLoader Environment load took 852.31ns 
79748      INFO  main            d.u.i.k.p.i.AbstractProblemLoader Creating init config 
82779      DEBUG main            d.u.i.k.p.i.AbstractProblemLoader Init config took 3.03s 
82824      INFO  main            d.u.i.k.p.i.AbstractProblemLoader Replaying proof contract.IFMethodContract[contract.IFMethodContract::n1()].JML normal_behavior operation contract.0 
82827      DEBUG main            d.u.i.k.p.i.IntermediateProofReplayer Proof replay took 14.2ns 
82932      INFO  main            d.u.i.k.p.r.p.TestFile    ... finished proof: closed. 
83148      INFO  main            d.u.i.k.p.r.p.TestFile    Now processing file /home/runner/work/key/key/key.core/../key.ui/examples/InformationFlow/MethodContracts/contract.IFMethodContract(contract.IFMethodContract__secure_sequential_n1_n2()).JML operation contract.0.key 
83149      INFO  main            d.u.i.k.p.i.AbstractProblemLoader Loading environment from /home/runner/work/key/key/key.core/../key.ui/examples/InformationFlow/MethodContracts/contract.IFMethodContract(contract.IFMethodContract__secure_sequential_n1_n2()).JML operation contract.0.key 
83149      DEBUG main            d.u.i.k.p.i.AbstractProblemLoader Environment load took 128.3ns 
83150      INFO  main            d.u.i.k.p.i.AbstractProblemLoader Creating init config 
86199      DEBUG main            d.u.i.k.p.i.AbstractProblemLoader Init config took 3.05s 
86243      INFO  main            d.u.i.k.p.i.AbstractProblemLoader Replaying proof contract.IFMethodContract[contract.IFMethodContract::secure_sequential_n1_n2()].JML operation contract.0 
86246      DEBUG main            d.u.i.k.p.i.IntermediateProofReplayer Proof replay took 109.3ns 
86349      INFO  main            d.u.i.k.p.r.p.TestFile    ... finished proof: closed. 
354264     INFO  Test worker     d.u.i.k.p.r.RunAllProofsTestUnit Returning from test MethodContracts 
354268     INFO  Test worker     d.u.i.k.p.r.RunAllProofsTestUnit Running test LoopInvariants 
434        INFO  Timeout watchdog d.u.i.k.p.r.p.ForkedTestFileRunner Timeout watcher launched (1000 secs.) 
449        WARN  main            d.u.i.k.s.ProofSettings   The settings in /home/runner/.key/proof-settings.props are *not* read. 
481        INFO  main            d.u.i.k.p.r.p.TestFile    Now processing file /home/runner/work/key/key/key.core/../key.ui/examples/InformationFlow/LoopInvariants/loop.IFLoopExamples(loop.IFLoopExamples__insecure_while_3(int)).JML operation contract.0.key 
608        INFO  main            d.u.i.k.p.i.AbstractProblemLoader Loading environment from /home/runner/work/key/key/key.core/../key.ui/examples/InformationFlow/LoopInvariants/loop.IFLoopExamples(loop.IFLoopExamples__insecure_while_3(int)).JML operation contract.0.key 
640        DEBUG main            d.u.i.k.p.i.AbstractProblemLoader Environment load took 4.21ms 
904        INFO  main            d.u.i.k.p.i.AbstractProblemLoader Creating init config 
2013       DEBUG main            d.u.i.k.j.TypeConverter   No LDT found for Meta 
2013       DEBUG main            d.u.i.k.j.TypeConverter   No LDT found for Meta 
2015       DEBUG main            d.u.i.k.j.TypeConverter   No LDT found for Meta 
2015       DEBUG main            d.u.i.k.j.TypeConverter   No LDT found for Meta 
3724       DEBUG main            d.u.i.k.j.TypeConverter   No LDT found for JavaBigintExpression 
10306      DEBUG main            d.u.i.k.p.i.AbstractProblemLoader Init config took 9.4s 
10479      INFO  main            d.u.i.k.p.i.AbstractProblemLoader Replaying proof loop.IFLoopExamples[loop.IFLoopExamples::insecure_while_3(int)].JML operation contract.0 
10566      DEBUG main            d.u.i.k.p.i.IntermediateProofReplayer Proof replay took 759.31ns 
11916      INFO  main            d.u.i.k.p.r.p.TestFile    ... finished proof: closed. 
12071      INFO  main            d.u.i.k.p.r.p.TestFile    Now processing file /home/runner/work/key/key/key.core/../key.ui/examples/InformationFlow/LoopInvariants/loop.IFLoopExamples(loop.IFLoopExamples__secure_while_2(int)).JML operation contract.0.key 
12071      INFO  main            d.u.i.k.p.i.AbstractProblemLoader Loading environment from /home/runner/work/key/key/key.core/../key.ui/examples/InformationFlow/LoopInvariants/loop.IFLoopExamples(loop.IFLoopExamples__secure_while_2(int)).JML operation contract.0.key 
12072      DEBUG main            d.u.i.k.p.i.AbstractProblemLoader Environment load took 106.7ns 
12074      INFO  main            d.u.i.k.p.i.AbstractProblemLoader Creating init config 
15936      DEBUG main            d.u.i.k.p.i.AbstractProblemLoader Init config took 3.86s 
16011      INFO  main            d.u.i.k.p.i.AbstractProblemLoader Replaying proof loop.IFLoopExamples[loop.IFLoopExamples::secure_while_2(int)].JML operation contract.0 
16018      DEBUG main            d.u.i.k.p.i.IntermediateProofReplayer Proof replay took 13.5ns 
16623      INFO  main            d.u.i.k.p.r.p.TestFile    ... finished proof: closed. 
16788      INFO  main            d.u.i.k.p.r.p.TestFile    Now processing file /home/runner/work/key/key/key.core/../key.ui/examples/InformationFlow/LoopInvariants/loop.IFLoopExamples(loop.IFLoopExamples__secure_while_4(int)).JML operation contract.0.key 
16792      INFO  main            d.u.i.k.p.i.AbstractProblemLoader Loading environment from /home/runner/work/key/key/key.core/../key.ui/examples/InformationFlow/LoopInvariants/loop.IFLoopExamples(loop.IFLoopExamples__secure_while_4(int)).JML operation contract.0.key 
16793      DEBUG main            d.u.i.k.p.i.AbstractProblemLoader Environment load took 411.2ns 
16797      INFO  main            d.u.i.k.p.i.AbstractProblemLoader Creating init config 
20676      DEBUG main            d.u.i.k.p.i.AbstractProblemLoader Init config took 3.88s 
20771      INFO  main            d.u.i.k.p.i.AbstractProblemLoader Replaying proof loop.IFLoopExamples[loop.IFLoopExamples::secure_while_4(int)].JML operation contract.0 
20776      DEBUG main            d.u.i.k.p.i.IntermediateProofReplayer Proof replay took 16ns 
21281      INFO  main            d.u.i.k.p.r.p.TestFile    ... finished proof: closed. 
21459      INFO  main            d.u.i.k.p.r.p.TestFile    Now processing file /home/runner/work/key/key/key.core/../key.ui/examples/InformationFlow/LoopInvariants/loop.IFLoopExamples(loop.IFLoopExamples__insecure_doubleNestedWhile2(int)).JML operation contract.0.key 
21459      INFO  main            d.u.i.k.p.i.AbstractProblemLoader Loading environment from /home/runner/work/key/key/key.core/../key.ui/examples/InformationFlow/LoopInvariants/loop.IFLoopExamples(loop.IFLoopExamples__insecure_doubleNestedWhile2(int)).JML operation contract.0.key 
21459      DEBUG main            d.u.i.k.p.i.AbstractProblemLoader Environment load took 89.1ns 
21461      INFO  main            d.u.i.k.p.i.AbstractProblemLoader Creating init config 
24894      DEBUG main            d.u.i.k.p.i.AbstractProblemLoader Init config took 3.43s 
24957      INFO  main            d.u.i.k.p.i.AbstractProblemLoader Replaying proof loop.IFLoopExamples[loop.IFLoopExamples::insecure_doubleNestedWhile2(int)].JML operation contract.0 
24962      DEBUG main            d.u.i.k.p.i.IntermediateProofReplayer Proof replay took 14.9ns 
26205      INFO  main            d.u.i.k.p.r.p.TestFile    ... finished proof: closed. 
26412      INFO  main            d.u.i.k.p.r.p.TestFile    Now processing file /home/runner/work/key/key/key.core/../key.ui/examples/InformationFlow/LoopInvariants/loop.IFLoopExamples(loop.IFLoopExamples__insecure_doubleNestedWhile(int)).JML operation contract.0.key 
26412      INFO  main            d.u.i.k.p.i.AbstractProblemLoader Loading environment from /home/runner/work/key/key/key.core/../key.ui/examples/InformationFlow/LoopInvariants/loop.IFLoopExamples(loop.IFLoopExamples__insecure_doubleNestedWhile(int)).JML operation contract.0.key 
26412      DEBUG main            d.u.i.k.p.i.AbstractProblemLoader Environment load took 104.1ns 
26415      INFO  main            d.u.i.k.p.i.AbstractProblemLoader Creating init config 
30059      DEBUG main            d.u.i.k.p.i.AbstractProblemLoader Init config took 3.64s 
30115      INFO  main            d.u.i.k.p.i.AbstractProblemLoader Replaying proof loop.IFLoopExamples[loop.IFLoopExamples::insecure_doubleNestedWhile(int)].JML operation contract.0 
30119      DEBUG main            d.u.i.k.p.i.IntermediateProofReplayer Proof replay took 13.7ns 
31228      INFO  main            d.u.i.k.p.r.p.TestFile    ... finished proof: closed. 
31437      INFO  main            d.u.i.k.p.r.p.TestFile    Now processing file /home/runner/work/key/key/key.core/../key.ui/examples/InformationFlow/LoopInvariants/loop.IFLoopExamples(loop.IFLoopExamples__secure_doubleNestedWhile(int)).JML operation contract.0.key 
31437      INFO  main            d.u.i.k.p.i.AbstractProblemLoader Loading environment from /home/runner/work/key/key/key.core/../key.ui/examples/InformationFlow/LoopInvariants/loop.IFLoopExamples(loop.IFLoopExamples__secure_doubleNestedWhile(int)).JML operation contract.0.key 
31437      DEBUG main            d.u.i.k.p.i.AbstractProblemLoader Environment load took 89.5ns 
31438      INFO  main            d.u.i.k.p.i.AbstractProblemLoader Creating init config 
35098      DEBUG main            d.u.i.k.p.i.AbstractProblemLoader Init config took 3.66s 
35154      INFO  main            d.u.i.k.p.i.AbstractProblemLoader Replaying proof loop.IFLoopExamples[loop.IFLoopExamples::secure_doubleNestedWhile(int)].JML operation contract.0 
35158      DEBUG main            d.u.i.k.p.i.IntermediateProofReplayer Proof replay took 12.6ns 
36518      INFO  main            d.u.i.k.p.r.p.TestFile    ... finished proof: closed. 
36734      INFO  main            d.u.i.k.p.r.p.TestFile    Now processing file /home/runner/work/key/key/key.core/../key.ui/examples/InformationFlow/LoopInvariants/loop.IFLoopExamples(loop.IFLoopExamples__secure_nestedTwoWhile(int)).JML operation contract.0.key 
36734      INFO  main            d.u.i.k.p.i.AbstractProblemLoader Loading environment from /home/runner/work/key/key/key.core/../key.ui/examples/InformationFlow/LoopInvariants/loop.IFLoopExamples(loop.IFLoopExamples__secure_nestedTwoWhile(int)).JML operation contract.0.key 
36734      DEBUG main            d.u.i.k.p.i.AbstractProblemLoader Environment load took 138.5ns 
36740      INFO  main            d.u.i.k.p.i.AbstractProblemLoader Creating init config 
40328      DEBUG main            d.u.i.k.p.i.AbstractProblemLoader Init config took 3.59s 
40385      INFO  main            d.u.i.k.p.i.AbstractProblemLoader Replaying proof loop.IFLoopExamples[loop.IFLoopExamples::secure_nestedTwoWhile(int)].JML operation contract.0 
40389      DEBUG main            d.u.i.k.p.i.IntermediateProofReplayer Proof replay took 13.9ns 
41394      INFO  main            d.u.i.k.p.r.p.TestFile    ... finished proof: closed. 
41603      INFO  main            d.u.i.k.p.r.p.TestFile    Now processing file /home/runner/work/key/key/key.core/../key.ui/examples/InformationFlow/LoopInvariants/loop.IFLoopExamples(loop.IFLoopExamples__secure_nestedWhile(int)).JML operation contract.0.key 
41610      INFO  main            d.u.i.k.p.i.AbstractProblemLoader Loading environment from /home/runner/work/key/key/key.core/../key.ui/examples/InformationFlow/LoopInvariants/loop.IFLoopExamples(loop.IFLoopExamples__secure_nestedWhile(int)).JML operation contract.0.key 
41610      DEBUG main            d.u.i.k.p.i.AbstractProblemLoader Environment load took 618.01ns 
41612      INFO  main            d.u.i.k.p.i.AbstractProblemLoader Creating init config 
45084      DEBUG main            d.u.i.k.p.i.AbstractProblemLoader Init config took 3.47s 
45147      INFO  main            d.u.i.k.p.i.AbstractProblemLoader Replaying proof loop.IFLoopExamples[loop.IFLoopExamples::secure_nestedWhile(int)].JML operation contract.0 
45154      DEBUG main            d.u.i.k.p.i.IntermediateProofReplayer Proof replay took 14.8ns 
45761      INFO  main            d.u.i.k.p.r.p.TestFile    ... finished proof: closed. 
46019      INFO  main            d.u.i.k.p.r.p.TestFile    Now processing file /home/runner/work/key/key/key.core/../key.ui/examples/InformationFlow/LoopInvariants/loop.IFLoopExamples(loop.IFLoopExamples__notSecure_while(int)).JML operation contract.0.key 
46020      INFO  main            d.u.i.k.p.i.AbstractProblemLoader Loading environment from /home/runner/work/key/key/key.core/../key.ui/examples/InformationFlow/LoopInvariants/loop.IFLoopExamples(loop.IFLoopExamples__notSecure_while(int)).JML operation contract.0.key 
46021      DEBUG main            d.u.i.k.p.i.AbstractProblemLoader Environment load took 713.91ns 
46022      INFO  main            d.u.i.k.p.i.AbstractProblemLoader Creating init config 
49572      DEBUG main            d.u.i.k.p.i.AbstractProblemLoader Init config took 3.55s 
49630      INFO  main            d.u.i.k.p.i.AbstractProblemLoader Replaying proof loop.IFLoopExamples[loop.IFLoopExamples::notSecure_while(int)].JML operation contract.0 
49634      DEBUG main            d.u.i.k.p.i.IntermediateProofReplayer Proof replay took 15.3ns 
49937      INFO  main            d.u.i.k.p.r.p.TestFile    ... finished proof: closed. 
50124      INFO  main            d.u.i.k.p.r.p.TestFile    Now processing file /home/runner/work/key/key/key.core/../key.ui/examples/InformationFlow/LoopInvariants/loop.IFLoopExamples(loop.IFLoopExamples__notSecure_while_wrongInv(int)).JML operation contract.0.key 
50124      INFO  main            d.u.i.k.p.i.AbstractProblemLoader Loading environment from /home/runner/work/key/key/key.core/../key.ui/examples/InformationFlow/LoopInvariants/loop.IFLoopExamples(loop.IFLoopExamples__notSecure_while_wrongInv(int)).JML operation contract.0.key 
50125      DEBUG main            d.u.i.k.p.i.AbstractProblemLoader Environment load took 709.11ns 
50126      INFO  main            d.u.i.k.p.i.AbstractProblemLoader Creating init config 
53618      DEBUG main            d.u.i.k.p.i.AbstractProblemLoader Init config took 3.49s 
53664      INFO  main            d.u.i.k.p.i.AbstractProblemLoader Replaying proof loop.IFLoopExamples[loop.IFLoopExamples::notSecure_while_wrongInv(int)].JML operation contract.0 
53668      DEBUG main            d.u.i.k.p.i.IntermediateProofReplayer Proof replay took 32.3ns 
53984      INFO  main            d.u.i.k.p.r.p.TestFile    ... finished proof: open goal(s) 
54173      INFO  main            d.u.i.k.p.r.p.TestFile    Now processing file /home/runner/work/key/key/key.core/../key.ui/examples/InformationFlow/LoopInvariants/loop.IFLoopExamples(loop.IFLoopExamples__insecure_twoWhile(int)).JML operation contract.0.key 
54174      INFO  main            d.u.i.k.p.i.AbstractProblemLoader Loading environment from /home/runner/work/key/key/key.core/../key.ui/examples/InformationFlow/LoopInvariants/loop.IFLoopExamples(loop.IFLoopExamples__insecure_twoWhile(int)).JML operation contract.0.key 
54175      DEBUG main            d.u.i.k.p.i.AbstractProblemLoader Environment load took 310.8ns 
54176      INFO  main            d.u.i.k.p.i.AbstractProblemLoader Creating init config 
57707      DEBUG main            d.u.i.k.p.i.AbstractProblemLoader Init config took 3.53s 
57776      INFO  main            d.u.i.k.p.i.AbstractProblemLoader Replaying proof loop.IFLoopExamples[loop.IFLoopExamples::insecure_twoWhile(int)].JML operation contract.0 
57780      DEBUG main            d.u.i.k.p.i.IntermediateProofReplayer Proof replay took 32.9ns 
58286      INFO  main            d.u.i.k.p.r.p.TestFile    ... finished proof: closed. 
58514      INFO  main            d.u.i.k.p.r.p.TestFile    Now processing file /home/runner/work/key/key/key.core/../key.ui/examples/InformationFlow/LoopInvariants/loop.IFLoopExamples(loop.IFLoopExamples__insecure_twoWhile_2(int)).JML operation contract.0.key 
58514      INFO  main            d.u.i.k.p.i.AbstractProblemLoader Loading environment from /home/runner/work/key/key/key.core/../key.ui/examples/InformationFlow/LoopInvariants/loop.IFLoopExamples(loop.IFLoopExamples__insecure_twoWhile_2(int)).JML operation contract.0.key 
58516      DEBUG main            d.u.i.k.p.i.AbstractProblemLoader Environment load took 1.65ms 
58517      INFO  main            d.u.i.k.p.i.AbstractProblemLoader Creating init config 
61855      DEBUG main            d.u.i.k.p.i.AbstractProblemLoader Init config took 3.34s 
61904      INFO  main            d.u.i.k.p.i.AbstractProblemLoader Replaying proof loop.IFLoopExamples[loop.IFLoopExamples::insecure_twoWhile_2(int)].JML operation contract.0 
61907      DEBUG main            d.u.i.k.p.i.IntermediateProofReplayer Proof replay took 16.3ns 
62417      INFO  main            d.u.i.k.p.r.p.TestFile    ... finished proof: closed. 
62619      INFO  main            d.u.i.k.p.r.p.TestFile    Now processing file /home/runner/work/key/key/key.core/../key.ui/examples/InformationFlow/LoopInvariants/loop.IFLoopExamples(loop.IFLoopExamples__secure_twoWhile(int)).JML operation contract.0.key 
62620      INFO  main            d.u.i.k.p.i.AbstractProblemLoader Loading environment from /home/runner/work/key/key/key.core/../key.ui/examples/InformationFlow/LoopInvariants/loop.IFLoopExamples(loop.IFLoopExamples__secure_twoWhile(int)).JML operation contract.0.key 
62621      DEBUG main            d.u.i.k.p.i.AbstractProblemLoader Environment load took 766.11ns 
62622      INFO  main            d.u.i.k.p.i.AbstractProblemLoader Creating init config 
66044      DEBUG main            d.u.i.k.p.i.AbstractProblemLoader Init config took 3.42s 
66093      INFO  main            d.u.i.k.p.i.AbstractProblemLoader Replaying proof loop.IFLoopExamples[loop.IFLoopExamples::secure_twoWhile(int)].JML operation contract.0 
66096      DEBUG main            d.u.i.k.p.i.IntermediateProofReplayer Proof replay took 29.4ns 
66601      INFO  main            d.u.i.k.p.r.p.TestFile    ... finished proof: closed. 
66860      INFO  main            d.u.i.k.p.r.p.TestFile    Now processing file /home/runner/work/key/key/key.core/../key.ui/examples/InformationFlow/LoopInvariants/loop.IFLoopExamples(loop.IFLoopExamples__loc_secure_while(int)).JML operation contract.0.key 
66861      INFO  main            d.u.i.k.p.i.AbstractProblemLoader Loading environment from /home/runner/work/key/key/key.core/../key.ui/examples/InformationFlow/LoopInvariants/loop.IFLoopExamples(loop.IFLoopExamples__loc_secure_while(int)).JML operation contract.0.key 
66861      DEBUG main            d.u.i.k.p.i.AbstractProblemLoader Environment load took 92ns 
66862      INFO  main            d.u.i.k.p.i.AbstractProblemLoader Creating init config 
70263      DEBUG main            d.u.i.k.p.i.AbstractProblemLoader Init config took 3.4s 
70309      INFO  main            d.u.i.k.p.i.AbstractProblemLoader Replaying proof loop.IFLoopExamples[loop.IFLoopExamples::loc_secure_while(int)].JML operation contract.0 
70312      DEBUG main            d.u.i.k.p.i.IntermediateProofReplayer Proof replay took 16.2ns 
70616      INFO  main            d.u.i.k.p.r.p.TestFile    ... finished proof: closed. 
70791      INFO  main            d.u.i.k.p.r.p.TestFile    Now processing file /home/runner/work/key/key/key.core/../key.ui/examples/InformationFlow/LoopInvariants/loop.IFLoopExamples(loop.IFLoopExamples__secure_while(int)).JML operation contract.0.key 
70791      INFO  main            d.u.i.k.p.i.AbstractProblemLoader Loading environment from /home/runner/work/key/key/key.core/../key.ui/examples/InformationFlow/LoopInvariants/loop.IFLoopExamples(loop.IFLoopExamples__secure_while(int)).JML operation contract.0.key 
70791      DEBUG main            d.u.i.k.p.i.AbstractProblemLoader Environment load took 86.6ns 
70795      INFO  main            d.u.i.k.p.i.AbstractProblemLoader Creating init config 
74055      DEBUG main            d.u.i.k.p.i.AbstractProblemLoader Init config took 3.26s 
74099      INFO  main            d.u.i.k.p.i.AbstractProblemLoader Replaying proof loop.IFLoopExamples[loop.IFLoopExamples::secure_while(int)].JML operation contract.0 
74103      DEBUG main            d.u.i.k.p.i.IntermediateProofReplayer Proof replay took 17.6ns 
74406      INFO  main            d.u.i.k.p.r.p.TestFile    ... finished proof: closed. 
74601      INFO  main            d.u.i.k.p.r.p.TestFile    Now processing file /home/runner/work/key/key/key.core/../key.ui/examples/InformationFlow/LoopInvariants/loop.IFLoopExamples(loop.IFLoopExamples__print(int)).JML normal_behavior operation contract.0.key 
74603      INFO  main            d.u.i.k.p.i.AbstractProblemLoader Loading environment from /home/runner/work/key/key/key.core/../key.ui/examples/InformationFlow/LoopInvariants/loop.IFLoopExamples(loop.IFLoopExamples__print(int)).JML normal_behavior operation contract.0.key 
74603      DEBUG main            d.u.i.k.p.i.AbstractProblemLoader Environment load took 114.9ns 
74604      INFO  main            d.u.i.k.p.i.AbstractProblemLoader Creating init config 
78075      DEBUG main            d.u.i.k.p.i.AbstractProblemLoader Init config took 3.47s 
78127      INFO  main            d.u.i.k.p.i.AbstractProblemLoader Replaying proof loop.IFLoopExamples[loop.IFLoopExamples::print(int)].JML normal_behavior operation contract.0 
78130      DEBUG main            d.u.i.k.p.i.IntermediateProofReplayer Proof replay took 15.7ns 
78236      INFO  main            d.u.i.k.p.r.p.TestFile    ... finished proof: closed. 
78444      INFO  main            d.u.i.k.p.r.p.TestFile    Now processing file /home/runner/work/key/key/key.core/../key.ui/examples/InformationFlow/LoopInvariants/loop.IFLoopExamples(loop.IFLoopExamples__hammer(int)).JML normal_behavior operation contract.0.key 
78444      INFO  main            d.u.i.k.p.i.AbstractProblemLoader Loading environment from /home/runner/work/key/key/key.core/../key.ui/examples/InformationFlow/LoopInvariants/loop.IFLoopExamples(loop.IFLoopExamples__hammer(int)).JML normal_behavior operation contract.0.key 
78445      DEBUG main            d.u.i.k.p.i.AbstractProblemLoader Environment load took 71.7ns 
78446      INFO  main            d.u.i.k.p.i.AbstractProblemLoader Creating init config 
81820      DEBUG main            d.u.i.k.p.i.AbstractProblemLoader Init config took 3.37s 
81865      INFO  main            d.u.i.k.p.i.AbstractProblemLoader Replaying proof loop.IFLoopExamples[loop.IFLoopExamples::hammer(int)].JML normal_behavior operation contract.0 
81868      DEBUG main            d.u.i.k.p.i.IntermediateProofReplayer Proof replay took 13ns 
82277      INFO  main            d.u.i.k.p.r.p.TestFile    ... finished proof: closed. 
436973     INFO  Test worker     d.u.i.k.p.r.RunAllProofsTestUnit Returning from test LoopInvariants 
436975     INFO  Test worker     d.u.i.k.p.r.RunAllProofsTestUnit Running test MiniExamples 
484        INFO  Timeout watchdog d.u.i.k.p.r.p.ForkedTestFileRunner Timeout watcher launched (1000 secs.) 
526        WARN  main            d.u.i.k.s.ProofSettings   The settings in /home/runner/.key/proof-settings.props are *not* read. 
584        INFO  main            d.u.i.k.p.r.p.TestFile    Now processing file /home/runner/work/key/key/key.core/../key.ui/examples/InformationFlow/MiniExamples/mini.AliasingExamples(mini.AliasingExamples__insecure_1(mini.AliasingExamples,mini.AliasingExamples,int)).JML operation contract.0.key 
714        INFO  main            d.u.i.k.p.i.AbstractProblemLoader Loading environment from /home/runner/work/key/key/key.core/../key.ui/examples/InformationFlow/MiniExamples/mini.AliasingExamples(mini.AliasingExamples__insecure_1(mini.AliasingExamples,mini.AliasingExamples,int)).JML operation contract.0.key 
736        DEBUG main            d.u.i.k.p.i.AbstractProblemLoader Environment load took 2.93ms 
1005       INFO  main            d.u.i.k.p.i.AbstractProblemLoader Creating init config 
2230       DEBUG main            d.u.i.k.j.TypeConverter   No LDT found for Meta 
2231       DEBUG main            d.u.i.k.j.TypeConverter   No LDT found for Meta 
2232       DEBUG main            d.u.i.k.j.TypeConverter   No LDT found for Meta 
2232       DEBUG main            d.u.i.k.j.TypeConverter   No LDT found for Meta 
4091       DEBUG main            d.u.i.k.j.TypeConverter   No LDT found for JavaBigintExpression 
10074      DEBUG main            d.u.i.k.p.i.AbstractProblemLoader Init config took 9.07s 
10233      INFO  main            d.u.i.k.p.i.AbstractProblemLoader Replaying proof mini.AliasingExamples[mini.AliasingExamples::insecure_1(mini.AliasingExamples,mini.AliasingExamples,int)].JML operation contract.0 
10282      DEBUG main            d.u.i.k.p.i.IntermediateProofReplayer Proof replay took 444ns 
11015      INFO  main            d.u.i.k.p.r.p.TestFile    ... finished proof: closed. 
11155      INFO  main            d.u.i.k.p.r.p.TestFile    Now processing file /home/runner/work/key/key/key.core/../key.ui/examples/InformationFlow/MiniExamples/mini.AliasingExamples(mini.AliasingExamples__secure_1(mini.AliasingExamples,mini.AliasingExamples,int)).JML operation contract.0.key 
11156      INFO  main            d.u.i.k.p.i.AbstractProblemLoader Loading environment from /home/runner/work/key/key/key.core/../key.ui/examples/InformationFlow/MiniExamples/mini.AliasingExamples(mini.AliasingExamples__secure_1(mini.AliasingExamples,mini.AliasingExamples,int)).JML operation contract.0.key 
11156      DEBUG main            d.u.i.k.p.i.AbstractProblemLoader Environment load took 265.3ns 
11159      INFO  main            d.u.i.k.p.i.AbstractProblemLoader Creating init config 
14710      DEBUG main            d.u.i.k.p.i.AbstractProblemLoader Init config took 3.55s 
14791      INFO  main            d.u.i.k.p.i.AbstractProblemLoader Replaying proof mini.AliasingExamples[mini.AliasingExamples::secure_1(mini.AliasingExamples,mini.AliasingExamples,int)].JML operation contract.0 
14798      DEBUG main            d.u.i.k.p.i.IntermediateProofReplayer Proof replay took 12.2ns 
15002      INFO  main            d.u.i.k.p.r.p.TestFile    ... finished proof: closed. 
15165      INFO  main            d.u.i.k.p.r.p.TestFile    Now processing file /home/runner/work/key/key/key.core/../key.ui/examples/InformationFlow/MiniExamples/mini.MiniExamplesLecture(mini.MiniExamplesLecture__m_6()).JML normal_behavior operation contract.0.key 
15166      INFO  main            d.u.i.k.p.i.AbstractProblemLoader Loading environment from /home/runner/work/key/key/key.core/../key.ui/examples/InformationFlow/MiniExamples/mini.MiniExamplesLecture(mini.MiniExamplesLecture__m_6()).JML normal_behavior operation contract.0.key 
15166      DEBUG main            d.u.i.k.p.i.AbstractProblemLoader Environment load took 571.31ns 
15169      INFO  main            d.u.i.k.p.i.AbstractProblemLoader Creating init config 
18637      DEBUG main            d.u.i.k.p.i.AbstractProblemLoader Init config took 3.47s 
18740      INFO  main            d.u.i.k.p.i.AbstractProblemLoader Replaying proof mini.MiniExamplesLecture[mini.MiniExamplesLecture::m_6()].JML normal_behavior operation contract.0 
18751      DEBUG main            d.u.i.k.p.i.IntermediateProofReplayer Proof replay took 13.6ns 
18855      INFO  main            d.u.i.k.p.r.p.TestFile    ... finished proof: closed. 
18988      INFO  main            d.u.i.k.p.r.p.TestFile    Now processing file /home/runner/work/key/key/key.core/../key.ui/examples/InformationFlow/MiniExamples/mini.MiniExamplesLecture(mini.MiniExamplesLecture__m_5()).JML normal_behavior operation contract.0.key 
18988      INFO  main            d.u.i.k.p.i.AbstractProblemLoader Loading environment from /home/runner/work/key/key/key.core/../key.ui/examples/InformationFlow/MiniExamples/mini.MiniExamplesLecture(mini.MiniExamplesLecture__m_5()).JML normal_behavior operation contract.0.key 
18989      DEBUG main            d.u.i.k.p.i.AbstractProblemLoader Environment load took 162.4ns 
18990      INFO  main            d.u.i.k.p.i.AbstractProblemLoader Creating init config 
22079      DEBUG main            d.u.i.k.p.i.AbstractProblemLoader Init config took 3.09s 
22187      INFO  main            d.u.i.k.p.i.AbstractProblemLoader Replaying proof mini.MiniExamplesLecture[mini.MiniExamplesLecture::m_5()].JML normal_behavior operation contract.0 
22194      DEBUG main            d.u.i.k.p.i.IntermediateProofReplayer Proof replay took 14.5ns 
22398      INFO  main            d.u.i.k.p.r.p.TestFile    ... finished proof: closed. 
22552      INFO  main            d.u.i.k.p.r.p.TestFile    Now processing file /home/runner/work/key/key/key.core/../key.ui/examples/InformationFlow/MiniExamples/mini.MiniExamplesLecture(mini.MiniExamplesLecture__m_4()).JML normal_behavior operation contract.0.key 
22553      INFO  main            d.u.i.k.p.i.AbstractProblemLoader Loading environment from /home/runner/work/key/key/key.core/../key.ui/examples/InformationFlow/MiniExamples/mini.MiniExamplesLecture(mini.MiniExamplesLecture__m_4()).JML normal_behavior operation contract.0.key 
22553      DEBUG main            d.u.i.k.p.i.AbstractProblemLoader Environment load took 164.8ns 
22554      INFO  main            d.u.i.k.p.i.AbstractProblemLoader Creating init config 
25637      DEBUG main            d.u.i.k.p.i.AbstractProblemLoader Init config took 3.08s 
25700      INFO  main            d.u.i.k.p.i.AbstractProblemLoader Replaying proof mini.MiniExamplesLecture[mini.MiniExamplesLecture::m_4()].JML normal_behavior operation contract.0 
25704      DEBUG main            d.u.i.k.p.i.IntermediateProofReplayer Proof replay took 40.9ns 
25810      INFO  main            d.u.i.k.p.r.p.TestFile    ... finished proof: closed. 
25955      INFO  main            d.u.i.k.p.r.p.TestFile    Now processing file /home/runner/work/key/key/key.core/../key.ui/examples/InformationFlow/MiniExamples/mini.MiniExamplesLecture(mini.MiniExamplesLecture__m_3()).JML normal_behavior operation contract.0.key 
25955      INFO  main            d.u.i.k.p.i.AbstractProblemLoader Loading environment from /home/runner/work/key/key/key.core/../key.ui/examples/InformationFlow/MiniExamples/mini.MiniExamplesLecture(mini.MiniExamplesLecture__m_3()).JML normal_behavior operation contract.0.key 
25956      DEBUG main            d.u.i.k.p.i.AbstractProblemLoader Environment load took 89.7ns 
25958      INFO  main            d.u.i.k.p.i.AbstractProblemLoader Creating init config 
29049      DEBUG main            d.u.i.k.p.i.AbstractProblemLoader Init config took 3.09s 
29108      INFO  main            d.u.i.k.p.i.AbstractProblemLoader Replaying proof mini.MiniExamplesLecture[mini.MiniExamplesLecture::m_3()].JML normal_behavior operation contract.0 
29112      DEBUG main            d.u.i.k.p.i.IntermediateProofReplayer Proof replay took 13.5ns 
29219      INFO  main            d.u.i.k.p.r.p.TestFile    ... finished proof: closed. 
29463      INFO  main            d.u.i.k.p.r.p.TestFile    Now processing file /home/runner/work/key/key/key.core/../key.ui/examples/InformationFlow/MiniExamples/mini.MiniExamplesLecture(mini.MiniExamplesLecture__m_2()).JML normal_behavior operation contract.0.key 
29463      INFO  main            d.u.i.k.p.i.AbstractProblemLoader Loading environment from /home/runner/work/key/key/key.core/../key.ui/examples/InformationFlow/MiniExamples/mini.MiniExamplesLecture(mini.MiniExamplesLecture__m_2()).JML normal_behavior operation contract.0.key 
29464      DEBUG main            d.u.i.k.p.i.AbstractProblemLoader Environment load took 244.8ns 
29465      INFO  main            d.u.i.k.p.i.AbstractProblemLoader Creating init config 
32581      DEBUG main            d.u.i.k.p.i.AbstractProblemLoader Init config took 3.12s 
32637      INFO  main            d.u.i.k.p.i.AbstractProblemLoader Replaying proof mini.MiniExamplesLecture[mini.MiniExamplesLecture::m_2()].JML normal_behavior operation contract.0 
32641      DEBUG main            d.u.i.k.p.i.IntermediateProofReplayer Proof replay took 31.5ns 
32844      INFO  main            d.u.i.k.p.r.p.TestFile    ... finished proof: closed. 
33052      INFO  main            d.u.i.k.p.r.p.TestFile    Now processing file /home/runner/work/key/key/key.core/../key.ui/examples/InformationFlow/MiniExamples/mini.MiniExamplesLecture(mini.MiniExamplesLecture__m_1()).JML normal_behavior operation contract.0.key 
33052      INFO  main            d.u.i.k.p.i.AbstractProblemLoader Loading environment from /home/runner/work/key/key/key.core/../key.ui/examples/InformationFlow/MiniExamples/mini.MiniExamplesLecture(mini.MiniExamplesLecture__m_1()).JML normal_behavior operation contract.0.key 
33052      DEBUG main            d.u.i.k.p.i.AbstractProblemLoader Environment load took 101ns 
33053      INFO  main            d.u.i.k.p.i.AbstractProblemLoader Creating init config 
36106      DEBUG main            d.u.i.k.p.i.AbstractProblemLoader Init config took 3.05s 
36163      INFO  main            d.u.i.k.p.i.AbstractProblemLoader Replaying proof mini.MiniExamplesLecture[mini.MiniExamplesLecture::m_1()].JML normal_behavior operation contract.0 
36167      DEBUG main            d.u.i.k.p.i.IntermediateProofReplayer Proof replay took 14.7ns 
36271      INFO  main            d.u.i.k.p.r.p.TestFile    ... finished proof: closed. 
36443      INFO  main            d.u.i.k.p.r.p.TestFile    Now processing file /home/runner/work/key/key/key.core/../key.ui/examples/InformationFlow/MiniExamples/mini.DifferenceSeqLocset(mini.DifferenceSeqLocset__m()).JML normal_behavior operation contract.1.key 
36443      INFO  main            d.u.i.k.p.i.AbstractProblemLoader Loading environment from /home/runner/work/key/key/key.core/../key.ui/examples/InformationFlow/MiniExamples/mini.DifferenceSeqLocset(mini.DifferenceSeqLocset__m()).JML normal_behavior operation contract.1.key 
36444      DEBUG main            d.u.i.k.p.i.AbstractProblemLoader Environment load took 98ns 
36445      INFO  main            d.u.i.k.p.i.AbstractProblemLoader Creating init config 
39406      DEBUG main            d.u.i.k.p.i.AbstractProblemLoader Init config took 2.96s 
39465      INFO  main            d.u.i.k.p.i.AbstractProblemLoader Replaying proof mini.DifferenceSeqLocset[mini.DifferenceSeqLocset::m()].JML normal_behavior operation contract.1 
39472      DEBUG main            d.u.i.k.p.i.IntermediateProofReplayer Proof replay took 16.2ns 
39775      INFO  main            d.u.i.k.p.r.p.TestFile    ... finished proof: closed. 
39954      INFO  main            d.u.i.k.p.r.p.TestFile    Now processing file /home/runner/work/key/key/key.core/../key.ui/examples/InformationFlow/MiniExamples/mini.DifferenceSeqLocset(mini.DifferenceSeqLocset__m()).JML normal_behavior operation contract.0.key 
39954      INFO  main            d.u.i.k.p.i.AbstractProblemLoader Loading environment from /home/runner/work/key/key/key.core/../key.ui/examples/InformationFlow/MiniExamples/mini.DifferenceSeqLocset(mini.DifferenceSeqLocset__m()).JML normal_behavior operation contract.0.key 
39954      DEBUG main            d.u.i.k.p.i.AbstractProblemLoader Environment load took 80.4ns 
39956      INFO  main            d.u.i.k.p.i.AbstractProblemLoader Creating init config 
43019      DEBUG main            d.u.i.k.p.i.AbstractProblemLoader Init config took 3.06s 
43074      INFO  main            d.u.i.k.p.i.AbstractProblemLoader Replaying proof mini.DifferenceSeqLocset[mini.DifferenceSeqLocset::m()].JML normal_behavior operation contract.0 
43078      DEBUG main            d.u.i.k.p.i.IntermediateProofReplayer Proof replay took 12.4ns 
43283      INFO  main            d.u.i.k.p.r.p.TestFile    ... finished proof: closed. 
43450      INFO  main            d.u.i.k.p.r.p.TestFile    Now processing file /home/runner/work/key/key/key.core/../key.ui/examples/InformationFlow/MiniExamples/mini.MiniExamples(mini.MiniExamples__secure_p2_8()).JML normal_behavior operation contract.0.key 
43451      INFO  main            d.u.i.k.p.i.AbstractProblemLoader Loading environment from /home/runner/work/key/key/key.core/../key.ui/examples/InformationFlow/MiniExamples/mini.MiniExamples(mini.MiniExamples__secure_p2_8()).JML normal_behavior operation contract.0.key 
43451      DEBUG main            d.u.i.k.p.i.AbstractProblemLoader Environment load took 86ns 
43452      INFO  main            d.u.i.k.p.i.AbstractProblemLoader Creating init config 
46336      DEBUG main            d.u.i.k.p.i.AbstractProblemLoader Init config took 2.88s 
46390      INFO  main            d.u.i.k.p.i.AbstractProblemLoader Replaying proof mini.MiniExamples[mini.MiniExamples::secure_p2_8()].JML normal_behavior operation contract.0 
46394      DEBUG main            d.u.i.k.p.i.IntermediateProofReplayer Proof replay took 13.1ns 
46597      INFO  main            d.u.i.k.p.r.p.TestFile    ... finished proof: closed. 
46782      INFO  main            d.u.i.k.p.r.p.TestFile    Now processing file /home/runner/work/key/key/key.core/../key.ui/examples/InformationFlow/MiniExamples/mini.MiniExamples(mini.MiniExamples__secure_parameter(int)).JML operation contract.0.key 
46782      INFO  main            d.u.i.k.p.i.AbstractProblemLoader Loading environment from /home/runner/work/key/key/key.core/../key.ui/examples/InformationFlow/MiniExamples/mini.MiniExamples(mini.MiniExamples__secure_parameter(int)).JML operation contract.0.key 
46782      DEBUG main            d.u.i.k.p.i.AbstractProblemLoader Environment load took 96.8ns 
46783      INFO  main            d.u.i.k.p.i.AbstractProblemLoader Creating init config 
49708      DEBUG main            d.u.i.k.p.i.AbstractProblemLoader Init config took 2.92s 
49757      INFO  main            d.u.i.k.p.i.AbstractProblemLoader Replaying proof mini.MiniExamples[mini.MiniExamples::secure_parameter(int)].JML operation contract.0 
49761      DEBUG main            d.u.i.k.p.i.IntermediateProofReplayer Proof replay took 14.2ns 
49863      INFO  main            d.u.i.k.p.r.p.TestFile    ... finished proof: closed. 
50040      INFO  main            d.u.i.k.p.r.p.TestFile    Now processing file /home/runner/work/key/key/key.core/../key.ui/examples/InformationFlow/MiniExamples/mini.MiniExamples(mini.MiniExamples__secure_p2_7()).JML normal_behavior operation contract.0.key 
50040      INFO  main            d.u.i.k.p.i.AbstractProblemLoader Loading environment from /home/runner/work/key/key/key.core/../key.ui/examples/InformationFlow/MiniExamples/mini.MiniExamples(mini.MiniExamples__secure_p2_7()).JML normal_behavior operation contract.0.key 
50040      DEBUG main            d.u.i.k.p.i.AbstractProblemLoader Environment load took 67.3ns 
50042      INFO  main            d.u.i.k.p.i.AbstractProblemLoader Creating init config 
52982      DEBUG main            d.u.i.k.p.i.AbstractProblemLoader Init config took 2.94s 
53045      INFO  main            d.u.i.k.p.i.AbstractProblemLoader Replaying proof mini.MiniExamples[mini.MiniExamples::secure_p2_7()].JML normal_behavior operation contract.0 
53048      DEBUG main            d.u.i.k.p.i.IntermediateProofReplayer Proof replay took 30.7ns 
53154      INFO  main            d.u.i.k.p.r.p.TestFile    ... finished proof: closed. 
53338      INFO  main            d.u.i.k.p.r.p.TestFile    Now processing file /home/runner/work/key/key/key.core/../key.ui/examples/InformationFlow/MiniExamples/mini.MiniExamples(mini.MiniExamples__insecure_p2_2()).JML normal_behavior operation contract.0.key 
53338      INFO  main            d.u.i.k.p.i.AbstractProblemLoader Loading environment from /home/runner/work/key/key/key.core/../key.ui/examples/InformationFlow/MiniExamples/mini.MiniExamples(mini.MiniExamples__insecure_p2_2()).JML normal_behavior operation contract.0.key 
53338      DEBUG main            d.u.i.k.p.i.AbstractProblemLoader Environment load took 89.6ns 
53340      INFO  main            d.u.i.k.p.i.AbstractProblemLoader Creating init config 
56486      DEBUG main            d.u.i.k.p.i.AbstractProblemLoader Init config took 3.15s 
56540      INFO  main            d.u.i.k.p.i.AbstractProblemLoader Replaying proof mini.MiniExamples[mini.MiniExamples::insecure_p2_2()].JML normal_behavior operation contract.0 
56543      DEBUG main            d.u.i.k.p.i.IntermediateProofReplayer Proof replay took 15.5ns 
56646      INFO  main            d.u.i.k.p.r.p.TestFile    ... finished proof: closed. 
56860      INFO  main            d.u.i.k.p.r.p.TestFile    Now processing file /home/runner/work/key/key/key.core/../key.ui/examples/InformationFlow/MiniExamples/mini.MiniExamples(mini.MiniExamples__secure_p2_6()).JML normal_behavior operation contract.0.key 
56861      INFO  main            d.u.i.k.p.i.AbstractProblemLoader Loading environment from /home/runner/work/key/key/key.core/../key.ui/examples/InformationFlow/MiniExamples/mini.MiniExamples(mini.MiniExamples__secure_p2_6()).JML normal_behavior operation contract.0.key 
56861      DEBUG main            d.u.i.k.p.i.AbstractProblemLoader Environment load took 87.9ns 
56863      INFO  main            d.u.i.k.p.i.AbstractProblemLoader Creating init config 
59764      DEBUG main            d.u.i.k.p.i.AbstractProblemLoader Init config took 2.9s 
59810      INFO  main            d.u.i.k.p.i.AbstractProblemLoader Replaying proof mini.MiniExamples[mini.MiniExamples::secure_p2_6()].JML normal_behavior operation contract.0 
59812      DEBUG main            d.u.i.k.p.i.IntermediateProofReplayer Proof replay took 16.8ns 
59918      INFO  main            d.u.i.k.p.r.p.TestFile    ... finished proof: closed. 
60119      INFO  main            d.u.i.k.p.r.p.TestFile    Now processing file /home/runner/work/key/key/key.core/../key.ui/examples/InformationFlow/MiniExamples/mini.MiniExamples(mini.MiniExamples__secure_p2_5()).JML normal_behavior operation contract.0.key 
60119      INFO  main            d.u.i.k.p.i.AbstractProblemLoader Loading environment from /home/runner/work/key/key/key.core/../key.ui/examples/InformationFlow/MiniExamples/mini.MiniExamples(mini.MiniExamples__secure_p2_5()).JML normal_behavior operation contract.0.key 
60120      DEBUG main            d.u.i.k.p.i.AbstractProblemLoader Environment load took 125.2ns 
60121      INFO  main            d.u.i.k.p.i.AbstractProblemLoader Creating init config 
63078      DEBUG main            d.u.i.k.p.i.AbstractProblemLoader Init config took 2.96s 
63122      INFO  main            d.u.i.k.p.i.AbstractProblemLoader Replaying proof mini.MiniExamples[mini.MiniExamples::secure_p2_5()].JML normal_behavior operation contract.0 
63125      DEBUG main            d.u.i.k.p.i.IntermediateProofReplayer Proof replay took 30.3ns 
63228      INFO  main            d.u.i.k.p.r.p.TestFile    ... finished proof: closed. 
63425      INFO  main            d.u.i.k.p.r.p.TestFile    Now processing file /home/runner/work/key/key/key.core/../key.ui/examples/InformationFlow/MiniExamples/mini.MiniExamples(mini.MiniExamples__secure_p2_4()).JML normal_behavior operation contract.0.key 
63425      INFO  main            d.u.i.k.p.i.AbstractProblemLoader Loading environment from /home/runner/work/key/key/key.core/../key.ui/examples/InformationFlow/MiniExamples/mini.MiniExamples(mini.MiniExamples__secure_p2_4()).JML normal_behavior operation contract.0.key 
63425      DEBUG main            d.u.i.k.p.i.AbstractProblemLoader Environment load took 68.7ns 
63427      INFO  main            d.u.i.k.p.i.AbstractProblemLoader Creating init config 
66628      DEBUG main            d.u.i.k.p.i.AbstractProblemLoader Init config took 3.2s 
66692      INFO  main            d.u.i.k.p.i.AbstractProblemLoader Replaying proof mini.MiniExamples[mini.MiniExamples::secure_p2_4()].JML normal_behavior operation contract.0 
66695      DEBUG main            d.u.i.k.p.i.IntermediateProofReplayer Proof replay took 14.5ns 
66797      INFO  main            d.u.i.k.p.r.p.TestFile    ... finished proof: closed. 
67013      INFO  main            d.u.i.k.p.r.p.TestFile    Now processing file /home/runner/work/key/key/key.core/../key.ui/examples/InformationFlow/MiniExamples/mini.MiniExamples(mini.MiniExamples__secure_p2_3()).JML normal_behavior operation contract.0.key 
67013      INFO  main            d.u.i.k.p.i.AbstractProblemLoader Loading environment from /home/runner/work/key/key/key.core/../key.ui/examples/InformationFlow/MiniExamples/mini.MiniExamples(mini.MiniExamples__secure_p2_3()).JML normal_behavior operation contract.0.key 
67013      DEBUG main            d.u.i.k.p.i.AbstractProblemLoader Environment load took 119.8ns 
67014      INFO  main            d.u.i.k.p.i.AbstractProblemLoader Creating init config 
70118      DEBUG main            d.u.i.k.p.i.AbstractProblemLoader Init config took 3.1s 
70165      INFO  main            d.u.i.k.p.i.AbstractProblemLoader Replaying proof mini.MiniExamples[mini.MiniExamples::secure_p2_3()].JML normal_behavior operation contract.0 
70170      DEBUG main            d.u.i.k.p.i.IntermediateProofReplayer Proof replay took 15.3ns 
70272      INFO  main            d.u.i.k.p.r.p.TestFile    ... finished proof: closed. 
70582      INFO  main            d.u.i.k.p.r.p.TestFile    Now processing file /home/runner/work/key/key/key.core/../key.ui/examples/InformationFlow/MiniExamples/mini.MiniExamples(mini.MiniExamples__secure_p2_2()).JML normal_behavior operation contract.0.key 
70583      INFO  main            d.u.i.k.p.i.AbstractProblemLoader Loading environment from /home/runner/work/key/key/key.core/../key.ui/examples/InformationFlow/MiniExamples/mini.MiniExamples(mini.MiniExamples__secure_p2_2()).JML normal_behavior operation contract.0.key 
70584      DEBUG main            d.u.i.k.p.i.AbstractProblemLoader Environment load took 1.39ms 
70586      INFO  main            d.u.i.k.p.i.AbstractProblemLoader Creating init config 
73621      DEBUG main            d.u.i.k.p.i.AbstractProblemLoader Init config took 3.03s 
73676      INFO  main            d.u.i.k.p.i.AbstractProblemLoader Replaying proof mini.MiniExamples[mini.MiniExamples::secure_p2_2()].JML normal_behavior operation contract.0 
73680      DEBUG main            d.u.i.k.p.i.IntermediateProofReplayer Proof replay took 15ns 
73786      INFO  main            d.u.i.k.p.r.p.TestFile    ... finished proof: closed. 
73994      INFO  main            d.u.i.k.p.r.p.TestFile    Now processing file /home/runner/work/key/key/key.core/../key.ui/examples/InformationFlow/MiniExamples/mini.MiniExamples(mini.MiniExamples__secure_p2_1()).JML normal_behavior operation contract.0.key 
73994      INFO  main            d.u.i.k.p.i.AbstractProblemLoader Loading environment from /home/runner/work/key/key/key.core/../key.ui/examples/InformationFlow/MiniExamples/mini.MiniExamples(mini.MiniExamples__secure_p2_1()).JML normal_behavior operation contract.0.key 
73994      DEBUG main            d.u.i.k.p.i.AbstractProblemLoader Environment load took 69.2ns 
73995      INFO  main            d.u.i.k.p.i.AbstractProblemLoader Creating init config 
76963      DEBUG main            d.u.i.k.p.i.AbstractProblemLoader Init config took 2.97s 
77012      INFO  main            d.u.i.k.p.i.AbstractProblemLoader Replaying proof mini.MiniExamples[mini.MiniExamples::secure_p2_1()].JML normal_behavior operation contract.0 
77016      DEBUG main            d.u.i.k.p.i.IntermediateProofReplayer Proof replay took 15.6ns 
77122      INFO  main            d.u.i.k.p.r.p.TestFile    ... finished proof: closed. 
77348      INFO  main            d.u.i.k.p.r.p.TestFile    Now processing file /home/runner/work/key/key/key.core/../key.ui/examples/InformationFlow/MiniExamples/mini.MiniExamples(mini.MiniExamples__insecure_p2_1()).JML normal_behavior operation contract.0.key 
77348      INFO  main            d.u.i.k.p.i.AbstractProblemLoader Loading environment from /home/runner/work/key/key/key.core/../key.ui/examples/InformationFlow/MiniExamples/mini.MiniExamples(mini.MiniExamples__insecure_p2_1()).JML normal_behavior operation contract.0.key 
77348      DEBUG main            d.u.i.k.p.i.AbstractProblemLoader Environment load took 99.4ns 
77349      INFO  main            d.u.i.k.p.i.AbstractProblemLoader Creating init config 
80247      DEBUG main            d.u.i.k.p.i.AbstractProblemLoader Init config took 2.9s 
80306      INFO  main            d.u.i.k.p.i.AbstractProblemLoader Replaying proof mini.MiniExamples[mini.MiniExamples::insecure_p2_1()].JML normal_behavior operation contract.0 
80309      DEBUG main            d.u.i.k.p.i.IntermediateProofReplayer Proof replay took 14.6ns 
80412      INFO  main            d.u.i.k.p.r.p.TestFile    ... finished proof: closed. 
80682      INFO  main            d.u.i.k.p.r.p.TestFile    Now processing file /home/runner/work/key/key/key.core/../key.ui/examples/InformationFlow/MiniExamples/mini.MiniExamples(mini.MiniExamples__secure_p1_6()).JML normal_behavior operation contract.0.key 
80682      INFO  main            d.u.i.k.p.i.AbstractProblemLoader Loading environment from /home/runner/work/key/key/key.core/../key.ui/examples/InformationFlow/MiniExamples/mini.MiniExamples(mini.MiniExamples__secure_p1_6()).JML normal_behavior operation contract.0.key 
80682      DEBUG main            d.u.i.k.p.i.AbstractProblemLoader Environment load took 80.8ns 
80683      INFO  main            d.u.i.k.p.i.AbstractProblemLoader Creating init config 
83607      DEBUG main            d.u.i.k.p.i.AbstractProblemLoader Init config took 2.92s 
83653      INFO  main            d.u.i.k.p.i.AbstractProblemLoader Replaying proof mini.MiniExamples[mini.MiniExamples::secure_p1_6()].JML normal_behavior operation contract.0 
83656      DEBUG main            d.u.i.k.p.i.IntermediateProofReplayer Proof replay took 14.8ns 
83762      INFO  main            d.u.i.k.p.r.p.TestFile    ... finished proof: closed. 
84012      INFO  main            d.u.i.k.p.r.p.TestFile    Now processing file /home/runner/work/key/key/key.core/../key.ui/examples/InformationFlow/MiniExamples/mini.MiniExamples(mini.MiniExamples__secure_p1_5()).JML normal_behavior operation contract.0.key 
84013      INFO  main            d.u.i.k.p.i.AbstractProblemLoader Loading environment from /home/runner/work/key/key/key.core/../key.ui/examples/InformationFlow/MiniExamples/mini.MiniExamples(mini.MiniExamples__secure_p1_5()).JML normal_behavior operation contract.0.key 
84014      DEBUG main            d.u.i.k.p.i.AbstractProblemLoader Environment load took 1ms 
84015      INFO  main            d.u.i.k.p.i.AbstractProblemLoader Creating init config 
87071      DEBUG main            d.u.i.k.p.i.AbstractProblemLoader Init config took 3.06s 
87117      INFO  main            d.u.i.k.p.i.AbstractProblemLoader Replaying proof mini.MiniExamples[mini.MiniExamples::secure_p1_5()].JML normal_behavior operation contract.0 
87120      DEBUG main            d.u.i.k.p.i.IntermediateProofReplayer Proof replay took 15.5ns 
87224      INFO  main            d.u.i.k.p.r.p.TestFile    ... finished proof: closed. 
87508      INFO  main            d.u.i.k.p.r.p.TestFile    Now processing file /home/runner/work/key/key/key.core/../key.ui/examples/InformationFlow/MiniExamples/mini.MiniExamples(mini.MiniExamples__secure_p1_4()).JML normal_behavior operation contract.0.key 
87511      INFO  main            d.u.i.k.p.i.AbstractProblemLoader Loading environment from /home/runner/work/key/key/key.core/../key.ui/examples/InformationFlow/MiniExamples/mini.MiniExamples(mini.MiniExamples__secure_p1_4()).JML normal_behavior operation contract.0.key 
87511      DEBUG main            d.u.i.k.p.i.AbstractProblemLoader Environment load took 857.61ns 
87514      INFO  main            d.u.i.k.p.i.AbstractProblemLoader Creating init config 
90543      DEBUG main            d.u.i.k.p.i.AbstractProblemLoader Init config took 3.03s 
90589      INFO  main            d.u.i.k.p.i.AbstractProblemLoader Replaying proof mini.MiniExamples[mini.MiniExamples::secure_p1_4()].JML normal_behavior operation contract.0 
90593      DEBUG main            d.u.i.k.p.i.IntermediateProofReplayer Proof replay took 15ns 
90695      INFO  main            d.u.i.k.p.r.p.TestFile    ... finished proof: closed. 
90923      INFO  main            d.u.i.k.p.r.p.TestFile    Now processing file /home/runner/work/key/key/key.core/../key.ui/examples/InformationFlow/MiniExamples/mini.MiniExamples(mini.MiniExamples__secure_p1_3()).JML normal_behavior operation contract.0.key 
90923      INFO  main            d.u.i.k.p.i.AbstractProblemLoader Loading environment from /home/runner/work/key/key/key.core/../key.ui/examples/InformationFlow/MiniExamples/mini.MiniExamples(mini.MiniExamples__secure_p1_3()).JML normal_behavior operation contract.0.key 
90923      DEBUG main            d.u.i.k.p.i.AbstractProblemLoader Environment load took 104.1ns 
90926      INFO  main            d.u.i.k.p.i.AbstractProblemLoader Creating init config 
93761      DEBUG main            d.u.i.k.p.i.AbstractProblemLoader Init config took 2.84s 
93818      INFO  main            d.u.i.k.p.i.AbstractProblemLoader Replaying proof mini.MiniExamples[mini.MiniExamples::secure_p1_3()].JML normal_behavior operation contract.0 
93821      DEBUG main            d.u.i.k.p.i.IntermediateProofReplayer Proof replay took 14.5ns 
93926      INFO  main            d.u.i.k.p.r.p.TestFile    ... finished proof: closed. 
94235      INFO  main            d.u.i.k.p.r.p.TestFile    Now processing file /home/runner/work/key/key/key.core/../key.ui/examples/InformationFlow/MiniExamples/mini.MiniExamples(mini.MiniExamples__secure_p1_2()).JML normal_behavior operation contract.0.key 
94236      INFO  main            d.u.i.k.p.i.AbstractProblemLoader Loading environment from /home/runner/work/key/key/key.core/../key.ui/examples/InformationFlow/MiniExamples/mini.MiniExamples(mini.MiniExamples__secure_p1_2()).JML normal_behavior operation contract.0.key 
94236      DEBUG main            d.u.i.k.p.i.AbstractProblemLoader Environment load took 83.3ns 
94237      INFO  main            d.u.i.k.p.i.AbstractProblemLoader Creating init config 
97161      DEBUG main            d.u.i.k.p.i.AbstractProblemLoader Init config took 2.92s 
97201      INFO  main            d.u.i.k.p.i.AbstractProblemLoader Replaying proof mini.MiniExamples[mini.MiniExamples::secure_p1_2()].JML normal_behavior operation contract.0 
97205      DEBUG main            d.u.i.k.p.i.IntermediateProofReplayer Proof replay took 18.7ns 
97307      INFO  main            d.u.i.k.p.r.p.TestFile    ... finished proof: closed. 
97550      INFO  main            d.u.i.k.p.r.p.TestFile    Now processing file /home/runner/work/key/key/key.core/../key.ui/examples/InformationFlow/MiniExamples/mini.MiniExamples(mini.MiniExamples__secure_p1_1()).JML normal_behavior operation contract.1.key 
97550      INFO  main            d.u.i.k.p.i.AbstractProblemLoader Loading environment from /home/runner/work/key/key/key.core/../key.ui/examples/InformationFlow/MiniExamples/mini.MiniExamples(mini.MiniExamples__secure_p1_1()).JML normal_behavior operation contract.1.key 
97551      DEBUG main            d.u.i.k.p.i.AbstractProblemLoader Environment load took 711.71ns 
97552      INFO  main            d.u.i.k.p.i.AbstractProblemLoader Creating init config 
100395     DEBUG main            d.u.i.k.p.i.AbstractProblemLoader Init config took 2.84s 
100444     INFO  main            d.u.i.k.p.i.AbstractProblemLoader Replaying proof mini.MiniExamples[mini.MiniExamples::secure_p1_1()].JML normal_behavior operation contract.1 
100448     DEBUG main            d.u.i.k.p.i.IntermediateProofReplayer Proof replay took 33.4ns 
100551     INFO  main            d.u.i.k.p.r.p.TestFile    ... finished proof: closed. 
100800     INFO  main            d.u.i.k.p.r.p.TestFile    Now processing file /home/runner/work/key/key/key.core/../key.ui/examples/InformationFlow/MiniExamples/mini.MiniExamples(mini.MiniExamples__secure_p1_1()).JML normal_behavior operation contract.0.key 
100801     INFO  main            d.u.i.k.p.i.AbstractProblemLoader Loading environment from /home/runner/work/key/key/key.core/../key.ui/examples/InformationFlow/MiniExamples/mini.MiniExamples(mini.MiniExamples__secure_p1_1()).JML normal_behavior operation contract.0.key 
100801     DEBUG main            d.u.i.k.p.i.AbstractProblemLoader Environment load took 84.5ns 
100802     INFO  main            d.u.i.k.p.i.AbstractProblemLoader Creating init config 
103642     DEBUG main            d.u.i.k.p.i.AbstractProblemLoader Init config took 2.84s 
103686     INFO  main            d.u.i.k.p.i.AbstractProblemLoader Replaying proof mini.MiniExamples[mini.MiniExamples::secure_p1_1()].JML normal_behavior operation contract.0 
103689     DEBUG main            d.u.i.k.p.i.IntermediateProofReplayer Proof replay took 13.5ns 
103791     INFO  main            d.u.i.k.p.r.p.TestFile    ... finished proof: closed. 
104086     INFO  main            d.u.i.k.p.r.p.TestFile    Now processing file /home/runner/work/key/key/key.core/../key.ui/examples/InformationFlow/MiniExamples/mini.MiniExamples(mini.MiniExamples__insecure_p1_2()).JML normal_behavior operation contract.0.key 
104086     INFO  main            d.u.i.k.p.i.AbstractProblemLoader Loading environment from /home/runner/work/key/key/key.core/../key.ui/examples/InformationFlow/MiniExamples/mini.MiniExamples(mini.MiniExamples__insecure_p1_2()).JML normal_behavior operation contract.0.key 
104087     DEBUG main            d.u.i.k.p.i.AbstractProblemLoader Environment load took 668.21ns 
104088     INFO  main            d.u.i.k.p.i.AbstractProblemLoader Creating init config 
106968     DEBUG main            d.u.i.k.p.i.AbstractProblemLoader Init config took 2.88s 
107010     INFO  main            d.u.i.k.p.i.AbstractProblemLoader Replaying proof mini.MiniExamples[mini.MiniExamples::insecure_p1_2()].JML normal_behavior operation contract.0 
107013     DEBUG main            d.u.i.k.p.i.IntermediateProofReplayer Proof replay took 13.9ns 
107115     INFO  main            d.u.i.k.p.r.p.TestFile    ... finished proof: closed. 
107370     INFO  main            d.u.i.k.p.r.p.TestFile    Now processing file /home/runner/work/key/key/key.core/../key.ui/examples/InformationFlow/MiniExamples/mini.MiniExamples(mini.MiniExamples__insecure_p1_1()).JML normal_behavior operation contract.0.key 
107371     INFO  main            d.u.i.k.p.i.AbstractProblemLoader Loading environment from /home/runner/work/key/key/key.core/../key.ui/examples/InformationFlow/MiniExamples/mini.MiniExamples(mini.MiniExamples__insecure_p1_1()).JML normal_behavior operation contract.0.key 
107371     DEBUG main            d.u.i.k.p.i.AbstractProblemLoader Environment load took 66.8ns 
107372     INFO  main            d.u.i.k.p.i.AbstractProblemLoader Creating init config 
110170     DEBUG main            d.u.i.k.p.i.AbstractProblemLoader Init config took 2.8s 
110212     INFO  main            d.u.i.k.p.i.AbstractProblemLoader Replaying proof mini.MiniExamples[mini.MiniExamples::insecure_p1_1()].JML normal_behavior operation contract.0 
110215     DEBUG main            d.u.i.k.p.i.IntermediateProofReplayer Proof replay took 14.8ns 
110317     INFO  main            d.u.i.k.p.r.p.TestFile    ... finished proof: closed. 
547744     INFO  Test worker     d.u.i.k.p.r.RunAllProofsTestUnit Returning from test MiniExamples 
547748     INFO  Test worker     d.u.i.k.p.r.RunAllProofsTestUnit Running test NewObjects 
427        INFO  Timeout watchdog d.u.i.k.p.r.p.ForkedTestFileRunner Timeout watcher launched (1000 secs.) 
459        WARN  main            d.u.i.k.s.ProofSettings   The settings in /home/runner/.key/proof-settings.props are *not* read. 
499        INFO  main            d.u.i.k.p.r.p.TestFile    Now processing file /home/runner/work/key/key/key.core/../key.ui/examples/InformationFlow/NewObjects/object.AmtoftBanerjee3(object.AmtoftBanerjee3__m()).JML operation contract.0.key 
668        INFO  main            d.u.i.k.p.i.AbstractProblemLoader Loading environment from /home/runner/work/key/key/key.core/../key.ui/examples/InformationFlow/NewObjects/object.AmtoftBanerjee3(object.AmtoftBanerjee3__m()).JML operation contract.0.key 
695        DEBUG main            d.u.i.k.p.i.AbstractProblemLoader Environment load took 2.02ms 
960        INFO  main            d.u.i.k.p.i.AbstractProblemLoader Creating init config 
2201       DEBUG main            d.u.i.k.j.TypeConverter   No LDT found for Meta 
2202       DEBUG main            d.u.i.k.j.TypeConverter   No LDT found for Meta 
2207       DEBUG main            d.u.i.k.j.TypeConverter   No LDT found for Meta 
2207       DEBUG main            d.u.i.k.j.TypeConverter   No LDT found for Meta 
3837       DEBUG main            d.u.i.k.j.TypeConverter   No LDT found for JavaBigintExpression 
7413       DEBUG main            d.u.i.k.j.r.ClassPreparationMethodBuilder clPrepBuilder: Inner Class detected. Reject building class initialisation methods. 
10461      DEBUG main            d.u.i.k.p.i.AbstractProblemLoader Init config took 9.5s 
10688      INFO  main            d.u.i.k.p.i.AbstractProblemLoader Replaying proof object.AmtoftBanerjee3[object.AmtoftBanerjee3::m()].JML operation contract.0 
10799      DEBUG main            d.u.i.k.p.i.IntermediateProofReplayer Proof replay took 6.19ms 
11544      INFO  main            d.u.i.k.p.r.p.TestFile    ... finished proof: closed. 
11676      INFO  main            d.u.i.k.p.r.p.TestFile    Now processing file /home/runner/work/key/key/key.core/../key.ui/examples/InformationFlow/NewObjects/object.AmtoftBanerjee(object.AmtoftBanerjee__m_2()).JML normal_behavior operation contract.0.key 
11677      INFO  main            d.u.i.k.p.i.AbstractProblemLoader Loading environment from /home/runner/work/key/key/key.core/../key.ui/examples/InformationFlow/NewObjects/object.AmtoftBanerjee(object.AmtoftBanerjee__m_2()).JML normal_behavior operation contract.0.key 
11677      DEBUG main            d.u.i.k.p.i.AbstractProblemLoader Environment load took 314.2ns 
11682      INFO  main            d.u.i.k.p.i.AbstractProblemLoader Creating init config 
12990      DEBUG main            d.u.i.k.j.r.ClassPreparationMethodBuilder clPrepBuilder: Inner Class detected. Reject building class initialisation methods. 
15552      DEBUG main            d.u.i.k.p.i.AbstractProblemLoader Init config took 3.87s 
15648      INFO  main            d.u.i.k.p.i.AbstractProblemLoader Replaying proof object.AmtoftBanerjee[object.AmtoftBanerjee::m_2()].JML normal_behavior operation contract.0 
15653      DEBUG main            d.u.i.k.p.i.IntermediateProofReplayer Proof replay took 15.4ns 
16262      INFO  main            d.u.i.k.p.r.p.TestFile    ... finished proof: closed. 
16485      INFO  main            d.u.i.k.p.r.p.TestFile    Now processing file /home/runner/work/key/key/key.core/../key.ui/examples/InformationFlow/NewObjects/object.AmtoftBanerjee(object.AmtoftBanerjee__m_1()).JML normal_behavior operation contract.1.key 
16485      INFO  main            d.u.i.k.p.i.AbstractProblemLoader Loading environment from /home/runner/work/key/key/key.core/../key.ui/examples/InformationFlow/NewObjects/object.AmtoftBanerjee(object.AmtoftBanerjee__m_1()).JML normal_behavior operation contract.1.key 
16486      DEBUG main            d.u.i.k.p.i.AbstractProblemLoader Environment load took 259.7ns 
16490      INFO  main            d.u.i.k.p.i.AbstractProblemLoader Creating init config 
17696      DEBUG main            d.u.i.k.j.r.ClassPreparationMethodBuilder clPrepBuilder: Inner Class detected. Reject building class initialisation methods. 
20173      DEBUG main            d.u.i.k.p.i.AbstractProblemLoader Init config took 3.68s 
20241      INFO  main            d.u.i.k.p.i.AbstractProblemLoader Replaying proof object.AmtoftBanerjee[object.AmtoftBanerjee::m_1()].JML normal_behavior operation contract.1 
20247      DEBUG main            d.u.i.k.p.i.IntermediateProofReplayer Proof replay took 15.8ns 
20652      INFO  main            d.u.i.k.p.r.p.TestFile    ... finished proof: closed. 
20814      INFO  main            d.u.i.k.p.r.p.TestFile    Now processing file /home/runner/work/key/key/key.core/../key.ui/examples/InformationFlow/NewObjects/object.AmtoftBanerjee(object.AmtoftBanerjee__m_1()).JML normal_behavior operation contract.0.key 
20815      INFO  main            d.u.i.k.p.i.AbstractProblemLoader Loading environment from /home/runner/work/key/key/key.core/../key.ui/examples/InformationFlow/NewObjects/object.AmtoftBanerjee(object.AmtoftBanerjee__m_1()).JML normal_behavior operation contract.0.key 
20816      DEBUG main            d.u.i.k.p.i.AbstractProblemLoader Environment load took 267.6ns 
20818      INFO  main            d.u.i.k.p.i.AbstractProblemLoader Creating init config 
21956      DEBUG main            d.u.i.k.j.r.ClassPreparationMethodBuilder clPrepBuilder: Inner Class detected. Reject building class initialisation methods. 
24290      DEBUG main            d.u.i.k.p.i.AbstractProblemLoader Init config took 3.47s 
24352      INFO  main            d.u.i.k.p.i.AbstractProblemLoader Replaying proof object.AmtoftBanerjee[object.AmtoftBanerjee::m_1()].JML normal_behavior operation contract.0 
24356      DEBUG main            d.u.i.k.p.i.IntermediateProofReplayer Proof replay took 13.7ns 
24661      INFO  main            d.u.i.k.p.r.p.TestFile    ... finished proof: closed. 
24827      INFO  main            d.u.i.k.p.r.p.TestFile    Now processing file /home/runner/work/key/key/key.core/../key.ui/examples/InformationFlow/NewObjects/object.AmtoftBanerjee(object.AmtoftBanerjee__getQ()).JML normal_behavior operation contract.0.key 
24828      INFO  main            d.u.i.k.p.i.AbstractProblemLoader Loading environment from /home/runner/work/key/key/key.core/../key.ui/examples/InformationFlow/NewObjects/object.AmtoftBanerjee(object.AmtoftBanerjee__getQ()).JML normal_behavior operation contract.0.key 
24828      DEBUG main            d.u.i.k.p.i.AbstractProblemLoader Environment load took 95.7ns 
24830      INFO  main            d.u.i.k.p.i.AbstractProblemLoader Creating init config 
25910      DEBUG main            d.u.i.k.j.r.ClassPreparationMethodBuilder clPrepBuilder: Inner Class detected. Reject building class initialisation methods. 
28356      DEBUG main            d.u.i.k.p.i.AbstractProblemLoader Init config took 3.53s 
28425      INFO  main            d.u.i.k.p.i.AbstractProblemLoader Replaying proof object.AmtoftBanerjee[object.AmtoftBanerjee::getQ()].JML normal_behavior operation contract.0 
28429      DEBUG main            d.u.i.k.p.i.IntermediateProofReplayer Proof replay took 13ns 
28532      INFO  main            d.u.i.k.p.r.p.TestFile    ... finished proof: closed. 
28727      INFO  main            d.u.i.k.p.r.p.TestFile    Now processing file /home/runner/work/key/key/key.core/../key.ui/examples/InformationFlow/NewObjects/object.Naumann(object.Naumann__Pair_m(int,int)).JML operation contract.0.key 
28729      INFO  main            d.u.i.k.p.i.AbstractProblemLoader Loading environment from /home/runner/work/key/key/key.core/../key.ui/examples/InformationFlow/NewObjects/object.Naumann(object.Naumann__Pair_m(int,int)).JML operation contract.0.key 
28729      DEBUG main            d.u.i.k.p.i.AbstractProblemLoader Environment load took 90ns 
28732      INFO  main            d.u.i.k.p.i.AbstractProblemLoader Creating init config 
29754      DEBUG main            d.u.i.k.j.r.ClassPreparationMethodBuilder clPrepBuilder: Inner Class detected. Reject building class initialisation methods. 
32161      DEBUG main            d.u.i.k.p.i.AbstractProblemLoader Init config took 3.43s 
32226      INFO  main            d.u.i.k.p.i.AbstractProblemLoader Replaying proof object.Naumann[object.Naumann::Pair_m(int,int)].JML operation contract.0 
32231      DEBUG main            d.u.i.k.p.i.IntermediateProofReplayer Proof replay took 14ns 
34347      INFO  main            d.u.i.k.p.r.p.TestFile    ... finished proof: closed. 
34596      INFO  main            d.u.i.k.p.r.p.TestFile    Now processing file /home/runner/work/key/key/key.core/../key.ui/examples/InformationFlow/NewObjects/object.ObjectOrientation(object.ObjectOrientation__secure_while_i((Ljava.lang.Object)).JML operation contract.0.key 
34596      INFO  main            d.u.i.k.p.i.AbstractProblemLoader Loading environment from /home/runner/work/key/key/key.core/../key.ui/examples/InformationFlow/NewObjects/object.ObjectOrientation(object.ObjectOrientation__secure_while_i((Ljava.lang.Object)).JML operation contract.0.key 
34597      DEBUG main            d.u.i.k.p.i.AbstractProblemLoader Environment load took 780.4ns 
34598      INFO  main            d.u.i.k.p.i.AbstractProblemLoader Creating init config 
35662      DEBUG main            d.u.i.k.j.r.ClassPreparationMethodBuilder clPrepBuilder: Inner Class detected. Reject building class initialisation methods. 
38008      DEBUG main            d.u.i.k.p.i.AbstractProblemLoader Init config took 3.41s 
38066      INFO  main            d.u.i.k.p.i.AbstractProblemLoader Replaying proof object.ObjectOrientation[object.ObjectOrientation::secure_while_i([Ljava.lang.Object)].JML operation contract.0 
38070      DEBUG main            d.u.i.k.p.i.IntermediateProofReplayer Proof replay took 14.5ns 
38775      INFO  main            d.u.i.k.p.r.p.TestFile    ... finished proof: closed. 
39012      INFO  main            d.u.i.k.p.r.p.TestFile    Now processing file /home/runner/work/key/key/key.core/../key.ui/examples/InformationFlow/NewObjects/object.ObjectOrientation(object.ObjectOrientation__secure_method_call()).JML operation contract.0.key 
39012      INFO  main            d.u.i.k.p.i.AbstractProblemLoader Loading environment from /home/runner/work/key/key/key.core/../key.ui/examples/InformationFlow/NewObjects/object.ObjectOrientation(object.ObjectOrientation__secure_method_call()).JML operation contract.0.key 
39013      DEBUG main            d.u.i.k.p.i.AbstractProblemLoader Environment load took 93.6ns 
39015      INFO  main            d.u.i.k.p.i.AbstractProblemLoader Creating init config 
40092      DEBUG main            d.u.i.k.j.r.ClassPreparationMethodBuilder clPrepBuilder: Inner Class detected. Reject building class initialisation methods. 
42401      DEBUG main            d.u.i.k.p.i.AbstractProblemLoader Init config took 3.39s 
42457      INFO  main            d.u.i.k.p.i.AbstractProblemLoader Replaying proof object.ObjectOrientation[object.ObjectOrientation::secure_method_call()].JML operation contract.0 
42460      DEBUG main            d.u.i.k.p.i.IntermediateProofReplayer Proof replay took 14.9ns 
42663      INFO  main            d.u.i.k.p.r.p.TestFile    ... finished proof: closed. 
42893      INFO  main            d.u.i.k.p.r.p.TestFile    Now processing file /home/runner/work/key/key/key.core/../key.ui/examples/InformationFlow/NewObjects/object.ObjectOrientation(object.ObjectOrientation__if_two_object_creation_next()).JML operation contract.1.key 
42893      INFO  main            d.u.i.k.p.i.AbstractProblemLoader Loading environment from /home/runner/work/key/key/key.core/../key.ui/examples/InformationFlow/NewObjects/object.ObjectOrientation(object.ObjectOrientation__if_two_object_creation_next()).JML operation contract.1.key 
42893      DEBUG main            d.u.i.k.p.i.AbstractProblemLoader Environment load took 95.6ns 
42895      INFO  main            d.u.i.k.p.i.AbstractProblemLoader Creating init config 
43908      DEBUG main            d.u.i.k.j.r.ClassPreparationMethodBuilder clPrepBuilder: Inner Class detected. Reject building class initialisation methods. 
46206      DEBUG main            d.u.i.k.p.i.AbstractProblemLoader Init config took 3.31s 
46260      INFO  main            d.u.i.k.p.i.AbstractProblemLoader Replaying proof object.ObjectOrientation[object.ObjectOrientation::if_two_object_creation_next()].JML operation contract.1 
46264      DEBUG main            d.u.i.k.p.i.IntermediateProofReplayer Proof replay took 16.8ns 
47571      INFO  main            d.u.i.k.p.r.p.TestFile    ... finished proof: closed. 
47770      INFO  main            d.u.i.k.p.r.p.TestFile    Now processing file /home/runner/work/key/key/key.core/../key.ui/examples/InformationFlow/NewObjects/object.ObjectOrientation(object.ObjectOrientation__if_two_object_creation_next()).JML operation contract.0.key 
47770      INFO  main            d.u.i.k.p.i.AbstractProblemLoader Loading environment from /home/runner/work/key/key/key.core/../key.ui/examples/InformationFlow/NewObjects/object.ObjectOrientation(object.ObjectOrientation__if_two_object_creation_next()).JML operation contract.0.key 
47770      DEBUG main            d.u.i.k.p.i.AbstractProblemLoader Environment load took 80.7ns 
47776      INFO  main            d.u.i.k.p.i.AbstractProblemLoader Creating init config 
48793      DEBUG main            d.u.i.k.j.r.ClassPreparationMethodBuilder clPrepBuilder: Inner Class detected. Reject building class initialisation methods. 
50992      DEBUG main            d.u.i.k.p.i.AbstractProblemLoader Init config took 3.22s 
51048      INFO  main            d.u.i.k.p.i.AbstractProblemLoader Replaying proof object.ObjectOrientation[object.ObjectOrientation::if_two_object_creation_next()].JML operation contract.0 
51052      DEBUG main            d.u.i.k.p.i.IntermediateProofReplayer Proof replay took 15.1ns 
52261      INFO  main            d.u.i.k.p.r.p.TestFile    ... finished proof: closed. 
52494      INFO  main            d.u.i.k.p.r.p.TestFile    Now processing file /home/runner/work/key/key/key.core/../key.ui/examples/InformationFlow/NewObjects/object.ObjectOrientation(object.ObjectOrientation__secure_if_two_object_creation()).JML operation contract.0.key 
52495      INFO  main            d.u.i.k.p.i.AbstractProblemLoader Loading environment from /home/runner/work/key/key/key.core/../key.ui/examples/InformationFlow/NewObjects/object.ObjectOrientation(object.ObjectOrientation__secure_if_two_object_creation()).JML operation contract.0.key 
52495      DEBUG main            d.u.i.k.p.i.AbstractProblemLoader Environment load took 78.7ns 
52496      INFO  main            d.u.i.k.p.i.AbstractProblemLoader Creating init config 
53477      DEBUG main            d.u.i.k.j.r.ClassPreparationMethodBuilder clPrepBuilder: Inner Class detected. Reject building class initialisation methods. 
55707      DEBUG main            d.u.i.k.p.i.AbstractProblemLoader Init config took 3.21s 
55769      INFO  main            d.u.i.k.p.i.AbstractProblemLoader Replaying proof object.ObjectOrientation[object.ObjectOrientation::secure_if_two_object_creation()].JML operation contract.0 
55774      DEBUG main            d.u.i.k.p.i.IntermediateProofReplayer Proof replay took 15.8ns 
56888      INFO  main            d.u.i.k.p.r.p.TestFile    ... finished proof: closed. 
57100      INFO  main            d.u.i.k.p.r.p.TestFile    Now processing file /home/runner/work/key/key/key.core/../key.ui/examples/InformationFlow/NewObjects/object.ObjectOrientation(object.ObjectOrientation__insecure_two_object_creation()).JML operation contract.0.key 
57100      INFO  main            d.u.i.k.p.i.AbstractProblemLoader Loading environment from /home/runner/work/key/key/key.core/../key.ui/examples/InformationFlow/NewObjects/object.ObjectOrientation(object.ObjectOrientation__insecure_two_object_creation()).JML operation contract.0.key 
57101      DEBUG main            d.u.i.k.p.i.AbstractProblemLoader Environment load took 100.7ns 
57102      INFO  main            d.u.i.k.p.i.AbstractProblemLoader Creating init config 
58199      DEBUG main            d.u.i.k.j.r.ClassPreparationMethodBuilder clPrepBuilder: Inner Class detected. Reject building class initialisation methods. 
60533      DEBUG main            d.u.i.k.p.i.AbstractProblemLoader Init config took 3.43s 
60586      INFO  main            d.u.i.k.p.i.AbstractProblemLoader Replaying proof object.ObjectOrientation[object.ObjectOrientation::insecure_two_object_creation()].JML operation contract.0 
60590      DEBUG main            d.u.i.k.p.i.IntermediateProofReplayer Proof replay took 15.7ns 
61294      INFO  main            d.u.i.k.p.r.p.TestFile    ... finished proof: closed. 
61518      INFO  main            d.u.i.k.p.r.p.TestFile    Now processing file /home/runner/work/key/key/key.core/../key.ui/examples/InformationFlow/NewObjects/object.ObjectOrientation(object.ObjectOrientation__secure_two_object_creation()).JML normal_behavior operation contract.0.key 
61519      INFO  main            d.u.i.k.p.i.AbstractProblemLoader Loading environment from /home/runner/work/key/key/key.core/../key.ui/examples/InformationFlow/NewObjects/object.ObjectOrientation(object.ObjectOrientation__secure_two_object_creation()).JML normal_behavior operation contract.0.key 
61519      DEBUG main            d.u.i.k.p.i.AbstractProblemLoader Environment load took 93.7ns 
61521      INFO  main            d.u.i.k.p.i.AbstractProblemLoader Creating init config 
62557      DEBUG main            d.u.i.k.j.r.ClassPreparationMethodBuilder clPrepBuilder: Inner Class detected. Reject building class initialisation methods. 
64908      DEBUG main            d.u.i.k.p.i.AbstractProblemLoader Init config took 3.39s 
64959      INFO  main            d.u.i.k.p.i.AbstractProblemLoader Replaying proof object.ObjectOrientation[object.ObjectOrientation::secure_two_object_creation()].JML normal_behavior operation contract.0 
64961      DEBUG main            d.u.i.k.p.i.IntermediateProofReplayer Proof replay took 13.4ns 
65465      INFO  main            d.u.i.k.p.r.p.TestFile    ... finished proof: closed. 
65713      INFO  main            d.u.i.k.p.r.p.TestFile    Now processing file /home/runner/work/key/key/key.core/../key.ui/examples/InformationFlow/NewObjects/object.ObjectOrientation(object.ObjectOrientation__insecure_object_assignment()).JML operation contract.1.key 
65714      INFO  main            d.u.i.k.p.i.AbstractProblemLoader Loading environment from /home/runner/work/key/key/key.core/../key.ui/examples/InformationFlow/NewObjects/object.ObjectOrientation(object.ObjectOrientation__insecure_object_assignment()).JML operation contract.1.key 
65714      DEBUG main            d.u.i.k.p.i.AbstractProblemLoader Environment load took 139.5ns 
65716      INFO  main            d.u.i.k.p.i.AbstractProblemLoader Creating init config 
66728      DEBUG main            d.u.i.k.j.r.ClassPreparationMethodBuilder clPrepBuilder: Inner Class detected. Reject building class initialisation methods. 
68935      DEBUG main            d.u.i.k.p.i.AbstractProblemLoader Init config took 3.22s 
68981      INFO  main            d.u.i.k.p.i.AbstractProblemLoader Replaying proof object.ObjectOrientation[object.ObjectOrientation::insecure_object_assignment()].JML operation contract.1 
68984      DEBUG main            d.u.i.k.p.i.IntermediateProofReplayer Proof replay took 13.6ns 
69088      INFO  main            d.u.i.k.p.r.p.TestFile    ... finished proof: closed. 
69280      INFO  main            d.u.i.k.p.r.p.TestFile    Now processing file /home/runner/work/key/key/key.core/../key.ui/examples/InformationFlow/NewObjects/object.ObjectOrientation(object.ObjectOrientation__insecure_object_assignment()).JML operation contract.0.key 
69280      INFO  main            d.u.i.k.p.i.AbstractProblemLoader Loading environment from /home/runner/work/key/key/key.core/../key.ui/examples/InformationFlow/NewObjects/object.ObjectOrientation(object.ObjectOrientation__insecure_object_assignment()).JML operation contract.0.key 
69281      DEBUG main            d.u.i.k.p.i.AbstractProblemLoader Environment load took 717.6ns 
69282      INFO  main            d.u.i.k.p.i.AbstractProblemLoader Creating init config 
70296      DEBUG main            d.u.i.k.j.r.ClassPreparationMethodBuilder clPrepBuilder: Inner Class detected. Reject building class initialisation methods. 
72603      DEBUG main            d.u.i.k.p.i.AbstractProblemLoader Init config took 3.32s 
72651      INFO  main            d.u.i.k.p.i.AbstractProblemLoader Replaying proof object.ObjectOrientation[object.ObjectOrientation::insecure_object_assignment()].JML operation contract.0 
72654      DEBUG main            d.u.i.k.p.i.IntermediateProofReplayer Proof replay took 16.5ns 
72757      INFO  main            d.u.i.k.p.r.p.TestFile    ... finished proof: closed. 
72960      INFO  main            d.u.i.k.p.r.p.TestFile    Now processing file /home/runner/work/key/key/key.core/../key.ui/examples/InformationFlow/NewObjects/object.ObjectOrientation(object.ObjectOrientation__secure_object_creation_3()).JML operation contract.0.key 
72961      INFO  main            d.u.i.k.p.i.AbstractProblemLoader Loading environment from /home/runner/work/key/key/key.core/../key.ui/examples/InformationFlow/NewObjects/object.ObjectOrientation(object.ObjectOrientation__secure_object_creation_3()).JML operation contract.0.key 
72961      DEBUG main            d.u.i.k.p.i.AbstractProblemLoader Environment load took 101.6ns 
72962      INFO  main            d.u.i.k.p.i.AbstractProblemLoader Creating init config 
73982      DEBUG main            d.u.i.k.j.r.ClassPreparationMethodBuilder clPrepBuilder: Inner Class detected. Reject building class initialisation methods. 
76289      DEBUG main            d.u.i.k.p.i.AbstractProblemLoader Init config took 3.33s 
76336      INFO  main            d.u.i.k.p.i.AbstractProblemLoader Replaying proof object.ObjectOrientation[object.ObjectOrientation::secure_object_creation_3()].JML operation contract.0 
76340      DEBUG main            d.u.i.k.p.i.IntermediateProofReplayer Proof replay took 57.7ns 
76644      INFO  main            d.u.i.k.p.r.p.TestFile    ... finished proof: closed. 
76863      INFO  main            d.u.i.k.p.r.p.TestFile    Now processing file /home/runner/work/key/key/key.core/../key.ui/examples/InformationFlow/NewObjects/object.ObjectOrientation(object.ObjectOrientation__secure_object_creation_2()).JML operation contract.0.key 
76863      INFO  main            d.u.i.k.p.i.AbstractProblemLoader Loading environment from /home/runner/work/key/key/key.core/../key.ui/examples/InformationFlow/NewObjects/object.ObjectOrientation(object.ObjectOrientation__secure_object_creation_2()).JML operation contract.0.key 
76864      DEBUG main            d.u.i.k.p.i.AbstractProblemLoader Environment load took 670.3ns 
76865      INFO  main            d.u.i.k.p.i.AbstractProblemLoader Creating init config 
77895      DEBUG main            d.u.i.k.j.r.ClassPreparationMethodBuilder clPrepBuilder: Inner Class detected. Reject building class initialisation methods. 
80200      DEBUG main            d.u.i.k.p.i.AbstractProblemLoader Init config took 3.33s 
80270      INFO  main            d.u.i.k.p.i.AbstractProblemLoader Replaying proof object.ObjectOrientation[object.ObjectOrientation::secure_object_creation_2()].JML operation contract.0 
80275      DEBUG main            d.u.i.k.p.i.IntermediateProofReplayer Proof replay took 14ns 
80578      INFO  main            d.u.i.k.p.r.p.TestFile    ... finished proof: closed. 
80800      INFO  main            d.u.i.k.p.r.p.TestFile    Now processing file /home/runner/work/key/key/key.core/../key.ui/examples/InformationFlow/NewObjects/object.ObjectOrientation(object.ObjectOrientation__secure_object_creation()).JML operation contract.0.key 
80800      INFO  main            d.u.i.k.p.i.AbstractProblemLoader Loading environment from /home/runner/work/key/key/key.core/../key.ui/examples/InformationFlow/NewObjects/object.ObjectOrientation(object.ObjectOrientation__secure_object_creation()).JML operation contract.0.key 
80800      DEBUG main            d.u.i.k.p.i.AbstractProblemLoader Environment load took 72.5ns 
80802      INFO  main            d.u.i.k.p.i.AbstractProblemLoader Creating init config 
81761      DEBUG main            d.u.i.k.j.r.ClassPreparationMethodBuilder clPrepBuilder: Inner Class detected. Reject building class initialisation methods. 
83958      DEBUG main            d.u.i.k.p.i.AbstractProblemLoader Init config took 3.16s 
84020      INFO  main            d.u.i.k.p.i.AbstractProblemLoader Replaying proof object.ObjectOrientation[object.ObjectOrientation::secure_object_creation()].JML operation contract.0 
84025      DEBUG main            d.u.i.k.p.i.IntermediateProofReplayer Proof replay took 17.9ns 
84331      INFO  main            d.u.i.k.p.r.p.TestFile    ... finished proof: closed. 
84561      INFO  main            d.u.i.k.p.r.p.TestFile    Now processing file /home/runner/work/key/key/key.core/../key.ui/examples/InformationFlow/NewObjects/object.AmtoftBanerjee2(object.AmtoftBanerjee2__expensive(int)).JML accessible clause.0.key 
84561      INFO  main            d.u.i.k.p.i.AbstractProblemLoader Loading environment from /home/runner/work/key/key/key.core/../key.ui/examples/InformationFlow/NewObjects/object.AmtoftBanerjee2(object.AmtoftBanerjee2__expensive(int)).JML accessible clause.0.key 
84561      DEBUG main            d.u.i.k.p.i.AbstractProblemLoader Environment load took 644.71ns 
84563      INFO  main            d.u.i.k.p.i.AbstractProblemLoader Creating init config 
85520      DEBUG main            d.u.i.k.j.r.ClassPreparationMethodBuilder clPrepBuilder: Inner Class detected. Reject building class initialisation methods. 
87769      DEBUG main            d.u.i.k.p.i.AbstractProblemLoader Init config took 3.21s 
87825      INFO  main            d.u.i.k.p.i.AbstractProblemLoader Replaying proof object.AmtoftBanerjee2[object.AmtoftBanerjee2::expensive(int)].JML accessible clause.0 
87829      DEBUG main            d.u.i.k.p.i.IntermediateProofReplayer Proof replay took 28.6ns 
87933      INFO  main            d.u.i.k.p.r.p.TestFile    ... finished proof: closed. 
88145      INFO  main            d.u.i.k.p.r.p.TestFile    Now processing file /home/runner/work/key/key/key.core/../key.ui/examples/InformationFlow/NewObjects/object.AmtoftBanerjee2(object.AmtoftBanerjee2__expensive(int)).JML normal_behavior operation contract.0.key 
88146      INFO  main            d.u.i.k.p.i.AbstractProblemLoader Loading environment from /home/runner/work/key/key/key.core/../key.ui/examples/InformationFlow/NewObjects/object.AmtoftBanerjee2(object.AmtoftBanerjee2__expensive(int)).JML normal_behavior operation contract.0.key 
88146      DEBUG main            d.u.i.k.p.i.AbstractProblemLoader Environment load took 248.8ns 
88147      INFO  main            d.u.i.k.p.i.AbstractProblemLoader Creating init config 
89085      DEBUG main            d.u.i.k.j.r.ClassPreparationMethodBuilder clPrepBuilder: Inner Class detected. Reject building class initialisation methods. 
91263      DEBUG main            d.u.i.k.p.i.AbstractProblemLoader Init config took 3.12s 
91312      INFO  main            d.u.i.k.p.i.AbstractProblemLoader Replaying proof object.AmtoftBanerjee2[object.AmtoftBanerjee2::expensive(int)].JML normal_behavior operation contract.0 
91315      DEBUG main            d.u.i.k.p.i.IntermediateProofReplayer Proof replay took 14.9ns 
91420      INFO  main            d.u.i.k.p.r.p.TestFile    ... finished proof: closed. 
91648      INFO  main            d.u.i.k.p.r.p.TestFile    Now processing file /home/runner/work/key/key/key.core/../key.ui/examples/InformationFlow/NewObjects/object.AmtoftBanerjee2(object.AmtoftBanerjee2__cexp(int)).JML normal_behavior operation contract.0.key 
91648      INFO  main            d.u.i.k.p.i.AbstractProblemLoader Loading environment from /home/runner/work/key/key/key.core/../key.ui/examples/InformationFlow/NewObjects/object.AmtoftBanerjee2(object.AmtoftBanerjee2__cexp(int)).JML normal_behavior operation contract.0.key 
91648      DEBUG main            d.u.i.k.p.i.AbstractProblemLoader Environment load took 89.1ns 
91649      INFO  main            d.u.i.k.p.i.AbstractProblemLoader Creating init config 
92665      DEBUG main            d.u.i.k.j.r.ClassPreparationMethodBuilder clPrepBuilder: Inner Class detected. Reject building class initialisation methods. 
94880      DEBUG main            d.u.i.k.p.i.AbstractProblemLoader Init config took 3.23s 
94931      INFO  main            d.u.i.k.p.i.AbstractProblemLoader Replaying proof object.AmtoftBanerjee2[object.AmtoftBanerjee2::cexp(int)].JML normal_behavior operation contract.0 
94934      DEBUG main            d.u.i.k.p.i.IntermediateProofReplayer Proof replay took 14.8ns 
95341      INFO  main            d.u.i.k.p.r.p.TestFile    ... finished proof: closed. 
95591      INFO  main            d.u.i.k.p.r.p.TestFile    Now processing file /home/runner/work/key/key/key.core/../key.ui/examples/InformationFlow/PasswordFile/passwordfile.SecurePasswordFile(passwordfile.SecurePasswordFile___userIndex()).JML accessible clause.0.key 
95591      INFO  main            d.u.i.k.p.i.AbstractProblemLoader Loading environment from /home/runner/work/key/key/key.core/../key.ui/examples/InformationFlow/PasswordFile/passwordfile.SecurePasswordFile(passwordfile.SecurePasswordFile___userIndex()).JML accessible clause.0.key 
95591      DEBUG main            d.u.i.k.p.i.AbstractProblemLoader Environment load took 95.3ns 
95592      INFO  main            d.u.i.k.p.i.AbstractProblemLoader Creating init config 
98524      DEBUG main            d.u.i.k.p.i.AbstractProblemLoader Init config took 2.93s 
98568      INFO  main            d.u.i.k.p.i.AbstractProblemLoader Replaying proof passwordfile.SecurePasswordFile[passwordfile.SecurePasswordFile::$userIndex()].JML accessible clause.0 
98571      DEBUG main            d.u.i.k.p.i.IntermediateProofReplayer Proof replay took 15.2ns 
98677      INFO  main            d.u.i.k.p.r.p.TestFile    ... finished proof: open goal(s) 
646959     INFO  Test worker     d.u.i.k.p.r.RunAllProofsTestUnit Returning from test NewObjects 
646961     INFO  Test worker     d.u.i.k.p.r.RunAllProofsTestUnit Running test SimpleEvoting 
452        INFO  Timeout watchdog d.u.i.k.p.r.p.ForkedTestFileRunner Timeout watcher launched (1000 secs.) 
464        WARN  main            d.u.i.k.s.ProofSettings   The settings in /home/runner/.key/proof-settings.props are *not* read. 
499        INFO  main            d.u.i.k.p.r.p.TestFile    Now processing file /home/runner/work/key/key/key.core/../key.ui/examples/InformationFlow/SimpleEvoting/simple_evoting.Environment(simple_evoting.Environment__untrustedOutputMessage((B)).JML normal_behavior operation contract.0.key 
644        INFO  main            d.u.i.k.p.i.AbstractProblemLoader Loading environment from /home/runner/work/key/key/key.core/../key.ui/examples/InformationFlow/SimpleEvoting/simple_evoting.Environment(simple_evoting.Environment__untrustedOutputMessage((B)).JML normal_behavior operation contract.0.key 
671        DEBUG main            d.u.i.k.p.i.AbstractProblemLoader Environment load took 2.86ms 
956        INFO  main            d.u.i.k.p.i.AbstractProblemLoader Creating init config 
2135       DEBUG main            d.u.i.k.j.TypeConverter   No LDT found for Meta 
2136       DEBUG main            d.u.i.k.j.TypeConverter   No LDT found for Meta 
2139       DEBUG main            d.u.i.k.j.TypeConverter   No LDT found for Meta 
2140       DEBUG main            d.u.i.k.j.TypeConverter   No LDT found for Meta 
4087       DEBUG main            d.u.i.k.j.TypeConverter   No LDT found for JavaBigintExpression 
11098      DEBUG main            d.u.i.k.p.i.AbstractProblemLoader Init config took 10.14s 
11342      INFO  main            d.u.i.k.p.i.AbstractProblemLoader Replaying proof simple_evoting.Environment[simple_evoting.Environment::untrustedOutputMessage([B)].JML normal_behavior operation contract.0 
11444      DEBUG main            d.u.i.k.p.i.IntermediateProofReplayer Proof replay took 429ns 
13006      INFO  main            d.u.i.k.p.r.p.TestFile    ... finished proof: closed. 
13167      INFO  main            d.u.i.k.p.r.p.TestFile    Now processing file /home/runner/work/key/key/key.core/../key.ui/examples/InformationFlow/SimpleEvoting/simple_evoting.Environment(simple_evoting.Environment__untrustedInputMessage((B)).JML normal_behavior operation contract.0.key 
13168      INFO  main            d.u.i.k.p.i.AbstractProblemLoader Loading environment from /home/runner/work/key/key/key.core/../key.ui/examples/InformationFlow/SimpleEvoting/simple_evoting.Environment(simple_evoting.Environment__untrustedInputMessage((B)).JML normal_behavior operation contract.0.key 
13168      DEBUG main            d.u.i.k.p.i.AbstractProblemLoader Environment load took 282.9ns 
13172      INFO  main            d.u.i.k.p.i.AbstractProblemLoader Creating init config 
17457      DEBUG main            d.u.i.k.p.i.AbstractProblemLoader Init config took 4.29s 
17562      INFO  main            d.u.i.k.p.i.AbstractProblemLoader Replaying proof simple_evoting.Environment[simple_evoting.Environment::untrustedInputMessage([B)].JML normal_behavior operation contract.0 
17567      DEBUG main            d.u.i.k.p.i.IntermediateProofReplayer Proof replay took 31.6ns 
18275      INFO  main            d.u.i.k.p.r.p.TestFile    ... finished proof: closed. 
18455      INFO  main            d.u.i.k.p.r.p.TestFile    Now processing file /home/runner/work/key/key/key.core/../key.ui/examples/InformationFlow/SimpleEvoting/simple_evoting.Environment(simple_evoting.Environment__untrustedInputMessage()).JML normal_behavior operation contract.0.key 
18455      INFO  main            d.u.i.k.p.i.AbstractProblemLoader Loading environment from /home/runner/work/key/key/key.core/../key.ui/examples/InformationFlow/SimpleEvoting/simple_evoting.Environment(simple_evoting.Environment__untrustedInputMessage()).JML normal_behavior operation contract.0.key 
18456      DEBUG main            d.u.i.k.p.i.AbstractProblemLoader Environment load took 96.8ns 
18458      INFO  main            d.u.i.k.p.i.AbstractProblemLoader Creating init config 
22288      DEBUG main            d.u.i.k.p.i.AbstractProblemLoader Init config took 3.83s 
22371      INFO  main            d.u.i.k.p.i.AbstractProblemLoader Replaying proof simple_evoting.Environment[simple_evoting.Environment::untrustedInputMessage()].JML normal_behavior operation contract.0 
22375      DEBUG main            d.u.i.k.p.i.IntermediateProofReplayer Proof replay took 12.3ns 
24211      INFO  main            d.u.i.k.p.r.p.TestFile    ... finished proof: closed. 
24441      INFO  main            d.u.i.k.p.r.p.TestFile    Now processing file /home/runner/work/key/key/key.core/../key.ui/examples/InformationFlow/SimpleEvoting/simple_evoting.Environment(simple_evoting.Environment__untrustedOutput(int)).JML normal_behavior operation contract.0.key 
24442      INFO  main            d.u.i.k.p.i.AbstractProblemLoader Loading environment from /home/runner/work/key/key/key.core/../key.ui/examples/InformationFlow/SimpleEvoting/simple_evoting.Environment(simple_evoting.Environment__untrustedOutput(int)).JML normal_behavior operation contract.0.key 
24442      DEBUG main            d.u.i.k.p.i.AbstractProblemLoader Environment load took 97.6ns 
24443      INFO  main            d.u.i.k.p.i.AbstractProblemLoader Creating init config 
28360      DEBUG main            d.u.i.k.p.i.AbstractProblemLoader Init config took 3.92s 
28447      INFO  main            d.u.i.k.p.i.AbstractProblemLoader Replaying proof simple_evoting.Environment[simple_evoting.Environment::untrustedOutput(int)].JML normal_behavior operation contract.0 
28452      DEBUG main            d.u.i.k.p.i.IntermediateProofReplayer Proof replay took 13.2ns 
28557      INFO  main            d.u.i.k.p.r.p.TestFile    ... finished proof: closed. 
28765      INFO  main            d.u.i.k.p.r.p.TestFile    Now processing file /home/runner/work/key/key/key.core/../key.ui/examples/InformationFlow/SimpleEvoting/simple_evoting.Environment(simple_evoting.Environment__untrustedInput(int)).JML normal_behavior operation contract.0.key 
28766      INFO  main            d.u.i.k.p.i.AbstractProblemLoader Loading environment from /home/runner/work/key/key/key.core/../key.ui/examples/InformationFlow/SimpleEvoting/simple_evoting.Environment(simple_evoting.Environment__untrustedInput(int)).JML normal_behavior operation contract.0.key 
28766      DEBUG main            d.u.i.k.p.i.AbstractProblemLoader Environment load took 90.9ns 
28767      INFO  main            d.u.i.k.p.i.AbstractProblemLoader Creating init config 
32410      DEBUG main            d.u.i.k.p.i.AbstractProblemLoader Init config took 3.64s 
32483      INFO  main            d.u.i.k.p.i.AbstractProblemLoader Replaying proof simple_evoting.Environment[simple_evoting.Environment::untrustedInput(int)].JML normal_behavior operation contract.0 
32487      DEBUG main            d.u.i.k.p.i.IntermediateProofReplayer Proof replay took 36.3ns 
32598      INFO  main            d.u.i.k.p.r.p.TestFile    ... finished proof: open goal(s) 
32769      INFO  main            d.u.i.k.p.r.p.TestFile    Now processing file /home/runner/work/key/key/key.core/../key.ui/examples/InformationFlow/SimpleEvoting/simple_evoting.Environment(simple_evoting.Environment__untrustedInput()).JML normal_behavior operation contract.0.key 
32771      INFO  main            d.u.i.k.p.i.AbstractProblemLoader Loading environment from /home/runner/work/key/key/key.core/../key.ui/examples/InformationFlow/SimpleEvoting/simple_evoting.Environment(simple_evoting.Environment__untrustedInput()).JML normal_behavior operation contract.0.key 
32771      DEBUG main            d.u.i.k.p.i.AbstractProblemLoader Environment load took 303.2ns 
32774      INFO  main            d.u.i.k.p.i.AbstractProblemLoader Creating init config 
36542      DEBUG main            d.u.i.k.p.i.AbstractProblemLoader Init config took 3.77s 
36622      INFO  main            d.u.i.k.p.i.AbstractProblemLoader Replaying proof simple_evoting.Environment[simple_evoting.Environment::untrustedInput()].JML normal_behavior operation contract.0 
36626      DEBUG main            d.u.i.k.p.i.IntermediateProofReplayer Proof replay took 14.6ns 
36730      INFO  main            d.u.i.k.p.r.p.TestFile    ... finished proof: open goal(s) 
36909      INFO  main            d.u.i.k.p.r.p.TestFile    Now processing file /home/runner/work/key/key/key.core/../key.ui/examples/InformationFlow/SimpleEvoting/simple_evoting.Environment(simple_evoting.Environment___rep()).JML accessible clause.0.key 
36909      INFO  main            d.u.i.k.p.i.AbstractProblemLoader Loading environment from /home/runner/work/key/key/key.core/../key.ui/examples/InformationFlow/SimpleEvoting/simple_evoting.Environment(simple_evoting.Environment___rep()).JML accessible clause.0.key 
36910      DEBUG main            d.u.i.k.p.i.AbstractProblemLoader Environment load took 101.8ns 
36911      INFO  main            d.u.i.k.p.i.AbstractProblemLoader Creating init config 
40612      DEBUG main            d.u.i.k.p.i.AbstractProblemLoader Init config took 3.7s 
40682      INFO  main            d.u.i.k.p.i.AbstractProblemLoader Replaying proof simple_evoting.Environment[simple_evoting.Environment::$rep()].JML accessible clause.0 
40685      DEBUG main            d.u.i.k.p.i.IntermediateProofReplayer Proof replay took 30.7ns 
40789      INFO  main            d.u.i.k.p.r.p.TestFile    ... finished proof: closed. 
41028      INFO  main            d.u.i.k.p.r.p.TestFile    Now processing file /home/runner/work/key/key/key.core/../key.ui/examples/InformationFlow/SimpleEvoting/simple_evoting.SMT(simple_evoting.SMT__send(simple_evoting.Message,int,simple_evoting.Server)).JML normal_behavior operation contract.1.key 
41030      INFO  main            d.u.i.k.p.i.AbstractProblemLoader Loading environment from /home/runner/work/key/key/key.core/../key.ui/examples/InformationFlow/SimpleEvoting/simple_evoting.SMT(simple_evoting.SMT__send(simple_evoting.Message,int,simple_evoting.Server)).JML normal_behavior operation contract.1.key 
41030      DEBUG main            d.u.i.k.p.i.AbstractProblemLoader Environment load took 229.5ns 
41031      INFO  main            d.u.i.k.p.i.AbstractProblemLoader Creating init config 
44774      DEBUG main            d.u.i.k.p.i.AbstractProblemLoader Init config took 3.74s 
44855      INFO  main            d.u.i.k.p.i.AbstractProblemLoader Replaying proof simple_evoting.SMT[simple_evoting.SMT::send(simple_evoting.Message,int,simple_evoting.Server)].JML normal_behavior operation contract.1 
44858      DEBUG main            d.u.i.k.p.i.IntermediateProofReplayer Proof replay took 15ns 
58328      INFO  main            d.u.i.k.p.r.p.TestFile    ... finished proof: closed. 
58603      INFO  main            d.u.i.k.p.r.p.TestFile    Now processing file /home/runner/work/key/key/key.core/../key.ui/examples/InformationFlow/SimpleEvoting/simple_evoting.SMT(simple_evoting.SMT__send(simple_evoting.Message,int,simple_evoting.Server)).JML normal_behavior operation contract.0.key 
58604      INFO  main            d.u.i.k.p.i.AbstractProblemLoader Loading environment from /home/runner/work/key/key/key.core/../key.ui/examples/InformationFlow/SimpleEvoting/simple_evoting.SMT(simple_evoting.SMT__send(simple_evoting.Message,int,simple_evoting.Server)).JML normal_behavior operation contract.0.key 
58604      DEBUG main            d.u.i.k.p.i.AbstractProblemLoader Environment load took 196.1ns 
58607      INFO  main            d.u.i.k.p.i.AbstractProblemLoader Creating init config 
62320      DEBUG main            d.u.i.k.p.i.AbstractProblemLoader Init config took 3.71s 
62388      INFO  main            d.u.i.k.p.i.AbstractProblemLoader Replaying proof simple_evoting.SMT[simple_evoting.SMT::send(simple_evoting.Message,int,simple_evoting.Server)].JML normal_behavior operation contract.0 
62392      DEBUG main            d.u.i.k.p.i.IntermediateProofReplayer Proof replay took 30.6ns 
72926      INFO  main            d.u.i.k.p.r.p.TestFile    ... finished proof: closed. 
73192      INFO  main            d.u.i.k.p.r.p.TestFile    Now processing file /home/runner/work/key/key/key.core/../key.ui/examples/InformationFlow/SimpleEvoting/simple_evoting.Message(java.lang.Object___inv_()).JML accessible clause.0.key 
73193      INFO  main            d.u.i.k.p.i.AbstractProblemLoader Loading environment from /home/runner/work/key/key/key.core/../key.ui/examples/InformationFlow/SimpleEvoting/simple_evoting.Message(java.lang.Object___inv_()).JML accessible clause.0.key 
73193      DEBUG main            d.u.i.k.p.i.AbstractProblemLoader Environment load took 168.2ns 
73194      INFO  main            d.u.i.k.p.i.AbstractProblemLoader Creating init config 
76859      DEBUG main            d.u.i.k.p.i.AbstractProblemLoader Init config took 3.66s 
76917      INFO  main            d.u.i.k.p.i.AbstractProblemLoader Replaying proof simple_evoting.Message[java.lang.Object::<inv>()].JML accessible clause.0 
76921      DEBUG main            d.u.i.k.p.i.IntermediateProofReplayer Proof replay took 19.7ns 
77123      INFO  main            d.u.i.k.p.r.p.TestFile    ... finished proof: closed. 
77339      INFO  main            d.u.i.k.p.r.p.TestFile    Now processing file /home/runner/work/key/key/key.core/../key.ui/examples/InformationFlow/SimpleEvoting/simple_evoting.Server(simple_evoting.Server__resultReady()).JML accessible clause.0.key 
77339      INFO  main            d.u.i.k.p.i.AbstractProblemLoader Loading environment from /home/runner/work/key/key/key.core/../key.ui/examples/InformationFlow/SimpleEvoting/simple_evoting.Server(simple_evoting.Server__resultReady()).JML accessible clause.0.key 
77340      DEBUG main            d.u.i.k.p.i.AbstractProblemLoader Environment load took 352.7ns 
77341      INFO  main            d.u.i.k.p.i.AbstractProblemLoader Creating init config 
80936      DEBUG main            d.u.i.k.p.i.AbstractProblemLoader Init config took 3.59s 
81014      INFO  main            d.u.i.k.p.i.AbstractProblemLoader Replaying proof simple_evoting.Server[simple_evoting.Server::resultReady()].JML accessible clause.0 
81018      DEBUG main            d.u.i.k.p.i.IntermediateProofReplayer Proof replay took 15.4ns 
82724      INFO  main            d.u.i.k.p.r.p.TestFile    ... finished proof: closed. 
82993      INFO  main            d.u.i.k.p.r.p.TestFile    Now processing file /home/runner/work/key/key/key.core/../key.ui/examples/InformationFlow/SimpleEvoting/simple_evoting.Server(simple_evoting.Server__resultReady()).JML normal_behavior operation contract.0.key 
82993      INFO  main            d.u.i.k.p.i.AbstractProblemLoader Loading environment from /home/runner/work/key/key/key.core/../key.ui/examples/InformationFlow/SimpleEvoting/simple_evoting.Server(simple_evoting.Server__resultReady()).JML normal_behavior operation contract.0.key 
82994      DEBUG main            d.u.i.k.p.i.AbstractProblemLoader Environment load took 149.2ns 
82995      INFO  main            d.u.i.k.p.i.AbstractProblemLoader Creating init config 
86798      DEBUG main            d.u.i.k.p.i.AbstractProblemLoader Init config took 3.8s 
86858      INFO  main            d.u.i.k.p.i.AbstractProblemLoader Replaying proof simple_evoting.Server[simple_evoting.Server::resultReady()].JML normal_behavior operation contract.0 
86861      DEBUG main            d.u.i.k.p.i.IntermediateProofReplayer Proof replay took 13ns 
87665      INFO  main            d.u.i.k.p.r.p.TestFile    ... finished proof: closed. 
87904      INFO  main            d.u.i.k.p.r.p.TestFile    Now processing file /home/runner/work/key/key/key.core/../key.ui/examples/InformationFlow/SimpleEvoting/simple_evoting.Server(simple_evoting.Server__onSendResult()).JML normal_behavior operation contract.0.key 
87905      INFO  main            d.u.i.k.p.i.AbstractProblemLoader Loading environment from /home/runner/work/key/key/key.core/../key.ui/examples/InformationFlow/SimpleEvoting/simple_evoting.Server(simple_evoting.Server__onSendResult()).JML normal_behavior operation contract.0.key 
87906      DEBUG main            d.u.i.k.p.i.AbstractProblemLoader Environment load took 111.2ns 
87907      INFO  main            d.u.i.k.p.i.AbstractProblemLoader Creating init config 
91468      DEBUG main            d.u.i.k.p.i.AbstractProblemLoader Init config took 3.56s 
91535      INFO  main            d.u.i.k.p.i.AbstractProblemLoader Replaying proof simple_evoting.Server[simple_evoting.Server::onSendResult()].JML normal_behavior operation contract.0 
91538      DEBUG main            d.u.i.k.p.i.IntermediateProofReplayer Proof replay took 15.8ns 
91743      INFO  main            d.u.i.k.p.r.p.TestFile    ... finished proof: closed. 
91949      INFO  main            d.u.i.k.p.r.p.TestFile    Now processing file /home/runner/work/key/key/key.core/../key.ui/examples/InformationFlow/SimpleEvoting/simple_evoting.Server(simple_evoting.Server__onCollectBallot(simple_evoting.Message)).JML normal_behavior operation contract.1.key 
91951      INFO  main            d.u.i.k.p.i.AbstractProblemLoader Loading environment from /home/runner/work/key/key/key.core/../key.ui/examples/InformationFlow/SimpleEvoting/simple_evoting.Server(simple_evoting.Server__onCollectBallot(simple_evoting.Message)).JML normal_behavior operation contract.1.key 
91951      DEBUG main            d.u.i.k.p.i.AbstractProblemLoader Environment load took 446.8ns 
91953      INFO  main            d.u.i.k.p.i.AbstractProblemLoader Creating init config 
95620      DEBUG main            d.u.i.k.p.i.AbstractProblemLoader Init config took 3.67s 
95693      INFO  main            d.u.i.k.p.i.AbstractProblemLoader Replaying proof simple_evoting.Server[simple_evoting.Server::onCollectBallot(simple_evoting.Message)].JML normal_behavior operation contract.1 
95697      DEBUG main            d.u.i.k.p.i.IntermediateProofReplayer Proof replay took 14.2ns 
96002      INFO  main            d.u.i.k.p.r.p.TestFile    ... finished proof: closed. 
96255      INFO  main            d.u.i.k.p.r.p.TestFile    Now processing file /home/runner/work/key/key/key.core/../key.ui/examples/InformationFlow/SimpleEvoting/simple_evoting.Server(simple_evoting.Server__onCollectBallot(simple_evoting.Message)).JML normal_behavior operation contract.0.key 
96256      INFO  main            d.u.i.k.p.i.AbstractProblemLoader Loading environment from /home/runner/work/key/key/key.core/../key.ui/examples/InformationFlow/SimpleEvoting/simple_evoting.Server(simple_evoting.Server__onCollectBallot(simple_evoting.Message)).JML normal_behavior operation contract.0.key 
96257      DEBUG main            d.u.i.k.p.i.AbstractProblemLoader Environment load took 291.8ns 
96258      INFO  main            d.u.i.k.p.i.AbstractProblemLoader Creating init config 
99882      DEBUG main            d.u.i.k.p.i.AbstractProblemLoader Init config took 3.62s 
99946      INFO  main            d.u.i.k.p.i.AbstractProblemLoader Replaying proof simple_evoting.Server[simple_evoting.Server::onCollectBallot(simple_evoting.Message)].JML normal_behavior operation contract.0 
99950      DEBUG main            d.u.i.k.p.i.IntermediateProofReplayer Proof replay took 18.9ns 
100775     INFO  main            d.u.i.k.p.r.p.TestFile    ... finished proof: closed. 
101011     INFO  main            d.u.i.k.p.r.p.TestFile    Now processing file /home/runner/work/key/key/key.core/../key.ui/examples/InformationFlow/SimpleEvoting/simple_evoting.Server(java.lang.Object___inv_()).JML accessible clause.0.key 
101011     INFO  main            d.u.i.k.p.i.AbstractProblemLoader Loading environment from /home/runner/work/key/key/key.core/../key.ui/examples/InformationFlow/SimpleEvoting/simple_evoting.Server(java.lang.Object___inv_()).JML accessible clause.0.key 
101011     DEBUG main            d.u.i.k.p.i.AbstractProblemLoader Environment load took 87.2ns 
101012     INFO  main            d.u.i.k.p.i.AbstractProblemLoader Creating init config 
104531     DEBUG main            d.u.i.k.p.i.AbstractProblemLoader Init config took 3.52s 
104603     INFO  main            d.u.i.k.p.i.AbstractProblemLoader Replaying proof simple_evoting.Server[java.lang.Object::<inv>()].JML accessible clause.0 
104606     DEBUG main            d.u.i.k.p.i.IntermediateProofReplayer Proof replay took 29ns 
104809     INFO  main            d.u.i.k.p.r.p.TestFile    ... finished proof: closed. 
105027     INFO  main            d.u.i.k.p.r.p.TestFile    Now processing file /home/runner/work/key/key/key.core/../key.ui/examples/InformationFlow/SimpleEvoting/simple_evoting.SMTEnv(simple_evoting.SMTEnv__send(int,int,int,simple_evoting.Server,int)).JML normal_behavior operation contract.0.key 
105027     INFO  main            d.u.i.k.p.i.AbstractProblemLoader Loading environment from /home/runner/work/key/key/key.core/../key.ui/examples/InformationFlow/SimpleEvoting/simple_evoting.SMTEnv(simple_evoting.SMTEnv__send(int,int,int,simple_evoting.Server,int)).JML normal_behavior operation contract.0.key 
105027     DEBUG main            d.u.i.k.p.i.AbstractProblemLoader Environment load took 172ns 
105028     INFO  main            d.u.i.k.p.i.AbstractProblemLoader Creating init config 
108599     DEBUG main            d.u.i.k.p.i.AbstractProblemLoader Init config took 3.57s 
108666     INFO  main            d.u.i.k.p.i.AbstractProblemLoader Replaying proof simple_evoting.SMTEnv[simple_evoting.SMTEnv::send(int,int,int,simple_evoting.Server,int)].JML normal_behavior operation contract.0 
108669     DEBUG main            d.u.i.k.p.i.IntermediateProofReplayer Proof replay took 14.4ns 
109074     INFO  main            d.u.i.k.p.r.p.TestFile    ... finished proof: closed. 
109311     INFO  main            d.u.i.k.p.r.p.TestFile    Now processing file /home/runner/work/key/key/key.core/../key.ui/examples/InformationFlow/SimpleEvoting/simple_evoting.NetworkClient(simple_evoting.NetworkClient__send((B,simple_evoting.Server,int)).JML normal_behavior operation contract.0.key 
109311     INFO  main            d.u.i.k.p.i.AbstractProblemLoader Loading environment from /home/runner/work/key/key/key.core/../key.ui/examples/InformationFlow/SimpleEvoting/simple_evoting.NetworkClient(simple_evoting.NetworkClient__send((B,simple_evoting.Server,int)).JML normal_behavior operation contract.0.key 
109313     DEBUG main            d.u.i.k.p.i.AbstractProblemLoader Environment load took 1.38ms 
109314     INFO  main            d.u.i.k.p.i.AbstractProblemLoader Creating init config 
112945     DEBUG main            d.u.i.k.p.i.AbstractProblemLoader Init config took 3.63s 
113009     INFO  main            d.u.i.k.p.i.AbstractProblemLoader Replaying proof simple_evoting.NetworkClient[simple_evoting.NetworkClient::send([B,simple_evoting.Server,int)].JML normal_behavior operation contract.0 
113013     DEBUG main            d.u.i.k.p.i.IntermediateProofReplayer Proof replay took 32.7ns 
113217     INFO  main            d.u.i.k.p.r.p.TestFile    ... finished proof: closed. 
113452     INFO  main            d.u.i.k.p.r.p.TestFile    Now processing file /home/runner/work/key/key/key.core/../key.ui/examples/InformationFlow/SimpleEvoting/simple_evoting.Setup(simple_evoting.Setup__publishResult()).JML normal_behavior operation contract.0.key 
113452     INFO  main            d.u.i.k.p.i.AbstractProblemLoader Loading environment from /home/runner/work/key/key/key.core/../key.ui/examples/InformationFlow/SimpleEvoting/simple_evoting.Setup(simple_evoting.Setup__publishResult()).JML normal_behavior operation contract.0.key 
113453     DEBUG main            d.u.i.k.p.i.AbstractProblemLoader Environment load took 691.6ns 
113454     INFO  main            d.u.i.k.p.i.AbstractProblemLoader Creating init config 
117086     DEBUG main            d.u.i.k.p.i.AbstractProblemLoader Init config took 3.63s 
117144     INFO  main            d.u.i.k.p.i.AbstractProblemLoader Replaying proof simple_evoting.Setup[simple_evoting.Setup::publishResult()].JML normal_behavior operation contract.0 
117147     DEBUG main            d.u.i.k.p.i.IntermediateProofReplayer Proof replay took 13.8ns 
117964     INFO  main            d.u.i.k.p.r.p.TestFile    ... finished proof: closed. 
118213     INFO  main            d.u.i.k.p.r.p.TestFile    Now processing file /home/runner/work/key/key/key.core/../key.ui/examples/InformationFlow/SimpleEvoting/simple_evoting.Setup(simple_evoting.Setup__main()).JML normal_behavior operation contract.0.key 
118213     INFO  main            d.u.i.k.p.i.AbstractProblemLoader Loading environment from /home/runner/work/key/key/key.core/../key.ui/examples/InformationFlow/SimpleEvoting/simple_evoting.Setup(simple_evoting.Setup__main()).JML normal_behavior operation contract.0.key 
118214     DEBUG main            d.u.i.k.p.i.AbstractProblemLoader Environment load took 89ns 
118215     INFO  main            d.u.i.k.p.i.AbstractProblemLoader Creating init config 
121847     DEBUG main            d.u.i.k.p.i.AbstractProblemLoader Init config took 3.63s 
121908     INFO  main            d.u.i.k.p.i.AbstractProblemLoader Replaying proof simple_evoting.Setup[simple_evoting.Setup::main()].JML normal_behavior operation contract.0 
121911     DEBUG main            d.u.i.k.p.i.IntermediateProofReplayer Proof replay took 14.5ns 
162671     INFO  main            d.u.i.k.p.r.p.TestFile    ... finished proof: open goal(s) 
163065     INFO  main            d.u.i.k.p.r.p.TestFile    Now processing file /home/runner/work/key/key/key.core/../key.ui/examples/InformationFlow/SimpleEvoting/simple_evoting.Setup(java.lang.Object___inv_()).JML accessible clause.0.key 
163065     INFO  main            d.u.i.k.p.i.AbstractProblemLoader Loading environment from /home/runner/work/key/key/key.core/../key.ui/examples/InformationFlow/SimpleEvoting/simple_evoting.Setup(java.lang.Object___inv_()).JML accessible clause.0.key 
163065     DEBUG main            d.u.i.k.p.i.AbstractProblemLoader Environment load took 357.6ns 
163066     INFO  main            d.u.i.k.p.i.AbstractProblemLoader Creating init config 
166521     DEBUG main            d.u.i.k.p.i.AbstractProblemLoader Init config took 3.45s 
166606     INFO  main            d.u.i.k.p.i.AbstractProblemLoader Replaying proof simple_evoting.Setup[java.lang.Object::<inv>()].JML accessible clause.0 
166609     DEBUG main            d.u.i.k.p.i.IntermediateProofReplayer Proof replay took 14.9ns 
170920     INFO  main            d.u.i.k.p.r.p.TestFile    ... finished proof: closed. 
171350     INFO  main            d.u.i.k.p.r.p.TestFile    Now processing file /home/runner/work/key/key/key.core/../key.ui/examples/InformationFlow/SimpleEvoting/simple_evoting.Voter(simple_evoting.Voter__onSendBallot(simple_evoting.Server)).JML normal_behavior operation contract.1.key 
171351     INFO  main            d.u.i.k.p.i.AbstractProblemLoader Loading environment from /home/runner/work/key/key/key.core/../key.ui/examples/InformationFlow/SimpleEvoting/simple_evoting.Voter(simple_evoting.Voter__onSendBallot(simple_evoting.Server)).JML normal_behavior operation contract.1.key 
171353     DEBUG main            d.u.i.k.p.i.AbstractProblemLoader Environment load took 1.81ms 
171357     INFO  main            d.u.i.k.p.i.AbstractProblemLoader Creating init config 
174862     DEBUG main            d.u.i.k.p.i.AbstractProblemLoader Init config took 3.5s 
174929     INFO  main            d.u.i.k.p.i.AbstractProblemLoader Replaying proof simple_evoting.Voter[simple_evoting.Voter::onSendBallot(simple_evoting.Server)].JML normal_behavior operation contract.1 
174932     DEBUG main            d.u.i.k.p.i.IntermediateProofReplayer Proof replay took 14.7ns 
180305     INFO  main            d.u.i.k.p.r.p.TestFile    ... finished proof: closed. 
180629     INFO  main            d.u.i.k.p.r.p.TestFile    Now processing file /home/runner/work/key/key/key.core/../key.ui/examples/InformationFlow/SimpleEvoting/simple_evoting.Voter(simple_evoting.Voter__onSendBallot(simple_evoting.Server)).JML normal_behavior operation contract.0.key 
180629     INFO  main            d.u.i.k.p.i.AbstractProblemLoader Loading environment from /home/runner/work/key/key/key.core/../key.ui/examples/InformationFlow/SimpleEvoting/simple_evoting.Voter(simple_evoting.Voter__onSendBallot(simple_evoting.Server)).JML normal_behavior operation contract.0.key 
180629     DEBUG main            d.u.i.k.p.i.AbstractProblemLoader Environment load took 176.9ns 
180631     INFO  main            d.u.i.k.p.i.AbstractProblemLoader Creating init config 
184203     DEBUG main            d.u.i.k.p.i.AbstractProblemLoader Init config took 3.57s 
184266     INFO  main            d.u.i.k.p.i.AbstractProblemLoader Replaying proof simple_evoting.Voter[simple_evoting.Voter::onSendBallot(simple_evoting.Server)].JML normal_behavior operation contract.0 
184269     DEBUG main            d.u.i.k.p.i.IntermediateProofReplayer Proof replay took 18.5ns 
193159     INFO  main            d.u.i.k.p.r.p.TestFile    ... finished proof: closed. 
193497     INFO  main            d.u.i.k.p.r.p.TestFile    Now processing file /home/runner/work/key/key/key.core/../key.ui/examples/InformationFlow/SimpleEvoting/simple_evoting.Voter(java.lang.Object___inv_()).JML accessible clause.0.key 
193497     INFO  main            d.u.i.k.p.i.AbstractProblemLoader Loading environment from /home/runner/work/key/key/key.core/../key.ui/examples/InformationFlow/SimpleEvoting/simple_evoting.Voter(java.lang.Object___inv_()).JML accessible clause.0.key 
193498     DEBUG main            d.u.i.k.p.i.AbstractProblemLoader Environment load took 87.1ns 
193499     INFO  main            d.u.i.k.p.i.AbstractProblemLoader Creating init config 
196981     DEBUG main            d.u.i.k.p.i.AbstractProblemLoader Init config took 3.48s 
197035     INFO  main            d.u.i.k.p.i.AbstractProblemLoader Replaying proof simple_evoting.Voter[java.lang.Object::<inv>()].JML accessible clause.0 
197038     DEBUG main            d.u.i.k.p.i.IntermediateProofReplayer Proof replay took 13.7ns 
197244     INFO  main            d.u.i.k.p.r.p.TestFile    ... finished proof: closed. 
844656     INFO  Test worker     d.u.i.k.p.r.RunAllProofsTestUnit Returning from test SimpleEvoting 
844658     INFO  Test worker     d.u.i.k.p.r.RunAllProofsTestUnit Running test ToyVoting_nomacro 
388        INFO  Timeout watchdog d.u.i.k.p.r.p.ForkedTestFileRunner Timeout watcher launched (1000 secs.) 
404        WARN  main            d.u.i.k.s.ProofSettings   The settings in /home/runner/.key/proof-settings.props are *not* read. 
437        INFO  main            d.u.i.k.p.r.p.TestFile    Now processing file /home/runner/work/key/key/key.core/../key.ui/examples/InformationFlow/ToyVoting/Voter(Voter__insecure_voting()).Non-interference contract.0.key 
567        INFO  main            d.u.i.k.p.i.AbstractProblemLoader Loading environment from /home/runner/work/key/key/key.core/../key.ui/examples/InformationFlow/ToyVoting/Voter(Voter__insecure_voting()).Non-interference contract.0.key 
589        DEBUG main            d.u.i.k.p.i.AbstractProblemLoader Environment load took 2.35ms 
848        INFO  main            d.u.i.k.p.i.AbstractProblemLoader Creating init config 
1866       DEBUG main            d.u.i.k.j.TypeConverter   No LDT found for Meta 
1867       DEBUG main            d.u.i.k.j.TypeConverter   No LDT found for Meta 
1869       DEBUG main            d.u.i.k.j.TypeConverter   No LDT found for Meta 
1869       DEBUG main            d.u.i.k.j.TypeConverter   No LDT found for Meta 
3553       DEBUG main            d.u.i.k.j.TypeConverter   No LDT found for JavaBigintExpression 
9846       DEBUG main            d.u.i.k.p.i.AbstractProblemLoader Init config took 9s 
10081      INFO  main            d.u.i.k.p.i.AbstractProblemLoader Replaying proof Voter[Voter::insecure_voting()].Non-interference contract.0 
10186      DEBUG main            d.u.i.k.p.i.IntermediateProofReplayer Proof replay took 651.1ns 
26129      INFO  main            d.u.i.k.p.r.p.TestFile    ... finished proof: open goal(s) 
26359      INFO  main            d.u.i.k.p.r.p.TestFile    Now processing file /home/runner/work/key/key/key.core/../key.ui/examples/InformationFlow/ToyVoting/Voter(Voter__publishVoterParticipation()).Non-interference contract.0.key 
26360      INFO  main            d.u.i.k.p.i.AbstractProblemLoader Loading environment from /home/runner/work/key/key/key.core/../key.ui/examples/InformationFlow/ToyVoting/Voter(Voter__publishVoterParticipation()).Non-interference contract.0.key 
26360      DEBUG main            d.u.i.k.p.i.AbstractProblemLoader Environment load took 334.8ns 
26364      INFO  main            d.u.i.k.p.i.AbstractProblemLoader Creating init config 
29858      DEBUG main            d.u.i.k.p.i.AbstractProblemLoader Init config took 3.49s 
29936      INFO  main            d.u.i.k.p.i.AbstractProblemLoader Replaying proof Voter[Voter::publishVoterParticipation()].Non-interference contract.0 
29940      DEBUG main            d.u.i.k.p.i.IntermediateProofReplayer Proof replay took 32.7ns 
30244      INFO  main            d.u.i.k.p.r.p.TestFile    ... finished proof: closed. 
30496      INFO  main            d.u.i.k.p.r.p.TestFile    Now processing file /home/runner/work/key/key/key.core/../key.ui/examples/InformationFlow/ToyVoting/Voter(Voter__isValid(int)).Non-interference contract.0.key 
30496      INFO  main            d.u.i.k.p.i.AbstractProblemLoader Loading environment from /home/runner/work/key/key/key.core/../key.ui/examples/InformationFlow/ToyVoting/Voter(Voter__isValid(int)).Non-interference contract.0.key 
30496      DEBUG main            d.u.i.k.p.i.AbstractProblemLoader Environment load took 111.7ns 
30500      INFO  main            d.u.i.k.p.i.AbstractProblemLoader Creating init config 
33743      DEBUG main            d.u.i.k.p.i.AbstractProblemLoader Init config took 3.24s 
33806      INFO  main            d.u.i.k.p.i.AbstractProblemLoader Replaying proof Voter[Voter::isValid(int)].Non-interference contract.0 
33811      DEBUG main            d.u.i.k.p.i.IntermediateProofReplayer Proof replay took 15.2ns 
34233      INFO  main            d.u.i.k.p.r.p.TestFile    ... finished proof: closed. 
34421      INFO  main            d.u.i.k.p.r.p.TestFile    Now processing file /home/runner/work/key/key/key.core/../key.ui/examples/InformationFlow/ToyVoting/Voter(Voter__sendVote(int)).Non-interference contract.0.key 
34421      INFO  main            d.u.i.k.p.i.AbstractProblemLoader Loading environment from /home/runner/work/key/key/key.core/../key.ui/examples/InformationFlow/ToyVoting/Voter(Voter__sendVote(int)).Non-interference contract.0.key 
34425      DEBUG main            d.u.i.k.p.i.AbstractProblemLoader Environment load took 3ms 
34426      INFO  main            d.u.i.k.p.i.AbstractProblemLoader Creating init config 
37690      DEBUG main            d.u.i.k.p.i.AbstractProblemLoader Init config took 3.26s 
37745      INFO  main            d.u.i.k.p.i.AbstractProblemLoader Replaying proof Voter[Voter::sendVote(int)].Non-interference contract.0 
37749      DEBUG main            d.u.i.k.p.i.IntermediateProofReplayer Proof replay took 13.5ns 
38154      INFO  main            d.u.i.k.p.r.p.TestFile    ... finished proof: closed. 
38308      INFO  main            d.u.i.k.p.r.p.TestFile    Now processing file /home/runner/work/key/key/key.core/../key.ui/examples/InformationFlow/ToyVoting/Voter(Voter__inputVote()).Non-interference contract.0.key 
38308      INFO  main            d.u.i.k.p.i.AbstractProblemLoader Loading environment from /home/runner/work/key/key/key.core/../key.ui/examples/InformationFlow/ToyVoting/Voter(Voter__inputVote()).Non-interference contract.0.key 
38310      DEBUG main            d.u.i.k.p.i.AbstractProblemLoader Environment load took 1.91ms 
38312      INFO  main            d.u.i.k.p.i.AbstractProblemLoader Creating init config 
41465      DEBUG main            d.u.i.k.p.i.AbstractProblemLoader Init config took 3.15s 
41523      INFO  main            d.u.i.k.p.i.AbstractProblemLoader Replaying proof Voter[Voter::inputVote()].Non-interference contract.0 
41527      DEBUG main            d.u.i.k.p.i.IntermediateProofReplayer Proof replay took 13.4ns 
41729      INFO  main            d.u.i.k.p.r.p.TestFile    ... finished proof: closed. 
886740     INFO  Test worker     d.u.i.k.p.r.RunAllProofsTestUnit Returning from test ToyVoting_nomacro 
886742     INFO  Test worker     d.u.i.k.p.r.RunAllProofsTestUnit Running test ConditionalConfidential_nomacro 
886742     INFO  Test worker     d.u.i.k.p.r.RunAllProofsTestUnit Returning from test ConditionalConfidential_nomacro 
886743     INFO  Test worker     d.u.i.k.p.r.RunAllProofsTestUnit Running test SumExample_nomacro 
416        INFO  Timeout watchdog d.u.i.k.p.r.p.ForkedTestFileRunner Timeout watcher launched (1000 secs.) 
435        WARN  main            d.u.i.k.s.ProofSettings   The settings in /home/runner/.key/proof-settings.props are *not* read. 
471        INFO  main            d.u.i.k.p.r.p.TestFile    Now processing file /home/runner/work/key/key/key.core/../key.ui/examples/InformationFlow/Sum/SumExample(SumExample__getSum()).Non-interference contract.0.key 
612        INFO  main            d.u.i.k.p.i.AbstractProblemLoader Loading environment from /home/runner/work/key/key/key.core/../key.ui/examples/InformationFlow/Sum/SumExample(SumExample__getSum()).Non-interference contract.0.key 
640        DEBUG main            d.u.i.k.p.i.AbstractProblemLoader Environment load took 2.86ms 
930        INFO  main            d.u.i.k.p.i.AbstractProblemLoader Creating init config 
2058       DEBUG main            d.u.i.k.j.TypeConverter   No LDT found for Meta 
2058       DEBUG main            d.u.i.k.j.TypeConverter   No LDT found for Meta 
2059       DEBUG main            d.u.i.k.j.TypeConverter   No LDT found for Meta 
2059       DEBUG main            d.u.i.k.j.TypeConverter   No LDT found for Meta 
3680       DEBUG main            d.u.i.k.j.TypeConverter   No LDT found for JavaBigintExpression 
9896       DEBUG main            d.u.i.k.p.i.AbstractProblemLoader Init config took 8.96s 
10101      INFO  main            d.u.i.k.p.i.AbstractProblemLoader Replaying proof SumExample[SumExample::getSum()].Non-interference contract.0 
10165      DEBUG main            d.u.i.k.p.i.IntermediateProofReplayer Proof replay took 418.4ns 
14245      INFO  main            d.u.i.k.p.r.p.TestFile    ... finished proof: closed. 
901381     INFO  Test worker     d.u.i.k.p.r.RunAllProofsTestUnit Returning from test SumExample_nomacro 
901384     INFO  Test worker     d.u.i.k.p.r.RunAllProofsTestUnit Running test ToyBanking_nomacro 
412        INFO  Timeout watchdog d.u.i.k.p.r.p.ForkedTestFileRunner Timeout watcher launched (1000 secs.) 
440        WARN  main            d.u.i.k.s.ProofSettings   The settings in /home/runner/.key/proof-settings.props are *not* read. 
478        INFO  main            d.u.i.k.p.r.p.TestFile    Now processing file /home/runner/work/key/key/key.core/../key.ui/examples/InformationFlow/ToyBanking/banking_example.UserAccount(banking_example.UserAccount__getBankAccount(int)).Non-interference contract.0.key 
661        INFO  main            d.u.i.k.p.i.AbstractProblemLoader Loading environment from /home/runner/work/key/key/key.core/../key.ui/examples/InformationFlow/ToyBanking/banking_example.UserAccount(banking_example.UserAccount__getBankAccount(int)).Non-interference contract.0.key 
681        DEBUG main            d.u.i.k.p.i.AbstractProblemLoader Environment load took 2.2ms 
950        INFO  main            d.u.i.k.p.i.AbstractProblemLoader Creating init config 
2111       DEBUG main            d.u.i.k.j.TypeConverter   No LDT found for Meta 
2113       DEBUG main            d.u.i.k.j.TypeConverter   No LDT found for Meta 
2117       DEBUG main            d.u.i.k.j.TypeConverter   No LDT found for Meta 
2117       DEBUG main            d.u.i.k.j.TypeConverter   No LDT found for Meta 
3881       DEBUG main            d.u.i.k.j.TypeConverter   No LDT found for JavaBigintExpression 
10292      DEBUG main            d.u.i.k.p.i.AbstractProblemLoader Init config took 9.34s 
10502      INFO  main            d.u.i.k.p.i.AbstractProblemLoader Replaying proof banking_example.UserAccount[banking_example.UserAccount::getBankAccount(int)].Non-interference contract.0 
10596      DEBUG main            d.u.i.k.p.i.IntermediateProofReplayer Proof replay took 695.1ns 
15078      INFO  main            d.u.i.k.p.r.p.TestFile    ... finished proof: closed. 
15293      INFO  main            d.u.i.k.p.r.p.TestFile    Now processing file /home/runner/work/key/key/key.core/../key.ui/examples/InformationFlow/ToyBanking/banking_example.BankAccount(banking_example.BankAccount__depositMoney(int)).Non-interference contract.0.key 
15294      INFO  main            d.u.i.k.p.i.AbstractProblemLoader Loading environment from /home/runner/work/key/key/key.core/../key.ui/examples/InformationFlow/ToyBanking/banking_example.BankAccount(banking_example.BankAccount__depositMoney(int)).Non-interference contract.0.key 
15294      DEBUG main            d.u.i.k.p.i.AbstractProblemLoader Environment load took 284.9ns 
15296      INFO  main            d.u.i.k.p.i.AbstractProblemLoader Creating init config 
18971      DEBUG main            d.u.i.k.p.i.AbstractProblemLoader Init config took 3.68s 
19075      INFO  main            d.u.i.k.p.i.AbstractProblemLoader Replaying proof banking_example.BankAccount[banking_example.BankAccount::depositMoney(int)].Non-interference contract.0 
19081      DEBUG main            d.u.i.k.p.i.IntermediateProofReplayer Proof replay took 16.3ns 
20489      INFO  main            d.u.i.k.p.r.p.TestFile    ... finished proof: closed. 
20679      INFO  main            d.u.i.k.p.r.p.TestFile    Now processing file /home/runner/work/key/key/key.core/../key.ui/examples/InformationFlow/ToyBanking/banking_example.BankAccount(banking_example.BankAccount__getBalance()).Non-interference contract.0.key 
20685      INFO  main            d.u.i.k.p.i.AbstractProblemLoader Loading environment from /home/runner/work/key/key/key.core/../key.ui/examples/InformationFlow/ToyBanking/banking_example.BankAccount(banking_example.BankAccount__getBalance()).Non-interference contract.0.key 
20686      DEBUG main            d.u.i.k.p.i.AbstractProblemLoader Environment load took 344.2ns 
20689      INFO  main            d.u.i.k.p.i.AbstractProblemLoader Creating init config 
24213      DEBUG main            d.u.i.k.p.i.AbstractProblemLoader Init config took 3.52s 
24315      INFO  main            d.u.i.k.p.i.AbstractProblemLoader Replaying proof banking_example.BankAccount[banking_example.BankAccount::getBalance()].Non-interference contract.0 
24324      DEBUG main            d.u.i.k.p.i.IntermediateProofReplayer Proof replay took 13.8ns 
24730      INFO  main            d.u.i.k.p.r.p.TestFile    ... finished proof: closed. 
24898      INFO  main            d.u.i.k.p.r.p.TestFile    Now processing file /home/runner/work/key/key/key.core/../key.ui/examples/InformationFlow/ToyBanking/banking_example.BankAccount(banking_example.BankAccount__getId()).Non-interference contract.0.key 
24899      INFO  main            d.u.i.k.p.i.AbstractProblemLoader Loading environment from /home/runner/work/key/key/key.core/../key.ui/examples/InformationFlow/ToyBanking/banking_example.BankAccount(banking_example.BankAccount__getId()).Non-interference contract.0.key 
24899      DEBUG main            d.u.i.k.p.i.AbstractProblemLoader Environment load took 87ns 
24901      INFO  main            d.u.i.k.p.i.AbstractProblemLoader Creating init config 
28250      DEBUG main            d.u.i.k.p.i.AbstractProblemLoader Init config took 3.35s 
28332      INFO  main            d.u.i.k.p.i.AbstractProblemLoader Replaying proof banking_example.BankAccount[banking_example.BankAccount::getId()].Non-interference contract.0 
28338      DEBUG main            d.u.i.k.p.i.IntermediateProofReplayer Proof replay took 16.8ns 
28741      INFO  main            d.u.i.k.p.r.p.TestFile    ... finished proof: closed. 
28934      INFO  main            d.u.i.k.p.r.p.TestFile    Now processing file /home/runner/work/key/key/key.core/../key.ui/examples/InformationFlow/ToyBanking/banking_example.Bank(banking_example.Bank__login(int,(C)).Non-interference contract.0.key 
28936      INFO  main            d.u.i.k.p.i.AbstractProblemLoader Loading environment from /home/runner/work/key/key/key.core/../key.ui/examples/InformationFlow/ToyBanking/banking_example.Bank(banking_example.Bank__login(int,(C)).Non-interference contract.0.key 
28936      DEBUG main            d.u.i.k.p.i.AbstractProblemLoader Environment load took 298.5ns 
28941      INFO  main            d.u.i.k.p.i.AbstractProblemLoader Creating init config 
32278      DEBUG main            d.u.i.k.p.i.AbstractProblemLoader Init config took 3.34s 
32367      INFO  main            d.u.i.k.p.i.AbstractProblemLoader Replaying proof banking_example.Bank[banking_example.Bank::login(int,[C)].Non-interference contract.0 
32371      DEBUG main            d.u.i.k.p.i.IntermediateProofReplayer Proof replay took 16.4ns 
68410      INFO  main            d.u.i.k.p.r.p.TestFile    ... finished proof: open goal(s) 
68745      INFO  main            d.u.i.k.p.r.p.TestFile    Now processing file /home/runner/work/key/key/key.core/../key.ui/examples/InformationFlow/ToyBanking/banking_example2.UserAccount(banking_example2.UserAccount__getBankAccount(int)).Non-interference contract.0.key 
68746      INFO  main            d.u.i.k.p.i.AbstractProblemLoader Loading environment from /home/runner/work/key/key/key.core/../key.ui/examples/InformationFlow/ToyBanking/banking_example2.UserAccount(banking_example2.UserAccount__getBankAccount(int)).Non-interference contract.0.key 
68746      DEBUG main            d.u.i.k.p.i.AbstractProblemLoader Environment load took 136.4ns 
68748      INFO  main            d.u.i.k.p.i.AbstractProblemLoader Creating init config 
72039      DEBUG main            d.u.i.k.p.i.AbstractProblemLoader Init config took 3.29s 
72149      INFO  main            d.u.i.k.p.i.AbstractProblemLoader Replaying proof banking_example2.UserAccount[banking_example2.UserAccount::getBankAccount(int)].Non-interference contract.0 
72153      DEBUG main            d.u.i.k.p.i.IntermediateProofReplayer Proof replay took 15.7ns 
74061      INFO  main            d.u.i.k.p.r.p.TestFile    ... finished proof: closed. 
74432      INFO  main            d.u.i.k.p.r.p.TestFile    Now processing file /home/runner/work/key/key/key.core/../key.ui/examples/InformationFlow/ToyBanking/banking_example2.BankAccount(banking_example2.BankAccount__depositMoney(int)).Non-interference contract.0.key 
74432      INFO  main            d.u.i.k.p.i.AbstractProblemLoader Loading environment from /home/runner/work/key/key/key.core/../key.ui/examples/InformationFlow/ToyBanking/banking_example2.BankAccount(banking_example2.BankAccount__depositMoney(int)).Non-interference contract.0.key 
74433      DEBUG main            d.u.i.k.p.i.AbstractProblemLoader Environment load took 134.9ns 
74435      INFO  main            d.u.i.k.p.i.AbstractProblemLoader Creating init config 
77458      DEBUG main            d.u.i.k.p.i.AbstractProblemLoader Init config took 3.02s 
77549      INFO  main            d.u.i.k.p.i.AbstractProblemLoader Replaying proof banking_example2.BankAccount[banking_example2.BankAccount::depositMoney(int)].Non-interference contract.0 
77552      DEBUG main            d.u.i.k.p.i.IntermediateProofReplayer Proof replay took 15.1ns 
78459      INFO  main            d.u.i.k.p.r.p.TestFile    ... finished proof: closed. 
78683      INFO  main            d.u.i.k.p.r.p.TestFile    Now processing file /home/runner/work/key/key/key.core/../key.ui/examples/InformationFlow/ToyBanking/banking_example2.BankAccount(banking_example2.BankAccount__getBalance()).Non-interference contract.0.key 
78683      INFO  main            d.u.i.k.p.i.AbstractProblemLoader Loading environment from /home/runner/work/key/key/key.core/../key.ui/examples/InformationFlow/ToyBanking/banking_example2.BankAccount(banking_example2.BankAccount__getBalance()).Non-interference contract.0.key 
78683      DEBUG main            d.u.i.k.p.i.AbstractProblemLoader Environment load took 103.8ns 
78685      INFO  main            d.u.i.k.p.i.AbstractProblemLoader Creating init config 
81848      DEBUG main            d.u.i.k.p.i.AbstractProblemLoader Init config took 3.16s 
81906      INFO  main            d.u.i.k.p.i.AbstractProblemLoader Replaying proof banking_example2.BankAccount[banking_example2.BankAccount::getBalance()].Non-interference contract.0 
81910      DEBUG main            d.u.i.k.p.i.IntermediateProofReplayer Proof replay took 15.2ns 
82213      INFO  main            d.u.i.k.p.r.p.TestFile    ... finished proof: closed. 
82419      INFO  main            d.u.i.k.p.r.p.TestFile    Now processing file /home/runner/work/key/key/key.core/../key.ui/examples/InformationFlow/ToyBanking/banking_example2.BankAccount(banking_example2.BankAccount__getId()).Non-interference contract.0.key 
82419      INFO  main            d.u.i.k.p.i.AbstractProblemLoader Loading environment from /home/runner/work/key/key/key.core/../key.ui/examples/InformationFlow/ToyBanking/banking_example2.BankAccount(banking_example2.BankAccount__getId()).Non-interference contract.0.key 
82420      DEBUG main            d.u.i.k.p.i.AbstractProblemLoader Environment load took 150.3ns 
82423      INFO  main            d.u.i.k.p.i.AbstractProblemLoader Creating init config 
85469      DEBUG main            d.u.i.k.p.i.AbstractProblemLoader Init config took 3.05s 
85523      INFO  main            d.u.i.k.p.i.AbstractProblemLoader Replaying proof banking_example2.BankAccount[banking_example2.BankAccount::getId()].Non-interference contract.0 
85527      DEBUG main            d.u.i.k.p.i.IntermediateProofReplayer Proof replay took 14.1ns 
85835      INFO  main            d.u.i.k.p.r.p.TestFile    ... finished proof: closed. 
987621     INFO  Test worker     d.u.i.k.p.r.RunAllProofsTestUnit Returning from test ToyBanking_nomacro 
987623     INFO  Test worker     d.u.i.k.p.r.RunAllProofsTestUnit Running test BlockContracts_nomacro 
443        INFO  Timeout watchdog d.u.i.k.p.r.p.ForkedTestFileRunner Timeout watcher launched (1000 secs.) 
462        WARN  main            d.u.i.k.s.ProofSettings   The settings in /home/runner/.key/proof-settings.props are *not* read. 
489        INFO  main            d.u.i.k.p.r.p.TestFile    Now processing file /home/runner/work/key/key/key.core/../key.ui/examples/InformationFlow/BlockContracts/contract.IFBlockExamples(contract.IFBlockExamples__secure_5()).Non-interference contract.0.key 
670        INFO  main            d.u.i.k.p.i.AbstractProblemLoader Loading environment from /home/runner/work/key/key/key.core/../key.ui/examples/InformationFlow/BlockContracts/contract.IFBlockExamples(contract.IFBlockExamples__secure_5()).Non-interference contract.0.key 
693        DEBUG main            d.u.i.k.p.i.AbstractProblemLoader Environment load took 2.37ms 
975        INFO  main            d.u.i.k.p.i.AbstractProblemLoader Creating init config 
2149       DEBUG main            d.u.i.k.j.TypeConverter   No LDT found for Meta 
2153       DEBUG main            d.u.i.k.j.TypeConverter   No LDT found for Meta 
2159       DEBUG main            d.u.i.k.j.TypeConverter   No LDT found for Meta 
2159       DEBUG main            d.u.i.k.j.TypeConverter   No LDT found for Meta 
3557       DEBUG main            d.u.i.k.j.TypeConverter   No LDT found for JavaBigintExpression 
9284       DEBUG main            d.u.i.k.p.i.AbstractProblemLoader Init config took 8.31s 
9455       INFO  main            d.u.i.k.p.i.AbstractProblemLoader Replaying proof contract.IFBlockExamples[contract.IFBlockExamples::secure_5()].Non-interference contract.0 
9598       DEBUG main            d.u.i.k.p.i.IntermediateProofReplayer Proof replay took 427.8ns 
11452      INFO  main            d.u.i.k.p.r.p.TestFile    ... finished proof: closed. 
11632      INFO  main            d.u.i.k.p.r.p.TestFile    Now processing file /home/runner/work/key/key/key.core/../key.ui/examples/InformationFlow/BlockContracts/contract.IFBlockExamples(contract.IFBlockExamples__block_no_return_secure(int)).Non-interference contract.0.key 
11633      INFO  main            d.u.i.k.p.i.AbstractProblemLoader Loading environment from /home/runner/work/key/key/key.core/../key.ui/examples/InformationFlow/BlockContracts/contract.IFBlockExamples(contract.IFBlockExamples__block_no_return_secure(int)).Non-interference contract.0.key 
11635      DEBUG main            d.u.i.k.p.i.AbstractProblemLoader Environment load took 1.98ms 
11638      INFO  main            d.u.i.k.p.i.AbstractProblemLoader Creating init config 
15366      DEBUG main            d.u.i.k.p.i.AbstractProblemLoader Init config took 3.73s 
15449      INFO  main            d.u.i.k.p.i.AbstractProblemLoader Replaying proof contract.IFBlockExamples[contract.IFBlockExamples::block_no_return_secure(int)].Non-interference contract.0 
15454      DEBUG main            d.u.i.k.p.i.IntermediateProofReplayer Proof replay took 12.8ns 
16161      INFO  main            d.u.i.k.p.r.p.TestFile    ... finished proof: closed. 
16410      INFO  main            d.u.i.k.p.r.p.TestFile    Now processing file /home/runner/work/key/key/key.core/../key.ui/examples/InformationFlow/BlockContracts/contract.IFBlockExamples(contract.IFBlockExamples__while_block_insecure(int)).Non-interference contract.0.key 
16411      INFO  main            d.u.i.k.p.i.AbstractProblemLoader Loading environment from /home/runner/work/key/key/key.core/../key.ui/examples/InformationFlow/BlockContracts/contract.IFBlockExamples(contract.IFBlockExamples__while_block_insecure(int)).Non-interference contract.0.key 
16412      DEBUG main            d.u.i.k.p.i.AbstractProblemLoader Environment load took 309.2ns 
16413      INFO  main            d.u.i.k.p.i.AbstractProblemLoader Creating init config 
19798      DEBUG main            d.u.i.k.p.i.AbstractProblemLoader Init config took 3.38s 
19879      INFO  main            d.u.i.k.p.i.AbstractProblemLoader Replaying proof contract.IFBlockExamples[contract.IFBlockExamples::while_block_insecure(int)].Non-interference contract.0 
19884      DEBUG main            d.u.i.k.p.i.IntermediateProofReplayer Proof replay took 13.2ns 
21838      INFO  main            d.u.i.k.p.r.p.TestFile    ... finished proof: open goal(s) 
22059      INFO  main            d.u.i.k.p.r.p.TestFile    Now processing file /home/runner/work/key/key/key.core/../key.ui/examples/InformationFlow/BlockContracts/contract.IFBlockExamples(contract.IFBlockExamples__while_block_secure(int)).Non-interference contract.0.key 
22062      INFO  main            d.u.i.k.p.i.AbstractProblemLoader Loading environment from /home/runner/work/key/key/key.core/../key.ui/examples/InformationFlow/BlockContracts/contract.IFBlockExamples(contract.IFBlockExamples__while_block_secure(int)).Non-interference contract.0.key 
22062      DEBUG main            d.u.i.k.p.i.AbstractProblemLoader Environment load took 366.8ns 
22064      INFO  main            d.u.i.k.p.i.AbstractProblemLoader Creating init config 
25323      DEBUG main            d.u.i.k.p.i.AbstractProblemLoader Init config took 3.26s 
25388      INFO  main            d.u.i.k.p.i.AbstractProblemLoader Replaying proof contract.IFBlockExamples[contract.IFBlockExamples::while_block_secure(int)].Non-interference contract.0 
25392      DEBUG main            d.u.i.k.p.i.IntermediateProofReplayer Proof replay took 14.6ns 
27101      INFO  main            d.u.i.k.p.r.p.TestFile    ... finished proof: closed. 
27311      INFO  main            d.u.i.k.p.r.p.TestFile    Now processing file /home/runner/work/key/key/key.core/../key.ui/examples/InformationFlow/BlockContracts/contract.IFBlockExamples(contract.IFBlockExamples__block_while_secure(int)).Non-interference contract.0.key 
27312      INFO  main            d.u.i.k.p.i.AbstractProblemLoader Loading environment from /home/runner/work/key/key/key.core/../key.ui/examples/InformationFlow/BlockContracts/contract.IFBlockExamples(contract.IFBlockExamples__block_while_secure(int)).Non-interference contract.0.key 
27313      DEBUG main            d.u.i.k.p.i.AbstractProblemLoader Environment load took 326.7ns 
27314      INFO  main            d.u.i.k.p.i.AbstractProblemLoader Creating init config 
30575      DEBUG main            d.u.i.k.p.i.AbstractProblemLoader Init config took 3.26s 
30639      INFO  main            d.u.i.k.p.i.AbstractProblemLoader Replaying proof contract.IFBlockExamples[contract.IFBlockExamples::block_while_secure(int)].Non-interference contract.0 
30643      DEBUG main            d.u.i.k.p.i.IntermediateProofReplayer Proof replay took 12ns 
32671      INFO  main            d.u.i.k.p.r.p.TestFile    ... finished proof: closed. 
32900      INFO  main            d.u.i.k.p.r.p.TestFile    Now processing file /home/runner/work/key/key/key.core/../key.ui/examples/InformationFlow/BlockContracts/contract.IFBlockExamples(contract.IFBlockExamples__insecure_4(int)).Non-interference contract.0.key 
32901      INFO  main            d.u.i.k.p.i.AbstractProblemLoader Loading environment from /home/runner/work/key/key/key.core/../key.ui/examples/InformationFlow/BlockContracts/contract.IFBlockExamples(contract.IFBlockExamples__insecure_4(int)).Non-interference contract.0.key 
32901      DEBUG main            d.u.i.k.p.i.AbstractProblemLoader Environment load took 114.2ns 
32903      INFO  main            d.u.i.k.p.i.AbstractProblemLoader Creating init config 
36182      DEBUG main            d.u.i.k.p.i.AbstractProblemLoader Init config took 3.28s 
36250      INFO  main            d.u.i.k.p.i.AbstractProblemLoader Replaying proof contract.IFBlockExamples[contract.IFBlockExamples::insecure_4(int)].Non-interference contract.0 
36255      DEBUG main            d.u.i.k.p.i.IntermediateProofReplayer Proof replay took 13.8ns 
38573      INFO  main            d.u.i.k.p.r.p.TestFile    ... finished proof: open goal(s) 
38847      INFO  main            d.u.i.k.p.r.p.TestFile    Now processing file /home/runner/work/key/key/key.core/../key.ui/examples/InformationFlow/BlockContracts/contract.IFBlockExamples(contract.IFBlockExamples__insecure_3(int)).Non-interference contract.0.key 
38848      INFO  main            d.u.i.k.p.i.AbstractProblemLoader Loading environment from /home/runner/work/key/key/key.core/../key.ui/examples/InformationFlow/BlockContracts/contract.IFBlockExamples(contract.IFBlockExamples__insecure_3(int)).Non-interference contract.0.key 
38849      DEBUG main            d.u.i.k.p.i.AbstractProblemLoader Environment load took 101.1ns 
38851      INFO  main            d.u.i.k.p.i.AbstractProblemLoader Creating init config 
42067      DEBUG main            d.u.i.k.p.i.AbstractProblemLoader Init config took 3.22s 
42138      INFO  main            d.u.i.k.p.i.AbstractProblemLoader Replaying proof contract.IFBlockExamples[contract.IFBlockExamples::insecure_3(int)].Non-interference contract.0 
42142      DEBUG main            d.u.i.k.p.i.IntermediateProofReplayer Proof replay took 33.7ns 
44613      INFO  main            d.u.i.k.p.r.p.TestFile    ... finished proof: open goal(s) 
44928      INFO  main            d.u.i.k.p.r.p.TestFile    Now processing file /home/runner/work/key/key/key.core/../key.ui/examples/InformationFlow/BlockContracts/contract.IFBlockExamples(contract.IFBlockExamples__secure_3(int)).Non-interference contract.0.key 
44928      INFO  main            d.u.i.k.p.i.AbstractProblemLoader Loading environment from /home/runner/work/key/key/key.core/../key.ui/examples/InformationFlow/BlockContracts/contract.IFBlockExamples(contract.IFBlockExamples__secure_3(int)).Non-interference contract.0.key 
44928      DEBUG main            d.u.i.k.p.i.AbstractProblemLoader Environment load took 94.8ns 
44932      INFO  main            d.u.i.k.p.i.AbstractProblemLoader Creating init config 
48208      DEBUG main            d.u.i.k.p.i.AbstractProblemLoader Init config took 3.28s 
48263      INFO  main            d.u.i.k.p.i.AbstractProblemLoader Replaying proof contract.IFBlockExamples[contract.IFBlockExamples::secure_3(int)].Non-interference contract.0 
48268      DEBUG main            d.u.i.k.p.i.IntermediateProofReplayer Proof replay took 16.1ns 
50281      INFO  main            d.u.i.k.p.r.p.TestFile    ... finished proof: closed. 
50560      INFO  main            d.u.i.k.p.r.p.TestFile    Now processing file /home/runner/work/key/key/key.core/../key.ui/examples/InformationFlow/BlockContracts/contract.IFBlockExamples(contract.IFBlockExamples__secure_2(int)).Non-interference contract.0.key 
50560      INFO  main            d.u.i.k.p.i.AbstractProblemLoader Loading environment from /home/runner/work/key/key/key.core/../key.ui/examples/InformationFlow/BlockContracts/contract.IFBlockExamples(contract.IFBlockExamples__secure_2(int)).Non-interference contract.0.key 
50560      DEBUG main            d.u.i.k.p.i.AbstractProblemLoader Environment load took 115.9ns 
50562      INFO  main            d.u.i.k.p.i.AbstractProblemLoader Creating init config 
53602      DEBUG main            d.u.i.k.p.i.AbstractProblemLoader Init config took 3.04s 
53673      INFO  main            d.u.i.k.p.i.AbstractProblemLoader Replaying proof contract.IFBlockExamples[contract.IFBlockExamples::secure_2(int)].Non-interference contract.0 
53679      DEBUG main            d.u.i.k.p.i.IntermediateProofReplayer Proof replay took 15ns 
56295      INFO  main            d.u.i.k.p.r.p.TestFile    ... finished proof: closed. 
56633      INFO  main            d.u.i.k.p.r.p.TestFile    Now processing file /home/runner/work/key/key/key.core/../key.ui/examples/InformationFlow/BlockContracts/contract.IFBlockExamples(contract.IFBlockExamples__secure_8(int)).Non-interference contract.0.key 
56633      INFO  main            d.u.i.k.p.i.AbstractProblemLoader Loading environment from /home/runner/work/key/key/key.core/../key.ui/examples/InformationFlow/BlockContracts/contract.IFBlockExamples(contract.IFBlockExamples__secure_8(int)).Non-interference contract.0.key 
56633      DEBUG main            d.u.i.k.p.i.AbstractProblemLoader Environment load took 86.4ns 
56635      INFO  main            d.u.i.k.p.i.AbstractProblemLoader Creating init config 
59682      DEBUG main            d.u.i.k.p.i.AbstractProblemLoader Init config took 3.05s 
59734      INFO  main            d.u.i.k.p.i.AbstractProblemLoader Replaying proof contract.IFBlockExamples[contract.IFBlockExamples::secure_8(int)].Non-interference contract.0 
59738      DEBUG main            d.u.i.k.p.i.IntermediateProofReplayer Proof replay took 30.2ns 
60543      INFO  main            d.u.i.k.p.r.p.TestFile    ... finished proof: closed. 
60807      INFO  main            d.u.i.k.p.r.p.TestFile    Now processing file /home/runner/work/key/key/key.core/../key.ui/examples/InformationFlow/BlockContracts/contract.IFBlockExamples(contract.IFBlockExamples__secure_7(int)).Non-interference contract.0.key 
60807      INFO  main            d.u.i.k.p.i.AbstractProblemLoader Loading environment from /home/runner/work/key/key/key.core/../key.ui/examples/InformationFlow/BlockContracts/contract.IFBlockExamples(contract.IFBlockExamples__secure_7(int)).Non-interference contract.0.key 
60807      DEBUG main            d.u.i.k.p.i.AbstractProblemLoader Environment load took 97.6ns 
60809      INFO  main            d.u.i.k.p.i.AbstractProblemLoader Creating init config 
63919      DEBUG main            d.u.i.k.p.i.AbstractProblemLoader Init config took 3.11s 
63968      INFO  main            d.u.i.k.p.i.AbstractProblemLoader Replaying proof contract.IFBlockExamples[contract.IFBlockExamples::secure_7(int)].Non-interference contract.0 
63974      DEBUG main            d.u.i.k.p.i.IntermediateProofReplayer Proof replay took 14.9ns 
64478      INFO  main            d.u.i.k.p.r.p.TestFile    ... finished proof: closed. 
64704      INFO  main            d.u.i.k.p.r.p.TestFile    Now processing file /home/runner/work/key/key/key.core/../key.ui/examples/InformationFlow/BlockContracts/contract.IFBlockExamples(contract.IFBlockExamples__secure_6(int)).Non-interference contract.0.key 
64704      INFO  main            d.u.i.k.p.i.AbstractProblemLoader Loading environment from /home/runner/work/key/key/key.core/../key.ui/examples/InformationFlow/BlockContracts/contract.IFBlockExamples(contract.IFBlockExamples__secure_6(int)).Non-interference contract.0.key 
64704      DEBUG main            d.u.i.k.p.i.AbstractProblemLoader Environment load took 140.9ns 
64706      INFO  main            d.u.i.k.p.i.AbstractProblemLoader Creating init config 
67867      DEBUG main            d.u.i.k.p.i.AbstractProblemLoader Init config took 3.16s 
67938      INFO  main            d.u.i.k.p.i.AbstractProblemLoader Replaying proof contract.IFBlockExamples[contract.IFBlockExamples::secure_6(int)].Non-interference contract.0 
67946      DEBUG main            d.u.i.k.p.i.IntermediateProofReplayer Proof replay took 16.8ns 
68449      INFO  main            d.u.i.k.p.r.p.TestFile    ... finished proof: closed. 
68671      INFO  main            d.u.i.k.p.r.p.TestFile    Now processing file /home/runner/work/key/key/key.core/../key.ui/examples/InformationFlow/BlockContracts/contract.IFBlockExamples(contract.IFBlockExamples__insecure_1(int)).Non-interference contract.0.key 
68671      INFO  main            d.u.i.k.p.i.AbstractProblemLoader Loading environment from /home/runner/work/key/key/key.core/../key.ui/examples/InformationFlow/BlockContracts/contract.IFBlockExamples(contract.IFBlockExamples__insecure_1(int)).Non-interference contract.0.key 
68671      DEBUG main            d.u.i.k.p.i.AbstractProblemLoader Environment load took 70.1ns 
68672      INFO  main            d.u.i.k.p.i.AbstractProblemLoader Creating init config 
71749      DEBUG main            d.u.i.k.p.i.AbstractProblemLoader Init config took 3.08s 
71810      INFO  main            d.u.i.k.p.i.AbstractProblemLoader Replaying proof contract.IFBlockExamples[contract.IFBlockExamples::insecure_1(int)].Non-interference contract.0 
71814      DEBUG main            d.u.i.k.p.i.IntermediateProofReplayer Proof replay took 32.3ns 
72520      INFO  main            d.u.i.k.p.r.p.TestFile    ... finished proof: open goal(s) 
72789      INFO  main            d.u.i.k.p.r.p.TestFile    Now processing file /home/runner/work/key/key/key.core/../key.ui/examples/InformationFlow/BlockContracts/contract.IFBlockExamples(contract.IFBlockExamples__secure_4(int)).Non-interference contract.0.key 
72790      INFO  main            d.u.i.k.p.i.AbstractProblemLoader Loading environment from /home/runner/work/key/key/key.core/../key.ui/examples/InformationFlow/BlockContracts/contract.IFBlockExamples(contract.IFBlockExamples__secure_4(int)).Non-interference contract.0.key 
72790      DEBUG main            d.u.i.k.p.i.AbstractProblemLoader Environment load took 81ns 
72793      INFO  main            d.u.i.k.p.i.AbstractProblemLoader Creating init config 
75920      DEBUG main            d.u.i.k.p.i.AbstractProblemLoader Init config took 3.13s 
75976      INFO  main            d.u.i.k.p.i.AbstractProblemLoader Replaying proof contract.IFBlockExamples[contract.IFBlockExamples::secure_4(int)].Non-interference contract.0 
75982      DEBUG main            d.u.i.k.p.i.IntermediateProofReplayer Proof replay took 18.5ns 
76686      INFO  main            d.u.i.k.p.r.p.TestFile    ... finished proof: closed. 
76924      INFO  main            d.u.i.k.p.r.p.TestFile    Now processing file /home/runner/work/key/key/key.core/../key.ui/examples/InformationFlow/BlockContracts/contract.IFBlockExamples(contract.IFBlockExamples__secure_1(int)).Non-interference contract.0.key 
76924      INFO  main            d.u.i.k.p.i.AbstractProblemLoader Loading environment from /home/runner/work/key/key/key.core/../key.ui/examples/InformationFlow/BlockContracts/contract.IFBlockExamples(contract.IFBlockExamples__secure_1(int)).Non-interference contract.0.key 
76925      DEBUG main            d.u.i.k.p.i.AbstractProblemLoader Environment load took 91.8ns 
76926      INFO  main            d.u.i.k.p.i.AbstractProblemLoader Creating init config 
80046      DEBUG main            d.u.i.k.p.i.AbstractProblemLoader Init config took 3.12s 
80096      INFO  main            d.u.i.k.p.i.AbstractProblemLoader Replaying proof contract.IFBlockExamples[contract.IFBlockExamples::secure_1(int)].Non-interference contract.0 
80099      DEBUG main            d.u.i.k.p.i.IntermediateProofReplayer Proof replay took 17.6ns 
80904      INFO  main            d.u.i.k.p.r.p.TestFile    ... finished proof: closed. 
81168      INFO  main            d.u.i.k.p.r.p.TestFile    Now processing file /home/runner/work/key/key/key.core/../key.ui/examples/InformationFlow/BlockContracts/contract.IFEfficiencyExamples(contract.IFEfficiencyExamples__mWithoutBlockContract()).Non-interference contract.0.key 
81169      INFO  main            d.u.i.k.p.i.AbstractProblemLoader Loading environment from /home/runner/work/key/key/key.core/../key.ui/examples/InformationFlow/BlockContracts/contract.IFEfficiencyExamples(contract.IFEfficiencyExamples__mWithoutBlockContract()).Non-interference contract.0.key 
81169      DEBUG main            d.u.i.k.p.i.AbstractProblemLoader Environment load took 85ns 
81170      INFO  main            d.u.i.k.p.i.AbstractProblemLoader Creating init config 
84175      DEBUG main            d.u.i.k.p.i.AbstractProblemLoader Init config took 3s 
84226      INFO  main            d.u.i.k.p.i.AbstractProblemLoader Replaying proof contract.IFEfficiencyExamples[contract.IFEfficiencyExamples::mWithoutBlockContract()].Non-interference contract.0 
84230      DEBUG main            d.u.i.k.p.i.IntermediateProofReplayer Proof replay took 27.3ns 
87571      INFO  main            d.u.i.k.p.r.p.TestFile    ... finished proof: closed. 
87888      INFO  main            d.u.i.k.p.r.p.TestFile    Now processing file /home/runner/work/key/key/key.core/../key.ui/examples/InformationFlow/BlockContracts/contract.IFEfficiencyExamples(contract.IFEfficiencyExamples__mWithBlockContract()).Non-interference contract.0.key 
87888      INFO  main            d.u.i.k.p.i.AbstractProblemLoader Loading environment from /home/runner/work/key/key/key.core/../key.ui/examples/InformationFlow/BlockContracts/contract.IFEfficiencyExamples(contract.IFEfficiencyExamples__mWithBlockContract()).Non-interference contract.0.key 
87889      DEBUG main            d.u.i.k.p.i.AbstractProblemLoader Environment load took 210.7ns 
87890      INFO  main            d.u.i.k.p.i.AbstractProblemLoader Creating init config 
90899      DEBUG main            d.u.i.k.p.i.AbstractProblemLoader Init config took 3.01s 
90940      INFO  main            d.u.i.k.p.i.AbstractProblemLoader Replaying proof contract.IFEfficiencyExamples[contract.IFEfficiencyExamples::mWithBlockContract()].Non-interference contract.0 
90944      DEBUG main            d.u.i.k.p.i.IntermediateProofReplayer Proof replay took 15.3ns 
93657      INFO  main            d.u.i.k.p.r.p.TestFile    ... finished proof: closed. 
1081793    INFO  Test worker     d.u.i.k.p.r.RunAllProofsTestUnit Returning from test BlockContracts_nomacro 
1081797    INFO  Test worker     d.u.i.k.p.r.RunAllProofsTestUnit Running test MethodContracts_nomacro 
417        INFO  Timeout watchdog d.u.i.k.p.r.p.ForkedTestFileRunner Timeout watcher launched (1000 secs.) 
428        WARN  main            d.u.i.k.s.ProofSettings   The settings in /home/runner/.key/proof-settings.props are *not* read. 
457        INFO  main            d.u.i.k.p.r.p.TestFile    Now processing file /home/runner/work/key/key/key.core/../key.ui/examples/InformationFlow/MethodContracts/contract.IFMethodContract(contract.IFMethodContract__secure_recursion_2((I,int)).Non-interference contract.0.key 
622        INFO  main            d.u.i.k.p.i.AbstractProblemLoader Loading environment from /home/runner/work/key/key/key.core/../key.ui/examples/InformationFlow/MethodContracts/contract.IFMethodContract(contract.IFMethodContract__secure_recursion_2((I,int)).Non-interference contract.0.key 
644        DEBUG main            d.u.i.k.p.i.AbstractProblemLoader Environment load took 2.29ms 
911        INFO  main            d.u.i.k.p.i.AbstractProblemLoader Creating init config 
2131       DEBUG main            d.u.i.k.j.TypeConverter   No LDT found for Meta 
2131       DEBUG main            d.u.i.k.j.TypeConverter   No LDT found for Meta 
2132       DEBUG main            d.u.i.k.j.TypeConverter   No LDT found for Meta 
2133       DEBUG main            d.u.i.k.j.TypeConverter   No LDT found for Meta 
3655       DEBUG main            d.u.i.k.j.TypeConverter   No LDT found for JavaBigintExpression 
9772       DEBUG main            d.u.i.k.p.i.AbstractProblemLoader Init config took 8.86s 
10039      INFO  main            d.u.i.k.p.i.AbstractProblemLoader Replaying proof contract.IFMethodContract[contract.IFMethodContract::secure_recursion_2([I,int)].Non-interference contract.0 
10119      DEBUG main            d.u.i.k.p.i.IntermediateProofReplayer Proof replay took 971.7ns 
14596      INFO  main            d.u.i.k.p.r.p.TestFile    ... finished proof: closed. 
14815      INFO  main            d.u.i.k.p.r.p.TestFile    Now processing file /home/runner/work/key/key/key.core/../key.ui/examples/InformationFlow/MethodContracts/contract.IFMethodContract(contract.IFMethodContract__secure_recursion(int)).Non-interference contract.0.key 
14823      INFO  main            d.u.i.k.p.i.AbstractProblemLoader Loading environment from /home/runner/work/key/key/key.core/../key.ui/examples/InformationFlow/MethodContracts/contract.IFMethodContract(contract.IFMethodContract__secure_recursion(int)).Non-interference contract.0.key 
14824      DEBUG main            d.u.i.k.p.i.AbstractProblemLoader Environment load took 1.42ms 
14831      INFO  main            d.u.i.k.p.i.AbstractProblemLoader Creating init config 
18413      DEBUG main            d.u.i.k.p.i.AbstractProblemLoader Init config took 3.58s 
18484      INFO  main            d.u.i.k.p.i.AbstractProblemLoader Replaying proof contract.IFMethodContract[contract.IFMethodContract::secure_recursion(int)].Non-interference contract.0 
18492      DEBUG main            d.u.i.k.p.i.IntermediateProofReplayer Proof replay took 17.1ns 
19105      INFO  main            d.u.i.k.p.r.p.TestFile    ... finished proof: closed. 
19272      INFO  main            d.u.i.k.p.r.p.TestFile    Now processing file /home/runner/work/key/key/key.core/../key.ui/examples/InformationFlow/MethodContracts/contract.IFMethodContract(contract.IFMethodContract__secure_catch_exception()).Non-interference contract.0.key 
19273      INFO  main            d.u.i.k.p.i.AbstractProblemLoader Loading environment from /home/runner/work/key/key/key.core/../key.ui/examples/InformationFlow/MethodContracts/contract.IFMethodContract(contract.IFMethodContract__secure_catch_exception()).Non-interference contract.0.key 
19273      DEBUG main            d.u.i.k.p.i.AbstractProblemLoader Environment load took 133ns 
19275      INFO  main            d.u.i.k.p.i.AbstractProblemLoader Creating init config 
22912      DEBUG main            d.u.i.k.p.i.AbstractProblemLoader Init config took 3.64s 
22987      INFO  main            d.u.i.k.p.i.AbstractProblemLoader Replaying proof contract.IFMethodContract[contract.IFMethodContract::secure_catch_exception()].Non-interference contract.0 
22992      DEBUG main            d.u.i.k.p.i.IntermediateProofReplayer Proof replay took 15.8ns 
23496      INFO  main            d.u.i.k.p.r.p.TestFile    ... finished proof: closed. 
23674      INFO  main            d.u.i.k.p.r.p.TestFile    Now processing file /home/runner/work/key/key/key.core/../key.ui/examples/InformationFlow/MethodContracts/contract.IFMethodContract(contract.IFMethodContract__n6()).Non-interference contract.0.key 
23674      INFO  main            d.u.i.k.p.i.AbstractProblemLoader Loading environment from /home/runner/work/key/key/key.core/../key.ui/examples/InformationFlow/MethodContracts/contract.IFMethodContract(contract.IFMethodContract__n6()).Non-interference contract.0.key 
23674      DEBUG main            d.u.i.k.p.i.AbstractProblemLoader Environment load took 85ns 
23676      INFO  main            d.u.i.k.p.i.AbstractProblemLoader Creating init config 
27048      DEBUG main            d.u.i.k.p.i.AbstractProblemLoader Init config took 3.37s 
27110      INFO  main            d.u.i.k.p.i.AbstractProblemLoader Replaying proof contract.IFMethodContract[contract.IFMethodContract::n6()].Non-interference contract.0 
27114      DEBUG main            d.u.i.k.p.i.IntermediateProofReplayer Proof replay took 14.3ns 
27419      INFO  main            d.u.i.k.p.r.p.TestFile    ... finished proof: closed. 
27584      INFO  main            d.u.i.k.p.r.p.TestFile    Now processing file /home/runner/work/key/key/key.core/../key.ui/examples/InformationFlow/MethodContracts/contract.IFMethodContract(contract.IFMethodContract__secure_n6()).Non-interference contract.0.key 
27585      INFO  main            d.u.i.k.p.i.AbstractProblemLoader Loading environment from /home/runner/work/key/key/key.core/../key.ui/examples/InformationFlow/MethodContracts/contract.IFMethodContract(contract.IFMethodContract__secure_n6()).Non-interference contract.0.key 
27585      DEBUG main            d.u.i.k.p.i.AbstractProblemLoader Environment load took 95.4ns 
27588      INFO  main            d.u.i.k.p.i.AbstractProblemLoader Creating init config 
30821      DEBUG main            d.u.i.k.p.i.AbstractProblemLoader Init config took 3.23s 
30875      INFO  main            d.u.i.k.p.i.AbstractProblemLoader Replaying proof contract.IFMethodContract[contract.IFMethodContract::secure_n6()].Non-interference contract.0 
30879      DEBUG main            d.u.i.k.p.i.IntermediateProofReplayer Proof replay took 15.6ns 
31084      INFO  main            d.u.i.k.p.r.p.TestFile    ... finished proof: closed. 
31259      INFO  main            d.u.i.k.p.r.p.TestFile    Now processing file /home/runner/work/key/key/key.core/../key.ui/examples/InformationFlow/MethodContracts/contract.IFMethodContract(contract.IFMethodContract__secure_array_param((I,int)).Non-interference contract.0.key 
31260      INFO  main            d.u.i.k.p.i.AbstractProblemLoader Loading environment from /home/runner/work/key/key/key.core/../key.ui/examples/InformationFlow/MethodContracts/contract.IFMethodContract(contract.IFMethodContract__secure_array_param((I,int)).Non-interference contract.0.key 
31260      DEBUG main            d.u.i.k.p.i.AbstractProblemLoader Environment load took 94.6ns 
31262      INFO  main            d.u.i.k.p.i.AbstractProblemLoader Creating init config 
34498      DEBUG main            d.u.i.k.p.i.AbstractProblemLoader Init config took 3.24s 
34555      INFO  main            d.u.i.k.p.i.AbstractProblemLoader Replaying proof contract.IFMethodContract[contract.IFMethodContract::secure_array_param([I,int)].Non-interference contract.0 
34560      DEBUG main            d.u.i.k.p.i.IntermediateProofReplayer Proof replay took 31.6ns 
35865      INFO  main            d.u.i.k.p.r.p.TestFile    ... finished proof: closed. 
36106      INFO  main            d.u.i.k.p.r.p.TestFile    Now processing file /home/runner/work/key/key/key.core/../key.ui/examples/InformationFlow/MethodContracts/contract.IFMethodContract(contract.IFMethodContract__secure_assignment_0_n9()).Non-interference contract.0.key 
36107      INFO  main            d.u.i.k.p.i.AbstractProblemLoader Loading environment from /home/runner/work/key/key/key.core/../key.ui/examples/InformationFlow/MethodContracts/contract.IFMethodContract(contract.IFMethodContract__secure_assignment_0_n9()).Non-interference contract.0.key 
36107      DEBUG main            d.u.i.k.p.i.AbstractProblemLoader Environment load took 87.1ns 
36108      INFO  main            d.u.i.k.p.i.AbstractProblemLoader Creating init config 
39271      DEBUG main            d.u.i.k.p.i.AbstractProblemLoader Init config took 3.16s 
39340      INFO  main            d.u.i.k.p.i.AbstractProblemLoader Replaying proof contract.IFMethodContract[contract.IFMethodContract::secure_assignment_0_n9()].Non-interference contract.0 
39343      DEBUG main            d.u.i.k.p.i.IntermediateProofReplayer Proof replay took 13.8ns 
39646      INFO  main            d.u.i.k.p.r.p.TestFile    ... finished proof: closed. 
39845      INFO  main            d.u.i.k.p.r.p.TestFile    Now processing file /home/runner/work/key/key/key.core/../key.ui/examples/InformationFlow/MethodContracts/contract.IFMethodContract(contract.IFMethodContract__insecure_if_high_n5_n1()).Non-interference contract.0.key 
39846      INFO  main            d.u.i.k.p.i.AbstractProblemLoader Loading environment from /home/runner/work/key/key/key.core/../key.ui/examples/InformationFlow/MethodContracts/contract.IFMethodContract(contract.IFMethodContract__insecure_if_high_n5_n1()).Non-interference contract.0.key 
39846      DEBUG main            d.u.i.k.p.i.AbstractProblemLoader Environment load took 90.7ns 
39847      INFO  main            d.u.i.k.p.i.AbstractProblemLoader Creating init config 
43117      DEBUG main            d.u.i.k.p.i.AbstractProblemLoader Init config took 3.27s 
43183      INFO  main            d.u.i.k.p.i.AbstractProblemLoader Replaying proof contract.IFMethodContract[contract.IFMethodContract::insecure_if_high_n5_n1()].Non-interference contract.0 
43187      DEBUG main            d.u.i.k.p.i.IntermediateProofReplayer Proof replay took 16.6ns 
44098      INFO  main            d.u.i.k.p.r.p.TestFile    ... finished proof: open goal(s) 
44308      INFO  main            d.u.i.k.p.r.p.TestFile    Now processing file /home/runner/work/key/key/key.core/../key.ui/examples/InformationFlow/MethodContracts/contract.IFMethodContract(contract.IFMethodContract__n5(int)).Non-interference contract.0.key 
44309      INFO  main            d.u.i.k.p.i.AbstractProblemLoader Loading environment from /home/runner/work/key/key/key.core/../key.ui/examples/InformationFlow/MethodContracts/contract.IFMethodContract(contract.IFMethodContract__n5(int)).Non-interference contract.0.key 
44310      DEBUG main            d.u.i.k.p.i.AbstractProblemLoader Environment load took 282.4ns 
44311      INFO  main            d.u.i.k.p.i.AbstractProblemLoader Creating init config 
47432      DEBUG main            d.u.i.k.p.i.AbstractProblemLoader Init config took 3.12s 
47495      INFO  main            d.u.i.k.p.i.AbstractProblemLoader Replaying proof contract.IFMethodContract[contract.IFMethodContract::n5(int)].Non-interference contract.0 
47499      DEBUG main            d.u.i.k.p.i.IntermediateProofReplayer Proof replay took 31.9ns 
47702      INFO  main            d.u.i.k.p.r.p.TestFile    ... finished proof: closed. 
47902      INFO  main            d.u.i.k.p.r.p.TestFile    Now processing file /home/runner/work/key/key/key.core/../key.ui/examples/InformationFlow/MethodContracts/contract.IFMethodContract(contract.IFMethodContract__secure_if_high_n5_n1()).Non-interference contract.0.key 
47902      INFO  main            d.u.i.k.p.i.AbstractProblemLoader Loading environment from /home/runner/work/key/key/key.core/../key.ui/examples/InformationFlow/MethodContracts/contract.IFMethodContract(contract.IFMethodContract__secure_if_high_n5_n1()).Non-interference contract.0.key 
47903      DEBUG main            d.u.i.k.p.i.AbstractProblemLoader Environment load took 89.2ns 
47904      INFO  main            d.u.i.k.p.i.AbstractProblemLoader Creating init config 
51051      DEBUG main            d.u.i.k.p.i.AbstractProblemLoader Init config took 3.15s 
51112      INFO  main            d.u.i.k.p.i.AbstractProblemLoader Replaying proof contract.IFMethodContract[contract.IFMethodContract::secure_if_high_n5_n1()].Non-interference contract.0 
51116      DEBUG main            d.u.i.k.p.i.IntermediateProofReplayer Proof replay took 14.8ns 
52430      INFO  main            d.u.i.k.p.r.p.TestFile    ... finished proof: closed. 
52661      INFO  main            d.u.i.k.p.r.p.TestFile    Now processing file /home/runner/work/key/key/key.core/../key.ui/examples/InformationFlow/MethodContracts/contract.IFMethodContract(contract.IFMethodContract__secure_if_high_n1()).Non-interference contract.0.key 
52662      INFO  main            d.u.i.k.p.i.AbstractProblemLoader Loading environment from /home/runner/work/key/key/key.core/../key.ui/examples/InformationFlow/MethodContracts/contract.IFMethodContract(contract.IFMethodContract__secure_if_high_n1()).Non-interference contract.0.key 
52662      DEBUG main            d.u.i.k.p.i.AbstractProblemLoader Environment load took 91.9ns 
52664      INFO  main            d.u.i.k.p.i.AbstractProblemLoader Creating init config 
55765      DEBUG main            d.u.i.k.p.i.AbstractProblemLoader Init config took 3.1s 
55812      INFO  main            d.u.i.k.p.i.AbstractProblemLoader Replaying proof contract.IFMethodContract[contract.IFMethodContract::secure_if_high_n1()].Non-interference contract.0 
55816      DEBUG main            d.u.i.k.p.i.IntermediateProofReplayer Proof replay took 14.1ns 
56520      INFO  main            d.u.i.k.p.r.p.TestFile    ... finished proof: closed. 
56726      INFO  main            d.u.i.k.p.r.p.TestFile    Now processing file /home/runner/work/key/key/key.core/../key.ui/examples/InformationFlow/MethodContracts/contract.IFMethodContract(contract.IFMethodContract__secure_n5()).Non-interference contract.0.key 
56726      INFO  main            d.u.i.k.p.i.AbstractProblemLoader Loading environment from /home/runner/work/key/key/key.core/../key.ui/examples/InformationFlow/MethodContracts/contract.IFMethodContract(contract.IFMethodContract__secure_n5()).Non-interference contract.0.key 
56726      DEBUG main            d.u.i.k.p.i.AbstractProblemLoader Environment load took 85.4ns 
56727      INFO  main            d.u.i.k.p.i.AbstractProblemLoader Creating init config 
59766      DEBUG main            d.u.i.k.p.i.AbstractProblemLoader Init config took 3.04s 
59812      INFO  main            d.u.i.k.p.i.AbstractProblemLoader Replaying proof contract.IFMethodContract[contract.IFMethodContract::secure_n5()].Non-interference contract.0 
59816      DEBUG main            d.u.i.k.p.i.IntermediateProofReplayer Proof replay took 14.8ns 
60018      INFO  main            d.u.i.k.p.r.p.TestFile    ... finished proof: closed. 
60214      INFO  main            d.u.i.k.p.r.p.TestFile    Now processing file /home/runner/work/key/key/key.core/../key.ui/examples/InformationFlow/MethodContracts/contract.IFMethodContract(contract.IFMethodContract__n4()).Non-interference contract.0.key 
60214      INFO  main            d.u.i.k.p.i.AbstractProblemLoader Loading environment from /home/runner/work/key/key/key.core/../key.ui/examples/InformationFlow/MethodContracts/contract.IFMethodContract(contract.IFMethodContract__n4()).Non-interference contract.0.key 
60215      DEBUG main            d.u.i.k.p.i.AbstractProblemLoader Environment load took 77.9ns 
60216      INFO  main            d.u.i.k.p.i.AbstractProblemLoader Creating init config 
63479      DEBUG main            d.u.i.k.p.i.AbstractProblemLoader Init config took 3.26s 
63526      INFO  main            d.u.i.k.p.i.AbstractProblemLoader Replaying proof contract.IFMethodContract[contract.IFMethodContract::n4()].Non-interference contract.0 
63529      DEBUG main            d.u.i.k.p.i.IntermediateProofReplayer Proof replay took 15ns 
63732      INFO  main            d.u.i.k.p.r.p.TestFile    ... finished proof: closed. 
63924      INFO  main            d.u.i.k.p.r.p.TestFile    Now processing file /home/runner/work/key/key/key.core/../key.ui/examples/InformationFlow/MethodContracts/contract.IFMethodContract(contract.IFMethodContract__n3()).Non-interference contract.0.key 
63924      INFO  main            d.u.i.k.p.i.AbstractProblemLoader Loading environment from /home/runner/work/key/key/key.core/../key.ui/examples/InformationFlow/MethodContracts/contract.IFMethodContract(contract.IFMethodContract__n3()).Non-interference contract.0.key 
63925      DEBUG main            d.u.i.k.p.i.AbstractProblemLoader Environment load took 626.3ns 
63926      INFO  main            d.u.i.k.p.i.AbstractProblemLoader Creating init config 
66997      DEBUG main            d.u.i.k.p.i.AbstractProblemLoader Init config took 3.07s 
67057      INFO  main            d.u.i.k.p.i.AbstractProblemLoader Replaying proof contract.IFMethodContract[contract.IFMethodContract::n3()].Non-interference contract.0 
67064      DEBUG main            d.u.i.k.p.i.IntermediateProofReplayer Proof replay took 16.6ns 
67166      INFO  main            d.u.i.k.p.r.p.TestFile    ... finished proof: closed. 
67355      INFO  main            d.u.i.k.p.r.p.TestFile    Now processing file /home/runner/work/key/key/key.core/../key.ui/examples/InformationFlow/MethodContracts/contract.IFMethodContract(contract.IFMethodContract__secure_sequential_n3_precond_n4()).Non-interference contract.0.key 
67356      INFO  main            d.u.i.k.p.i.AbstractProblemLoader Loading environment from /home/runner/work/key/key/key.core/../key.ui/examples/InformationFlow/MethodContracts/contract.IFMethodContract(contract.IFMethodContract__secure_sequential_n3_precond_n4()).Non-interference contract.0.key 
67356      DEBUG main            d.u.i.k.p.i.AbstractProblemLoader Environment load took 103.5ns 
67358      INFO  main            d.u.i.k.p.i.AbstractProblemLoader Creating init config 
70505      DEBUG main            d.u.i.k.p.i.AbstractProblemLoader Init config took 3.15s 
70546      INFO  main            d.u.i.k.p.i.AbstractProblemLoader Replaying proof contract.IFMethodContract[contract.IFMethodContract::secure_sequential_n3_precond_n4()].Non-interference contract.0 
70548      DEBUG main            d.u.i.k.p.i.IntermediateProofReplayer Proof replay took 17.1ns 
70858      INFO  main            d.u.i.k.p.r.p.TestFile    ... finished proof: closed. 
71065      INFO  main            d.u.i.k.p.r.p.TestFile    Now processing file /home/runner/work/key/key/key.core/../key.ui/examples/InformationFlow/MethodContracts/contract.IFMethodContract(contract.IFMethodContract__insecure_assignment_n2()).Non-interference contract.0.key 
71066      INFO  main            d.u.i.k.p.i.AbstractProblemLoader Loading environment from /home/runner/work/key/key/key.core/../key.ui/examples/InformationFlow/MethodContracts/contract.IFMethodContract(contract.IFMethodContract__insecure_assignment_n2()).Non-interference contract.0.key 
71066      DEBUG main            d.u.i.k.p.i.AbstractProblemLoader Environment load took 83.7ns 
71068      INFO  main            d.u.i.k.p.i.AbstractProblemLoader Creating init config 
74249      DEBUG main            d.u.i.k.p.i.AbstractProblemLoader Init config took 3.18s 
74294      INFO  main            d.u.i.k.p.i.AbstractProblemLoader Replaying proof contract.IFMethodContract[contract.IFMethodContract::insecure_assignment_n2()].Non-interference contract.0 
74301      DEBUG main            d.u.i.k.p.i.IntermediateProofReplayer Proof replay took 21.2ns 
74607      INFO  main            d.u.i.k.p.r.p.TestFile    ... finished proof: open goal(s) 
74891      INFO  main            d.u.i.k.p.r.p.TestFile    Now processing file /home/runner/work/key/key/key.core/../key.ui/examples/InformationFlow/MethodContracts/contract.IFMethodContract(contract.IFMethodContract__secure_assignments_n2()).Non-interference contract.0.key 
74893      INFO  main            d.u.i.k.p.i.AbstractProblemLoader Loading environment from /home/runner/work/key/key/key.core/../key.ui/examples/InformationFlow/MethodContracts/contract.IFMethodContract(contract.IFMethodContract__secure_assignments_n2()).Non-interference contract.0.key 
74893      DEBUG main            d.u.i.k.p.i.AbstractProblemLoader Environment load took 303.8ns 
74895      INFO  main            d.u.i.k.p.i.AbstractProblemLoader Creating init config 
77915      DEBUG main            d.u.i.k.p.i.AbstractProblemLoader Init config took 3.02s 
77962      INFO  main            d.u.i.k.p.i.AbstractProblemLoader Replaying proof contract.IFMethodContract[contract.IFMethodContract::secure_assignments_n2()].Non-interference contract.0 
77966      DEBUG main            d.u.i.k.p.i.IntermediateProofReplayer Proof replay took 48.7ns 
78268      INFO  main            d.u.i.k.p.r.p.TestFile    ... finished proof: closed. 
78534      INFO  main            d.u.i.k.p.r.p.TestFile    Now processing file /home/runner/work/key/key/key.core/../key.ui/examples/InformationFlow/MethodContracts/contract.IFMethodContract(contract.IFMethodContract__n2()).Non-interference contract.0.key 
78534      INFO  main            d.u.i.k.p.i.AbstractProblemLoader Loading environment from /home/runner/work/key/key/key.core/../key.ui/examples/InformationFlow/MethodContracts/contract.IFMethodContract(contract.IFMethodContract__n2()).Non-interference contract.0.key 
78534      DEBUG main            d.u.i.k.p.i.AbstractProblemLoader Environment load took 90.9ns 
78536      INFO  main            d.u.i.k.p.i.AbstractProblemLoader Creating init config 
81680      DEBUG main            d.u.i.k.p.i.AbstractProblemLoader Init config took 3.14s 
81726      INFO  main            d.u.i.k.p.i.AbstractProblemLoader Replaying proof contract.IFMethodContract[contract.IFMethodContract::n2()].Non-interference contract.0 
81729      DEBUG main            d.u.i.k.p.i.IntermediateProofReplayer Proof replay took 15.5ns 
81934      INFO  main            d.u.i.k.p.r.p.TestFile    ... finished proof: closed. 
82138      INFO  main            d.u.i.k.p.r.p.TestFile    Now processing file /home/runner/work/key/key/key.core/../key.ui/examples/InformationFlow/MethodContracts/contract.IFMethodContract(contract.IFMethodContract__n1()).Non-interference contract.0.key 
82140      INFO  main            d.u.i.k.p.i.AbstractProblemLoader Loading environment from /home/runner/work/key/key/key.core/../key.ui/examples/InformationFlow/MethodContracts/contract.IFMethodContract(contract.IFMethodContract__n1()).Non-interference contract.0.key 
82140      DEBUG main            d.u.i.k.p.i.AbstractProblemLoader Environment load took 101.2ns 
82141      INFO  main            d.u.i.k.p.i.AbstractProblemLoader Creating init config 
85197      DEBUG main            d.u.i.k.p.i.AbstractProblemLoader Init config took 3.06s 
85244      INFO  main            d.u.i.k.p.i.AbstractProblemLoader Replaying proof contract.IFMethodContract[contract.IFMethodContract::n1()].Non-interference contract.0 
85248      DEBUG main            d.u.i.k.p.i.IntermediateProofReplayer Proof replay took 16.5ns 
85354      INFO  main            d.u.i.k.p.r.p.TestFile    ... finished proof: closed. 
85589      INFO  main            d.u.i.k.p.r.p.TestFile    Now processing file /home/runner/work/key/key/key.core/../key.ui/examples/InformationFlow/MethodContracts/contract.IFMethodContract(contract.IFMethodContract__secure_sequential_n1_n2()).Non-interference contract.0.key 
85590      INFO  main            d.u.i.k.p.i.AbstractProblemLoader Loading environment from /home/runner/work/key/key/key.core/../key.ui/examples/InformationFlow/MethodContracts/contract.IFMethodContract(contract.IFMethodContract__secure_sequential_n1_n2()).Non-interference contract.0.key 
85591      DEBUG main            d.u.i.k.p.i.AbstractProblemLoader Environment load took 1.01ms 
85592      INFO  main            d.u.i.k.p.i.AbstractProblemLoader Creating init config 
88647      DEBUG main            d.u.i.k.p.i.AbstractProblemLoader Init config took 3.05s 
88697      INFO  main            d.u.i.k.p.i.AbstractProblemLoader Replaying proof contract.IFMethodContract[contract.IFMethodContract::secure_sequential_n1_n2()].Non-interference contract.0 
88701      DEBUG main            d.u.i.k.p.i.IntermediateProofReplayer Proof replay took 15.9ns 
89005      INFO  main            d.u.i.k.p.r.p.TestFile    ... finished proof: closed. 
1171224    INFO  Test worker     d.u.i.k.p.r.RunAllProofsTestUnit Returning from test MethodContracts_nomacro 
1171226    INFO  Test worker     d.u.i.k.p.r.RunAllProofsTestUnit Running test LoopInvariants_nomacro 
454        INFO  Timeout watchdog d.u.i.k.p.r.p.ForkedTestFileRunner Timeout watcher launched (1000 secs.) 
464        WARN  main            d.u.i.k.s.ProofSettings   The settings in /home/runner/.key/proof-settings.props are *not* read. 
514        INFO  main            d.u.i.k.p.r.p.TestFile    Now processing file /home/runner/work/key/key/key.core/../key.ui/examples/InformationFlow/LoopInvariants/loop.IFLoopExamples(loop.IFLoopExamples__insecure_while_3(int)).Non-interference contract.0.key 
666        INFO  main            d.u.i.k.p.i.AbstractProblemLoader Loading environment from /home/runner/work/key/key/key.core/../key.ui/examples/InformationFlow/LoopInvariants/loop.IFLoopExamples(loop.IFLoopExamples__insecure_while_3(int)).Non-interference contract.0.key 
693        DEBUG main            d.u.i.k.p.i.AbstractProblemLoader Environment load took 2.29ms 
975        INFO  main            d.u.i.k.p.i.AbstractProblemLoader Creating init config 
2175       DEBUG main            d.u.i.k.j.TypeConverter   No LDT found for Meta 
2176       DEBUG main            d.u.i.k.j.TypeConverter   No LDT found for Meta 
2179       DEBUG main            d.u.i.k.j.TypeConverter   No LDT found for Meta 
2179       DEBUG main            d.u.i.k.j.TypeConverter   No LDT found for Meta 
3796       DEBUG main            d.u.i.k.j.TypeConverter   No LDT found for JavaBigintExpression 
9892       DEBUG main            d.u.i.k.p.i.AbstractProblemLoader Init config took 8.92s 
10060      INFO  main            d.u.i.k.p.i.AbstractProblemLoader Replaying proof loop.IFLoopExamples[loop.IFLoopExamples::insecure_while_3(int)].Non-interference contract.0 
10163      DEBUG main            d.u.i.k.p.i.IntermediateProofReplayer Proof replay took 429.31ns 
14224      INFO  main            d.u.i.k.p.r.p.TestFile    ... finished proof: open goal(s) 
14434      INFO  main            d.u.i.k.p.r.p.TestFile    Now processing file /home/runner/work/key/key/key.core/../key.ui/examples/InformationFlow/LoopInvariants/loop.IFLoopExamples(loop.IFLoopExamples__secure_while_2(int)).Non-interference contract.0.key 
14438      INFO  main            d.u.i.k.p.i.AbstractProblemLoader Loading environment from /home/runner/work/key/key/key.core/../key.ui/examples/InformationFlow/LoopInvariants/loop.IFLoopExamples(loop.IFLoopExamples__secure_while_2(int)).Non-interference contract.0.key 
14438      DEBUG main            d.u.i.k.p.i.AbstractProblemLoader Environment load took 389.3ns 
14442      INFO  main            d.u.i.k.p.i.AbstractProblemLoader Creating init config 
18176      DEBUG main            d.u.i.k.p.i.AbstractProblemLoader Init config took 3.73s 
18271      INFO  main            d.u.i.k.p.i.AbstractProblemLoader Replaying proof loop.IFLoopExamples[loop.IFLoopExamples::secure_while_2(int)].Non-interference contract.0 
18277      DEBUG main            d.u.i.k.p.i.IntermediateProofReplayer Proof replay took 16.3ns 
20488      INFO  main            d.u.i.k.p.r.p.TestFile    ... finished proof: closed. 
20798      INFO  main            d.u.i.k.p.r.p.TestFile    Now processing file /home/runner/work/key/key/key.core/../key.ui/examples/InformationFlow/LoopInvariants/loop.IFLoopExamples(loop.IFLoopExamples__secure_while_4(int)).Non-interference contract.0.key 
20798      INFO  main            d.u.i.k.p.i.AbstractProblemLoader Loading environment from /home/runner/work/key/key/key.core/../key.ui/examples/InformationFlow/LoopInvariants/loop.IFLoopExamples(loop.IFLoopExamples__secure_while_4(int)).Non-interference contract.0.key 
20799      DEBUG main            d.u.i.k.p.i.AbstractProblemLoader Environment load took 887.51ns 
20801      INFO  main            d.u.i.k.p.i.AbstractProblemLoader Creating init config 
24396      DEBUG main            d.u.i.k.p.i.AbstractProblemLoader Init config took 3.59s 
24472      INFO  main            d.u.i.k.p.i.AbstractProblemLoader Replaying proof loop.IFLoopExamples[loop.IFLoopExamples::secure_while_4(int)].Non-interference contract.0 
24476      DEBUG main            d.u.i.k.p.i.IntermediateProofReplayer Proof replay took 15.4ns 
26398      INFO  main            d.u.i.k.p.r.p.TestFile    ... finished proof: closed. 
26594      INFO  main            d.u.i.k.p.r.p.TestFile    Now processing file /home/runner/work/key/key/key.core/../key.ui/examples/InformationFlow/LoopInvariants/loop.IFLoopExamples(loop.IFLoopExamples__insecure_doubleNestedWhile2(int)).Non-interference contract.0.key 
26597      INFO  main            d.u.i.k.p.i.AbstractProblemLoader Loading environment from /home/runner/work/key/key/key.core/../key.ui/examples/InformationFlow/LoopInvariants/loop.IFLoopExamples(loop.IFLoopExamples__insecure_doubleNestedWhile2(int)).Non-interference contract.0.key 
26597      DEBUG main            d.u.i.k.p.i.AbstractProblemLoader Environment load took 267.6ns 
26599      INFO  main            d.u.i.k.p.i.AbstractProblemLoader Creating init config 
30053      DEBUG main            d.u.i.k.p.i.AbstractProblemLoader Init config took 3.45s 
30108      INFO  main            d.u.i.k.p.i.AbstractProblemLoader Replaying proof loop.IFLoopExamples[loop.IFLoopExamples::insecure_doubleNestedWhile2(int)].Non-interference contract.0 
30113      DEBUG main            d.u.i.k.p.i.IntermediateProofReplayer Proof replay took 17.5ns 
40548      INFO  main            d.u.i.k.p.r.p.TestFile    ... finished proof: open goal(s) 
40831      INFO  main            d.u.i.k.p.r.p.TestFile    Now processing file /home/runner/work/key/key/key.core/../key.ui/examples/InformationFlow/LoopInvariants/loop.IFLoopExamples(loop.IFLoopExamples__insecure_doubleNestedWhile(int)).Non-interference contract.0.key 
40832      INFO  main            d.u.i.k.p.i.AbstractProblemLoader Loading environment from /home/runner/work/key/key/key.core/../key.ui/examples/InformationFlow/LoopInvariants/loop.IFLoopExamples(loop.IFLoopExamples__insecure_doubleNestedWhile(int)).Non-interference contract.0.key 
40832      DEBUG main            d.u.i.k.p.i.AbstractProblemLoader Environment load took 344.81ns 
40834      INFO  main            d.u.i.k.p.i.AbstractProblemLoader Creating init config 
44409      DEBUG main            d.u.i.k.p.i.AbstractProblemLoader Init config took 3.57s 
44477      INFO  main            d.u.i.k.p.i.AbstractProblemLoader Replaying proof loop.IFLoopExamples[loop.IFLoopExamples::insecure_doubleNestedWhile(int)].Non-interference contract.0 
44481      DEBUG main            d.u.i.k.p.i.IntermediateProofReplayer Proof replay took 13.1ns 
53073      INFO  main            d.u.i.k.p.r.p.TestFile    ... finished proof: open goal(s) 
53456      INFO  main            d.u.i.k.p.r.p.TestFile    Now processing file /home/runner/work/key/key/key.core/../key.ui/examples/InformationFlow/LoopInvariants/loop.IFLoopExamples(loop.IFLoopExamples__secure_doubleNestedWhile(int)).Non-interference contract.0.key 
53458      INFO  main            d.u.i.k.p.i.AbstractProblemLoader Loading environment from /home/runner/work/key/key/key.core/../key.ui/examples/InformationFlow/LoopInvariants/loop.IFLoopExamples(loop.IFLoopExamples__secure_doubleNestedWhile(int)).Non-interference contract.0.key 
53459      DEBUG main            d.u.i.k.p.i.AbstractProblemLoader Environment load took 104.8ns 
53460      INFO  main            d.u.i.k.p.i.AbstractProblemLoader Creating init config 
56732      DEBUG main            d.u.i.k.p.i.AbstractProblemLoader Init config took 3.27s 
56780      INFO  main            d.u.i.k.p.i.AbstractProblemLoader Replaying proof loop.IFLoopExamples[loop.IFLoopExamples::secure_doubleNestedWhile(int)].Non-interference contract.0 
56784      DEBUG main            d.u.i.k.p.i.IntermediateProofReplayer Proof replay took 13.6ns 
65372      INFO  main            d.u.i.k.p.r.p.TestFile    ... finished proof: closed. 
65754      INFO  main            d.u.i.k.p.r.p.TestFile    Now processing file /home/runner/work/key/key/key.core/../key.ui/examples/InformationFlow/LoopInvariants/loop.IFLoopExamples(loop.IFLoopExamples__secure_nestedTwoWhile(int)).Non-interference contract.0.key 
65754      INFO  main            d.u.i.k.p.i.AbstractProblemLoader Loading environment from /home/runner/work/key/key/key.core/../key.ui/examples/InformationFlow/LoopInvariants/loop.IFLoopExamples(loop.IFLoopExamples__secure_nestedTwoWhile(int)).Non-interference contract.0.key 
65754      DEBUG main            d.u.i.k.p.i.AbstractProblemLoader Environment load took 89.1ns 
65756      INFO  main            d.u.i.k.p.i.AbstractProblemLoader Creating init config 
69092      DEBUG main            d.u.i.k.p.i.AbstractProblemLoader Init config took 3.34s 
69140      INFO  main            d.u.i.k.p.i.AbstractProblemLoader Replaying proof loop.IFLoopExamples[loop.IFLoopExamples::secure_nestedTwoWhile(int)].Non-interference contract.0 
69144      DEBUG main            d.u.i.k.p.i.IntermediateProofReplayer Proof replay took 12.2ns 
75491      INFO  main            d.u.i.k.p.r.p.TestFile    ... finished proof: closed. 
75756      INFO  main            d.u.i.k.p.r.p.TestFile    Now processing file /home/runner/work/key/key/key.core/../key.ui/examples/InformationFlow/LoopInvariants/loop.IFLoopExamples(loop.IFLoopExamples__secure_nestedWhile(int)).Non-interference contract.0.key 
75757      INFO  main            d.u.i.k.p.i.AbstractProblemLoader Loading environment from /home/runner/work/key/key/key.core/../key.ui/examples/InformationFlow/LoopInvariants/loop.IFLoopExamples(loop.IFLoopExamples__secure_nestedWhile(int)).Non-interference contract.0.key 
75757      DEBUG main            d.u.i.k.p.i.AbstractProblemLoader Environment load took 83.4ns 
75758      INFO  main            d.u.i.k.p.i.AbstractProblemLoader Creating init config 
79142      DEBUG main            d.u.i.k.p.i.AbstractProblemLoader Init config took 3.38s 
79190      INFO  main            d.u.i.k.p.i.AbstractProblemLoader Replaying proof loop.IFLoopExamples[loop.IFLoopExamples::secure_nestedWhile(int)].Non-interference contract.0 
79193      DEBUG main            d.u.i.k.p.i.IntermediateProofReplayer Proof replay took 14.7ns 
82853      INFO  main            d.u.i.k.p.r.p.TestFile    ... finished proof: closed. 
83085      INFO  main            d.u.i.k.p.r.p.TestFile    Now processing file /home/runner/work/key/key/key.core/../key.ui/examples/InformationFlow/LoopInvariants/loop.IFLoopExamples(loop.IFLoopExamples__notSecure_while(int)).Non-interference contract.0.key 
83085      INFO  main            d.u.i.k.p.i.AbstractProblemLoader Loading environment from /home/runner/work/key/key/key.core/../key.ui/examples/InformationFlow/LoopInvariants/loop.IFLoopExamples(loop.IFLoopExamples__notSecure_while(int)).Non-interference contract.0.key 
83085      DEBUG main            d.u.i.k.p.i.AbstractProblemLoader Environment load took 75.7ns 
83087      INFO  main            d.u.i.k.p.i.AbstractProblemLoader Creating init config 
86539      DEBUG main            d.u.i.k.p.i.AbstractProblemLoader Init config took 3.45s 
86584      INFO  main            d.u.i.k.p.i.AbstractProblemLoader Replaying proof loop.IFLoopExamples[loop.IFLoopExamples::notSecure_while(int)].Non-interference contract.0 
86588      DEBUG main            d.u.i.k.p.i.IntermediateProofReplayer Proof replay took 13.4ns 
87797      INFO  main            d.u.i.k.p.r.p.TestFile    ... finished proof: open goal(s) 
87999      INFO  main            d.u.i.k.p.r.p.TestFile    Now processing file /home/runner/work/key/key/key.core/../key.ui/examples/InformationFlow/LoopInvariants/loop.IFLoopExamples(loop.IFLoopExamples__notSecure_while_wrongInv(int)).Non-interference contract.0.key 
87999      INFO  main            d.u.i.k.p.i.AbstractProblemLoader Loading environment from /home/runner/work/key/key/key.core/../key.ui/examples/InformationFlow/LoopInvariants/loop.IFLoopExamples(loop.IFLoopExamples__notSecure_while_wrongInv(int)).Non-interference contract.0.key 
88000      DEBUG main            d.u.i.k.p.i.AbstractProblemLoader Environment load took 111.9ns 
88001      INFO  main            d.u.i.k.p.i.AbstractProblemLoader Creating init config 
91345      DEBUG main            d.u.i.k.p.i.AbstractProblemLoader Init config took 3.34s 
91398      INFO  main            d.u.i.k.p.i.AbstractProblemLoader Replaying proof loop.IFLoopExamples[loop.IFLoopExamples::notSecure_while_wrongInv(int)].Non-interference contract.0 
91402      DEBUG main            d.u.i.k.p.i.IntermediateProofReplayer Proof replay took 13.7ns 
91928      INFO  main            d.u.i.k.p.r.p.TestFile    ... finished proof: open goal(s) 
92177      INFO  main            d.u.i.k.p.r.p.TestFile    Now processing file /home/runner/work/key/key/key.core/../key.ui/examples/InformationFlow/LoopInvariants/loop.IFLoopExamples(loop.IFLoopExamples__insecure_twoWhile(int)).Non-interference contract.0.key 
92177      INFO  main            d.u.i.k.p.i.AbstractProblemLoader Loading environment from /home/runner/work/key/key/key.core/../key.ui/examples/InformationFlow/LoopInvariants/loop.IFLoopExamples(loop.IFLoopExamples__insecure_twoWhile(int)).Non-interference contract.0.key 
92177      DEBUG main            d.u.i.k.p.i.AbstractProblemLoader Environment load took 130.7ns 
92179      INFO  main            d.u.i.k.p.i.AbstractProblemLoader Creating init config 
95507      DEBUG main            d.u.i.k.p.i.AbstractProblemLoader Init config took 3.33s 
95548      INFO  main            d.u.i.k.p.i.AbstractProblemLoader Replaying proof loop.IFLoopExamples[loop.IFLoopExamples::insecure_twoWhile(int)].Non-interference contract.0 
95553      DEBUG main            d.u.i.k.p.i.IntermediateProofReplayer Proof replay took 16.4ns 
97708      INFO  main            d.u.i.k.p.r.p.TestFile    ... finished proof: open goal(s) 
97986      INFO  main            d.u.i.k.p.r.p.TestFile    Now processing file /home/runner/work/key/key/key.core/../key.ui/examples/InformationFlow/LoopInvariants/loop.IFLoopExamples(loop.IFLoopExamples__insecure_twoWhile_2(int)).Non-interference contract.0.key 
97987      INFO  main            d.u.i.k.p.i.AbstractProblemLoader Loading environment from /home/runner/work/key/key/key.core/../key.ui/examples/InformationFlow/LoopInvariants/loop.IFLoopExamples(loop.IFLoopExamples__insecure_twoWhile_2(int)).Non-interference contract.0.key 
97987      DEBUG main            d.u.i.k.p.i.AbstractProblemLoader Environment load took 78ns 
97988      INFO  main            d.u.i.k.p.i.AbstractProblemLoader Creating init config 
101284     DEBUG main            d.u.i.k.p.i.AbstractProblemLoader Init config took 3.3s 
101339     INFO  main            d.u.i.k.p.i.AbstractProblemLoader Replaying proof loop.IFLoopExamples[loop.IFLoopExamples::insecure_twoWhile_2(int)].Non-interference contract.0 
101347     DEBUG main            d.u.i.k.p.i.IntermediateProofReplayer Proof replay took 16.4ns 
104161     INFO  main            d.u.i.k.p.r.p.TestFile    ... finished proof: open goal(s) 
104472     INFO  main            d.u.i.k.p.r.p.TestFile    Now processing file /home/runner/work/key/key/key.core/../key.ui/examples/InformationFlow/LoopInvariants/loop.IFLoopExamples(loop.IFLoopExamples__secure_twoWhile(int)).Non-interference contract.0.key 
104473     INFO  main            d.u.i.k.p.i.AbstractProblemLoader Loading environment from /home/runner/work/key/key/key.core/../key.ui/examples/InformationFlow/LoopInvariants/loop.IFLoopExamples(loop.IFLoopExamples__secure_twoWhile(int)).Non-interference contract.0.key 
104473     DEBUG main            d.u.i.k.p.i.AbstractProblemLoader Environment load took 167.9ns 
104474     INFO  main            d.u.i.k.p.i.AbstractProblemLoader Creating init config 
107670     DEBUG main            d.u.i.k.p.i.AbstractProblemLoader Init config took 3.2s 
107712     INFO  main            d.u.i.k.p.i.AbstractProblemLoader Replaying proof loop.IFLoopExamples[loop.IFLoopExamples::secure_twoWhile(int)].Non-interference contract.0 
107715     DEBUG main            d.u.i.k.p.i.IntermediateProofReplayer Proof replay took 13.9ns 
109868     INFO  main            d.u.i.k.p.r.p.TestFile    ... finished proof: closed. 
110183     INFO  main            d.u.i.k.p.r.p.TestFile    Now processing file /home/runner/work/key/key/key.core/../key.ui/examples/InformationFlow/LoopInvariants/loop.IFLoopExamples(loop.IFLoopExamples__loc_secure_while(int)).Non-interference contract.0.key 
110183     INFO  main            d.u.i.k.p.i.AbstractProblemLoader Loading environment from /home/runner/work/key/key/key.core/../key.ui/examples/InformationFlow/LoopInvariants/loop.IFLoopExamples(loop.IFLoopExamples__loc_secure_while(int)).Non-interference contract.0.key 
110183     DEBUG main            d.u.i.k.p.i.AbstractProblemLoader Environment load took 89.1ns 
110186     INFO  main            d.u.i.k.p.i.AbstractProblemLoader Creating init config 
113421     DEBUG main            d.u.i.k.p.i.AbstractProblemLoader Init config took 3.23s 
113459     INFO  main            d.u.i.k.p.i.AbstractProblemLoader Replaying proof loop.IFLoopExamples[loop.IFLoopExamples::loc_secure_while(int)].Non-interference contract.0 
113462     DEBUG main            d.u.i.k.p.i.IntermediateProofReplayer Proof replay took 29.8ns 
114770     INFO  main            d.u.i.k.p.r.p.TestFile    ... finished proof: closed. 
115043     INFO  main            d.u.i.k.p.r.p.TestFile    Now processing file /home/runner/work/key/key/key.core/../key.ui/examples/InformationFlow/LoopInvariants/loop.IFLoopExamples(loop.IFLoopExamples__secure_while(int)).Non-interference contract.0.key 
115044     INFO  main            d.u.i.k.p.i.AbstractProblemLoader Loading environment from /home/runner/work/key/key/key.core/../key.ui/examples/InformationFlow/LoopInvariants/loop.IFLoopExamples(loop.IFLoopExamples__secure_while(int)).Non-interference contract.0.key 
115045     DEBUG main            d.u.i.k.p.i.AbstractProblemLoader Environment load took 265.11ns 
115046     INFO  main            d.u.i.k.p.i.AbstractProblemLoader Creating init config 
118295     DEBUG main            d.u.i.k.p.i.AbstractProblemLoader Init config took 3.25s 
118356     INFO  main            d.u.i.k.p.i.AbstractProblemLoader Replaying proof loop.IFLoopExamples[loop.IFLoopExamples::secure_while(int)].Non-interference contract.0 
118359     DEBUG main            d.u.i.k.p.i.IntermediateProofReplayer Proof replay took 18.8ns 
119586     INFO  main            d.u.i.k.p.r.p.TestFile    ... finished proof: closed. 
119821     INFO  main            d.u.i.k.p.r.p.TestFile    Now processing file /home/runner/work/key/key/key.core/../key.ui/examples/InformationFlow/LoopInvariants/loop.IFLoopExamples(loop.IFLoopExamples__print(int)).Non-interference contract.0.key 
119821     INFO  main            d.u.i.k.p.i.AbstractProblemLoader Loading environment from /home/runner/work/key/key/key.core/../key.ui/examples/InformationFlow/LoopInvariants/loop.IFLoopExamples(loop.IFLoopExamples__print(int)).Non-interference contract.0.key 
119821     DEBUG main            d.u.i.k.p.i.AbstractProblemLoader Environment load took 91.7ns 
119824     INFO  main            d.u.i.k.p.i.AbstractProblemLoader Creating init config 
123081     DEBUG main            d.u.i.k.p.i.AbstractProblemLoader Init config took 3.26s 
123136     INFO  main            d.u.i.k.p.i.AbstractProblemLoader Replaying proof loop.IFLoopExamples[loop.IFLoopExamples::print(int)].Non-interference contract.0 
123140     DEBUG main            d.u.i.k.p.i.IntermediateProofReplayer Proof replay took 14.9ns 
123242     INFO  main            d.u.i.k.p.r.p.TestFile    ... finished proof: closed. 
123457     INFO  main            d.u.i.k.p.r.p.TestFile    Now processing file /home/runner/work/key/key/key.core/../key.ui/examples/InformationFlow/LoopInvariants/loop.IFLoopExamples(loop.IFLoopExamples__hammer(int)).Non-interference contract.0.key 
123457     INFO  main            d.u.i.k.p.i.AbstractProblemLoader Loading environment from /home/runner/work/key/key/key.core/../key.ui/examples/InformationFlow/LoopInvariants/loop.IFLoopExamples(loop.IFLoopExamples__hammer(int)).Non-interference contract.0.key 
123458     DEBUG main            d.u.i.k.p.i.AbstractProblemLoader Environment load took 114.4ns 
123459     INFO  main            d.u.i.k.p.i.AbstractProblemLoader Creating init config 
126714     DEBUG main            d.u.i.k.p.i.AbstractProblemLoader Init config took 3.26s 
126779     INFO  main            d.u.i.k.p.i.AbstractProblemLoader Replaying proof loop.IFLoopExamples[loop.IFLoopExamples::hammer(int)].Non-interference contract.0 
126782     DEBUG main            d.u.i.k.p.i.IntermediateProofReplayer Proof replay took 15.1ns 
129012     INFO  main            d.u.i.k.p.r.p.TestFile    ... finished proof: closed. 
1300698    INFO  Test worker     d.u.i.k.p.r.RunAllProofsTestUnit Returning from test LoopInvariants_nomacro 
1300699    INFO  Test worker     d.u.i.k.p.r.RunAllProofsTestUnit Running test MiniExamples_nomacro 
459        INFO  Timeout watchdog d.u.i.k.p.r.p.ForkedTestFileRunner Timeout watcher launched (1000 secs.) 
487        WARN  main            d.u.i.k.s.ProofSettings   The settings in /home/runner/.key/proof-settings.props are *not* read. 
523        INFO  main            d.u.i.k.p.r.p.TestFile    Now processing file /home/runner/work/key/key/key.core/../key.ui/examples/InformationFlow/MiniExamples/mini.AliasingExamples(mini.AliasingExamples__insecure_1(mini.AliasingExamples,mini.AliasingExamples,int)).Non-interference contract.0.key 
675        INFO  main            d.u.i.k.p.i.AbstractProblemLoader Loading environment from /home/runner/work/key/key/key.core/../key.ui/examples/InformationFlow/MiniExamples/mini.AliasingExamples(mini.AliasingExamples__insecure_1(mini.AliasingExamples,mini.AliasingExamples,int)).Non-interference contract.0.key 
711        DEBUG main            d.u.i.k.p.i.AbstractProblemLoader Environment load took 2.89ms 
1023       INFO  main            d.u.i.k.p.i.AbstractProblemLoader Creating init config 
2242       DEBUG main            d.u.i.k.j.TypeConverter   No LDT found for Meta 
2242       DEBUG main            d.u.i.k.j.TypeConverter   No LDT found for Meta 
2243       DEBUG main            d.u.i.k.j.TypeConverter   No LDT found for Meta 
2243       DEBUG main            d.u.i.k.j.TypeConverter   No LDT found for Meta 
3710       DEBUG main            d.u.i.k.j.TypeConverter   No LDT found for JavaBigintExpression 
9787       DEBUG main            d.u.i.k.p.i.AbstractProblemLoader Init config took 8.76s 
10033      INFO  main            d.u.i.k.p.i.AbstractProblemLoader Replaying proof mini.AliasingExamples[mini.AliasingExamples::insecure_1(mini.AliasingExamples,mini.AliasingExamples,int)].Non-interference contract.0 
10123      DEBUG main            d.u.i.k.p.i.IntermediateProofReplayer Proof replay took 2.64ms 
11274      INFO  main            d.u.i.k.p.r.p.TestFile    ... finished proof: open goal(s) 
11424      INFO  main            d.u.i.k.p.r.p.TestFile    Now processing file /home/runner/work/key/key/key.core/../key.ui/examples/InformationFlow/MiniExamples/mini.AliasingExamples(mini.AliasingExamples__secure_1(mini.AliasingExamples,mini.AliasingExamples,int)).Non-interference contract.0.key 
11424      INFO  main            d.u.i.k.p.i.AbstractProblemLoader Loading environment from /home/runner/work/key/key/key.core/../key.ui/examples/InformationFlow/MiniExamples/mini.AliasingExamples(mini.AliasingExamples__secure_1(mini.AliasingExamples,mini.AliasingExamples,int)).Non-interference contract.0.key 
11425      DEBUG main            d.u.i.k.p.i.AbstractProblemLoader Environment load took 191.8ns 
11430      INFO  main            d.u.i.k.p.i.AbstractProblemLoader Creating init config 
14865      DEBUG main            d.u.i.k.p.i.AbstractProblemLoader Init config took 3.44s 
14956      INFO  main            d.u.i.k.p.i.AbstractProblemLoader Replaying proof mini.AliasingExamples[mini.AliasingExamples::secure_1(mini.AliasingExamples,mini.AliasingExamples,int)].Non-interference contract.0 
14962      DEBUG main            d.u.i.k.p.i.IntermediateProofReplayer Proof replay took 13.9ns 
15368      INFO  main            d.u.i.k.p.r.p.TestFile    ... finished proof: closed. 
15530      INFO  main            d.u.i.k.p.r.p.TestFile    Now processing file /home/runner/work/key/key/key.core/../key.ui/examples/InformationFlow/MiniExamples/mini.MiniExamplesLecture(mini.MiniExamplesLecture__m_6()).Non-interference contract.0.key 
15530      INFO  main            d.u.i.k.p.i.AbstractProblemLoader Loading environment from /home/runner/work/key/key/key.core/../key.ui/examples/InformationFlow/MiniExamples/mini.MiniExamplesLecture(mini.MiniExamplesLecture__m_6()).Non-interference contract.0.key 
15531      DEBUG main            d.u.i.k.p.i.AbstractProblemLoader Environment load took 105.7ns 
15533      INFO  main            d.u.i.k.p.i.AbstractProblemLoader Creating init config 
18751      DEBUG main            d.u.i.k.p.i.AbstractProblemLoader Init config took 3.22s 
18838      INFO  main            d.u.i.k.p.i.AbstractProblemLoader Replaying proof mini.MiniExamplesLecture[mini.MiniExamplesLecture::m_6()].Non-interference contract.0 
18843      DEBUG main            d.u.i.k.p.i.IntermediateProofReplayer Proof replay took 14.9ns 
19047      INFO  main            d.u.i.k.p.r.p.TestFile    ... finished proof: closed. 
19217      INFO  main            d.u.i.k.p.r.p.TestFile    Now processing file /home/runner/work/key/key/key.core/../key.ui/examples/InformationFlow/MiniExamples/mini.MiniExamplesLecture(mini.MiniExamplesLecture__m_5()).Non-interference contract.0.key 
19218      INFO  main            d.u.i.k.p.i.AbstractProblemLoader Loading environment from /home/runner/work/key/key/key.core/../key.ui/examples/InformationFlow/MiniExamples/mini.MiniExamplesLecture(mini.MiniExamplesLecture__m_5()).Non-interference contract.0.key 
19220      DEBUG main            d.u.i.k.p.i.AbstractProblemLoader Environment load took 2.09ms 
19222      INFO  main            d.u.i.k.p.i.AbstractProblemLoader Creating init config 
22267      DEBUG main            d.u.i.k.p.i.AbstractProblemLoader Init config took 3.05s 
22336      INFO  main            d.u.i.k.p.i.AbstractProblemLoader Replaying proof mini.MiniExamplesLecture[mini.MiniExamplesLecture::m_5()].Non-interference contract.0 
22341      DEBUG main            d.u.i.k.p.i.IntermediateProofReplayer Proof replay took 13.9ns 
22646      INFO  main            d.u.i.k.p.r.p.TestFile    ... finished proof: closed. 
22831      INFO  main            d.u.i.k.p.r.p.TestFile    Now processing file /home/runner/work/key/key/key.core/../key.ui/examples/InformationFlow/MiniExamples/mini.MiniExamplesLecture(mini.MiniExamplesLecture__m_4()).Non-interference contract.0.key 
22831      INFO  main            d.u.i.k.p.i.AbstractProblemLoader Loading environment from /home/runner/work/key/key/key.core/../key.ui/examples/InformationFlow/MiniExamples/mini.MiniExamplesLecture(mini.MiniExamplesLecture__m_4()).Non-interference contract.0.key 
22831      DEBUG main            d.u.i.k.p.i.AbstractProblemLoader Environment load took 90.3ns 
22835      INFO  main            d.u.i.k.p.i.AbstractProblemLoader Creating init config 
25844      DEBUG main            d.u.i.k.p.i.AbstractProblemLoader Init config took 3.01s 
25903      INFO  main            d.u.i.k.p.i.AbstractProblemLoader Replaying proof mini.MiniExamplesLecture[mini.MiniExamplesLecture::m_4()].Non-interference contract.0 
25907      DEBUG main            d.u.i.k.p.i.IntermediateProofReplayer Proof replay took 14.2ns 
26112      INFO  main            d.u.i.k.p.r.p.TestFile    ... finished proof: closed. 
26266      INFO  main            d.u.i.k.p.r.p.TestFile    Now processing file /home/runner/work/key/key/key.core/../key.ui/examples/InformationFlow/MiniExamples/mini.MiniExamplesLecture(mini.MiniExamplesLecture__m_3()).Non-interference contract.0.key 
26267      INFO  main            d.u.i.k.p.i.AbstractProblemLoader Loading environment from /home/runner/work/key/key/key.core/../key.ui/examples/InformationFlow/MiniExamples/mini.MiniExamplesLecture(mini.MiniExamplesLecture__m_3()).Non-interference contract.0.key 
26267      DEBUG main            d.u.i.k.p.i.AbstractProblemLoader Environment load took 100.9ns 
26268      INFO  main            d.u.i.k.p.i.AbstractProblemLoader Creating init config 
29334      DEBUG main            d.u.i.k.p.i.AbstractProblemLoader Init config took 3.07s 
29392      INFO  main            d.u.i.k.p.i.AbstractProblemLoader Replaying proof mini.MiniExamplesLecture[mini.MiniExamplesLecture::m_3()].Non-interference contract.0 
29396      DEBUG main            d.u.i.k.p.i.IntermediateProofReplayer Proof replay took 14.6ns 
29906      INFO  main            d.u.i.k.p.r.p.TestFile    ... finished proof: open goal(s) 
30098      INFO  main            d.u.i.k.p.r.p.TestFile    Now processing file /home/runner/work/key/key/key.core/../key.ui/examples/InformationFlow/MiniExamples/mini.MiniExamplesLecture(mini.MiniExamplesLecture__m_2()).Non-interference contract.0.key 
30098      INFO  main            d.u.i.k.p.i.AbstractProblemLoader Loading environment from /home/runner/work/key/key/key.core/../key.ui/examples/InformationFlow/MiniExamples/mini.MiniExamplesLecture(mini.MiniExamplesLecture__m_2()).Non-interference contract.0.key 
30100      DEBUG main            d.u.i.k.p.i.AbstractProblemLoader Environment load took 2.34ms 
30102      INFO  main            d.u.i.k.p.i.AbstractProblemLoader Creating init config 
33243      DEBUG main            d.u.i.k.p.i.AbstractProblemLoader Init config took 3.14s 
33323      INFO  main            d.u.i.k.p.i.AbstractProblemLoader Replaying proof mini.MiniExamplesLecture[mini.MiniExamplesLecture::m_2()].Non-interference contract.0 
33330      DEBUG main            d.u.i.k.p.i.IntermediateProofReplayer Proof replay took 14.6ns 
33634      INFO  main            d.u.i.k.p.r.p.TestFile    ... finished proof: closed. 
33820      INFO  main            d.u.i.k.p.r.p.TestFile    Now processing file /home/runner/work/key/key/key.core/../key.ui/examples/InformationFlow/MiniExamples/mini.MiniExamplesLecture(mini.MiniExamplesLecture__m_1()).Non-interference contract.0.key 
33821      INFO  main            d.u.i.k.p.i.AbstractProblemLoader Loading environment from /home/runner/work/key/key/key.core/../key.ui/examples/InformationFlow/MiniExamples/mini.MiniExamplesLecture(mini.MiniExamplesLecture__m_1()).Non-interference contract.0.key 
33821      DEBUG main            d.u.i.k.p.i.AbstractProblemLoader Environment load took 112.6ns 
33822      INFO  main            d.u.i.k.p.i.AbstractProblemLoader Creating init config 
36731      DEBUG main            d.u.i.k.p.i.AbstractProblemLoader Init config took 2.91s 
36794      INFO  main            d.u.i.k.p.i.AbstractProblemLoader Replaying proof mini.MiniExamplesLecture[mini.MiniExamplesLecture::m_1()].Non-interference contract.0 
36798      DEBUG main            d.u.i.k.p.i.IntermediateProofReplayer Proof replay took 16.3ns 
37001      INFO  main            d.u.i.k.p.r.p.TestFile    ... finished proof: open goal(s) 
37228      INFO  main            d.u.i.k.p.r.p.TestFile    Now processing file /home/runner/work/key/key/key.core/../key.ui/examples/InformationFlow/MiniExamples/mini.DifferenceSeqLocset(mini.DifferenceSeqLocset__m()).Non-interference contract.1.key 
37229      INFO  main            d.u.i.k.p.i.AbstractProblemLoader Loading environment from /home/runner/work/key/key/key.core/../key.ui/examples/InformationFlow/MiniExamples/mini.DifferenceSeqLocset(mini.DifferenceSeqLocset__m()).Non-interference contract.1.key 
37229      DEBUG main            d.u.i.k.p.i.AbstractProblemLoader Environment load took 126.4ns 
37230      INFO  main            d.u.i.k.p.i.AbstractProblemLoader Creating init config 
40221      DEBUG main            d.u.i.k.p.i.AbstractProblemLoader Init config took 2.99s 
40286      INFO  main            d.u.i.k.p.i.AbstractProblemLoader Replaying proof mini.DifferenceSeqLocset[mini.DifferenceSeqLocset::m()].Non-interference contract.1 
40289      DEBUG main            d.u.i.k.p.i.IntermediateProofReplayer Proof replay took 15.3ns 
41301      INFO  main            d.u.i.k.p.r.p.TestFile    ... finished proof: open goal(s) 
41549      INFO  main            d.u.i.k.p.r.p.TestFile    Now processing file /home/runner/work/key/key/key.core/../key.ui/examples/InformationFlow/MiniExamples/mini.DifferenceSeqLocset(mini.DifferenceSeqLocset__m()).Non-interference contract.0.key 
41550      INFO  main            d.u.i.k.p.i.AbstractProblemLoader Loading environment from /home/runner/work/key/key/key.core/../key.ui/examples/InformationFlow/MiniExamples/mini.DifferenceSeqLocset(mini.DifferenceSeqLocset__m()).Non-interference contract.0.key 
41550      DEBUG main            d.u.i.k.p.i.AbstractProblemLoader Environment load took 127.8ns 
41551      INFO  main            d.u.i.k.p.i.AbstractProblemLoader Creating init config 
44696      DEBUG main            d.u.i.k.p.i.AbstractProblemLoader Init config took 3.14s 
44757      INFO  main            d.u.i.k.p.i.AbstractProblemLoader Replaying proof mini.DifferenceSeqLocset[mini.DifferenceSeqLocset::m()].Non-interference contract.0 
44761      DEBUG main            d.u.i.k.p.i.IntermediateProofReplayer Proof replay took 20.2ns 
46913      INFO  main            d.u.i.k.p.r.p.TestFile    ... finished proof: open goal(s) 
47126      INFO  main            d.u.i.k.p.r.p.TestFile    Now processing file /home/runner/work/key/key/key.core/../key.ui/examples/InformationFlow/MiniExamples/mini.MiniExamples(mini.MiniExamples__secure_p2_8()).Non-interference contract.0.key 
47127      INFO  main            d.u.i.k.p.i.AbstractProblemLoader Loading environment from /home/runner/work/key/key/key.core/../key.ui/examples/InformationFlow/MiniExamples/mini.MiniExamples(mini.MiniExamples__secure_p2_8()).Non-interference contract.0.key 
47127      DEBUG main            d.u.i.k.p.i.AbstractProblemLoader Environment load took 273.3ns 
47130      INFO  main            d.u.i.k.p.i.AbstractProblemLoader Creating init config 
50158      DEBUG main            d.u.i.k.p.i.AbstractProblemLoader Init config took 3.03s 
50215      INFO  main            d.u.i.k.p.i.AbstractProblemLoader Replaying proof mini.MiniExamples[mini.MiniExamples::secure_p2_8()].Non-interference contract.0 
50221      DEBUG main            d.u.i.k.p.i.IntermediateProofReplayer Proof replay took 16.1ns 
50524      INFO  main            d.u.i.k.p.r.p.TestFile    ... finished proof: closed. 
50723      INFO  main            d.u.i.k.p.r.p.TestFile    Now processing file /home/runner/work/key/key/key.core/../key.ui/examples/InformationFlow/MiniExamples/mini.MiniExamples(mini.MiniExamples__secure_parameter(int)).Non-interference contract.0.key 
50723      INFO  main            d.u.i.k.p.i.AbstractProblemLoader Loading environment from /home/runner/work/key/key/key.core/../key.ui/examples/InformationFlow/MiniExamples/mini.MiniExamples(mini.MiniExamples__secure_parameter(int)).Non-interference contract.0.key 
50723      DEBUG main            d.u.i.k.p.i.AbstractProblemLoader Environment load took 131.3ns 
50725      INFO  main            d.u.i.k.p.i.AbstractProblemLoader Creating init config 
53712      DEBUG main            d.u.i.k.p.i.AbstractProblemLoader Init config took 2.99s 
53786      INFO  main            d.u.i.k.p.i.AbstractProblemLoader Replaying proof mini.MiniExamples[mini.MiniExamples::secure_parameter(int)].Non-interference contract.0 
53791      DEBUG main            d.u.i.k.p.i.IntermediateProofReplayer Proof replay took 182.2ns 
53993      INFO  main            d.u.i.k.p.r.p.TestFile    ... finished proof: closed. 
54169      INFO  main            d.u.i.k.p.r.p.TestFile    Now processing file /home/runner/work/key/key/key.core/../key.ui/examples/InformationFlow/MiniExamples/mini.MiniExamples(mini.MiniExamples__secure_p2_7()).Non-interference contract.0.key 
54170      INFO  main            d.u.i.k.p.i.AbstractProblemLoader Loading environment from /home/runner/work/key/key/key.core/../key.ui/examples/InformationFlow/MiniExamples/mini.MiniExamples(mini.MiniExamples__secure_p2_7()).Non-interference contract.0.key 
54170      DEBUG main            d.u.i.k.p.i.AbstractProblemLoader Environment load took 112.2ns 
54172      INFO  main            d.u.i.k.p.i.AbstractProblemLoader Creating init config 
57082      DEBUG main            d.u.i.k.p.i.AbstractProblemLoader Init config took 2.91s 
57160      INFO  main            d.u.i.k.p.i.AbstractProblemLoader Replaying proof mini.MiniExamples[mini.MiniExamples::secure_p2_7()].Non-interference contract.0 
57164      DEBUG main            d.u.i.k.p.i.IntermediateProofReplayer Proof replay took 42.1ns 
57468      INFO  main            d.u.i.k.p.r.p.TestFile    ... finished proof: closed. 
57697      INFO  main            d.u.i.k.p.r.p.TestFile    Now processing file /home/runner/work/key/key/key.core/../key.ui/examples/InformationFlow/MiniExamples/mini.MiniExamples(mini.MiniExamples__insecure_p2_2()).Non-interference contract.0.key 
57698      INFO  main            d.u.i.k.p.i.AbstractProblemLoader Loading environment from /home/runner/work/key/key/key.core/../key.ui/examples/InformationFlow/MiniExamples/mini.MiniExamples(mini.MiniExamples__insecure_p2_2()).Non-interference contract.0.key 
57698      DEBUG main            d.u.i.k.p.i.AbstractProblemLoader Environment load took 91.8ns 
57699      INFO  main            d.u.i.k.p.i.AbstractProblemLoader Creating init config 
60586      DEBUG main            d.u.i.k.p.i.AbstractProblemLoader Init config took 2.89s 
60639      INFO  main            d.u.i.k.p.i.AbstractProblemLoader Replaying proof mini.MiniExamples[mini.MiniExamples::insecure_p2_2()].Non-interference contract.0 
60642      DEBUG main            d.u.i.k.p.i.IntermediateProofReplayer Proof replay took 16.2ns 
60945      INFO  main            d.u.i.k.p.r.p.TestFile    ... finished proof: open goal(s) 
61159      INFO  main            d.u.i.k.p.r.p.TestFile    Now processing file /home/runner/work/key/key/key.core/../key.ui/examples/InformationFlow/MiniExamples/mini.MiniExamples(mini.MiniExamples__secure_p2_6()).Non-interference contract.0.key 
61160      INFO  main            d.u.i.k.p.i.AbstractProblemLoader Loading environment from /home/runner/work/key/key/key.core/../key.ui/examples/InformationFlow/MiniExamples/mini.MiniExamples(mini.MiniExamples__secure_p2_6()).Non-interference contract.0.key 
61160      DEBUG main            d.u.i.k.p.i.AbstractProblemLoader Environment load took 76.2ns 
61161      INFO  main            d.u.i.k.p.i.AbstractProblemLoader Creating init config 
64063      DEBUG main            d.u.i.k.p.i.AbstractProblemLoader Init config took 2.9s 
64142      INFO  main            d.u.i.k.p.i.AbstractProblemLoader Replaying proof mini.MiniExamples[mini.MiniExamples::secure_p2_6()].Non-interference contract.0 
64146      DEBUG main            d.u.i.k.p.i.IntermediateProofReplayer Proof replay took 57.3ns 
64248      INFO  main            d.u.i.k.p.r.p.TestFile    ... finished proof: closed. 
64450      INFO  main            d.u.i.k.p.r.p.TestFile    Now processing file /home/runner/work/key/key/key.core/../key.ui/examples/InformationFlow/MiniExamples/mini.MiniExamples(mini.MiniExamples__secure_p2_5()).Non-interference contract.0.key 
64451      INFO  main            d.u.i.k.p.i.AbstractProblemLoader Loading environment from /home/runner/work/key/key/key.core/../key.ui/examples/InformationFlow/MiniExamples/mini.MiniExamples(mini.MiniExamples__secure_p2_5()).Non-interference contract.0.key 
64451      DEBUG main            d.u.i.k.p.i.AbstractProblemLoader Environment load took 74ns 
64452      INFO  main            d.u.i.k.p.i.AbstractProblemLoader Creating init config 
67372      DEBUG main            d.u.i.k.p.i.AbstractProblemLoader Init config took 2.92s 
67432      INFO  main            d.u.i.k.p.i.AbstractProblemLoader Replaying proof mini.MiniExamples[mini.MiniExamples::secure_p2_5()].Non-interference contract.0 
67435      DEBUG main            d.u.i.k.p.i.IntermediateProofReplayer Proof replay took 16.6ns 
67638      INFO  main            d.u.i.k.p.r.p.TestFile    ... finished proof: closed. 
67874      INFO  main            d.u.i.k.p.r.p.TestFile    Now processing file /home/runner/work/key/key/key.core/../key.ui/examples/InformationFlow/MiniExamples/mini.MiniExamples(mini.MiniExamples__secure_p2_4()).Non-interference contract.0.key 
67874      INFO  main            d.u.i.k.p.i.AbstractProblemLoader Loading environment from /home/runner/work/key/key/key.core/../key.ui/examples/InformationFlow/MiniExamples/mini.MiniExamples(mini.MiniExamples__secure_p2_4()).Non-interference contract.0.key 
67875      DEBUG main            d.u.i.k.p.i.AbstractProblemLoader Environment load took 116.5ns 
67877      INFO  main            d.u.i.k.p.i.AbstractProblemLoader Creating init config 
70870      DEBUG main            d.u.i.k.p.i.AbstractProblemLoader Init config took 2.99s 
70935      INFO  main            d.u.i.k.p.i.AbstractProblemLoader Replaying proof mini.MiniExamples[mini.MiniExamples::secure_p2_4()].Non-interference contract.0 
70938      DEBUG main            d.u.i.k.p.i.IntermediateProofReplayer Proof replay took 14.3ns 
71142      INFO  main            d.u.i.k.p.r.p.TestFile    ... finished proof: closed. 
71352      INFO  main            d.u.i.k.p.r.p.TestFile    Now processing file /home/runner/work/key/key/key.core/../key.ui/examples/InformationFlow/MiniExamples/mini.MiniExamples(mini.MiniExamples__secure_p2_3()).Non-interference contract.0.key 
71353      INFO  main            d.u.i.k.p.i.AbstractProblemLoader Loading environment from /home/runner/work/key/key/key.core/../key.ui/examples/InformationFlow/MiniExamples/mini.MiniExamples(mini.MiniExamples__secure_p2_3()).Non-interference contract.0.key 
71353      DEBUG main            d.u.i.k.p.i.AbstractProblemLoader Environment load took 195.8ns 
71354      INFO  main            d.u.i.k.p.i.AbstractProblemLoader Creating init config 
74225      DEBUG main            d.u.i.k.p.i.AbstractProblemLoader Init config took 2.87s 
74272      INFO  main            d.u.i.k.p.i.AbstractProblemLoader Replaying proof mini.MiniExamples[mini.MiniExamples::secure_p2_3()].Non-interference contract.0 
74275      DEBUG main            d.u.i.k.p.i.IntermediateProofReplayer Proof replay took 16.6ns 
74478      INFO  main            d.u.i.k.p.r.p.TestFile    ... finished proof: closed. 
74682      INFO  main            d.u.i.k.p.r.p.TestFile    Now processing file /home/runner/work/key/key/key.core/../key.ui/examples/InformationFlow/MiniExamples/mini.MiniExamples(mini.MiniExamples__secure_p2_2()).Non-interference contract.0.key 
74682      INFO  main            d.u.i.k.p.i.AbstractProblemLoader Loading environment from /home/runner/work/key/key/key.core/../key.ui/examples/InformationFlow/MiniExamples/mini.MiniExamples(mini.MiniExamples__secure_p2_2()).Non-interference contract.0.key 
74682      DEBUG main            d.u.i.k.p.i.AbstractProblemLoader Environment load took 130.7ns 
74683      INFO  main            d.u.i.k.p.i.AbstractProblemLoader Creating init config 
77534      DEBUG main            d.u.i.k.p.i.AbstractProblemLoader Init config took 2.85s 
77582      INFO  main            d.u.i.k.p.i.AbstractProblemLoader Replaying proof mini.MiniExamples[mini.MiniExamples::secure_p2_2()].Non-interference contract.0 
77585      DEBUG main            d.u.i.k.p.i.IntermediateProofReplayer Proof replay took 15.6ns 
77687      INFO  main            d.u.i.k.p.r.p.TestFile    ... finished proof: closed. 
77916      INFO  main            d.u.i.k.p.r.p.TestFile    Now processing file /home/runner/work/key/key/key.core/../key.ui/examples/InformationFlow/MiniExamples/mini.MiniExamples(mini.MiniExamples__secure_p2_1()).Non-interference contract.0.key 
77917      INFO  main            d.u.i.k.p.i.AbstractProblemLoader Loading environment from /home/runner/work/key/key/key.core/../key.ui/examples/InformationFlow/MiniExamples/mini.MiniExamples(mini.MiniExamples__secure_p2_1()).Non-interference contract.0.key 
77917      DEBUG main            d.u.i.k.p.i.AbstractProblemLoader Environment load took 97.5ns 
77918      INFO  main            d.u.i.k.p.i.AbstractProblemLoader Creating init config 
80740      DEBUG main            d.u.i.k.p.i.AbstractProblemLoader Init config took 2.82s 
80796      INFO  main            d.u.i.k.p.i.AbstractProblemLoader Replaying proof mini.MiniExamples[mini.MiniExamples::secure_p2_1()].Non-interference contract.0 
80801      DEBUG main            d.u.i.k.p.i.IntermediateProofReplayer Proof replay took 33.7ns 
80903      INFO  main            d.u.i.k.p.r.p.TestFile    ... finished proof: closed. 
81121      INFO  main            d.u.i.k.p.r.p.TestFile    Now processing file /home/runner/work/key/key/key.core/../key.ui/examples/InformationFlow/MiniExamples/mini.MiniExamples(mini.MiniExamples__insecure_p2_1()).Non-interference contract.0.key 
81121      INFO  main            d.u.i.k.p.i.AbstractProblemLoader Loading environment from /home/runner/work/key/key/key.core/../key.ui/examples/InformationFlow/MiniExamples/mini.MiniExamples(mini.MiniExamples__insecure_p2_1()).Non-interference contract.0.key 
81121      DEBUG main            d.u.i.k.p.i.AbstractProblemLoader Environment load took 130.2ns 
81122      INFO  main            d.u.i.k.p.i.AbstractProblemLoader Creating init config 
83939      DEBUG main            d.u.i.k.p.i.AbstractProblemLoader Init config took 2.82s 
83981      INFO  main            d.u.i.k.p.i.AbstractProblemLoader Replaying proof mini.MiniExamples[mini.MiniExamples::insecure_p2_1()].Non-interference contract.0 
83986      DEBUG main            d.u.i.k.p.i.IntermediateProofReplayer Proof replay took 18.1ns 
84089      INFO  main            d.u.i.k.p.r.p.TestFile    ... finished proof: open goal(s) 
84301      INFO  main            d.u.i.k.p.r.p.TestFile    Now processing file /home/runner/work/key/key/key.core/../key.ui/examples/InformationFlow/MiniExamples/mini.MiniExamples(mini.MiniExamples__secure_p1_6()).Non-interference contract.0.key 
84302      INFO  main            d.u.i.k.p.i.AbstractProblemLoader Loading environment from /home/runner/work/key/key/key.core/../key.ui/examples/InformationFlow/MiniExamples/mini.MiniExamples(mini.MiniExamples__secure_p1_6()).Non-interference contract.0.key 
84302      DEBUG main            d.u.i.k.p.i.AbstractProblemLoader Environment load took 94.7ns 
84303      INFO  main            d.u.i.k.p.i.AbstractProblemLoader Creating init config 
87046      DEBUG main            d.u.i.k.p.i.AbstractProblemLoader Init config took 2.74s 
87091      INFO  main            d.u.i.k.p.i.AbstractProblemLoader Replaying proof mini.MiniExamples[mini.MiniExamples::secure_p1_6()].Non-interference contract.0 
87094      DEBUG main            d.u.i.k.p.i.IntermediateProofReplayer Proof replay took 16.1ns 
87297      INFO  main            d.u.i.k.p.r.p.TestFile    ... finished proof: closed. 
87527      INFO  main            d.u.i.k.p.r.p.TestFile    Now processing file /home/runner/work/key/key/key.core/../key.ui/examples/InformationFlow/MiniExamples/mini.MiniExamples(mini.MiniExamples__secure_p1_5()).Non-interference contract.0.key 
87528      INFO  main            d.u.i.k.p.i.AbstractProblemLoader Loading environment from /home/runner/work/key/key/key.core/../key.ui/examples/InformationFlow/MiniExamples/mini.MiniExamples(mini.MiniExamples__secure_p1_5()).Non-interference contract.0.key 
87528      DEBUG main            d.u.i.k.p.i.AbstractProblemLoader Environment load took 99.4ns 
87529      INFO  main            d.u.i.k.p.i.AbstractProblemLoader Creating init config 
90455      DEBUG main            d.u.i.k.p.i.AbstractProblemLoader Init config took 2.93s 
90497      INFO  main            d.u.i.k.p.i.AbstractProblemLoader Replaying proof mini.MiniExamples[mini.MiniExamples::secure_p1_5()].Non-interference contract.0 
90500      DEBUG main            d.u.i.k.p.i.IntermediateProofReplayer Proof replay took 15ns 
90905      INFO  main            d.u.i.k.p.r.p.TestFile    ... finished proof: closed. 
91171      INFO  main            d.u.i.k.p.r.p.TestFile    Now processing file /home/runner/work/key/key/key.core/../key.ui/examples/InformationFlow/MiniExamples/mini.MiniExamples(mini.MiniExamples__secure_p1_4()).Non-interference contract.0.key 
91171      INFO  main            d.u.i.k.p.i.AbstractProblemLoader Loading environment from /home/runner/work/key/key/key.core/../key.ui/examples/InformationFlow/MiniExamples/mini.MiniExamples(mini.MiniExamples__secure_p1_4()).Non-interference contract.0.key 
91172      DEBUG main            d.u.i.k.p.i.AbstractProblemLoader Environment load took 94ns 
91174      INFO  main            d.u.i.k.p.i.AbstractProblemLoader Creating init config 
94140      DEBUG main            d.u.i.k.p.i.AbstractProblemLoader Init config took 2.97s 
94180      INFO  main            d.u.i.k.p.i.AbstractProblemLoader Replaying proof mini.MiniExamples[mini.MiniExamples::secure_p1_4()].Non-interference contract.0 
94185      DEBUG main            d.u.i.k.p.i.IntermediateProofReplayer Proof replay took 16.2ns 
94488      INFO  main            d.u.i.k.p.r.p.TestFile    ... finished proof: closed. 
94718      INFO  main            d.u.i.k.p.r.p.TestFile    Now processing file /home/runner/work/key/key/key.core/../key.ui/examples/InformationFlow/MiniExamples/mini.MiniExamples(mini.MiniExamples__secure_p1_3()).Non-interference contract.0.key 
94718      INFO  main            d.u.i.k.p.i.AbstractProblemLoader Loading environment from /home/runner/work/key/key/key.core/../key.ui/examples/InformationFlow/MiniExamples/mini.MiniExamples(mini.MiniExamples__secure_p1_3()).Non-interference contract.0.key 
94718      DEBUG main            d.u.i.k.p.i.AbstractProblemLoader Environment load took 83.2ns 
94719      INFO  main            d.u.i.k.p.i.AbstractProblemLoader Creating init config 
97500      DEBUG main            d.u.i.k.p.i.AbstractProblemLoader Init config took 2.78s 
97539      INFO  main            d.u.i.k.p.i.AbstractProblemLoader Replaying proof mini.MiniExamples[mini.MiniExamples::secure_p1_3()].Non-interference contract.0 
97544      DEBUG main            d.u.i.k.p.i.IntermediateProofReplayer Proof replay took 15.3ns 
97746      INFO  main            d.u.i.k.p.r.p.TestFile    ... finished proof: closed. 
97997      INFO  main            d.u.i.k.p.r.p.TestFile    Now processing file /home/runner/work/key/key/key.core/../key.ui/examples/InformationFlow/MiniExamples/mini.MiniExamples(mini.MiniExamples__secure_p1_2()).Non-interference contract.0.key 
97998      INFO  main            d.u.i.k.p.i.AbstractProblemLoader Loading environment from /home/runner/work/key/key/key.core/../key.ui/examples/InformationFlow/MiniExamples/mini.MiniExamples(mini.MiniExamples__secure_p1_2()).Non-interference contract.0.key 
97998      DEBUG main            d.u.i.k.p.i.AbstractProblemLoader Environment load took 68.8ns 
97999      INFO  main            d.u.i.k.p.i.AbstractProblemLoader Creating init config 
100890     DEBUG main            d.u.i.k.p.i.AbstractProblemLoader Init config took 2.89s 
100936     INFO  main            d.u.i.k.p.i.AbstractProblemLoader Replaying proof mini.MiniExamples[mini.MiniExamples::secure_p1_2()].Non-interference contract.0 
100942     DEBUG main            d.u.i.k.p.i.IntermediateProofReplayer Proof replay took 19.3ns 
101245     INFO  main            d.u.i.k.p.r.p.TestFile    ... finished proof: closed. 
101511     INFO  main            d.u.i.k.p.r.p.TestFile    Now processing file /home/runner/work/key/key/key.core/../key.ui/examples/InformationFlow/MiniExamples/mini.MiniExamples(mini.MiniExamples__secure_p1_1()).Non-interference contract.1.key 
101511     INFO  main            d.u.i.k.p.i.AbstractProblemLoader Loading environment from /home/runner/work/key/key/key.core/../key.ui/examples/InformationFlow/MiniExamples/mini.MiniExamples(mini.MiniExamples__secure_p1_1()).Non-interference contract.1.key 
101511     DEBUG main            d.u.i.k.p.i.AbstractProblemLoader Environment load took 74.9ns 
101517     INFO  main            d.u.i.k.p.i.AbstractProblemLoader Creating init config 
104408     DEBUG main            d.u.i.k.p.i.AbstractProblemLoader Init config took 2.89s 
104456     INFO  main            d.u.i.k.p.i.AbstractProblemLoader Replaying proof mini.MiniExamples[mini.MiniExamples::secure_p1_1()].Non-interference contract.1 
104460     DEBUG main            d.u.i.k.p.i.IntermediateProofReplayer Proof replay took 16.5ns 
104764     INFO  main            d.u.i.k.p.r.p.TestFile    ... finished proof: closed. 
105022     INFO  main            d.u.i.k.p.r.p.TestFile    Now processing file /home/runner/work/key/key/key.core/../key.ui/examples/InformationFlow/MiniExamples/mini.MiniExamples(mini.MiniExamples__secure_p1_1()).Non-interference contract.0.key 
105022     INFO  main            d.u.i.k.p.i.AbstractProblemLoader Loading environment from /home/runner/work/key/key/key.core/../key.ui/examples/InformationFlow/MiniExamples/mini.MiniExamples(mini.MiniExamples__secure_p1_1()).Non-interference contract.0.key 
105022     DEBUG main            d.u.i.k.p.i.AbstractProblemLoader Environment load took 123.5ns 
105024     INFO  main            d.u.i.k.p.i.AbstractProblemLoader Creating init config 
107836     DEBUG main            d.u.i.k.p.i.AbstractProblemLoader Init config took 2.81s 
107877     INFO  main            d.u.i.k.p.i.AbstractProblemLoader Replaying proof mini.MiniExamples[mini.MiniExamples::secure_p1_1()].Non-interference contract.0 
107880     DEBUG main            d.u.i.k.p.i.IntermediateProofReplayer Proof replay took 15.7ns 
108182     INFO  main            d.u.i.k.p.r.p.TestFile    ... finished proof: closed. 
108423     INFO  main            d.u.i.k.p.r.p.TestFile    Now processing file /home/runner/work/key/key/key.core/../key.ui/examples/InformationFlow/MiniExamples/mini.MiniExamples(mini.MiniExamples__insecure_p1_2()).Non-interference contract.0.key 
108423     INFO  main            d.u.i.k.p.i.AbstractProblemLoader Loading environment from /home/runner/work/key/key/key.core/../key.ui/examples/InformationFlow/MiniExamples/mini.MiniExamples(mini.MiniExamples__insecure_p1_2()).Non-interference contract.0.key 
108423     DEBUG main            d.u.i.k.p.i.AbstractProblemLoader Environment load took 81.1ns 
108425     INFO  main            d.u.i.k.p.i.AbstractProblemLoader Creating init config 
111233     DEBUG main            d.u.i.k.p.i.AbstractProblemLoader Init config took 2.81s 
111271     INFO  main            d.u.i.k.p.i.AbstractProblemLoader Replaying proof mini.MiniExamples[mini.MiniExamples::insecure_p1_2()].Non-interference contract.0 
111274     DEBUG main            d.u.i.k.p.i.IntermediateProofReplayer Proof replay took 106.2ns 
111579     INFO  main            d.u.i.k.p.r.p.TestFile    ... finished proof: open goal(s) 
111882     INFO  main            d.u.i.k.p.r.p.TestFile    Now processing file /home/runner/work/key/key/key.core/../key.ui/examples/InformationFlow/MiniExamples/mini.MiniExamples(mini.MiniExamples__insecure_p1_1()).Non-interference contract.0.key 
111882     INFO  main            d.u.i.k.p.i.AbstractProblemLoader Loading environment from /home/runner/work/key/key/key.core/../key.ui/examples/InformationFlow/MiniExamples/mini.MiniExamples(mini.MiniExamples__insecure_p1_1()).Non-interference contract.0.key 
111885     DEBUG main            d.u.i.k.p.i.AbstractProblemLoader Environment load took 2.79ms 
111887     INFO  main            d.u.i.k.p.i.AbstractProblemLoader Creating init config 
114786     DEBUG main            d.u.i.k.p.i.AbstractProblemLoader Init config took 2.9s 
114832     INFO  main            d.u.i.k.p.i.AbstractProblemLoader Replaying proof mini.MiniExamples[mini.MiniExamples::insecure_p1_1()].Non-interference contract.0 
114835     DEBUG main            d.u.i.k.p.i.IntermediateProofReplayer Proof replay took 18.7ns 
114938     INFO  main            d.u.i.k.p.r.p.TestFile    ... finished proof: open goal(s) 
1416110    INFO  Test worker     d.u.i.k.p.r.RunAllProofsTestUnit Returning from test MiniExamples_nomacro 
1416111    INFO  Test worker     d.u.i.k.p.r.RunAllProofsTestUnit Running test NewObjects_nomacro 
399        INFO  Timeout watchdog d.u.i.k.p.r.p.ForkedTestFileRunner Timeout watcher launched (1000 secs.) 
412        WARN  main            d.u.i.k.s.ProofSettings   The settings in /home/runner/.key/proof-settings.props are *not* read. 
439        INFO  main            d.u.i.k.p.r.p.TestFile    Now processing file /home/runner/work/key/key/key.core/../key.ui/examples/InformationFlow/NewObjects/object.AmtoftBanerjee3(object.AmtoftBanerjee3__m()).Non-interference contract.0.key 
605        INFO  main            d.u.i.k.p.i.AbstractProblemLoader Loading environment from /home/runner/work/key/key/key.core/../key.ui/examples/InformationFlow/NewObjects/object.AmtoftBanerjee3(object.AmtoftBanerjee3__m()).Non-interference contract.0.key 
631        DEBUG main            d.u.i.k.p.i.AbstractProblemLoader Environment load took 2.52ms 
922        INFO  main            d.u.i.k.p.i.AbstractProblemLoader Creating init config 
2136       DEBUG main            d.u.i.k.j.TypeConverter   No LDT found for Meta 
2140       DEBUG main            d.u.i.k.j.TypeConverter   No LDT found for Meta 
2144       DEBUG main            d.u.i.k.j.TypeConverter   No LDT found for Meta 
2144       DEBUG main            d.u.i.k.j.TypeConverter   No LDT found for Meta 
3863       DEBUG main            d.u.i.k.j.TypeConverter   No LDT found for JavaBigintExpression 
7636       DEBUG main            d.u.i.k.j.r.ClassPreparationMethodBuilder clPrepBuilder: Inner Class detected. Reject building class initialisation methods. 
10614      DEBUG main            d.u.i.k.p.i.AbstractProblemLoader Init config took 9.69s 
10777      INFO  main            d.u.i.k.p.i.AbstractProblemLoader Replaying proof object.AmtoftBanerjee3[object.AmtoftBanerjee3::m()].Non-interference contract.0 
10899      DEBUG main            d.u.i.k.p.i.IntermediateProofReplayer Proof replay took 507.01ns 
11948      INFO  main            d.u.i.k.p.r.p.TestFile    ... finished proof: closed. 
12075      INFO  main            d.u.i.k.p.r.p.TestFile    Now processing file /home/runner/work/key/key/key.core/../key.ui/examples/InformationFlow/NewObjects/object.AmtoftBanerjee(object.AmtoftBanerjee__m_2()).Non-interference contract.0.key 
12076      INFO  main            d.u.i.k.p.i.AbstractProblemLoader Loading environment from /home/runner/work/key/key/key.core/../key.ui/examples/InformationFlow/NewObjects/object.AmtoftBanerjee(object.AmtoftBanerjee__m_2()).Non-interference contract.0.key 
12077      DEBUG main            d.u.i.k.p.i.AbstractProblemLoader Environment load took 838.31ns 
12081      INFO  main            d.u.i.k.p.i.AbstractProblemLoader Creating init config 
13269      DEBUG main            d.u.i.k.j.r.ClassPreparationMethodBuilder clPrepBuilder: Inner Class detected. Reject building class initialisation methods. 
15763      DEBUG main            d.u.i.k.p.i.AbstractProblemLoader Init config took 3.68s 
15871      INFO  main            d.u.i.k.p.i.AbstractProblemLoader Replaying proof object.AmtoftBanerjee[object.AmtoftBanerjee::m_2()].Non-interference contract.0 
15875      DEBUG main            d.u.i.k.p.i.IntermediateProofReplayer Proof replay took 15.1ns 
17308      INFO  main            d.u.i.k.p.r.p.TestFile    ... finished proof: closed. 
17482      INFO  main            d.u.i.k.p.r.p.TestFile    Now processing file /home/runner/work/key/key/key.core/../key.ui/examples/InformationFlow/NewObjects/object.AmtoftBanerjee(object.AmtoftBanerjee__m_1()).Non-interference contract.1.key 
17483      INFO  main            d.u.i.k.p.i.AbstractProblemLoader Loading environment from /home/runner/work/key/key/key.core/../key.ui/examples/InformationFlow/NewObjects/object.AmtoftBanerjee(object.AmtoftBanerjee__m_1()).Non-interference contract.1.key 
17484      DEBUG main            d.u.i.k.p.i.AbstractProblemLoader Environment load took 301.2ns 
17486      INFO  main            d.u.i.k.p.i.AbstractProblemLoader Creating init config 
18557      DEBUG main            d.u.i.k.j.r.ClassPreparationMethodBuilder clPrepBuilder: Inner Class detected. Reject building class initialisation methods. 
20861      DEBUG main            d.u.i.k.p.i.AbstractProblemLoader Init config took 3.37s 
20938      INFO  main            d.u.i.k.p.i.AbstractProblemLoader Replaying proof object.AmtoftBanerjee[object.AmtoftBanerjee::m_1()].Non-interference contract.1 
20942      DEBUG main            d.u.i.k.p.i.IntermediateProofReplayer Proof replay took 13.8ns 
21566      INFO  main            d.u.i.k.p.r.p.TestFile    ... finished proof: open goal(s) 
21745      INFO  main            d.u.i.k.p.r.p.TestFile    Now processing file /home/runner/work/key/key/key.core/../key.ui/examples/InformationFlow/NewObjects/object.AmtoftBanerjee(object.AmtoftBanerjee__m_1()).Non-interference contract.0.key 
21745      INFO  main            d.u.i.k.p.i.AbstractProblemLoader Loading environment from /home/runner/work/key/key/key.core/../key.ui/examples/InformationFlow/NewObjects/object.AmtoftBanerjee(object.AmtoftBanerjee__m_1()).Non-interference contract.0.key 
21746      DEBUG main            d.u.i.k.p.i.AbstractProblemLoader Environment load took 93.5ns 
21749      INFO  main            d.u.i.k.p.i.AbstractProblemLoader Creating init config 
22767      DEBUG main            d.u.i.k.j.r.ClassPreparationMethodBuilder clPrepBuilder: Inner Class detected. Reject building class initialisation methods. 
25010      DEBUG main            d.u.i.k.p.i.AbstractProblemLoader Init config took 3.26s 
25066      INFO  main            d.u.i.k.p.i.AbstractProblemLoader Replaying proof object.AmtoftBanerjee[object.AmtoftBanerjee::m_1()].Non-interference contract.0 
25069      DEBUG main            d.u.i.k.p.i.IntermediateProofReplayer Proof replay took 12.4ns 
25674      INFO  main            d.u.i.k.p.r.p.TestFile    ... finished proof: closed. 
25854      INFO  main            d.u.i.k.p.r.p.TestFile    Now processing file /home/runner/work/key/key/key.core/../key.ui/examples/InformationFlow/NewObjects/object.AmtoftBanerjee(object.AmtoftBanerjee__getQ()).Non-interference contract.0.key 
25855      INFO  main            d.u.i.k.p.i.AbstractProblemLoader Loading environment from /home/runner/work/key/key/key.core/../key.ui/examples/InformationFlow/NewObjects/object.AmtoftBanerjee(object.AmtoftBanerjee__getQ()).Non-interference contract.0.key 
25856      DEBUG main            d.u.i.k.p.i.AbstractProblemLoader Environment load took 1.24ms 
25858      INFO  main            d.u.i.k.p.i.AbstractProblemLoader Creating init config 
26885      DEBUG main            d.u.i.k.j.r.ClassPreparationMethodBuilder clPrepBuilder: Inner Class detected. Reject building class initialisation methods. 
29084      DEBUG main            d.u.i.k.p.i.AbstractProblemLoader Init config took 3.23s 
29142      INFO  main            d.u.i.k.p.i.AbstractProblemLoader Replaying proof object.AmtoftBanerjee[object.AmtoftBanerjee::getQ()].Non-interference contract.0 
29146      DEBUG main            d.u.i.k.p.i.IntermediateProofReplayer Proof replay took 15.6ns 
29249      INFO  main            d.u.i.k.p.r.p.TestFile    ... finished proof: closed. 
29412      INFO  main            d.u.i.k.p.r.p.TestFile    Now processing file /home/runner/work/key/key/key.core/../key.ui/examples/InformationFlow/NewObjects/object.ObjectOrientation(object.ObjectOrientation__secure_while_i((Ljava.lang.Object)).Non-interference contract.0.key 
29413      INFO  main            d.u.i.k.p.i.AbstractProblemLoader Loading environment from /home/runner/work/key/key/key.core/../key.ui/examples/InformationFlow/NewObjects/object.ObjectOrientation(object.ObjectOrientation__secure_while_i((Ljava.lang.Object)).Non-interference contract.0.key 
29413      DEBUG main            d.u.i.k.p.i.AbstractProblemLoader Environment load took 81.6ns 
29414      INFO  main            d.u.i.k.p.i.AbstractProblemLoader Creating init config 
30461      DEBUG main            d.u.i.k.j.r.ClassPreparationMethodBuilder clPrepBuilder: Inner Class detected. Reject building class initialisation methods. 
32669      DEBUG main            d.u.i.k.p.i.AbstractProblemLoader Init config took 3.25s 
32729      INFO  main            d.u.i.k.p.i.AbstractProblemLoader Replaying proof object.ObjectOrientation[object.ObjectOrientation::secure_while_i([Ljava.lang.Object)].Non-interference contract.0 
32733      DEBUG main            d.u.i.k.p.i.IntermediateProofReplayer Proof replay took 12.6ns 
43698      INFO  main            d.u.i.k.p.r.p.TestFile    ... finished proof: closed. 
43969      INFO  main            d.u.i.k.p.r.p.TestFile    Now processing file /home/runner/work/key/key/key.core/../key.ui/examples/InformationFlow/NewObjects/object.ObjectOrientation(object.ObjectOrientation__secure_method_call()).Non-interference contract.0.key 
43970      INFO  main            d.u.i.k.p.i.AbstractProblemLoader Loading environment from /home/runner/work/key/key/key.core/../key.ui/examples/InformationFlow/NewObjects/object.ObjectOrientation(object.ObjectOrientation__secure_method_call()).Non-interference contract.0.key 
43970      DEBUG main            d.u.i.k.p.i.AbstractProblemLoader Environment load took 1.44ms 
43972      INFO  main            d.u.i.k.p.i.AbstractProblemLoader Creating init config 
44995      DEBUG main            d.u.i.k.j.r.ClassPreparationMethodBuilder clPrepBuilder: Inner Class detected. Reject building class initialisation methods. 
47308      DEBUG main            d.u.i.k.p.i.AbstractProblemLoader Init config took 3.34s 
47375      INFO  main            d.u.i.k.p.i.AbstractProblemLoader Replaying proof object.ObjectOrientation[object.ObjectOrientation::secure_method_call()].Non-interference contract.0 
47378      DEBUG main            d.u.i.k.p.i.IntermediateProofReplayer Proof replay took 40.9ns 
47984      INFO  main            d.u.i.k.p.r.p.TestFile    ... finished proof: closed. 
48170      INFO  main            d.u.i.k.p.r.p.TestFile    Now processing file /home/runner/work/key/key/key.core/../key.ui/examples/InformationFlow/NewObjects/object.ObjectOrientation(object.ObjectOrientation__if_two_object_creation_next()).Non-interference contract.1.key 
48170      INFO  main            d.u.i.k.p.i.AbstractProblemLoader Loading environment from /home/runner/work/key/key/key.core/../key.ui/examples/InformationFlow/NewObjects/object.ObjectOrientation(object.ObjectOrientation__if_two_object_creation_next()).Non-interference contract.1.key 
48171      DEBUG main            d.u.i.k.p.i.AbstractProblemLoader Environment load took 1.15ms 
48174      INFO  main            d.u.i.k.p.i.AbstractProblemLoader Creating init config 
49177      DEBUG main            d.u.i.k.j.r.ClassPreparationMethodBuilder clPrepBuilder: Inner Class detected. Reject building class initialisation methods. 
51409      DEBUG main            d.u.i.k.p.i.AbstractProblemLoader Init config took 3.23s 
51469      INFO  main            d.u.i.k.p.i.AbstractProblemLoader Replaying proof object.ObjectOrientation[object.ObjectOrientation::if_two_object_creation_next()].Non-interference contract.1 
51473      DEBUG main            d.u.i.k.p.i.IntermediateProofReplayer Proof replay took 13.9ns 
73317      INFO  main            d.u.i.k.p.r.p.TestFile    ... finished proof: open goal(s) 
73604      INFO  main            d.u.i.k.p.r.p.TestFile    Now processing file /home/runner/work/key/key/key.core/../key.ui/examples/InformationFlow/NewObjects/object.ObjectOrientation(object.ObjectOrientation__insecure_two_object_creation()).Non-interference contract.0.key 
73604      INFO  main            d.u.i.k.p.i.AbstractProblemLoader Loading environment from /home/runner/work/key/key/key.core/../key.ui/examples/InformationFlow/NewObjects/object.ObjectOrientation(object.ObjectOrientation__insecure_two_object_creation()).Non-interference contract.0.key 
73604      DEBUG main            d.u.i.k.p.i.AbstractProblemLoader Environment load took 134ns 
73605      INFO  main            d.u.i.k.p.i.AbstractProblemLoader Creating init config 
74675      DEBUG main            d.u.i.k.j.r.ClassPreparationMethodBuilder clPrepBuilder: Inner Class detected. Reject building class initialisation methods. 
76811      DEBUG main            d.u.i.k.p.i.AbstractProblemLoader Init config took 3.21s 
76869      INFO  main            d.u.i.k.p.i.AbstractProblemLoader Replaying proof object.ObjectOrientation[object.ObjectOrientation::insecure_two_object_creation()].Non-interference contract.0 
76872      DEBUG main            d.u.i.k.p.i.IntermediateProofReplayer Proof replay took 14.4ns 
98537      INFO  main            d.u.i.k.p.r.p.TestFile    ... finished proof: open goal(s) 
98864      INFO  main            d.u.i.k.p.r.p.TestFile    Now processing file /home/runner/work/key/key/key.core/../key.ui/examples/InformationFlow/NewObjects/object.ObjectOrientation(object.ObjectOrientation__secure_two_object_creation()).Non-interference contract.0.key 
98864      INFO  main            d.u.i.k.p.i.AbstractProblemLoader Loading environment from /home/runner/work/key/key/key.core/../key.ui/examples/InformationFlow/NewObjects/object.ObjectOrientation(object.ObjectOrientation__secure_two_object_creation()).Non-interference contract.0.key 
98865      DEBUG main            d.u.i.k.p.i.AbstractProblemLoader Environment load took 127.7ns 
98866      INFO  main            d.u.i.k.p.i.AbstractProblemLoader Creating init config 
99818      DEBUG main            d.u.i.k.j.r.ClassPreparationMethodBuilder clPrepBuilder: Inner Class detected. Reject building class initialisation methods. 
101872     DEBUG main            d.u.i.k.p.i.AbstractProblemLoader Init config took 3.01s 
101923     INFO  main            d.u.i.k.p.i.AbstractProblemLoader Replaying proof object.ObjectOrientation[object.ObjectOrientation::secure_two_object_creation()].Non-interference contract.0 
101926     DEBUG main            d.u.i.k.p.i.IntermediateProofReplayer Proof replay took 16.6ns 
117121     INFO  main            d.u.i.k.p.r.p.TestFile    ... finished proof: closed. 
117488     INFO  main            d.u.i.k.p.r.p.TestFile    Now processing file /home/runner/work/key/key/key.core/../key.ui/examples/InformationFlow/NewObjects/object.ObjectOrientation(object.ObjectOrientation__insecure_object_assignment()).Non-interference contract.1.key 
117488     INFO  main            d.u.i.k.p.i.AbstractProblemLoader Loading environment from /home/runner/work/key/key/key.core/../key.ui/examples/InformationFlow/NewObjects/object.ObjectOrientation(object.ObjectOrientation__insecure_object_assignment()).Non-interference contract.1.key 
117488     DEBUG main            d.u.i.k.p.i.AbstractProblemLoader Environment load took 82.1ns 
117489     INFO  main            d.u.i.k.p.i.AbstractProblemLoader Creating init config 
118491     DEBUG main            d.u.i.k.j.r.ClassPreparationMethodBuilder clPrepBuilder: Inner Class detected. Reject building class initialisation methods. 
120626     DEBUG main            d.u.i.k.p.i.AbstractProblemLoader Init config took 3.14s 
120677     INFO  main            d.u.i.k.p.i.AbstractProblemLoader Replaying proof object.ObjectOrientation[object.ObjectOrientation::insecure_object_assignment()].Non-interference contract.1 
120680     DEBUG main            d.u.i.k.p.i.IntermediateProofReplayer Proof replay took 14.2ns 
130788     INFO  main            d.u.i.k.p.r.p.TestFile    ... finished proof: open goal(s) 
131045     INFO  main            d.u.i.k.p.r.p.TestFile    Now processing file /home/runner/work/key/key/key.core/../key.ui/examples/InformationFlow/NewObjects/object.ObjectOrientation(object.ObjectOrientation__insecure_object_assignment()).Non-interference contract.0.key 
131045     INFO  main            d.u.i.k.p.i.AbstractProblemLoader Loading environment from /home/runner/work/key/key/key.core/../key.ui/examples/InformationFlow/NewObjects/object.ObjectOrientation(object.ObjectOrientation__insecure_object_assignment()).Non-interference contract.0.key 
131046     DEBUG main            d.u.i.k.p.i.AbstractProblemLoader Environment load took 103.8ns 
131047     INFO  main            d.u.i.k.p.i.AbstractProblemLoader Creating init config 
132030     DEBUG main            d.u.i.k.j.r.ClassPreparationMethodBuilder clPrepBuilder: Inner Class detected. Reject building class initialisation methods. 
134185     DEBUG main            d.u.i.k.p.i.AbstractProblemLoader Init config took 3.14s 
134232     INFO  main            d.u.i.k.p.i.AbstractProblemLoader Replaying proof object.ObjectOrientation[object.ObjectOrientation::insecure_object_assignment()].Non-interference contract.0 
134236     DEBUG main            d.u.i.k.p.i.IntermediateProofReplayer Proof replay took 15.1ns 
134438     INFO  main            d.u.i.k.p.r.p.TestFile    ... finished proof: open goal(s) 
134663     INFO  main            d.u.i.k.p.r.p.TestFile    Now processing file /home/runner/work/key/key/key.core/../key.ui/examples/InformationFlow/NewObjects/object.ObjectOrientation(object.ObjectOrientation__secure_object_creation_3()).Non-interference contract.0.key 
134664     INFO  main            d.u.i.k.p.i.AbstractProblemLoader Loading environment from /home/runner/work/key/key/key.core/../key.ui/examples/InformationFlow/NewObjects/object.ObjectOrientation(object.ObjectOrientation__secure_object_creation_3()).Non-interference contract.0.key 
134664     DEBUG main            d.u.i.k.p.i.AbstractProblemLoader Environment load took 227.5ns 
134666     INFO  main            d.u.i.k.p.i.AbstractProblemLoader Creating init config 
135610     DEBUG main            d.u.i.k.j.r.ClassPreparationMethodBuilder clPrepBuilder: Inner Class detected. Reject building class initialisation methods. 
137845     DEBUG main            d.u.i.k.p.i.AbstractProblemLoader Init config took 3.18s 
137895     INFO  main            d.u.i.k.p.i.AbstractProblemLoader Replaying proof object.ObjectOrientation[object.ObjectOrientation::secure_object_creation_3()].Non-interference contract.0 
137898     DEBUG main            d.u.i.k.p.i.IntermediateProofReplayer Proof replay took 15.1ns 
138402     INFO  main            d.u.i.k.p.r.p.TestFile    ... finished proof: closed. 
138620     INFO  main            d.u.i.k.p.r.p.TestFile    Now processing file /home/runner/work/key/key/key.core/../key.ui/examples/InformationFlow/NewObjects/object.ObjectOrientation(object.ObjectOrientation__secure_object_creation_2()).Non-interference contract.0.key 
138620     INFO  main            d.u.i.k.p.i.AbstractProblemLoader Loading environment from /home/runner/work/key/key/key.core/../key.ui/examples/InformationFlow/NewObjects/object.ObjectOrientation(object.ObjectOrientation__secure_object_creation_2()).Non-interference contract.0.key 
138620     DEBUG main            d.u.i.k.p.i.AbstractProblemLoader Environment load took 74ns 
138622     INFO  main            d.u.i.k.p.i.AbstractProblemLoader Creating init config 
139560     DEBUG main            d.u.i.k.j.r.ClassPreparationMethodBuilder clPrepBuilder: Inner Class detected. Reject building class initialisation methods. 
141868     DEBUG main            d.u.i.k.p.i.AbstractProblemLoader Init config took 3.25s 
141921     INFO  main            d.u.i.k.p.i.AbstractProblemLoader Replaying proof object.ObjectOrientation[object.ObjectOrientation::secure_object_creation_2()].Non-interference contract.0 
141924     DEBUG main            d.u.i.k.p.i.IntermediateProofReplayer Proof replay took 31.6ns 
142328     INFO  main            d.u.i.k.p.r.p.TestFile    ... finished proof: closed. 
142547     INFO  main            d.u.i.k.p.r.p.TestFile    Now processing file /home/runner/work/key/key/key.core/../key.ui/examples/InformationFlow/NewObjects/object.ObjectOrientation(object.ObjectOrientation__secure_object_creation()).Non-interference contract.0.key 
142548     INFO  main            d.u.i.k.p.i.AbstractProblemLoader Loading environment from /home/runner/work/key/key/key.core/../key.ui/examples/InformationFlow/NewObjects/object.ObjectOrientation(object.ObjectOrientation__secure_object_creation()).Non-interference contract.0.key 
142548     DEBUG main            d.u.i.k.p.i.AbstractProblemLoader Environment load took 90.7ns 
142550     INFO  main            d.u.i.k.p.i.AbstractProblemLoader Creating init config 
143522     DEBUG main            d.u.i.k.j.r.ClassPreparationMethodBuilder clPrepBuilder: Inner Class detected. Reject building class initialisation methods. 
145695     DEBUG main            d.u.i.k.p.i.AbstractProblemLoader Init config took 3.14s 
145742     INFO  main            d.u.i.k.p.i.AbstractProblemLoader Replaying proof object.ObjectOrientation[object.ObjectOrientation::secure_object_creation()].Non-interference contract.0 
145746     DEBUG main            d.u.i.k.p.i.IntermediateProofReplayer Proof replay took 18.6ns 
146755     INFO  main            d.u.i.k.p.r.p.TestFile    ... finished proof: closed. 
146992     INFO  main            d.u.i.k.p.r.p.TestFile    Now processing file /home/runner/work/key/key/key.core/../key.ui/examples/InformationFlow/NewObjects/object.AmtoftBanerjee2(object.AmtoftBanerjee2__expensive(int)).Non-interference contract.0.key 
146993     INFO  main            d.u.i.k.p.i.AbstractProblemLoader Loading environment from /home/runner/work/key/key/key.core/../key.ui/examples/InformationFlow/NewObjects/object.AmtoftBanerjee2(object.AmtoftBanerjee2__expensive(int)).Non-interference contract.0.key 
146993     DEBUG main            d.u.i.k.p.i.AbstractProblemLoader Environment load took 113.6ns 
146995     INFO  main            d.u.i.k.p.i.AbstractProblemLoader Creating init config 
148002     DEBUG main            d.u.i.k.j.r.ClassPreparationMethodBuilder clPrepBuilder: Inner Class detected. Reject building class initialisation methods. 
150120     DEBUG main            d.u.i.k.p.i.AbstractProblemLoader Init config took 3.13s 
150174     INFO  main            d.u.i.k.p.i.AbstractProblemLoader Replaying proof object.AmtoftBanerjee2[object.AmtoftBanerjee2::expensive(int)].Non-interference contract.0 
150178     DEBUG main            d.u.i.k.p.i.IntermediateProofReplayer Proof replay took 14.7ns 
150280     INFO  main            d.u.i.k.p.r.p.TestFile    ... finished proof: closed. 
150504     INFO  main            d.u.i.k.p.r.p.TestFile    Now processing file /home/runner/work/key/key/key.core/../key.ui/examples/InformationFlow/NewObjects/object.AmtoftBanerjee2(object.AmtoftBanerjee2__cexp(int)).Non-interference contract.0.key 
150504     INFO  main            d.u.i.k.p.i.AbstractProblemLoader Loading environment from /home/runner/work/key/key/key.core/../key.ui/examples/InformationFlow/NewObjects/object.AmtoftBanerjee2(object.AmtoftBanerjee2__cexp(int)).Non-interference contract.0.key 
150504     DEBUG main            d.u.i.k.p.i.AbstractProblemLoader Environment load took 90.1ns 
150505     INFO  main            d.u.i.k.p.i.AbstractProblemLoader Creating init config 
151444     DEBUG main            d.u.i.k.j.r.ClassPreparationMethodBuilder clPrepBuilder: Inner Class detected. Reject building class initialisation methods. 
153779     DEBUG main            d.u.i.k.p.i.AbstractProblemLoader Init config took 3.27s 
153839     INFO  main            d.u.i.k.p.i.AbstractProblemLoader Replaying proof object.AmtoftBanerjee2[object.AmtoftBanerjee2::cexp(int)].Non-interference contract.0 
153845     DEBUG main            d.u.i.k.p.i.IntermediateProofReplayer Proof replay took 15.9ns 
155799     INFO  main            d.u.i.k.p.r.p.TestFile    ... finished proof: closed. 
1572391    INFO  Test worker     d.u.i.k.p.r.RunAllProofsTestUnit Returning from test NewObjects_nomacro 
1572392    INFO  Test worker     d.u.i.k.p.r.RunAllProofsTestUnit Running test SimpleEvoting_nomacro 
480        INFO  Timeout watchdog d.u.i.k.p.r.p.ForkedTestFileRunner Timeout watcher launched (1000 secs.) 
500        WARN  main            d.u.i.k.s.ProofSettings   The settings in /home/runner/.key/proof-settings.props are *not* read. 
554        INFO  main            d.u.i.k.p.r.p.TestFile    Now processing file /home/runner/work/key/key/key.core/../key.ui/examples/InformationFlow/SimpleEvoting/simple_evoting.Environment(simple_evoting.Environment__untrustedOutputMessage((B)).Non-interference contract.0.key 
710        INFO  main            d.u.i.k.p.i.AbstractProblemLoader Loading environment from /home/runner/work/key/key/key.core/../key.ui/examples/InformationFlow/SimpleEvoting/simple_evoting.Environment(simple_evoting.Environment__untrustedOutputMessage((B)).Non-interference contract.0.key 
733        DEBUG main            d.u.i.k.p.i.AbstractProblemLoader Environment load took 2.99ms 
1064       INFO  main            d.u.i.k.p.i.AbstractProblemLoader Creating init config 
2175       DEBUG main            d.u.i.k.j.TypeConverter   No LDT found for Meta 
2176       DEBUG main            d.u.i.k.j.TypeConverter   No LDT found for Meta 
2177       DEBUG main            d.u.i.k.j.TypeConverter   No LDT found for Meta 
2177       DEBUG main            d.u.i.k.j.TypeConverter   No LDT found for Meta 
4071       DEBUG main            d.u.i.k.j.TypeConverter   No LDT found for JavaBigintExpression 
10826      DEBUG main            d.u.i.k.p.i.AbstractProblemLoader Init config took 9.76s 
11110      INFO  main            d.u.i.k.p.i.AbstractProblemLoader Replaying proof simple_evoting.Environment[simple_evoting.Environment::untrustedOutputMessage([B)].Non-interference contract.0 
11202      DEBUG main            d.u.i.k.p.i.IntermediateProofReplayer Proof replay took 509.3ns 
21226      INFO  main            d.u.i.k.p.r.p.TestFile    ... finished proof: closed. 
21473      INFO  main            d.u.i.k.p.r.p.TestFile    Now processing file /home/runner/work/key/key/key.core/../key.ui/examples/InformationFlow/SimpleEvoting/simple_evoting.Environment(simple_evoting.Environment__untrustedOutput(int)).Non-interference contract.0.key 
21474      INFO  main            d.u.i.k.p.i.AbstractProblemLoader Loading environment from /home/runner/work/key/key/key.core/../key.ui/examples/InformationFlow/SimpleEvoting/simple_evoting.Environment(simple_evoting.Environment__untrustedOutput(int)).Non-interference contract.0.key 
21474      DEBUG main            d.u.i.k.p.i.AbstractProblemLoader Environment load took 171.8ns 
21476      INFO  main            d.u.i.k.p.i.AbstractProblemLoader Creating init config 
26149      DEBUG main            d.u.i.k.p.i.AbstractProblemLoader Init config took 4.67s 
26243      INFO  main            d.u.i.k.p.i.AbstractProblemLoader Replaying proof simple_evoting.Environment[simple_evoting.Environment::untrustedOutput(int)].Non-interference contract.0 
26251      DEBUG main            d.u.i.k.p.i.IntermediateProofReplayer Proof replay took 16ns 
26354      INFO  main            d.u.i.k.p.r.p.TestFile    ... finished proof: closed. 
26528      INFO  main            d.u.i.k.p.r.p.TestFile    Now processing file /home/runner/work/key/key/key.core/../key.ui/examples/InformationFlow/SimpleEvoting/simple_evoting.Environment(simple_evoting.Environment__untrustedInput(int)).Non-interference contract.0.key 
26530      INFO  main            d.u.i.k.p.i.AbstractProblemLoader Loading environment from /home/runner/work/key/key/key.core/../key.ui/examples/InformationFlow/SimpleEvoting/simple_evoting.Environment(simple_evoting.Environment__untrustedInput(int)).Non-interference contract.0.key 
26530      DEBUG main            d.u.i.k.p.i.AbstractProblemLoader Environment load took 392.2ns 
26536      INFO  main            d.u.i.k.p.i.AbstractProblemLoader Creating init config 
30932      DEBUG main            d.u.i.k.p.i.AbstractProblemLoader Init config took 4.4s 
31046      INFO  main            d.u.i.k.p.i.AbstractProblemLoader Replaying proof simple_evoting.Environment[simple_evoting.Environment::untrustedInput(int)].Non-interference contract.0 
31051      DEBUG main            d.u.i.k.p.i.IntermediateProofReplayer Proof replay took 15.6ns 
31157      INFO  main            d.u.i.k.p.r.p.TestFile    ... finished proof: open goal(s) 
31358      INFO  main            d.u.i.k.p.r.p.TestFile    Now processing file /home/runner/work/key/key/key.core/../key.ui/examples/InformationFlow/SimpleEvoting/simple_evoting.Environment(simple_evoting.Environment__untrustedInput()).Non-interference contract.0.key 
31358      INFO  main            d.u.i.k.p.i.AbstractProblemLoader Loading environment from /home/runner/work/key/key/key.core/../key.ui/examples/InformationFlow/SimpleEvoting/simple_evoting.Environment(simple_evoting.Environment__untrustedInput()).Non-interference contract.0.key 
31359      DEBUG main            d.u.i.k.p.i.AbstractProblemLoader Environment load took 1.17ms 
31363      INFO  main            d.u.i.k.p.i.AbstractProblemLoader Creating init config 
35352      DEBUG main            d.u.i.k.p.i.AbstractProblemLoader Init config took 3.99s 
35452      INFO  main            d.u.i.k.p.i.AbstractProblemLoader Replaying proof simple_evoting.Environment[simple_evoting.Environment::untrustedInput()].Non-interference contract.0 
35456      DEBUG main            d.u.i.k.p.i.IntermediateProofReplayer Proof replay took 15.5ns 
35560      INFO  main            d.u.i.k.p.r.p.TestFile    ... finished proof: open goal(s) 
35721      INFO  main            d.u.i.k.p.r.p.TestFile    Now processing file /home/runner/work/key/key/key.core/../key.ui/examples/InformationFlow/SimpleEvoting/simple_evoting.SMT(simple_evoting.SMT__send(simple_evoting.Message,int,simple_evoting.Server)).Non-interference contract.1.key 
35721      INFO  main            d.u.i.k.p.i.AbstractProblemLoader Loading environment from /home/runner/work/key/key/key.core/../key.ui/examples/InformationFlow/SimpleEvoting/simple_evoting.SMT(simple_evoting.SMT__send(simple_evoting.Message,int,simple_evoting.Server)).Non-interference contract.1.key 
35722      DEBUG main            d.u.i.k.p.i.AbstractProblemLoader Environment load took 1.1ms 
35725      INFO  main            d.u.i.k.p.i.AbstractProblemLoader Creating init config 
39518      DEBUG main            d.u.i.k.p.i.AbstractProblemLoader Init config took 3.79s 
39604      INFO  main            d.u.i.k.p.i.AbstractProblemLoader Replaying proof simple_evoting.SMT[simple_evoting.SMT::send(simple_evoting.Message,int,simple_evoting.Server)].Non-interference contract.1 
39608      DEBUG main            d.u.i.k.p.i.IntermediateProofReplayer Proof replay took 14.1ns 
72804      INFO  main            d.u.i.k.p.r.p.TestFile    ... finished proof: closed. 
73125      INFO  main            d.u.i.k.p.r.p.TestFile    Now processing file /home/runner/work/key/key/key.core/../key.ui/examples/InformationFlow/SimpleEvoting/simple_evoting.SMT(simple_evoting.SMT__send(simple_evoting.Message,int,simple_evoting.Server)).Non-interference contract.0.key 
73127      INFO  main            d.u.i.k.p.i.AbstractProblemLoader Loading environment from /home/runner/work/key/key/key.core/../key.ui/examples/InformationFlow/SimpleEvoting/simple_evoting.SMT(simple_evoting.SMT__send(simple_evoting.Message,int,simple_evoting.Server)).Non-interference contract.0.key 
73127      DEBUG main            d.u.i.k.p.i.AbstractProblemLoader Environment load took 301.2ns 
73130      INFO  main            d.u.i.k.p.i.AbstractProblemLoader Creating init config 
76746      DEBUG main            d.u.i.k.p.i.AbstractProblemLoader Init config took 3.61s 
76846      INFO  main            d.u.i.k.p.i.AbstractProblemLoader Replaying proof simple_evoting.SMT[simple_evoting.SMT::send(simple_evoting.Message,int,simple_evoting.Server)].Non-interference contract.0 
76850      DEBUG main            d.u.i.k.p.i.IntermediateProofReplayer Proof replay took 30.7ns 
113970     INFO  main            d.u.i.k.p.r.p.TestFile    ... finished proof: closed. 
114293     INFO  main            d.u.i.k.p.r.p.TestFile    Now processing file /home/runner/work/key/key/key.core/../key.ui/examples/InformationFlow/SimpleEvoting/simple_evoting.NetworkClient(simple_evoting.NetworkClient__send((B,simple_evoting.Server,int)).Non-interference contract.0.key 
114294     INFO  main            d.u.i.k.p.i.AbstractProblemLoader Loading environment from /home/runner/work/key/key/key.core/../key.ui/examples/InformationFlow/SimpleEvoting/simple_evoting.NetworkClient(simple_evoting.NetworkClient__send((B,simple_evoting.Server,int)).Non-interference contract.0.key 
114294     DEBUG main            d.u.i.k.p.i.AbstractProblemLoader Environment load took 91ns 
114295     INFO  main            d.u.i.k.p.i.AbstractProblemLoader Creating init config 
117966     DEBUG main            d.u.i.k.p.i.AbstractProblemLoader Init config took 3.67s 
118044     INFO  main            d.u.i.k.p.i.AbstractProblemLoader Replaying proof simple_evoting.NetworkClient[simple_evoting.NetworkClient::send([B,simple_evoting.Server,int)].Non-interference contract.0 
118048     DEBUG main            d.u.i.k.p.i.IntermediateProofReplayer Proof replay took 14.6ns 
121684     INFO  main            d.u.i.k.p.r.p.TestFile    ... finished proof: closed. 
121924     INFO  main            d.u.i.k.p.r.p.TestFile    Now processing file /home/runner/work/key/key/key.core/../key.ui/examples/InformationFlow/SimpleEvoting/simple_evoting.Voter(simple_evoting.Voter__onSendBallot(simple_evoting.Server)).Non-interference contract.1.key 
121924     INFO  main            d.u.i.k.p.i.AbstractProblemLoader Loading environment from /home/runner/work/key/key/key.core/../key.ui/examples/InformationFlow/SimpleEvoting/simple_evoting.Voter(simple_evoting.Voter__onSendBallot(simple_evoting.Server)).Non-interference contract.1.key 
121924     DEBUG main            d.u.i.k.p.i.AbstractProblemLoader Environment load took 119.5ns 
121928     INFO  main            d.u.i.k.p.i.AbstractProblemLoader Creating init config 
125593     DEBUG main            d.u.i.k.p.i.AbstractProblemLoader Init config took 3.67s 
125665     INFO  main            d.u.i.k.p.i.AbstractProblemLoader Replaying proof simple_evoting.Voter[simple_evoting.Voter::onSendBallot(simple_evoting.Server)].Non-interference contract.1 
125670     DEBUG main            d.u.i.k.p.i.IntermediateProofReplayer Proof replay took 32.4ns 
138433     INFO  main            d.u.i.k.p.r.p.TestFile    ... finished proof: closed. 
138679     INFO  main            d.u.i.k.p.r.p.TestFile    Now processing file /home/runner/work/key/key/key.core/../key.ui/examples/InformationFlow/SimpleEvoting/simple_evoting.Voter(simple_evoting.Voter__onSendBallot(simple_evoting.Server)).Non-interference contract.0.key 
138679     INFO  main            d.u.i.k.p.i.AbstractProblemLoader Loading environment from /home/runner/work/key/key/key.core/../key.ui/examples/InformationFlow/SimpleEvoting/simple_evoting.Voter(simple_evoting.Voter__onSendBallot(simple_evoting.Server)).Non-interference contract.0.key 
138680     DEBUG main            d.u.i.k.p.i.AbstractProblemLoader Environment load took 89.2ns 
138681     INFO  main            d.u.i.k.p.i.AbstractProblemLoader Creating init config 
142283     DEBUG main            d.u.i.k.p.i.AbstractProblemLoader Init config took 3.6s 
142352     INFO  main            d.u.i.k.p.i.AbstractProblemLoader Replaying proof simple_evoting.Voter[simple_evoting.Voter::onSendBallot(simple_evoting.Server)].Non-interference contract.0 
142355     DEBUG main            d.u.i.k.p.i.IntermediateProofReplayer Proof replay took 14.4ns 
156918     INFO  main            d.u.i.k.p.r.p.TestFile    ... finished proof: closed. 
1729831    INFO  Test worker     d.u.i.k.p.r.RunAllProofsTestUnit Returning from test SimpleEvoting_nomacro 
1729832    INFO  Test worker     d.u.i.k.p.r.RunAllProofsTestUnit Running test ToyVoting_fullmacro 
392        INFO  Timeout watchdog d.u.i.k.p.r.p.ForkedTestFileRunner Timeout watcher launched (1000 secs.) 
408        WARN  main            d.u.i.k.s.ProofSettings   The settings in /home/runner/.key/proof-settings.props are *not* read. 
435        INFO  main            d.u.i.k.p.r.p.TestFile    Now processing file /home/runner/work/key/key/key.core/../key.ui/examples/InformationFlow/ToyVoting/Voter(Voter__insecure_voting()).Non-interference contract.0.m.key 
594        INFO  main            d.u.i.k.p.i.AbstractProblemLoader Loading environment from /home/runner/work/key/key/key.core/../key.ui/examples/InformationFlow/ToyVoting/Voter(Voter__insecure_voting()).Non-interference contract.0.m.key 
629        DEBUG main            d.u.i.k.p.i.AbstractProblemLoader Environment load took 2.76ms 
941        INFO  main            d.u.i.k.p.i.AbstractProblemLoader Creating init config 
2119       DEBUG main            d.u.i.k.j.TypeConverter   No LDT found for Meta 
2120       DEBUG main            d.u.i.k.j.TypeConverter   No LDT found for Meta 
2124       DEBUG main            d.u.i.k.j.TypeConverter   No LDT found for Meta 
2125       DEBUG main            d.u.i.k.j.TypeConverter   No LDT found for Meta 
3794       DEBUG main            d.u.i.k.j.TypeConverter   No LDT found for JavaBigintExpression 
9771       DEBUG main            d.u.i.k.p.i.AbstractProblemLoader Init config took 8.83s 
9960       INFO  main            d.u.i.k.p.i.AbstractProblemLoader Replaying proof Voter[Voter::insecure_voting()].Non-interference contract.0 
10073      DEBUG main            d.u.i.k.p.i.IntermediateProofReplayer Proof replay took 479.2ns 
10178      DEBUG main            d.u.i.k.m.s.ProofScriptEngine [1] goal: 0, source line: 51, command: 'macro 'infflow-autopilot'' 
10568      DEBUG main            d.u.i.k.p.m.ProofCorrectnessMgt No justification found for rule Class_invariant_axiom_for_Voter 
10706      DEBUG main            d.u.i.k.p.m.ProofCorrectnessMgt No justification found for rule Class_invariant_axiom_for_Voter 
10715      DEBUG main            d.u.i.k.p.m.ProofCorrectnessMgt No justification found for rule Class_invariant_axiom_for_Voter 
11022      DEBUG main            d.u.i.k.p.m.ProofCorrectnessMgt No justification found for rule Class_invariant_axiom_for_Voter 
11025      DEBUG main            d.u.i.k.p.m.ProofCorrectnessMgt No justification found for rule Class_invariant_axiom_for_Voter 
11097      DEBUG main            d.u.i.k.p.m.ProofCorrectnessMgt No justification found for rule Class_invariant_axiom_for_Voter 
11102      DEBUG main            d.u.i.k.p.m.ProofCorrectnessMgt No justification found for rule Class_invariant_axiom_for_Voter 
11224      DEBUG main            d.u.i.k.p.m.ProofCorrectnessMgt No justification found for rule Class_invariant_axiom_for_Voter 
11226      DEBUG main            d.u.i.k.p.m.ProofCorrectnessMgt No justification found for rule Class_invariant_axiom_for_Voter 
11403      DEBUG main            d.u.i.k.p.m.ProofCorrectnessMgt No justification found for rule Class_invariant_axiom_for_Voter 
11405      DEBUG main            d.u.i.k.p.m.ProofCorrectnessMgt No justification found for rule Class_invariant_axiom_for_Voter 
11524      DEBUG main            d.u.i.k.p.m.ProofCorrectnessMgt No justification found for rule Class_invariant_axiom_for_Voter 
11526      DEBUG main            d.u.i.k.p.m.ProofCorrectnessMgt No justification found for rule Class_invariant_axiom_for_Voter 
11585      DEBUG main            d.u.i.k.p.m.ProofCorrectnessMgt No justification found for rule Class_invariant_axiom_for_Voter 
11587      DEBUG main            d.u.i.k.p.m.ProofCorrectnessMgt No justification found for rule Class_invariant_axiom_for_Voter 
11717      DEBUG main            d.u.i.k.p.m.ProofCorrectnessMgt No justification found for rule Class_invariant_axiom_for_Voter 
11738      DEBUG main            d.u.i.k.p.m.ProofCorrectnessMgt No justification found for rule Class_invariant_axiom_for_Voter 
11838      DEBUG main            d.u.i.k.p.m.ProofCorrectnessMgt No justification found for rule Class_invariant_axiom_for_Voter 
11861      DEBUG main            d.u.i.k.p.m.ProofCorrectnessMgt No justification found for rule Class_invariant_axiom_for_Voter 
11963      DEBUG main            d.u.i.k.p.m.ProofCorrectnessMgt No justification found for rule Class_invariant_axiom_for_Voter 
11990      DEBUG main            d.u.i.k.p.m.ProofCorrectnessMgt No justification found for rule Class_invariant_axiom_for_Voter 
12004      DEBUG main            d.u.i.k.p.m.ProofCorrectnessMgt No justification found for rule Class_invariant_axiom_for_Voter 
38298      INFO  main            d.u.i.k.p.r.p.TestFile    ... finished proof: open goal(s) 
38540      INFO  main            d.u.i.k.p.r.p.TestFile    Now processing file /home/runner/work/key/key/key.core/../key.ui/examples/InformationFlow/ToyVoting/Voter(Voter__publishVoterParticipation()).Non-interference contract.0.m.key 
38541      INFO  main            d.u.i.k.p.i.AbstractProblemLoader Loading environment from /home/runner/work/key/key/key.core/../key.ui/examples/InformationFlow/ToyVoting/Voter(Voter__publishVoterParticipation()).Non-interference contract.0.m.key 
38541      DEBUG main            d.u.i.k.p.i.AbstractProblemLoader Environment load took 251.5ns 
38547      INFO  main            d.u.i.k.p.i.AbstractProblemLoader Creating init config 
41984      DEBUG main            d.u.i.k.p.i.AbstractProblemLoader Init config took 3.44s 
42072      INFO  main            d.u.i.k.p.i.AbstractProblemLoader Replaying proof Voter[Voter::publishVoterParticipation()].Non-interference contract.0 
42078      DEBUG main            d.u.i.k.p.i.IntermediateProofReplayer Proof replay took 13.8ns 
42079      DEBUG main            d.u.i.k.m.s.ProofScriptEngine [1] goal: 0, source line: 51, command: 'macro 'infflow-autopilot'' 
42143      DEBUG main            d.u.i.k.p.m.ProofCorrectnessMgt No justification found for rule Class_invariant_axiom_for_Voter 
42332      INFO  main            d.u.i.k.p.r.p.TestFile    ... finished proof: closed. 
42601      INFO  main            d.u.i.k.p.r.p.TestFile    Now processing file /home/runner/work/key/key/key.core/../key.ui/examples/InformationFlow/ToyVoting/Voter(Voter__isValid(int)).Non-interference contract.0.m.key 
42602      INFO  main            d.u.i.k.p.i.AbstractProblemLoader Loading environment from /home/runner/work/key/key/key.core/../key.ui/examples/InformationFlow/ToyVoting/Voter(Voter__isValid(int)).Non-interference contract.0.m.key 
42602      DEBUG main            d.u.i.k.p.i.AbstractProblemLoader Environment load took 116.9ns 
42603      INFO  main            d.u.i.k.p.i.AbstractProblemLoader Creating init config 
45815      DEBUG main            d.u.i.k.p.i.AbstractProblemLoader Init config took 3.21s 
45881      INFO  main            d.u.i.k.p.i.AbstractProblemLoader Replaying proof Voter[Voter::isValid(int)].Non-interference contract.0 
45886      DEBUG main            d.u.i.k.p.i.IntermediateProofReplayer Proof replay took 14.6ns 
45887      DEBUG main            d.u.i.k.m.s.ProofScriptEngine [1] goal: 0, source line: 51, command: 'macro 'infflow-autopilot'' 
45946      DEBUG main            d.u.i.k.p.m.ProofCorrectnessMgt No justification found for rule Class_invariant_axiom_for_Voter 
46263      INFO  main            d.u.i.k.p.r.p.TestFile    ... finished proof: closed. 
46465      INFO  main            d.u.i.k.p.r.p.TestFile    Now processing file /home/runner/work/key/key/key.core/../key.ui/examples/InformationFlow/ToyVoting/Voter(Voter__sendVote(int)).Non-interference contract.0.m.key 
46465      INFO  main            d.u.i.k.p.i.AbstractProblemLoader Loading environment from /home/runner/work/key/key/key.core/../key.ui/examples/InformationFlow/ToyVoting/Voter(Voter__sendVote(int)).Non-interference contract.0.m.key 
46465      DEBUG main            d.u.i.k.p.i.AbstractProblemLoader Environment load took 98.9ns 
46468      INFO  main            d.u.i.k.p.i.AbstractProblemLoader Creating init config 
49598      DEBUG main            d.u.i.k.p.i.AbstractProblemLoader Init config took 3.13s 
49691      INFO  main            d.u.i.k.p.i.AbstractProblemLoader Replaying proof Voter[Voter::sendVote(int)].Non-interference contract.0 
49695      DEBUG main            d.u.i.k.p.i.IntermediateProofReplayer Proof replay took 16.1ns 
49696      DEBUG main            d.u.i.k.m.s.ProofScriptEngine [1] goal: 0, source line: 51, command: 'macro 'infflow-autopilot'' 
49747      DEBUG main            d.u.i.k.p.m.ProofCorrectnessMgt No justification found for rule Class_invariant_axiom_for_Voter 
50045      INFO  main            d.u.i.k.p.r.p.TestFile    ... finished proof: closed. 
50233      INFO  main            d.u.i.k.p.r.p.TestFile    Now processing file /home/runner/work/key/key/key.core/../key.ui/examples/InformationFlow/ToyVoting/Voter(Voter__inputVote()).Non-interference contract.0.m.key 
50233      INFO  main            d.u.i.k.p.i.AbstractProblemLoader Loading environment from /home/runner/work/key/key/key.core/../key.ui/examples/InformationFlow/ToyVoting/Voter(Voter__inputVote()).Non-interference contract.0.m.key 
50233      DEBUG main            d.u.i.k.p.i.AbstractProblemLoader Environment load took 83.5ns 
50237      INFO  main            d.u.i.k.p.i.AbstractProblemLoader Creating init config 
53371      DEBUG main            d.u.i.k.p.i.AbstractProblemLoader Init config took 3.13s 
53424      INFO  main            d.u.i.k.p.i.AbstractProblemLoader Replaying proof Voter[Voter::inputVote()].Non-interference contract.0 
53427      DEBUG main            d.u.i.k.p.i.IntermediateProofReplayer Proof replay took 29.5ns 
53428      DEBUG main            d.u.i.k.m.s.ProofScriptEngine [1] goal: 0, source line: 51, command: 'macro 'infflow-autopilot'' 
53477      DEBUG main            d.u.i.k.p.m.ProofCorrectnessMgt No justification found for rule Class_invariant_axiom_for_Voter 
53608      INFO  main            d.u.i.k.p.r.p.TestFile    ... finished proof: closed. 
53813      INFO  main            d.u.i.k.p.r.p.TestFile    Now processing file /home/runner/work/key/key/key.core/../key.ui/examples/InformationFlow/ToyVoting/Voter(Voter__secure_voting()).Non-interference contract.0.m.key 
53813      INFO  main            d.u.i.k.p.i.AbstractProblemLoader Loading environment from /home/runner/work/key/key/key.core/../key.ui/examples/InformationFlow/ToyVoting/Voter(Voter__secure_voting()).Non-interference contract.0.m.key 
53813      DEBUG main            d.u.i.k.p.i.AbstractProblemLoader Environment load took 90.2ns 
53815      INFO  main            d.u.i.k.p.i.AbstractProblemLoader Creating init config 
56865      DEBUG main            d.u.i.k.p.i.AbstractProblemLoader Init config took 3.05s 
56917      INFO  main            d.u.i.k.p.i.AbstractProblemLoader Replaying proof Voter[Voter::secure_voting()].Non-interference contract.0 
56920      DEBUG main            d.u.i.k.p.i.IntermediateProofReplayer Proof replay took 16.1ns 
56921      DEBUG main            d.u.i.k.m.s.ProofScriptEngine [1] goal: 0, source line: 51, command: 'macro 'infflow-autopilot'' 
56976      DEBUG main            d.u.i.k.p.m.ProofCorrectnessMgt No justification found for rule Class_invariant_axiom_for_Voter 
57082      DEBUG main            d.u.i.k.p.m.ProofCorrectnessMgt No justification found for rule Class_invariant_axiom_for_Voter 
57142      DEBUG main            d.u.i.k.p.m.ProofCorrectnessMgt No justification found for rule Class_invariant_axiom_for_Voter 
57143      DEBUG main            d.u.i.k.p.m.ProofCorrectnessMgt No justification found for rule Class_invariant_axiom_for_Voter 
57231      DEBUG main            d.u.i.k.p.m.ProofCorrectnessMgt No justification found for rule Class_invariant_axiom_for_Voter 
57397      DEBUG main            d.u.i.k.p.m.ProofCorrectnessMgt No justification found for rule Class_invariant_axiom_for_Voter 
57399      DEBUG main            d.u.i.k.p.m.ProofCorrectnessMgt No justification found for rule Class_invariant_axiom_for_Voter 
57700      DEBUG main            d.u.i.k.p.m.ProofCorrectnessMgt No justification found for rule Class_invariant_axiom_for_Voter 
57820      DEBUG main            d.u.i.k.p.m.ProofCorrectnessMgt No justification found for rule Class_invariant_axiom_for_Voter 
57825      DEBUG main            d.u.i.k.p.m.ProofCorrectnessMgt No justification found for rule Class_invariant_axiom_for_Voter 
57848      DEBUG main            d.u.i.k.p.m.ProofCorrectnessMgt No justification found for rule Class_invariant_axiom_for_Voter 
57952      DEBUG main            d.u.i.k.p.m.ProofCorrectnessMgt No justification found for rule Class_invariant_axiom_for_Voter 
57956      DEBUG main            d.u.i.k.p.m.ProofCorrectnessMgt No justification found for rule Class_invariant_axiom_for_Voter 
59153      DEBUG main            d.u.i.k.p.m.ProofCorrectnessMgt No justification found for rule Class_invariant_axiom_for_Voter 
59157      DEBUG main            d.u.i.k.p.m.ProofCorrectnessMgt No justification found for rule Class_invariant_axiom_for_Voter 
59276      DEBUG main            d.u.i.k.p.m.ProofCorrectnessMgt No justification found for rule Class_invariant_axiom_for_Voter 
59278      DEBUG main            d.u.i.k.p.m.ProofCorrectnessMgt No justification found for rule Class_invariant_axiom_for_Voter 
59328      DEBUG main            d.u.i.k.p.m.ProofCorrectnessMgt No justification found for rule Class_invariant_axiom_for_Voter 
59331      DEBUG main            d.u.i.k.p.m.ProofCorrectnessMgt No justification found for rule Class_invariant_axiom_for_Voter 
59391      DEBUG main            d.u.i.k.p.m.ProofCorrectnessMgt No justification found for rule Class_invariant_axiom_for_Voter 
59483      DEBUG main            d.u.i.k.p.m.ProofCorrectnessMgt No justification found for rule Class_invariant_axiom_for_Voter 
59584      DEBUG main            d.u.i.k.p.m.ProofCorrectnessMgt No justification found for rule Class_invariant_axiom_for_Voter 
59585      DEBUG main            d.u.i.k.p.m.ProofCorrectnessMgt No justification found for rule Class_invariant_axiom_for_Voter 
60153      DEBUG main            d.u.i.k.p.m.ProofCorrectnessMgt No justification found for rule Class_invariant_axiom_for_Voter 
60185      DEBUG main            d.u.i.k.p.m.ProofCorrectnessMgt No justification found for rule Class_invariant_axiom_for_Voter 
60187      DEBUG main            d.u.i.k.p.m.ProofCorrectnessMgt No justification found for rule Class_invariant_axiom_for_Voter 
60203      DEBUG main            d.u.i.k.p.m.ProofCorrectnessMgt No justification found for rule Class_invariant_axiom_for_Voter 
60235      DEBUG main            d.u.i.k.p.m.ProofCorrectnessMgt No justification found for rule Class_invariant_axiom_for_Voter 
60238      DEBUG main            d.u.i.k.p.m.ProofCorrectnessMgt No justification found for rule Class_invariant_axiom_for_Voter 
60272      DEBUG main            d.u.i.k.p.m.ProofCorrectnessMgt No justification found for rule Class_invariant_axiom_for_Voter 
60312      DEBUG main            d.u.i.k.p.m.ProofCorrectnessMgt No justification found for rule Class_invariant_axiom_for_Voter 
60314      DEBUG main            d.u.i.k.p.m.ProofCorrectnessMgt No justification found for rule Class_invariant_axiom_for_Voter 
60418      DEBUG main            d.u.i.k.p.m.ProofCorrectnessMgt No justification found for rule Class_invariant_axiom_for_Voter 
60460      DEBUG main            d.u.i.k.p.m.ProofCorrectnessMgt No justification found for rule Class_invariant_axiom_for_Voter 
60463      DEBUG main            d.u.i.k.p.m.ProofCorrectnessMgt No justification found for rule Class_invariant_axiom_for_Voter 
60704      DEBUG main            d.u.i.k.p.m.ProofCorrectnessMgt No justification found for rule Class_invariant_axiom_for_Voter 
60708      DEBUG main            d.u.i.k.p.m.ProofCorrectnessMgt No justification found for rule Class_invariant_axiom_for_Voter 
60870      DEBUG main            d.u.i.k.p.m.ProofCorrectnessMgt No justification found for rule Class_invariant_axiom_for_Voter 
60873      DEBUG main            d.u.i.k.p.m.ProofCorrectnessMgt No justification found for rule Class_invariant_axiom_for_Voter 
61013      DEBUG main            d.u.i.k.p.m.ProofCorrectnessMgt No justification found for rule Class_invariant_axiom_for_Voter 
61017      DEBUG main            d.u.i.k.p.m.ProofCorrectnessMgt No justification found for rule Class_invariant_axiom_for_Voter 
61101      DEBUG main            d.u.i.k.p.m.ProofCorrectnessMgt No justification found for rule Class_invariant_axiom_for_Voter 
61106      DEBUG main            d.u.i.k.p.m.ProofCorrectnessMgt No justification found for rule Class_invariant_axiom_for_Voter 
61166      DEBUG main            d.u.i.k.p.m.ProofCorrectnessMgt No justification found for rule Class_invariant_axiom_for_Voter 
61170      DEBUG main            d.u.i.k.p.m.ProofCorrectnessMgt No justification found for rule Class_invariant_axiom_for_Voter 
61298      DEBUG main            d.u.i.k.p.m.ProofCorrectnessMgt No justification found for rule Class_invariant_axiom_for_Voter 
61304      DEBUG main            d.u.i.k.p.m.ProofCorrectnessMgt No justification found for rule Class_invariant_axiom_for_Voter 
61410      DEBUG main            d.u.i.k.p.m.ProofCorrectnessMgt No justification found for rule Class_invariant_axiom_for_Voter 
61413      DEBUG main            d.u.i.k.p.m.ProofCorrectnessMgt No justification found for rule Class_invariant_axiom_for_Voter 
61557      DEBUG main            d.u.i.k.p.m.ProofCorrectnessMgt No justification found for rule Class_invariant_axiom_for_Voter 
61672      DEBUG main            d.u.i.k.p.m.ProofCorrectnessMgt No justification found for rule Class_invariant_axiom_for_Voter 
61673      DEBUG main            d.u.i.k.p.m.ProofCorrectnessMgt No justification found for rule Class_invariant_axiom_for_Voter 
61725      DEBUG main            d.u.i.k.p.m.ProofCorrectnessMgt No justification found for rule Class_invariant_axiom_for_Voter 
61728      DEBUG main            d.u.i.k.p.m.ProofCorrectnessMgt No justification found for rule Class_invariant_axiom_for_Voter 
61783      DEBUG main            d.u.i.k.p.m.ProofCorrectnessMgt No justification found for rule Class_invariant_axiom_for_Voter 
61784      DEBUG main            d.u.i.k.p.m.ProofCorrectnessMgt No justification found for rule Class_invariant_axiom_for_Voter 
61814      DEBUG main            d.u.i.k.p.m.ProofCorrectnessMgt No justification found for rule Class_invariant_axiom_for_Voter 
61843      DEBUG main            d.u.i.k.p.m.ProofCorrectnessMgt No justification found for rule Class_invariant_axiom_for_Voter 
61849      DEBUG main            d.u.i.k.p.m.ProofCorrectnessMgt No justification found for rule Class_invariant_axiom_for_Voter 
62512      DEBUG main            d.u.i.k.p.m.ProofCorrectnessMgt No justification found for rule Class_invariant_axiom_for_Voter 
62515      DEBUG main            d.u.i.k.p.m.ProofCorrectnessMgt No justification found for rule Class_invariant_axiom_for_Voter 
62518      DEBUG main            d.u.i.k.p.m.ProofCorrectnessMgt No justification found for rule Class_invariant_axiom_for_Voter 
62522      DEBUG main            d.u.i.k.p.m.ProofCorrectnessMgt No justification found for rule Class_invariant_axiom_for_Voter 
62766      DEBUG main            d.u.i.k.p.m.ProofCorrectnessMgt No justification found for rule Class_invariant_axiom_for_Voter 
62770      DEBUG main            d.u.i.k.p.m.ProofCorrectnessMgt No justification found for rule Class_invariant_axiom_for_Voter 
62884      DEBUG main            d.u.i.k.p.m.ProofCorrectnessMgt No justification found for rule Class_invariant_axiom_for_Voter 
62887      DEBUG main            d.u.i.k.p.m.ProofCorrectnessMgt No justification found for rule Class_invariant_axiom_for_Voter 
63029      DEBUG main            d.u.i.k.p.m.ProofCorrectnessMgt No justification found for rule Class_invariant_axiom_for_Voter 
63032      DEBUG main            d.u.i.k.p.m.ProofCorrectnessMgt No justification found for rule Class_invariant_axiom_for_Voter 
63164      DEBUG main            d.u.i.k.p.m.ProofCorrectnessMgt No justification found for rule Class_invariant_axiom_for_Voter 
63167      DEBUG main            d.u.i.k.p.m.ProofCorrectnessMgt No justification found for rule Class_invariant_axiom_for_Voter 
63304      DEBUG main            d.u.i.k.p.m.ProofCorrectnessMgt No justification found for rule Class_invariant_axiom_for_Voter 
63308      DEBUG main            d.u.i.k.p.m.ProofCorrectnessMgt No justification found for rule Class_invariant_axiom_for_Voter 
63366      DEBUG main            d.u.i.k.p.m.ProofCorrectnessMgt No justification found for rule Class_invariant_axiom_for_Voter 
63368      DEBUG main            d.u.i.k.p.m.ProofCorrectnessMgt No justification found for rule Class_invariant_axiom_for_Voter 
63543      DEBUG main            d.u.i.k.p.m.ProofCorrectnessMgt No justification found for rule Class_invariant_axiom_for_Voter 
63549      DEBUG main            d.u.i.k.p.m.ProofCorrectnessMgt No justification found for rule Class_invariant_axiom_for_Voter 
63654      DEBUG main            d.u.i.k.p.m.ProofCorrectnessMgt No justification found for rule Class_invariant_axiom_for_Voter 
63657      DEBUG main            d.u.i.k.p.m.ProofCorrectnessMgt No justification found for rule Class_invariant_axiom_for_Voter 
63843      DEBUG main            d.u.i.k.p.m.ProofCorrectnessMgt No justification found for rule Class_invariant_axiom_for_Voter 
63847      DEBUG main            d.u.i.k.p.m.ProofCorrectnessMgt No justification found for rule Class_invariant_axiom_for_Voter 
64048      DEBUG main            d.u.i.k.p.m.ProofCorrectnessMgt No justification found for rule Class_invariant_axiom_for_Voter 
64051      DEBUG main            d.u.i.k.p.m.ProofCorrectnessMgt No justification found for rule Class_invariant_axiom_for_Voter 
64102      DEBUG main            d.u.i.k.p.m.ProofCorrectnessMgt No justification found for rule Class_invariant_axiom_for_Voter 
64105      DEBUG main            d.u.i.k.p.m.ProofCorrectnessMgt No justification found for rule Class_invariant_axiom_for_Voter 
65176      DEBUG main            d.u.i.k.p.m.ProofCorrectnessMgt No justification found for rule Class_invariant_axiom_for_Voter 
65181      DEBUG main            d.u.i.k.p.m.ProofCorrectnessMgt No justification found for rule Class_invariant_axiom_for_Voter 
65621      DEBUG main            d.u.i.k.p.m.ProofCorrectnessMgt No justification found for rule Class_invariant_axiom_for_Voter 
65624      DEBUG main            d.u.i.k.p.m.ProofCorrectnessMgt No justification found for rule Class_invariant_axiom_for_Voter 
65858      DEBUG main            d.u.i.k.p.m.ProofCorrectnessMgt No justification found for rule Class_invariant_axiom_for_Voter 
65860      DEBUG main            d.u.i.k.p.m.ProofCorrectnessMgt No justification found for rule Class_invariant_axiom_for_Voter 
66253      DEBUG main            d.u.i.k.p.m.ProofCorrectnessMgt No justification found for rule Class_invariant_axiom_for_Voter 
66256      DEBUG main            d.u.i.k.p.m.ProofCorrectnessMgt No justification found for rule Class_invariant_axiom_for_Voter 
66477      DEBUG main            d.u.i.k.p.m.ProofCorrectnessMgt No justification found for rule Class_invariant_axiom_for_Voter 
66480      DEBUG main            d.u.i.k.p.m.ProofCorrectnessMgt No justification found for rule Class_invariant_axiom_for_Voter 
66669      DEBUG main            d.u.i.k.p.m.ProofCorrectnessMgt No justification found for rule Class_invariant_axiom_for_Voter 
66672      DEBUG main            d.u.i.k.p.m.ProofCorrectnessMgt No justification found for rule Class_invariant_axiom_for_Voter 
66875      DEBUG main            d.u.i.k.p.m.ProofCorrectnessMgt No justification found for rule Class_invariant_axiom_for_Voter 
66877      DEBUG main            d.u.i.k.p.m.ProofCorrectnessMgt No justification found for rule Class_invariant_axiom_for_Voter 
67065      DEBUG main            d.u.i.k.p.m.ProofCorrectnessMgt No justification found for rule Class_invariant_axiom_for_Voter 
67068      DEBUG main            d.u.i.k.p.m.ProofCorrectnessMgt No justification found for rule Class_invariant_axiom_for_Voter 
67206      DEBUG main            d.u.i.k.p.m.ProofCorrectnessMgt No justification found for rule Class_invariant_axiom_for_Voter 
67208      DEBUG main            d.u.i.k.p.m.ProofCorrectnessMgt No justification found for rule Class_invariant_axiom_for_Voter 
68530      INFO  main            d.u.i.k.p.r.p.TestFile    ... finished proof: closed. 
1798866    INFO  Test worker     d.u.i.k.p.r.RunAllProofsTestUnit Returning from test ToyVoting_fullmacro 
1798868    INFO  Test worker     d.u.i.k.p.r.RunAllProofsTestUnit Running test SumExample_fullmacro 
439        INFO  Timeout watchdog d.u.i.k.p.r.p.ForkedTestFileRunner Timeout watcher launched (1000 secs.) 
463        WARN  main            d.u.i.k.s.ProofSettings   The settings in /home/runner/.key/proof-settings.props are *not* read. 
494        INFO  main            d.u.i.k.p.r.p.TestFile    Now processing file /home/runner/work/key/key/key.core/../key.ui/examples/InformationFlow/Sum/SumExample(SumExample__getSum()).Non-interference contract.0.m.key 
673        INFO  main            d.u.i.k.p.i.AbstractProblemLoader Loading environment from /home/runner/work/key/key/key.core/../key.ui/examples/InformationFlow/Sum/SumExample(SumExample__getSum()).Non-interference contract.0.m.key 
695        DEBUG main            d.u.i.k.p.i.AbstractProblemLoader Environment load took 2.87ms 
1009       INFO  main            d.u.i.k.p.i.AbstractProblemLoader Creating init config 
2369       DEBUG main            d.u.i.k.j.TypeConverter   No LDT found for Meta 
2369       DEBUG main            d.u.i.k.j.TypeConverter   No LDT found for Meta 
2371       DEBUG main            d.u.i.k.j.TypeConverter   No LDT found for Meta 
2372       DEBUG main            d.u.i.k.j.TypeConverter   No LDT found for Meta 
4330       DEBUG main            d.u.i.k.j.TypeConverter   No LDT found for JavaBigintExpression 
9933       DEBUG main            d.u.i.k.p.i.AbstractProblemLoader Init config took 8.92s 
10091      INFO  main            d.u.i.k.p.i.AbstractProblemLoader Replaying proof SumExample[SumExample::getSum()].Non-interference contract.0 
10177      DEBUG main            d.u.i.k.p.i.IntermediateProofReplayer Proof replay took 514.3ns 
10276      DEBUG main            d.u.i.k.m.s.ProofScriptEngine [1] goal: 0, source line: 51, command: 'macro 'infflow-autopilot'' 
10735      DEBUG main            d.u.i.k.p.m.ProofCorrectnessMgt No justification found for rule Class_invariant_axiom_for_SumExample 
12969      INFO  main            d.u.i.k.p.r.p.TestFile    ... finished proof: closed. 
1812214    INFO  Test worker     d.u.i.k.p.r.RunAllProofsTestUnit Returning from test SumExample_fullmacro 
1812215    INFO  Test worker     d.u.i.k.p.r.RunAllProofsTestUnit Running test ToyBanking_fullmacro 
469        INFO  Timeout watchdog d.u.i.k.p.r.p.ForkedTestFileRunner Timeout watcher launched (1000 secs.) 
493        WARN  main            d.u.i.k.s.ProofSettings   The settings in /home/runner/.key/proof-settings.props are *not* read. 
541        INFO  main            d.u.i.k.p.r.p.TestFile    Now processing file /home/runner/work/key/key/key.core/../key.ui/examples/InformationFlow/ToyBanking/banking_example.UserAccount(banking_example.UserAccount__getBankAccount(int)).Non-interference contract.0.m.key 
715        INFO  main            d.u.i.k.p.i.AbstractProblemLoader Loading environment from /home/runner/work/key/key/key.core/../key.ui/examples/InformationFlow/ToyBanking/banking_example.UserAccount(banking_example.UserAccount__getBankAccount(int)).Non-interference contract.0.m.key 
740        DEBUG main            d.u.i.k.p.i.AbstractProblemLoader Environment load took 2.89ms 
1023       INFO  main            d.u.i.k.p.i.AbstractProblemLoader Creating init config 
2161       DEBUG main            d.u.i.k.j.TypeConverter   No LDT found for Meta 
2162       DEBUG main            d.u.i.k.j.TypeConverter   No LDT found for Meta 
2165       DEBUG main            d.u.i.k.j.TypeConverter   No LDT found for Meta 
2165       DEBUG main            d.u.i.k.j.TypeConverter   No LDT found for Meta 
3962       DEBUG main            d.u.i.k.j.TypeConverter   No LDT found for JavaBigintExpression 
10487      DEBUG main            d.u.i.k.p.i.AbstractProblemLoader Init config took 9.46s 
10690      INFO  main            d.u.i.k.p.i.AbstractProblemLoader Replaying proof banking_example.UserAccount[banking_example.UserAccount::getBankAccount(int)].Non-interference contract.0 
10817      DEBUG main            d.u.i.k.p.i.IntermediateProofReplayer Proof replay took 446.3ns 
10929      DEBUG main            d.u.i.k.m.s.ProofScriptEngine [1] goal: 0, source line: 51, command: 'macro 'infflow-autopilot'' 
11402      DEBUG main            d.u.i.k.p.m.ProofCorrectnessMgt No justification found for rule Class_invariant_axiom_for_banking_example_UserAccount 
15997      INFO  main            d.u.i.k.p.r.p.TestFile    ... finished proof: closed. 
16218      INFO  main            d.u.i.k.p.r.p.TestFile    Now processing file /home/runner/work/key/key/key.core/../key.ui/examples/InformationFlow/ToyBanking/banking_example.UserAccount(banking_example.UserAccount__tryLogin(int,(C)).Non-interference contract.0.m.key 
16219      INFO  main            d.u.i.k.p.i.AbstractProblemLoader Loading environment from /home/runner/work/key/key/key.core/../key.ui/examples/InformationFlow/ToyBanking/banking_example.UserAccount(banking_example.UserAccount__tryLogin(int,(C)).Non-interference contract.0.m.key 
16219      DEBUG main            d.u.i.k.p.i.AbstractProblemLoader Environment load took 340.7ns 
16223      INFO  main            d.u.i.k.p.i.AbstractProblemLoader Creating init config 
19878      DEBUG main            d.u.i.k.p.i.AbstractProblemLoader Init config took 3.65s 
20012      INFO  main            d.u.i.k.p.i.AbstractProblemLoader Replaying proof banking_example.UserAccount[banking_example.UserAccount::tryLogin(int,[C)].Non-interference contract.0 
20017      DEBUG main            d.u.i.k.p.i.IntermediateProofReplayer Proof replay took 14.3ns 
20018      DEBUG main            d.u.i.k.m.s.ProofScriptEngine [1] goal: 0, source line: 51, command: 'macro 'infflow-autopilot'' 
20101      DEBUG main            d.u.i.k.p.m.ProofCorrectnessMgt No justification found for rule Class_invariant_axiom_for_banking_example_UserAccount 
78880      INFO  main            d.u.i.k.p.r.p.TestFile    ... finished proof: closed. 
79273      INFO  main            d.u.i.k.p.r.p.TestFile    Now processing file /home/runner/work/key/key/key.core/../key.ui/examples/InformationFlow/ToyBanking/banking_example.BankAccount(banking_example.BankAccount__depositMoney(int)).Non-interference contract.0.m.key 
79274      INFO  main            d.u.i.k.p.i.AbstractProblemLoader Loading environment from /home/runner/work/key/key/key.core/../key.ui/examples/InformationFlow/ToyBanking/banking_example.BankAccount(banking_example.BankAccount__depositMoney(int)).Non-interference contract.0.m.key 
79280      DEBUG main            d.u.i.k.p.i.AbstractProblemLoader Environment load took 5.57ms 
79282      INFO  main            d.u.i.k.p.i.AbstractProblemLoader Creating init config 
82903      DEBUG main            d.u.i.k.p.i.AbstractProblemLoader Init config took 3.62s 
82985      INFO  main            d.u.i.k.p.i.AbstractProblemLoader Replaying proof banking_example.BankAccount[banking_example.BankAccount::depositMoney(int)].Non-interference contract.0 
82989      DEBUG main            d.u.i.k.p.i.IntermediateProofReplayer Proof replay took 63.2ns 
82990      DEBUG main            d.u.i.k.m.s.ProofScriptEngine [1] goal: 0, source line: 51, command: 'macro 'infflow-autopilot'' 
83043      DEBUG main            d.u.i.k.p.m.ProofCorrectnessMgt No justification found for rule Class_invariant_axiom_for_banking_example_BankAccount 
83686      INFO  main            d.u.i.k.p.r.p.TestFile    ... finished proof: closed. 
84061      INFO  main            d.u.i.k.p.r.p.TestFile    Now processing file /home/runner/work/key/key/key.core/../key.ui/examples/InformationFlow/ToyBanking/banking_example.BankAccount(banking_example.BankAccount__getBalance()).Non-interference contract.0.m.key 
84062      INFO  main            d.u.i.k.p.i.AbstractProblemLoader Loading environment from /home/runner/work/key/key/key.core/../key.ui/examples/InformationFlow/ToyBanking/banking_example.BankAccount(banking_example.BankAccount__getBalance()).Non-interference contract.0.m.key 
84063      DEBUG main            d.u.i.k.p.i.AbstractProblemLoader Environment load took 263.7ns 
84064      INFO  main            d.u.i.k.p.i.AbstractProblemLoader Creating init config 
87394      DEBUG main            d.u.i.k.p.i.AbstractProblemLoader Init config took 3.33s 
87489      INFO  main            d.u.i.k.p.i.AbstractProblemLoader Replaying proof banking_example.BankAccount[banking_example.BankAccount::getBalance()].Non-interference contract.0 
87498      DEBUG main            d.u.i.k.p.i.IntermediateProofReplayer Proof replay took 31.2ns 
87499      DEBUG main            d.u.i.k.m.s.ProofScriptEngine [1] goal: 0, source line: 51, command: 'macro 'infflow-autopilot'' 
87557      DEBUG main            d.u.i.k.p.m.ProofCorrectnessMgt No justification found for rule Class_invariant_axiom_for_banking_example_BankAccount 
87715      INFO  main            d.u.i.k.p.r.p.TestFile    ... finished proof: closed. 
87923      INFO  main            d.u.i.k.p.r.p.TestFile    Now processing file /home/runner/work/key/key/key.core/../key.ui/examples/InformationFlow/ToyBanking/banking_example.BankAccount(banking_example.BankAccount__getId()).Non-interference contract.0.m.key 
87923      INFO  main            d.u.i.k.p.i.AbstractProblemLoader Loading environment from /home/runner/work/key/key/key.core/../key.ui/examples/InformationFlow/ToyBanking/banking_example.BankAccount(banking_example.BankAccount__getId()).Non-interference contract.0.m.key 
87923      DEBUG main            d.u.i.k.p.i.AbstractProblemLoader Environment load took 83.7ns 
87929      INFO  main            d.u.i.k.p.i.AbstractProblemLoader Creating init config 
91429      DEBUG main            d.u.i.k.p.i.AbstractProblemLoader Init config took 3.5s 
91494      INFO  main            d.u.i.k.p.i.AbstractProblemLoader Replaying proof banking_example.BankAccount[banking_example.BankAccount::getId()].Non-interference contract.0 
91498      DEBUG main            d.u.i.k.p.i.IntermediateProofReplayer Proof replay took 48.9ns 
91499      DEBUG main            d.u.i.k.m.s.ProofScriptEngine [1] goal: 0, source line: 51, command: 'macro 'infflow-autopilot'' 
91541      DEBUG main            d.u.i.k.p.m.ProofCorrectnessMgt No justification found for rule Class_invariant_axiom_for_banking_example_BankAccount 
91681      INFO  main            d.u.i.k.p.r.p.TestFile    ... finished proof: closed. 
91861      INFO  main            d.u.i.k.p.r.p.TestFile    Now processing file /home/runner/work/key/key/key.core/../key.ui/examples/InformationFlow/ToyBanking/banking_example.Bank(banking_example.Bank__login(int,(C)).Non-interference contract.0.m.key 
91861      INFO  main            d.u.i.k.p.i.AbstractProblemLoader Loading environment from /home/runner/work/key/key/key.core/../key.ui/examples/InformationFlow/ToyBanking/banking_example.Bank(banking_example.Bank__login(int,(C)).Non-interference contract.0.m.key 
91861      DEBUG main            d.u.i.k.p.i.AbstractProblemLoader Environment load took 71ns 
91862      INFO  main            d.u.i.k.p.i.AbstractProblemLoader Creating init config 
95170      DEBUG main            d.u.i.k.p.i.AbstractProblemLoader Init config took 3.31s 
95281      INFO  main            d.u.i.k.p.i.AbstractProblemLoader Replaying proof banking_example.Bank[banking_example.Bank::login(int,[C)].Non-interference contract.0 
95284      DEBUG main            d.u.i.k.p.i.IntermediateProofReplayer Proof replay took 14.1ns 
95285      DEBUG main            d.u.i.k.m.s.ProofScriptEngine [1] goal: 0, source line: 51, command: 'macro 'infflow-autopilot'' 
95332      DEBUG main            d.u.i.k.p.m.ProofCorrectnessMgt No justification found for rule Class_invariant_axiom_for_banking_example_Bank 
96604      DEBUG main            d.u.i.k.p.m.ProofCorrectnessMgt No justification found for rule Partial_inv_axiom_for_JML_class_invariant_nr_15_in_UserAccount 
96613      DEBUG main            d.u.i.k.p.m.ProofCorrectnessMgt No justification found for rule Partial_inv_axiom_for_JML_class_invariant_nr_11_in_UserAccount_EQ 
96720      DEBUG main            d.u.i.k.p.m.ProofCorrectnessMgt No justification found for rule Partial_inv_axiom_for_JML_class_invariant_nr_9_in_UserAccount_EQ 
96726      DEBUG main            d.u.i.k.p.m.ProofCorrectnessMgt No justification found for rule Partial_inv_axiom_for_JML_class_invariant_nr_13_in_UserAccount_EQ 
96824      DEBUG main            d.u.i.k.p.m.ProofCorrectnessMgt No justification found for rule Partial_inv_axiom_for_JML_class_invariant_nr_13_in_UserAccount 
96851      DEBUG main            d.u.i.k.p.m.ProofCorrectnessMgt No justification found for rule Partial_inv_axiom_for_JML_class_invariant_nr_9_in_UserAccount 
96862      DEBUG main            d.u.i.k.p.m.ProofCorrectnessMgt No justification found for rule Partial_inv_axiom_for_JML_class_invariant_nr_15_in_UserAccount_EQ 
96877      DEBUG main            d.u.i.k.p.m.ProofCorrectnessMgt No justification found for rule Partial_inv_axiom_for_JML_class_invariant_nr_11_in_UserAccount 
97617      DEBUG main            d.u.i.k.p.m.ProofCorrectnessMgt No justification found for rule Partial_inv_axiom_for_JML_class_invariant_nr_11_in_UserAccount 
97628      DEBUG main            d.u.i.k.p.m.ProofCorrectnessMgt No justification found for rule Partial_inv_axiom_for_JML_class_invariant_nr_15_in_UserAccount 
97638      DEBUG main            d.u.i.k.p.m.ProofCorrectnessMgt No justification found for rule Partial_inv_axiom_for_JML_class_invariant_nr_11_in_UserAccount_EQ 
97674      DEBUG main            d.u.i.k.p.m.ProofCorrectnessMgt No justification found for rule Partial_inv_axiom_for_JML_class_invariant_nr_13_in_UserAccount_EQ 
98441      DEBUG main            d.u.i.k.p.m.ProofCorrectnessMgt No justification found for rule Partial_inv_axiom_for_JML_class_invariant_nr_15_in_UserAccount 
98474      DEBUG main            d.u.i.k.p.m.ProofCorrectnessMgt No justification found for rule Partial_inv_axiom_for_JML_class_invariant_nr_11_in_UserAccount 
99059      DEBUG main            d.u.i.k.p.m.ProofCorrectnessMgt No justification found for rule Partial_inv_axiom_for_JML_class_invariant_nr_13_in_UserAccount 
271675     INFO  main            d.u.i.k.p.r.p.TestFile    ... finished proof: open goal(s) 
272125     INFO  main            d.u.i.k.p.r.p.TestFile    Now processing file /home/runner/work/key/key/key.core/../key.ui/examples/InformationFlow/ToyBanking/banking_example2.UserAccount(banking_example2.UserAccount__getBankAccount(int)).Non-interference contract.0.m.key 
272126     INFO  main            d.u.i.k.p.i.AbstractProblemLoader Loading environment from /home/runner/work/key/key/key.core/../key.ui/examples/InformationFlow/ToyBanking/banking_example2.UserAccount(banking_example2.UserAccount__getBankAccount(int)).Non-interference contract.0.m.key 
272126     DEBUG main            d.u.i.k.p.i.AbstractProblemLoader Environment load took 265.8ns 
272127     INFO  main            d.u.i.k.p.i.AbstractProblemLoader Creating init config 
275575     DEBUG main            d.u.i.k.p.i.AbstractProblemLoader Init config took 3.45s 
275646     INFO  main            d.u.i.k.p.i.AbstractProblemLoader Replaying proof banking_example2.UserAccount[banking_example2.UserAccount::getBankAccount(int)].Non-interference contract.0 
275649     DEBUG main            d.u.i.k.p.i.IntermediateProofReplayer Proof replay took 34.5ns 
275650     DEBUG main            d.u.i.k.m.s.ProofScriptEngine [1] goal: 0, source line: 51, command: 'macro 'infflow-autopilot'' 
275696     DEBUG main            d.u.i.k.p.m.ProofCorrectnessMgt No justification found for rule Class_invariant_axiom_for_banking_example2_UserAccount 
278326     INFO  main            d.u.i.k.p.r.p.TestFile    ... finished proof: closed. 
278875     INFO  main            d.u.i.k.p.r.p.TestFile    Now processing file /home/runner/work/key/key/key.core/../key.ui/examples/InformationFlow/ToyBanking/banking_example2.UserAccount(banking_example2.UserAccount__tryLogin(int,(C)).Non-interference contract.0.m.key 
278875     INFO  main            d.u.i.k.p.i.AbstractProblemLoader Loading environment from /home/runner/work/key/key/key.core/../key.ui/examples/InformationFlow/ToyBanking/banking_example2.UserAccount(banking_example2.UserAccount__tryLogin(int,(C)).Non-interference contract.0.m.key 
278875     DEBUG main            d.u.i.k.p.i.AbstractProblemLoader Environment load took 112.6ns 
278877     INFO  main            d.u.i.k.p.i.AbstractProblemLoader Creating init config 
282477     DEBUG main            d.u.i.k.p.i.AbstractProblemLoader Init config took 3.6s 
282556     INFO  main            d.u.i.k.p.i.AbstractProblemLoader Replaying proof banking_example2.UserAccount[banking_example2.UserAccount::tryLogin(int,[C)].Non-interference contract.0 
282558     DEBUG main            d.u.i.k.p.i.IntermediateProofReplayer Proof replay took 15ns 
282559     DEBUG main            d.u.i.k.m.s.ProofScriptEngine [1] goal: 0, source line: 51, command: 'macro 'infflow-autopilot'' 
282612     DEBUG main            d.u.i.k.p.m.ProofCorrectnessMgt No justification found for rule Class_invariant_axiom_for_banking_example2_UserAccount 
298845     INFO  main            d.u.i.k.p.r.p.TestFile    ... finished proof: closed. 
299261     INFO  main            d.u.i.k.p.r.p.TestFile    Now processing file /home/runner/work/key/key/key.core/../key.ui/examples/InformationFlow/ToyBanking/banking_example2.BankAccount(banking_example2.BankAccount__depositMoney(int)).Non-interference contract.0.m.key 
299261     INFO  main            d.u.i.k.p.i.AbstractProblemLoader Loading environment from /home/runner/work/key/key/key.core/../key.ui/examples/InformationFlow/ToyBanking/banking_example2.BankAccount(banking_example2.BankAccount__depositMoney(int)).Non-interference contract.0.m.key 
299261     DEBUG main            d.u.i.k.p.i.AbstractProblemLoader Environment load took 165.2ns 
299263     INFO  main            d.u.i.k.p.i.AbstractProblemLoader Creating init config 
302849     DEBUG main            d.u.i.k.p.i.AbstractProblemLoader Init config took 3.59s 
302904     INFO  main            d.u.i.k.p.i.AbstractProblemLoader Replaying proof banking_example2.BankAccount[banking_example2.BankAccount::depositMoney(int)].Non-interference contract.0 
302907     DEBUG main            d.u.i.k.p.i.IntermediateProofReplayer Proof replay took 15ns 
302908     DEBUG main            d.u.i.k.m.s.ProofScriptEngine [1] goal: 0, source line: 51, command: 'macro 'infflow-autopilot'' 
302943     DEBUG main            d.u.i.k.p.m.ProofCorrectnessMgt No justification found for rule Class_invariant_axiom_for_banking_example2_BankAccount 
303541     INFO  main            d.u.i.k.p.r.p.TestFile    ... finished proof: closed. 
303832     INFO  main            d.u.i.k.p.r.p.TestFile    Now processing file /home/runner/work/key/key/key.core/../key.ui/examples/InformationFlow/ToyBanking/banking_example2.BankAccount(banking_example2.BankAccount__getBalance()).Non-interference contract.0.m.key 
303832     INFO  main            d.u.i.k.p.i.AbstractProblemLoader Loading environment from /home/runner/work/key/key/key.core/../key.ui/examples/InformationFlow/ToyBanking/banking_example2.BankAccount(banking_example2.BankAccount__getBalance()).Non-interference contract.0.m.key 
303832     DEBUG main            d.u.i.k.p.i.AbstractProblemLoader Environment load took 89.5ns 
303833     INFO  main            d.u.i.k.p.i.AbstractProblemLoader Creating init config 
307091     DEBUG main            d.u.i.k.p.i.AbstractProblemLoader Init config took 3.26s 
307176     INFO  main            d.u.i.k.p.i.AbstractProblemLoader Replaying proof banking_example2.BankAccount[banking_example2.BankAccount::getBalance()].Non-interference contract.0 
307179     DEBUG main            d.u.i.k.p.i.IntermediateProofReplayer Proof replay took 16.1ns 
307180     DEBUG main            d.u.i.k.m.s.ProofScriptEngine [1] goal: 0, source line: 51, command: 'macro 'infflow-autopilot'' 
307219     DEBUG main            d.u.i.k.p.m.ProofCorrectnessMgt No justification found for rule Class_invariant_axiom_for_banking_example2_BankAccount 
307377     INFO  main            d.u.i.k.p.r.p.TestFile    ... finished proof: closed. 
307621     INFO  main            d.u.i.k.p.r.p.TestFile    Now processing file /home/runner/work/key/key/key.core/../key.ui/examples/InformationFlow/ToyBanking/banking_example2.BankAccount(banking_example2.BankAccount__getId()).Non-interference contract.0.m.key 
307622     INFO  main            d.u.i.k.p.i.AbstractProblemLoader Loading environment from /home/runner/work/key/key/key.core/../key.ui/examples/InformationFlow/ToyBanking/banking_example2.BankAccount(banking_example2.BankAccount__getId()).Non-interference contract.0.m.key 
307622     DEBUG main            d.u.i.k.p.i.AbstractProblemLoader Environment load took 104.4ns 
307624     INFO  main            d.u.i.k.p.i.AbstractProblemLoader Creating init config 
311057     DEBUG main            d.u.i.k.p.i.AbstractProblemLoader Init config took 3.43s 
311122     INFO  main            d.u.i.k.p.i.AbstractProblemLoader Replaying proof banking_example2.BankAccount[banking_example2.BankAccount::getId()].Non-interference contract.0 
311125     DEBUG main            d.u.i.k.p.i.IntermediateProofReplayer Proof replay took 20.2ns 
311126     DEBUG main            d.u.i.k.m.s.ProofScriptEngine [1] goal: 0, source line: 51, command: 'macro 'infflow-autopilot'' 
311167     DEBUG main            d.u.i.k.p.m.ProofCorrectnessMgt No justification found for rule Class_invariant_axiom_for_banking_example2_BankAccount 
311333     INFO  main            d.u.i.k.p.r.p.TestFile    ... finished proof: closed. 
2124006    INFO  Test worker     d.u.i.k.p.r.RunAllProofsTestUnit Returning from test ToyBanking_fullmacro 
2124007    INFO  Test worker     d.u.i.k.p.r.RunAllProofsTestUnit Running test BlockContracts_fullmacro 
472        INFO  Timeout watchdog d.u.i.k.p.r.p.ForkedTestFileRunner Timeout watcher launched (1000 secs.) 
490        WARN  main            d.u.i.k.s.ProofSettings   The settings in /home/runner/.key/proof-settings.props are *not* read. 
532        INFO  main            d.u.i.k.p.r.p.TestFile    Now processing file /home/runner/work/key/key/key.core/../key.ui/examples/InformationFlow/BlockContracts/contract.IFBlockExamples(contract.IFBlockExamples__secure_5()).Non-interference contract.0.m.key 
665        INFO  main            d.u.i.k.p.i.AbstractProblemLoader Loading environment from /home/runner/work/key/key/key.core/../key.ui/examples/InformationFlow/BlockContracts/contract.IFBlockExamples(contract.IFBlockExamples__secure_5()).Non-interference contract.0.m.key 
687        DEBUG main            d.u.i.k.p.i.AbstractProblemLoader Environment load took 2.78ms 
966        INFO  main            d.u.i.k.p.i.AbstractProblemLoader Creating init config 
2070       DEBUG main            d.u.i.k.j.TypeConverter   No LDT found for Meta 
2071       DEBUG main            d.u.i.k.j.TypeConverter   No LDT found for Meta 
2072       DEBUG main            d.u.i.k.j.TypeConverter   No LDT found for Meta 
2073       DEBUG main            d.u.i.k.j.TypeConverter   No LDT found for Meta 
4310       DEBUG main            d.u.i.k.j.TypeConverter   No LDT found for JavaBigintExpression 
10853      DEBUG main            d.u.i.k.p.i.AbstractProblemLoader Init config took 9.89s 
11042      INFO  main            d.u.i.k.p.i.AbstractProblemLoader Replaying proof contract.IFBlockExamples[contract.IFBlockExamples::secure_5()].Non-interference contract.0 
11138      DEBUG main            d.u.i.k.p.i.IntermediateProofReplayer Proof replay took 451ns 
11226      DEBUG main            d.u.i.k.m.s.ProofScriptEngine [1] goal: 0, source line: 51, command: 'macro 'infflow-autopilot'' 
11699      DEBUG main            d.u.i.k.p.m.ProofCorrectnessMgt No justification found for rule Class_invariant_axiom_for_contract_IFBlockExamples 
12730      INFO  main            d.u.i.k.p.r.p.TestFile    ... finished proof: closed. 
12880      INFO  main            d.u.i.k.p.r.p.TestFile    Now processing file /home/runner/work/key/key/key.core/../key.ui/examples/InformationFlow/BlockContracts/contract.IFBlockExamples(contract.IFBlockExamples__block_no_return_secure(int)).Non-interference contract.0.m.key 
12881      INFO  main            d.u.i.k.p.i.AbstractProblemLoader Loading environment from /home/runner/work/key/key/key.core/../key.ui/examples/InformationFlow/BlockContracts/contract.IFBlockExamples(contract.IFBlockExamples__block_no_return_secure(int)).Non-interference contract.0.m.key 
12882      DEBUG main            d.u.i.k.p.i.AbstractProblemLoader Environment load took 1.47ms 
12888      INFO  main            d.u.i.k.p.i.AbstractProblemLoader Creating init config 
16543      DEBUG main            d.u.i.k.p.i.AbstractProblemLoader Init config took 3.65s 
16648      INFO  main            d.u.i.k.p.i.AbstractProblemLoader Replaying proof contract.IFBlockExamples[contract.IFBlockExamples::block_no_return_secure(int)].Non-interference contract.0 
16652      DEBUG main            d.u.i.k.p.i.IntermediateProofReplayer Proof replay took 12.9ns 
16653      DEBUG main            d.u.i.k.m.s.ProofScriptEngine [1] goal: 0, source line: 51, command: 'macro 'infflow-autopilot'' 
16714      DEBUG main            d.u.i.k.p.m.ProofCorrectnessMgt No justification found for rule Class_invariant_axiom_for_contract_IFBlockExamples 
17379      INFO  main            d.u.i.k.p.r.p.TestFile    ... finished proof: closed. 
17564      INFO  main            d.u.i.k.p.r.p.TestFile    Now processing file /home/runner/work/key/key/key.core/../key.ui/examples/InformationFlow/BlockContracts/contract.IFBlockExamples(contract.IFBlockExamples__while_block_insecure(int)).Non-interference contract.0.m.key 
17564      INFO  main            d.u.i.k.p.i.AbstractProblemLoader Loading environment from /home/runner/work/key/key/key.core/../key.ui/examples/InformationFlow/BlockContracts/contract.IFBlockExamples(contract.IFBlockExamples__while_block_insecure(int)).Non-interference contract.0.m.key 
17564      DEBUG main            d.u.i.k.p.i.AbstractProblemLoader Environment load took 92.5ns 
17568      INFO  main            d.u.i.k.p.i.AbstractProblemLoader Creating init config 
21036      DEBUG main            d.u.i.k.p.i.AbstractProblemLoader Init config took 3.47s 
21092      INFO  main            d.u.i.k.p.i.AbstractProblemLoader Replaying proof contract.IFBlockExamples[contract.IFBlockExamples::while_block_insecure(int)].Non-interference contract.0 
21096      DEBUG main            d.u.i.k.p.i.IntermediateProofReplayer Proof replay took 28.9ns 
21098      DEBUG main            d.u.i.k.m.s.ProofScriptEngine [1] goal: 0, source line: 51, command: 'macro 'infflow-autopilot'' 
21157      DEBUG main            d.u.i.k.p.m.ProofCorrectnessMgt No justification found for rule Class_invariant_axiom_for_contract_IFBlockExamples 
22959      INFO  main            d.u.i.k.p.r.p.TestFile    ... finished proof: open goal(s) 
23229      INFO  main            d.u.i.k.p.r.p.TestFile    Now processing file /home/runner/work/key/key/key.core/../key.ui/examples/InformationFlow/BlockContracts/contract.IFBlockExamples(contract.IFBlockExamples__while_block_secure(int)).Non-interference contract.0.m.key 
23230      INFO  main            d.u.i.k.p.i.AbstractProblemLoader Loading environment from /home/runner/work/key/key/key.core/../key.ui/examples/InformationFlow/BlockContracts/contract.IFBlockExamples(contract.IFBlockExamples__while_block_secure(int)).Non-interference contract.0.m.key 
23230      DEBUG main            d.u.i.k.p.i.AbstractProblemLoader Environment load took 124.4ns 
23234      INFO  main            d.u.i.k.p.i.AbstractProblemLoader Creating init config 
26519      DEBUG main            d.u.i.k.p.i.AbstractProblemLoader Init config took 3.29s 
26577      INFO  main            d.u.i.k.p.i.AbstractProblemLoader Replaying proof contract.IFBlockExamples[contract.IFBlockExamples::while_block_secure(int)].Non-interference contract.0 
26582      DEBUG main            d.u.i.k.p.i.IntermediateProofReplayer Proof replay took 13.1ns 
26583      DEBUG main            d.u.i.k.m.s.ProofScriptEngine [1] goal: 0, source line: 51, command: 'macro 'infflow-autopilot'' 
26653      DEBUG main            d.u.i.k.p.m.ProofCorrectnessMgt No justification found for rule Class_invariant_axiom_for_contract_IFBlockExamples 
27990      INFO  main            d.u.i.k.p.r.p.TestFile    ... finished proof: closed. 
28210      INFO  main            d.u.i.k.p.r.p.TestFile    Now processing file /home/runner/work/key/key/key.core/../key.ui/examples/InformationFlow/BlockContracts/contract.IFBlockExamples(contract.IFBlockExamples__block_while_secure(int)).Non-interference contract.0.m.key 
28212      INFO  main            d.u.i.k.p.i.AbstractProblemLoader Loading environment from /home/runner/work/key/key/key.core/../key.ui/examples/InformationFlow/BlockContracts/contract.IFBlockExamples(contract.IFBlockExamples__block_while_secure(int)).Non-interference contract.0.m.key 
28212      DEBUG main            d.u.i.k.p.i.AbstractProblemLoader Environment load took 79ns 
28213      INFO  main            d.u.i.k.p.i.AbstractProblemLoader Creating init config 
31411      DEBUG main            d.u.i.k.p.i.AbstractProblemLoader Init config took 3.2s 
31473      INFO  main            d.u.i.k.p.i.AbstractProblemLoader Replaying proof contract.IFBlockExamples[contract.IFBlockExamples::block_while_secure(int)].Non-interference contract.0 
31478      DEBUG main            d.u.i.k.p.i.IntermediateProofReplayer Proof replay took 33.6ns 
31479      DEBUG main            d.u.i.k.m.s.ProofScriptEngine [1] goal: 0, source line: 51, command: 'macro 'infflow-autopilot'' 
31527      DEBUG main            d.u.i.k.p.m.ProofCorrectnessMgt No justification found for rule Class_invariant_axiom_for_contract_IFBlockExamples 
32927      INFO  main            d.u.i.k.p.r.p.TestFile    ... finished proof: closed. 
33158      INFO  main            d.u.i.k.p.r.p.TestFile    Now processing file /home/runner/work/key/key/key.core/../key.ui/examples/InformationFlow/BlockContracts/contract.IFBlockExamples(contract.IFBlockExamples__insecure_4(int)).Non-interference contract.0.m.key 
33159      INFO  main            d.u.i.k.p.i.AbstractProblemLoader Loading environment from /home/runner/work/key/key/key.core/../key.ui/examples/InformationFlow/BlockContracts/contract.IFBlockExamples(contract.IFBlockExamples__insecure_4(int)).Non-interference contract.0.m.key 
33160      DEBUG main            d.u.i.k.p.i.AbstractProblemLoader Environment load took 401ns 
33161      INFO  main            d.u.i.k.p.i.AbstractProblemLoader Creating init config 
36467      DEBUG main            d.u.i.k.p.i.AbstractProblemLoader Init config took 3.31s 
36525      INFO  main            d.u.i.k.p.i.AbstractProblemLoader Replaying proof contract.IFBlockExamples[contract.IFBlockExamples::insecure_4(int)].Non-interference contract.0 
36529      DEBUG main            d.u.i.k.p.i.IntermediateProofReplayer Proof replay took 28.3ns 
36530      DEBUG main            d.u.i.k.m.s.ProofScriptEngine [1] goal: 0, source line: 51, command: 'macro 'infflow-autopilot'' 
36578      DEBUG main            d.u.i.k.p.m.ProofCorrectnessMgt No justification found for rule Class_invariant_axiom_for_contract_IFBlockExamples 
38264      INFO  main            d.u.i.k.p.r.p.TestFile    ... finished proof: open goal(s) 
38524      INFO  main            d.u.i.k.p.r.p.TestFile    Now processing file /home/runner/work/key/key/key.core/../key.ui/examples/InformationFlow/BlockContracts/contract.IFBlockExamples(contract.IFBlockExamples__insecure_3(int)).Non-interference contract.0.m.key 
38524      INFO  main            d.u.i.k.p.i.AbstractProblemLoader Loading environment from /home/runner/work/key/key/key.core/../key.ui/examples/InformationFlow/BlockContracts/contract.IFBlockExamples(contract.IFBlockExamples__insecure_3(int)).Non-interference contract.0.m.key 
38524      DEBUG main            d.u.i.k.p.i.AbstractProblemLoader Environment load took 122.4ns 
38525      INFO  main            d.u.i.k.p.i.AbstractProblemLoader Creating init config 
41711      DEBUG main            d.u.i.k.p.i.AbstractProblemLoader Init config took 3.19s 
41768      INFO  main            d.u.i.k.p.i.AbstractProblemLoader Replaying proof contract.IFBlockExamples[contract.IFBlockExamples::insecure_3(int)].Non-interference contract.0 
41772      DEBUG main            d.u.i.k.p.i.IntermediateProofReplayer Proof replay took 14.5ns 
41773      DEBUG main            d.u.i.k.m.s.ProofScriptEngine [1] goal: 0, source line: 51, command: 'macro 'infflow-autopilot'' 
41820      DEBUG main            d.u.i.k.p.m.ProofCorrectnessMgt No justification found for rule Class_invariant_axiom_for_contract_IFBlockExamples 
50390      INFO  main            d.u.i.k.p.r.p.TestFile    ... finished proof: open goal(s) 
50736      INFO  main            d.u.i.k.p.r.p.TestFile    Now processing file /home/runner/work/key/key/key.core/../key.ui/examples/InformationFlow/BlockContracts/contract.IFBlockExamples(contract.IFBlockExamples__secure_3(int)).Non-interference contract.0.m.key 
50736      INFO  main            d.u.i.k.p.i.AbstractProblemLoader Loading environment from /home/runner/work/key/key/key.core/../key.ui/examples/InformationFlow/BlockContracts/contract.IFBlockExamples(contract.IFBlockExamples__secure_3(int)).Non-interference contract.0.m.key 
50736      DEBUG main            d.u.i.k.p.i.AbstractProblemLoader Environment load took 118.5ns 
50738      INFO  main            d.u.i.k.p.i.AbstractProblemLoader Creating init config 
53726      DEBUG main            d.u.i.k.p.i.AbstractProblemLoader Init config took 2.99s 
53778      INFO  main            d.u.i.k.p.i.AbstractProblemLoader Replaying proof contract.IFBlockExamples[contract.IFBlockExamples::secure_3(int)].Non-interference contract.0 
53781      DEBUG main            d.u.i.k.p.i.IntermediateProofReplayer Proof replay took 32.3ns 
53782      DEBUG main            d.u.i.k.m.s.ProofScriptEngine [1] goal: 0, source line: 51, command: 'macro 'infflow-autopilot'' 
53823      DEBUG main            d.u.i.k.p.m.ProofCorrectnessMgt No justification found for rule Class_invariant_axiom_for_contract_IFBlockExamples 
55154      INFO  main            d.u.i.k.p.r.p.TestFile    ... finished proof: closed. 
55588      INFO  main            d.u.i.k.p.r.p.TestFile    Now processing file /home/runner/work/key/key/key.core/../key.ui/examples/InformationFlow/BlockContracts/contract.IFBlockExamples(contract.IFBlockExamples__secure_2(int)).Non-interference contract.0.m.key 
55589      INFO  main            d.u.i.k.p.i.AbstractProblemLoader Loading environment from /home/runner/work/key/key/key.core/../key.ui/examples/InformationFlow/BlockContracts/contract.IFBlockExamples(contract.IFBlockExamples__secure_2(int)).Non-interference contract.0.m.key 
55589      DEBUG main            d.u.i.k.p.i.AbstractProblemLoader Environment load took 312.2ns 
55590      INFO  main            d.u.i.k.p.i.AbstractProblemLoader Creating init config 
58784      DEBUG main            d.u.i.k.p.i.AbstractProblemLoader Init config took 3.19s 
58832      INFO  main            d.u.i.k.p.i.AbstractProblemLoader Replaying proof contract.IFBlockExamples[contract.IFBlockExamples::secure_2(int)].Non-interference contract.0 
58835      DEBUG main            d.u.i.k.p.i.IntermediateProofReplayer Proof replay took 15.4ns 
58836      DEBUG main            d.u.i.k.m.s.ProofScriptEngine [1] goal: 0, source line: 51, command: 'macro 'infflow-autopilot'' 
58879      DEBUG main            d.u.i.k.p.m.ProofCorrectnessMgt No justification found for rule Class_invariant_axiom_for_contract_IFBlockExamples 
60562      INFO  main            d.u.i.k.p.r.p.TestFile    ... finished proof: closed. 
60880      INFO  main            d.u.i.k.p.r.p.TestFile    Now processing file /home/runner/work/key/key/key.core/../key.ui/examples/InformationFlow/BlockContracts/contract.IFBlockExamples(contract.IFBlockExamples__secure_8(int)).Non-interference contract.0.m.key 
60880      INFO  main            d.u.i.k.p.i.AbstractProblemLoader Loading environment from /home/runner/work/key/key/key.core/../key.ui/examples/InformationFlow/BlockContracts/contract.IFBlockExamples(contract.IFBlockExamples__secure_8(int)).Non-interference contract.0.m.key 
60880      DEBUG main            d.u.i.k.p.i.AbstractProblemLoader Environment load took 150.9ns 
60881      INFO  main            d.u.i.k.p.i.AbstractProblemLoader Creating init config 
64075      DEBUG main            d.u.i.k.p.i.AbstractProblemLoader Init config took 3.19s 
64122      INFO  main            d.u.i.k.p.i.AbstractProblemLoader Replaying proof contract.IFBlockExamples[contract.IFBlockExamples::secure_8(int)].Non-interference contract.0 
64124      DEBUG main            d.u.i.k.p.i.IntermediateProofReplayer Proof replay took 13.8ns 
64125      DEBUG main            d.u.i.k.m.s.ProofScriptEngine [1] goal: 0, source line: 51, command: 'macro 'infflow-autopilot'' 
64161      DEBUG main            d.u.i.k.p.m.ProofCorrectnessMgt No justification found for rule Class_invariant_axiom_for_contract_IFBlockExamples 
64722      INFO  main            d.u.i.k.p.r.p.TestFile    ... finished proof: closed. 
65010      INFO  main            d.u.i.k.p.r.p.TestFile    Now processing file /home/runner/work/key/key/key.core/../key.ui/examples/InformationFlow/BlockContracts/contract.IFBlockExamples(contract.IFBlockExamples__secure_7(int)).Non-interference contract.0.m.key 
65011      INFO  main            d.u.i.k.p.i.AbstractProblemLoader Loading environment from /home/runner/work/key/key/key.core/../key.ui/examples/InformationFlow/BlockContracts/contract.IFBlockExamples(contract.IFBlockExamples__secure_7(int)).Non-interference contract.0.m.key 
65011      DEBUG main            d.u.i.k.p.i.AbstractProblemLoader Environment load took 113ns 
65012      INFO  main            d.u.i.k.p.i.AbstractProblemLoader Creating init config 
68242      DEBUG main            d.u.i.k.p.i.AbstractProblemLoader Init config took 3.23s 
68305      INFO  main            d.u.i.k.p.i.AbstractProblemLoader Replaying proof contract.IFBlockExamples[contract.IFBlockExamples::secure_7(int)].Non-interference contract.0 
68308      DEBUG main            d.u.i.k.p.i.IntermediateProofReplayer Proof replay took 14.1ns 
68308      DEBUG main            d.u.i.k.m.s.ProofScriptEngine [1] goal: 0, source line: 51, command: 'macro 'infflow-autopilot'' 
68349      DEBUG main            d.u.i.k.p.m.ProofCorrectnessMgt No justification found for rule Class_invariant_axiom_for_contract_IFBlockExamples 
68790      INFO  main            d.u.i.k.p.r.p.TestFile    ... finished proof: closed. 
69064      INFO  main            d.u.i.k.p.r.p.TestFile    Now processing file /home/runner/work/key/key/key.core/../key.ui/examples/InformationFlow/BlockContracts/contract.IFBlockExamples(contract.IFBlockExamples__secure_6(int)).Non-interference contract.0.m.key 
69065      INFO  main            d.u.i.k.p.i.AbstractProblemLoader Loading environment from /home/runner/work/key/key/key.core/../key.ui/examples/InformationFlow/BlockContracts/contract.IFBlockExamples(contract.IFBlockExamples__secure_6(int)).Non-interference contract.0.m.key 
69065      DEBUG main            d.u.i.k.p.i.AbstractProblemLoader Environment load took 113.7ns 
69067      INFO  main            d.u.i.k.p.i.AbstractProblemLoader Creating init config 
72267      DEBUG main            d.u.i.k.p.i.AbstractProblemLoader Init config took 3.2s 
72313      INFO  main            d.u.i.k.p.i.AbstractProblemLoader Replaying proof contract.IFBlockExamples[contract.IFBlockExamples::secure_6(int)].Non-interference contract.0 
72317      DEBUG main            d.u.i.k.p.i.IntermediateProofReplayer Proof replay took 14ns 
72318      DEBUG main            d.u.i.k.m.s.ProofScriptEngine [1] goal: 0, source line: 51, command: 'macro 'infflow-autopilot'' 
72356      DEBUG main            d.u.i.k.p.m.ProofCorrectnessMgt No justification found for rule Class_invariant_axiom_for_contract_IFBlockExamples 
72776      INFO  main            d.u.i.k.p.r.p.TestFile    ... finished proof: closed. 
73015      INFO  main            d.u.i.k.p.r.p.TestFile    Now processing file /home/runner/work/key/key/key.core/../key.ui/examples/InformationFlow/BlockContracts/contract.IFBlockExamples(contract.IFBlockExamples__insecure_1(int)).Non-interference contract.0.m.key 
73015      INFO  main            d.u.i.k.p.i.AbstractProblemLoader Loading environment from /home/runner/work/key/key/key.core/../key.ui/examples/InformationFlow/BlockContracts/contract.IFBlockExamples(contract.IFBlockExamples__insecure_1(int)).Non-interference contract.0.m.key 
73015      DEBUG main            d.u.i.k.p.i.AbstractProblemLoader Environment load took 94.8ns 
73017      INFO  main            d.u.i.k.p.i.AbstractProblemLoader Creating init config 
76223      DEBUG main            d.u.i.k.p.i.AbstractProblemLoader Init config took 3.21s 
76269      INFO  main            d.u.i.k.p.i.AbstractProblemLoader Replaying proof contract.IFBlockExamples[contract.IFBlockExamples::insecure_1(int)].Non-interference contract.0 
76271      DEBUG main            d.u.i.k.p.i.IntermediateProofReplayer Proof replay took 14.1ns 
76272      DEBUG main            d.u.i.k.m.s.ProofScriptEngine [1] goal: 0, source line: 51, command: 'macro 'infflow-autopilot'' 
76307      DEBUG main            d.u.i.k.p.m.ProofCorrectnessMgt No justification found for rule Class_invariant_axiom_for_contract_IFBlockExamples 
76972      INFO  main            d.u.i.k.p.r.p.TestFile    ... finished proof: open goal(s) 
77208      INFO  main            d.u.i.k.p.r.p.TestFile    Now processing file /home/runner/work/key/key/key.core/../key.ui/examples/InformationFlow/BlockContracts/contract.IFBlockExamples(contract.IFBlockExamples__secure_4(int)).Non-interference contract.0.m.key 
77208      INFO  main            d.u.i.k.p.i.AbstractProblemLoader Loading environment from /home/runner/work/key/key/key.core/../key.ui/examples/InformationFlow/BlockContracts/contract.IFBlockExamples(contract.IFBlockExamples__secure_4(int)).Non-interference contract.0.m.key 
77209      DEBUG main            d.u.i.k.p.i.AbstractProblemLoader Environment load took 80.5ns 
77210      INFO  main            d.u.i.k.p.i.AbstractProblemLoader Creating init config 
80420      DEBUG main            d.u.i.k.p.i.AbstractProblemLoader Init config took 3.21s 
80477      INFO  main            d.u.i.k.p.i.AbstractProblemLoader Replaying proof contract.IFBlockExamples[contract.IFBlockExamples::secure_4(int)].Non-interference contract.0 
80480      DEBUG main            d.u.i.k.p.i.IntermediateProofReplayer Proof replay took 16.9ns 
80482      DEBUG main            d.u.i.k.m.s.ProofScriptEngine [1] goal: 0, source line: 51, command: 'macro 'infflow-autopilot'' 
80519      DEBUG main            d.u.i.k.p.m.ProofCorrectnessMgt No justification found for rule Class_invariant_axiom_for_contract_IFBlockExamples 
81051      INFO  main            d.u.i.k.p.r.p.TestFile    ... finished proof: closed. 
81332      INFO  main            d.u.i.k.p.r.p.TestFile    Now processing file /home/runner/work/key/key/key.core/../key.ui/examples/InformationFlow/BlockContracts/contract.IFBlockExamples(contract.IFBlockExamples__secure_1(int)).Non-interference contract.0.m.key 
81332      INFO  main            d.u.i.k.p.i.AbstractProblemLoader Loading environment from /home/runner/work/key/key/key.core/../key.ui/examples/InformationFlow/BlockContracts/contract.IFBlockExamples(contract.IFBlockExamples__secure_1(int)).Non-interference contract.0.m.key 
81333      DEBUG main            d.u.i.k.p.i.AbstractProblemLoader Environment load took 87.4ns 
81334      INFO  main            d.u.i.k.p.i.AbstractProblemLoader Creating init config 
84463      DEBUG main            d.u.i.k.p.i.AbstractProblemLoader Init config took 3.13s 
84516      INFO  main            d.u.i.k.p.i.AbstractProblemLoader Replaying proof contract.IFBlockExamples[contract.IFBlockExamples::secure_1(int)].Non-interference contract.0 
84519      DEBUG main            d.u.i.k.p.i.IntermediateProofReplayer Proof replay took 17.7ns 
84519      DEBUG main            d.u.i.k.m.s.ProofScriptEngine [1] goal: 0, source line: 51, command: 'macro 'infflow-autopilot'' 
84563      DEBUG main            d.u.i.k.p.m.ProofCorrectnessMgt No justification found for rule Class_invariant_axiom_for_contract_IFBlockExamples 
85197      INFO  main            d.u.i.k.p.r.p.TestFile    ... finished proof: closed. 
85496      INFO  main            d.u.i.k.p.r.p.TestFile    Now processing file /home/runner/work/key/key/key.core/../key.ui/examples/InformationFlow/BlockContracts/contract.IFEfficiencyExamples(contract.IFEfficiencyExamples__mWithoutBlockContract()).Non-interference contract.0.m.key 
85496      INFO  main            d.u.i.k.p.i.AbstractProblemLoader Loading environment from /home/runner/work/key/key/key.core/../key.ui/examples/InformationFlow/BlockContracts/contract.IFEfficiencyExamples(contract.IFEfficiencyExamples__mWithoutBlockContract()).Non-interference contract.0.m.key 
85497      DEBUG main            d.u.i.k.p.i.AbstractProblemLoader Environment load took 90.4ns 
85498      INFO  main            d.u.i.k.p.i.AbstractProblemLoader Creating init config 
88605      DEBUG main            d.u.i.k.p.i.AbstractProblemLoader Init config took 3.11s 
88647      INFO  main            d.u.i.k.p.i.AbstractProblemLoader Replaying proof contract.IFEfficiencyExamples[contract.IFEfficiencyExamples::mWithoutBlockContract()].Non-interference contract.0 
88649      DEBUG main            d.u.i.k.p.i.IntermediateProofReplayer Proof replay took 14.4ns 
88650      DEBUG main            d.u.i.k.m.s.ProofScriptEngine [1] goal: 0, source line: 51, command: 'macro 'infflow-autopilot'' 
88683      DEBUG main            d.u.i.k.p.m.ProofCorrectnessMgt No justification found for rule Class_invariant_axiom_for_contract_IFEfficiencyExamples 
94425      INFO  main            d.u.i.k.p.r.p.TestFile    ... finished proof: closed. 
94744      INFO  main            d.u.i.k.p.r.p.TestFile    Now processing file /home/runner/work/key/key/key.core/../key.ui/examples/InformationFlow/BlockContracts/contract.IFEfficiencyExamples(contract.IFEfficiencyExamples__mWithBlockContract()).Non-interference contract.0.m.key 
94744      INFO  main            d.u.i.k.p.i.AbstractProblemLoader Loading environment from /home/runner/work/key/key/key.core/../key.ui/examples/InformationFlow/BlockContracts/contract.IFEfficiencyExamples(contract.IFEfficiencyExamples__mWithBlockContract()).Non-interference contract.0.m.key 
94744      DEBUG main            d.u.i.k.p.i.AbstractProblemLoader Environment load took 77.2ns 
94746      INFO  main            d.u.i.k.p.i.AbstractProblemLoader Creating init config 
97747      DEBUG main            d.u.i.k.p.i.AbstractProblemLoader Init config took 3s 
97787      INFO  main            d.u.i.k.p.i.AbstractProblemLoader Replaying proof contract.IFEfficiencyExamples[contract.IFEfficiencyExamples::mWithBlockContract()].Non-interference contract.0 
97790      DEBUG main            d.u.i.k.p.i.IntermediateProofReplayer Proof replay took 14.4ns 
97790      DEBUG main            d.u.i.k.m.s.ProofScriptEngine [1] goal: 0, source line: 51, command: 'macro 'infflow-autopilot'' 
97827      DEBUG main            d.u.i.k.p.m.ProofCorrectnessMgt No justification found for rule Class_invariant_axiom_for_contract_IFEfficiencyExamples 
99664      INFO  main            d.u.i.k.p.r.p.TestFile    ... finished proof: closed. 
2224213    INFO  Test worker     d.u.i.k.p.r.RunAllProofsTestUnit Returning from test BlockContracts_fullmacro 
2224215    INFO  Test worker     d.u.i.k.p.r.RunAllProofsTestUnit Running test MethodContracts_fullmacro 
409        WARN  main            d.u.i.k.s.ProofSettings   The settings in /home/runner/.key/proof-settings.props are *not* read. 
417        INFO  Timeout watchdog d.u.i.k.p.r.p.ForkedTestFileRunner Timeout watcher launched (1000 secs.) 
458        INFO  main            d.u.i.k.p.r.p.TestFile    Now processing file /home/runner/work/key/key/key.core/../key.ui/examples/InformationFlow/MethodContracts/contract.IFMethodContract(contract.IFMethodContract__secure_recursion_2((I,int)).Non-interference contract.0.m.key 
603        INFO  main            d.u.i.k.p.i.AbstractProblemLoader Loading environment from /home/runner/work/key/key/key.core/../key.ui/examples/InformationFlow/MethodContracts/contract.IFMethodContract(contract.IFMethodContract__secure_recursion_2((I,int)).Non-interference contract.0.m.key 
627        DEBUG main            d.u.i.k.p.i.AbstractProblemLoader Environment load took 1.95ms 
930        INFO  main            d.u.i.k.p.i.AbstractProblemLoader Creating init config 
2204       DEBUG main            d.u.i.k.j.TypeConverter   No LDT found for Meta 
2205       DEBUG main            d.u.i.k.j.TypeConverter   No LDT found for Meta 
2209       DEBUG main            d.u.i.k.j.TypeConverter   No LDT found for Meta 
2209       DEBUG main            d.u.i.k.j.TypeConverter   No LDT found for Meta 
3977       DEBUG main            d.u.i.k.j.TypeConverter   No LDT found for JavaBigintExpression 
10430      DEBUG main            d.u.i.k.p.i.AbstractProblemLoader Init config took 9.5s 
10597      INFO  main            d.u.i.k.p.i.AbstractProblemLoader Replaying proof contract.IFMethodContract[contract.IFMethodContract::secure_recursion_2([I,int)].Non-interference contract.0 
10691      DEBUG main            d.u.i.k.p.i.IntermediateProofReplayer Proof replay took 564.41ns 
10774      DEBUG main            d.u.i.k.m.s.ProofScriptEngine [1] goal: 0, source line: 51, command: 'macro 'infflow-autopilot'' 
11271      DEBUG main            d.u.i.k.p.m.ProofCorrectnessMgt No justification found for rule Class_invariant_axiom_for_contract_IFMethodContract 
11810      DEBUG main            d.u.i.k.p.m.ProofCorrectnessMgt No justification found for rule Class_invariant_axiom_for_contract_IFMethodContract 
11813      DEBUG main            d.u.i.k.p.m.ProofCorrectnessMgt No justification found for rule Class_invariant_axiom_for_contract_IFMethodContract 
12088      DEBUG main            d.u.i.k.p.m.ProofCorrectnessMgt No justification found for rule Class_invariant_axiom_for_contract_IFMethodContract 
16008      INFO  main            d.u.i.k.p.r.p.TestFile    ... finished proof: closed. 
16185      INFO  main            d.u.i.k.p.r.p.TestFile    Now processing file /home/runner/work/key/key/key.core/../key.ui/examples/InformationFlow/MethodContracts/contract.IFMethodContract(contract.IFMethodContract__secure_recursion(int)).Non-interference contract.0.m.key 
16186      INFO  main            d.u.i.k.p.i.AbstractProblemLoader Loading environment from /home/runner/work/key/key/key.core/../key.ui/examples/InformationFlow/MethodContracts/contract.IFMethodContract(contract.IFMethodContract__secure_recursion(int)).Non-interference contract.0.m.key 
16188      DEBUG main            d.u.i.k.p.i.AbstractProblemLoader Environment load took 2.2ms 
16192      INFO  main            d.u.i.k.p.i.AbstractProblemLoader Creating init config 
19699      DEBUG main            d.u.i.k.p.i.AbstractProblemLoader Init config took 3.51s 
19766      INFO  main            d.u.i.k.p.i.AbstractProblemLoader Replaying proof contract.IFMethodContract[contract.IFMethodContract::secure_recursion(int)].Non-interference contract.0 
19770      DEBUG main            d.u.i.k.p.i.IntermediateProofReplayer Proof replay took 12.5ns 
19771      DEBUG main            d.u.i.k.m.s.ProofScriptEngine [1] goal: 0, source line: 51, command: 'macro 'infflow-autopilot'' 
19836      DEBUG main            d.u.i.k.p.m.ProofCorrectnessMgt No justification found for rule Class_invariant_axiom_for_contract_IFMethodContract 
19922      DEBUG main            d.u.i.k.p.m.ProofCorrectnessMgt No justification found for rule Class_invariant_axiom_for_contract_IFMethodContract 
19923      DEBUG main            d.u.i.k.p.m.ProofCorrectnessMgt No justification found for rule Class_invariant_axiom_for_contract_IFMethodContract 
19998      DEBUG main            d.u.i.k.p.m.ProofCorrectnessMgt No justification found for rule Class_invariant_axiom_for_contract_IFMethodContract 
20550      INFO  main            d.u.i.k.p.r.p.TestFile    ... finished proof: closed. 
20758      INFO  main            d.u.i.k.p.r.p.TestFile    Now processing file /home/runner/work/key/key/key.core/../key.ui/examples/InformationFlow/MethodContracts/contract.IFMethodContract(contract.IFMethodContract__secure_catch_exception()).Non-interference contract.0.m.key 
20759      INFO  main            d.u.i.k.p.i.AbstractProblemLoader Loading environment from /home/runner/work/key/key/key.core/../key.ui/examples/InformationFlow/MethodContracts/contract.IFMethodContract(contract.IFMethodContract__secure_catch_exception()).Non-interference contract.0.m.key 
20759      DEBUG main            d.u.i.k.p.i.AbstractProblemLoader Environment load took 155.4ns 
20762      INFO  main            d.u.i.k.p.i.AbstractProblemLoader Creating init config 
23976      DEBUG main            d.u.i.k.p.i.AbstractProblemLoader Init config took 3.21s 
24099      INFO  main            d.u.i.k.p.i.AbstractProblemLoader Replaying proof contract.IFMethodContract[contract.IFMethodContract::secure_catch_exception()].Non-interference contract.0 
24103      DEBUG main            d.u.i.k.p.i.IntermediateProofReplayer Proof replay took 14.1ns 
24104      DEBUG main            d.u.i.k.m.s.ProofScriptEngine [1] goal: 0, source line: 51, command: 'macro 'infflow-autopilot'' 
24156      DEBUG main            d.u.i.k.p.m.ProofCorrectnessMgt No justification found for rule Class_invariant_axiom_for_contract_IFMethodContract 
24504      INFO  main            d.u.i.k.p.r.p.TestFile    ... finished proof: closed. 
24692      INFO  main            d.u.i.k.p.r.p.TestFile    Now processing file /home/runner/work/key/key/key.core/../key.ui/examples/InformationFlow/MethodContracts/contract.IFMethodContract(contract.IFMethodContract__n6()).Non-interference contract.0.m.key 
24693      INFO  main            d.u.i.k.p.i.AbstractProblemLoader Loading environment from /home/runner/work/key/key/key.core/../key.ui/examples/InformationFlow/MethodContracts/contract.IFMethodContract(contract.IFMethodContract__n6()).Non-interference contract.0.m.key 
24694      DEBUG main            d.u.i.k.p.i.AbstractProblemLoader Environment load took 83.3ns 
24697      INFO  main            d.u.i.k.p.i.AbstractProblemLoader Creating init config 
27941      DEBUG main            d.u.i.k.p.i.AbstractProblemLoader Init config took 3.24s 
28001      INFO  main            d.u.i.k.p.i.AbstractProblemLoader Replaying proof contract.IFMethodContract[contract.IFMethodContract::n6()].Non-interference contract.0 
28004      DEBUG main            d.u.i.k.p.i.IntermediateProofReplayer Proof replay took 14.9ns 
28005      DEBUG main            d.u.i.k.m.s.ProofScriptEngine [1] goal: 0, source line: 51, command: 'macro 'infflow-autopilot'' 
28080      DEBUG main            d.u.i.k.p.m.ProofCorrectnessMgt No justification found for rule Class_invariant_axiom_for_contract_IFMethodContract 
28209      INFO  main            d.u.i.k.p.r.p.TestFile    ... finished proof: closed. 
28378      INFO  main            d.u.i.k.p.r.p.TestFile    Now processing file /home/runner/work/key/key/key.core/../key.ui/examples/InformationFlow/MethodContracts/contract.IFMethodContract(contract.IFMethodContract__secure_n6()).Non-interference contract.0.m.key 
28378      INFO  main            d.u.i.k.p.i.AbstractProblemLoader Loading environment from /home/runner/work/key/key/key.core/../key.ui/examples/InformationFlow/MethodContracts/contract.IFMethodContract(contract.IFMethodContract__secure_n6()).Non-interference contract.0.m.key 
28378      DEBUG main            d.u.i.k.p.i.AbstractProblemLoader Environment load took 123.11ns 
28380      INFO  main            d.u.i.k.p.i.AbstractProblemLoader Creating init config 
31647      DEBUG main            d.u.i.k.p.i.AbstractProblemLoader Init config took 3.27s 
31717      INFO  main            d.u.i.k.p.i.AbstractProblemLoader Replaying proof contract.IFMethodContract[contract.IFMethodContract::secure_n6()].Non-interference contract.0 
31720      DEBUG main            d.u.i.k.p.i.IntermediateProofReplayer Proof replay took 31.7ns 
31722      DEBUG main            d.u.i.k.m.s.ProofScriptEngine [1] goal: 0, source line: 51, command: 'macro 'infflow-autopilot'' 
31767      DEBUG main            d.u.i.k.p.m.ProofCorrectnessMgt No justification found for rule Class_invariant_axiom_for_contract_IFMethodContract 
31793      DEBUG main            d.u.i.k.p.m.ProofCorrectnessMgt No justification found for rule Class_invariant_axiom_for_contract_IFMethodContract 
31794      DEBUG main            d.u.i.k.p.m.ProofCorrectnessMgt No justification found for rule Class_invariant_axiom_for_contract_IFMethodContract 
31812      DEBUG main            d.u.i.k.p.m.ProofCorrectnessMgt No justification found for rule Class_invariant_axiom_for_contract_IFMethodContract 
31980      INFO  main            d.u.i.k.p.r.p.TestFile    ... finished proof: closed. 
32161      INFO  main            d.u.i.k.p.r.p.TestFile    Now processing file /home/runner/work/key/key/key.core/../key.ui/examples/InformationFlow/MethodContracts/contract.IFMethodContract(contract.IFMethodContract__secure_array_param((I,int)).Non-interference contract.0.m.key 
32162      INFO  main            d.u.i.k.p.i.AbstractProblemLoader Loading environment from /home/runner/work/key/key/key.core/../key.ui/examples/InformationFlow/MethodContracts/contract.IFMethodContract(contract.IFMethodContract__secure_array_param((I,int)).Non-interference contract.0.m.key 
32162      DEBUG main            d.u.i.k.p.i.AbstractProblemLoader Environment load took 71.8ns 
32164      INFO  main            d.u.i.k.p.i.AbstractProblemLoader Creating init config 
35173      DEBUG main            d.u.i.k.p.i.AbstractProblemLoader Init config took 3.01s 
35229      INFO  main            d.u.i.k.p.i.AbstractProblemLoader Replaying proof contract.IFMethodContract[contract.IFMethodContract::secure_array_param([I,int)].Non-interference contract.0 
35233      DEBUG main            d.u.i.k.p.i.IntermediateProofReplayer Proof replay took 16.7ns 
35234      DEBUG main            d.u.i.k.m.s.ProofScriptEngine [1] goal: 0, source line: 51, command: 'macro 'infflow-autopilot'' 
35299      DEBUG main            d.u.i.k.p.m.ProofCorrectnessMgt No justification found for rule Class_invariant_axiom_for_contract_IFMethodContract 
35349      DEBUG main            d.u.i.k.p.m.ProofCorrectnessMgt No justification found for rule Class_invariant_axiom_for_contract_IFMethodContract 
35350      DEBUG main            d.u.i.k.p.m.ProofCorrectnessMgt No justification found for rule Class_invariant_axiom_for_contract_IFMethodContract 
35411      DEBUG main            d.u.i.k.p.m.ProofCorrectnessMgt No justification found for rule Class_invariant_axiom_for_contract_IFMethodContract 
37125      INFO  main            d.u.i.k.p.r.p.TestFile    ... finished proof: closed. 
37342      INFO  main            d.u.i.k.p.r.p.TestFile    Now processing file /home/runner/work/key/key/key.core/../key.ui/examples/InformationFlow/MethodContracts/contract.IFMethodContract(contract.IFMethodContract__secure_assignment_0_n9()).Non-interference contract.0.m.key 
37342      INFO  main            d.u.i.k.p.i.AbstractProblemLoader Loading environment from /home/runner/work/key/key/key.core/../key.ui/examples/InformationFlow/MethodContracts/contract.IFMethodContract(contract.IFMethodContract__secure_assignment_0_n9()).Non-interference contract.0.m.key 
37342      DEBUG main            d.u.i.k.p.i.AbstractProblemLoader Environment load took 106.4ns 
37344      INFO  main            d.u.i.k.p.i.AbstractProblemLoader Creating init config 
40557      DEBUG main            d.u.i.k.p.i.AbstractProblemLoader Init config took 3.21s 
40608      INFO  main            d.u.i.k.p.i.AbstractProblemLoader Replaying proof contract.IFMethodContract[contract.IFMethodContract::secure_assignment_0_n9()].Non-interference contract.0 
40611      DEBUG main            d.u.i.k.p.i.IntermediateProofReplayer Proof replay took 14.3ns 
40612      DEBUG main            d.u.i.k.m.s.ProofScriptEngine [1] goal: 0, source line: 51, command: 'macro 'infflow-autopilot'' 
40656      DEBUG main            d.u.i.k.p.m.ProofCorrectnessMgt No justification found for rule Class_invariant_axiom_for_contract_IFMethodContract 
40720      DEBUG main            d.u.i.k.p.m.ProofCorrectnessMgt No justification found for rule Class_invariant_axiom_for_contract_IFMethodContract 
40721      DEBUG main            d.u.i.k.p.m.ProofCorrectnessMgt No justification found for rule Class_invariant_axiom_for_contract_IFMethodContract 
40734      DEBUG main            d.u.i.k.p.m.ProofCorrectnessMgt No justification found for rule Class_invariant_axiom_for_contract_IFMethodContract 
40871      INFO  main            d.u.i.k.p.r.p.TestFile    ... finished proof: closed. 
41066      INFO  main            d.u.i.k.p.r.p.TestFile    Now processing file /home/runner/work/key/key/key.core/../key.ui/examples/InformationFlow/MethodContracts/contract.IFMethodContract(contract.IFMethodContract__insecure_if_high_n5_n1()).Non-interference contract.0.m.key 
41068      INFO  main            d.u.i.k.p.i.AbstractProblemLoader Loading environment from /home/runner/work/key/key/key.core/../key.ui/examples/InformationFlow/MethodContracts/contract.IFMethodContract(contract.IFMethodContract__insecure_if_high_n5_n1()).Non-interference contract.0.m.key 
41069      DEBUG main            d.u.i.k.p.i.AbstractProblemLoader Environment load took 272.61ns 
41070      INFO  main            d.u.i.k.p.i.AbstractProblemLoader Creating init config 
44143      DEBUG main            d.u.i.k.p.i.AbstractProblemLoader Init config took 3.07s 
44196      INFO  main            d.u.i.k.p.i.AbstractProblemLoader Replaying proof contract.IFMethodContract[contract.IFMethodContract::insecure_if_high_n5_n1()].Non-interference contract.0 
44199      DEBUG main            d.u.i.k.p.i.IntermediateProofReplayer Proof replay took 16.5ns 
44200      DEBUG main            d.u.i.k.m.s.ProofScriptEngine [1] goal: 0, source line: 51, command: 'macro 'infflow-autopilot'' 
44245      DEBUG main            d.u.i.k.p.m.ProofCorrectnessMgt No justification found for rule Class_invariant_axiom_for_contract_IFMethodContract 
44312      DEBUG main            d.u.i.k.p.m.ProofCorrectnessMgt No justification found for rule Class_invariant_axiom_for_contract_IFMethodContract 
44312      DEBUG main            d.u.i.k.p.m.ProofCorrectnessMgt No justification found for rule Class_invariant_axiom_for_contract_IFMethodContract 
44367      DEBUG main            d.u.i.k.p.m.ProofCorrectnessMgt No justification found for rule Class_invariant_axiom_for_contract_IFMethodContract 
44367      DEBUG main            d.u.i.k.p.m.ProofCorrectnessMgt No justification found for rule Class_invariant_axiom_for_contract_IFMethodContract 
44391      DEBUG main            d.u.i.k.p.m.ProofCorrectnessMgt No justification found for rule Class_invariant_axiom_for_contract_IFMethodContract 
44392      DEBUG main            d.u.i.k.p.m.ProofCorrectnessMgt No justification found for rule Class_invariant_axiom_for_contract_IFMethodContract 
44422      DEBUG main            d.u.i.k.p.m.ProofCorrectnessMgt No justification found for rule Class_invariant_axiom_for_contract_IFMethodContract 
44433      DEBUG main            d.u.i.k.p.m.ProofCorrectnessMgt No justification found for rule Class_invariant_axiom_for_contract_IFMethodContract 
44451      DEBUG main            d.u.i.k.p.m.ProofCorrectnessMgt No justification found for rule Class_invariant_axiom_for_contract_IFMethodContract 
45288      INFO  main            d.u.i.k.p.r.p.TestFile    ... finished proof: open goal(s) 
45500      INFO  main            d.u.i.k.p.r.p.TestFile    Now processing file /home/runner/work/key/key/key.core/../key.ui/examples/InformationFlow/MethodContracts/contract.IFMethodContract(contract.IFMethodContract__n5(int)).Non-interference contract.0.m.key 
45500      INFO  main            d.u.i.k.p.i.AbstractProblemLoader Loading environment from /home/runner/work/key/key/key.core/../key.ui/examples/InformationFlow/MethodContracts/contract.IFMethodContract(contract.IFMethodContract__n5(int)).Non-interference contract.0.m.key 
45500      DEBUG main            d.u.i.k.p.i.AbstractProblemLoader Environment load took 83.5ns 
45506      INFO  main            d.u.i.k.p.i.AbstractProblemLoader Creating init config 
48587      DEBUG main            d.u.i.k.p.i.AbstractProblemLoader Init config took 3.08s 
48643      INFO  main            d.u.i.k.p.i.AbstractProblemLoader Replaying proof contract.IFMethodContract[contract.IFMethodContract::n5(int)].Non-interference contract.0 
48646      DEBUG main            d.u.i.k.p.i.IntermediateProofReplayer Proof replay took 34.8ns 
48647      DEBUG main            d.u.i.k.m.s.ProofScriptEngine [1] goal: 0, source line: 51, command: 'macro 'infflow-autopilot'' 
48704      DEBUG main            d.u.i.k.p.m.ProofCorrectnessMgt No justification found for rule Class_invariant_axiom_for_contract_IFMethodContract 
48841      INFO  main            d.u.i.k.p.r.p.TestFile    ... finished proof: closed. 
49066      INFO  main            d.u.i.k.p.r.p.TestFile    Now processing file /home/runner/work/key/key/key.core/../key.ui/examples/InformationFlow/MethodContracts/contract.IFMethodContract(contract.IFMethodContract__secure_if_high_n5_n1()).Non-interference contract.0.m.key 
49066      INFO  main            d.u.i.k.p.i.AbstractProblemLoader Loading environment from /home/runner/work/key/key/key.core/../key.ui/examples/InformationFlow/MethodContracts/contract.IFMethodContract(contract.IFMethodContract__secure_if_high_n5_n1()).Non-interference contract.0.m.key 
49066      DEBUG main            d.u.i.k.p.i.AbstractProblemLoader Environment load took 111.3ns 
49068      INFO  main            d.u.i.k.p.i.AbstractProblemLoader Creating init config 
52118      DEBUG main            d.u.i.k.p.i.AbstractProblemLoader Init config took 3.05s 
52179      INFO  main            d.u.i.k.p.i.AbstractProblemLoader Replaying proof contract.IFMethodContract[contract.IFMethodContract::secure_if_high_n5_n1()].Non-interference contract.0 
52182      DEBUG main            d.u.i.k.p.i.IntermediateProofReplayer Proof replay took 17.3ns 
52183      DEBUG main            d.u.i.k.m.s.ProofScriptEngine [1] goal: 0, source line: 51, command: 'macro 'infflow-autopilot'' 
52230      DEBUG main            d.u.i.k.p.m.ProofCorrectnessMgt No justification found for rule Class_invariant_axiom_for_contract_IFMethodContract 
52347      DEBUG main            d.u.i.k.p.m.ProofCorrectnessMgt No justification found for rule Class_invariant_axiom_for_contract_IFMethodContract 
52348      DEBUG main            d.u.i.k.p.m.ProofCorrectnessMgt No justification found for rule Class_invariant_axiom_for_contract_IFMethodContract 
52378      DEBUG main            d.u.i.k.p.m.ProofCorrectnessMgt No justification found for rule Class_invariant_axiom_for_contract_IFMethodContract 
52379      DEBUG main            d.u.i.k.p.m.ProofCorrectnessMgt No justification found for rule Class_invariant_axiom_for_contract_IFMethodContract 
52426      DEBUG main            d.u.i.k.p.m.ProofCorrectnessMgt No justification found for rule Class_invariant_axiom_for_contract_IFMethodContract 
52427      DEBUG main            d.u.i.k.p.m.ProofCorrectnessMgt No justification found for rule Class_invariant_axiom_for_contract_IFMethodContract 
52451      DEBUG main            d.u.i.k.p.m.ProofCorrectnessMgt No justification found for rule Class_invariant_axiom_for_contract_IFMethodContract 
52453      DEBUG main            d.u.i.k.p.m.ProofCorrectnessMgt No justification found for rule Class_invariant_axiom_for_contract_IFMethodContract 
52510      DEBUG main            d.u.i.k.p.m.ProofCorrectnessMgt No justification found for rule Class_invariant_axiom_for_contract_IFMethodContract 
52519      DEBUG main            d.u.i.k.p.m.ProofCorrectnessMgt No justification found for rule Class_invariant_axiom_for_contract_IFMethodContract 
52543      DEBUG main            d.u.i.k.p.m.ProofCorrectnessMgt No justification found for rule Class_invariant_axiom_for_contract_IFMethodContract 
52551      DEBUG main            d.u.i.k.p.m.ProofCorrectnessMgt No justification found for rule Class_invariant_axiom_for_contract_IFMethodContract 
53279      INFO  main            d.u.i.k.p.r.p.TestFile    ... finished proof: closed. 
53596      INFO  main            d.u.i.k.p.r.p.TestFile    Now processing file /home/runner/work/key/key/key.core/../key.ui/examples/InformationFlow/MethodContracts/contract.IFMethodContract(contract.IFMethodContract__secure_if_high_n1()).Non-interference contract.0.m.key 
53597      INFO  main            d.u.i.k.p.i.AbstractProblemLoader Loading environment from /home/runner/work/key/key/key.core/../key.ui/examples/InformationFlow/MethodContracts/contract.IFMethodContract(contract.IFMethodContract__secure_if_high_n1()).Non-interference contract.0.m.key 
53597      DEBUG main            d.u.i.k.p.i.AbstractProblemLoader Environment load took 597.41ns 
53598      INFO  main            d.u.i.k.p.i.AbstractProblemLoader Creating init config 
56647      DEBUG main            d.u.i.k.p.i.AbstractProblemLoader Init config took 3.05s 
56697      INFO  main            d.u.i.k.p.i.AbstractProblemLoader Replaying proof contract.IFMethodContract[contract.IFMethodContract::secure_if_high_n1()].Non-interference contract.0 
56700      DEBUG main            d.u.i.k.p.i.IntermediateProofReplayer Proof replay took 14.9ns 
56701      DEBUG main            d.u.i.k.m.s.ProofScriptEngine [1] goal: 0, source line: 51, command: 'macro 'infflow-autopilot'' 
56735      DEBUG main            d.u.i.k.p.m.ProofCorrectnessMgt No justification found for rule Class_invariant_axiom_for_contract_IFMethodContract 
56802      DEBUG main            d.u.i.k.p.m.ProofCorrectnessMgt No justification found for rule Class_invariant_axiom_for_contract_IFMethodContract 
56803      DEBUG main            d.u.i.k.p.m.ProofCorrectnessMgt No justification found for rule Class_invariant_axiom_for_contract_IFMethodContract 
56855      DEBUG main            d.u.i.k.p.m.ProofCorrectnessMgt No justification found for rule Class_invariant_axiom_for_contract_IFMethodContract 
56856      DEBUG main            d.u.i.k.p.m.ProofCorrectnessMgt No justification found for rule Class_invariant_axiom_for_contract_IFMethodContract 
56875      DEBUG main            d.u.i.k.p.m.ProofCorrectnessMgt No justification found for rule Class_invariant_axiom_for_contract_IFMethodContract 
56889      DEBUG main            d.u.i.k.p.m.ProofCorrectnessMgt No justification found for rule Class_invariant_axiom_for_contract_IFMethodContract 
57265      INFO  main            d.u.i.k.p.r.p.TestFile    ... finished proof: closed. 
57562      INFO  main            d.u.i.k.p.r.p.TestFile    Now processing file /home/runner/work/key/key/key.core/../key.ui/examples/InformationFlow/MethodContracts/contract.IFMethodContract(contract.IFMethodContract__secure_n5()).Non-interference contract.0.m.key 
57562      INFO  main            d.u.i.k.p.i.AbstractProblemLoader Loading environment from /home/runner/work/key/key/key.core/../key.ui/examples/InformationFlow/MethodContracts/contract.IFMethodContract(contract.IFMethodContract__secure_n5()).Non-interference contract.0.m.key 
57562      DEBUG main            d.u.i.k.p.i.AbstractProblemLoader Environment load took 73.3ns 
57563      INFO  main            d.u.i.k.p.i.AbstractProblemLoader Creating init config 
60609      DEBUG main            d.u.i.k.p.i.AbstractProblemLoader Init config took 3.05s 
60663      INFO  main            d.u.i.k.p.i.AbstractProblemLoader Replaying proof contract.IFMethodContract[contract.IFMethodContract::secure_n5()].Non-interference contract.0 
60667      DEBUG main            d.u.i.k.p.i.IntermediateProofReplayer Proof replay took 35.8ns 
60668      DEBUG main            d.u.i.k.m.s.ProofScriptEngine [1] goal: 0, source line: 51, command: 'macro 'infflow-autopilot'' 
60716      DEBUG main            d.u.i.k.p.m.ProofCorrectnessMgt No justification found for rule Class_invariant_axiom_for_contract_IFMethodContract 
60772      DEBUG main            d.u.i.k.p.m.ProofCorrectnessMgt No justification found for rule Class_invariant_axiom_for_contract_IFMethodContract 
60773      DEBUG main            d.u.i.k.p.m.ProofCorrectnessMgt No justification found for rule Class_invariant_axiom_for_contract_IFMethodContract 
60787      DEBUG main            d.u.i.k.p.m.ProofCorrectnessMgt No justification found for rule Class_invariant_axiom_for_contract_IFMethodContract 
60961      INFO  main            d.u.i.k.p.r.p.TestFile    ... finished proof: closed. 
61173      INFO  main            d.u.i.k.p.r.p.TestFile    Now processing file /home/runner/work/key/key/key.core/../key.ui/examples/InformationFlow/MethodContracts/contract.IFMethodContract(contract.IFMethodContract__n4()).Non-interference contract.0.m.key 
61173      INFO  main            d.u.i.k.p.i.AbstractProblemLoader Loading environment from /home/runner/work/key/key/key.core/../key.ui/examples/InformationFlow/MethodContracts/contract.IFMethodContract(contract.IFMethodContract__n4()).Non-interference contract.0.m.key 
61174      DEBUG main            d.u.i.k.p.i.AbstractProblemLoader Environment load took 132.6ns 
61175      INFO  main            d.u.i.k.p.i.AbstractProblemLoader Creating init config 
64253      DEBUG main            d.u.i.k.p.i.AbstractProblemLoader Init config took 3.08s 
64311      INFO  main            d.u.i.k.p.i.AbstractProblemLoader Replaying proof contract.IFMethodContract[contract.IFMethodContract::n4()].Non-interference contract.0 
64314      DEBUG main            d.u.i.k.p.i.IntermediateProofReplayer Proof replay took 15ns 
64315      DEBUG main            d.u.i.k.m.s.ProofScriptEngine [1] goal: 0, source line: 51, command: 'macro 'infflow-autopilot'' 
64360      DEBUG main            d.u.i.k.p.m.ProofCorrectnessMgt No justification found for rule Class_invariant_axiom_for_contract_IFMethodContract 
64526      INFO  main            d.u.i.k.p.r.p.TestFile    ... finished proof: closed. 
64758      INFO  main            d.u.i.k.p.r.p.TestFile    Now processing file /home/runner/work/key/key/key.core/../key.ui/examples/InformationFlow/MethodContracts/contract.IFMethodContract(contract.IFMethodContract__n3()).Non-interference contract.0.m.key 
64759      INFO  main            d.u.i.k.p.i.AbstractProblemLoader Loading environment from /home/runner/work/key/key/key.core/../key.ui/examples/InformationFlow/MethodContracts/contract.IFMethodContract(contract.IFMethodContract__n3()).Non-interference contract.0.m.key 
64759      DEBUG main            d.u.i.k.p.i.AbstractProblemLoader Environment load took 93.9ns 
64760      INFO  main            d.u.i.k.p.i.AbstractProblemLoader Creating init config 
68056      DEBUG main            d.u.i.k.p.i.AbstractProblemLoader Init config took 3.3s 
68105      INFO  main            d.u.i.k.p.i.AbstractProblemLoader Replaying proof contract.IFMethodContract[contract.IFMethodContract::n3()].Non-interference contract.0 
68108      DEBUG main            d.u.i.k.p.i.IntermediateProofReplayer Proof replay took 15.8ns 
68109      DEBUG main            d.u.i.k.m.s.ProofScriptEngine [1] goal: 0, source line: 51, command: 'macro 'infflow-autopilot'' 
68147      DEBUG main            d.u.i.k.p.m.ProofCorrectnessMgt No justification found for rule Class_invariant_axiom_for_contract_IFMethodContract 
68239      INFO  main            d.u.i.k.p.r.p.TestFile    ... finished proof: closed. 
68487      INFO  main            d.u.i.k.p.r.p.TestFile    Now processing file /home/runner/work/key/key/key.core/../key.ui/examples/InformationFlow/MethodContracts/contract.IFMethodContract(contract.IFMethodContract__secure_sequential_n3_precond_n4()).Non-interference contract.0.m.key 
68487      INFO  main            d.u.i.k.p.i.AbstractProblemLoader Loading environment from /home/runner/work/key/key/key.core/../key.ui/examples/InformationFlow/MethodContracts/contract.IFMethodContract(contract.IFMethodContract__secure_sequential_n3_precond_n4()).Non-interference contract.0.m.key 
68487      DEBUG main            d.u.i.k.p.i.AbstractProblemLoader Environment load took 80.4ns 
68489      INFO  main            d.u.i.k.p.i.AbstractProblemLoader Creating init config 
71646      DEBUG main            d.u.i.k.p.i.AbstractProblemLoader Init config took 3.16s 
71687      INFO  main            d.u.i.k.p.i.AbstractProblemLoader Replaying proof contract.IFMethodContract[contract.IFMethodContract::secure_sequential_n3_precond_n4()].Non-interference contract.0 
71690      DEBUG main            d.u.i.k.p.i.IntermediateProofReplayer Proof replay took 17.2ns 
71691      DEBUG main            d.u.i.k.m.s.ProofScriptEngine [1] goal: 0, source line: 51, command: 'macro 'infflow-autopilot'' 
71733      DEBUG main            d.u.i.k.p.m.ProofCorrectnessMgt No justification found for rule Class_invariant_axiom_for_contract_IFMethodContract 
71763      DEBUG main            d.u.i.k.p.m.ProofCorrectnessMgt No justification found for rule Class_invariant_axiom_for_contract_IFMethodContract 
71764      DEBUG main            d.u.i.k.p.m.ProofCorrectnessMgt No justification found for rule Class_invariant_axiom_for_contract_IFMethodContract 
71788      DEBUG main            d.u.i.k.p.m.ProofCorrectnessMgt No justification found for rule Class_invariant_axiom_for_contract_IFMethodContract 
71789      DEBUG main            d.u.i.k.p.m.ProofCorrectnessMgt No justification found for rule Class_invariant_axiom_for_contract_IFMethodContract 
71812      DEBUG main            d.u.i.k.p.m.ProofCorrectnessMgt No justification found for rule Class_invariant_axiom_for_contract_IFMethodContract 
71816      DEBUG main            d.u.i.k.p.m.ProofCorrectnessMgt No justification found for rule Class_invariant_axiom_for_contract_IFMethodContract 
72132      INFO  main            d.u.i.k.p.r.p.TestFile    ... finished proof: closed. 
72370      INFO  main            d.u.i.k.p.r.p.TestFile    Now processing file /home/runner/work/key/key/key.core/../key.ui/examples/InformationFlow/MethodContracts/contract.IFMethodContract(contract.IFMethodContract__insecure_assignment_n2()).Non-interference contract.0.m.key 
72370      INFO  main            d.u.i.k.p.i.AbstractProblemLoader Loading environment from /home/runner/work/key/key/key.core/../key.ui/examples/InformationFlow/MethodContracts/contract.IFMethodContract(contract.IFMethodContract__insecure_assignment_n2()).Non-interference contract.0.m.key 
72371      DEBUG main            d.u.i.k.p.i.AbstractProblemLoader Environment load took 671.51ns 
72373      INFO  main            d.u.i.k.p.i.AbstractProblemLoader Creating init config 
75462      DEBUG main            d.u.i.k.p.i.AbstractProblemLoader Init config took 3.09s 
75507      INFO  main            d.u.i.k.p.i.AbstractProblemLoader Replaying proof contract.IFMethodContract[contract.IFMethodContract::insecure_assignment_n2()].Non-interference contract.0 
75510      DEBUG main            d.u.i.k.p.i.IntermediateProofReplayer Proof replay took 16.3ns 
75511      DEBUG main            d.u.i.k.m.s.ProofScriptEngine [1] goal: 0, source line: 51, command: 'macro 'infflow-autopilot'' 
75549      DEBUG main            d.u.i.k.p.m.ProofCorrectnessMgt No justification found for rule Class_invariant_axiom_for_contract_IFMethodContract 
75587      DEBUG main            d.u.i.k.p.m.ProofCorrectnessMgt No justification found for rule Class_invariant_axiom_for_contract_IFMethodContract 
75588      DEBUG main            d.u.i.k.p.m.ProofCorrectnessMgt No justification found for rule Class_invariant_axiom_for_contract_IFMethodContract 
75601      DEBUG main            d.u.i.k.p.m.ProofCorrectnessMgt No justification found for rule Class_invariant_axiom_for_contract_IFMethodContract 
75924      INFO  main            d.u.i.k.p.r.p.TestFile    ... finished proof: open goal(s) 
76174      INFO  main            d.u.i.k.p.r.p.TestFile    Now processing file /home/runner/work/key/key/key.core/../key.ui/examples/InformationFlow/MethodContracts/contract.IFMethodContract(contract.IFMethodContract__secure_assignments_n2()).Non-interference contract.0.m.key 
76176      INFO  main            d.u.i.k.p.i.AbstractProblemLoader Loading environment from /home/runner/work/key/key/key.core/../key.ui/examples/InformationFlow/MethodContracts/contract.IFMethodContract(contract.IFMethodContract__secure_assignments_n2()).Non-interference contract.0.m.key 
76176      DEBUG main            d.u.i.k.p.i.AbstractProblemLoader Environment load took 321.01ns 
76178      INFO  main            d.u.i.k.p.i.AbstractProblemLoader Creating init config 
79362      DEBUG main            d.u.i.k.p.i.AbstractProblemLoader Init config took 3.18s 
79419      INFO  main            d.u.i.k.p.i.AbstractProblemLoader Replaying proof contract.IFMethodContract[contract.IFMethodContract::secure_assignments_n2()].Non-interference contract.0 
79422      DEBUG main            d.u.i.k.p.i.IntermediateProofReplayer Proof replay took 33.8ns 
79423      DEBUG main            d.u.i.k.m.s.ProofScriptEngine [1] goal: 0, source line: 51, command: 'macro 'infflow-autopilot'' 
79459      DEBUG main            d.u.i.k.p.m.ProofCorrectnessMgt No justification found for rule Class_invariant_axiom_for_contract_IFMethodContract 
79524      DEBUG main            d.u.i.k.p.m.ProofCorrectnessMgt No justification found for rule Class_invariant_axiom_for_contract_IFMethodContract 
79525      DEBUG main            d.u.i.k.p.m.ProofCorrectnessMgt No justification found for rule Class_invariant_axiom_for_contract_IFMethodContract 
79543      DEBUG main            d.u.i.k.p.m.ProofCorrectnessMgt No justification found for rule Class_invariant_axiom_for_contract_IFMethodContract 
79835      INFO  main            d.u.i.k.p.r.p.TestFile    ... finished proof: closed. 
80118      INFO  main            d.u.i.k.p.r.p.TestFile    Now processing file /home/runner/work/key/key/key.core/../key.ui/examples/InformationFlow/MethodContracts/contract.IFMethodContract(contract.IFMethodContract__n2()).Non-interference contract.0.m.key 
80118      INFO  main            d.u.i.k.p.i.AbstractProblemLoader Loading environment from /home/runner/work/key/key/key.core/../key.ui/examples/InformationFlow/MethodContracts/contract.IFMethodContract(contract.IFMethodContract__n2()).Non-interference contract.0.m.key 
80118      DEBUG main            d.u.i.k.p.i.AbstractProblemLoader Environment load took 94.2ns 
80120      INFO  main            d.u.i.k.p.i.AbstractProblemLoader Creating init config 
83335      DEBUG main            d.u.i.k.p.i.AbstractProblemLoader Init config took 3.21s 
83379      INFO  main            d.u.i.k.p.i.AbstractProblemLoader Replaying proof contract.IFMethodContract[contract.IFMethodContract::n2()].Non-interference contract.0 
83382      DEBUG main            d.u.i.k.p.i.IntermediateProofReplayer Proof replay took 48.3ns 
83383      DEBUG main            d.u.i.k.m.s.ProofScriptEngine [1] goal: 0, source line: 51, command: 'macro 'infflow-autopilot'' 
83420      DEBUG main            d.u.i.k.p.m.ProofCorrectnessMgt No justification found for rule Class_invariant_axiom_for_contract_IFMethodContract 
83534      INFO  main            d.u.i.k.p.r.p.TestFile    ... finished proof: closed. 
83788      INFO  main            d.u.i.k.p.r.p.TestFile    Now processing file /home/runner/work/key/key/key.core/../key.ui/examples/InformationFlow/MethodContracts/contract.IFMethodContract(contract.IFMethodContract__n1()).Non-interference contract.0.m.key 
83789      INFO  main            d.u.i.k.p.i.AbstractProblemLoader Loading environment from /home/runner/work/key/key/key.core/../key.ui/examples/InformationFlow/MethodContracts/contract.IFMethodContract(contract.IFMethodContract__n1()).Non-interference contract.0.m.key 
83789      DEBUG main            d.u.i.k.p.i.AbstractProblemLoader Environment load took 88.2ns 
83790      INFO  main            d.u.i.k.p.i.AbstractProblemLoader Creating init config 
86837      DEBUG main            d.u.i.k.p.i.AbstractProblemLoader Init config took 3.05s 
86876      INFO  main            d.u.i.k.p.i.AbstractProblemLoader Replaying proof contract.IFMethodContract[contract.IFMethodContract::n1()].Non-interference contract.0 
86879      DEBUG main            d.u.i.k.p.i.IntermediateProofReplayer Proof replay took 31.4ns 
86880      DEBUG main            d.u.i.k.m.s.ProofScriptEngine [1] goal: 0, source line: 51, command: 'macro 'infflow-autopilot'' 
86915      DEBUG main            d.u.i.k.p.m.ProofCorrectnessMgt No justification found for rule Class_invariant_axiom_for_contract_IFMethodContract 
87016      INFO  main            d.u.i.k.p.r.p.TestFile    ... finished proof: closed. 
87234      INFO  main            d.u.i.k.p.r.p.TestFile    Now processing file /home/runner/work/key/key/key.core/../key.ui/examples/InformationFlow/MethodContracts/contract.IFMethodContract(contract.IFMethodContract__secure_sequential_n1_n2()).Non-interference contract.0.m.key 
87235      INFO  main            d.u.i.k.p.i.AbstractProblemLoader Loading environment from /home/runner/work/key/key/key.core/../key.ui/examples/InformationFlow/MethodContracts/contract.IFMethodContract(contract.IFMethodContract__secure_sequential_n1_n2()).Non-interference contract.0.m.key 
87235      DEBUG main            d.u.i.k.p.i.AbstractProblemLoader Environment load took 124.7ns 
87236      INFO  main            d.u.i.k.p.i.AbstractProblemLoader Creating init config 
90252      DEBUG main            d.u.i.k.p.i.AbstractProblemLoader Init config took 3.02s 
90295      INFO  main            d.u.i.k.p.i.AbstractProblemLoader Replaying proof contract.IFMethodContract[contract.IFMethodContract::secure_sequential_n1_n2()].Non-interference contract.0 
90300      DEBUG main            d.u.i.k.p.i.IntermediateProofReplayer Proof replay took 21.4ns 
90301      DEBUG main            d.u.i.k.m.s.ProofScriptEngine [1] goal: 0, source line: 51, command: 'macro 'infflow-autopilot'' 
90332      DEBUG main            d.u.i.k.p.m.ProofCorrectnessMgt No justification found for rule Class_invariant_axiom_for_contract_IFMethodContract 
90354      DEBUG main            d.u.i.k.p.m.ProofCorrectnessMgt No justification found for rule Class_invariant_axiom_for_contract_IFMethodContract 
90354      DEBUG main            d.u.i.k.p.m.ProofCorrectnessMgt No justification found for rule Class_invariant_axiom_for_contract_IFMethodContract 
90373      DEBUG main            d.u.i.k.p.m.ProofCorrectnessMgt No justification found for rule Class_invariant_axiom_for_contract_IFMethodContract 
90373      DEBUG main            d.u.i.k.p.m.ProofCorrectnessMgt No justification found for rule Class_invariant_axiom_for_contract_IFMethodContract 
90387      DEBUG main            d.u.i.k.p.m.ProofCorrectnessMgt No justification found for rule Class_invariant_axiom_for_contract_IFMethodContract 
90390      DEBUG main            d.u.i.k.p.m.ProofCorrectnessMgt No justification found for rule Class_invariant_axiom_for_contract_IFMethodContract 
90603      INFO  main            d.u.i.k.p.r.p.TestFile    ... finished proof: closed. 
2315285    INFO  Test worker     d.u.i.k.p.r.RunAllProofsTestUnit Returning from test MethodContracts_fullmacro 
2315286    INFO  Test worker     d.u.i.k.p.r.RunAllProofsTestUnit Running test InformationFlow_fullmacro 
463        INFO  Timeout watchdog d.u.i.k.p.r.p.ForkedTestFileRunner Timeout watcher launched (1000 secs.) 
511        WARN  main            d.u.i.k.s.ProofSettings   The settings in /home/runner/.key/proof-settings.props are *not* read. 
555        INFO  main            d.u.i.k.p.r.p.TestFile    Now processing file /home/runner/work/key/key/key.core/../key.ui/examples/InformationFlow/LoopInvariants/loop.IFLoopExamples(loop.IFLoopExamples__insecure_while_3(int)).Non-interference contract.0.m.key 
705        INFO  main            d.u.i.k.p.i.AbstractProblemLoader Loading environment from /home/runner/work/key/key/key.core/../key.ui/examples/InformationFlow/LoopInvariants/loop.IFLoopExamples(loop.IFLoopExamples__insecure_while_3(int)).Non-interference contract.0.m.key 
727        DEBUG main            d.u.i.k.p.i.AbstractProblemLoader Environment load took 2.18ms 
1000       INFO  main            d.u.i.k.p.i.AbstractProblemLoader Creating init config 
2103       DEBUG main            d.u.i.k.j.TypeConverter   No LDT found for Meta 
2106       DEBUG main            d.u.i.k.j.TypeConverter   No LDT found for Meta 
2107       DEBUG main            d.u.i.k.j.TypeConverter   No LDT found for Meta 
2107       DEBUG main            d.u.i.k.j.TypeConverter   No LDT found for Meta 
3696       DEBUG main            d.u.i.k.j.TypeConverter   No LDT found for JavaBigintExpression 
10699      DEBUG main            d.u.i.k.p.i.AbstractProblemLoader Init config took 9.7s 
10894      INFO  main            d.u.i.k.p.i.AbstractProblemLoader Replaying proof loop.IFLoopExamples[loop.IFLoopExamples::insecure_while_3(int)].Non-interference contract.0 
11002      DEBUG main            d.u.i.k.p.i.IntermediateProofReplayer Proof replay took 694.91ns 
11096      DEBUG main            d.u.i.k.m.s.ProofScriptEngine [1] goal: 0, source line: 51, command: 'macro 'infflow-autopilot'' 
11521      DEBUG main            d.u.i.k.p.m.ProofCorrectnessMgt No justification found for rule Class_invariant_axiom_for_loop_IFLoopExamples 
17726      INFO  main            d.u.i.k.p.r.p.TestFile    ... finished proof: open goal(s) 
17940      INFO  main            d.u.i.k.p.r.p.TestFile    Now processing file /home/runner/work/key/key/key.core/../key.ui/examples/InformationFlow/LoopInvariants/loop.IFLoopExamples(loop.IFLoopExamples__secure_while_2(int)).Non-interference contract.0.m.key 
17941      INFO  main            d.u.i.k.p.i.AbstractProblemLoader Loading environment from /home/runner/work/key/key/key.core/../key.ui/examples/InformationFlow/LoopInvariants/loop.IFLoopExamples(loop.IFLoopExamples__secure_while_2(int)).Non-interference contract.0.m.key 
17941      DEBUG main            d.u.i.k.p.i.AbstractProblemLoader Environment load took 251.5ns 
17948      INFO  main            d.u.i.k.p.i.AbstractProblemLoader Creating init config 
22084      DEBUG main            d.u.i.k.p.i.AbstractProblemLoader Init config took 4.14s 
22152      INFO  main            d.u.i.k.p.i.AbstractProblemLoader Replaying proof loop.IFLoopExamples[loop.IFLoopExamples::secure_while_2(int)].Non-interference contract.0 
22157      DEBUG main            d.u.i.k.p.i.IntermediateProofReplayer Proof replay took 14.9ns 
22158      DEBUG main            d.u.i.k.m.s.ProofScriptEngine [1] goal: 0, source line: 51, command: 'macro 'infflow-autopilot'' 
22228      DEBUG main            d.u.i.k.p.m.ProofCorrectnessMgt No justification found for rule Class_invariant_axiom_for_loop_IFLoopExamples 
23893      INFO  main            d.u.i.k.p.r.p.TestFile    ... finished proof: closed. 
24153      INFO  main            d.u.i.k.p.r.p.TestFile    Now processing file /home/runner/work/key/key/key.core/../key.ui/examples/InformationFlow/LoopInvariants/loop.IFLoopExamples(loop.IFLoopExamples__secure_while_4(int)).Non-interference contract.0.m.key 
24154      INFO  main            d.u.i.k.p.i.AbstractProblemLoader Loading environment from /home/runner/work/key/key/key.core/../key.ui/examples/InformationFlow/LoopInvariants/loop.IFLoopExamples(loop.IFLoopExamples__secure_while_4(int)).Non-interference contract.0.m.key 
24154      DEBUG main            d.u.i.k.p.i.AbstractProblemLoader Environment load took 348.3ns 
24156      INFO  main            d.u.i.k.p.i.AbstractProblemLoader Creating init config 
28049      DEBUG main            d.u.i.k.p.i.AbstractProblemLoader Init config took 3.89s 
28121      INFO  main            d.u.i.k.p.i.AbstractProblemLoader Replaying proof loop.IFLoopExamples[loop.IFLoopExamples::secure_while_4(int)].Non-interference contract.0 
28126      DEBUG main            d.u.i.k.p.i.IntermediateProofReplayer Proof replay took 14.7ns 
28129      DEBUG main            d.u.i.k.m.s.ProofScriptEngine [1] goal: 0, source line: 51, command: 'macro 'infflow-autopilot'' 
28187      DEBUG main            d.u.i.k.p.m.ProofCorrectnessMgt No justification found for rule Class_invariant_axiom_for_loop_IFLoopExamples 
29761      INFO  main            d.u.i.k.p.r.p.TestFile    ... finished proof: closed. 
29962      INFO  main            d.u.i.k.p.r.p.TestFile    Now processing file /home/runner/work/key/key/key.core/../key.ui/examples/InformationFlow/LoopInvariants/loop.IFLoopExamples(loop.IFLoopExamples__insecure_doubleNestedWhile2(int)).Non-interference contract.0.m.key 
29962      INFO  main            d.u.i.k.p.i.AbstractProblemLoader Loading environment from /home/runner/work/key/key/key.core/../key.ui/examples/InformationFlow/LoopInvariants/loop.IFLoopExamples(loop.IFLoopExamples__insecure_doubleNestedWhile2(int)).Non-interference contract.0.m.key 
29962      DEBUG main            d.u.i.k.p.i.AbstractProblemLoader Environment load took 77ns 
29964      INFO  main            d.u.i.k.p.i.AbstractProblemLoader Creating init config 
33646      DEBUG main            d.u.i.k.p.i.AbstractProblemLoader Init config took 3.68s 
33697      INFO  main            d.u.i.k.p.i.AbstractProblemLoader Replaying proof loop.IFLoopExamples[loop.IFLoopExamples::insecure_doubleNestedWhile2(int)].Non-interference contract.0 
33701      DEBUG main            d.u.i.k.p.i.IntermediateProofReplayer Proof replay took 13.1ns 
33702      DEBUG main            d.u.i.k.m.s.ProofScriptEngine [1] goal: 0, source line: 51, command: 'macro 'infflow-autopilot'' 
33748      DEBUG main            d.u.i.k.p.m.ProofCorrectnessMgt No justification found for rule Class_invariant_axiom_for_loop_IFLoopExamples 
275839     INFO  main            d.u.i.k.p.r.p.TestFile    ... finished proof: open goal(s) 
276194     INFO  main            d.u.i.k.p.r.p.TestFile    Now processing file /home/runner/work/key/key/key.core/../key.ui/examples/InformationFlow/LoopInvariants/loop.IFLoopExamples(loop.IFLoopExamples__insecure_doubleNestedWhile(int)).Non-interference contract.0.m.key 
276194     INFO  main            d.u.i.k.p.i.AbstractProblemLoader Loading environment from /home/runner/work/key/key/key.core/../key.ui/examples/InformationFlow/LoopInvariants/loop.IFLoopExamples(loop.IFLoopExamples__insecure_doubleNestedWhile(int)).Non-interference contract.0.m.key 
276195     DEBUG main            d.u.i.k.p.i.AbstractProblemLoader Environment load took 275.7ns 
276196     INFO  main            d.u.i.k.p.i.AbstractProblemLoader Creating init config 
280230     DEBUG main            d.u.i.k.p.i.AbstractProblemLoader Init config took 4.03s 
280286     INFO  main            d.u.i.k.p.i.AbstractProblemLoader Replaying proof loop.IFLoopExamples[loop.IFLoopExamples::insecure_doubleNestedWhile(int)].Non-interference contract.0 
280290     DEBUG main            d.u.i.k.p.i.IntermediateProofReplayer Proof replay took 16.4ns 
280290     DEBUG main            d.u.i.k.m.s.ProofScriptEngine [1] goal: 0, source line: 51, command: 'macro 'infflow-autopilot'' 
280339     DEBUG main            d.u.i.k.p.m.ProofCorrectnessMgt No justification found for rule Class_invariant_axiom_for_loop_IFLoopExamples 
286609     INFO  main            d.u.i.k.p.r.p.TestFile    ... finished proof: open goal(s) 
287027     INFO  main            d.u.i.k.p.r.p.TestFile    Now processing file /home/runner/work/key/key/key.core/../key.ui/examples/InformationFlow/LoopInvariants/loop.IFLoopExamples(loop.IFLoopExamples__secure_doubleNestedWhile(int)).Non-interference contract.0.m.key 
287028     INFO  main            d.u.i.k.p.i.AbstractProblemLoader Loading environment from /home/runner/work/key/key/key.core/../key.ui/examples/InformationFlow/LoopInvariants/loop.IFLoopExamples(loop.IFLoopExamples__secure_doubleNestedWhile(int)).Non-interference contract.0.m.key 
287028     DEBUG main            d.u.i.k.p.i.AbstractProblemLoader Environment load took 720.59ns 
287030     INFO  main            d.u.i.k.p.i.AbstractProblemLoader Creating init config 
290701     DEBUG main            d.u.i.k.p.i.AbstractProblemLoader Init config took 3.67s 
290743     INFO  main            d.u.i.k.p.i.AbstractProblemLoader Replaying proof loop.IFLoopExamples[loop.IFLoopExamples::secure_doubleNestedWhile(int)].Non-interference contract.0 
290746     DEBUG main            d.u.i.k.p.i.IntermediateProofReplayer Proof replay took 18.3ns 
290747     DEBUG main            d.u.i.k.m.s.ProofScriptEngine [1] goal: 0, source line: 51, command: 'macro 'infflow-autopilot'' 
290792     DEBUG main            d.u.i.k.p.m.ProofCorrectnessMgt No justification found for rule Class_invariant_axiom_for_loop_IFLoopExamples 
296264     INFO  main            d.u.i.k.p.r.p.TestFile    ... finished proof: closed. 
296596     INFO  main            d.u.i.k.p.r.p.TestFile    Now processing file /home/runner/work/key/key/key.core/../key.ui/examples/InformationFlow/LoopInvariants/loop.IFLoopExamples(loop.IFLoopExamples__secure_nestedTwoWhile(int)).Non-interference contract.0.m.key 
296596     INFO  main            d.u.i.k.p.i.AbstractProblemLoader Loading environment from /home/runner/work/key/key/key.core/../key.ui/examples/InformationFlow/LoopInvariants/loop.IFLoopExamples(loop.IFLoopExamples__secure_nestedTwoWhile(int)).Non-interference contract.0.m.key 
296597     DEBUG main            d.u.i.k.p.i.AbstractProblemLoader Environment load took 112.3ns 
296598     INFO  main            d.u.i.k.p.i.AbstractProblemLoader Creating init config 
300187     DEBUG main            d.u.i.k.p.i.AbstractProblemLoader Init config took 3.59s 
300233     INFO  main            d.u.i.k.p.i.AbstractProblemLoader Replaying proof loop.IFLoopExamples[loop.IFLoopExamples::secure_nestedTwoWhile(int)].Non-interference contract.0 
300237     DEBUG main            d.u.i.k.p.i.IntermediateProofReplayer Proof replay took 33.4ns 
300238     DEBUG main            d.u.i.k.m.s.ProofScriptEngine [1] goal: 0, source line: 51, command: 'macro 'infflow-autopilot'' 
300279     DEBUG main            d.u.i.k.p.m.ProofCorrectnessMgt No justification found for rule Class_invariant_axiom_for_loop_IFLoopExamples 
304498     INFO  main            d.u.i.k.p.r.p.TestFile    ... finished proof: closed. 
304834     INFO  main            d.u.i.k.p.r.p.TestFile    Now processing file /home/runner/work/key/key/key.core/../key.ui/examples/InformationFlow/LoopInvariants/loop.IFLoopExamples(loop.IFLoopExamples__secure_nestedWhile(int)).Non-interference contract.0.m.key 
304835     INFO  main            d.u.i.k.p.i.AbstractProblemLoader Loading environment from /home/runner/work/key/key/key.core/../key.ui/examples/InformationFlow/LoopInvariants/loop.IFLoopExamples(loop.IFLoopExamples__secure_nestedWhile(int)).Non-interference contract.0.m.key 
304835     DEBUG main            d.u.i.k.p.i.AbstractProblemLoader Environment load took 73.7ns 
304836     INFO  main            d.u.i.k.p.i.AbstractProblemLoader Creating init config 
308680     DEBUG main            d.u.i.k.p.i.AbstractProblemLoader Init config took 3.84s 
308725     INFO  main            d.u.i.k.p.i.AbstractProblemLoader Replaying proof loop.IFLoopExamples[loop.IFLoopExamples::secure_nestedWhile(int)].Non-interference contract.0 
308728     DEBUG main            d.u.i.k.p.i.IntermediateProofReplayer Proof replay took 15.5ns 
308728     DEBUG main            d.u.i.k.m.s.ProofScriptEngine [1] goal: 0, source line: 51, command: 'macro 'infflow-autopilot'' 
308764     DEBUG main            d.u.i.k.p.m.ProofCorrectnessMgt No justification found for rule Class_invariant_axiom_for_loop_IFLoopExamples 
311782     INFO  main            d.u.i.k.p.r.p.TestFile    ... finished proof: closed. 
312101     INFO  main            d.u.i.k.p.r.p.TestFile    Now processing file /home/runner/work/key/key/key.core/../key.ui/examples/InformationFlow/LoopInvariants/loop.IFLoopExamples(loop.IFLoopExamples__notSecure_while(int)).Non-interference contract.0.m.key 
312101     INFO  main            d.u.i.k.p.i.AbstractProblemLoader Loading environment from /home/runner/work/key/key/key.core/../key.ui/examples/InformationFlow/LoopInvariants/loop.IFLoopExamples(loop.IFLoopExamples__notSecure_while(int)).Non-interference contract.0.m.key 
312101     DEBUG main            d.u.i.k.p.i.AbstractProblemLoader Environment load took 121.4ns 
312102     INFO  main            d.u.i.k.p.i.AbstractProblemLoader Creating init config 
315761     DEBUG main            d.u.i.k.p.i.AbstractProblemLoader Init config took 3.66s 
315812     INFO  main            d.u.i.k.p.i.AbstractProblemLoader Replaying proof loop.IFLoopExamples[loop.IFLoopExamples::notSecure_while(int)].Non-interference contract.0 
315814     DEBUG main            d.u.i.k.p.i.IntermediateProofReplayer Proof replay took 14.1ns 
315815     DEBUG main            d.u.i.k.m.s.ProofScriptEngine [1] goal: 0, source line: 51, command: 'macro 'infflow-autopilot'' 
315850     DEBUG main            d.u.i.k.p.m.ProofCorrectnessMgt No justification found for rule Class_invariant_axiom_for_loop_IFLoopExamples 
319065     INFO  main            d.u.i.k.p.r.p.TestFile    ... finished proof: open goal(s) 
319322     INFO  main            d.u.i.k.p.r.p.TestFile    Now processing file /home/runner/work/key/key/key.core/../key.ui/examples/InformationFlow/LoopInvariants/loop.IFLoopExamples(loop.IFLoopExamples__notSecure_while_wrongInv(int)).Non-interference contract.0.m.key 
319322     INFO  main            d.u.i.k.p.i.AbstractProblemLoader Loading environment from /home/runner/work/key/key/key.core/../key.ui/examples/InformationFlow/LoopInvariants/loop.IFLoopExamples(loop.IFLoopExamples__notSecure_while_wrongInv(int)).Non-interference contract.0.m.key 
319322     DEBUG main            d.u.i.k.p.i.AbstractProblemLoader Environment load took 121.1ns 
319323     INFO  main            d.u.i.k.p.i.AbstractProblemLoader Creating init config 
322915     DEBUG main            d.u.i.k.p.i.AbstractProblemLoader Init config took 3.59s 
322957     INFO  main            d.u.i.k.p.i.AbstractProblemLoader Replaying proof loop.IFLoopExamples[loop.IFLoopExamples::notSecure_while_wrongInv(int)].Non-interference contract.0 
322961     DEBUG main            d.u.i.k.p.i.IntermediateProofReplayer Proof replay took 18.6ns 
322962     DEBUG main            d.u.i.k.m.s.ProofScriptEngine [1] goal: 0, source line: 51, command: 'macro 'infflow-autopilot'' 
323001     DEBUG main            d.u.i.k.p.m.ProofCorrectnessMgt No justification found for rule Class_invariant_axiom_for_loop_IFLoopExamples 
325013     INFO  main            d.u.i.k.p.r.p.TestFile    ... finished proof: open goal(s) 
325294     INFO  main            d.u.i.k.p.r.p.TestFile    Now processing file /home/runner/work/key/key/key.core/../key.ui/examples/InformationFlow/LoopInvariants/loop.IFLoopExamples(loop.IFLoopExamples__insecure_twoWhile(int)).Non-interference contract.0.m.key 
325295     INFO  main            d.u.i.k.p.i.AbstractProblemLoader Loading environment from /home/runner/work/key/key/key.core/../key.ui/examples/InformationFlow/LoopInvariants/loop.IFLoopExamples(loop.IFLoopExamples__insecure_twoWhile(int)).Non-interference contract.0.m.key 
325295     DEBUG main            d.u.i.k.p.i.AbstractProblemLoader Environment load took 67.5ns 
325296     INFO  main            d.u.i.k.p.i.AbstractProblemLoader Creating init config 
328837     DEBUG main            d.u.i.k.p.i.AbstractProblemLoader Init config took 3.54s 
328887     INFO  main            d.u.i.k.p.i.AbstractProblemLoader Replaying proof loop.IFLoopExamples[loop.IFLoopExamples::insecure_twoWhile(int)].Non-interference contract.0 
328892     DEBUG main            d.u.i.k.p.i.IntermediateProofReplayer Proof replay took 23.4ns 
328892     DEBUG main            d.u.i.k.m.s.ProofScriptEngine [1] goal: 0, source line: 51, command: 'macro 'infflow-autopilot'' 
328931     DEBUG main            d.u.i.k.p.m.ProofCorrectnessMgt No justification found for rule Class_invariant_axiom_for_loop_IFLoopExamples 
330918     INFO  main            d.u.i.k.p.r.p.TestFile    ... finished proof: open goal(s) 
331162     INFO  main            d.u.i.k.p.r.p.TestFile    Now processing file /home/runner/work/key/key/key.core/../key.ui/examples/InformationFlow/LoopInvariants/loop.IFLoopExamples(loop.IFLoopExamples__insecure_twoWhile_2(int)).Non-interference contract.0.m.key 
331163     INFO  main            d.u.i.k.p.i.AbstractProblemLoader Loading environment from /home/runner/work/key/key/key.core/../key.ui/examples/InformationFlow/LoopInvariants/loop.IFLoopExamples(loop.IFLoopExamples__insecure_twoWhile_2(int)).Non-interference contract.0.m.key 
331163     DEBUG main            d.u.i.k.p.i.AbstractProblemLoader Environment load took 86.1ns 
331164     INFO  main            d.u.i.k.p.i.AbstractProblemLoader Creating init config 
334765     DEBUG main            d.u.i.k.p.i.AbstractProblemLoader Init config took 3.6s 
334806     INFO  main            d.u.i.k.p.i.AbstractProblemLoader Replaying proof loop.IFLoopExamples[loop.IFLoopExamples::insecure_twoWhile_2(int)].Non-interference contract.0 
334810     DEBUG main            d.u.i.k.p.i.IntermediateProofReplayer Proof replay took 14.6ns 
334810     DEBUG main            d.u.i.k.m.s.ProofScriptEngine [1] goal: 0, source line: 51, command: 'macro 'infflow-autopilot'' 
334842     DEBUG main            d.u.i.k.p.m.ProofCorrectnessMgt No justification found for rule Class_invariant_axiom_for_loop_IFLoopExamples 
337591     INFO  main            d.u.i.k.p.r.p.TestFile    ... finished proof: open goal(s) 
337909     INFO  main            d.u.i.k.p.r.p.TestFile    Now processing file /home/runner/work/key/key/key.core/../key.ui/examples/InformationFlow/LoopInvariants/loop.IFLoopExamples(loop.IFLoopExamples__secure_twoWhile(int)).Non-interference contract.0.m.key 
337909     INFO  main            d.u.i.k.p.i.AbstractProblemLoader Loading environment from /home/runner/work/key/key/key.core/../key.ui/examples/InformationFlow/LoopInvariants/loop.IFLoopExamples(loop.IFLoopExamples__secure_twoWhile(int)).Non-interference contract.0.m.key 
337909     DEBUG main            d.u.i.k.p.i.AbstractProblemLoader Environment load took 103.5ns 
337910     INFO  main            d.u.i.k.p.i.AbstractProblemLoader Creating init config 
341341     DEBUG main            d.u.i.k.p.i.AbstractProblemLoader Init config took 3.43s 
341378     INFO  main            d.u.i.k.p.i.AbstractProblemLoader Replaying proof loop.IFLoopExamples[loop.IFLoopExamples::secure_twoWhile(int)].Non-interference contract.0 
341381     DEBUG main            d.u.i.k.p.i.IntermediateProofReplayer Proof replay took 52.4ns 
341382     DEBUG main            d.u.i.k.m.s.ProofScriptEngine [1] goal: 0, source line: 51, command: 'macro 'infflow-autopilot'' 
341417     DEBUG main            d.u.i.k.p.m.ProofCorrectnessMgt No justification found for rule Class_invariant_axiom_for_loop_IFLoopExamples 
343196     INFO  main            d.u.i.k.p.r.p.TestFile    ... finished proof: closed. 
343553     INFO  main            d.u.i.k.p.r.p.TestFile    Now processing file /home/runner/work/key/key/key.core/../key.ui/examples/InformationFlow/LoopInvariants/loop.IFLoopExamples(loop.IFLoopExamples__loc_secure_while(int)).Non-interference contract.0.m.key 
343554     INFO  main            d.u.i.k.p.i.AbstractProblemLoader Loading environment from /home/runner/work/key/key/key.core/../key.ui/examples/InformationFlow/LoopInvariants/loop.IFLoopExamples(loop.IFLoopExamples__loc_secure_while(int)).Non-interference contract.0.m.key 
343554     DEBUG main            d.u.i.k.p.i.AbstractProblemLoader Environment load took 96ns 
343555     INFO  main            d.u.i.k.p.i.AbstractProblemLoader Creating init config 
347120     DEBUG main            d.u.i.k.p.i.AbstractProblemLoader Init config took 3.57s 
347179     INFO  main            d.u.i.k.p.i.AbstractProblemLoader Replaying proof loop.IFLoopExamples[loop.IFLoopExamples::loc_secure_while(int)].Non-interference contract.0 
347182     DEBUG main            d.u.i.k.p.i.IntermediateProofReplayer Proof replay took 33.3ns 
347183     DEBUG main            d.u.i.k.m.s.ProofScriptEngine [1] goal: 0, source line: 51, command: 'macro 'infflow-autopilot'' 
347224     DEBUG main            d.u.i.k.p.m.ProofCorrectnessMgt No justification found for rule Class_invariant_axiom_for_loop_IFLoopExamples 
348407     INFO  main            d.u.i.k.p.r.p.TestFile    ... finished proof: closed. 
348657     INFO  main            d.u.i.k.p.r.p.TestFile    Now processing file /home/runner/work/key/key/key.core/../key.ui/examples/InformationFlow/LoopInvariants/loop.IFLoopExamples(loop.IFLoopExamples__secure_while(int)).Non-interference contract.0.m.key 
348657     INFO  main            d.u.i.k.p.i.AbstractProblemLoader Loading environment from /home/runner/work/key/key/key.core/../key.ui/examples/InformationFlow/LoopInvariants/loop.IFLoopExamples(loop.IFLoopExamples__secure_while(int)).Non-interference contract.0.m.key 
348657     DEBUG main            d.u.i.k.p.i.AbstractProblemLoader Environment load took 108.3ns 
348659     INFO  main            d.u.i.k.p.i.AbstractProblemLoader Creating init config 
352157     DEBUG main            d.u.i.k.p.i.AbstractProblemLoader Init config took 3.5s 
352201     INFO  main            d.u.i.k.p.i.AbstractProblemLoader Replaying proof loop.IFLoopExamples[loop.IFLoopExamples::secure_while(int)].Non-interference contract.0 
352205     DEBUG main            d.u.i.k.p.i.IntermediateProofReplayer Proof replay took 20.1ns 
352206     DEBUG main            d.u.i.k.m.s.ProofScriptEngine [1] goal: 0, source line: 51, command: 'macro 'infflow-autopilot'' 
352243     DEBUG main            d.u.i.k.p.m.ProofCorrectnessMgt No justification found for rule Class_invariant_axiom_for_loop_IFLoopExamples 
353147     INFO  main            d.u.i.k.p.r.p.TestFile    ... finished proof: closed. 
353431     INFO  main            d.u.i.k.p.r.p.TestFile    Now processing file /home/runner/work/key/key/key.core/../key.ui/examples/InformationFlow/LoopInvariants/loop.IFLoopExamples(loop.IFLoopExamples__print(int)).Non-interference contract.0.m.key 
353433     INFO  main            d.u.i.k.p.i.AbstractProblemLoader Loading environment from /home/runner/work/key/key/key.core/../key.ui/examples/InformationFlow/LoopInvariants/loop.IFLoopExamples(loop.IFLoopExamples__print(int)).Non-interference contract.0.m.key 
353433     DEBUG main            d.u.i.k.p.i.AbstractProblemLoader Environment load took 238.8ns 
353435     INFO  main            d.u.i.k.p.i.AbstractProblemLoader Creating init config 
356962     DEBUG main            d.u.i.k.p.i.AbstractProblemLoader Init config took 3.53s 
357001     INFO  main            d.u.i.k.p.i.AbstractProblemLoader Replaying proof loop.IFLoopExamples[loop.IFLoopExamples::print(int)].Non-interference contract.0 
357003     DEBUG main            d.u.i.k.p.i.IntermediateProofReplayer Proof replay took 31.4ns 
357004     DEBUG main            d.u.i.k.m.s.ProofScriptEngine [1] goal: 0, source line: 51, command: 'macro 'infflow-autopilot'' 
357134     INFO  main            d.u.i.k.p.r.p.TestFile    ... finished proof: closed. 
357348     INFO  main            d.u.i.k.p.r.p.TestFile    Now processing file /home/runner/work/key/key/key.core/../key.ui/examples/InformationFlow/LoopInvariants/loop.IFLoopExamples(loop.IFLoopExamples__hammer(int)).Non-interference contract.0.m.key 
357348     INFO  main            d.u.i.k.p.i.AbstractProblemLoader Loading environment from /home/runner/work/key/key/key.core/../key.ui/examples/InformationFlow/LoopInvariants/loop.IFLoopExamples(loop.IFLoopExamples__hammer(int)).Non-interference contract.0.m.key 
357348     DEBUG main            d.u.i.k.p.i.AbstractProblemLoader Environment load took 66.6ns 
357349     INFO  main            d.u.i.k.p.i.AbstractProblemLoader Creating init config 
360822     DEBUG main            d.u.i.k.p.i.AbstractProblemLoader Init config took 3.47s 
360856     INFO  main            d.u.i.k.p.i.AbstractProblemLoader Replaying proof loop.IFLoopExamples[loop.IFLoopExamples::hammer(int)].Non-interference contract.0 
360858     DEBUG main            d.u.i.k.p.i.IntermediateProofReplayer Proof replay took 14ns 
360859     DEBUG main            d.u.i.k.m.s.ProofScriptEngine [1] goal: 0, source line: 51, command: 'macro 'infflow-autopilot'' 
360887     DEBUG main            d.u.i.k.p.m.ProofCorrectnessMgt No justification found for rule Class_invariant_axiom_for_loop_IFLoopExamples 
362392     INFO  main            d.u.i.k.p.r.p.TestFile    ... finished proof: closed. 
2678207    INFO  Test worker     d.u.i.k.p.r.RunAllProofsTestUnit Returning from test InformationFlow_fullmacro 
2678208    INFO  Test worker     d.u.i.k.p.r.RunAllProofsTestUnit Running test MiniExamples_fullmacro 
449        INFO  Timeout watchdog d.u.i.k.p.r.p.ForkedTestFileRunner Timeout watcher launched (1000 secs.) 
476        WARN  main            d.u.i.k.s.ProofSettings   The settings in /home/runner/.key/proof-settings.props are *not* read. 
503        INFO  main            d.u.i.k.p.r.p.TestFile    Now processing file /home/runner/work/key/key/key.core/../key.ui/examples/InformationFlow/MiniExamples/mini.AliasingExamples(mini.AliasingExamples__insecure_1(mini.AliasingExamples,mini.AliasingExamples,int)).Non-interference contract.0.m.key 
680        INFO  main            d.u.i.k.p.i.AbstractProblemLoader Loading environment from /home/runner/work/key/key/key.core/../key.ui/examples/InformationFlow/MiniExamples/mini.AliasingExamples(mini.AliasingExamples__insecure_1(mini.AliasingExamples,mini.AliasingExamples,int)).Non-interference contract.0.m.key 
709        DEBUG main            d.u.i.k.p.i.AbstractProblemLoader Environment load took 4.83ms 
1010       INFO  main            d.u.i.k.p.i.AbstractProblemLoader Creating init config 
2296       DEBUG main            d.u.i.k.j.TypeConverter   No LDT found for Meta 
2297       DEBUG main            d.u.i.k.j.TypeConverter   No LDT found for Meta 
2301       DEBUG main            d.u.i.k.j.TypeConverter   No LDT found for Meta 
2301       DEBUG main            d.u.i.k.j.TypeConverter   No LDT found for Meta 
4120       DEBUG main            d.u.i.k.j.TypeConverter   No LDT found for JavaBigintExpression 
10389      DEBUG main            d.u.i.k.p.i.AbstractProblemLoader Init config took 9.38s 
10574      INFO  main            d.u.i.k.p.i.AbstractProblemLoader Replaying proof mini.AliasingExamples[mini.AliasingExamples::insecure_1(mini.AliasingExamples,mini.AliasingExamples,int)].Non-interference contract.0 
10620      DEBUG main            d.u.i.k.p.i.IntermediateProofReplayer Proof replay took 305.8ns 
10706      DEBUG main            d.u.i.k.m.s.ProofScriptEngine [1] goal: 0, source line: 51, command: 'macro 'infflow-autopilot'' 
11202      DEBUG main            d.u.i.k.p.m.ProofCorrectnessMgt No justification found for rule Class_invariant_axiom_for_mini_AliasingExamples 
12329      INFO  main            d.u.i.k.p.r.p.TestFile    ... finished proof: open goal(s) 
12496      INFO  main            d.u.i.k.p.r.p.TestFile    Now processing file /home/runner/work/key/key/key.core/../key.ui/examples/InformationFlow/MiniExamples/mini.AliasingExamples(mini.AliasingExamples__secure_1(mini.AliasingExamples,mini.AliasingExamples,int)).Non-interference contract.0.m.key 
12497      INFO  main            d.u.i.k.p.i.AbstractProblemLoader Loading environment from /home/runner/work/key/key/key.core/../key.ui/examples/InformationFlow/MiniExamples/mini.AliasingExamples(mini.AliasingExamples__secure_1(mini.AliasingExamples,mini.AliasingExamples,int)).Non-interference contract.0.m.key 
12497      DEBUG main            d.u.i.k.p.i.AbstractProblemLoader Environment load took 155.1ns 
12502      INFO  main            d.u.i.k.p.i.AbstractProblemLoader Creating init config 
16199      DEBUG main            d.u.i.k.p.i.AbstractProblemLoader Init config took 3.7s 
16272      INFO  main            d.u.i.k.p.i.AbstractProblemLoader Replaying proof mini.AliasingExamples[mini.AliasingExamples::secure_1(mini.AliasingExamples,mini.AliasingExamples,int)].Non-interference contract.0 
16277      DEBUG main            d.u.i.k.p.i.IntermediateProofReplayer Proof replay took 15.6ns 
16279      DEBUG main            d.u.i.k.m.s.ProofScriptEngine [1] goal: 0, source line: 51, command: 'macro 'infflow-autopilot'' 
16377      DEBUG main            d.u.i.k.p.m.ProofCorrectnessMgt No justification found for rule Class_invariant_axiom_for_mini_AliasingExamples 
16693      INFO  main            d.u.i.k.p.r.p.TestFile    ... finished proof: closed. 
16886      INFO  main            d.u.i.k.p.r.p.TestFile    Now processing file /home/runner/work/key/key/key.core/../key.ui/examples/InformationFlow/MiniExamples/mini.MiniExamplesLecture(mini.MiniExamplesLecture__m_6()).Non-interference contract.0.m.key 
16886      INFO  main            d.u.i.k.p.i.AbstractProblemLoader Loading environment from /home/runner/work/key/key/key.core/../key.ui/examples/InformationFlow/MiniExamples/mini.MiniExamplesLecture(mini.MiniExamplesLecture__m_6()).Non-interference contract.0.m.key 
16886      DEBUG main            d.u.i.k.p.i.AbstractProblemLoader Environment load took 137.2ns 
16891      INFO  main            d.u.i.k.p.i.AbstractProblemLoader Creating init config 
20416      DEBUG main            d.u.i.k.p.i.AbstractProblemLoader Init config took 3.53s 
20479      INFO  main            d.u.i.k.p.i.AbstractProblemLoader Replaying proof mini.MiniExamplesLecture[mini.MiniExamplesLecture::m_6()].Non-interference contract.0 
20483      DEBUG main            d.u.i.k.p.i.IntermediateProofReplayer Proof replay took 13.1ns 
20484      DEBUG main            d.u.i.k.m.s.ProofScriptEngine [1] goal: 0, source line: 51, command: 'macro 'infflow-autopilot'' 
20540      DEBUG main            d.u.i.k.p.m.ProofCorrectnessMgt No justification found for rule Class_invariant_axiom_for_mini_MiniExamplesLecture 
20650      INFO  main            d.u.i.k.p.r.p.TestFile    ... finished proof: closed. 
20829      INFO  main            d.u.i.k.p.r.p.TestFile    Now processing file /home/runner/work/key/key/key.core/../key.ui/examples/InformationFlow/MiniExamples/mini.MiniExamplesLecture(mini.MiniExamplesLecture__m_5()).Non-interference contract.0.m.key 
20829      INFO  main            d.u.i.k.p.i.AbstractProblemLoader Loading environment from /home/runner/work/key/key/key.core/../key.ui/examples/InformationFlow/MiniExamples/mini.MiniExamplesLecture(mini.MiniExamplesLecture__m_5()).Non-interference contract.0.m.key 
20829      DEBUG main            d.u.i.k.p.i.AbstractProblemLoader Environment load took 115ns 
20833      INFO  main            d.u.i.k.p.i.AbstractProblemLoader Creating init config 
24159      DEBUG main            d.u.i.k.p.i.AbstractProblemLoader Init config took 3.33s 
24223      INFO  main            d.u.i.k.p.i.AbstractProblemLoader Replaying proof mini.MiniExamplesLecture[mini.MiniExamplesLecture::m_5()].Non-interference contract.0 
24226      DEBUG main            d.u.i.k.p.i.IntermediateProofReplayer Proof replay took 15ns 
24227      DEBUG main            d.u.i.k.m.s.ProofScriptEngine [1] goal: 0, source line: 51, command: 'macro 'infflow-autopilot'' 
24282      DEBUG main            d.u.i.k.p.m.ProofCorrectnessMgt No justification found for rule Class_invariant_axiom_for_mini_MiniExamplesLecture 
24489      INFO  main            d.u.i.k.p.r.p.TestFile    ... finished proof: closed. 
24658      INFO  main            d.u.i.k.p.r.p.TestFile    Now processing file /home/runner/work/key/key/key.core/../key.ui/examples/InformationFlow/MiniExamples/mini.MiniExamplesLecture(mini.MiniExamplesLecture__m_4()).Non-interference contract.0.m.key 
24659      INFO  main            d.u.i.k.p.i.AbstractProblemLoader Loading environment from /home/runner/work/key/key/key.core/../key.ui/examples/InformationFlow/MiniExamples/mini.MiniExamplesLecture(mini.MiniExamplesLecture__m_4()).Non-interference contract.0.m.key 
24659      DEBUG main            d.u.i.k.p.i.AbstractProblemLoader Environment load took 306.6ns 
24661      INFO  main            d.u.i.k.p.i.AbstractProblemLoader Creating init config 
27995      DEBUG main            d.u.i.k.p.i.AbstractProblemLoader Init config took 3.33s 
28048      INFO  main            d.u.i.k.p.i.AbstractProblemLoader Replaying proof mini.MiniExamplesLecture[mini.MiniExamplesLecture::m_4()].Non-interference contract.0 
28051      DEBUG main            d.u.i.k.p.i.IntermediateProofReplayer Proof replay took 16.1ns 
28053      DEBUG main            d.u.i.k.m.s.ProofScriptEngine [1] goal: 0, source line: 51, command: 'macro 'infflow-autopilot'' 
28101      DEBUG main            d.u.i.k.p.m.ProofCorrectnessMgt No justification found for rule Class_invariant_axiom_for_mini_MiniExamplesLecture 
28277      INFO  main            d.u.i.k.p.r.p.TestFile    ... finished proof: closed. 
28442      INFO  main            d.u.i.k.p.r.p.TestFile    Now processing file /home/runner/work/key/key/key.core/../key.ui/examples/InformationFlow/MiniExamples/mini.MiniExamplesLecture(mini.MiniExamplesLecture__m_3()).Non-interference contract.0.m.key 
28442      INFO  main            d.u.i.k.p.i.AbstractProblemLoader Loading environment from /home/runner/work/key/key/key.core/../key.ui/examples/InformationFlow/MiniExamples/mini.MiniExamplesLecture(mini.MiniExamplesLecture__m_3()).Non-interference contract.0.m.key 
28442      DEBUG main            d.u.i.k.p.i.AbstractProblemLoader Environment load took 74.4ns 
28444      INFO  main            d.u.i.k.p.i.AbstractProblemLoader Creating init config 
31774      DEBUG main            d.u.i.k.p.i.AbstractProblemLoader Init config took 3.33s 
31830      INFO  main            d.u.i.k.p.i.AbstractProblemLoader Replaying proof mini.MiniExamplesLecture[mini.MiniExamplesLecture::m_3()].Non-interference contract.0 
31834      DEBUG main            d.u.i.k.p.i.IntermediateProofReplayer Proof replay took 14.6ns 
31835      DEBUG main            d.u.i.k.m.s.ProofScriptEngine [1] goal: 0, source line: 51, command: 'macro 'infflow-autopilot'' 
31879      DEBUG main            d.u.i.k.p.m.ProofCorrectnessMgt No justification found for rule Class_invariant_axiom_for_mini_MiniExamplesLecture 
32295      INFO  main            d.u.i.k.p.r.p.TestFile    ... finished proof: open goal(s) 
32481      INFO  main            d.u.i.k.p.r.p.TestFile    Now processing file /home/runner/work/key/key/key.core/../key.ui/examples/InformationFlow/MiniExamples/mini.MiniExamplesLecture(mini.MiniExamplesLecture__m_2()).Non-interference contract.0.m.key 
32481      INFO  main            d.u.i.k.p.i.AbstractProblemLoader Loading environment from /home/runner/work/key/key/key.core/../key.ui/examples/InformationFlow/MiniExamples/mini.MiniExamplesLecture(mini.MiniExamplesLecture__m_2()).Non-interference contract.0.m.key 
32481      DEBUG main            d.u.i.k.p.i.AbstractProblemLoader Environment load took 93.2ns 
32483      INFO  main            d.u.i.k.p.i.AbstractProblemLoader Creating init config 
35847      DEBUG main            d.u.i.k.p.i.AbstractProblemLoader Init config took 3.36s 
35902      INFO  main            d.u.i.k.p.i.AbstractProblemLoader Replaying proof mini.MiniExamplesLecture[mini.MiniExamplesLecture::m_2()].Non-interference contract.0 
35906      DEBUG main            d.u.i.k.p.i.IntermediateProofReplayer Proof replay took 15.9ns 
35907      DEBUG main            d.u.i.k.m.s.ProofScriptEngine [1] goal: 0, source line: 51, command: 'macro 'infflow-autopilot'' 
35947      DEBUG main            d.u.i.k.p.m.ProofCorrectnessMgt No justification found for rule Class_invariant_axiom_for_mini_MiniExamplesLecture 
36182      INFO  main            d.u.i.k.p.r.p.TestFile    ... finished proof: closed. 
36450      INFO  main            d.u.i.k.p.r.p.TestFile    Now processing file /home/runner/work/key/key/key.core/../key.ui/examples/InformationFlow/MiniExamples/mini.MiniExamplesLecture(mini.MiniExamplesLecture__m_1()).Non-interference contract.0.m.key 
36452      INFO  main            d.u.i.k.p.i.AbstractProblemLoader Loading environment from /home/runner/work/key/key/key.core/../key.ui/examples/InformationFlow/MiniExamples/mini.MiniExamplesLecture(mini.MiniExamplesLecture__m_1()).Non-interference contract.0.m.key 
36452      DEBUG main            d.u.i.k.p.i.AbstractProblemLoader Environment load took 360.6ns 
36454      INFO  main            d.u.i.k.p.i.AbstractProblemLoader Creating init config 
39636      DEBUG main            d.u.i.k.p.i.AbstractProblemLoader Init config took 3.18s 
39688      INFO  main            d.u.i.k.p.i.AbstractProblemLoader Replaying proof mini.MiniExamplesLecture[mini.MiniExamplesLecture::m_1()].Non-interference contract.0 
39693      DEBUG main            d.u.i.k.p.i.IntermediateProofReplayer Proof replay took 1.15ms 
39694      DEBUG main            d.u.i.k.m.s.ProofScriptEngine [1] goal: 0, source line: 51, command: 'macro 'infflow-autopilot'' 
39735      DEBUG main            d.u.i.k.p.m.ProofCorrectnessMgt No justification found for rule Class_invariant_axiom_for_mini_MiniExamplesLecture 
39907      INFO  main            d.u.i.k.p.r.p.TestFile    ... finished proof: open goal(s) 
40087      INFO  main            d.u.i.k.p.r.p.TestFile    Now processing file /home/runner/work/key/key/key.core/../key.ui/examples/InformationFlow/MiniExamples/mini.DifferenceSeqLocset(mini.DifferenceSeqLocset__m()).Non-interference contract.1.m.key 
40089      INFO  main            d.u.i.k.p.i.AbstractProblemLoader Loading environment from /home/runner/work/key/key/key.core/../key.ui/examples/InformationFlow/MiniExamples/mini.DifferenceSeqLocset(mini.DifferenceSeqLocset__m()).Non-interference contract.1.m.key 
40089      DEBUG main            d.u.i.k.p.i.AbstractProblemLoader Environment load took 88.6ns 
40090      INFO  main            d.u.i.k.p.i.AbstractProblemLoader Creating init config 
43331      DEBUG main            d.u.i.k.p.i.AbstractProblemLoader Init config took 3.24s 
43383      INFO  main            d.u.i.k.p.i.AbstractProblemLoader Replaying proof mini.DifferenceSeqLocset[mini.DifferenceSeqLocset::m()].Non-interference contract.1 
43386      DEBUG main            d.u.i.k.p.i.IntermediateProofReplayer Proof replay took 15.1ns 
43387      DEBUG main            d.u.i.k.m.s.ProofScriptEngine [1] goal: 0, source line: 51, command: 'macro 'infflow-autopilot'' 
43428      DEBUG main            d.u.i.k.p.m.ProofCorrectnessMgt No justification found for rule Class_invariant_axiom_for_mini_DifferenceSeqLocset 
44210      INFO  main            d.u.i.k.p.r.p.TestFile    ... finished proof: open goal(s) 
44442      INFO  main            d.u.i.k.p.r.p.TestFile    Now processing file /home/runner/work/key/key/key.core/../key.ui/examples/InformationFlow/MiniExamples/mini.DifferenceSeqLocset(mini.DifferenceSeqLocset__m()).Non-interference contract.0.m.key 
44443      INFO  main            d.u.i.k.p.i.AbstractProblemLoader Loading environment from /home/runner/work/key/key/key.core/../key.ui/examples/InformationFlow/MiniExamples/mini.DifferenceSeqLocset(mini.DifferenceSeqLocset__m()).Non-interference contract.0.m.key 
44443      DEBUG main            d.u.i.k.p.i.AbstractProblemLoader Environment load took 95.6ns 
44445      INFO  main            d.u.i.k.p.i.AbstractProblemLoader Creating init config 
47698      DEBUG main            d.u.i.k.p.i.AbstractProblemLoader Init config took 3.25s 
47751      INFO  main            d.u.i.k.p.i.AbstractProblemLoader Replaying proof mini.DifferenceSeqLocset[mini.DifferenceSeqLocset::m()].Non-interference contract.0 
47754      DEBUG main            d.u.i.k.p.i.IntermediateProofReplayer Proof replay took 33.2ns 
47755      DEBUG main            d.u.i.k.m.s.ProofScriptEngine [1] goal: 0, source line: 51, command: 'macro 'infflow-autopilot'' 
47799      DEBUG main            d.u.i.k.p.m.ProofCorrectnessMgt No justification found for rule Class_invariant_axiom_for_mini_DifferenceSeqLocset 
49982      INFO  main            d.u.i.k.p.r.p.TestFile    ... finished proof: open goal(s) 
50194      INFO  main            d.u.i.k.p.r.p.TestFile    Now processing file /home/runner/work/key/key/key.core/../key.ui/examples/InformationFlow/MiniExamples/mini.MiniExamples(mini.MiniExamples__secure_p2_8()).Non-interference contract.0.m.key 
50195      INFO  main            d.u.i.k.p.i.AbstractProblemLoader Loading environment from /home/runner/work/key/key/key.core/../key.ui/examples/InformationFlow/MiniExamples/mini.MiniExamples(mini.MiniExamples__secure_p2_8()).Non-interference contract.0.m.key 
50195      DEBUG main            d.u.i.k.p.i.AbstractProblemLoader Environment load took 83.5ns 
50196      INFO  main            d.u.i.k.p.i.AbstractProblemLoader Creating init config 
53378      DEBUG main            d.u.i.k.p.i.AbstractProblemLoader Init config took 3.18s 
53425      INFO  main            d.u.i.k.p.i.AbstractProblemLoader Replaying proof mini.MiniExamples[mini.MiniExamples::secure_p2_8()].Non-interference contract.0 
53428      DEBUG main            d.u.i.k.p.i.IntermediateProofReplayer Proof replay took 33.6ns 
53429      DEBUG main            d.u.i.k.m.s.ProofScriptEngine [1] goal: 0, source line: 51, command: 'macro 'infflow-autopilot'' 
53505      DEBUG main            d.u.i.k.p.m.ProofCorrectnessMgt No justification found for rule Class_invariant_axiom_for_mini_MiniExamples 
53797      INFO  main            d.u.i.k.p.r.p.TestFile    ... finished proof: closed. 
54043      INFO  main            d.u.i.k.p.r.p.TestFile    Now processing file /home/runner/work/key/key/key.core/../key.ui/examples/InformationFlow/MiniExamples/mini.MiniExamples(mini.MiniExamples__secure_parameter(int)).Non-interference contract.0.m.key 
54044      INFO  main            d.u.i.k.p.i.AbstractProblemLoader Loading environment from /home/runner/work/key/key/key.core/../key.ui/examples/InformationFlow/MiniExamples/mini.MiniExamples(mini.MiniExamples__secure_parameter(int)).Non-interference contract.0.m.key 
54044      DEBUG main            d.u.i.k.p.i.AbstractProblemLoader Environment load took 107.9ns 
54047      INFO  main            d.u.i.k.p.i.AbstractProblemLoader Creating init config 
57334      DEBUG main            d.u.i.k.p.i.AbstractProblemLoader Init config took 3.29s 
57394      INFO  main            d.u.i.k.p.i.AbstractProblemLoader Replaying proof mini.MiniExamples[mini.MiniExamples::secure_parameter(int)].Non-interference contract.0 
57397      DEBUG main            d.u.i.k.p.i.IntermediateProofReplayer Proof replay took 28ns 
57398      DEBUG main            d.u.i.k.m.s.ProofScriptEngine [1] goal: 0, source line: 51, command: 'macro 'infflow-autopilot'' 
57450      DEBUG main            d.u.i.k.p.m.ProofCorrectnessMgt No justification found for rule Class_invariant_axiom_for_mini_MiniExamples 
57594      INFO  main            d.u.i.k.p.r.p.TestFile    ... finished proof: closed. 
57824      INFO  main            d.u.i.k.p.r.p.TestFile    Now processing file /home/runner/work/key/key/key.core/../key.ui/examples/InformationFlow/MiniExamples/mini.MiniExamples(mini.MiniExamples__secure_p2_7()).Non-interference contract.0.m.key 
57824      INFO  main            d.u.i.k.p.i.AbstractProblemLoader Loading environment from /home/runner/work/key/key/key.core/../key.ui/examples/InformationFlow/MiniExamples/mini.MiniExamples(mini.MiniExamples__secure_p2_7()).Non-interference contract.0.m.key 
57824      DEBUG main            d.u.i.k.p.i.AbstractProblemLoader Environment load took 94.7ns 
57825      INFO  main            d.u.i.k.p.i.AbstractProblemLoader Creating init config 
61062      DEBUG main            d.u.i.k.p.i.AbstractProblemLoader Init config took 3.24s 
61107      INFO  main            d.u.i.k.p.i.AbstractProblemLoader Replaying proof mini.MiniExamples[mini.MiniExamples::secure_p2_7()].Non-interference contract.0 
61110      DEBUG main            d.u.i.k.p.i.IntermediateProofReplayer Proof replay took 31.4ns 
61111      DEBUG main            d.u.i.k.m.s.ProofScriptEngine [1] goal: 0, source line: 51, command: 'macro 'infflow-autopilot'' 
61149      DEBUG main            d.u.i.k.p.m.ProofCorrectnessMgt No justification found for rule Class_invariant_axiom_for_mini_MiniExamples 
61488      INFO  main            d.u.i.k.p.r.p.TestFile    ... finished proof: closed. 
61732      INFO  main            d.u.i.k.p.r.p.TestFile    Now processing file /home/runner/work/key/key/key.core/../key.ui/examples/InformationFlow/MiniExamples/mini.MiniExamples(mini.MiniExamples__insecure_p2_2()).Non-interference contract.0.m.key 
61733      INFO  main            d.u.i.k.p.i.AbstractProblemLoader Loading environment from /home/runner/work/key/key/key.core/../key.ui/examples/InformationFlow/MiniExamples/mini.MiniExamples(mini.MiniExamples__insecure_p2_2()).Non-interference contract.0.m.key 
61733      DEBUG main            d.u.i.k.p.i.AbstractProblemLoader Environment load took 164.3ns 
61734      INFO  main            d.u.i.k.p.i.AbstractProblemLoader Creating init config 
65096      DEBUG main            d.u.i.k.p.i.AbstractProblemLoader Init config took 3.36s 
65147      INFO  main            d.u.i.k.p.i.AbstractProblemLoader Replaying proof mini.MiniExamples[mini.MiniExamples::insecure_p2_2()].Non-interference contract.0 
65151      DEBUG main            d.u.i.k.p.i.IntermediateProofReplayer Proof replay took 34.5ns 
65152      DEBUG main            d.u.i.k.m.s.ProofScriptEngine [1] goal: 0, source line: 51, command: 'macro 'infflow-autopilot'' 
65195      DEBUG main            d.u.i.k.p.m.ProofCorrectnessMgt No justification found for rule Class_invariant_axiom_for_mini_MiniExamples 
65576      INFO  main            d.u.i.k.p.r.p.TestFile    ... finished proof: open goal(s) 
65788      INFO  main            d.u.i.k.p.r.p.TestFile    Now processing file /home/runner/work/key/key/key.core/../key.ui/examples/InformationFlow/MiniExamples/mini.MiniExamples(mini.MiniExamples__secure_p2_6()).Non-interference contract.0.m.key 
65789      INFO  main            d.u.i.k.p.i.AbstractProblemLoader Loading environment from /home/runner/work/key/key/key.core/../key.ui/examples/InformationFlow/MiniExamples/mini.MiniExamples(mini.MiniExamples__secure_p2_6()).Non-interference contract.0.m.key 
65789      DEBUG main            d.u.i.k.p.i.AbstractProblemLoader Environment load took 120.7ns 
65792      INFO  main            d.u.i.k.p.i.AbstractProblemLoader Creating init config 
69047      DEBUG main            d.u.i.k.p.i.AbstractProblemLoader Init config took 3.25s 
69102      INFO  main            d.u.i.k.p.i.AbstractProblemLoader Replaying proof mini.MiniExamples[mini.MiniExamples::secure_p2_6()].Non-interference contract.0 
69105      DEBUG main            d.u.i.k.p.i.IntermediateProofReplayer Proof replay took 18.7ns 
69105      DEBUG main            d.u.i.k.m.s.ProofScriptEngine [1] goal: 0, source line: 51, command: 'macro 'infflow-autopilot'' 
69141      DEBUG main            d.u.i.k.p.m.ProofCorrectnessMgt No justification found for rule Class_invariant_axiom_for_mini_MiniExamples 
69210      INFO  main            d.u.i.k.p.r.p.TestFile    ... finished proof: closed. 
69449      INFO  main            d.u.i.k.p.r.p.TestFile    Now processing file /home/runner/work/key/key/key.core/../key.ui/examples/InformationFlow/MiniExamples/mini.MiniExamples(mini.MiniExamples__secure_p2_5()).Non-interference contract.0.m.key 
69450      INFO  main            d.u.i.k.p.i.AbstractProblemLoader Loading environment from /home/runner/work/key/key/key.core/../key.ui/examples/InformationFlow/MiniExamples/mini.MiniExamples(mini.MiniExamples__secure_p2_5()).Non-interference contract.0.m.key 
69450      DEBUG main            d.u.i.k.p.i.AbstractProblemLoader Environment load took 93.9ns 
69452      INFO  main            d.u.i.k.p.i.AbstractProblemLoader Creating init config 
72695      DEBUG main            d.u.i.k.p.i.AbstractProblemLoader Init config took 3.24s 
72740      INFO  main            d.u.i.k.p.i.AbstractProblemLoader Replaying proof mini.MiniExamples[mini.MiniExamples::secure_p2_5()].Non-interference contract.0 
72743      DEBUG main            d.u.i.k.p.i.IntermediateProofReplayer Proof replay took 15.1ns 
72744      DEBUG main            d.u.i.k.m.s.ProofScriptEngine [1] goal: 0, source line: 51, command: 'macro 'infflow-autopilot'' 
72777      DEBUG main            d.u.i.k.p.m.ProofCorrectnessMgt No justification found for rule Class_invariant_axiom_for_mini_MiniExamples 
72914      INFO  main            d.u.i.k.p.r.p.TestFile    ... finished proof: closed. 
73126      INFO  main            d.u.i.k.p.r.p.TestFile    Now processing file /home/runner/work/key/key/key.core/../key.ui/examples/InformationFlow/MiniExamples/mini.MiniExamples(mini.MiniExamples__secure_p2_4()).Non-interference contract.0.m.key 
73126      INFO  main            d.u.i.k.p.i.AbstractProblemLoader Loading environment from /home/runner/work/key/key/key.core/../key.ui/examples/InformationFlow/MiniExamples/mini.MiniExamples(mini.MiniExamples__secure_p2_4()).Non-interference contract.0.m.key 
73126      DEBUG main            d.u.i.k.p.i.AbstractProblemLoader Environment load took 533.6ns 
73127      INFO  main            d.u.i.k.p.i.AbstractProblemLoader Creating init config 
76306      DEBUG main            d.u.i.k.p.i.AbstractProblemLoader Init config took 3.18s 
76361      INFO  main            d.u.i.k.p.i.AbstractProblemLoader Replaying proof mini.MiniExamples[mini.MiniExamples::secure_p2_4()].Non-interference contract.0 
76364      DEBUG main            d.u.i.k.p.i.IntermediateProofReplayer Proof replay took 17.6ns 
76365      DEBUG main            d.u.i.k.m.s.ProofScriptEngine [1] goal: 0, source line: 51, command: 'macro 'infflow-autopilot'' 
76401      DEBUG main            d.u.i.k.p.m.ProofCorrectnessMgt No justification found for rule Class_invariant_axiom_for_mini_MiniExamples 
76525      INFO  main            d.u.i.k.p.r.p.TestFile    ... finished proof: closed. 
76752      INFO  main            d.u.i.k.p.r.p.TestFile    Now processing file /home/runner/work/key/key/key.core/../key.ui/examples/InformationFlow/MiniExamples/mini.MiniExamples(mini.MiniExamples__secure_p2_3()).Non-interference contract.0.m.key 
76753      INFO  main            d.u.i.k.p.i.AbstractProblemLoader Loading environment from /home/runner/work/key/key/key.core/../key.ui/examples/InformationFlow/MiniExamples/mini.MiniExamples(mini.MiniExamples__secure_p2_3()).Non-interference contract.0.m.key 
76753      DEBUG main            d.u.i.k.p.i.AbstractProblemLoader Environment load took 91.6ns 
76754      INFO  main            d.u.i.k.p.i.AbstractProblemLoader Creating init config 
79902      DEBUG main            d.u.i.k.p.i.AbstractProblemLoader Init config took 3.15s 
79942      INFO  main            d.u.i.k.p.i.AbstractProblemLoader Replaying proof mini.MiniExamples[mini.MiniExamples::secure_p2_3()].Non-interference contract.0 
79945      DEBUG main            d.u.i.k.p.i.IntermediateProofReplayer Proof replay took 15.3ns 
79946      DEBUG main            d.u.i.k.m.s.ProofScriptEngine [1] goal: 0, source line: 51, command: 'macro 'infflow-autopilot'' 
79980      DEBUG main            d.u.i.k.p.m.ProofCorrectnessMgt No justification found for rule Class_invariant_axiom_for_mini_MiniExamples 
80083      INFO  main            d.u.i.k.p.r.p.TestFile    ... finished proof: closed. 
80301      INFO  main            d.u.i.k.p.r.p.TestFile    Now processing file /home/runner/work/key/key/key.core/../key.ui/examples/InformationFlow/MiniExamples/mini.MiniExamples(mini.MiniExamples__secure_p2_2()).Non-interference contract.0.m.key 
80302      INFO  main            d.u.i.k.p.i.AbstractProblemLoader Loading environment from /home/runner/work/key/key/key.core/../key.ui/examples/InformationFlow/MiniExamples/mini.MiniExamples(mini.MiniExamples__secure_p2_2()).Non-interference contract.0.m.key 
80302      DEBUG main            d.u.i.k.p.i.AbstractProblemLoader Environment load took 109.6ns 
80303      INFO  main            d.u.i.k.p.i.AbstractProblemLoader Creating init config 
83442      DEBUG main            d.u.i.k.p.i.AbstractProblemLoader Init config took 3.14s 
83502      INFO  main            d.u.i.k.p.i.AbstractProblemLoader Replaying proof mini.MiniExamples[mini.MiniExamples::secure_p2_2()].Non-interference contract.0 
83505      DEBUG main            d.u.i.k.p.i.IntermediateProofReplayer Proof replay took 18.5ns 
83506      DEBUG main            d.u.i.k.m.s.ProofScriptEngine [1] goal: 0, source line: 51, command: 'macro 'infflow-autopilot'' 
83546      DEBUG main            d.u.i.k.p.m.ProofCorrectnessMgt No justification found for rule Class_invariant_axiom_for_mini_MiniExamples 
83653      INFO  main            d.u.i.k.p.r.p.TestFile    ... finished proof: closed. 
83886      INFO  main            d.u.i.k.p.r.p.TestFile    Now processing file /home/runner/work/key/key/key.core/../key.ui/examples/InformationFlow/MiniExamples/mini.MiniExamples(mini.MiniExamples__secure_p2_1()).Non-interference contract.0.m.key 
83886      INFO  main            d.u.i.k.p.i.AbstractProblemLoader Loading environment from /home/runner/work/key/key/key.core/../key.ui/examples/InformationFlow/MiniExamples/mini.MiniExamples(mini.MiniExamples__secure_p2_1()).Non-interference contract.0.m.key 
83886      DEBUG main            d.u.i.k.p.i.AbstractProblemLoader Environment load took 92ns 
83887      INFO  main            d.u.i.k.p.i.AbstractProblemLoader Creating init config 
86999      DEBUG main            d.u.i.k.p.i.AbstractProblemLoader Init config took 3.11s 
87044      INFO  main            d.u.i.k.p.i.AbstractProblemLoader Replaying proof mini.MiniExamples[mini.MiniExamples::secure_p2_1()].Non-interference contract.0 
87046      DEBUG main            d.u.i.k.p.i.IntermediateProofReplayer Proof replay took 15ns 
87047      DEBUG main            d.u.i.k.m.s.ProofScriptEngine [1] goal: 0, source line: 51, command: 'macro 'infflow-autopilot'' 
87086      DEBUG main            d.u.i.k.p.m.ProofCorrectnessMgt No justification found for rule Class_invariant_axiom_for_mini_MiniExamples 
87162      INFO  main            d.u.i.k.p.r.p.TestFile    ... finished proof: closed. 
87398      INFO  main            d.u.i.k.p.r.p.TestFile    Now processing file /home/runner/work/key/key/key.core/../key.ui/examples/InformationFlow/MiniExamples/mini.MiniExamples(mini.MiniExamples__insecure_p2_1()).Non-interference contract.0.m.key 
87398      INFO  main            d.u.i.k.p.i.AbstractProblemLoader Loading environment from /home/runner/work/key/key/key.core/../key.ui/examples/InformationFlow/MiniExamples/mini.MiniExamples(mini.MiniExamples__insecure_p2_1()).Non-interference contract.0.m.key 
87399      DEBUG main            d.u.i.k.p.i.AbstractProblemLoader Environment load took 719ns 
87400      INFO  main            d.u.i.k.p.i.AbstractProblemLoader Creating init config 
90456      DEBUG main            d.u.i.k.p.i.AbstractProblemLoader Init config took 3.06s 
90495      INFO  main            d.u.i.k.p.i.AbstractProblemLoader Replaying proof mini.MiniExamples[mini.MiniExamples::insecure_p2_1()].Non-interference contract.0 
90498      DEBUG main            d.u.i.k.p.i.IntermediateProofReplayer Proof replay took 14.9ns 
90499      DEBUG main            d.u.i.k.m.s.ProofScriptEngine [1] goal: 0, source line: 51, command: 'macro 'infflow-autopilot'' 
90533      DEBUG main            d.u.i.k.p.m.ProofCorrectnessMgt No justification found for rule Class_invariant_axiom_for_mini_MiniExamples 
90672      INFO  main            d.u.i.k.p.r.p.TestFile    ... finished proof: open goal(s) 
90895      INFO  main            d.u.i.k.p.r.p.TestFile    Now processing file /home/runner/work/key/key/key.core/../key.ui/examples/InformationFlow/MiniExamples/mini.MiniExamples(mini.MiniExamples__secure_p1_6()).Non-interference contract.0.m.key 
90896      INFO  main            d.u.i.k.p.i.AbstractProblemLoader Loading environment from /home/runner/work/key/key/key.core/../key.ui/examples/InformationFlow/MiniExamples/mini.MiniExamples(mini.MiniExamples__secure_p1_6()).Non-interference contract.0.m.key 
90896      DEBUG main            d.u.i.k.p.i.AbstractProblemLoader Environment load took 85.1ns 
90898      INFO  main            d.u.i.k.p.i.AbstractProblemLoader Creating init config 
94145      DEBUG main            d.u.i.k.p.i.AbstractProblemLoader Init config took 3.25s 
94194      INFO  main            d.u.i.k.p.i.AbstractProblemLoader Replaying proof mini.MiniExamples[mini.MiniExamples::secure_p1_6()].Non-interference contract.0 
94197      DEBUG main            d.u.i.k.p.i.IntermediateProofReplayer Proof replay took 17.1ns 
94197      DEBUG main            d.u.i.k.m.s.ProofScriptEngine [1] goal: 0, source line: 51, command: 'macro 'infflow-autopilot'' 
94233      DEBUG main            d.u.i.k.p.m.ProofCorrectnessMgt No justification found for rule Class_invariant_axiom_for_mini_MiniExamples 
94350      INFO  main            d.u.i.k.p.r.p.TestFile    ... finished proof: closed. 
94628      INFO  main            d.u.i.k.p.r.p.TestFile    Now processing file /home/runner/work/key/key/key.core/../key.ui/examples/InformationFlow/MiniExamples/mini.MiniExamples(mini.MiniExamples__secure_p1_5()).Non-interference contract.0.m.key 
94629      INFO  main            d.u.i.k.p.i.AbstractProblemLoader Loading environment from /home/runner/work/key/key/key.core/../key.ui/examples/InformationFlow/MiniExamples/mini.MiniExamples(mini.MiniExamples__secure_p1_5()).Non-interference contract.0.m.key 
94629      DEBUG main            d.u.i.k.p.i.AbstractProblemLoader Environment load took 204.2ns 
94630      INFO  main            d.u.i.k.p.i.AbstractProblemLoader Creating init config 
97682      DEBUG main            d.u.i.k.p.i.AbstractProblemLoader Init config took 3.05s 
97740      INFO  main            d.u.i.k.p.i.AbstractProblemLoader Replaying proof mini.MiniExamples[mini.MiniExamples::secure_p1_5()].Non-interference contract.0 
97744      DEBUG main            d.u.i.k.p.i.IntermediateProofReplayer Proof replay took 16.9ns 
97745      DEBUG main            d.u.i.k.m.s.ProofScriptEngine [1] goal: 0, source line: 51, command: 'macro 'infflow-autopilot'' 
97778      DEBUG main            d.u.i.k.p.m.ProofCorrectnessMgt No justification found for rule Class_invariant_axiom_for_mini_MiniExamples 
98057      INFO  main            d.u.i.k.p.r.p.TestFile    ... finished proof: closed. 
98313      INFO  main            d.u.i.k.p.r.p.TestFile    Now processing file /home/runner/work/key/key/key.core/../key.ui/examples/InformationFlow/MiniExamples/mini.MiniExamples(mini.MiniExamples__secure_p1_4()).Non-interference contract.0.m.key 
98314      INFO  main            d.u.i.k.p.i.AbstractProblemLoader Loading environment from /home/runner/work/key/key/key.core/../key.ui/examples/InformationFlow/MiniExamples/mini.MiniExamples(mini.MiniExamples__secure_p1_4()).Non-interference contract.0.m.key 
98314      DEBUG main            d.u.i.k.p.i.AbstractProblemLoader Environment load took 126.8ns 
98315      INFO  main            d.u.i.k.p.i.AbstractProblemLoader Creating init config 
101307     DEBUG main            d.u.i.k.p.i.AbstractProblemLoader Init config took 2.99s 
101349     INFO  main            d.u.i.k.p.i.AbstractProblemLoader Replaying proof mini.MiniExamples[mini.MiniExamples::secure_p1_4()].Non-interference contract.0 
101352     DEBUG main            d.u.i.k.p.i.IntermediateProofReplayer Proof replay took 16ns 
101353     DEBUG main            d.u.i.k.m.s.ProofScriptEngine [1] goal: 0, source line: 51, command: 'macro 'infflow-autopilot'' 
101388     DEBUG main            d.u.i.k.p.m.ProofCorrectnessMgt No justification found for rule Class_invariant_axiom_for_mini_MiniExamples 
101660     INFO  main            d.u.i.k.p.r.p.TestFile    ... finished proof: closed. 
101922     INFO  main            d.u.i.k.p.r.p.TestFile    Now processing file /home/runner/work/key/key/key.core/../key.ui/examples/InformationFlow/MiniExamples/mini.MiniExamples(mini.MiniExamples__secure_p1_3()).Non-interference contract.0.m.key 
101922     INFO  main            d.u.i.k.p.i.AbstractProblemLoader Loading environment from /home/runner/work/key/key/key.core/../key.ui/examples/InformationFlow/MiniExamples/mini.MiniExamples(mini.MiniExamples__secure_p1_3()).Non-interference contract.0.m.key 
101923     DEBUG main            d.u.i.k.p.i.AbstractProblemLoader Environment load took 540.6ns 
101923     INFO  main            d.u.i.k.p.i.AbstractProblemLoader Creating init config 
105062     DEBUG main            d.u.i.k.p.i.AbstractProblemLoader Init config took 3.14s 
105107     INFO  main            d.u.i.k.p.i.AbstractProblemLoader Replaying proof mini.MiniExamples[mini.MiniExamples::secure_p1_3()].Non-interference contract.0 
105110     DEBUG main            d.u.i.k.p.i.IntermediateProofReplayer Proof replay took 16.8ns 
105110     DEBUG main            d.u.i.k.m.s.ProofScriptEngine [1] goal: 0, source line: 51, command: 'macro 'infflow-autopilot'' 
105148     DEBUG main            d.u.i.k.p.m.ProofCorrectnessMgt No justification found for rule Class_invariant_axiom_for_mini_MiniExamples 
105272     INFO  main            d.u.i.k.p.r.p.TestFile    ... finished proof: closed. 
105560     INFO  main            d.u.i.k.p.r.p.TestFile    Now processing file /home/runner/work/key/key/key.core/../key.ui/examples/InformationFlow/MiniExamples/mini.MiniExamples(mini.MiniExamples__secure_p1_2()).Non-interference contract.0.m.key 
105561     INFO  main            d.u.i.k.p.i.AbstractProblemLoader Loading environment from /home/runner/work/key/key/key.core/../key.ui/examples/InformationFlow/MiniExamples/mini.MiniExamples(mini.MiniExamples__secure_p1_2()).Non-interference contract.0.m.key 
105561     DEBUG main            d.u.i.k.p.i.AbstractProblemLoader Environment load took 118.1ns 
105562     INFO  main            d.u.i.k.p.i.AbstractProblemLoader Creating init config 
108606     DEBUG main            d.u.i.k.p.i.AbstractProblemLoader Init config took 3.04s 
108652     INFO  main            d.u.i.k.p.i.AbstractProblemLoader Replaying proof mini.MiniExamples[mini.MiniExamples::secure_p1_2()].Non-interference contract.0 
108655     DEBUG main            d.u.i.k.p.i.IntermediateProofReplayer Proof replay took 48.9ns 
108655     DEBUG main            d.u.i.k.m.s.ProofScriptEngine [1] goal: 0, source line: 51, command: 'macro 'infflow-autopilot'' 
108689     DEBUG main            d.u.i.k.p.m.ProofCorrectnessMgt No justification found for rule Class_invariant_axiom_for_mini_MiniExamples 
108941     INFO  main            d.u.i.k.p.r.p.TestFile    ... finished proof: closed. 
109230     INFO  main            d.u.i.k.p.r.p.TestFile    Now processing file /home/runner/work/key/key/key.core/../key.ui/examples/InformationFlow/MiniExamples/mini.MiniExamples(mini.MiniExamples__secure_p1_1()).Non-interference contract.1.m.key 
109230     INFO  main            d.u.i.k.p.i.AbstractProblemLoader Loading environment from /home/runner/work/key/key/key.core/../key.ui/examples/InformationFlow/MiniExamples/mini.MiniExamples(mini.MiniExamples__secure_p1_1()).Non-interference contract.1.m.key 
109230     DEBUG main            d.u.i.k.p.i.AbstractProblemLoader Environment load took 89.2ns 
109232     INFO  main            d.u.i.k.p.i.AbstractProblemLoader Creating init config 
112405     DEBUG main            d.u.i.k.p.i.AbstractProblemLoader Init config took 3.17s 
112441     INFO  main            d.u.i.k.p.i.AbstractProblemLoader Replaying proof mini.MiniExamples[mini.MiniExamples::secure_p1_1()].Non-interference contract.1 
112443     DEBUG main            d.u.i.k.p.i.IntermediateProofReplayer Proof replay took 54.5ns 
112444     DEBUG main            d.u.i.k.m.s.ProofScriptEngine [1] goal: 0, source line: 51, command: 'macro 'infflow-autopilot'' 
112472     DEBUG main            d.u.i.k.p.m.ProofCorrectnessMgt No justification found for rule Class_invariant_axiom_for_mini_MiniExamples 
112652     INFO  main            d.u.i.k.p.r.p.TestFile    ... finished proof: closed. 
112933     INFO  main            d.u.i.k.p.r.p.TestFile    Now processing file /home/runner/work/key/key/key.core/../key.ui/examples/InformationFlow/MiniExamples/mini.MiniExamples(mini.MiniExamples__secure_p1_1()).Non-interference contract.0.m.key 
112934     INFO  main            d.u.i.k.p.i.AbstractProblemLoader Loading environment from /home/runner/work/key/key/key.core/../key.ui/examples/InformationFlow/MiniExamples/mini.MiniExamples(mini.MiniExamples__secure_p1_1()).Non-interference contract.0.m.key 
112934     DEBUG main            d.u.i.k.p.i.AbstractProblemLoader Environment load took 358.5ns 
112935     INFO  main            d.u.i.k.p.i.AbstractProblemLoader Creating init config 
116042     DEBUG main            d.u.i.k.p.i.AbstractProblemLoader Init config took 3.11s 
116095     INFO  main            d.u.i.k.p.i.AbstractProblemLoader Replaying proof mini.MiniExamples[mini.MiniExamples::secure_p1_1()].Non-interference contract.0 
116098     DEBUG main            d.u.i.k.p.i.IntermediateProofReplayer Proof replay took 15.7ns 
116099     DEBUG main            d.u.i.k.m.s.ProofScriptEngine [1] goal: 0, source line: 51, command: 'macro 'infflow-autopilot'' 
116131     DEBUG main            d.u.i.k.p.m.ProofCorrectnessMgt No justification found for rule Class_invariant_axiom_for_mini_MiniExamples 
116302     INFO  main            d.u.i.k.p.r.p.TestFile    ... finished proof: closed. 
116597     INFO  main            d.u.i.k.p.r.p.TestFile    Now processing file /home/runner/work/key/key/key.core/../key.ui/examples/InformationFlow/MiniExamples/mini.MiniExamples(mini.MiniExamples__insecure_p1_2()).Non-interference contract.0.m.key 
116598     INFO  main            d.u.i.k.p.i.AbstractProblemLoader Loading environment from /home/runner/work/key/key/key.core/../key.ui/examples/InformationFlow/MiniExamples/mini.MiniExamples(mini.MiniExamples__insecure_p1_2()).Non-interference contract.0.m.key 
116598     DEBUG main            d.u.i.k.p.i.AbstractProblemLoader Environment load took 113.1ns 
116599     INFO  main            d.u.i.k.p.i.AbstractProblemLoader Creating init config 
119700     DEBUG main            d.u.i.k.p.i.AbstractProblemLoader Init config took 3.1s 
119746     INFO  main            d.u.i.k.p.i.AbstractProblemLoader Replaying proof mini.MiniExamples[mini.MiniExamples::insecure_p1_2()].Non-interference contract.0 
119749     DEBUG main            d.u.i.k.p.i.IntermediateProofReplayer Proof replay took 17ns 
119749     DEBUG main            d.u.i.k.m.s.ProofScriptEngine [1] goal: 0, source line: 51, command: 'macro 'infflow-autopilot'' 
119805     DEBUG main            d.u.i.k.p.m.ProofCorrectnessMgt No justification found for rule Class_invariant_axiom_for_mini_MiniExamples 
120076     INFO  main            d.u.i.k.p.r.p.TestFile    ... finished proof: open goal(s) 
120360     INFO  main            d.u.i.k.p.r.p.TestFile    Now processing file /home/runner/work/key/key/key.core/../key.ui/examples/InformationFlow/MiniExamples/mini.MiniExamples(mini.MiniExamples__insecure_p1_1()).Non-interference contract.0.m.key 
120361     INFO  main            d.u.i.k.p.i.AbstractProblemLoader Loading environment from /home/runner/work/key/key/key.core/../key.ui/examples/InformationFlow/MiniExamples/mini.MiniExamples(mini.MiniExamples__insecure_p1_1()).Non-interference contract.0.m.key 
120361     DEBUG main            d.u.i.k.p.i.AbstractProblemLoader Environment load took 212.2ns 
120362     INFO  main            d.u.i.k.p.i.AbstractProblemLoader Creating init config 
123428     DEBUG main            d.u.i.k.p.i.AbstractProblemLoader Init config took 3.07s 
123485     INFO  main            d.u.i.k.p.i.AbstractProblemLoader Replaying proof mini.MiniExamples[mini.MiniExamples::insecure_p1_1()].Non-interference contract.0 
123489     DEBUG main            d.u.i.k.p.i.IntermediateProofReplayer Proof replay took 16ns 
123489     DEBUG main            d.u.i.k.m.s.ProofScriptEngine [1] goal: 0, source line: 51, command: 'macro 'infflow-autopilot'' 
123519     DEBUG main            d.u.i.k.p.m.ProofCorrectnessMgt No justification found for rule Class_invariant_axiom_for_mini_MiniExamples 
123631     INFO  main            d.u.i.k.p.r.p.TestFile    ... finished proof: open goal(s) 
2802369    INFO  Test worker     d.u.i.k.p.r.RunAllProofsTestUnit Returning from test MiniExamples_fullmacro 
2802371    INFO  Test worker     d.u.i.k.p.r.RunAllProofsTestUnit Running test NewObjects_fullmacro 
412        INFO  Timeout watchdog d.u.i.k.p.r.p.ForkedTestFileRunner Timeout watcher launched (1000 secs.) 
423        WARN  main            d.u.i.k.s.ProofSettings   The settings in /home/runner/.key/proof-settings.props are *not* read. 
462        INFO  main            d.u.i.k.p.r.p.TestFile    Now processing file /home/runner/work/key/key/key.core/../key.ui/examples/InformationFlow/NewObjects/object.AmtoftBanerjee3(object.AmtoftBanerjee3__m()).Non-interference contract.0.m.key 
607        INFO  main            d.u.i.k.p.i.AbstractProblemLoader Loading environment from /home/runner/work/key/key/key.core/../key.ui/examples/InformationFlow/NewObjects/object.AmtoftBanerjee3(object.AmtoftBanerjee3__m()).Non-interference contract.0.m.key 
631        DEBUG main            d.u.i.k.p.i.AbstractProblemLoader Environment load took 1.83ms 
899        INFO  main            d.u.i.k.p.i.AbstractProblemLoader Creating init config 
2122       DEBUG main            d.u.i.k.j.TypeConverter   No LDT found for Meta 
2122       DEBUG main            d.u.i.k.j.TypeConverter   No LDT found for Meta 
2124       DEBUG main            d.u.i.k.j.TypeConverter   No LDT found for Meta 
2124       DEBUG main            d.u.i.k.j.TypeConverter   No LDT found for Meta 
3750       DEBUG main            d.u.i.k.j.TypeConverter   No LDT found for JavaBigintExpression 
7116       DEBUG main            d.u.i.k.j.r.ClassPreparationMethodBuilder clPrepBuilder: Inner Class detected. Reject building class initialisation methods. 
10084      DEBUG main            d.u.i.k.p.i.AbstractProblemLoader Init config took 9.19s 
10251      INFO  main            d.u.i.k.p.i.AbstractProblemLoader Replaying proof object.AmtoftBanerjee3[object.AmtoftBanerjee3::m()].Non-interference contract.0 
10298      DEBUG main            d.u.i.k.p.i.IntermediateProofReplayer Proof replay took 484.1ns 
10343      DEBUG main            d.u.i.k.m.s.ProofScriptEngine [1] goal: 0, source line: 51, command: 'macro 'infflow-autopilot'' 
10623      DEBUG main            d.u.i.k.p.m.ProofCorrectnessMgt No justification found for rule Class_invariant_axiom_for_object_AmtoftBanerjee3 
11427      INFO  main            d.u.i.k.p.r.p.TestFile    ... finished proof: closed. 
11577      INFO  main            d.u.i.k.p.r.p.TestFile    Now processing file /home/runner/work/key/key/key.core/../key.ui/examples/InformationFlow/NewObjects/object.AmtoftBanerjee(object.AmtoftBanerjee__m_2()).Non-interference contract.0.m.key 
11577      INFO  main            d.u.i.k.p.i.AbstractProblemLoader Loading environment from /home/runner/work/key/key/key.core/../key.ui/examples/InformationFlow/NewObjects/object.AmtoftBanerjee(object.AmtoftBanerjee__m_2()).Non-interference contract.0.m.key 
11577      DEBUG main            d.u.i.k.p.i.AbstractProblemLoader Environment load took 129.7ns 
11580      INFO  main            d.u.i.k.p.i.AbstractProblemLoader Creating init config 
12731      DEBUG main            d.u.i.k.j.r.ClassPreparationMethodBuilder clPrepBuilder: Inner Class detected. Reject building class initialisation methods. 
15180      DEBUG main            d.u.i.k.p.i.AbstractProblemLoader Init config took 3.6s 
15274      INFO  main            d.u.i.k.p.i.AbstractProblemLoader Replaying proof object.AmtoftBanerjee[object.AmtoftBanerjee::m_2()].Non-interference contract.0 
15280      DEBUG main            d.u.i.k.p.i.IntermediateProofReplayer Proof replay took 14.6ns 
15282      DEBUG main            d.u.i.k.m.s.ProofScriptEngine [1] goal: 0, source line: 51, command: 'macro 'infflow-autopilot'' 
15966      DEBUG main            d.u.i.k.p.m.ProofCorrectnessMgt No justification found for rule Class_invariant_axiom_for_object_AmtoftBanerjee 
15967      DEBUG main            d.u.i.k.p.m.ProofCorrectnessMgt No justification found for rule Class_invariant_axiom_for_object_AmtoftBanerjee 
16082      DEBUG main            d.u.i.k.p.m.ProofCorrectnessMgt No justification found for rule Class_invariant_axiom_for_object_AmtoftBanerjee 
16673      INFO  main            d.u.i.k.p.r.p.TestFile    ... finished proof: closed. 
16888      INFO  main            d.u.i.k.p.r.p.TestFile    Now processing file /home/runner/work/key/key/key.core/../key.ui/examples/InformationFlow/NewObjects/object.AmtoftBanerjee(object.AmtoftBanerjee__m_1()).Non-interference contract.1.m.key 
16890      INFO  main            d.u.i.k.p.i.AbstractProblemLoader Loading environment from /home/runner/work/key/key/key.core/../key.ui/examples/InformationFlow/NewObjects/object.AmtoftBanerjee(object.AmtoftBanerjee__m_1()).Non-interference contract.1.m.key 
16890      DEBUG main            d.u.i.k.p.i.AbstractProblemLoader Environment load took 113.3ns 
16892      INFO  main            d.u.i.k.p.i.AbstractProblemLoader Creating init config 
17954      DEBUG main            d.u.i.k.j.r.ClassPreparationMethodBuilder clPrepBuilder: Inner Class detected. Reject building class initialisation methods. 
20116      DEBUG main            d.u.i.k.p.i.AbstractProblemLoader Init config took 3.22s 
20184      INFO  main            d.u.i.k.p.i.AbstractProblemLoader Replaying proof object.AmtoftBanerjee[object.AmtoftBanerjee::m_1()].Non-interference contract.1 
20188      DEBUG main            d.u.i.k.p.i.IntermediateProofReplayer Proof replay took 12.4ns 
20190      DEBUG main            d.u.i.k.m.s.ProofScriptEngine [1] goal: 0, source line: 51, command: 'macro 'infflow-autopilot'' 
20418      DEBUG main            d.u.i.k.p.m.ProofCorrectnessMgt No justification found for rule Class_invariant_axiom_for_object_AmtoftBanerjee 
20419      DEBUG main            d.u.i.k.p.m.ProofCorrectnessMgt No justification found for rule Class_invariant_axiom_for_object_AmtoftBanerjee 
20455      DEBUG main            d.u.i.k.p.m.ProofCorrectnessMgt No justification found for rule Class_invariant_axiom_for_object_AmtoftBanerjee 
20847      INFO  main            d.u.i.k.p.r.p.TestFile    ... finished proof: open goal(s) 
21042      INFO  main            d.u.i.k.p.r.p.TestFile    Now processing file /home/runner/work/key/key/key.core/../key.ui/examples/InformationFlow/NewObjects/object.AmtoftBanerjee(object.AmtoftBanerjee__m_1()).Non-interference contract.0.m.key 
21043      INFO  main            d.u.i.k.p.i.AbstractProblemLoader Loading environment from /home/runner/work/key/key/key.core/../key.ui/examples/InformationFlow/NewObjects/object.AmtoftBanerjee(object.AmtoftBanerjee__m_1()).Non-interference contract.0.m.key 
21043      DEBUG main            d.u.i.k.p.i.AbstractProblemLoader Environment load took 287.7ns 
21045      INFO  main            d.u.i.k.p.i.AbstractProblemLoader Creating init config 
22081      DEBUG main            d.u.i.k.j.r.ClassPreparationMethodBuilder clPrepBuilder: Inner Class detected. Reject building class initialisation methods. 
24267      DEBUG main            d.u.i.k.p.i.AbstractProblemLoader Init config took 3.22s 
24327      INFO  main            d.u.i.k.p.i.AbstractProblemLoader Replaying proof object.AmtoftBanerjee[object.AmtoftBanerjee::m_1()].Non-interference contract.0 
24331      DEBUG main            d.u.i.k.p.i.IntermediateProofReplayer Proof replay took 31.2ns 
24332      DEBUG main            d.u.i.k.m.s.ProofScriptEngine [1] goal: 0, source line: 51, command: 'macro 'infflow-autopilot'' 
24544      DEBUG main            d.u.i.k.p.m.ProofCorrectnessMgt No justification found for rule Class_invariant_axiom_for_object_AmtoftBanerjee 
24545      DEBUG main            d.u.i.k.p.m.ProofCorrectnessMgt No justification found for rule Class_invariant_axiom_for_object_AmtoftBanerjee 
24582      DEBUG main            d.u.i.k.p.m.ProofCorrectnessMgt No justification found for rule Class_invariant_axiom_for_object_AmtoftBanerjee 
24900      INFO  main            d.u.i.k.p.r.p.TestFile    ... finished proof: closed. 
25148      INFO  main            d.u.i.k.p.r.p.TestFile    Now processing file /home/runner/work/key/key/key.core/../key.ui/examples/InformationFlow/NewObjects/object.AmtoftBanerjee(object.AmtoftBanerjee__getQ()).Non-interference contract.0.m.key 
25148      INFO  main            d.u.i.k.p.i.AbstractProblemLoader Loading environment from /home/runner/work/key/key/key.core/../key.ui/examples/InformationFlow/NewObjects/object.AmtoftBanerjee(object.AmtoftBanerjee__getQ()).Non-interference contract.0.m.key 
25148      DEBUG main            d.u.i.k.p.i.AbstractProblemLoader Environment load took 86.4ns 
25151      INFO  main            d.u.i.k.p.i.AbstractProblemLoader Creating init config 
26227      DEBUG main            d.u.i.k.j.r.ClassPreparationMethodBuilder clPrepBuilder: Inner Class detected. Reject building class initialisation methods. 
28413      DEBUG main            d.u.i.k.p.i.AbstractProblemLoader Init config took 3.26s 
28478      INFO  main            d.u.i.k.p.i.AbstractProblemLoader Replaying proof object.AmtoftBanerjee[object.AmtoftBanerjee::getQ()].Non-interference contract.0 
28482      DEBUG main            d.u.i.k.p.i.IntermediateProofReplayer Proof replay took 29.9ns 
28483      DEBUG main            d.u.i.k.m.s.ProofScriptEngine [1] goal: 0, source line: 51, command: 'macro 'infflow-autopilot'' 
28529      DEBUG main            d.u.i.k.p.m.ProofCorrectnessMgt No justification found for rule Class_invariant_axiom_for_object_AmtoftBanerjee 
28632      INFO  main            d.u.i.k.p.r.p.TestFile    ... finished proof: closed. 
28803      INFO  main            d.u.i.k.p.r.p.TestFile    Now processing file /home/runner/work/key/key/key.core/../key.ui/examples/InformationFlow/NewObjects/object.Naumann(object.Naumann__Pair_m(int,int)).Non-interference contract.0.m.key 
28804      INFO  main            d.u.i.k.p.i.AbstractProblemLoader Loading environment from /home/runner/work/key/key/key.core/../key.ui/examples/InformationFlow/NewObjects/object.Naumann(object.Naumann__Pair_m(int,int)).Non-interference contract.0.m.key 
28804      DEBUG main            d.u.i.k.p.i.AbstractProblemLoader Environment load took 75.9ns 
28806      INFO  main            d.u.i.k.p.i.AbstractProblemLoader Creating init config 
29850      DEBUG main            d.u.i.k.j.r.ClassPreparationMethodBuilder clPrepBuilder: Inner Class detected. Reject building class initialisation methods. 
32076      DEBUG main            d.u.i.k.p.i.AbstractProblemLoader Init config took 3.27s 
32148      INFO  main            d.u.i.k.p.i.AbstractProblemLoader Replaying proof object.Naumann[object.Naumann::Pair_m(int,int)].Non-interference contract.0 
32152      DEBUG main            d.u.i.k.p.i.IntermediateProofReplayer Proof replay took 14.6ns 
32153      DEBUG main            d.u.i.k.m.s.ProofScriptEngine [1] goal: 0, source line: 51, command: 'macro 'infflow-autopilot'' 
46580      INFO  main            d.u.i.k.p.r.p.TestFile    ... finished proof: closed. 
46868      INFO  main            d.u.i.k.p.r.p.TestFile    Now processing file /home/runner/work/key/key/key.core/../key.ui/examples/InformationFlow/NewObjects/object.ObjectOrientation(object.ObjectOrientation__secure_while_i((Ljava.lang.Object)).Non-interference contract.0.m.key 
46868      INFO  main            d.u.i.k.p.i.AbstractProblemLoader Loading environment from /home/runner/work/key/key/key.core/../key.ui/examples/InformationFlow/NewObjects/object.ObjectOrientation(object.ObjectOrientation__secure_while_i((Ljava.lang.Object)).Non-interference contract.0.m.key 
46868      DEBUG main            d.u.i.k.p.i.AbstractProblemLoader Environment load took 100.1ns 
46869      INFO  main            d.u.i.k.p.i.AbstractProblemLoader Creating init config 
47920      DEBUG main            d.u.i.k.j.r.ClassPreparationMethodBuilder clPrepBuilder: Inner Class detected. Reject building class initialisation methods. 
50008      DEBUG main            d.u.i.k.p.i.AbstractProblemLoader Init config took 3.14s 
50064      INFO  main            d.u.i.k.p.i.AbstractProblemLoader Replaying proof object.ObjectOrientation[object.ObjectOrientation::secure_while_i([Ljava.lang.Object)].Non-interference contract.0 
50069      DEBUG main            d.u.i.k.p.i.IntermediateProofReplayer Proof replay took 34.7ns 
50071      DEBUG main            d.u.i.k.m.s.ProofScriptEngine [1] goal: 0, source line: 51, command: 'macro 'infflow-autopilot'' 
50147      DEBUG main            d.u.i.k.p.m.ProofCorrectnessMgt No justification found for rule Class_invariant_axiom_for_object_ObjectOrientation 
57505      INFO  main            d.u.i.k.p.r.p.TestFile    ... finished proof: closed. 
57853      INFO  main            d.u.i.k.p.r.p.TestFile    Now processing file /home/runner/work/key/key/key.core/../key.ui/examples/InformationFlow/NewObjects/object.ObjectOrientation(object.ObjectOrientation__secure_method_call()).Non-interference contract.0.m.key 
57855      INFO  main            d.u.i.k.p.i.AbstractProblemLoader Loading environment from /home/runner/work/key/key/key.core/../key.ui/examples/InformationFlow/NewObjects/object.ObjectOrientation(object.ObjectOrientation__secure_method_call()).Non-interference contract.0.m.key 
57855      DEBUG main            d.u.i.k.p.i.AbstractProblemLoader Environment load took 249.4ns 
57856      INFO  main            d.u.i.k.p.i.AbstractProblemLoader Creating init config 
58831      DEBUG main            d.u.i.k.j.r.ClassPreparationMethodBuilder clPrepBuilder: Inner Class detected. Reject building class initialisation methods. 
60933      DEBUG main            d.u.i.k.p.i.AbstractProblemLoader Init config took 3.08s 
60997      INFO  main            d.u.i.k.p.i.AbstractProblemLoader Replaying proof object.ObjectOrientation[object.ObjectOrientation::secure_method_call()].Non-interference contract.0 
61000      DEBUG main            d.u.i.k.p.i.IntermediateProofReplayer Proof replay took 41ns 
61001      DEBUG main            d.u.i.k.m.s.ProofScriptEngine [1] goal: 0, source line: 51, command: 'macro 'infflow-autopilot'' 
61041      DEBUG main            d.u.i.k.p.m.ProofCorrectnessMgt No justification found for rule Class_invariant_axiom_for_object_ObjectOrientation 
61098      DEBUG main            d.u.i.k.p.m.ProofCorrectnessMgt No justification found for rule Class_invariant_axiom_for_object_ObjectOrientation 
61129      DEBUG main            d.u.i.k.p.m.ProofCorrectnessMgt No justification found for rule Class_invariant_axiom_for_object_ObjectOrientation 
61196      DEBUG main            d.u.i.k.p.m.ProofCorrectnessMgt No justification found for rule Class_invariant_axiom_for_object_ObjectOrientation 
61631      INFO  main            d.u.i.k.p.r.p.TestFile    ... finished proof: closed. 
61832      INFO  main            d.u.i.k.p.r.p.TestFile    Now processing file /home/runner/work/key/key/key.core/../key.ui/examples/InformationFlow/NewObjects/object.ObjectOrientation(object.ObjectOrientation__if_two_object_creation_next()).Non-interference contract.1.m.key 
61832      INFO  main            d.u.i.k.p.i.AbstractProblemLoader Loading environment from /home/runner/work/key/key/key.core/../key.ui/examples/InformationFlow/NewObjects/object.ObjectOrientation(object.ObjectOrientation__if_two_object_creation_next()).Non-interference contract.1.m.key 
61833      DEBUG main            d.u.i.k.p.i.AbstractProblemLoader Environment load took 114.6ns 
61834      INFO  main            d.u.i.k.p.i.AbstractProblemLoader Creating init config 
62837      DEBUG main            d.u.i.k.j.r.ClassPreparationMethodBuilder clPrepBuilder: Inner Class detected. Reject building class initialisation methods. 
64913      DEBUG main            d.u.i.k.p.i.AbstractProblemLoader Init config took 3.08s 
64962      INFO  main            d.u.i.k.p.i.AbstractProblemLoader Replaying proof object.ObjectOrientation[object.ObjectOrientation::if_two_object_creation_next()].Non-interference contract.1 
64965      DEBUG main            d.u.i.k.p.i.IntermediateProofReplayer Proof replay took 15.3ns 
64966      DEBUG main            d.u.i.k.m.s.ProofScriptEngine [1] goal: 0, source line: 51, command: 'macro 'infflow-autopilot'' 
65004      DEBUG main            d.u.i.k.p.m.ProofCorrectnessMgt No justification found for rule Class_invariant_axiom_for_object_ObjectOrientation 
102012     INFO  main            d.u.i.k.p.r.p.TestFile    ... finished proof: open goal(s) 
102328     INFO  main            d.u.i.k.p.r.p.TestFile    Now processing file /home/runner/work/key/key/key.core/../key.ui/examples/InformationFlow/NewObjects/object.ObjectOrientation(object.ObjectOrientation__if_two_object_creation_next()).Non-interference contract.0.m.key 
102328     INFO  main            d.u.i.k.p.i.AbstractProblemLoader Loading environment from /home/runner/work/key/key/key.core/../key.ui/examples/InformationFlow/NewObjects/object.ObjectOrientation(object.ObjectOrientation__if_two_object_creation_next()).Non-interference contract.0.m.key 
102328     DEBUG main            d.u.i.k.p.i.AbstractProblemLoader Environment load took 87.2ns 
102329     INFO  main            d.u.i.k.p.i.AbstractProblemLoader Creating init config 
103366     DEBUG main            d.u.i.k.j.r.ClassPreparationMethodBuilder clPrepBuilder: Inner Class detected. Reject building class initialisation methods. 
105609     DEBUG main            d.u.i.k.p.i.AbstractProblemLoader Init config took 3.28s 
105657     INFO  main            d.u.i.k.p.i.AbstractProblemLoader Replaying proof object.ObjectOrientation[object.ObjectOrientation::if_two_object_creation_next()].Non-interference contract.0 
105662     DEBUG main            d.u.i.k.p.i.IntermediateProofReplayer Proof replay took 19.9ns 
105663     DEBUG main            d.u.i.k.m.s.ProofScriptEngine [1] goal: 0, source line: 51, command: 'macro 'infflow-autopilot'' 
105703     DEBUG main            d.u.i.k.p.m.ProofCorrectnessMgt No justification found for rule Class_invariant_axiom_for_object_ObjectOrientation 
120859     INFO  main            d.u.i.k.p.r.p.TestFile    ... finished proof: closed. 
121288     INFO  main            d.u.i.k.p.r.p.TestFile    Now processing file /home/runner/work/key/key/key.core/../key.ui/examples/InformationFlow/NewObjects/object.ObjectOrientation(object.ObjectOrientation__secure_if_two_object_creation()).Non-interference contract.0.m.key 
121288     INFO  main            d.u.i.k.p.i.AbstractProblemLoader Loading environment from /home/runner/work/key/key/key.core/../key.ui/examples/InformationFlow/NewObjects/object.ObjectOrientation(object.ObjectOrientation__secure_if_two_object_creation()).Non-interference contract.0.m.key 
121288     DEBUG main            d.u.i.k.p.i.AbstractProblemLoader Environment load took 98.3ns 
121291     INFO  main            d.u.i.k.p.i.AbstractProblemLoader Creating init config 
122216     DEBUG main            d.u.i.k.j.r.ClassPreparationMethodBuilder clPrepBuilder: Inner Class detected. Reject building class initialisation methods. 
124399     DEBUG main            d.u.i.k.p.i.AbstractProblemLoader Init config took 3.11s 
124445     INFO  main            d.u.i.k.p.i.AbstractProblemLoader Replaying proof object.ObjectOrientation[object.ObjectOrientation::secure_if_two_object_creation()].Non-interference contract.0 
124448     DEBUG main            d.u.i.k.p.i.IntermediateProofReplayer Proof replay took 15.4ns 
124449     DEBUG main            d.u.i.k.m.s.ProofScriptEngine [1] goal: 0, source line: 51, command: 'macro 'infflow-autopilot'' 
124487     DEBUG main            d.u.i.k.p.m.ProofCorrectnessMgt No justification found for rule Class_invariant_axiom_for_object_ObjectOrientation 
139724     INFO  main            d.u.i.k.p.r.p.TestFile    ... finished proof: closed. 
140058     INFO  main            d.u.i.k.p.r.p.TestFile    Now processing file /home/runner/work/key/key/key.core/../key.ui/examples/InformationFlow/NewObjects/object.ObjectOrientation(object.ObjectOrientation__insecure_two_object_creation()).Non-interference contract.0.m.key 
140058     INFO  main            d.u.i.k.p.i.AbstractProblemLoader Loading environment from /home/runner/work/key/key/key.core/../key.ui/examples/InformationFlow/NewObjects/object.ObjectOrientation(object.ObjectOrientation__insecure_two_object_creation()).Non-interference contract.0.m.key 
140058     DEBUG main            d.u.i.k.p.i.AbstractProblemLoader Environment load took 87.9ns 
140059     INFO  main            d.u.i.k.p.i.AbstractProblemLoader Creating init config 
141123     DEBUG main            d.u.i.k.j.r.ClassPreparationMethodBuilder clPrepBuilder: Inner Class detected. Reject building class initialisation methods. 
143449     DEBUG main            d.u.i.k.p.i.AbstractProblemLoader Init config took 3.39s 
143507     INFO  main            d.u.i.k.p.i.AbstractProblemLoader Replaying proof object.ObjectOrientation[object.ObjectOrientation::insecure_two_object_creation()].Non-interference contract.0 
143511     DEBUG main            d.u.i.k.p.i.IntermediateProofReplayer Proof replay took 18.2ns 
143512     DEBUG main            d.u.i.k.m.s.ProofScriptEngine [1] goal: 0, source line: 51, command: 'macro 'infflow-autopilot'' 
143573     DEBUG main            d.u.i.k.p.m.ProofCorrectnessMgt No justification found for rule Class_invariant_axiom_for_object_ObjectOrientation 
179462     INFO  main            d.u.i.k.p.r.p.TestFile    ... finished proof: open goal(s) 
179815     INFO  main            d.u.i.k.p.r.p.TestFile    Now processing file /home/runner/work/key/key/key.core/../key.ui/examples/InformationFlow/NewObjects/object.ObjectOrientation(object.ObjectOrientation__secure_two_object_creation()).Non-interference contract.0.m.key 
179815     INFO  main            d.u.i.k.p.i.AbstractProblemLoader Loading environment from /home/runner/work/key/key/key.core/../key.ui/examples/InformationFlow/NewObjects/object.ObjectOrientation(object.ObjectOrientation__secure_two_object_creation()).Non-interference contract.0.m.key 
179816     DEBUG main            d.u.i.k.p.i.AbstractProblemLoader Environment load took 73ns 
179817     INFO  main            d.u.i.k.p.i.AbstractProblemLoader Creating init config 
180755     DEBUG main            d.u.i.k.j.r.ClassPreparationMethodBuilder clPrepBuilder: Inner Class detected. Reject building class initialisation methods. 
182857     DEBUG main            d.u.i.k.p.i.AbstractProblemLoader Init config took 3.04s 
182898     INFO  main            d.u.i.k.p.i.AbstractProblemLoader Replaying proof object.ObjectOrientation[object.ObjectOrientation::secure_two_object_creation()].Non-interference contract.0 
182901     DEBUG main            d.u.i.k.p.i.IntermediateProofReplayer Proof replay took 16.1ns 
182902     DEBUG main            d.u.i.k.m.s.ProofScriptEngine [1] goal: 0, source line: 51, command: 'macro 'infflow-autopilot'' 
182936     DEBUG main            d.u.i.k.p.m.ProofCorrectnessMgt No justification found for rule Class_invariant_axiom_for_object_ObjectOrientation 
194791     INFO  main            d.u.i.k.p.r.p.TestFile    ... finished proof: closed. 
195156     INFO  main            d.u.i.k.p.r.p.TestFile    Now processing file /home/runner/work/key/key/key.core/../key.ui/examples/InformationFlow/NewObjects/object.ObjectOrientation(object.ObjectOrientation__insecure_object_assignment()).Non-interference contract.1.m.key 
195156     INFO  main            d.u.i.k.p.i.AbstractProblemLoader Loading environment from /home/runner/work/key/key/key.core/../key.ui/examples/InformationFlow/NewObjects/object.ObjectOrientation(object.ObjectOrientation__insecure_object_assignment()).Non-interference contract.1.m.key 
195156     DEBUG main            d.u.i.k.p.i.AbstractProblemLoader Environment load took 84.4ns 
195157     INFO  main            d.u.i.k.p.i.AbstractProblemLoader Creating init config 
196044     DEBUG main            d.u.i.k.j.r.ClassPreparationMethodBuilder clPrepBuilder: Inner Class detected. Reject building class initialisation methods. 
198112     DEBUG main            d.u.i.k.p.i.AbstractProblemLoader Init config took 2.95s 
198159     INFO  main            d.u.i.k.p.i.AbstractProblemLoader Replaying proof object.ObjectOrientation[object.ObjectOrientation::insecure_object_assignment()].Non-interference contract.1 
198161     DEBUG main            d.u.i.k.p.i.IntermediateProofReplayer Proof replay took 31.1ns 
198162     DEBUG main            d.u.i.k.m.s.ProofScriptEngine [1] goal: 0, source line: 51, command: 'macro 'infflow-autopilot'' 
198192     DEBUG main            d.u.i.k.p.m.ProofCorrectnessMgt No justification found for rule Class_invariant_axiom_for_object_ObjectOrientation 
208423     INFO  main            d.u.i.k.p.r.p.TestFile    ... finished proof: open goal(s) 
208714     INFO  main            d.u.i.k.p.r.p.TestFile    Now processing file /home/runner/work/key/key/key.core/../key.ui/examples/InformationFlow/NewObjects/object.ObjectOrientation(object.ObjectOrientation__insecure_object_assignment()).Non-interference contract.0.m.key 
208714     INFO  main            d.u.i.k.p.i.AbstractProblemLoader Loading environment from /home/runner/work/key/key/key.core/../key.ui/examples/InformationFlow/NewObjects/object.ObjectOrientation(object.ObjectOrientation__insecure_object_assignment()).Non-interference contract.0.m.key 
208714     DEBUG main            d.u.i.k.p.i.AbstractProblemLoader Environment load took 77ns 
208716     INFO  main            d.u.i.k.p.i.AbstractProblemLoader Creating init config 
209724     DEBUG main            d.u.i.k.j.r.ClassPreparationMethodBuilder clPrepBuilder: Inner Class detected. Reject building class initialisation methods. 
211839     DEBUG main            d.u.i.k.p.i.AbstractProblemLoader Init config took 3.12s 
211884     INFO  main            d.u.i.k.p.i.AbstractProblemLoader Replaying proof object.ObjectOrientation[object.ObjectOrientation::insecure_object_assignment()].Non-interference contract.0 
211886     DEBUG main            d.u.i.k.p.i.IntermediateProofReplayer Proof replay took 15.5ns 
211887     DEBUG main            d.u.i.k.m.s.ProofScriptEngine [1] goal: 0, source line: 51, command: 'macro 'infflow-autopilot'' 
211917     DEBUG main            d.u.i.k.p.m.ProofCorrectnessMgt No justification found for rule Class_invariant_axiom_for_object_ObjectOrientation 
212189     INFO  main            d.u.i.k.p.r.p.TestFile    ... finished proof: open goal(s) 
212464     INFO  main            d.u.i.k.p.r.p.TestFile    Now processing file /home/runner/work/key/key/key.core/../key.ui/examples/InformationFlow/NewObjects/object.ObjectOrientation(object.ObjectOrientation__secure_object_creation_3()).Non-interference contract.0.m.key 
212466     INFO  main            d.u.i.k.p.i.AbstractProblemLoader Loading environment from /home/runner/work/key/key/key.core/../key.ui/examples/InformationFlow/NewObjects/object.ObjectOrientation(object.ObjectOrientation__secure_object_creation_3()).Non-interference contract.0.m.key 
212466     DEBUG main            d.u.i.k.p.i.AbstractProblemLoader Environment load took 105.1ns 
212471     INFO  main            d.u.i.k.p.i.AbstractProblemLoader Creating init config 
213421     DEBUG main            d.u.i.k.j.r.ClassPreparationMethodBuilder clPrepBuilder: Inner Class detected. Reject building class initialisation methods. 
215461     DEBUG main            d.u.i.k.p.i.AbstractProblemLoader Init config took 2.99s 
215545     INFO  main            d.u.i.k.p.i.AbstractProblemLoader Replaying proof object.ObjectOrientation[object.ObjectOrientation::secure_object_creation_3()].Non-interference contract.0 
215548     DEBUG main            d.u.i.k.p.i.IntermediateProofReplayer Proof replay took 17.9ns 
215549     DEBUG main            d.u.i.k.m.s.ProofScriptEngine [1] goal: 0, source line: 51, command: 'macro 'infflow-autopilot'' 
215584     DEBUG main            d.u.i.k.p.m.ProofCorrectnessMgt No justification found for rule Class_invariant_axiom_for_object_ObjectOrientation 
216009     INFO  main            d.u.i.k.p.r.p.TestFile    ... finished proof: closed. 
216276     INFO  main            d.u.i.k.p.r.p.TestFile    Now processing file /home/runner/work/key/key/key.core/../key.ui/examples/InformationFlow/NewObjects/object.ObjectOrientation(object.ObjectOrientation__secure_object_creation_2()).Non-interference contract.0.m.key 
216276     INFO  main            d.u.i.k.p.i.AbstractProblemLoader Loading environment from /home/runner/work/key/key/key.core/../key.ui/examples/InformationFlow/NewObjects/object.ObjectOrientation(object.ObjectOrientation__secure_object_creation_2()).Non-interference contract.0.m.key 
216276     DEBUG main            d.u.i.k.p.i.AbstractProblemLoader Environment load took 83.9ns 
216278     INFO  main            d.u.i.k.p.i.AbstractProblemLoader Creating init config 
217213     DEBUG main            d.u.i.k.j.r.ClassPreparationMethodBuilder clPrepBuilder: Inner Class detected. Reject building class initialisation methods. 
219273     DEBUG main            d.u.i.k.p.i.AbstractProblemLoader Init config took 3s 
219323     INFO  main            d.u.i.k.p.i.AbstractProblemLoader Replaying proof object.ObjectOrientation[object.ObjectOrientation::secure_object_creation_2()].Non-interference contract.0 
219326     DEBUG main            d.u.i.k.p.i.IntermediateProofReplayer Proof replay took 16.2ns 
219327     DEBUG main            d.u.i.k.m.s.ProofScriptEngine [1] goal: 0, source line: 51, command: 'macro 'infflow-autopilot'' 
219385     DEBUG main            d.u.i.k.p.m.ProofCorrectnessMgt No justification found for rule Class_invariant_axiom_for_object_ObjectOrientation 
219709     INFO  main            d.u.i.k.p.r.p.TestFile    ... finished proof: closed. 
219972     INFO  main            d.u.i.k.p.r.p.TestFile    Now processing file /home/runner/work/key/key/key.core/../key.ui/examples/InformationFlow/NewObjects/object.ObjectOrientation(object.ObjectOrientation__secure_object_creation()).Non-interference contract.0.m.key 
219972     INFO  main            d.u.i.k.p.i.AbstractProblemLoader Loading environment from /home/runner/work/key/key/key.core/../key.ui/examples/InformationFlow/NewObjects/object.ObjectOrientation(object.ObjectOrientation__secure_object_creation()).Non-interference contract.0.m.key 
219972     DEBUG main            d.u.i.k.p.i.AbstractProblemLoader Environment load took 90.9ns 
219974     INFO  main            d.u.i.k.p.i.AbstractProblemLoader Creating init config 
220975     DEBUG main            d.u.i.k.j.r.ClassPreparationMethodBuilder clPrepBuilder: Inner Class detected. Reject building class initialisation methods. 
223029     DEBUG main            d.u.i.k.p.i.AbstractProblemLoader Init config took 3.06s 
223093     INFO  main            d.u.i.k.p.i.AbstractProblemLoader Replaying proof object.ObjectOrientation[object.ObjectOrientation::secure_object_creation()].Non-interference contract.0 
223096     DEBUG main            d.u.i.k.p.i.IntermediateProofReplayer Proof replay took 18.8ns 
223097     DEBUG main            d.u.i.k.m.s.ProofScriptEngine [1] goal: 0, source line: 51, command: 'macro 'infflow-autopilot'' 
223140     DEBUG main            d.u.i.k.p.m.ProofCorrectnessMgt No justification found for rule Class_invariant_axiom_for_object_ObjectOrientation 
223571     INFO  main            d.u.i.k.p.r.p.TestFile    ... finished proof: closed. 
223824     INFO  main            d.u.i.k.p.r.p.TestFile    Now processing file /home/runner/work/key/key/key.core/../key.ui/examples/InformationFlow/NewObjects/object.AmtoftBanerjee2(object.AmtoftBanerjee2__expensive(int)).Non-interference contract.0.m.key 
223824     INFO  main            d.u.i.k.p.i.AbstractProblemLoader Loading environment from /home/runner/work/key/key/key.core/../key.ui/examples/InformationFlow/NewObjects/object.AmtoftBanerjee2(object.AmtoftBanerjee2__expensive(int)).Non-interference contract.0.m.key 
223824     DEBUG main            d.u.i.k.p.i.AbstractProblemLoader Environment load took 81.4ns 
223825     INFO  main            d.u.i.k.p.i.AbstractProblemLoader Creating init config 
224793     DEBUG main            d.u.i.k.j.r.ClassPreparationMethodBuilder clPrepBuilder: Inner Class detected. Reject building class initialisation methods. 
226842     DEBUG main            d.u.i.k.p.i.AbstractProblemLoader Init config took 3.02s 
226898     INFO  main            d.u.i.k.p.i.AbstractProblemLoader Replaying proof object.AmtoftBanerjee2[object.AmtoftBanerjee2::expensive(int)].Non-interference contract.0 
226900     DEBUG main            d.u.i.k.p.i.IntermediateProofReplayer Proof replay took 16.3ns 
226901     DEBUG main            d.u.i.k.m.s.ProofScriptEngine [1] goal: 0, source line: 51, command: 'macro 'infflow-autopilot'' 
227005     INFO  main            d.u.i.k.p.r.p.TestFile    ... finished proof: closed. 
227242     INFO  main            d.u.i.k.p.r.p.TestFile    Now processing file /home/runner/work/key/key/key.core/../key.ui/examples/InformationFlow/NewObjects/object.AmtoftBanerjee2(object.AmtoftBanerjee2__cexp(int)).Non-interference contract.0.m.key 
227242     INFO  main            d.u.i.k.p.i.AbstractProblemLoader Loading environment from /home/runner/work/key/key/key.core/../key.ui/examples/InformationFlow/NewObjects/object.AmtoftBanerjee2(object.AmtoftBanerjee2__cexp(int)).Non-interference contract.0.m.key 
227242     DEBUG main            d.u.i.k.p.i.AbstractProblemLoader Environment load took 75.7ns 
227244     INFO  main            d.u.i.k.p.i.AbstractProblemLoader Creating init config 
228211     DEBUG main            d.u.i.k.j.r.ClassPreparationMethodBuilder clPrepBuilder: Inner Class detected. Reject building class initialisation methods. 
230238     DEBUG main            d.u.i.k.p.i.AbstractProblemLoader Init config took 2.99s 
230280     INFO  main            d.u.i.k.p.i.AbstractProblemLoader Replaying proof object.AmtoftBanerjee2[object.AmtoftBanerjee2::cexp(int)].Non-interference contract.0 
230283     DEBUG main            d.u.i.k.p.i.IntermediateProofReplayer Proof replay took 31.2ns 
230284     DEBUG main            d.u.i.k.m.s.ProofScriptEngine [1] goal: 0, source line: 51, command: 'macro 'infflow-autopilot'' 
230317     DEBUG main            d.u.i.k.p.m.ProofCorrectnessMgt No justification found for rule Class_invariant_axiom_for_object_AmtoftBanerjee2 
232075     INFO  main            d.u.i.k.p.r.p.TestFile    ... finished proof: closed. 
3034951    INFO  Test worker     d.u.i.k.p.r.RunAllProofsTestUnit Returning from test NewObjects_fullmacro 
3034952    INFO  Test worker     d.u.i.k.p.r.RunAllProofsTestUnit Running test SimpleEvoting_fullmacro 
453        INFO  Timeout watchdog d.u.i.k.p.r.p.ForkedTestFileRunner Timeout watcher launched (1000 secs.) 
479        WARN  main            d.u.i.k.s.ProofSettings   The settings in /home/runner/.key/proof-settings.props are *not* read. 
524        INFO  main            d.u.i.k.p.r.p.TestFile    Now processing file /home/runner/work/key/key/key.core/../key.ui/examples/InformationFlow/SimpleEvoting/simple_evoting.Environment(simple_evoting.Environment__untrustedOutputMessage((B)).Non-interference contract.0.m.key 
667        INFO  main            d.u.i.k.p.i.AbstractProblemLoader Loading environment from /home/runner/work/key/key/key.core/../key.ui/examples/InformationFlow/SimpleEvoting/simple_evoting.Environment(simple_evoting.Environment__untrustedOutputMessage((B)).Non-interference contract.0.m.key 
690        DEBUG main            d.u.i.k.p.i.AbstractProblemLoader Environment load took 2.84ms 
976        INFO  main            d.u.i.k.p.i.AbstractProblemLoader Creating init config 
2076       DEBUG main            d.u.i.k.j.TypeConverter   No LDT found for Meta 
2077       DEBUG main            d.u.i.k.j.TypeConverter   No LDT found for Meta 
2079       DEBUG main            d.u.i.k.j.TypeConverter   No LDT found for Meta 
2079       DEBUG main            d.u.i.k.j.TypeConverter   No LDT found for Meta 
3860       DEBUG main            d.u.i.k.j.TypeConverter   No LDT found for JavaBigintExpression 
10971      DEBUG main            d.u.i.k.p.i.AbstractProblemLoader Init config took 9.99s 
11237      INFO  main            d.u.i.k.p.i.AbstractProblemLoader Replaying proof simple_evoting.Environment[simple_evoting.Environment::untrustedOutputMessage([B)].Non-interference contract.0 
11377      DEBUG main            d.u.i.k.p.i.IntermediateProofReplayer Proof replay took 6.45ms 
11476      DEBUG main            d.u.i.k.m.s.ProofScriptEngine [1] goal: 0, source line: 51, command: 'macro 'infflow-autopilot'' 
12119      DEBUG main            d.u.i.k.p.m.ProofCorrectnessMgt No justification found for rule JML_represents_clause_for_simple_evoting_Environment_rep 
12372      DEBUG main            d.u.i.k.p.m.ProofCorrectnessMgt No justification found for rule JML_represents_clause_for_simple_evoting_Environment_rep 
13679      DEBUG main            d.u.i.k.p.m.ProofCorrectnessMgt No justification found for rule JML_represents_clause_for_simple_evoting_Environment_rep 
14391      DEBUG main            d.u.i.k.p.m.ProofCorrectnessMgt No justification found for rule JML_represents_clause_for_simple_evoting_Environment_rep 
15985      DEBUG main            d.u.i.k.p.m.ProofCorrectnessMgt No justification found for rule JML_represents_clause_for_simple_evoting_Environment_rep 
18315      INFO  main            d.u.i.k.p.r.p.TestFile    ... finished proof: closed. 
18611      INFO  main            d.u.i.k.p.r.p.TestFile    Now processing file /home/runner/work/key/key/key.core/../key.ui/examples/InformationFlow/SimpleEvoting/simple_evoting.Environment(simple_evoting.Environment__untrustedInputMessage()).Non-interference contract.0.m.key 
18612      INFO  main            d.u.i.k.p.i.AbstractProblemLoader Loading environment from /home/runner/work/key/key/key.core/../key.ui/examples/InformationFlow/SimpleEvoting/simple_evoting.Environment(simple_evoting.Environment__untrustedInputMessage()).Non-interference contract.0.m.key 
18612      DEBUG main            d.u.i.k.p.i.AbstractProblemLoader Environment load took 188.9ns 
18617      INFO  main            d.u.i.k.p.i.AbstractProblemLoader Creating init config 
22799      DEBUG main            d.u.i.k.p.i.AbstractProblemLoader Init config took 4.18s 
22899      INFO  main            d.u.i.k.p.i.AbstractProblemLoader Replaying proof simple_evoting.Environment[simple_evoting.Environment::untrustedInputMessage()].Non-interference contract.0 
22904      DEBUG main            d.u.i.k.p.i.IntermediateProofReplayer Proof replay took 46.9ns 
22905      DEBUG main            d.u.i.k.m.s.ProofScriptEngine [1] goal: 0, source line: 51, command: 'macro 'infflow-autopilot'' 
23001      DEBUG main            d.u.i.k.p.m.ProofCorrectnessMgt No justification found for rule JML_represents_clause_for_simple_evoting_Environment_rep 
23297      DEBUG main            d.u.i.k.p.m.ProofCorrectnessMgt No justification found for rule JML_represents_clause_for_simple_evoting_Environment_rep 
26917      INFO  main            d.u.i.k.p.r.p.TestFile    ... finished proof: closed. 
27174      INFO  main            d.u.i.k.p.r.p.TestFile    Now processing file /home/runner/work/key/key/key.core/../key.ui/examples/InformationFlow/SimpleEvoting/simple_evoting.Environment(simple_evoting.Environment__untrustedOutput(int)).Non-interference contract.0.m.key 
27175      INFO  main            d.u.i.k.p.i.AbstractProblemLoader Loading environment from /home/runner/work/key/key/key.core/../key.ui/examples/InformationFlow/SimpleEvoting/simple_evoting.Environment(simple_evoting.Environment__untrustedOutput(int)).Non-interference contract.0.m.key 
27176      DEBUG main            d.u.i.k.p.i.AbstractProblemLoader Environment load took 298.3ns 
27178      INFO  main            d.u.i.k.p.i.AbstractProblemLoader Creating init config 
31498      DEBUG main            d.u.i.k.p.i.AbstractProblemLoader Init config took 4.32s 
31580      INFO  main            d.u.i.k.p.i.AbstractProblemLoader Replaying proof simple_evoting.Environment[simple_evoting.Environment::untrustedOutput(int)].Non-interference contract.0 
31584      DEBUG main            d.u.i.k.p.i.IntermediateProofReplayer Proof replay took 30.5ns 
31585      DEBUG main            d.u.i.k.m.s.ProofScriptEngine [1] goal: 0, source line: 51, command: 'macro 'infflow-autopilot'' 
31682      INFO  main            d.u.i.k.p.r.p.TestFile    ... finished proof: closed. 
31892      INFO  main            d.u.i.k.p.r.p.TestFile    Now processing file /home/runner/work/key/key/key.core/../key.ui/examples/InformationFlow/SimpleEvoting/simple_evoting.Environment(simple_evoting.Environment__untrustedInput(int)).Non-interference contract.0.m.key 
31892      INFO  main            d.u.i.k.p.i.AbstractProblemLoader Loading environment from /home/runner/work/key/key/key.core/../key.ui/examples/InformationFlow/SimpleEvoting/simple_evoting.Environment(simple_evoting.Environment__untrustedInput(int)).Non-interference contract.0.m.key 
31892      DEBUG main            d.u.i.k.p.i.AbstractProblemLoader Environment load took 84.2ns 
31894      INFO  main            d.u.i.k.p.i.AbstractProblemLoader Creating init config 
35924      DEBUG main            d.u.i.k.p.i.AbstractProblemLoader Init config took 4.03s 
36011      INFO  main            d.u.i.k.p.i.AbstractProblemLoader Replaying proof simple_evoting.Environment[simple_evoting.Environment::untrustedInput(int)].Non-interference contract.0 
36016      DEBUG main            d.u.i.k.p.i.IntermediateProofReplayer Proof replay took 16.5ns 
36017      DEBUG main            d.u.i.k.m.s.ProofScriptEngine [1] goal: 0, source line: 51, command: 'macro 'infflow-autopilot'' 
36188      INFO  main            d.u.i.k.p.r.p.TestFile    ... finished proof: open goal(s) 
36358      INFO  main            d.u.i.k.p.r.p.TestFile    Now processing file /home/runner/work/key/key/key.core/../key.ui/examples/InformationFlow/SimpleEvoting/simple_evoting.Environment(simple_evoting.Environment__untrustedInput()).Non-interference contract.0.m.key 
36359      INFO  main            d.u.i.k.p.i.AbstractProblemLoader Loading environment from /home/runner/work/key/key/key.core/../key.ui/examples/InformationFlow/SimpleEvoting/simple_evoting.Environment(simple_evoting.Environment__untrustedInput()).Non-interference contract.0.m.key 
36359      DEBUG main            d.u.i.k.p.i.AbstractProblemLoader Environment load took 625.3ns 
36361      INFO  main            d.u.i.k.p.i.AbstractProblemLoader Creating init config 
40421      DEBUG main            d.u.i.k.p.i.AbstractProblemLoader Init config took 4.06s 
40494      INFO  main            d.u.i.k.p.i.AbstractProblemLoader Replaying proof simple_evoting.Environment[simple_evoting.Environment::untrustedInput()].Non-interference contract.0 
40497      DEBUG main            d.u.i.k.p.i.IntermediateProofReplayer Proof replay took 25.7ns 
40498      DEBUG main            d.u.i.k.m.s.ProofScriptEngine [1] goal: 0, source line: 51, command: 'macro 'infflow-autopilot'' 
40616      INFO  main            d.u.i.k.p.r.p.TestFile    ... finished proof: open goal(s) 
40822      INFO  main            d.u.i.k.p.r.p.TestFile    Now processing file /home/runner/work/key/key/key.core/../key.ui/examples/InformationFlow/SimpleEvoting/simple_evoting.SMT(simple_evoting.SMT__send(simple_evoting.Message,int,simple_evoting.Server)).Non-interference contract.1.m.key 
40822      INFO  main            d.u.i.k.p.i.AbstractProblemLoader Loading environment from /home/runner/work/key/key/key.core/../key.ui/examples/InformationFlow/SimpleEvoting/simple_evoting.SMT(simple_evoting.SMT__send(simple_evoting.Message,int,simple_evoting.Server)).Non-interference contract.1.m.key 
40823      DEBUG main            d.u.i.k.p.i.AbstractProblemLoader Environment load took 76ns 
40824      INFO  main            d.u.i.k.p.i.AbstractProblemLoader Creating init config 
45058      DEBUG main            d.u.i.k.p.i.AbstractProblemLoader Init config took 4.23s 
45178      INFO  main            d.u.i.k.p.i.AbstractProblemLoader Replaying proof simple_evoting.SMT[simple_evoting.SMT::send(simple_evoting.Message,int,simple_evoting.Server)].Non-interference contract.1 
45184      DEBUG main            d.u.i.k.p.i.IntermediateProofReplayer Proof replay took 19.7ns 
45185      DEBUG main            d.u.i.k.m.s.ProofScriptEngine [1] goal: 0, source line: 51, command: 'macro 'infflow-autopilot'' 
45282      DEBUG main            d.u.i.k.p.m.ProofCorrectnessMgt No justification found for rule Class_invariant_axiom_for_simple_evoting_Server 
45298      DEBUG main            d.u.i.k.p.m.ProofCorrectnessMgt No justification found for rule Class_invariant_axiom_for_simple_evoting_Message 
45353      DEBUG main            d.u.i.k.p.m.ProofCorrectnessMgt No justification found for rule JML_represents_clause_for_simple_evoting_Environment_rep 
45708      DEBUG main            d.u.i.k.p.m.ProofCorrectnessMgt No justification found for rule Class_invariant_axiom_for_simple_evoting_Server 
45829      DEBUG main            d.u.i.k.p.m.ProofCorrectnessMgt No justification found for rule Class_invariant_axiom_for_simple_evoting_Message 
45871      DEBUG main            d.u.i.k.p.m.ProofCorrectnessMgt No justification found for rule Class_invariant_axiom_for_simple_evoting_Server 
45920      DEBUG main            d.u.i.k.p.m.ProofCorrectnessMgt No justification found for rule Class_invariant_axiom_for_simple_evoting_Message 
47374      DEBUG main            d.u.i.k.p.m.ProofCorrectnessMgt No justification found for rule Class_invariant_axiom_for_simple_evoting_Server 
47651      DEBUG main            d.u.i.k.p.m.ProofCorrectnessMgt No justification found for rule Class_invariant_axiom_for_simple_evoting_Message 
47747      DEBUG main            d.u.i.k.p.m.ProofCorrectnessMgt No justification found for rule Class_invariant_axiom_for_simple_evoting_Message 
47787      DEBUG main            d.u.i.k.p.m.ProofCorrectnessMgt No justification found for rule Class_invariant_axiom_for_simple_evoting_Server 
47884      DEBUG main            d.u.i.k.p.m.ProofCorrectnessMgt No justification found for rule Class_invariant_axiom_for_simple_evoting_Message 
47908      DEBUG main            d.u.i.k.p.m.ProofCorrectnessMgt No justification found for rule Class_invariant_axiom_for_simple_evoting_Message 
47934      DEBUG main            d.u.i.k.p.m.ProofCorrectnessMgt No justification found for rule Class_invariant_axiom_for_simple_evoting_Server 
48017      DEBUG main            d.u.i.k.p.m.ProofCorrectnessMgt No justification found for rule Class_invariant_axiom_for_simple_evoting_Server 
48368      DEBUG main            d.u.i.k.p.m.ProofCorrectnessMgt No justification found for rule Class_invariant_axiom_for_simple_evoting_Message 
48399      DEBUG main            d.u.i.k.p.m.ProofCorrectnessMgt No justification found for rule Class_invariant_axiom_for_simple_evoting_Server 
48455      DEBUG main            d.u.i.k.p.m.ProofCorrectnessMgt No justification found for rule Class_invariant_axiom_for_simple_evoting_Server 
48528      DEBUG main            d.u.i.k.p.m.ProofCorrectnessMgt No justification found for rule Class_invariant_axiom_for_simple_evoting_Message 
48573      DEBUG main            d.u.i.k.p.m.ProofCorrectnessMgt No justification found for rule Class_invariant_axiom_for_simple_evoting_Server 
48612      DEBUG main            d.u.i.k.p.m.ProofCorrectnessMgt No justification found for rule Class_invariant_axiom_for_simple_evoting_Server 
48755      DEBUG main            d.u.i.k.p.m.ProofCorrectnessMgt No justification found for rule Class_invariant_axiom_for_simple_evoting_Server 
48838      DEBUG main            d.u.i.k.p.m.ProofCorrectnessMgt No justification found for rule Class_invariant_axiom_for_simple_evoting_Message 
48878      DEBUG main            d.u.i.k.p.m.ProofCorrectnessMgt No justification found for rule Class_invariant_axiom_for_simple_evoting_Server 
48955      DEBUG main            d.u.i.k.p.m.ProofCorrectnessMgt No justification found for rule Class_invariant_axiom_for_simple_evoting_Server 
49022      DEBUG main            d.u.i.k.p.m.ProofCorrectnessMgt No justification found for rule Class_invariant_axiom_for_simple_evoting_Message 
49044      DEBUG main            d.u.i.k.p.m.ProofCorrectnessMgt No justification found for rule Class_invariant_axiom_for_simple_evoting_Message 
49089      DEBUG main            d.u.i.k.p.m.ProofCorrectnessMgt No justification found for rule Class_invariant_axiom_for_simple_evoting_Server 
49173      DEBUG main            d.u.i.k.p.m.ProofCorrectnessMgt No justification found for rule Class_invariant_axiom_for_simple_evoting_Message 
49214      DEBUG main            d.u.i.k.p.m.ProofCorrectnessMgt No justification found for rule Class_invariant_axiom_for_simple_evoting_Message 
49276      DEBUG main            d.u.i.k.p.m.ProofCorrectnessMgt No justification found for rule Class_invariant_axiom_for_simple_evoting_Server 
49408      DEBUG main            d.u.i.k.p.m.ProofCorrectnessMgt No justification found for rule Class_invariant_axiom_for_simple_evoting_Message 
49454      DEBUG main            d.u.i.k.p.m.ProofCorrectnessMgt No justification found for rule Class_invariant_axiom_for_simple_evoting_Server 
49560      DEBUG main            d.u.i.k.p.m.ProofCorrectnessMgt No justification found for rule Class_invariant_axiom_for_simple_evoting_Message 
49612      DEBUG main            d.u.i.k.p.m.ProofCorrectnessMgt No justification found for rule Class_invariant_axiom_for_simple_evoting_Server 
49701      DEBUG main            d.u.i.k.p.m.ProofCorrectnessMgt No justification found for rule Class_invariant_axiom_for_simple_evoting_Message 
49739      DEBUG main            d.u.i.k.p.m.ProofCorrectnessMgt No justification found for rule Class_invariant_axiom_for_simple_evoting_Server 
49919      DEBUG main            d.u.i.k.p.m.ProofCorrectnessMgt No justification found for rule Class_invariant_axiom_for_simple_evoting_Message 
49954      DEBUG main            d.u.i.k.p.m.ProofCorrectnessMgt No justification found for rule Class_invariant_axiom_for_simple_evoting_Server 
50059      DEBUG main            d.u.i.k.p.m.ProofCorrectnessMgt No justification found for rule Class_invariant_axiom_for_simple_evoting_Server 
50160      DEBUG main            d.u.i.k.p.m.ProofCorrectnessMgt No justification found for rule Class_invariant_axiom_for_simple_evoting_Message 
50201      DEBUG main            d.u.i.k.p.m.ProofCorrectnessMgt No justification found for rule Class_invariant_axiom_for_simple_evoting_Message 
51532      DEBUG main            d.u.i.k.p.m.ProofCorrectnessMgt No justification found for rule JML_represents_clause_for_simple_evoting_Environment_rep 
51594      DEBUG main            d.u.i.k.p.m.ProofCorrectnessMgt No justification found for rule Class_invariant_axiom_for_simple_evoting_Message 
51663      DEBUG main            d.u.i.k.p.m.ProofCorrectnessMgt No justification found for rule Class_invariant_axiom_for_simple_evoting_Message 
51711      DEBUG main            d.u.i.k.p.m.ProofCorrectnessMgt No justification found for rule Class_invariant_axiom_for_simple_evoting_Message 
51766      DEBUG main            d.u.i.k.p.m.ProofCorrectnessMgt No justification found for rule Class_invariant_axiom_for_simple_evoting_Message 
51815      DEBUG main            d.u.i.k.p.m.ProofCorrectnessMgt No justification found for rule Class_invariant_axiom_for_simple_evoting_Message 
51878      DEBUG main            d.u.i.k.p.m.ProofCorrectnessMgt No justification found for rule Class_invariant_axiom_for_simple_evoting_Message 
51924      DEBUG main            d.u.i.k.p.m.ProofCorrectnessMgt No justification found for rule Class_invariant_axiom_for_simple_evoting_Message 
51982      DEBUG main            d.u.i.k.p.m.ProofCorrectnessMgt No justification found for rule Class_invariant_axiom_for_simple_evoting_Message 
52028      DEBUG main            d.u.i.k.p.m.ProofCorrectnessMgt No justification found for rule Class_invariant_axiom_for_simple_evoting_Message 
52083      DEBUG main            d.u.i.k.p.m.ProofCorrectnessMgt No justification found for rule Class_invariant_axiom_for_simple_evoting_Message 
52163      DEBUG main            d.u.i.k.p.m.ProofCorrectnessMgt No justification found for rule Class_invariant_axiom_for_simple_evoting_Message 
52404      DEBUG main            d.u.i.k.p.m.ProofCorrectnessMgt No justification found for rule Class_invariant_axiom_for_simple_evoting_Server 
52554      DEBUG main            d.u.i.k.p.m.ProofCorrectnessMgt No justification found for rule Class_invariant_axiom_for_simple_evoting_Server 
52657      DEBUG main            d.u.i.k.p.m.ProofCorrectnessMgt No justification found for rule Class_invariant_axiom_for_simple_evoting_Server 
52736      DEBUG main            d.u.i.k.p.m.ProofCorrectnessMgt No justification found for rule Class_invariant_axiom_for_simple_evoting_Server 
52819      DEBUG main            d.u.i.k.p.m.ProofCorrectnessMgt No justification found for rule Class_invariant_axiom_for_simple_evoting_Server 
52903      DEBUG main            d.u.i.k.p.m.ProofCorrectnessMgt No justification found for rule Class_invariant_axiom_for_simple_evoting_Server 
52978      DEBUG main            d.u.i.k.p.m.ProofCorrectnessMgt No justification found for rule Class_invariant_axiom_for_simple_evoting_Server 
53064      DEBUG main            d.u.i.k.p.m.ProofCorrectnessMgt No justification found for rule Class_invariant_axiom_for_simple_evoting_Server 
53127      DEBUG main            d.u.i.k.p.m.ProofCorrectnessMgt No justification found for rule Class_invariant_axiom_for_simple_evoting_Server 
53209      DEBUG main            d.u.i.k.p.m.ProofCorrectnessMgt No justification found for rule Class_invariant_axiom_for_simple_evoting_Server 
53339      DEBUG main            d.u.i.k.p.m.ProofCorrectnessMgt No justification found for rule Class_invariant_axiom_for_simple_evoting_Server 
53428      DEBUG main            d.u.i.k.p.m.ProofCorrectnessMgt No justification found for rule Class_invariant_axiom_for_simple_evoting_Server 
71233      DEBUG main            d.u.i.k.p.m.ProofCorrectnessMgt No justification found for rule Class_invariant_axiom_for_simple_evoting_Message 
71304      DEBUG main            d.u.i.k.p.m.ProofCorrectnessMgt No justification found for rule Class_invariant_axiom_for_simple_evoting_Server 
71398      DEBUG main            d.u.i.k.p.m.ProofCorrectnessMgt No justification found for rule Class_invariant_axiom_for_simple_evoting_Server 
71453      DEBUG main            d.u.i.k.p.m.ProofCorrectnessMgt No justification found for rule Class_invariant_axiom_for_simple_evoting_Message 
71534      DEBUG main            d.u.i.k.p.m.ProofCorrectnessMgt No justification found for rule Class_invariant_axiom_for_simple_evoting_Server 
71586      DEBUG main            d.u.i.k.p.m.ProofCorrectnessMgt No justification found for rule Class_invariant_axiom_for_simple_evoting_Message 
94739      INFO  main            d.u.i.k.p.r.p.TestFile    ... finished proof: closed. 
95207      INFO  main            d.u.i.k.p.r.p.TestFile    Now processing file /home/runner/work/key/key/key.core/../key.ui/examples/InformationFlow/SimpleEvoting/simple_evoting.SMT(simple_evoting.SMT__send(simple_evoting.Message,int,simple_evoting.Server)).Non-interference contract.0.m.key 
95208      INFO  main            d.u.i.k.p.i.AbstractProblemLoader Loading environment from /home/runner/work/key/key/key.core/../key.ui/examples/InformationFlow/SimpleEvoting/simple_evoting.SMT(simple_evoting.SMT__send(simple_evoting.Message,int,simple_evoting.Server)).Non-interference contract.0.m.key 
95208      DEBUG main            d.u.i.k.p.i.AbstractProblemLoader Environment load took 125.1ns 
95210      INFO  main            d.u.i.k.p.i.AbstractProblemLoader Creating init config 
99053      DEBUG main            d.u.i.k.p.i.AbstractProblemLoader Init config took 3.84s 
99126      INFO  main            d.u.i.k.p.i.AbstractProblemLoader Replaying proof simple_evoting.SMT[simple_evoting.SMT::send(simple_evoting.Message,int,simple_evoting.Server)].Non-interference contract.0 
99129      DEBUG main            d.u.i.k.p.i.IntermediateProofReplayer Proof replay took 29.9ns 
99130      DEBUG main            d.u.i.k.m.s.ProofScriptEngine [1] goal: 0, source line: 51, command: 'macro 'infflow-autopilot'' 
99187      DEBUG main            d.u.i.k.p.m.ProofCorrectnessMgt No justification found for rule Class_invariant_axiom_for_simple_evoting_Server 
99195      DEBUG main            d.u.i.k.p.m.ProofCorrectnessMgt No justification found for rule Class_invariant_axiom_for_simple_evoting_Message 
99243      DEBUG main            d.u.i.k.p.m.ProofCorrectnessMgt No justification found for rule JML_represents_clause_for_simple_evoting_Environment_rep 
99498      DEBUG main            d.u.i.k.p.m.ProofCorrectnessMgt No justification found for rule Class_invariant_axiom_for_simple_evoting_Server 
99598      DEBUG main            d.u.i.k.p.m.ProofCorrectnessMgt No justification found for rule Class_invariant_axiom_for_simple_evoting_Message 
99630      DEBUG main            d.u.i.k.p.m.ProofCorrectnessMgt No justification found for rule Class_invariant_axiom_for_simple_evoting_Message 
99640      DEBUG main            d.u.i.k.p.m.ProofCorrectnessMgt No justification found for rule Class_invariant_axiom_for_simple_evoting_Server 
100885     DEBUG main            d.u.i.k.p.m.ProofCorrectnessMgt No justification found for rule Class_invariant_axiom_for_simple_evoting_Server 
101051     DEBUG main            d.u.i.k.p.m.ProofCorrectnessMgt No justification found for rule Class_invariant_axiom_for_simple_evoting_Message 
101124     DEBUG main            d.u.i.k.p.m.ProofCorrectnessMgt No justification found for rule Class_invariant_axiom_for_simple_evoting_Message 
101153     DEBUG main            d.u.i.k.p.m.ProofCorrectnessMgt No justification found for rule Class_invariant_axiom_for_simple_evoting_Server 
101228     DEBUG main            d.u.i.k.p.m.ProofCorrectnessMgt No justification found for rule Class_invariant_axiom_for_simple_evoting_Server 
101306     DEBUG main            d.u.i.k.p.m.ProofCorrectnessMgt No justification found for rule Class_invariant_axiom_for_simple_evoting_Message 
101336     DEBUG main            d.u.i.k.p.m.ProofCorrectnessMgt No justification found for rule Class_invariant_axiom_for_simple_evoting_Server 
101645     DEBUG main            d.u.i.k.p.m.ProofCorrectnessMgt No justification found for rule Class_invariant_axiom_for_simple_evoting_Message 
101673     DEBUG main            d.u.i.k.p.m.ProofCorrectnessMgt No justification found for rule Class_invariant_axiom_for_simple_evoting_Message 
101696     DEBUG main            d.u.i.k.p.m.ProofCorrectnessMgt No justification found for rule Class_invariant_axiom_for_simple_evoting_Server 
101853     DEBUG main            d.u.i.k.p.m.ProofCorrectnessMgt No justification found for rule Class_invariant_axiom_for_simple_evoting_Message 
101879     DEBUG main            d.u.i.k.p.m.ProofCorrectnessMgt No justification found for rule Class_invariant_axiom_for_simple_evoting_Message 
101901     DEBUG main            d.u.i.k.p.m.ProofCorrectnessMgt No justification found for rule Class_invariant_axiom_for_simple_evoting_Server 
101960     DEBUG main            d.u.i.k.p.m.ProofCorrectnessMgt No justification found for rule Class_invariant_axiom_for_simple_evoting_Message 
101985     DEBUG main            d.u.i.k.p.m.ProofCorrectnessMgt No justification found for rule Class_invariant_axiom_for_simple_evoting_Message 
102016     DEBUG main            d.u.i.k.p.m.ProofCorrectnessMgt No justification found for rule Class_invariant_axiom_for_simple_evoting_Server 
102092     DEBUG main            d.u.i.k.p.m.ProofCorrectnessMgt No justification found for rule Class_invariant_axiom_for_simple_evoting_Server 
102134     DEBUG main            d.u.i.k.p.m.ProofCorrectnessMgt No justification found for rule Class_invariant_axiom_for_simple_evoting_Message 
102158     DEBUG main            d.u.i.k.p.m.ProofCorrectnessMgt No justification found for rule Class_invariant_axiom_for_simple_evoting_Server 
102222     DEBUG main            d.u.i.k.p.m.ProofCorrectnessMgt No justification found for rule Class_invariant_axiom_for_simple_evoting_Server 
102274     DEBUG main            d.u.i.k.p.m.ProofCorrectnessMgt No justification found for rule Class_invariant_axiom_for_simple_evoting_Server 
102304     DEBUG main            d.u.i.k.p.m.ProofCorrectnessMgt No justification found for rule Class_invariant_axiom_for_simple_evoting_Server 
102355     DEBUG main            d.u.i.k.p.m.ProofCorrectnessMgt No justification found for rule Class_invariant_axiom_for_simple_evoting_Server 
102467     DEBUG main            d.u.i.k.p.m.ProofCorrectnessMgt No justification found for rule Class_invariant_axiom_for_simple_evoting_Server 
102575     DEBUG main            d.u.i.k.p.m.ProofCorrectnessMgt No justification found for rule Class_invariant_axiom_for_simple_evoting_Message 
102610     DEBUG main            d.u.i.k.p.m.ProofCorrectnessMgt No justification found for rule Class_invariant_axiom_for_simple_evoting_Message 
102638     DEBUG main            d.u.i.k.p.m.ProofCorrectnessMgt No justification found for rule Class_invariant_axiom_for_simple_evoting_Message 
102682     DEBUG main            d.u.i.k.p.m.ProofCorrectnessMgt No justification found for rule Class_invariant_axiom_for_simple_evoting_Server 
102774     DEBUG main            d.u.i.k.p.m.ProofCorrectnessMgt No justification found for rule Class_invariant_axiom_for_simple_evoting_Message 
102806     DEBUG main            d.u.i.k.p.m.ProofCorrectnessMgt No justification found for rule Class_invariant_axiom_for_simple_evoting_Server 
103068     DEBUG main            d.u.i.k.p.m.ProofCorrectnessMgt No justification found for rule Class_invariant_axiom_for_simple_evoting_Server 
103163     DEBUG main            d.u.i.k.p.m.ProofCorrectnessMgt No justification found for rule Class_invariant_axiom_for_simple_evoting_Message 
103199     DEBUG main            d.u.i.k.p.m.ProofCorrectnessMgt No justification found for rule Class_invariant_axiom_for_simple_evoting_Message 
103233     DEBUG main            d.u.i.k.p.m.ProofCorrectnessMgt No justification found for rule Class_invariant_axiom_for_simple_evoting_Message 
103274     DEBUG main            d.u.i.k.p.m.ProofCorrectnessMgt No justification found for rule Class_invariant_axiom_for_simple_evoting_Message 
103310     DEBUG main            d.u.i.k.p.m.ProofCorrectnessMgt No justification found for rule Class_invariant_axiom_for_simple_evoting_Server 
103381     DEBUG main            d.u.i.k.p.m.ProofCorrectnessMgt No justification found for rule Class_invariant_axiom_for_simple_evoting_Server 
103435     DEBUG main            d.u.i.k.p.m.ProofCorrectnessMgt No justification found for rule Class_invariant_axiom_for_simple_evoting_Server 
104339     DEBUG main            d.u.i.k.p.m.ProofCorrectnessMgt No justification found for rule JML_represents_clause_for_simple_evoting_Environment_rep 
104472     DEBUG main            d.u.i.k.p.m.ProofCorrectnessMgt No justification found for rule Class_invariant_axiom_for_simple_evoting_Message 
104520     DEBUG main            d.u.i.k.p.m.ProofCorrectnessMgt No justification found for rule Class_invariant_axiom_for_simple_evoting_Message 
104564     DEBUG main            d.u.i.k.p.m.ProofCorrectnessMgt No justification found for rule Class_invariant_axiom_for_simple_evoting_Message 
104608     DEBUG main            d.u.i.k.p.m.ProofCorrectnessMgt No justification found for rule Class_invariant_axiom_for_simple_evoting_Message 
104651     DEBUG main            d.u.i.k.p.m.ProofCorrectnessMgt No justification found for rule Class_invariant_axiom_for_simple_evoting_Message 
104701     DEBUG main            d.u.i.k.p.m.ProofCorrectnessMgt No justification found for rule Class_invariant_axiom_for_simple_evoting_Message 
104743     DEBUG main            d.u.i.k.p.m.ProofCorrectnessMgt No justification found for rule Class_invariant_axiom_for_simple_evoting_Message 
104796     DEBUG main            d.u.i.k.p.m.ProofCorrectnessMgt No justification found for rule Class_invariant_axiom_for_simple_evoting_Message 
104843     DEBUG main            d.u.i.k.p.m.ProofCorrectnessMgt No justification found for rule Class_invariant_axiom_for_simple_evoting_Message 
104901     DEBUG main            d.u.i.k.p.m.ProofCorrectnessMgt No justification found for rule Class_invariant_axiom_for_simple_evoting_Message 
105194     DEBUG main            d.u.i.k.p.m.ProofCorrectnessMgt No justification found for rule Class_invariant_axiom_for_simple_evoting_Server 
105285     DEBUG main            d.u.i.k.p.m.ProofCorrectnessMgt No justification found for rule Class_invariant_axiom_for_simple_evoting_Server 
105408     DEBUG main            d.u.i.k.p.m.ProofCorrectnessMgt No justification found for rule Class_invariant_axiom_for_simple_evoting_Server 
105476     DEBUG main            d.u.i.k.p.m.ProofCorrectnessMgt No justification found for rule Class_invariant_axiom_for_simple_evoting_Server 
105563     DEBUG main            d.u.i.k.p.m.ProofCorrectnessMgt No justification found for rule Class_invariant_axiom_for_simple_evoting_Server 
105628     DEBUG main            d.u.i.k.p.m.ProofCorrectnessMgt No justification found for rule Class_invariant_axiom_for_simple_evoting_Server 
105706     DEBUG main            d.u.i.k.p.m.ProofCorrectnessMgt No justification found for rule Class_invariant_axiom_for_simple_evoting_Server 
105765     DEBUG main            d.u.i.k.p.m.ProofCorrectnessMgt No justification found for rule Class_invariant_axiom_for_simple_evoting_Server 
105847     DEBUG main            d.u.i.k.p.m.ProofCorrectnessMgt No justification found for rule Class_invariant_axiom_for_simple_evoting_Server 
105918     DEBUG main            d.u.i.k.p.m.ProofCorrectnessMgt No justification found for rule Class_invariant_axiom_for_simple_evoting_Server 
121942     DEBUG main            d.u.i.k.p.m.ProofCorrectnessMgt No justification found for rule Class_invariant_axiom_for_simple_evoting_Message 
122009     DEBUG main            d.u.i.k.p.m.ProofCorrectnessMgt No justification found for rule Class_invariant_axiom_for_simple_evoting_Server 
122095     DEBUG main            d.u.i.k.p.m.ProofCorrectnessMgt No justification found for rule Class_invariant_axiom_for_simple_evoting_Message 
122134     DEBUG main            d.u.i.k.p.m.ProofCorrectnessMgt No justification found for rule Class_invariant_axiom_for_simple_evoting_Server 
122216     DEBUG main            d.u.i.k.p.m.ProofCorrectnessMgt No justification found for rule Class_invariant_axiom_for_simple_evoting_Message 
122245     DEBUG main            d.u.i.k.p.m.ProofCorrectnessMgt No justification found for rule Class_invariant_axiom_for_simple_evoting_Server 
148533     INFO  main            d.u.i.k.p.r.p.TestFile    ... finished proof: closed. 
148962     INFO  main            d.u.i.k.p.r.p.TestFile    Now processing file /home/runner/work/key/key/key.core/../key.ui/examples/InformationFlow/SimpleEvoting/simple_evoting.SMTEnv(simple_evoting.SMTEnv__send(int,int,int,simple_evoting.Server,int)).Non-interference contract.0.m.key 
148962     INFO  main            d.u.i.k.p.i.AbstractProblemLoader Loading environment from /home/runner/work/key/key/key.core/../key.ui/examples/InformationFlow/SimpleEvoting/simple_evoting.SMTEnv(simple_evoting.SMTEnv__send(int,int,int,simple_evoting.Server,int)).Non-interference contract.0.m.key 
148963     DEBUG main            d.u.i.k.p.i.AbstractProblemLoader Environment load took 114.2ns 
148964     INFO  main            d.u.i.k.p.i.AbstractProblemLoader Creating init config 
152868     DEBUG main            d.u.i.k.p.i.AbstractProblemLoader Init config took 3.9s 
152936     INFO  main            d.u.i.k.p.i.AbstractProblemLoader Replaying proof simple_evoting.SMTEnv[simple_evoting.SMTEnv::send(int,int,int,simple_evoting.Server,int)].Non-interference contract.0 
152940     DEBUG main            d.u.i.k.p.i.IntermediateProofReplayer Proof replay took 15.5ns 
152940     DEBUG main            d.u.i.k.m.s.ProofScriptEngine [1] goal: 0, source line: 51, command: 'macro 'infflow-autopilot'' 
153004     DEBUG main            d.u.i.k.p.m.ProofCorrectnessMgt No justification found for rule JML_represents_clause_for_simple_evoting_Environment_rep 
153023     DEBUG main            d.u.i.k.p.m.ProofCorrectnessMgt No justification found for rule JML_represents_clause_for_simple_evoting_Environment_rep 
153039     DEBUG main            d.u.i.k.p.m.ProofCorrectnessMgt No justification found for rule JML_represents_clause_for_simple_evoting_Environment_rep 
153057     DEBUG main            d.u.i.k.p.m.ProofCorrectnessMgt No justification found for rule JML_represents_clause_for_simple_evoting_Environment_rep 
153079     DEBUG main            d.u.i.k.p.m.ProofCorrectnessMgt No justification found for rule JML_represents_clause_for_simple_evoting_Environment_rep 
153152     DEBUG main            d.u.i.k.p.m.ProofCorrectnessMgt No justification found for rule JML_represents_clause_for_simple_evoting_Environment_rep 
154664     INFO  main            d.u.i.k.p.r.p.TestFile    ... finished proof: closed. 
155127     INFO  main            d.u.i.k.p.r.p.TestFile    Now processing file /home/runner/work/key/key/key.core/../key.ui/examples/InformationFlow/SimpleEvoting/simple_evoting.NetworkClient(simple_evoting.NetworkClient__send((B,simple_evoting.Server,int)).Non-interference contract.0.m.key 
155127     INFO  main            d.u.i.k.p.i.AbstractProblemLoader Loading environment from /home/runner/work/key/key/key.core/../key.ui/examples/InformationFlow/SimpleEvoting/simple_evoting.NetworkClient(simple_evoting.NetworkClient__send((B,simple_evoting.Server,int)).Non-interference contract.0.m.key 
155129     DEBUG main            d.u.i.k.p.i.AbstractProblemLoader Environment load took 1.74ms 
155130     INFO  main            d.u.i.k.p.i.AbstractProblemLoader Creating init config 
159204     DEBUG main            d.u.i.k.p.i.AbstractProblemLoader Init config took 4.07s 
159270     INFO  main            d.u.i.k.p.i.AbstractProblemLoader Replaying proof simple_evoting.NetworkClient[simple_evoting.NetworkClient::send([B,simple_evoting.Server,int)].Non-interference contract.0 
159274     DEBUG main            d.u.i.k.p.i.IntermediateProofReplayer Proof replay took 15.8ns 
159275     DEBUG main            d.u.i.k.m.s.ProofScriptEngine [1] goal: 0, source line: 51, command: 'macro 'infflow-autopilot'' 
159333     DEBUG main            d.u.i.k.p.m.ProofCorrectnessMgt No justification found for rule JML_represents_clause_for_simple_evoting_Environment_rep 
159361     DEBUG main            d.u.i.k.p.m.ProofCorrectnessMgt No justification found for rule JML_represents_clause_for_simple_evoting_Environment_rep 
159382     DEBUG main            d.u.i.k.p.m.ProofCorrectnessMgt No justification found for rule JML_represents_clause_for_simple_evoting_Environment_rep 
160652     INFO  main            d.u.i.k.p.r.p.TestFile    ... finished proof: closed. 
160914     INFO  main            d.u.i.k.p.r.p.TestFile    Now processing file /home/runner/work/key/key/key.core/../key.ui/examples/InformationFlow/SimpleEvoting/simple_evoting.Voter(simple_evoting.Voter__onSendBallot(simple_evoting.Server)).Non-interference contract.1.m.key 
160914     INFO  main            d.u.i.k.p.i.AbstractProblemLoader Loading environment from /home/runner/work/key/key/key.core/../key.ui/examples/InformationFlow/SimpleEvoting/simple_evoting.Voter(simple_evoting.Voter__onSendBallot(simple_evoting.Server)).Non-interference contract.1.m.key 
160914     DEBUG main            d.u.i.k.p.i.AbstractProblemLoader Environment load took 110.2ns 
160915     INFO  main            d.u.i.k.p.i.AbstractProblemLoader Creating init config 
164807     DEBUG main            d.u.i.k.p.i.AbstractProblemLoader Init config took 3.89s 
164874     INFO  main            d.u.i.k.p.i.AbstractProblemLoader Replaying proof simple_evoting.Voter[simple_evoting.Voter::onSendBallot(simple_evoting.Server)].Non-interference contract.1 
164877     DEBUG main            d.u.i.k.p.i.IntermediateProofReplayer Proof replay took 17.4ns 
164878     DEBUG main            d.u.i.k.m.s.ProofScriptEngine [1] goal: 0, source line: 51, command: 'macro 'infflow-autopilot'' 
164929     DEBUG main            d.u.i.k.p.m.ProofCorrectnessMgt No justification found for rule Class_invariant_axiom_for_simple_evoting_Voter 
164934     DEBUG main            d.u.i.k.p.m.ProofCorrectnessMgt No justification found for rule Class_invariant_axiom_for_simple_evoting_Server 
165602     DEBUG main            d.u.i.k.p.m.ProofCorrectnessMgt No justification found for rule Class_invariant_axiom_for_simple_evoting_Message 
165667     DEBUG main            d.u.i.k.p.m.ProofCorrectnessMgt No justification found for rule Class_invariant_axiom_for_simple_evoting_Server 
165824     DEBUG main            d.u.i.k.p.m.ProofCorrectnessMgt No justification found for rule Class_invariant_axiom_for_simple_evoting_Message 
165881     DEBUG main            d.u.i.k.p.m.ProofCorrectnessMgt No justification found for rule Class_invariant_axiom_for_simple_evoting_Server 
169014     DEBUG main            d.u.i.k.p.m.ProofCorrectnessMgt No justification found for rule JML_represents_clause_for_simple_evoting_Environment_rep 
169024     DEBUG main            d.u.i.k.p.m.ProofCorrectnessMgt No justification found for rule JML_represents_clause_for_simple_evoting_Environment_rep 
169088     DEBUG main            d.u.i.k.p.m.ProofCorrectnessMgt No justification found for rule JML_represents_clause_for_simple_evoting_Environment_rep 
169106     DEBUG main            d.u.i.k.p.m.ProofCorrectnessMgt No justification found for rule JML_represents_clause_for_simple_evoting_Environment_rep 
169119     DEBUG main            d.u.i.k.p.m.ProofCorrectnessMgt No justification found for rule JML_represents_clause_for_simple_evoting_Environment_rep 
169142     DEBUG main            d.u.i.k.p.m.ProofCorrectnessMgt No justification found for rule JML_represents_clause_for_simple_evoting_Environment_rep 
169150     DEBUG main            d.u.i.k.p.m.ProofCorrectnessMgt No justification found for rule JML_represents_clause_for_simple_evoting_Environment_rep 
169179     DEBUG main            d.u.i.k.p.m.ProofCorrectnessMgt No justification found for rule JML_represents_clause_for_simple_evoting_Environment_rep 
169189     DEBUG main            d.u.i.k.p.m.ProofCorrectnessMgt No justification found for rule JML_represents_clause_for_simple_evoting_Environment_rep 
169199     DEBUG main            d.u.i.k.p.m.ProofCorrectnessMgt No justification found for rule JML_represents_clause_for_simple_evoting_Environment_rep 
169223     DEBUG main            d.u.i.k.p.m.ProofCorrectnessMgt No justification found for rule JML_represents_clause_for_simple_evoting_Environment_rep 
169232     DEBUG main            d.u.i.k.p.m.ProofCorrectnessMgt No justification found for rule JML_represents_clause_for_simple_evoting_Environment_rep 
169246     DEBUG main            d.u.i.k.p.m.ProofCorrectnessMgt No justification found for rule JML_represents_clause_for_simple_evoting_Environment_rep 
169253     DEBUG main            d.u.i.k.p.m.ProofCorrectnessMgt No justification found for rule JML_represents_clause_for_simple_evoting_Environment_rep 
169274     DEBUG main            d.u.i.k.p.m.ProofCorrectnessMgt No justification found for rule Class_invariant_axiom_for_simple_evoting_Server 
169656     DEBUG main            d.u.i.k.p.m.ProofCorrectnessMgt No justification found for rule Class_invariant_axiom_for_simple_evoting_Server 
170005     DEBUG main            d.u.i.k.p.m.ProofCorrectnessMgt No justification found for rule Class_invariant_axiom_for_simple_evoting_Message 
170122     DEBUG main            d.u.i.k.p.m.ProofCorrectnessMgt No justification found for rule Class_invariant_axiom_for_simple_evoting_Server 
170353     DEBUG main            d.u.i.k.p.m.ProofCorrectnessMgt No justification found for rule Class_invariant_axiom_for_simple_evoting_Message 
170424     DEBUG main            d.u.i.k.p.m.ProofCorrectnessMgt No justification found for rule Class_invariant_axiom_for_simple_evoting_Server 
170841     DEBUG main            d.u.i.k.p.m.ProofCorrectnessMgt No justification found for rule Class_invariant_axiom_for_simple_evoting_Message 
171022     DEBUG main            d.u.i.k.p.m.ProofCorrectnessMgt No justification found for rule Class_invariant_axiom_for_simple_evoting_Message 
171165     DEBUG main            d.u.i.k.p.m.ProofCorrectnessMgt No justification found for rule Class_invariant_axiom_for_simple_evoting_Server 
171555     DEBUG main            d.u.i.k.p.m.ProofCorrectnessMgt No justification found for rule Class_invariant_axiom_for_simple_evoting_Message 
171700     DEBUG main            d.u.i.k.p.m.ProofCorrectnessMgt No justification found for rule Class_invariant_axiom_for_simple_evoting_Server 
172079     DEBUG main            d.u.i.k.p.m.ProofCorrectnessMgt No justification found for rule Class_invariant_axiom_for_simple_evoting_Message 
172288     DEBUG main            d.u.i.k.p.m.ProofCorrectnessMgt No justification found for rule Class_invariant_axiom_for_simple_evoting_Message 
172441     DEBUG main            d.u.i.k.p.m.ProofCorrectnessMgt No justification found for rule Class_invariant_axiom_for_simple_evoting_Server 
172909     DEBUG main            d.u.i.k.p.m.ProofCorrectnessMgt No justification found for rule Class_invariant_axiom_for_simple_evoting_Server 
173272     DEBUG main            d.u.i.k.p.m.ProofCorrectnessMgt No justification found for rule Class_invariant_axiom_for_simple_evoting_Message 
173503     DEBUG main            d.u.i.k.p.m.ProofCorrectnessMgt No justification found for rule Class_invariant_axiom_for_simple_evoting_Message 
173773     DEBUG main            d.u.i.k.p.m.ProofCorrectnessMgt No justification found for rule Class_invariant_axiom_for_simple_evoting_Message 
173853     DEBUG main            d.u.i.k.p.m.ProofCorrectnessMgt No justification found for rule Class_invariant_axiom_for_simple_evoting_Message 
173987     DEBUG main            d.u.i.k.p.m.ProofCorrectnessMgt No justification found for rule Class_invariant_axiom_for_simple_evoting_Message 
174097     DEBUG main            d.u.i.k.p.m.ProofCorrectnessMgt No justification found for rule Class_invariant_axiom_for_simple_evoting_Message 
174219     DEBUG main            d.u.i.k.p.m.ProofCorrectnessMgt No justification found for rule Class_invariant_axiom_for_simple_evoting_Server 
174583     DEBUG main            d.u.i.k.p.m.ProofCorrectnessMgt No justification found for rule Class_invariant_axiom_for_simple_evoting_Message 
174767     DEBUG main            d.u.i.k.p.m.ProofCorrectnessMgt No justification found for rule Class_invariant_axiom_for_simple_evoting_Message 
174918     DEBUG main            d.u.i.k.p.m.ProofCorrectnessMgt No justification found for rule Class_invariant_axiom_for_simple_evoting_Message 
175067     DEBUG main            d.u.i.k.p.m.ProofCorrectnessMgt No justification found for rule Class_invariant_axiom_for_simple_evoting_Server 
175398     DEBUG main            d.u.i.k.p.m.ProofCorrectnessMgt No justification found for rule Class_invariant_axiom_for_simple_evoting_Server 
175720     DEBUG main            d.u.i.k.p.m.ProofCorrectnessMgt No justification found for rule Class_invariant_axiom_for_simple_evoting_Message 
177353     DEBUG main            d.u.i.k.p.m.ProofCorrectnessMgt No justification found for rule Class_invariant_axiom_for_simple_evoting_Server 
177578     DEBUG main            d.u.i.k.p.m.ProofCorrectnessMgt No justification found for rule Class_invariant_axiom_for_simple_evoting_Server 
177841     DEBUG main            d.u.i.k.p.m.ProofCorrectnessMgt No justification found for rule Class_invariant_axiom_for_simple_evoting_Server 
178063     DEBUG main            d.u.i.k.p.m.ProofCorrectnessMgt No justification found for rule Class_invariant_axiom_for_simple_evoting_Server 
179071     DEBUG main            d.u.i.k.p.m.ProofCorrectnessMgt No justification found for rule Class_invariant_axiom_for_simple_evoting_Message 
179140     DEBUG main            d.u.i.k.p.m.ProofCorrectnessMgt No justification found for rule Class_invariant_axiom_for_simple_evoting_Server 
185826     INFO  main            d.u.i.k.p.r.p.TestFile    ... finished proof: closed. 
186173     INFO  main            d.u.i.k.p.r.p.TestFile    Now processing file /home/runner/work/key/key/key.core/../key.ui/examples/InformationFlow/SimpleEvoting/simple_evoting.Voter(simple_evoting.Voter__onSendBallot(simple_evoting.Server)).Non-interference contract.0.m.key 
186173     INFO  main            d.u.i.k.p.i.AbstractProblemLoader Loading environment from /home/runner/work/key/key/key.core/../key.ui/examples/InformationFlow/SimpleEvoting/simple_evoting.Voter(simple_evoting.Voter__onSendBallot(simple_evoting.Server)).Non-interference contract.0.m.key 
186173     DEBUG main            d.u.i.k.p.i.AbstractProblemLoader Environment load took 94.7ns 
186175     INFO  main            d.u.i.k.p.i.AbstractProblemLoader Creating init config 
189922     DEBUG main            d.u.i.k.p.i.AbstractProblemLoader Init config took 3.75s 
189986     INFO  main            d.u.i.k.p.i.AbstractProblemLoader Replaying proof simple_evoting.Voter[simple_evoting.Voter::onSendBallot(simple_evoting.Server)].Non-interference contract.0 
189989     DEBUG main            d.u.i.k.p.i.IntermediateProofReplayer Proof replay took 15.3ns 
189989     DEBUG main            d.u.i.k.m.s.ProofScriptEngine [1] goal: 0, source line: 51, command: 'macro 'infflow-autopilot'' 
190056     DEBUG main            d.u.i.k.p.m.ProofCorrectnessMgt No justification found for rule Class_invariant_axiom_for_simple_evoting_Voter 
190061     DEBUG main            d.u.i.k.p.m.ProofCorrectnessMgt No justification found for rule Class_invariant_axiom_for_simple_evoting_Server 
190718     DEBUG main            d.u.i.k.p.m.ProofCorrectnessMgt No justification found for rule Class_invariant_axiom_for_simple_evoting_Server 
190918     DEBUG main            d.u.i.k.p.m.ProofCorrectnessMgt No justification found for rule Class_invariant_axiom_for_simple_evoting_Message 
190979     DEBUG main            d.u.i.k.p.m.ProofCorrectnessMgt No justification found for rule Class_invariant_axiom_for_simple_evoting_Message 
191026     DEBUG main            d.u.i.k.p.m.ProofCorrectnessMgt No justification found for rule Class_invariant_axiom_for_simple_evoting_Server 
194142     DEBUG main            d.u.i.k.p.m.ProofCorrectnessMgt No justification found for rule JML_represents_clause_for_simple_evoting_Environment_rep 
194150     DEBUG main            d.u.i.k.p.m.ProofCorrectnessMgt No justification found for rule JML_represents_clause_for_simple_evoting_Environment_rep 
194211     DEBUG main            d.u.i.k.p.m.ProofCorrectnessMgt No justification found for rule JML_represents_clause_for_simple_evoting_Environment_rep 
194228     DEBUG main            d.u.i.k.p.m.ProofCorrectnessMgt No justification found for rule JML_represents_clause_for_simple_evoting_Environment_rep 
194237     DEBUG main            d.u.i.k.p.m.ProofCorrectnessMgt No justification found for rule JML_represents_clause_for_simple_evoting_Environment_rep 
194245     DEBUG main            d.u.i.k.p.m.ProofCorrectnessMgt No justification found for rule JML_represents_clause_for_simple_evoting_Environment_rep 
194261     DEBUG main            d.u.i.k.p.m.ProofCorrectnessMgt No justification found for rule JML_represents_clause_for_simple_evoting_Environment_rep 
194269     DEBUG main            d.u.i.k.p.m.ProofCorrectnessMgt No justification found for rule JML_represents_clause_for_simple_evoting_Environment_rep 
194290     DEBUG main            d.u.i.k.p.m.ProofCorrectnessMgt No justification found for rule JML_represents_clause_for_simple_evoting_Environment_rep 
194307     DEBUG main            d.u.i.k.p.m.ProofCorrectnessMgt No justification found for rule JML_represents_clause_for_simple_evoting_Environment_rep 
194315     DEBUG main            d.u.i.k.p.m.ProofCorrectnessMgt No justification found for rule JML_represents_clause_for_simple_evoting_Environment_rep 
194323     DEBUG main            d.u.i.k.p.m.ProofCorrectnessMgt No justification found for rule JML_represents_clause_for_simple_evoting_Environment_rep 
194337     DEBUG main            d.u.i.k.p.m.ProofCorrectnessMgt No justification found for rule JML_represents_clause_for_simple_evoting_Environment_rep 
194343     DEBUG main            d.u.i.k.p.m.ProofCorrectnessMgt No justification found for rule JML_represents_clause_for_simple_evoting_Environment_rep 
194380     DEBUG main            d.u.i.k.p.m.ProofCorrectnessMgt No justification found for rule Class_invariant_axiom_for_simple_evoting_Message 
194547     DEBUG main            d.u.i.k.p.m.ProofCorrectnessMgt No justification found for rule Class_invariant_axiom_for_simple_evoting_Message 
194629     DEBUG main            d.u.i.k.p.m.ProofCorrectnessMgt No justification found for rule Class_invariant_axiom_for_simple_evoting_Message 
194774     DEBUG main            d.u.i.k.p.m.ProofCorrectnessMgt No justification found for rule Class_invariant_axiom_for_simple_evoting_Server 
195265     DEBUG main            d.u.i.k.p.m.ProofCorrectnessMgt No justification found for rule Class_invariant_axiom_for_simple_evoting_Message 
195388     DEBUG main            d.u.i.k.p.m.ProofCorrectnessMgt No justification found for rule Class_invariant_axiom_for_simple_evoting_Server 
195762     DEBUG main            d.u.i.k.p.m.ProofCorrectnessMgt No justification found for rule Class_invariant_axiom_for_simple_evoting_Message 
195893     DEBUG main            d.u.i.k.p.m.ProofCorrectnessMgt No justification found for rule Class_invariant_axiom_for_simple_evoting_Server 
196277     DEBUG main            d.u.i.k.p.m.ProofCorrectnessMgt No justification found for rule Class_invariant_axiom_for_simple_evoting_Message 
196411     DEBUG main            d.u.i.k.p.m.ProofCorrectnessMgt No justification found for rule Class_invariant_axiom_for_simple_evoting_Message 
196550     DEBUG main            d.u.i.k.p.m.ProofCorrectnessMgt No justification found for rule Class_invariant_axiom_for_simple_evoting_Message 
196695     DEBUG main            d.u.i.k.p.m.ProofCorrectnessMgt No justification found for rule Class_invariant_axiom_for_simple_evoting_Message 
196914     DEBUG main            d.u.i.k.p.m.ProofCorrectnessMgt No justification found for rule Class_invariant_axiom_for_simple_evoting_Message 
197061     DEBUG main            d.u.i.k.p.m.ProofCorrectnessMgt No justification found for rule Class_invariant_axiom_for_simple_evoting_Message 
197206     DEBUG main            d.u.i.k.p.m.ProofCorrectnessMgt No justification found for rule Class_invariant_axiom_for_simple_evoting_Server 
197540     DEBUG main            d.u.i.k.p.m.ProofCorrectnessMgt No justification found for rule Class_invariant_axiom_for_simple_evoting_Server 
197844     DEBUG main            d.u.i.k.p.m.ProofCorrectnessMgt No justification found for rule Class_invariant_axiom_for_simple_evoting_Message 
197971     DEBUG main            d.u.i.k.p.m.ProofCorrectnessMgt No justification found for rule Class_invariant_axiom_for_simple_evoting_Message 
198141     DEBUG main            d.u.i.k.p.m.ProofCorrectnessMgt No justification found for rule Class_invariant_axiom_for_simple_evoting_Message 
198272     DEBUG main            d.u.i.k.p.m.ProofCorrectnessMgt No justification found for rule Class_invariant_axiom_for_simple_evoting_Server 
198641     DEBUG main            d.u.i.k.p.m.ProofCorrectnessMgt No justification found for rule Class_invariant_axiom_for_simple_evoting_Message 
198774     DEBUG main            d.u.i.k.p.m.ProofCorrectnessMgt No justification found for rule Class_invariant_axiom_for_simple_evoting_Server 
198989     DEBUG main            d.u.i.k.p.m.ProofCorrectnessMgt No justification found for rule Class_invariant_axiom_for_simple_evoting_Message 
200842     DEBUG main            d.u.i.k.p.m.ProofCorrectnessMgt No justification found for rule Class_invariant_axiom_for_simple_evoting_Message 
200939     DEBUG main            d.u.i.k.p.m.ProofCorrectnessMgt No justification found for rule Class_invariant_axiom_for_simple_evoting_Server 
201974     DEBUG main            d.u.i.k.p.m.ProofCorrectnessMgt No justification found for rule Class_invariant_axiom_for_simple_evoting_Message 
202041     DEBUG main            d.u.i.k.p.m.ProofCorrectnessMgt No justification found for rule Class_invariant_axiom_for_simple_evoting_Server 
209119     INFO  main            d.u.i.k.p.r.p.TestFile    ... finished proof: closed. 
3244693    INFO  Test worker     d.u.i.k.p.r.RunAllProofsTestUnit Returning from test SimpleEvoting_fullmacro 
]]></system-out>
  <system-err><![CDATA[]]></system-err>
</testsuite>
