<?xml version="1.0" encoding="UTF-8"?>
<testsuite name="de.uka.ilkd.key.util.removegenerics.TestMultipleBounds" tests="6" skipped="0" failures="0" errors="0" timestamp="2023-03-08T14:27:18" hostname="fv-az354-905" time="0.055">
  <properties/>
  <testcase name="testJLS1()" classname="de.uka.ilkd.key.util.removegenerics.TestMultipleBounds" time="0.006"/>
  <testcase name="testRecursiveBounds()" classname="de.uka.ilkd.key.util.removegenerics.TestMultipleBounds" time="0.006"/>
  <testcase name="testAttributes()" classname="de.uka.ilkd.key.util.removegenerics.TestMultipleBounds" time="0.003"/>
  <testcase name="testAsArguments()" classname="de.uka.ilkd.key.util.removegenerics.TestMultipleBounds" time="0.008"/>
  <testcase name="testMethods()" classname="de.uka.ilkd.key.util.removegenerics.TestMultipleBounds" time="0.006"/>
  <testcase name="testTricky2Supertypes()" classname="de.uka.ilkd.key.util.removegenerics.TestMultipleBounds" time="0.013"/>
  <system-out><![CDATA[]]></system-out>
  <system-err><![CDATA[]]></system-err>
</testsuite>
