<?xml version="1.0" encoding="UTF-8"?>
<testsuite name="org.key_project.slicing.EndToEndTests" tests="11" skipped="0" failures="0" errors="0" timestamp="2023-04-20T23:58:24" hostname="fv-az790-985" time="282.953">
  <properties/>
  <testcase name="sliceIfThenElseSplit()" classname="org.key_project.slicing.EndToEndTests" time="60.842"/>
  <testcase name="deduplicateChecksMergabilityCorrectly()" classname="org.key_project.slicing.EndToEndTests" time="9.742"/>
  <testcase name="sliceDuplicatesAway()" classname="org.key_project.slicing.EndToEndTests" time="39.188"/>
  <testcase name="sliceMultipleIterations()" classname="org.key_project.slicing.EndToEndTests" time="73.589"/>
  <testcase name="sliceDuplicatesAwayOpenGoals()" classname="org.key_project.slicing.EndToEndTests" time="38.308"/>
  <testcase name="sliceCutExample()" classname="org.key_project.slicing.EndToEndTests" time="9.979"/>
  <testcase name="sliceAgathaWithOpenGoal()" classname="org.key_project.slicing.EndToEndTests" time="9.854"/>
  <testcase name="sliceSimpleSMT()" classname="org.key_project.slicing.EndToEndTests" time="0.001"/>
  <testcase name="sliceWithOpenGoal()" classname="org.key_project.slicing.EndToEndTests" time="19.342"/>
  <testcase name="sliceAgatha()" classname="org.key_project.slicing.EndToEndTests" time="9.423"/>
  <testcase name="sliceJavaProof()" classname="org.key_project.slicing.EndToEndTests" time="12.68"/>
  <system-out><![CDATA[[23:58:24.258] ?[34mINFO ?[0;39m ?[36mEndToEndTests?[0;39m - Loading /home/runner/work/key/key/keyext.slicing/src/test/resources/testcase/ifThenElseSplit.proof
[23:58:24.425] ?[31mWARN ?[0;39m ?[36mProofIndependentSettings?[0;39m - The settings in /home/runner/.key/proofIndependentSettings.props are *not* read due to flag 'key.disregardSettings'
[23:58:24.441] ?[34mINFO ?[0;39m ?[36mAbstractProblemLoader?[0;39m - Loading environment from src/test/resources/testcase/ifThenElseSplit.proof
[23:58:24.648] ?[34mINFO ?[0;39m ?[36mAbstractProblemLoader?[0;39m - Creating init config
[23:58:24.679] ?[31mWARN ?[0;39m ?[36mProofSettings?[0;39m - The settings in /home/runner/.key/proof-settings.props are *not* read.
[23:58:35.740] ?[34mINFO ?[0;39m ?[36mAbstractProblemLoader?[0;39m - Replaying proof ifThenElseSplit.proof
[23:58:37.252] ?[34mINFO ?[0;39m ?[36mKeyStrokeSettings?[0;39m - Save keyboard shortcuts to: /home/runner/.key/keystrokes.properties
[23:58:37.342] ?[34mINFO ?[0;39m ?[36mAbstractProblemLoader?[0;39m - Loading environment from /tmp/proof3674170765907319329.proof
[23:58:37.352] ?[34mINFO ?[0;39m ?[36mAbstractProblemLoader?[0;39m - Creating init config
[23:58:41.072] ?[34mINFO ?[0;39m ?[36mAbstractProblemLoader?[0;39m - Replaying proof proof3674170765907319329.proof
[23:58:41.094] ?[34mINFO ?[0;39m ?[36mAbstractProblemLoader?[0;39m - Loading environment from /tmp/KeYslice18429989935644195437/ifThenElseSplit_slice1.proof
[23:58:41.096] ?[34mINFO ?[0;39m ?[36mAbstractProblemLoader?[0;39m - Creating init config
[23:58:44.730] ?[34mINFO ?[0;39m ?[36mAbstractProblemLoader?[0;39m - Replaying proof ifThenElseSplit_slice1.proof
[23:58:44.740] ?[34mINFO ?[0;39m ?[36mEndToEndTests?[0;39m - Loading /home/runner/work/key/key/keyext.slicing/src/test/resources/testcase/ifThenElseSplit.proof
[23:58:44.740] ?[34mINFO ?[0;39m ?[36mAbstractProblemLoader?[0;39m - Loading environment from src/test/resources/testcase/ifThenElseSplit.proof
[23:58:44.742] ?[34mINFO ?[0;39m ?[36mAbstractProblemLoader?[0;39m - Creating init config
[23:58:48.300] ?[34mINFO ?[0;39m ?[36mAbstractProblemLoader?[0;39m - Replaying proof ifThenElseSplit.proof
[23:58:48.323] ?[34mINFO ?[0;39m ?[36mDependencyAnalyzer?[0;39m - merging 2 and 3
[23:58:48.326] ?[34mINFO ?[0;39m ?[36mAbstractProblemLoader?[0;39m - Loading environment from /tmp/proof17642919606369847515.proof
[23:58:48.329] ?[34mINFO ?[0;39m ?[36mAbstractProblemLoader?[0;39m - Creating init config
[23:58:51.774] ?[34mINFO ?[0;39m ?[36mAbstractProblemLoader?[0;39m - Replaying proof proof17642919606369847515.proof
[23:58:51.793] ?[34mINFO ?[0;39m ?[36mAbstractProblemLoader?[0;39m - Loading environment from /tmp/KeYslice17256406968225121204/ifThenElseSplit_slice1.proof
[23:58:51.794] ?[34mINFO ?[0;39m ?[36mAbstractProblemLoader?[0;39m - Creating init config
[23:58:55.171] ?[34mINFO ?[0;39m ?[36mAbstractProblemLoader?[0;39m - Replaying proof ifThenElseSplit_slice1.proof
[23:58:55.194] ?[34mINFO ?[0;39m ?[36mEndToEndTests?[0;39m - Loading /tmp/KeYslice17256406968225121204/ifThenElseSplit_slice1.proof
[23:58:55.195] ?[34mINFO ?[0;39m ?[36mAbstractProblemLoader?[0;39m - Loading environment from /tmp/KeYslice17256406968225121204/ifThenElseSplit_slice1.proof
[23:58:55.198] ?[34mINFO ?[0;39m ?[36mAbstractProblemLoader?[0;39m - Creating init config
[23:58:58.546] ?[34mINFO ?[0;39m ?[36mAbstractProblemLoader?[0;39m - Replaying proof ifThenElseSplit_slice1.proof
[23:58:58.558] ?[34mINFO ?[0;39m ?[36mDependencyAnalyzer?[0;39m - merging 3 and 4
[23:58:58.561] ?[34mINFO ?[0;39m ?[36mAbstractProblemLoader?[0;39m - Loading environment from /tmp/proof9945117592970781394.proof
[23:58:58.563] ?[34mINFO ?[0;39m ?[36mAbstractProblemLoader?[0;39m - Creating init config
[23:59:01.916] ?[34mINFO ?[0;39m ?[36mAbstractProblemLoader?[0;39m - Replaying proof proof9945117592970781394.proof
[23:59:01.932] ?[34mINFO ?[0;39m ?[36mAbstractProblemLoader?[0;39m - Loading environment from /tmp/KeYslice6875957572324359913/ifThenElseSplit_slice2.proof
[23:59:01.938] ?[34mINFO ?[0;39m ?[36mAbstractProblemLoader?[0;39m - Creating init config
[23:59:05.276] ?[34mINFO ?[0;39m ?[36mAbstractProblemLoader?[0;39m - Replaying proof ifThenElseSplit_slice2.proof
[23:59:05.286] ?[34mINFO ?[0;39m ?[36mEndToEndTests?[0;39m - Loading /tmp/KeYslice6875957572324359913/ifThenElseSplit_slice2.proof
[23:59:05.287] ?[34mINFO ?[0;39m ?[36mAbstractProblemLoader?[0;39m - Loading environment from /tmp/KeYslice6875957572324359913/ifThenElseSplit_slice2.proof
[23:59:05.289] ?[34mINFO ?[0;39m ?[36mAbstractProblemLoader?[0;39m - Creating init config
[23:59:08.668] ?[34mINFO ?[0;39m ?[36mAbstractProblemLoader?[0;39m - Replaying proof ifThenElseSplit_slice2.proof
[23:59:08.678] ?[34mINFO ?[0;39m ?[36mDependencyAnalyzer?[0;39m - merging 4 and 5
[23:59:08.680] ?[34mINFO ?[0;39m ?[36mAbstractProblemLoader?[0;39m - Loading environment from /tmp/proof12427353932167733736.proof
[23:59:08.682] ?[34mINFO ?[0;39m ?[36mAbstractProblemLoader?[0;39m - Creating init config
[23:59:11.910] ?[34mINFO ?[0;39m ?[36mAbstractProblemLoader?[0;39m - Replaying proof proof12427353932167733736.proof
[23:59:11.918] ?[34mINFO ?[0;39m ?[36mAbstractProblemLoader?[0;39m - Loading environment from /tmp/KeYslice1048652365975545748/ifThenElseSplit_slice3.proof
[23:59:11.919] ?[34mINFO ?[0;39m ?[36mAbstractProblemLoader?[0;39m - Creating init config
[23:59:15.214] ?[34mINFO ?[0;39m ?[36mAbstractProblemLoader?[0;39m - Replaying proof ifThenElseSplit_slice3.proof
[23:59:15.222] ?[34mINFO ?[0;39m ?[36mEndToEndTests?[0;39m - Loading /tmp/KeYslice1048652365975545748/ifThenElseSplit_slice3.proof
[23:59:15.223] ?[34mINFO ?[0;39m ?[36mAbstractProblemLoader?[0;39m - Loading environment from /tmp/KeYslice1048652365975545748/ifThenElseSplit_slice3.proof
[23:59:15.225] ?[34mINFO ?[0;39m ?[36mAbstractProblemLoader?[0;39m - Creating init config
[23:59:18.540] ?[34mINFO ?[0;39m ?[36mAbstractProblemLoader?[0;39m - Replaying proof ifThenElseSplit_slice3.proof
[23:59:18.548] ?[34mINFO ?[0;39m ?[36mDependencyAnalyzer?[0;39m - merging 5 and 6
[23:59:18.550] ?[34mINFO ?[0;39m ?[36mAbstractProblemLoader?[0;39m - Loading environment from /tmp/proof18282698097100266522.proof
[23:59:18.553] ?[34mINFO ?[0;39m ?[36mAbstractProblemLoader?[0;39m - Creating init config
[23:59:21.781] ?[34mINFO ?[0;39m ?[36mAbstractProblemLoader?[0;39m - Replaying proof proof18282698097100266522.proof
[23:59:21.788] ?[34mINFO ?[0;39m ?[36mAbstractProblemLoader?[0;39m - Loading environment from /tmp/KeYslice15019619379382866757/ifThenElseSplit_slice4.proof
[23:59:21.790] ?[34mINFO ?[0;39m ?[36mAbstractProblemLoader?[0;39m - Creating init config
[23:59:25.089] ?[34mINFO ?[0;39m ?[36mAbstractProblemLoader?[0;39m - Replaying proof ifThenElseSplit_slice4.proof
[23:59:25.100] ?[34mINFO ?[0;39m ?[36mEndToEndTests?[0;39m - Loading /home/runner/work/key/key/keyext.slicing/src/test/resources/testcase/deduplicateCheck4.proof
[23:59:25.101] ?[34mINFO ?[0;39m ?[36mAbstractProblemLoader?[0;39m - Loading environment from src/test/resources/testcase/deduplicateCheck4.proof
[23:59:25.103] ?[34mINFO ?[0;39m ?[36mAbstractProblemLoader?[0;39m - Creating init config
[23:59:28.391] ?[34mINFO ?[0;39m ?[36mAbstractProblemLoader?[0;39m - Replaying proof deduplicateCheck4.proof
[23:59:28.409] ?[34mINFO ?[0;39m ?[36mAbstractProblemLoader?[0;39m - Loading environment from /tmp/proof18394504842334913118.proof
[23:59:28.411] ?[34mINFO ?[0;39m ?[36mAbstractProblemLoader?[0;39m - Creating init config
[23:59:31.655] ?[34mINFO ?[0;39m ?[36mAbstractProblemLoader?[0;39m - Replaying proof proof18394504842334913118.proof
[23:59:31.665] ?[34mINFO ?[0;39m ?[36mAbstractProblemLoader?[0;39m - Loading environment from /tmp/KeYslice10508876054633923356/deduplicateCheck4_slice1.proof
[23:59:31.669] ?[34mINFO ?[0;39m ?[36mAbstractProblemLoader?[0;39m - Creating init config
[23:59:34.831] ?[34mINFO ?[0;39m ?[36mAbstractProblemLoader?[0;39m - Replaying proof deduplicateCheck4_slice1.proof
[23:59:34.843] ?[34mINFO ?[0;39m ?[36mEndToEndTests?[0;39m - Loading /home/runner/work/key/key/keyext.slicing/src/test/resources/testcase/exampleDuplicate.proof
[23:59:34.844] ?[34mINFO ?[0;39m ?[36mAbstractProblemLoader?[0;39m - Loading environment from src/test/resources/testcase/exampleDuplicate.proof
[23:59:34.845] ?[34mINFO ?[0;39m ?[36mAbstractProblemLoader?[0;39m - Creating init config
[23:59:38.038] ?[34mINFO ?[0;39m ?[36mAbstractProblemLoader?[0;39m - Replaying proof exampleDuplicate.proof
[23:59:38.053] ?[34mINFO ?[0;39m ?[36mDependencyAnalyzer?[0;39m - merging 2 and 3
[23:59:38.055] ?[34mINFO ?[0;39m ?[36mAbstractProblemLoader?[0;39m - Loading environment from /tmp/proof10167979683939382677.proof
[23:59:38.056] ?[34mINFO ?[0;39m ?[36mAbstractProblemLoader?[0;39m - Creating init config
[23:59:41.197] ?[34mINFO ?[0;39m ?[36mAbstractProblemLoader?[0;39m - Replaying proof proof10167979683939382677.proof
[23:59:41.210] ?[34mINFO ?[0;39m ?[36mAbstractProblemLoader?[0;39m - Loading environment from /tmp/KeYslice11745037795121487030/exampleDuplicate_slice1.proof
[23:59:41.212] ?[34mINFO ?[0;39m ?[36mAbstractProblemLoader?[0;39m - Creating init config
[23:59:44.434] ?[34mINFO ?[0;39m ?[36mAbstractProblemLoader?[0;39m - Replaying proof exampleDuplicate_slice1.proof
[23:59:44.451] ?[34mINFO ?[0;39m ?[36mEndToEndTests?[0;39m - Loading /tmp/KeYslice11745037795121487030/exampleDuplicate_slice1.proof
[23:59:44.451] ?[34mINFO ?[0;39m ?[36mAbstractProblemLoader?[0;39m - Loading environment from /tmp/KeYslice11745037795121487030/exampleDuplicate_slice1.proof
[23:59:44.453] ?[34mINFO ?[0;39m ?[36mAbstractProblemLoader?[0;39m - Creating init config
[23:59:47.606] ?[34mINFO ?[0;39m ?[36mAbstractProblemLoader?[0;39m - Replaying proof exampleDuplicate_slice1.proof
[23:59:47.620] ?[34mINFO ?[0;39m ?[36mDependencyAnalyzer?[0;39m - merging 3 and 4
[23:59:47.622] ?[34mINFO ?[0;39m ?[36mAbstractProblemLoader?[0;39m - Loading environment from /tmp/proof5954963387230794627.proof
[23:59:47.624] ?[34mINFO ?[0;39m ?[36mAbstractProblemLoader?[0;39m - Creating init config
[23:59:50.767] ?[34mINFO ?[0;39m ?[36mAbstractProblemLoader?[0;39m - Replaying proof proof5954963387230794627.proof
[23:59:50.782] ?[34mINFO ?[0;39m ?[36mAbstractProblemLoader?[0;39m - Loading environment from /tmp/KeYslice14719335356945001228/exampleDuplicate_slice2.proof
[23:59:50.784] ?[34mINFO ?[0;39m ?[36mAbstractProblemLoader?[0;39m - Creating init config
[23:59:53.967] ?[34mINFO ?[0;39m ?[36mAbstractProblemLoader?[0;39m - Replaying proof exampleDuplicate_slice2.proof
[23:59:53.981] ?[34mINFO ?[0;39m ?[36mEndToEndTests?[0;39m - Loading /tmp/KeYslice14719335356945001228/exampleDuplicate_slice2.proof
[23:59:53.981] ?[34mINFO ?[0;39m ?[36mAbstractProblemLoader?[0;39m - Loading environment from /tmp/KeYslice14719335356945001228/exampleDuplicate_slice2.proof
[23:59:53.982] ?[34mINFO ?[0;39m ?[36mAbstractProblemLoader?[0;39m - Creating init config
[23:59:57.105] ?[34mINFO ?[0;39m ?[36mAbstractProblemLoader?[0;39m - Replaying proof exampleDuplicate_slice2.proof
[23:59:57.119] ?[34mINFO ?[0;39m ?[36mDependencyAnalyzer?[0;39m - merging 4 and 5
[23:59:57.120] ?[34mINFO ?[0;39m ?[36mAbstractProblemLoader?[0;39m - Loading environment from /tmp/proof16536466690833277782.proof
[23:59:57.122] ?[34mINFO ?[0;39m ?[36mAbstractProblemLoader?[0;39m - Creating init config
[00:00:00.214] ?[34mINFO ?[0;39m ?[36mAbstractProblemLoader?[0;39m - Replaying proof proof16536466690833277782.proof
[00:00:00.229] ?[34mINFO ?[0;39m ?[36mAbstractProblemLoader?[0;39m - Loading environment from /tmp/KeYslice15318700511607090908/exampleDuplicate_slice3.proof
[00:00:00.231] ?[34mINFO ?[0;39m ?[36mAbstractProblemLoader?[0;39m - Creating init config
[00:00:03.714] ?[34mINFO ?[0;39m ?[36mAbstractProblemLoader?[0;39m - Replaying proof exampleDuplicate_slice3.proof
[00:00:03.729] ?[34mINFO ?[0;39m ?[36mEndToEndTests?[0;39m - Loading /tmp/KeYslice15318700511607090908/exampleDuplicate_slice3.proof
[00:00:03.729] ?[34mINFO ?[0;39m ?[36mAbstractProblemLoader?[0;39m - Loading environment from /tmp/KeYslice15318700511607090908/exampleDuplicate_slice3.proof
[00:00:03.731] ?[34mINFO ?[0;39m ?[36mAbstractProblemLoader?[0;39m - Creating init config
[00:00:07.277] ?[34mINFO ?[0;39m ?[36mAbstractProblemLoader?[0;39m - Replaying proof exampleDuplicate_slice3.proof
[00:00:07.317] ?[34mINFO ?[0;39m ?[36mAbstractProblemLoader?[0;39m - Loading environment from /tmp/proof7683643334329716426.proof
[00:00:07.330] ?[34mINFO ?[0;39m ?[36mAbstractProblemLoader?[0;39m - Creating init config
[00:00:10.712] ?[34mINFO ?[0;39m ?[36mAbstractProblemLoader?[0;39m - Replaying proof proof7683643334329716426.proof
[00:00:10.726] ?[34mINFO ?[0;39m ?[36mAbstractProblemLoader?[0;39m - Loading environment from /tmp/KeYslice7265021497326061063/exampleDuplicate_slice4.proof
[00:00:10.727] ?[34mINFO ?[0;39m ?[36mAbstractProblemLoader?[0;39m - Creating init config
[00:00:14.017] ?[34mINFO ?[0;39m ?[36mAbstractProblemLoader?[0;39m - Replaying proof exampleDuplicate_slice4.proof
[00:00:14.031] ?[34mINFO ?[0;39m ?[36mEndToEndTests?[0;39m - Loading /home/runner/work/key/key/keyext.slicing/src/test/resources/testcase/../../../../../key.ui/examples/firstTouch/05-ReverseArray/reverseArray.proof
[00:00:14.032] ?[34mINFO ?[0;39m ?[36mAbstractProblemLoader?[0;39m - Loading environment from src/test/resources/testcase/../../../../../key.ui/examples/firstTouch/05-ReverseArray/reverseArray.proof
[00:00:14.033] ?[34mINFO ?[0;39m ?[36mAbstractProblemLoader?[0;39m - Creating init config
[00:00:17.599] ?[34mINFO ?[0;39m ?[36mAbstractProblemLoader?[0;39m - Replaying proof ReverseArray[ReverseArray::reverse()].JML normal_behavior operation contract.0
[00:00:20.810] ?[34mINFO ?[0;39m ?[36mDependencyAnalyzer?[0;39m - merging 3958 and 4306
[00:00:20.811] ?[34mINFO ?[0;39m ?[36mDependencyAnalyzer?[0;39m - merging 2591 and 3795
[00:00:20.847] ?[34mINFO ?[0;39m ?[36mDependencyAnalyzer?[0;39m - merging 1010 and 4663
[00:00:20.855] ?[34mINFO ?[0;39m ?[36mDependencyAnalyzer?[0;39m - merging 1354 and 4678
[00:00:20.921] ?[34mINFO ?[0;39m ?[36mAbstractProblemLoader?[0;39m - Loading environment from /tmp/proof97081839492942953.proof
[00:00:20.923] ?[34mINFO ?[0;39m ?[36mAbstractProblemLoader?[0;39m - Creating init config
[00:00:24.684] ?[34mINFO ?[0;39m ?[36mAbstractProblemLoader?[0;39m - Replaying proof ReverseArray[ReverseArray::reverse()].JML normal_behavior operation contract.0
[00:00:26.002] ?[34mINFO ?[0;39m ?[36mAbstractProblemLoader?[0;39m - Loading environment from /tmp/KeYslice237754760714180495/reverseArray_slice1.proof
[00:00:26.004] ?[34mINFO ?[0;39m ?[36mAbstractProblemLoader?[0;39m - Creating init config
[00:00:29.550] ?[34mINFO ?[0;39m ?[36mAbstractProblemLoader?[0;39m - Replaying proof ReverseArray[ReverseArray::reverse()].JML normal_behavior operation contract.0
[00:00:31.222] ?[34mINFO ?[0;39m ?[36mEndToEndTests?[0;39m - Loading /tmp/KeYslice237754760714180495/reverseArray_slice1.proof
[00:00:31.222] ?[34mINFO ?[0;39m ?[36mAbstractProblemLoader?[0;39m - Loading environment from /tmp/KeYslice237754760714180495/reverseArray_slice1.proof
[00:00:31.224] ?[34mINFO ?[0;39m ?[36mAbstractProblemLoader?[0;39m - Creating init config
[00:00:34.774] ?[34mINFO ?[0;39m ?[36mAbstractProblemLoader?[0;39m - Replaying proof ReverseArray[ReverseArray::reverse()].JML normal_behavior operation contract.0
[00:00:36.285] ?[34mINFO ?[0;39m ?[36mDependencyAnalyzer?[0;39m - merging 2219 and 2914
[00:00:36.312] ?[34mINFO ?[0;39m ?[36mDependencyAnalyzer?[0;39m - merging 1281 and 3384
[00:00:36.314] ?[34mINFO ?[0;39m ?[36mDependencyAnalyzer?[0;39m - merging 880 and 3479
[00:00:36.318] ?[34mINFO ?[0;39m ?[36mDependencyAnalyzer?[0;39m - merging 2973 and 3148
[00:00:36.321] ?[34mINFO ?[0;39m ?[36mDependencyAnalyzer?[0;39m - merging 947 and 3782
[00:00:36.327] ?[34mINFO ?[0;39m ?[36mDependencyAnalyzer?[0;39m - merging 943 and 3370
[00:00:36.331] ?[34mINFO ?[0;39m ?[36mDependencyAnalyzer?[0;39m - merging 879 and 3473
[00:00:36.352] ?[34mINFO ?[0;39m ?[36mAbstractProblemLoader?[0;39m - Loading environment from /tmp/proof1769428044078729999.proof
[00:00:36.355] ?[34mINFO ?[0;39m ?[36mAbstractProblemLoader?[0;39m - Creating init config
[00:00:39.978] ?[34mINFO ?[0;39m ?[36mAbstractProblemLoader?[0;39m - Replaying proof ReverseArray[ReverseArray::reverse()].JML normal_behavior operation contract.0
[00:00:40.971] ?[34mINFO ?[0;39m ?[36mAbstractProblemLoader?[0;39m - Loading environment from /tmp/KeYslice4854153237974310640/reverseArray_slice2.proof
[00:00:40.973] ?[34mINFO ?[0;39m ?[36mAbstractProblemLoader?[0;39m - Creating init config
[00:00:44.482] ?[34mINFO ?[0;39m ?[36mAbstractProblemLoader?[0;39m - Replaying proof ReverseArray[ReverseArray::reverse()].JML normal_behavior operation contract.0
[00:00:45.815] ?[34mINFO ?[0;39m ?[36mEndToEndTests?[0;39m - Loading /tmp/KeYslice4854153237974310640/reverseArray_slice2.proof
[00:00:45.815] ?[34mINFO ?[0;39m ?[36mAbstractProblemLoader?[0;39m - Loading environment from /tmp/KeYslice4854153237974310640/reverseArray_slice2.proof
[00:00:45.817] ?[34mINFO ?[0;39m ?[36mAbstractProblemLoader?[0;39m - Creating init config
[00:00:49.148] ?[34mINFO ?[0;39m ?[36mAbstractProblemLoader?[0;39m - Replaying proof ReverseArray[ReverseArray::reverse()].JML normal_behavior operation contract.0
[00:00:50.478] ?[34mINFO ?[0;39m ?[36mDependencyAnalyzer?[0;39m - merging 1301 and 3381
[00:00:50.481] ?[34mINFO ?[0;39m ?[36mDependencyAnalyzer?[0;39m - merging 782 and 3554
[00:00:50.482] ?[34mINFO ?[0;39m ?[36mDependencyAnalyzer?[0;39m - merging 883 and 3469
[00:00:50.484] ?[34mINFO ?[0;39m ?[36mDependencyAnalyzer?[0;39m - merging 882 and 3474
[00:00:50.487] ?[34mINFO ?[0;39m ?[36mDependencyAnalyzer?[0;39m - merging 781 and 3569
[00:00:50.490] ?[34mINFO ?[0;39m ?[36mDependencyAnalyzer?[0;39m - merging 2220 and 2914
[00:00:50.501] ?[34mINFO ?[0;39m ?[36mDependencyAnalyzer?[0;39m - merging 949 and 3776
[00:00:50.506] ?[34mINFO ?[0;39m ?[36mDependencyAnalyzer?[0;39m - merging 2973 and 3147
[00:00:50.510] ?[34mINFO ?[0;39m ?[36mDependencyAnalyzer?[0;39m - merging 946 and 3368
[00:00:50.519] ?[34mINFO ?[0;39m ?[36mAbstractProblemLoader?[0;39m - Loading environment from /tmp/proof11733578448392848484.proof
[00:00:50.521] ?[34mINFO ?[0;39m ?[36mAbstractProblemLoader?[0;39m - Creating init config
[00:00:53.901] ?[34mINFO ?[0;39m ?[36mAbstractProblemLoader?[0;39m - Replaying proof ReverseArray[ReverseArray::reverse()].JML normal_behavior operation contract.0
[00:00:54.861] ?[34mINFO ?[0;39m ?[36mAbstractProblemLoader?[0;39m - Loading environment from /tmp/KeYslice12548505769483874388/reverseArray_slice3.proof
[00:00:54.862] ?[34mINFO ?[0;39m ?[36mAbstractProblemLoader?[0;39m - Creating init config
[00:00:58.714] ?[34mINFO ?[0;39m ?[36mAbstractProblemLoader?[0;39m - Replaying proof ReverseArray[ReverseArray::reverse()].JML normal_behavior operation contract.0
[00:00:59.985] ?[34mINFO ?[0;39m ?[36mEndToEndTests?[0;39m - Loading /tmp/KeYslice12548505769483874388/reverseArray_slice3.proof
[00:00:59.986] ?[34mINFO ?[0;39m ?[36mAbstractProblemLoader?[0;39m - Loading environment from /tmp/KeYslice12548505769483874388/reverseArray_slice3.proof
[00:00:59.987] ?[34mINFO ?[0;39m ?[36mAbstractProblemLoader?[0;39m - Creating init config
[00:01:03.557] ?[34mINFO ?[0;39m ?[36mAbstractProblemLoader?[0;39m - Replaying proof ReverseArray[ReverseArray::reverse()].JML normal_behavior operation contract.0
[00:01:04.806] ?[34mINFO ?[0;39m ?[36mDependencyAnalyzer?[0;39m - merging 2973 and 3146
[00:01:04.808] ?[34mINFO ?[0;39m ?[36mDependencyAnalyzer?[0;39m - merging 757 and 3657
[00:01:04.811] ?[34mINFO ?[0;39m ?[36mDependencyAnalyzer?[0;39m - merging 756 and 3651
[00:01:04.812] ?[34mINFO ?[0;39m ?[36mDependencyAnalyzer?[0;39m - merging 886 and 3465
[00:01:04.815] ?[34mINFO ?[0;39m ?[36mDependencyAnalyzer?[0;39m - merging 1302 and 3378
[00:01:04.819] ?[34mINFO ?[0;39m ?[36mDependencyAnalyzer?[0;39m - merging 785 and 3562
[00:01:04.825] ?[34mINFO ?[0;39m ?[36mDependencyAnalyzer?[0;39m - merging 1296 and 3803
[00:01:04.827] ?[34mINFO ?[0;39m ?[36mDependencyAnalyzer?[0;39m - merging 885 and 3469
[00:01:04.833] ?[34mINFO ?[0;39m ?[36mDependencyAnalyzer?[0;39m - merging 1285 and 3379
[00:01:04.839] ?[34mINFO ?[0;39m ?[36mDependencyAnalyzer?[0;39m - merging 784 and 3548
[00:01:04.843] ?[34mINFO ?[0;39m ?[36mDependencyAnalyzer?[0;39m - merging 2221 and 2914
[00:01:04.851] ?[34mINFO ?[0;39m ?[36mAbstractProblemLoader?[0;39m - Loading environment from /tmp/proof11576606163815786276.proof
[00:01:04.853] ?[34mINFO ?[0;39m ?[36mAbstractProblemLoader?[0;39m - Creating init config
[00:01:08.396] ?[34mINFO ?[0;39m ?[36mAbstractProblemLoader?[0;39m - Replaying proof ReverseArray[ReverseArray::reverse()].JML normal_behavior operation contract.0
[00:01:09.341] ?[34mINFO ?[0;39m ?[36mAbstractProblemLoader?[0;39m - Loading environment from /tmp/KeYslice18283911959670066339/reverseArray_slice4.proof
[00:01:09.343] ?[34mINFO ?[0;39m ?[36mAbstractProblemLoader?[0;39m - Creating init config
[00:01:12.790] ?[34mINFO ?[0;39m ?[36mAbstractProblemLoader?[0;39m - Replaying proof ReverseArray[ReverseArray::reverse()].JML normal_behavior operation contract.0
[00:01:14.015] ?[34mINFO ?[0;39m ?[36mEndToEndTests?[0;39m - Loading /tmp/KeYslice18283911959670066339/reverseArray_slice4.proof
[00:01:14.016] ?[34mINFO ?[0;39m ?[36mAbstractProblemLoader?[0;39m - Loading environment from /tmp/KeYslice18283911959670066339/reverseArray_slice4.proof
[00:01:14.018] ?[34mINFO ?[0;39m ?[36mAbstractProblemLoader?[0;39m - Creating init config
[00:01:17.518] ?[34mINFO ?[0;39m ?[36mAbstractProblemLoader?[0;39m - Replaying proof ReverseArray[ReverseArray::reverse()].JML normal_behavior operation contract.0
[00:01:18.745] ?[34mINFO ?[0;39m ?[36mDependencyAnalyzer?[0;39m - merging 787 and 3542
[00:01:18.746] ?[34mINFO ?[0;39m ?[36mDependencyAnalyzer?[0;39m - merging 1288 and 3376
[00:01:18.753] ?[34mINFO ?[0;39m ?[36mDependencyAnalyzer?[0;39m - merging 759 and 3648
[00:01:18.757] ?[34mINFO ?[0;39m ?[36mDependencyAnalyzer?[0;39m - merging 2222 and 2914
[00:01:18.759] ?[34mINFO ?[0;39m ?[36mDependencyAnalyzer?[0;39m - merging 2973 and 3145
[00:01:18.767] ?[34mINFO ?[0;39m ?[36mDependencyAnalyzer?[0;39m - merging 760 and 3643
[00:01:18.770] ?[34mINFO ?[0;39m ?[36mDependencyAnalyzer?[0;39m - merging 788 and 3555
[00:01:18.773] ?[34mINFO ?[0;39m ?[36mDependencyAnalyzer?[0;39m - merging 621 and 3786
[00:01:18.784] ?[34mINFO ?[0;39m ?[36mDependencyAnalyzer?[0;39m - merging 1298 and 3793
[00:01:18.786] ?[34mINFO ?[0;39m ?[36mDependencyAnalyzer?[0;39m - merging 1396 and 3388
[00:01:18.788] ?[34mINFO ?[0;39m ?[36mDependencyAnalyzer?[0;39m - merging 888 and 3464
[00:01:18.789] ?[34mINFO ?[0;39m ?[36mDependencyAnalyzer?[0;39m - merging 889 and 3465
[00:01:18.798] ?[34mINFO ?[0;39m ?[36mAbstractProblemLoader?[0;39m - Loading environment from /tmp/proof5956280333164527560.proof
[00:01:18.800] ?[34mINFO ?[0;39m ?[36mAbstractProblemLoader?[0;39m - Creating init config
[00:01:22.236] ?[34mINFO ?[0;39m ?[36mAbstractProblemLoader?[0;39m - Replaying proof ReverseArray[ReverseArray::reverse()].JML normal_behavior operation contract.0
[00:01:23.013] ?[34mINFO ?[0;39m ?[36mAbstractProblemLoader?[0;39m - Loading environment from /tmp/KeYslice17853065628869986453/reverseArray_slice5.proof
[00:01:23.015] ?[34mINFO ?[0;39m ?[36mAbstractProblemLoader?[0;39m - Creating init config
[00:01:26.397] ?[34mINFO ?[0;39m ?[36mAbstractProblemLoader?[0;39m - Replaying proof ReverseArray[ReverseArray::reverse()].JML normal_behavior operation contract.0
[00:01:27.621] ?[34mINFO ?[0;39m ?[36mEndToEndTests?[0;39m - Loading /home/runner/work/key/key/keyext.slicing/src/test/resources/testcase/exampleDuplicateOpen.proof
[00:01:27.622] ?[34mINFO ?[0;39m ?[36mAbstractProblemLoader?[0;39m - Loading environment from src/test/resources/testcase/exampleDuplicateOpen.proof
[00:01:27.624] ?[34mINFO ?[0;39m ?[36mAbstractProblemLoader?[0;39m - Creating init config
[00:01:30.847] ?[34mINFO ?[0;39m ?[36mAbstractProblemLoader?[0;39m - Replaying proof exampleDuplicateOpen.proof
[00:01:30.859] ?[34mINFO ?[0;39m ?[36mDependencyAnalyzer?[0;39m - merging 2 and 3
[00:01:30.861] ?[34mINFO ?[0;39m ?[36mAbstractProblemLoader?[0;39m - Loading environment from /tmp/proof15278838620251064006.proof
[00:01:30.862] ?[34mINFO ?[0;39m ?[36mAbstractProblemLoader?[0;39m - Creating init config
[00:01:34.021] ?[34mINFO ?[0;39m ?[36mAbstractProblemLoader?[0;39m - Replaying proof proof15278838620251064006.proof
[00:01:34.032] ?[34mINFO ?[0;39m ?[36mAbstractProblemLoader?[0;39m - Loading environment from /tmp/KeYslice14761473536069450904/exampleDuplicateOpen_slice1.proof
[00:01:34.034] ?[34mINFO ?[0;39m ?[36mAbstractProblemLoader?[0;39m - Creating init config
[00:01:37.276] ?[34mINFO ?[0;39m ?[36mAbstractProblemLoader?[0;39m - Replaying proof exampleDuplicateOpen_slice1.proof
[00:01:37.286] ?[34mINFO ?[0;39m ?[36mEndToEndTests?[0;39m - Loading /tmp/KeYslice14761473536069450904/exampleDuplicateOpen_slice1.proof
[00:01:37.286] ?[34mINFO ?[0;39m ?[36mAbstractProblemLoader?[0;39m - Loading environment from /tmp/KeYslice14761473536069450904/exampleDuplicateOpen_slice1.proof
[00:01:37.288] ?[34mINFO ?[0;39m ?[36mAbstractProblemLoader?[0;39m - Creating init config
[00:01:40.453] ?[34mINFO ?[0;39m ?[36mAbstractProblemLoader?[0;39m - Replaying proof exampleDuplicateOpen_slice1.proof
[00:01:40.464] ?[34mINFO ?[0;39m ?[36mDependencyAnalyzer?[0;39m - merging 3 and 4
[00:01:40.466] ?[34mINFO ?[0;39m ?[36mAbstractProblemLoader?[0;39m - Loading environment from /tmp/proof9810355364488786502.proof
[00:01:40.467] ?[34mINFO ?[0;39m ?[36mAbstractProblemLoader?[0;39m - Creating init config
[00:01:43.612] ?[34mINFO ?[0;39m ?[36mAbstractProblemLoader?[0;39m - Replaying proof proof9810355364488786502.proof
[00:01:43.625] ?[34mINFO ?[0;39m ?[36mAbstractProblemLoader?[0;39m - Loading environment from /tmp/KeYslice15299380510898080928/exampleDuplicateOpen_slice2.proof
[00:01:43.626] ?[34mINFO ?[0;39m ?[36mAbstractProblemLoader?[0;39m - Creating init config
[00:01:46.800] ?[34mINFO ?[0;39m ?[36mAbstractProblemLoader?[0;39m - Replaying proof exampleDuplicateOpen_slice2.proof
[00:01:46.810] ?[34mINFO ?[0;39m ?[36mEndToEndTests?[0;39m - Loading /tmp/KeYslice15299380510898080928/exampleDuplicateOpen_slice2.proof
[00:01:46.810] ?[34mINFO ?[0;39m ?[36mAbstractProblemLoader?[0;39m - Loading environment from /tmp/KeYslice15299380510898080928/exampleDuplicateOpen_slice2.proof
[00:01:46.811] ?[34mINFO ?[0;39m ?[36mAbstractProblemLoader?[0;39m - Creating init config
[00:01:49.912] ?[34mINFO ?[0;39m ?[36mAbstractProblemLoader?[0;39m - Replaying proof exampleDuplicateOpen_slice2.proof
[00:01:49.921] ?[34mINFO ?[0;39m ?[36mDependencyAnalyzer?[0;39m - merging 4 and 5
[00:01:49.922] ?[34mINFO ?[0;39m ?[36mAbstractProblemLoader?[0;39m - Loading environment from /tmp/proof15066950506316379024.proof
[00:01:49.924] ?[34mINFO ?[0;39m ?[36mAbstractProblemLoader?[0;39m - Creating init config
[00:01:53.041] ?[34mINFO ?[0;39m ?[36mAbstractProblemLoader?[0;39m - Replaying proof proof15066950506316379024.proof
[00:01:53.053] ?[34mINFO ?[0;39m ?[36mAbstractProblemLoader?[0;39m - Loading environment from /tmp/KeYslice14345612520220203858/exampleDuplicateOpen_slice3.proof
[00:01:53.054] ?[34mINFO ?[0;39m ?[36mAbstractProblemLoader?[0;39m - Creating init config
[00:01:56.163] ?[34mINFO ?[0;39m ?[36mAbstractProblemLoader?[0;39m - Replaying proof exampleDuplicateOpen_slice3.proof
[00:01:56.172] ?[34mINFO ?[0;39m ?[36mEndToEndTests?[0;39m - Loading /tmp/KeYslice14345612520220203858/exampleDuplicateOpen_slice3.proof
[00:01:56.173] ?[34mINFO ?[0;39m ?[36mAbstractProblemLoader?[0;39m - Loading environment from /tmp/KeYslice14345612520220203858/exampleDuplicateOpen_slice3.proof
[00:01:56.175] ?[34mINFO ?[0;39m ?[36mAbstractProblemLoader?[0;39m - Creating init config
[00:01:59.299] ?[34mINFO ?[0;39m ?[36mAbstractProblemLoader?[0;39m - Replaying proof exampleDuplicateOpen_slice3.proof
[00:01:59.310] ?[34mINFO ?[0;39m ?[36mAbstractProblemLoader?[0;39m - Loading environment from /tmp/proof17376089168499573613.proof
[00:01:59.312] ?[34mINFO ?[0;39m ?[36mAbstractProblemLoader?[0;39m - Creating init config
[00:02:02.515] ?[34mINFO ?[0;39m ?[36mAbstractProblemLoader?[0;39m - Replaying proof proof17376089168499573613.proof
[00:02:02.527] ?[34mINFO ?[0;39m ?[36mAbstractProblemLoader?[0;39m - Loading environment from /tmp/KeYslice4579489607006480396/exampleDuplicateOpen_slice4.proof
[00:02:02.529] ?[34mINFO ?[0;39m ?[36mAbstractProblemLoader?[0;39m - Creating init config
[00:02:05.918] ?[34mINFO ?[0;39m ?[36mAbstractProblemLoader?[0;39m - Replaying proof exampleDuplicateOpen_slice4.proof
[00:02:05.929] ?[34mINFO ?[0;39m ?[36mEndToEndTests?[0;39m - Loading /home/runner/work/key/key/keyext.slicing/src/test/resources/testcase/cutExample.proof
[00:02:05.930] ?[34mINFO ?[0;39m ?[36mAbstractProblemLoader?[0;39m - Loading environment from src/test/resources/testcase/cutExample.proof
[00:02:05.931] ?[34mINFO ?[0;39m ?[36mAbstractProblemLoader?[0;39m - Creating init config
[00:02:09.349] ?[34mINFO ?[0;39m ?[36mAbstractProblemLoader?[0;39m - Replaying proof cutExample.proof
[00:02:09.357] ?[34mINFO ?[0;39m ?[36mAbstractProblemLoader?[0;39m - Loading environment from /tmp/proof4028950934590413454.proof
[00:02:09.359] ?[34mINFO ?[0;39m ?[36mAbstractProblemLoader?[0;39m - Creating init config
[00:02:12.651] ?[34mINFO ?[0;39m ?[36mAbstractProblemLoader?[0;39m - Replaying proof proof4028950934590413454.proof
[00:02:12.655] ?[34mINFO ?[0;39m ?[36mAbstractProblemLoader?[0;39m - Loading environment from /tmp/KeYslice7387617604070469765/cutExample_slice1.proof
[00:02:12.657] ?[34mINFO ?[0;39m ?[36mAbstractProblemLoader?[0;39m - Creating init config
[00:02:15.903] ?[34mINFO ?[0;39m ?[36mAbstractProblemLoader?[0;39m - Replaying proof cutExample_slice1.proof
[00:02:15.908] ?[34mINFO ?[0;39m ?[36mEndToEndTests?[0;39m - Loading /home/runner/work/key/key/keyext.slicing/src/test/resources/testcase/agathaOpenGoal.proof
[00:02:15.908] ?[34mINFO ?[0;39m ?[36mAbstractProblemLoader?[0;39m - Loading environment from src/test/resources/testcase/agathaOpenGoal.proof
[00:02:15.909] ?[34mINFO ?[0;39m ?[36mAbstractProblemLoader?[0;39m - Creating init config
[00:02:19.108] ?[34mINFO ?[0;39m ?[36mAbstractProblemLoader?[0;39m - Replaying proof agathaOpenGoal.proof
[00:02:19.143] ?[34mINFO ?[0;39m ?[36mAbstractProblemLoader?[0;39m - Loading environment from /tmp/proof6965573825028474917.proof
[00:02:19.145] ?[34mINFO ?[0;39m ?[36mAbstractProblemLoader?[0;39m - Creating init config
[00:02:22.461] ?[34mINFO ?[0;39m ?[36mAbstractProblemLoader?[0;39m - Replaying proof proof6965573825028474917.proof
[00:02:22.483] ?[34mINFO ?[0;39m ?[36mAbstractProblemLoader?[0;39m - Loading environment from /tmp/KeYslice12962339537636450448/agathaOpenGoal_slice1.proof
[00:02:22.484] ?[34mINFO ?[0;39m ?[36mAbstractProblemLoader?[0;39m - Creating init config
[00:02:25.737] ?[34mINFO ?[0;39m ?[36mAbstractProblemLoader?[0;39m - Replaying proof agathaOpenGoal_slice1.proof
[00:02:25.763] ?[34mINFO ?[0;39m ?[36mEndToEndTests?[0;39m - Loading /home/runner/work/key/key/keyext.slicing/src/test/resources/testcase/openGoal1.proof
[00:02:25.764] ?[34mINFO ?[0;39m ?[36mAbstractProblemLoader?[0;39m - Loading environment from src/test/resources/testcase/openGoal1.proof
[00:02:25.765] ?[34mINFO ?[0;39m ?[36mAbstractProblemLoader?[0;39m - Creating init config
[00:02:29.022] ?[34mINFO ?[0;39m ?[36mAbstractProblemLoader?[0;39m - Replaying proof openGoal1.proof
[00:02:29.028] ?[34mINFO ?[0;39m ?[36mAbstractProblemLoader?[0;39m - Loading environment from /tmp/proof6229977392758174900.proof
[00:02:29.029] ?[34mINFO ?[0;39m ?[36mAbstractProblemLoader?[0;39m - Creating init config
[00:02:32.367] ?[34mINFO ?[0;39m ?[36mAbstractProblemLoader?[0;39m - Replaying proof proof6229977392758174900.proof
[00:02:32.374] ?[34mINFO ?[0;39m ?[36mAbstractProblemLoader?[0;39m - Loading environment from /tmp/KeYslice14758460850022835063/openGoal1_slice1.proof
[00:02:32.375] ?[34mINFO ?[0;39m ?[36mAbstractProblemLoader?[0;39m - Creating init config
[00:02:35.542] ?[34mINFO ?[0;39m ?[36mAbstractProblemLoader?[0;39m - Replaying proof openGoal1_slice1.proof
[00:02:35.545] ?[34mINFO ?[0;39m ?[36mEndToEndTests?[0;39m - Loading /home/runner/work/key/key/keyext.slicing/src/test/resources/testcase/openGoal2.proof
[00:02:35.546] ?[34mINFO ?[0;39m ?[36mAbstractProblemLoader?[0;39m - Loading environment from src/test/resources/testcase/openGoal2.proof
[00:02:35.547] ?[34mINFO ?[0;39m ?[36mAbstractProblemLoader?[0;39m - Creating init config
[00:02:38.707] ?[34mINFO ?[0;39m ?[36mAbstractProblemLoader?[0;39m - Replaying proof openGoal2.proof
[00:02:38.713] ?[34mINFO ?[0;39m ?[36mAbstractProblemLoader?[0;39m - Loading environment from /tmp/proof17462576790082512757.proof
[00:02:38.714] ?[34mINFO ?[0;39m ?[36mAbstractProblemLoader?[0;39m - Creating init config
[00:02:41.859] ?[34mINFO ?[0;39m ?[36mAbstractProblemLoader?[0;39m - Replaying proof proof17462576790082512757.proof
[00:02:41.863] ?[34mINFO ?[0;39m ?[36mAbstractProblemLoader?[0;39m - Loading environment from /tmp/KeYslice17179152099018295968/openGoal2_slice1.proof
[00:02:41.864] ?[34mINFO ?[0;39m ?[36mAbstractProblemLoader?[0;39m - Creating init config
[00:02:45.101] ?[34mINFO ?[0;39m ?[36mAbstractProblemLoader?[0;39m - Replaying proof openGoal2_slice1.proof
[00:02:45.106] ?[34mINFO ?[0;39m ?[36mEndToEndTests?[0;39m - Loading /home/runner/work/key/key/keyext.slicing/src/test/resources/testcase/agatha.proof
[00:02:45.106] ?[34mINFO ?[0;39m ?[36mAbstractProblemLoader?[0;39m - Loading environment from src/test/resources/testcase/agatha.proof
[00:02:45.107] ?[34mINFO ?[0;39m ?[36mAbstractProblemLoader?[0;39m - Creating init config
[00:02:48.238] ?[34mINFO ?[0;39m ?[36mAbstractProblemLoader?[0;39m - Replaying proof agatha.proof
[00:02:48.266] ?[34mINFO ?[0;39m ?[36mAbstractProblemLoader?[0;39m - Loading environment from /tmp/proof5928029507388987610.proof
[00:02:48.267] ?[34mINFO ?[0;39m ?[36mAbstractProblemLoader?[0;39m - Creating init config
[00:02:51.414] ?[34mINFO ?[0;39m ?[36mAbstractProblemLoader?[0;39m - Replaying proof proof5928029507388987610.proof
[00:02:51.430] ?[34mINFO ?[0;39m ?[36mAbstractProblemLoader?[0;39m - Loading environment from /tmp/KeYslice13820455609736639141/agatha_slice1.proof
[00:02:51.431] ?[34mINFO ?[0;39m ?[36mAbstractProblemLoader?[0;39m - Creating init config
[00:02:54.509] ?[34mINFO ?[0;39m ?[36mAbstractProblemLoader?[0;39m - Replaying proof agatha_slice1.proof
[00:02:54.528] ?[34mINFO ?[0;39m ?[36mEndToEndTests?[0;39m - Loading /home/runner/work/key/key/keyext.slicing/src/test/resources/testcase/../../../../../key.ui/examples/heap/verifyThis15_2_ParallelGcd/parallelGcd.proof
[00:02:54.529] ?[34mINFO ?[0;39m ?[36mAbstractProblemLoader?[0;39m - Loading environment from src/test/resources/testcase/../../../../../key.ui/examples/heap/verifyThis15_2_ParallelGcd/parallelGcd.proof
[00:02:54.530] ?[34mINFO ?[0;39m ?[36mAbstractProblemLoader?[0;39m - Creating init config
[00:02:57.983] ?[34mINFO ?[0;39m ?[36mAbstractProblemLoader?[0;39m - Replaying proof ParallelGcd[ParallelGcd::parallelGcd(int,int,[Z)].JML behavior operation contract.0
[00:02:58.985] ?[34mINFO ?[0;39m ?[36mAbstractProblemLoader?[0;39m - Loading environment from /tmp/proof13131289415499661029.proof
[00:02:58.987] ?[34mINFO ?[0;39m ?[36mAbstractProblemLoader?[0;39m - Creating init config
[00:03:02.381] ?[34mINFO ?[0;39m ?[36mAbstractProblemLoader?[0;39m - Replaying proof ParallelGcd[ParallelGcd::parallelGcd(int,int,[Z)].JML behavior operation contract.0
[00:03:03.051] ?[34mINFO ?[0;39m ?[36mAbstractProblemLoader?[0;39m - Loading environment from /tmp/KeYslice7439640625738077799/parallelGcd_slice1.proof
[00:03:03.053] ?[34mINFO ?[0;39m ?[36mAbstractProblemLoader?[0;39m - Creating init config
[00:03:06.612] ?[34mINFO ?[0;39m ?[36mAbstractProblemLoader?[0;39m - Replaying proof ParallelGcd[ParallelGcd::parallelGcd(int,int,[Z)].JML behavior operation contract.0
]]></system-out>
  <system-err><![CDATA[]]></system-err>
</testsuite>
