<?xml version="1.0" encoding="UTF-8"?>
<testsuite name="de.uka.ilkd.key.rule.TestCollisionResolving" tests="7" skipped="0" failures="0" errors="0" timestamp="2023-02-01T16:12:33" hostname="fv-az545-349" time="0.038">
  <properties/>
  <testcase name="testVarNamespaceCreationWithPrefix()" classname="de.uka.ilkd.key.rule.TestCollisionResolving" time="0.009"/>
  <testcase name="testNameConflictAfterInput()" classname="de.uka.ilkd.key.rule.TestCollisionResolving" time="0.008"/>
  <testcase name="testNameConflict1()" classname="de.uka.ilkd.key.rule.TestCollisionResolving" time="0.003"/>
  <testcase name="testVarNamespaceCreationWithContext()" classname="de.uka.ilkd.key.rule.TestCollisionResolving" time="0.002"/>
  <testcase name="testCollisionResolvingOfSchemaVariable()" classname="de.uka.ilkd.key.rule.TestCollisionResolving" time="0.002"/>
  <testcase name="testNameConflictWithContextAfterInput()" classname="de.uka.ilkd.key.rule.TestCollisionResolving" time="0.003"/>
  <testcase name="testCollisionResolvingWithContext()" classname="de.uka.ilkd.key.rule.TestCollisionResolving" time="0.004"/>
  <system-out><![CDATA[]]></system-out>
  <system-err><![CDATA[]]></system-err>
</testsuite>
