<?xml version="1.0" encoding="UTF-8"?>
<testsuite name="de.uka.ilkd.key.testcase.smt.testgen.TestTestgen" tests="1" skipped="0" failures="0" errors="0" timestamp="2023-05-31T07:51:54" hostname="fv-az454-382" time="3.952">
  <properties/>
  <testcase name="testMiddle()" classname="de.uka.ilkd.key.testcase.smt.testgen.TestTestgen" time="3.952"/>
  <system-out><![CDATA[12645      WARN  Test worker     d.u.i.k.t.s.t.TestTestgen Warning: Z3_CE is not installed, tests skipped. 
12646      WARN  Test worker     d.u.i.k.t.s.t.TestTestgen Maybe use JVM system property "z3SolverPath" to define the path to the Z3 command. 
12647      INFO  Test worker     d.u.i.k.p.i.AbstractProblemLoader Loading environment from src/test/resources/testcase/smt/tg/middle.key 
12647      DEBUG Test worker     d.u.i.k.p.i.AbstractProblemLoader Environment load took 322.7ns 
12649      INFO  Test worker     d.u.i.k.p.i.AbstractProblemLoader Creating init config 
15981      DEBUG Test worker     d.u.i.k.p.i.AbstractProblemLoader Init config took 3.33s 
16066      INFO  Test worker     d.u.i.k.p.i.AbstractProblemLoader Replaying proof Middle[Middle::middle(int,int,int)].JML normal_behavior operation contract.0 
16069      DEBUG Test worker     d.u.i.k.p.i.IntermediateProofReplayer Proof replay took 15.3ns 
]]></system-out>
  <system-err><![CDATA[]]></system-err>
</testsuite>
