<?xml version="1.0" encoding="UTF-8"?>
<testsuite name="de.uka.ilkd.key.util.TestVersionStringComparator" tests="5" skipped="0" failures="0" errors="0" timestamp="2023-05-21T22:07:42" hostname="fv-az192-933" time="0.01">
  <properties/>
  <testcase name="test0()" classname="de.uka.ilkd.key.util.TestVersionStringComparator" time="0.002"/>
  <testcase name="test1()" classname="de.uka.ilkd.key.util.TestVersionStringComparator" time="0.007"/>
  <testcase name="test2()" classname="de.uka.ilkd.key.util.TestVersionStringComparator" time="0.0"/>
  <testcase name="test3()" classname="de.uka.ilkd.key.util.TestVersionStringComparator" time="0.0"/>
  <testcase name="test4()" classname="de.uka.ilkd.key.util.TestVersionStringComparator" time="0.0"/>
  <system-out><![CDATA[]]></system-out>
  <system-err><![CDATA[]]></system-err>
</testsuite>
