<?xml version="1.0" encoding="UTF-8"?>
<testsuite name="de.uka.ilkd.key.logic.TestTermLabelManager" tests="21" skipped="0" failures="0" errors="0" timestamp="2023-05-21T21:53:29" hostname="fv-az192-933" time="61.304">
  <properties/>
  <testcase name="testInstantiateLabels_directChildPolicies_allRules()" classname="de.uka.ilkd.key.logic.TestTermLabelManager" time="4.422"/>
  <testcase name="testInstantiateLabels_childAndGrandchildPolicies_ruleSpecific()" classname="de.uka.ilkd.key.logic.TestTermLabelManager" time="3.153"/>
  <testcase name="testParseLabel()" classname="de.uka.ilkd.key.logic.TestTermLabelManager" time="3.123"/>
  <testcase name="testrefactorGoal_childrenAndGrandchildren_ruleSpecific()" classname="de.uka.ilkd.key.logic.TestTermLabelManager" time="3.117"/>
  <testcase name="testrefactorGoal_directChildren_allRules()" classname="de.uka.ilkd.key.logic.TestTermLabelManager" time="3.195"/>
  <testcase name="testInstantiateLabels_childAndGrandchildPolicies_allRules()" classname="de.uka.ilkd.key.logic.TestTermLabelManager" time="3.128"/>
  <testcase name="testInstantiateLabels_taclet()" classname="de.uka.ilkd.key.logic.TestTermLabelManager" time="3.26"/>
  <testcase name="testrefactorGoal_none_ruleSpecific()" classname="de.uka.ilkd.key.logic.TestTermLabelManager" time="3.204"/>
  <testcase name="testInstantiateLabels_updates_ruleSpecific()" classname="de.uka.ilkd.key.logic.TestTermLabelManager" time="3.138"/>
  <testcase name="testrefactorGoal_sequent_ruleSpecific()" classname="de.uka.ilkd.key.logic.TestTermLabelManager" time="3.167"/>
  <testcase name="testInstantiateLabels_updates_allRules()" classname="de.uka.ilkd.key.logic.TestTermLabelManager" time="3.16"/>
  <testcase name="testrefactorGoal_sequent_allRules()" classname="de.uka.ilkd.key.logic.TestTermLabelManager" time="3.078"/>
  <testcase name="testrefactorGoal_childrenAndGrandchildren_allRules()" classname="de.uka.ilkd.key.logic.TestTermLabelManager" time="3.119"/>
  <testcase name="testGetTermLabelManager()" classname="de.uka.ilkd.key.logic.TestTermLabelManager" time="0.002"/>
  <testcase name="testInstantiateLabels_applicationTermPolicies()" classname="de.uka.ilkd.key.logic.TestTermLabelManager" time="3.168"/>
  <testcase name="testInstantiateLabels_modalityTermPolicies()" classname="de.uka.ilkd.key.logic.TestTermLabelManager" time="3.13"/>
  <testcase name="testrefactorGoal_none_allRules()" classname="de.uka.ilkd.key.logic.TestTermLabelManager" time="3.185"/>
  <testcase name="testInstantiateLabels_null()" classname="de.uka.ilkd.key.logic.TestTermLabelManager" time="0.0"/>
  <testcase name="testrefactorGoal_directChildren_ruleSpecific()" classname="de.uka.ilkd.key.logic.TestTermLabelManager" time="3.197"/>
  <testcase name="testInstantiateLabels_directChildPolicies_ruleSpecific()" classname="de.uka.ilkd.key.logic.TestTermLabelManager" time="3.202"/>
  <testcase name="testGetSupportedTermLabelNames()" classname="de.uka.ilkd.key.logic.TestTermLabelManager" time="3.146"/>
  <system-out><![CDATA[123830     INFO  Test worker     d.u.i.k.p.i.AbstractProblemLoader Loading environment from src\test\resources\testcase\termLabels\flatSteps\FlatSteps.java 
123831     DEBUG Test worker     d.u.i.k.p.i.AbstractProblemLoader Environment load took 284.7ns 
123833     INFO  Test worker     d.u.i.k.p.i.AbstractProblemLoader Creating init config 
123992     DEBUG Test worker     d.u.i.k.j.TypeConverter   No LDT found for Meta 
123992     DEBUG Test worker     d.u.i.k.j.TypeConverter   No LDT found for Meta 
123992     DEBUG Test worker     d.u.i.k.j.TypeConverter   No LDT found for Meta 
123992     DEBUG Test worker     d.u.i.k.j.TypeConverter   No LDT found for Meta 
124649     DEBUG Test worker     d.u.i.k.j.TypeConverter   No LDT found for JavaBigintExpression 
128240     DEBUG Test worker     d.u.i.k.p.i.AbstractProblemLoader Init config took 4.42s 
128255     INFO  Test worker     d.u.i.k.p.i.AbstractProblemLoader Loading environment from src\test\resources\testcase\termLabels\flatSteps\FlatSteps.java 
128255     DEBUG Test worker     d.u.i.k.p.i.AbstractProblemLoader Environment load took 547.8ns 
128255     INFO  Test worker     d.u.i.k.p.i.AbstractProblemLoader Creating init config 
131394     DEBUG Test worker     d.u.i.k.p.i.AbstractProblemLoader Init config took 3.14s 
131394     INFO  Test worker     d.u.i.k.p.i.AbstractProblemLoader Loading environment from src\test\resources\testcase\termLabels\flatSteps\FlatSteps.java 
131394     DEBUG Test worker     d.u.i.k.p.i.AbstractProblemLoader Environment load took 270.8ns 
131394     INFO  Test worker     d.u.i.k.p.i.AbstractProblemLoader Creating init config 
134517     DEBUG Test worker     d.u.i.k.p.i.AbstractProblemLoader Init config took 3.12s 
134533     INFO  Test worker     d.u.i.k.p.i.AbstractProblemLoader Loading environment from src\test\resources\testcase\termLabels\flatSteps\FlatSteps.java 
134533     DEBUG Test worker     d.u.i.k.p.i.AbstractProblemLoader Environment load took 686ns 
134533     INFO  Test worker     d.u.i.k.p.i.AbstractProblemLoader Creating init config 
137634     DEBUG Test worker     d.u.i.k.p.i.AbstractProblemLoader Init config took 3.1s 
137649     INFO  Test worker     d.u.i.k.p.i.AbstractProblemLoader Loading environment from src\test\resources\testcase\termLabels\flatSteps\FlatSteps.java 
137649     DEBUG Test worker     d.u.i.k.p.i.AbstractProblemLoader Environment load took 182.9ns 
137649     INFO  Test worker     d.u.i.k.p.i.AbstractProblemLoader Creating init config 
140816     DEBUG Test worker     d.u.i.k.p.i.AbstractProblemLoader Init config took 3.17s 
140831     INFO  Test worker     d.u.i.k.p.i.AbstractProblemLoader Loading environment from src\test\resources\testcase\termLabels\flatSteps\FlatSteps.java 
140831     DEBUG Test worker     d.u.i.k.p.i.AbstractProblemLoader Environment load took 525.2ns 
140831     INFO  Test worker     d.u.i.k.p.i.AbstractProblemLoader Creating init config 
143944     DEBUG Test worker     d.u.i.k.p.i.AbstractProblemLoader Init config took 3.12s 
143959     INFO  Test worker     d.u.i.k.p.i.AbstractProblemLoader Loading environment from src\test\resources\testcase\termLabels\flatSteps\FlatSteps.java 
143959     DEBUG Test worker     d.u.i.k.p.i.AbstractProblemLoader Environment load took 218.1ns 
143959     INFO  Test worker     d.u.i.k.p.i.AbstractProblemLoader Creating init config 
147204     DEBUG Test worker     d.u.i.k.p.i.AbstractProblemLoader Init config took 3.25s 
147220     INFO  Test worker     d.u.i.k.p.i.AbstractProblemLoader Loading environment from src\test\resources\testcase\termLabels\flatSteps\FlatSteps.java 
147220     DEBUG Test worker     d.u.i.k.p.i.AbstractProblemLoader Environment load took 498.7ns 
147220     INFO  Test worker     d.u.i.k.p.i.AbstractProblemLoader Creating init config 
150408     DEBUG Test worker     d.u.i.k.p.i.AbstractProblemLoader Init config took 3.19s 
150424     INFO  Test worker     d.u.i.k.p.i.AbstractProblemLoader Loading environment from src\test\resources\testcase\termLabels\flatSteps\FlatSteps.java 
150424     DEBUG Test worker     d.u.i.k.p.i.AbstractProblemLoader Environment load took 1.22ms 
150424     INFO  Test worker     d.u.i.k.p.i.AbstractProblemLoader Creating init config 
153547     DEBUG Test worker     d.u.i.k.p.i.AbstractProblemLoader Init config took 3.13s 
153563     INFO  Test worker     d.u.i.k.p.i.AbstractProblemLoader Loading environment from src\test\resources\testcase\termLabels\flatSteps\FlatSteps.java 
153563     DEBUG Test worker     d.u.i.k.p.i.AbstractProblemLoader Environment load took 1.47ms 
153563     INFO  Test worker     d.u.i.k.p.i.AbstractProblemLoader Creating init config 
156731     DEBUG Test worker     d.u.i.k.p.i.AbstractProblemLoader Init config took 3.16s 
156746     INFO  Test worker     d.u.i.k.p.i.AbstractProblemLoader Loading environment from src\test\resources\testcase\termLabels\flatSteps\FlatSteps.java 
156746     DEBUG Test worker     d.u.i.k.p.i.AbstractProblemLoader Environment load took 178.5ns 
156746     INFO  Test worker     d.u.i.k.p.i.AbstractProblemLoader Creating init config 
159891     DEBUG Test worker     d.u.i.k.p.i.AbstractProblemLoader Init config took 3.14s 
159891     INFO  Test worker     d.u.i.k.p.i.AbstractProblemLoader Loading environment from src\test\resources\testcase\termLabels\flatSteps\FlatSteps.java 
159891     DEBUG Test worker     d.u.i.k.p.i.AbstractProblemLoader Environment load took 530.4ns 
159891     INFO  Test worker     d.u.i.k.p.i.AbstractProblemLoader Creating init config 
162953     DEBUG Test worker     d.u.i.k.p.i.AbstractProblemLoader Init config took 3.05s 
162969     INFO  Test worker     d.u.i.k.p.i.AbstractProblemLoader Loading environment from src\test\resources\testcase\termLabels\flatSteps\FlatSteps.java 
162969     DEBUG Test worker     d.u.i.k.p.i.AbstractProblemLoader Environment load took 512.2ns 
162969     INFO  Test worker     d.u.i.k.p.i.AbstractProblemLoader Creating init config 
166073     DEBUG Test worker     d.u.i.k.p.i.AbstractProblemLoader Init config took 3.11s 
166089     INFO  Test worker     d.u.i.k.p.i.AbstractProblemLoader Loading environment from src\test\resources\testcase\termLabels\flatSteps\FlatSteps.java 
166089     DEBUG Test worker     d.u.i.k.p.i.AbstractProblemLoader Environment load took 167.9ns 
166089     INFO  Test worker     d.u.i.k.p.i.AbstractProblemLoader Creating init config 
169261     DEBUG Test worker     d.u.i.k.p.i.AbstractProblemLoader Init config took 3.16s 
169261     INFO  Test worker     d.u.i.k.p.i.AbstractProblemLoader Loading environment from src\test\resources\testcase\termLabels\flatSteps\FlatSteps.java 
169261     DEBUG Test worker     d.u.i.k.p.i.AbstractProblemLoader Environment load took 178.4ns 
169261     INFO  Test worker     d.u.i.k.p.i.AbstractProblemLoader Creating init config 
172392     DEBUG Test worker     d.u.i.k.p.i.AbstractProblemLoader Init config took 3.13s 
172392     INFO  Test worker     d.u.i.k.p.i.AbstractProblemLoader Loading environment from src\test\resources\testcase\termLabels\flatSteps\FlatSteps.java 
172392     DEBUG Test worker     d.u.i.k.p.i.AbstractProblemLoader Environment load took 515.2ns 
172392     INFO  Test worker     d.u.i.k.p.i.AbstractProblemLoader Creating init config 
175562     DEBUG Test worker     d.u.i.k.p.i.AbstractProblemLoader Init config took 3.16s 
175577     INFO  Test worker     d.u.i.k.p.i.AbstractProblemLoader Loading environment from src\test\resources\testcase\termLabels\flatSteps\FlatSteps.java 
175577     DEBUG Test worker     d.u.i.k.p.i.AbstractProblemLoader Environment load took 159.7ns 
175577     INFO  Test worker     d.u.i.k.p.i.AbstractProblemLoader Creating init config 
178759     DEBUG Test worker     d.u.i.k.p.i.AbstractProblemLoader Init config took 3.18s 
178774     INFO  Test worker     d.u.i.k.p.i.AbstractProblemLoader Loading environment from src\test\resources\testcase\termLabels\flatSteps\FlatSteps.java 
178774     DEBUG Test worker     d.u.i.k.p.i.AbstractProblemLoader Environment load took 205.6ns 
178774     INFO  Test worker     d.u.i.k.p.i.AbstractProblemLoader Creating init config 
181976     DEBUG Test worker     d.u.i.k.p.i.AbstractProblemLoader Init config took 3.2s 
181992     INFO  Test worker     d.u.i.k.p.i.AbstractProblemLoader Loading environment from src\test\resources\testcase\termLabels\flatSteps\FlatSteps.java 
181992     DEBUG Test worker     d.u.i.k.p.i.AbstractProblemLoader Environment load took 1.05ms 
181992     INFO  Test worker     d.u.i.k.p.i.AbstractProblemLoader Creating init config 
185118     DEBUG Test worker     d.u.i.k.p.i.AbstractProblemLoader Init config took 3.12s 
]]></system-out>
  <system-err><![CDATA[]]></system-err>
</testsuite>
