<?xml version="1.0" encoding="UTF-8"?>
<testsuite name="de.uka.ilkd.key.util.TestProofStarter" tests="2" skipped="0" failures="0" errors="0" timestamp="2023-05-21T22:06:38" hostname="fv-az192-933" time="63.764">
  <properties/>
  <testcase name="testDirectProofWithOneStepSimplification()" classname="de.uka.ilkd.key.util.TestProofStarter" time="32.982"/>
  <testcase name="testDirectProof()" classname="de.uka.ilkd.key.util.TestProofStarter" time="30.782"/>
  <system-out><![CDATA[912555     INFO  Test worker     d.u.i.k.p.i.AbstractProblemLoader Loading environment from src\test\resources\testcase\proofStarter\CC\project.key 
912555     DEBUG Test worker     d.u.i.k.p.i.AbstractProblemLoader Environment load took 424.8ns 
912555     INFO  Test worker     d.u.i.k.p.i.AbstractProblemLoader Creating init config 
915932     DEBUG Test worker     d.u.i.k.p.i.AbstractProblemLoader Init config took 3.37s 
915978     INFO  Test worker     d.u.i.k.p.i.AbstractProblemLoader Replaying proof CC[CC::calcCoinIndex([I,[I)].JML normal_behavior operation contract.0 
915978     DEBUG Test worker     d.u.i.k.p.i.IntermediateProofReplayer Proof replay took 1.6ns 
945511     INFO  Test worker     d.u.i.k.p.i.AbstractProblemLoader Loading environment from src\test\resources\testcase\proofStarter\CC\project.key 
945511     DEBUG Test worker     d.u.i.k.p.i.AbstractProblemLoader Environment load took 198.9ns 
945526     INFO  Test worker     d.u.i.k.p.i.AbstractProblemLoader Creating init config 
948794     DEBUG Test worker     d.u.i.k.p.i.AbstractProblemLoader Init config took 3.28s 
948919     INFO  Test worker     d.u.i.k.p.i.AbstractProblemLoader Replaying proof CC[CC::calcCoinIndex([I,[I)].JML normal_behavior operation contract.0 
948919     DEBUG Test worker     d.u.i.k.p.i.IntermediateProofReplayer Proof replay took 2.3ns 
]]></system-out>
  <system-err><![CDATA[]]></system-err>
</testsuite>
