<?xml version="1.0" encoding="UTF-8"?>
<testsuite name="de.uka.ilkd.key.proof.TestOneStepSimplifier" tests="1" skipped="0" failures="0" errors="0" timestamp="2023-05-21T21:59:20" hostname="fv-az192-933" time="4.278">
  <properties/>
  <testcase name="loadWithRestriction()" classname="de.uka.ilkd.key.proof.TestOneStepSimplifier" time="4.278"/>
  <system-out><![CDATA[474255     INFO  Test worker     d.u.i.k.p.i.AbstractProblemLoader Loading environment from src\test\resources\testcase\ossRestriction.proof 
474255     DEBUG Test worker     d.u.i.k.p.i.AbstractProblemLoader Environment load took 125.1ns 
474255     INFO  Test worker     d.u.i.k.p.i.AbstractProblemLoader Creating init config 
474396     DEBUG Test worker     d.u.i.k.j.TypeConverter   No LDT found for Meta 
474396     DEBUG Test worker     d.u.i.k.j.TypeConverter   No LDT found for Meta 
474396     DEBUG Test worker     d.u.i.k.j.TypeConverter   No LDT found for Meta 
474396     DEBUG Test worker     d.u.i.k.j.TypeConverter   No LDT found for Meta 
475068     DEBUG Test worker     d.u.i.k.j.TypeConverter   No LDT found for JavaBigintExpression 
478511     DEBUG Test worker     d.u.i.k.p.i.AbstractProblemLoader Init config took 4.24s 
478531     INFO  Test worker     d.u.i.k.p.i.AbstractProblemLoader Replaying proof ossRestriction.proof 
478531     DEBUG Test worker     d.u.i.k.p.i.IntermediateProofReplayer Proof replay took 1.04ms 
]]></system-out>
  <system-err><![CDATA[]]></system-err>
</testsuite>
