<?xml version="1.0" encoding="UTF-8"?>
<testsuite name="de.uka.ilkd.key.taclettranslation.TestTacletTranslator" tests="5" skipped="0" failures="0" errors="0" timestamp="2023-05-21T22:06:23" hostname="fv-az192-933" time="0.023">
  <properties/>
  <testcase name="testPropositional1()" classname="de.uka.ilkd.key.taclettranslation.TestTacletTranslator" time="0.011"/>
  <testcase name="testPropositional2()" classname="de.uka.ilkd.key.taclettranslation.TestTacletTranslator" time="0.003"/>
  <testcase name="testNegativePolarity()" classname="de.uka.ilkd.key.taclettranslation.TestTacletTranslator" time="0.003"/>
  <testcase name="testNoPolarity()" classname="de.uka.ilkd.key.taclettranslation.TestTacletTranslator" time="0.002"/>
  <testcase name="testPositivePolarity()" classname="de.uka.ilkd.key.taclettranslation.TestTacletTranslator" time="0.002"/>
  <system-out><![CDATA[897128     INFO  Test worker     d.u.i.k.n.KeyIO           Parsing took 0 ms 
897128     DEBUG Test worker     d.u.i.k.n.KeyIO           Load declarations of de.uka.ilkd.key.nparser.KeyAst$File:  <unknown>:1#1 
897128     INFO  Test worker     d.u.i.k.n.KeyIO           MODE: declarations took 0 ms 
897128     DEBUG Test worker     d.u.i.k.n.KeyIO           MODE: 2nd degree decls took 0 
897128     DEBUG Test worker     d.u.i.k.n.KeyIO           MODE: taclets took 0ms 
897143     INFO  Test worker     d.u.i.k.n.KeyIO           Parsing took 0 ms 
897143     DEBUG Test worker     d.u.i.k.n.KeyIO           Load declarations of de.uka.ilkd.key.nparser.KeyAst$File:  <unknown>:1#1 
897143     INFO  Test worker     d.u.i.k.n.KeyIO           MODE: declarations took 0 ms 
897143     DEBUG Test worker     d.u.i.k.n.KeyIO           MODE: 2nd degree decls took 0 
897143     DEBUG Test worker     d.u.i.k.n.KeyIO           MODE: taclets took 0ms 
897143     INFO  Test worker     d.u.i.k.n.KeyIO           Parsing took 0 ms 
897143     DEBUG Test worker     d.u.i.k.n.KeyIO           Load declarations of de.uka.ilkd.key.nparser.KeyAst$File:  <unknown>:1#1 
897143     INFO  Test worker     d.u.i.k.n.KeyIO           MODE: declarations took 0 ms 
897143     DEBUG Test worker     d.u.i.k.n.KeyIO           MODE: 2nd degree decls took 0 
897143     DEBUG Test worker     d.u.i.k.n.KeyIO           MODE: taclets took 0ms 
897143     INFO  Test worker     d.u.i.k.n.KeyIO           Parsing took 0 ms 
897143     DEBUG Test worker     d.u.i.k.n.KeyIO           Load declarations of de.uka.ilkd.key.nparser.KeyAst$File:  <unknown>:1#1 
897143     INFO  Test worker     d.u.i.k.n.KeyIO           MODE: declarations took 0 ms 
897143     DEBUG Test worker     d.u.i.k.n.KeyIO           MODE: 2nd degree decls took 0 
897143     DEBUG Test worker     d.u.i.k.n.KeyIO           MODE: taclets took 0ms 
897159     INFO  Test worker     d.u.i.k.n.KeyIO           Parsing took 0 ms 
897159     DEBUG Test worker     d.u.i.k.n.KeyIO           Load declarations of de.uka.ilkd.key.nparser.KeyAst$File:  <unknown>:1#1 
897159     INFO  Test worker     d.u.i.k.n.KeyIO           MODE: declarations took 0 ms 
897159     DEBUG Test worker     d.u.i.k.n.KeyIO           MODE: 2nd degree decls took 0 
897159     DEBUG Test worker     d.u.i.k.n.KeyIO           MODE: taclets took 0ms 
]]></system-out>
  <system-err><![CDATA[]]></system-err>
</testsuite>
