<?xml version="1.0" encoding="UTF-8"?>
<testsuite name="de.uka.ilkd.key.parser.TestDeclParser" tests="14" skipped="2" failures="0" errors="0" timestamp="2023-05-21T21:55:22" hostname="fv-az192-933" time="12.53">
  <properties/>
  <testcase name="testGenericSortDecl1()" classname="de.uka.ilkd.key.parser.TestDeclParser" time="1.144"/>
  <testcase name="testGenericSortDecl2()" classname="de.uka.ilkd.key.parser.TestDeclParser" time="1.041"/>
  <testcase name="testGenericSortDecl3()" classname="de.uka.ilkd.key.parser.TestDeclParser" time="1.06"/>
  <testcase name="testGenericSortDecl4()" classname="de.uka.ilkd.key.parser.TestDeclParser" time="0.977"/>
  <testcase name="testGenericSortDecl5()" classname="de.uka.ilkd.key.parser.TestDeclParser" time="0.0">
    <skipped/>
  </testcase>
  <testcase name="testGenericSortDecl6()" classname="de.uka.ilkd.key.parser.TestDeclParser" time="1.057"/>
  <testcase name="testSortDecl()" classname="de.uka.ilkd.key.parser.TestDeclParser" time="1.065"/>
  <testcase name="testProxySortDecl()" classname="de.uka.ilkd.key.parser.TestDeclParser" time="0.971"/>
  <testcase name="testArrayDecl()" classname="de.uka.ilkd.key.parser.TestDeclParser" time="1.058"/>
  <testcase name="testAmbiguousDecls()" classname="de.uka.ilkd.key.parser.TestDeclParser" time="0.0">
    <skipped/>
  </testcase>
  <testcase name="testHeurDecl()" classname="de.uka.ilkd.key.parser.TestDeclParser" time="1.052"/>
  <testcase name="testFunctionDecl()" classname="de.uka.ilkd.key.parser.TestDeclParser" time="0.996"/>
  <testcase name="testPredicateDecl()" classname="de.uka.ilkd.key.parser.TestDeclParser" time="1.059"/>
  <testcase name="testSVDecl()" classname="de.uka.ilkd.key.parser.TestDeclParser" time="1.048"/>
  <system-out><![CDATA[237813     INFO  Test worker     d.u.i.k.n.KeyIO           Parsing took 0 ms 
237813     DEBUG Test worker     d.u.i.k.n.KeyIO           Load declarations of de.uka.ilkd.key.nparser.KeyAst$File:  <unknown>:1#1 
237813     INFO  Test worker     d.u.i.k.n.KeyIO           MODE: declarations took 0 ms 
237813     DEBUG Test worker     d.u.i.k.n.KeyIO           MODE: 2nd degree decls took 0 
237813     DEBUG Test worker     d.u.i.k.n.KeyIO           MODE: taclets took 0ms 
238860     INFO  Test worker     d.u.i.k.n.KeyIO           Parsing took 0 ms 
238860     DEBUG Test worker     d.u.i.k.n.KeyIO           Load declarations of de.uka.ilkd.key.nparser.KeyAst$File:  <unknown>:1#1 
238860     INFO  Test worker     d.u.i.k.n.KeyIO           MODE: declarations took 0 ms 
238860     DEBUG Test worker     d.u.i.k.n.KeyIO           MODE: 2nd degree decls took 0 
238860     DEBUG Test worker     d.u.i.k.n.KeyIO           MODE: taclets took 0ms 
239922     INFO  Test worker     d.u.i.k.n.KeyIO           Parsing took 0 ms 
239922     DEBUG Test worker     d.u.i.k.n.KeyIO           Load declarations of de.uka.ilkd.key.nparser.KeyAst$File:  <unknown>:1#1 
239922     INFO  Test worker     d.u.i.k.n.KeyIO           MODE: declarations took 0 ms 
239922     DEBUG Test worker     d.u.i.k.n.KeyIO           MODE: 2nd degree decls took 0 
239922     DEBUG Test worker     d.u.i.k.n.KeyIO           MODE: taclets took 0ms 
240892     INFO  Test worker     d.u.i.k.n.KeyIO           Parsing took 0 ms 
240892     DEBUG Test worker     d.u.i.k.n.KeyIO           Load declarations of de.uka.ilkd.key.nparser.KeyAst$File:  <unknown>:1#1 
240892     INFO  Test worker     d.u.i.k.n.KeyIO           MODE: declarations took 0 ms 
240892     DEBUG Test worker     d.u.i.k.n.KeyIO           MODE: 2nd degree decls took 0 
240892     DEBUG Test worker     d.u.i.k.n.KeyIO           MODE: taclets took 0ms 
241955     INFO  Test worker     d.u.i.k.n.KeyIO           Parsing took 0 ms 
241955     DEBUG Test worker     d.u.i.k.n.KeyIO           Load declarations of de.uka.ilkd.key.nparser.KeyAst$File:  <unknown>:1#1 
241955     INFO  Test worker     d.u.i.k.n.KeyIO           MODE: declarations took 0 ms 
241955     DEBUG Test worker     d.u.i.k.n.KeyIO           MODE: 2nd degree decls took 0 
241955     DEBUG Test worker     d.u.i.k.n.KeyIO           MODE: taclets took 0ms 
243031     INFO  Test worker     d.u.i.k.n.KeyIO           Parsing took 0 ms 
243031     DEBUG Test worker     d.u.i.k.n.KeyIO           Load declarations of de.uka.ilkd.key.nparser.KeyAst$File:  <unknown>:1#1 
243031     INFO  Test worker     d.u.i.k.n.KeyIO           MODE: declarations took 0 ms 
243031     DEBUG Test worker     d.u.i.k.n.KeyIO           MODE: 2nd degree decls took 0 
243031     DEBUG Test worker     d.u.i.k.n.KeyIO           MODE: taclets took 0ms 
244001     INFO  Test worker     d.u.i.k.n.KeyIO           Parsing took 0 ms 
244001     DEBUG Test worker     d.u.i.k.n.KeyIO           Load declarations of de.uka.ilkd.key.nparser.KeyAst$File:  <unknown>:1#1 
244001     INFO  Test worker     d.u.i.k.n.KeyIO           MODE: declarations took 0 ms 
244001     DEBUG Test worker     d.u.i.k.n.KeyIO           MODE: 2nd degree decls took 0 
244001     DEBUG Test worker     d.u.i.k.n.KeyIO           MODE: taclets took 0ms 
245049     INFO  Test worker     d.u.i.k.n.KeyIO           Parsing took 0 ms 
245049     DEBUG Test worker     d.u.i.k.n.KeyIO           Load declarations of de.uka.ilkd.key.nparser.KeyAst$File:  <unknown>:1#1 
245049     INFO  Test worker     d.u.i.k.n.KeyIO           MODE: declarations took 0 ms 
245049     DEBUG Test worker     d.u.i.k.n.KeyIO           MODE: 2nd degree decls took 0 
245049     DEBUG Test worker     d.u.i.k.n.KeyIO           MODE: taclets took 0ms 
246110     INFO  Test worker     d.u.i.k.n.KeyIO           Parsing took 0 ms 
246110     DEBUG Test worker     d.u.i.k.n.KeyIO           Load declarations of de.uka.ilkd.key.nparser.KeyAst$File:  <unknown>:1#1 
246110     INFO  Test worker     d.u.i.k.n.KeyIO           MODE: declarations took 0 ms 
246110     DEBUG Test worker     d.u.i.k.n.KeyIO           MODE: 2nd degree decls took 0 
246110     DEBUG Test worker     d.u.i.k.n.KeyIO           MODE: taclets took 0ms 
247106     INFO  Test worker     d.u.i.k.n.KeyIO           Parsing took 0 ms 
247106     DEBUG Test worker     d.u.i.k.n.KeyIO           Load declarations of de.uka.ilkd.key.nparser.KeyAst$File:  <unknown>:1#1 
247106     INFO  Test worker     d.u.i.k.n.KeyIO           MODE: declarations took 0 ms 
247106     DEBUG Test worker     d.u.i.k.n.KeyIO           MODE: 2nd degree decls took 0 
247106     DEBUG Test worker     d.u.i.k.n.KeyIO           MODE: taclets took 0ms 
248156     INFO  Test worker     d.u.i.k.n.KeyIO           Parsing took 0 ms 
248156     DEBUG Test worker     d.u.i.k.n.KeyIO           Load declarations of de.uka.ilkd.key.nparser.KeyAst$File:  <unknown>:1#1 
248156     INFO  Test worker     d.u.i.k.n.KeyIO           MODE: declarations took 0 ms 
248156     DEBUG Test worker     d.u.i.k.n.KeyIO           MODE: 2nd degree decls took 0 
248156     DEBUG Test worker     d.u.i.k.n.KeyIO           MODE: taclets took 0ms 
249205     INFO  Test worker     d.u.i.k.n.KeyIO           Parsing took 0 ms 
249205     DEBUG Test worker     d.u.i.k.n.KeyIO           Load declarations of de.uka.ilkd.key.nparser.KeyAst$File:  <unknown>:1#1 
249205     INFO  Test worker     d.u.i.k.n.KeyIO           MODE: declarations took 0 ms 
249205     DEBUG Test worker     d.u.i.k.n.KeyIO           MODE: 2nd degree decls took 0 
249205     DEBUG Test worker     d.u.i.k.n.KeyIO           MODE: taclets took 0ms 
]]></system-out>
  <system-err><![CDATA[]]></system-err>
</testsuite>
