<?xml version="1.0" encoding="UTF-8"?>
<testsuite name="de.uka.ilkd.key.logic.TestClashFreeSubst" tests="14" skipped="2" failures="0" errors="0" timestamp="2023-02-06T11:04:57" hostname="fv-az575-296" time="53.522">
  <properties/>
  <testcase name="testMultiShareBound()" classname="de.uka.ilkd.key.logic.TestClashFreeSubst" time="1.021"/>
  <testcase name="testClash()" classname="de.uka.ilkd.key.logic.TestClashFreeSubst" time="0.951"/>
  <testcase name="testShare()" classname="de.uka.ilkd.key.logic.TestClashFreeSubst" time="1.015"/>
  <testcase name="testSubst()" classname="de.uka.ilkd.key.logic.TestClashFreeSubst" time="0.986"/>
  <testcase name="testWary0()" classname="de.uka.ilkd.key.logic.TestClashFreeSubst" time="0.955"/>
  <testcase name="testWary1()" classname="de.uka.ilkd.key.logic.TestClashFreeSubst" time="1.037"/>
  <testcase name="testWary2()" classname="de.uka.ilkd.key.logic.TestClashFreeSubst" time="0.977"/>
  <testcase name="testClashInSubstTerm()" classname="de.uka.ilkd.key.logic.TestClashFreeSubst" time="1.006"/>
  <testcase name="testShareWary()" classname="de.uka.ilkd.key.logic.TestClashFreeSubst" time="0.959"/>
  <testcase name="testMultiSubst()" classname="de.uka.ilkd.key.logic.TestClashFreeSubst" time="0.975"/>
  <testcase name="xtestMultiClash()" classname="de.uka.ilkd.key.logic.TestClashFreeSubst" time="0.0">
    <skipped/>
  </testcase>
  <testcase name="testSubstInSubstTerm()" classname="de.uka.ilkd.key.logic.TestClashFreeSubst" time="1.051"/>
  <testcase name="testSubstWary()" classname="de.uka.ilkd.key.logic.TestClashFreeSubst" time="0.994"/>
  <testcase name="xtestMultiClash1()" classname="de.uka.ilkd.key.logic.TestClashFreeSubst" time="0.0">
    <skipped/>
  </testcase>
  <system-out><![CDATA[]]></system-out>
  <system-err><![CDATA[]]></system-err>
</testsuite>
