<?xml version="1.0" encoding="UTF-8"?>
<testsuite name="de.uka.ilkd.key.proof.runallproofs.RunAllProofsFunctional" tests="34" skipped="0" failures="0" errors="0" timestamp="2023-05-27T16:40:20" hostname="fv-az400-830" time="5319.598">
  <properties/>
  <testcase name="newBook" classname="de.uka.ilkd.key.proof.runallproofs.RunAllProofsFunctional" time="61.914"/>
  <testcase name="oldBook" classname="de.uka.ilkd.key.proof.runallproofs.RunAllProofsFunctional" time="17.236"/>
  <testcase name="comprehensions" classname="de.uka.ilkd.key.proof.runallproofs.RunAllProofsFunctional" time="68.728"/>
  <testcase name="performance" classname="de.uka.ilkd.key.proof.runallproofs.RunAllProofsFunctional" time="226.187"/>
  <testcase name="performancePOConstruction" classname="de.uka.ilkd.key.proof.runallproofs.RunAllProofsFunctional" time="76.142"/>
  <testcase name="applicationRestrictions" classname="de.uka.ilkd.key.proof.runallproofs.RunAllProofsFunctional" time="49.878"/>
  <testcase name="blockContracts" classname="de.uka.ilkd.key.proof.runallproofs.RunAllProofsFunctional" time="136.59"/>
  <testcase name="jmlAsserts" classname="de.uka.ilkd.key.proof.runallproofs.RunAllProofsFunctional" time="89.844"/>
  <testcase name="javaCard" classname="de.uka.ilkd.key.proof.runallproofs.RunAllProofsFunctional" time="133.994"/>
  <testcase name="list" classname="de.uka.ilkd.key.proof.runallproofs.RunAllProofsFunctional" time="268.858"/>
  <testcase name="list_ghost" classname="de.uka.ilkd.key.proof.runallproofs.RunAllProofsFunctional" time="66.534"/>
  <testcase name="list_recursive" classname="de.uka.ilkd.key.proof.runallproofs.RunAllProofsFunctional" time="23.22"/>
  <testcase name="list_seq" classname="de.uka.ilkd.key.proof.runallproofs.RunAllProofsFunctional" time="177.595"/>
  <testcase name="observer" classname="de.uka.ilkd.key.proof.runallproofs.RunAllProofsFunctional" time="98.027"/>
  <testcase name="removeDups" classname="de.uka.ilkd.key.proof.runallproofs.RunAllProofsFunctional" time="142.895"/>
  <testcase name="quicksort" classname="de.uka.ilkd.key.proof.runallproofs.RunAllProofsFunctional" time="106.132"/>
  <testcase name="simpleTests" classname="de.uka.ilkd.key.proof.runallproofs.RunAllProofsFunctional" time="157.943"/>
  <testcase name="SmansEtAl" classname="de.uka.ilkd.key.proof.runallproofs.RunAllProofsFunctional" time="199.366"/>
  <testcase name="VACID0" classname="de.uka.ilkd.key.proof.runallproofs.RunAllProofsFunctional" time="79.536"/>
  <testcase name="VSTTE10" classname="de.uka.ilkd.key.proof.runallproofs.RunAllProofsFunctional" time="185.727"/>
  <testcase name="WeideEtAl" classname="de.uka.ilkd.key.proof.runallproofs.RunAllProofsFunctional" time="28.655"/>
  <testcase name="arithmetic" classname="de.uka.ilkd.key.proof.runallproofs.RunAllProofsFunctional" time="475.176"/>
  <testcase name="arrays" classname="de.uka.ilkd.key.proof.runallproofs.RunAllProofsFunctional" time="55.446"/>
  <testcase name="javadl" classname="de.uka.ilkd.key.proof.runallproofs.RunAllProofsFunctional" time="630.079"/>
  <testcase name="FOL" classname="de.uka.ilkd.key.proof.runallproofs.RunAllProofsFunctional" time="281.444"/>
  <testcase name="strings" classname="de.uka.ilkd.key.proof.runallproofs.RunAllProofsFunctional" time="155.58"/>
  <testcase name="simple_info_flow" classname="de.uka.ilkd.key.proof.runallproofs.RunAllProofsFunctional" time="13.421"/>
  <testcase name="modelMethods" classname="de.uka.ilkd.key.proof.runallproofs.RunAllProofsFunctional" time="173.5"/>
  <testcase name="permissionHeap" classname="de.uka.ilkd.key.proof.runallproofs.RunAllProofsFunctional" time="834.019"/>
  <testcase name="completionScopes" classname="de.uka.ilkd.key.proof.runallproofs.RunAllProofsFunctional" time="48.639"/>
  <testcase name="reload_examples" classname="de.uka.ilkd.key.proof.runallproofs.RunAllProofsFunctional" time="44.931"/>
  <testcase name="proofLoadRepair" classname="de.uka.ilkd.key.proof.runallproofs.RunAllProofsFunctional" time="19.104"/>
  <testcase name="switch" classname="de.uka.ilkd.key.proof.runallproofs.RunAllProofsFunctional" time="62.141"/>
  <testcase name="redux" classname="de.uka.ilkd.key.proof.runallproofs.RunAllProofsFunctional" time="131.1"/>
  <system-out><![CDATA[208        INFO  Test worker     d.u.i.k.p.r.RunAllProofsTestUnit Running test newBook 
365        INFO  Timeout watchdog d.u.i.k.p.r.p.ForkedTestFileRunner Timeout watcher launched (2000 secs.) 
385        WARN  main            d.u.i.k.s.ProofSettings   No proof-settings could be loaded, using defaults java.io.FileNotFoundException: /home/runner/.key/proof-settings.props (No such file or directory)
	at java.base/java.io.FileInputStream.open0(Native Method)

430        INFO  main            d.u.i.k.p.r.p.TestFile    Now processing file /home/runner/work/key/key/key.core/../key.ui/examples/newBook/09.list_modelfield/ArrayList.add.key 
584        INFO  main            d.u.i.k.p.i.AbstractProblemLoader Loading environment from /home/runner/work/key/key/key.core/../key.ui/examples/newBook/09.list_modelfield/ArrayList.add.key 
603        DEBUG main            d.u.i.k.p.i.AbstractProblemLoader Environment load took 2.05ms 
693        WARN  main            d.u.i.k.n.ParsingFacade   /home/runner/work/key/key/key.core/../key.ui/examples/newBook/09.list_modelfield/ArrayList.add.key took 12 ms to parse. 
693        WARN  main            d.u.i.k.n.ParsingFacade   Parsing time 12 ms. 
817        INFO  main            d.u.i.k.p.i.AbstractProblemLoader Creating init config 
827        WARN  main            d.u.i.k.n.ParsingFacade   file:/home/runner/work/key/key/key.core/build/resources/main/de/uka/ilkd/key/proof/rules/standardRules.key took 6 ms to parse. 
828        WARN  main            d.u.i.k.n.ParsingFacade   Parsing time 18 ms. 
840        WARN  main            d.u.i.k.n.ParsingFacade   file:/home/runner/work/key/key/key.core/build/resources/main/de/uka/ilkd/key/proof/rules/ldt.key took 1 ms to parse. 
841        WARN  main            d.u.i.k.n.ParsingFacade   Parsing time 19 ms. 
846        WARN  main            d.u.i.k.n.ParsingFacade   file:/home/runner/work/key/key/key.core/build/resources/main/de/uka/ilkd/key/proof/rules/boolean.key took 2 ms to parse. 
847        WARN  main            d.u.i.k.n.ParsingFacade   Parsing time 21 ms. 
862        WARN  main            d.u.i.k.n.ParsingFacade   file:/home/runner/work/key/key/key.core/build/resources/main/de/uka/ilkd/key/proof/rules/ruleSetsDeclarations.key took 7 ms to parse. 
862        WARN  main            d.u.i.k.n.ParsingFacade   Parsing time 28 ms. 
884        WARN  main            d.u.i.k.n.ParsingFacade   file:/home/runner/work/key/key/key.core/build/resources/main/de/uka/ilkd/key/proof/rules/integerHeader.key took 4 ms to parse. 
884        WARN  main            d.u.i.k.n.ParsingFacade   Parsing time 32 ms. 
886        WARN  main            d.u.i.k.n.ParsingFacade   file:/home/runner/work/key/key/key.core/build/resources/main/de/uka/ilkd/key/proof/rules/floatHeader.key took 1 ms to parse. 
888        WARN  main            d.u.i.k.n.ParsingFacade   Parsing time 33 ms. 
890        WARN  main            d.u.i.k.n.ParsingFacade   file:/home/runner/work/key/key/key.core/build/resources/main/de/uka/ilkd/key/proof/rules/heap.key took 1 ms to parse. 
891        WARN  main            d.u.i.k.n.ParsingFacade   Parsing time 34 ms. 
895        WARN  main            d.u.i.k.n.ParsingFacade   file:/home/runner/work/key/key/key.core/build/resources/main/de/uka/ilkd/key/proof/rules/locSets.key took 0 ms to parse. 
896        WARN  main            d.u.i.k.n.ParsingFacade   Parsing time 34 ms. 
897        WARN  main            d.u.i.k.n.ParsingFacade   file:/home/runner/work/key/key/key.core/build/resources/main/de/uka/ilkd/key/proof/rules/permission.key took 0 ms to parse. 
898        WARN  main            d.u.i.k.n.ParsingFacade   Parsing time 34 ms. 
899        WARN  main            d.u.i.k.n.ParsingFacade   file:/home/runner/work/key/key/key.core/build/resources/main/de/uka/ilkd/key/proof/rules/reach.key took 1 ms to parse. 
900        WARN  main            d.u.i.k.n.ParsingFacade   Parsing time 35 ms. 
901        WARN  main            d.u.i.k.n.ParsingFacade   file:/home/runner/work/key/key/key.core/build/resources/main/de/uka/ilkd/key/proof/rules/seq.key took 1 ms to parse. 
901        WARN  main            d.u.i.k.n.ParsingFacade   Parsing time 36 ms. 
926        WARN  main            d.u.i.k.n.ParsingFacade   file:/home/runner/work/key/key/key.core/build/resources/main/de/uka/ilkd/key/proof/rules/map.key took 24 ms to parse. 
930        WARN  main            d.u.i.k.n.ParsingFacade   Parsing time 60 ms. 
932        WARN  main            d.u.i.k.n.ParsingFacade   file:/home/runner/work/key/key/key.core/build/resources/main/de/uka/ilkd/key/proof/rules/freeADT.key took 0 ms to parse. 
933        WARN  main            d.u.i.k.n.ParsingFacade   Parsing time 60 ms. 
937        WARN  main            d.u.i.k.n.ParsingFacade   file:/home/runner/work/key/key/key.core/build/resources/main/de/uka/ilkd/key/proof/rules/wellfound.key took 0 ms to parse. 
937        WARN  main            d.u.i.k.n.ParsingFacade   Parsing time 60 ms. 
938        WARN  main            d.u.i.k.n.ParsingFacade   file:/home/runner/work/key/key/key.core/build/resources/main/de/uka/ilkd/key/proof/rules/charListHeader.key took 0 ms to parse. 
938        WARN  main            d.u.i.k.n.ParsingFacade   Parsing time 60 ms. 
1105       WARN  main            d.u.i.k.n.ParsingFacade   file:/home/runner/work/key/key/key.core/build/resources/main/de/uka/ilkd/key/proof/rules/propRule.key took 10 ms to parse. 
1105       WARN  main            d.u.i.k.n.ParsingFacade   Parsing time 70 ms. 
1140       WARN  main            d.u.i.k.n.ParsingFacade   file:/home/runner/work/key/key/key.core/build/resources/main/de/uka/ilkd/key/proof/rules/firstOrderRules.key took 3 ms to parse. 
1140       WARN  main            d.u.i.k.n.ParsingFacade   Parsing time 73 ms. 
1174       WARN  main            d.u.i.k.n.ParsingFacade   file:/home/runner/work/key/key/key.core/build/resources/main/de/uka/ilkd/key/proof/rules/ifThenElseRules.key took 9 ms to parse. 
1174       WARN  main            d.u.i.k.n.ParsingFacade   Parsing time 82 ms. 
1229       WARN  main            d.u.i.k.n.ParsingFacade   file:/home/runner/work/key/key/key.core/build/resources/main/de/uka/ilkd/key/proof/rules/formulaNormalisationRules.key took 24 ms to parse. 
1229       WARN  main            d.u.i.k.n.ParsingFacade   Parsing time 106 ms. 
1305       WARN  main            d.u.i.k.n.ParsingFacade   file:/home/runner/work/key/key/key.core/build/resources/main/de/uka/ilkd/key/proof/rules/updateRules.key took 12 ms to parse. 
1305       WARN  main            d.u.i.k.n.ParsingFacade   Parsing time 118 ms. 
1326       WARN  main            d.u.i.k.n.ParsingFacade   file:/home/runner/work/key/key/key.core/build/resources/main/de/uka/ilkd/key/proof/rules/integerRulesCommon.key took 5 ms to parse. 
1326       WARN  main            d.u.i.k.n.ParsingFacade   Parsing time 123 ms. 
1435       WARN  main            d.u.i.k.n.ParsingFacade   file:/home/runner/work/key/key/key.core/build/resources/main/de/uka/ilkd/key/proof/rules/intRules.key took 2 ms to parse. 
1435       WARN  main            d.u.i.k.n.ParsingFacade   Parsing time 125 ms. 
1446       WARN  main            d.u.i.k.n.ParsingFacade   file:/home/runner/work/key/key/key.core/build/resources/main/de/uka/ilkd/key/proof/rules/intRulesUncheckedSemantics.key took 2 ms to parse. 
1446       WARN  main            d.u.i.k.n.ParsingFacade   Parsing time 127 ms. 
1452       WARN  main            d.u.i.k.n.ParsingFacade   file:/home/runner/work/key/key/key.core/build/resources/main/de/uka/ilkd/key/proof/rules/intRulesCheckedSemantics.key took 1 ms to parse. 
1452       WARN  main            d.u.i.k.n.ParsingFacade   Parsing time 128 ms. 
1459       WARN  main            d.u.i.k.n.ParsingFacade   file:/home/runner/work/key/key/key.core/build/resources/main/de/uka/ilkd/key/proof/rules/intRulesJavaSemantics.key took 3 ms to parse. 
1459       WARN  main            d.u.i.k.n.ParsingFacade   Parsing time 131 ms. 
1498       WARN  main            d.u.i.k.n.ParsingFacade   file:/home/runner/work/key/key/key.core/build/resources/main/de/uka/ilkd/key/proof/rules/integerSimplificationRules.key took 31 ms to parse. 
1498       WARN  main            d.u.i.k.n.ParsingFacade   Parsing time 162 ms. 
1544       DEBUG main            d.u.i.k.j.TypeConverter   No LDT found for Meta 
1544       DEBUG main            d.u.i.k.j.TypeConverter   No LDT found for Meta 
1545       DEBUG main            d.u.i.k.j.TypeConverter   No LDT found for Meta 
1545       DEBUG main            d.u.i.k.j.TypeConverter   No LDT found for Meta 
1580       WARN  main            d.u.i.k.n.ParsingFacade   file:/home/runner/work/key/key/key.core/build/resources/main/de/uka/ilkd/key/proof/rules/intDiv.key took 7 ms to parse. 
1580       WARN  main            d.u.i.k.n.ParsingFacade   Parsing time 169 ms. 
1646       WARN  main            d.u.i.k.n.ParsingFacade   file:/home/runner/work/key/key/key.core/build/resources/main/de/uka/ilkd/key/proof/rules/bsum.key took 38 ms to parse. 
1646       WARN  main            d.u.i.k.n.ParsingFacade   Parsing time 207 ms. 
1691       WARN  main            d.u.i.k.n.ParsingFacade   file:/home/runner/work/key/key/key.core/build/resources/main/de/uka/ilkd/key/proof/rules/bprod.key took 6 ms to parse. 
1691       WARN  main            d.u.i.k.n.ParsingFacade   Parsing time 213 ms. 
1702       WARN  main            d.u.i.k.n.ParsingFacade   file:/home/runner/work/key/key/key.core/build/resources/main/de/uka/ilkd/key/proof/rules/binaryAxioms.key took 0 ms to parse. 
1702       WARN  main            d.u.i.k.n.ParsingFacade   Parsing time 213 ms. 
1707       WARN  main            d.u.i.k.n.ParsingFacade   file:/home/runner/work/key/key/key.core/build/resources/main/de/uka/ilkd/key/proof/rules/binaryLemmas.key took 1 ms to parse. 
1707       WARN  main            d.u.i.k.n.ParsingFacade   Parsing time 214 ms. 
1717       WARN  main            d.u.i.k.n.ParsingFacade   file:/home/runner/work/key/key/key.core/build/resources/main/de/uka/ilkd/key/proof/rules/intPow.key took 3 ms to parse. 
1717       WARN  main            d.u.i.k.n.ParsingFacade   Parsing time 217 ms. 
1729       WARN  main            d.u.i.k.n.ParsingFacade   file:/home/runner/work/key/key/key.core/build/resources/main/de/uka/ilkd/key/proof/rules/floatRulesCommon.key took 4 ms to parse. 
1729       WARN  main            d.u.i.k.n.ParsingFacade   Parsing time 221 ms. 
1739       WARN  main            d.u.i.k.n.ParsingFacade   file:/home/runner/work/key/key/key.core/build/resources/main/de/uka/ilkd/key/proof/rules/floatRules.key took 1 ms to parse. 
1739       WARN  main            d.u.i.k.n.ParsingFacade   Parsing time 222 ms. 
1741       WARN  main            d.u.i.k.n.ParsingFacade   file:/home/runner/work/key/key/key.core/build/resources/main/de/uka/ilkd/key/proof/rules/floatRulesVerifyNormal.key took 2 ms to parse. 
1741       WARN  main            d.u.i.k.n.ParsingFacade   Parsing time 224 ms. 
1746       WARN  main            d.u.i.k.n.ParsingFacade   file:/home/runner/work/key/key/key.core/build/resources/main/de/uka/ilkd/key/proof/rules/floatRulesAssumeStrictfp.key took 5 ms to parse. 
1747       WARN  main            d.u.i.k.n.ParsingFacade   Parsing time 229 ms. 
1776       WARN  main            d.u.i.k.n.ParsingFacade   file:/home/runner/work/key/key/key.core/build/resources/main/de/uka/ilkd/key/proof/rules/genericRules.key took 5 ms to parse. 
1776       WARN  main            d.u.i.k.n.ParsingFacade   Parsing time 234 ms. 
1795       WARN  main            d.u.i.k.n.ParsingFacade   file:/home/runner/work/key/key/key.core/build/resources/main/de/uka/ilkd/key/proof/rules/booleanRules.key took 7 ms to parse. 
1796       WARN  main            d.u.i.k.n.ParsingFacade   Parsing time 241 ms. 
1800       WARN  main            d.u.i.k.n.ParsingFacade   file:/home/runner/work/key/key/key.core/build/resources/main/de/uka/ilkd/key/proof/rules/epsilon.key took 1 ms to parse. 
1804       WARN  main            d.u.i.k.n.ParsingFacade   Parsing time 242 ms. 
1855       WARN  main            d.u.i.k.n.ParsingFacade   file:/home/runner/work/key/key/key.core/build/resources/main/de/uka/ilkd/key/proof/rules/locSetsRules.key took 48 ms to parse. 
1855       WARN  main            d.u.i.k.n.ParsingFacade   Parsing time 290 ms. 
1892       WARN  main            d.u.i.k.n.ParsingFacade   file:/home/runner/work/key/key/key.core/build/resources/main/de/uka/ilkd/key/proof/rules/heapRules.key took 10 ms to parse. 
1893       WARN  main            d.u.i.k.n.ParsingFacade   Parsing time 300 ms. 
1921       WARN  main            d.u.i.k.n.ParsingFacade   file:/home/runner/work/key/key/key.core/build/resources/main/de/uka/ilkd/key/proof/rules/permissionRules.key took 4 ms to parse. 
1921       WARN  main            d.u.i.k.n.ParsingFacade   Parsing time 304 ms. 
1933       WARN  main            d.u.i.k.n.ParsingFacade   file:/home/runner/work/key/key/key.core/build/resources/main/de/uka/ilkd/key/proof/rules/reachRules.key took 4 ms to parse. 
1933       WARN  main            d.u.i.k.n.ParsingFacade   Parsing time 308 ms. 
1945       WARN  main            d.u.i.k.n.ParsingFacade   file:/home/runner/work/key/key/key.core/build/resources/main/de/uka/ilkd/key/proof/rules/seqCoreRules.key took 1 ms to parse. 
1945       WARN  main            d.u.i.k.n.ParsingFacade   Parsing time 309 ms. 
1953       WARN  main            d.u.i.k.n.ParsingFacade   file:/home/runner/work/key/key/key.core/build/resources/main/de/uka/ilkd/key/proof/rules/seqRules.key took 6 ms to parse. 
1954       WARN  main            d.u.i.k.n.ParsingFacade   Parsing time 315 ms. 
2008       WARN  main            d.u.i.k.n.ParsingFacade   file:/home/runner/work/key/key/key.core/build/resources/main/de/uka/ilkd/key/proof/rules/seqPerm.key took 4 ms to parse. 
2009       WARN  main            d.u.i.k.n.ParsingFacade   Parsing time 319 ms. 
2023       WARN  main            d.u.i.k.n.ParsingFacade   file:/home/runner/work/key/key/key.core/build/resources/main/de/uka/ilkd/key/proof/rules/seqPerm2.key took 1 ms to parse. 
2023       WARN  main            d.u.i.k.n.ParsingFacade   Parsing time 320 ms. 
2084       WARN  main            d.u.i.k.n.ParsingFacade   file:/home/runner/work/key/key/key.core/build/resources/main/de/uka/ilkd/key/proof/rules/javaRules.key took 56 ms to parse. 
2085       WARN  main            d.u.i.k.n.ParsingFacade   Parsing time 376 ms. 
2094       WARN  main            d.u.i.k.n.ParsingFacade   file:/home/runner/work/key/key/key.core/build/resources/main/de/uka/ilkd/key/proof/rules/assertions.key took 1 ms to parse. 
2094       WARN  main            d.u.i.k.n.ParsingFacade   Parsing time 377 ms. 
2608       WARN  main            d.u.i.k.n.ParsingFacade   file:/home/runner/work/key/key/key.core/build/resources/main/de/uka/ilkd/key/proof/rules/loopRules.key took 3 ms to parse. 
2608       WARN  main            d.u.i.k.n.ParsingFacade   Parsing time 380 ms. 
2617       WARN  main            d.u.i.k.n.ParsingFacade   file:/home/runner/work/key/key/key.core/build/resources/main/de/uka/ilkd/key/proof/rules/activeUse.key took 2 ms to parse. 
2617       WARN  main            d.u.i.k.n.ParsingFacade   Parsing time 382 ms. 
2669       WARN  main            d.u.i.k.n.ParsingFacade   file:/home/runner/work/key/key/key.core/build/resources/main/de/uka/ilkd/key/proof/rules/instanceAllocation.key took 6 ms to parse. 
2669       WARN  main            d.u.i.k.n.ParsingFacade   Parsing time 388 ms. 
2682       WARN  main            d.u.i.k.n.ParsingFacade   file:/home/runner/work/key/key/key.core/build/resources/main/de/uka/ilkd/key/proof/rules/java5.key took 0 ms to parse. 
2682       WARN  main            d.u.i.k.n.ParsingFacade   Parsing time 388 ms. 
2689       WARN  main            d.u.i.k.n.ParsingFacade   file:/home/runner/work/key/key/key.core/build/resources/main/de/uka/ilkd/key/proof/rules/integerAssignment2UpdateRules.key took 3 ms to parse. 
2689       WARN  main            d.u.i.k.n.ParsingFacade   Parsing time 391 ms. 
2734       WARN  main            d.u.i.k.n.ParsingFacade   file:/home/runner/work/key/key/key.core/build/resources/main/de/uka/ilkd/key/proof/rules/floatAssignment2UpdateRules.key took 9 ms to parse. 
2735       WARN  main            d.u.i.k.n.ParsingFacade   Parsing time 400 ms. 
2761       WARN  main            d.u.i.k.n.ParsingFacade   file:/home/runner/work/key/key/key.core/build/resources/main/de/uka/ilkd/key/proof/rules/bigint.key took 3 ms to parse. 
2761       WARN  main            d.u.i.k.n.ParsingFacade   Parsing time 403 ms. 
2770       DEBUG main            d.u.i.k.j.TypeConverter   No LDT found for JavaBigintExpression 
2774       WARN  main            d.u.i.k.n.ParsingFacade   file:/home/runner/work/key/key/key.core/build/resources/main/de/uka/ilkd/key/proof/rules/adtProgramDecompositionRules.key took 2 ms to parse. 
2774       WARN  main            d.u.i.k.n.ParsingFacade   Parsing time 405 ms. 
2789       WARN  main            d.u.i.k.n.ParsingFacade   file:/home/runner/work/key/key/key.core/build/resources/main/de/uka/ilkd/key/proof/rules/precRules.key took 1 ms to parse. 
2791       WARN  main            d.u.i.k.n.ParsingFacade   Parsing time 406 ms. 
2798       WARN  main            d.u.i.k.n.ParsingFacade   file:/home/runner/work/key/key/key.core/build/resources/main/de/uka/ilkd/key/proof/rules/charListRules.key took 5 ms to parse. 
2798       WARN  main            d.u.i.k.n.ParsingFacade   Parsing time 411 ms. 
2806       WARN  main            d.u.i.k.n.ParsingFacade   file:/home/runner/work/key/key/key.core/build/resources/main/de/uka/ilkd/key/proof/rules/regExTheory.key took 0 ms to parse. 
2807       WARN  main            d.u.i.k.n.ParsingFacade   Parsing time 411 ms. 
2808       WARN  main            d.u.i.k.n.ParsingFacade   file:/home/runner/work/key/key/key.core/build/resources/main/de/uka/ilkd/key/proof/rules/regExHeader.key took 0 ms to parse. 
2808       WARN  main            d.u.i.k.n.ParsingFacade   Parsing time 411 ms. 
2809       WARN  main            d.u.i.k.n.ParsingFacade   file:/home/runner/work/key/key/key.core/build/resources/main/de/uka/ilkd/key/proof/rules/regExAxioms.key took 0 ms to parse. 
2810       WARN  main            d.u.i.k.n.ParsingFacade   Parsing time 411 ms. 
2813       WARN  main            d.u.i.k.n.ParsingFacade   file:/home/runner/work/key/key/key.core/build/resources/main/de/uka/ilkd/key/proof/rules/regExLemmaProven.key took 1 ms to parse. 
2813       WARN  main            d.u.i.k.n.ParsingFacade   Parsing time 412 ms. 
2819       WARN  main            d.u.i.k.n.ParsingFacade   file:/home/runner/work/key/key/key.core/build/resources/main/de/uka/ilkd/key/proof/rules/seqEq.key took 2 ms to parse. 
2820       WARN  main            d.u.i.k.n.ParsingFacade   Parsing time 414 ms. 
2826       WARN  main            d.u.i.k.n.ParsingFacade   file:/home/runner/work/key/key/key.core/build/resources/main/de/uka/ilkd/key/proof/rules/infFlow.key took 1 ms to parse. 
2826       WARN  main            d.u.i.k.n.ParsingFacade   Parsing time 415 ms. 
2831       WARN  main            d.u.i.k.n.ParsingFacade   file:/home/runner/work/key/key/key.core/build/resources/main/de/uka/ilkd/key/proof/rules/mapSize.key took 1 ms to parse. 
2832       WARN  main            d.u.i.k.n.ParsingFacade   Parsing time 416 ms. 
2856       WARN  main            d.u.i.k.n.ParsingFacade   file:/home/runner/work/key/key/key.core/build/resources/main/de/uka/ilkd/key/proof/rules/wd.key took 0 ms to parse. 
2856       WARN  main            d.u.i.k.n.ParsingFacade   Parsing time 416 ms. 
2857       WARN  main            d.u.i.k.n.ParsingFacade   file:/home/runner/work/key/key/key.core/build/resources/main/de/uka/ilkd/key/proof/rules/wdHeader.key took 0 ms to parse. 
2857       WARN  main            d.u.i.k.n.ParsingFacade   Parsing time 416 ms. 
2858       WARN  main            d.u.i.k.n.ParsingFacade   file:/home/runner/work/key/key/key.core/build/resources/main/de/uka/ilkd/key/proof/rules/wdGeneralRules.key took 0 ms to parse. 
2858       WARN  main            d.u.i.k.n.ParsingFacade   Parsing time 416 ms. 
2869       WARN  main            d.u.i.k.n.ParsingFacade   file:/home/runner/work/key/key/key.core/build/resources/main/de/uka/ilkd/key/proof/rules/wdNumericalRules.key took 4 ms to parse. 
2870       WARN  main            d.u.i.k.n.ParsingFacade   Parsing time 420 ms. 
2887       WARN  main            d.u.i.k.n.ParsingFacade   file:/home/runner/work/key/key/key.core/build/resources/main/de/uka/ilkd/key/proof/rules/wdLocSetRules.key took 1 ms to parse. 
2887       WARN  main            d.u.i.k.n.ParsingFacade   Parsing time 421 ms. 
2891       WARN  main            d.u.i.k.n.ParsingFacade   file:/home/runner/work/key/key/key.core/build/resources/main/de/uka/ilkd/key/proof/rules/wdHeapRules.key took 1 ms to parse. 
2891       WARN  main            d.u.i.k.n.ParsingFacade   Parsing time 422 ms. 
2895       WARN  main            d.u.i.k.n.ParsingFacade   file:/home/runner/work/key/key/key.core/build/resources/main/de/uka/ilkd/key/proof/rules/wdReachRules.key took 0 ms to parse. 
2895       WARN  main            d.u.i.k.n.ParsingFacade   Parsing time 422 ms. 
2897       WARN  main            d.u.i.k.n.ParsingFacade   file:/home/runner/work/key/key/key.core/build/resources/main/de/uka/ilkd/key/proof/rules/wdSeqRules.key took 1 ms to parse. 
2897       WARN  main            d.u.i.k.n.ParsingFacade   Parsing time 423 ms. 
2900       WARN  main            d.u.i.k.n.ParsingFacade   file:/home/runner/work/key/key/key.core/build/resources/main/de/uka/ilkd/key/proof/rules/wdStringRules.key took 1 ms to parse. 
2900       WARN  main            d.u.i.k.n.ParsingFacade   Parsing time 424 ms. 
2902       WARN  main            d.u.i.k.n.ParsingFacade   file:/home/runner/work/key/key/key.core/build/resources/main/de/uka/ilkd/key/proof/rules/wdRegExRules.key took 0 ms to parse. 
2902       WARN  main            d.u.i.k.n.ParsingFacade   Parsing time 424 ms. 
2907       WARN  main            d.u.i.k.n.ParsingFacade   file:/home/runner/work/key/key/key.core/build/resources/main/de/uka/ilkd/key/proof/rules/wdFormulaRules.key took 3 ms to parse. 
2907       WARN  main            d.u.i.k.n.ParsingFacade   Parsing time 427 ms. 
2916       WARN  main            d.u.i.k.n.ParsingFacade   file:/home/runner/work/key/key/key.core/build/resources/main/de/uka/ilkd/key/proof/rules/loopInvariantRules.key took 0 ms to parse. 
2916       WARN  main            d.u.i.k.n.ParsingFacade   Parsing time 427 ms. 
2918       WARN  main            d.u.i.k.n.ParsingFacade   file:/home/runner/work/key/key/key.core/build/resources/main/de/uka/ilkd/key/proof/rules/forLoopRules.key took 0 ms to parse. 
2918       WARN  main            d.u.i.k.n.ParsingFacade   Parsing time 427 ms. 
2925       WARN  main            d.u.i.k.n.ParsingFacade   file:/home/runner/work/key/key/key.core/build/resources/main/de/uka/ilkd/key/proof/rules/execRules.key took 4 ms to parse. 
2925       WARN  main            d.u.i.k.n.ParsingFacade   Parsing time 431 ms. 
3000       WARN  main            d.u.i.k.n.ParsingFacade   file:/home/runner/work/key/key/key.core/build/resources/main/de/uka/ilkd/key/proof/rules/loopScopeRules.key took 3 ms to parse. 
3000       WARN  main            d.u.i.k.n.ParsingFacade   Parsing time 434 ms. 
6287       WARN  main            d.u.i.k.n.ParsingFacade   file:/home/runner/work/key/key/key.core/build/resources/main/de/uka/ilkd/key/java/JavaRedux/java/lang/String.key took 5 ms to parse. 
6287       WARN  main            d.u.i.k.n.ParsingFacade   Parsing time 439 ms. 
8554       DEBUG main            d.u.i.k.p.i.AbstractProblemLoader Init config took 7.74s 
8728       INFO  main            d.u.i.k.p.i.AbstractProblemLoader Replaying proof ArrayList[List::add(int)].JML normal_behavior operation contract.0 
8761       DEBUG main            d.u.i.k.p.i.IntermediateProofReplayer Proof replay took 28.6ns 
8763       WARN  main            d.u.i.k.n.ParsingFacade   /home/runner/work/key/key/key.core/../key.ui/examples/newBook/09.list_modelfield/ArrayList.add.key took 0 ms to parse. 
8763       WARN  main            d.u.i.k.n.ParsingFacade   Parsing time 439 ms. 
26381      INFO  main            d.u.i.k.p.r.p.TestFile    ... finished proof: closed. 
26602      INFO  main            d.u.i.k.p.i.AbstractProblemLoader Loading environment from /home/runner/work/key/key/key.core/../key.ui/examples/newBook/09.list_modelfield/ArrayList.add.key.proof 
26603      DEBUG main            d.u.i.k.p.i.AbstractProblemLoader Environment load took 609.21ns 
26607      WARN  main            d.u.i.k.n.ParsingFacade   /home/runner/work/key/key/key.core/../key.ui/examples/newBook/09.list_modelfield/ArrayList.add.key.proof took 1 ms to parse. 
26607      WARN  main            d.u.i.k.n.ParsingFacade   Parsing time 440 ms. 
26608      INFO  main            d.u.i.k.p.i.AbstractProblemLoader Creating init config 
27659      WARN  main            d.u.i.k.n.ParsingFacade   file:/home/runner/work/key/key/key.core/build/resources/main/de/uka/ilkd/key/java/JavaRedux/java/lang/String.key took 2 ms to parse. 
27659      WARN  main            d.u.i.k.n.ParsingFacade   Parsing time 442 ms. 
29485      DEBUG main            d.u.i.k.p.i.AbstractProblemLoader Init config took 2.88s 
29544      INFO  main            d.u.i.k.p.i.AbstractProblemLoader Replaying proof ArrayList[List::add(int)].JML normal_behavior operation contract.0 
30957      DEBUG main            d.u.i.k.p.i.IntermediateProofReplayer Proof replay took 1.35s 
30960      WARN  main            d.u.i.k.n.ParsingFacade   /home/runner/work/key/key/key.core/../key.ui/examples/newBook/09.list_modelfield/ArrayList.add.key.proof took 0 ms to parse. 
30960      WARN  main            d.u.i.k.n.ParsingFacade   Parsing time 442 ms. 
30969      DEBUG main            d.u.i.k.p.r.p.TestFile    ... success: reloaded. 
30972      INFO  main            d.u.i.k.p.r.p.TestFile    Now processing file /home/runner/work/key/key/key.core/../key.ui/examples/newBook/09.list_modelfield/ArrayList.remFirst.key 
30973      INFO  main            d.u.i.k.p.i.AbstractProblemLoader Loading environment from /home/runner/work/key/key/key.core/../key.ui/examples/newBook/09.list_modelfield/ArrayList.remFirst.key 
30973      DEBUG main            d.u.i.k.p.i.AbstractProblemLoader Environment load took 370.41ns 
30974      WARN  main            d.u.i.k.n.ParsingFacade   /home/runner/work/key/key/key.core/../key.ui/examples/newBook/09.list_modelfield/ArrayList.remFirst.key took 0 ms to parse. 
30974      WARN  main            d.u.i.k.n.ParsingFacade   Parsing time 442 ms. 
30978      INFO  main            d.u.i.k.p.i.AbstractProblemLoader Creating init config 
32099      WARN  main            d.u.i.k.n.ParsingFacade   file:/home/runner/work/key/key/key.core/build/resources/main/de/uka/ilkd/key/java/JavaRedux/java/lang/String.key took 2 ms to parse. 
32099      WARN  main            d.u.i.k.n.ParsingFacade   Parsing time 444 ms. 
34022      DEBUG main            d.u.i.k.p.i.AbstractProblemLoader Init config took 3.04s 
34085      INFO  main            d.u.i.k.p.i.AbstractProblemLoader Replaying proof ArrayList[List::remFirst()].JML normal_behavior operation contract.0 
34087      DEBUG main            d.u.i.k.p.i.IntermediateProofReplayer Proof replay took 5.1ns 
34089      WARN  main            d.u.i.k.n.ParsingFacade   /home/runner/work/key/key/key.core/../key.ui/examples/newBook/09.list_modelfield/ArrayList.remFirst.key took 0 ms to parse. 
34089      WARN  main            d.u.i.k.n.ParsingFacade   Parsing time 444 ms. 
38542      INFO  main            d.u.i.k.p.r.p.TestFile    ... finished proof: closed. 
38727      INFO  main            d.u.i.k.p.i.AbstractProblemLoader Loading environment from /home/runner/work/key/key/key.core/../key.ui/examples/newBook/09.list_modelfield/ArrayList.remFirst.key.proof 
38727      DEBUG main            d.u.i.k.p.i.AbstractProblemLoader Environment load took 753.41ns 
38729      WARN  main            d.u.i.k.n.ParsingFacade   /home/runner/work/key/key/key.core/../key.ui/examples/newBook/09.list_modelfield/ArrayList.remFirst.key.proof took 0 ms to parse. 
38729      WARN  main            d.u.i.k.n.ParsingFacade   Parsing time 444 ms. 
38730      INFO  main            d.u.i.k.p.i.AbstractProblemLoader Creating init config 
39648      WARN  main            d.u.i.k.n.ParsingFacade   file:/home/runner/work/key/key/key.core/build/resources/main/de/uka/ilkd/key/java/JavaRedux/java/lang/String.key took 1 ms to parse. 
39649      WARN  main            d.u.i.k.n.ParsingFacade   Parsing time 445 ms. 
41453      DEBUG main            d.u.i.k.p.i.AbstractProblemLoader Init config took 2.72s 
41512      INFO  main            d.u.i.k.p.i.AbstractProblemLoader Replaying proof ArrayList[List::remFirst()].JML normal_behavior operation contract.0 
42124      DEBUG main            d.u.i.k.p.i.IntermediateProofReplayer Proof replay took 593.67ms 
42126      WARN  main            d.u.i.k.n.ParsingFacade   /home/runner/work/key/key/key.core/../key.ui/examples/newBook/09.list_modelfield/ArrayList.remFirst.key.proof took 0 ms to parse. 
42126      WARN  main            d.u.i.k.n.ParsingFacade   Parsing time 445 ms. 
42127      DEBUG main            d.u.i.k.p.r.p.TestFile    ... success: reloaded. 
42128      INFO  main            d.u.i.k.p.r.p.TestFile    Now processing file /home/runner/work/key/key/key.core/../key.ui/examples/newBook/09.list_modelfield/ArrayList.empty.key 
42129      INFO  main            d.u.i.k.p.i.AbstractProblemLoader Loading environment from /home/runner/work/key/key/key.core/../key.ui/examples/newBook/09.list_modelfield/ArrayList.empty.key 
42130      DEBUG main            d.u.i.k.p.i.AbstractProblemLoader Environment load took 525.21ns 
42130      WARN  main            d.u.i.k.n.ParsingFacade   /home/runner/work/key/key/key.core/../key.ui/examples/newBook/09.list_modelfield/ArrayList.empty.key took 0 ms to parse. 
42130      WARN  main            d.u.i.k.n.ParsingFacade   Parsing time 445 ms. 
42132      INFO  main            d.u.i.k.p.i.AbstractProblemLoader Creating init config 
43088      WARN  main            d.u.i.k.n.ParsingFacade   file:/home/runner/work/key/key/key.core/build/resources/main/de/uka/ilkd/key/java/JavaRedux/java/lang/String.key took 1 ms to parse. 
43088      WARN  main            d.u.i.k.n.ParsingFacade   Parsing time 446 ms. 
44891      DEBUG main            d.u.i.k.p.i.AbstractProblemLoader Init config took 2.76s 
44937      INFO  main            d.u.i.k.p.i.AbstractProblemLoader Replaying proof ArrayList[List::empty()].JML normal_behavior operation contract.0 
44938      DEBUG main            d.u.i.k.p.i.IntermediateProofReplayer Proof replay took 5.3ns 
44939      WARN  main            d.u.i.k.n.ParsingFacade   /home/runner/work/key/key/key.core/../key.ui/examples/newBook/09.list_modelfield/ArrayList.empty.key took 0 ms to parse. 
44939      WARN  main            d.u.i.k.n.ParsingFacade   Parsing time 446 ms. 
45945      INFO  main            d.u.i.k.p.r.p.TestFile    ... finished proof: closed. 
46092      INFO  main            d.u.i.k.p.i.AbstractProblemLoader Loading environment from /home/runner/work/key/key/key.core/../key.ui/examples/newBook/09.list_modelfield/ArrayList.empty.key.proof 
46093      DEBUG main            d.u.i.k.p.i.AbstractProblemLoader Environment load took 721.81ns 
46094      WARN  main            d.u.i.k.n.ParsingFacade   /home/runner/work/key/key/key.core/../key.ui/examples/newBook/09.list_modelfield/ArrayList.empty.key.proof took 0 ms to parse. 
46095      WARN  main            d.u.i.k.n.ParsingFacade   Parsing time 446 ms. 
46096      INFO  main            d.u.i.k.p.i.AbstractProblemLoader Creating init config 
47016      WARN  main            d.u.i.k.n.ParsingFacade   file:/home/runner/work/key/key/key.core/build/resources/main/de/uka/ilkd/key/java/JavaRedux/java/lang/String.key took 1 ms to parse. 
47017      WARN  main            d.u.i.k.n.ParsingFacade   Parsing time 447 ms. 
48750      DEBUG main            d.u.i.k.p.i.AbstractProblemLoader Init config took 2.65s 
48794      INFO  main            d.u.i.k.p.i.AbstractProblemLoader Replaying proof ArrayList[List::empty()].JML normal_behavior operation contract.0 
48923      DEBUG main            d.u.i.k.p.i.IntermediateProofReplayer Proof replay took 123.2ms 
48924      WARN  main            d.u.i.k.n.ParsingFacade   /home/runner/work/key/key/key.core/../key.ui/examples/newBook/09.list_modelfield/ArrayList.empty.key.proof took 0 ms to parse. 
48924      WARN  main            d.u.i.k.n.ParsingFacade   Parsing time 447 ms. 
48924      DEBUG main            d.u.i.k.p.r.p.TestFile    ... success: reloaded. 
48925      INFO  main            d.u.i.k.p.r.p.TestFile    Now processing file /home/runner/work/key/key/key.core/../key.ui/examples/newBook/09.list_modelfield/ArrayList.size.key 
48925      INFO  main            d.u.i.k.p.i.AbstractProblemLoader Loading environment from /home/runner/work/key/key/key.core/../key.ui/examples/newBook/09.list_modelfield/ArrayList.size.key 
48925      DEBUG main            d.u.i.k.p.i.AbstractProblemLoader Environment load took 56.1ns 
48926      WARN  main            d.u.i.k.n.ParsingFacade   /home/runner/work/key/key/key.core/../key.ui/examples/newBook/09.list_modelfield/ArrayList.size.key took 0 ms to parse. 
48926      WARN  main            d.u.i.k.n.ParsingFacade   Parsing time 447 ms. 
48926      INFO  main            d.u.i.k.p.i.AbstractProblemLoader Creating init config 
49838      WARN  main            d.u.i.k.n.ParsingFacade   file:/home/runner/work/key/key/key.core/build/resources/main/de/uka/ilkd/key/java/JavaRedux/java/lang/String.key took 2 ms to parse. 
49838      WARN  main            d.u.i.k.n.ParsingFacade   Parsing time 449 ms. 
51603      DEBUG main            d.u.i.k.p.i.AbstractProblemLoader Init config took 2.68s 
51655      INFO  main            d.u.i.k.p.i.AbstractProblemLoader Replaying proof ArrayList[List::size()].JML normal_behavior operation contract.0 
51656      DEBUG main            d.u.i.k.p.i.IntermediateProofReplayer Proof replay took 5.1ns 
51657      WARN  main            d.u.i.k.n.ParsingFacade   /home/runner/work/key/key/key.core/../key.ui/examples/newBook/09.list_modelfield/ArrayList.size.key took 0 ms to parse. 
51657      WARN  main            d.u.i.k.n.ParsingFacade   Parsing time 449 ms. 
52061      INFO  main            d.u.i.k.p.r.p.TestFile    ... finished proof: closed. 
52231      INFO  main            d.u.i.k.p.i.AbstractProblemLoader Loading environment from /home/runner/work/key/key/key.core/../key.ui/examples/newBook/09.list_modelfield/ArrayList.size.key.proof 
52233      DEBUG main            d.u.i.k.p.i.AbstractProblemLoader Environment load took 1.76ms 
52233      WARN  main            d.u.i.k.n.ParsingFacade   /home/runner/work/key/key/key.core/../key.ui/examples/newBook/09.list_modelfield/ArrayList.size.key.proof took 0 ms to parse. 
52233      WARN  main            d.u.i.k.n.ParsingFacade   Parsing time 449 ms. 
52234      INFO  main            d.u.i.k.p.i.AbstractProblemLoader Creating init config 
53152      WARN  main            d.u.i.k.n.ParsingFacade   file:/home/runner/work/key/key/key.core/build/resources/main/de/uka/ilkd/key/java/JavaRedux/java/lang/String.key took 1 ms to parse. 
53152      WARN  main            d.u.i.k.n.ParsingFacade   Parsing time 450 ms. 
54875      DEBUG main            d.u.i.k.p.i.AbstractProblemLoader Init config took 2.64s 
54920      INFO  main            d.u.i.k.p.i.AbstractProblemLoader Replaying proof ArrayList[List::size()].JML normal_behavior operation contract.0 
54998      DEBUG main            d.u.i.k.p.i.IntermediateProofReplayer Proof replay took 72.89ms 
54999      WARN  main            d.u.i.k.n.ParsingFacade   /home/runner/work/key/key/key.core/../key.ui/examples/newBook/09.list_modelfield/ArrayList.size.key.proof took 0 ms to parse. 
54999      WARN  main            d.u.i.k.n.ParsingFacade   Parsing time 450 ms. 
54999      DEBUG main            d.u.i.k.p.r.p.TestFile    ... success: reloaded. 
55001      INFO  main            d.u.i.k.p.r.p.TestFile    Now processing file /home/runner/work/key/key/key.core/../key.ui/examples/newBook/09.list_modelfield/ArrayList.get.key 
55001      INFO  main            d.u.i.k.p.i.AbstractProblemLoader Loading environment from /home/runner/work/key/key/key.core/../key.ui/examples/newBook/09.list_modelfield/ArrayList.get.key 
55001      DEBUG main            d.u.i.k.p.i.AbstractProblemLoader Environment load took 80ns 
55001      WARN  main            d.u.i.k.n.ParsingFacade   /home/runner/work/key/key/key.core/../key.ui/examples/newBook/09.list_modelfield/ArrayList.get.key took 0 ms to parse. 
55001      WARN  main            d.u.i.k.n.ParsingFacade   Parsing time 450 ms. 
55002      INFO  main            d.u.i.k.p.i.AbstractProblemLoader Creating init config 
55899      WARN  main            d.u.i.k.n.ParsingFacade   file:/home/runner/work/key/key/key.core/build/resources/main/de/uka/ilkd/key/java/JavaRedux/java/lang/String.key took 1 ms to parse. 
55900      WARN  main            d.u.i.k.n.ParsingFacade   Parsing time 451 ms. 
57676      DEBUG main            d.u.i.k.p.i.AbstractProblemLoader Init config took 2.67s 
57719      INFO  main            d.u.i.k.p.i.AbstractProblemLoader Replaying proof ArrayList[List::get(int)].JML normal_behavior operation contract.0 
57720      DEBUG main            d.u.i.k.p.i.IntermediateProofReplayer Proof replay took 5.2ns 
57720      WARN  main            d.u.i.k.n.ParsingFacade   /home/runner/work/key/key/key.core/../key.ui/examples/newBook/09.list_modelfield/ArrayList.get.key took 0 ms to parse. 
57720      WARN  main            d.u.i.k.n.ParsingFacade   Parsing time 451 ms. 
58738      INFO  main            d.u.i.k.p.r.p.TestFile    ... finished proof: closed. 
58902      INFO  main            d.u.i.k.p.i.AbstractProblemLoader Loading environment from /home/runner/work/key/key/key.core/../key.ui/examples/newBook/09.list_modelfield/ArrayList.get.key.proof 
58903      DEBUG main            d.u.i.k.p.i.AbstractProblemLoader Environment load took 682.61ns 
58905      WARN  main            d.u.i.k.n.ParsingFacade   /home/runner/work/key/key/key.core/../key.ui/examples/newBook/09.list_modelfield/ArrayList.get.key.proof took 0 ms to parse. 
58909      WARN  main            d.u.i.k.n.ParsingFacade   Parsing time 451 ms. 
58910      INFO  main            d.u.i.k.p.i.AbstractProblemLoader Creating init config 
59770      WARN  main            d.u.i.k.n.ParsingFacade   file:/home/runner/work/key/key/key.core/build/resources/main/de/uka/ilkd/key/java/JavaRedux/java/lang/String.key took 1 ms to parse. 
59770      WARN  main            d.u.i.k.n.ParsingFacade   Parsing time 452 ms. 
61538      DEBUG main            d.u.i.k.p.i.AbstractProblemLoader Init config took 2.63s 
61580      INFO  main            d.u.i.k.p.i.AbstractProblemLoader Replaying proof ArrayList[List::get(int)].JML normal_behavior operation contract.0 
61685      DEBUG main            d.u.i.k.p.i.IntermediateProofReplayer Proof replay took 99.87ms 
61686      WARN  main            d.u.i.k.n.ParsingFacade   /home/runner/work/key/key/key.core/../key.ui/examples/newBook/09.list_modelfield/ArrayList.get.key.proof took 0 ms to parse. 
61686      WARN  main            d.u.i.k.n.ParsingFacade   Parsing time 452 ms. 
61686      DEBUG main            d.u.i.k.p.r.p.TestFile    ... success: reloaded. 
62111      INFO  Test worker     d.u.i.k.p.r.RunAllProofsTestUnit Returning from test newBook 
62119      INFO  Test worker     d.u.i.k.p.r.RunAllProofsTestUnit Running test oldBook 
306        INFO  Timeout watchdog d.u.i.k.p.r.p.ForkedTestFileRunner Timeout watcher launched (2000 secs.) 
317        WARN  main            d.u.i.k.s.ProofSettings   The settings in /home/runner/.key/proof-settings.props are *not* read. 
351        INFO  main            d.u.i.k.p.r.p.TestFile    Now processing file /home/runner/work/key/key/key.core/../key.ui/examples/standard_key/BookExamples/02FirstOrderLogic/Ex2.58.key 
458        INFO  main            d.u.i.k.p.i.AbstractProblemLoader Loading environment from /home/runner/work/key/key/key.core/../key.ui/examples/standard_key/BookExamples/02FirstOrderLogic/Ex2.58.key 
475        DEBUG main            d.u.i.k.p.i.AbstractProblemLoader Environment load took 2.32ms 
574        WARN  main            d.u.i.k.n.ParsingFacade   /home/runner/work/key/key/key.core/../key.ui/examples/standard_key/BookExamples/02FirstOrderLogic/Ex2.58.key took 25 ms to parse. 
575        WARN  main            d.u.i.k.n.ParsingFacade   Parsing time 25 ms. 
702        INFO  main            d.u.i.k.p.i.AbstractProblemLoader Creating init config 
713        WARN  main            d.u.i.k.n.ParsingFacade   file:/home/runner/work/key/key/key.core/build/resources/main/de/uka/ilkd/key/proof/rules/standardRules.key took 6 ms to parse. 
714        WARN  main            d.u.i.k.n.ParsingFacade   Parsing time 31 ms. 
726        WARN  main            d.u.i.k.n.ParsingFacade   file:/home/runner/work/key/key/key.core/build/resources/main/de/uka/ilkd/key/proof/rules/ldt.key took 1 ms to parse. 
727        WARN  main            d.u.i.k.n.ParsingFacade   Parsing time 32 ms. 
730        WARN  main            d.u.i.k.n.ParsingFacade   file:/home/runner/work/key/key/key.core/build/resources/main/de/uka/ilkd/key/proof/rules/boolean.key took 0 ms to parse. 
731        WARN  main            d.u.i.k.n.ParsingFacade   Parsing time 32 ms. 
750        WARN  main            d.u.i.k.n.ParsingFacade   file:/home/runner/work/key/key/key.core/build/resources/main/de/uka/ilkd/key/proof/rules/ruleSetsDeclarations.key took 11 ms to parse. 
750        WARN  main            d.u.i.k.n.ParsingFacade   Parsing time 43 ms. 
771        WARN  main            d.u.i.k.n.ParsingFacade   file:/home/runner/work/key/key/key.core/build/resources/main/de/uka/ilkd/key/proof/rules/integerHeader.key took 4 ms to parse. 
772        WARN  main            d.u.i.k.n.ParsingFacade   Parsing time 47 ms. 
774        WARN  main            d.u.i.k.n.ParsingFacade   file:/home/runner/work/key/key/key.core/build/resources/main/de/uka/ilkd/key/proof/rules/floatHeader.key took 1 ms to parse. 
774        WARN  main            d.u.i.k.n.ParsingFacade   Parsing time 48 ms. 
777        WARN  main            d.u.i.k.n.ParsingFacade   file:/home/runner/work/key/key/key.core/build/resources/main/de/uka/ilkd/key/proof/rules/heap.key took 1 ms to parse. 
779        WARN  main            d.u.i.k.n.ParsingFacade   Parsing time 49 ms. 
783        WARN  main            d.u.i.k.n.ParsingFacade   file:/home/runner/work/key/key/key.core/build/resources/main/de/uka/ilkd/key/proof/rules/locSets.key took 0 ms to parse. 
797        WARN  main            d.u.i.k.n.ParsingFacade   Parsing time 49 ms. 
798        WARN  main            d.u.i.k.n.ParsingFacade   file:/home/runner/work/key/key/key.core/build/resources/main/de/uka/ilkd/key/proof/rules/permission.key took 0 ms to parse. 
798        WARN  main            d.u.i.k.n.ParsingFacade   Parsing time 49 ms. 
799        WARN  main            d.u.i.k.n.ParsingFacade   file:/home/runner/work/key/key/key.core/build/resources/main/de/uka/ilkd/key/proof/rules/reach.key took 0 ms to parse. 
800        WARN  main            d.u.i.k.n.ParsingFacade   Parsing time 49 ms. 
801        WARN  main            d.u.i.k.n.ParsingFacade   file:/home/runner/work/key/key/key.core/build/resources/main/de/uka/ilkd/key/proof/rules/seq.key took 1 ms to parse. 
801        WARN  main            d.u.i.k.n.ParsingFacade   Parsing time 50 ms. 
814        WARN  main            d.u.i.k.n.ParsingFacade   file:/home/runner/work/key/key/key.core/build/resources/main/de/uka/ilkd/key/proof/rules/map.key took 12 ms to parse. 
816        WARN  main            d.u.i.k.n.ParsingFacade   Parsing time 62 ms. 
817        WARN  main            d.u.i.k.n.ParsingFacade   file:/home/runner/work/key/key/key.core/build/resources/main/de/uka/ilkd/key/proof/rules/freeADT.key took 0 ms to parse. 
817        WARN  main            d.u.i.k.n.ParsingFacade   Parsing time 62 ms. 
818        WARN  main            d.u.i.k.n.ParsingFacade   file:/home/runner/work/key/key/key.core/build/resources/main/de/uka/ilkd/key/proof/rules/wellfound.key took 0 ms to parse. 
818        WARN  main            d.u.i.k.n.ParsingFacade   Parsing time 62 ms. 
819        WARN  main            d.u.i.k.n.ParsingFacade   file:/home/runner/work/key/key/key.core/build/resources/main/de/uka/ilkd/key/proof/rules/charListHeader.key took 0 ms to parse. 
820        WARN  main            d.u.i.k.n.ParsingFacade   Parsing time 62 ms. 
942        WARN  main            d.u.i.k.n.ParsingFacade   file:/home/runner/work/key/key/key.core/build/resources/main/de/uka/ilkd/key/proof/rules/propRule.key took 12 ms to parse. 
943        WARN  main            d.u.i.k.n.ParsingFacade   Parsing time 74 ms. 
980        WARN  main            d.u.i.k.n.ParsingFacade   file:/home/runner/work/key/key/key.core/build/resources/main/de/uka/ilkd/key/proof/rules/firstOrderRules.key took 5 ms to parse. 
981        WARN  main            d.u.i.k.n.ParsingFacade   Parsing time 79 ms. 
1000       WARN  main            d.u.i.k.n.ParsingFacade   file:/home/runner/work/key/key/key.core/build/resources/main/de/uka/ilkd/key/proof/rules/ifThenElseRules.key took 3 ms to parse. 
1008       WARN  main            d.u.i.k.n.ParsingFacade   Parsing time 82 ms. 
1042       WARN  main            d.u.i.k.n.ParsingFacade   file:/home/runner/work/key/key/key.core/build/resources/main/de/uka/ilkd/key/proof/rules/formulaNormalisationRules.key took 16 ms to parse. 
1042       WARN  main            d.u.i.k.n.ParsingFacade   Parsing time 98 ms. 
1111       WARN  main            d.u.i.k.n.ParsingFacade   file:/home/runner/work/key/key/key.core/build/resources/main/de/uka/ilkd/key/proof/rules/updateRules.key took 5 ms to parse. 
1111       WARN  main            d.u.i.k.n.ParsingFacade   Parsing time 103 ms. 
1124       WARN  main            d.u.i.k.n.ParsingFacade   file:/home/runner/work/key/key/key.core/build/resources/main/de/uka/ilkd/key/proof/rules/integerRulesCommon.key took 2 ms to parse. 
1124       WARN  main            d.u.i.k.n.ParsingFacade   Parsing time 105 ms. 
1210       WARN  main            d.u.i.k.n.ParsingFacade   file:/home/runner/work/key/key/key.core/build/resources/main/de/uka/ilkd/key/proof/rules/intRules.key took 4 ms to parse. 
1210       WARN  main            d.u.i.k.n.ParsingFacade   Parsing time 109 ms. 
1226       WARN  main            d.u.i.k.n.ParsingFacade   file:/home/runner/work/key/key/key.core/build/resources/main/de/uka/ilkd/key/proof/rules/intRulesUncheckedSemantics.key took 2 ms to parse. 
1226       WARN  main            d.u.i.k.n.ParsingFacade   Parsing time 111 ms. 
1235       WARN  main            d.u.i.k.n.ParsingFacade   file:/home/runner/work/key/key/key.core/build/resources/main/de/uka/ilkd/key/proof/rules/intRulesCheckedSemantics.key took 1 ms to parse. 
1235       WARN  main            d.u.i.k.n.ParsingFacade   Parsing time 112 ms. 
1243       WARN  main            d.u.i.k.n.ParsingFacade   file:/home/runner/work/key/key/key.core/build/resources/main/de/uka/ilkd/key/proof/rules/intRulesJavaSemantics.key took 2 ms to parse. 
1243       WARN  main            d.u.i.k.n.ParsingFacade   Parsing time 114 ms. 
1286       WARN  main            d.u.i.k.n.ParsingFacade   file:/home/runner/work/key/key/key.core/build/resources/main/de/uka/ilkd/key/proof/rules/integerSimplificationRules.key took 29 ms to parse. 
1287       WARN  main            d.u.i.k.n.ParsingFacade   Parsing time 143 ms. 
1382       DEBUG main            d.u.i.k.j.TypeConverter   No LDT found for Meta 
1382       DEBUG main            d.u.i.k.j.TypeConverter   No LDT found for Meta 
1384       DEBUG main            d.u.i.k.j.TypeConverter   No LDT found for Meta 
1384       DEBUG main            d.u.i.k.j.TypeConverter   No LDT found for Meta 
1417       WARN  main            d.u.i.k.n.ParsingFacade   file:/home/runner/work/key/key/key.core/build/resources/main/de/uka/ilkd/key/proof/rules/intDiv.key took 4 ms to parse. 
1417       WARN  main            d.u.i.k.n.ParsingFacade   Parsing time 147 ms. 
1464       WARN  main            d.u.i.k.n.ParsingFacade   file:/home/runner/work/key/key/key.core/build/resources/main/de/uka/ilkd/key/proof/rules/bsum.key took 28 ms to parse. 
1464       WARN  main            d.u.i.k.n.ParsingFacade   Parsing time 175 ms. 
1518       WARN  main            d.u.i.k.n.ParsingFacade   file:/home/runner/work/key/key/key.core/build/resources/main/de/uka/ilkd/key/proof/rules/bprod.key took 3 ms to parse. 
1518       WARN  main            d.u.i.k.n.ParsingFacade   Parsing time 178 ms. 
1540       WARN  main            d.u.i.k.n.ParsingFacade   file:/home/runner/work/key/key/key.core/build/resources/main/de/uka/ilkd/key/proof/rules/binaryAxioms.key took 1 ms to parse. 
1540       WARN  main            d.u.i.k.n.ParsingFacade   Parsing time 179 ms. 
1547       WARN  main            d.u.i.k.n.ParsingFacade   file:/home/runner/work/key/key/key.core/build/resources/main/de/uka/ilkd/key/proof/rules/binaryLemmas.key took 1 ms to parse. 
1547       WARN  main            d.u.i.k.n.ParsingFacade   Parsing time 180 ms. 
1558       WARN  main            d.u.i.k.n.ParsingFacade   file:/home/runner/work/key/key/key.core/build/resources/main/de/uka/ilkd/key/proof/rules/intPow.key took 2 ms to parse. 
1558       WARN  main            d.u.i.k.n.ParsingFacade   Parsing time 182 ms. 
1576       WARN  main            d.u.i.k.n.ParsingFacade   file:/home/runner/work/key/key/key.core/build/resources/main/de/uka/ilkd/key/proof/rules/floatRulesCommon.key took 7 ms to parse. 
1576       WARN  main            d.u.i.k.n.ParsingFacade   Parsing time 189 ms. 
1589       WARN  main            d.u.i.k.n.ParsingFacade   file:/home/runner/work/key/key/key.core/build/resources/main/de/uka/ilkd/key/proof/rules/floatRules.key took 1 ms to parse. 
1589       WARN  main            d.u.i.k.n.ParsingFacade   Parsing time 190 ms. 
1590       WARN  main            d.u.i.k.n.ParsingFacade   file:/home/runner/work/key/key/key.core/build/resources/main/de/uka/ilkd/key/proof/rules/floatRulesVerifyNormal.key took 1 ms to parse. 
1590       WARN  main            d.u.i.k.n.ParsingFacade   Parsing time 191 ms. 
1595       WARN  main            d.u.i.k.n.ParsingFacade   file:/home/runner/work/key/key/key.core/build/resources/main/de/uka/ilkd/key/proof/rules/floatRulesAssumeStrictfp.key took 5 ms to parse. 
1595       WARN  main            d.u.i.k.n.ParsingFacade   Parsing time 196 ms. 
1631       WARN  main            d.u.i.k.n.ParsingFacade   file:/home/runner/work/key/key/key.core/build/resources/main/de/uka/ilkd/key/proof/rules/genericRules.key took 2 ms to parse. 
1631       WARN  main            d.u.i.k.n.ParsingFacade   Parsing time 198 ms. 
1641       WARN  main            d.u.i.k.n.ParsingFacade   file:/home/runner/work/key/key/key.core/build/resources/main/de/uka/ilkd/key/proof/rules/booleanRules.key took 1 ms to parse. 
1641       WARN  main            d.u.i.k.n.ParsingFacade   Parsing time 199 ms. 
1643       WARN  main            d.u.i.k.n.ParsingFacade   file:/home/runner/work/key/key/key.core/build/resources/main/de/uka/ilkd/key/proof/rules/epsilon.key took 0 ms to parse. 
1643       WARN  main            d.u.i.k.n.ParsingFacade   Parsing time 199 ms. 
1654       WARN  main            d.u.i.k.n.ParsingFacade   file:/home/runner/work/key/key/key.core/build/resources/main/de/uka/ilkd/key/proof/rules/locSetsRules.key took 9 ms to parse. 
1654       WARN  main            d.u.i.k.n.ParsingFacade   Parsing time 208 ms. 
1716       WARN  main            d.u.i.k.n.ParsingFacade   file:/home/runner/work/key/key/key.core/build/resources/main/de/uka/ilkd/key/proof/rules/heapRules.key took 9 ms to parse. 
1716       WARN  main            d.u.i.k.n.ParsingFacade   Parsing time 217 ms. 
1749       WARN  main            d.u.i.k.n.ParsingFacade   file:/home/runner/work/key/key/key.core/build/resources/main/de/uka/ilkd/key/proof/rules/permissionRules.key took 2 ms to parse. 
1749       WARN  main            d.u.i.k.n.ParsingFacade   Parsing time 219 ms. 
1762       WARN  main            d.u.i.k.n.ParsingFacade   file:/home/runner/work/key/key/key.core/build/resources/main/de/uka/ilkd/key/proof/rules/reachRules.key took 3 ms to parse. 
1762       WARN  main            d.u.i.k.n.ParsingFacade   Parsing time 222 ms. 
1772       WARN  main            d.u.i.k.n.ParsingFacade   file:/home/runner/work/key/key/key.core/build/resources/main/de/uka/ilkd/key/proof/rules/seqCoreRules.key took 0 ms to parse. 
1772       WARN  main            d.u.i.k.n.ParsingFacade   Parsing time 222 ms. 
1778       WARN  main            d.u.i.k.n.ParsingFacade   file:/home/runner/work/key/key/key.core/build/resources/main/de/uka/ilkd/key/proof/rules/seqRules.key took 5 ms to parse. 
1778       WARN  main            d.u.i.k.n.ParsingFacade   Parsing time 227 ms. 
1822       WARN  main            d.u.i.k.n.ParsingFacade   file:/home/runner/work/key/key/key.core/build/resources/main/de/uka/ilkd/key/proof/rules/seqPerm.key took 4 ms to parse. 
1822       WARN  main            d.u.i.k.n.ParsingFacade   Parsing time 231 ms. 
1836       WARN  main            d.u.i.k.n.ParsingFacade   file:/home/runner/work/key/key/key.core/build/resources/main/de/uka/ilkd/key/proof/rules/seqPerm2.key took 1 ms to parse. 
1836       WARN  main            d.u.i.k.n.ParsingFacade   Parsing time 232 ms. 
1889       WARN  main            d.u.i.k.n.ParsingFacade   file:/home/runner/work/key/key/key.core/build/resources/main/de/uka/ilkd/key/proof/rules/javaRules.key took 48 ms to parse. 
1889       WARN  main            d.u.i.k.n.ParsingFacade   Parsing time 280 ms. 
1897       WARN  main            d.u.i.k.n.ParsingFacade   file:/home/runner/work/key/key/key.core/build/resources/main/de/uka/ilkd/key/proof/rules/assertions.key took 1 ms to parse. 
1897       WARN  main            d.u.i.k.n.ParsingFacade   Parsing time 281 ms. 
2379       WARN  main            d.u.i.k.n.ParsingFacade   file:/home/runner/work/key/key/key.core/build/resources/main/de/uka/ilkd/key/proof/rules/loopRules.key took 1 ms to parse. 
2379       WARN  main            d.u.i.k.n.ParsingFacade   Parsing time 282 ms. 
2386       WARN  main            d.u.i.k.n.ParsingFacade   file:/home/runner/work/key/key/key.core/build/resources/main/de/uka/ilkd/key/proof/rules/activeUse.key took 1 ms to parse. 
2386       WARN  main            d.u.i.k.n.ParsingFacade   Parsing time 283 ms. 
2418       WARN  main            d.u.i.k.n.ParsingFacade   file:/home/runner/work/key/key/key.core/build/resources/main/de/uka/ilkd/key/proof/rules/instanceAllocation.key took 4 ms to parse. 
2418       WARN  main            d.u.i.k.n.ParsingFacade   Parsing time 287 ms. 
2427       WARN  main            d.u.i.k.n.ParsingFacade   file:/home/runner/work/key/key/key.core/build/resources/main/de/uka/ilkd/key/proof/rules/java5.key took 1 ms to parse. 
2427       WARN  main            d.u.i.k.n.ParsingFacade   Parsing time 288 ms. 
2431       WARN  main            d.u.i.k.n.ParsingFacade   file:/home/runner/work/key/key/key.core/build/resources/main/de/uka/ilkd/key/proof/rules/integerAssignment2UpdateRules.key took 3 ms to parse. 
2431       WARN  main            d.u.i.k.n.ParsingFacade   Parsing time 291 ms. 
2458       WARN  main            d.u.i.k.n.ParsingFacade   file:/home/runner/work/key/key/key.core/build/resources/main/de/uka/ilkd/key/proof/rules/floatAssignment2UpdateRules.key took 4 ms to parse. 
2458       WARN  main            d.u.i.k.n.ParsingFacade   Parsing time 295 ms. 
2494       WARN  main            d.u.i.k.n.ParsingFacade   file:/home/runner/work/key/key/key.core/build/resources/main/de/uka/ilkd/key/proof/rules/bigint.key took 1 ms to parse. 
2495       WARN  main            d.u.i.k.n.ParsingFacade   Parsing time 296 ms. 
2502       DEBUG main            d.u.i.k.j.TypeConverter   No LDT found for JavaBigintExpression 
2505       WARN  main            d.u.i.k.n.ParsingFacade   file:/home/runner/work/key/key/key.core/build/resources/main/de/uka/ilkd/key/proof/rules/adtProgramDecompositionRules.key took 1 ms to parse. 
2505       WARN  main            d.u.i.k.n.ParsingFacade   Parsing time 297 ms. 
2517       WARN  main            d.u.i.k.n.ParsingFacade   file:/home/runner/work/key/key/key.core/build/resources/main/de/uka/ilkd/key/proof/rules/precRules.key took 0 ms to parse. 
2517       WARN  main            d.u.i.k.n.ParsingFacade   Parsing time 297 ms. 
2521       WARN  main            d.u.i.k.n.ParsingFacade   file:/home/runner/work/key/key/key.core/build/resources/main/de/uka/ilkd/key/proof/rules/charListRules.key took 2 ms to parse. 
2521       WARN  main            d.u.i.k.n.ParsingFacade   Parsing time 299 ms. 
2528       WARN  main            d.u.i.k.n.ParsingFacade   file:/home/runner/work/key/key/key.core/build/resources/main/de/uka/ilkd/key/proof/rules/regExTheory.key took 0 ms to parse. 
2528       WARN  main            d.u.i.k.n.ParsingFacade   Parsing time 299 ms. 
2529       WARN  main            d.u.i.k.n.ParsingFacade   file:/home/runner/work/key/key/key.core/build/resources/main/de/uka/ilkd/key/proof/rules/regExHeader.key took 0 ms to parse. 
2529       WARN  main            d.u.i.k.n.ParsingFacade   Parsing time 299 ms. 
2530       WARN  main            d.u.i.k.n.ParsingFacade   file:/home/runner/work/key/key/key.core/build/resources/main/de/uka/ilkd/key/proof/rules/regExAxioms.key took 0 ms to parse. 
2530       WARN  main            d.u.i.k.n.ParsingFacade   Parsing time 299 ms. 
2533       WARN  main            d.u.i.k.n.ParsingFacade   file:/home/runner/work/key/key/key.core/build/resources/main/de/uka/ilkd/key/proof/rules/regExLemmaProven.key took 1 ms to parse. 
2533       WARN  main            d.u.i.k.n.ParsingFacade   Parsing time 300 ms. 
2537       WARN  main            d.u.i.k.n.ParsingFacade   file:/home/runner/work/key/key/key.core/build/resources/main/de/uka/ilkd/key/proof/rules/seqEq.key took 1 ms to parse. 
2537       WARN  main            d.u.i.k.n.ParsingFacade   Parsing time 301 ms. 
2541       WARN  main            d.u.i.k.n.ParsingFacade   file:/home/runner/work/key/key/key.core/build/resources/main/de/uka/ilkd/key/proof/rules/infFlow.key took 1 ms to parse. 
2541       WARN  main            d.u.i.k.n.ParsingFacade   Parsing time 302 ms. 
2544       WARN  main            d.u.i.k.n.ParsingFacade   file:/home/runner/work/key/key/key.core/build/resources/main/de/uka/ilkd/key/proof/rules/mapSize.key took 0 ms to parse. 
2544       WARN  main            d.u.i.k.n.ParsingFacade   Parsing time 302 ms. 
2546       WARN  main            d.u.i.k.n.ParsingFacade   file:/home/runner/work/key/key/key.core/build/resources/main/de/uka/ilkd/key/proof/rules/wd.key took 0 ms to parse. 
2546       WARN  main            d.u.i.k.n.ParsingFacade   Parsing time 302 ms. 
2548       WARN  main            d.u.i.k.n.ParsingFacade   file:/home/runner/work/key/key/key.core/build/resources/main/de/uka/ilkd/key/proof/rules/wdHeader.key took 0 ms to parse. 
2548       WARN  main            d.u.i.k.n.ParsingFacade   Parsing time 302 ms. 
2549       WARN  main            d.u.i.k.n.ParsingFacade   file:/home/runner/work/key/key/key.core/build/resources/main/de/uka/ilkd/key/proof/rules/wdGeneralRules.key took 1 ms to parse. 
2549       WARN  main            d.u.i.k.n.ParsingFacade   Parsing time 303 ms. 
2559       WARN  main            d.u.i.k.n.ParsingFacade   file:/home/runner/work/key/key/key.core/build/resources/main/de/uka/ilkd/key/proof/rules/wdNumericalRules.key took 7 ms to parse. 
2559       WARN  main            d.u.i.k.n.ParsingFacade   Parsing time 310 ms. 
2575       WARN  main            d.u.i.k.n.ParsingFacade   file:/home/runner/work/key/key/key.core/build/resources/main/de/uka/ilkd/key/proof/rules/wdLocSetRules.key took 1 ms to parse. 
2575       WARN  main            d.u.i.k.n.ParsingFacade   Parsing time 311 ms. 
2580       WARN  main            d.u.i.k.n.ParsingFacade   file:/home/runner/work/key/key/key.core/build/resources/main/de/uka/ilkd/key/proof/rules/wdHeapRules.key took 1 ms to parse. 
2580       WARN  main            d.u.i.k.n.ParsingFacade   Parsing time 312 ms. 
2584       WARN  main            d.u.i.k.n.ParsingFacade   file:/home/runner/work/key/key/key.core/build/resources/main/de/uka/ilkd/key/proof/rules/wdReachRules.key took 0 ms to parse. 
2584       WARN  main            d.u.i.k.n.ParsingFacade   Parsing time 312 ms. 
2586       WARN  main            d.u.i.k.n.ParsingFacade   file:/home/runner/work/key/key/key.core/build/resources/main/de/uka/ilkd/key/proof/rules/wdSeqRules.key took 1 ms to parse. 
2586       WARN  main            d.u.i.k.n.ParsingFacade   Parsing time 313 ms. 
2588       WARN  main            d.u.i.k.n.ParsingFacade   file:/home/runner/work/key/key/key.core/build/resources/main/de/uka/ilkd/key/proof/rules/wdStringRules.key took 0 ms to parse. 
2588       WARN  main            d.u.i.k.n.ParsingFacade   Parsing time 313 ms. 
2591       WARN  main            d.u.i.k.n.ParsingFacade   file:/home/runner/work/key/key/key.core/build/resources/main/de/uka/ilkd/key/proof/rules/wdRegExRules.key took 1 ms to parse. 
2591       WARN  main            d.u.i.k.n.ParsingFacade   Parsing time 314 ms. 
2595       WARN  main            d.u.i.k.n.ParsingFacade   file:/home/runner/work/key/key/key.core/build/resources/main/de/uka/ilkd/key/proof/rules/wdFormulaRules.key took 3 ms to parse. 
2595       WARN  main            d.u.i.k.n.ParsingFacade   Parsing time 317 ms. 
2604       WARN  main            d.u.i.k.n.ParsingFacade   file:/home/runner/work/key/key/key.core/build/resources/main/de/uka/ilkd/key/proof/rules/loopInvariantRules.key took 0 ms to parse. 
2604       WARN  main            d.u.i.k.n.ParsingFacade   Parsing time 317 ms. 
2605       WARN  main            d.u.i.k.n.ParsingFacade   file:/home/runner/work/key/key/key.core/build/resources/main/de/uka/ilkd/key/proof/rules/forLoopRules.key took 0 ms to parse. 
2606       WARN  main            d.u.i.k.n.ParsingFacade   Parsing time 317 ms. 
2612       WARN  main            d.u.i.k.n.ParsingFacade   file:/home/runner/work/key/key/key.core/build/resources/main/de/uka/ilkd/key/proof/rules/execRules.key took 3 ms to parse. 
2612       WARN  main            d.u.i.k.n.ParsingFacade   Parsing time 320 ms. 
2683       WARN  main            d.u.i.k.n.ParsingFacade   file:/home/runner/work/key/key/key.core/build/resources/main/de/uka/ilkd/key/proof/rules/loopScopeRules.key took 2 ms to parse. 
2683       WARN  main            d.u.i.k.n.ParsingFacade   Parsing time 322 ms. 
5899       WARN  main            d.u.i.k.n.ParsingFacade   file:/home/runner/work/key/key/key.core/build/resources/main/de/uka/ilkd/key/java/JavaRedux/java/lang/String.key took 7 ms to parse. 
5900       WARN  main            d.u.i.k.n.ParsingFacade   Parsing time 329 ms. 
8029       DEBUG main            d.u.i.k.p.i.AbstractProblemLoader Init config took 7.33s 
8083       INFO  main            d.u.i.k.p.i.AbstractProblemLoader Replaying proof Ex2.58.key 
8115       DEBUG main            d.u.i.k.p.i.IntermediateProofReplayer Proof replay took 30.7ns 
8117       WARN  main            d.u.i.k.n.ParsingFacade   /home/runner/work/key/key/key.core/../key.ui/examples/standard_key/BookExamples/02FirstOrderLogic/Ex2.58.key took 0 ms to parse. 
8117       WARN  main            d.u.i.k.n.ParsingFacade   Parsing time 329 ms. 
8362       INFO  main            d.u.i.k.p.r.p.TestFile    ... finished proof: closed. 
8477       INFO  main            d.u.i.k.p.i.AbstractProblemLoader Loading environment from /home/runner/work/key/key/key.core/../key.ui/examples/standard_key/BookExamples/02FirstOrderLogic/Ex2.58.key.proof 
8477       DEBUG main            d.u.i.k.p.i.AbstractProblemLoader Environment load took 131.4ns 
8478       WARN  main            d.u.i.k.n.ParsingFacade   /home/runner/work/key/key/key.core/../key.ui/examples/standard_key/BookExamples/02FirstOrderLogic/Ex2.58.key.proof took 0 ms to parse. 
8478       WARN  main            d.u.i.k.n.ParsingFacade   Parsing time 329 ms. 
8482       INFO  main            d.u.i.k.p.i.AbstractProblemLoader Creating init config 
9473       WARN  main            d.u.i.k.n.ParsingFacade   file:/home/runner/work/key/key/key.core/build/resources/main/de/uka/ilkd/key/java/JavaRedux/java/lang/String.key took 2 ms to parse. 
9473       WARN  main            d.u.i.k.n.ParsingFacade   Parsing time 331 ms. 
11264      DEBUG main            d.u.i.k.p.i.AbstractProblemLoader Init config took 2.78s 
11300      INFO  main            d.u.i.k.p.i.AbstractProblemLoader Replaying proof Ex2.58.key.proof 
11314      DEBUG main            d.u.i.k.p.i.IntermediateProofReplayer Proof replay took 7.06ms 
11315      WARN  main            d.u.i.k.n.ParsingFacade   /home/runner/work/key/key/key.core/../key.ui/examples/standard_key/BookExamples/02FirstOrderLogic/Ex2.58.key.proof took 1 ms to parse. 
11315      WARN  main            d.u.i.k.n.ParsingFacade   Parsing time 332 ms. 
11329      DEBUG main            d.u.i.k.p.r.p.TestFile    ... success: reloaded. 
11333      INFO  main            d.u.i.k.p.r.p.TestFile    Now processing file /home/runner/work/key/key/key.core/../key.ui/examples/standard_key/BookExamples/03DynamicLogic/Sect3.3.1.key 
11334      INFO  main            d.u.i.k.p.i.AbstractProblemLoader Loading environment from /home/runner/work/key/key/key.core/../key.ui/examples/standard_key/BookExamples/03DynamicLogic/Sect3.3.1.key 
11335      DEBUG main            d.u.i.k.p.i.AbstractProblemLoader Environment load took 1.32ms 
11336      WARN  main            d.u.i.k.n.ParsingFacade   /home/runner/work/key/key/key.core/../key.ui/examples/standard_key/BookExamples/03DynamicLogic/Sect3.3.1.key took 0 ms to parse. 
11336      WARN  main            d.u.i.k.n.ParsingFacade   Parsing time 332 ms. 
11342      INFO  main            d.u.i.k.p.i.AbstractProblemLoader Creating init config 
12178      WARN  main            d.u.i.k.n.ParsingFacade   file:/home/runner/work/key/key/key.core/build/resources/main/de/uka/ilkd/key/java/JavaRedux/java/lang/String.key took 1 ms to parse. 
12178      WARN  main            d.u.i.k.n.ParsingFacade   Parsing time 333 ms. 
13873      DEBUG main            d.u.i.k.p.i.AbstractProblemLoader Init config took 2.53s 
13906      INFO  main            d.u.i.k.p.i.AbstractProblemLoader Replaying proof Sect3.3.1.key 
13910      DEBUG main            d.u.i.k.p.i.IntermediateProofReplayer Proof replay took 7ns 
13911      WARN  main            d.u.i.k.n.ParsingFacade   /home/runner/work/key/key/key.core/../key.ui/examples/standard_key/BookExamples/03DynamicLogic/Sect3.3.1.key took 0 ms to parse. 
13911      WARN  main            d.u.i.k.n.ParsingFacade   Parsing time 333 ms. 
14319      INFO  main            d.u.i.k.p.r.p.TestFile    ... finished proof: closed. 
14463      INFO  main            d.u.i.k.p.i.AbstractProblemLoader Loading environment from /home/runner/work/key/key/key.core/../key.ui/examples/standard_key/BookExamples/03DynamicLogic/Sect3.3.1.key.proof 
14465      DEBUG main            d.u.i.k.p.i.AbstractProblemLoader Environment load took 2.07ms 
14466      WARN  main            d.u.i.k.n.ParsingFacade   /home/runner/work/key/key/key.core/../key.ui/examples/standard_key/BookExamples/03DynamicLogic/Sect3.3.1.key.proof took 0 ms to parse. 
14466      WARN  main            d.u.i.k.n.ParsingFacade   Parsing time 333 ms. 
14468      INFO  main            d.u.i.k.p.i.AbstractProblemLoader Creating init config 
15297      WARN  main            d.u.i.k.n.ParsingFacade   file:/home/runner/work/key/key/key.core/build/resources/main/de/uka/ilkd/key/java/JavaRedux/java/lang/String.key took 1 ms to parse. 
15297      WARN  main            d.u.i.k.n.ParsingFacade   Parsing time 334 ms. 
16966      DEBUG main            d.u.i.k.p.i.AbstractProblemLoader Init config took 2.5s 
17003      INFO  main            d.u.i.k.p.i.AbstractProblemLoader Replaying proof Sect3.3.1.key.proof 
17060      DEBUG main            d.u.i.k.p.i.IntermediateProofReplayer Proof replay took 52.95ms 
17061      WARN  main            d.u.i.k.n.ParsingFacade   /home/runner/work/key/key/key.core/../key.ui/examples/standard_key/BookExamples/03DynamicLogic/Sect3.3.1.key.proof took 0 ms to parse. 
17062      WARN  main            d.u.i.k.n.ParsingFacade   Parsing time 334 ms. 
17062      DEBUG main            d.u.i.k.p.r.p.TestFile    ... success: reloaded. 
79353      INFO  Test worker     d.u.i.k.p.r.RunAllProofsTestUnit Returning from test oldBook 
79355      INFO  Test worker     d.u.i.k.p.r.RunAllProofsTestUnit Running test comprehensions 
335        INFO  Timeout watchdog d.u.i.k.p.r.p.ForkedTestFileRunner Timeout watcher launched (2000 secs.) 
352        WARN  main            d.u.i.k.s.ProofSettings   The settings in /home/runner/.key/proof-settings.props are *not* read. 
382        INFO  main            d.u.i.k.p.r.p.TestFile    Now processing file /home/runner/work/key/key/key.core/../key.ui/examples/heap/comprehensions/general_sum.key 
489        INFO  main            d.u.i.k.p.i.AbstractProblemLoader Loading environment from /home/runner/work/key/key/key.core/../key.ui/examples/heap/comprehensions/general_sum.key 
511        DEBUG main            d.u.i.k.p.i.AbstractProblemLoader Environment load took 2.1ms 
625        WARN  main            d.u.i.k.n.ParsingFacade   /home/runner/work/key/key/key.core/../key.ui/examples/heap/comprehensions/general_sum.key took 15 ms to parse. 
625        WARN  main            d.u.i.k.n.ParsingFacade   Parsing time 15 ms. 
768        INFO  main            d.u.i.k.p.i.AbstractProblemLoader Creating init config 
789        WARN  main            d.u.i.k.n.ParsingFacade   file:/home/runner/work/key/key/key.core/build/resources/main/de/uka/ilkd/key/proof/rules/standardRules.key took 16 ms to parse. 
789        WARN  main            d.u.i.k.n.ParsingFacade   Parsing time 31 ms. 
814        WARN  main            d.u.i.k.n.ParsingFacade   file:/home/runner/work/key/key/key.core/build/resources/main/de/uka/ilkd/key/proof/rules/ldt.key took 4 ms to parse. 
814        WARN  main            d.u.i.k.n.ParsingFacade   Parsing time 35 ms. 
823        WARN  main            d.u.i.k.n.ParsingFacade   file:/home/runner/work/key/key/key.core/build/resources/main/de/uka/ilkd/key/proof/rules/boolean.key took 3 ms to parse. 
823        WARN  main            d.u.i.k.n.ParsingFacade   Parsing time 38 ms. 
845        WARN  main            d.u.i.k.n.ParsingFacade   file:/home/runner/work/key/key/key.core/build/resources/main/de/uka/ilkd/key/proof/rules/ruleSetsDeclarations.key took 9 ms to parse. 
846        WARN  main            d.u.i.k.n.ParsingFacade   Parsing time 47 ms. 
884        WARN  main            d.u.i.k.n.ParsingFacade   file:/home/runner/work/key/key/key.core/build/resources/main/de/uka/ilkd/key/proof/rules/integerHeader.key took 9 ms to parse. 
885        WARN  main            d.u.i.k.n.ParsingFacade   Parsing time 56 ms. 
892        WARN  main            d.u.i.k.n.ParsingFacade   file:/home/runner/work/key/key/key.core/build/resources/main/de/uka/ilkd/key/proof/rules/floatHeader.key took 5 ms to parse. 
892        WARN  main            d.u.i.k.n.ParsingFacade   Parsing time 61 ms. 
896        WARN  main            d.u.i.k.n.ParsingFacade   file:/home/runner/work/key/key/key.core/build/resources/main/de/uka/ilkd/key/proof/rules/heap.key took 1 ms to parse. 
896        WARN  main            d.u.i.k.n.ParsingFacade   Parsing time 62 ms. 
901        WARN  main            d.u.i.k.n.ParsingFacade   file:/home/runner/work/key/key/key.core/build/resources/main/de/uka/ilkd/key/proof/rules/locSets.key took 0 ms to parse. 
901        WARN  main            d.u.i.k.n.ParsingFacade   Parsing time 62 ms. 
903        WARN  main            d.u.i.k.n.ParsingFacade   file:/home/runner/work/key/key/key.core/build/resources/main/de/uka/ilkd/key/proof/rules/permission.key took 2 ms to parse. 
903        WARN  main            d.u.i.k.n.ParsingFacade   Parsing time 64 ms. 
904        WARN  main            d.u.i.k.n.ParsingFacade   file:/home/runner/work/key/key/key.core/build/resources/main/de/uka/ilkd/key/proof/rules/reach.key took 0 ms to parse. 
904        WARN  main            d.u.i.k.n.ParsingFacade   Parsing time 64 ms. 
906        WARN  main            d.u.i.k.n.ParsingFacade   file:/home/runner/work/key/key/key.core/build/resources/main/de/uka/ilkd/key/proof/rules/seq.key took 1 ms to parse. 
906        WARN  main            d.u.i.k.n.ParsingFacade   Parsing time 65 ms. 
950        WARN  main            d.u.i.k.n.ParsingFacade   file:/home/runner/work/key/key/key.core/build/resources/main/de/uka/ilkd/key/proof/rules/map.key took 39 ms to parse. 
950        WARN  main            d.u.i.k.n.ParsingFacade   Parsing time 104 ms. 
951        WARN  main            d.u.i.k.n.ParsingFacade   file:/home/runner/work/key/key/key.core/build/resources/main/de/uka/ilkd/key/proof/rules/freeADT.key took 0 ms to parse. 
951        WARN  main            d.u.i.k.n.ParsingFacade   Parsing time 104 ms. 
951        WARN  main            d.u.i.k.n.ParsingFacade   file:/home/runner/work/key/key/key.core/build/resources/main/de/uka/ilkd/key/proof/rules/wellfound.key took 0 ms to parse. 
951        WARN  main            d.u.i.k.n.ParsingFacade   Parsing time 104 ms. 
956        WARN  main            d.u.i.k.n.ParsingFacade   file:/home/runner/work/key/key/key.core/build/resources/main/de/uka/ilkd/key/proof/rules/charListHeader.key took 0 ms to parse. 
956        WARN  main            d.u.i.k.n.ParsingFacade   Parsing time 104 ms. 
1095       WARN  main            d.u.i.k.n.ParsingFacade   file:/home/runner/work/key/key/key.core/build/resources/main/de/uka/ilkd/key/proof/rules/propRule.key took 4 ms to parse. 
1095       WARN  main            d.u.i.k.n.ParsingFacade   Parsing time 108 ms. 
1117       WARN  main            d.u.i.k.n.ParsingFacade   file:/home/runner/work/key/key/key.core/build/resources/main/de/uka/ilkd/key/proof/rules/firstOrderRules.key took 3 ms to parse. 
1117       WARN  main            d.u.i.k.n.ParsingFacade   Parsing time 111 ms. 
1134       WARN  main            d.u.i.k.n.ParsingFacade   file:/home/runner/work/key/key/key.core/build/resources/main/de/uka/ilkd/key/proof/rules/ifThenElseRules.key took 4 ms to parse. 
1134       WARN  main            d.u.i.k.n.ParsingFacade   Parsing time 115 ms. 
1163       WARN  main            d.u.i.k.n.ParsingFacade   file:/home/runner/work/key/key/key.core/build/resources/main/de/uka/ilkd/key/proof/rules/formulaNormalisationRules.key took 9 ms to parse. 
1163       WARN  main            d.u.i.k.n.ParsingFacade   Parsing time 124 ms. 
1248       WARN  main            d.u.i.k.n.ParsingFacade   file:/home/runner/work/key/key/key.core/build/resources/main/de/uka/ilkd/key/proof/rules/updateRules.key took 4 ms to parse. 
1248       WARN  main            d.u.i.k.n.ParsingFacade   Parsing time 128 ms. 
1259       WARN  main            d.u.i.k.n.ParsingFacade   file:/home/runner/work/key/key/key.core/build/resources/main/de/uka/ilkd/key/proof/rules/integerRulesCommon.key took 1 ms to parse. 
1259       WARN  main            d.u.i.k.n.ParsingFacade   Parsing time 129 ms. 
1345       WARN  main            d.u.i.k.n.ParsingFacade   file:/home/runner/work/key/key/key.core/build/resources/main/de/uka/ilkd/key/proof/rules/intRules.key took 3 ms to parse. 
1345       WARN  main            d.u.i.k.n.ParsingFacade   Parsing time 132 ms. 
1358       WARN  main            d.u.i.k.n.ParsingFacade   file:/home/runner/work/key/key/key.core/build/resources/main/de/uka/ilkd/key/proof/rules/intRulesUncheckedSemantics.key took 3 ms to parse. 
1358       WARN  main            d.u.i.k.n.ParsingFacade   Parsing time 135 ms. 
1366       WARN  main            d.u.i.k.n.ParsingFacade   file:/home/runner/work/key/key/key.core/build/resources/main/de/uka/ilkd/key/proof/rules/intRulesCheckedSemantics.key took 1 ms to parse. 
1366       WARN  main            d.u.i.k.n.ParsingFacade   Parsing time 136 ms. 
1374       WARN  main            d.u.i.k.n.ParsingFacade   file:/home/runner/work/key/key/key.core/build/resources/main/de/uka/ilkd/key/proof/rules/intRulesJavaSemantics.key took 2 ms to parse. 
1374       WARN  main            d.u.i.k.n.ParsingFacade   Parsing time 138 ms. 
1415       WARN  main            d.u.i.k.n.ParsingFacade   file:/home/runner/work/key/key/key.core/build/resources/main/de/uka/ilkd/key/proof/rules/integerSimplificationRules.key took 30 ms to parse. 
1415       WARN  main            d.u.i.k.n.ParsingFacade   Parsing time 168 ms. 
1564       DEBUG main            d.u.i.k.j.TypeConverter   No LDT found for Meta 
1564       DEBUG main            d.u.i.k.j.TypeConverter   No LDT found for Meta 
1568       DEBUG main            d.u.i.k.j.TypeConverter   No LDT found for Meta 
1569       DEBUG main            d.u.i.k.j.TypeConverter   No LDT found for Meta 
1603       WARN  main            d.u.i.k.n.ParsingFacade   file:/home/runner/work/key/key/key.core/build/resources/main/de/uka/ilkd/key/proof/rules/intDiv.key took 6 ms to parse. 
1603       WARN  main            d.u.i.k.n.ParsingFacade   Parsing time 174 ms. 
1642       WARN  main            d.u.i.k.n.ParsingFacade   file:/home/runner/work/key/key/key.core/build/resources/main/de/uka/ilkd/key/proof/rules/bsum.key took 12 ms to parse. 
1642       WARN  main            d.u.i.k.n.ParsingFacade   Parsing time 186 ms. 
1678       WARN  main            d.u.i.k.n.ParsingFacade   file:/home/runner/work/key/key/key.core/build/resources/main/de/uka/ilkd/key/proof/rules/bprod.key took 3 ms to parse. 
1678       WARN  main            d.u.i.k.n.ParsingFacade   Parsing time 189 ms. 
1713       WARN  main            d.u.i.k.n.ParsingFacade   file:/home/runner/work/key/key/key.core/build/resources/main/de/uka/ilkd/key/proof/rules/binaryAxioms.key took 1 ms to parse. 
1714       WARN  main            d.u.i.k.n.ParsingFacade   Parsing time 190 ms. 
1720       WARN  main            d.u.i.k.n.ParsingFacade   file:/home/runner/work/key/key/key.core/build/resources/main/de/uka/ilkd/key/proof/rules/binaryLemmas.key took 2 ms to parse. 
1720       WARN  main            d.u.i.k.n.ParsingFacade   Parsing time 192 ms. 
1730       WARN  main            d.u.i.k.n.ParsingFacade   file:/home/runner/work/key/key/key.core/build/resources/main/de/uka/ilkd/key/proof/rules/intPow.key took 2 ms to parse. 
1730       WARN  main            d.u.i.k.n.ParsingFacade   Parsing time 194 ms. 
1744       WARN  main            d.u.i.k.n.ParsingFacade   file:/home/runner/work/key/key/key.core/build/resources/main/de/uka/ilkd/key/proof/rules/floatRulesCommon.key took 6 ms to parse. 
1745       WARN  main            d.u.i.k.n.ParsingFacade   Parsing time 200 ms. 
1755       WARN  main            d.u.i.k.n.ParsingFacade   file:/home/runner/work/key/key/key.core/build/resources/main/de/uka/ilkd/key/proof/rules/floatRules.key took 0 ms to parse. 
1756       WARN  main            d.u.i.k.n.ParsingFacade   Parsing time 200 ms. 
1757       WARN  main            d.u.i.k.n.ParsingFacade   file:/home/runner/work/key/key/key.core/build/resources/main/de/uka/ilkd/key/proof/rules/floatRulesVerifyNormal.key took 1 ms to parse. 
1757       WARN  main            d.u.i.k.n.ParsingFacade   Parsing time 201 ms. 
1762       WARN  main            d.u.i.k.n.ParsingFacade   file:/home/runner/work/key/key/key.core/build/resources/main/de/uka/ilkd/key/proof/rules/floatRulesAssumeStrictfp.key took 5 ms to parse. 
1762       WARN  main            d.u.i.k.n.ParsingFacade   Parsing time 206 ms. 
1793       WARN  main            d.u.i.k.n.ParsingFacade   file:/home/runner/work/key/key/key.core/build/resources/main/de/uka/ilkd/key/proof/rules/genericRules.key took 2 ms to parse. 
1793       WARN  main            d.u.i.k.n.ParsingFacade   Parsing time 208 ms. 
1802       WARN  main            d.u.i.k.n.ParsingFacade   file:/home/runner/work/key/key/key.core/build/resources/main/de/uka/ilkd/key/proof/rules/booleanRules.key took 0 ms to parse. 
1803       WARN  main            d.u.i.k.n.ParsingFacade   Parsing time 208 ms. 
1805       WARN  main            d.u.i.k.n.ParsingFacade   file:/home/runner/work/key/key/key.core/build/resources/main/de/uka/ilkd/key/proof/rules/epsilon.key took 0 ms to parse. 
1805       WARN  main            d.u.i.k.n.ParsingFacade   Parsing time 208 ms. 
1814       WARN  main            d.u.i.k.n.ParsingFacade   file:/home/runner/work/key/key/key.core/build/resources/main/de/uka/ilkd/key/proof/rules/locSetsRules.key took 7 ms to parse. 
1814       WARN  main            d.u.i.k.n.ParsingFacade   Parsing time 215 ms. 
1864       WARN  main            d.u.i.k.n.ParsingFacade   file:/home/runner/work/key/key/key.core/build/resources/main/de/uka/ilkd/key/proof/rules/heapRules.key took 8 ms to parse. 
1864       WARN  main            d.u.i.k.n.ParsingFacade   Parsing time 223 ms. 
1892       WARN  main            d.u.i.k.n.ParsingFacade   file:/home/runner/work/key/key/key.core/build/resources/main/de/uka/ilkd/key/proof/rules/permissionRules.key took 2 ms to parse. 
1892       WARN  main            d.u.i.k.n.ParsingFacade   Parsing time 225 ms. 
1906       WARN  main            d.u.i.k.n.ParsingFacade   file:/home/runner/work/key/key/key.core/build/resources/main/de/uka/ilkd/key/proof/rules/reachRules.key took 2 ms to parse. 
1906       WARN  main            d.u.i.k.n.ParsingFacade   Parsing time 227 ms. 
1919       WARN  main            d.u.i.k.n.ParsingFacade   file:/home/runner/work/key/key/key.core/build/resources/main/de/uka/ilkd/key/proof/rules/seqCoreRules.key took 0 ms to parse. 
1920       WARN  main            d.u.i.k.n.ParsingFacade   Parsing time 227 ms. 
1926       WARN  main            d.u.i.k.n.ParsingFacade   file:/home/runner/work/key/key/key.core/build/resources/main/de/uka/ilkd/key/proof/rules/seqRules.key took 4 ms to parse. 
1926       WARN  main            d.u.i.k.n.ParsingFacade   Parsing time 231 ms. 
1976       WARN  main            d.u.i.k.n.ParsingFacade   file:/home/runner/work/key/key/key.core/build/resources/main/de/uka/ilkd/key/proof/rules/seqPerm.key took 27 ms to parse. 
1976       WARN  main            d.u.i.k.n.ParsingFacade   Parsing time 258 ms. 
1993       WARN  main            d.u.i.k.n.ParsingFacade   file:/home/runner/work/key/key/key.core/build/resources/main/de/uka/ilkd/key/proof/rules/seqPerm2.key took 0 ms to parse. 
1994       WARN  main            d.u.i.k.n.ParsingFacade   Parsing time 258 ms. 
2038       WARN  main            d.u.i.k.n.ParsingFacade   file:/home/runner/work/key/key/key.core/build/resources/main/de/uka/ilkd/key/proof/rules/javaRules.key took 37 ms to parse. 
2038       WARN  main            d.u.i.k.n.ParsingFacade   Parsing time 295 ms. 
2046       WARN  main            d.u.i.k.n.ParsingFacade   file:/home/runner/work/key/key/key.core/build/resources/main/de/uka/ilkd/key/proof/rules/assertions.key took 1 ms to parse. 
2046       WARN  main            d.u.i.k.n.ParsingFacade   Parsing time 296 ms. 
2554       WARN  main            d.u.i.k.n.ParsingFacade   file:/home/runner/work/key/key/key.core/build/resources/main/de/uka/ilkd/key/proof/rules/loopRules.key took 1 ms to parse. 
2555       WARN  main            d.u.i.k.n.ParsingFacade   Parsing time 297 ms. 
2564       WARN  main            d.u.i.k.n.ParsingFacade   file:/home/runner/work/key/key/key.core/build/resources/main/de/uka/ilkd/key/proof/rules/activeUse.key took 1 ms to parse. 
2565       WARN  main            d.u.i.k.n.ParsingFacade   Parsing time 298 ms. 
2612       WARN  main            d.u.i.k.n.ParsingFacade   file:/home/runner/work/key/key/key.core/build/resources/main/de/uka/ilkd/key/proof/rules/instanceAllocation.key took 6 ms to parse. 
2613       WARN  main            d.u.i.k.n.ParsingFacade   Parsing time 304 ms. 
2624       WARN  main            d.u.i.k.n.ParsingFacade   file:/home/runner/work/key/key/key.core/build/resources/main/de/uka/ilkd/key/proof/rules/java5.key took 0 ms to parse. 
2624       WARN  main            d.u.i.k.n.ParsingFacade   Parsing time 304 ms. 
2632       WARN  main            d.u.i.k.n.ParsingFacade   file:/home/runner/work/key/key/key.core/build/resources/main/de/uka/ilkd/key/proof/rules/integerAssignment2UpdateRules.key took 3 ms to parse. 
2632       WARN  main            d.u.i.k.n.ParsingFacade   Parsing time 307 ms. 
2663       WARN  main            d.u.i.k.n.ParsingFacade   file:/home/runner/work/key/key/key.core/build/resources/main/de/uka/ilkd/key/proof/rules/floatAssignment2UpdateRules.key took 4 ms to parse. 
2663       WARN  main            d.u.i.k.n.ParsingFacade   Parsing time 311 ms. 
2682       WARN  main            d.u.i.k.n.ParsingFacade   file:/home/runner/work/key/key/key.core/build/resources/main/de/uka/ilkd/key/proof/rules/bigint.key took 2 ms to parse. 
2683       WARN  main            d.u.i.k.n.ParsingFacade   Parsing time 313 ms. 
2691       DEBUG main            d.u.i.k.j.TypeConverter   No LDT found for JavaBigintExpression 
2695       WARN  main            d.u.i.k.n.ParsingFacade   file:/home/runner/work/key/key/key.core/build/resources/main/de/uka/ilkd/key/proof/rules/adtProgramDecompositionRules.key took 1 ms to parse. 
2695       WARN  main            d.u.i.k.n.ParsingFacade   Parsing time 314 ms. 
2708       WARN  main            d.u.i.k.n.ParsingFacade   file:/home/runner/work/key/key/key.core/build/resources/main/de/uka/ilkd/key/proof/rules/precRules.key took 0 ms to parse. 
2710       WARN  main            d.u.i.k.n.ParsingFacade   Parsing time 314 ms. 
2714       WARN  main            d.u.i.k.n.ParsingFacade   file:/home/runner/work/key/key/key.core/build/resources/main/de/uka/ilkd/key/proof/rules/charListRules.key took 2 ms to parse. 
2715       WARN  main            d.u.i.k.n.ParsingFacade   Parsing time 316 ms. 
2723       WARN  main            d.u.i.k.n.ParsingFacade   file:/home/runner/work/key/key/key.core/build/resources/main/de/uka/ilkd/key/proof/rules/regExTheory.key took 0 ms to parse. 
2723       WARN  main            d.u.i.k.n.ParsingFacade   Parsing time 316 ms. 
2725       WARN  main            d.u.i.k.n.ParsingFacade   file:/home/runner/work/key/key/key.core/build/resources/main/de/uka/ilkd/key/proof/rules/regExHeader.key took 0 ms to parse. 
2725       WARN  main            d.u.i.k.n.ParsingFacade   Parsing time 316 ms. 
2727       WARN  main            d.u.i.k.n.ParsingFacade   file:/home/runner/work/key/key/key.core/build/resources/main/de/uka/ilkd/key/proof/rules/regExAxioms.key took 1 ms to parse. 
2727       WARN  main            d.u.i.k.n.ParsingFacade   Parsing time 317 ms. 
2730       WARN  main            d.u.i.k.n.ParsingFacade   file:/home/runner/work/key/key/key.core/build/resources/main/de/uka/ilkd/key/proof/rules/regExLemmaProven.key took 1 ms to parse. 
2731       WARN  main            d.u.i.k.n.ParsingFacade   Parsing time 318 ms. 
2739       WARN  main            d.u.i.k.n.ParsingFacade   file:/home/runner/work/key/key/key.core/build/resources/main/de/uka/ilkd/key/proof/rules/seqEq.key took 2 ms to parse. 
2739       WARN  main            d.u.i.k.n.ParsingFacade   Parsing time 320 ms. 
2745       WARN  main            d.u.i.k.n.ParsingFacade   file:/home/runner/work/key/key/key.core/build/resources/main/de/uka/ilkd/key/proof/rules/infFlow.key took 1 ms to parse. 
2746       WARN  main            d.u.i.k.n.ParsingFacade   Parsing time 321 ms. 
2750       WARN  main            d.u.i.k.n.ParsingFacade   file:/home/runner/work/key/key/key.core/build/resources/main/de/uka/ilkd/key/proof/rules/mapSize.key took 0 ms to parse. 
2750       WARN  main            d.u.i.k.n.ParsingFacade   Parsing time 321 ms. 
2753       WARN  main            d.u.i.k.n.ParsingFacade   file:/home/runner/work/key/key/key.core/build/resources/main/de/uka/ilkd/key/proof/rules/wd.key took 0 ms to parse. 
2753       WARN  main            d.u.i.k.n.ParsingFacade   Parsing time 321 ms. 
2757       WARN  main            d.u.i.k.n.ParsingFacade   file:/home/runner/work/key/key/key.core/build/resources/main/de/uka/ilkd/key/proof/rules/wdHeader.key took 0 ms to parse. 
2757       WARN  main            d.u.i.k.n.ParsingFacade   Parsing time 321 ms. 
2759       WARN  main            d.u.i.k.n.ParsingFacade   file:/home/runner/work/key/key/key.core/build/resources/main/de/uka/ilkd/key/proof/rules/wdGeneralRules.key took 1 ms to parse. 
2759       WARN  main            d.u.i.k.n.ParsingFacade   Parsing time 322 ms. 
2769       WARN  main            d.u.i.k.n.ParsingFacade   file:/home/runner/work/key/key/key.core/build/resources/main/de/uka/ilkd/key/proof/rules/wdNumericalRules.key took 5 ms to parse. 
2769       WARN  main            d.u.i.k.n.ParsingFacade   Parsing time 327 ms. 
2812       WARN  main            d.u.i.k.n.ParsingFacade   file:/home/runner/work/key/key/key.core/build/resources/main/de/uka/ilkd/key/proof/rules/wdLocSetRules.key took 1 ms to parse. 
2812       WARN  main            d.u.i.k.n.ParsingFacade   Parsing time 328 ms. 
2819       WARN  main            d.u.i.k.n.ParsingFacade   file:/home/runner/work/key/key/key.core/build/resources/main/de/uka/ilkd/key/proof/rules/wdHeapRules.key took 1 ms to parse. 
2819       WARN  main            d.u.i.k.n.ParsingFacade   Parsing time 329 ms. 
2822       WARN  main            d.u.i.k.n.ParsingFacade   file:/home/runner/work/key/key/key.core/build/resources/main/de/uka/ilkd/key/proof/rules/wdReachRules.key took 0 ms to parse. 
2823       WARN  main            d.u.i.k.n.ParsingFacade   Parsing time 329 ms. 
2824       WARN  main            d.u.i.k.n.ParsingFacade   file:/home/runner/work/key/key/key.core/build/resources/main/de/uka/ilkd/key/proof/rules/wdSeqRules.key took 0 ms to parse. 
2825       WARN  main            d.u.i.k.n.ParsingFacade   Parsing time 329 ms. 
2827       WARN  main            d.u.i.k.n.ParsingFacade   file:/home/runner/work/key/key/key.core/build/resources/main/de/uka/ilkd/key/proof/rules/wdStringRules.key took 0 ms to parse. 
2828       WARN  main            d.u.i.k.n.ParsingFacade   Parsing time 329 ms. 
2831       WARN  main            d.u.i.k.n.ParsingFacade   file:/home/runner/work/key/key/key.core/build/resources/main/de/uka/ilkd/key/proof/rules/wdRegExRules.key took 0 ms to parse. 
2831       WARN  main            d.u.i.k.n.ParsingFacade   Parsing time 329 ms. 
2836       WARN  main            d.u.i.k.n.ParsingFacade   file:/home/runner/work/key/key/key.core/build/resources/main/de/uka/ilkd/key/proof/rules/wdFormulaRules.key took 3 ms to parse. 
2836       WARN  main            d.u.i.k.n.ParsingFacade   Parsing time 332 ms. 
2846       WARN  main            d.u.i.k.n.ParsingFacade   file:/home/runner/work/key/key/key.core/build/resources/main/de/uka/ilkd/key/proof/rules/loopInvariantRules.key took 0 ms to parse. 
2846       WARN  main            d.u.i.k.n.ParsingFacade   Parsing time 332 ms. 
2848       WARN  main            d.u.i.k.n.ParsingFacade   file:/home/runner/work/key/key/key.core/build/resources/main/de/uka/ilkd/key/proof/rules/forLoopRules.key took 0 ms to parse. 
2848       WARN  main            d.u.i.k.n.ParsingFacade   Parsing time 332 ms. 
2855       WARN  main            d.u.i.k.n.ParsingFacade   file:/home/runner/work/key/key/key.core/build/resources/main/de/uka/ilkd/key/proof/rules/execRules.key took 3 ms to parse. 
2856       WARN  main            d.u.i.k.n.ParsingFacade   Parsing time 335 ms. 
2926       WARN  main            d.u.i.k.n.ParsingFacade   file:/home/runner/work/key/key/key.core/build/resources/main/de/uka/ilkd/key/proof/rules/loopScopeRules.key took 2 ms to parse. 
2927       WARN  main            d.u.i.k.n.ParsingFacade   Parsing time 337 ms. 
6538       WARN  main            d.u.i.k.n.ParsingFacade   file:/home/runner/work/key/key/key.core/build/resources/main/de/uka/ilkd/key/java/JavaRedux/java/lang/String.key took 5 ms to parse. 
6538       WARN  main            d.u.i.k.n.ParsingFacade   Parsing time 342 ms. 
8956       DEBUG main            d.u.i.k.p.i.AbstractProblemLoader Init config took 8.19s 
9128       INFO  main            d.u.i.k.p.i.AbstractProblemLoader Replaying proof GSum[GSum::doNothing()].JML operation contract.0 
9195       DEBUG main            d.u.i.k.p.i.IntermediateProofReplayer Proof replay took 42.1ns 
9197       WARN  main            d.u.i.k.n.ParsingFacade   /home/runner/work/key/key/key.core/../key.ui/examples/heap/comprehensions/general_sum.key took 0 ms to parse. 
9197       WARN  main            d.u.i.k.n.ParsingFacade   Parsing time 342 ms. 
9547       INFO  main            d.u.i.k.p.r.p.TestFile    ... finished proof: closed. 
9648       INFO  main            d.u.i.k.p.i.AbstractProblemLoader Loading environment from /home/runner/work/key/key/key.core/../key.ui/examples/heap/comprehensions/general_sum.key.proof 
9648       DEBUG main            d.u.i.k.p.i.AbstractProblemLoader Environment load took 127.1ns 
9650       WARN  main            d.u.i.k.n.ParsingFacade   /home/runner/work/key/key/key.core/../key.ui/examples/heap/comprehensions/general_sum.key.proof took 2 ms to parse. 
9650       WARN  main            d.u.i.k.n.ParsingFacade   Parsing time 344 ms. 
9652       INFO  main            d.u.i.k.p.i.AbstractProblemLoader Creating init config 
10692      WARN  main            d.u.i.k.n.ParsingFacade   file:/home/runner/work/key/key/key.core/build/resources/main/de/uka/ilkd/key/java/JavaRedux/java/lang/String.key took 2 ms to parse. 
10692      WARN  main            d.u.i.k.n.ParsingFacade   Parsing time 346 ms. 
12602      DEBUG main            d.u.i.k.p.i.AbstractProblemLoader Init config took 2.95s 
12698      INFO  main            d.u.i.k.p.i.AbstractProblemLoader Replaying proof GSum[GSum::doNothing()].JML operation contract.0 
12734      DEBUG main            d.u.i.k.p.i.IntermediateProofReplayer Proof replay took 27.93ms 
12735      WARN  main            d.u.i.k.n.ParsingFacade   /home/runner/work/key/key/key.core/../key.ui/examples/heap/comprehensions/general_sum.key.proof took 1 ms to parse. 
12735      WARN  main            d.u.i.k.n.ParsingFacade   Parsing time 347 ms. 
12753      DEBUG main            d.u.i.k.p.r.p.TestFile    ... success: reloaded. 
12755      INFO  main            d.u.i.k.p.r.p.TestFile    Now processing file /home/runner/work/key/key/key.core/../key.ui/examples/heap/comprehensions/sum0.key 
12755      INFO  main            d.u.i.k.p.i.AbstractProblemLoader Loading environment from /home/runner/work/key/key/key.core/../key.ui/examples/heap/comprehensions/sum0.key 
12756      DEBUG main            d.u.i.k.p.i.AbstractProblemLoader Environment load took 278.31ns 
12756      WARN  main            d.u.i.k.n.ParsingFacade   /home/runner/work/key/key/key.core/../key.ui/examples/heap/comprehensions/sum0.key took 0 ms to parse. 
12757      WARN  main            d.u.i.k.n.ParsingFacade   Parsing time 347 ms. 
12759      INFO  main            d.u.i.k.p.i.AbstractProblemLoader Creating init config 
13766      WARN  main            d.u.i.k.n.ParsingFacade   file:/home/runner/work/key/key/key.core/build/resources/main/de/uka/ilkd/key/java/JavaRedux/java/lang/String.key took 1 ms to parse. 
13766      WARN  main            d.u.i.k.n.ParsingFacade   Parsing time 348 ms. 
15597      DEBUG main            d.u.i.k.p.i.AbstractProblemLoader Init config took 2.84s 
15652      INFO  main            d.u.i.k.p.i.AbstractProblemLoader Replaying proof Sum[Sum::sum0([I)].JML normal_behavior operation contract.0 
15655      DEBUG main            d.u.i.k.p.i.IntermediateProofReplayer Proof replay took 6.3ns 
15655      WARN  main            d.u.i.k.n.ParsingFacade   /home/runner/work/key/key/key.core/../key.ui/examples/heap/comprehensions/sum0.key took 0 ms to parse. 
15655      WARN  main            d.u.i.k.n.ParsingFacade   Parsing time 348 ms. 
15746      DEBUG Thread-4        d.u.i.k.l.l.OriginTermLabel commonFileName is null! 
15746      DEBUG Thread-4        d.u.i.k.l.l.OriginTermLabel commonFileName is null! 
15955      DEBUG Thread-4        d.u.i.k.l.l.OriginTermLabel commonFileName is null! 
15957      DEBUG Thread-4        d.u.i.k.l.l.OriginTermLabel commonFileName is null! 
16162      DEBUG Thread-4        d.u.i.k.l.l.OriginTermLabel commonFileName is null! 
16365      INFO  main            d.u.i.k.p.r.p.TestFile    ... finished proof: closed. 
16510      INFO  main            d.u.i.k.p.i.AbstractProblemLoader Loading environment from /home/runner/work/key/key/key.core/../key.ui/examples/heap/comprehensions/sum0.key.proof 
16515      DEBUG main            d.u.i.k.p.i.AbstractProblemLoader Environment load took 5.29ms 
16515      WARN  main            d.u.i.k.n.ParsingFacade   /home/runner/work/key/key/key.core/../key.ui/examples/heap/comprehensions/sum0.key.proof took 0 ms to parse. 
16515      WARN  main            d.u.i.k.n.ParsingFacade   Parsing time 348 ms. 
16517      INFO  main            d.u.i.k.p.i.AbstractProblemLoader Creating init config 
17489      WARN  main            d.u.i.k.n.ParsingFacade   file:/home/runner/work/key/key/key.core/build/resources/main/de/uka/ilkd/key/java/JavaRedux/java/lang/String.key took 1 ms to parse. 
17490      WARN  main            d.u.i.k.n.ParsingFacade   Parsing time 349 ms. 
19351      DEBUG main            d.u.i.k.p.i.AbstractProblemLoader Init config took 2.83s 
19403      INFO  main            d.u.i.k.p.i.AbstractProblemLoader Replaying proof Sum[Sum::sum0([I)].JML normal_behavior operation contract.0 
19448      DEBUG main            d.u.i.k.l.l.OriginTermLabel commonFileName is null! 
19448      DEBUG main            d.u.i.k.l.l.OriginTermLabel commonFileName is null! 
19504      DEBUG main            d.u.i.k.l.l.OriginTermLabel commonFileName is null! 
19537      DEBUG main            d.u.i.k.l.l.OriginTermLabel commonFileName is null! 
19538      DEBUG main            d.u.i.k.l.l.OriginTermLabel commonFileName is null! 
19541      DEBUG main            d.u.i.k.p.i.IntermediateProofReplayer Proof replay took 132.46ms 
19541      WARN  main            d.u.i.k.n.ParsingFacade   /home/runner/work/key/key/key.core/../key.ui/examples/heap/comprehensions/sum0.key.proof took 0 ms to parse. 
19541      WARN  main            d.u.i.k.n.ParsingFacade   Parsing time 349 ms. 
19542      DEBUG main            d.u.i.k.p.r.p.TestFile    ... success: reloaded. 
19543      INFO  main            d.u.i.k.p.r.p.TestFile    Now processing file /home/runner/work/key/key/key.core/../key.ui/examples/heap/comprehensions/sum1.key 
19544      INFO  main            d.u.i.k.p.i.AbstractProblemLoader Loading environment from /home/runner/work/key/key/key.core/../key.ui/examples/heap/comprehensions/sum1.key 
19544      DEBUG main            d.u.i.k.p.i.AbstractProblemLoader Environment load took 218.6ns 
19544      WARN  main            d.u.i.k.n.ParsingFacade   /home/runner/work/key/key/key.core/../key.ui/examples/heap/comprehensions/sum1.key took 0 ms to parse. 
19545      WARN  main            d.u.i.k.n.ParsingFacade   Parsing time 349 ms. 
19546      INFO  main            d.u.i.k.p.i.AbstractProblemLoader Creating init config 
20448      WARN  main            d.u.i.k.n.ParsingFacade   file:/home/runner/work/key/key/key.core/build/resources/main/de/uka/ilkd/key/java/JavaRedux/java/lang/String.key took 1 ms to parse. 
20449      WARN  main            d.u.i.k.n.ParsingFacade   Parsing time 350 ms. 
22316      DEBUG main            d.u.i.k.p.i.AbstractProblemLoader Init config took 2.77s 
22361      INFO  main            d.u.i.k.p.i.AbstractProblemLoader Replaying proof Sum[Sum::sum1([I)].JML normal_behavior operation contract.0 
22362      DEBUG main            d.u.i.k.p.i.IntermediateProofReplayer Proof replay took 5ns 
22363      WARN  main            d.u.i.k.n.ParsingFacade   /home/runner/work/key/key/key.core/../key.ui/examples/heap/comprehensions/sum1.key took 0 ms to parse. 
22363      WARN  main            d.u.i.k.n.ParsingFacade   Parsing time 350 ms. 
22415      DEBUG Thread-7        d.u.i.k.l.l.OriginTermLabel commonFileName is null! 
22416      DEBUG Thread-7        d.u.i.k.l.l.OriginTermLabel commonFileName is null! 
22555      DEBUG Thread-7        d.u.i.k.l.l.OriginTermLabel commonFileName is null! 
22556      DEBUG Thread-7        d.u.i.k.l.l.OriginTermLabel commonFileName is null! 
22673      DEBUG Thread-7        d.u.i.k.l.l.OriginTermLabel commonFileName is null! 
22867      INFO  main            d.u.i.k.p.r.p.TestFile    ... finished proof: closed. 
23026      INFO  main            d.u.i.k.p.i.AbstractProblemLoader Loading environment from /home/runner/work/key/key/key.core/../key.ui/examples/heap/comprehensions/sum1.key.proof 
23026      DEBUG main            d.u.i.k.p.i.AbstractProblemLoader Environment load took 510.11ns 
23027      WARN  main            d.u.i.k.n.ParsingFacade   /home/runner/work/key/key/key.core/../key.ui/examples/heap/comprehensions/sum1.key.proof took 0 ms to parse. 
23027      WARN  main            d.u.i.k.n.ParsingFacade   Parsing time 350 ms. 
23028      INFO  main            d.u.i.k.p.i.AbstractProblemLoader Creating init config 
23903      WARN  main            d.u.i.k.n.ParsingFacade   file:/home/runner/work/key/key/key.core/build/resources/main/de/uka/ilkd/key/java/JavaRedux/java/lang/String.key took 1 ms to parse. 
23903      WARN  main            d.u.i.k.n.ParsingFacade   Parsing time 351 ms. 
25754      DEBUG main            d.u.i.k.p.i.AbstractProblemLoader Init config took 2.73s 
25797      INFO  main            d.u.i.k.p.i.AbstractProblemLoader Replaying proof Sum[Sum::sum1([I)].JML normal_behavior operation contract.0 
25825      DEBUG main            d.u.i.k.l.l.OriginTermLabel commonFileName is null! 
25825      DEBUG main            d.u.i.k.l.l.OriginTermLabel commonFileName is null! 
25871      DEBUG main            d.u.i.k.l.l.OriginTermLabel commonFileName is null! 
25903      DEBUG main            d.u.i.k.l.l.OriginTermLabel commonFileName is null! 
25903      DEBUG main            d.u.i.k.l.l.OriginTermLabel commonFileName is null! 
25906      DEBUG main            d.u.i.k.p.i.IntermediateProofReplayer Proof replay took 104.93ms 
25906      WARN  main            d.u.i.k.n.ParsingFacade   /home/runner/work/key/key/key.core/../key.ui/examples/heap/comprehensions/sum1.key.proof took 0 ms to parse. 
25907      WARN  main            d.u.i.k.n.ParsingFacade   Parsing time 351 ms. 
25907      DEBUG main            d.u.i.k.p.r.p.TestFile    ... success: reloaded. 
25908      INFO  main            d.u.i.k.p.r.p.TestFile    Now processing file /home/runner/work/key/key/key.core/../key.ui/examples/heap/comprehensions/sum2.key 
25908      INFO  main            d.u.i.k.p.i.AbstractProblemLoader Loading environment from /home/runner/work/key/key/key.core/../key.ui/examples/heap/comprehensions/sum2.key 
25909      DEBUG main            d.u.i.k.p.i.AbstractProblemLoader Environment load took 244.71ns 
25909      WARN  main            d.u.i.k.n.ParsingFacade   /home/runner/work/key/key/key.core/../key.ui/examples/heap/comprehensions/sum2.key took 0 ms to parse. 
25909      WARN  main            d.u.i.k.n.ParsingFacade   Parsing time 351 ms. 
25910      INFO  main            d.u.i.k.p.i.AbstractProblemLoader Creating init config 
26824      WARN  main            d.u.i.k.n.ParsingFacade   file:/home/runner/work/key/key/key.core/build/resources/main/de/uka/ilkd/key/java/JavaRedux/java/lang/String.key took 1 ms to parse. 
26825      WARN  main            d.u.i.k.n.ParsingFacade   Parsing time 352 ms. 
28616      DEBUG main            d.u.i.k.p.i.AbstractProblemLoader Init config took 2.71s 
28672      INFO  main            d.u.i.k.p.i.AbstractProblemLoader Replaying proof Sum[Sum::sum2([I)].JML normal_behavior operation contract.0 
28673      DEBUG main            d.u.i.k.p.i.IntermediateProofReplayer Proof replay took 6.2ns 
28674      WARN  main            d.u.i.k.n.ParsingFacade   /home/runner/work/key/key/key.core/../key.ui/examples/heap/comprehensions/sum2.key took 0 ms to parse. 
28674      WARN  main            d.u.i.k.n.ParsingFacade   Parsing time 352 ms. 
28717      DEBUG Thread-10       d.u.i.k.l.l.OriginTermLabel commonFileName is null! 
28718      DEBUG Thread-10       d.u.i.k.l.l.OriginTermLabel commonFileName is null! 
28822      DEBUG Thread-10       d.u.i.k.l.l.OriginTermLabel commonFileName is null! 
28822      DEBUG Thread-10       d.u.i.k.l.l.OriginTermLabel commonFileName is null! 
28896      DEBUG Thread-10       d.u.i.k.l.l.OriginTermLabel commonFileName is null! 
29077      INFO  main            d.u.i.k.p.r.p.TestFile    ... finished proof: closed. 
29236      INFO  main            d.u.i.k.p.i.AbstractProblemLoader Loading environment from /home/runner/work/key/key/key.core/../key.ui/examples/heap/comprehensions/sum2.key.proof 
29236      DEBUG main            d.u.i.k.p.i.AbstractProblemLoader Environment load took 473.11ns 
29237      WARN  main            d.u.i.k.n.ParsingFacade   /home/runner/work/key/key/key.core/../key.ui/examples/heap/comprehensions/sum2.key.proof took 0 ms to parse. 
29237      WARN  main            d.u.i.k.n.ParsingFacade   Parsing time 352 ms. 
29238      INFO  main            d.u.i.k.p.i.AbstractProblemLoader Creating init config 
30109      WARN  main            d.u.i.k.n.ParsingFacade   file:/home/runner/work/key/key/key.core/build/resources/main/de/uka/ilkd/key/java/JavaRedux/java/lang/String.key took 1 ms to parse. 
30110      WARN  main            d.u.i.k.n.ParsingFacade   Parsing time 353 ms. 
31938      DEBUG main            d.u.i.k.p.i.AbstractProblemLoader Init config took 2.7s 
31985      INFO  main            d.u.i.k.p.i.AbstractProblemLoader Replaying proof Sum[Sum::sum2([I)].JML normal_behavior operation contract.0 
32009      DEBUG main            d.u.i.k.l.l.OriginTermLabel commonFileName is null! 
32009      DEBUG main            d.u.i.k.l.l.OriginTermLabel commonFileName is null! 
32043      DEBUG main            d.u.i.k.l.l.OriginTermLabel commonFileName is null! 
32069      DEBUG main            d.u.i.k.l.l.OriginTermLabel commonFileName is null! 
32069      DEBUG main            d.u.i.k.l.l.OriginTermLabel commonFileName is null! 
32071      DEBUG main            d.u.i.k.p.i.IntermediateProofReplayer Proof replay took 82.61ms 
32072      WARN  main            d.u.i.k.n.ParsingFacade   /home/runner/work/key/key/key.core/../key.ui/examples/heap/comprehensions/sum2.key.proof took 0 ms to parse. 
32072      WARN  main            d.u.i.k.n.ParsingFacade   Parsing time 353 ms. 
32073      DEBUG main            d.u.i.k.p.r.p.TestFile    ... success: reloaded. 
32074      INFO  main            d.u.i.k.p.r.p.TestFile    Now processing file /home/runner/work/key/key/key.core/../key.ui/examples/heap/comprehensions/sum3.key 
32074      INFO  main            d.u.i.k.p.i.AbstractProblemLoader Loading environment from /home/runner/work/key/key/key.core/../key.ui/examples/heap/comprehensions/sum3.key 
32074      DEBUG main            d.u.i.k.p.i.AbstractProblemLoader Environment load took 234.8ns 
32075      WARN  main            d.u.i.k.n.ParsingFacade   /home/runner/work/key/key/key.core/../key.ui/examples/heap/comprehensions/sum3.key took 0 ms to parse. 
32075      WARN  main            d.u.i.k.n.ParsingFacade   Parsing time 353 ms. 
32076      INFO  main            d.u.i.k.p.i.AbstractProblemLoader Creating init config 
32977      WARN  main            d.u.i.k.n.ParsingFacade   file:/home/runner/work/key/key/key.core/build/resources/main/de/uka/ilkd/key/java/JavaRedux/java/lang/String.key took 1 ms to parse. 
32978      WARN  main            d.u.i.k.n.ParsingFacade   Parsing time 354 ms. 
34778      DEBUG main            d.u.i.k.p.i.AbstractProblemLoader Init config took 2.7s 
34838      INFO  main            d.u.i.k.p.i.AbstractProblemLoader Replaying proof Sum[Sum::sum3([I)].JML normal_behavior operation contract.0 
34841      DEBUG main            d.u.i.k.p.i.IntermediateProofReplayer Proof replay took 6.4ns 
34842      WARN  main            d.u.i.k.n.ParsingFacade   /home/runner/work/key/key/key.core/../key.ui/examples/heap/comprehensions/sum3.key took 0 ms to parse. 
34842      WARN  main            d.u.i.k.n.ParsingFacade   Parsing time 354 ms. 
34892      DEBUG Thread-13       d.u.i.k.l.l.OriginTermLabel commonFileName is null! 
34893      DEBUG Thread-13       d.u.i.k.l.l.OriginTermLabel commonFileName is null! 
35006      DEBUG Thread-13       d.u.i.k.l.l.OriginTermLabel commonFileName is null! 
35006      DEBUG Thread-13       d.u.i.k.l.l.OriginTermLabel commonFileName is null! 
35097      DEBUG Thread-13       d.u.i.k.l.l.OriginTermLabel commonFileName is null! 
35245      INFO  main            d.u.i.k.p.r.p.TestFile    ... finished proof: closed. 
35408      INFO  main            d.u.i.k.p.i.AbstractProblemLoader Loading environment from /home/runner/work/key/key/key.core/../key.ui/examples/heap/comprehensions/sum3.key.proof 
35408      DEBUG main            d.u.i.k.p.i.AbstractProblemLoader Environment load took 498.81ns 
35409      WARN  main            d.u.i.k.n.ParsingFacade   /home/runner/work/key/key/key.core/../key.ui/examples/heap/comprehensions/sum3.key.proof took 0 ms to parse. 
35409      WARN  main            d.u.i.k.n.ParsingFacade   Parsing time 354 ms. 
35410      INFO  main            d.u.i.k.p.i.AbstractProblemLoader Creating init config 
36266      WARN  main            d.u.i.k.n.ParsingFacade   file:/home/runner/work/key/key/key.core/build/resources/main/de/uka/ilkd/key/java/JavaRedux/java/lang/String.key took 1 ms to parse. 
36267      WARN  main            d.u.i.k.n.ParsingFacade   Parsing time 355 ms. 
38063      DEBUG main            d.u.i.k.p.i.AbstractProblemLoader Init config took 2.65s 
38105      INFO  main            d.u.i.k.p.i.AbstractProblemLoader Replaying proof Sum[Sum::sum3([I)].JML normal_behavior operation contract.0 
38131      DEBUG main            d.u.i.k.l.l.OriginTermLabel commonFileName is null! 
38132      DEBUG main            d.u.i.k.l.l.OriginTermLabel commonFileName is null! 
38168      DEBUG main            d.u.i.k.l.l.OriginTermLabel commonFileName is null! 
38191      DEBUG main            d.u.i.k.l.l.OriginTermLabel commonFileName is null! 
38191      DEBUG main            d.u.i.k.l.l.OriginTermLabel commonFileName is null! 
38193      DEBUG main            d.u.i.k.p.i.IntermediateProofReplayer Proof replay took 84.81ms 
38194      WARN  main            d.u.i.k.n.ParsingFacade   /home/runner/work/key/key/key.core/../key.ui/examples/heap/comprehensions/sum3.key.proof took 0 ms to parse. 
38194      WARN  main            d.u.i.k.n.ParsingFacade   Parsing time 355 ms. 
38195      DEBUG main            d.u.i.k.p.r.p.TestFile    ... success: reloaded. 
38196      INFO  main            d.u.i.k.p.r.p.TestFile    Now processing file /home/runner/work/key/key/key.core/../key.ui/examples/heap/comprehensions/segsum.key 
38196      INFO  main            d.u.i.k.p.i.AbstractProblemLoader Loading environment from /home/runner/work/key/key/key.core/../key.ui/examples/heap/comprehensions/segsum.key 
38196      DEBUG main            d.u.i.k.p.i.AbstractProblemLoader Environment load took 235.4ns 
38197      WARN  main            d.u.i.k.n.ParsingFacade   /home/runner/work/key/key/key.core/../key.ui/examples/heap/comprehensions/segsum.key took 0 ms to parse. 
38197      WARN  main            d.u.i.k.n.ParsingFacade   Parsing time 355 ms. 
38198      INFO  main            d.u.i.k.p.i.AbstractProblemLoader Creating init config 
39122      WARN  main            d.u.i.k.n.ParsingFacade   file:/home/runner/work/key/key/key.core/build/resources/main/de/uka/ilkd/key/java/JavaRedux/java/lang/String.key took 1 ms to parse. 
39122      WARN  main            d.u.i.k.n.ParsingFacade   Parsing time 356 ms. 
40944      DEBUG main            d.u.i.k.p.i.AbstractProblemLoader Init config took 2.75s 
40998      INFO  main            d.u.i.k.p.i.AbstractProblemLoader Replaying proof SegSum[SegSum::segSum([I,int,int)].JML normal_behavior operation contract.0 
40999      DEBUG main            d.u.i.k.p.i.IntermediateProofReplayer Proof replay took 7.3ns 
41000      WARN  main            d.u.i.k.n.ParsingFacade   /home/runner/work/key/key/key.core/../key.ui/examples/heap/comprehensions/segsum.key took 0 ms to parse. 
41000      WARN  main            d.u.i.k.n.ParsingFacade   Parsing time 356 ms. 
41403      INFO  main            d.u.i.k.p.r.p.TestFile    ... finished proof: closed. 
41609      INFO  main            d.u.i.k.p.i.AbstractProblemLoader Loading environment from /home/runner/work/key/key/key.core/../key.ui/examples/heap/comprehensions/segsum.key.proof 
41610      DEBUG main            d.u.i.k.p.i.AbstractProblemLoader Environment load took 565.41ns 
41610      WARN  main            d.u.i.k.n.ParsingFacade   /home/runner/work/key/key/key.core/../key.ui/examples/heap/comprehensions/segsum.key.proof took 0 ms to parse. 
41610      WARN  main            d.u.i.k.n.ParsingFacade   Parsing time 356 ms. 
41611      INFO  main            d.u.i.k.p.i.AbstractProblemLoader Creating init config 
42467      WARN  main            d.u.i.k.n.ParsingFacade   file:/home/runner/work/key/key/key.core/build/resources/main/de/uka/ilkd/key/java/JavaRedux/java/lang/String.key took 2 ms to parse. 
42467      WARN  main            d.u.i.k.n.ParsingFacade   Parsing time 358 ms. 
44275      DEBUG main            d.u.i.k.p.i.AbstractProblemLoader Init config took 2.66s 
44312      INFO  main            d.u.i.k.p.i.AbstractProblemLoader Replaying proof SegSum[SegSum::segSum([I,int,int)].JML normal_behavior operation contract.0 
44418      DEBUG main            d.u.i.k.p.i.IntermediateProofReplayer Proof replay took 102.11ms 
44419      WARN  main            d.u.i.k.n.ParsingFacade   /home/runner/work/key/key/key.core/../key.ui/examples/heap/comprehensions/segsum.key.proof took 0 ms to parse. 
44419      WARN  main            d.u.i.k.n.ParsingFacade   Parsing time 358 ms. 
44419      DEBUG main            d.u.i.k.p.r.p.TestFile    ... success: reloaded. 
44420      INFO  main            d.u.i.k.p.r.p.TestFile    Now processing file /home/runner/work/key/key/key.core/../key.ui/examples/heap/comprehensions/bsum_negative.key 
44421      INFO  main            d.u.i.k.p.i.AbstractProblemLoader Loading environment from /home/runner/work/key/key/key.core/../key.ui/examples/heap/comprehensions/bsum_negative.key 
44421      DEBUG main            d.u.i.k.p.i.AbstractProblemLoader Environment load took 191ns 
44422      WARN  main            d.u.i.k.n.ParsingFacade   /home/runner/work/key/key/key.core/../key.ui/examples/heap/comprehensions/bsum_negative.key took 1 ms to parse. 
44422      WARN  main            d.u.i.k.n.ParsingFacade   Parsing time 359 ms. 
44423      INFO  main            d.u.i.k.p.i.AbstractProblemLoader Creating init config 
45198      WARN  main            d.u.i.k.n.ParsingFacade   file:/home/runner/work/key/key/key.core/build/resources/main/de/uka/ilkd/key/java/JavaRedux/java/lang/String.key took 1 ms to parse. 
45198      WARN  main            d.u.i.k.n.ParsingFacade   Parsing time 360 ms. 
46924      DEBUG main            d.u.i.k.p.i.AbstractProblemLoader Init config took 2.5s 
46941      INFO  main            d.u.i.k.p.i.AbstractProblemLoader Replaying proof bsum_negative.key 
46943      DEBUG main            d.u.i.k.p.i.IntermediateProofReplayer Proof replay took 6.1ns 
46943      WARN  main            d.u.i.k.n.ParsingFacade   /home/runner/work/key/key/key.core/../key.ui/examples/heap/comprehensions/bsum_negative.key took 0 ms to parse. 
46944      WARN  main            d.u.i.k.n.ParsingFacade   Parsing time 360 ms. 
47045      INFO  main            d.u.i.k.p.r.p.TestFile    ... finished proof: closed. 
47201      INFO  main            d.u.i.k.p.i.AbstractProblemLoader Loading environment from /home/runner/work/key/key/key.core/../key.ui/examples/heap/comprehensions/bsum_negative.key.proof 
47201      DEBUG main            d.u.i.k.p.i.AbstractProblemLoader Environment load took 98.6ns 
47202      WARN  main            d.u.i.k.n.ParsingFacade   /home/runner/work/key/key/key.core/../key.ui/examples/heap/comprehensions/bsum_negative.key.proof took 1 ms to parse. 
47202      WARN  main            d.u.i.k.n.ParsingFacade   Parsing time 361 ms. 
47203      INFO  main            d.u.i.k.p.i.AbstractProblemLoader Creating init config 
47980      WARN  main            d.u.i.k.n.ParsingFacade   file:/home/runner/work/key/key/key.core/build/resources/main/de/uka/ilkd/key/java/JavaRedux/java/lang/String.key took 1 ms to parse. 
47981      WARN  main            d.u.i.k.n.ParsingFacade   Parsing time 362 ms. 
49698      DEBUG main            d.u.i.k.p.i.AbstractProblemLoader Init config took 2.49s 
49714      INFO  main            d.u.i.k.p.i.AbstractProblemLoader Replaying proof bsum_negative.key.proof 
49717      DEBUG main            d.u.i.k.p.i.IntermediateProofReplayer Proof replay took 1.47ms 
49717      WARN  main            d.u.i.k.n.ParsingFacade   /home/runner/work/key/key/key.core/../key.ui/examples/heap/comprehensions/bsum_negative.key.proof took 0 ms to parse. 
49717      WARN  main            d.u.i.k.n.ParsingFacade   Parsing time 362 ms. 
49718      DEBUG main            d.u.i.k.p.r.p.TestFile    ... success: reloaded. 
49719      INFO  main            d.u.i.k.p.r.p.TestFile    Now processing file /home/runner/work/key/key/key.core/../key.ui/examples/heap/comprehensions/bsum_neg2.key 
49719      INFO  main            d.u.i.k.p.i.AbstractProblemLoader Loading environment from /home/runner/work/key/key/key.core/../key.ui/examples/heap/comprehensions/bsum_neg2.key 
49719      DEBUG main            d.u.i.k.p.i.AbstractProblemLoader Environment load took 276.9ns 
49720      WARN  main            d.u.i.k.n.ParsingFacade   /home/runner/work/key/key/key.core/../key.ui/examples/heap/comprehensions/bsum_neg2.key took 0 ms to parse. 
49720      WARN  main            d.u.i.k.n.ParsingFacade   Parsing time 362 ms. 
49721      INFO  main            d.u.i.k.p.i.AbstractProblemLoader Creating init config 
50549      WARN  main            d.u.i.k.n.ParsingFacade   file:/home/runner/work/key/key/key.core/build/resources/main/de/uka/ilkd/key/java/JavaRedux/java/lang/String.key took 1 ms to parse. 
50549      WARN  main            d.u.i.k.n.ParsingFacade   Parsing time 363 ms. 
52243      DEBUG main            d.u.i.k.p.i.AbstractProblemLoader Init config took 2.52s 
52260      INFO  main            d.u.i.k.p.i.AbstractProblemLoader Replaying proof bsum_neg2.key 
52262      DEBUG main            d.u.i.k.p.i.IntermediateProofReplayer Proof replay took 5.6ns 
52262      WARN  main            d.u.i.k.n.ParsingFacade   /home/runner/work/key/key/key.core/../key.ui/examples/heap/comprehensions/bsum_neg2.key took 0 ms to parse. 
52262      WARN  main            d.u.i.k.n.ParsingFacade   Parsing time 363 ms. 
52367      INFO  main            d.u.i.k.p.r.p.TestFile    ... finished proof: closed. 
52525      INFO  main            d.u.i.k.p.i.AbstractProblemLoader Loading environment from /home/runner/work/key/key/key.core/../key.ui/examples/heap/comprehensions/bsum_neg2.key.proof 
52525      DEBUG main            d.u.i.k.p.i.AbstractProblemLoader Environment load took 93.2ns 
52525      WARN  main            d.u.i.k.n.ParsingFacade   /home/runner/work/key/key/key.core/../key.ui/examples/heap/comprehensions/bsum_neg2.key.proof took 0 ms to parse. 
52525      WARN  main            d.u.i.k.n.ParsingFacade   Parsing time 363 ms. 
52526      INFO  main            d.u.i.k.p.i.AbstractProblemLoader Creating init config 
53311      WARN  main            d.u.i.k.n.ParsingFacade   file:/home/runner/work/key/key/key.core/build/resources/main/de/uka/ilkd/key/java/JavaRedux/java/lang/String.key took 1 ms to parse. 
53312      WARN  main            d.u.i.k.n.ParsingFacade   Parsing time 364 ms. 
55006      DEBUG main            d.u.i.k.p.i.AbstractProblemLoader Init config took 2.48s 
55022      INFO  main            d.u.i.k.p.i.AbstractProblemLoader Replaying proof bsum_neg2.key.proof 
55024      DEBUG main            d.u.i.k.p.i.IntermediateProofReplayer Proof replay took 909.51ns 
55024      WARN  main            d.u.i.k.n.ParsingFacade   /home/runner/work/key/key/key.core/../key.ui/examples/heap/comprehensions/bsum_neg2.key.proof took 0 ms to parse. 
55024      WARN  main            d.u.i.k.n.ParsingFacade   Parsing time 364 ms. 
55025      DEBUG main            d.u.i.k.p.r.p.TestFile    ... success: reloaded. 
55025      INFO  main            d.u.i.k.p.r.p.TestFile    Now processing file /home/runner/work/key/key/key.core/../key.ui/examples/heap/comprehensions/bsumSplit.key 
55026      INFO  main            d.u.i.k.p.i.AbstractProblemLoader Loading environment from /home/runner/work/key/key/key.core/../key.ui/examples/heap/comprehensions/bsumSplit.key 
55026      DEBUG main            d.u.i.k.p.i.AbstractProblemLoader Environment load took 86.9ns 
55026      WARN  main            d.u.i.k.n.ParsingFacade   /home/runner/work/key/key/key.core/../key.ui/examples/heap/comprehensions/bsumSplit.key took 0 ms to parse. 
55026      WARN  main            d.u.i.k.n.ParsingFacade   Parsing time 364 ms. 
55027      INFO  main            d.u.i.k.p.i.AbstractProblemLoader Creating init config 
55832      WARN  main            d.u.i.k.n.ParsingFacade   file:/home/runner/work/key/key/key.core/build/resources/main/de/uka/ilkd/key/java/JavaRedux/java/lang/String.key took 1 ms to parse. 
55832      WARN  main            d.u.i.k.n.ParsingFacade   Parsing time 365 ms. 
57532      DEBUG main            d.u.i.k.p.i.AbstractProblemLoader Init config took 2.51s 
57548      INFO  main            d.u.i.k.p.i.AbstractProblemLoader Replaying proof bsumSplit.key 
57549      DEBUG main            d.u.i.k.p.i.IntermediateProofReplayer Proof replay took 6.6ns 
57550      WARN  main            d.u.i.k.n.ParsingFacade   /home/runner/work/key/key/key.core/../key.ui/examples/heap/comprehensions/bsumSplit.key took 0 ms to parse. 
57550      WARN  main            d.u.i.k.n.ParsingFacade   Parsing time 365 ms. 
57651      INFO  main            d.u.i.k.p.r.p.TestFile    ... finished proof: closed. 
57851      INFO  main            d.u.i.k.p.i.AbstractProblemLoader Loading environment from /home/runner/work/key/key/key.core/../key.ui/examples/heap/comprehensions/bsumSplit.key.proof 
57851      DEBUG main            d.u.i.k.p.i.AbstractProblemLoader Environment load took 95ns 
57852      WARN  main            d.u.i.k.n.ParsingFacade   /home/runner/work/key/key/key.core/../key.ui/examples/heap/comprehensions/bsumSplit.key.proof took 0 ms to parse. 
57852      WARN  main            d.u.i.k.n.ParsingFacade   Parsing time 365 ms. 
57853      INFO  main            d.u.i.k.p.i.AbstractProblemLoader Creating init config 
58641      WARN  main            d.u.i.k.n.ParsingFacade   file:/home/runner/work/key/key/key.core/build/resources/main/de/uka/ilkd/key/java/JavaRedux/java/lang/String.key took 1 ms to parse. 
58641      WARN  main            d.u.i.k.n.ParsingFacade   Parsing time 366 ms. 
60374      DEBUG main            d.u.i.k.p.i.AbstractProblemLoader Init config took 2.52s 
60389      INFO  main            d.u.i.k.p.i.AbstractProblemLoader Replaying proof bsumSplit.key.proof 
60395      DEBUG main            d.u.i.k.p.i.IntermediateProofReplayer Proof replay took 4.14ms 
60396      WARN  main            d.u.i.k.n.ParsingFacade   /home/runner/work/key/key/key.core/../key.ui/examples/heap/comprehensions/bsumSplit.key.proof took 0 ms to parse. 
60396      WARN  main            d.u.i.k.n.ParsingFacade   Parsing time 366 ms. 
60397      DEBUG main            d.u.i.k.p.r.p.TestFile    ... success: reloaded. 
60400      INFO  main            d.u.i.k.p.r.p.TestFile    Now processing file /home/runner/work/key/key/key.core/../key.ui/examples/heap/comprehensions/bprodSplit.key 
60400      INFO  main            d.u.i.k.p.i.AbstractProblemLoader Loading environment from /home/runner/work/key/key/key.core/../key.ui/examples/heap/comprehensions/bprodSplit.key 
60401      DEBUG main            d.u.i.k.p.i.AbstractProblemLoader Environment load took 228.5ns 
60401      WARN  main            d.u.i.k.n.ParsingFacade   /home/runner/work/key/key/key.core/../key.ui/examples/heap/comprehensions/bprodSplit.key took 0 ms to parse. 
60401      WARN  main            d.u.i.k.n.ParsingFacade   Parsing time 366 ms. 
60402      INFO  main            d.u.i.k.p.i.AbstractProblemLoader Creating init config 
61257      WARN  main            d.u.i.k.n.ParsingFacade   file:/home/runner/work/key/key/key.core/build/resources/main/de/uka/ilkd/key/java/JavaRedux/java/lang/String.key took 1 ms to parse. 
61258      WARN  main            d.u.i.k.n.ParsingFacade   Parsing time 367 ms. 
62966      DEBUG main            d.u.i.k.p.i.AbstractProblemLoader Init config took 2.56s 
62981      INFO  main            d.u.i.k.p.i.AbstractProblemLoader Replaying proof bprodSplit.key 
62983      DEBUG main            d.u.i.k.p.i.IntermediateProofReplayer Proof replay took 7.3ns 
62984      WARN  main            d.u.i.k.n.ParsingFacade   /home/runner/work/key/key/key.core/../key.ui/examples/heap/comprehensions/bprodSplit.key took 1 ms to parse. 
62984      WARN  main            d.u.i.k.n.ParsingFacade   Parsing time 368 ms. 
63085      INFO  main            d.u.i.k.p.r.p.TestFile    ... finished proof: closed. 
63260      INFO  main            d.u.i.k.p.i.AbstractProblemLoader Loading environment from /home/runner/work/key/key/key.core/../key.ui/examples/heap/comprehensions/bprodSplit.key.proof 
63260      DEBUG main            d.u.i.k.p.i.AbstractProblemLoader Environment load took 90.1ns 
63261      WARN  main            d.u.i.k.n.ParsingFacade   /home/runner/work/key/key/key.core/../key.ui/examples/heap/comprehensions/bprodSplit.key.proof took 0 ms to parse. 
63261      WARN  main            d.u.i.k.n.ParsingFacade   Parsing time 368 ms. 
63262      INFO  main            d.u.i.k.p.i.AbstractProblemLoader Creating init config 
64035      WARN  main            d.u.i.k.n.ParsingFacade   file:/home/runner/work/key/key/key.core/build/resources/main/de/uka/ilkd/key/java/JavaRedux/java/lang/String.key took 1 ms to parse. 
64035      WARN  main            d.u.i.k.n.ParsingFacade   Parsing time 369 ms. 
65712      DEBUG main            d.u.i.k.p.i.AbstractProblemLoader Init config took 2.45s 
65729      INFO  main            d.u.i.k.p.i.AbstractProblemLoader Replaying proof bprodSplit.key.proof 
65733      DEBUG main            d.u.i.k.p.i.IntermediateProofReplayer Proof replay took 2.42ms 
65733      WARN  main            d.u.i.k.n.ParsingFacade   /home/runner/work/key/key/key.core/../key.ui/examples/heap/comprehensions/bprodSplit.key.proof took 0 ms to parse. 
65733      WARN  main            d.u.i.k.n.ParsingFacade   Parsing time 369 ms. 
65733      DEBUG main            d.u.i.k.p.r.p.TestFile    ... success: reloaded. 
65734      INFO  main            d.u.i.k.p.r.p.TestFile    Now processing file /home/runner/work/key/key/key.core/../key.ui/examples/heap/comprehensions/bsumSplitInvalid.key 
65734      INFO  main            d.u.i.k.p.i.AbstractProblemLoader Loading environment from /home/runner/work/key/key/key.core/../key.ui/examples/heap/comprehensions/bsumSplitInvalid.key 
65734      DEBUG main            d.u.i.k.p.i.AbstractProblemLoader Environment load took 84.1ns 
65735      WARN  main            d.u.i.k.n.ParsingFacade   /home/runner/work/key/key/key.core/../key.ui/examples/heap/comprehensions/bsumSplitInvalid.key took 1 ms to parse. 
65735      WARN  main            d.u.i.k.n.ParsingFacade   Parsing time 370 ms. 
65735      INFO  main            d.u.i.k.p.i.AbstractProblemLoader Creating init config 
66549      WARN  main            d.u.i.k.n.ParsingFacade   file:/home/runner/work/key/key/key.core/build/resources/main/de/uka/ilkd/key/java/JavaRedux/java/lang/String.key took 1 ms to parse. 
66549      WARN  main            d.u.i.k.n.ParsingFacade   Parsing time 371 ms. 
68228      DEBUG main            d.u.i.k.p.i.AbstractProblemLoader Init config took 2.49s 
68242      INFO  main            d.u.i.k.p.i.AbstractProblemLoader Replaying proof bsumSplitInvalid.key 
68243      DEBUG main            d.u.i.k.p.i.IntermediateProofReplayer Proof replay took 6.3ns 
68243      WARN  main            d.u.i.k.n.ParsingFacade   /home/runner/work/key/key/key.core/../key.ui/examples/heap/comprehensions/bsumSplitInvalid.key took 0 ms to parse. 
68243      WARN  main            d.u.i.k.n.ParsingFacade   Parsing time 371 ms. 
68346      INFO  main            d.u.i.k.p.r.p.TestFile    ... finished proof: open goal(s) 
148083     INFO  Test worker     d.u.i.k.p.r.RunAllProofsTestUnit Returning from test comprehensions 
148087     INFO  Test worker     d.u.i.k.p.r.RunAllProofsTestUnit Running test performance 
338        INFO  Timeout watchdog d.u.i.k.p.r.p.ForkedTestFileRunner Timeout watcher launched (2000 secs.) 
339        WARN  main            d.u.i.k.s.ProofSettings   The settings in /home/runner/.key/proof-settings.props are *not* read. 
371        INFO  main            d.u.i.k.p.r.p.TestFile    Now processing file /home/runner/work/key/key/key.core/../key.ui/examples/performance-test/Disjoint(Disjoint__disjoint_08()).JML_operation_contract.0.key 
489        INFO  main            d.u.i.k.p.i.AbstractProblemLoader Loading environment from /home/runner/work/key/key/key.core/../key.ui/examples/performance-test/Disjoint(Disjoint__disjoint_08()).JML_operation_contract.0.key 
504        DEBUG main            d.u.i.k.p.i.AbstractProblemLoader Environment load took 1.78ms 
587        WARN  main            d.u.i.k.n.ParsingFacade   /home/runner/work/key/key/key.core/../key.ui/examples/performance-test/Disjoint(Disjoint__disjoint_08()).JML_operation_contract.0.key took 11 ms to parse. 
587        WARN  main            d.u.i.k.n.ParsingFacade   Parsing time 11 ms. 
715        INFO  main            d.u.i.k.p.i.AbstractProblemLoader Creating init config 
734        WARN  main            d.u.i.k.n.ParsingFacade   file:/home/runner/work/key/key/key.core/build/resources/main/de/uka/ilkd/key/proof/rules/standardRules.key took 15 ms to parse. 
734        WARN  main            d.u.i.k.n.ParsingFacade   Parsing time 26 ms. 
755        WARN  main            d.u.i.k.n.ParsingFacade   file:/home/runner/work/key/key/key.core/build/resources/main/de/uka/ilkd/key/proof/rules/ldt.key took 4 ms to parse. 
755        WARN  main            d.u.i.k.n.ParsingFacade   Parsing time 30 ms. 
764        WARN  main            d.u.i.k.n.ParsingFacade   file:/home/runner/work/key/key/key.core/build/resources/main/de/uka/ilkd/key/proof/rules/boolean.key took 3 ms to parse. 
764        WARN  main            d.u.i.k.n.ParsingFacade   Parsing time 33 ms. 
789        WARN  main            d.u.i.k.n.ParsingFacade   file:/home/runner/work/key/key/key.core/build/resources/main/de/uka/ilkd/key/proof/rules/ruleSetsDeclarations.key took 13 ms to parse. 
789        WARN  main            d.u.i.k.n.ParsingFacade   Parsing time 46 ms. 
811        WARN  main            d.u.i.k.n.ParsingFacade   file:/home/runner/work/key/key/key.core/build/resources/main/de/uka/ilkd/key/proof/rules/integerHeader.key took 4 ms to parse. 
811        WARN  main            d.u.i.k.n.ParsingFacade   Parsing time 50 ms. 
813        WARN  main            d.u.i.k.n.ParsingFacade   file:/home/runner/work/key/key/key.core/build/resources/main/de/uka/ilkd/key/proof/rules/floatHeader.key took 1 ms to parse. 
813        WARN  main            d.u.i.k.n.ParsingFacade   Parsing time 51 ms. 
815        WARN  main            d.u.i.k.n.ParsingFacade   file:/home/runner/work/key/key/key.core/build/resources/main/de/uka/ilkd/key/proof/rules/heap.key took 1 ms to parse. 
815        WARN  main            d.u.i.k.n.ParsingFacade   Parsing time 52 ms. 
818        WARN  main            d.u.i.k.n.ParsingFacade   file:/home/runner/work/key/key/key.core/build/resources/main/de/uka/ilkd/key/proof/rules/locSets.key took 0 ms to parse. 
818        WARN  main            d.u.i.k.n.ParsingFacade   Parsing time 52 ms. 
819        WARN  main            d.u.i.k.n.ParsingFacade   file:/home/runner/work/key/key/key.core/build/resources/main/de/uka/ilkd/key/proof/rules/permission.key took 1 ms to parse. 
819        WARN  main            d.u.i.k.n.ParsingFacade   Parsing time 53 ms. 
819        WARN  main            d.u.i.k.n.ParsingFacade   file:/home/runner/work/key/key/key.core/build/resources/main/de/uka/ilkd/key/proof/rules/reach.key took 0 ms to parse. 
819        WARN  main            d.u.i.k.n.ParsingFacade   Parsing time 53 ms. 
820        WARN  main            d.u.i.k.n.ParsingFacade   file:/home/runner/work/key/key/key.core/build/resources/main/de/uka/ilkd/key/proof/rules/seq.key took 0 ms to parse. 
820        WARN  main            d.u.i.k.n.ParsingFacade   Parsing time 53 ms. 
846        WARN  main            d.u.i.k.n.ParsingFacade   file:/home/runner/work/key/key/key.core/build/resources/main/de/uka/ilkd/key/proof/rules/map.key took 25 ms to parse. 
846        WARN  main            d.u.i.k.n.ParsingFacade   Parsing time 78 ms. 
847        WARN  main            d.u.i.k.n.ParsingFacade   file:/home/runner/work/key/key/key.core/build/resources/main/de/uka/ilkd/key/proof/rules/freeADT.key took 0 ms to parse. 
847        WARN  main            d.u.i.k.n.ParsingFacade   Parsing time 78 ms. 
847        WARN  main            d.u.i.k.n.ParsingFacade   file:/home/runner/work/key/key/key.core/build/resources/main/de/uka/ilkd/key/proof/rules/wellfound.key took 0 ms to parse. 
847        WARN  main            d.u.i.k.n.ParsingFacade   Parsing time 78 ms. 
848        WARN  main            d.u.i.k.n.ParsingFacade   file:/home/runner/work/key/key/key.core/build/resources/main/de/uka/ilkd/key/proof/rules/charListHeader.key took 0 ms to parse. 
848        WARN  main            d.u.i.k.n.ParsingFacade   Parsing time 78 ms. 
955        WARN  main            d.u.i.k.n.ParsingFacade   file:/home/runner/work/key/key/key.core/build/resources/main/de/uka/ilkd/key/proof/rules/propRule.key took 4 ms to parse. 
955        WARN  main            d.u.i.k.n.ParsingFacade   Parsing time 82 ms. 
977        WARN  main            d.u.i.k.n.ParsingFacade   file:/home/runner/work/key/key/key.core/build/resources/main/de/uka/ilkd/key/proof/rules/firstOrderRules.key took 4 ms to parse. 
977        WARN  main            d.u.i.k.n.ParsingFacade   Parsing time 86 ms. 
993        WARN  main            d.u.i.k.n.ParsingFacade   file:/home/runner/work/key/key/key.core/build/resources/main/de/uka/ilkd/key/proof/rules/ifThenElseRules.key took 5 ms to parse. 
993        WARN  main            d.u.i.k.n.ParsingFacade   Parsing time 91 ms. 
1028       WARN  main            d.u.i.k.n.ParsingFacade   file:/home/runner/work/key/key/key.core/build/resources/main/de/uka/ilkd/key/proof/rules/formulaNormalisationRules.key took 20 ms to parse. 
1029       WARN  main            d.u.i.k.n.ParsingFacade   Parsing time 111 ms. 
1107       WARN  main            d.u.i.k.n.ParsingFacade   file:/home/runner/work/key/key/key.core/build/resources/main/de/uka/ilkd/key/proof/rules/updateRules.key took 3 ms to parse. 
1107       WARN  main            d.u.i.k.n.ParsingFacade   Parsing time 114 ms. 
1121       WARN  main            d.u.i.k.n.ParsingFacade   file:/home/runner/work/key/key/key.core/build/resources/main/de/uka/ilkd/key/proof/rules/integerRulesCommon.key took 2 ms to parse. 
1121       WARN  main            d.u.i.k.n.ParsingFacade   Parsing time 116 ms. 
1209       WARN  main            d.u.i.k.n.ParsingFacade   file:/home/runner/work/key/key/key.core/build/resources/main/de/uka/ilkd/key/proof/rules/intRules.key took 2 ms to parse. 
1210       WARN  main            d.u.i.k.n.ParsingFacade   Parsing time 118 ms. 
1223       WARN  main            d.u.i.k.n.ParsingFacade   file:/home/runner/work/key/key/key.core/build/resources/main/de/uka/ilkd/key/proof/rules/intRulesUncheckedSemantics.key took 2 ms to parse. 
1223       WARN  main            d.u.i.k.n.ParsingFacade   Parsing time 120 ms. 
1232       WARN  main            d.u.i.k.n.ParsingFacade   file:/home/runner/work/key/key/key.core/build/resources/main/de/uka/ilkd/key/proof/rules/intRulesCheckedSemantics.key took 1 ms to parse. 
1232       WARN  main            d.u.i.k.n.ParsingFacade   Parsing time 121 ms. 
1240       WARN  main            d.u.i.k.n.ParsingFacade   file:/home/runner/work/key/key/key.core/build/resources/main/de/uka/ilkd/key/proof/rules/intRulesJavaSemantics.key took 2 ms to parse. 
1240       WARN  main            d.u.i.k.n.ParsingFacade   Parsing time 123 ms. 
1292       WARN  main            d.u.i.k.n.ParsingFacade   file:/home/runner/work/key/key/key.core/build/resources/main/de/uka/ilkd/key/proof/rules/integerSimplificationRules.key took 33 ms to parse. 
1292       WARN  main            d.u.i.k.n.ParsingFacade   Parsing time 156 ms. 
1436       DEBUG main            d.u.i.k.j.TypeConverter   No LDT found for Meta 
1437       DEBUG main            d.u.i.k.j.TypeConverter   No LDT found for Meta 
1441       DEBUG main            d.u.i.k.j.TypeConverter   No LDT found for Meta 
1442       DEBUG main            d.u.i.k.j.TypeConverter   No LDT found for Meta 
1483       WARN  main            d.u.i.k.n.ParsingFacade   file:/home/runner/work/key/key/key.core/build/resources/main/de/uka/ilkd/key/proof/rules/intDiv.key took 8 ms to parse. 
1483       WARN  main            d.u.i.k.n.ParsingFacade   Parsing time 164 ms. 
1524       WARN  main            d.u.i.k.n.ParsingFacade   file:/home/runner/work/key/key/key.core/build/resources/main/de/uka/ilkd/key/proof/rules/bsum.key took 12 ms to parse. 
1525       WARN  main            d.u.i.k.n.ParsingFacade   Parsing time 176 ms. 
1562       WARN  main            d.u.i.k.n.ParsingFacade   file:/home/runner/work/key/key/key.core/build/resources/main/de/uka/ilkd/key/proof/rules/bprod.key took 2 ms to parse. 
1562       WARN  main            d.u.i.k.n.ParsingFacade   Parsing time 178 ms. 
1575       WARN  main            d.u.i.k.n.ParsingFacade   file:/home/runner/work/key/key/key.core/build/resources/main/de/uka/ilkd/key/proof/rules/binaryAxioms.key took 1 ms to parse. 
1575       WARN  main            d.u.i.k.n.ParsingFacade   Parsing time 179 ms. 
1581       WARN  main            d.u.i.k.n.ParsingFacade   file:/home/runner/work/key/key/key.core/build/resources/main/de/uka/ilkd/key/proof/rules/binaryLemmas.key took 1 ms to parse. 
1581       WARN  main            d.u.i.k.n.ParsingFacade   Parsing time 180 ms. 
1592       WARN  main            d.u.i.k.n.ParsingFacade   file:/home/runner/work/key/key/key.core/build/resources/main/de/uka/ilkd/key/proof/rules/intPow.key took 2 ms to parse. 
1592       WARN  main            d.u.i.k.n.ParsingFacade   Parsing time 182 ms. 
1608       WARN  main            d.u.i.k.n.ParsingFacade   file:/home/runner/work/key/key/key.core/build/resources/main/de/uka/ilkd/key/proof/rules/floatRulesCommon.key took 7 ms to parse. 
1609       WARN  main            d.u.i.k.n.ParsingFacade   Parsing time 189 ms. 
1646       WARN  main            d.u.i.k.n.ParsingFacade   file:/home/runner/work/key/key/key.core/build/resources/main/de/uka/ilkd/key/proof/rules/floatRules.key took 0 ms to parse. 
1646       WARN  main            d.u.i.k.n.ParsingFacade   Parsing time 189 ms. 
1647       WARN  main            d.u.i.k.n.ParsingFacade   file:/home/runner/work/key/key/key.core/build/resources/main/de/uka/ilkd/key/proof/rules/floatRulesVerifyNormal.key took 0 ms to parse. 
1647       WARN  main            d.u.i.k.n.ParsingFacade   Parsing time 189 ms. 
1651       WARN  main            d.u.i.k.n.ParsingFacade   file:/home/runner/work/key/key/key.core/build/resources/main/de/uka/ilkd/key/proof/rules/floatRulesAssumeStrictfp.key took 4 ms to parse. 
1652       WARN  main            d.u.i.k.n.ParsingFacade   Parsing time 193 ms. 
1685       WARN  main            d.u.i.k.n.ParsingFacade   file:/home/runner/work/key/key/key.core/build/resources/main/de/uka/ilkd/key/proof/rules/genericRules.key took 1 ms to parse. 
1686       WARN  main            d.u.i.k.n.ParsingFacade   Parsing time 194 ms. 
1694       WARN  main            d.u.i.k.n.ParsingFacade   file:/home/runner/work/key/key/key.core/build/resources/main/de/uka/ilkd/key/proof/rules/booleanRules.key took 0 ms to parse. 
1694       WARN  main            d.u.i.k.n.ParsingFacade   Parsing time 194 ms. 
1696       WARN  main            d.u.i.k.n.ParsingFacade   file:/home/runner/work/key/key/key.core/build/resources/main/de/uka/ilkd/key/proof/rules/epsilon.key took 0 ms to parse. 
1696       WARN  main            d.u.i.k.n.ParsingFacade   Parsing time 194 ms. 
1704       WARN  main            d.u.i.k.n.ParsingFacade   file:/home/runner/work/key/key/key.core/build/resources/main/de/uka/ilkd/key/proof/rules/locSetsRules.key took 6 ms to parse. 
1704       WARN  main            d.u.i.k.n.ParsingFacade   Parsing time 200 ms. 
1735       WARN  main            d.u.i.k.n.ParsingFacade   file:/home/runner/work/key/key/key.core/build/resources/main/de/uka/ilkd/key/proof/rules/heapRules.key took 7 ms to parse. 
1736       WARN  main            d.u.i.k.n.ParsingFacade   Parsing time 207 ms. 
1766       WARN  main            d.u.i.k.n.ParsingFacade   file:/home/runner/work/key/key/key.core/build/resources/main/de/uka/ilkd/key/proof/rules/permissionRules.key took 2 ms to parse. 
1767       WARN  main            d.u.i.k.n.ParsingFacade   Parsing time 209 ms. 
1785       WARN  main            d.u.i.k.n.ParsingFacade   file:/home/runner/work/key/key/key.core/build/resources/main/de/uka/ilkd/key/proof/rules/reachRules.key took 8 ms to parse. 
1785       WARN  main            d.u.i.k.n.ParsingFacade   Parsing time 217 ms. 
1828       WARN  main            d.u.i.k.n.ParsingFacade   file:/home/runner/work/key/key/key.core/build/resources/main/de/uka/ilkd/key/proof/rules/seqCoreRules.key took 1 ms to parse. 
1828       WARN  main            d.u.i.k.n.ParsingFacade   Parsing time 218 ms. 
1834       WARN  main            d.u.i.k.n.ParsingFacade   file:/home/runner/work/key/key/key.core/build/resources/main/de/uka/ilkd/key/proof/rules/seqRules.key took 4 ms to parse. 
1834       WARN  main            d.u.i.k.n.ParsingFacade   Parsing time 222 ms. 
1854       WARN  main            d.u.i.k.n.ParsingFacade   file:/home/runner/work/key/key/key.core/build/resources/main/de/uka/ilkd/key/proof/rules/seqPerm.key took 4 ms to parse. 
1854       WARN  main            d.u.i.k.n.ParsingFacade   Parsing time 226 ms. 
1867       WARN  main            d.u.i.k.n.ParsingFacade   file:/home/runner/work/key/key/key.core/build/resources/main/de/uka/ilkd/key/proof/rules/seqPerm2.key took 1 ms to parse. 
1867       WARN  main            d.u.i.k.n.ParsingFacade   Parsing time 227 ms. 
1949       WARN  main            d.u.i.k.n.ParsingFacade   file:/home/runner/work/key/key/key.core/build/resources/main/de/uka/ilkd/key/proof/rules/javaRules.key took 78 ms to parse. 
1949       WARN  main            d.u.i.k.n.ParsingFacade   Parsing time 305 ms. 
1958       WARN  main            d.u.i.k.n.ParsingFacade   file:/home/runner/work/key/key/key.core/build/resources/main/de/uka/ilkd/key/proof/rules/assertions.key took 1 ms to parse. 
1958       WARN  main            d.u.i.k.n.ParsingFacade   Parsing time 306 ms. 
2497       WARN  main            d.u.i.k.n.ParsingFacade   file:/home/runner/work/key/key/key.core/build/resources/main/de/uka/ilkd/key/proof/rules/loopRules.key took 3 ms to parse. 
2497       WARN  main            d.u.i.k.n.ParsingFacade   Parsing time 309 ms. 
2506       WARN  main            d.u.i.k.n.ParsingFacade   file:/home/runner/work/key/key/key.core/build/resources/main/de/uka/ilkd/key/proof/rules/activeUse.key took 2 ms to parse. 
2506       WARN  main            d.u.i.k.n.ParsingFacade   Parsing time 311 ms. 
2556       WARN  main            d.u.i.k.n.ParsingFacade   file:/home/runner/work/key/key/key.core/build/resources/main/de/uka/ilkd/key/proof/rules/instanceAllocation.key took 4 ms to parse. 
2556       WARN  main            d.u.i.k.n.ParsingFacade   Parsing time 315 ms. 
2567       WARN  main            d.u.i.k.n.ParsingFacade   file:/home/runner/work/key/key/key.core/build/resources/main/de/uka/ilkd/key/proof/rules/java5.key took 0 ms to parse. 
2567       WARN  main            d.u.i.k.n.ParsingFacade   Parsing time 315 ms. 
2573       WARN  main            d.u.i.k.n.ParsingFacade   file:/home/runner/work/key/key/key.core/build/resources/main/de/uka/ilkd/key/proof/rules/integerAssignment2UpdateRules.key took 2 ms to parse. 
2574       WARN  main            d.u.i.k.n.ParsingFacade   Parsing time 317 ms. 
2605       WARN  main            d.u.i.k.n.ParsingFacade   file:/home/runner/work/key/key/key.core/build/resources/main/de/uka/ilkd/key/proof/rules/floatAssignment2UpdateRules.key took 5 ms to parse. 
2605       WARN  main            d.u.i.k.n.ParsingFacade   Parsing time 322 ms. 
2626       WARN  main            d.u.i.k.n.ParsingFacade   file:/home/runner/work/key/key/key.core/build/resources/main/de/uka/ilkd/key/proof/rules/bigint.key took 2 ms to parse. 
2626       WARN  main            d.u.i.k.n.ParsingFacade   Parsing time 324 ms. 
2645       DEBUG main            d.u.i.k.j.TypeConverter   No LDT found for JavaBigintExpression 
2657       WARN  main            d.u.i.k.n.ParsingFacade   file:/home/runner/work/key/key/key.core/build/resources/main/de/uka/ilkd/key/proof/rules/adtProgramDecompositionRules.key took 9 ms to parse. 
2657       WARN  main            d.u.i.k.n.ParsingFacade   Parsing time 333 ms. 
2672       WARN  main            d.u.i.k.n.ParsingFacade   file:/home/runner/work/key/key/key.core/build/resources/main/de/uka/ilkd/key/proof/rules/precRules.key took 0 ms to parse. 
2674       WARN  main            d.u.i.k.n.ParsingFacade   Parsing time 333 ms. 
2679       WARN  main            d.u.i.k.n.ParsingFacade   file:/home/runner/work/key/key/key.core/build/resources/main/de/uka/ilkd/key/proof/rules/charListRules.key took 2 ms to parse. 
2679       WARN  main            d.u.i.k.n.ParsingFacade   Parsing time 335 ms. 
2718       WARN  main            d.u.i.k.n.ParsingFacade   file:/home/runner/work/key/key/key.core/build/resources/main/de/uka/ilkd/key/proof/rules/regExTheory.key took 0 ms to parse. 
2718       WARN  main            d.u.i.k.n.ParsingFacade   Parsing time 335 ms. 
2719       WARN  main            d.u.i.k.n.ParsingFacade   file:/home/runner/work/key/key/key.core/build/resources/main/de/uka/ilkd/key/proof/rules/regExHeader.key took 1 ms to parse. 
2719       WARN  main            d.u.i.k.n.ParsingFacade   Parsing time 336 ms. 
2720       WARN  main            d.u.i.k.n.ParsingFacade   file:/home/runner/work/key/key/key.core/build/resources/main/de/uka/ilkd/key/proof/rules/regExAxioms.key took 1 ms to parse. 
2720       WARN  main            d.u.i.k.n.ParsingFacade   Parsing time 337 ms. 
2724       WARN  main            d.u.i.k.n.ParsingFacade   file:/home/runner/work/key/key/key.core/build/resources/main/de/uka/ilkd/key/proof/rules/regExLemmaProven.key took 1 ms to parse. 
2724       WARN  main            d.u.i.k.n.ParsingFacade   Parsing time 338 ms. 
2729       WARN  main            d.u.i.k.n.ParsingFacade   file:/home/runner/work/key/key/key.core/build/resources/main/de/uka/ilkd/key/proof/rules/seqEq.key took 1 ms to parse. 
2729       WARN  main            d.u.i.k.n.ParsingFacade   Parsing time 339 ms. 
2734       WARN  main            d.u.i.k.n.ParsingFacade   file:/home/runner/work/key/key/key.core/build/resources/main/de/uka/ilkd/key/proof/rules/infFlow.key took 1 ms to parse. 
2734       WARN  main            d.u.i.k.n.ParsingFacade   Parsing time 340 ms. 
2738       WARN  main            d.u.i.k.n.ParsingFacade   file:/home/runner/work/key/key/key.core/build/resources/main/de/uka/ilkd/key/proof/rules/mapSize.key took 0 ms to parse. 
2738       WARN  main            d.u.i.k.n.ParsingFacade   Parsing time 340 ms. 
2740       WARN  main            d.u.i.k.n.ParsingFacade   file:/home/runner/work/key/key/key.core/build/resources/main/de/uka/ilkd/key/proof/rules/wd.key took 0 ms to parse. 
2740       WARN  main            d.u.i.k.n.ParsingFacade   Parsing time 340 ms. 
2745       WARN  main            d.u.i.k.n.ParsingFacade   file:/home/runner/work/key/key/key.core/build/resources/main/de/uka/ilkd/key/proof/rules/wdHeader.key took 1 ms to parse. 
2745       WARN  main            d.u.i.k.n.ParsingFacade   Parsing time 341 ms. 
2746       WARN  main            d.u.i.k.n.ParsingFacade   file:/home/runner/work/key/key/key.core/build/resources/main/de/uka/ilkd/key/proof/rules/wdGeneralRules.key took 1 ms to parse. 
2746       WARN  main            d.u.i.k.n.ParsingFacade   Parsing time 342 ms. 
2754       WARN  main            d.u.i.k.n.ParsingFacade   file:/home/runner/work/key/key/key.core/build/resources/main/de/uka/ilkd/key/proof/rules/wdNumericalRules.key took 4 ms to parse. 
2754       WARN  main            d.u.i.k.n.ParsingFacade   Parsing time 346 ms. 
2769       WARN  main            d.u.i.k.n.ParsingFacade   file:/home/runner/work/key/key/key.core/build/resources/main/de/uka/ilkd/key/proof/rules/wdLocSetRules.key took 1 ms to parse. 
2769       WARN  main            d.u.i.k.n.ParsingFacade   Parsing time 347 ms. 
2773       WARN  main            d.u.i.k.n.ParsingFacade   file:/home/runner/work/key/key/key.core/build/resources/main/de/uka/ilkd/key/proof/rules/wdHeapRules.key took 1 ms to parse. 
2773       WARN  main            d.u.i.k.n.ParsingFacade   Parsing time 348 ms. 
2776       WARN  main            d.u.i.k.n.ParsingFacade   file:/home/runner/work/key/key/key.core/build/resources/main/de/uka/ilkd/key/proof/rules/wdReachRules.key took 0 ms to parse. 
2776       WARN  main            d.u.i.k.n.ParsingFacade   Parsing time 348 ms. 
2777       WARN  main            d.u.i.k.n.ParsingFacade   file:/home/runner/work/key/key/key.core/build/resources/main/de/uka/ilkd/key/proof/rules/wdSeqRules.key took 0 ms to parse. 
2777       WARN  main            d.u.i.k.n.ParsingFacade   Parsing time 348 ms. 
2780       WARN  main            d.u.i.k.n.ParsingFacade   file:/home/runner/work/key/key/key.core/build/resources/main/de/uka/ilkd/key/proof/rules/wdStringRules.key took 1 ms to parse. 
2780       WARN  main            d.u.i.k.n.ParsingFacade   Parsing time 349 ms. 
2782       WARN  main            d.u.i.k.n.ParsingFacade   file:/home/runner/work/key/key/key.core/build/resources/main/de/uka/ilkd/key/proof/rules/wdRegExRules.key took 0 ms to parse. 
2782       WARN  main            d.u.i.k.n.ParsingFacade   Parsing time 349 ms. 
2786       WARN  main            d.u.i.k.n.ParsingFacade   file:/home/runner/work/key/key/key.core/build/resources/main/de/uka/ilkd/key/proof/rules/wdFormulaRules.key took 3 ms to parse. 
2786       WARN  main            d.u.i.k.n.ParsingFacade   Parsing time 352 ms. 
2800       WARN  main            d.u.i.k.n.ParsingFacade   file:/home/runner/work/key/key/key.core/build/resources/main/de/uka/ilkd/key/proof/rules/loopInvariantRules.key took 0 ms to parse. 
2800       WARN  main            d.u.i.k.n.ParsingFacade   Parsing time 352 ms. 
2802       WARN  main            d.u.i.k.n.ParsingFacade   file:/home/runner/work/key/key/key.core/build/resources/main/de/uka/ilkd/key/proof/rules/forLoopRules.key took 1 ms to parse. 
2802       WARN  main            d.u.i.k.n.ParsingFacade   Parsing time 353 ms. 
2809       WARN  main            d.u.i.k.n.ParsingFacade   file:/home/runner/work/key/key/key.core/build/resources/main/de/uka/ilkd/key/proof/rules/execRules.key took 4 ms to parse. 
2809       WARN  main            d.u.i.k.n.ParsingFacade   Parsing time 357 ms. 
2880       WARN  main            d.u.i.k.n.ParsingFacade   file:/home/runner/work/key/key/key.core/build/resources/main/de/uka/ilkd/key/proof/rules/loopScopeRules.key took 2 ms to parse. 
2880       WARN  main            d.u.i.k.n.ParsingFacade   Parsing time 359 ms. 
8293       DEBUG main            d.u.i.k.j.r.ClassPreparationMethodBuilder clPrepBuilder: Inner Class detected. Reject building class initialisation methods. 
8746       WARN  main            d.u.i.k.n.ParsingFacade   file:/home/runner/work/key/key/key.core/build/resources/main/de/uka/ilkd/key/java/JavaRedux/java/lang/String.key took 3 ms to parse. 
8746       WARN  main            d.u.i.k.n.ParsingFacade   Parsing time 362 ms. 
16439      DEBUG main            d.u.i.k.p.i.AbstractProblemLoader Init config took 15.72s 
16634      INFO  main            d.u.i.k.p.i.AbstractProblemLoader Replaying proof Disjoint[Disjoint::disjoint_8()].JML operation contract.0 
16685      DEBUG main            d.u.i.k.p.i.IntermediateProofReplayer Proof replay took 348.81ns 
16687      WARN  main            d.u.i.k.n.ParsingFacade   /home/runner/work/key/key/key.core/../key.ui/examples/performance-test/Disjoint(Disjoint__disjoint_08()).JML_operation_contract.0.key took 0 ms to parse. 
16687      WARN  main            d.u.i.k.n.ParsingFacade   Parsing time 362 ms. 
19236      INFO  main            d.u.i.k.p.r.p.TestFile    ... finished proof: closed. 
19446      INFO  main            d.u.i.k.p.i.AbstractProblemLoader Loading environment from /home/runner/work/key/key/key.core/../key.ui/examples/performance-test/Disjoint(Disjoint__disjoint_08()).JML_operation_contract.0.key.proof 
19447      DEBUG main            d.u.i.k.p.i.AbstractProblemLoader Environment load took 529.21ns 
19447      WARN  main            d.u.i.k.n.ParsingFacade   /home/runner/work/key/key/key.core/../key.ui/examples/performance-test/Disjoint(Disjoint__disjoint_08()).JML_operation_contract.0.key.proof took 0 ms to parse. 
19448      WARN  main            d.u.i.k.n.ParsingFacade   Parsing time 362 ms. 
19450      INFO  main            d.u.i.k.p.i.AbstractProblemLoader Creating init config 
22702      DEBUG main            d.u.i.k.j.r.ClassPreparationMethodBuilder clPrepBuilder: Inner Class detected. Reject building class initialisation methods. 
22985      WARN  main            d.u.i.k.n.ParsingFacade   file:/home/runner/work/key/key/key.core/build/resources/main/de/uka/ilkd/key/java/JavaRedux/java/lang/String.key took 2 ms to parse. 
22985      WARN  main            d.u.i.k.n.ParsingFacade   Parsing time 364 ms. 
29974      DEBUG main            d.u.i.k.p.i.AbstractProblemLoader Init config took 10.52s 
30085      INFO  main            d.u.i.k.p.i.AbstractProblemLoader Replaying proof Disjoint[Disjoint::disjoint_8()].JML operation contract.0 
30412      DEBUG main            d.u.i.k.p.i.IntermediateProofReplayer Proof replay took 316.38ms 
30415      WARN  main            d.u.i.k.n.ParsingFacade   /home/runner/work/key/key/key.core/../key.ui/examples/performance-test/Disjoint(Disjoint__disjoint_08()).JML_operation_contract.0.key.proof took 0 ms to parse. 
30415      WARN  main            d.u.i.k.n.ParsingFacade   Parsing time 364 ms. 
30431      DEBUG main            d.u.i.k.p.r.p.TestFile    ... success: reloaded. 
30433      INFO  main            d.u.i.k.p.r.p.TestFile    Now processing file /home/runner/work/key/key/key.core/../key.ui/examples/performance-test/Disjoint(Disjoint__disjoint2_08()).JML_operation_contract.0.key 
30435      INFO  main            d.u.i.k.p.i.AbstractProblemLoader Loading environment from /home/runner/work/key/key/key.core/../key.ui/examples/performance-test/Disjoint(Disjoint__disjoint2_08()).JML_operation_contract.0.key 
30435      DEBUG main            d.u.i.k.p.i.AbstractProblemLoader Environment load took 107.2ns 
30435      WARN  main            d.u.i.k.n.ParsingFacade   /home/runner/work/key/key/key.core/../key.ui/examples/performance-test/Disjoint(Disjoint__disjoint2_08()).JML_operation_contract.0.key took 0 ms to parse. 
30435      WARN  main            d.u.i.k.n.ParsingFacade   Parsing time 364 ms. 
30436      INFO  main            d.u.i.k.p.i.AbstractProblemLoader Creating init config 
33601      DEBUG main            d.u.i.k.j.r.ClassPreparationMethodBuilder clPrepBuilder: Inner Class detected. Reject building class initialisation methods. 
33839      WARN  main            d.u.i.k.n.ParsingFacade   file:/home/runner/work/key/key/key.core/build/resources/main/de/uka/ilkd/key/java/JavaRedux/java/lang/String.key took 1 ms to parse. 
33839      WARN  main            d.u.i.k.n.ParsingFacade   Parsing time 365 ms. 
40781      DEBUG main            d.u.i.k.p.i.AbstractProblemLoader Init config took 10.34s 
40889      INFO  main            d.u.i.k.p.i.AbstractProblemLoader Replaying proof Disjoint[Disjoint::disjoint2_8()].JML operation contract.0 
40892      DEBUG main            d.u.i.k.p.i.IntermediateProofReplayer Proof replay took 19.2ns 
40893      WARN  main            d.u.i.k.n.ParsingFacade   /home/runner/work/key/key/key.core/../key.ui/examples/performance-test/Disjoint(Disjoint__disjoint2_08()).JML_operation_contract.0.key took 0 ms to parse. 
40894      WARN  main            d.u.i.k.n.ParsingFacade   Parsing time 365 ms. 
41897      INFO  main            d.u.i.k.p.r.p.TestFile    ... finished proof: closed. 
42181      INFO  main            d.u.i.k.p.i.AbstractProblemLoader Loading environment from /home/runner/work/key/key/key.core/../key.ui/examples/performance-test/Disjoint(Disjoint__disjoint2_08()).JML_operation_contract.0.key.proof 
42182      DEBUG main            d.u.i.k.p.i.AbstractProblemLoader Environment load took 481.21ns 
42182      WARN  main            d.u.i.k.n.ParsingFacade   /home/runner/work/key/key/key.core/../key.ui/examples/performance-test/Disjoint(Disjoint__disjoint2_08()).JML_operation_contract.0.key.proof took 0 ms to parse. 
42182      WARN  main            d.u.i.k.n.ParsingFacade   Parsing time 365 ms. 
42184      INFO  main            d.u.i.k.p.i.AbstractProblemLoader Creating init config 
45213      DEBUG main            d.u.i.k.j.r.ClassPreparationMethodBuilder clPrepBuilder: Inner Class detected. Reject building class initialisation methods. 
45442      WARN  main            d.u.i.k.n.ParsingFacade   file:/home/runner/work/key/key/key.core/build/resources/main/de/uka/ilkd/key/java/JavaRedux/java/lang/String.key took 1 ms to parse. 
45442      WARN  main            d.u.i.k.n.ParsingFacade   Parsing time 366 ms. 
52323      DEBUG main            d.u.i.k.p.i.AbstractProblemLoader Init config took 10.14s 
52422      INFO  main            d.u.i.k.p.i.AbstractProblemLoader Replaying proof Disjoint[Disjoint::disjoint2_8()].JML operation contract.0 
52517      DEBUG main            d.u.i.k.p.i.IntermediateProofReplayer Proof replay took 90.34ms 
52518      WARN  main            d.u.i.k.n.ParsingFacade   /home/runner/work/key/key/key.core/../key.ui/examples/performance-test/Disjoint(Disjoint__disjoint2_08()).JML_operation_contract.0.key.proof took 1 ms to parse. 
52518      WARN  main            d.u.i.k.n.ParsingFacade   Parsing time 367 ms. 
52519      DEBUG main            d.u.i.k.p.r.p.TestFile    ... success: reloaded. 
52520      INFO  main            d.u.i.k.p.r.p.TestFile    Now processing file /home/runner/work/key/key/key.core/../key.ui/examples/performance-test/AccessChain1(AccessChain1__foo_08()).JML_operation_contract.0.key 
52521      INFO  main            d.u.i.k.p.i.AbstractProblemLoader Loading environment from /home/runner/work/key/key/key.core/../key.ui/examples/performance-test/AccessChain1(AccessChain1__foo_08()).JML_operation_contract.0.key 
52521      DEBUG main            d.u.i.k.p.i.AbstractProblemLoader Environment load took 236.71ns 
52521      WARN  main            d.u.i.k.n.ParsingFacade   /home/runner/work/key/key/key.core/../key.ui/examples/performance-test/AccessChain1(AccessChain1__foo_08()).JML_operation_contract.0.key took 0 ms to parse. 
52522      WARN  main            d.u.i.k.n.ParsingFacade   Parsing time 367 ms. 
52523      INFO  main            d.u.i.k.p.i.AbstractProblemLoader Creating init config 
55626      DEBUG main            d.u.i.k.j.r.ClassPreparationMethodBuilder clPrepBuilder: Inner Class detected. Reject building class initialisation methods. 
55832      WARN  main            d.u.i.k.n.ParsingFacade   file:/home/runner/work/key/key/key.core/build/resources/main/de/uka/ilkd/key/java/JavaRedux/java/lang/String.key took 1 ms to parse. 
55832      WARN  main            d.u.i.k.n.ParsingFacade   Parsing time 368 ms. 
62698      DEBUG main            d.u.i.k.p.i.AbstractProblemLoader Init config took 10.17s 
62799      INFO  main            d.u.i.k.p.i.AbstractProblemLoader Replaying proof AccessChain1[AccessChain1::foo_8()].JML operation contract.0 
62802      DEBUG main            d.u.i.k.p.i.IntermediateProofReplayer Proof replay took 11.5ns 
62803      WARN  main            d.u.i.k.n.ParsingFacade   /home/runner/work/key/key/key.core/../key.ui/examples/performance-test/AccessChain1(AccessChain1__foo_08()).JML_operation_contract.0.key took 0 ms to parse. 
62803      WARN  main            d.u.i.k.n.ParsingFacade   Parsing time 368 ms. 
65348      INFO  main            d.u.i.k.p.r.p.TestFile    ... finished proof: closed. 
65678      INFO  main            d.u.i.k.p.i.AbstractProblemLoader Loading environment from /home/runner/work/key/key/key.core/../key.ui/examples/performance-test/AccessChain1(AccessChain1__foo_08()).JML_operation_contract.0.key.proof 
65679      DEBUG main            d.u.i.k.p.i.AbstractProblemLoader Environment load took 794.91ns 
65681      WARN  main            d.u.i.k.n.ParsingFacade   /home/runner/work/key/key/key.core/../key.ui/examples/performance-test/AccessChain1(AccessChain1__foo_08()).JML_operation_contract.0.key.proof took 0 ms to parse. 
65681      WARN  main            d.u.i.k.n.ParsingFacade   Parsing time 368 ms. 
65682      INFO  main            d.u.i.k.p.i.AbstractProblemLoader Creating init config 
68663      DEBUG main            d.u.i.k.j.r.ClassPreparationMethodBuilder clPrepBuilder: Inner Class detected. Reject building class initialisation methods. 
68866      WARN  main            d.u.i.k.n.ParsingFacade   file:/home/runner/work/key/key/key.core/build/resources/main/de/uka/ilkd/key/java/JavaRedux/java/lang/String.key took 1 ms to parse. 
68866      WARN  main            d.u.i.k.n.ParsingFacade   Parsing time 369 ms. 
75736      DEBUG main            d.u.i.k.p.i.AbstractProblemLoader Init config took 10.05s 
75832      INFO  main            d.u.i.k.p.i.AbstractProblemLoader Replaying proof AccessChain1[AccessChain1::foo_8()].JML operation contract.0 
76352      DEBUG main            d.u.i.k.p.i.IntermediateProofReplayer Proof replay took 506.47ms 
76353      WARN  main            d.u.i.k.n.ParsingFacade   /home/runner/work/key/key/key.core/../key.ui/examples/performance-test/AccessChain1(AccessChain1__foo_08()).JML_operation_contract.0.key.proof took 0 ms to parse. 
76353      WARN  main            d.u.i.k.n.ParsingFacade   Parsing time 369 ms. 
76355      DEBUG main            d.u.i.k.p.r.p.TestFile    ... success: reloaded. 
76356      INFO  main            d.u.i.k.p.r.p.TestFile    Now processing file /home/runner/work/key/key/key.core/../key.ui/examples/performance-test/AccessChain4(AccessChain4__foo_08()).JML_operation_contract.0.key 
76357      INFO  main            d.u.i.k.p.i.AbstractProblemLoader Loading environment from /home/runner/work/key/key/key.core/../key.ui/examples/performance-test/AccessChain4(AccessChain4__foo_08()).JML_operation_contract.0.key 
76357      DEBUG main            d.u.i.k.p.i.AbstractProblemLoader Environment load took 219.3ns 
76357      WARN  main            d.u.i.k.n.ParsingFacade   /home/runner/work/key/key/key.core/../key.ui/examples/performance-test/AccessChain4(AccessChain4__foo_08()).JML_operation_contract.0.key took 0 ms to parse. 
76358      WARN  main            d.u.i.k.n.ParsingFacade   Parsing time 369 ms. 
76359      INFO  main            d.u.i.k.p.i.AbstractProblemLoader Creating init config 
79386      DEBUG main            d.u.i.k.j.r.ClassPreparationMethodBuilder clPrepBuilder: Inner Class detected. Reject building class initialisation methods. 
79613      WARN  main            d.u.i.k.n.ParsingFacade   file:/home/runner/work/key/key/key.core/build/resources/main/de/uka/ilkd/key/java/JavaRedux/java/lang/String.key took 1 ms to parse. 
79614      WARN  main            d.u.i.k.n.ParsingFacade   Parsing time 370 ms. 
86517      DEBUG main            d.u.i.k.p.i.AbstractProblemLoader Init config took 10.16s 
86611      INFO  main            d.u.i.k.p.i.AbstractProblemLoader Replaying proof AccessChain4[AccessChain4::foo_8()].JML operation contract.0 
86613      DEBUG main            d.u.i.k.p.i.IntermediateProofReplayer Proof replay took 10.9ns 
86613      WARN  main            d.u.i.k.n.ParsingFacade   /home/runner/work/key/key/key.core/../key.ui/examples/performance-test/AccessChain4(AccessChain4__foo_08()).JML_operation_contract.0.key took 0 ms to parse. 
86614      WARN  main            d.u.i.k.n.ParsingFacade   Parsing time 370 ms. 
92961      INFO  main            d.u.i.k.p.r.p.TestFile    ... finished proof: closed. 
93341      INFO  main            d.u.i.k.p.i.AbstractProblemLoader Loading environment from /home/runner/work/key/key/key.core/../key.ui/examples/performance-test/AccessChain4(AccessChain4__foo_08()).JML_operation_contract.0.key.proof 
93342      DEBUG main            d.u.i.k.p.i.AbstractProblemLoader Environment load took 190.2ns 
93343      WARN  main            d.u.i.k.n.ParsingFacade   /home/runner/work/key/key/key.core/../key.ui/examples/performance-test/AccessChain4(AccessChain4__foo_08()).JML_operation_contract.0.key.proof took 0 ms to parse. 
93343      WARN  main            d.u.i.k.n.ParsingFacade   Parsing time 370 ms. 
93344      INFO  main            d.u.i.k.p.i.AbstractProblemLoader Creating init config 
96274      DEBUG main            d.u.i.k.j.r.ClassPreparationMethodBuilder clPrepBuilder: Inner Class detected. Reject building class initialisation methods. 
96489      WARN  main            d.u.i.k.n.ParsingFacade   file:/home/runner/work/key/key/key.core/build/resources/main/de/uka/ilkd/key/java/JavaRedux/java/lang/String.key took 1 ms to parse. 
96489      WARN  main            d.u.i.k.n.ParsingFacade   Parsing time 371 ms. 
103352     DEBUG main            d.u.i.k.p.i.AbstractProblemLoader Init config took 10.01s 
103444     INFO  main            d.u.i.k.p.i.AbstractProblemLoader Replaying proof AccessChain4[AccessChain4::foo_8()].JML operation contract.0 
104417     DEBUG main            d.u.i.k.p.i.IntermediateProofReplayer Proof replay took 946.01ms 
104419     WARN  main            d.u.i.k.n.ParsingFacade   /home/runner/work/key/key/key.core/../key.ui/examples/performance-test/AccessChain4(AccessChain4__foo_08()).JML_operation_contract.0.key.proof took 1 ms to parse. 
104419     WARN  main            d.u.i.k.n.ParsingFacade   Parsing time 372 ms. 
104420     DEBUG main            d.u.i.k.p.r.p.TestFile    ... success: reloaded. 
104421     INFO  main            d.u.i.k.p.r.p.TestFile    Now processing file /home/runner/work/key/key/key.core/../key.ui/examples/performance-test/Disjoint(Disjoint__xZero_08()).JML_operation_contract.0.key 
104422     INFO  main            d.u.i.k.p.i.AbstractProblemLoader Loading environment from /home/runner/work/key/key/key.core/../key.ui/examples/performance-test/Disjoint(Disjoint__xZero_08()).JML_operation_contract.0.key 
104422     DEBUG main            d.u.i.k.p.i.AbstractProblemLoader Environment load took 220.31ns 
104422     WARN  main            d.u.i.k.n.ParsingFacade   /home/runner/work/key/key/key.core/../key.ui/examples/performance-test/Disjoint(Disjoint__xZero_08()).JML_operation_contract.0.key took 0 ms to parse. 
104422     WARN  main            d.u.i.k.n.ParsingFacade   Parsing time 372 ms. 
104423     INFO  main            d.u.i.k.p.i.AbstractProblemLoader Creating init config 
107490     DEBUG main            d.u.i.k.j.r.ClassPreparationMethodBuilder clPrepBuilder: Inner Class detected. Reject building class initialisation methods. 
107689     WARN  main            d.u.i.k.n.ParsingFacade   file:/home/runner/work/key/key/key.core/build/resources/main/de/uka/ilkd/key/java/JavaRedux/java/lang/String.key took 1 ms to parse. 
107689     WARN  main            d.u.i.k.n.ParsingFacade   Parsing time 373 ms. 
114508     DEBUG main            d.u.i.k.p.i.AbstractProblemLoader Init config took 10.08s 
114599     INFO  main            d.u.i.k.p.i.AbstractProblemLoader Replaying proof Disjoint[Disjoint::xZero_8()].JML operation contract.0 
114601     DEBUG main            d.u.i.k.p.i.IntermediateProofReplayer Proof replay took 11.2ns 
114601     WARN  main            d.u.i.k.n.ParsingFacade   /home/runner/work/key/key/key.core/../key.ui/examples/performance-test/Disjoint(Disjoint__xZero_08()).JML_operation_contract.0.key took 0 ms to parse. 
114601     WARN  main            d.u.i.k.n.ParsingFacade   Parsing time 373 ms. 
115608     INFO  main            d.u.i.k.p.r.p.TestFile    ... finished proof: closed. 
115969     INFO  main            d.u.i.k.p.i.AbstractProblemLoader Loading environment from /home/runner/work/key/key/key.core/../key.ui/examples/performance-test/Disjoint(Disjoint__xZero_08()).JML_operation_contract.0.key.proof 
115969     DEBUG main            d.u.i.k.p.i.AbstractProblemLoader Environment load took 494.81ns 
115970     WARN  main            d.u.i.k.n.ParsingFacade   /home/runner/work/key/key/key.core/../key.ui/examples/performance-test/Disjoint(Disjoint__xZero_08()).JML_operation_contract.0.key.proof took 0 ms to parse. 
115970     WARN  main            d.u.i.k.n.ParsingFacade   Parsing time 373 ms. 
115971     INFO  main            d.u.i.k.p.i.AbstractProblemLoader Creating init config 
118898     DEBUG main            d.u.i.k.j.r.ClassPreparationMethodBuilder clPrepBuilder: Inner Class detected. Reject building class initialisation methods. 
119095     WARN  main            d.u.i.k.n.ParsingFacade   file:/home/runner/work/key/key/key.core/build/resources/main/de/uka/ilkd/key/java/JavaRedux/java/lang/String.key took 1 ms to parse. 
119095     WARN  main            d.u.i.k.n.ParsingFacade   Parsing time 374 ms. 
125897     DEBUG main            d.u.i.k.p.i.AbstractProblemLoader Init config took 9.93s 
125988     INFO  main            d.u.i.k.p.i.AbstractProblemLoader Replaying proof Disjoint[Disjoint::xZero_8()].JML operation contract.0 
126178     DEBUG main            d.u.i.k.p.i.IntermediateProofReplayer Proof replay took 183.75ms 
126179     WARN  main            d.u.i.k.n.ParsingFacade   /home/runner/work/key/key/key.core/../key.ui/examples/performance-test/Disjoint(Disjoint__xZero_08()).JML_operation_contract.0.key.proof took 0 ms to parse. 
126179     WARN  main            d.u.i.k.n.ParsingFacade   Parsing time 374 ms. 
126180     DEBUG main            d.u.i.k.p.r.p.TestFile    ... success: reloaded. 
126182     INFO  main            d.u.i.k.p.r.p.TestFile    Now processing file /home/runner/work/key/key/key.core/../key.ui/examples/performance-test/Dynamic(Dynamic__foo_08()).JML_operation_contract.0.key 
126182     INFO  main            d.u.i.k.p.i.AbstractProblemLoader Loading environment from /home/runner/work/key/key/key.core/../key.ui/examples/performance-test/Dynamic(Dynamic__foo_08()).JML_operation_contract.0.key 
126183     DEBUG main            d.u.i.k.p.i.AbstractProblemLoader Environment load took 241.71ns 
126183     WARN  main            d.u.i.k.n.ParsingFacade   /home/runner/work/key/key/key.core/../key.ui/examples/performance-test/Dynamic(Dynamic__foo_08()).JML_operation_contract.0.key took 0 ms to parse. 
126183     WARN  main            d.u.i.k.n.ParsingFacade   Parsing time 374 ms. 
126184     INFO  main            d.u.i.k.p.i.AbstractProblemLoader Creating init config 
129251     DEBUG main            d.u.i.k.j.r.ClassPreparationMethodBuilder clPrepBuilder: Inner Class detected. Reject building class initialisation methods. 
129450     WARN  main            d.u.i.k.n.ParsingFacade   file:/home/runner/work/key/key/key.core/build/resources/main/de/uka/ilkd/key/java/JavaRedux/java/lang/String.key took 1 ms to parse. 
129450     WARN  main            d.u.i.k.n.ParsingFacade   Parsing time 375 ms. 
136246     DEBUG main            d.u.i.k.p.i.AbstractProblemLoader Init config took 10.06s 
136336     INFO  main            d.u.i.k.p.i.AbstractProblemLoader Replaying proof Dynamic[Dynamic::foo_8()].JML operation contract.0 
136340     DEBUG main            d.u.i.k.p.i.IntermediateProofReplayer Proof replay took 10.8ns 
136340     WARN  main            d.u.i.k.n.ParsingFacade   /home/runner/work/key/key/key.core/../key.ui/examples/performance-test/Dynamic(Dynamic__foo_08()).JML_operation_contract.0.key took 0 ms to parse. 
136341     WARN  main            d.u.i.k.n.ParsingFacade   Parsing time 375 ms. 
141986     INFO  main            d.u.i.k.p.r.p.TestFile    ... finished proof: closed. 
142363     INFO  main            d.u.i.k.p.i.AbstractProblemLoader Loading environment from /home/runner/work/key/key/key.core/../key.ui/examples/performance-test/Dynamic(Dynamic__foo_08()).JML_operation_contract.0.key.proof 
142363     DEBUG main            d.u.i.k.p.i.AbstractProblemLoader Environment load took 192ns 
142364     WARN  main            d.u.i.k.n.ParsingFacade   /home/runner/work/key/key/key.core/../key.ui/examples/performance-test/Dynamic(Dynamic__foo_08()).JML_operation_contract.0.key.proof took 0 ms to parse. 
142364     WARN  main            d.u.i.k.n.ParsingFacade   Parsing time 375 ms. 
142365     INFO  main            d.u.i.k.p.i.AbstractProblemLoader Creating init config 
145307     DEBUG main            d.u.i.k.j.r.ClassPreparationMethodBuilder clPrepBuilder: Inner Class detected. Reject building class initialisation methods. 
145503     WARN  main            d.u.i.k.n.ParsingFacade   file:/home/runner/work/key/key/key.core/build/resources/main/de/uka/ilkd/key/java/JavaRedux/java/lang/String.key took 1 ms to parse. 
145503     WARN  main            d.u.i.k.n.ParsingFacade   Parsing time 376 ms. 
152318     DEBUG main            d.u.i.k.p.i.AbstractProblemLoader Init config took 9.95s 
152408     INFO  main            d.u.i.k.p.i.AbstractProblemLoader Replaying proof Dynamic[Dynamic::foo_8()].JML operation contract.0 
152976     DEBUG main            d.u.i.k.p.i.IntermediateProofReplayer Proof replay took 548.6ms 
152978     WARN  main            d.u.i.k.n.ParsingFacade   /home/runner/work/key/key/key.core/../key.ui/examples/performance-test/Dynamic(Dynamic__foo_08()).JML_operation_contract.0.key.proof took 0 ms to parse. 
152978     WARN  main            d.u.i.k.n.ParsingFacade   Parsing time 376 ms. 
152978     DEBUG main            d.u.i.k.p.r.p.TestFile    ... success: reloaded. 
152981     INFO  main            d.u.i.k.p.r.p.TestFile    Now processing file /home/runner/work/key/key/key.core/../key.ui/examples/performance-test/DynamicGhost(DynamicGhost__dynamicGhost_08()).JML_normal_behavior_operation_contract.0.key 
152981     INFO  main            d.u.i.k.p.i.AbstractProblemLoader Loading environment from /home/runner/work/key/key/key.core/../key.ui/examples/performance-test/DynamicGhost(DynamicGhost__dynamicGhost_08()).JML_normal_behavior_operation_contract.0.key 
152981     DEBUG main            d.u.i.k.p.i.AbstractProblemLoader Environment load took 108.9ns 
152981     WARN  main            d.u.i.k.n.ParsingFacade   /home/runner/work/key/key/key.core/../key.ui/examples/performance-test/DynamicGhost(DynamicGhost__dynamicGhost_08()).JML_normal_behavior_operation_contract.0.key took 0 ms to parse. 
152981     WARN  main            d.u.i.k.n.ParsingFacade   Parsing time 376 ms. 
152982     INFO  main            d.u.i.k.p.i.AbstractProblemLoader Creating init config 
156039     DEBUG main            d.u.i.k.j.r.ClassPreparationMethodBuilder clPrepBuilder: Inner Class detected. Reject building class initialisation methods. 
156234     WARN  main            d.u.i.k.n.ParsingFacade   file:/home/runner/work/key/key/key.core/build/resources/main/de/uka/ilkd/key/java/JavaRedux/java/lang/String.key took 1 ms to parse. 
156235     WARN  main            d.u.i.k.n.ParsingFacade   Parsing time 377 ms. 
163047     DEBUG main            d.u.i.k.p.i.AbstractProblemLoader Init config took 10.07s 
163138     INFO  main            d.u.i.k.p.i.AbstractProblemLoader Replaying proof DynamicGhost[DynamicGhost::dynamicGhost_8()].JML normal_behavior operation contract.0 
163140     DEBUG main            d.u.i.k.p.i.IntermediateProofReplayer Proof replay took 11.2ns 
163141     WARN  main            d.u.i.k.n.ParsingFacade   /home/runner/work/key/key/key.core/../key.ui/examples/performance-test/DynamicGhost(DynamicGhost__dynamicGhost_08()).JML_normal_behavior_operation_contract.0.key took 0 ms to parse. 
163141     WARN  main            d.u.i.k.n.ParsingFacade   Parsing time 377 ms. 
167684     INFO  main            d.u.i.k.p.r.p.TestFile    ... finished proof: closed. 
168096     INFO  main            d.u.i.k.p.i.AbstractProblemLoader Loading environment from /home/runner/work/key/key/key.core/../key.ui/examples/performance-test/DynamicGhost(DynamicGhost__dynamicGhost_08()).JML_normal_behavior_operation_contract.0.key.proof 
168097     DEBUG main            d.u.i.k.p.i.AbstractProblemLoader Environment load took 493.11ns 
168098     WARN  main            d.u.i.k.n.ParsingFacade   /home/runner/work/key/key/key.core/../key.ui/examples/performance-test/DynamicGhost(DynamicGhost__dynamicGhost_08()).JML_normal_behavior_operation_contract.0.key.proof took 0 ms to parse. 
168098     WARN  main            d.u.i.k.n.ParsingFacade   Parsing time 377 ms. 
168099     INFO  main            d.u.i.k.p.i.AbstractProblemLoader Creating init config 
171029     DEBUG main            d.u.i.k.j.r.ClassPreparationMethodBuilder clPrepBuilder: Inner Class detected. Reject building class initialisation methods. 
171224     WARN  main            d.u.i.k.n.ParsingFacade   file:/home/runner/work/key/key/key.core/build/resources/main/de/uka/ilkd/key/java/JavaRedux/java/lang/String.key took 2 ms to parse. 
171224     WARN  main            d.u.i.k.n.ParsingFacade   Parsing time 379 ms. 
178038     DEBUG main            d.u.i.k.p.i.AbstractProblemLoader Init config took 9.94s 
178153     INFO  main            d.u.i.k.p.i.AbstractProblemLoader Replaying proof DynamicGhost[DynamicGhost::dynamicGhost_8()].JML normal_behavior operation contract.0 
178692     DEBUG main            d.u.i.k.p.i.IntermediateProofReplayer Proof replay took 519.98ms 
178694     WARN  main            d.u.i.k.n.ParsingFacade   /home/runner/work/key/key/key.core/../key.ui/examples/performance-test/DynamicGhost(DynamicGhost__dynamicGhost_08()).JML_normal_behavior_operation_contract.0.key.proof took 0 ms to parse. 
178694     WARN  main            d.u.i.k.n.ParsingFacade   Parsing time 379 ms. 
178695     DEBUG main            d.u.i.k.p.r.p.TestFile    ... success: reloaded. 
178696     INFO  main            d.u.i.k.p.r.p.TestFile    Now processing file /home/runner/work/key/key/key.core/../key.ui/examples/performance-test/GhostFrame(GhostFrame__foo_08()).JML_operation_contract.0.key 
178697     INFO  main            d.u.i.k.p.i.AbstractProblemLoader Loading environment from /home/runner/work/key/key/key.core/../key.ui/examples/performance-test/GhostFrame(GhostFrame__foo_08()).JML_operation_contract.0.key 
178697     DEBUG main            d.u.i.k.p.i.AbstractProblemLoader Environment load took 280.7ns 
178697     WARN  main            d.u.i.k.n.ParsingFacade   /home/runner/work/key/key/key.core/../key.ui/examples/performance-test/GhostFrame(GhostFrame__foo_08()).JML_operation_contract.0.key took 0 ms to parse. 
178698     WARN  main            d.u.i.k.n.ParsingFacade   Parsing time 379 ms. 
178698     INFO  main            d.u.i.k.p.i.AbstractProblemLoader Creating init config 
181753     DEBUG main            d.u.i.k.j.r.ClassPreparationMethodBuilder clPrepBuilder: Inner Class detected. Reject building class initialisation methods. 
181950     WARN  main            d.u.i.k.n.ParsingFacade   file:/home/runner/work/key/key/key.core/build/resources/main/de/uka/ilkd/key/java/JavaRedux/java/lang/String.key took 1 ms to parse. 
181951     WARN  main            d.u.i.k.n.ParsingFacade   Parsing time 380 ms. 
188809     DEBUG main            d.u.i.k.p.i.AbstractProblemLoader Init config took 10.11s 
188895     INFO  main            d.u.i.k.p.i.AbstractProblemLoader Replaying proof GhostFrame[GhostFrame::foo_8()].JML operation contract.0 
188897     DEBUG main            d.u.i.k.p.i.IntermediateProofReplayer Proof replay took 12ns 
188898     WARN  main            d.u.i.k.n.ParsingFacade   /home/runner/work/key/key/key.core/../key.ui/examples/performance-test/GhostFrame(GhostFrame__foo_08()).JML_operation_contract.0.key took 0 ms to parse. 
188898     WARN  main            d.u.i.k.n.ParsingFacade   Parsing time 380 ms. 
191008     INFO  main            d.u.i.k.p.r.p.TestFile    ... finished proof: closed. 
191441     INFO  main            d.u.i.k.p.i.AbstractProblemLoader Loading environment from /home/runner/work/key/key/key.core/../key.ui/examples/performance-test/GhostFrame(GhostFrame__foo_08()).JML_operation_contract.0.key.proof 
191442     DEBUG main            d.u.i.k.p.i.AbstractProblemLoader Environment load took 286.5ns 
191442     WARN  main            d.u.i.k.n.ParsingFacade   /home/runner/work/key/key/key.core/../key.ui/examples/performance-test/GhostFrame(GhostFrame__foo_08()).JML_operation_contract.0.key.proof took 0 ms to parse. 
191442     WARN  main            d.u.i.k.n.ParsingFacade   Parsing time 380 ms. 
191443     INFO  main            d.u.i.k.p.i.AbstractProblemLoader Creating init config 
194365     DEBUG main            d.u.i.k.j.r.ClassPreparationMethodBuilder clPrepBuilder: Inner Class detected. Reject building class initialisation methods. 
194563     WARN  main            d.u.i.k.n.ParsingFacade   file:/home/runner/work/key/key/key.core/build/resources/main/de/uka/ilkd/key/java/JavaRedux/java/lang/String.key took 1 ms to parse. 
194563     WARN  main            d.u.i.k.n.ParsingFacade   Parsing time 381 ms. 
201384     DEBUG main            d.u.i.k.p.i.AbstractProblemLoader Init config took 9.94s 
201471     INFO  main            d.u.i.k.p.i.AbstractProblemLoader Replaying proof GhostFrame[GhostFrame::foo_8()].JML operation contract.0 
201800     DEBUG main            d.u.i.k.p.i.IntermediateProofReplayer Proof replay took 322.1ms 
201801     WARN  main            d.u.i.k.n.ParsingFacade   /home/runner/work/key/key/key.core/../key.ui/examples/performance-test/GhostFrame(GhostFrame__foo_08()).JML_operation_contract.0.key.proof took 0 ms to parse. 
201801     WARN  main            d.u.i.k.n.ParsingFacade   Parsing time 381 ms. 
201802     DEBUG main            d.u.i.k.p.r.p.TestFile    ... success: reloaded. 
201803     INFO  main            d.u.i.k.p.r.p.TestFile    Now processing file /home/runner/work/key/key/key.core/../key.ui/examples/performance-test/Modelfield(Modelfield__foo_08()).JML_operation_contract.0.key 
201803     INFO  main            d.u.i.k.p.i.AbstractProblemLoader Loading environment from /home/runner/work/key/key/key.core/../key.ui/examples/performance-test/Modelfield(Modelfield__foo_08()).JML_operation_contract.0.key 
201803     DEBUG main            d.u.i.k.p.i.AbstractProblemLoader Environment load took 46.6ns 
201804     WARN  main            d.u.i.k.n.ParsingFacade   /home/runner/work/key/key/key.core/../key.ui/examples/performance-test/Modelfield(Modelfield__foo_08()).JML_operation_contract.0.key took 1 ms to parse. 
201804     WARN  main            d.u.i.k.n.ParsingFacade   Parsing time 382 ms. 
201804     INFO  main            d.u.i.k.p.i.AbstractProblemLoader Creating init config 
204829     DEBUG main            d.u.i.k.j.r.ClassPreparationMethodBuilder clPrepBuilder: Inner Class detected. Reject building class initialisation methods. 
205027     WARN  main            d.u.i.k.n.ParsingFacade   file:/home/runner/work/key/key/key.core/build/resources/main/de/uka/ilkd/key/java/JavaRedux/java/lang/String.key took 1 ms to parse. 
205027     WARN  main            d.u.i.k.n.ParsingFacade   Parsing time 383 ms. 
211857     DEBUG main            d.u.i.k.p.i.AbstractProblemLoader Init config took 10.05s 
211943     INFO  main            d.u.i.k.p.i.AbstractProblemLoader Replaying proof Modelfield[Modelfield::foo_8()].JML operation contract.0 
211945     DEBUG main            d.u.i.k.p.i.IntermediateProofReplayer Proof replay took 5.4ns 
211945     WARN  main            d.u.i.k.n.ParsingFacade   /home/runner/work/key/key/key.core/../key.ui/examples/performance-test/Modelfield(Modelfield__foo_08()).JML_operation_contract.0.key took 0 ms to parse. 
211945     WARN  main            d.u.i.k.n.ParsingFacade   Parsing time 383 ms. 
215176     INFO  main            d.u.i.k.p.r.p.TestFile    ... finished proof: closed. 
215604     INFO  main            d.u.i.k.p.i.AbstractProblemLoader Loading environment from /home/runner/work/key/key/key.core/../key.ui/examples/performance-test/Modelfield(Modelfield__foo_08()).JML_operation_contract.0.key.proof 
215605     DEBUG main            d.u.i.k.p.i.AbstractProblemLoader Environment load took 462.41ns 
215606     WARN  main            d.u.i.k.n.ParsingFacade   /home/runner/work/key/key/key.core/../key.ui/examples/performance-test/Modelfield(Modelfield__foo_08()).JML_operation_contract.0.key.proof took 0 ms to parse. 
215606     WARN  main            d.u.i.k.n.ParsingFacade   Parsing time 383 ms. 
215607     INFO  main            d.u.i.k.p.i.AbstractProblemLoader Creating init config 
218508     DEBUG main            d.u.i.k.j.r.ClassPreparationMethodBuilder clPrepBuilder: Inner Class detected. Reject building class initialisation methods. 
218717     WARN  main            d.u.i.k.n.ParsingFacade   file:/home/runner/work/key/key/key.core/build/resources/main/de/uka/ilkd/key/java/JavaRedux/java/lang/String.key took 5 ms to parse. 
218717     WARN  main            d.u.i.k.n.ParsingFacade   Parsing time 388 ms. 
225534     DEBUG main            d.u.i.k.p.i.AbstractProblemLoader Init config took 9.93s 
225621     INFO  main            d.u.i.k.p.i.AbstractProblemLoader Replaying proof Modelfield[Modelfield::foo_8()].JML operation contract.0 
226017     DEBUG main            d.u.i.k.p.i.IntermediateProofReplayer Proof replay took 383.66ms 
226018     WARN  main            d.u.i.k.n.ParsingFacade   /home/runner/work/key/key/key.core/../key.ui/examples/performance-test/Modelfield(Modelfield__foo_08()).JML_operation_contract.0.key.proof took 0 ms to parse. 
226018     WARN  main            d.u.i.k.n.ParsingFacade   Parsing time 388 ms. 
226019     DEBUG main            d.u.i.k.p.r.p.TestFile    ... success: reloaded. 
374273     INFO  Test worker     d.u.i.k.p.r.RunAllProofsTestUnit Returning from test performance 
374277     INFO  Test worker     d.u.i.k.p.r.RunAllProofsTestUnit Running test performancePOConstruction 
331        INFO  Timeout watchdog d.u.i.k.p.r.p.ForkedTestFileRunner Timeout watcher launched (2000 secs.) 
334        WARN  main            d.u.i.k.s.ProofSettings   The settings in /home/runner/.key/proof-settings.props are *not* read. 
382        INFO  main            d.u.i.k.p.r.p.TestFile    Now processing file /home/runner/work/key/key/key.core/../key.ui/examples/performance-test/Test(Test__a0(int)).JML_normal_behavior_operation_contract.0.key 
533        INFO  main            d.u.i.k.p.i.AbstractProblemLoader Loading environment from /home/runner/work/key/key/key.core/../key.ui/examples/performance-test/Test(Test__a0(int)).JML_normal_behavior_operation_contract.0.key 
548        DEBUG main            d.u.i.k.p.i.AbstractProblemLoader Environment load took 1.74ms 
659        WARN  main            d.u.i.k.n.ParsingFacade   /home/runner/work/key/key/key.core/../key.ui/examples/performance-test/Test(Test__a0(int)).JML_normal_behavior_operation_contract.0.key took 26 ms to parse. 
660        WARN  main            d.u.i.k.n.ParsingFacade   Parsing time 26 ms. 
788        INFO  main            d.u.i.k.p.i.AbstractProblemLoader Creating init config 
807        WARN  main            d.u.i.k.n.ParsingFacade   file:/home/runner/work/key/key/key.core/build/resources/main/de/uka/ilkd/key/proof/rules/standardRules.key took 15 ms to parse. 
808        WARN  main            d.u.i.k.n.ParsingFacade   Parsing time 41 ms. 
831        WARN  main            d.u.i.k.n.ParsingFacade   file:/home/runner/work/key/key/key.core/build/resources/main/de/uka/ilkd/key/proof/rules/ldt.key took 4 ms to parse. 
831        WARN  main            d.u.i.k.n.ParsingFacade   Parsing time 45 ms. 
840        WARN  main            d.u.i.k.n.ParsingFacade   file:/home/runner/work/key/key/key.core/build/resources/main/de/uka/ilkd/key/proof/rules/boolean.key took 3 ms to parse. 
840        WARN  main            d.u.i.k.n.ParsingFacade   Parsing time 48 ms. 
867        WARN  main            d.u.i.k.n.ParsingFacade   file:/home/runner/work/key/key/key.core/build/resources/main/de/uka/ilkd/key/proof/rules/ruleSetsDeclarations.key took 15 ms to parse. 
867        WARN  main            d.u.i.k.n.ParsingFacade   Parsing time 63 ms. 
901        WARN  main            d.u.i.k.n.ParsingFacade   file:/home/runner/work/key/key/key.core/build/resources/main/de/uka/ilkd/key/proof/rules/integerHeader.key took 5 ms to parse. 
902        WARN  main            d.u.i.k.n.ParsingFacade   Parsing time 68 ms. 
909        WARN  main            d.u.i.k.n.ParsingFacade   file:/home/runner/work/key/key/key.core/build/resources/main/de/uka/ilkd/key/proof/rules/floatHeader.key took 6 ms to parse. 
909        WARN  main            d.u.i.k.n.ParsingFacade   Parsing time 74 ms. 
912        WARN  main            d.u.i.k.n.ParsingFacade   file:/home/runner/work/key/key/key.core/build/resources/main/de/uka/ilkd/key/proof/rules/heap.key took 1 ms to parse. 
913        WARN  main            d.u.i.k.n.ParsingFacade   Parsing time 75 ms. 
917        WARN  main            d.u.i.k.n.ParsingFacade   file:/home/runner/work/key/key/key.core/build/resources/main/de/uka/ilkd/key/proof/rules/locSets.key took 0 ms to parse. 
918        WARN  main            d.u.i.k.n.ParsingFacade   Parsing time 75 ms. 
920        WARN  main            d.u.i.k.n.ParsingFacade   file:/home/runner/work/key/key/key.core/build/resources/main/de/uka/ilkd/key/proof/rules/permission.key took 2 ms to parse. 
920        WARN  main            d.u.i.k.n.ParsingFacade   Parsing time 77 ms. 
921        WARN  main            d.u.i.k.n.ParsingFacade   file:/home/runner/work/key/key/key.core/build/resources/main/de/uka/ilkd/key/proof/rules/reach.key took 0 ms to parse. 
921        WARN  main            d.u.i.k.n.ParsingFacade   Parsing time 77 ms. 
922        WARN  main            d.u.i.k.n.ParsingFacade   file:/home/runner/work/key/key/key.core/build/resources/main/de/uka/ilkd/key/proof/rules/seq.key took 0 ms to parse. 
922        WARN  main            d.u.i.k.n.ParsingFacade   Parsing time 77 ms. 
967        WARN  main            d.u.i.k.n.ParsingFacade   file:/home/runner/work/key/key/key.core/build/resources/main/de/uka/ilkd/key/proof/rules/map.key took 38 ms to parse. 
969        WARN  main            d.u.i.k.n.ParsingFacade   Parsing time 115 ms. 
970        WARN  main            d.u.i.k.n.ParsingFacade   file:/home/runner/work/key/key/key.core/build/resources/main/de/uka/ilkd/key/proof/rules/freeADT.key took 0 ms to parse. 
971        WARN  main            d.u.i.k.n.ParsingFacade   Parsing time 115 ms. 
972        WARN  main            d.u.i.k.n.ParsingFacade   file:/home/runner/work/key/key/key.core/build/resources/main/de/uka/ilkd/key/proof/rules/wellfound.key took 0 ms to parse. 
972        WARN  main            d.u.i.k.n.ParsingFacade   Parsing time 115 ms. 
973        WARN  main            d.u.i.k.n.ParsingFacade   file:/home/runner/work/key/key/key.core/build/resources/main/de/uka/ilkd/key/proof/rules/charListHeader.key took 0 ms to parse. 
974        WARN  main            d.u.i.k.n.ParsingFacade   Parsing time 115 ms. 
1119       WARN  main            d.u.i.k.n.ParsingFacade   file:/home/runner/work/key/key/key.core/build/resources/main/de/uka/ilkd/key/proof/rules/propRule.key took 9 ms to parse. 
1119       WARN  main            d.u.i.k.n.ParsingFacade   Parsing time 124 ms. 
1168       WARN  main            d.u.i.k.n.ParsingFacade   file:/home/runner/work/key/key/key.core/build/resources/main/de/uka/ilkd/key/proof/rules/firstOrderRules.key took 11 ms to parse. 
1168       WARN  main            d.u.i.k.n.ParsingFacade   Parsing time 135 ms. 
1190       WARN  main            d.u.i.k.n.ParsingFacade   file:/home/runner/work/key/key/key.core/build/resources/main/de/uka/ilkd/key/proof/rules/ifThenElseRules.key took 4 ms to parse. 
1190       WARN  main            d.u.i.k.n.ParsingFacade   Parsing time 139 ms. 
1243       WARN  main            d.u.i.k.n.ParsingFacade   file:/home/runner/work/key/key/key.core/build/resources/main/de/uka/ilkd/key/proof/rules/formulaNormalisationRules.key took 34 ms to parse. 
1245       WARN  main            d.u.i.k.n.ParsingFacade   Parsing time 173 ms. 
1298       WARN  main            d.u.i.k.n.ParsingFacade   file:/home/runner/work/key/key/key.core/build/resources/main/de/uka/ilkd/key/proof/rules/updateRules.key took 3 ms to parse. 
1298       WARN  main            d.u.i.k.n.ParsingFacade   Parsing time 176 ms. 
1311       WARN  main            d.u.i.k.n.ParsingFacade   file:/home/runner/work/key/key/key.core/build/resources/main/de/uka/ilkd/key/proof/rules/integerRulesCommon.key took 2 ms to parse. 
1311       WARN  main            d.u.i.k.n.ParsingFacade   Parsing time 178 ms. 
1395       WARN  main            d.u.i.k.n.ParsingFacade   file:/home/runner/work/key/key/key.core/build/resources/main/de/uka/ilkd/key/proof/rules/intRules.key took 2 ms to parse. 
1396       WARN  main            d.u.i.k.n.ParsingFacade   Parsing time 180 ms. 
1409       WARN  main            d.u.i.k.n.ParsingFacade   file:/home/runner/work/key/key/key.core/build/resources/main/de/uka/ilkd/key/proof/rules/intRulesUncheckedSemantics.key took 2 ms to parse. 
1409       WARN  main            d.u.i.k.n.ParsingFacade   Parsing time 182 ms. 
1418       WARN  main            d.u.i.k.n.ParsingFacade   file:/home/runner/work/key/key/key.core/build/resources/main/de/uka/ilkd/key/proof/rules/intRulesCheckedSemantics.key took 1 ms to parse. 
1418       WARN  main            d.u.i.k.n.ParsingFacade   Parsing time 183 ms. 
1425       WARN  main            d.u.i.k.n.ParsingFacade   file:/home/runner/work/key/key/key.core/build/resources/main/de/uka/ilkd/key/proof/rules/intRulesJavaSemantics.key took 2 ms to parse. 
1425       WARN  main            d.u.i.k.n.ParsingFacade   Parsing time 185 ms. 
1481       WARN  main            d.u.i.k.n.ParsingFacade   file:/home/runner/work/key/key/key.core/build/resources/main/de/uka/ilkd/key/proof/rules/integerSimplificationRules.key took 44 ms to parse. 
1482       WARN  main            d.u.i.k.n.ParsingFacade   Parsing time 229 ms. 
1566       DEBUG main            d.u.i.k.j.TypeConverter   No LDT found for Meta 
1566       DEBUG main            d.u.i.k.j.TypeConverter   No LDT found for Meta 
1571       DEBUG main            d.u.i.k.j.TypeConverter   No LDT found for Meta 
1572       DEBUG main            d.u.i.k.j.TypeConverter   No LDT found for Meta 
1619       WARN  main            d.u.i.k.n.ParsingFacade   file:/home/runner/work/key/key/key.core/build/resources/main/de/uka/ilkd/key/proof/rules/intDiv.key took 10 ms to parse. 
1619       WARN  main            d.u.i.k.n.ParsingFacade   Parsing time 239 ms. 
1648       WARN  main            d.u.i.k.n.ParsingFacade   file:/home/runner/work/key/key/key.core/build/resources/main/de/uka/ilkd/key/proof/rules/bsum.key took 6 ms to parse. 
1648       WARN  main            d.u.i.k.n.ParsingFacade   Parsing time 245 ms. 
1694       WARN  main            d.u.i.k.n.ParsingFacade   file:/home/runner/work/key/key/key.core/build/resources/main/de/uka/ilkd/key/proof/rules/bprod.key took 24 ms to parse. 
1694       WARN  main            d.u.i.k.n.ParsingFacade   Parsing time 269 ms. 
1707       WARN  main            d.u.i.k.n.ParsingFacade   file:/home/runner/work/key/key/key.core/build/resources/main/de/uka/ilkd/key/proof/rules/binaryAxioms.key took 1 ms to parse. 
1707       WARN  main            d.u.i.k.n.ParsingFacade   Parsing time 270 ms. 
1713       WARN  main            d.u.i.k.n.ParsingFacade   file:/home/runner/work/key/key/key.core/build/resources/main/de/uka/ilkd/key/proof/rules/binaryLemmas.key took 1 ms to parse. 
1713       WARN  main            d.u.i.k.n.ParsingFacade   Parsing time 271 ms. 
1723       WARN  main            d.u.i.k.n.ParsingFacade   file:/home/runner/work/key/key/key.core/build/resources/main/de/uka/ilkd/key/proof/rules/intPow.key took 2 ms to parse. 
1724       WARN  main            d.u.i.k.n.ParsingFacade   Parsing time 273 ms. 
1740       WARN  main            d.u.i.k.n.ParsingFacade   file:/home/runner/work/key/key/key.core/build/resources/main/de/uka/ilkd/key/proof/rules/floatRulesCommon.key took 8 ms to parse. 
1740       WARN  main            d.u.i.k.n.ParsingFacade   Parsing time 281 ms. 
1752       WARN  main            d.u.i.k.n.ParsingFacade   file:/home/runner/work/key/key/key.core/build/resources/main/de/uka/ilkd/key/proof/rules/floatRules.key took 0 ms to parse. 
1752       WARN  main            d.u.i.k.n.ParsingFacade   Parsing time 281 ms. 
1753       WARN  main            d.u.i.k.n.ParsingFacade   file:/home/runner/work/key/key/key.core/build/resources/main/de/uka/ilkd/key/proof/rules/floatRulesVerifyNormal.key took 0 ms to parse. 
1753       WARN  main            d.u.i.k.n.ParsingFacade   Parsing time 281 ms. 
1758       WARN  main            d.u.i.k.n.ParsingFacade   file:/home/runner/work/key/key/key.core/build/resources/main/de/uka/ilkd/key/proof/rules/floatRulesAssumeStrictfp.key took 4 ms to parse. 
1758       WARN  main            d.u.i.k.n.ParsingFacade   Parsing time 285 ms. 
1792       WARN  main            d.u.i.k.n.ParsingFacade   file:/home/runner/work/key/key/key.core/build/resources/main/de/uka/ilkd/key/proof/rules/genericRules.key took 1 ms to parse. 
1793       WARN  main            d.u.i.k.n.ParsingFacade   Parsing time 286 ms. 
1801       WARN  main            d.u.i.k.n.ParsingFacade   file:/home/runner/work/key/key/key.core/build/resources/main/de/uka/ilkd/key/proof/rules/booleanRules.key took 1 ms to parse. 
1801       WARN  main            d.u.i.k.n.ParsingFacade   Parsing time 287 ms. 
1804       WARN  main            d.u.i.k.n.ParsingFacade   file:/home/runner/work/key/key/key.core/build/resources/main/de/uka/ilkd/key/proof/rules/epsilon.key took 0 ms to parse. 
1805       WARN  main            d.u.i.k.n.ParsingFacade   Parsing time 287 ms. 
1812       WARN  main            d.u.i.k.n.ParsingFacade   file:/home/runner/work/key/key/key.core/build/resources/main/de/uka/ilkd/key/proof/rules/locSetsRules.key took 5 ms to parse. 
1813       WARN  main            d.u.i.k.n.ParsingFacade   Parsing time 292 ms. 
1845       WARN  main            d.u.i.k.n.ParsingFacade   file:/home/runner/work/key/key/key.core/build/resources/main/de/uka/ilkd/key/proof/rules/heapRules.key took 7 ms to parse. 
1846       WARN  main            d.u.i.k.n.ParsingFacade   Parsing time 299 ms. 
1899       WARN  main            d.u.i.k.n.ParsingFacade   file:/home/runner/work/key/key/key.core/build/resources/main/de/uka/ilkd/key/proof/rules/permissionRules.key took 2 ms to parse. 
1899       WARN  main            d.u.i.k.n.ParsingFacade   Parsing time 301 ms. 
1916       WARN  main            d.u.i.k.n.ParsingFacade   file:/home/runner/work/key/key/key.core/build/resources/main/de/uka/ilkd/key/proof/rules/reachRules.key took 8 ms to parse. 
1916       WARN  main            d.u.i.k.n.ParsingFacade   Parsing time 309 ms. 
1927       WARN  main            d.u.i.k.n.ParsingFacade   file:/home/runner/work/key/key/key.core/build/resources/main/de/uka/ilkd/key/proof/rules/seqCoreRules.key took 1 ms to parse. 
1927       WARN  main            d.u.i.k.n.ParsingFacade   Parsing time 310 ms. 
1933       WARN  main            d.u.i.k.n.ParsingFacade   file:/home/runner/work/key/key/key.core/build/resources/main/de/uka/ilkd/key/proof/rules/seqRules.key took 4 ms to parse. 
1933       WARN  main            d.u.i.k.n.ParsingFacade   Parsing time 314 ms. 
1954       WARN  main            d.u.i.k.n.ParsingFacade   file:/home/runner/work/key/key/key.core/build/resources/main/de/uka/ilkd/key/proof/rules/seqPerm.key took 4 ms to parse. 
1954       WARN  main            d.u.i.k.n.ParsingFacade   Parsing time 318 ms. 
1967       WARN  main            d.u.i.k.n.ParsingFacade   file:/home/runner/work/key/key/key.core/build/resources/main/de/uka/ilkd/key/proof/rules/seqPerm2.key took 0 ms to parse. 
1967       WARN  main            d.u.i.k.n.ParsingFacade   Parsing time 318 ms. 
2050       WARN  main            d.u.i.k.n.ParsingFacade   file:/home/runner/work/key/key/key.core/build/resources/main/de/uka/ilkd/key/proof/rules/javaRules.key took 78 ms to parse. 
2050       WARN  main            d.u.i.k.n.ParsingFacade   Parsing time 396 ms. 
2059       WARN  main            d.u.i.k.n.ParsingFacade   file:/home/runner/work/key/key/key.core/build/resources/main/de/uka/ilkd/key/proof/rules/assertions.key took 2 ms to parse. 
2059       WARN  main            d.u.i.k.n.ParsingFacade   Parsing time 398 ms. 
2520       WARN  main            d.u.i.k.n.ParsingFacade   file:/home/runner/work/key/key/key.core/build/resources/main/de/uka/ilkd/key/proof/rules/loopRules.key took 1 ms to parse. 
2521       WARN  main            d.u.i.k.n.ParsingFacade   Parsing time 399 ms. 
2528       WARN  main            d.u.i.k.n.ParsingFacade   file:/home/runner/work/key/key/key.core/build/resources/main/de/uka/ilkd/key/proof/rules/activeUse.key took 2 ms to parse. 
2528       WARN  main            d.u.i.k.n.ParsingFacade   Parsing time 401 ms. 
2559       WARN  main            d.u.i.k.n.ParsingFacade   file:/home/runner/work/key/key/key.core/build/resources/main/de/uka/ilkd/key/proof/rules/instanceAllocation.key took 4 ms to parse. 
2559       WARN  main            d.u.i.k.n.ParsingFacade   Parsing time 405 ms. 
2568       WARN  main            d.u.i.k.n.ParsingFacade   file:/home/runner/work/key/key/key.core/build/resources/main/de/uka/ilkd/key/proof/rules/java5.key took 0 ms to parse. 
2568       WARN  main            d.u.i.k.n.ParsingFacade   Parsing time 405 ms. 
2573       WARN  main            d.u.i.k.n.ParsingFacade   file:/home/runner/work/key/key/key.core/build/resources/main/de/uka/ilkd/key/proof/rules/integerAssignment2UpdateRules.key took 3 ms to parse. 
2573       WARN  main            d.u.i.k.n.ParsingFacade   Parsing time 408 ms. 
2599       WARN  main            d.u.i.k.n.ParsingFacade   file:/home/runner/work/key/key/key.core/build/resources/main/de/uka/ilkd/key/proof/rules/floatAssignment2UpdateRules.key took 4 ms to parse. 
2600       WARN  main            d.u.i.k.n.ParsingFacade   Parsing time 412 ms. 
2617       WARN  main            d.u.i.k.n.ParsingFacade   file:/home/runner/work/key/key/key.core/build/resources/main/de/uka/ilkd/key/proof/rules/bigint.key took 2 ms to parse. 
2617       WARN  main            d.u.i.k.n.ParsingFacade   Parsing time 414 ms. 
2625       DEBUG main            d.u.i.k.j.TypeConverter   No LDT found for JavaBigintExpression 
2629       WARN  main            d.u.i.k.n.ParsingFacade   file:/home/runner/work/key/key/key.core/build/resources/main/de/uka/ilkd/key/proof/rules/adtProgramDecompositionRules.key took 1 ms to parse. 
2630       WARN  main            d.u.i.k.n.ParsingFacade   Parsing time 415 ms. 
2662       WARN  main            d.u.i.k.n.ParsingFacade   file:/home/runner/work/key/key/key.core/build/resources/main/de/uka/ilkd/key/proof/rules/precRules.key took 1 ms to parse. 
2662       WARN  main            d.u.i.k.n.ParsingFacade   Parsing time 416 ms. 
2666       WARN  main            d.u.i.k.n.ParsingFacade   file:/home/runner/work/key/key/key.core/build/resources/main/de/uka/ilkd/key/proof/rules/charListRules.key took 2 ms to parse. 
2666       WARN  main            d.u.i.k.n.ParsingFacade   Parsing time 418 ms. 
2674       WARN  main            d.u.i.k.n.ParsingFacade   file:/home/runner/work/key/key/key.core/build/resources/main/de/uka/ilkd/key/proof/rules/regExTheory.key took 0 ms to parse. 
2675       WARN  main            d.u.i.k.n.ParsingFacade   Parsing time 418 ms. 
2676       WARN  main            d.u.i.k.n.ParsingFacade   file:/home/runner/work/key/key/key.core/build/resources/main/de/uka/ilkd/key/proof/rules/regExHeader.key took 1 ms to parse. 
2676       WARN  main            d.u.i.k.n.ParsingFacade   Parsing time 419 ms. 
2677       WARN  main            d.u.i.k.n.ParsingFacade   file:/home/runner/work/key/key/key.core/build/resources/main/de/uka/ilkd/key/proof/rules/regExAxioms.key took 1 ms to parse. 
2677       WARN  main            d.u.i.k.n.ParsingFacade   Parsing time 420 ms. 
2680       WARN  main            d.u.i.k.n.ParsingFacade   file:/home/runner/work/key/key/key.core/build/resources/main/de/uka/ilkd/key/proof/rules/regExLemmaProven.key took 1 ms to parse. 
2680       WARN  main            d.u.i.k.n.ParsingFacade   Parsing time 421 ms. 
2684       WARN  main            d.u.i.k.n.ParsingFacade   file:/home/runner/work/key/key/key.core/build/resources/main/de/uka/ilkd/key/proof/rules/seqEq.key took 1 ms to parse. 
2685       WARN  main            d.u.i.k.n.ParsingFacade   Parsing time 422 ms. 
2689       WARN  main            d.u.i.k.n.ParsingFacade   file:/home/runner/work/key/key/key.core/build/resources/main/de/uka/ilkd/key/proof/rules/infFlow.key took 0 ms to parse. 
2690       WARN  main            d.u.i.k.n.ParsingFacade   Parsing time 422 ms. 
2693       WARN  main            d.u.i.k.n.ParsingFacade   file:/home/runner/work/key/key/key.core/build/resources/main/de/uka/ilkd/key/proof/rules/mapSize.key took 0 ms to parse. 
2693       WARN  main            d.u.i.k.n.ParsingFacade   Parsing time 422 ms. 
2695       WARN  main            d.u.i.k.n.ParsingFacade   file:/home/runner/work/key/key/key.core/build/resources/main/de/uka/ilkd/key/proof/rules/wd.key took 0 ms to parse. 
2695       WARN  main            d.u.i.k.n.ParsingFacade   Parsing time 422 ms. 
2697       WARN  main            d.u.i.k.n.ParsingFacade   file:/home/runner/work/key/key/key.core/build/resources/main/de/uka/ilkd/key/proof/rules/wdHeader.key took 0 ms to parse. 
2697       WARN  main            d.u.i.k.n.ParsingFacade   Parsing time 422 ms. 
2698       WARN  main            d.u.i.k.n.ParsingFacade   file:/home/runner/work/key/key/key.core/build/resources/main/de/uka/ilkd/key/proof/rules/wdGeneralRules.key took 0 ms to parse. 
2699       WARN  main            d.u.i.k.n.ParsingFacade   Parsing time 422 ms. 
2706       WARN  main            d.u.i.k.n.ParsingFacade   file:/home/runner/work/key/key/key.core/build/resources/main/de/uka/ilkd/key/proof/rules/wdNumericalRules.key took 4 ms to parse. 
2706       WARN  main            d.u.i.k.n.ParsingFacade   Parsing time 426 ms. 
2721       WARN  main            d.u.i.k.n.ParsingFacade   file:/home/runner/work/key/key/key.core/build/resources/main/de/uka/ilkd/key/proof/rules/wdLocSetRules.key took 1 ms to parse. 
2721       WARN  main            d.u.i.k.n.ParsingFacade   Parsing time 427 ms. 
2726       WARN  main            d.u.i.k.n.ParsingFacade   file:/home/runner/work/key/key/key.core/build/resources/main/de/uka/ilkd/key/proof/rules/wdHeapRules.key took 1 ms to parse. 
2726       WARN  main            d.u.i.k.n.ParsingFacade   Parsing time 428 ms. 
2729       WARN  main            d.u.i.k.n.ParsingFacade   file:/home/runner/work/key/key/key.core/build/resources/main/de/uka/ilkd/key/proof/rules/wdReachRules.key took 1 ms to parse. 
2729       WARN  main            d.u.i.k.n.ParsingFacade   Parsing time 429 ms. 
2730       WARN  main            d.u.i.k.n.ParsingFacade   file:/home/runner/work/key/key/key.core/build/resources/main/de/uka/ilkd/key/proof/rules/wdSeqRules.key took 0 ms to parse. 
2730       WARN  main            d.u.i.k.n.ParsingFacade   Parsing time 429 ms. 
2733       WARN  main            d.u.i.k.n.ParsingFacade   file:/home/runner/work/key/key/key.core/build/resources/main/de/uka/ilkd/key/proof/rules/wdStringRules.key took 0 ms to parse. 
2733       WARN  main            d.u.i.k.n.ParsingFacade   Parsing time 429 ms. 
2736       WARN  main            d.u.i.k.n.ParsingFacade   file:/home/runner/work/key/key/key.core/build/resources/main/de/uka/ilkd/key/proof/rules/wdRegExRules.key took 1 ms to parse. 
2736       WARN  main            d.u.i.k.n.ParsingFacade   Parsing time 430 ms. 
2739       WARN  main            d.u.i.k.n.ParsingFacade   file:/home/runner/work/key/key/key.core/build/resources/main/de/uka/ilkd/key/proof/rules/wdFormulaRules.key took 2 ms to parse. 
2740       WARN  main            d.u.i.k.n.ParsingFacade   Parsing time 432 ms. 
2748       WARN  main            d.u.i.k.n.ParsingFacade   file:/home/runner/work/key/key/key.core/build/resources/main/de/uka/ilkd/key/proof/rules/loopInvariantRules.key took 0 ms to parse. 
2748       WARN  main            d.u.i.k.n.ParsingFacade   Parsing time 432 ms. 
2750       WARN  main            d.u.i.k.n.ParsingFacade   file:/home/runner/work/key/key/key.core/build/resources/main/de/uka/ilkd/key/proof/rules/forLoopRules.key took 1 ms to parse. 
2750       WARN  main            d.u.i.k.n.ParsingFacade   Parsing time 433 ms. 
2753       WARN  main            d.u.i.k.n.ParsingFacade   file:/home/runner/work/key/key/key.core/build/resources/main/de/uka/ilkd/key/proof/rules/execRules.key took 1 ms to parse. 
2753       WARN  main            d.u.i.k.n.ParsingFacade   Parsing time 434 ms. 
2809       WARN  main            d.u.i.k.n.ParsingFacade   file:/home/runner/work/key/key/key.core/build/resources/main/de/uka/ilkd/key/proof/rules/loopScopeRules.key took 2 ms to parse. 
2809       WARN  main            d.u.i.k.n.ParsingFacade   Parsing time 436 ms. 
8969       DEBUG main            d.u.i.k.j.r.ClassPreparationMethodBuilder clPrepBuilder: Inner Class detected. Reject building class initialisation methods. 
9438       WARN  main            d.u.i.k.n.ParsingFacade   file:/home/runner/work/key/key/key.core/build/resources/main/de/uka/ilkd/key/java/JavaRedux/java/lang/String.key took 3 ms to parse. 
9438       WARN  main            d.u.i.k.n.ParsingFacade   Parsing time 439 ms. 
17182      DEBUG main            d.u.i.k.p.i.AbstractProblemLoader Init config took 16.39s 
18354      INFO  main            d.u.i.k.p.i.AbstractProblemLoader Replaying proof Test[Test::a0(int)].JML normal_behavior operation contract.0 
18441      DEBUG main            d.u.i.k.p.i.IntermediateProofReplayer Proof replay took 34.3ns 
18444      WARN  main            d.u.i.k.n.ParsingFacade   /home/runner/work/key/key/key.core/../key.ui/examples/performance-test/Test(Test__a0(int)).JML_normal_behavior_operation_contract.0.key took 0 ms to parse. 
18444      WARN  main            d.u.i.k.n.ParsingFacade   Parsing time 439 ms. 
18800      INFO  main            d.u.i.k.p.r.p.TestFile    ... finished proof: closed. 
18950      INFO  main            d.u.i.k.p.i.AbstractProblemLoader Loading environment from /home/runner/work/key/key/key.core/../key.ui/examples/performance-test/Test(Test__a0(int)).JML_normal_behavior_operation_contract.0.key.proof 
18950      DEBUG main            d.u.i.k.p.i.AbstractProblemLoader Environment load took 128.4ns 
18950      WARN  main            d.u.i.k.n.ParsingFacade   /home/runner/work/key/key/key.core/../key.ui/examples/performance-test/Test(Test__a0(int)).JML_normal_behavior_operation_contract.0.key.proof took 0 ms to parse. 
18950      WARN  main            d.u.i.k.n.ParsingFacade   Parsing time 439 ms. 
18951      INFO  main            d.u.i.k.p.i.AbstractProblemLoader Creating init config 
22295      DEBUG main            d.u.i.k.j.r.ClassPreparationMethodBuilder clPrepBuilder: Inner Class detected. Reject building class initialisation methods. 
22562      WARN  main            d.u.i.k.n.ParsingFacade   file:/home/runner/work/key/key/key.core/build/resources/main/de/uka/ilkd/key/java/JavaRedux/java/lang/String.key took 2 ms to parse. 
22562      WARN  main            d.u.i.k.n.ParsingFacade   Parsing time 441 ms. 
29723      DEBUG main            d.u.i.k.p.i.AbstractProblemLoader Init config took 10.77s 
30586      INFO  main            d.u.i.k.p.i.AbstractProblemLoader Replaying proof Test[Test::a0(int)].JML normal_behavior operation contract.0 
30610      DEBUG main            d.u.i.k.p.i.IntermediateProofReplayer Proof replay took 19.47ms 
30611      WARN  main            d.u.i.k.n.ParsingFacade   /home/runner/work/key/key/key.core/../key.ui/examples/performance-test/Test(Test__a0(int)).JML_normal_behavior_operation_contract.0.key.proof took 0 ms to parse. 
30613      WARN  main            d.u.i.k.n.ParsingFacade   Parsing time 441 ms. 
30618      DEBUG main            d.u.i.k.p.r.p.TestFile    ... success: reloaded. 
30620      INFO  main            d.u.i.k.p.r.p.TestFile    Now processing file /home/runner/work/key/key/key.core/../key.ui/examples/performance-test/Test(Test__a1(int)).JML_normal_behavior_operation_contract.0.key 
30620      INFO  main            d.u.i.k.p.i.AbstractProblemLoader Loading environment from /home/runner/work/key/key/key.core/../key.ui/examples/performance-test/Test(Test__a1(int)).JML_normal_behavior_operation_contract.0.key 
30621      DEBUG main            d.u.i.k.p.i.AbstractProblemLoader Environment load took 248.5ns 
30621      WARN  main            d.u.i.k.n.ParsingFacade   /home/runner/work/key/key/key.core/../key.ui/examples/performance-test/Test(Test__a1(int)).JML_normal_behavior_operation_contract.0.key took 0 ms to parse. 
30621      WARN  main            d.u.i.k.n.ParsingFacade   Parsing time 441 ms. 
30622      INFO  main            d.u.i.k.p.i.AbstractProblemLoader Creating init config 
33739      DEBUG main            d.u.i.k.j.r.ClassPreparationMethodBuilder clPrepBuilder: Inner Class detected. Reject building class initialisation methods. 
33998      WARN  main            d.u.i.k.n.ParsingFacade   file:/home/runner/work/key/key/key.core/build/resources/main/de/uka/ilkd/key/java/JavaRedux/java/lang/String.key took 1 ms to parse. 
33999      WARN  main            d.u.i.k.n.ParsingFacade   Parsing time 442 ms. 
40953      DEBUG main            d.u.i.k.p.i.AbstractProblemLoader Init config took 10.33s 
41859      INFO  main            d.u.i.k.p.i.AbstractProblemLoader Replaying proof Test[Test::a1(int)].JML normal_behavior operation contract.0 
41862      DEBUG main            d.u.i.k.p.i.IntermediateProofReplayer Proof replay took 6.9ns 
41862      WARN  main            d.u.i.k.n.ParsingFacade   /home/runner/work/key/key/key.core/../key.ui/examples/performance-test/Test(Test__a1(int)).JML_normal_behavior_operation_contract.0.key took 0 ms to parse. 
41863      WARN  main            d.u.i.k.n.ParsingFacade   Parsing time 442 ms. 
42166      INFO  main            d.u.i.k.p.r.p.TestFile    ... finished proof: closed. 
42440      INFO  main            d.u.i.k.p.i.AbstractProblemLoader Loading environment from /home/runner/work/key/key/key.core/../key.ui/examples/performance-test/Test(Test__a1(int)).JML_normal_behavior_operation_contract.0.key.proof 
42444      DEBUG main            d.u.i.k.p.i.AbstractProblemLoader Environment load took 3.7ms 
42445      WARN  main            d.u.i.k.n.ParsingFacade   /home/runner/work/key/key/key.core/../key.ui/examples/performance-test/Test(Test__a1(int)).JML_normal_behavior_operation_contract.0.key.proof took 0 ms to parse. 
42445      WARN  main            d.u.i.k.n.ParsingFacade   Parsing time 442 ms. 
42446      INFO  main            d.u.i.k.p.i.AbstractProblemLoader Creating init config 
45540      DEBUG main            d.u.i.k.j.r.ClassPreparationMethodBuilder clPrepBuilder: Inner Class detected. Reject building class initialisation methods. 
45780      WARN  main            d.u.i.k.n.ParsingFacade   file:/home/runner/work/key/key/key.core/build/resources/main/de/uka/ilkd/key/java/JavaRedux/java/lang/String.key took 1 ms to parse. 
45781      WARN  main            d.u.i.k.n.ParsingFacade   Parsing time 443 ms. 
52583      DEBUG main            d.u.i.k.p.i.AbstractProblemLoader Init config took 10.14s 
53456      INFO  main            d.u.i.k.p.i.AbstractProblemLoader Replaying proof Test[Test::a1(int)].JML normal_behavior operation contract.0 
53565      DEBUG main            d.u.i.k.p.i.IntermediateProofReplayer Proof replay took 105.54ms 
53569      WARN  main            d.u.i.k.n.ParsingFacade   /home/runner/work/key/key/key.core/../key.ui/examples/performance-test/Test(Test__a1(int)).JML_normal_behavior_operation_contract.0.key.proof took 0 ms to parse. 
53569      WARN  main            d.u.i.k.n.ParsingFacade   Parsing time 443 ms. 
53570      DEBUG main            d.u.i.k.p.r.p.TestFile    ... success: reloaded. 
53573      INFO  main            d.u.i.k.p.r.p.TestFile    Now processing file /home/runner/work/key/key/key.core/../key.ui/examples/performance-test/Test(Test__f1(int)).JML_normal_behavior_operation_contract.0.key 
53573      INFO  main            d.u.i.k.p.i.AbstractProblemLoader Loading environment from /home/runner/work/key/key/key.core/../key.ui/examples/performance-test/Test(Test__f1(int)).JML_normal_behavior_operation_contract.0.key 
53573      DEBUG main            d.u.i.k.p.i.AbstractProblemLoader Environment load took 100.1ns 
53573      WARN  main            d.u.i.k.n.ParsingFacade   /home/runner/work/key/key/key.core/../key.ui/examples/performance-test/Test(Test__f1(int)).JML_normal_behavior_operation_contract.0.key took 0 ms to parse. 
53573      WARN  main            d.u.i.k.n.ParsingFacade   Parsing time 443 ms. 
53575      INFO  main            d.u.i.k.p.i.AbstractProblemLoader Creating init config 
56645      DEBUG main            d.u.i.k.j.r.ClassPreparationMethodBuilder clPrepBuilder: Inner Class detected. Reject building class initialisation methods. 
56880      WARN  main            d.u.i.k.n.ParsingFacade   file:/home/runner/work/key/key/key.core/build/resources/main/de/uka/ilkd/key/java/JavaRedux/java/lang/String.key took 2 ms to parse. 
56880      WARN  main            d.u.i.k.n.ParsingFacade   Parsing time 445 ms. 
63693      DEBUG main            d.u.i.k.p.i.AbstractProblemLoader Init config took 10.12s 
64544      INFO  main            d.u.i.k.p.i.AbstractProblemLoader Replaying proof Test[Test::f1(int)].JML normal_behavior operation contract.0 
64546      DEBUG main            d.u.i.k.p.i.IntermediateProofReplayer Proof replay took 6ns 
64547      WARN  main            d.u.i.k.n.ParsingFacade   /home/runner/work/key/key/key.core/../key.ui/examples/performance-test/Test(Test__f1(int)).JML_normal_behavior_operation_contract.0.key took 0 ms to parse. 
64547      WARN  main            d.u.i.k.n.ParsingFacade   Parsing time 445 ms. 
64749      INFO  main            d.u.i.k.p.r.p.TestFile    ... finished proof: closed. 
65043      INFO  main            d.u.i.k.p.i.AbstractProblemLoader Loading environment from /home/runner/work/key/key/key.core/../key.ui/examples/performance-test/Test(Test__f1(int)).JML_normal_behavior_operation_contract.0.key.proof 
65046      DEBUG main            d.u.i.k.p.i.AbstractProblemLoader Environment load took 3.26ms 
65046      WARN  main            d.u.i.k.n.ParsingFacade   /home/runner/work/key/key/key.core/../key.ui/examples/performance-test/Test(Test__f1(int)).JML_normal_behavior_operation_contract.0.key.proof took 0 ms to parse. 
65047      WARN  main            d.u.i.k.n.ParsingFacade   Parsing time 445 ms. 
65047      INFO  main            d.u.i.k.p.i.AbstractProblemLoader Creating init config 
68074      DEBUG main            d.u.i.k.j.r.ClassPreparationMethodBuilder clPrepBuilder: Inner Class detected. Reject building class initialisation methods. 
68335      WARN  main            d.u.i.k.n.ParsingFacade   file:/home/runner/work/key/key/key.core/build/resources/main/de/uka/ilkd/key/java/JavaRedux/java/lang/String.key took 1 ms to parse. 
68336      WARN  main            d.u.i.k.n.ParsingFacade   Parsing time 446 ms. 
75098      DEBUG main            d.u.i.k.p.i.AbstractProblemLoader Init config took 10.05s 
75929      INFO  main            d.u.i.k.p.i.AbstractProblemLoader Replaying proof Test[Test::f1(int)].JML normal_behavior operation contract.0 
75975      DEBUG main            d.u.i.k.p.i.IntermediateProofReplayer Proof replay took 43.93ms 
75976      WARN  main            d.u.i.k.n.ParsingFacade   /home/runner/work/key/key/key.core/../key.ui/examples/performance-test/Test(Test__f1(int)).JML_normal_behavior_operation_contract.0.key.proof took 0 ms to parse. 
75976      WARN  main            d.u.i.k.n.ParsingFacade   Parsing time 446 ms. 
75977      DEBUG main            d.u.i.k.p.r.p.TestFile    ... success: reloaded. 
450418     INFO  Test worker     d.u.i.k.p.r.RunAllProofsTestUnit Returning from test performancePOConstruction 
450419     INFO  Test worker     d.u.i.k.p.r.RunAllProofsTestUnit Running test applicationRestrictions 
366        INFO  Timeout watchdog d.u.i.k.p.r.p.ForkedTestFileRunner Timeout watcher launched (2000 secs.) 
369        WARN  main            d.u.i.k.s.ProofSettings   The settings in /home/runner/.key/proof-settings.props are *not* read. 
394        INFO  main            d.u.i.k.p.r.p.TestFile    Now processing file /home/runner/work/key/key/key.core/../key.ui/examples/heap/polarity_tests/wellformed1.key 
504        INFO  main            d.u.i.k.p.i.AbstractProblemLoader Loading environment from /home/runner/work/key/key/key.core/../key.ui/examples/heap/polarity_tests/wellformed1.key 
526        DEBUG main            d.u.i.k.p.i.AbstractProblemLoader Environment load took 2.49ms 
637        WARN  main            d.u.i.k.n.ParsingFacade   /home/runner/work/key/key/key.core/../key.ui/examples/heap/polarity_tests/wellformed1.key took 24 ms to parse. 
637        WARN  main            d.u.i.k.n.ParsingFacade   Parsing time 24 ms. 
769        INFO  main            d.u.i.k.p.i.AbstractProblemLoader Creating init config 
785        WARN  main            d.u.i.k.n.ParsingFacade   file:/home/runner/work/key/key/key.core/build/resources/main/de/uka/ilkd/key/proof/rules/standardRules.key took 11 ms to parse. 
785        WARN  main            d.u.i.k.n.ParsingFacade   Parsing time 35 ms. 
812        WARN  main            d.u.i.k.n.ParsingFacade   file:/home/runner/work/key/key/key.core/build/resources/main/de/uka/ilkd/key/proof/rules/ldt.key took 5 ms to parse. 
812        WARN  main            d.u.i.k.n.ParsingFacade   Parsing time 40 ms. 
822        WARN  main            d.u.i.k.n.ParsingFacade   file:/home/runner/work/key/key/key.core/build/resources/main/de/uka/ilkd/key/proof/rules/boolean.key took 3 ms to parse. 
822        WARN  main            d.u.i.k.n.ParsingFacade   Parsing time 43 ms. 
838        WARN  main            d.u.i.k.n.ParsingFacade   file:/home/runner/work/key/key/key.core/build/resources/main/de/uka/ilkd/key/proof/rules/ruleSetsDeclarations.key took 8 ms to parse. 
838        WARN  main            d.u.i.k.n.ParsingFacade   Parsing time 51 ms. 
860        WARN  main            d.u.i.k.n.ParsingFacade   file:/home/runner/work/key/key/key.core/build/resources/main/de/uka/ilkd/key/proof/rules/integerHeader.key took 5 ms to parse. 
860        WARN  main            d.u.i.k.n.ParsingFacade   Parsing time 56 ms. 
862        WARN  main            d.u.i.k.n.ParsingFacade   file:/home/runner/work/key/key/key.core/build/resources/main/de/uka/ilkd/key/proof/rules/floatHeader.key took 2 ms to parse. 
862        WARN  main            d.u.i.k.n.ParsingFacade   Parsing time 58 ms. 
864        WARN  main            d.u.i.k.n.ParsingFacade   file:/home/runner/work/key/key/key.core/build/resources/main/de/uka/ilkd/key/proof/rules/heap.key took 1 ms to parse. 
864        WARN  main            d.u.i.k.n.ParsingFacade   Parsing time 59 ms. 
866        WARN  main            d.u.i.k.n.ParsingFacade   file:/home/runner/work/key/key/key.core/build/resources/main/de/uka/ilkd/key/proof/rules/locSets.key took 0 ms to parse. 
866        WARN  main            d.u.i.k.n.ParsingFacade   Parsing time 59 ms. 
867        WARN  main            d.u.i.k.n.ParsingFacade   file:/home/runner/work/key/key/key.core/build/resources/main/de/uka/ilkd/key/proof/rules/permission.key took 0 ms to parse. 
867        WARN  main            d.u.i.k.n.ParsingFacade   Parsing time 59 ms. 
868        WARN  main            d.u.i.k.n.ParsingFacade   file:/home/runner/work/key/key/key.core/build/resources/main/de/uka/ilkd/key/proof/rules/reach.key took 0 ms to parse. 
868        WARN  main            d.u.i.k.n.ParsingFacade   Parsing time 59 ms. 
868        WARN  main            d.u.i.k.n.ParsingFacade   file:/home/runner/work/key/key/key.core/build/resources/main/de/uka/ilkd/key/proof/rules/seq.key took 0 ms to parse. 
868        WARN  main            d.u.i.k.n.ParsingFacade   Parsing time 59 ms. 
884        WARN  main            d.u.i.k.n.ParsingFacade   file:/home/runner/work/key/key/key.core/build/resources/main/de/uka/ilkd/key/proof/rules/map.key took 15 ms to parse. 
885        WARN  main            d.u.i.k.n.ParsingFacade   Parsing time 74 ms. 
885        WARN  main            d.u.i.k.n.ParsingFacade   file:/home/runner/work/key/key/key.core/build/resources/main/de/uka/ilkd/key/proof/rules/freeADT.key took 0 ms to parse. 
885        WARN  main            d.u.i.k.n.ParsingFacade   Parsing time 74 ms. 
886        WARN  main            d.u.i.k.n.ParsingFacade   file:/home/runner/work/key/key/key.core/build/resources/main/de/uka/ilkd/key/proof/rules/wellfound.key took 0 ms to parse. 
886        WARN  main            d.u.i.k.n.ParsingFacade   Parsing time 74 ms. 
886        WARN  main            d.u.i.k.n.ParsingFacade   file:/home/runner/work/key/key/key.core/build/resources/main/de/uka/ilkd/key/proof/rules/charListHeader.key took 0 ms to parse. 
886        WARN  main            d.u.i.k.n.ParsingFacade   Parsing time 74 ms. 
992        WARN  main            d.u.i.k.n.ParsingFacade   file:/home/runner/work/key/key/key.core/build/resources/main/de/uka/ilkd/key/proof/rules/propRule.key took 5 ms to parse. 
992        WARN  main            d.u.i.k.n.ParsingFacade   Parsing time 79 ms. 
1020       WARN  main            d.u.i.k.n.ParsingFacade   file:/home/runner/work/key/key/key.core/build/resources/main/de/uka/ilkd/key/proof/rules/firstOrderRules.key took 6 ms to parse. 
1020       WARN  main            d.u.i.k.n.ParsingFacade   Parsing time 85 ms. 
1054       WARN  main            d.u.i.k.n.ParsingFacade   file:/home/runner/work/key/key/key.core/build/resources/main/de/uka/ilkd/key/proof/rules/ifThenElseRules.key took 4 ms to parse. 
1054       WARN  main            d.u.i.k.n.ParsingFacade   Parsing time 89 ms. 
1105       WARN  main            d.u.i.k.n.ParsingFacade   file:/home/runner/work/key/key/key.core/build/resources/main/de/uka/ilkd/key/proof/rules/formulaNormalisationRules.key took 26 ms to parse. 
1105       WARN  main            d.u.i.k.n.ParsingFacade   Parsing time 115 ms. 
1202       WARN  main            d.u.i.k.n.ParsingFacade   file:/home/runner/work/key/key/key.core/build/resources/main/de/uka/ilkd/key/proof/rules/updateRules.key took 3 ms to parse. 
1202       WARN  main            d.u.i.k.n.ParsingFacade   Parsing time 118 ms. 
1216       WARN  main            d.u.i.k.n.ParsingFacade   file:/home/runner/work/key/key/key.core/build/resources/main/de/uka/ilkd/key/proof/rules/integerRulesCommon.key took 2 ms to parse. 
1216       WARN  main            d.u.i.k.n.ParsingFacade   Parsing time 120 ms. 
1317       WARN  main            d.u.i.k.n.ParsingFacade   file:/home/runner/work/key/key/key.core/build/resources/main/de/uka/ilkd/key/proof/rules/intRules.key took 3 ms to parse. 
1317       WARN  main            d.u.i.k.n.ParsingFacade   Parsing time 123 ms. 
1333       WARN  main            d.u.i.k.n.ParsingFacade   file:/home/runner/work/key/key/key.core/build/resources/main/de/uka/ilkd/key/proof/rules/intRulesUncheckedSemantics.key took 3 ms to parse. 
1333       WARN  main            d.u.i.k.n.ParsingFacade   Parsing time 126 ms. 
1342       WARN  main            d.u.i.k.n.ParsingFacade   file:/home/runner/work/key/key/key.core/build/resources/main/de/uka/ilkd/key/proof/rules/intRulesCheckedSemantics.key took 1 ms to parse. 
1342       WARN  main            d.u.i.k.n.ParsingFacade   Parsing time 127 ms. 
1350       WARN  main            d.u.i.k.n.ParsingFacade   file:/home/runner/work/key/key/key.core/build/resources/main/de/uka/ilkd/key/proof/rules/intRulesJavaSemantics.key took 3 ms to parse. 
1350       WARN  main            d.u.i.k.n.ParsingFacade   Parsing time 130 ms. 
1389       WARN  main            d.u.i.k.n.ParsingFacade   file:/home/runner/work/key/key/key.core/build/resources/main/de/uka/ilkd/key/proof/rules/integerSimplificationRules.key took 26 ms to parse. 
1389       WARN  main            d.u.i.k.n.ParsingFacade   Parsing time 156 ms. 
1518       DEBUG main            d.u.i.k.j.TypeConverter   No LDT found for Meta 
1519       DEBUG main            d.u.i.k.j.TypeConverter   No LDT found for Meta 
1520       DEBUG main            d.u.i.k.j.TypeConverter   No LDT found for Meta 
1520       DEBUG main            d.u.i.k.j.TypeConverter   No LDT found for Meta 
1602       WARN  main            d.u.i.k.n.ParsingFacade   file:/home/runner/work/key/key/key.core/build/resources/main/de/uka/ilkd/key/proof/rules/intDiv.key took 7 ms to parse. 
1602       WARN  main            d.u.i.k.n.ParsingFacade   Parsing time 163 ms. 
1636       WARN  main            d.u.i.k.n.ParsingFacade   file:/home/runner/work/key/key/key.core/build/resources/main/de/uka/ilkd/key/proof/rules/bsum.key took 8 ms to parse. 
1636       WARN  main            d.u.i.k.n.ParsingFacade   Parsing time 171 ms. 
1667       WARN  main            d.u.i.k.n.ParsingFacade   file:/home/runner/work/key/key/key.core/build/resources/main/de/uka/ilkd/key/proof/rules/bprod.key took 3 ms to parse. 
1667       WARN  main            d.u.i.k.n.ParsingFacade   Parsing time 174 ms. 
1678       WARN  main            d.u.i.k.n.ParsingFacade   file:/home/runner/work/key/key/key.core/build/resources/main/de/uka/ilkd/key/proof/rules/binaryAxioms.key took 1 ms to parse. 
1678       WARN  main            d.u.i.k.n.ParsingFacade   Parsing time 175 ms. 
1682       WARN  main            d.u.i.k.n.ParsingFacade   file:/home/runner/work/key/key/key.core/build/resources/main/de/uka/ilkd/key/proof/rules/binaryLemmas.key took 1 ms to parse. 
1682       WARN  main            d.u.i.k.n.ParsingFacade   Parsing time 176 ms. 
1688       WARN  main            d.u.i.k.n.ParsingFacade   file:/home/runner/work/key/key/key.core/build/resources/main/de/uka/ilkd/key/proof/rules/intPow.key took 2 ms to parse. 
1688       WARN  main            d.u.i.k.n.ParsingFacade   Parsing time 178 ms. 
1724       WARN  main            d.u.i.k.n.ParsingFacade   file:/home/runner/work/key/key/key.core/build/resources/main/de/uka/ilkd/key/proof/rules/floatRulesCommon.key took 7 ms to parse. 
1724       WARN  main            d.u.i.k.n.ParsingFacade   Parsing time 185 ms. 
1737       WARN  main            d.u.i.k.n.ParsingFacade   file:/home/runner/work/key/key/key.core/build/resources/main/de/uka/ilkd/key/proof/rules/floatRules.key took 0 ms to parse. 
1737       WARN  main            d.u.i.k.n.ParsingFacade   Parsing time 185 ms. 
1738       WARN  main            d.u.i.k.n.ParsingFacade   file:/home/runner/work/key/key/key.core/build/resources/main/de/uka/ilkd/key/proof/rules/floatRulesVerifyNormal.key took 0 ms to parse. 
1738       WARN  main            d.u.i.k.n.ParsingFacade   Parsing time 185 ms. 
1741       WARN  main            d.u.i.k.n.ParsingFacade   file:/home/runner/work/key/key/key.core/build/resources/main/de/uka/ilkd/key/proof/rules/floatRulesAssumeStrictfp.key took 2 ms to parse. 
1741       WARN  main            d.u.i.k.n.ParsingFacade   Parsing time 187 ms. 
1759       WARN  main            d.u.i.k.n.ParsingFacade   file:/home/runner/work/key/key/key.core/build/resources/main/de/uka/ilkd/key/proof/rules/genericRules.key took 2 ms to parse. 
1759       WARN  main            d.u.i.k.n.ParsingFacade   Parsing time 189 ms. 
1768       WARN  main            d.u.i.k.n.ParsingFacade   file:/home/runner/work/key/key/key.core/build/resources/main/de/uka/ilkd/key/proof/rules/booleanRules.key took 1 ms to parse. 
1768       WARN  main            d.u.i.k.n.ParsingFacade   Parsing time 190 ms. 
1772       WARN  main            d.u.i.k.n.ParsingFacade   file:/home/runner/work/key/key/key.core/build/resources/main/de/uka/ilkd/key/proof/rules/epsilon.key took 1 ms to parse. 
1772       WARN  main            d.u.i.k.n.ParsingFacade   Parsing time 191 ms. 
1782       WARN  main            d.u.i.k.n.ParsingFacade   file:/home/runner/work/key/key/key.core/build/resources/main/de/uka/ilkd/key/proof/rules/locSetsRules.key took 8 ms to parse. 
1782       WARN  main            d.u.i.k.n.ParsingFacade   Parsing time 199 ms. 
1824       WARN  main            d.u.i.k.n.ParsingFacade   file:/home/runner/work/key/key/key.core/build/resources/main/de/uka/ilkd/key/proof/rules/heapRules.key took 8 ms to parse. 
1824       WARN  main            d.u.i.k.n.ParsingFacade   Parsing time 207 ms. 
1848       WARN  main            d.u.i.k.n.ParsingFacade   file:/home/runner/work/key/key/key.core/build/resources/main/de/uka/ilkd/key/proof/rules/permissionRules.key took 2 ms to parse. 
1849       WARN  main            d.u.i.k.n.ParsingFacade   Parsing time 209 ms. 
1884       WARN  main            d.u.i.k.n.ParsingFacade   file:/home/runner/work/key/key/key.core/build/resources/main/de/uka/ilkd/key/proof/rules/reachRules.key took 4 ms to parse. 
1885       WARN  main            d.u.i.k.n.ParsingFacade   Parsing time 213 ms. 
1895       WARN  main            d.u.i.k.n.ParsingFacade   file:/home/runner/work/key/key/key.core/build/resources/main/de/uka/ilkd/key/proof/rules/seqCoreRules.key took 0 ms to parse. 
1895       WARN  main            d.u.i.k.n.ParsingFacade   Parsing time 213 ms. 
1902       WARN  main            d.u.i.k.n.ParsingFacade   file:/home/runner/work/key/key/key.core/build/resources/main/de/uka/ilkd/key/proof/rules/seqRules.key took 5 ms to parse. 
1902       WARN  main            d.u.i.k.n.ParsingFacade   Parsing time 218 ms. 
1924       WARN  main            d.u.i.k.n.ParsingFacade   file:/home/runner/work/key/key/key.core/build/resources/main/de/uka/ilkd/key/proof/rules/seqPerm.key took 4 ms to parse. 
1924       WARN  main            d.u.i.k.n.ParsingFacade   Parsing time 222 ms. 
1939       WARN  main            d.u.i.k.n.ParsingFacade   file:/home/runner/work/key/key/key.core/build/resources/main/de/uka/ilkd/key/proof/rules/seqPerm2.key took 1 ms to parse. 
1939       WARN  main            d.u.i.k.n.ParsingFacade   Parsing time 223 ms. 
2015       WARN  main            d.u.i.k.n.ParsingFacade   file:/home/runner/work/key/key/key.core/build/resources/main/de/uka/ilkd/key/proof/rules/javaRules.key took 70 ms to parse. 
2015       WARN  main            d.u.i.k.n.ParsingFacade   Parsing time 293 ms. 
2023       WARN  main            d.u.i.k.n.ParsingFacade   file:/home/runner/work/key/key/key.core/build/resources/main/de/uka/ilkd/key/proof/rules/assertions.key took 1 ms to parse. 
2023       WARN  main            d.u.i.k.n.ParsingFacade   Parsing time 294 ms. 
2504       WARN  main            d.u.i.k.n.ParsingFacade   file:/home/runner/work/key/key/key.core/build/resources/main/de/uka/ilkd/key/proof/rules/loopRules.key took 2 ms to parse. 
2504       WARN  main            d.u.i.k.n.ParsingFacade   Parsing time 296 ms. 
2514       WARN  main            d.u.i.k.n.ParsingFacade   file:/home/runner/work/key/key/key.core/build/resources/main/de/uka/ilkd/key/proof/rules/activeUse.key took 2 ms to parse. 
2514       WARN  main            d.u.i.k.n.ParsingFacade   Parsing time 298 ms. 
2564       WARN  main            d.u.i.k.n.ParsingFacade   file:/home/runner/work/key/key/key.core/build/resources/main/de/uka/ilkd/key/proof/rules/instanceAllocation.key took 6 ms to parse. 
2564       WARN  main            d.u.i.k.n.ParsingFacade   Parsing time 304 ms. 
2577       WARN  main            d.u.i.k.n.ParsingFacade   file:/home/runner/work/key/key/key.core/build/resources/main/de/uka/ilkd/key/proof/rules/java5.key took 0 ms to parse. 
2577       WARN  main            d.u.i.k.n.ParsingFacade   Parsing time 304 ms. 
2584       WARN  main            d.u.i.k.n.ParsingFacade   file:/home/runner/work/key/key/key.core/build/resources/main/de/uka/ilkd/key/proof/rules/integerAssignment2UpdateRules.key took 3 ms to parse. 
2584       WARN  main            d.u.i.k.n.ParsingFacade   Parsing time 307 ms. 
2623       WARN  main            d.u.i.k.n.ParsingFacade   file:/home/runner/work/key/key/key.core/build/resources/main/de/uka/ilkd/key/proof/rules/floatAssignment2UpdateRules.key took 4 ms to parse. 
2623       WARN  main            d.u.i.k.n.ParsingFacade   Parsing time 311 ms. 
2651       WARN  main            d.u.i.k.n.ParsingFacade   file:/home/runner/work/key/key/key.core/build/resources/main/de/uka/ilkd/key/proof/rules/bigint.key took 1 ms to parse. 
2651       WARN  main            d.u.i.k.n.ParsingFacade   Parsing time 312 ms. 
2659       DEBUG main            d.u.i.k.j.TypeConverter   No LDT found for JavaBigintExpression 
2663       WARN  main            d.u.i.k.n.ParsingFacade   file:/home/runner/work/key/key/key.core/build/resources/main/de/uka/ilkd/key/proof/rules/adtProgramDecompositionRules.key took 1 ms to parse. 
2663       WARN  main            d.u.i.k.n.ParsingFacade   Parsing time 313 ms. 
2677       WARN  main            d.u.i.k.n.ParsingFacade   file:/home/runner/work/key/key/key.core/build/resources/main/de/uka/ilkd/key/proof/rules/precRules.key took 1 ms to parse. 
2677       WARN  main            d.u.i.k.n.ParsingFacade   Parsing time 314 ms. 
2681       WARN  main            d.u.i.k.n.ParsingFacade   file:/home/runner/work/key/key/key.core/build/resources/main/de/uka/ilkd/key/proof/rules/charListRules.key took 2 ms to parse. 
2681       WARN  main            d.u.i.k.n.ParsingFacade   Parsing time 316 ms. 
2691       WARN  main            d.u.i.k.n.ParsingFacade   file:/home/runner/work/key/key/key.core/build/resources/main/de/uka/ilkd/key/proof/rules/regExTheory.key took 0 ms to parse. 
2691       WARN  main            d.u.i.k.n.ParsingFacade   Parsing time 316 ms. 
2692       WARN  main            d.u.i.k.n.ParsingFacade   file:/home/runner/work/key/key/key.core/build/resources/main/de/uka/ilkd/key/proof/rules/regExHeader.key took 1 ms to parse. 
2692       WARN  main            d.u.i.k.n.ParsingFacade   Parsing time 317 ms. 
2693       WARN  main            d.u.i.k.n.ParsingFacade   file:/home/runner/work/key/key/key.core/build/resources/main/de/uka/ilkd/key/proof/rules/regExAxioms.key took 1 ms to parse. 
2693       WARN  main            d.u.i.k.n.ParsingFacade   Parsing time 318 ms. 
2696       WARN  main            d.u.i.k.n.ParsingFacade   file:/home/runner/work/key/key/key.core/build/resources/main/de/uka/ilkd/key/proof/rules/regExLemmaProven.key took 1 ms to parse. 
2696       WARN  main            d.u.i.k.n.ParsingFacade   Parsing time 319 ms. 
2701       WARN  main            d.u.i.k.n.ParsingFacade   file:/home/runner/work/key/key/key.core/build/resources/main/de/uka/ilkd/key/proof/rules/seqEq.key took 1 ms to parse. 
2701       WARN  main            d.u.i.k.n.ParsingFacade   Parsing time 320 ms. 
2730       WARN  main            d.u.i.k.n.ParsingFacade   file:/home/runner/work/key/key/key.core/build/resources/main/de/uka/ilkd/key/proof/rules/infFlow.key took 2 ms to parse. 
2730       WARN  main            d.u.i.k.n.ParsingFacade   Parsing time 322 ms. 
2735       WARN  main            d.u.i.k.n.ParsingFacade   file:/home/runner/work/key/key/key.core/build/resources/main/de/uka/ilkd/key/proof/rules/mapSize.key took 1 ms to parse. 
2735       WARN  main            d.u.i.k.n.ParsingFacade   Parsing time 323 ms. 
2737       WARN  main            d.u.i.k.n.ParsingFacade   file:/home/runner/work/key/key/key.core/build/resources/main/de/uka/ilkd/key/proof/rules/wd.key took 0 ms to parse. 
2737       WARN  main            d.u.i.k.n.ParsingFacade   Parsing time 323 ms. 
2741       WARN  main            d.u.i.k.n.ParsingFacade   file:/home/runner/work/key/key/key.core/build/resources/main/de/uka/ilkd/key/proof/rules/wdHeader.key took 1 ms to parse. 
2741       WARN  main            d.u.i.k.n.ParsingFacade   Parsing time 324 ms. 
2742       WARN  main            d.u.i.k.n.ParsingFacade   file:/home/runner/work/key/key/key.core/build/resources/main/de/uka/ilkd/key/proof/rules/wdGeneralRules.key took 1 ms to parse. 
2742       WARN  main            d.u.i.k.n.ParsingFacade   Parsing time 325 ms. 
2750       WARN  main            d.u.i.k.n.ParsingFacade   file:/home/runner/work/key/key/key.core/build/resources/main/de/uka/ilkd/key/proof/rules/wdNumericalRules.key took 4 ms to parse. 
2750       WARN  main            d.u.i.k.n.ParsingFacade   Parsing time 329 ms. 
2768       WARN  main            d.u.i.k.n.ParsingFacade   file:/home/runner/work/key/key/key.core/build/resources/main/de/uka/ilkd/key/proof/rules/wdLocSetRules.key took 1 ms to parse. 
2768       WARN  main            d.u.i.k.n.ParsingFacade   Parsing time 330 ms. 
2772       WARN  main            d.u.i.k.n.ParsingFacade   file:/home/runner/work/key/key/key.core/build/resources/main/de/uka/ilkd/key/proof/rules/wdHeapRules.key took 0 ms to parse. 
2772       WARN  main            d.u.i.k.n.ParsingFacade   Parsing time 330 ms. 
2775       WARN  main            d.u.i.k.n.ParsingFacade   file:/home/runner/work/key/key/key.core/build/resources/main/de/uka/ilkd/key/proof/rules/wdReachRules.key took 0 ms to parse. 
2775       WARN  main            d.u.i.k.n.ParsingFacade   Parsing time 330 ms. 
2777       WARN  main            d.u.i.k.n.ParsingFacade   file:/home/runner/work/key/key/key.core/build/resources/main/de/uka/ilkd/key/proof/rules/wdSeqRules.key took 1 ms to parse. 
2777       WARN  main            d.u.i.k.n.ParsingFacade   Parsing time 331 ms. 
2780       WARN  main            d.u.i.k.n.ParsingFacade   file:/home/runner/work/key/key/key.core/build/resources/main/de/uka/ilkd/key/proof/rules/wdStringRules.key took 1 ms to parse. 
2780       WARN  main            d.u.i.k.n.ParsingFacade   Parsing time 332 ms. 
2784       WARN  main            d.u.i.k.n.ParsingFacade   file:/home/runner/work/key/key/key.core/build/resources/main/de/uka/ilkd/key/proof/rules/wdRegExRules.key took 0 ms to parse. 
2784       WARN  main            d.u.i.k.n.ParsingFacade   Parsing time 332 ms. 
2789       WARN  main            d.u.i.k.n.ParsingFacade   file:/home/runner/work/key/key/key.core/build/resources/main/de/uka/ilkd/key/proof/rules/wdFormulaRules.key took 4 ms to parse. 
2789       WARN  main            d.u.i.k.n.ParsingFacade   Parsing time 336 ms. 
2798       WARN  main            d.u.i.k.n.ParsingFacade   file:/home/runner/work/key/key/key.core/build/resources/main/de/uka/ilkd/key/proof/rules/loopInvariantRules.key took 0 ms to parse. 
2798       WARN  main            d.u.i.k.n.ParsingFacade   Parsing time 336 ms. 
2799       WARN  main            d.u.i.k.n.ParsingFacade   file:/home/runner/work/key/key/key.core/build/resources/main/de/uka/ilkd/key/proof/rules/forLoopRules.key took 0 ms to parse. 
2799       WARN  main            d.u.i.k.n.ParsingFacade   Parsing time 336 ms. 
2806       WARN  main            d.u.i.k.n.ParsingFacade   file:/home/runner/work/key/key/key.core/build/resources/main/de/uka/ilkd/key/proof/rules/execRules.key took 4 ms to parse. 
2806       WARN  main            d.u.i.k.n.ParsingFacade   Parsing time 340 ms. 
2878       WARN  main            d.u.i.k.n.ParsingFacade   file:/home/runner/work/key/key/key.core/build/resources/main/de/uka/ilkd/key/proof/rules/loopScopeRules.key took 2 ms to parse. 
2878       WARN  main            d.u.i.k.n.ParsingFacade   Parsing time 342 ms. 
6339       WARN  main            d.u.i.k.n.ParsingFacade   file:/home/runner/work/key/key/key.core/build/resources/main/de/uka/ilkd/key/java/JavaRedux/java/lang/String.key took 6 ms to parse. 
6339       WARN  main            d.u.i.k.n.ParsingFacade   Parsing time 348 ms. 
8571       DEBUG main            d.u.i.k.p.i.AbstractProblemLoader Init config took 7.8s 
8631       INFO  main            d.u.i.k.p.i.AbstractProblemLoader Replaying proof wellformed1.key 
8663       DEBUG main            d.u.i.k.p.i.IntermediateProofReplayer Proof replay took 34ns 
8665       WARN  main            d.u.i.k.n.ParsingFacade   /home/runner/work/key/key/key.core/../key.ui/examples/heap/polarity_tests/wellformed1.key took 0 ms to parse. 
8665       WARN  main            d.u.i.k.n.ParsingFacade   Parsing time 348 ms. 
8832       INFO  main            d.u.i.k.p.r.p.TestFile    ... finished proof: closed. 
8931       INFO  main            d.u.i.k.p.i.AbstractProblemLoader Loading environment from /home/runner/work/key/key/key.core/../key.ui/examples/heap/polarity_tests/wellformed1.key.proof 
8931       DEBUG main            d.u.i.k.p.i.AbstractProblemLoader Environment load took 135.7ns 
8931       WARN  main            d.u.i.k.n.ParsingFacade   /home/runner/work/key/key/key.core/../key.ui/examples/heap/polarity_tests/wellformed1.key.proof took 0 ms to parse. 
8932       WARN  main            d.u.i.k.n.ParsingFacade   Parsing time 348 ms. 
8935       INFO  main            d.u.i.k.p.i.AbstractProblemLoader Creating init config 
9944       WARN  main            d.u.i.k.n.ParsingFacade   file:/home/runner/work/key/key/key.core/build/resources/main/de/uka/ilkd/key/java/JavaRedux/java/lang/String.key took 1 ms to parse. 
9944       WARN  main            d.u.i.k.n.ParsingFacade   Parsing time 349 ms. 
11725      DEBUG main            d.u.i.k.p.i.AbstractProblemLoader Init config took 2.79s 
11754      INFO  main            d.u.i.k.p.i.AbstractProblemLoader Replaying proof wellformed1.key.proof 
11762      DEBUG main            d.u.i.k.p.i.IntermediateProofReplayer Proof replay took 2.14ms 
11763      WARN  main            d.u.i.k.n.ParsingFacade   /home/runner/work/key/key/key.core/../key.ui/examples/heap/polarity_tests/wellformed1.key.proof took 0 ms to parse. 
11763      WARN  main            d.u.i.k.n.ParsingFacade   Parsing time 349 ms. 
11773      DEBUG main            d.u.i.k.p.r.p.TestFile    ... success: reloaded. 
11774      INFO  main            d.u.i.k.p.r.p.TestFile    Now processing file /home/runner/work/key/key/key.core/../key.ui/examples/heap/polarity_tests/wellformed2.key 
11774      INFO  main            d.u.i.k.p.i.AbstractProblemLoader Loading environment from /home/runner/work/key/key/key.core/../key.ui/examples/heap/polarity_tests/wellformed2.key 
11774      DEBUG main            d.u.i.k.p.i.AbstractProblemLoader Environment load took 236.5ns 
11775      WARN  main            d.u.i.k.n.ParsingFacade   /home/runner/work/key/key/key.core/../key.ui/examples/heap/polarity_tests/wellformed2.key took 0 ms to parse. 
11775      WARN  main            d.u.i.k.n.ParsingFacade   Parsing time 349 ms. 
11776      INFO  main            d.u.i.k.p.i.AbstractProblemLoader Creating init config 
12678      WARN  main            d.u.i.k.n.ParsingFacade   file:/home/runner/work/key/key/key.core/build/resources/main/de/uka/ilkd/key/java/JavaRedux/java/lang/String.key took 1 ms to parse. 
12679      WARN  main            d.u.i.k.n.ParsingFacade   Parsing time 350 ms. 
14403      DEBUG main            d.u.i.k.p.i.AbstractProblemLoader Init config took 2.63s 
14433      INFO  main            d.u.i.k.p.i.AbstractProblemLoader Replaying proof wellformed2.key 
14435      DEBUG main            d.u.i.k.p.i.IntermediateProofReplayer Proof replay took 6ns 
14435      WARN  main            d.u.i.k.n.ParsingFacade   /home/runner/work/key/key/key.core/../key.ui/examples/heap/polarity_tests/wellformed2.key took 0 ms to parse. 
14436      WARN  main            d.u.i.k.n.ParsingFacade   Parsing time 350 ms. 
14538      INFO  main            d.u.i.k.p.r.p.TestFile    ... finished proof: open goal(s) 
14653      INFO  main            d.u.i.k.p.r.p.TestFile    Now processing file /home/runner/work/key/key/key.core/../key.ui/examples/heap/polarity_tests/wellformed3.key 
14653      INFO  main            d.u.i.k.p.i.AbstractProblemLoader Loading environment from /home/runner/work/key/key/key.core/../key.ui/examples/heap/polarity_tests/wellformed3.key 
14653      DEBUG main            d.u.i.k.p.i.AbstractProblemLoader Environment load took 87.9ns 
14654      WARN  main            d.u.i.k.n.ParsingFacade   /home/runner/work/key/key/key.core/../key.ui/examples/heap/polarity_tests/wellformed3.key took 1 ms to parse. 
14654      WARN  main            d.u.i.k.n.ParsingFacade   Parsing time 351 ms. 
14655      INFO  main            d.u.i.k.p.i.AbstractProblemLoader Creating init config 
15539      WARN  main            d.u.i.k.n.ParsingFacade   file:/home/runner/work/key/key/key.core/build/resources/main/de/uka/ilkd/key/java/JavaRedux/java/lang/String.key took 1 ms to parse. 
15539      WARN  main            d.u.i.k.n.ParsingFacade   Parsing time 352 ms. 
17239      DEBUG main            d.u.i.k.p.i.AbstractProblemLoader Init config took 2.58s 
17263      INFO  main            d.u.i.k.p.i.AbstractProblemLoader Replaying proof wellformed3.key 
17265      DEBUG main            d.u.i.k.p.i.IntermediateProofReplayer Proof replay took 6.2ns 
17266      WARN  main            d.u.i.k.n.ParsingFacade   /home/runner/work/key/key/key.core/../key.ui/examples/heap/polarity_tests/wellformed3.key took 0 ms to parse. 
17266      WARN  main            d.u.i.k.n.ParsingFacade   Parsing time 352 ms. 
17368      INFO  main            d.u.i.k.p.r.p.TestFile    ... finished proof: closed. 
17502      INFO  main            d.u.i.k.p.i.AbstractProblemLoader Loading environment from /home/runner/work/key/key/key.core/../key.ui/examples/heap/polarity_tests/wellformed3.key.proof 
17502      DEBUG main            d.u.i.k.p.i.AbstractProblemLoader Environment load took 110.2ns 
17503      WARN  main            d.u.i.k.n.ParsingFacade   /home/runner/work/key/key/key.core/../key.ui/examples/heap/polarity_tests/wellformed3.key.proof took 0 ms to parse. 
17503      WARN  main            d.u.i.k.n.ParsingFacade   Parsing time 352 ms. 
17506      INFO  main            d.u.i.k.p.i.AbstractProblemLoader Creating init config 
18385      WARN  main            d.u.i.k.n.ParsingFacade   file:/home/runner/work/key/key/key.core/build/resources/main/de/uka/ilkd/key/java/JavaRedux/java/lang/String.key took 1 ms to parse. 
18386      WARN  main            d.u.i.k.n.ParsingFacade   Parsing time 353 ms. 
20053      DEBUG main            d.u.i.k.p.i.AbstractProblemLoader Init config took 2.55s 
20075      INFO  main            d.u.i.k.p.i.AbstractProblemLoader Replaying proof wellformed3.key.proof 
20079      DEBUG main            d.u.i.k.p.i.IntermediateProofReplayer Proof replay took 2.12ms 
20080      WARN  main            d.u.i.k.n.ParsingFacade   /home/runner/work/key/key/key.core/../key.ui/examples/heap/polarity_tests/wellformed3.key.proof took 0 ms to parse. 
20080      WARN  main            d.u.i.k.n.ParsingFacade   Parsing time 353 ms. 
20081      DEBUG main            d.u.i.k.p.r.p.TestFile    ... success: reloaded. 
20082      INFO  main            d.u.i.k.p.r.p.TestFile    Now processing file /home/runner/work/key/key/key.core/../key.ui/examples/heap/polarity_tests/wellformed4.key 
20082      INFO  main            d.u.i.k.p.i.AbstractProblemLoader Loading environment from /home/runner/work/key/key/key.core/../key.ui/examples/heap/polarity_tests/wellformed4.key 
20082      DEBUG main            d.u.i.k.p.i.AbstractProblemLoader Environment load took 214ns 
20083      WARN  main            d.u.i.k.n.ParsingFacade   /home/runner/work/key/key/key.core/../key.ui/examples/heap/polarity_tests/wellformed4.key took 1 ms to parse. 
20083      WARN  main            d.u.i.k.n.ParsingFacade   Parsing time 354 ms. 
20084      INFO  main            d.u.i.k.p.i.AbstractProblemLoader Creating init config 
20940      WARN  main            d.u.i.k.n.ParsingFacade   file:/home/runner/work/key/key/key.core/build/resources/main/de/uka/ilkd/key/java/JavaRedux/java/lang/String.key took 1 ms to parse. 
20941      WARN  main            d.u.i.k.n.ParsingFacade   Parsing time 355 ms. 
22612      DEBUG main            d.u.i.k.p.i.AbstractProblemLoader Init config took 2.53s 
22635      INFO  main            d.u.i.k.p.i.AbstractProblemLoader Replaying proof wellformed4.key 
22637      DEBUG main            d.u.i.k.p.i.IntermediateProofReplayer Proof replay took 6.1ns 
22638      WARN  main            d.u.i.k.n.ParsingFacade   /home/runner/work/key/key/key.core/../key.ui/examples/heap/polarity_tests/wellformed4.key took 0 ms to parse. 
22638      WARN  main            d.u.i.k.n.ParsingFacade   Parsing time 355 ms. 
22741      INFO  main            d.u.i.k.p.r.p.TestFile    ... finished proof: open goal(s) 
22865      INFO  main            d.u.i.k.p.r.p.TestFile    Now processing file /home/runner/work/key/key/key.core/../key.ui/examples/heap/polarity_tests/wellformed5.key 
22865      INFO  main            d.u.i.k.p.i.AbstractProblemLoader Loading environment from /home/runner/work/key/key/key.core/../key.ui/examples/heap/polarity_tests/wellformed5.key 
22865      DEBUG main            d.u.i.k.p.i.AbstractProblemLoader Environment load took 66.5ns 
22866      WARN  main            d.u.i.k.n.ParsingFacade   /home/runner/work/key/key/key.core/../key.ui/examples/heap/polarity_tests/wellformed5.key took 0 ms to parse. 
22866      WARN  main            d.u.i.k.n.ParsingFacade   Parsing time 355 ms. 
22867      INFO  main            d.u.i.k.p.i.AbstractProblemLoader Creating init config 
23702      WARN  main            d.u.i.k.n.ParsingFacade   file:/home/runner/work/key/key/key.core/build/resources/main/de/uka/ilkd/key/java/JavaRedux/java/lang/String.key took 1 ms to parse. 
23702      WARN  main            d.u.i.k.n.ParsingFacade   Parsing time 356 ms. 
25396      DEBUG main            d.u.i.k.p.i.AbstractProblemLoader Init config took 2.53s 
25417      INFO  main            d.u.i.k.p.i.AbstractProblemLoader Replaying proof wellformed5.key 
25418      DEBUG main            d.u.i.k.p.i.IntermediateProofReplayer Proof replay took 6.4ns 
25419      WARN  main            d.u.i.k.n.ParsingFacade   /home/runner/work/key/key/key.core/../key.ui/examples/heap/polarity_tests/wellformed5.key took 0 ms to parse. 
25419      WARN  main            d.u.i.k.n.ParsingFacade   Parsing time 356 ms. 
25521      INFO  main            d.u.i.k.p.r.p.TestFile    ... finished proof: closed. 
25637      INFO  main            d.u.i.k.p.i.AbstractProblemLoader Loading environment from /home/runner/work/key/key/key.core/../key.ui/examples/heap/polarity_tests/wellformed5.key.proof 
25637      DEBUG main            d.u.i.k.p.i.AbstractProblemLoader Environment load took 103.4ns 
25637      WARN  main            d.u.i.k.n.ParsingFacade   /home/runner/work/key/key/key.core/../key.ui/examples/heap/polarity_tests/wellformed5.key.proof took 0 ms to parse. 
25638      WARN  main            d.u.i.k.n.ParsingFacade   Parsing time 356 ms. 
25638      INFO  main            d.u.i.k.p.i.AbstractProblemLoader Creating init config 
26463      WARN  main            d.u.i.k.n.ParsingFacade   file:/home/runner/work/key/key/key.core/build/resources/main/de/uka/ilkd/key/java/JavaRedux/java/lang/String.key took 1 ms to parse. 
26463      WARN  main            d.u.i.k.n.ParsingFacade   Parsing time 357 ms. 
28147      DEBUG main            d.u.i.k.p.i.AbstractProblemLoader Init config took 2.51s 
28172      INFO  main            d.u.i.k.p.i.AbstractProblemLoader Replaying proof wellformed5.key.proof 
28180      DEBUG main            d.u.i.k.p.i.IntermediateProofReplayer Proof replay took 4.28ms 
28180      WARN  main            d.u.i.k.n.ParsingFacade   /home/runner/work/key/key/key.core/../key.ui/examples/heap/polarity_tests/wellformed5.key.proof took 0 ms to parse. 
28181      WARN  main            d.u.i.k.n.ParsingFacade   Parsing time 357 ms. 
28181      DEBUG main            d.u.i.k.p.r.p.TestFile    ... success: reloaded. 
28183      INFO  main            d.u.i.k.p.r.p.TestFile    Now processing file /home/runner/work/key/key/key.core/../key.ui/examples/heap/polarity_tests/wellformed6.key 
28183      INFO  main            d.u.i.k.p.i.AbstractProblemLoader Loading environment from /home/runner/work/key/key/key.core/../key.ui/examples/heap/polarity_tests/wellformed6.key 
28184      DEBUG main            d.u.i.k.p.i.AbstractProblemLoader Environment load took 219.8ns 
28184      WARN  main            d.u.i.k.n.ParsingFacade   /home/runner/work/key/key/key.core/../key.ui/examples/heap/polarity_tests/wellformed6.key took 0 ms to parse. 
28184      WARN  main            d.u.i.k.n.ParsingFacade   Parsing time 357 ms. 
28185      INFO  main            d.u.i.k.p.i.AbstractProblemLoader Creating init config 
29071      WARN  main            d.u.i.k.n.ParsingFacade   file:/home/runner/work/key/key/key.core/build/resources/main/de/uka/ilkd/key/java/JavaRedux/java/lang/String.key took 1 ms to parse. 
29071      WARN  main            d.u.i.k.n.ParsingFacade   Parsing time 358 ms. 
30726      DEBUG main            d.u.i.k.p.i.AbstractProblemLoader Init config took 2.54s 
30744      INFO  main            d.u.i.k.p.i.AbstractProblemLoader Replaying proof wellformed6.key 
30746      DEBUG main            d.u.i.k.p.i.IntermediateProofReplayer Proof replay took 6.2ns 
30746      WARN  main            d.u.i.k.n.ParsingFacade   /home/runner/work/key/key/key.core/../key.ui/examples/heap/polarity_tests/wellformed6.key took 0 ms to parse. 
30746      WARN  main            d.u.i.k.n.ParsingFacade   Parsing time 358 ms. 
30850      INFO  main            d.u.i.k.p.r.p.TestFile    ... finished proof: open goal(s) 
31034      INFO  main            d.u.i.k.p.r.p.TestFile    Now processing file /home/runner/work/key/key/key.core/../key.ui/examples/heap/polarity_tests/wellformed7.key 
31034      INFO  main            d.u.i.k.p.i.AbstractProblemLoader Loading environment from /home/runner/work/key/key/key.core/../key.ui/examples/heap/polarity_tests/wellformed7.key 
31034      DEBUG main            d.u.i.k.p.i.AbstractProblemLoader Environment load took 59ns 
31035      WARN  main            d.u.i.k.n.ParsingFacade   /home/runner/work/key/key/key.core/../key.ui/examples/heap/polarity_tests/wellformed7.key took 0 ms to parse. 
31035      WARN  main            d.u.i.k.n.ParsingFacade   Parsing time 358 ms. 
31035      INFO  main            d.u.i.k.p.i.AbstractProblemLoader Creating init config 
31865      WARN  main            d.u.i.k.n.ParsingFacade   file:/home/runner/work/key/key/key.core/build/resources/main/de/uka/ilkd/key/java/JavaRedux/java/lang/String.key took 1 ms to parse. 
31866      WARN  main            d.u.i.k.n.ParsingFacade   Parsing time 359 ms. 
33481      DEBUG main            d.u.i.k.p.i.AbstractProblemLoader Init config took 2.45s 
33500      INFO  main            d.u.i.k.p.i.AbstractProblemLoader Replaying proof wellformed7.key 
33501      DEBUG main            d.u.i.k.p.i.IntermediateProofReplayer Proof replay took 7.3ns 
33502      WARN  main            d.u.i.k.n.ParsingFacade   /home/runner/work/key/key/key.core/../key.ui/examples/heap/polarity_tests/wellformed7.key took 1 ms to parse. 
33502      WARN  main            d.u.i.k.n.ParsingFacade   Parsing time 360 ms. 
33603      INFO  main            d.u.i.k.p.r.p.TestFile    ... finished proof: closed. 
33730      INFO  main            d.u.i.k.p.i.AbstractProblemLoader Loading environment from /home/runner/work/key/key/key.core/../key.ui/examples/heap/polarity_tests/wellformed7.key.proof 
33730      DEBUG main            d.u.i.k.p.i.AbstractProblemLoader Environment load took 110.4ns 
33731      WARN  main            d.u.i.k.n.ParsingFacade   /home/runner/work/key/key/key.core/../key.ui/examples/heap/polarity_tests/wellformed7.key.proof took 0 ms to parse. 
33731      WARN  main            d.u.i.k.n.ParsingFacade   Parsing time 360 ms. 
33731      INFO  main            d.u.i.k.p.i.AbstractProblemLoader Creating init config 
34539      WARN  main            d.u.i.k.n.ParsingFacade   file:/home/runner/work/key/key/key.core/build/resources/main/de/uka/ilkd/key/java/JavaRedux/java/lang/String.key took 2 ms to parse. 
34539      WARN  main            d.u.i.k.n.ParsingFacade   Parsing time 362 ms. 
36199      DEBUG main            d.u.i.k.p.i.AbstractProblemLoader Init config took 2.47s 
36218      INFO  main            d.u.i.k.p.i.AbstractProblemLoader Replaying proof wellformed7.key.proof 
36222      DEBUG main            d.u.i.k.p.i.IntermediateProofReplayer Proof replay took 1.76ms 
36222      WARN  main            d.u.i.k.n.ParsingFacade   /home/runner/work/key/key/key.core/../key.ui/examples/heap/polarity_tests/wellformed7.key.proof took 0 ms to parse. 
36223      WARN  main            d.u.i.k.n.ParsingFacade   Parsing time 362 ms. 
36223      DEBUG main            d.u.i.k.p.r.p.TestFile    ... success: reloaded. 
36224      INFO  main            d.u.i.k.p.r.p.TestFile    Now processing file /home/runner/work/key/key/key.core/../key.ui/examples/heap/polarity_tests/wellformed8.key 
36224      INFO  main            d.u.i.k.p.i.AbstractProblemLoader Loading environment from /home/runner/work/key/key/key.core/../key.ui/examples/heap/polarity_tests/wellformed8.key 
36224      DEBUG main            d.u.i.k.p.i.AbstractProblemLoader Environment load took 70.7ns 
36224      WARN  main            d.u.i.k.n.ParsingFacade   /home/runner/work/key/key/key.core/../key.ui/examples/heap/polarity_tests/wellformed8.key took 0 ms to parse. 
36224      WARN  main            d.u.i.k.n.ParsingFacade   Parsing time 362 ms. 
36225      INFO  main            d.u.i.k.p.i.AbstractProblemLoader Creating init config 
37064      WARN  main            d.u.i.k.n.ParsingFacade   file:/home/runner/work/key/key/key.core/build/resources/main/de/uka/ilkd/key/java/JavaRedux/java/lang/String.key took 1 ms to parse. 
37065      WARN  main            d.u.i.k.n.ParsingFacade   Parsing time 363 ms. 
38726      DEBUG main            d.u.i.k.p.i.AbstractProblemLoader Init config took 2.5s 
38746      INFO  main            d.u.i.k.p.i.AbstractProblemLoader Replaying proof wellformed8.key 
38749      DEBUG main            d.u.i.k.p.i.IntermediateProofReplayer Proof replay took 7.4ns 
38750      WARN  main            d.u.i.k.n.ParsingFacade   /home/runner/work/key/key/key.core/../key.ui/examples/heap/polarity_tests/wellformed8.key took 1 ms to parse. 
38750      WARN  main            d.u.i.k.n.ParsingFacade   Parsing time 364 ms. 
38852      INFO  main            d.u.i.k.p.r.p.TestFile    ... finished proof: open goal(s) 
38996      INFO  main            d.u.i.k.p.r.p.TestFile    Now processing file /home/runner/work/key/key/key.core/../key.ui/examples/heap/polarity_tests/wellformed9.key 
38996      INFO  main            d.u.i.k.p.i.AbstractProblemLoader Loading environment from /home/runner/work/key/key/key.core/../key.ui/examples/heap/polarity_tests/wellformed9.key 
38997      DEBUG main            d.u.i.k.p.i.AbstractProblemLoader Environment load took 54.5ns 
38997      WARN  main            d.u.i.k.n.ParsingFacade   /home/runner/work/key/key/key.core/../key.ui/examples/heap/polarity_tests/wellformed9.key took 0 ms to parse. 
38997      WARN  main            d.u.i.k.n.ParsingFacade   Parsing time 364 ms. 
38998      INFO  main            d.u.i.k.p.i.AbstractProblemLoader Creating init config 
39813      WARN  main            d.u.i.k.n.ParsingFacade   file:/home/runner/work/key/key/key.core/build/resources/main/de/uka/ilkd/key/java/JavaRedux/java/lang/String.key took 1 ms to parse. 
39814      WARN  main            d.u.i.k.n.ParsingFacade   Parsing time 365 ms. 
41461      DEBUG main            d.u.i.k.p.i.AbstractProblemLoader Init config took 2.46s 
41478      INFO  main            d.u.i.k.p.i.AbstractProblemLoader Replaying proof wellformed9.key 
41479      DEBUG main            d.u.i.k.p.i.IntermediateProofReplayer Proof replay took 7.4ns 
41480      WARN  main            d.u.i.k.n.ParsingFacade   /home/runner/work/key/key/key.core/../key.ui/examples/heap/polarity_tests/wellformed9.key took 0 ms to parse. 
41480      WARN  main            d.u.i.k.n.ParsingFacade   Parsing time 365 ms. 
41582      INFO  main            d.u.i.k.p.r.p.TestFile    ... finished proof: closed. 
41740      INFO  main            d.u.i.k.p.i.AbstractProblemLoader Loading environment from /home/runner/work/key/key/key.core/../key.ui/examples/heap/polarity_tests/wellformed9.key.proof 
41740      DEBUG main            d.u.i.k.p.i.AbstractProblemLoader Environment load took 102.8ns 
41740      WARN  main            d.u.i.k.n.ParsingFacade   /home/runner/work/key/key/key.core/../key.ui/examples/heap/polarity_tests/wellformed9.key.proof took 0 ms to parse. 
41740      WARN  main            d.u.i.k.n.ParsingFacade   Parsing time 365 ms. 
41741      INFO  main            d.u.i.k.p.i.AbstractProblemLoader Creating init config 
42542      WARN  main            d.u.i.k.n.ParsingFacade   file:/home/runner/work/key/key/key.core/build/resources/main/de/uka/ilkd/key/java/JavaRedux/java/lang/String.key took 1 ms to parse. 
42542      WARN  main            d.u.i.k.n.ParsingFacade   Parsing time 366 ms. 
44192      DEBUG main            d.u.i.k.p.i.AbstractProblemLoader Init config took 2.45s 
44210      INFO  main            d.u.i.k.p.i.AbstractProblemLoader Replaying proof wellformed9.key.proof 
44213      DEBUG main            d.u.i.k.p.i.IntermediateProofReplayer Proof replay took 1.67ms 
44215      WARN  main            d.u.i.k.n.ParsingFacade   /home/runner/work/key/key/key.core/../key.ui/examples/heap/polarity_tests/wellformed9.key.proof took 0 ms to parse. 
44216      WARN  main            d.u.i.k.n.ParsingFacade   Parsing time 366 ms. 
44216      DEBUG main            d.u.i.k.p.r.p.TestFile    ... success: reloaded. 
44217      INFO  main            d.u.i.k.p.r.p.TestFile    Now processing file /home/runner/work/key/key/key.core/../key.ui/examples/heap/polarity_tests/wellformed10.key 
44217      INFO  main            d.u.i.k.p.i.AbstractProblemLoader Loading environment from /home/runner/work/key/key/key.core/../key.ui/examples/heap/polarity_tests/wellformed10.key 
44217      DEBUG main            d.u.i.k.p.i.AbstractProblemLoader Environment load took 92.9ns 
44217      WARN  main            d.u.i.k.n.ParsingFacade   /home/runner/work/key/key/key.core/../key.ui/examples/heap/polarity_tests/wellformed10.key took 0 ms to parse. 
44217      WARN  main            d.u.i.k.n.ParsingFacade   Parsing time 366 ms. 
44218      INFO  main            d.u.i.k.p.i.AbstractProblemLoader Creating init config 
45051      WARN  main            d.u.i.k.n.ParsingFacade   file:/home/runner/work/key/key/key.core/build/resources/main/de/uka/ilkd/key/java/JavaRedux/java/lang/String.key took 1 ms to parse. 
45051      WARN  main            d.u.i.k.n.ParsingFacade   Parsing time 367 ms. 
46703      DEBUG main            d.u.i.k.p.i.AbstractProblemLoader Init config took 2.49s 
46719      INFO  main            d.u.i.k.p.i.AbstractProblemLoader Replaying proof wellformed10.key 
46721      DEBUG main            d.u.i.k.p.i.IntermediateProofReplayer Proof replay took 6.4ns 
46721      WARN  main            d.u.i.k.n.ParsingFacade   /home/runner/work/key/key/key.core/../key.ui/examples/heap/polarity_tests/wellformed10.key took 0 ms to parse. 
46721      WARN  main            d.u.i.k.n.ParsingFacade   Parsing time 367 ms. 
46826      INFO  main            d.u.i.k.p.r.p.TestFile    ... finished proof: open goal(s) 
47012      INFO  main            d.u.i.k.p.r.p.TestFile    Now processing file /home/runner/work/key/key/key.core/../key.ui/examples/heap/polarity_tests/wellformed11.key 
47013      INFO  main            d.u.i.k.p.i.AbstractProblemLoader Loading environment from /home/runner/work/key/key/key.core/../key.ui/examples/heap/polarity_tests/wellformed11.key 
47013      DEBUG main            d.u.i.k.p.i.AbstractProblemLoader Environment load took 57.6ns 
47013      WARN  main            d.u.i.k.n.ParsingFacade   /home/runner/work/key/key/key.core/../key.ui/examples/heap/polarity_tests/wellformed11.key took 0 ms to parse. 
47013      WARN  main            d.u.i.k.n.ParsingFacade   Parsing time 367 ms. 
47014      INFO  main            d.u.i.k.p.i.AbstractProblemLoader Creating init config 
47810      WARN  main            d.u.i.k.n.ParsingFacade   file:/home/runner/work/key/key/key.core/build/resources/main/de/uka/ilkd/key/java/JavaRedux/java/lang/String.key took 1 ms to parse. 
47811      WARN  main            d.u.i.k.n.ParsingFacade   Parsing time 368 ms. 
49427      DEBUG main            d.u.i.k.p.i.AbstractProblemLoader Init config took 2.41s 
49443      INFO  main            d.u.i.k.p.i.AbstractProblemLoader Replaying proof wellformed11.key 
49444      DEBUG main            d.u.i.k.p.i.IntermediateProofReplayer Proof replay took 7ns 
49445      WARN  main            d.u.i.k.n.ParsingFacade   /home/runner/work/key/key/key.core/../key.ui/examples/heap/polarity_tests/wellformed11.key took 0 ms to parse. 
49445      WARN  main            d.u.i.k.n.ParsingFacade   Parsing time 368 ms. 
49549      INFO  main            d.u.i.k.p.r.p.TestFile    ... finished proof: open goal(s) 
500295     INFO  Test worker     d.u.i.k.p.r.RunAllProofsTestUnit Returning from test applicationRestrictions 
500298     INFO  Test worker     d.u.i.k.p.r.RunAllProofsTestUnit Running test blockContracts 
338        INFO  Timeout watchdog d.u.i.k.p.r.p.ForkedTestFileRunner Timeout watcher launched (2000 secs.) 
359        WARN  main            d.u.i.k.s.ProofSettings   The settings in /home/runner/.key/proof-settings.props are *not* read. 
390        INFO  main            d.u.i.k.p.r.p.TestFile    Now processing file /home/runner/work/key/key/key.core/../key.ui/examples/heap/block_contracts/Simple__add.key 
493        INFO  main            d.u.i.k.p.i.AbstractProblemLoader Loading environment from /home/runner/work/key/key/key.core/../key.ui/examples/heap/block_contracts/Simple__add.key 
515        DEBUG main            d.u.i.k.p.i.AbstractProblemLoader Environment load took 8.21ms 
599        WARN  main            d.u.i.k.n.ParsingFacade   /home/runner/work/key/key/key.core/../key.ui/examples/heap/block_contracts/Simple__add.key took 11 ms to parse. 
599        WARN  main            d.u.i.k.n.ParsingFacade   Parsing time 11 ms. 
728        INFO  main            d.u.i.k.p.i.AbstractProblemLoader Creating init config 
747        WARN  main            d.u.i.k.n.ParsingFacade   file:/home/runner/work/key/key/key.core/build/resources/main/de/uka/ilkd/key/proof/rules/standardRules.key took 15 ms to parse. 
747        WARN  main            d.u.i.k.n.ParsingFacade   Parsing time 26 ms. 
771        WARN  main            d.u.i.k.n.ParsingFacade   file:/home/runner/work/key/key/key.core/build/resources/main/de/uka/ilkd/key/proof/rules/ldt.key took 4 ms to parse. 
771        WARN  main            d.u.i.k.n.ParsingFacade   Parsing time 30 ms. 
780        WARN  main            d.u.i.k.n.ParsingFacade   file:/home/runner/work/key/key/key.core/build/resources/main/de/uka/ilkd/key/proof/rules/boolean.key took 3 ms to parse. 
780        WARN  main            d.u.i.k.n.ParsingFacade   Parsing time 33 ms. 
807        WARN  main            d.u.i.k.n.ParsingFacade   file:/home/runner/work/key/key/key.core/build/resources/main/de/uka/ilkd/key/proof/rules/ruleSetsDeclarations.key took 15 ms to parse. 
807        WARN  main            d.u.i.k.n.ParsingFacade   Parsing time 48 ms. 
841        WARN  main            d.u.i.k.n.ParsingFacade   file:/home/runner/work/key/key/key.core/build/resources/main/de/uka/ilkd/key/proof/rules/integerHeader.key took 6 ms to parse. 
841        WARN  main            d.u.i.k.n.ParsingFacade   Parsing time 54 ms. 
847        WARN  main            d.u.i.k.n.ParsingFacade   file:/home/runner/work/key/key/key.core/build/resources/main/de/uka/ilkd/key/proof/rules/floatHeader.key took 4 ms to parse. 
847        WARN  main            d.u.i.k.n.ParsingFacade   Parsing time 58 ms. 
851        WARN  main            d.u.i.k.n.ParsingFacade   file:/home/runner/work/key/key/key.core/build/resources/main/de/uka/ilkd/key/proof/rules/heap.key took 2 ms to parse. 
851        WARN  main            d.u.i.k.n.ParsingFacade   Parsing time 60 ms. 
855        WARN  main            d.u.i.k.n.ParsingFacade   file:/home/runner/work/key/key/key.core/build/resources/main/de/uka/ilkd/key/proof/rules/locSets.key took 0 ms to parse. 
855        WARN  main            d.u.i.k.n.ParsingFacade   Parsing time 60 ms. 
857        WARN  main            d.u.i.k.n.ParsingFacade   file:/home/runner/work/key/key/key.core/build/resources/main/de/uka/ilkd/key/proof/rules/permission.key took 2 ms to parse. 
857        WARN  main            d.u.i.k.n.ParsingFacade   Parsing time 62 ms. 
858        WARN  main            d.u.i.k.n.ParsingFacade   file:/home/runner/work/key/key/key.core/build/resources/main/de/uka/ilkd/key/proof/rules/reach.key took 0 ms to parse. 
858        WARN  main            d.u.i.k.n.ParsingFacade   Parsing time 62 ms. 
858        WARN  main            d.u.i.k.n.ParsingFacade   file:/home/runner/work/key/key/key.core/build/resources/main/de/uka/ilkd/key/proof/rules/seq.key took 0 ms to parse. 
858        WARN  main            d.u.i.k.n.ParsingFacade   Parsing time 62 ms. 
900        WARN  main            d.u.i.k.n.ParsingFacade   file:/home/runner/work/key/key/key.core/build/resources/main/de/uka/ilkd/key/proof/rules/map.key took 34 ms to parse. 
900        WARN  main            d.u.i.k.n.ParsingFacade   Parsing time 96 ms. 
906        WARN  main            d.u.i.k.n.ParsingFacade   file:/home/runner/work/key/key/key.core/build/resources/main/de/uka/ilkd/key/proof/rules/freeADT.key took 1 ms to parse. 
906        WARN  main            d.u.i.k.n.ParsingFacade   Parsing time 97 ms. 
906        WARN  main            d.u.i.k.n.ParsingFacade   file:/home/runner/work/key/key/key.core/build/resources/main/de/uka/ilkd/key/proof/rules/wellfound.key took 0 ms to parse. 
906        WARN  main            d.u.i.k.n.ParsingFacade   Parsing time 97 ms. 
908        WARN  main            d.u.i.k.n.ParsingFacade   file:/home/runner/work/key/key/key.core/build/resources/main/de/uka/ilkd/key/proof/rules/charListHeader.key took 1 ms to parse. 
908        WARN  main            d.u.i.k.n.ParsingFacade   Parsing time 98 ms. 
1037       WARN  main            d.u.i.k.n.ParsingFacade   file:/home/runner/work/key/key/key.core/build/resources/main/de/uka/ilkd/key/proof/rules/propRule.key took 4 ms to parse. 
1037       WARN  main            d.u.i.k.n.ParsingFacade   Parsing time 102 ms. 
1058       WARN  main            d.u.i.k.n.ParsingFacade   file:/home/runner/work/key/key/key.core/build/resources/main/de/uka/ilkd/key/proof/rules/firstOrderRules.key took 2 ms to parse. 
1058       WARN  main            d.u.i.k.n.ParsingFacade   Parsing time 104 ms. 
1075       WARN  main            d.u.i.k.n.ParsingFacade   file:/home/runner/work/key/key/key.core/build/resources/main/de/uka/ilkd/key/proof/rules/ifThenElseRules.key took 4 ms to parse. 
1075       WARN  main            d.u.i.k.n.ParsingFacade   Parsing time 108 ms. 
1130       WARN  main            d.u.i.k.n.ParsingFacade   file:/home/runner/work/key/key/key.core/build/resources/main/de/uka/ilkd/key/proof/rules/formulaNormalisationRules.key took 29 ms to parse. 
1130       WARN  main            d.u.i.k.n.ParsingFacade   Parsing time 137 ms. 
1178       WARN  main            d.u.i.k.n.ParsingFacade   file:/home/runner/work/key/key/key.core/build/resources/main/de/uka/ilkd/key/proof/rules/updateRules.key took 4 ms to parse. 
1178       WARN  main            d.u.i.k.n.ParsingFacade   Parsing time 141 ms. 
1192       WARN  main            d.u.i.k.n.ParsingFacade   file:/home/runner/work/key/key/key.core/build/resources/main/de/uka/ilkd/key/proof/rules/integerRulesCommon.key took 2 ms to parse. 
1192       WARN  main            d.u.i.k.n.ParsingFacade   Parsing time 143 ms. 
1276       WARN  main            d.u.i.k.n.ParsingFacade   file:/home/runner/work/key/key/key.core/build/resources/main/de/uka/ilkd/key/proof/rules/intRules.key took 3 ms to parse. 
1277       WARN  main            d.u.i.k.n.ParsingFacade   Parsing time 146 ms. 
1291       WARN  main            d.u.i.k.n.ParsingFacade   file:/home/runner/work/key/key/key.core/build/resources/main/de/uka/ilkd/key/proof/rules/intRulesUncheckedSemantics.key took 2 ms to parse. 
1292       WARN  main            d.u.i.k.n.ParsingFacade   Parsing time 148 ms. 
1301       WARN  main            d.u.i.k.n.ParsingFacade   file:/home/runner/work/key/key/key.core/build/resources/main/de/uka/ilkd/key/proof/rules/intRulesCheckedSemantics.key took 1 ms to parse. 
1301       WARN  main            d.u.i.k.n.ParsingFacade   Parsing time 149 ms. 
1309       WARN  main            d.u.i.k.n.ParsingFacade   file:/home/runner/work/key/key/key.core/build/resources/main/de/uka/ilkd/key/proof/rules/intRulesJavaSemantics.key took 2 ms to parse. 
1309       WARN  main            d.u.i.k.n.ParsingFacade   Parsing time 151 ms. 
1379       WARN  main            d.u.i.k.n.ParsingFacade   file:/home/runner/work/key/key/key.core/build/resources/main/de/uka/ilkd/key/proof/rules/integerSimplificationRules.key took 38 ms to parse. 
1380       WARN  main            d.u.i.k.n.ParsingFacade   Parsing time 189 ms. 
1483       DEBUG main            d.u.i.k.j.TypeConverter   No LDT found for Meta 
1487       DEBUG main            d.u.i.k.j.TypeConverter   No LDT found for Meta 
1490       DEBUG main            d.u.i.k.j.TypeConverter   No LDT found for Meta 
1490       DEBUG main            d.u.i.k.j.TypeConverter   No LDT found for Meta 
1553       WARN  main            d.u.i.k.n.ParsingFacade   file:/home/runner/work/key/key/key.core/build/resources/main/de/uka/ilkd/key/proof/rules/intDiv.key took 8 ms to parse. 
1553       WARN  main            d.u.i.k.n.ParsingFacade   Parsing time 197 ms. 
1581       WARN  main            d.u.i.k.n.ParsingFacade   file:/home/runner/work/key/key/key.core/build/resources/main/de/uka/ilkd/key/proof/rules/bsum.key took 5 ms to parse. 
1582       WARN  main            d.u.i.k.n.ParsingFacade   Parsing time 202 ms. 
1603       WARN  main            d.u.i.k.n.ParsingFacade   file:/home/runner/work/key/key/key.core/build/resources/main/de/uka/ilkd/key/proof/rules/bprod.key took 2 ms to parse. 
1603       WARN  main            d.u.i.k.n.ParsingFacade   Parsing time 204 ms. 
1611       WARN  main            d.u.i.k.n.ParsingFacade   file:/home/runner/work/key/key/key.core/build/resources/main/de/uka/ilkd/key/proof/rules/binaryAxioms.key took 0 ms to parse. 
1612       WARN  main            d.u.i.k.n.ParsingFacade   Parsing time 204 ms. 
1615       WARN  main            d.u.i.k.n.ParsingFacade   file:/home/runner/work/key/key/key.core/build/resources/main/de/uka/ilkd/key/proof/rules/binaryLemmas.key took 1 ms to parse. 
1615       WARN  main            d.u.i.k.n.ParsingFacade   Parsing time 205 ms. 
1619       WARN  main            d.u.i.k.n.ParsingFacade   file:/home/runner/work/key/key/key.core/build/resources/main/de/uka/ilkd/key/proof/rules/intPow.key took 1 ms to parse. 
1619       WARN  main            d.u.i.k.n.ParsingFacade   Parsing time 206 ms. 
1628       WARN  main            d.u.i.k.n.ParsingFacade   file:/home/runner/work/key/key/key.core/build/resources/main/de/uka/ilkd/key/proof/rules/floatRulesCommon.key took 3 ms to parse. 
1628       WARN  main            d.u.i.k.n.ParsingFacade   Parsing time 209 ms. 
1637       WARN  main            d.u.i.k.n.ParsingFacade   file:/home/runner/work/key/key/key.core/build/resources/main/de/uka/ilkd/key/proof/rules/floatRules.key took 0 ms to parse. 
1637       WARN  main            d.u.i.k.n.ParsingFacade   Parsing time 209 ms. 
1638       WARN  main            d.u.i.k.n.ParsingFacade   file:/home/runner/work/key/key/key.core/build/resources/main/de/uka/ilkd/key/proof/rules/floatRulesVerifyNormal.key took 0 ms to parse. 
1638       WARN  main            d.u.i.k.n.ParsingFacade   Parsing time 209 ms. 
1641       WARN  main            d.u.i.k.n.ParsingFacade   file:/home/runner/work/key/key/key.core/build/resources/main/de/uka/ilkd/key/proof/rules/floatRulesAssumeStrictfp.key took 2 ms to parse. 
1641       WARN  main            d.u.i.k.n.ParsingFacade   Parsing time 211 ms. 
1664       WARN  main            d.u.i.k.n.ParsingFacade   file:/home/runner/work/key/key/key.core/build/resources/main/de/uka/ilkd/key/proof/rules/genericRules.key took 1 ms to parse. 
1664       WARN  main            d.u.i.k.n.ParsingFacade   Parsing time 212 ms. 
1697       WARN  main            d.u.i.k.n.ParsingFacade   file:/home/runner/work/key/key/key.core/build/resources/main/de/uka/ilkd/key/proof/rules/booleanRules.key took 1 ms to parse. 
1697       WARN  main            d.u.i.k.n.ParsingFacade   Parsing time 213 ms. 
1699       WARN  main            d.u.i.k.n.ParsingFacade   file:/home/runner/work/key/key/key.core/build/resources/main/de/uka/ilkd/key/proof/rules/epsilon.key took 0 ms to parse. 
1699       WARN  main            d.u.i.k.n.ParsingFacade   Parsing time 213 ms. 
1712       WARN  main            d.u.i.k.n.ParsingFacade   file:/home/runner/work/key/key/key.core/build/resources/main/de/uka/ilkd/key/proof/rules/locSetsRules.key took 6 ms to parse. 
1712       WARN  main            d.u.i.k.n.ParsingFacade   Parsing time 219 ms. 
1752       WARN  main            d.u.i.k.n.ParsingFacade   file:/home/runner/work/key/key/key.core/build/resources/main/de/uka/ilkd/key/proof/rules/heapRules.key took 6 ms to parse. 
1752       WARN  main            d.u.i.k.n.ParsingFacade   Parsing time 225 ms. 
1778       WARN  main            d.u.i.k.n.ParsingFacade   file:/home/runner/work/key/key/key.core/build/resources/main/de/uka/ilkd/key/proof/rules/permissionRules.key took 2 ms to parse. 
1778       WARN  main            d.u.i.k.n.ParsingFacade   Parsing time 227 ms. 
1788       WARN  main            d.u.i.k.n.ParsingFacade   file:/home/runner/work/key/key/key.core/build/resources/main/de/uka/ilkd/key/proof/rules/reachRules.key took 2 ms to parse. 
1788       WARN  main            d.u.i.k.n.ParsingFacade   Parsing time 229 ms. 
1798       WARN  main            d.u.i.k.n.ParsingFacade   file:/home/runner/work/key/key/key.core/build/resources/main/de/uka/ilkd/key/proof/rules/seqCoreRules.key took 0 ms to parse. 
1798       WARN  main            d.u.i.k.n.ParsingFacade   Parsing time 229 ms. 
1831       WARN  main            d.u.i.k.n.ParsingFacade   file:/home/runner/work/key/key/key.core/build/resources/main/de/uka/ilkd/key/proof/rules/seqRules.key took 29 ms to parse. 
1831       WARN  main            d.u.i.k.n.ParsingFacade   Parsing time 258 ms. 
1860       WARN  main            d.u.i.k.n.ParsingFacade   file:/home/runner/work/key/key/key.core/build/resources/main/de/uka/ilkd/key/proof/rules/seqPerm.key took 4 ms to parse. 
1860       WARN  main            d.u.i.k.n.ParsingFacade   Parsing time 262 ms. 
1872       WARN  main            d.u.i.k.n.ParsingFacade   file:/home/runner/work/key/key/key.core/build/resources/main/de/uka/ilkd/key/proof/rules/seqPerm2.key took 1 ms to parse. 
1872       WARN  main            d.u.i.k.n.ParsingFacade   Parsing time 263 ms. 
1950       WARN  main            d.u.i.k.n.ParsingFacade   file:/home/runner/work/key/key/key.core/build/resources/main/de/uka/ilkd/key/proof/rules/javaRules.key took 73 ms to parse. 
1950       WARN  main            d.u.i.k.n.ParsingFacade   Parsing time 336 ms. 
1958       WARN  main            d.u.i.k.n.ParsingFacade   file:/home/runner/work/key/key/key.core/build/resources/main/de/uka/ilkd/key/proof/rules/assertions.key took 1 ms to parse. 
1958       WARN  main            d.u.i.k.n.ParsingFacade   Parsing time 337 ms. 
2497       WARN  main            d.u.i.k.n.ParsingFacade   file:/home/runner/work/key/key/key.core/build/resources/main/de/uka/ilkd/key/proof/rules/loopRules.key took 1 ms to parse. 
2497       WARN  main            d.u.i.k.n.ParsingFacade   Parsing time 338 ms. 
2506       WARN  main            d.u.i.k.n.ParsingFacade   file:/home/runner/work/key/key/key.core/build/resources/main/de/uka/ilkd/key/proof/rules/activeUse.key took 2 ms to parse. 
2506       WARN  main            d.u.i.k.n.ParsingFacade   Parsing time 340 ms. 
2542       WARN  main            d.u.i.k.n.ParsingFacade   file:/home/runner/work/key/key/key.core/build/resources/main/de/uka/ilkd/key/proof/rules/instanceAllocation.key took 4 ms to parse. 
2542       WARN  main            d.u.i.k.n.ParsingFacade   Parsing time 344 ms. 
2552       WARN  main            d.u.i.k.n.ParsingFacade   file:/home/runner/work/key/key/key.core/build/resources/main/de/uka/ilkd/key/proof/rules/java5.key took 0 ms to parse. 
2552       WARN  main            d.u.i.k.n.ParsingFacade   Parsing time 344 ms. 
2557       WARN  main            d.u.i.k.n.ParsingFacade   file:/home/runner/work/key/key/key.core/build/resources/main/de/uka/ilkd/key/proof/rules/integerAssignment2UpdateRules.key took 3 ms to parse. 
2557       WARN  main            d.u.i.k.n.ParsingFacade   Parsing time 347 ms. 
2585       WARN  main            d.u.i.k.n.ParsingFacade   file:/home/runner/work/key/key/key.core/build/resources/main/de/uka/ilkd/key/proof/rules/floatAssignment2UpdateRules.key took 4 ms to parse. 
2585       WARN  main            d.u.i.k.n.ParsingFacade   Parsing time 351 ms. 
2603       WARN  main            d.u.i.k.n.ParsingFacade   file:/home/runner/work/key/key/key.core/build/resources/main/de/uka/ilkd/key/proof/rules/bigint.key took 1 ms to parse. 
2603       WARN  main            d.u.i.k.n.ParsingFacade   Parsing time 352 ms. 
2615       DEBUG main            d.u.i.k.j.TypeConverter   No LDT found for JavaBigintExpression 
2620       WARN  main            d.u.i.k.n.ParsingFacade   file:/home/runner/work/key/key/key.core/build/resources/main/de/uka/ilkd/key/proof/rules/adtProgramDecompositionRules.key took 1 ms to parse. 
2620       WARN  main            d.u.i.k.n.ParsingFacade   Parsing time 353 ms. 
2636       WARN  main            d.u.i.k.n.ParsingFacade   file:/home/runner/work/key/key/key.core/build/resources/main/de/uka/ilkd/key/proof/rules/precRules.key took 0 ms to parse. 
2638       WARN  main            d.u.i.k.n.ParsingFacade   Parsing time 353 ms. 
2643       WARN  main            d.u.i.k.n.ParsingFacade   file:/home/runner/work/key/key/key.core/build/resources/main/de/uka/ilkd/key/proof/rules/charListRules.key took 3 ms to parse. 
2643       WARN  main            d.u.i.k.n.ParsingFacade   Parsing time 356 ms. 
2660       WARN  main            d.u.i.k.n.ParsingFacade   file:/home/runner/work/key/key/key.core/build/resources/main/de/uka/ilkd/key/proof/rules/regExTheory.key took 0 ms to parse. 
2660       WARN  main            d.u.i.k.n.ParsingFacade   Parsing time 356 ms. 
2662       WARN  main            d.u.i.k.n.ParsingFacade   file:/home/runner/work/key/key/key.core/build/resources/main/de/uka/ilkd/key/proof/rules/regExHeader.key took 1 ms to parse. 
2663       WARN  main            d.u.i.k.n.ParsingFacade   Parsing time 357 ms. 
2664       WARN  main            d.u.i.k.n.ParsingFacade   file:/home/runner/work/key/key/key.core/build/resources/main/de/uka/ilkd/key/proof/rules/regExAxioms.key took 0 ms to parse. 
2665       WARN  main            d.u.i.k.n.ParsingFacade   Parsing time 357 ms. 
2668       WARN  main            d.u.i.k.n.ParsingFacade   file:/home/runner/work/key/key/key.core/build/resources/main/de/uka/ilkd/key/proof/rules/regExLemmaProven.key took 1 ms to parse. 
2668       WARN  main            d.u.i.k.n.ParsingFacade   Parsing time 358 ms. 
2673       WARN  main            d.u.i.k.n.ParsingFacade   file:/home/runner/work/key/key/key.core/build/resources/main/de/uka/ilkd/key/proof/rules/seqEq.key took 1 ms to parse. 
2673       WARN  main            d.u.i.k.n.ParsingFacade   Parsing time 359 ms. 
2703       WARN  main            d.u.i.k.n.ParsingFacade   file:/home/runner/work/key/key/key.core/build/resources/main/de/uka/ilkd/key/proof/rules/infFlow.key took 0 ms to parse. 
2704       WARN  main            d.u.i.k.n.ParsingFacade   Parsing time 359 ms. 
2709       WARN  main            d.u.i.k.n.ParsingFacade   file:/home/runner/work/key/key/key.core/build/resources/main/de/uka/ilkd/key/proof/rules/mapSize.key took 0 ms to parse. 
2709       WARN  main            d.u.i.k.n.ParsingFacade   Parsing time 359 ms. 
2712       WARN  main            d.u.i.k.n.ParsingFacade   file:/home/runner/work/key/key/key.core/build/resources/main/de/uka/ilkd/key/proof/rules/wd.key took 1 ms to parse. 
2712       WARN  main            d.u.i.k.n.ParsingFacade   Parsing time 360 ms. 
2716       WARN  main            d.u.i.k.n.ParsingFacade   file:/home/runner/work/key/key/key.core/build/resources/main/de/uka/ilkd/key/proof/rules/wdHeader.key took 1 ms to parse. 
2716       WARN  main            d.u.i.k.n.ParsingFacade   Parsing time 361 ms. 
2717       WARN  main            d.u.i.k.n.ParsingFacade   file:/home/runner/work/key/key/key.core/build/resources/main/de/uka/ilkd/key/proof/rules/wdGeneralRules.key took 0 ms to parse. 
2718       WARN  main            d.u.i.k.n.ParsingFacade   Parsing time 361 ms. 
2727       WARN  main            d.u.i.k.n.ParsingFacade   file:/home/runner/work/key/key/key.core/build/resources/main/de/uka/ilkd/key/proof/rules/wdNumericalRules.key took 4 ms to parse. 
2727       WARN  main            d.u.i.k.n.ParsingFacade   Parsing time 365 ms. 
2745       WARN  main            d.u.i.k.n.ParsingFacade   file:/home/runner/work/key/key/key.core/build/resources/main/de/uka/ilkd/key/proof/rules/wdLocSetRules.key took 1 ms to parse. 
2745       WARN  main            d.u.i.k.n.ParsingFacade   Parsing time 366 ms. 
2749       WARN  main            d.u.i.k.n.ParsingFacade   file:/home/runner/work/key/key/key.core/build/resources/main/de/uka/ilkd/key/proof/rules/wdHeapRules.key took 0 ms to parse. 
2750       WARN  main            d.u.i.k.n.ParsingFacade   Parsing time 366 ms. 
2752       WARN  main            d.u.i.k.n.ParsingFacade   file:/home/runner/work/key/key/key.core/build/resources/main/de/uka/ilkd/key/proof/rules/wdReachRules.key took 0 ms to parse. 
2753       WARN  main            d.u.i.k.n.ParsingFacade   Parsing time 366 ms. 
2754       WARN  main            d.u.i.k.n.ParsingFacade   file:/home/runner/work/key/key/key.core/build/resources/main/de/uka/ilkd/key/proof/rules/wdSeqRules.key took 0 ms to parse. 
2754       WARN  main            d.u.i.k.n.ParsingFacade   Parsing time 366 ms. 
2757       WARN  main            d.u.i.k.n.ParsingFacade   file:/home/runner/work/key/key/key.core/build/resources/main/de/uka/ilkd/key/proof/rules/wdStringRules.key took 0 ms to parse. 
2757       WARN  main            d.u.i.k.n.ParsingFacade   Parsing time 366 ms. 
2759       WARN  main            d.u.i.k.n.ParsingFacade   file:/home/runner/work/key/key/key.core/build/resources/main/de/uka/ilkd/key/proof/rules/wdRegExRules.key took 0 ms to parse. 
2760       WARN  main            d.u.i.k.n.ParsingFacade   Parsing time 366 ms. 
2764       WARN  main            d.u.i.k.n.ParsingFacade   file:/home/runner/work/key/key/key.core/build/resources/main/de/uka/ilkd/key/proof/rules/wdFormulaRules.key took 3 ms to parse. 
2765       WARN  main            d.u.i.k.n.ParsingFacade   Parsing time 369 ms. 
2774       WARN  main            d.u.i.k.n.ParsingFacade   file:/home/runner/work/key/key/key.core/build/resources/main/de/uka/ilkd/key/proof/rules/loopInvariantRules.key took 0 ms to parse. 
2775       WARN  main            d.u.i.k.n.ParsingFacade   Parsing time 369 ms. 
2776       WARN  main            d.u.i.k.n.ParsingFacade   file:/home/runner/work/key/key/key.core/build/resources/main/de/uka/ilkd/key/proof/rules/forLoopRules.key took 0 ms to parse. 
2776       WARN  main            d.u.i.k.n.ParsingFacade   Parsing time 369 ms. 
2783       WARN  main            d.u.i.k.n.ParsingFacade   file:/home/runner/work/key/key/key.core/build/resources/main/de/uka/ilkd/key/proof/rules/execRules.key took 3 ms to parse. 
2784       WARN  main            d.u.i.k.n.ParsingFacade   Parsing time 372 ms. 
2865       WARN  main            d.u.i.k.n.ParsingFacade   file:/home/runner/work/key/key/key.core/build/resources/main/de/uka/ilkd/key/proof/rules/loopScopeRules.key took 2 ms to parse. 
2865       WARN  main            d.u.i.k.n.ParsingFacade   Parsing time 374 ms. 
6655       WARN  main            d.u.i.k.n.ParsingFacade   file:/home/runner/work/key/key/key.core/build/resources/main/de/uka/ilkd/key/java/JavaRedux/java/lang/String.key took 2 ms to parse. 
6656       WARN  main            d.u.i.k.n.ParsingFacade   Parsing time 376 ms. 
9043       DEBUG main            d.u.i.k.p.i.AbstractProblemLoader Init config took 8.31s 
9160       INFO  main            d.u.i.k.p.i.AbstractProblemLoader Replaying proof Simple[Simple::add(int,int)].JML operation contract.0 
9228       DEBUG main            d.u.i.k.p.i.IntermediateProofReplayer Proof replay took 283.2ns 
9230       WARN  main            d.u.i.k.n.ParsingFacade   /home/runner/work/key/key/key.core/../key.ui/examples/heap/block_contracts/Simple__add.key took 0 ms to parse. 
9230       WARN  main            d.u.i.k.n.ParsingFacade   Parsing time 376 ms. 
9956       INFO  main            d.u.i.k.p.r.p.TestFile    ... finished proof: closed. 
10067      INFO  main            d.u.i.k.p.i.AbstractProblemLoader Loading environment from /home/runner/work/key/key/key.core/../key.ui/examples/heap/block_contracts/Simple__add.key.proof 
10067      DEBUG main            d.u.i.k.p.i.AbstractProblemLoader Environment load took 629.81ns 
10068      WARN  main            d.u.i.k.n.ParsingFacade   /home/runner/work/key/key/key.core/../key.ui/examples/heap/block_contracts/Simple__add.key.proof took 0 ms to parse. 
10068      WARN  main            d.u.i.k.n.ParsingFacade   Parsing time 376 ms. 
10070      INFO  main            d.u.i.k.p.i.AbstractProblemLoader Creating init config 
11247      WARN  main            d.u.i.k.n.ParsingFacade   file:/home/runner/work/key/key/key.core/build/resources/main/de/uka/ilkd/key/java/JavaRedux/java/lang/String.key took 1 ms to parse. 
11249      WARN  main            d.u.i.k.n.ParsingFacade   Parsing time 377 ms. 
13435      DEBUG main            d.u.i.k.p.i.AbstractProblemLoader Init config took 3.36s 
13499      INFO  main            d.u.i.k.p.i.AbstractProblemLoader Replaying proof Simple[Simple::add(int,int)].JML operation contract.0 
13578      DEBUG main            d.u.i.k.p.i.IntermediateProofReplayer Proof replay took 74.8ms 
13579      WARN  main            d.u.i.k.n.ParsingFacade   /home/runner/work/key/key/key.core/../key.ui/examples/heap/block_contracts/Simple__add.key.proof took 0 ms to parse. 
13579      WARN  main            d.u.i.k.n.ParsingFacade   Parsing time 377 ms. 
13585      DEBUG main            d.u.i.k.p.r.p.TestFile    ... success: reloaded. 
13587      INFO  main            d.u.i.k.p.r.p.TestFile    Now processing file /home/runner/work/key/key/key.core/../key.ui/examples/heap/block_contracts/Simple__addAbsoluteValues.key 
13587      INFO  main            d.u.i.k.p.i.AbstractProblemLoader Loading environment from /home/runner/work/key/key/key.core/../key.ui/examples/heap/block_contracts/Simple__addAbsoluteValues.key 
13587      DEBUG main            d.u.i.k.p.i.AbstractProblemLoader Environment load took 233.5ns 
13588      WARN  main            d.u.i.k.n.ParsingFacade   /home/runner/work/key/key/key.core/../key.ui/examples/heap/block_contracts/Simple__addAbsoluteValues.key took 0 ms to parse. 
13588      WARN  main            d.u.i.k.n.ParsingFacade   Parsing time 377 ms. 
13589      INFO  main            d.u.i.k.p.i.AbstractProblemLoader Creating init config 
14666      WARN  main            d.u.i.k.n.ParsingFacade   file:/home/runner/work/key/key/key.core/build/resources/main/de/uka/ilkd/key/java/JavaRedux/java/lang/String.key took 1 ms to parse. 
14666      WARN  main            d.u.i.k.n.ParsingFacade   Parsing time 378 ms. 
16722      DEBUG main            d.u.i.k.p.i.AbstractProblemLoader Init config took 3.13s 
16783      INFO  main            d.u.i.k.p.i.AbstractProblemLoader Replaying proof Simple[Simple::addAbsoluteValues(int,int)].JML normal_behavior operation contract.0 
16786      DEBUG main            d.u.i.k.p.i.IntermediateProofReplayer Proof replay took 15.5ns 
16787      WARN  main            d.u.i.k.n.ParsingFacade   /home/runner/work/key/key/key.core/../key.ui/examples/heap/block_contracts/Simple__addAbsoluteValues.key took 0 ms to parse. 
16787      WARN  main            d.u.i.k.n.ParsingFacade   Parsing time 378 ms. 
17812      INFO  main            d.u.i.k.p.r.p.TestFile    ... finished proof: closed. 
17994      INFO  main            d.u.i.k.p.i.AbstractProblemLoader Loading environment from /home/runner/work/key/key/key.core/../key.ui/examples/heap/block_contracts/Simple__addAbsoluteValues.key.proof 
17997      DEBUG main            d.u.i.k.p.i.AbstractProblemLoader Environment load took 3.43ms 
17998      WARN  main            d.u.i.k.n.ParsingFacade   /home/runner/work/key/key/key.core/../key.ui/examples/heap/block_contracts/Simple__addAbsoluteValues.key.proof took 0 ms to parse. 
17998      WARN  main            d.u.i.k.n.ParsingFacade   Parsing time 378 ms. 
17999      INFO  main            d.u.i.k.p.i.AbstractProblemLoader Creating init config 
19062      WARN  main            d.u.i.k.n.ParsingFacade   file:/home/runner/work/key/key/key.core/build/resources/main/de/uka/ilkd/key/java/JavaRedux/java/lang/String.key took 1 ms to parse. 
19063      WARN  main            d.u.i.k.n.ParsingFacade   Parsing time 379 ms. 
21111      DEBUG main            d.u.i.k.p.i.AbstractProblemLoader Init config took 3.11s 
21162      INFO  main            d.u.i.k.p.i.AbstractProblemLoader Replaying proof Simple[Simple::addAbsoluteValues(int,int)].JML normal_behavior operation contract.0 
21388      DEBUG main            d.u.i.k.p.i.IntermediateProofReplayer Proof replay took 218.19ms 
21389      WARN  main            d.u.i.k.n.ParsingFacade   /home/runner/work/key/key/key.core/../key.ui/examples/heap/block_contracts/Simple__addAbsoluteValues.key.proof took 0 ms to parse. 
21389      WARN  main            d.u.i.k.n.ParsingFacade   Parsing time 379 ms. 
21390      DEBUG main            d.u.i.k.p.r.p.TestFile    ... success: reloaded. 
21391      INFO  main            d.u.i.k.p.r.p.TestFile    Now processing file /home/runner/work/key/key/key.core/../key.ui/examples/heap/block_contracts/Simple__addWithJump.key 
21392      INFO  main            d.u.i.k.p.i.AbstractProblemLoader Loading environment from /home/runner/work/key/key/key.core/../key.ui/examples/heap/block_contracts/Simple__addWithJump.key 
21396      DEBUG main            d.u.i.k.p.i.AbstractProblemLoader Environment load took 4.55ms 
21397      WARN  main            d.u.i.k.n.ParsingFacade   /home/runner/work/key/key/key.core/../key.ui/examples/heap/block_contracts/Simple__addWithJump.key took 0 ms to parse. 
21397      WARN  main            d.u.i.k.n.ParsingFacade   Parsing time 379 ms. 
21399      INFO  main            d.u.i.k.p.i.AbstractProblemLoader Creating init config 
22478      WARN  main            d.u.i.k.n.ParsingFacade   file:/home/runner/work/key/key/key.core/build/resources/main/de/uka/ilkd/key/java/JavaRedux/java/lang/String.key took 1 ms to parse. 
22479      WARN  main            d.u.i.k.n.ParsingFacade   Parsing time 380 ms. 
24541      DEBUG main            d.u.i.k.p.i.AbstractProblemLoader Init config took 3.14s 
24589      INFO  main            d.u.i.k.p.i.AbstractProblemLoader Replaying proof Simple[Simple::addWithJump(int,int,int)].JML operation contract.0 
24592      DEBUG main            d.u.i.k.p.i.IntermediateProofReplayer Proof replay took 11.1ns 
24593      WARN  main            d.u.i.k.n.ParsingFacade   /home/runner/work/key/key/key.core/../key.ui/examples/heap/block_contracts/Simple__addWithJump.key took 1 ms to parse. 
24593      WARN  main            d.u.i.k.n.ParsingFacade   Parsing time 381 ms. 
24795      INFO  main            d.u.i.k.p.r.p.TestFile    ... finished proof: closed. 
24975      INFO  main            d.u.i.k.p.i.AbstractProblemLoader Loading environment from /home/runner/work/key/key/key.core/../key.ui/examples/heap/block_contracts/Simple__addWithJump.key.proof 
24975      DEBUG main            d.u.i.k.p.i.AbstractProblemLoader Environment load took 125.2ns 
24975      WARN  main            d.u.i.k.n.ParsingFacade   /home/runner/work/key/key/key.core/../key.ui/examples/heap/block_contracts/Simple__addWithJump.key.proof took 0 ms to parse. 
24975      WARN  main            d.u.i.k.n.ParsingFacade   Parsing time 381 ms. 
24976      INFO  main            d.u.i.k.p.i.AbstractProblemLoader Creating init config 
25989      WARN  main            d.u.i.k.n.ParsingFacade   file:/home/runner/work/key/key/key.core/build/resources/main/de/uka/ilkd/key/java/JavaRedux/java/lang/String.key took 1 ms to parse. 
25989      WARN  main            d.u.i.k.n.ParsingFacade   Parsing time 382 ms. 
27951      DEBUG main            d.u.i.k.p.i.AbstractProblemLoader Init config took 2.97s 
27997      INFO  main            d.u.i.k.p.i.AbstractProblemLoader Replaying proof Simple[Simple::addWithJump(int,int,int)].JML operation contract.0 
28039      DEBUG main            d.u.i.k.p.i.IntermediateProofReplayer Proof replay took 39.53ms 
28040      WARN  main            d.u.i.k.n.ParsingFacade   /home/runner/work/key/key/key.core/../key.ui/examples/heap/block_contracts/Simple__addWithJump.key.proof took 0 ms to parse. 
28040      WARN  main            d.u.i.k.n.ParsingFacade   Parsing time 382 ms. 
28041      DEBUG main            d.u.i.k.p.r.p.TestFile    ... success: reloaded. 
28042      INFO  main            d.u.i.k.p.r.p.TestFile    Now processing file /home/runner/work/key/key/key.core/../key.ui/examples/heap/block_contracts/Simple__addWithTwoBlockContracts.key 
28043      INFO  main            d.u.i.k.p.i.AbstractProblemLoader Loading environment from /home/runner/work/key/key/key.core/../key.ui/examples/heap/block_contracts/Simple__addWithTwoBlockContracts.key 
28043      DEBUG main            d.u.i.k.p.i.AbstractProblemLoader Environment load took 228.1ns 
28043      WARN  main            d.u.i.k.n.ParsingFacade   /home/runner/work/key/key/key.core/../key.ui/examples/heap/block_contracts/Simple__addWithTwoBlockContracts.key took 0 ms to parse. 
28043      WARN  main            d.u.i.k.n.ParsingFacade   Parsing time 382 ms. 
28044      INFO  main            d.u.i.k.p.i.AbstractProblemLoader Creating init config 
29038      WARN  main            d.u.i.k.n.ParsingFacade   file:/home/runner/work/key/key/key.core/build/resources/main/de/uka/ilkd/key/java/JavaRedux/java/lang/String.key took 1 ms to parse. 
29038      WARN  main            d.u.i.k.n.ParsingFacade   Parsing time 383 ms. 
31097      DEBUG main            d.u.i.k.p.i.AbstractProblemLoader Init config took 3.05s 
31147      INFO  main            d.u.i.k.p.i.AbstractProblemLoader Replaying proof Simple[Simple::addWithTwoBlockContracts(int,int,int)].JML operation contract.0 
31150      DEBUG main            d.u.i.k.p.i.IntermediateProofReplayer Proof replay took 10.9ns 
31151      WARN  main            d.u.i.k.n.ParsingFacade   /home/runner/work/key/key/key.core/../key.ui/examples/heap/block_contracts/Simple__addWithTwoBlockContracts.key took 0 ms to parse. 
31151      WARN  main            d.u.i.k.n.ParsingFacade   Parsing time 383 ms. 
31353      INFO  main            d.u.i.k.p.r.p.TestFile    ... finished proof: closed. 
31522      INFO  main            d.u.i.k.p.i.AbstractProblemLoader Loading environment from /home/runner/work/key/key/key.core/../key.ui/examples/heap/block_contracts/Simple__addWithTwoBlockContracts.key.proof 
31522      DEBUG main            d.u.i.k.p.i.AbstractProblemLoader Environment load took 108.8ns 
31522      WARN  main            d.u.i.k.n.ParsingFacade   /home/runner/work/key/key/key.core/../key.ui/examples/heap/block_contracts/Simple__addWithTwoBlockContracts.key.proof took 0 ms to parse. 
31522      WARN  main            d.u.i.k.n.ParsingFacade   Parsing time 383 ms. 
31523      INFO  main            d.u.i.k.p.i.AbstractProblemLoader Creating init config 
32535      WARN  main            d.u.i.k.n.ParsingFacade   file:/home/runner/work/key/key/key.core/build/resources/main/de/uka/ilkd/key/java/JavaRedux/java/lang/String.key took 1 ms to parse. 
32536      WARN  main            d.u.i.k.n.ParsingFacade   Parsing time 384 ms. 
34557      DEBUG main            d.u.i.k.p.i.AbstractProblemLoader Init config took 3.03s 
34602      INFO  main            d.u.i.k.p.i.AbstractProblemLoader Replaying proof Simple[Simple::addWithTwoBlockContracts(int,int,int)].JML operation contract.0 
34659      DEBUG main            d.u.i.k.p.i.IntermediateProofReplayer Proof replay took 54.14ms 
34659      WARN  main            d.u.i.k.n.ParsingFacade   /home/runner/work/key/key/key.core/../key.ui/examples/heap/block_contracts/Simple__addWithTwoBlockContracts.key.proof took 0 ms to parse. 
34660      WARN  main            d.u.i.k.n.ParsingFacade   Parsing time 384 ms. 
34660      DEBUG main            d.u.i.k.p.r.p.TestFile    ... success: reloaded. 
34661      INFO  main            d.u.i.k.p.r.p.TestFile    Now processing file /home/runner/work/key/key/key.core/../key.ui/examples/heap/block_contracts/Simple__generateByteArray.key 
34661      INFO  main            d.u.i.k.p.i.AbstractProblemLoader Loading environment from /home/runner/work/key/key/key.core/../key.ui/examples/heap/block_contracts/Simple__generateByteArray.key 
34661      DEBUG main            d.u.i.k.p.i.AbstractProblemLoader Environment load took 104.3ns 
34662      WARN  main            d.u.i.k.n.ParsingFacade   /home/runner/work/key/key/key.core/../key.ui/examples/heap/block_contracts/Simple__generateByteArray.key took 0 ms to parse. 
34662      WARN  main            d.u.i.k.n.ParsingFacade   Parsing time 384 ms. 
34662      INFO  main            d.u.i.k.p.i.AbstractProblemLoader Creating init config 
35648      WARN  main            d.u.i.k.n.ParsingFacade   file:/home/runner/work/key/key/key.core/build/resources/main/de/uka/ilkd/key/java/JavaRedux/java/lang/String.key took 1 ms to parse. 
35649      WARN  main            d.u.i.k.n.ParsingFacade   Parsing time 385 ms. 
37694      DEBUG main            d.u.i.k.p.i.AbstractProblemLoader Init config took 3.03s 
37749      INFO  main            d.u.i.k.p.i.AbstractProblemLoader Replaying proof Simple[Simple::generateByteArray()].JML normal_behavior operation contract.0 
37752      DEBUG main            d.u.i.k.p.i.IntermediateProofReplayer Proof replay took 11.1ns 
37753      WARN  main            d.u.i.k.n.ParsingFacade   /home/runner/work/key/key/key.core/../key.ui/examples/heap/block_contracts/Simple__generateByteArray.key took 0 ms to parse. 
37753      WARN  main            d.u.i.k.n.ParsingFacade   Parsing time 385 ms. 
39797      INFO  main            d.u.i.k.p.r.p.TestFile    ... finished proof: closed. 
40087      INFO  main            d.u.i.k.p.i.AbstractProblemLoader Loading environment from /home/runner/work/key/key/key.core/../key.ui/examples/heap/block_contracts/Simple__generateByteArray.key.proof 
40087      DEBUG main            d.u.i.k.p.i.AbstractProblemLoader Environment load took 489.61ns 
40090      WARN  main            d.u.i.k.n.ParsingFacade   /home/runner/work/key/key/key.core/../key.ui/examples/heap/block_contracts/Simple__generateByteArray.key.proof took 0 ms to parse. 
40090      WARN  main            d.u.i.k.n.ParsingFacade   Parsing time 385 ms. 
40091      INFO  main            d.u.i.k.p.i.AbstractProblemLoader Creating init config 
41046      WARN  main            d.u.i.k.n.ParsingFacade   file:/home/runner/work/key/key/key.core/build/resources/main/de/uka/ilkd/key/java/JavaRedux/java/lang/String.key took 1 ms to parse. 
41046      WARN  main            d.u.i.k.n.ParsingFacade   Parsing time 386 ms. 
43032      DEBUG main            d.u.i.k.p.i.AbstractProblemLoader Init config took 2.94s 
43075      INFO  main            d.u.i.k.p.i.AbstractProblemLoader Replaying proof Simple[Simple::generateByteArray()].JML normal_behavior operation contract.0 
43333      DEBUG main            d.u.i.k.p.i.IntermediateProofReplayer Proof replay took 244.4ms 
43334      WARN  main            d.u.i.k.n.ParsingFacade   /home/runner/work/key/key/key.core/../key.ui/examples/heap/block_contracts/Simple__generateByteArray.key.proof took 0 ms to parse. 
43335      WARN  main            d.u.i.k.n.ParsingFacade   Parsing time 386 ms. 
43335      DEBUG main            d.u.i.k.p.r.p.TestFile    ... success: reloaded. 
43337      INFO  main            d.u.i.k.p.r.p.TestFile    Now processing file /home/runner/work/key/key/key.core/../key.ui/examples/heap/block_contracts/Simple__getLength.key 
43337      INFO  main            d.u.i.k.p.i.AbstractProblemLoader Loading environment from /home/runner/work/key/key/key.core/../key.ui/examples/heap/block_contracts/Simple__getLength.key 
43339      DEBUG main            d.u.i.k.p.i.AbstractProblemLoader Environment load took 2.41ms 
43340      WARN  main            d.u.i.k.n.ParsingFacade   /home/runner/work/key/key/key.core/../key.ui/examples/heap/block_contracts/Simple__getLength.key took 0 ms to parse. 
43340      WARN  main            d.u.i.k.n.ParsingFacade   Parsing time 386 ms. 
43341      INFO  main            d.u.i.k.p.i.AbstractProblemLoader Creating init config 
44366      WARN  main            d.u.i.k.n.ParsingFacade   file:/home/runner/work/key/key/key.core/build/resources/main/de/uka/ilkd/key/java/JavaRedux/java/lang/String.key took 1 ms to parse. 
44366      WARN  main            d.u.i.k.n.ParsingFacade   Parsing time 387 ms. 
46361      DEBUG main            d.u.i.k.p.i.AbstractProblemLoader Init config took 3.02s 
46403      INFO  main            d.u.i.k.p.i.AbstractProblemLoader Replaying proof Simple[Simple::getLength()].JML normal_behavior operation contract.0 
46405      DEBUG main            d.u.i.k.p.i.IntermediateProofReplayer Proof replay took 17.2ns 
46405      WARN  main            d.u.i.k.n.ParsingFacade   /home/runner/work/key/key/key.core/../key.ui/examples/heap/block_contracts/Simple__getLength.key took 0 ms to parse. 
46405      WARN  main            d.u.i.k.n.ParsingFacade   Parsing time 387 ms. 
46509      INFO  main            d.u.i.k.p.r.p.TestFile    ... finished proof: closed. 
46710      INFO  main            d.u.i.k.p.i.AbstractProblemLoader Loading environment from /home/runner/work/key/key/key.core/../key.ui/examples/heap/block_contracts/Simple__getLength.key.proof 
46710      DEBUG main            d.u.i.k.p.i.AbstractProblemLoader Environment load took 134.3ns 
46710      WARN  main            d.u.i.k.n.ParsingFacade   /home/runner/work/key/key/key.core/../key.ui/examples/heap/block_contracts/Simple__getLength.key.proof took 0 ms to parse. 
46710      WARN  main            d.u.i.k.n.ParsingFacade   Parsing time 387 ms. 
46711      INFO  main            d.u.i.k.p.i.AbstractProblemLoader Creating init config 
47696      WARN  main            d.u.i.k.n.ParsingFacade   file:/home/runner/work/key/key/key.core/build/resources/main/de/uka/ilkd/key/java/JavaRedux/java/lang/String.key took 1 ms to parse. 
47696      WARN  main            d.u.i.k.n.ParsingFacade   Parsing time 388 ms. 
49679      DEBUG main            d.u.i.k.p.i.AbstractProblemLoader Init config took 2.97s 
49731      INFO  main            d.u.i.k.p.i.AbstractProblemLoader Replaying proof Simple[Simple::getLength()].JML normal_behavior operation contract.0 
49740      DEBUG main            d.u.i.k.p.i.IntermediateProofReplayer Proof replay took 6.79ms 
49741      WARN  main            d.u.i.k.n.ParsingFacade   /home/runner/work/key/key/key.core/../key.ui/examples/heap/block_contracts/Simple__getLength.key.proof took 0 ms to parse. 
49741      WARN  main            d.u.i.k.n.ParsingFacade   Parsing time 388 ms. 
49742      DEBUG main            d.u.i.k.p.r.p.TestFile    ... success: reloaded. 
49743      INFO  main            d.u.i.k.p.r.p.TestFile    Now processing file /home/runner/work/key/key/key.core/../key.ui/examples/heap/block_contracts/Simple__square.key 
49743      INFO  main            d.u.i.k.p.i.AbstractProblemLoader Loading environment from /home/runner/work/key/key/key.core/../key.ui/examples/heap/block_contracts/Simple__square.key 
49743      DEBUG main            d.u.i.k.p.i.AbstractProblemLoader Environment load took 207.4ns 
49744      WARN  main            d.u.i.k.n.ParsingFacade   /home/runner/work/key/key/key.core/../key.ui/examples/heap/block_contracts/Simple__square.key took 0 ms to parse. 
49744      WARN  main            d.u.i.k.n.ParsingFacade   Parsing time 388 ms. 
49745      INFO  main            d.u.i.k.p.i.AbstractProblemLoader Creating init config 
50721      WARN  main            d.u.i.k.n.ParsingFacade   file:/home/runner/work/key/key/key.core/build/resources/main/de/uka/ilkd/key/java/JavaRedux/java/lang/String.key took 1 ms to parse. 
50721      WARN  main            d.u.i.k.n.ParsingFacade   Parsing time 389 ms. 
52680      DEBUG main            d.u.i.k.p.i.AbstractProblemLoader Init config took 2.93s 
52721      INFO  main            d.u.i.k.p.i.AbstractProblemLoader Replaying proof Simple[Simple::square(int)].JML operation contract.0 
52723      DEBUG main            d.u.i.k.p.i.IntermediateProofReplayer Proof replay took 12.3ns 
52723      WARN  main            d.u.i.k.n.ParsingFacade   /home/runner/work/key/key/key.core/../key.ui/examples/heap/block_contracts/Simple__square.key took 0 ms to parse. 
52723      WARN  main            d.u.i.k.n.ParsingFacade   Parsing time 389 ms. 
53125      INFO  main            d.u.i.k.p.r.p.TestFile    ... finished proof: closed. 
53314      INFO  main            d.u.i.k.p.i.AbstractProblemLoader Loading environment from /home/runner/work/key/key/key.core/../key.ui/examples/heap/block_contracts/Simple__square.key.proof 
53315      DEBUG main            d.u.i.k.p.i.AbstractProblemLoader Environment load took 886.52ns 
53316      WARN  main            d.u.i.k.n.ParsingFacade   /home/runner/work/key/key/key.core/../key.ui/examples/heap/block_contracts/Simple__square.key.proof took 0 ms to parse. 
53316      WARN  main            d.u.i.k.n.ParsingFacade   Parsing time 389 ms. 
53317      INFO  main            d.u.i.k.p.i.AbstractProblemLoader Creating init config 
54288      WARN  main            d.u.i.k.n.ParsingFacade   file:/home/runner/work/key/key/key.core/build/resources/main/de/uka/ilkd/key/java/JavaRedux/java/lang/String.key took 1 ms to parse. 
54288      WARN  main            d.u.i.k.n.ParsingFacade   Parsing time 390 ms. 
56216      DEBUG main            d.u.i.k.p.i.AbstractProblemLoader Init config took 2.9s 
56255      INFO  main            d.u.i.k.p.i.AbstractProblemLoader Replaying proof Simple[Simple::square(int)].JML operation contract.0 
56350      DEBUG main            d.u.i.k.p.i.IntermediateProofReplayer Proof replay took 91.02ms 
56350      WARN  main            d.u.i.k.n.ParsingFacade   /home/runner/work/key/key/key.core/../key.ui/examples/heap/block_contracts/Simple__square.key.proof took 0 ms to parse. 
56351      WARN  main            d.u.i.k.n.ParsingFacade   Parsing time 390 ms. 
56351      DEBUG main            d.u.i.k.p.r.p.TestFile    ... success: reloaded. 
56353      INFO  main            d.u.i.k.p.r.p.TestFile    Now processing file /home/runner/work/key/key/key.core/../key.ui/examples/heap/block_contracts/Simple__unnecessaryBlockContract.key 
56353      INFO  main            d.u.i.k.p.i.AbstractProblemLoader Loading environment from /home/runner/work/key/key/key.core/../key.ui/examples/heap/block_contracts/Simple__unnecessaryBlockContract.key 
56353      DEBUG main            d.u.i.k.p.i.AbstractProblemLoader Environment load took 212.9ns 
56353      WARN  main            d.u.i.k.n.ParsingFacade   /home/runner/work/key/key/key.core/../key.ui/examples/heap/block_contracts/Simple__unnecessaryBlockContract.key took 0 ms to parse. 
56354      WARN  main            d.u.i.k.n.ParsingFacade   Parsing time 390 ms. 
56354      INFO  main            d.u.i.k.p.i.AbstractProblemLoader Creating init config 
57325      WARN  main            d.u.i.k.n.ParsingFacade   file:/home/runner/work/key/key/key.core/build/resources/main/de/uka/ilkd/key/java/JavaRedux/java/lang/String.key took 1 ms to parse. 
57325      WARN  main            d.u.i.k.n.ParsingFacade   Parsing time 391 ms. 
59330      DEBUG main            d.u.i.k.p.i.AbstractProblemLoader Init config took 2.98s 
59369      INFO  main            d.u.i.k.p.i.AbstractProblemLoader Replaying proof Simple[Simple::unnecessaryBlockContract()].JML operation contract.0 
59371      DEBUG main            d.u.i.k.p.i.IntermediateProofReplayer Proof replay took 13ns 
59371      WARN  main            d.u.i.k.n.ParsingFacade   /home/runner/work/key/key/key.core/../key.ui/examples/heap/block_contracts/Simple__unnecessaryBlockContract.key took 0 ms to parse. 
59371      WARN  main            d.u.i.k.n.ParsingFacade   Parsing time 391 ms. 
59473      INFO  main            d.u.i.k.p.r.p.TestFile    ... finished proof: closed. 
59673      INFO  main            d.u.i.k.p.i.AbstractProblemLoader Loading environment from /home/runner/work/key/key/key.core/../key.ui/examples/heap/block_contracts/Simple__unnecessaryBlockContract.key.proof 
59674      DEBUG main            d.u.i.k.p.i.AbstractProblemLoader Environment load took 105.6ns 
59674      WARN  main            d.u.i.k.n.ParsingFacade   /home/runner/work/key/key/key.core/../key.ui/examples/heap/block_contracts/Simple__unnecessaryBlockContract.key.proof took 0 ms to parse. 
59674      WARN  main            d.u.i.k.n.ParsingFacade   Parsing time 391 ms. 
59675      INFO  main            d.u.i.k.p.i.AbstractProblemLoader Creating init config 
60622      WARN  main            d.u.i.k.n.ParsingFacade   file:/home/runner/work/key/key/key.core/build/resources/main/de/uka/ilkd/key/java/JavaRedux/java/lang/String.key took 1 ms to parse. 
60622      WARN  main            d.u.i.k.n.ParsingFacade   Parsing time 392 ms. 
62572      DEBUG main            d.u.i.k.p.i.AbstractProblemLoader Init config took 2.9s 
62611      INFO  main            d.u.i.k.p.i.AbstractProblemLoader Replaying proof Simple[Simple::unnecessaryBlockContract()].JML operation contract.0 
62633      DEBUG main            d.u.i.k.p.i.IntermediateProofReplayer Proof replay took 20.88ms 
62634      WARN  main            d.u.i.k.n.ParsingFacade   /home/runner/work/key/key/key.core/../key.ui/examples/heap/block_contracts/Simple__unnecessaryBlockContract.key.proof took 0 ms to parse. 
62634      WARN  main            d.u.i.k.n.ParsingFacade   Parsing time 392 ms. 
62635      DEBUG main            d.u.i.k.p.r.p.TestFile    ... success: reloaded. 
62636      INFO  main            d.u.i.k.p.r.p.TestFile    Now processing file /home/runner/work/key/key/key.core/../key.ui/examples/heap/block_contracts/Simple__unnecessaryLoopInvariant.key 
62636      INFO  main            d.u.i.k.p.i.AbstractProblemLoader Loading environment from /home/runner/work/key/key/key.core/../key.ui/examples/heap/block_contracts/Simple__unnecessaryLoopInvariant.key 
62636      DEBUG main            d.u.i.k.p.i.AbstractProblemLoader Environment load took 81.9ns 
62636      WARN  main            d.u.i.k.n.ParsingFacade   /home/runner/work/key/key/key.core/../key.ui/examples/heap/block_contracts/Simple__unnecessaryLoopInvariant.key took 0 ms to parse. 
62636      WARN  main            d.u.i.k.n.ParsingFacade   Parsing time 392 ms. 
62637      INFO  main            d.u.i.k.p.i.AbstractProblemLoader Creating init config 
63623      WARN  main            d.u.i.k.n.ParsingFacade   file:/home/runner/work/key/key/key.core/build/resources/main/de/uka/ilkd/key/java/JavaRedux/java/lang/String.key took 2 ms to parse. 
63623      WARN  main            d.u.i.k.n.ParsingFacade   Parsing time 394 ms. 
65612      DEBUG main            d.u.i.k.p.i.AbstractProblemLoader Init config took 2.98s 
65664      INFO  main            d.u.i.k.p.i.AbstractProblemLoader Replaying proof Simple[Simple::unnecessaryLoopInvariant()].JML operation contract.0 
65666      DEBUG main            d.u.i.k.p.i.IntermediateProofReplayer Proof replay took 11.2ns 
65667      WARN  main            d.u.i.k.n.ParsingFacade   /home/runner/work/key/key/key.core/../key.ui/examples/heap/block_contracts/Simple__unnecessaryLoopInvariant.key took 0 ms to parse. 
65667      WARN  main            d.u.i.k.n.ParsingFacade   Parsing time 394 ms. 
65768      INFO  main            d.u.i.k.p.r.p.TestFile    ... finished proof: closed. 
65953      INFO  main            d.u.i.k.p.i.AbstractProblemLoader Loading environment from /home/runner/work/key/key/key.core/../key.ui/examples/heap/block_contracts/Simple__unnecessaryLoopInvariant.key.proof 
65953      DEBUG main            d.u.i.k.p.i.AbstractProblemLoader Environment load took 109.4ns 
65954      WARN  main            d.u.i.k.n.ParsingFacade   /home/runner/work/key/key/key.core/../key.ui/examples/heap/block_contracts/Simple__unnecessaryLoopInvariant.key.proof took 0 ms to parse. 
65954      WARN  main            d.u.i.k.n.ParsingFacade   Parsing time 394 ms. 
65954      INFO  main            d.u.i.k.p.i.AbstractProblemLoader Creating init config 
66923      WARN  main            d.u.i.k.n.ParsingFacade   file:/home/runner/work/key/key/key.core/build/resources/main/de/uka/ilkd/key/java/JavaRedux/java/lang/String.key took 1 ms to parse. 
66924      WARN  main            d.u.i.k.n.ParsingFacade   Parsing time 395 ms. 
68907      DEBUG main            d.u.i.k.p.i.AbstractProblemLoader Init config took 2.95s 
68944      INFO  main            d.u.i.k.p.i.AbstractProblemLoader Replaying proof Simple[Simple::unnecessaryLoopInvariant()].JML operation contract.0 
68956      DEBUG main            d.u.i.k.p.i.IntermediateProofReplayer Proof replay took 10.86ms 
68956      WARN  main            d.u.i.k.n.ParsingFacade   /home/runner/work/key/key/key.core/../key.ui/examples/heap/block_contracts/Simple__unnecessaryLoopInvariant.key.proof took 0 ms to parse. 
68957      WARN  main            d.u.i.k.n.ParsingFacade   Parsing time 395 ms. 
68957      DEBUG main            d.u.i.k.p.r.p.TestFile    ... success: reloaded. 
68958      INFO  main            d.u.i.k.p.r.p.TestFile    Now processing file /home/runner/work/key/key/key.core/../key.ui/examples/standard_key/java_dl/jml-assert/assert.key 
68958      INFO  main            d.u.i.k.p.i.AbstractProblemLoader Loading environment from /home/runner/work/key/key/key.core/../key.ui/examples/standard_key/java_dl/jml-assert/assert.key 
68958      DEBUG main            d.u.i.k.p.i.AbstractProblemLoader Environment load took 86.7ns 
68958      WARN  main            d.u.i.k.n.ParsingFacade   /home/runner/work/key/key/key.core/../key.ui/examples/standard_key/java_dl/jml-assert/assert.key took 0 ms to parse. 
68958      WARN  main            d.u.i.k.n.ParsingFacade   Parsing time 395 ms. 
68959      INFO  main            d.u.i.k.p.i.AbstractProblemLoader Creating init config 
69828      WARN  main            d.u.i.k.n.ParsingFacade   file:/home/runner/work/key/key/key.core/build/resources/main/de/uka/ilkd/key/java/JavaRedux/java/lang/String.key took 1 ms to parse. 
69829      WARN  main            d.u.i.k.n.ParsingFacade   Parsing time 396 ms. 
71529      DEBUG main            d.u.i.k.p.i.AbstractProblemLoader Init config took 2.57s 
71568      INFO  main            d.u.i.k.p.i.AbstractProblemLoader Replaying proof Assert[Assert::createArray(int)].JML normal_behavior operation contract.0 
71570      DEBUG main            d.u.i.k.p.i.IntermediateProofReplayer Proof replay took 7.3ns 
71570      WARN  main            d.u.i.k.n.ParsingFacade   /home/runner/work/key/key/key.core/../key.ui/examples/standard_key/java_dl/jml-assert/assert.key took 0 ms to parse. 
71571      WARN  main            d.u.i.k.n.ParsingFacade   Parsing time 396 ms. 
71772      INFO  main            d.u.i.k.p.r.p.TestFile    ... finished proof: closed. 
71981      INFO  main            d.u.i.k.p.i.AbstractProblemLoader Loading environment from /home/runner/work/key/key/key.core/../key.ui/examples/standard_key/java_dl/jml-assert/assert.key.proof 
71981      DEBUG main            d.u.i.k.p.i.AbstractProblemLoader Environment load took 115.5ns 
71981      WARN  main            d.u.i.k.n.ParsingFacade   /home/runner/work/key/key/key.core/../key.ui/examples/standard_key/java_dl/jml-assert/assert.key.proof took 0 ms to parse. 
71981      WARN  main            d.u.i.k.n.ParsingFacade   Parsing time 396 ms. 
71982      INFO  main            d.u.i.k.p.i.AbstractProblemLoader Creating init config 
72849      WARN  main            d.u.i.k.n.ParsingFacade   file:/home/runner/work/key/key/key.core/build/resources/main/de/uka/ilkd/key/java/JavaRedux/java/lang/String.key took 1 ms to parse. 
72849      WARN  main            d.u.i.k.n.ParsingFacade   Parsing time 397 ms. 
74515      DEBUG main            d.u.i.k.p.i.AbstractProblemLoader Init config took 2.53s 
74552      INFO  main            d.u.i.k.p.i.AbstractProblemLoader Replaying proof Assert[Assert::createArray(int)].JML normal_behavior operation contract.0 
74616      DEBUG main            d.u.i.k.p.i.IntermediateProofReplayer Proof replay took 61.73ms 
74617      WARN  main            d.u.i.k.n.ParsingFacade   /home/runner/work/key/key/key.core/../key.ui/examples/standard_key/java_dl/jml-assert/assert.key.proof took 0 ms to parse. 
74617      WARN  main            d.u.i.k.n.ParsingFacade   Parsing time 397 ms. 
74617      DEBUG main            d.u.i.k.p.r.p.TestFile    ... success: reloaded. 
74619      INFO  main            d.u.i.k.p.r.p.TestFile    Now processing file /home/runner/work/key/key/key.core/../key.ui/examples/standard_key/java_dl/jml-assert/assert_assume_order.key 
74619      INFO  main            d.u.i.k.p.i.AbstractProblemLoader Loading environment from /home/runner/work/key/key/key.core/../key.ui/examples/standard_key/java_dl/jml-assert/assert_assume_order.key 
74619      DEBUG main            d.u.i.k.p.i.AbstractProblemLoader Environment load took 213.1ns 
74620      WARN  main            d.u.i.k.n.ParsingFacade   /home/runner/work/key/key/key.core/../key.ui/examples/standard_key/java_dl/jml-assert/assert_assume_order.key took 0 ms to parse. 
74620      WARN  main            d.u.i.k.n.ParsingFacade   Parsing time 397 ms. 
74622      INFO  main            d.u.i.k.p.i.AbstractProblemLoader Creating init config 
75497      WARN  main            d.u.i.k.n.ParsingFacade   file:/home/runner/work/key/key/key.core/build/resources/main/de/uka/ilkd/key/java/JavaRedux/java/lang/String.key took 1 ms to parse. 
75498      WARN  main            d.u.i.k.n.ParsingFacade   Parsing time 398 ms. 
77235      DEBUG main            d.u.i.k.p.i.AbstractProblemLoader Init config took 2.61s 
77272      INFO  main            d.u.i.k.p.i.AbstractProblemLoader Replaying proof AssertAssume[AssertAssume::singleAssumeAssert(int)].JML normal_behavior operation contract.0 
77274      DEBUG main            d.u.i.k.p.i.IntermediateProofReplayer Proof replay took 6.4ns 
77275      WARN  main            d.u.i.k.n.ParsingFacade   /home/runner/work/key/key/key.core/../key.ui/examples/standard_key/java_dl/jml-assert/assert_assume_order.key took 0 ms to parse. 
77275      WARN  main            d.u.i.k.n.ParsingFacade   Parsing time 398 ms. 
77377      INFO  main            d.u.i.k.p.r.p.TestFile    ... finished proof: closed. 
77568      INFO  main            d.u.i.k.p.i.AbstractProblemLoader Loading environment from /home/runner/work/key/key/key.core/../key.ui/examples/standard_key/java_dl/jml-assert/assert_assume_order.key.proof 
77568      DEBUG main            d.u.i.k.p.i.AbstractProblemLoader Environment load took 98.8ns 
77568      WARN  main            d.u.i.k.n.ParsingFacade   /home/runner/work/key/key/key.core/../key.ui/examples/standard_key/java_dl/jml-assert/assert_assume_order.key.proof took 0 ms to parse. 
77568      WARN  main            d.u.i.k.n.ParsingFacade   Parsing time 398 ms. 
77569      INFO  main            d.u.i.k.p.i.AbstractProblemLoader Creating init config 
78433      WARN  main            d.u.i.k.n.ParsingFacade   file:/home/runner/work/key/key/key.core/build/resources/main/de/uka/ilkd/key/java/JavaRedux/java/lang/String.key took 1 ms to parse. 
78433      WARN  main            d.u.i.k.n.ParsingFacade   Parsing time 399 ms. 
80074      DEBUG main            d.u.i.k.p.i.AbstractProblemLoader Init config took 2.51s 
80109      INFO  main            d.u.i.k.p.i.AbstractProblemLoader Replaying proof AssertAssume[AssertAssume::singleAssumeAssert(int)].JML normal_behavior operation contract.0 
80118      DEBUG main            d.u.i.k.p.i.IntermediateProofReplayer Proof replay took 7.46ms 
80119      WARN  main            d.u.i.k.n.ParsingFacade   /home/runner/work/key/key/key.core/../key.ui/examples/standard_key/java_dl/jml-assert/assert_assume_order.key.proof took 0 ms to parse. 
80119      WARN  main            d.u.i.k.n.ParsingFacade   Parsing time 399 ms. 
80119      DEBUG main            d.u.i.k.p.r.p.TestFile    ... success: reloaded. 
80120      INFO  main            d.u.i.k.p.r.p.TestFile    Now processing file /home/runner/work/key/key/key.core/../key.ui/examples/heap/block_loop_contracts/SimpleVariants/sum_onBlock_external.key 
80121      INFO  main            d.u.i.k.p.i.AbstractProblemLoader Loading environment from /home/runner/work/key/key/key.core/../key.ui/examples/heap/block_loop_contracts/SimpleVariants/sum_onBlock_external.key 
80121      DEBUG main            d.u.i.k.p.i.AbstractProblemLoader Environment load took 209.4ns 
80121      WARN  main            d.u.i.k.n.ParsingFacade   /home/runner/work/key/key/key.core/../key.ui/examples/heap/block_loop_contracts/SimpleVariants/sum_onBlock_external.key took 0 ms to parse. 
80122      WARN  main            d.u.i.k.n.ParsingFacade   Parsing time 399 ms. 
80122      INFO  main            d.u.i.k.p.i.AbstractProblemLoader Creating init config 
81063      WARN  main            d.u.i.k.n.ParsingFacade   file:/home/runner/work/key/key/key.core/build/resources/main/de/uka/ilkd/key/java/JavaRedux/java/lang/String.key took 1 ms to parse. 
81063      WARN  main            d.u.i.k.n.ParsingFacade   Parsing time 400 ms. 
82934      DEBUG main            d.u.i.k.p.i.AbstractProblemLoader Init config took 2.81s 
82969      INFO  main            d.u.i.k.p.i.AbstractProblemLoader Replaying proof LoopContractExamplesAll[LoopContractExamplesAll::sum_loopContract_onBlock([I)].JML normal_behavior operation contract.0 
82971      DEBUG main            d.u.i.k.p.i.IntermediateProofReplayer Proof replay took 11ns 
82972      WARN  main            d.u.i.k.n.ParsingFacade   /home/runner/work/key/key/key.core/../key.ui/examples/heap/block_loop_contracts/SimpleVariants/sum_onBlock_external.key took 0 ms to parse. 
82972      WARN  main            d.u.i.k.n.ParsingFacade   Parsing time 400 ms. 
83077      INFO  main            d.u.i.k.p.r.p.TestFile    ... finished proof: closed. 
83304      INFO  main            d.u.i.k.p.i.AbstractProblemLoader Loading environment from /home/runner/work/key/key/key.core/../key.ui/examples/heap/block_loop_contracts/SimpleVariants/sum_onBlock_external.key.proof 
83305      DEBUG main            d.u.i.k.p.i.AbstractProblemLoader Environment load took 101ns 
83305      WARN  main            d.u.i.k.n.ParsingFacade   /home/runner/work/key/key/key.core/../key.ui/examples/heap/block_loop_contracts/SimpleVariants/sum_onBlock_external.key.proof took 0 ms to parse. 
83305      WARN  main            d.u.i.k.n.ParsingFacade   Parsing time 400 ms. 
83306      INFO  main            d.u.i.k.p.i.AbstractProblemLoader Creating init config 
84185      WARN  main            d.u.i.k.n.ParsingFacade   file:/home/runner/work/key/key/key.core/build/resources/main/de/uka/ilkd/key/java/JavaRedux/java/lang/String.key took 1 ms to parse. 
84185      WARN  main            d.u.i.k.n.ParsingFacade   Parsing time 401 ms. 
86015      DEBUG main            d.u.i.k.p.i.AbstractProblemLoader Init config took 2.71s 
86055      INFO  main            d.u.i.k.p.i.AbstractProblemLoader Replaying proof LoopContractExamplesAll[LoopContractExamplesAll::sum_loopContract_onBlock([I)].JML normal_behavior operation contract.0 
86100      DEBUG main            d.u.i.k.p.i.IntermediateProofReplayer Proof replay took 42.82ms 
86101      WARN  main            d.u.i.k.n.ParsingFacade   /home/runner/work/key/key/key.core/../key.ui/examples/heap/block_loop_contracts/SimpleVariants/sum_onBlock_external.key.proof took 0 ms to parse. 
86101      WARN  main            d.u.i.k.n.ParsingFacade   Parsing time 401 ms. 
86102      DEBUG main            d.u.i.k.p.r.p.TestFile    ... success: reloaded. 
86103      INFO  main            d.u.i.k.p.r.p.TestFile    Now processing file /home/runner/work/key/key/key.core/../key.ui/examples/heap/block_loop_contracts/SimpleVariants/sum_onBlock_internal.key 
86103      INFO  main            d.u.i.k.p.i.AbstractProblemLoader Loading environment from /home/runner/work/key/key/key.core/../key.ui/examples/heap/block_loop_contracts/SimpleVariants/sum_onBlock_internal.key 
86103      DEBUG main            d.u.i.k.p.i.AbstractProblemLoader Environment load took 202.8ns 
86104      WARN  main            d.u.i.k.n.ParsingFacade   /home/runner/work/key/key/key.core/../key.ui/examples/heap/block_loop_contracts/SimpleVariants/sum_onBlock_internal.key took 1 ms to parse. 
86104      WARN  main            d.u.i.k.n.ParsingFacade   Parsing time 402 ms. 
86105      INFO  main            d.u.i.k.p.i.AbstractProblemLoader Creating init config 
87036      WARN  main            d.u.i.k.n.ParsingFacade   file:/home/runner/work/key/key/key.core/build/resources/main/de/uka/ilkd/key/java/JavaRedux/java/lang/String.key took 1 ms to parse. 
87036      WARN  main            d.u.i.k.n.ParsingFacade   Parsing time 403 ms. 
88864      DEBUG main            d.u.i.k.p.i.AbstractProblemLoader Init config took 2.76s 
88898      INFO  main            d.u.i.k.p.i.AbstractProblemLoader Replaying proof LoopContractExamplesAll[LoopContractExamplesAll::sum_loopContract_onBlock([I)].JML normal_behavior operation contract.0 
88900      DEBUG main            d.u.i.k.p.i.IntermediateProofReplayer Proof replay took 12.1ns 
88900      WARN  main            d.u.i.k.n.ParsingFacade   /home/runner/work/key/key/key.core/../key.ui/examples/heap/block_loop_contracts/SimpleVariants/sum_onBlock_internal.key took 0 ms to parse. 
88901      WARN  main            d.u.i.k.n.ParsingFacade   Parsing time 403 ms. 
89637      INFO  main            d.u.i.k.p.r.p.TestFile    ... finished proof: closed. 
89872      INFO  main            d.u.i.k.p.i.AbstractProblemLoader Loading environment from /home/runner/work/key/key/key.core/../key.ui/examples/heap/block_loop_contracts/SimpleVariants/sum_onBlock_internal.key.proof 
89872      DEBUG main            d.u.i.k.p.i.AbstractProblemLoader Environment load took 115.7ns 
89873      WARN  main            d.u.i.k.n.ParsingFacade   /home/runner/work/key/key/key.core/../key.ui/examples/heap/block_loop_contracts/SimpleVariants/sum_onBlock_internal.key.proof took 0 ms to parse. 
89873      WARN  main            d.u.i.k.n.ParsingFacade   Parsing time 403 ms. 
89874      INFO  main            d.u.i.k.p.i.AbstractProblemLoader Creating init config 
90758      WARN  main            d.u.i.k.n.ParsingFacade   file:/home/runner/work/key/key/key.core/build/resources/main/de/uka/ilkd/key/java/JavaRedux/java/lang/String.key took 1 ms to parse. 
90758      WARN  main            d.u.i.k.n.ParsingFacade   Parsing time 404 ms. 
92618      DEBUG main            d.u.i.k.p.i.AbstractProblemLoader Init config took 2.74s 
92654      INFO  main            d.u.i.k.p.i.AbstractProblemLoader Replaying proof LoopContractExamplesAll[LoopContractExamplesAll::sum_loopContract_onBlock([I)].JML normal_behavior operation contract.0 
92883      DEBUG main            d.u.i.k.p.i.IntermediateProofReplayer Proof replay took 225.41ms 
92883      WARN  main            d.u.i.k.n.ParsingFacade   /home/runner/work/key/key/key.core/../key.ui/examples/heap/block_loop_contracts/SimpleVariants/sum_onBlock_internal.key.proof took 0 ms to parse. 
92883      WARN  main            d.u.i.k.n.ParsingFacade   Parsing time 404 ms. 
92884      DEBUG main            d.u.i.k.p.r.p.TestFile    ... success: reloaded. 
92885      INFO  main            d.u.i.k.p.r.p.TestFile    Now processing file /home/runner/work/key/key/key.core/../key.ui/examples/heap/block_loop_contracts/SimpleVariants/sum_onBlock_loop.key 
92885      INFO  main            d.u.i.k.p.i.AbstractProblemLoader Loading environment from /home/runner/work/key/key/key.core/../key.ui/examples/heap/block_loop_contracts/SimpleVariants/sum_onBlock_loop.key 
92885      DEBUG main            d.u.i.k.p.i.AbstractProblemLoader Environment load took 67.6ns 
92885      WARN  main            d.u.i.k.n.ParsingFacade   /home/runner/work/key/key/key.core/../key.ui/examples/heap/block_loop_contracts/SimpleVariants/sum_onBlock_loop.key took 0 ms to parse. 
92885      WARN  main            d.u.i.k.n.ParsingFacade   Parsing time 404 ms. 
92886      INFO  main            d.u.i.k.p.i.AbstractProblemLoader Creating init config 
93787      WARN  main            d.u.i.k.n.ParsingFacade   file:/home/runner/work/key/key/key.core/build/resources/main/de/uka/ilkd/key/java/JavaRedux/java/lang/String.key took 1 ms to parse. 
93787      WARN  main            d.u.i.k.n.ParsingFacade   Parsing time 405 ms. 
95621      DEBUG main            d.u.i.k.p.i.AbstractProblemLoader Init config took 2.73s 
95659      INFO  main            d.u.i.k.p.i.AbstractProblemLoader Replaying proof LoopContractExamplesAll[LoopContractExamplesAll::sum_loopContract_onBlock([I)].JML normal_behavior loop contract.0 
95661      DEBUG main            d.u.i.k.p.i.IntermediateProofReplayer Proof replay took 10.4ns 
95661      WARN  main            d.u.i.k.n.ParsingFacade   /home/runner/work/key/key/key.core/../key.ui/examples/heap/block_loop_contracts/SimpleVariants/sum_onBlock_loop.key took 0 ms to parse. 
95662      WARN  main            d.u.i.k.n.ParsingFacade   Parsing time 405 ms. 
96467      INFO  main            d.u.i.k.p.r.p.TestFile    ... finished proof: closed. 
96762      INFO  main            d.u.i.k.p.i.AbstractProblemLoader Loading environment from /home/runner/work/key/key/key.core/../key.ui/examples/heap/block_loop_contracts/SimpleVariants/sum_onBlock_loop.key.proof 
96762      DEBUG main            d.u.i.k.p.i.AbstractProblemLoader Environment load took 90.4ns 
96763      WARN  main            d.u.i.k.n.ParsingFacade   /home/runner/work/key/key/key.core/../key.ui/examples/heap/block_loop_contracts/SimpleVariants/sum_onBlock_loop.key.proof took 0 ms to parse. 
96763      WARN  main            d.u.i.k.n.ParsingFacade   Parsing time 405 ms. 
96763      INFO  main            d.u.i.k.p.i.AbstractProblemLoader Creating init config 
97646      WARN  main            d.u.i.k.n.ParsingFacade   file:/home/runner/work/key/key/key.core/build/resources/main/de/uka/ilkd/key/java/JavaRedux/java/lang/String.key took 1 ms to parse. 
97646      WARN  main            d.u.i.k.n.ParsingFacade   Parsing time 406 ms. 
99466      DEBUG main            d.u.i.k.p.i.AbstractProblemLoader Init config took 2.7s 
99500      INFO  main            d.u.i.k.p.i.AbstractProblemLoader Replaying proof LoopContractExamplesAll[LoopContractExamplesAll::sum_loopContract_onBlock([I)].JML normal_behavior loop contract.0 
99768      DEBUG main            d.u.i.k.p.i.IntermediateProofReplayer Proof replay took 263.13ms 
99768      WARN  main            d.u.i.k.n.ParsingFacade   /home/runner/work/key/key/key.core/../key.ui/examples/heap/block_loop_contracts/SimpleVariants/sum_onBlock_loop.key.proof took 0 ms to parse. 
99769      WARN  main            d.u.i.k.n.ParsingFacade   Parsing time 406 ms. 
99771      DEBUG main            d.u.i.k.p.r.p.TestFile    ... success: reloaded. 
99772      INFO  main            d.u.i.k.p.r.p.TestFile    Now processing file /home/runner/work/key/key/key.core/../key.ui/examples/heap/block_loop_contracts/SimpleVariants/sum_onLoop_external.key 
99773      INFO  main            d.u.i.k.p.i.AbstractProblemLoader Loading environment from /home/runner/work/key/key/key.core/../key.ui/examples/heap/block_loop_contracts/SimpleVariants/sum_onLoop_external.key 
99773      DEBUG main            d.u.i.k.p.i.AbstractProblemLoader Environment load took 198.2ns 
99773      WARN  main            d.u.i.k.n.ParsingFacade   /home/runner/work/key/key/key.core/../key.ui/examples/heap/block_loop_contracts/SimpleVariants/sum_onLoop_external.key took 0 ms to parse. 
99774      WARN  main            d.u.i.k.n.ParsingFacade   Parsing time 406 ms. 
99774      INFO  main            d.u.i.k.p.i.AbstractProblemLoader Creating init config 
100703     WARN  main            d.u.i.k.n.ParsingFacade   file:/home/runner/work/key/key/key.core/build/resources/main/de/uka/ilkd/key/java/JavaRedux/java/lang/String.key took 1 ms to parse. 
100703     WARN  main            d.u.i.k.n.ParsingFacade   Parsing time 407 ms. 
102597     DEBUG main            d.u.i.k.p.i.AbstractProblemLoader Init config took 2.82s 
102630     INFO  main            d.u.i.k.p.i.AbstractProblemLoader Replaying proof LoopContractExamplesAll[LoopContractExamplesAll::sum_loopContract_onLoop([I)].JML normal_behavior operation contract.0 
102631     DEBUG main            d.u.i.k.p.i.IntermediateProofReplayer Proof replay took 11.4ns 
102632     WARN  main            d.u.i.k.n.ParsingFacade   /home/runner/work/key/key/key.core/../key.ui/examples/heap/block_loop_contracts/SimpleVariants/sum_onLoop_external.key took 0 ms to parse. 
102632     WARN  main            d.u.i.k.n.ParsingFacade   Parsing time 407 ms. 
102735     INFO  main            d.u.i.k.p.r.p.TestFile    ... finished proof: closed. 
103025     INFO  main            d.u.i.k.p.i.AbstractProblemLoader Loading environment from /home/runner/work/key/key/key.core/../key.ui/examples/heap/block_loop_contracts/SimpleVariants/sum_onLoop_external.key.proof 
103025     DEBUG main            d.u.i.k.p.i.AbstractProblemLoader Environment load took 90.3ns 
103025     WARN  main            d.u.i.k.n.ParsingFacade   /home/runner/work/key/key/key.core/../key.ui/examples/heap/block_loop_contracts/SimpleVariants/sum_onLoop_external.key.proof took 0 ms to parse. 
103025     WARN  main            d.u.i.k.n.ParsingFacade   Parsing time 407 ms. 
103026     INFO  main            d.u.i.k.p.i.AbstractProblemLoader Creating init config 
103907     WARN  main            d.u.i.k.n.ParsingFacade   file:/home/runner/work/key/key/key.core/build/resources/main/de/uka/ilkd/key/java/JavaRedux/java/lang/String.key took 1 ms to parse. 
103907     WARN  main            d.u.i.k.n.ParsingFacade   Parsing time 408 ms. 
105707     DEBUG main            d.u.i.k.p.i.AbstractProblemLoader Init config took 2.68s 
105751     INFO  main            d.u.i.k.p.i.AbstractProblemLoader Replaying proof LoopContractExamplesAll[LoopContractExamplesAll::sum_loopContract_onLoop([I)].JML normal_behavior operation contract.0 
105778     DEBUG main            d.u.i.k.p.i.IntermediateProofReplayer Proof replay took 25.98ms 
105779     WARN  main            d.u.i.k.n.ParsingFacade   /home/runner/work/key/key/key.core/../key.ui/examples/heap/block_loop_contracts/SimpleVariants/sum_onLoop_external.key.proof took 0 ms to parse. 
105779     WARN  main            d.u.i.k.n.ParsingFacade   Parsing time 408 ms. 
105779     DEBUG main            d.u.i.k.p.r.p.TestFile    ... success: reloaded. 
105780     INFO  main            d.u.i.k.p.r.p.TestFile    Now processing file /home/runner/work/key/key/key.core/../key.ui/examples/heap/block_loop_contracts/SimpleVariants/sum_onLoop_internal.key 
105780     INFO  main            d.u.i.k.p.i.AbstractProblemLoader Loading environment from /home/runner/work/key/key/key.core/../key.ui/examples/heap/block_loop_contracts/SimpleVariants/sum_onLoop_internal.key 
105780     DEBUG main            d.u.i.k.p.i.AbstractProblemLoader Environment load took 68.4ns 
105781     WARN  main            d.u.i.k.n.ParsingFacade   /home/runner/work/key/key/key.core/../key.ui/examples/heap/block_loop_contracts/SimpleVariants/sum_onLoop_internal.key took 0 ms to parse. 
105781     WARN  main            d.u.i.k.n.ParsingFacade   Parsing time 408 ms. 
105781     INFO  main            d.u.i.k.p.i.AbstractProblemLoader Creating init config 
106729     WARN  main            d.u.i.k.n.ParsingFacade   file:/home/runner/work/key/key/key.core/build/resources/main/de/uka/ilkd/key/java/JavaRedux/java/lang/String.key took 1 ms to parse. 
106730     WARN  main            d.u.i.k.n.ParsingFacade   Parsing time 409 ms. 
108551     DEBUG main            d.u.i.k.p.i.AbstractProblemLoader Init config took 2.77s 
108584     INFO  main            d.u.i.k.p.i.AbstractProblemLoader Replaying proof LoopContractExamplesAll[LoopContractExamplesAll::sum_loopContract_onLoop([I)].JML normal_behavior operation contract.0 
108586     DEBUG main            d.u.i.k.p.i.IntermediateProofReplayer Proof replay took 12.1ns 
108586     WARN  main            d.u.i.k.n.ParsingFacade   /home/runner/work/key/key/key.core/../key.ui/examples/heap/block_loop_contracts/SimpleVariants/sum_onLoop_internal.key took 0 ms to parse. 
108586     WARN  main            d.u.i.k.n.ParsingFacade   Parsing time 409 ms. 
109298     INFO  main            d.u.i.k.p.r.p.TestFile    ... finished proof: closed. 
109591     INFO  main            d.u.i.k.p.i.AbstractProblemLoader Loading environment from /home/runner/work/key/key/key.core/../key.ui/examples/heap/block_loop_contracts/SimpleVariants/sum_onLoop_internal.key.proof 
109592     DEBUG main            d.u.i.k.p.i.AbstractProblemLoader Environment load took 102.7ns 
109592     WARN  main            d.u.i.k.n.ParsingFacade   /home/runner/work/key/key/key.core/../key.ui/examples/heap/block_loop_contracts/SimpleVariants/sum_onLoop_internal.key.proof took 0 ms to parse. 
109592     WARN  main            d.u.i.k.n.ParsingFacade   Parsing time 409 ms. 
109593     INFO  main            d.u.i.k.p.i.AbstractProblemLoader Creating init config 
110474     WARN  main            d.u.i.k.n.ParsingFacade   file:/home/runner/work/key/key/key.core/build/resources/main/de/uka/ilkd/key/java/JavaRedux/java/lang/String.key took 1 ms to parse. 
110474     WARN  main            d.u.i.k.n.ParsingFacade   Parsing time 410 ms. 
112279     DEBUG main            d.u.i.k.p.i.AbstractProblemLoader Init config took 2.69s 
112316     INFO  main            d.u.i.k.p.i.AbstractProblemLoader Replaying proof LoopContractExamplesAll[LoopContractExamplesAll::sum_loopContract_onLoop([I)].JML normal_behavior operation contract.0 
112559     DEBUG main            d.u.i.k.p.i.IntermediateProofReplayer Proof replay took 237.55ms 
112560     WARN  main            d.u.i.k.n.ParsingFacade   /home/runner/work/key/key/key.core/../key.ui/examples/heap/block_loop_contracts/SimpleVariants/sum_onLoop_internal.key.proof took 0 ms to parse. 
112561     WARN  main            d.u.i.k.n.ParsingFacade   Parsing time 410 ms. 
112561     DEBUG main            d.u.i.k.p.r.p.TestFile    ... success: reloaded. 
112562     INFO  main            d.u.i.k.p.r.p.TestFile    Now processing file /home/runner/work/key/key/key.core/../key.ui/examples/heap/block_loop_contracts/SimpleVariants/sum_onLoop_loop.key 
112562     INFO  main            d.u.i.k.p.i.AbstractProblemLoader Loading environment from /home/runner/work/key/key/key.core/../key.ui/examples/heap/block_loop_contracts/SimpleVariants/sum_onLoop_loop.key 
112563     DEBUG main            d.u.i.k.p.i.AbstractProblemLoader Environment load took 201.3ns 
112563     WARN  main            d.u.i.k.n.ParsingFacade   /home/runner/work/key/key/key.core/../key.ui/examples/heap/block_loop_contracts/SimpleVariants/sum_onLoop_loop.key took 0 ms to parse. 
112563     WARN  main            d.u.i.k.n.ParsingFacade   Parsing time 410 ms. 
112564     INFO  main            d.u.i.k.p.i.AbstractProblemLoader Creating init config 
113469     WARN  main            d.u.i.k.n.ParsingFacade   file:/home/runner/work/key/key/key.core/build/resources/main/de/uka/ilkd/key/java/JavaRedux/java/lang/String.key took 1 ms to parse. 
113470     WARN  main            d.u.i.k.n.ParsingFacade   Parsing time 411 ms. 
115368     DEBUG main            d.u.i.k.p.i.AbstractProblemLoader Init config took 2.8s 
115408     INFO  main            d.u.i.k.p.i.AbstractProblemLoader Replaying proof LoopContractExamplesAll[LoopContractExamplesAll::sum_loopContract_onLoop([I)].JML normal_behavior loop contract.0 
115411     DEBUG main            d.u.i.k.p.i.IntermediateProofReplayer Proof replay took 10.9ns 
115412     WARN  main            d.u.i.k.n.ParsingFacade   /home/runner/work/key/key/key.core/../key.ui/examples/heap/block_loop_contracts/SimpleVariants/sum_onLoop_loop.key took 0 ms to parse. 
115415     WARN  main            d.u.i.k.n.ParsingFacade   Parsing time 411 ms. 
116148     INFO  main            d.u.i.k.p.r.p.TestFile    ... finished proof: closed. 
116426     INFO  main            d.u.i.k.p.i.AbstractProblemLoader Loading environment from /home/runner/work/key/key/key.core/../key.ui/examples/heap/block_loop_contracts/SimpleVariants/sum_onLoop_loop.key.proof 
116426     DEBUG main            d.u.i.k.p.i.AbstractProblemLoader Environment load took 105.7ns 
116426     WARN  main            d.u.i.k.n.ParsingFacade   /home/runner/work/key/key/key.core/../key.ui/examples/heap/block_loop_contracts/SimpleVariants/sum_onLoop_loop.key.proof took 0 ms to parse. 
116426     WARN  main            d.u.i.k.n.ParsingFacade   Parsing time 411 ms. 
116427     INFO  main            d.u.i.k.p.i.AbstractProblemLoader Creating init config 
117315     WARN  main            d.u.i.k.n.ParsingFacade   file:/home/runner/work/key/key/key.core/build/resources/main/de/uka/ilkd/key/java/JavaRedux/java/lang/String.key took 1 ms to parse. 
117316     WARN  main            d.u.i.k.n.ParsingFacade   Parsing time 412 ms. 
119110     DEBUG main            d.u.i.k.p.i.AbstractProblemLoader Init config took 2.68s 
119147     INFO  main            d.u.i.k.p.i.AbstractProblemLoader Replaying proof LoopContractExamplesAll[LoopContractExamplesAll::sum_loopContract_onLoop([I)].JML normal_behavior loop contract.0 
119375     DEBUG main            d.u.i.k.p.i.IntermediateProofReplayer Proof replay took 224.85ms 
119376     WARN  main            d.u.i.k.n.ParsingFacade   /home/runner/work/key/key/key.core/../key.ui/examples/heap/block_loop_contracts/SimpleVariants/sum_onLoop_loop.key.proof took 0 ms to parse. 
119376     WARN  main            d.u.i.k.n.ParsingFacade   Parsing time 412 ms. 
119377     DEBUG main            d.u.i.k.p.r.p.TestFile    ... success: reloaded. 
119378     INFO  main            d.u.i.k.p.r.p.TestFile    Now processing file /home/runner/work/key/key/key.core/../key.ui/examples/heap/block_loop_contracts/Free/blockContracts0.key 
119379     INFO  main            d.u.i.k.p.i.AbstractProblemLoader Loading environment from /home/runner/work/key/key/key.core/../key.ui/examples/heap/block_loop_contracts/Free/blockContracts0.key 
119379     DEBUG main            d.u.i.k.p.i.AbstractProblemLoader Environment load took 240.5ns 
119379     WARN  main            d.u.i.k.n.ParsingFacade   /home/runner/work/key/key/key.core/../key.ui/examples/heap/block_loop_contracts/Free/blockContracts0.key took 0 ms to parse. 
119379     WARN  main            d.u.i.k.n.ParsingFacade   Parsing time 412 ms. 
119380     INFO  main            d.u.i.k.p.i.AbstractProblemLoader Creating init config 
120213     WARN  main            d.u.i.k.n.ParsingFacade   file:/home/runner/work/key/key/key.core/build/resources/main/de/uka/ilkd/key/java/JavaRedux/java/lang/String.key took 1 ms to parse. 
120213     WARN  main            d.u.i.k.n.ParsingFacade   Parsing time 413 ms. 
121823     DEBUG main            d.u.i.k.p.i.AbstractProblemLoader Init config took 2.44s 
121855     INFO  main            d.u.i.k.p.i.AbstractProblemLoader Replaying proof FreeConditions[FreeConditions::blockContract0()].JML normal_behavior operation contract.0 
121857     DEBUG main            d.u.i.k.p.i.IntermediateProofReplayer Proof replay took 11.5ns 
121857     WARN  main            d.u.i.k.n.ParsingFacade   /home/runner/work/key/key/key.core/../key.ui/examples/heap/block_loop_contracts/Free/blockContracts0.key took 0 ms to parse. 
121858     WARN  main            d.u.i.k.n.ParsingFacade   Parsing time 413 ms. 
121961     INFO  main            d.u.i.k.p.r.p.TestFile    ... finished proof: closed. 
122241     INFO  main            d.u.i.k.p.i.AbstractProblemLoader Loading environment from /home/runner/work/key/key/key.core/../key.ui/examples/heap/block_loop_contracts/Free/blockContracts0.key.proof 
122241     DEBUG main            d.u.i.k.p.i.AbstractProblemLoader Environment load took 90.8ns 
122242     WARN  main            d.u.i.k.n.ParsingFacade   /home/runner/work/key/key/key.core/../key.ui/examples/heap/block_loop_contracts/Free/blockContracts0.key.proof took 0 ms to parse. 
122242     WARN  main            d.u.i.k.n.ParsingFacade   Parsing time 413 ms. 
122242     INFO  main            d.u.i.k.p.i.AbstractProblemLoader Creating init config 
123015     WARN  main            d.u.i.k.n.ParsingFacade   file:/home/runner/work/key/key/key.core/build/resources/main/de/uka/ilkd/key/java/JavaRedux/java/lang/String.key took 1 ms to parse. 
123015     WARN  main            d.u.i.k.n.ParsingFacade   Parsing time 414 ms. 
124591     DEBUG main            d.u.i.k.p.i.AbstractProblemLoader Init config took 2.35s 
124624     INFO  main            d.u.i.k.p.i.AbstractProblemLoader Replaying proof FreeConditions[FreeConditions::blockContract0()].JML normal_behavior operation contract.0 
124649     DEBUG main            d.u.i.k.p.i.IntermediateProofReplayer Proof replay took 23.06ms 
124649     WARN  main            d.u.i.k.n.ParsingFacade   /home/runner/work/key/key/key.core/../key.ui/examples/heap/block_loop_contracts/Free/blockContracts0.key.proof took 0 ms to parse. 
124650     WARN  main            d.u.i.k.n.ParsingFacade   Parsing time 414 ms. 
124651     DEBUG main            d.u.i.k.p.r.p.TestFile    ... success: reloaded. 
124652     INFO  main            d.u.i.k.p.r.p.TestFile    Now processing file /home/runner/work/key/key/key.core/../key.ui/examples/heap/block_loop_contracts/Free/blockContracts1.key 
124652     INFO  main            d.u.i.k.p.i.AbstractProblemLoader Loading environment from /home/runner/work/key/key/key.core/../key.ui/examples/heap/block_loop_contracts/Free/blockContracts1.key 
124653     DEBUG main            d.u.i.k.p.i.AbstractProblemLoader Environment load took 210.5ns 
124654     WARN  main            d.u.i.k.n.ParsingFacade   /home/runner/work/key/key/key.core/../key.ui/examples/heap/block_loop_contracts/Free/blockContracts1.key took 0 ms to parse. 
124654     WARN  main            d.u.i.k.n.ParsingFacade   Parsing time 414 ms. 
124655     INFO  main            d.u.i.k.p.i.AbstractProblemLoader Creating init config 
125450     WARN  main            d.u.i.k.n.ParsingFacade   file:/home/runner/work/key/key/key.core/build/resources/main/de/uka/ilkd/key/java/JavaRedux/java/lang/String.key took 1 ms to parse. 
125450     WARN  main            d.u.i.k.n.ParsingFacade   Parsing time 415 ms. 
127062     DEBUG main            d.u.i.k.p.i.AbstractProblemLoader Init config took 2.41s 
127094     INFO  main            d.u.i.k.p.i.AbstractProblemLoader Replaying proof FreeConditions[FreeConditions::blockContract1()].JML normal_behavior operation contract.0 
127096     DEBUG main            d.u.i.k.p.i.IntermediateProofReplayer Proof replay took 10.4ns 
127096     WARN  main            d.u.i.k.n.ParsingFacade   /home/runner/work/key/key/key.core/../key.ui/examples/heap/block_loop_contracts/Free/blockContracts1.key took 0 ms to parse. 
127096     WARN  main            d.u.i.k.n.ParsingFacade   Parsing time 415 ms. 
127198     INFO  main            d.u.i.k.p.r.p.TestFile    ... finished proof: closed. 
127451     INFO  main            d.u.i.k.p.i.AbstractProblemLoader Loading environment from /home/runner/work/key/key/key.core/../key.ui/examples/heap/block_loop_contracts/Free/blockContracts1.key.proof 
127451     DEBUG main            d.u.i.k.p.i.AbstractProblemLoader Environment load took 94.3ns 
127451     WARN  main            d.u.i.k.n.ParsingFacade   /home/runner/work/key/key/key.core/../key.ui/examples/heap/block_loop_contracts/Free/blockContracts1.key.proof took 0 ms to parse. 
127451     WARN  main            d.u.i.k.n.ParsingFacade   Parsing time 415 ms. 
127452     INFO  main            d.u.i.k.p.i.AbstractProblemLoader Creating init config 
128231     WARN  main            d.u.i.k.n.ParsingFacade   file:/home/runner/work/key/key/key.core/build/resources/main/de/uka/ilkd/key/java/JavaRedux/java/lang/String.key took 1 ms to parse. 
128231     WARN  main            d.u.i.k.n.ParsingFacade   Parsing time 416 ms. 
129800     DEBUG main            d.u.i.k.p.i.AbstractProblemLoader Init config took 2.35s 
129849     INFO  main            d.u.i.k.p.i.AbstractProblemLoader Replaying proof FreeConditions[FreeConditions::blockContract1()].JML normal_behavior operation contract.0 
129868     DEBUG main            d.u.i.k.p.i.IntermediateProofReplayer Proof replay took 17.15ms 
129869     WARN  main            d.u.i.k.n.ParsingFacade   /home/runner/work/key/key/key.core/../key.ui/examples/heap/block_loop_contracts/Free/blockContracts1.key.proof took 0 ms to parse. 
129869     WARN  main            d.u.i.k.n.ParsingFacade   Parsing time 416 ms. 
129869     DEBUG main            d.u.i.k.p.r.p.TestFile    ... success: reloaded. 
129870     INFO  main            d.u.i.k.p.r.p.TestFile    Now processing file /home/runner/work/key/key/key.core/../key.ui/examples/heap/block_loop_contracts/Finally/block_finally.key 
129870     INFO  main            d.u.i.k.p.i.AbstractProblemLoader Loading environment from /home/runner/work/key/key/key.core/../key.ui/examples/heap/block_loop_contracts/Finally/block_finally.key 
129871     DEBUG main            d.u.i.k.p.i.AbstractProblemLoader Environment load took 89.7ns 
129871     WARN  main            d.u.i.k.n.ParsingFacade   /home/runner/work/key/key/key.core/../key.ui/examples/heap/block_loop_contracts/Finally/block_finally.key took 0 ms to parse. 
129871     WARN  main            d.u.i.k.n.ParsingFacade   Parsing time 416 ms. 
129872     INFO  main            d.u.i.k.p.i.AbstractProblemLoader Creating init config 
130680     WARN  main            d.u.i.k.n.ParsingFacade   file:/home/runner/work/key/key/key.core/build/resources/main/de/uka/ilkd/key/java/JavaRedux/java/lang/String.key took 1 ms to parse. 
130680     WARN  main            d.u.i.k.n.ParsingFacade   Parsing time 417 ms. 
132298     DEBUG main            d.u.i.k.p.i.AbstractProblemLoader Init config took 2.43s 
132337     INFO  main            d.u.i.k.p.i.AbstractProblemLoader Replaying proof AuxiliaryContractsFinally[AuxiliaryContractsFinally::breakThrowContinueBlockContract(java.lang.Exception)].JML block contract.0 
132339     DEBUG main            d.u.i.k.p.i.IntermediateProofReplayer Proof replay took 10.9ns 
132339     WARN  main            d.u.i.k.n.ParsingFacade   /home/runner/work/key/key/key.core/../key.ui/examples/heap/block_loop_contracts/Finally/block_finally.key took 0 ms to parse. 
132339     WARN  main            d.u.i.k.n.ParsingFacade   Parsing time 417 ms. 
132842     INFO  main            d.u.i.k.p.r.p.TestFile    ... finished proof: open goal(s) 
133117     INFO  main            d.u.i.k.p.r.p.TestFile    Now processing file /home/runner/work/key/key/key.core/../key.ui/examples/heap/block_loop_contracts/Finally/loop_finally.key 
133117     INFO  main            d.u.i.k.p.i.AbstractProblemLoader Loading environment from /home/runner/work/key/key/key.core/../key.ui/examples/heap/block_loop_contracts/Finally/loop_finally.key 
133117     DEBUG main            d.u.i.k.p.i.AbstractProblemLoader Environment load took 69.8ns 
133118     WARN  main            d.u.i.k.n.ParsingFacade   /home/runner/work/key/key/key.core/../key.ui/examples/heap/block_loop_contracts/Finally/loop_finally.key took 0 ms to parse. 
133118     WARN  main            d.u.i.k.n.ParsingFacade   Parsing time 417 ms. 
133118     INFO  main            d.u.i.k.p.i.AbstractProblemLoader Creating init config 
133918     WARN  main            d.u.i.k.n.ParsingFacade   file:/home/runner/work/key/key/key.core/build/resources/main/de/uka/ilkd/key/java/JavaRedux/java/lang/String.key took 1 ms to parse. 
133919     WARN  main            d.u.i.k.n.ParsingFacade   Parsing time 418 ms. 
135484     DEBUG main            d.u.i.k.p.i.AbstractProblemLoader Init config took 2.37s 
135522     INFO  main            d.u.i.k.p.i.AbstractProblemLoader Replaying proof AuxiliaryContractsFinally[AuxiliaryContractsFinally::breakThrowContinueLoopContract(java.lang.Exception)].JML normal_behavior loop contract.0 
135524     DEBUG main            d.u.i.k.p.i.IntermediateProofReplayer Proof replay took 11.6ns 
135525     WARN  main            d.u.i.k.n.ParsingFacade   /home/runner/work/key/key/key.core/../key.ui/examples/heap/block_loop_contracts/Finally/loop_finally.key took 0 ms to parse. 
135525     WARN  main            d.u.i.k.n.ParsingFacade   Parsing time 418 ms. 
136138     INFO  main            d.u.i.k.p.r.p.TestFile    ... finished proof: open goal(s) 
636887     INFO  Test worker     d.u.i.k.p.r.RunAllProofsTestUnit Returning from test blockContracts 
636888     INFO  Test worker     d.u.i.k.p.r.RunAllProofsTestUnit Running test jmlAsserts 
333        INFO  Timeout watchdog d.u.i.k.p.r.p.ForkedTestFileRunner Timeout watcher launched (2000 secs.) 
337        WARN  main            d.u.i.k.s.ProofSettings   The settings in /home/runner/.key/proof-settings.props are *not* read. 
380        INFO  main            d.u.i.k.p.r.p.TestFile    Now processing file /home/runner/work/key/key/key.core/../key.ui/examples/standard_key/java_dl/jml-assert/assert.key 
513        INFO  main            d.u.i.k.p.i.AbstractProblemLoader Loading environment from /home/runner/work/key/key/key.core/../key.ui/examples/standard_key/java_dl/jml-assert/assert.key 
529        DEBUG main            d.u.i.k.p.i.AbstractProblemLoader Environment load took 2.2ms 
613        WARN  main            d.u.i.k.n.ParsingFacade   /home/runner/work/key/key/key.core/../key.ui/examples/standard_key/java_dl/jml-assert/assert.key took 11 ms to parse. 
613        WARN  main            d.u.i.k.n.ParsingFacade   Parsing time 11 ms. 
737        INFO  main            d.u.i.k.p.i.AbstractProblemLoader Creating init config 
747        WARN  main            d.u.i.k.n.ParsingFacade   file:/home/runner/work/key/key/key.core/build/resources/main/de/uka/ilkd/key/proof/rules/standardRules.key took 6 ms to parse. 
747        WARN  main            d.u.i.k.n.ParsingFacade   Parsing time 17 ms. 
759        WARN  main            d.u.i.k.n.ParsingFacade   file:/home/runner/work/key/key/key.core/build/resources/main/de/uka/ilkd/key/proof/rules/ldt.key took 2 ms to parse. 
759        WARN  main            d.u.i.k.n.ParsingFacade   Parsing time 19 ms. 
764        WARN  main            d.u.i.k.n.ParsingFacade   file:/home/runner/work/key/key/key.core/build/resources/main/de/uka/ilkd/key/proof/rules/boolean.key took 2 ms to parse. 
764        WARN  main            d.u.i.k.n.ParsingFacade   Parsing time 21 ms. 
780        WARN  main            d.u.i.k.n.ParsingFacade   file:/home/runner/work/key/key/key.core/build/resources/main/de/uka/ilkd/key/proof/rules/ruleSetsDeclarations.key took 7 ms to parse. 
780        WARN  main            d.u.i.k.n.ParsingFacade   Parsing time 28 ms. 
802        WARN  main            d.u.i.k.n.ParsingFacade   file:/home/runner/work/key/key/key.core/build/resources/main/de/uka/ilkd/key/proof/rules/integerHeader.key took 5 ms to parse. 
802        WARN  main            d.u.i.k.n.ParsingFacade   Parsing time 33 ms. 
804        WARN  main            d.u.i.k.n.ParsingFacade   file:/home/runner/work/key/key/key.core/build/resources/main/de/uka/ilkd/key/proof/rules/floatHeader.key took 2 ms to parse. 
804        WARN  main            d.u.i.k.n.ParsingFacade   Parsing time 35 ms. 
806        WARN  main            d.u.i.k.n.ParsingFacade   file:/home/runner/work/key/key/key.core/build/resources/main/de/uka/ilkd/key/proof/rules/heap.key took 1 ms to parse. 
806        WARN  main            d.u.i.k.n.ParsingFacade   Parsing time 36 ms. 
808        WARN  main            d.u.i.k.n.ParsingFacade   file:/home/runner/work/key/key/key.core/build/resources/main/de/uka/ilkd/key/proof/rules/locSets.key took 0 ms to parse. 
808        WARN  main            d.u.i.k.n.ParsingFacade   Parsing time 36 ms. 
809        WARN  main            d.u.i.k.n.ParsingFacade   file:/home/runner/work/key/key/key.core/build/resources/main/de/uka/ilkd/key/proof/rules/permission.key took 0 ms to parse. 
809        WARN  main            d.u.i.k.n.ParsingFacade   Parsing time 36 ms. 
810        WARN  main            d.u.i.k.n.ParsingFacade   file:/home/runner/work/key/key/key.core/build/resources/main/de/uka/ilkd/key/proof/rules/reach.key took 0 ms to parse. 
810        WARN  main            d.u.i.k.n.ParsingFacade   Parsing time 36 ms. 
810        WARN  main            d.u.i.k.n.ParsingFacade   file:/home/runner/work/key/key/key.core/build/resources/main/de/uka/ilkd/key/proof/rules/seq.key took 0 ms to parse. 
810        WARN  main            d.u.i.k.n.ParsingFacade   Parsing time 36 ms. 
841        WARN  main            d.u.i.k.n.ParsingFacade   file:/home/runner/work/key/key/key.core/build/resources/main/de/uka/ilkd/key/proof/rules/map.key took 30 ms to parse. 
845        WARN  main            d.u.i.k.n.ParsingFacade   Parsing time 66 ms. 
846        WARN  main            d.u.i.k.n.ParsingFacade   file:/home/runner/work/key/key/key.core/build/resources/main/de/uka/ilkd/key/proof/rules/freeADT.key took 0 ms to parse. 
846        WARN  main            d.u.i.k.n.ParsingFacade   Parsing time 66 ms. 
847        WARN  main            d.u.i.k.n.ParsingFacade   file:/home/runner/work/key/key/key.core/build/resources/main/de/uka/ilkd/key/proof/rules/wellfound.key took 0 ms to parse. 
847        WARN  main            d.u.i.k.n.ParsingFacade   Parsing time 66 ms. 
848        WARN  main            d.u.i.k.n.ParsingFacade   file:/home/runner/work/key/key/key.core/build/resources/main/de/uka/ilkd/key/proof/rules/charListHeader.key took 0 ms to parse. 
848        WARN  main            d.u.i.k.n.ParsingFacade   Parsing time 66 ms. 
994        WARN  main            d.u.i.k.n.ParsingFacade   file:/home/runner/work/key/key/key.core/build/resources/main/de/uka/ilkd/key/proof/rules/propRule.key took 4 ms to parse. 
995        WARN  main            d.u.i.k.n.ParsingFacade   Parsing time 70 ms. 
1017       WARN  main            d.u.i.k.n.ParsingFacade   file:/home/runner/work/key/key/key.core/build/resources/main/de/uka/ilkd/key/proof/rules/firstOrderRules.key took 3 ms to parse. 
1017       WARN  main            d.u.i.k.n.ParsingFacade   Parsing time 73 ms. 
1034       WARN  main            d.u.i.k.n.ParsingFacade   file:/home/runner/work/key/key/key.core/build/resources/main/de/uka/ilkd/key/proof/rules/ifThenElseRules.key took 4 ms to parse. 
1034       WARN  main            d.u.i.k.n.ParsingFacade   Parsing time 77 ms. 
1062       WARN  main            d.u.i.k.n.ParsingFacade   file:/home/runner/work/key/key/key.core/build/resources/main/de/uka/ilkd/key/proof/rules/formulaNormalisationRules.key took 10 ms to parse. 
1063       WARN  main            d.u.i.k.n.ParsingFacade   Parsing time 87 ms. 
1151       WARN  main            d.u.i.k.n.ParsingFacade   file:/home/runner/work/key/key/key.core/build/resources/main/de/uka/ilkd/key/proof/rules/updateRules.key took 3 ms to parse. 
1151       WARN  main            d.u.i.k.n.ParsingFacade   Parsing time 90 ms. 
1178       WARN  main            d.u.i.k.n.ParsingFacade   file:/home/runner/work/key/key/key.core/build/resources/main/de/uka/ilkd/key/proof/rules/integerRulesCommon.key took 8 ms to parse. 
1179       WARN  main            d.u.i.k.n.ParsingFacade   Parsing time 98 ms. 
1291       WARN  main            d.u.i.k.n.ParsingFacade   file:/home/runner/work/key/key/key.core/build/resources/main/de/uka/ilkd/key/proof/rules/intRules.key took 7 ms to parse. 
1291       WARN  main            d.u.i.k.n.ParsingFacade   Parsing time 105 ms. 
1319       WARN  main            d.u.i.k.n.ParsingFacade   file:/home/runner/work/key/key/key.core/build/resources/main/de/uka/ilkd/key/proof/rules/intRulesUncheckedSemantics.key took 2 ms to parse. 
1319       WARN  main            d.u.i.k.n.ParsingFacade   Parsing time 107 ms. 
1335       WARN  main            d.u.i.k.n.ParsingFacade   file:/home/runner/work/key/key/key.core/build/resources/main/de/uka/ilkd/key/proof/rules/intRulesCheckedSemantics.key took 1 ms to parse. 
1335       WARN  main            d.u.i.k.n.ParsingFacade   Parsing time 108 ms. 
1351       WARN  main            d.u.i.k.n.ParsingFacade   file:/home/runner/work/key/key/key.core/build/resources/main/de/uka/ilkd/key/proof/rules/intRulesJavaSemantics.key took 9 ms to parse. 
1351       WARN  main            d.u.i.k.n.ParsingFacade   Parsing time 117 ms. 
1393       WARN  main            d.u.i.k.n.ParsingFacade   file:/home/runner/work/key/key/key.core/build/resources/main/de/uka/ilkd/key/proof/rules/integerSimplificationRules.key took 31 ms to parse. 
1393       WARN  main            d.u.i.k.n.ParsingFacade   Parsing time 148 ms. 
1454       DEBUG main            d.u.i.k.j.TypeConverter   No LDT found for Meta 
1454       DEBUG main            d.u.i.k.j.TypeConverter   No LDT found for Meta 
1455       DEBUG main            d.u.i.k.j.TypeConverter   No LDT found for Meta 
1455       DEBUG main            d.u.i.k.j.TypeConverter   No LDT found for Meta 
1534       WARN  main            d.u.i.k.n.ParsingFacade   file:/home/runner/work/key/key/key.core/build/resources/main/de/uka/ilkd/key/proof/rules/intDiv.key took 8 ms to parse. 
1535       WARN  main            d.u.i.k.n.ParsingFacade   Parsing time 156 ms. 
1582       WARN  main            d.u.i.k.n.ParsingFacade   file:/home/runner/work/key/key/key.core/build/resources/main/de/uka/ilkd/key/proof/rules/bsum.key took 15 ms to parse. 
1583       WARN  main            d.u.i.k.n.ParsingFacade   Parsing time 171 ms. 
1635       WARN  main            d.u.i.k.n.ParsingFacade   file:/home/runner/work/key/key/key.core/build/resources/main/de/uka/ilkd/key/proof/rules/bprod.key took 3 ms to parse. 
1635       WARN  main            d.u.i.k.n.ParsingFacade   Parsing time 174 ms. 
1648       WARN  main            d.u.i.k.n.ParsingFacade   file:/home/runner/work/key/key/key.core/build/resources/main/de/uka/ilkd/key/proof/rules/binaryAxioms.key took 1 ms to parse. 
1648       WARN  main            d.u.i.k.n.ParsingFacade   Parsing time 175 ms. 
1655       WARN  main            d.u.i.k.n.ParsingFacade   file:/home/runner/work/key/key/key.core/build/resources/main/de/uka/ilkd/key/proof/rules/binaryLemmas.key took 2 ms to parse. 
1655       WARN  main            d.u.i.k.n.ParsingFacade   Parsing time 177 ms. 
1666       WARN  main            d.u.i.k.n.ParsingFacade   file:/home/runner/work/key/key/key.core/build/resources/main/de/uka/ilkd/key/proof/rules/intPow.key took 2 ms to parse. 
1667       WARN  main            d.u.i.k.n.ParsingFacade   Parsing time 179 ms. 
1685       WARN  main            d.u.i.k.n.ParsingFacade   file:/home/runner/work/key/key/key.core/build/resources/main/de/uka/ilkd/key/proof/rules/floatRulesCommon.key took 9 ms to parse. 
1685       WARN  main            d.u.i.k.n.ParsingFacade   Parsing time 188 ms. 
1698       WARN  main            d.u.i.k.n.ParsingFacade   file:/home/runner/work/key/key/key.core/build/resources/main/de/uka/ilkd/key/proof/rules/floatRules.key took 0 ms to parse. 
1698       WARN  main            d.u.i.k.n.ParsingFacade   Parsing time 188 ms. 
1699       WARN  main            d.u.i.k.n.ParsingFacade   file:/home/runner/work/key/key/key.core/build/resources/main/de/uka/ilkd/key/proof/rules/floatRulesVerifyNormal.key took 0 ms to parse. 
1699       WARN  main            d.u.i.k.n.ParsingFacade   Parsing time 188 ms. 
1705       WARN  main            d.u.i.k.n.ParsingFacade   file:/home/runner/work/key/key/key.core/build/resources/main/de/uka/ilkd/key/proof/rules/floatRulesAssumeStrictfp.key took 5 ms to parse. 
1705       WARN  main            d.u.i.k.n.ParsingFacade   Parsing time 193 ms. 
1770       WARN  main            d.u.i.k.n.ParsingFacade   file:/home/runner/work/key/key/key.core/build/resources/main/de/uka/ilkd/key/proof/rules/genericRules.key took 2 ms to parse. 
1770       WARN  main            d.u.i.k.n.ParsingFacade   Parsing time 195 ms. 
1781       WARN  main            d.u.i.k.n.ParsingFacade   file:/home/runner/work/key/key/key.core/build/resources/main/de/uka/ilkd/key/proof/rules/booleanRules.key took 1 ms to parse. 
1781       WARN  main            d.u.i.k.n.ParsingFacade   Parsing time 196 ms. 
1783       WARN  main            d.u.i.k.n.ParsingFacade   file:/home/runner/work/key/key/key.core/build/resources/main/de/uka/ilkd/key/proof/rules/epsilon.key took 0 ms to parse. 
1783       WARN  main            d.u.i.k.n.ParsingFacade   Parsing time 196 ms. 
1795       WARN  main            d.u.i.k.n.ParsingFacade   file:/home/runner/work/key/key/key.core/build/resources/main/de/uka/ilkd/key/proof/rules/locSetsRules.key took 9 ms to parse. 
1795       WARN  main            d.u.i.k.n.ParsingFacade   Parsing time 205 ms. 
1830       WARN  main            d.u.i.k.n.ParsingFacade   file:/home/runner/work/key/key/key.core/build/resources/main/de/uka/ilkd/key/proof/rules/heapRules.key took 8 ms to parse. 
1830       WARN  main            d.u.i.k.n.ParsingFacade   Parsing time 213 ms. 
1859       WARN  main            d.u.i.k.n.ParsingFacade   file:/home/runner/work/key/key/key.core/build/resources/main/de/uka/ilkd/key/proof/rules/permissionRules.key took 2 ms to parse. 
1860       WARN  main            d.u.i.k.n.ParsingFacade   Parsing time 215 ms. 
1872       WARN  main            d.u.i.k.n.ParsingFacade   file:/home/runner/work/key/key/key.core/build/resources/main/de/uka/ilkd/key/proof/rules/reachRules.key took 4 ms to parse. 
1872       WARN  main            d.u.i.k.n.ParsingFacade   Parsing time 219 ms. 
1884       WARN  main            d.u.i.k.n.ParsingFacade   file:/home/runner/work/key/key/key.core/build/resources/main/de/uka/ilkd/key/proof/rules/seqCoreRules.key took 1 ms to parse. 
1884       WARN  main            d.u.i.k.n.ParsingFacade   Parsing time 220 ms. 
1917       WARN  main            d.u.i.k.n.ParsingFacade   file:/home/runner/work/key/key/key.core/build/resources/main/de/uka/ilkd/key/proof/rules/seqRules.key took 6 ms to parse. 
1917       WARN  main            d.u.i.k.n.ParsingFacade   Parsing time 226 ms. 
1937       WARN  main            d.u.i.k.n.ParsingFacade   file:/home/runner/work/key/key/key.core/build/resources/main/de/uka/ilkd/key/proof/rules/seqPerm.key took 4 ms to parse. 
1937       WARN  main            d.u.i.k.n.ParsingFacade   Parsing time 230 ms. 
1949       WARN  main            d.u.i.k.n.ParsingFacade   file:/home/runner/work/key/key/key.core/build/resources/main/de/uka/ilkd/key/proof/rules/seqPerm2.key took 0 ms to parse. 
1949       WARN  main            d.u.i.k.n.ParsingFacade   Parsing time 230 ms. 
2046       WARN  main            d.u.i.k.n.ParsingFacade   file:/home/runner/work/key/key/key.core/build/resources/main/de/uka/ilkd/key/proof/rules/javaRules.key took 92 ms to parse. 
2046       WARN  main            d.u.i.k.n.ParsingFacade   Parsing time 322 ms. 
2054       WARN  main            d.u.i.k.n.ParsingFacade   file:/home/runner/work/key/key/key.core/build/resources/main/de/uka/ilkd/key/proof/rules/assertions.key took 1 ms to parse. 
2054       WARN  main            d.u.i.k.n.ParsingFacade   Parsing time 323 ms. 
2614       WARN  main            d.u.i.k.n.ParsingFacade   file:/home/runner/work/key/key/key.core/build/resources/main/de/uka/ilkd/key/proof/rules/loopRules.key took 2 ms to parse. 
2614       WARN  main            d.u.i.k.n.ParsingFacade   Parsing time 325 ms. 
2624       WARN  main            d.u.i.k.n.ParsingFacade   file:/home/runner/work/key/key/key.core/build/resources/main/de/uka/ilkd/key/proof/rules/activeUse.key took 2 ms to parse. 
2624       WARN  main            d.u.i.k.n.ParsingFacade   Parsing time 327 ms. 
2661       WARN  main            d.u.i.k.n.ParsingFacade   file:/home/runner/work/key/key/key.core/build/resources/main/de/uka/ilkd/key/proof/rules/instanceAllocation.key took 4 ms to parse. 
2662       WARN  main            d.u.i.k.n.ParsingFacade   Parsing time 331 ms. 
2673       WARN  main            d.u.i.k.n.ParsingFacade   file:/home/runner/work/key/key/key.core/build/resources/main/de/uka/ilkd/key/proof/rules/java5.key took 0 ms to parse. 
2673       WARN  main            d.u.i.k.n.ParsingFacade   Parsing time 331 ms. 
2679       WARN  main            d.u.i.k.n.ParsingFacade   file:/home/runner/work/key/key/key.core/build/resources/main/de/uka/ilkd/key/proof/rules/integerAssignment2UpdateRules.key took 4 ms to parse. 
2679       WARN  main            d.u.i.k.n.ParsingFacade   Parsing time 335 ms. 
2708       WARN  main            d.u.i.k.n.ParsingFacade   file:/home/runner/work/key/key/key.core/build/resources/main/de/uka/ilkd/key/proof/rules/floatAssignment2UpdateRules.key took 4 ms to parse. 
2709       WARN  main            d.u.i.k.n.ParsingFacade   Parsing time 339 ms. 
2727       WARN  main            d.u.i.k.n.ParsingFacade   file:/home/runner/work/key/key/key.core/build/resources/main/de/uka/ilkd/key/proof/rules/bigint.key took 1 ms to parse. 
2727       WARN  main            d.u.i.k.n.ParsingFacade   Parsing time 340 ms. 
2736       DEBUG main            d.u.i.k.j.TypeConverter   No LDT found for JavaBigintExpression 
2740       WARN  main            d.u.i.k.n.ParsingFacade   file:/home/runner/work/key/key/key.core/build/resources/main/de/uka/ilkd/key/proof/rules/adtProgramDecompositionRules.key took 1 ms to parse. 
2740       WARN  main            d.u.i.k.n.ParsingFacade   Parsing time 341 ms. 
2755       WARN  main            d.u.i.k.n.ParsingFacade   file:/home/runner/work/key/key/key.core/build/resources/main/de/uka/ilkd/key/proof/rules/precRules.key took 1 ms to parse. 
2755       WARN  main            d.u.i.k.n.ParsingFacade   Parsing time 342 ms. 
2759       WARN  main            d.u.i.k.n.ParsingFacade   file:/home/runner/work/key/key/key.core/build/resources/main/de/uka/ilkd/key/proof/rules/charListRules.key took 2 ms to parse. 
2760       WARN  main            d.u.i.k.n.ParsingFacade   Parsing time 344 ms. 
2769       WARN  main            d.u.i.k.n.ParsingFacade   file:/home/runner/work/key/key/key.core/build/resources/main/de/uka/ilkd/key/proof/rules/regExTheory.key took 0 ms to parse. 
2769       WARN  main            d.u.i.k.n.ParsingFacade   Parsing time 344 ms. 
2770       WARN  main            d.u.i.k.n.ParsingFacade   file:/home/runner/work/key/key/key.core/build/resources/main/de/uka/ilkd/key/proof/rules/regExHeader.key took 0 ms to parse. 
2770       WARN  main            d.u.i.k.n.ParsingFacade   Parsing time 344 ms. 
2771       WARN  main            d.u.i.k.n.ParsingFacade   file:/home/runner/work/key/key/key.core/build/resources/main/de/uka/ilkd/key/proof/rules/regExAxioms.key took 0 ms to parse. 
2772       WARN  main            d.u.i.k.n.ParsingFacade   Parsing time 344 ms. 
2775       WARN  main            d.u.i.k.n.ParsingFacade   file:/home/runner/work/key/key/key.core/build/resources/main/de/uka/ilkd/key/proof/rules/regExLemmaProven.key took 1 ms to parse. 
2775       WARN  main            d.u.i.k.n.ParsingFacade   Parsing time 345 ms. 
2780       WARN  main            d.u.i.k.n.ParsingFacade   file:/home/runner/work/key/key/key.core/build/resources/main/de/uka/ilkd/key/proof/rules/seqEq.key took 1 ms to parse. 
2780       WARN  main            d.u.i.k.n.ParsingFacade   Parsing time 346 ms. 
2786       WARN  main            d.u.i.k.n.ParsingFacade   file:/home/runner/work/key/key/key.core/build/resources/main/de/uka/ilkd/key/proof/rules/infFlow.key took 1 ms to parse. 
2786       WARN  main            d.u.i.k.n.ParsingFacade   Parsing time 347 ms. 
2790       WARN  main            d.u.i.k.n.ParsingFacade   file:/home/runner/work/key/key/key.core/build/resources/main/de/uka/ilkd/key/proof/rules/mapSize.key took 1 ms to parse. 
2790       WARN  main            d.u.i.k.n.ParsingFacade   Parsing time 348 ms. 
2821       WARN  main            d.u.i.k.n.ParsingFacade   file:/home/runner/work/key/key/key.core/build/resources/main/de/uka/ilkd/key/proof/rules/wd.key took 1 ms to parse. 
2821       WARN  main            d.u.i.k.n.ParsingFacade   Parsing time 349 ms. 
2823       WARN  main            d.u.i.k.n.ParsingFacade   file:/home/runner/work/key/key/key.core/build/resources/main/de/uka/ilkd/key/proof/rules/wdHeader.key took 1 ms to parse. 
2823       WARN  main            d.u.i.k.n.ParsingFacade   Parsing time 350 ms. 
2824       WARN  main            d.u.i.k.n.ParsingFacade   file:/home/runner/work/key/key/key.core/build/resources/main/de/uka/ilkd/key/proof/rules/wdGeneralRules.key took 0 ms to parse. 
2824       WARN  main            d.u.i.k.n.ParsingFacade   Parsing time 350 ms. 
2832       WARN  main            d.u.i.k.n.ParsingFacade   file:/home/runner/work/key/key/key.core/build/resources/main/de/uka/ilkd/key/proof/rules/wdNumericalRules.key took 4 ms to parse. 
2832       WARN  main            d.u.i.k.n.ParsingFacade   Parsing time 354 ms. 
2849       WARN  main            d.u.i.k.n.ParsingFacade   file:/home/runner/work/key/key/key.core/build/resources/main/de/uka/ilkd/key/proof/rules/wdLocSetRules.key took 1 ms to parse. 
2849       WARN  main            d.u.i.k.n.ParsingFacade   Parsing time 355 ms. 
2854       WARN  main            d.u.i.k.n.ParsingFacade   file:/home/runner/work/key/key/key.core/build/resources/main/de/uka/ilkd/key/proof/rules/wdHeapRules.key took 1 ms to parse. 
2854       WARN  main            d.u.i.k.n.ParsingFacade   Parsing time 356 ms. 
2857       WARN  main            d.u.i.k.n.ParsingFacade   file:/home/runner/work/key/key/key.core/build/resources/main/de/uka/ilkd/key/proof/rules/wdReachRules.key took 0 ms to parse. 
2857       WARN  main            d.u.i.k.n.ParsingFacade   Parsing time 356 ms. 
2859       WARN  main            d.u.i.k.n.ParsingFacade   file:/home/runner/work/key/key/key.core/build/resources/main/de/uka/ilkd/key/proof/rules/wdSeqRules.key took 1 ms to parse. 
2859       WARN  main            d.u.i.k.n.ParsingFacade   Parsing time 357 ms. 
2862       WARN  main            d.u.i.k.n.ParsingFacade   file:/home/runner/work/key/key/key.core/build/resources/main/de/uka/ilkd/key/proof/rules/wdStringRules.key took 1 ms to parse. 
2862       WARN  main            d.u.i.k.n.ParsingFacade   Parsing time 358 ms. 
2865       WARN  main            d.u.i.k.n.ParsingFacade   file:/home/runner/work/key/key/key.core/build/resources/main/de/uka/ilkd/key/proof/rules/wdRegExRules.key took 1 ms to parse. 
2865       WARN  main            d.u.i.k.n.ParsingFacade   Parsing time 359 ms. 
2868       WARN  main            d.u.i.k.n.ParsingFacade   file:/home/runner/work/key/key/key.core/build/resources/main/de/uka/ilkd/key/proof/rules/wdFormulaRules.key took 2 ms to parse. 
2868       WARN  main            d.u.i.k.n.ParsingFacade   Parsing time 361 ms. 
2877       WARN  main            d.u.i.k.n.ParsingFacade   file:/home/runner/work/key/key/key.core/build/resources/main/de/uka/ilkd/key/proof/rules/loopInvariantRules.key took 0 ms to parse. 
2878       WARN  main            d.u.i.k.n.ParsingFacade   Parsing time 361 ms. 
2879       WARN  main            d.u.i.k.n.ParsingFacade   file:/home/runner/work/key/key/key.core/build/resources/main/de/uka/ilkd/key/proof/rules/forLoopRules.key took 0 ms to parse. 
2879       WARN  main            d.u.i.k.n.ParsingFacade   Parsing time 361 ms. 
2886       WARN  main            d.u.i.k.n.ParsingFacade   file:/home/runner/work/key/key/key.core/build/resources/main/de/uka/ilkd/key/proof/rules/execRules.key took 3 ms to parse. 
2887       WARN  main            d.u.i.k.n.ParsingFacade   Parsing time 364 ms. 
2968       WARN  main            d.u.i.k.n.ParsingFacade   file:/home/runner/work/key/key/key.core/build/resources/main/de/uka/ilkd/key/proof/rules/loopScopeRules.key took 2 ms to parse. 
2969       WARN  main            d.u.i.k.n.ParsingFacade   Parsing time 366 ms. 
6412       WARN  main            d.u.i.k.n.ParsingFacade   file:/home/runner/work/key/key/key.core/build/resources/main/de/uka/ilkd/key/java/JavaRedux/java/lang/String.key took 3 ms to parse. 
6413       WARN  main            d.u.i.k.n.ParsingFacade   Parsing time 369 ms. 
8555       DEBUG main            d.u.i.k.p.i.AbstractProblemLoader Init config took 7.82s 
8677       INFO  main            d.u.i.k.p.i.AbstractProblemLoader Replaying proof Assert[Assert::createArray(int)].JML normal_behavior operation contract.0 
8739       DEBUG main            d.u.i.k.p.i.IntermediateProofReplayer Proof replay took 36ns 
8741       WARN  main            d.u.i.k.n.ParsingFacade   /home/runner/work/key/key/key.core/../key.ui/examples/standard_key/java_dl/jml-assert/assert.key took 0 ms to parse. 
8741       WARN  main            d.u.i.k.n.ParsingFacade   Parsing time 369 ms. 
9669       INFO  main            d.u.i.k.p.r.p.TestFile    ... finished proof: closed. 
9781       INFO  main            d.u.i.k.p.i.AbstractProblemLoader Loading environment from /home/runner/work/key/key/key.core/../key.ui/examples/standard_key/java_dl/jml-assert/assert.key.proof 
9781       DEBUG main            d.u.i.k.p.i.AbstractProblemLoader Environment load took 142.4ns 
9782       WARN  main            d.u.i.k.n.ParsingFacade   /home/runner/work/key/key/key.core/../key.ui/examples/standard_key/java_dl/jml-assert/assert.key.proof took 0 ms to parse. 
9782       WARN  main            d.u.i.k.n.ParsingFacade   Parsing time 369 ms. 
9783       INFO  main            d.u.i.k.p.i.AbstractProblemLoader Creating init config 
10869      WARN  main            d.u.i.k.n.ParsingFacade   file:/home/runner/work/key/key/key.core/build/resources/main/de/uka/ilkd/key/java/JavaRedux/java/lang/String.key took 1 ms to parse. 
10870      WARN  main            d.u.i.k.n.ParsingFacade   Parsing time 370 ms. 
12731      DEBUG main            d.u.i.k.p.i.AbstractProblemLoader Init config took 2.95s 
12795      INFO  main            d.u.i.k.p.i.AbstractProblemLoader Replaying proof Assert[Assert::createArray(int)].JML normal_behavior operation contract.0 
12890      DEBUG main            d.u.i.k.p.i.IntermediateProofReplayer Proof replay took 89.32ms 
12891      WARN  main            d.u.i.k.n.ParsingFacade   /home/runner/work/key/key/key.core/../key.ui/examples/standard_key/java_dl/jml-assert/assert.key.proof took 0 ms to parse. 
12892      WARN  main            d.u.i.k.n.ParsingFacade   Parsing time 370 ms. 
12898      DEBUG main            d.u.i.k.p.r.p.TestFile    ... success: reloaded. 
12900      INFO  main            d.u.i.k.p.r.p.TestFile    Now processing file /home/runner/work/key/key/key.core/../key.ui/examples/heap/block_loop_contracts/Free/assertions0.key 
12900      INFO  main            d.u.i.k.p.i.AbstractProblemLoader Loading environment from /home/runner/work/key/key/key.core/../key.ui/examples/heap/block_loop_contracts/Free/assertions0.key 
12900      DEBUG main            d.u.i.k.p.i.AbstractProblemLoader Environment load took 220.4ns 
12901      WARN  main            d.u.i.k.n.ParsingFacade   /home/runner/work/key/key/key.core/../key.ui/examples/heap/block_loop_contracts/Free/assertions0.key took 0 ms to parse. 
12901      WARN  main            d.u.i.k.n.ParsingFacade   Parsing time 370 ms. 
12902      INFO  main            d.u.i.k.p.i.AbstractProblemLoader Creating init config 
13785      WARN  main            d.u.i.k.n.ParsingFacade   file:/home/runner/work/key/key/key.core/build/resources/main/de/uka/ilkd/key/java/JavaRedux/java/lang/String.key took 1 ms to parse. 
13785      WARN  main            d.u.i.k.n.ParsingFacade   Parsing time 371 ms. 
15547      DEBUG main            d.u.i.k.p.i.AbstractProblemLoader Init config took 2.64s 
15602      INFO  main            d.u.i.k.p.i.AbstractProblemLoader Replaying proof FreeConditions[FreeConditions::assertions0()].JML normal_behavior operation contract.0 
15606      DEBUG main            d.u.i.k.p.i.IntermediateProofReplayer Proof replay took 13.5ns 
15607      WARN  main            d.u.i.k.n.ParsingFacade   /home/runner/work/key/key/key.core/../key.ui/examples/heap/block_loop_contracts/Free/assertions0.key took 0 ms to parse. 
15607      WARN  main            d.u.i.k.n.ParsingFacade   Parsing time 371 ms. 
15709      INFO  main            d.u.i.k.p.r.p.TestFile    ... finished proof: closed. 
15829      INFO  main            d.u.i.k.p.i.AbstractProblemLoader Loading environment from /home/runner/work/key/key/key.core/../key.ui/examples/heap/block_loop_contracts/Free/assertions0.key.proof 
15829      DEBUG main            d.u.i.k.p.i.AbstractProblemLoader Environment load took 128ns 
15830      WARN  main            d.u.i.k.n.ParsingFacade   /home/runner/work/key/key/key.core/../key.ui/examples/heap/block_loop_contracts/Free/assertions0.key.proof took 1 ms to parse. 
15830      WARN  main            d.u.i.k.n.ParsingFacade   Parsing time 372 ms. 
15831      INFO  main            d.u.i.k.p.i.AbstractProblemLoader Creating init config 
16708      WARN  main            d.u.i.k.n.ParsingFacade   file:/home/runner/work/key/key/key.core/build/resources/main/de/uka/ilkd/key/java/JavaRedux/java/lang/String.key took 2 ms to parse. 
16708      WARN  main            d.u.i.k.n.ParsingFacade   Parsing time 374 ms. 
18382      DEBUG main            d.u.i.k.p.i.AbstractProblemLoader Init config took 2.55s 
18431      INFO  main            d.u.i.k.p.i.AbstractProblemLoader Replaying proof FreeConditions[FreeConditions::assertions0()].JML normal_behavior operation contract.0 
18456      DEBUG main            d.u.i.k.p.i.IntermediateProofReplayer Proof replay took 22.28ms 
18457      WARN  main            d.u.i.k.n.ParsingFacade   /home/runner/work/key/key/key.core/../key.ui/examples/heap/block_loop_contracts/Free/assertions0.key.proof took 0 ms to parse. 
18457      WARN  main            d.u.i.k.n.ParsingFacade   Parsing time 374 ms. 
18458      DEBUG main            d.u.i.k.p.r.p.TestFile    ... success: reloaded. 
18459      INFO  main            d.u.i.k.p.r.p.TestFile    Now processing file /home/runner/work/key/key/key.core/../key.ui/examples/heap/block_loop_contracts/Free/assertions1.key 
18459      INFO  main            d.u.i.k.p.i.AbstractProblemLoader Loading environment from /home/runner/work/key/key/key.core/../key.ui/examples/heap/block_loop_contracts/Free/assertions1.key 
18459      DEBUG main            d.u.i.k.p.i.AbstractProblemLoader Environment load took 207.2ns 
18460      WARN  main            d.u.i.k.n.ParsingFacade   /home/runner/work/key/key/key.core/../key.ui/examples/heap/block_loop_contracts/Free/assertions1.key took 0 ms to parse. 
18460      WARN  main            d.u.i.k.n.ParsingFacade   Parsing time 374 ms. 
18461      INFO  main            d.u.i.k.p.i.AbstractProblemLoader Creating init config 
19348      WARN  main            d.u.i.k.n.ParsingFacade   file:/home/runner/work/key/key/key.core/build/resources/main/de/uka/ilkd/key/java/JavaRedux/java/lang/String.key took 1 ms to parse. 
19348      WARN  main            d.u.i.k.n.ParsingFacade   Parsing time 375 ms. 
21051      DEBUG main            d.u.i.k.p.i.AbstractProblemLoader Init config took 2.59s 
21097      INFO  main            d.u.i.k.p.i.AbstractProblemLoader Replaying proof FreeConditions[FreeConditions::assertions1()].JML normal_behavior operation contract.0 
21100      DEBUG main            d.u.i.k.p.i.IntermediateProofReplayer Proof replay took 13.2ns 
21100      WARN  main            d.u.i.k.n.ParsingFacade   /home/runner/work/key/key/key.core/../key.ui/examples/heap/block_loop_contracts/Free/assertions1.key took 0 ms to parse. 
21101      WARN  main            d.u.i.k.n.ParsingFacade   Parsing time 375 ms. 
21204      INFO  main            d.u.i.k.p.r.p.TestFile    ... finished proof: closed. 
21377      INFO  main            d.u.i.k.p.i.AbstractProblemLoader Loading environment from /home/runner/work/key/key/key.core/../key.ui/examples/heap/block_loop_contracts/Free/assertions1.key.proof 
21378      DEBUG main            d.u.i.k.p.i.AbstractProblemLoader Environment load took 112.9ns 
21378      WARN  main            d.u.i.k.n.ParsingFacade   /home/runner/work/key/key/key.core/../key.ui/examples/heap/block_loop_contracts/Free/assertions1.key.proof took 0 ms to parse. 
21378      WARN  main            d.u.i.k.n.ParsingFacade   Parsing time 375 ms. 
21384      INFO  main            d.u.i.k.p.i.AbstractProblemLoader Creating init config 
22209      WARN  main            d.u.i.k.n.ParsingFacade   file:/home/runner/work/key/key/key.core/build/resources/main/de/uka/ilkd/key/java/JavaRedux/java/lang/String.key took 1 ms to parse. 
22209      WARN  main            d.u.i.k.n.ParsingFacade   Parsing time 376 ms. 
23881      DEBUG main            d.u.i.k.p.i.AbstractProblemLoader Init config took 2.5s 
23924      INFO  main            d.u.i.k.p.i.AbstractProblemLoader Replaying proof FreeConditions[FreeConditions::assertions1()].JML normal_behavior operation contract.0 
23931      DEBUG main            d.u.i.k.p.i.IntermediateProofReplayer Proof replay took 5.18ms 
23932      WARN  main            d.u.i.k.n.ParsingFacade   /home/runner/work/key/key/key.core/../key.ui/examples/heap/block_loop_contracts/Free/assertions1.key.proof took 0 ms to parse. 
23932      WARN  main            d.u.i.k.n.ParsingFacade   Parsing time 376 ms. 
23933      DEBUG main            d.u.i.k.p.r.p.TestFile    ... success: reloaded. 
23934      INFO  main            d.u.i.k.p.r.p.TestFile    Now processing file /home/runner/work/key/key/key.core/../key.ui/examples/standard_key/java_dl/jml-assert/recursion-assert.key 
23934      INFO  main            d.u.i.k.p.i.AbstractProblemLoader Loading environment from /home/runner/work/key/key/key.core/../key.ui/examples/standard_key/java_dl/jml-assert/recursion-assert.key 
23934      DEBUG main            d.u.i.k.p.i.AbstractProblemLoader Environment load took 243.31ns 
23935      WARN  main            d.u.i.k.n.ParsingFacade   /home/runner/work/key/key/key.core/../key.ui/examples/standard_key/java_dl/jml-assert/recursion-assert.key took 0 ms to parse. 
23935      WARN  main            d.u.i.k.n.ParsingFacade   Parsing time 376 ms. 
23936      INFO  main            d.u.i.k.p.i.AbstractProblemLoader Creating init config 
24825      WARN  main            d.u.i.k.n.ParsingFacade   file:/home/runner/work/key/key/key.core/build/resources/main/de/uka/ilkd/key/java/JavaRedux/java/lang/String.key took 2 ms to parse. 
24825      WARN  main            d.u.i.k.n.ParsingFacade   Parsing time 378 ms. 
26575      DEBUG main            d.u.i.k.p.i.AbstractProblemLoader Init config took 2.64s 
26621      INFO  main            d.u.i.k.p.i.AbstractProblemLoader Replaying proof RecursiveMethod[RecursiveMethod::fac1(int)].JML normal_behavior operation contract.0 
26624      DEBUG main            d.u.i.k.p.i.IntermediateProofReplayer Proof replay took 5.9ns 
26625      WARN  main            d.u.i.k.n.ParsingFacade   /home/runner/work/key/key/key.core/../key.ui/examples/standard_key/java_dl/jml-assert/recursion-assert.key took 0 ms to parse. 
26625      WARN  main            d.u.i.k.n.ParsingFacade   Parsing time 378 ms. 
26829      INFO  main            d.u.i.k.p.r.p.TestFile    ... finished proof: closed. 
26993      INFO  main            d.u.i.k.p.i.AbstractProblemLoader Loading environment from /home/runner/work/key/key/key.core/../key.ui/examples/standard_key/java_dl/jml-assert/recursion-assert.key.proof 
26994      DEBUG main            d.u.i.k.p.i.AbstractProblemLoader Environment load took 107.3ns 
26994      WARN  main            d.u.i.k.n.ParsingFacade   /home/runner/work/key/key/key.core/../key.ui/examples/standard_key/java_dl/jml-assert/recursion-assert.key.proof took 0 ms to parse. 
26994      WARN  main            d.u.i.k.n.ParsingFacade   Parsing time 378 ms. 
26995      INFO  main            d.u.i.k.p.i.AbstractProblemLoader Creating init config 
27907      WARN  main            d.u.i.k.n.ParsingFacade   file:/home/runner/work/key/key/key.core/build/resources/main/de/uka/ilkd/key/java/JavaRedux/java/lang/String.key took 1 ms to parse. 
27908      WARN  main            d.u.i.k.n.ParsingFacade   Parsing time 379 ms. 
29595      DEBUG main            d.u.i.k.p.i.AbstractProblemLoader Init config took 2.6s 
29639      INFO  main            d.u.i.k.p.i.AbstractProblemLoader Replaying proof RecursiveMethod[RecursiveMethod::fac1(int)].JML normal_behavior operation contract.0 
29681      DEBUG main            d.u.i.k.p.i.IntermediateProofReplayer Proof replay took 40.08ms 
29682      WARN  main            d.u.i.k.n.ParsingFacade   /home/runner/work/key/key/key.core/../key.ui/examples/standard_key/java_dl/jml-assert/recursion-assert.key.proof took 0 ms to parse. 
29682      WARN  main            d.u.i.k.n.ParsingFacade   Parsing time 379 ms. 
29683      DEBUG main            d.u.i.k.p.r.p.TestFile    ... success: reloaded. 
29684      INFO  main            d.u.i.k.p.r.p.TestFile    Now processing file /home/runner/work/key/key/key.core/../key.ui/examples/standard_key/java_dl/jml-assert/recursion-assume.key 
29684      INFO  main            d.u.i.k.p.i.AbstractProblemLoader Loading environment from /home/runner/work/key/key/key.core/../key.ui/examples/standard_key/java_dl/jml-assert/recursion-assume.key 
29685      DEBUG main            d.u.i.k.p.i.AbstractProblemLoader Environment load took 212.9ns 
29685      WARN  main            d.u.i.k.n.ParsingFacade   /home/runner/work/key/key/key.core/../key.ui/examples/standard_key/java_dl/jml-assert/recursion-assume.key took 0 ms to parse. 
29685      WARN  main            d.u.i.k.n.ParsingFacade   Parsing time 379 ms. 
29686      INFO  main            d.u.i.k.p.i.AbstractProblemLoader Creating init config 
30567      WARN  main            d.u.i.k.n.ParsingFacade   file:/home/runner/work/key/key/key.core/build/resources/main/de/uka/ilkd/key/java/JavaRedux/java/lang/String.key took 1 ms to parse. 
30568      WARN  main            d.u.i.k.n.ParsingFacade   Parsing time 380 ms. 
32300      DEBUG main            d.u.i.k.p.i.AbstractProblemLoader Init config took 2.61s 
32357      INFO  main            d.u.i.k.p.i.AbstractProblemLoader Replaying proof RecursiveMethod[RecursiveMethod::fac2(int)].JML normal_behavior operation contract.0 
32359      DEBUG main            d.u.i.k.p.i.IntermediateProofReplayer Proof replay took 5.9ns 
32359      WARN  main            d.u.i.k.n.ParsingFacade   /home/runner/work/key/key/key.core/../key.ui/examples/standard_key/java_dl/jml-assert/recursion-assume.key took 0 ms to parse. 
32359      WARN  main            d.u.i.k.n.ParsingFacade   Parsing time 380 ms. 
32561      INFO  main            d.u.i.k.p.r.p.TestFile    ... finished proof: closed. 
32736      INFO  main            d.u.i.k.p.i.AbstractProblemLoader Loading environment from /home/runner/work/key/key/key.core/../key.ui/examples/standard_key/java_dl/jml-assert/recursion-assume.key.proof 
32736      DEBUG main            d.u.i.k.p.i.AbstractProblemLoader Environment load took 119.2ns 
32736      WARN  main            d.u.i.k.n.ParsingFacade   /home/runner/work/key/key/key.core/../key.ui/examples/standard_key/java_dl/jml-assert/recursion-assume.key.proof took 0 ms to parse. 
32736      WARN  main            d.u.i.k.n.ParsingFacade   Parsing time 380 ms. 
32737      INFO  main            d.u.i.k.p.i.AbstractProblemLoader Creating init config 
33591      WARN  main            d.u.i.k.n.ParsingFacade   file:/home/runner/work/key/key/key.core/build/resources/main/de/uka/ilkd/key/java/JavaRedux/java/lang/String.key took 1 ms to parse. 
33591      WARN  main            d.u.i.k.n.ParsingFacade   Parsing time 381 ms. 
35281      DEBUG main            d.u.i.k.p.i.AbstractProblemLoader Init config took 2.54s 
35324      INFO  main            d.u.i.k.p.i.AbstractProblemLoader Replaying proof RecursiveMethod[RecursiveMethod::fac2(int)].JML normal_behavior operation contract.0 
35363      DEBUG main            d.u.i.k.p.i.IntermediateProofReplayer Proof replay took 36.2ms 
35364      WARN  main            d.u.i.k.n.ParsingFacade   /home/runner/work/key/key/key.core/../key.ui/examples/standard_key/java_dl/jml-assert/recursion-assume.key.proof took 0 ms to parse. 
35364      WARN  main            d.u.i.k.n.ParsingFacade   Parsing time 381 ms. 
35365      DEBUG main            d.u.i.k.p.r.p.TestFile    ... success: reloaded. 
35366      INFO  main            d.u.i.k.p.r.p.TestFile    Now processing file /home/runner/work/key/key/key.core/../key.ui/examples/standard_key/java_dl/jml-assert/quantor-assert.key 
35366      INFO  main            d.u.i.k.p.i.AbstractProblemLoader Loading environment from /home/runner/work/key/key/key.core/../key.ui/examples/standard_key/java_dl/jml-assert/quantor-assert.key 
35366      DEBUG main            d.u.i.k.p.i.AbstractProblemLoader Environment load took 211.1ns 
35367      WARN  main            d.u.i.k.n.ParsingFacade   /home/runner/work/key/key/key.core/../key.ui/examples/standard_key/java_dl/jml-assert/quantor-assert.key took 0 ms to parse. 
35367      WARN  main            d.u.i.k.n.ParsingFacade   Parsing time 381 ms. 
35368      INFO  main            d.u.i.k.p.i.AbstractProblemLoader Creating init config 
36264      WARN  main            d.u.i.k.n.ParsingFacade   file:/home/runner/work/key/key/key.core/build/resources/main/de/uka/ilkd/key/java/JavaRedux/java/lang/String.key took 1 ms to parse. 
36264      WARN  main            d.u.i.k.n.ParsingFacade   Parsing time 382 ms. 
37985      DEBUG main            d.u.i.k.p.i.AbstractProblemLoader Init config took 2.62s 
38028      INFO  main            d.u.i.k.p.i.AbstractProblemLoader Replaying proof Quantor[Quantor::square1(int)].JML normal_behavior operation contract.0 
38029      DEBUG main            d.u.i.k.p.i.IntermediateProofReplayer Proof replay took 5.4ns 
38030      WARN  main            d.u.i.k.n.ParsingFacade   /home/runner/work/key/key/key.core/../key.ui/examples/standard_key/java_dl/jml-assert/quantor-assert.key took 0 ms to parse. 
38030      WARN  main            d.u.i.k.n.ParsingFacade   Parsing time 382 ms. 
38132      INFO  main            d.u.i.k.p.r.p.TestFile    ... finished proof: closed. 
38344      INFO  main            d.u.i.k.p.i.AbstractProblemLoader Loading environment from /home/runner/work/key/key/key.core/../key.ui/examples/standard_key/java_dl/jml-assert/quantor-assert.key.proof 
38345      DEBUG main            d.u.i.k.p.i.AbstractProblemLoader Environment load took 115.2ns 
38345      WARN  main            d.u.i.k.n.ParsingFacade   /home/runner/work/key/key/key.core/../key.ui/examples/standard_key/java_dl/jml-assert/quantor-assert.key.proof took 0 ms to parse. 
38345      WARN  main            d.u.i.k.n.ParsingFacade   Parsing time 382 ms. 
38346      INFO  main            d.u.i.k.p.i.AbstractProblemLoader Creating init config 
39218      WARN  main            d.u.i.k.n.ParsingFacade   file:/home/runner/work/key/key/key.core/build/resources/main/de/uka/ilkd/key/java/JavaRedux/java/lang/String.key took 1 ms to parse. 
39218      WARN  main            d.u.i.k.n.ParsingFacade   Parsing time 383 ms. 
40911      DEBUG main            d.u.i.k.p.i.AbstractProblemLoader Init config took 2.56s 
40951      INFO  main            d.u.i.k.p.i.AbstractProblemLoader Replaying proof Quantor[Quantor::square1(int)].JML normal_behavior operation contract.0 
40972      DEBUG main            d.u.i.k.p.i.IntermediateProofReplayer Proof replay took 17.22ms 
40972      WARN  main            d.u.i.k.n.ParsingFacade   /home/runner/work/key/key/key.core/../key.ui/examples/standard_key/java_dl/jml-assert/quantor-assert.key.proof took 0 ms to parse. 
40972      WARN  main            d.u.i.k.n.ParsingFacade   Parsing time 383 ms. 
40973      DEBUG main            d.u.i.k.p.r.p.TestFile    ... success: reloaded. 
40973      INFO  main            d.u.i.k.p.r.p.TestFile    Now processing file /home/runner/work/key/key/key.core/../key.ui/examples/standard_key/java_dl/jml-assert/quantor-assume.key 
40974      INFO  main            d.u.i.k.p.i.AbstractProblemLoader Loading environment from /home/runner/work/key/key/key.core/../key.ui/examples/standard_key/java_dl/jml-assert/quantor-assume.key 
40974      DEBUG main            d.u.i.k.p.i.AbstractProblemLoader Environment load took 91ns 
40974      WARN  main            d.u.i.k.n.ParsingFacade   /home/runner/work/key/key/key.core/../key.ui/examples/standard_key/java_dl/jml-assert/quantor-assume.key took 0 ms to parse. 
40974      WARN  main            d.u.i.k.n.ParsingFacade   Parsing time 383 ms. 
40975      INFO  main            d.u.i.k.p.i.AbstractProblemLoader Creating init config 
41856      WARN  main            d.u.i.k.n.ParsingFacade   file:/home/runner/work/key/key/key.core/build/resources/main/de/uka/ilkd/key/java/JavaRedux/java/lang/String.key took 1 ms to parse. 
41856      WARN  main            d.u.i.k.n.ParsingFacade   Parsing time 384 ms. 
43589      DEBUG main            d.u.i.k.p.i.AbstractProblemLoader Init config took 2.61s 
43629      INFO  main            d.u.i.k.p.i.AbstractProblemLoader Replaying proof Quantor[Quantor::square2(int)].JML normal_behavior operation contract.0 
43630      DEBUG main            d.u.i.k.p.i.IntermediateProofReplayer Proof replay took 7.7ns 
43631      WARN  main            d.u.i.k.n.ParsingFacade   /home/runner/work/key/key/key.core/../key.ui/examples/standard_key/java_dl/jml-assert/quantor-assume.key took 0 ms to parse. 
43631      WARN  main            d.u.i.k.n.ParsingFacade   Parsing time 384 ms. 
43733      INFO  main            d.u.i.k.p.r.p.TestFile    ... finished proof: closed. 
43919      INFO  main            d.u.i.k.p.i.AbstractProblemLoader Loading environment from /home/runner/work/key/key/key.core/../key.ui/examples/standard_key/java_dl/jml-assert/quantor-assume.key.proof 
43919      DEBUG main            d.u.i.k.p.i.AbstractProblemLoader Environment load took 106.3ns 
43919      WARN  main            d.u.i.k.n.ParsingFacade   /home/runner/work/key/key/key.core/../key.ui/examples/standard_key/java_dl/jml-assert/quantor-assume.key.proof took 0 ms to parse. 
43919      WARN  main            d.u.i.k.n.ParsingFacade   Parsing time 384 ms. 
43920      INFO  main            d.u.i.k.p.i.AbstractProblemLoader Creating init config 
44766      WARN  main            d.u.i.k.n.ParsingFacade   file:/home/runner/work/key/key/key.core/build/resources/main/de/uka/ilkd/key/java/JavaRedux/java/lang/String.key took 1 ms to parse. 
44767      WARN  main            d.u.i.k.n.ParsingFacade   Parsing time 385 ms. 
46466      DEBUG main            d.u.i.k.p.i.AbstractProblemLoader Init config took 2.55s 
46505      INFO  main            d.u.i.k.p.i.AbstractProblemLoader Replaying proof Quantor[Quantor::square2(int)].JML normal_behavior operation contract.0 
46521      DEBUG main            d.u.i.k.p.i.IntermediateProofReplayer Proof replay took 14.5ms 
46521      WARN  main            d.u.i.k.n.ParsingFacade   /home/runner/work/key/key/key.core/../key.ui/examples/standard_key/java_dl/jml-assert/quantor-assume.key.proof took 0 ms to parse. 
46521      WARN  main            d.u.i.k.n.ParsingFacade   Parsing time 385 ms. 
46522      DEBUG main            d.u.i.k.p.r.p.TestFile    ... success: reloaded. 
46523      INFO  main            d.u.i.k.p.r.p.TestFile    Now processing file /home/runner/work/key/key/key.core/../key.ui/examples/standard_key/java_dl/jml-assert/model-methods-static-static.key 
46523      INFO  main            d.u.i.k.p.i.AbstractProblemLoader Loading environment from /home/runner/work/key/key/key.core/../key.ui/examples/standard_key/java_dl/jml-assert/model-methods-static-static.key 
46523      DEBUG main            d.u.i.k.p.i.AbstractProblemLoader Environment load took 87.1ns 
46523      WARN  main            d.u.i.k.n.ParsingFacade   /home/runner/work/key/key/key.core/../key.ui/examples/standard_key/java_dl/jml-assert/model-methods-static-static.key took 0 ms to parse. 
46523      WARN  main            d.u.i.k.n.ParsingFacade   Parsing time 385 ms. 
46524      INFO  main            d.u.i.k.p.i.AbstractProblemLoader Creating init config 
47392      WARN  main            d.u.i.k.n.ParsingFacade   file:/home/runner/work/key/key/key.core/build/resources/main/de/uka/ilkd/key/java/JavaRedux/java/lang/String.key took 1 ms to parse. 
47393      WARN  main            d.u.i.k.n.ParsingFacade   Parsing time 386 ms. 
49124      DEBUG main            d.u.i.k.p.i.AbstractProblemLoader Init config took 2.6s 
49166      INFO  main            d.u.i.k.p.i.AbstractProblemLoader Replaying proof ModelMethods[ModelMethods::test1()].JML normal_behavior operation contract.0 
49167      DEBUG main            d.u.i.k.p.i.IntermediateProofReplayer Proof replay took 4.9ns 
49168      WARN  main            d.u.i.k.n.ParsingFacade   /home/runner/work/key/key/key.core/../key.ui/examples/standard_key/java_dl/jml-assert/model-methods-static-static.key took 0 ms to parse. 
49168      WARN  main            d.u.i.k.n.ParsingFacade   Parsing time 386 ms. 
49273      INFO  main            d.u.i.k.p.r.p.TestFile    ... finished proof: closed. 
49457      INFO  main            d.u.i.k.p.i.AbstractProblemLoader Loading environment from /home/runner/work/key/key/key.core/../key.ui/examples/standard_key/java_dl/jml-assert/model-methods-static-static.key.proof 
49457      DEBUG main            d.u.i.k.p.i.AbstractProblemLoader Environment load took 104.3ns 
49458      WARN  main            d.u.i.k.n.ParsingFacade   /home/runner/work/key/key/key.core/../key.ui/examples/standard_key/java_dl/jml-assert/model-methods-static-static.key.proof took 0 ms to parse. 
49458      WARN  main            d.u.i.k.n.ParsingFacade   Parsing time 386 ms. 
49459      INFO  main            d.u.i.k.p.i.AbstractProblemLoader Creating init config 
50318      WARN  main            d.u.i.k.n.ParsingFacade   file:/home/runner/work/key/key/key.core/build/resources/main/de/uka/ilkd/key/java/JavaRedux/java/lang/String.key took 1 ms to parse. 
50318      WARN  main            d.u.i.k.n.ParsingFacade   Parsing time 387 ms. 
51964      DEBUG main            d.u.i.k.p.i.AbstractProblemLoader Init config took 2.5s 
52001      INFO  main            d.u.i.k.p.i.AbstractProblemLoader Replaying proof ModelMethods[ModelMethods::test1()].JML normal_behavior operation contract.0 
52009      DEBUG main            d.u.i.k.p.i.IntermediateProofReplayer Proof replay took 5.94ms 
52009      WARN  main            d.u.i.k.n.ParsingFacade   /home/runner/work/key/key/key.core/../key.ui/examples/standard_key/java_dl/jml-assert/model-methods-static-static.key.proof took 0 ms to parse. 
52009      WARN  main            d.u.i.k.n.ParsingFacade   Parsing time 387 ms. 
52010      DEBUG main            d.u.i.k.p.r.p.TestFile    ... success: reloaded. 
52011      INFO  main            d.u.i.k.p.r.p.TestFile    Now processing file /home/runner/work/key/key/key.core/../key.ui/examples/standard_key/java_dl/jml-assert/model-methods-instance-static.key 
52011      INFO  main            d.u.i.k.p.i.AbstractProblemLoader Loading environment from /home/runner/work/key/key/key.core/../key.ui/examples/standard_key/java_dl/jml-assert/model-methods-instance-static.key 
52011      DEBUG main            d.u.i.k.p.i.AbstractProblemLoader Environment load took 89.3ns 
52011      WARN  main            d.u.i.k.n.ParsingFacade   /home/runner/work/key/key/key.core/../key.ui/examples/standard_key/java_dl/jml-assert/model-methods-instance-static.key took 0 ms to parse. 
52011      WARN  main            d.u.i.k.n.ParsingFacade   Parsing time 387 ms. 
52012      INFO  main            d.u.i.k.p.i.AbstractProblemLoader Creating init config 
52901      WARN  main            d.u.i.k.n.ParsingFacade   file:/home/runner/work/key/key/key.core/build/resources/main/de/uka/ilkd/key/java/JavaRedux/java/lang/String.key took 1 ms to parse. 
52902      WARN  main            d.u.i.k.n.ParsingFacade   Parsing time 388 ms. 
54665      DEBUG main            d.u.i.k.p.i.AbstractProblemLoader Init config took 2.65s 
54703      INFO  main            d.u.i.k.p.i.AbstractProblemLoader Replaying proof ModelMethods[ModelMethods::test2()].JML normal_behavior operation contract.0 
54704      DEBUG main            d.u.i.k.p.i.IntermediateProofReplayer Proof replay took 6.5ns 
54704      WARN  main            d.u.i.k.n.ParsingFacade   /home/runner/work/key/key/key.core/../key.ui/examples/standard_key/java_dl/jml-assert/model-methods-instance-static.key took 0 ms to parse. 
54704      WARN  main            d.u.i.k.n.ParsingFacade   Parsing time 388 ms. 
54809      INFO  main            d.u.i.k.p.r.p.TestFile    ... finished proof: closed. 
55001      INFO  main            d.u.i.k.p.i.AbstractProblemLoader Loading environment from /home/runner/work/key/key/key.core/../key.ui/examples/standard_key/java_dl/jml-assert/model-methods-instance-static.key.proof 
55002      DEBUG main            d.u.i.k.p.i.AbstractProblemLoader Environment load took 409.51ns 
55002      WARN  main            d.u.i.k.n.ParsingFacade   /home/runner/work/key/key/key.core/../key.ui/examples/standard_key/java_dl/jml-assert/model-methods-instance-static.key.proof took 0 ms to parse. 
55002      WARN  main            d.u.i.k.n.ParsingFacade   Parsing time 388 ms. 
55004      INFO  main            d.u.i.k.p.i.AbstractProblemLoader Creating init config 
55877      WARN  main            d.u.i.k.n.ParsingFacade   file:/home/runner/work/key/key/key.core/build/resources/main/de/uka/ilkd/key/java/JavaRedux/java/lang/String.key took 1 ms to parse. 
55878      WARN  main            d.u.i.k.n.ParsingFacade   Parsing time 389 ms. 
57521      DEBUG main            d.u.i.k.p.i.AbstractProblemLoader Init config took 2.52s 
57558      INFO  main            d.u.i.k.p.i.AbstractProblemLoader Replaying proof ModelMethods[ModelMethods::test2()].JML normal_behavior operation contract.0 
57568      DEBUG main            d.u.i.k.p.i.IntermediateProofReplayer Proof replay took 8.22ms 
57568      WARN  main            d.u.i.k.n.ParsingFacade   /home/runner/work/key/key/key.core/../key.ui/examples/standard_key/java_dl/jml-assert/model-methods-instance-static.key.proof took 0 ms to parse. 
57568      WARN  main            d.u.i.k.n.ParsingFacade   Parsing time 389 ms. 
57569      DEBUG main            d.u.i.k.p.r.p.TestFile    ... success: reloaded. 
57570      INFO  main            d.u.i.k.p.r.p.TestFile    Now processing file /home/runner/work/key/key/key.core/../key.ui/examples/standard_key/java_dl/jml-assert/model-methods-instance-instance.key 
57571      INFO  main            d.u.i.k.p.i.AbstractProblemLoader Loading environment from /home/runner/work/key/key/key.core/../key.ui/examples/standard_key/java_dl/jml-assert/model-methods-instance-instance.key 
57571      DEBUG main            d.u.i.k.p.i.AbstractProblemLoader Environment load took 197.6ns 
57571      WARN  main            d.u.i.k.n.ParsingFacade   /home/runner/work/key/key/key.core/../key.ui/examples/standard_key/java_dl/jml-assert/model-methods-instance-instance.key took 0 ms to parse. 
57571      WARN  main            d.u.i.k.n.ParsingFacade   Parsing time 389 ms. 
57572      INFO  main            d.u.i.k.p.i.AbstractProblemLoader Creating init config 
58427      WARN  main            d.u.i.k.n.ParsingFacade   file:/home/runner/work/key/key/key.core/build/resources/main/de/uka/ilkd/key/java/JavaRedux/java/lang/String.key took 1 ms to parse. 
58427      WARN  main            d.u.i.k.n.ParsingFacade   Parsing time 390 ms. 
60114      DEBUG main            d.u.i.k.p.i.AbstractProblemLoader Init config took 2.54s 
60151      INFO  main            d.u.i.k.p.i.AbstractProblemLoader Replaying proof ModelMethods[ModelMethods::test3()].JML normal_behavior operation contract.0 
60152      DEBUG main            d.u.i.k.p.i.IntermediateProofReplayer Proof replay took 5.4ns 
60152      WARN  main            d.u.i.k.n.ParsingFacade   /home/runner/work/key/key/key.core/../key.ui/examples/standard_key/java_dl/jml-assert/model-methods-instance-instance.key took 0 ms to parse. 
60152      WARN  main            d.u.i.k.n.ParsingFacade   Parsing time 390 ms. 
60254      INFO  main            d.u.i.k.p.r.p.TestFile    ... finished proof: closed. 
60448      INFO  main            d.u.i.k.p.i.AbstractProblemLoader Loading environment from /home/runner/work/key/key/key.core/../key.ui/examples/standard_key/java_dl/jml-assert/model-methods-instance-instance.key.proof 
60448      DEBUG main            d.u.i.k.p.i.AbstractProblemLoader Environment load took 94.4ns 
60449      WARN  main            d.u.i.k.n.ParsingFacade   /home/runner/work/key/key/key.core/../key.ui/examples/standard_key/java_dl/jml-assert/model-methods-instance-instance.key.proof took 0 ms to parse. 
60449      WARN  main            d.u.i.k.n.ParsingFacade   Parsing time 390 ms. 
60449      INFO  main            d.u.i.k.p.i.AbstractProblemLoader Creating init config 
61296      WARN  main            d.u.i.k.n.ParsingFacade   file:/home/runner/work/key/key/key.core/build/resources/main/de/uka/ilkd/key/java/JavaRedux/java/lang/String.key took 1 ms to parse. 
61296      WARN  main            d.u.i.k.n.ParsingFacade   Parsing time 391 ms. 
62951      DEBUG main            d.u.i.k.p.i.AbstractProblemLoader Init config took 2.5s 
62988      INFO  main            d.u.i.k.p.i.AbstractProblemLoader Replaying proof ModelMethods[ModelMethods::test3()].JML normal_behavior operation contract.0 
63000      DEBUG main            d.u.i.k.p.i.IntermediateProofReplayer Proof replay took 10.45ms 
63001      WARN  main            d.u.i.k.n.ParsingFacade   /home/runner/work/key/key/key.core/../key.ui/examples/standard_key/java_dl/jml-assert/model-methods-instance-instance.key.proof took 0 ms to parse. 
63001      WARN  main            d.u.i.k.n.ParsingFacade   Parsing time 391 ms. 
63001      DEBUG main            d.u.i.k.p.r.p.TestFile    ... success: reloaded. 
63002      INFO  main            d.u.i.k.p.r.p.TestFile    Now processing file /home/runner/work/key/key/key.core/../key.ui/examples/standard_key/java_dl/jml-assert/model-methods-static-instance.key 
63002      INFO  main            d.u.i.k.p.i.AbstractProblemLoader Loading environment from /home/runner/work/key/key/key.core/../key.ui/examples/standard_key/java_dl/jml-assert/model-methods-static-instance.key 
63002      DEBUG main            d.u.i.k.p.i.AbstractProblemLoader Environment load took 86.2ns 
63002      WARN  main            d.u.i.k.n.ParsingFacade   /home/runner/work/key/key/key.core/../key.ui/examples/standard_key/java_dl/jml-assert/model-methods-static-instance.key took 0 ms to parse. 
63003      WARN  main            d.u.i.k.n.ParsingFacade   Parsing time 391 ms. 
63003      INFO  main            d.u.i.k.p.i.AbstractProblemLoader Creating init config 
63923      WARN  main            d.u.i.k.n.ParsingFacade   file:/home/runner/work/key/key/key.core/build/resources/main/de/uka/ilkd/key/java/JavaRedux/java/lang/String.key took 2 ms to parse. 
63923      WARN  main            d.u.i.k.n.ParsingFacade   Parsing time 393 ms. 
65597      DEBUG main            d.u.i.k.p.i.AbstractProblemLoader Init config took 2.59s 
65643      INFO  main            d.u.i.k.p.i.AbstractProblemLoader Replaying proof ModelMethods[ModelMethods::test4()].JML normal_behavior operation contract.0 
65644      DEBUG main            d.u.i.k.p.i.IntermediateProofReplayer Proof replay took 6.5ns 
65645      WARN  main            d.u.i.k.n.ParsingFacade   /home/runner/work/key/key/key.core/../key.ui/examples/standard_key/java_dl/jml-assert/model-methods-static-instance.key took 0 ms to parse. 
65645      WARN  main            d.u.i.k.n.ParsingFacade   Parsing time 393 ms. 
65747      INFO  main            d.u.i.k.p.r.p.TestFile    ... finished proof: closed. 
65951      INFO  main            d.u.i.k.p.i.AbstractProblemLoader Loading environment from /home/runner/work/key/key/key.core/../key.ui/examples/standard_key/java_dl/jml-assert/model-methods-static-instance.key.proof 
65951      DEBUG main            d.u.i.k.p.i.AbstractProblemLoader Environment load took 101.6ns 
65952      WARN  main            d.u.i.k.n.ParsingFacade   /home/runner/work/key/key/key.core/../key.ui/examples/standard_key/java_dl/jml-assert/model-methods-static-instance.key.proof took 0 ms to parse. 
65956      WARN  main            d.u.i.k.n.ParsingFacade   Parsing time 393 ms. 
65957      INFO  main            d.u.i.k.p.i.AbstractProblemLoader Creating init config 
66804      WARN  main            d.u.i.k.n.ParsingFacade   file:/home/runner/work/key/key/key.core/build/resources/main/de/uka/ilkd/key/java/JavaRedux/java/lang/String.key took 1 ms to parse. 
66811      WARN  main            d.u.i.k.n.ParsingFacade   Parsing time 394 ms. 
68493      DEBUG main            d.u.i.k.p.i.AbstractProblemLoader Init config took 2.54s 
68528      INFO  main            d.u.i.k.p.i.AbstractProblemLoader Replaying proof ModelMethods[ModelMethods::test4()].JML normal_behavior operation contract.0 
68558      DEBUG main            d.u.i.k.p.i.IntermediateProofReplayer Proof replay took 27.62ms 
68559      WARN  main            d.u.i.k.n.ParsingFacade   /home/runner/work/key/key/key.core/../key.ui/examples/standard_key/java_dl/jml-assert/model-methods-static-instance.key.proof took 0 ms to parse. 
68559      WARN  main            d.u.i.k.n.ParsingFacade   Parsing time 394 ms. 
68559      DEBUG main            d.u.i.k.p.r.p.TestFile    ... success: reloaded. 
68560      INFO  main            d.u.i.k.p.r.p.TestFile    Now processing file /home/runner/work/key/key/key.core/../key.ui/examples/standard_key/java_dl/jml-assert/assert-old/inc-field.key 
68560      INFO  main            d.u.i.k.p.i.AbstractProblemLoader Loading environment from /home/runner/work/key/key/key.core/../key.ui/examples/standard_key/java_dl/jml-assert/assert-old/inc-field.key 
68560      DEBUG main            d.u.i.k.p.i.AbstractProblemLoader Environment load took 84.4ns 
68561      WARN  main            d.u.i.k.n.ParsingFacade   /home/runner/work/key/key/key.core/../key.ui/examples/standard_key/java_dl/jml-assert/assert-old/inc-field.key took 0 ms to parse. 
68561      WARN  main            d.u.i.k.n.ParsingFacade   Parsing time 394 ms. 
68561      INFO  main            d.u.i.k.p.i.AbstractProblemLoader Creating init config 
69388      WARN  main            d.u.i.k.n.ParsingFacade   file:/home/runner/work/key/key/key.core/build/resources/main/de/uka/ilkd/key/java/JavaRedux/java/lang/String.key took 1 ms to parse. 
69388      WARN  main            d.u.i.k.n.ParsingFacade   Parsing time 395 ms. 
70995      DEBUG main            d.u.i.k.p.i.AbstractProblemLoader Init config took 2.43s 
71048      INFO  main            d.u.i.k.p.i.AbstractProblemLoader Replaying proof Inc[Inc::inc_field()].JML normal_behavior operation contract.0 
71049      DEBUG main            d.u.i.k.p.i.IntermediateProofReplayer Proof replay took 6.3ns 
71049      WARN  main            d.u.i.k.n.ParsingFacade   /home/runner/work/key/key/key.core/../key.ui/examples/standard_key/java_dl/jml-assert/assert-old/inc-field.key took 0 ms to parse. 
71050      WARN  main            d.u.i.k.n.ParsingFacade   Parsing time 395 ms. 
71152      INFO  main            d.u.i.k.p.r.p.TestFile    ... finished proof: closed. 
71355      INFO  main            d.u.i.k.p.i.AbstractProblemLoader Loading environment from /home/runner/work/key/key/key.core/../key.ui/examples/standard_key/java_dl/jml-assert/assert-old/inc-field.key.proof 
71356      DEBUG main            d.u.i.k.p.i.AbstractProblemLoader Environment load took 100.7ns 
71356      WARN  main            d.u.i.k.n.ParsingFacade   /home/runner/work/key/key/key.core/../key.ui/examples/standard_key/java_dl/jml-assert/assert-old/inc-field.key.proof took 0 ms to parse. 
71356      WARN  main            d.u.i.k.n.ParsingFacade   Parsing time 395 ms. 
71357      INFO  main            d.u.i.k.p.i.AbstractProblemLoader Creating init config 
72184      WARN  main            d.u.i.k.n.ParsingFacade   file:/home/runner/work/key/key/key.core/build/resources/main/de/uka/ilkd/key/java/JavaRedux/java/lang/String.key took 1 ms to parse. 
72184      WARN  main            d.u.i.k.n.ParsingFacade   Parsing time 396 ms. 
73763      DEBUG main            d.u.i.k.p.i.AbstractProblemLoader Init config took 2.41s 
73801      INFO  main            d.u.i.k.p.i.AbstractProblemLoader Replaying proof Inc[Inc::inc_field()].JML normal_behavior operation contract.0 
73830      DEBUG main            d.u.i.k.p.i.IntermediateProofReplayer Proof replay took 26.92ms 
73830      WARN  main            d.u.i.k.n.ParsingFacade   /home/runner/work/key/key/key.core/../key.ui/examples/standard_key/java_dl/jml-assert/assert-old/inc-field.key.proof took 0 ms to parse. 
73830      WARN  main            d.u.i.k.n.ParsingFacade   Parsing time 396 ms. 
73831      DEBUG main            d.u.i.k.p.r.p.TestFile    ... success: reloaded. 
73831      INFO  main            d.u.i.k.p.r.p.TestFile    Now processing file /home/runner/work/key/key/key.core/../key.ui/examples/standard_key/java_dl/jml-assert/assert-old/inc-parameter.key 
73832      INFO  main            d.u.i.k.p.i.AbstractProblemLoader Loading environment from /home/runner/work/key/key/key.core/../key.ui/examples/standard_key/java_dl/jml-assert/assert-old/inc-parameter.key 
73832      DEBUG main            d.u.i.k.p.i.AbstractProblemLoader Environment load took 102.8ns 
73832      WARN  main            d.u.i.k.n.ParsingFacade   /home/runner/work/key/key/key.core/../key.ui/examples/standard_key/java_dl/jml-assert/assert-old/inc-parameter.key took 0 ms to parse. 
73832      WARN  main            d.u.i.k.n.ParsingFacade   Parsing time 396 ms. 
73833      INFO  main            d.u.i.k.p.i.AbstractProblemLoader Creating init config 
74648      WARN  main            d.u.i.k.n.ParsingFacade   file:/home/runner/work/key/key/key.core/build/resources/main/de/uka/ilkd/key/java/JavaRedux/java/lang/String.key took 1 ms to parse. 
74648      WARN  main            d.u.i.k.n.ParsingFacade   Parsing time 397 ms. 
76272      DEBUG main            d.u.i.k.p.i.AbstractProblemLoader Init config took 2.44s 
76306      INFO  main            d.u.i.k.p.i.AbstractProblemLoader Replaying proof Inc[Inc::inc_parameter(int)].JML normal_behavior operation contract.0 
76307      DEBUG main            d.u.i.k.p.i.IntermediateProofReplayer Proof replay took 6.5ns 
76307      WARN  main            d.u.i.k.n.ParsingFacade   /home/runner/work/key/key/key.core/../key.ui/examples/standard_key/java_dl/jml-assert/assert-old/inc-parameter.key took 0 ms to parse. 
76307      WARN  main            d.u.i.k.n.ParsingFacade   Parsing time 397 ms. 
76409      INFO  main            d.u.i.k.p.r.p.TestFile    ... finished proof: closed. 
76642      INFO  main            d.u.i.k.p.i.AbstractProblemLoader Loading environment from /home/runner/work/key/key/key.core/../key.ui/examples/standard_key/java_dl/jml-assert/assert-old/inc-parameter.key.proof 
76642      DEBUG main            d.u.i.k.p.i.AbstractProblemLoader Environment load took 114.4ns 
76642      WARN  main            d.u.i.k.n.ParsingFacade   /home/runner/work/key/key/key.core/../key.ui/examples/standard_key/java_dl/jml-assert/assert-old/inc-parameter.key.proof took 0 ms to parse. 
76642      WARN  main            d.u.i.k.n.ParsingFacade   Parsing time 397 ms. 
76643      INFO  main            d.u.i.k.p.i.AbstractProblemLoader Creating init config 
77445      WARN  main            d.u.i.k.n.ParsingFacade   file:/home/runner/work/key/key/key.core/build/resources/main/de/uka/ilkd/key/java/JavaRedux/java/lang/String.key took 1 ms to parse. 
77445      WARN  main            d.u.i.k.n.ParsingFacade   Parsing time 398 ms. 
79031      DEBUG main            d.u.i.k.p.i.AbstractProblemLoader Init config took 2.39s 
79064      INFO  main            d.u.i.k.p.i.AbstractProblemLoader Replaying proof Inc[Inc::inc_parameter(int)].JML normal_behavior operation contract.0 
79079      DEBUG main            d.u.i.k.p.i.IntermediateProofReplayer Proof replay took 12.91ms 
79080      WARN  main            d.u.i.k.n.ParsingFacade   /home/runner/work/key/key/key.core/../key.ui/examples/standard_key/java_dl/jml-assert/assert-old/inc-parameter.key.proof took 0 ms to parse. 
79080      WARN  main            d.u.i.k.n.ParsingFacade   Parsing time 398 ms. 
79081      DEBUG main            d.u.i.k.p.r.p.TestFile    ... success: reloaded. 
79081      INFO  main            d.u.i.k.p.r.p.TestFile    Now processing file /home/runner/work/key/key/key.core/../key.ui/examples/standard_key/java_dl/jml-assert/assert-old/inc-parameter-field.key 
79082      INFO  main            d.u.i.k.p.i.AbstractProblemLoader Loading environment from /home/runner/work/key/key/key.core/../key.ui/examples/standard_key/java_dl/jml-assert/assert-old/inc-parameter-field.key 
79082      DEBUG main            d.u.i.k.p.i.AbstractProblemLoader Environment load took 189.3ns 
79082      WARN  main            d.u.i.k.n.ParsingFacade   /home/runner/work/key/key/key.core/../key.ui/examples/standard_key/java_dl/jml-assert/assert-old/inc-parameter-field.key took 0 ms to parse. 
79082      WARN  main            d.u.i.k.n.ParsingFacade   Parsing time 398 ms. 
79083      INFO  main            d.u.i.k.p.i.AbstractProblemLoader Creating init config 
79910      WARN  main            d.u.i.k.n.ParsingFacade   file:/home/runner/work/key/key/key.core/build/resources/main/de/uka/ilkd/key/java/JavaRedux/java/lang/String.key took 2 ms to parse. 
79910      WARN  main            d.u.i.k.n.ParsingFacade   Parsing time 400 ms. 
81562      DEBUG main            d.u.i.k.p.i.AbstractProblemLoader Init config took 2.48s 
81596      INFO  main            d.u.i.k.p.i.AbstractProblemLoader Replaying proof Inc[Inc::inc_parameter_field(Inc)].JML normal_behavior operation contract.0 
81597      DEBUG main            d.u.i.k.p.i.IntermediateProofReplayer Proof replay took 6.8ns 
81597      WARN  main            d.u.i.k.n.ParsingFacade   /home/runner/work/key/key/key.core/../key.ui/examples/standard_key/java_dl/jml-assert/assert-old/inc-parameter-field.key took 0 ms to parse. 
81597      WARN  main            d.u.i.k.n.ParsingFacade   Parsing time 400 ms. 
81700      INFO  main            d.u.i.k.p.r.p.TestFile    ... finished proof: closed. 
81921      INFO  main            d.u.i.k.p.i.AbstractProblemLoader Loading environment from /home/runner/work/key/key/key.core/../key.ui/examples/standard_key/java_dl/jml-assert/assert-old/inc-parameter-field.key.proof 
81921      DEBUG main            d.u.i.k.p.i.AbstractProblemLoader Environment load took 96ns 
81922      WARN  main            d.u.i.k.n.ParsingFacade   /home/runner/work/key/key/key.core/../key.ui/examples/standard_key/java_dl/jml-assert/assert-old/inc-parameter-field.key.proof took 1 ms to parse. 
81922      WARN  main            d.u.i.k.n.ParsingFacade   Parsing time 401 ms. 
81922      INFO  main            d.u.i.k.p.i.AbstractProblemLoader Creating init config 
82734      WARN  main            d.u.i.k.n.ParsingFacade   file:/home/runner/work/key/key/key.core/build/resources/main/de/uka/ilkd/key/java/JavaRedux/java/lang/String.key took 1 ms to parse. 
82735      WARN  main            d.u.i.k.n.ParsingFacade   Parsing time 402 ms. 
84321      DEBUG main            d.u.i.k.p.i.AbstractProblemLoader Init config took 2.4s 
84358      INFO  main            d.u.i.k.p.i.AbstractProblemLoader Replaying proof Inc[Inc::inc_parameter_field(Inc)].JML normal_behavior operation contract.0 
84398      DEBUG main            d.u.i.k.p.i.IntermediateProofReplayer Proof replay took 37.67ms 
84399      WARN  main            d.u.i.k.n.ParsingFacade   /home/runner/work/key/key/key.core/../key.ui/examples/standard_key/java_dl/jml-assert/assert-old/inc-parameter-field.key.proof took 0 ms to parse. 
84399      WARN  main            d.u.i.k.n.ParsingFacade   Parsing time 402 ms. 
84400      DEBUG main            d.u.i.k.p.r.p.TestFile    ... success: reloaded. 
84401      INFO  main            d.u.i.k.p.r.p.TestFile    Now processing file /home/runner/work/key/key/key.core/../key.ui/examples/standard_key/java_dl/jml-assert/assert-old/inc-ghost-field.key 
84402      INFO  main            d.u.i.k.p.i.AbstractProblemLoader Loading environment from /home/runner/work/key/key/key.core/../key.ui/examples/standard_key/java_dl/jml-assert/assert-old/inc-ghost-field.key 
84402      DEBUG main            d.u.i.k.p.i.AbstractProblemLoader Environment load took 195.2ns 
84402      WARN  main            d.u.i.k.n.ParsingFacade   /home/runner/work/key/key/key.core/../key.ui/examples/standard_key/java_dl/jml-assert/assert-old/inc-ghost-field.key took 0 ms to parse. 
84402      WARN  main            d.u.i.k.n.ParsingFacade   Parsing time 402 ms. 
84403      INFO  main            d.u.i.k.p.i.AbstractProblemLoader Creating init config 
85261      WARN  main            d.u.i.k.n.ParsingFacade   file:/home/runner/work/key/key/key.core/build/resources/main/de/uka/ilkd/key/java/JavaRedux/java/lang/String.key took 1 ms to parse. 
85261      WARN  main            d.u.i.k.n.ParsingFacade   Parsing time 403 ms. 
86864      DEBUG main            d.u.i.k.p.i.AbstractProblemLoader Init config took 2.46s 
86897      INFO  main            d.u.i.k.p.i.AbstractProblemLoader Replaying proof Inc[Inc::inc_ghost_field()].JML normal_behavior operation contract.0 
86898      DEBUG main            d.u.i.k.p.i.IntermediateProofReplayer Proof replay took 5.9ns 
86899      WARN  main            d.u.i.k.n.ParsingFacade   /home/runner/work/key/key/key.core/../key.ui/examples/standard_key/java_dl/jml-assert/assert-old/inc-ghost-field.key took 0 ms to parse. 
86899      WARN  main            d.u.i.k.n.ParsingFacade   Parsing time 403 ms. 
87001      INFO  main            d.u.i.k.p.r.p.TestFile    ... finished proof: closed. 
87229      INFO  main            d.u.i.k.p.i.AbstractProblemLoader Loading environment from /home/runner/work/key/key/key.core/../key.ui/examples/standard_key/java_dl/jml-assert/assert-old/inc-ghost-field.key.proof 
87229      DEBUG main            d.u.i.k.p.i.AbstractProblemLoader Environment load took 95ns 
87229      WARN  main            d.u.i.k.n.ParsingFacade   /home/runner/work/key/key/key.core/../key.ui/examples/standard_key/java_dl/jml-assert/assert-old/inc-ghost-field.key.proof took 0 ms to parse. 
87229      WARN  main            d.u.i.k.n.ParsingFacade   Parsing time 403 ms. 
87230      INFO  main            d.u.i.k.p.i.AbstractProblemLoader Creating init config 
88039      WARN  main            d.u.i.k.n.ParsingFacade   file:/home/runner/work/key/key/key.core/build/resources/main/de/uka/ilkd/key/java/JavaRedux/java/lang/String.key took 1 ms to parse. 
88039      WARN  main            d.u.i.k.n.ParsingFacade   Parsing time 404 ms. 
89615      DEBUG main            d.u.i.k.p.i.AbstractProblemLoader Init config took 2.39s 
89649      INFO  main            d.u.i.k.p.i.AbstractProblemLoader Replaying proof Inc[Inc::inc_ghost_field()].JML normal_behavior operation contract.0 
89675      DEBUG main            d.u.i.k.p.i.IntermediateProofReplayer Proof replay took 24.16ms 
89675      WARN  main            d.u.i.k.n.ParsingFacade   /home/runner/work/key/key/key.core/../key.ui/examples/standard_key/java_dl/jml-assert/assert-old/inc-ghost-field.key.proof took 0 ms to parse. 
89675      WARN  main            d.u.i.k.n.ParsingFacade   Parsing time 404 ms. 
89676      DEBUG main            d.u.i.k.p.r.p.TestFile    ... success: reloaded. 
726730     INFO  Test worker     d.u.i.k.p.r.RunAllProofsTestUnit Returning from test jmlAsserts 
726731     INFO  Test worker     d.u.i.k.p.r.RunAllProofsTestUnit Running test javaCard 
325        INFO  Timeout watchdog d.u.i.k.p.r.p.ForkedTestFileRunner Timeout watcher launched (2000 secs.) 
329        WARN  main            d.u.i.k.s.ProofSettings   The settings in /home/runner/.key/proof-settings.props are *not* read. 
355        INFO  main            d.u.i.k.p.r.p.TestFile    Now processing file /home/runner/work/key/key/key.core/../key.ui/examples/heap/javacard/updateBalance0.key 
466        INFO  main            d.u.i.k.p.i.AbstractProblemLoader Loading environment from /home/runner/work/key/key/key.core/../key.ui/examples/heap/javacard/updateBalance0.key 
486        DEBUG main            d.u.i.k.p.i.AbstractProblemLoader Environment load took 2.27ms 
586        WARN  main            d.u.i.k.n.ParsingFacade   /home/runner/work/key/key/key.core/../key.ui/examples/heap/javacard/updateBalance0.key took 12 ms to parse. 
586        WARN  main            d.u.i.k.n.ParsingFacade   Parsing time 12 ms. 
715        INFO  main            d.u.i.k.p.i.AbstractProblemLoader Creating init config 
733        WARN  main            d.u.i.k.n.ParsingFacade   file:/home/runner/work/key/key/key.core/build/resources/main/de/uka/ilkd/key/proof/rules/standardRules.key took 14 ms to parse. 
733        WARN  main            d.u.i.k.n.ParsingFacade   Parsing time 26 ms. 
756        WARN  main            d.u.i.k.n.ParsingFacade   file:/home/runner/work/key/key/key.core/build/resources/main/de/uka/ilkd/key/proof/rules/ldt.key took 3 ms to parse. 
756        WARN  main            d.u.i.k.n.ParsingFacade   Parsing time 29 ms. 
765        WARN  main            d.u.i.k.n.ParsingFacade   file:/home/runner/work/key/key/key.core/build/resources/main/de/uka/ilkd/key/proof/rules/boolean.key took 2 ms to parse. 
765        WARN  main            d.u.i.k.n.ParsingFacade   Parsing time 31 ms. 
791        WARN  main            d.u.i.k.n.ParsingFacade   file:/home/runner/work/key/key/key.core/build/resources/main/de/uka/ilkd/key/proof/rules/ruleSetsDeclarations.key took 15 ms to parse. 
791        WARN  main            d.u.i.k.n.ParsingFacade   Parsing time 46 ms. 
824        WARN  main            d.u.i.k.n.ParsingFacade   file:/home/runner/work/key/key/key.core/build/resources/main/de/uka/ilkd/key/proof/rules/integerHeader.key took 5 ms to parse. 
825        WARN  main            d.u.i.k.n.ParsingFacade   Parsing time 51 ms. 
830        WARN  main            d.u.i.k.n.ParsingFacade   file:/home/runner/work/key/key/key.core/build/resources/main/de/uka/ilkd/key/proof/rules/floatHeader.key took 4 ms to parse. 
831        WARN  main            d.u.i.k.n.ParsingFacade   Parsing time 55 ms. 
834        WARN  main            d.u.i.k.n.ParsingFacade   file:/home/runner/work/key/key/key.core/build/resources/main/de/uka/ilkd/key/proof/rules/heap.key took 1 ms to parse. 
834        WARN  main            d.u.i.k.n.ParsingFacade   Parsing time 56 ms. 
838        WARN  main            d.u.i.k.n.ParsingFacade   file:/home/runner/work/key/key/key.core/build/resources/main/de/uka/ilkd/key/proof/rules/locSets.key took 0 ms to parse. 
838        WARN  main            d.u.i.k.n.ParsingFacade   Parsing time 56 ms. 
840        WARN  main            d.u.i.k.n.ParsingFacade   file:/home/runner/work/key/key/key.core/build/resources/main/de/uka/ilkd/key/proof/rules/permission.key took 1 ms to parse. 
840        WARN  main            d.u.i.k.n.ParsingFacade   Parsing time 57 ms. 
841        WARN  main            d.u.i.k.n.ParsingFacade   file:/home/runner/work/key/key/key.core/build/resources/main/de/uka/ilkd/key/proof/rules/reach.key took 0 ms to parse. 
841        WARN  main            d.u.i.k.n.ParsingFacade   Parsing time 57 ms. 
841        WARN  main            d.u.i.k.n.ParsingFacade   file:/home/runner/work/key/key/key.core/build/resources/main/de/uka/ilkd/key/proof/rules/seq.key took 0 ms to parse. 
841        WARN  main            d.u.i.k.n.ParsingFacade   Parsing time 57 ms. 
870        WARN  main            d.u.i.k.n.ParsingFacade   file:/home/runner/work/key/key/key.core/build/resources/main/de/uka/ilkd/key/proof/rules/map.key took 23 ms to parse. 
870        WARN  main            d.u.i.k.n.ParsingFacade   Parsing time 80 ms. 
870        WARN  main            d.u.i.k.n.ParsingFacade   file:/home/runner/work/key/key/key.core/build/resources/main/de/uka/ilkd/key/proof/rules/freeADT.key took 0 ms to parse. 
870        WARN  main            d.u.i.k.n.ParsingFacade   Parsing time 80 ms. 
871        WARN  main            d.u.i.k.n.ParsingFacade   file:/home/runner/work/key/key/key.core/build/resources/main/de/uka/ilkd/key/proof/rules/wellfound.key took 0 ms to parse. 
871        WARN  main            d.u.i.k.n.ParsingFacade   Parsing time 80 ms. 
871        WARN  main            d.u.i.k.n.ParsingFacade   file:/home/runner/work/key/key/key.core/build/resources/main/de/uka/ilkd/key/proof/rules/charListHeader.key took 0 ms to parse. 
871        WARN  main            d.u.i.k.n.ParsingFacade   Parsing time 80 ms. 
985        WARN  main            d.u.i.k.n.ParsingFacade   file:/home/runner/work/key/key/key.core/build/resources/main/de/uka/ilkd/key/proof/rules/propRule.key took 8 ms to parse. 
985        WARN  main            d.u.i.k.n.ParsingFacade   Parsing time 88 ms. 
1009       WARN  main            d.u.i.k.n.ParsingFacade   file:/home/runner/work/key/key/key.core/build/resources/main/de/uka/ilkd/key/proof/rules/firstOrderRules.key took 4 ms to parse. 
1009       WARN  main            d.u.i.k.n.ParsingFacade   Parsing time 92 ms. 
1027       WARN  main            d.u.i.k.n.ParsingFacade   file:/home/runner/work/key/key/key.core/build/resources/main/de/uka/ilkd/key/proof/rules/ifThenElseRules.key took 5 ms to parse. 
1027       WARN  main            d.u.i.k.n.ParsingFacade   Parsing time 97 ms. 
1078       WARN  main            d.u.i.k.n.ParsingFacade   file:/home/runner/work/key/key/key.core/build/resources/main/de/uka/ilkd/key/proof/rules/formulaNormalisationRules.key took 32 ms to parse. 
1078       WARN  main            d.u.i.k.n.ParsingFacade   Parsing time 129 ms. 
1173       WARN  main            d.u.i.k.n.ParsingFacade   file:/home/runner/work/key/key/key.core/build/resources/main/de/uka/ilkd/key/proof/rules/updateRules.key took 5 ms to parse. 
1173       WARN  main            d.u.i.k.n.ParsingFacade   Parsing time 134 ms. 
1185       WARN  main            d.u.i.k.n.ParsingFacade   file:/home/runner/work/key/key/key.core/build/resources/main/de/uka/ilkd/key/proof/rules/integerRulesCommon.key took 2 ms to parse. 
1185       WARN  main            d.u.i.k.n.ParsingFacade   Parsing time 136 ms. 
1271       WARN  main            d.u.i.k.n.ParsingFacade   file:/home/runner/work/key/key/key.core/build/resources/main/de/uka/ilkd/key/proof/rules/intRules.key took 3 ms to parse. 
1271       WARN  main            d.u.i.k.n.ParsingFacade   Parsing time 139 ms. 
1284       WARN  main            d.u.i.k.n.ParsingFacade   file:/home/runner/work/key/key/key.core/build/resources/main/de/uka/ilkd/key/proof/rules/intRulesUncheckedSemantics.key took 2 ms to parse. 
1284       WARN  main            d.u.i.k.n.ParsingFacade   Parsing time 141 ms. 
1292       WARN  main            d.u.i.k.n.ParsingFacade   file:/home/runner/work/key/key/key.core/build/resources/main/de/uka/ilkd/key/proof/rules/intRulesCheckedSemantics.key took 1 ms to parse. 
1293       WARN  main            d.u.i.k.n.ParsingFacade   Parsing time 142 ms. 
1300       WARN  main            d.u.i.k.n.ParsingFacade   file:/home/runner/work/key/key/key.core/build/resources/main/de/uka/ilkd/key/proof/rules/intRulesJavaSemantics.key took 3 ms to parse. 
1300       WARN  main            d.u.i.k.n.ParsingFacade   Parsing time 145 ms. 
1358       WARN  main            d.u.i.k.n.ParsingFacade   file:/home/runner/work/key/key/key.core/build/resources/main/de/uka/ilkd/key/proof/rules/integerSimplificationRules.key took 48 ms to parse. 
1359       WARN  main            d.u.i.k.n.ParsingFacade   Parsing time 193 ms. 
1417       DEBUG main            d.u.i.k.j.TypeConverter   No LDT found for Meta 
1417       DEBUG main            d.u.i.k.j.TypeConverter   No LDT found for Meta 
1419       DEBUG main            d.u.i.k.j.TypeConverter   No LDT found for Meta 
1419       DEBUG main            d.u.i.k.j.TypeConverter   No LDT found for Meta 
1448       WARN  main            d.u.i.k.n.ParsingFacade   file:/home/runner/work/key/key/key.core/build/resources/main/de/uka/ilkd/key/proof/rules/intDiv.key took 3 ms to parse. 
1449       WARN  main            d.u.i.k.n.ParsingFacade   Parsing time 196 ms. 
1485       WARN  main            d.u.i.k.n.ParsingFacade   file:/home/runner/work/key/key/key.core/build/resources/main/de/uka/ilkd/key/proof/rules/bsum.key took 14 ms to parse. 
1486       WARN  main            d.u.i.k.n.ParsingFacade   Parsing time 210 ms. 
1548       WARN  main            d.u.i.k.n.ParsingFacade   file:/home/runner/work/key/key/key.core/build/resources/main/de/uka/ilkd/key/proof/rules/bprod.key took 2 ms to parse. 
1548       WARN  main            d.u.i.k.n.ParsingFacade   Parsing time 212 ms. 
1560       WARN  main            d.u.i.k.n.ParsingFacade   file:/home/runner/work/key/key/key.core/build/resources/main/de/uka/ilkd/key/proof/rules/binaryAxioms.key took 0 ms to parse. 
1561       WARN  main            d.u.i.k.n.ParsingFacade   Parsing time 212 ms. 
1566       WARN  main            d.u.i.k.n.ParsingFacade   file:/home/runner/work/key/key/key.core/build/resources/main/de/uka/ilkd/key/proof/rules/binaryLemmas.key took 1 ms to parse. 
1567       WARN  main            d.u.i.k.n.ParsingFacade   Parsing time 213 ms. 
1578       WARN  main            d.u.i.k.n.ParsingFacade   file:/home/runner/work/key/key/key.core/build/resources/main/de/uka/ilkd/key/proof/rules/intPow.key took 2 ms to parse. 
1578       WARN  main            d.u.i.k.n.ParsingFacade   Parsing time 215 ms. 
1594       WARN  main            d.u.i.k.n.ParsingFacade   file:/home/runner/work/key/key/key.core/build/resources/main/de/uka/ilkd/key/proof/rules/floatRulesCommon.key took 8 ms to parse. 
1595       WARN  main            d.u.i.k.n.ParsingFacade   Parsing time 223 ms. 
1606       WARN  main            d.u.i.k.n.ParsingFacade   file:/home/runner/work/key/key/key.core/build/resources/main/de/uka/ilkd/key/proof/rules/floatRules.key took 0 ms to parse. 
1606       WARN  main            d.u.i.k.n.ParsingFacade   Parsing time 223 ms. 
1607       WARN  main            d.u.i.k.n.ParsingFacade   file:/home/runner/work/key/key/key.core/build/resources/main/de/uka/ilkd/key/proof/rules/floatRulesVerifyNormal.key took 0 ms to parse. 
1607       WARN  main            d.u.i.k.n.ParsingFacade   Parsing time 223 ms. 
1612       WARN  main            d.u.i.k.n.ParsingFacade   file:/home/runner/work/key/key/key.core/build/resources/main/de/uka/ilkd/key/proof/rules/floatRulesAssumeStrictfp.key took 4 ms to parse. 
1612       WARN  main            d.u.i.k.n.ParsingFacade   Parsing time 227 ms. 
1646       WARN  main            d.u.i.k.n.ParsingFacade   file:/home/runner/work/key/key/key.core/build/resources/main/de/uka/ilkd/key/proof/rules/genericRules.key took 7 ms to parse. 
1646       WARN  main            d.u.i.k.n.ParsingFacade   Parsing time 234 ms. 
1655       WARN  main            d.u.i.k.n.ParsingFacade   file:/home/runner/work/key/key/key.core/build/resources/main/de/uka/ilkd/key/proof/rules/booleanRules.key took 1 ms to parse. 
1655       WARN  main            d.u.i.k.n.ParsingFacade   Parsing time 235 ms. 
1657       WARN  main            d.u.i.k.n.ParsingFacade   file:/home/runner/work/key/key/key.core/build/resources/main/de/uka/ilkd/key/proof/rules/epsilon.key took 0 ms to parse. 
1658       WARN  main            d.u.i.k.n.ParsingFacade   Parsing time 235 ms. 
1667       WARN  main            d.u.i.k.n.ParsingFacade   file:/home/runner/work/key/key/key.core/build/resources/main/de/uka/ilkd/key/proof/rules/locSetsRules.key took 8 ms to parse. 
1667       WARN  main            d.u.i.k.n.ParsingFacade   Parsing time 243 ms. 
1723       WARN  main            d.u.i.k.n.ParsingFacade   file:/home/runner/work/key/key/key.core/build/resources/main/de/uka/ilkd/key/proof/rules/heapRules.key took 6 ms to parse. 
1724       WARN  main            d.u.i.k.n.ParsingFacade   Parsing time 249 ms. 
1754       WARN  main            d.u.i.k.n.ParsingFacade   file:/home/runner/work/key/key/key.core/build/resources/main/de/uka/ilkd/key/proof/rules/permissionRules.key took 3 ms to parse. 
1755       WARN  main            d.u.i.k.n.ParsingFacade   Parsing time 252 ms. 
1772       WARN  main            d.u.i.k.n.ParsingFacade   file:/home/runner/work/key/key/key.core/build/resources/main/de/uka/ilkd/key/proof/rules/reachRules.key took 2 ms to parse. 
1773       WARN  main            d.u.i.k.n.ParsingFacade   Parsing time 254 ms. 
1785       WARN  main            d.u.i.k.n.ParsingFacade   file:/home/runner/work/key/key/key.core/build/resources/main/de/uka/ilkd/key/proof/rules/seqCoreRules.key took 1 ms to parse. 
1785       WARN  main            d.u.i.k.n.ParsingFacade   Parsing time 255 ms. 
1791       WARN  main            d.u.i.k.n.ParsingFacade   file:/home/runner/work/key/key/key.core/build/resources/main/de/uka/ilkd/key/proof/rules/seqRules.key took 4 ms to parse. 
1791       WARN  main            d.u.i.k.n.ParsingFacade   Parsing time 259 ms. 
1834       WARN  main            d.u.i.k.n.ParsingFacade   file:/home/runner/work/key/key/key.core/build/resources/main/de/uka/ilkd/key/proof/rules/seqPerm.key took 4 ms to parse. 
1834       WARN  main            d.u.i.k.n.ParsingFacade   Parsing time 263 ms. 
1848       WARN  main            d.u.i.k.n.ParsingFacade   file:/home/runner/work/key/key/key.core/build/resources/main/de/uka/ilkd/key/proof/rules/seqPerm2.key took 0 ms to parse. 
1848       WARN  main            d.u.i.k.n.ParsingFacade   Parsing time 263 ms. 
1906       WARN  main            d.u.i.k.n.ParsingFacade   file:/home/runner/work/key/key/key.core/build/resources/main/de/uka/ilkd/key/proof/rules/javaRules.key took 52 ms to parse. 
1906       WARN  main            d.u.i.k.n.ParsingFacade   Parsing time 315 ms. 
1915       WARN  main            d.u.i.k.n.ParsingFacade   file:/home/runner/work/key/key/key.core/build/resources/main/de/uka/ilkd/key/proof/rules/assertions.key took 2 ms to parse. 
1915       WARN  main            d.u.i.k.n.ParsingFacade   Parsing time 317 ms. 
2504       WARN  main            d.u.i.k.n.ParsingFacade   file:/home/runner/work/key/key/key.core/build/resources/main/de/uka/ilkd/key/proof/rules/loopRules.key took 1 ms to parse. 
2504       WARN  main            d.u.i.k.n.ParsingFacade   Parsing time 318 ms. 
2512       WARN  main            d.u.i.k.n.ParsingFacade   file:/home/runner/work/key/key/key.core/build/resources/main/de/uka/ilkd/key/proof/rules/activeUse.key took 1 ms to parse. 
2513       WARN  main            d.u.i.k.n.ParsingFacade   Parsing time 319 ms. 
2548       WARN  main            d.u.i.k.n.ParsingFacade   file:/home/runner/work/key/key/key.core/build/resources/main/de/uka/ilkd/key/proof/rules/instanceAllocation.key took 3 ms to parse. 
2549       WARN  main            d.u.i.k.n.ParsingFacade   Parsing time 322 ms. 
2559       WARN  main            d.u.i.k.n.ParsingFacade   file:/home/runner/work/key/key/key.core/build/resources/main/de/uka/ilkd/key/proof/rules/java5.key took 0 ms to parse. 
2559       WARN  main            d.u.i.k.n.ParsingFacade   Parsing time 322 ms. 
2564       WARN  main            d.u.i.k.n.ParsingFacade   file:/home/runner/work/key/key/key.core/build/resources/main/de/uka/ilkd/key/proof/rules/integerAssignment2UpdateRules.key took 3 ms to parse. 
2564       WARN  main            d.u.i.k.n.ParsingFacade   Parsing time 325 ms. 
2593       WARN  main            d.u.i.k.n.ParsingFacade   file:/home/runner/work/key/key/key.core/build/resources/main/de/uka/ilkd/key/proof/rules/floatAssignment2UpdateRules.key took 4 ms to parse. 
2593       WARN  main            d.u.i.k.n.ParsingFacade   Parsing time 329 ms. 
2613       WARN  main            d.u.i.k.n.ParsingFacade   file:/home/runner/work/key/key/key.core/build/resources/main/de/uka/ilkd/key/proof/rules/bigint.key took 2 ms to parse. 
2614       WARN  main            d.u.i.k.n.ParsingFacade   Parsing time 331 ms. 
2650       DEBUG main            d.u.i.k.j.TypeConverter   No LDT found for JavaBigintExpression 
2654       WARN  main            d.u.i.k.n.ParsingFacade   file:/home/runner/work/key/key/key.core/build/resources/main/de/uka/ilkd/key/proof/rules/adtProgramDecompositionRules.key took 1 ms to parse. 
2655       WARN  main            d.u.i.k.n.ParsingFacade   Parsing time 332 ms. 
2669       WARN  main            d.u.i.k.n.ParsingFacade   file:/home/runner/work/key/key/key.core/build/resources/main/de/uka/ilkd/key/proof/rules/precRules.key took 0 ms to parse. 
2669       WARN  main            d.u.i.k.n.ParsingFacade   Parsing time 332 ms. 
2673       WARN  main            d.u.i.k.n.ParsingFacade   file:/home/runner/work/key/key/key.core/build/resources/main/de/uka/ilkd/key/proof/rules/charListRules.key took 2 ms to parse. 
2673       WARN  main            d.u.i.k.n.ParsingFacade   Parsing time 334 ms. 
2682       WARN  main            d.u.i.k.n.ParsingFacade   file:/home/runner/work/key/key/key.core/build/resources/main/de/uka/ilkd/key/proof/rules/regExTheory.key took 0 ms to parse. 
2682       WARN  main            d.u.i.k.n.ParsingFacade   Parsing time 334 ms. 
2683       WARN  main            d.u.i.k.n.ParsingFacade   file:/home/runner/work/key/key/key.core/build/resources/main/de/uka/ilkd/key/proof/rules/regExHeader.key took 0 ms to parse. 
2683       WARN  main            d.u.i.k.n.ParsingFacade   Parsing time 334 ms. 
2684       WARN  main            d.u.i.k.n.ParsingFacade   file:/home/runner/work/key/key/key.core/build/resources/main/de/uka/ilkd/key/proof/rules/regExAxioms.key took 0 ms to parse. 
2684       WARN  main            d.u.i.k.n.ParsingFacade   Parsing time 334 ms. 
2687       WARN  main            d.u.i.k.n.ParsingFacade   file:/home/runner/work/key/key/key.core/build/resources/main/de/uka/ilkd/key/proof/rules/regExLemmaProven.key took 1 ms to parse. 
2687       WARN  main            d.u.i.k.n.ParsingFacade   Parsing time 335 ms. 
2692       WARN  main            d.u.i.k.n.ParsingFacade   file:/home/runner/work/key/key/key.core/build/resources/main/de/uka/ilkd/key/proof/rules/seqEq.key took 1 ms to parse. 
2692       WARN  main            d.u.i.k.n.ParsingFacade   Parsing time 336 ms. 
2697       WARN  main            d.u.i.k.n.ParsingFacade   file:/home/runner/work/key/key/key.core/build/resources/main/de/uka/ilkd/key/proof/rules/infFlow.key took 1 ms to parse. 
2697       WARN  main            d.u.i.k.n.ParsingFacade   Parsing time 337 ms. 
2701       WARN  main            d.u.i.k.n.ParsingFacade   file:/home/runner/work/key/key/key.core/build/resources/main/de/uka/ilkd/key/proof/rules/mapSize.key took 1 ms to parse. 
2701       WARN  main            d.u.i.k.n.ParsingFacade   Parsing time 338 ms. 
2703       WARN  main            d.u.i.k.n.ParsingFacade   file:/home/runner/work/key/key/key.core/build/resources/main/de/uka/ilkd/key/proof/rules/wd.key took 0 ms to parse. 
2703       WARN  main            d.u.i.k.n.ParsingFacade   Parsing time 338 ms. 
2709       WARN  main            d.u.i.k.n.ParsingFacade   file:/home/runner/work/key/key/key.core/build/resources/main/de/uka/ilkd/key/proof/rules/wdHeader.key took 0 ms to parse. 
2709       WARN  main            d.u.i.k.n.ParsingFacade   Parsing time 338 ms. 
2710       WARN  main            d.u.i.k.n.ParsingFacade   file:/home/runner/work/key/key/key.core/build/resources/main/de/uka/ilkd/key/proof/rules/wdGeneralRules.key took 0 ms to parse. 
2711       WARN  main            d.u.i.k.n.ParsingFacade   Parsing time 338 ms. 
2718       WARN  main            d.u.i.k.n.ParsingFacade   file:/home/runner/work/key/key/key.core/build/resources/main/de/uka/ilkd/key/proof/rules/wdNumericalRules.key took 3 ms to parse. 
2718       WARN  main            d.u.i.k.n.ParsingFacade   Parsing time 341 ms. 
2735       WARN  main            d.u.i.k.n.ParsingFacade   file:/home/runner/work/key/key/key.core/build/resources/main/de/uka/ilkd/key/proof/rules/wdLocSetRules.key took 1 ms to parse. 
2735       WARN  main            d.u.i.k.n.ParsingFacade   Parsing time 342 ms. 
2739       WARN  main            d.u.i.k.n.ParsingFacade   file:/home/runner/work/key/key/key.core/build/resources/main/de/uka/ilkd/key/proof/rules/wdHeapRules.key took 0 ms to parse. 
2739       WARN  main            d.u.i.k.n.ParsingFacade   Parsing time 342 ms. 
2743       WARN  main            d.u.i.k.n.ParsingFacade   file:/home/runner/work/key/key/key.core/build/resources/main/de/uka/ilkd/key/proof/rules/wdReachRules.key took 0 ms to parse. 
2743       WARN  main            d.u.i.k.n.ParsingFacade   Parsing time 342 ms. 
2745       WARN  main            d.u.i.k.n.ParsingFacade   file:/home/runner/work/key/key/key.core/build/resources/main/de/uka/ilkd/key/proof/rules/wdSeqRules.key took 1 ms to parse. 
2745       WARN  main            d.u.i.k.n.ParsingFacade   Parsing time 343 ms. 
2747       WARN  main            d.u.i.k.n.ParsingFacade   file:/home/runner/work/key/key/key.core/build/resources/main/de/uka/ilkd/key/proof/rules/wdStringRules.key took 0 ms to parse. 
2747       WARN  main            d.u.i.k.n.ParsingFacade   Parsing time 343 ms. 
2750       WARN  main            d.u.i.k.n.ParsingFacade   file:/home/runner/work/key/key/key.core/build/resources/main/de/uka/ilkd/key/proof/rules/wdRegExRules.key took 0 ms to parse. 
2750       WARN  main            d.u.i.k.n.ParsingFacade   Parsing time 343 ms. 
2755       WARN  main            d.u.i.k.n.ParsingFacade   file:/home/runner/work/key/key/key.core/build/resources/main/de/uka/ilkd/key/proof/rules/wdFormulaRules.key took 3 ms to parse. 
2755       WARN  main            d.u.i.k.n.ParsingFacade   Parsing time 346 ms. 
2765       WARN  main            d.u.i.k.n.ParsingFacade   file:/home/runner/work/key/key/key.core/build/resources/main/de/uka/ilkd/key/proof/rules/loopInvariantRules.key took 0 ms to parse. 
2765       WARN  main            d.u.i.k.n.ParsingFacade   Parsing time 346 ms. 
2766       WARN  main            d.u.i.k.n.ParsingFacade   file:/home/runner/work/key/key/key.core/build/resources/main/de/uka/ilkd/key/proof/rules/forLoopRules.key took 0 ms to parse. 
2767       WARN  main            d.u.i.k.n.ParsingFacade   Parsing time 346 ms. 
2774       WARN  main            d.u.i.k.n.ParsingFacade   file:/home/runner/work/key/key/key.core/build/resources/main/de/uka/ilkd/key/proof/rules/execRules.key took 4 ms to parse. 
2774       WARN  main            d.u.i.k.n.ParsingFacade   Parsing time 350 ms. 
2873       WARN  main            d.u.i.k.n.ParsingFacade   file:/home/runner/work/key/key/key.core/build/resources/main/de/uka/ilkd/key/proof/rules/loopScopeRules.key took 27 ms to parse. 
2873       WARN  main            d.u.i.k.n.ParsingFacade   Parsing time 377 ms. 
6929       DEBUG main            d.u.i.k.p.i.AbstractProblemLoader Init config took 6.21s 
7044       INFO  main            d.u.i.k.p.i.AbstractProblemLoader Replaying proof Examples[Examples::updateBalance(short)].JML normal_behavior operation contract.0 
7076       DEBUG main            d.u.i.k.p.i.IntermediateProofReplayer Proof replay took 29.9ns 
7078       WARN  main            d.u.i.k.n.ParsingFacade   /home/runner/work/key/key/key.core/../key.ui/examples/heap/javacard/updateBalance0.key took 0 ms to parse. 
7078       WARN  main            d.u.i.k.n.ParsingFacade   Parsing time 377 ms. 
8420       INFO  main            d.u.i.k.p.r.p.TestFile    ... finished proof: closed. 
8528       INFO  main            d.u.i.k.p.i.AbstractProblemLoader Loading environment from /home/runner/work/key/key/key.core/../key.ui/examples/heap/javacard/updateBalance0.key.proof 
8528       DEBUG main            d.u.i.k.p.i.AbstractProblemLoader Environment load took 135.6ns 
8538       WARN  main            d.u.i.k.n.ParsingFacade   /home/runner/work/key/key/key.core/../key.ui/examples/heap/javacard/updateBalance0.key.proof took 10 ms to parse. 
8538       WARN  main            d.u.i.k.n.ParsingFacade   Parsing time 387 ms. 
8539       INFO  main            d.u.i.k.p.i.AbstractProblemLoader Creating init config 
10285      DEBUG main            d.u.i.k.p.i.AbstractProblemLoader Init config took 1.75s 
10338      INFO  main            d.u.i.k.p.i.AbstractProblemLoader Replaying proof Examples[Examples::updateBalance(short)].JML normal_behavior operation contract.0 
10569      DEBUG main            d.u.i.k.p.i.IntermediateProofReplayer Proof replay took 223.33ms 
10571      WARN  main            d.u.i.k.n.ParsingFacade   /home/runner/work/key/key/key.core/../key.ui/examples/heap/javacard/updateBalance0.key.proof took 0 ms to parse. 
10571      WARN  main            d.u.i.k.n.ParsingFacade   Parsing time 387 ms. 
10580      DEBUG main            d.u.i.k.p.r.p.TestFile    ... success: reloaded. 
10587      INFO  main            d.u.i.k.p.r.p.TestFile    Now processing file /home/runner/work/key/key/key.core/../key.ui/examples/heap/javacard/updateBalance1.key 
10588      INFO  main            d.u.i.k.p.i.AbstractProblemLoader Loading environment from /home/runner/work/key/key/key.core/../key.ui/examples/heap/javacard/updateBalance1.key 
10588      DEBUG main            d.u.i.k.p.i.AbstractProblemLoader Environment load took 242.6ns 
10588      WARN  main            d.u.i.k.n.ParsingFacade   /home/runner/work/key/key/key.core/../key.ui/examples/heap/javacard/updateBalance1.key took 0 ms to parse. 
10588      WARN  main            d.u.i.k.n.ParsingFacade   Parsing time 387 ms. 
10591      INFO  main            d.u.i.k.p.i.AbstractProblemLoader Creating init config 
12312      DEBUG main            d.u.i.k.p.i.AbstractProblemLoader Init config took 1.72s 
12361      INFO  main            d.u.i.k.p.i.AbstractProblemLoader Replaying proof Examples[Examples::updateBalance(short)].JML normal_behavior operation contract.1 
12364      DEBUG main            d.u.i.k.p.i.IntermediateProofReplayer Proof replay took 5.8ns 
12365      WARN  main            d.u.i.k.n.ParsingFacade   /home/runner/work/key/key/key.core/../key.ui/examples/heap/javacard/updateBalance1.key took 1 ms to parse. 
12365      WARN  main            d.u.i.k.n.ParsingFacade   Parsing time 388 ms. 
12975      INFO  main            d.u.i.k.p.r.p.TestFile    ... finished proof: closed. 
13085      INFO  main            d.u.i.k.p.i.AbstractProblemLoader Loading environment from /home/runner/work/key/key/key.core/../key.ui/examples/heap/javacard/updateBalance1.key.proof 
13085      DEBUG main            d.u.i.k.p.i.AbstractProblemLoader Environment load took 678.31ns 
13086      WARN  main            d.u.i.k.n.ParsingFacade   /home/runner/work/key/key/key.core/../key.ui/examples/heap/javacard/updateBalance1.key.proof took 0 ms to parse. 
13086      WARN  main            d.u.i.k.n.ParsingFacade   Parsing time 388 ms. 
13088      INFO  main            d.u.i.k.p.i.AbstractProblemLoader Creating init config 
14723      DEBUG main            d.u.i.k.p.i.AbstractProblemLoader Init config took 1.64s 
14767      INFO  main            d.u.i.k.p.i.AbstractProblemLoader Replaying proof Examples[Examples::updateBalance(short)].JML normal_behavior operation contract.1 
14921      DEBUG main            d.u.i.k.p.i.IntermediateProofReplayer Proof replay took 149.44ms 
14922      WARN  main            d.u.i.k.n.ParsingFacade   /home/runner/work/key/key/key.core/../key.ui/examples/heap/javacard/updateBalance1.key.proof took 0 ms to parse. 
14922      WARN  main            d.u.i.k.n.ParsingFacade   Parsing time 388 ms. 
14924      DEBUG main            d.u.i.k.p.r.p.TestFile    ... success: reloaded. 
14926      INFO  main            d.u.i.k.p.r.p.TestFile    Now processing file /home/runner/work/key/key/key.core/../key.ui/examples/heap/javacard/setArray1.key 
14926      INFO  main            d.u.i.k.p.i.AbstractProblemLoader Loading environment from /home/runner/work/key/key/key.core/../key.ui/examples/heap/javacard/setArray1.key 
14926      DEBUG main            d.u.i.k.p.i.AbstractProblemLoader Environment load took 213.8ns 
14927      WARN  main            d.u.i.k.n.ParsingFacade   /home/runner/work/key/key/key.core/../key.ui/examples/heap/javacard/setArray1.key took 0 ms to parse. 
14927      WARN  main            d.u.i.k.n.ParsingFacade   Parsing time 388 ms. 
14928      INFO  main            d.u.i.k.p.i.AbstractProblemLoader Creating init config 
16504      DEBUG main            d.u.i.k.p.i.AbstractProblemLoader Init config took 1.58s 
16551      INFO  main            d.u.i.k.p.i.AbstractProblemLoader Replaying proof Examples[Examples::setArray1([B)].JML normal_behavior operation contract.0 
16554      DEBUG main            d.u.i.k.p.i.IntermediateProofReplayer Proof replay took 6.6ns 
16554      WARN  main            d.u.i.k.n.ParsingFacade   /home/runner/work/key/key/key.core/../key.ui/examples/heap/javacard/setArray1.key took 0 ms to parse. 
16555      WARN  main            d.u.i.k.n.ParsingFacade   Parsing time 388 ms. 
17660      INFO  main            d.u.i.k.p.r.p.TestFile    ... finished proof: closed. 
17768      INFO  main            d.u.i.k.p.i.AbstractProblemLoader Loading environment from /home/runner/work/key/key/key.core/../key.ui/examples/heap/javacard/setArray1.key.proof 
17769      DEBUG main            d.u.i.k.p.i.AbstractProblemLoader Environment load took 442.71ns 
17769      WARN  main            d.u.i.k.n.ParsingFacade   /home/runner/work/key/key/key.core/../key.ui/examples/heap/javacard/setArray1.key.proof took 0 ms to parse. 
17769      WARN  main            d.u.i.k.n.ParsingFacade   Parsing time 388 ms. 
17770      INFO  main            d.u.i.k.p.i.AbstractProblemLoader Creating init config 
19328      DEBUG main            d.u.i.k.p.i.AbstractProblemLoader Init config took 1.56s 
19367      INFO  main            d.u.i.k.p.i.AbstractProblemLoader Replaying proof Examples[Examples::setArray1([B)].JML normal_behavior operation contract.0 
19572      DEBUG main            d.u.i.k.p.i.IntermediateProofReplayer Proof replay took 198.97ms 
19573      WARN  main            d.u.i.k.n.ParsingFacade   /home/runner/work/key/key/key.core/../key.ui/examples/heap/javacard/setArray1.key.proof took 0 ms to parse. 
19573      WARN  main            d.u.i.k.n.ParsingFacade   Parsing time 388 ms. 
19574      DEBUG main            d.u.i.k.p.r.p.TestFile    ... success: reloaded. 
19581      INFO  main            d.u.i.k.p.r.p.TestFile    Now processing file /home/runner/work/key/key/key.core/../key.ui/examples/heap/javacard/setArray2.key 
19581      INFO  main            d.u.i.k.p.i.AbstractProblemLoader Loading environment from /home/runner/work/key/key/key.core/../key.ui/examples/heap/javacard/setArray2.key 
19582      DEBUG main            d.u.i.k.p.i.AbstractProblemLoader Environment load took 253.21ns 
19582      WARN  main            d.u.i.k.n.ParsingFacade   /home/runner/work/key/key/key.core/../key.ui/examples/heap/javacard/setArray2.key took 0 ms to parse. 
19582      WARN  main            d.u.i.k.n.ParsingFacade   Parsing time 388 ms. 
19583      INFO  main            d.u.i.k.p.i.AbstractProblemLoader Creating init config 
21261      DEBUG main            d.u.i.k.p.i.AbstractProblemLoader Init config took 1.68s 
21299      INFO  main            d.u.i.k.p.i.AbstractProblemLoader Replaying proof Examples[Examples::setArray2([B)].JML normal_behavior operation contract.0 
21301      DEBUG main            d.u.i.k.p.i.IntermediateProofReplayer Proof replay took 6.1ns 
21301      WARN  main            d.u.i.k.n.ParsingFacade   /home/runner/work/key/key/key.core/../key.ui/examples/heap/javacard/setArray2.key took 0 ms to parse. 
21302      WARN  main            d.u.i.k.n.ParsingFacade   Parsing time 388 ms. 
22508      INFO  main            d.u.i.k.p.r.p.TestFile    ... finished proof: closed. 
22637      INFO  main            d.u.i.k.p.i.AbstractProblemLoader Loading environment from /home/runner/work/key/key/key.core/../key.ui/examples/heap/javacard/setArray2.key.proof 
22638      DEBUG main            d.u.i.k.p.i.AbstractProblemLoader Environment load took 450.91ns 
22638      WARN  main            d.u.i.k.n.ParsingFacade   /home/runner/work/key/key/key.core/../key.ui/examples/heap/javacard/setArray2.key.proof took 0 ms to parse. 
22638      WARN  main            d.u.i.k.n.ParsingFacade   Parsing time 388 ms. 
22639      INFO  main            d.u.i.k.p.i.AbstractProblemLoader Creating init config 
24176      DEBUG main            d.u.i.k.p.i.AbstractProblemLoader Init config took 1.54s 
24214      INFO  main            d.u.i.k.p.i.AbstractProblemLoader Replaying proof Examples[Examples::setArray2([B)].JML normal_behavior operation contract.0 
24423      DEBUG main            d.u.i.k.p.i.IntermediateProofReplayer Proof replay took 203.98ms 
24424      WARN  main            d.u.i.k.n.ParsingFacade   /home/runner/work/key/key/key.core/../key.ui/examples/heap/javacard/setArray2.key.proof took 0 ms to parse. 
24425      WARN  main            d.u.i.k.n.ParsingFacade   Parsing time 388 ms. 
24426      DEBUG main            d.u.i.k.p.r.p.TestFile    ... success: reloaded. 
24428      INFO  main            d.u.i.k.p.r.p.TestFile    Now processing file /home/runner/work/key/key/key.core/../key.ui/examples/heap/javacard/arrayFillNonAtomic.key 
24428      INFO  main            d.u.i.k.p.i.AbstractProblemLoader Loading environment from /home/runner/work/key/key/key.core/../key.ui/examples/heap/javacard/arrayFillNonAtomic.key 
24429      DEBUG main            d.u.i.k.p.i.AbstractProblemLoader Environment load took 202.7ns 
24429      WARN  main            d.u.i.k.n.ParsingFacade   /home/runner/work/key/key/key.core/../key.ui/examples/heap/javacard/arrayFillNonAtomic.key took 0 ms to parse. 
24429      WARN  main            d.u.i.k.n.ParsingFacade   Parsing time 388 ms. 
24430      INFO  main            d.u.i.k.p.i.AbstractProblemLoader Creating init config 
26041      DEBUG main            d.u.i.k.p.i.AbstractProblemLoader Init config took 1.61s 
26094      INFO  main            d.u.i.k.p.i.AbstractProblemLoader Replaying proof javacard.framework.Util[javacard.framework.Util::arrayFillNonAtomic([B,short,short,byte)].JML behavior operation contract.0.transaction_inactive 
26096      DEBUG main            d.u.i.k.p.i.IntermediateProofReplayer Proof replay took 6.2ns 
26097      WARN  main            d.u.i.k.n.ParsingFacade   /home/runner/work/key/key/key.core/../key.ui/examples/heap/javacard/arrayFillNonAtomic.key took 0 ms to parse. 
26097      WARN  main            d.u.i.k.n.ParsingFacade   Parsing time 388 ms. 
27025      DEBUG Thread-13       d.u.i.k.l.o.ProgramSV     Match failed: Former match of  SchemaVariable incompatible with  the current match. 
27025      DEBUG Thread-13       d.u.i.k.l.o.ProgramSV     Match failed: Former match of  SchemaVariable incompatible with  the current match. 
28385      DEBUG Thread-13       d.u.i.k.l.o.ProgramSV     Match failed: Former match of  SchemaVariable incompatible with  the current match. 
28385      DEBUG Thread-13       d.u.i.k.l.o.ProgramSV     Match failed: Former match of  SchemaVariable incompatible with  the current match. 
29953      INFO  main            d.u.i.k.p.r.p.TestFile    ... finished proof: closed. 
30106      INFO  main            d.u.i.k.p.i.AbstractProblemLoader Loading environment from /home/runner/work/key/key/key.core/../key.ui/examples/heap/javacard/arrayFillNonAtomic.key.proof 
30107      DEBUG main            d.u.i.k.p.i.AbstractProblemLoader Environment load took 428.71ns 
30108      WARN  main            d.u.i.k.n.ParsingFacade   /home/runner/work/key/key/key.core/../key.ui/examples/heap/javacard/arrayFillNonAtomic.key.proof took 0 ms to parse. 
30108      WARN  main            d.u.i.k.n.ParsingFacade   Parsing time 388 ms. 
30109      INFO  main            d.u.i.k.p.i.AbstractProblemLoader Creating init config 
31646      DEBUG main            d.u.i.k.p.i.AbstractProblemLoader Init config took 1.54s 
31712      INFO  main            d.u.i.k.p.i.AbstractProblemLoader Replaying proof javacard.framework.Util[javacard.framework.Util::arrayFillNonAtomic([B,short,short,byte)].JML behavior operation contract.0.transaction_inactive 
32569      DEBUG main            d.u.i.k.p.i.IntermediateProofReplayer Proof replay took 841.18ms 
32570      WARN  main            d.u.i.k.n.ParsingFacade   /home/runner/work/key/key/key.core/../key.ui/examples/heap/javacard/arrayFillNonAtomic.key.proof took 0 ms to parse. 
32571      WARN  main            d.u.i.k.n.ParsingFacade   Parsing time 388 ms. 
32571      DEBUG main            d.u.i.k.p.r.p.TestFile    ... success: reloaded. 
32572      INFO  main            d.u.i.k.p.r.p.TestFile    Now processing file /home/runner/work/key/key/key.core/../key.ui/examples/heap/coincidence_count/project.key 
32572      INFO  main            d.u.i.k.p.i.AbstractProblemLoader Loading environment from /home/runner/work/key/key/key.core/../key.ui/examples/heap/coincidence_count/project.key 
32573      DEBUG main            d.u.i.k.p.i.AbstractProblemLoader Environment load took 200.7ns 
32573      WARN  main            d.u.i.k.n.ParsingFacade   /home/runner/work/key/key/key.core/../key.ui/examples/heap/coincidence_count/project.key took 0 ms to parse. 
32573      WARN  main            d.u.i.k.n.ParsingFacade   Parsing time 388 ms. 
32574      INFO  main            d.u.i.k.p.i.AbstractProblemLoader Creating init config 
34027      WARN  main            d.u.i.k.n.ParsingFacade   file:/home/runner/work/key/key/key.core/build/resources/main/de/uka/ilkd/key/java/JavaRedux/java/lang/String.key took 5 ms to parse. 
34028      WARN  main            d.u.i.k.n.ParsingFacade   Parsing time 393 ms. 
35969      DEBUG main            d.u.i.k.p.i.AbstractProblemLoader Init config took 3.39s 
36020      INFO  main            d.u.i.k.p.i.AbstractProblemLoader Replaying proof CC[CC::calcCoinIndex([I,[I)].JML normal_behavior operation contract.0 
36023      DEBUG main            d.u.i.k.p.i.IntermediateProofReplayer Proof replay took 7ns 
36024      WARN  main            d.u.i.k.n.ParsingFacade   /home/runner/work/key/key/key.core/../key.ui/examples/heap/coincidence_count/project.key took 0 ms to parse. 
36024      WARN  main            d.u.i.k.n.ParsingFacade   Parsing time 393 ms. 
54026      INFO  main            d.u.i.k.p.r.p.TestFile    ... finished proof: closed. 
54301      INFO  main            d.u.i.k.p.i.AbstractProblemLoader Loading environment from /home/runner/work/key/key/key.core/../key.ui/examples/heap/coincidence_count/project.key.proof 
54302      DEBUG main            d.u.i.k.p.i.AbstractProblemLoader Environment load took 452.11ns 
54305      WARN  main            d.u.i.k.n.ParsingFacade   /home/runner/work/key/key/key.core/../key.ui/examples/heap/coincidence_count/project.key.proof took 1 ms to parse. 
54305      WARN  main            d.u.i.k.n.ParsingFacade   Parsing time 394 ms. 
54306      INFO  main            d.u.i.k.p.i.AbstractProblemLoader Creating init config 
55159      WARN  main            d.u.i.k.n.ParsingFacade   file:/home/runner/work/key/key/key.core/build/resources/main/de/uka/ilkd/key/java/JavaRedux/java/lang/String.key took 1 ms to parse. 
55160      WARN  main            d.u.i.k.n.ParsingFacade   Parsing time 395 ms. 
56882      DEBUG main            d.u.i.k.p.i.AbstractProblemLoader Init config took 2.58s 
56922      INFO  main            d.u.i.k.p.i.AbstractProblemLoader Replaying proof CC[CC::calcCoinIndex([I,[I)].JML normal_behavior operation contract.0 
57898      DEBUG main            d.u.i.k.p.i.IntermediateProofReplayer Proof replay took 915.76ms 
57901      WARN  main            d.u.i.k.n.ParsingFacade   /home/runner/work/key/key/key.core/../key.ui/examples/heap/coincidence_count/project.key.proof took 0 ms to parse. 
57902      WARN  main            d.u.i.k.n.ParsingFacade   Parsing time 395 ms. 
57903      DEBUG main            d.u.i.k.p.r.p.TestFile    ... success: reloaded. 
57904      INFO  main            d.u.i.k.p.r.p.TestFile    Now processing file /home/runner/work/key/key/key.core/../key.ui/examples/heap/verifyThis11_1_Maximum/project.key 
57904      INFO  main            d.u.i.k.p.i.AbstractProblemLoader Loading environment from /home/runner/work/key/key/key.core/../key.ui/examples/heap/verifyThis11_1_Maximum/project.key 
57904      DEBUG main            d.u.i.k.p.i.AbstractProblemLoader Environment load took 220.9ns 
57905      WARN  main            d.u.i.k.n.ParsingFacade   /home/runner/work/key/key/key.core/../key.ui/examples/heap/verifyThis11_1_Maximum/project.key took 0 ms to parse. 
57905      WARN  main            d.u.i.k.n.ParsingFacade   Parsing time 395 ms. 
57906      INFO  main            d.u.i.k.p.i.AbstractProblemLoader Creating init config 
58845      WARN  main            d.u.i.k.n.ParsingFacade   file:/home/runner/work/key/key/key.core/build/resources/main/de/uka/ilkd/key/java/JavaRedux/java/lang/String.key took 1 ms to parse. 
58846      WARN  main            d.u.i.k.n.ParsingFacade   Parsing time 396 ms. 
60618      DEBUG main            d.u.i.k.p.i.AbstractProblemLoader Init config took 2.71s 
60658      INFO  main            d.u.i.k.p.i.AbstractProblemLoader Replaying proof Maximum[Maximum::maxIndex([I)].JML normal_behavior operation contract.0 
60660      DEBUG main            d.u.i.k.p.i.IntermediateProofReplayer Proof replay took 6.3ns 
60660      WARN  main            d.u.i.k.n.ParsingFacade   /home/runner/work/key/key/key.core/../key.ui/examples/heap/verifyThis11_1_Maximum/project.key took 0 ms to parse. 
60661      WARN  main            d.u.i.k.n.ParsingFacade   Parsing time 396 ms. 
61565      INFO  main            d.u.i.k.p.r.p.TestFile    ... finished proof: closed. 
61814      INFO  main            d.u.i.k.p.i.AbstractProblemLoader Loading environment from /home/runner/work/key/key/key.core/../key.ui/examples/heap/verifyThis11_1_Maximum/project.key.proof 
61814      DEBUG main            d.u.i.k.p.i.AbstractProblemLoader Environment load took 453.21ns 
61815      WARN  main            d.u.i.k.n.ParsingFacade   /home/runner/work/key/key/key.core/../key.ui/examples/heap/verifyThis11_1_Maximum/project.key.proof took 0 ms to parse. 
61815      WARN  main            d.u.i.k.n.ParsingFacade   Parsing time 396 ms. 
61816      INFO  main            d.u.i.k.p.i.AbstractProblemLoader Creating init config 
62683      WARN  main            d.u.i.k.n.ParsingFacade   file:/home/runner/work/key/key/key.core/build/resources/main/de/uka/ilkd/key/java/JavaRedux/java/lang/String.key took 1 ms to parse. 
62684      WARN  main            d.u.i.k.n.ParsingFacade   Parsing time 397 ms. 
64397      DEBUG main            d.u.i.k.p.i.AbstractProblemLoader Init config took 2.58s 
64440      INFO  main            d.u.i.k.p.i.AbstractProblemLoader Replaying proof Maximum[Maximum::maxIndex([I)].JML normal_behavior operation contract.0 
64614      DEBUG main            d.u.i.k.p.i.IntermediateProofReplayer Proof replay took 168.24ms 
64615      WARN  main            d.u.i.k.n.ParsingFacade   /home/runner/work/key/key/key.core/../key.ui/examples/heap/verifyThis11_1_Maximum/project.key.proof took 0 ms to parse. 
64616      WARN  main            d.u.i.k.n.ParsingFacade   Parsing time 397 ms. 
64616      DEBUG main            d.u.i.k.p.r.p.TestFile    ... success: reloaded. 
64617      INFO  main            d.u.i.k.p.r.p.TestFile    Now processing file /home/runner/work/key/key/key.core/../key.ui/examples/heap/fm12_01_LRS/lcp.key 
64617      INFO  main            d.u.i.k.p.i.AbstractProblemLoader Loading environment from /home/runner/work/key/key/key.core/../key.ui/examples/heap/fm12_01_LRS/lcp.key 
64618      DEBUG main            d.u.i.k.p.i.AbstractProblemLoader Environment load took 214.3ns 
64618      WARN  main            d.u.i.k.n.ParsingFacade   /home/runner/work/key/key/key.core/../key.ui/examples/heap/fm12_01_LRS/lcp.key took 0 ms to parse. 
64618      WARN  main            d.u.i.k.n.ParsingFacade   Parsing time 397 ms. 
64619      INFO  main            d.u.i.k.p.i.AbstractProblemLoader Creating init config 
65779      WARN  main            d.u.i.k.n.ParsingFacade   file:/home/runner/work/key/key/key.core/build/resources/main/de/uka/ilkd/key/java/JavaRedux/java/lang/String.key took 1 ms to parse. 
65780      WARN  main            d.u.i.k.n.ParsingFacade   Parsing time 398 ms. 
67892      DEBUG main            d.u.i.k.p.i.AbstractProblemLoader Init config took 3.27s 
67947      INFO  main            d.u.i.k.p.i.AbstractProblemLoader Replaying proof LCP[LCP::lcp([I,int,int)].JML normal_behavior operation contract.0 
67949      DEBUG main            d.u.i.k.p.i.IntermediateProofReplayer Proof replay took 5.8ns 
67950      WARN  main            d.u.i.k.n.ParsingFacade   /home/runner/work/key/key/key.core/../key.ui/examples/heap/fm12_01_LRS/lcp.key took 0 ms to parse. 
67950      WARN  main            d.u.i.k.n.ParsingFacade   Parsing time 398 ms. 
68854      INFO  main            d.u.i.k.p.r.p.TestFile    ... finished proof: closed. 
69111      INFO  main            d.u.i.k.p.i.AbstractProblemLoader Loading environment from /home/runner/work/key/key/key.core/../key.ui/examples/heap/fm12_01_LRS/lcp.key.proof 
69112      DEBUG main            d.u.i.k.p.i.AbstractProblemLoader Environment load took 455.91ns 
69112      WARN  main            d.u.i.k.n.ParsingFacade   /home/runner/work/key/key/key.core/../key.ui/examples/heap/fm12_01_LRS/lcp.key.proof took 0 ms to parse. 
69113      WARN  main            d.u.i.k.n.ParsingFacade   Parsing time 398 ms. 
69114      INFO  main            d.u.i.k.p.i.AbstractProblemLoader Creating init config 
70105      WARN  main            d.u.i.k.n.ParsingFacade   file:/home/runner/work/key/key/key.core/build/resources/main/de/uka/ilkd/key/java/JavaRedux/java/lang/String.key took 1 ms to parse. 
70105      WARN  main            d.u.i.k.n.ParsingFacade   Parsing time 399 ms. 
72125      DEBUG main            d.u.i.k.p.i.AbstractProblemLoader Init config took 3.01s 
72197      INFO  main            d.u.i.k.p.i.AbstractProblemLoader Replaying proof LCP[LCP::lcp([I,int,int)].JML normal_behavior operation contract.0 
72454      DEBUG main            d.u.i.k.p.i.IntermediateProofReplayer Proof replay took 250.13ms 
72454      WARN  main            d.u.i.k.n.ParsingFacade   /home/runner/work/key/key/key.core/../key.ui/examples/heap/fm12_01_LRS/lcp.key.proof took 0 ms to parse. 
72454      WARN  main            d.u.i.k.n.ParsingFacade   Parsing time 399 ms. 
72455      DEBUG main            d.u.i.k.p.r.p.TestFile    ... success: reloaded. 
72456      INFO  main            d.u.i.k.p.r.p.TestFile    Now processing file /home/runner/work/key/key/key.core/../key.ui/examples/heap/SemanticSlicing/project.key 
72456      INFO  main            d.u.i.k.p.i.AbstractProblemLoader Loading environment from /home/runner/work/key/key/key.core/../key.ui/examples/heap/SemanticSlicing/project.key 
72456      DEBUG main            d.u.i.k.p.i.AbstractProblemLoader Environment load took 95.5ns 
72456      WARN  main            d.u.i.k.n.ParsingFacade   /home/runner/work/key/key/key.core/../key.ui/examples/heap/SemanticSlicing/project.key took 0 ms to parse. 
72456      WARN  main            d.u.i.k.n.ParsingFacade   Parsing time 399 ms. 
72457      INFO  main            d.u.i.k.p.i.AbstractProblemLoader Creating init config 
73370      WARN  main            d.u.i.k.n.ParsingFacade   file:/home/runner/work/key/key/key.core/build/resources/main/de/uka/ilkd/key/java/JavaRedux/java/lang/String.key took 1 ms to parse. 
73371      WARN  main            d.u.i.k.n.ParsingFacade   Parsing time 400 ms. 
75205      DEBUG main            d.u.i.k.p.i.AbstractProblemLoader Init config took 2.75s 
75255      INFO  main            d.u.i.k.p.i.AbstractProblemLoader Replaying proof unsatcore_after.competition.postcond5.scope333.LRS[unsatcore_after.competition.postcond5.scope333.LRS::doLRS()].JML operation contract.0 
75257      DEBUG main            d.u.i.k.p.i.IntermediateProofReplayer Proof replay took 5.6ns 
75257      WARN  main            d.u.i.k.n.ParsingFacade   /home/runner/work/key/key/key.core/../key.ui/examples/heap/SemanticSlicing/project.key took 0 ms to parse. 
75257      WARN  main            d.u.i.k.n.ParsingFacade   Parsing time 400 ms. 
79231      INFO  main            d.u.i.k.p.r.p.TestFile    ... finished proof: closed. 
79503      INFO  main            d.u.i.k.p.i.AbstractProblemLoader Loading environment from /home/runner/work/key/key/key.core/../key.ui/examples/heap/SemanticSlicing/project.key.proof 
79505      DEBUG main            d.u.i.k.p.i.AbstractProblemLoader Environment load took 2.66ms 
79506      WARN  main            d.u.i.k.n.ParsingFacade   /home/runner/work/key/key/key.core/../key.ui/examples/heap/SemanticSlicing/project.key.proof took 0 ms to parse. 
79506      WARN  main            d.u.i.k.n.ParsingFacade   Parsing time 400 ms. 
79507      INFO  main            d.u.i.k.p.i.AbstractProblemLoader Creating init config 
80391      WARN  main            d.u.i.k.n.ParsingFacade   file:/home/runner/work/key/key/key.core/build/resources/main/de/uka/ilkd/key/java/JavaRedux/java/lang/String.key took 1 ms to parse. 
80391      WARN  main            d.u.i.k.n.ParsingFacade   Parsing time 401 ms. 
82147      DEBUG main            d.u.i.k.p.i.AbstractProblemLoader Init config took 2.64s 
82197      INFO  main            d.u.i.k.p.i.AbstractProblemLoader Replaying proof unsatcore_after.competition.postcond5.scope333.LRS[unsatcore_after.competition.postcond5.scope333.LRS::doLRS()].JML operation contract.0 
83032      DEBUG main            d.u.i.k.p.i.IntermediateProofReplayer Proof replay took 823.31ms 
83033      WARN  main            d.u.i.k.n.ParsingFacade   /home/runner/work/key/key/key.core/../key.ui/examples/heap/SemanticSlicing/project.key.proof took 0 ms to parse. 
83033      WARN  main            d.u.i.k.n.ParsingFacade   Parsing time 401 ms. 
83034      DEBUG main            d.u.i.k.p.r.p.TestFile    ... success: reloaded. 
83035      INFO  main            d.u.i.k.p.r.p.TestFile    Now processing file /home/runner/work/key/key/key.core/../key.ui/examples/heap/information_flow/ArrayList_contains.key 
83035      INFO  main            d.u.i.k.p.i.AbstractProblemLoader Loading environment from /home/runner/work/key/key/key.core/../key.ui/examples/heap/information_flow/ArrayList_contains.key 
83035      DEBUG main            d.u.i.k.p.i.AbstractProblemLoader Environment load took 205.71ns 
83036      WARN  main            d.u.i.k.n.ParsingFacade   /home/runner/work/key/key/key.core/../key.ui/examples/heap/information_flow/ArrayList_contains.key took 0 ms to parse. 
83036      WARN  main            d.u.i.k.n.ParsingFacade   Parsing time 401 ms. 
83037      INFO  main            d.u.i.k.p.i.AbstractProblemLoader Creating init config 
84079      WARN  main            d.u.i.k.n.ParsingFacade   file:/home/runner/work/key/key/key.core/build/resources/main/de/uka/ilkd/key/java/JavaRedux/java/lang/String.key took 2 ms to parse. 
84079      WARN  main            d.u.i.k.n.ParsingFacade   Parsing time 403 ms. 
85920      DEBUG main            d.u.i.k.p.i.AbstractProblemLoader Init config took 2.88s 
85990      INFO  main            d.u.i.k.p.i.AbstractProblemLoader Replaying proof ArrayList[ArrayList::get(int)].JML normal_behavior operation contract.0 
85991      DEBUG main            d.u.i.k.p.i.IntermediateProofReplayer Proof replay took 7ns 
85992      WARN  main            d.u.i.k.n.ParsingFacade   /home/runner/work/key/key/key.core/../key.ui/examples/heap/information_flow/ArrayList_contains.key took 0 ms to parse. 
85992      WARN  main            d.u.i.k.n.ParsingFacade   Parsing time 403 ms. 
86295      INFO  main            d.u.i.k.p.r.p.TestFile    ... finished proof: closed. 
86586      INFO  main            d.u.i.k.p.i.AbstractProblemLoader Loading environment from /home/runner/work/key/key/key.core/../key.ui/examples/heap/information_flow/ArrayList_contains.key.proof 
86586      DEBUG main            d.u.i.k.p.i.AbstractProblemLoader Environment load took 101.7ns 
86586      WARN  main            d.u.i.k.n.ParsingFacade   /home/runner/work/key/key/key.core/../key.ui/examples/heap/information_flow/ArrayList_contains.key.proof took 0 ms to parse. 
86586      WARN  main            d.u.i.k.n.ParsingFacade   Parsing time 403 ms. 
86587      INFO  main            d.u.i.k.p.i.AbstractProblemLoader Creating init config 
87535      WARN  main            d.u.i.k.n.ParsingFacade   file:/home/runner/work/key/key/key.core/build/resources/main/de/uka/ilkd/key/java/JavaRedux/java/lang/String.key took 1 ms to parse. 
87535      WARN  main            d.u.i.k.n.ParsingFacade   Parsing time 404 ms. 
89328      DEBUG main            d.u.i.k.p.i.AbstractProblemLoader Init config took 2.74s 
89365      INFO  main            d.u.i.k.p.i.AbstractProblemLoader Replaying proof ArrayList[ArrayList::get(int)].JML normal_behavior operation contract.0 
89432      DEBUG main            d.u.i.k.p.i.IntermediateProofReplayer Proof replay took 64.58ms 
89433      WARN  main            d.u.i.k.n.ParsingFacade   /home/runner/work/key/key/key.core/../key.ui/examples/heap/information_flow/ArrayList_contains.key.proof took 0 ms to parse. 
89433      WARN  main            d.u.i.k.n.ParsingFacade   Parsing time 404 ms. 
89434      DEBUG main            d.u.i.k.p.r.p.TestFile    ... success: reloaded. 
89435      INFO  main            d.u.i.k.p.r.p.TestFile    Now processing file /home/runner/work/key/key/key.core/../key.ui/examples/heap/information_flow/ArrayList_get.key 
89435      INFO  main            d.u.i.k.p.i.AbstractProblemLoader Loading environment from /home/runner/work/key/key/key.core/../key.ui/examples/heap/information_flow/ArrayList_get.key 
89435      DEBUG main            d.u.i.k.p.i.AbstractProblemLoader Environment load took 188.3ns 
89436      WARN  main            d.u.i.k.n.ParsingFacade   /home/runner/work/key/key/key.core/../key.ui/examples/heap/information_flow/ArrayList_get.key took 0 ms to parse. 
89436      WARN  main            d.u.i.k.n.ParsingFacade   Parsing time 404 ms. 
89436      INFO  main            d.u.i.k.p.i.AbstractProblemLoader Creating init config 
90404      WARN  main            d.u.i.k.n.ParsingFacade   file:/home/runner/work/key/key/key.core/build/resources/main/de/uka/ilkd/key/java/JavaRedux/java/lang/String.key took 1 ms to parse. 
90404      WARN  main            d.u.i.k.n.ParsingFacade   Parsing time 405 ms. 
92286      DEBUG main            d.u.i.k.p.i.AbstractProblemLoader Init config took 2.85s 
92323      INFO  main            d.u.i.k.p.i.AbstractProblemLoader Replaying proof ArrayList[ArrayList::contains(java.lang.Object)].JML normal_behavior operation contract.0 
92324      DEBUG main            d.u.i.k.p.i.IntermediateProofReplayer Proof replay took 5.5ns 
92325      WARN  main            d.u.i.k.n.ParsingFacade   /home/runner/work/key/key/key.core/../key.ui/examples/heap/information_flow/ArrayList_get.key took 0 ms to parse. 
92325      WARN  main            d.u.i.k.n.ParsingFacade   Parsing time 405 ms. 
93228      INFO  main            d.u.i.k.p.r.p.TestFile    ... finished proof: closed. 
93479      INFO  main            d.u.i.k.p.i.AbstractProblemLoader Loading environment from /home/runner/work/key/key/key.core/../key.ui/examples/heap/information_flow/ArrayList_get.key.proof 
93479      DEBUG main            d.u.i.k.p.i.AbstractProblemLoader Environment load took 418.41ns 
93480      WARN  main            d.u.i.k.n.ParsingFacade   /home/runner/work/key/key/key.core/../key.ui/examples/heap/information_flow/ArrayList_get.key.proof took 0 ms to parse. 
93481      WARN  main            d.u.i.k.n.ParsingFacade   Parsing time 405 ms. 
93482      INFO  main            d.u.i.k.p.i.AbstractProblemLoader Creating init config 
94431      WARN  main            d.u.i.k.n.ParsingFacade   file:/home/runner/work/key/key/key.core/build/resources/main/de/uka/ilkd/key/java/JavaRedux/java/lang/String.key took 1 ms to parse. 
94431      WARN  main            d.u.i.k.n.ParsingFacade   Parsing time 406 ms. 
96237      DEBUG main            d.u.i.k.p.i.AbstractProblemLoader Init config took 2.75s 
96275      INFO  main            d.u.i.k.p.i.AbstractProblemLoader Replaying proof ArrayList[ArrayList::contains(java.lang.Object)].JML normal_behavior operation contract.0 
96445      DEBUG main            d.u.i.k.p.i.IntermediateProofReplayer Proof replay took 166.06ms 
96446      WARN  main            d.u.i.k.n.ParsingFacade   /home/runner/work/key/key/key.core/../key.ui/examples/heap/information_flow/ArrayList_get.key.proof took 0 ms to parse. 
96446      WARN  main            d.u.i.k.n.ParsingFacade   Parsing time 406 ms. 
96447      DEBUG main            d.u.i.k.p.r.p.TestFile    ... success: reloaded. 
96448      INFO  main            d.u.i.k.p.r.p.TestFile    Now processing file /home/runner/work/key/key/key.core/../key.ui/examples/heap/information_flow/ArrayList_size.key 
96448      INFO  main            d.u.i.k.p.i.AbstractProblemLoader Loading environment from /home/runner/work/key/key/key.core/../key.ui/examples/heap/information_flow/ArrayList_size.key 
96448      DEBUG main            d.u.i.k.p.i.AbstractProblemLoader Environment load took 200.3ns 
96449      WARN  main            d.u.i.k.n.ParsingFacade   /home/runner/work/key/key/key.core/../key.ui/examples/heap/information_flow/ArrayList_size.key took 0 ms to parse. 
96449      WARN  main            d.u.i.k.n.ParsingFacade   Parsing time 406 ms. 
96449      INFO  main            d.u.i.k.p.i.AbstractProblemLoader Creating init config 
97453      WARN  main            d.u.i.k.n.ParsingFacade   file:/home/runner/work/key/key/key.core/build/resources/main/de/uka/ilkd/key/java/JavaRedux/java/lang/String.key took 1 ms to parse. 
97454      WARN  main            d.u.i.k.n.ParsingFacade   Parsing time 407 ms. 
99271      DEBUG main            d.u.i.k.p.i.AbstractProblemLoader Init config took 2.82s 
99308      INFO  main            d.u.i.k.p.i.AbstractProblemLoader Replaying proof ArrayList[ArrayList::size()].JML normal_behavior operation contract.0 
99309      DEBUG main            d.u.i.k.p.i.IntermediateProofReplayer Proof replay took 5.8ns 
99309      WARN  main            d.u.i.k.n.ParsingFacade   /home/runner/work/key/key/key.core/../key.ui/examples/heap/information_flow/ArrayList_size.key took 0 ms to parse. 
99309      WARN  main            d.u.i.k.n.ParsingFacade   Parsing time 407 ms. 
99411      INFO  main            d.u.i.k.p.r.p.TestFile    ... finished proof: closed. 
99669      INFO  main            d.u.i.k.p.i.AbstractProblemLoader Loading environment from /home/runner/work/key/key/key.core/../key.ui/examples/heap/information_flow/ArrayList_size.key.proof 
99669      DEBUG main            d.u.i.k.p.i.AbstractProblemLoader Environment load took 95.9ns 
99670      WARN  main            d.u.i.k.n.ParsingFacade   /home/runner/work/key/key/key.core/../key.ui/examples/heap/information_flow/ArrayList_size.key.proof took 0 ms to parse. 
99670      WARN  main            d.u.i.k.n.ParsingFacade   Parsing time 407 ms. 
99670      INFO  main            d.u.i.k.p.i.AbstractProblemLoader Creating init config 
100637     WARN  main            d.u.i.k.n.ParsingFacade   file:/home/runner/work/key/key/key.core/build/resources/main/de/uka/ilkd/key/java/JavaRedux/java/lang/String.key took 1 ms to parse. 
100637     WARN  main            d.u.i.k.n.ParsingFacade   Parsing time 408 ms. 
102423     DEBUG main            d.u.i.k.p.i.AbstractProblemLoader Init config took 2.75s 
102460     INFO  main            d.u.i.k.p.i.AbstractProblemLoader Replaying proof ArrayList[ArrayList::size()].JML normal_behavior operation contract.0 
102475     DEBUG main            d.u.i.k.p.i.IntermediateProofReplayer Proof replay took 12.67ms 
102475     WARN  main            d.u.i.k.n.ParsingFacade   /home/runner/work/key/key/key.core/../key.ui/examples/heap/information_flow/ArrayList_size.key.proof took 0 ms to parse. 
102475     WARN  main            d.u.i.k.n.ParsingFacade   Parsing time 408 ms. 
102475     DEBUG main            d.u.i.k.p.r.p.TestFile    ... success: reloaded. 
102476     INFO  main            d.u.i.k.p.r.p.TestFile    Now processing file /home/runner/work/key/key/key.core/../key.ui/examples/heap/information_flow/UpdateAbstraction_ex7_3_secure.key 
102476     INFO  main            d.u.i.k.p.i.AbstractProblemLoader Loading environment from /home/runner/work/key/key/key.core/../key.ui/examples/heap/information_flow/UpdateAbstraction_ex7_3_secure.key 
102476     DEBUG main            d.u.i.k.p.i.AbstractProblemLoader Environment load took 66ns 
102476     WARN  main            d.u.i.k.n.ParsingFacade   /home/runner/work/key/key/key.core/../key.ui/examples/heap/information_flow/UpdateAbstraction_ex7_3_secure.key took 0 ms to parse. 
102476     WARN  main            d.u.i.k.n.ParsingFacade   Parsing time 408 ms. 
102477     INFO  main            d.u.i.k.p.i.AbstractProblemLoader Creating init config 
103425     WARN  main            d.u.i.k.n.ParsingFacade   file:/home/runner/work/key/key/key.core/build/resources/main/de/uka/ilkd/key/java/JavaRedux/java/lang/String.key took 1 ms to parse. 
103425     WARN  main            d.u.i.k.n.ParsingFacade   Parsing time 409 ms. 
105265     DEBUG main            d.u.i.k.p.i.AbstractProblemLoader Init config took 2.79s 
105300     INFO  main            d.u.i.k.p.i.AbstractProblemLoader Replaying proof UpdateAbstraction[UpdateAbstraction::ex7_3_secure()].JML operation contract.0 
105301     DEBUG main            d.u.i.k.p.i.IntermediateProofReplayer Proof replay took 6.5ns 
105302     WARN  main            d.u.i.k.n.ParsingFacade   /home/runner/work/key/key/key.core/../key.ui/examples/heap/information_flow/UpdateAbstraction_ex7_3_secure.key took 0 ms to parse. 
105302     WARN  main            d.u.i.k.n.ParsingFacade   Parsing time 409 ms. 
105506     INFO  main            d.u.i.k.p.r.p.TestFile    ... finished proof: closed. 
105769     INFO  main            d.u.i.k.p.i.AbstractProblemLoader Loading environment from /home/runner/work/key/key/key.core/../key.ui/examples/heap/information_flow/UpdateAbstraction_ex7_3_secure.key.proof 
105769     DEBUG main            d.u.i.k.p.i.AbstractProblemLoader Environment load took 93.6ns 
105769     WARN  main            d.u.i.k.n.ParsingFacade   /home/runner/work/key/key/key.core/../key.ui/examples/heap/information_flow/UpdateAbstraction_ex7_3_secure.key.proof took 0 ms to parse. 
105769     WARN  main            d.u.i.k.n.ParsingFacade   Parsing time 409 ms. 
105770     INFO  main            d.u.i.k.p.i.AbstractProblemLoader Creating init config 
106717     WARN  main            d.u.i.k.n.ParsingFacade   file:/home/runner/work/key/key/key.core/build/resources/main/de/uka/ilkd/key/java/JavaRedux/java/lang/String.key took 1 ms to parse. 
106717     WARN  main            d.u.i.k.n.ParsingFacade   Parsing time 410 ms. 
108490     DEBUG main            d.u.i.k.p.i.AbstractProblemLoader Init config took 2.72s 
108527     INFO  main            d.u.i.k.p.i.AbstractProblemLoader Replaying proof UpdateAbstraction[UpdateAbstraction::ex7_3_secure()].JML operation contract.0 
108558     DEBUG main            d.u.i.k.p.i.IntermediateProofReplayer Proof replay took 28.36ms 
108559     WARN  main            d.u.i.k.n.ParsingFacade   /home/runner/work/key/key/key.core/../key.ui/examples/heap/information_flow/UpdateAbstraction_ex7_3_secure.key.proof took 0 ms to parse. 
108559     WARN  main            d.u.i.k.n.ParsingFacade   Parsing time 410 ms. 
108559     DEBUG main            d.u.i.k.p.r.p.TestFile    ... success: reloaded. 
108560     INFO  main            d.u.i.k.p.r.p.TestFile    Now processing file /home/runner/work/key/key/key.core/../key.ui/examples/heap/information_flow/UpdateAbstraction_ex7_4_secure.key 
108560     INFO  main            d.u.i.k.p.i.AbstractProblemLoader Loading environment from /home/runner/work/key/key/key.core/../key.ui/examples/heap/information_flow/UpdateAbstraction_ex7_4_secure.key 
108560     DEBUG main            d.u.i.k.p.i.AbstractProblemLoader Environment load took 69.7ns 
108560     WARN  main            d.u.i.k.n.ParsingFacade   /home/runner/work/key/key/key.core/../key.ui/examples/heap/information_flow/UpdateAbstraction_ex7_4_secure.key took 0 ms to parse. 
108561     WARN  main            d.u.i.k.n.ParsingFacade   Parsing time 410 ms. 
108561     INFO  main            d.u.i.k.p.i.AbstractProblemLoader Creating init config 
109518     WARN  main            d.u.i.k.n.ParsingFacade   file:/home/runner/work/key/key/key.core/build/resources/main/de/uka/ilkd/key/java/JavaRedux/java/lang/String.key took 1 ms to parse. 
109518     WARN  main            d.u.i.k.n.ParsingFacade   Parsing time 411 ms. 
111314     DEBUG main            d.u.i.k.p.i.AbstractProblemLoader Init config took 2.75s 
111366     INFO  main            d.u.i.k.p.i.AbstractProblemLoader Replaying proof UpdateAbstraction[UpdateAbstraction::ex7_4_secure()].JML operation contract.0 
111367     DEBUG main            d.u.i.k.p.i.IntermediateProofReplayer Proof replay took 5.9ns 
111368     WARN  main            d.u.i.k.n.ParsingFacade   /home/runner/work/key/key/key.core/../key.ui/examples/heap/information_flow/UpdateAbstraction_ex7_4_secure.key took 0 ms to parse. 
111368     WARN  main            d.u.i.k.n.ParsingFacade   Parsing time 411 ms. 
111571     INFO  main            d.u.i.k.p.r.p.TestFile    ... finished proof: closed. 
111838     INFO  main            d.u.i.k.p.i.AbstractProblemLoader Loading environment from /home/runner/work/key/key/key.core/../key.ui/examples/heap/information_flow/UpdateAbstraction_ex7_4_secure.key.proof 
111838     DEBUG main            d.u.i.k.p.i.AbstractProblemLoader Environment load took 86.9ns 
111839     WARN  main            d.u.i.k.n.ParsingFacade   /home/runner/work/key/key/key.core/../key.ui/examples/heap/information_flow/UpdateAbstraction_ex7_4_secure.key.proof took 0 ms to parse. 
111839     WARN  main            d.u.i.k.n.ParsingFacade   Parsing time 411 ms. 
111839     INFO  main            d.u.i.k.p.i.AbstractProblemLoader Creating init config 
112775     WARN  main            d.u.i.k.n.ParsingFacade   file:/home/runner/work/key/key/key.core/build/resources/main/de/uka/ilkd/key/java/JavaRedux/java/lang/String.key took 1 ms to parse. 
112776     WARN  main            d.u.i.k.n.ParsingFacade   Parsing time 412 ms. 
114552     DEBUG main            d.u.i.k.p.i.AbstractProblemLoader Init config took 2.71s 
114597     INFO  main            d.u.i.k.p.i.AbstractProblemLoader Replaying proof UpdateAbstraction[UpdateAbstraction::ex7_4_secure()].JML operation contract.0 
114640     DEBUG main            d.u.i.k.p.i.IntermediateProofReplayer Proof replay took 41.85ms 
114641     WARN  main            d.u.i.k.n.ParsingFacade   /home/runner/work/key/key/key.core/../key.ui/examples/heap/information_flow/UpdateAbstraction_ex7_4_secure.key.proof took 0 ms to parse. 
114641     WARN  main            d.u.i.k.n.ParsingFacade   Parsing time 412 ms. 
114641     DEBUG main            d.u.i.k.p.r.p.TestFile    ... success: reloaded. 
114642     INFO  main            d.u.i.k.p.r.p.TestFile    Now processing file /home/runner/work/key/key/key.core/../key.ui/examples/heap/information_flow/UpdateAbstraction_ex7_5_secure.key 
114642     INFO  main            d.u.i.k.p.i.AbstractProblemLoader Loading environment from /home/runner/work/key/key/key.core/../key.ui/examples/heap/information_flow/UpdateAbstraction_ex7_5_secure.key 
114642     DEBUG main            d.u.i.k.p.i.AbstractProblemLoader Environment load took 44.6ns 
114642     WARN  main            d.u.i.k.n.ParsingFacade   /home/runner/work/key/key/key.core/../key.ui/examples/heap/information_flow/UpdateAbstraction_ex7_5_secure.key took 0 ms to parse. 
114642     WARN  main            d.u.i.k.n.ParsingFacade   Parsing time 412 ms. 
114643     INFO  main            d.u.i.k.p.i.AbstractProblemLoader Creating init config 
115596     WARN  main            d.u.i.k.n.ParsingFacade   file:/home/runner/work/key/key/key.core/build/resources/main/de/uka/ilkd/key/java/JavaRedux/java/lang/String.key took 1 ms to parse. 
115597     WARN  main            d.u.i.k.n.ParsingFacade   Parsing time 413 ms. 
117422     DEBUG main            d.u.i.k.p.i.AbstractProblemLoader Init config took 2.78s 
117456     INFO  main            d.u.i.k.p.i.AbstractProblemLoader Replaying proof UpdateAbstraction[UpdateAbstraction::ex7_5_secure()].JML operation contract.0 
117457     DEBUG main            d.u.i.k.p.i.IntermediateProofReplayer Proof replay took 5.2ns 
117458     WARN  main            d.u.i.k.n.ParsingFacade   /home/runner/work/key/key/key.core/../key.ui/examples/heap/information_flow/UpdateAbstraction_ex7_5_secure.key took 1 ms to parse. 
117458     WARN  main            d.u.i.k.n.ParsingFacade   Parsing time 414 ms. 
117561     INFO  main            d.u.i.k.p.r.p.TestFile    ... finished proof: closed. 
117831     INFO  main            d.u.i.k.p.i.AbstractProblemLoader Loading environment from /home/runner/work/key/key/key.core/../key.ui/examples/heap/information_flow/UpdateAbstraction_ex7_5_secure.key.proof 
117832     DEBUG main            d.u.i.k.p.i.AbstractProblemLoader Environment load took 87ns 
117832     WARN  main            d.u.i.k.n.ParsingFacade   /home/runner/work/key/key/key.core/../key.ui/examples/heap/information_flow/UpdateAbstraction_ex7_5_secure.key.proof took 0 ms to parse. 
117832     WARN  main            d.u.i.k.n.ParsingFacade   Parsing time 414 ms. 
117833     INFO  main            d.u.i.k.p.i.AbstractProblemLoader Creating init config 
118765     WARN  main            d.u.i.k.n.ParsingFacade   file:/home/runner/work/key/key/key.core/build/resources/main/de/uka/ilkd/key/java/JavaRedux/java/lang/String.key took 1 ms to parse. 
118765     WARN  main            d.u.i.k.n.ParsingFacade   Parsing time 415 ms. 
120550     DEBUG main            d.u.i.k.p.i.AbstractProblemLoader Init config took 2.72s 
120592     INFO  main            d.u.i.k.p.i.AbstractProblemLoader Replaying proof UpdateAbstraction[UpdateAbstraction::ex7_5_secure()].JML operation contract.0 
120612     DEBUG main            d.u.i.k.p.i.IntermediateProofReplayer Proof replay took 18.86ms 
120613     WARN  main            d.u.i.k.n.ParsingFacade   /home/runner/work/key/key/key.core/../key.ui/examples/heap/information_flow/UpdateAbstraction_ex7_5_secure.key.proof took 0 ms to parse. 
120613     WARN  main            d.u.i.k.n.ParsingFacade   Parsing time 415 ms. 
120613     DEBUG main            d.u.i.k.p.r.p.TestFile    ... success: reloaded. 
120614     INFO  main            d.u.i.k.p.r.p.TestFile    Now processing file /home/runner/work/key/key/key.core/../key.ui/examples/heap/information_flow/UpdateAbstraction_ex7_6_secure.key 
120614     INFO  main            d.u.i.k.p.i.AbstractProblemLoader Loading environment from /home/runner/work/key/key/key.core/../key.ui/examples/heap/information_flow/UpdateAbstraction_ex7_6_secure.key 
120616     DEBUG main            d.u.i.k.p.i.AbstractProblemLoader Environment load took 1.93ms 
120616     WARN  main            d.u.i.k.n.ParsingFacade   /home/runner/work/key/key/key.core/../key.ui/examples/heap/information_flow/UpdateAbstraction_ex7_6_secure.key took 0 ms to parse. 
120616     WARN  main            d.u.i.k.n.ParsingFacade   Parsing time 415 ms. 
120617     INFO  main            d.u.i.k.p.i.AbstractProblemLoader Creating init config 
121580     WARN  main            d.u.i.k.n.ParsingFacade   file:/home/runner/work/key/key/key.core/build/resources/main/de/uka/ilkd/key/java/JavaRedux/java/lang/String.key took 2 ms to parse. 
121580     WARN  main            d.u.i.k.n.ParsingFacade   Parsing time 417 ms. 
123392     DEBUG main            d.u.i.k.p.i.AbstractProblemLoader Init config took 2.77s 
123428     INFO  main            d.u.i.k.p.i.AbstractProblemLoader Replaying proof UpdateAbstraction[UpdateAbstraction::ex7_6_secure()].JML operation contract.0 
123429     DEBUG main            d.u.i.k.p.i.IntermediateProofReplayer Proof replay took 6ns 
123429     WARN  main            d.u.i.k.n.ParsingFacade   /home/runner/work/key/key/key.core/../key.ui/examples/heap/information_flow/UpdateAbstraction_ex7_6_secure.key took 0 ms to parse. 
123429     WARN  main            d.u.i.k.n.ParsingFacade   Parsing time 417 ms. 
123731     INFO  main            d.u.i.k.p.r.p.TestFile    ... finished proof: closed. 
124026     INFO  main            d.u.i.k.p.i.AbstractProblemLoader Loading environment from /home/runner/work/key/key/key.core/../key.ui/examples/heap/information_flow/UpdateAbstraction_ex7_6_secure.key.proof 
124026     DEBUG main            d.u.i.k.p.i.AbstractProblemLoader Environment load took 90.2ns 
124026     WARN  main            d.u.i.k.n.ParsingFacade   /home/runner/work/key/key/key.core/../key.ui/examples/heap/information_flow/UpdateAbstraction_ex7_6_secure.key.proof took 0 ms to parse. 
124026     WARN  main            d.u.i.k.n.ParsingFacade   Parsing time 417 ms. 
124027     INFO  main            d.u.i.k.p.i.AbstractProblemLoader Creating init config 
124962     WARN  main            d.u.i.k.n.ParsingFacade   file:/home/runner/work/key/key/key.core/build/resources/main/de/uka/ilkd/key/java/JavaRedux/java/lang/String.key took 1 ms to parse. 
124962     WARN  main            d.u.i.k.n.ParsingFacade   Parsing time 418 ms. 
126736     DEBUG main            d.u.i.k.p.i.AbstractProblemLoader Init config took 2.71s 
126771     INFO  main            d.u.i.k.p.i.AbstractProblemLoader Replaying proof UpdateAbstraction[UpdateAbstraction::ex7_6_secure()].JML operation contract.0 
126831     DEBUG main            d.u.i.k.p.i.IntermediateProofReplayer Proof replay took 57.96ms 
126832     WARN  main            d.u.i.k.n.ParsingFacade   /home/runner/work/key/key/key.core/../key.ui/examples/heap/information_flow/UpdateAbstraction_ex7_6_secure.key.proof took 0 ms to parse. 
126832     WARN  main            d.u.i.k.n.ParsingFacade   Parsing time 418 ms. 
126832     DEBUG main            d.u.i.k.p.r.p.TestFile    ... success: reloaded. 
126833     INFO  main            d.u.i.k.p.r.p.TestFile    Now processing file /home/runner/work/key/key/key.core/../key.ui/examples/heap/information_flow/UpdateAbstraction_ex9_secure.key 
126834     INFO  main            d.u.i.k.p.i.AbstractProblemLoader Loading environment from /home/runner/work/key/key/key.core/../key.ui/examples/heap/information_flow/UpdateAbstraction_ex9_secure.key 
126834     DEBUG main            d.u.i.k.p.i.AbstractProblemLoader Environment load took 172.5ns 
126834     WARN  main            d.u.i.k.n.ParsingFacade   /home/runner/work/key/key/key.core/../key.ui/examples/heap/information_flow/UpdateAbstraction_ex9_secure.key took 0 ms to parse. 
126835     WARN  main            d.u.i.k.n.ParsingFacade   Parsing time 418 ms. 
126835     INFO  main            d.u.i.k.p.i.AbstractProblemLoader Creating init config 
127806     WARN  main            d.u.i.k.n.ParsingFacade   file:/home/runner/work/key/key/key.core/build/resources/main/de/uka/ilkd/key/java/JavaRedux/java/lang/String.key took 1 ms to parse. 
127806     WARN  main            d.u.i.k.n.ParsingFacade   Parsing time 419 ms. 
129613     DEBUG main            d.u.i.k.p.i.AbstractProblemLoader Init config took 2.78s 
129647     INFO  main            d.u.i.k.p.i.AbstractProblemLoader Replaying proof UpdateAbstraction[UpdateAbstraction::ex9_secure()].JML operation contract.0 
129648     DEBUG main            d.u.i.k.p.i.IntermediateProofReplayer Proof replay took 5.9ns 
129649     WARN  main            d.u.i.k.n.ParsingFacade   /home/runner/work/key/key/key.core/../key.ui/examples/heap/information_flow/UpdateAbstraction_ex9_secure.key took 0 ms to parse. 
129649     WARN  main            d.u.i.k.n.ParsingFacade   Parsing time 419 ms. 
130552     INFO  main            d.u.i.k.p.r.p.TestFile    ... finished proof: closed. 
130864     INFO  main            d.u.i.k.p.i.AbstractProblemLoader Loading environment from /home/runner/work/key/key/key.core/../key.ui/examples/heap/information_flow/UpdateAbstraction_ex9_secure.key.proof 
130864     DEBUG main            d.u.i.k.p.i.AbstractProblemLoader Environment load took 92.5ns 
130864     WARN  main            d.u.i.k.n.ParsingFacade   /home/runner/work/key/key/key.core/../key.ui/examples/heap/information_flow/UpdateAbstraction_ex9_secure.key.proof took 0 ms to parse. 
130864     WARN  main            d.u.i.k.n.ParsingFacade   Parsing time 419 ms. 
130865     INFO  main            d.u.i.k.p.i.AbstractProblemLoader Creating init config 
131807     WARN  main            d.u.i.k.n.ParsingFacade   file:/home/runner/work/key/key/key.core/build/resources/main/de/uka/ilkd/key/java/JavaRedux/java/lang/String.key took 1 ms to parse. 
131808     WARN  main            d.u.i.k.n.ParsingFacade   Parsing time 420 ms. 
133592     DEBUG main            d.u.i.k.p.i.AbstractProblemLoader Init config took 2.73s 
133626     INFO  main            d.u.i.k.p.i.AbstractProblemLoader Replaying proof UpdateAbstraction[UpdateAbstraction::ex9_secure()].JML operation contract.0 
133819     DEBUG main            d.u.i.k.p.i.IntermediateProofReplayer Proof replay took 189.83ms 
133820     WARN  main            d.u.i.k.n.ParsingFacade   /home/runner/work/key/key/key.core/../key.ui/examples/heap/information_flow/UpdateAbstraction_ex9_secure.key.proof took 0 ms to parse. 
133820     WARN  main            d.u.i.k.n.ParsingFacade   Parsing time 420 ms. 
133820     DEBUG main            d.u.i.k.p.r.p.TestFile    ... success: reloaded. 
860725     INFO  Test worker     d.u.i.k.p.r.RunAllProofsTestUnit Returning from test javaCard 
860726     INFO  Test worker     d.u.i.k.p.r.RunAllProofsTestUnit Running test list 
347        INFO  Timeout watchdog d.u.i.k.p.r.p.ForkedTestFileRunner Timeout watcher launched (2000 secs.) 
365        WARN  main            d.u.i.k.s.ProofSettings   The settings in /home/runner/.key/proof-settings.props are *not* read. 
398        INFO  main            d.u.i.k.p.r.p.TestFile    Now processing file /home/runner/work/key/key/key.core/../key.ui/examples/heap/list/ArrayList_add.key 
500        INFO  main            d.u.i.k.p.i.AbstractProblemLoader Loading environment from /home/runner/work/key/key/key.core/../key.ui/examples/heap/list/ArrayList_add.key 
526        DEBUG main            d.u.i.k.p.i.AbstractProblemLoader Environment load took 2ms 
610        WARN  main            d.u.i.k.n.ParsingFacade   /home/runner/work/key/key/key.core/../key.ui/examples/heap/list/ArrayList_add.key took 11 ms to parse. 
610        WARN  main            d.u.i.k.n.ParsingFacade   Parsing time 11 ms. 
739        INFO  main            d.u.i.k.p.i.AbstractProblemLoader Creating init config 
749        WARN  main            d.u.i.k.n.ParsingFacade   file:/home/runner/work/key/key/key.core/build/resources/main/de/uka/ilkd/key/proof/rules/standardRules.key took 5 ms to parse. 
750        WARN  main            d.u.i.k.n.ParsingFacade   Parsing time 16 ms. 
761        WARN  main            d.u.i.k.n.ParsingFacade   file:/home/runner/work/key/key/key.core/build/resources/main/de/uka/ilkd/key/proof/rules/ldt.key took 1 ms to parse. 
761        WARN  main            d.u.i.k.n.ParsingFacade   Parsing time 17 ms. 
767        WARN  main            d.u.i.k.n.ParsingFacade   file:/home/runner/work/key/key/key.core/build/resources/main/de/uka/ilkd/key/proof/rules/boolean.key took 3 ms to parse. 
767        WARN  main            d.u.i.k.n.ParsingFacade   Parsing time 20 ms. 
782        WARN  main            d.u.i.k.n.ParsingFacade   file:/home/runner/work/key/key/key.core/build/resources/main/de/uka/ilkd/key/proof/rules/ruleSetsDeclarations.key took 7 ms to parse. 
782        WARN  main            d.u.i.k.n.ParsingFacade   Parsing time 27 ms. 
815        WARN  main            d.u.i.k.n.ParsingFacade   file:/home/runner/work/key/key/key.core/build/resources/main/de/uka/ilkd/key/proof/rules/integerHeader.key took 9 ms to parse. 
815        WARN  main            d.u.i.k.n.ParsingFacade   Parsing time 36 ms. 
822        WARN  main            d.u.i.k.n.ParsingFacade   file:/home/runner/work/key/key/key.core/build/resources/main/de/uka/ilkd/key/proof/rules/floatHeader.key took 5 ms to parse. 
822        WARN  main            d.u.i.k.n.ParsingFacade   Parsing time 41 ms. 
826        WARN  main            d.u.i.k.n.ParsingFacade   file:/home/runner/work/key/key/key.core/build/resources/main/de/uka/ilkd/key/proof/rules/heap.key took 2 ms to parse. 
827        WARN  main            d.u.i.k.n.ParsingFacade   Parsing time 43 ms. 
831        WARN  main            d.u.i.k.n.ParsingFacade   file:/home/runner/work/key/key/key.core/build/resources/main/de/uka/ilkd/key/proof/rules/locSets.key took 0 ms to parse. 
832        WARN  main            d.u.i.k.n.ParsingFacade   Parsing time 43 ms. 
834        WARN  main            d.u.i.k.n.ParsingFacade   file:/home/runner/work/key/key/key.core/build/resources/main/de/uka/ilkd/key/proof/rules/permission.key took 2 ms to parse. 
834        WARN  main            d.u.i.k.n.ParsingFacade   Parsing time 45 ms. 
835        WARN  main            d.u.i.k.n.ParsingFacade   file:/home/runner/work/key/key/key.core/build/resources/main/de/uka/ilkd/key/proof/rules/reach.key took 0 ms to parse. 
835        WARN  main            d.u.i.k.n.ParsingFacade   Parsing time 45 ms. 
836        WARN  main            d.u.i.k.n.ParsingFacade   file:/home/runner/work/key/key/key.core/build/resources/main/de/uka/ilkd/key/proof/rules/seq.key took 0 ms to parse. 
836        WARN  main            d.u.i.k.n.ParsingFacade   Parsing time 45 ms. 
875        WARN  main            d.u.i.k.n.ParsingFacade   file:/home/runner/work/key/key/key.core/build/resources/main/de/uka/ilkd/key/proof/rules/map.key took 34 ms to parse. 
875        WARN  main            d.u.i.k.n.ParsingFacade   Parsing time 79 ms. 
876        WARN  main            d.u.i.k.n.ParsingFacade   file:/home/runner/work/key/key/key.core/build/resources/main/de/uka/ilkd/key/proof/rules/freeADT.key took 0 ms to parse. 
877        WARN  main            d.u.i.k.n.ParsingFacade   Parsing time 79 ms. 
877        WARN  main            d.u.i.k.n.ParsingFacade   file:/home/runner/work/key/key/key.core/build/resources/main/de/uka/ilkd/key/proof/rules/wellfound.key took 0 ms to parse. 
878        WARN  main            d.u.i.k.n.ParsingFacade   Parsing time 79 ms. 
878        WARN  main            d.u.i.k.n.ParsingFacade   file:/home/runner/work/key/key/key.core/build/resources/main/de/uka/ilkd/key/proof/rules/charListHeader.key took 0 ms to parse. 
878        WARN  main            d.u.i.k.n.ParsingFacade   Parsing time 79 ms. 
985        WARN  main            d.u.i.k.n.ParsingFacade   file:/home/runner/work/key/key/key.core/build/resources/main/de/uka/ilkd/key/proof/rules/propRule.key took 4 ms to parse. 
986        WARN  main            d.u.i.k.n.ParsingFacade   Parsing time 83 ms. 
1021       WARN  main            d.u.i.k.n.ParsingFacade   file:/home/runner/work/key/key/key.core/build/resources/main/de/uka/ilkd/key/proof/rules/firstOrderRules.key took 9 ms to parse. 
1029       WARN  main            d.u.i.k.n.ParsingFacade   Parsing time 92 ms. 
1057       WARN  main            d.u.i.k.n.ParsingFacade   file:/home/runner/work/key/key/key.core/build/resources/main/de/uka/ilkd/key/proof/rules/ifThenElseRules.key took 10 ms to parse. 
1064       WARN  main            d.u.i.k.n.ParsingFacade   Parsing time 102 ms. 
1118       WARN  main            d.u.i.k.n.ParsingFacade   file:/home/runner/work/key/key/key.core/build/resources/main/de/uka/ilkd/key/proof/rules/formulaNormalisationRules.key took 19 ms to parse. 
1119       WARN  main            d.u.i.k.n.ParsingFacade   Parsing time 121 ms. 
1229       WARN  main            d.u.i.k.n.ParsingFacade   file:/home/runner/work/key/key/key.core/build/resources/main/de/uka/ilkd/key/proof/rules/updateRules.key took 9 ms to parse. 
1229       WARN  main            d.u.i.k.n.ParsingFacade   Parsing time 130 ms. 
1244       WARN  main            d.u.i.k.n.ParsingFacade   file:/home/runner/work/key/key/key.core/build/resources/main/de/uka/ilkd/key/proof/rules/integerRulesCommon.key took 2 ms to parse. 
1250       WARN  main            d.u.i.k.n.ParsingFacade   Parsing time 132 ms. 
1355       WARN  main            d.u.i.k.n.ParsingFacade   file:/home/runner/work/key/key/key.core/build/resources/main/de/uka/ilkd/key/proof/rules/intRules.key took 5 ms to parse. 
1355       WARN  main            d.u.i.k.n.ParsingFacade   Parsing time 137 ms. 
1380       WARN  main            d.u.i.k.n.ParsingFacade   file:/home/runner/work/key/key/key.core/build/resources/main/de/uka/ilkd/key/proof/rules/intRulesUncheckedSemantics.key took 8 ms to parse. 
1380       WARN  main            d.u.i.k.n.ParsingFacade   Parsing time 145 ms. 
1394       WARN  main            d.u.i.k.n.ParsingFacade   file:/home/runner/work/key/key/key.core/build/resources/main/de/uka/ilkd/key/proof/rules/intRulesCheckedSemantics.key took 2 ms to parse. 
1394       WARN  main            d.u.i.k.n.ParsingFacade   Parsing time 147 ms. 
1403       WARN  main            d.u.i.k.n.ParsingFacade   file:/home/runner/work/key/key/key.core/build/resources/main/de/uka/ilkd/key/proof/rules/intRulesJavaSemantics.key took 2 ms to parse. 
1403       WARN  main            d.u.i.k.n.ParsingFacade   Parsing time 149 ms. 
1502       WARN  main            d.u.i.k.n.ParsingFacade   file:/home/runner/work/key/key/key.core/build/resources/main/de/uka/ilkd/key/proof/rules/integerSimplificationRules.key took 81 ms to parse. 
1502       WARN  main            d.u.i.k.n.ParsingFacade   Parsing time 230 ms. 
1609       DEBUG main            d.u.i.k.j.TypeConverter   No LDT found for Meta 
1609       DEBUG main            d.u.i.k.j.TypeConverter   No LDT found for Meta 
1612       DEBUG main            d.u.i.k.j.TypeConverter   No LDT found for Meta 
1612       DEBUG main            d.u.i.k.j.TypeConverter   No LDT found for Meta 
1646       WARN  main            d.u.i.k.n.ParsingFacade   file:/home/runner/work/key/key/key.core/build/resources/main/de/uka/ilkd/key/proof/rules/intDiv.key took 7 ms to parse. 
1646       WARN  main            d.u.i.k.n.ParsingFacade   Parsing time 237 ms. 
1679       WARN  main            d.u.i.k.n.ParsingFacade   file:/home/runner/work/key/key/key.core/build/resources/main/de/uka/ilkd/key/proof/rules/bsum.key took 13 ms to parse. 
1679       WARN  main            d.u.i.k.n.ParsingFacade   Parsing time 250 ms. 
1732       WARN  main            d.u.i.k.n.ParsingFacade   file:/home/runner/work/key/key/key.core/build/resources/main/de/uka/ilkd/key/proof/rules/bprod.key took 3 ms to parse. 
1732       WARN  main            d.u.i.k.n.ParsingFacade   Parsing time 253 ms. 
1744       WARN  main            d.u.i.k.n.ParsingFacade   file:/home/runner/work/key/key/key.core/build/resources/main/de/uka/ilkd/key/proof/rules/binaryAxioms.key took 1 ms to parse. 
1744       WARN  main            d.u.i.k.n.ParsingFacade   Parsing time 254 ms. 
1749       WARN  main            d.u.i.k.n.ParsingFacade   file:/home/runner/work/key/key/key.core/build/resources/main/de/uka/ilkd/key/proof/rules/binaryLemmas.key took 1 ms to parse. 
1749       WARN  main            d.u.i.k.n.ParsingFacade   Parsing time 255 ms. 
1758       WARN  main            d.u.i.k.n.ParsingFacade   file:/home/runner/work/key/key/key.core/build/resources/main/de/uka/ilkd/key/proof/rules/intPow.key took 3 ms to parse. 
1758       WARN  main            d.u.i.k.n.ParsingFacade   Parsing time 258 ms. 
1769       WARN  main            d.u.i.k.n.ParsingFacade   file:/home/runner/work/key/key/key.core/build/resources/main/de/uka/ilkd/key/proof/rules/floatRulesCommon.key took 3 ms to parse. 
1770       WARN  main            d.u.i.k.n.ParsingFacade   Parsing time 261 ms. 
1779       WARN  main            d.u.i.k.n.ParsingFacade   file:/home/runner/work/key/key/key.core/build/resources/main/de/uka/ilkd/key/proof/rules/floatRules.key took 0 ms to parse. 
1779       WARN  main            d.u.i.k.n.ParsingFacade   Parsing time 261 ms. 
1780       WARN  main            d.u.i.k.n.ParsingFacade   file:/home/runner/work/key/key/key.core/build/resources/main/de/uka/ilkd/key/proof/rules/floatRulesVerifyNormal.key took 0 ms to parse. 
1780       WARN  main            d.u.i.k.n.ParsingFacade   Parsing time 261 ms. 
1785       WARN  main            d.u.i.k.n.ParsingFacade   file:/home/runner/work/key/key/key.core/build/resources/main/de/uka/ilkd/key/proof/rules/floatRulesAssumeStrictfp.key took 4 ms to parse. 
1785       WARN  main            d.u.i.k.n.ParsingFacade   Parsing time 265 ms. 
1816       WARN  main            d.u.i.k.n.ParsingFacade   file:/home/runner/work/key/key/key.core/build/resources/main/de/uka/ilkd/key/proof/rules/genericRules.key took 2 ms to parse. 
1817       WARN  main            d.u.i.k.n.ParsingFacade   Parsing time 267 ms. 
1825       WARN  main            d.u.i.k.n.ParsingFacade   file:/home/runner/work/key/key/key.core/build/resources/main/de/uka/ilkd/key/proof/rules/booleanRules.key took 0 ms to parse. 
1826       WARN  main            d.u.i.k.n.ParsingFacade   Parsing time 267 ms. 
1828       WARN  main            d.u.i.k.n.ParsingFacade   file:/home/runner/work/key/key/key.core/build/resources/main/de/uka/ilkd/key/proof/rules/epsilon.key took 0 ms to parse. 
1828       WARN  main            d.u.i.k.n.ParsingFacade   Parsing time 267 ms. 
1838       WARN  main            d.u.i.k.n.ParsingFacade   file:/home/runner/work/key/key/key.core/build/resources/main/de/uka/ilkd/key/proof/rules/locSetsRules.key took 8 ms to parse. 
1838       WARN  main            d.u.i.k.n.ParsingFacade   Parsing time 275 ms. 
1891       WARN  main            d.u.i.k.n.ParsingFacade   file:/home/runner/work/key/key/key.core/build/resources/main/de/uka/ilkd/key/proof/rules/heapRules.key took 9 ms to parse. 
1891       WARN  main            d.u.i.k.n.ParsingFacade   Parsing time 284 ms. 
1919       WARN  main            d.u.i.k.n.ParsingFacade   file:/home/runner/work/key/key/key.core/build/resources/main/de/uka/ilkd/key/proof/rules/permissionRules.key took 3 ms to parse. 
1919       WARN  main            d.u.i.k.n.ParsingFacade   Parsing time 287 ms. 
1939       WARN  main            d.u.i.k.n.ParsingFacade   file:/home/runner/work/key/key/key.core/build/resources/main/de/uka/ilkd/key/proof/rules/reachRules.key took 9 ms to parse. 
1939       WARN  main            d.u.i.k.n.ParsingFacade   Parsing time 296 ms. 
1958       WARN  main            d.u.i.k.n.ParsingFacade   file:/home/runner/work/key/key/key.core/build/resources/main/de/uka/ilkd/key/proof/rules/seqCoreRules.key took 7 ms to parse. 
1958       WARN  main            d.u.i.k.n.ParsingFacade   Parsing time 303 ms. 
1967       WARN  main            d.u.i.k.n.ParsingFacade   file:/home/runner/work/key/key/key.core/build/resources/main/de/uka/ilkd/key/proof/rules/seqRules.key took 7 ms to parse. 
1967       WARN  main            d.u.i.k.n.ParsingFacade   Parsing time 310 ms. 
1988       WARN  main            d.u.i.k.n.ParsingFacade   file:/home/runner/work/key/key/key.core/build/resources/main/de/uka/ilkd/key/proof/rules/seqPerm.key took 5 ms to parse. 
1988       WARN  main            d.u.i.k.n.ParsingFacade   Parsing time 315 ms. 
2036       WARN  main            d.u.i.k.n.ParsingFacade   file:/home/runner/work/key/key/key.core/build/resources/main/de/uka/ilkd/key/proof/rules/seqPerm2.key took 1 ms to parse. 
2036       WARN  main            d.u.i.k.n.ParsingFacade   Parsing time 316 ms. 
2095       WARN  main            d.u.i.k.n.ParsingFacade   file:/home/runner/work/key/key/key.core/build/resources/main/de/uka/ilkd/key/proof/rules/javaRules.key took 53 ms to parse. 
2095       WARN  main            d.u.i.k.n.ParsingFacade   Parsing time 369 ms. 
2103       WARN  main            d.u.i.k.n.ParsingFacade   file:/home/runner/work/key/key/key.core/build/resources/main/de/uka/ilkd/key/proof/rules/assertions.key took 1 ms to parse. 
2104       WARN  main            d.u.i.k.n.ParsingFacade   Parsing time 370 ms. 
2570       WARN  main            d.u.i.k.n.ParsingFacade   file:/home/runner/work/key/key/key.core/build/resources/main/de/uka/ilkd/key/proof/rules/loopRules.key took 2 ms to parse. 
2570       WARN  main            d.u.i.k.n.ParsingFacade   Parsing time 372 ms. 
2579       WARN  main            d.u.i.k.n.ParsingFacade   file:/home/runner/work/key/key/key.core/build/resources/main/de/uka/ilkd/key/proof/rules/activeUse.key took 2 ms to parse. 
2579       WARN  main            d.u.i.k.n.ParsingFacade   Parsing time 374 ms. 
2629       WARN  main            d.u.i.k.n.ParsingFacade   file:/home/runner/work/key/key/key.core/build/resources/main/de/uka/ilkd/key/proof/rules/instanceAllocation.key took 7 ms to parse. 
2629       WARN  main            d.u.i.k.n.ParsingFacade   Parsing time 381 ms. 
2641       WARN  main            d.u.i.k.n.ParsingFacade   file:/home/runner/work/key/key/key.core/build/resources/main/de/uka/ilkd/key/proof/rules/java5.key took 0 ms to parse. 
2641       WARN  main            d.u.i.k.n.ParsingFacade   Parsing time 381 ms. 
2647       WARN  main            d.u.i.k.n.ParsingFacade   file:/home/runner/work/key/key/key.core/build/resources/main/de/uka/ilkd/key/proof/rules/integerAssignment2UpdateRules.key took 3 ms to parse. 
2647       WARN  main            d.u.i.k.n.ParsingFacade   Parsing time 384 ms. 
2678       WARN  main            d.u.i.k.n.ParsingFacade   file:/home/runner/work/key/key/key.core/build/resources/main/de/uka/ilkd/key/proof/rules/floatAssignment2UpdateRules.key took 4 ms to parse. 
2679       WARN  main            d.u.i.k.n.ParsingFacade   Parsing time 388 ms. 
2712       WARN  main            d.u.i.k.n.ParsingFacade   file:/home/runner/work/key/key/key.core/build/resources/main/de/uka/ilkd/key/proof/rules/bigint.key took 1 ms to parse. 
2713       WARN  main            d.u.i.k.n.ParsingFacade   Parsing time 389 ms. 
2724       DEBUG main            d.u.i.k.j.TypeConverter   No LDT found for JavaBigintExpression 
2749       WARN  main            d.u.i.k.n.ParsingFacade   file:/home/runner/work/key/key/key.core/build/resources/main/de/uka/ilkd/key/proof/rules/adtProgramDecompositionRules.key took 1 ms to parse. 
2749       WARN  main            d.u.i.k.n.ParsingFacade   Parsing time 390 ms. 
2764       WARN  main            d.u.i.k.n.ParsingFacade   file:/home/runner/work/key/key/key.core/build/resources/main/de/uka/ilkd/key/proof/rules/precRules.key took 0 ms to parse. 
2765       WARN  main            d.u.i.k.n.ParsingFacade   Parsing time 390 ms. 
2770       WARN  main            d.u.i.k.n.ParsingFacade   file:/home/runner/work/key/key/key.core/build/resources/main/de/uka/ilkd/key/proof/rules/charListRules.key took 3 ms to parse. 
2770       WARN  main            d.u.i.k.n.ParsingFacade   Parsing time 393 ms. 
2777       WARN  main            d.u.i.k.n.ParsingFacade   file:/home/runner/work/key/key/key.core/build/resources/main/de/uka/ilkd/key/proof/rules/regExTheory.key took 0 ms to parse. 
2777       WARN  main            d.u.i.k.n.ParsingFacade   Parsing time 393 ms. 
2778       WARN  main            d.u.i.k.n.ParsingFacade   file:/home/runner/work/key/key/key.core/build/resources/main/de/uka/ilkd/key/proof/rules/regExHeader.key took 0 ms to parse. 
2779       WARN  main            d.u.i.k.n.ParsingFacade   Parsing time 393 ms. 
2780       WARN  main            d.u.i.k.n.ParsingFacade   file:/home/runner/work/key/key/key.core/build/resources/main/de/uka/ilkd/key/proof/rules/regExAxioms.key took 1 ms to parse. 
2780       WARN  main            d.u.i.k.n.ParsingFacade   Parsing time 394 ms. 
2783       WARN  main            d.u.i.k.n.ParsingFacade   file:/home/runner/work/key/key/key.core/build/resources/main/de/uka/ilkd/key/proof/rules/regExLemmaProven.key took 1 ms to parse. 
2783       WARN  main            d.u.i.k.n.ParsingFacade   Parsing time 395 ms. 
2788       WARN  main            d.u.i.k.n.ParsingFacade   file:/home/runner/work/key/key/key.core/build/resources/main/de/uka/ilkd/key/proof/rules/seqEq.key took 1 ms to parse. 
2788       WARN  main            d.u.i.k.n.ParsingFacade   Parsing time 396 ms. 
2793       WARN  main            d.u.i.k.n.ParsingFacade   file:/home/runner/work/key/key/key.core/build/resources/main/de/uka/ilkd/key/proof/rules/infFlow.key took 1 ms to parse. 
2793       WARN  main            d.u.i.k.n.ParsingFacade   Parsing time 397 ms. 
2798       WARN  main            d.u.i.k.n.ParsingFacade   file:/home/runner/work/key/key/key.core/build/resources/main/de/uka/ilkd/key/proof/rules/mapSize.key took 1 ms to parse. 
2798       WARN  main            d.u.i.k.n.ParsingFacade   Parsing time 398 ms. 
2800       WARN  main            d.u.i.k.n.ParsingFacade   file:/home/runner/work/key/key/key.core/build/resources/main/de/uka/ilkd/key/proof/rules/wd.key took 0 ms to parse. 
2800       WARN  main            d.u.i.k.n.ParsingFacade   Parsing time 398 ms. 
2805       WARN  main            d.u.i.k.n.ParsingFacade   file:/home/runner/work/key/key/key.core/build/resources/main/de/uka/ilkd/key/proof/rules/wdHeader.key took 0 ms to parse. 
2805       WARN  main            d.u.i.k.n.ParsingFacade   Parsing time 398 ms. 
2806       WARN  main            d.u.i.k.n.ParsingFacade   file:/home/runner/work/key/key/key.core/build/resources/main/de/uka/ilkd/key/proof/rules/wdGeneralRules.key took 1 ms to parse. 
2806       WARN  main            d.u.i.k.n.ParsingFacade   Parsing time 399 ms. 
2814       WARN  main            d.u.i.k.n.ParsingFacade   file:/home/runner/work/key/key/key.core/build/resources/main/de/uka/ilkd/key/proof/rules/wdNumericalRules.key took 3 ms to parse. 
2814       WARN  main            d.u.i.k.n.ParsingFacade   Parsing time 402 ms. 
2831       WARN  main            d.u.i.k.n.ParsingFacade   file:/home/runner/work/key/key/key.core/build/resources/main/de/uka/ilkd/key/proof/rules/wdLocSetRules.key took 1 ms to parse. 
2831       WARN  main            d.u.i.k.n.ParsingFacade   Parsing time 403 ms. 
2835       WARN  main            d.u.i.k.n.ParsingFacade   file:/home/runner/work/key/key/key.core/build/resources/main/de/uka/ilkd/key/proof/rules/wdHeapRules.key took 0 ms to parse. 
2835       WARN  main            d.u.i.k.n.ParsingFacade   Parsing time 403 ms. 
2840       WARN  main            d.u.i.k.n.ParsingFacade   file:/home/runner/work/key/key/key.core/build/resources/main/de/uka/ilkd/key/proof/rules/wdReachRules.key took 0 ms to parse. 
2840       WARN  main            d.u.i.k.n.ParsingFacade   Parsing time 403 ms. 
2842       WARN  main            d.u.i.k.n.ParsingFacade   file:/home/runner/work/key/key/key.core/build/resources/main/de/uka/ilkd/key/proof/rules/wdSeqRules.key took 1 ms to parse. 
2842       WARN  main            d.u.i.k.n.ParsingFacade   Parsing time 404 ms. 
2844       WARN  main            d.u.i.k.n.ParsingFacade   file:/home/runner/work/key/key/key.core/build/resources/main/de/uka/ilkd/key/proof/rules/wdStringRules.key took 0 ms to parse. 
2844       WARN  main            d.u.i.k.n.ParsingFacade   Parsing time 404 ms. 
2846       WARN  main            d.u.i.k.n.ParsingFacade   file:/home/runner/work/key/key/key.core/build/resources/main/de/uka/ilkd/key/proof/rules/wdRegExRules.key took 0 ms to parse. 
2846       WARN  main            d.u.i.k.n.ParsingFacade   Parsing time 404 ms. 
2851       WARN  main            d.u.i.k.n.ParsingFacade   file:/home/runner/work/key/key/key.core/build/resources/main/de/uka/ilkd/key/proof/rules/wdFormulaRules.key took 3 ms to parse. 
2851       WARN  main            d.u.i.k.n.ParsingFacade   Parsing time 407 ms. 
2860       WARN  main            d.u.i.k.n.ParsingFacade   file:/home/runner/work/key/key/key.core/build/resources/main/de/uka/ilkd/key/proof/rules/loopInvariantRules.key took 0 ms to parse. 
2860       WARN  main            d.u.i.k.n.ParsingFacade   Parsing time 407 ms. 
2862       WARN  main            d.u.i.k.n.ParsingFacade   file:/home/runner/work/key/key/key.core/build/resources/main/de/uka/ilkd/key/proof/rules/forLoopRules.key took 0 ms to parse. 
2862       WARN  main            d.u.i.k.n.ParsingFacade   Parsing time 407 ms. 
2869       WARN  main            d.u.i.k.n.ParsingFacade   file:/home/runner/work/key/key/key.core/build/resources/main/de/uka/ilkd/key/proof/rules/execRules.key took 4 ms to parse. 
2869       WARN  main            d.u.i.k.n.ParsingFacade   Parsing time 411 ms. 
2937       WARN  main            d.u.i.k.n.ParsingFacade   file:/home/runner/work/key/key/key.core/build/resources/main/de/uka/ilkd/key/proof/rules/loopScopeRules.key took 2 ms to parse. 
2937       WARN  main            d.u.i.k.n.ParsingFacade   Parsing time 413 ms. 
6627       DEBUG main            d.u.i.k.j.r.ClassPreparationMethodBuilder clPrepBuilder: Inner Class detected. Reject building class initialisation methods. 
6738       WARN  main            d.u.i.k.n.ParsingFacade   file:/home/runner/work/key/key/key.core/build/resources/main/de/uka/ilkd/key/java/JavaRedux/java/lang/String.key took 3 ms to parse. 
6739       WARN  main            d.u.i.k.n.ParsingFacade   Parsing time 416 ms. 
9408       DEBUG main            d.u.i.k.p.i.AbstractProblemLoader Init config took 8.67s 
9555       INFO  main            d.u.i.k.p.i.AbstractProblemLoader Replaying proof ArrayList[List::add(java.lang.Object)].JML normal_behavior operation contract.0 
9586       DEBUG main            d.u.i.k.p.i.IntermediateProofReplayer Proof replay took 31.1ns 
9588       WARN  main            d.u.i.k.n.ParsingFacade   /home/runner/work/key/key/key.core/../key.ui/examples/heap/list/ArrayList_add.key took 0 ms to parse. 
9588       WARN  main            d.u.i.k.n.ParsingFacade   Parsing time 416 ms. 
15162      INFO  main            d.u.i.k.p.r.p.TestFile    ... finished proof: closed. 
15355      INFO  main            d.u.i.k.p.i.AbstractProblemLoader Loading environment from /home/runner/work/key/key/key.core/../key.ui/examples/heap/list/ArrayList_add.key.proof 
15355      DEBUG main            d.u.i.k.p.i.AbstractProblemLoader Environment load took 129.2ns 
15360      WARN  main            d.u.i.k.n.ParsingFacade   /home/runner/work/key/key/key.core/../key.ui/examples/heap/list/ArrayList_add.key.proof took 0 ms to parse. 
15360      WARN  main            d.u.i.k.n.ParsingFacade   Parsing time 416 ms. 
15361      INFO  main            d.u.i.k.p.i.AbstractProblemLoader Creating init config 
16512      DEBUG main            d.u.i.k.j.r.ClassPreparationMethodBuilder clPrepBuilder: Inner Class detected. Reject building class initialisation methods. 
16588      WARN  main            d.u.i.k.n.ParsingFacade   file:/home/runner/work/key/key/key.core/build/resources/main/de/uka/ilkd/key/java/JavaRedux/java/lang/String.key took 2 ms to parse. 
16590      WARN  main            d.u.i.k.n.ParsingFacade   Parsing time 418 ms. 
18879      DEBUG main            d.u.i.k.p.i.AbstractProblemLoader Init config took 3.52s 
18963      INFO  main            d.u.i.k.p.i.AbstractProblemLoader Replaying proof ArrayList[List::add(java.lang.Object)].JML normal_behavior operation contract.0 
20051      DEBUG main            d.u.i.k.p.i.IntermediateProofReplayer Proof replay took 1.06s 
20053      WARN  main            d.u.i.k.n.ParsingFacade   /home/runner/work/key/key/key.core/../key.ui/examples/heap/list/ArrayList_add.key.proof took 0 ms to parse. 
20053      WARN  main            d.u.i.k.n.ParsingFacade   Parsing time 418 ms. 
20062      DEBUG main            d.u.i.k.p.r.p.TestFile    ... success: reloaded. 
20068      INFO  main            d.u.i.k.p.r.p.TestFile    Now processing file /home/runner/work/key/key/key.core/../key.ui/examples/heap/list/ArrayList_ArrayList.key 
20068      INFO  main            d.u.i.k.p.i.AbstractProblemLoader Loading environment from /home/runner/work/key/key/key.core/../key.ui/examples/heap/list/ArrayList_ArrayList.key 
20068      DEBUG main            d.u.i.k.p.i.AbstractProblemLoader Environment load took 108.9ns 
20068      WARN  main            d.u.i.k.n.ParsingFacade   /home/runner/work/key/key/key.core/../key.ui/examples/heap/list/ArrayList_ArrayList.key took 0 ms to parse. 
20068      WARN  main            d.u.i.k.n.ParsingFacade   Parsing time 418 ms. 
20072      INFO  main            d.u.i.k.p.i.AbstractProblemLoader Creating init config 
21271      DEBUG main            d.u.i.k.j.r.ClassPreparationMethodBuilder clPrepBuilder: Inner Class detected. Reject building class initialisation methods. 
21326      WARN  main            d.u.i.k.n.ParsingFacade   file:/home/runner/work/key/key/key.core/build/resources/main/de/uka/ilkd/key/java/JavaRedux/java/lang/String.key took 1 ms to parse. 
21326      WARN  main            d.u.i.k.n.ParsingFacade   Parsing time 419 ms. 
23571      DEBUG main            d.u.i.k.p.i.AbstractProblemLoader Init config took 3.5s 
23647      INFO  main            d.u.i.k.p.i.AbstractProblemLoader Replaying proof ArrayList[ArrayList::ArrayList()].JML normal_behavior operation contract.0 
23651      DEBUG main            d.u.i.k.p.i.IntermediateProofReplayer Proof replay took 5.9ns 
23652      WARN  main            d.u.i.k.n.ParsingFacade   /home/runner/work/key/key/key.core/../key.ui/examples/heap/list/ArrayList_ArrayList.key took 0 ms to parse. 
23653      WARN  main            d.u.i.k.n.ParsingFacade   Parsing time 419 ms. 
25163      INFO  main            d.u.i.k.p.r.p.TestFile    ... finished proof: closed. 
25338      INFO  main            d.u.i.k.p.i.AbstractProblemLoader Loading environment from /home/runner/work/key/key/key.core/../key.ui/examples/heap/list/ArrayList_ArrayList.key.proof 
25338      DEBUG main            d.u.i.k.p.i.AbstractProblemLoader Environment load took 136.1ns 
25338      WARN  main            d.u.i.k.n.ParsingFacade   /home/runner/work/key/key/key.core/../key.ui/examples/heap/list/ArrayList_ArrayList.key.proof took 0 ms to parse. 
25338      WARN  main            d.u.i.k.n.ParsingFacade   Parsing time 419 ms. 
25339      INFO  main            d.u.i.k.p.i.AbstractProblemLoader Creating init config 
26384      DEBUG main            d.u.i.k.j.r.ClassPreparationMethodBuilder clPrepBuilder: Inner Class detected. Reject building class initialisation methods. 
26433      WARN  main            d.u.i.k.n.ParsingFacade   file:/home/runner/work/key/key/key.core/build/resources/main/de/uka/ilkd/key/java/JavaRedux/java/lang/String.key took 1 ms to parse. 
26433      WARN  main            d.u.i.k.n.ParsingFacade   Parsing time 420 ms. 
28607      DEBUG main            d.u.i.k.p.i.AbstractProblemLoader Init config took 3.27s 
28665      INFO  main            d.u.i.k.p.i.AbstractProblemLoader Replaying proof ArrayList[ArrayList::ArrayList()].JML normal_behavior operation contract.0 
28877      DEBUG main            d.u.i.k.p.i.IntermediateProofReplayer Proof replay took 203.09ms 
28879      WARN  main            d.u.i.k.n.ParsingFacade   /home/runner/work/key/key/key.core/../key.ui/examples/heap/list/ArrayList_ArrayList.key.proof took 1 ms to parse. 
28879      WARN  main            d.u.i.k.n.ParsingFacade   Parsing time 421 ms. 
28880      DEBUG main            d.u.i.k.p.r.p.TestFile    ... success: reloaded. 
28881      INFO  main            d.u.i.k.p.r.p.TestFile    Now processing file /home/runner/work/key/key/key.core/../key.ui/examples/heap/list/ArrayList_concatenate.key 
28881      INFO  main            d.u.i.k.p.i.AbstractProblemLoader Loading environment from /home/runner/work/key/key/key.core/../key.ui/examples/heap/list/ArrayList_concatenate.key 
28882      DEBUG main            d.u.i.k.p.i.AbstractProblemLoader Environment load took 219.9ns 
28882      WARN  main            d.u.i.k.n.ParsingFacade   /home/runner/work/key/key/key.core/../key.ui/examples/heap/list/ArrayList_concatenate.key took 0 ms to parse. 
28882      WARN  main            d.u.i.k.n.ParsingFacade   Parsing time 421 ms. 
28883      INFO  main            d.u.i.k.p.i.AbstractProblemLoader Creating init config 
29914      DEBUG main            d.u.i.k.j.r.ClassPreparationMethodBuilder clPrepBuilder: Inner Class detected. Reject building class initialisation methods. 
29962      WARN  main            d.u.i.k.n.ParsingFacade   file:/home/runner/work/key/key/key.core/build/resources/main/de/uka/ilkd/key/java/JavaRedux/java/lang/String.key took 1 ms to parse. 
29962      WARN  main            d.u.i.k.n.ParsingFacade   Parsing time 422 ms. 
32073      DEBUG main            d.u.i.k.p.i.AbstractProblemLoader Init config took 3.19s 
32149      INFO  main            d.u.i.k.p.i.AbstractProblemLoader Replaying proof ArrayList[List::concatenate(List)].JML normal_behavior operation contract.0 
32151      DEBUG main            d.u.i.k.p.i.IntermediateProofReplayer Proof replay took 5.7ns 
32151      WARN  main            d.u.i.k.n.ParsingFacade   /home/runner/work/key/key/key.core/../key.ui/examples/heap/list/ArrayList_concatenate.key took 0 ms to parse. 
32152      WARN  main            d.u.i.k.n.ParsingFacade   Parsing time 422 ms. 
57390      INFO  main            d.u.i.k.p.r.p.TestFile    ... finished proof: closed. 
57636      INFO  main            d.u.i.k.p.i.AbstractProblemLoader Loading environment from /home/runner/work/key/key/key.core/../key.ui/examples/heap/list/ArrayList_concatenate.key.proof 
57636      DEBUG main            d.u.i.k.p.i.AbstractProblemLoader Environment load took 200.9ns 
57639      WARN  main            d.u.i.k.n.ParsingFacade   /home/runner/work/key/key/key.core/../key.ui/examples/heap/list/ArrayList_concatenate.key.proof took 0 ms to parse. 
57639      WARN  main            d.u.i.k.n.ParsingFacade   Parsing time 422 ms. 
57640      INFO  main            d.u.i.k.p.i.AbstractProblemLoader Creating init config 
58650      DEBUG main            d.u.i.k.j.r.ClassPreparationMethodBuilder clPrepBuilder: Inner Class detected. Reject building class initialisation methods. 
58696      WARN  main            d.u.i.k.n.ParsingFacade   file:/home/runner/work/key/key/key.core/build/resources/main/de/uka/ilkd/key/java/JavaRedux/java/lang/String.key took 1 ms to parse. 
58696      WARN  main            d.u.i.k.n.ParsingFacade   Parsing time 423 ms. 
60784      DEBUG main            d.u.i.k.p.i.AbstractProblemLoader Init config took 3.14s 
60851      INFO  main            d.u.i.k.p.i.AbstractProblemLoader Replaying proof ArrayList[List::concatenate(List)].JML normal_behavior operation contract.0 
62922      DEBUG main            d.u.i.k.p.i.IntermediateProofReplayer Proof replay took 2.01s 
62926      WARN  main            d.u.i.k.n.ParsingFacade   /home/runner/work/key/key/key.core/../key.ui/examples/heap/list/ArrayList_concatenate.key.proof took 0 ms to parse. 
62926      WARN  main            d.u.i.k.n.ParsingFacade   Parsing time 423 ms. 
62927      DEBUG main            d.u.i.k.p.r.p.TestFile    ... success: reloaded. 
62929      INFO  main            d.u.i.k.p.r.p.TestFile    Now processing file /home/runner/work/key/key/key.core/../key.ui/examples/heap/list/ArrayList_contains_dep.key 
62929      INFO  main            d.u.i.k.p.i.AbstractProblemLoader Loading environment from /home/runner/work/key/key/key.core/../key.ui/examples/heap/list/ArrayList_contains_dep.key 
62929      DEBUG main            d.u.i.k.p.i.AbstractProblemLoader Environment load took 235.8ns 
62930      WARN  main            d.u.i.k.n.ParsingFacade   /home/runner/work/key/key/key.core/../key.ui/examples/heap/list/ArrayList_contains_dep.key took 1 ms to parse. 
62930      WARN  main            d.u.i.k.n.ParsingFacade   Parsing time 424 ms. 
62931      INFO  main            d.u.i.k.p.i.AbstractProblemLoader Creating init config 
64033      DEBUG main            d.u.i.k.j.r.ClassPreparationMethodBuilder clPrepBuilder: Inner Class detected. Reject building class initialisation methods. 
64079      WARN  main            d.u.i.k.n.ParsingFacade   file:/home/runner/work/key/key/key.core/build/resources/main/de/uka/ilkd/key/java/JavaRedux/java/lang/String.key took 3 ms to parse. 
64079      WARN  main            d.u.i.k.n.ParsingFacade   Parsing time 427 ms. 
66231      DEBUG main            d.u.i.k.p.i.AbstractProblemLoader Init config took 3.3s 
66285      INFO  main            d.u.i.k.p.i.AbstractProblemLoader Replaying proof ArrayList[List::contains(java.lang.Object)].JML accessible clause.0 
66287      DEBUG main            d.u.i.k.p.i.IntermediateProofReplayer Proof replay took 5ns 
66287      WARN  main            d.u.i.k.n.ParsingFacade   /home/runner/work/key/key/key.core/../key.ui/examples/heap/list/ArrayList_contains_dep.key took 0 ms to parse. 
66287      WARN  main            d.u.i.k.n.ParsingFacade   Parsing time 427 ms. 
69026      INFO  main            d.u.i.k.p.r.p.TestFile    ... finished proof: closed. 
69254      INFO  main            d.u.i.k.p.i.AbstractProblemLoader Loading environment from /home/runner/work/key/key/key.core/../key.ui/examples/heap/list/ArrayList_contains_dep.key.proof 
69254      DEBUG main            d.u.i.k.p.i.AbstractProblemLoader Environment load took 427.51ns 
69255      WARN  main            d.u.i.k.n.ParsingFacade   /home/runner/work/key/key/key.core/../key.ui/examples/heap/list/ArrayList_contains_dep.key.proof took 0 ms to parse. 
69255      WARN  main            d.u.i.k.n.ParsingFacade   Parsing time 427 ms. 
69257      INFO  main            d.u.i.k.p.i.AbstractProblemLoader Creating init config 
70267      DEBUG main            d.u.i.k.j.r.ClassPreparationMethodBuilder clPrepBuilder: Inner Class detected. Reject building class initialisation methods. 
70310      WARN  main            d.u.i.k.n.ParsingFacade   file:/home/runner/work/key/key/key.core/build/resources/main/de/uka/ilkd/key/java/JavaRedux/java/lang/String.key took 1 ms to parse. 
70310      WARN  main            d.u.i.k.n.ParsingFacade   Parsing time 428 ms. 
72424      DEBUG main            d.u.i.k.p.i.AbstractProblemLoader Init config took 3.17s 
72491      INFO  main            d.u.i.k.p.i.AbstractProblemLoader Replaying proof ArrayList[List::contains(java.lang.Object)].JML accessible clause.0 
72939      DEBUG main            d.u.i.k.p.i.IntermediateProofReplayer Proof replay took 436.35ms 
72940      WARN  main            d.u.i.k.n.ParsingFacade   /home/runner/work/key/key/key.core/../key.ui/examples/heap/list/ArrayList_contains_dep.key.proof took 0 ms to parse. 
72940      WARN  main            d.u.i.k.n.ParsingFacade   Parsing time 428 ms. 
72941      DEBUG main            d.u.i.k.p.r.p.TestFile    ... success: reloaded. 
72942      INFO  main            d.u.i.k.p.r.p.TestFile    Now processing file /home/runner/work/key/key/key.core/../key.ui/examples/heap/list/ArrayList_enlarge.key 
72942      INFO  main            d.u.i.k.p.i.AbstractProblemLoader Loading environment from /home/runner/work/key/key/key.core/../key.ui/examples/heap/list/ArrayList_enlarge.key 
72942      DEBUG main            d.u.i.k.p.i.AbstractProblemLoader Environment load took 120.5ns 
72942      WARN  main            d.u.i.k.n.ParsingFacade   /home/runner/work/key/key/key.core/../key.ui/examples/heap/list/ArrayList_enlarge.key took 0 ms to parse. 
72942      WARN  main            d.u.i.k.n.ParsingFacade   Parsing time 428 ms. 
72943      INFO  main            d.u.i.k.p.i.AbstractProblemLoader Creating init config 
74002      DEBUG main            d.u.i.k.j.r.ClassPreparationMethodBuilder clPrepBuilder: Inner Class detected. Reject building class initialisation methods. 
74056      WARN  main            d.u.i.k.n.ParsingFacade   file:/home/runner/work/key/key/key.core/build/resources/main/de/uka/ilkd/key/java/JavaRedux/java/lang/String.key took 1 ms to parse. 
74057      WARN  main            d.u.i.k.n.ParsingFacade   Parsing time 429 ms. 
76206      DEBUG main            d.u.i.k.p.i.AbstractProblemLoader Init config took 3.26s 
76257      INFO  main            d.u.i.k.p.i.AbstractProblemLoader Replaying proof ArrayList[ArrayList::enlarge()].JML normal_behavior operation contract.0 
76259      DEBUG main            d.u.i.k.p.i.IntermediateProofReplayer Proof replay took 6.1ns 
76259      WARN  main            d.u.i.k.n.ParsingFacade   /home/runner/work/key/key/key.core/../key.ui/examples/heap/list/ArrayList_enlarge.key took 0 ms to parse. 
76259      WARN  main            d.u.i.k.n.ParsingFacade   Parsing time 429 ms. 
78614      INFO  main            d.u.i.k.p.r.p.TestFile    ... finished proof: closed. 
78817      INFO  main            d.u.i.k.p.i.AbstractProblemLoader Loading environment from /home/runner/work/key/key/key.core/../key.ui/examples/heap/list/ArrayList_enlarge.key.proof 
78818      DEBUG main            d.u.i.k.p.i.AbstractProblemLoader Environment load took 457.41ns 
78819      WARN  main            d.u.i.k.n.ParsingFacade   /home/runner/work/key/key/key.core/../key.ui/examples/heap/list/ArrayList_enlarge.key.proof took 0 ms to parse. 
78819      WARN  main            d.u.i.k.n.ParsingFacade   Parsing time 429 ms. 
78820      INFO  main            d.u.i.k.p.i.AbstractProblemLoader Creating init config 
79809      DEBUG main            d.u.i.k.j.r.ClassPreparationMethodBuilder clPrepBuilder: Inner Class detected. Reject building class initialisation methods. 
79860      WARN  main            d.u.i.k.n.ParsingFacade   file:/home/runner/work/key/key/key.core/build/resources/main/de/uka/ilkd/key/java/JavaRedux/java/lang/String.key took 2 ms to parse. 
79860      WARN  main            d.u.i.k.n.ParsingFacade   Parsing time 431 ms. 
81986      DEBUG main            d.u.i.k.p.i.AbstractProblemLoader Init config took 3.17s 
82037      INFO  main            d.u.i.k.p.i.AbstractProblemLoader Replaying proof ArrayList[ArrayList::enlarge()].JML normal_behavior operation contract.0 
82418      DEBUG main            d.u.i.k.p.i.IntermediateProofReplayer Proof replay took 372.54ms 
82419      WARN  main            d.u.i.k.n.ParsingFacade   /home/runner/work/key/key/key.core/../key.ui/examples/heap/list/ArrayList_enlarge.key.proof took 0 ms to parse. 
82419      WARN  main            d.u.i.k.n.ParsingFacade   Parsing time 431 ms. 
82420      DEBUG main            d.u.i.k.p.r.p.TestFile    ... success: reloaded. 
82421      INFO  main            d.u.i.k.p.r.p.TestFile    Now processing file /home/runner/work/key/key/key.core/../key.ui/examples/heap/list/ArrayList_footprint.key 
82422      INFO  main            d.u.i.k.p.i.AbstractProblemLoader Loading environment from /home/runner/work/key/key/key.core/../key.ui/examples/heap/list/ArrayList_footprint.key 
82422      DEBUG main            d.u.i.k.p.i.AbstractProblemLoader Environment load took 222.1ns 
82422      WARN  main            d.u.i.k.n.ParsingFacade   /home/runner/work/key/key/key.core/../key.ui/examples/heap/list/ArrayList_footprint.key took 0 ms to parse. 
82422      WARN  main            d.u.i.k.n.ParsingFacade   Parsing time 431 ms. 
82423      INFO  main            d.u.i.k.p.i.AbstractProblemLoader Creating init config 
83475      DEBUG main            d.u.i.k.j.r.ClassPreparationMethodBuilder clPrepBuilder: Inner Class detected. Reject building class initialisation methods. 
83518      WARN  main            d.u.i.k.n.ParsingFacade   file:/home/runner/work/key/key/key.core/build/resources/main/de/uka/ilkd/key/java/JavaRedux/java/lang/String.key took 1 ms to parse. 
83519      WARN  main            d.u.i.k.n.ParsingFacade   Parsing time 432 ms. 
85622      DEBUG main            d.u.i.k.p.i.AbstractProblemLoader Init config took 3.2s 
85673      INFO  main            d.u.i.k.p.i.AbstractProblemLoader Replaying proof List[List::$footprint()].JML accessible clause.0 
85676      DEBUG main            d.u.i.k.p.i.IntermediateProofReplayer Proof replay took 6.6ns 
85678      WARN  main            d.u.i.k.n.ParsingFacade   /home/runner/work/key/key/key.core/../key.ui/examples/heap/list/ArrayList_footprint.key took 0 ms to parse. 
85679      WARN  main            d.u.i.k.n.ParsingFacade   Parsing time 432 ms. 
85780      INFO  main            d.u.i.k.p.r.p.TestFile    ... finished proof: closed. 
86011      INFO  main            d.u.i.k.p.i.AbstractProblemLoader Loading environment from /home/runner/work/key/key/key.core/../key.ui/examples/heap/list/ArrayList_footprint.key.proof 
86011      DEBUG main            d.u.i.k.p.i.AbstractProblemLoader Environment load took 99.5ns 
86011      WARN  main            d.u.i.k.n.ParsingFacade   /home/runner/work/key/key/key.core/../key.ui/examples/heap/list/ArrayList_footprint.key.proof took 0 ms to parse. 
86011      WARN  main            d.u.i.k.n.ParsingFacade   Parsing time 432 ms. 
86012      INFO  main            d.u.i.k.p.i.AbstractProblemLoader Creating init config 
87015      DEBUG main            d.u.i.k.j.r.ClassPreparationMethodBuilder clPrepBuilder: Inner Class detected. Reject building class initialisation methods. 
87058      WARN  main            d.u.i.k.n.ParsingFacade   file:/home/runner/work/key/key/key.core/build/resources/main/de/uka/ilkd/key/java/JavaRedux/java/lang/String.key took 1 ms to parse. 
87058      WARN  main            d.u.i.k.n.ParsingFacade   Parsing time 433 ms. 
89163      DEBUG main            d.u.i.k.p.i.AbstractProblemLoader Init config took 3.15s 
89214      INFO  main            d.u.i.k.p.i.AbstractProblemLoader Replaying proof List[List::$footprint()].JML accessible clause.0 
89218      DEBUG main            d.u.i.k.p.i.IntermediateProofReplayer Proof replay took 1.61ms 
89218      WARN  main            d.u.i.k.n.ParsingFacade   /home/runner/work/key/key/key.core/../key.ui/examples/heap/list/ArrayList_footprint.key.proof took 0 ms to parse. 
89219      WARN  main            d.u.i.k.n.ParsingFacade   Parsing time 433 ms. 
89219      DEBUG main            d.u.i.k.p.r.p.TestFile    ... success: reloaded. 
89220      INFO  main            d.u.i.k.p.r.p.TestFile    Now processing file /home/runner/work/key/key/key.core/../key.ui/examples/heap/list/ArrayList_get_dep.key 
89221      INFO  main            d.u.i.k.p.i.AbstractProblemLoader Loading environment from /home/runner/work/key/key/key.core/../key.ui/examples/heap/list/ArrayList_get_dep.key 
89221      DEBUG main            d.u.i.k.p.i.AbstractProblemLoader Environment load took 222.81ns 
89221      WARN  main            d.u.i.k.n.ParsingFacade   /home/runner/work/key/key/key.core/../key.ui/examples/heap/list/ArrayList_get_dep.key took 0 ms to parse. 
89222      WARN  main            d.u.i.k.n.ParsingFacade   Parsing time 433 ms. 
89222      INFO  main            d.u.i.k.p.i.AbstractProblemLoader Creating init config 
90239      DEBUG main            d.u.i.k.j.r.ClassPreparationMethodBuilder clPrepBuilder: Inner Class detected. Reject building class initialisation methods. 
90282      WARN  main            d.u.i.k.n.ParsingFacade   file:/home/runner/work/key/key/key.core/build/resources/main/de/uka/ilkd/key/java/JavaRedux/java/lang/String.key took 2 ms to parse. 
90282      WARN  main            d.u.i.k.n.ParsingFacade   Parsing time 435 ms. 
92389      DEBUG main            d.u.i.k.p.i.AbstractProblemLoader Init config took 3.17s 
92435      INFO  main            d.u.i.k.p.i.AbstractProblemLoader Replaying proof ArrayList[List::get(int)].JML accessible clause.0 
92437      DEBUG main            d.u.i.k.p.i.IntermediateProofReplayer Proof replay took 5.4ns 
92437      WARN  main            d.u.i.k.n.ParsingFacade   /home/runner/work/key/key/key.core/../key.ui/examples/heap/list/ArrayList_get_dep.key took 0 ms to parse. 
92438      WARN  main            d.u.i.k.n.ParsingFacade   Parsing time 435 ms. 
92944      INFO  main            d.u.i.k.p.r.p.TestFile    ... finished proof: closed. 
93147      INFO  main            d.u.i.k.p.i.AbstractProblemLoader Loading environment from /home/runner/work/key/key/key.core/../key.ui/examples/heap/list/ArrayList_get_dep.key.proof 
93148      DEBUG main            d.u.i.k.p.i.AbstractProblemLoader Environment load took 110.5ns 
93148      WARN  main            d.u.i.k.n.ParsingFacade   /home/runner/work/key/key/key.core/../key.ui/examples/heap/list/ArrayList_get_dep.key.proof took 0 ms to parse. 
93148      WARN  main            d.u.i.k.n.ParsingFacade   Parsing time 435 ms. 
93149      INFO  main            d.u.i.k.p.i.AbstractProblemLoader Creating init config 
94141      DEBUG main            d.u.i.k.j.r.ClassPreparationMethodBuilder clPrepBuilder: Inner Class detected. Reject building class initialisation methods. 
94183      WARN  main            d.u.i.k.n.ParsingFacade   file:/home/runner/work/key/key/key.core/build/resources/main/de/uka/ilkd/key/java/JavaRedux/java/lang/String.key took 1 ms to parse. 
94184      WARN  main            d.u.i.k.n.ParsingFacade   Parsing time 436 ms. 
96269      DEBUG main            d.u.i.k.p.i.AbstractProblemLoader Init config took 3.12s 
96317      INFO  main            d.u.i.k.p.i.AbstractProblemLoader Replaying proof ArrayList[List::get(int)].JML accessible clause.0 
96397      DEBUG main            d.u.i.k.p.i.IntermediateProofReplayer Proof replay took 76.15ms 
96398      WARN  main            d.u.i.k.n.ParsingFacade   /home/runner/work/key/key/key.core/../key.ui/examples/heap/list/ArrayList_get_dep.key.proof took 0 ms to parse. 
96398      WARN  main            d.u.i.k.n.ParsingFacade   Parsing time 436 ms. 
96399      DEBUG main            d.u.i.k.p.r.p.TestFile    ... success: reloaded. 
96400      INFO  main            d.u.i.k.p.r.p.TestFile    Now processing file /home/runner/work/key/key/key.core/../key.ui/examples/heap/list/ArrayList_get_exceptional.key 
96400      INFO  main            d.u.i.k.p.i.AbstractProblemLoader Loading environment from /home/runner/work/key/key/key.core/../key.ui/examples/heap/list/ArrayList_get_exceptional.key 
96400      DEBUG main            d.u.i.k.p.i.AbstractProblemLoader Environment load took 194.8ns 
96401      WARN  main            d.u.i.k.n.ParsingFacade   /home/runner/work/key/key/key.core/../key.ui/examples/heap/list/ArrayList_get_exceptional.key took 0 ms to parse. 
96401      WARN  main            d.u.i.k.n.ParsingFacade   Parsing time 436 ms. 
96402      INFO  main            d.u.i.k.p.i.AbstractProblemLoader Creating init config 
97426      DEBUG main            d.u.i.k.j.r.ClassPreparationMethodBuilder clPrepBuilder: Inner Class detected. Reject building class initialisation methods. 
97470      WARN  main            d.u.i.k.n.ParsingFacade   file:/home/runner/work/key/key/key.core/build/resources/main/de/uka/ilkd/key/java/JavaRedux/java/lang/String.key took 3 ms to parse. 
97471      WARN  main            d.u.i.k.n.ParsingFacade   Parsing time 439 ms. 
99564      DEBUG main            d.u.i.k.p.i.AbstractProblemLoader Init config took 3.16s 
99610      INFO  main            d.u.i.k.p.i.AbstractProblemLoader Replaying proof ArrayList[List::get(int)].JML exceptional_behavior operation contract.0 
99612      DEBUG main            d.u.i.k.p.i.IntermediateProofReplayer Proof replay took 6.4ns 
99612      WARN  main            d.u.i.k.n.ParsingFacade   /home/runner/work/key/key/key.core/../key.ui/examples/heap/list/ArrayList_get_exceptional.key took 0 ms to parse. 
99613      WARN  main            d.u.i.k.n.ParsingFacade   Parsing time 439 ms. 
100837     INFO  main            d.u.i.k.p.r.p.TestFile    ... finished proof: closed. 
101067     INFO  main            d.u.i.k.p.i.AbstractProblemLoader Loading environment from /home/runner/work/key/key/key.core/../key.ui/examples/heap/list/ArrayList_get_exceptional.key.proof 
101067     DEBUG main            d.u.i.k.p.i.AbstractProblemLoader Environment load took 438.71ns 
101068     WARN  main            d.u.i.k.n.ParsingFacade   /home/runner/work/key/key/key.core/../key.ui/examples/heap/list/ArrayList_get_exceptional.key.proof took 0 ms to parse. 
101068     WARN  main            d.u.i.k.n.ParsingFacade   Parsing time 439 ms. 
101069     INFO  main            d.u.i.k.p.i.AbstractProblemLoader Creating init config 
102058     DEBUG main            d.u.i.k.j.r.ClassPreparationMethodBuilder clPrepBuilder: Inner Class detected. Reject building class initialisation methods. 
102099     WARN  main            d.u.i.k.n.ParsingFacade   file:/home/runner/work/key/key/key.core/build/resources/main/de/uka/ilkd/key/java/JavaRedux/java/lang/String.key took 1 ms to parse. 
102099     WARN  main            d.u.i.k.n.ParsingFacade   Parsing time 440 ms. 
104185     DEBUG main            d.u.i.k.p.i.AbstractProblemLoader Init config took 3.12s 
104231     INFO  main            d.u.i.k.p.i.AbstractProblemLoader Replaying proof ArrayList[List::get(int)].JML exceptional_behavior operation contract.0 
104457     DEBUG main            d.u.i.k.p.i.IntermediateProofReplayer Proof replay took 219.75ms 
104458     WARN  main            d.u.i.k.n.ParsingFacade   /home/runner/work/key/key/key.core/../key.ui/examples/heap/list/ArrayList_get_exceptional.key.proof took 1 ms to parse. 
104458     WARN  main            d.u.i.k.n.ParsingFacade   Parsing time 441 ms. 
104459     DEBUG main            d.u.i.k.p.r.p.TestFile    ... success: reloaded. 
104460     INFO  main            d.u.i.k.p.r.p.TestFile    Now processing file /home/runner/work/key/key/key.core/../key.ui/examples/heap/list/ArrayList_get_normal.key 
104460     INFO  main            d.u.i.k.p.i.AbstractProblemLoader Loading environment from /home/runner/work/key/key/key.core/../key.ui/examples/heap/list/ArrayList_get_normal.key 
104460     DEBUG main            d.u.i.k.p.i.AbstractProblemLoader Environment load took 83.4ns 
104460     WARN  main            d.u.i.k.n.ParsingFacade   /home/runner/work/key/key/key.core/../key.ui/examples/heap/list/ArrayList_get_normal.key took 0 ms to parse. 
104460     WARN  main            d.u.i.k.n.ParsingFacade   Parsing time 441 ms. 
104461     INFO  main            d.u.i.k.p.i.AbstractProblemLoader Creating init config 
105476     DEBUG main            d.u.i.k.j.r.ClassPreparationMethodBuilder clPrepBuilder: Inner Class detected. Reject building class initialisation methods. 
105517     WARN  main            d.u.i.k.n.ParsingFacade   file:/home/runner/work/key/key/key.core/build/resources/main/de/uka/ilkd/key/java/JavaRedux/java/lang/String.key took 1 ms to parse. 
105517     WARN  main            d.u.i.k.n.ParsingFacade   Parsing time 442 ms. 
107608     DEBUG main            d.u.i.k.p.i.AbstractProblemLoader Init config took 3.15s 
107653     INFO  main            d.u.i.k.p.i.AbstractProblemLoader Replaying proof ArrayList[List::get(int)].JML normal_behavior operation contract.0 
107655     DEBUG main            d.u.i.k.p.i.IntermediateProofReplayer Proof replay took 6.4ns 
107655     WARN  main            d.u.i.k.n.ParsingFacade   /home/runner/work/key/key/key.core/../key.ui/examples/heap/list/ArrayList_get_normal.key took 0 ms to parse. 
107655     WARN  main            d.u.i.k.n.ParsingFacade   Parsing time 442 ms. 
108059     INFO  main            d.u.i.k.p.r.p.TestFile    ... finished proof: closed. 
108315     INFO  main            d.u.i.k.p.i.AbstractProblemLoader Loading environment from /home/runner/work/key/key/key.core/../key.ui/examples/heap/list/ArrayList_get_normal.key.proof 
108315     DEBUG main            d.u.i.k.p.i.AbstractProblemLoader Environment load took 97.1ns 
108315     WARN  main            d.u.i.k.n.ParsingFacade   /home/runner/work/key/key/key.core/../key.ui/examples/heap/list/ArrayList_get_normal.key.proof took 0 ms to parse. 
108315     WARN  main            d.u.i.k.n.ParsingFacade   Parsing time 442 ms. 
108316     INFO  main            d.u.i.k.p.i.AbstractProblemLoader Creating init config 
109317     DEBUG main            d.u.i.k.j.r.ClassPreparationMethodBuilder clPrepBuilder: Inner Class detected. Reject building class initialisation methods. 
109358     WARN  main            d.u.i.k.n.ParsingFacade   file:/home/runner/work/key/key/key.core/build/resources/main/de/uka/ilkd/key/java/JavaRedux/java/lang/String.key took 1 ms to parse. 
109359     WARN  main            d.u.i.k.n.ParsingFacade   Parsing time 443 ms. 
111465     DEBUG main            d.u.i.k.p.i.AbstractProblemLoader Init config took 3.15s 
111511     INFO  main            d.u.i.k.p.i.AbstractProblemLoader Replaying proof ArrayList[List::get(int)].JML normal_behavior operation contract.0 
111589     DEBUG main            d.u.i.k.p.i.IntermediateProofReplayer Proof replay took 74.34ms 
111589     WARN  main            d.u.i.k.n.ParsingFacade   /home/runner/work/key/key/key.core/../key.ui/examples/heap/list/ArrayList_get_normal.key.proof took 0 ms to parse. 
111589     WARN  main            d.u.i.k.n.ParsingFacade   Parsing time 443 ms. 
111590     DEBUG main            d.u.i.k.p.r.p.TestFile    ... success: reloaded. 
111591     INFO  main            d.u.i.k.p.r.p.TestFile    Now processing file /home/runner/work/key/key/key.core/../key.ui/examples/heap/list/ArrayList_inv.key 
111591     INFO  main            d.u.i.k.p.i.AbstractProblemLoader Loading environment from /home/runner/work/key/key/key.core/../key.ui/examples/heap/list/ArrayList_inv.key 
111592     DEBUG main            d.u.i.k.p.i.AbstractProblemLoader Environment load took 131.9ns 
111592     WARN  main            d.u.i.k.n.ParsingFacade   /home/runner/work/key/key/key.core/../key.ui/examples/heap/list/ArrayList_inv.key took 0 ms to parse. 
111592     WARN  main            d.u.i.k.n.ParsingFacade   Parsing time 443 ms. 
111593     INFO  main            d.u.i.k.p.i.AbstractProblemLoader Creating init config 
112591     DEBUG main            d.u.i.k.j.r.ClassPreparationMethodBuilder clPrepBuilder: Inner Class detected. Reject building class initialisation methods. 
112633     WARN  main            d.u.i.k.n.ParsingFacade   file:/home/runner/work/key/key/key.core/build/resources/main/de/uka/ilkd/key/java/JavaRedux/java/lang/String.key took 2 ms to parse. 
112633     WARN  main            d.u.i.k.n.ParsingFacade   Parsing time 445 ms. 
114706     DEBUG main            d.u.i.k.p.i.AbstractProblemLoader Init config took 3.11s 
114750     INFO  main            d.u.i.k.p.i.AbstractProblemLoader Replaying proof ArrayList[java.lang.Object::<inv>()].JML accessible clause.0 
114754     DEBUG main            d.u.i.k.p.i.IntermediateProofReplayer Proof replay took 6ns 
114755     WARN  main            d.u.i.k.n.ParsingFacade   /home/runner/work/key/key/key.core/../key.ui/examples/heap/list/ArrayList_inv.key took 1 ms to parse. 
114755     WARN  main            d.u.i.k.n.ParsingFacade   Parsing time 446 ms. 
115157     INFO  main            d.u.i.k.p.r.p.TestFile    ... finished proof: closed. 
115379     INFO  main            d.u.i.k.p.i.AbstractProblemLoader Loading environment from /home/runner/work/key/key/key.core/../key.ui/examples/heap/list/ArrayList_inv.key.proof 
115380     DEBUG main            d.u.i.k.p.i.AbstractProblemLoader Environment load took 99.9ns 
115380     WARN  main            d.u.i.k.n.ParsingFacade   /home/runner/work/key/key/key.core/../key.ui/examples/heap/list/ArrayList_inv.key.proof took 0 ms to parse. 
115380     WARN  main            d.u.i.k.n.ParsingFacade   Parsing time 446 ms. 
115381     INFO  main            d.u.i.k.p.i.AbstractProblemLoader Creating init config 
116385     DEBUG main            d.u.i.k.j.r.ClassPreparationMethodBuilder clPrepBuilder: Inner Class detected. Reject building class initialisation methods. 
116427     WARN  main            d.u.i.k.n.ParsingFacade   file:/home/runner/work/key/key/key.core/build/resources/main/de/uka/ilkd/key/java/JavaRedux/java/lang/String.key took 2 ms to parse. 
116427     WARN  main            d.u.i.k.n.ParsingFacade   Parsing time 448 ms. 
118474     DEBUG main            d.u.i.k.p.i.AbstractProblemLoader Init config took 3.09s 
118518     INFO  main            d.u.i.k.p.i.AbstractProblemLoader Replaying proof ArrayList[java.lang.Object::<inv>()].JML accessible clause.0 
118561     DEBUG main            d.u.i.k.p.i.IntermediateProofReplayer Proof replay took 40.04ms 
118562     WARN  main            d.u.i.k.n.ParsingFacade   /home/runner/work/key/key/key.core/../key.ui/examples/heap/list/ArrayList_inv.key.proof took 0 ms to parse. 
118562     WARN  main            d.u.i.k.n.ParsingFacade   Parsing time 448 ms. 
118563     DEBUG main            d.u.i.k.p.r.p.TestFile    ... success: reloaded. 
118564     INFO  main            d.u.i.k.p.r.p.TestFile    Now processing file /home/runner/work/key/key/key.core/../key.ui/examples/heap/list/ArrayList_iterator.key 
118564     INFO  main            d.u.i.k.p.i.AbstractProblemLoader Loading environment from /home/runner/work/key/key/key.core/../key.ui/examples/heap/list/ArrayList_iterator.key 
118565     DEBUG main            d.u.i.k.p.i.AbstractProblemLoader Environment load took 199ns 
118565     WARN  main            d.u.i.k.n.ParsingFacade   /home/runner/work/key/key/key.core/../key.ui/examples/heap/list/ArrayList_iterator.key took 0 ms to parse. 
118565     WARN  main            d.u.i.k.n.ParsingFacade   Parsing time 448 ms. 
118566     INFO  main            d.u.i.k.p.i.AbstractProblemLoader Creating init config 
119576     DEBUG main            d.u.i.k.j.r.ClassPreparationMethodBuilder clPrepBuilder: Inner Class detected. Reject building class initialisation methods. 
119617     WARN  main            d.u.i.k.n.ParsingFacade   file:/home/runner/work/key/key/key.core/build/resources/main/de/uka/ilkd/key/java/JavaRedux/java/lang/String.key took 1 ms to parse. 
119617     WARN  main            d.u.i.k.n.ParsingFacade   Parsing time 449 ms. 
121746     DEBUG main            d.u.i.k.p.i.AbstractProblemLoader Init config took 3.18s 
121791     INFO  main            d.u.i.k.p.i.AbstractProblemLoader Replaying proof ArrayList[List::iterator()].JML normal_behavior operation contract.0 
121792     DEBUG main            d.u.i.k.p.i.IntermediateProofReplayer Proof replay took 6.2ns 
121793     WARN  main            d.u.i.k.n.ParsingFacade   /home/runner/work/key/key/key.core/../key.ui/examples/heap/list/ArrayList_iterator.key took 0 ms to parse. 
121793     WARN  main            d.u.i.k.n.ParsingFacade   Parsing time 449 ms. 
122296     INFO  main            d.u.i.k.p.r.p.TestFile    ... finished proof: closed. 
122527     INFO  main            d.u.i.k.p.i.AbstractProblemLoader Loading environment from /home/runner/work/key/key/key.core/../key.ui/examples/heap/list/ArrayList_iterator.key.proof 
122528     DEBUG main            d.u.i.k.p.i.AbstractProblemLoader Environment load took 418.81ns 
122528     WARN  main            d.u.i.k.n.ParsingFacade   /home/runner/work/key/key/key.core/../key.ui/examples/heap/list/ArrayList_iterator.key.proof took 0 ms to parse. 
122528     WARN  main            d.u.i.k.n.ParsingFacade   Parsing time 449 ms. 
122529     INFO  main            d.u.i.k.p.i.AbstractProblemLoader Creating init config 
123521     DEBUG main            d.u.i.k.j.r.ClassPreparationMethodBuilder clPrepBuilder: Inner Class detected. Reject building class initialisation methods. 
123565     WARN  main            d.u.i.k.n.ParsingFacade   file:/home/runner/work/key/key/key.core/build/resources/main/de/uka/ilkd/key/java/JavaRedux/java/lang/String.key took 1 ms to parse. 
123565     WARN  main            d.u.i.k.n.ParsingFacade   Parsing time 450 ms. 
125631     DEBUG main            d.u.i.k.p.i.AbstractProblemLoader Init config took 3.1s 
125686     INFO  main            d.u.i.k.p.i.AbstractProblemLoader Replaying proof ArrayList[List::iterator()].JML normal_behavior operation contract.0 
125766     DEBUG main            d.u.i.k.p.i.IntermediateProofReplayer Proof replay took 76.29ms 
125766     WARN  main            d.u.i.k.n.ParsingFacade   /home/runner/work/key/key/key.core/../key.ui/examples/heap/list/ArrayList_iterator.key.proof took 0 ms to parse. 
125766     WARN  main            d.u.i.k.n.ParsingFacade   Parsing time 450 ms. 
125767     DEBUG main            d.u.i.k.p.r.p.TestFile    ... success: reloaded. 
125768     INFO  main            d.u.i.k.p.r.p.TestFile    Now processing file /home/runner/work/key/key/key.core/../key.ui/examples/heap/list/ArrayList_size_dep.key 
125768     INFO  main            d.u.i.k.p.i.AbstractProblemLoader Loading environment from /home/runner/work/key/key/key.core/../key.ui/examples/heap/list/ArrayList_size_dep.key 
125768     DEBUG main            d.u.i.k.p.i.AbstractProblemLoader Environment load took 94.3ns 
125768     WARN  main            d.u.i.k.n.ParsingFacade   /home/runner/work/key/key/key.core/../key.ui/examples/heap/list/ArrayList_size_dep.key took 0 ms to parse. 
125768     WARN  main            d.u.i.k.n.ParsingFacade   Parsing time 450 ms. 
125769     INFO  main            d.u.i.k.p.i.AbstractProblemLoader Creating init config 
126777     DEBUG main            d.u.i.k.j.r.ClassPreparationMethodBuilder clPrepBuilder: Inner Class detected. Reject building class initialisation methods. 
126818     WARN  main            d.u.i.k.n.ParsingFacade   file:/home/runner/work/key/key/key.core/build/resources/main/de/uka/ilkd/key/java/JavaRedux/java/lang/String.key took 1 ms to parse. 
126818     WARN  main            d.u.i.k.n.ParsingFacade   Parsing time 451 ms. 
128883     DEBUG main            d.u.i.k.p.i.AbstractProblemLoader Init config took 3.11s 
128927     INFO  main            d.u.i.k.p.i.AbstractProblemLoader Replaying proof ArrayList[List::size()].JML accessible clause.0 
128928     DEBUG main            d.u.i.k.p.i.IntermediateProofReplayer Proof replay took 5.7ns 
128928     WARN  main            d.u.i.k.n.ParsingFacade   /home/runner/work/key/key/key.core/../key.ui/examples/heap/list/ArrayList_size_dep.key took 0 ms to parse. 
128928     WARN  main            d.u.i.k.n.ParsingFacade   Parsing time 451 ms. 
129130     INFO  main            d.u.i.k.p.r.p.TestFile    ... finished proof: closed. 
129350     INFO  main            d.u.i.k.p.i.AbstractProblemLoader Loading environment from /home/runner/work/key/key/key.core/../key.ui/examples/heap/list/ArrayList_size_dep.key.proof 
129350     DEBUG main            d.u.i.k.p.i.AbstractProblemLoader Environment load took 101.1ns 
129350     WARN  main            d.u.i.k.n.ParsingFacade   /home/runner/work/key/key/key.core/../key.ui/examples/heap/list/ArrayList_size_dep.key.proof took 0 ms to parse. 
129350     WARN  main            d.u.i.k.n.ParsingFacade   Parsing time 451 ms. 
129351     INFO  main            d.u.i.k.p.i.AbstractProblemLoader Creating init config 
130351     DEBUG main            d.u.i.k.j.r.ClassPreparationMethodBuilder clPrepBuilder: Inner Class detected. Reject building class initialisation methods. 
130392     WARN  main            d.u.i.k.n.ParsingFacade   file:/home/runner/work/key/key/key.core/build/resources/main/de/uka/ilkd/key/java/JavaRedux/java/lang/String.key took 1 ms to parse. 
130392     WARN  main            d.u.i.k.n.ParsingFacade   Parsing time 452 ms. 
132412     DEBUG main            d.u.i.k.p.i.AbstractProblemLoader Init config took 3.06s 
132466     INFO  main            d.u.i.k.p.i.AbstractProblemLoader Replaying proof ArrayList[List::size()].JML accessible clause.0 
132489     DEBUG main            d.u.i.k.p.i.IntermediateProofReplayer Proof replay took 20.79ms 
132490     WARN  main            d.u.i.k.n.ParsingFacade   /home/runner/work/key/key/key.core/../key.ui/examples/heap/list/ArrayList_size_dep.key.proof took 0 ms to parse. 
132490     WARN  main            d.u.i.k.n.ParsingFacade   Parsing time 452 ms. 
132490     DEBUG main            d.u.i.k.p.r.p.TestFile    ... success: reloaded. 
132492     INFO  main            d.u.i.k.p.r.p.TestFile    Now processing file /home/runner/work/key/key/key.core/../key.ui/examples/heap/list/ArrayList_size.key 
132492     INFO  main            d.u.i.k.p.i.AbstractProblemLoader Loading environment from /home/runner/work/key/key/key.core/../key.ui/examples/heap/list/ArrayList_size.key 
132492     DEBUG main            d.u.i.k.p.i.AbstractProblemLoader Environment load took 201.4ns 
132493     WARN  main            d.u.i.k.n.ParsingFacade   /home/runner/work/key/key/key.core/../key.ui/examples/heap/list/ArrayList_size.key took 0 ms to parse. 
132493     WARN  main            d.u.i.k.n.ParsingFacade   Parsing time 452 ms. 
132494     INFO  main            d.u.i.k.p.i.AbstractProblemLoader Creating init config 
133486     DEBUG main            d.u.i.k.j.r.ClassPreparationMethodBuilder clPrepBuilder: Inner Class detected. Reject building class initialisation methods. 
133528     WARN  main            d.u.i.k.n.ParsingFacade   file:/home/runner/work/key/key/key.core/build/resources/main/de/uka/ilkd/key/java/JavaRedux/java/lang/String.key took 1 ms to parse. 
133528     WARN  main            d.u.i.k.n.ParsingFacade   Parsing time 453 ms. 
135613     DEBUG main            d.u.i.k.p.i.AbstractProblemLoader Init config took 3.12s 
135675     INFO  main            d.u.i.k.p.i.AbstractProblemLoader Replaying proof ArrayList[List::size()].JML normal_behavior operation contract.0 
135677     DEBUG main            d.u.i.k.p.i.IntermediateProofReplayer Proof replay took 6ns 
135677     WARN  main            d.u.i.k.n.ParsingFacade   /home/runner/work/key/key/key.core/../key.ui/examples/heap/list/ArrayList_size.key took 0 ms to parse. 
135677     WARN  main            d.u.i.k.n.ParsingFacade   Parsing time 453 ms. 
135879     INFO  main            d.u.i.k.p.r.p.TestFile    ... finished proof: closed. 
136112     INFO  main            d.u.i.k.p.i.AbstractProblemLoader Loading environment from /home/runner/work/key/key/key.core/../key.ui/examples/heap/list/ArrayList_size.key.proof 
136112     DEBUG main            d.u.i.k.p.i.AbstractProblemLoader Environment load took 97.4ns 
136112     WARN  main            d.u.i.k.n.ParsingFacade   /home/runner/work/key/key/key.core/../key.ui/examples/heap/list/ArrayList_size.key.proof took 0 ms to parse. 
136112     WARN  main            d.u.i.k.n.ParsingFacade   Parsing time 453 ms. 
136114     INFO  main            d.u.i.k.p.i.AbstractProblemLoader Creating init config 
137088     DEBUG main            d.u.i.k.j.r.ClassPreparationMethodBuilder clPrepBuilder: Inner Class detected. Reject building class initialisation methods. 
137129     WARN  main            d.u.i.k.n.ParsingFacade   file:/home/runner/work/key/key/key.core/build/resources/main/de/uka/ilkd/key/java/JavaRedux/java/lang/String.key took 1 ms to parse. 
137130     WARN  main            d.u.i.k.n.ParsingFacade   Parsing time 454 ms. 
139206     DEBUG main            d.u.i.k.p.i.AbstractProblemLoader Init config took 3.09s 
139249     INFO  main            d.u.i.k.p.i.AbstractProblemLoader Replaying proof ArrayList[List::size()].JML normal_behavior operation contract.0 
139285     DEBUG main            d.u.i.k.p.i.IntermediateProofReplayer Proof replay took 32.53ms 
139285     WARN  main            d.u.i.k.n.ParsingFacade   /home/runner/work/key/key/key.core/../key.ui/examples/heap/list/ArrayList_size.key.proof took 0 ms to parse. 
139285     WARN  main            d.u.i.k.n.ParsingFacade   Parsing time 454 ms. 
139286     DEBUG main            d.u.i.k.p.r.p.TestFile    ... success: reloaded. 
139287     INFO  main            d.u.i.k.p.r.p.TestFile    Now processing file /home/runner/work/key/key/key.core/../key.ui/examples/heap/list/ArrayList.ArrayListIterator_ArrayListIterator.key 
139287     INFO  main            d.u.i.k.p.i.AbstractProblemLoader Loading environment from /home/runner/work/key/key/key.core/../key.ui/examples/heap/list/ArrayList.ArrayListIterator_ArrayListIterator.key 
139287     DEBUG main            d.u.i.k.p.i.AbstractProblemLoader Environment load took 71.6ns 
139287     WARN  main            d.u.i.k.n.ParsingFacade   /home/runner/work/key/key/key.core/../key.ui/examples/heap/list/ArrayList.ArrayListIterator_ArrayListIterator.key took 0 ms to parse. 
139287     WARN  main            d.u.i.k.n.ParsingFacade   Parsing time 454 ms. 
139288     INFO  main            d.u.i.k.p.i.AbstractProblemLoader Creating init config 
140305     DEBUG main            d.u.i.k.j.r.ClassPreparationMethodBuilder clPrepBuilder: Inner Class detected. Reject building class initialisation methods. 
140346     WARN  main            d.u.i.k.n.ParsingFacade   file:/home/runner/work/key/key/key.core/build/resources/main/de/uka/ilkd/key/java/JavaRedux/java/lang/String.key took 1 ms to parse. 
140346     WARN  main            d.u.i.k.n.ParsingFacade   Parsing time 455 ms. 
142375     DEBUG main            d.u.i.k.p.i.AbstractProblemLoader Init config took 3.09s 
142428     INFO  main            d.u.i.k.p.i.AbstractProblemLoader Replaying proof ArrayList.ArrayListIterator[ArrayList.ArrayListIterator::ArrayListIterator(ArrayList)].JML normal_behavior operation contract.0 
142430     DEBUG main            d.u.i.k.p.i.IntermediateProofReplayer Proof replay took 6.9ns 
142430     WARN  main            d.u.i.k.n.ParsingFacade   /home/runner/work/key/key/key.core/../key.ui/examples/heap/list/ArrayList.ArrayListIterator_ArrayListIterator.key took 0 ms to parse. 
142430     WARN  main            d.u.i.k.n.ParsingFacade   Parsing time 455 ms. 
143036     INFO  main            d.u.i.k.p.r.p.TestFile    ... finished proof: closed. 
143274     INFO  main            d.u.i.k.p.i.AbstractProblemLoader Loading environment from /home/runner/work/key/key/key.core/../key.ui/examples/heap/list/ArrayList.ArrayListIterator_ArrayListIterator.key.proof 
143274     DEBUG main            d.u.i.k.p.i.AbstractProblemLoader Environment load took 516.81ns 
143275     WARN  main            d.u.i.k.n.ParsingFacade   /home/runner/work/key/key/key.core/../key.ui/examples/heap/list/ArrayList.ArrayListIterator_ArrayListIterator.key.proof took 0 ms to parse. 
143275     WARN  main            d.u.i.k.n.ParsingFacade   Parsing time 455 ms. 
143276     INFO  main            d.u.i.k.p.i.AbstractProblemLoader Creating init config 
144252     DEBUG main            d.u.i.k.j.r.ClassPreparationMethodBuilder clPrepBuilder: Inner Class detected. Reject building class initialisation methods. 
144293     WARN  main            d.u.i.k.n.ParsingFacade   file:/home/runner/work/key/key/key.core/build/resources/main/de/uka/ilkd/key/java/JavaRedux/java/lang/String.key took 1 ms to parse. 
144293     WARN  main            d.u.i.k.n.ParsingFacade   Parsing time 456 ms. 
146352     DEBUG main            d.u.i.k.p.i.AbstractProblemLoader Init config took 3.08s 
146405     INFO  main            d.u.i.k.p.i.AbstractProblemLoader Replaying proof ArrayList.ArrayListIterator[ArrayList.ArrayListIterator::ArrayListIterator(ArrayList)].JML normal_behavior operation contract.0 
146508     DEBUG main            d.u.i.k.p.i.IntermediateProofReplayer Proof replay took 97.5ms 
146508     WARN  main            d.u.i.k.n.ParsingFacade   /home/runner/work/key/key/key.core/../key.ui/examples/heap/list/ArrayList.ArrayListIterator_ArrayListIterator.key.proof took 0 ms to parse. 
146509     WARN  main            d.u.i.k.n.ParsingFacade   Parsing time 456 ms. 
146510     DEBUG main            d.u.i.k.p.r.p.TestFile    ... success: reloaded. 
146511     INFO  main            d.u.i.k.p.r.p.TestFile    Now processing file /home/runner/work/key/key/key.core/../key.ui/examples/heap/list/ArrayList.ArrayListIterator_hasNext_dep.key 
146511     INFO  main            d.u.i.k.p.i.AbstractProblemLoader Loading environment from /home/runner/work/key/key/key.core/../key.ui/examples/heap/list/ArrayList.ArrayListIterator_hasNext_dep.key 
146511     DEBUG main            d.u.i.k.p.i.AbstractProblemLoader Environment load took 199.7ns 
146512     WARN  main            d.u.i.k.n.ParsingFacade   /home/runner/work/key/key/key.core/../key.ui/examples/heap/list/ArrayList.ArrayListIterator_hasNext_dep.key took 0 ms to parse. 
146512     WARN  main            d.u.i.k.n.ParsingFacade   Parsing time 456 ms. 
146513     INFO  main            d.u.i.k.p.i.AbstractProblemLoader Creating init config 
147530     DEBUG main            d.u.i.k.j.r.ClassPreparationMethodBuilder clPrepBuilder: Inner Class detected. Reject building class initialisation methods. 
147570     WARN  main            d.u.i.k.n.ParsingFacade   file:/home/runner/work/key/key/key.core/build/resources/main/de/uka/ilkd/key/java/JavaRedux/java/lang/String.key took 1 ms to parse. 
147570     WARN  main            d.u.i.k.n.ParsingFacade   Parsing time 457 ms. 
149609     DEBUG main            d.u.i.k.p.i.AbstractProblemLoader Init config took 3.1s 
149684     INFO  main            d.u.i.k.p.i.AbstractProblemLoader Replaying proof ArrayList.ArrayListIterator[ListIterator::hasNext()].JML accessible clause.0 
149686     DEBUG main            d.u.i.k.p.i.IntermediateProofReplayer Proof replay took 5.4ns 
149686     WARN  main            d.u.i.k.n.ParsingFacade   /home/runner/work/key/key/key.core/../key.ui/examples/heap/list/ArrayList.ArrayListIterator_hasNext_dep.key took 0 ms to parse. 
149686     WARN  main            d.u.i.k.n.ParsingFacade   Parsing time 457 ms. 
150089     INFO  main            d.u.i.k.p.r.p.TestFile    ... finished proof: closed. 
150332     INFO  main            d.u.i.k.p.i.AbstractProblemLoader Loading environment from /home/runner/work/key/key/key.core/../key.ui/examples/heap/list/ArrayList.ArrayListIterator_hasNext_dep.key.proof 
150332     DEBUG main            d.u.i.k.p.i.AbstractProblemLoader Environment load took 90.4ns 
150332     WARN  main            d.u.i.k.n.ParsingFacade   /home/runner/work/key/key/key.core/../key.ui/examples/heap/list/ArrayList.ArrayListIterator_hasNext_dep.key.proof took 0 ms to parse. 
150332     WARN  main            d.u.i.k.n.ParsingFacade   Parsing time 457 ms. 
150333     INFO  main            d.u.i.k.p.i.AbstractProblemLoader Creating init config 
151313     DEBUG main            d.u.i.k.j.r.ClassPreparationMethodBuilder clPrepBuilder: Inner Class detected. Reject building class initialisation methods. 
151354     WARN  main            d.u.i.k.n.ParsingFacade   file:/home/runner/work/key/key/key.core/build/resources/main/de/uka/ilkd/key/java/JavaRedux/java/lang/String.key took 1 ms to parse. 
151354     WARN  main            d.u.i.k.n.ParsingFacade   Parsing time 458 ms. 
153405     DEBUG main            d.u.i.k.p.i.AbstractProblemLoader Init config took 3.07s 
153454     INFO  main            d.u.i.k.p.i.AbstractProblemLoader Replaying proof ArrayList.ArrayListIterator[ListIterator::hasNext()].JML accessible clause.0 
153508     DEBUG main            d.u.i.k.p.i.IntermediateProofReplayer Proof replay took 50.71ms 
153508     WARN  main            d.u.i.k.n.ParsingFacade   /home/runner/work/key/key/key.core/../key.ui/examples/heap/list/ArrayList.ArrayListIterator_hasNext_dep.key.proof took 0 ms to parse. 
153509     WARN  main            d.u.i.k.n.ParsingFacade   Parsing time 458 ms. 
153509     DEBUG main            d.u.i.k.p.r.p.TestFile    ... success: reloaded. 
153510     INFO  main            d.u.i.k.p.r.p.TestFile    Now processing file /home/runner/work/key/key/key.core/../key.ui/examples/heap/list/ArrayList.ArrayListIterator_hasNext.key 
153511     INFO  main            d.u.i.k.p.i.AbstractProblemLoader Loading environment from /home/runner/work/key/key/key.core/../key.ui/examples/heap/list/ArrayList.ArrayListIterator_hasNext.key 
153511     DEBUG main            d.u.i.k.p.i.AbstractProblemLoader Environment load took 188ns 
153511     WARN  main            d.u.i.k.n.ParsingFacade   /home/runner/work/key/key/key.core/../key.ui/examples/heap/list/ArrayList.ArrayListIterator_hasNext.key took 0 ms to parse. 
153511     WARN  main            d.u.i.k.n.ParsingFacade   Parsing time 458 ms. 
153512     INFO  main            d.u.i.k.p.i.AbstractProblemLoader Creating init config 
154507     DEBUG main            d.u.i.k.j.r.ClassPreparationMethodBuilder clPrepBuilder: Inner Class detected. Reject building class initialisation methods. 
154564     WARN  main            d.u.i.k.n.ParsingFacade   file:/home/runner/work/key/key/key.core/build/resources/main/de/uka/ilkd/key/java/JavaRedux/java/lang/String.key took 1 ms to parse. 
154564     WARN  main            d.u.i.k.n.ParsingFacade   Parsing time 459 ms. 
156622     DEBUG main            d.u.i.k.p.i.AbstractProblemLoader Init config took 3.11s 
156672     INFO  main            d.u.i.k.p.i.AbstractProblemLoader Replaying proof ArrayList.ArrayListIterator[ListIterator::hasNext()].JML normal_behavior operation contract.0 
156673     DEBUG main            d.u.i.k.p.i.IntermediateProofReplayer Proof replay took 6.1ns 
156674     WARN  main            d.u.i.k.n.ParsingFacade   /home/runner/work/key/key/key.core/../key.ui/examples/heap/list/ArrayList.ArrayListIterator_hasNext.key took 0 ms to parse. 
156674     WARN  main            d.u.i.k.n.ParsingFacade   Parsing time 459 ms. 
157093     INFO  main            d.u.i.k.p.r.p.TestFile    ... finished proof: closed. 
157335     INFO  main            d.u.i.k.p.i.AbstractProblemLoader Loading environment from /home/runner/work/key/key/key.core/../key.ui/examples/heap/list/ArrayList.ArrayListIterator_hasNext.key.proof 
157336     DEBUG main            d.u.i.k.p.i.AbstractProblemLoader Environment load took 88.9ns 
157336     WARN  main            d.u.i.k.n.ParsingFacade   /home/runner/work/key/key/key.core/../key.ui/examples/heap/list/ArrayList.ArrayListIterator_hasNext.key.proof took 0 ms to parse. 
157336     WARN  main            d.u.i.k.n.ParsingFacade   Parsing time 459 ms. 
157338     INFO  main            d.u.i.k.p.i.AbstractProblemLoader Creating init config 
158317     DEBUG main            d.u.i.k.j.r.ClassPreparationMethodBuilder clPrepBuilder: Inner Class detected. Reject building class initialisation methods. 
158357     WARN  main            d.u.i.k.n.ParsingFacade   file:/home/runner/work/key/key/key.core/build/resources/main/de/uka/ilkd/key/java/JavaRedux/java/lang/String.key took 1 ms to parse. 
158358     WARN  main            d.u.i.k.n.ParsingFacade   Parsing time 460 ms. 
160399     DEBUG main            d.u.i.k.p.i.AbstractProblemLoader Init config took 3.06s 
160459     INFO  main            d.u.i.k.p.i.AbstractProblemLoader Replaying proof ArrayList.ArrayListIterator[ListIterator::hasNext()].JML normal_behavior operation contract.0 
160525     DEBUG main            d.u.i.k.p.i.IntermediateProofReplayer Proof replay took 57.17ms 
160526     WARN  main            d.u.i.k.n.ParsingFacade   /home/runner/work/key/key/key.core/../key.ui/examples/heap/list/ArrayList.ArrayListIterator_hasNext.key.proof took 0 ms to parse. 
160526     WARN  main            d.u.i.k.n.ParsingFacade   Parsing time 460 ms. 
160527     DEBUG main            d.u.i.k.p.r.p.TestFile    ... success: reloaded. 
160528     INFO  main            d.u.i.k.p.r.p.TestFile    Now processing file /home/runner/work/key/key/key.core/../key.ui/examples/heap/list/ArrayList.ArrayListIterator_inv.key 
160528     INFO  main            d.u.i.k.p.i.AbstractProblemLoader Loading environment from /home/runner/work/key/key/key.core/../key.ui/examples/heap/list/ArrayList.ArrayListIterator_inv.key 
160528     DEBUG main            d.u.i.k.p.i.AbstractProblemLoader Environment load took 199.8ns 
160529     WARN  main            d.u.i.k.n.ParsingFacade   /home/runner/work/key/key/key.core/../key.ui/examples/heap/list/ArrayList.ArrayListIterator_inv.key took 0 ms to parse. 
160529     WARN  main            d.u.i.k.n.ParsingFacade   Parsing time 460 ms. 
160530     INFO  main            d.u.i.k.p.i.AbstractProblemLoader Creating init config 
161538     DEBUG main            d.u.i.k.j.r.ClassPreparationMethodBuilder clPrepBuilder: Inner Class detected. Reject building class initialisation methods. 
161580     WARN  main            d.u.i.k.n.ParsingFacade   file:/home/runner/work/key/key/key.core/build/resources/main/de/uka/ilkd/key/java/JavaRedux/java/lang/String.key took 1 ms to parse. 
161580     WARN  main            d.u.i.k.n.ParsingFacade   Parsing time 461 ms. 
163629     DEBUG main            d.u.i.k.p.i.AbstractProblemLoader Init config took 3.1s 
163679     INFO  main            d.u.i.k.p.i.AbstractProblemLoader Replaying proof ArrayList.ArrayListIterator[java.lang.Object::<inv>()].JML accessible clause.0 
163680     DEBUG main            d.u.i.k.p.i.IntermediateProofReplayer Proof replay took 5.9ns 
163681     WARN  main            d.u.i.k.n.ParsingFacade   /home/runner/work/key/key/key.core/../key.ui/examples/heap/list/ArrayList.ArrayListIterator_inv.key took 0 ms to parse. 
163681     WARN  main            d.u.i.k.n.ParsingFacade   Parsing time 461 ms. 
164588     INFO  main            d.u.i.k.p.r.p.TestFile    ... finished proof: closed. 
164836     INFO  main            d.u.i.k.p.i.AbstractProblemLoader Loading environment from /home/runner/work/key/key/key.core/../key.ui/examples/heap/list/ArrayList.ArrayListIterator_inv.key.proof 
164837     DEBUG main            d.u.i.k.p.i.AbstractProblemLoader Environment load took 837.22ns 
164838     WARN  main            d.u.i.k.n.ParsingFacade   /home/runner/work/key/key/key.core/../key.ui/examples/heap/list/ArrayList.ArrayListIterator_inv.key.proof took 0 ms to parse. 
164838     WARN  main            d.u.i.k.n.ParsingFacade   Parsing time 461 ms. 
164839     INFO  main            d.u.i.k.p.i.AbstractProblemLoader Creating init config 
165819     DEBUG main            d.u.i.k.j.r.ClassPreparationMethodBuilder clPrepBuilder: Inner Class detected. Reject building class initialisation methods. 
165860     WARN  main            d.u.i.k.n.ParsingFacade   file:/home/runner/work/key/key/key.core/build/resources/main/de/uka/ilkd/key/java/JavaRedux/java/lang/String.key took 1 ms to parse. 
165860     WARN  main            d.u.i.k.n.ParsingFacade   Parsing time 462 ms. 
167876     DEBUG main            d.u.i.k.p.i.AbstractProblemLoader Init config took 3.04s 
167924     INFO  main            d.u.i.k.p.i.AbstractProblemLoader Replaying proof ArrayList.ArrayListIterator[java.lang.Object::<inv>()].JML accessible clause.0 
168034     DEBUG main            d.u.i.k.p.i.IntermediateProofReplayer Proof replay took 104.9ms 
168035     WARN  main            d.u.i.k.n.ParsingFacade   /home/runner/work/key/key/key.core/../key.ui/examples/heap/list/ArrayList.ArrayListIterator_inv.key.proof took 0 ms to parse. 
168035     WARN  main            d.u.i.k.n.ParsingFacade   Parsing time 462 ms. 
168036     DEBUG main            d.u.i.k.p.r.p.TestFile    ... success: reloaded. 
168038     INFO  main            d.u.i.k.p.r.p.TestFile    Now processing file /home/runner/work/key/key/key.core/../key.ui/examples/heap/list/ArrayList.ArrayListIterator_list.key 
168038     INFO  main            d.u.i.k.p.i.AbstractProblemLoader Loading environment from /home/runner/work/key/key/key.core/../key.ui/examples/heap/list/ArrayList.ArrayListIterator_list.key 
168039     DEBUG main            d.u.i.k.p.i.AbstractProblemLoader Environment load took 185.7ns 
168039     WARN  main            d.u.i.k.n.ParsingFacade   /home/runner/work/key/key/key.core/../key.ui/examples/heap/list/ArrayList.ArrayListIterator_list.key took 0 ms to parse. 
168039     WARN  main            d.u.i.k.n.ParsingFacade   Parsing time 462 ms. 
168040     INFO  main            d.u.i.k.p.i.AbstractProblemLoader Creating init config 
169043     DEBUG main            d.u.i.k.j.r.ClassPreparationMethodBuilder clPrepBuilder: Inner Class detected. Reject building class initialisation methods. 
169084     WARN  main            d.u.i.k.n.ParsingFacade   file:/home/runner/work/key/key/key.core/build/resources/main/de/uka/ilkd/key/java/JavaRedux/java/lang/String.key took 1 ms to parse. 
169084     WARN  main            d.u.i.k.n.ParsingFacade   Parsing time 463 ms. 
171168     DEBUG main            d.u.i.k.p.i.AbstractProblemLoader Init config took 3.13s 
171225     INFO  main            d.u.i.k.p.i.AbstractProblemLoader Replaying proof ListIterator[ListIterator::$list()].JML accessible clause.0 
171226     DEBUG main            d.u.i.k.p.i.IntermediateProofReplayer Proof replay took 7.1ns 
171227     WARN  main            d.u.i.k.n.ParsingFacade   /home/runner/work/key/key/key.core/../key.ui/examples/heap/list/ArrayList.ArrayListIterator_list.key took 0 ms to parse. 
171227     WARN  main            d.u.i.k.n.ParsingFacade   Parsing time 463 ms. 
171328     INFO  main            d.u.i.k.p.r.p.TestFile    ... finished proof: closed. 
171564     INFO  main            d.u.i.k.p.i.AbstractProblemLoader Loading environment from /home/runner/work/key/key/key.core/../key.ui/examples/heap/list/ArrayList.ArrayListIterator_list.key.proof 
171565     DEBUG main            d.u.i.k.p.i.AbstractProblemLoader Environment load took 85.3ns 
171565     WARN  main            d.u.i.k.n.ParsingFacade   /home/runner/work/key/key/key.core/../key.ui/examples/heap/list/ArrayList.ArrayListIterator_list.key.proof took 0 ms to parse. 
171565     WARN  main            d.u.i.k.n.ParsingFacade   Parsing time 463 ms. 
171566     INFO  main            d.u.i.k.p.i.AbstractProblemLoader Creating init config 
172539     DEBUG main            d.u.i.k.j.r.ClassPreparationMethodBuilder clPrepBuilder: Inner Class detected. Reject building class initialisation methods. 
172580     WARN  main            d.u.i.k.n.ParsingFacade   file:/home/runner/work/key/key/key.core/build/resources/main/de/uka/ilkd/key/java/JavaRedux/java/lang/String.key took 1 ms to parse. 
172581     WARN  main            d.u.i.k.n.ParsingFacade   Parsing time 464 ms. 
174597     DEBUG main            d.u.i.k.p.i.AbstractProblemLoader Init config took 3.03s 
174649     INFO  main            d.u.i.k.p.i.AbstractProblemLoader Replaying proof ListIterator[ListIterator::$list()].JML accessible clause.0 
174652     DEBUG main            d.u.i.k.p.i.IntermediateProofReplayer Proof replay took 1.4ms 
174652     WARN  main            d.u.i.k.n.ParsingFacade   /home/runner/work/key/key/key.core/../key.ui/examples/heap/list/ArrayList.ArrayListIterator_list.key.proof took 0 ms to parse. 
174652     WARN  main            d.u.i.k.n.ParsingFacade   Parsing time 464 ms. 
174653     DEBUG main            d.u.i.k.p.r.p.TestFile    ... success: reloaded. 
174654     INFO  main            d.u.i.k.p.r.p.TestFile    Now processing file /home/runner/work/key/key/key.core/../key.ui/examples/heap/list/ArrayList.ArrayListIterator_next_exceptional.key 
174654     INFO  main            d.u.i.k.p.i.AbstractProblemLoader Loading environment from /home/runner/work/key/key/key.core/../key.ui/examples/heap/list/ArrayList.ArrayListIterator_next_exceptional.key 
174654     DEBUG main            d.u.i.k.p.i.AbstractProblemLoader Environment load took 47ns 
174654     WARN  main            d.u.i.k.n.ParsingFacade   /home/runner/work/key/key/key.core/../key.ui/examples/heap/list/ArrayList.ArrayListIterator_next_exceptional.key took 0 ms to parse. 
174654     WARN  main            d.u.i.k.n.ParsingFacade   Parsing time 464 ms. 
174655     INFO  main            d.u.i.k.p.i.AbstractProblemLoader Creating init config 
175689     DEBUG main            d.u.i.k.j.r.ClassPreparationMethodBuilder clPrepBuilder: Inner Class detected. Reject building class initialisation methods. 
175730     WARN  main            d.u.i.k.n.ParsingFacade   file:/home/runner/work/key/key/key.core/build/resources/main/de/uka/ilkd/key/java/JavaRedux/java/lang/String.key took 2 ms to parse. 
175730     WARN  main            d.u.i.k.n.ParsingFacade   Parsing time 466 ms. 
177765     DEBUG main            d.u.i.k.p.i.AbstractProblemLoader Init config took 3.11s 
177813     INFO  main            d.u.i.k.p.i.AbstractProblemLoader Replaying proof ArrayList.ArrayListIterator[ListIterator::next()].JML exceptional_behavior operation contract.0 
177815     DEBUG main            d.u.i.k.p.i.IntermediateProofReplayer Proof replay took 5.8ns 
177815     WARN  main            d.u.i.k.n.ParsingFacade   /home/runner/work/key/key/key.core/../key.ui/examples/heap/list/ArrayList.ArrayListIterator_next_exceptional.key took 0 ms to parse. 
177815     WARN  main            d.u.i.k.n.ParsingFacade   Parsing time 466 ms. 
178620     INFO  main            d.u.i.k.p.r.p.TestFile    ... finished proof: closed. 
178891     INFO  main            d.u.i.k.p.i.AbstractProblemLoader Loading environment from /home/runner/work/key/key/key.core/../key.ui/examples/heap/list/ArrayList.ArrayListIterator_next_exceptional.key.proof 
178893     DEBUG main            d.u.i.k.p.i.AbstractProblemLoader Environment load took 1.31ms 
178893     WARN  main            d.u.i.k.n.ParsingFacade   /home/runner/work/key/key/key.core/../key.ui/examples/heap/list/ArrayList.ArrayListIterator_next_exceptional.key.proof took 0 ms to parse. 
178894     WARN  main            d.u.i.k.n.ParsingFacade   Parsing time 466 ms. 
178894     INFO  main            d.u.i.k.p.i.AbstractProblemLoader Creating init config 
179876     DEBUG main            d.u.i.k.j.r.ClassPreparationMethodBuilder clPrepBuilder: Inner Class detected. Reject building class initialisation methods. 
179918     WARN  main            d.u.i.k.n.ParsingFacade   file:/home/runner/work/key/key/key.core/build/resources/main/de/uka/ilkd/key/java/JavaRedux/java/lang/String.key took 1 ms to parse. 
179918     WARN  main            d.u.i.k.n.ParsingFacade   Parsing time 467 ms. 
181933     DEBUG main            d.u.i.k.p.i.AbstractProblemLoader Init config took 3.04s 
181982     INFO  main            d.u.i.k.p.i.AbstractProblemLoader Replaying proof ArrayList.ArrayListIterator[ListIterator::next()].JML exceptional_behavior operation contract.0 
182124     DEBUG main            d.u.i.k.p.i.IntermediateProofReplayer Proof replay took 137.27ms 
182125     WARN  main            d.u.i.k.n.ParsingFacade   /home/runner/work/key/key/key.core/../key.ui/examples/heap/list/ArrayList.ArrayListIterator_next_exceptional.key.proof took 0 ms to parse. 
182126     WARN  main            d.u.i.k.n.ParsingFacade   Parsing time 467 ms. 
182126     DEBUG main            d.u.i.k.p.r.p.TestFile    ... success: reloaded. 
182127     INFO  main            d.u.i.k.p.r.p.TestFile    Now processing file /home/runner/work/key/key/key.core/../key.ui/examples/heap/list/ArrayList.ArrayListIterator_next_normal.key 
182128     INFO  main            d.u.i.k.p.i.AbstractProblemLoader Loading environment from /home/runner/work/key/key/key.core/../key.ui/examples/heap/list/ArrayList.ArrayListIterator_next_normal.key 
182128     DEBUG main            d.u.i.k.p.i.AbstractProblemLoader Environment load took 197.6ns 
182128     WARN  main            d.u.i.k.n.ParsingFacade   /home/runner/work/key/key/key.core/../key.ui/examples/heap/list/ArrayList.ArrayListIterator_next_normal.key took 0 ms to parse. 
182128     WARN  main            d.u.i.k.n.ParsingFacade   Parsing time 467 ms. 
182129     INFO  main            d.u.i.k.p.i.AbstractProblemLoader Creating init config 
183151     DEBUG main            d.u.i.k.j.r.ClassPreparationMethodBuilder clPrepBuilder: Inner Class detected. Reject building class initialisation methods. 
183192     WARN  main            d.u.i.k.n.ParsingFacade   file:/home/runner/work/key/key/key.core/build/resources/main/de/uka/ilkd/key/java/JavaRedux/java/lang/String.key took 1 ms to parse. 
183192     WARN  main            d.u.i.k.n.ParsingFacade   Parsing time 468 ms. 
185256     DEBUG main            d.u.i.k.p.i.AbstractProblemLoader Init config took 3.13s 
185326     INFO  main            d.u.i.k.p.i.AbstractProblemLoader Replaying proof ArrayList.ArrayListIterator[ListIterator::next()].JML normal_behavior operation contract.0 
185328     DEBUG main            d.u.i.k.p.i.IntermediateProofReplayer Proof replay took 6.7ns 
185328     WARN  main            d.u.i.k.n.ParsingFacade   /home/runner/work/key/key/key.core/../key.ui/examples/heap/list/ArrayList.ArrayListIterator_next_normal.key took 0 ms to parse. 
185328     WARN  main            d.u.i.k.n.ParsingFacade   Parsing time 468 ms. 
186233     INFO  main            d.u.i.k.p.r.p.TestFile    ... finished proof: closed. 
186529     INFO  main            d.u.i.k.p.i.AbstractProblemLoader Loading environment from /home/runner/work/key/key/key.core/../key.ui/examples/heap/list/ArrayList.ArrayListIterator_next_normal.key.proof 
186530     DEBUG main            d.u.i.k.p.i.AbstractProblemLoader Environment load took 91.1ns 
186530     WARN  main            d.u.i.k.n.ParsingFacade   /home/runner/work/key/key/key.core/../key.ui/examples/heap/list/ArrayList.ArrayListIterator_next_normal.key.proof took 0 ms to parse. 
186530     WARN  main            d.u.i.k.n.ParsingFacade   Parsing time 468 ms. 
186531     INFO  main            d.u.i.k.p.i.AbstractProblemLoader Creating init config 
187538     DEBUG main            d.u.i.k.j.r.ClassPreparationMethodBuilder clPrepBuilder: Inner Class detected. Reject building class initialisation methods. 
187578     WARN  main            d.u.i.k.n.ParsingFacade   file:/home/runner/work/key/key/key.core/build/resources/main/de/uka/ilkd/key/java/JavaRedux/java/lang/String.key took 1 ms to parse. 
187578     WARN  main            d.u.i.k.n.ParsingFacade   Parsing time 469 ms. 
189584     DEBUG main            d.u.i.k.p.i.AbstractProblemLoader Init config took 3.05s 
189633     INFO  main            d.u.i.k.p.i.AbstractProblemLoader Replaying proof ArrayList.ArrayListIterator[ListIterator::next()].JML normal_behavior operation contract.0 
189826     DEBUG main            d.u.i.k.p.i.IntermediateProofReplayer Proof replay took 187.83ms 
189827     WARN  main            d.u.i.k.n.ParsingFacade   /home/runner/work/key/key/key.core/../key.ui/examples/heap/list/ArrayList.ArrayListIterator_next_normal.key.proof took 0 ms to parse. 
189827     WARN  main            d.u.i.k.n.ParsingFacade   Parsing time 469 ms. 
189827     DEBUG main            d.u.i.k.p.r.p.TestFile    ... success: reloaded. 
189828     INFO  main            d.u.i.k.p.r.p.TestFile    Now processing file /home/runner/work/key/key/key.core/../key.ui/examples/heap/list/ArrayList.ArrayListIterator_pos.key 
189828     INFO  main            d.u.i.k.p.i.AbstractProblemLoader Loading environment from /home/runner/work/key/key/key.core/../key.ui/examples/heap/list/ArrayList.ArrayListIterator_pos.key 
189828     DEBUG main            d.u.i.k.p.i.AbstractProblemLoader Environment load took 73.2ns 
189828     WARN  main            d.u.i.k.n.ParsingFacade   /home/runner/work/key/key/key.core/../key.ui/examples/heap/list/ArrayList.ArrayListIterator_pos.key took 0 ms to parse. 
189829     WARN  main            d.u.i.k.n.ParsingFacade   Parsing time 469 ms. 
189829     INFO  main            d.u.i.k.p.i.AbstractProblemLoader Creating init config 
190849     DEBUG main            d.u.i.k.j.r.ClassPreparationMethodBuilder clPrepBuilder: Inner Class detected. Reject building class initialisation methods. 
190889     WARN  main            d.u.i.k.n.ParsingFacade   file:/home/runner/work/key/key/key.core/build/resources/main/de/uka/ilkd/key/java/JavaRedux/java/lang/String.key took 1 ms to parse. 
190889     WARN  main            d.u.i.k.n.ParsingFacade   Parsing time 470 ms. 
192922     DEBUG main            d.u.i.k.p.i.AbstractProblemLoader Init config took 3.09s 
192959     INFO  main            d.u.i.k.p.i.AbstractProblemLoader Replaying proof ListIterator[ListIterator::$pos()].JML accessible clause.0 
192961     DEBUG main            d.u.i.k.p.i.IntermediateProofReplayer Proof replay took 7ns 
192961     WARN  main            d.u.i.k.n.ParsingFacade   /home/runner/work/key/key/key.core/../key.ui/examples/heap/list/ArrayList.ArrayListIterator_pos.key took 0 ms to parse. 
192961     WARN  main            d.u.i.k.n.ParsingFacade   Parsing time 470 ms. 
193066     INFO  main            d.u.i.k.p.r.p.TestFile    ... finished proof: closed. 
193372     INFO  main            d.u.i.k.p.i.AbstractProblemLoader Loading environment from /home/runner/work/key/key/key.core/../key.ui/examples/heap/list/ArrayList.ArrayListIterator_pos.key.proof 
193372     DEBUG main            d.u.i.k.p.i.AbstractProblemLoader Environment load took 94ns 
193373     WARN  main            d.u.i.k.n.ParsingFacade   /home/runner/work/key/key/key.core/../key.ui/examples/heap/list/ArrayList.ArrayListIterator_pos.key.proof took 0 ms to parse. 
193373     WARN  main            d.u.i.k.n.ParsingFacade   Parsing time 470 ms. 
193374     INFO  main            d.u.i.k.p.i.AbstractProblemLoader Creating init config 
194351     DEBUG main            d.u.i.k.j.r.ClassPreparationMethodBuilder clPrepBuilder: Inner Class detected. Reject building class initialisation methods. 
194391     WARN  main            d.u.i.k.n.ParsingFacade   file:/home/runner/work/key/key/key.core/build/resources/main/de/uka/ilkd/key/java/JavaRedux/java/lang/String.key took 1 ms to parse. 
194391     WARN  main            d.u.i.k.n.ParsingFacade   Parsing time 471 ms. 
196391     DEBUG main            d.u.i.k.p.i.AbstractProblemLoader Init config took 3.02s 
196428     INFO  main            d.u.i.k.p.i.AbstractProblemLoader Replaying proof ListIterator[ListIterator::$pos()].JML accessible clause.0 
196430     DEBUG main            d.u.i.k.p.i.IntermediateProofReplayer Proof replay took 923.42ns 
196431     WARN  main            d.u.i.k.n.ParsingFacade   /home/runner/work/key/key/key.core/../key.ui/examples/heap/list/ArrayList.ArrayListIterator_pos.key.proof took 0 ms to parse. 
196431     WARN  main            d.u.i.k.n.ParsingFacade   Parsing time 471 ms. 
196431     DEBUG main            d.u.i.k.p.r.p.TestFile    ... success: reloaded. 
196432     INFO  main            d.u.i.k.p.r.p.TestFile    Now processing file /home/runner/work/key/key/key.core/../key.ui/examples/heap/list/Client_m.key 
196432     INFO  main            d.u.i.k.p.i.AbstractProblemLoader Loading environment from /home/runner/work/key/key/key.core/../key.ui/examples/heap/list/Client_m.key 
196432     DEBUG main            d.u.i.k.p.i.AbstractProblemLoader Environment load took 67.3ns 
196433     WARN  main            d.u.i.k.n.ParsingFacade   /home/runner/work/key/key/key.core/../key.ui/examples/heap/list/Client_m.key took 1 ms to parse. 
196433     WARN  main            d.u.i.k.n.ParsingFacade   Parsing time 472 ms. 
196433     INFO  main            d.u.i.k.p.i.AbstractProblemLoader Creating init config 
197436     DEBUG main            d.u.i.k.j.r.ClassPreparationMethodBuilder clPrepBuilder: Inner Class detected. Reject building class initialisation methods. 
197476     WARN  main            d.u.i.k.n.ParsingFacade   file:/home/runner/work/key/key/key.core/build/resources/main/de/uka/ilkd/key/java/JavaRedux/java/lang/String.key took 1 ms to parse. 
197476     WARN  main            d.u.i.k.n.ParsingFacade   Parsing time 473 ms. 
199544     DEBUG main            d.u.i.k.p.i.AbstractProblemLoader Init config took 3.11s 
199581     INFO  main            d.u.i.k.p.i.AbstractProblemLoader Replaying proof Client[Client::m(List)].JML normal_behavior operation contract.0 
199583     DEBUG main            d.u.i.k.p.i.IntermediateProofReplayer Proof replay took 6.5ns 
199583     WARN  main            d.u.i.k.n.ParsingFacade   /home/runner/work/key/key/key.core/../key.ui/examples/heap/list/Client_m.key took 0 ms to parse. 
199583     WARN  main            d.u.i.k.n.ParsingFacade   Parsing time 473 ms. 
199886     INFO  main            d.u.i.k.p.r.p.TestFile    ... finished proof: closed. 
200175     INFO  main            d.u.i.k.p.i.AbstractProblemLoader Loading environment from /home/runner/work/key/key/key.core/../key.ui/examples/heap/list/Client_m.key.proof 
200175     DEBUG main            d.u.i.k.p.i.AbstractProblemLoader Environment load took 95ns 
200175     WARN  main            d.u.i.k.n.ParsingFacade   /home/runner/work/key/key/key.core/../key.ui/examples/heap/list/Client_m.key.proof took 0 ms to parse. 
200175     WARN  main            d.u.i.k.n.ParsingFacade   Parsing time 473 ms. 
200176     INFO  main            d.u.i.k.p.i.AbstractProblemLoader Creating init config 
201150     DEBUG main            d.u.i.k.j.r.ClassPreparationMethodBuilder clPrepBuilder: Inner Class detected. Reject building class initialisation methods. 
201190     WARN  main            d.u.i.k.n.ParsingFacade   file:/home/runner/work/key/key/key.core/build/resources/main/de/uka/ilkd/key/java/JavaRedux/java/lang/String.key took 1 ms to parse. 
201190     WARN  main            d.u.i.k.n.ParsingFacade   Parsing time 474 ms. 
203229     DEBUG main            d.u.i.k.p.i.AbstractProblemLoader Init config took 3.05s 
203267     INFO  main            d.u.i.k.p.i.AbstractProblemLoader Replaying proof Client[Client::m(List)].JML normal_behavior operation contract.0 
203341     DEBUG main            d.u.i.k.p.i.IntermediateProofReplayer Proof replay took 71.23ms 
203341     WARN  main            d.u.i.k.n.ParsingFacade   /home/runner/work/key/key/key.core/../key.ui/examples/heap/list/Client_m.key.proof took 0 ms to parse. 
203341     WARN  main            d.u.i.k.n.ParsingFacade   Parsing time 474 ms. 
203342     DEBUG main            d.u.i.k.p.r.p.TestFile    ... success: reloaded. 
203343     INFO  main            d.u.i.k.p.r.p.TestFile    Now processing file /home/runner/work/key/key/key.core/../key.ui/examples/heap/list/Client_n.key 
203343     INFO  main            d.u.i.k.p.i.AbstractProblemLoader Loading environment from /home/runner/work/key/key/key.core/../key.ui/examples/heap/list/Client_n.key 
203343     DEBUG main            d.u.i.k.p.i.AbstractProblemLoader Environment load took 62.6ns 
203343     WARN  main            d.u.i.k.n.ParsingFacade   /home/runner/work/key/key/key.core/../key.ui/examples/heap/list/Client_n.key took 0 ms to parse. 
203343     WARN  main            d.u.i.k.n.ParsingFacade   Parsing time 474 ms. 
203344     INFO  main            d.u.i.k.p.i.AbstractProblemLoader Creating init config 
204315     DEBUG main            d.u.i.k.j.r.ClassPreparationMethodBuilder clPrepBuilder: Inner Class detected. Reject building class initialisation methods. 
204356     WARN  main            d.u.i.k.n.ParsingFacade   file:/home/runner/work/key/key/key.core/build/resources/main/de/uka/ilkd/key/java/JavaRedux/java/lang/String.key took 1 ms to parse. 
204356     WARN  main            d.u.i.k.n.ParsingFacade   Parsing time 475 ms. 
206400     DEBUG main            d.u.i.k.p.i.AbstractProblemLoader Init config took 3.06s 
206442     INFO  main            d.u.i.k.p.i.AbstractProblemLoader Replaying proof Client[Client::n(List)].JML normal_behavior operation contract.0 
206443     DEBUG main            d.u.i.k.p.i.IntermediateProofReplayer Proof replay took 6.8ns 
206444     WARN  main            d.u.i.k.n.ParsingFacade   /home/runner/work/key/key/key.core/../key.ui/examples/heap/list/Client_n.key took 0 ms to parse. 
206444     WARN  main            d.u.i.k.n.ParsingFacade   Parsing time 475 ms. 
206545     INFO  main            d.u.i.k.p.r.p.TestFile    ... finished proof: closed. 
206911     INFO  main            d.u.i.k.p.i.AbstractProblemLoader Loading environment from /home/runner/work/key/key/key.core/../key.ui/examples/heap/list/Client_n.key.proof 
206911     DEBUG main            d.u.i.k.p.i.AbstractProblemLoader Environment load took 80.1ns 
206911     WARN  main            d.u.i.k.n.ParsingFacade   /home/runner/work/key/key/key.core/../key.ui/examples/heap/list/Client_n.key.proof took 0 ms to parse. 
206911     WARN  main            d.u.i.k.n.ParsingFacade   Parsing time 475 ms. 
206912     INFO  main            d.u.i.k.p.i.AbstractProblemLoader Creating init config 
207897     DEBUG main            d.u.i.k.j.r.ClassPreparationMethodBuilder clPrepBuilder: Inner Class detected. Reject building class initialisation methods. 
207938     WARN  main            d.u.i.k.n.ParsingFacade   file:/home/runner/work/key/key/key.core/build/resources/main/de/uka/ilkd/key/java/JavaRedux/java/lang/String.key took 1 ms to parse. 
207938     WARN  main            d.u.i.k.n.ParsingFacade   Parsing time 476 ms. 
209950     DEBUG main            d.u.i.k.p.i.AbstractProblemLoader Init config took 3.04s 
209991     INFO  main            d.u.i.k.p.i.AbstractProblemLoader Replaying proof Client[Client::n(List)].JML normal_behavior operation contract.0 
210010     DEBUG main            d.u.i.k.p.i.IntermediateProofReplayer Proof replay took 16.69ms 
210010     WARN  main            d.u.i.k.n.ParsingFacade   /home/runner/work/key/key/key.core/../key.ui/examples/heap/list/Client_n.key.proof took 0 ms to parse. 
210010     WARN  main            d.u.i.k.n.ParsingFacade   Parsing time 476 ms. 
210011     DEBUG main            d.u.i.k.p.r.p.TestFile    ... success: reloaded. 
210012     INFO  main            d.u.i.k.p.r.p.TestFile    Now processing file /home/runner/work/key/key/key.core/../key.ui/examples/heap/list/LinkedList_get_exceptional.key 
210012     INFO  main            d.u.i.k.p.i.AbstractProblemLoader Loading environment from /home/runner/work/key/key/key.core/../key.ui/examples/heap/list/LinkedList_get_exceptional.key 
210012     DEBUG main            d.u.i.k.p.i.AbstractProblemLoader Environment load took 191ns 
210013     WARN  main            d.u.i.k.n.ParsingFacade   /home/runner/work/key/key/key.core/../key.ui/examples/heap/list/LinkedList_get_exceptional.key took 0 ms to parse. 
210013     WARN  main            d.u.i.k.n.ParsingFacade   Parsing time 476 ms. 
210013     INFO  main            d.u.i.k.p.i.AbstractProblemLoader Creating init config 
211004     DEBUG main            d.u.i.k.j.r.ClassPreparationMethodBuilder clPrepBuilder: Inner Class detected. Reject building class initialisation methods. 
211047     WARN  main            d.u.i.k.n.ParsingFacade   file:/home/runner/work/key/key/key.core/build/resources/main/de/uka/ilkd/key/java/JavaRedux/java/lang/String.key took 1 ms to parse. 
211048     WARN  main            d.u.i.k.n.ParsingFacade   Parsing time 477 ms. 
213115     DEBUG main            d.u.i.k.p.i.AbstractProblemLoader Init config took 3.1s 
213157     INFO  main            d.u.i.k.p.i.AbstractProblemLoader Replaying proof LinkedList[List::get(int)].JML exceptional_behavior operation contract.0 
213158     DEBUG main            d.u.i.k.p.i.IntermediateProofReplayer Proof replay took 6.4ns 
213158     WARN  main            d.u.i.k.n.ParsingFacade   /home/runner/work/key/key/key.core/../key.ui/examples/heap/list/LinkedList_get_exceptional.key took 0 ms to parse. 
213158     WARN  main            d.u.i.k.n.ParsingFacade   Parsing time 477 ms. 
215267     INFO  main            d.u.i.k.p.r.p.TestFile    ... finished proof: closed. 
215645     INFO  main            d.u.i.k.p.i.AbstractProblemLoader Loading environment from /home/runner/work/key/key/key.core/../key.ui/examples/heap/list/LinkedList_get_exceptional.key.proof 
215645     DEBUG main            d.u.i.k.p.i.AbstractProblemLoader Environment load took 456.31ns 
215646     WARN  main            d.u.i.k.n.ParsingFacade   /home/runner/work/key/key/key.core/../key.ui/examples/heap/list/LinkedList_get_exceptional.key.proof took 0 ms to parse. 
215646     WARN  main            d.u.i.k.n.ParsingFacade   Parsing time 477 ms. 
215647     INFO  main            d.u.i.k.p.i.AbstractProblemLoader Creating init config 
216622     DEBUG main            d.u.i.k.j.r.ClassPreparationMethodBuilder clPrepBuilder: Inner Class detected. Reject building class initialisation methods. 
216663     WARN  main            d.u.i.k.n.ParsingFacade   file:/home/runner/work/key/key/key.core/build/resources/main/de/uka/ilkd/key/java/JavaRedux/java/lang/String.key took 2 ms to parse. 
216663     WARN  main            d.u.i.k.n.ParsingFacade   Parsing time 479 ms. 
218664     DEBUG main            d.u.i.k.p.i.AbstractProblemLoader Init config took 3.02s 
218706     INFO  main            d.u.i.k.p.i.AbstractProblemLoader Replaying proof LinkedList[List::get(int)].JML exceptional_behavior operation contract.0 
219015     DEBUG main            d.u.i.k.p.i.IntermediateProofReplayer Proof replay took 301.04ms 
219016     WARN  main            d.u.i.k.n.ParsingFacade   /home/runner/work/key/key/key.core/../key.ui/examples/heap/list/LinkedList_get_exceptional.key.proof took 0 ms to parse. 
219016     WARN  main            d.u.i.k.n.ParsingFacade   Parsing time 479 ms. 
219016     DEBUG main            d.u.i.k.p.r.p.TestFile    ... success: reloaded. 
219017     INFO  main            d.u.i.k.p.r.p.TestFile    Now processing file /home/runner/work/key/key/key.core/../key.ui/examples/heap/list/LinkedList_get_normal.key 
219017     INFO  main            d.u.i.k.p.i.AbstractProblemLoader Loading environment from /home/runner/work/key/key/key.core/../key.ui/examples/heap/list/LinkedList_get_normal.key 
219017     DEBUG main            d.u.i.k.p.i.AbstractProblemLoader Environment load took 77.1ns 
219018     WARN  main            d.u.i.k.n.ParsingFacade   /home/runner/work/key/key/key.core/../key.ui/examples/heap/list/LinkedList_get_normal.key took 0 ms to parse. 
219018     WARN  main            d.u.i.k.n.ParsingFacade   Parsing time 479 ms. 
219018     INFO  main            d.u.i.k.p.i.AbstractProblemLoader Creating init config 
220058     DEBUG main            d.u.i.k.j.r.ClassPreparationMethodBuilder clPrepBuilder: Inner Class detected. Reject building class initialisation methods. 
220099     WARN  main            d.u.i.k.n.ParsingFacade   file:/home/runner/work/key/key/key.core/build/resources/main/de/uka/ilkd/key/java/JavaRedux/java/lang/String.key took 1 ms to parse. 
220099     WARN  main            d.u.i.k.n.ParsingFacade   Parsing time 480 ms. 
222133     DEBUG main            d.u.i.k.p.i.AbstractProblemLoader Init config took 3.11s 
222176     INFO  main            d.u.i.k.p.i.AbstractProblemLoader Replaying proof LinkedList[List::get(int)].JML normal_behavior operation contract.0 
222177     DEBUG main            d.u.i.k.p.i.IntermediateProofReplayer Proof replay took 7ns 
222177     WARN  main            d.u.i.k.n.ParsingFacade   /home/runner/work/key/key/key.core/../key.ui/examples/heap/list/LinkedList_get_normal.key took 0 ms to parse. 
222177     WARN  main            d.u.i.k.n.ParsingFacade   Parsing time 480 ms. 
227495     INFO  main            d.u.i.k.p.r.p.TestFile    ... finished proof: closed. 
227862     INFO  main            d.u.i.k.p.i.AbstractProblemLoader Loading environment from /home/runner/work/key/key/key.core/../key.ui/examples/heap/list/LinkedList_get_normal.key.proof 
227862     DEBUG main            d.u.i.k.p.i.AbstractProblemLoader Environment load took 100.6ns 
227864     WARN  main            d.u.i.k.n.ParsingFacade   /home/runner/work/key/key/key.core/../key.ui/examples/heap/list/LinkedList_get_normal.key.proof took 0 ms to parse. 
227864     WARN  main            d.u.i.k.n.ParsingFacade   Parsing time 480 ms. 
227865     INFO  main            d.u.i.k.p.i.AbstractProblemLoader Creating init config 
228837     DEBUG main            d.u.i.k.j.r.ClassPreparationMethodBuilder clPrepBuilder: Inner Class detected. Reject building class initialisation methods. 
228877     WARN  main            d.u.i.k.n.ParsingFacade   file:/home/runner/work/key/key/key.core/build/resources/main/de/uka/ilkd/key/java/JavaRedux/java/lang/String.key took 1 ms to parse. 
228877     WARN  main            d.u.i.k.n.ParsingFacade   Parsing time 481 ms. 
230874     DEBUG main            d.u.i.k.p.i.AbstractProblemLoader Init config took 3.01s 
230917     INFO  main            d.u.i.k.p.i.AbstractProblemLoader Replaying proof LinkedList[List::get(int)].JML normal_behavior operation contract.0 
231352     DEBUG main            d.u.i.k.p.i.IntermediateProofReplayer Proof replay took 415.92ms 
231354     WARN  main            d.u.i.k.n.ParsingFacade   /home/runner/work/key/key/key.core/../key.ui/examples/heap/list/LinkedList_get_normal.key.proof took 0 ms to parse. 
231354     WARN  main            d.u.i.k.n.ParsingFacade   Parsing time 481 ms. 
231354     DEBUG main            d.u.i.k.p.r.p.TestFile    ... success: reloaded. 
231355     INFO  main            d.u.i.k.p.r.p.TestFile    Now processing file /home/runner/work/key/key/key.core/../key.ui/examples/heap/list/LinkedList_LinkedList.key 
231355     INFO  main            d.u.i.k.p.i.AbstractProblemLoader Loading environment from /home/runner/work/key/key/key.core/../key.ui/examples/heap/list/LinkedList_LinkedList.key 
231355     DEBUG main            d.u.i.k.p.i.AbstractProblemLoader Environment load took 82.1ns 
231356     WARN  main            d.u.i.k.n.ParsingFacade   /home/runner/work/key/key/key.core/../key.ui/examples/heap/list/LinkedList_LinkedList.key took 1 ms to parse. 
231356     WARN  main            d.u.i.k.n.ParsingFacade   Parsing time 482 ms. 
231356     INFO  main            d.u.i.k.p.i.AbstractProblemLoader Creating init config 
232351     DEBUG main            d.u.i.k.j.r.ClassPreparationMethodBuilder clPrepBuilder: Inner Class detected. Reject building class initialisation methods. 
232391     WARN  main            d.u.i.k.n.ParsingFacade   file:/home/runner/work/key/key/key.core/build/resources/main/de/uka/ilkd/key/java/JavaRedux/java/lang/String.key took 1 ms to parse. 
232392     WARN  main            d.u.i.k.n.ParsingFacade   Parsing time 483 ms. 
234449     DEBUG main            d.u.i.k.p.i.AbstractProblemLoader Init config took 3.09s 
234490     INFO  main            d.u.i.k.p.i.AbstractProblemLoader Replaying proof LinkedList[LinkedList::LinkedList()].JML normal_behavior operation contract.0 
234491     DEBUG main            d.u.i.k.p.i.IntermediateProofReplayer Proof replay took 6.5ns 
234492     WARN  main            d.u.i.k.n.ParsingFacade   /home/runner/work/key/key/key.core/../key.ui/examples/heap/list/LinkedList_LinkedList.key took 0 ms to parse. 
234492     WARN  main            d.u.i.k.n.ParsingFacade   Parsing time 483 ms. 
234999     INFO  main            d.u.i.k.p.r.p.TestFile    ... finished proof: closed. 
235316     INFO  main            d.u.i.k.p.i.AbstractProblemLoader Loading environment from /home/runner/work/key/key/key.core/../key.ui/examples/heap/list/LinkedList_LinkedList.key.proof 
235316     DEBUG main            d.u.i.k.p.i.AbstractProblemLoader Environment load took 85.9ns 
235316     WARN  main            d.u.i.k.n.ParsingFacade   /home/runner/work/key/key/key.core/../key.ui/examples/heap/list/LinkedList_LinkedList.key.proof took 0 ms to parse. 
235316     WARN  main            d.u.i.k.n.ParsingFacade   Parsing time 483 ms. 
235317     INFO  main            d.u.i.k.p.i.AbstractProblemLoader Creating init config 
236309     DEBUG main            d.u.i.k.j.r.ClassPreparationMethodBuilder clPrepBuilder: Inner Class detected. Reject building class initialisation methods. 
236349     WARN  main            d.u.i.k.n.ParsingFacade   file:/home/runner/work/key/key/key.core/build/resources/main/de/uka/ilkd/key/java/JavaRedux/java/lang/String.key took 1 ms to parse. 
236349     WARN  main            d.u.i.k.n.ParsingFacade   Parsing time 484 ms. 
238338     DEBUG main            d.u.i.k.p.i.AbstractProblemLoader Init config took 3.02s 
238379     INFO  main            d.u.i.k.p.i.AbstractProblemLoader Replaying proof LinkedList[LinkedList::LinkedList()].JML normal_behavior operation contract.0 
238471     DEBUG main            d.u.i.k.p.i.IntermediateProofReplayer Proof replay took 87.7ms 
238471     WARN  main            d.u.i.k.n.ParsingFacade   /home/runner/work/key/key/key.core/../key.ui/examples/heap/list/LinkedList_LinkedList.key.proof took 0 ms to parse. 
238472     WARN  main            d.u.i.k.n.ParsingFacade   Parsing time 484 ms. 
238472     DEBUG main            d.u.i.k.p.r.p.TestFile    ... success: reloaded. 
238473     INFO  main            d.u.i.k.p.r.p.TestFile    Now processing file /home/runner/work/key/key/key.core/../key.ui/examples/heap/list/LinkedList_size_dep.key 
238477     INFO  main            d.u.i.k.p.i.AbstractProblemLoader Loading environment from /home/runner/work/key/key/key.core/../key.ui/examples/heap/list/LinkedList_size_dep.key 
238477     DEBUG main            d.u.i.k.p.i.AbstractProblemLoader Environment load took 111.6ns 
238477     WARN  main            d.u.i.k.n.ParsingFacade   /home/runner/work/key/key/key.core/../key.ui/examples/heap/list/LinkedList_size_dep.key took 0 ms to parse. 
238477     WARN  main            d.u.i.k.n.ParsingFacade   Parsing time 484 ms. 
238478     INFO  main            d.u.i.k.p.i.AbstractProblemLoader Creating init config 
239462     DEBUG main            d.u.i.k.j.r.ClassPreparationMethodBuilder clPrepBuilder: Inner Class detected. Reject building class initialisation methods. 
239502     WARN  main            d.u.i.k.n.ParsingFacade   file:/home/runner/work/key/key/key.core/build/resources/main/de/uka/ilkd/key/java/JavaRedux/java/lang/String.key took 1 ms to parse. 
239502     WARN  main            d.u.i.k.n.ParsingFacade   Parsing time 485 ms. 
241550     DEBUG main            d.u.i.k.p.i.AbstractProblemLoader Init config took 3.07s 
241592     INFO  main            d.u.i.k.p.i.AbstractProblemLoader Replaying proof LinkedList[List::size()].JML accessible clause.0 
241593     DEBUG main            d.u.i.k.p.i.IntermediateProofReplayer Proof replay took 6.9ns 
241594     WARN  main            d.u.i.k.n.ParsingFacade   /home/runner/work/key/key/key.core/../key.ui/examples/heap/list/LinkedList_size_dep.key took 0 ms to parse. 
241594     WARN  main            d.u.i.k.n.ParsingFacade   Parsing time 485 ms. 
242096     INFO  main            d.u.i.k.p.r.p.TestFile    ... finished proof: closed. 
242395     INFO  main            d.u.i.k.p.i.AbstractProblemLoader Loading environment from /home/runner/work/key/key/key.core/../key.ui/examples/heap/list/LinkedList_size_dep.key.proof 
242395     DEBUG main            d.u.i.k.p.i.AbstractProblemLoader Environment load took 83.4ns 
242395     WARN  main            d.u.i.k.n.ParsingFacade   /home/runner/work/key/key/key.core/../key.ui/examples/heap/list/LinkedList_size_dep.key.proof took 0 ms to parse. 
242395     WARN  main            d.u.i.k.n.ParsingFacade   Parsing time 485 ms. 
242396     INFO  main            d.u.i.k.p.i.AbstractProblemLoader Creating init config 
243367     DEBUG main            d.u.i.k.j.r.ClassPreparationMethodBuilder clPrepBuilder: Inner Class detected. Reject building class initialisation methods. 
243407     WARN  main            d.u.i.k.n.ParsingFacade   file:/home/runner/work/key/key/key.core/build/resources/main/de/uka/ilkd/key/java/JavaRedux/java/lang/String.key took 1 ms to parse. 
243408     WARN  main            d.u.i.k.n.ParsingFacade   Parsing time 486 ms. 
245395     DEBUG main            d.u.i.k.p.i.AbstractProblemLoader Init config took 3s 
245436     INFO  main            d.u.i.k.p.i.AbstractProblemLoader Replaying proof LinkedList[List::size()].JML accessible clause.0 
245482     DEBUG main            d.u.i.k.p.i.IntermediateProofReplayer Proof replay took 43.3ms 
245483     WARN  main            d.u.i.k.n.ParsingFacade   /home/runner/work/key/key/key.core/../key.ui/examples/heap/list/LinkedList_size_dep.key.proof took 0 ms to parse. 
245483     WARN  main            d.u.i.k.n.ParsingFacade   Parsing time 486 ms. 
245484     DEBUG main            d.u.i.k.p.r.p.TestFile    ... success: reloaded. 
245485     INFO  main            d.u.i.k.p.r.p.TestFile    Now processing file /home/runner/work/key/key/key.core/../key.ui/examples/heap/list/LinkedList_size.key 
245485     INFO  main            d.u.i.k.p.i.AbstractProblemLoader Loading environment from /home/runner/work/key/key/key.core/../key.ui/examples/heap/list/LinkedList_size.key 
245485     DEBUG main            d.u.i.k.p.i.AbstractProblemLoader Environment load took 183.7ns 
245486     WARN  main            d.u.i.k.n.ParsingFacade   /home/runner/work/key/key/key.core/../key.ui/examples/heap/list/LinkedList_size.key took 0 ms to parse. 
245486     WARN  main            d.u.i.k.n.ParsingFacade   Parsing time 486 ms. 
245487     INFO  main            d.u.i.k.p.i.AbstractProblemLoader Creating init config 
246470     DEBUG main            d.u.i.k.j.r.ClassPreparationMethodBuilder clPrepBuilder: Inner Class detected. Reject building class initialisation methods. 
246510     WARN  main            d.u.i.k.n.ParsingFacade   file:/home/runner/work/key/key/key.core/build/resources/main/de/uka/ilkd/key/java/JavaRedux/java/lang/String.key took 1 ms to parse. 
246510     WARN  main            d.u.i.k.n.ParsingFacade   Parsing time 487 ms. 
248555     DEBUG main            d.u.i.k.p.i.AbstractProblemLoader Init config took 3.07s 
248597     INFO  main            d.u.i.k.p.i.AbstractProblemLoader Replaying proof LinkedList[List::size()].JML normal_behavior operation contract.0 
248598     DEBUG main            d.u.i.k.p.i.IntermediateProofReplayer Proof replay took 6.7ns 
248598     WARN  main            d.u.i.k.n.ParsingFacade   /home/runner/work/key/key/key.core/../key.ui/examples/heap/list/LinkedList_size.key took 0 ms to parse. 
248598     WARN  main            d.u.i.k.n.ParsingFacade   Parsing time 487 ms. 
249100     INFO  main            d.u.i.k.p.r.p.TestFile    ... finished proof: closed. 
249405     INFO  main            d.u.i.k.p.i.AbstractProblemLoader Loading environment from /home/runner/work/key/key/key.core/../key.ui/examples/heap/list/LinkedList_size.key.proof 
249405     DEBUG main            d.u.i.k.p.i.AbstractProblemLoader Environment load took 129.1ns 
249406     WARN  main            d.u.i.k.n.ParsingFacade   /home/runner/work/key/key/key.core/../key.ui/examples/heap/list/LinkedList_size.key.proof took 0 ms to parse. 
249406     WARN  main            d.u.i.k.n.ParsingFacade   Parsing time 487 ms. 
249406     INFO  main            d.u.i.k.p.i.AbstractProblemLoader Creating init config 
250384     DEBUG main            d.u.i.k.j.r.ClassPreparationMethodBuilder clPrepBuilder: Inner Class detected. Reject building class initialisation methods. 
250427     WARN  main            d.u.i.k.n.ParsingFacade   file:/home/runner/work/key/key/key.core/build/resources/main/de/uka/ilkd/key/java/JavaRedux/java/lang/String.key took 1 ms to parse. 
250427     WARN  main            d.u.i.k.n.ParsingFacade   Parsing time 488 ms. 
252440     DEBUG main            d.u.i.k.p.i.AbstractProblemLoader Init config took 3.03s 
252481     INFO  main            d.u.i.k.p.i.AbstractProblemLoader Replaying proof LinkedList[List::size()].JML normal_behavior operation contract.0 
252523     DEBUG main            d.u.i.k.p.i.IntermediateProofReplayer Proof replay took 38.96ms 
252523     WARN  main            d.u.i.k.n.ParsingFacade   /home/runner/work/key/key/key.core/../key.ui/examples/heap/list/LinkedList_size.key.proof took 0 ms to parse. 
252523     WARN  main            d.u.i.k.n.ParsingFacade   Parsing time 488 ms. 
252524     DEBUG main            d.u.i.k.p.r.p.TestFile    ... success: reloaded. 
252524     INFO  main            d.u.i.k.p.r.p.TestFile    Now processing file /home/runner/work/key/key/key.core/../key.ui/examples/heap/list/MySet_footprint.key 
252524     INFO  main            d.u.i.k.p.i.AbstractProblemLoader Loading environment from /home/runner/work/key/key/key.core/../key.ui/examples/heap/list/MySet_footprint.key 
252524     DEBUG main            d.u.i.k.p.i.AbstractProblemLoader Environment load took 43.8ns 
252525     WARN  main            d.u.i.k.n.ParsingFacade   /home/runner/work/key/key/key.core/../key.ui/examples/heap/list/MySet_footprint.key took 0 ms to parse. 
252525     WARN  main            d.u.i.k.n.ParsingFacade   Parsing time 488 ms. 
252525     INFO  main            d.u.i.k.p.i.AbstractProblemLoader Creating init config 
253512     DEBUG main            d.u.i.k.j.r.ClassPreparationMethodBuilder clPrepBuilder: Inner Class detected. Reject building class initialisation methods. 
253553     WARN  main            d.u.i.k.n.ParsingFacade   file:/home/runner/work/key/key/key.core/build/resources/main/de/uka/ilkd/key/java/JavaRedux/java/lang/String.key took 1 ms to parse. 
253553     WARN  main            d.u.i.k.n.ParsingFacade   Parsing time 489 ms. 
255597     DEBUG main            d.u.i.k.p.i.AbstractProblemLoader Init config took 3.07s 
255663     INFO  main            d.u.i.k.p.i.AbstractProblemLoader Replaying proof MySet[MySet::$footprint()].JML accessible clause.0 
255664     DEBUG main            d.u.i.k.p.i.IntermediateProofReplayer Proof replay took 7.9ns 
255664     WARN  main            d.u.i.k.n.ParsingFacade   /home/runner/work/key/key/key.core/../key.ui/examples/heap/list/MySet_footprint.key took 0 ms to parse. 
255664     WARN  main            d.u.i.k.n.ParsingFacade   Parsing time 489 ms. 
255966     INFO  main            d.u.i.k.p.r.p.TestFile    ... finished proof: closed. 
256277     INFO  main            d.u.i.k.p.i.AbstractProblemLoader Loading environment from /home/runner/work/key/key/key.core/../key.ui/examples/heap/list/MySet_footprint.key.proof 
256277     DEBUG main            d.u.i.k.p.i.AbstractProblemLoader Environment load took 78.6ns 
256278     WARN  main            d.u.i.k.n.ParsingFacade   /home/runner/work/key/key/key.core/../key.ui/examples/heap/list/MySet_footprint.key.proof took 0 ms to parse. 
256278     WARN  main            d.u.i.k.n.ParsingFacade   Parsing time 489 ms. 
256278     INFO  main            d.u.i.k.p.i.AbstractProblemLoader Creating init config 
257251     DEBUG main            d.u.i.k.j.r.ClassPreparationMethodBuilder clPrepBuilder: Inner Class detected. Reject building class initialisation methods. 
257291     WARN  main            d.u.i.k.n.ParsingFacade   file:/home/runner/work/key/key/key.core/build/resources/main/de/uka/ilkd/key/java/JavaRedux/java/lang/String.key took 1 ms to parse. 
257291     WARN  main            d.u.i.k.n.ParsingFacade   Parsing time 490 ms. 
259281     DEBUG main            d.u.i.k.p.i.AbstractProblemLoader Init config took 3s 
259327     INFO  main            d.u.i.k.p.i.AbstractProblemLoader Replaying proof MySet[MySet::$footprint()].JML accessible clause.0 
259359     DEBUG main            d.u.i.k.p.i.IntermediateProofReplayer Proof replay took 29.19ms 
259359     WARN  main            d.u.i.k.n.ParsingFacade   /home/runner/work/key/key/key.core/../key.ui/examples/heap/list/MySet_footprint.key.proof took 0 ms to parse. 
259359     WARN  main            d.u.i.k.n.ParsingFacade   Parsing time 490 ms. 
259360     DEBUG main            d.u.i.k.p.r.p.TestFile    ... success: reloaded. 
259360     INFO  main            d.u.i.k.p.r.p.TestFile    Now processing file /home/runner/work/key/key/key.core/../key.ui/examples/heap/list/MySet_MySet.key 
259361     INFO  main            d.u.i.k.p.i.AbstractProblemLoader Loading environment from /home/runner/work/key/key/key.core/../key.ui/examples/heap/list/MySet_MySet.key 
259361     DEBUG main            d.u.i.k.p.i.AbstractProblemLoader Environment load took 61.8ns 
259361     WARN  main            d.u.i.k.n.ParsingFacade   /home/runner/work/key/key/key.core/../key.ui/examples/heap/list/MySet_MySet.key took 0 ms to parse. 
259361     WARN  main            d.u.i.k.n.ParsingFacade   Parsing time 490 ms. 
259362     INFO  main            d.u.i.k.p.i.AbstractProblemLoader Creating init config 
260365     DEBUG main            d.u.i.k.j.r.ClassPreparationMethodBuilder clPrepBuilder: Inner Class detected. Reject building class initialisation methods. 
260405     WARN  main            d.u.i.k.n.ParsingFacade   file:/home/runner/work/key/key/key.core/build/resources/main/de/uka/ilkd/key/java/JavaRedux/java/lang/String.key took 1 ms to parse. 
260405     WARN  main            d.u.i.k.n.ParsingFacade   Parsing time 491 ms. 
262446     DEBUG main            d.u.i.k.p.i.AbstractProblemLoader Init config took 3.08s 
262490     INFO  main            d.u.i.k.p.i.AbstractProblemLoader Replaying proof MySet[MySet::MySet()].JML normal_behavior operation contract.0 
262492     DEBUG main            d.u.i.k.p.i.IntermediateProofReplayer Proof replay took 6.6ns 
262492     WARN  main            d.u.i.k.n.ParsingFacade   /home/runner/work/key/key/key.core/../key.ui/examples/heap/list/MySet_MySet.key took 0 ms to parse. 
262492     WARN  main            d.u.i.k.n.ParsingFacade   Parsing time 491 ms. 
264909     INFO  main            d.u.i.k.p.r.p.TestFile    ... finished proof: closed. 
265244     INFO  main            d.u.i.k.p.i.AbstractProblemLoader Loading environment from /home/runner/work/key/key/key.core/../key.ui/examples/heap/list/MySet_MySet.key.proof 
265244     DEBUG main            d.u.i.k.p.i.AbstractProblemLoader Environment load took 451.81ns 
265245     WARN  main            d.u.i.k.n.ParsingFacade   /home/runner/work/key/key/key.core/../key.ui/examples/heap/list/MySet_MySet.key.proof took 0 ms to parse. 
265246     WARN  main            d.u.i.k.n.ParsingFacade   Parsing time 491 ms. 
265246     INFO  main            d.u.i.k.p.i.AbstractProblemLoader Creating init config 
266224     DEBUG main            d.u.i.k.j.r.ClassPreparationMethodBuilder clPrepBuilder: Inner Class detected. Reject building class initialisation methods. 
266263     WARN  main            d.u.i.k.n.ParsingFacade   file:/home/runner/work/key/key/key.core/build/resources/main/de/uka/ilkd/key/java/JavaRedux/java/lang/String.key took 1 ms to parse. 
266263     WARN  main            d.u.i.k.n.ParsingFacade   Parsing time 492 ms. 
268261     DEBUG main            d.u.i.k.p.i.AbstractProblemLoader Init config took 3.01s 
268306     INFO  main            d.u.i.k.p.i.AbstractProblemLoader Replaying proof MySet[MySet::MySet()].JML normal_behavior operation contract.0 
268654     DEBUG main            d.u.i.k.p.i.IntermediateProofReplayer Proof replay took 336.86ms 
268655     WARN  main            d.u.i.k.n.ParsingFacade   /home/runner/work/key/key/key.core/../key.ui/examples/heap/list/MySet_MySet.key.proof took 0 ms to parse. 
268656     WARN  main            d.u.i.k.n.ParsingFacade   Parsing time 492 ms. 
268656     DEBUG main            d.u.i.k.p.r.p.TestFile    ... success: reloaded. 
1129583    INFO  Test worker     d.u.i.k.p.r.RunAllProofsTestUnit Returning from test list 
1129584    INFO  Test worker     d.u.i.k.p.r.RunAllProofsTestUnit Running test list_ghost 
349        INFO  Timeout watchdog d.u.i.k.p.r.p.ForkedTestFileRunner Timeout watcher launched (2000 secs.) 
353        WARN  main            d.u.i.k.s.ProofSettings   The settings in /home/runner/.key/proof-settings.props are *not* read. 
378        INFO  main            d.u.i.k.p.r.p.TestFile    Now processing file /home/runner/work/key/key/key.core/../key.ui/examples/heap/list_ghost/ArrayList_add.key 
508        INFO  main            d.u.i.k.p.i.AbstractProblemLoader Loading environment from /home/runner/work/key/key/key.core/../key.ui/examples/heap/list_ghost/ArrayList_add.key 
529        DEBUG main            d.u.i.k.p.i.AbstractProblemLoader Environment load took 1.74ms 
609        WARN  main            d.u.i.k.n.ParsingFacade   /home/runner/work/key/key/key.core/../key.ui/examples/heap/list_ghost/ArrayList_add.key took 11 ms to parse. 
609        WARN  main            d.u.i.k.n.ParsingFacade   Parsing time 11 ms. 
736        INFO  main            d.u.i.k.p.i.AbstractProblemLoader Creating init config 
745        WARN  main            d.u.i.k.n.ParsingFacade   file:/home/runner/work/key/key/key.core/build/resources/main/de/uka/ilkd/key/proof/rules/standardRules.key took 5 ms to parse. 
745        WARN  main            d.u.i.k.n.ParsingFacade   Parsing time 16 ms. 
756        WARN  main            d.u.i.k.n.ParsingFacade   file:/home/runner/work/key/key/key.core/build/resources/main/de/uka/ilkd/key/proof/rules/ldt.key took 1 ms to parse. 
756        WARN  main            d.u.i.k.n.ParsingFacade   Parsing time 17 ms. 
762        WARN  main            d.u.i.k.n.ParsingFacade   file:/home/runner/work/key/key/key.core/build/resources/main/de/uka/ilkd/key/proof/rules/boolean.key took 3 ms to parse. 
762        WARN  main            d.u.i.k.n.ParsingFacade   Parsing time 20 ms. 
777        WARN  main            d.u.i.k.n.ParsingFacade   file:/home/runner/work/key/key/key.core/build/resources/main/de/uka/ilkd/key/proof/rules/ruleSetsDeclarations.key took 6 ms to parse. 
777        WARN  main            d.u.i.k.n.ParsingFacade   Parsing time 26 ms. 
798        WARN  main            d.u.i.k.n.ParsingFacade   file:/home/runner/work/key/key/key.core/build/resources/main/de/uka/ilkd/key/proof/rules/integerHeader.key took 4 ms to parse. 
798        WARN  main            d.u.i.k.n.ParsingFacade   Parsing time 30 ms. 
804        WARN  main            d.u.i.k.n.ParsingFacade   file:/home/runner/work/key/key/key.core/build/resources/main/de/uka/ilkd/key/proof/rules/floatHeader.key took 5 ms to parse. 
808        WARN  main            d.u.i.k.n.ParsingFacade   Parsing time 35 ms. 
810        WARN  main            d.u.i.k.n.ParsingFacade   file:/home/runner/work/key/key/key.core/build/resources/main/de/uka/ilkd/key/proof/rules/heap.key took 1 ms to parse. 
810        WARN  main            d.u.i.k.n.ParsingFacade   Parsing time 36 ms. 
813        WARN  main            d.u.i.k.n.ParsingFacade   file:/home/runner/work/key/key/key.core/build/resources/main/de/uka/ilkd/key/proof/rules/locSets.key took 0 ms to parse. 
813        WARN  main            d.u.i.k.n.ParsingFacade   Parsing time 36 ms. 
814        WARN  main            d.u.i.k.n.ParsingFacade   file:/home/runner/work/key/key/key.core/build/resources/main/de/uka/ilkd/key/proof/rules/permission.key took 0 ms to parse. 
814        WARN  main            d.u.i.k.n.ParsingFacade   Parsing time 36 ms. 
815        WARN  main            d.u.i.k.n.ParsingFacade   file:/home/runner/work/key/key/key.core/build/resources/main/de/uka/ilkd/key/proof/rules/reach.key took 0 ms to parse. 
815        WARN  main            d.u.i.k.n.ParsingFacade   Parsing time 36 ms. 
816        WARN  main            d.u.i.k.n.ParsingFacade   file:/home/runner/work/key/key/key.core/build/resources/main/de/uka/ilkd/key/proof/rules/seq.key took 0 ms to parse. 
816        WARN  main            d.u.i.k.n.ParsingFacade   Parsing time 36 ms. 
845        WARN  main            d.u.i.k.n.ParsingFacade   file:/home/runner/work/key/key/key.core/build/resources/main/de/uka/ilkd/key/proof/rules/map.key took 28 ms to parse. 
845        WARN  main            d.u.i.k.n.ParsingFacade   Parsing time 64 ms. 
845        WARN  main            d.u.i.k.n.ParsingFacade   file:/home/runner/work/key/key/key.core/build/resources/main/de/uka/ilkd/key/proof/rules/freeADT.key took 0 ms to parse. 
846        WARN  main            d.u.i.k.n.ParsingFacade   Parsing time 64 ms. 
849        WARN  main            d.u.i.k.n.ParsingFacade   file:/home/runner/work/key/key/key.core/build/resources/main/de/uka/ilkd/key/proof/rules/wellfound.key took 3 ms to parse. 
851        WARN  main            d.u.i.k.n.ParsingFacade   Parsing time 67 ms. 
852        WARN  main            d.u.i.k.n.ParsingFacade   file:/home/runner/work/key/key/key.core/build/resources/main/de/uka/ilkd/key/proof/rules/charListHeader.key took 1 ms to parse. 
852        WARN  main            d.u.i.k.n.ParsingFacade   Parsing time 68 ms. 
977        WARN  main            d.u.i.k.n.ParsingFacade   file:/home/runner/work/key/key/key.core/build/resources/main/de/uka/ilkd/key/proof/rules/propRule.key took 4 ms to parse. 
977        WARN  main            d.u.i.k.n.ParsingFacade   Parsing time 72 ms. 
1000       WARN  main            d.u.i.k.n.ParsingFacade   file:/home/runner/work/key/key/key.core/build/resources/main/de/uka/ilkd/key/proof/rules/firstOrderRules.key took 3 ms to parse. 
1000       WARN  main            d.u.i.k.n.ParsingFacade   Parsing time 75 ms. 
1018       WARN  main            d.u.i.k.n.ParsingFacade   file:/home/runner/work/key/key/key.core/build/resources/main/de/uka/ilkd/key/proof/rules/ifThenElseRules.key took 5 ms to parse. 
1018       WARN  main            d.u.i.k.n.ParsingFacade   Parsing time 80 ms. 
1073       WARN  main            d.u.i.k.n.ParsingFacade   file:/home/runner/work/key/key/key.core/build/resources/main/de/uka/ilkd/key/proof/rules/formulaNormalisationRules.key took 24 ms to parse. 
1073       WARN  main            d.u.i.k.n.ParsingFacade   Parsing time 104 ms. 
1175       WARN  main            d.u.i.k.n.ParsingFacade   file:/home/runner/work/key/key/key.core/build/resources/main/de/uka/ilkd/key/proof/rules/updateRules.key took 6 ms to parse. 
1175       WARN  main            d.u.i.k.n.ParsingFacade   Parsing time 110 ms. 
1194       WARN  main            d.u.i.k.n.ParsingFacade   file:/home/runner/work/key/key/key.core/build/resources/main/de/uka/ilkd/key/proof/rules/integerRulesCommon.key took 1 ms to parse. 
1194       WARN  main            d.u.i.k.n.ParsingFacade   Parsing time 111 ms. 
1278       WARN  main            d.u.i.k.n.ParsingFacade   file:/home/runner/work/key/key/key.core/build/resources/main/de/uka/ilkd/key/proof/rules/intRules.key took 3 ms to parse. 
1278       WARN  main            d.u.i.k.n.ParsingFacade   Parsing time 114 ms. 
1291       WARN  main            d.u.i.k.n.ParsingFacade   file:/home/runner/work/key/key/key.core/build/resources/main/de/uka/ilkd/key/proof/rules/intRulesUncheckedSemantics.key took 3 ms to parse. 
1291       WARN  main            d.u.i.k.n.ParsingFacade   Parsing time 117 ms. 
1299       WARN  main            d.u.i.k.n.ParsingFacade   file:/home/runner/work/key/key/key.core/build/resources/main/de/uka/ilkd/key/proof/rules/intRulesCheckedSemantics.key took 1 ms to parse. 
1299       WARN  main            d.u.i.k.n.ParsingFacade   Parsing time 118 ms. 
1305       WARN  main            d.u.i.k.n.ParsingFacade   file:/home/runner/work/key/key/key.core/build/resources/main/de/uka/ilkd/key/proof/rules/intRulesJavaSemantics.key took 2 ms to parse. 
1306       WARN  main            d.u.i.k.n.ParsingFacade   Parsing time 120 ms. 
1342       WARN  main            d.u.i.k.n.ParsingFacade   file:/home/runner/work/key/key/key.core/build/resources/main/de/uka/ilkd/key/proof/rules/integerSimplificationRules.key took 26 ms to parse. 
1342       WARN  main            d.u.i.k.n.ParsingFacade   Parsing time 146 ms. 
1450       DEBUG main            d.u.i.k.j.TypeConverter   No LDT found for Meta 
1450       DEBUG main            d.u.i.k.j.TypeConverter   No LDT found for Meta 
1454       DEBUG main            d.u.i.k.j.TypeConverter   No LDT found for Meta 
1454       DEBUG main            d.u.i.k.j.TypeConverter   No LDT found for Meta 
1503       WARN  main            d.u.i.k.n.ParsingFacade   file:/home/runner/work/key/key/key.core/build/resources/main/de/uka/ilkd/key/proof/rules/intDiv.key took 8 ms to parse. 
1503       WARN  main            d.u.i.k.n.ParsingFacade   Parsing time 154 ms. 
1542       WARN  main            d.u.i.k.n.ParsingFacade   file:/home/runner/work/key/key/key.core/build/resources/main/de/uka/ilkd/key/proof/rules/bsum.key took 13 ms to parse. 
1543       WARN  main            d.u.i.k.n.ParsingFacade   Parsing time 167 ms. 
1586       WARN  main            d.u.i.k.n.ParsingFacade   file:/home/runner/work/key/key/key.core/build/resources/main/de/uka/ilkd/key/proof/rules/bprod.key took 3 ms to parse. 
1586       WARN  main            d.u.i.k.n.ParsingFacade   Parsing time 170 ms. 
1596       WARN  main            d.u.i.k.n.ParsingFacade   file:/home/runner/work/key/key/key.core/build/resources/main/de/uka/ilkd/key/proof/rules/binaryAxioms.key took 1 ms to parse. 
1596       WARN  main            d.u.i.k.n.ParsingFacade   Parsing time 171 ms. 
1602       WARN  main            d.u.i.k.n.ParsingFacade   file:/home/runner/work/key/key/key.core/build/resources/main/de/uka/ilkd/key/proof/rules/binaryLemmas.key took 1 ms to parse. 
1602       WARN  main            d.u.i.k.n.ParsingFacade   Parsing time 172 ms. 
1612       WARN  main            d.u.i.k.n.ParsingFacade   file:/home/runner/work/key/key/key.core/build/resources/main/de/uka/ilkd/key/proof/rules/intPow.key took 2 ms to parse. 
1612       WARN  main            d.u.i.k.n.ParsingFacade   Parsing time 174 ms. 
1655       WARN  main            d.u.i.k.n.ParsingFacade   file:/home/runner/work/key/key/key.core/build/resources/main/de/uka/ilkd/key/proof/rules/floatRulesCommon.key took 34 ms to parse. 
1655       WARN  main            d.u.i.k.n.ParsingFacade   Parsing time 208 ms. 
1668       WARN  main            d.u.i.k.n.ParsingFacade   file:/home/runner/work/key/key/key.core/build/resources/main/de/uka/ilkd/key/proof/rules/floatRules.key took 0 ms to parse. 
1669       WARN  main            d.u.i.k.n.ParsingFacade   Parsing time 208 ms. 
1670       WARN  main            d.u.i.k.n.ParsingFacade   file:/home/runner/work/key/key/key.core/build/resources/main/de/uka/ilkd/key/proof/rules/floatRulesVerifyNormal.key took 1 ms to parse. 
1670       WARN  main            d.u.i.k.n.ParsingFacade   Parsing time 209 ms. 
1678       WARN  main            d.u.i.k.n.ParsingFacade   file:/home/runner/work/key/key/key.core/build/resources/main/de/uka/ilkd/key/proof/rules/floatRulesAssumeStrictfp.key took 8 ms to parse. 
1678       WARN  main            d.u.i.k.n.ParsingFacade   Parsing time 217 ms. 
1712       WARN  main            d.u.i.k.n.ParsingFacade   file:/home/runner/work/key/key/key.core/build/resources/main/de/uka/ilkd/key/proof/rules/genericRules.key took 3 ms to parse. 
1712       WARN  main            d.u.i.k.n.ParsingFacade   Parsing time 220 ms. 
1722       WARN  main            d.u.i.k.n.ParsingFacade   file:/home/runner/work/key/key/key.core/build/resources/main/de/uka/ilkd/key/proof/rules/booleanRules.key took 1 ms to parse. 
1722       WARN  main            d.u.i.k.n.ParsingFacade   Parsing time 221 ms. 
1725       WARN  main            d.u.i.k.n.ParsingFacade   file:/home/runner/work/key/key/key.core/build/resources/main/de/uka/ilkd/key/proof/rules/epsilon.key took 1 ms to parse. 
1725       WARN  main            d.u.i.k.n.ParsingFacade   Parsing time 222 ms. 
1735       WARN  main            d.u.i.k.n.ParsingFacade   file:/home/runner/work/key/key/key.core/build/resources/main/de/uka/ilkd/key/proof/rules/locSetsRules.key took 9 ms to parse. 
1735       WARN  main            d.u.i.k.n.ParsingFacade   Parsing time 231 ms. 
1773       WARN  main            d.u.i.k.n.ParsingFacade   file:/home/runner/work/key/key/key.core/build/resources/main/de/uka/ilkd/key/proof/rules/heapRules.key took 15 ms to parse. 
1773       WARN  main            d.u.i.k.n.ParsingFacade   Parsing time 246 ms. 
1799       WARN  main            d.u.i.k.n.ParsingFacade   file:/home/runner/work/key/key/key.core/build/resources/main/de/uka/ilkd/key/proof/rules/permissionRules.key took 4 ms to parse. 
1799       WARN  main            d.u.i.k.n.ParsingFacade   Parsing time 250 ms. 
1841       WARN  main            d.u.i.k.n.ParsingFacade   file:/home/runner/work/key/key/key.core/build/resources/main/de/uka/ilkd/key/proof/rules/reachRules.key took 32 ms to parse. 
1842       WARN  main            d.u.i.k.n.ParsingFacade   Parsing time 282 ms. 
1852       WARN  main            d.u.i.k.n.ParsingFacade   file:/home/runner/work/key/key/key.core/build/resources/main/de/uka/ilkd/key/proof/rules/seqCoreRules.key took 2 ms to parse. 
1852       WARN  main            d.u.i.k.n.ParsingFacade   Parsing time 284 ms. 
1861       WARN  main            d.u.i.k.n.ParsingFacade   file:/home/runner/work/key/key/key.core/build/resources/main/de/uka/ilkd/key/proof/rules/seqRules.key took 8 ms to parse. 
1861       WARN  main            d.u.i.k.n.ParsingFacade   Parsing time 292 ms. 
1881       WARN  main            d.u.i.k.n.ParsingFacade   file:/home/runner/work/key/key/key.core/build/resources/main/de/uka/ilkd/key/proof/rules/seqPerm.key took 5 ms to parse. 
1881       WARN  main            d.u.i.k.n.ParsingFacade   Parsing time 297 ms. 
1892       WARN  main            d.u.i.k.n.ParsingFacade   file:/home/runner/work/key/key/key.core/build/resources/main/de/uka/ilkd/key/proof/rules/seqPerm2.key took 1 ms to parse. 
1893       WARN  main            d.u.i.k.n.ParsingFacade   Parsing time 298 ms. 
1958       WARN  main            d.u.i.k.n.ParsingFacade   file:/home/runner/work/key/key/key.core/build/resources/main/de/uka/ilkd/key/proof/rules/javaRules.key took 63 ms to parse. 
1958       WARN  main            d.u.i.k.n.ParsingFacade   Parsing time 361 ms. 
1966       WARN  main            d.u.i.k.n.ParsingFacade   file:/home/runner/work/key/key/key.core/build/resources/main/de/uka/ilkd/key/proof/rules/assertions.key took 1 ms to parse. 
1968       WARN  main            d.u.i.k.n.ParsingFacade   Parsing time 362 ms. 
2427       WARN  main            d.u.i.k.n.ParsingFacade   file:/home/runner/work/key/key/key.core/build/resources/main/de/uka/ilkd/key/proof/rules/loopRules.key took 3 ms to parse. 
2427       WARN  main            d.u.i.k.n.ParsingFacade   Parsing time 365 ms. 
2437       WARN  main            d.u.i.k.n.ParsingFacade   file:/home/runner/work/key/key/key.core/build/resources/main/de/uka/ilkd/key/proof/rules/activeUse.key took 2 ms to parse. 
2437       WARN  main            d.u.i.k.n.ParsingFacade   Parsing time 367 ms. 
2495       WARN  main            d.u.i.k.n.ParsingFacade   file:/home/runner/work/key/key/key.core/build/resources/main/de/uka/ilkd/key/proof/rules/instanceAllocation.key took 6 ms to parse. 
2495       WARN  main            d.u.i.k.n.ParsingFacade   Parsing time 373 ms. 
2508       WARN  main            d.u.i.k.n.ParsingFacade   file:/home/runner/work/key/key/key.core/build/resources/main/de/uka/ilkd/key/proof/rules/java5.key took 0 ms to parse. 
2508       WARN  main            d.u.i.k.n.ParsingFacade   Parsing time 373 ms. 
2515       WARN  main            d.u.i.k.n.ParsingFacade   file:/home/runner/work/key/key/key.core/build/resources/main/de/uka/ilkd/key/proof/rules/integerAssignment2UpdateRules.key took 3 ms to parse. 
2515       WARN  main            d.u.i.k.n.ParsingFacade   Parsing time 376 ms. 
2548       WARN  main            d.u.i.k.n.ParsingFacade   file:/home/runner/work/key/key/key.core/build/resources/main/de/uka/ilkd/key/proof/rules/floatAssignment2UpdateRules.key took 7 ms to parse. 
2549       WARN  main            d.u.i.k.n.ParsingFacade   Parsing time 383 ms. 
2569       WARN  main            d.u.i.k.n.ParsingFacade   file:/home/runner/work/key/key/key.core/build/resources/main/de/uka/ilkd/key/proof/rules/bigint.key took 3 ms to parse. 
2569       WARN  main            d.u.i.k.n.ParsingFacade   Parsing time 386 ms. 
2578       DEBUG main            d.u.i.k.j.TypeConverter   No LDT found for JavaBigintExpression 
2583       WARN  main            d.u.i.k.n.ParsingFacade   file:/home/runner/work/key/key/key.core/build/resources/main/de/uka/ilkd/key/proof/rules/adtProgramDecompositionRules.key took 2 ms to parse. 
2583       WARN  main            d.u.i.k.n.ParsingFacade   Parsing time 388 ms. 
2600       WARN  main            d.u.i.k.n.ParsingFacade   file:/home/runner/work/key/key/key.core/build/resources/main/de/uka/ilkd/key/proof/rules/precRules.key took 1 ms to parse. 
2602       WARN  main            d.u.i.k.n.ParsingFacade   Parsing time 389 ms. 
2609       WARN  main            d.u.i.k.n.ParsingFacade   file:/home/runner/work/key/key/key.core/build/resources/main/de/uka/ilkd/key/proof/rules/charListRules.key took 5 ms to parse. 
2609       WARN  main            d.u.i.k.n.ParsingFacade   Parsing time 394 ms. 
2617       WARN  main            d.u.i.k.n.ParsingFacade   file:/home/runner/work/key/key/key.core/build/resources/main/de/uka/ilkd/key/proof/rules/regExTheory.key took 0 ms to parse. 
2617       WARN  main            d.u.i.k.n.ParsingFacade   Parsing time 394 ms. 
2626       WARN  main            d.u.i.k.n.ParsingFacade   file:/home/runner/work/key/key/key.core/build/resources/main/de/uka/ilkd/key/proof/rules/regExHeader.key took 0 ms to parse. 
2626       WARN  main            d.u.i.k.n.ParsingFacade   Parsing time 394 ms. 
2628       WARN  main            d.u.i.k.n.ParsingFacade   file:/home/runner/work/key/key/key.core/build/resources/main/de/uka/ilkd/key/proof/rules/regExAxioms.key took 1 ms to parse. 
2628       WARN  main            d.u.i.k.n.ParsingFacade   Parsing time 395 ms. 
2632       WARN  main            d.u.i.k.n.ParsingFacade   file:/home/runner/work/key/key/key.core/build/resources/main/de/uka/ilkd/key/proof/rules/regExLemmaProven.key took 1 ms to parse. 
2632       WARN  main            d.u.i.k.n.ParsingFacade   Parsing time 396 ms. 
2668       WARN  main            d.u.i.k.n.ParsingFacade   file:/home/runner/work/key/key/key.core/build/resources/main/de/uka/ilkd/key/proof/rules/seqEq.key took 32 ms to parse. 
2668       WARN  main            d.u.i.k.n.ParsingFacade   Parsing time 428 ms. 
2676       WARN  main            d.u.i.k.n.ParsingFacade   file:/home/runner/work/key/key/key.core/build/resources/main/de/uka/ilkd/key/proof/rules/infFlow.key took 3 ms to parse. 
2676       WARN  main            d.u.i.k.n.ParsingFacade   Parsing time 431 ms. 
2681       WARN  main            d.u.i.k.n.ParsingFacade   file:/home/runner/work/key/key/key.core/build/resources/main/de/uka/ilkd/key/proof/rules/mapSize.key took 1 ms to parse. 
2681       WARN  main            d.u.i.k.n.ParsingFacade   Parsing time 432 ms. 
2683       WARN  main            d.u.i.k.n.ParsingFacade   file:/home/runner/work/key/key/key.core/build/resources/main/de/uka/ilkd/key/proof/rules/wd.key took 0 ms to parse. 
2683       WARN  main            d.u.i.k.n.ParsingFacade   Parsing time 432 ms. 
2687       WARN  main            d.u.i.k.n.ParsingFacade   file:/home/runner/work/key/key/key.core/build/resources/main/de/uka/ilkd/key/proof/rules/wdHeader.key took 1 ms to parse. 
2687       WARN  main            d.u.i.k.n.ParsingFacade   Parsing time 433 ms. 
2688       WARN  main            d.u.i.k.n.ParsingFacade   file:/home/runner/work/key/key/key.core/build/resources/main/de/uka/ilkd/key/proof/rules/wdGeneralRules.key took 0 ms to parse. 
2688       WARN  main            d.u.i.k.n.ParsingFacade   Parsing time 433 ms. 
2697       WARN  main            d.u.i.k.n.ParsingFacade   file:/home/runner/work/key/key/key.core/build/resources/main/de/uka/ilkd/key/proof/rules/wdNumericalRules.key took 4 ms to parse. 
2697       WARN  main            d.u.i.k.n.ParsingFacade   Parsing time 437 ms. 
2719       WARN  main            d.u.i.k.n.ParsingFacade   file:/home/runner/work/key/key/key.core/build/resources/main/de/uka/ilkd/key/proof/rules/wdLocSetRules.key took 2 ms to parse. 
2719       WARN  main            d.u.i.k.n.ParsingFacade   Parsing time 439 ms. 
2723       WARN  main            d.u.i.k.n.ParsingFacade   file:/home/runner/work/key/key/key.core/build/resources/main/de/uka/ilkd/key/proof/rules/wdHeapRules.key took 0 ms to parse. 
2723       WARN  main            d.u.i.k.n.ParsingFacade   Parsing time 439 ms. 
2726       WARN  main            d.u.i.k.n.ParsingFacade   file:/home/runner/work/key/key/key.core/build/resources/main/de/uka/ilkd/key/proof/rules/wdReachRules.key took 0 ms to parse. 
2726       WARN  main            d.u.i.k.n.ParsingFacade   Parsing time 439 ms. 
2728       WARN  main            d.u.i.k.n.ParsingFacade   file:/home/runner/work/key/key/key.core/build/resources/main/de/uka/ilkd/key/proof/rules/wdSeqRules.key took 0 ms to parse. 
2728       WARN  main            d.u.i.k.n.ParsingFacade   Parsing time 439 ms. 
2731       WARN  main            d.u.i.k.n.ParsingFacade   file:/home/runner/work/key/key/key.core/build/resources/main/de/uka/ilkd/key/proof/rules/wdStringRules.key took 1 ms to parse. 
2731       WARN  main            d.u.i.k.n.ParsingFacade   Parsing time 440 ms. 
2734       WARN  main            d.u.i.k.n.ParsingFacade   file:/home/runner/work/key/key/key.core/build/resources/main/de/uka/ilkd/key/proof/rules/wdRegExRules.key took 0 ms to parse. 
2734       WARN  main            d.u.i.k.n.ParsingFacade   Parsing time 440 ms. 
2739       WARN  main            d.u.i.k.n.ParsingFacade   file:/home/runner/work/key/key/key.core/build/resources/main/de/uka/ilkd/key/proof/rules/wdFormulaRules.key took 3 ms to parse. 
2739       WARN  main            d.u.i.k.n.ParsingFacade   Parsing time 443 ms. 
2749       WARN  main            d.u.i.k.n.ParsingFacade   file:/home/runner/work/key/key/key.core/build/resources/main/de/uka/ilkd/key/proof/rules/loopInvariantRules.key took 1 ms to parse. 
2749       WARN  main            d.u.i.k.n.ParsingFacade   Parsing time 444 ms. 
2750       WARN  main            d.u.i.k.n.ParsingFacade   file:/home/runner/work/key/key/key.core/build/resources/main/de/uka/ilkd/key/proof/rules/forLoopRules.key took 0 ms to parse. 
2751       WARN  main            d.u.i.k.n.ParsingFacade   Parsing time 444 ms. 
2759       WARN  main            d.u.i.k.n.ParsingFacade   file:/home/runner/work/key/key/key.core/build/resources/main/de/uka/ilkd/key/proof/rules/execRules.key took 4 ms to parse. 
2759       WARN  main            d.u.i.k.n.ParsingFacade   Parsing time 448 ms. 
2834       WARN  main            d.u.i.k.n.ParsingFacade   file:/home/runner/work/key/key/key.core/build/resources/main/de/uka/ilkd/key/proof/rules/loopScopeRules.key took 2 ms to parse. 
2834       WARN  main            d.u.i.k.n.ParsingFacade   Parsing time 450 ms. 
6136       WARN  main            d.u.i.k.n.ParsingFacade   file:/home/runner/work/key/key/key.core/build/resources/main/de/uka/ilkd/key/java/JavaRedux/java/lang/String.key took 5 ms to parse. 
6136       WARN  main            d.u.i.k.n.ParsingFacade   Parsing time 455 ms. 
8340       DEBUG main            d.u.i.k.p.i.AbstractProblemLoader Init config took 7.6s 
8459       INFO  main            d.u.i.k.p.i.AbstractProblemLoader Replaying proof ArrayList[List::add(java.lang.Object)].JML normal_behavior operation contract.0 
8517       DEBUG main            d.u.i.k.p.i.IntermediateProofReplayer Proof replay took 33ns 
8519       WARN  main            d.u.i.k.n.ParsingFacade   /home/runner/work/key/key/key.core/../key.ui/examples/heap/list_ghost/ArrayList_add.key took 0 ms to parse. 
8519       WARN  main            d.u.i.k.n.ParsingFacade   Parsing time 455 ms. 
13321      INFO  main            d.u.i.k.p.r.p.TestFile    ... finished proof: closed. 
13485      INFO  main            d.u.i.k.p.i.AbstractProblemLoader Loading environment from /home/runner/work/key/key/key.core/../key.ui/examples/heap/list_ghost/ArrayList_add.key.proof 
13488      DEBUG main            d.u.i.k.p.i.AbstractProblemLoader Environment load took 2.81ms 
13490      WARN  main            d.u.i.k.n.ParsingFacade   /home/runner/work/key/key/key.core/../key.ui/examples/heap/list_ghost/ArrayList_add.key.proof took 1 ms to parse. 
13490      WARN  main            d.u.i.k.n.ParsingFacade   Parsing time 456 ms. 
13493      INFO  main            d.u.i.k.p.i.AbstractProblemLoader Creating init config 
14557      WARN  main            d.u.i.k.n.ParsingFacade   file:/home/runner/work/key/key/key.core/build/resources/main/de/uka/ilkd/key/java/JavaRedux/java/lang/String.key took 1 ms to parse. 
14557      WARN  main            d.u.i.k.n.ParsingFacade   Parsing time 457 ms. 
16319      DEBUG main            d.u.i.k.p.i.AbstractProblemLoader Init config took 2.83s 
16420      INFO  main            d.u.i.k.p.i.AbstractProblemLoader Replaying proof ArrayList[List::add(java.lang.Object)].JML normal_behavior operation contract.0 
17284      DEBUG main            d.u.i.k.p.i.IntermediateProofReplayer Proof replay took 828.5ms 
17286      WARN  main            d.u.i.k.n.ParsingFacade   /home/runner/work/key/key/key.core/../key.ui/examples/heap/list_ghost/ArrayList_add.key.proof took 0 ms to parse. 
17286      WARN  main            d.u.i.k.n.ParsingFacade   Parsing time 457 ms. 
17294      DEBUG main            d.u.i.k.p.r.p.TestFile    ... success: reloaded. 
17298      INFO  main            d.u.i.k.p.r.p.TestFile    Now processing file /home/runner/work/key/key/key.core/../key.ui/examples/heap/list_ghost/ArrayList_ArrayList.key 
17299      INFO  main            d.u.i.k.p.i.AbstractProblemLoader Loading environment from /home/runner/work/key/key/key.core/../key.ui/examples/heap/list_ghost/ArrayList_ArrayList.key 
17299      DEBUG main            d.u.i.k.p.i.AbstractProblemLoader Environment load took 98.7ns 
17299      WARN  main            d.u.i.k.n.ParsingFacade   /home/runner/work/key/key/key.core/../key.ui/examples/heap/list_ghost/ArrayList_ArrayList.key took 0 ms to parse. 
17299      WARN  main            d.u.i.k.n.ParsingFacade   Parsing time 457 ms. 
17303      INFO  main            d.u.i.k.p.i.AbstractProblemLoader Creating init config 
18278      WARN  main            d.u.i.k.n.ParsingFacade   file:/home/runner/work/key/key/key.core/build/resources/main/de/uka/ilkd/key/java/JavaRedux/java/lang/String.key took 1 ms to parse. 
18278      WARN  main            d.u.i.k.n.ParsingFacade   Parsing time 458 ms. 
20057      DEBUG main            d.u.i.k.p.i.AbstractProblemLoader Init config took 2.75s 
20116      INFO  main            d.u.i.k.p.i.AbstractProblemLoader Replaying proof ArrayList[ArrayList::ArrayList()].JML normal_behavior operation contract.0 
20118      DEBUG main            d.u.i.k.p.i.IntermediateProofReplayer Proof replay took 5.5ns 
20119      WARN  main            d.u.i.k.n.ParsingFacade   /home/runner/work/key/key/key.core/../key.ui/examples/heap/list_ghost/ArrayList_ArrayList.key took 0 ms to parse. 
20119      WARN  main            d.u.i.k.n.ParsingFacade   Parsing time 458 ms. 
21239      INFO  main            d.u.i.k.p.r.p.TestFile    ... finished proof: closed. 
21381      INFO  main            d.u.i.k.p.i.AbstractProblemLoader Loading environment from /home/runner/work/key/key/key.core/../key.ui/examples/heap/list_ghost/ArrayList_ArrayList.key.proof 
21381      DEBUG main            d.u.i.k.p.i.AbstractProblemLoader Environment load took 621.41ns 
21382      WARN  main            d.u.i.k.n.ParsingFacade   /home/runner/work/key/key/key.core/../key.ui/examples/heap/list_ghost/ArrayList_ArrayList.key.proof took 0 ms to parse. 
21383      WARN  main            d.u.i.k.n.ParsingFacade   Parsing time 458 ms. 
21385      INFO  main            d.u.i.k.p.i.AbstractProblemLoader Creating init config 
22368      WARN  main            d.u.i.k.n.ParsingFacade   file:/home/runner/work/key/key/key.core/build/resources/main/de/uka/ilkd/key/java/JavaRedux/java/lang/String.key took 1 ms to parse. 
22368      WARN  main            d.u.i.k.n.ParsingFacade   Parsing time 459 ms. 
24111      DEBUG main            d.u.i.k.p.i.AbstractProblemLoader Init config took 2.73s 
24160      INFO  main            d.u.i.k.p.i.AbstractProblemLoader Replaying proof ArrayList[ArrayList::ArrayList()].JML normal_behavior operation contract.0 
24333      DEBUG main            d.u.i.k.p.i.IntermediateProofReplayer Proof replay took 164.92ms 
24334      WARN  main            d.u.i.k.n.ParsingFacade   /home/runner/work/key/key/key.core/../key.ui/examples/heap/list_ghost/ArrayList_ArrayList.key.proof took 0 ms to parse. 
24334      WARN  main            d.u.i.k.n.ParsingFacade   Parsing time 459 ms. 
24335      DEBUG main            d.u.i.k.p.r.p.TestFile    ... success: reloaded. 
24336      INFO  main            d.u.i.k.p.r.p.TestFile    Now processing file /home/runner/work/key/key/key.core/../key.ui/examples/heap/list_ghost/ArrayList_enlarge.key 
24337      INFO  main            d.u.i.k.p.i.AbstractProblemLoader Loading environment from /home/runner/work/key/key/key.core/../key.ui/examples/heap/list_ghost/ArrayList_enlarge.key 
24337      DEBUG main            d.u.i.k.p.i.AbstractProblemLoader Environment load took 221.4ns 
24337      WARN  main            d.u.i.k.n.ParsingFacade   /home/runner/work/key/key/key.core/../key.ui/examples/heap/list_ghost/ArrayList_enlarge.key took 0 ms to parse. 
24337      WARN  main            d.u.i.k.n.ParsingFacade   Parsing time 459 ms. 
24338      INFO  main            d.u.i.k.p.i.AbstractProblemLoader Creating init config 
25234      WARN  main            d.u.i.k.n.ParsingFacade   file:/home/runner/work/key/key/key.core/build/resources/main/de/uka/ilkd/key/java/JavaRedux/java/lang/String.key took 1 ms to parse. 
25234      WARN  main            d.u.i.k.n.ParsingFacade   Parsing time 460 ms. 
26958      DEBUG main            d.u.i.k.p.i.AbstractProblemLoader Init config took 2.62s 
27025      INFO  main            d.u.i.k.p.i.AbstractProblemLoader Replaying proof ArrayList[ArrayList::enlarge()].JML normal_behavior operation contract.0 
27028      DEBUG main            d.u.i.k.p.i.IntermediateProofReplayer Proof replay took 6.2ns 
27028      WARN  main            d.u.i.k.n.ParsingFacade   /home/runner/work/key/key/key.core/../key.ui/examples/heap/list_ghost/ArrayList_enlarge.key took 0 ms to parse. 
27029      WARN  main            d.u.i.k.n.ParsingFacade   Parsing time 460 ms. 
29047      INFO  main            d.u.i.k.p.r.p.TestFile    ... finished proof: closed. 
29214      INFO  main            d.u.i.k.p.i.AbstractProblemLoader Loading environment from /home/runner/work/key/key/key.core/../key.ui/examples/heap/list_ghost/ArrayList_enlarge.key.proof 
29215      DEBUG main            d.u.i.k.p.i.AbstractProblemLoader Environment load took 753.01ns 
29215      WARN  main            d.u.i.k.n.ParsingFacade   /home/runner/work/key/key/key.core/../key.ui/examples/heap/list_ghost/ArrayList_enlarge.key.proof took 0 ms to parse. 
29216      WARN  main            d.u.i.k.n.ParsingFacade   Parsing time 460 ms. 
29222      INFO  main            d.u.i.k.p.i.AbstractProblemLoader Creating init config 
30110      WARN  main            d.u.i.k.n.ParsingFacade   file:/home/runner/work/key/key/key.core/build/resources/main/de/uka/ilkd/key/java/JavaRedux/java/lang/String.key took 1 ms to parse. 
30110      WARN  main            d.u.i.k.n.ParsingFacade   Parsing time 461 ms. 
31820      DEBUG main            d.u.i.k.p.i.AbstractProblemLoader Init config took 2.6s 
31864      INFO  main            d.u.i.k.p.i.AbstractProblemLoader Replaying proof ArrayList[ArrayList::enlarge()].JML normal_behavior operation contract.0 
32282      DEBUG main            d.u.i.k.p.i.IntermediateProofReplayer Proof replay took 407.63ms 
32283      WARN  main            d.u.i.k.n.ParsingFacade   /home/runner/work/key/key/key.core/../key.ui/examples/heap/list_ghost/ArrayList_enlarge.key.proof took 0 ms to parse. 
32284      WARN  main            d.u.i.k.n.ParsingFacade   Parsing time 461 ms. 
32285      DEBUG main            d.u.i.k.p.r.p.TestFile    ... success: reloaded. 
32286      INFO  main            d.u.i.k.p.r.p.TestFile    Now processing file /home/runner/work/key/key/key.core/../key.ui/examples/heap/list_ghost/ArrayList_get_dep.key 
32287      INFO  main            d.u.i.k.p.i.AbstractProblemLoader Loading environment from /home/runner/work/key/key/key.core/../key.ui/examples/heap/list_ghost/ArrayList_get_dep.key 
32287      DEBUG main            d.u.i.k.p.i.AbstractProblemLoader Environment load took 250ns 
32287      WARN  main            d.u.i.k.n.ParsingFacade   /home/runner/work/key/key/key.core/../key.ui/examples/heap/list_ghost/ArrayList_get_dep.key took 0 ms to parse. 
32287      WARN  main            d.u.i.k.n.ParsingFacade   Parsing time 461 ms. 
32288      INFO  main            d.u.i.k.p.i.AbstractProblemLoader Creating init config 
33197      WARN  main            d.u.i.k.n.ParsingFacade   file:/home/runner/work/key/key/key.core/build/resources/main/de/uka/ilkd/key/java/JavaRedux/java/lang/String.key took 1 ms to parse. 
33198      WARN  main            d.u.i.k.n.ParsingFacade   Parsing time 462 ms. 
34921      DEBUG main            d.u.i.k.p.i.AbstractProblemLoader Init config took 2.63s 
34968      INFO  main            d.u.i.k.p.i.AbstractProblemLoader Replaying proof ArrayList[List::get(int)].JML accessible clause.0 
34970      DEBUG main            d.u.i.k.p.i.IntermediateProofReplayer Proof replay took 5.9ns 
34970      WARN  main            d.u.i.k.n.ParsingFacade   /home/runner/work/key/key/key.core/../key.ui/examples/heap/list_ghost/ArrayList_get_dep.key took 0 ms to parse. 
34971      WARN  main            d.u.i.k.n.ParsingFacade   Parsing time 462 ms. 
35276      INFO  main            d.u.i.k.p.r.p.TestFile    ... finished proof: closed. 
35432      INFO  main            d.u.i.k.p.i.AbstractProblemLoader Loading environment from /home/runner/work/key/key/key.core/../key.ui/examples/heap/list_ghost/ArrayList_get_dep.key.proof 
35432      DEBUG main            d.u.i.k.p.i.AbstractProblemLoader Environment load took 121.4ns 
35433      WARN  main            d.u.i.k.n.ParsingFacade   /home/runner/work/key/key/key.core/../key.ui/examples/heap/list_ghost/ArrayList_get_dep.key.proof took 0 ms to parse. 
35433      WARN  main            d.u.i.k.n.ParsingFacade   Parsing time 462 ms. 
35434      INFO  main            d.u.i.k.p.i.AbstractProblemLoader Creating init config 
36311      WARN  main            d.u.i.k.n.ParsingFacade   file:/home/runner/work/key/key/key.core/build/resources/main/de/uka/ilkd/key/java/JavaRedux/java/lang/String.key took 1 ms to parse. 
36311      WARN  main            d.u.i.k.n.ParsingFacade   Parsing time 463 ms. 
37954      DEBUG main            d.u.i.k.p.i.AbstractProblemLoader Init config took 2.52s 
37998      INFO  main            d.u.i.k.p.i.AbstractProblemLoader Replaying proof ArrayList[List::get(int)].JML accessible clause.0 
38067      DEBUG main            d.u.i.k.p.i.IntermediateProofReplayer Proof replay took 65.7ms 
38068      WARN  main            d.u.i.k.n.ParsingFacade   /home/runner/work/key/key/key.core/../key.ui/examples/heap/list_ghost/ArrayList_get_dep.key.proof took 0 ms to parse. 
38068      WARN  main            d.u.i.k.n.ParsingFacade   Parsing time 463 ms. 
38069      DEBUG main            d.u.i.k.p.r.p.TestFile    ... success: reloaded. 
38070      INFO  main            d.u.i.k.p.r.p.TestFile    Now processing file /home/runner/work/key/key/key.core/../key.ui/examples/heap/list_ghost/ArrayList_get_exceptional.key 
38070      INFO  main            d.u.i.k.p.i.AbstractProblemLoader Loading environment from /home/runner/work/key/key/key.core/../key.ui/examples/heap/list_ghost/ArrayList_get_exceptional.key 
38070      DEBUG main            d.u.i.k.p.i.AbstractProblemLoader Environment load took 209.9ns 
38071      WARN  main            d.u.i.k.n.ParsingFacade   /home/runner/work/key/key/key.core/../key.ui/examples/heap/list_ghost/ArrayList_get_exceptional.key took 0 ms to parse. 
38071      WARN  main            d.u.i.k.n.ParsingFacade   Parsing time 463 ms. 
38072      INFO  main            d.u.i.k.p.i.AbstractProblemLoader Creating init config 
38953      WARN  main            d.u.i.k.n.ParsingFacade   file:/home/runner/work/key/key/key.core/build/resources/main/de/uka/ilkd/key/java/JavaRedux/java/lang/String.key took 1 ms to parse. 
38954      WARN  main            d.u.i.k.n.ParsingFacade   Parsing time 464 ms. 
40673      DEBUG main            d.u.i.k.p.i.AbstractProblemLoader Init config took 2.6s 
40716      INFO  main            d.u.i.k.p.i.AbstractProblemLoader Replaying proof ArrayList[List::get(int)].JML exceptional_behavior operation contract.0 
40718      DEBUG main            d.u.i.k.p.i.IntermediateProofReplayer Proof replay took 5.4ns 
40718      WARN  main            d.u.i.k.n.ParsingFacade   /home/runner/work/key/key/key.core/../key.ui/examples/heap/list_ghost/ArrayList_get_exceptional.key took 0 ms to parse. 
40718      WARN  main            d.u.i.k.n.ParsingFacade   Parsing time 464 ms. 
41421      INFO  main            d.u.i.k.p.r.p.TestFile    ... finished proof: closed. 
41614      INFO  main            d.u.i.k.p.i.AbstractProblemLoader Loading environment from /home/runner/work/key/key/key.core/../key.ui/examples/heap/list_ghost/ArrayList_get_exceptional.key.proof 
41615      DEBUG main            d.u.i.k.p.i.AbstractProblemLoader Environment load took 450.71ns 
41615      WARN  main            d.u.i.k.n.ParsingFacade   /home/runner/work/key/key/key.core/../key.ui/examples/heap/list_ghost/ArrayList_get_exceptional.key.proof took 0 ms to parse. 
41615      WARN  main            d.u.i.k.n.ParsingFacade   Parsing time 464 ms. 
41616      INFO  main            d.u.i.k.p.i.AbstractProblemLoader Creating init config 
42495      WARN  main            d.u.i.k.n.ParsingFacade   file:/home/runner/work/key/key/key.core/build/resources/main/de/uka/ilkd/key/java/JavaRedux/java/lang/String.key took 1 ms to parse. 
42501      WARN  main            d.u.i.k.n.ParsingFacade   Parsing time 465 ms. 
44180      DEBUG main            d.u.i.k.p.i.AbstractProblemLoader Init config took 2.56s 
44235      INFO  main            d.u.i.k.p.i.AbstractProblemLoader Replaying proof ArrayList[List::get(int)].JML exceptional_behavior operation contract.0 
44386      DEBUG main            d.u.i.k.p.i.IntermediateProofReplayer Proof replay took 145.18ms 
44387      WARN  main            d.u.i.k.n.ParsingFacade   /home/runner/work/key/key/key.core/../key.ui/examples/heap/list_ghost/ArrayList_get_exceptional.key.proof took 0 ms to parse. 
44387      WARN  main            d.u.i.k.n.ParsingFacade   Parsing time 465 ms. 
44388      DEBUG main            d.u.i.k.p.r.p.TestFile    ... success: reloaded. 
44389      INFO  main            d.u.i.k.p.r.p.TestFile    Now processing file /home/runner/work/key/key/key.core/../key.ui/examples/heap/list_ghost/ArrayList_get_normal.key 
44389      INFO  main            d.u.i.k.p.i.AbstractProblemLoader Loading environment from /home/runner/work/key/key/key.core/../key.ui/examples/heap/list_ghost/ArrayList_get_normal.key 
44390      DEBUG main            d.u.i.k.p.i.AbstractProblemLoader Environment load took 248.4ns 
44390      WARN  main            d.u.i.k.n.ParsingFacade   /home/runner/work/key/key/key.core/../key.ui/examples/heap/list_ghost/ArrayList_get_normal.key took 0 ms to parse. 
44390      WARN  main            d.u.i.k.n.ParsingFacade   Parsing time 465 ms. 
44391      INFO  main            d.u.i.k.p.i.AbstractProblemLoader Creating init config 
45306      WARN  main            d.u.i.k.n.ParsingFacade   file:/home/runner/work/key/key/key.core/build/resources/main/de/uka/ilkd/key/java/JavaRedux/java/lang/String.key took 1 ms to parse. 
45306      WARN  main            d.u.i.k.n.ParsingFacade   Parsing time 466 ms. 
47042      DEBUG main            d.u.i.k.p.i.AbstractProblemLoader Init config took 2.65s 
47084      INFO  main            d.u.i.k.p.i.AbstractProblemLoader Replaying proof ArrayList[List::get(int)].JML normal_behavior operation contract.0 
47087      DEBUG main            d.u.i.k.p.i.IntermediateProofReplayer Proof replay took 5.8ns 
47089      WARN  main            d.u.i.k.n.ParsingFacade   /home/runner/work/key/key/key.core/../key.ui/examples/heap/list_ghost/ArrayList_get_normal.key took 0 ms to parse. 
47090      WARN  main            d.u.i.k.n.ParsingFacade   Parsing time 466 ms. 
47292      INFO  main            d.u.i.k.p.r.p.TestFile    ... finished proof: closed. 
47488      INFO  main            d.u.i.k.p.i.AbstractProblemLoader Loading environment from /home/runner/work/key/key/key.core/../key.ui/examples/heap/list_ghost/ArrayList_get_normal.key.proof 
47488      DEBUG main            d.u.i.k.p.i.AbstractProblemLoader Environment load took 110ns 
47488      WARN  main            d.u.i.k.n.ParsingFacade   /home/runner/work/key/key/key.core/../key.ui/examples/heap/list_ghost/ArrayList_get_normal.key.proof took 0 ms to parse. 
47488      WARN  main            d.u.i.k.n.ParsingFacade   Parsing time 466 ms. 
47489      INFO  main            d.u.i.k.p.i.AbstractProblemLoader Creating init config 
48339      WARN  main            d.u.i.k.n.ParsingFacade   file:/home/runner/work/key/key/key.core/build/resources/main/de/uka/ilkd/key/java/JavaRedux/java/lang/String.key took 3 ms to parse. 
48339      WARN  main            d.u.i.k.n.ParsingFacade   Parsing time 469 ms. 
50026      DEBUG main            d.u.i.k.p.i.AbstractProblemLoader Init config took 2.54s 
50066      INFO  main            d.u.i.k.p.i.AbstractProblemLoader Replaying proof ArrayList[List::get(int)].JML normal_behavior operation contract.0 
50116      DEBUG main            d.u.i.k.p.i.IntermediateProofReplayer Proof replay took 46.76ms 
50117      WARN  main            d.u.i.k.n.ParsingFacade   /home/runner/work/key/key/key.core/../key.ui/examples/heap/list_ghost/ArrayList_get_normal.key.proof took 0 ms to parse. 
50117      WARN  main            d.u.i.k.n.ParsingFacade   Parsing time 469 ms. 
50118      DEBUG main            d.u.i.k.p.r.p.TestFile    ... success: reloaded. 
50119      INFO  main            d.u.i.k.p.r.p.TestFile    Now processing file /home/runner/work/key/key/key.core/../key.ui/examples/heap/list_ghost/ArrayList_inv.key 
50120      INFO  main            d.u.i.k.p.i.AbstractProblemLoader Loading environment from /home/runner/work/key/key/key.core/../key.ui/examples/heap/list_ghost/ArrayList_inv.key 
50120      DEBUG main            d.u.i.k.p.i.AbstractProblemLoader Environment load took 195.9ns 
50120      WARN  main            d.u.i.k.n.ParsingFacade   /home/runner/work/key/key/key.core/../key.ui/examples/heap/list_ghost/ArrayList_inv.key took 0 ms to parse. 
50120      WARN  main            d.u.i.k.n.ParsingFacade   Parsing time 469 ms. 
50121      INFO  main            d.u.i.k.p.i.AbstractProblemLoader Creating init config 
50997      WARN  main            d.u.i.k.n.ParsingFacade   file:/home/runner/work/key/key/key.core/build/resources/main/de/uka/ilkd/key/java/JavaRedux/java/lang/String.key took 1 ms to parse. 
50997      WARN  main            d.u.i.k.n.ParsingFacade   Parsing time 470 ms. 
52673      DEBUG main            d.u.i.k.p.i.AbstractProblemLoader Init config took 2.55s 
52711      INFO  main            d.u.i.k.p.i.AbstractProblemLoader Replaying proof ArrayList[java.lang.Object::<inv>()].JML accessible clause.0 
52713      DEBUG main            d.u.i.k.p.i.IntermediateProofReplayer Proof replay took 6.5ns 
52713      WARN  main            d.u.i.k.n.ParsingFacade   /home/runner/work/key/key/key.core/../key.ui/examples/heap/list_ghost/ArrayList_inv.key took 0 ms to parse. 
52713      WARN  main            d.u.i.k.n.ParsingFacade   Parsing time 470 ms. 
52817      INFO  main            d.u.i.k.p.r.p.TestFile    ... finished proof: closed. 
52993      INFO  main            d.u.i.k.p.i.AbstractProblemLoader Loading environment from /home/runner/work/key/key/key.core/../key.ui/examples/heap/list_ghost/ArrayList_inv.key.proof 
52993      DEBUG main            d.u.i.k.p.i.AbstractProblemLoader Environment load took 114.5ns 
52994      WARN  main            d.u.i.k.n.ParsingFacade   /home/runner/work/key/key/key.core/../key.ui/examples/heap/list_ghost/ArrayList_inv.key.proof took 0 ms to parse. 
52994      WARN  main            d.u.i.k.n.ParsingFacade   Parsing time 470 ms. 
52995      INFO  main            d.u.i.k.p.i.AbstractProblemLoader Creating init config 
53831      WARN  main            d.u.i.k.n.ParsingFacade   file:/home/runner/work/key/key/key.core/build/resources/main/de/uka/ilkd/key/java/JavaRedux/java/lang/String.key took 2 ms to parse. 
53831      WARN  main            d.u.i.k.n.ParsingFacade   Parsing time 472 ms. 
55494      DEBUG main            d.u.i.k.p.i.AbstractProblemLoader Init config took 2.5s 
55532      INFO  main            d.u.i.k.p.i.AbstractProblemLoader Replaying proof ArrayList[java.lang.Object::<inv>()].JML accessible clause.0 
55543      DEBUG main            d.u.i.k.p.i.IntermediateProofReplayer Proof replay took 9.66ms 
55544      WARN  main            d.u.i.k.n.ParsingFacade   /home/runner/work/key/key/key.core/../key.ui/examples/heap/list_ghost/ArrayList_inv.key.proof took 1 ms to parse. 
55544      WARN  main            d.u.i.k.n.ParsingFacade   Parsing time 473 ms. 
55544      DEBUG main            d.u.i.k.p.r.p.TestFile    ... success: reloaded. 
55545      INFO  main            d.u.i.k.p.r.p.TestFile    Now processing file /home/runner/work/key/key/key.core/../key.ui/examples/heap/list_ghost/ArrayList_size_dep.key 
55545      INFO  main            d.u.i.k.p.i.AbstractProblemLoader Loading environment from /home/runner/work/key/key/key.core/../key.ui/examples/heap/list_ghost/ArrayList_size_dep.key 
55545      DEBUG main            d.u.i.k.p.i.AbstractProblemLoader Environment load took 73.8ns 
55545      WARN  main            d.u.i.k.n.ParsingFacade   /home/runner/work/key/key/key.core/../key.ui/examples/heap/list_ghost/ArrayList_size_dep.key took 0 ms to parse. 
55546      WARN  main            d.u.i.k.n.ParsingFacade   Parsing time 473 ms. 
55546      INFO  main            d.u.i.k.p.i.AbstractProblemLoader Creating init config 
56408      WARN  main            d.u.i.k.n.ParsingFacade   file:/home/runner/work/key/key/key.core/build/resources/main/de/uka/ilkd/key/java/JavaRedux/java/lang/String.key took 1 ms to parse. 
56409      WARN  main            d.u.i.k.n.ParsingFacade   Parsing time 474 ms. 
58094      DEBUG main            d.u.i.k.p.i.AbstractProblemLoader Init config took 2.55s 
58131      INFO  main            d.u.i.k.p.i.AbstractProblemLoader Replaying proof ArrayList[List::size()].JML accessible clause.0 
58133      DEBUG main            d.u.i.k.p.i.IntermediateProofReplayer Proof replay took 5.7ns 
58133      WARN  main            d.u.i.k.n.ParsingFacade   /home/runner/work/key/key/key.core/../key.ui/examples/heap/list_ghost/ArrayList_size_dep.key took 0 ms to parse. 
58134      WARN  main            d.u.i.k.n.ParsingFacade   Parsing time 474 ms. 
58235      INFO  main            d.u.i.k.p.r.p.TestFile    ... finished proof: closed. 
58409      INFO  main            d.u.i.k.p.i.AbstractProblemLoader Loading environment from /home/runner/work/key/key/key.core/../key.ui/examples/heap/list_ghost/ArrayList_size_dep.key.proof 
58409      DEBUG main            d.u.i.k.p.i.AbstractProblemLoader Environment load took 107.3ns 
58409      WARN  main            d.u.i.k.n.ParsingFacade   /home/runner/work/key/key/key.core/../key.ui/examples/heap/list_ghost/ArrayList_size_dep.key.proof took 0 ms to parse. 
58409      WARN  main            d.u.i.k.n.ParsingFacade   Parsing time 474 ms. 
58411      INFO  main            d.u.i.k.p.i.AbstractProblemLoader Creating init config 
59243      WARN  main            d.u.i.k.n.ParsingFacade   file:/home/runner/work/key/key/key.core/build/resources/main/de/uka/ilkd/key/java/JavaRedux/java/lang/String.key took 1 ms to parse. 
59244      WARN  main            d.u.i.k.n.ParsingFacade   Parsing time 475 ms. 
60910      DEBUG main            d.u.i.k.p.i.AbstractProblemLoader Init config took 2.5s 
60947      INFO  main            d.u.i.k.p.i.AbstractProblemLoader Replaying proof ArrayList[List::size()].JML accessible clause.0 
60961      DEBUG main            d.u.i.k.p.i.IntermediateProofReplayer Proof replay took 12.13ms 
60962      WARN  main            d.u.i.k.n.ParsingFacade   /home/runner/work/key/key/key.core/../key.ui/examples/heap/list_ghost/ArrayList_size_dep.key.proof took 0 ms to parse. 
60962      WARN  main            d.u.i.k.n.ParsingFacade   Parsing time 475 ms. 
60963      DEBUG main            d.u.i.k.p.r.p.TestFile    ... success: reloaded. 
60964      INFO  main            d.u.i.k.p.r.p.TestFile    Now processing file /home/runner/work/key/key/key.core/../key.ui/examples/heap/list_ghost/ArrayList_size.key 
60964      INFO  main            d.u.i.k.p.i.AbstractProblemLoader Loading environment from /home/runner/work/key/key/key.core/../key.ui/examples/heap/list_ghost/ArrayList_size.key 
60964      DEBUG main            d.u.i.k.p.i.AbstractProblemLoader Environment load took 192.3ns 
60964      WARN  main            d.u.i.k.n.ParsingFacade   /home/runner/work/key/key/key.core/../key.ui/examples/heap/list_ghost/ArrayList_size.key took 0 ms to parse. 
60965      WARN  main            d.u.i.k.n.ParsingFacade   Parsing time 475 ms. 
60965      INFO  main            d.u.i.k.p.i.AbstractProblemLoader Creating init config 
61815      WARN  main            d.u.i.k.n.ParsingFacade   file:/home/runner/work/key/key/key.core/build/resources/main/de/uka/ilkd/key/java/JavaRedux/java/lang/String.key took 1 ms to parse. 
61816      WARN  main            d.u.i.k.n.ParsingFacade   Parsing time 476 ms. 
63497      DEBUG main            d.u.i.k.p.i.AbstractProblemLoader Init config took 2.53s 
63533      INFO  main            d.u.i.k.p.i.AbstractProblemLoader Replaying proof ArrayList[List::size()].JML normal_behavior operation contract.0 
63535      DEBUG main            d.u.i.k.p.i.IntermediateProofReplayer Proof replay took 5.8ns 
63535      WARN  main            d.u.i.k.n.ParsingFacade   /home/runner/work/key/key/key.core/../key.ui/examples/heap/list_ghost/ArrayList_size.key took 0 ms to parse. 
63535      WARN  main            d.u.i.k.n.ParsingFacade   Parsing time 476 ms. 
63639      INFO  main            d.u.i.k.p.r.p.TestFile    ... finished proof: closed. 
63806      INFO  main            d.u.i.k.p.i.AbstractProblemLoader Loading environment from /home/runner/work/key/key/key.core/../key.ui/examples/heap/list_ghost/ArrayList_size.key.proof 
63806      DEBUG main            d.u.i.k.p.i.AbstractProblemLoader Environment load took 93.4ns 
63806      WARN  main            d.u.i.k.n.ParsingFacade   /home/runner/work/key/key/key.core/../key.ui/examples/heap/list_ghost/ArrayList_size.key.proof took 0 ms to parse. 
63806      WARN  main            d.u.i.k.n.ParsingFacade   Parsing time 476 ms. 
63807      INFO  main            d.u.i.k.p.i.AbstractProblemLoader Creating init config 
64637      WARN  main            d.u.i.k.n.ParsingFacade   file:/home/runner/work/key/key/key.core/build/resources/main/de/uka/ilkd/key/java/JavaRedux/java/lang/String.key took 2 ms to parse. 
64637      WARN  main            d.u.i.k.n.ParsingFacade   Parsing time 478 ms. 
66304      DEBUG main            d.u.i.k.p.i.AbstractProblemLoader Init config took 2.5s 
66341      INFO  main            d.u.i.k.p.i.AbstractProblemLoader Replaying proof ArrayList[List::size()].JML normal_behavior operation contract.0 
66355      DEBUG main            d.u.i.k.p.i.IntermediateProofReplayer Proof replay took 12.49ms 
66356      WARN  main            d.u.i.k.n.ParsingFacade   /home/runner/work/key/key/key.core/../key.ui/examples/heap/list_ghost/ArrayList_size.key.proof took 0 ms to parse. 
66356      WARN  main            d.u.i.k.n.ParsingFacade   Parsing time 478 ms. 
66357      DEBUG main            d.u.i.k.p.r.p.TestFile    ... success: reloaded. 
1196116    INFO  Test worker     d.u.i.k.p.r.RunAllProofsTestUnit Returning from test list_ghost 
1196118    INFO  Test worker     d.u.i.k.p.r.RunAllProofsTestUnit Running test list_recursive 
345        INFO  Timeout watchdog d.u.i.k.p.r.p.ForkedTestFileRunner Timeout watcher launched (2000 secs.) 
368        WARN  main            d.u.i.k.s.ProofSettings   The settings in /home/runner/.key/proof-settings.props are *not* read. 
412        INFO  main            d.u.i.k.p.r.p.TestFile    Now processing file /home/runner/work/key/key/key.core/../key.ui/examples/heap/list_recursiveSpec/ListOperationsNonNull_getNextNN_normal_behavior.key 
523        INFO  main            d.u.i.k.p.i.AbstractProblemLoader Loading environment from /home/runner/work/key/key/key.core/../key.ui/examples/heap/list_recursiveSpec/ListOperationsNonNull_getNextNN_normal_behavior.key 
539        DEBUG main            d.u.i.k.p.i.AbstractProblemLoader Environment load took 2.14ms 
623        WARN  main            d.u.i.k.n.ParsingFacade   /home/runner/work/key/key/key.core/../key.ui/examples/heap/list_recursiveSpec/ListOperationsNonNull_getNextNN_normal_behavior.key took 10 ms to parse. 
624        WARN  main            d.u.i.k.n.ParsingFacade   Parsing time 10 ms. 
751        INFO  main            d.u.i.k.p.i.AbstractProblemLoader Creating init config 
761        WARN  main            d.u.i.k.n.ParsingFacade   file:/home/runner/work/key/key/key.core/build/resources/main/de/uka/ilkd/key/proof/rules/standardRules.key took 5 ms to parse. 
762        WARN  main            d.u.i.k.n.ParsingFacade   Parsing time 15 ms. 
773        WARN  main            d.u.i.k.n.ParsingFacade   file:/home/runner/work/key/key/key.core/build/resources/main/de/uka/ilkd/key/proof/rules/ldt.key took 1 ms to parse. 
773        WARN  main            d.u.i.k.n.ParsingFacade   Parsing time 16 ms. 
779        WARN  main            d.u.i.k.n.ParsingFacade   file:/home/runner/work/key/key/key.core/build/resources/main/de/uka/ilkd/key/proof/rules/boolean.key took 2 ms to parse. 
779        WARN  main            d.u.i.k.n.ParsingFacade   Parsing time 18 ms. 
824        WARN  main            d.u.i.k.n.ParsingFacade   file:/home/runner/work/key/key/key.core/build/resources/main/de/uka/ilkd/key/proof/rules/ruleSetsDeclarations.key took 37 ms to parse. 
825        WARN  main            d.u.i.k.n.ParsingFacade   Parsing time 55 ms. 
865        WARN  main            d.u.i.k.n.ParsingFacade   file:/home/runner/work/key/key/key.core/build/resources/main/de/uka/ilkd/key/proof/rules/integerHeader.key took 13 ms to parse. 
865        WARN  main            d.u.i.k.n.ParsingFacade   Parsing time 68 ms. 
871        WARN  main            d.u.i.k.n.ParsingFacade   file:/home/runner/work/key/key/key.core/build/resources/main/de/uka/ilkd/key/proof/rules/floatHeader.key took 5 ms to parse. 
871        WARN  main            d.u.i.k.n.ParsingFacade   Parsing time 73 ms. 
873        WARN  main            d.u.i.k.n.ParsingFacade   file:/home/runner/work/key/key/key.core/build/resources/main/de/uka/ilkd/key/proof/rules/heap.key took 1 ms to parse. 
873        WARN  main            d.u.i.k.n.ParsingFacade   Parsing time 74 ms. 
879        WARN  main            d.u.i.k.n.ParsingFacade   file:/home/runner/work/key/key/key.core/build/resources/main/de/uka/ilkd/key/proof/rules/locSets.key took 2 ms to parse. 
879        WARN  main            d.u.i.k.n.ParsingFacade   Parsing time 76 ms. 
880        WARN  main            d.u.i.k.n.ParsingFacade   file:/home/runner/work/key/key/key.core/build/resources/main/de/uka/ilkd/key/proof/rules/permission.key took 0 ms to parse. 
880        WARN  main            d.u.i.k.n.ParsingFacade   Parsing time 76 ms. 
882        WARN  main            d.u.i.k.n.ParsingFacade   file:/home/runner/work/key/key/key.core/build/resources/main/de/uka/ilkd/key/proof/rules/reach.key took 0 ms to parse. 
882        WARN  main            d.u.i.k.n.ParsingFacade   Parsing time 76 ms. 
883        WARN  main            d.u.i.k.n.ParsingFacade   file:/home/runner/work/key/key/key.core/build/resources/main/de/uka/ilkd/key/proof/rules/seq.key took 1 ms to parse. 
883        WARN  main            d.u.i.k.n.ParsingFacade   Parsing time 77 ms. 
913        WARN  main            d.u.i.k.n.ParsingFacade   file:/home/runner/work/key/key/key.core/build/resources/main/de/uka/ilkd/key/proof/rules/map.key took 29 ms to parse. 
913        WARN  main            d.u.i.k.n.ParsingFacade   Parsing time 106 ms. 
914        WARN  main            d.u.i.k.n.ParsingFacade   file:/home/runner/work/key/key/key.core/build/resources/main/de/uka/ilkd/key/proof/rules/freeADT.key took 0 ms to parse. 
914        WARN  main            d.u.i.k.n.ParsingFacade   Parsing time 106 ms. 
916        WARN  main            d.u.i.k.n.ParsingFacade   file:/home/runner/work/key/key/key.core/build/resources/main/de/uka/ilkd/key/proof/rules/wellfound.key took 1 ms to parse. 
918        WARN  main            d.u.i.k.n.ParsingFacade   Parsing time 107 ms. 
919        WARN  main            d.u.i.k.n.ParsingFacade   file:/home/runner/work/key/key/key.core/build/resources/main/de/uka/ilkd/key/proof/rules/charListHeader.key took 0 ms to parse. 
919        WARN  main            d.u.i.k.n.ParsingFacade   Parsing time 107 ms. 
1088       WARN  main            d.u.i.k.n.ParsingFacade   file:/home/runner/work/key/key/key.core/build/resources/main/de/uka/ilkd/key/proof/rules/propRule.key took 11 ms to parse. 
1099       WARN  main            d.u.i.k.n.ParsingFacade   Parsing time 118 ms. 
1136       WARN  main            d.u.i.k.n.ParsingFacade   file:/home/runner/work/key/key/key.core/build/resources/main/de/uka/ilkd/key/proof/rules/firstOrderRules.key took 2 ms to parse. 
1139       WARN  main            d.u.i.k.n.ParsingFacade   Parsing time 120 ms. 
1170       WARN  main            d.u.i.k.n.ParsingFacade   file:/home/runner/work/key/key/key.core/build/resources/main/de/uka/ilkd/key/proof/rules/ifThenElseRules.key took 4 ms to parse. 
1179       WARN  main            d.u.i.k.n.ParsingFacade   Parsing time 124 ms. 
1233       WARN  main            d.u.i.k.n.ParsingFacade   file:/home/runner/work/key/key/key.core/build/resources/main/de/uka/ilkd/key/proof/rules/formulaNormalisationRules.key took 18 ms to parse. 
1234       WARN  main            d.u.i.k.n.ParsingFacade   Parsing time 142 ms. 
1328       WARN  main            d.u.i.k.n.ParsingFacade   file:/home/runner/work/key/key/key.core/build/resources/main/de/uka/ilkd/key/proof/rules/updateRules.key took 6 ms to parse. 
1328       WARN  main            d.u.i.k.n.ParsingFacade   Parsing time 148 ms. 
1350       WARN  main            d.u.i.k.n.ParsingFacade   file:/home/runner/work/key/key/key.core/build/resources/main/de/uka/ilkd/key/proof/rules/integerRulesCommon.key took 6 ms to parse. 
1350       WARN  main            d.u.i.k.n.ParsingFacade   Parsing time 154 ms. 
1460       WARN  main            d.u.i.k.n.ParsingFacade   file:/home/runner/work/key/key/key.core/build/resources/main/de/uka/ilkd/key/proof/rules/intRules.key took 6 ms to parse. 
1462       WARN  main            d.u.i.k.n.ParsingFacade   Parsing time 160 ms. 
1474       WARN  main            d.u.i.k.n.ParsingFacade   file:/home/runner/work/key/key/key.core/build/resources/main/de/uka/ilkd/key/proof/rules/intRulesUncheckedSemantics.key took 2 ms to parse. 
1474       WARN  main            d.u.i.k.n.ParsingFacade   Parsing time 162 ms. 
1482       WARN  main            d.u.i.k.n.ParsingFacade   file:/home/runner/work/key/key/key.core/build/resources/main/de/uka/ilkd/key/proof/rules/intRulesCheckedSemantics.key took 1 ms to parse. 
1482       WARN  main            d.u.i.k.n.ParsingFacade   Parsing time 163 ms. 
1489       WARN  main            d.u.i.k.n.ParsingFacade   file:/home/runner/work/key/key/key.core/build/resources/main/de/uka/ilkd/key/proof/rules/intRulesJavaSemantics.key took 2 ms to parse. 
1489       WARN  main            d.u.i.k.n.ParsingFacade   Parsing time 165 ms. 
1537       WARN  main            d.u.i.k.n.ParsingFacade   file:/home/runner/work/key/key/key.core/build/resources/main/de/uka/ilkd/key/proof/rules/integerSimplificationRules.key took 37 ms to parse. 
1537       WARN  main            d.u.i.k.n.ParsingFacade   Parsing time 202 ms. 
1618       DEBUG main            d.u.i.k.j.TypeConverter   No LDT found for Meta 
1619       DEBUG main            d.u.i.k.j.TypeConverter   No LDT found for Meta 
1620       DEBUG main            d.u.i.k.j.TypeConverter   No LDT found for Meta 
1622       DEBUG main            d.u.i.k.j.TypeConverter   No LDT found for Meta 
1694       WARN  main            d.u.i.k.n.ParsingFacade   file:/home/runner/work/key/key/key.core/build/resources/main/de/uka/ilkd/key/proof/rules/intDiv.key took 7 ms to parse. 
1694       WARN  main            d.u.i.k.n.ParsingFacade   Parsing time 209 ms. 
1750       WARN  main            d.u.i.k.n.ParsingFacade   file:/home/runner/work/key/key/key.core/build/resources/main/de/uka/ilkd/key/proof/rules/bsum.key took 33 ms to parse. 
1750       WARN  main            d.u.i.k.n.ParsingFacade   Parsing time 242 ms. 
1795       WARN  main            d.u.i.k.n.ParsingFacade   file:/home/runner/work/key/key/key.core/build/resources/main/de/uka/ilkd/key/proof/rules/bprod.key took 4 ms to parse. 
1795       WARN  main            d.u.i.k.n.ParsingFacade   Parsing time 246 ms. 
1809       WARN  main            d.u.i.k.n.ParsingFacade   file:/home/runner/work/key/key/key.core/build/resources/main/de/uka/ilkd/key/proof/rules/binaryAxioms.key took 1 ms to parse. 
1809       WARN  main            d.u.i.k.n.ParsingFacade   Parsing time 247 ms. 
1816       WARN  main            d.u.i.k.n.ParsingFacade   file:/home/runner/work/key/key/key.core/build/resources/main/de/uka/ilkd/key/proof/rules/binaryLemmas.key took 2 ms to parse. 
1816       WARN  main            d.u.i.k.n.ParsingFacade   Parsing time 249 ms. 
1828       WARN  main            d.u.i.k.n.ParsingFacade   file:/home/runner/work/key/key/key.core/build/resources/main/de/uka/ilkd/key/proof/rules/intPow.key took 3 ms to parse. 
1828       WARN  main            d.u.i.k.n.ParsingFacade   Parsing time 252 ms. 
1842       WARN  main            d.u.i.k.n.ParsingFacade   file:/home/runner/work/key/key/key.core/build/resources/main/de/uka/ilkd/key/proof/rules/floatRulesCommon.key took 4 ms to parse. 
1843       WARN  main            d.u.i.k.n.ParsingFacade   Parsing time 256 ms. 
1856       WARN  main            d.u.i.k.n.ParsingFacade   file:/home/runner/work/key/key/key.core/build/resources/main/de/uka/ilkd/key/proof/rules/floatRules.key took 0 ms to parse. 
1857       WARN  main            d.u.i.k.n.ParsingFacade   Parsing time 256 ms. 
1858       WARN  main            d.u.i.k.n.ParsingFacade   file:/home/runner/work/key/key/key.core/build/resources/main/de/uka/ilkd/key/proof/rules/floatRulesVerifyNormal.key took 1 ms to parse. 
1858       WARN  main            d.u.i.k.n.ParsingFacade   Parsing time 257 ms. 
1861       WARN  main            d.u.i.k.n.ParsingFacade   file:/home/runner/work/key/key/key.core/build/resources/main/de/uka/ilkd/key/proof/rules/floatRulesAssumeStrictfp.key took 3 ms to parse. 
1861       WARN  main            d.u.i.k.n.ParsingFacade   Parsing time 260 ms. 
1895       WARN  main            d.u.i.k.n.ParsingFacade   file:/home/runner/work/key/key/key.core/build/resources/main/de/uka/ilkd/key/proof/rules/genericRules.key took 3 ms to parse. 
1895       WARN  main            d.u.i.k.n.ParsingFacade   Parsing time 263 ms. 
1906       WARN  main            d.u.i.k.n.ParsingFacade   file:/home/runner/work/key/key/key.core/build/resources/main/de/uka/ilkd/key/proof/rules/booleanRules.key took 0 ms to parse. 
1906       WARN  main            d.u.i.k.n.ParsingFacade   Parsing time 263 ms. 
1910       WARN  main            d.u.i.k.n.ParsingFacade   file:/home/runner/work/key/key/key.core/build/resources/main/de/uka/ilkd/key/proof/rules/epsilon.key took 1 ms to parse. 
1910       WARN  main            d.u.i.k.n.ParsingFacade   Parsing time 264 ms. 
1919       WARN  main            d.u.i.k.n.ParsingFacade   file:/home/runner/work/key/key/key.core/build/resources/main/de/uka/ilkd/key/proof/rules/locSetsRules.key took 6 ms to parse. 
1919       WARN  main            d.u.i.k.n.ParsingFacade   Parsing time 270 ms. 
1981       WARN  main            d.u.i.k.n.ParsingFacade   file:/home/runner/work/key/key/key.core/build/resources/main/de/uka/ilkd/key/proof/rules/heapRules.key took 7 ms to parse. 
1982       WARN  main            d.u.i.k.n.ParsingFacade   Parsing time 277 ms. 
2010       WARN  main            d.u.i.k.n.ParsingFacade   file:/home/runner/work/key/key/key.core/build/resources/main/de/uka/ilkd/key/proof/rules/permissionRules.key took 3 ms to parse. 
2010       WARN  main            d.u.i.k.n.ParsingFacade   Parsing time 280 ms. 
2022       WARN  main            d.u.i.k.n.ParsingFacade   file:/home/runner/work/key/key/key.core/build/resources/main/de/uka/ilkd/key/proof/rules/reachRules.key took 3 ms to parse. 
2022       WARN  main            d.u.i.k.n.ParsingFacade   Parsing time 283 ms. 
2033       WARN  main            d.u.i.k.n.ParsingFacade   file:/home/runner/work/key/key/key.core/build/resources/main/de/uka/ilkd/key/proof/rules/seqCoreRules.key took 1 ms to parse. 
2033       WARN  main            d.u.i.k.n.ParsingFacade   Parsing time 284 ms. 
2039       WARN  main            d.u.i.k.n.ParsingFacade   file:/home/runner/work/key/key/key.core/build/resources/main/de/uka/ilkd/key/proof/rules/seqRules.key took 4 ms to parse. 
2040       WARN  main            d.u.i.k.n.ParsingFacade   Parsing time 288 ms. 
2087       WARN  main            d.u.i.k.n.ParsingFacade   file:/home/runner/work/key/key/key.core/build/resources/main/de/uka/ilkd/key/proof/rules/seqPerm.key took 4 ms to parse. 
2087       WARN  main            d.u.i.k.n.ParsingFacade   Parsing time 292 ms. 
2102       WARN  main            d.u.i.k.n.ParsingFacade   file:/home/runner/work/key/key/key.core/build/resources/main/de/uka/ilkd/key/proof/rules/seqPerm2.key took 1 ms to parse. 
2102       WARN  main            d.u.i.k.n.ParsingFacade   Parsing time 293 ms. 
2152       WARN  main            d.u.i.k.n.ParsingFacade   file:/home/runner/work/key/key/key.core/build/resources/main/de/uka/ilkd/key/proof/rules/javaRules.key took 45 ms to parse. 
2152       WARN  main            d.u.i.k.n.ParsingFacade   Parsing time 338 ms. 
2161       WARN  main            d.u.i.k.n.ParsingFacade   file:/home/runner/work/key/key/key.core/build/resources/main/de/uka/ilkd/key/proof/rules/assertions.key took 1 ms to parse. 
2161       WARN  main            d.u.i.k.n.ParsingFacade   Parsing time 339 ms. 
2690       WARN  main            d.u.i.k.n.ParsingFacade   file:/home/runner/work/key/key/key.core/build/resources/main/de/uka/ilkd/key/proof/rules/loopRules.key took 2 ms to parse. 
2690       WARN  main            d.u.i.k.n.ParsingFacade   Parsing time 341 ms. 
2697       WARN  main            d.u.i.k.n.ParsingFacade   file:/home/runner/work/key/key/key.core/build/resources/main/de/uka/ilkd/key/proof/rules/activeUse.key took 1 ms to parse. 
2697       WARN  main            d.u.i.k.n.ParsingFacade   Parsing time 342 ms. 
2730       WARN  main            d.u.i.k.n.ParsingFacade   file:/home/runner/work/key/key/key.core/build/resources/main/de/uka/ilkd/key/proof/rules/instanceAllocation.key took 5 ms to parse. 
2730       WARN  main            d.u.i.k.n.ParsingFacade   Parsing time 347 ms. 
2740       WARN  main            d.u.i.k.n.ParsingFacade   file:/home/runner/work/key/key/key.core/build/resources/main/de/uka/ilkd/key/proof/rules/java5.key took 0 ms to parse. 
2740       WARN  main            d.u.i.k.n.ParsingFacade   Parsing time 347 ms. 
2745       WARN  main            d.u.i.k.n.ParsingFacade   file:/home/runner/work/key/key/key.core/build/resources/main/de/uka/ilkd/key/proof/rules/integerAssignment2UpdateRules.key took 3 ms to parse. 
2745       WARN  main            d.u.i.k.n.ParsingFacade   Parsing time 350 ms. 
2809       WARN  main            d.u.i.k.n.ParsingFacade   file:/home/runner/work/key/key/key.core/build/resources/main/de/uka/ilkd/key/proof/rules/floatAssignment2UpdateRules.key took 4 ms to parse. 
2809       WARN  main            d.u.i.k.n.ParsingFacade   Parsing time 354 ms. 
2826       WARN  main            d.u.i.k.n.ParsingFacade   file:/home/runner/work/key/key/key.core/build/resources/main/de/uka/ilkd/key/proof/rules/bigint.key took 1 ms to parse. 
2826       WARN  main            d.u.i.k.n.ParsingFacade   Parsing time 355 ms. 
2834       DEBUG main            d.u.i.k.j.TypeConverter   No LDT found for JavaBigintExpression 
2838       WARN  main            d.u.i.k.n.ParsingFacade   file:/home/runner/work/key/key/key.core/build/resources/main/de/uka/ilkd/key/proof/rules/adtProgramDecompositionRules.key took 1 ms to parse. 
2838       WARN  main            d.u.i.k.n.ParsingFacade   Parsing time 356 ms. 
2865       WARN  main            d.u.i.k.n.ParsingFacade   file:/home/runner/work/key/key/key.core/build/resources/main/de/uka/ilkd/key/proof/rules/precRules.key took 1 ms to parse. 
2875       WARN  main            d.u.i.k.n.ParsingFacade   Parsing time 357 ms. 
2879       WARN  main            d.u.i.k.n.ParsingFacade   file:/home/runner/work/key/key/key.core/build/resources/main/de/uka/ilkd/key/proof/rules/charListRules.key took 2 ms to parse. 
2880       WARN  main            d.u.i.k.n.ParsingFacade   Parsing time 359 ms. 
2896       WARN  main            d.u.i.k.n.ParsingFacade   file:/home/runner/work/key/key/key.core/build/resources/main/de/uka/ilkd/key/proof/rules/regExTheory.key took 0 ms to parse. 
2896       WARN  main            d.u.i.k.n.ParsingFacade   Parsing time 359 ms. 
2897       WARN  main            d.u.i.k.n.ParsingFacade   file:/home/runner/work/key/key/key.core/build/resources/main/de/uka/ilkd/key/proof/rules/regExHeader.key took 0 ms to parse. 
2897       WARN  main            d.u.i.k.n.ParsingFacade   Parsing time 359 ms. 
2907       WARN  main            d.u.i.k.n.ParsingFacade   file:/home/runner/work/key/key/key.core/build/resources/main/de/uka/ilkd/key/proof/rules/regExAxioms.key took 9 ms to parse. 
2907       WARN  main            d.u.i.k.n.ParsingFacade   Parsing time 368 ms. 
2910       WARN  main            d.u.i.k.n.ParsingFacade   file:/home/runner/work/key/key/key.core/build/resources/main/de/uka/ilkd/key/proof/rules/regExLemmaProven.key took 0 ms to parse. 
2910       WARN  main            d.u.i.k.n.ParsingFacade   Parsing time 368 ms. 
2915       WARN  main            d.u.i.k.n.ParsingFacade   file:/home/runner/work/key/key/key.core/build/resources/main/de/uka/ilkd/key/proof/rules/seqEq.key took 1 ms to parse. 
2915       WARN  main            d.u.i.k.n.ParsingFacade   Parsing time 369 ms. 
2931       WARN  main            d.u.i.k.n.ParsingFacade   file:/home/runner/work/key/key/key.core/build/resources/main/de/uka/ilkd/key/proof/rules/infFlow.key took 1 ms to parse. 
2931       WARN  main            d.u.i.k.n.ParsingFacade   Parsing time 370 ms. 
2941       WARN  main            d.u.i.k.n.ParsingFacade   file:/home/runner/work/key/key/key.core/build/resources/main/de/uka/ilkd/key/proof/rules/mapSize.key took 1 ms to parse. 
2941       WARN  main            d.u.i.k.n.ParsingFacade   Parsing time 371 ms. 
2943       WARN  main            d.u.i.k.n.ParsingFacade   file:/home/runner/work/key/key/key.core/build/resources/main/de/uka/ilkd/key/proof/rules/wd.key took 0 ms to parse. 
2943       WARN  main            d.u.i.k.n.ParsingFacade   Parsing time 371 ms. 
2945       WARN  main            d.u.i.k.n.ParsingFacade   file:/home/runner/work/key/key/key.core/build/resources/main/de/uka/ilkd/key/proof/rules/wdHeader.key took 1 ms to parse. 
2945       WARN  main            d.u.i.k.n.ParsingFacade   Parsing time 372 ms. 
2945       WARN  main            d.u.i.k.n.ParsingFacade   file:/home/runner/work/key/key/key.core/build/resources/main/de/uka/ilkd/key/proof/rules/wdGeneralRules.key took 0 ms to parse. 
2946       WARN  main            d.u.i.k.n.ParsingFacade   Parsing time 372 ms. 
2961       WARN  main            d.u.i.k.n.ParsingFacade   file:/home/runner/work/key/key/key.core/build/resources/main/de/uka/ilkd/key/proof/rules/wdNumericalRules.key took 3 ms to parse. 
2961       WARN  main            d.u.i.k.n.ParsingFacade   Parsing time 375 ms. 
2999       WARN  main            d.u.i.k.n.ParsingFacade   file:/home/runner/work/key/key/key.core/build/resources/main/de/uka/ilkd/key/proof/rules/wdLocSetRules.key took 1 ms to parse. 
2999       WARN  main            d.u.i.k.n.ParsingFacade   Parsing time 376 ms. 
3005       WARN  main            d.u.i.k.n.ParsingFacade   file:/home/runner/work/key/key/key.core/build/resources/main/de/uka/ilkd/key/proof/rules/wdHeapRules.key took 1 ms to parse. 
3005       WARN  main            d.u.i.k.n.ParsingFacade   Parsing time 377 ms. 
3007       WARN  main            d.u.i.k.n.ParsingFacade   file:/home/runner/work/key/key/key.core/build/resources/main/de/uka/ilkd/key/proof/rules/wdReachRules.key took 0 ms to parse. 
3007       WARN  main            d.u.i.k.n.ParsingFacade   Parsing time 377 ms. 
3009       WARN  main            d.u.i.k.n.ParsingFacade   file:/home/runner/work/key/key/key.core/build/resources/main/de/uka/ilkd/key/proof/rules/wdSeqRules.key took 1 ms to parse. 
3009       WARN  main            d.u.i.k.n.ParsingFacade   Parsing time 378 ms. 
3011       WARN  main            d.u.i.k.n.ParsingFacade   file:/home/runner/work/key/key/key.core/build/resources/main/de/uka/ilkd/key/proof/rules/wdStringRules.key took 0 ms to parse. 
3011       WARN  main            d.u.i.k.n.ParsingFacade   Parsing time 378 ms. 
3014       WARN  main            d.u.i.k.n.ParsingFacade   file:/home/runner/work/key/key/key.core/build/resources/main/de/uka/ilkd/key/proof/rules/wdRegExRules.key took 1 ms to parse. 
3014       WARN  main            d.u.i.k.n.ParsingFacade   Parsing time 379 ms. 
3017       WARN  main            d.u.i.k.n.ParsingFacade   file:/home/runner/work/key/key/key.core/build/resources/main/de/uka/ilkd/key/proof/rules/wdFormulaRules.key took 2 ms to parse. 
3017       WARN  main            d.u.i.k.n.ParsingFacade   Parsing time 381 ms. 
3032       WARN  main            d.u.i.k.n.ParsingFacade   file:/home/runner/work/key/key/key.core/build/resources/main/de/uka/ilkd/key/proof/rules/loopInvariantRules.key took 0 ms to parse. 
3033       WARN  main            d.u.i.k.n.ParsingFacade   Parsing time 381 ms. 
3034       WARN  main            d.u.i.k.n.ParsingFacade   file:/home/runner/work/key/key/key.core/build/resources/main/de/uka/ilkd/key/proof/rules/forLoopRules.key took 1 ms to parse. 
3034       WARN  main            d.u.i.k.n.ParsingFacade   Parsing time 382 ms. 
3037       WARN  main            d.u.i.k.n.ParsingFacade   file:/home/runner/work/key/key/key.core/build/resources/main/de/uka/ilkd/key/proof/rules/execRules.key took 2 ms to parse. 
3037       WARN  main            d.u.i.k.n.ParsingFacade   Parsing time 384 ms. 
3127       WARN  main            d.u.i.k.n.ParsingFacade   file:/home/runner/work/key/key/key.core/build/resources/main/de/uka/ilkd/key/proof/rules/loopScopeRules.key took 2 ms to parse. 
3127       WARN  main            d.u.i.k.n.ParsingFacade   Parsing time 386 ms. 
6512       WARN  main            d.u.i.k.n.ParsingFacade   file:/home/runner/work/key/key/key.core/build/resources/main/de/uka/ilkd/key/java/JavaRedux/java/lang/String.key took 4 ms to parse. 
6512       WARN  main            d.u.i.k.n.ParsingFacade   Parsing time 390 ms. 
8834       DEBUG main            d.u.i.k.p.i.AbstractProblemLoader Init config took 8.08s 
8957       INFO  main            d.u.i.k.p.i.AbstractProblemLoader Replaying proof ListOperationsNonNull[ListOperationsNonNull::getNextNN(ListNN,int)].JML normal_behavior operation contract.0 
8989       DEBUG main            d.u.i.k.p.i.IntermediateProofReplayer Proof replay took 31.1ns 
8991       WARN  main            d.u.i.k.n.ParsingFacade   /home/runner/work/key/key/key.core/../key.ui/examples/heap/list_recursiveSpec/ListOperationsNonNull_getNextNN_normal_behavior.key took 0 ms to parse. 
8992       WARN  main            d.u.i.k.n.ParsingFacade   Parsing time 390 ms. 
10170      INFO  main            d.u.i.k.p.r.p.TestFile    ... finished proof: closed. 
10373      INFO  main            d.u.i.k.p.i.AbstractProblemLoader Loading environment from /home/runner/work/key/key/key.core/../key.ui/examples/heap/list_recursiveSpec/ListOperationsNonNull_getNextNN_normal_behavior.key.proof 
10375      DEBUG main            d.u.i.k.p.i.AbstractProblemLoader Environment load took 2.18ms 
10376      WARN  main            d.u.i.k.n.ParsingFacade   /home/runner/work/key/key/key.core/../key.ui/examples/heap/list_recursiveSpec/ListOperationsNonNull_getNextNN_normal_behavior.key.proof took 1 ms to parse. 
10376      WARN  main            d.u.i.k.n.ParsingFacade   Parsing time 391 ms. 
10377      INFO  main            d.u.i.k.p.i.AbstractProblemLoader Creating init config 
11536      WARN  main            d.u.i.k.n.ParsingFacade   file:/home/runner/work/key/key/key.core/build/resources/main/de/uka/ilkd/key/java/JavaRedux/java/lang/String.key took 1 ms to parse. 
11537      WARN  main            d.u.i.k.n.ParsingFacade   Parsing time 392 ms. 
13540      DEBUG main            d.u.i.k.p.i.AbstractProblemLoader Init config took 3.16s 
13655      INFO  main            d.u.i.k.p.i.AbstractProblemLoader Replaying proof ListOperationsNonNull[ListOperationsNonNull::getNextNN(ListNN,int)].JML normal_behavior operation contract.0 
13892      DEBUG main            d.u.i.k.p.i.IntermediateProofReplayer Proof replay took 219.86ms 
13894      WARN  main            d.u.i.k.n.ParsingFacade   /home/runner/work/key/key/key.core/../key.ui/examples/heap/list_recursiveSpec/ListOperationsNonNull_getNextNN_normal_behavior.key.proof took 1 ms to parse. 
13894      WARN  main            d.u.i.k.n.ParsingFacade   Parsing time 393 ms. 
13902      DEBUG main            d.u.i.k.p.r.p.TestFile    ... success: reloaded. 
13905      INFO  main            d.u.i.k.p.r.p.TestFile    Now processing file /home/runner/work/key/key/key.core/../key.ui/examples/heap/list_recursiveSpec/ListOperationsNonNull_setValueAt_normal_behavior.key 
13905      INFO  main            d.u.i.k.p.i.AbstractProblemLoader Loading environment from /home/runner/work/key/key/key.core/../key.ui/examples/heap/list_recursiveSpec/ListOperationsNonNull_setValueAt_normal_behavior.key 
13906      DEBUG main            d.u.i.k.p.i.AbstractProblemLoader Environment load took 205.7ns 
13906      WARN  main            d.u.i.k.n.ParsingFacade   /home/runner/work/key/key/key.core/../key.ui/examples/heap/list_recursiveSpec/ListOperationsNonNull_setValueAt_normal_behavior.key took 0 ms to parse. 
13906      WARN  main            d.u.i.k.n.ParsingFacade   Parsing time 393 ms. 
13910      INFO  main            d.u.i.k.p.i.AbstractProblemLoader Creating init config 
15041      WARN  main            d.u.i.k.n.ParsingFacade   file:/home/runner/work/key/key/key.core/build/resources/main/de/uka/ilkd/key/java/JavaRedux/java/lang/String.key took 2 ms to parse. 
15041      WARN  main            d.u.i.k.n.ParsingFacade   Parsing time 395 ms. 
17029      DEBUG main            d.u.i.k.p.i.AbstractProblemLoader Init config took 3.12s 
17089      INFO  main            d.u.i.k.p.i.AbstractProblemLoader Replaying proof ListOperationsNonNull[ListOperationsNonNull::setValueAt_NN(ListNN,int,int)].JML normal_behavior operation contract.0 
17092      DEBUG main            d.u.i.k.p.i.IntermediateProofReplayer Proof replay took 6ns 
17092      WARN  main            d.u.i.k.n.ParsingFacade   /home/runner/work/key/key/key.core/../key.ui/examples/heap/list_recursiveSpec/ListOperationsNonNull_setValueAt_normal_behavior.key took 0 ms to parse. 
17092      WARN  main            d.u.i.k.n.ParsingFacade   Parsing time 395 ms. 
17118      DEBUG main            d.u.i.k.m.s.ProofScriptEngine 1: 'macro autopilot' 
19780      DEBUG main            d.u.i.k.m.s.ProofScriptEngine 2: 'macro simp-upd' 
19786      DEBUG main            d.u.i.k.m.s.ProofScriptEngine 3: 'rule observerDependencyEQ' 
19802      DEBUG main            d.u.i.k.m.s.ProofScriptEngine 4: 'tryclose' 
19830      INFO  main            d.u.i.k.p.r.p.TestFile    ... finished proof: closed. 
19987      INFO  main            d.u.i.k.p.i.AbstractProblemLoader Loading environment from /home/runner/work/key/key/key.core/../key.ui/examples/heap/list_recursiveSpec/ListOperationsNonNull_setValueAt_normal_behavior.key.proof 
19988      DEBUG main            d.u.i.k.p.i.AbstractProblemLoader Environment load took 630.01ns 
19988      WARN  main            d.u.i.k.n.ParsingFacade   /home/runner/work/key/key/key.core/../key.ui/examples/heap/list_recursiveSpec/ListOperationsNonNull_setValueAt_normal_behavior.key.proof took 0 ms to parse. 
19988      WARN  main            d.u.i.k.n.ParsingFacade   Parsing time 395 ms. 
19989      INFO  main            d.u.i.k.p.i.AbstractProblemLoader Creating init config 
20931      WARN  main            d.u.i.k.n.ParsingFacade   file:/home/runner/work/key/key/key.core/build/resources/main/de/uka/ilkd/key/java/JavaRedux/java/lang/String.key took 2 ms to parse. 
20931      WARN  main            d.u.i.k.n.ParsingFacade   Parsing time 397 ms. 
22851      DEBUG main            d.u.i.k.p.i.AbstractProblemLoader Init config took 2.86s 
22905      INFO  main            d.u.i.k.p.i.AbstractProblemLoader Replaying proof ListOperationsNonNull[ListOperationsNonNull::setValueAt_NN(ListNN,int,int)].JML normal_behavior operation contract.0 
23028      DEBUG main            d.u.i.k.p.i.IntermediateProofReplayer Proof replay took 118.68ms 
23029      WARN  main            d.u.i.k.n.ParsingFacade   /home/runner/work/key/key/key.core/../key.ui/examples/heap/list_recursiveSpec/ListOperationsNonNull_setValueAt_normal_behavior.key.proof took 0 ms to parse. 
23029      WARN  main            d.u.i.k.n.ParsingFacade   Parsing time 397 ms. 
23030      DEBUG main            d.u.i.k.p.r.p.TestFile    ... success: reloaded. 
1219337    INFO  Test worker     d.u.i.k.p.r.RunAllProofsTestUnit Returning from test list_recursive 
1219338    INFO  Test worker     d.u.i.k.p.r.RunAllProofsTestUnit Running test list_seq 
347        INFO  Timeout watchdog d.u.i.k.p.r.p.ForkedTestFileRunner Timeout watcher launched (2000 secs.) 
361        WARN  main            d.u.i.k.s.ProofSettings   The settings in /home/runner/.key/proof-settings.props are *not* read. 
389        INFO  main            d.u.i.k.p.r.p.TestFile    Now processing file /home/runner/work/key/key/key.core/../key.ui/examples/heap/list_seq/SimplifiedLinkedList.remove.key 
492        INFO  main            d.u.i.k.p.i.AbstractProblemLoader Loading environment from /home/runner/work/key/key/key.core/../key.ui/examples/heap/list_seq/SimplifiedLinkedList.remove.key 
511        DEBUG main            d.u.i.k.p.i.AbstractProblemLoader Environment load took 1.76ms 
596        WARN  main            d.u.i.k.n.ParsingFacade   /home/runner/work/key/key/key.core/../key.ui/examples/heap/list_seq/SimplifiedLinkedList.remove.key took 11 ms to parse. 
596        WARN  main            d.u.i.k.n.ParsingFacade   Parsing time 11 ms. 
722        INFO  main            d.u.i.k.p.i.AbstractProblemLoader Creating init config 
731        WARN  main            d.u.i.k.n.ParsingFacade   file:/home/runner/work/key/key/key.core/build/resources/main/de/uka/ilkd/key/proof/rules/standardRules.key took 5 ms to parse. 
732        WARN  main            d.u.i.k.n.ParsingFacade   Parsing time 16 ms. 
743        WARN  main            d.u.i.k.n.ParsingFacade   file:/home/runner/work/key/key/key.core/build/resources/main/de/uka/ilkd/key/proof/rules/ldt.key took 1 ms to parse. 
743        WARN  main            d.u.i.k.n.ParsingFacade   Parsing time 17 ms. 
749        WARN  main            d.u.i.k.n.ParsingFacade   file:/home/runner/work/key/key/key.core/build/resources/main/de/uka/ilkd/key/proof/rules/boolean.key took 2 ms to parse. 
749        WARN  main            d.u.i.k.n.ParsingFacade   Parsing time 19 ms. 
764        WARN  main            d.u.i.k.n.ParsingFacade   file:/home/runner/work/key/key/key.core/build/resources/main/de/uka/ilkd/key/proof/rules/ruleSetsDeclarations.key took 7 ms to parse. 
764        WARN  main            d.u.i.k.n.ParsingFacade   Parsing time 26 ms. 
785        WARN  main            d.u.i.k.n.ParsingFacade   file:/home/runner/work/key/key/key.core/build/resources/main/de/uka/ilkd/key/proof/rules/integerHeader.key took 4 ms to parse. 
785        WARN  main            d.u.i.k.n.ParsingFacade   Parsing time 30 ms. 
787        WARN  main            d.u.i.k.n.ParsingFacade   file:/home/runner/work/key/key/key.core/build/resources/main/de/uka/ilkd/key/proof/rules/floatHeader.key took 1 ms to parse. 
787        WARN  main            d.u.i.k.n.ParsingFacade   Parsing time 31 ms. 
789        WARN  main            d.u.i.k.n.ParsingFacade   file:/home/runner/work/key/key/key.core/build/resources/main/de/uka/ilkd/key/proof/rules/heap.key took 1 ms to parse. 
789        WARN  main            d.u.i.k.n.ParsingFacade   Parsing time 32 ms. 
791        WARN  main            d.u.i.k.n.ParsingFacade   file:/home/runner/work/key/key/key.core/build/resources/main/de/uka/ilkd/key/proof/rules/locSets.key took 0 ms to parse. 
791        WARN  main            d.u.i.k.n.ParsingFacade   Parsing time 32 ms. 
792        WARN  main            d.u.i.k.n.ParsingFacade   file:/home/runner/work/key/key/key.core/build/resources/main/de/uka/ilkd/key/proof/rules/permission.key took 0 ms to parse. 
792        WARN  main            d.u.i.k.n.ParsingFacade   Parsing time 32 ms. 
793        WARN  main            d.u.i.k.n.ParsingFacade   file:/home/runner/work/key/key/key.core/build/resources/main/de/uka/ilkd/key/proof/rules/reach.key took 0 ms to parse. 
793        WARN  main            d.u.i.k.n.ParsingFacade   Parsing time 32 ms. 
793        WARN  main            d.u.i.k.n.ParsingFacade   file:/home/runner/work/key/key/key.core/build/resources/main/de/uka/ilkd/key/proof/rules/seq.key took 0 ms to parse. 
793        WARN  main            d.u.i.k.n.ParsingFacade   Parsing time 32 ms. 
817        WARN  main            d.u.i.k.n.ParsingFacade   file:/home/runner/work/key/key/key.core/build/resources/main/de/uka/ilkd/key/proof/rules/map.key took 23 ms to parse. 
817        WARN  main            d.u.i.k.n.ParsingFacade   Parsing time 55 ms. 
819        WARN  main            d.u.i.k.n.ParsingFacade   file:/home/runner/work/key/key/key.core/build/resources/main/de/uka/ilkd/key/proof/rules/freeADT.key took 0 ms to parse. 
819        WARN  main            d.u.i.k.n.ParsingFacade   Parsing time 55 ms. 
826        WARN  main            d.u.i.k.n.ParsingFacade   file:/home/runner/work/key/key/key.core/build/resources/main/de/uka/ilkd/key/proof/rules/wellfound.key took 0 ms to parse. 
827        WARN  main            d.u.i.k.n.ParsingFacade   Parsing time 55 ms. 
827        WARN  main            d.u.i.k.n.ParsingFacade   file:/home/runner/work/key/key/key.core/build/resources/main/de/uka/ilkd/key/proof/rules/charListHeader.key took 0 ms to parse. 
827        WARN  main            d.u.i.k.n.ParsingFacade   Parsing time 55 ms. 
985        WARN  main            d.u.i.k.n.ParsingFacade   file:/home/runner/work/key/key/key.core/build/resources/main/de/uka/ilkd/key/proof/rules/propRule.key took 5 ms to parse. 
985        WARN  main            d.u.i.k.n.ParsingFacade   Parsing time 60 ms. 
1008       WARN  main            d.u.i.k.n.ParsingFacade   file:/home/runner/work/key/key/key.core/build/resources/main/de/uka/ilkd/key/proof/rules/firstOrderRules.key took 3 ms to parse. 
1008       WARN  main            d.u.i.k.n.ParsingFacade   Parsing time 63 ms. 
1026       WARN  main            d.u.i.k.n.ParsingFacade   file:/home/runner/work/key/key/key.core/build/resources/main/de/uka/ilkd/key/proof/rules/ifThenElseRules.key took 6 ms to parse. 
1026       WARN  main            d.u.i.k.n.ParsingFacade   Parsing time 69 ms. 
1058       WARN  main            d.u.i.k.n.ParsingFacade   file:/home/runner/work/key/key/key.core/build/resources/main/de/uka/ilkd/key/proof/rules/formulaNormalisationRules.key took 14 ms to parse. 
1058       WARN  main            d.u.i.k.n.ParsingFacade   Parsing time 83 ms. 
1123       WARN  main            d.u.i.k.n.ParsingFacade   file:/home/runner/work/key/key/key.core/build/resources/main/de/uka/ilkd/key/proof/rules/updateRules.key took 5 ms to parse. 
1123       WARN  main            d.u.i.k.n.ParsingFacade   Parsing time 88 ms. 
1136       WARN  main            d.u.i.k.n.ParsingFacade   file:/home/runner/work/key/key/key.core/build/resources/main/de/uka/ilkd/key/proof/rules/integerRulesCommon.key took 2 ms to parse. 
1136       WARN  main            d.u.i.k.n.ParsingFacade   Parsing time 90 ms. 
1222       WARN  main            d.u.i.k.n.ParsingFacade   file:/home/runner/work/key/key/key.core/build/resources/main/de/uka/ilkd/key/proof/rules/intRules.key took 3 ms to parse. 
1222       WARN  main            d.u.i.k.n.ParsingFacade   Parsing time 93 ms. 
1236       WARN  main            d.u.i.k.n.ParsingFacade   file:/home/runner/work/key/key/key.core/build/resources/main/de/uka/ilkd/key/proof/rules/intRulesUncheckedSemantics.key took 2 ms to parse. 
1236       WARN  main            d.u.i.k.n.ParsingFacade   Parsing time 95 ms. 
1245       WARN  main            d.u.i.k.n.ParsingFacade   file:/home/runner/work/key/key/key.core/build/resources/main/de/uka/ilkd/key/proof/rules/intRulesCheckedSemantics.key took 1 ms to parse. 
1246       WARN  main            d.u.i.k.n.ParsingFacade   Parsing time 96 ms. 
1265       WARN  main            d.u.i.k.n.ParsingFacade   file:/home/runner/work/key/key/key.core/build/resources/main/de/uka/ilkd/key/proof/rules/intRulesJavaSemantics.key took 2 ms to parse. 
1271       WARN  main            d.u.i.k.n.ParsingFacade   Parsing time 98 ms. 
1322       WARN  main            d.u.i.k.n.ParsingFacade   file:/home/runner/work/key/key/key.core/build/resources/main/de/uka/ilkd/key/proof/rules/integerSimplificationRules.key took 27 ms to parse. 
1322       WARN  main            d.u.i.k.n.ParsingFacade   Parsing time 125 ms. 
1455       DEBUG main            d.u.i.k.j.TypeConverter   No LDT found for Meta 
1456       DEBUG main            d.u.i.k.j.TypeConverter   No LDT found for Meta 
1457       DEBUG main            d.u.i.k.j.TypeConverter   No LDT found for Meta 
1457       DEBUG main            d.u.i.k.j.TypeConverter   No LDT found for Meta 
1508       WARN  main            d.u.i.k.n.ParsingFacade   file:/home/runner/work/key/key/key.core/build/resources/main/de/uka/ilkd/key/proof/rules/intDiv.key took 12 ms to parse. 
1508       WARN  main            d.u.i.k.n.ParsingFacade   Parsing time 137 ms. 
1558       WARN  main            d.u.i.k.n.ParsingFacade   file:/home/runner/work/key/key/key.core/build/resources/main/de/uka/ilkd/key/proof/rules/bsum.key took 20 ms to parse. 
1558       WARN  main            d.u.i.k.n.ParsingFacade   Parsing time 157 ms. 
1586       WARN  main            d.u.i.k.n.ParsingFacade   file:/home/runner/work/key/key/key.core/build/resources/main/de/uka/ilkd/key/proof/rules/bprod.key took 3 ms to parse. 
1586       WARN  main            d.u.i.k.n.ParsingFacade   Parsing time 160 ms. 
1596       WARN  main            d.u.i.k.n.ParsingFacade   file:/home/runner/work/key/key/key.core/build/resources/main/de/uka/ilkd/key/proof/rules/binaryAxioms.key took 1 ms to parse. 
1596       WARN  main            d.u.i.k.n.ParsingFacade   Parsing time 161 ms. 
1599       WARN  main            d.u.i.k.n.ParsingFacade   file:/home/runner/work/key/key/key.core/build/resources/main/de/uka/ilkd/key/proof/rules/binaryLemmas.key took 1 ms to parse. 
1599       WARN  main            d.u.i.k.n.ParsingFacade   Parsing time 162 ms. 
1605       WARN  main            d.u.i.k.n.ParsingFacade   file:/home/runner/work/key/key/key.core/build/resources/main/de/uka/ilkd/key/proof/rules/intPow.key took 2 ms to parse. 
1605       WARN  main            d.u.i.k.n.ParsingFacade   Parsing time 164 ms. 
1616       WARN  main            d.u.i.k.n.ParsingFacade   file:/home/runner/work/key/key/key.core/build/resources/main/de/uka/ilkd/key/proof/rules/floatRulesCommon.key took 4 ms to parse. 
1616       WARN  main            d.u.i.k.n.ParsingFacade   Parsing time 168 ms. 
1650       WARN  main            d.u.i.k.n.ParsingFacade   file:/home/runner/work/key/key/key.core/build/resources/main/de/uka/ilkd/key/proof/rules/floatRules.key took 0 ms to parse. 
1650       WARN  main            d.u.i.k.n.ParsingFacade   Parsing time 168 ms. 
1651       WARN  main            d.u.i.k.n.ParsingFacade   file:/home/runner/work/key/key/key.core/build/resources/main/de/uka/ilkd/key/proof/rules/floatRulesVerifyNormal.key took 0 ms to parse. 
1651       WARN  main            d.u.i.k.n.ParsingFacade   Parsing time 168 ms. 
1654       WARN  main            d.u.i.k.n.ParsingFacade   file:/home/runner/work/key/key/key.core/build/resources/main/de/uka/ilkd/key/proof/rules/floatRulesAssumeStrictfp.key took 3 ms to parse. 
1654       WARN  main            d.u.i.k.n.ParsingFacade   Parsing time 171 ms. 
1674       WARN  main            d.u.i.k.n.ParsingFacade   file:/home/runner/work/key/key/key.core/build/resources/main/de/uka/ilkd/key/proof/rules/genericRules.key took 2 ms to parse. 
1674       WARN  main            d.u.i.k.n.ParsingFacade   Parsing time 173 ms. 
1682       WARN  main            d.u.i.k.n.ParsingFacade   file:/home/runner/work/key/key/key.core/build/resources/main/de/uka/ilkd/key/proof/rules/booleanRules.key took 0 ms to parse. 
1682       WARN  main            d.u.i.k.n.ParsingFacade   Parsing time 173 ms. 
1685       WARN  main            d.u.i.k.n.ParsingFacade   file:/home/runner/work/key/key/key.core/build/resources/main/de/uka/ilkd/key/proof/rules/epsilon.key took 0 ms to parse. 
1685       WARN  main            d.u.i.k.n.ParsingFacade   Parsing time 173 ms. 
1697       WARN  main            d.u.i.k.n.ParsingFacade   file:/home/runner/work/key/key/key.core/build/resources/main/de/uka/ilkd/key/proof/rules/locSetsRules.key took 10 ms to parse. 
1697       WARN  main            d.u.i.k.n.ParsingFacade   Parsing time 183 ms. 
1729       WARN  main            d.u.i.k.n.ParsingFacade   file:/home/runner/work/key/key/key.core/build/resources/main/de/uka/ilkd/key/proof/rules/heapRules.key took 7 ms to parse. 
1729       WARN  main            d.u.i.k.n.ParsingFacade   Parsing time 190 ms. 
1753       WARN  main            d.u.i.k.n.ParsingFacade   file:/home/runner/work/key/key/key.core/build/resources/main/de/uka/ilkd/key/proof/rules/permissionRules.key took 2 ms to parse. 
1753       WARN  main            d.u.i.k.n.ParsingFacade   Parsing time 192 ms. 
1800       WARN  main            d.u.i.k.n.ParsingFacade   file:/home/runner/work/key/key/key.core/build/resources/main/de/uka/ilkd/key/proof/rules/reachRules.key took 37 ms to parse. 
1800       WARN  main            d.u.i.k.n.ParsingFacade   Parsing time 229 ms. 
1811       WARN  main            d.u.i.k.n.ParsingFacade   file:/home/runner/work/key/key/key.core/build/resources/main/de/uka/ilkd/key/proof/rules/seqCoreRules.key took 0 ms to parse. 
1811       WARN  main            d.u.i.k.n.ParsingFacade   Parsing time 229 ms. 
1819       WARN  main            d.u.i.k.n.ParsingFacade   file:/home/runner/work/key/key/key.core/build/resources/main/de/uka/ilkd/key/proof/rules/seqRules.key took 6 ms to parse. 
1819       WARN  main            d.u.i.k.n.ParsingFacade   Parsing time 235 ms. 
1839       WARN  main            d.u.i.k.n.ParsingFacade   file:/home/runner/work/key/key/key.core/build/resources/main/de/uka/ilkd/key/proof/rules/seqPerm.key took 4 ms to parse. 
1839       WARN  main            d.u.i.k.n.ParsingFacade   Parsing time 239 ms. 
1851       WARN  main            d.u.i.k.n.ParsingFacade   file:/home/runner/work/key/key/key.core/build/resources/main/de/uka/ilkd/key/proof/rules/seqPerm2.key took 0 ms to parse. 
1851       WARN  main            d.u.i.k.n.ParsingFacade   Parsing time 239 ms. 
1912       WARN  main            d.u.i.k.n.ParsingFacade   file:/home/runner/work/key/key/key.core/build/resources/main/de/uka/ilkd/key/proof/rules/javaRules.key took 58 ms to parse. 
1912       WARN  main            d.u.i.k.n.ParsingFacade   Parsing time 297 ms. 
1920       WARN  main            d.u.i.k.n.ParsingFacade   file:/home/runner/work/key/key/key.core/build/resources/main/de/uka/ilkd/key/proof/rules/assertions.key took 1 ms to parse. 
1920       WARN  main            d.u.i.k.n.ParsingFacade   Parsing time 298 ms. 
2443       WARN  main            d.u.i.k.n.ParsingFacade   file:/home/runner/work/key/key/key.core/build/resources/main/de/uka/ilkd/key/proof/rules/loopRules.key took 2 ms to parse. 
2443       WARN  main            d.u.i.k.n.ParsingFacade   Parsing time 300 ms. 
2452       WARN  main            d.u.i.k.n.ParsingFacade   file:/home/runner/work/key/key/key.core/build/resources/main/de/uka/ilkd/key/proof/rules/activeUse.key took 2 ms to parse. 
2452       WARN  main            d.u.i.k.n.ParsingFacade   Parsing time 302 ms. 
2488       WARN  main            d.u.i.k.n.ParsingFacade   file:/home/runner/work/key/key/key.core/build/resources/main/de/uka/ilkd/key/proof/rules/instanceAllocation.key took 4 ms to parse. 
2488       WARN  main            d.u.i.k.n.ParsingFacade   Parsing time 306 ms. 
2498       WARN  main            d.u.i.k.n.ParsingFacade   file:/home/runner/work/key/key/key.core/build/resources/main/de/uka/ilkd/key/proof/rules/java5.key took 0 ms to parse. 
2498       WARN  main            d.u.i.k.n.ParsingFacade   Parsing time 306 ms. 
2503       WARN  main            d.u.i.k.n.ParsingFacade   file:/home/runner/work/key/key/key.core/build/resources/main/de/uka/ilkd/key/proof/rules/integerAssignment2UpdateRules.key took 3 ms to parse. 
2503       WARN  main            d.u.i.k.n.ParsingFacade   Parsing time 309 ms. 
2531       WARN  main            d.u.i.k.n.ParsingFacade   file:/home/runner/work/key/key/key.core/build/resources/main/de/uka/ilkd/key/proof/rules/floatAssignment2UpdateRules.key took 4 ms to parse. 
2531       WARN  main            d.u.i.k.n.ParsingFacade   Parsing time 313 ms. 
2549       WARN  main            d.u.i.k.n.ParsingFacade   file:/home/runner/work/key/key/key.core/build/resources/main/de/uka/ilkd/key/proof/rules/bigint.key took 2 ms to parse. 
2549       WARN  main            d.u.i.k.n.ParsingFacade   Parsing time 315 ms. 
2558       DEBUG main            d.u.i.k.j.TypeConverter   No LDT found for JavaBigintExpression 
2562       WARN  main            d.u.i.k.n.ParsingFacade   file:/home/runner/work/key/key/key.core/build/resources/main/de/uka/ilkd/key/proof/rules/adtProgramDecompositionRules.key took 1 ms to parse. 
2562       WARN  main            d.u.i.k.n.ParsingFacade   Parsing time 316 ms. 
2577       WARN  main            d.u.i.k.n.ParsingFacade   file:/home/runner/work/key/key/key.core/build/resources/main/de/uka/ilkd/key/proof/rules/precRules.key took 1 ms to parse. 
2577       WARN  main            d.u.i.k.n.ParsingFacade   Parsing time 317 ms. 
2582       WARN  main            d.u.i.k.n.ParsingFacade   file:/home/runner/work/key/key/key.core/build/resources/main/de/uka/ilkd/key/proof/rules/charListRules.key took 3 ms to parse. 
2582       WARN  main            d.u.i.k.n.ParsingFacade   Parsing time 320 ms. 
2590       WARN  main            d.u.i.k.n.ParsingFacade   file:/home/runner/work/key/key/key.core/build/resources/main/de/uka/ilkd/key/proof/rules/regExTheory.key took 0 ms to parse. 
2591       WARN  main            d.u.i.k.n.ParsingFacade   Parsing time 320 ms. 
2592       WARN  main            d.u.i.k.n.ParsingFacade   file:/home/runner/work/key/key/key.core/build/resources/main/de/uka/ilkd/key/proof/rules/regExHeader.key took 1 ms to parse. 
2592       WARN  main            d.u.i.k.n.ParsingFacade   Parsing time 321 ms. 
2614       WARN  main            d.u.i.k.n.ParsingFacade   file:/home/runner/work/key/key/key.core/build/resources/main/de/uka/ilkd/key/proof/rules/regExAxioms.key took 22 ms to parse. 
2614       WARN  main            d.u.i.k.n.ParsingFacade   Parsing time 343 ms. 
2617       WARN  main            d.u.i.k.n.ParsingFacade   file:/home/runner/work/key/key/key.core/build/resources/main/de/uka/ilkd/key/proof/rules/regExLemmaProven.key took 1 ms to parse. 
2617       WARN  main            d.u.i.k.n.ParsingFacade   Parsing time 344 ms. 
2622       WARN  main            d.u.i.k.n.ParsingFacade   file:/home/runner/work/key/key/key.core/build/resources/main/de/uka/ilkd/key/proof/rules/seqEq.key took 1 ms to parse. 
2622       WARN  main            d.u.i.k.n.ParsingFacade   Parsing time 345 ms. 
2627       WARN  main            d.u.i.k.n.ParsingFacade   file:/home/runner/work/key/key/key.core/build/resources/main/de/uka/ilkd/key/proof/rules/infFlow.key took 1 ms to parse. 
2627       WARN  main            d.u.i.k.n.ParsingFacade   Parsing time 346 ms. 
2631       WARN  main            d.u.i.k.n.ParsingFacade   file:/home/runner/work/key/key/key.core/build/resources/main/de/uka/ilkd/key/proof/rules/mapSize.key took 1 ms to parse. 
2631       WARN  main            d.u.i.k.n.ParsingFacade   Parsing time 347 ms. 
2633       WARN  main            d.u.i.k.n.ParsingFacade   file:/home/runner/work/key/key/key.core/build/resources/main/de/uka/ilkd/key/proof/rules/wd.key took 0 ms to parse. 
2633       WARN  main            d.u.i.k.n.ParsingFacade   Parsing time 347 ms. 
2635       WARN  main            d.u.i.k.n.ParsingFacade   file:/home/runner/work/key/key/key.core/build/resources/main/de/uka/ilkd/key/proof/rules/wdHeader.key took 0 ms to parse. 
2635       WARN  main            d.u.i.k.n.ParsingFacade   Parsing time 347 ms. 
2636       WARN  main            d.u.i.k.n.ParsingFacade   file:/home/runner/work/key/key/key.core/build/resources/main/de/uka/ilkd/key/proof/rules/wdGeneralRules.key took 0 ms to parse. 
2636       WARN  main            d.u.i.k.n.ParsingFacade   Parsing time 347 ms. 
2644       WARN  main            d.u.i.k.n.ParsingFacade   file:/home/runner/work/key/key/key.core/build/resources/main/de/uka/ilkd/key/proof/rules/wdNumericalRules.key took 4 ms to parse. 
2644       WARN  main            d.u.i.k.n.ParsingFacade   Parsing time 351 ms. 
2659       WARN  main            d.u.i.k.n.ParsingFacade   file:/home/runner/work/key/key/key.core/build/resources/main/de/uka/ilkd/key/proof/rules/wdLocSetRules.key took 1 ms to parse. 
2659       WARN  main            d.u.i.k.n.ParsingFacade   Parsing time 352 ms. 
2664       WARN  main            d.u.i.k.n.ParsingFacade   file:/home/runner/work/key/key/key.core/build/resources/main/de/uka/ilkd/key/proof/rules/wdHeapRules.key took 1 ms to parse. 
2664       WARN  main            d.u.i.k.n.ParsingFacade   Parsing time 353 ms. 
2666       WARN  main            d.u.i.k.n.ParsingFacade   file:/home/runner/work/key/key/key.core/build/resources/main/de/uka/ilkd/key/proof/rules/wdReachRules.key took 0 ms to parse. 
2667       WARN  main            d.u.i.k.n.ParsingFacade   Parsing time 353 ms. 
2668       WARN  main            d.u.i.k.n.ParsingFacade   file:/home/runner/work/key/key/key.core/build/resources/main/de/uka/ilkd/key/proof/rules/wdSeqRules.key took 0 ms to parse. 
2668       WARN  main            d.u.i.k.n.ParsingFacade   Parsing time 353 ms. 
2671       WARN  main            d.u.i.k.n.ParsingFacade   file:/home/runner/work/key/key/key.core/build/resources/main/de/uka/ilkd/key/proof/rules/wdStringRules.key took 1 ms to parse. 
2671       WARN  main            d.u.i.k.n.ParsingFacade   Parsing time 354 ms. 
2673       WARN  main            d.u.i.k.n.ParsingFacade   file:/home/runner/work/key/key/key.core/build/resources/main/de/uka/ilkd/key/proof/rules/wdRegExRules.key took 0 ms to parse. 
2674       WARN  main            d.u.i.k.n.ParsingFacade   Parsing time 354 ms. 
2678       WARN  main            d.u.i.k.n.ParsingFacade   file:/home/runner/work/key/key/key.core/build/resources/main/de/uka/ilkd/key/proof/rules/wdFormulaRules.key took 3 ms to parse. 
2678       WARN  main            d.u.i.k.n.ParsingFacade   Parsing time 357 ms. 
2686       WARN  main            d.u.i.k.n.ParsingFacade   file:/home/runner/work/key/key/key.core/build/resources/main/de/uka/ilkd/key/proof/rules/loopInvariantRules.key took 0 ms to parse. 
2686       WARN  main            d.u.i.k.n.ParsingFacade   Parsing time 357 ms. 
2687       WARN  main            d.u.i.k.n.ParsingFacade   file:/home/runner/work/key/key/key.core/build/resources/main/de/uka/ilkd/key/proof/rules/forLoopRules.key took 0 ms to parse. 
2687       WARN  main            d.u.i.k.n.ParsingFacade   Parsing time 357 ms. 
2692       WARN  main            d.u.i.k.n.ParsingFacade   file:/home/runner/work/key/key/key.core/build/resources/main/de/uka/ilkd/key/proof/rules/execRules.key took 3 ms to parse. 
2692       WARN  main            d.u.i.k.n.ParsingFacade   Parsing time 360 ms. 
2752       WARN  main            d.u.i.k.n.ParsingFacade   file:/home/runner/work/key/key/key.core/build/resources/main/de/uka/ilkd/key/proof/rules/loopScopeRules.key took 3 ms to parse. 
2752       WARN  main            d.u.i.k.n.ParsingFacade   Parsing time 363 ms. 
5992       WARN  main            d.u.i.k.n.ParsingFacade   file:/home/runner/work/key/key/key.core/build/resources/main/de/uka/ilkd/key/java/JavaRedux/java/lang/String.key took 4 ms to parse. 
5992       WARN  main            d.u.i.k.n.ParsingFacade   Parsing time 367 ms. 
8375       DEBUG main            d.u.i.k.p.i.AbstractProblemLoader Init config took 7.65s 
8595       INFO  main            d.u.i.k.p.i.AbstractProblemLoader Replaying proof SimplifiedLinkedList[SimplifiedLinkedList::remove(int)].JML normal_behavior operation contract.0 
8664       DEBUG main            d.u.i.k.p.i.IntermediateProofReplayer Proof replay took 35.8ns 
8667       WARN  main            d.u.i.k.n.ParsingFacade   /home/runner/work/key/key/key.core/../key.ui/examples/heap/list_seq/SimplifiedLinkedList.remove.key took 1 ms to parse. 
8674       WARN  main            d.u.i.k.n.ParsingFacade   Parsing time 368 ms. 
93836      INFO  main            d.u.i.k.p.r.p.TestFile    ... finished proof: closed. 
94221      INFO  main            d.u.i.k.p.i.AbstractProblemLoader Loading environment from /home/runner/work/key/key/key.core/../key.ui/examples/heap/list_seq/SimplifiedLinkedList.remove.key.proof 
94222      DEBUG main            d.u.i.k.p.i.AbstractProblemLoader Environment load took 419.81ns 
94233      WARN  main            d.u.i.k.n.ParsingFacade   /home/runner/work/key/key/key.core/../key.ui/examples/heap/list_seq/SimplifiedLinkedList.remove.key.proof took 0 ms to parse. 
94233      WARN  main            d.u.i.k.n.ParsingFacade   Parsing time 368 ms. 
94235      INFO  main            d.u.i.k.p.i.AbstractProblemLoader Creating init config 
95349      WARN  main            d.u.i.k.n.ParsingFacade   file:/home/runner/work/key/key/key.core/build/resources/main/de/uka/ilkd/key/java/JavaRedux/java/lang/String.key took 2 ms to parse. 
95350      WARN  main            d.u.i.k.n.ParsingFacade   Parsing time 370 ms. 
97360      DEBUG main            d.u.i.k.p.i.AbstractProblemLoader Init config took 3.13s 
97463      INFO  main            d.u.i.k.p.i.AbstractProblemLoader Replaying proof SimplifiedLinkedList[SimplifiedLinkedList::remove(int)].JML normal_behavior operation contract.0 
101667     DEBUG main            d.u.i.k.p.i.IntermediateProofReplayer Proof replay took 3.95s 
101679     WARN  main            d.u.i.k.n.ParsingFacade   /home/runner/work/key/key/key.core/../key.ui/examples/heap/list_seq/SimplifiedLinkedList.remove.key.proof took 0 ms to parse. 
101679     WARN  main            d.u.i.k.n.ParsingFacade   Parsing time 370 ms. 
101685     DEBUG main            d.u.i.k.p.r.p.TestFile    ... success: reloaded. 
101687     INFO  main            d.u.i.k.p.r.p.TestFile    Now processing file /home/runner/work/key/key/key.core/../key.ui/examples/heap/list_seq/ArrayList.ArrayList.key 
101688     INFO  main            d.u.i.k.p.i.AbstractProblemLoader Loading environment from /home/runner/work/key/key/key.core/../key.ui/examples/heap/list_seq/ArrayList.ArrayList.key 
101688     DEBUG main            d.u.i.k.p.i.AbstractProblemLoader Environment load took 195.6ns 
101688     WARN  main            d.u.i.k.n.ParsingFacade   /home/runner/work/key/key/key.core/../key.ui/examples/heap/list_seq/ArrayList.ArrayList.key took 0 ms to parse. 
101688     WARN  main            d.u.i.k.n.ParsingFacade   Parsing time 370 ms. 
101690     INFO  main            d.u.i.k.p.i.AbstractProblemLoader Creating init config 
102903     WARN  main            d.u.i.k.n.ParsingFacade   file:/home/runner/work/key/key/key.core/build/resources/main/de/uka/ilkd/key/java/JavaRedux/java/lang/String.key took 1 ms to parse. 
102904     WARN  main            d.u.i.k.n.ParsingFacade   Parsing time 371 ms. 
104863     DEBUG main            d.u.i.k.p.i.AbstractProblemLoader Init config took 3.17s 
104962     INFO  main            d.u.i.k.p.i.AbstractProblemLoader Replaying proof ArrayList[ArrayList::ArrayList()].JML normal_behavior operation contract.0 
104964     DEBUG main            d.u.i.k.p.i.IntermediateProofReplayer Proof replay took 4.7ns 
104965     WARN  main            d.u.i.k.n.ParsingFacade   /home/runner/work/key/key/key.core/../key.ui/examples/heap/list_seq/ArrayList.ArrayList.key took 1 ms to parse. 
104965     WARN  main            d.u.i.k.n.ParsingFacade   Parsing time 372 ms. 
105785     INFO  main            d.u.i.k.p.r.p.TestFile    ... finished proof: closed. 
105956     INFO  main            d.u.i.k.p.i.AbstractProblemLoader Loading environment from /home/runner/work/key/key/key.core/../key.ui/examples/heap/list_seq/ArrayList.ArrayList.key.proof 
105957     DEBUG main            d.u.i.k.p.i.AbstractProblemLoader Environment load took 400.61ns 
105957     WARN  main            d.u.i.k.n.ParsingFacade   /home/runner/work/key/key/key.core/../key.ui/examples/heap/list_seq/ArrayList.ArrayList.key.proof took 0 ms to parse. 
105957     WARN  main            d.u.i.k.n.ParsingFacade   Parsing time 372 ms. 
105959     INFO  main            d.u.i.k.p.i.AbstractProblemLoader Creating init config 
107099     WARN  main            d.u.i.k.n.ParsingFacade   file:/home/runner/work/key/key/key.core/build/resources/main/de/uka/ilkd/key/java/JavaRedux/java/lang/String.key took 1 ms to parse. 
107100     WARN  main            d.u.i.k.n.ParsingFacade   Parsing time 373 ms. 
109065     DEBUG main            d.u.i.k.p.i.AbstractProblemLoader Init config took 3.11s 
109148     INFO  main            d.u.i.k.p.i.AbstractProblemLoader Replaying proof ArrayList[ArrayList::ArrayList()].JML normal_behavior operation contract.0 
109283     DEBUG main            d.u.i.k.p.i.IntermediateProofReplayer Proof replay took 130.2ms 
109284     WARN  main            d.u.i.k.n.ParsingFacade   /home/runner/work/key/key/key.core/../key.ui/examples/heap/list_seq/ArrayList.ArrayList.key.proof took 1 ms to parse. 
109284     WARN  main            d.u.i.k.n.ParsingFacade   Parsing time 374 ms. 
109285     DEBUG main            d.u.i.k.p.r.p.TestFile    ... success: reloaded. 
109286     INFO  main            d.u.i.k.p.r.p.TestFile    Now processing file /home/runner/work/key/key/key.core/../key.ui/examples/heap/list_seq/ArrayList.add.key 
109286     INFO  main            d.u.i.k.p.i.AbstractProblemLoader Loading environment from /home/runner/work/key/key/key.core/../key.ui/examples/heap/list_seq/ArrayList.add.key 
109286     DEBUG main            d.u.i.k.p.i.AbstractProblemLoader Environment load took 181.1ns 
109286     WARN  main            d.u.i.k.n.ParsingFacade   /home/runner/work/key/key/key.core/../key.ui/examples/heap/list_seq/ArrayList.add.key took 0 ms to parse. 
109286     WARN  main            d.u.i.k.n.ParsingFacade   Parsing time 374 ms. 
109287     INFO  main            d.u.i.k.p.i.AbstractProblemLoader Creating init config 
110330     WARN  main            d.u.i.k.n.ParsingFacade   file:/home/runner/work/key/key/key.core/build/resources/main/de/uka/ilkd/key/java/JavaRedux/java/lang/String.key took 1 ms to parse. 
110330     WARN  main            d.u.i.k.n.ParsingFacade   Parsing time 375 ms. 
112319     DEBUG main            d.u.i.k.p.i.AbstractProblemLoader Init config took 3.03s 
112440     INFO  main            d.u.i.k.p.i.AbstractProblemLoader Replaying proof ArrayList[List::add(java.lang.Object)].JML normal_behavior operation contract.0 
112443     DEBUG main            d.u.i.k.p.i.IntermediateProofReplayer Proof replay took 6.5ns 
112444     WARN  main            d.u.i.k.n.ParsingFacade   /home/runner/work/key/key/key.core/../key.ui/examples/heap/list_seq/ArrayList.add.key took 1 ms to parse. 
112444     WARN  main            d.u.i.k.n.ParsingFacade   Parsing time 376 ms. 
115811     INFO  main            d.u.i.k.p.r.p.TestFile    ... finished proof: closed. 
115988     INFO  main            d.u.i.k.p.i.AbstractProblemLoader Loading environment from /home/runner/work/key/key/key.core/../key.ui/examples/heap/list_seq/ArrayList.add.key.proof 
115988     DEBUG main            d.u.i.k.p.i.AbstractProblemLoader Environment load took 364.71ns 
115989     WARN  main            d.u.i.k.n.ParsingFacade   /home/runner/work/key/key/key.core/../key.ui/examples/heap/list_seq/ArrayList.add.key.proof took 0 ms to parse. 
115989     WARN  main            d.u.i.k.n.ParsingFacade   Parsing time 376 ms. 
115990     INFO  main            d.u.i.k.p.i.AbstractProblemLoader Creating init config 
117026     WARN  main            d.u.i.k.n.ParsingFacade   file:/home/runner/work/key/key/key.core/build/resources/main/de/uka/ilkd/key/java/JavaRedux/java/lang/String.key took 4 ms to parse. 
117026     WARN  main            d.u.i.k.n.ParsingFacade   Parsing time 380 ms. 
119050     DEBUG main            d.u.i.k.p.i.AbstractProblemLoader Init config took 3.06s 
119127     INFO  main            d.u.i.k.p.i.AbstractProblemLoader Replaying proof ArrayList[List::add(java.lang.Object)].JML normal_behavior operation contract.0 
119546     DEBUG main            d.u.i.k.p.i.IntermediateProofReplayer Proof replay took 406.02ms 
119547     WARN  main            d.u.i.k.n.ParsingFacade   /home/runner/work/key/key/key.core/../key.ui/examples/heap/list_seq/ArrayList.add.key.proof took 0 ms to parse. 
119547     WARN  main            d.u.i.k.n.ParsingFacade   Parsing time 380 ms. 
119548     DEBUG main            d.u.i.k.p.r.p.TestFile    ... success: reloaded. 
119549     INFO  main            d.u.i.k.p.r.p.TestFile    Now processing file /home/runner/work/key/key/key.core/../key.ui/examples/heap/list_seq/ArrayList.contains.key 
119549     INFO  main            d.u.i.k.p.i.AbstractProblemLoader Loading environment from /home/runner/work/key/key/key.core/../key.ui/examples/heap/list_seq/ArrayList.contains.key 
119550     DEBUG main            d.u.i.k.p.i.AbstractProblemLoader Environment load took 200.3ns 
119550     WARN  main            d.u.i.k.n.ParsingFacade   /home/runner/work/key/key/key.core/../key.ui/examples/heap/list_seq/ArrayList.contains.key took 0 ms to parse. 
119550     WARN  main            d.u.i.k.n.ParsingFacade   Parsing time 380 ms. 
119551     INFO  main            d.u.i.k.p.i.AbstractProblemLoader Creating init config 
120617     WARN  main            d.u.i.k.n.ParsingFacade   file:/home/runner/work/key/key/key.core/build/resources/main/de/uka/ilkd/key/java/JavaRedux/java/lang/String.key took 2 ms to parse. 
120617     WARN  main            d.u.i.k.n.ParsingFacade   Parsing time 382 ms. 
122591     DEBUG main            d.u.i.k.p.i.AbstractProblemLoader Init config took 3.04s 
122668     INFO  main            d.u.i.k.p.i.AbstractProblemLoader Replaying proof ArrayList[List::contains(java.lang.Object)].JML normal_behavior operation contract.0 
122670     DEBUG main            d.u.i.k.p.i.IntermediateProofReplayer Proof replay took 4.5ns 
122670     WARN  main            d.u.i.k.n.ParsingFacade   /home/runner/work/key/key/key.core/../key.ui/examples/heap/list_seq/ArrayList.contains.key took 0 ms to parse. 
122671     WARN  main            d.u.i.k.n.ParsingFacade   Parsing time 382 ms. 
124178     INFO  main            d.u.i.k.p.r.p.TestFile    ... finished proof: closed. 
124354     INFO  main            d.u.i.k.p.i.AbstractProblemLoader Loading environment from /home/runner/work/key/key/key.core/../key.ui/examples/heap/list_seq/ArrayList.contains.key.proof 
124355     DEBUG main            d.u.i.k.p.i.AbstractProblemLoader Environment load took 367.11ns 
124355     WARN  main            d.u.i.k.n.ParsingFacade   /home/runner/work/key/key/key.core/../key.ui/examples/heap/list_seq/ArrayList.contains.key.proof took 0 ms to parse. 
124355     WARN  main            d.u.i.k.n.ParsingFacade   Parsing time 382 ms. 
124356     INFO  main            d.u.i.k.p.i.AbstractProblemLoader Creating init config 
125364     WARN  main            d.u.i.k.n.ParsingFacade   file:/home/runner/work/key/key/key.core/build/resources/main/de/uka/ilkd/key/java/JavaRedux/java/lang/String.key took 2 ms to parse. 
125364     WARN  main            d.u.i.k.n.ParsingFacade   Parsing time 384 ms. 
127332     DEBUG main            d.u.i.k.p.i.AbstractProblemLoader Init config took 2.98s 
127408     INFO  main            d.u.i.k.p.i.AbstractProblemLoader Replaying proof ArrayList[List::contains(java.lang.Object)].JML normal_behavior operation contract.0 
127673     DEBUG main            d.u.i.k.p.i.IntermediateProofReplayer Proof replay took 258.01ms 
127674     WARN  main            d.u.i.k.n.ParsingFacade   /home/runner/work/key/key/key.core/../key.ui/examples/heap/list_seq/ArrayList.contains.key.proof took 1 ms to parse. 
127674     WARN  main            d.u.i.k.n.ParsingFacade   Parsing time 385 ms. 
127674     DEBUG main            d.u.i.k.p.r.p.TestFile    ... success: reloaded. 
127675     INFO  main            d.u.i.k.p.r.p.TestFile    Now processing file /home/runner/work/key/key/key.core/../key.ui/examples/heap/list_seq/ArrayList.enlarge.key 
127676     INFO  main            d.u.i.k.p.i.AbstractProblemLoader Loading environment from /home/runner/work/key/key/key.core/../key.ui/examples/heap/list_seq/ArrayList.enlarge.key 
127676     DEBUG main            d.u.i.k.p.i.AbstractProblemLoader Environment load took 170.1ns 
127676     WARN  main            d.u.i.k.n.ParsingFacade   /home/runner/work/key/key/key.core/../key.ui/examples/heap/list_seq/ArrayList.enlarge.key took 0 ms to parse. 
127676     WARN  main            d.u.i.k.n.ParsingFacade   Parsing time 385 ms. 
127677     INFO  main            d.u.i.k.p.i.AbstractProblemLoader Creating init config 
128722     WARN  main            d.u.i.k.n.ParsingFacade   file:/home/runner/work/key/key/key.core/build/resources/main/de/uka/ilkd/key/java/JavaRedux/java/lang/String.key took 1 ms to parse. 
128723     WARN  main            d.u.i.k.n.ParsingFacade   Parsing time 386 ms. 
130683     DEBUG main            d.u.i.k.p.i.AbstractProblemLoader Init config took 3.01s 
130759     INFO  main            d.u.i.k.p.i.AbstractProblemLoader Replaying proof ArrayList[ArrayList::enlarge()].JML normal_behavior operation contract.0 
130760     DEBUG main            d.u.i.k.p.i.IntermediateProofReplayer Proof replay took 4.7ns 
130761     WARN  main            d.u.i.k.n.ParsingFacade   /home/runner/work/key/key/key.core/../key.ui/examples/heap/list_seq/ArrayList.enlarge.key took 0 ms to parse. 
130761     WARN  main            d.u.i.k.n.ParsingFacade   Parsing time 386 ms. 
132768     INFO  main            d.u.i.k.p.r.p.TestFile    ... finished proof: closed. 
132977     INFO  main            d.u.i.k.p.i.AbstractProblemLoader Loading environment from /home/runner/work/key/key/key.core/../key.ui/examples/heap/list_seq/ArrayList.enlarge.key.proof 
132978     DEBUG main            d.u.i.k.p.i.AbstractProblemLoader Environment load took 1.03ms 
132979     WARN  main            d.u.i.k.n.ParsingFacade   /home/runner/work/key/key/key.core/../key.ui/examples/heap/list_seq/ArrayList.enlarge.key.proof took 0 ms to parse. 
132979     WARN  main            d.u.i.k.n.ParsingFacade   Parsing time 386 ms. 
132982     INFO  main            d.u.i.k.p.i.AbstractProblemLoader Creating init config 
134001     WARN  main            d.u.i.k.n.ParsingFacade   file:/home/runner/work/key/key/key.core/build/resources/main/de/uka/ilkd/key/java/JavaRedux/java/lang/String.key took 2 ms to parse. 
134001     WARN  main            d.u.i.k.n.ParsingFacade   Parsing time 388 ms. 
135949     DEBUG main            d.u.i.k.p.i.AbstractProblemLoader Init config took 2.97s 
136024     INFO  main            d.u.i.k.p.i.AbstractProblemLoader Replaying proof ArrayList[ArrayList::enlarge()].JML normal_behavior operation contract.0 
136343     DEBUG main            d.u.i.k.p.i.IntermediateProofReplayer Proof replay took 310.99ms 
136350     WARN  main            d.u.i.k.n.ParsingFacade   /home/runner/work/key/key/key.core/../key.ui/examples/heap/list_seq/ArrayList.enlarge.key.proof took 0 ms to parse. 
136350     WARN  main            d.u.i.k.n.ParsingFacade   Parsing time 388 ms. 
136351     DEBUG main            d.u.i.k.p.r.p.TestFile    ... success: reloaded. 
136353     INFO  main            d.u.i.k.p.r.p.TestFile    Now processing file /home/runner/work/key/key/key.core/../key.ui/examples/heap/list_seq/ArrayList.get.key 
136354     INFO  main            d.u.i.k.p.i.AbstractProblemLoader Loading environment from /home/runner/work/key/key/key.core/../key.ui/examples/heap/list_seq/ArrayList.get.key 
136354     DEBUG main            d.u.i.k.p.i.AbstractProblemLoader Environment load took 100ns 
136355     WARN  main            d.u.i.k.n.ParsingFacade   /home/runner/work/key/key/key.core/../key.ui/examples/heap/list_seq/ArrayList.get.key took 1 ms to parse. 
136355     WARN  main            d.u.i.k.n.ParsingFacade   Parsing time 389 ms. 
136355     INFO  main            d.u.i.k.p.i.AbstractProblemLoader Creating init config 
137378     WARN  main            d.u.i.k.n.ParsingFacade   file:/home/runner/work/key/key/key.core/build/resources/main/de/uka/ilkd/key/java/JavaRedux/java/lang/String.key took 2 ms to parse. 
137378     WARN  main            d.u.i.k.n.ParsingFacade   Parsing time 391 ms. 
139385     DEBUG main            d.u.i.k.p.i.AbstractProblemLoader Init config took 3.03s 
139458     INFO  main            d.u.i.k.p.i.AbstractProblemLoader Replaying proof ArrayList[List::get(int)].JML normal_behavior operation contract.0 
139459     DEBUG main            d.u.i.k.p.i.IntermediateProofReplayer Proof replay took 5.5ns 
139460     WARN  main            d.u.i.k.n.ParsingFacade   /home/runner/work/key/key/key.core/../key.ui/examples/heap/list_seq/ArrayList.get.key took 0 ms to parse. 
139460     WARN  main            d.u.i.k.n.ParsingFacade   Parsing time 391 ms. 
140063     INFO  main            d.u.i.k.p.r.p.TestFile    ... finished proof: closed. 
140225     INFO  main            d.u.i.k.p.i.AbstractProblemLoader Loading environment from /home/runner/work/key/key/key.core/../key.ui/examples/heap/list_seq/ArrayList.get.key.proof 
140225     DEBUG main            d.u.i.k.p.i.AbstractProblemLoader Environment load took 107ns 
140225     WARN  main            d.u.i.k.n.ParsingFacade   /home/runner/work/key/key/key.core/../key.ui/examples/heap/list_seq/ArrayList.get.key.proof took 0 ms to parse. 
140225     WARN  main            d.u.i.k.n.ParsingFacade   Parsing time 391 ms. 
140226     INFO  main            d.u.i.k.p.i.AbstractProblemLoader Creating init config 
141231     WARN  main            d.u.i.k.n.ParsingFacade   file:/home/runner/work/key/key/key.core/build/resources/main/de/uka/ilkd/key/java/JavaRedux/java/lang/String.key took 1 ms to parse. 
141231     WARN  main            d.u.i.k.n.ParsingFacade   Parsing time 392 ms. 
143179     DEBUG main            d.u.i.k.p.i.AbstractProblemLoader Init config took 2.95s 
143255     INFO  main            d.u.i.k.p.i.AbstractProblemLoader Replaying proof ArrayList[List::get(int)].JML normal_behavior operation contract.0 
143341     DEBUG main            d.u.i.k.p.i.IntermediateProofReplayer Proof replay took 81.18ms 
143342     WARN  main            d.u.i.k.n.ParsingFacade   /home/runner/work/key/key/key.core/../key.ui/examples/heap/list_seq/ArrayList.get.key.proof took 0 ms to parse. 
143342     WARN  main            d.u.i.k.n.ParsingFacade   Parsing time 392 ms. 
143343     DEBUG main            d.u.i.k.p.r.p.TestFile    ... success: reloaded. 
143344     INFO  main            d.u.i.k.p.r.p.TestFile    Now processing file /home/runner/work/key/key/key.core/../key.ui/examples/heap/list_seq/ArrayList.newArray.key 
143344     INFO  main            d.u.i.k.p.i.AbstractProblemLoader Loading environment from /home/runner/work/key/key/key.core/../key.ui/examples/heap/list_seq/ArrayList.newArray.key 
143344     DEBUG main            d.u.i.k.p.i.AbstractProblemLoader Environment load took 168.8ns 
143345     WARN  main            d.u.i.k.n.ParsingFacade   /home/runner/work/key/key/key.core/../key.ui/examples/heap/list_seq/ArrayList.newArray.key took 0 ms to parse. 
143345     WARN  main            d.u.i.k.n.ParsingFacade   Parsing time 392 ms. 
143345     INFO  main            d.u.i.k.p.i.AbstractProblemLoader Creating init config 
144346     WARN  main            d.u.i.k.n.ParsingFacade   file:/home/runner/work/key/key/key.core/build/resources/main/de/uka/ilkd/key/java/JavaRedux/java/lang/String.key took 1 ms to parse. 
144347     WARN  main            d.u.i.k.n.ParsingFacade   Parsing time 393 ms. 
146337     DEBUG main            d.u.i.k.p.i.AbstractProblemLoader Init config took 2.99s 
146409     INFO  main            d.u.i.k.p.i.AbstractProblemLoader Replaying proof ArrayList[ArrayList::newArray(int)].JML normal_behavior operation contract.0 
146411     DEBUG main            d.u.i.k.p.i.IntermediateProofReplayer Proof replay took 5.6ns 
146411     WARN  main            d.u.i.k.n.ParsingFacade   /home/runner/work/key/key/key.core/../key.ui/examples/heap/list_seq/ArrayList.newArray.key took 0 ms to parse. 
146411     WARN  main            d.u.i.k.n.ParsingFacade   Parsing time 393 ms. 
146716     INFO  main            d.u.i.k.p.r.p.TestFile    ... finished proof: closed. 
146881     INFO  main            d.u.i.k.p.i.AbstractProblemLoader Loading environment from /home/runner/work/key/key/key.core/../key.ui/examples/heap/list_seq/ArrayList.newArray.key.proof 
146881     DEBUG main            d.u.i.k.p.i.AbstractProblemLoader Environment load took 104.7ns 
146882     WARN  main            d.u.i.k.n.ParsingFacade   /home/runner/work/key/key/key.core/../key.ui/examples/heap/list_seq/ArrayList.newArray.key.proof took 0 ms to parse. 
146882     WARN  main            d.u.i.k.n.ParsingFacade   Parsing time 393 ms. 
146883     INFO  main            d.u.i.k.p.i.AbstractProblemLoader Creating init config 
147892     WARN  main            d.u.i.k.n.ParsingFacade   file:/home/runner/work/key/key/key.core/build/resources/main/de/uka/ilkd/key/java/JavaRedux/java/lang/String.key took 1 ms to parse. 
147893     WARN  main            d.u.i.k.n.ParsingFacade   Parsing time 394 ms. 
149801     DEBUG main            d.u.i.k.p.i.AbstractProblemLoader Init config took 2.92s 
149878     INFO  main            d.u.i.k.p.i.AbstractProblemLoader Replaying proof ArrayList[ArrayList::newArray(int)].JML normal_behavior operation contract.0 
149933     DEBUG main            d.u.i.k.p.i.IntermediateProofReplayer Proof replay took 51.21ms 
149933     WARN  main            d.u.i.k.n.ParsingFacade   /home/runner/work/key/key/key.core/../key.ui/examples/heap/list_seq/ArrayList.newArray.key.proof took 0 ms to parse. 
149934     WARN  main            d.u.i.k.n.ParsingFacade   Parsing time 394 ms. 
149934     DEBUG main            d.u.i.k.p.r.p.TestFile    ... success: reloaded. 
149935     INFO  main            d.u.i.k.p.r.p.TestFile    Now processing file /home/runner/work/key/key/key.core/../key.ui/examples/heap/list_seq/ArrayList.remove.0.key 
149936     INFO  main            d.u.i.k.p.i.AbstractProblemLoader Loading environment from /home/runner/work/key/key/key.core/../key.ui/examples/heap/list_seq/ArrayList.remove.0.key 
149936     DEBUG main            d.u.i.k.p.i.AbstractProblemLoader Environment load took 167.5ns 
149936     WARN  main            d.u.i.k.n.ParsingFacade   /home/runner/work/key/key/key.core/../key.ui/examples/heap/list_seq/ArrayList.remove.0.key took 0 ms to parse. 
149937     WARN  main            d.u.i.k.n.ParsingFacade   Parsing time 394 ms. 
149938     INFO  main            d.u.i.k.p.i.AbstractProblemLoader Creating init config 
150941     WARN  main            d.u.i.k.n.ParsingFacade   file:/home/runner/work/key/key/key.core/build/resources/main/de/uka/ilkd/key/java/JavaRedux/java/lang/String.key took 1 ms to parse. 
150941     WARN  main            d.u.i.k.n.ParsingFacade   Parsing time 395 ms. 
152890     DEBUG main            d.u.i.k.p.i.AbstractProblemLoader Init config took 2.95s 
152961     INFO  main            d.u.i.k.p.i.AbstractProblemLoader Replaying proof ArrayList[List::remove(java.lang.Object)].JML normal_behavior operation contract.0 
152963     DEBUG main            d.u.i.k.p.i.IntermediateProofReplayer Proof replay took 5.1ns 
152963     WARN  main            d.u.i.k.n.ParsingFacade   /home/runner/work/key/key/key.core/../key.ui/examples/heap/list_seq/ArrayList.remove.0.key took 0 ms to parse. 
152963     WARN  main            d.u.i.k.n.ParsingFacade   Parsing time 395 ms. 
154885     INFO  main            d.u.i.k.p.r.p.TestFile    ... finished proof: closed. 
155090     INFO  main            d.u.i.k.p.i.AbstractProblemLoader Loading environment from /home/runner/work/key/key/key.core/../key.ui/examples/heap/list_seq/ArrayList.remove.0.key.proof 
155095     DEBUG main            d.u.i.k.p.i.AbstractProblemLoader Environment load took 5.52ms 
155096     WARN  main            d.u.i.k.n.ParsingFacade   /home/runner/work/key/key/key.core/../key.ui/examples/heap/list_seq/ArrayList.remove.0.key.proof took 0 ms to parse. 
155096     WARN  main            d.u.i.k.n.ParsingFacade   Parsing time 395 ms. 
155097     INFO  main            d.u.i.k.p.i.AbstractProblemLoader Creating init config 
156074     WARN  main            d.u.i.k.n.ParsingFacade   file:/home/runner/work/key/key/key.core/build/resources/main/de/uka/ilkd/key/java/JavaRedux/java/lang/String.key took 1 ms to parse. 
156074     WARN  main            d.u.i.k.n.ParsingFacade   Parsing time 396 ms. 
158042     DEBUG main            d.u.i.k.p.i.AbstractProblemLoader Init config took 2.95s 
158113     INFO  main            d.u.i.k.p.i.AbstractProblemLoader Replaying proof ArrayList[List::remove(java.lang.Object)].JML normal_behavior operation contract.0 
158611     DEBUG main            d.u.i.k.p.i.IntermediateProofReplayer Proof replay took 491.07ms 
158612     WARN  main            d.u.i.k.n.ParsingFacade   /home/runner/work/key/key/key.core/../key.ui/examples/heap/list_seq/ArrayList.remove.0.key.proof took 0 ms to parse. 
158612     WARN  main            d.u.i.k.n.ParsingFacade   Parsing time 396 ms. 
158613     DEBUG main            d.u.i.k.p.r.p.TestFile    ... success: reloaded. 
158614     INFO  main            d.u.i.k.p.r.p.TestFile    Now processing file /home/runner/work/key/key/key.core/../key.ui/examples/heap/list_seq/ArrayList.remove.1.key 
158614     INFO  main            d.u.i.k.p.i.AbstractProblemLoader Loading environment from /home/runner/work/key/key/key.core/../key.ui/examples/heap/list_seq/ArrayList.remove.1.key 
158614     DEBUG main            d.u.i.k.p.i.AbstractProblemLoader Environment load took 213.2ns 
158615     WARN  main            d.u.i.k.n.ParsingFacade   /home/runner/work/key/key/key.core/../key.ui/examples/heap/list_seq/ArrayList.remove.1.key took 0 ms to parse. 
158615     WARN  main            d.u.i.k.n.ParsingFacade   Parsing time 396 ms. 
158616     INFO  main            d.u.i.k.p.i.AbstractProblemLoader Creating init config 
159611     WARN  main            d.u.i.k.n.ParsingFacade   file:/home/runner/work/key/key/key.core/build/resources/main/de/uka/ilkd/key/java/JavaRedux/java/lang/String.key took 3 ms to parse. 
159614     WARN  main            d.u.i.k.n.ParsingFacade   Parsing time 399 ms. 
161569     DEBUG main            d.u.i.k.p.i.AbstractProblemLoader Init config took 2.95s 
161657     INFO  main            d.u.i.k.p.i.AbstractProblemLoader Replaying proof ArrayList[List::remove(java.lang.Object)].JML normal_behavior operation contract.1 
161659     DEBUG main            d.u.i.k.p.i.IntermediateProofReplayer Proof replay took 5.7ns 
161660     WARN  main            d.u.i.k.n.ParsingFacade   /home/runner/work/key/key/key.core/../key.ui/examples/heap/list_seq/ArrayList.remove.1.key took 0 ms to parse. 
161660     WARN  main            d.u.i.k.n.ParsingFacade   Parsing time 399 ms. 
172741     INFO  main            d.u.i.k.p.r.p.TestFile    ... finished proof: closed. 
173005     INFO  main            d.u.i.k.p.i.AbstractProblemLoader Loading environment from /home/runner/work/key/key/key.core/../key.ui/examples/heap/list_seq/ArrayList.remove.1.key.proof 
173006     DEBUG main            d.u.i.k.p.i.AbstractProblemLoader Environment load took 168.5ns 
173007     WARN  main            d.u.i.k.n.ParsingFacade   /home/runner/work/key/key/key.core/../key.ui/examples/heap/list_seq/ArrayList.remove.1.key.proof took 0 ms to parse. 
173007     WARN  main            d.u.i.k.n.ParsingFacade   Parsing time 399 ms. 
173008     INFO  main            d.u.i.k.p.i.AbstractProblemLoader Creating init config 
173980     WARN  main            d.u.i.k.n.ParsingFacade   file:/home/runner/work/key/key/key.core/build/resources/main/de/uka/ilkd/key/java/JavaRedux/java/lang/String.key took 1 ms to parse. 
173981     WARN  main            d.u.i.k.n.ParsingFacade   Parsing time 400 ms. 
175907     DEBUG main            d.u.i.k.p.i.AbstractProblemLoader Init config took 2.9s 
175982     INFO  main            d.u.i.k.p.i.AbstractProblemLoader Replaying proof ArrayList[List::remove(java.lang.Object)].JML normal_behavior operation contract.1 
177422     DEBUG main            d.u.i.k.p.i.IntermediateProofReplayer Proof replay took 1.4s 
177424     WARN  main            d.u.i.k.n.ParsingFacade   /home/runner/work/key/key/key.core/../key.ui/examples/heap/list_seq/ArrayList.remove.1.key.proof took 1 ms to parse. 
177424     WARN  main            d.u.i.k.n.ParsingFacade   Parsing time 401 ms. 
177424     DEBUG main            d.u.i.k.p.r.p.TestFile    ... success: reloaded. 
1396932    INFO  Test worker     d.u.i.k.p.r.RunAllProofsTestUnit Returning from test list_seq 
1396935    INFO  Test worker     d.u.i.k.p.r.RunAllProofsTestUnit Running test observer 
328        INFO  Timeout watchdog d.u.i.k.p.r.p.ForkedTestFileRunner Timeout watcher launched (2000 secs.) 
335        WARN  main            d.u.i.k.s.ProofSettings   The settings in /home/runner/.key/proof-settings.props are *not* read. 
364        INFO  main            d.u.i.k.p.r.p.TestFile    Now processing file /home/runner/work/key/key/key.core/../key.ui/examples/heap/observer/ExampleObserver_ExampleObserver.key 
477        INFO  main            d.u.i.k.p.i.AbstractProblemLoader Loading environment from /home/runner/work/key/key/key.core/../key.ui/examples/heap/observer/ExampleObserver_ExampleObserver.key 
493        DEBUG main            d.u.i.k.p.i.AbstractProblemLoader Environment load took 1.98ms 
579        WARN  main            d.u.i.k.n.ParsingFacade   /home/runner/work/key/key/key.core/../key.ui/examples/heap/observer/ExampleObserver_ExampleObserver.key took 15 ms to parse. 
579        WARN  main            d.u.i.k.n.ParsingFacade   Parsing time 15 ms. 
708        INFO  main            d.u.i.k.p.i.AbstractProblemLoader Creating init config 
717        WARN  main            d.u.i.k.n.ParsingFacade   file:/home/runner/work/key/key/key.core/build/resources/main/de/uka/ilkd/key/proof/rules/standardRules.key took 5 ms to parse. 
717        WARN  main            d.u.i.k.n.ParsingFacade   Parsing time 20 ms. 
728        WARN  main            d.u.i.k.n.ParsingFacade   file:/home/runner/work/key/key/key.core/build/resources/main/de/uka/ilkd/key/proof/rules/ldt.key took 1 ms to parse. 
728        WARN  main            d.u.i.k.n.ParsingFacade   Parsing time 21 ms. 
734        WARN  main            d.u.i.k.n.ParsingFacade   file:/home/runner/work/key/key/key.core/build/resources/main/de/uka/ilkd/key/proof/rules/boolean.key took 3 ms to parse. 
734        WARN  main            d.u.i.k.n.ParsingFacade   Parsing time 24 ms. 
748        WARN  main            d.u.i.k.n.ParsingFacade   file:/home/runner/work/key/key/key.core/build/resources/main/de/uka/ilkd/key/proof/rules/ruleSetsDeclarations.key took 6 ms to parse. 
749        WARN  main            d.u.i.k.n.ParsingFacade   Parsing time 30 ms. 
770        WARN  main            d.u.i.k.n.ParsingFacade   file:/home/runner/work/key/key/key.core/build/resources/main/de/uka/ilkd/key/proof/rules/integerHeader.key took 4 ms to parse. 
770        WARN  main            d.u.i.k.n.ParsingFacade   Parsing time 34 ms. 
774        WARN  main            d.u.i.k.n.ParsingFacade   file:/home/runner/work/key/key/key.core/build/resources/main/de/uka/ilkd/key/proof/rules/floatHeader.key took 4 ms to parse. 
774        WARN  main            d.u.i.k.n.ParsingFacade   Parsing time 38 ms. 
775        WARN  main            d.u.i.k.n.ParsingFacade   file:/home/runner/work/key/key/key.core/build/resources/main/de/uka/ilkd/key/proof/rules/heap.key took 1 ms to parse. 
776        WARN  main            d.u.i.k.n.ParsingFacade   Parsing time 39 ms. 
778        WARN  main            d.u.i.k.n.ParsingFacade   file:/home/runner/work/key/key/key.core/build/resources/main/de/uka/ilkd/key/proof/rules/locSets.key took 0 ms to parse. 
778        WARN  main            d.u.i.k.n.ParsingFacade   Parsing time 39 ms. 
779        WARN  main            d.u.i.k.n.ParsingFacade   file:/home/runner/work/key/key/key.core/build/resources/main/de/uka/ilkd/key/proof/rules/permission.key took 1 ms to parse. 
779        WARN  main            d.u.i.k.n.ParsingFacade   Parsing time 40 ms. 
779        WARN  main            d.u.i.k.n.ParsingFacade   file:/home/runner/work/key/key/key.core/build/resources/main/de/uka/ilkd/key/proof/rules/reach.key took 0 ms to parse. 
779        WARN  main            d.u.i.k.n.ParsingFacade   Parsing time 40 ms. 
780        WARN  main            d.u.i.k.n.ParsingFacade   file:/home/runner/work/key/key/key.core/build/resources/main/de/uka/ilkd/key/proof/rules/seq.key took 0 ms to parse. 
780        WARN  main            d.u.i.k.n.ParsingFacade   Parsing time 40 ms. 
805        WARN  main            d.u.i.k.n.ParsingFacade   file:/home/runner/work/key/key/key.core/build/resources/main/de/uka/ilkd/key/proof/rules/map.key took 24 ms to parse. 
805        WARN  main            d.u.i.k.n.ParsingFacade   Parsing time 64 ms. 
806        WARN  main            d.u.i.k.n.ParsingFacade   file:/home/runner/work/key/key/key.core/build/resources/main/de/uka/ilkd/key/proof/rules/freeADT.key took 0 ms to parse. 
806        WARN  main            d.u.i.k.n.ParsingFacade   Parsing time 64 ms. 
807        WARN  main            d.u.i.k.n.ParsingFacade   file:/home/runner/work/key/key/key.core/build/resources/main/de/uka/ilkd/key/proof/rules/wellfound.key took 1 ms to parse. 
807        WARN  main            d.u.i.k.n.ParsingFacade   Parsing time 65 ms. 
807        WARN  main            d.u.i.k.n.ParsingFacade   file:/home/runner/work/key/key/key.core/build/resources/main/de/uka/ilkd/key/proof/rules/charListHeader.key took 0 ms to parse. 
807        WARN  main            d.u.i.k.n.ParsingFacade   Parsing time 65 ms. 
919        WARN  main            d.u.i.k.n.ParsingFacade   file:/home/runner/work/key/key/key.core/build/resources/main/de/uka/ilkd/key/proof/rules/propRule.key took 4 ms to parse. 
919        WARN  main            d.u.i.k.n.ParsingFacade   Parsing time 69 ms. 
963        WARN  main            d.u.i.k.n.ParsingFacade   file:/home/runner/work/key/key/key.core/build/resources/main/de/uka/ilkd/key/proof/rules/firstOrderRules.key took 11 ms to parse. 
963        WARN  main            d.u.i.k.n.ParsingFacade   Parsing time 80 ms. 
996        WARN  main            d.u.i.k.n.ParsingFacade   file:/home/runner/work/key/key/key.core/build/resources/main/de/uka/ilkd/key/proof/rules/ifThenElseRules.key took 4 ms to parse. 
996        WARN  main            d.u.i.k.n.ParsingFacade   Parsing time 84 ms. 
1038       WARN  main            d.u.i.k.n.ParsingFacade   file:/home/runner/work/key/key/key.core/build/resources/main/de/uka/ilkd/key/proof/rules/formulaNormalisationRules.key took 26 ms to parse. 
1038       WARN  main            d.u.i.k.n.ParsingFacade   Parsing time 110 ms. 
1096       WARN  main            d.u.i.k.n.ParsingFacade   file:/home/runner/work/key/key/key.core/build/resources/main/de/uka/ilkd/key/proof/rules/updateRules.key took 4 ms to parse. 
1096       WARN  main            d.u.i.k.n.ParsingFacade   Parsing time 114 ms. 
1112       WARN  main            d.u.i.k.n.ParsingFacade   file:/home/runner/work/key/key/key.core/build/resources/main/de/uka/ilkd/key/proof/rules/integerRulesCommon.key took 2 ms to parse. 
1112       WARN  main            d.u.i.k.n.ParsingFacade   Parsing time 116 ms. 
1199       WARN  main            d.u.i.k.n.ParsingFacade   file:/home/runner/work/key/key/key.core/build/resources/main/de/uka/ilkd/key/proof/rules/intRules.key took 3 ms to parse. 
1199       WARN  main            d.u.i.k.n.ParsingFacade   Parsing time 119 ms. 
1212       WARN  main            d.u.i.k.n.ParsingFacade   file:/home/runner/work/key/key/key.core/build/resources/main/de/uka/ilkd/key/proof/rules/intRulesUncheckedSemantics.key took 3 ms to parse. 
1212       WARN  main            d.u.i.k.n.ParsingFacade   Parsing time 122 ms. 
1224       WARN  main            d.u.i.k.n.ParsingFacade   file:/home/runner/work/key/key/key.core/build/resources/main/de/uka/ilkd/key/proof/rules/intRulesCheckedSemantics.key took 1 ms to parse. 
1224       WARN  main            d.u.i.k.n.ParsingFacade   Parsing time 123 ms. 
1233       WARN  main            d.u.i.k.n.ParsingFacade   file:/home/runner/work/key/key/key.core/build/resources/main/de/uka/ilkd/key/proof/rules/intRulesJavaSemantics.key took 3 ms to parse. 
1233       WARN  main            d.u.i.k.n.ParsingFacade   Parsing time 126 ms. 
1273       WARN  main            d.u.i.k.n.ParsingFacade   file:/home/runner/work/key/key/key.core/build/resources/main/de/uka/ilkd/key/proof/rules/integerSimplificationRules.key took 30 ms to parse. 
1273       WARN  main            d.u.i.k.n.ParsingFacade   Parsing time 156 ms. 
1382       DEBUG main            d.u.i.k.j.TypeConverter   No LDT found for Meta 
1383       DEBUG main            d.u.i.k.j.TypeConverter   No LDT found for Meta 
1386       DEBUG main            d.u.i.k.j.TypeConverter   No LDT found for Meta 
1386       DEBUG main            d.u.i.k.j.TypeConverter   No LDT found for Meta 
1431       WARN  main            d.u.i.k.n.ParsingFacade   file:/home/runner/work/key/key/key.core/build/resources/main/de/uka/ilkd/key/proof/rules/intDiv.key took 9 ms to parse. 
1431       WARN  main            d.u.i.k.n.ParsingFacade   Parsing time 165 ms. 
1484       WARN  main            d.u.i.k.n.ParsingFacade   file:/home/runner/work/key/key/key.core/build/resources/main/de/uka/ilkd/key/proof/rules/bsum.key took 26 ms to parse. 
1484       WARN  main            d.u.i.k.n.ParsingFacade   Parsing time 191 ms. 
1523       WARN  main            d.u.i.k.n.ParsingFacade   file:/home/runner/work/key/key/key.core/build/resources/main/de/uka/ilkd/key/proof/rules/bprod.key took 3 ms to parse. 
1523       WARN  main            d.u.i.k.n.ParsingFacade   Parsing time 194 ms. 
1534       WARN  main            d.u.i.k.n.ParsingFacade   file:/home/runner/work/key/key/key.core/build/resources/main/de/uka/ilkd/key/proof/rules/binaryAxioms.key took 0 ms to parse. 
1534       WARN  main            d.u.i.k.n.ParsingFacade   Parsing time 194 ms. 
1540       WARN  main            d.u.i.k.n.ParsingFacade   file:/home/runner/work/key/key/key.core/build/resources/main/de/uka/ilkd/key/proof/rules/binaryLemmas.key took 1 ms to parse. 
1540       WARN  main            d.u.i.k.n.ParsingFacade   Parsing time 195 ms. 
1550       WARN  main            d.u.i.k.n.ParsingFacade   file:/home/runner/work/key/key/key.core/build/resources/main/de/uka/ilkd/key/proof/rules/intPow.key took 1 ms to parse. 
1551       WARN  main            d.u.i.k.n.ParsingFacade   Parsing time 196 ms. 
1565       WARN  main            d.u.i.k.n.ParsingFacade   file:/home/runner/work/key/key/key.core/build/resources/main/de/uka/ilkd/key/proof/rules/floatRulesCommon.key took 6 ms to parse. 
1565       WARN  main            d.u.i.k.n.ParsingFacade   Parsing time 202 ms. 
1576       WARN  main            d.u.i.k.n.ParsingFacade   file:/home/runner/work/key/key/key.core/build/resources/main/de/uka/ilkd/key/proof/rules/floatRules.key took 0 ms to parse. 
1576       WARN  main            d.u.i.k.n.ParsingFacade   Parsing time 202 ms. 
1577       WARN  main            d.u.i.k.n.ParsingFacade   file:/home/runner/work/key/key/key.core/build/resources/main/de/uka/ilkd/key/proof/rules/floatRulesVerifyNormal.key took 0 ms to parse. 
1577       WARN  main            d.u.i.k.n.ParsingFacade   Parsing time 202 ms. 
1582       WARN  main            d.u.i.k.n.ParsingFacade   file:/home/runner/work/key/key/key.core/build/resources/main/de/uka/ilkd/key/proof/rules/floatRulesAssumeStrictfp.key took 5 ms to parse. 
1582       WARN  main            d.u.i.k.n.ParsingFacade   Parsing time 207 ms. 
1620       WARN  main            d.u.i.k.n.ParsingFacade   file:/home/runner/work/key/key/key.core/build/resources/main/de/uka/ilkd/key/proof/rules/genericRules.key took 6 ms to parse. 
1620       WARN  main            d.u.i.k.n.ParsingFacade   Parsing time 213 ms. 
1628       WARN  main            d.u.i.k.n.ParsingFacade   file:/home/runner/work/key/key/key.core/build/resources/main/de/uka/ilkd/key/proof/rules/booleanRules.key took 0 ms to parse. 
1628       WARN  main            d.u.i.k.n.ParsingFacade   Parsing time 213 ms. 
1631       WARN  main            d.u.i.k.n.ParsingFacade   file:/home/runner/work/key/key/key.core/build/resources/main/de/uka/ilkd/key/proof/rules/epsilon.key took 1 ms to parse. 
1631       WARN  main            d.u.i.k.n.ParsingFacade   Parsing time 214 ms. 
1639       WARN  main            d.u.i.k.n.ParsingFacade   file:/home/runner/work/key/key/key.core/build/resources/main/de/uka/ilkd/key/proof/rules/locSetsRules.key took 7 ms to parse. 
1639       WARN  main            d.u.i.k.n.ParsingFacade   Parsing time 221 ms. 
1688       WARN  main            d.u.i.k.n.ParsingFacade   file:/home/runner/work/key/key/key.core/build/resources/main/de/uka/ilkd/key/proof/rules/heapRules.key took 6 ms to parse. 
1688       WARN  main            d.u.i.k.n.ParsingFacade   Parsing time 227 ms. 
1709       WARN  main            d.u.i.k.n.ParsingFacade   file:/home/runner/work/key/key/key.core/build/resources/main/de/uka/ilkd/key/proof/rules/permissionRules.key took 2 ms to parse. 
1709       WARN  main            d.u.i.k.n.ParsingFacade   Parsing time 229 ms. 
1720       WARN  main            d.u.i.k.n.ParsingFacade   file:/home/runner/work/key/key/key.core/build/resources/main/de/uka/ilkd/key/proof/rules/reachRules.key took 3 ms to parse. 
1720       WARN  main            d.u.i.k.n.ParsingFacade   Parsing time 232 ms. 
1729       WARN  main            d.u.i.k.n.ParsingFacade   file:/home/runner/work/key/key/key.core/build/resources/main/de/uka/ilkd/key/proof/rules/seqCoreRules.key took 0 ms to parse. 
1729       WARN  main            d.u.i.k.n.ParsingFacade   Parsing time 232 ms. 
1735       WARN  main            d.u.i.k.n.ParsingFacade   file:/home/runner/work/key/key/key.core/build/resources/main/de/uka/ilkd/key/proof/rules/seqRules.key took 4 ms to parse. 
1735       WARN  main            d.u.i.k.n.ParsingFacade   Parsing time 236 ms. 
1782       WARN  main            d.u.i.k.n.ParsingFacade   file:/home/runner/work/key/key/key.core/build/resources/main/de/uka/ilkd/key/proof/rules/seqPerm.key took 4 ms to parse. 
1782       WARN  main            d.u.i.k.n.ParsingFacade   Parsing time 240 ms. 
1795       WARN  main            d.u.i.k.n.ParsingFacade   file:/home/runner/work/key/key/key.core/build/resources/main/de/uka/ilkd/key/proof/rules/seqPerm2.key took 1 ms to parse. 
1795       WARN  main            d.u.i.k.n.ParsingFacade   Parsing time 241 ms. 
1826       WARN  main            d.u.i.k.n.ParsingFacade   file:/home/runner/work/key/key/key.core/build/resources/main/de/uka/ilkd/key/proof/rules/javaRules.key took 29 ms to parse. 
1826       WARN  main            d.u.i.k.n.ParsingFacade   Parsing time 270 ms. 
1833       WARN  main            d.u.i.k.n.ParsingFacade   file:/home/runner/work/key/key/key.core/build/resources/main/de/uka/ilkd/key/proof/rules/assertions.key took 1 ms to parse. 
1833       WARN  main            d.u.i.k.n.ParsingFacade   Parsing time 271 ms. 
2432       WARN  main            d.u.i.k.n.ParsingFacade   file:/home/runner/work/key/key/key.core/build/resources/main/de/uka/ilkd/key/proof/rules/loopRules.key took 3 ms to parse. 
2432       WARN  main            d.u.i.k.n.ParsingFacade   Parsing time 274 ms. 
2442       WARN  main            d.u.i.k.n.ParsingFacade   file:/home/runner/work/key/key/key.core/build/resources/main/de/uka/ilkd/key/proof/rules/activeUse.key took 1 ms to parse. 
2442       WARN  main            d.u.i.k.n.ParsingFacade   Parsing time 275 ms. 
2512       WARN  main            d.u.i.k.n.ParsingFacade   file:/home/runner/work/key/key/key.core/build/resources/main/de/uka/ilkd/key/proof/rules/instanceAllocation.key took 5 ms to parse. 
2512       WARN  main            d.u.i.k.n.ParsingFacade   Parsing time 280 ms. 
2528       WARN  main            d.u.i.k.n.ParsingFacade   file:/home/runner/work/key/key/key.core/build/resources/main/de/uka/ilkd/key/proof/rules/java5.key took 0 ms to parse. 
2528       WARN  main            d.u.i.k.n.ParsingFacade   Parsing time 280 ms. 
2535       WARN  main            d.u.i.k.n.ParsingFacade   file:/home/runner/work/key/key/key.core/build/resources/main/de/uka/ilkd/key/proof/rules/integerAssignment2UpdateRules.key took 3 ms to parse. 
2535       WARN  main            d.u.i.k.n.ParsingFacade   Parsing time 283 ms. 
2579       WARN  main            d.u.i.k.n.ParsingFacade   file:/home/runner/work/key/key/key.core/build/resources/main/de/uka/ilkd/key/proof/rules/floatAssignment2UpdateRules.key took 5 ms to parse. 
2579       WARN  main            d.u.i.k.n.ParsingFacade   Parsing time 288 ms. 
2623       WARN  main            d.u.i.k.n.ParsingFacade   file:/home/runner/work/key/key/key.core/build/resources/main/de/uka/ilkd/key/proof/rules/bigint.key took 1 ms to parse. 
2624       WARN  main            d.u.i.k.n.ParsingFacade   Parsing time 289 ms. 
2636       DEBUG main            d.u.i.k.j.TypeConverter   No LDT found for JavaBigintExpression 
2640       WARN  main            d.u.i.k.n.ParsingFacade   file:/home/runner/work/key/key/key.core/build/resources/main/de/uka/ilkd/key/proof/rules/adtProgramDecompositionRules.key took 1 ms to parse. 
2640       WARN  main            d.u.i.k.n.ParsingFacade   Parsing time 290 ms. 
2665       WARN  main            d.u.i.k.n.ParsingFacade   file:/home/runner/work/key/key/key.core/build/resources/main/de/uka/ilkd/key/proof/rules/precRules.key took 1 ms to parse. 
2666       WARN  main            d.u.i.k.n.ParsingFacade   Parsing time 291 ms. 
2670       WARN  main            d.u.i.k.n.ParsingFacade   file:/home/runner/work/key/key/key.core/build/resources/main/de/uka/ilkd/key/proof/rules/charListRules.key took 2 ms to parse. 
2671       WARN  main            d.u.i.k.n.ParsingFacade   Parsing time 293 ms. 
2679       WARN  main            d.u.i.k.n.ParsingFacade   file:/home/runner/work/key/key/key.core/build/resources/main/de/uka/ilkd/key/proof/rules/regExTheory.key took 0 ms to parse. 
2679       WARN  main            d.u.i.k.n.ParsingFacade   Parsing time 293 ms. 
2680       WARN  main            d.u.i.k.n.ParsingFacade   file:/home/runner/work/key/key/key.core/build/resources/main/de/uka/ilkd/key/proof/rules/regExHeader.key took 0 ms to parse. 
2680       WARN  main            d.u.i.k.n.ParsingFacade   Parsing time 293 ms. 
2681       WARN  main            d.u.i.k.n.ParsingFacade   file:/home/runner/work/key/key/key.core/build/resources/main/de/uka/ilkd/key/proof/rules/regExAxioms.key took 1 ms to parse. 
2681       WARN  main            d.u.i.k.n.ParsingFacade   Parsing time 294 ms. 
2684       WARN  main            d.u.i.k.n.ParsingFacade   file:/home/runner/work/key/key/key.core/build/resources/main/de/uka/ilkd/key/proof/rules/regExLemmaProven.key took 1 ms to parse. 
2684       WARN  main            d.u.i.k.n.ParsingFacade   Parsing time 295 ms. 
2688       WARN  main            d.u.i.k.n.ParsingFacade   file:/home/runner/work/key/key/key.core/build/resources/main/de/uka/ilkd/key/proof/rules/seqEq.key took 1 ms to parse. 
2688       WARN  main            d.u.i.k.n.ParsingFacade   Parsing time 296 ms. 
2694       WARN  main            d.u.i.k.n.ParsingFacade   file:/home/runner/work/key/key/key.core/build/resources/main/de/uka/ilkd/key/proof/rules/infFlow.key took 1 ms to parse. 
2694       WARN  main            d.u.i.k.n.ParsingFacade   Parsing time 297 ms. 
2698       WARN  main            d.u.i.k.n.ParsingFacade   file:/home/runner/work/key/key/key.core/build/resources/main/de/uka/ilkd/key/proof/rules/mapSize.key took 1 ms to parse. 
2698       WARN  main            d.u.i.k.n.ParsingFacade   Parsing time 298 ms. 
2700       WARN  main            d.u.i.k.n.ParsingFacade   file:/home/runner/work/key/key/key.core/build/resources/main/de/uka/ilkd/key/proof/rules/wd.key took 0 ms to parse. 
2700       WARN  main            d.u.i.k.n.ParsingFacade   Parsing time 298 ms. 
2701       WARN  main            d.u.i.k.n.ParsingFacade   file:/home/runner/work/key/key/key.core/build/resources/main/de/uka/ilkd/key/proof/rules/wdHeader.key took 0 ms to parse. 
2701       WARN  main            d.u.i.k.n.ParsingFacade   Parsing time 298 ms. 
2702       WARN  main            d.u.i.k.n.ParsingFacade   file:/home/runner/work/key/key/key.core/build/resources/main/de/uka/ilkd/key/proof/rules/wdGeneralRules.key took 0 ms to parse. 
2702       WARN  main            d.u.i.k.n.ParsingFacade   Parsing time 298 ms. 
2710       WARN  main            d.u.i.k.n.ParsingFacade   file:/home/runner/work/key/key/key.core/build/resources/main/de/uka/ilkd/key/proof/rules/wdNumericalRules.key took 4 ms to parse. 
2710       WARN  main            d.u.i.k.n.ParsingFacade   Parsing time 302 ms. 
2726       WARN  main            d.u.i.k.n.ParsingFacade   file:/home/runner/work/key/key/key.core/build/resources/main/de/uka/ilkd/key/proof/rules/wdLocSetRules.key took 1 ms to parse. 
2726       WARN  main            d.u.i.k.n.ParsingFacade   Parsing time 303 ms. 
2731       WARN  main            d.u.i.k.n.ParsingFacade   file:/home/runner/work/key/key/key.core/build/resources/main/de/uka/ilkd/key/proof/rules/wdHeapRules.key took 1 ms to parse. 
2731       WARN  main            d.u.i.k.n.ParsingFacade   Parsing time 304 ms. 
2734       WARN  main            d.u.i.k.n.ParsingFacade   file:/home/runner/work/key/key/key.core/build/resources/main/de/uka/ilkd/key/proof/rules/wdReachRules.key took 1 ms to parse. 
2734       WARN  main            d.u.i.k.n.ParsingFacade   Parsing time 305 ms. 
2735       WARN  main            d.u.i.k.n.ParsingFacade   file:/home/runner/work/key/key/key.core/build/resources/main/de/uka/ilkd/key/proof/rules/wdSeqRules.key took 1 ms to parse. 
2735       WARN  main            d.u.i.k.n.ParsingFacade   Parsing time 306 ms. 
2738       WARN  main            d.u.i.k.n.ParsingFacade   file:/home/runner/work/key/key/key.core/build/resources/main/de/uka/ilkd/key/proof/rules/wdStringRules.key took 1 ms to parse. 
2738       WARN  main            d.u.i.k.n.ParsingFacade   Parsing time 307 ms. 
2740       WARN  main            d.u.i.k.n.ParsingFacade   file:/home/runner/work/key/key/key.core/build/resources/main/de/uka/ilkd/key/proof/rules/wdRegExRules.key took 0 ms to parse. 
2740       WARN  main            d.u.i.k.n.ParsingFacade   Parsing time 307 ms. 
2744       WARN  main            d.u.i.k.n.ParsingFacade   file:/home/runner/work/key/key/key.core/build/resources/main/de/uka/ilkd/key/proof/rules/wdFormulaRules.key took 2 ms to parse. 
2744       WARN  main            d.u.i.k.n.ParsingFacade   Parsing time 309 ms. 
2753       WARN  main            d.u.i.k.n.ParsingFacade   file:/home/runner/work/key/key/key.core/build/resources/main/de/uka/ilkd/key/proof/rules/loopInvariantRules.key took 0 ms to parse. 
2753       WARN  main            d.u.i.k.n.ParsingFacade   Parsing time 309 ms. 
2754       WARN  main            d.u.i.k.n.ParsingFacade   file:/home/runner/work/key/key/key.core/build/resources/main/de/uka/ilkd/key/proof/rules/forLoopRules.key took 0 ms to parse. 
2754       WARN  main            d.u.i.k.n.ParsingFacade   Parsing time 309 ms. 
2758       WARN  main            d.u.i.k.n.ParsingFacade   file:/home/runner/work/key/key/key.core/build/resources/main/de/uka/ilkd/key/proof/rules/execRules.key took 2 ms to parse. 
2758       WARN  main            d.u.i.k.n.ParsingFacade   Parsing time 311 ms. 
2852       WARN  main            d.u.i.k.n.ParsingFacade   file:/home/runner/work/key/key/key.core/build/resources/main/de/uka/ilkd/key/proof/rules/loopScopeRules.key took 2 ms to parse. 
2852       WARN  main            d.u.i.k.n.ParsingFacade   Parsing time 313 ms. 
6018       WARN  main            d.u.i.k.n.ParsingFacade   file:/home/runner/work/key/key/key.core/build/resources/main/de/uka/ilkd/key/java/JavaRedux/java/lang/String.key took 4 ms to parse. 
6019       WARN  main            d.u.i.k.n.ParsingFacade   Parsing time 317 ms. 
8313       DEBUG main            d.u.i.k.p.i.AbstractProblemLoader Init config took 7.61s 
8437       INFO  main            d.u.i.k.p.i.AbstractProblemLoader Replaying proof ExampleObserver[ExampleObserver::ExampleObserver(ExampleSubject)].JML normal_behavior operation contract.0 
8506       DEBUG main            d.u.i.k.p.i.IntermediateProofReplayer Proof replay took 38.2ns 
8508       WARN  main            d.u.i.k.n.ParsingFacade   /home/runner/work/key/key/key.core/../key.ui/examples/heap/observer/ExampleObserver_ExampleObserver.key took 0 ms to parse. 
8508       WARN  main            d.u.i.k.n.ParsingFacade   Parsing time 317 ms. 
9540       INFO  main            d.u.i.k.p.r.p.TestFile    ... finished proof: closed. 
9670       INFO  main            d.u.i.k.p.i.AbstractProblemLoader Loading environment from /home/runner/work/key/key/key.core/../key.ui/examples/heap/observer/ExampleObserver_ExampleObserver.key.proof 
9670       DEBUG main            d.u.i.k.p.i.AbstractProblemLoader Environment load took 363.21ns 
9671       WARN  main            d.u.i.k.n.ParsingFacade   /home/runner/work/key/key/key.core/../key.ui/examples/heap/observer/ExampleObserver_ExampleObserver.key.proof took 1 ms to parse. 
9677       WARN  main            d.u.i.k.n.ParsingFacade   Parsing time 318 ms. 
9679       INFO  main            d.u.i.k.p.i.AbstractProblemLoader Creating init config 
10763      WARN  main            d.u.i.k.n.ParsingFacade   file:/home/runner/work/key/key/key.core/build/resources/main/de/uka/ilkd/key/java/JavaRedux/java/lang/String.key took 2 ms to parse. 
10763      WARN  main            d.u.i.k.n.ParsingFacade   Parsing time 320 ms. 
12602      DEBUG main            d.u.i.k.p.i.AbstractProblemLoader Init config took 2.92s 
12680      INFO  main            d.u.i.k.p.i.AbstractProblemLoader Replaying proof ExampleObserver[ExampleObserver::ExampleObserver(ExampleSubject)].JML normal_behavior operation contract.0 
12786      DEBUG main            d.u.i.k.p.i.IntermediateProofReplayer Proof replay took 98.22ms 
12787      WARN  main            d.u.i.k.n.ParsingFacade   /home/runner/work/key/key/key.core/../key.ui/examples/heap/observer/ExampleObserver_ExampleObserver.key.proof took 0 ms to parse. 
12787      WARN  main            d.u.i.k.n.ParsingFacade   Parsing time 320 ms. 
12793      DEBUG main            d.u.i.k.p.r.p.TestFile    ... success: reloaded. 
12795      INFO  main            d.u.i.k.p.r.p.TestFile    Now processing file /home/runner/work/key/key/key.core/../key.ui/examples/heap/observer/ExampleObserver_inv.key 
12795      INFO  main            d.u.i.k.p.i.AbstractProblemLoader Loading environment from /home/runner/work/key/key/key.core/../key.ui/examples/heap/observer/ExampleObserver_inv.key 
12796      DEBUG main            d.u.i.k.p.i.AbstractProblemLoader Environment load took 179.9ns 
12796      WARN  main            d.u.i.k.n.ParsingFacade   /home/runner/work/key/key/key.core/../key.ui/examples/heap/observer/ExampleObserver_inv.key took 0 ms to parse. 
12796      WARN  main            d.u.i.k.n.ParsingFacade   Parsing time 320 ms. 
12797      INFO  main            d.u.i.k.p.i.AbstractProblemLoader Creating init config 
13840      WARN  main            d.u.i.k.n.ParsingFacade   file:/home/runner/work/key/key/key.core/build/resources/main/de/uka/ilkd/key/java/JavaRedux/java/lang/String.key took 1 ms to parse. 
13840      WARN  main            d.u.i.k.n.ParsingFacade   Parsing time 321 ms. 
15741      DEBUG main            d.u.i.k.p.i.AbstractProblemLoader Init config took 2.94s 
15841      INFO  main            d.u.i.k.p.i.AbstractProblemLoader Replaying proof ExampleObserver[java.lang.Object::<inv>()].JML accessible clause.0 
15846      DEBUG main            d.u.i.k.p.i.IntermediateProofReplayer Proof replay took 7.3ns 
15847      WARN  main            d.u.i.k.n.ParsingFacade   /home/runner/work/key/key/key.core/../key.ui/examples/heap/observer/ExampleObserver_inv.key took 0 ms to parse. 
15847      WARN  main            d.u.i.k.n.ParsingFacade   Parsing time 321 ms. 
15951      INFO  main            d.u.i.k.p.r.p.TestFile    ... finished proof: closed. 
16095      INFO  main            d.u.i.k.p.i.AbstractProblemLoader Loading environment from /home/runner/work/key/key/key.core/../key.ui/examples/heap/observer/ExampleObserver_inv.key.proof 
16095      DEBUG main            d.u.i.k.p.i.AbstractProblemLoader Environment load took 134.8ns 
16095      WARN  main            d.u.i.k.n.ParsingFacade   /home/runner/work/key/key/key.core/../key.ui/examples/heap/observer/ExampleObserver_inv.key.proof took 0 ms to parse. 
16095      WARN  main            d.u.i.k.n.ParsingFacade   Parsing time 321 ms. 
16096      INFO  main            d.u.i.k.p.i.AbstractProblemLoader Creating init config 
17059      WARN  main            d.u.i.k.n.ParsingFacade   file:/home/runner/work/key/key/key.core/build/resources/main/de/uka/ilkd/key/java/JavaRedux/java/lang/String.key took 1 ms to parse. 
17059      WARN  main            d.u.i.k.n.ParsingFacade   Parsing time 322 ms. 
18929      DEBUG main            d.u.i.k.p.i.AbstractProblemLoader Init config took 2.83s 
18992      INFO  main            d.u.i.k.p.i.AbstractProblemLoader Replaying proof ExampleObserver[java.lang.Object::<inv>()].JML accessible clause.0 
19010      DEBUG main            d.u.i.k.p.i.IntermediateProofReplayer Proof replay took 14.4ms 
19011      WARN  main            d.u.i.k.n.ParsingFacade   /home/runner/work/key/key/key.core/../key.ui/examples/heap/observer/ExampleObserver_inv.key.proof took 0 ms to parse. 
19011      WARN  main            d.u.i.k.n.ParsingFacade   Parsing time 322 ms. 
19011      DEBUG main            d.u.i.k.p.r.p.TestFile    ... success: reloaded. 
19013      INFO  main            d.u.i.k.p.r.p.TestFile    Now processing file /home/runner/work/key/key/key.core/../key.ui/examples/heap/observer/ExampleObserver_subject.key 
19013      INFO  main            d.u.i.k.p.i.AbstractProblemLoader Loading environment from /home/runner/work/key/key/key.core/../key.ui/examples/heap/observer/ExampleObserver_subject.key 
19013      DEBUG main            d.u.i.k.p.i.AbstractProblemLoader Environment load took 182.6ns 
19014      WARN  main            d.u.i.k.n.ParsingFacade   /home/runner/work/key/key/key.core/../key.ui/examples/heap/observer/ExampleObserver_subject.key took 0 ms to parse. 
19014      WARN  main            d.u.i.k.n.ParsingFacade   Parsing time 322 ms. 
19015      INFO  main            d.u.i.k.p.i.AbstractProblemLoader Creating init config 
19946      WARN  main            d.u.i.k.n.ParsingFacade   file:/home/runner/work/key/key/key.core/build/resources/main/de/uka/ilkd/key/java/JavaRedux/java/lang/String.key took 1 ms to parse. 
19946      WARN  main            d.u.i.k.n.ParsingFacade   Parsing time 323 ms. 
21782      DEBUG main            d.u.i.k.p.i.AbstractProblemLoader Init config took 2.77s 
21832      INFO  main            d.u.i.k.p.i.AbstractProblemLoader Replaying proof Observer[Observer::$subject()].JML accessible clause.0 
21834      DEBUG main            d.u.i.k.p.i.IntermediateProofReplayer Proof replay took 6.4ns 
21834      WARN  main            d.u.i.k.n.ParsingFacade   /home/runner/work/key/key/key.core/../key.ui/examples/heap/observer/ExampleObserver_subject.key took 0 ms to parse. 
21834      WARN  main            d.u.i.k.n.ParsingFacade   Parsing time 323 ms. 
21936      INFO  main            d.u.i.k.p.r.p.TestFile    ... finished proof: closed. 
22097      INFO  main            d.u.i.k.p.i.AbstractProblemLoader Loading environment from /home/runner/work/key/key/key.core/../key.ui/examples/heap/observer/ExampleObserver_subject.key.proof 
22097      DEBUG main            d.u.i.k.p.i.AbstractProblemLoader Environment load took 121.1ns 
22097      WARN  main            d.u.i.k.n.ParsingFacade   /home/runner/work/key/key/key.core/../key.ui/examples/heap/observer/ExampleObserver_subject.key.proof took 0 ms to parse. 
22097      WARN  main            d.u.i.k.n.ParsingFacade   Parsing time 323 ms. 
22098      INFO  main            d.u.i.k.p.i.AbstractProblemLoader Creating init config 
23019      WARN  main            d.u.i.k.n.ParsingFacade   file:/home/runner/work/key/key/key.core/build/resources/main/de/uka/ilkd/key/java/JavaRedux/java/lang/String.key took 1 ms to parse. 
23019      WARN  main            d.u.i.k.n.ParsingFacade   Parsing time 324 ms. 
24784      DEBUG main            d.u.i.k.p.i.AbstractProblemLoader Init config took 2.69s 
24831      INFO  main            d.u.i.k.p.i.AbstractProblemLoader Replaying proof Observer[Observer::$subject()].JML accessible clause.0 
24834      DEBUG main            d.u.i.k.p.i.IntermediateProofReplayer Proof replay took 2.05ms 
24835      WARN  main            d.u.i.k.n.ParsingFacade   /home/runner/work/key/key/key.core/../key.ui/examples/heap/observer/ExampleObserver_subject.key.proof took 0 ms to parse. 
24835      WARN  main            d.u.i.k.n.ParsingFacade   Parsing time 324 ms. 
24836      DEBUG main            d.u.i.k.p.r.p.TestFile    ... success: reloaded. 
24837      INFO  main            d.u.i.k.p.r.p.TestFile    Now processing file /home/runner/work/key/key/key.core/../key.ui/examples/heap/observer/ExampleObserver_update.key 
24837      INFO  main            d.u.i.k.p.i.AbstractProblemLoader Loading environment from /home/runner/work/key/key/key.core/../key.ui/examples/heap/observer/ExampleObserver_update.key 
24837      DEBUG main            d.u.i.k.p.i.AbstractProblemLoader Environment load took 94.5ns 
24838      WARN  main            d.u.i.k.n.ParsingFacade   /home/runner/work/key/key/key.core/../key.ui/examples/heap/observer/ExampleObserver_update.key took 0 ms to parse. 
24838      WARN  main            d.u.i.k.n.ParsingFacade   Parsing time 324 ms. 
24839      INFO  main            d.u.i.k.p.i.AbstractProblemLoader Creating init config 
25795      WARN  main            d.u.i.k.n.ParsingFacade   file:/home/runner/work/key/key/key.core/build/resources/main/de/uka/ilkd/key/java/JavaRedux/java/lang/String.key took 1 ms to parse. 
25795      WARN  main            d.u.i.k.n.ParsingFacade   Parsing time 325 ms. 
27646      DEBUG main            d.u.i.k.p.i.AbstractProblemLoader Init config took 2.81s 
27693      INFO  main            d.u.i.k.p.i.AbstractProblemLoader Replaying proof ExampleObserver[Observer::update()].JML normal_behavior operation contract.0 
27695      DEBUG main            d.u.i.k.p.i.IntermediateProofReplayer Proof replay took 5.4ns 
27696      WARN  main            d.u.i.k.n.ParsingFacade   /home/runner/work/key/key/key.core/../key.ui/examples/heap/observer/ExampleObserver_update.key took 0 ms to parse. 
27696      WARN  main            d.u.i.k.n.ParsingFacade   Parsing time 325 ms. 
27999      INFO  main            d.u.i.k.p.r.p.TestFile    ... finished proof: closed. 
28212      INFO  main            d.u.i.k.p.i.AbstractProblemLoader Loading environment from /home/runner/work/key/key/key.core/../key.ui/examples/heap/observer/ExampleObserver_update.key.proof 
28213      DEBUG main            d.u.i.k.p.i.AbstractProblemLoader Environment load took 1.25ms 
28214      WARN  main            d.u.i.k.n.ParsingFacade   /home/runner/work/key/key/key.core/../key.ui/examples/heap/observer/ExampleObserver_update.key.proof took 0 ms to parse. 
28214      WARN  main            d.u.i.k.n.ParsingFacade   Parsing time 325 ms. 
28215      INFO  main            d.u.i.k.p.i.AbstractProblemLoader Creating init config 
29185      WARN  main            d.u.i.k.n.ParsingFacade   file:/home/runner/work/key/key/key.core/build/resources/main/de/uka/ilkd/key/java/JavaRedux/java/lang/String.key took 4 ms to parse. 
29185      WARN  main            d.u.i.k.n.ParsingFacade   Parsing time 329 ms. 
30943      DEBUG main            d.u.i.k.p.i.AbstractProblemLoader Init config took 2.73s 
30991      INFO  main            d.u.i.k.p.i.AbstractProblemLoader Replaying proof ExampleObserver[Observer::update()].JML normal_behavior operation contract.0 
31055      DEBUG main            d.u.i.k.p.i.IntermediateProofReplayer Proof replay took 60.71ms 
31055      WARN  main            d.u.i.k.n.ParsingFacade   /home/runner/work/key/key/key.core/../key.ui/examples/heap/observer/ExampleObserver_update.key.proof took 0 ms to parse. 
31056      WARN  main            d.u.i.k.n.ParsingFacade   Parsing time 329 ms. 
31056      DEBUG main            d.u.i.k.p.r.p.TestFile    ... success: reloaded. 
31057      INFO  main            d.u.i.k.p.r.p.TestFile    Now processing file /home/runner/work/key/key/key.core/../key.ui/examples/heap/observer/ExampleObserver_upToDate.key 
31058      INFO  main            d.u.i.k.p.i.AbstractProblemLoader Loading environment from /home/runner/work/key/key/key.core/../key.ui/examples/heap/observer/ExampleObserver_upToDate.key 
31058      DEBUG main            d.u.i.k.p.i.AbstractProblemLoader Environment load took 163.9ns 
31058      WARN  main            d.u.i.k.n.ParsingFacade   /home/runner/work/key/key/key.core/../key.ui/examples/heap/observer/ExampleObserver_upToDate.key took 0 ms to parse. 
31058      WARN  main            d.u.i.k.n.ParsingFacade   Parsing time 329 ms. 
31059      INFO  main            d.u.i.k.p.i.AbstractProblemLoader Creating init config 
32025      WARN  main            d.u.i.k.n.ParsingFacade   file:/home/runner/work/key/key/key.core/build/resources/main/de/uka/ilkd/key/java/JavaRedux/java/lang/String.key took 1 ms to parse. 
32026      WARN  main            d.u.i.k.n.ParsingFacade   Parsing time 330 ms. 
33862      DEBUG main            d.u.i.k.p.i.AbstractProblemLoader Init config took 2.8s 
33909      INFO  main            d.u.i.k.p.i.AbstractProblemLoader Replaying proof ExampleObserver[Observer::$upToDate()].JML accessible clause.0 
33911      DEBUG main            d.u.i.k.p.i.IntermediateProofReplayer Proof replay took 6.3ns 
33911      WARN  main            d.u.i.k.n.ParsingFacade   /home/runner/work/key/key/key.core/../key.ui/examples/heap/observer/ExampleObserver_upToDate.key took 0 ms to parse. 
33911      WARN  main            d.u.i.k.n.ParsingFacade   Parsing time 330 ms. 
34015      INFO  main            d.u.i.k.p.r.p.TestFile    ... finished proof: closed. 
34171      INFO  main            d.u.i.k.p.i.AbstractProblemLoader Loading environment from /home/runner/work/key/key/key.core/../key.ui/examples/heap/observer/ExampleObserver_upToDate.key.proof 
34171      DEBUG main            d.u.i.k.p.i.AbstractProblemLoader Environment load took 119.5ns 
34171      WARN  main            d.u.i.k.n.ParsingFacade   /home/runner/work/key/key/key.core/../key.ui/examples/heap/observer/ExampleObserver_upToDate.key.proof took 0 ms to parse. 
34171      WARN  main            d.u.i.k.n.ParsingFacade   Parsing time 330 ms. 
34172      INFO  main            d.u.i.k.p.i.AbstractProblemLoader Creating init config 
35070      WARN  main            d.u.i.k.n.ParsingFacade   file:/home/runner/work/key/key/key.core/build/resources/main/de/uka/ilkd/key/java/JavaRedux/java/lang/String.key took 1 ms to parse. 
35070      WARN  main            d.u.i.k.n.ParsingFacade   Parsing time 331 ms. 
36877      DEBUG main            d.u.i.k.p.i.AbstractProblemLoader Init config took 2.71s 
36923      INFO  main            d.u.i.k.p.i.AbstractProblemLoader Replaying proof ExampleObserver[Observer::$upToDate()].JML accessible clause.0 
36944      DEBUG main            d.u.i.k.p.i.IntermediateProofReplayer Proof replay took 18.22ms 
36944      WARN  main            d.u.i.k.n.ParsingFacade   /home/runner/work/key/key/key.core/../key.ui/examples/heap/observer/ExampleObserver_upToDate.key.proof took 0 ms to parse. 
36944      WARN  main            d.u.i.k.n.ParsingFacade   Parsing time 331 ms. 
36945      DEBUG main            d.u.i.k.p.r.p.TestFile    ... success: reloaded. 
36946      INFO  main            d.u.i.k.p.r.p.TestFile    Now processing file /home/runner/work/key/key/key.core/../key.ui/examples/heap/observer/ExampleObserver_value.key 
36946      INFO  main            d.u.i.k.p.i.AbstractProblemLoader Loading environment from /home/runner/work/key/key/key.core/../key.ui/examples/heap/observer/ExampleObserver_value.key 
36946      DEBUG main            d.u.i.k.p.i.AbstractProblemLoader Environment load took 84.6ns 
36947      WARN  main            d.u.i.k.n.ParsingFacade   /home/runner/work/key/key/key.core/../key.ui/examples/heap/observer/ExampleObserver_value.key took 0 ms to parse. 
36947      WARN  main            d.u.i.k.n.ParsingFacade   Parsing time 331 ms. 
36947      INFO  main            d.u.i.k.p.i.AbstractProblemLoader Creating init config 
37861      WARN  main            d.u.i.k.n.ParsingFacade   file:/home/runner/work/key/key/key.core/build/resources/main/de/uka/ilkd/key/java/JavaRedux/java/lang/String.key took 1 ms to parse. 
37861      WARN  main            d.u.i.k.n.ParsingFacade   Parsing time 332 ms. 
39677      DEBUG main            d.u.i.k.p.i.AbstractProblemLoader Init config took 2.73s 
39723      INFO  main            d.u.i.k.p.i.AbstractProblemLoader Replaying proof ExampleObserver[ExampleObserver::value()].JML normal_behavior operation contract.0 
39724      DEBUG main            d.u.i.k.p.i.IntermediateProofReplayer Proof replay took 6.2ns 
39725      WARN  main            d.u.i.k.n.ParsingFacade   /home/runner/work/key/key/key.core/../key.ui/examples/heap/observer/ExampleObserver_value.key took 0 ms to parse. 
39725      WARN  main            d.u.i.k.n.ParsingFacade   Parsing time 332 ms. 
39827      INFO  main            d.u.i.k.p.r.p.TestFile    ... finished proof: closed. 
39997      INFO  main            d.u.i.k.p.i.AbstractProblemLoader Loading environment from /home/runner/work/key/key/key.core/../key.ui/examples/heap/observer/ExampleObserver_value.key.proof 
39997      DEBUG main            d.u.i.k.p.i.AbstractProblemLoader Environment load took 115.6ns 
39997      WARN  main            d.u.i.k.n.ParsingFacade   /home/runner/work/key/key/key.core/../key.ui/examples/heap/observer/ExampleObserver_value.key.proof took 0 ms to parse. 
39997      WARN  main            d.u.i.k.n.ParsingFacade   Parsing time 332 ms. 
39998      INFO  main            d.u.i.k.p.i.AbstractProblemLoader Creating init config 
40871      WARN  main            d.u.i.k.n.ParsingFacade   file:/home/runner/work/key/key/key.core/build/resources/main/de/uka/ilkd/key/java/JavaRedux/java/lang/String.key took 1 ms to parse. 
40871      WARN  main            d.u.i.k.n.ParsingFacade   Parsing time 333 ms. 
42647      DEBUG main            d.u.i.k.p.i.AbstractProblemLoader Init config took 2.65s 
42692      INFO  main            d.u.i.k.p.i.AbstractProblemLoader Replaying proof ExampleObserver[ExampleObserver::value()].JML normal_behavior operation contract.0 
42711      DEBUG main            d.u.i.k.p.i.IntermediateProofReplayer Proof replay took 17.19ms 
42712      WARN  main            d.u.i.k.n.ParsingFacade   /home/runner/work/key/key/key.core/../key.ui/examples/heap/observer/ExampleObserver_value.key.proof took 0 ms to parse. 
42712      WARN  main            d.u.i.k.n.ParsingFacade   Parsing time 333 ms. 
42712      DEBUG main            d.u.i.k.p.r.p.TestFile    ... success: reloaded. 
42713      INFO  main            d.u.i.k.p.r.p.TestFile    Now processing file /home/runner/work/key/key/key.core/../key.ui/examples/heap/observer/ExampleSubject_addObserver.key 
42714      INFO  main            d.u.i.k.p.i.AbstractProblemLoader Loading environment from /home/runner/work/key/key/key.core/../key.ui/examples/heap/observer/ExampleSubject_addObserver.key 
42714      DEBUG main            d.u.i.k.p.i.AbstractProblemLoader Environment load took 87.1ns 
42714      WARN  main            d.u.i.k.n.ParsingFacade   /home/runner/work/key/key/key.core/../key.ui/examples/heap/observer/ExampleSubject_addObserver.key took 0 ms to parse. 
42714      WARN  main            d.u.i.k.n.ParsingFacade   Parsing time 333 ms. 
42715      INFO  main            d.u.i.k.p.i.AbstractProblemLoader Creating init config 
43623      WARN  main            d.u.i.k.n.ParsingFacade   file:/home/runner/work/key/key/key.core/build/resources/main/de/uka/ilkd/key/java/JavaRedux/java/lang/String.key took 1 ms to parse. 
43624      WARN  main            d.u.i.k.n.ParsingFacade   Parsing time 334 ms. 
45410      DEBUG main            d.u.i.k.p.i.AbstractProblemLoader Init config took 2.69s 
45458      INFO  main            d.u.i.k.p.i.AbstractProblemLoader Replaying proof ExampleSubject[Subject::addObserver(Observer)].JML normal_behavior operation contract.0 
45460      DEBUG main            d.u.i.k.p.i.IntermediateProofReplayer Proof replay took 6.5ns 
45460      WARN  main            d.u.i.k.n.ParsingFacade   /home/runner/work/key/key/key.core/../key.ui/examples/heap/observer/ExampleSubject_addObserver.key took 0 ms to parse. 
45460      WARN  main            d.u.i.k.n.ParsingFacade   Parsing time 334 ms. 
51357      INFO  main            d.u.i.k.p.r.p.TestFile    ... finished proof: closed. 
51580      INFO  main            d.u.i.k.p.i.AbstractProblemLoader Loading environment from /home/runner/work/key/key/key.core/../key.ui/examples/heap/observer/ExampleSubject_addObserver.key.proof 
51581      DEBUG main            d.u.i.k.p.i.AbstractProblemLoader Environment load took 345.31ns 
51583      WARN  main            d.u.i.k.n.ParsingFacade   /home/runner/work/key/key/key.core/../key.ui/examples/heap/observer/ExampleSubject_addObserver.key.proof took 0 ms to parse. 
51583      WARN  main            d.u.i.k.n.ParsingFacade   Parsing time 334 ms. 
51584      INFO  main            d.u.i.k.p.i.AbstractProblemLoader Creating init config 
52458      WARN  main            d.u.i.k.n.ParsingFacade   file:/home/runner/work/key/key/key.core/build/resources/main/de/uka/ilkd/key/java/JavaRedux/java/lang/String.key took 1 ms to parse. 
52458      WARN  main            d.u.i.k.n.ParsingFacade   Parsing time 335 ms. 
54205      DEBUG main            d.u.i.k.p.i.AbstractProblemLoader Init config took 2.62s 
54252      INFO  main            d.u.i.k.p.i.AbstractProblemLoader Replaying proof ExampleSubject[Subject::addObserver(Observer)].JML normal_behavior operation contract.0 
54977      DEBUG main            d.u.i.k.p.i.IntermediateProofReplayer Proof replay took 703.72ms 
54978      WARN  main            d.u.i.k.n.ParsingFacade   /home/runner/work/key/key/key.core/../key.ui/examples/heap/observer/ExampleSubject_addObserver.key.proof took 0 ms to parse. 
54978      WARN  main            d.u.i.k.n.ParsingFacade   Parsing time 335 ms. 
54979      DEBUG main            d.u.i.k.p.r.p.TestFile    ... success: reloaded. 
54980      INFO  main            d.u.i.k.p.r.p.TestFile    Now processing file /home/runner/work/key/key/key.core/../key.ui/examples/heap/observer/ExampleSubject_change.key 
54980      INFO  main            d.u.i.k.p.i.AbstractProblemLoader Loading environment from /home/runner/work/key/key/key.core/../key.ui/examples/heap/observer/ExampleSubject_change.key 
54981      DEBUG main            d.u.i.k.p.i.AbstractProblemLoader Environment load took 201.7ns 
54981      WARN  main            d.u.i.k.n.ParsingFacade   /home/runner/work/key/key/key.core/../key.ui/examples/heap/observer/ExampleSubject_change.key took 0 ms to parse. 
54981      WARN  main            d.u.i.k.n.ParsingFacade   Parsing time 335 ms. 
54982      INFO  main            d.u.i.k.p.i.AbstractProblemLoader Creating init config 
55915      WARN  main            d.u.i.k.n.ParsingFacade   file:/home/runner/work/key/key/key.core/build/resources/main/de/uka/ilkd/key/java/JavaRedux/java/lang/String.key took 1 ms to parse. 
55916      WARN  main            d.u.i.k.n.ParsingFacade   Parsing time 336 ms. 
57723      DEBUG main            d.u.i.k.p.i.AbstractProblemLoader Init config took 2.74s 
57771      INFO  main            d.u.i.k.p.i.AbstractProblemLoader Replaying proof ExampleSubject[ExampleSubject::change()].JML normal_behavior operation contract.0 
57773      DEBUG main            d.u.i.k.p.i.IntermediateProofReplayer Proof replay took 6.9ns 
57773      WARN  main            d.u.i.k.n.ParsingFacade   /home/runner/work/key/key/key.core/../key.ui/examples/heap/observer/ExampleSubject_change.key took 0 ms to parse. 
57774      WARN  main            d.u.i.k.n.ParsingFacade   Parsing time 336 ms. 
58277      INFO  main            d.u.i.k.p.r.p.TestFile    ... finished proof: closed. 
58535      INFO  main            d.u.i.k.p.i.AbstractProblemLoader Loading environment from /home/runner/work/key/key/key.core/../key.ui/examples/heap/observer/ExampleSubject_change.key.proof 
58535      DEBUG main            d.u.i.k.p.i.AbstractProblemLoader Environment load took 185.5ns 
58536      WARN  main            d.u.i.k.n.ParsingFacade   /home/runner/work/key/key/key.core/../key.ui/examples/heap/observer/ExampleSubject_change.key.proof took 0 ms to parse. 
58536      WARN  main            d.u.i.k.n.ParsingFacade   Parsing time 336 ms. 
58537      INFO  main            d.u.i.k.p.i.AbstractProblemLoader Creating init config 
59414      WARN  main            d.u.i.k.n.ParsingFacade   file:/home/runner/work/key/key/key.core/build/resources/main/de/uka/ilkd/key/java/JavaRedux/java/lang/String.key took 2 ms to parse. 
59414      WARN  main            d.u.i.k.n.ParsingFacade   Parsing time 338 ms. 
61203      DEBUG main            d.u.i.k.p.i.AbstractProblemLoader Init config took 2.67s 
61256      INFO  main            d.u.i.k.p.i.AbstractProblemLoader Replaying proof ExampleSubject[ExampleSubject::change()].JML normal_behavior operation contract.0 
61345      DEBUG main            d.u.i.k.p.i.IntermediateProofReplayer Proof replay took 83.95ms 
61346      WARN  main            d.u.i.k.n.ParsingFacade   /home/runner/work/key/key/key.core/../key.ui/examples/heap/observer/ExampleSubject_change.key.proof took 0 ms to parse. 
61346      WARN  main            d.u.i.k.n.ParsingFacade   Parsing time 338 ms. 
61347      DEBUG main            d.u.i.k.p.r.p.TestFile    ... success: reloaded. 
61348      INFO  main            d.u.i.k.p.r.p.TestFile    Now processing file /home/runner/work/key/key/key.core/../key.ui/examples/heap/observer/ExampleSubject_ExampleSubject.key 
61348      INFO  main            d.u.i.k.p.i.AbstractProblemLoader Loading environment from /home/runner/work/key/key/key.core/../key.ui/examples/heap/observer/ExampleSubject_ExampleSubject.key 
61349      DEBUG main            d.u.i.k.p.i.AbstractProblemLoader Environment load took 166.2ns 
61349      WARN  main            d.u.i.k.n.ParsingFacade   /home/runner/work/key/key/key.core/../key.ui/examples/heap/observer/ExampleSubject_ExampleSubject.key took 0 ms to parse. 
61349      WARN  main            d.u.i.k.n.ParsingFacade   Parsing time 338 ms. 
61350      INFO  main            d.u.i.k.p.i.AbstractProblemLoader Creating init config 
62252      WARN  main            d.u.i.k.n.ParsingFacade   file:/home/runner/work/key/key/key.core/build/resources/main/de/uka/ilkd/key/java/JavaRedux/java/lang/String.key took 1 ms to parse. 
62252      WARN  main            d.u.i.k.n.ParsingFacade   Parsing time 339 ms. 
64005      DEBUG main            d.u.i.k.p.i.AbstractProblemLoader Init config took 2.66s 
64070      INFO  main            d.u.i.k.p.i.AbstractProblemLoader Replaying proof ExampleSubject[ExampleSubject::ExampleSubject()].JML normal_behavior operation contract.0 
64072      DEBUG main            d.u.i.k.p.i.IntermediateProofReplayer Proof replay took 6.6ns 
64073      WARN  main            d.u.i.k.n.ParsingFacade   /home/runner/work/key/key/key.core/../key.ui/examples/heap/observer/ExampleSubject_ExampleSubject.key took 1 ms to parse. 
64073      WARN  main            d.u.i.k.n.ParsingFacade   Parsing time 340 ms. 
65078      INFO  main            d.u.i.k.p.r.p.TestFile    ... finished proof: closed. 
65337      INFO  main            d.u.i.k.p.i.AbstractProblemLoader Loading environment from /home/runner/work/key/key/key.core/../key.ui/examples/heap/observer/ExampleSubject_ExampleSubject.key.proof 
65338      DEBUG main            d.u.i.k.p.i.AbstractProblemLoader Environment load took 475.91ns 
65338      WARN  main            d.u.i.k.n.ParsingFacade   /home/runner/work/key/key/key.core/../key.ui/examples/heap/observer/ExampleSubject_ExampleSubject.key.proof took 0 ms to parse. 
65338      WARN  main            d.u.i.k.n.ParsingFacade   Parsing time 340 ms. 
65340      INFO  main            d.u.i.k.p.i.AbstractProblemLoader Creating init config 
66223      WARN  main            d.u.i.k.n.ParsingFacade   file:/home/runner/work/key/key/key.core/build/resources/main/de/uka/ilkd/key/java/JavaRedux/java/lang/String.key took 1 ms to parse. 
66223      WARN  main            d.u.i.k.n.ParsingFacade   Parsing time 341 ms. 
67998      DEBUG main            d.u.i.k.p.i.AbstractProblemLoader Init config took 2.66s 
68042      INFO  main            d.u.i.k.p.i.AbstractProblemLoader Replaying proof ExampleSubject[ExampleSubject::ExampleSubject()].JML normal_behavior operation contract.0 
68228      DEBUG main            d.u.i.k.p.i.IntermediateProofReplayer Proof replay took 179.12ms 
68229      WARN  main            d.u.i.k.n.ParsingFacade   /home/runner/work/key/key/key.core/../key.ui/examples/heap/observer/ExampleSubject_ExampleSubject.key.proof took 0 ms to parse. 
68229      WARN  main            d.u.i.k.n.ParsingFacade   Parsing time 341 ms. 
68229      DEBUG main            d.u.i.k.p.r.p.TestFile    ... success: reloaded. 
68230      INFO  main            d.u.i.k.p.r.p.TestFile    Now processing file /home/runner/work/key/key/key.core/../key.ui/examples/heap/observer/ExampleSubject_footprint.key 
68231      INFO  main            d.u.i.k.p.i.AbstractProblemLoader Loading environment from /home/runner/work/key/key/key.core/../key.ui/examples/heap/observer/ExampleSubject_footprint.key 
68231      DEBUG main            d.u.i.k.p.i.AbstractProblemLoader Environment load took 167.1ns 
68231      WARN  main            d.u.i.k.n.ParsingFacade   /home/runner/work/key/key/key.core/../key.ui/examples/heap/observer/ExampleSubject_footprint.key took 0 ms to parse. 
68231      WARN  main            d.u.i.k.n.ParsingFacade   Parsing time 341 ms. 
68232      INFO  main            d.u.i.k.p.i.AbstractProblemLoader Creating init config 
69127      WARN  main            d.u.i.k.n.ParsingFacade   file:/home/runner/work/key/key/key.core/build/resources/main/de/uka/ilkd/key/java/JavaRedux/java/lang/String.key took 1 ms to parse. 
69128      WARN  main            d.u.i.k.n.ParsingFacade   Parsing time 342 ms. 
70901      DEBUG main            d.u.i.k.p.i.AbstractProblemLoader Init config took 2.67s 
70944      INFO  main            d.u.i.k.p.i.AbstractProblemLoader Replaying proof ExampleSubject[Subject::$footprint()].JML accessible clause.0 
70946      DEBUG main            d.u.i.k.p.i.IntermediateProofReplayer Proof replay took 6.6ns 
70946      WARN  main            d.u.i.k.n.ParsingFacade   /home/runner/work/key/key/key.core/../key.ui/examples/heap/observer/ExampleSubject_footprint.key took 0 ms to parse. 
70946      WARN  main            d.u.i.k.n.ParsingFacade   Parsing time 342 ms. 
71048      INFO  main            d.u.i.k.p.r.p.TestFile    ... finished proof: closed. 
71238      INFO  main            d.u.i.k.p.i.AbstractProblemLoader Loading environment from /home/runner/work/key/key/key.core/../key.ui/examples/heap/observer/ExampleSubject_footprint.key.proof 
71238      DEBUG main            d.u.i.k.p.i.AbstractProblemLoader Environment load took 101.2ns 
71238      WARN  main            d.u.i.k.n.ParsingFacade   /home/runner/work/key/key/key.core/../key.ui/examples/heap/observer/ExampleSubject_footprint.key.proof took 0 ms to parse. 
71238      WARN  main            d.u.i.k.n.ParsingFacade   Parsing time 342 ms. 
71239      INFO  main            d.u.i.k.p.i.AbstractProblemLoader Creating init config 
72131      WARN  main            d.u.i.k.n.ParsingFacade   file:/home/runner/work/key/key/key.core/build/resources/main/de/uka/ilkd/key/java/JavaRedux/java/lang/String.key took 1 ms to parse. 
72131      WARN  main            d.u.i.k.n.ParsingFacade   Parsing time 343 ms. 
73854      DEBUG main            d.u.i.k.p.i.AbstractProblemLoader Init config took 2.62s 
73897      INFO  main            d.u.i.k.p.i.AbstractProblemLoader Replaying proof ExampleSubject[Subject::$footprint()].JML accessible clause.0 
73913      DEBUG main            d.u.i.k.p.i.IntermediateProofReplayer Proof replay took 14.47ms 
73914      WARN  main            d.u.i.k.n.ParsingFacade   /home/runner/work/key/key/key.core/../key.ui/examples/heap/observer/ExampleSubject_footprint.key.proof took 0 ms to parse. 
73914      WARN  main            d.u.i.k.n.ParsingFacade   Parsing time 343 ms. 
73915      DEBUG main            d.u.i.k.p.r.p.TestFile    ... success: reloaded. 
73916      INFO  main            d.u.i.k.p.r.p.TestFile    Now processing file /home/runner/work/key/key/key.core/../key.ui/examples/heap/observer/ExampleSubject_inv.key 
73916      INFO  main            d.u.i.k.p.i.AbstractProblemLoader Loading environment from /home/runner/work/key/key/key.core/../key.ui/examples/heap/observer/ExampleSubject_inv.key 
73916      DEBUG main            d.u.i.k.p.i.AbstractProblemLoader Environment load took 158.3ns 
73916      WARN  main            d.u.i.k.n.ParsingFacade   /home/runner/work/key/key/key.core/../key.ui/examples/heap/observer/ExampleSubject_inv.key took 0 ms to parse. 
73917      WARN  main            d.u.i.k.n.ParsingFacade   Parsing time 343 ms. 
73917      INFO  main            d.u.i.k.p.i.AbstractProblemLoader Creating init config 
74811      WARN  main            d.u.i.k.n.ParsingFacade   file:/home/runner/work/key/key/key.core/build/resources/main/de/uka/ilkd/key/java/JavaRedux/java/lang/String.key took 1 ms to parse. 
74811      WARN  main            d.u.i.k.n.ParsingFacade   Parsing time 344 ms. 
76611      DEBUG main            d.u.i.k.p.i.AbstractProblemLoader Init config took 2.69s 
76654      INFO  main            d.u.i.k.p.i.AbstractProblemLoader Replaying proof ExampleSubject[java.lang.Object::<inv>()].JML accessible clause.0 
76655      DEBUG main            d.u.i.k.p.i.IntermediateProofReplayer Proof replay took 7ns 
76656      WARN  main            d.u.i.k.n.ParsingFacade   /home/runner/work/key/key/key.core/../key.ui/examples/heap/observer/ExampleSubject_inv.key took 0 ms to parse. 
76656      WARN  main            d.u.i.k.n.ParsingFacade   Parsing time 344 ms. 
77760      INFO  main            d.u.i.k.p.r.p.TestFile    ... finished proof: closed. 
77960      INFO  main            d.u.i.k.p.i.AbstractProblemLoader Loading environment from /home/runner/work/key/key/key.core/../key.ui/examples/heap/observer/ExampleSubject_inv.key.proof 
77960      DEBUG main            d.u.i.k.p.i.AbstractProblemLoader Environment load took 398.21ns 
77961      WARN  main            d.u.i.k.n.ParsingFacade   /home/runner/work/key/key/key.core/../key.ui/examples/heap/observer/ExampleSubject_inv.key.proof took 0 ms to parse. 
77961      WARN  main            d.u.i.k.n.ParsingFacade   Parsing time 344 ms. 
77962      INFO  main            d.u.i.k.p.i.AbstractProblemLoader Creating init config 
78855      WARN  main            d.u.i.k.n.ParsingFacade   file:/home/runner/work/key/key/key.core/build/resources/main/de/uka/ilkd/key/java/JavaRedux/java/lang/String.key took 2 ms to parse. 
78855      WARN  main            d.u.i.k.n.ParsingFacade   Parsing time 346 ms. 
80577      DEBUG main            d.u.i.k.p.i.AbstractProblemLoader Init config took 2.61s 
80620      INFO  main            d.u.i.k.p.i.AbstractProblemLoader Replaying proof ExampleSubject[java.lang.Object::<inv>()].JML accessible clause.0 
80737      DEBUG main            d.u.i.k.p.i.IntermediateProofReplayer Proof replay took 110.34ms 
80737      WARN  main            d.u.i.k.n.ParsingFacade   /home/runner/work/key/key/key.core/../key.ui/examples/heap/observer/ExampleSubject_inv.key.proof took 0 ms to parse. 
80737      WARN  main            d.u.i.k.n.ParsingFacade   Parsing time 346 ms. 
80738      DEBUG main            d.u.i.k.p.r.p.TestFile    ... success: reloaded. 
80739      INFO  main            d.u.i.k.p.r.p.TestFile    Now processing file /home/runner/work/key/key/key.core/../key.ui/examples/heap/observer/ExampleSubject_notifyObservers.key 
80739      INFO  main            d.u.i.k.p.i.AbstractProblemLoader Loading environment from /home/runner/work/key/key/key.core/../key.ui/examples/heap/observer/ExampleSubject_notifyObservers.key 
80740      DEBUG main            d.u.i.k.p.i.AbstractProblemLoader Environment load took 165.4ns 
80740      WARN  main            d.u.i.k.n.ParsingFacade   /home/runner/work/key/key/key.core/../key.ui/examples/heap/observer/ExampleSubject_notifyObservers.key took 0 ms to parse. 
80740      WARN  main            d.u.i.k.n.ParsingFacade   Parsing time 346 ms. 
80741      INFO  main            d.u.i.k.p.i.AbstractProblemLoader Creating init config 
81636      WARN  main            d.u.i.k.n.ParsingFacade   file:/home/runner/work/key/key/key.core/build/resources/main/de/uka/ilkd/key/java/JavaRedux/java/lang/String.key took 1 ms to parse. 
81637      WARN  main            d.u.i.k.n.ParsingFacade   Parsing time 347 ms. 
83409      DEBUG main            d.u.i.k.p.i.AbstractProblemLoader Init config took 2.67s 
83452      INFO  main            d.u.i.k.p.i.AbstractProblemLoader Replaying proof Subject[Subject::notifyObservers()].JML normal_behavior operation contract.0 
83454      DEBUG main            d.u.i.k.p.i.IntermediateProofReplayer Proof replay took 6.6ns 
83454      WARN  main            d.u.i.k.n.ParsingFacade   /home/runner/work/key/key/key.core/../key.ui/examples/heap/observer/ExampleSubject_notifyObservers.key took 0 ms to parse. 
83454      WARN  main            d.u.i.k.n.ParsingFacade   Parsing time 347 ms. 
83558      INFO  main            d.u.i.k.p.r.p.TestFile    ... finished proof: closed. 
83757      INFO  main            d.u.i.k.p.i.AbstractProblemLoader Loading environment from /home/runner/work/key/key/key.core/../key.ui/examples/heap/observer/ExampleSubject_notifyObservers.key.proof 
83757      DEBUG main            d.u.i.k.p.i.AbstractProblemLoader Environment load took 103.3ns 
83758      WARN  main            d.u.i.k.n.ParsingFacade   /home/runner/work/key/key/key.core/../key.ui/examples/heap/observer/ExampleSubject_notifyObservers.key.proof took 0 ms to parse. 
83758      WARN  main            d.u.i.k.n.ParsingFacade   Parsing time 347 ms. 
83758      INFO  main            d.u.i.k.p.i.AbstractProblemLoader Creating init config 
84632      WARN  main            d.u.i.k.n.ParsingFacade   file:/home/runner/work/key/key/key.core/build/resources/main/de/uka/ilkd/key/java/JavaRedux/java/lang/String.key took 1 ms to parse. 
84633      WARN  main            d.u.i.k.n.ParsingFacade   Parsing time 348 ms. 
86358      DEBUG main            d.u.i.k.p.i.AbstractProblemLoader Init config took 2.6s 
86401      INFO  main            d.u.i.k.p.i.AbstractProblemLoader Replaying proof Subject[Subject::notifyObservers()].JML normal_behavior operation contract.0 
86405      DEBUG main            d.u.i.k.p.i.IntermediateProofReplayer Proof replay took 2.68ms 
86405      WARN  main            d.u.i.k.n.ParsingFacade   /home/runner/work/key/key/key.core/../key.ui/examples/heap/observer/ExampleSubject_notifyObservers.key.proof took 0 ms to parse. 
86406      WARN  main            d.u.i.k.n.ParsingFacade   Parsing time 348 ms. 
86406      DEBUG main            d.u.i.k.p.r.p.TestFile    ... success: reloaded. 
86407      INFO  main            d.u.i.k.p.r.p.TestFile    Now processing file /home/runner/work/key/key/key.core/../key.ui/examples/heap/observer/ExampleSubject_value_dep.key 
86408      INFO  main            d.u.i.k.p.i.AbstractProblemLoader Loading environment from /home/runner/work/key/key/key.core/../key.ui/examples/heap/observer/ExampleSubject_value_dep.key 
86408      DEBUG main            d.u.i.k.p.i.AbstractProblemLoader Environment load took 198.6ns 
86408      WARN  main            d.u.i.k.n.ParsingFacade   /home/runner/work/key/key/key.core/../key.ui/examples/heap/observer/ExampleSubject_value_dep.key took 0 ms to parse. 
86408      WARN  main            d.u.i.k.n.ParsingFacade   Parsing time 348 ms. 
86409      INFO  main            d.u.i.k.p.i.AbstractProblemLoader Creating init config 
87314      WARN  main            d.u.i.k.n.ParsingFacade   file:/home/runner/work/key/key/key.core/build/resources/main/de/uka/ilkd/key/java/JavaRedux/java/lang/String.key took 1 ms to parse. 
87314      WARN  main            d.u.i.k.n.ParsingFacade   Parsing time 349 ms. 
89124      DEBUG main            d.u.i.k.p.i.AbstractProblemLoader Init config took 2.72s 
89171      INFO  main            d.u.i.k.p.i.AbstractProblemLoader Replaying proof ExampleSubject[ExampleSubject::value()].JML accessible clause.0 
89172      DEBUG main            d.u.i.k.p.i.IntermediateProofReplayer Proof replay took 7.1ns 
89173      WARN  main            d.u.i.k.n.ParsingFacade   /home/runner/work/key/key/key.core/../key.ui/examples/heap/observer/ExampleSubject_value_dep.key took 0 ms to parse. 
89173      WARN  main            d.u.i.k.n.ParsingFacade   Parsing time 349 ms. 
89274      INFO  main            d.u.i.k.p.r.p.TestFile    ... finished proof: closed. 
89482      INFO  main            d.u.i.k.p.i.AbstractProblemLoader Loading environment from /home/runner/work/key/key/key.core/../key.ui/examples/heap/observer/ExampleSubject_value_dep.key.proof 
89482      DEBUG main            d.u.i.k.p.i.AbstractProblemLoader Environment load took 99ns 
89482      WARN  main            d.u.i.k.n.ParsingFacade   /home/runner/work/key/key/key.core/../key.ui/examples/heap/observer/ExampleSubject_value_dep.key.proof took 0 ms to parse. 
89482      WARN  main            d.u.i.k.n.ParsingFacade   Parsing time 349 ms. 
89483      INFO  main            d.u.i.k.p.i.AbstractProblemLoader Creating init config 
90353      WARN  main            d.u.i.k.n.ParsingFacade   file:/home/runner/work/key/key/key.core/build/resources/main/de/uka/ilkd/key/java/JavaRedux/java/lang/String.key took 1 ms to parse. 
90353      WARN  main            d.u.i.k.n.ParsingFacade   Parsing time 350 ms. 
92086      DEBUG main            d.u.i.k.p.i.AbstractProblemLoader Init config took 2.6s 
92132      INFO  main            d.u.i.k.p.i.AbstractProblemLoader Replaying proof ExampleSubject[ExampleSubject::value()].JML accessible clause.0 
92146      DEBUG main            d.u.i.k.p.i.IntermediateProofReplayer Proof replay took 12.53ms 
92146      WARN  main            d.u.i.k.n.ParsingFacade   /home/runner/work/key/key/key.core/../key.ui/examples/heap/observer/ExampleSubject_value_dep.key.proof took 0 ms to parse. 
92147      WARN  main            d.u.i.k.n.ParsingFacade   Parsing time 350 ms. 
92147      DEBUG main            d.u.i.k.p.r.p.TestFile    ... success: reloaded. 
92148      INFO  main            d.u.i.k.p.r.p.TestFile    Now processing file /home/runner/work/key/key/key.core/../key.ui/examples/heap/observer/ExampleSubject_value.key 
92148      INFO  main            d.u.i.k.p.i.AbstractProblemLoader Loading environment from /home/runner/work/key/key/key.core/../key.ui/examples/heap/observer/ExampleSubject_value.key 
92149      DEBUG main            d.u.i.k.p.i.AbstractProblemLoader Environment load took 158.5ns 
92149      WARN  main            d.u.i.k.n.ParsingFacade   /home/runner/work/key/key/key.core/../key.ui/examples/heap/observer/ExampleSubject_value.key took 0 ms to parse. 
92149      WARN  main            d.u.i.k.n.ParsingFacade   Parsing time 350 ms. 
92150      INFO  main            d.u.i.k.p.i.AbstractProblemLoader Creating init config 
93047      WARN  main            d.u.i.k.n.ParsingFacade   file:/home/runner/work/key/key/key.core/build/resources/main/de/uka/ilkd/key/java/JavaRedux/java/lang/String.key took 1 ms to parse. 
93047      WARN  main            d.u.i.k.n.ParsingFacade   Parsing time 351 ms. 
94829      DEBUG main            d.u.i.k.p.i.AbstractProblemLoader Init config took 2.68s 
94876      INFO  main            d.u.i.k.p.i.AbstractProblemLoader Replaying proof ExampleSubject[ExampleSubject::value()].JML normal_behavior operation contract.0 
94879      DEBUG main            d.u.i.k.p.i.IntermediateProofReplayer Proof replay took 6.2ns 
94880      WARN  main            d.u.i.k.n.ParsingFacade   /home/runner/work/key/key/key.core/../key.ui/examples/heap/observer/ExampleSubject_value.key took 0 ms to parse. 
94880      WARN  main            d.u.i.k.n.ParsingFacade   Parsing time 351 ms. 
94981      INFO  main            d.u.i.k.p.r.p.TestFile    ... finished proof: closed. 
95192      INFO  main            d.u.i.k.p.i.AbstractProblemLoader Loading environment from /home/runner/work/key/key/key.core/../key.ui/examples/heap/observer/ExampleSubject_value.key.proof 
95192      DEBUG main            d.u.i.k.p.i.AbstractProblemLoader Environment load took 96ns 
95192      WARN  main            d.u.i.k.n.ParsingFacade   /home/runner/work/key/key/key.core/../key.ui/examples/heap/observer/ExampleSubject_value.key.proof took 0 ms to parse. 
95192      WARN  main            d.u.i.k.n.ParsingFacade   Parsing time 351 ms. 
95193      INFO  main            d.u.i.k.p.i.AbstractProblemLoader Creating init config 
96086      WARN  main            d.u.i.k.n.ParsingFacade   file:/home/runner/work/key/key/key.core/build/resources/main/de/uka/ilkd/key/java/JavaRedux/java/lang/String.key took 1 ms to parse. 
96087      WARN  main            d.u.i.k.n.ParsingFacade   Parsing time 352 ms. 
97808      DEBUG main            d.u.i.k.p.i.AbstractProblemLoader Init config took 2.61s 
97848      INFO  main            d.u.i.k.p.i.AbstractProblemLoader Replaying proof ExampleSubject[ExampleSubject::value()].JML normal_behavior operation contract.0 
97860      DEBUG main            d.u.i.k.p.i.IntermediateProofReplayer Proof replay took 9.95ms 
97860      WARN  main            d.u.i.k.n.ParsingFacade   /home/runner/work/key/key/key.core/../key.ui/examples/heap/observer/ExampleSubject_value.key.proof took 0 ms to parse. 
97860      WARN  main            d.u.i.k.n.ParsingFacade   Parsing time 352 ms. 
97861      DEBUG main            d.u.i.k.p.r.p.TestFile    ... success: reloaded. 
1494960    INFO  Test worker     d.u.i.k.p.r.RunAllProofsTestUnit Returning from test observer 
1494961    INFO  Test worker     d.u.i.k.p.r.RunAllProofsTestUnit Running test removeDups 
328        INFO  Timeout watchdog d.u.i.k.p.r.p.ForkedTestFileRunner Timeout watcher launched (2000 secs.) 
334        WARN  main            d.u.i.k.s.ProofSettings   The settings in /home/runner/.key/proof-settings.props are *not* read. 
360        INFO  main            d.u.i.k.p.r.p.TestFile    Now processing file /home/runner/work/key/key/key.core/../key.ui/examples/heap/removeDups/arrayPart.key 
464        INFO  main            d.u.i.k.p.i.AbstractProblemLoader Loading environment from /home/runner/work/key/key/key.core/../key.ui/examples/heap/removeDups/arrayPart.key 
493        DEBUG main            d.u.i.k.p.i.AbstractProblemLoader Environment load took 1.73ms 
576        WARN  main            d.u.i.k.n.ParsingFacade   /home/runner/work/key/key/key.core/../key.ui/examples/heap/removeDups/arrayPart.key took 9 ms to parse. 
576        WARN  main            d.u.i.k.n.ParsingFacade   Parsing time 9 ms. 
710        INFO  main            d.u.i.k.p.i.AbstractProblemLoader Creating init config 
720        WARN  main            d.u.i.k.n.ParsingFacade   file:/home/runner/work/key/key/key.core/build/resources/main/de/uka/ilkd/key/proof/rules/standardRules.key took 5 ms to parse. 
721        WARN  main            d.u.i.k.n.ParsingFacade   Parsing time 14 ms. 
731        WARN  main            d.u.i.k.n.ParsingFacade   file:/home/runner/work/key/key/key.core/build/resources/main/de/uka/ilkd/key/proof/rules/ldt.key took 1 ms to parse. 
731        WARN  main            d.u.i.k.n.ParsingFacade   Parsing time 15 ms. 
737        WARN  main            d.u.i.k.n.ParsingFacade   file:/home/runner/work/key/key/key.core/build/resources/main/de/uka/ilkd/key/proof/rules/boolean.key took 3 ms to parse. 
737        WARN  main            d.u.i.k.n.ParsingFacade   Parsing time 18 ms. 
752        WARN  main            d.u.i.k.n.ParsingFacade   file:/home/runner/work/key/key/key.core/build/resources/main/de/uka/ilkd/key/proof/rules/ruleSetsDeclarations.key took 7 ms to parse. 
752        WARN  main            d.u.i.k.n.ParsingFacade   Parsing time 25 ms. 
777        WARN  main            d.u.i.k.n.ParsingFacade   file:/home/runner/work/key/key/key.core/build/resources/main/de/uka/ilkd/key/proof/rules/integerHeader.key took 3 ms to parse. 
777        WARN  main            d.u.i.k.n.ParsingFacade   Parsing time 28 ms. 
779        WARN  main            d.u.i.k.n.ParsingFacade   file:/home/runner/work/key/key/key.core/build/resources/main/de/uka/ilkd/key/proof/rules/floatHeader.key took 1 ms to parse. 
779        WARN  main            d.u.i.k.n.ParsingFacade   Parsing time 29 ms. 
781        WARN  main            d.u.i.k.n.ParsingFacade   file:/home/runner/work/key/key/key.core/build/resources/main/de/uka/ilkd/key/proof/rules/heap.key took 1 ms to parse. 
781        WARN  main            d.u.i.k.n.ParsingFacade   Parsing time 30 ms. 
784        WARN  main            d.u.i.k.n.ParsingFacade   file:/home/runner/work/key/key/key.core/build/resources/main/de/uka/ilkd/key/proof/rules/locSets.key took 0 ms to parse. 
784        WARN  main            d.u.i.k.n.ParsingFacade   Parsing time 30 ms. 
785        WARN  main            d.u.i.k.n.ParsingFacade   file:/home/runner/work/key/key/key.core/build/resources/main/de/uka/ilkd/key/proof/rules/permission.key took 0 ms to parse. 
785        WARN  main            d.u.i.k.n.ParsingFacade   Parsing time 30 ms. 
786        WARN  main            d.u.i.k.n.ParsingFacade   file:/home/runner/work/key/key/key.core/build/resources/main/de/uka/ilkd/key/proof/rules/reach.key took 0 ms to parse. 
787        WARN  main            d.u.i.k.n.ParsingFacade   Parsing time 30 ms. 
788        WARN  main            d.u.i.k.n.ParsingFacade   file:/home/runner/work/key/key/key.core/build/resources/main/de/uka/ilkd/key/proof/rules/seq.key took 1 ms to parse. 
788        WARN  main            d.u.i.k.n.ParsingFacade   Parsing time 31 ms. 
833        WARN  main            d.u.i.k.n.ParsingFacade   file:/home/runner/work/key/key/key.core/build/resources/main/de/uka/ilkd/key/proof/rules/map.key took 44 ms to parse. 
833        WARN  main            d.u.i.k.n.ParsingFacade   Parsing time 75 ms. 
834        WARN  main            d.u.i.k.n.ParsingFacade   file:/home/runner/work/key/key/key.core/build/resources/main/de/uka/ilkd/key/proof/rules/freeADT.key took 0 ms to parse. 
834        WARN  main            d.u.i.k.n.ParsingFacade   Parsing time 75 ms. 
835        WARN  main            d.u.i.k.n.ParsingFacade   file:/home/runner/work/key/key/key.core/build/resources/main/de/uka/ilkd/key/proof/rules/wellfound.key took 1 ms to parse. 
835        WARN  main            d.u.i.k.n.ParsingFacade   Parsing time 76 ms. 
835        WARN  main            d.u.i.k.n.ParsingFacade   file:/home/runner/work/key/key/key.core/build/resources/main/de/uka/ilkd/key/proof/rules/charListHeader.key took 0 ms to parse. 
835        WARN  main            d.u.i.k.n.ParsingFacade   Parsing time 76 ms. 
1001       WARN  main            d.u.i.k.n.ParsingFacade   file:/home/runner/work/key/key/key.core/build/resources/main/de/uka/ilkd/key/proof/rules/propRule.key took 6 ms to parse. 
1001       WARN  main            d.u.i.k.n.ParsingFacade   Parsing time 82 ms. 
1044       WARN  main            d.u.i.k.n.ParsingFacade   file:/home/runner/work/key/key/key.core/build/resources/main/de/uka/ilkd/key/proof/rules/firstOrderRules.key took 8 ms to parse. 
1044       WARN  main            d.u.i.k.n.ParsingFacade   Parsing time 90 ms. 
1076       WARN  main            d.u.i.k.n.ParsingFacade   file:/home/runner/work/key/key/key.core/build/resources/main/de/uka/ilkd/key/proof/rules/ifThenElseRules.key took 12 ms to parse. 
1076       WARN  main            d.u.i.k.n.ParsingFacade   Parsing time 102 ms. 
1129       WARN  main            d.u.i.k.n.ParsingFacade   file:/home/runner/work/key/key/key.core/build/resources/main/de/uka/ilkd/key/proof/rules/formulaNormalisationRules.key took 10 ms to parse. 
1129       WARN  main            d.u.i.k.n.ParsingFacade   Parsing time 112 ms. 
1192       WARN  main            d.u.i.k.n.ParsingFacade   file:/home/runner/work/key/key/key.core/build/resources/main/de/uka/ilkd/key/proof/rules/updateRules.key took 6 ms to parse. 
1193       WARN  main            d.u.i.k.n.ParsingFacade   Parsing time 118 ms. 
1217       WARN  main            d.u.i.k.n.ParsingFacade   file:/home/runner/work/key/key/key.core/build/resources/main/de/uka/ilkd/key/proof/rules/integerRulesCommon.key took 5 ms to parse. 
1217       WARN  main            d.u.i.k.n.ParsingFacade   Parsing time 123 ms. 
1322       WARN  main            d.u.i.k.n.ParsingFacade   file:/home/runner/work/key/key/key.core/build/resources/main/de/uka/ilkd/key/proof/rules/intRules.key took 6 ms to parse. 
1322       WARN  main            d.u.i.k.n.ParsingFacade   Parsing time 129 ms. 
1348       WARN  main            d.u.i.k.n.ParsingFacade   file:/home/runner/work/key/key/key.core/build/resources/main/de/uka/ilkd/key/proof/rules/intRulesUncheckedSemantics.key took 5 ms to parse. 
1349       WARN  main            d.u.i.k.n.ParsingFacade   Parsing time 134 ms. 
1364       WARN  main            d.u.i.k.n.ParsingFacade   file:/home/runner/work/key/key/key.core/build/resources/main/de/uka/ilkd/key/proof/rules/intRulesCheckedSemantics.key took 1 ms to parse. 
1364       WARN  main            d.u.i.k.n.ParsingFacade   Parsing time 135 ms. 
1374       WARN  main            d.u.i.k.n.ParsingFacade   file:/home/runner/work/key/key/key.core/build/resources/main/de/uka/ilkd/key/proof/rules/intRulesJavaSemantics.key took 6 ms to parse. 
1374       WARN  main            d.u.i.k.n.ParsingFacade   Parsing time 141 ms. 
1446       WARN  main            d.u.i.k.n.ParsingFacade   file:/home/runner/work/key/key/key.core/build/resources/main/de/uka/ilkd/key/proof/rules/integerSimplificationRules.key took 58 ms to parse. 
1446       WARN  main            d.u.i.k.n.ParsingFacade   Parsing time 199 ms. 
1545       DEBUG main            d.u.i.k.j.TypeConverter   No LDT found for Meta 
1545       DEBUG main            d.u.i.k.j.TypeConverter   No LDT found for Meta 
1546       DEBUG main            d.u.i.k.j.TypeConverter   No LDT found for Meta 
1546       DEBUG main            d.u.i.k.j.TypeConverter   No LDT found for Meta 
1580       WARN  main            d.u.i.k.n.ParsingFacade   file:/home/runner/work/key/key/key.core/build/resources/main/de/uka/ilkd/key/proof/rules/intDiv.key took 5 ms to parse. 
1581       WARN  main            d.u.i.k.n.ParsingFacade   Parsing time 204 ms. 
1633       WARN  main            d.u.i.k.n.ParsingFacade   file:/home/runner/work/key/key/key.core/build/resources/main/de/uka/ilkd/key/proof/rules/bsum.key took 32 ms to parse. 
1633       WARN  main            d.u.i.k.n.ParsingFacade   Parsing time 236 ms. 
1659       WARN  main            d.u.i.k.n.ParsingFacade   file:/home/runner/work/key/key/key.core/build/resources/main/de/uka/ilkd/key/proof/rules/bprod.key took 2 ms to parse. 
1660       WARN  main            d.u.i.k.n.ParsingFacade   Parsing time 238 ms. 
1669       WARN  main            d.u.i.k.n.ParsingFacade   file:/home/runner/work/key/key/key.core/build/resources/main/de/uka/ilkd/key/proof/rules/binaryAxioms.key took 0 ms to parse. 
1669       WARN  main            d.u.i.k.n.ParsingFacade   Parsing time 238 ms. 
1672       WARN  main            d.u.i.k.n.ParsingFacade   file:/home/runner/work/key/key/key.core/build/resources/main/de/uka/ilkd/key/proof/rules/binaryLemmas.key took 1 ms to parse. 
1672       WARN  main            d.u.i.k.n.ParsingFacade   Parsing time 239 ms. 
1676       WARN  main            d.u.i.k.n.ParsingFacade   file:/home/runner/work/key/key/key.core/build/resources/main/de/uka/ilkd/key/proof/rules/intPow.key took 2 ms to parse. 
1676       WARN  main            d.u.i.k.n.ParsingFacade   Parsing time 241 ms. 
1683       WARN  main            d.u.i.k.n.ParsingFacade   file:/home/runner/work/key/key/key.core/build/resources/main/de/uka/ilkd/key/proof/rules/floatRulesCommon.key took 2 ms to parse. 
1684       WARN  main            d.u.i.k.n.ParsingFacade   Parsing time 243 ms. 
1692       WARN  main            d.u.i.k.n.ParsingFacade   file:/home/runner/work/key/key/key.core/build/resources/main/de/uka/ilkd/key/proof/rules/floatRules.key took 0 ms to parse. 
1692       WARN  main            d.u.i.k.n.ParsingFacade   Parsing time 243 ms. 
1693       WARN  main            d.u.i.k.n.ParsingFacade   file:/home/runner/work/key/key/key.core/build/resources/main/de/uka/ilkd/key/proof/rules/floatRulesVerifyNormal.key took 0 ms to parse. 
1693       WARN  main            d.u.i.k.n.ParsingFacade   Parsing time 243 ms. 
1695       WARN  main            d.u.i.k.n.ParsingFacade   file:/home/runner/work/key/key/key.core/build/resources/main/de/uka/ilkd/key/proof/rules/floatRulesAssumeStrictfp.key took 2 ms to parse. 
1695       WARN  main            d.u.i.k.n.ParsingFacade   Parsing time 245 ms. 
1711       WARN  main            d.u.i.k.n.ParsingFacade   file:/home/runner/work/key/key/key.core/build/resources/main/de/uka/ilkd/key/proof/rules/genericRules.key took 2 ms to parse. 
1711       WARN  main            d.u.i.k.n.ParsingFacade   Parsing time 247 ms. 
1718       WARN  main            d.u.i.k.n.ParsingFacade   file:/home/runner/work/key/key/key.core/build/resources/main/de/uka/ilkd/key/proof/rules/booleanRules.key took 1 ms to parse. 
1718       WARN  main            d.u.i.k.n.ParsingFacade   Parsing time 248 ms. 
1720       WARN  main            d.u.i.k.n.ParsingFacade   file:/home/runner/work/key/key/key.core/build/resources/main/de/uka/ilkd/key/proof/rules/epsilon.key took 0 ms to parse. 
1720       WARN  main            d.u.i.k.n.ParsingFacade   Parsing time 248 ms. 
1752       WARN  main            d.u.i.k.n.ParsingFacade   file:/home/runner/work/key/key/key.core/build/resources/main/de/uka/ilkd/key/proof/rules/locSetsRules.key took 31 ms to parse. 
1752       WARN  main            d.u.i.k.n.ParsingFacade   Parsing time 279 ms. 
1778       WARN  main            d.u.i.k.n.ParsingFacade   file:/home/runner/work/key/key/key.core/build/resources/main/de/uka/ilkd/key/proof/rules/heapRules.key took 5 ms to parse. 
1778       WARN  main            d.u.i.k.n.ParsingFacade   Parsing time 284 ms. 
1799       WARN  main            d.u.i.k.n.ParsingFacade   file:/home/runner/work/key/key/key.core/build/resources/main/de/uka/ilkd/key/proof/rules/permissionRules.key took 2 ms to parse. 
1799       WARN  main            d.u.i.k.n.ParsingFacade   Parsing time 286 ms. 
1808       WARN  main            d.u.i.k.n.ParsingFacade   file:/home/runner/work/key/key/key.core/build/resources/main/de/uka/ilkd/key/proof/rules/reachRules.key took 2 ms to parse. 
1808       WARN  main            d.u.i.k.n.ParsingFacade   Parsing time 288 ms. 
1816       WARN  main            d.u.i.k.n.ParsingFacade   file:/home/runner/work/key/key/key.core/build/resources/main/de/uka/ilkd/key/proof/rules/seqCoreRules.key took 0 ms to parse. 
1816       WARN  main            d.u.i.k.n.ParsingFacade   Parsing time 288 ms. 
1822       WARN  main            d.u.i.k.n.ParsingFacade   file:/home/runner/work/key/key/key.core/build/resources/main/de/uka/ilkd/key/proof/rules/seqRules.key took 4 ms to parse. 
1822       WARN  main            d.u.i.k.n.ParsingFacade   Parsing time 292 ms. 
1860       WARN  main            d.u.i.k.n.ParsingFacade   file:/home/runner/work/key/key/key.core/build/resources/main/de/uka/ilkd/key/proof/rules/seqPerm.key took 3 ms to parse. 
1860       WARN  main            d.u.i.k.n.ParsingFacade   Parsing time 295 ms. 
1871       WARN  main            d.u.i.k.n.ParsingFacade   file:/home/runner/work/key/key/key.core/build/resources/main/de/uka/ilkd/key/proof/rules/seqPerm2.key took 1 ms to parse. 
1871       WARN  main            d.u.i.k.n.ParsingFacade   Parsing time 296 ms. 
1898       WARN  main            d.u.i.k.n.ParsingFacade   file:/home/runner/work/key/key/key.core/build/resources/main/de/uka/ilkd/key/proof/rules/javaRules.key took 25 ms to parse. 
1898       WARN  main            d.u.i.k.n.ParsingFacade   Parsing time 321 ms. 
1906       WARN  main            d.u.i.k.n.ParsingFacade   file:/home/runner/work/key/key/key.core/build/resources/main/de/uka/ilkd/key/proof/rules/assertions.key took 1 ms to parse. 
1906       WARN  main            d.u.i.k.n.ParsingFacade   Parsing time 322 ms. 
2431       WARN  main            d.u.i.k.n.ParsingFacade   file:/home/runner/work/key/key/key.core/build/resources/main/de/uka/ilkd/key/proof/rules/loopRules.key took 16 ms to parse. 
2431       WARN  main            d.u.i.k.n.ParsingFacade   Parsing time 338 ms. 
2441       WARN  main            d.u.i.k.n.ParsingFacade   file:/home/runner/work/key/key/key.core/build/resources/main/de/uka/ilkd/key/proof/rules/activeUse.key took 2 ms to parse. 
2441       WARN  main            d.u.i.k.n.ParsingFacade   Parsing time 340 ms. 
2490       WARN  main            d.u.i.k.n.ParsingFacade   file:/home/runner/work/key/key/key.core/build/resources/main/de/uka/ilkd/key/proof/rules/instanceAllocation.key took 7 ms to parse. 
2491       WARN  main            d.u.i.k.n.ParsingFacade   Parsing time 347 ms. 
2501       WARN  main            d.u.i.k.n.ParsingFacade   file:/home/runner/work/key/key/key.core/build/resources/main/de/uka/ilkd/key/proof/rules/java5.key took 0 ms to parse. 
2501       WARN  main            d.u.i.k.n.ParsingFacade   Parsing time 347 ms. 
2507       WARN  main            d.u.i.k.n.ParsingFacade   file:/home/runner/work/key/key/key.core/build/resources/main/de/uka/ilkd/key/proof/rules/integerAssignment2UpdateRules.key took 2 ms to parse. 
2508       WARN  main            d.u.i.k.n.ParsingFacade   Parsing time 349 ms. 
2536       WARN  main            d.u.i.k.n.ParsingFacade   file:/home/runner/work/key/key/key.core/build/resources/main/de/uka/ilkd/key/proof/rules/floatAssignment2UpdateRules.key took 5 ms to parse. 
2536       WARN  main            d.u.i.k.n.ParsingFacade   Parsing time 354 ms. 
2552       WARN  main            d.u.i.k.n.ParsingFacade   file:/home/runner/work/key/key/key.core/build/resources/main/de/uka/ilkd/key/proof/rules/bigint.key took 1 ms to parse. 
2552       WARN  main            d.u.i.k.n.ParsingFacade   Parsing time 355 ms. 
2559       DEBUG main            d.u.i.k.j.TypeConverter   No LDT found for JavaBigintExpression 
2563       WARN  main            d.u.i.k.n.ParsingFacade   file:/home/runner/work/key/key/key.core/build/resources/main/de/uka/ilkd/key/proof/rules/adtProgramDecompositionRules.key took 1 ms to parse. 
2563       WARN  main            d.u.i.k.n.ParsingFacade   Parsing time 356 ms. 
2576       WARN  main            d.u.i.k.n.ParsingFacade   file:/home/runner/work/key/key/key.core/build/resources/main/de/uka/ilkd/key/proof/rules/precRules.key took 1 ms to parse. 
2576       WARN  main            d.u.i.k.n.ParsingFacade   Parsing time 357 ms. 
2580       WARN  main            d.u.i.k.n.ParsingFacade   file:/home/runner/work/key/key/key.core/build/resources/main/de/uka/ilkd/key/proof/rules/charListRules.key took 2 ms to parse. 
2580       WARN  main            d.u.i.k.n.ParsingFacade   Parsing time 359 ms. 
2587       WARN  main            d.u.i.k.n.ParsingFacade   file:/home/runner/work/key/key/key.core/build/resources/main/de/uka/ilkd/key/proof/rules/regExTheory.key took 0 ms to parse. 
2588       WARN  main            d.u.i.k.n.ParsingFacade   Parsing time 359 ms. 
2588       WARN  main            d.u.i.k.n.ParsingFacade   file:/home/runner/work/key/key/key.core/build/resources/main/de/uka/ilkd/key/proof/rules/regExHeader.key took 0 ms to parse. 
2589       WARN  main            d.u.i.k.n.ParsingFacade   Parsing time 359 ms. 
2590       WARN  main            d.u.i.k.n.ParsingFacade   file:/home/runner/work/key/key/key.core/build/resources/main/de/uka/ilkd/key/proof/rules/regExAxioms.key took 1 ms to parse. 
2590       WARN  main            d.u.i.k.n.ParsingFacade   Parsing time 360 ms. 
2599       WARN  main            d.u.i.k.n.ParsingFacade   file:/home/runner/work/key/key/key.core/build/resources/main/de/uka/ilkd/key/proof/rules/regExLemmaProven.key took 2 ms to parse. 
2599       WARN  main            d.u.i.k.n.ParsingFacade   Parsing time 362 ms. 
2603       WARN  main            d.u.i.k.n.ParsingFacade   file:/home/runner/work/key/key/key.core/build/resources/main/de/uka/ilkd/key/proof/rules/seqEq.key took 1 ms to parse. 
2604       WARN  main            d.u.i.k.n.ParsingFacade   Parsing time 363 ms. 
2611       WARN  main            d.u.i.k.n.ParsingFacade   file:/home/runner/work/key/key/key.core/build/resources/main/de/uka/ilkd/key/proof/rules/infFlow.key took 3 ms to parse. 
2611       WARN  main            d.u.i.k.n.ParsingFacade   Parsing time 366 ms. 
2616       WARN  main            d.u.i.k.n.ParsingFacade   file:/home/runner/work/key/key/key.core/build/resources/main/de/uka/ilkd/key/proof/rules/mapSize.key took 1 ms to parse. 
2616       WARN  main            d.u.i.k.n.ParsingFacade   Parsing time 367 ms. 
2618       WARN  main            d.u.i.k.n.ParsingFacade   file:/home/runner/work/key/key/key.core/build/resources/main/de/uka/ilkd/key/proof/rules/wd.key took 0 ms to parse. 
2618       WARN  main            d.u.i.k.n.ParsingFacade   Parsing time 367 ms. 
2622       WARN  main            d.u.i.k.n.ParsingFacade   file:/home/runner/work/key/key/key.core/build/resources/main/de/uka/ilkd/key/proof/rules/wdHeader.key took 1 ms to parse. 
2622       WARN  main            d.u.i.k.n.ParsingFacade   Parsing time 368 ms. 
2623       WARN  main            d.u.i.k.n.ParsingFacade   file:/home/runner/work/key/key/key.core/build/resources/main/de/uka/ilkd/key/proof/rules/wdGeneralRules.key took 1 ms to parse. 
2623       WARN  main            d.u.i.k.n.ParsingFacade   Parsing time 369 ms. 
2632       WARN  main            d.u.i.k.n.ParsingFacade   file:/home/runner/work/key/key/key.core/build/resources/main/de/uka/ilkd/key/proof/rules/wdNumericalRules.key took 5 ms to parse. 
2632       WARN  main            d.u.i.k.n.ParsingFacade   Parsing time 374 ms. 
2683       WARN  main            d.u.i.k.n.ParsingFacade   file:/home/runner/work/key/key/key.core/build/resources/main/de/uka/ilkd/key/proof/rules/wdLocSetRules.key took 1 ms to parse. 
2683       WARN  main            d.u.i.k.n.ParsingFacade   Parsing time 375 ms. 
2687       WARN  main            d.u.i.k.n.ParsingFacade   file:/home/runner/work/key/key/key.core/build/resources/main/de/uka/ilkd/key/proof/rules/wdHeapRules.key took 0 ms to parse. 
2688       WARN  main            d.u.i.k.n.ParsingFacade   Parsing time 375 ms. 
2690       WARN  main            d.u.i.k.n.ParsingFacade   file:/home/runner/work/key/key/key.core/build/resources/main/de/uka/ilkd/key/proof/rules/wdReachRules.key took 0 ms to parse. 
2690       WARN  main            d.u.i.k.n.ParsingFacade   Parsing time 375 ms. 
2692       WARN  main            d.u.i.k.n.ParsingFacade   file:/home/runner/work/key/key/key.core/build/resources/main/de/uka/ilkd/key/proof/rules/wdSeqRules.key took 1 ms to parse. 
2692       WARN  main            d.u.i.k.n.ParsingFacade   Parsing time 376 ms. 
2697       WARN  main            d.u.i.k.n.ParsingFacade   file:/home/runner/work/key/key/key.core/build/resources/main/de/uka/ilkd/key/proof/rules/wdStringRules.key took 1 ms to parse. 
2697       WARN  main            d.u.i.k.n.ParsingFacade   Parsing time 377 ms. 
2699       WARN  main            d.u.i.k.n.ParsingFacade   file:/home/runner/work/key/key/key.core/build/resources/main/de/uka/ilkd/key/proof/rules/wdRegExRules.key took 0 ms to parse. 
2699       WARN  main            d.u.i.k.n.ParsingFacade   Parsing time 377 ms. 
2704       WARN  main            d.u.i.k.n.ParsingFacade   file:/home/runner/work/key/key/key.core/build/resources/main/de/uka/ilkd/key/proof/rules/wdFormulaRules.key took 3 ms to parse. 
2704       WARN  main            d.u.i.k.n.ParsingFacade   Parsing time 380 ms. 
2713       WARN  main            d.u.i.k.n.ParsingFacade   file:/home/runner/work/key/key/key.core/build/resources/main/de/uka/ilkd/key/proof/rules/loopInvariantRules.key took 1 ms to parse. 
2713       WARN  main            d.u.i.k.n.ParsingFacade   Parsing time 381 ms. 
2714       WARN  main            d.u.i.k.n.ParsingFacade   file:/home/runner/work/key/key/key.core/build/resources/main/de/uka/ilkd/key/proof/rules/forLoopRules.key took 0 ms to parse. 
2714       WARN  main            d.u.i.k.n.ParsingFacade   Parsing time 381 ms. 
2721       WARN  main            d.u.i.k.n.ParsingFacade   file:/home/runner/work/key/key/key.core/build/resources/main/de/uka/ilkd/key/proof/rules/execRules.key took 4 ms to parse. 
2721       WARN  main            d.u.i.k.n.ParsingFacade   Parsing time 385 ms. 
2779       WARN  main            d.u.i.k.n.ParsingFacade   file:/home/runner/work/key/key/key.core/build/resources/main/de/uka/ilkd/key/proof/rules/loopScopeRules.key took 2 ms to parse. 
2779       WARN  main            d.u.i.k.n.ParsingFacade   Parsing time 387 ms. 
5802       WARN  main            d.u.i.k.n.ParsingFacade   file:/home/runner/work/key/key/key.core/build/resources/main/de/uka/ilkd/key/java/JavaRedux/java/lang/String.key took 4 ms to parse. 
5802       WARN  main            d.u.i.k.n.ParsingFacade   Parsing time 391 ms. 
7970       DEBUG main            d.u.i.k.p.i.AbstractProblemLoader Init config took 7.26s 
8120       INFO  main            d.u.i.k.p.i.AbstractProblemLoader Replaying proof RemoveDup[RemoveDup::arrayPart([I,int)].JML normal_behavior operation contract.0 
8151       DEBUG main            d.u.i.k.p.i.IntermediateProofReplayer Proof replay took 30.2ns 
8153       WARN  main            d.u.i.k.n.ParsingFacade   /home/runner/work/key/key/key.core/../key.ui/examples/heap/removeDups/arrayPart.key took 0 ms to parse. 
8154       WARN  main            d.u.i.k.n.ParsingFacade   Parsing time 391 ms. 
10822      INFO  main            d.u.i.k.p.r.p.TestFile    ... finished proof: closed. 
10972      INFO  main            d.u.i.k.p.i.AbstractProblemLoader Loading environment from /home/runner/work/key/key/key.core/../key.ui/examples/heap/removeDups/arrayPart.key.proof 
10972      DEBUG main            d.u.i.k.p.i.AbstractProblemLoader Environment load took 138.6ns 
10973      WARN  main            d.u.i.k.n.ParsingFacade   /home/runner/work/key/key/key.core/../key.ui/examples/heap/removeDups/arrayPart.key.proof took 0 ms to parse. 
10973      WARN  main            d.u.i.k.n.ParsingFacade   Parsing time 391 ms. 
10978      INFO  main            d.u.i.k.p.i.AbstractProblemLoader Creating init config 
12093      WARN  main            d.u.i.k.n.ParsingFacade   file:/home/runner/work/key/key/key.core/build/resources/main/de/uka/ilkd/key/java/JavaRedux/java/lang/String.key took 2 ms to parse. 
12094      WARN  main            d.u.i.k.n.ParsingFacade   Parsing time 393 ms. 
13877      DEBUG main            d.u.i.k.p.i.AbstractProblemLoader Init config took 2.9s 
13977      INFO  main            d.u.i.k.p.i.AbstractProblemLoader Replaying proof RemoveDup[RemoveDup::arrayPart([I,int)].JML normal_behavior operation contract.0 
14321      DEBUG main            d.u.i.k.p.i.IntermediateProofReplayer Proof replay took 331.67ms 
14322      WARN  main            d.u.i.k.n.ParsingFacade   /home/runner/work/key/key/key.core/../key.ui/examples/heap/removeDups/arrayPart.key.proof took 0 ms to parse. 
14322      WARN  main            d.u.i.k.n.ParsingFacade   Parsing time 393 ms. 
14329      DEBUG main            d.u.i.k.p.r.p.TestFile    ... success: reloaded. 
14330      INFO  main            d.u.i.k.p.r.p.TestFile    Now processing file /home/runner/work/key/key/key.core/../key.ui/examples/heap/removeDups/contains.key 
14330      INFO  main            d.u.i.k.p.i.AbstractProblemLoader Loading environment from /home/runner/work/key/key/key.core/../key.ui/examples/heap/removeDups/contains.key 
14331      DEBUG main            d.u.i.k.p.i.AbstractProblemLoader Environment load took 185.4ns 
14331      WARN  main            d.u.i.k.n.ParsingFacade   /home/runner/work/key/key/key.core/../key.ui/examples/heap/removeDups/contains.key took 0 ms to parse. 
14331      WARN  main            d.u.i.k.n.ParsingFacade   Parsing time 393 ms. 
14332      INFO  main            d.u.i.k.p.i.AbstractProblemLoader Creating init config 
15308      WARN  main            d.u.i.k.n.ParsingFacade   file:/home/runner/work/key/key/key.core/build/resources/main/de/uka/ilkd/key/java/JavaRedux/java/lang/String.key took 1 ms to parse. 
15308      WARN  main            d.u.i.k.n.ParsingFacade   Parsing time 394 ms. 
17130      DEBUG main            d.u.i.k.p.i.AbstractProblemLoader Init config took 2.8s 
17205      INFO  main            d.u.i.k.p.i.AbstractProblemLoader Replaying proof RemoveDup[RemoveDup::contains([I,int,int)].JML normal_behavior operation contract.0 
17207      DEBUG main            d.u.i.k.p.i.IntermediateProofReplayer Proof replay took 5.2ns 
17208      WARN  main            d.u.i.k.n.ParsingFacade   /home/runner/work/key/key/key.core/../key.ui/examples/heap/removeDups/contains.key took 0 ms to parse. 
17208      WARN  main            d.u.i.k.n.ParsingFacade   Parsing time 394 ms. 
17712      INFO  main            d.u.i.k.p.r.p.TestFile    ... finished proof: closed. 
17854      INFO  main            d.u.i.k.p.i.AbstractProblemLoader Loading environment from /home/runner/work/key/key/key.core/../key.ui/examples/heap/removeDups/contains.key.proof 
17854      DEBUG main            d.u.i.k.p.i.AbstractProblemLoader Environment load took 137.3ns 
17854      WARN  main            d.u.i.k.n.ParsingFacade   /home/runner/work/key/key/key.core/../key.ui/examples/heap/removeDups/contains.key.proof took 0 ms to parse. 
17854      WARN  main            d.u.i.k.n.ParsingFacade   Parsing time 394 ms. 
17855      INFO  main            d.u.i.k.p.i.AbstractProblemLoader Creating init config 
18772      WARN  main            d.u.i.k.n.ParsingFacade   file:/home/runner/work/key/key/key.core/build/resources/main/de/uka/ilkd/key/java/JavaRedux/java/lang/String.key took 1 ms to parse. 
18773      WARN  main            d.u.i.k.n.ParsingFacade   Parsing time 395 ms. 
20552      DEBUG main            d.u.i.k.p.i.AbstractProblemLoader Init config took 2.7s 
20599      INFO  main            d.u.i.k.p.i.AbstractProblemLoader Replaying proof RemoveDup[RemoveDup::contains([I,int,int)].JML normal_behavior operation contract.0 
20709      DEBUG main            d.u.i.k.p.i.IntermediateProofReplayer Proof replay took 105.42ms 
20710      WARN  main            d.u.i.k.n.ParsingFacade   /home/runner/work/key/key/key.core/../key.ui/examples/heap/removeDups/contains.key.proof took 0 ms to parse. 
20711      WARN  main            d.u.i.k.n.ParsingFacade   Parsing time 395 ms. 
20711      DEBUG main            d.u.i.k.p.r.p.TestFile    ... success: reloaded. 
20712      INFO  main            d.u.i.k.p.r.p.TestFile    Now processing file /home/runner/work/key/key/key.core/../key.ui/examples/heap/removeDups/removeDup.key 
20712      INFO  main            d.u.i.k.p.i.AbstractProblemLoader Loading environment from /home/runner/work/key/key/key.core/../key.ui/examples/heap/removeDups/removeDup.key 
20712      DEBUG main            d.u.i.k.p.i.AbstractProblemLoader Environment load took 161.7ns 
20713      WARN  main            d.u.i.k.n.ParsingFacade   /home/runner/work/key/key/key.core/../key.ui/examples/heap/removeDups/removeDup.key took 0 ms to parse. 
20713      WARN  main            d.u.i.k.n.ParsingFacade   Parsing time 395 ms. 
20714      INFO  main            d.u.i.k.p.i.AbstractProblemLoader Creating init config 
21633      WARN  main            d.u.i.k.n.ParsingFacade   file:/home/runner/work/key/key/key.core/build/resources/main/de/uka/ilkd/key/java/JavaRedux/java/lang/String.key took 1 ms to parse. 
21634      WARN  main            d.u.i.k.n.ParsingFacade   Parsing time 396 ms. 
23407      DEBUG main            d.u.i.k.p.i.AbstractProblemLoader Init config took 2.69s 
23452      INFO  main            d.u.i.k.p.i.AbstractProblemLoader Replaying proof RemoveDup[RemoveDup::removeDup([I)].JML normal_behavior operation contract.0 
23454      DEBUG main            d.u.i.k.p.i.IntermediateProofReplayer Proof replay took 6.5ns 
23455      WARN  main            d.u.i.k.n.ParsingFacade   /home/runner/work/key/key/key.core/../key.ui/examples/heap/removeDups/removeDup.key took 0 ms to parse. 
23455      WARN  main            d.u.i.k.n.ParsingFacade   Parsing time 396 ms. 
28188      DEBUG Thread-7        d.u.i.k.j.d.VariableSpecification Program match. Variables have different dimension (template #v0 = #vi;, source a#11[] = var;) 
49411      INFO  main            d.u.i.k.p.r.p.TestFile    ... finished proof: closed. 
49668      INFO  main            d.u.i.k.p.i.AbstractProblemLoader Loading environment from /home/runner/work/key/key/key.core/../key.ui/examples/heap/removeDups/removeDup.key.proof 
49669      DEBUG main            d.u.i.k.p.i.AbstractProblemLoader Environment load took 358.21ns 
49672      WARN  main            d.u.i.k.n.ParsingFacade   /home/runner/work/key/key/key.core/../key.ui/examples/heap/removeDups/removeDup.key.proof took 0 ms to parse. 
49673      WARN  main            d.u.i.k.n.ParsingFacade   Parsing time 396 ms. 
49674      INFO  main            d.u.i.k.p.i.AbstractProblemLoader Creating init config 
50562      WARN  main            d.u.i.k.n.ParsingFacade   file:/home/runner/work/key/key/key.core/build/resources/main/de/uka/ilkd/key/java/JavaRedux/java/lang/String.key took 1 ms to parse. 
50563      WARN  main            d.u.i.k.n.ParsingFacade   Parsing time 397 ms. 
52279      DEBUG main            d.u.i.k.p.i.AbstractProblemLoader Init config took 2.61s 
52349      INFO  main            d.u.i.k.p.i.AbstractProblemLoader Replaying proof RemoveDup[RemoveDup::removeDup([I)].JML normal_behavior operation contract.0 
54233      DEBUG main            d.u.i.k.p.i.IntermediateProofReplayer Proof replay took 1.81s 
54236      WARN  main            d.u.i.k.n.ParsingFacade   /home/runner/work/key/key/key.core/../key.ui/examples/heap/removeDups/removeDup.key.proof took 0 ms to parse. 
54237      WARN  main            d.u.i.k.n.ParsingFacade   Parsing time 397 ms. 
54237      DEBUG main            d.u.i.k.p.r.p.TestFile    ... success: reloaded. 
54238      INFO  main            d.u.i.k.p.r.p.TestFile    Now processing file /home/runner/work/key/key/key.core/../key.ui/examples/heap/saddleback_search/Saddleback_search.key 
54239      INFO  main            d.u.i.k.p.i.AbstractProblemLoader Loading environment from /home/runner/work/key/key/key.core/../key.ui/examples/heap/saddleback_search/Saddleback_search.key 
54239      DEBUG main            d.u.i.k.p.i.AbstractProblemLoader Environment load took 196ns 
54239      WARN  main            d.u.i.k.n.ParsingFacade   /home/runner/work/key/key/key.core/../key.ui/examples/heap/saddleback_search/Saddleback_search.key took 0 ms to parse. 
54240      WARN  main            d.u.i.k.n.ParsingFacade   Parsing time 397 ms. 
54240      INFO  main            d.u.i.k.p.i.AbstractProblemLoader Creating init config 
55210      WARN  main            d.u.i.k.n.ParsingFacade   file:/home/runner/work/key/key/key.core/build/resources/main/de/uka/ilkd/key/java/JavaRedux/java/lang/String.key took 1 ms to parse. 
55210      WARN  main            d.u.i.k.n.ParsingFacade   Parsing time 398 ms. 
56991      DEBUG main            d.u.i.k.p.i.AbstractProblemLoader Init config took 2.75s 
57028      INFO  main            d.u.i.k.p.i.AbstractProblemLoader Replaying proof Saddleback[Saddleback::search([[I,int)].JML normal_behavior operation contract.0 
57036      DEBUG main            d.u.i.k.p.i.IntermediateProofReplayer Proof replay took 5.7ns 
57037      WARN  main            d.u.i.k.n.ParsingFacade   /home/runner/work/key/key/key.core/../key.ui/examples/heap/saddleback_search/Saddleback_search.key took 0 ms to parse. 
57038      WARN  main            d.u.i.k.n.ParsingFacade   Parsing time 398 ms. 
137246     INFO  main            d.u.i.k.p.r.p.TestFile    ... finished proof: closed. 
137625     INFO  main            d.u.i.k.p.i.AbstractProblemLoader Loading environment from /home/runner/work/key/key/key.core/../key.ui/examples/heap/saddleback_search/Saddleback_search.key.proof 
137626     DEBUG main            d.u.i.k.p.i.AbstractProblemLoader Environment load took 179.4ns 
137634     WARN  main            d.u.i.k.n.ParsingFacade   /home/runner/work/key/key/key.core/../key.ui/examples/heap/saddleback_search/Saddleback_search.key.proof took 0 ms to parse. 
137634     WARN  main            d.u.i.k.n.ParsingFacade   Parsing time 398 ms. 
137635     INFO  main            d.u.i.k.p.i.AbstractProblemLoader Creating init config 
138483     WARN  main            d.u.i.k.n.ParsingFacade   file:/home/runner/work/key/key/key.core/build/resources/main/de/uka/ilkd/key/java/JavaRedux/java/lang/String.key took 1 ms to parse. 
138484     WARN  main            d.u.i.k.n.ParsingFacade   Parsing time 399 ms. 
140158     DEBUG main            d.u.i.k.p.i.AbstractProblemLoader Init config took 2.52s 
140193     INFO  main            d.u.i.k.p.i.AbstractProblemLoader Replaying proof Saddleback[Saddleback::search([[I,int)].JML normal_behavior operation contract.0 
142734     DEBUG main            d.u.i.k.p.i.IntermediateProofReplayer Proof replay took 2.37s 
142743     WARN  main            d.u.i.k.n.ParsingFacade   /home/runner/work/key/key/key.core/../key.ui/examples/heap/saddleback_search/Saddleback_search.key.proof took 0 ms to parse. 
142743     WARN  main            d.u.i.k.n.ParsingFacade   Parsing time 399 ms. 
142743     DEBUG main            d.u.i.k.p.r.p.TestFile    ... success: reloaded. 
1637854    INFO  Test worker     d.u.i.k.p.r.RunAllProofsTestUnit Returning from test removeDups 
1637861    INFO  Test worker     d.u.i.k.p.r.RunAllProofsTestUnit Running test quicksort 
316        INFO  Timeout watchdog d.u.i.k.p.r.p.ForkedTestFileRunner Timeout watcher launched (2000 secs.) 
336        WARN  main            d.u.i.k.s.ProofSettings   The settings in /home/runner/.key/proof-settings.props are *not* read. 
388        INFO  main            d.u.i.k.p.r.p.TestFile    Now processing file /home/runner/work/key/key/key.core/../key.ui/examples/heap/quicksort/toplevel.key 
508        INFO  main            d.u.i.k.p.i.AbstractProblemLoader Loading environment from /home/runner/work/key/key/key.core/../key.ui/examples/heap/quicksort/toplevel.key 
528        DEBUG main            d.u.i.k.p.i.AbstractProblemLoader Environment load took 1.85ms 
611        WARN  main            d.u.i.k.n.ParsingFacade   /home/runner/work/key/key/key.core/../key.ui/examples/heap/quicksort/toplevel.key took 9 ms to parse. 
612        WARN  main            d.u.i.k.n.ParsingFacade   Parsing time 9 ms. 
736        INFO  main            d.u.i.k.p.i.AbstractProblemLoader Creating init config 
745        WARN  main            d.u.i.k.n.ParsingFacade   file:/home/runner/work/key/key/key.core/build/resources/main/de/uka/ilkd/key/proof/rules/standardRules.key took 5 ms to parse. 
745        WARN  main            d.u.i.k.n.ParsingFacade   Parsing time 14 ms. 
757        WARN  main            d.u.i.k.n.ParsingFacade   file:/home/runner/work/key/key/key.core/build/resources/main/de/uka/ilkd/key/proof/rules/ldt.key took 2 ms to parse. 
757        WARN  main            d.u.i.k.n.ParsingFacade   Parsing time 16 ms. 
762        WARN  main            d.u.i.k.n.ParsingFacade   file:/home/runner/work/key/key/key.core/build/resources/main/de/uka/ilkd/key/proof/rules/boolean.key took 2 ms to parse. 
762        WARN  main            d.u.i.k.n.ParsingFacade   Parsing time 18 ms. 
781        WARN  main            d.u.i.k.n.ParsingFacade   file:/home/runner/work/key/key/key.core/build/resources/main/de/uka/ilkd/key/proof/rules/ruleSetsDeclarations.key took 10 ms to parse. 
781        WARN  main            d.u.i.k.n.ParsingFacade   Parsing time 28 ms. 
804        WARN  main            d.u.i.k.n.ParsingFacade   file:/home/runner/work/key/key/key.core/build/resources/main/de/uka/ilkd/key/proof/rules/integerHeader.key took 6 ms to parse. 
804        WARN  main            d.u.i.k.n.ParsingFacade   Parsing time 34 ms. 
806        WARN  main            d.u.i.k.n.ParsingFacade   file:/home/runner/work/key/key/key.core/build/resources/main/de/uka/ilkd/key/proof/rules/floatHeader.key took 1 ms to parse. 
806        WARN  main            d.u.i.k.n.ParsingFacade   Parsing time 35 ms. 
808        WARN  main            d.u.i.k.n.ParsingFacade   file:/home/runner/work/key/key/key.core/build/resources/main/de/uka/ilkd/key/proof/rules/heap.key took 1 ms to parse. 
808        WARN  main            d.u.i.k.n.ParsingFacade   Parsing time 36 ms. 
811        WARN  main            d.u.i.k.n.ParsingFacade   file:/home/runner/work/key/key/key.core/build/resources/main/de/uka/ilkd/key/proof/rules/locSets.key took 0 ms to parse. 
811        WARN  main            d.u.i.k.n.ParsingFacade   Parsing time 36 ms. 
812        WARN  main            d.u.i.k.n.ParsingFacade   file:/home/runner/work/key/key/key.core/build/resources/main/de/uka/ilkd/key/proof/rules/permission.key took 1 ms to parse. 
812        WARN  main            d.u.i.k.n.ParsingFacade   Parsing time 37 ms. 
813        WARN  main            d.u.i.k.n.ParsingFacade   file:/home/runner/work/key/key/key.core/build/resources/main/de/uka/ilkd/key/proof/rules/reach.key took 0 ms to parse. 
813        WARN  main            d.u.i.k.n.ParsingFacade   Parsing time 37 ms. 
813        WARN  main            d.u.i.k.n.ParsingFacade   file:/home/runner/work/key/key/key.core/build/resources/main/de/uka/ilkd/key/proof/rules/seq.key took 0 ms to parse. 
814        WARN  main            d.u.i.k.n.ParsingFacade   Parsing time 37 ms. 
857        WARN  main            d.u.i.k.n.ParsingFacade   file:/home/runner/work/key/key/key.core/build/resources/main/de/uka/ilkd/key/proof/rules/map.key took 43 ms to parse. 
861        WARN  main            d.u.i.k.n.ParsingFacade   Parsing time 80 ms. 
862        WARN  main            d.u.i.k.n.ParsingFacade   file:/home/runner/work/key/key/key.core/build/resources/main/de/uka/ilkd/key/proof/rules/freeADT.key took 0 ms to parse. 
862        WARN  main            d.u.i.k.n.ParsingFacade   Parsing time 80 ms. 
863        WARN  main            d.u.i.k.n.ParsingFacade   file:/home/runner/work/key/key/key.core/build/resources/main/de/uka/ilkd/key/proof/rules/wellfound.key took 1 ms to parse. 
863        WARN  main            d.u.i.k.n.ParsingFacade   Parsing time 81 ms. 
863        WARN  main            d.u.i.k.n.ParsingFacade   file:/home/runner/work/key/key/key.core/build/resources/main/de/uka/ilkd/key/proof/rules/charListHeader.key took 0 ms to parse. 
863        WARN  main            d.u.i.k.n.ParsingFacade   Parsing time 81 ms. 
1042       WARN  main            d.u.i.k.n.ParsingFacade   file:/home/runner/work/key/key/key.core/build/resources/main/de/uka/ilkd/key/proof/rules/propRule.key took 7 ms to parse. 
1043       WARN  main            d.u.i.k.n.ParsingFacade   Parsing time 88 ms. 
1081       WARN  main            d.u.i.k.n.ParsingFacade   file:/home/runner/work/key/key/key.core/build/resources/main/de/uka/ilkd/key/proof/rules/firstOrderRules.key took 2 ms to parse. 
1081       WARN  main            d.u.i.k.n.ParsingFacade   Parsing time 90 ms. 
1109       WARN  main            d.u.i.k.n.ParsingFacade   file:/home/runner/work/key/key/key.core/build/resources/main/de/uka/ilkd/key/proof/rules/ifThenElseRules.key took 11 ms to parse. 
1109       WARN  main            d.u.i.k.n.ParsingFacade   Parsing time 101 ms. 
1178       WARN  main            d.u.i.k.n.ParsingFacade   file:/home/runner/work/key/key/key.core/build/resources/main/de/uka/ilkd/key/proof/rules/formulaNormalisationRules.key took 42 ms to parse. 
1178       WARN  main            d.u.i.k.n.ParsingFacade   Parsing time 143 ms. 
1231       WARN  main            d.u.i.k.n.ParsingFacade   file:/home/runner/work/key/key/key.core/build/resources/main/de/uka/ilkd/key/proof/rules/updateRules.key took 4 ms to parse. 
1231       WARN  main            d.u.i.k.n.ParsingFacade   Parsing time 147 ms. 
1243       WARN  main            d.u.i.k.n.ParsingFacade   file:/home/runner/work/key/key/key.core/build/resources/main/de/uka/ilkd/key/proof/rules/integerRulesCommon.key took 2 ms to parse. 
1243       WARN  main            d.u.i.k.n.ParsingFacade   Parsing time 149 ms. 
1331       WARN  main            d.u.i.k.n.ParsingFacade   file:/home/runner/work/key/key/key.core/build/resources/main/de/uka/ilkd/key/proof/rules/intRules.key took 4 ms to parse. 
1331       WARN  main            d.u.i.k.n.ParsingFacade   Parsing time 153 ms. 
1343       WARN  main            d.u.i.k.n.ParsingFacade   file:/home/runner/work/key/key/key.core/build/resources/main/de/uka/ilkd/key/proof/rules/intRulesUncheckedSemantics.key took 2 ms to parse. 
1344       WARN  main            d.u.i.k.n.ParsingFacade   Parsing time 155 ms. 
1351       WARN  main            d.u.i.k.n.ParsingFacade   file:/home/runner/work/key/key/key.core/build/resources/main/de/uka/ilkd/key/proof/rules/intRulesCheckedSemantics.key took 1 ms to parse. 
1351       WARN  main            d.u.i.k.n.ParsingFacade   Parsing time 156 ms. 
1358       WARN  main            d.u.i.k.n.ParsingFacade   file:/home/runner/work/key/key/key.core/build/resources/main/de/uka/ilkd/key/proof/rules/intRulesJavaSemantics.key took 2 ms to parse. 
1358       WARN  main            d.u.i.k.n.ParsingFacade   Parsing time 158 ms. 
1392       WARN  main            d.u.i.k.n.ParsingFacade   file:/home/runner/work/key/key/key.core/build/resources/main/de/uka/ilkd/key/proof/rules/integerSimplificationRules.key took 24 ms to parse. 
1392       WARN  main            d.u.i.k.n.ParsingFacade   Parsing time 182 ms. 
1447       DEBUG main            d.u.i.k.j.TypeConverter   No LDT found for Meta 
1448       DEBUG main            d.u.i.k.j.TypeConverter   No LDT found for Meta 
1449       DEBUG main            d.u.i.k.j.TypeConverter   No LDT found for Meta 
1449       DEBUG main            d.u.i.k.j.TypeConverter   No LDT found for Meta 
1509       WARN  main            d.u.i.k.n.ParsingFacade   file:/home/runner/work/key/key/key.core/build/resources/main/de/uka/ilkd/key/proof/rules/intDiv.key took 31 ms to parse. 
1509       WARN  main            d.u.i.k.n.ParsingFacade   Parsing time 213 ms. 
1539       WARN  main            d.u.i.k.n.ParsingFacade   file:/home/runner/work/key/key/key.core/build/resources/main/de/uka/ilkd/key/proof/rules/bsum.key took 14 ms to parse. 
1539       WARN  main            d.u.i.k.n.ParsingFacade   Parsing time 227 ms. 
1569       WARN  main            d.u.i.k.n.ParsingFacade   file:/home/runner/work/key/key/key.core/build/resources/main/de/uka/ilkd/key/proof/rules/bprod.key took 3 ms to parse. 
1569       WARN  main            d.u.i.k.n.ParsingFacade   Parsing time 230 ms. 
1580       WARN  main            d.u.i.k.n.ParsingFacade   file:/home/runner/work/key/key/key.core/build/resources/main/de/uka/ilkd/key/proof/rules/binaryAxioms.key took 1 ms to parse. 
1580       WARN  main            d.u.i.k.n.ParsingFacade   Parsing time 231 ms. 
1583       WARN  main            d.u.i.k.n.ParsingFacade   file:/home/runner/work/key/key/key.core/build/resources/main/de/uka/ilkd/key/proof/rules/binaryLemmas.key took 0 ms to parse. 
1583       WARN  main            d.u.i.k.n.ParsingFacade   Parsing time 231 ms. 
1588       WARN  main            d.u.i.k.n.ParsingFacade   file:/home/runner/work/key/key/key.core/build/resources/main/de/uka/ilkd/key/proof/rules/intPow.key took 1 ms to parse. 
1588       WARN  main            d.u.i.k.n.ParsingFacade   Parsing time 232 ms. 
1599       WARN  main            d.u.i.k.n.ParsingFacade   file:/home/runner/work/key/key/key.core/build/resources/main/de/uka/ilkd/key/proof/rules/floatRulesCommon.key took 3 ms to parse. 
1599       WARN  main            d.u.i.k.n.ParsingFacade   Parsing time 235 ms. 
1609       WARN  main            d.u.i.k.n.ParsingFacade   file:/home/runner/work/key/key/key.core/build/resources/main/de/uka/ilkd/key/proof/rules/floatRules.key took 1 ms to parse. 
1609       WARN  main            d.u.i.k.n.ParsingFacade   Parsing time 236 ms. 
1609       WARN  main            d.u.i.k.n.ParsingFacade   file:/home/runner/work/key/key/key.core/build/resources/main/de/uka/ilkd/key/proof/rules/floatRulesVerifyNormal.key took 0 ms to parse. 
1610       WARN  main            d.u.i.k.n.ParsingFacade   Parsing time 236 ms. 
1612       WARN  main            d.u.i.k.n.ParsingFacade   file:/home/runner/work/key/key/key.core/build/resources/main/de/uka/ilkd/key/proof/rules/floatRulesAssumeStrictfp.key took 2 ms to parse. 
1612       WARN  main            d.u.i.k.n.ParsingFacade   Parsing time 238 ms. 
1628       WARN  main            d.u.i.k.n.ParsingFacade   file:/home/runner/work/key/key/key.core/build/resources/main/de/uka/ilkd/key/proof/rules/genericRules.key took 1 ms to parse. 
1628       WARN  main            d.u.i.k.n.ParsingFacade   Parsing time 239 ms. 
1636       WARN  main            d.u.i.k.n.ParsingFacade   file:/home/runner/work/key/key/key.core/build/resources/main/de/uka/ilkd/key/proof/rules/booleanRules.key took 0 ms to parse. 
1636       WARN  main            d.u.i.k.n.ParsingFacade   Parsing time 239 ms. 
1669       WARN  main            d.u.i.k.n.ParsingFacade   file:/home/runner/work/key/key/key.core/build/resources/main/de/uka/ilkd/key/proof/rules/epsilon.key took 1 ms to parse. 
1669       WARN  main            d.u.i.k.n.ParsingFacade   Parsing time 240 ms. 
1681       WARN  main            d.u.i.k.n.ParsingFacade   file:/home/runner/work/key/key/key.core/build/resources/main/de/uka/ilkd/key/proof/rules/locSetsRules.key took 8 ms to parse. 
1681       WARN  main            d.u.i.k.n.ParsingFacade   Parsing time 248 ms. 
1712       WARN  main            d.u.i.k.n.ParsingFacade   file:/home/runner/work/key/key/key.core/build/resources/main/de/uka/ilkd/key/proof/rules/heapRules.key took 6 ms to parse. 
1712       WARN  main            d.u.i.k.n.ParsingFacade   Parsing time 254 ms. 
1733       WARN  main            d.u.i.k.n.ParsingFacade   file:/home/runner/work/key/key/key.core/build/resources/main/de/uka/ilkd/key/proof/rules/permissionRules.key took 2 ms to parse. 
1733       WARN  main            d.u.i.k.n.ParsingFacade   Parsing time 256 ms. 
1768       WARN  main            d.u.i.k.n.ParsingFacade   file:/home/runner/work/key/key/key.core/build/resources/main/de/uka/ilkd/key/proof/rules/reachRules.key took 27 ms to parse. 
1768       WARN  main            d.u.i.k.n.ParsingFacade   Parsing time 283 ms. 
1778       WARN  main            d.u.i.k.n.ParsingFacade   file:/home/runner/work/key/key/key.core/build/resources/main/de/uka/ilkd/key/proof/rules/seqCoreRules.key took 0 ms to parse. 
1778       WARN  main            d.u.i.k.n.ParsingFacade   Parsing time 283 ms. 
1784       WARN  main            d.u.i.k.n.ParsingFacade   file:/home/runner/work/key/key/key.core/build/resources/main/de/uka/ilkd/key/proof/rules/seqRules.key took 4 ms to parse. 
1784       WARN  main            d.u.i.k.n.ParsingFacade   Parsing time 287 ms. 
1804       WARN  main            d.u.i.k.n.ParsingFacade   file:/home/runner/work/key/key/key.core/build/resources/main/de/uka/ilkd/key/proof/rules/seqPerm.key took 3 ms to parse. 
1804       WARN  main            d.u.i.k.n.ParsingFacade   Parsing time 290 ms. 
1817       WARN  main            d.u.i.k.n.ParsingFacade   file:/home/runner/work/key/key/key.core/build/resources/main/de/uka/ilkd/key/proof/rules/seqPerm2.key took 1 ms to parse. 
1817       WARN  main            d.u.i.k.n.ParsingFacade   Parsing time 291 ms. 
1892       WARN  main            d.u.i.k.n.ParsingFacade   file:/home/runner/work/key/key/key.core/build/resources/main/de/uka/ilkd/key/proof/rules/javaRules.key took 73 ms to parse. 
1893       WARN  main            d.u.i.k.n.ParsingFacade   Parsing time 364 ms. 
1903       WARN  main            d.u.i.k.n.ParsingFacade   file:/home/runner/work/key/key/key.core/build/resources/main/de/uka/ilkd/key/proof/rules/assertions.key took 1 ms to parse. 
1904       WARN  main            d.u.i.k.n.ParsingFacade   Parsing time 365 ms. 
2399       WARN  main            d.u.i.k.n.ParsingFacade   file:/home/runner/work/key/key/key.core/build/resources/main/de/uka/ilkd/key/proof/rules/loopRules.key took 2 ms to parse. 
2399       WARN  main            d.u.i.k.n.ParsingFacade   Parsing time 367 ms. 
2408       WARN  main            d.u.i.k.n.ParsingFacade   file:/home/runner/work/key/key/key.core/build/resources/main/de/uka/ilkd/key/proof/rules/activeUse.key took 1 ms to parse. 
2408       WARN  main            d.u.i.k.n.ParsingFacade   Parsing time 368 ms. 
2461       WARN  main            d.u.i.k.n.ParsingFacade   file:/home/runner/work/key/key/key.core/build/resources/main/de/uka/ilkd/key/proof/rules/instanceAllocation.key took 5 ms to parse. 
2461       WARN  main            d.u.i.k.n.ParsingFacade   Parsing time 373 ms. 
2473       WARN  main            d.u.i.k.n.ParsingFacade   file:/home/runner/work/key/key/key.core/build/resources/main/de/uka/ilkd/key/proof/rules/java5.key took 0 ms to parse. 
2473       WARN  main            d.u.i.k.n.ParsingFacade   Parsing time 373 ms. 
2479       WARN  main            d.u.i.k.n.ParsingFacade   file:/home/runner/work/key/key/key.core/build/resources/main/de/uka/ilkd/key/proof/rules/integerAssignment2UpdateRules.key took 3 ms to parse. 
2479       WARN  main            d.u.i.k.n.ParsingFacade   Parsing time 376 ms. 
2513       WARN  main            d.u.i.k.n.ParsingFacade   file:/home/runner/work/key/key/key.core/build/resources/main/de/uka/ilkd/key/proof/rules/floatAssignment2UpdateRules.key took 7 ms to parse. 
2513       WARN  main            d.u.i.k.n.ParsingFacade   Parsing time 383 ms. 
2543       WARN  main            d.u.i.k.n.ParsingFacade   file:/home/runner/work/key/key/key.core/build/resources/main/de/uka/ilkd/key/proof/rules/bigint.key took 2 ms to parse. 
2543       WARN  main            d.u.i.k.n.ParsingFacade   Parsing time 385 ms. 
2555       DEBUG main            d.u.i.k.j.TypeConverter   No LDT found for JavaBigintExpression 
2562       WARN  main            d.u.i.k.n.ParsingFacade   file:/home/runner/work/key/key/key.core/build/resources/main/de/uka/ilkd/key/proof/rules/adtProgramDecompositionRules.key took 2 ms to parse. 
2562       WARN  main            d.u.i.k.n.ParsingFacade   Parsing time 387 ms. 
2597       WARN  main            d.u.i.k.n.ParsingFacade   file:/home/runner/work/key/key/key.core/build/resources/main/de/uka/ilkd/key/proof/rules/precRules.key took 0 ms to parse. 
2597       WARN  main            d.u.i.k.n.ParsingFacade   Parsing time 387 ms. 
2606       WARN  main            d.u.i.k.n.ParsingFacade   file:/home/runner/work/key/key/key.core/build/resources/main/de/uka/ilkd/key/proof/rules/charListRules.key took 7 ms to parse. 
2607       WARN  main            d.u.i.k.n.ParsingFacade   Parsing time 394 ms. 
2620       WARN  main            d.u.i.k.n.ParsingFacade   file:/home/runner/work/key/key/key.core/build/resources/main/de/uka/ilkd/key/proof/rules/regExTheory.key took 0 ms to parse. 
2620       WARN  main            d.u.i.k.n.ParsingFacade   Parsing time 394 ms. 
2622       WARN  main            d.u.i.k.n.ParsingFacade   file:/home/runner/work/key/key/key.core/build/resources/main/de/uka/ilkd/key/proof/rules/regExHeader.key took 0 ms to parse. 
2622       WARN  main            d.u.i.k.n.ParsingFacade   Parsing time 394 ms. 
2624       WARN  main            d.u.i.k.n.ParsingFacade   file:/home/runner/work/key/key/key.core/build/resources/main/de/uka/ilkd/key/proof/rules/regExAxioms.key took 1 ms to parse. 
2624       WARN  main            d.u.i.k.n.ParsingFacade   Parsing time 395 ms. 
2627       WARN  main            d.u.i.k.n.ParsingFacade   file:/home/runner/work/key/key/key.core/build/resources/main/de/uka/ilkd/key/proof/rules/regExLemmaProven.key took 1 ms to parse. 
2627       WARN  main            d.u.i.k.n.ParsingFacade   Parsing time 396 ms. 
2632       WARN  main            d.u.i.k.n.ParsingFacade   file:/home/runner/work/key/key/key.core/build/resources/main/de/uka/ilkd/key/proof/rules/seqEq.key took 1 ms to parse. 
2632       WARN  main            d.u.i.k.n.ParsingFacade   Parsing time 397 ms. 
2640       WARN  main            d.u.i.k.n.ParsingFacade   file:/home/runner/work/key/key/key.core/build/resources/main/de/uka/ilkd/key/proof/rules/infFlow.key took 4 ms to parse. 
2640       WARN  main            d.u.i.k.n.ParsingFacade   Parsing time 401 ms. 
2644       WARN  main            d.u.i.k.n.ParsingFacade   file:/home/runner/work/key/key/key.core/build/resources/main/de/uka/ilkd/key/proof/rules/mapSize.key took 0 ms to parse. 
2644       WARN  main            d.u.i.k.n.ParsingFacade   Parsing time 401 ms. 
2647       WARN  main            d.u.i.k.n.ParsingFacade   file:/home/runner/work/key/key/key.core/build/resources/main/de/uka/ilkd/key/proof/rules/wd.key took 0 ms to parse. 
2647       WARN  main            d.u.i.k.n.ParsingFacade   Parsing time 401 ms. 
2650       WARN  main            d.u.i.k.n.ParsingFacade   file:/home/runner/work/key/key/key.core/build/resources/main/de/uka/ilkd/key/proof/rules/wdHeader.key took 0 ms to parse. 
2650       WARN  main            d.u.i.k.n.ParsingFacade   Parsing time 401 ms. 
2651       WARN  main            d.u.i.k.n.ParsingFacade   file:/home/runner/work/key/key/key.core/build/resources/main/de/uka/ilkd/key/proof/rules/wdGeneralRules.key took 1 ms to parse. 
2651       WARN  main            d.u.i.k.n.ParsingFacade   Parsing time 402 ms. 
2660       WARN  main            d.u.i.k.n.ParsingFacade   file:/home/runner/work/key/key/key.core/build/resources/main/de/uka/ilkd/key/proof/rules/wdNumericalRules.key took 4 ms to parse. 
2660       WARN  main            d.u.i.k.n.ParsingFacade   Parsing time 406 ms. 
2677       WARN  main            d.u.i.k.n.ParsingFacade   file:/home/runner/work/key/key/key.core/build/resources/main/de/uka/ilkd/key/proof/rules/wdLocSetRules.key took 1 ms to parse. 
2677       WARN  main            d.u.i.k.n.ParsingFacade   Parsing time 407 ms. 
2682       WARN  main            d.u.i.k.n.ParsingFacade   file:/home/runner/work/key/key/key.core/build/resources/main/de/uka/ilkd/key/proof/rules/wdHeapRules.key took 1 ms to parse. 
2682       WARN  main            d.u.i.k.n.ParsingFacade   Parsing time 408 ms. 
2685       WARN  main            d.u.i.k.n.ParsingFacade   file:/home/runner/work/key/key/key.core/build/resources/main/de/uka/ilkd/key/proof/rules/wdReachRules.key took 0 ms to parse. 
2685       WARN  main            d.u.i.k.n.ParsingFacade   Parsing time 408 ms. 
2686       WARN  main            d.u.i.k.n.ParsingFacade   file:/home/runner/work/key/key/key.core/build/resources/main/de/uka/ilkd/key/proof/rules/wdSeqRules.key took 0 ms to parse. 
2687       WARN  main            d.u.i.k.n.ParsingFacade   Parsing time 408 ms. 
2690       WARN  main            d.u.i.k.n.ParsingFacade   file:/home/runner/work/key/key/key.core/build/resources/main/de/uka/ilkd/key/proof/rules/wdStringRules.key took 1 ms to parse. 
2690       WARN  main            d.u.i.k.n.ParsingFacade   Parsing time 409 ms. 
2693       WARN  main            d.u.i.k.n.ParsingFacade   file:/home/runner/work/key/key/key.core/build/resources/main/de/uka/ilkd/key/proof/rules/wdRegExRules.key took 1 ms to parse. 
2693       WARN  main            d.u.i.k.n.ParsingFacade   Parsing time 410 ms. 
2697       WARN  main            d.u.i.k.n.ParsingFacade   file:/home/runner/work/key/key/key.core/build/resources/main/de/uka/ilkd/key/proof/rules/wdFormulaRules.key took 3 ms to parse. 
2697       WARN  main            d.u.i.k.n.ParsingFacade   Parsing time 413 ms. 
2710       WARN  main            d.u.i.k.n.ParsingFacade   file:/home/runner/work/key/key/key.core/build/resources/main/de/uka/ilkd/key/proof/rules/loopInvariantRules.key took 0 ms to parse. 
2710       WARN  main            d.u.i.k.n.ParsingFacade   Parsing time 413 ms. 
2711       WARN  main            d.u.i.k.n.ParsingFacade   file:/home/runner/work/key/key/key.core/build/resources/main/de/uka/ilkd/key/proof/rules/forLoopRules.key took 0 ms to parse. 
2712       WARN  main            d.u.i.k.n.ParsingFacade   Parsing time 413 ms. 
2719       WARN  main            d.u.i.k.n.ParsingFacade   file:/home/runner/work/key/key/key.core/build/resources/main/de/uka/ilkd/key/proof/rules/execRules.key took 4 ms to parse. 
2719       WARN  main            d.u.i.k.n.ParsingFacade   Parsing time 417 ms. 
2794       WARN  main            d.u.i.k.n.ParsingFacade   file:/home/runner/work/key/key/key.core/build/resources/main/de/uka/ilkd/key/proof/rules/loopScopeRules.key took 3 ms to parse. 
2794       WARN  main            d.u.i.k.n.ParsingFacade   Parsing time 420 ms. 
5633       WARN  main            d.u.i.k.n.ParsingFacade   file:/home/runner/work/key/key/key.core/build/resources/main/de/uka/ilkd/key/java/JavaRedux/java/lang/String.key took 9 ms to parse. 
5633       WARN  main            d.u.i.k.n.ParsingFacade   Parsing time 429 ms. 
7784       DEBUG main            d.u.i.k.p.i.AbstractProblemLoader Init config took 7.05s 
7962       INFO  main            d.u.i.k.p.i.AbstractProblemLoader Replaying proof Quicksort[Quicksort::sort([I)].JML normal_behavior operation contract.0 
7998       DEBUG main            d.u.i.k.p.i.IntermediateProofReplayer Proof replay took 31.3ns 
8000       WARN  main            d.u.i.k.n.ParsingFacade   /home/runner/work/key/key/key.core/../key.ui/examples/heap/quicksort/toplevel.key took 0 ms to parse. 
8000       WARN  main            d.u.i.k.n.ParsingFacade   Parsing time 429 ms. 
9341       INFO  main            d.u.i.k.p.r.p.TestFile    ... finished proof: closed. 
9472       INFO  main            d.u.i.k.p.i.AbstractProblemLoader Loading environment from /home/runner/work/key/key/key.core/../key.ui/examples/heap/quicksort/toplevel.key.proof 
9473       DEBUG main            d.u.i.k.p.i.AbstractProblemLoader Environment load took 412.21ns 
9475       WARN  main            d.u.i.k.n.ParsingFacade   /home/runner/work/key/key/key.core/../key.ui/examples/heap/quicksort/toplevel.key.proof took 0 ms to parse. 
9475       WARN  main            d.u.i.k.n.ParsingFacade   Parsing time 429 ms. 
9477       INFO  main            d.u.i.k.p.i.AbstractProblemLoader Creating init config 
10411      WARN  main            d.u.i.k.n.ParsingFacade   file:/home/runner/work/key/key/key.core/build/resources/main/de/uka/ilkd/key/java/JavaRedux/java/lang/String.key took 1 ms to parse. 
10412      WARN  main            d.u.i.k.n.ParsingFacade   Parsing time 430 ms. 
12183      DEBUG main            d.u.i.k.p.i.AbstractProblemLoader Init config took 2.71s 
12247      INFO  main            d.u.i.k.p.i.AbstractProblemLoader Replaying proof Quicksort[Quicksort::sort([I)].JML normal_behavior operation contract.0 
12419      DEBUG main            d.u.i.k.p.i.IntermediateProofReplayer Proof replay took 165.18ms 
12420      WARN  main            d.u.i.k.n.ParsingFacade   /home/runner/work/key/key/key.core/../key.ui/examples/heap/quicksort/toplevel.key.proof took 0 ms to parse. 
12420      WARN  main            d.u.i.k.n.ParsingFacade   Parsing time 430 ms. 
12427      DEBUG main            d.u.i.k.p.r.p.TestFile    ... success: reloaded. 
12431      INFO  main            d.u.i.k.p.r.p.TestFile    Now processing file /home/runner/work/key/key/key.core/../key.ui/examples/heap/quicksort/sort.key 
12431      INFO  main            d.u.i.k.p.i.AbstractProblemLoader Loading environment from /home/runner/work/key/key/key.core/../key.ui/examples/heap/quicksort/sort.key 
12432      DEBUG main            d.u.i.k.p.i.AbstractProblemLoader Environment load took 115.4ns 
12432      WARN  main            d.u.i.k.n.ParsingFacade   /home/runner/work/key/key/key.core/../key.ui/examples/heap/quicksort/sort.key took 0 ms to parse. 
12432      WARN  main            d.u.i.k.n.ParsingFacade   Parsing time 430 ms. 
12435      INFO  main            d.u.i.k.p.i.AbstractProblemLoader Creating init config 
13481      WARN  main            d.u.i.k.n.ParsingFacade   file:/home/runner/work/key/key/key.core/build/resources/main/de/uka/ilkd/key/java/JavaRedux/java/lang/String.key took 1 ms to parse. 
13482      WARN  main            d.u.i.k.n.ParsingFacade   Parsing time 431 ms. 
15292      DEBUG main            d.u.i.k.p.i.AbstractProblemLoader Init config took 2.86s 
15351      INFO  main            d.u.i.k.p.i.AbstractProblemLoader Replaying proof Quicksort[Quicksort::sort([I,int,int)].JML normal_behavior operation contract.0 
15354      DEBUG main            d.u.i.k.p.i.IntermediateProofReplayer Proof replay took 5.9ns 
15355      WARN  main            d.u.i.k.n.ParsingFacade   /home/runner/work/key/key/key.core/../key.ui/examples/heap/quicksort/sort.key took 0 ms to parse. 
15355      WARN  main            d.u.i.k.n.ParsingFacade   Parsing time 431 ms. 
15380      DEBUG main            d.u.i.k.m.s.ProofScriptEngine 1: 'script 'sort.script'' 
15383      INFO  main            d.u.i.k.m.s.ProofScriptCommand Included script /home/runner/work/key/key/key.core/../key.ui/examples/heap/quicksort/sort.script 
15384      DEBUG main            d.u.i.k.m.s.ProofScriptEngine 1: 'macro autopilot-prep' 
16351      DEBUG main            d.u.i.k.m.s.ProofScriptEngine 2: 'select formula="{heapAtPre:=heap || exc:=null || heap:=heapAfter_sort_0}
   seq ...' 
16355      DEBUG main            d.u.i.k.m.s.ProofScriptEngine 3: 'macro simp-upd' 
16364      DEBUG main            d.u.i.k.m.s.ProofScriptEngine 4: 'let   @seqPre="seqDef{int u;}(0, array.length, array[u])"
    @seqSplit="seqDef ...' 
16367      DEBUG main            d.u.i.k.m.s.ProofScriptEngine 5: 'rule seqPermSym 
  formula="seqPerm(@seqSplit, @seqPre)"' 
16445      DEBUG main            d.u.i.k.m.s.ProofScriptEngine 6: 'rule seqPermSym
  formula="seqPerm(@seqSort, @seqSplit)"' 
16447      DEBUG main            d.u.i.k.m.s.ProofScriptEngine 7: 'rule seqPermSym
  formula="seqPerm(@seqSort0, @seqSort)"' 
16448      DEBUG main            d.u.i.k.m.s.ProofScriptEngine 8: 'rule seqPermTrans
  formula="seqPerm(@seqPre, @seqSplit)"' 
16449      DEBUG main            d.u.i.k.m.s.ProofScriptEngine 9: 'rule seqPermTrans
  formula="seqPerm(@seqPre, @seqSort)"' 
16449      DEBUG main            d.u.i.k.m.s.ProofScriptEngine 10: 'rule seqPermSym
  formula="seqPerm(@seqPre, @seqSort0)"' 
16450      DEBUG main            d.u.i.k.m.s.ProofScriptEngine 11: 'tryclose' 
41672      INFO  main            d.u.i.k.p.r.p.TestFile    ... finished proof: closed. 
41946      INFO  main            d.u.i.k.p.i.AbstractProblemLoader Loading environment from /home/runner/work/key/key/key.core/../key.ui/examples/heap/quicksort/sort.key.proof 
41946      DEBUG main            d.u.i.k.p.i.AbstractProblemLoader Environment load took 349.91ns 
41952      WARN  main            d.u.i.k.n.ParsingFacade   /home/runner/work/key/key/key.core/../key.ui/examples/heap/quicksort/sort.key.proof took 0 ms to parse. 
41952      WARN  main            d.u.i.k.n.ParsingFacade   Parsing time 431 ms. 
41953      INFO  main            d.u.i.k.p.i.AbstractProblemLoader Creating init config 
42823      WARN  main            d.u.i.k.n.ParsingFacade   file:/home/runner/work/key/key/key.core/build/resources/main/de/uka/ilkd/key/java/JavaRedux/java/lang/String.key took 1 ms to parse. 
42824      WARN  main            d.u.i.k.n.ParsingFacade   Parsing time 432 ms. 
44479      DEBUG main            d.u.i.k.p.i.AbstractProblemLoader Init config took 2.53s 
44530      INFO  main            d.u.i.k.p.i.AbstractProblemLoader Replaying proof Quicksort[Quicksort::sort([I,int,int)].JML normal_behavior operation contract.0 
46557      DEBUG main            d.u.i.k.p.i.IntermediateProofReplayer Proof replay took 1.91s 
46564      WARN  main            d.u.i.k.n.ParsingFacade   /home/runner/work/key/key/key.core/../key.ui/examples/heap/quicksort/sort.key.proof took 0 ms to parse. 
46564      WARN  main            d.u.i.k.n.ParsingFacade   Parsing time 432 ms. 
46564      DEBUG main            d.u.i.k.p.r.p.TestFile    ... success: reloaded. 
46571      INFO  main            d.u.i.k.p.r.p.TestFile    Now processing file /home/runner/work/key/key/key.core/../key.ui/examples/heap/quicksort/split.key 
46571      INFO  main            d.u.i.k.p.i.AbstractProblemLoader Loading environment from /home/runner/work/key/key/key.core/../key.ui/examples/heap/quicksort/split.key 
46571      DEBUG main            d.u.i.k.p.i.AbstractProblemLoader Environment load took 108.9ns 
46572      WARN  main            d.u.i.k.n.ParsingFacade   /home/runner/work/key/key/key.core/../key.ui/examples/heap/quicksort/split.key took 0 ms to parse. 
46572      WARN  main            d.u.i.k.n.ParsingFacade   Parsing time 432 ms. 
46573      INFO  main            d.u.i.k.p.i.AbstractProblemLoader Creating init config 
47589      WARN  main            d.u.i.k.n.ParsingFacade   file:/home/runner/work/key/key/key.core/build/resources/main/de/uka/ilkd/key/java/JavaRedux/java/lang/String.key took 1 ms to parse. 
47589      WARN  main            d.u.i.k.n.ParsingFacade   Parsing time 433 ms. 
49279      DEBUG main            d.u.i.k.p.i.AbstractProblemLoader Init config took 2.71s 
49323      INFO  main            d.u.i.k.p.i.AbstractProblemLoader Replaying proof Quicksort[Quicksort::split([I,int,int)].JML normal_behavior operation contract.0 
49327      DEBUG main            d.u.i.k.p.i.IntermediateProofReplayer Proof replay took 5.8ns 
49327      WARN  main            d.u.i.k.n.ParsingFacade   /home/runner/work/key/key/key.core/../key.ui/examples/heap/quicksort/split.key took 0 ms to parse. 
49327      WARN  main            d.u.i.k.n.ParsingFacade   Parsing time 433 ms. 
49327      DEBUG main            d.u.i.k.m.s.ProofScriptEngine 1: 'macro autopilot-prep' 
50473      DEBUG main            d.u.i.k.m.s.ProofScriptEngine 2: 'tryclose' 
87195      DEBUG main            d.u.i.k.m.s.ProofScriptEngine 3: 'macro simp-upd' 
87300      DEBUG main            d.u.i.k.m.s.ProofScriptEngine 4: 'rule seqPermFromSwap' 
87315      DEBUG main            d.u.i.k.m.s.ProofScriptEngine 5: 'rule andRight' 
87318      DEBUG main            d.u.i.k.m.s.ProofScriptEngine 6: 'auto' 
87343      DEBUG main            d.u.i.k.m.s.ProofScriptEngine 7: 'instantiate hide var=iv with=i_0' 
87347      DEBUG main            d.u.i.k.m.s.ProofScriptEngine 8: 'instantiate hide var=jv with=j_0' 
87349      DEBUG main            d.u.i.k.m.s.ProofScriptEngine 9: 'auto' 
93791      DEBUG main            d.u.i.k.m.s.ProofScriptEngine 10: 'macro simp-upd' 
93915      DEBUG main            d.u.i.k.m.s.ProofScriptEngine 11: 'rule seqPermFromSwap' 
93919      DEBUG main            d.u.i.k.m.s.ProofScriptEngine 12: 'rule andRight' 
93921      DEBUG main            d.u.i.k.m.s.ProofScriptEngine 13: 'auto' 
93935      DEBUG main            d.u.i.k.m.s.ProofScriptEngine 14: 'instantiate hide var=iv with=i_0' 
93938      DEBUG main            d.u.i.k.m.s.ProofScriptEngine 15: 'instantiate hide var=jv with=to' 
93940      DEBUG main            d.u.i.k.m.s.ProofScriptEngine 16: 'auto' 
98926      INFO  main            d.u.i.k.p.r.p.TestFile    ... finished proof: closed. 
99460      INFO  main            d.u.i.k.p.i.AbstractProblemLoader Loading environment from /home/runner/work/key/key/key.core/../key.ui/examples/heap/quicksort/split.key.proof 
99460      DEBUG main            d.u.i.k.p.i.AbstractProblemLoader Environment load took 357.91ns 
99470      WARN  main            d.u.i.k.n.ParsingFacade   /home/runner/work/key/key/key.core/../key.ui/examples/heap/quicksort/split.key.proof took 0 ms to parse. 
99471      WARN  main            d.u.i.k.n.ParsingFacade   Parsing time 433 ms. 
99472      INFO  main            d.u.i.k.p.i.AbstractProblemLoader Creating init config 
100307     WARN  main            d.u.i.k.n.ParsingFacade   file:/home/runner/work/key/key/key.core/build/resources/main/de/uka/ilkd/key/java/JavaRedux/java/lang/String.key took 1 ms to parse. 
100308     WARN  main            d.u.i.k.n.ParsingFacade   Parsing time 434 ms. 
101934     DEBUG main            d.u.i.k.p.i.AbstractProblemLoader Init config took 2.46s 
101994     INFO  main            d.u.i.k.p.i.AbstractProblemLoader Replaying proof Quicksort[Quicksort::split([I,int,int)].JML normal_behavior operation contract.0 
105704     DEBUG main            d.u.i.k.p.i.IntermediateProofReplayer Proof replay took 3.52s 
105715     WARN  main            d.u.i.k.n.ParsingFacade   /home/runner/work/key/key/key.core/../key.ui/examples/heap/quicksort/split.key.proof took 0 ms to parse. 
105715     WARN  main            d.u.i.k.n.ParsingFacade   Parsing time 434 ms. 
105716     DEBUG main            d.u.i.k.p.r.p.TestFile    ... success: reloaded. 
1743991    INFO  Test worker     d.u.i.k.p.r.RunAllProofsTestUnit Returning from test quicksort 
1743993    INFO  Test worker     d.u.i.k.p.r.RunAllProofsTestUnit Running test simpleTests 
378        INFO  Timeout watchdog d.u.i.k.p.r.p.ForkedTestFileRunner Timeout watcher launched (2000 secs.) 
392        WARN  main            d.u.i.k.s.ProofSettings   The settings in /home/runner/.key/proof-settings.props are *not* read. 
418        INFO  main            d.u.i.k.p.r.p.TestFile    Now processing file /home/runner/work/key/key/key.core/../key.ui/examples/heap/simple/anonymise_datagroup.key 
551        INFO  main            d.u.i.k.p.i.AbstractProblemLoader Loading environment from /home/runner/work/key/key/key.core/../key.ui/examples/heap/simple/anonymise_datagroup.key 
572        DEBUG main            d.u.i.k.p.i.AbstractProblemLoader Environment load took 1.8ms 
680        WARN  main            d.u.i.k.n.ParsingFacade   /home/runner/work/key/key/key.core/../key.ui/examples/heap/simple/anonymise_datagroup.key took 38 ms to parse. 
680        WARN  main            d.u.i.k.n.ParsingFacade   Parsing time 38 ms. 
807        INFO  main            d.u.i.k.p.i.AbstractProblemLoader Creating init config 
815        WARN  main            d.u.i.k.n.ParsingFacade   file:/home/runner/work/key/key/key.core/build/resources/main/de/uka/ilkd/key/proof/rules/standardRules.key took 4 ms to parse. 
815        WARN  main            d.u.i.k.n.ParsingFacade   Parsing time 42 ms. 
828        WARN  main            d.u.i.k.n.ParsingFacade   file:/home/runner/work/key/key/key.core/build/resources/main/de/uka/ilkd/key/proof/rules/ldt.key took 1 ms to parse. 
828        WARN  main            d.u.i.k.n.ParsingFacade   Parsing time 43 ms. 
832        WARN  main            d.u.i.k.n.ParsingFacade   file:/home/runner/work/key/key/key.core/build/resources/main/de/uka/ilkd/key/proof/rules/boolean.key took 1 ms to parse. 
832        WARN  main            d.u.i.k.n.ParsingFacade   Parsing time 44 ms. 
850        WARN  main            d.u.i.k.n.ParsingFacade   file:/home/runner/work/key/key/key.core/build/resources/main/de/uka/ilkd/key/proof/rules/ruleSetsDeclarations.key took 10 ms to parse. 
851        WARN  main            d.u.i.k.n.ParsingFacade   Parsing time 54 ms. 
872        WARN  main            d.u.i.k.n.ParsingFacade   file:/home/runner/work/key/key/key.core/build/resources/main/de/uka/ilkd/key/proof/rules/integerHeader.key took 4 ms to parse. 
872        WARN  main            d.u.i.k.n.ParsingFacade   Parsing time 58 ms. 
874        WARN  main            d.u.i.k.n.ParsingFacade   file:/home/runner/work/key/key/key.core/build/resources/main/de/uka/ilkd/key/proof/rules/floatHeader.key took 1 ms to parse. 
874        WARN  main            d.u.i.k.n.ParsingFacade   Parsing time 59 ms. 
876        WARN  main            d.u.i.k.n.ParsingFacade   file:/home/runner/work/key/key/key.core/build/resources/main/de/uka/ilkd/key/proof/rules/heap.key took 1 ms to parse. 
876        WARN  main            d.u.i.k.n.ParsingFacade   Parsing time 60 ms. 
879        WARN  main            d.u.i.k.n.ParsingFacade   file:/home/runner/work/key/key/key.core/build/resources/main/de/uka/ilkd/key/proof/rules/locSets.key took 1 ms to parse. 
879        WARN  main            d.u.i.k.n.ParsingFacade   Parsing time 61 ms. 
880        WARN  main            d.u.i.k.n.ParsingFacade   file:/home/runner/work/key/key/key.core/build/resources/main/de/uka/ilkd/key/proof/rules/permission.key took 1 ms to parse. 
880        WARN  main            d.u.i.k.n.ParsingFacade   Parsing time 62 ms. 
880        WARN  main            d.u.i.k.n.ParsingFacade   file:/home/runner/work/key/key/key.core/build/resources/main/de/uka/ilkd/key/proof/rules/reach.key took 0 ms to parse. 
880        WARN  main            d.u.i.k.n.ParsingFacade   Parsing time 62 ms. 
881        WARN  main            d.u.i.k.n.ParsingFacade   file:/home/runner/work/key/key/key.core/build/resources/main/de/uka/ilkd/key/proof/rules/seq.key took 0 ms to parse. 
881        WARN  main            d.u.i.k.n.ParsingFacade   Parsing time 62 ms. 
894        WARN  main            d.u.i.k.n.ParsingFacade   file:/home/runner/work/key/key/key.core/build/resources/main/de/uka/ilkd/key/proof/rules/map.key took 12 ms to parse. 
894        WARN  main            d.u.i.k.n.ParsingFacade   Parsing time 74 ms. 
900        WARN  main            d.u.i.k.n.ParsingFacade   file:/home/runner/work/key/key/key.core/build/resources/main/de/uka/ilkd/key/proof/rules/freeADT.key took 1 ms to parse. 
901        WARN  main            d.u.i.k.n.ParsingFacade   Parsing time 75 ms. 
905        WARN  main            d.u.i.k.n.ParsingFacade   file:/home/runner/work/key/key/key.core/build/resources/main/de/uka/ilkd/key/proof/rules/wellfound.key took 0 ms to parse. 
905        WARN  main            d.u.i.k.n.ParsingFacade   Parsing time 75 ms. 
906        WARN  main            d.u.i.k.n.ParsingFacade   file:/home/runner/work/key/key/key.core/build/resources/main/de/uka/ilkd/key/proof/rules/charListHeader.key took 1 ms to parse. 
906        WARN  main            d.u.i.k.n.ParsingFacade   Parsing time 76 ms. 
1056       WARN  main            d.u.i.k.n.ParsingFacade   file:/home/runner/work/key/key/key.core/build/resources/main/de/uka/ilkd/key/proof/rules/propRule.key took 10 ms to parse. 
1056       WARN  main            d.u.i.k.n.ParsingFacade   Parsing time 86 ms. 
1104       WARN  main            d.u.i.k.n.ParsingFacade   file:/home/runner/work/key/key/key.core/build/resources/main/de/uka/ilkd/key/proof/rules/firstOrderRules.key took 10 ms to parse. 
1104       WARN  main            d.u.i.k.n.ParsingFacade   Parsing time 96 ms. 
1138       WARN  main            d.u.i.k.n.ParsingFacade   file:/home/runner/work/key/key/key.core/build/resources/main/de/uka/ilkd/key/proof/rules/ifThenElseRules.key took 9 ms to parse. 
1138       WARN  main            d.u.i.k.n.ParsingFacade   Parsing time 105 ms. 
1170       WARN  main            d.u.i.k.n.ParsingFacade   file:/home/runner/work/key/key/key.core/build/resources/main/de/uka/ilkd/key/proof/rules/formulaNormalisationRules.key took 9 ms to parse. 
1170       WARN  main            d.u.i.k.n.ParsingFacade   Parsing time 114 ms. 
1223       WARN  main            d.u.i.k.n.ParsingFacade   file:/home/runner/work/key/key/key.core/build/resources/main/de/uka/ilkd/key/proof/rules/updateRules.key took 6 ms to parse. 
1223       WARN  main            d.u.i.k.n.ParsingFacade   Parsing time 120 ms. 
1249       WARN  main            d.u.i.k.n.ParsingFacade   file:/home/runner/work/key/key/key.core/build/resources/main/de/uka/ilkd/key/proof/rules/integerRulesCommon.key took 3 ms to parse. 
1249       WARN  main            d.u.i.k.n.ParsingFacade   Parsing time 123 ms. 
1357       WARN  main            d.u.i.k.n.ParsingFacade   file:/home/runner/work/key/key/key.core/build/resources/main/de/uka/ilkd/key/proof/rules/intRules.key took 7 ms to parse. 
1357       WARN  main            d.u.i.k.n.ParsingFacade   Parsing time 130 ms. 
1383       WARN  main            d.u.i.k.n.ParsingFacade   file:/home/runner/work/key/key/key.core/build/resources/main/de/uka/ilkd/key/proof/rules/intRulesUncheckedSemantics.key took 2 ms to parse. 
1384       WARN  main            d.u.i.k.n.ParsingFacade   Parsing time 132 ms. 
1391       WARN  main            d.u.i.k.n.ParsingFacade   file:/home/runner/work/key/key/key.core/build/resources/main/de/uka/ilkd/key/proof/rules/intRulesCheckedSemantics.key took 1 ms to parse. 
1391       WARN  main            d.u.i.k.n.ParsingFacade   Parsing time 133 ms. 
1398       WARN  main            d.u.i.k.n.ParsingFacade   file:/home/runner/work/key/key/key.core/build/resources/main/de/uka/ilkd/key/proof/rules/intRulesJavaSemantics.key took 3 ms to parse. 
1398       WARN  main            d.u.i.k.n.ParsingFacade   Parsing time 136 ms. 
1434       WARN  main            d.u.i.k.n.ParsingFacade   file:/home/runner/work/key/key/key.core/build/resources/main/de/uka/ilkd/key/proof/rules/integerSimplificationRules.key took 26 ms to parse. 
1434       WARN  main            d.u.i.k.n.ParsingFacade   Parsing time 162 ms. 
1527       DEBUG main            d.u.i.k.j.TypeConverter   No LDT found for Meta 
1528       DEBUG main            d.u.i.k.j.TypeConverter   No LDT found for Meta 
1529       DEBUG main            d.u.i.k.j.TypeConverter   No LDT found for Meta 
1529       DEBUG main            d.u.i.k.j.TypeConverter   No LDT found for Meta 
1562       WARN  main            d.u.i.k.n.ParsingFacade   file:/home/runner/work/key/key/key.core/build/resources/main/de/uka/ilkd/key/proof/rules/intDiv.key took 4 ms to parse. 
1563       WARN  main            d.u.i.k.n.ParsingFacade   Parsing time 166 ms. 
1586       WARN  main            d.u.i.k.n.ParsingFacade   file:/home/runner/work/key/key/key.core/build/resources/main/de/uka/ilkd/key/proof/rules/bsum.key took 9 ms to parse. 
1586       WARN  main            d.u.i.k.n.ParsingFacade   Parsing time 175 ms. 
1612       WARN  main            d.u.i.k.n.ParsingFacade   file:/home/runner/work/key/key/key.core/build/resources/main/de/uka/ilkd/key/proof/rules/bprod.key took 3 ms to parse. 
1612       WARN  main            d.u.i.k.n.ParsingFacade   Parsing time 178 ms. 
1621       WARN  main            d.u.i.k.n.ParsingFacade   file:/home/runner/work/key/key/key.core/build/resources/main/de/uka/ilkd/key/proof/rules/binaryAxioms.key took 1 ms to parse. 
1621       WARN  main            d.u.i.k.n.ParsingFacade   Parsing time 179 ms. 
1625       WARN  main            d.u.i.k.n.ParsingFacade   file:/home/runner/work/key/key/key.core/build/resources/main/de/uka/ilkd/key/proof/rules/binaryLemmas.key took 1 ms to parse. 
1625       WARN  main            d.u.i.k.n.ParsingFacade   Parsing time 180 ms. 
1658       WARN  main            d.u.i.k.n.ParsingFacade   file:/home/runner/work/key/key/key.core/build/resources/main/de/uka/ilkd/key/proof/rules/intPow.key took 30 ms to parse. 
1658       WARN  main            d.u.i.k.n.ParsingFacade   Parsing time 210 ms. 
1668       WARN  main            d.u.i.k.n.ParsingFacade   file:/home/runner/work/key/key/key.core/build/resources/main/de/uka/ilkd/key/proof/rules/floatRulesCommon.key took 3 ms to parse. 
1668       WARN  main            d.u.i.k.n.ParsingFacade   Parsing time 213 ms. 
1677       WARN  main            d.u.i.k.n.ParsingFacade   file:/home/runner/work/key/key/key.core/build/resources/main/de/uka/ilkd/key/proof/rules/floatRules.key took 0 ms to parse. 
1677       WARN  main            d.u.i.k.n.ParsingFacade   Parsing time 213 ms. 
1678       WARN  main            d.u.i.k.n.ParsingFacade   file:/home/runner/work/key/key/key.core/build/resources/main/de/uka/ilkd/key/proof/rules/floatRulesVerifyNormal.key took 0 ms to parse. 
1678       WARN  main            d.u.i.k.n.ParsingFacade   Parsing time 213 ms. 
1681       WARN  main            d.u.i.k.n.ParsingFacade   file:/home/runner/work/key/key/key.core/build/resources/main/de/uka/ilkd/key/proof/rules/floatRulesAssumeStrictfp.key took 2 ms to parse. 
1681       WARN  main            d.u.i.k.n.ParsingFacade   Parsing time 215 ms. 
1696       WARN  main            d.u.i.k.n.ParsingFacade   file:/home/runner/work/key/key/key.core/build/resources/main/de/uka/ilkd/key/proof/rules/genericRules.key took 1 ms to parse. 
1697       WARN  main            d.u.i.k.n.ParsingFacade   Parsing time 216 ms. 
1704       WARN  main            d.u.i.k.n.ParsingFacade   file:/home/runner/work/key/key/key.core/build/resources/main/de/uka/ilkd/key/proof/rules/booleanRules.key took 0 ms to parse. 
1704       WARN  main            d.u.i.k.n.ParsingFacade   Parsing time 216 ms. 
1707       WARN  main            d.u.i.k.n.ParsingFacade   file:/home/runner/work/key/key/key.core/build/resources/main/de/uka/ilkd/key/proof/rules/epsilon.key took 1 ms to parse. 
1707       WARN  main            d.u.i.k.n.ParsingFacade   Parsing time 217 ms. 
1716       WARN  main            d.u.i.k.n.ParsingFacade   file:/home/runner/work/key/key/key.core/build/resources/main/de/uka/ilkd/key/proof/rules/locSetsRules.key took 8 ms to parse. 
1716       WARN  main            d.u.i.k.n.ParsingFacade   Parsing time 225 ms. 
1761       WARN  main            d.u.i.k.n.ParsingFacade   file:/home/runner/work/key/key/key.core/build/resources/main/de/uka/ilkd/key/proof/rules/heapRules.key took 6 ms to parse. 
1762       WARN  main            d.u.i.k.n.ParsingFacade   Parsing time 231 ms. 
1787       WARN  main            d.u.i.k.n.ParsingFacade   file:/home/runner/work/key/key/key.core/build/resources/main/de/uka/ilkd/key/proof/rules/permissionRules.key took 3 ms to parse. 
1787       WARN  main            d.u.i.k.n.ParsingFacade   Parsing time 234 ms. 
1800       WARN  main            d.u.i.k.n.ParsingFacade   file:/home/runner/work/key/key/key.core/build/resources/main/de/uka/ilkd/key/proof/rules/reachRules.key took 3 ms to parse. 
1801       WARN  main            d.u.i.k.n.ParsingFacade   Parsing time 237 ms. 
1809       WARN  main            d.u.i.k.n.ParsingFacade   file:/home/runner/work/key/key/key.core/build/resources/main/de/uka/ilkd/key/proof/rules/seqCoreRules.key took 0 ms to parse. 
1809       WARN  main            d.u.i.k.n.ParsingFacade   Parsing time 237 ms. 
1817       WARN  main            d.u.i.k.n.ParsingFacade   file:/home/runner/work/key/key/key.core/build/resources/main/de/uka/ilkd/key/proof/rules/seqRules.key took 6 ms to parse. 
1817       WARN  main            d.u.i.k.n.ParsingFacade   Parsing time 243 ms. 
1854       WARN  main            d.u.i.k.n.ParsingFacade   file:/home/runner/work/key/key/key.core/build/resources/main/de/uka/ilkd/key/proof/rules/seqPerm.key took 4 ms to parse. 
1854       WARN  main            d.u.i.k.n.ParsingFacade   Parsing time 247 ms. 
1865       WARN  main            d.u.i.k.n.ParsingFacade   file:/home/runner/work/key/key/key.core/build/resources/main/de/uka/ilkd/key/proof/rules/seqPerm2.key took 0 ms to parse. 
1865       WARN  main            d.u.i.k.n.ParsingFacade   Parsing time 247 ms. 
1919       WARN  main            d.u.i.k.n.ParsingFacade   file:/home/runner/work/key/key/key.core/build/resources/main/de/uka/ilkd/key/proof/rules/javaRules.key took 50 ms to parse. 
1920       WARN  main            d.u.i.k.n.ParsingFacade   Parsing time 297 ms. 
1928       WARN  main            d.u.i.k.n.ParsingFacade   file:/home/runner/work/key/key/key.core/build/resources/main/de/uka/ilkd/key/proof/rules/assertions.key took 1 ms to parse. 
1928       WARN  main            d.u.i.k.n.ParsingFacade   Parsing time 298 ms. 
2470       WARN  main            d.u.i.k.n.ParsingFacade   file:/home/runner/work/key/key/key.core/build/resources/main/de/uka/ilkd/key/proof/rules/loopRules.key took 2 ms to parse. 
2470       WARN  main            d.u.i.k.n.ParsingFacade   Parsing time 300 ms. 
2478       WARN  main            d.u.i.k.n.ParsingFacade   file:/home/runner/work/key/key/key.core/build/resources/main/de/uka/ilkd/key/proof/rules/activeUse.key took 2 ms to parse. 
2478       WARN  main            d.u.i.k.n.ParsingFacade   Parsing time 302 ms. 
2509       WARN  main            d.u.i.k.n.ParsingFacade   file:/home/runner/work/key/key/key.core/build/resources/main/de/uka/ilkd/key/proof/rules/instanceAllocation.key took 4 ms to parse. 
2509       WARN  main            d.u.i.k.n.ParsingFacade   Parsing time 306 ms. 
2518       WARN  main            d.u.i.k.n.ParsingFacade   file:/home/runner/work/key/key/key.core/build/resources/main/de/uka/ilkd/key/proof/rules/java5.key took 0 ms to parse. 
2518       WARN  main            d.u.i.k.n.ParsingFacade   Parsing time 306 ms. 
2523       WARN  main            d.u.i.k.n.ParsingFacade   file:/home/runner/work/key/key/key.core/build/resources/main/de/uka/ilkd/key/proof/rules/integerAssignment2UpdateRules.key took 3 ms to parse. 
2524       WARN  main            d.u.i.k.n.ParsingFacade   Parsing time 309 ms. 
2549       WARN  main            d.u.i.k.n.ParsingFacade   file:/home/runner/work/key/key/key.core/build/resources/main/de/uka/ilkd/key/proof/rules/floatAssignment2UpdateRules.key took 5 ms to parse. 
2549       WARN  main            d.u.i.k.n.ParsingFacade   Parsing time 314 ms. 
2566       WARN  main            d.u.i.k.n.ParsingFacade   file:/home/runner/work/key/key/key.core/build/resources/main/de/uka/ilkd/key/proof/rules/bigint.key took 1 ms to parse. 
2568       WARN  main            d.u.i.k.n.ParsingFacade   Parsing time 315 ms. 
2576       DEBUG main            d.u.i.k.j.TypeConverter   No LDT found for JavaBigintExpression 
2580       WARN  main            d.u.i.k.n.ParsingFacade   file:/home/runner/work/key/key/key.core/build/resources/main/de/uka/ilkd/key/proof/rules/adtProgramDecompositionRules.key took 1 ms to parse. 
2581       WARN  main            d.u.i.k.n.ParsingFacade   Parsing time 316 ms. 
2595       WARN  main            d.u.i.k.n.ParsingFacade   file:/home/runner/work/key/key/key.core/build/resources/main/de/uka/ilkd/key/proof/rules/precRules.key took 0 ms to parse. 
2596       WARN  main            d.u.i.k.n.ParsingFacade   Parsing time 316 ms. 
2630       WARN  main            d.u.i.k.n.ParsingFacade   file:/home/runner/work/key/key/key.core/build/resources/main/de/uka/ilkd/key/proof/rules/charListRules.key took 22 ms to parse. 
2630       WARN  main            d.u.i.k.n.ParsingFacade   Parsing time 338 ms. 
2638       WARN  main            d.u.i.k.n.ParsingFacade   file:/home/runner/work/key/key/key.core/build/resources/main/de/uka/ilkd/key/proof/rules/regExTheory.key took 0 ms to parse. 
2639       WARN  main            d.u.i.k.n.ParsingFacade   Parsing time 338 ms. 
2642       WARN  main            d.u.i.k.n.ParsingFacade   file:/home/runner/work/key/key/key.core/build/resources/main/de/uka/ilkd/key/proof/rules/regExHeader.key took 2 ms to parse. 
2642       WARN  main            d.u.i.k.n.ParsingFacade   Parsing time 340 ms. 
2643       WARN  main            d.u.i.k.n.ParsingFacade   file:/home/runner/work/key/key/key.core/build/resources/main/de/uka/ilkd/key/proof/rules/regExAxioms.key took 0 ms to parse. 
2643       WARN  main            d.u.i.k.n.ParsingFacade   Parsing time 340 ms. 
2647       WARN  main            d.u.i.k.n.ParsingFacade   file:/home/runner/work/key/key/key.core/build/resources/main/de/uka/ilkd/key/proof/rules/regExLemmaProven.key took 1 ms to parse. 
2647       WARN  main            d.u.i.k.n.ParsingFacade   Parsing time 341 ms. 
2651       WARN  main            d.u.i.k.n.ParsingFacade   file:/home/runner/work/key/key/key.core/build/resources/main/de/uka/ilkd/key/proof/rules/seqEq.key took 1 ms to parse. 
2652       WARN  main            d.u.i.k.n.ParsingFacade   Parsing time 342 ms. 
2657       WARN  main            d.u.i.k.n.ParsingFacade   file:/home/runner/work/key/key/key.core/build/resources/main/de/uka/ilkd/key/proof/rules/infFlow.key took 2 ms to parse. 
2657       WARN  main            d.u.i.k.n.ParsingFacade   Parsing time 344 ms. 
2661       WARN  main            d.u.i.k.n.ParsingFacade   file:/home/runner/work/key/key/key.core/build/resources/main/de/uka/ilkd/key/proof/rules/mapSize.key took 1 ms to parse. 
2661       WARN  main            d.u.i.k.n.ParsingFacade   Parsing time 345 ms. 
2663       WARN  main            d.u.i.k.n.ParsingFacade   file:/home/runner/work/key/key/key.core/build/resources/main/de/uka/ilkd/key/proof/rules/wd.key took 0 ms to parse. 
2663       WARN  main            d.u.i.k.n.ParsingFacade   Parsing time 345 ms. 
2665       WARN  main            d.u.i.k.n.ParsingFacade   file:/home/runner/work/key/key/key.core/build/resources/main/de/uka/ilkd/key/proof/rules/wdHeader.key took 0 ms to parse. 
2665       WARN  main            d.u.i.k.n.ParsingFacade   Parsing time 345 ms. 
2666       WARN  main            d.u.i.k.n.ParsingFacade   file:/home/runner/work/key/key/key.core/build/resources/main/de/uka/ilkd/key/proof/rules/wdGeneralRules.key took 0 ms to parse. 
2667       WARN  main            d.u.i.k.n.ParsingFacade   Parsing time 345 ms. 
2674       WARN  main            d.u.i.k.n.ParsingFacade   file:/home/runner/work/key/key/key.core/build/resources/main/de/uka/ilkd/key/proof/rules/wdNumericalRules.key took 4 ms to parse. 
2674       WARN  main            d.u.i.k.n.ParsingFacade   Parsing time 349 ms. 
2688       WARN  main            d.u.i.k.n.ParsingFacade   file:/home/runner/work/key/key/key.core/build/resources/main/de/uka/ilkd/key/proof/rules/wdLocSetRules.key took 1 ms to parse. 
2688       WARN  main            d.u.i.k.n.ParsingFacade   Parsing time 350 ms. 
2692       WARN  main            d.u.i.k.n.ParsingFacade   file:/home/runner/work/key/key/key.core/build/resources/main/de/uka/ilkd/key/proof/rules/wdHeapRules.key took 1 ms to parse. 
2692       WARN  main            d.u.i.k.n.ParsingFacade   Parsing time 351 ms. 
2694       WARN  main            d.u.i.k.n.ParsingFacade   file:/home/runner/work/key/key/key.core/build/resources/main/de/uka/ilkd/key/proof/rules/wdReachRules.key took 0 ms to parse. 
2695       WARN  main            d.u.i.k.n.ParsingFacade   Parsing time 351 ms. 
2696       WARN  main            d.u.i.k.n.ParsingFacade   file:/home/runner/work/key/key/key.core/build/resources/main/de/uka/ilkd/key/proof/rules/wdSeqRules.key took 1 ms to parse. 
2696       WARN  main            d.u.i.k.n.ParsingFacade   Parsing time 352 ms. 
2699       WARN  main            d.u.i.k.n.ParsingFacade   file:/home/runner/work/key/key/key.core/build/resources/main/de/uka/ilkd/key/proof/rules/wdStringRules.key took 1 ms to parse. 
2699       WARN  main            d.u.i.k.n.ParsingFacade   Parsing time 353 ms. 
2701       WARN  main            d.u.i.k.n.ParsingFacade   file:/home/runner/work/key/key/key.core/build/resources/main/de/uka/ilkd/key/proof/rules/wdRegExRules.key took 1 ms to parse. 
2701       WARN  main            d.u.i.k.n.ParsingFacade   Parsing time 354 ms. 
2704       WARN  main            d.u.i.k.n.ParsingFacade   file:/home/runner/work/key/key/key.core/build/resources/main/de/uka/ilkd/key/proof/rules/wdFormulaRules.key took 2 ms to parse. 
2705       WARN  main            d.u.i.k.n.ParsingFacade   Parsing time 356 ms. 
2713       WARN  main            d.u.i.k.n.ParsingFacade   file:/home/runner/work/key/key/key.core/build/resources/main/de/uka/ilkd/key/proof/rules/loopInvariantRules.key took 1 ms to parse. 
2713       WARN  main            d.u.i.k.n.ParsingFacade   Parsing time 357 ms. 
2714       WARN  main            d.u.i.k.n.ParsingFacade   file:/home/runner/work/key/key/key.core/build/resources/main/de/uka/ilkd/key/proof/rules/forLoopRules.key took 0 ms to parse. 
2714       WARN  main            d.u.i.k.n.ParsingFacade   Parsing time 357 ms. 
2718       WARN  main            d.u.i.k.n.ParsingFacade   file:/home/runner/work/key/key/key.core/build/resources/main/de/uka/ilkd/key/proof/rules/execRules.key took 3 ms to parse. 
2718       WARN  main            d.u.i.k.n.ParsingFacade   Parsing time 360 ms. 
2773       WARN  main            d.u.i.k.n.ParsingFacade   file:/home/runner/work/key/key/key.core/build/resources/main/de/uka/ilkd/key/proof/rules/loopScopeRules.key took 3 ms to parse. 
2773       WARN  main            d.u.i.k.n.ParsingFacade   Parsing time 363 ms. 
5684       WARN  main            d.u.i.k.n.ParsingFacade   file:/home/runner/work/key/key/key.core/build/resources/main/de/uka/ilkd/key/java/JavaRedux/java/lang/String.key took 4 ms to parse. 
5684       WARN  main            d.u.i.k.n.ParsingFacade   Parsing time 367 ms. 
7791       DEBUG main            d.u.i.k.p.i.AbstractProblemLoader Init config took 6.98s 
7849       INFO  main            d.u.i.k.p.i.AbstractProblemLoader Replaying proof anonymise_datagroup.key 
7881       DEBUG main            d.u.i.k.p.i.IntermediateProofReplayer Proof replay took 34.4ns 
7884       WARN  main            d.u.i.k.n.ParsingFacade   /home/runner/work/key/key/key.core/../key.ui/examples/heap/simple/anonymise_datagroup.key took 1 ms to parse. 
7884       WARN  main            d.u.i.k.n.ParsingFacade   Parsing time 368 ms. 
8141       INFO  main            d.u.i.k.p.r.p.TestFile    ... finished proof: closed. 
8238       INFO  main            d.u.i.k.p.i.AbstractProblemLoader Loading environment from /home/runner/work/key/key/key.core/../key.ui/examples/heap/simple/anonymise_datagroup.key.proof 
8238       DEBUG main            d.u.i.k.p.i.AbstractProblemLoader Environment load took 372.91ns 
8239       WARN  main            d.u.i.k.n.ParsingFacade   /home/runner/work/key/key/key.core/../key.ui/examples/heap/simple/anonymise_datagroup.key.proof took 0 ms to parse. 
8239       WARN  main            d.u.i.k.n.ParsingFacade   Parsing time 368 ms. 
8242       INFO  main            d.u.i.k.p.i.AbstractProblemLoader Creating init config 
9227       WARN  main            d.u.i.k.n.ParsingFacade   file:/home/runner/work/key/key/key.core/build/resources/main/de/uka/ilkd/key/java/JavaRedux/java/lang/String.key took 2 ms to parse. 
9227       WARN  main            d.u.i.k.n.ParsingFacade   Parsing time 370 ms. 
10985      DEBUG main            d.u.i.k.p.i.AbstractProblemLoader Init config took 2.74s 
11028      INFO  main            d.u.i.k.p.i.AbstractProblemLoader Replaying proof anonymise_datagroup.key.proof 
11041      DEBUG main            d.u.i.k.p.i.IntermediateProofReplayer Proof replay took 8.94ms 
11042      WARN  main            d.u.i.k.n.ParsingFacade   /home/runner/work/key/key/key.core/../key.ui/examples/heap/simple/anonymise_datagroup.key.proof took 0 ms to parse. 
11042      WARN  main            d.u.i.k.n.ParsingFacade   Parsing time 370 ms. 
11052      DEBUG main            d.u.i.k.p.r.p.TestFile    ... success: reloaded. 
11053      INFO  main            d.u.i.k.p.r.p.TestFile    Now processing file /home/runner/work/key/key/key.core/../key.ui/examples/heap/simple/array_creation.key 
11054      INFO  main            d.u.i.k.p.i.AbstractProblemLoader Loading environment from /home/runner/work/key/key/key.core/../key.ui/examples/heap/simple/array_creation.key 
11054      DEBUG main            d.u.i.k.p.i.AbstractProblemLoader Environment load took 191ns 
11058      WARN  main            d.u.i.k.n.ParsingFacade   /home/runner/work/key/key/key.core/../key.ui/examples/heap/simple/array_creation.key took 4 ms to parse. 
11060      WARN  main            d.u.i.k.n.ParsingFacade   Parsing time 374 ms. 
11062      INFO  main            d.u.i.k.p.i.AbstractProblemLoader Creating init config 
11942      WARN  main            d.u.i.k.n.ParsingFacade   file:/home/runner/work/key/key/key.core/build/resources/main/de/uka/ilkd/key/java/JavaRedux/java/lang/String.key took 2 ms to parse. 
11942      WARN  main            d.u.i.k.n.ParsingFacade   Parsing time 376 ms. 
13712      DEBUG main            d.u.i.k.p.i.AbstractProblemLoader Init config took 2.65s 
13754      INFO  main            d.u.i.k.p.i.AbstractProblemLoader Replaying proof array_creation.key 
13764      DEBUG main            d.u.i.k.p.i.IntermediateProofReplayer Proof replay took 5.4ns 
13764      WARN  main            d.u.i.k.n.ParsingFacade   /home/runner/work/key/key/key.core/../key.ui/examples/heap/simple/array_creation.key took 0 ms to parse. 
13765      WARN  main            d.u.i.k.n.ParsingFacade   Parsing time 376 ms. 
14471      INFO  main            d.u.i.k.p.r.p.TestFile    ... finished proof: closed. 
14671      INFO  main            d.u.i.k.p.i.AbstractProblemLoader Loading environment from /home/runner/work/key/key/key.core/../key.ui/examples/heap/simple/array_creation.key.proof 
14673      DEBUG main            d.u.i.k.p.i.AbstractProblemLoader Environment load took 2.5ms 
14674      WARN  main            d.u.i.k.n.ParsingFacade   /home/runner/work/key/key/key.core/../key.ui/examples/heap/simple/array_creation.key.proof took 0 ms to parse. 
14675      WARN  main            d.u.i.k.n.ParsingFacade   Parsing time 376 ms. 
14676      INFO  main            d.u.i.k.p.i.AbstractProblemLoader Creating init config 
15545      WARN  main            d.u.i.k.n.ParsingFacade   file:/home/runner/work/key/key/key.core/build/resources/main/de/uka/ilkd/key/java/JavaRedux/java/lang/String.key took 1 ms to parse. 
15545      WARN  main            d.u.i.k.n.ParsingFacade   Parsing time 377 ms. 
17193      DEBUG main            d.u.i.k.p.i.AbstractProblemLoader Init config took 2.52s 
17232      INFO  main            d.u.i.k.p.i.AbstractProblemLoader Replaying proof array_creation.key.proof 
17325      DEBUG main            d.u.i.k.p.i.IntermediateProofReplayer Proof replay took 88.56ms 
17326      WARN  main            d.u.i.k.n.ParsingFacade   /home/runner/work/key/key/key.core/../key.ui/examples/heap/simple/array_creation.key.proof took 0 ms to parse. 
17326      WARN  main            d.u.i.k.n.ParsingFacade   Parsing time 377 ms. 
17327      DEBUG main            d.u.i.k.p.r.p.TestFile    ... success: reloaded. 
17328      INFO  main            d.u.i.k.p.r.p.TestFile    Now processing file /home/runner/work/key/key/key.core/../key.ui/examples/heap/simple/arrays_with_disjoint_sorts.key 
17328      INFO  main            d.u.i.k.p.i.AbstractProblemLoader Loading environment from /home/runner/work/key/key/key.core/../key.ui/examples/heap/simple/arrays_with_disjoint_sorts.key 
17329      DEBUG main            d.u.i.k.p.i.AbstractProblemLoader Environment load took 192.1ns 
17329      WARN  main            d.u.i.k.n.ParsingFacade   /home/runner/work/key/key/key.core/../key.ui/examples/heap/simple/arrays_with_disjoint_sorts.key took 0 ms to parse. 
17329      WARN  main            d.u.i.k.n.ParsingFacade   Parsing time 377 ms. 
17330      INFO  main            d.u.i.k.p.i.AbstractProblemLoader Creating init config 
18125      WARN  main            d.u.i.k.n.ParsingFacade   file:/home/runner/work/key/key/key.core/build/resources/main/de/uka/ilkd/key/java/JavaRedux/java/lang/String.key took 1 ms to parse. 
18125      WARN  main            d.u.i.k.n.ParsingFacade   Parsing time 378 ms. 
19824      DEBUG main            d.u.i.k.p.i.AbstractProblemLoader Init config took 2.49s 
19847      INFO  main            d.u.i.k.p.i.AbstractProblemLoader Replaying proof arrays_with_disjoint_sorts.key 
19848      DEBUG main            d.u.i.k.p.i.IntermediateProofReplayer Proof replay took 5.9ns 
19849      WARN  main            d.u.i.k.n.ParsingFacade   /home/runner/work/key/key/key.core/../key.ui/examples/heap/simple/arrays_with_disjoint_sorts.key took 0 ms to parse. 
19849      WARN  main            d.u.i.k.n.ParsingFacade   Parsing time 378 ms. 
20054      INFO  main            d.u.i.k.p.r.p.TestFile    ... finished proof: closed. 
20194      INFO  main            d.u.i.k.p.i.AbstractProblemLoader Loading environment from /home/runner/work/key/key/key.core/../key.ui/examples/heap/simple/arrays_with_disjoint_sorts.key.proof 
20194      DEBUG main            d.u.i.k.p.i.AbstractProblemLoader Environment load took 515.81ns 
20195      WARN  main            d.u.i.k.n.ParsingFacade   /home/runner/work/key/key/key.core/../key.ui/examples/heap/simple/arrays_with_disjoint_sorts.key.proof took 0 ms to parse. 
20195      WARN  main            d.u.i.k.n.ParsingFacade   Parsing time 378 ms. 
20196      INFO  main            d.u.i.k.p.i.AbstractProblemLoader Creating init config 
20989      WARN  main            d.u.i.k.n.ParsingFacade   file:/home/runner/work/key/key/key.core/build/resources/main/de/uka/ilkd/key/java/JavaRedux/java/lang/String.key took 2 ms to parse. 
20989      WARN  main            d.u.i.k.n.ParsingFacade   Parsing time 380 ms. 
22620      DEBUG main            d.u.i.k.p.i.AbstractProblemLoader Init config took 2.42s 
22641      INFO  main            d.u.i.k.p.i.AbstractProblemLoader Replaying proof arrays_with_disjoint_sorts.key.proof 
22680      DEBUG main            d.u.i.k.p.i.IntermediateProofReplayer Proof replay took 35.42ms 
22681      WARN  main            d.u.i.k.n.ParsingFacade   /home/runner/work/key/key/key.core/../key.ui/examples/heap/simple/arrays_with_disjoint_sorts.key.proof took 0 ms to parse. 
22681      WARN  main            d.u.i.k.n.ParsingFacade   Parsing time 380 ms. 
22681      DEBUG main            d.u.i.k.p.r.p.TestFile    ... success: reloaded. 
22682      INFO  main            d.u.i.k.p.r.p.TestFile    Now processing file /home/runner/work/key/key/key.core/../key.ui/examples/heap/simple/arrays.key 
22682      INFO  main            d.u.i.k.p.i.AbstractProblemLoader Loading environment from /home/runner/work/key/key/key.core/../key.ui/examples/heap/simple/arrays.key 
22683      DEBUG main            d.u.i.k.p.i.AbstractProblemLoader Environment load took 657.06ns 
22684      WARN  main            d.u.i.k.n.ParsingFacade   /home/runner/work/key/key/key.core/../key.ui/examples/heap/simple/arrays.key took 1 ms to parse. 
22684      WARN  main            d.u.i.k.n.ParsingFacade   Parsing time 381 ms. 
22687      INFO  main            d.u.i.k.p.i.AbstractProblemLoader Creating init config 
23527      WARN  main            d.u.i.k.n.ParsingFacade   file:/home/runner/work/key/key/key.core/build/resources/main/de/uka/ilkd/key/java/JavaRedux/java/lang/String.key took 2 ms to parse. 
23527      WARN  main            d.u.i.k.n.ParsingFacade   Parsing time 383 ms. 
25223      DEBUG main            d.u.i.k.p.i.AbstractProblemLoader Init config took 2.54s 
25244      INFO  main            d.u.i.k.p.i.AbstractProblemLoader Replaying proof arrays.key 
25247      DEBUG main            d.u.i.k.p.i.IntermediateProofReplayer Proof replay took 6.4ns 
25248      WARN  main            d.u.i.k.n.ParsingFacade   /home/runner/work/key/key/key.core/../key.ui/examples/heap/simple/arrays.key took 0 ms to parse. 
25248      WARN  main            d.u.i.k.n.ParsingFacade   Parsing time 383 ms. 
25350      INFO  main            d.u.i.k.p.r.p.TestFile    ... finished proof: closed. 
25498      INFO  main            d.u.i.k.p.i.AbstractProblemLoader Loading environment from /home/runner/work/key/key/key.core/../key.ui/examples/heap/simple/arrays.key.proof 
25498      DEBUG main            d.u.i.k.p.i.AbstractProblemLoader Environment load took 321.01ns 
25499      WARN  main            d.u.i.k.n.ParsingFacade   /home/runner/work/key/key/key.core/../key.ui/examples/heap/simple/arrays.key.proof took 0 ms to parse. 
25499      WARN  main            d.u.i.k.n.ParsingFacade   Parsing time 383 ms. 
25500      INFO  main            d.u.i.k.p.i.AbstractProblemLoader Creating init config 
26259      WARN  main            d.u.i.k.n.ParsingFacade   file:/home/runner/work/key/key/key.core/build/resources/main/de/uka/ilkd/key/java/JavaRedux/java/lang/String.key took 1 ms to parse. 
26259      WARN  main            d.u.i.k.n.ParsingFacade   Parsing time 384 ms. 
27942      DEBUG main            d.u.i.k.p.i.AbstractProblemLoader Init config took 2.44s 
27964      INFO  main            d.u.i.k.p.i.AbstractProblemLoader Replaying proof arrays.key.proof 
27985      DEBUG main            d.u.i.k.p.i.IntermediateProofReplayer Proof replay took 18.46ms 
27986      WARN  main            d.u.i.k.n.ParsingFacade   /home/runner/work/key/key/key.core/../key.ui/examples/heap/simple/arrays.key.proof took 0 ms to parse. 
27986      WARN  main            d.u.i.k.n.ParsingFacade   Parsing time 384 ms. 
27986      DEBUG main            d.u.i.k.p.r.p.TestFile    ... success: reloaded. 
27987      INFO  main            d.u.i.k.p.r.p.TestFile    Now processing file /home/runner/work/key/key/key.core/../key.ui/examples/heap/simple/attributes.key 
27988      INFO  main            d.u.i.k.p.i.AbstractProblemLoader Loading environment from /home/runner/work/key/key/key.core/../key.ui/examples/heap/simple/attributes.key 
27988      DEBUG main            d.u.i.k.p.i.AbstractProblemLoader Environment load took 83.9ns 
27988      WARN  main            d.u.i.k.n.ParsingFacade   /home/runner/work/key/key/key.core/../key.ui/examples/heap/simple/attributes.key took 0 ms to parse. 
27988      WARN  main            d.u.i.k.n.ParsingFacade   Parsing time 384 ms. 
27989      INFO  main            d.u.i.k.p.i.AbstractProblemLoader Creating init config 
28782      WARN  main            d.u.i.k.n.ParsingFacade   file:/home/runner/work/key/key/key.core/build/resources/main/de/uka/ilkd/key/java/JavaRedux/java/lang/String.key took 1 ms to parse. 
28782      WARN  main            d.u.i.k.n.ParsingFacade   Parsing time 385 ms. 
30449      DEBUG main            d.u.i.k.p.i.AbstractProblemLoader Init config took 2.46s 
30470      INFO  main            d.u.i.k.p.i.AbstractProblemLoader Replaying proof attributes.key 
30472      DEBUG main            d.u.i.k.p.i.IntermediateProofReplayer Proof replay took 6.6ns 
30472      WARN  main            d.u.i.k.n.ParsingFacade   /home/runner/work/key/key/key.core/../key.ui/examples/heap/simple/attributes.key took 0 ms to parse. 
30473      WARN  main            d.u.i.k.n.ParsingFacade   Parsing time 385 ms. 
30577      INFO  main            d.u.i.k.p.r.p.TestFile    ... finished proof: closed. 
30726      INFO  main            d.u.i.k.p.i.AbstractProblemLoader Loading environment from /home/runner/work/key/key/key.core/../key.ui/examples/heap/simple/attributes.key.proof 
30726      DEBUG main            d.u.i.k.p.i.AbstractProblemLoader Environment load took 102.9ns 
30726      WARN  main            d.u.i.k.n.ParsingFacade   /home/runner/work/key/key/key.core/../key.ui/examples/heap/simple/attributes.key.proof took 0 ms to parse. 
30726      WARN  main            d.u.i.k.n.ParsingFacade   Parsing time 385 ms. 
30730      INFO  main            d.u.i.k.p.i.AbstractProblemLoader Creating init config 
31495      WARN  main            d.u.i.k.n.ParsingFacade   file:/home/runner/work/key/key/key.core/build/resources/main/de/uka/ilkd/key/java/JavaRedux/java/lang/String.key took 1 ms to parse. 
31495      WARN  main            d.u.i.k.n.ParsingFacade   Parsing time 386 ms. 
33155      DEBUG main            d.u.i.k.p.i.AbstractProblemLoader Init config took 2.42s 
33176      INFO  main            d.u.i.k.p.i.AbstractProblemLoader Replaying proof attributes.key.proof 
33180      DEBUG main            d.u.i.k.p.i.IntermediateProofReplayer Proof replay took 1.82ms 
33181      WARN  main            d.u.i.k.n.ParsingFacade   /home/runner/work/key/key/key.core/../key.ui/examples/heap/simple/attributes.key.proof took 1 ms to parse. 
33181      WARN  main            d.u.i.k.n.ParsingFacade   Parsing time 387 ms. 
33181      DEBUG main            d.u.i.k.p.r.p.TestFile    ... success: reloaded. 
33182      INFO  main            d.u.i.k.p.r.p.TestFile    Now processing file /home/runner/work/key/key/key.core/../key.ui/examples/heap/simple/constructor_contracts.key 
33182      INFO  main            d.u.i.k.p.i.AbstractProblemLoader Loading environment from /home/runner/work/key/key/key.core/../key.ui/examples/heap/simple/constructor_contracts.key 
33182      DEBUG main            d.u.i.k.p.i.AbstractProblemLoader Environment load took 164.1ns 
33183      WARN  main            d.u.i.k.n.ParsingFacade   /home/runner/work/key/key/key.core/../key.ui/examples/heap/simple/constructor_contracts.key took 1 ms to parse. 
33183      WARN  main            d.u.i.k.n.ParsingFacade   Parsing time 388 ms. 
33184      INFO  main            d.u.i.k.p.i.AbstractProblemLoader Creating init config 
34186      WARN  main            d.u.i.k.n.ParsingFacade   file:/home/runner/work/key/key/key.core/build/resources/main/de/uka/ilkd/key/java/JavaRedux/java/lang/String.key took 2 ms to parse. 
34186      WARN  main            d.u.i.k.n.ParsingFacade   Parsing time 390 ms. 
36075      DEBUG main            d.u.i.k.p.i.AbstractProblemLoader Init config took 2.89s 
36108      INFO  main            d.u.i.k.p.i.AbstractProblemLoader Replaying proof constructor_contracts.key 
36111      DEBUG main            d.u.i.k.p.i.IntermediateProofReplayer Proof replay took 5.4ns 
36112      WARN  main            d.u.i.k.n.ParsingFacade   /home/runner/work/key/key/key.core/../key.ui/examples/heap/simple/constructor_contracts.key took 0 ms to parse. 
36112      WARN  main            d.u.i.k.n.ParsingFacade   Parsing time 390 ms. 
36819      INFO  main            d.u.i.k.p.r.p.TestFile    ... finished proof: closed. 
37005      INFO  main            d.u.i.k.p.i.AbstractProblemLoader Loading environment from /home/runner/work/key/key/key.core/../key.ui/examples/heap/simple/constructor_contracts.key.proof 
37009      DEBUG main            d.u.i.k.p.i.AbstractProblemLoader Environment load took 4.31ms 
37010      WARN  main            d.u.i.k.n.ParsingFacade   /home/runner/work/key/key/key.core/../key.ui/examples/heap/simple/constructor_contracts.key.proof took 0 ms to parse. 
37010      WARN  main            d.u.i.k.n.ParsingFacade   Parsing time 390 ms. 
37011      INFO  main            d.u.i.k.p.i.AbstractProblemLoader Creating init config 
37934      WARN  main            d.u.i.k.n.ParsingFacade   file:/home/runner/work/key/key/key.core/build/resources/main/de/uka/ilkd/key/java/JavaRedux/java/lang/String.key took 1 ms to parse. 
37934      WARN  main            d.u.i.k.n.ParsingFacade   Parsing time 391 ms. 
39737      DEBUG main            d.u.i.k.p.i.AbstractProblemLoader Init config took 2.73s 
39759      INFO  main            d.u.i.k.p.i.AbstractProblemLoader Replaying proof constructor_contracts.key.proof 
39896      DEBUG main            d.u.i.k.p.i.IntermediateProofReplayer Proof replay took 132.51ms 
39897      WARN  main            d.u.i.k.n.ParsingFacade   /home/runner/work/key/key/key.core/../key.ui/examples/heap/simple/constructor_contracts.key.proof took 0 ms to parse. 
39898      WARN  main            d.u.i.k.n.ParsingFacade   Parsing time 391 ms. 
39898      DEBUG main            d.u.i.k.p.r.p.TestFile    ... success: reloaded. 
39900      INFO  main            d.u.i.k.p.r.p.TestFile    Now processing file /home/runner/work/key/key/key.core/../key.ui/examples/heap/simple/dependencies.key 
39900      INFO  main            d.u.i.k.p.i.AbstractProblemLoader Loading environment from /home/runner/work/key/key/key.core/../key.ui/examples/heap/simple/dependencies.key 
39900      DEBUG main            d.u.i.k.p.i.AbstractProblemLoader Environment load took 172ns 
39901      WARN  main            d.u.i.k.n.ParsingFacade   /home/runner/work/key/key/key.core/../key.ui/examples/heap/simple/dependencies.key took 1 ms to parse. 
39901      WARN  main            d.u.i.k.n.ParsingFacade   Parsing time 392 ms. 
39902      INFO  main            d.u.i.k.p.i.AbstractProblemLoader Creating init config 
40679      WARN  main            d.u.i.k.n.ParsingFacade   file:/home/runner/work/key/key/key.core/build/resources/main/de/uka/ilkd/key/java/JavaRedux/java/lang/String.key took 2 ms to parse. 
40679      WARN  main            d.u.i.k.n.ParsingFacade   Parsing time 394 ms. 
42303      DEBUG main            d.u.i.k.p.i.AbstractProblemLoader Init config took 2.4s 
42323      INFO  main            d.u.i.k.p.i.AbstractProblemLoader Replaying proof dependencies.key 
42324      DEBUG main            d.u.i.k.p.i.IntermediateProofReplayer Proof replay took 6.2ns 
42325      WARN  main            d.u.i.k.n.ParsingFacade   /home/runner/work/key/key/key.core/../key.ui/examples/heap/simple/dependencies.key took 0 ms to parse. 
42325      WARN  main            d.u.i.k.n.ParsingFacade   Parsing time 394 ms. 
42429      INFO  main            d.u.i.k.p.r.p.TestFile    ... finished proof: closed. 
42613      INFO  main            d.u.i.k.p.i.AbstractProblemLoader Loading environment from /home/runner/work/key/key/key.core/../key.ui/examples/heap/simple/dependencies.key.proof 
42614      DEBUG main            d.u.i.k.p.i.AbstractProblemLoader Environment load took 88.5ns 
42614      WARN  main            d.u.i.k.n.ParsingFacade   /home/runner/work/key/key/key.core/../key.ui/examples/heap/simple/dependencies.key.proof took 0 ms to parse. 
42614      WARN  main            d.u.i.k.n.ParsingFacade   Parsing time 394 ms. 
42615      INFO  main            d.u.i.k.p.i.AbstractProblemLoader Creating init config 
43373      WARN  main            d.u.i.k.n.ParsingFacade   file:/home/runner/work/key/key/key.core/build/resources/main/de/uka/ilkd/key/java/JavaRedux/java/lang/String.key took 1 ms to parse. 
43373      WARN  main            d.u.i.k.n.ParsingFacade   Parsing time 395 ms. 
45004      DEBUG main            d.u.i.k.p.i.AbstractProblemLoader Init config took 2.39s 
45029      INFO  main            d.u.i.k.p.i.AbstractProblemLoader Replaying proof dependencies.key.proof 
45043      DEBUG main            d.u.i.k.p.i.IntermediateProofReplayer Proof replay took 11.61ms 
45045      WARN  main            d.u.i.k.n.ParsingFacade   /home/runner/work/key/key/key.core/../key.ui/examples/heap/simple/dependencies.key.proof took 1 ms to parse. 
45045      WARN  main            d.u.i.k.n.ParsingFacade   Parsing time 396 ms. 
45046      DEBUG main            d.u.i.k.p.r.p.TestFile    ... success: reloaded. 
45046      INFO  main            d.u.i.k.p.r.p.TestFile    Now processing file /home/runner/work/key/key/key.core/../key.ui/examples/heap/simple/dependency_contracts.key 
45047      INFO  main            d.u.i.k.p.i.AbstractProblemLoader Loading environment from /home/runner/work/key/key/key.core/../key.ui/examples/heap/simple/dependency_contracts.key 
45048      DEBUG main            d.u.i.k.p.i.AbstractProblemLoader Environment load took 159.2ns 
45049      WARN  main            d.u.i.k.n.ParsingFacade   /home/runner/work/key/key/key.core/../key.ui/examples/heap/simple/dependency_contracts.key took 1 ms to parse. 
45049      WARN  main            d.u.i.k.n.ParsingFacade   Parsing time 397 ms. 
45050      INFO  main            d.u.i.k.p.i.AbstractProblemLoader Creating init config 
45978      WARN  main            d.u.i.k.n.ParsingFacade   file:/home/runner/work/key/key/key.core/build/resources/main/de/uka/ilkd/key/java/JavaRedux/java/lang/String.key took 1 ms to parse. 
45979      WARN  main            d.u.i.k.n.ParsingFacade   Parsing time 398 ms. 
47738      DEBUG main            d.u.i.k.p.i.AbstractProblemLoader Init config took 2.69s 
47758      INFO  main            d.u.i.k.p.i.AbstractProblemLoader Replaying proof dependency_contracts.key 
47760      DEBUG main            d.u.i.k.p.i.IntermediateProofReplayer Proof replay took 5.7ns 
47760      WARN  main            d.u.i.k.n.ParsingFacade   /home/runner/work/key/key/key.core/../key.ui/examples/heap/simple/dependency_contracts.key took 0 ms to parse. 
47761      WARN  main            d.u.i.k.n.ParsingFacade   Parsing time 398 ms. 
48987      INFO  main            d.u.i.k.p.r.p.TestFile    ... finished proof: closed. 
49172      INFO  main            d.u.i.k.p.i.AbstractProblemLoader Loading environment from /home/runner/work/key/key/key.core/../key.ui/examples/heap/simple/dependency_contracts.key.proof 
49172      DEBUG main            d.u.i.k.p.i.AbstractProblemLoader Environment load took 202.5ns 
49173      WARN  main            d.u.i.k.n.ParsingFacade   /home/runner/work/key/key/key.core/../key.ui/examples/heap/simple/dependency_contracts.key.proof took 0 ms to parse. 
49173      WARN  main            d.u.i.k.n.ParsingFacade   Parsing time 398 ms. 
49174      INFO  main            d.u.i.k.p.i.AbstractProblemLoader Creating init config 
50081      WARN  main            d.u.i.k.n.ParsingFacade   file:/home/runner/work/key/key/key.core/build/resources/main/de/uka/ilkd/key/java/JavaRedux/java/lang/String.key took 1 ms to parse. 
50081      WARN  main            d.u.i.k.n.ParsingFacade   Parsing time 399 ms. 
51788      DEBUG main            d.u.i.k.p.i.AbstractProblemLoader Init config took 2.61s 
51808      INFO  main            d.u.i.k.p.i.AbstractProblemLoader Replaying proof dependency_contracts.key.proof 
51991      DEBUG main            d.u.i.k.p.i.IntermediateProofReplayer Proof replay took 173.83ms 
51992      WARN  main            d.u.i.k.n.ParsingFacade   /home/runner/work/key/key/key.core/../key.ui/examples/heap/simple/dependency_contracts.key.proof took 0 ms to parse. 
51993      WARN  main            d.u.i.k.n.ParsingFacade   Parsing time 399 ms. 
51993      DEBUG main            d.u.i.k.p.r.p.TestFile    ... success: reloaded. 
51994      INFO  main            d.u.i.k.p.r.p.TestFile    Now processing file /home/runner/work/key/key/key.core/../key.ui/examples/heap/simple/invariant_preservation.key 
51995      INFO  main            d.u.i.k.p.i.AbstractProblemLoader Loading environment from /home/runner/work/key/key/key.core/../key.ui/examples/heap/simple/invariant_preservation.key 
51995      DEBUG main            d.u.i.k.p.i.AbstractProblemLoader Environment load took 201.6ns 
51995      WARN  main            d.u.i.k.n.ParsingFacade   /home/runner/work/key/key/key.core/../key.ui/examples/heap/simple/invariant_preservation.key took 0 ms to parse. 
51995      WARN  main            d.u.i.k.n.ParsingFacade   Parsing time 399 ms. 
51996      INFO  main            d.u.i.k.p.i.AbstractProblemLoader Creating init config 
52901      WARN  main            d.u.i.k.n.ParsingFacade   file:/home/runner/work/key/key/key.core/build/resources/main/de/uka/ilkd/key/java/JavaRedux/java/lang/String.key took 2 ms to parse. 
52901      WARN  main            d.u.i.k.n.ParsingFacade   Parsing time 401 ms. 
54658      DEBUG main            d.u.i.k.p.i.AbstractProblemLoader Init config took 2.66s 
54678      INFO  main            d.u.i.k.p.i.AbstractProblemLoader Replaying proof invariant_preservation.key 
54679      DEBUG main            d.u.i.k.p.i.IntermediateProofReplayer Proof replay took 7.4ns 
54680      WARN  main            d.u.i.k.n.ParsingFacade   /home/runner/work/key/key/key.core/../key.ui/examples/heap/simple/invariant_preservation.key took 0 ms to parse. 
54680      WARN  main            d.u.i.k.n.ParsingFacade   Parsing time 401 ms. 
54883      INFO  main            d.u.i.k.p.r.p.TestFile    ... finished proof: closed. 
55100      INFO  main            d.u.i.k.p.i.AbstractProblemLoader Loading environment from /home/runner/work/key/key/key.core/../key.ui/examples/heap/simple/invariant_preservation.key.proof 
55100      DEBUG main            d.u.i.k.p.i.AbstractProblemLoader Environment load took 77.8ns 
55101      WARN  main            d.u.i.k.n.ParsingFacade   /home/runner/work/key/key/key.core/../key.ui/examples/heap/simple/invariant_preservation.key.proof took 1 ms to parse. 
55101      WARN  main            d.u.i.k.n.ParsingFacade   Parsing time 402 ms. 
55101      INFO  main            d.u.i.k.p.i.AbstractProblemLoader Creating init config 
55970      WARN  main            d.u.i.k.n.ParsingFacade   file:/home/runner/work/key/key/key.core/build/resources/main/de/uka/ilkd/key/java/JavaRedux/java/lang/String.key took 1 ms to parse. 
55971      WARN  main            d.u.i.k.n.ParsingFacade   Parsing time 403 ms. 
57696      DEBUG main            d.u.i.k.p.i.AbstractProblemLoader Init config took 2.59s 
57715      INFO  main            d.u.i.k.p.i.AbstractProblemLoader Replaying proof invariant_preservation.key.proof 
57744      DEBUG main            d.u.i.k.p.i.IntermediateProofReplayer Proof replay took 26.9ms 
57745      WARN  main            d.u.i.k.n.ParsingFacade   /home/runner/work/key/key/key.core/../key.ui/examples/heap/simple/invariant_preservation.key.proof took 0 ms to parse. 
57745      WARN  main            d.u.i.k.n.ParsingFacade   Parsing time 403 ms. 
57746      DEBUG main            d.u.i.k.p.r.p.TestFile    ... success: reloaded. 
57747      INFO  main            d.u.i.k.p.r.p.TestFile    Now processing file /home/runner/work/key/key/key.core/../key.ui/examples/heap/simple/locsets.key 
57747      INFO  main            d.u.i.k.p.i.AbstractProblemLoader Loading environment from /home/runner/work/key/key/key.core/../key.ui/examples/heap/simple/locsets.key 
57748      DEBUG main            d.u.i.k.p.i.AbstractProblemLoader Environment load took 154.9ns 
57748      WARN  main            d.u.i.k.n.ParsingFacade   /home/runner/work/key/key/key.core/../key.ui/examples/heap/simple/locsets.key took 0 ms to parse. 
57748      WARN  main            d.u.i.k.n.ParsingFacade   Parsing time 403 ms. 
57749      INFO  main            d.u.i.k.p.i.AbstractProblemLoader Creating init config 
58533      WARN  main            d.u.i.k.n.ParsingFacade   file:/home/runner/work/key/key/key.core/build/resources/main/de/uka/ilkd/key/java/JavaRedux/java/lang/String.key took 2 ms to parse. 
58533      WARN  main            d.u.i.k.n.ParsingFacade   Parsing time 405 ms. 
60149      DEBUG main            d.u.i.k.p.i.AbstractProblemLoader Init config took 2.4s 
60165      INFO  main            d.u.i.k.p.i.AbstractProblemLoader Replaying proof locsets.key 
60166      DEBUG main            d.u.i.k.p.i.IntermediateProofReplayer Proof replay took 6.2ns 
60167      WARN  main            d.u.i.k.n.ParsingFacade   /home/runner/work/key/key/key.core/../key.ui/examples/heap/simple/locsets.key took 1 ms to parse. 
60167      WARN  main            d.u.i.k.n.ParsingFacade   Parsing time 406 ms. 
60268      INFO  main            d.u.i.k.p.r.p.TestFile    ... finished proof: closed. 
60449      INFO  main            d.u.i.k.p.i.AbstractProblemLoader Loading environment from /home/runner/work/key/key/key.core/../key.ui/examples/heap/simple/locsets.key.proof 
60450      DEBUG main            d.u.i.k.p.i.AbstractProblemLoader Environment load took 78.1ns 
60450      WARN  main            d.u.i.k.n.ParsingFacade   /home/runner/work/key/key/key.core/../key.ui/examples/heap/simple/locsets.key.proof took 0 ms to parse. 
60450      WARN  main            d.u.i.k.n.ParsingFacade   Parsing time 406 ms. 
60451      INFO  main            d.u.i.k.p.i.AbstractProblemLoader Creating init config 
61195      WARN  main            d.u.i.k.n.ParsingFacade   file:/home/runner/work/key/key/key.core/build/resources/main/de/uka/ilkd/key/java/JavaRedux/java/lang/String.key took 1 ms to parse. 
61195      WARN  main            d.u.i.k.n.ParsingFacade   Parsing time 407 ms. 
62830      DEBUG main            d.u.i.k.p.i.AbstractProblemLoader Init config took 2.38s 
62857      INFO  main            d.u.i.k.p.i.AbstractProblemLoader Replaying proof locsets.key.proof 
62860      DEBUG main            d.u.i.k.p.i.IntermediateProofReplayer Proof replay took 1.57ms 
62861      WARN  main            d.u.i.k.n.ParsingFacade   /home/runner/work/key/key/key.core/../key.ui/examples/heap/simple/locsets.key.proof took 0 ms to parse. 
62861      WARN  main            d.u.i.k.n.ParsingFacade   Parsing time 407 ms. 
62861      DEBUG main            d.u.i.k.p.r.p.TestFile    ... success: reloaded. 
62862      INFO  main            d.u.i.k.p.r.p.TestFile    Now processing file /home/runner/work/key/key/key.core/../key.ui/examples/heap/simple/loop1.key 
62862      INFO  main            d.u.i.k.p.i.AbstractProblemLoader Loading environment from /home/runner/work/key/key/key.core/../key.ui/examples/heap/simple/loop1.key 
62863      DEBUG main            d.u.i.k.p.i.AbstractProblemLoader Environment load took 129.6ns 
62863      WARN  main            d.u.i.k.n.ParsingFacade   /home/runner/work/key/key/key.core/../key.ui/examples/heap/simple/loop1.key took 0 ms to parse. 
62863      WARN  main            d.u.i.k.n.ParsingFacade   Parsing time 407 ms. 
62864      INFO  main            d.u.i.k.p.i.AbstractProblemLoader Creating init config 
63732      WARN  main            d.u.i.k.n.ParsingFacade   file:/home/runner/work/key/key/key.core/build/resources/main/de/uka/ilkd/key/java/JavaRedux/java/lang/String.key took 1 ms to parse. 
63733      WARN  main            d.u.i.k.n.ParsingFacade   Parsing time 408 ms. 
65461      DEBUG main            d.u.i.k.p.i.AbstractProblemLoader Init config took 2.6s 
65479      INFO  main            d.u.i.k.p.i.AbstractProblemLoader Replaying proof loop1.key 
65480      DEBUG main            d.u.i.k.p.i.IntermediateProofReplayer Proof replay took 6.4ns 
65481      WARN  main            d.u.i.k.n.ParsingFacade   /home/runner/work/key/key/key.core/../key.ui/examples/heap/simple/loop1.key took 0 ms to parse. 
65481      WARN  main            d.u.i.k.n.ParsingFacade   Parsing time 408 ms. 
65683      INFO  main            d.u.i.k.p.r.p.TestFile    ... finished proof: closed. 
65866      INFO  main            d.u.i.k.p.i.AbstractProblemLoader Loading environment from /home/runner/work/key/key/key.core/../key.ui/examples/heap/simple/loop1.key.proof 
65866      DEBUG main            d.u.i.k.p.i.AbstractProblemLoader Environment load took 88.3ns 
65867      WARN  main            d.u.i.k.n.ParsingFacade   /home/runner/work/key/key/key.core/../key.ui/examples/heap/simple/loop1.key.proof took 1 ms to parse. 
65867      WARN  main            d.u.i.k.n.ParsingFacade   Parsing time 409 ms. 
65868      INFO  main            d.u.i.k.p.i.AbstractProblemLoader Creating init config 
66752      WARN  main            d.u.i.k.n.ParsingFacade   file:/home/runner/work/key/key/key.core/build/resources/main/de/uka/ilkd/key/java/JavaRedux/java/lang/String.key took 2 ms to parse. 
66752      WARN  main            d.u.i.k.n.ParsingFacade   Parsing time 411 ms. 
68440      DEBUG main            d.u.i.k.p.i.AbstractProblemLoader Init config took 2.57s 
68456      INFO  main            d.u.i.k.p.i.AbstractProblemLoader Replaying proof loop1.key.proof 
68523      DEBUG main            d.u.i.k.p.i.IntermediateProofReplayer Proof replay took 65.2ms 
68524      WARN  main            d.u.i.k.n.ParsingFacade   /home/runner/work/key/key/key.core/../key.ui/examples/heap/simple/loop1.key.proof took 0 ms to parse. 
68524      WARN  main            d.u.i.k.n.ParsingFacade   Parsing time 411 ms. 
68525      DEBUG main            d.u.i.k.p.r.p.TestFile    ... success: reloaded. 
68525      INFO  main            d.u.i.k.p.r.p.TestFile    Now processing file /home/runner/work/key/key/key.core/../key.ui/examples/heap/simple/loop2.key 
68526      INFO  main            d.u.i.k.p.i.AbstractProblemLoader Loading environment from /home/runner/work/key/key/key.core/../key.ui/examples/heap/simple/loop2.key 
68526      DEBUG main            d.u.i.k.p.i.AbstractProblemLoader Environment load took 75.6ns 
68526      WARN  main            d.u.i.k.n.ParsingFacade   /home/runner/work/key/key/key.core/../key.ui/examples/heap/simple/loop2.key took 0 ms to parse. 
68526      WARN  main            d.u.i.k.n.ParsingFacade   Parsing time 411 ms. 
68527      INFO  main            d.u.i.k.p.i.AbstractProblemLoader Creating init config 
69420      WARN  main            d.u.i.k.n.ParsingFacade   file:/home/runner/work/key/key/key.core/build/resources/main/de/uka/ilkd/key/java/JavaRedux/java/lang/String.key took 1 ms to parse. 
69420      WARN  main            d.u.i.k.n.ParsingFacade   Parsing time 412 ms. 
71182      DEBUG main            d.u.i.k.p.i.AbstractProblemLoader Init config took 2.65s 
71198      INFO  main            d.u.i.k.p.i.AbstractProblemLoader Replaying proof loop2.key 
71200      DEBUG main            d.u.i.k.p.i.IntermediateProofReplayer Proof replay took 6.5ns 
71201      WARN  main            d.u.i.k.n.ParsingFacade   /home/runner/work/key/key/key.core/../key.ui/examples/heap/simple/loop2.key took 0 ms to parse. 
71201      WARN  main            d.u.i.k.n.ParsingFacade   Parsing time 412 ms. 
71804      INFO  main            d.u.i.k.p.r.p.TestFile    ... finished proof: closed. 
72026      INFO  main            d.u.i.k.p.i.AbstractProblemLoader Loading environment from /home/runner/work/key/key/key.core/../key.ui/examples/heap/simple/loop2.key.proof 
72026      DEBUG main            d.u.i.k.p.i.AbstractProblemLoader Environment load took 433.21ns 
72027      WARN  main            d.u.i.k.n.ParsingFacade   /home/runner/work/key/key/key.core/../key.ui/examples/heap/simple/loop2.key.proof took 0 ms to parse. 
72027      WARN  main            d.u.i.k.n.ParsingFacade   Parsing time 412 ms. 
72028      INFO  main            d.u.i.k.p.i.AbstractProblemLoader Creating init config 
72891      WARN  main            d.u.i.k.n.ParsingFacade   file:/home/runner/work/key/key/key.core/build/resources/main/de/uka/ilkd/key/java/JavaRedux/java/lang/String.key took 2 ms to parse. 
72891      WARN  main            d.u.i.k.n.ParsingFacade   Parsing time 414 ms. 
74599      DEBUG main            d.u.i.k.p.i.AbstractProblemLoader Init config took 2.57s 
74616      INFO  main            d.u.i.k.p.i.AbstractProblemLoader Replaying proof loop2.key.proof 
74727      DEBUG main            d.u.i.k.p.i.IntermediateProofReplayer Proof replay took 106.96ms 
74728      WARN  main            d.u.i.k.n.ParsingFacade   /home/runner/work/key/key/key.core/../key.ui/examples/heap/simple/loop2.key.proof took 0 ms to parse. 
74728      WARN  main            d.u.i.k.n.ParsingFacade   Parsing time 414 ms. 
74729      DEBUG main            d.u.i.k.p.r.p.TestFile    ... success: reloaded. 
74730      INFO  main            d.u.i.k.p.r.p.TestFile    Now processing file /home/runner/work/key/key/key.core/../key.ui/examples/heap/simple/modifies_datagroup.key 
74730      INFO  main            d.u.i.k.p.i.AbstractProblemLoader Loading environment from /home/runner/work/key/key/key.core/../key.ui/examples/heap/simple/modifies_datagroup.key 
74730      DEBUG main            d.u.i.k.p.i.AbstractProblemLoader Environment load took 174ns 
74731      WARN  main            d.u.i.k.n.ParsingFacade   /home/runner/work/key/key/key.core/../key.ui/examples/heap/simple/modifies_datagroup.key took 0 ms to parse. 
74731      WARN  main            d.u.i.k.n.ParsingFacade   Parsing time 414 ms. 
74732      INFO  main            d.u.i.k.p.i.AbstractProblemLoader Creating init config 
75525      WARN  main            d.u.i.k.n.ParsingFacade   file:/home/runner/work/key/key/key.core/build/resources/main/de/uka/ilkd/key/java/JavaRedux/java/lang/String.key took 1 ms to parse. 
75526      WARN  main            d.u.i.k.n.ParsingFacade   Parsing time 415 ms. 
77134      DEBUG main            d.u.i.k.p.i.AbstractProblemLoader Init config took 2.4s 
77149      INFO  main            d.u.i.k.p.i.AbstractProblemLoader Replaying proof modifies_datagroup.key 
77150      DEBUG main            d.u.i.k.p.i.IntermediateProofReplayer Proof replay took 6.3ns 
77150      WARN  main            d.u.i.k.n.ParsingFacade   /home/runner/work/key/key/key.core/../key.ui/examples/heap/simple/modifies_datagroup.key took 0 ms to parse. 
77151      WARN  main            d.u.i.k.n.ParsingFacade   Parsing time 415 ms. 
77252      INFO  main            d.u.i.k.p.r.p.TestFile    ... finished proof: closed. 
77467      INFO  main            d.u.i.k.p.i.AbstractProblemLoader Loading environment from /home/runner/work/key/key/key.core/../key.ui/examples/heap/simple/modifies_datagroup.key.proof 
77467      DEBUG main            d.u.i.k.p.i.AbstractProblemLoader Environment load took 83ns 
77468      WARN  main            d.u.i.k.n.ParsingFacade   /home/runner/work/key/key/key.core/../key.ui/examples/heap/simple/modifies_datagroup.key.proof took 1 ms to parse. 
77468      WARN  main            d.u.i.k.n.ParsingFacade   Parsing time 416 ms. 
77468      INFO  main            d.u.i.k.p.i.AbstractProblemLoader Creating init config 
78194      WARN  main            d.u.i.k.n.ParsingFacade   file:/home/runner/work/key/key/key.core/build/resources/main/de/uka/ilkd/key/java/JavaRedux/java/lang/String.key took 1 ms to parse. 
78195      WARN  main            d.u.i.k.n.ParsingFacade   Parsing time 417 ms. 
79766      DEBUG main            d.u.i.k.p.i.AbstractProblemLoader Init config took 2.3s 
79781      INFO  main            d.u.i.k.p.i.AbstractProblemLoader Replaying proof modifies_datagroup.key.proof 
79786      DEBUG main            d.u.i.k.p.i.IntermediateProofReplayer Proof replay took 3.27ms 
79787      WARN  main            d.u.i.k.n.ParsingFacade   /home/runner/work/key/key/key.core/../key.ui/examples/heap/simple/modifies_datagroup.key.proof took 0 ms to parse. 
79787      WARN  main            d.u.i.k.n.ParsingFacade   Parsing time 417 ms. 
79787      DEBUG main            d.u.i.k.p.r.p.TestFile    ... success: reloaded. 
79788      INFO  main            d.u.i.k.p.r.p.TestFile    Now processing file /home/runner/work/key/key/key.core/../key.ui/examples/heap/simple/modifies.key 
79788      INFO  main            d.u.i.k.p.i.AbstractProblemLoader Loading environment from /home/runner/work/key/key/key.core/../key.ui/examples/heap/simple/modifies.key 
79788      DEBUG main            d.u.i.k.p.i.AbstractProblemLoader Environment load took 138.7ns 
79789      WARN  main            d.u.i.k.n.ParsingFacade   /home/runner/work/key/key/key.core/../key.ui/examples/heap/simple/modifies.key took 0 ms to parse. 
79789      WARN  main            d.u.i.k.n.ParsingFacade   Parsing time 417 ms. 
79790      INFO  main            d.u.i.k.p.i.AbstractProblemLoader Creating init config 
80548      WARN  main            d.u.i.k.n.ParsingFacade   file:/home/runner/work/key/key/key.core/build/resources/main/de/uka/ilkd/key/java/JavaRedux/java/lang/String.key took 1 ms to parse. 
80548      WARN  main            d.u.i.k.n.ParsingFacade   Parsing time 418 ms. 
82186      DEBUG main            d.u.i.k.p.i.AbstractProblemLoader Init config took 2.4s 
82206      INFO  main            d.u.i.k.p.i.AbstractProblemLoader Replaying proof modifies.key 
82208      DEBUG main            d.u.i.k.p.i.IntermediateProofReplayer Proof replay took 6.2ns 
82208      WARN  main            d.u.i.k.n.ParsingFacade   /home/runner/work/key/key/key.core/../key.ui/examples/heap/simple/modifies.key took 0 ms to parse. 
82208      WARN  main            d.u.i.k.n.ParsingFacade   Parsing time 418 ms. 
82312      INFO  main            d.u.i.k.p.r.p.TestFile    ... finished proof: closed. 
82512      INFO  main            d.u.i.k.p.i.AbstractProblemLoader Loading environment from /home/runner/work/key/key/key.core/../key.ui/examples/heap/simple/modifies.key.proof 
82512      DEBUG main            d.u.i.k.p.i.AbstractProblemLoader Environment load took 75.7ns 
82513      WARN  main            d.u.i.k.n.ParsingFacade   /home/runner/work/key/key/key.core/../key.ui/examples/heap/simple/modifies.key.proof took 1 ms to parse. 
82513      WARN  main            d.u.i.k.n.ParsingFacade   Parsing time 419 ms. 
82514      INFO  main            d.u.i.k.p.i.AbstractProblemLoader Creating init config 
83249      WARN  main            d.u.i.k.n.ParsingFacade   file:/home/runner/work/key/key/key.core/build/resources/main/de/uka/ilkd/key/java/JavaRedux/java/lang/String.key took 1 ms to parse. 
83249      WARN  main            d.u.i.k.n.ParsingFacade   Parsing time 420 ms. 
84820      DEBUG main            d.u.i.k.p.i.AbstractProblemLoader Init config took 2.31s 
84834      INFO  main            d.u.i.k.p.i.AbstractProblemLoader Replaying proof modifies.key.proof 
84847      DEBUG main            d.u.i.k.p.i.IntermediateProofReplayer Proof replay took 11.28ms 
84848      WARN  main            d.u.i.k.n.ParsingFacade   /home/runner/work/key/key/key.core/../key.ui/examples/heap/simple/modifies.key.proof took 1 ms to parse. 
84848      WARN  main            d.u.i.k.n.ParsingFacade   Parsing time 421 ms. 
84848      DEBUG main            d.u.i.k.p.r.p.TestFile    ... success: reloaded. 
84849      INFO  main            d.u.i.k.p.r.p.TestFile    Now processing file /home/runner/work/key/key/key.core/../key.ui/examples/heap/simple/object_creation.key 
84849      INFO  main            d.u.i.k.p.i.AbstractProblemLoader Loading environment from /home/runner/work/key/key/key.core/../key.ui/examples/heap/simple/object_creation.key 
84849      DEBUG main            d.u.i.k.p.i.AbstractProblemLoader Environment load took 69.7ns 
84849      WARN  main            d.u.i.k.n.ParsingFacade   /home/runner/work/key/key/key.core/../key.ui/examples/heap/simple/object_creation.key took 0 ms to parse. 
84849      WARN  main            d.u.i.k.n.ParsingFacade   Parsing time 421 ms. 
84850      INFO  main            d.u.i.k.p.i.AbstractProblemLoader Creating init config 
85654      WARN  main            d.u.i.k.n.ParsingFacade   file:/home/runner/work/key/key/key.core/build/resources/main/de/uka/ilkd/key/java/JavaRedux/java/lang/String.key took 1 ms to parse. 
85654      WARN  main            d.u.i.k.n.ParsingFacade   Parsing time 422 ms. 
87240      DEBUG main            d.u.i.k.p.i.AbstractProblemLoader Init config took 2.39s 
87255      INFO  main            d.u.i.k.p.i.AbstractProblemLoader Replaying proof object_creation.key 
87256      DEBUG main            d.u.i.k.p.i.IntermediateProofReplayer Proof replay took 7.1ns 
87257      WARN  main            d.u.i.k.n.ParsingFacade   /home/runner/work/key/key/key.core/../key.ui/examples/heap/simple/object_creation.key took 0 ms to parse. 
87257      WARN  main            d.u.i.k.n.ParsingFacade   Parsing time 422 ms. 
87460      INFO  main            d.u.i.k.p.r.p.TestFile    ... finished proof: closed. 
87681      INFO  main            d.u.i.k.p.i.AbstractProblemLoader Loading environment from /home/runner/work/key/key/key.core/../key.ui/examples/heap/simple/object_creation.key.proof 
87681      DEBUG main            d.u.i.k.p.i.AbstractProblemLoader Environment load took 75.7ns 
87681      WARN  main            d.u.i.k.n.ParsingFacade   /home/runner/work/key/key/key.core/../key.ui/examples/heap/simple/object_creation.key.proof took 0 ms to parse. 
87681      WARN  main            d.u.i.k.n.ParsingFacade   Parsing time 422 ms. 
87682      INFO  main            d.u.i.k.p.i.AbstractProblemLoader Creating init config 
88440      WARN  main            d.u.i.k.n.ParsingFacade   file:/home/runner/work/key/key/key.core/build/resources/main/de/uka/ilkd/key/java/JavaRedux/java/lang/String.key took 1 ms to parse. 
88440      WARN  main            d.u.i.k.n.ParsingFacade   Parsing time 423 ms. 
90045      DEBUG main            d.u.i.k.p.i.AbstractProblemLoader Init config took 2.36s 
90060      INFO  main            d.u.i.k.p.i.AbstractProblemLoader Replaying proof object_creation.key.proof 
90107      DEBUG main            d.u.i.k.p.i.IntermediateProofReplayer Proof replay took 43.81ms 
90107      WARN  main            d.u.i.k.n.ParsingFacade   /home/runner/work/key/key/key.core/../key.ui/examples/heap/simple/object_creation.key.proof took 0 ms to parse. 
90107      WARN  main            d.u.i.k.n.ParsingFacade   Parsing time 423 ms. 
90108      DEBUG main            d.u.i.k.p.r.p.TestFile    ... success: reloaded. 
90108      INFO  main            d.u.i.k.p.r.p.TestFile    Now processing file /home/runner/work/key/key/key.core/../key.ui/examples/heap/simple/operation_contracts.key 
90109      INFO  main            d.u.i.k.p.i.AbstractProblemLoader Loading environment from /home/runner/work/key/key/key.core/../key.ui/examples/heap/simple/operation_contracts.key 
90109      DEBUG main            d.u.i.k.p.i.AbstractProblemLoader Environment load took 143.9ns 
90109      WARN  main            d.u.i.k.n.ParsingFacade   /home/runner/work/key/key/key.core/../key.ui/examples/heap/simple/operation_contracts.key took 0 ms to parse. 
90109      WARN  main            d.u.i.k.n.ParsingFacade   Parsing time 423 ms. 
90110      INFO  main            d.u.i.k.p.i.AbstractProblemLoader Creating init config 
90968      WARN  main            d.u.i.k.n.ParsingFacade   file:/home/runner/work/key/key/key.core/build/resources/main/de/uka/ilkd/key/java/JavaRedux/java/lang/String.key took 1 ms to parse. 
90968      WARN  main            d.u.i.k.n.ParsingFacade   Parsing time 424 ms. 
92662      DEBUG main            d.u.i.k.p.i.AbstractProblemLoader Init config took 2.55s 
92678      INFO  main            d.u.i.k.p.i.AbstractProblemLoader Replaying proof operation_contracts.key 
92679      DEBUG main            d.u.i.k.p.i.IntermediateProofReplayer Proof replay took 5.5ns 
92680      WARN  main            d.u.i.k.n.ParsingFacade   /home/runner/work/key/key/key.core/../key.ui/examples/heap/simple/operation_contracts.key took 0 ms to parse. 
92680      WARN  main            d.u.i.k.n.ParsingFacade   Parsing time 424 ms. 
93415      INFO  main            d.u.i.k.p.r.p.TestFile    ... finished proof: closed. 
93653      INFO  main            d.u.i.k.p.i.AbstractProblemLoader Loading environment from /home/runner/work/key/key/key.core/../key.ui/examples/heap/simple/operation_contracts.key.proof 
93655      DEBUG main            d.u.i.k.p.i.AbstractProblemLoader Environment load took 1.54ms 
93656      WARN  main            d.u.i.k.n.ParsingFacade   /home/runner/work/key/key/key.core/../key.ui/examples/heap/simple/operation_contracts.key.proof took 1 ms to parse. 
93656      WARN  main            d.u.i.k.n.ParsingFacade   Parsing time 425 ms. 
93656      INFO  main            d.u.i.k.p.i.AbstractProblemLoader Creating init config 
94516      WARN  main            d.u.i.k.n.ParsingFacade   file:/home/runner/work/key/key/key.core/build/resources/main/de/uka/ilkd/key/java/JavaRedux/java/lang/String.key took 1 ms to parse. 
94516      WARN  main            d.u.i.k.n.ParsingFacade   Parsing time 426 ms. 
96208      DEBUG main            d.u.i.k.p.i.AbstractProblemLoader Init config took 2.55s 
96224      INFO  main            d.u.i.k.p.i.AbstractProblemLoader Replaying proof operation_contracts.key.proof 
96344      DEBUG main            d.u.i.k.p.i.IntermediateProofReplayer Proof replay took 113.15ms 
96345      WARN  main            d.u.i.k.n.ParsingFacade   /home/runner/work/key/key/key.core/../key.ui/examples/heap/simple/operation_contracts.key.proof took 1 ms to parse. 
96345      WARN  main            d.u.i.k.n.ParsingFacade   Parsing time 427 ms. 
96345      DEBUG main            d.u.i.k.p.r.p.TestFile    ... success: reloaded. 
96346      INFO  main            d.u.i.k.p.r.p.TestFile    Now processing file /home/runner/work/key/key/key.core/../key.ui/examples/heap/simple/select_store.key 
96346      INFO  main            d.u.i.k.p.i.AbstractProblemLoader Loading environment from /home/runner/work/key/key/key.core/../key.ui/examples/heap/simple/select_store.key 
96347      DEBUG main            d.u.i.k.p.i.AbstractProblemLoader Environment load took 79.6ns 
96347      WARN  main            d.u.i.k.n.ParsingFacade   /home/runner/work/key/key/key.core/../key.ui/examples/heap/simple/select_store.key took 0 ms to parse. 
96347      WARN  main            d.u.i.k.n.ParsingFacade   Parsing time 427 ms. 
96347      INFO  main            d.u.i.k.p.i.AbstractProblemLoader Creating init config 
97092      WARN  main            d.u.i.k.n.ParsingFacade   file:/home/runner/work/key/key/key.core/build/resources/main/de/uka/ilkd/key/java/JavaRedux/java/lang/String.key took 1 ms to parse. 
97092      WARN  main            d.u.i.k.n.ParsingFacade   Parsing time 428 ms. 
98748      DEBUG main            d.u.i.k.p.i.AbstractProblemLoader Init config took 2.4s 
98762      INFO  main            d.u.i.k.p.i.AbstractProblemLoader Replaying proof select_store.key 
98764      DEBUG main            d.u.i.k.p.i.IntermediateProofReplayer Proof replay took 7.3ns 
98764      WARN  main            d.u.i.k.n.ParsingFacade   /home/runner/work/key/key/key.core/../key.ui/examples/heap/simple/select_store.key took 0 ms to parse. 
98764      WARN  main            d.u.i.k.n.ParsingFacade   Parsing time 428 ms. 
98866      INFO  main            d.u.i.k.p.r.p.TestFile    ... finished proof: closed. 
99113      INFO  main            d.u.i.k.p.i.AbstractProblemLoader Loading environment from /home/runner/work/key/key/key.core/../key.ui/examples/heap/simple/select_store.key.proof 
99113      DEBUG main            d.u.i.k.p.i.AbstractProblemLoader Environment load took 78.4ns 
99113      WARN  main            d.u.i.k.n.ParsingFacade   /home/runner/work/key/key/key.core/../key.ui/examples/heap/simple/select_store.key.proof took 0 ms to parse. 
99113      WARN  main            d.u.i.k.n.ParsingFacade   Parsing time 428 ms. 
99114      INFO  main            d.u.i.k.p.i.AbstractProblemLoader Creating init config 
99847      WARN  main            d.u.i.k.n.ParsingFacade   file:/home/runner/work/key/key/key.core/build/resources/main/de/uka/ilkd/key/java/JavaRedux/java/lang/String.key took 2 ms to parse. 
99847      WARN  main            d.u.i.k.n.ParsingFacade   Parsing time 430 ms. 
101414     DEBUG main            d.u.i.k.p.i.AbstractProblemLoader Init config took 2.3s 
101429     INFO  main            d.u.i.k.p.i.AbstractProblemLoader Replaying proof select_store.key.proof 
101432     DEBUG main            d.u.i.k.p.i.IntermediateProofReplayer Proof replay took 2.36ms 
101433     WARN  main            d.u.i.k.n.ParsingFacade   /home/runner/work/key/key/key.core/../key.ui/examples/heap/simple/select_store.key.proof took 0 ms to parse. 
101433     WARN  main            d.u.i.k.n.ParsingFacade   Parsing time 430 ms. 
101433     DEBUG main            d.u.i.k.p.r.p.TestFile    ... success: reloaded. 
101434     INFO  main            d.u.i.k.p.r.p.TestFile    Now processing file /home/runner/work/key/key/key.core/../key.ui/examples/heap/simple/selection_sort.key 
101434     INFO  main            d.u.i.k.p.i.AbstractProblemLoader Loading environment from /home/runner/work/key/key/key.core/../key.ui/examples/heap/simple/selection_sort.key 
101434     DEBUG main            d.u.i.k.p.i.AbstractProblemLoader Environment load took 70.4ns 
101434     WARN  main            d.u.i.k.n.ParsingFacade   /home/runner/work/key/key/key.core/../key.ui/examples/heap/simple/selection_sort.key took 0 ms to parse. 
101434     WARN  main            d.u.i.k.n.ParsingFacade   Parsing time 430 ms. 
101435     INFO  main            d.u.i.k.p.i.AbstractProblemLoader Creating init config 
102291     WARN  main            d.u.i.k.n.ParsingFacade   file:/home/runner/work/key/key/key.core/build/resources/main/de/uka/ilkd/key/java/JavaRedux/java/lang/String.key took 1 ms to parse. 
102291     WARN  main            d.u.i.k.n.ParsingFacade   Parsing time 431 ms. 
104043     DEBUG main            d.u.i.k.p.i.AbstractProblemLoader Init config took 2.61s 
104058     INFO  main            d.u.i.k.p.i.AbstractProblemLoader Replaying proof selection_sort.key 
104060     DEBUG main            d.u.i.k.p.i.IntermediateProofReplayer Proof replay took 6.3ns 
104060     WARN  main            d.u.i.k.n.ParsingFacade   /home/runner/work/key/key/key.core/../key.ui/examples/heap/simple/selection_sort.key took 0 ms to parse. 
104060     WARN  main            d.u.i.k.n.ParsingFacade   Parsing time 431 ms. 
107857     INFO  main            d.u.i.k.p.r.p.TestFile    ... finished proof: closed. 
108142     INFO  main            d.u.i.k.p.i.AbstractProblemLoader Loading environment from /home/runner/work/key/key/key.core/../key.ui/examples/heap/simple/selection_sort.key.proof 
108143     DEBUG main            d.u.i.k.p.i.AbstractProblemLoader Environment load took 149.3ns 
108144     WARN  main            d.u.i.k.n.ParsingFacade   /home/runner/work/key/key/key.core/../key.ui/examples/heap/simple/selection_sort.key.proof took 1 ms to parse. 
108144     WARN  main            d.u.i.k.n.ParsingFacade   Parsing time 432 ms. 
108144     INFO  main            d.u.i.k.p.i.AbstractProblemLoader Creating init config 
109030     WARN  main            d.u.i.k.n.ParsingFacade   file:/home/runner/work/key/key/key.core/build/resources/main/de/uka/ilkd/key/java/JavaRedux/java/lang/String.key took 8 ms to parse. 
109030     WARN  main            d.u.i.k.n.ParsingFacade   Parsing time 440 ms. 
110688     DEBUG main            d.u.i.k.p.i.AbstractProblemLoader Init config took 2.54s 
110703     INFO  main            d.u.i.k.p.i.AbstractProblemLoader Replaying proof selection_sort.key.proof 
111332     DEBUG main            d.u.i.k.p.i.IntermediateProofReplayer Proof replay took 606.48ms 
111334     WARN  main            d.u.i.k.n.ParsingFacade   /home/runner/work/key/key/key.core/../key.ui/examples/heap/simple/selection_sort.key.proof took 1 ms to parse. 
111334     WARN  main            d.u.i.k.n.ParsingFacade   Parsing time 441 ms. 
111335     DEBUG main            d.u.i.k.p.r.p.TestFile    ... success: reloaded. 
111339     INFO  main            d.u.i.k.p.r.p.TestFile    Now processing file /home/runner/work/key/key/key.core/../key.ui/examples/heap/simple/seq.key 
111339     INFO  main            d.u.i.k.p.i.AbstractProblemLoader Loading environment from /home/runner/work/key/key/key.core/../key.ui/examples/heap/simple/seq.key 
111339     DEBUG main            d.u.i.k.p.i.AbstractProblemLoader Environment load took 161ns 
111340     WARN  main            d.u.i.k.n.ParsingFacade   /home/runner/work/key/key/key.core/../key.ui/examples/heap/simple/seq.key took 1 ms to parse. 
111340     WARN  main            d.u.i.k.n.ParsingFacade   Parsing time 442 ms. 
111341     INFO  main            d.u.i.k.p.i.AbstractProblemLoader Creating init config 
112109     WARN  main            d.u.i.k.n.ParsingFacade   file:/home/runner/work/key/key/key.core/build/resources/main/de/uka/ilkd/key/java/JavaRedux/java/lang/String.key took 5 ms to parse. 
112109     WARN  main            d.u.i.k.n.ParsingFacade   Parsing time 447 ms. 
113708     DEBUG main            d.u.i.k.p.i.AbstractProblemLoader Init config took 2.37s 
113722     INFO  main            d.u.i.k.p.i.AbstractProblemLoader Replaying proof seq.key 
113723     DEBUG main            d.u.i.k.p.i.IntermediateProofReplayer Proof replay took 6.7ns 
113724     WARN  main            d.u.i.k.n.ParsingFacade   /home/runner/work/key/key/key.core/../key.ui/examples/heap/simple/seq.key took 0 ms to parse. 
113724     WARN  main            d.u.i.k.n.ParsingFacade   Parsing time 447 ms. 
114128     INFO  main            d.u.i.k.p.r.p.TestFile    ... finished proof: closed. 
114485     INFO  main            d.u.i.k.p.i.AbstractProblemLoader Loading environment from /home/runner/work/key/key/key.core/../key.ui/examples/heap/simple/seq.key.proof 
114485     DEBUG main            d.u.i.k.p.i.AbstractProblemLoader Environment load took 81ns 
114486     WARN  main            d.u.i.k.n.ParsingFacade   /home/runner/work/key/key/key.core/../key.ui/examples/heap/simple/seq.key.proof took 1 ms to parse. 
114486     WARN  main            d.u.i.k.n.ParsingFacade   Parsing time 448 ms. 
114487     INFO  main            d.u.i.k.p.i.AbstractProblemLoader Creating init config 
115216     WARN  main            d.u.i.k.n.ParsingFacade   file:/home/runner/work/key/key/key.core/build/resources/main/de/uka/ilkd/key/java/JavaRedux/java/lang/String.key took 1 ms to parse. 
115216     WARN  main            d.u.i.k.n.ParsingFacade   Parsing time 449 ms. 
116768     DEBUG main            d.u.i.k.p.i.AbstractProblemLoader Init config took 2.28s 
116783     INFO  main            d.u.i.k.p.i.AbstractProblemLoader Replaying proof seq.key.proof 
116833     DEBUG main            d.u.i.k.p.i.IntermediateProofReplayer Proof replay took 46.21ms 
116834     WARN  main            d.u.i.k.n.ParsingFacade   /home/runner/work/key/key/key.core/../key.ui/examples/heap/simple/seq.key.proof took 0 ms to parse. 
116834     WARN  main            d.u.i.k.n.ParsingFacade   Parsing time 449 ms. 
116835     DEBUG main            d.u.i.k.p.r.p.TestFile    ... success: reloaded. 
116835     INFO  main            d.u.i.k.p.r.p.TestFile    Now processing file /home/runner/work/key/key/key.core/../key.ui/examples/heap/simple/oldForParams.key 
116836     INFO  main            d.u.i.k.p.i.AbstractProblemLoader Loading environment from /home/runner/work/key/key/key.core/../key.ui/examples/heap/simple/oldForParams.key 
116836     DEBUG main            d.u.i.k.p.i.AbstractProblemLoader Environment load took 145.8ns 
116836     WARN  main            d.u.i.k.n.ParsingFacade   /home/runner/work/key/key/key.core/../key.ui/examples/heap/simple/oldForParams.key took 0 ms to parse. 
116836     WARN  main            d.u.i.k.n.ParsingFacade   Parsing time 449 ms. 
116837     INFO  main            d.u.i.k.p.i.AbstractProblemLoader Creating init config 
117695     WARN  main            d.u.i.k.n.ParsingFacade   file:/home/runner/work/key/key/key.core/build/resources/main/de/uka/ilkd/key/java/JavaRedux/java/lang/String.key took 1 ms to parse. 
117695     WARN  main            d.u.i.k.n.ParsingFacade   Parsing time 450 ms. 
119396     DEBUG main            d.u.i.k.p.i.AbstractProblemLoader Init config took 2.56s 
119465     INFO  main            d.u.i.k.p.i.AbstractProblemLoader Replaying proof OldForParameters[OldForParameters::method(int)].JML operation contract.0 
119467     DEBUG main            d.u.i.k.p.i.IntermediateProofReplayer Proof replay took 5.8ns 
119467     WARN  main            d.u.i.k.n.ParsingFacade   /home/runner/work/key/key/key.core/../key.ui/examples/heap/simple/oldForParams.key took 0 ms to parse. 
119467     WARN  main            d.u.i.k.n.ParsingFacade   Parsing time 450 ms. 
119669     INFO  main            d.u.i.k.p.r.p.TestFile    ... finished proof: closed. 
119946     INFO  main            d.u.i.k.p.i.AbstractProblemLoader Loading environment from /home/runner/work/key/key/key.core/../key.ui/examples/heap/simple/oldForParams.key.proof 
119946     DEBUG main            d.u.i.k.p.i.AbstractProblemLoader Environment load took 76.1ns 
119946     WARN  main            d.u.i.k.n.ParsingFacade   /home/runner/work/key/key/key.core/../key.ui/examples/heap/simple/oldForParams.key.proof took 0 ms to parse. 
119946     WARN  main            d.u.i.k.n.ParsingFacade   Parsing time 450 ms. 
119947     INFO  main            d.u.i.k.p.i.AbstractProblemLoader Creating init config 
120795     WARN  main            d.u.i.k.n.ParsingFacade   file:/home/runner/work/key/key/key.core/build/resources/main/de/uka/ilkd/key/java/JavaRedux/java/lang/String.key took 1 ms to parse. 
120795     WARN  main            d.u.i.k.n.ParsingFacade   Parsing time 451 ms. 
122456     DEBUG main            d.u.i.k.p.i.AbstractProblemLoader Init config took 2.51s 
122507     INFO  main            d.u.i.k.p.i.AbstractProblemLoader Replaying proof OldForParameters[OldForParameters::method(int)].JML operation contract.0 
122555     DEBUG main            d.u.i.k.p.i.IntermediateProofReplayer Proof replay took 44.44ms 
122556     WARN  main            d.u.i.k.n.ParsingFacade   /home/runner/work/key/key/key.core/../key.ui/examples/heap/simple/oldForParams.key.proof took 0 ms to parse. 
122556     WARN  main            d.u.i.k.n.ParsingFacade   Parsing time 451 ms. 
122557     DEBUG main            d.u.i.k.p.r.p.TestFile    ... success: reloaded. 
122559     INFO  main            d.u.i.k.p.r.p.TestFile    Now processing file /home/runner/work/key/key/key.core/../key.ui/examples/heap/simple/parse_lmtd.key 
122559     INFO  main            d.u.i.k.p.i.AbstractProblemLoader Loading environment from /home/runner/work/key/key/key.core/../key.ui/examples/heap/simple/parse_lmtd.key 
122559     DEBUG main            d.u.i.k.p.i.AbstractProblemLoader Environment load took 179.2ns 
122559     WARN  main            d.u.i.k.n.ParsingFacade   /home/runner/work/key/key/key.core/../key.ui/examples/heap/simple/parse_lmtd.key took 0 ms to parse. 
122559     WARN  main            d.u.i.k.n.ParsingFacade   Parsing time 451 ms. 
122560     INFO  main            d.u.i.k.p.i.AbstractProblemLoader Creating init config 
123426     WARN  main            d.u.i.k.n.ParsingFacade   file:/home/runner/work/key/key/key.core/build/resources/main/de/uka/ilkd/key/java/JavaRedux/java/lang/String.key took 1 ms to parse. 
123426     WARN  main            d.u.i.k.n.ParsingFacade   Parsing time 452 ms. 
125124     DEBUG main            d.u.i.k.p.i.AbstractProblemLoader Init config took 2.56s 
125164     INFO  main            d.u.i.k.p.i.AbstractProblemLoader Replaying proof ParseLmtd[ParseLmtd::simple(int)].JML normal_behavior operation contract.0 
125165     DEBUG main            d.u.i.k.p.i.IntermediateProofReplayer Proof replay took 6.4ns 
125165     WARN  main            d.u.i.k.n.ParsingFacade   /home/runner/work/key/key/key.core/../key.ui/examples/heap/simple/parse_lmtd.key took 0 ms to parse. 
125165     WARN  main            d.u.i.k.n.ParsingFacade   Parsing time 452 ms. 
125369     INFO  main            d.u.i.k.p.r.p.TestFile    ... finished proof: closed. 
125621     INFO  main            d.u.i.k.p.i.AbstractProblemLoader Loading environment from /home/runner/work/key/key/key.core/../key.ui/examples/heap/simple/parse_lmtd.key.proof 
125622     DEBUG main            d.u.i.k.p.i.AbstractProblemLoader Environment load took 77.3ns 
125622     WARN  main            d.u.i.k.n.ParsingFacade   /home/runner/work/key/key/key.core/../key.ui/examples/heap/simple/parse_lmtd.key.proof took 0 ms to parse. 
125622     WARN  main            d.u.i.k.n.ParsingFacade   Parsing time 452 ms. 
125622     INFO  main            d.u.i.k.p.i.AbstractProblemLoader Creating init config 
126466     WARN  main            d.u.i.k.n.ParsingFacade   file:/home/runner/work/key/key/key.core/build/resources/main/de/uka/ilkd/key/java/JavaRedux/java/lang/String.key took 1 ms to parse. 
126466     WARN  main            d.u.i.k.n.ParsingFacade   Parsing time 453 ms. 
128136     DEBUG main            d.u.i.k.p.i.AbstractProblemLoader Init config took 2.51s 
128193     INFO  main            d.u.i.k.p.i.AbstractProblemLoader Replaying proof ParseLmtd[ParseLmtd::simple(int)].JML normal_behavior operation contract.0 
128219     DEBUG main            d.u.i.k.p.i.IntermediateProofReplayer Proof replay took 23.76ms 
128219     WARN  main            d.u.i.k.n.ParsingFacade   /home/runner/work/key/key/key.core/../key.ui/examples/heap/simple/parse_lmtd.key.proof took 0 ms to parse. 
128219     WARN  main            d.u.i.k.n.ParsingFacade   Parsing time 453 ms. 
128221     DEBUG main            d.u.i.k.p.r.p.TestFile    ... success: reloaded. 
128221     INFO  main            d.u.i.k.p.r.p.TestFile    Now processing file /home/runner/work/key/key/key.core/../key.ui/examples/heap/strictly_pure/strictlyPureMethod.key 
128221     INFO  main            d.u.i.k.p.i.AbstractProblemLoader Loading environment from /home/runner/work/key/key/key.core/../key.ui/examples/heap/strictly_pure/strictlyPureMethod.key 
128222     DEBUG main            d.u.i.k.p.i.AbstractProblemLoader Environment load took 76.7ns 
128222     WARN  main            d.u.i.k.n.ParsingFacade   /home/runner/work/key/key/key.core/../key.ui/examples/heap/strictly_pure/strictlyPureMethod.key took 0 ms to parse. 
128222     WARN  main            d.u.i.k.n.ParsingFacade   Parsing time 453 ms. 
128222     INFO  main            d.u.i.k.p.i.AbstractProblemLoader Creating init config 
129074     WARN  main            d.u.i.k.n.ParsingFacade   file:/home/runner/work/key/key/key.core/build/resources/main/de/uka/ilkd/key/java/JavaRedux/java/lang/String.key took 1 ms to parse. 
129074     WARN  main            d.u.i.k.n.ParsingFacade   Parsing time 454 ms. 
130684     DEBUG main            d.u.i.k.p.i.AbstractProblemLoader Init config took 2.46s 
130720     INFO  main            d.u.i.k.p.i.AbstractProblemLoader Replaying proof StrictlyPure[StrictlyPure::strictlyPureMethod()].JML operation contract.0 
130722     DEBUG main            d.u.i.k.p.i.IntermediateProofReplayer Proof replay took 6.8ns 
130722     WARN  main            d.u.i.k.n.ParsingFacade   /home/runner/work/key/key/key.core/../key.ui/examples/heap/strictly_pure/strictlyPureMethod.key took 0 ms to parse. 
130722     WARN  main            d.u.i.k.n.ParsingFacade   Parsing time 454 ms. 
130928     INFO  main            d.u.i.k.p.r.p.TestFile    ... finished proof: closed. 
131185     INFO  main            d.u.i.k.p.i.AbstractProblemLoader Loading environment from /home/runner/work/key/key/key.core/../key.ui/examples/heap/strictly_pure/strictlyPureMethod.key.proof 
131185     DEBUG main            d.u.i.k.p.i.AbstractProblemLoader Environment load took 76.2ns 
131186     WARN  main            d.u.i.k.n.ParsingFacade   /home/runner/work/key/key/key.core/../key.ui/examples/heap/strictly_pure/strictlyPureMethod.key.proof took 0 ms to parse. 
131186     WARN  main            d.u.i.k.n.ParsingFacade   Parsing time 454 ms. 
131186     INFO  main            d.u.i.k.p.i.AbstractProblemLoader Creating init config 
131976     WARN  main            d.u.i.k.n.ParsingFacade   file:/home/runner/work/key/key/key.core/build/resources/main/de/uka/ilkd/key/java/JavaRedux/java/lang/String.key took 2 ms to parse. 
131976     WARN  main            d.u.i.k.n.ParsingFacade   Parsing time 456 ms. 
133551     DEBUG main            d.u.i.k.p.i.AbstractProblemLoader Init config took 2.37s 
133586     INFO  main            d.u.i.k.p.i.AbstractProblemLoader Replaying proof StrictlyPure[StrictlyPure::strictlyPureMethod()].JML operation contract.0 
133625     DEBUG main            d.u.i.k.p.i.IntermediateProofReplayer Proof replay took 35.98ms 
133625     WARN  main            d.u.i.k.n.ParsingFacade   /home/runner/work/key/key/key.core/../key.ui/examples/heap/strictly_pure/strictlyPureMethod.key.proof took 0 ms to parse. 
133625     WARN  main            d.u.i.k.n.ParsingFacade   Parsing time 456 ms. 
133625     DEBUG main            d.u.i.k.p.r.p.TestFile    ... success: reloaded. 
133626     INFO  main            d.u.i.k.p.r.p.TestFile    Now processing file /home/runner/work/key/key/key.core/../key.ui/examples/heap/strictly_pure/useStrictlyPureMethod.key 
133627     INFO  main            d.u.i.k.p.i.AbstractProblemLoader Loading environment from /home/runner/work/key/key/key.core/../key.ui/examples/heap/strictly_pure/useStrictlyPureMethod.key 
133627     DEBUG main            d.u.i.k.p.i.AbstractProblemLoader Environment load took 93.5ns 
133627     WARN  main            d.u.i.k.n.ParsingFacade   /home/runner/work/key/key/key.core/../key.ui/examples/heap/strictly_pure/useStrictlyPureMethod.key took 0 ms to parse. 
133627     WARN  main            d.u.i.k.n.ParsingFacade   Parsing time 456 ms. 
133627     INFO  main            d.u.i.k.p.i.AbstractProblemLoader Creating init config 
134432     WARN  main            d.u.i.k.n.ParsingFacade   file:/home/runner/work/key/key/key.core/build/resources/main/de/uka/ilkd/key/java/JavaRedux/java/lang/String.key took 1 ms to parse. 
134432     WARN  main            d.u.i.k.n.ParsingFacade   Parsing time 457 ms. 
136049     DEBUG main            d.u.i.k.p.i.AbstractProblemLoader Init config took 2.42s 
136084     INFO  main            d.u.i.k.p.i.AbstractProblemLoader Replaying proof StrictlyPure[StrictlyPure::useStrictlyPureMethod(StrictlyPureClass)].JML operation contract.0 
136085     DEBUG main            d.u.i.k.p.i.IntermediateProofReplayer Proof replay took 6.5ns 
136085     WARN  main            d.u.i.k.n.ParsingFacade   /home/runner/work/key/key/key.core/../key.ui/examples/heap/strictly_pure/useStrictlyPureMethod.key took 0 ms to parse. 
136085     WARN  main            d.u.i.k.n.ParsingFacade   Parsing time 457 ms. 
136288     INFO  main            d.u.i.k.p.r.p.TestFile    ... finished proof: closed. 
136649     INFO  main            d.u.i.k.p.i.AbstractProblemLoader Loading environment from /home/runner/work/key/key/key.core/../key.ui/examples/heap/strictly_pure/useStrictlyPureMethod.key.proof 
136649     DEBUG main            d.u.i.k.p.i.AbstractProblemLoader Environment load took 93.6ns 
136649     WARN  main            d.u.i.k.n.ParsingFacade   /home/runner/work/key/key/key.core/../key.ui/examples/heap/strictly_pure/useStrictlyPureMethod.key.proof took 0 ms to parse. 
136649     WARN  main            d.u.i.k.n.ParsingFacade   Parsing time 457 ms. 
136650     INFO  main            d.u.i.k.p.i.AbstractProblemLoader Creating init config 
137444     WARN  main            d.u.i.k.n.ParsingFacade   file:/home/runner/work/key/key/key.core/build/resources/main/de/uka/ilkd/key/java/JavaRedux/java/lang/String.key took 1 ms to parse. 
137444     WARN  main            d.u.i.k.n.ParsingFacade   Parsing time 458 ms. 
139002     DEBUG main            d.u.i.k.p.i.AbstractProblemLoader Init config took 2.35s 
139036     INFO  main            d.u.i.k.p.i.AbstractProblemLoader Replaying proof StrictlyPure[StrictlyPure::useStrictlyPureMethod(StrictlyPureClass)].JML operation contract.0 
139095     DEBUG main            d.u.i.k.p.i.IntermediateProofReplayer Proof replay took 56.92ms 
139096     WARN  main            d.u.i.k.n.ParsingFacade   /home/runner/work/key/key/key.core/../key.ui/examples/heap/strictly_pure/useStrictlyPureMethod.key.proof took 0 ms to parse. 
139096     WARN  main            d.u.i.k.n.ParsingFacade   Parsing time 458 ms. 
139097     DEBUG main            d.u.i.k.p.r.p.TestFile    ... success: reloaded. 
139099     INFO  main            d.u.i.k.p.r.p.TestFile    Now processing file /home/runner/work/key/key/key.core/../key.ui/examples/heap/Wellfounded/ackermann.key 
139099     INFO  main            d.u.i.k.p.i.AbstractProblemLoader Loading environment from /home/runner/work/key/key/key.core/../key.ui/examples/heap/Wellfounded/ackermann.key 
139099     DEBUG main            d.u.i.k.p.i.AbstractProblemLoader Environment load took 151ns 
139099     WARN  main            d.u.i.k.n.ParsingFacade   /home/runner/work/key/key/key.core/../key.ui/examples/heap/Wellfounded/ackermann.key took 0 ms to parse. 
139099     WARN  main            d.u.i.k.n.ParsingFacade   Parsing time 458 ms. 
139100     INFO  main            d.u.i.k.p.i.AbstractProblemLoader Creating init config 
139928     WARN  main            d.u.i.k.n.ParsingFacade   file:/home/runner/work/key/key/key.core/build/resources/main/de/uka/ilkd/key/java/JavaRedux/java/lang/String.key took 1 ms to parse. 
139928     WARN  main            d.u.i.k.n.ParsingFacade   Parsing time 459 ms. 
141589     DEBUG main            d.u.i.k.p.i.AbstractProblemLoader Init config took 2.49s 
141624     INFO  main            d.u.i.k.p.i.AbstractProblemLoader Replaying proof Ackermann[Ackermann::a(int,int)].JML normal_behavior operation contract.0 
141626     DEBUG main            d.u.i.k.p.i.IntermediateProofReplayer Proof replay took 6.1ns 
141627     WARN  main            d.u.i.k.n.ParsingFacade   /home/runner/work/key/key/key.core/../key.ui/examples/heap/Wellfounded/ackermann.key took 0 ms to parse. 
141627     WARN  main            d.u.i.k.n.ParsingFacade   Parsing time 459 ms. 
141930     INFO  main            d.u.i.k.p.r.p.TestFile    ... finished proof: closed. 
142212     INFO  main            d.u.i.k.p.i.AbstractProblemLoader Loading environment from /home/runner/work/key/key/key.core/../key.ui/examples/heap/Wellfounded/ackermann.key.proof 
142213     DEBUG main            d.u.i.k.p.i.AbstractProblemLoader Environment load took 76.3ns 
142213     WARN  main            d.u.i.k.n.ParsingFacade   /home/runner/work/key/key/key.core/../key.ui/examples/heap/Wellfounded/ackermann.key.proof took 0 ms to parse. 
142213     WARN  main            d.u.i.k.n.ParsingFacade   Parsing time 459 ms. 
142214     INFO  main            d.u.i.k.p.i.AbstractProblemLoader Creating init config 
143008     WARN  main            d.u.i.k.n.ParsingFacade   file:/home/runner/work/key/key/key.core/build/resources/main/de/uka/ilkd/key/java/JavaRedux/java/lang/String.key took 1 ms to parse. 
143008     WARN  main            d.u.i.k.n.ParsingFacade   Parsing time 460 ms. 
144602     DEBUG main            d.u.i.k.p.i.AbstractProblemLoader Init config took 2.39s 
144636     INFO  main            d.u.i.k.p.i.AbstractProblemLoader Replaying proof Ackermann[Ackermann::a(int,int)].JML normal_behavior operation contract.0 
144699     DEBUG main            d.u.i.k.p.i.IntermediateProofReplayer Proof replay took 59.74ms 
144700     WARN  main            d.u.i.k.n.ParsingFacade   /home/runner/work/key/key/key.core/../key.ui/examples/heap/Wellfounded/ackermann.key.proof took 1 ms to parse. 
144700     WARN  main            d.u.i.k.n.ParsingFacade   Parsing time 461 ms. 
144700     DEBUG main            d.u.i.k.p.r.p.TestFile    ... success: reloaded. 
144701     INFO  main            d.u.i.k.p.r.p.TestFile    Now processing file /home/runner/work/key/key/key.core/../key.ui/examples/standard_key/unicode_test.key 
144701     INFO  main            d.u.i.k.p.i.AbstractProblemLoader Loading environment from /home/runner/work/key/key/key.core/../key.ui/examples/standard_key/unicode_test.key 
144702     DEBUG main            d.u.i.k.p.i.AbstractProblemLoader Environment load took 162.2ns 
144703     WARN  main            d.u.i.k.n.ParsingFacade   /home/runner/work/key/key/key.core/../key.ui/examples/standard_key/unicode_test.key took 1 ms to parse. 
144703     WARN  main            d.u.i.k.n.ParsingFacade   Parsing time 462 ms. 
144704     INFO  main            d.u.i.k.p.i.AbstractProblemLoader Creating init config 
145452     WARN  main            d.u.i.k.n.ParsingFacade   file:/home/runner/work/key/key/key.core/build/resources/main/de/uka/ilkd/key/java/JavaRedux/java/lang/String.key took 2 ms to parse. 
145452     WARN  main            d.u.i.k.n.ParsingFacade   Parsing time 464 ms. 
147024     DEBUG main            d.u.i.k.p.i.AbstractProblemLoader Init config took 2.32s 
147042     INFO  main            d.u.i.k.p.i.AbstractProblemLoader Replaying proof unicode_test.key 
147044     DEBUG main            d.u.i.k.p.i.IntermediateProofReplayer Proof replay took 6.7ns 
147045     WARN  main            d.u.i.k.n.ParsingFacade   /home/runner/work/key/key/key.core/../key.ui/examples/standard_key/unicode_test.key took 1 ms to parse. 
147045     WARN  main            d.u.i.k.n.ParsingFacade   Parsing time 465 ms. 
147146     INFO  main            d.u.i.k.p.r.p.TestFile    ... finished proof: closed. 
147412     INFO  main            d.u.i.k.p.i.AbstractProblemLoader Loading environment from /home/runner/work/key/key/key.core/../key.ui/examples/standard_key/unicode_test.key.proof 
147412     DEBUG main            d.u.i.k.p.i.AbstractProblemLoader Environment load took 79.4ns 
147413     WARN  main            d.u.i.k.n.ParsingFacade   /home/runner/work/key/key/key.core/../key.ui/examples/standard_key/unicode_test.key.proof took 1 ms to parse. 
147413     WARN  main            d.u.i.k.n.ParsingFacade   Parsing time 466 ms. 
147413     INFO  main            d.u.i.k.p.i.AbstractProblemLoader Creating init config 
148142     WARN  main            d.u.i.k.n.ParsingFacade   file:/home/runner/work/key/key/key.core/build/resources/main/de/uka/ilkd/key/java/JavaRedux/java/lang/String.key took 1 ms to parse. 
148142     WARN  main            d.u.i.k.n.ParsingFacade   Parsing time 467 ms. 
149705     DEBUG main            d.u.i.k.p.i.AbstractProblemLoader Init config took 2.29s 
149719     INFO  main            d.u.i.k.p.i.AbstractProblemLoader Replaying proof unicode_test.key.proof 
149721     DEBUG main            d.u.i.k.p.i.IntermediateProofReplayer Proof replay took 354.81ns 
149721     WARN  main            d.u.i.k.n.ParsingFacade   /home/runner/work/key/key/key.core/../key.ui/examples/standard_key/unicode_test.key.proof took 0 ms to parse. 
149721     WARN  main            d.u.i.k.n.ParsingFacade   Parsing time 467 ms. 
149722     DEBUG main            d.u.i.k.p.r.p.TestFile    ... success: reloaded. 
149722     INFO  main            d.u.i.k.p.r.p.TestFile    Now processing file /home/runner/work/key/key/key.core/../key.ui/examples/heap/strictlyModular/mayExpand.key 
149722     INFO  main            d.u.i.k.p.i.AbstractProblemLoader Loading environment from /home/runner/work/key/key/key.core/../key.ui/examples/heap/strictlyModular/mayExpand.key 
149722     DEBUG main            d.u.i.k.p.i.AbstractProblemLoader Environment load took 139.3ns 
149723     WARN  main            d.u.i.k.n.ParsingFacade   /home/runner/work/key/key/key.core/../key.ui/examples/heap/strictlyModular/mayExpand.key took 0 ms to parse. 
149723     WARN  main            d.u.i.k.n.ParsingFacade   Parsing time 467 ms. 
149724     INFO  main            d.u.i.k.p.i.AbstractProblemLoader Creating init config 
150516     WARN  main            d.u.i.k.n.ParsingFacade   file:/home/runner/work/key/key/key.core/build/resources/main/de/uka/ilkd/key/java/JavaRedux/java/lang/String.key took 1 ms to parse. 
150516     WARN  main            d.u.i.k.n.ParsingFacade   Parsing time 468 ms. 
152101     DEBUG main            d.u.i.k.p.i.AbstractProblemLoader Init config took 2.38s 
152136     INFO  main            d.u.i.k.p.i.AbstractProblemLoader Replaying proof Modular[Modular::m()].JML operation contract.0 
152138     DEBUG main            d.u.i.k.p.i.IntermediateProofReplayer Proof replay took 6.7ns 
152138     WARN  main            d.u.i.k.n.ParsingFacade   /home/runner/work/key/key/key.core/../key.ui/examples/heap/strictlyModular/mayExpand.key took 0 ms to parse. 
152138     WARN  main            d.u.i.k.n.ParsingFacade   Parsing time 468 ms. 
152240     INFO  main            d.u.i.k.p.r.p.TestFile    ... finished proof: closed. 
152532     INFO  main            d.u.i.k.p.i.AbstractProblemLoader Loading environment from /home/runner/work/key/key/key.core/../key.ui/examples/heap/strictlyModular/mayExpand.key.proof 
152532     DEBUG main            d.u.i.k.p.i.AbstractProblemLoader Environment load took 78ns 
152533     WARN  main            d.u.i.k.n.ParsingFacade   /home/runner/work/key/key/key.core/../key.ui/examples/heap/strictlyModular/mayExpand.key.proof took 0 ms to parse. 
152533     WARN  main            d.u.i.k.n.ParsingFacade   Parsing time 468 ms. 
152534     INFO  main            d.u.i.k.p.i.AbstractProblemLoader Creating init config 
153310     WARN  main            d.u.i.k.n.ParsingFacade   file:/home/runner/work/key/key/key.core/build/resources/main/de/uka/ilkd/key/java/JavaRedux/java/lang/String.key took 1 ms to parse. 
153310     WARN  main            d.u.i.k.n.ParsingFacade   Parsing time 469 ms. 
154864     DEBUG main            d.u.i.k.p.i.AbstractProblemLoader Init config took 2.33s 
154901     INFO  main            d.u.i.k.p.i.AbstractProblemLoader Replaying proof Modular[Modular::m()].JML operation contract.0 
154918     DEBUG main            d.u.i.k.p.i.IntermediateProofReplayer Proof replay took 15.17ms 
154919     WARN  main            d.u.i.k.n.ParsingFacade   /home/runner/work/key/key/key.core/../key.ui/examples/heap/strictlyModular/mayExpand.key.proof took 0 ms to parse. 
154919     WARN  main            d.u.i.k.n.ParsingFacade   Parsing time 469 ms. 
154920     DEBUG main            d.u.i.k.p.r.p.TestFile    ... success: reloaded. 
154921     INFO  main            d.u.i.k.p.r.p.TestFile    Now processing file /home/runner/work/key/key/key.core/../key.ui/examples/heap/strictlyModular/modularOnly.key 
154921     INFO  main            d.u.i.k.p.i.AbstractProblemLoader Loading environment from /home/runner/work/key/key/key.core/../key.ui/examples/heap/strictlyModular/modularOnly.key 
154921     DEBUG main            d.u.i.k.p.i.AbstractProblemLoader Environment load took 153.9ns 
154921     WARN  main            d.u.i.k.n.ParsingFacade   /home/runner/work/key/key/key.core/../key.ui/examples/heap/strictlyModular/modularOnly.key took 0 ms to parse. 
154921     WARN  main            d.u.i.k.n.ParsingFacade   Parsing time 469 ms. 
154922     INFO  main            d.u.i.k.p.i.AbstractProblemLoader Creating init config 
155723     WARN  main            d.u.i.k.n.ParsingFacade   file:/home/runner/work/key/key/key.core/build/resources/main/de/uka/ilkd/key/java/JavaRedux/java/lang/String.key took 2 ms to parse. 
155723     WARN  main            d.u.i.k.n.ParsingFacade   Parsing time 471 ms. 
157343     DEBUG main            d.u.i.k.p.i.AbstractProblemLoader Init config took 2.42s 
157379     INFO  main            d.u.i.k.p.i.AbstractProblemLoader Replaying proof Modular[Modular::m()].JML operation contract.0 
157380     DEBUG main            d.u.i.k.p.i.IntermediateProofReplayer Proof replay took 6ns 
157381     WARN  main            d.u.i.k.n.ParsingFacade   /home/runner/work/key/key/key.core/../key.ui/examples/heap/strictlyModular/modularOnly.key took 0 ms to parse. 
157381     WARN  main            d.u.i.k.n.ParsingFacade   Parsing time 471 ms. 
157484     INFO  main            d.u.i.k.p.r.p.TestFile    ... finished proof: open goal(s) 
1901935    INFO  Test worker     d.u.i.k.p.r.RunAllProofsTestUnit Returning from test simpleTests 
1901935    INFO  Test worker     d.u.i.k.p.r.RunAllProofsTestUnit Running test SmansEtAl 
352        INFO  Timeout watchdog d.u.i.k.p.r.p.ForkedTestFileRunner Timeout watcher launched (2000 secs.) 
364        WARN  main            d.u.i.k.s.ProofSettings   The settings in /home/runner/.key/proof-settings.props are *not* read. 
392        INFO  main            d.u.i.k.p.r.p.TestFile    Now processing file /home/runner/work/key/key/key.core/../key.ui/examples/heap/SmansEtAl/ArrayList_add.key 
495        INFO  main            d.u.i.k.p.i.AbstractProblemLoader Loading environment from /home/runner/work/key/key/key.core/../key.ui/examples/heap/SmansEtAl/ArrayList_add.key 
515        DEBUG main            d.u.i.k.p.i.AbstractProblemLoader Environment load took 1.76ms 
600        WARN  main            d.u.i.k.n.ParsingFacade   /home/runner/work/key/key/key.core/../key.ui/examples/heap/SmansEtAl/ArrayList_add.key took 11 ms to parse. 
600        WARN  main            d.u.i.k.n.ParsingFacade   Parsing time 11 ms. 
727        INFO  main            d.u.i.k.p.i.AbstractProblemLoader Creating init config 
736        WARN  main            d.u.i.k.n.ParsingFacade   file:/home/runner/work/key/key/key.core/build/resources/main/de/uka/ilkd/key/proof/rules/standardRules.key took 5 ms to parse. 
736        WARN  main            d.u.i.k.n.ParsingFacade   Parsing time 16 ms. 
747        WARN  main            d.u.i.k.n.ParsingFacade   file:/home/runner/work/key/key/key.core/build/resources/main/de/uka/ilkd/key/proof/rules/ldt.key took 1 ms to parse. 
747        WARN  main            d.u.i.k.n.ParsingFacade   Parsing time 17 ms. 
752        WARN  main            d.u.i.k.n.ParsingFacade   file:/home/runner/work/key/key/key.core/build/resources/main/de/uka/ilkd/key/proof/rules/boolean.key took 2 ms to parse. 
752        WARN  main            d.u.i.k.n.ParsingFacade   Parsing time 19 ms. 
771        WARN  main            d.u.i.k.n.ParsingFacade   file:/home/runner/work/key/key/key.core/build/resources/main/de/uka/ilkd/key/proof/rules/ruleSetsDeclarations.key took 10 ms to parse. 
771        WARN  main            d.u.i.k.n.ParsingFacade   Parsing time 29 ms. 
793        WARN  main            d.u.i.k.n.ParsingFacade   file:/home/runner/work/key/key/key.core/build/resources/main/de/uka/ilkd/key/proof/rules/integerHeader.key took 4 ms to parse. 
793        WARN  main            d.u.i.k.n.ParsingFacade   Parsing time 33 ms. 
795        WARN  main            d.u.i.k.n.ParsingFacade   file:/home/runner/work/key/key/key.core/build/resources/main/de/uka/ilkd/key/proof/rules/floatHeader.key took 1 ms to parse. 
795        WARN  main            d.u.i.k.n.ParsingFacade   Parsing time 34 ms. 
797        WARN  main            d.u.i.k.n.ParsingFacade   file:/home/runner/work/key/key/key.core/build/resources/main/de/uka/ilkd/key/proof/rules/heap.key took 1 ms to parse. 
797        WARN  main            d.u.i.k.n.ParsingFacade   Parsing time 35 ms. 
799        WARN  main            d.u.i.k.n.ParsingFacade   file:/home/runner/work/key/key/key.core/build/resources/main/de/uka/ilkd/key/proof/rules/locSets.key took 0 ms to parse. 
799        WARN  main            d.u.i.k.n.ParsingFacade   Parsing time 35 ms. 
800        WARN  main            d.u.i.k.n.ParsingFacade   file:/home/runner/work/key/key/key.core/build/resources/main/de/uka/ilkd/key/proof/rules/permission.key took 0 ms to parse. 
800        WARN  main            d.u.i.k.n.ParsingFacade   Parsing time 35 ms. 
801        WARN  main            d.u.i.k.n.ParsingFacade   file:/home/runner/work/key/key/key.core/build/resources/main/de/uka/ilkd/key/proof/rules/reach.key took 0 ms to parse. 
801        WARN  main            d.u.i.k.n.ParsingFacade   Parsing time 35 ms. 
802        WARN  main            d.u.i.k.n.ParsingFacade   file:/home/runner/work/key/key/key.core/build/resources/main/de/uka/ilkd/key/proof/rules/seq.key took 1 ms to parse. 
802        WARN  main            d.u.i.k.n.ParsingFacade   Parsing time 36 ms. 
825        WARN  main            d.u.i.k.n.ParsingFacade   file:/home/runner/work/key/key/key.core/build/resources/main/de/uka/ilkd/key/proof/rules/map.key took 23 ms to parse. 
825        WARN  main            d.u.i.k.n.ParsingFacade   Parsing time 59 ms. 
826        WARN  main            d.u.i.k.n.ParsingFacade   file:/home/runner/work/key/key/key.core/build/resources/main/de/uka/ilkd/key/proof/rules/freeADT.key took 0 ms to parse. 
826        WARN  main            d.u.i.k.n.ParsingFacade   Parsing time 59 ms. 
827        WARN  main            d.u.i.k.n.ParsingFacade   file:/home/runner/work/key/key/key.core/build/resources/main/de/uka/ilkd/key/proof/rules/wellfound.key took 0 ms to parse. 
827        WARN  main            d.u.i.k.n.ParsingFacade   Parsing time 59 ms. 
827        WARN  main            d.u.i.k.n.ParsingFacade   file:/home/runner/work/key/key/key.core/build/resources/main/de/uka/ilkd/key/proof/rules/charListHeader.key took 0 ms to parse. 
827        WARN  main            d.u.i.k.n.ParsingFacade   Parsing time 59 ms. 
972        WARN  main            d.u.i.k.n.ParsingFacade   file:/home/runner/work/key/key/key.core/build/resources/main/de/uka/ilkd/key/proof/rules/propRule.key took 4 ms to parse. 
972        WARN  main            d.u.i.k.n.ParsingFacade   Parsing time 63 ms. 
1021       WARN  main            d.u.i.k.n.ParsingFacade   file:/home/runner/work/key/key/key.core/build/resources/main/de/uka/ilkd/key/proof/rules/firstOrderRules.key took 12 ms to parse. 
1021       WARN  main            d.u.i.k.n.ParsingFacade   Parsing time 75 ms. 
1061       WARN  main            d.u.i.k.n.ParsingFacade   file:/home/runner/work/key/key/key.core/build/resources/main/de/uka/ilkd/key/proof/rules/ifThenElseRules.key took 13 ms to parse. 
1061       WARN  main            d.u.i.k.n.ParsingFacade   Parsing time 88 ms. 
1115       WARN  main            d.u.i.k.n.ParsingFacade   file:/home/runner/work/key/key/key.core/build/resources/main/de/uka/ilkd/key/proof/rules/formulaNormalisationRules.key took 25 ms to parse. 
1115       WARN  main            d.u.i.k.n.ParsingFacade   Parsing time 113 ms. 
1203       WARN  main            d.u.i.k.n.ParsingFacade   file:/home/runner/work/key/key/key.core/build/resources/main/de/uka/ilkd/key/proof/rules/updateRules.key took 6 ms to parse. 
1204       WARN  main            d.u.i.k.n.ParsingFacade   Parsing time 119 ms. 
1227       WARN  main            d.u.i.k.n.ParsingFacade   file:/home/runner/work/key/key/key.core/build/resources/main/de/uka/ilkd/key/proof/rules/integerRulesCommon.key took 3 ms to parse. 
1227       WARN  main            d.u.i.k.n.ParsingFacade   Parsing time 122 ms. 
1340       WARN  main            d.u.i.k.n.ParsingFacade   file:/home/runner/work/key/key/key.core/build/resources/main/de/uka/ilkd/key/proof/rules/intRules.key took 7 ms to parse. 
1341       WARN  main            d.u.i.k.n.ParsingFacade   Parsing time 129 ms. 
1372       WARN  main            d.u.i.k.n.ParsingFacade   file:/home/runner/work/key/key/key.core/build/resources/main/de/uka/ilkd/key/proof/rules/intRulesUncheckedSemantics.key took 2 ms to parse. 
1372       WARN  main            d.u.i.k.n.ParsingFacade   Parsing time 131 ms. 
1380       WARN  main            d.u.i.k.n.ParsingFacade   file:/home/runner/work/key/key/key.core/build/resources/main/de/uka/ilkd/key/proof/rules/intRulesCheckedSemantics.key took 1 ms to parse. 
1380       WARN  main            d.u.i.k.n.ParsingFacade   Parsing time 132 ms. 
1390       WARN  main            d.u.i.k.n.ParsingFacade   file:/home/runner/work/key/key/key.core/build/resources/main/de/uka/ilkd/key/proof/rules/intRulesJavaSemantics.key took 6 ms to parse. 
1390       WARN  main            d.u.i.k.n.ParsingFacade   Parsing time 138 ms. 
1453       WARN  main            d.u.i.k.n.ParsingFacade   file:/home/runner/work/key/key/key.core/build/resources/main/de/uka/ilkd/key/proof/rules/integerSimplificationRules.key took 50 ms to parse. 
1453       WARN  main            d.u.i.k.n.ParsingFacade   Parsing time 188 ms. 
1541       DEBUG main            d.u.i.k.j.TypeConverter   No LDT found for Meta 
1545       DEBUG main            d.u.i.k.j.TypeConverter   No LDT found for Meta 
1548       DEBUG main            d.u.i.k.j.TypeConverter   No LDT found for Meta 
1548       DEBUG main            d.u.i.k.j.TypeConverter   No LDT found for Meta 
1616       WARN  main            d.u.i.k.n.ParsingFacade   file:/home/runner/work/key/key/key.core/build/resources/main/de/uka/ilkd/key/proof/rules/intDiv.key took 6 ms to parse. 
1616       WARN  main            d.u.i.k.n.ParsingFacade   Parsing time 194 ms. 
1648       WARN  main            d.u.i.k.n.ParsingFacade   file:/home/runner/work/key/key/key.core/build/resources/main/de/uka/ilkd/key/proof/rules/bsum.key took 7 ms to parse. 
1649       WARN  main            d.u.i.k.n.ParsingFacade   Parsing time 201 ms. 
1673       WARN  main            d.u.i.k.n.ParsingFacade   file:/home/runner/work/key/key/key.core/build/resources/main/de/uka/ilkd/key/proof/rules/bprod.key took 2 ms to parse. 
1674       WARN  main            d.u.i.k.n.ParsingFacade   Parsing time 203 ms. 
1683       WARN  main            d.u.i.k.n.ParsingFacade   file:/home/runner/work/key/key/key.core/build/resources/main/de/uka/ilkd/key/proof/rules/binaryAxioms.key took 1 ms to parse. 
1683       WARN  main            d.u.i.k.n.ParsingFacade   Parsing time 204 ms. 
1686       WARN  main            d.u.i.k.n.ParsingFacade   file:/home/runner/work/key/key/key.core/build/resources/main/de/uka/ilkd/key/proof/rules/binaryLemmas.key took 0 ms to parse. 
1686       WARN  main            d.u.i.k.n.ParsingFacade   Parsing time 204 ms. 
1691       WARN  main            d.u.i.k.n.ParsingFacade   file:/home/runner/work/key/key/key.core/build/resources/main/de/uka/ilkd/key/proof/rules/intPow.key took 1 ms to parse. 
1692       WARN  main            d.u.i.k.n.ParsingFacade   Parsing time 205 ms. 
1723       WARN  main            d.u.i.k.n.ParsingFacade   file:/home/runner/work/key/key/key.core/build/resources/main/de/uka/ilkd/key/proof/rules/floatRulesCommon.key took 4 ms to parse. 
1723       WARN  main            d.u.i.k.n.ParsingFacade   Parsing time 209 ms. 
1734       WARN  main            d.u.i.k.n.ParsingFacade   file:/home/runner/work/key/key/key.core/build/resources/main/de/uka/ilkd/key/proof/rules/floatRules.key took 0 ms to parse. 
1734       WARN  main            d.u.i.k.n.ParsingFacade   Parsing time 209 ms. 
1735       WARN  main            d.u.i.k.n.ParsingFacade   file:/home/runner/work/key/key/key.core/build/resources/main/de/uka/ilkd/key/proof/rules/floatRulesVerifyNormal.key took 0 ms to parse. 
1735       WARN  main            d.u.i.k.n.ParsingFacade   Parsing time 209 ms. 
1741       WARN  main            d.u.i.k.n.ParsingFacade   file:/home/runner/work/key/key/key.core/build/resources/main/de/uka/ilkd/key/proof/rules/floatRulesAssumeStrictfp.key took 5 ms to parse. 
1741       WARN  main            d.u.i.k.n.ParsingFacade   Parsing time 214 ms. 
1775       WARN  main            d.u.i.k.n.ParsingFacade   file:/home/runner/work/key/key/key.core/build/resources/main/de/uka/ilkd/key/proof/rules/genericRules.key took 2 ms to parse. 
1775       WARN  main            d.u.i.k.n.ParsingFacade   Parsing time 216 ms. 
1786       WARN  main            d.u.i.k.n.ParsingFacade   file:/home/runner/work/key/key/key.core/build/resources/main/de/uka/ilkd/key/proof/rules/booleanRules.key took 1 ms to parse. 
1786       WARN  main            d.u.i.k.n.ParsingFacade   Parsing time 217 ms. 
1790       WARN  main            d.u.i.k.n.ParsingFacade   file:/home/runner/work/key/key/key.core/build/resources/main/de/uka/ilkd/key/proof/rules/epsilon.key took 1 ms to parse. 
1790       WARN  main            d.u.i.k.n.ParsingFacade   Parsing time 218 ms. 
1802       WARN  main            d.u.i.k.n.ParsingFacade   file:/home/runner/work/key/key/key.core/build/resources/main/de/uka/ilkd/key/proof/rules/locSetsRules.key took 10 ms to parse. 
1802       WARN  main            d.u.i.k.n.ParsingFacade   Parsing time 228 ms. 
1835       WARN  main            d.u.i.k.n.ParsingFacade   file:/home/runner/work/key/key/key.core/build/resources/main/de/uka/ilkd/key/proof/rules/heapRules.key took 7 ms to parse. 
1835       WARN  main            d.u.i.k.n.ParsingFacade   Parsing time 235 ms. 
1887       WARN  main            d.u.i.k.n.ParsingFacade   file:/home/runner/work/key/key/key.core/build/resources/main/de/uka/ilkd/key/proof/rules/permissionRules.key took 28 ms to parse. 
1887       WARN  main            d.u.i.k.n.ParsingFacade   Parsing time 263 ms. 
1904       WARN  main            d.u.i.k.n.ParsingFacade   file:/home/runner/work/key/key/key.core/build/resources/main/de/uka/ilkd/key/proof/rules/reachRules.key took 4 ms to parse. 
1904       WARN  main            d.u.i.k.n.ParsingFacade   Parsing time 267 ms. 
1914       WARN  main            d.u.i.k.n.ParsingFacade   file:/home/runner/work/key/key/key.core/build/resources/main/de/uka/ilkd/key/proof/rules/seqCoreRules.key took 0 ms to parse. 
1915       WARN  main            d.u.i.k.n.ParsingFacade   Parsing time 267 ms. 
1922       WARN  main            d.u.i.k.n.ParsingFacade   file:/home/runner/work/key/key/key.core/build/resources/main/de/uka/ilkd/key/proof/rules/seqRules.key took 5 ms to parse. 
1922       WARN  main            d.u.i.k.n.ParsingFacade   Parsing time 272 ms. 
1945       WARN  main            d.u.i.k.n.ParsingFacade   file:/home/runner/work/key/key/key.core/build/resources/main/de/uka/ilkd/key/proof/rules/seqPerm.key took 4 ms to parse. 
1945       WARN  main            d.u.i.k.n.ParsingFacade   Parsing time 276 ms. 
1958       WARN  main            d.u.i.k.n.ParsingFacade   file:/home/runner/work/key/key/key.core/build/resources/main/de/uka/ilkd/key/proof/rules/seqPerm2.key took 0 ms to parse. 
1958       WARN  main            d.u.i.k.n.ParsingFacade   Parsing time 276 ms. 
2022       WARN  main            d.u.i.k.n.ParsingFacade   file:/home/runner/work/key/key/key.core/build/resources/main/de/uka/ilkd/key/proof/rules/javaRules.key took 61 ms to parse. 
2022       WARN  main            d.u.i.k.n.ParsingFacade   Parsing time 337 ms. 
2030       WARN  main            d.u.i.k.n.ParsingFacade   file:/home/runner/work/key/key/key.core/build/resources/main/de/uka/ilkd/key/proof/rules/assertions.key took 1 ms to parse. 
2030       WARN  main            d.u.i.k.n.ParsingFacade   Parsing time 338 ms. 
2449       WARN  main            d.u.i.k.n.ParsingFacade   file:/home/runner/work/key/key/key.core/build/resources/main/de/uka/ilkd/key/proof/rules/loopRules.key took 1 ms to parse. 
2449       WARN  main            d.u.i.k.n.ParsingFacade   Parsing time 339 ms. 
2458       WARN  main            d.u.i.k.n.ParsingFacade   file:/home/runner/work/key/key/key.core/build/resources/main/de/uka/ilkd/key/proof/rules/activeUse.key took 2 ms to parse. 
2458       WARN  main            d.u.i.k.n.ParsingFacade   Parsing time 341 ms. 
2491       WARN  main            d.u.i.k.n.ParsingFacade   file:/home/runner/work/key/key/key.core/build/resources/main/de/uka/ilkd/key/proof/rules/instanceAllocation.key took 4 ms to parse. 
2491       WARN  main            d.u.i.k.n.ParsingFacade   Parsing time 345 ms. 
2501       WARN  main            d.u.i.k.n.ParsingFacade   file:/home/runner/work/key/key/key.core/build/resources/main/de/uka/ilkd/key/proof/rules/java5.key took 0 ms to parse. 
2501       WARN  main            d.u.i.k.n.ParsingFacade   Parsing time 345 ms. 
2506       WARN  main            d.u.i.k.n.ParsingFacade   file:/home/runner/work/key/key/key.core/build/resources/main/de/uka/ilkd/key/proof/rules/integerAssignment2UpdateRules.key took 3 ms to parse. 
2507       WARN  main            d.u.i.k.n.ParsingFacade   Parsing time 348 ms. 
2534       WARN  main            d.u.i.k.n.ParsingFacade   file:/home/runner/work/key/key/key.core/build/resources/main/de/uka/ilkd/key/proof/rules/floatAssignment2UpdateRules.key took 4 ms to parse. 
2534       WARN  main            d.u.i.k.n.ParsingFacade   Parsing time 352 ms. 
2553       WARN  main            d.u.i.k.n.ParsingFacade   file:/home/runner/work/key/key/key.core/build/resources/main/de/uka/ilkd/key/proof/rules/bigint.key took 2 ms to parse. 
2553       WARN  main            d.u.i.k.n.ParsingFacade   Parsing time 354 ms. 
2561       DEBUG main            d.u.i.k.j.TypeConverter   No LDT found for JavaBigintExpression 
2565       WARN  main            d.u.i.k.n.ParsingFacade   file:/home/runner/work/key/key/key.core/build/resources/main/de/uka/ilkd/key/proof/rules/adtProgramDecompositionRules.key took 1 ms to parse. 
2566       WARN  main            d.u.i.k.n.ParsingFacade   Parsing time 355 ms. 
2580       WARN  main            d.u.i.k.n.ParsingFacade   file:/home/runner/work/key/key/key.core/build/resources/main/de/uka/ilkd/key/proof/rules/precRules.key took 1 ms to parse. 
2580       WARN  main            d.u.i.k.n.ParsingFacade   Parsing time 356 ms. 
2605       WARN  main            d.u.i.k.n.ParsingFacade   file:/home/runner/work/key/key/key.core/build/resources/main/de/uka/ilkd/key/proof/rules/charListRules.key took 4 ms to parse. 
2605       WARN  main            d.u.i.k.n.ParsingFacade   Parsing time 360 ms. 
2614       WARN  main            d.u.i.k.n.ParsingFacade   file:/home/runner/work/key/key/key.core/build/resources/main/de/uka/ilkd/key/proof/rules/regExTheory.key took 0 ms to parse. 
2614       WARN  main            d.u.i.k.n.ParsingFacade   Parsing time 360 ms. 
2615       WARN  main            d.u.i.k.n.ParsingFacade   file:/home/runner/work/key/key/key.core/build/resources/main/de/uka/ilkd/key/proof/rules/regExHeader.key took 0 ms to parse. 
2615       WARN  main            d.u.i.k.n.ParsingFacade   Parsing time 360 ms. 
2616       WARN  main            d.u.i.k.n.ParsingFacade   file:/home/runner/work/key/key/key.core/build/resources/main/de/uka/ilkd/key/proof/rules/regExAxioms.key took 1 ms to parse. 
2616       WARN  main            d.u.i.k.n.ParsingFacade   Parsing time 361 ms. 
2620       WARN  main            d.u.i.k.n.ParsingFacade   file:/home/runner/work/key/key/key.core/build/resources/main/de/uka/ilkd/key/proof/rules/regExLemmaProven.key took 1 ms to parse. 
2620       WARN  main            d.u.i.k.n.ParsingFacade   Parsing time 362 ms. 
2624       WARN  main            d.u.i.k.n.ParsingFacade   file:/home/runner/work/key/key/key.core/build/resources/main/de/uka/ilkd/key/proof/rules/seqEq.key took 1 ms to parse. 
2624       WARN  main            d.u.i.k.n.ParsingFacade   Parsing time 363 ms. 
2630       WARN  main            d.u.i.k.n.ParsingFacade   file:/home/runner/work/key/key/key.core/build/resources/main/de/uka/ilkd/key/proof/rules/infFlow.key took 1 ms to parse. 
2630       WARN  main            d.u.i.k.n.ParsingFacade   Parsing time 364 ms. 
2633       WARN  main            d.u.i.k.n.ParsingFacade   file:/home/runner/work/key/key/key.core/build/resources/main/de/uka/ilkd/key/proof/rules/mapSize.key took 0 ms to parse. 
2634       WARN  main            d.u.i.k.n.ParsingFacade   Parsing time 364 ms. 
2636       WARN  main            d.u.i.k.n.ParsingFacade   file:/home/runner/work/key/key/key.core/build/resources/main/de/uka/ilkd/key/proof/rules/wd.key took 0 ms to parse. 
2636       WARN  main            d.u.i.k.n.ParsingFacade   Parsing time 364 ms. 
2638       WARN  main            d.u.i.k.n.ParsingFacade   file:/home/runner/work/key/key/key.core/build/resources/main/de/uka/ilkd/key/proof/rules/wdHeader.key took 0 ms to parse. 
2638       WARN  main            d.u.i.k.n.ParsingFacade   Parsing time 364 ms. 
2639       WARN  main            d.u.i.k.n.ParsingFacade   file:/home/runner/work/key/key/key.core/build/resources/main/de/uka/ilkd/key/proof/rules/wdGeneralRules.key took 1 ms to parse. 
2639       WARN  main            d.u.i.k.n.ParsingFacade   Parsing time 365 ms. 
2647       WARN  main            d.u.i.k.n.ParsingFacade   file:/home/runner/work/key/key/key.core/build/resources/main/de/uka/ilkd/key/proof/rules/wdNumericalRules.key took 4 ms to parse. 
2648       WARN  main            d.u.i.k.n.ParsingFacade   Parsing time 369 ms. 
2664       WARN  main            d.u.i.k.n.ParsingFacade   file:/home/runner/work/key/key/key.core/build/resources/main/de/uka/ilkd/key/proof/rules/wdLocSetRules.key took 1 ms to parse. 
2664       WARN  main            d.u.i.k.n.ParsingFacade   Parsing time 370 ms. 
2669       WARN  main            d.u.i.k.n.ParsingFacade   file:/home/runner/work/key/key/key.core/build/resources/main/de/uka/ilkd/key/proof/rules/wdHeapRules.key took 1 ms to parse. 
2669       WARN  main            d.u.i.k.n.ParsingFacade   Parsing time 371 ms. 
2672       WARN  main            d.u.i.k.n.ParsingFacade   file:/home/runner/work/key/key/key.core/build/resources/main/de/uka/ilkd/key/proof/rules/wdReachRules.key took 0 ms to parse. 
2672       WARN  main            d.u.i.k.n.ParsingFacade   Parsing time 371 ms. 
2674       WARN  main            d.u.i.k.n.ParsingFacade   file:/home/runner/work/key/key/key.core/build/resources/main/de/uka/ilkd/key/proof/rules/wdSeqRules.key took 1 ms to parse. 
2674       WARN  main            d.u.i.k.n.ParsingFacade   Parsing time 372 ms. 
2677       WARN  main            d.u.i.k.n.ParsingFacade   file:/home/runner/work/key/key/key.core/build/resources/main/de/uka/ilkd/key/proof/rules/wdStringRules.key took 1 ms to parse. 
2677       WARN  main            d.u.i.k.n.ParsingFacade   Parsing time 373 ms. 
2679       WARN  main            d.u.i.k.n.ParsingFacade   file:/home/runner/work/key/key/key.core/build/resources/main/de/uka/ilkd/key/proof/rules/wdRegExRules.key took 0 ms to parse. 
2680       WARN  main            d.u.i.k.n.ParsingFacade   Parsing time 373 ms. 
2684       WARN  main            d.u.i.k.n.ParsingFacade   file:/home/runner/work/key/key/key.core/build/resources/main/de/uka/ilkd/key/proof/rules/wdFormulaRules.key took 3 ms to parse. 
2684       WARN  main            d.u.i.k.n.ParsingFacade   Parsing time 376 ms. 
2693       WARN  main            d.u.i.k.n.ParsingFacade   file:/home/runner/work/key/key/key.core/build/resources/main/de/uka/ilkd/key/proof/rules/loopInvariantRules.key took 0 ms to parse. 
2693       WARN  main            d.u.i.k.n.ParsingFacade   Parsing time 376 ms. 
2694       WARN  main            d.u.i.k.n.ParsingFacade   file:/home/runner/work/key/key/key.core/build/resources/main/de/uka/ilkd/key/proof/rules/forLoopRules.key took 0 ms to parse. 
2695       WARN  main            d.u.i.k.n.ParsingFacade   Parsing time 376 ms. 
2699       WARN  main            d.u.i.k.n.ParsingFacade   file:/home/runner/work/key/key/key.core/build/resources/main/de/uka/ilkd/key/proof/rules/execRules.key took 3 ms to parse. 
2699       WARN  main            d.u.i.k.n.ParsingFacade   Parsing time 379 ms. 
2757       WARN  main            d.u.i.k.n.ParsingFacade   file:/home/runner/work/key/key/key.core/build/resources/main/de/uka/ilkd/key/proof/rules/loopScopeRules.key took 2 ms to parse. 
2758       WARN  main            d.u.i.k.n.ParsingFacade   Parsing time 381 ms. 
6382       WARN  main            d.u.i.k.n.ParsingFacade   file:/home/runner/work/key/key/key.core/build/resources/main/de/uka/ilkd/key/java/JavaRedux/java/lang/String.key took 3 ms to parse. 
6382       WARN  main            d.u.i.k.n.ParsingFacade   Parsing time 384 ms. 
8721       DEBUG main            d.u.i.k.p.i.AbstractProblemLoader Init config took 7.99s 
8883       INFO  main            d.u.i.k.p.i.AbstractProblemLoader Replaying proof ArrayList[ArrayList::add(java.lang.Object)].JML normal_behavior operation contract.0 
8920       DEBUG main            d.u.i.k.p.i.IntermediateProofReplayer Proof replay took 29.1ns 
8922       WARN  main            d.u.i.k.n.ParsingFacade   /home/runner/work/key/key/key.core/../key.ui/examples/heap/SmansEtAl/ArrayList_add.key took 0 ms to parse. 
8923       WARN  main            d.u.i.k.n.ParsingFacade   Parsing time 384 ms. 
16216      INFO  main            d.u.i.k.p.r.p.TestFile    ... finished proof: closed. 
16396      INFO  main            d.u.i.k.p.i.AbstractProblemLoader Loading environment from /home/runner/work/key/key/key.core/../key.ui/examples/heap/SmansEtAl/ArrayList_add.key.proof 
16396      DEBUG main            d.u.i.k.p.i.AbstractProblemLoader Environment load took 203.5ns 
16398      WARN  main            d.u.i.k.n.ParsingFacade   /home/runner/work/key/key/key.core/../key.ui/examples/heap/SmansEtAl/ArrayList_add.key.proof took 1 ms to parse. 
16398      WARN  main            d.u.i.k.n.ParsingFacade   Parsing time 385 ms. 
16399      INFO  main            d.u.i.k.p.i.AbstractProblemLoader Creating init config 
17509      WARN  main            d.u.i.k.n.ParsingFacade   file:/home/runner/work/key/key/key.core/build/resources/main/de/uka/ilkd/key/java/JavaRedux/java/lang/String.key took 2 ms to parse. 
17510      WARN  main            d.u.i.k.n.ParsingFacade   Parsing time 387 ms. 
19480      DEBUG main            d.u.i.k.p.i.AbstractProblemLoader Init config took 3.08s 
19557      INFO  main            d.u.i.k.p.i.AbstractProblemLoader Replaying proof ArrayList[ArrayList::add(java.lang.Object)].JML normal_behavior operation contract.0 
20594      DEBUG main            d.u.i.k.p.i.IntermediateProofReplayer Proof replay took 1.01s 
20596      WARN  main            d.u.i.k.n.ParsingFacade   /home/runner/work/key/key/key.core/../key.ui/examples/heap/SmansEtAl/ArrayList_add.key.proof took 0 ms to parse. 
20596      WARN  main            d.u.i.k.n.ParsingFacade   Parsing time 387 ms. 
20605      DEBUG main            d.u.i.k.p.r.p.TestFile    ... success: reloaded. 
20612      INFO  main            d.u.i.k.p.r.p.TestFile    Now processing file /home/runner/work/key/key/key.core/../key.ui/examples/heap/SmansEtAl/ArrayList_ArrayList.key 
20613      INFO  main            d.u.i.k.p.i.AbstractProblemLoader Loading environment from /home/runner/work/key/key/key.core/../key.ui/examples/heap/SmansEtAl/ArrayList_ArrayList.key 
20613      DEBUG main            d.u.i.k.p.i.AbstractProblemLoader Environment load took 203.2ns 
20614      WARN  main            d.u.i.k.n.ParsingFacade   /home/runner/work/key/key/key.core/../key.ui/examples/heap/SmansEtAl/ArrayList_ArrayList.key took 1 ms to parse. 
20614      WARN  main            d.u.i.k.n.ParsingFacade   Parsing time 388 ms. 
20617      INFO  main            d.u.i.k.p.i.AbstractProblemLoader Creating init config 
21735      WARN  main            d.u.i.k.n.ParsingFacade   file:/home/runner/work/key/key/key.core/build/resources/main/de/uka/ilkd/key/java/JavaRedux/java/lang/String.key took 1 ms to parse. 
21735      WARN  main            d.u.i.k.n.ParsingFacade   Parsing time 389 ms. 
23644      DEBUG main            d.u.i.k.p.i.AbstractProblemLoader Init config took 3.03s 
23695      INFO  main            d.u.i.k.p.i.AbstractProblemLoader Replaying proof ArrayList[ArrayList::ArrayList()].JML normal_behavior operation contract.0 
23698      DEBUG main            d.u.i.k.p.i.IntermediateProofReplayer Proof replay took 6.2ns 
23698      WARN  main            d.u.i.k.n.ParsingFacade   /home/runner/work/key/key/key.core/../key.ui/examples/heap/SmansEtAl/ArrayList_ArrayList.key took 0 ms to parse. 
23698      WARN  main            d.u.i.k.n.ParsingFacade   Parsing time 389 ms. 
24703      INFO  main            d.u.i.k.p.r.p.TestFile    ... finished proof: closed. 
24862      INFO  main            d.u.i.k.p.i.AbstractProblemLoader Loading environment from /home/runner/work/key/key/key.core/../key.ui/examples/heap/SmansEtAl/ArrayList_ArrayList.key.proof 
24863      DEBUG main            d.u.i.k.p.i.AbstractProblemLoader Environment load took 374.11ns 
24864      WARN  main            d.u.i.k.n.ParsingFacade   /home/runner/work/key/key/key.core/../key.ui/examples/heap/SmansEtAl/ArrayList_ArrayList.key.proof took 1 ms to parse. 
24864      WARN  main            d.u.i.k.n.ParsingFacade   Parsing time 390 ms. 
24865      INFO  main            d.u.i.k.p.i.AbstractProblemLoader Creating init config 
25847      WARN  main            d.u.i.k.n.ParsingFacade   file:/home/runner/work/key/key/key.core/build/resources/main/de/uka/ilkd/key/java/JavaRedux/java/lang/String.key took 1 ms to parse. 
25848      WARN  main            d.u.i.k.n.ParsingFacade   Parsing time 391 ms. 
27744      DEBUG main            d.u.i.k.p.i.AbstractProblemLoader Init config took 2.88s 
27789      INFO  main            d.u.i.k.p.i.AbstractProblemLoader Replaying proof ArrayList[ArrayList::ArrayList()].JML normal_behavior operation contract.0 
27946      DEBUG main            d.u.i.k.p.i.IntermediateProofReplayer Proof replay took 148.96ms 
27947      WARN  main            d.u.i.k.n.ParsingFacade   /home/runner/work/key/key/key.core/../key.ui/examples/heap/SmansEtAl/ArrayList_ArrayList.key.proof took 0 ms to parse. 
27947      WARN  main            d.u.i.k.n.ParsingFacade   Parsing time 391 ms. 
27948      DEBUG main            d.u.i.k.p.r.p.TestFile    ... success: reloaded. 
27950      INFO  main            d.u.i.k.p.r.p.TestFile    Now processing file /home/runner/work/key/key/key.core/../key.ui/examples/heap/SmansEtAl/ArrayList_footprint.key 
27950      INFO  main            d.u.i.k.p.i.AbstractProblemLoader Loading environment from /home/runner/work/key/key/key.core/../key.ui/examples/heap/SmansEtAl/ArrayList_footprint.key 
27950      DEBUG main            d.u.i.k.p.i.AbstractProblemLoader Environment load took 168.4ns 
27950      WARN  main            d.u.i.k.n.ParsingFacade   /home/runner/work/key/key/key.core/../key.ui/examples/heap/SmansEtAl/ArrayList_footprint.key took 0 ms to parse. 
27950      WARN  main            d.u.i.k.n.ParsingFacade   Parsing time 391 ms. 
27951      INFO  main            d.u.i.k.p.i.AbstractProblemLoader Creating init config 
28950      WARN  main            d.u.i.k.n.ParsingFacade   file:/home/runner/work/key/key/key.core/build/resources/main/de/uka/ilkd/key/java/JavaRedux/java/lang/String.key took 1 ms to parse. 
28950      WARN  main            d.u.i.k.n.ParsingFacade   Parsing time 392 ms. 
30815      DEBUG main            d.u.i.k.p.i.AbstractProblemLoader Init config took 2.86s 
30867      INFO  main            d.u.i.k.p.i.AbstractProblemLoader Replaying proof ArrayList[ArrayList::$footprint()].JML accessible clause.0 
30870      DEBUG main            d.u.i.k.p.i.IntermediateProofReplayer Proof replay took 5.8ns 
30871      WARN  main            d.u.i.k.n.ParsingFacade   /home/runner/work/key/key/key.core/../key.ui/examples/heap/SmansEtAl/ArrayList_footprint.key took 0 ms to parse. 
30871      WARN  main            d.u.i.k.n.ParsingFacade   Parsing time 392 ms. 
30973      INFO  main            d.u.i.k.p.r.p.TestFile    ... finished proof: closed. 
31119      INFO  main            d.u.i.k.p.i.AbstractProblemLoader Loading environment from /home/runner/work/key/key/key.core/../key.ui/examples/heap/SmansEtAl/ArrayList_footprint.key.proof 
31119      DEBUG main            d.u.i.k.p.i.AbstractProblemLoader Environment load took 122.2ns 
31119      WARN  main            d.u.i.k.n.ParsingFacade   /home/runner/work/key/key/key.core/../key.ui/examples/heap/SmansEtAl/ArrayList_footprint.key.proof took 0 ms to parse. 
31119      WARN  main            d.u.i.k.n.ParsingFacade   Parsing time 392 ms. 
31120      INFO  main            d.u.i.k.p.i.AbstractProblemLoader Creating init config 
32053      WARN  main            d.u.i.k.n.ParsingFacade   file:/home/runner/work/key/key/key.core/build/resources/main/de/uka/ilkd/key/java/JavaRedux/java/lang/String.key took 1 ms to parse. 
32053      WARN  main            d.u.i.k.n.ParsingFacade   Parsing time 393 ms. 
33928      DEBUG main            d.u.i.k.p.i.AbstractProblemLoader Init config took 2.81s 
33971      INFO  main            d.u.i.k.p.i.AbstractProblemLoader Replaying proof ArrayList[ArrayList::$footprint()].JML accessible clause.0 
33982      DEBUG main            d.u.i.k.p.i.IntermediateProofReplayer Proof replay took 9.62ms 
33983      WARN  main            d.u.i.k.n.ParsingFacade   /home/runner/work/key/key/key.core/../key.ui/examples/heap/SmansEtAl/ArrayList_footprint.key.proof took 0 ms to parse. 
33983      WARN  main            d.u.i.k.n.ParsingFacade   Parsing time 393 ms. 
33983      DEBUG main            d.u.i.k.p.r.p.TestFile    ... success: reloaded. 
33984      INFO  main            d.u.i.k.p.r.p.TestFile    Now processing file /home/runner/work/key/key/key.core/../key.ui/examples/heap/SmansEtAl/ArrayList_get_dep.key 
33985      INFO  main            d.u.i.k.p.i.AbstractProblemLoader Loading environment from /home/runner/work/key/key/key.core/../key.ui/examples/heap/SmansEtAl/ArrayList_get_dep.key 
33985      DEBUG main            d.u.i.k.p.i.AbstractProblemLoader Environment load took 96ns 
33985      WARN  main            d.u.i.k.n.ParsingFacade   /home/runner/work/key/key/key.core/../key.ui/examples/heap/SmansEtAl/ArrayList_get_dep.key took 0 ms to parse. 
33985      WARN  main            d.u.i.k.n.ParsingFacade   Parsing time 393 ms. 
33986      INFO  main            d.u.i.k.p.i.AbstractProblemLoader Creating init config 
34947      WARN  main            d.u.i.k.n.ParsingFacade   file:/home/runner/work/key/key/key.core/build/resources/main/de/uka/ilkd/key/java/JavaRedux/java/lang/String.key took 2 ms to parse. 
34947      WARN  main            d.u.i.k.n.ParsingFacade   Parsing time 395 ms. 
36787      DEBUG main            d.u.i.k.p.i.AbstractProblemLoader Init config took 2.8s 
36830      INFO  main            d.u.i.k.p.i.AbstractProblemLoader Replaying proof ArrayList[ArrayList::get(int)].JML accessible clause.0 
36832      DEBUG main            d.u.i.k.p.i.IntermediateProofReplayer Proof replay took 5.3ns 
36832      WARN  main            d.u.i.k.n.ParsingFacade   /home/runner/work/key/key/key.core/../key.ui/examples/heap/SmansEtAl/ArrayList_get_dep.key took 0 ms to parse. 
36832      WARN  main            d.u.i.k.n.ParsingFacade   Parsing time 395 ms. 
37135      INFO  main            d.u.i.k.p.r.p.TestFile    ... finished proof: closed. 
37298      INFO  main            d.u.i.k.p.i.AbstractProblemLoader Loading environment from /home/runner/work/key/key/key.core/../key.ui/examples/heap/SmansEtAl/ArrayList_get_dep.key.proof 
37298      DEBUG main            d.u.i.k.p.i.AbstractProblemLoader Environment load took 111.8ns 
37299      WARN  main            d.u.i.k.n.ParsingFacade   /home/runner/work/key/key/key.core/../key.ui/examples/heap/SmansEtAl/ArrayList_get_dep.key.proof took 0 ms to parse. 
37299      WARN  main            d.u.i.k.n.ParsingFacade   Parsing time 395 ms. 
37299      INFO  main            d.u.i.k.p.i.AbstractProblemLoader Creating init config 
38260      WARN  main            d.u.i.k.n.ParsingFacade   file:/home/runner/work/key/key/key.core/build/resources/main/de/uka/ilkd/key/java/JavaRedux/java/lang/String.key took 2 ms to parse. 
38260      WARN  main            d.u.i.k.n.ParsingFacade   Parsing time 397 ms. 
40123      DEBUG main            d.u.i.k.p.i.AbstractProblemLoader Init config took 2.82s 
40174      INFO  main            d.u.i.k.p.i.AbstractProblemLoader Replaying proof ArrayList[ArrayList::get(int)].JML accessible clause.0 
40235      DEBUG main            d.u.i.k.p.i.IntermediateProofReplayer Proof replay took 56.69ms 
40235      WARN  main            d.u.i.k.n.ParsingFacade   /home/runner/work/key/key/key.core/../key.ui/examples/heap/SmansEtAl/ArrayList_get_dep.key.proof took 0 ms to parse. 
40235      WARN  main            d.u.i.k.n.ParsingFacade   Parsing time 397 ms. 
40236      DEBUG main            d.u.i.k.p.r.p.TestFile    ... success: reloaded. 
40237      INFO  main            d.u.i.k.p.r.p.TestFile    Now processing file /home/runner/work/key/key/key.core/../key.ui/examples/heap/SmansEtAl/ArrayList_get.key 
40237      INFO  main            d.u.i.k.p.i.AbstractProblemLoader Loading environment from /home/runner/work/key/key/key.core/../key.ui/examples/heap/SmansEtAl/ArrayList_get.key 
40237      DEBUG main            d.u.i.k.p.i.AbstractProblemLoader Environment load took 101.8ns 
40237      WARN  main            d.u.i.k.n.ParsingFacade   /home/runner/work/key/key/key.core/../key.ui/examples/heap/SmansEtAl/ArrayList_get.key took 0 ms to parse. 
40238      WARN  main            d.u.i.k.n.ParsingFacade   Parsing time 397 ms. 
40238      INFO  main            d.u.i.k.p.i.AbstractProblemLoader Creating init config 
41200      WARN  main            d.u.i.k.n.ParsingFacade   file:/home/runner/work/key/key/key.core/build/resources/main/de/uka/ilkd/key/java/JavaRedux/java/lang/String.key took 2 ms to parse. 
41200      WARN  main            d.u.i.k.n.ParsingFacade   Parsing time 399 ms. 
43091      DEBUG main            d.u.i.k.p.i.AbstractProblemLoader Init config took 2.85s 
43133      INFO  main            d.u.i.k.p.i.AbstractProblemLoader Replaying proof ArrayList[ArrayList::get(int)].JML normal_behavior operation contract.0 
43134      DEBUG main            d.u.i.k.p.i.IntermediateProofReplayer Proof replay took 5.8ns 
43135      WARN  main            d.u.i.k.n.ParsingFacade   /home/runner/work/key/key/key.core/../key.ui/examples/heap/SmansEtAl/ArrayList_get.key took 0 ms to parse. 
43135      WARN  main            d.u.i.k.n.ParsingFacade   Parsing time 399 ms. 
43337      INFO  main            d.u.i.k.p.r.p.TestFile    ... finished proof: closed. 
43502      INFO  main            d.u.i.k.p.i.AbstractProblemLoader Loading environment from /home/runner/work/key/key/key.core/../key.ui/examples/heap/SmansEtAl/ArrayList_get.key.proof 
43502      DEBUG main            d.u.i.k.p.i.AbstractProblemLoader Environment load took 115.9ns 
43503      WARN  main            d.u.i.k.n.ParsingFacade   /home/runner/work/key/key/key.core/../key.ui/examples/heap/SmansEtAl/ArrayList_get.key.proof took 0 ms to parse. 
43503      WARN  main            d.u.i.k.n.ParsingFacade   Parsing time 399 ms. 
43503      INFO  main            d.u.i.k.p.i.AbstractProblemLoader Creating init config 
44439      WARN  main            d.u.i.k.n.ParsingFacade   file:/home/runner/work/key/key/key.core/build/resources/main/de/uka/ilkd/key/java/JavaRedux/java/lang/String.key took 1 ms to parse. 
44439      WARN  main            d.u.i.k.n.ParsingFacade   Parsing time 400 ms. 
46291      DEBUG main            d.u.i.k.p.i.AbstractProblemLoader Init config took 2.79s 
46334      INFO  main            d.u.i.k.p.i.AbstractProblemLoader Replaying proof ArrayList[ArrayList::get(int)].JML normal_behavior operation contract.0 
46365      DEBUG main            d.u.i.k.p.i.IntermediateProofReplayer Proof replay took 29.15ms 
46366      WARN  main            d.u.i.k.n.ParsingFacade   /home/runner/work/key/key/key.core/../key.ui/examples/heap/SmansEtAl/ArrayList_get.key.proof took 0 ms to parse. 
46366      WARN  main            d.u.i.k.n.ParsingFacade   Parsing time 400 ms. 
46367      DEBUG main            d.u.i.k.p.r.p.TestFile    ... success: reloaded. 
46368      INFO  main            d.u.i.k.p.r.p.TestFile    Now processing file /home/runner/work/key/key/key.core/../key.ui/examples/heap/SmansEtAl/ArrayList_inv.key 
46368      INFO  main            d.u.i.k.p.i.AbstractProblemLoader Loading environment from /home/runner/work/key/key/key.core/../key.ui/examples/heap/SmansEtAl/ArrayList_inv.key 
46368      DEBUG main            d.u.i.k.p.i.AbstractProblemLoader Environment load took 110ns 
46368      WARN  main            d.u.i.k.n.ParsingFacade   /home/runner/work/key/key/key.core/../key.ui/examples/heap/SmansEtAl/ArrayList_inv.key took 0 ms to parse. 
46368      WARN  main            d.u.i.k.n.ParsingFacade   Parsing time 400 ms. 
46369      INFO  main            d.u.i.k.p.i.AbstractProblemLoader Creating init config 
47300      WARN  main            d.u.i.k.n.ParsingFacade   file:/home/runner/work/key/key/key.core/build/resources/main/de/uka/ilkd/key/java/JavaRedux/java/lang/String.key took 2 ms to parse. 
47300      WARN  main            d.u.i.k.n.ParsingFacade   Parsing time 402 ms. 
49123      DEBUG main            d.u.i.k.p.i.AbstractProblemLoader Init config took 2.75s 
49175      INFO  main            d.u.i.k.p.i.AbstractProblemLoader Replaying proof ArrayList[java.lang.Object::<inv>()].JML accessible clause.0 
49177      DEBUG main            d.u.i.k.p.i.IntermediateProofReplayer Proof replay took 5.8ns 
49177      WARN  main            d.u.i.k.n.ParsingFacade   /home/runner/work/key/key/key.core/../key.ui/examples/heap/SmansEtAl/ArrayList_inv.key took 0 ms to parse. 
49177      WARN  main            d.u.i.k.n.ParsingFacade   Parsing time 402 ms. 
49282      INFO  main            d.u.i.k.p.r.p.TestFile    ... finished proof: closed. 
49442      INFO  main            d.u.i.k.p.i.AbstractProblemLoader Loading environment from /home/runner/work/key/key/key.core/../key.ui/examples/heap/SmansEtAl/ArrayList_inv.key.proof 
49442      DEBUG main            d.u.i.k.p.i.AbstractProblemLoader Environment load took 110.3ns 
49443      WARN  main            d.u.i.k.n.ParsingFacade   /home/runner/work/key/key/key.core/../key.ui/examples/heap/SmansEtAl/ArrayList_inv.key.proof took 0 ms to parse. 
49443      WARN  main            d.u.i.k.n.ParsingFacade   Parsing time 402 ms. 
49443      INFO  main            d.u.i.k.p.i.AbstractProblemLoader Creating init config 
50345      WARN  main            d.u.i.k.n.ParsingFacade   file:/home/runner/work/key/key/key.core/build/resources/main/de/uka/ilkd/key/java/JavaRedux/java/lang/String.key took 1 ms to parse. 
50346      WARN  main            d.u.i.k.n.ParsingFacade   Parsing time 403 ms. 
52159      DEBUG main            d.u.i.k.p.i.AbstractProblemLoader Init config took 2.72s 
52212      INFO  main            d.u.i.k.p.i.AbstractProblemLoader Replaying proof ArrayList[java.lang.Object::<inv>()].JML accessible clause.0 
52225      DEBUG main            d.u.i.k.p.i.IntermediateProofReplayer Proof replay took 10.76ms 
52225      WARN  main            d.u.i.k.n.ParsingFacade   /home/runner/work/key/key/key.core/../key.ui/examples/heap/SmansEtAl/ArrayList_inv.key.proof took 0 ms to parse. 
52225      WARN  main            d.u.i.k.n.ParsingFacade   Parsing time 403 ms. 
52226      DEBUG main            d.u.i.k.p.r.p.TestFile    ... success: reloaded. 
52227      INFO  main            d.u.i.k.p.r.p.TestFile    Now processing file /home/runner/work/key/key/key.core/../key.ui/examples/heap/SmansEtAl/ArrayList_size_dep.key 
52227      INFO  main            d.u.i.k.p.i.AbstractProblemLoader Loading environment from /home/runner/work/key/key/key.core/../key.ui/examples/heap/SmansEtAl/ArrayList_size_dep.key 
52227      DEBUG main            d.u.i.k.p.i.AbstractProblemLoader Environment load took 76.2ns 
52227      WARN  main            d.u.i.k.n.ParsingFacade   /home/runner/work/key/key/key.core/../key.ui/examples/heap/SmansEtAl/ArrayList_size_dep.key took 0 ms to parse. 
52227      WARN  main            d.u.i.k.n.ParsingFacade   Parsing time 403 ms. 
52228      INFO  main            d.u.i.k.p.i.AbstractProblemLoader Creating init config 
53149      WARN  main            d.u.i.k.n.ParsingFacade   file:/home/runner/work/key/key/key.core/build/resources/main/de/uka/ilkd/key/java/JavaRedux/java/lang/String.key took 1 ms to parse. 
53149      WARN  main            d.u.i.k.n.ParsingFacade   Parsing time 404 ms. 
55019      DEBUG main            d.u.i.k.p.i.AbstractProblemLoader Init config took 2.79s 
55059      INFO  main            d.u.i.k.p.i.AbstractProblemLoader Replaying proof ArrayList[ArrayList::size()].JML accessible clause.0 
55060      DEBUG main            d.u.i.k.p.i.IntermediateProofReplayer Proof replay took 6ns 
55061      WARN  main            d.u.i.k.n.ParsingFacade   /home/runner/work/key/key/key.core/../key.ui/examples/heap/SmansEtAl/ArrayList_size_dep.key took 0 ms to parse. 
55061      WARN  main            d.u.i.k.n.ParsingFacade   Parsing time 404 ms. 
55162      INFO  main            d.u.i.k.p.r.p.TestFile    ... finished proof: closed. 
55341      INFO  main            d.u.i.k.p.i.AbstractProblemLoader Loading environment from /home/runner/work/key/key/key.core/../key.ui/examples/heap/SmansEtAl/ArrayList_size_dep.key.proof 
55341      DEBUG main            d.u.i.k.p.i.AbstractProblemLoader Environment load took 475.61ns 
55342      WARN  main            d.u.i.k.n.ParsingFacade   /home/runner/work/key/key/key.core/../key.ui/examples/heap/SmansEtAl/ArrayList_size_dep.key.proof took 0 ms to parse. 
55342      WARN  main            d.u.i.k.n.ParsingFacade   Parsing time 404 ms. 
55342      INFO  main            d.u.i.k.p.i.AbstractProblemLoader Creating init config 
56239      WARN  main            d.u.i.k.n.ParsingFacade   file:/home/runner/work/key/key/key.core/build/resources/main/de/uka/ilkd/key/java/JavaRedux/java/lang/String.key took 1 ms to parse. 
56240      WARN  main            d.u.i.k.n.ParsingFacade   Parsing time 405 ms. 
58052      DEBUG main            d.u.i.k.p.i.AbstractProblemLoader Init config took 2.71s 
58089      INFO  main            d.u.i.k.p.i.AbstractProblemLoader Replaying proof ArrayList[ArrayList::size()].JML accessible clause.0 
58106      DEBUG main            d.u.i.k.p.i.IntermediateProofReplayer Proof replay took 14.85ms 
58106      WARN  main            d.u.i.k.n.ParsingFacade   /home/runner/work/key/key/key.core/../key.ui/examples/heap/SmansEtAl/ArrayList_size_dep.key.proof took 0 ms to parse. 
58106      WARN  main            d.u.i.k.n.ParsingFacade   Parsing time 405 ms. 
58107      DEBUG main            d.u.i.k.p.r.p.TestFile    ... success: reloaded. 
58108      INFO  main            d.u.i.k.p.r.p.TestFile    Now processing file /home/runner/work/key/key/key.core/../key.ui/examples/heap/SmansEtAl/ArrayList_size.key 
58108      INFO  main            d.u.i.k.p.i.AbstractProblemLoader Loading environment from /home/runner/work/key/key/key.core/../key.ui/examples/heap/SmansEtAl/ArrayList_size.key 
58108      DEBUG main            d.u.i.k.p.i.AbstractProblemLoader Environment load took 108.6ns 
58108      WARN  main            d.u.i.k.n.ParsingFacade   /home/runner/work/key/key/key.core/../key.ui/examples/heap/SmansEtAl/ArrayList_size.key took 0 ms to parse. 
58108      WARN  main            d.u.i.k.n.ParsingFacade   Parsing time 405 ms. 
58109      INFO  main            d.u.i.k.p.i.AbstractProblemLoader Creating init config 
59042      WARN  main            d.u.i.k.n.ParsingFacade   file:/home/runner/work/key/key/key.core/build/resources/main/de/uka/ilkd/key/java/JavaRedux/java/lang/String.key took 1 ms to parse. 
59043      WARN  main            d.u.i.k.n.ParsingFacade   Parsing time 406 ms. 
60869      DEBUG main            d.u.i.k.p.i.AbstractProblemLoader Init config took 2.76s 
60906      INFO  main            d.u.i.k.p.i.AbstractProblemLoader Replaying proof ArrayList[ArrayList::size()].JML normal_behavior operation contract.0 
60907      DEBUG main            d.u.i.k.p.i.IntermediateProofReplayer Proof replay took 6.1ns 
60908      WARN  main            d.u.i.k.n.ParsingFacade   /home/runner/work/key/key/key.core/../key.ui/examples/heap/SmansEtAl/ArrayList_size.key took 0 ms to parse. 
60908      WARN  main            d.u.i.k.n.ParsingFacade   Parsing time 406 ms. 
61012      INFO  main            d.u.i.k.p.r.p.TestFile    ... finished proof: closed. 
61182      INFO  main            d.u.i.k.p.i.AbstractProblemLoader Loading environment from /home/runner/work/key/key/key.core/../key.ui/examples/heap/SmansEtAl/ArrayList_size.key.proof 
61182      DEBUG main            d.u.i.k.p.i.AbstractProblemLoader Environment load took 104.5ns 
61182      WARN  main            d.u.i.k.n.ParsingFacade   /home/runner/work/key/key/key.core/../key.ui/examples/heap/SmansEtAl/ArrayList_size.key.proof took 0 ms to parse. 
61182      WARN  main            d.u.i.k.n.ParsingFacade   Parsing time 406 ms. 
61183      INFO  main            d.u.i.k.p.i.AbstractProblemLoader Creating init config 
62081      WARN  main            d.u.i.k.n.ParsingFacade   file:/home/runner/work/key/key/key.core/build/resources/main/de/uka/ilkd/key/java/JavaRedux/java/lang/String.key took 2 ms to parse. 
62081      WARN  main            d.u.i.k.n.ParsingFacade   Parsing time 408 ms. 
63909      DEBUG main            d.u.i.k.p.i.AbstractProblemLoader Init config took 2.73s 
63945      INFO  main            d.u.i.k.p.i.AbstractProblemLoader Replaying proof ArrayList[ArrayList::size()].JML normal_behavior operation contract.0 
63960      DEBUG main            d.u.i.k.p.i.IntermediateProofReplayer Proof replay took 13.41ms 
63961      WARN  main            d.u.i.k.n.ParsingFacade   /home/runner/work/key/key/key.core/../key.ui/examples/heap/SmansEtAl/ArrayList_size.key.proof took 0 ms to parse. 
63961      WARN  main            d.u.i.k.n.ParsingFacade   Parsing time 408 ms. 
63961      DEBUG main            d.u.i.k.p.r.p.TestFile    ... success: reloaded. 
63962      INFO  main            d.u.i.k.p.r.p.TestFile    Now processing file /home/runner/work/key/key/key.core/../key.ui/examples/heap/SmansEtAl/Cell_Cell.key 
63963      INFO  main            d.u.i.k.p.i.AbstractProblemLoader Loading environment from /home/runner/work/key/key/key.core/../key.ui/examples/heap/SmansEtAl/Cell_Cell.key 
63963      DEBUG main            d.u.i.k.p.i.AbstractProblemLoader Environment load took 73.4ns 
63963      WARN  main            d.u.i.k.n.ParsingFacade   /home/runner/work/key/key/key.core/../key.ui/examples/heap/SmansEtAl/Cell_Cell.key took 0 ms to parse. 
63963      WARN  main            d.u.i.k.n.ParsingFacade   Parsing time 408 ms. 
63964      INFO  main            d.u.i.k.p.i.AbstractProblemLoader Creating init config 
64898      WARN  main            d.u.i.k.n.ParsingFacade   file:/home/runner/work/key/key/key.core/build/resources/main/de/uka/ilkd/key/java/JavaRedux/java/lang/String.key took 1 ms to parse. 
64899      WARN  main            d.u.i.k.n.ParsingFacade   Parsing time 409 ms. 
66754      DEBUG main            d.u.i.k.p.i.AbstractProblemLoader Init config took 2.79s 
66789      INFO  main            d.u.i.k.p.i.AbstractProblemLoader Replaying proof Cell[Cell::Cell()].JML normal_behavior operation contract.0 
66790      DEBUG main            d.u.i.k.p.i.IntermediateProofReplayer Proof replay took 5.5ns 
66791      WARN  main            d.u.i.k.n.ParsingFacade   /home/runner/work/key/key/key.core/../key.ui/examples/heap/SmansEtAl/Cell_Cell.key took 0 ms to parse. 
66791      WARN  main            d.u.i.k.n.ParsingFacade   Parsing time 409 ms. 
66993      INFO  main            d.u.i.k.p.r.p.TestFile    ... finished proof: closed. 
67181      INFO  main            d.u.i.k.p.i.AbstractProblemLoader Loading environment from /home/runner/work/key/key/key.core/../key.ui/examples/heap/SmansEtAl/Cell_Cell.key.proof 
67181      DEBUG main            d.u.i.k.p.i.AbstractProblemLoader Environment load took 100.2ns 
67181      WARN  main            d.u.i.k.n.ParsingFacade   /home/runner/work/key/key/key.core/../key.ui/examples/heap/SmansEtAl/Cell_Cell.key.proof took 0 ms to parse. 
67182      WARN  main            d.u.i.k.n.ParsingFacade   Parsing time 409 ms. 
67182      INFO  main            d.u.i.k.p.i.AbstractProblemLoader Creating init config 
68081      WARN  main            d.u.i.k.n.ParsingFacade   file:/home/runner/work/key/key/key.core/build/resources/main/de/uka/ilkd/key/java/JavaRedux/java/lang/String.key took 1 ms to parse. 
68082      WARN  main            d.u.i.k.n.ParsingFacade   Parsing time 410 ms. 
69855      DEBUG main            d.u.i.k.p.i.AbstractProblemLoader Init config took 2.67s 
69907      INFO  main            d.u.i.k.p.i.AbstractProblemLoader Replaying proof Cell[Cell::Cell()].JML normal_behavior operation contract.0 
69974      DEBUG main            d.u.i.k.p.i.IntermediateProofReplayer Proof replay took 50.77ms 
69975      WARN  main            d.u.i.k.n.ParsingFacade   /home/runner/work/key/key/key.core/../key.ui/examples/heap/SmansEtAl/Cell_Cell.key.proof took 0 ms to parse. 
69975      WARN  main            d.u.i.k.n.ParsingFacade   Parsing time 410 ms. 
69976      DEBUG main            d.u.i.k.p.r.p.TestFile    ... success: reloaded. 
69977      INFO  main            d.u.i.k.p.r.p.TestFile    Now processing file /home/runner/work/key/key/key.core/../key.ui/examples/heap/SmansEtAl/Cell_footprint.key 
69978      INFO  main            d.u.i.k.p.i.AbstractProblemLoader Loading environment from /home/runner/work/key/key/key.core/../key.ui/examples/heap/SmansEtAl/Cell_footprint.key 
69978      DEBUG main            d.u.i.k.p.i.AbstractProblemLoader Environment load took 159.6ns 
69978      WARN  main            d.u.i.k.n.ParsingFacade   /home/runner/work/key/key/key.core/../key.ui/examples/heap/SmansEtAl/Cell_footprint.key took 0 ms to parse. 
69978      WARN  main            d.u.i.k.n.ParsingFacade   Parsing time 410 ms. 
69979      INFO  main            d.u.i.k.p.i.AbstractProblemLoader Creating init config 
70901      WARN  main            d.u.i.k.n.ParsingFacade   file:/home/runner/work/key/key/key.core/build/resources/main/de/uka/ilkd/key/java/JavaRedux/java/lang/String.key took 2 ms to parse. 
70901      WARN  main            d.u.i.k.n.ParsingFacade   Parsing time 412 ms. 
72770      DEBUG main            d.u.i.k.p.i.AbstractProblemLoader Init config took 2.79s 
72803      INFO  main            d.u.i.k.p.i.AbstractProblemLoader Replaying proof Cell[Cell::$footprint()].JML accessible clause.0 
72805      DEBUG main            d.u.i.k.p.i.IntermediateProofReplayer Proof replay took 6.2ns 
72805      WARN  main            d.u.i.k.n.ParsingFacade   /home/runner/work/key/key/key.core/../key.ui/examples/heap/SmansEtAl/Cell_footprint.key took 0 ms to parse. 
72805      WARN  main            d.u.i.k.n.ParsingFacade   Parsing time 412 ms. 
72910      INFO  main            d.u.i.k.p.r.p.TestFile    ... finished proof: closed. 
73096      INFO  main            d.u.i.k.p.i.AbstractProblemLoader Loading environment from /home/runner/work/key/key/key.core/../key.ui/examples/heap/SmansEtAl/Cell_footprint.key.proof 
73096      DEBUG main            d.u.i.k.p.i.AbstractProblemLoader Environment load took 99.8ns 
73096      WARN  main            d.u.i.k.n.ParsingFacade   /home/runner/work/key/key/key.core/../key.ui/examples/heap/SmansEtAl/Cell_footprint.key.proof took 0 ms to parse. 
73096      WARN  main            d.u.i.k.n.ParsingFacade   Parsing time 412 ms. 
73097      INFO  main            d.u.i.k.p.i.AbstractProblemLoader Creating init config 
73994      WARN  main            d.u.i.k.n.ParsingFacade   file:/home/runner/work/key/key/key.core/build/resources/main/de/uka/ilkd/key/java/JavaRedux/java/lang/String.key took 1 ms to parse. 
73995      WARN  main            d.u.i.k.n.ParsingFacade   Parsing time 413 ms. 
75804      DEBUG main            d.u.i.k.p.i.AbstractProblemLoader Init config took 2.71s 
75843      INFO  main            d.u.i.k.p.i.AbstractProblemLoader Replaying proof Cell[Cell::$footprint()].JML accessible clause.0 
75851      DEBUG main            d.u.i.k.p.i.IntermediateProofReplayer Proof replay took 6.01ms 
75853      WARN  main            d.u.i.k.n.ParsingFacade   /home/runner/work/key/key/key.core/../key.ui/examples/heap/SmansEtAl/Cell_footprint.key.proof took 0 ms to parse. 
75854      WARN  main            d.u.i.k.n.ParsingFacade   Parsing time 413 ms. 
75854      DEBUG main            d.u.i.k.p.r.p.TestFile    ... success: reloaded. 
75855      INFO  main            d.u.i.k.p.r.p.TestFile    Now processing file /home/runner/work/key/key/key.core/../key.ui/examples/heap/SmansEtAl/Cell_getX_dep.key 
75856      INFO  main            d.u.i.k.p.i.AbstractProblemLoader Loading environment from /home/runner/work/key/key/key.core/../key.ui/examples/heap/SmansEtAl/Cell_getX_dep.key 
75856      DEBUG main            d.u.i.k.p.i.AbstractProblemLoader Environment load took 158.5ns 
75856      WARN  main            d.u.i.k.n.ParsingFacade   /home/runner/work/key/key/key.core/../key.ui/examples/heap/SmansEtAl/Cell_getX_dep.key took 0 ms to parse. 
75856      WARN  main            d.u.i.k.n.ParsingFacade   Parsing time 413 ms. 
75857      INFO  main            d.u.i.k.p.i.AbstractProblemLoader Creating init config 
76777      WARN  main            d.u.i.k.n.ParsingFacade   file:/home/runner/work/key/key/key.core/build/resources/main/de/uka/ilkd/key/java/JavaRedux/java/lang/String.key took 1 ms to parse. 
76777      WARN  main            d.u.i.k.n.ParsingFacade   Parsing time 414 ms. 
78575      DEBUG main            d.u.i.k.p.i.AbstractProblemLoader Init config took 2.72s 
78607      INFO  main            d.u.i.k.p.i.AbstractProblemLoader Replaying proof Cell[Cell::getX()].JML accessible clause.0 
78609      DEBUG main            d.u.i.k.p.i.IntermediateProofReplayer Proof replay took 6ns 
78609      WARN  main            d.u.i.k.n.ParsingFacade   /home/runner/work/key/key/key.core/../key.ui/examples/heap/SmansEtAl/Cell_getX_dep.key took 0 ms to parse. 
78609      WARN  main            d.u.i.k.n.ParsingFacade   Parsing time 414 ms. 
78711      INFO  main            d.u.i.k.p.r.p.TestFile    ... finished proof: closed. 
78925      INFO  main            d.u.i.k.p.i.AbstractProblemLoader Loading environment from /home/runner/work/key/key/key.core/../key.ui/examples/heap/SmansEtAl/Cell_getX_dep.key.proof 
78925      DEBUG main            d.u.i.k.p.i.AbstractProblemLoader Environment load took 99.5ns 
78925      WARN  main            d.u.i.k.n.ParsingFacade   /home/runner/work/key/key/key.core/../key.ui/examples/heap/SmansEtAl/Cell_getX_dep.key.proof took 0 ms to parse. 
78925      WARN  main            d.u.i.k.n.ParsingFacade   Parsing time 414 ms. 
78926      INFO  main            d.u.i.k.p.i.AbstractProblemLoader Creating init config 
79831      WARN  main            d.u.i.k.n.ParsingFacade   file:/home/runner/work/key/key/key.core/build/resources/main/de/uka/ilkd/key/java/JavaRedux/java/lang/String.key took 1 ms to parse. 
79831      WARN  main            d.u.i.k.n.ParsingFacade   Parsing time 415 ms. 
81654      DEBUG main            d.u.i.k.p.i.AbstractProblemLoader Init config took 2.73s 
81687      INFO  main            d.u.i.k.p.i.AbstractProblemLoader Replaying proof Cell[Cell::getX()].JML accessible clause.0 
81701      DEBUG main            d.u.i.k.p.i.IntermediateProofReplayer Proof replay took 12.45ms 
81702      WARN  main            d.u.i.k.n.ParsingFacade   /home/runner/work/key/key/key.core/../key.ui/examples/heap/SmansEtAl/Cell_getX_dep.key.proof took 0 ms to parse. 
81702      WARN  main            d.u.i.k.n.ParsingFacade   Parsing time 415 ms. 
81703      DEBUG main            d.u.i.k.p.r.p.TestFile    ... success: reloaded. 
81704      INFO  main            d.u.i.k.p.r.p.TestFile    Now processing file /home/runner/work/key/key/key.core/../key.ui/examples/heap/SmansEtAl/Cell_getX.key 
81704      INFO  main            d.u.i.k.p.i.AbstractProblemLoader Loading environment from /home/runner/work/key/key/key.core/../key.ui/examples/heap/SmansEtAl/Cell_getX.key 
81704      DEBUG main            d.u.i.k.p.i.AbstractProblemLoader Environment load took 157.1ns 
81704      WARN  main            d.u.i.k.n.ParsingFacade   /home/runner/work/key/key/key.core/../key.ui/examples/heap/SmansEtAl/Cell_getX.key took 0 ms to parse. 
81705      WARN  main            d.u.i.k.n.ParsingFacade   Parsing time 415 ms. 
81705      INFO  main            d.u.i.k.p.i.AbstractProblemLoader Creating init config 
82629      WARN  main            d.u.i.k.n.ParsingFacade   file:/home/runner/work/key/key/key.core/build/resources/main/de/uka/ilkd/key/java/JavaRedux/java/lang/String.key took 1 ms to parse. 
82630      WARN  main            d.u.i.k.n.ParsingFacade   Parsing time 416 ms. 
84393      DEBUG main            d.u.i.k.p.i.AbstractProblemLoader Init config took 2.69s 
84425      INFO  main            d.u.i.k.p.i.AbstractProblemLoader Replaying proof Cell[Cell::getX()].JML normal_behavior operation contract.0 
84427      DEBUG main            d.u.i.k.p.i.IntermediateProofReplayer Proof replay took 6ns 
84427      WARN  main            d.u.i.k.n.ParsingFacade   /home/runner/work/key/key/key.core/../key.ui/examples/heap/SmansEtAl/Cell_getX.key took 0 ms to parse. 
84427      WARN  main            d.u.i.k.n.ParsingFacade   Parsing time 416 ms. 
84530      INFO  main            d.u.i.k.p.r.p.TestFile    ... finished proof: closed. 
84731      INFO  main            d.u.i.k.p.i.AbstractProblemLoader Loading environment from /home/runner/work/key/key/key.core/../key.ui/examples/heap/SmansEtAl/Cell_getX.key.proof 
84731      DEBUG main            d.u.i.k.p.i.AbstractProblemLoader Environment load took 119.6ns 
84731      WARN  main            d.u.i.k.n.ParsingFacade   /home/runner/work/key/key/key.core/../key.ui/examples/heap/SmansEtAl/Cell_getX.key.proof took 0 ms to parse. 
84731      WARN  main            d.u.i.k.n.ParsingFacade   Parsing time 416 ms. 
84732      INFO  main            d.u.i.k.p.i.AbstractProblemLoader Creating init config 
85626      WARN  main            d.u.i.k.n.ParsingFacade   file:/home/runner/work/key/key/key.core/build/resources/main/de/uka/ilkd/key/java/JavaRedux/java/lang/String.key took 1 ms to parse. 
85626      WARN  main            d.u.i.k.n.ParsingFacade   Parsing time 417 ms. 
87388      DEBUG main            d.u.i.k.p.i.AbstractProblemLoader Init config took 2.66s 
87421      INFO  main            d.u.i.k.p.i.AbstractProblemLoader Replaying proof Cell[Cell::getX()].JML normal_behavior operation contract.0 
87435      DEBUG main            d.u.i.k.p.i.IntermediateProofReplayer Proof replay took 12.34ms 
87436      WARN  main            d.u.i.k.n.ParsingFacade   /home/runner/work/key/key/key.core/../key.ui/examples/heap/SmansEtAl/Cell_getX.key.proof took 0 ms to parse. 
87436      WARN  main            d.u.i.k.n.ParsingFacade   Parsing time 417 ms. 
87436      DEBUG main            d.u.i.k.p.r.p.TestFile    ... success: reloaded. 
87437      INFO  main            d.u.i.k.p.r.p.TestFile    Now processing file /home/runner/work/key/key/key.core/../key.ui/examples/heap/SmansEtAl/Cell_inv.key 
87438      INFO  main            d.u.i.k.p.i.AbstractProblemLoader Loading environment from /home/runner/work/key/key/key.core/../key.ui/examples/heap/SmansEtAl/Cell_inv.key 
87438      DEBUG main            d.u.i.k.p.i.AbstractProblemLoader Environment load took 156.5ns 
87438      WARN  main            d.u.i.k.n.ParsingFacade   /home/runner/work/key/key/key.core/../key.ui/examples/heap/SmansEtAl/Cell_inv.key took 0 ms to parse. 
87438      WARN  main            d.u.i.k.n.ParsingFacade   Parsing time 417 ms. 
87439      INFO  main            d.u.i.k.p.i.AbstractProblemLoader Creating init config 
88355      WARN  main            d.u.i.k.n.ParsingFacade   file:/home/runner/work/key/key/key.core/build/resources/main/de/uka/ilkd/key/java/JavaRedux/java/lang/String.key took 1 ms to parse. 
88356      WARN  main            d.u.i.k.n.ParsingFacade   Parsing time 418 ms. 
90195      DEBUG main            d.u.i.k.p.i.AbstractProblemLoader Init config took 2.76s 
90233      INFO  main            d.u.i.k.p.i.AbstractProblemLoader Replaying proof Cell[java.lang.Object::<inv>()].JML accessible clause.0 
90236      DEBUG main            d.u.i.k.p.i.IntermediateProofReplayer Proof replay took 7.4ns 
90237      WARN  main            d.u.i.k.n.ParsingFacade   /home/runner/work/key/key/key.core/../key.ui/examples/heap/SmansEtAl/Cell_inv.key took 0 ms to parse. 
90237      WARN  main            d.u.i.k.n.ParsingFacade   Parsing time 418 ms. 
90338      INFO  main            d.u.i.k.p.r.p.TestFile    ... finished proof: closed. 
90543      INFO  main            d.u.i.k.p.i.AbstractProblemLoader Loading environment from /home/runner/work/key/key/key.core/../key.ui/examples/heap/SmansEtAl/Cell_inv.key.proof 
90543      DEBUG main            d.u.i.k.p.i.AbstractProblemLoader Environment load took 99.2ns 
90543      WARN  main            d.u.i.k.n.ParsingFacade   /home/runner/work/key/key/key.core/../key.ui/examples/heap/SmansEtAl/Cell_inv.key.proof took 0 ms to parse. 
90543      WARN  main            d.u.i.k.n.ParsingFacade   Parsing time 418 ms. 
90544      INFO  main            d.u.i.k.p.i.AbstractProblemLoader Creating init config 
91430      WARN  main            d.u.i.k.n.ParsingFacade   file:/home/runner/work/key/key/key.core/build/resources/main/de/uka/ilkd/key/java/JavaRedux/java/lang/String.key took 1 ms to parse. 
91431      WARN  main            d.u.i.k.n.ParsingFacade   Parsing time 419 ms. 
93193      DEBUG main            d.u.i.k.p.i.AbstractProblemLoader Init config took 2.65s 
93225      INFO  main            d.u.i.k.p.i.AbstractProblemLoader Replaying proof Cell[java.lang.Object::<inv>()].JML accessible clause.0 
93228      DEBUG main            d.u.i.k.p.i.IntermediateProofReplayer Proof replay took 1.6ms 
93228      WARN  main            d.u.i.k.n.ParsingFacade   /home/runner/work/key/key/key.core/../key.ui/examples/heap/SmansEtAl/Cell_inv.key.proof took 0 ms to parse. 
93228      WARN  main            d.u.i.k.n.ParsingFacade   Parsing time 419 ms. 
93229      DEBUG main            d.u.i.k.p.r.p.TestFile    ... success: reloaded. 
93229      INFO  main            d.u.i.k.p.r.p.TestFile    Now processing file /home/runner/work/key/key/key.core/../key.ui/examples/heap/SmansEtAl/Cell_setX.key 
93230      INFO  main            d.u.i.k.p.i.AbstractProblemLoader Loading environment from /home/runner/work/key/key/key.core/../key.ui/examples/heap/SmansEtAl/Cell_setX.key 
93230      DEBUG main            d.u.i.k.p.i.AbstractProblemLoader Environment load took 78.6ns 
93230      WARN  main            d.u.i.k.n.ParsingFacade   /home/runner/work/key/key/key.core/../key.ui/examples/heap/SmansEtAl/Cell_setX.key took 0 ms to parse. 
93230      WARN  main            d.u.i.k.n.ParsingFacade   Parsing time 419 ms. 
93231      INFO  main            d.u.i.k.p.i.AbstractProblemLoader Creating init config 
94157      WARN  main            d.u.i.k.n.ParsingFacade   file:/home/runner/work/key/key/key.core/build/resources/main/de/uka/ilkd/key/java/JavaRedux/java/lang/String.key took 2 ms to parse. 
94157      WARN  main            d.u.i.k.n.ParsingFacade   Parsing time 421 ms. 
95985      DEBUG main            d.u.i.k.p.i.AbstractProblemLoader Init config took 2.75s 
96018      INFO  main            d.u.i.k.p.i.AbstractProblemLoader Replaying proof Cell[Cell::setX(int)].JML normal_behavior operation contract.0 
96019      DEBUG main            d.u.i.k.p.i.IntermediateProofReplayer Proof replay took 5.9ns 
96019      WARN  main            d.u.i.k.n.ParsingFacade   /home/runner/work/key/key/key.core/../key.ui/examples/heap/SmansEtAl/Cell_setX.key took 0 ms to parse. 
96019      WARN  main            d.u.i.k.n.ParsingFacade   Parsing time 421 ms. 
96121      INFO  main            d.u.i.k.p.r.p.TestFile    ... finished proof: closed. 
96337      INFO  main            d.u.i.k.p.i.AbstractProblemLoader Loading environment from /home/runner/work/key/key/key.core/../key.ui/examples/heap/SmansEtAl/Cell_setX.key.proof 
96337      DEBUG main            d.u.i.k.p.i.AbstractProblemLoader Environment load took 97.4ns 
96337      WARN  main            d.u.i.k.n.ParsingFacade   /home/runner/work/key/key/key.core/../key.ui/examples/heap/SmansEtAl/Cell_setX.key.proof took 0 ms to parse. 
96337      WARN  main            d.u.i.k.n.ParsingFacade   Parsing time 421 ms. 
96338      INFO  main            d.u.i.k.p.i.AbstractProblemLoader Creating init config 
97242      WARN  main            d.u.i.k.n.ParsingFacade   file:/home/runner/work/key/key/key.core/build/resources/main/de/uka/ilkd/key/java/JavaRedux/java/lang/String.key took 2 ms to parse. 
97242      WARN  main            d.u.i.k.n.ParsingFacade   Parsing time 423 ms. 
98984      DEBUG main            d.u.i.k.p.i.AbstractProblemLoader Init config took 2.65s 
99016      INFO  main            d.u.i.k.p.i.AbstractProblemLoader Replaying proof Cell[Cell::setX(int)].JML normal_behavior operation contract.0 
99039      DEBUG main            d.u.i.k.p.i.IntermediateProofReplayer Proof replay took 21.52ms 
99040      WARN  main            d.u.i.k.n.ParsingFacade   /home/runner/work/key/key/key.core/../key.ui/examples/heap/SmansEtAl/Cell_setX.key.proof took 0 ms to parse. 
99040      WARN  main            d.u.i.k.n.ParsingFacade   Parsing time 423 ms. 
99040      DEBUG main            d.u.i.k.p.r.p.TestFile    ... success: reloaded. 
99041      INFO  main            d.u.i.k.p.r.p.TestFile    Now processing file /home/runner/work/key/key/key.core/../key.ui/examples/heap/SmansEtAl/CellClient_m.key 
99042      INFO  main            d.u.i.k.p.i.AbstractProblemLoader Loading environment from /home/runner/work/key/key/key.core/../key.ui/examples/heap/SmansEtAl/CellClient_m.key 
99042      DEBUG main            d.u.i.k.p.i.AbstractProblemLoader Environment load took 91.6ns 
99042      WARN  main            d.u.i.k.n.ParsingFacade   /home/runner/work/key/key/key.core/../key.ui/examples/heap/SmansEtAl/CellClient_m.key took 0 ms to parse. 
99042      WARN  main            d.u.i.k.n.ParsingFacade   Parsing time 423 ms. 
99043      INFO  main            d.u.i.k.p.i.AbstractProblemLoader Creating init config 
99962      WARN  main            d.u.i.k.n.ParsingFacade   file:/home/runner/work/key/key/key.core/build/resources/main/de/uka/ilkd/key/java/JavaRedux/java/lang/String.key took 1 ms to parse. 
99963      WARN  main            d.u.i.k.n.ParsingFacade   Parsing time 424 ms. 
101771     DEBUG main            d.u.i.k.p.i.AbstractProblemLoader Init config took 2.73s 
101803     INFO  main            d.u.i.k.p.i.AbstractProblemLoader Replaying proof CellClient[CellClient::m()].JML operation contract.0 
101804     DEBUG main            d.u.i.k.p.i.IntermediateProofReplayer Proof replay took 6.4ns 
101805     WARN  main            d.u.i.k.n.ParsingFacade   /home/runner/work/key/key/key.core/../key.ui/examples/heap/SmansEtAl/CellClient_m.key took 0 ms to parse. 
101805     WARN  main            d.u.i.k.n.ParsingFacade   Parsing time 424 ms. 
102311     INFO  main            d.u.i.k.p.r.p.TestFile    ... finished proof: closed. 
102624     INFO  main            d.u.i.k.p.i.AbstractProblemLoader Loading environment from /home/runner/work/key/key/key.core/../key.ui/examples/heap/SmansEtAl/CellClient_m.key.proof 
102625     DEBUG main            d.u.i.k.p.i.AbstractProblemLoader Environment load took 319.21ns 
102625     WARN  main            d.u.i.k.n.ParsingFacade   /home/runner/work/key/key/key.core/../key.ui/examples/heap/SmansEtAl/CellClient_m.key.proof took 0 ms to parse. 
102625     WARN  main            d.u.i.k.n.ParsingFacade   Parsing time 424 ms. 
102626     INFO  main            d.u.i.k.p.i.AbstractProblemLoader Creating init config 
103525     WARN  main            d.u.i.k.n.ParsingFacade   file:/home/runner/work/key/key/key.core/build/resources/main/de/uka/ilkd/key/java/JavaRedux/java/lang/String.key took 2 ms to parse. 
103525     WARN  main            d.u.i.k.n.ParsingFacade   Parsing time 426 ms. 
105286     DEBUG main            d.u.i.k.p.i.AbstractProblemLoader Init config took 2.66s 
105318     INFO  main            d.u.i.k.p.i.AbstractProblemLoader Replaying proof CellClient[CellClient::m()].JML operation contract.0 
105421     DEBUG main            d.u.i.k.p.i.IntermediateProofReplayer Proof replay took 99.69ms 
105422     WARN  main            d.u.i.k.n.ParsingFacade   /home/runner/work/key/key/key.core/../key.ui/examples/heap/SmansEtAl/CellClient_m.key.proof took 0 ms to parse. 
105422     WARN  main            d.u.i.k.n.ParsingFacade   Parsing time 426 ms. 
105423     DEBUG main            d.u.i.k.p.r.p.TestFile    ... success: reloaded. 
105424     INFO  main            d.u.i.k.p.r.p.TestFile    Now processing file /home/runner/work/key/key/key.core/../key.ui/examples/heap/SmansEtAl/Iterator_footprint.key 
105424     INFO  main            d.u.i.k.p.i.AbstractProblemLoader Loading environment from /home/runner/work/key/key/key.core/../key.ui/examples/heap/SmansEtAl/Iterator_footprint.key 
105424     DEBUG main            d.u.i.k.p.i.AbstractProblemLoader Environment load took 160.6ns 
105424     WARN  main            d.u.i.k.n.ParsingFacade   /home/runner/work/key/key/key.core/../key.ui/examples/heap/SmansEtAl/Iterator_footprint.key took 0 ms to parse. 
105424     WARN  main            d.u.i.k.n.ParsingFacade   Parsing time 426 ms. 
105425     INFO  main            d.u.i.k.p.i.AbstractProblemLoader Creating init config 
106381     WARN  main            d.u.i.k.n.ParsingFacade   file:/home/runner/work/key/key/key.core/build/resources/main/de/uka/ilkd/key/java/JavaRedux/java/lang/String.key took 1 ms to parse. 
106382     WARN  main            d.u.i.k.n.ParsingFacade   Parsing time 427 ms. 
108153     DEBUG main            d.u.i.k.p.i.AbstractProblemLoader Init config took 2.73s 
108188     INFO  main            d.u.i.k.p.i.AbstractProblemLoader Replaying proof Iterator[Iterator::$footprint()].JML accessible clause.0 
108189     DEBUG main            d.u.i.k.p.i.IntermediateProofReplayer Proof replay took 6ns 
108190     WARN  main            d.u.i.k.n.ParsingFacade   /home/runner/work/key/key/key.core/../key.ui/examples/heap/SmansEtAl/Iterator_footprint.key took 0 ms to parse. 
108190     WARN  main            d.u.i.k.n.ParsingFacade   Parsing time 427 ms. 
108292     INFO  main            d.u.i.k.p.r.p.TestFile    ... finished proof: closed. 
108522     INFO  main            d.u.i.k.p.i.AbstractProblemLoader Loading environment from /home/runner/work/key/key/key.core/../key.ui/examples/heap/SmansEtAl/Iterator_footprint.key.proof 
108522     DEBUG main            d.u.i.k.p.i.AbstractProblemLoader Environment load took 116.9ns 
108522     WARN  main            d.u.i.k.n.ParsingFacade   /home/runner/work/key/key/key.core/../key.ui/examples/heap/SmansEtAl/Iterator_footprint.key.proof took 0 ms to parse. 
108522     WARN  main            d.u.i.k.n.ParsingFacade   Parsing time 427 ms. 
108523     INFO  main            d.u.i.k.p.i.AbstractProblemLoader Creating init config 
109437     WARN  main            d.u.i.k.n.ParsingFacade   file:/home/runner/work/key/key/key.core/build/resources/main/de/uka/ilkd/key/java/JavaRedux/java/lang/String.key took 1 ms to parse. 
109437     WARN  main            d.u.i.k.n.ParsingFacade   Parsing time 428 ms. 
111194     DEBUG main            d.u.i.k.p.i.AbstractProblemLoader Init config took 2.67s 
111228     INFO  main            d.u.i.k.p.i.AbstractProblemLoader Replaying proof Iterator[Iterator::$footprint()].JML accessible clause.0 
111235     DEBUG main            d.u.i.k.p.i.IntermediateProofReplayer Proof replay took 6.11ms 
111236     WARN  main            d.u.i.k.n.ParsingFacade   /home/runner/work/key/key/key.core/../key.ui/examples/heap/SmansEtAl/Iterator_footprint.key.proof took 0 ms to parse. 
111236     WARN  main            d.u.i.k.n.ParsingFacade   Parsing time 428 ms. 
111237     DEBUG main            d.u.i.k.p.r.p.TestFile    ... success: reloaded. 
111238     INFO  main            d.u.i.k.p.r.p.TestFile    Now processing file /home/runner/work/key/key/key.core/../key.ui/examples/heap/SmansEtAl/Iterator_hasNext_dep.key 
111238     INFO  main            d.u.i.k.p.i.AbstractProblemLoader Loading environment from /home/runner/work/key/key/key.core/../key.ui/examples/heap/SmansEtAl/Iterator_hasNext_dep.key 
111238     DEBUG main            d.u.i.k.p.i.AbstractProblemLoader Environment load took 179.2ns 
111238     WARN  main            d.u.i.k.n.ParsingFacade   /home/runner/work/key/key/key.core/../key.ui/examples/heap/SmansEtAl/Iterator_hasNext_dep.key took 0 ms to parse. 
111239     WARN  main            d.u.i.k.n.ParsingFacade   Parsing time 428 ms. 
111239     INFO  main            d.u.i.k.p.i.AbstractProblemLoader Creating init config 
112157     WARN  main            d.u.i.k.n.ParsingFacade   file:/home/runner/work/key/key/key.core/build/resources/main/de/uka/ilkd/key/java/JavaRedux/java/lang/String.key took 1 ms to parse. 
112157     WARN  main            d.u.i.k.n.ParsingFacade   Parsing time 429 ms. 
113980     DEBUG main            d.u.i.k.p.i.AbstractProblemLoader Init config took 2.74s 
114013     INFO  main            d.u.i.k.p.i.AbstractProblemLoader Replaying proof Iterator[Iterator::hasNext()].JML accessible clause.0 
114015     DEBUG main            d.u.i.k.p.i.IntermediateProofReplayer Proof replay took 6.6ns 
114015     WARN  main            d.u.i.k.n.ParsingFacade   /home/runner/work/key/key/key.core/../key.ui/examples/heap/SmansEtAl/Iterator_hasNext_dep.key took 0 ms to parse. 
114016     WARN  main            d.u.i.k.n.ParsingFacade   Parsing time 429 ms. 
114623     INFO  main            d.u.i.k.p.r.p.TestFile    ... finished proof: closed. 
114899     INFO  main            d.u.i.k.p.i.AbstractProblemLoader Loading environment from /home/runner/work/key/key/key.core/../key.ui/examples/heap/SmansEtAl/Iterator_hasNext_dep.key.proof 
114899     DEBUG main            d.u.i.k.p.i.AbstractProblemLoader Environment load took 304.01ns 
114899     WARN  main            d.u.i.k.n.ParsingFacade   /home/runner/work/key/key/key.core/../key.ui/examples/heap/SmansEtAl/Iterator_hasNext_dep.key.proof took 0 ms to parse. 
114900     WARN  main            d.u.i.k.n.ParsingFacade   Parsing time 429 ms. 
114900     INFO  main            d.u.i.k.p.i.AbstractProblemLoader Creating init config 
115785     WARN  main            d.u.i.k.n.ParsingFacade   file:/home/runner/work/key/key/key.core/build/resources/main/de/uka/ilkd/key/java/JavaRedux/java/lang/String.key took 1 ms to parse. 
115786     WARN  main            d.u.i.k.n.ParsingFacade   Parsing time 430 ms. 
117541     DEBUG main            d.u.i.k.p.i.AbstractProblemLoader Init config took 2.64s 
117575     INFO  main            d.u.i.k.p.i.AbstractProblemLoader Replaying proof Iterator[Iterator::hasNext()].JML accessible clause.0 
117665     DEBUG main            d.u.i.k.p.i.IntermediateProofReplayer Proof replay took 84.68ms 
117666     WARN  main            d.u.i.k.n.ParsingFacade   /home/runner/work/key/key/key.core/../key.ui/examples/heap/SmansEtAl/Iterator_hasNext_dep.key.proof took 0 ms to parse. 
117666     WARN  main            d.u.i.k.n.ParsingFacade   Parsing time 430 ms. 
117667     DEBUG main            d.u.i.k.p.r.p.TestFile    ... success: reloaded. 
117668     INFO  main            d.u.i.k.p.r.p.TestFile    Now processing file /home/runner/work/key/key/key.core/../key.ui/examples/heap/SmansEtAl/Iterator_hasNext.key 
117668     INFO  main            d.u.i.k.p.i.AbstractProblemLoader Loading environment from /home/runner/work/key/key/key.core/../key.ui/examples/heap/SmansEtAl/Iterator_hasNext.key 
117668     DEBUG main            d.u.i.k.p.i.AbstractProblemLoader Environment load took 159.6ns 
117668     WARN  main            d.u.i.k.n.ParsingFacade   /home/runner/work/key/key/key.core/../key.ui/examples/heap/SmansEtAl/Iterator_hasNext.key took 0 ms to parse. 
117668     WARN  main            d.u.i.k.n.ParsingFacade   Parsing time 430 ms. 
117669     INFO  main            d.u.i.k.p.i.AbstractProblemLoader Creating init config 
118631     WARN  main            d.u.i.k.n.ParsingFacade   file:/home/runner/work/key/key/key.core/build/resources/main/de/uka/ilkd/key/java/JavaRedux/java/lang/String.key took 1 ms to parse. 
118632     WARN  main            d.u.i.k.n.ParsingFacade   Parsing time 431 ms. 
120398     DEBUG main            d.u.i.k.p.i.AbstractProblemLoader Init config took 2.73s 
120434     INFO  main            d.u.i.k.p.i.AbstractProblemLoader Replaying proof Iterator[Iterator::hasNext()].JML normal_behavior operation contract.0 
120435     DEBUG main            d.u.i.k.p.i.IntermediateProofReplayer Proof replay took 6.4ns 
120436     WARN  main            d.u.i.k.n.ParsingFacade   /home/runner/work/key/key/key.core/../key.ui/examples/heap/SmansEtAl/Iterator_hasNext.key took 0 ms to parse. 
120436     WARN  main            d.u.i.k.n.ParsingFacade   Parsing time 431 ms. 
120941     INFO  main            d.u.i.k.p.r.p.TestFile    ... finished proof: closed. 
121197     INFO  main            d.u.i.k.p.i.AbstractProblemLoader Loading environment from /home/runner/work/key/key/key.core/../key.ui/examples/heap/SmansEtAl/Iterator_hasNext.key.proof 
121197     DEBUG main            d.u.i.k.p.i.AbstractProblemLoader Environment load took 316.31ns 
121198     WARN  main            d.u.i.k.n.ParsingFacade   /home/runner/work/key/key/key.core/../key.ui/examples/heap/SmansEtAl/Iterator_hasNext.key.proof took 0 ms to parse. 
121198     WARN  main            d.u.i.k.n.ParsingFacade   Parsing time 431 ms. 
121199     INFO  main            d.u.i.k.p.i.AbstractProblemLoader Creating init config 
122088     WARN  main            d.u.i.k.n.ParsingFacade   file:/home/runner/work/key/key/key.core/build/resources/main/de/uka/ilkd/key/java/JavaRedux/java/lang/String.key took 1 ms to parse. 
122088     WARN  main            d.u.i.k.n.ParsingFacade   Parsing time 432 ms. 
123864     DEBUG main            d.u.i.k.p.i.AbstractProblemLoader Init config took 2.66s 
123899     INFO  main            d.u.i.k.p.i.AbstractProblemLoader Replaying proof Iterator[Iterator::hasNext()].JML normal_behavior operation contract.0 
123985     DEBUG main            d.u.i.k.p.i.IntermediateProofReplayer Proof replay took 80.41ms 
123986     WARN  main            d.u.i.k.n.ParsingFacade   /home/runner/work/key/key/key.core/../key.ui/examples/heap/SmansEtAl/Iterator_hasNext.key.proof took 0 ms to parse. 
123986     WARN  main            d.u.i.k.n.ParsingFacade   Parsing time 432 ms. 
123986     DEBUG main            d.u.i.k.p.r.p.TestFile    ... success: reloaded. 
123987     INFO  main            d.u.i.k.p.r.p.TestFile    Now processing file /home/runner/work/key/key/key.core/../key.ui/examples/heap/SmansEtAl/Iterator_inv.key 
123987     INFO  main            d.u.i.k.p.i.AbstractProblemLoader Loading environment from /home/runner/work/key/key/key.core/../key.ui/examples/heap/SmansEtAl/Iterator_inv.key 
123987     DEBUG main            d.u.i.k.p.i.AbstractProblemLoader Environment load took 78.9ns 
123987     WARN  main            d.u.i.k.n.ParsingFacade   /home/runner/work/key/key/key.core/../key.ui/examples/heap/SmansEtAl/Iterator_inv.key took 0 ms to parse. 
123987     WARN  main            d.u.i.k.n.ParsingFacade   Parsing time 432 ms. 
123988     INFO  main            d.u.i.k.p.i.AbstractProblemLoader Creating init config 
124904     WARN  main            d.u.i.k.n.ParsingFacade   file:/home/runner/work/key/key/key.core/build/resources/main/de/uka/ilkd/key/java/JavaRedux/java/lang/String.key took 1 ms to parse. 
124904     WARN  main            d.u.i.k.n.ParsingFacade   Parsing time 433 ms. 
126673     DEBUG main            d.u.i.k.p.i.AbstractProblemLoader Init config took 2.69s 
126708     INFO  main            d.u.i.k.p.i.AbstractProblemLoader Replaying proof Iterator[java.lang.Object::<inv>()].JML accessible clause.0 
126709     DEBUG main            d.u.i.k.p.i.IntermediateProofReplayer Proof replay took 6.6ns 
126709     WARN  main            d.u.i.k.n.ParsingFacade   /home/runner/work/key/key/key.core/../key.ui/examples/heap/SmansEtAl/Iterator_inv.key took 0 ms to parse. 
126709     WARN  main            d.u.i.k.n.ParsingFacade   Parsing time 433 ms. 
126912     INFO  main            d.u.i.k.p.r.p.TestFile    ... finished proof: closed. 
127164     INFO  main            d.u.i.k.p.i.AbstractProblemLoader Loading environment from /home/runner/work/key/key/key.core/../key.ui/examples/heap/SmansEtAl/Iterator_inv.key.proof 
127164     DEBUG main            d.u.i.k.p.i.AbstractProblemLoader Environment load took 98.8ns 
127164     WARN  main            d.u.i.k.n.ParsingFacade   /home/runner/work/key/key/key.core/../key.ui/examples/heap/SmansEtAl/Iterator_inv.key.proof took 0 ms to parse. 
127164     WARN  main            d.u.i.k.n.ParsingFacade   Parsing time 433 ms. 
127165     INFO  main            d.u.i.k.p.i.AbstractProblemLoader Creating init config 
128056     WARN  main            d.u.i.k.n.ParsingFacade   file:/home/runner/work/key/key/key.core/build/resources/main/de/uka/ilkd/key/java/JavaRedux/java/lang/String.key took 2 ms to parse. 
128056     WARN  main            d.u.i.k.n.ParsingFacade   Parsing time 435 ms. 
129795     DEBUG main            d.u.i.k.p.i.AbstractProblemLoader Init config took 2.63s 
129829     INFO  main            d.u.i.k.p.i.AbstractProblemLoader Replaying proof Iterator[java.lang.Object::<inv>()].JML accessible clause.0 
129853     DEBUG main            d.u.i.k.p.i.IntermediateProofReplayer Proof replay took 21.63ms 
129853     WARN  main            d.u.i.k.n.ParsingFacade   /home/runner/work/key/key/key.core/../key.ui/examples/heap/SmansEtAl/Iterator_inv.key.proof took 0 ms to parse. 
129853     WARN  main            d.u.i.k.n.ParsingFacade   Parsing time 435 ms. 
129854     DEBUG main            d.u.i.k.p.r.p.TestFile    ... success: reloaded. 
129855     INFO  main            d.u.i.k.p.r.p.TestFile    Now processing file /home/runner/work/key/key/key.core/../key.ui/examples/heap/SmansEtAl/Iterator_Iterator.key 
129855     INFO  main            d.u.i.k.p.i.AbstractProblemLoader Loading environment from /home/runner/work/key/key/key.core/../key.ui/examples/heap/SmansEtAl/Iterator_Iterator.key 
129855     DEBUG main            d.u.i.k.p.i.AbstractProblemLoader Environment load took 77.4ns 
129855     WARN  main            d.u.i.k.n.ParsingFacade   /home/runner/work/key/key/key.core/../key.ui/examples/heap/SmansEtAl/Iterator_Iterator.key took 0 ms to parse. 
129855     WARN  main            d.u.i.k.n.ParsingFacade   Parsing time 435 ms. 
129856     INFO  main            d.u.i.k.p.i.AbstractProblemLoader Creating init config 
130773     WARN  main            d.u.i.k.n.ParsingFacade   file:/home/runner/work/key/key/key.core/build/resources/main/de/uka/ilkd/key/java/JavaRedux/java/lang/String.key took 4 ms to parse. 
130773     WARN  main            d.u.i.k.n.ParsingFacade   Parsing time 439 ms. 
132568     DEBUG main            d.u.i.k.p.i.AbstractProblemLoader Init config took 2.71s 
132602     INFO  main            d.u.i.k.p.i.AbstractProblemLoader Replaying proof Iterator[Iterator::Iterator(ArrayList)].JML normal_behavior operation contract.0 
132603     DEBUG main            d.u.i.k.p.i.IntermediateProofReplayer Proof replay took 6.2ns 
132603     WARN  main            d.u.i.k.n.ParsingFacade   /home/runner/work/key/key/key.core/../key.ui/examples/heap/SmansEtAl/Iterator_Iterator.key took 0 ms to parse. 
132603     WARN  main            d.u.i.k.n.ParsingFacade   Parsing time 439 ms. 
133931     INFO  main            d.u.i.k.p.r.p.TestFile    ... finished proof: closed. 
134194     INFO  main            d.u.i.k.p.i.AbstractProblemLoader Loading environment from /home/runner/work/key/key/key.core/../key.ui/examples/heap/SmansEtAl/Iterator_Iterator.key.proof 
134194     DEBUG main            d.u.i.k.p.i.AbstractProblemLoader Environment load took 364.21ns 
134195     WARN  main            d.u.i.k.n.ParsingFacade   /home/runner/work/key/key/key.core/../key.ui/examples/heap/SmansEtAl/Iterator_Iterator.key.proof took 0 ms to parse. 
134195     WARN  main            d.u.i.k.n.ParsingFacade   Parsing time 439 ms. 
134196     INFO  main            d.u.i.k.p.i.AbstractProblemLoader Creating init config 
135085     WARN  main            d.u.i.k.n.ParsingFacade   file:/home/runner/work/key/key/key.core/build/resources/main/de/uka/ilkd/key/java/JavaRedux/java/lang/String.key took 2 ms to parse. 
135085     WARN  main            d.u.i.k.n.ParsingFacade   Parsing time 441 ms. 
136828     DEBUG main            d.u.i.k.p.i.AbstractProblemLoader Init config took 2.63s 
136862     INFO  main            d.u.i.k.p.i.AbstractProblemLoader Replaying proof Iterator[Iterator::Iterator(ArrayList)].JML normal_behavior operation contract.0 
137036     DEBUG main            d.u.i.k.p.i.IntermediateProofReplayer Proof replay took 161.99ms 
137037     WARN  main            d.u.i.k.n.ParsingFacade   /home/runner/work/key/key/key.core/../key.ui/examples/heap/SmansEtAl/Iterator_Iterator.key.proof took 0 ms to parse. 
137037     WARN  main            d.u.i.k.n.ParsingFacade   Parsing time 441 ms. 
137038     DEBUG main            d.u.i.k.p.r.p.TestFile    ... success: reloaded. 
137039     INFO  main            d.u.i.k.p.r.p.TestFile    Now processing file /home/runner/work/key/key/key.core/../key.ui/examples/heap/SmansEtAl/Iterator_list_dep.key 
137039     INFO  main            d.u.i.k.p.i.AbstractProblemLoader Loading environment from /home/runner/work/key/key/key.core/../key.ui/examples/heap/SmansEtAl/Iterator_list_dep.key 
137039     DEBUG main            d.u.i.k.p.i.AbstractProblemLoader Environment load took 155.1ns 
137040     WARN  main            d.u.i.k.n.ParsingFacade   /home/runner/work/key/key/key.core/../key.ui/examples/heap/SmansEtAl/Iterator_list_dep.key took 0 ms to parse. 
137040     WARN  main            d.u.i.k.n.ParsingFacade   Parsing time 441 ms. 
137040     INFO  main            d.u.i.k.p.i.AbstractProblemLoader Creating init config 
137942     WARN  main            d.u.i.k.n.ParsingFacade   file:/home/runner/work/key/key/key.core/build/resources/main/de/uka/ilkd/key/java/JavaRedux/java/lang/String.key took 1 ms to parse. 
137942     WARN  main            d.u.i.k.n.ParsingFacade   Parsing time 442 ms. 
139745     DEBUG main            d.u.i.k.p.i.AbstractProblemLoader Init config took 2.71s 
139779     INFO  main            d.u.i.k.p.i.AbstractProblemLoader Replaying proof Iterator[Iterator::list()].JML accessible clause.0 
139780     DEBUG main            d.u.i.k.p.i.IntermediateProofReplayer Proof replay took 6.3ns 
139780     WARN  main            d.u.i.k.n.ParsingFacade   /home/runner/work/key/key/key.core/../key.ui/examples/heap/SmansEtAl/Iterator_list_dep.key took 0 ms to parse. 
139780     WARN  main            d.u.i.k.n.ParsingFacade   Parsing time 442 ms. 
139881     INFO  main            d.u.i.k.p.r.p.TestFile    ... finished proof: closed. 
140132     INFO  main            d.u.i.k.p.i.AbstractProblemLoader Loading environment from /home/runner/work/key/key/key.core/../key.ui/examples/heap/SmansEtAl/Iterator_list_dep.key.proof 
140132     DEBUG main            d.u.i.k.p.i.AbstractProblemLoader Environment load took 89ns 
140132     WARN  main            d.u.i.k.n.ParsingFacade   /home/runner/work/key/key/key.core/../key.ui/examples/heap/SmansEtAl/Iterator_list_dep.key.proof took 0 ms to parse. 
140132     WARN  main            d.u.i.k.n.ParsingFacade   Parsing time 442 ms. 
140133     INFO  main            d.u.i.k.p.i.AbstractProblemLoader Creating init config 
141036     WARN  main            d.u.i.k.n.ParsingFacade   file:/home/runner/work/key/key/key.core/build/resources/main/de/uka/ilkd/key/java/JavaRedux/java/lang/String.key took 1 ms to parse. 
141036     WARN  main            d.u.i.k.n.ParsingFacade   Parsing time 443 ms. 
142767     DEBUG main            d.u.i.k.p.i.AbstractProblemLoader Init config took 2.63s 
142800     INFO  main            d.u.i.k.p.i.AbstractProblemLoader Replaying proof Iterator[Iterator::list()].JML accessible clause.0 
142818     DEBUG main            d.u.i.k.p.i.IntermediateProofReplayer Proof replay took 16.59ms 
142819     WARN  main            d.u.i.k.n.ParsingFacade   /home/runner/work/key/key/key.core/../key.ui/examples/heap/SmansEtAl/Iterator_list_dep.key.proof took 0 ms to parse. 
142819     WARN  main            d.u.i.k.n.ParsingFacade   Parsing time 443 ms. 
142819     DEBUG main            d.u.i.k.p.r.p.TestFile    ... success: reloaded. 
142820     INFO  main            d.u.i.k.p.r.p.TestFile    Now processing file /home/runner/work/key/key/key.core/../key.ui/examples/heap/SmansEtAl/Iterator_list.key 
142820     INFO  main            d.u.i.k.p.i.AbstractProblemLoader Loading environment from /home/runner/work/key/key/key.core/../key.ui/examples/heap/SmansEtAl/Iterator_list.key 
142820     DEBUG main            d.u.i.k.p.i.AbstractProblemLoader Environment load took 79.2ns 
142821     WARN  main            d.u.i.k.n.ParsingFacade   /home/runner/work/key/key/key.core/../key.ui/examples/heap/SmansEtAl/Iterator_list.key took 0 ms to parse. 
142821     WARN  main            d.u.i.k.n.ParsingFacade   Parsing time 443 ms. 
142821     INFO  main            d.u.i.k.p.i.AbstractProblemLoader Creating init config 
143730     WARN  main            d.u.i.k.n.ParsingFacade   file:/home/runner/work/key/key/key.core/build/resources/main/de/uka/ilkd/key/java/JavaRedux/java/lang/String.key took 1 ms to parse. 
143730     WARN  main            d.u.i.k.n.ParsingFacade   Parsing time 444 ms. 
145511     DEBUG main            d.u.i.k.p.i.AbstractProblemLoader Init config took 2.69s 
145544     INFO  main            d.u.i.k.p.i.AbstractProblemLoader Replaying proof Iterator[Iterator::list()].JML normal_behavior operation contract.0 
145546     DEBUG main            d.u.i.k.p.i.IntermediateProofReplayer Proof replay took 7.1ns 
145546     WARN  main            d.u.i.k.n.ParsingFacade   /home/runner/work/key/key/key.core/../key.ui/examples/heap/SmansEtAl/Iterator_list.key took 0 ms to parse. 
145546     WARN  main            d.u.i.k.n.ParsingFacade   Parsing time 444 ms. 
145647     INFO  main            d.u.i.k.p.r.p.TestFile    ... finished proof: closed. 
145910     INFO  main            d.u.i.k.p.i.AbstractProblemLoader Loading environment from /home/runner/work/key/key/key.core/../key.ui/examples/heap/SmansEtAl/Iterator_list.key.proof 
145910     DEBUG main            d.u.i.k.p.i.AbstractProblemLoader Environment load took 96ns 
145911     WARN  main            d.u.i.k.n.ParsingFacade   /home/runner/work/key/key/key.core/../key.ui/examples/heap/SmansEtAl/Iterator_list.key.proof took 1 ms to parse. 
145911     WARN  main            d.u.i.k.n.ParsingFacade   Parsing time 445 ms. 
145911     INFO  main            d.u.i.k.p.i.AbstractProblemLoader Creating init config 
146801     WARN  main            d.u.i.k.n.ParsingFacade   file:/home/runner/work/key/key/key.core/build/resources/main/de/uka/ilkd/key/java/JavaRedux/java/lang/String.key took 1 ms to parse. 
146801     WARN  main            d.u.i.k.n.ParsingFacade   Parsing time 446 ms. 
148566     DEBUG main            d.u.i.k.p.i.AbstractProblemLoader Init config took 2.66s 
148601     INFO  main            d.u.i.k.p.i.AbstractProblemLoader Replaying proof Iterator[Iterator::list()].JML normal_behavior operation contract.0 
148618     DEBUG main            d.u.i.k.p.i.IntermediateProofReplayer Proof replay took 14.94ms 
148618     WARN  main            d.u.i.k.n.ParsingFacade   /home/runner/work/key/key/key.core/../key.ui/examples/heap/SmansEtAl/Iterator_list.key.proof took 0 ms to parse. 
148618     WARN  main            d.u.i.k.n.ParsingFacade   Parsing time 446 ms. 
148618     DEBUG main            d.u.i.k.p.r.p.TestFile    ... success: reloaded. 
148619     INFO  main            d.u.i.k.p.r.p.TestFile    Now processing file /home/runner/work/key/key/key.core/../key.ui/examples/heap/SmansEtAl/Iterator_next.key 
148619     INFO  main            d.u.i.k.p.i.AbstractProblemLoader Loading environment from /home/runner/work/key/key/key.core/../key.ui/examples/heap/SmansEtAl/Iterator_next.key 
148620     DEBUG main            d.u.i.k.p.i.AbstractProblemLoader Environment load took 49.6ns 
148620     WARN  main            d.u.i.k.n.ParsingFacade   /home/runner/work/key/key/key.core/../key.ui/examples/heap/SmansEtAl/Iterator_next.key took 0 ms to parse. 
148620     WARN  main            d.u.i.k.n.ParsingFacade   Parsing time 446 ms. 
148620     INFO  main            d.u.i.k.p.i.AbstractProblemLoader Creating init config 
149522     WARN  main            d.u.i.k.n.ParsingFacade   file:/home/runner/work/key/key/key.core/build/resources/main/de/uka/ilkd/key/java/JavaRedux/java/lang/String.key took 1 ms to parse. 
149523     WARN  main            d.u.i.k.n.ParsingFacade   Parsing time 447 ms. 
151280     DEBUG main            d.u.i.k.p.i.AbstractProblemLoader Init config took 2.66s 
151313     INFO  main            d.u.i.k.p.i.AbstractProblemLoader Replaying proof Iterator[Iterator::next()].JML normal_behavior operation contract.0 
151314     DEBUG main            d.u.i.k.p.i.IntermediateProofReplayer Proof replay took 5.8ns 
151314     WARN  main            d.u.i.k.n.ParsingFacade   /home/runner/work/key/key/key.core/../key.ui/examples/heap/SmansEtAl/Iterator_next.key took 0 ms to parse. 
151314     WARN  main            d.u.i.k.n.ParsingFacade   Parsing time 447 ms. 
154048     INFO  main            d.u.i.k.p.r.p.TestFile    ... finished proof: closed. 
154350     INFO  main            d.u.i.k.p.i.AbstractProblemLoader Loading environment from /home/runner/work/key/key/key.core/../key.ui/examples/heap/SmansEtAl/Iterator_next.key.proof 
154350     DEBUG main            d.u.i.k.p.i.AbstractProblemLoader Environment load took 313.01ns 
154351     WARN  main            d.u.i.k.n.ParsingFacade   /home/runner/work/key/key/key.core/../key.ui/examples/heap/SmansEtAl/Iterator_next.key.proof took 0 ms to parse. 
154351     WARN  main            d.u.i.k.n.ParsingFacade   Parsing time 447 ms. 
154352     INFO  main            d.u.i.k.p.i.AbstractProblemLoader Creating init config 
155234     WARN  main            d.u.i.k.n.ParsingFacade   file:/home/runner/work/key/key/key.core/build/resources/main/de/uka/ilkd/key/java/JavaRedux/java/lang/String.key took 1 ms to parse. 
155235     WARN  main            d.u.i.k.n.ParsingFacade   Parsing time 448 ms. 
156984     DEBUG main            d.u.i.k.p.i.AbstractProblemLoader Init config took 2.63s 
157017     INFO  main            d.u.i.k.p.i.AbstractProblemLoader Replaying proof Iterator[Iterator::next()].JML normal_behavior operation contract.0 
157309     DEBUG main            d.u.i.k.p.i.IntermediateProofReplayer Proof replay took 274.71ms 
157310     WARN  main            d.u.i.k.n.ParsingFacade   /home/runner/work/key/key/key.core/../key.ui/examples/heap/SmansEtAl/Iterator_next.key.proof took 0 ms to parse. 
157311     WARN  main            d.u.i.k.n.ParsingFacade   Parsing time 448 ms. 
157311     DEBUG main            d.u.i.k.p.r.p.TestFile    ... success: reloaded. 
157312     INFO  main            d.u.i.k.p.r.p.TestFile    Now processing file /home/runner/work/key/key/key.core/../key.ui/examples/heap/SmansEtAl/Stack_footprint.key 
157312     INFO  main            d.u.i.k.p.i.AbstractProblemLoader Loading environment from /home/runner/work/key/key/key.core/../key.ui/examples/heap/SmansEtAl/Stack_footprint.key 
157312     DEBUG main            d.u.i.k.p.i.AbstractProblemLoader Environment load took 187.1ns 
157313     WARN  main            d.u.i.k.n.ParsingFacade   /home/runner/work/key/key/key.core/../key.ui/examples/heap/SmansEtAl/Stack_footprint.key took 0 ms to parse. 
157313     WARN  main            d.u.i.k.n.ParsingFacade   Parsing time 448 ms. 
157313     INFO  main            d.u.i.k.p.i.AbstractProblemLoader Creating init config 
158213     WARN  main            d.u.i.k.n.ParsingFacade   file:/home/runner/work/key/key/key.core/build/resources/main/de/uka/ilkd/key/java/JavaRedux/java/lang/String.key took 1 ms to parse. 
158213     WARN  main            d.u.i.k.n.ParsingFacade   Parsing time 449 ms. 
160004     DEBUG main            d.u.i.k.p.i.AbstractProblemLoader Init config took 2.69s 
160039     INFO  main            d.u.i.k.p.i.AbstractProblemLoader Replaying proof Stack[Stack::$footprint()].JML accessible clause.0 
160040     DEBUG main            d.u.i.k.p.i.IntermediateProofReplayer Proof replay took 6.3ns 
160041     WARN  main            d.u.i.k.n.ParsingFacade   /home/runner/work/key/key/key.core/../key.ui/examples/heap/SmansEtAl/Stack_footprint.key took 0 ms to parse. 
160041     WARN  main            d.u.i.k.n.ParsingFacade   Parsing time 449 ms. 
160243     INFO  main            d.u.i.k.p.r.p.TestFile    ... finished proof: closed. 
160530     INFO  main            d.u.i.k.p.i.AbstractProblemLoader Loading environment from /home/runner/work/key/key/key.core/../key.ui/examples/heap/SmansEtAl/Stack_footprint.key.proof 
160530     DEBUG main            d.u.i.k.p.i.AbstractProblemLoader Environment load took 86.6ns 
160530     WARN  main            d.u.i.k.n.ParsingFacade   /home/runner/work/key/key/key.core/../key.ui/examples/heap/SmansEtAl/Stack_footprint.key.proof took 0 ms to parse. 
160530     WARN  main            d.u.i.k.n.ParsingFacade   Parsing time 449 ms. 
160531     INFO  main            d.u.i.k.p.i.AbstractProblemLoader Creating init config 
161417     WARN  main            d.u.i.k.n.ParsingFacade   file:/home/runner/work/key/key/key.core/build/resources/main/de/uka/ilkd/key/java/JavaRedux/java/lang/String.key took 8 ms to parse. 
161417     WARN  main            d.u.i.k.n.ParsingFacade   Parsing time 457 ms. 
163151     DEBUG main            d.u.i.k.p.i.AbstractProblemLoader Init config took 2.62s 
163183     INFO  main            d.u.i.k.p.i.AbstractProblemLoader Replaying proof Stack[Stack::$footprint()].JML accessible clause.0 
163208     DEBUG main            d.u.i.k.p.i.IntermediateProofReplayer Proof replay took 22.17ms 
163209     WARN  main            d.u.i.k.n.ParsingFacade   /home/runner/work/key/key/key.core/../key.ui/examples/heap/SmansEtAl/Stack_footprint.key.proof took 1 ms to parse. 
163209     WARN  main            d.u.i.k.n.ParsingFacade   Parsing time 458 ms. 
163209     DEBUG main            d.u.i.k.p.r.p.TestFile    ... success: reloaded. 
163210     INFO  main            d.u.i.k.p.r.p.TestFile    Now processing file /home/runner/work/key/key/key.core/../key.ui/examples/heap/SmansEtAl/Stack_inv.key 
163210     INFO  main            d.u.i.k.p.i.AbstractProblemLoader Loading environment from /home/runner/work/key/key/key.core/../key.ui/examples/heap/SmansEtAl/Stack_inv.key 
163211     DEBUG main            d.u.i.k.p.i.AbstractProblemLoader Environment load took 150.7ns 
163211     WARN  main            d.u.i.k.n.ParsingFacade   /home/runner/work/key/key/key.core/../key.ui/examples/heap/SmansEtAl/Stack_inv.key took 0 ms to parse. 
163211     WARN  main            d.u.i.k.n.ParsingFacade   Parsing time 458 ms. 
163212     INFO  main            d.u.i.k.p.i.AbstractProblemLoader Creating init config 
164109     WARN  main            d.u.i.k.n.ParsingFacade   file:/home/runner/work/key/key/key.core/build/resources/main/de/uka/ilkd/key/java/JavaRedux/java/lang/String.key took 1 ms to parse. 
164109     WARN  main            d.u.i.k.n.ParsingFacade   Parsing time 459 ms. 
165883     DEBUG main            d.u.i.k.p.i.AbstractProblemLoader Init config took 2.67s 
165914     INFO  main            d.u.i.k.p.i.AbstractProblemLoader Replaying proof Stack[java.lang.Object::<inv>()].JML accessible clause.0 
165915     DEBUG main            d.u.i.k.p.i.IntermediateProofReplayer Proof replay took 6.9ns 
165916     WARN  main            d.u.i.k.n.ParsingFacade   /home/runner/work/key/key/key.core/../key.ui/examples/heap/SmansEtAl/Stack_inv.key took 0 ms to parse. 
165916     WARN  main            d.u.i.k.n.ParsingFacade   Parsing time 459 ms. 
166018     INFO  main            d.u.i.k.p.r.p.TestFile    ... finished proof: closed. 
166304     INFO  main            d.u.i.k.p.i.AbstractProblemLoader Loading environment from /home/runner/work/key/key/key.core/../key.ui/examples/heap/SmansEtAl/Stack_inv.key.proof 
166305     DEBUG main            d.u.i.k.p.i.AbstractProblemLoader Environment load took 84ns 
166305     WARN  main            d.u.i.k.n.ParsingFacade   /home/runner/work/key/key/key.core/../key.ui/examples/heap/SmansEtAl/Stack_inv.key.proof took 0 ms to parse. 
166305     WARN  main            d.u.i.k.n.ParsingFacade   Parsing time 459 ms. 
166306     INFO  main            d.u.i.k.p.i.AbstractProblemLoader Creating init config 
167193     WARN  main            d.u.i.k.n.ParsingFacade   file:/home/runner/work/key/key/key.core/build/resources/main/de/uka/ilkd/key/java/JavaRedux/java/lang/String.key took 1 ms to parse. 
167193     WARN  main            d.u.i.k.n.ParsingFacade   Parsing time 460 ms. 
168922     DEBUG main            d.u.i.k.p.i.AbstractProblemLoader Init config took 2.62s 
168954     INFO  main            d.u.i.k.p.i.AbstractProblemLoader Replaying proof Stack[java.lang.Object::<inv>()].JML accessible clause.0 
168965     DEBUG main            d.u.i.k.p.i.IntermediateProofReplayer Proof replay took 9.42ms 
168966     WARN  main            d.u.i.k.n.ParsingFacade   /home/runner/work/key/key/key.core/../key.ui/examples/heap/SmansEtAl/Stack_inv.key.proof took 0 ms to parse. 
168966     WARN  main            d.u.i.k.n.ParsingFacade   Parsing time 460 ms. 
168966     DEBUG main            d.u.i.k.p.r.p.TestFile    ... success: reloaded. 
168967     INFO  main            d.u.i.k.p.r.p.TestFile    Now processing file /home/runner/work/key/key/key.core/../key.ui/examples/heap/SmansEtAl/Stack_push.key 
168967     INFO  main            d.u.i.k.p.i.AbstractProblemLoader Loading environment from /home/runner/work/key/key/key.core/../key.ui/examples/heap/SmansEtAl/Stack_push.key 
168967     DEBUG main            d.u.i.k.p.i.AbstractProblemLoader Environment load took 61.2ns 
168967     WARN  main            d.u.i.k.n.ParsingFacade   /home/runner/work/key/key/key.core/../key.ui/examples/heap/SmansEtAl/Stack_push.key took 0 ms to parse. 
168967     WARN  main            d.u.i.k.n.ParsingFacade   Parsing time 460 ms. 
168968     INFO  main            d.u.i.k.p.i.AbstractProblemLoader Creating init config 
169872     WARN  main            d.u.i.k.n.ParsingFacade   file:/home/runner/work/key/key/key.core/build/resources/main/de/uka/ilkd/key/java/JavaRedux/java/lang/String.key took 1 ms to parse. 
169872     WARN  main            d.u.i.k.n.ParsingFacade   Parsing time 461 ms. 
171652     DEBUG main            d.u.i.k.p.i.AbstractProblemLoader Init config took 2.68s 
171685     INFO  main            d.u.i.k.p.i.AbstractProblemLoader Replaying proof Stack[Stack::push(java.lang.Object)].JML normal_behavior operation contract.0 
171687     DEBUG main            d.u.i.k.p.i.IntermediateProofReplayer Proof replay took 5.8ns 
171687     WARN  main            d.u.i.k.n.ParsingFacade   /home/runner/work/key/key/key.core/../key.ui/examples/heap/SmansEtAl/Stack_push.key took 0 ms to parse. 
171687     WARN  main            d.u.i.k.n.ParsingFacade   Parsing time 461 ms. 
172392     INFO  main            d.u.i.k.p.r.p.TestFile    ... finished proof: closed. 
172675     INFO  main            d.u.i.k.p.i.AbstractProblemLoader Loading environment from /home/runner/work/key/key/key.core/../key.ui/examples/heap/SmansEtAl/Stack_push.key.proof 
172676     DEBUG main            d.u.i.k.p.i.AbstractProblemLoader Environment load took 338.11ns 
172676     WARN  main            d.u.i.k.n.ParsingFacade   /home/runner/work/key/key/key.core/../key.ui/examples/heap/SmansEtAl/Stack_push.key.proof took 0 ms to parse. 
172676     WARN  main            d.u.i.k.n.ParsingFacade   Parsing time 461 ms. 
172677     INFO  main            d.u.i.k.p.i.AbstractProblemLoader Creating init config 
173567     WARN  main            d.u.i.k.n.ParsingFacade   file:/home/runner/work/key/key/key.core/build/resources/main/de/uka/ilkd/key/java/JavaRedux/java/lang/String.key took 1 ms to parse. 
173567     WARN  main            d.u.i.k.n.ParsingFacade   Parsing time 462 ms. 
175298     DEBUG main            d.u.i.k.p.i.AbstractProblemLoader Init config took 2.62s 
175330     INFO  main            d.u.i.k.p.i.AbstractProblemLoader Replaying proof Stack[Stack::push(java.lang.Object)].JML normal_behavior operation contract.0 
175461     DEBUG main            d.u.i.k.p.i.IntermediateProofReplayer Proof replay took 126.03ms 
175461     WARN  main            d.u.i.k.n.ParsingFacade   /home/runner/work/key/key/key.core/../key.ui/examples/heap/SmansEtAl/Stack_push.key.proof took 0 ms to parse. 
175461     WARN  main            d.u.i.k.n.ParsingFacade   Parsing time 462 ms. 
175462     DEBUG main            d.u.i.k.p.r.p.TestFile    ... success: reloaded. 
175465     INFO  main            d.u.i.k.p.r.p.TestFile    Now processing file /home/runner/work/key/key/key.core/../key.ui/examples/heap/SmansEtAl/Stack_size.key 
175465     INFO  main            d.u.i.k.p.i.AbstractProblemLoader Loading environment from /home/runner/work/key/key/key.core/../key.ui/examples/heap/SmansEtAl/Stack_size.key 
175465     DEBUG main            d.u.i.k.p.i.AbstractProblemLoader Environment load took 197.6ns 
175465     WARN  main            d.u.i.k.n.ParsingFacade   /home/runner/work/key/key/key.core/../key.ui/examples/heap/SmansEtAl/Stack_size.key took 0 ms to parse. 
175465     WARN  main            d.u.i.k.n.ParsingFacade   Parsing time 462 ms. 
175466     INFO  main            d.u.i.k.p.i.AbstractProblemLoader Creating init config 
176380     WARN  main            d.u.i.k.n.ParsingFacade   file:/home/runner/work/key/key/key.core/build/resources/main/de/uka/ilkd/key/java/JavaRedux/java/lang/String.key took 1 ms to parse. 
176380     WARN  main            d.u.i.k.n.ParsingFacade   Parsing time 463 ms. 
178165     DEBUG main            d.u.i.k.p.i.AbstractProblemLoader Init config took 2.7s 
178197     INFO  main            d.u.i.k.p.i.AbstractProblemLoader Replaying proof Stack[Stack::size()].JML accessible clause.0 
178198     DEBUG main            d.u.i.k.p.i.IntermediateProofReplayer Proof replay took 6ns 
178198     WARN  main            d.u.i.k.n.ParsingFacade   /home/runner/work/key/key/key.core/../key.ui/examples/heap/SmansEtAl/Stack_size.key took 0 ms to parse. 
178199     WARN  main            d.u.i.k.n.ParsingFacade   Parsing time 463 ms. 
178402     INFO  main            d.u.i.k.p.r.p.TestFile    ... finished proof: closed. 
178702     INFO  main            d.u.i.k.p.i.AbstractProblemLoader Loading environment from /home/runner/work/key/key/key.core/../key.ui/examples/heap/SmansEtAl/Stack_size.key.proof 
178702     DEBUG main            d.u.i.k.p.i.AbstractProblemLoader Environment load took 86ns 
178702     WARN  main            d.u.i.k.n.ParsingFacade   /home/runner/work/key/key/key.core/../key.ui/examples/heap/SmansEtAl/Stack_size.key.proof took 0 ms to parse. 
178702     WARN  main            d.u.i.k.n.ParsingFacade   Parsing time 463 ms. 
178703     INFO  main            d.u.i.k.p.i.AbstractProblemLoader Creating init config 
179600     WARN  main            d.u.i.k.n.ParsingFacade   file:/home/runner/work/key/key/key.core/build/resources/main/de/uka/ilkd/key/java/JavaRedux/java/lang/String.key took 1 ms to parse. 
179600     WARN  main            d.u.i.k.n.ParsingFacade   Parsing time 464 ms. 
181332     DEBUG main            d.u.i.k.p.i.AbstractProblemLoader Init config took 2.63s 
181364     INFO  main            d.u.i.k.p.i.AbstractProblemLoader Replaying proof Stack[Stack::size()].JML accessible clause.0 
181404     DEBUG main            d.u.i.k.p.i.IntermediateProofReplayer Proof replay took 38.09ms 
181405     WARN  main            d.u.i.k.n.ParsingFacade   /home/runner/work/key/key/key.core/../key.ui/examples/heap/SmansEtAl/Stack_size.key.proof took 0 ms to parse. 
181405     WARN  main            d.u.i.k.n.ParsingFacade   Parsing time 464 ms. 
181405     DEBUG main            d.u.i.k.p.r.p.TestFile    ... success: reloaded. 
181406     INFO  main            d.u.i.k.p.r.p.TestFile    Now processing file /home/runner/work/key/key/key.core/../key.ui/examples/heap/SmansEtAl/Stack_Stack.key 
181406     INFO  main            d.u.i.k.p.i.AbstractProblemLoader Loading environment from /home/runner/work/key/key/key.core/../key.ui/examples/heap/SmansEtAl/Stack_Stack.key 
181406     DEBUG main            d.u.i.k.p.i.AbstractProblemLoader Environment load took 76.7ns 
181407     WARN  main            d.u.i.k.n.ParsingFacade   /home/runner/work/key/key/key.core/../key.ui/examples/heap/SmansEtAl/Stack_Stack.key took 1 ms to parse. 
181407     WARN  main            d.u.i.k.n.ParsingFacade   Parsing time 465 ms. 
181407     INFO  main            d.u.i.k.p.i.AbstractProblemLoader Creating init config 
182337     WARN  main            d.u.i.k.n.ParsingFacade   file:/home/runner/work/key/key/key.core/build/resources/main/de/uka/ilkd/key/java/JavaRedux/java/lang/String.key took 1 ms to parse. 
182337     WARN  main            d.u.i.k.n.ParsingFacade   Parsing time 466 ms. 
184109     DEBUG main            d.u.i.k.p.i.AbstractProblemLoader Init config took 2.7s 
184146     INFO  main            d.u.i.k.p.i.AbstractProblemLoader Replaying proof Stack[Stack::Stack()].JML normal_behavior operation contract.0 
184148     DEBUG main            d.u.i.k.p.i.IntermediateProofReplayer Proof replay took 6ns 
184148     WARN  main            d.u.i.k.n.ParsingFacade   /home/runner/work/key/key/key.core/../key.ui/examples/heap/SmansEtAl/Stack_Stack.key took 0 ms to parse. 
184148     WARN  main            d.u.i.k.n.ParsingFacade   Parsing time 466 ms. 
185154     INFO  main            d.u.i.k.p.r.p.TestFile    ... finished proof: closed. 
185491     INFO  main            d.u.i.k.p.i.AbstractProblemLoader Loading environment from /home/runner/work/key/key/key.core/../key.ui/examples/heap/SmansEtAl/Stack_Stack.key.proof 
185491     DEBUG main            d.u.i.k.p.i.AbstractProblemLoader Environment load took 319.41ns 
185491     WARN  main            d.u.i.k.n.ParsingFacade   /home/runner/work/key/key/key.core/../key.ui/examples/heap/SmansEtAl/Stack_Stack.key.proof took 0 ms to parse. 
185492     WARN  main            d.u.i.k.n.ParsingFacade   Parsing time 466 ms. 
185492     INFO  main            d.u.i.k.p.i.AbstractProblemLoader Creating init config 
186385     WARN  main            d.u.i.k.n.ParsingFacade   file:/home/runner/work/key/key/key.core/build/resources/main/de/uka/ilkd/key/java/JavaRedux/java/lang/String.key took 1 ms to parse. 
186385     WARN  main            d.u.i.k.n.ParsingFacade   Parsing time 467 ms. 
188153     DEBUG main            d.u.i.k.p.i.AbstractProblemLoader Init config took 2.66s 
188185     INFO  main            d.u.i.k.p.i.AbstractProblemLoader Replaying proof Stack[Stack::Stack()].JML normal_behavior operation contract.0 
188361     DEBUG main            d.u.i.k.p.i.IntermediateProofReplayer Proof replay took 169.14ms 
188362     WARN  main            d.u.i.k.n.ParsingFacade   /home/runner/work/key/key/key.core/../key.ui/examples/heap/SmansEtAl/Stack_Stack.key.proof took 0 ms to parse. 
188362     WARN  main            d.u.i.k.n.ParsingFacade   Parsing time 467 ms. 
188362     DEBUG main            d.u.i.k.p.r.p.TestFile    ... success: reloaded. 
188363     INFO  main            d.u.i.k.p.r.p.TestFile    Now processing file /home/runner/work/key/key/key.core/../key.ui/examples/heap/SmansEtAl/Stack_switchContents.key 
188363     INFO  main            d.u.i.k.p.i.AbstractProblemLoader Loading environment from /home/runner/work/key/key/key.core/../key.ui/examples/heap/SmansEtAl/Stack_switchContents.key 
188363     DEBUG main            d.u.i.k.p.i.AbstractProblemLoader Environment load took 85.9ns 
188364     WARN  main            d.u.i.k.n.ParsingFacade   /home/runner/work/key/key/key.core/../key.ui/examples/heap/SmansEtAl/Stack_switchContents.key took 0 ms to parse. 
188364     WARN  main            d.u.i.k.n.ParsingFacade   Parsing time 467 ms. 
188365     INFO  main            d.u.i.k.p.i.AbstractProblemLoader Creating init config 
189264     WARN  main            d.u.i.k.n.ParsingFacade   file:/home/runner/work/key/key/key.core/build/resources/main/de/uka/ilkd/key/java/JavaRedux/java/lang/String.key took 1 ms to parse. 
189265     WARN  main            d.u.i.k.n.ParsingFacade   Parsing time 468 ms. 
191012     DEBUG main            d.u.i.k.p.i.AbstractProblemLoader Init config took 2.65s 
191044     INFO  main            d.u.i.k.p.i.AbstractProblemLoader Replaying proof Stack[Stack::switchContents(Stack)].JML normal_behavior operation contract.0 
191046     DEBUG main            d.u.i.k.p.i.IntermediateProofReplayer Proof replay took 5.6ns 
191046     WARN  main            d.u.i.k.n.ParsingFacade   /home/runner/work/key/key/key.core/../key.ui/examples/heap/SmansEtAl/Stack_switchContents.key took 0 ms to parse. 
191046     WARN  main            d.u.i.k.n.ParsingFacade   Parsing time 468 ms. 
195701     INFO  main            d.u.i.k.p.r.p.TestFile    ... finished proof: closed. 
196040     INFO  main            d.u.i.k.p.i.AbstractProblemLoader Loading environment from /home/runner/work/key/key/key.core/../key.ui/examples/heap/SmansEtAl/Stack_switchContents.key.proof 
196040     DEBUG main            d.u.i.k.p.i.AbstractProblemLoader Environment load took 367.31ns 
196041     WARN  main            d.u.i.k.n.ParsingFacade   /home/runner/work/key/key/key.core/../key.ui/examples/heap/SmansEtAl/Stack_switchContents.key.proof took 0 ms to parse. 
196041     WARN  main            d.u.i.k.n.ParsingFacade   Parsing time 468 ms. 
196042     INFO  main            d.u.i.k.p.i.AbstractProblemLoader Creating init config 
196924     WARN  main            d.u.i.k.n.ParsingFacade   file:/home/runner/work/key/key/key.core/build/resources/main/de/uka/ilkd/key/java/JavaRedux/java/lang/String.key took 1 ms to parse. 
196924     WARN  main            d.u.i.k.n.ParsingFacade   Parsing time 469 ms. 
198653     DEBUG main            d.u.i.k.p.i.AbstractProblemLoader Init config took 2.61s 
198685     INFO  main            d.u.i.k.p.i.AbstractProblemLoader Replaying proof Stack[Stack::switchContents(Stack)].JML normal_behavior operation contract.0 
199169     DEBUG main            d.u.i.k.p.i.IntermediateProofReplayer Proof replay took 467.34ms 
199170     WARN  main            d.u.i.k.n.ParsingFacade   /home/runner/work/key/key/key.core/../key.ui/examples/heap/SmansEtAl/Stack_switchContents.key.proof took 0 ms to parse. 
199170     WARN  main            d.u.i.k.n.ParsingFacade   Parsing time 469 ms. 
199171     DEBUG main            d.u.i.k.p.r.p.TestFile    ... success: reloaded. 
2101301    INFO  Test worker     d.u.i.k.p.r.RunAllProofsTestUnit Returning from test SmansEtAl 
2101302    INFO  Test worker     d.u.i.k.p.r.RunAllProofsTestUnit Running test VACID0 
388        INFO  Timeout watchdog d.u.i.k.p.r.p.ForkedTestFileRunner Timeout watcher launched (2000 secs.) 
408        WARN  main            d.u.i.k.s.ProofSettings   The settings in /home/runner/.key/proof-settings.props are *not* read. 
451        INFO  main            d.u.i.k.p.r.p.TestFile    Now processing file /home/runner/work/key/key/key.core/../key.ui/examples/heap/vacid0_01_SparseArray/Harness_sparseArrayTestHarness1.key 
587        INFO  main            d.u.i.k.p.i.AbstractProblemLoader Loading environment from /home/runner/work/key/key/key.core/../key.ui/examples/heap/vacid0_01_SparseArray/Harness_sparseArrayTestHarness1.key 
603        DEBUG main            d.u.i.k.p.i.AbstractProblemLoader Environment load took 1.76ms 
693        WARN  main            d.u.i.k.n.ParsingFacade   /home/runner/work/key/key/key.core/../key.ui/examples/heap/vacid0_01_SparseArray/Harness_sparseArrayTestHarness1.key took 10 ms to parse. 
693        WARN  main            d.u.i.k.n.ParsingFacade   Parsing time 10 ms. 
821        INFO  main            d.u.i.k.p.i.AbstractProblemLoader Creating init config 
835        WARN  main            d.u.i.k.n.ParsingFacade   file:/home/runner/work/key/key/key.core/build/resources/main/de/uka/ilkd/key/proof/rules/standardRules.key took 10 ms to parse. 
835        WARN  main            d.u.i.k.n.ParsingFacade   Parsing time 20 ms. 
846        WARN  main            d.u.i.k.n.ParsingFacade   file:/home/runner/work/key/key/key.core/build/resources/main/de/uka/ilkd/key/proof/rules/ldt.key took 1 ms to parse. 
847        WARN  main            d.u.i.k.n.ParsingFacade   Parsing time 21 ms. 
851        WARN  main            d.u.i.k.n.ParsingFacade   file:/home/runner/work/key/key/key.core/build/resources/main/de/uka/ilkd/key/proof/rules/boolean.key took 2 ms to parse. 
852        WARN  main            d.u.i.k.n.ParsingFacade   Parsing time 23 ms. 
869        WARN  main            d.u.i.k.n.ParsingFacade   file:/home/runner/work/key/key/key.core/build/resources/main/de/uka/ilkd/key/proof/rules/ruleSetsDeclarations.key took 8 ms to parse. 
869        WARN  main            d.u.i.k.n.ParsingFacade   Parsing time 31 ms. 
891        WARN  main            d.u.i.k.n.ParsingFacade   file:/home/runner/work/key/key/key.core/build/resources/main/de/uka/ilkd/key/proof/rules/integerHeader.key took 5 ms to parse. 
891        WARN  main            d.u.i.k.n.ParsingFacade   Parsing time 36 ms. 
893        WARN  main            d.u.i.k.n.ParsingFacade   file:/home/runner/work/key/key/key.core/build/resources/main/de/uka/ilkd/key/proof/rules/floatHeader.key took 1 ms to parse. 
893        WARN  main            d.u.i.k.n.ParsingFacade   Parsing time 37 ms. 
895        WARN  main            d.u.i.k.n.ParsingFacade   file:/home/runner/work/key/key/key.core/build/resources/main/de/uka/ilkd/key/proof/rules/heap.key took 1 ms to parse. 
896        WARN  main            d.u.i.k.n.ParsingFacade   Parsing time 38 ms. 
898        WARN  main            d.u.i.k.n.ParsingFacade   file:/home/runner/work/key/key/key.core/build/resources/main/de/uka/ilkd/key/proof/rules/locSets.key took 0 ms to parse. 
898        WARN  main            d.u.i.k.n.ParsingFacade   Parsing time 38 ms. 
899        WARN  main            d.u.i.k.n.ParsingFacade   file:/home/runner/work/key/key/key.core/build/resources/main/de/uka/ilkd/key/proof/rules/permission.key took 1 ms to parse. 
899        WARN  main            d.u.i.k.n.ParsingFacade   Parsing time 39 ms. 
900        WARN  main            d.u.i.k.n.ParsingFacade   file:/home/runner/work/key/key/key.core/build/resources/main/de/uka/ilkd/key/proof/rules/reach.key took 0 ms to parse. 
900        WARN  main            d.u.i.k.n.ParsingFacade   Parsing time 39 ms. 
900        WARN  main            d.u.i.k.n.ParsingFacade   file:/home/runner/work/key/key/key.core/build/resources/main/de/uka/ilkd/key/proof/rules/seq.key took 0 ms to parse. 
900        WARN  main            d.u.i.k.n.ParsingFacade   Parsing time 39 ms. 
926        WARN  main            d.u.i.k.n.ParsingFacade   file:/home/runner/work/key/key/key.core/build/resources/main/de/uka/ilkd/key/proof/rules/map.key took 25 ms to parse. 
926        WARN  main            d.u.i.k.n.ParsingFacade   Parsing time 64 ms. 
927        WARN  main            d.u.i.k.n.ParsingFacade   file:/home/runner/work/key/key/key.core/build/resources/main/de/uka/ilkd/key/proof/rules/freeADT.key took 0 ms to parse. 
927        WARN  main            d.u.i.k.n.ParsingFacade   Parsing time 64 ms. 
927        WARN  main            d.u.i.k.n.ParsingFacade   file:/home/runner/work/key/key/key.core/build/resources/main/de/uka/ilkd/key/proof/rules/wellfound.key took 0 ms to parse. 
927        WARN  main            d.u.i.k.n.ParsingFacade   Parsing time 64 ms. 
928        WARN  main            d.u.i.k.n.ParsingFacade   file:/home/runner/work/key/key/key.core/build/resources/main/de/uka/ilkd/key/proof/rules/charListHeader.key took 0 ms to parse. 
928        WARN  main            d.u.i.k.n.ParsingFacade   Parsing time 64 ms. 
1056       WARN  main            d.u.i.k.n.ParsingFacade   file:/home/runner/work/key/key/key.core/build/resources/main/de/uka/ilkd/key/proof/rules/propRule.key took 5 ms to parse. 
1056       WARN  main            d.u.i.k.n.ParsingFacade   Parsing time 69 ms. 
1081       WARN  main            d.u.i.k.n.ParsingFacade   file:/home/runner/work/key/key/key.core/build/resources/main/de/uka/ilkd/key/proof/rules/firstOrderRules.key took 3 ms to parse. 
1081       WARN  main            d.u.i.k.n.ParsingFacade   Parsing time 72 ms. 
1108       WARN  main            d.u.i.k.n.ParsingFacade   file:/home/runner/work/key/key/key.core/build/resources/main/de/uka/ilkd/key/proof/rules/ifThenElseRules.key took 4 ms to parse. 
1108       WARN  main            d.u.i.k.n.ParsingFacade   Parsing time 76 ms. 
1178       WARN  main            d.u.i.k.n.ParsingFacade   file:/home/runner/work/key/key/key.core/build/resources/main/de/uka/ilkd/key/proof/rules/formulaNormalisationRules.key took 29 ms to parse. 
1179       WARN  main            d.u.i.k.n.ParsingFacade   Parsing time 105 ms. 
1229       WARN  main            d.u.i.k.n.ParsingFacade   file:/home/runner/work/key/key/key.core/build/resources/main/de/uka/ilkd/key/proof/rules/updateRules.key took 4 ms to parse. 
1230       WARN  main            d.u.i.k.n.ParsingFacade   Parsing time 109 ms. 
1253       WARN  main            d.u.i.k.n.ParsingFacade   file:/home/runner/work/key/key/key.core/build/resources/main/de/uka/ilkd/key/proof/rules/integerRulesCommon.key took 1 ms to parse. 
1253       WARN  main            d.u.i.k.n.ParsingFacade   Parsing time 110 ms. 
1349       WARN  main            d.u.i.k.n.ParsingFacade   file:/home/runner/work/key/key/key.core/build/resources/main/de/uka/ilkd/key/proof/rules/intRules.key took 2 ms to parse. 
1350       WARN  main            d.u.i.k.n.ParsingFacade   Parsing time 112 ms. 
1364       WARN  main            d.u.i.k.n.ParsingFacade   file:/home/runner/work/key/key/key.core/build/resources/main/de/uka/ilkd/key/proof/rules/intRulesUncheckedSemantics.key took 2 ms to parse. 
1364       WARN  main            d.u.i.k.n.ParsingFacade   Parsing time 114 ms. 
1372       WARN  main            d.u.i.k.n.ParsingFacade   file:/home/runner/work/key/key/key.core/build/resources/main/de/uka/ilkd/key/proof/rules/intRulesCheckedSemantics.key took 0 ms to parse. 
1373       WARN  main            d.u.i.k.n.ParsingFacade   Parsing time 114 ms. 
1380       WARN  main            d.u.i.k.n.ParsingFacade   file:/home/runner/work/key/key/key.core/build/resources/main/de/uka/ilkd/key/proof/rules/intRulesJavaSemantics.key took 2 ms to parse. 
1380       WARN  main            d.u.i.k.n.ParsingFacade   Parsing time 116 ms. 
1440       WARN  main            d.u.i.k.n.ParsingFacade   file:/home/runner/work/key/key/key.core/build/resources/main/de/uka/ilkd/key/proof/rules/integerSimplificationRules.key took 47 ms to parse. 
1440       WARN  main            d.u.i.k.n.ParsingFacade   Parsing time 163 ms. 
1546       DEBUG main            d.u.i.k.j.TypeConverter   No LDT found for Meta 
1546       DEBUG main            d.u.i.k.j.TypeConverter   No LDT found for Meta 
1547       DEBUG main            d.u.i.k.j.TypeConverter   No LDT found for Meta 
1548       DEBUG main            d.u.i.k.j.TypeConverter   No LDT found for Meta 
1598       WARN  main            d.u.i.k.n.ParsingFacade   file:/home/runner/work/key/key/key.core/build/resources/main/de/uka/ilkd/key/proof/rules/intDiv.key took 7 ms to parse. 
1599       WARN  main            d.u.i.k.n.ParsingFacade   Parsing time 170 ms. 
1638       WARN  main            d.u.i.k.n.ParsingFacade   file:/home/runner/work/key/key/key.core/build/resources/main/de/uka/ilkd/key/proof/rules/bsum.key took 11 ms to parse. 
1639       WARN  main            d.u.i.k.n.ParsingFacade   Parsing time 181 ms. 
1715       WARN  main            d.u.i.k.n.ParsingFacade   file:/home/runner/work/key/key/key.core/build/resources/main/de/uka/ilkd/key/proof/rules/bprod.key took 2 ms to parse. 
1715       WARN  main            d.u.i.k.n.ParsingFacade   Parsing time 183 ms. 
1724       WARN  main            d.u.i.k.n.ParsingFacade   file:/home/runner/work/key/key/key.core/build/resources/main/de/uka/ilkd/key/proof/rules/binaryAxioms.key took 1 ms to parse. 
1724       WARN  main            d.u.i.k.n.ParsingFacade   Parsing time 184 ms. 
1727       WARN  main            d.u.i.k.n.ParsingFacade   file:/home/runner/work/key/key/key.core/build/resources/main/de/uka/ilkd/key/proof/rules/binaryLemmas.key took 1 ms to parse. 
1727       WARN  main            d.u.i.k.n.ParsingFacade   Parsing time 185 ms. 
1731       WARN  main            d.u.i.k.n.ParsingFacade   file:/home/runner/work/key/key/key.core/build/resources/main/de/uka/ilkd/key/proof/rules/intPow.key took 1 ms to parse. 
1731       WARN  main            d.u.i.k.n.ParsingFacade   Parsing time 186 ms. 
1740       WARN  main            d.u.i.k.n.ParsingFacade   file:/home/runner/work/key/key/key.core/build/resources/main/de/uka/ilkd/key/proof/rules/floatRulesCommon.key took 3 ms to parse. 
1740       WARN  main            d.u.i.k.n.ParsingFacade   Parsing time 189 ms. 
1749       WARN  main            d.u.i.k.n.ParsingFacade   file:/home/runner/work/key/key/key.core/build/resources/main/de/uka/ilkd/key/proof/rules/floatRules.key took 0 ms to parse. 
1749       WARN  main            d.u.i.k.n.ParsingFacade   Parsing time 189 ms. 
1750       WARN  main            d.u.i.k.n.ParsingFacade   file:/home/runner/work/key/key/key.core/build/resources/main/de/uka/ilkd/key/proof/rules/floatRulesVerifyNormal.key took 0 ms to parse. 
1750       WARN  main            d.u.i.k.n.ParsingFacade   Parsing time 189 ms. 
1753       WARN  main            d.u.i.k.n.ParsingFacade   file:/home/runner/work/key/key/key.core/build/resources/main/de/uka/ilkd/key/proof/rules/floatRulesAssumeStrictfp.key took 2 ms to parse. 
1753       WARN  main            d.u.i.k.n.ParsingFacade   Parsing time 191 ms. 
1769       WARN  main            d.u.i.k.n.ParsingFacade   file:/home/runner/work/key/key/key.core/build/resources/main/de/uka/ilkd/key/proof/rules/genericRules.key took 1 ms to parse. 
1769       WARN  main            d.u.i.k.n.ParsingFacade   Parsing time 192 ms. 
1777       WARN  main            d.u.i.k.n.ParsingFacade   file:/home/runner/work/key/key/key.core/build/resources/main/de/uka/ilkd/key/proof/rules/booleanRules.key took 1 ms to parse. 
1777       WARN  main            d.u.i.k.n.ParsingFacade   Parsing time 193 ms. 
1779       WARN  main            d.u.i.k.n.ParsingFacade   file:/home/runner/work/key/key/key.core/build/resources/main/de/uka/ilkd/key/proof/rules/epsilon.key took 0 ms to parse. 
1779       WARN  main            d.u.i.k.n.ParsingFacade   Parsing time 193 ms. 
1786       WARN  main            d.u.i.k.n.ParsingFacade   file:/home/runner/work/key/key/key.core/build/resources/main/de/uka/ilkd/key/proof/rules/locSetsRules.key took 6 ms to parse. 
1786       WARN  main            d.u.i.k.n.ParsingFacade   Parsing time 199 ms. 
1837       WARN  main            d.u.i.k.n.ParsingFacade   file:/home/runner/work/key/key/key.core/build/resources/main/de/uka/ilkd/key/proof/rules/heapRules.key took 6 ms to parse. 
1837       WARN  main            d.u.i.k.n.ParsingFacade   Parsing time 205 ms. 
1858       WARN  main            d.u.i.k.n.ParsingFacade   file:/home/runner/work/key/key/key.core/build/resources/main/de/uka/ilkd/key/proof/rules/permissionRules.key took 2 ms to parse. 
1858       WARN  main            d.u.i.k.n.ParsingFacade   Parsing time 207 ms. 
1869       WARN  main            d.u.i.k.n.ParsingFacade   file:/home/runner/work/key/key/key.core/build/resources/main/de/uka/ilkd/key/proof/rules/reachRules.key took 2 ms to parse. 
1869       WARN  main            d.u.i.k.n.ParsingFacade   Parsing time 209 ms. 
1878       WARN  main            d.u.i.k.n.ParsingFacade   file:/home/runner/work/key/key/key.core/build/resources/main/de/uka/ilkd/key/proof/rules/seqCoreRules.key took 0 ms to parse. 
1878       WARN  main            d.u.i.k.n.ParsingFacade   Parsing time 209 ms. 
1884       WARN  main            d.u.i.k.n.ParsingFacade   file:/home/runner/work/key/key/key.core/build/resources/main/de/uka/ilkd/key/proof/rules/seqRules.key took 4 ms to parse. 
1884       WARN  main            d.u.i.k.n.ParsingFacade   Parsing time 213 ms. 
1931       WARN  main            d.u.i.k.n.ParsingFacade   file:/home/runner/work/key/key/key.core/build/resources/main/de/uka/ilkd/key/proof/rules/seqPerm.key took 4 ms to parse. 
1931       WARN  main            d.u.i.k.n.ParsingFacade   Parsing time 217 ms. 
1944       WARN  main            d.u.i.k.n.ParsingFacade   file:/home/runner/work/key/key/key.core/build/resources/main/de/uka/ilkd/key/proof/rules/seqPerm2.key took 1 ms to parse. 
1944       WARN  main            d.u.i.k.n.ParsingFacade   Parsing time 218 ms. 
1976       WARN  main            d.u.i.k.n.ParsingFacade   file:/home/runner/work/key/key/key.core/build/resources/main/de/uka/ilkd/key/proof/rules/javaRules.key took 30 ms to parse. 
1976       WARN  main            d.u.i.k.n.ParsingFacade   Parsing time 248 ms. 
1984       WARN  main            d.u.i.k.n.ParsingFacade   file:/home/runner/work/key/key/key.core/build/resources/main/de/uka/ilkd/key/proof/rules/assertions.key took 1 ms to parse. 
1984       WARN  main            d.u.i.k.n.ParsingFacade   Parsing time 249 ms. 
2499       WARN  main            d.u.i.k.n.ParsingFacade   file:/home/runner/work/key/key/key.core/build/resources/main/de/uka/ilkd/key/proof/rules/loopRules.key took 2 ms to parse. 
2499       WARN  main            d.u.i.k.n.ParsingFacade   Parsing time 251 ms. 
2507       WARN  main            d.u.i.k.n.ParsingFacade   file:/home/runner/work/key/key/key.core/build/resources/main/de/uka/ilkd/key/proof/rules/activeUse.key took 2 ms to parse. 
2507       WARN  main            d.u.i.k.n.ParsingFacade   Parsing time 253 ms. 
2561       WARN  main            d.u.i.k.n.ParsingFacade   file:/home/runner/work/key/key/key.core/build/resources/main/de/uka/ilkd/key/proof/rules/instanceAllocation.key took 8 ms to parse. 
2561       WARN  main            d.u.i.k.n.ParsingFacade   Parsing time 261 ms. 
2574       WARN  main            d.u.i.k.n.ParsingFacade   file:/home/runner/work/key/key/key.core/build/resources/main/de/uka/ilkd/key/proof/rules/java5.key took 0 ms to parse. 
2574       WARN  main            d.u.i.k.n.ParsingFacade   Parsing time 261 ms. 
2582       WARN  main            d.u.i.k.n.ParsingFacade   file:/home/runner/work/key/key/key.core/build/resources/main/de/uka/ilkd/key/proof/rules/integerAssignment2UpdateRules.key took 3 ms to parse. 
2582       WARN  main            d.u.i.k.n.ParsingFacade   Parsing time 264 ms. 
2642       WARN  main            d.u.i.k.n.ParsingFacade   file:/home/runner/work/key/key/key.core/build/resources/main/de/uka/ilkd/key/proof/rules/floatAssignment2UpdateRules.key took 5 ms to parse. 
2642       WARN  main            d.u.i.k.n.ParsingFacade   Parsing time 269 ms. 
2679       WARN  main            d.u.i.k.n.ParsingFacade   file:/home/runner/work/key/key/key.core/build/resources/main/de/uka/ilkd/key/proof/rules/bigint.key took 1 ms to parse. 
2680       WARN  main            d.u.i.k.n.ParsingFacade   Parsing time 270 ms. 
2693       DEBUG main            d.u.i.k.j.TypeConverter   No LDT found for JavaBigintExpression 
2696       WARN  main            d.u.i.k.n.ParsingFacade   file:/home/runner/work/key/key/key.core/build/resources/main/de/uka/ilkd/key/proof/rules/adtProgramDecompositionRules.key took 1 ms to parse. 
2697       WARN  main            d.u.i.k.n.ParsingFacade   Parsing time 271 ms. 
2712       WARN  main            d.u.i.k.n.ParsingFacade   file:/home/runner/work/key/key/key.core/build/resources/main/de/uka/ilkd/key/proof/rules/precRules.key took 1 ms to parse. 
2714       WARN  main            d.u.i.k.n.ParsingFacade   Parsing time 272 ms. 
2719       WARN  main            d.u.i.k.n.ParsingFacade   file:/home/runner/work/key/key/key.core/build/resources/main/de/uka/ilkd/key/proof/rules/charListRules.key took 3 ms to parse. 
2719       WARN  main            d.u.i.k.n.ParsingFacade   Parsing time 275 ms. 
2727       WARN  main            d.u.i.k.n.ParsingFacade   file:/home/runner/work/key/key/key.core/build/resources/main/de/uka/ilkd/key/proof/rules/regExTheory.key took 0 ms to parse. 
2727       WARN  main            d.u.i.k.n.ParsingFacade   Parsing time 275 ms. 
2729       WARN  main            d.u.i.k.n.ParsingFacade   file:/home/runner/work/key/key/key.core/build/resources/main/de/uka/ilkd/key/proof/rules/regExHeader.key took 0 ms to parse. 
2729       WARN  main            d.u.i.k.n.ParsingFacade   Parsing time 275 ms. 
2731       WARN  main            d.u.i.k.n.ParsingFacade   file:/home/runner/work/key/key/key.core/build/resources/main/de/uka/ilkd/key/proof/rules/regExAxioms.key took 1 ms to parse. 
2731       WARN  main            d.u.i.k.n.ParsingFacade   Parsing time 276 ms. 
2734       WARN  main            d.u.i.k.n.ParsingFacade   file:/home/runner/work/key/key/key.core/build/resources/main/de/uka/ilkd/key/proof/rules/regExLemmaProven.key took 1 ms to parse. 
2734       WARN  main            d.u.i.k.n.ParsingFacade   Parsing time 277 ms. 
2739       WARN  main            d.u.i.k.n.ParsingFacade   file:/home/runner/work/key/key/key.core/build/resources/main/de/uka/ilkd/key/proof/rules/seqEq.key took 2 ms to parse. 
2739       WARN  main            d.u.i.k.n.ParsingFacade   Parsing time 279 ms. 
2746       WARN  main            d.u.i.k.n.ParsingFacade   file:/home/runner/work/key/key/key.core/build/resources/main/de/uka/ilkd/key/proof/rules/infFlow.key took 3 ms to parse. 
2746       WARN  main            d.u.i.k.n.ParsingFacade   Parsing time 282 ms. 
2751       WARN  main            d.u.i.k.n.ParsingFacade   file:/home/runner/work/key/key/key.core/build/resources/main/de/uka/ilkd/key/proof/rules/mapSize.key took 1 ms to parse. 
2751       WARN  main            d.u.i.k.n.ParsingFacade   Parsing time 283 ms. 
2753       WARN  main            d.u.i.k.n.ParsingFacade   file:/home/runner/work/key/key/key.core/build/resources/main/de/uka/ilkd/key/proof/rules/wd.key took 0 ms to parse. 
2753       WARN  main            d.u.i.k.n.ParsingFacade   Parsing time 283 ms. 
2756       WARN  main            d.u.i.k.n.ParsingFacade   file:/home/runner/work/key/key/key.core/build/resources/main/de/uka/ilkd/key/proof/rules/wdHeader.key took 0 ms to parse. 
2756       WARN  main            d.u.i.k.n.ParsingFacade   Parsing time 283 ms. 
2758       WARN  main            d.u.i.k.n.ParsingFacade   file:/home/runner/work/key/key/key.core/build/resources/main/de/uka/ilkd/key/proof/rules/wdGeneralRules.key took 1 ms to parse. 
2758       WARN  main            d.u.i.k.n.ParsingFacade   Parsing time 284 ms. 
2766       WARN  main            d.u.i.k.n.ParsingFacade   file:/home/runner/work/key/key/key.core/build/resources/main/de/uka/ilkd/key/proof/rules/wdNumericalRules.key took 4 ms to parse. 
2766       WARN  main            d.u.i.k.n.ParsingFacade   Parsing time 288 ms. 
2782       WARN  main            d.u.i.k.n.ParsingFacade   file:/home/runner/work/key/key/key.core/build/resources/main/de/uka/ilkd/key/proof/rules/wdLocSetRules.key took 1 ms to parse. 
2782       WARN  main            d.u.i.k.n.ParsingFacade   Parsing time 289 ms. 
2786       WARN  main            d.u.i.k.n.ParsingFacade   file:/home/runner/work/key/key/key.core/build/resources/main/de/uka/ilkd/key/proof/rules/wdHeapRules.key took 0 ms to parse. 
2786       WARN  main            d.u.i.k.n.ParsingFacade   Parsing time 289 ms. 
2789       WARN  main            d.u.i.k.n.ParsingFacade   file:/home/runner/work/key/key/key.core/build/resources/main/de/uka/ilkd/key/proof/rules/wdReachRules.key took 0 ms to parse. 
2790       WARN  main            d.u.i.k.n.ParsingFacade   Parsing time 289 ms. 
2791       WARN  main            d.u.i.k.n.ParsingFacade   file:/home/runner/work/key/key/key.core/build/resources/main/de/uka/ilkd/key/proof/rules/wdSeqRules.key took 0 ms to parse. 
2791       WARN  main            d.u.i.k.n.ParsingFacade   Parsing time 289 ms. 
2794       WARN  main            d.u.i.k.n.ParsingFacade   file:/home/runner/work/key/key/key.core/build/resources/main/de/uka/ilkd/key/proof/rules/wdStringRules.key took 0 ms to parse. 
2794       WARN  main            d.u.i.k.n.ParsingFacade   Parsing time 289 ms. 
2797       WARN  main            d.u.i.k.n.ParsingFacade   file:/home/runner/work/key/key/key.core/build/resources/main/de/uka/ilkd/key/proof/rules/wdRegExRules.key took 1 ms to parse. 
2797       WARN  main            d.u.i.k.n.ParsingFacade   Parsing time 290 ms. 
2802       WARN  main            d.u.i.k.n.ParsingFacade   file:/home/runner/work/key/key/key.core/build/resources/main/de/uka/ilkd/key/proof/rules/wdFormulaRules.key took 4 ms to parse. 
2802       WARN  main            d.u.i.k.n.ParsingFacade   Parsing time 294 ms. 
2860       WARN  main            d.u.i.k.n.ParsingFacade   file:/home/runner/work/key/key/key.core/build/resources/main/de/uka/ilkd/key/proof/rules/loopInvariantRules.key took 47 ms to parse. 
2860       WARN  main            d.u.i.k.n.ParsingFacade   Parsing time 341 ms. 
2862       WARN  main            d.u.i.k.n.ParsingFacade   file:/home/runner/work/key/key/key.core/build/resources/main/de/uka/ilkd/key/proof/rules/forLoopRules.key took 0 ms to parse. 
2862       WARN  main            d.u.i.k.n.ParsingFacade   Parsing time 341 ms. 
2867       WARN  main            d.u.i.k.n.ParsingFacade   file:/home/runner/work/key/key/key.core/build/resources/main/de/uka/ilkd/key/proof/rules/execRules.key took 3 ms to parse. 
2867       WARN  main            d.u.i.k.n.ParsingFacade   Parsing time 344 ms. 
2947       WARN  main            d.u.i.k.n.ParsingFacade   file:/home/runner/work/key/key/key.core/build/resources/main/de/uka/ilkd/key/proof/rules/loopScopeRules.key took 3 ms to parse. 
2947       WARN  main            d.u.i.k.n.ParsingFacade   Parsing time 347 ms. 
6332       WARN  main            d.u.i.k.n.ParsingFacade   file:/home/runner/work/key/key/key.core/build/resources/main/de/uka/ilkd/key/java/JavaRedux/java/lang/String.key took 3 ms to parse. 
6332       WARN  main            d.u.i.k.n.ParsingFacade   Parsing time 350 ms. 
8622       DEBUG main            d.u.i.k.p.i.AbstractProblemLoader Init config took 7.8s 
8742       INFO  main            d.u.i.k.p.i.AbstractProblemLoader Replaying proof Harness[Harness::sparseArrayTestHarness1()].JML normal_behavior operation contract.0 
8774       DEBUG main            d.u.i.k.p.i.IntermediateProofReplayer Proof replay took 32.9ns 
8776       WARN  main            d.u.i.k.n.ParsingFacade   /home/runner/work/key/key/key.core/../key.ui/examples/heap/vacid0_01_SparseArray/Harness_sparseArrayTestHarness1.key took 0 ms to parse. 
8776       WARN  main            d.u.i.k.n.ParsingFacade   Parsing time 350 ms. 
10207      INFO  main            d.u.i.k.p.r.p.TestFile    ... finished proof: closed. 
10339      INFO  main            d.u.i.k.p.i.AbstractProblemLoader Loading environment from /home/runner/work/key/key/key.core/../key.ui/examples/heap/vacid0_01_SparseArray/Harness_sparseArrayTestHarness1.key.proof 
10339      DEBUG main            d.u.i.k.p.i.AbstractProblemLoader Environment load took 352.51ns 
10340      WARN  main            d.u.i.k.n.ParsingFacade   /home/runner/work/key/key/key.core/../key.ui/examples/heap/vacid0_01_SparseArray/Harness_sparseArrayTestHarness1.key.proof took 0 ms to parse. 
10341      WARN  main            d.u.i.k.n.ParsingFacade   Parsing time 350 ms. 
10343      INFO  main            d.u.i.k.p.i.AbstractProblemLoader Creating init config 
11529      WARN  main            d.u.i.k.n.ParsingFacade   file:/home/runner/work/key/key/key.core/build/resources/main/de/uka/ilkd/key/java/JavaRedux/java/lang/String.key took 2 ms to parse. 
11530      WARN  main            d.u.i.k.n.ParsingFacade   Parsing time 352 ms. 
13450      DEBUG main            d.u.i.k.p.i.AbstractProblemLoader Init config took 3.11s 
13536      INFO  main            d.u.i.k.p.i.AbstractProblemLoader Replaying proof Harness[Harness::sparseArrayTestHarness1()].JML normal_behavior operation contract.0 
13723      DEBUG main            d.u.i.k.p.i.IntermediateProofReplayer Proof replay took 171.24ms 
13724      WARN  main            d.u.i.k.n.ParsingFacade   /home/runner/work/key/key/key.core/../key.ui/examples/heap/vacid0_01_SparseArray/Harness_sparseArrayTestHarness1.key.proof took 1 ms to parse. 
13724      WARN  main            d.u.i.k.n.ParsingFacade   Parsing time 353 ms. 
13730      DEBUG main            d.u.i.k.p.r.p.TestFile    ... success: reloaded. 
13732      INFO  main            d.u.i.k.p.r.p.TestFile    Now processing file /home/runner/work/key/key/key.core/../key.ui/examples/heap/vacid0_01_SparseArray/Harness_sparseArrayTestHarness2.key 
13732      INFO  main            d.u.i.k.p.i.AbstractProblemLoader Loading environment from /home/runner/work/key/key/key.core/../key.ui/examples/heap/vacid0_01_SparseArray/Harness_sparseArrayTestHarness2.key 
13732      DEBUG main            d.u.i.k.p.i.AbstractProblemLoader Environment load took 181ns 
13732      WARN  main            d.u.i.k.n.ParsingFacade   /home/runner/work/key/key/key.core/../key.ui/examples/heap/vacid0_01_SparseArray/Harness_sparseArrayTestHarness2.key took 0 ms to parse. 
13733      WARN  main            d.u.i.k.n.ParsingFacade   Parsing time 353 ms. 
13734      INFO  main            d.u.i.k.p.i.AbstractProblemLoader Creating init config 
14761      WARN  main            d.u.i.k.n.ParsingFacade   file:/home/runner/work/key/key/key.core/build/resources/main/de/uka/ilkd/key/java/JavaRedux/java/lang/String.key took 12 ms to parse. 
14761      WARN  main            d.u.i.k.n.ParsingFacade   Parsing time 365 ms. 
16661      DEBUG main            d.u.i.k.p.i.AbstractProblemLoader Init config took 2.93s 
16732      INFO  main            d.u.i.k.p.i.AbstractProblemLoader Replaying proof Harness[Harness::sparseArrayTestHarness2()].JML normal_behavior operation contract.0 
16734      DEBUG main            d.u.i.k.p.i.IntermediateProofReplayer Proof replay took 6.3ns 
16735      WARN  main            d.u.i.k.n.ParsingFacade   /home/runner/work/key/key/key.core/../key.ui/examples/heap/vacid0_01_SparseArray/Harness_sparseArrayTestHarness2.key took 0 ms to parse. 
16735      WARN  main            d.u.i.k.n.ParsingFacade   Parsing time 365 ms. 
26623      INFO  main            d.u.i.k.p.r.p.TestFile    ... finished proof: closed. 
26833      INFO  main            d.u.i.k.p.i.AbstractProblemLoader Loading environment from /home/runner/work/key/key/key.core/../key.ui/examples/heap/vacid0_01_SparseArray/Harness_sparseArrayTestHarness2.key.proof 
26833      DEBUG main            d.u.i.k.p.i.AbstractProblemLoader Environment load took 391.91ns 
26835      WARN  main            d.u.i.k.n.ParsingFacade   /home/runner/work/key/key/key.core/../key.ui/examples/heap/vacid0_01_SparseArray/Harness_sparseArrayTestHarness2.key.proof took 0 ms to parse. 
26835      WARN  main            d.u.i.k.n.ParsingFacade   Parsing time 365 ms. 
26836      INFO  main            d.u.i.k.p.i.AbstractProblemLoader Creating init config 
27812      WARN  main            d.u.i.k.n.ParsingFacade   file:/home/runner/work/key/key/key.core/build/resources/main/de/uka/ilkd/key/java/JavaRedux/java/lang/String.key took 2 ms to parse. 
27812      WARN  main            d.u.i.k.n.ParsingFacade   Parsing time 367 ms. 
29613      DEBUG main            d.u.i.k.p.i.AbstractProblemLoader Init config took 2.78s 
29668      INFO  main            d.u.i.k.p.i.AbstractProblemLoader Replaying proof Harness[Harness::sparseArrayTestHarness2()].JML normal_behavior operation contract.0 
30768      DEBUG main            d.u.i.k.p.i.IntermediateProofReplayer Proof replay took 1.05s 
30775      WARN  main            d.u.i.k.n.ParsingFacade   /home/runner/work/key/key/key.core/../key.ui/examples/heap/vacid0_01_SparseArray/Harness_sparseArrayTestHarness2.key.proof took 0 ms to parse. 
30775      WARN  main            d.u.i.k.n.ParsingFacade   Parsing time 367 ms. 
30777      DEBUG main            d.u.i.k.p.r.p.TestFile    ... success: reloaded. 
30782      INFO  main            d.u.i.k.p.r.p.TestFile    Now processing file /home/runner/work/key/key/key.core/../key.ui/examples/heap/vacid0_01_SparseArray/MemoryAllocator_alloc_unsigned.key 
30782      INFO  main            d.u.i.k.p.i.AbstractProblemLoader Loading environment from /home/runner/work/key/key/key.core/../key.ui/examples/heap/vacid0_01_SparseArray/MemoryAllocator_alloc_unsigned.key 
30783      DEBUG main            d.u.i.k.p.i.AbstractProblemLoader Environment load took 337.51ns 
30784      WARN  main            d.u.i.k.n.ParsingFacade   /home/runner/work/key/key/key.core/../key.ui/examples/heap/vacid0_01_SparseArray/MemoryAllocator_alloc_unsigned.key took 1 ms to parse. 
30784      WARN  main            d.u.i.k.n.ParsingFacade   Parsing time 368 ms. 
30786      INFO  main            d.u.i.k.p.i.AbstractProblemLoader Creating init config 
31829      WARN  main            d.u.i.k.n.ParsingFacade   file:/home/runner/work/key/key/key.core/build/resources/main/de/uka/ilkd/key/java/JavaRedux/java/lang/String.key took 1 ms to parse. 
31829      WARN  main            d.u.i.k.n.ParsingFacade   Parsing time 369 ms. 
33662      DEBUG main            d.u.i.k.p.i.AbstractProblemLoader Init config took 2.88s 
33707      INFO  main            d.u.i.k.p.i.AbstractProblemLoader Replaying proof MemoryAllocator[MemoryAllocator::alloc_unsigned(int)].JML normal_behavior operation contract.0 
33709      DEBUG main            d.u.i.k.p.i.IntermediateProofReplayer Proof replay took 5.8ns 
33709      WARN  main            d.u.i.k.n.ParsingFacade   /home/runner/work/key/key/key.core/../key.ui/examples/heap/vacid0_01_SparseArray/MemoryAllocator_alloc_unsigned.key took 0 ms to parse. 
33709      WARN  main            d.u.i.k.n.ParsingFacade   Parsing time 369 ms. 
34613      INFO  main            d.u.i.k.p.r.p.TestFile    ... finished proof: closed. 
34788      INFO  main            d.u.i.k.p.i.AbstractProblemLoader Loading environment from /home/runner/work/key/key/key.core/../key.ui/examples/heap/vacid0_01_SparseArray/MemoryAllocator_alloc_unsigned.key.proof 
34789      DEBUG main            d.u.i.k.p.i.AbstractProblemLoader Environment load took 349.11ns 
34789      WARN  main            d.u.i.k.n.ParsingFacade   /home/runner/work/key/key/key.core/../key.ui/examples/heap/vacid0_01_SparseArray/MemoryAllocator_alloc_unsigned.key.proof took 0 ms to parse. 
34789      WARN  main            d.u.i.k.n.ParsingFacade   Parsing time 369 ms. 
34792      INFO  main            d.u.i.k.p.i.AbstractProblemLoader Creating init config 
35735      WARN  main            d.u.i.k.n.ParsingFacade   file:/home/runner/work/key/key/key.core/build/resources/main/de/uka/ilkd/key/java/JavaRedux/java/lang/String.key took 1 ms to parse. 
35735      WARN  main            d.u.i.k.n.ParsingFacade   Parsing time 370 ms. 
37549      DEBUG main            d.u.i.k.p.i.AbstractProblemLoader Init config took 2.76s 
37612      INFO  main            d.u.i.k.p.i.AbstractProblemLoader Replaying proof MemoryAllocator[MemoryAllocator::alloc_unsigned(int)].JML normal_behavior operation contract.0 
37830      DEBUG main            d.u.i.k.p.i.IntermediateProofReplayer Proof replay took 211.24ms 
37830      WARN  main            d.u.i.k.n.ParsingFacade   /home/runner/work/key/key/key.core/../key.ui/examples/heap/vacid0_01_SparseArray/MemoryAllocator_alloc_unsigned.key.proof took 0 ms to parse. 
37831      WARN  main            d.u.i.k.n.ParsingFacade   Parsing time 370 ms. 
37831      DEBUG main            d.u.i.k.p.r.p.TestFile    ... success: reloaded. 
37832      INFO  main            d.u.i.k.p.r.p.TestFile    Now processing file /home/runner/work/key/key/key.core/../key.ui/examples/heap/vacid0_01_SparseArray/MemoryAllocator_alloc.key 
37833      INFO  main            d.u.i.k.p.i.AbstractProblemLoader Loading environment from /home/runner/work/key/key/key.core/../key.ui/examples/heap/vacid0_01_SparseArray/MemoryAllocator_alloc.key 
37833      DEBUG main            d.u.i.k.p.i.AbstractProblemLoader Environment load took 186.7ns 
37833      WARN  main            d.u.i.k.n.ParsingFacade   /home/runner/work/key/key/key.core/../key.ui/examples/heap/vacid0_01_SparseArray/MemoryAllocator_alloc.key took 0 ms to parse. 
37833      WARN  main            d.u.i.k.n.ParsingFacade   Parsing time 370 ms. 
37834      INFO  main            d.u.i.k.p.i.AbstractProblemLoader Creating init config 
38771      WARN  main            d.u.i.k.n.ParsingFacade   file:/home/runner/work/key/key/key.core/build/resources/main/de/uka/ilkd/key/java/JavaRedux/java/lang/String.key took 1 ms to parse. 
38771      WARN  main            d.u.i.k.n.ParsingFacade   Parsing time 371 ms. 
40584      DEBUG main            d.u.i.k.p.i.AbstractProblemLoader Init config took 2.75s 
40626      INFO  main            d.u.i.k.p.i.AbstractProblemLoader Replaying proof MemoryAllocator[MemoryAllocator::alloc(int)].JML normal_behavior operation contract.0 
40628      DEBUG main            d.u.i.k.p.i.IntermediateProofReplayer Proof replay took 5.5ns 
40628      WARN  main            d.u.i.k.n.ParsingFacade   /home/runner/work/key/key/key.core/../key.ui/examples/heap/vacid0_01_SparseArray/MemoryAllocator_alloc.key took 0 ms to parse. 
40628      WARN  main            d.u.i.k.n.ParsingFacade   Parsing time 371 ms. 
41233      INFO  main            d.u.i.k.p.r.p.TestFile    ... finished proof: closed. 
41439      INFO  main            d.u.i.k.p.i.AbstractProblemLoader Loading environment from /home/runner/work/key/key/key.core/../key.ui/examples/heap/vacid0_01_SparseArray/MemoryAllocator_alloc.key.proof 
41440      DEBUG main            d.u.i.k.p.i.AbstractProblemLoader Environment load took 346ns 
41440      WARN  main            d.u.i.k.n.ParsingFacade   /home/runner/work/key/key/key.core/../key.ui/examples/heap/vacid0_01_SparseArray/MemoryAllocator_alloc.key.proof took 0 ms to parse. 
41440      WARN  main            d.u.i.k.n.ParsingFacade   Parsing time 371 ms. 
41441      INFO  main            d.u.i.k.p.i.AbstractProblemLoader Creating init config 
42384      WARN  main            d.u.i.k.n.ParsingFacade   file:/home/runner/work/key/key/key.core/build/resources/main/de/uka/ilkd/key/java/JavaRedux/java/lang/String.key took 1 ms to parse. 
42384      WARN  main            d.u.i.k.n.ParsingFacade   Parsing time 372 ms. 
44155      DEBUG main            d.u.i.k.p.i.AbstractProblemLoader Init config took 2.71s 
44197      INFO  main            d.u.i.k.p.i.AbstractProblemLoader Replaying proof MemoryAllocator[MemoryAllocator::alloc(int)].JML normal_behavior operation contract.0 
44328      DEBUG main            d.u.i.k.p.i.IntermediateProofReplayer Proof replay took 126.34ms 
44329      WARN  main            d.u.i.k.n.ParsingFacade   /home/runner/work/key/key/key.core/../key.ui/examples/heap/vacid0_01_SparseArray/MemoryAllocator_alloc.key.proof took 0 ms to parse. 
44329      WARN  main            d.u.i.k.n.ParsingFacade   Parsing time 372 ms. 
44330      DEBUG main            d.u.i.k.p.r.p.TestFile    ... success: reloaded. 
44331      INFO  main            d.u.i.k.p.r.p.TestFile    Now processing file /home/runner/work/key/key/key.core/../key.ui/examples/heap/vacid0_01_SparseArray/SparseArray_get_dep.key 
44331      INFO  main            d.u.i.k.p.i.AbstractProblemLoader Loading environment from /home/runner/work/key/key/key.core/../key.ui/examples/heap/vacid0_01_SparseArray/SparseArray_get_dep.key 
44332      DEBUG main            d.u.i.k.p.i.AbstractProblemLoader Environment load took 175ns 
44332      WARN  main            d.u.i.k.n.ParsingFacade   /home/runner/work/key/key/key.core/../key.ui/examples/heap/vacid0_01_SparseArray/SparseArray_get_dep.key took 0 ms to parse. 
44332      WARN  main            d.u.i.k.n.ParsingFacade   Parsing time 372 ms. 
44333      INFO  main            d.u.i.k.p.i.AbstractProblemLoader Creating init config 
45278      WARN  main            d.u.i.k.n.ParsingFacade   file:/home/runner/work/key/key/key.core/build/resources/main/de/uka/ilkd/key/java/JavaRedux/java/lang/String.key took 1 ms to parse. 
45278      WARN  main            d.u.i.k.n.ParsingFacade   Parsing time 373 ms. 
47096      DEBUG main            d.u.i.k.p.i.AbstractProblemLoader Init config took 2.76s 
47160      INFO  main            d.u.i.k.p.i.AbstractProblemLoader Replaying proof SparseArray[SparseArray::get(int)].JML accessible clause.0 
47162      DEBUG main            d.u.i.k.p.i.IntermediateProofReplayer Proof replay took 5.7ns 
47163      WARN  main            d.u.i.k.n.ParsingFacade   /home/runner/work/key/key/key.core/../key.ui/examples/heap/vacid0_01_SparseArray/SparseArray_get_dep.key took 0 ms to parse. 
47163      WARN  main            d.u.i.k.n.ParsingFacade   Parsing time 373 ms. 
50384      INFO  main            d.u.i.k.p.r.p.TestFile    ... finished proof: closed. 
50632      INFO  main            d.u.i.k.p.i.AbstractProblemLoader Loading environment from /home/runner/work/key/key/key.core/../key.ui/examples/heap/vacid0_01_SparseArray/SparseArray_get_dep.key.proof 
50632      DEBUG main            d.u.i.k.p.i.AbstractProblemLoader Environment load took 346.21ns 
50633      WARN  main            d.u.i.k.n.ParsingFacade   /home/runner/work/key/key/key.core/../key.ui/examples/heap/vacid0_01_SparseArray/SparseArray_get_dep.key.proof took 0 ms to parse. 
50633      WARN  main            d.u.i.k.n.ParsingFacade   Parsing time 373 ms. 
50634      INFO  main            d.u.i.k.p.i.AbstractProblemLoader Creating init config 
51603      WARN  main            d.u.i.k.n.ParsingFacade   file:/home/runner/work/key/key/key.core/build/resources/main/de/uka/ilkd/key/java/JavaRedux/java/lang/String.key took 1 ms to parse. 
51603      WARN  main            d.u.i.k.n.ParsingFacade   Parsing time 374 ms. 
53374      DEBUG main            d.u.i.k.p.i.AbstractProblemLoader Init config took 2.74s 
53431      INFO  main            d.u.i.k.p.i.AbstractProblemLoader Replaying proof SparseArray[SparseArray::get(int)].JML accessible clause.0 
53763      DEBUG main            d.u.i.k.p.i.IntermediateProofReplayer Proof replay took 320.58ms 
53764      WARN  main            d.u.i.k.n.ParsingFacade   /home/runner/work/key/key/key.core/../key.ui/examples/heap/vacid0_01_SparseArray/SparseArray_get_dep.key.proof took 0 ms to parse. 
53765      WARN  main            d.u.i.k.n.ParsingFacade   Parsing time 374 ms. 
53765      DEBUG main            d.u.i.k.p.r.p.TestFile    ... success: reloaded. 
53767      INFO  main            d.u.i.k.p.r.p.TestFile    Now processing file /home/runner/work/key/key/key.core/../key.ui/examples/heap/vacid0_01_SparseArray/SparseArray_get.key 
53767      INFO  main            d.u.i.k.p.i.AbstractProblemLoader Loading environment from /home/runner/work/key/key/key.core/../key.ui/examples/heap/vacid0_01_SparseArray/SparseArray_get.key 
53767      DEBUG main            d.u.i.k.p.i.AbstractProblemLoader Environment load took 174.2ns 
53767      WARN  main            d.u.i.k.n.ParsingFacade   /home/runner/work/key/key/key.core/../key.ui/examples/heap/vacid0_01_SparseArray/SparseArray_get.key took 0 ms to parse. 
53768      WARN  main            d.u.i.k.n.ParsingFacade   Parsing time 374 ms. 
53768      INFO  main            d.u.i.k.p.i.AbstractProblemLoader Creating init config 
54681      WARN  main            d.u.i.k.n.ParsingFacade   file:/home/runner/work/key/key/key.core/build/resources/main/de/uka/ilkd/key/java/JavaRedux/java/lang/String.key took 2 ms to parse. 
54681      WARN  main            d.u.i.k.n.ParsingFacade   Parsing time 376 ms. 
56453      DEBUG main            d.u.i.k.p.i.AbstractProblemLoader Init config took 2.69s 
56509      INFO  main            d.u.i.k.p.i.AbstractProblemLoader Replaying proof SparseArray[SparseArray::get(int)].JML normal_behavior operation contract.0 
56511      DEBUG main            d.u.i.k.p.i.IntermediateProofReplayer Proof replay took 6ns 
56511      WARN  main            d.u.i.k.n.ParsingFacade   /home/runner/work/key/key/key.core/../key.ui/examples/heap/vacid0_01_SparseArray/SparseArray_get.key took 0 ms to parse. 
56512      WARN  main            d.u.i.k.n.ParsingFacade   Parsing time 376 ms. 
58719      INFO  main            d.u.i.k.p.r.p.TestFile    ... finished proof: closed. 
58908      INFO  main            d.u.i.k.p.i.AbstractProblemLoader Loading environment from /home/runner/work/key/key/key.core/../key.ui/examples/heap/vacid0_01_SparseArray/SparseArray_get.key.proof 
58909      DEBUG main            d.u.i.k.p.i.AbstractProblemLoader Environment load took 336.61ns 
58909      WARN  main            d.u.i.k.n.ParsingFacade   /home/runner/work/key/key/key.core/../key.ui/examples/heap/vacid0_01_SparseArray/SparseArray_get.key.proof took 0 ms to parse. 
58910      WARN  main            d.u.i.k.n.ParsingFacade   Parsing time 376 ms. 
58910      INFO  main            d.u.i.k.p.i.AbstractProblemLoader Creating init config 
59804      WARN  main            d.u.i.k.n.ParsingFacade   file:/home/runner/work/key/key/key.core/build/resources/main/de/uka/ilkd/key/java/JavaRedux/java/lang/String.key took 1 ms to parse. 
59804      WARN  main            d.u.i.k.n.ParsingFacade   Parsing time 377 ms. 
61620      DEBUG main            d.u.i.k.p.i.AbstractProblemLoader Init config took 2.71s 
61674      INFO  main            d.u.i.k.p.i.AbstractProblemLoader Replaying proof SparseArray[SparseArray::get(int)].JML normal_behavior operation contract.0 
61936      DEBUG main            d.u.i.k.p.i.IntermediateProofReplayer Proof replay took 252.38ms 
61937      WARN  main            d.u.i.k.n.ParsingFacade   /home/runner/work/key/key/key.core/../key.ui/examples/heap/vacid0_01_SparseArray/SparseArray_get.key.proof took 0 ms to parse. 
61937      WARN  main            d.u.i.k.n.ParsingFacade   Parsing time 377 ms. 
61937      DEBUG main            d.u.i.k.p.r.p.TestFile    ... success: reloaded. 
61939      INFO  main            d.u.i.k.p.r.p.TestFile    Now processing file /home/runner/work/key/key/key.core/../key.ui/examples/heap/vacid0_01_SparseArray/SparseArray_inv.key 
61939      INFO  main            d.u.i.k.p.i.AbstractProblemLoader Loading environment from /home/runner/work/key/key/key.core/../key.ui/examples/heap/vacid0_01_SparseArray/SparseArray_inv.key 
61939      DEBUG main            d.u.i.k.p.i.AbstractProblemLoader Environment load took 137.3ns 
61939      WARN  main            d.u.i.k.n.ParsingFacade   /home/runner/work/key/key/key.core/../key.ui/examples/heap/vacid0_01_SparseArray/SparseArray_inv.key took 0 ms to parse. 
61939      WARN  main            d.u.i.k.n.ParsingFacade   Parsing time 377 ms. 
61940      INFO  main            d.u.i.k.p.i.AbstractProblemLoader Creating init config 
62841      WARN  main            d.u.i.k.n.ParsingFacade   file:/home/runner/work/key/key/key.core/build/resources/main/de/uka/ilkd/key/java/JavaRedux/java/lang/String.key took 1 ms to parse. 
62842      WARN  main            d.u.i.k.n.ParsingFacade   Parsing time 378 ms. 
64646      DEBUG main            d.u.i.k.p.i.AbstractProblemLoader Init config took 2.71s 
64700      INFO  main            d.u.i.k.p.i.AbstractProblemLoader Replaying proof SparseArray[java.lang.Object::<inv>()].JML accessible clause.0 
64701      DEBUG main            d.u.i.k.p.i.IntermediateProofReplayer Proof replay took 6.6ns 
64702      WARN  main            d.u.i.k.n.ParsingFacade   /home/runner/work/key/key/key.core/../key.ui/examples/heap/vacid0_01_SparseArray/SparseArray_inv.key took 0 ms to parse. 
64702      WARN  main            d.u.i.k.n.ParsingFacade   Parsing time 378 ms. 
66620      INFO  main            d.u.i.k.p.r.p.TestFile    ... finished proof: closed. 
66814      INFO  main            d.u.i.k.p.i.AbstractProblemLoader Loading environment from /home/runner/work/key/key/key.core/../key.ui/examples/heap/vacid0_01_SparseArray/SparseArray_inv.key.proof 
66815      DEBUG main            d.u.i.k.p.i.AbstractProblemLoader Environment load took 332.51ns 
66815      WARN  main            d.u.i.k.n.ParsingFacade   /home/runner/work/key/key/key.core/../key.ui/examples/heap/vacid0_01_SparseArray/SparseArray_inv.key.proof took 0 ms to parse. 
66815      WARN  main            d.u.i.k.n.ParsingFacade   Parsing time 378 ms. 
66816      INFO  main            d.u.i.k.p.i.AbstractProblemLoader Creating init config 
67710      WARN  main            d.u.i.k.n.ParsingFacade   file:/home/runner/work/key/key/key.core/build/resources/main/de/uka/ilkd/key/java/JavaRedux/java/lang/String.key took 1 ms to parse. 
67710      WARN  main            d.u.i.k.n.ParsingFacade   Parsing time 379 ms. 
69513      DEBUG main            d.u.i.k.p.i.AbstractProblemLoader Init config took 2.7s 
69568      INFO  main            d.u.i.k.p.i.AbstractProblemLoader Replaying proof SparseArray[java.lang.Object::<inv>()].JML accessible clause.0 
69706      DEBUG main            d.u.i.k.p.i.IntermediateProofReplayer Proof replay took 121.05ms 
69707      WARN  main            d.u.i.k.n.ParsingFacade   /home/runner/work/key/key/key.core/../key.ui/examples/heap/vacid0_01_SparseArray/SparseArray_inv.key.proof took 0 ms to parse. 
69707      WARN  main            d.u.i.k.n.ParsingFacade   Parsing time 379 ms. 
69707      DEBUG main            d.u.i.k.p.r.p.TestFile    ... success: reloaded. 
69708      INFO  main            d.u.i.k.p.r.p.TestFile    Now processing file /home/runner/work/key/key/key.core/../key.ui/examples/heap/vacid0_01_SparseArray/SparseArray_SparseArray.key 
69709      INFO  main            d.u.i.k.p.i.AbstractProblemLoader Loading environment from /home/runner/work/key/key/key.core/../key.ui/examples/heap/vacid0_01_SparseArray/SparseArray_SparseArray.key 
69709      DEBUG main            d.u.i.k.p.i.AbstractProblemLoader Environment load took 93.5ns 
69709      WARN  main            d.u.i.k.n.ParsingFacade   /home/runner/work/key/key/key.core/../key.ui/examples/heap/vacid0_01_SparseArray/SparseArray_SparseArray.key took 0 ms to parse. 
69709      WARN  main            d.u.i.k.n.ParsingFacade   Parsing time 379 ms. 
69710      INFO  main            d.u.i.k.p.i.AbstractProblemLoader Creating init config 
70610      WARN  main            d.u.i.k.n.ParsingFacade   file:/home/runner/work/key/key/key.core/build/resources/main/de/uka/ilkd/key/java/JavaRedux/java/lang/String.key took 1 ms to parse. 
70610      WARN  main            d.u.i.k.n.ParsingFacade   Parsing time 380 ms. 
72386      DEBUG main            d.u.i.k.p.i.AbstractProblemLoader Init config took 2.68s 
72458      INFO  main            d.u.i.k.p.i.AbstractProblemLoader Replaying proof SparseArray[SparseArray::SparseArray(int)].JML normal_behavior operation contract.0 
72460      DEBUG main            d.u.i.k.p.i.IntermediateProofReplayer Proof replay took 5.5ns 
72460      WARN  main            d.u.i.k.n.ParsingFacade   /home/runner/work/key/key/key.core/../key.ui/examples/heap/vacid0_01_SparseArray/SparseArray_SparseArray.key took 0 ms to parse. 
72460      WARN  main            d.u.i.k.n.ParsingFacade   Parsing time 380 ms. 
75875      INFO  main            d.u.i.k.p.r.p.TestFile    ... finished proof: closed. 
76091      INFO  main            d.u.i.k.p.i.AbstractProblemLoader Loading environment from /home/runner/work/key/key/key.core/../key.ui/examples/heap/vacid0_01_SparseArray/SparseArray_SparseArray.key.proof 
76091      DEBUG main            d.u.i.k.p.i.AbstractProblemLoader Environment load took 324.01ns 
76092      WARN  main            d.u.i.k.n.ParsingFacade   /home/runner/work/key/key/key.core/../key.ui/examples/heap/vacid0_01_SparseArray/SparseArray_SparseArray.key.proof took 0 ms to parse. 
76092      WARN  main            d.u.i.k.n.ParsingFacade   Parsing time 380 ms. 
76093      INFO  main            d.u.i.k.p.i.AbstractProblemLoader Creating init config 
76996      WARN  main            d.u.i.k.n.ParsingFacade   file:/home/runner/work/key/key/key.core/build/resources/main/de/uka/ilkd/key/java/JavaRedux/java/lang/String.key took 1 ms to parse. 
76996      WARN  main            d.u.i.k.n.ParsingFacade   Parsing time 381 ms. 
78772      DEBUG main            d.u.i.k.p.i.AbstractProblemLoader Init config took 2.68s 
78839      INFO  main            d.u.i.k.p.i.AbstractProblemLoader Replaying proof SparseArray[SparseArray::SparseArray(int)].JML normal_behavior operation contract.0 
79364      DEBUG main            d.u.i.k.p.i.IntermediateProofReplayer Proof replay took 514.12ms 
79365      WARN  main            d.u.i.k.n.ParsingFacade   /home/runner/work/key/key/key.core/../key.ui/examples/heap/vacid0_01_SparseArray/SparseArray_SparseArray.key.proof took 1 ms to parse. 
79365      WARN  main            d.u.i.k.n.ParsingFacade   Parsing time 382 ms. 
79365      DEBUG main            d.u.i.k.p.r.p.TestFile    ... success: reloaded. 
2180837    INFO  Test worker     d.u.i.k.p.r.RunAllProofsTestUnit Returning from test VACID0 
2180838    INFO  Test worker     d.u.i.k.p.r.RunAllProofsTestUnit Running test VSTTE10 
331        INFO  Timeout watchdog d.u.i.k.p.r.p.ForkedTestFileRunner Timeout watcher launched (2000 secs.) 
339        WARN  main            d.u.i.k.s.ProofSettings   The settings in /home/runner/.key/proof-settings.props are *not* read. 
373        INFO  main            d.u.i.k.p.r.p.TestFile    Now processing file /home/runner/work/key/key/key.core/../key.ui/examples/heap/vstte10_01_SumAndMax/SumAndMax_sumAndMax.key 
477        INFO  main            d.u.i.k.p.i.AbstractProblemLoader Loading environment from /home/runner/work/key/key/key.core/../key.ui/examples/heap/vstte10_01_SumAndMax/SumAndMax_sumAndMax.key 
503        DEBUG main            d.u.i.k.p.i.AbstractProblemLoader Environment load took 2.04ms 
589        WARN  main            d.u.i.k.n.ParsingFacade   /home/runner/work/key/key/key.core/../key.ui/examples/heap/vstte10_01_SumAndMax/SumAndMax_sumAndMax.key took 11 ms to parse. 
589        WARN  main            d.u.i.k.n.ParsingFacade   Parsing time 11 ms. 
724        INFO  main            d.u.i.k.p.i.AbstractProblemLoader Creating init config 
744        WARN  main            d.u.i.k.n.ParsingFacade   file:/home/runner/work/key/key/key.core/build/resources/main/de/uka/ilkd/key/proof/rules/standardRules.key took 15 ms to parse. 
745        WARN  main            d.u.i.k.n.ParsingFacade   Parsing time 26 ms. 
768        WARN  main            d.u.i.k.n.ParsingFacade   file:/home/runner/work/key/key/key.core/build/resources/main/de/uka/ilkd/key/proof/rules/ldt.key took 4 ms to parse. 
768        WARN  main            d.u.i.k.n.ParsingFacade   Parsing time 30 ms. 
777        WARN  main            d.u.i.k.n.ParsingFacade   file:/home/runner/work/key/key/key.core/build/resources/main/de/uka/ilkd/key/proof/rules/boolean.key took 3 ms to parse. 
777        WARN  main            d.u.i.k.n.ParsingFacade   Parsing time 33 ms. 
801        WARN  main            d.u.i.k.n.ParsingFacade   file:/home/runner/work/key/key/key.core/build/resources/main/de/uka/ilkd/key/proof/rules/ruleSetsDeclarations.key took 12 ms to parse. 
801        WARN  main            d.u.i.k.n.ParsingFacade   Parsing time 45 ms. 
838        WARN  main            d.u.i.k.n.ParsingFacade   file:/home/runner/work/key/key/key.core/build/resources/main/de/uka/ilkd/key/proof/rules/integerHeader.key took 5 ms to parse. 
839        WARN  main            d.u.i.k.n.ParsingFacade   Parsing time 50 ms. 
846        WARN  main            d.u.i.k.n.ParsingFacade   file:/home/runner/work/key/key/key.core/build/resources/main/de/uka/ilkd/key/proof/rules/floatHeader.key took 6 ms to parse. 
846        WARN  main            d.u.i.k.n.ParsingFacade   Parsing time 56 ms. 
848        WARN  main            d.u.i.k.n.ParsingFacade   file:/home/runner/work/key/key/key.core/build/resources/main/de/uka/ilkd/key/proof/rules/heap.key took 1 ms to parse. 
849        WARN  main            d.u.i.k.n.ParsingFacade   Parsing time 57 ms. 
853        WARN  main            d.u.i.k.n.ParsingFacade   file:/home/runner/work/key/key/key.core/build/resources/main/de/uka/ilkd/key/proof/rules/locSets.key took 0 ms to parse. 
853        WARN  main            d.u.i.k.n.ParsingFacade   Parsing time 57 ms. 
853        WARN  main            d.u.i.k.n.ParsingFacade   file:/home/runner/work/key/key/key.core/build/resources/main/de/uka/ilkd/key/proof/rules/permission.key took 0 ms to parse. 
853        WARN  main            d.u.i.k.n.ParsingFacade   Parsing time 57 ms. 
854        WARN  main            d.u.i.k.n.ParsingFacade   file:/home/runner/work/key/key/key.core/build/resources/main/de/uka/ilkd/key/proof/rules/reach.key took 0 ms to parse. 
854        WARN  main            d.u.i.k.n.ParsingFacade   Parsing time 57 ms. 
855        WARN  main            d.u.i.k.n.ParsingFacade   file:/home/runner/work/key/key/key.core/build/resources/main/de/uka/ilkd/key/proof/rules/seq.key took 1 ms to parse. 
855        WARN  main            d.u.i.k.n.ParsingFacade   Parsing time 58 ms. 
896        WARN  main            d.u.i.k.n.ParsingFacade   file:/home/runner/work/key/key/key.core/build/resources/main/de/uka/ilkd/key/proof/rules/map.key took 41 ms to parse. 
897        WARN  main            d.u.i.k.n.ParsingFacade   Parsing time 99 ms. 
898        WARN  main            d.u.i.k.n.ParsingFacade   file:/home/runner/work/key/key/key.core/build/resources/main/de/uka/ilkd/key/proof/rules/freeADT.key took 0 ms to parse. 
898        WARN  main            d.u.i.k.n.ParsingFacade   Parsing time 99 ms. 
899        WARN  main            d.u.i.k.n.ParsingFacade   file:/home/runner/work/key/key/key.core/build/resources/main/de/uka/ilkd/key/proof/rules/wellfound.key took 0 ms to parse. 
902        WARN  main            d.u.i.k.n.ParsingFacade   Parsing time 99 ms. 
902        WARN  main            d.u.i.k.n.ParsingFacade   file:/home/runner/work/key/key/key.core/build/resources/main/de/uka/ilkd/key/proof/rules/charListHeader.key took 0 ms to parse. 
902        WARN  main            d.u.i.k.n.ParsingFacade   Parsing time 99 ms. 
1047       WARN  main            d.u.i.k.n.ParsingFacade   file:/home/runner/work/key/key/key.core/build/resources/main/de/uka/ilkd/key/proof/rules/propRule.key took 4 ms to parse. 
1047       WARN  main            d.u.i.k.n.ParsingFacade   Parsing time 103 ms. 
1088       WARN  main            d.u.i.k.n.ParsingFacade   file:/home/runner/work/key/key/key.core/build/resources/main/de/uka/ilkd/key/proof/rules/firstOrderRules.key took 4 ms to parse. 
1088       WARN  main            d.u.i.k.n.ParsingFacade   Parsing time 107 ms. 
1124       WARN  main            d.u.i.k.n.ParsingFacade   file:/home/runner/work/key/key/key.core/build/resources/main/de/uka/ilkd/key/proof/rules/ifThenElseRules.key took 10 ms to parse. 
1125       WARN  main            d.u.i.k.n.ParsingFacade   Parsing time 117 ms. 
1161       WARN  main            d.u.i.k.n.ParsingFacade   file:/home/runner/work/key/key/key.core/build/resources/main/de/uka/ilkd/key/proof/rules/formulaNormalisationRules.key took 15 ms to parse. 
1161       WARN  main            d.u.i.k.n.ParsingFacade   Parsing time 132 ms. 
1226       WARN  main            d.u.i.k.n.ParsingFacade   file:/home/runner/work/key/key/key.core/build/resources/main/de/uka/ilkd/key/proof/rules/updateRules.key took 4 ms to parse. 
1229       WARN  main            d.u.i.k.n.ParsingFacade   Parsing time 136 ms. 
1253       WARN  main            d.u.i.k.n.ParsingFacade   file:/home/runner/work/key/key/key.core/build/resources/main/de/uka/ilkd/key/proof/rules/integerRulesCommon.key took 3 ms to parse. 
1253       WARN  main            d.u.i.k.n.ParsingFacade   Parsing time 139 ms. 
1362       WARN  main            d.u.i.k.n.ParsingFacade   file:/home/runner/work/key/key/key.core/build/resources/main/de/uka/ilkd/key/proof/rules/intRules.key took 6 ms to parse. 
1362       WARN  main            d.u.i.k.n.ParsingFacade   Parsing time 145 ms. 
1388       WARN  main            d.u.i.k.n.ParsingFacade   file:/home/runner/work/key/key/key.core/build/resources/main/de/uka/ilkd/key/proof/rules/intRulesUncheckedSemantics.key took 2 ms to parse. 
1391       WARN  main            d.u.i.k.n.ParsingFacade   Parsing time 147 ms. 
1405       WARN  main            d.u.i.k.n.ParsingFacade   file:/home/runner/work/key/key/key.core/build/resources/main/de/uka/ilkd/key/proof/rules/intRulesCheckedSemantics.key took 2 ms to parse. 
1407       WARN  main            d.u.i.k.n.ParsingFacade   Parsing time 149 ms. 
1418       WARN  main            d.u.i.k.n.ParsingFacade   file:/home/runner/work/key/key/key.core/build/resources/main/de/uka/ilkd/key/proof/rules/intRulesJavaSemantics.key took 4 ms to parse. 
1418       WARN  main            d.u.i.k.n.ParsingFacade   Parsing time 153 ms. 
1479       WARN  main            d.u.i.k.n.ParsingFacade   file:/home/runner/work/key/key/key.core/build/resources/main/de/uka/ilkd/key/proof/rules/integerSimplificationRules.key took 47 ms to parse. 
1479       WARN  main            d.u.i.k.n.ParsingFacade   Parsing time 200 ms. 
1526       DEBUG main            d.u.i.k.j.TypeConverter   No LDT found for Meta 
1526       DEBUG main            d.u.i.k.j.TypeConverter   No LDT found for Meta 
1527       DEBUG main            d.u.i.k.j.TypeConverter   No LDT found for Meta 
1527       DEBUG main            d.u.i.k.j.TypeConverter   No LDT found for Meta 
1586       WARN  main            d.u.i.k.n.ParsingFacade   file:/home/runner/work/key/key/key.core/build/resources/main/de/uka/ilkd/key/proof/rules/intDiv.key took 4 ms to parse. 
1586       WARN  main            d.u.i.k.n.ParsingFacade   Parsing time 204 ms. 
1608       WARN  main            d.u.i.k.n.ParsingFacade   file:/home/runner/work/key/key/key.core/build/resources/main/de/uka/ilkd/key/proof/rules/bsum.key took 7 ms to parse. 
1608       WARN  main            d.u.i.k.n.ParsingFacade   Parsing time 211 ms. 
1635       WARN  main            d.u.i.k.n.ParsingFacade   file:/home/runner/work/key/key/key.core/build/resources/main/de/uka/ilkd/key/proof/rules/bprod.key took 3 ms to parse. 
1635       WARN  main            d.u.i.k.n.ParsingFacade   Parsing time 214 ms. 
1644       WARN  main            d.u.i.k.n.ParsingFacade   file:/home/runner/work/key/key/key.core/build/resources/main/de/uka/ilkd/key/proof/rules/binaryAxioms.key took 0 ms to parse. 
1644       WARN  main            d.u.i.k.n.ParsingFacade   Parsing time 214 ms. 
1648       WARN  main            d.u.i.k.n.ParsingFacade   file:/home/runner/work/key/key/key.core/build/resources/main/de/uka/ilkd/key/proof/rules/binaryLemmas.key took 1 ms to parse. 
1648       WARN  main            d.u.i.k.n.ParsingFacade   Parsing time 215 ms. 
1653       WARN  main            d.u.i.k.n.ParsingFacade   file:/home/runner/work/key/key/key.core/build/resources/main/de/uka/ilkd/key/proof/rules/intPow.key took 2 ms to parse. 
1653       WARN  main            d.u.i.k.n.ParsingFacade   Parsing time 217 ms. 
1662       WARN  main            d.u.i.k.n.ParsingFacade   file:/home/runner/work/key/key/key.core/build/resources/main/de/uka/ilkd/key/proof/rules/floatRulesCommon.key took 3 ms to parse. 
1662       WARN  main            d.u.i.k.n.ParsingFacade   Parsing time 220 ms. 
1671       WARN  main            d.u.i.k.n.ParsingFacade   file:/home/runner/work/key/key/key.core/build/resources/main/de/uka/ilkd/key/proof/rules/floatRules.key took 0 ms to parse. 
1671       WARN  main            d.u.i.k.n.ParsingFacade   Parsing time 220 ms. 
1672       WARN  main            d.u.i.k.n.ParsingFacade   file:/home/runner/work/key/key/key.core/build/resources/main/de/uka/ilkd/key/proof/rules/floatRulesVerifyNormal.key took 0 ms to parse. 
1672       WARN  main            d.u.i.k.n.ParsingFacade   Parsing time 220 ms. 
1675       WARN  main            d.u.i.k.n.ParsingFacade   file:/home/runner/work/key/key/key.core/build/resources/main/de/uka/ilkd/key/proof/rules/floatRulesAssumeStrictfp.key took 3 ms to parse. 
1675       WARN  main            d.u.i.k.n.ParsingFacade   Parsing time 223 ms. 
1719       WARN  main            d.u.i.k.n.ParsingFacade   file:/home/runner/work/key/key/key.core/build/resources/main/de/uka/ilkd/key/proof/rules/genericRules.key took 2 ms to parse. 
1719       WARN  main            d.u.i.k.n.ParsingFacade   Parsing time 225 ms. 
1731       WARN  main            d.u.i.k.n.ParsingFacade   file:/home/runner/work/key/key/key.core/build/resources/main/de/uka/ilkd/key/proof/rules/booleanRules.key took 2 ms to parse. 
1731       WARN  main            d.u.i.k.n.ParsingFacade   Parsing time 227 ms. 
1734       WARN  main            d.u.i.k.n.ParsingFacade   file:/home/runner/work/key/key/key.core/build/resources/main/de/uka/ilkd/key/proof/rules/epsilon.key took 1 ms to parse. 
1734       WARN  main            d.u.i.k.n.ParsingFacade   Parsing time 228 ms. 
1744       WARN  main            d.u.i.k.n.ParsingFacade   file:/home/runner/work/key/key/key.core/build/resources/main/de/uka/ilkd/key/proof/rules/locSetsRules.key took 8 ms to parse. 
1744       WARN  main            d.u.i.k.n.ParsingFacade   Parsing time 236 ms. 
1778       WARN  main            d.u.i.k.n.ParsingFacade   file:/home/runner/work/key/key/key.core/build/resources/main/de/uka/ilkd/key/proof/rules/heapRules.key took 9 ms to parse. 
1778       WARN  main            d.u.i.k.n.ParsingFacade   Parsing time 245 ms. 
1806       WARN  main            d.u.i.k.n.ParsingFacade   file:/home/runner/work/key/key/key.core/build/resources/main/de/uka/ilkd/key/proof/rules/permissionRules.key took 3 ms to parse. 
1806       WARN  main            d.u.i.k.n.ParsingFacade   Parsing time 248 ms. 
1816       WARN  main            d.u.i.k.n.ParsingFacade   file:/home/runner/work/key/key/key.core/build/resources/main/de/uka/ilkd/key/proof/rules/reachRules.key took 2 ms to parse. 
1816       WARN  main            d.u.i.k.n.ParsingFacade   Parsing time 250 ms. 
1827       WARN  main            d.u.i.k.n.ParsingFacade   file:/home/runner/work/key/key/key.core/build/resources/main/de/uka/ilkd/key/proof/rules/seqCoreRules.key took 1 ms to parse. 
1827       WARN  main            d.u.i.k.n.ParsingFacade   Parsing time 251 ms. 
1864       WARN  main            d.u.i.k.n.ParsingFacade   file:/home/runner/work/key/key/key.core/build/resources/main/de/uka/ilkd/key/proof/rules/seqRules.key took 35 ms to parse. 
1864       WARN  main            d.u.i.k.n.ParsingFacade   Parsing time 286 ms. 
1884       WARN  main            d.u.i.k.n.ParsingFacade   file:/home/runner/work/key/key/key.core/build/resources/main/de/uka/ilkd/key/proof/rules/seqPerm.key took 4 ms to parse. 
1884       WARN  main            d.u.i.k.n.ParsingFacade   Parsing time 290 ms. 
1897       WARN  main            d.u.i.k.n.ParsingFacade   file:/home/runner/work/key/key/key.core/build/resources/main/de/uka/ilkd/key/proof/rules/seqPerm2.key took 1 ms to parse. 
1897       WARN  main            d.u.i.k.n.ParsingFacade   Parsing time 291 ms. 
1948       WARN  main            d.u.i.k.n.ParsingFacade   file:/home/runner/work/key/key/key.core/build/resources/main/de/uka/ilkd/key/proof/rules/javaRules.key took 47 ms to parse. 
1948       WARN  main            d.u.i.k.n.ParsingFacade   Parsing time 338 ms. 
1957       WARN  main            d.u.i.k.n.ParsingFacade   file:/home/runner/work/key/key/key.core/build/resources/main/de/uka/ilkd/key/proof/rules/assertions.key took 1 ms to parse. 
1957       WARN  main            d.u.i.k.n.ParsingFacade   Parsing time 339 ms. 
2549       WARN  main            d.u.i.k.n.ParsingFacade   file:/home/runner/work/key/key/key.core/build/resources/main/de/uka/ilkd/key/proof/rules/loopRules.key took 2 ms to parse. 
2549       WARN  main            d.u.i.k.n.ParsingFacade   Parsing time 341 ms. 
2561       WARN  main            d.u.i.k.n.ParsingFacade   file:/home/runner/work/key/key/key.core/build/resources/main/de/uka/ilkd/key/proof/rules/activeUse.key took 2 ms to parse. 
2561       WARN  main            d.u.i.k.n.ParsingFacade   Parsing time 343 ms. 
2628       WARN  main            d.u.i.k.n.ParsingFacade   file:/home/runner/work/key/key/key.core/build/resources/main/de/uka/ilkd/key/proof/rules/instanceAllocation.key took 5 ms to parse. 
2628       WARN  main            d.u.i.k.n.ParsingFacade   Parsing time 348 ms. 
2642       WARN  main            d.u.i.k.n.ParsingFacade   file:/home/runner/work/key/key/key.core/build/resources/main/de/uka/ilkd/key/proof/rules/java5.key took 0 ms to parse. 
2642       WARN  main            d.u.i.k.n.ParsingFacade   Parsing time 348 ms. 
2649       WARN  main            d.u.i.k.n.ParsingFacade   file:/home/runner/work/key/key/key.core/build/resources/main/de/uka/ilkd/key/proof/rules/integerAssignment2UpdateRules.key took 3 ms to parse. 
2649       WARN  main            d.u.i.k.n.ParsingFacade   Parsing time 351 ms. 
2688       WARN  main            d.u.i.k.n.ParsingFacade   file:/home/runner/work/key/key/key.core/build/resources/main/de/uka/ilkd/key/proof/rules/floatAssignment2UpdateRules.key took 4 ms to parse. 
2689       WARN  main            d.u.i.k.n.ParsingFacade   Parsing time 355 ms. 
2721       WARN  main            d.u.i.k.n.ParsingFacade   file:/home/runner/work/key/key/key.core/build/resources/main/de/uka/ilkd/key/proof/rules/bigint.key took 3 ms to parse. 
2721       WARN  main            d.u.i.k.n.ParsingFacade   Parsing time 358 ms. 
2733       DEBUG main            d.u.i.k.j.TypeConverter   No LDT found for JavaBigintExpression 
2737       WARN  main            d.u.i.k.n.ParsingFacade   file:/home/runner/work/key/key/key.core/build/resources/main/de/uka/ilkd/key/proof/rules/adtProgramDecompositionRules.key took 1 ms to parse. 
2738       WARN  main            d.u.i.k.n.ParsingFacade   Parsing time 359 ms. 
2755       WARN  main            d.u.i.k.n.ParsingFacade   file:/home/runner/work/key/key/key.core/build/resources/main/de/uka/ilkd/key/proof/rules/precRules.key took 1 ms to parse. 
2757       WARN  main            d.u.i.k.n.ParsingFacade   Parsing time 360 ms. 
2763       WARN  main            d.u.i.k.n.ParsingFacade   file:/home/runner/work/key/key/key.core/build/resources/main/de/uka/ilkd/key/proof/rules/charListRules.key took 4 ms to parse. 
2764       WARN  main            d.u.i.k.n.ParsingFacade   Parsing time 364 ms. 
2782       WARN  main            d.u.i.k.n.ParsingFacade   file:/home/runner/work/key/key/key.core/build/resources/main/de/uka/ilkd/key/proof/rules/regExTheory.key took 0 ms to parse. 
2785       WARN  main            d.u.i.k.n.ParsingFacade   Parsing time 364 ms. 
2787       WARN  main            d.u.i.k.n.ParsingFacade   file:/home/runner/work/key/key/key.core/build/resources/main/de/uka/ilkd/key/proof/rules/regExHeader.key took 0 ms to parse. 
2787       WARN  main            d.u.i.k.n.ParsingFacade   Parsing time 364 ms. 
2789       WARN  main            d.u.i.k.n.ParsingFacade   file:/home/runner/work/key/key/key.core/build/resources/main/de/uka/ilkd/key/proof/rules/regExAxioms.key took 1 ms to parse. 
2789       WARN  main            d.u.i.k.n.ParsingFacade   Parsing time 365 ms. 
2793       WARN  main            d.u.i.k.n.ParsingFacade   file:/home/runner/work/key/key/key.core/build/resources/main/de/uka/ilkd/key/proof/rules/regExLemmaProven.key took 1 ms to parse. 
2793       WARN  main            d.u.i.k.n.ParsingFacade   Parsing time 366 ms. 
2798       WARN  main            d.u.i.k.n.ParsingFacade   file:/home/runner/work/key/key/key.core/build/resources/main/de/uka/ilkd/key/proof/rules/seqEq.key took 1 ms to parse. 
2798       WARN  main            d.u.i.k.n.ParsingFacade   Parsing time 367 ms. 
2805       WARN  main            d.u.i.k.n.ParsingFacade   file:/home/runner/work/key/key/key.core/build/resources/main/de/uka/ilkd/key/proof/rules/infFlow.key took 2 ms to parse. 
2806       WARN  main            d.u.i.k.n.ParsingFacade   Parsing time 369 ms. 
2813       WARN  main            d.u.i.k.n.ParsingFacade   file:/home/runner/work/key/key/key.core/build/resources/main/de/uka/ilkd/key/proof/rules/mapSize.key took 1 ms to parse. 
2813       WARN  main            d.u.i.k.n.ParsingFacade   Parsing time 370 ms. 
2816       WARN  main            d.u.i.k.n.ParsingFacade   file:/home/runner/work/key/key/key.core/build/resources/main/de/uka/ilkd/key/proof/rules/wd.key took 0 ms to parse. 
2816       WARN  main            d.u.i.k.n.ParsingFacade   Parsing time 370 ms. 
2820       WARN  main            d.u.i.k.n.ParsingFacade   file:/home/runner/work/key/key/key.core/build/resources/main/de/uka/ilkd/key/proof/rules/wdHeader.key took 0 ms to parse. 
2820       WARN  main            d.u.i.k.n.ParsingFacade   Parsing time 370 ms. 
2822       WARN  main            d.u.i.k.n.ParsingFacade   file:/home/runner/work/key/key/key.core/build/resources/main/de/uka/ilkd/key/proof/rules/wdGeneralRules.key took 1 ms to parse. 
2822       WARN  main            d.u.i.k.n.ParsingFacade   Parsing time 371 ms. 
2835       WARN  main            d.u.i.k.n.ParsingFacade   file:/home/runner/work/key/key/key.core/build/resources/main/de/uka/ilkd/key/proof/rules/wdNumericalRules.key took 6 ms to parse. 
2835       WARN  main            d.u.i.k.n.ParsingFacade   Parsing time 377 ms. 
2878       WARN  main            d.u.i.k.n.ParsingFacade   file:/home/runner/work/key/key/key.core/build/resources/main/de/uka/ilkd/key/proof/rules/wdLocSetRules.key took 1 ms to parse. 
2878       WARN  main            d.u.i.k.n.ParsingFacade   Parsing time 378 ms. 
2884       WARN  main            d.u.i.k.n.ParsingFacade   file:/home/runner/work/key/key/key.core/build/resources/main/de/uka/ilkd/key/proof/rules/wdHeapRules.key took 0 ms to parse. 
2885       WARN  main            d.u.i.k.n.ParsingFacade   Parsing time 378 ms. 
2888       WARN  main            d.u.i.k.n.ParsingFacade   file:/home/runner/work/key/key/key.core/build/resources/main/de/uka/ilkd/key/proof/rules/wdReachRules.key took 1 ms to parse. 
2888       WARN  main            d.u.i.k.n.ParsingFacade   Parsing time 379 ms. 
2890       WARN  main            d.u.i.k.n.ParsingFacade   file:/home/runner/work/key/key/key.core/build/resources/main/de/uka/ilkd/key/proof/rules/wdSeqRules.key took 1 ms to parse. 
2890       WARN  main            d.u.i.k.n.ParsingFacade   Parsing time 380 ms. 
2893       WARN  main            d.u.i.k.n.ParsingFacade   file:/home/runner/work/key/key/key.core/build/resources/main/de/uka/ilkd/key/proof/rules/wdStringRules.key took 1 ms to parse. 
2893       WARN  main            d.u.i.k.n.ParsingFacade   Parsing time 381 ms. 
2896       WARN  main            d.u.i.k.n.ParsingFacade   file:/home/runner/work/key/key/key.core/build/resources/main/de/uka/ilkd/key/proof/rules/wdRegExRules.key took 0 ms to parse. 
2896       WARN  main            d.u.i.k.n.ParsingFacade   Parsing time 381 ms. 
2901       WARN  main            d.u.i.k.n.ParsingFacade   file:/home/runner/work/key/key/key.core/build/resources/main/de/uka/ilkd/key/proof/rules/wdFormulaRules.key took 3 ms to parse. 
2901       WARN  main            d.u.i.k.n.ParsingFacade   Parsing time 384 ms. 
2911       WARN  main            d.u.i.k.n.ParsingFacade   file:/home/runner/work/key/key/key.core/build/resources/main/de/uka/ilkd/key/proof/rules/loopInvariantRules.key took 0 ms to parse. 
2911       WARN  main            d.u.i.k.n.ParsingFacade   Parsing time 384 ms. 
2913       WARN  main            d.u.i.k.n.ParsingFacade   file:/home/runner/work/key/key/key.core/build/resources/main/de/uka/ilkd/key/proof/rules/forLoopRules.key took 0 ms to parse. 
2913       WARN  main            d.u.i.k.n.ParsingFacade   Parsing time 384 ms. 
2921       WARN  main            d.u.i.k.n.ParsingFacade   file:/home/runner/work/key/key/key.core/build/resources/main/de/uka/ilkd/key/proof/rules/execRules.key took 4 ms to parse. 
2921       WARN  main            d.u.i.k.n.ParsingFacade   Parsing time 388 ms. 
3009       WARN  main            d.u.i.k.n.ParsingFacade   file:/home/runner/work/key/key/key.core/build/resources/main/de/uka/ilkd/key/proof/rules/loopScopeRules.key took 2 ms to parse. 
3009       WARN  main            d.u.i.k.n.ParsingFacade   Parsing time 390 ms. 
6111       WARN  main            d.u.i.k.n.ParsingFacade   file:/home/runner/work/key/key/key.core/build/resources/main/de/uka/ilkd/key/java/JavaRedux/java/lang/String.key took 3 ms to parse. 
6112       WARN  main            d.u.i.k.n.ParsingFacade   Parsing time 393 ms. 
8344       DEBUG main            d.u.i.k.p.i.AbstractProblemLoader Init config took 7.62s 
8477       INFO  main            d.u.i.k.p.i.AbstractProblemLoader Replaying proof SumAndMax[SumAndMax::sumAndMax([I)].JML normal_behavior operation contract.0 
8521       DEBUG main            d.u.i.k.p.i.IntermediateProofReplayer Proof replay took 31.5ns 
8525       WARN  main            d.u.i.k.n.ParsingFacade   /home/runner/work/key/key/key.core/../key.ui/examples/heap/vstte10_01_SumAndMax/SumAndMax_sumAndMax.key took 0 ms to parse. 
8525       WARN  main            d.u.i.k.n.ParsingFacade   Parsing time 393 ms. 
13653      INFO  main            d.u.i.k.p.r.p.TestFile    ... finished proof: closed. 
13819      INFO  main            d.u.i.k.p.i.AbstractProblemLoader Loading environment from /home/runner/work/key/key/key.core/../key.ui/examples/heap/vstte10_01_SumAndMax/SumAndMax_sumAndMax.key.proof 
13821      DEBUG main            d.u.i.k.p.i.AbstractProblemLoader Environment load took 1.7ms 
13823      WARN  main            d.u.i.k.n.ParsingFacade   /home/runner/work/key/key/key.core/../key.ui/examples/heap/vstte10_01_SumAndMax/SumAndMax_sumAndMax.key.proof took 0 ms to parse. 
13823      WARN  main            d.u.i.k.n.ParsingFacade   Parsing time 393 ms. 
13826      INFO  main            d.u.i.k.p.i.AbstractProblemLoader Creating init config 
14839      WARN  main            d.u.i.k.n.ParsingFacade   file:/home/runner/work/key/key/key.core/build/resources/main/de/uka/ilkd/key/java/JavaRedux/java/lang/String.key took 2 ms to parse. 
14839      WARN  main            d.u.i.k.n.ParsingFacade   Parsing time 395 ms. 
16730      DEBUG main            d.u.i.k.p.i.AbstractProblemLoader Init config took 2.9s 
16816      INFO  main            d.u.i.k.p.i.AbstractProblemLoader Replaying proof SumAndMax[SumAndMax::sumAndMax([I)].JML normal_behavior operation contract.0 
17506      DEBUG main            d.u.i.k.p.i.IntermediateProofReplayer Proof replay took 659.48ms 
17507      WARN  main            d.u.i.k.n.ParsingFacade   /home/runner/work/key/key/key.core/../key.ui/examples/heap/vstte10_01_SumAndMax/SumAndMax_sumAndMax.key.proof took 0 ms to parse. 
17507      WARN  main            d.u.i.k.n.ParsingFacade   Parsing time 395 ms. 
17516      DEBUG main            d.u.i.k.p.r.p.TestFile    ... success: reloaded. 
17520      INFO  main            d.u.i.k.p.r.p.TestFile    Now processing file /home/runner/work/key/key/key.core/../key.ui/examples/heap/vstte10_03_LinkedList/Node_cons.key 
17522      INFO  main            d.u.i.k.p.i.AbstractProblemLoader Loading environment from /home/runner/work/key/key/key.core/../key.ui/examples/heap/vstte10_03_LinkedList/Node_cons.key 
17522      DEBUG main            d.u.i.k.p.i.AbstractProblemLoader Environment load took 207.2ns 
17522      WARN  main            d.u.i.k.n.ParsingFacade   /home/runner/work/key/key/key.core/../key.ui/examples/heap/vstte10_03_LinkedList/Node_cons.key took 0 ms to parse. 
17522      WARN  main            d.u.i.k.n.ParsingFacade   Parsing time 395 ms. 
17523      INFO  main            d.u.i.k.p.i.AbstractProblemLoader Creating init config 
18616      WARN  main            d.u.i.k.n.ParsingFacade   file:/home/runner/work/key/key/key.core/build/resources/main/de/uka/ilkd/key/java/JavaRedux/java/lang/String.key took 2 ms to parse. 
18616      WARN  main            d.u.i.k.n.ParsingFacade   Parsing time 397 ms. 
20481      DEBUG main            d.u.i.k.p.i.AbstractProblemLoader Init config took 2.96s 
20542      INFO  main            d.u.i.k.p.i.AbstractProblemLoader Replaying proof Node[Node::cons(int,Node)].JML normal_behavior operation contract.0 
20544      DEBUG main            d.u.i.k.p.i.IntermediateProofReplayer Proof replay took 5.8ns 
20545      WARN  main            d.u.i.k.n.ParsingFacade   /home/runner/work/key/key/key.core/../key.ui/examples/heap/vstte10_03_LinkedList/Node_cons.key took 0 ms to parse. 
20545      WARN  main            d.u.i.k.n.ParsingFacade   Parsing time 397 ms. 
22051      INFO  main            d.u.i.k.p.r.p.TestFile    ... finished proof: closed. 
22231      INFO  main            d.u.i.k.p.i.AbstractProblemLoader Loading environment from /home/runner/work/key/key/key.core/../key.ui/examples/heap/vstte10_03_LinkedList/Node_cons.key.proof 
22231      DEBUG main            d.u.i.k.p.i.AbstractProblemLoader Environment load took 348.51ns 
22232      WARN  main            d.u.i.k.n.ParsingFacade   /home/runner/work/key/key/key.core/../key.ui/examples/heap/vstte10_03_LinkedList/Node_cons.key.proof took 0 ms to parse. 
22232      WARN  main            d.u.i.k.n.ParsingFacade   Parsing time 397 ms. 
22233      INFO  main            d.u.i.k.p.i.AbstractProblemLoader Creating init config 
23149      WARN  main            d.u.i.k.n.ParsingFacade   file:/home/runner/work/key/key/key.core/build/resources/main/de/uka/ilkd/key/java/JavaRedux/java/lang/String.key took 1 ms to parse. 
23150      WARN  main            d.u.i.k.n.ParsingFacade   Parsing time 398 ms. 
25044      DEBUG main            d.u.i.k.p.i.AbstractProblemLoader Init config took 2.81s 
25104      INFO  main            d.u.i.k.p.i.AbstractProblemLoader Replaying proof Node[Node::cons(int,Node)].JML normal_behavior operation contract.0 
25425      DEBUG main            d.u.i.k.p.i.IntermediateProofReplayer Proof replay took 308.47ms 
25426      WARN  main            d.u.i.k.n.ParsingFacade   /home/runner/work/key/key/key.core/../key.ui/examples/heap/vstte10_03_LinkedList/Node_cons.key.proof took 0 ms to parse. 
25427      WARN  main            d.u.i.k.n.ParsingFacade   Parsing time 398 ms. 
25427      DEBUG main            d.u.i.k.p.r.p.TestFile    ... success: reloaded. 
25429      INFO  main            d.u.i.k.p.r.p.TestFile    Now processing file /home/runner/work/key/key/key.core/../key.ui/examples/heap/vstte10_03_LinkedList/Node_inv.key 
25429      INFO  main            d.u.i.k.p.i.AbstractProblemLoader Loading environment from /home/runner/work/key/key/key.core/../key.ui/examples/heap/vstte10_03_LinkedList/Node_inv.key 
25429      DEBUG main            d.u.i.k.p.i.AbstractProblemLoader Environment load took 125.8ns 
25429      WARN  main            d.u.i.k.n.ParsingFacade   /home/runner/work/key/key/key.core/../key.ui/examples/heap/vstte10_03_LinkedList/Node_inv.key took 0 ms to parse. 
25430      WARN  main            d.u.i.k.n.ParsingFacade   Parsing time 398 ms. 
25431      INFO  main            d.u.i.k.p.i.AbstractProblemLoader Creating init config 
26411      WARN  main            d.u.i.k.n.ParsingFacade   file:/home/runner/work/key/key/key.core/build/resources/main/de/uka/ilkd/key/java/JavaRedux/java/lang/String.key took 1 ms to parse. 
26411      WARN  main            d.u.i.k.n.ParsingFacade   Parsing time 399 ms. 
28205      DEBUG main            d.u.i.k.p.i.AbstractProblemLoader Init config took 2.77s 
28256      INFO  main            d.u.i.k.p.i.AbstractProblemLoader Replaying proof Node[java.lang.Object::<inv>()].JML accessible clause.0 
28258      DEBUG main            d.u.i.k.p.i.IntermediateProofReplayer Proof replay took 13.8ns 
28259      WARN  main            d.u.i.k.n.ParsingFacade   /home/runner/work/key/key/key.core/../key.ui/examples/heap/vstte10_03_LinkedList/Node_inv.key took 0 ms to parse. 
28259      WARN  main            d.u.i.k.n.ParsingFacade   Parsing time 399 ms. 
28562      INFO  main            d.u.i.k.p.r.p.TestFile    ... finished proof: closed. 
28713      INFO  main            d.u.i.k.p.i.AbstractProblemLoader Loading environment from /home/runner/work/key/key/key.core/../key.ui/examples/heap/vstte10_03_LinkedList/Node_inv.key.proof 
28713      DEBUG main            d.u.i.k.p.i.AbstractProblemLoader Environment load took 339.71ns 
28714      WARN  main            d.u.i.k.n.ParsingFacade   /home/runner/work/key/key/key.core/../key.ui/examples/heap/vstte10_03_LinkedList/Node_inv.key.proof took 0 ms to parse. 
28714      WARN  main            d.u.i.k.n.ParsingFacade   Parsing time 399 ms. 
28715      INFO  main            d.u.i.k.p.i.AbstractProblemLoader Creating init config 
29634      WARN  main            d.u.i.k.n.ParsingFacade   file:/home/runner/work/key/key/key.core/build/resources/main/de/uka/ilkd/key/java/JavaRedux/java/lang/String.key took 1 ms to parse. 
29635      WARN  main            d.u.i.k.n.ParsingFacade   Parsing time 400 ms. 
31432      DEBUG main            d.u.i.k.p.i.AbstractProblemLoader Init config took 2.72s 
31479      INFO  main            d.u.i.k.p.i.AbstractProblemLoader Replaying proof Node[java.lang.Object::<inv>()].JML accessible clause.0 
31523      DEBUG main            d.u.i.k.p.i.IntermediateProofReplayer Proof replay took 36.2ms 
31524      WARN  main            d.u.i.k.n.ParsingFacade   /home/runner/work/key/key/key.core/../key.ui/examples/heap/vstte10_03_LinkedList/Node_inv.key.proof took 0 ms to parse. 
31524      WARN  main            d.u.i.k.n.ParsingFacade   Parsing time 400 ms. 
31525      DEBUG main            d.u.i.k.p.r.p.TestFile    ... success: reloaded. 
31526      INFO  main            d.u.i.k.p.r.p.TestFile    Now processing file /home/runner/work/key/key/key.core/../key.ui/examples/heap/vstte10_03_LinkedList/Node_search.key 
31526      INFO  main            d.u.i.k.p.i.AbstractProblemLoader Loading environment from /home/runner/work/key/key/key.core/../key.ui/examples/heap/vstte10_03_LinkedList/Node_search.key 
31527      DEBUG main            d.u.i.k.p.i.AbstractProblemLoader Environment load took 756.41ns 
31528      WARN  main            d.u.i.k.n.ParsingFacade   /home/runner/work/key/key/key.core/../key.ui/examples/heap/vstte10_03_LinkedList/Node_search.key took 0 ms to parse. 
31528      WARN  main            d.u.i.k.n.ParsingFacade   Parsing time 400 ms. 
31531      INFO  main            d.u.i.k.p.i.AbstractProblemLoader Creating init config 
32486      WARN  main            d.u.i.k.n.ParsingFacade   file:/home/runner/work/key/key/key.core/build/resources/main/de/uka/ilkd/key/java/JavaRedux/java/lang/String.key took 1 ms to parse. 
32487      WARN  main            d.u.i.k.n.ParsingFacade   Parsing time 401 ms. 
34255      DEBUG main            d.u.i.k.p.i.AbstractProblemLoader Init config took 2.73s 
34307      INFO  main            d.u.i.k.p.i.AbstractProblemLoader Replaying proof Node[Node::search()].JML normal_behavior operation contract.0 
34310      DEBUG main            d.u.i.k.p.i.IntermediateProofReplayer Proof replay took 6.3ns 
34311      WARN  main            d.u.i.k.n.ParsingFacade   /home/runner/work/key/key/key.core/../key.ui/examples/heap/vstte10_03_LinkedList/Node_search.key took 1 ms to parse. 
34311      WARN  main            d.u.i.k.n.ParsingFacade   Parsing time 402 ms. 
40774      INFO  main            d.u.i.k.p.r.p.TestFile    ... finished proof: closed. 
40980      INFO  main            d.u.i.k.p.i.AbstractProblemLoader Loading environment from /home/runner/work/key/key/key.core/../key.ui/examples/heap/vstte10_03_LinkedList/Node_search.key.proof 
40981      DEBUG main            d.u.i.k.p.i.AbstractProblemLoader Environment load took 337.81ns 
40982      WARN  main            d.u.i.k.n.ParsingFacade   /home/runner/work/key/key/key.core/../key.ui/examples/heap/vstte10_03_LinkedList/Node_search.key.proof took 0 ms to parse. 
40983      WARN  main            d.u.i.k.n.ParsingFacade   Parsing time 402 ms. 
40983      INFO  main            d.u.i.k.p.i.AbstractProblemLoader Creating init config 
41867      WARN  main            d.u.i.k.n.ParsingFacade   file:/home/runner/work/key/key/key.core/build/resources/main/de/uka/ilkd/key/java/JavaRedux/java/lang/String.key took 1 ms to parse. 
41867      WARN  main            d.u.i.k.n.ParsingFacade   Parsing time 403 ms. 
43610      DEBUG main            d.u.i.k.p.i.AbstractProblemLoader Init config took 2.63s 
43661      INFO  main            d.u.i.k.p.i.AbstractProblemLoader Replaying proof Node[Node::search()].JML normal_behavior operation contract.0 
44341      DEBUG main            d.u.i.k.p.i.IntermediateProofReplayer Proof replay took 633.87ms 
44343      WARN  main            d.u.i.k.n.ParsingFacade   /home/runner/work/key/key/key.core/../key.ui/examples/heap/vstte10_03_LinkedList/Node_search.key.proof took 0 ms to parse. 
44343      WARN  main            d.u.i.k.n.ParsingFacade   Parsing time 403 ms. 
44343      DEBUG main            d.u.i.k.p.r.p.TestFile    ... success: reloaded. 
44345      INFO  main            d.u.i.k.p.r.p.TestFile    Now processing file /home/runner/work/key/key/key.core/../key.ui/examples/heap/vstte10_04_Queens/Queens_isConsistent.key 
44345      INFO  main            d.u.i.k.p.i.AbstractProblemLoader Loading environment from /home/runner/work/key/key/key.core/../key.ui/examples/heap/vstte10_04_Queens/Queens_isConsistent.key 
44345      DEBUG main            d.u.i.k.p.i.AbstractProblemLoader Environment load took 170.2ns 
44345      WARN  main            d.u.i.k.n.ParsingFacade   /home/runner/work/key/key/key.core/../key.ui/examples/heap/vstte10_04_Queens/Queens_isConsistent.key took 0 ms to parse. 
44345      WARN  main            d.u.i.k.n.ParsingFacade   Parsing time 403 ms. 
44346      INFO  main            d.u.i.k.p.i.AbstractProblemLoader Creating init config 
45534      WARN  main            d.u.i.k.n.ParsingFacade   file:/home/runner/work/key/key/key.core/build/resources/main/de/uka/ilkd/key/java/JavaRedux/java/lang/String.key took 2 ms to parse. 
45534      WARN  main            d.u.i.k.n.ParsingFacade   Parsing time 405 ms. 
47413      DEBUG main            d.u.i.k.p.i.AbstractProblemLoader Init config took 3.07s 
47454      INFO  main            d.u.i.k.p.i.AbstractProblemLoader Replaying proof Queens[Queens::isConsistent([I,int)].JML normal_behavior operation contract.0 
47455      DEBUG main            d.u.i.k.p.i.IntermediateProofReplayer Proof replay took 6.1ns 
47456      WARN  main            d.u.i.k.n.ParsingFacade   /home/runner/work/key/key/key.core/../key.ui/examples/heap/vstte10_04_Queens/Queens_isConsistent.key took 0 ms to parse. 
47456      WARN  main            d.u.i.k.n.ParsingFacade   Parsing time 405 ms. 
49280      INFO  main            d.u.i.k.p.r.p.TestFile    ... finished proof: closed. 
49488      INFO  main            d.u.i.k.p.i.AbstractProblemLoader Loading environment from /home/runner/work/key/key/key.core/../key.ui/examples/heap/vstte10_04_Queens/Queens_isConsistent.key.proof 
49489      DEBUG main            d.u.i.k.p.i.AbstractProblemLoader Environment load took 340.71ns 
49489      WARN  main            d.u.i.k.n.ParsingFacade   /home/runner/work/key/key/key.core/../key.ui/examples/heap/vstte10_04_Queens/Queens_isConsistent.key.proof took 0 ms to parse. 
49490      WARN  main            d.u.i.k.n.ParsingFacade   Parsing time 405 ms. 
49491      INFO  main            d.u.i.k.p.i.AbstractProblemLoader Creating init config 
50431      WARN  main            d.u.i.k.n.ParsingFacade   file:/home/runner/work/key/key/key.core/build/resources/main/de/uka/ilkd/key/java/JavaRedux/java/lang/String.key took 2 ms to parse. 
50431      WARN  main            d.u.i.k.n.ParsingFacade   Parsing time 407 ms. 
52204      DEBUG main            d.u.i.k.p.i.AbstractProblemLoader Init config took 2.71s 
52243      INFO  main            d.u.i.k.p.i.AbstractProblemLoader Replaying proof Queens[Queens::isConsistent([I,int)].JML normal_behavior operation contract.0 
52638      DEBUG main            d.u.i.k.p.i.IntermediateProofReplayer Proof replay took 385.2ms 
52638      WARN  main            d.u.i.k.n.ParsingFacade   /home/runner/work/key/key/key.core/../key.ui/examples/heap/vstte10_04_Queens/Queens_isConsistent.key.proof took 0 ms to parse. 
52639      WARN  main            d.u.i.k.n.ParsingFacade   Parsing time 407 ms. 
52639      DEBUG main            d.u.i.k.p.r.p.TestFile    ... success: reloaded. 
52641      INFO  main            d.u.i.k.p.r.p.TestFile    Now processing file /home/runner/work/key/key/key.core/../key.ui/examples/heap/vstte10_04_Queens/Queens_nQueens.key 
52641      INFO  main            d.u.i.k.p.i.AbstractProblemLoader Loading environment from /home/runner/work/key/key/key.core/../key.ui/examples/heap/vstte10_04_Queens/Queens_nQueens.key 
52641      DEBUG main            d.u.i.k.p.i.AbstractProblemLoader Environment load took 84.8ns 
52641      WARN  main            d.u.i.k.n.ParsingFacade   /home/runner/work/key/key/key.core/../key.ui/examples/heap/vstte10_04_Queens/Queens_nQueens.key took 0 ms to parse. 
52641      WARN  main            d.u.i.k.n.ParsingFacade   Parsing time 407 ms. 
52642      INFO  main            d.u.i.k.p.i.AbstractProblemLoader Creating init config 
53547      WARN  main            d.u.i.k.n.ParsingFacade   file:/home/runner/work/key/key/key.core/build/resources/main/de/uka/ilkd/key/java/JavaRedux/java/lang/String.key took 1 ms to parse. 
53547      WARN  main            d.u.i.k.n.ParsingFacade   Parsing time 408 ms. 
55380      DEBUG main            d.u.i.k.p.i.AbstractProblemLoader Init config took 2.74s 
55431      INFO  main            d.u.i.k.p.i.AbstractProblemLoader Replaying proof Queens[Queens::nQueens(int)].JML normal_behavior operation contract.0 
55435      DEBUG main            d.u.i.k.p.i.IntermediateProofReplayer Proof replay took 6.9ns 
55438      WARN  main            d.u.i.k.n.ParsingFacade   /home/runner/work/key/key/key.core/../key.ui/examples/heap/vstte10_04_Queens/Queens_nQueens.key took 0 ms to parse. 
55439      WARN  main            d.u.i.k.n.ParsingFacade   Parsing time 408 ms. 
67916      INFO  main            d.u.i.k.p.r.p.TestFile    ... finished proof: closed. 
68171      INFO  main            d.u.i.k.p.i.AbstractProblemLoader Loading environment from /home/runner/work/key/key/key.core/../key.ui/examples/heap/vstte10_04_Queens/Queens_nQueens.key.proof 
68171      DEBUG main            d.u.i.k.p.i.AbstractProblemLoader Environment load took 130.8ns 
68172      WARN  main            d.u.i.k.n.ParsingFacade   /home/runner/work/key/key/key.core/../key.ui/examples/heap/vstte10_04_Queens/Queens_nQueens.key.proof took 0 ms to parse. 
68172      WARN  main            d.u.i.k.n.ParsingFacade   Parsing time 408 ms. 
68173      INFO  main            d.u.i.k.p.i.AbstractProblemLoader Creating init config 
69070      WARN  main            d.u.i.k.n.ParsingFacade   file:/home/runner/work/key/key/key.core/build/resources/main/de/uka/ilkd/key/java/JavaRedux/java/lang/String.key took 1 ms to parse. 
69070      WARN  main            d.u.i.k.n.ParsingFacade   Parsing time 409 ms. 
70856      DEBUG main            d.u.i.k.p.i.AbstractProblemLoader Init config took 2.68s 
70904      INFO  main            d.u.i.k.p.i.AbstractProblemLoader Replaying proof Queens[Queens::nQueens(int)].JML normal_behavior operation contract.0 
71939      DEBUG main            d.u.i.k.p.i.IntermediateProofReplayer Proof replay took 1.02s 
71941      WARN  main            d.u.i.k.n.ParsingFacade   /home/runner/work/key/key/key.core/../key.ui/examples/heap/vstte10_04_Queens/Queens_nQueens.key.proof took 0 ms to parse. 
71941      WARN  main            d.u.i.k.n.ParsingFacade   Parsing time 409 ms. 
71941      DEBUG main            d.u.i.k.p.r.p.TestFile    ... success: reloaded. 
71943      INFO  main            d.u.i.k.p.r.p.TestFile    Now processing file /home/runner/work/key/key/key.core/../key.ui/examples/heap/vstte10_05_Queue/AmortizedQueue_AmortizedQueue.key 
71943      INFO  main            d.u.i.k.p.i.AbstractProblemLoader Loading environment from /home/runner/work/key/key/key.core/../key.ui/examples/heap/vstte10_05_Queue/AmortizedQueue_AmortizedQueue.key 
71943      DEBUG main            d.u.i.k.p.i.AbstractProblemLoader Environment load took 170.5ns 
71943      WARN  main            d.u.i.k.n.ParsingFacade   /home/runner/work/key/key/key.core/../key.ui/examples/heap/vstte10_05_Queue/AmortizedQueue_AmortizedQueue.key took 0 ms to parse. 
71943      WARN  main            d.u.i.k.n.ParsingFacade   Parsing time 409 ms. 
71944      INFO  main            d.u.i.k.p.i.AbstractProblemLoader Creating init config 
72906      WARN  main            d.u.i.k.n.ParsingFacade   file:/home/runner/work/key/key/key.core/build/resources/main/de/uka/ilkd/key/java/JavaRedux/java/lang/String.key took 1 ms to parse. 
72906      WARN  main            d.u.i.k.n.ParsingFacade   Parsing time 410 ms. 
74820      DEBUG main            d.u.i.k.p.i.AbstractProblemLoader Init config took 2.88s 
74863      INFO  main            d.u.i.k.p.i.AbstractProblemLoader Replaying proof AmortizedQueue[AmortizedQueue::AmortizedQueue()].JML normal_behavior operation contract.0 
74865      DEBUG main            d.u.i.k.p.i.IntermediateProofReplayer Proof replay took 6.4ns 
74865      WARN  main            d.u.i.k.n.ParsingFacade   /home/runner/work/key/key/key.core/../key.ui/examples/heap/vstte10_05_Queue/AmortizedQueue_AmortizedQueue.key took 0 ms to parse. 
74866      WARN  main            d.u.i.k.n.ParsingFacade   Parsing time 410 ms. 
76297      INFO  main            d.u.i.k.p.r.p.TestFile    ... finished proof: closed. 
76524      INFO  main            d.u.i.k.p.i.AbstractProblemLoader Loading environment from /home/runner/work/key/key/key.core/../key.ui/examples/heap/vstte10_05_Queue/AmortizedQueue_AmortizedQueue.key.proof 
76524      DEBUG main            d.u.i.k.p.i.AbstractProblemLoader Environment load took 457.71ns 
76525      WARN  main            d.u.i.k.n.ParsingFacade   /home/runner/work/key/key/key.core/../key.ui/examples/heap/vstte10_05_Queue/AmortizedQueue_AmortizedQueue.key.proof took 0 ms to parse. 
76525      WARN  main            d.u.i.k.n.ParsingFacade   Parsing time 410 ms. 
76526      INFO  main            d.u.i.k.p.i.AbstractProblemLoader Creating init config 
77472      WARN  main            d.u.i.k.n.ParsingFacade   file:/home/runner/work/key/key/key.core/build/resources/main/de/uka/ilkd/key/java/JavaRedux/java/lang/String.key took 1 ms to parse. 
77473      WARN  main            d.u.i.k.n.ParsingFacade   Parsing time 411 ms. 
79255      DEBUG main            d.u.i.k.p.i.AbstractProblemLoader Init config took 2.73s 
79307      INFO  main            d.u.i.k.p.i.AbstractProblemLoader Replaying proof AmortizedQueue[AmortizedQueue::AmortizedQueue()].JML normal_behavior operation contract.0 
79553      DEBUG main            d.u.i.k.p.i.IntermediateProofReplayer Proof replay took 238.55ms 
79554      WARN  main            d.u.i.k.n.ParsingFacade   /home/runner/work/key/key/key.core/../key.ui/examples/heap/vstte10_05_Queue/AmortizedQueue_AmortizedQueue.key.proof took 0 ms to parse. 
79555      WARN  main            d.u.i.k.n.ParsingFacade   Parsing time 411 ms. 
79555      DEBUG main            d.u.i.k.p.r.p.TestFile    ... success: reloaded. 
79556      INFO  main            d.u.i.k.p.r.p.TestFile    Now processing file /home/runner/work/key/key/key.core/../key.ui/examples/heap/vstte10_05_Queue/AmortizedQueue_front.key 
79557      INFO  main            d.u.i.k.p.i.AbstractProblemLoader Loading environment from /home/runner/work/key/key/key.core/../key.ui/examples/heap/vstte10_05_Queue/AmortizedQueue_front.key 
79557      DEBUG main            d.u.i.k.p.i.AbstractProblemLoader Environment load took 170.5ns 
79557      WARN  main            d.u.i.k.n.ParsingFacade   /home/runner/work/key/key/key.core/../key.ui/examples/heap/vstte10_05_Queue/AmortizedQueue_front.key took 0 ms to parse. 
79557      WARN  main            d.u.i.k.n.ParsingFacade   Parsing time 411 ms. 
79558      INFO  main            d.u.i.k.p.i.AbstractProblemLoader Creating init config 
80481      WARN  main            d.u.i.k.n.ParsingFacade   file:/home/runner/work/key/key/key.core/build/resources/main/de/uka/ilkd/key/java/JavaRedux/java/lang/String.key took 1 ms to parse. 
80481      WARN  main            d.u.i.k.n.ParsingFacade   Parsing time 412 ms. 
82342      DEBUG main            d.u.i.k.p.i.AbstractProblemLoader Init config took 2.78s 
82385      INFO  main            d.u.i.k.p.i.AbstractProblemLoader Replaying proof AmortizedQueue[AmortizedQueue::front()].JML normal_behavior operation contract.0 
82390      DEBUG main            d.u.i.k.p.i.IntermediateProofReplayer Proof replay took 7.1ns 
82390      WARN  main            d.u.i.k.n.ParsingFacade   /home/runner/work/key/key/key.core/../key.ui/examples/heap/vstte10_05_Queue/AmortizedQueue_front.key took 0 ms to parse. 
82390      WARN  main            d.u.i.k.n.ParsingFacade   Parsing time 412 ms. 
82793      INFO  main            d.u.i.k.p.r.p.TestFile    ... finished proof: closed. 
82998      INFO  main            d.u.i.k.p.i.AbstractProblemLoader Loading environment from /home/runner/work/key/key/key.core/../key.ui/examples/heap/vstte10_05_Queue/AmortizedQueue_front.key.proof 
82998      DEBUG main            d.u.i.k.p.i.AbstractProblemLoader Environment load took 102.5ns 
82999      WARN  main            d.u.i.k.n.ParsingFacade   /home/runner/work/key/key/key.core/../key.ui/examples/heap/vstte10_05_Queue/AmortizedQueue_front.key.proof took 1 ms to parse. 
82999      WARN  main            d.u.i.k.n.ParsingFacade   Parsing time 413 ms. 
82999      INFO  main            d.u.i.k.p.i.AbstractProblemLoader Creating init config 
83908      WARN  main            d.u.i.k.n.ParsingFacade   file:/home/runner/work/key/key/key.core/build/resources/main/de/uka/ilkd/key/java/JavaRedux/java/lang/String.key took 2 ms to parse. 
83908      WARN  main            d.u.i.k.n.ParsingFacade   Parsing time 415 ms. 
85691      DEBUG main            d.u.i.k.p.i.AbstractProblemLoader Init config took 2.69s 
85739      INFO  main            d.u.i.k.p.i.AbstractProblemLoader Replaying proof AmortizedQueue[AmortizedQueue::front()].JML normal_behavior operation contract.0 
85795      DEBUG main            d.u.i.k.p.i.IntermediateProofReplayer Proof replay took 53.03ms 
85796      WARN  main            d.u.i.k.n.ParsingFacade   /home/runner/work/key/key/key.core/../key.ui/examples/heap/vstte10_05_Queue/AmortizedQueue_front.key.proof took 1 ms to parse. 
85796      WARN  main            d.u.i.k.n.ParsingFacade   Parsing time 416 ms. 
85796      DEBUG main            d.u.i.k.p.r.p.TestFile    ... success: reloaded. 
85797      INFO  main            d.u.i.k.p.r.p.TestFile    Now processing file /home/runner/work/key/key/key.core/../key.ui/examples/heap/vstte10_05_Queue/LinkedList_concat.key 
85797      INFO  main            d.u.i.k.p.i.AbstractProblemLoader Loading environment from /home/runner/work/key/key/key.core/../key.ui/examples/heap/vstte10_05_Queue/LinkedList_concat.key 
85797      DEBUG main            d.u.i.k.p.i.AbstractProblemLoader Environment load took 92.5ns 
85798      WARN  main            d.u.i.k.n.ParsingFacade   /home/runner/work/key/key/key.core/../key.ui/examples/heap/vstte10_05_Queue/LinkedList_concat.key took 0 ms to parse. 
85798      WARN  main            d.u.i.k.n.ParsingFacade   Parsing time 416 ms. 
85798      INFO  main            d.u.i.k.p.i.AbstractProblemLoader Creating init config 
86736      WARN  main            d.u.i.k.n.ParsingFacade   file:/home/runner/work/key/key/key.core/build/resources/main/de/uka/ilkd/key/java/JavaRedux/java/lang/String.key took 1 ms to parse. 
86736      WARN  main            d.u.i.k.n.ParsingFacade   Parsing time 417 ms. 
88522      DEBUG main            d.u.i.k.p.i.AbstractProblemLoader Init config took 2.72s 
88588      INFO  main            d.u.i.k.p.i.AbstractProblemLoader Replaying proof LinkedList[LinkedList::concat(LinkedList)].JML normal_behavior operation contract.0 
88590      DEBUG main            d.u.i.k.p.i.IntermediateProofReplayer Proof replay took 7.6ns 
88590      WARN  main            d.u.i.k.n.ParsingFacade   /home/runner/work/key/key/key.core/../key.ui/examples/heap/vstte10_05_Queue/LinkedList_concat.key took 0 ms to parse. 
88590      WARN  main            d.u.i.k.n.ParsingFacade   Parsing time 417 ms. 
97238      INFO  main            d.u.i.k.p.r.p.TestFile    ... finished proof: closed. 
97496      INFO  main            d.u.i.k.p.i.AbstractProblemLoader Loading environment from /home/runner/work/key/key/key.core/../key.ui/examples/heap/vstte10_05_Queue/LinkedList_concat.key.proof 
97496      DEBUG main            d.u.i.k.p.i.AbstractProblemLoader Environment load took 322.61ns 
97498      WARN  main            d.u.i.k.n.ParsingFacade   /home/runner/work/key/key/key.core/../key.ui/examples/heap/vstte10_05_Queue/LinkedList_concat.key.proof took 0 ms to parse. 
97498      WARN  main            d.u.i.k.n.ParsingFacade   Parsing time 417 ms. 
97499      INFO  main            d.u.i.k.p.i.AbstractProblemLoader Creating init config 
98417      WARN  main            d.u.i.k.n.ParsingFacade   file:/home/runner/work/key/key/key.core/build/resources/main/de/uka/ilkd/key/java/JavaRedux/java/lang/String.key took 1 ms to parse. 
98418      WARN  main            d.u.i.k.n.ParsingFacade   Parsing time 418 ms. 
100166     DEBUG main            d.u.i.k.p.i.AbstractProblemLoader Init config took 2.67s 
100209     INFO  main            d.u.i.k.p.i.AbstractProblemLoader Replaying proof LinkedList[LinkedList::concat(LinkedList)].JML normal_behavior operation contract.0 
101008     DEBUG main            d.u.i.k.p.i.IntermediateProofReplayer Proof replay took 767.22ms 
101010     WARN  main            d.u.i.k.n.ParsingFacade   /home/runner/work/key/key/key.core/../key.ui/examples/heap/vstte10_05_Queue/LinkedList_concat.key.proof took 0 ms to parse. 
101010     WARN  main            d.u.i.k.n.ParsingFacade   Parsing time 418 ms. 
101011     DEBUG main            d.u.i.k.p.r.p.TestFile    ... success: reloaded. 
101012     INFO  main            d.u.i.k.p.r.p.TestFile    Now processing file /home/runner/work/key/key/key.core/../key.ui/examples/heap/vstte10_05_Queue/LinkedList_cons.key 
101012     INFO  main            d.u.i.k.p.i.AbstractProblemLoader Loading environment from /home/runner/work/key/key/key.core/../key.ui/examples/heap/vstte10_05_Queue/LinkedList_cons.key 
101012     DEBUG main            d.u.i.k.p.i.AbstractProblemLoader Environment load took 164.5ns 
101013     WARN  main            d.u.i.k.n.ParsingFacade   /home/runner/work/key/key/key.core/../key.ui/examples/heap/vstte10_05_Queue/LinkedList_cons.key took 0 ms to parse. 
101013     WARN  main            d.u.i.k.n.ParsingFacade   Parsing time 418 ms. 
101014     INFO  main            d.u.i.k.p.i.AbstractProblemLoader Creating init config 
101950     WARN  main            d.u.i.k.n.ParsingFacade   file:/home/runner/work/key/key/key.core/build/resources/main/de/uka/ilkd/key/java/JavaRedux/java/lang/String.key took 2 ms to parse. 
101951     WARN  main            d.u.i.k.n.ParsingFacade   Parsing time 420 ms. 
103795     DEBUG main            d.u.i.k.p.i.AbstractProblemLoader Init config took 2.78s 
103837     INFO  main            d.u.i.k.p.i.AbstractProblemLoader Replaying proof LinkedList[LinkedList::cons(int)].JML normal_behavior operation contract.0 
103839     DEBUG main            d.u.i.k.p.i.IntermediateProofReplayer Proof replay took 5.8ns 
103839     WARN  main            d.u.i.k.n.ParsingFacade   /home/runner/work/key/key/key.core/../key.ui/examples/heap/vstte10_05_Queue/LinkedList_cons.key took 0 ms to parse. 
103839     WARN  main            d.u.i.k.n.ParsingFacade   Parsing time 420 ms. 
106146     INFO  main            d.u.i.k.p.r.p.TestFile    ... finished proof: closed. 
106374     INFO  main            d.u.i.k.p.i.AbstractProblemLoader Loading environment from /home/runner/work/key/key/key.core/../key.ui/examples/heap/vstte10_05_Queue/LinkedList_cons.key.proof 
106374     DEBUG main            d.u.i.k.p.i.AbstractProblemLoader Environment load took 316.61ns 
106375     WARN  main            d.u.i.k.n.ParsingFacade   /home/runner/work/key/key/key.core/../key.ui/examples/heap/vstte10_05_Queue/LinkedList_cons.key.proof took 0 ms to parse. 
106375     WARN  main            d.u.i.k.n.ParsingFacade   Parsing time 420 ms. 
106376     INFO  main            d.u.i.k.p.i.AbstractProblemLoader Creating init config 
107271     WARN  main            d.u.i.k.n.ParsingFacade   file:/home/runner/work/key/key/key.core/build/resources/main/de/uka/ilkd/key/java/JavaRedux/java/lang/String.key took 1 ms to parse. 
107271     WARN  main            d.u.i.k.n.ParsingFacade   Parsing time 421 ms. 
109045     DEBUG main            d.u.i.k.p.i.AbstractProblemLoader Init config took 2.67s 
109086     INFO  main            d.u.i.k.p.i.AbstractProblemLoader Replaying proof LinkedList[LinkedList::cons(int)].JML normal_behavior operation contract.0 
109346     DEBUG main            d.u.i.k.p.i.IntermediateProofReplayer Proof replay took 249.25ms 
109347     WARN  main            d.u.i.k.n.ParsingFacade   /home/runner/work/key/key/key.core/../key.ui/examples/heap/vstte10_05_Queue/LinkedList_cons.key.proof took 0 ms to parse. 
109347     WARN  main            d.u.i.k.n.ParsingFacade   Parsing time 421 ms. 
109347     DEBUG main            d.u.i.k.p.r.p.TestFile    ... success: reloaded. 
109348     INFO  main            d.u.i.k.p.r.p.TestFile    Now processing file /home/runner/work/key/key/key.core/../key.ui/examples/heap/vstte10_05_Queue/LinkedList_head.key 
109349     INFO  main            d.u.i.k.p.i.AbstractProblemLoader Loading environment from /home/runner/work/key/key/key.core/../key.ui/examples/heap/vstte10_05_Queue/LinkedList_head.key 
109349     DEBUG main            d.u.i.k.p.i.AbstractProblemLoader Environment load took 82.7ns 
109349     WARN  main            d.u.i.k.n.ParsingFacade   /home/runner/work/key/key/key.core/../key.ui/examples/heap/vstte10_05_Queue/LinkedList_head.key took 0 ms to parse. 
109349     WARN  main            d.u.i.k.n.ParsingFacade   Parsing time 421 ms. 
109350     INFO  main            d.u.i.k.p.i.AbstractProblemLoader Creating init config 
110308     WARN  main            d.u.i.k.n.ParsingFacade   file:/home/runner/work/key/key/key.core/build/resources/main/de/uka/ilkd/key/java/JavaRedux/java/lang/String.key took 1 ms to parse. 
110308     WARN  main            d.u.i.k.n.ParsingFacade   Parsing time 422 ms. 
112110     DEBUG main            d.u.i.k.p.i.AbstractProblemLoader Init config took 2.76s 
112171     INFO  main            d.u.i.k.p.i.AbstractProblemLoader Replaying proof LinkedList[LinkedList::head()].JML normal_behavior operation contract.0 
112173     DEBUG main            d.u.i.k.p.i.IntermediateProofReplayer Proof replay took 6.4ns 
112173     WARN  main            d.u.i.k.n.ParsingFacade   /home/runner/work/key/key/key.core/../key.ui/examples/heap/vstte10_05_Queue/LinkedList_head.key took 0 ms to parse. 
112173     WARN  main            d.u.i.k.n.ParsingFacade   Parsing time 422 ms. 
112274     INFO  main            d.u.i.k.p.r.p.TestFile    ... finished proof: closed. 
112476     INFO  main            d.u.i.k.p.i.AbstractProblemLoader Loading environment from /home/runner/work/key/key/key.core/../key.ui/examples/heap/vstte10_05_Queue/LinkedList_head.key.proof 
112476     DEBUG main            d.u.i.k.p.i.AbstractProblemLoader Environment load took 92.9ns 
112476     WARN  main            d.u.i.k.n.ParsingFacade   /home/runner/work/key/key/key.core/../key.ui/examples/heap/vstte10_05_Queue/LinkedList_head.key.proof took 0 ms to parse. 
112476     WARN  main            d.u.i.k.n.ParsingFacade   Parsing time 422 ms. 
112477     INFO  main            d.u.i.k.p.i.AbstractProblemLoader Creating init config 
113370     WARN  main            d.u.i.k.n.ParsingFacade   file:/home/runner/work/key/key/key.core/build/resources/main/de/uka/ilkd/key/java/JavaRedux/java/lang/String.key took 1 ms to parse. 
113370     WARN  main            d.u.i.k.n.ParsingFacade   Parsing time 423 ms. 
115140     DEBUG main            d.u.i.k.p.i.AbstractProblemLoader Init config took 2.66s 
115181     INFO  main            d.u.i.k.p.i.AbstractProblemLoader Replaying proof LinkedList[LinkedList::head()].JML normal_behavior operation contract.0 
115195     DEBUG main            d.u.i.k.p.i.IntermediateProofReplayer Proof replay took 12.2ms 
115195     WARN  main            d.u.i.k.n.ParsingFacade   /home/runner/work/key/key/key.core/../key.ui/examples/heap/vstte10_05_Queue/LinkedList_head.key.proof took 0 ms to parse. 
115195     WARN  main            d.u.i.k.n.ParsingFacade   Parsing time 423 ms. 
115195     DEBUG main            d.u.i.k.p.r.p.TestFile    ... success: reloaded. 
115196     INFO  main            d.u.i.k.p.r.p.TestFile    Now processing file /home/runner/work/key/key/key.core/../key.ui/examples/heap/vstte10_05_Queue/LinkedList_inv.key 
115197     INFO  main            d.u.i.k.p.i.AbstractProblemLoader Loading environment from /home/runner/work/key/key/key.core/../key.ui/examples/heap/vstte10_05_Queue/LinkedList_inv.key 
115197     DEBUG main            d.u.i.k.p.i.AbstractProblemLoader Environment load took 77.4ns 
115197     WARN  main            d.u.i.k.n.ParsingFacade   /home/runner/work/key/key/key.core/../key.ui/examples/heap/vstte10_05_Queue/LinkedList_inv.key took 0 ms to parse. 
115197     WARN  main            d.u.i.k.n.ParsingFacade   Parsing time 423 ms. 
115198     INFO  main            d.u.i.k.p.i.AbstractProblemLoader Creating init config 
116121     WARN  main            d.u.i.k.n.ParsingFacade   file:/home/runner/work/key/key/key.core/build/resources/main/de/uka/ilkd/key/java/JavaRedux/java/lang/String.key took 1 ms to parse. 
116121     WARN  main            d.u.i.k.n.ParsingFacade   Parsing time 424 ms. 
117933     DEBUG main            d.u.i.k.p.i.AbstractProblemLoader Init config took 2.74s 
117973     INFO  main            d.u.i.k.p.i.AbstractProblemLoader Replaying proof LinkedList[java.lang.Object::<inv>()].JML accessible clause.0 
117974     DEBUG main            d.u.i.k.p.i.IntermediateProofReplayer Proof replay took 7.1ns 
117975     WARN  main            d.u.i.k.n.ParsingFacade   /home/runner/work/key/key/key.core/../key.ui/examples/heap/vstte10_05_Queue/LinkedList_inv.key took 0 ms to parse. 
117975     WARN  main            d.u.i.k.n.ParsingFacade   Parsing time 424 ms. 
118278     INFO  main            d.u.i.k.p.r.p.TestFile    ... finished proof: closed. 
118483     INFO  main            d.u.i.k.p.i.AbstractProblemLoader Loading environment from /home/runner/work/key/key/key.core/../key.ui/examples/heap/vstte10_05_Queue/LinkedList_inv.key.proof 
118483     DEBUG main            d.u.i.k.p.i.AbstractProblemLoader Environment load took 93.2ns 
118484     WARN  main            d.u.i.k.n.ParsingFacade   /home/runner/work/key/key/key.core/../key.ui/examples/heap/vstte10_05_Queue/LinkedList_inv.key.proof took 0 ms to parse. 
118484     WARN  main            d.u.i.k.n.ParsingFacade   Parsing time 424 ms. 
118485     INFO  main            d.u.i.k.p.i.AbstractProblemLoader Creating init config 
119387     WARN  main            d.u.i.k.n.ParsingFacade   file:/home/runner/work/key/key/key.core/build/resources/main/de/uka/ilkd/key/java/JavaRedux/java/lang/String.key took 1 ms to parse. 
119387     WARN  main            d.u.i.k.n.ParsingFacade   Parsing time 425 ms. 
121152     DEBUG main            d.u.i.k.p.i.AbstractProblemLoader Init config took 2.67s 
121192     INFO  main            d.u.i.k.p.i.AbstractProblemLoader Replaying proof LinkedList[java.lang.Object::<inv>()].JML accessible clause.0 
121219     DEBUG main            d.u.i.k.p.i.IntermediateProofReplayer Proof replay took 25.33ms 
121220     WARN  main            d.u.i.k.n.ParsingFacade   /home/runner/work/key/key/key.core/../key.ui/examples/heap/vstte10_05_Queue/LinkedList_inv.key.proof took 0 ms to parse. 
121220     WARN  main            d.u.i.k.n.ParsingFacade   Parsing time 425 ms. 
121220     DEBUG main            d.u.i.k.p.r.p.TestFile    ... success: reloaded. 
121221     INFO  main            d.u.i.k.p.r.p.TestFile    Now processing file /home/runner/work/key/key/key.core/../key.ui/examples/heap/vstte10_05_Queue/LinkedList_length.key 
121221     INFO  main            d.u.i.k.p.i.AbstractProblemLoader Loading environment from /home/runner/work/key/key/key.core/../key.ui/examples/heap/vstte10_05_Queue/LinkedList_length.key 
121221     DEBUG main            d.u.i.k.p.i.AbstractProblemLoader Environment load took 77.1ns 
121222     WARN  main            d.u.i.k.n.ParsingFacade   /home/runner/work/key/key/key.core/../key.ui/examples/heap/vstte10_05_Queue/LinkedList_length.key took 1 ms to parse. 
121222     WARN  main            d.u.i.k.n.ParsingFacade   Parsing time 426 ms. 
121222     INFO  main            d.u.i.k.p.i.AbstractProblemLoader Creating init config 
122150     WARN  main            d.u.i.k.n.ParsingFacade   file:/home/runner/work/key/key/key.core/build/resources/main/de/uka/ilkd/key/java/JavaRedux/java/lang/String.key took 2 ms to parse. 
122150     WARN  main            d.u.i.k.n.ParsingFacade   Parsing time 428 ms. 
123966     DEBUG main            d.u.i.k.p.i.AbstractProblemLoader Init config took 2.74s 
124006     INFO  main            d.u.i.k.p.i.AbstractProblemLoader Replaying proof LinkedList[LinkedList::length()].JML normal_behavior operation contract.0 
124008     DEBUG main            d.u.i.k.p.i.IntermediateProofReplayer Proof replay took 6.2ns 
124008     WARN  main            d.u.i.k.n.ParsingFacade   /home/runner/work/key/key/key.core/../key.ui/examples/heap/vstte10_05_Queue/LinkedList_length.key took 0 ms to parse. 
124008     WARN  main            d.u.i.k.n.ParsingFacade   Parsing time 428 ms. 
124109     INFO  main            d.u.i.k.p.r.p.TestFile    ... finished proof: closed. 
124372     INFO  main            d.u.i.k.p.i.AbstractProblemLoader Loading environment from /home/runner/work/key/key/key.core/../key.ui/examples/heap/vstte10_05_Queue/LinkedList_length.key.proof 
124372     DEBUG main            d.u.i.k.p.i.AbstractProblemLoader Environment load took 81.8ns 
124372     WARN  main            d.u.i.k.n.ParsingFacade   /home/runner/work/key/key/key.core/../key.ui/examples/heap/vstte10_05_Queue/LinkedList_length.key.proof took 0 ms to parse. 
124372     WARN  main            d.u.i.k.n.ParsingFacade   Parsing time 428 ms. 
124373     INFO  main            d.u.i.k.p.i.AbstractProblemLoader Creating init config 
125284     WARN  main            d.u.i.k.n.ParsingFacade   file:/home/runner/work/key/key/key.core/build/resources/main/de/uka/ilkd/key/java/JavaRedux/java/lang/String.key took 2 ms to parse. 
125284     WARN  main            d.u.i.k.n.ParsingFacade   Parsing time 430 ms. 
127041     DEBUG main            d.u.i.k.p.i.AbstractProblemLoader Init config took 2.67s 
127080     INFO  main            d.u.i.k.p.i.AbstractProblemLoader Replaying proof LinkedList[LinkedList::length()].JML normal_behavior operation contract.0 
127094     DEBUG main            d.u.i.k.p.i.IntermediateProofReplayer Proof replay took 12.2ms 
127095     WARN  main            d.u.i.k.n.ParsingFacade   /home/runner/work/key/key/key.core/../key.ui/examples/heap/vstte10_05_Queue/LinkedList_length.key.proof took 1 ms to parse. 
127095     WARN  main            d.u.i.k.n.ParsingFacade   Parsing time 431 ms. 
127095     DEBUG main            d.u.i.k.p.r.p.TestFile    ... success: reloaded. 
127096     INFO  main            d.u.i.k.p.r.p.TestFile    Now processing file /home/runner/work/key/key/key.core/../key.ui/examples/heap/vstte10_05_Queue/LinkedList_LinkedList1.key 
127096     INFO  main            d.u.i.k.p.i.AbstractProblemLoader Loading environment from /home/runner/work/key/key/key.core/../key.ui/examples/heap/vstte10_05_Queue/LinkedList_LinkedList1.key 
127096     DEBUG main            d.u.i.k.p.i.AbstractProblemLoader Environment load took 67.3ns 
127096     WARN  main            d.u.i.k.n.ParsingFacade   /home/runner/work/key/key/key.core/../key.ui/examples/heap/vstte10_05_Queue/LinkedList_LinkedList1.key took 0 ms to parse. 
127096     WARN  main            d.u.i.k.n.ParsingFacade   Parsing time 431 ms. 
127097     INFO  main            d.u.i.k.p.i.AbstractProblemLoader Creating init config 
128010     WARN  main            d.u.i.k.n.ParsingFacade   file:/home/runner/work/key/key/key.core/build/resources/main/de/uka/ilkd/key/java/JavaRedux/java/lang/String.key took 1 ms to parse. 
128010     WARN  main            d.u.i.k.n.ParsingFacade   Parsing time 432 ms. 
129789     DEBUG main            d.u.i.k.p.i.AbstractProblemLoader Init config took 2.69s 
129863     INFO  main            d.u.i.k.p.i.AbstractProblemLoader Replaying proof LinkedList[LinkedList::LinkedList(int,LinkedList)].JML normal_behavior operation contract.0 
129865     DEBUG main            d.u.i.k.p.i.IntermediateProofReplayer Proof replay took 6.4ns 
129865     WARN  main            d.u.i.k.n.ParsingFacade   /home/runner/work/key/key/key.core/../key.ui/examples/heap/vstte10_05_Queue/LinkedList_LinkedList1.key took 0 ms to parse. 
129866     WARN  main            d.u.i.k.n.ParsingFacade   Parsing time 432 ms. 
131671     INFO  main            d.u.i.k.p.r.p.TestFile    ... finished proof: closed. 
131922     INFO  main            d.u.i.k.p.i.AbstractProblemLoader Loading environment from /home/runner/work/key/key/key.core/../key.ui/examples/heap/vstte10_05_Queue/LinkedList_LinkedList1.key.proof 
131922     DEBUG main            d.u.i.k.p.i.AbstractProblemLoader Environment load took 332.01ns 
131923     WARN  main            d.u.i.k.n.ParsingFacade   /home/runner/work/key/key/key.core/../key.ui/examples/heap/vstte10_05_Queue/LinkedList_LinkedList1.key.proof took 0 ms to parse. 
131923     WARN  main            d.u.i.k.n.ParsingFacade   Parsing time 432 ms. 
131924     INFO  main            d.u.i.k.p.i.AbstractProblemLoader Creating init config 
132823     WARN  main            d.u.i.k.n.ParsingFacade   file:/home/runner/work/key/key/key.core/build/resources/main/de/uka/ilkd/key/java/JavaRedux/java/lang/String.key took 1 ms to parse. 
132823     WARN  main            d.u.i.k.n.ParsingFacade   Parsing time 433 ms. 
134572     DEBUG main            d.u.i.k.p.i.AbstractProblemLoader Init config took 2.65s 
134622     INFO  main            d.u.i.k.p.i.AbstractProblemLoader Replaying proof LinkedList[LinkedList::LinkedList(int,LinkedList)].JML normal_behavior operation contract.0 
134867     DEBUG main            d.u.i.k.p.i.IntermediateProofReplayer Proof replay took 238.04ms 
134868     WARN  main            d.u.i.k.n.ParsingFacade   /home/runner/work/key/key/key.core/../key.ui/examples/heap/vstte10_05_Queue/LinkedList_LinkedList1.key.proof took 0 ms to parse. 
134868     WARN  main            d.u.i.k.n.ParsingFacade   Parsing time 433 ms. 
134869     DEBUG main            d.u.i.k.p.r.p.TestFile    ... success: reloaded. 
134870     INFO  main            d.u.i.k.p.r.p.TestFile    Now processing file /home/runner/work/key/key/key.core/../key.ui/examples/heap/vstte10_05_Queue/LinkedList_LinkedList2.key 
134870     INFO  main            d.u.i.k.p.i.AbstractProblemLoader Loading environment from /home/runner/work/key/key/key.core/../key.ui/examples/heap/vstte10_05_Queue/LinkedList_LinkedList2.key 
134870     DEBUG main            d.u.i.k.p.i.AbstractProblemLoader Environment load took 85.1ns 
134870     WARN  main            d.u.i.k.n.ParsingFacade   /home/runner/work/key/key/key.core/../key.ui/examples/heap/vstte10_05_Queue/LinkedList_LinkedList2.key took 0 ms to parse. 
134870     WARN  main            d.u.i.k.n.ParsingFacade   Parsing time 433 ms. 
134871     INFO  main            d.u.i.k.p.i.AbstractProblemLoader Creating init config 
135807     WARN  main            d.u.i.k.n.ParsingFacade   file:/home/runner/work/key/key/key.core/build/resources/main/de/uka/ilkd/key/java/JavaRedux/java/lang/String.key took 1 ms to parse. 
135807     WARN  main            d.u.i.k.n.ParsingFacade   Parsing time 434 ms. 
137597     DEBUG main            d.u.i.k.p.i.AbstractProblemLoader Init config took 2.73s 
137637     INFO  main            d.u.i.k.p.i.AbstractProblemLoader Replaying proof LinkedList[LinkedList::LinkedList(int,LinkedList)].JML normal_behavior operation contract.0 
137638     DEBUG main            d.u.i.k.p.i.IntermediateProofReplayer Proof replay took 5.5ns 
137639     WARN  main            d.u.i.k.n.ParsingFacade   /home/runner/work/key/key/key.core/../key.ui/examples/heap/vstte10_05_Queue/LinkedList_LinkedList2.key took 0 ms to parse. 
137639     WARN  main            d.u.i.k.n.ParsingFacade   Parsing time 434 ms. 
139445     INFO  main            d.u.i.k.p.r.p.TestFile    ... finished proof: closed. 
139701     INFO  main            d.u.i.k.p.i.AbstractProblemLoader Loading environment from /home/runner/work/key/key/key.core/../key.ui/examples/heap/vstte10_05_Queue/LinkedList_LinkedList2.key.proof 
139701     DEBUG main            d.u.i.k.p.i.AbstractProblemLoader Environment load took 308.7ns 
139702     WARN  main            d.u.i.k.n.ParsingFacade   /home/runner/work/key/key/key.core/../key.ui/examples/heap/vstte10_05_Queue/LinkedList_LinkedList2.key.proof took 0 ms to parse. 
139702     WARN  main            d.u.i.k.n.ParsingFacade   Parsing time 434 ms. 
139703     INFO  main            d.u.i.k.p.i.AbstractProblemLoader Creating init config 
140592     WARN  main            d.u.i.k.n.ParsingFacade   file:/home/runner/work/key/key/key.core/build/resources/main/de/uka/ilkd/key/java/JavaRedux/java/lang/String.key took 1 ms to parse. 
140592     WARN  main            d.u.i.k.n.ParsingFacade   Parsing time 435 ms. 
142338     DEBUG main            d.u.i.k.p.i.AbstractProblemLoader Init config took 2.64s 
142378     INFO  main            d.u.i.k.p.i.AbstractProblemLoader Replaying proof LinkedList[LinkedList::LinkedList(int,LinkedList)].JML normal_behavior operation contract.0 
142636     DEBUG main            d.u.i.k.p.i.IntermediateProofReplayer Proof replay took 250.84ms 
142636     WARN  main            d.u.i.k.n.ParsingFacade   /home/runner/work/key/key/key.core/../key.ui/examples/heap/vstte10_05_Queue/LinkedList_LinkedList2.key.proof took 0 ms to parse. 
142636     WARN  main            d.u.i.k.n.ParsingFacade   Parsing time 435 ms. 
142637     DEBUG main            d.u.i.k.p.r.p.TestFile    ... success: reloaded. 
142638     INFO  main            d.u.i.k.p.r.p.TestFile    Now processing file /home/runner/work/key/key/key.core/../key.ui/examples/heap/vstte10_05_Queue/LinkedList_LinkedList3.key 
142638     INFO  main            d.u.i.k.p.i.AbstractProblemLoader Loading environment from /home/runner/work/key/key/key.core/../key.ui/examples/heap/vstte10_05_Queue/LinkedList_LinkedList3.key 
142638     DEBUG main            d.u.i.k.p.i.AbstractProblemLoader Environment load took 50.6ns 
142638     WARN  main            d.u.i.k.n.ParsingFacade   /home/runner/work/key/key/key.core/../key.ui/examples/heap/vstte10_05_Queue/LinkedList_LinkedList3.key took 0 ms to parse. 
142638     WARN  main            d.u.i.k.n.ParsingFacade   Parsing time 435 ms. 
142639     INFO  main            d.u.i.k.p.i.AbstractProblemLoader Creating init config 
143554     WARN  main            d.u.i.k.n.ParsingFacade   file:/home/runner/work/key/key/key.core/build/resources/main/de/uka/ilkd/key/java/JavaRedux/java/lang/String.key took 1 ms to parse. 
143554     WARN  main            d.u.i.k.n.ParsingFacade   Parsing time 436 ms. 
145382     DEBUG main            d.u.i.k.p.i.AbstractProblemLoader Init config took 2.74s 
145423     INFO  main            d.u.i.k.p.i.AbstractProblemLoader Replaying proof LinkedList[LinkedList::LinkedList(int,LinkedList)].JML normal_behavior operation contract.0 
145425     DEBUG main            d.u.i.k.p.i.IntermediateProofReplayer Proof replay took 6.8ns 
145425     WARN  main            d.u.i.k.n.ParsingFacade   /home/runner/work/key/key/key.core/../key.ui/examples/heap/vstte10_05_Queue/LinkedList_LinkedList3.key took 0 ms to parse. 
145426     WARN  main            d.u.i.k.n.ParsingFacade   Parsing time 436 ms. 
159208     INFO  main            d.u.i.k.p.r.p.TestFile    ... finished proof: closed. 
159567     INFO  main            d.u.i.k.p.i.AbstractProblemLoader Loading environment from /home/runner/work/key/key/key.core/../key.ui/examples/heap/vstte10_05_Queue/LinkedList_LinkedList3.key.proof 
159568     DEBUG main            d.u.i.k.p.i.AbstractProblemLoader Environment load took 341.11ns 
159573     WARN  main            d.u.i.k.n.ParsingFacade   /home/runner/work/key/key/key.core/../key.ui/examples/heap/vstte10_05_Queue/LinkedList_LinkedList3.key.proof took 0 ms to parse. 
159573     WARN  main            d.u.i.k.n.ParsingFacade   Parsing time 436 ms. 
159574     INFO  main            d.u.i.k.p.i.AbstractProblemLoader Creating init config 
160471     WARN  main            d.u.i.k.n.ParsingFacade   file:/home/runner/work/key/key/key.core/build/resources/main/de/uka/ilkd/key/java/JavaRedux/java/lang/String.key took 2 ms to parse. 
160471     WARN  main            d.u.i.k.n.ParsingFacade   Parsing time 438 ms. 
162225     DEBUG main            d.u.i.k.p.i.AbstractProblemLoader Init config took 2.65s 
162268     INFO  main            d.u.i.k.p.i.AbstractProblemLoader Replaying proof LinkedList[LinkedList::LinkedList(int,LinkedList)].JML normal_behavior operation contract.0 
163435     DEBUG main            d.u.i.k.p.i.IntermediateProofReplayer Proof replay took 1.07s 
163440     WARN  main            d.u.i.k.n.ParsingFacade   /home/runner/work/key/key/key.core/../key.ui/examples/heap/vstte10_05_Queue/LinkedList_LinkedList3.key.proof took 0 ms to parse. 
163440     WARN  main            d.u.i.k.n.ParsingFacade   Parsing time 438 ms. 
163441     DEBUG main            d.u.i.k.p.r.p.TestFile    ... success: reloaded. 
163441     INFO  main            d.u.i.k.p.r.p.TestFile    Now processing file /home/runner/work/key/key/key.core/../key.ui/examples/heap/vstte10_05_Queue/LinkedList_reverse.key 
163442     INFO  main            d.u.i.k.p.i.AbstractProblemLoader Loading environment from /home/runner/work/key/key/key.core/../key.ui/examples/heap/vstte10_05_Queue/LinkedList_reverse.key 
163442     DEBUG main            d.u.i.k.p.i.AbstractProblemLoader Environment load took 70.9ns 
163442     WARN  main            d.u.i.k.n.ParsingFacade   /home/runner/work/key/key/key.core/../key.ui/examples/heap/vstte10_05_Queue/LinkedList_reverse.key took 0 ms to parse. 
163442     WARN  main            d.u.i.k.n.ParsingFacade   Parsing time 438 ms. 
163443     INFO  main            d.u.i.k.p.i.AbstractProblemLoader Creating init config 
164423     WARN  main            d.u.i.k.n.ParsingFacade   file:/home/runner/work/key/key/key.core/build/resources/main/de/uka/ilkd/key/java/JavaRedux/java/lang/String.key took 1 ms to parse. 
164423     WARN  main            d.u.i.k.n.ParsingFacade   Parsing time 439 ms. 
166262     DEBUG main            d.u.i.k.p.i.AbstractProblemLoader Init config took 2.82s 
166303     INFO  main            d.u.i.k.p.i.AbstractProblemLoader Replaying proof LinkedList[LinkedList::reverse()].JML normal_behavior operation contract.0 
166304     DEBUG main            d.u.i.k.p.i.IntermediateProofReplayer Proof replay took 6ns 
166305     WARN  main            d.u.i.k.n.ParsingFacade   /home/runner/work/key/key/key.core/../key.ui/examples/heap/vstte10_05_Queue/LinkedList_reverse.key took 0 ms to parse. 
166305     WARN  main            d.u.i.k.n.ParsingFacade   Parsing time 439 ms. 
175481     INFO  main            d.u.i.k.p.r.p.TestFile    ... finished proof: closed. 
175791     INFO  main            d.u.i.k.p.i.AbstractProblemLoader Loading environment from /home/runner/work/key/key/key.core/../key.ui/examples/heap/vstte10_05_Queue/LinkedList_reverse.key.proof 
175791     DEBUG main            d.u.i.k.p.i.AbstractProblemLoader Environment load took 148.2ns 
175792     WARN  main            d.u.i.k.n.ParsingFacade   /home/runner/work/key/key/key.core/../key.ui/examples/heap/vstte10_05_Queue/LinkedList_reverse.key.proof took 0 ms to parse. 
175792     WARN  main            d.u.i.k.n.ParsingFacade   Parsing time 439 ms. 
175793     INFO  main            d.u.i.k.p.i.AbstractProblemLoader Creating init config 
176686     WARN  main            d.u.i.k.n.ParsingFacade   file:/home/runner/work/key/key/key.core/build/resources/main/de/uka/ilkd/key/java/JavaRedux/java/lang/String.key took 2 ms to parse. 
176686     WARN  main            d.u.i.k.n.ParsingFacade   Parsing time 441 ms. 
178424     DEBUG main            d.u.i.k.p.i.AbstractProblemLoader Init config took 2.63s 
178469     INFO  main            d.u.i.k.p.i.AbstractProblemLoader Replaying proof LinkedList[LinkedList::reverse()].JML normal_behavior operation contract.0 
179208     DEBUG main            d.u.i.k.p.i.IntermediateProofReplayer Proof replay took 708.88ms 
179210     WARN  main            d.u.i.k.n.ParsingFacade   /home/runner/work/key/key/key.core/../key.ui/examples/heap/vstte10_05_Queue/LinkedList_reverse.key.proof took 0 ms to parse. 
179210     WARN  main            d.u.i.k.n.ParsingFacade   Parsing time 441 ms. 
179210     DEBUG main            d.u.i.k.p.r.p.TestFile    ... success: reloaded. 
179211     INFO  main            d.u.i.k.p.r.p.TestFile    Now processing file /home/runner/work/key/key/key.core/../key.ui/examples/heap/vstte10_05_Queue/LinkedList_tail.key 
179211     INFO  main            d.u.i.k.p.i.AbstractProblemLoader Loading environment from /home/runner/work/key/key/key.core/../key.ui/examples/heap/vstte10_05_Queue/LinkedList_tail.key 
179211     DEBUG main            d.u.i.k.p.i.AbstractProblemLoader Environment load took 73.9ns 
179211     WARN  main            d.u.i.k.n.ParsingFacade   /home/runner/work/key/key/key.core/../key.ui/examples/heap/vstte10_05_Queue/LinkedList_tail.key took 0 ms to parse. 
179211     WARN  main            d.u.i.k.n.ParsingFacade   Parsing time 441 ms. 
179212     INFO  main            d.u.i.k.p.i.AbstractProblemLoader Creating init config 
180130     WARN  main            d.u.i.k.n.ParsingFacade   file:/home/runner/work/key/key/key.core/build/resources/main/de/uka/ilkd/key/java/JavaRedux/java/lang/String.key took 1 ms to parse. 
180130     WARN  main            d.u.i.k.n.ParsingFacade   Parsing time 442 ms. 
181926     DEBUG main            d.u.i.k.p.i.AbstractProblemLoader Init config took 2.71s 
181989     INFO  main            d.u.i.k.p.i.AbstractProblemLoader Replaying proof LinkedList[LinkedList::tail()].JML normal_behavior operation contract.0 
181991     DEBUG main            d.u.i.k.p.i.IntermediateProofReplayer Proof replay took 44.1ns 
181991     WARN  main            d.u.i.k.n.ParsingFacade   /home/runner/work/key/key/key.core/../key.ui/examples/heap/vstte10_05_Queue/LinkedList_tail.key took 0 ms to parse. 
181991     WARN  main            d.u.i.k.n.ParsingFacade   Parsing time 442 ms. 
182495     INFO  main            d.u.i.k.p.r.p.TestFile    ... finished proof: closed. 
182760     INFO  main            d.u.i.k.p.i.AbstractProblemLoader Loading environment from /home/runner/work/key/key/key.core/../key.ui/examples/heap/vstte10_05_Queue/LinkedList_tail.key.proof 
182761     DEBUG main            d.u.i.k.p.i.AbstractProblemLoader Environment load took 118.7ns 
182762     WARN  main            d.u.i.k.n.ParsingFacade   /home/runner/work/key/key/key.core/../key.ui/examples/heap/vstte10_05_Queue/LinkedList_tail.key.proof took 0 ms to parse. 
182762     WARN  main            d.u.i.k.n.ParsingFacade   Parsing time 442 ms. 
182763     INFO  main            d.u.i.k.p.i.AbstractProblemLoader Creating init config 
183661     WARN  main            d.u.i.k.n.ParsingFacade   file:/home/runner/work/key/key/key.core/build/resources/main/de/uka/ilkd/key/java/JavaRedux/java/lang/String.key took 1 ms to parse. 
183661     WARN  main            d.u.i.k.n.ParsingFacade   Parsing time 443 ms. 
185402     DEBUG main            d.u.i.k.p.i.AbstractProblemLoader Init config took 2.64s 
185450     INFO  main            d.u.i.k.p.i.AbstractProblemLoader Replaying proof LinkedList[LinkedList::tail()].JML normal_behavior operation contract.0 
185553     DEBUG main            d.u.i.k.p.i.IntermediateProofReplayer Proof replay took 99.84ms 
185554     WARN  main            d.u.i.k.n.ParsingFacade   /home/runner/work/key/key/key.core/../key.ui/examples/heap/vstte10_05_Queue/LinkedList_tail.key.proof took 0 ms to parse. 
185554     WARN  main            d.u.i.k.n.ParsingFacade   Parsing time 443 ms. 
185554     DEBUG main            d.u.i.k.p.r.p.TestFile    ... success: reloaded. 
2366563    INFO  Test worker     d.u.i.k.p.r.RunAllProofsTestUnit Returning from test VSTTE10 
2366566    INFO  Test worker     d.u.i.k.p.r.RunAllProofsTestUnit Running test WeideEtAl 
339        INFO  Timeout watchdog d.u.i.k.p.r.p.ForkedTestFileRunner Timeout watcher launched (2000 secs.) 
348        WARN  main            d.u.i.k.s.ProofSettings   The settings in /home/runner/.key/proof-settings.props are *not* read. 
374        INFO  main            d.u.i.k.p.r.p.TestFile    Now processing file /home/runner/work/key/key/key.core/../key.ui/examples/heap/WeideEtAl_01_AddAndMultiply/AddAndMultiply_add.key 
480        INFO  main            d.u.i.k.p.i.AbstractProblemLoader Loading environment from /home/runner/work/key/key/key.core/../key.ui/examples/heap/WeideEtAl_01_AddAndMultiply/AddAndMultiply_add.key 
495        DEBUG main            d.u.i.k.p.i.AbstractProblemLoader Environment load took 1.73ms 
579        WARN  main            d.u.i.k.n.ParsingFacade   /home/runner/work/key/key/key.core/../key.ui/examples/heap/WeideEtAl_01_AddAndMultiply/AddAndMultiply_add.key took 11 ms to parse. 
579        WARN  main            d.u.i.k.n.ParsingFacade   Parsing time 11 ms. 
717        INFO  main            d.u.i.k.p.i.AbstractProblemLoader Creating init config 
726        WARN  main            d.u.i.k.n.ParsingFacade   file:/home/runner/work/key/key/key.core/build/resources/main/de/uka/ilkd/key/proof/rules/standardRules.key took 5 ms to parse. 
726        WARN  main            d.u.i.k.n.ParsingFacade   Parsing time 16 ms. 
738        WARN  main            d.u.i.k.n.ParsingFacade   file:/home/runner/work/key/key/key.core/build/resources/main/de/uka/ilkd/key/proof/rules/ldt.key took 1 ms to parse. 
738        WARN  main            d.u.i.k.n.ParsingFacade   Parsing time 17 ms. 
745        WARN  main            d.u.i.k.n.ParsingFacade   file:/home/runner/work/key/key/key.core/build/resources/main/de/uka/ilkd/key/proof/rules/boolean.key took 4 ms to parse. 
745        WARN  main            d.u.i.k.n.ParsingFacade   Parsing time 21 ms. 
759        WARN  main            d.u.i.k.n.ParsingFacade   file:/home/runner/work/key/key/key.core/build/resources/main/de/uka/ilkd/key/proof/rules/ruleSetsDeclarations.key took 6 ms to parse. 
759        WARN  main            d.u.i.k.n.ParsingFacade   Parsing time 27 ms. 
781        WARN  main            d.u.i.k.n.ParsingFacade   file:/home/runner/work/key/key/key.core/build/resources/main/de/uka/ilkd/key/proof/rules/integerHeader.key took 4 ms to parse. 
781        WARN  main            d.u.i.k.n.ParsingFacade   Parsing time 31 ms. 
783        WARN  main            d.u.i.k.n.ParsingFacade   file:/home/runner/work/key/key/key.core/build/resources/main/de/uka/ilkd/key/proof/rules/floatHeader.key took 1 ms to parse. 
783        WARN  main            d.u.i.k.n.ParsingFacade   Parsing time 32 ms. 
785        WARN  main            d.u.i.k.n.ParsingFacade   file:/home/runner/work/key/key/key.core/build/resources/main/de/uka/ilkd/key/proof/rules/heap.key took 1 ms to parse. 
785        WARN  main            d.u.i.k.n.ParsingFacade   Parsing time 33 ms. 
787        WARN  main            d.u.i.k.n.ParsingFacade   file:/home/runner/work/key/key/key.core/build/resources/main/de/uka/ilkd/key/proof/rules/locSets.key took 0 ms to parse. 
787        WARN  main            d.u.i.k.n.ParsingFacade   Parsing time 33 ms. 
788        WARN  main            d.u.i.k.n.ParsingFacade   file:/home/runner/work/key/key/key.core/build/resources/main/de/uka/ilkd/key/proof/rules/permission.key took 0 ms to parse. 
788        WARN  main            d.u.i.k.n.ParsingFacade   Parsing time 33 ms. 
789        WARN  main            d.u.i.k.n.ParsingFacade   file:/home/runner/work/key/key/key.core/build/resources/main/de/uka/ilkd/key/proof/rules/reach.key took 0 ms to parse. 
789        WARN  main            d.u.i.k.n.ParsingFacade   Parsing time 33 ms. 
790        WARN  main            d.u.i.k.n.ParsingFacade   file:/home/runner/work/key/key/key.core/build/resources/main/de/uka/ilkd/key/proof/rules/seq.key took 1 ms to parse. 
790        WARN  main            d.u.i.k.n.ParsingFacade   Parsing time 34 ms. 
814        WARN  main            d.u.i.k.n.ParsingFacade   file:/home/runner/work/key/key/key.core/build/resources/main/de/uka/ilkd/key/proof/rules/map.key took 24 ms to parse. 
814        WARN  main            d.u.i.k.n.ParsingFacade   Parsing time 58 ms. 
815        WARN  main            d.u.i.k.n.ParsingFacade   file:/home/runner/work/key/key/key.core/build/resources/main/de/uka/ilkd/key/proof/rules/freeADT.key took 1 ms to parse. 
815        WARN  main            d.u.i.k.n.ParsingFacade   Parsing time 59 ms. 
815        WARN  main            d.u.i.k.n.ParsingFacade   file:/home/runner/work/key/key/key.core/build/resources/main/de/uka/ilkd/key/proof/rules/wellfound.key took 0 ms to parse. 
815        WARN  main            d.u.i.k.n.ParsingFacade   Parsing time 59 ms. 
816        WARN  main            d.u.i.k.n.ParsingFacade   file:/home/runner/work/key/key/key.core/build/resources/main/de/uka/ilkd/key/proof/rules/charListHeader.key took 0 ms to parse. 
816        WARN  main            d.u.i.k.n.ParsingFacade   Parsing time 59 ms. 
924        WARN  main            d.u.i.k.n.ParsingFacade   file:/home/runner/work/key/key/key.core/build/resources/main/de/uka/ilkd/key/proof/rules/propRule.key took 4 ms to parse. 
924        WARN  main            d.u.i.k.n.ParsingFacade   Parsing time 63 ms. 
946        WARN  main            d.u.i.k.n.ParsingFacade   file:/home/runner/work/key/key/key.core/build/resources/main/de/uka/ilkd/key/proof/rules/firstOrderRules.key took 4 ms to parse. 
946        WARN  main            d.u.i.k.n.ParsingFacade   Parsing time 67 ms. 
963        WARN  main            d.u.i.k.n.ParsingFacade   file:/home/runner/work/key/key/key.core/build/resources/main/de/uka/ilkd/key/proof/rules/ifThenElseRules.key took 5 ms to parse. 
963        WARN  main            d.u.i.k.n.ParsingFacade   Parsing time 72 ms. 
991        WARN  main            d.u.i.k.n.ParsingFacade   file:/home/runner/work/key/key/key.core/build/resources/main/de/uka/ilkd/key/proof/rules/formulaNormalisationRules.key took 11 ms to parse. 
991        WARN  main            d.u.i.k.n.ParsingFacade   Parsing time 83 ms. 
1091       WARN  main            d.u.i.k.n.ParsingFacade   file:/home/runner/work/key/key/key.core/build/resources/main/de/uka/ilkd/key/proof/rules/updateRules.key took 11 ms to parse. 
1092       WARN  main            d.u.i.k.n.ParsingFacade   Parsing time 94 ms. 
1112       WARN  main            d.u.i.k.n.ParsingFacade   file:/home/runner/work/key/key/key.core/build/resources/main/de/uka/ilkd/key/proof/rules/integerRulesCommon.key took 1 ms to parse. 
1116       WARN  main            d.u.i.k.n.ParsingFacade   Parsing time 95 ms. 
1205       WARN  main            d.u.i.k.n.ParsingFacade   file:/home/runner/work/key/key/key.core/build/resources/main/de/uka/ilkd/key/proof/rules/intRules.key took 3 ms to parse. 
1206       WARN  main            d.u.i.k.n.ParsingFacade   Parsing time 98 ms. 
1219       WARN  main            d.u.i.k.n.ParsingFacade   file:/home/runner/work/key/key/key.core/build/resources/main/de/uka/ilkd/key/proof/rules/intRulesUncheckedSemantics.key took 2 ms to parse. 
1219       WARN  main            d.u.i.k.n.ParsingFacade   Parsing time 100 ms. 
1227       WARN  main            d.u.i.k.n.ParsingFacade   file:/home/runner/work/key/key/key.core/build/resources/main/de/uka/ilkd/key/proof/rules/intRulesCheckedSemantics.key took 1 ms to parse. 
1228       WARN  main            d.u.i.k.n.ParsingFacade   Parsing time 101 ms. 
1235       WARN  main            d.u.i.k.n.ParsingFacade   file:/home/runner/work/key/key/key.core/build/resources/main/de/uka/ilkd/key/proof/rules/intRulesJavaSemantics.key took 2 ms to parse. 
1235       WARN  main            d.u.i.k.n.ParsingFacade   Parsing time 103 ms. 
1279       WARN  main            d.u.i.k.n.ParsingFacade   file:/home/runner/work/key/key/key.core/build/resources/main/de/uka/ilkd/key/proof/rules/integerSimplificationRules.key took 31 ms to parse. 
1279       WARN  main            d.u.i.k.n.ParsingFacade   Parsing time 134 ms. 
1396       DEBUG main            d.u.i.k.j.TypeConverter   No LDT found for Meta 
1396       DEBUG main            d.u.i.k.j.TypeConverter   No LDT found for Meta 
1397       DEBUG main            d.u.i.k.j.TypeConverter   No LDT found for Meta 
1397       DEBUG main            d.u.i.k.j.TypeConverter   No LDT found for Meta 
1447       WARN  main            d.u.i.k.n.ParsingFacade   file:/home/runner/work/key/key/key.core/build/resources/main/de/uka/ilkd/key/proof/rules/intDiv.key took 9 ms to parse. 
1447       WARN  main            d.u.i.k.n.ParsingFacade   Parsing time 143 ms. 
1488       WARN  main            d.u.i.k.n.ParsingFacade   file:/home/runner/work/key/key/key.core/build/resources/main/de/uka/ilkd/key/proof/rules/bsum.key took 14 ms to parse. 
1488       WARN  main            d.u.i.k.n.ParsingFacade   Parsing time 157 ms. 
1538       WARN  main            d.u.i.k.n.ParsingFacade   file:/home/runner/work/key/key/key.core/build/resources/main/de/uka/ilkd/key/proof/rules/bprod.key took 3 ms to parse. 
1538       WARN  main            d.u.i.k.n.ParsingFacade   Parsing time 160 ms. 
1570       WARN  main            d.u.i.k.n.ParsingFacade   file:/home/runner/work/key/key/key.core/build/resources/main/de/uka/ilkd/key/proof/rules/binaryAxioms.key took 0 ms to parse. 
1570       WARN  main            d.u.i.k.n.ParsingFacade   Parsing time 160 ms. 
1574       WARN  main            d.u.i.k.n.ParsingFacade   file:/home/runner/work/key/key/key.core/build/resources/main/de/uka/ilkd/key/proof/rules/binaryLemmas.key took 1 ms to parse. 
1574       WARN  main            d.u.i.k.n.ParsingFacade   Parsing time 161 ms. 
1581       WARN  main            d.u.i.k.n.ParsingFacade   file:/home/runner/work/key/key/key.core/build/resources/main/de/uka/ilkd/key/proof/rules/intPow.key took 2 ms to parse. 
1581       WARN  main            d.u.i.k.n.ParsingFacade   Parsing time 163 ms. 
1596       WARN  main            d.u.i.k.n.ParsingFacade   file:/home/runner/work/key/key/key.core/build/resources/main/de/uka/ilkd/key/proof/rules/floatRulesCommon.key took 7 ms to parse. 
1596       WARN  main            d.u.i.k.n.ParsingFacade   Parsing time 170 ms. 
1608       WARN  main            d.u.i.k.n.ParsingFacade   file:/home/runner/work/key/key/key.core/build/resources/main/de/uka/ilkd/key/proof/rules/floatRules.key took 0 ms to parse. 
1608       WARN  main            d.u.i.k.n.ParsingFacade   Parsing time 170 ms. 
1612       WARN  main            d.u.i.k.n.ParsingFacade   file:/home/runner/work/key/key/key.core/build/resources/main/de/uka/ilkd/key/proof/rules/floatRulesVerifyNormal.key took 4 ms to parse. 
1612       WARN  main            d.u.i.k.n.ParsingFacade   Parsing time 174 ms. 
1623       WARN  main            d.u.i.k.n.ParsingFacade   file:/home/runner/work/key/key/key.core/build/resources/main/de/uka/ilkd/key/proof/rules/floatRulesAssumeStrictfp.key took 11 ms to parse. 
1623       WARN  main            d.u.i.k.n.ParsingFacade   Parsing time 185 ms. 
1662       WARN  main            d.u.i.k.n.ParsingFacade   file:/home/runner/work/key/key/key.core/build/resources/main/de/uka/ilkd/key/proof/rules/genericRules.key took 12 ms to parse. 
1662       WARN  main            d.u.i.k.n.ParsingFacade   Parsing time 197 ms. 
1672       WARN  main            d.u.i.k.n.ParsingFacade   file:/home/runner/work/key/key/key.core/build/resources/main/de/uka/ilkd/key/proof/rules/booleanRules.key took 1 ms to parse. 
1682       WARN  main            d.u.i.k.n.ParsingFacade   Parsing time 198 ms. 
1685       WARN  main            d.u.i.k.n.ParsingFacade   file:/home/runner/work/key/key/key.core/build/resources/main/de/uka/ilkd/key/proof/rules/epsilon.key took 1 ms to parse. 
1685       WARN  main            d.u.i.k.n.ParsingFacade   Parsing time 199 ms. 
1699       WARN  main            d.u.i.k.n.ParsingFacade   file:/home/runner/work/key/key/key.core/build/resources/main/de/uka/ilkd/key/proof/rules/locSetsRules.key took 12 ms to parse. 
1699       WARN  main            d.u.i.k.n.ParsingFacade   Parsing time 211 ms. 
1736       WARN  main            d.u.i.k.n.ParsingFacade   file:/home/runner/work/key/key/key.core/build/resources/main/de/uka/ilkd/key/proof/rules/heapRules.key took 11 ms to parse. 
1736       WARN  main            d.u.i.k.n.ParsingFacade   Parsing time 222 ms. 
1792       WARN  main            d.u.i.k.n.ParsingFacade   file:/home/runner/work/key/key/key.core/build/resources/main/de/uka/ilkd/key/proof/rules/permissionRules.key took 4 ms to parse. 
1792       WARN  main            d.u.i.k.n.ParsingFacade   Parsing time 226 ms. 
1804       WARN  main            d.u.i.k.n.ParsingFacade   file:/home/runner/work/key/key/key.core/build/resources/main/de/uka/ilkd/key/proof/rules/reachRules.key took 5 ms to parse. 
1804       WARN  main            d.u.i.k.n.ParsingFacade   Parsing time 231 ms. 
1812       WARN  main            d.u.i.k.n.ParsingFacade   file:/home/runner/work/key/key/key.core/build/resources/main/de/uka/ilkd/key/proof/rules/seqCoreRules.key took 0 ms to parse. 
1812       WARN  main            d.u.i.k.n.ParsingFacade   Parsing time 231 ms. 
1821       WARN  main            d.u.i.k.n.ParsingFacade   file:/home/runner/work/key/key/key.core/build/resources/main/de/uka/ilkd/key/proof/rules/seqRules.key took 7 ms to parse. 
1822       WARN  main            d.u.i.k.n.ParsingFacade   Parsing time 238 ms. 
1841       WARN  main            d.u.i.k.n.ParsingFacade   file:/home/runner/work/key/key/key.core/build/resources/main/de/uka/ilkd/key/proof/rules/seqPerm.key took 5 ms to parse. 
1841       WARN  main            d.u.i.k.n.ParsingFacade   Parsing time 243 ms. 
1852       WARN  main            d.u.i.k.n.ParsingFacade   file:/home/runner/work/key/key/key.core/build/resources/main/de/uka/ilkd/key/proof/rules/seqPerm2.key took 1 ms to parse. 
1852       WARN  main            d.u.i.k.n.ParsingFacade   Parsing time 244 ms. 
1932       WARN  main            d.u.i.k.n.ParsingFacade   file:/home/runner/work/key/key/key.core/build/resources/main/de/uka/ilkd/key/proof/rules/javaRules.key took 78 ms to parse. 
1932       WARN  main            d.u.i.k.n.ParsingFacade   Parsing time 322 ms. 
1940       WARN  main            d.u.i.k.n.ParsingFacade   file:/home/runner/work/key/key/key.core/build/resources/main/de/uka/ilkd/key/proof/rules/assertions.key took 2 ms to parse. 
1940       WARN  main            d.u.i.k.n.ParsingFacade   Parsing time 324 ms. 
2545       WARN  main            d.u.i.k.n.ParsingFacade   file:/home/runner/work/key/key/key.core/build/resources/main/de/uka/ilkd/key/proof/rules/loopRules.key took 4 ms to parse. 
2546       WARN  main            d.u.i.k.n.ParsingFacade   Parsing time 328 ms. 
2556       WARN  main            d.u.i.k.n.ParsingFacade   file:/home/runner/work/key/key/key.core/build/resources/main/de/uka/ilkd/key/proof/rules/activeUse.key took 2 ms to parse. 
2556       WARN  main            d.u.i.k.n.ParsingFacade   Parsing time 330 ms. 
2609       WARN  main            d.u.i.k.n.ParsingFacade   file:/home/runner/work/key/key/key.core/build/resources/main/de/uka/ilkd/key/proof/rules/instanceAllocation.key took 6 ms to parse. 
2610       WARN  main            d.u.i.k.n.ParsingFacade   Parsing time 336 ms. 
2621       WARN  main            d.u.i.k.n.ParsingFacade   file:/home/runner/work/key/key/key.core/build/resources/main/de/uka/ilkd/key/proof/rules/java5.key took 1 ms to parse. 
2621       WARN  main            d.u.i.k.n.ParsingFacade   Parsing time 337 ms. 
2627       WARN  main            d.u.i.k.n.ParsingFacade   file:/home/runner/work/key/key/key.core/build/resources/main/de/uka/ilkd/key/proof/rules/integerAssignment2UpdateRules.key took 2 ms to parse. 
2627       WARN  main            d.u.i.k.n.ParsingFacade   Parsing time 339 ms. 
2659       WARN  main            d.u.i.k.n.ParsingFacade   file:/home/runner/work/key/key/key.core/build/resources/main/de/uka/ilkd/key/proof/rules/floatAssignment2UpdateRules.key took 5 ms to parse. 
2659       WARN  main            d.u.i.k.n.ParsingFacade   Parsing time 344 ms. 
2685       WARN  main            d.u.i.k.n.ParsingFacade   file:/home/runner/work/key/key/key.core/build/resources/main/de/uka/ilkd/key/proof/rules/bigint.key took 1 ms to parse. 
2685       WARN  main            d.u.i.k.n.ParsingFacade   Parsing time 345 ms. 
2698       DEBUG main            d.u.i.k.j.TypeConverter   No LDT found for JavaBigintExpression 
2702       WARN  main            d.u.i.k.n.ParsingFacade   file:/home/runner/work/key/key/key.core/build/resources/main/de/uka/ilkd/key/proof/rules/adtProgramDecompositionRules.key took 1 ms to parse. 
2702       WARN  main            d.u.i.k.n.ParsingFacade   Parsing time 346 ms. 
2741       WARN  main            d.u.i.k.n.ParsingFacade   file:/home/runner/work/key/key/key.core/build/resources/main/de/uka/ilkd/key/proof/rules/precRules.key took 0 ms to parse. 
2741       WARN  main            d.u.i.k.n.ParsingFacade   Parsing time 346 ms. 
2752       WARN  main            d.u.i.k.n.ParsingFacade   file:/home/runner/work/key/key/key.core/build/resources/main/de/uka/ilkd/key/proof/rules/charListRules.key took 10 ms to parse. 
2752       WARN  main            d.u.i.k.n.ParsingFacade   Parsing time 356 ms. 
2764       WARN  main            d.u.i.k.n.ParsingFacade   file:/home/runner/work/key/key/key.core/build/resources/main/de/uka/ilkd/key/proof/rules/regExTheory.key took 0 ms to parse. 
2764       WARN  main            d.u.i.k.n.ParsingFacade   Parsing time 356 ms. 
2765       WARN  main            d.u.i.k.n.ParsingFacade   file:/home/runner/work/key/key/key.core/build/resources/main/de/uka/ilkd/key/proof/rules/regExHeader.key took 0 ms to parse. 
2765       WARN  main            d.u.i.k.n.ParsingFacade   Parsing time 356 ms. 
2767       WARN  main            d.u.i.k.n.ParsingFacade   file:/home/runner/work/key/key/key.core/build/resources/main/de/uka/ilkd/key/proof/rules/regExAxioms.key took 1 ms to parse. 
2767       WARN  main            d.u.i.k.n.ParsingFacade   Parsing time 357 ms. 
2769       WARN  main            d.u.i.k.n.ParsingFacade   file:/home/runner/work/key/key/key.core/build/resources/main/de/uka/ilkd/key/proof/rules/regExLemmaProven.key took 1 ms to parse. 
2769       WARN  main            d.u.i.k.n.ParsingFacade   Parsing time 358 ms. 
2775       WARN  main            d.u.i.k.n.ParsingFacade   file:/home/runner/work/key/key/key.core/build/resources/main/de/uka/ilkd/key/proof/rules/seqEq.key took 1 ms to parse. 
2775       WARN  main            d.u.i.k.n.ParsingFacade   Parsing time 359 ms. 
2781       WARN  main            d.u.i.k.n.ParsingFacade   file:/home/runner/work/key/key/key.core/build/resources/main/de/uka/ilkd/key/proof/rules/infFlow.key took 2 ms to parse. 
2781       WARN  main            d.u.i.k.n.ParsingFacade   Parsing time 361 ms. 
2785       WARN  main            d.u.i.k.n.ParsingFacade   file:/home/runner/work/key/key/key.core/build/resources/main/de/uka/ilkd/key/proof/rules/mapSize.key took 0 ms to parse. 
2785       WARN  main            d.u.i.k.n.ParsingFacade   Parsing time 361 ms. 
2787       WARN  main            d.u.i.k.n.ParsingFacade   file:/home/runner/work/key/key/key.core/build/resources/main/de/uka/ilkd/key/proof/rules/wd.key took 0 ms to parse. 
2787       WARN  main            d.u.i.k.n.ParsingFacade   Parsing time 361 ms. 
2791       WARN  main            d.u.i.k.n.ParsingFacade   file:/home/runner/work/key/key/key.core/build/resources/main/de/uka/ilkd/key/proof/rules/wdHeader.key took 1 ms to parse. 
2791       WARN  main            d.u.i.k.n.ParsingFacade   Parsing time 362 ms. 
2792       WARN  main            d.u.i.k.n.ParsingFacade   file:/home/runner/work/key/key/key.core/build/resources/main/de/uka/ilkd/key/proof/rules/wdGeneralRules.key took 1 ms to parse. 
2792       WARN  main            d.u.i.k.n.ParsingFacade   Parsing time 363 ms. 
2799       WARN  main            d.u.i.k.n.ParsingFacade   file:/home/runner/work/key/key/key.core/build/resources/main/de/uka/ilkd/key/proof/rules/wdNumericalRules.key took 4 ms to parse. 
2799       WARN  main            d.u.i.k.n.ParsingFacade   Parsing time 367 ms. 
2816       WARN  main            d.u.i.k.n.ParsingFacade   file:/home/runner/work/key/key/key.core/build/resources/main/de/uka/ilkd/key/proof/rules/wdLocSetRules.key took 1 ms to parse. 
2816       WARN  main            d.u.i.k.n.ParsingFacade   Parsing time 368 ms. 
2821       WARN  main            d.u.i.k.n.ParsingFacade   file:/home/runner/work/key/key/key.core/build/resources/main/de/uka/ilkd/key/proof/rules/wdHeapRules.key took 1 ms to parse. 
2821       WARN  main            d.u.i.k.n.ParsingFacade   Parsing time 369 ms. 
2823       WARN  main            d.u.i.k.n.ParsingFacade   file:/home/runner/work/key/key/key.core/build/resources/main/de/uka/ilkd/key/proof/rules/wdReachRules.key took 0 ms to parse. 
2823       WARN  main            d.u.i.k.n.ParsingFacade   Parsing time 369 ms. 
2825       WARN  main            d.u.i.k.n.ParsingFacade   file:/home/runner/work/key/key/key.core/build/resources/main/de/uka/ilkd/key/proof/rules/wdSeqRules.key took 1 ms to parse. 
2825       WARN  main            d.u.i.k.n.ParsingFacade   Parsing time 370 ms. 
2828       WARN  main            d.u.i.k.n.ParsingFacade   file:/home/runner/work/key/key/key.core/build/resources/main/de/uka/ilkd/key/proof/rules/wdStringRules.key took 0 ms to parse. 
2828       WARN  main            d.u.i.k.n.ParsingFacade   Parsing time 370 ms. 
2831       WARN  main            d.u.i.k.n.ParsingFacade   file:/home/runner/work/key/key/key.core/build/resources/main/de/uka/ilkd/key/proof/rules/wdRegExRules.key took 1 ms to parse. 
2831       WARN  main            d.u.i.k.n.ParsingFacade   Parsing time 371 ms. 
2836       WARN  main            d.u.i.k.n.ParsingFacade   file:/home/runner/work/key/key/key.core/build/resources/main/de/uka/ilkd/key/proof/rules/wdFormulaRules.key took 4 ms to parse. 
2836       WARN  main            d.u.i.k.n.ParsingFacade   Parsing time 375 ms. 
2844       WARN  main            d.u.i.k.n.ParsingFacade   file:/home/runner/work/key/key/key.core/build/resources/main/de/uka/ilkd/key/proof/rules/loopInvariantRules.key took 0 ms to parse. 
2844       WARN  main            d.u.i.k.n.ParsingFacade   Parsing time 375 ms. 
2846       WARN  main            d.u.i.k.n.ParsingFacade   file:/home/runner/work/key/key/key.core/build/resources/main/de/uka/ilkd/key/proof/rules/forLoopRules.key took 0 ms to parse. 
2846       WARN  main            d.u.i.k.n.ParsingFacade   Parsing time 375 ms. 
2853       WARN  main            d.u.i.k.n.ParsingFacade   file:/home/runner/work/key/key/key.core/build/resources/main/de/uka/ilkd/key/proof/rules/execRules.key took 4 ms to parse. 
2853       WARN  main            d.u.i.k.n.ParsingFacade   Parsing time 379 ms. 
2933       WARN  main            d.u.i.k.n.ParsingFacade   file:/home/runner/work/key/key/key.core/build/resources/main/de/uka/ilkd/key/proof/rules/loopScopeRules.key took 3 ms to parse. 
2933       WARN  main            d.u.i.k.n.ParsingFacade   Parsing time 382 ms. 
5778       WARN  main            d.u.i.k.n.ParsingFacade   file:/home/runner/work/key/key/key.core/build/resources/main/de/uka/ilkd/key/java/JavaRedux/java/lang/String.key took 3 ms to parse. 
5778       WARN  main            d.u.i.k.n.ParsingFacade   Parsing time 385 ms. 
7979       DEBUG main            d.u.i.k.p.i.AbstractProblemLoader Init config took 7.26s 
8124       INFO  main            d.u.i.k.p.i.AbstractProblemLoader Replaying proof AddAndMultiply[AddAndMultiply::add(int,int)].JML normal_behavior operation contract.0 
8167       DEBUG main            d.u.i.k.p.i.IntermediateProofReplayer Proof replay took 31.8ns 
8169       WARN  main            d.u.i.k.n.ParsingFacade   /home/runner/work/key/key/key.core/../key.ui/examples/heap/WeideEtAl_01_AddAndMultiply/AddAndMultiply_add.key took 0 ms to parse. 
8169       WARN  main            d.u.i.k.n.ParsingFacade   Parsing time 385 ms. 
9706       INFO  main            d.u.i.k.p.r.p.TestFile    ... finished proof: closed. 
9851       INFO  main            d.u.i.k.p.i.AbstractProblemLoader Loading environment from /home/runner/work/key/key/key.core/../key.ui/examples/heap/WeideEtAl_01_AddAndMultiply/AddAndMultiply_add.key.proof 
9854       DEBUG main            d.u.i.k.p.i.AbstractProblemLoader Environment load took 2.9ms 
9854       WARN  main            d.u.i.k.n.ParsingFacade   /home/runner/work/key/key/key.core/../key.ui/examples/heap/WeideEtAl_01_AddAndMultiply/AddAndMultiply_add.key.proof took 0 ms to parse. 
9855       WARN  main            d.u.i.k.n.ParsingFacade   Parsing time 385 ms. 
9856       INFO  main            d.u.i.k.p.i.AbstractProblemLoader Creating init config 
10878      WARN  main            d.u.i.k.n.ParsingFacade   file:/home/runner/work/key/key/key.core/build/resources/main/de/uka/ilkd/key/java/JavaRedux/java/lang/String.key took 2 ms to parse. 
10878      WARN  main            d.u.i.k.n.ParsingFacade   Parsing time 387 ms. 
12799      DEBUG main            d.u.i.k.p.i.AbstractProblemLoader Init config took 2.94s 
12878      INFO  main            d.u.i.k.p.i.AbstractProblemLoader Replaying proof AddAndMultiply[AddAndMultiply::add(int,int)].JML normal_behavior operation contract.0 
13152      DEBUG main            d.u.i.k.p.i.IntermediateProofReplayer Proof replay took 263.25ms 
13155      WARN  main            d.u.i.k.n.ParsingFacade   /home/runner/work/key/key/key.core/../key.ui/examples/heap/WeideEtAl_01_AddAndMultiply/AddAndMultiply_add.key.proof took 1 ms to parse. 
13155      WARN  main            d.u.i.k.n.ParsingFacade   Parsing time 388 ms. 
13163      DEBUG main            d.u.i.k.p.r.p.TestFile    ... success: reloaded. 
13168      INFO  main            d.u.i.k.p.r.p.TestFile    Now processing file /home/runner/work/key/key/key.core/../key.ui/examples/heap/WeideEtAl_01_AddAndMultiply/AddAndMultiply_mul.key 
13168      INFO  main            d.u.i.k.p.i.AbstractProblemLoader Loading environment from /home/runner/work/key/key/key.core/../key.ui/examples/heap/WeideEtAl_01_AddAndMultiply/AddAndMultiply_mul.key 
13168      DEBUG main            d.u.i.k.p.i.AbstractProblemLoader Environment load took 113.1ns 
13169      WARN  main            d.u.i.k.n.ParsingFacade   /home/runner/work/key/key/key.core/../key.ui/examples/heap/WeideEtAl_01_AddAndMultiply/AddAndMultiply_mul.key took 0 ms to parse. 
13169      WARN  main            d.u.i.k.n.ParsingFacade   Parsing time 388 ms. 
13171      INFO  main            d.u.i.k.p.i.AbstractProblemLoader Creating init config 
14134      WARN  main            d.u.i.k.n.ParsingFacade   file:/home/runner/work/key/key/key.core/build/resources/main/de/uka/ilkd/key/java/JavaRedux/java/lang/String.key took 1 ms to parse. 
14134      WARN  main            d.u.i.k.n.ParsingFacade   Parsing time 389 ms. 
15948      DEBUG main            d.u.i.k.p.i.AbstractProblemLoader Init config took 2.78s 
16002      INFO  main            d.u.i.k.p.i.AbstractProblemLoader Replaying proof AddAndMultiply[AddAndMultiply::mul(int,int)].JML normal_behavior operation contract.0 
16004      DEBUG main            d.u.i.k.p.i.IntermediateProofReplayer Proof replay took 5.4ns 
16005      WARN  main            d.u.i.k.n.ParsingFacade   /home/runner/work/key/key/key.core/../key.ui/examples/heap/WeideEtAl_01_AddAndMultiply/AddAndMultiply_mul.key took 0 ms to parse. 
16005      WARN  main            d.u.i.k.n.ParsingFacade   Parsing time 389 ms. 
16408      INFO  main            d.u.i.k.p.r.p.TestFile    ... finished proof: closed. 
16559      INFO  main            d.u.i.k.p.i.AbstractProblemLoader Loading environment from /home/runner/work/key/key/key.core/../key.ui/examples/heap/WeideEtAl_01_AddAndMultiply/AddAndMultiply_mul.key.proof 
16560      DEBUG main            d.u.i.k.p.i.AbstractProblemLoader Environment load took 549.91ns 
16560      WARN  main            d.u.i.k.n.ParsingFacade   /home/runner/work/key/key/key.core/../key.ui/examples/heap/WeideEtAl_01_AddAndMultiply/AddAndMultiply_mul.key.proof took 0 ms to parse. 
16560      WARN  main            d.u.i.k.n.ParsingFacade   Parsing time 389 ms. 
16561      INFO  main            d.u.i.k.p.i.AbstractProblemLoader Creating init config 
17464      WARN  main            d.u.i.k.n.ParsingFacade   file:/home/runner/work/key/key/key.core/build/resources/main/de/uka/ilkd/key/java/JavaRedux/java/lang/String.key took 1 ms to parse. 
17464      WARN  main            d.u.i.k.n.ParsingFacade   Parsing time 390 ms. 
19243      DEBUG main            d.u.i.k.p.i.AbstractProblemLoader Init config took 2.68s 
19292      INFO  main            d.u.i.k.p.i.AbstractProblemLoader Replaying proof AddAndMultiply[AddAndMultiply::mul(int,int)].JML normal_behavior operation contract.0 
19399      DEBUG main            d.u.i.k.p.i.IntermediateProofReplayer Proof replay took 102.84ms 
19400      WARN  main            d.u.i.k.n.ParsingFacade   /home/runner/work/key/key/key.core/../key.ui/examples/heap/WeideEtAl_01_AddAndMultiply/AddAndMultiply_mul.key.proof took 0 ms to parse. 
19401      WARN  main            d.u.i.k.n.ParsingFacade   Parsing time 390 ms. 
19401      DEBUG main            d.u.i.k.p.r.p.TestFile    ... success: reloaded. 
19402      INFO  main            d.u.i.k.p.r.p.TestFile    Now processing file /home/runner/work/key/key/key.core/../key.ui/examples/heap/WeideEtAl_02_BinarySearch/BinarySearch_search.key 
19403      INFO  main            d.u.i.k.p.i.AbstractProblemLoader Loading environment from /home/runner/work/key/key/key.core/../key.ui/examples/heap/WeideEtAl_02_BinarySearch/BinarySearch_search.key 
19403      DEBUG main            d.u.i.k.p.i.AbstractProblemLoader Environment load took 167.9ns 
19403      WARN  main            d.u.i.k.n.ParsingFacade   /home/runner/work/key/key/key.core/../key.ui/examples/heap/WeideEtAl_02_BinarySearch/BinarySearch_search.key took 0 ms to parse. 
19403      WARN  main            d.u.i.k.n.ParsingFacade   Parsing time 390 ms. 
19404      INFO  main            d.u.i.k.p.i.AbstractProblemLoader Creating init config 
20348      WARN  main            d.u.i.k.n.ParsingFacade   file:/home/runner/work/key/key/key.core/build/resources/main/de/uka/ilkd/key/java/JavaRedux/java/lang/String.key took 1 ms to parse. 
20348      WARN  main            d.u.i.k.n.ParsingFacade   Parsing time 391 ms. 
22118      DEBUG main            d.u.i.k.p.i.AbstractProblemLoader Init config took 2.71s 
22164      INFO  main            d.u.i.k.p.i.AbstractProblemLoader Replaying proof BinarySearch[BinarySearch::search([I,int)].JML normal_behavior operation contract.0 
22168      DEBUG main            d.u.i.k.p.i.IntermediateProofReplayer Proof replay took 6.2ns 
22169      WARN  main            d.u.i.k.n.ParsingFacade   /home/runner/work/key/key/key.core/../key.ui/examples/heap/WeideEtAl_02_BinarySearch/BinarySearch_search.key took 0 ms to parse. 
22169      WARN  main            d.u.i.k.n.ParsingFacade   Parsing time 391 ms. 
25113      INFO  main            d.u.i.k.p.r.p.TestFile    ... finished proof: closed. 
25302      INFO  main            d.u.i.k.p.i.AbstractProblemLoader Loading environment from /home/runner/work/key/key/key.core/../key.ui/examples/heap/WeideEtAl_02_BinarySearch/BinarySearch_search.key.proof 
25303      DEBUG main            d.u.i.k.p.i.AbstractProblemLoader Environment load took 338.91ns 
25304      WARN  main            d.u.i.k.n.ParsingFacade   /home/runner/work/key/key/key.core/../key.ui/examples/heap/WeideEtAl_02_BinarySearch/BinarySearch_search.key.proof took 0 ms to parse. 
25304      WARN  main            d.u.i.k.n.ParsingFacade   Parsing time 391 ms. 
25306      INFO  main            d.u.i.k.p.i.AbstractProblemLoader Creating init config 
26172      WARN  main            d.u.i.k.n.ParsingFacade   file:/home/runner/work/key/key/key.core/build/resources/main/de/uka/ilkd/key/java/JavaRedux/java/lang/String.key took 2 ms to parse. 
26172      WARN  main            d.u.i.k.n.ParsingFacade   Parsing time 393 ms. 
27929      DEBUG main            d.u.i.k.p.i.AbstractProblemLoader Init config took 2.62s 
27973      INFO  main            d.u.i.k.p.i.AbstractProblemLoader Replaying proof BinarySearch[BinarySearch::search([I,int)].JML normal_behavior operation contract.0 
28478      DEBUG main            d.u.i.k.p.i.IntermediateProofReplayer Proof replay took 486.07ms 
28479      WARN  main            d.u.i.k.n.ParsingFacade   /home/runner/work/key/key/key.core/../key.ui/examples/heap/WeideEtAl_02_BinarySearch/BinarySearch_search.key.proof took 0 ms to parse. 
28479      WARN  main            d.u.i.k.n.ParsingFacade   Parsing time 393 ms. 
28480      DEBUG main            d.u.i.k.p.r.p.TestFile    ... success: reloaded. 
2395221    INFO  Test worker     d.u.i.k.p.r.RunAllProofsTestUnit Returning from test WeideEtAl 
2395222    INFO  Test worker     d.u.i.k.p.r.RunAllProofsTestUnit Running test arithmetic 
333        INFO  Timeout watchdog d.u.i.k.p.r.p.ForkedTestFileRunner Timeout watcher launched (2000 secs.) 
355        WARN  main            d.u.i.k.s.ProofSettings   The settings in /home/runner/.key/proof-settings.props are *not* read. 
381        INFO  main            d.u.i.k.p.r.p.TestFile    Now processing file /home/runner/work/key/key/key.core/../key.ui/examples/standard_key/arith/binomial1.key 
508        INFO  main            d.u.i.k.p.i.AbstractProblemLoader Loading environment from /home/runner/work/key/key/key.core/../key.ui/examples/standard_key/arith/binomial1.key 
526        DEBUG main            d.u.i.k.p.i.AbstractProblemLoader Environment load took 2.04ms 
655        WARN  main            d.u.i.k.n.ParsingFacade   /home/runner/work/key/key/key.core/../key.ui/examples/standard_key/arith/binomial1.key took 42 ms to parse. 
656        WARN  main            d.u.i.k.n.ParsingFacade   Parsing time 42 ms. 
784        INFO  main            d.u.i.k.p.i.AbstractProblemLoader Creating init config 
801        WARN  main            d.u.i.k.n.ParsingFacade   file:/home/runner/work/key/key/key.core/build/resources/main/de/uka/ilkd/key/proof/rules/standardRules.key took 12 ms to parse. 
803        WARN  main            d.u.i.k.n.ParsingFacade   Parsing time 54 ms. 
830        WARN  main            d.u.i.k.n.ParsingFacade   file:/home/runner/work/key/key/key.core/build/resources/main/de/uka/ilkd/key/proof/rules/ldt.key took 5 ms to parse. 
831        WARN  main            d.u.i.k.n.ParsingFacade   Parsing time 59 ms. 
835        WARN  main            d.u.i.k.n.ParsingFacade   file:/home/runner/work/key/key/key.core/build/resources/main/de/uka/ilkd/key/proof/rules/boolean.key took 1 ms to parse. 
836        WARN  main            d.u.i.k.n.ParsingFacade   Parsing time 60 ms. 
859        WARN  main            d.u.i.k.n.ParsingFacade   file:/home/runner/work/key/key/key.core/build/resources/main/de/uka/ilkd/key/proof/rules/ruleSetsDeclarations.key took 12 ms to parse. 
861        WARN  main            d.u.i.k.n.ParsingFacade   Parsing time 72 ms. 
892        WARN  main            d.u.i.k.n.ParsingFacade   file:/home/runner/work/key/key/key.core/build/resources/main/de/uka/ilkd/key/proof/rules/integerHeader.key took 8 ms to parse. 
892        WARN  main            d.u.i.k.n.ParsingFacade   Parsing time 80 ms. 
898        WARN  main            d.u.i.k.n.ParsingFacade   file:/home/runner/work/key/key/key.core/build/resources/main/de/uka/ilkd/key/proof/rules/floatHeader.key took 4 ms to parse. 
899        WARN  main            d.u.i.k.n.ParsingFacade   Parsing time 84 ms. 
901        WARN  main            d.u.i.k.n.ParsingFacade   file:/home/runner/work/key/key/key.core/build/resources/main/de/uka/ilkd/key/proof/rules/heap.key took 1 ms to parse. 
902        WARN  main            d.u.i.k.n.ParsingFacade   Parsing time 85 ms. 
905        WARN  main            d.u.i.k.n.ParsingFacade   file:/home/runner/work/key/key/key.core/build/resources/main/de/uka/ilkd/key/proof/rules/locSets.key took 0 ms to parse. 
906        WARN  main            d.u.i.k.n.ParsingFacade   Parsing time 85 ms. 
908        WARN  main            d.u.i.k.n.ParsingFacade   file:/home/runner/work/key/key/key.core/build/resources/main/de/uka/ilkd/key/proof/rules/permission.key took 1 ms to parse. 
908        WARN  main            d.u.i.k.n.ParsingFacade   Parsing time 86 ms. 
910        WARN  main            d.u.i.k.n.ParsingFacade   file:/home/runner/work/key/key/key.core/build/resources/main/de/uka/ilkd/key/proof/rules/reach.key took 0 ms to parse. 
910        WARN  main            d.u.i.k.n.ParsingFacade   Parsing time 86 ms. 
911        WARN  main            d.u.i.k.n.ParsingFacade   file:/home/runner/work/key/key/key.core/build/resources/main/de/uka/ilkd/key/proof/rules/seq.key took 1 ms to parse. 
911        WARN  main            d.u.i.k.n.ParsingFacade   Parsing time 87 ms. 
934        WARN  main            d.u.i.k.n.ParsingFacade   file:/home/runner/work/key/key/key.core/build/resources/main/de/uka/ilkd/key/proof/rules/map.key took 18 ms to parse. 
939        WARN  main            d.u.i.k.n.ParsingFacade   Parsing time 105 ms. 
940        WARN  main            d.u.i.k.n.ParsingFacade   file:/home/runner/work/key/key/key.core/build/resources/main/de/uka/ilkd/key/proof/rules/freeADT.key took 0 ms to parse. 
941        WARN  main            d.u.i.k.n.ParsingFacade   Parsing time 105 ms. 
942        WARN  main            d.u.i.k.n.ParsingFacade   file:/home/runner/work/key/key/key.core/build/resources/main/de/uka/ilkd/key/proof/rules/wellfound.key took 0 ms to parse. 
942        WARN  main            d.u.i.k.n.ParsingFacade   Parsing time 105 ms. 
943        WARN  main            d.u.i.k.n.ParsingFacade   file:/home/runner/work/key/key/key.core/build/resources/main/de/uka/ilkd/key/proof/rules/charListHeader.key took 0 ms to parse. 
944        WARN  main            d.u.i.k.n.ParsingFacade   Parsing time 105 ms. 
1110       WARN  main            d.u.i.k.n.ParsingFacade   file:/home/runner/work/key/key/key.core/build/resources/main/de/uka/ilkd/key/proof/rules/propRule.key took 11 ms to parse. 
1114       WARN  main            d.u.i.k.n.ParsingFacade   Parsing time 116 ms. 
1151       WARN  main            d.u.i.k.n.ParsingFacade   file:/home/runner/work/key/key/key.core/build/resources/main/de/uka/ilkd/key/proof/rules/firstOrderRules.key took 3 ms to parse. 
1151       WARN  main            d.u.i.k.n.ParsingFacade   Parsing time 119 ms. 
1169       WARN  main            d.u.i.k.n.ParsingFacade   file:/home/runner/work/key/key/key.core/build/resources/main/de/uka/ilkd/key/proof/rules/ifThenElseRules.key took 7 ms to parse. 
1169       WARN  main            d.u.i.k.n.ParsingFacade   Parsing time 126 ms. 
1218       WARN  main            d.u.i.k.n.ParsingFacade   file:/home/runner/work/key/key/key.core/build/resources/main/de/uka/ilkd/key/proof/rules/formulaNormalisationRules.key took 19 ms to parse. 
1219       WARN  main            d.u.i.k.n.ParsingFacade   Parsing time 145 ms. 
1300       WARN  main            d.u.i.k.n.ParsingFacade   file:/home/runner/work/key/key/key.core/build/resources/main/de/uka/ilkd/key/proof/rules/updateRules.key took 4 ms to parse. 
1301       WARN  main            d.u.i.k.n.ParsingFacade   Parsing time 149 ms. 
1319       WARN  main            d.u.i.k.n.ParsingFacade   file:/home/runner/work/key/key/key.core/build/resources/main/de/uka/ilkd/key/proof/rules/integerRulesCommon.key took 2 ms to parse. 
1323       WARN  main            d.u.i.k.n.ParsingFacade   Parsing time 151 ms. 
1427       WARN  main            d.u.i.k.n.ParsingFacade   file:/home/runner/work/key/key/key.core/build/resources/main/de/uka/ilkd/key/proof/rules/intRules.key took 3 ms to parse. 
1427       WARN  main            d.u.i.k.n.ParsingFacade   Parsing time 154 ms. 
1439       WARN  main            d.u.i.k.n.ParsingFacade   file:/home/runner/work/key/key/key.core/build/resources/main/de/uka/ilkd/key/proof/rules/intRulesUncheckedSemantics.key took 2 ms to parse. 
1439       WARN  main            d.u.i.k.n.ParsingFacade   Parsing time 156 ms. 
1446       WARN  main            d.u.i.k.n.ParsingFacade   file:/home/runner/work/key/key/key.core/build/resources/main/de/uka/ilkd/key/proof/rules/intRulesCheckedSemantics.key took 1 ms to parse. 
1446       WARN  main            d.u.i.k.n.ParsingFacade   Parsing time 157 ms. 
1453       WARN  main            d.u.i.k.n.ParsingFacade   file:/home/runner/work/key/key/key.core/build/resources/main/de/uka/ilkd/key/proof/rules/intRulesJavaSemantics.key took 2 ms to parse. 
1453       WARN  main            d.u.i.k.n.ParsingFacade   Parsing time 159 ms. 
1491       WARN  main            d.u.i.k.n.ParsingFacade   file:/home/runner/work/key/key/key.core/build/resources/main/de/uka/ilkd/key/proof/rules/integerSimplificationRules.key took 29 ms to parse. 
1491       WARN  main            d.u.i.k.n.ParsingFacade   Parsing time 188 ms. 
1588       DEBUG main            d.u.i.k.j.TypeConverter   No LDT found for Meta 
1589       DEBUG main            d.u.i.k.j.TypeConverter   No LDT found for Meta 
1592       DEBUG main            d.u.i.k.j.TypeConverter   No LDT found for Meta 
1592       DEBUG main            d.u.i.k.j.TypeConverter   No LDT found for Meta 
1623       WARN  main            d.u.i.k.n.ParsingFacade   file:/home/runner/work/key/key/key.core/build/resources/main/de/uka/ilkd/key/proof/rules/intDiv.key took 5 ms to parse. 
1623       WARN  main            d.u.i.k.n.ParsingFacade   Parsing time 193 ms. 
1659       WARN  main            d.u.i.k.n.ParsingFacade   file:/home/runner/work/key/key/key.core/build/resources/main/de/uka/ilkd/key/proof/rules/bsum.key took 11 ms to parse. 
1660       WARN  main            d.u.i.k.n.ParsingFacade   Parsing time 204 ms. 
1693       WARN  main            d.u.i.k.n.ParsingFacade   file:/home/runner/work/key/key/key.core/build/resources/main/de/uka/ilkd/key/proof/rules/bprod.key took 2 ms to parse. 
1694       WARN  main            d.u.i.k.n.ParsingFacade   Parsing time 206 ms. 
1721       WARN  main            d.u.i.k.n.ParsingFacade   file:/home/runner/work/key/key/key.core/build/resources/main/de/uka/ilkd/key/proof/rules/binaryAxioms.key took 1 ms to parse. 
1722       WARN  main            d.u.i.k.n.ParsingFacade   Parsing time 207 ms. 
1727       WARN  main            d.u.i.k.n.ParsingFacade   file:/home/runner/work/key/key/key.core/build/resources/main/de/uka/ilkd/key/proof/rules/binaryLemmas.key took 1 ms to parse. 
1727       WARN  main            d.u.i.k.n.ParsingFacade   Parsing time 208 ms. 
1738       WARN  main            d.u.i.k.n.ParsingFacade   file:/home/runner/work/key/key/key.core/build/resources/main/de/uka/ilkd/key/proof/rules/intPow.key took 3 ms to parse. 
1738       WARN  main            d.u.i.k.n.ParsingFacade   Parsing time 211 ms. 
1752       WARN  main            d.u.i.k.n.ParsingFacade   file:/home/runner/work/key/key/key.core/build/resources/main/de/uka/ilkd/key/proof/rules/floatRulesCommon.key took 6 ms to parse. 
1752       WARN  main            d.u.i.k.n.ParsingFacade   Parsing time 217 ms. 
1762       WARN  main            d.u.i.k.n.ParsingFacade   file:/home/runner/work/key/key/key.core/build/resources/main/de/uka/ilkd/key/proof/rules/floatRules.key took 1 ms to parse. 
1762       WARN  main            d.u.i.k.n.ParsingFacade   Parsing time 218 ms. 
1763       WARN  main            d.u.i.k.n.ParsingFacade   file:/home/runner/work/key/key/key.core/build/resources/main/de/uka/ilkd/key/proof/rules/floatRulesVerifyNormal.key took 1 ms to parse. 
1763       WARN  main            d.u.i.k.n.ParsingFacade   Parsing time 219 ms. 
1769       WARN  main            d.u.i.k.n.ParsingFacade   file:/home/runner/work/key/key/key.core/build/resources/main/de/uka/ilkd/key/proof/rules/floatRulesAssumeStrictfp.key took 6 ms to parse. 
1769       WARN  main            d.u.i.k.n.ParsingFacade   Parsing time 225 ms. 
1800       WARN  main            d.u.i.k.n.ParsingFacade   file:/home/runner/work/key/key/key.core/build/resources/main/de/uka/ilkd/key/proof/rules/genericRules.key took 2 ms to parse. 
1801       WARN  main            d.u.i.k.n.ParsingFacade   Parsing time 227 ms. 
1810       WARN  main            d.u.i.k.n.ParsingFacade   file:/home/runner/work/key/key/key.core/build/resources/main/de/uka/ilkd/key/proof/rules/booleanRules.key took 1 ms to parse. 
1810       WARN  main            d.u.i.k.n.ParsingFacade   Parsing time 228 ms. 
1813       WARN  main            d.u.i.k.n.ParsingFacade   file:/home/runner/work/key/key/key.core/build/resources/main/de/uka/ilkd/key/proof/rules/epsilon.key took 1 ms to parse. 
1813       WARN  main            d.u.i.k.n.ParsingFacade   Parsing time 229 ms. 
1822       WARN  main            d.u.i.k.n.ParsingFacade   file:/home/runner/work/key/key/key.core/build/resources/main/de/uka/ilkd/key/proof/rules/locSetsRules.key took 7 ms to parse. 
1822       WARN  main            d.u.i.k.n.ParsingFacade   Parsing time 236 ms. 
1854       WARN  main            d.u.i.k.n.ParsingFacade   file:/home/runner/work/key/key/key.core/build/resources/main/de/uka/ilkd/key/proof/rules/heapRules.key took 7 ms to parse. 
1854       WARN  main            d.u.i.k.n.ParsingFacade   Parsing time 243 ms. 
1915       WARN  main            d.u.i.k.n.ParsingFacade   file:/home/runner/work/key/key/key.core/build/resources/main/de/uka/ilkd/key/proof/rules/permissionRules.key took 3 ms to parse. 
1916       WARN  main            d.u.i.k.n.ParsingFacade   Parsing time 246 ms. 
1927       WARN  main            d.u.i.k.n.ParsingFacade   file:/home/runner/work/key/key/key.core/build/resources/main/de/uka/ilkd/key/proof/rules/reachRules.key took 3 ms to parse. 
1927       WARN  main            d.u.i.k.n.ParsingFacade   Parsing time 249 ms. 
1939       WARN  main            d.u.i.k.n.ParsingFacade   file:/home/runner/work/key/key/key.core/build/resources/main/de/uka/ilkd/key/proof/rules/seqCoreRules.key took 0 ms to parse. 
1940       WARN  main            d.u.i.k.n.ParsingFacade   Parsing time 249 ms. 
1946       WARN  main            d.u.i.k.n.ParsingFacade   file:/home/runner/work/key/key/key.core/build/resources/main/de/uka/ilkd/key/proof/rules/seqRules.key took 5 ms to parse. 
1946       WARN  main            d.u.i.k.n.ParsingFacade   Parsing time 254 ms. 
1968       WARN  main            d.u.i.k.n.ParsingFacade   file:/home/runner/work/key/key/key.core/build/resources/main/de/uka/ilkd/key/proof/rules/seqPerm.key took 4 ms to parse. 
1968       WARN  main            d.u.i.k.n.ParsingFacade   Parsing time 258 ms. 
2002       WARN  main            d.u.i.k.n.ParsingFacade   file:/home/runner/work/key/key/key.core/build/resources/main/de/uka/ilkd/key/proof/rules/seqPerm2.key took 0 ms to parse. 
2002       WARN  main            d.u.i.k.n.ParsingFacade   Parsing time 258 ms. 
2054       WARN  main            d.u.i.k.n.ParsingFacade   file:/home/runner/work/key/key/key.core/build/resources/main/de/uka/ilkd/key/proof/rules/javaRules.key took 47 ms to parse. 
2055       WARN  main            d.u.i.k.n.ParsingFacade   Parsing time 305 ms. 
2063       WARN  main            d.u.i.k.n.ParsingFacade   file:/home/runner/work/key/key/key.core/build/resources/main/de/uka/ilkd/key/proof/rules/assertions.key took 1 ms to parse. 
2063       WARN  main            d.u.i.k.n.ParsingFacade   Parsing time 306 ms. 
2567       WARN  main            d.u.i.k.n.ParsingFacade   file:/home/runner/work/key/key/key.core/build/resources/main/de/uka/ilkd/key/proof/rules/loopRules.key took 2 ms to parse. 
2567       WARN  main            d.u.i.k.n.ParsingFacade   Parsing time 308 ms. 
2577       WARN  main            d.u.i.k.n.ParsingFacade   file:/home/runner/work/key/key/key.core/build/resources/main/de/uka/ilkd/key/proof/rules/activeUse.key took 2 ms to parse. 
2577       WARN  main            d.u.i.k.n.ParsingFacade   Parsing time 310 ms. 
2629       WARN  main            d.u.i.k.n.ParsingFacade   file:/home/runner/work/key/key/key.core/build/resources/main/de/uka/ilkd/key/proof/rules/instanceAllocation.key took 5 ms to parse. 
2630       WARN  main            d.u.i.k.n.ParsingFacade   Parsing time 315 ms. 
2643       WARN  main            d.u.i.k.n.ParsingFacade   file:/home/runner/work/key/key/key.core/build/resources/main/de/uka/ilkd/key/proof/rules/java5.key took 0 ms to parse. 
2643       WARN  main            d.u.i.k.n.ParsingFacade   Parsing time 315 ms. 
2649       WARN  main            d.u.i.k.n.ParsingFacade   file:/home/runner/work/key/key/key.core/build/resources/main/de/uka/ilkd/key/proof/rules/integerAssignment2UpdateRules.key took 2 ms to parse. 
2649       WARN  main            d.u.i.k.n.ParsingFacade   Parsing time 317 ms. 
2684       WARN  main            d.u.i.k.n.ParsingFacade   file:/home/runner/work/key/key/key.core/build/resources/main/de/uka/ilkd/key/proof/rules/floatAssignment2UpdateRules.key took 5 ms to parse. 
2684       WARN  main            d.u.i.k.n.ParsingFacade   Parsing time 322 ms. 
2706       WARN  main            d.u.i.k.n.ParsingFacade   file:/home/runner/work/key/key/key.core/build/resources/main/de/uka/ilkd/key/proof/rules/bigint.key took 3 ms to parse. 
2706       WARN  main            d.u.i.k.n.ParsingFacade   Parsing time 325 ms. 
2715       DEBUG main            d.u.i.k.j.TypeConverter   No LDT found for JavaBigintExpression 
2746       WARN  main            d.u.i.k.n.ParsingFacade   file:/home/runner/work/key/key/key.core/build/resources/main/de/uka/ilkd/key/proof/rules/adtProgramDecompositionRules.key took 1 ms to parse. 
2746       WARN  main            d.u.i.k.n.ParsingFacade   Parsing time 326 ms. 
2759       WARN  main            d.u.i.k.n.ParsingFacade   file:/home/runner/work/key/key/key.core/build/resources/main/de/uka/ilkd/key/proof/rules/precRules.key took 0 ms to parse. 
2760       WARN  main            d.u.i.k.n.ParsingFacade   Parsing time 326 ms. 
2764       WARN  main            d.u.i.k.n.ParsingFacade   file:/home/runner/work/key/key/key.core/build/resources/main/de/uka/ilkd/key/proof/rules/charListRules.key took 2 ms to parse. 
2764       WARN  main            d.u.i.k.n.ParsingFacade   Parsing time 328 ms. 
2772       WARN  main            d.u.i.k.n.ParsingFacade   file:/home/runner/work/key/key/key.core/build/resources/main/de/uka/ilkd/key/proof/rules/regExTheory.key took 0 ms to parse. 
2772       WARN  main            d.u.i.k.n.ParsingFacade   Parsing time 328 ms. 
2773       WARN  main            d.u.i.k.n.ParsingFacade   file:/home/runner/work/key/key/key.core/build/resources/main/de/uka/ilkd/key/proof/rules/regExHeader.key took 0 ms to parse. 
2773       WARN  main            d.u.i.k.n.ParsingFacade   Parsing time 328 ms. 
2774       WARN  main            d.u.i.k.n.ParsingFacade   file:/home/runner/work/key/key/key.core/build/resources/main/de/uka/ilkd/key/proof/rules/regExAxioms.key took 1 ms to parse. 
2774       WARN  main            d.u.i.k.n.ParsingFacade   Parsing time 329 ms. 
2776       WARN  main            d.u.i.k.n.ParsingFacade   file:/home/runner/work/key/key/key.core/build/resources/main/de/uka/ilkd/key/proof/rules/regExLemmaProven.key took 0 ms to parse. 
2776       WARN  main            d.u.i.k.n.ParsingFacade   Parsing time 329 ms. 
2780       WARN  main            d.u.i.k.n.ParsingFacade   file:/home/runner/work/key/key/key.core/build/resources/main/de/uka/ilkd/key/proof/rules/seqEq.key took 1 ms to parse. 
2781       WARN  main            d.u.i.k.n.ParsingFacade   Parsing time 330 ms. 
2785       WARN  main            d.u.i.k.n.ParsingFacade   file:/home/runner/work/key/key/key.core/build/resources/main/de/uka/ilkd/key/proof/rules/infFlow.key took 0 ms to parse. 
2786       WARN  main            d.u.i.k.n.ParsingFacade   Parsing time 330 ms. 
2789       WARN  main            d.u.i.k.n.ParsingFacade   file:/home/runner/work/key/key/key.core/build/resources/main/de/uka/ilkd/key/proof/rules/mapSize.key took 0 ms to parse. 
2789       WARN  main            d.u.i.k.n.ParsingFacade   Parsing time 330 ms. 
2791       WARN  main            d.u.i.k.n.ParsingFacade   file:/home/runner/work/key/key/key.core/build/resources/main/de/uka/ilkd/key/proof/rules/wd.key took 0 ms to parse. 
2791       WARN  main            d.u.i.k.n.ParsingFacade   Parsing time 330 ms. 
2792       WARN  main            d.u.i.k.n.ParsingFacade   file:/home/runner/work/key/key/key.core/build/resources/main/de/uka/ilkd/key/proof/rules/wdHeader.key took 0 ms to parse. 
2793       WARN  main            d.u.i.k.n.ParsingFacade   Parsing time 330 ms. 
2793       WARN  main            d.u.i.k.n.ParsingFacade   file:/home/runner/work/key/key/key.core/build/resources/main/de/uka/ilkd/key/proof/rules/wdGeneralRules.key took 0 ms to parse. 
2793       WARN  main            d.u.i.k.n.ParsingFacade   Parsing time 330 ms. 
2801       WARN  main            d.u.i.k.n.ParsingFacade   file:/home/runner/work/key/key/key.core/build/resources/main/de/uka/ilkd/key/proof/rules/wdNumericalRules.key took 3 ms to parse. 
2801       WARN  main            d.u.i.k.n.ParsingFacade   Parsing time 333 ms. 
2816       WARN  main            d.u.i.k.n.ParsingFacade   file:/home/runner/work/key/key/key.core/build/resources/main/de/uka/ilkd/key/proof/rules/wdLocSetRules.key took 0 ms to parse. 
2816       WARN  main            d.u.i.k.n.ParsingFacade   Parsing time 333 ms. 
2821       WARN  main            d.u.i.k.n.ParsingFacade   file:/home/runner/work/key/key/key.core/build/resources/main/de/uka/ilkd/key/proof/rules/wdHeapRules.key took 1 ms to parse. 
2821       WARN  main            d.u.i.k.n.ParsingFacade   Parsing time 334 ms. 
2824       WARN  main            d.u.i.k.n.ParsingFacade   file:/home/runner/work/key/key/key.core/build/resources/main/de/uka/ilkd/key/proof/rules/wdReachRules.key took 0 ms to parse. 
2824       WARN  main            d.u.i.k.n.ParsingFacade   Parsing time 334 ms. 
2825       WARN  main            d.u.i.k.n.ParsingFacade   file:/home/runner/work/key/key/key.core/build/resources/main/de/uka/ilkd/key/proof/rules/wdSeqRules.key took 1 ms to parse. 
2825       WARN  main            d.u.i.k.n.ParsingFacade   Parsing time 335 ms. 
2828       WARN  main            d.u.i.k.n.ParsingFacade   file:/home/runner/work/key/key/key.core/build/resources/main/de/uka/ilkd/key/proof/rules/wdStringRules.key took 1 ms to parse. 
2828       WARN  main            d.u.i.k.n.ParsingFacade   Parsing time 336 ms. 
2830       WARN  main            d.u.i.k.n.ParsingFacade   file:/home/runner/work/key/key/key.core/build/resources/main/de/uka/ilkd/key/proof/rules/wdRegExRules.key took 0 ms to parse. 
2830       WARN  main            d.u.i.k.n.ParsingFacade   Parsing time 336 ms. 
2833       WARN  main            d.u.i.k.n.ParsingFacade   file:/home/runner/work/key/key/key.core/build/resources/main/de/uka/ilkd/key/proof/rules/wdFormulaRules.key took 2 ms to parse. 
2833       WARN  main            d.u.i.k.n.ParsingFacade   Parsing time 338 ms. 
2841       WARN  main            d.u.i.k.n.ParsingFacade   file:/home/runner/work/key/key/key.core/build/resources/main/de/uka/ilkd/key/proof/rules/loopInvariantRules.key took 0 ms to parse. 
2841       WARN  main            d.u.i.k.n.ParsingFacade   Parsing time 338 ms. 
2843       WARN  main            d.u.i.k.n.ParsingFacade   file:/home/runner/work/key/key/key.core/build/resources/main/de/uka/ilkd/key/proof/rules/forLoopRules.key took 1 ms to parse. 
2843       WARN  main            d.u.i.k.n.ParsingFacade   Parsing time 339 ms. 
2846       WARN  main            d.u.i.k.n.ParsingFacade   file:/home/runner/work/key/key/key.core/build/resources/main/de/uka/ilkd/key/proof/rules/execRules.key took 2 ms to parse. 
2846       WARN  main            d.u.i.k.n.ParsingFacade   Parsing time 341 ms. 
2919       WARN  main            d.u.i.k.n.ParsingFacade   file:/home/runner/work/key/key/key.core/build/resources/main/de/uka/ilkd/key/proof/rules/loopScopeRules.key took 3 ms to parse. 
2919       WARN  main            d.u.i.k.n.ParsingFacade   Parsing time 344 ms. 
5589       WARN  main            d.u.i.k.n.ParsingFacade   file:/home/runner/work/key/key/key.core/build/resources/main/de/uka/ilkd/key/java/JavaRedux/java/lang/String.key took 4 ms to parse. 
5589       WARN  main            d.u.i.k.n.ParsingFacade   Parsing time 348 ms. 
7566       DEBUG main            d.u.i.k.p.i.AbstractProblemLoader Init config took 6.78s 
7623       INFO  main            d.u.i.k.p.i.AbstractProblemLoader Replaying proof binomial1.key 
7654       DEBUG main            d.u.i.k.p.i.IntermediateProofReplayer Proof replay took 35.2ns 
7656       WARN  main            d.u.i.k.n.ParsingFacade   /home/runner/work/key/key/key.core/../key.ui/examples/standard_key/arith/binomial1.key took 1 ms to parse. 
7656       WARN  main            d.u.i.k.n.ParsingFacade   Parsing time 349 ms. 
7928       INFO  main            d.u.i.k.p.r.p.TestFile    ... finished proof: closed. 
8029       INFO  main            d.u.i.k.p.i.AbstractProblemLoader Loading environment from /home/runner/work/key/key/key.core/../key.ui/examples/standard_key/arith/binomial1.key.proof 
8031       DEBUG main            d.u.i.k.p.i.AbstractProblemLoader Environment load took 1.22ms 
8031       WARN  main            d.u.i.k.n.ParsingFacade   /home/runner/work/key/key/key.core/../key.ui/examples/standard_key/arith/binomial1.key.proof took 0 ms to parse. 
8032       WARN  main            d.u.i.k.n.ParsingFacade   Parsing time 349 ms. 
8036       INFO  main            d.u.i.k.p.i.AbstractProblemLoader Creating init config 
9012       WARN  main            d.u.i.k.n.ParsingFacade   file:/home/runner/work/key/key/key.core/build/resources/main/de/uka/ilkd/key/java/JavaRedux/java/lang/String.key took 1 ms to parse. 
9012       WARN  main            d.u.i.k.n.ParsingFacade   Parsing time 350 ms. 
10697      DEBUG main            d.u.i.k.p.i.AbstractProblemLoader Init config took 2.66s 
10739      INFO  main            d.u.i.k.p.i.AbstractProblemLoader Replaying proof binomial1.key.proof 
10755      DEBUG main            d.u.i.k.p.i.IntermediateProofReplayer Proof replay took 11.1ms 
10755      WARN  main            d.u.i.k.n.ParsingFacade   /home/runner/work/key/key/key.core/../key.ui/examples/standard_key/arith/binomial1.key.proof took 0 ms to parse. 
10756      WARN  main            d.u.i.k.n.ParsingFacade   Parsing time 350 ms. 
10765      DEBUG main            d.u.i.k.p.r.p.TestFile    ... success: reloaded. 
10766      INFO  main            d.u.i.k.p.r.p.TestFile    Now processing file /home/runner/work/key/key/key.core/../key.ui/examples/standard_key/arith/binomial2.key 
10766      INFO  main            d.u.i.k.p.i.AbstractProblemLoader Loading environment from /home/runner/work/key/key/key.core/../key.ui/examples/standard_key/arith/binomial2.key 
10766      DEBUG main            d.u.i.k.p.i.AbstractProblemLoader Environment load took 176.5ns 
10766      WARN  main            d.u.i.k.n.ParsingFacade   /home/runner/work/key/key/key.core/../key.ui/examples/standard_key/arith/binomial2.key took 0 ms to parse. 
10767      WARN  main            d.u.i.k.n.ParsingFacade   Parsing time 350 ms. 
10768      INFO  main            d.u.i.k.p.i.AbstractProblemLoader Creating init config 
11582      WARN  main            d.u.i.k.n.ParsingFacade   file:/home/runner/work/key/key/key.core/build/resources/main/de/uka/ilkd/key/java/JavaRedux/java/lang/String.key took 1 ms to parse. 
11582      WARN  main            d.u.i.k.n.ParsingFacade   Parsing time 351 ms. 
13304      DEBUG main            d.u.i.k.p.i.AbstractProblemLoader Init config took 2.54s 
13331      INFO  main            d.u.i.k.p.i.AbstractProblemLoader Replaying proof binomial2.key 
13335      DEBUG main            d.u.i.k.p.i.IntermediateProofReplayer Proof replay took 6.2ns 
13336      WARN  main            d.u.i.k.n.ParsingFacade   /home/runner/work/key/key/key.core/../key.ui/examples/standard_key/arith/binomial2.key took 1 ms to parse. 
13336      WARN  main            d.u.i.k.n.ParsingFacade   Parsing time 352 ms. 
13438      INFO  main            d.u.i.k.p.r.p.TestFile    ... finished proof: closed. 
13571      INFO  main            d.u.i.k.p.i.AbstractProblemLoader Loading environment from /home/runner/work/key/key/key.core/../key.ui/examples/standard_key/arith/binomial2.key.proof 
13571      DEBUG main            d.u.i.k.p.i.AbstractProblemLoader Environment load took 116.3ns 
13572      WARN  main            d.u.i.k.n.ParsingFacade   /home/runner/work/key/key/key.core/../key.ui/examples/standard_key/arith/binomial2.key.proof took 0 ms to parse. 
13572      WARN  main            d.u.i.k.n.ParsingFacade   Parsing time 352 ms. 
13574      INFO  main            d.u.i.k.p.i.AbstractProblemLoader Creating init config 
14377      WARN  main            d.u.i.k.n.ParsingFacade   file:/home/runner/work/key/key/key.core/build/resources/main/de/uka/ilkd/key/java/JavaRedux/java/lang/String.key took 0 ms to parse. 
14377      WARN  main            d.u.i.k.n.ParsingFacade   Parsing time 352 ms. 
15960      DEBUG main            d.u.i.k.p.i.AbstractProblemLoader Init config took 2.39s 
15984      INFO  main            d.u.i.k.p.i.AbstractProblemLoader Replaying proof binomial2.key.proof 
15995      DEBUG main            d.u.i.k.p.i.IntermediateProofReplayer Proof replay took 9.51ms 
15996      WARN  main            d.u.i.k.n.ParsingFacade   /home/runner/work/key/key/key.core/../key.ui/examples/standard_key/arith/binomial2.key.proof took 0 ms to parse. 
15996      WARN  main            d.u.i.k.n.ParsingFacade   Parsing time 352 ms. 
15997      DEBUG main            d.u.i.k.p.r.p.TestFile    ... success: reloaded. 
15998      INFO  main            d.u.i.k.p.r.p.TestFile    Now processing file /home/runner/work/key/key/key.core/../key.ui/examples/standard_key/arith/check_jdiv.key 
15998      INFO  main            d.u.i.k.p.i.AbstractProblemLoader Loading environment from /home/runner/work/key/key/key.core/../key.ui/examples/standard_key/arith/check_jdiv.key 
15998      DEBUG main            d.u.i.k.p.i.AbstractProblemLoader Environment load took 165.4ns 
15999      WARN  main            d.u.i.k.n.ParsingFacade   /home/runner/work/key/key/key.core/../key.ui/examples/standard_key/arith/check_jdiv.key took 0 ms to parse. 
15999      WARN  main            d.u.i.k.n.ParsingFacade   Parsing time 352 ms. 
16000      INFO  main            d.u.i.k.p.i.AbstractProblemLoader Creating init config 
16774      WARN  main            d.u.i.k.n.ParsingFacade   file:/home/runner/work/key/key/key.core/build/resources/main/de/uka/ilkd/key/java/JavaRedux/java/lang/String.key took 1 ms to parse. 
16774      WARN  main            d.u.i.k.n.ParsingFacade   Parsing time 353 ms. 
18381      DEBUG main            d.u.i.k.p.i.AbstractProblemLoader Init config took 2.38s 
18402      INFO  main            d.u.i.k.p.i.AbstractProblemLoader Replaying proof check_jdiv.key 
18406      DEBUG main            d.u.i.k.p.i.IntermediateProofReplayer Proof replay took 6.3ns 
18407      WARN  main            d.u.i.k.n.ParsingFacade   /home/runner/work/key/key/key.core/../key.ui/examples/standard_key/arith/check_jdiv.key took 0 ms to parse. 
18407      WARN  main            d.u.i.k.n.ParsingFacade   Parsing time 353 ms. 
23887      INFO  main            d.u.i.k.p.r.p.TestFile    ... finished proof: closed. 
24090      INFO  main            d.u.i.k.p.i.AbstractProblemLoader Loading environment from /home/runner/work/key/key/key.core/../key.ui/examples/standard_key/arith/check_jdiv.key.proof 
24090      DEBUG main            d.u.i.k.p.i.AbstractProblemLoader Environment load took 191.5ns 
24091      WARN  main            d.u.i.k.n.ParsingFacade   /home/runner/work/key/key/key.core/../key.ui/examples/standard_key/arith/check_jdiv.key.proof took 0 ms to parse. 
24091      WARN  main            d.u.i.k.n.ParsingFacade   Parsing time 353 ms. 
24092      INFO  main            d.u.i.k.p.i.AbstractProblemLoader Creating init config 
24880      WARN  main            d.u.i.k.n.ParsingFacade   file:/home/runner/work/key/key/key.core/build/resources/main/de/uka/ilkd/key/java/JavaRedux/java/lang/String.key took 1 ms to parse. 
24881      WARN  main            d.u.i.k.n.ParsingFacade   Parsing time 354 ms. 
26423      DEBUG main            d.u.i.k.p.i.AbstractProblemLoader Init config took 2.33s 
26443      INFO  main            d.u.i.k.p.i.AbstractProblemLoader Replaying proof check_jdiv.key.proof 
26825      DEBUG main            d.u.i.k.p.i.IntermediateProofReplayer Proof replay took 350.83ms 
26827      WARN  main            d.u.i.k.n.ParsingFacade   /home/runner/work/key/key/key.core/../key.ui/examples/standard_key/arith/check_jdiv.key.proof took 1 ms to parse. 
26827      WARN  main            d.u.i.k.n.ParsingFacade   Parsing time 355 ms. 
26828      DEBUG main            d.u.i.k.p.r.p.TestFile    ... success: reloaded. 
26829      INFO  main            d.u.i.k.p.r.p.TestFile    Now processing file /home/runner/work/key/key/key.core/../key.ui/examples/standard_key/arith/check_jdiv_concrete.key 
26829      INFO  main            d.u.i.k.p.i.AbstractProblemLoader Loading environment from /home/runner/work/key/key/key.core/../key.ui/examples/standard_key/arith/check_jdiv_concrete.key 
26829      DEBUG main            d.u.i.k.p.i.AbstractProblemLoader Environment load took 192.7ns 
26830      WARN  main            d.u.i.k.n.ParsingFacade   /home/runner/work/key/key/key.core/../key.ui/examples/standard_key/arith/check_jdiv_concrete.key took 0 ms to parse. 
26830      WARN  main            d.u.i.k.n.ParsingFacade   Parsing time 355 ms. 
26831      INFO  main            d.u.i.k.p.i.AbstractProblemLoader Creating init config 
27569      WARN  main            d.u.i.k.n.ParsingFacade   file:/home/runner/work/key/key/key.core/build/resources/main/de/uka/ilkd/key/java/JavaRedux/java/lang/String.key took 1 ms to parse. 
27569      WARN  main            d.u.i.k.n.ParsingFacade   Parsing time 356 ms. 
29166      DEBUG main            d.u.i.k.p.i.AbstractProblemLoader Init config took 2.34s 
29196      INFO  main            d.u.i.k.p.i.AbstractProblemLoader Replaying proof check_jdiv_concrete.key 
29198      DEBUG main            d.u.i.k.p.i.IntermediateProofReplayer Proof replay took 5.8ns 
29199      WARN  main            d.u.i.k.n.ParsingFacade   /home/runner/work/key/key/key.core/../key.ui/examples/standard_key/arith/check_jdiv_concrete.key took 0 ms to parse. 
29199      WARN  main            d.u.i.k.n.ParsingFacade   Parsing time 356 ms. 
29301      INFO  main            d.u.i.k.p.r.p.TestFile    ... finished proof: closed. 
29491      INFO  main            d.u.i.k.p.i.AbstractProblemLoader Loading environment from /home/runner/work/key/key/key.core/../key.ui/examples/standard_key/arith/check_jdiv_concrete.key.proof 
29491      DEBUG main            d.u.i.k.p.i.AbstractProblemLoader Environment load took 126.4ns 
29491      WARN  main            d.u.i.k.n.ParsingFacade   /home/runner/work/key/key/key.core/../key.ui/examples/standard_key/arith/check_jdiv_concrete.key.proof took 0 ms to parse. 
29491      WARN  main            d.u.i.k.n.ParsingFacade   Parsing time 356 ms. 
29492      INFO  main            d.u.i.k.p.i.AbstractProblemLoader Creating init config 
30229      WARN  main            d.u.i.k.n.ParsingFacade   file:/home/runner/work/key/key/key.core/build/resources/main/de/uka/ilkd/key/java/JavaRedux/java/lang/String.key took 1 ms to parse. 
30229      WARN  main            d.u.i.k.n.ParsingFacade   Parsing time 357 ms. 
31798      DEBUG main            d.u.i.k.p.i.AbstractProblemLoader Init config took 2.31s 
31816      INFO  main            d.u.i.k.p.i.AbstractProblemLoader Replaying proof check_jdiv_concrete.key.proof 
31822      DEBUG main            d.u.i.k.p.i.IntermediateProofReplayer Proof replay took 3.3ms 
31822      WARN  main            d.u.i.k.n.ParsingFacade   /home/runner/work/key/key/key.core/../key.ui/examples/standard_key/arith/check_jdiv_concrete.key.proof took 0 ms to parse. 
31823      WARN  main            d.u.i.k.n.ParsingFacade   Parsing time 357 ms. 
31823      DEBUG main            d.u.i.k.p.r.p.TestFile    ... success: reloaded. 
31824      INFO  main            d.u.i.k.p.r.p.TestFile    Now processing file /home/runner/work/key/key/key.core/../key.ui/examples/standard_key/arith/check_jdiv_instantiated.key 
31824      INFO  main            d.u.i.k.p.i.AbstractProblemLoader Loading environment from /home/runner/work/key/key/key.core/../key.ui/examples/standard_key/arith/check_jdiv_instantiated.key 
31825      DEBUG main            d.u.i.k.p.i.AbstractProblemLoader Environment load took 181.6ns 
31825      WARN  main            d.u.i.k.n.ParsingFacade   /home/runner/work/key/key/key.core/../key.ui/examples/standard_key/arith/check_jdiv_instantiated.key took 0 ms to parse. 
31825      WARN  main            d.u.i.k.n.ParsingFacade   Parsing time 357 ms. 
31826      INFO  main            d.u.i.k.p.i.AbstractProblemLoader Creating init config 
32583      WARN  main            d.u.i.k.n.ParsingFacade   file:/home/runner/work/key/key/key.core/build/resources/main/de/uka/ilkd/key/java/JavaRedux/java/lang/String.key took 1 ms to parse. 
32583      WARN  main            d.u.i.k.n.ParsingFacade   Parsing time 358 ms. 
34173      DEBUG main            d.u.i.k.p.i.AbstractProblemLoader Init config took 2.35s 
34193      INFO  main            d.u.i.k.p.i.AbstractProblemLoader Replaying proof check_jdiv_instantiated.key 
34196      DEBUG main            d.u.i.k.p.i.IntermediateProofReplayer Proof replay took 6.8ns 
34197      WARN  main            d.u.i.k.n.ParsingFacade   /home/runner/work/key/key/key.core/../key.ui/examples/standard_key/arith/check_jdiv_instantiated.key took 1 ms to parse. 
34197      WARN  main            d.u.i.k.n.ParsingFacade   Parsing time 359 ms. 
37622      INFO  main            d.u.i.k.p.r.p.TestFile    ... finished proof: closed. 
37868      INFO  main            d.u.i.k.p.i.AbstractProblemLoader Loading environment from /home/runner/work/key/key/key.core/../key.ui/examples/standard_key/arith/check_jdiv_instantiated.key.proof 
37868      DEBUG main            d.u.i.k.p.i.AbstractProblemLoader Environment load took 466.81ns 
37870      WARN  main            d.u.i.k.n.ParsingFacade   /home/runner/work/key/key/key.core/../key.ui/examples/standard_key/arith/check_jdiv_instantiated.key.proof took 1 ms to parse. 
37870      WARN  main            d.u.i.k.n.ParsingFacade   Parsing time 360 ms. 
37871      INFO  main            d.u.i.k.p.i.AbstractProblemLoader Creating init config 
38603      WARN  main            d.u.i.k.n.ParsingFacade   file:/home/runner/work/key/key/key.core/build/resources/main/de/uka/ilkd/key/java/JavaRedux/java/lang/String.key took 1 ms to parse. 
38603      WARN  main            d.u.i.k.n.ParsingFacade   Parsing time 361 ms. 
40182      DEBUG main            d.u.i.k.p.i.AbstractProblemLoader Init config took 2.31s 
40207      INFO  main            d.u.i.k.p.i.AbstractProblemLoader Replaying proof check_jdiv_instantiated.key.proof 
40409      DEBUG main            d.u.i.k.p.i.IntermediateProofReplayer Proof replay took 178.89ms 
40412      WARN  main            d.u.i.k.n.ParsingFacade   /home/runner/work/key/key/key.core/../key.ui/examples/standard_key/arith/check_jdiv_instantiated.key.proof took 1 ms to parse. 
40412      WARN  main            d.u.i.k.n.ParsingFacade   Parsing time 362 ms. 
40412      DEBUG main            d.u.i.k.p.r.p.TestFile    ... success: reloaded. 
40413      INFO  main            d.u.i.k.p.r.p.TestFile    Now processing file /home/runner/work/key/key/key.core/../key.ui/examples/standard_key/arith/check_jmod.key 
40414      INFO  main            d.u.i.k.p.i.AbstractProblemLoader Loading environment from /home/runner/work/key/key/key.core/../key.ui/examples/standard_key/arith/check_jmod.key 
40414      DEBUG main            d.u.i.k.p.i.AbstractProblemLoader Environment load took 165.9ns 
40415      WARN  main            d.u.i.k.n.ParsingFacade   /home/runner/work/key/key/key.core/../key.ui/examples/standard_key/arith/check_jmod.key took 0 ms to parse. 
40415      WARN  main            d.u.i.k.n.ParsingFacade   Parsing time 362 ms. 
40416      INFO  main            d.u.i.k.p.i.AbstractProblemLoader Creating init config 
41168      WARN  main            d.u.i.k.n.ParsingFacade   file:/home/runner/work/key/key/key.core/build/resources/main/de/uka/ilkd/key/java/JavaRedux/java/lang/String.key took 1 ms to parse. 
41169      WARN  main            d.u.i.k.n.ParsingFacade   Parsing time 363 ms. 
42744      DEBUG main            d.u.i.k.p.i.AbstractProblemLoader Init config took 2.33s 
42764      INFO  main            d.u.i.k.p.i.AbstractProblemLoader Replaying proof check_jmod.key 
42768      DEBUG main            d.u.i.k.p.i.IntermediateProofReplayer Proof replay took 6.6ns 
42769      WARN  main            d.u.i.k.n.ParsingFacade   /home/runner/work/key/key/key.core/../key.ui/examples/standard_key/arith/check_jmod.key took 0 ms to parse. 
42770      WARN  main            d.u.i.k.n.ParsingFacade   Parsing time 363 ms. 
43373      INFO  main            d.u.i.k.p.r.p.TestFile    ... finished proof: closed. 
43657      INFO  main            d.u.i.k.p.i.AbstractProblemLoader Loading environment from /home/runner/work/key/key/key.core/../key.ui/examples/standard_key/arith/check_jmod.key.proof 
43657      DEBUG main            d.u.i.k.p.i.AbstractProblemLoader Environment load took 354.61ns 
43658      WARN  main            d.u.i.k.n.ParsingFacade   /home/runner/work/key/key/key.core/../key.ui/examples/standard_key/arith/check_jmod.key.proof took 0 ms to parse. 
43658      WARN  main            d.u.i.k.n.ParsingFacade   Parsing time 363 ms. 
43659      INFO  main            d.u.i.k.p.i.AbstractProblemLoader Creating init config 
44372      WARN  main            d.u.i.k.n.ParsingFacade   file:/home/runner/work/key/key/key.core/build/resources/main/de/uka/ilkd/key/java/JavaRedux/java/lang/String.key took 1 ms to parse. 
44373      WARN  main            d.u.i.k.n.ParsingFacade   Parsing time 364 ms. 
45894      DEBUG main            d.u.i.k.p.i.AbstractProblemLoader Init config took 2.23s 
45912      INFO  main            d.u.i.k.p.i.AbstractProblemLoader Replaying proof check_jmod.key.proof 
45953      DEBUG main            d.u.i.k.p.i.IntermediateProofReplayer Proof replay took 36.24ms 
45954      WARN  main            d.u.i.k.n.ParsingFacade   /home/runner/work/key/key/key.core/../key.ui/examples/standard_key/arith/check_jmod.key.proof took 0 ms to parse. 
45954      WARN  main            d.u.i.k.n.ParsingFacade   Parsing time 364 ms. 
45954      DEBUG main            d.u.i.k.p.r.p.TestFile    ... success: reloaded. 
45955      INFO  main            d.u.i.k.p.r.p.TestFile    Now processing file /home/runner/work/key/key/key.core/../key.ui/examples/standard_key/arith/complexExpressions.key 
45956      INFO  main            d.u.i.k.p.i.AbstractProblemLoader Loading environment from /home/runner/work/key/key/key.core/../key.ui/examples/standard_key/arith/complexExpressions.key 
45956      DEBUG main            d.u.i.k.p.i.AbstractProblemLoader Environment load took 202.8ns 
45956      WARN  main            d.u.i.k.n.ParsingFacade   /home/runner/work/key/key/key.core/../key.ui/examples/standard_key/arith/complexExpressions.key took 0 ms to parse. 
45956      WARN  main            d.u.i.k.n.ParsingFacade   Parsing time 364 ms. 
45957      INFO  main            d.u.i.k.p.i.AbstractProblemLoader Creating init config 
46710      WARN  main            d.u.i.k.n.ParsingFacade   file:/home/runner/work/key/key/key.core/build/resources/main/de/uka/ilkd/key/java/JavaRedux/java/lang/String.key took 1 ms to parse. 
46710      WARN  main            d.u.i.k.n.ParsingFacade   Parsing time 365 ms. 
48320      DEBUG main            d.u.i.k.p.i.AbstractProblemLoader Init config took 2.36s 
48340      INFO  main            d.u.i.k.p.i.AbstractProblemLoader Replaying proof complexExpressions.key 
48342      DEBUG main            d.u.i.k.p.i.IntermediateProofReplayer Proof replay took 6.5ns 
48343      WARN  main            d.u.i.k.n.ParsingFacade   /home/runner/work/key/key/key.core/../key.ui/examples/standard_key/arith/complexExpressions.key took 1 ms to parse. 
48343      WARN  main            d.u.i.k.n.ParsingFacade   Parsing time 366 ms. 
48548      INFO  main            d.u.i.k.p.r.p.TestFile    ... finished proof: closed. 
48718      INFO  main            d.u.i.k.p.i.AbstractProblemLoader Loading environment from /home/runner/work/key/key/key.core/../key.ui/examples/standard_key/arith/complexExpressions.key.proof 
48719      DEBUG main            d.u.i.k.p.i.AbstractProblemLoader Environment load took 109.4ns 
48719      WARN  main            d.u.i.k.n.ParsingFacade   /home/runner/work/key/key/key.core/../key.ui/examples/standard_key/arith/complexExpressions.key.proof took 0 ms to parse. 
48719      WARN  main            d.u.i.k.n.ParsingFacade   Parsing time 366 ms. 
48720      INFO  main            d.u.i.k.p.i.AbstractProblemLoader Creating init config 
49468      WARN  main            d.u.i.k.n.ParsingFacade   file:/home/runner/work/key/key/key.core/build/resources/main/de/uka/ilkd/key/java/JavaRedux/java/lang/String.key took 1 ms to parse. 
49468      WARN  main            d.u.i.k.n.ParsingFacade   Parsing time 367 ms. 
50986      DEBUG main            d.u.i.k.p.i.AbstractProblemLoader Init config took 2.27s 
51006      INFO  main            d.u.i.k.p.i.AbstractProblemLoader Replaying proof complexExpressions.key.proof 
51018      DEBUG main            d.u.i.k.p.i.IntermediateProofReplayer Proof replay took 9.25ms 
51018      WARN  main            d.u.i.k.n.ParsingFacade   /home/runner/work/key/key/key.core/../key.ui/examples/standard_key/arith/complexExpressions.key.proof took 0 ms to parse. 
51019      WARN  main            d.u.i.k.n.ParsingFacade   Parsing time 367 ms. 
51019      DEBUG main            d.u.i.k.p.r.p.TestFile    ... success: reloaded. 
51020      INFO  main            d.u.i.k.p.r.p.TestFile    Now processing file /home/runner/work/key/key/key.core/../key.ui/examples/standard_key/arith/compound_unaryMinus.key 
51024      INFO  main            d.u.i.k.p.i.AbstractProblemLoader Loading environment from /home/runner/work/key/key/key.core/../key.ui/examples/standard_key/arith/compound_unaryMinus.key 
51024      DEBUG main            d.u.i.k.p.i.AbstractProblemLoader Environment load took 170.5ns 
51025      WARN  main            d.u.i.k.n.ParsingFacade   /home/runner/work/key/key/key.core/../key.ui/examples/standard_key/arith/compound_unaryMinus.key took 0 ms to parse. 
51025      WARN  main            d.u.i.k.n.ParsingFacade   Parsing time 367 ms. 
51026      INFO  main            d.u.i.k.p.i.AbstractProblemLoader Creating init config 
51758      WARN  main            d.u.i.k.n.ParsingFacade   file:/home/runner/work/key/key/key.core/build/resources/main/de/uka/ilkd/key/java/JavaRedux/java/lang/String.key took 1 ms to parse. 
51759      WARN  main            d.u.i.k.n.ParsingFacade   Parsing time 368 ms. 
53342      DEBUG main            d.u.i.k.p.i.AbstractProblemLoader Init config took 2.32s 
53360      INFO  main            d.u.i.k.p.i.AbstractProblemLoader Replaying proof compound_unaryMinus.key 
53361      DEBUG main            d.u.i.k.p.i.IntermediateProofReplayer Proof replay took 6.7ns 
53362      WARN  main            d.u.i.k.n.ParsingFacade   /home/runner/work/key/key/key.core/../key.ui/examples/standard_key/arith/compound_unaryMinus.key took 0 ms to parse. 
53362      WARN  main            d.u.i.k.n.ParsingFacade   Parsing time 368 ms. 
53463      INFO  main            d.u.i.k.p.r.p.TestFile    ... finished proof: closed. 
53629      INFO  main            d.u.i.k.p.i.AbstractProblemLoader Loading environment from /home/runner/work/key/key/key.core/../key.ui/examples/standard_key/arith/compound_unaryMinus.key.proof 
53629      DEBUG main            d.u.i.k.p.i.AbstractProblemLoader Environment load took 106.6ns 
53630      WARN  main            d.u.i.k.n.ParsingFacade   /home/runner/work/key/key/key.core/../key.ui/examples/standard_key/arith/compound_unaryMinus.key.proof took 1 ms to parse. 
53630      WARN  main            d.u.i.k.n.ParsingFacade   Parsing time 369 ms. 
53630      INFO  main            d.u.i.k.p.i.AbstractProblemLoader Creating init config 
54334      WARN  main            d.u.i.k.n.ParsingFacade   file:/home/runner/work/key/key/key.core/build/resources/main/de/uka/ilkd/key/java/JavaRedux/java/lang/String.key took 1 ms to parse. 
54334      WARN  main            d.u.i.k.n.ParsingFacade   Parsing time 370 ms. 
55889      DEBUG main            d.u.i.k.p.i.AbstractProblemLoader Init config took 2.26s 
55906      INFO  main            d.u.i.k.p.i.AbstractProblemLoader Replaying proof compound_unaryMinus.key.proof 
55911      DEBUG main            d.u.i.k.p.i.IntermediateProofReplayer Proof replay took 3.6ms 
55912      WARN  main            d.u.i.k.n.ParsingFacade   /home/runner/work/key/key/key.core/../key.ui/examples/standard_key/arith/compound_unaryMinus.key.proof took 0 ms to parse. 
55912      WARN  main            d.u.i.k.n.ParsingFacade   Parsing time 370 ms. 
55912      DEBUG main            d.u.i.k.p.r.p.TestFile    ... success: reloaded. 
55913      INFO  main            d.u.i.k.p.r.p.TestFile    Now processing file /home/runner/work/key/key/key.core/../key.ui/examples/standard_key/arith/computation.key 
55913      INFO  main            d.u.i.k.p.i.AbstractProblemLoader Loading environment from /home/runner/work/key/key/key.core/../key.ui/examples/standard_key/arith/computation.key 
55913      DEBUG main            d.u.i.k.p.i.AbstractProblemLoader Environment load took 152.2ns 
55914      WARN  main            d.u.i.k.n.ParsingFacade   /home/runner/work/key/key/key.core/../key.ui/examples/standard_key/arith/computation.key took 0 ms to parse. 
55914      WARN  main            d.u.i.k.n.ParsingFacade   Parsing time 370 ms. 
55915      INFO  main            d.u.i.k.p.i.AbstractProblemLoader Creating init config 
56647      WARN  main            d.u.i.k.n.ParsingFacade   file:/home/runner/work/key/key/key.core/build/resources/main/de/uka/ilkd/key/java/JavaRedux/java/lang/String.key took 0 ms to parse. 
56648      WARN  main            d.u.i.k.n.ParsingFacade   Parsing time 370 ms. 
58221      DEBUG main            d.u.i.k.p.i.AbstractProblemLoader Init config took 2.31s 
58238      INFO  main            d.u.i.k.p.i.AbstractProblemLoader Replaying proof computation.key 
58240      DEBUG main            d.u.i.k.p.i.IntermediateProofReplayer Proof replay took 6.4ns 
58241      WARN  main            d.u.i.k.n.ParsingFacade   /home/runner/work/key/key/key.core/../key.ui/examples/standard_key/arith/computation.key took 0 ms to parse. 
58241      WARN  main            d.u.i.k.n.ParsingFacade   Parsing time 370 ms. 
59547      INFO  main            d.u.i.k.p.r.p.TestFile    ... finished proof: closed. 
59785      INFO  main            d.u.i.k.p.i.AbstractProblemLoader Loading environment from /home/runner/work/key/key/key.core/../key.ui/examples/standard_key/arith/computation.key.proof 
59786      DEBUG main            d.u.i.k.p.i.AbstractProblemLoader Environment load took 320.81ns 
59786      WARN  main            d.u.i.k.n.ParsingFacade   /home/runner/work/key/key/key.core/../key.ui/examples/standard_key/arith/computation.key.proof took 0 ms to parse. 
59786      WARN  main            d.u.i.k.n.ParsingFacade   Parsing time 370 ms. 
59787      INFO  main            d.u.i.k.p.i.AbstractProblemLoader Creating init config 
60484      WARN  main            d.u.i.k.n.ParsingFacade   file:/home/runner/work/key/key/key.core/build/resources/main/de/uka/ilkd/key/java/JavaRedux/java/lang/String.key took 1 ms to parse. 
60485      WARN  main            d.u.i.k.n.ParsingFacade   Parsing time 371 ms. 
61996      DEBUG main            d.u.i.k.p.i.AbstractProblemLoader Init config took 2.21s 
62013      INFO  main            d.u.i.k.p.i.AbstractProblemLoader Replaying proof computation.key.proof 
62148      DEBUG main            d.u.i.k.p.i.IntermediateProofReplayer Proof replay took 129.97ms 
62149      WARN  main            d.u.i.k.n.ParsingFacade   /home/runner/work/key/key/key.core/../key.ui/examples/standard_key/arith/computation.key.proof took 0 ms to parse. 
62149      WARN  main            d.u.i.k.n.ParsingFacade   Parsing time 371 ms. 
62150      DEBUG main            d.u.i.k.p.r.p.TestFile    ... success: reloaded. 
62151      INFO  main            d.u.i.k.p.r.p.TestFile    Now processing file /home/runner/work/key/key/key.core/../key.ui/examples/standard_key/arith/cubicSum.key 
62151      INFO  main            d.u.i.k.p.i.AbstractProblemLoader Loading environment from /home/runner/work/key/key/key.core/../key.ui/examples/standard_key/arith/cubicSum.key 
62151      DEBUG main            d.u.i.k.p.i.AbstractProblemLoader Environment load took 157.3ns 
62152      WARN  main            d.u.i.k.n.ParsingFacade   /home/runner/work/key/key/key.core/../key.ui/examples/standard_key/arith/cubicSum.key took 1 ms to parse. 
62152      WARN  main            d.u.i.k.n.ParsingFacade   Parsing time 372 ms. 
62153      INFO  main            d.u.i.k.p.i.AbstractProblemLoader Creating init config 
62966      WARN  main            d.u.i.k.n.ParsingFacade   file:/home/runner/work/key/key/key.core/build/resources/main/de/uka/ilkd/key/java/JavaRedux/java/lang/String.key took 1 ms to parse. 
62967      WARN  main            d.u.i.k.n.ParsingFacade   Parsing time 373 ms. 
64609      DEBUG main            d.u.i.k.p.i.AbstractProblemLoader Init config took 2.46s 
64626      INFO  main            d.u.i.k.p.i.AbstractProblemLoader Replaying proof cubicSum.key 
64627      DEBUG main            d.u.i.k.p.i.IntermediateProofReplayer Proof replay took 5.9ns 
64628      WARN  main            d.u.i.k.n.ParsingFacade   /home/runner/work/key/key/key.core/../key.ui/examples/standard_key/arith/cubicSum.key took 0 ms to parse. 
64628      WARN  main            d.u.i.k.n.ParsingFacade   Parsing time 373 ms. 
65633      INFO  main            d.u.i.k.p.r.p.TestFile    ... finished proof: closed. 
65910      INFO  main            d.u.i.k.p.i.AbstractProblemLoader Loading environment from /home/runner/work/key/key/key.core/../key.ui/examples/standard_key/arith/cubicSum.key.proof 
65910      DEBUG main            d.u.i.k.p.i.AbstractProblemLoader Environment load took 362.01ns 
65911      WARN  main            d.u.i.k.n.ParsingFacade   /home/runner/work/key/key/key.core/../key.ui/examples/standard_key/arith/cubicSum.key.proof took 0 ms to parse. 
65911      WARN  main            d.u.i.k.n.ParsingFacade   Parsing time 373 ms. 
65912      INFO  main            d.u.i.k.p.i.AbstractProblemLoader Creating init config 
66713      WARN  main            d.u.i.k.n.ParsingFacade   file:/home/runner/work/key/key/key.core/build/resources/main/de/uka/ilkd/key/java/JavaRedux/java/lang/String.key took 1 ms to parse. 
66713      WARN  main            d.u.i.k.n.ParsingFacade   Parsing time 374 ms. 
68258      DEBUG main            d.u.i.k.p.i.AbstractProblemLoader Init config took 2.35s 
68275      INFO  main            d.u.i.k.p.i.AbstractProblemLoader Replaying proof cubicSum.key.proof 
68431      DEBUG main            d.u.i.k.p.i.IntermediateProofReplayer Proof replay took 152.65ms 
68432      WARN  main            d.u.i.k.n.ParsingFacade   /home/runner/work/key/key/key.core/../key.ui/examples/standard_key/arith/cubicSum.key.proof took 0 ms to parse. 
68432      WARN  main            d.u.i.k.n.ParsingFacade   Parsing time 374 ms. 
68432      DEBUG main            d.u.i.k.p.r.p.TestFile    ... success: reloaded. 
68433      INFO  main            d.u.i.k.p.r.p.TestFile    Now processing file /home/runner/work/key/key/key.core/../key.ui/examples/standard_key/arith/divByZero.key 
68434      INFO  main            d.u.i.k.p.i.AbstractProblemLoader Loading environment from /home/runner/work/key/key/key.core/../key.ui/examples/standard_key/arith/divByZero.key 
68434      DEBUG main            d.u.i.k.p.i.AbstractProblemLoader Environment load took 125.1ns 
68434      WARN  main            d.u.i.k.n.ParsingFacade   /home/runner/work/key/key/key.core/../key.ui/examples/standard_key/arith/divByZero.key took 0 ms to parse. 
68434      WARN  main            d.u.i.k.n.ParsingFacade   Parsing time 374 ms. 
68435      INFO  main            d.u.i.k.p.i.AbstractProblemLoader Creating init config 
69173      WARN  main            d.u.i.k.n.ParsingFacade   file:/home/runner/work/key/key/key.core/build/resources/main/de/uka/ilkd/key/java/JavaRedux/java/lang/String.key took 1 ms to parse. 
69174      WARN  main            d.u.i.k.n.ParsingFacade   Parsing time 375 ms. 
70757      DEBUG main            d.u.i.k.p.i.AbstractProblemLoader Init config took 2.32s 
70774      INFO  main            d.u.i.k.p.i.AbstractProblemLoader Replaying proof divByZero.key 
70776      DEBUG main            d.u.i.k.p.i.IntermediateProofReplayer Proof replay took 6.6ns 
70776      WARN  main            d.u.i.k.n.ParsingFacade   /home/runner/work/key/key/key.core/../key.ui/examples/standard_key/arith/divByZero.key took 0 ms to parse. 
70776      WARN  main            d.u.i.k.n.ParsingFacade   Parsing time 375 ms. 
70984      INFO  main            d.u.i.k.p.r.p.TestFile    ... finished proof: closed. 
71282      INFO  main            d.u.i.k.p.i.AbstractProblemLoader Loading environment from /home/runner/work/key/key/key.core/../key.ui/examples/standard_key/arith/divByZero.key.proof 
71282      DEBUG main            d.u.i.k.p.i.AbstractProblemLoader Environment load took 98.2ns 
71282      WARN  main            d.u.i.k.n.ParsingFacade   /home/runner/work/key/key/key.core/../key.ui/examples/standard_key/arith/divByZero.key.proof took 0 ms to parse. 
71282      WARN  main            d.u.i.k.n.ParsingFacade   Parsing time 375 ms. 
71285      INFO  main            d.u.i.k.p.i.AbstractProblemLoader Creating init config 
71999      WARN  main            d.u.i.k.n.ParsingFacade   file:/home/runner/work/key/key/key.core/build/resources/main/de/uka/ilkd/key/java/JavaRedux/java/lang/String.key took 1 ms to parse. 
71999      WARN  main            d.u.i.k.n.ParsingFacade   Parsing time 376 ms. 
73520      DEBUG main            d.u.i.k.p.i.AbstractProblemLoader Init config took 2.24s 
73535      INFO  main            d.u.i.k.p.i.AbstractProblemLoader Replaying proof divByZero.key.proof 
73570      DEBUG main            d.u.i.k.p.i.IntermediateProofReplayer Proof replay took 32.48ms 
73571      WARN  main            d.u.i.k.n.ParsingFacade   /home/runner/work/key/key/key.core/../key.ui/examples/standard_key/arith/divByZero.key.proof took 0 ms to parse. 
73571      WARN  main            d.u.i.k.n.ParsingFacade   Parsing time 376 ms. 
73571      DEBUG main            d.u.i.k.p.r.p.TestFile    ... success: reloaded. 
73572      INFO  main            d.u.i.k.p.r.p.TestFile    Now processing file /home/runner/work/key/key/key.core/../key.ui/examples/standard_key/arith/divisionAssoc.key 
73572      INFO  main            d.u.i.k.p.i.AbstractProblemLoader Loading environment from /home/runner/work/key/key/key.core/../key.ui/examples/standard_key/arith/divisionAssoc.key 
73572      DEBUG main            d.u.i.k.p.i.AbstractProblemLoader Environment load took 75.1ns 
73573      WARN  main            d.u.i.k.n.ParsingFacade   /home/runner/work/key/key/key.core/../key.ui/examples/standard_key/arith/divisionAssoc.key took 1 ms to parse. 
73573      WARN  main            d.u.i.k.n.ParsingFacade   Parsing time 377 ms. 
73573      INFO  main            d.u.i.k.p.i.AbstractProblemLoader Creating init config 
74368      WARN  main            d.u.i.k.n.ParsingFacade   file:/home/runner/work/key/key/key.core/build/resources/main/de/uka/ilkd/key/java/JavaRedux/java/lang/String.key took 1 ms to parse. 
74369      WARN  main            d.u.i.k.n.ParsingFacade   Parsing time 378 ms. 
75871      DEBUG main            d.u.i.k.p.i.AbstractProblemLoader Init config took 2.3s 
75886      INFO  main            d.u.i.k.p.i.AbstractProblemLoader Replaying proof divisionAssoc.key 
75887      DEBUG main            d.u.i.k.p.i.IntermediateProofReplayer Proof replay took 6.5ns 
75888      WARN  main            d.u.i.k.n.ParsingFacade   /home/runner/work/key/key/key.core/../key.ui/examples/standard_key/arith/divisionAssoc.key took 0 ms to parse. 
75888      WARN  main            d.u.i.k.n.ParsingFacade   Parsing time 378 ms. 
76597      INFO  main            d.u.i.k.p.r.p.TestFile    ... finished proof: closed. 
76803      INFO  main            d.u.i.k.p.i.AbstractProblemLoader Loading environment from /home/runner/work/key/key/key.core/../key.ui/examples/standard_key/arith/divisionAssoc.key.proof 
76803      DEBUG main            d.u.i.k.p.i.AbstractProblemLoader Environment load took 364.11ns 
76804      WARN  main            d.u.i.k.n.ParsingFacade   /home/runner/work/key/key/key.core/../key.ui/examples/standard_key/arith/divisionAssoc.key.proof took 1 ms to parse. 
76804      WARN  main            d.u.i.k.n.ParsingFacade   Parsing time 379 ms. 
76804      INFO  main            d.u.i.k.p.i.AbstractProblemLoader Creating init config 
77511      WARN  main            d.u.i.k.n.ParsingFacade   file:/home/runner/work/key/key/key.core/build/resources/main/de/uka/ilkd/key/java/JavaRedux/java/lang/String.key took 1 ms to parse. 
77512      WARN  main            d.u.i.k.n.ParsingFacade   Parsing time 380 ms. 
79077      DEBUG main            d.u.i.k.p.i.AbstractProblemLoader Init config took 2.27s 
79091      INFO  main            d.u.i.k.p.i.AbstractProblemLoader Replaying proof divisionAssoc.key.proof 
79134      DEBUG main            d.u.i.k.p.i.IntermediateProofReplayer Proof replay took 38.19ms 
79134      WARN  main            d.u.i.k.n.ParsingFacade   /home/runner/work/key/key/key.core/../key.ui/examples/standard_key/arith/divisionAssoc.key.proof took 0 ms to parse. 
79135      WARN  main            d.u.i.k.n.ParsingFacade   Parsing time 380 ms. 
79135      DEBUG main            d.u.i.k.p.r.p.TestFile    ... success: reloaded. 
79136      INFO  main            d.u.i.k.p.r.p.TestFile    Now processing file /home/runner/work/key/key/key.core/../key.ui/examples/standard_key/arith/divisionBy2.key 
79136      INFO  main            d.u.i.k.p.i.AbstractProblemLoader Loading environment from /home/runner/work/key/key/key.core/../key.ui/examples/standard_key/arith/divisionBy2.key 
79136      DEBUG main            d.u.i.k.p.i.AbstractProblemLoader Environment load took 165ns 
79137      WARN  main            d.u.i.k.n.ParsingFacade   /home/runner/work/key/key/key.core/../key.ui/examples/standard_key/arith/divisionBy2.key took 0 ms to parse. 
79137      WARN  main            d.u.i.k.n.ParsingFacade   Parsing time 380 ms. 
79138      INFO  main            d.u.i.k.p.i.AbstractProblemLoader Creating init config 
79862      WARN  main            d.u.i.k.n.ParsingFacade   file:/home/runner/work/key/key/key.core/build/resources/main/de/uka/ilkd/key/java/JavaRedux/java/lang/String.key took 1 ms to parse. 
79862      WARN  main            d.u.i.k.n.ParsingFacade   Parsing time 381 ms. 
81376      DEBUG main            d.u.i.k.p.i.AbstractProblemLoader Init config took 2.24s 
81389      INFO  main            d.u.i.k.p.i.AbstractProblemLoader Replaying proof divisionBy2.key 
81391      DEBUG main            d.u.i.k.p.i.IntermediateProofReplayer Proof replay took 6.4ns 
81391      WARN  main            d.u.i.k.n.ParsingFacade   /home/runner/work/key/key/key.core/../key.ui/examples/standard_key/arith/divisionBy2.key took 0 ms to parse. 
81391      WARN  main            d.u.i.k.n.ParsingFacade   Parsing time 381 ms. 
81493      INFO  main            d.u.i.k.p.r.p.TestFile    ... finished proof: closed. 
81685      INFO  main            d.u.i.k.p.i.AbstractProblemLoader Loading environment from /home/runner/work/key/key/key.core/../key.ui/examples/standard_key/arith/divisionBy2.key.proof 
81686      DEBUG main            d.u.i.k.p.i.AbstractProblemLoader Environment load took 101.9ns 
81686      WARN  main            d.u.i.k.n.ParsingFacade   /home/runner/work/key/key/key.core/../key.ui/examples/standard_key/arith/divisionBy2.key.proof took 0 ms to parse. 
81686      WARN  main            d.u.i.k.n.ParsingFacade   Parsing time 381 ms. 
81686      INFO  main            d.u.i.k.p.i.AbstractProblemLoader Creating init config 
82403      WARN  main            d.u.i.k.n.ParsingFacade   file:/home/runner/work/key/key/key.core/build/resources/main/de/uka/ilkd/key/java/JavaRedux/java/lang/String.key took 1 ms to parse. 
82403      WARN  main            d.u.i.k.n.ParsingFacade   Parsing time 382 ms. 
83908      DEBUG main            d.u.i.k.p.i.AbstractProblemLoader Init config took 2.22s 
83923      INFO  main            d.u.i.k.p.i.AbstractProblemLoader Replaying proof divisionBy2.key.proof 
83933      DEBUG main            d.u.i.k.p.i.IntermediateProofReplayer Proof replay took 5.59ms 
83934      WARN  main            d.u.i.k.n.ParsingFacade   /home/runner/work/key/key/key.core/../key.ui/examples/standard_key/arith/divisionBy2.key.proof took 1 ms to parse. 
83934      WARN  main            d.u.i.k.n.ParsingFacade   Parsing time 383 ms. 
83935      DEBUG main            d.u.i.k.p.r.p.TestFile    ... success: reloaded. 
83936      INFO  main            d.u.i.k.p.r.p.TestFile    Now processing file /home/runner/work/key/key/key.core/../key.ui/examples/standard_key/arith/euclidean/gcdHelp-post.key 
83936      INFO  main            d.u.i.k.p.i.AbstractProblemLoader Loading environment from /home/runner/work/key/key/key.core/../key.ui/examples/standard_key/arith/euclidean/gcdHelp-post.key 
83936      DEBUG main            d.u.i.k.p.i.AbstractProblemLoader Environment load took 160.2ns 
83937      WARN  main            d.u.i.k.n.ParsingFacade   /home/runner/work/key/key/key.core/../key.ui/examples/standard_key/arith/euclidean/gcdHelp-post.key took 1 ms to parse. 
83937      WARN  main            d.u.i.k.n.ParsingFacade   Parsing time 384 ms. 
83937      INFO  main            d.u.i.k.p.i.AbstractProblemLoader Creating init config 
84741      WARN  main            d.u.i.k.n.ParsingFacade   file:/home/runner/work/key/key/key.core/build/resources/main/de/uka/ilkd/key/java/JavaRedux/java/lang/String.key took 1 ms to parse. 
84741      WARN  main            d.u.i.k.n.ParsingFacade   Parsing time 385 ms. 
86323      DEBUG main            d.u.i.k.p.i.AbstractProblemLoader Init config took 2.39s 
86338      INFO  main            d.u.i.k.p.i.AbstractProblemLoader Replaying proof gcdHelp-post.key 
86340      DEBUG main            d.u.i.k.p.i.IntermediateProofReplayer Proof replay took 5.9ns 
86340      WARN  main            d.u.i.k.n.ParsingFacade   /home/runner/work/key/key/key.core/../key.ui/examples/standard_key/arith/euclidean/gcdHelp-post.key took 0 ms to parse. 
86340      WARN  main            d.u.i.k.n.ParsingFacade   Parsing time 385 ms. 
89518      INFO  main            d.u.i.k.p.r.p.TestFile    ... finished proof: closed. 
89741      INFO  main            d.u.i.k.p.i.AbstractProblemLoader Loading environment from /home/runner/work/key/key/key.core/../key.ui/examples/standard_key/arith/euclidean/gcdHelp-post.key.proof 
89742      DEBUG main            d.u.i.k.p.i.AbstractProblemLoader Environment load took 325.71ns 
89743      WARN  main            d.u.i.k.n.ParsingFacade   /home/runner/work/key/key/key.core/../key.ui/examples/standard_key/arith/euclidean/gcdHelp-post.key.proof took 1 ms to parse. 
89743      WARN  main            d.u.i.k.n.ParsingFacade   Parsing time 386 ms. 
89744      INFO  main            d.u.i.k.p.i.AbstractProblemLoader Creating init config 
90502      WARN  main            d.u.i.k.n.ParsingFacade   file:/home/runner/work/key/key/key.core/build/resources/main/de/uka/ilkd/key/java/JavaRedux/java/lang/String.key took 1 ms to parse. 
90502      WARN  main            d.u.i.k.n.ParsingFacade   Parsing time 387 ms. 
92032      DEBUG main            d.u.i.k.p.i.AbstractProblemLoader Init config took 2.29s 
92048      INFO  main            d.u.i.k.p.i.AbstractProblemLoader Replaying proof gcdHelp-post.key.proof 
92241      DEBUG main            d.u.i.k.p.i.IntermediateProofReplayer Proof replay took 184.79ms 
92242      WARN  main            d.u.i.k.n.ParsingFacade   /home/runner/work/key/key/key.core/../key.ui/examples/standard_key/arith/euclidean/gcdHelp-post.key.proof took 0 ms to parse. 
92243      WARN  main            d.u.i.k.n.ParsingFacade   Parsing time 387 ms. 
92243      DEBUG main            d.u.i.k.p.r.p.TestFile    ... success: reloaded. 
92244      INFO  main            d.u.i.k.p.r.p.TestFile    Now processing file /home/runner/work/key/key/key.core/../key.ui/examples/standard_key/arith/gemplusDecimal/add.key 
92245      INFO  main            d.u.i.k.p.i.AbstractProblemLoader Loading environment from /home/runner/work/key/key/key.core/../key.ui/examples/standard_key/arith/gemplusDecimal/add.key 
92245      DEBUG main            d.u.i.k.p.i.AbstractProblemLoader Environment load took 153.3ns 
92245      WARN  main            d.u.i.k.n.ParsingFacade   /home/runner/work/key/key/key.core/../key.ui/examples/standard_key/arith/gemplusDecimal/add.key took 0 ms to parse. 
92245      WARN  main            d.u.i.k.n.ParsingFacade   Parsing time 387 ms. 
92246      INFO  main            d.u.i.k.p.i.AbstractProblemLoader Creating init config 
93076      WARN  main            d.u.i.k.n.ParsingFacade   file:/home/runner/work/key/key/key.core/build/resources/main/de/uka/ilkd/key/java/JavaRedux/java/lang/String.key took 1 ms to parse. 
93077      WARN  main            d.u.i.k.n.ParsingFacade   Parsing time 388 ms. 
94625      DEBUG main            d.u.i.k.p.i.AbstractProblemLoader Init config took 2.38s 
94641      INFO  main            d.u.i.k.p.i.AbstractProblemLoader Replaying proof add.key 
94642      DEBUG main            d.u.i.k.p.i.IntermediateProofReplayer Proof replay took 5.5ns 
94643      WARN  main            d.u.i.k.n.ParsingFacade   /home/runner/work/key/key/key.core/../key.ui/examples/standard_key/arith/gemplusDecimal/add.key took 0 ms to parse. 
94643      WARN  main            d.u.i.k.n.ParsingFacade   Parsing time 388 ms. 
137278     INFO  main            d.u.i.k.p.r.p.TestFile    ... finished proof: closed. 
137647     INFO  main            d.u.i.k.p.i.AbstractProblemLoader Loading environment from /home/runner/work/key/key/key.core/../key.ui/examples/standard_key/arith/gemplusDecimal/add.key.proof 
137648     DEBUG main            d.u.i.k.p.i.AbstractProblemLoader Environment load took 325.31ns 
137656     WARN  main            d.u.i.k.n.ParsingFacade   /home/runner/work/key/key/key.core/../key.ui/examples/standard_key/arith/gemplusDecimal/add.key.proof took 0 ms to parse. 
137657     WARN  main            d.u.i.k.n.ParsingFacade   Parsing time 388 ms. 
137657     INFO  main            d.u.i.k.p.i.AbstractProblemLoader Creating init config 
138433     WARN  main            d.u.i.k.n.ParsingFacade   file:/home/runner/work/key/key/key.core/build/resources/main/de/uka/ilkd/key/java/JavaRedux/java/lang/String.key took 1 ms to parse. 
138434     WARN  main            d.u.i.k.n.ParsingFacade   Parsing time 389 ms. 
139919     DEBUG main            d.u.i.k.p.i.AbstractProblemLoader Init config took 2.26s 
139934     INFO  main            d.u.i.k.p.i.AbstractProblemLoader Replaying proof add.key.proof 
143667     DEBUG main            d.u.i.k.p.i.IntermediateProofReplayer Proof replay took 3.62s 
143675     WARN  main            d.u.i.k.n.ParsingFacade   /home/runner/work/key/key/key.core/../key.ui/examples/standard_key/arith/gemplusDecimal/add.key.proof took 2 ms to parse. 
143675     WARN  main            d.u.i.k.n.ParsingFacade   Parsing time 391 ms. 
143675     DEBUG main            d.u.i.k.p.r.p.TestFile    ... success: reloaded. 
143676     INFO  main            d.u.i.k.p.r.p.TestFile    Now processing file /home/runner/work/key/key/key.core/../key.ui/examples/standard_key/arith/jdivevenodd.key 
143677     INFO  main            d.u.i.k.p.i.AbstractProblemLoader Loading environment from /home/runner/work/key/key/key.core/../key.ui/examples/standard_key/arith/jdivevenodd.key 
143677     DEBUG main            d.u.i.k.p.i.AbstractProblemLoader Environment load took 174.9ns 
143677     WARN  main            d.u.i.k.n.ParsingFacade   /home/runner/work/key/key/key.core/../key.ui/examples/standard_key/arith/jdivevenodd.key took 0 ms to parse. 
143678     WARN  main            d.u.i.k.n.ParsingFacade   Parsing time 391 ms. 
143678     INFO  main            d.u.i.k.p.i.AbstractProblemLoader Creating init config 
144423     WARN  main            d.u.i.k.n.ParsingFacade   file:/home/runner/work/key/key/key.core/build/resources/main/de/uka/ilkd/key/java/JavaRedux/java/lang/String.key took 1 ms to parse. 
144424     WARN  main            d.u.i.k.n.ParsingFacade   Parsing time 392 ms. 
145989     DEBUG main            d.u.i.k.p.i.AbstractProblemLoader Init config took 2.31s 
146002     INFO  main            d.u.i.k.p.i.AbstractProblemLoader Replaying proof jdivevenodd.key 
146004     DEBUG main            d.u.i.k.p.i.IntermediateProofReplayer Proof replay took 6.1ns 
146004     WARN  main            d.u.i.k.n.ParsingFacade   /home/runner/work/key/key/key.core/../key.ui/examples/standard_key/arith/jdivevenodd.key took 0 ms to parse. 
146004     WARN  main            d.u.i.k.n.ParsingFacade   Parsing time 392 ms. 
146210     INFO  main            d.u.i.k.p.r.p.TestFile    ... finished proof: closed. 
146544     INFO  main            d.u.i.k.p.i.AbstractProblemLoader Loading environment from /home/runner/work/key/key/key.core/../key.ui/examples/standard_key/arith/jdivevenodd.key.proof 
146545     DEBUG main            d.u.i.k.p.i.AbstractProblemLoader Environment load took 109.5ns 
146545     WARN  main            d.u.i.k.n.ParsingFacade   /home/runner/work/key/key/key.core/../key.ui/examples/standard_key/arith/jdivevenodd.key.proof took 0 ms to parse. 
146545     WARN  main            d.u.i.k.n.ParsingFacade   Parsing time 392 ms. 
146546     INFO  main            d.u.i.k.p.i.AbstractProblemLoader Creating init config 
147235     WARN  main            d.u.i.k.n.ParsingFacade   file:/home/runner/work/key/key/key.core/build/resources/main/de/uka/ilkd/key/java/JavaRedux/java/lang/String.key took 1 ms to parse. 
147235     WARN  main            d.u.i.k.n.ParsingFacade   Parsing time 393 ms. 
148722     DEBUG main            d.u.i.k.p.i.AbstractProblemLoader Init config took 2.18s 
148735     INFO  main            d.u.i.k.p.i.AbstractProblemLoader Replaying proof jdivevenodd.key.proof 
148751     DEBUG main            d.u.i.k.p.i.IntermediateProofReplayer Proof replay took 12.99ms 
148752     WARN  main            d.u.i.k.n.ParsingFacade   /home/runner/work/key/key/key.core/../key.ui/examples/standard_key/arith/jdivevenodd.key.proof took 0 ms to parse. 
148752     WARN  main            d.u.i.k.n.ParsingFacade   Parsing time 393 ms. 
148752     DEBUG main            d.u.i.k.p.r.p.TestFile    ... success: reloaded. 
148753     INFO  main            d.u.i.k.p.r.p.TestFile    Now processing file /home/runner/work/key/key/key.core/../key.ui/examples/standard_key/arith/median.key 
148753     INFO  main            d.u.i.k.p.i.AbstractProblemLoader Loading environment from /home/runner/work/key/key/key.core/../key.ui/examples/standard_key/arith/median.key 
148754     DEBUG main            d.u.i.k.p.i.AbstractProblemLoader Environment load took 209.3ns 
148754     WARN  main            d.u.i.k.n.ParsingFacade   /home/runner/work/key/key/key.core/../key.ui/examples/standard_key/arith/median.key took 0 ms to parse. 
148754     WARN  main            d.u.i.k.n.ParsingFacade   Parsing time 393 ms. 
148755     INFO  main            d.u.i.k.p.i.AbstractProblemLoader Creating init config 
149449     WARN  main            d.u.i.k.n.ParsingFacade   file:/home/runner/work/key/key/key.core/build/resources/main/de/uka/ilkd/key/java/JavaRedux/java/lang/String.key took 1 ms to parse. 
149449     WARN  main            d.u.i.k.n.ParsingFacade   Parsing time 394 ms. 
150959     DEBUG main            d.u.i.k.p.i.AbstractProblemLoader Init config took 2.2s 
150980     INFO  main            d.u.i.k.p.i.AbstractProblemLoader Replaying proof median.key 
150989     DEBUG main            d.u.i.k.p.i.IntermediateProofReplayer Proof replay took 5.3ns 
150989     WARN  main            d.u.i.k.n.ParsingFacade   /home/runner/work/key/key/key.core/../key.ui/examples/standard_key/arith/median.key took 0 ms to parse. 
150990     WARN  main            d.u.i.k.n.ParsingFacade   Parsing time 394 ms. 
166691     INFO  main            d.u.i.k.p.r.p.TestFile    ... finished proof: closed. 
167009     INFO  main            d.u.i.k.p.i.AbstractProblemLoader Loading environment from /home/runner/work/key/key/key.core/../key.ui/examples/standard_key/arith/median.key.proof 
167009     DEBUG main            d.u.i.k.p.i.AbstractProblemLoader Environment load took 317.01ns 
167012     WARN  main            d.u.i.k.n.ParsingFacade   /home/runner/work/key/key/key.core/../key.ui/examples/standard_key/arith/median.key.proof took 0 ms to parse. 
167012     WARN  main            d.u.i.k.n.ParsingFacade   Parsing time 394 ms. 
167013     INFO  main            d.u.i.k.p.i.AbstractProblemLoader Creating init config 
167704     WARN  main            d.u.i.k.n.ParsingFacade   file:/home/runner/work/key/key/key.core/build/resources/main/de/uka/ilkd/key/java/JavaRedux/java/lang/String.key took 1 ms to parse. 
167704     WARN  main            d.u.i.k.n.ParsingFacade   Parsing time 395 ms. 
169189     DEBUG main            d.u.i.k.p.i.AbstractProblemLoader Init config took 2.18s 
169204     INFO  main            d.u.i.k.p.i.AbstractProblemLoader Replaying proof median.key.proof 
170303     DEBUG main            d.u.i.k.p.i.IntermediateProofReplayer Proof replay took 1.05s 
170306     WARN  main            d.u.i.k.n.ParsingFacade   /home/runner/work/key/key/key.core/../key.ui/examples/standard_key/arith/median.key.proof took 0 ms to parse. 
170306     WARN  main            d.u.i.k.n.ParsingFacade   Parsing time 395 ms. 
170306     DEBUG main            d.u.i.k.p.r.p.TestFile    ... success: reloaded. 
170307     INFO  main            d.u.i.k.p.r.p.TestFile    Now processing file /home/runner/work/key/key/key.core/../key.ui/examples/standard_key/arith/mod1.key 
170307     INFO  main            d.u.i.k.p.i.AbstractProblemLoader Loading environment from /home/runner/work/key/key/key.core/../key.ui/examples/standard_key/arith/mod1.key 
170307     DEBUG main            d.u.i.k.p.i.AbstractProblemLoader Environment load took 52.5ns 
170308     WARN  main            d.u.i.k.n.ParsingFacade   /home/runner/work/key/key/key.core/../key.ui/examples/standard_key/arith/mod1.key took 1 ms to parse. 
170308     WARN  main            d.u.i.k.n.ParsingFacade   Parsing time 396 ms. 
170308     INFO  main            d.u.i.k.p.i.AbstractProblemLoader Creating init config 
171036     WARN  main            d.u.i.k.n.ParsingFacade   file:/home/runner/work/key/key/key.core/build/resources/main/de/uka/ilkd/key/java/JavaRedux/java/lang/String.key took 1 ms to parse. 
171037     WARN  main            d.u.i.k.n.ParsingFacade   Parsing time 397 ms. 
172554     DEBUG main            d.u.i.k.p.i.AbstractProblemLoader Init config took 2.25s 
172567     INFO  main            d.u.i.k.p.i.AbstractProblemLoader Replaying proof mod1.key 
172568     DEBUG main            d.u.i.k.p.i.IntermediateProofReplayer Proof replay took 6.1ns 
172569     WARN  main            d.u.i.k.n.ParsingFacade   /home/runner/work/key/key/key.core/../key.ui/examples/standard_key/arith/mod1.key took 0 ms to parse. 
172569     WARN  main            d.u.i.k.n.ParsingFacade   Parsing time 397 ms. 
172672     INFO  main            d.u.i.k.p.r.p.TestFile    ... finished proof: closed. 
172972     INFO  main            d.u.i.k.p.i.AbstractProblemLoader Loading environment from /home/runner/work/key/key/key.core/../key.ui/examples/standard_key/arith/mod1.key.proof 
172972     DEBUG main            d.u.i.k.p.i.AbstractProblemLoader Environment load took 86ns 
172972     WARN  main            d.u.i.k.n.ParsingFacade   /home/runner/work/key/key/key.core/../key.ui/examples/standard_key/arith/mod1.key.proof took 0 ms to parse. 
172972     WARN  main            d.u.i.k.n.ParsingFacade   Parsing time 397 ms. 
172973     INFO  main            d.u.i.k.p.i.AbstractProblemLoader Creating init config 
173664     WARN  main            d.u.i.k.n.ParsingFacade   file:/home/runner/work/key/key/key.core/build/resources/main/de/uka/ilkd/key/java/JavaRedux/java/lang/String.key took 0 ms to parse. 
173664     WARN  main            d.u.i.k.n.ParsingFacade   Parsing time 397 ms. 
175207     DEBUG main            d.u.i.k.p.i.AbstractProblemLoader Init config took 2.23s 
175220     INFO  main            d.u.i.k.p.i.AbstractProblemLoader Replaying proof mod1.key.proof 
175224     DEBUG main            d.u.i.k.p.i.IntermediateProofReplayer Proof replay took 2.14ms 
175225     WARN  main            d.u.i.k.n.ParsingFacade   /home/runner/work/key/key/key.core/../key.ui/examples/standard_key/arith/mod1.key.proof took 0 ms to parse. 
175225     WARN  main            d.u.i.k.n.ParsingFacade   Parsing time 397 ms. 
175225     DEBUG main            d.u.i.k.p.r.p.TestFile    ... success: reloaded. 
175226     INFO  main            d.u.i.k.p.r.p.TestFile    Now processing file /home/runner/work/key/key/key.core/../key.ui/examples/standard_key/arith/mod2.key 
175226     INFO  main            d.u.i.k.p.i.AbstractProblemLoader Loading environment from /home/runner/work/key/key/key.core/../key.ui/examples/standard_key/arith/mod2.key 
175226     DEBUG main            d.u.i.k.p.i.AbstractProblemLoader Environment load took 69.5ns 
175226     WARN  main            d.u.i.k.n.ParsingFacade   /home/runner/work/key/key/key.core/../key.ui/examples/standard_key/arith/mod2.key took 0 ms to parse. 
175226     WARN  main            d.u.i.k.n.ParsingFacade   Parsing time 397 ms. 
175227     INFO  main            d.u.i.k.p.i.AbstractProblemLoader Creating init config 
175936     WARN  main            d.u.i.k.n.ParsingFacade   file:/home/runner/work/key/key/key.core/build/resources/main/de/uka/ilkd/key/java/JavaRedux/java/lang/String.key took 1 ms to parse. 
175936     WARN  main            d.u.i.k.n.ParsingFacade   Parsing time 398 ms. 
177433     DEBUG main            d.u.i.k.p.i.AbstractProblemLoader Init config took 2.21s 
177446     INFO  main            d.u.i.k.p.i.AbstractProblemLoader Replaying proof mod2.key 
177448     DEBUG main            d.u.i.k.p.i.IntermediateProofReplayer Proof replay took 6.5ns 
177448     WARN  main            d.u.i.k.n.ParsingFacade   /home/runner/work/key/key/key.core/../key.ui/examples/standard_key/arith/mod2.key took 0 ms to parse. 
177448     WARN  main            d.u.i.k.n.ParsingFacade   Parsing time 398 ms. 
177554     INFO  main            d.u.i.k.p.r.p.TestFile    ... finished proof: closed. 
177777     INFO  main            d.u.i.k.p.i.AbstractProblemLoader Loading environment from /home/runner/work/key/key/key.core/../key.ui/examples/standard_key/arith/mod2.key.proof 
177777     DEBUG main            d.u.i.k.p.i.AbstractProblemLoader Environment load took 87.7ns 
177778     WARN  main            d.u.i.k.n.ParsingFacade   /home/runner/work/key/key/key.core/../key.ui/examples/standard_key/arith/mod2.key.proof took 1 ms to parse. 
177778     WARN  main            d.u.i.k.n.ParsingFacade   Parsing time 399 ms. 
177778     INFO  main            d.u.i.k.p.i.AbstractProblemLoader Creating init config 
178474     WARN  main            d.u.i.k.n.ParsingFacade   file:/home/runner/work/key/key/key.core/build/resources/main/de/uka/ilkd/key/java/JavaRedux/java/lang/String.key took 1 ms to parse. 
178474     WARN  main            d.u.i.k.n.ParsingFacade   Parsing time 400 ms. 
179956     DEBUG main            d.u.i.k.p.i.AbstractProblemLoader Init config took 2.18s 
179970     INFO  main            d.u.i.k.p.i.AbstractProblemLoader Replaying proof mod2.key.proof 
179973     DEBUG main            d.u.i.k.p.i.IntermediateProofReplayer Proof replay took 1.46ms 
179973     WARN  main            d.u.i.k.n.ParsingFacade   /home/runner/work/key/key/key.core/../key.ui/examples/standard_key/arith/mod2.key.proof took 0 ms to parse. 
179973     WARN  main            d.u.i.k.n.ParsingFacade   Parsing time 400 ms. 
179974     DEBUG main            d.u.i.k.p.r.p.TestFile    ... success: reloaded. 
179974     INFO  main            d.u.i.k.p.r.p.TestFile    Now processing file /home/runner/work/key/key/key.core/../key.ui/examples/standard_key/arith/mod7.key 
179975     INFO  main            d.u.i.k.p.i.AbstractProblemLoader Loading environment from /home/runner/work/key/key/key.core/../key.ui/examples/standard_key/arith/mod7.key 
179975     DEBUG main            d.u.i.k.p.i.AbstractProblemLoader Environment load took 71.3ns 
179975     WARN  main            d.u.i.k.n.ParsingFacade   /home/runner/work/key/key/key.core/../key.ui/examples/standard_key/arith/mod7.key took 0 ms to parse. 
179975     WARN  main            d.u.i.k.n.ParsingFacade   Parsing time 400 ms. 
179976     INFO  main            d.u.i.k.p.i.AbstractProblemLoader Creating init config 
180679     WARN  main            d.u.i.k.n.ParsingFacade   file:/home/runner/work/key/key/key.core/build/resources/main/de/uka/ilkd/key/java/JavaRedux/java/lang/String.key took 1 ms to parse. 
180679     WARN  main            d.u.i.k.n.ParsingFacade   Parsing time 401 ms. 
182214     DEBUG main            d.u.i.k.p.i.AbstractProblemLoader Init config took 2.24s 
182227     INFO  main            d.u.i.k.p.i.AbstractProblemLoader Replaying proof mod7.key 
182228     DEBUG main            d.u.i.k.p.i.IntermediateProofReplayer Proof replay took 6.4ns 
182229     WARN  main            d.u.i.k.n.ParsingFacade   /home/runner/work/key/key/key.core/../key.ui/examples/standard_key/arith/mod7.key took 0 ms to parse. 
182229     WARN  main            d.u.i.k.n.ParsingFacade   Parsing time 401 ms. 
182330     INFO  main            d.u.i.k.p.r.p.TestFile    ... finished proof: closed. 
182549     INFO  main            d.u.i.k.p.i.AbstractProblemLoader Loading environment from /home/runner/work/key/key/key.core/../key.ui/examples/standard_key/arith/mod7.key.proof 
182549     DEBUG main            d.u.i.k.p.i.AbstractProblemLoader Environment load took 90.4ns 
182550     WARN  main            d.u.i.k.n.ParsingFacade   /home/runner/work/key/key/key.core/../key.ui/examples/standard_key/arith/mod7.key.proof took 0 ms to parse. 
182550     WARN  main            d.u.i.k.n.ParsingFacade   Parsing time 401 ms. 
182550     INFO  main            d.u.i.k.p.i.AbstractProblemLoader Creating init config 
183251     WARN  main            d.u.i.k.n.ParsingFacade   file:/home/runner/work/key/key/key.core/build/resources/main/de/uka/ilkd/key/java/JavaRedux/java/lang/String.key took 1 ms to parse. 
183251     WARN  main            d.u.i.k.n.ParsingFacade   Parsing time 402 ms. 
184729     DEBUG main            d.u.i.k.p.i.AbstractProblemLoader Init config took 2.18s 
184744     INFO  main            d.u.i.k.p.i.AbstractProblemLoader Replaying proof mod7.key.proof 
184751     DEBUG main            d.u.i.k.p.i.IntermediateProofReplayer Proof replay took 5.02ms 
184751     WARN  main            d.u.i.k.n.ParsingFacade   /home/runner/work/key/key/key.core/../key.ui/examples/standard_key/arith/mod7.key.proof took 0 ms to parse. 
184752     WARN  main            d.u.i.k.n.ParsingFacade   Parsing time 402 ms. 
184752     DEBUG main            d.u.i.k.p.r.p.TestFile    ... success: reloaded. 
184752     INFO  main            d.u.i.k.p.r.p.TestFile    Now processing file /home/runner/work/key/key/key.core/../key.ui/examples/standard_key/arith/overflow_hija.key 
184753     INFO  main            d.u.i.k.p.i.AbstractProblemLoader Loading environment from /home/runner/work/key/key/key.core/../key.ui/examples/standard_key/arith/overflow_hija.key 
184753     DEBUG main            d.u.i.k.p.i.AbstractProblemLoader Environment load took 150.7ns 
184754     WARN  main            d.u.i.k.n.ParsingFacade   /home/runner/work/key/key/key.core/../key.ui/examples/standard_key/arith/overflow_hija.key took 1 ms to parse. 
184754     WARN  main            d.u.i.k.n.ParsingFacade   Parsing time 403 ms. 
184754     INFO  main            d.u.i.k.p.i.AbstractProblemLoader Creating init config 
185458     WARN  main            d.u.i.k.n.ParsingFacade   file:/home/runner/work/key/key/key.core/build/resources/main/de/uka/ilkd/key/java/JavaRedux/java/lang/String.key took 1 ms to parse. 
185459     WARN  main            d.u.i.k.n.ParsingFacade   Parsing time 404 ms. 
187008     DEBUG main            d.u.i.k.p.i.AbstractProblemLoader Init config took 2.25s 
187024     INFO  main            d.u.i.k.p.i.AbstractProblemLoader Replaying proof overflow_hija.key 
187026     DEBUG main            d.u.i.k.p.i.IntermediateProofReplayer Proof replay took 6.2ns 
187026     WARN  main            d.u.i.k.n.ParsingFacade   /home/runner/work/key/key/key.core/../key.ui/examples/standard_key/arith/overflow_hija.key took 0 ms to parse. 
187027     WARN  main            d.u.i.k.n.ParsingFacade   Parsing time 404 ms. 
191597     INFO  main            d.u.i.k.p.r.p.TestFile    ... finished proof: closed. 
191883     INFO  main            d.u.i.k.p.i.AbstractProblemLoader Loading environment from /home/runner/work/key/key/key.core/../key.ui/examples/standard_key/arith/overflow_hija.key.proof 
191883     DEBUG main            d.u.i.k.p.i.AbstractProblemLoader Environment load took 309.01ns 
191884     WARN  main            d.u.i.k.n.ParsingFacade   /home/runner/work/key/key/key.core/../key.ui/examples/standard_key/arith/overflow_hija.key.proof took 0 ms to parse. 
191884     WARN  main            d.u.i.k.n.ParsingFacade   Parsing time 404 ms. 
191885     INFO  main            d.u.i.k.p.i.AbstractProblemLoader Creating init config 
192580     WARN  main            d.u.i.k.n.ParsingFacade   file:/home/runner/work/key/key/key.core/build/resources/main/de/uka/ilkd/key/java/JavaRedux/java/lang/String.key took 1 ms to parse. 
192580     WARN  main            d.u.i.k.n.ParsingFacade   Parsing time 405 ms. 
194081     DEBUG main            d.u.i.k.p.i.AbstractProblemLoader Init config took 2.2s 
194098     INFO  main            d.u.i.k.p.i.AbstractProblemLoader Replaying proof overflow_hija.key.proof 
194447     DEBUG main            d.u.i.k.p.i.IntermediateProofReplayer Proof replay took 339.2ms 
194448     WARN  main            d.u.i.k.n.ParsingFacade   /home/runner/work/key/key/key.core/../key.ui/examples/standard_key/arith/overflow_hija.key.proof took 0 ms to parse. 
194449     WARN  main            d.u.i.k.n.ParsingFacade   Parsing time 405 ms. 
194449     DEBUG main            d.u.i.k.p.r.p.TestFile    ... success: reloaded. 
194450     INFO  main            d.u.i.k.p.r.p.TestFile    Now processing file /home/runner/work/key/key/key.core/../key.ui/examples/standard_key/arith/poly_division0.key 
194450     INFO  main            d.u.i.k.p.i.AbstractProblemLoader Loading environment from /home/runner/work/key/key/key.core/../key.ui/examples/standard_key/arith/poly_division0.key 
194450     DEBUG main            d.u.i.k.p.i.AbstractProblemLoader Environment load took 191.2ns 
194451     WARN  main            d.u.i.k.n.ParsingFacade   /home/runner/work/key/key/key.core/../key.ui/examples/standard_key/arith/poly_division0.key took 0 ms to parse. 
194451     WARN  main            d.u.i.k.n.ParsingFacade   Parsing time 405 ms. 
194452     INFO  main            d.u.i.k.p.i.AbstractProblemLoader Creating init config 
195168     WARN  main            d.u.i.k.n.ParsingFacade   file:/home/runner/work/key/key/key.core/build/resources/main/de/uka/ilkd/key/java/JavaRedux/java/lang/String.key took 1 ms to parse. 
195168     WARN  main            d.u.i.k.n.ParsingFacade   Parsing time 406 ms. 
196715     DEBUG main            d.u.i.k.p.i.AbstractProblemLoader Init config took 2.26s 
196728     INFO  main            d.u.i.k.p.i.AbstractProblemLoader Replaying proof poly_division0.key 
196729     DEBUG main            d.u.i.k.p.i.IntermediateProofReplayer Proof replay took 7ns 
196730     WARN  main            d.u.i.k.n.ParsingFacade   /home/runner/work/key/key/key.core/../key.ui/examples/standard_key/arith/poly_division0.key took 0 ms to parse. 
196730     WARN  main            d.u.i.k.n.ParsingFacade   Parsing time 406 ms. 
196835     INFO  main            d.u.i.k.p.r.p.TestFile    ... finished proof: closed. 
197136     INFO  main            d.u.i.k.p.i.AbstractProblemLoader Loading environment from /home/runner/work/key/key/key.core/../key.ui/examples/standard_key/arith/poly_division0.key.proof 
197136     DEBUG main            d.u.i.k.p.i.AbstractProblemLoader Environment load took 92.7ns 
197137     WARN  main            d.u.i.k.n.ParsingFacade   /home/runner/work/key/key/key.core/../key.ui/examples/standard_key/arith/poly_division0.key.proof took 0 ms to parse. 
197137     WARN  main            d.u.i.k.n.ParsingFacade   Parsing time 406 ms. 
197138     INFO  main            d.u.i.k.p.i.AbstractProblemLoader Creating init config 
197843     WARN  main            d.u.i.k.n.ParsingFacade   file:/home/runner/work/key/key/key.core/build/resources/main/de/uka/ilkd/key/java/JavaRedux/java/lang/String.key took 1 ms to parse. 
197843     WARN  main            d.u.i.k.n.ParsingFacade   Parsing time 407 ms. 
199309     DEBUG main            d.u.i.k.p.i.AbstractProblemLoader Init config took 2.17s 
199322     INFO  main            d.u.i.k.p.i.AbstractProblemLoader Replaying proof poly_division0.key.proof 
199332     DEBUG main            d.u.i.k.p.i.IntermediateProofReplayer Proof replay took 7.35ms 
199332     WARN  main            d.u.i.k.n.ParsingFacade   /home/runner/work/key/key/key.core/../key.ui/examples/standard_key/arith/poly_division0.key.proof took 0 ms to parse. 
199332     WARN  main            d.u.i.k.n.ParsingFacade   Parsing time 407 ms. 
199333     DEBUG main            d.u.i.k.p.r.p.TestFile    ... success: reloaded. 
199333     INFO  main            d.u.i.k.p.r.p.TestFile    Now processing file /home/runner/work/key/key/key.core/../key.ui/examples/standard_key/arith/poly_division1.key 
199333     INFO  main            d.u.i.k.p.i.AbstractProblemLoader Loading environment from /home/runner/work/key/key/key.core/../key.ui/examples/standard_key/arith/poly_division1.key 
199333     DEBUG main            d.u.i.k.p.i.AbstractProblemLoader Environment load took 60.4ns 
199333     WARN  main            d.u.i.k.n.ParsingFacade   /home/runner/work/key/key/key.core/../key.ui/examples/standard_key/arith/poly_division1.key took 0 ms to parse. 
199333     WARN  main            d.u.i.k.n.ParsingFacade   Parsing time 407 ms. 
199334     INFO  main            d.u.i.k.p.i.AbstractProblemLoader Creating init config 
200037     WARN  main            d.u.i.k.n.ParsingFacade   file:/home/runner/work/key/key/key.core/build/resources/main/de/uka/ilkd/key/java/JavaRedux/java/lang/String.key took 1 ms to parse. 
200037     WARN  main            d.u.i.k.n.ParsingFacade   Parsing time 408 ms. 
201542     DEBUG main            d.u.i.k.p.i.AbstractProblemLoader Init config took 2.21s 
201555     INFO  main            d.u.i.k.p.i.AbstractProblemLoader Replaying proof poly_division1.key 
201556     DEBUG main            d.u.i.k.p.i.IntermediateProofReplayer Proof replay took 6.8ns 
201556     WARN  main            d.u.i.k.n.ParsingFacade   /home/runner/work/key/key/key.core/../key.ui/examples/standard_key/arith/poly_division1.key took 0 ms to parse. 
201556     WARN  main            d.u.i.k.n.ParsingFacade   Parsing time 408 ms. 
201657     INFO  main            d.u.i.k.p.r.p.TestFile    ... finished proof: closed. 
201908     INFO  main            d.u.i.k.p.i.AbstractProblemLoader Loading environment from /home/runner/work/key/key/key.core/../key.ui/examples/standard_key/arith/poly_division1.key.proof 
201908     DEBUG main            d.u.i.k.p.i.AbstractProblemLoader Environment load took 81.5ns 
201908     WARN  main            d.u.i.k.n.ParsingFacade   /home/runner/work/key/key/key.core/../key.ui/examples/standard_key/arith/poly_division1.key.proof took 0 ms to parse. 
201908     WARN  main            d.u.i.k.n.ParsingFacade   Parsing time 408 ms. 
201909     INFO  main            d.u.i.k.p.i.AbstractProblemLoader Creating init config 
202611     WARN  main            d.u.i.k.n.ParsingFacade   file:/home/runner/work/key/key/key.core/build/resources/main/de/uka/ilkd/key/java/JavaRedux/java/lang/String.key took 1 ms to parse. 
202611     WARN  main            d.u.i.k.n.ParsingFacade   Parsing time 409 ms. 
204099     DEBUG main            d.u.i.k.p.i.AbstractProblemLoader Init config took 2.19s 
204112     INFO  main            d.u.i.k.p.i.AbstractProblemLoader Replaying proof poly_division1.key.proof 
204120     DEBUG main            d.u.i.k.p.i.IntermediateProofReplayer Proof replay took 5.6ms 
204120     WARN  main            d.u.i.k.n.ParsingFacade   /home/runner/work/key/key/key.core/../key.ui/examples/standard_key/arith/poly_division1.key.proof took 0 ms to parse. 
204120     WARN  main            d.u.i.k.n.ParsingFacade   Parsing time 409 ms. 
204120     DEBUG main            d.u.i.k.p.r.p.TestFile    ... success: reloaded. 
204121     INFO  main            d.u.i.k.p.r.p.TestFile    Now processing file /home/runner/work/key/key/key.core/../key.ui/examples/standard_key/inEqSimp/division.key 
204121     INFO  main            d.u.i.k.p.i.AbstractProblemLoader Loading environment from /home/runner/work/key/key/key.core/../key.ui/examples/standard_key/inEqSimp/division.key 
204121     DEBUG main            d.u.i.k.p.i.AbstractProblemLoader Environment load took 41.5ns 
204121     WARN  main            d.u.i.k.n.ParsingFacade   /home/runner/work/key/key/key.core/../key.ui/examples/standard_key/inEqSimp/division.key took 0 ms to parse. 
204121     WARN  main            d.u.i.k.n.ParsingFacade   Parsing time 409 ms. 
204122     INFO  main            d.u.i.k.p.i.AbstractProblemLoader Creating init config 
204824     WARN  main            d.u.i.k.n.ParsingFacade   file:/home/runner/work/key/key/key.core/build/resources/main/de/uka/ilkd/key/java/JavaRedux/java/lang/String.key took 1 ms to parse. 
204824     WARN  main            d.u.i.k.n.ParsingFacade   Parsing time 410 ms. 
206336     DEBUG main            d.u.i.k.p.i.AbstractProblemLoader Init config took 2.21s 
206349     INFO  main            d.u.i.k.p.i.AbstractProblemLoader Replaying proof division.key 
206350     DEBUG main            d.u.i.k.p.i.IntermediateProofReplayer Proof replay took 6ns 
206350     WARN  main            d.u.i.k.n.ParsingFacade   /home/runner/work/key/key/key.core/../key.ui/examples/standard_key/inEqSimp/division.key took 0 ms to parse. 
206350     WARN  main            d.u.i.k.n.ParsingFacade   Parsing time 410 ms. 
208364     INFO  main            d.u.i.k.p.r.p.TestFile    ... finished proof: closed. 
208638     INFO  main            d.u.i.k.p.i.AbstractProblemLoader Loading environment from /home/runner/work/key/key/key.core/../key.ui/examples/standard_key/inEqSimp/division.key.proof 
208639     DEBUG main            d.u.i.k.p.i.AbstractProblemLoader Environment load took 298.5ns 
208640     WARN  main            d.u.i.k.n.ParsingFacade   /home/runner/work/key/key/key.core/../key.ui/examples/standard_key/inEqSimp/division.key.proof took 0 ms to parse. 
208640     WARN  main            d.u.i.k.n.ParsingFacade   Parsing time 410 ms. 
208640     INFO  main            d.u.i.k.p.i.AbstractProblemLoader Creating init config 
209328     WARN  main            d.u.i.k.n.ParsingFacade   file:/home/runner/work/key/key/key.core/build/resources/main/de/uka/ilkd/key/java/JavaRedux/java/lang/String.key took 1 ms to parse. 
209328     WARN  main            d.u.i.k.n.ParsingFacade   Parsing time 411 ms. 
210809     DEBUG main            d.u.i.k.p.i.AbstractProblemLoader Init config took 2.17s 
210823     INFO  main            d.u.i.k.p.i.AbstractProblemLoader Replaying proof division.key.proof 
210909     DEBUG main            d.u.i.k.p.i.IntermediateProofReplayer Proof replay took 75.5ms 
210910     WARN  main            d.u.i.k.n.ParsingFacade   /home/runner/work/key/key/key.core/../key.ui/examples/standard_key/inEqSimp/division.key.proof took 0 ms to parse. 
210910     WARN  main            d.u.i.k.n.ParsingFacade   Parsing time 411 ms. 
210910     DEBUG main            d.u.i.k.p.r.p.TestFile    ... success: reloaded. 
210911     INFO  main            d.u.i.k.p.r.p.TestFile    Now processing file /home/runner/work/key/key/key.core/../key.ui/examples/standard_key/inEqSimp/inequations0.key 
210912     INFO  main            d.u.i.k.p.i.AbstractProblemLoader Loading environment from /home/runner/work/key/key/key.core/../key.ui/examples/standard_key/inEqSimp/inequations0.key 
210912     DEBUG main            d.u.i.k.p.i.AbstractProblemLoader Environment load took 159.1ns 
210912     WARN  main            d.u.i.k.n.ParsingFacade   /home/runner/work/key/key/key.core/../key.ui/examples/standard_key/inEqSimp/inequations0.key took 0 ms to parse. 
210912     WARN  main            d.u.i.k.n.ParsingFacade   Parsing time 411 ms. 
210913     INFO  main            d.u.i.k.p.i.AbstractProblemLoader Creating init config 
211629     WARN  main            d.u.i.k.n.ParsingFacade   file:/home/runner/work/key/key/key.core/build/resources/main/de/uka/ilkd/key/java/JavaRedux/java/lang/String.key took 1 ms to parse. 
211630     WARN  main            d.u.i.k.n.ParsingFacade   Parsing time 412 ms. 
213190     DEBUG main            d.u.i.k.p.i.AbstractProblemLoader Init config took 2.28s 
213203     INFO  main            d.u.i.k.p.i.AbstractProblemLoader Replaying proof inequations0.key 
213204     DEBUG main            d.u.i.k.p.i.IntermediateProofReplayer Proof replay took 39ns 
213204     WARN  main            d.u.i.k.n.ParsingFacade   /home/runner/work/key/key/key.core/../key.ui/examples/standard_key/inEqSimp/inequations0.key took 0 ms to parse. 
213204     WARN  main            d.u.i.k.n.ParsingFacade   Parsing time 412 ms. 
213305     INFO  main            d.u.i.k.p.r.p.TestFile    ... finished proof: closed. 
213595     INFO  main            d.u.i.k.p.i.AbstractProblemLoader Loading environment from /home/runner/work/key/key/key.core/../key.ui/examples/standard_key/inEqSimp/inequations0.key.proof 
213595     DEBUG main            d.u.i.k.p.i.AbstractProblemLoader Environment load took 80.9ns 
213595     WARN  main            d.u.i.k.n.ParsingFacade   /home/runner/work/key/key/key.core/../key.ui/examples/standard_key/inEqSimp/inequations0.key.proof took 0 ms to parse. 
213595     WARN  main            d.u.i.k.n.ParsingFacade   Parsing time 412 ms. 
213596     INFO  main            d.u.i.k.p.i.AbstractProblemLoader Creating init config 
214283     WARN  main            d.u.i.k.n.ParsingFacade   file:/home/runner/work/key/key/key.core/build/resources/main/de/uka/ilkd/key/java/JavaRedux/java/lang/String.key took 1 ms to parse. 
214283     WARN  main            d.u.i.k.n.ParsingFacade   Parsing time 413 ms. 
215749     DEBUG main            d.u.i.k.p.i.AbstractProblemLoader Init config took 2.15s 
215762     INFO  main            d.u.i.k.p.i.AbstractProblemLoader Replaying proof inequations0.key.proof 
215765     DEBUG main            d.u.i.k.p.i.IntermediateProofReplayer Proof replay took 2.03ms 
215765     WARN  main            d.u.i.k.n.ParsingFacade   /home/runner/work/key/key/key.core/../key.ui/examples/standard_key/inEqSimp/inequations0.key.proof took 0 ms to parse. 
215766     WARN  main            d.u.i.k.n.ParsingFacade   Parsing time 413 ms. 
215766     DEBUG main            d.u.i.k.p.r.p.TestFile    ... success: reloaded. 
215766     INFO  main            d.u.i.k.p.r.p.TestFile    Now processing file /home/runner/work/key/key/key.core/../key.ui/examples/standard_key/inEqSimp/inequations1.key 
215766     INFO  main            d.u.i.k.p.i.AbstractProblemLoader Loading environment from /home/runner/work/key/key/key.core/../key.ui/examples/standard_key/inEqSimp/inequations1.key 
215766     DEBUG main            d.u.i.k.p.i.AbstractProblemLoader Environment load took 77ns 
215767     WARN  main            d.u.i.k.n.ParsingFacade   /home/runner/work/key/key/key.core/../key.ui/examples/standard_key/inEqSimp/inequations1.key took 0 ms to parse. 
215767     WARN  main            d.u.i.k.n.ParsingFacade   Parsing time 413 ms. 
215767     INFO  main            d.u.i.k.p.i.AbstractProblemLoader Creating init config 
216467     WARN  main            d.u.i.k.n.ParsingFacade   file:/home/runner/work/key/key/key.core/build/resources/main/de/uka/ilkd/key/java/JavaRedux/java/lang/String.key took 1 ms to parse. 
216467     WARN  main            d.u.i.k.n.ParsingFacade   Parsing time 414 ms. 
217991     DEBUG main            d.u.i.k.p.i.AbstractProblemLoader Init config took 2.22s 
218004     INFO  main            d.u.i.k.p.i.AbstractProblemLoader Replaying proof inequations1.key 
218005     DEBUG main            d.u.i.k.p.i.IntermediateProofReplayer Proof replay took 2.4ns 
218005     WARN  main            d.u.i.k.n.ParsingFacade   /home/runner/work/key/key/key.core/../key.ui/examples/standard_key/inEqSimp/inequations1.key took 0 ms to parse. 
218005     WARN  main            d.u.i.k.n.ParsingFacade   Parsing time 414 ms. 
218106     INFO  main            d.u.i.k.p.r.p.TestFile    ... finished proof: closed. 
218370     INFO  main            d.u.i.k.p.i.AbstractProblemLoader Loading environment from /home/runner/work/key/key/key.core/../key.ui/examples/standard_key/inEqSimp/inequations1.key.proof 
218370     DEBUG main            d.u.i.k.p.i.AbstractProblemLoader Environment load took 78.1ns 
218370     WARN  main            d.u.i.k.n.ParsingFacade   /home/runner/work/key/key/key.core/../key.ui/examples/standard_key/inEqSimp/inequations1.key.proof took 0 ms to parse. 
218370     WARN  main            d.u.i.k.n.ParsingFacade   Parsing time 414 ms. 
218371     INFO  main            d.u.i.k.p.i.AbstractProblemLoader Creating init config 
219057     WARN  main            d.u.i.k.n.ParsingFacade   file:/home/runner/work/key/key/key.core/build/resources/main/de/uka/ilkd/key/java/JavaRedux/java/lang/String.key took 1 ms to parse. 
219057     WARN  main            d.u.i.k.n.ParsingFacade   Parsing time 415 ms. 
220543     DEBUG main            d.u.i.k.p.i.AbstractProblemLoader Init config took 2.17s 
220557     INFO  main            d.u.i.k.p.i.AbstractProblemLoader Replaying proof inequations1.key.proof 
220560     DEBUG main            d.u.i.k.p.i.IntermediateProofReplayer Proof replay took 1.16ms 
220560     WARN  main            d.u.i.k.n.ParsingFacade   /home/runner/work/key/key/key.core/../key.ui/examples/standard_key/inEqSimp/inequations1.key.proof took 0 ms to parse. 
220560     WARN  main            d.u.i.k.n.ParsingFacade   Parsing time 415 ms. 
220560     DEBUG main            d.u.i.k.p.r.p.TestFile    ... success: reloaded. 
220561     INFO  main            d.u.i.k.p.r.p.TestFile    Now processing file /home/runner/work/key/key/key.core/../key.ui/examples/standard_key/inEqSimp/inequations2.key 
220561     INFO  main            d.u.i.k.p.i.AbstractProblemLoader Loading environment from /home/runner/work/key/key/key.core/../key.ui/examples/standard_key/inEqSimp/inequations2.key 
220561     DEBUG main            d.u.i.k.p.i.AbstractProblemLoader Environment load took 42.6ns 
220561     WARN  main            d.u.i.k.n.ParsingFacade   /home/runner/work/key/key/key.core/../key.ui/examples/standard_key/inEqSimp/inequations2.key took 0 ms to parse. 
220561     WARN  main            d.u.i.k.n.ParsingFacade   Parsing time 415 ms. 
220562     INFO  main            d.u.i.k.p.i.AbstractProblemLoader Creating init config 
221253     WARN  main            d.u.i.k.n.ParsingFacade   file:/home/runner/work/key/key/key.core/build/resources/main/de/uka/ilkd/key/java/JavaRedux/java/lang/String.key took 1 ms to parse. 
221253     WARN  main            d.u.i.k.n.ParsingFacade   Parsing time 416 ms. 
222763     DEBUG main            d.u.i.k.p.i.AbstractProblemLoader Init config took 2.2s 
222776     INFO  main            d.u.i.k.p.i.AbstractProblemLoader Replaying proof inequations2.key 
222777     DEBUG main            d.u.i.k.p.i.IntermediateProofReplayer Proof replay took 2.3ns 
222777     WARN  main            d.u.i.k.n.ParsingFacade   /home/runner/work/key/key/key.core/../key.ui/examples/standard_key/inEqSimp/inequations2.key took 0 ms to parse. 
222777     WARN  main            d.u.i.k.n.ParsingFacade   Parsing time 416 ms. 
222885     INFO  main            d.u.i.k.p.r.p.TestFile    ... finished proof: closed. 
223147     INFO  main            d.u.i.k.p.i.AbstractProblemLoader Loading environment from /home/runner/work/key/key/key.core/../key.ui/examples/standard_key/inEqSimp/inequations2.key.proof 
223147     DEBUG main            d.u.i.k.p.i.AbstractProblemLoader Environment load took 84.4ns 
223147     WARN  main            d.u.i.k.n.ParsingFacade   /home/runner/work/key/key/key.core/../key.ui/examples/standard_key/inEqSimp/inequations2.key.proof took 0 ms to parse. 
223147     WARN  main            d.u.i.k.n.ParsingFacade   Parsing time 416 ms. 
223148     INFO  main            d.u.i.k.p.i.AbstractProblemLoader Creating init config 
223835     WARN  main            d.u.i.k.n.ParsingFacade   file:/home/runner/work/key/key/key.core/build/resources/main/de/uka/ilkd/key/java/JavaRedux/java/lang/String.key took 1 ms to parse. 
223835     WARN  main            d.u.i.k.n.ParsingFacade   Parsing time 417 ms. 
225317     DEBUG main            d.u.i.k.p.i.AbstractProblemLoader Init config took 2.17s 
225330     INFO  main            d.u.i.k.p.i.AbstractProblemLoader Replaying proof inequations2.key.proof 
225334     DEBUG main            d.u.i.k.p.i.IntermediateProofReplayer Proof replay took 1.38ms 
225334     WARN  main            d.u.i.k.n.ParsingFacade   /home/runner/work/key/key/key.core/../key.ui/examples/standard_key/inEqSimp/inequations2.key.proof took 0 ms to parse. 
225334     WARN  main            d.u.i.k.n.ParsingFacade   Parsing time 417 ms. 
225334     DEBUG main            d.u.i.k.p.r.p.TestFile    ... success: reloaded. 
225335     INFO  main            d.u.i.k.p.r.p.TestFile    Now processing file /home/runner/work/key/key/key.core/../key.ui/examples/standard_key/inEqSimp/linApprox.key 
225335     INFO  main            d.u.i.k.p.i.AbstractProblemLoader Loading environment from /home/runner/work/key/key/key.core/../key.ui/examples/standard_key/inEqSimp/linApprox.key 
225335     DEBUG main            d.u.i.k.p.i.AbstractProblemLoader Environment load took 69ns 
225335     WARN  main            d.u.i.k.n.ParsingFacade   /home/runner/work/key/key/key.core/../key.ui/examples/standard_key/inEqSimp/linApprox.key took 0 ms to parse. 
225335     WARN  main            d.u.i.k.n.ParsingFacade   Parsing time 417 ms. 
225336     INFO  main            d.u.i.k.p.i.AbstractProblemLoader Creating init config 
226053     WARN  main            d.u.i.k.n.ParsingFacade   file:/home/runner/work/key/key/key.core/build/resources/main/de/uka/ilkd/key/java/JavaRedux/java/lang/String.key took 1 ms to parse. 
226053     WARN  main            d.u.i.k.n.ParsingFacade   Parsing time 418 ms. 
227547     DEBUG main            d.u.i.k.p.i.AbstractProblemLoader Init config took 2.21s 
227560     INFO  main            d.u.i.k.p.i.AbstractProblemLoader Replaying proof linApprox.key 
227561     DEBUG main            d.u.i.k.p.i.IntermediateProofReplayer Proof replay took 2.4ns 
227562     WARN  main            d.u.i.k.n.ParsingFacade   /home/runner/work/key/key/key.core/../key.ui/examples/standard_key/inEqSimp/linApprox.key took 1 ms to parse. 
227562     WARN  main            d.u.i.k.n.ParsingFacade   Parsing time 419 ms. 
227664     INFO  main            d.u.i.k.p.r.p.TestFile    ... finished proof: closed. 
227937     INFO  main            d.u.i.k.p.i.AbstractProblemLoader Loading environment from /home/runner/work/key/key/key.core/../key.ui/examples/standard_key/inEqSimp/linApprox.key.proof 
227937     DEBUG main            d.u.i.k.p.i.AbstractProblemLoader Environment load took 76.4ns 
227937     WARN  main            d.u.i.k.n.ParsingFacade   /home/runner/work/key/key/key.core/../key.ui/examples/standard_key/inEqSimp/linApprox.key.proof took 0 ms to parse. 
227937     WARN  main            d.u.i.k.n.ParsingFacade   Parsing time 419 ms. 
227938     INFO  main            d.u.i.k.p.i.AbstractProblemLoader Creating init config 
228626     WARN  main            d.u.i.k.n.ParsingFacade   file:/home/runner/work/key/key/key.core/build/resources/main/de/uka/ilkd/key/java/JavaRedux/java/lang/String.key took 0 ms to parse. 
228626     WARN  main            d.u.i.k.n.ParsingFacade   Parsing time 419 ms. 
230100     DEBUG main            d.u.i.k.p.i.AbstractProblemLoader Init config took 2.16s 
230113     INFO  main            d.u.i.k.p.i.AbstractProblemLoader Replaying proof linApprox.key.proof 
230116     DEBUG main            d.u.i.k.p.i.IntermediateProofReplayer Proof replay took 2.38ms 
230117     WARN  main            d.u.i.k.n.ParsingFacade   /home/runner/work/key/key/key.core/../key.ui/examples/standard_key/inEqSimp/linApprox.key.proof took 1 ms to parse. 
230117     WARN  main            d.u.i.k.n.ParsingFacade   Parsing time 420 ms. 
230117     DEBUG main            d.u.i.k.p.r.p.TestFile    ... success: reloaded. 
230118     INFO  main            d.u.i.k.p.r.p.TestFile    Now processing file /home/runner/work/key/key/key.core/../key.ui/examples/standard_key/inEqSimp/nonLinInEqExample0.key 
230118     INFO  main            d.u.i.k.p.i.AbstractProblemLoader Loading environment from /home/runner/work/key/key/key.core/../key.ui/examples/standard_key/inEqSimp/nonLinInEqExample0.key 
230118     DEBUG main            d.u.i.k.p.i.AbstractProblemLoader Environment load took 98.8ns 
230118     WARN  main            d.u.i.k.n.ParsingFacade   /home/runner/work/key/key/key.core/../key.ui/examples/standard_key/inEqSimp/nonLinInEqExample0.key took 0 ms to parse. 
230118     WARN  main            d.u.i.k.n.ParsingFacade   Parsing time 420 ms. 
230119     INFO  main            d.u.i.k.p.i.AbstractProblemLoader Creating init config 
230818     WARN  main            d.u.i.k.n.ParsingFacade   file:/home/runner/work/key/key/key.core/build/resources/main/de/uka/ilkd/key/java/JavaRedux/java/lang/String.key took 1 ms to parse. 
230818     WARN  main            d.u.i.k.n.ParsingFacade   Parsing time 421 ms. 
232313     DEBUG main            d.u.i.k.p.i.AbstractProblemLoader Init config took 2.19s 
232326     INFO  main            d.u.i.k.p.i.AbstractProblemLoader Replaying proof nonLinInEqExample0.key 
232327     DEBUG main            d.u.i.k.p.i.IntermediateProofReplayer Proof replay took 2.8ns 
232328     WARN  main            d.u.i.k.n.ParsingFacade   /home/runner/work/key/key/key.core/../key.ui/examples/standard_key/inEqSimp/nonLinInEqExample0.key took 0 ms to parse. 
232328     WARN  main            d.u.i.k.n.ParsingFacade   Parsing time 421 ms. 
232429     INFO  main            d.u.i.k.p.r.p.TestFile    ... finished proof: closed. 
232710     INFO  main            d.u.i.k.p.i.AbstractProblemLoader Loading environment from /home/runner/work/key/key/key.core/../key.ui/examples/standard_key/inEqSimp/nonLinInEqExample0.key.proof 
232710     DEBUG main            d.u.i.k.p.i.AbstractProblemLoader Environment load took 82.2ns 
232710     WARN  main            d.u.i.k.n.ParsingFacade   /home/runner/work/key/key/key.core/../key.ui/examples/standard_key/inEqSimp/nonLinInEqExample0.key.proof took 0 ms to parse. 
232711     WARN  main            d.u.i.k.n.ParsingFacade   Parsing time 421 ms. 
232711     INFO  main            d.u.i.k.p.i.AbstractProblemLoader Creating init config 
233402     WARN  main            d.u.i.k.n.ParsingFacade   file:/home/runner/work/key/key/key.core/build/resources/main/de/uka/ilkd/key/java/JavaRedux/java/lang/String.key took 1 ms to parse. 
233402     WARN  main            d.u.i.k.n.ParsingFacade   Parsing time 422 ms. 
234878     DEBUG main            d.u.i.k.p.i.AbstractProblemLoader Init config took 2.17s 
234891     INFO  main            d.u.i.k.p.i.AbstractProblemLoader Replaying proof nonLinInEqExample0.key.proof 
234893     DEBUG main            d.u.i.k.p.i.IntermediateProofReplayer Proof replay took 818.72ns 
234894     WARN  main            d.u.i.k.n.ParsingFacade   /home/runner/work/key/key/key.core/../key.ui/examples/standard_key/inEqSimp/nonLinInEqExample0.key.proof took 0 ms to parse. 
234894     WARN  main            d.u.i.k.n.ParsingFacade   Parsing time 422 ms. 
234894     DEBUG main            d.u.i.k.p.r.p.TestFile    ... success: reloaded. 
234895     INFO  main            d.u.i.k.p.r.p.TestFile    Now processing file /home/runner/work/key/key/key.core/../key.ui/examples/standard_key/inEqSimp/nonLinInEqExample2.key 
234895     INFO  main            d.u.i.k.p.i.AbstractProblemLoader Loading environment from /home/runner/work/key/key/key.core/../key.ui/examples/standard_key/inEqSimp/nonLinInEqExample2.key 
234895     DEBUG main            d.u.i.k.p.i.AbstractProblemLoader Environment load took 68.8ns 
234895     WARN  main            d.u.i.k.n.ParsingFacade   /home/runner/work/key/key/key.core/../key.ui/examples/standard_key/inEqSimp/nonLinInEqExample2.key took 0 ms to parse. 
234895     WARN  main            d.u.i.k.n.ParsingFacade   Parsing time 422 ms. 
234896     INFO  main            d.u.i.k.p.i.AbstractProblemLoader Creating init config 
235595     WARN  main            d.u.i.k.n.ParsingFacade   file:/home/runner/work/key/key/key.core/build/resources/main/de/uka/ilkd/key/java/JavaRedux/java/lang/String.key took 1 ms to parse. 
235595     WARN  main            d.u.i.k.n.ParsingFacade   Parsing time 423 ms. 
237089     DEBUG main            d.u.i.k.p.i.AbstractProblemLoader Init config took 2.19s 
237102     INFO  main            d.u.i.k.p.i.AbstractProblemLoader Replaying proof nonLinInEqExample2.key 
237104     DEBUG main            d.u.i.k.p.i.IntermediateProofReplayer Proof replay took 2.5ns 
237104     WARN  main            d.u.i.k.n.ParsingFacade   /home/runner/work/key/key/key.core/../key.ui/examples/standard_key/inEqSimp/nonLinInEqExample2.key took 0 ms to parse. 
237104     WARN  main            d.u.i.k.n.ParsingFacade   Parsing time 423 ms. 
237407     INFO  main            d.u.i.k.p.r.p.TestFile    ... finished proof: closed. 
237691     INFO  main            d.u.i.k.p.i.AbstractProblemLoader Loading environment from /home/runner/work/key/key/key.core/../key.ui/examples/standard_key/inEqSimp/nonLinInEqExample2.key.proof 
237691     DEBUG main            d.u.i.k.p.i.AbstractProblemLoader Environment load took 85.6ns 
237691     WARN  main            d.u.i.k.n.ParsingFacade   /home/runner/work/key/key/key.core/../key.ui/examples/standard_key/inEqSimp/nonLinInEqExample2.key.proof took 0 ms to parse. 
237691     WARN  main            d.u.i.k.n.ParsingFacade   Parsing time 423 ms. 
237692     INFO  main            d.u.i.k.p.i.AbstractProblemLoader Creating init config 
238382     WARN  main            d.u.i.k.n.ParsingFacade   file:/home/runner/work/key/key/key.core/build/resources/main/de/uka/ilkd/key/java/JavaRedux/java/lang/String.key took 1 ms to parse. 
238382     WARN  main            d.u.i.k.n.ParsingFacade   Parsing time 424 ms. 
239860     DEBUG main            d.u.i.k.p.i.AbstractProblemLoader Init config took 2.17s 
239873     INFO  main            d.u.i.k.p.i.AbstractProblemLoader Replaying proof nonLinInEqExample2.key.proof 
239900     DEBUG main            d.u.i.k.p.i.IntermediateProofReplayer Proof replay took 24.07ms 
239900     WARN  main            d.u.i.k.n.ParsingFacade   /home/runner/work/key/key/key.core/../key.ui/examples/standard_key/inEqSimp/nonLinInEqExample2.key.proof took 0 ms to parse. 
239901     WARN  main            d.u.i.k.n.ParsingFacade   Parsing time 424 ms. 
239901     DEBUG main            d.u.i.k.p.r.p.TestFile    ... success: reloaded. 
239902     INFO  main            d.u.i.k.p.r.p.TestFile    Now processing file /home/runner/work/key/key/key.core/../key.ui/examples/standard_key/inEqSimp/nonLinInEqExample3.key 
239902     INFO  main            d.u.i.k.p.i.AbstractProblemLoader Loading environment from /home/runner/work/key/key/key.core/../key.ui/examples/standard_key/inEqSimp/nonLinInEqExample3.key 
239902     DEBUG main            d.u.i.k.p.i.AbstractProblemLoader Environment load took 64.9ns 
239902     WARN  main            d.u.i.k.n.ParsingFacade   /home/runner/work/key/key/key.core/../key.ui/examples/standard_key/inEqSimp/nonLinInEqExample3.key took 0 ms to parse. 
239902     WARN  main            d.u.i.k.n.ParsingFacade   Parsing time 424 ms. 
239903     INFO  main            d.u.i.k.p.i.AbstractProblemLoader Creating init config 
240625     WARN  main            d.u.i.k.n.ParsingFacade   file:/home/runner/work/key/key/key.core/build/resources/main/de/uka/ilkd/key/java/JavaRedux/java/lang/String.key took 1 ms to parse. 
240625     WARN  main            d.u.i.k.n.ParsingFacade   Parsing time 425 ms. 
242136     DEBUG main            d.u.i.k.p.i.AbstractProblemLoader Init config took 2.23s 
242148     INFO  main            d.u.i.k.p.i.AbstractProblemLoader Replaying proof nonLinInEqExample3.key 
242150     DEBUG main            d.u.i.k.p.i.IntermediateProofReplayer Proof replay took 2.7ns 
242150     WARN  main            d.u.i.k.n.ParsingFacade   /home/runner/work/key/key/key.core/../key.ui/examples/standard_key/inEqSimp/nonLinInEqExample3.key took 0 ms to parse. 
242150     WARN  main            d.u.i.k.n.ParsingFacade   Parsing time 425 ms. 
242352     INFO  main            d.u.i.k.p.r.p.TestFile    ... finished proof: closed. 
242660     INFO  main            d.u.i.k.p.i.AbstractProblemLoader Loading environment from /home/runner/work/key/key/key.core/../key.ui/examples/standard_key/inEqSimp/nonLinInEqExample3.key.proof 
242660     DEBUG main            d.u.i.k.p.i.AbstractProblemLoader Environment load took 84ns 
242660     WARN  main            d.u.i.k.n.ParsingFacade   /home/runner/work/key/key/key.core/../key.ui/examples/standard_key/inEqSimp/nonLinInEqExample3.key.proof took 0 ms to parse. 
242660     WARN  main            d.u.i.k.n.ParsingFacade   Parsing time 425 ms. 
242661     INFO  main            d.u.i.k.p.i.AbstractProblemLoader Creating init config 
243357     WARN  main            d.u.i.k.n.ParsingFacade   file:/home/runner/work/key/key/key.core/build/resources/main/de/uka/ilkd/key/java/JavaRedux/java/lang/String.key took 1 ms to parse. 
243358     WARN  main            d.u.i.k.n.ParsingFacade   Parsing time 426 ms. 
244831     DEBUG main            d.u.i.k.p.i.AbstractProblemLoader Init config took 2.17s 
244844     INFO  main            d.u.i.k.p.i.AbstractProblemLoader Replaying proof nonLinInEqExample3.key.proof 
244862     DEBUG main            d.u.i.k.p.i.IntermediateProofReplayer Proof replay took 15.43ms 
244862     WARN  main            d.u.i.k.n.ParsingFacade   /home/runner/work/key/key/key.core/../key.ui/examples/standard_key/inEqSimp/nonLinInEqExample3.key.proof took 0 ms to parse. 
244862     WARN  main            d.u.i.k.n.ParsingFacade   Parsing time 426 ms. 
244862     DEBUG main            d.u.i.k.p.r.p.TestFile    ... success: reloaded. 
244863     INFO  main            d.u.i.k.p.r.p.TestFile    Now processing file /home/runner/work/key/key/key.core/../key.ui/examples/standard_key/inEqSimp/nonLinInEqExample4.key 
244863     INFO  main            d.u.i.k.p.i.AbstractProblemLoader Loading environment from /home/runner/work/key/key/key.core/../key.ui/examples/standard_key/inEqSimp/nonLinInEqExample4.key 
244863     DEBUG main            d.u.i.k.p.i.AbstractProblemLoader Environment load took 79.2ns 
244864     WARN  main            d.u.i.k.n.ParsingFacade   /home/runner/work/key/key/key.core/../key.ui/examples/standard_key/inEqSimp/nonLinInEqExample4.key took 0 ms to parse. 
244864     WARN  main            d.u.i.k.n.ParsingFacade   Parsing time 426 ms. 
244864     INFO  main            d.u.i.k.p.i.AbstractProblemLoader Creating init config 
245564     WARN  main            d.u.i.k.n.ParsingFacade   file:/home/runner/work/key/key/key.core/build/resources/main/de/uka/ilkd/key/java/JavaRedux/java/lang/String.key took 1 ms to parse. 
245564     WARN  main            d.u.i.k.n.ParsingFacade   Parsing time 427 ms. 
247076     DEBUG main            d.u.i.k.p.i.AbstractProblemLoader Init config took 2.21s 
247088     INFO  main            d.u.i.k.p.i.AbstractProblemLoader Replaying proof nonLinInEqExample4.key 
247090     DEBUG main            d.u.i.k.p.i.IntermediateProofReplayer Proof replay took 2.7ns 
247090     WARN  main            d.u.i.k.n.ParsingFacade   /home/runner/work/key/key/key.core/../key.ui/examples/standard_key/inEqSimp/nonLinInEqExample4.key took 0 ms to parse. 
247090     WARN  main            d.u.i.k.n.ParsingFacade   Parsing time 427 ms. 
247192     INFO  main            d.u.i.k.p.r.p.TestFile    ... finished proof: closed. 
247498     INFO  main            d.u.i.k.p.i.AbstractProblemLoader Loading environment from /home/runner/work/key/key/key.core/../key.ui/examples/standard_key/inEqSimp/nonLinInEqExample4.key.proof 
247498     DEBUG main            d.u.i.k.p.i.AbstractProblemLoader Environment load took 86.9ns 
247498     WARN  main            d.u.i.k.n.ParsingFacade   /home/runner/work/key/key/key.core/../key.ui/examples/standard_key/inEqSimp/nonLinInEqExample4.key.proof took 0 ms to parse. 
247498     WARN  main            d.u.i.k.n.ParsingFacade   Parsing time 427 ms. 
247500     INFO  main            d.u.i.k.p.i.AbstractProblemLoader Creating init config 
248200     WARN  main            d.u.i.k.n.ParsingFacade   file:/home/runner/work/key/key/key.core/build/resources/main/de/uka/ilkd/key/java/JavaRedux/java/lang/String.key took 0 ms to parse. 
248200     WARN  main            d.u.i.k.n.ParsingFacade   Parsing time 427 ms. 
249678     DEBUG main            d.u.i.k.p.i.AbstractProblemLoader Init config took 2.18s 
249691     INFO  main            d.u.i.k.p.i.AbstractProblemLoader Replaying proof nonLinInEqExample4.key.proof 
249696     DEBUG main            d.u.i.k.p.i.IntermediateProofReplayer Proof replay took 3.27ms 
249696     WARN  main            d.u.i.k.n.ParsingFacade   /home/runner/work/key/key/key.core/../key.ui/examples/standard_key/inEqSimp/nonLinInEqExample4.key.proof took 0 ms to parse. 
249696     WARN  main            d.u.i.k.n.ParsingFacade   Parsing time 427 ms. 
249697     DEBUG main            d.u.i.k.p.r.p.TestFile    ... success: reloaded. 
249697     INFO  main            d.u.i.k.p.r.p.TestFile    Now processing file /home/runner/work/key/key/key.core/../key.ui/examples/standard_key/inEqSimp/quadraticInEq.key 
249697     INFO  main            d.u.i.k.p.i.AbstractProblemLoader Loading environment from /home/runner/work/key/key/key.core/../key.ui/examples/standard_key/inEqSimp/quadraticInEq.key 
249697     DEBUG main            d.u.i.k.p.i.AbstractProblemLoader Environment load took 42.1ns 
249698     WARN  main            d.u.i.k.n.ParsingFacade   /home/runner/work/key/key/key.core/../key.ui/examples/standard_key/inEqSimp/quadraticInEq.key took 0 ms to parse. 
249698     WARN  main            d.u.i.k.n.ParsingFacade   Parsing time 427 ms. 
249698     INFO  main            d.u.i.k.p.i.AbstractProblemLoader Creating init config 
250387     WARN  main            d.u.i.k.n.ParsingFacade   file:/home/runner/work/key/key/key.core/build/resources/main/de/uka/ilkd/key/java/JavaRedux/java/lang/String.key took 1 ms to parse. 
250387     WARN  main            d.u.i.k.n.ParsingFacade   Parsing time 428 ms. 
251894     DEBUG main            d.u.i.k.p.i.AbstractProblemLoader Init config took 2.2s 
251907     INFO  main            d.u.i.k.p.i.AbstractProblemLoader Replaying proof quadraticInEq.key 
251909     DEBUG main            d.u.i.k.p.i.IntermediateProofReplayer Proof replay took 2.3ns 
251909     WARN  main            d.u.i.k.n.ParsingFacade   /home/runner/work/key/key/key.core/../key.ui/examples/standard_key/inEqSimp/quadraticInEq.key took 0 ms to parse. 
251909     WARN  main            d.u.i.k.n.ParsingFacade   Parsing time 428 ms. 
252212     INFO  main            d.u.i.k.p.r.p.TestFile    ... finished proof: closed. 
252526     INFO  main            d.u.i.k.p.i.AbstractProblemLoader Loading environment from /home/runner/work/key/key/key.core/../key.ui/examples/standard_key/inEqSimp/quadraticInEq.key.proof 
252526     DEBUG main            d.u.i.k.p.i.AbstractProblemLoader Environment load took 140.5ns 
252527     WARN  main            d.u.i.k.n.ParsingFacade   /home/runner/work/key/key/key.core/../key.ui/examples/standard_key/inEqSimp/quadraticInEq.key.proof took 0 ms to parse. 
252527     WARN  main            d.u.i.k.n.ParsingFacade   Parsing time 428 ms. 
252528     INFO  main            d.u.i.k.p.i.AbstractProblemLoader Creating init config 
253211     WARN  main            d.u.i.k.n.ParsingFacade   file:/home/runner/work/key/key/key.core/build/resources/main/de/uka/ilkd/key/java/JavaRedux/java/lang/String.key took 1 ms to parse. 
253211     WARN  main            d.u.i.k.n.ParsingFacade   Parsing time 429 ms. 
254678     DEBUG main            d.u.i.k.p.i.AbstractProblemLoader Init config took 2.15s 
254691     INFO  main            d.u.i.k.p.i.AbstractProblemLoader Replaying proof quadraticInEq.key.proof 
254729     DEBUG main            d.u.i.k.p.i.IntermediateProofReplayer Proof replay took 33.8ms 
254729     WARN  main            d.u.i.k.n.ParsingFacade   /home/runner/work/key/key/key.core/../key.ui/examples/standard_key/inEqSimp/quadraticInEq.key.proof took 0 ms to parse. 
254729     WARN  main            d.u.i.k.n.ParsingFacade   Parsing time 429 ms. 
254730     DEBUG main            d.u.i.k.p.r.p.TestFile    ... success: reloaded. 
254730     INFO  main            d.u.i.k.p.r.p.TestFile    Now processing file /home/runner/work/key/key/key.core/../key.ui/examples/standard_key/inEqSimp/quadraticInEq10.key 
254731     INFO  main            d.u.i.k.p.i.AbstractProblemLoader Loading environment from /home/runner/work/key/key/key.core/../key.ui/examples/standard_key/inEqSimp/quadraticInEq10.key 
254731     DEBUG main            d.u.i.k.p.i.AbstractProblemLoader Environment load took 76.7ns 
254731     WARN  main            d.u.i.k.n.ParsingFacade   /home/runner/work/key/key/key.core/../key.ui/examples/standard_key/inEqSimp/quadraticInEq10.key took 0 ms to parse. 
254731     WARN  main            d.u.i.k.n.ParsingFacade   Parsing time 429 ms. 
254732     INFO  main            d.u.i.k.p.i.AbstractProblemLoader Creating init config 
255428     WARN  main            d.u.i.k.n.ParsingFacade   file:/home/runner/work/key/key/key.core/build/resources/main/de/uka/ilkd/key/java/JavaRedux/java/lang/String.key took 0 ms to parse. 
255429     WARN  main            d.u.i.k.n.ParsingFacade   Parsing time 429 ms. 
256919     DEBUG main            d.u.i.k.p.i.AbstractProblemLoader Init config took 2.19s 
256931     INFO  main            d.u.i.k.p.i.AbstractProblemLoader Replaying proof quadraticInEq10.key 
256933     DEBUG main            d.u.i.k.p.i.IntermediateProofReplayer Proof replay took 2.6ns 
256933     WARN  main            d.u.i.k.n.ParsingFacade   /home/runner/work/key/key/key.core/../key.ui/examples/standard_key/inEqSimp/quadraticInEq10.key took 0 ms to parse. 
256933     WARN  main            d.u.i.k.n.ParsingFacade   Parsing time 429 ms. 
257136     INFO  main            d.u.i.k.p.r.p.TestFile    ... finished proof: closed. 
257443     INFO  main            d.u.i.k.p.i.AbstractProblemLoader Loading environment from /home/runner/work/key/key/key.core/../key.ui/examples/standard_key/inEqSimp/quadraticInEq10.key.proof 
257443     DEBUG main            d.u.i.k.p.i.AbstractProblemLoader Environment load took 85.4ns 
257443     WARN  main            d.u.i.k.n.ParsingFacade   /home/runner/work/key/key/key.core/../key.ui/examples/standard_key/inEqSimp/quadraticInEq10.key.proof took 0 ms to parse. 
257443     WARN  main            d.u.i.k.n.ParsingFacade   Parsing time 429 ms. 
257444     INFO  main            d.u.i.k.p.i.AbstractProblemLoader Creating init config 
258129     WARN  main            d.u.i.k.n.ParsingFacade   file:/home/runner/work/key/key/key.core/build/resources/main/de/uka/ilkd/key/java/JavaRedux/java/lang/String.key took 1 ms to parse. 
258129     WARN  main            d.u.i.k.n.ParsingFacade   Parsing time 430 ms. 
259593     DEBUG main            d.u.i.k.p.i.AbstractProblemLoader Init config took 2.15s 
259605     INFO  main            d.u.i.k.p.i.AbstractProblemLoader Replaying proof quadraticInEq10.key.proof 
259621     DEBUG main            d.u.i.k.p.i.IntermediateProofReplayer Proof replay took 12.4ms 
259622     WARN  main            d.u.i.k.n.ParsingFacade   /home/runner/work/key/key/key.core/../key.ui/examples/standard_key/inEqSimp/quadraticInEq10.key.proof took 0 ms to parse. 
259622     WARN  main            d.u.i.k.n.ParsingFacade   Parsing time 430 ms. 
259622     DEBUG main            d.u.i.k.p.r.p.TestFile    ... success: reloaded. 
259623     INFO  main            d.u.i.k.p.r.p.TestFile    Now processing file /home/runner/work/key/key/key.core/../key.ui/examples/standard_key/inEqSimp/quadraticInEq13.key 
259623     INFO  main            d.u.i.k.p.i.AbstractProblemLoader Loading environment from /home/runner/work/key/key/key.core/../key.ui/examples/standard_key/inEqSimp/quadraticInEq13.key 
259623     DEBUG main            d.u.i.k.p.i.AbstractProblemLoader Environment load took 75.2ns 
259623     WARN  main            d.u.i.k.n.ParsingFacade   /home/runner/work/key/key/key.core/../key.ui/examples/standard_key/inEqSimp/quadraticInEq13.key took 0 ms to parse. 
259623     WARN  main            d.u.i.k.n.ParsingFacade   Parsing time 430 ms. 
259624     INFO  main            d.u.i.k.p.i.AbstractProblemLoader Creating init config 
260323     WARN  main            d.u.i.k.n.ParsingFacade   file:/home/runner/work/key/key/key.core/build/resources/main/de/uka/ilkd/key/java/JavaRedux/java/lang/String.key took 1 ms to parse. 
260323     WARN  main            d.u.i.k.n.ParsingFacade   Parsing time 431 ms. 
261840     DEBUG main            d.u.i.k.p.i.AbstractProblemLoader Init config took 2.22s 
261853     INFO  main            d.u.i.k.p.i.AbstractProblemLoader Replaying proof quadraticInEq13.key 
261857     DEBUG main            d.u.i.k.p.i.IntermediateProofReplayer Proof replay took 2.6ns 
261857     WARN  main            d.u.i.k.n.ParsingFacade   /home/runner/work/key/key/key.core/../key.ui/examples/standard_key/inEqSimp/quadraticInEq13.key took 0 ms to parse. 
261857     WARN  main            d.u.i.k.n.ParsingFacade   Parsing time 431 ms. 
262059     INFO  main            d.u.i.k.p.r.p.TestFile    ... finished proof: closed. 
262393     INFO  main            d.u.i.k.p.i.AbstractProblemLoader Loading environment from /home/runner/work/key/key/key.core/../key.ui/examples/standard_key/inEqSimp/quadraticInEq13.key.proof 
262393     DEBUG main            d.u.i.k.p.i.AbstractProblemLoader Environment load took 86.1ns 
262394     WARN  main            d.u.i.k.n.ParsingFacade   /home/runner/work/key/key/key.core/../key.ui/examples/standard_key/inEqSimp/quadraticInEq13.key.proof took 1 ms to parse. 
262394     WARN  main            d.u.i.k.n.ParsingFacade   Parsing time 432 ms. 
262394     INFO  main            d.u.i.k.p.i.AbstractProblemLoader Creating init config 
263078     WARN  main            d.u.i.k.n.ParsingFacade   file:/home/runner/work/key/key/key.core/build/resources/main/de/uka/ilkd/key/java/JavaRedux/java/lang/String.key took 1 ms to parse. 
263078     WARN  main            d.u.i.k.n.ParsingFacade   Parsing time 433 ms. 
264552     DEBUG main            d.u.i.k.p.i.AbstractProblemLoader Init config took 2.16s 
264565     INFO  main            d.u.i.k.p.i.AbstractProblemLoader Replaying proof quadraticInEq13.key.proof 
264581     DEBUG main            d.u.i.k.p.i.IntermediateProofReplayer Proof replay took 14.59ms 
264582     WARN  main            d.u.i.k.n.ParsingFacade   /home/runner/work/key/key/key.core/../key.ui/examples/standard_key/inEqSimp/quadraticInEq13.key.proof took 0 ms to parse. 
264582     WARN  main            d.u.i.k.n.ParsingFacade   Parsing time 433 ms. 
264582     DEBUG main            d.u.i.k.p.r.p.TestFile    ... success: reloaded. 
264583     INFO  main            d.u.i.k.p.r.p.TestFile    Now processing file /home/runner/work/key/key/key.core/../key.ui/examples/standard_key/inEqSimp/quadraticInEq14.key 
264583     INFO  main            d.u.i.k.p.i.AbstractProblemLoader Loading environment from /home/runner/work/key/key/key.core/../key.ui/examples/standard_key/inEqSimp/quadraticInEq14.key 
264583     DEBUG main            d.u.i.k.p.i.AbstractProblemLoader Environment load took 87.5ns 
264583     WARN  main            d.u.i.k.n.ParsingFacade   /home/runner/work/key/key/key.core/../key.ui/examples/standard_key/inEqSimp/quadraticInEq14.key took 0 ms to parse. 
264583     WARN  main            d.u.i.k.n.ParsingFacade   Parsing time 433 ms. 
264584     INFO  main            d.u.i.k.p.i.AbstractProblemLoader Creating init config 
265273     WARN  main            d.u.i.k.n.ParsingFacade   file:/home/runner/work/key/key/key.core/build/resources/main/de/uka/ilkd/key/java/JavaRedux/java/lang/String.key took 1 ms to parse. 
265273     WARN  main            d.u.i.k.n.ParsingFacade   Parsing time 434 ms. 
266781     DEBUG main            d.u.i.k.p.i.AbstractProblemLoader Init config took 2.2s 
266794     INFO  main            d.u.i.k.p.i.AbstractProblemLoader Replaying proof quadraticInEq14.key 
266795     DEBUG main            d.u.i.k.p.i.IntermediateProofReplayer Proof replay took 2.6ns 
266795     WARN  main            d.u.i.k.n.ParsingFacade   /home/runner/work/key/key/key.core/../key.ui/examples/standard_key/inEqSimp/quadraticInEq14.key took 0 ms to parse. 
266795     WARN  main            d.u.i.k.n.ParsingFacade   Parsing time 434 ms. 
267098     INFO  main            d.u.i.k.p.r.p.TestFile    ... finished proof: closed. 
267437     INFO  main            d.u.i.k.p.i.AbstractProblemLoader Loading environment from /home/runner/work/key/key/key.core/../key.ui/examples/standard_key/inEqSimp/quadraticInEq14.key.proof 
267437     DEBUG main            d.u.i.k.p.i.AbstractProblemLoader Environment load took 78.3ns 
267438     WARN  main            d.u.i.k.n.ParsingFacade   /home/runner/work/key/key/key.core/../key.ui/examples/standard_key/inEqSimp/quadraticInEq14.key.proof took 1 ms to parse. 
267438     WARN  main            d.u.i.k.n.ParsingFacade   Parsing time 435 ms. 
267438     INFO  main            d.u.i.k.p.i.AbstractProblemLoader Creating init config 
268121     WARN  main            d.u.i.k.n.ParsingFacade   file:/home/runner/work/key/key/key.core/build/resources/main/de/uka/ilkd/key/java/JavaRedux/java/lang/String.key took 1 ms to parse. 
268121     WARN  main            d.u.i.k.n.ParsingFacade   Parsing time 436 ms. 
269600     DEBUG main            d.u.i.k.p.i.AbstractProblemLoader Init config took 2.16s 
269613     INFO  main            d.u.i.k.p.i.AbstractProblemLoader Replaying proof quadraticInEq14.key.proof 
269633     DEBUG main            d.u.i.k.p.i.IntermediateProofReplayer Proof replay took 17.41ms 
269633     WARN  main            d.u.i.k.n.ParsingFacade   /home/runner/work/key/key/key.core/../key.ui/examples/standard_key/inEqSimp/quadraticInEq14.key.proof took 0 ms to parse. 
269633     WARN  main            d.u.i.k.n.ParsingFacade   Parsing time 436 ms. 
269634     DEBUG main            d.u.i.k.p.r.p.TestFile    ... success: reloaded. 
269634     INFO  main            d.u.i.k.p.r.p.TestFile    Now processing file /home/runner/work/key/key/key.core/../key.ui/examples/standard_key/inEqSimp/quadraticInEq2.key 
269635     INFO  main            d.u.i.k.p.i.AbstractProblemLoader Loading environment from /home/runner/work/key/key/key.core/../key.ui/examples/standard_key/inEqSimp/quadraticInEq2.key 
269635     DEBUG main            d.u.i.k.p.i.AbstractProblemLoader Environment load took 99.5ns 
269635     WARN  main            d.u.i.k.n.ParsingFacade   /home/runner/work/key/key/key.core/../key.ui/examples/standard_key/inEqSimp/quadraticInEq2.key took 0 ms to parse. 
269635     WARN  main            d.u.i.k.n.ParsingFacade   Parsing time 436 ms. 
269636     INFO  main            d.u.i.k.p.i.AbstractProblemLoader Creating init config 
270342     WARN  main            d.u.i.k.n.ParsingFacade   file:/home/runner/work/key/key/key.core/build/resources/main/de/uka/ilkd/key/java/JavaRedux/java/lang/String.key took 1 ms to parse. 
270342     WARN  main            d.u.i.k.n.ParsingFacade   Parsing time 437 ms. 
271841     DEBUG main            d.u.i.k.p.i.AbstractProblemLoader Init config took 2.21s 
271854     INFO  main            d.u.i.k.p.i.AbstractProblemLoader Replaying proof quadraticInEq2.key 
271855     DEBUG main            d.u.i.k.p.i.IntermediateProofReplayer Proof replay took 3.5ns 
271856     WARN  main            d.u.i.k.n.ParsingFacade   /home/runner/work/key/key/key.core/../key.ui/examples/standard_key/inEqSimp/quadraticInEq2.key took 0 ms to parse. 
271856     WARN  main            d.u.i.k.n.ParsingFacade   Parsing time 437 ms. 
271957     INFO  main            d.u.i.k.p.r.p.TestFile    ... finished proof: closed. 
272284     INFO  main            d.u.i.k.p.i.AbstractProblemLoader Loading environment from /home/runner/work/key/key/key.core/../key.ui/examples/standard_key/inEqSimp/quadraticInEq2.key.proof 
272284     DEBUG main            d.u.i.k.p.i.AbstractProblemLoader Environment load took 83.5ns 
272284     WARN  main            d.u.i.k.n.ParsingFacade   /home/runner/work/key/key/key.core/../key.ui/examples/standard_key/inEqSimp/quadraticInEq2.key.proof took 0 ms to parse. 
272284     WARN  main            d.u.i.k.n.ParsingFacade   Parsing time 437 ms. 
272285     INFO  main            d.u.i.k.p.i.AbstractProblemLoader Creating init config 
272967     WARN  main            d.u.i.k.n.ParsingFacade   file:/home/runner/work/key/key/key.core/build/resources/main/de/uka/ilkd/key/java/JavaRedux/java/lang/String.key took 1 ms to parse. 
272967     WARN  main            d.u.i.k.n.ParsingFacade   Parsing time 438 ms. 
274436     DEBUG main            d.u.i.k.p.i.AbstractProblemLoader Init config took 2.15s 
274449     INFO  main            d.u.i.k.p.i.AbstractProblemLoader Replaying proof quadraticInEq2.key.proof 
274452     DEBUG main            d.u.i.k.p.i.IntermediateProofReplayer Proof replay took 2.21ms 
274453     WARN  main            d.u.i.k.n.ParsingFacade   /home/runner/work/key/key/key.core/../key.ui/examples/standard_key/inEqSimp/quadraticInEq2.key.proof took 0 ms to parse. 
274453     WARN  main            d.u.i.k.n.ParsingFacade   Parsing time 438 ms. 
274453     DEBUG main            d.u.i.k.p.r.p.TestFile    ... success: reloaded. 
274454     INFO  main            d.u.i.k.p.r.p.TestFile    Now processing file /home/runner/work/key/key/key.core/../key.ui/examples/standard_key/inEqSimp/quadraticInEq3.key 
274454     INFO  main            d.u.i.k.p.i.AbstractProblemLoader Loading environment from /home/runner/work/key/key/key.core/../key.ui/examples/standard_key/inEqSimp/quadraticInEq3.key 
274454     DEBUG main            d.u.i.k.p.i.AbstractProblemLoader Environment load took 44.7ns 
274454     WARN  main            d.u.i.k.n.ParsingFacade   /home/runner/work/key/key/key.core/../key.ui/examples/standard_key/inEqSimp/quadraticInEq3.key took 0 ms to parse. 
274454     WARN  main            d.u.i.k.n.ParsingFacade   Parsing time 438 ms. 
274455     INFO  main            d.u.i.k.p.i.AbstractProblemLoader Creating init config 
275152     WARN  main            d.u.i.k.n.ParsingFacade   file:/home/runner/work/key/key/key.core/build/resources/main/de/uka/ilkd/key/java/JavaRedux/java/lang/String.key took 1 ms to parse. 
275152     WARN  main            d.u.i.k.n.ParsingFacade   Parsing time 439 ms. 
276645     DEBUG main            d.u.i.k.p.i.AbstractProblemLoader Init config took 2.19s 
276657     INFO  main            d.u.i.k.p.i.AbstractProblemLoader Replaying proof quadraticInEq3.key 
276658     DEBUG main            d.u.i.k.p.i.IntermediateProofReplayer Proof replay took 2.4ns 
276659     WARN  main            d.u.i.k.n.ParsingFacade   /home/runner/work/key/key/key.core/../key.ui/examples/standard_key/inEqSimp/quadraticInEq3.key took 1 ms to parse. 
276659     WARN  main            d.u.i.k.n.ParsingFacade   Parsing time 440 ms. 
276761     INFO  main            d.u.i.k.p.r.p.TestFile    ... finished proof: closed. 
277101     INFO  main            d.u.i.k.p.i.AbstractProblemLoader Loading environment from /home/runner/work/key/key/key.core/../key.ui/examples/standard_key/inEqSimp/quadraticInEq3.key.proof 
277101     DEBUG main            d.u.i.k.p.i.AbstractProblemLoader Environment load took 86ns 
277101     WARN  main            d.u.i.k.n.ParsingFacade   /home/runner/work/key/key/key.core/../key.ui/examples/standard_key/inEqSimp/quadraticInEq3.key.proof took 0 ms to parse. 
277101     WARN  main            d.u.i.k.n.ParsingFacade   Parsing time 440 ms. 
277102     INFO  main            d.u.i.k.p.i.AbstractProblemLoader Creating init config 
277783     WARN  main            d.u.i.k.n.ParsingFacade   file:/home/runner/work/key/key/key.core/build/resources/main/de/uka/ilkd/key/java/JavaRedux/java/lang/String.key took 1 ms to parse. 
277783     WARN  main            d.u.i.k.n.ParsingFacade   Parsing time 441 ms. 
279253     DEBUG main            d.u.i.k.p.i.AbstractProblemLoader Init config took 2.15s 
279266     INFO  main            d.u.i.k.p.i.AbstractProblemLoader Replaying proof quadraticInEq3.key.proof 
279273     DEBUG main            d.u.i.k.p.i.IntermediateProofReplayer Proof replay took 5ms 
279273     WARN  main            d.u.i.k.n.ParsingFacade   /home/runner/work/key/key/key.core/../key.ui/examples/standard_key/inEqSimp/quadraticInEq3.key.proof took 0 ms to parse. 
279273     WARN  main            d.u.i.k.n.ParsingFacade   Parsing time 441 ms. 
279273     DEBUG main            d.u.i.k.p.r.p.TestFile    ... success: reloaded. 
279274     INFO  main            d.u.i.k.p.r.p.TestFile    Now processing file /home/runner/work/key/key/key.core/../key.ui/examples/standard_key/inEqSimp/quadraticInEq4.key 
279274     INFO  main            d.u.i.k.p.i.AbstractProblemLoader Loading environment from /home/runner/work/key/key/key.core/../key.ui/examples/standard_key/inEqSimp/quadraticInEq4.key 
279274     DEBUG main            d.u.i.k.p.i.AbstractProblemLoader Environment load took 72.1ns 
279275     WARN  main            d.u.i.k.n.ParsingFacade   /home/runner/work/key/key/key.core/../key.ui/examples/standard_key/inEqSimp/quadraticInEq4.key took 0 ms to parse. 
279275     WARN  main            d.u.i.k.n.ParsingFacade   Parsing time 441 ms. 
279275     INFO  main            d.u.i.k.p.i.AbstractProblemLoader Creating init config 
279974     WARN  main            d.u.i.k.n.ParsingFacade   file:/home/runner/work/key/key/key.core/build/resources/main/de/uka/ilkd/key/java/JavaRedux/java/lang/String.key took 1 ms to parse. 
279974     WARN  main            d.u.i.k.n.ParsingFacade   Parsing time 442 ms. 
281475     DEBUG main            d.u.i.k.p.i.AbstractProblemLoader Init config took 2.2s 
281488     INFO  main            d.u.i.k.p.i.AbstractProblemLoader Replaying proof quadraticInEq4.key 
281489     DEBUG main            d.u.i.k.p.i.IntermediateProofReplayer Proof replay took 2.4ns 
281490     WARN  main            d.u.i.k.n.ParsingFacade   /home/runner/work/key/key/key.core/../key.ui/examples/standard_key/inEqSimp/quadraticInEq4.key took 0 ms to parse. 
281490     WARN  main            d.u.i.k.n.ParsingFacade   Parsing time 442 ms. 
281591     INFO  main            d.u.i.k.p.r.p.TestFile    ... finished proof: closed. 
281933     INFO  main            d.u.i.k.p.i.AbstractProblemLoader Loading environment from /home/runner/work/key/key/key.core/../key.ui/examples/standard_key/inEqSimp/quadraticInEq4.key.proof 
281933     DEBUG main            d.u.i.k.p.i.AbstractProblemLoader Environment load took 80.2ns 
281934     WARN  main            d.u.i.k.n.ParsingFacade   /home/runner/work/key/key/key.core/../key.ui/examples/standard_key/inEqSimp/quadraticInEq4.key.proof took 1 ms to parse. 
281934     WARN  main            d.u.i.k.n.ParsingFacade   Parsing time 443 ms. 
281934     INFO  main            d.u.i.k.p.i.AbstractProblemLoader Creating init config 
282617     WARN  main            d.u.i.k.n.ParsingFacade   file:/home/runner/work/key/key/key.core/build/resources/main/de/uka/ilkd/key/java/JavaRedux/java/lang/String.key took 1 ms to parse. 
282617     WARN  main            d.u.i.k.n.ParsingFacade   Parsing time 444 ms. 
284087     DEBUG main            d.u.i.k.p.i.AbstractProblemLoader Init config took 2.15s 
284104     INFO  main            d.u.i.k.p.i.AbstractProblemLoader Replaying proof quadraticInEq4.key.proof 
284110     DEBUG main            d.u.i.k.p.i.IntermediateProofReplayer Proof replay took 3.85ms 
284110     WARN  main            d.u.i.k.n.ParsingFacade   /home/runner/work/key/key/key.core/../key.ui/examples/standard_key/inEqSimp/quadraticInEq4.key.proof took 0 ms to parse. 
284110     WARN  main            d.u.i.k.n.ParsingFacade   Parsing time 444 ms. 
284110     DEBUG main            d.u.i.k.p.r.p.TestFile    ... success: reloaded. 
284111     INFO  main            d.u.i.k.p.r.p.TestFile    Now processing file /home/runner/work/key/key/key.core/../key.ui/examples/standard_key/inEqSimp/quadraticInEq5.key 
284111     INFO  main            d.u.i.k.p.i.AbstractProblemLoader Loading environment from /home/runner/work/key/key/key.core/../key.ui/examples/standard_key/inEqSimp/quadraticInEq5.key 
284111     DEBUG main            d.u.i.k.p.i.AbstractProblemLoader Environment load took 88.8ns 
284111     WARN  main            d.u.i.k.n.ParsingFacade   /home/runner/work/key/key/key.core/../key.ui/examples/standard_key/inEqSimp/quadraticInEq5.key took 0 ms to parse. 
284111     WARN  main            d.u.i.k.n.ParsingFacade   Parsing time 444 ms. 
284112     INFO  main            d.u.i.k.p.i.AbstractProblemLoader Creating init config 
284810     WARN  main            d.u.i.k.n.ParsingFacade   file:/home/runner/work/key/key/key.core/build/resources/main/de/uka/ilkd/key/java/JavaRedux/java/lang/String.key took 1 ms to parse. 
284811     WARN  main            d.u.i.k.n.ParsingFacade   Parsing time 445 ms. 
286344     DEBUG main            d.u.i.k.p.i.AbstractProblemLoader Init config took 2.23s 
286357     INFO  main            d.u.i.k.p.i.AbstractProblemLoader Replaying proof quadraticInEq5.key 
286364     DEBUG main            d.u.i.k.p.i.IntermediateProofReplayer Proof replay took 3.4ns 
286365     WARN  main            d.u.i.k.n.ParsingFacade   /home/runner/work/key/key/key.core/../key.ui/examples/standard_key/inEqSimp/quadraticInEq5.key took 0 ms to parse. 
286365     WARN  main            d.u.i.k.n.ParsingFacade   Parsing time 445 ms. 
286466     INFO  main            d.u.i.k.p.r.p.TestFile    ... finished proof: closed. 
286817     INFO  main            d.u.i.k.p.i.AbstractProblemLoader Loading environment from /home/runner/work/key/key/key.core/../key.ui/examples/standard_key/inEqSimp/quadraticInEq5.key.proof 
286817     DEBUG main            d.u.i.k.p.i.AbstractProblemLoader Environment load took 78.2ns 
286817     WARN  main            d.u.i.k.n.ParsingFacade   /home/runner/work/key/key/key.core/../key.ui/examples/standard_key/inEqSimp/quadraticInEq5.key.proof took 0 ms to parse. 
286817     WARN  main            d.u.i.k.n.ParsingFacade   Parsing time 445 ms. 
286818     INFO  main            d.u.i.k.p.i.AbstractProblemLoader Creating init config 
287499     WARN  main            d.u.i.k.n.ParsingFacade   file:/home/runner/work/key/key/key.core/build/resources/main/de/uka/ilkd/key/java/JavaRedux/java/lang/String.key took 0 ms to parse. 
287499     WARN  main            d.u.i.k.n.ParsingFacade   Parsing time 445 ms. 
288952     DEBUG main            d.u.i.k.p.i.AbstractProblemLoader Init config took 2.13s 
288965     INFO  main            d.u.i.k.p.i.AbstractProblemLoader Replaying proof quadraticInEq5.key.proof 
288970     DEBUG main            d.u.i.k.p.i.IntermediateProofReplayer Proof replay took 3.8ms 
288970     WARN  main            d.u.i.k.n.ParsingFacade   /home/runner/work/key/key/key.core/../key.ui/examples/standard_key/inEqSimp/quadraticInEq5.key.proof took 0 ms to parse. 
288970     WARN  main            d.u.i.k.n.ParsingFacade   Parsing time 445 ms. 
288971     DEBUG main            d.u.i.k.p.r.p.TestFile    ... success: reloaded. 
288971     INFO  main            d.u.i.k.p.r.p.TestFile    Now processing file /home/runner/work/key/key/key.core/../key.ui/examples/standard_key/inEqSimp/quadraticInEq6.key 
288971     INFO  main            d.u.i.k.p.i.AbstractProblemLoader Loading environment from /home/runner/work/key/key/key.core/../key.ui/examples/standard_key/inEqSimp/quadraticInEq6.key 
288972     DEBUG main            d.u.i.k.p.i.AbstractProblemLoader Environment load took 40ns 
288972     WARN  main            d.u.i.k.n.ParsingFacade   /home/runner/work/key/key/key.core/../key.ui/examples/standard_key/inEqSimp/quadraticInEq6.key took 0 ms to parse. 
288972     WARN  main            d.u.i.k.n.ParsingFacade   Parsing time 445 ms. 
288972     INFO  main            d.u.i.k.p.i.AbstractProblemLoader Creating init config 
289668     WARN  main            d.u.i.k.n.ParsingFacade   file:/home/runner/work/key/key/key.core/build/resources/main/de/uka/ilkd/key/java/JavaRedux/java/lang/String.key took 1 ms to parse. 
289668     WARN  main            d.u.i.k.n.ParsingFacade   Parsing time 446 ms. 
291142     DEBUG main            d.u.i.k.p.i.AbstractProblemLoader Init config took 2.17s 
291155     INFO  main            d.u.i.k.p.i.AbstractProblemLoader Replaying proof quadraticInEq6.key 
291156     DEBUG main            d.u.i.k.p.i.IntermediateProofReplayer Proof replay took 2.4ns 
291156     WARN  main            d.u.i.k.n.ParsingFacade   /home/runner/work/key/key/key.core/../key.ui/examples/standard_key/inEqSimp/quadraticInEq6.key took 0 ms to parse. 
291156     WARN  main            d.u.i.k.n.ParsingFacade   Parsing time 446 ms. 
291258     INFO  main            d.u.i.k.p.r.p.TestFile    ... finished proof: closed. 
291597     INFO  main            d.u.i.k.p.i.AbstractProblemLoader Loading environment from /home/runner/work/key/key/key.core/../key.ui/examples/standard_key/inEqSimp/quadraticInEq6.key.proof 
291597     DEBUG main            d.u.i.k.p.i.AbstractProblemLoader Environment load took 84.1ns 
291598     WARN  main            d.u.i.k.n.ParsingFacade   /home/runner/work/key/key/key.core/../key.ui/examples/standard_key/inEqSimp/quadraticInEq6.key.proof took 0 ms to parse. 
291598     WARN  main            d.u.i.k.n.ParsingFacade   Parsing time 446 ms. 
291598     INFO  main            d.u.i.k.p.i.AbstractProblemLoader Creating init config 
292280     WARN  main            d.u.i.k.n.ParsingFacade   file:/home/runner/work/key/key/key.core/build/resources/main/de/uka/ilkd/key/java/JavaRedux/java/lang/String.key took 0 ms to parse. 
292280     WARN  main            d.u.i.k.n.ParsingFacade   Parsing time 446 ms. 
293736     DEBUG main            d.u.i.k.p.i.AbstractProblemLoader Init config took 2.14s 
293748     INFO  main            d.u.i.k.p.i.AbstractProblemLoader Replaying proof quadraticInEq6.key.proof 
293753     DEBUG main            d.u.i.k.p.i.IntermediateProofReplayer Proof replay took 3.57ms 
293753     WARN  main            d.u.i.k.n.ParsingFacade   /home/runner/work/key/key/key.core/../key.ui/examples/standard_key/inEqSimp/quadraticInEq6.key.proof took 0 ms to parse. 
293753     WARN  main            d.u.i.k.n.ParsingFacade   Parsing time 446 ms. 
293753     DEBUG main            d.u.i.k.p.r.p.TestFile    ... success: reloaded. 
293754     INFO  main            d.u.i.k.p.r.p.TestFile    Now processing file /home/runner/work/key/key/key.core/../key.ui/examples/standard_key/inEqSimp/quadraticInEq7.key 
293754     INFO  main            d.u.i.k.p.i.AbstractProblemLoader Loading environment from /home/runner/work/key/key/key.core/../key.ui/examples/standard_key/inEqSimp/quadraticInEq7.key 
293754     DEBUG main            d.u.i.k.p.i.AbstractProblemLoader Environment load took 44.6ns 
293754     WARN  main            d.u.i.k.n.ParsingFacade   /home/runner/work/key/key/key.core/../key.ui/examples/standard_key/inEqSimp/quadraticInEq7.key took 0 ms to parse. 
293755     WARN  main            d.u.i.k.n.ParsingFacade   Parsing time 446 ms. 
293755     INFO  main            d.u.i.k.p.i.AbstractProblemLoader Creating init config 
294449     WARN  main            d.u.i.k.n.ParsingFacade   file:/home/runner/work/key/key/key.core/build/resources/main/de/uka/ilkd/key/java/JavaRedux/java/lang/String.key took 1 ms to parse. 
294449     WARN  main            d.u.i.k.n.ParsingFacade   Parsing time 447 ms. 
295938     DEBUG main            d.u.i.k.p.i.AbstractProblemLoader Init config took 2.18s 
295950     INFO  main            d.u.i.k.p.i.AbstractProblemLoader Replaying proof quadraticInEq7.key 
295952     DEBUG main            d.u.i.k.p.i.IntermediateProofReplayer Proof replay took 2.4ns 
295952     WARN  main            d.u.i.k.n.ParsingFacade   /home/runner/work/key/key/key.core/../key.ui/examples/standard_key/inEqSimp/quadraticInEq7.key took 0 ms to parse. 
295952     WARN  main            d.u.i.k.n.ParsingFacade   Parsing time 447 ms. 
296053     INFO  main            d.u.i.k.p.r.p.TestFile    ... finished proof: closed. 
296397     INFO  main            d.u.i.k.p.i.AbstractProblemLoader Loading environment from /home/runner/work/key/key/key.core/../key.ui/examples/standard_key/inEqSimp/quadraticInEq7.key.proof 
296397     DEBUG main            d.u.i.k.p.i.AbstractProblemLoader Environment load took 83.3ns 
296397     WARN  main            d.u.i.k.n.ParsingFacade   /home/runner/work/key/key/key.core/../key.ui/examples/standard_key/inEqSimp/quadraticInEq7.key.proof took 0 ms to parse. 
296397     WARN  main            d.u.i.k.n.ParsingFacade   Parsing time 447 ms. 
296398     INFO  main            d.u.i.k.p.i.AbstractProblemLoader Creating init config 
297086     WARN  main            d.u.i.k.n.ParsingFacade   file:/home/runner/work/key/key/key.core/build/resources/main/de/uka/ilkd/key/java/JavaRedux/java/lang/String.key took 1 ms to parse. 
297086     WARN  main            d.u.i.k.n.ParsingFacade   Parsing time 448 ms. 
298536     DEBUG main            d.u.i.k.p.i.AbstractProblemLoader Init config took 2.14s 
298549     INFO  main            d.u.i.k.p.i.AbstractProblemLoader Replaying proof quadraticInEq7.key.proof 
298552     DEBUG main            d.u.i.k.p.i.IntermediateProofReplayer Proof replay took 1.95ms 
298552     WARN  main            d.u.i.k.n.ParsingFacade   /home/runner/work/key/key/key.core/../key.ui/examples/standard_key/inEqSimp/quadraticInEq7.key.proof took 0 ms to parse. 
298552     WARN  main            d.u.i.k.n.ParsingFacade   Parsing time 448 ms. 
298553     DEBUG main            d.u.i.k.p.r.p.TestFile    ... success: reloaded. 
298553     INFO  main            d.u.i.k.p.r.p.TestFile    Now processing file /home/runner/work/key/key/key.core/../key.ui/examples/standard_key/inEqSimp/quadraticInEq8.key 
298553     INFO  main            d.u.i.k.p.i.AbstractProblemLoader Loading environment from /home/runner/work/key/key/key.core/../key.ui/examples/standard_key/inEqSimp/quadraticInEq8.key 
298554     DEBUG main            d.u.i.k.p.i.AbstractProblemLoader Environment load took 57ns 
298554     WARN  main            d.u.i.k.n.ParsingFacade   /home/runner/work/key/key/key.core/../key.ui/examples/standard_key/inEqSimp/quadraticInEq8.key took 0 ms to parse. 
298554     WARN  main            d.u.i.k.n.ParsingFacade   Parsing time 448 ms. 
298556     INFO  main            d.u.i.k.p.i.AbstractProblemLoader Creating init config 
299244     WARN  main            d.u.i.k.n.ParsingFacade   file:/home/runner/work/key/key/key.core/build/resources/main/de/uka/ilkd/key/java/JavaRedux/java/lang/String.key took 1 ms to parse. 
299244     WARN  main            d.u.i.k.n.ParsingFacade   Parsing time 449 ms. 
300731     DEBUG main            d.u.i.k.p.i.AbstractProblemLoader Init config took 2.17s 
300744     INFO  main            d.u.i.k.p.i.AbstractProblemLoader Replaying proof quadraticInEq8.key 
300745     DEBUG main            d.u.i.k.p.i.IntermediateProofReplayer Proof replay took 2.6ns 
300745     WARN  main            d.u.i.k.n.ParsingFacade   /home/runner/work/key/key/key.core/../key.ui/examples/standard_key/inEqSimp/quadraticInEq8.key took 0 ms to parse. 
300745     WARN  main            d.u.i.k.n.ParsingFacade   Parsing time 449 ms. 
300849     INFO  main            d.u.i.k.p.r.p.TestFile    ... finished proof: closed. 
301206     INFO  main            d.u.i.k.p.i.AbstractProblemLoader Loading environment from /home/runner/work/key/key/key.core/../key.ui/examples/standard_key/inEqSimp/quadraticInEq8.key.proof 
301206     DEBUG main            d.u.i.k.p.i.AbstractProblemLoader Environment load took 81.6ns 
301207     WARN  main            d.u.i.k.n.ParsingFacade   /home/runner/work/key/key/key.core/../key.ui/examples/standard_key/inEqSimp/quadraticInEq8.key.proof took 0 ms to parse. 
301207     WARN  main            d.u.i.k.n.ParsingFacade   Parsing time 449 ms. 
301209     INFO  main            d.u.i.k.p.i.AbstractProblemLoader Creating init config 
301891     WARN  main            d.u.i.k.n.ParsingFacade   file:/home/runner/work/key/key/key.core/build/resources/main/de/uka/ilkd/key/java/JavaRedux/java/lang/String.key took 1 ms to parse. 
301891     WARN  main            d.u.i.k.n.ParsingFacade   Parsing time 450 ms. 
303345     DEBUG main            d.u.i.k.p.i.AbstractProblemLoader Init config took 2.14s 
303357     INFO  main            d.u.i.k.p.i.AbstractProblemLoader Replaying proof quadraticInEq8.key.proof 
303365     DEBUG main            d.u.i.k.p.i.IntermediateProofReplayer Proof replay took 6.28ms 
303366     WARN  main            d.u.i.k.n.ParsingFacade   /home/runner/work/key/key/key.core/../key.ui/examples/standard_key/inEqSimp/quadraticInEq8.key.proof took 0 ms to parse. 
303366     WARN  main            d.u.i.k.n.ParsingFacade   Parsing time 450 ms. 
303366     DEBUG main            d.u.i.k.p.r.p.TestFile    ... success: reloaded. 
303367     INFO  main            d.u.i.k.p.r.p.TestFile    Now processing file /home/runner/work/key/key/key.core/../key.ui/examples/standard_key/inEqSimp/simplify0.key 
303367     INFO  main            d.u.i.k.p.i.AbstractProblemLoader Loading environment from /home/runner/work/key/key/key.core/../key.ui/examples/standard_key/inEqSimp/simplify0.key 
303367     DEBUG main            d.u.i.k.p.i.AbstractProblemLoader Environment load took 43.7ns 
303367     WARN  main            d.u.i.k.n.ParsingFacade   /home/runner/work/key/key/key.core/../key.ui/examples/standard_key/inEqSimp/simplify0.key took 0 ms to parse. 
303367     WARN  main            d.u.i.k.n.ParsingFacade   Parsing time 450 ms. 
303368     INFO  main            d.u.i.k.p.i.AbstractProblemLoader Creating init config 
304055     WARN  main            d.u.i.k.n.ParsingFacade   file:/home/runner/work/key/key/key.core/build/resources/main/de/uka/ilkd/key/java/JavaRedux/java/lang/String.key took 1 ms to parse. 
304055     WARN  main            d.u.i.k.n.ParsingFacade   Parsing time 451 ms. 
305547     DEBUG main            d.u.i.k.p.i.AbstractProblemLoader Init config took 2.18s 
305560     INFO  main            d.u.i.k.p.i.AbstractProblemLoader Replaying proof simplify0.key 
305561     DEBUG main            d.u.i.k.p.i.IntermediateProofReplayer Proof replay took 2.9ns 
305562     WARN  main            d.u.i.k.n.ParsingFacade   /home/runner/work/key/key/key.core/../key.ui/examples/standard_key/inEqSimp/simplify0.key took 0 ms to parse. 
305562     WARN  main            d.u.i.k.n.ParsingFacade   Parsing time 451 ms. 
305663     INFO  main            d.u.i.k.p.r.p.TestFile    ... finished proof: closed. 
306023     INFO  main            d.u.i.k.p.i.AbstractProblemLoader Loading environment from /home/runner/work/key/key/key.core/../key.ui/examples/standard_key/inEqSimp/simplify0.key.proof 
306023     DEBUG main            d.u.i.k.p.i.AbstractProblemLoader Environment load took 88.2ns 
306024     WARN  main            d.u.i.k.n.ParsingFacade   /home/runner/work/key/key/key.core/../key.ui/examples/standard_key/inEqSimp/simplify0.key.proof took 1 ms to parse. 
306024     WARN  main            d.u.i.k.n.ParsingFacade   Parsing time 452 ms. 
306024     INFO  main            d.u.i.k.p.i.AbstractProblemLoader Creating init config 
306710     WARN  main            d.u.i.k.n.ParsingFacade   file:/home/runner/work/key/key/key.core/build/resources/main/de/uka/ilkd/key/java/JavaRedux/java/lang/String.key took 1 ms to parse. 
306710     WARN  main            d.u.i.k.n.ParsingFacade   Parsing time 453 ms. 
308162     DEBUG main            d.u.i.k.p.i.AbstractProblemLoader Init config took 2.14s 
308175     INFO  main            d.u.i.k.p.i.AbstractProblemLoader Replaying proof simplify0.key.proof 
308178     DEBUG main            d.u.i.k.p.i.IntermediateProofReplayer Proof replay took 2.14ms 
308179     WARN  main            d.u.i.k.n.ParsingFacade   /home/runner/work/key/key/key.core/../key.ui/examples/standard_key/inEqSimp/simplify0.key.proof took 1 ms to parse. 
308179     WARN  main            d.u.i.k.n.ParsingFacade   Parsing time 454 ms. 
308179     DEBUG main            d.u.i.k.p.r.p.TestFile    ... success: reloaded. 
308179     INFO  main            d.u.i.k.p.r.p.TestFile    Now processing file /home/runner/work/key/key/key.core/../key.ui/examples/standard_key/inEqSimp/simplify1.key 
308179     INFO  main            d.u.i.k.p.i.AbstractProblemLoader Loading environment from /home/runner/work/key/key/key.core/../key.ui/examples/standard_key/inEqSimp/simplify1.key 
308179     DEBUG main            d.u.i.k.p.i.AbstractProblemLoader Environment load took 41.8ns 
308179     WARN  main            d.u.i.k.n.ParsingFacade   /home/runner/work/key/key/key.core/../key.ui/examples/standard_key/inEqSimp/simplify1.key took 0 ms to parse. 
308179     WARN  main            d.u.i.k.n.ParsingFacade   Parsing time 454 ms. 
308180     INFO  main            d.u.i.k.p.i.AbstractProblemLoader Creating init config 
308882     WARN  main            d.u.i.k.n.ParsingFacade   file:/home/runner/work/key/key/key.core/build/resources/main/de/uka/ilkd/key/java/JavaRedux/java/lang/String.key took 0 ms to parse. 
308882     WARN  main            d.u.i.k.n.ParsingFacade   Parsing time 454 ms. 
310362     DEBUG main            d.u.i.k.p.i.AbstractProblemLoader Init config took 2.18s 
310374     INFO  main            d.u.i.k.p.i.AbstractProblemLoader Replaying proof simplify1.key 
310375     DEBUG main            d.u.i.k.p.i.IntermediateProofReplayer Proof replay took 2.4ns 
310376     WARN  main            d.u.i.k.n.ParsingFacade   /home/runner/work/key/key/key.core/../key.ui/examples/standard_key/inEqSimp/simplify1.key took 1 ms to parse. 
310376     WARN  main            d.u.i.k.n.ParsingFacade   Parsing time 455 ms. 
310479     INFO  main            d.u.i.k.p.r.p.TestFile    ... finished proof: closed. 
310849     INFO  main            d.u.i.k.p.i.AbstractProblemLoader Loading environment from /home/runner/work/key/key/key.core/../key.ui/examples/standard_key/inEqSimp/simplify1.key.proof 
310849     DEBUG main            d.u.i.k.p.i.AbstractProblemLoader Environment load took 83.5ns 
310850     WARN  main            d.u.i.k.n.ParsingFacade   /home/runner/work/key/key/key.core/../key.ui/examples/standard_key/inEqSimp/simplify1.key.proof took 1 ms to parse. 
310850     WARN  main            d.u.i.k.n.ParsingFacade   Parsing time 456 ms. 
310850     INFO  main            d.u.i.k.p.i.AbstractProblemLoader Creating init config 
311532     WARN  main            d.u.i.k.n.ParsingFacade   file:/home/runner/work/key/key/key.core/build/resources/main/de/uka/ilkd/key/java/JavaRedux/java/lang/String.key took 1 ms to parse. 
311532     WARN  main            d.u.i.k.n.ParsingFacade   Parsing time 457 ms. 
312987     DEBUG main            d.u.i.k.p.i.AbstractProblemLoader Init config took 2.14s 
313000     INFO  main            d.u.i.k.p.i.AbstractProblemLoader Replaying proof simplify1.key.proof 
313002     DEBUG main            d.u.i.k.p.i.IntermediateProofReplayer Proof replay took 1.12ms 
313003     WARN  main            d.u.i.k.n.ParsingFacade   /home/runner/work/key/key/key.core/../key.ui/examples/standard_key/inEqSimp/simplify1.key.proof took 0 ms to parse. 
313003     WARN  main            d.u.i.k.n.ParsingFacade   Parsing time 457 ms. 
313003     DEBUG main            d.u.i.k.p.r.p.TestFile    ... success: reloaded. 
313003     INFO  main            d.u.i.k.p.r.p.TestFile    Now processing file /home/runner/work/key/key/key.core/../key.ui/examples/standard_key/inEqSimp/simplify2.key 
313003     INFO  main            d.u.i.k.p.i.AbstractProblemLoader Loading environment from /home/runner/work/key/key/key.core/../key.ui/examples/standard_key/inEqSimp/simplify2.key 
313004     DEBUG main            d.u.i.k.p.i.AbstractProblemLoader Environment load took 42.1ns 
313004     WARN  main            d.u.i.k.n.ParsingFacade   /home/runner/work/key/key/key.core/../key.ui/examples/standard_key/inEqSimp/simplify2.key took 0 ms to parse. 
313004     WARN  main            d.u.i.k.n.ParsingFacade   Parsing time 457 ms. 
313004     INFO  main            d.u.i.k.p.i.AbstractProblemLoader Creating init config 
313706     WARN  main            d.u.i.k.n.ParsingFacade   file:/home/runner/work/key/key/key.core/build/resources/main/de/uka/ilkd/key/java/JavaRedux/java/lang/String.key took 0 ms to parse. 
313707     WARN  main            d.u.i.k.n.ParsingFacade   Parsing time 457 ms. 
315184     DEBUG main            d.u.i.k.p.i.AbstractProblemLoader Init config took 2.18s 
315196     INFO  main            d.u.i.k.p.i.AbstractProblemLoader Replaying proof simplify2.key 
315197     DEBUG main            d.u.i.k.p.i.IntermediateProofReplayer Proof replay took 2.6ns 
315198     WARN  main            d.u.i.k.n.ParsingFacade   /home/runner/work/key/key/key.core/../key.ui/examples/standard_key/inEqSimp/simplify2.key took 1 ms to parse. 
315198     WARN  main            d.u.i.k.n.ParsingFacade   Parsing time 458 ms. 
315299     INFO  main            d.u.i.k.p.r.p.TestFile    ... finished proof: closed. 
315675     INFO  main            d.u.i.k.p.i.AbstractProblemLoader Loading environment from /home/runner/work/key/key/key.core/../key.ui/examples/standard_key/inEqSimp/simplify2.key.proof 
315675     DEBUG main            d.u.i.k.p.i.AbstractProblemLoader Environment load took 79.1ns 
315676     WARN  main            d.u.i.k.n.ParsingFacade   /home/runner/work/key/key/key.core/../key.ui/examples/standard_key/inEqSimp/simplify2.key.proof took 1 ms to parse. 
315676     WARN  main            d.u.i.k.n.ParsingFacade   Parsing time 459 ms. 
315676     INFO  main            d.u.i.k.p.i.AbstractProblemLoader Creating init config 
316360     WARN  main            d.u.i.k.n.ParsingFacade   file:/home/runner/work/key/key/key.core/build/resources/main/de/uka/ilkd/key/java/JavaRedux/java/lang/String.key took 1 ms to parse. 
316360     WARN  main            d.u.i.k.n.ParsingFacade   Parsing time 460 ms. 
317819     DEBUG main            d.u.i.k.p.i.AbstractProblemLoader Init config took 2.14s 
317832     INFO  main            d.u.i.k.p.i.AbstractProblemLoader Replaying proof simplify2.key.proof 
317843     DEBUG main            d.u.i.k.p.i.IntermediateProofReplayer Proof replay took 9.53ms 
317844     WARN  main            d.u.i.k.n.ParsingFacade   /home/runner/work/key/key/key.core/../key.ui/examples/standard_key/inEqSimp/simplify2.key.proof took 0 ms to parse. 
317844     WARN  main            d.u.i.k.n.ParsingFacade   Parsing time 460 ms. 
317844     DEBUG main            d.u.i.k.p.r.p.TestFile    ... success: reloaded. 
317845     INFO  main            d.u.i.k.p.r.p.TestFile    Now processing file /home/runner/work/key/key/key.core/../key.ui/examples/standard_key/inEqSimp/simplify3.key 
317845     INFO  main            d.u.i.k.p.i.AbstractProblemLoader Loading environment from /home/runner/work/key/key/key.core/../key.ui/examples/standard_key/inEqSimp/simplify3.key 
317845     DEBUG main            d.u.i.k.p.i.AbstractProblemLoader Environment load took 68.9ns 
317845     WARN  main            d.u.i.k.n.ParsingFacade   /home/runner/work/key/key/key.core/../key.ui/examples/standard_key/inEqSimp/simplify3.key took 0 ms to parse. 
317845     WARN  main            d.u.i.k.n.ParsingFacade   Parsing time 460 ms. 
317846     INFO  main            d.u.i.k.p.i.AbstractProblemLoader Creating init config 
318543     WARN  main            d.u.i.k.n.ParsingFacade   file:/home/runner/work/key/key/key.core/build/resources/main/de/uka/ilkd/key/java/JavaRedux/java/lang/String.key took 1 ms to parse. 
318543     WARN  main            d.u.i.k.n.ParsingFacade   Parsing time 461 ms. 
320022     DEBUG main            d.u.i.k.p.i.AbstractProblemLoader Init config took 2.18s 
320035     INFO  main            d.u.i.k.p.i.AbstractProblemLoader Replaying proof simplify3.key 
320035     DEBUG main            d.u.i.k.p.i.IntermediateProofReplayer Proof replay took 2.9ns 
320036     WARN  main            d.u.i.k.n.ParsingFacade   /home/runner/work/key/key/key.core/../key.ui/examples/standard_key/inEqSimp/simplify3.key took 0 ms to parse. 
320036     WARN  main            d.u.i.k.n.ParsingFacade   Parsing time 461 ms. 
320137     INFO  main            d.u.i.k.p.r.p.TestFile    ... finished proof: closed. 
320506     INFO  main            d.u.i.k.p.i.AbstractProblemLoader Loading environment from /home/runner/work/key/key/key.core/../key.ui/examples/standard_key/inEqSimp/simplify3.key.proof 
320507     DEBUG main            d.u.i.k.p.i.AbstractProblemLoader Environment load took 83.9ns 
320507     WARN  main            d.u.i.k.n.ParsingFacade   /home/runner/work/key/key/key.core/../key.ui/examples/standard_key/inEqSimp/simplify3.key.proof took 0 ms to parse. 
320507     WARN  main            d.u.i.k.n.ParsingFacade   Parsing time 461 ms. 
320507     INFO  main            d.u.i.k.p.i.AbstractProblemLoader Creating init config 
321188     WARN  main            d.u.i.k.n.ParsingFacade   file:/home/runner/work/key/key/key.core/build/resources/main/de/uka/ilkd/key/java/JavaRedux/java/lang/String.key took 1 ms to parse. 
321188     WARN  main            d.u.i.k.n.ParsingFacade   Parsing time 462 ms. 
322651     DEBUG main            d.u.i.k.p.i.AbstractProblemLoader Init config took 2.14s 
322664     INFO  main            d.u.i.k.p.i.AbstractProblemLoader Replaying proof simplify3.key.proof 
322668     DEBUG main            d.u.i.k.p.i.IntermediateProofReplayer Proof replay took 1.86ms 
322668     WARN  main            d.u.i.k.n.ParsingFacade   /home/runner/work/key/key/key.core/../key.ui/examples/standard_key/inEqSimp/simplify3.key.proof took 0 ms to parse. 
322668     WARN  main            d.u.i.k.n.ParsingFacade   Parsing time 462 ms. 
322669     DEBUG main            d.u.i.k.p.r.p.TestFile    ... success: reloaded. 
322669     INFO  main            d.u.i.k.p.r.p.TestFile    Now processing file /home/runner/work/key/key/key.core/../key.ui/examples/standard_key/inEqSimp/simplify4.key 
322669     INFO  main            d.u.i.k.p.i.AbstractProblemLoader Loading environment from /home/runner/work/key/key/key.core/../key.ui/examples/standard_key/inEqSimp/simplify4.key 
322670     DEBUG main            d.u.i.k.p.i.AbstractProblemLoader Environment load took 138ns 
322670     WARN  main            d.u.i.k.n.ParsingFacade   /home/runner/work/key/key/key.core/../key.ui/examples/standard_key/inEqSimp/simplify4.key took 0 ms to parse. 
322670     WARN  main            d.u.i.k.n.ParsingFacade   Parsing time 462 ms. 
322670     INFO  main            d.u.i.k.p.i.AbstractProblemLoader Creating init config 
323370     WARN  main            d.u.i.k.n.ParsingFacade   file:/home/runner/work/key/key/key.core/build/resources/main/de/uka/ilkd/key/java/JavaRedux/java/lang/String.key took 1 ms to parse. 
323370     WARN  main            d.u.i.k.n.ParsingFacade   Parsing time 463 ms. 
324847     DEBUG main            d.u.i.k.p.i.AbstractProblemLoader Init config took 2.18s 
324860     INFO  main            d.u.i.k.p.i.AbstractProblemLoader Replaying proof simplify4.key 
324861     DEBUG main            d.u.i.k.p.i.IntermediateProofReplayer Proof replay took 2.6ns 
324861     WARN  main            d.u.i.k.n.ParsingFacade   /home/runner/work/key/key/key.core/../key.ui/examples/standard_key/inEqSimp/simplify4.key took 0 ms to parse. 
324861     WARN  main            d.u.i.k.n.ParsingFacade   Parsing time 463 ms. 
324962     INFO  main            d.u.i.k.p.r.p.TestFile    ... finished proof: closed. 
325358     INFO  main            d.u.i.k.p.i.AbstractProblemLoader Loading environment from /home/runner/work/key/key/key.core/../key.ui/examples/standard_key/inEqSimp/simplify4.key.proof 
325358     DEBUG main            d.u.i.k.p.i.AbstractProblemLoader Environment load took 81.2ns 
325359     WARN  main            d.u.i.k.n.ParsingFacade   /home/runner/work/key/key/key.core/../key.ui/examples/standard_key/inEqSimp/simplify4.key.proof took 1 ms to parse. 
325359     WARN  main            d.u.i.k.n.ParsingFacade   Parsing time 464 ms. 
325359     INFO  main            d.u.i.k.p.i.AbstractProblemLoader Creating init config 
326040     WARN  main            d.u.i.k.n.ParsingFacade   file:/home/runner/work/key/key/key.core/build/resources/main/de/uka/ilkd/key/java/JavaRedux/java/lang/String.key took 1 ms to parse. 
326040     WARN  main            d.u.i.k.n.ParsingFacade   Parsing time 465 ms. 
327499     DEBUG main            d.u.i.k.p.i.AbstractProblemLoader Init config took 2.14s 
327512     INFO  main            d.u.i.k.p.i.AbstractProblemLoader Replaying proof simplify4.key.proof 
327528     DEBUG main            d.u.i.k.p.i.IntermediateProofReplayer Proof replay took 11.78ms 
327528     WARN  main            d.u.i.k.n.ParsingFacade   /home/runner/work/key/key/key.core/../key.ui/examples/standard_key/inEqSimp/simplify4.key.proof took 0 ms to parse. 
327528     WARN  main            d.u.i.k.n.ParsingFacade   Parsing time 465 ms. 
327528     DEBUG main            d.u.i.k.p.r.p.TestFile    ... success: reloaded. 
327529     INFO  main            d.u.i.k.p.r.p.TestFile    Now processing file /home/runner/work/key/key/key.core/../key.ui/examples/standard_key/inEqSimp/simplify5.key 
327529     INFO  main            d.u.i.k.p.i.AbstractProblemLoader Loading environment from /home/runner/work/key/key/key.core/../key.ui/examples/standard_key/inEqSimp/simplify5.key 
327529     DEBUG main            d.u.i.k.p.i.AbstractProblemLoader Environment load took 68.5ns 
327529     WARN  main            d.u.i.k.n.ParsingFacade   /home/runner/work/key/key/key.core/../key.ui/examples/standard_key/inEqSimp/simplify5.key took 0 ms to parse. 
327529     WARN  main            d.u.i.k.n.ParsingFacade   Parsing time 465 ms. 
327530     INFO  main            d.u.i.k.p.i.AbstractProblemLoader Creating init config 
328240     WARN  main            d.u.i.k.n.ParsingFacade   file:/home/runner/work/key/key/key.core/build/resources/main/de/uka/ilkd/key/java/JavaRedux/java/lang/String.key took 1 ms to parse. 
328240     WARN  main            d.u.i.k.n.ParsingFacade   Parsing time 466 ms. 
329717     DEBUG main            d.u.i.k.p.i.AbstractProblemLoader Init config took 2.19s 
329730     INFO  main            d.u.i.k.p.i.AbstractProblemLoader Replaying proof simplify5.key 
329731     DEBUG main            d.u.i.k.p.i.IntermediateProofReplayer Proof replay took 2.8ns 
329732     WARN  main            d.u.i.k.n.ParsingFacade   /home/runner/work/key/key/key.core/../key.ui/examples/standard_key/inEqSimp/simplify5.key took 0 ms to parse. 
329732     WARN  main            d.u.i.k.n.ParsingFacade   Parsing time 466 ms. 
330235     INFO  main            d.u.i.k.p.r.p.TestFile    ... finished proof: closed. 
330640     INFO  main            d.u.i.k.p.i.AbstractProblemLoader Loading environment from /home/runner/work/key/key/key.core/../key.ui/examples/standard_key/inEqSimp/simplify5.key.proof 
330640     DEBUG main            d.u.i.k.p.i.AbstractProblemLoader Environment load took 85.6ns 
330641     WARN  main            d.u.i.k.n.ParsingFacade   /home/runner/work/key/key/key.core/../key.ui/examples/standard_key/inEqSimp/simplify5.key.proof took 0 ms to parse. 
330641     WARN  main            d.u.i.k.n.ParsingFacade   Parsing time 466 ms. 
330641     INFO  main            d.u.i.k.p.i.AbstractProblemLoader Creating init config 
331321     WARN  main            d.u.i.k.n.ParsingFacade   file:/home/runner/work/key/key/key.core/build/resources/main/de/uka/ilkd/key/java/JavaRedux/java/lang/String.key took 1 ms to parse. 
331321     WARN  main            d.u.i.k.n.ParsingFacade   Parsing time 467 ms. 
332783     DEBUG main            d.u.i.k.p.i.AbstractProblemLoader Init config took 2.14s 
332796     INFO  main            d.u.i.k.p.i.AbstractProblemLoader Replaying proof simplify5.key.proof 
332862     DEBUG main            d.u.i.k.p.i.IntermediateProofReplayer Proof replay took 62.12ms 
332863     WARN  main            d.u.i.k.n.ParsingFacade   /home/runner/work/key/key/key.core/../key.ui/examples/standard_key/inEqSimp/simplify5.key.proof took 0 ms to parse. 
332863     WARN  main            d.u.i.k.n.ParsingFacade   Parsing time 467 ms. 
332863     DEBUG main            d.u.i.k.p.r.p.TestFile    ... success: reloaded. 
332864     INFO  main            d.u.i.k.p.r.p.TestFile    Now processing file /home/runner/work/key/key/key.core/../key.ui/examples/standard_key/inEqSimp/subsumptionExample.key 
332864     INFO  main            d.u.i.k.p.i.AbstractProblemLoader Loading environment from /home/runner/work/key/key/key.core/../key.ui/examples/standard_key/inEqSimp/subsumptionExample.key 
332864     DEBUG main            d.u.i.k.p.i.AbstractProblemLoader Environment load took 57.9ns 
332865     WARN  main            d.u.i.k.n.ParsingFacade   /home/runner/work/key/key/key.core/../key.ui/examples/standard_key/inEqSimp/subsumptionExample.key took 0 ms to parse. 
332865     WARN  main            d.u.i.k.n.ParsingFacade   Parsing time 467 ms. 
332865     INFO  main            d.u.i.k.p.i.AbstractProblemLoader Creating init config 
333553     WARN  main            d.u.i.k.n.ParsingFacade   file:/home/runner/work/key/key/key.core/build/resources/main/de/uka/ilkd/key/java/JavaRedux/java/lang/String.key took 1 ms to parse. 
333553     WARN  main            d.u.i.k.n.ParsingFacade   Parsing time 468 ms. 
335053     DEBUG main            d.u.i.k.p.i.AbstractProblemLoader Init config took 2.19s 
335065     INFO  main            d.u.i.k.p.i.AbstractProblemLoader Replaying proof subsumptionExample.key 
335066     DEBUG main            d.u.i.k.p.i.IntermediateProofReplayer Proof replay took 2.7ns 
335066     WARN  main            d.u.i.k.n.ParsingFacade   /home/runner/work/key/key/key.core/../key.ui/examples/standard_key/inEqSimp/subsumptionExample.key took 0 ms to parse. 
335066     WARN  main            d.u.i.k.n.ParsingFacade   Parsing time 468 ms. 
335167     INFO  main            d.u.i.k.p.r.p.TestFile    ... finished proof: closed. 
335568     INFO  main            d.u.i.k.p.i.AbstractProblemLoader Loading environment from /home/runner/work/key/key/key.core/../key.ui/examples/standard_key/inEqSimp/subsumptionExample.key.proof 
335568     DEBUG main            d.u.i.k.p.i.AbstractProblemLoader Environment load took 85.1ns 
335568     WARN  main            d.u.i.k.n.ParsingFacade   /home/runner/work/key/key/key.core/../key.ui/examples/standard_key/inEqSimp/subsumptionExample.key.proof took 0 ms to parse. 
335568     WARN  main            d.u.i.k.n.ParsingFacade   Parsing time 468 ms. 
335569     INFO  main            d.u.i.k.p.i.AbstractProblemLoader Creating init config 
336251     WARN  main            d.u.i.k.n.ParsingFacade   file:/home/runner/work/key/key/key.core/build/resources/main/de/uka/ilkd/key/java/JavaRedux/java/lang/String.key took 1 ms to parse. 
336251     WARN  main            d.u.i.k.n.ParsingFacade   Parsing time 469 ms. 
337705     DEBUG main            d.u.i.k.p.i.AbstractProblemLoader Init config took 2.14s 
337718     INFO  main            d.u.i.k.p.i.AbstractProblemLoader Replaying proof subsumptionExample.key.proof 
337720     DEBUG main            d.u.i.k.p.i.IntermediateProofReplayer Proof replay took 825.42ns 
337720     WARN  main            d.u.i.k.n.ParsingFacade   /home/runner/work/key/key/key.core/../key.ui/examples/standard_key/inEqSimp/subsumptionExample.key.proof took 0 ms to parse. 
337720     WARN  main            d.u.i.k.n.ParsingFacade   Parsing time 469 ms. 
337720     DEBUG main            d.u.i.k.p.r.p.TestFile    ... success: reloaded. 
337721     INFO  main            d.u.i.k.p.r.p.TestFile    Now processing file /home/runner/work/key/key/key.core/../key.ui/examples/standard_key/polySimp/simplify0.key 
337721     INFO  main            d.u.i.k.p.i.AbstractProblemLoader Loading environment from /home/runner/work/key/key/key.core/../key.ui/examples/standard_key/polySimp/simplify0.key 
337721     DEBUG main            d.u.i.k.p.i.AbstractProblemLoader Environment load took 65.2ns 
337721     WARN  main            d.u.i.k.n.ParsingFacade   /home/runner/work/key/key/key.core/../key.ui/examples/standard_key/polySimp/simplify0.key took 0 ms to parse. 
337721     WARN  main            d.u.i.k.n.ParsingFacade   Parsing time 469 ms. 
337722     INFO  main            d.u.i.k.p.i.AbstractProblemLoader Creating init config 
338423     WARN  main            d.u.i.k.n.ParsingFacade   file:/home/runner/work/key/key/key.core/build/resources/main/de/uka/ilkd/key/java/JavaRedux/java/lang/String.key took 0 ms to parse. 
338424     WARN  main            d.u.i.k.n.ParsingFacade   Parsing time 469 ms. 
339913     DEBUG main            d.u.i.k.p.i.AbstractProblemLoader Init config took 2.19s 
339925     INFO  main            d.u.i.k.p.i.AbstractProblemLoader Replaying proof simplify0.key 
339926     DEBUG main            d.u.i.k.p.i.IntermediateProofReplayer Proof replay took 2.6ns 
339927     WARN  main            d.u.i.k.n.ParsingFacade   /home/runner/work/key/key/key.core/../key.ui/examples/standard_key/polySimp/simplify0.key took 1 ms to parse. 
339927     WARN  main            d.u.i.k.n.ParsingFacade   Parsing time 470 ms. 
340133     INFO  main            d.u.i.k.p.r.p.TestFile    ... finished proof: closed. 
340536     INFO  main            d.u.i.k.p.i.AbstractProblemLoader Loading environment from /home/runner/work/key/key/key.core/../key.ui/examples/standard_key/polySimp/simplify0.key.proof 
340536     DEBUG main            d.u.i.k.p.i.AbstractProblemLoader Environment load took 161.1ns 
340537     WARN  main            d.u.i.k.n.ParsingFacade   /home/runner/work/key/key/key.core/../key.ui/examples/standard_key/polySimp/simplify0.key.proof took 1 ms to parse. 
340537     WARN  main            d.u.i.k.n.ParsingFacade   Parsing time 471 ms. 
340537     INFO  main            d.u.i.k.p.i.AbstractProblemLoader Creating init config 
341217     WARN  main            d.u.i.k.n.ParsingFacade   file:/home/runner/work/key/key/key.core/build/resources/main/de/uka/ilkd/key/java/JavaRedux/java/lang/String.key took 0 ms to parse. 
341218     WARN  main            d.u.i.k.n.ParsingFacade   Parsing time 471 ms. 
342683     DEBUG main            d.u.i.k.p.i.AbstractProblemLoader Init config took 2.15s 
342697     INFO  main            d.u.i.k.p.i.AbstractProblemLoader Replaying proof simplify0.key.proof 
342713     DEBUG main            d.u.i.k.p.i.IntermediateProofReplayer Proof replay took 13.85ms 
342713     WARN  main            d.u.i.k.n.ParsingFacade   /home/runner/work/key/key/key.core/../key.ui/examples/standard_key/polySimp/simplify0.key.proof took 0 ms to parse. 
342713     WARN  main            d.u.i.k.n.ParsingFacade   Parsing time 471 ms. 
342713     DEBUG main            d.u.i.k.p.r.p.TestFile    ... success: reloaded. 
342714     INFO  main            d.u.i.k.p.r.p.TestFile    Now processing file /home/runner/work/key/key/key.core/../key.ui/examples/standard_key/polySimp/simplify1.key 
342714     INFO  main            d.u.i.k.p.i.AbstractProblemLoader Loading environment from /home/runner/work/key/key/key.core/../key.ui/examples/standard_key/polySimp/simplify1.key 
342714     DEBUG main            d.u.i.k.p.i.AbstractProblemLoader Environment load took 85.1ns 
342714     WARN  main            d.u.i.k.n.ParsingFacade   /home/runner/work/key/key/key.core/../key.ui/examples/standard_key/polySimp/simplify1.key took 0 ms to parse. 
342714     WARN  main            d.u.i.k.n.ParsingFacade   Parsing time 471 ms. 
342715     INFO  main            d.u.i.k.p.i.AbstractProblemLoader Creating init config 
343402     WARN  main            d.u.i.k.n.ParsingFacade   file:/home/runner/work/key/key/key.core/build/resources/main/de/uka/ilkd/key/java/JavaRedux/java/lang/String.key took 1 ms to parse. 
343402     WARN  main            d.u.i.k.n.ParsingFacade   Parsing time 472 ms. 
344894     DEBUG main            d.u.i.k.p.i.AbstractProblemLoader Init config took 2.18s 
344907     INFO  main            d.u.i.k.p.i.AbstractProblemLoader Replaying proof simplify1.key 
344910     DEBUG main            d.u.i.k.p.i.IntermediateProofReplayer Proof replay took 2.7ns 
344910     WARN  main            d.u.i.k.n.ParsingFacade   /home/runner/work/key/key/key.core/../key.ui/examples/standard_key/polySimp/simplify1.key took 0 ms to parse. 
344910     WARN  main            d.u.i.k.n.ParsingFacade   Parsing time 472 ms. 
345212     INFO  main            d.u.i.k.p.r.p.TestFile    ... finished proof: closed. 
345641     INFO  main            d.u.i.k.p.i.AbstractProblemLoader Loading environment from /home/runner/work/key/key/key.core/../key.ui/examples/standard_key/polySimp/simplify1.key.proof 
345641     DEBUG main            d.u.i.k.p.i.AbstractProblemLoader Environment load took 79.2ns 
345641     WARN  main            d.u.i.k.n.ParsingFacade   /home/runner/work/key/key/key.core/../key.ui/examples/standard_key/polySimp/simplify1.key.proof took 0 ms to parse. 
345641     WARN  main            d.u.i.k.n.ParsingFacade   Parsing time 472 ms. 
345642     INFO  main            d.u.i.k.p.i.AbstractProblemLoader Creating init config 
346325     WARN  main            d.u.i.k.n.ParsingFacade   file:/home/runner/work/key/key/key.core/build/resources/main/de/uka/ilkd/key/java/JavaRedux/java/lang/String.key took 1 ms to parse. 
346325     WARN  main            d.u.i.k.n.ParsingFacade   Parsing time 473 ms. 
347787     DEBUG main            d.u.i.k.p.i.AbstractProblemLoader Init config took 2.15s 
347801     INFO  main            d.u.i.k.p.i.AbstractProblemLoader Replaying proof simplify1.key.proof 
347822     DEBUG main            d.u.i.k.p.i.IntermediateProofReplayer Proof replay took 19.46ms 
347823     WARN  main            d.u.i.k.n.ParsingFacade   /home/runner/work/key/key/key.core/../key.ui/examples/standard_key/polySimp/simplify1.key.proof took 1 ms to parse. 
347823     WARN  main            d.u.i.k.n.ParsingFacade   Parsing time 474 ms. 
347823     DEBUG main            d.u.i.k.p.r.p.TestFile    ... success: reloaded. 
347823     INFO  main            d.u.i.k.p.r.p.TestFile    Now processing file /home/runner/work/key/key/key.core/../key.ui/examples/standard_key/polySimp/simplify10.key 
347823     INFO  main            d.u.i.k.p.i.AbstractProblemLoader Loading environment from /home/runner/work/key/key/key.core/../key.ui/examples/standard_key/polySimp/simplify10.key 
347823     DEBUG main            d.u.i.k.p.i.AbstractProblemLoader Environment load took 57.2ns 
347824     WARN  main            d.u.i.k.n.ParsingFacade   /home/runner/work/key/key/key.core/../key.ui/examples/standard_key/polySimp/simplify10.key took 0 ms to parse. 
347824     WARN  main            d.u.i.k.n.ParsingFacade   Parsing time 474 ms. 
347824     INFO  main            d.u.i.k.p.i.AbstractProblemLoader Creating init config 
348511     WARN  main            d.u.i.k.n.ParsingFacade   file:/home/runner/work/key/key/key.core/build/resources/main/de/uka/ilkd/key/java/JavaRedux/java/lang/String.key took 1 ms to parse. 
348511     WARN  main            d.u.i.k.n.ParsingFacade   Parsing time 475 ms. 
350016     DEBUG main            d.u.i.k.p.i.AbstractProblemLoader Init config took 2.19s 
350029     INFO  main            d.u.i.k.p.i.AbstractProblemLoader Replaying proof simplify10.key 
350030     DEBUG main            d.u.i.k.p.i.IntermediateProofReplayer Proof replay took 2.3ns 
350031     WARN  main            d.u.i.k.n.ParsingFacade   /home/runner/work/key/key/key.core/../key.ui/examples/standard_key/polySimp/simplify10.key took 1 ms to parse. 
350031     WARN  main            d.u.i.k.n.ParsingFacade   Parsing time 476 ms. 
350233     INFO  main            d.u.i.k.p.r.p.TestFile    ... finished proof: closed. 
350680     INFO  main            d.u.i.k.p.i.AbstractProblemLoader Loading environment from /home/runner/work/key/key/key.core/../key.ui/examples/standard_key/polySimp/simplify10.key.proof 
350680     DEBUG main            d.u.i.k.p.i.AbstractProblemLoader Environment load took 79.9ns 
350681     WARN  main            d.u.i.k.n.ParsingFacade   /home/runner/work/key/key/key.core/../key.ui/examples/standard_key/polySimp/simplify10.key.proof took 1 ms to parse. 
350681     WARN  main            d.u.i.k.n.ParsingFacade   Parsing time 477 ms. 
350681     INFO  main            d.u.i.k.p.i.AbstractProblemLoader Creating init config 
351364     WARN  main            d.u.i.k.n.ParsingFacade   file:/home/runner/work/key/key/key.core/build/resources/main/de/uka/ilkd/key/java/JavaRedux/java/lang/String.key took 1 ms to parse. 
351364     WARN  main            d.u.i.k.n.ParsingFacade   Parsing time 478 ms. 
352829     DEBUG main            d.u.i.k.p.i.AbstractProblemLoader Init config took 2.15s 
352843     INFO  main            d.u.i.k.p.i.AbstractProblemLoader Replaying proof simplify10.key.proof 
352872     DEBUG main            d.u.i.k.p.i.IntermediateProofReplayer Proof replay took 27.01ms 
352873     WARN  main            d.u.i.k.n.ParsingFacade   /home/runner/work/key/key/key.core/../key.ui/examples/standard_key/polySimp/simplify10.key.proof took 0 ms to parse. 
352873     WARN  main            d.u.i.k.n.ParsingFacade   Parsing time 478 ms. 
352873     DEBUG main            d.u.i.k.p.r.p.TestFile    ... success: reloaded. 
352874     INFO  main            d.u.i.k.p.r.p.TestFile    Now processing file /home/runner/work/key/key/key.core/../key.ui/examples/standard_key/polySimp/simplify11.key 
352874     INFO  main            d.u.i.k.p.i.AbstractProblemLoader Loading environment from /home/runner/work/key/key/key.core/../key.ui/examples/standard_key/polySimp/simplify11.key 
352874     DEBUG main            d.u.i.k.p.i.AbstractProblemLoader Environment load took 43.4ns 
352874     WARN  main            d.u.i.k.n.ParsingFacade   /home/runner/work/key/key/key.core/../key.ui/examples/standard_key/polySimp/simplify11.key took 0 ms to parse. 
352874     WARN  main            d.u.i.k.n.ParsingFacade   Parsing time 478 ms. 
352875     INFO  main            d.u.i.k.p.i.AbstractProblemLoader Creating init config 
353562     WARN  main            d.u.i.k.n.ParsingFacade   file:/home/runner/work/key/key/key.core/build/resources/main/de/uka/ilkd/key/java/JavaRedux/java/lang/String.key took 1 ms to parse. 
353562     WARN  main            d.u.i.k.n.ParsingFacade   Parsing time 479 ms. 
355059     DEBUG main            d.u.i.k.p.i.AbstractProblemLoader Init config took 2.18s 
355071     INFO  main            d.u.i.k.p.i.AbstractProblemLoader Replaying proof simplify11.key 
355072     DEBUG main            d.u.i.k.p.i.IntermediateProofReplayer Proof replay took 2.7ns 
355073     WARN  main            d.u.i.k.n.ParsingFacade   /home/runner/work/key/key/key.core/../key.ui/examples/standard_key/polySimp/simplify11.key took 1 ms to parse. 
355073     WARN  main            d.u.i.k.n.ParsingFacade   Parsing time 480 ms. 
355275     INFO  main            d.u.i.k.p.r.p.TestFile    ... finished proof: closed. 
355706     INFO  main            d.u.i.k.p.i.AbstractProblemLoader Loading environment from /home/runner/work/key/key/key.core/../key.ui/examples/standard_key/polySimp/simplify11.key.proof 
355706     DEBUG main            d.u.i.k.p.i.AbstractProblemLoader Environment load took 81.2ns 
355706     WARN  main            d.u.i.k.n.ParsingFacade   /home/runner/work/key/key/key.core/../key.ui/examples/standard_key/polySimp/simplify11.key.proof took 0 ms to parse. 
355706     WARN  main            d.u.i.k.n.ParsingFacade   Parsing time 480 ms. 
355707     INFO  main            d.u.i.k.p.i.AbstractProblemLoader Creating init config 
356389     WARN  main            d.u.i.k.n.ParsingFacade   file:/home/runner/work/key/key/key.core/build/resources/main/de/uka/ilkd/key/java/JavaRedux/java/lang/String.key took 1 ms to parse. 
356389     WARN  main            d.u.i.k.n.ParsingFacade   Parsing time 481 ms. 
357855     DEBUG main            d.u.i.k.p.i.AbstractProblemLoader Init config took 2.15s 
357869     INFO  main            d.u.i.k.p.i.AbstractProblemLoader Replaying proof simplify11.key.proof 
357888     DEBUG main            d.u.i.k.p.i.IntermediateProofReplayer Proof replay took 17.18ms 
357889     WARN  main            d.u.i.k.n.ParsingFacade   /home/runner/work/key/key/key.core/../key.ui/examples/standard_key/polySimp/simplify11.key.proof took 1 ms to parse. 
357889     WARN  main            d.u.i.k.n.ParsingFacade   Parsing time 482 ms. 
357889     DEBUG main            d.u.i.k.p.r.p.TestFile    ... success: reloaded. 
357889     INFO  main            d.u.i.k.p.r.p.TestFile    Now processing file /home/runner/work/key/key/key.core/../key.ui/examples/standard_key/polySimp/simplify12.key 
357889     INFO  main            d.u.i.k.p.i.AbstractProblemLoader Loading environment from /home/runner/work/key/key/key.core/../key.ui/examples/standard_key/polySimp/simplify12.key 
357889     DEBUG main            d.u.i.k.p.i.AbstractProblemLoader Environment load took 41.6ns 
357890     WARN  main            d.u.i.k.n.ParsingFacade   /home/runner/work/key/key/key.core/../key.ui/examples/standard_key/polySimp/simplify12.key took 0 ms to parse. 
357890     WARN  main            d.u.i.k.n.ParsingFacade   Parsing time 482 ms. 
357890     INFO  main            d.u.i.k.p.i.AbstractProblemLoader Creating init config 
358577     WARN  main            d.u.i.k.n.ParsingFacade   file:/home/runner/work/key/key/key.core/build/resources/main/de/uka/ilkd/key/java/JavaRedux/java/lang/String.key took 1 ms to parse. 
358577     WARN  main            d.u.i.k.n.ParsingFacade   Parsing time 483 ms. 
360065     DEBUG main            d.u.i.k.p.i.AbstractProblemLoader Init config took 2.17s 
360077     INFO  main            d.u.i.k.p.i.AbstractProblemLoader Replaying proof simplify12.key 
360078     DEBUG main            d.u.i.k.p.i.IntermediateProofReplayer Proof replay took 2.5ns 
360079     WARN  main            d.u.i.k.n.ParsingFacade   /home/runner/work/key/key/key.core/../key.ui/examples/standard_key/polySimp/simplify12.key took 0 ms to parse. 
360079     WARN  main            d.u.i.k.n.ParsingFacade   Parsing time 483 ms. 
360180     INFO  main            d.u.i.k.p.r.p.TestFile    ... finished proof: closed. 
360606     INFO  main            d.u.i.k.p.i.AbstractProblemLoader Loading environment from /home/runner/work/key/key/key.core/../key.ui/examples/standard_key/polySimp/simplify12.key.proof 
360606     DEBUG main            d.u.i.k.p.i.AbstractProblemLoader Environment load took 77.7ns 
360606     WARN  main            d.u.i.k.n.ParsingFacade   /home/runner/work/key/key/key.core/../key.ui/examples/standard_key/polySimp/simplify12.key.proof took 0 ms to parse. 
360606     WARN  main            d.u.i.k.n.ParsingFacade   Parsing time 483 ms. 
360607     INFO  main            d.u.i.k.p.i.AbstractProblemLoader Creating init config 
361286     WARN  main            d.u.i.k.n.ParsingFacade   file:/home/runner/work/key/key/key.core/build/resources/main/de/uka/ilkd/key/java/JavaRedux/java/lang/String.key took 1 ms to parse. 
361286     WARN  main            d.u.i.k.n.ParsingFacade   Parsing time 484 ms. 
362749     DEBUG main            d.u.i.k.p.i.AbstractProblemLoader Init config took 2.14s 
362762     INFO  main            d.u.i.k.p.i.AbstractProblemLoader Replaying proof simplify12.key.proof 
362771     DEBUG main            d.u.i.k.p.i.IntermediateProofReplayer Proof replay took 8.04ms 
362772     WARN  main            d.u.i.k.n.ParsingFacade   /home/runner/work/key/key/key.core/../key.ui/examples/standard_key/polySimp/simplify12.key.proof took 0 ms to parse. 
362772     WARN  main            d.u.i.k.n.ParsingFacade   Parsing time 484 ms. 
362772     DEBUG main            d.u.i.k.p.r.p.TestFile    ... success: reloaded. 
362772     INFO  main            d.u.i.k.p.r.p.TestFile    Now processing file /home/runner/work/key/key/key.core/../key.ui/examples/standard_key/polySimp/simplify13.key 
362772     INFO  main            d.u.i.k.p.i.AbstractProblemLoader Loading environment from /home/runner/work/key/key/key.core/../key.ui/examples/standard_key/polySimp/simplify13.key 
362772     DEBUG main            d.u.i.k.p.i.AbstractProblemLoader Environment load took 42.9ns 
362773     WARN  main            d.u.i.k.n.ParsingFacade   /home/runner/work/key/key/key.core/../key.ui/examples/standard_key/polySimp/simplify13.key took 0 ms to parse. 
362773     WARN  main            d.u.i.k.n.ParsingFacade   Parsing time 484 ms. 
362773     INFO  main            d.u.i.k.p.i.AbstractProblemLoader Creating init config 
363459     WARN  main            d.u.i.k.n.ParsingFacade   file:/home/runner/work/key/key/key.core/build/resources/main/de/uka/ilkd/key/java/JavaRedux/java/lang/String.key took 1 ms to parse. 
363459     WARN  main            d.u.i.k.n.ParsingFacade   Parsing time 485 ms. 
364959     DEBUG main            d.u.i.k.p.i.AbstractProblemLoader Init config took 2.19s 
364971     INFO  main            d.u.i.k.p.i.AbstractProblemLoader Replaying proof simplify13.key 
364972     DEBUG main            d.u.i.k.p.i.IntermediateProofReplayer Proof replay took 2.7ns 
364973     WARN  main            d.u.i.k.n.ParsingFacade   /home/runner/work/key/key/key.core/../key.ui/examples/standard_key/polySimp/simplify13.key took 1 ms to parse. 
364973     WARN  main            d.u.i.k.n.ParsingFacade   Parsing time 486 ms. 
365074     INFO  main            d.u.i.k.p.r.p.TestFile    ... finished proof: closed. 
365501     INFO  main            d.u.i.k.p.i.AbstractProblemLoader Loading environment from /home/runner/work/key/key/key.core/../key.ui/examples/standard_key/polySimp/simplify13.key.proof 
365501     DEBUG main            d.u.i.k.p.i.AbstractProblemLoader Environment load took 77.1ns 
365502     WARN  main            d.u.i.k.n.ParsingFacade   /home/runner/work/key/key/key.core/../key.ui/examples/standard_key/polySimp/simplify13.key.proof took 1 ms to parse. 
365502     WARN  main            d.u.i.k.n.ParsingFacade   Parsing time 487 ms. 
365502     INFO  main            d.u.i.k.p.i.AbstractProblemLoader Creating init config 
366183     WARN  main            d.u.i.k.n.ParsingFacade   file:/home/runner/work/key/key/key.core/build/resources/main/de/uka/ilkd/key/java/JavaRedux/java/lang/String.key took 1 ms to parse. 
366183     WARN  main            d.u.i.k.n.ParsingFacade   Parsing time 488 ms. 
367644     DEBUG main            d.u.i.k.p.i.AbstractProblemLoader Init config took 2.14s 
367657     INFO  main            d.u.i.k.p.i.AbstractProblemLoader Replaying proof simplify13.key.proof 
367663     DEBUG main            d.u.i.k.p.i.IntermediateProofReplayer Proof replay took 4.62ms 
367664     WARN  main            d.u.i.k.n.ParsingFacade   /home/runner/work/key/key/key.core/../key.ui/examples/standard_key/polySimp/simplify13.key.proof took 0 ms to parse. 
367664     WARN  main            d.u.i.k.n.ParsingFacade   Parsing time 488 ms. 
367664     DEBUG main            d.u.i.k.p.r.p.TestFile    ... success: reloaded. 
367664     INFO  main            d.u.i.k.p.r.p.TestFile    Now processing file /home/runner/work/key/key/key.core/../key.ui/examples/standard_key/polySimp/simplify14.key 
367665     INFO  main            d.u.i.k.p.i.AbstractProblemLoader Loading environment from /home/runner/work/key/key/key.core/../key.ui/examples/standard_key/polySimp/simplify14.key 
367665     DEBUG main            d.u.i.k.p.i.AbstractProblemLoader Environment load took 41.9ns 
367665     WARN  main            d.u.i.k.n.ParsingFacade   /home/runner/work/key/key/key.core/../key.ui/examples/standard_key/polySimp/simplify14.key took 0 ms to parse. 
367665     WARN  main            d.u.i.k.n.ParsingFacade   Parsing time 488 ms. 
367665     INFO  main            d.u.i.k.p.i.AbstractProblemLoader Creating init config 
368351     WARN  main            d.u.i.k.n.ParsingFacade   file:/home/runner/work/key/key/key.core/build/resources/main/de/uka/ilkd/key/java/JavaRedux/java/lang/String.key took 1 ms to parse. 
368352     WARN  main            d.u.i.k.n.ParsingFacade   Parsing time 489 ms. 
369845     DEBUG main            d.u.i.k.p.i.AbstractProblemLoader Init config took 2.18s 
369858     INFO  main            d.u.i.k.p.i.AbstractProblemLoader Replaying proof simplify14.key 
369859     DEBUG main            d.u.i.k.p.i.IntermediateProofReplayer Proof replay took 2.8ns 
369860     WARN  main            d.u.i.k.n.ParsingFacade   /home/runner/work/key/key/key.core/../key.ui/examples/standard_key/polySimp/simplify14.key took 0 ms to parse. 
369860     WARN  main            d.u.i.k.n.ParsingFacade   Parsing time 489 ms. 
369961     INFO  main            d.u.i.k.p.r.p.TestFile    ... finished proof: closed. 
370399     INFO  main            d.u.i.k.p.i.AbstractProblemLoader Loading environment from /home/runner/work/key/key/key.core/../key.ui/examples/standard_key/polySimp/simplify14.key.proof 
370399     DEBUG main            d.u.i.k.p.i.AbstractProblemLoader Environment load took 81.6ns 
370400     WARN  main            d.u.i.k.n.ParsingFacade   /home/runner/work/key/key/key.core/../key.ui/examples/standard_key/polySimp/simplify14.key.proof took 1 ms to parse. 
370400     WARN  main            d.u.i.k.n.ParsingFacade   Parsing time 490 ms. 
370400     INFO  main            d.u.i.k.p.i.AbstractProblemLoader Creating init config 
371081     WARN  main            d.u.i.k.n.ParsingFacade   file:/home/runner/work/key/key/key.core/build/resources/main/de/uka/ilkd/key/java/JavaRedux/java/lang/String.key took 1 ms to parse. 
371081     WARN  main            d.u.i.k.n.ParsingFacade   Parsing time 491 ms. 
372544     DEBUG main            d.u.i.k.p.i.AbstractProblemLoader Init config took 2.14s 
372557     INFO  main            d.u.i.k.p.i.AbstractProblemLoader Replaying proof simplify14.key.proof 
372560     DEBUG main            d.u.i.k.p.i.IntermediateProofReplayer Proof replay took 1.28ms 
372560     WARN  main            d.u.i.k.n.ParsingFacade   /home/runner/work/key/key/key.core/../key.ui/examples/standard_key/polySimp/simplify14.key.proof took 0 ms to parse. 
372560     WARN  main            d.u.i.k.n.ParsingFacade   Parsing time 491 ms. 
372561     DEBUG main            d.u.i.k.p.r.p.TestFile    ... success: reloaded. 
372561     INFO  main            d.u.i.k.p.r.p.TestFile    Now processing file /home/runner/work/key/key/key.core/../key.ui/examples/standard_key/polySimp/simplify15.key 
372561     INFO  main            d.u.i.k.p.i.AbstractProblemLoader Loading environment from /home/runner/work/key/key/key.core/../key.ui/examples/standard_key/polySimp/simplify15.key 
372561     DEBUG main            d.u.i.k.p.i.AbstractProblemLoader Environment load took 66.3ns 
372561     WARN  main            d.u.i.k.n.ParsingFacade   /home/runner/work/key/key/key.core/../key.ui/examples/standard_key/polySimp/simplify15.key took 0 ms to parse. 
372561     WARN  main            d.u.i.k.n.ParsingFacade   Parsing time 491 ms. 
372562     INFO  main            d.u.i.k.p.i.AbstractProblemLoader Creating init config 
373255     WARN  main            d.u.i.k.n.ParsingFacade   file:/home/runner/work/key/key/key.core/build/resources/main/de/uka/ilkd/key/java/JavaRedux/java/lang/String.key took 1 ms to parse. 
373255     WARN  main            d.u.i.k.n.ParsingFacade   Parsing time 492 ms. 
374756     DEBUG main            d.u.i.k.p.i.AbstractProblemLoader Init config took 2.19s 
374769     INFO  main            d.u.i.k.p.i.AbstractProblemLoader Replaying proof simplify15.key 
374770     DEBUG main            d.u.i.k.p.i.IntermediateProofReplayer Proof replay took 2.3ns 
374770     WARN  main            d.u.i.k.n.ParsingFacade   /home/runner/work/key/key/key.core/../key.ui/examples/standard_key/polySimp/simplify15.key took 0 ms to parse. 
374770     WARN  main            d.u.i.k.n.ParsingFacade   Parsing time 492 ms. 
374871     INFO  main            d.u.i.k.p.r.p.TestFile    ... finished proof: closed. 
375305     INFO  main            d.u.i.k.p.i.AbstractProblemLoader Loading environment from /home/runner/work/key/key/key.core/../key.ui/examples/standard_key/polySimp/simplify15.key.proof 
375305     DEBUG main            d.u.i.k.p.i.AbstractProblemLoader Environment load took 81.9ns 
375305     WARN  main            d.u.i.k.n.ParsingFacade   /home/runner/work/key/key/key.core/../key.ui/examples/standard_key/polySimp/simplify15.key.proof took 0 ms to parse. 
375305     WARN  main            d.u.i.k.n.ParsingFacade   Parsing time 492 ms. 
375306     INFO  main            d.u.i.k.p.i.AbstractProblemLoader Creating init config 
375990     WARN  main            d.u.i.k.n.ParsingFacade   file:/home/runner/work/key/key/key.core/build/resources/main/de/uka/ilkd/key/java/JavaRedux/java/lang/String.key took 0 ms to parse. 
375991     WARN  main            d.u.i.k.n.ParsingFacade   Parsing time 492 ms. 
377452     DEBUG main            d.u.i.k.p.i.AbstractProblemLoader Init config took 2.15s 
377464     INFO  main            d.u.i.k.p.i.AbstractProblemLoader Replaying proof simplify15.key.proof 
377466     DEBUG main            d.u.i.k.p.i.IntermediateProofReplayer Proof replay took 604.71ns 
377466     WARN  main            d.u.i.k.n.ParsingFacade   /home/runner/work/key/key/key.core/../key.ui/examples/standard_key/polySimp/simplify15.key.proof took 0 ms to parse. 
377466     WARN  main            d.u.i.k.n.ParsingFacade   Parsing time 492 ms. 
377467     DEBUG main            d.u.i.k.p.r.p.TestFile    ... success: reloaded. 
377467     INFO  main            d.u.i.k.p.r.p.TestFile    Now processing file /home/runner/work/key/key/key.core/../key.ui/examples/standard_key/polySimp/simplify16.key 
377467     INFO  main            d.u.i.k.p.i.AbstractProblemLoader Loading environment from /home/runner/work/key/key/key.core/../key.ui/examples/standard_key/polySimp/simplify16.key 
377467     DEBUG main            d.u.i.k.p.i.AbstractProblemLoader Environment load took 54.4ns 
377467     WARN  main            d.u.i.k.n.ParsingFacade   /home/runner/work/key/key/key.core/../key.ui/examples/standard_key/polySimp/simplify16.key took 0 ms to parse. 
377467     WARN  main            d.u.i.k.n.ParsingFacade   Parsing time 492 ms. 
377468     INFO  main            d.u.i.k.p.i.AbstractProblemLoader Creating init config 
378159     WARN  main            d.u.i.k.n.ParsingFacade   file:/home/runner/work/key/key/key.core/build/resources/main/de/uka/ilkd/key/java/JavaRedux/java/lang/String.key took 1 ms to parse. 
378159     WARN  main            d.u.i.k.n.ParsingFacade   Parsing time 493 ms. 
379648     DEBUG main            d.u.i.k.p.i.AbstractProblemLoader Init config took 2.18s 
379660     INFO  main            d.u.i.k.p.i.AbstractProblemLoader Replaying proof simplify16.key 
379661     DEBUG main            d.u.i.k.p.i.IntermediateProofReplayer Proof replay took 2.2ns 
379662     WARN  main            d.u.i.k.n.ParsingFacade   /home/runner/work/key/key/key.core/../key.ui/examples/standard_key/polySimp/simplify16.key took 0 ms to parse. 
379662     WARN  main            d.u.i.k.n.ParsingFacade   Parsing time 493 ms. 
379763     INFO  main            d.u.i.k.p.r.p.TestFile    ... finished proof: closed. 
380204     INFO  main            d.u.i.k.p.i.AbstractProblemLoader Loading environment from /home/runner/work/key/key/key.core/../key.ui/examples/standard_key/polySimp/simplify16.key.proof 
380204     DEBUG main            d.u.i.k.p.i.AbstractProblemLoader Environment load took 79.5ns 
380204     WARN  main            d.u.i.k.n.ParsingFacade   /home/runner/work/key/key/key.core/../key.ui/examples/standard_key/polySimp/simplify16.key.proof took 0 ms to parse. 
380204     WARN  main            d.u.i.k.n.ParsingFacade   Parsing time 493 ms. 
380204     INFO  main            d.u.i.k.p.i.AbstractProblemLoader Creating init config 
380882     WARN  main            d.u.i.k.n.ParsingFacade   file:/home/runner/work/key/key/key.core/build/resources/main/de/uka/ilkd/key/java/JavaRedux/java/lang/String.key took 1 ms to parse. 
380882     WARN  main            d.u.i.k.n.ParsingFacade   Parsing time 494 ms. 
382340     DEBUG main            d.u.i.k.p.i.AbstractProblemLoader Init config took 2.14s 
382352     INFO  main            d.u.i.k.p.i.AbstractProblemLoader Replaying proof simplify16.key.proof 
382354     DEBUG main            d.u.i.k.p.i.IntermediateProofReplayer Proof replay took 420.81ns 
382355     WARN  main            d.u.i.k.n.ParsingFacade   /home/runner/work/key/key/key.core/../key.ui/examples/standard_key/polySimp/simplify16.key.proof took 1 ms to parse. 
382355     WARN  main            d.u.i.k.n.ParsingFacade   Parsing time 495 ms. 
382355     DEBUG main            d.u.i.k.p.r.p.TestFile    ... success: reloaded. 
382355     INFO  main            d.u.i.k.p.r.p.TestFile    Now processing file /home/runner/work/key/key/key.core/../key.ui/examples/standard_key/polySimp/simplify17.key 
382355     INFO  main            d.u.i.k.p.i.AbstractProblemLoader Loading environment from /home/runner/work/key/key/key.core/../key.ui/examples/standard_key/polySimp/simplify17.key 
382355     DEBUG main            d.u.i.k.p.i.AbstractProblemLoader Environment load took 40.8ns 
382355     WARN  main            d.u.i.k.n.ParsingFacade   /home/runner/work/key/key/key.core/../key.ui/examples/standard_key/polySimp/simplify17.key took 0 ms to parse. 
382355     WARN  main            d.u.i.k.n.ParsingFacade   Parsing time 495 ms. 
382356     INFO  main            d.u.i.k.p.i.AbstractProblemLoader Creating init config 
383051     WARN  main            d.u.i.k.n.ParsingFacade   file:/home/runner/work/key/key/key.core/build/resources/main/de/uka/ilkd/key/java/JavaRedux/java/lang/String.key took 1 ms to parse. 
383051     WARN  main            d.u.i.k.n.ParsingFacade   Parsing time 496 ms. 
384526     DEBUG main            d.u.i.k.p.i.AbstractProblemLoader Init config took 2.17s 
384538     INFO  main            d.u.i.k.p.i.AbstractProblemLoader Replaying proof simplify17.key 
384539     DEBUG main            d.u.i.k.p.i.IntermediateProofReplayer Proof replay took 2.4ns 
384540     WARN  main            d.u.i.k.n.ParsingFacade   /home/runner/work/key/key/key.core/../key.ui/examples/standard_key/polySimp/simplify17.key took 0 ms to parse. 
384540     WARN  main            d.u.i.k.n.ParsingFacade   Parsing time 496 ms. 
384641     INFO  main            d.u.i.k.p.r.p.TestFile    ... finished proof: closed. 
385083     INFO  main            d.u.i.k.p.i.AbstractProblemLoader Loading environment from /home/runner/work/key/key/key.core/../key.ui/examples/standard_key/polySimp/simplify17.key.proof 
385083     DEBUG main            d.u.i.k.p.i.AbstractProblemLoader Environment load took 92.1ns 
385083     WARN  main            d.u.i.k.n.ParsingFacade   /home/runner/work/key/key/key.core/../key.ui/examples/standard_key/polySimp/simplify17.key.proof took 0 ms to parse. 
385083     WARN  main            d.u.i.k.n.ParsingFacade   Parsing time 496 ms. 
385084     INFO  main            d.u.i.k.p.i.AbstractProblemLoader Creating init config 
385764     WARN  main            d.u.i.k.n.ParsingFacade   file:/home/runner/work/key/key/key.core/build/resources/main/de/uka/ilkd/key/java/JavaRedux/java/lang/String.key took 1 ms to parse. 
385764     WARN  main            d.u.i.k.n.ParsingFacade   Parsing time 497 ms. 
387228     DEBUG main            d.u.i.k.p.i.AbstractProblemLoader Init config took 2.14s 
387241     INFO  main            d.u.i.k.p.i.AbstractProblemLoader Replaying proof simplify17.key.proof 
387247     DEBUG main            d.u.i.k.p.i.IntermediateProofReplayer Proof replay took 5.02ms 
387248     WARN  main            d.u.i.k.n.ParsingFacade   /home/runner/work/key/key/key.core/../key.ui/examples/standard_key/polySimp/simplify17.key.proof took 0 ms to parse. 
387248     WARN  main            d.u.i.k.n.ParsingFacade   Parsing time 497 ms. 
387248     DEBUG main            d.u.i.k.p.r.p.TestFile    ... success: reloaded. 
387248     INFO  main            d.u.i.k.p.r.p.TestFile    Now processing file /home/runner/work/key/key/key.core/../key.ui/examples/standard_key/polySimp/simplify18.key 
387249     INFO  main            d.u.i.k.p.i.AbstractProblemLoader Loading environment from /home/runner/work/key/key/key.core/../key.ui/examples/standard_key/polySimp/simplify18.key 
387249     DEBUG main            d.u.i.k.p.i.AbstractProblemLoader Environment load took 67.3ns 
387249     WARN  main            d.u.i.k.n.ParsingFacade   /home/runner/work/key/key/key.core/../key.ui/examples/standard_key/polySimp/simplify18.key took 0 ms to parse. 
387249     WARN  main            d.u.i.k.n.ParsingFacade   Parsing time 497 ms. 
387250     INFO  main            d.u.i.k.p.i.AbstractProblemLoader Creating init config 
387945     WARN  main            d.u.i.k.n.ParsingFacade   file:/home/runner/work/key/key/key.core/build/resources/main/de/uka/ilkd/key/java/JavaRedux/java/lang/String.key took 0 ms to parse. 
387945     WARN  main            d.u.i.k.n.ParsingFacade   Parsing time 497 ms. 
389420     DEBUG main            d.u.i.k.p.i.AbstractProblemLoader Init config took 2.17s 
389450     INFO  main            d.u.i.k.p.i.AbstractProblemLoader Replaying proof simplify18.key 
389451     DEBUG main            d.u.i.k.p.i.IntermediateProofReplayer Proof replay took 2.9ns 
389451     WARN  main            d.u.i.k.n.ParsingFacade   /home/runner/work/key/key/key.core/../key.ui/examples/standard_key/polySimp/simplify18.key took 0 ms to parse. 
389451     WARN  main            d.u.i.k.n.ParsingFacade   Parsing time 497 ms. 
389653     INFO  main            d.u.i.k.p.r.p.TestFile    ... finished proof: closed. 
390102     INFO  main            d.u.i.k.p.i.AbstractProblemLoader Loading environment from /home/runner/work/key/key/key.core/../key.ui/examples/standard_key/polySimp/simplify18.key.proof 
390102     DEBUG main            d.u.i.k.p.i.AbstractProblemLoader Environment load took 85.5ns 
390102     WARN  main            d.u.i.k.n.ParsingFacade   /home/runner/work/key/key/key.core/../key.ui/examples/standard_key/polySimp/simplify18.key.proof took 0 ms to parse. 
390102     WARN  main            d.u.i.k.n.ParsingFacade   Parsing time 497 ms. 
390103     INFO  main            d.u.i.k.p.i.AbstractProblemLoader Creating init config 
390786     WARN  main            d.u.i.k.n.ParsingFacade   file:/home/runner/work/key/key/key.core/build/resources/main/de/uka/ilkd/key/java/JavaRedux/java/lang/String.key took 1 ms to parse. 
390786     WARN  main            d.u.i.k.n.ParsingFacade   Parsing time 498 ms. 
392254     DEBUG main            d.u.i.k.p.i.AbstractProblemLoader Init config took 2.15s 
392267     INFO  main            d.u.i.k.p.i.AbstractProblemLoader Replaying proof simplify18.key.proof 
392282     DEBUG main            d.u.i.k.p.i.IntermediateProofReplayer Proof replay took 13.02ms 
392283     WARN  main            d.u.i.k.n.ParsingFacade   /home/runner/work/key/key/key.core/../key.ui/examples/standard_key/polySimp/simplify18.key.proof took 1 ms to parse. 
392283     WARN  main            d.u.i.k.n.ParsingFacade   Parsing time 499 ms. 
392283     DEBUG main            d.u.i.k.p.r.p.TestFile    ... success: reloaded. 
392283     INFO  main            d.u.i.k.p.r.p.TestFile    Now processing file /home/runner/work/key/key/key.core/../key.ui/examples/standard_key/polySimp/simplify19.key 
392283     INFO  main            d.u.i.k.p.i.AbstractProblemLoader Loading environment from /home/runner/work/key/key/key.core/../key.ui/examples/standard_key/polySimp/simplify19.key 
392284     DEBUG main            d.u.i.k.p.i.AbstractProblemLoader Environment load took 61.7ns 
392284     WARN  main            d.u.i.k.n.ParsingFacade   /home/runner/work/key/key/key.core/../key.ui/examples/standard_key/polySimp/simplify19.key took 0 ms to parse. 
392284     WARN  main            d.u.i.k.n.ParsingFacade   Parsing time 499 ms. 
392284     INFO  main            d.u.i.k.p.i.AbstractProblemLoader Creating init config 
392984     WARN  main            d.u.i.k.n.ParsingFacade   file:/home/runner/work/key/key/key.core/build/resources/main/de/uka/ilkd/key/java/JavaRedux/java/lang/String.key took 1 ms to parse. 
392984     WARN  main            d.u.i.k.n.ParsingFacade   Parsing time 500 ms. 
394477     DEBUG main            d.u.i.k.p.i.AbstractProblemLoader Init config took 2.19s 
394490     INFO  main            d.u.i.k.p.i.AbstractProblemLoader Replaying proof simplify19.key 
394491     DEBUG main            d.u.i.k.p.i.IntermediateProofReplayer Proof replay took 2.4ns 
394491     WARN  main            d.u.i.k.n.ParsingFacade   /home/runner/work/key/key/key.core/../key.ui/examples/standard_key/polySimp/simplify19.key took 0 ms to parse. 
394491     WARN  main            d.u.i.k.n.ParsingFacade   Parsing time 500 ms. 
397526     INFO  main            d.u.i.k.p.r.p.TestFile    ... finished proof: closed. 
398018     INFO  main            d.u.i.k.p.i.AbstractProblemLoader Loading environment from /home/runner/work/key/key/key.core/../key.ui/examples/standard_key/polySimp/simplify19.key.proof 
398018     DEBUG main            d.u.i.k.p.i.AbstractProblemLoader Environment load took 84.7ns 
398019     WARN  main            d.u.i.k.n.ParsingFacade   /home/runner/work/key/key/key.core/../key.ui/examples/standard_key/polySimp/simplify19.key.proof took 0 ms to parse. 
398019     WARN  main            d.u.i.k.n.ParsingFacade   Parsing time 500 ms. 
398020     INFO  main            d.u.i.k.p.i.AbstractProblemLoader Creating init config 
398705     WARN  main            d.u.i.k.n.ParsingFacade   file:/home/runner/work/key/key/key.core/build/resources/main/de/uka/ilkd/key/java/JavaRedux/java/lang/String.key took 1 ms to parse. 
398705     WARN  main            d.u.i.k.n.ParsingFacade   Parsing time 501 ms. 
400179     DEBUG main            d.u.i.k.p.i.AbstractProblemLoader Init config took 2.16s 
400192     INFO  main            d.u.i.k.p.i.AbstractProblemLoader Replaying proof simplify19.key.proof 
400417     DEBUG main            d.u.i.k.p.i.IntermediateProofReplayer Proof replay took 214.06ms 
400418     WARN  main            d.u.i.k.n.ParsingFacade   /home/runner/work/key/key/key.core/../key.ui/examples/standard_key/polySimp/simplify19.key.proof took 0 ms to parse. 
400418     WARN  main            d.u.i.k.n.ParsingFacade   Parsing time 501 ms. 
400418     DEBUG main            d.u.i.k.p.r.p.TestFile    ... success: reloaded. 
400419     INFO  main            d.u.i.k.p.r.p.TestFile    Now processing file /home/runner/work/key/key/key.core/../key.ui/examples/standard_key/polySimp/simplify2.key 
400419     INFO  main            d.u.i.k.p.i.AbstractProblemLoader Loading environment from /home/runner/work/key/key/key.core/../key.ui/examples/standard_key/polySimp/simplify2.key 
400419     DEBUG main            d.u.i.k.p.i.AbstractProblemLoader Environment load took 59.7ns 
400419     WARN  main            d.u.i.k.n.ParsingFacade   /home/runner/work/key/key/key.core/../key.ui/examples/standard_key/polySimp/simplify2.key took 0 ms to parse. 
400419     WARN  main            d.u.i.k.n.ParsingFacade   Parsing time 501 ms. 
400420     INFO  main            d.u.i.k.p.i.AbstractProblemLoader Creating init config 
401167     WARN  main            d.u.i.k.n.ParsingFacade   file:/home/runner/work/key/key/key.core/build/resources/main/de/uka/ilkd/key/java/JavaRedux/java/lang/String.key took 1 ms to parse. 
401167     WARN  main            d.u.i.k.n.ParsingFacade   Parsing time 502 ms. 
402665     DEBUG main            d.u.i.k.p.i.AbstractProblemLoader Init config took 2.25s 
402678     INFO  main            d.u.i.k.p.i.AbstractProblemLoader Replaying proof simplify2.key 
402678     DEBUG main            d.u.i.k.p.i.IntermediateProofReplayer Proof replay took 2.2ns 
402679     WARN  main            d.u.i.k.n.ParsingFacade   /home/runner/work/key/key/key.core/../key.ui/examples/standard_key/polySimp/simplify2.key took 0 ms to parse. 
402679     WARN  main            d.u.i.k.n.ParsingFacade   Parsing time 502 ms. 
402780     INFO  main            d.u.i.k.p.r.p.TestFile    ... finished proof: closed. 
403293     INFO  main            d.u.i.k.p.i.AbstractProblemLoader Loading environment from /home/runner/work/key/key/key.core/../key.ui/examples/standard_key/polySimp/simplify2.key.proof 
403293     DEBUG main            d.u.i.k.p.i.AbstractProblemLoader Environment load took 72.9ns 
403294     WARN  main            d.u.i.k.n.ParsingFacade   /home/runner/work/key/key/key.core/../key.ui/examples/standard_key/polySimp/simplify2.key.proof took 0 ms to parse. 
403294     WARN  main            d.u.i.k.n.ParsingFacade   Parsing time 502 ms. 
403294     INFO  main            d.u.i.k.p.i.AbstractProblemLoader Creating init config 
403974     WARN  main            d.u.i.k.n.ParsingFacade   file:/home/runner/work/key/key/key.core/build/resources/main/de/uka/ilkd/key/java/JavaRedux/java/lang/String.key took 1 ms to parse. 
403974     WARN  main            d.u.i.k.n.ParsingFacade   Parsing time 503 ms. 
405429     DEBUG main            d.u.i.k.p.i.AbstractProblemLoader Init config took 2.13s 
405442     INFO  main            d.u.i.k.p.i.AbstractProblemLoader Replaying proof simplify2.key.proof 
405443     DEBUG main            d.u.i.k.p.i.IntermediateProofReplayer Proof replay took 729.62ns 
405444     WARN  main            d.u.i.k.n.ParsingFacade   /home/runner/work/key/key/key.core/../key.ui/examples/standard_key/polySimp/simplify2.key.proof took 0 ms to parse. 
405444     WARN  main            d.u.i.k.n.ParsingFacade   Parsing time 503 ms. 
405444     DEBUG main            d.u.i.k.p.r.p.TestFile    ... success: reloaded. 
405444     INFO  main            d.u.i.k.p.r.p.TestFile    Now processing file /home/runner/work/key/key/key.core/../key.ui/examples/standard_key/polySimp/simplify20.key 
405445     INFO  main            d.u.i.k.p.i.AbstractProblemLoader Loading environment from /home/runner/work/key/key/key.core/../key.ui/examples/standard_key/polySimp/simplify20.key 
405445     DEBUG main            d.u.i.k.p.i.AbstractProblemLoader Environment load took 40.6ns 
405445     WARN  main            d.u.i.k.n.ParsingFacade   /home/runner/work/key/key/key.core/../key.ui/examples/standard_key/polySimp/simplify20.key took 0 ms to parse. 
405445     WARN  main            d.u.i.k.n.ParsingFacade   Parsing time 503 ms. 
405445     INFO  main            d.u.i.k.p.i.AbstractProblemLoader Creating init config 
406130     WARN  main            d.u.i.k.n.ParsingFacade   file:/home/runner/work/key/key/key.core/build/resources/main/de/uka/ilkd/key/java/JavaRedux/java/lang/String.key took 1 ms to parse. 
406130     WARN  main            d.u.i.k.n.ParsingFacade   Parsing time 504 ms. 
407602     DEBUG main            d.u.i.k.p.i.AbstractProblemLoader Init config took 2.16s 
407615     INFO  main            d.u.i.k.p.i.AbstractProblemLoader Replaying proof simplify20.key 
407616     DEBUG main            d.u.i.k.p.i.IntermediateProofReplayer Proof replay took 2.6ns 
407616     WARN  main            d.u.i.k.n.ParsingFacade   /home/runner/work/key/key/key.core/../key.ui/examples/standard_key/polySimp/simplify20.key took 0 ms to parse. 
407616     WARN  main            d.u.i.k.n.ParsingFacade   Parsing time 504 ms. 
408222     INFO  main            d.u.i.k.p.r.p.TestFile    ... finished proof: closed. 
408716     INFO  main            d.u.i.k.p.i.AbstractProblemLoader Loading environment from /home/runner/work/key/key/key.core/../key.ui/examples/standard_key/polySimp/simplify20.key.proof 
408716     DEBUG main            d.u.i.k.p.i.AbstractProblemLoader Environment load took 310.11ns 
408717     WARN  main            d.u.i.k.n.ParsingFacade   /home/runner/work/key/key/key.core/../key.ui/examples/standard_key/polySimp/simplify20.key.proof took 0 ms to parse. 
408717     WARN  main            d.u.i.k.n.ParsingFacade   Parsing time 504 ms. 
408718     INFO  main            d.u.i.k.p.i.AbstractProblemLoader Creating init config 
409398     WARN  main            d.u.i.k.n.ParsingFacade   file:/home/runner/work/key/key/key.core/build/resources/main/de/uka/ilkd/key/java/JavaRedux/java/lang/String.key took 1 ms to parse. 
409398     WARN  main            d.u.i.k.n.ParsingFacade   Parsing time 505 ms. 
410856     DEBUG main            d.u.i.k.p.i.AbstractProblemLoader Init config took 2.14s 
410870     INFO  main            d.u.i.k.p.i.AbstractProblemLoader Replaying proof simplify20.key.proof 
410930     DEBUG main            d.u.i.k.p.i.IntermediateProofReplayer Proof replay took 56.11ms 
410931     WARN  main            d.u.i.k.n.ParsingFacade   /home/runner/work/key/key/key.core/../key.ui/examples/standard_key/polySimp/simplify20.key.proof took 0 ms to parse. 
410931     WARN  main            d.u.i.k.n.ParsingFacade   Parsing time 505 ms. 
410931     DEBUG main            d.u.i.k.p.r.p.TestFile    ... success: reloaded. 
410932     INFO  main            d.u.i.k.p.r.p.TestFile    Now processing file /home/runner/work/key/key/key.core/../key.ui/examples/standard_key/polySimp/simplify21.key 
410932     INFO  main            d.u.i.k.p.i.AbstractProblemLoader Loading environment from /home/runner/work/key/key/key.core/../key.ui/examples/standard_key/polySimp/simplify21.key 
410932     DEBUG main            d.u.i.k.p.i.AbstractProblemLoader Environment load took 46.1ns 
410932     WARN  main            d.u.i.k.n.ParsingFacade   /home/runner/work/key/key/key.core/../key.ui/examples/standard_key/polySimp/simplify21.key took 0 ms to parse. 
410932     WARN  main            d.u.i.k.n.ParsingFacade   Parsing time 505 ms. 
410933     INFO  main            d.u.i.k.p.i.AbstractProblemLoader Creating init config 
411624     WARN  main            d.u.i.k.n.ParsingFacade   file:/home/runner/work/key/key/key.core/build/resources/main/de/uka/ilkd/key/java/JavaRedux/java/lang/String.key took 1 ms to parse. 
411624     WARN  main            d.u.i.k.n.ParsingFacade   Parsing time 506 ms. 
413110     DEBUG main            d.u.i.k.p.i.AbstractProblemLoader Init config took 2.18s 
413124     INFO  main            d.u.i.k.p.i.AbstractProblemLoader Replaying proof simplify21.key 
413125     DEBUG main            d.u.i.k.p.i.IntermediateProofReplayer Proof replay took 2.6ns 
413126     WARN  main            d.u.i.k.n.ParsingFacade   /home/runner/work/key/key/key.core/../key.ui/examples/standard_key/polySimp/simplify21.key took 1 ms to parse. 
413126     WARN  main            d.u.i.k.n.ParsingFacade   Parsing time 507 ms. 
413729     INFO  main            d.u.i.k.p.r.p.TestFile    ... finished proof: closed. 
414259     INFO  main            d.u.i.k.p.i.AbstractProblemLoader Loading environment from /home/runner/work/key/key/key.core/../key.ui/examples/standard_key/polySimp/simplify21.key.proof 
414259     DEBUG main            d.u.i.k.p.i.AbstractProblemLoader Environment load took 93.7ns 
414260     WARN  main            d.u.i.k.n.ParsingFacade   /home/runner/work/key/key/key.core/../key.ui/examples/standard_key/polySimp/simplify21.key.proof took 1 ms to parse. 
414260     WARN  main            d.u.i.k.n.ParsingFacade   Parsing time 508 ms. 
414261     INFO  main            d.u.i.k.p.i.AbstractProblemLoader Creating init config 
414943     WARN  main            d.u.i.k.n.ParsingFacade   file:/home/runner/work/key/key/key.core/build/resources/main/de/uka/ilkd/key/java/JavaRedux/java/lang/String.key took 1 ms to parse. 
414944     WARN  main            d.u.i.k.n.ParsingFacade   Parsing time 509 ms. 
416402     DEBUG main            d.u.i.k.p.i.AbstractProblemLoader Init config took 2.14s 
416417     INFO  main            d.u.i.k.p.i.AbstractProblemLoader Replaying proof simplify21.key.proof 
416464     DEBUG main            d.u.i.k.p.i.IntermediateProofReplayer Proof replay took 43.75ms 
416466     WARN  main            d.u.i.k.n.ParsingFacade   /home/runner/work/key/key/key.core/../key.ui/examples/standard_key/polySimp/simplify21.key.proof took 1 ms to parse. 
416466     WARN  main            d.u.i.k.n.ParsingFacade   Parsing time 510 ms. 
416466     DEBUG main            d.u.i.k.p.r.p.TestFile    ... success: reloaded. 
416466     INFO  main            d.u.i.k.p.r.p.TestFile    Now processing file /home/runner/work/key/key/key.core/../key.ui/examples/standard_key/polySimp/simplify22.key 
416467     INFO  main            d.u.i.k.p.i.AbstractProblemLoader Loading environment from /home/runner/work/key/key/key.core/../key.ui/examples/standard_key/polySimp/simplify22.key 
416467     DEBUG main            d.u.i.k.p.i.AbstractProblemLoader Environment load took 64.7ns 
416467     WARN  main            d.u.i.k.n.ParsingFacade   /home/runner/work/key/key/key.core/../key.ui/examples/standard_key/polySimp/simplify22.key took 0 ms to parse. 
416467     WARN  main            d.u.i.k.n.ParsingFacade   Parsing time 510 ms. 
416467     INFO  main            d.u.i.k.p.i.AbstractProblemLoader Creating init config 
417153     WARN  main            d.u.i.k.n.ParsingFacade   file:/home/runner/work/key/key/key.core/build/resources/main/de/uka/ilkd/key/java/JavaRedux/java/lang/String.key took 1 ms to parse. 
417153     WARN  main            d.u.i.k.n.ParsingFacade   Parsing time 511 ms. 
418635     DEBUG main            d.u.i.k.p.i.AbstractProblemLoader Init config took 2.17s 
418647     INFO  main            d.u.i.k.p.i.AbstractProblemLoader Replaying proof simplify22.key 
418648     DEBUG main            d.u.i.k.p.i.IntermediateProofReplayer Proof replay took 2.5ns 
418649     WARN  main            d.u.i.k.n.ParsingFacade   /home/runner/work/key/key/key.core/../key.ui/examples/standard_key/polySimp/simplify22.key took 0 ms to parse. 
418649     WARN  main            d.u.i.k.n.ParsingFacade   Parsing time 511 ms. 
418752     INFO  main            d.u.i.k.p.r.p.TestFile    ... finished proof: closed. 
419249     INFO  main            d.u.i.k.p.i.AbstractProblemLoader Loading environment from /home/runner/work/key/key/key.core/../key.ui/examples/standard_key/polySimp/simplify22.key.proof 
419249     DEBUG main            d.u.i.k.p.i.AbstractProblemLoader Environment load took 78.8ns 
419250     WARN  main            d.u.i.k.n.ParsingFacade   /home/runner/work/key/key/key.core/../key.ui/examples/standard_key/polySimp/simplify22.key.proof took 0 ms to parse. 
419250     WARN  main            d.u.i.k.n.ParsingFacade   Parsing time 511 ms. 
419250     INFO  main            d.u.i.k.p.i.AbstractProblemLoader Creating init config 
419936     WARN  main            d.u.i.k.n.ParsingFacade   file:/home/runner/work/key/key/key.core/build/resources/main/de/uka/ilkd/key/java/JavaRedux/java/lang/String.key took 1 ms to parse. 
419936     WARN  main            d.u.i.k.n.ParsingFacade   Parsing time 512 ms. 
421383     DEBUG main            d.u.i.k.p.i.AbstractProblemLoader Init config took 2.13s 
421404     INFO  main            d.u.i.k.p.i.AbstractProblemLoader Replaying proof simplify22.key.proof 
421408     DEBUG main            d.u.i.k.p.i.IntermediateProofReplayer Proof replay took 2.19ms 
421408     WARN  main            d.u.i.k.n.ParsingFacade   /home/runner/work/key/key/key.core/../key.ui/examples/standard_key/polySimp/simplify22.key.proof took 0 ms to parse. 
421408     WARN  main            d.u.i.k.n.ParsingFacade   Parsing time 512 ms. 
421409     DEBUG main            d.u.i.k.p.r.p.TestFile    ... success: reloaded. 
421409     INFO  main            d.u.i.k.p.r.p.TestFile    Now processing file /home/runner/work/key/key/key.core/../key.ui/examples/standard_key/polySimp/simplify23.key 
421409     INFO  main            d.u.i.k.p.i.AbstractProblemLoader Loading environment from /home/runner/work/key/key/key.core/../key.ui/examples/standard_key/polySimp/simplify23.key 
421409     DEBUG main            d.u.i.k.p.i.AbstractProblemLoader Environment load took 70.2ns 
421409     WARN  main            d.u.i.k.n.ParsingFacade   /home/runner/work/key/key/key.core/../key.ui/examples/standard_key/polySimp/simplify23.key took 0 ms to parse. 
421410     WARN  main            d.u.i.k.n.ParsingFacade   Parsing time 512 ms. 
421410     INFO  main            d.u.i.k.p.i.AbstractProblemLoader Creating init config 
422097     WARN  main            d.u.i.k.n.ParsingFacade   file:/home/runner/work/key/key/key.core/build/resources/main/de/uka/ilkd/key/java/JavaRedux/java/lang/String.key took 1 ms to parse. 
422097     WARN  main            d.u.i.k.n.ParsingFacade   Parsing time 513 ms. 
423573     DEBUG main            d.u.i.k.p.i.AbstractProblemLoader Init config took 2.16s 
423585     INFO  main            d.u.i.k.p.i.AbstractProblemLoader Replaying proof simplify23.key 
423587     DEBUG main            d.u.i.k.p.i.IntermediateProofReplayer Proof replay took 2.4ns 
423587     WARN  main            d.u.i.k.n.ParsingFacade   /home/runner/work/key/key/key.core/../key.ui/examples/standard_key/polySimp/simplify23.key took 0 ms to parse. 
423587     WARN  main            d.u.i.k.n.ParsingFacade   Parsing time 513 ms. 
423688     INFO  main            d.u.i.k.p.r.p.TestFile    ... finished proof: closed. 
424171     INFO  main            d.u.i.k.p.i.AbstractProblemLoader Loading environment from /home/runner/work/key/key/key.core/../key.ui/examples/standard_key/polySimp/simplify23.key.proof 
424171     DEBUG main            d.u.i.k.p.i.AbstractProblemLoader Environment load took 90.3ns 
424172     WARN  main            d.u.i.k.n.ParsingFacade   /home/runner/work/key/key/key.core/../key.ui/examples/standard_key/polySimp/simplify23.key.proof took 0 ms to parse. 
424172     WARN  main            d.u.i.k.n.ParsingFacade   Parsing time 513 ms. 
424172     INFO  main            d.u.i.k.p.i.AbstractProblemLoader Creating init config 
424858     WARN  main            d.u.i.k.n.ParsingFacade   file:/home/runner/work/key/key/key.core/build/resources/main/de/uka/ilkd/key/java/JavaRedux/java/lang/String.key took 1 ms to parse. 
424858     WARN  main            d.u.i.k.n.ParsingFacade   Parsing time 514 ms. 
426307     DEBUG main            d.u.i.k.p.i.AbstractProblemLoader Init config took 2.13s 
426320     INFO  main            d.u.i.k.p.i.AbstractProblemLoader Replaying proof simplify23.key.proof 
426335     DEBUG main            d.u.i.k.p.i.IntermediateProofReplayer Proof replay took 11.05ms 
426336     WARN  main            d.u.i.k.n.ParsingFacade   /home/runner/work/key/key/key.core/../key.ui/examples/standard_key/polySimp/simplify23.key.proof took 0 ms to parse. 
426336     WARN  main            d.u.i.k.n.ParsingFacade   Parsing time 514 ms. 
426336     DEBUG main            d.u.i.k.p.r.p.TestFile    ... success: reloaded. 
426337     INFO  main            d.u.i.k.p.r.p.TestFile    Now processing file /home/runner/work/key/key/key.core/../key.ui/examples/standard_key/polySimp/simplify24.key 
426337     INFO  main            d.u.i.k.p.i.AbstractProblemLoader Loading environment from /home/runner/work/key/key/key.core/../key.ui/examples/standard_key/polySimp/simplify24.key 
426337     DEBUG main            d.u.i.k.p.i.AbstractProblemLoader Environment load took 42.4ns 
426337     WARN  main            d.u.i.k.n.ParsingFacade   /home/runner/work/key/key/key.core/../key.ui/examples/standard_key/polySimp/simplify24.key took 0 ms to parse. 
426337     WARN  main            d.u.i.k.n.ParsingFacade   Parsing time 514 ms. 
426337     INFO  main            d.u.i.k.p.i.AbstractProblemLoader Creating init config 
427031     WARN  main            d.u.i.k.n.ParsingFacade   file:/home/runner/work/key/key/key.core/build/resources/main/de/uka/ilkd/key/java/JavaRedux/java/lang/String.key took 0 ms to parse. 
427031     WARN  main            d.u.i.k.n.ParsingFacade   Parsing time 514 ms. 
428488     DEBUG main            d.u.i.k.p.i.AbstractProblemLoader Init config took 2.15s 
428518     INFO  main            d.u.i.k.p.i.AbstractProblemLoader Replaying proof simplify24.key 
428519     DEBUG main            d.u.i.k.p.i.IntermediateProofReplayer Proof replay took 2.9ns 
428519     WARN  main            d.u.i.k.n.ParsingFacade   /home/runner/work/key/key/key.core/../key.ui/examples/standard_key/polySimp/simplify24.key took 0 ms to parse. 
428519     WARN  main            d.u.i.k.n.ParsingFacade   Parsing time 514 ms. 
428623     INFO  main            d.u.i.k.p.r.p.TestFile    ... finished proof: closed. 
429107     INFO  main            d.u.i.k.p.i.AbstractProblemLoader Loading environment from /home/runner/work/key/key/key.core/../key.ui/examples/standard_key/polySimp/simplify24.key.proof 
429107     DEBUG main            d.u.i.k.p.i.AbstractProblemLoader Environment load took 79.5ns 
429107     WARN  main            d.u.i.k.n.ParsingFacade   /home/runner/work/key/key/key.core/../key.ui/examples/standard_key/polySimp/simplify24.key.proof took 0 ms to parse. 
429108     WARN  main            d.u.i.k.n.ParsingFacade   Parsing time 514 ms. 
429108     INFO  main            d.u.i.k.p.i.AbstractProblemLoader Creating init config 
429787     WARN  main            d.u.i.k.n.ParsingFacade   file:/home/runner/work/key/key/key.core/build/resources/main/de/uka/ilkd/key/java/JavaRedux/java/lang/String.key took 1 ms to parse. 
429787     WARN  main            d.u.i.k.n.ParsingFacade   Parsing time 515 ms. 
431231     DEBUG main            d.u.i.k.p.i.AbstractProblemLoader Init config took 2.12s 
431245     INFO  main            d.u.i.k.p.i.AbstractProblemLoader Replaying proof simplify24.key.proof 
431248     DEBUG main            d.u.i.k.p.i.IntermediateProofReplayer Proof replay took 2.27ms 
431248     WARN  main            d.u.i.k.n.ParsingFacade   /home/runner/work/key/key/key.core/../key.ui/examples/standard_key/polySimp/simplify24.key.proof took 0 ms to parse. 
431249     WARN  main            d.u.i.k.n.ParsingFacade   Parsing time 515 ms. 
431249     DEBUG main            d.u.i.k.p.r.p.TestFile    ... success: reloaded. 
431249     INFO  main            d.u.i.k.p.r.p.TestFile    Now processing file /home/runner/work/key/key/key.core/../key.ui/examples/standard_key/polySimp/simplify25.key 
431249     INFO  main            d.u.i.k.p.i.AbstractProblemLoader Loading environment from /home/runner/work/key/key/key.core/../key.ui/examples/standard_key/polySimp/simplify25.key 
431249     DEBUG main            d.u.i.k.p.i.AbstractProblemLoader Environment load took 40ns 
431249     WARN  main            d.u.i.k.n.ParsingFacade   /home/runner/work/key/key/key.core/../key.ui/examples/standard_key/polySimp/simplify25.key took 0 ms to parse. 
431249     WARN  main            d.u.i.k.n.ParsingFacade   Parsing time 515 ms. 
431250     INFO  main            d.u.i.k.p.i.AbstractProblemLoader Creating init config 
431943     WARN  main            d.u.i.k.n.ParsingFacade   file:/home/runner/work/key/key/key.core/build/resources/main/de/uka/ilkd/key/java/JavaRedux/java/lang/String.key took 1 ms to parse. 
431943     WARN  main            d.u.i.k.n.ParsingFacade   Parsing time 516 ms. 
433401     DEBUG main            d.u.i.k.p.i.AbstractProblemLoader Init config took 2.15s 
433413     INFO  main            d.u.i.k.p.i.AbstractProblemLoader Replaying proof simplify25.key 
433414     DEBUG main            d.u.i.k.p.i.IntermediateProofReplayer Proof replay took 2.6ns 
433415     WARN  main            d.u.i.k.n.ParsingFacade   /home/runner/work/key/key/key.core/../key.ui/examples/standard_key/polySimp/simplify25.key took 1 ms to parse. 
433415     WARN  main            d.u.i.k.n.ParsingFacade   Parsing time 517 ms. 
433516     INFO  main            d.u.i.k.p.r.p.TestFile    ... finished proof: closed. 
434011     INFO  main            d.u.i.k.p.i.AbstractProblemLoader Loading environment from /home/runner/work/key/key/key.core/../key.ui/examples/standard_key/polySimp/simplify25.key.proof 
434011     DEBUG main            d.u.i.k.p.i.AbstractProblemLoader Environment load took 80.3ns 
434012     WARN  main            d.u.i.k.n.ParsingFacade   /home/runner/work/key/key/key.core/../key.ui/examples/standard_key/polySimp/simplify25.key.proof took 1 ms to parse. 
434012     WARN  main            d.u.i.k.n.ParsingFacade   Parsing time 518 ms. 
434012     INFO  main            d.u.i.k.p.i.AbstractProblemLoader Creating init config 
434693     WARN  main            d.u.i.k.n.ParsingFacade   file:/home/runner/work/key/key/key.core/build/resources/main/de/uka/ilkd/key/java/JavaRedux/java/lang/String.key took 0 ms to parse. 
434694     WARN  main            d.u.i.k.n.ParsingFacade   Parsing time 518 ms. 
436140     DEBUG main            d.u.i.k.p.i.AbstractProblemLoader Init config took 2.13s 
436153     INFO  main            d.u.i.k.p.i.AbstractProblemLoader Replaying proof simplify25.key.proof 
436156     DEBUG main            d.u.i.k.p.i.IntermediateProofReplayer Proof replay took 2.33ms 
436156     WARN  main            d.u.i.k.n.ParsingFacade   /home/runner/work/key/key/key.core/../key.ui/examples/standard_key/polySimp/simplify25.key.proof took 0 ms to parse. 
436156     WARN  main            d.u.i.k.n.ParsingFacade   Parsing time 518 ms. 
436157     DEBUG main            d.u.i.k.p.r.p.TestFile    ... success: reloaded. 
436157     INFO  main            d.u.i.k.p.r.p.TestFile    Now processing file /home/runner/work/key/key/key.core/../key.ui/examples/standard_key/polySimp/simplify3.key 
436157     INFO  main            d.u.i.k.p.i.AbstractProblemLoader Loading environment from /home/runner/work/key/key/key.core/../key.ui/examples/standard_key/polySimp/simplify3.key 
436157     DEBUG main            d.u.i.k.p.i.AbstractProblemLoader Environment load took 41.8ns 
436157     WARN  main            d.u.i.k.n.ParsingFacade   /home/runner/work/key/key/key.core/../key.ui/examples/standard_key/polySimp/simplify3.key took 0 ms to parse. 
436157     WARN  main            d.u.i.k.n.ParsingFacade   Parsing time 518 ms. 
436158     INFO  main            d.u.i.k.p.i.AbstractProblemLoader Creating init config 
436852     WARN  main            d.u.i.k.n.ParsingFacade   file:/home/runner/work/key/key/key.core/build/resources/main/de/uka/ilkd/key/java/JavaRedux/java/lang/String.key took 1 ms to parse. 
436852     WARN  main            d.u.i.k.n.ParsingFacade   Parsing time 519 ms. 
438327     DEBUG main            d.u.i.k.p.i.AbstractProblemLoader Init config took 2.17s 
438339     INFO  main            d.u.i.k.p.i.AbstractProblemLoader Replaying proof simplify3.key 
438340     DEBUG main            d.u.i.k.p.i.IntermediateProofReplayer Proof replay took 2.9ns 
438341     WARN  main            d.u.i.k.n.ParsingFacade   /home/runner/work/key/key/key.core/../key.ui/examples/standard_key/polySimp/simplify3.key took 0 ms to parse. 
438341     WARN  main            d.u.i.k.n.ParsingFacade   Parsing time 519 ms. 
438442     INFO  main            d.u.i.k.p.r.p.TestFile    ... finished proof: closed. 
438942     INFO  main            d.u.i.k.p.i.AbstractProblemLoader Loading environment from /home/runner/work/key/key/key.core/../key.ui/examples/standard_key/polySimp/simplify3.key.proof 
438942     DEBUG main            d.u.i.k.p.i.AbstractProblemLoader Environment load took 91ns 
438942     WARN  main            d.u.i.k.n.ParsingFacade   /home/runner/work/key/key/key.core/../key.ui/examples/standard_key/polySimp/simplify3.key.proof took 0 ms to parse. 
438942     WARN  main            d.u.i.k.n.ParsingFacade   Parsing time 519 ms. 
438943     INFO  main            d.u.i.k.p.i.AbstractProblemLoader Creating init config 
439622     WARN  main            d.u.i.k.n.ParsingFacade   file:/home/runner/work/key/key/key.core/build/resources/main/de/uka/ilkd/key/java/JavaRedux/java/lang/String.key took 0 ms to parse. 
439623     WARN  main            d.u.i.k.n.ParsingFacade   Parsing time 519 ms. 
441075     DEBUG main            d.u.i.k.p.i.AbstractProblemLoader Init config took 2.13s 
441088     INFO  main            d.u.i.k.p.i.AbstractProblemLoader Replaying proof simplify3.key.proof 
441090     DEBUG main            d.u.i.k.p.i.IntermediateProofReplayer Proof replay took 771.62ns 
441090     WARN  main            d.u.i.k.n.ParsingFacade   /home/runner/work/key/key/key.core/../key.ui/examples/standard_key/polySimp/simplify3.key.proof took 0 ms to parse. 
441090     WARN  main            d.u.i.k.n.ParsingFacade   Parsing time 519 ms. 
441091     DEBUG main            d.u.i.k.p.r.p.TestFile    ... success: reloaded. 
441091     INFO  main            d.u.i.k.p.r.p.TestFile    Now processing file /home/runner/work/key/key/key.core/../key.ui/examples/standard_key/polySimp/simplify4.key 
441091     INFO  main            d.u.i.k.p.i.AbstractProblemLoader Loading environment from /home/runner/work/key/key/key.core/../key.ui/examples/standard_key/polySimp/simplify4.key 
441091     DEBUG main            d.u.i.k.p.i.AbstractProblemLoader Environment load took 40.9ns 
441091     WARN  main            d.u.i.k.n.ParsingFacade   /home/runner/work/key/key/key.core/../key.ui/examples/standard_key/polySimp/simplify4.key took 0 ms to parse. 
441091     WARN  main            d.u.i.k.n.ParsingFacade   Parsing time 519 ms. 
441092     INFO  main            d.u.i.k.p.i.AbstractProblemLoader Creating init config 
441778     WARN  main            d.u.i.k.n.ParsingFacade   file:/home/runner/work/key/key/key.core/build/resources/main/de/uka/ilkd/key/java/JavaRedux/java/lang/String.key took 0 ms to parse. 
441778     WARN  main            d.u.i.k.n.ParsingFacade   Parsing time 519 ms. 
443252     DEBUG main            d.u.i.k.p.i.AbstractProblemLoader Init config took 2.16s 
443264     INFO  main            d.u.i.k.p.i.AbstractProblemLoader Replaying proof simplify4.key 
443265     DEBUG main            d.u.i.k.p.i.IntermediateProofReplayer Proof replay took 2.6ns 
443266     WARN  main            d.u.i.k.n.ParsingFacade   /home/runner/work/key/key/key.core/../key.ui/examples/standard_key/polySimp/simplify4.key took 1 ms to parse. 
443266     WARN  main            d.u.i.k.n.ParsingFacade   Parsing time 520 ms. 
443367     INFO  main            d.u.i.k.p.r.p.TestFile    ... finished proof: closed. 
443870     INFO  main            d.u.i.k.p.i.AbstractProblemLoader Loading environment from /home/runner/work/key/key/key.core/../key.ui/examples/standard_key/polySimp/simplify4.key.proof 
443870     DEBUG main            d.u.i.k.p.i.AbstractProblemLoader Environment load took 81.3ns 
443870     WARN  main            d.u.i.k.n.ParsingFacade   /home/runner/work/key/key/key.core/../key.ui/examples/standard_key/polySimp/simplify4.key.proof took 0 ms to parse. 
443870     WARN  main            d.u.i.k.n.ParsingFacade   Parsing time 520 ms. 
443871     INFO  main            d.u.i.k.p.i.AbstractProblemLoader Creating init config 
444550     WARN  main            d.u.i.k.n.ParsingFacade   file:/home/runner/work/key/key/key.core/build/resources/main/de/uka/ilkd/key/java/JavaRedux/java/lang/String.key took 1 ms to parse. 
444550     WARN  main            d.u.i.k.n.ParsingFacade   Parsing time 521 ms. 
446004     DEBUG main            d.u.i.k.p.i.AbstractProblemLoader Init config took 2.13s 
446017     INFO  main            d.u.i.k.p.i.AbstractProblemLoader Replaying proof simplify4.key.proof 
446019     DEBUG main            d.u.i.k.p.i.IntermediateProofReplayer Proof replay took 1.02ms 
446019     WARN  main            d.u.i.k.n.ParsingFacade   /home/runner/work/key/key/key.core/../key.ui/examples/standard_key/polySimp/simplify4.key.proof took 0 ms to parse. 
446019     WARN  main            d.u.i.k.n.ParsingFacade   Parsing time 521 ms. 
446019     DEBUG main            d.u.i.k.p.r.p.TestFile    ... success: reloaded. 
446020     INFO  main            d.u.i.k.p.r.p.TestFile    Now processing file /home/runner/work/key/key/key.core/../key.ui/examples/standard_key/polySimp/simplify5.key 
446020     INFO  main            d.u.i.k.p.i.AbstractProblemLoader Loading environment from /home/runner/work/key/key/key.core/../key.ui/examples/standard_key/polySimp/simplify5.key 
446020     DEBUG main            d.u.i.k.p.i.AbstractProblemLoader Environment load took 82ns 
446020     WARN  main            d.u.i.k.n.ParsingFacade   /home/runner/work/key/key/key.core/../key.ui/examples/standard_key/polySimp/simplify5.key took 0 ms to parse. 
446020     WARN  main            d.u.i.k.n.ParsingFacade   Parsing time 521 ms. 
446021     INFO  main            d.u.i.k.p.i.AbstractProblemLoader Creating init config 
446703     WARN  main            d.u.i.k.n.ParsingFacade   file:/home/runner/work/key/key/key.core/build/resources/main/de/uka/ilkd/key/java/JavaRedux/java/lang/String.key took 0 ms to parse. 
446703     WARN  main            d.u.i.k.n.ParsingFacade   Parsing time 521 ms. 
448180     DEBUG main            d.u.i.k.p.i.AbstractProblemLoader Init config took 2.16s 
448193     INFO  main            d.u.i.k.p.i.AbstractProblemLoader Replaying proof simplify5.key 
448193     DEBUG main            d.u.i.k.p.i.IntermediateProofReplayer Proof replay took 2.7ns 
448194     WARN  main            d.u.i.k.n.ParsingFacade   /home/runner/work/key/key/key.core/../key.ui/examples/standard_key/polySimp/simplify5.key took 0 ms to parse. 
448194     WARN  main            d.u.i.k.n.ParsingFacade   Parsing time 521 ms. 
448295     INFO  main            d.u.i.k.p.r.p.TestFile    ... finished proof: closed. 
448799     INFO  main            d.u.i.k.p.i.AbstractProblemLoader Loading environment from /home/runner/work/key/key/key.core/../key.ui/examples/standard_key/polySimp/simplify5.key.proof 
448800     DEBUG main            d.u.i.k.p.i.AbstractProblemLoader Environment load took 85.1ns 
448800     WARN  main            d.u.i.k.n.ParsingFacade   /home/runner/work/key/key/key.core/../key.ui/examples/standard_key/polySimp/simplify5.key.proof took 0 ms to parse. 
448800     WARN  main            d.u.i.k.n.ParsingFacade   Parsing time 521 ms. 
448800     INFO  main            d.u.i.k.p.i.AbstractProblemLoader Creating init config 
449479     WARN  main            d.u.i.k.n.ParsingFacade   file:/home/runner/work/key/key/key.core/build/resources/main/de/uka/ilkd/key/java/JavaRedux/java/lang/String.key took 1 ms to parse. 
449480     WARN  main            d.u.i.k.n.ParsingFacade   Parsing time 522 ms. 
450933     DEBUG main            d.u.i.k.p.i.AbstractProblemLoader Init config took 2.13s 
450946     INFO  main            d.u.i.k.p.i.AbstractProblemLoader Replaying proof simplify5.key.proof 
450953     DEBUG main            d.u.i.k.p.i.IntermediateProofReplayer Proof replay took 5.81ms 
450953     WARN  main            d.u.i.k.n.ParsingFacade   /home/runner/work/key/key/key.core/../key.ui/examples/standard_key/polySimp/simplify5.key.proof took 0 ms to parse. 
450953     WARN  main            d.u.i.k.n.ParsingFacade   Parsing time 522 ms. 
450954     DEBUG main            d.u.i.k.p.r.p.TestFile    ... success: reloaded. 
450954     INFO  main            d.u.i.k.p.r.p.TestFile    Now processing file /home/runner/work/key/key/key.core/../key.ui/examples/standard_key/polySimp/simplify6.key 
450954     INFO  main            d.u.i.k.p.i.AbstractProblemLoader Loading environment from /home/runner/work/key/key/key.core/../key.ui/examples/standard_key/polySimp/simplify6.key 
450954     DEBUG main            d.u.i.k.p.i.AbstractProblemLoader Environment load took 66.1ns 
450954     WARN  main            d.u.i.k.n.ParsingFacade   /home/runner/work/key/key/key.core/../key.ui/examples/standard_key/polySimp/simplify6.key took 0 ms to parse. 
450954     WARN  main            d.u.i.k.n.ParsingFacade   Parsing time 522 ms. 
450955     INFO  main            d.u.i.k.p.i.AbstractProblemLoader Creating init config 
451639     WARN  main            d.u.i.k.n.ParsingFacade   file:/home/runner/work/key/key/key.core/build/resources/main/de/uka/ilkd/key/java/JavaRedux/java/lang/String.key took 1 ms to parse. 
451639     WARN  main            d.u.i.k.n.ParsingFacade   Parsing time 523 ms. 
453117     DEBUG main            d.u.i.k.p.i.AbstractProblemLoader Init config took 2.16s 
453130     INFO  main            d.u.i.k.p.i.AbstractProblemLoader Replaying proof simplify6.key 
453131     DEBUG main            d.u.i.k.p.i.IntermediateProofReplayer Proof replay took 2.4ns 
453132     WARN  main            d.u.i.k.n.ParsingFacade   /home/runner/work/key/key/key.core/../key.ui/examples/standard_key/polySimp/simplify6.key took 0 ms to parse. 
453132     WARN  main            d.u.i.k.n.ParsingFacade   Parsing time 523 ms. 
453233     INFO  main            d.u.i.k.p.r.p.TestFile    ... finished proof: closed. 
453742     INFO  main            d.u.i.k.p.i.AbstractProblemLoader Loading environment from /home/runner/work/key/key/key.core/../key.ui/examples/standard_key/polySimp/simplify6.key.proof 
453742     DEBUG main            d.u.i.k.p.i.AbstractProblemLoader Environment load took 79.3ns 
453742     WARN  main            d.u.i.k.n.ParsingFacade   /home/runner/work/key/key/key.core/../key.ui/examples/standard_key/polySimp/simplify6.key.proof took 0 ms to parse. 
453742     WARN  main            d.u.i.k.n.ParsingFacade   Parsing time 523 ms. 
453743     INFO  main            d.u.i.k.p.i.AbstractProblemLoader Creating init config 
454422     WARN  main            d.u.i.k.n.ParsingFacade   file:/home/runner/work/key/key/key.core/build/resources/main/de/uka/ilkd/key/java/JavaRedux/java/lang/String.key took 1 ms to parse. 
454422     WARN  main            d.u.i.k.n.ParsingFacade   Parsing time 524 ms. 
455877     DEBUG main            d.u.i.k.p.i.AbstractProblemLoader Init config took 2.13s 
455890     INFO  main            d.u.i.k.p.i.AbstractProblemLoader Replaying proof simplify6.key.proof 
455892     DEBUG main            d.u.i.k.p.i.IntermediateProofReplayer Proof replay took 308.41ns 
455892     WARN  main            d.u.i.k.n.ParsingFacade   /home/runner/work/key/key/key.core/../key.ui/examples/standard_key/polySimp/simplify6.key.proof took 0 ms to parse. 
455892     WARN  main            d.u.i.k.n.ParsingFacade   Parsing time 524 ms. 
455892     DEBUG main            d.u.i.k.p.r.p.TestFile    ... success: reloaded. 
455893     INFO  main            d.u.i.k.p.r.p.TestFile    Now processing file /home/runner/work/key/key/key.core/../key.ui/examples/standard_key/polySimp/simplify7.key 
455893     INFO  main            d.u.i.k.p.i.AbstractProblemLoader Loading environment from /home/runner/work/key/key/key.core/../key.ui/examples/standard_key/polySimp/simplify7.key 
455893     DEBUG main            d.u.i.k.p.i.AbstractProblemLoader Environment load took 39.7ns 
455893     WARN  main            d.u.i.k.n.ParsingFacade   /home/runner/work/key/key/key.core/../key.ui/examples/standard_key/polySimp/simplify7.key took 0 ms to parse. 
455893     WARN  main            d.u.i.k.n.ParsingFacade   Parsing time 524 ms. 
455894     INFO  main            d.u.i.k.p.i.AbstractProblemLoader Creating init config 
456579     WARN  main            d.u.i.k.n.ParsingFacade   file:/home/runner/work/key/key/key.core/build/resources/main/de/uka/ilkd/key/java/JavaRedux/java/lang/String.key took 0 ms to parse. 
456580     WARN  main            d.u.i.k.n.ParsingFacade   Parsing time 524 ms. 
458055     DEBUG main            d.u.i.k.p.i.AbstractProblemLoader Init config took 2.16s 
458068     INFO  main            d.u.i.k.p.i.AbstractProblemLoader Replaying proof simplify7.key 
458069     DEBUG main            d.u.i.k.p.i.IntermediateProofReplayer Proof replay took 2.6ns 
458069     WARN  main            d.u.i.k.n.ParsingFacade   /home/runner/work/key/key/key.core/../key.ui/examples/standard_key/polySimp/simplify7.key took 0 ms to parse. 
458069     WARN  main            d.u.i.k.n.ParsingFacade   Parsing time 524 ms. 
458170     INFO  main            d.u.i.k.p.r.p.TestFile    ... finished proof: closed. 
458687     INFO  main            d.u.i.k.p.i.AbstractProblemLoader Loading environment from /home/runner/work/key/key/key.core/../key.ui/examples/standard_key/polySimp/simplify7.key.proof 
458687     DEBUG main            d.u.i.k.p.i.AbstractProblemLoader Environment load took 81.1ns 
458688     WARN  main            d.u.i.k.n.ParsingFacade   /home/runner/work/key/key/key.core/../key.ui/examples/standard_key/polySimp/simplify7.key.proof took 1 ms to parse. 
458688     WARN  main            d.u.i.k.n.ParsingFacade   Parsing time 525 ms. 
458688     INFO  main            d.u.i.k.p.i.AbstractProblemLoader Creating init config 
459368     WARN  main            d.u.i.k.n.ParsingFacade   file:/home/runner/work/key/key/key.core/build/resources/main/de/uka/ilkd/key/java/JavaRedux/java/lang/String.key took 1 ms to parse. 
459368     WARN  main            d.u.i.k.n.ParsingFacade   Parsing time 526 ms. 
460820     DEBUG main            d.u.i.k.p.i.AbstractProblemLoader Init config took 2.13s 
460833     INFO  main            d.u.i.k.p.i.AbstractProblemLoader Replaying proof simplify7.key.proof 
460835     DEBUG main            d.u.i.k.p.i.IntermediateProofReplayer Proof replay took 547.11ns 
460836     WARN  main            d.u.i.k.n.ParsingFacade   /home/runner/work/key/key/key.core/../key.ui/examples/standard_key/polySimp/simplify7.key.proof took 0 ms to parse. 
460836     WARN  main            d.u.i.k.n.ParsingFacade   Parsing time 526 ms. 
460836     DEBUG main            d.u.i.k.p.r.p.TestFile    ... success: reloaded. 
460836     INFO  main            d.u.i.k.p.r.p.TestFile    Now processing file /home/runner/work/key/key/key.core/../key.ui/examples/standard_key/polySimp/simplify8.key 
460837     INFO  main            d.u.i.k.p.i.AbstractProblemLoader Loading environment from /home/runner/work/key/key/key.core/../key.ui/examples/standard_key/polySimp/simplify8.key 
460837     DEBUG main            d.u.i.k.p.i.AbstractProblemLoader Environment load took 42.3ns 
460837     WARN  main            d.u.i.k.n.ParsingFacade   /home/runner/work/key/key/key.core/../key.ui/examples/standard_key/polySimp/simplify8.key took 0 ms to parse. 
460837     WARN  main            d.u.i.k.n.ParsingFacade   Parsing time 526 ms. 
460837     INFO  main            d.u.i.k.p.i.AbstractProblemLoader Creating init config 
461523     WARN  main            d.u.i.k.n.ParsingFacade   file:/home/runner/work/key/key/key.core/build/resources/main/de/uka/ilkd/key/java/JavaRedux/java/lang/String.key took 1 ms to parse. 
461523     WARN  main            d.u.i.k.n.ParsingFacade   Parsing time 527 ms. 
462994     DEBUG main            d.u.i.k.p.i.AbstractProblemLoader Init config took 2.16s 
463007     INFO  main            d.u.i.k.p.i.AbstractProblemLoader Replaying proof simplify8.key 
463008     DEBUG main            d.u.i.k.p.i.IntermediateProofReplayer Proof replay took 2.5ns 
463010     WARN  main            d.u.i.k.n.ParsingFacade   /home/runner/work/key/key/key.core/../key.ui/examples/standard_key/polySimp/simplify8.key took 0 ms to parse. 
463010     WARN  main            d.u.i.k.n.ParsingFacade   Parsing time 527 ms. 
466917     INFO  main            d.u.i.k.p.r.p.TestFile    ... finished proof: closed. 
467464     INFO  main            d.u.i.k.p.i.AbstractProblemLoader Loading environment from /home/runner/work/key/key/key.core/../key.ui/examples/standard_key/polySimp/simplify8.key.proof 
467464     DEBUG main            d.u.i.k.p.i.AbstractProblemLoader Environment load took 85.7ns 
467465     WARN  main            d.u.i.k.n.ParsingFacade   /home/runner/work/key/key/key.core/../key.ui/examples/standard_key/polySimp/simplify8.key.proof took 1 ms to parse. 
467465     WARN  main            d.u.i.k.n.ParsingFacade   Parsing time 528 ms. 
467466     INFO  main            d.u.i.k.p.i.AbstractProblemLoader Creating init config 
468151     WARN  main            d.u.i.k.n.ParsingFacade   file:/home/runner/work/key/key/key.core/build/resources/main/de/uka/ilkd/key/java/JavaRedux/java/lang/String.key took 0 ms to parse. 
468152     WARN  main            d.u.i.k.n.ParsingFacade   Parsing time 528 ms. 
469612     DEBUG main            d.u.i.k.p.i.AbstractProblemLoader Init config took 2.15s 
469627     INFO  main            d.u.i.k.p.i.AbstractProblemLoader Replaying proof simplify8.key.proof 
469800     DEBUG main            d.u.i.k.p.i.IntermediateProofReplayer Proof replay took 167.23ms 
469802     WARN  main            d.u.i.k.n.ParsingFacade   /home/runner/work/key/key/key.core/../key.ui/examples/standard_key/polySimp/simplify8.key.proof took 1 ms to parse. 
469802     WARN  main            d.u.i.k.n.ParsingFacade   Parsing time 529 ms. 
469802     DEBUG main            d.u.i.k.p.r.p.TestFile    ... success: reloaded. 
469802     INFO  main            d.u.i.k.p.r.p.TestFile    Now processing file /home/runner/work/key/key/key.core/../key.ui/examples/standard_key/polySimp/simplify9.key 
469803     INFO  main            d.u.i.k.p.i.AbstractProblemLoader Loading environment from /home/runner/work/key/key/key.core/../key.ui/examples/standard_key/polySimp/simplify9.key 
469803     DEBUG main            d.u.i.k.p.i.AbstractProblemLoader Environment load took 87.2ns 
469803     WARN  main            d.u.i.k.n.ParsingFacade   /home/runner/work/key/key/key.core/../key.ui/examples/standard_key/polySimp/simplify9.key took 0 ms to parse. 
469803     WARN  main            d.u.i.k.n.ParsingFacade   Parsing time 529 ms. 
469804     INFO  main            d.u.i.k.p.i.AbstractProblemLoader Creating init config 
470513     WARN  main            d.u.i.k.n.ParsingFacade   file:/home/runner/work/key/key/key.core/build/resources/main/de/uka/ilkd/key/java/JavaRedux/java/lang/String.key took 1 ms to parse. 
470513     WARN  main            d.u.i.k.n.ParsingFacade   Parsing time 530 ms. 
472027     DEBUG main            d.u.i.k.p.i.AbstractProblemLoader Init config took 2.22s 
472039     INFO  main            d.u.i.k.p.i.AbstractProblemLoader Replaying proof simplify9.key 
472040     DEBUG main            d.u.i.k.p.i.IntermediateProofReplayer Proof replay took 3.8ns 
472041     WARN  main            d.u.i.k.n.ParsingFacade   /home/runner/work/key/key/key.core/../key.ui/examples/standard_key/polySimp/simplify9.key took 0 ms to parse. 
472041     WARN  main            d.u.i.k.n.ParsingFacade   Parsing time 530 ms. 
472242     INFO  main            d.u.i.k.p.r.p.TestFile    ... finished proof: closed. 
472823     INFO  main            d.u.i.k.p.i.AbstractProblemLoader Loading environment from /home/runner/work/key/key/key.core/../key.ui/examples/standard_key/polySimp/simplify9.key.proof 
472824     DEBUG main            d.u.i.k.p.i.AbstractProblemLoader Environment load took 91.4ns 
472824     WARN  main            d.u.i.k.n.ParsingFacade   /home/runner/work/key/key/key.core/../key.ui/examples/standard_key/polySimp/simplify9.key.proof took 0 ms to parse. 
472824     WARN  main            d.u.i.k.n.ParsingFacade   Parsing time 530 ms. 
472825     INFO  main            d.u.i.k.p.i.AbstractProblemLoader Creating init config 
473506     WARN  main            d.u.i.k.n.ParsingFacade   file:/home/runner/work/key/key/key.core/build/resources/main/de/uka/ilkd/key/java/JavaRedux/java/lang/String.key took 1 ms to parse. 
473506     WARN  main            d.u.i.k.n.ParsingFacade   Parsing time 531 ms. 
474951     DEBUG main            d.u.i.k.p.i.AbstractProblemLoader Init config took 2.13s 
474965     INFO  main            d.u.i.k.p.i.AbstractProblemLoader Replaying proof simplify9.key.proof 
474975     DEBUG main            d.u.i.k.p.i.IntermediateProofReplayer Proof replay took 8.88ms 
474976     WARN  main            d.u.i.k.n.ParsingFacade   /home/runner/work/key/key/key.core/../key.ui/examples/standard_key/polySimp/simplify9.key.proof took 0 ms to parse. 
474976     WARN  main            d.u.i.k.n.ParsingFacade   Parsing time 531 ms. 
474976     DEBUG main            d.u.i.k.p.r.p.TestFile    ... success: reloaded. 
2870397    INFO  Test worker     d.u.i.k.p.r.RunAllProofsTestUnit Returning from test arithmetic 
2870398    INFO  Test worker     d.u.i.k.p.r.RunAllProofsTestUnit Running test arrays 
344        INFO  Timeout watchdog d.u.i.k.p.r.p.ForkedTestFileRunner Timeout watcher launched (2000 secs.) 
355        WARN  main            d.u.i.k.s.ProofSettings   The settings in /home/runner/.key/proof-settings.props are *not* read. 
396        INFO  main            d.u.i.k.p.r.p.TestFile    Now processing file /home/runner/work/key/key/key.core/../key.ui/examples/standard_key/arrays/arrayStoreException/array2DimPrim.key 
498        INFO  main            d.u.i.k.p.i.AbstractProblemLoader Loading environment from /home/runner/work/key/key/key.core/../key.ui/examples/standard_key/arrays/arrayStoreException/array2DimPrim.key 
523        DEBUG main            d.u.i.k.p.i.AbstractProblemLoader Environment load took 1.96ms 
639        WARN  main            d.u.i.k.n.ParsingFacade   /home/runner/work/key/key/key.core/../key.ui/examples/standard_key/arrays/arrayStoreException/array2DimPrim.key took 42 ms to parse. 
643        WARN  main            d.u.i.k.n.ParsingFacade   Parsing time 42 ms. 
776        INFO  main            d.u.i.k.p.i.AbstractProblemLoader Creating init config 
791        WARN  main            d.u.i.k.n.ParsingFacade   file:/home/runner/work/key/key/key.core/build/resources/main/de/uka/ilkd/key/proof/rules/standardRules.key took 10 ms to parse. 
792        WARN  main            d.u.i.k.n.ParsingFacade   Parsing time 52 ms. 
807        WARN  main            d.u.i.k.n.ParsingFacade   file:/home/runner/work/key/key/key.core/build/resources/main/de/uka/ilkd/key/proof/rules/ldt.key took 1 ms to parse. 
807        WARN  main            d.u.i.k.n.ParsingFacade   Parsing time 53 ms. 
810        WARN  main            d.u.i.k.n.ParsingFacade   file:/home/runner/work/key/key/key.core/build/resources/main/de/uka/ilkd/key/proof/rules/boolean.key took 0 ms to parse. 
810        WARN  main            d.u.i.k.n.ParsingFacade   Parsing time 53 ms. 
825        WARN  main            d.u.i.k.n.ParsingFacade   file:/home/runner/work/key/key/key.core/build/resources/main/de/uka/ilkd/key/proof/rules/ruleSetsDeclarations.key took 6 ms to parse. 
825        WARN  main            d.u.i.k.n.ParsingFacade   Parsing time 59 ms. 
855        WARN  main            d.u.i.k.n.ParsingFacade   file:/home/runner/work/key/key/key.core/build/resources/main/de/uka/ilkd/key/proof/rules/integerHeader.key took 10 ms to parse. 
855        WARN  main            d.u.i.k.n.ParsingFacade   Parsing time 69 ms. 
862        WARN  main            d.u.i.k.n.ParsingFacade   file:/home/runner/work/key/key/key.core/build/resources/main/de/uka/ilkd/key/proof/rules/floatHeader.key took 6 ms to parse. 
862        WARN  main            d.u.i.k.n.ParsingFacade   Parsing time 75 ms. 
864        WARN  main            d.u.i.k.n.ParsingFacade   file:/home/runner/work/key/key/key.core/build/resources/main/de/uka/ilkd/key/proof/rules/heap.key took 1 ms to parse. 
864        WARN  main            d.u.i.k.n.ParsingFacade   Parsing time 76 ms. 
866        WARN  main            d.u.i.k.n.ParsingFacade   file:/home/runner/work/key/key/key.core/build/resources/main/de/uka/ilkd/key/proof/rules/locSets.key took 0 ms to parse. 
866        WARN  main            d.u.i.k.n.ParsingFacade   Parsing time 76 ms. 
867        WARN  main            d.u.i.k.n.ParsingFacade   file:/home/runner/work/key/key/key.core/build/resources/main/de/uka/ilkd/key/proof/rules/permission.key took 1 ms to parse. 
867        WARN  main            d.u.i.k.n.ParsingFacade   Parsing time 77 ms. 
868        WARN  main            d.u.i.k.n.ParsingFacade   file:/home/runner/work/key/key/key.core/build/resources/main/de/uka/ilkd/key/proof/rules/reach.key took 1 ms to parse. 
868        WARN  main            d.u.i.k.n.ParsingFacade   Parsing time 78 ms. 
868        WARN  main            d.u.i.k.n.ParsingFacade   file:/home/runner/work/key/key/key.core/build/resources/main/de/uka/ilkd/key/proof/rules/seq.key took 0 ms to parse. 
868        WARN  main            d.u.i.k.n.ParsingFacade   Parsing time 78 ms. 
882        WARN  main            d.u.i.k.n.ParsingFacade   file:/home/runner/work/key/key/key.core/build/resources/main/de/uka/ilkd/key/proof/rules/map.key took 13 ms to parse. 
882        WARN  main            d.u.i.k.n.ParsingFacade   Parsing time 91 ms. 
883        WARN  main            d.u.i.k.n.ParsingFacade   file:/home/runner/work/key/key/key.core/build/resources/main/de/uka/ilkd/key/proof/rules/freeADT.key took 0 ms to parse. 
883        WARN  main            d.u.i.k.n.ParsingFacade   Parsing time 91 ms. 
883        WARN  main            d.u.i.k.n.ParsingFacade   file:/home/runner/work/key/key/key.core/build/resources/main/de/uka/ilkd/key/proof/rules/wellfound.key took 0 ms to parse. 
883        WARN  main            d.u.i.k.n.ParsingFacade   Parsing time 91 ms. 
884        WARN  main            d.u.i.k.n.ParsingFacade   file:/home/runner/work/key/key/key.core/build/resources/main/de/uka/ilkd/key/proof/rules/charListHeader.key took 0 ms to parse. 
884        WARN  main            d.u.i.k.n.ParsingFacade   Parsing time 91 ms. 
1023       WARN  main            d.u.i.k.n.ParsingFacade   file:/home/runner/work/key/key/key.core/build/resources/main/de/uka/ilkd/key/proof/rules/propRule.key took 4 ms to parse. 
1024       WARN  main            d.u.i.k.n.ParsingFacade   Parsing time 95 ms. 
1046       WARN  main            d.u.i.k.n.ParsingFacade   file:/home/runner/work/key/key/key.core/build/resources/main/de/uka/ilkd/key/proof/rules/firstOrderRules.key took 4 ms to parse. 
1046       WARN  main            d.u.i.k.n.ParsingFacade   Parsing time 99 ms. 
1062       WARN  main            d.u.i.k.n.ParsingFacade   file:/home/runner/work/key/key/key.core/build/resources/main/de/uka/ilkd/key/proof/rules/ifThenElseRules.key took 4 ms to parse. 
1062       WARN  main            d.u.i.k.n.ParsingFacade   Parsing time 103 ms. 
1092       WARN  main            d.u.i.k.n.ParsingFacade   file:/home/runner/work/key/key/key.core/build/resources/main/de/uka/ilkd/key/proof/rules/formulaNormalisationRules.key took 11 ms to parse. 
1092       WARN  main            d.u.i.k.n.ParsingFacade   Parsing time 114 ms. 
1158       WARN  main            d.u.i.k.n.ParsingFacade   file:/home/runner/work/key/key/key.core/build/resources/main/de/uka/ilkd/key/proof/rules/updateRules.key took 3 ms to parse. 
1159       WARN  main            d.u.i.k.n.ParsingFacade   Parsing time 117 ms. 
1185       WARN  main            d.u.i.k.n.ParsingFacade   file:/home/runner/work/key/key/key.core/build/resources/main/de/uka/ilkd/key/proof/rules/integerRulesCommon.key took 5 ms to parse. 
1185       WARN  main            d.u.i.k.n.ParsingFacade   Parsing time 122 ms. 
1276       WARN  main            d.u.i.k.n.ParsingFacade   file:/home/runner/work/key/key/key.core/build/resources/main/de/uka/ilkd/key/proof/rules/intRules.key took 4 ms to parse. 
1276       WARN  main            d.u.i.k.n.ParsingFacade   Parsing time 126 ms. 
1293       WARN  main            d.u.i.k.n.ParsingFacade   file:/home/runner/work/key/key/key.core/build/resources/main/de/uka/ilkd/key/proof/rules/intRulesUncheckedSemantics.key took 3 ms to parse. 
1293       WARN  main            d.u.i.k.n.ParsingFacade   Parsing time 129 ms. 
1301       WARN  main            d.u.i.k.n.ParsingFacade   file:/home/runner/work/key/key/key.core/build/resources/main/de/uka/ilkd/key/proof/rules/intRulesCheckedSemantics.key took 1 ms to parse. 
1301       WARN  main            d.u.i.k.n.ParsingFacade   Parsing time 130 ms. 
1308       WARN  main            d.u.i.k.n.ParsingFacade   file:/home/runner/work/key/key/key.core/build/resources/main/de/uka/ilkd/key/proof/rules/intRulesJavaSemantics.key took 2 ms to parse. 
1308       WARN  main            d.u.i.k.n.ParsingFacade   Parsing time 132 ms. 
1362       WARN  main            d.u.i.k.n.ParsingFacade   file:/home/runner/work/key/key/key.core/build/resources/main/de/uka/ilkd/key/proof/rules/integerSimplificationRules.key took 42 ms to parse. 
1362       WARN  main            d.u.i.k.n.ParsingFacade   Parsing time 174 ms. 
1497       DEBUG main            d.u.i.k.j.TypeConverter   No LDT found for Meta 
1497       DEBUG main            d.u.i.k.j.TypeConverter   No LDT found for Meta 
1498       DEBUG main            d.u.i.k.j.TypeConverter   No LDT found for Meta 
1498       DEBUG main            d.u.i.k.j.TypeConverter   No LDT found for Meta 
1540       WARN  main            d.u.i.k.n.ParsingFacade   file:/home/runner/work/key/key/key.core/build/resources/main/de/uka/ilkd/key/proof/rules/intDiv.key took 6 ms to parse. 
1540       WARN  main            d.u.i.k.n.ParsingFacade   Parsing time 180 ms. 
1574       WARN  main            d.u.i.k.n.ParsingFacade   file:/home/runner/work/key/key/key.core/build/resources/main/de/uka/ilkd/key/proof/rules/bsum.key took 12 ms to parse. 
1574       WARN  main            d.u.i.k.n.ParsingFacade   Parsing time 192 ms. 
1606       WARN  main            d.u.i.k.n.ParsingFacade   file:/home/runner/work/key/key/key.core/build/resources/main/de/uka/ilkd/key/proof/rules/bprod.key took 2 ms to parse. 
1607       WARN  main            d.u.i.k.n.ParsingFacade   Parsing time 194 ms. 
1636       WARN  main            d.u.i.k.n.ParsingFacade   file:/home/runner/work/key/key/key.core/build/resources/main/de/uka/ilkd/key/proof/rules/binaryAxioms.key took 20 ms to parse. 
1636       WARN  main            d.u.i.k.n.ParsingFacade   Parsing time 214 ms. 
1639       WARN  main            d.u.i.k.n.ParsingFacade   file:/home/runner/work/key/key/key.core/build/resources/main/de/uka/ilkd/key/proof/rules/binaryLemmas.key took 1 ms to parse. 
1639       WARN  main            d.u.i.k.n.ParsingFacade   Parsing time 215 ms. 
1645       WARN  main            d.u.i.k.n.ParsingFacade   file:/home/runner/work/key/key/key.core/build/resources/main/de/uka/ilkd/key/proof/rules/intPow.key took 2 ms to parse. 
1645       WARN  main            d.u.i.k.n.ParsingFacade   Parsing time 217 ms. 
1658       WARN  main            d.u.i.k.n.ParsingFacade   file:/home/runner/work/key/key/key.core/build/resources/main/de/uka/ilkd/key/proof/rules/floatRulesCommon.key took 5 ms to parse. 
1659       WARN  main            d.u.i.k.n.ParsingFacade   Parsing time 222 ms. 
1669       WARN  main            d.u.i.k.n.ParsingFacade   file:/home/runner/work/key/key/key.core/build/resources/main/de/uka/ilkd/key/proof/rules/floatRules.key took 0 ms to parse. 
1669       WARN  main            d.u.i.k.n.ParsingFacade   Parsing time 222 ms. 
1670       WARN  main            d.u.i.k.n.ParsingFacade   file:/home/runner/work/key/key/key.core/build/resources/main/de/uka/ilkd/key/proof/rules/floatRulesVerifyNormal.key took 1 ms to parse. 
1670       WARN  main            d.u.i.k.n.ParsingFacade   Parsing time 223 ms. 
1675       WARN  main            d.u.i.k.n.ParsingFacade   file:/home/runner/work/key/key/key.core/build/resources/main/de/uka/ilkd/key/proof/rules/floatRulesAssumeStrictfp.key took 5 ms to parse. 
1675       WARN  main            d.u.i.k.n.ParsingFacade   Parsing time 228 ms. 
1708       WARN  main            d.u.i.k.n.ParsingFacade   file:/home/runner/work/key/key/key.core/build/resources/main/de/uka/ilkd/key/proof/rules/genericRules.key took 1 ms to parse. 
1708       WARN  main            d.u.i.k.n.ParsingFacade   Parsing time 229 ms. 
1720       WARN  main            d.u.i.k.n.ParsingFacade   file:/home/runner/work/key/key/key.core/build/resources/main/de/uka/ilkd/key/proof/rules/booleanRules.key took 0 ms to parse. 
1720       WARN  main            d.u.i.k.n.ParsingFacade   Parsing time 229 ms. 
1722       WARN  main            d.u.i.k.n.ParsingFacade   file:/home/runner/work/key/key/key.core/build/resources/main/de/uka/ilkd/key/proof/rules/epsilon.key took 0 ms to parse. 
1723       WARN  main            d.u.i.k.n.ParsingFacade   Parsing time 229 ms. 
1729       WARN  main            d.u.i.k.n.ParsingFacade   file:/home/runner/work/key/key/key.core/build/resources/main/de/uka/ilkd/key/proof/rules/locSetsRules.key took 5 ms to parse. 
1729       WARN  main            d.u.i.k.n.ParsingFacade   Parsing time 234 ms. 
1765       WARN  main            d.u.i.k.n.ParsingFacade   file:/home/runner/work/key/key/key.core/build/resources/main/de/uka/ilkd/key/proof/rules/heapRules.key took 12 ms to parse. 
1766       WARN  main            d.u.i.k.n.ParsingFacade   Parsing time 246 ms. 
1821       WARN  main            d.u.i.k.n.ParsingFacade   file:/home/runner/work/key/key/key.core/build/resources/main/de/uka/ilkd/key/proof/rules/permissionRules.key took 2 ms to parse. 
1822       WARN  main            d.u.i.k.n.ParsingFacade   Parsing time 248 ms. 
1832       WARN  main            d.u.i.k.n.ParsingFacade   file:/home/runner/work/key/key/key.core/build/resources/main/de/uka/ilkd/key/proof/rules/reachRules.key took 3 ms to parse. 
1832       WARN  main            d.u.i.k.n.ParsingFacade   Parsing time 251 ms. 
1843       WARN  main            d.u.i.k.n.ParsingFacade   file:/home/runner/work/key/key/key.core/build/resources/main/de/uka/ilkd/key/proof/rules/seqCoreRules.key took 0 ms to parse. 
1843       WARN  main            d.u.i.k.n.ParsingFacade   Parsing time 251 ms. 
1851       WARN  main            d.u.i.k.n.ParsingFacade   file:/home/runner/work/key/key/key.core/build/resources/main/de/uka/ilkd/key/proof/rules/seqRules.key took 5 ms to parse. 
1851       WARN  main            d.u.i.k.n.ParsingFacade   Parsing time 256 ms. 
1871       WARN  main            d.u.i.k.n.ParsingFacade   file:/home/runner/work/key/key/key.core/build/resources/main/de/uka/ilkd/key/proof/rules/seqPerm.key took 3 ms to parse. 
1872       WARN  main            d.u.i.k.n.ParsingFacade   Parsing time 259 ms. 
1884       WARN  main            d.u.i.k.n.ParsingFacade   file:/home/runner/work/key/key/key.core/build/resources/main/de/uka/ilkd/key/proof/rules/seqPerm2.key took 0 ms to parse. 
1884       WARN  main            d.u.i.k.n.ParsingFacade   Parsing time 259 ms. 
1961       WARN  main            d.u.i.k.n.ParsingFacade   file:/home/runner/work/key/key/key.core/build/resources/main/de/uka/ilkd/key/proof/rules/javaRules.key took 72 ms to parse. 
1961       WARN  main            d.u.i.k.n.ParsingFacade   Parsing time 331 ms. 
1970       WARN  main            d.u.i.k.n.ParsingFacade   file:/home/runner/work/key/key/key.core/build/resources/main/de/uka/ilkd/key/proof/rules/assertions.key took 1 ms to parse. 
1970       WARN  main            d.u.i.k.n.ParsingFacade   Parsing time 332 ms. 
2368       WARN  main            d.u.i.k.n.ParsingFacade   file:/home/runner/work/key/key/key.core/build/resources/main/de/uka/ilkd/key/proof/rules/loopRules.key took 3 ms to parse. 
2368       WARN  main            d.u.i.k.n.ParsingFacade   Parsing time 335 ms. 
2377       WARN  main            d.u.i.k.n.ParsingFacade   file:/home/runner/work/key/key/key.core/build/resources/main/de/uka/ilkd/key/proof/rules/activeUse.key took 2 ms to parse. 
2377       WARN  main            d.u.i.k.n.ParsingFacade   Parsing time 337 ms. 
2437       WARN  main            d.u.i.k.n.ParsingFacade   file:/home/runner/work/key/key/key.core/build/resources/main/de/uka/ilkd/key/proof/rules/instanceAllocation.key took 4 ms to parse. 
2438       WARN  main            d.u.i.k.n.ParsingFacade   Parsing time 341 ms. 
2449       WARN  main            d.u.i.k.n.ParsingFacade   file:/home/runner/work/key/key/key.core/build/resources/main/de/uka/ilkd/key/proof/rules/java5.key took 0 ms to parse. 
2450       WARN  main            d.u.i.k.n.ParsingFacade   Parsing time 341 ms. 
2454       WARN  main            d.u.i.k.n.ParsingFacade   file:/home/runner/work/key/key/key.core/build/resources/main/de/uka/ilkd/key/proof/rules/integerAssignment2UpdateRules.key took 2 ms to parse. 
2454       WARN  main            d.u.i.k.n.ParsingFacade   Parsing time 343 ms. 
2494       WARN  main            d.u.i.k.n.ParsingFacade   file:/home/runner/work/key/key/key.core/build/resources/main/de/uka/ilkd/key/proof/rules/floatAssignment2UpdateRules.key took 4 ms to parse. 
2494       WARN  main            d.u.i.k.n.ParsingFacade   Parsing time 347 ms. 
2521       WARN  main            d.u.i.k.n.ParsingFacade   file:/home/runner/work/key/key/key.core/build/resources/main/de/uka/ilkd/key/proof/rules/bigint.key took 2 ms to parse. 
2521       WARN  main            d.u.i.k.n.ParsingFacade   Parsing time 349 ms. 
2530       DEBUG main            d.u.i.k.j.TypeConverter   No LDT found for JavaBigintExpression 
2534       WARN  main            d.u.i.k.n.ParsingFacade   file:/home/runner/work/key/key/key.core/build/resources/main/de/uka/ilkd/key/proof/rules/adtProgramDecompositionRules.key took 1 ms to parse. 
2534       WARN  main            d.u.i.k.n.ParsingFacade   Parsing time 350 ms. 
2550       WARN  main            d.u.i.k.n.ParsingFacade   file:/home/runner/work/key/key/key.core/build/resources/main/de/uka/ilkd/key/proof/rules/precRules.key took 0 ms to parse. 
2552       WARN  main            d.u.i.k.n.ParsingFacade   Parsing time 350 ms. 
2557       WARN  main            d.u.i.k.n.ParsingFacade   file:/home/runner/work/key/key/key.core/build/resources/main/de/uka/ilkd/key/proof/rules/charListRules.key took 3 ms to parse. 
2557       WARN  main            d.u.i.k.n.ParsingFacade   Parsing time 353 ms. 
2565       WARN  main            d.u.i.k.n.ParsingFacade   file:/home/runner/work/key/key/key.core/build/resources/main/de/uka/ilkd/key/proof/rules/regExTheory.key took 0 ms to parse. 
2565       WARN  main            d.u.i.k.n.ParsingFacade   Parsing time 353 ms. 
2566       WARN  main            d.u.i.k.n.ParsingFacade   file:/home/runner/work/key/key/key.core/build/resources/main/de/uka/ilkd/key/proof/rules/regExHeader.key took 0 ms to parse. 
2566       WARN  main            d.u.i.k.n.ParsingFacade   Parsing time 353 ms. 
2592       WARN  main            d.u.i.k.n.ParsingFacade   file:/home/runner/work/key/key/key.core/build/resources/main/de/uka/ilkd/key/proof/rules/regExAxioms.key took 25 ms to parse. 
2592       WARN  main            d.u.i.k.n.ParsingFacade   Parsing time 378 ms. 
2595       WARN  main            d.u.i.k.n.ParsingFacade   file:/home/runner/work/key/key/key.core/build/resources/main/de/uka/ilkd/key/proof/rules/regExLemmaProven.key took 1 ms to parse. 
2595       WARN  main            d.u.i.k.n.ParsingFacade   Parsing time 379 ms. 
2600       WARN  main            d.u.i.k.n.ParsingFacade   file:/home/runner/work/key/key/key.core/build/resources/main/de/uka/ilkd/key/proof/rules/seqEq.key took 1 ms to parse. 
2600       WARN  main            d.u.i.k.n.ParsingFacade   Parsing time 380 ms. 
2606       WARN  main            d.u.i.k.n.ParsingFacade   file:/home/runner/work/key/key/key.core/build/resources/main/de/uka/ilkd/key/proof/rules/infFlow.key took 2 ms to parse. 
2606       WARN  main            d.u.i.k.n.ParsingFacade   Parsing time 382 ms. 
2611       WARN  main            d.u.i.k.n.ParsingFacade   file:/home/runner/work/key/key/key.core/build/resources/main/de/uka/ilkd/key/proof/rules/mapSize.key took 1 ms to parse. 
2611       WARN  main            d.u.i.k.n.ParsingFacade   Parsing time 383 ms. 
2613       WARN  main            d.u.i.k.n.ParsingFacade   file:/home/runner/work/key/key/key.core/build/resources/main/de/uka/ilkd/key/proof/rules/wd.key took 0 ms to parse. 
2613       WARN  main            d.u.i.k.n.ParsingFacade   Parsing time 383 ms. 
2617       WARN  main            d.u.i.k.n.ParsingFacade   file:/home/runner/work/key/key/key.core/build/resources/main/de/uka/ilkd/key/proof/rules/wdHeader.key took 1 ms to parse. 
2617       WARN  main            d.u.i.k.n.ParsingFacade   Parsing time 384 ms. 
2618       WARN  main            d.u.i.k.n.ParsingFacade   file:/home/runner/work/key/key/key.core/build/resources/main/de/uka/ilkd/key/proof/rules/wdGeneralRules.key took 1 ms to parse. 
2618       WARN  main            d.u.i.k.n.ParsingFacade   Parsing time 385 ms. 
2626       WARN  main            d.u.i.k.n.ParsingFacade   file:/home/runner/work/key/key/key.core/build/resources/main/de/uka/ilkd/key/proof/rules/wdNumericalRules.key took 3 ms to parse. 
2626       WARN  main            d.u.i.k.n.ParsingFacade   Parsing time 388 ms. 
2641       WARN  main            d.u.i.k.n.ParsingFacade   file:/home/runner/work/key/key/key.core/build/resources/main/de/uka/ilkd/key/proof/rules/wdLocSetRules.key took 1 ms to parse. 
2641       WARN  main            d.u.i.k.n.ParsingFacade   Parsing time 389 ms. 
2645       WARN  main            d.u.i.k.n.ParsingFacade   file:/home/runner/work/key/key/key.core/build/resources/main/de/uka/ilkd/key/proof/rules/wdHeapRules.key took 1 ms to parse. 
2645       WARN  main            d.u.i.k.n.ParsingFacade   Parsing time 390 ms. 
2647       WARN  main            d.u.i.k.n.ParsingFacade   file:/home/runner/work/key/key/key.core/build/resources/main/de/uka/ilkd/key/proof/rules/wdReachRules.key took 0 ms to parse. 
2647       WARN  main            d.u.i.k.n.ParsingFacade   Parsing time 390 ms. 
2649       WARN  main            d.u.i.k.n.ParsingFacade   file:/home/runner/work/key/key/key.core/build/resources/main/de/uka/ilkd/key/proof/rules/wdSeqRules.key took 1 ms to parse. 
2649       WARN  main            d.u.i.k.n.ParsingFacade   Parsing time 391 ms. 
2653       WARN  main            d.u.i.k.n.ParsingFacade   file:/home/runner/work/key/key/key.core/build/resources/main/de/uka/ilkd/key/proof/rules/wdStringRules.key took 0 ms to parse. 
2653       WARN  main            d.u.i.k.n.ParsingFacade   Parsing time 391 ms. 
2655       WARN  main            d.u.i.k.n.ParsingFacade   file:/home/runner/work/key/key/key.core/build/resources/main/de/uka/ilkd/key/proof/rules/wdRegExRules.key took 0 ms to parse. 
2655       WARN  main            d.u.i.k.n.ParsingFacade   Parsing time 391 ms. 
2659       WARN  main            d.u.i.k.n.ParsingFacade   file:/home/runner/work/key/key/key.core/build/resources/main/de/uka/ilkd/key/proof/rules/wdFormulaRules.key took 2 ms to parse. 
2659       WARN  main            d.u.i.k.n.ParsingFacade   Parsing time 393 ms. 
2669       WARN  main            d.u.i.k.n.ParsingFacade   file:/home/runner/work/key/key/key.core/build/resources/main/de/uka/ilkd/key/proof/rules/loopInvariantRules.key took 0 ms to parse. 
2669       WARN  main            d.u.i.k.n.ParsingFacade   Parsing time 393 ms. 
2671       WARN  main            d.u.i.k.n.ParsingFacade   file:/home/runner/work/key/key/key.core/build/resources/main/de/uka/ilkd/key/proof/rules/forLoopRules.key took 1 ms to parse. 
2671       WARN  main            d.u.i.k.n.ParsingFacade   Parsing time 394 ms. 
2677       WARN  main            d.u.i.k.n.ParsingFacade   file:/home/runner/work/key/key/key.core/build/resources/main/de/uka/ilkd/key/proof/rules/execRules.key took 3 ms to parse. 
2677       WARN  main            d.u.i.k.n.ParsingFacade   Parsing time 397 ms. 
2750       WARN  main            d.u.i.k.n.ParsingFacade   file:/home/runner/work/key/key/key.core/build/resources/main/de/uka/ilkd/key/proof/rules/loopScopeRules.key took 2 ms to parse. 
2750       WARN  main            d.u.i.k.n.ParsingFacade   Parsing time 399 ms. 
5438       WARN  main            d.u.i.k.n.ParsingFacade   file:/home/runner/work/key/key/key.core/build/resources/main/de/uka/ilkd/key/java/JavaRedux/java/lang/String.key took 5 ms to parse. 
5441       WARN  main            d.u.i.k.n.ParsingFacade   Parsing time 404 ms. 
7510       DEBUG main            d.u.i.k.p.i.AbstractProblemLoader Init config took 6.73s 
7573       INFO  main            d.u.i.k.p.i.AbstractProblemLoader Replaying proof array2DimPrim.key 
7607       DEBUG main            d.u.i.k.p.i.IntermediateProofReplayer Proof replay took 33.3ns 
7609       WARN  main            d.u.i.k.n.ParsingFacade   /home/runner/work/key/key/key.core/../key.ui/examples/standard_key/arrays/arrayStoreException/array2DimPrim.key took 0 ms to parse. 
7609       WARN  main            d.u.i.k.n.ParsingFacade   Parsing time 404 ms. 
11306      INFO  main            d.u.i.k.p.r.p.TestFile    ... finished proof: closed. 
11506      INFO  main            d.u.i.k.p.i.AbstractProblemLoader Loading environment from /home/runner/work/key/key/key.core/../key.ui/examples/standard_key/arrays/arrayStoreException/array2DimPrim.key.proof 
11509      DEBUG main            d.u.i.k.p.i.AbstractProblemLoader Environment load took 3.44ms 
11511      WARN  main            d.u.i.k.n.ParsingFacade   /home/runner/work/key/key/key.core/../key.ui/examples/standard_key/arrays/arrayStoreException/array2DimPrim.key.proof took 1 ms to parse. 
11511      WARN  main            d.u.i.k.n.ParsingFacade   Parsing time 405 ms. 
11516      INFO  main            d.u.i.k.p.i.AbstractProblemLoader Creating init config 
12535      WARN  main            d.u.i.k.n.ParsingFacade   file:/home/runner/work/key/key/key.core/build/resources/main/de/uka/ilkd/key/java/JavaRedux/java/lang/String.key took 1 ms to parse. 
12536      WARN  main            d.u.i.k.n.ParsingFacade   Parsing time 406 ms. 
14164      DEBUG main            d.u.i.k.p.i.AbstractProblemLoader Init config took 2.65s 
14208      INFO  main            d.u.i.k.p.i.AbstractProblemLoader Replaying proof array2DimPrim.key.proof 
14753      DEBUG main            d.u.i.k.p.i.IntermediateProofReplayer Proof replay took 529.6ms 
14754      WARN  main            d.u.i.k.n.ParsingFacade   /home/runner/work/key/key/key.core/../key.ui/examples/standard_key/arrays/arrayStoreException/array2DimPrim.key.proof took 0 ms to parse. 
14754      WARN  main            d.u.i.k.n.ParsingFacade   Parsing time 406 ms. 
14764      DEBUG main            d.u.i.k.p.r.p.TestFile    ... success: reloaded. 
14766      INFO  main            d.u.i.k.p.r.p.TestFile    Now processing file /home/runner/work/key/key/key.core/../key.ui/examples/standard_key/arrays/arrayStoreException/arrayStoreKnownDynType.key 
14767      INFO  main            d.u.i.k.p.i.AbstractProblemLoader Loading environment from /home/runner/work/key/key/key.core/../key.ui/examples/standard_key/arrays/arrayStoreException/arrayStoreKnownDynType.key 
14767      DEBUG main            d.u.i.k.p.i.AbstractProblemLoader Environment load took 176.2ns 
14767      WARN  main            d.u.i.k.n.ParsingFacade   /home/runner/work/key/key/key.core/../key.ui/examples/standard_key/arrays/arrayStoreException/arrayStoreKnownDynType.key took 0 ms to parse. 
14767      WARN  main            d.u.i.k.n.ParsingFacade   Parsing time 406 ms. 
14768      INFO  main            d.u.i.k.p.i.AbstractProblemLoader Creating init config 
15668      WARN  main            d.u.i.k.n.ParsingFacade   file:/home/runner/work/key/key/key.core/build/resources/main/de/uka/ilkd/key/java/JavaRedux/java/lang/String.key took 1 ms to parse. 
15668      WARN  main            d.u.i.k.n.ParsingFacade   Parsing time 407 ms. 
17372      DEBUG main            d.u.i.k.p.i.AbstractProblemLoader Init config took 2.6s 
17402      INFO  main            d.u.i.k.p.i.AbstractProblemLoader Replaying proof arrayStoreKnownDynType.key 
17405      DEBUG main            d.u.i.k.p.i.IntermediateProofReplayer Proof replay took 5.8ns 
17405      WARN  main            d.u.i.k.n.ParsingFacade   /home/runner/work/key/key/key.core/../key.ui/examples/standard_key/arrays/arrayStoreException/arrayStoreKnownDynType.key took 0 ms to parse. 
17405      WARN  main            d.u.i.k.n.ParsingFacade   Parsing time 407 ms. 
17608      INFO  main            d.u.i.k.p.r.p.TestFile    ... finished proof: closed. 
17812      INFO  main            d.u.i.k.p.i.AbstractProblemLoader Loading environment from /home/runner/work/key/key/key.core/../key.ui/examples/standard_key/arrays/arrayStoreException/arrayStoreKnownDynType.key.proof 
17812      DEBUG main            d.u.i.k.p.i.AbstractProblemLoader Environment load took 135.5ns 
17813      WARN  main            d.u.i.k.n.ParsingFacade   /home/runner/work/key/key/key.core/../key.ui/examples/standard_key/arrays/arrayStoreException/arrayStoreKnownDynType.key.proof took 0 ms to parse. 
17813      WARN  main            d.u.i.k.n.ParsingFacade   Parsing time 407 ms. 
17814      INFO  main            d.u.i.k.p.i.AbstractProblemLoader Creating init config 
18670      WARN  main            d.u.i.k.n.ParsingFacade   file:/home/runner/work/key/key/key.core/build/resources/main/de/uka/ilkd/key/java/JavaRedux/java/lang/String.key took 3 ms to parse. 
18670      WARN  main            d.u.i.k.n.ParsingFacade   Parsing time 410 ms. 
20300      DEBUG main            d.u.i.k.p.i.AbstractProblemLoader Init config took 2.49s 
20327      INFO  main            d.u.i.k.p.i.AbstractProblemLoader Replaying proof arrayStoreKnownDynType.key.proof 
20370      DEBUG main            d.u.i.k.p.i.IntermediateProofReplayer Proof replay took 38.73ms 
20370      WARN  main            d.u.i.k.n.ParsingFacade   /home/runner/work/key/key/key.core/../key.ui/examples/standard_key/arrays/arrayStoreException/arrayStoreKnownDynType.key.proof took 0 ms to parse. 
20371      WARN  main            d.u.i.k.n.ParsingFacade   Parsing time 410 ms. 
20371      DEBUG main            d.u.i.k.p.r.p.TestFile    ... success: reloaded. 
20372      INFO  main            d.u.i.k.p.r.p.TestFile    Now processing file /home/runner/work/key/key/key.core/../key.ui/examples/standard_key/arrays/arrayStoreException/reverseArray.key 
20373      INFO  main            d.u.i.k.p.i.AbstractProblemLoader Loading environment from /home/runner/work/key/key/key.core/../key.ui/examples/standard_key/arrays/arrayStoreException/reverseArray.key 
20373      DEBUG main            d.u.i.k.p.i.AbstractProblemLoader Environment load took 162.6ns 
20373      WARN  main            d.u.i.k.n.ParsingFacade   /home/runner/work/key/key/key.core/../key.ui/examples/standard_key/arrays/arrayStoreException/reverseArray.key took 0 ms to parse. 
20373      WARN  main            d.u.i.k.n.ParsingFacade   Parsing time 410 ms. 
20374      INFO  main            d.u.i.k.p.i.AbstractProblemLoader Creating init config 
21204      WARN  main            d.u.i.k.n.ParsingFacade   file:/home/runner/work/key/key/key.core/build/resources/main/de/uka/ilkd/key/java/JavaRedux/java/lang/String.key took 2 ms to parse. 
21204      WARN  main            d.u.i.k.n.ParsingFacade   Parsing time 412 ms. 
22871      DEBUG main            d.u.i.k.p.i.AbstractProblemLoader Init config took 2.5s 
22894      INFO  main            d.u.i.k.p.i.AbstractProblemLoader Replaying proof reverseArray.key 
22896      DEBUG main            d.u.i.k.p.i.IntermediateProofReplayer Proof replay took 6.3ns 
22897      WARN  main            d.u.i.k.n.ParsingFacade   /home/runner/work/key/key/key.core/../key.ui/examples/standard_key/arrays/arrayStoreException/reverseArray.key took 0 ms to parse. 
22897      WARN  main            d.u.i.k.n.ParsingFacade   Parsing time 412 ms. 
23501      INFO  main            d.u.i.k.p.r.p.TestFile    ... finished proof: closed. 
23669      INFO  main            d.u.i.k.p.i.AbstractProblemLoader Loading environment from /home/runner/work/key/key/key.core/../key.ui/examples/standard_key/arrays/arrayStoreException/reverseArray.key.proof 
23670      DEBUG main            d.u.i.k.p.i.AbstractProblemLoader Environment load took 498.81ns 
23670      WARN  main            d.u.i.k.n.ParsingFacade   /home/runner/work/key/key/key.core/../key.ui/examples/standard_key/arrays/arrayStoreException/reverseArray.key.proof took 0 ms to parse. 
23671      WARN  main            d.u.i.k.n.ParsingFacade   Parsing time 412 ms. 
23672      INFO  main            d.u.i.k.p.i.AbstractProblemLoader Creating init config 
24497      WARN  main            d.u.i.k.n.ParsingFacade   file:/home/runner/work/key/key/key.core/build/resources/main/de/uka/ilkd/key/java/JavaRedux/java/lang/String.key took 1 ms to parse. 
24497      WARN  main            d.u.i.k.n.ParsingFacade   Parsing time 413 ms. 
26105      DEBUG main            d.u.i.k.p.i.AbstractProblemLoader Init config took 2.43s 
26129      INFO  main            d.u.i.k.p.i.AbstractProblemLoader Replaying proof reverseArray.key.proof 
26294      DEBUG main            d.u.i.k.p.i.IntermediateProofReplayer Proof replay took 154.91ms 
26297      WARN  main            d.u.i.k.n.ParsingFacade   /home/runner/work/key/key/key.core/../key.ui/examples/standard_key/arrays/arrayStoreException/reverseArray.key.proof took 0 ms to parse. 
26297      WARN  main            d.u.i.k.n.ParsingFacade   Parsing time 413 ms. 
26298      DEBUG main            d.u.i.k.p.r.p.TestFile    ... success: reloaded. 
26299      INFO  main            d.u.i.k.p.r.p.TestFile    Now processing file /home/runner/work/key/key/key.core/../key.ui/examples/standard_key/arrays/arrayStoreException/throwArrayStoreException.key 
26299      INFO  main            d.u.i.k.p.i.AbstractProblemLoader Loading environment from /home/runner/work/key/key/key.core/../key.ui/examples/standard_key/arrays/arrayStoreException/throwArrayStoreException.key 
26300      DEBUG main            d.u.i.k.p.i.AbstractProblemLoader Environment load took 726.11ns 
26302      WARN  main            d.u.i.k.n.ParsingFacade   /home/runner/work/key/key/key.core/../key.ui/examples/standard_key/arrays/arrayStoreException/throwArrayStoreException.key took 1 ms to parse. 
26302      WARN  main            d.u.i.k.n.ParsingFacade   Parsing time 414 ms. 
26304      INFO  main            d.u.i.k.p.i.AbstractProblemLoader Creating init config 
27169      WARN  main            d.u.i.k.n.ParsingFacade   file:/home/runner/work/key/key/key.core/build/resources/main/de/uka/ilkd/key/java/JavaRedux/java/lang/String.key took 1 ms to parse. 
27170      WARN  main            d.u.i.k.n.ParsingFacade   Parsing time 415 ms. 
28801      DEBUG main            d.u.i.k.p.i.AbstractProblemLoader Init config took 2.5s 
28821      INFO  main            d.u.i.k.p.i.AbstractProblemLoader Replaying proof throwArrayStoreException.key 
28823      DEBUG main            d.u.i.k.p.i.IntermediateProofReplayer Proof replay took 6.3ns 
28824      WARN  main            d.u.i.k.n.ParsingFacade   /home/runner/work/key/key/key.core/../key.ui/examples/standard_key/arrays/arrayStoreException/throwArrayStoreException.key took 0 ms to parse. 
28824      WARN  main            d.u.i.k.n.ParsingFacade   Parsing time 415 ms. 
29327      INFO  main            d.u.i.k.p.r.p.TestFile    ... finished proof: closed. 
29494      INFO  main            d.u.i.k.p.i.AbstractProblemLoader Loading environment from /home/runner/work/key/key/key.core/../key.ui/examples/standard_key/arrays/arrayStoreException/throwArrayStoreException.key.proof 
29494      DEBUG main            d.u.i.k.p.i.AbstractProblemLoader Environment load took 403.21ns 
29495      WARN  main            d.u.i.k.n.ParsingFacade   /home/runner/work/key/key/key.core/../key.ui/examples/standard_key/arrays/arrayStoreException/throwArrayStoreException.key.proof took 1 ms to parse. 
29495      WARN  main            d.u.i.k.n.ParsingFacade   Parsing time 416 ms. 
29496      INFO  main            d.u.i.k.p.i.AbstractProblemLoader Creating init config 
30285      WARN  main            d.u.i.k.n.ParsingFacade   file:/home/runner/work/key/key/key.core/build/resources/main/de/uka/ilkd/key/java/JavaRedux/java/lang/String.key took 1 ms to parse. 
30285      WARN  main            d.u.i.k.n.ParsingFacade   Parsing time 417 ms. 
31880      DEBUG main            d.u.i.k.p.i.AbstractProblemLoader Init config took 2.38s 
31901      INFO  main            d.u.i.k.p.i.AbstractProblemLoader Replaying proof throwArrayStoreException.key.proof 
32009      DEBUG main            d.u.i.k.p.i.IntermediateProofReplayer Proof replay took 103.88ms 
32009      WARN  main            d.u.i.k.n.ParsingFacade   /home/runner/work/key/key/key.core/../key.ui/examples/standard_key/arrays/arrayStoreException/throwArrayStoreException.key.proof took 0 ms to parse. 
32010      WARN  main            d.u.i.k.n.ParsingFacade   Parsing time 417 ms. 
32010      DEBUG main            d.u.i.k.p.r.p.TestFile    ... success: reloaded. 
32011      INFO  main            d.u.i.k.p.r.p.TestFile    Now processing file /home/runner/work/key/key/key.core/../key.ui/examples/standard_key/arrays/creation/arrayCreation1.key 
32011      INFO  main            d.u.i.k.p.i.AbstractProblemLoader Loading environment from /home/runner/work/key/key/key.core/../key.ui/examples/standard_key/arrays/creation/arrayCreation1.key 
32012      DEBUG main            d.u.i.k.p.i.AbstractProblemLoader Environment load took 167.2ns 
32012      WARN  main            d.u.i.k.n.ParsingFacade   /home/runner/work/key/key/key.core/../key.ui/examples/standard_key/arrays/creation/arrayCreation1.key took 0 ms to parse. 
32012      WARN  main            d.u.i.k.n.ParsingFacade   Parsing time 417 ms. 
32013      INFO  main            d.u.i.k.p.i.AbstractProblemLoader Creating init config 
32814      WARN  main            d.u.i.k.n.ParsingFacade   file:/home/runner/work/key/key/key.core/build/resources/main/de/uka/ilkd/key/java/JavaRedux/java/lang/String.key took 1 ms to parse. 
32814      WARN  main            d.u.i.k.n.ParsingFacade   Parsing time 418 ms. 
34425      DEBUG main            d.u.i.k.p.i.AbstractProblemLoader Init config took 2.41s 
34450      INFO  main            d.u.i.k.p.i.AbstractProblemLoader Replaying proof arrayCreation1.key 
34453      DEBUG main            d.u.i.k.p.i.IntermediateProofReplayer Proof replay took 6.6ns 
34453      WARN  main            d.u.i.k.n.ParsingFacade   /home/runner/work/key/key/key.core/../key.ui/examples/standard_key/arrays/creation/arrayCreation1.key took 0 ms to parse. 
34453      WARN  main            d.u.i.k.n.ParsingFacade   Parsing time 418 ms. 
34655      INFO  main            d.u.i.k.p.r.p.TestFile    ... finished proof: closed. 
34824      INFO  main            d.u.i.k.p.i.AbstractProblemLoader Loading environment from /home/runner/work/key/key/key.core/../key.ui/examples/standard_key/arrays/creation/arrayCreation1.key.proof 
34825      DEBUG main            d.u.i.k.p.i.AbstractProblemLoader Environment load took 102.1ns 
34825      WARN  main            d.u.i.k.n.ParsingFacade   /home/runner/work/key/key/key.core/../key.ui/examples/standard_key/arrays/creation/arrayCreation1.key.proof took 0 ms to parse. 
34825      WARN  main            d.u.i.k.n.ParsingFacade   Parsing time 418 ms. 
34828      INFO  main            d.u.i.k.p.i.AbstractProblemLoader Creating init config 
35594      WARN  main            d.u.i.k.n.ParsingFacade   file:/home/runner/work/key/key/key.core/build/resources/main/de/uka/ilkd/key/java/JavaRedux/java/lang/String.key took 1 ms to parse. 
35594      WARN  main            d.u.i.k.n.ParsingFacade   Parsing time 419 ms. 
37189      DEBUG main            d.u.i.k.p.i.AbstractProblemLoader Init config took 2.36s 
37209      INFO  main            d.u.i.k.p.i.AbstractProblemLoader Replaying proof arrayCreation1.key.proof 
37236      DEBUG main            d.u.i.k.p.i.IntermediateProofReplayer Proof replay took 23.63ms 
37237      WARN  main            d.u.i.k.n.ParsingFacade   /home/runner/work/key/key/key.core/../key.ui/examples/standard_key/arrays/creation/arrayCreation1.key.proof took 1 ms to parse. 
37237      WARN  main            d.u.i.k.n.ParsingFacade   Parsing time 420 ms. 
37237      DEBUG main            d.u.i.k.p.r.p.TestFile    ... success: reloaded. 
37238      INFO  main            d.u.i.k.p.r.p.TestFile    Now processing file /home/runner/work/key/key/key.core/../key.ui/examples/standard_key/arrays/arrayStoreException/array2Dim.key 
37238      INFO  main            d.u.i.k.p.i.AbstractProblemLoader Loading environment from /home/runner/work/key/key/key.core/../key.ui/examples/standard_key/arrays/arrayStoreException/array2Dim.key 
37239      DEBUG main            d.u.i.k.p.i.AbstractProblemLoader Environment load took 169ns 
37239      WARN  main            d.u.i.k.n.ParsingFacade   /home/runner/work/key/key/key.core/../key.ui/examples/standard_key/arrays/arrayStoreException/array2Dim.key took 0 ms to parse. 
37239      WARN  main            d.u.i.k.n.ParsingFacade   Parsing time 420 ms. 
37240      INFO  main            d.u.i.k.p.i.AbstractProblemLoader Creating init config 
38071      WARN  main            d.u.i.k.n.ParsingFacade   file:/home/runner/work/key/key/key.core/build/resources/main/de/uka/ilkd/key/java/JavaRedux/java/lang/String.key took 1 ms to parse. 
38071      WARN  main            d.u.i.k.n.ParsingFacade   Parsing time 421 ms. 
39707      DEBUG main            d.u.i.k.p.i.AbstractProblemLoader Init config took 2.47s 
39729      INFO  main            d.u.i.k.p.i.AbstractProblemLoader Replaying proof array2Dim.key 
39731      DEBUG main            d.u.i.k.p.i.IntermediateProofReplayer Proof replay took 6.8ns 
39732      WARN  main            d.u.i.k.n.ParsingFacade   /home/runner/work/key/key/key.core/../key.ui/examples/standard_key/arrays/arrayStoreException/array2Dim.key took 1 ms to parse. 
39732      WARN  main            d.u.i.k.n.ParsingFacade   Parsing time 422 ms. 
43083      INFO  main            d.u.i.k.p.r.p.TestFile    ... finished proof: open goal(s) 
43337      INFO  main            d.u.i.k.p.r.p.TestFile    Now processing file /home/runner/work/key/key/key.core/../key.ui/examples/standard_key/arrays/arrayStoreException/array2DimClose.key 
43337      INFO  main            d.u.i.k.p.i.AbstractProblemLoader Loading environment from /home/runner/work/key/key/key.core/../key.ui/examples/standard_key/arrays/arrayStoreException/array2DimClose.key 
43338      DEBUG main            d.u.i.k.p.i.AbstractProblemLoader Environment load took 60.5ns 
43338      WARN  main            d.u.i.k.n.ParsingFacade   /home/runner/work/key/key/key.core/../key.ui/examples/standard_key/arrays/arrayStoreException/array2DimClose.key took 0 ms to parse. 
43339      WARN  main            d.u.i.k.n.ParsingFacade   Parsing time 422 ms. 
43339      INFO  main            d.u.i.k.p.i.AbstractProblemLoader Creating init config 
44188      WARN  main            d.u.i.k.n.ParsingFacade   file:/home/runner/work/key/key/key.core/build/resources/main/de/uka/ilkd/key/java/JavaRedux/java/lang/String.key took 1 ms to parse. 
44188      WARN  main            d.u.i.k.n.ParsingFacade   Parsing time 423 ms. 
45702      DEBUG main            d.u.i.k.p.i.AbstractProblemLoader Init config took 2.36s 
45722      INFO  main            d.u.i.k.p.i.AbstractProblemLoader Replaying proof array2DimClose.key 
45724      DEBUG main            d.u.i.k.p.i.IntermediateProofReplayer Proof replay took 10.6ns 
45724      WARN  main            d.u.i.k.n.ParsingFacade   /home/runner/work/key/key/key.core/../key.ui/examples/standard_key/arrays/arrayStoreException/array2DimClose.key took 0 ms to parse. 
45724      WARN  main            d.u.i.k.n.ParsingFacade   Parsing time 423 ms. 
47938      INFO  main            d.u.i.k.p.r.p.TestFile    ... finished proof: open goal(s) 
48290      INFO  main            d.u.i.k.p.r.p.TestFile    Now processing file /home/runner/work/key/key/key.core/../key.ui/examples/standard_key/arrays/arrayStoreException/throwASEForPrim.key 
48291      INFO  main            d.u.i.k.p.i.AbstractProblemLoader Loading environment from /home/runner/work/key/key/key.core/../key.ui/examples/standard_key/arrays/arrayStoreException/throwASEForPrim.key 
48291      DEBUG main            d.u.i.k.p.i.AbstractProblemLoader Environment load took 56.1ns 
48291      WARN  main            d.u.i.k.n.ParsingFacade   /home/runner/work/key/key/key.core/../key.ui/examples/standard_key/arrays/arrayStoreException/throwASEForPrim.key took 0 ms to parse. 
48291      WARN  main            d.u.i.k.n.ParsingFacade   Parsing time 423 ms. 
48297      INFO  main            d.u.i.k.p.i.AbstractProblemLoader Creating init config 
49068      WARN  main            d.u.i.k.n.ParsingFacade   file:/home/runner/work/key/key/key.core/build/resources/main/de/uka/ilkd/key/java/JavaRedux/java/lang/String.key took 1 ms to parse. 
49069      WARN  main            d.u.i.k.n.ParsingFacade   Parsing time 424 ms. 
50595      DEBUG main            d.u.i.k.p.i.AbstractProblemLoader Init config took 2.3s 
50614      INFO  main            d.u.i.k.p.i.AbstractProblemLoader Replaying proof throwASEForPrim.key 
50616      DEBUG main            d.u.i.k.p.i.IntermediateProofReplayer Proof replay took 6.5ns 
50617      WARN  main            d.u.i.k.n.ParsingFacade   /home/runner/work/key/key/key.core/../key.ui/examples/standard_key/arrays/arrayStoreException/throwASEForPrim.key took 1 ms to parse. 
50617      WARN  main            d.u.i.k.n.ParsingFacade   Parsing time 425 ms. 
54957      INFO  main            d.u.i.k.p.r.p.TestFile    ... finished proof: open goal(s) 
2925843    INFO  Test worker     d.u.i.k.p.r.RunAllProofsTestUnit Returning from test arrays 
2925844    INFO  Test worker     d.u.i.k.p.r.RunAllProofsTestUnit Running test javadl 
345        INFO  Timeout watchdog d.u.i.k.p.r.p.ForkedTestFileRunner Timeout watcher launched (2000 secs.) 
352        WARN  main            d.u.i.k.s.ProofSettings   The settings in /home/runner/.key/proof-settings.props are *not* read. 
389        INFO  main            d.u.i.k.p.r.p.TestFile    Now processing file /home/runner/work/key/key/key.core/../key.ui/examples/standard_key/instanceCreation/instanceCreation1.key 
536        INFO  main            d.u.i.k.p.i.AbstractProblemLoader Loading environment from /home/runner/work/key/key/key.core/../key.ui/examples/standard_key/instanceCreation/instanceCreation1.key 
561        DEBUG main            d.u.i.k.p.i.AbstractProblemLoader Environment load took 2.07ms 
658        WARN  main            d.u.i.k.n.ParsingFacade   /home/runner/work/key/key/key.core/../key.ui/examples/standard_key/instanceCreation/instanceCreation1.key took 26 ms to parse. 
659        WARN  main            d.u.i.k.n.ParsingFacade   Parsing time 26 ms. 
786        INFO  main            d.u.i.k.p.i.AbstractProblemLoader Creating init config 
796        WARN  main            d.u.i.k.n.ParsingFacade   file:/home/runner/work/key/key/key.core/build/resources/main/de/uka/ilkd/key/proof/rules/standardRules.key took 5 ms to parse. 
796        WARN  main            d.u.i.k.n.ParsingFacade   Parsing time 31 ms. 
807        WARN  main            d.u.i.k.n.ParsingFacade   file:/home/runner/work/key/key/key.core/build/resources/main/de/uka/ilkd/key/proof/rules/ldt.key took 1 ms to parse. 
807        WARN  main            d.u.i.k.n.ParsingFacade   Parsing time 32 ms. 
811        WARN  main            d.u.i.k.n.ParsingFacade   file:/home/runner/work/key/key/key.core/build/resources/main/de/uka/ilkd/key/proof/rules/boolean.key took 1 ms to parse. 
811        WARN  main            d.u.i.k.n.ParsingFacade   Parsing time 33 ms. 
828        WARN  main            d.u.i.k.n.ParsingFacade   file:/home/runner/work/key/key/key.core/build/resources/main/de/uka/ilkd/key/proof/rules/ruleSetsDeclarations.key took 9 ms to parse. 
828        WARN  main            d.u.i.k.n.ParsingFacade   Parsing time 42 ms. 
849        WARN  main            d.u.i.k.n.ParsingFacade   file:/home/runner/work/key/key/key.core/build/resources/main/de/uka/ilkd/key/proof/rules/integerHeader.key took 4 ms to parse. 
849        WARN  main            d.u.i.k.n.ParsingFacade   Parsing time 46 ms. 
851        WARN  main            d.u.i.k.n.ParsingFacade   file:/home/runner/work/key/key/key.core/build/resources/main/de/uka/ilkd/key/proof/rules/floatHeader.key took 1 ms to parse. 
853        WARN  main            d.u.i.k.n.ParsingFacade   Parsing time 47 ms. 
855        WARN  main            d.u.i.k.n.ParsingFacade   file:/home/runner/work/key/key/key.core/build/resources/main/de/uka/ilkd/key/proof/rules/heap.key took 1 ms to parse. 
856        WARN  main            d.u.i.k.n.ParsingFacade   Parsing time 48 ms. 
858        WARN  main            d.u.i.k.n.ParsingFacade   file:/home/runner/work/key/key/key.core/build/resources/main/de/uka/ilkd/key/proof/rules/locSets.key took 0 ms to parse. 
858        WARN  main            d.u.i.k.n.ParsingFacade   Parsing time 48 ms. 
860        WARN  main            d.u.i.k.n.ParsingFacade   file:/home/runner/work/key/key/key.core/build/resources/main/de/uka/ilkd/key/proof/rules/permission.key took 0 ms to parse. 
861        WARN  main            d.u.i.k.n.ParsingFacade   Parsing time 48 ms. 
862        WARN  main            d.u.i.k.n.ParsingFacade   file:/home/runner/work/key/key/key.core/build/resources/main/de/uka/ilkd/key/proof/rules/reach.key took 1 ms to parse. 
862        WARN  main            d.u.i.k.n.ParsingFacade   Parsing time 49 ms. 
864        WARN  main            d.u.i.k.n.ParsingFacade   file:/home/runner/work/key/key/key.core/build/resources/main/de/uka/ilkd/key/proof/rules/seq.key took 1 ms to parse. 
864        WARN  main            d.u.i.k.n.ParsingFacade   Parsing time 50 ms. 
893        WARN  main            d.u.i.k.n.ParsingFacade   file:/home/runner/work/key/key/key.core/build/resources/main/de/uka/ilkd/key/proof/rules/map.key took 28 ms to parse. 
893        WARN  main            d.u.i.k.n.ParsingFacade   Parsing time 78 ms. 
894        WARN  main            d.u.i.k.n.ParsingFacade   file:/home/runner/work/key/key/key.core/build/resources/main/de/uka/ilkd/key/proof/rules/freeADT.key took 0 ms to parse. 
894        WARN  main            d.u.i.k.n.ParsingFacade   Parsing time 78 ms. 
895        WARN  main            d.u.i.k.n.ParsingFacade   file:/home/runner/work/key/key/key.core/build/resources/main/de/uka/ilkd/key/proof/rules/wellfound.key took 0 ms to parse. 
895        WARN  main            d.u.i.k.n.ParsingFacade   Parsing time 78 ms. 
896        WARN  main            d.u.i.k.n.ParsingFacade   file:/home/runner/work/key/key/key.core/build/resources/main/de/uka/ilkd/key/proof/rules/charListHeader.key took 0 ms to parse. 
896        WARN  main            d.u.i.k.n.ParsingFacade   Parsing time 78 ms. 
1024       WARN  main            d.u.i.k.n.ParsingFacade   file:/home/runner/work/key/key/key.core/build/resources/main/de/uka/ilkd/key/proof/rules/propRule.key took 4 ms to parse. 
1027       WARN  main            d.u.i.k.n.ParsingFacade   Parsing time 82 ms. 
1073       WARN  main            d.u.i.k.n.ParsingFacade   file:/home/runner/work/key/key/key.core/build/resources/main/de/uka/ilkd/key/proof/rules/firstOrderRules.key took 8 ms to parse. 
1073       WARN  main            d.u.i.k.n.ParsingFacade   Parsing time 90 ms. 
1105       WARN  main            d.u.i.k.n.ParsingFacade   file:/home/runner/work/key/key/key.core/build/resources/main/de/uka/ilkd/key/proof/rules/ifThenElseRules.key took 8 ms to parse. 
1108       WARN  main            d.u.i.k.n.ParsingFacade   Parsing time 98 ms. 
1172       WARN  main            d.u.i.k.n.ParsingFacade   file:/home/runner/work/key/key/key.core/build/resources/main/de/uka/ilkd/key/proof/rules/formulaNormalisationRules.key took 30 ms to parse. 
1173       WARN  main            d.u.i.k.n.ParsingFacade   Parsing time 128 ms. 
1272       WARN  main            d.u.i.k.n.ParsingFacade   file:/home/runner/work/key/key/key.core/build/resources/main/de/uka/ilkd/key/proof/rules/updateRules.key took 4 ms to parse. 
1272       WARN  main            d.u.i.k.n.ParsingFacade   Parsing time 132 ms. 
1283       WARN  main            d.u.i.k.n.ParsingFacade   file:/home/runner/work/key/key/key.core/build/resources/main/de/uka/ilkd/key/proof/rules/integerRulesCommon.key took 1 ms to parse. 
1283       WARN  main            d.u.i.k.n.ParsingFacade   Parsing time 133 ms. 
1375       WARN  main            d.u.i.k.n.ParsingFacade   file:/home/runner/work/key/key/key.core/build/resources/main/de/uka/ilkd/key/proof/rules/intRules.key took 3 ms to parse. 
1375       WARN  main            d.u.i.k.n.ParsingFacade   Parsing time 136 ms. 
1389       WARN  main            d.u.i.k.n.ParsingFacade   file:/home/runner/work/key/key/key.core/build/resources/main/de/uka/ilkd/key/proof/rules/intRulesUncheckedSemantics.key took 4 ms to parse. 
1392       WARN  main            d.u.i.k.n.ParsingFacade   Parsing time 140 ms. 
1402       WARN  main            d.u.i.k.n.ParsingFacade   file:/home/runner/work/key/key/key.core/build/resources/main/de/uka/ilkd/key/proof/rules/intRulesCheckedSemantics.key took 1 ms to parse. 
1405       WARN  main            d.u.i.k.n.ParsingFacade   Parsing time 141 ms. 
1413       WARN  main            d.u.i.k.n.ParsingFacade   file:/home/runner/work/key/key/key.core/build/resources/main/de/uka/ilkd/key/proof/rules/intRulesJavaSemantics.key took 2 ms to parse. 
1414       WARN  main            d.u.i.k.n.ParsingFacade   Parsing time 143 ms. 
1459       WARN  main            d.u.i.k.n.ParsingFacade   file:/home/runner/work/key/key/key.core/build/resources/main/de/uka/ilkd/key/proof/rules/integerSimplificationRules.key took 38 ms to parse. 
1459       WARN  main            d.u.i.k.n.ParsingFacade   Parsing time 181 ms. 
1571       DEBUG main            d.u.i.k.j.TypeConverter   No LDT found for Meta 
1571       DEBUG main            d.u.i.k.j.TypeConverter   No LDT found for Meta 
1574       DEBUG main            d.u.i.k.j.TypeConverter   No LDT found for Meta 
1574       DEBUG main            d.u.i.k.j.TypeConverter   No LDT found for Meta 
1601       WARN  main            d.u.i.k.n.ParsingFacade   file:/home/runner/work/key/key/key.core/build/resources/main/de/uka/ilkd/key/proof/rules/intDiv.key took 6 ms to parse. 
1601       WARN  main            d.u.i.k.n.ParsingFacade   Parsing time 187 ms. 
1637       WARN  main            d.u.i.k.n.ParsingFacade   file:/home/runner/work/key/key/key.core/build/resources/main/de/uka/ilkd/key/proof/rules/bsum.key took 15 ms to parse. 
1637       WARN  main            d.u.i.k.n.ParsingFacade   Parsing time 202 ms. 
1673       WARN  main            d.u.i.k.n.ParsingFacade   file:/home/runner/work/key/key/key.core/build/resources/main/de/uka/ilkd/key/proof/rules/bprod.key took 4 ms to parse. 
1673       WARN  main            d.u.i.k.n.ParsingFacade   Parsing time 206 ms. 
1702       WARN  main            d.u.i.k.n.ParsingFacade   file:/home/runner/work/key/key/key.core/build/resources/main/de/uka/ilkd/key/proof/rules/binaryAxioms.key took 18 ms to parse. 
1703       WARN  main            d.u.i.k.n.ParsingFacade   Parsing time 224 ms. 
1707       WARN  main            d.u.i.k.n.ParsingFacade   file:/home/runner/work/key/key/key.core/build/resources/main/de/uka/ilkd/key/proof/rules/binaryLemmas.key took 1 ms to parse. 
1708       WARN  main            d.u.i.k.n.ParsingFacade   Parsing time 225 ms. 
1718       WARN  main            d.u.i.k.n.ParsingFacade   file:/home/runner/work/key/key/key.core/build/resources/main/de/uka/ilkd/key/proof/rules/intPow.key took 3 ms to parse. 
1718       WARN  main            d.u.i.k.n.ParsingFacade   Parsing time 228 ms. 
1732       WARN  main            d.u.i.k.n.ParsingFacade   file:/home/runner/work/key/key/key.core/build/resources/main/de/uka/ilkd/key/proof/rules/floatRulesCommon.key took 5 ms to parse. 
1732       WARN  main            d.u.i.k.n.ParsingFacade   Parsing time 233 ms. 
1744       WARN  main            d.u.i.k.n.ParsingFacade   file:/home/runner/work/key/key/key.core/build/resources/main/de/uka/ilkd/key/proof/rules/floatRules.key took 0 ms to parse. 
1744       WARN  main            d.u.i.k.n.ParsingFacade   Parsing time 233 ms. 
1747       WARN  main            d.u.i.k.n.ParsingFacade   file:/home/runner/work/key/key/key.core/build/resources/main/de/uka/ilkd/key/proof/rules/floatRulesVerifyNormal.key took 2 ms to parse. 
1747       WARN  main            d.u.i.k.n.ParsingFacade   Parsing time 235 ms. 
1752       WARN  main            d.u.i.k.n.ParsingFacade   file:/home/runner/work/key/key/key.core/build/resources/main/de/uka/ilkd/key/proof/rules/floatRulesAssumeStrictfp.key took 4 ms to parse. 
1752       WARN  main            d.u.i.k.n.ParsingFacade   Parsing time 239 ms. 
1786       WARN  main            d.u.i.k.n.ParsingFacade   file:/home/runner/work/key/key/key.core/build/resources/main/de/uka/ilkd/key/proof/rules/genericRules.key took 3 ms to parse. 
1786       WARN  main            d.u.i.k.n.ParsingFacade   Parsing time 242 ms. 
1795       WARN  main            d.u.i.k.n.ParsingFacade   file:/home/runner/work/key/key/key.core/build/resources/main/de/uka/ilkd/key/proof/rules/booleanRules.key took 0 ms to parse. 
1795       WARN  main            d.u.i.k.n.ParsingFacade   Parsing time 242 ms. 
1798       WARN  main            d.u.i.k.n.ParsingFacade   file:/home/runner/work/key/key/key.core/build/resources/main/de/uka/ilkd/key/proof/rules/epsilon.key took 1 ms to parse. 
1798       WARN  main            d.u.i.k.n.ParsingFacade   Parsing time 243 ms. 
1807       WARN  main            d.u.i.k.n.ParsingFacade   file:/home/runner/work/key/key/key.core/build/resources/main/de/uka/ilkd/key/proof/rules/locSetsRules.key took 7 ms to parse. 
1808       WARN  main            d.u.i.k.n.ParsingFacade   Parsing time 250 ms. 
1842       WARN  main            d.u.i.k.n.ParsingFacade   file:/home/runner/work/key/key/key.core/build/resources/main/de/uka/ilkd/key/proof/rules/heapRules.key took 9 ms to parse. 
1842       WARN  main            d.u.i.k.n.ParsingFacade   Parsing time 259 ms. 
1902       WARN  main            d.u.i.k.n.ParsingFacade   file:/home/runner/work/key/key/key.core/build/resources/main/de/uka/ilkd/key/proof/rules/permissionRules.key took 31 ms to parse. 
1902       WARN  main            d.u.i.k.n.ParsingFacade   Parsing time 290 ms. 
1915       WARN  main            d.u.i.k.n.ParsingFacade   file:/home/runner/work/key/key/key.core/build/resources/main/de/uka/ilkd/key/proof/rules/reachRules.key took 4 ms to parse. 
1915       WARN  main            d.u.i.k.n.ParsingFacade   Parsing time 294 ms. 
1924       WARN  main            d.u.i.k.n.ParsingFacade   file:/home/runner/work/key/key/key.core/build/resources/main/de/uka/ilkd/key/proof/rules/seqCoreRules.key took 0 ms to parse. 
1924       WARN  main            d.u.i.k.n.ParsingFacade   Parsing time 294 ms. 
1931       WARN  main            d.u.i.k.n.ParsingFacade   file:/home/runner/work/key/key/key.core/build/resources/main/de/uka/ilkd/key/proof/rules/seqRules.key took 5 ms to parse. 
1931       WARN  main            d.u.i.k.n.ParsingFacade   Parsing time 299 ms. 
1950       WARN  main            d.u.i.k.n.ParsingFacade   file:/home/runner/work/key/key/key.core/build/resources/main/de/uka/ilkd/key/proof/rules/seqPerm.key took 4 ms to parse. 
1950       WARN  main            d.u.i.k.n.ParsingFacade   Parsing time 303 ms. 
1961       WARN  main            d.u.i.k.n.ParsingFacade   file:/home/runner/work/key/key/key.core/build/resources/main/de/uka/ilkd/key/proof/rules/seqPerm2.key took 0 ms to parse. 
1962       WARN  main            d.u.i.k.n.ParsingFacade   Parsing time 303 ms. 
2024       WARN  main            d.u.i.k.n.ParsingFacade   file:/home/runner/work/key/key/key.core/build/resources/main/de/uka/ilkd/key/proof/rules/javaRules.key took 60 ms to parse. 
2024       WARN  main            d.u.i.k.n.ParsingFacade   Parsing time 363 ms. 
2031       WARN  main            d.u.i.k.n.ParsingFacade   file:/home/runner/work/key/key/key.core/build/resources/main/de/uka/ilkd/key/proof/rules/assertions.key took 1 ms to parse. 
2032       WARN  main            d.u.i.k.n.ParsingFacade   Parsing time 364 ms. 
2574       WARN  main            d.u.i.k.n.ParsingFacade   file:/home/runner/work/key/key/key.core/build/resources/main/de/uka/ilkd/key/proof/rules/loopRules.key took 2 ms to parse. 
2575       WARN  main            d.u.i.k.n.ParsingFacade   Parsing time 366 ms. 
2585       WARN  main            d.u.i.k.n.ParsingFacade   file:/home/runner/work/key/key/key.core/build/resources/main/de/uka/ilkd/key/proof/rules/activeUse.key took 2 ms to parse. 
2585       WARN  main            d.u.i.k.n.ParsingFacade   Parsing time 368 ms. 
2648       WARN  main            d.u.i.k.n.ParsingFacade   file:/home/runner/work/key/key/key.core/build/resources/main/de/uka/ilkd/key/proof/rules/instanceAllocation.key took 6 ms to parse. 
2649       WARN  main            d.u.i.k.n.ParsingFacade   Parsing time 374 ms. 
2663       WARN  main            d.u.i.k.n.ParsingFacade   file:/home/runner/work/key/key/key.core/build/resources/main/de/uka/ilkd/key/proof/rules/java5.key took 1 ms to parse. 
2663       WARN  main            d.u.i.k.n.ParsingFacade   Parsing time 375 ms. 
2669       WARN  main            d.u.i.k.n.ParsingFacade   file:/home/runner/work/key/key/key.core/build/resources/main/de/uka/ilkd/key/proof/rules/integerAssignment2UpdateRules.key took 2 ms to parse. 
2669       WARN  main            d.u.i.k.n.ParsingFacade   Parsing time 377 ms. 
2709       WARN  main            d.u.i.k.n.ParsingFacade   file:/home/runner/work/key/key/key.core/build/resources/main/de/uka/ilkd/key/proof/rules/floatAssignment2UpdateRules.key took 3 ms to parse. 
2710       WARN  main            d.u.i.k.n.ParsingFacade   Parsing time 380 ms. 
2741       WARN  main            d.u.i.k.n.ParsingFacade   file:/home/runner/work/key/key/key.core/build/resources/main/de/uka/ilkd/key/proof/rules/bigint.key took 3 ms to parse. 
2741       WARN  main            d.u.i.k.n.ParsingFacade   Parsing time 383 ms. 
2750       DEBUG main            d.u.i.k.j.TypeConverter   No LDT found for JavaBigintExpression 
2755       WARN  main            d.u.i.k.n.ParsingFacade   file:/home/runner/work/key/key/key.core/build/resources/main/de/uka/ilkd/key/proof/rules/adtProgramDecompositionRules.key took 2 ms to parse. 
2755       WARN  main            d.u.i.k.n.ParsingFacade   Parsing time 385 ms. 
2772       WARN  main            d.u.i.k.n.ParsingFacade   file:/home/runner/work/key/key/key.core/build/resources/main/de/uka/ilkd/key/proof/rules/precRules.key took 1 ms to parse. 
2773       WARN  main            d.u.i.k.n.ParsingFacade   Parsing time 386 ms. 
2779       WARN  main            d.u.i.k.n.ParsingFacade   file:/home/runner/work/key/key/key.core/build/resources/main/de/uka/ilkd/key/proof/rules/charListRules.key took 3 ms to parse. 
2779       WARN  main            d.u.i.k.n.ParsingFacade   Parsing time 389 ms. 
2814       WARN  main            d.u.i.k.n.ParsingFacade   file:/home/runner/work/key/key/key.core/build/resources/main/de/uka/ilkd/key/proof/rules/regExTheory.key took 0 ms to parse. 
2814       WARN  main            d.u.i.k.n.ParsingFacade   Parsing time 389 ms. 
2815       WARN  main            d.u.i.k.n.ParsingFacade   file:/home/runner/work/key/key/key.core/build/resources/main/de/uka/ilkd/key/proof/rules/regExHeader.key took 0 ms to parse. 
2815       WARN  main            d.u.i.k.n.ParsingFacade   Parsing time 389 ms. 
2816       WARN  main            d.u.i.k.n.ParsingFacade   file:/home/runner/work/key/key/key.core/build/resources/main/de/uka/ilkd/key/proof/rules/regExAxioms.key took 1 ms to parse. 
2816       WARN  main            d.u.i.k.n.ParsingFacade   Parsing time 390 ms. 
2819       WARN  main            d.u.i.k.n.ParsingFacade   file:/home/runner/work/key/key/key.core/build/resources/main/de/uka/ilkd/key/proof/rules/regExLemmaProven.key took 1 ms to parse. 
2819       WARN  main            d.u.i.k.n.ParsingFacade   Parsing time 391 ms. 
2823       WARN  main            d.u.i.k.n.ParsingFacade   file:/home/runner/work/key/key/key.core/build/resources/main/de/uka/ilkd/key/proof/rules/seqEq.key took 1 ms to parse. 
2824       WARN  main            d.u.i.k.n.ParsingFacade   Parsing time 392 ms. 
2829       WARN  main            d.u.i.k.n.ParsingFacade   file:/home/runner/work/key/key/key.core/build/resources/main/de/uka/ilkd/key/proof/rules/infFlow.key took 1 ms to parse. 
2829       WARN  main            d.u.i.k.n.ParsingFacade   Parsing time 393 ms. 
2834       WARN  main            d.u.i.k.n.ParsingFacade   file:/home/runner/work/key/key/key.core/build/resources/main/de/uka/ilkd/key/proof/rules/mapSize.key took 1 ms to parse. 
2834       WARN  main            d.u.i.k.n.ParsingFacade   Parsing time 394 ms. 
2836       WARN  main            d.u.i.k.n.ParsingFacade   file:/home/runner/work/key/key/key.core/build/resources/main/de/uka/ilkd/key/proof/rules/wd.key took 0 ms to parse. 
2836       WARN  main            d.u.i.k.n.ParsingFacade   Parsing time 394 ms. 
2840       WARN  main            d.u.i.k.n.ParsingFacade   file:/home/runner/work/key/key/key.core/build/resources/main/de/uka/ilkd/key/proof/rules/wdHeader.key took 0 ms to parse. 
2840       WARN  main            d.u.i.k.n.ParsingFacade   Parsing time 394 ms. 
2842       WARN  main            d.u.i.k.n.ParsingFacade   file:/home/runner/work/key/key/key.core/build/resources/main/de/uka/ilkd/key/proof/rules/wdGeneralRules.key took 1 ms to parse. 
2842       WARN  main            d.u.i.k.n.ParsingFacade   Parsing time 395 ms. 
2853       WARN  main            d.u.i.k.n.ParsingFacade   file:/home/runner/work/key/key/key.core/build/resources/main/de/uka/ilkd/key/proof/rules/wdNumericalRules.key took 4 ms to parse. 
2853       WARN  main            d.u.i.k.n.ParsingFacade   Parsing time 399 ms. 
2869       WARN  main            d.u.i.k.n.ParsingFacade   file:/home/runner/work/key/key/key.core/build/resources/main/de/uka/ilkd/key/proof/rules/wdLocSetRules.key took 1 ms to parse. 
2869       WARN  main            d.u.i.k.n.ParsingFacade   Parsing time 400 ms. 
2873       WARN  main            d.u.i.k.n.ParsingFacade   file:/home/runner/work/key/key/key.core/build/resources/main/de/uka/ilkd/key/proof/rules/wdHeapRules.key took 1 ms to parse. 
2873       WARN  main            d.u.i.k.n.ParsingFacade   Parsing time 401 ms. 
2876       WARN  main            d.u.i.k.n.ParsingFacade   file:/home/runner/work/key/key/key.core/build/resources/main/de/uka/ilkd/key/proof/rules/wdReachRules.key took 0 ms to parse. 
2876       WARN  main            d.u.i.k.n.ParsingFacade   Parsing time 401 ms. 
2877       WARN  main            d.u.i.k.n.ParsingFacade   file:/home/runner/work/key/key/key.core/build/resources/main/de/uka/ilkd/key/proof/rules/wdSeqRules.key took 0 ms to parse. 
2878       WARN  main            d.u.i.k.n.ParsingFacade   Parsing time 401 ms. 
2880       WARN  main            d.u.i.k.n.ParsingFacade   file:/home/runner/work/key/key/key.core/build/resources/main/de/uka/ilkd/key/proof/rules/wdStringRules.key took 0 ms to parse. 
2880       WARN  main            d.u.i.k.n.ParsingFacade   Parsing time 401 ms. 
2882       WARN  main            d.u.i.k.n.ParsingFacade   file:/home/runner/work/key/key/key.core/build/resources/main/de/uka/ilkd/key/proof/rules/wdRegExRules.key took 0 ms to parse. 
2882       WARN  main            d.u.i.k.n.ParsingFacade   Parsing time 401 ms. 
2887       WARN  main            d.u.i.k.n.ParsingFacade   file:/home/runner/work/key/key/key.core/build/resources/main/de/uka/ilkd/key/proof/rules/wdFormulaRules.key took 3 ms to parse. 
2887       WARN  main            d.u.i.k.n.ParsingFacade   Parsing time 404 ms. 
2896       WARN  main            d.u.i.k.n.ParsingFacade   file:/home/runner/work/key/key/key.core/build/resources/main/de/uka/ilkd/key/proof/rules/loopInvariantRules.key took 0 ms to parse. 
2896       WARN  main            d.u.i.k.n.ParsingFacade   Parsing time 404 ms. 
2897       WARN  main            d.u.i.k.n.ParsingFacade   file:/home/runner/work/key/key/key.core/build/resources/main/de/uka/ilkd/key/proof/rules/forLoopRules.key took 0 ms to parse. 
2897       WARN  main            d.u.i.k.n.ParsingFacade   Parsing time 404 ms. 
2904       WARN  main            d.u.i.k.n.ParsingFacade   file:/home/runner/work/key/key/key.core/build/resources/main/de/uka/ilkd/key/proof/rules/execRules.key took 4 ms to parse. 
2904       WARN  main            d.u.i.k.n.ParsingFacade   Parsing time 408 ms. 
2983       WARN  main            d.u.i.k.n.ParsingFacade   file:/home/runner/work/key/key/key.core/build/resources/main/de/uka/ilkd/key/proof/rules/loopScopeRules.key took 2 ms to parse. 
2983       WARN  main            d.u.i.k.n.ParsingFacade   Parsing time 410 ms. 
6152       WARN  main            d.u.i.k.n.ParsingFacade   file:/home/runner/work/key/key/key.core/build/resources/main/de/uka/ilkd/key/java/JavaRedux/java/lang/String.key took 7 ms to parse. 
6152       WARN  main            d.u.i.k.n.ParsingFacade   Parsing time 417 ms. 
8240       DEBUG main            d.u.i.k.p.i.AbstractProblemLoader Init config took 7.45s 
8298       INFO  main            d.u.i.k.p.i.AbstractProblemLoader Replaying proof instanceCreation1.key 
8330       DEBUG main            d.u.i.k.p.i.IntermediateProofReplayer Proof replay took 31.2ns 
8332       WARN  main            d.u.i.k.n.ParsingFacade   /home/runner/work/key/key/key.core/../key.ui/examples/standard_key/instanceCreation/instanceCreation1.key took 0 ms to parse. 
8332       WARN  main            d.u.i.k.n.ParsingFacade   Parsing time 417 ms. 
9366       INFO  main            d.u.i.k.p.r.p.TestFile    ... finished proof: closed. 
9480       INFO  main            d.u.i.k.p.i.AbstractProblemLoader Loading environment from /home/runner/work/key/key/key.core/../key.ui/examples/standard_key/instanceCreation/instanceCreation1.key.proof 
9480       DEBUG main            d.u.i.k.p.i.AbstractProblemLoader Environment load took 361.91ns 
9481       WARN  main            d.u.i.k.n.ParsingFacade   /home/runner/work/key/key/key.core/../key.ui/examples/standard_key/instanceCreation/instanceCreation1.key.proof took 0 ms to parse. 
9482       WARN  main            d.u.i.k.n.ParsingFacade   Parsing time 417 ms. 
9485       INFO  main            d.u.i.k.p.i.AbstractProblemLoader Creating init config 
10507      WARN  main            d.u.i.k.n.ParsingFacade   file:/home/runner/work/key/key/key.core/build/resources/main/de/uka/ilkd/key/java/JavaRedux/java/lang/String.key took 1 ms to parse. 
10508      WARN  main            d.u.i.k.n.ParsingFacade   Parsing time 418 ms. 
12294      DEBUG main            d.u.i.k.p.i.AbstractProblemLoader Init config took 2.81s 
12325      INFO  main            d.u.i.k.p.i.AbstractProblemLoader Replaying proof instanceCreation1.key.proof 
12462      DEBUG main            d.u.i.k.p.i.IntermediateProofReplayer Proof replay took 130.68ms 
12463      WARN  main            d.u.i.k.n.ParsingFacade   /home/runner/work/key/key/key.core/../key.ui/examples/standard_key/instanceCreation/instanceCreation1.key.proof took 0 ms to parse. 
12464      WARN  main            d.u.i.k.n.ParsingFacade   Parsing time 418 ms. 
12475      DEBUG main            d.u.i.k.p.r.p.TestFile    ... success: reloaded. 
12477      INFO  main            d.u.i.k.p.r.p.TestFile    Now processing file /home/runner/work/key/key/key.core/../key.ui/examples/standard_key/instanceCreation/instanceCreation2.key 
12477      INFO  main            d.u.i.k.p.i.AbstractProblemLoader Loading environment from /home/runner/work/key/key/key.core/../key.ui/examples/standard_key/instanceCreation/instanceCreation2.key 
12477      DEBUG main            d.u.i.k.p.i.AbstractProblemLoader Environment load took 187ns 
12478      WARN  main            d.u.i.k.n.ParsingFacade   /home/runner/work/key/key/key.core/../key.ui/examples/standard_key/instanceCreation/instanceCreation2.key took 0 ms to parse. 
12478      WARN  main            d.u.i.k.n.ParsingFacade   Parsing time 418 ms. 
12481      INFO  main            d.u.i.k.p.i.AbstractProblemLoader Creating init config 
13518      WARN  main            d.u.i.k.n.ParsingFacade   file:/home/runner/work/key/key/key.core/build/resources/main/de/uka/ilkd/key/java/JavaRedux/java/lang/String.key took 1 ms to parse. 
13519      WARN  main            d.u.i.k.n.ParsingFacade   Parsing time 419 ms. 
15235      DEBUG main            d.u.i.k.p.i.AbstractProblemLoader Init config took 2.75s 
15269      INFO  main            d.u.i.k.p.i.AbstractProblemLoader Replaying proof instanceCreation2.key 
15271      DEBUG main            d.u.i.k.p.i.IntermediateProofReplayer Proof replay took 5.4ns 
15272      WARN  main            d.u.i.k.n.ParsingFacade   /home/runner/work/key/key/key.core/../key.ui/examples/standard_key/instanceCreation/instanceCreation2.key took 0 ms to parse. 
15272      WARN  main            d.u.i.k.n.ParsingFacade   Parsing time 419 ms. 
15778      INFO  main            d.u.i.k.p.r.p.TestFile    ... finished proof: closed. 
15927      INFO  main            d.u.i.k.p.i.AbstractProblemLoader Loading environment from /home/runner/work/key/key/key.core/../key.ui/examples/standard_key/instanceCreation/instanceCreation2.key.proof 
15928      DEBUG main            d.u.i.k.p.i.AbstractProblemLoader Environment load took 492.31ns 
15928      WARN  main            d.u.i.k.n.ParsingFacade   /home/runner/work/key/key/key.core/../key.ui/examples/standard_key/instanceCreation/instanceCreation2.key.proof took 0 ms to parse. 
15928      WARN  main            d.u.i.k.n.ParsingFacade   Parsing time 419 ms. 
15929      INFO  main            d.u.i.k.p.i.AbstractProblemLoader Creating init config 
16805      WARN  main            d.u.i.k.n.ParsingFacade   file:/home/runner/work/key/key/key.core/build/resources/main/de/uka/ilkd/key/java/JavaRedux/java/lang/String.key took 1 ms to parse. 
16805      WARN  main            d.u.i.k.n.ParsingFacade   Parsing time 420 ms. 
18474      DEBUG main            d.u.i.k.p.i.AbstractProblemLoader Init config took 2.54s 
18499      INFO  main            d.u.i.k.p.i.AbstractProblemLoader Replaying proof instanceCreation2.key.proof 
18602      DEBUG main            d.u.i.k.p.i.IntermediateProofReplayer Proof replay took 98.54ms 
18603      WARN  main            d.u.i.k.n.ParsingFacade   /home/runner/work/key/key/key.core/../key.ui/examples/standard_key/instanceCreation/instanceCreation2.key.proof took 0 ms to parse. 
18603      WARN  main            d.u.i.k.n.ParsingFacade   Parsing time 420 ms. 
18604      DEBUG main            d.u.i.k.p.r.p.TestFile    ... success: reloaded. 
18605      INFO  main            d.u.i.k.p.r.p.TestFile    Now processing file /home/runner/work/key/key/key.core/../key.ui/examples/standard_key/instanceCreation/interfacesAndAbstractClassesHaveNoInstances.key 
18605      INFO  main            d.u.i.k.p.i.AbstractProblemLoader Loading environment from /home/runner/work/key/key/key.core/../key.ui/examples/standard_key/instanceCreation/interfacesAndAbstractClassesHaveNoInstances.key 
18605      DEBUG main            d.u.i.k.p.i.AbstractProblemLoader Environment load took 164.2ns 
18606      WARN  main            d.u.i.k.n.ParsingFacade   /home/runner/work/key/key/key.core/../key.ui/examples/standard_key/instanceCreation/interfacesAndAbstractClassesHaveNoInstances.key took 1 ms to parse. 
18606      WARN  main            d.u.i.k.n.ParsingFacade   Parsing time 421 ms. 
18607      INFO  main            d.u.i.k.p.i.AbstractProblemLoader Creating init config 
19488      WARN  main            d.u.i.k.n.ParsingFacade   file:/home/runner/work/key/key/key.core/build/resources/main/de/uka/ilkd/key/java/JavaRedux/java/lang/String.key took 2 ms to parse. 
19488      WARN  main            d.u.i.k.n.ParsingFacade   Parsing time 423 ms. 
21174      DEBUG main            d.u.i.k.p.i.AbstractProblemLoader Init config took 2.57s 
21198      INFO  main            d.u.i.k.p.i.AbstractProblemLoader Replaying proof interfacesAndAbstractClassesHaveNoInstances.key 
21200      DEBUG main            d.u.i.k.p.i.IntermediateProofReplayer Proof replay took 6.1ns 
21200      WARN  main            d.u.i.k.n.ParsingFacade   /home/runner/work/key/key/key.core/../key.ui/examples/standard_key/instanceCreation/interfacesAndAbstractClassesHaveNoInstances.key took 0 ms to parse. 
21200      WARN  main            d.u.i.k.n.ParsingFacade   Parsing time 423 ms. 
21306      INFO  main            d.u.i.k.p.r.p.TestFile    ... finished proof: closed. 
21456      INFO  main            d.u.i.k.p.i.AbstractProblemLoader Loading environment from /home/runner/work/key/key/key.core/../key.ui/examples/standard_key/instanceCreation/interfacesAndAbstractClassesHaveNoInstances.key.proof 
21456      DEBUG main            d.u.i.k.p.i.AbstractProblemLoader Environment load took 116.3ns 
21456      WARN  main            d.u.i.k.n.ParsingFacade   /home/runner/work/key/key/key.core/../key.ui/examples/standard_key/instanceCreation/interfacesAndAbstractClassesHaveNoInstances.key.proof took 0 ms to parse. 
21456      WARN  main            d.u.i.k.n.ParsingFacade   Parsing time 423 ms. 
21457      INFO  main            d.u.i.k.p.i.AbstractProblemLoader Creating init config 
22340      WARN  main            d.u.i.k.n.ParsingFacade   file:/home/runner/work/key/key/key.core/build/resources/main/de/uka/ilkd/key/java/JavaRedux/java/lang/String.key took 2 ms to parse. 
22340      WARN  main            d.u.i.k.n.ParsingFacade   Parsing time 425 ms. 
23982      DEBUG main            d.u.i.k.p.i.AbstractProblemLoader Init config took 2.53s 
24003      INFO  main            d.u.i.k.p.i.AbstractProblemLoader Replaying proof interfacesAndAbstractClassesHaveNoInstances.key.proof 
24006      DEBUG main            d.u.i.k.p.i.IntermediateProofReplayer Proof replay took 1.05ms 
24007      WARN  main            d.u.i.k.n.ParsingFacade   /home/runner/work/key/key/key.core/../key.ui/examples/standard_key/instanceCreation/interfacesAndAbstractClassesHaveNoInstances.key.proof took 1 ms to parse. 
24007      WARN  main            d.u.i.k.n.ParsingFacade   Parsing time 426 ms. 
24007      DEBUG main            d.u.i.k.p.r.p.TestFile    ... success: reloaded. 
24008      INFO  main            d.u.i.k.p.r.p.TestFile    Now processing file /home/runner/work/key/key/key.core/../key.ui/examples/standard_key/instanceCreation/successiveCreatedObjectsAreDistinct.key 
24008      INFO  main            d.u.i.k.p.i.AbstractProblemLoader Loading environment from /home/runner/work/key/key/key.core/../key.ui/examples/standard_key/instanceCreation/successiveCreatedObjectsAreDistinct.key 
24008      DEBUG main            d.u.i.k.p.i.AbstractProblemLoader Environment load took 79.1ns 
24009      WARN  main            d.u.i.k.n.ParsingFacade   /home/runner/work/key/key/key.core/../key.ui/examples/standard_key/instanceCreation/successiveCreatedObjectsAreDistinct.key took 0 ms to parse. 
24009      WARN  main            d.u.i.k.n.ParsingFacade   Parsing time 426 ms. 
24009      INFO  main            d.u.i.k.p.i.AbstractProblemLoader Creating init config 
24849      WARN  main            d.u.i.k.n.ParsingFacade   file:/home/runner/work/key/key/key.core/build/resources/main/de/uka/ilkd/key/java/JavaRedux/java/lang/String.key took 2 ms to parse. 
24849      WARN  main            d.u.i.k.n.ParsingFacade   Parsing time 428 ms. 
26587      DEBUG main            d.u.i.k.p.i.AbstractProblemLoader Init config took 2.58s 
26607      INFO  main            d.u.i.k.p.i.AbstractProblemLoader Replaying proof successiveCreatedObjectsAreDistinct.key 
26613      DEBUG main            d.u.i.k.p.i.IntermediateProofReplayer Proof replay took 6.1ns 
26614      WARN  main            d.u.i.k.n.ParsingFacade   /home/runner/work/key/key/key.core/../key.ui/examples/standard_key/instanceCreation/successiveCreatedObjectsAreDistinct.key took 0 ms to parse. 
26614      WARN  main            d.u.i.k.n.ParsingFacade   Parsing time 428 ms. 
27017      INFO  main            d.u.i.k.p.r.p.TestFile    ... finished proof: closed. 
27253      INFO  main            d.u.i.k.p.i.AbstractProblemLoader Loading environment from /home/runner/work/key/key/key.core/../key.ui/examples/standard_key/instanceCreation/successiveCreatedObjectsAreDistinct.key.proof 
27254      DEBUG main            d.u.i.k.p.i.AbstractProblemLoader Environment load took 1.22ms 
27255      WARN  main            d.u.i.k.n.ParsingFacade   /home/runner/work/key/key/key.core/../key.ui/examples/standard_key/instanceCreation/successiveCreatedObjectsAreDistinct.key.proof took 0 ms to parse. 
27255      WARN  main            d.u.i.k.n.ParsingFacade   Parsing time 428 ms. 
27257      INFO  main            d.u.i.k.p.i.AbstractProblemLoader Creating init config 
28112      WARN  main            d.u.i.k.n.ParsingFacade   file:/home/runner/work/key/key/key.core/build/resources/main/de/uka/ilkd/key/java/JavaRedux/java/lang/String.key took 1 ms to parse. 
28113      WARN  main            d.u.i.k.n.ParsingFacade   Parsing time 429 ms. 
29769      DEBUG main            d.u.i.k.p.i.AbstractProblemLoader Init config took 2.51s 
29790      INFO  main            d.u.i.k.p.i.AbstractProblemLoader Replaying proof successiveCreatedObjectsAreDistinct.key.proof 
29854      DEBUG main            d.u.i.k.p.i.IntermediateProofReplayer Proof replay took 60.88ms 
29854      WARN  main            d.u.i.k.n.ParsingFacade   /home/runner/work/key/key/key.core/../key.ui/examples/standard_key/instanceCreation/successiveCreatedObjectsAreDistinct.key.proof took 0 ms to parse. 
29854      WARN  main            d.u.i.k.n.ParsingFacade   Parsing time 429 ms. 
29855      DEBUG main            d.u.i.k.p.r.p.TestFile    ... success: reloaded. 
29856      INFO  main            d.u.i.k.p.r.p.TestFile    Now processing file /home/runner/work/key/key/key.core/../key.ui/examples/standard_key/instanceCreation/testOverloadingConstructors.key 
29856      INFO  main            d.u.i.k.p.i.AbstractProblemLoader Loading environment from /home/runner/work/key/key/key.core/../key.ui/examples/standard_key/instanceCreation/testOverloadingConstructors.key 
29856      DEBUG main            d.u.i.k.p.i.AbstractProblemLoader Environment load took 159.5ns 
29857      WARN  main            d.u.i.k.n.ParsingFacade   /home/runner/work/key/key/key.core/../key.ui/examples/standard_key/instanceCreation/testOverloadingConstructors.key took 0 ms to parse. 
29857      WARN  main            d.u.i.k.n.ParsingFacade   Parsing time 429 ms. 
29858      INFO  main            d.u.i.k.p.i.AbstractProblemLoader Creating init config 
30698      WARN  main            d.u.i.k.n.ParsingFacade   file:/home/runner/work/key/key/key.core/build/resources/main/de/uka/ilkd/key/java/JavaRedux/java/lang/String.key took 1 ms to parse. 
30698      WARN  main            d.u.i.k.n.ParsingFacade   Parsing time 430 ms. 
32421      DEBUG main            d.u.i.k.p.i.AbstractProblemLoader Init config took 2.56s 
32441      INFO  main            d.u.i.k.p.i.AbstractProblemLoader Replaying proof testOverloadingConstructors.key 
32443      DEBUG main            d.u.i.k.p.i.IntermediateProofReplayer Proof replay took 5.3ns 
32443      WARN  main            d.u.i.k.n.ParsingFacade   /home/runner/work/key/key/key.core/../key.ui/examples/standard_key/instanceCreation/testOverloadingConstructors.key took 0 ms to parse. 
32443      WARN  main            d.u.i.k.n.ParsingFacade   Parsing time 430 ms. 
32767      INFO  main            d.u.i.k.p.r.p.TestFile    ... finished proof: closed. 
32923      INFO  main            d.u.i.k.p.i.AbstractProblemLoader Loading environment from /home/runner/work/key/key/key.core/../key.ui/examples/standard_key/instanceCreation/testOverloadingConstructors.key.proof 
32924      DEBUG main            d.u.i.k.p.i.AbstractProblemLoader Environment load took 708.01ns 
32925      WARN  main            d.u.i.k.n.ParsingFacade   /home/runner/work/key/key/key.core/../key.ui/examples/standard_key/instanceCreation/testOverloadingConstructors.key.proof took 0 ms to parse. 
32927      WARN  main            d.u.i.k.n.ParsingFacade   Parsing time 430 ms. 
32928      INFO  main            d.u.i.k.p.i.AbstractProblemLoader Creating init config 
33792      WARN  main            d.u.i.k.n.ParsingFacade   file:/home/runner/work/key/key/key.core/build/resources/main/de/uka/ilkd/key/java/JavaRedux/java/lang/String.key took 1 ms to parse. 
33793      WARN  main            d.u.i.k.n.ParsingFacade   Parsing time 431 ms. 
35382      DEBUG main            d.u.i.k.p.i.AbstractProblemLoader Init config took 2.45s 
35402      INFO  main            d.u.i.k.p.i.AbstractProblemLoader Replaying proof testOverloadingConstructors.key.proof 
35458      DEBUG main            d.u.i.k.p.i.IntermediateProofReplayer Proof replay took 52.74ms 
35459      WARN  main            d.u.i.k.n.ParsingFacade   /home/runner/work/key/key/key.core/../key.ui/examples/standard_key/instanceCreation/testOverloadingConstructors.key.proof took 0 ms to parse. 
35459      WARN  main            d.u.i.k.n.ParsingFacade   Parsing time 431 ms. 
35460      DEBUG main            d.u.i.k.p.r.p.TestFile    ... success: reloaded. 
35461      INFO  main            d.u.i.k.p.r.p.TestFile    Now processing file /home/runner/work/key/key/key.core/../key.ui/examples/standard_key/java_dl/SimpleAttributes.key 
35461      INFO  main            d.u.i.k.p.i.AbstractProblemLoader Loading environment from /home/runner/work/key/key/key.core/../key.ui/examples/standard_key/java_dl/SimpleAttributes.key 
35462      DEBUG main            d.u.i.k.p.i.AbstractProblemLoader Environment load took 178.3ns 
35462      WARN  main            d.u.i.k.n.ParsingFacade   /home/runner/work/key/key/key.core/../key.ui/examples/standard_key/java_dl/SimpleAttributes.key took 0 ms to parse. 
35462      WARN  main            d.u.i.k.n.ParsingFacade   Parsing time 431 ms. 
35463      INFO  main            d.u.i.k.p.i.AbstractProblemLoader Creating init config 
36267      WARN  main            d.u.i.k.n.ParsingFacade   file:/home/runner/work/key/key/key.core/build/resources/main/de/uka/ilkd/key/java/JavaRedux/java/lang/String.key took 1 ms to parse. 
36267      WARN  main            d.u.i.k.n.ParsingFacade   Parsing time 432 ms. 
37872      DEBUG main            d.u.i.k.p.i.AbstractProblemLoader Init config took 2.41s 
37892      INFO  main            d.u.i.k.p.i.AbstractProblemLoader Replaying proof SimpleAttributes.key 
37894      DEBUG main            d.u.i.k.p.i.IntermediateProofReplayer Proof replay took 6.2ns 
37895      WARN  main            d.u.i.k.n.ParsingFacade   /home/runner/work/key/key/key.core/../key.ui/examples/standard_key/java_dl/SimpleAttributes.key took 0 ms to parse. 
37895      WARN  main            d.u.i.k.n.ParsingFacade   Parsing time 432 ms. 
38097      INFO  main            d.u.i.k.p.r.p.TestFile    ... finished proof: closed. 
38245      INFO  main            d.u.i.k.p.i.AbstractProblemLoader Loading environment from /home/runner/work/key/key/key.core/../key.ui/examples/standard_key/java_dl/SimpleAttributes.key.proof 
38246      DEBUG main            d.u.i.k.p.i.AbstractProblemLoader Environment load took 131.1ns 
38246      WARN  main            d.u.i.k.n.ParsingFacade   /home/runner/work/key/key/key.core/../key.ui/examples/standard_key/java_dl/SimpleAttributes.key.proof took 0 ms to parse. 
38246      WARN  main            d.u.i.k.n.ParsingFacade   Parsing time 432 ms. 
38247      INFO  main            d.u.i.k.p.i.AbstractProblemLoader Creating init config 
39039      WARN  main            d.u.i.k.n.ParsingFacade   file:/home/runner/work/key/key/key.core/build/resources/main/de/uka/ilkd/key/java/JavaRedux/java/lang/String.key took 1 ms to parse. 
39040      WARN  main            d.u.i.k.n.ParsingFacade   Parsing time 433 ms. 
40661      DEBUG main            d.u.i.k.p.i.AbstractProblemLoader Init config took 2.41s 
40681      INFO  main            d.u.i.k.p.i.AbstractProblemLoader Replaying proof SimpleAttributes.key.proof 
40705      DEBUG main            d.u.i.k.p.i.IntermediateProofReplayer Proof replay took 21.66ms 
40706      WARN  main            d.u.i.k.n.ParsingFacade   /home/runner/work/key/key/key.core/../key.ui/examples/standard_key/java_dl/SimpleAttributes.key.proof took 0 ms to parse. 
40706      WARN  main            d.u.i.k.n.ParsingFacade   Parsing time 433 ms. 
40706      DEBUG main            d.u.i.k.p.r.p.TestFile    ... success: reloaded. 
40707      INFO  main            d.u.i.k.p.r.p.TestFile    Now processing file /home/runner/work/key/key/key.core/../key.ui/examples/standard_key/java_dl/arrayMax.key 
40707      INFO  main            d.u.i.k.p.i.AbstractProblemLoader Loading environment from /home/runner/work/key/key/key.core/../key.ui/examples/standard_key/java_dl/arrayMax.key 
40707      DEBUG main            d.u.i.k.p.i.AbstractProblemLoader Environment load took 77.9ns 
40708      WARN  main            d.u.i.k.n.ParsingFacade   /home/runner/work/key/key/key.core/../key.ui/examples/standard_key/java_dl/arrayMax.key took 1 ms to parse. 
40708      WARN  main            d.u.i.k.n.ParsingFacade   Parsing time 434 ms. 
40709      INFO  main            d.u.i.k.p.i.AbstractProblemLoader Creating init config 
41540      WARN  main            d.u.i.k.n.ParsingFacade   file:/home/runner/work/key/key/key.core/build/resources/main/de/uka/ilkd/key/java/JavaRedux/java/lang/String.key took 1 ms to parse. 
41540      WARN  main            d.u.i.k.n.ParsingFacade   Parsing time 435 ms. 
43208      DEBUG main            d.u.i.k.p.i.AbstractProblemLoader Init config took 2.5s 
43227      INFO  main            d.u.i.k.p.i.AbstractProblemLoader Replaying proof arrayMax.key 
43229      DEBUG main            d.u.i.k.p.i.IntermediateProofReplayer Proof replay took 5.9ns 
43230      WARN  main            d.u.i.k.n.ParsingFacade   /home/runner/work/key/key/key.core/../key.ui/examples/standard_key/java_dl/arrayMax.key took 0 ms to parse. 
43231      WARN  main            d.u.i.k.n.ParsingFacade   Parsing time 435 ms. 
44636      INFO  main            d.u.i.k.p.r.p.TestFile    ... finished proof: closed. 
44844      INFO  main            d.u.i.k.p.i.AbstractProblemLoader Loading environment from /home/runner/work/key/key/key.core/../key.ui/examples/standard_key/java_dl/arrayMax.key.proof 
44845      DEBUG main            d.u.i.k.p.i.AbstractProblemLoader Environment load took 680.91ns 
44846      WARN  main            d.u.i.k.n.ParsingFacade   /home/runner/work/key/key/key.core/../key.ui/examples/standard_key/java_dl/arrayMax.key.proof took 1 ms to parse. 
44847      WARN  main            d.u.i.k.n.ParsingFacade   Parsing time 436 ms. 
44848      INFO  main            d.u.i.k.p.i.AbstractProblemLoader Creating init config 
45645      WARN  main            d.u.i.k.n.ParsingFacade   file:/home/runner/work/key/key/key.core/build/resources/main/de/uka/ilkd/key/java/JavaRedux/java/lang/String.key took 1 ms to parse. 
45646      WARN  main            d.u.i.k.n.ParsingFacade   Parsing time 437 ms. 
47270      DEBUG main            d.u.i.k.p.i.AbstractProblemLoader Init config took 2.42s 
47290      INFO  main            d.u.i.k.p.i.AbstractProblemLoader Replaying proof arrayMax.key.proof 
47586      DEBUG main            d.u.i.k.p.i.IntermediateProofReplayer Proof replay took 289.38ms 
47588      WARN  main            d.u.i.k.n.ParsingFacade   /home/runner/work/key/key/key.core/../key.ui/examples/standard_key/java_dl/arrayMax.key.proof took 1 ms to parse. 
47588      WARN  main            d.u.i.k.n.ParsingFacade   Parsing time 438 ms. 
47588      DEBUG main            d.u.i.k.p.r.p.TestFile    ... success: reloaded. 
47590      INFO  main            d.u.i.k.p.r.p.TestFile    Now processing file /home/runner/work/key/key/key.core/../key.ui/examples/standard_key/java_dl/arrayUpdateSimp.key 
47590      INFO  main            d.u.i.k.p.i.AbstractProblemLoader Loading environment from /home/runner/work/key/key/key.core/../key.ui/examples/standard_key/java_dl/arrayUpdateSimp.key 
47590      DEBUG main            d.u.i.k.p.i.AbstractProblemLoader Environment load took 204.7ns 
47592      WARN  main            d.u.i.k.n.ParsingFacade   /home/runner/work/key/key/key.core/../key.ui/examples/standard_key/java_dl/arrayUpdateSimp.key took 2 ms to parse. 
47592      WARN  main            d.u.i.k.n.ParsingFacade   Parsing time 440 ms. 
47593      INFO  main            d.u.i.k.p.i.AbstractProblemLoader Creating init config 
47618      WARN  main            d.u.i.k.j.r.KeYCrossReferenceNameInfo Datatype java.io.InputStream declared twice: Once in FILE:/home/runner/work/key/key/key.core/../key.ui/examples/standard_key/java_dl/./classpath/InputStream.java and once in URL:file:/home/runner/work/key/key/key.core/build/resources/main/de/uka/ilkd/key/java/JavaRedux/java/io/InputStream.java, Keeping one from URL:file:/home/runner/work/key/key/key.core/build/resources/main/de/uka/ilkd/key/java/JavaRedux/java/io/InputStream.java 
47619      WARN  main            d.u.i.k.j.r.KeYCrossReferenceNameInfo Datatype java.lang.System declared twice: Once in FILE:/home/runner/work/key/key/key.core/../key.ui/examples/standard_key/java_dl/./classpath/System.java and once in URL:file:/home/runner/work/key/key/key.core/build/resources/main/de/uka/ilkd/key/java/JavaRedux/java/lang/System.java, Keeping one from URL:file:/home/runner/work/key/key/key.core/build/resources/main/de/uka/ilkd/key/java/JavaRedux/java/lang/System.java 
47619      WARN  main            d.u.i.k.j.r.KeYCrossReferenceNameInfo Datatype java.io.PrintStream declared twice: Once in FILE:/home/runner/work/key/key/key.core/../key.ui/examples/standard_key/java_dl/./classpath/PrintStream.java and once in URL:file:/home/runner/work/key/key/key.core/build/resources/main/de/uka/ilkd/key/java/JavaRedux/java/io/PrintStream.java, Keeping one from URL:file:/home/runner/work/key/key/key.core/build/resources/main/de/uka/ilkd/key/java/JavaRedux/java/io/PrintStream.java 
47624      DEBUG main            d.u.i.k.j.r.ClassFileDeclarationBuilder Parsing: package java.io; public class Closeable { } 
47625      DEBUG main            r.s.KeYCrossReferenceSourceInfo Dynamically created class: java.io.Closeable 
48447      WARN  main            d.u.i.k.n.ParsingFacade   file:/home/runner/work/key/key/key.core/build/resources/main/de/uka/ilkd/key/java/JavaRedux/java/lang/String.key took 2 ms to parse. 
48447      WARN  main            d.u.i.k.n.ParsingFacade   Parsing time 442 ms. 
50157      DEBUG main            d.u.i.k.p.i.AbstractProblemLoader Init config took 2.56s 
50176      INFO  main            d.u.i.k.p.i.AbstractProblemLoader Replaying proof arrayUpdateSimp.key 
50177      DEBUG main            d.u.i.k.p.i.IntermediateProofReplayer Proof replay took 6.2ns 
50178      WARN  main            d.u.i.k.n.ParsingFacade   /home/runner/work/key/key/key.core/../key.ui/examples/standard_key/java_dl/arrayUpdateSimp.key took 0 ms to parse. 
50178      WARN  main            d.u.i.k.n.ParsingFacade   Parsing time 442 ms. 
50281      INFO  main            d.u.i.k.p.r.p.TestFile    ... finished proof: closed. 
50477      INFO  main            d.u.i.k.p.i.AbstractProblemLoader Loading environment from /home/runner/work/key/key/key.core/../key.ui/examples/standard_key/java_dl/arrayUpdateSimp.key.proof 
50477      DEBUG main            d.u.i.k.p.i.AbstractProblemLoader Environment load took 111ns 
50481      WARN  main            d.u.i.k.n.ParsingFacade   /home/runner/work/key/key/key.core/../key.ui/examples/standard_key/java_dl/arrayUpdateSimp.key.proof took 3 ms to parse. 
50481      WARN  main            d.u.i.k.n.ParsingFacade   Parsing time 445 ms. 
50482      INFO  main            d.u.i.k.p.i.AbstractProblemLoader Creating init config 
50505      WARN  main            d.u.i.k.j.r.KeYCrossReferenceNameInfo Datatype java.io.InputStream declared twice: Once in FILE:/home/runner/work/key/key/key.core/../key.ui/examples/standard_key/java_dl/classpath/InputStream.java and once in URL:file:/home/runner/work/key/key/key.core/build/resources/main/de/uka/ilkd/key/java/JavaRedux/java/io/InputStream.java, Keeping one from URL:file:/home/runner/work/key/key/key.core/build/resources/main/de/uka/ilkd/key/java/JavaRedux/java/io/InputStream.java 
50506      WARN  main            d.u.i.k.j.r.KeYCrossReferenceNameInfo Datatype java.lang.System declared twice: Once in FILE:/home/runner/work/key/key/key.core/../key.ui/examples/standard_key/java_dl/classpath/System.java and once in URL:file:/home/runner/work/key/key/key.core/build/resources/main/de/uka/ilkd/key/java/JavaRedux/java/lang/System.java, Keeping one from URL:file:/home/runner/work/key/key/key.core/build/resources/main/de/uka/ilkd/key/java/JavaRedux/java/lang/System.java 
50506      WARN  main            d.u.i.k.j.r.KeYCrossReferenceNameInfo Datatype java.io.PrintStream declared twice: Once in FILE:/home/runner/work/key/key/key.core/../key.ui/examples/standard_key/java_dl/classpath/PrintStream.java and once in URL:file:/home/runner/work/key/key/key.core/build/resources/main/de/uka/ilkd/key/java/JavaRedux/java/io/PrintStream.java, Keeping one from URL:file:/home/runner/work/key/key/key.core/build/resources/main/de/uka/ilkd/key/java/JavaRedux/java/io/PrintStream.java 
50509      DEBUG main            d.u.i.k.j.r.ClassFileDeclarationBuilder Parsing: package java.io; public class Closeable { } 
50509      DEBUG main            r.s.KeYCrossReferenceSourceInfo Dynamically created class: java.io.Closeable 
51296      WARN  main            d.u.i.k.n.ParsingFacade   file:/home/runner/work/key/key/key.core/build/resources/main/de/uka/ilkd/key/java/JavaRedux/java/lang/String.key took 1 ms to parse. 
51296      WARN  main            d.u.i.k.n.ParsingFacade   Parsing time 446 ms. 
52930      DEBUG main            d.u.i.k.p.i.AbstractProblemLoader Init config took 2.45s 
52952      INFO  main            d.u.i.k.p.i.AbstractProblemLoader Replaying proof arrayUpdateSimp.key.proof 
52959      DEBUG main            d.u.i.k.p.i.IntermediateProofReplayer Proof replay took 557.11ns 
52960      WARN  main            d.u.i.k.n.ParsingFacade   /home/runner/work/key/key/key.core/../key.ui/examples/standard_key/java_dl/arrayUpdateSimp.key.proof took 1 ms to parse. 
52960      WARN  main            d.u.i.k.n.ParsingFacade   Parsing time 447 ms. 
52961      DEBUG main            d.u.i.k.p.r.p.TestFile    ... success: reloaded. 
52963      INFO  main            d.u.i.k.p.r.p.TestFile    Now processing file /home/runner/work/key/key/key.core/../key.ui/examples/standard_key/java_dl/attributes.key 
52963      INFO  main            d.u.i.k.p.i.AbstractProblemLoader Loading environment from /home/runner/work/key/key/key.core/../key.ui/examples/standard_key/java_dl/attributes.key 
52963      DEBUG main            d.u.i.k.p.i.AbstractProblemLoader Environment load took 177.6ns 
52963      WARN  main            d.u.i.k.n.ParsingFacade   /home/runner/work/key/key/key.core/../key.ui/examples/standard_key/java_dl/attributes.key took 0 ms to parse. 
52964      WARN  main            d.u.i.k.n.ParsingFacade   Parsing time 447 ms. 
52965      INFO  main            d.u.i.k.p.i.AbstractProblemLoader Creating init config 
53774      WARN  main            d.u.i.k.n.ParsingFacade   file:/home/runner/work/key/key/key.core/build/resources/main/de/uka/ilkd/key/java/JavaRedux/java/lang/String.key took 1 ms to parse. 
53774      WARN  main            d.u.i.k.n.ParsingFacade   Parsing time 448 ms. 
55402      DEBUG main            d.u.i.k.p.i.AbstractProblemLoader Init config took 2.44s 
55419      INFO  main            d.u.i.k.p.i.AbstractProblemLoader Replaying proof attributes.key 
55420      DEBUG main            d.u.i.k.p.i.IntermediateProofReplayer Proof replay took 6.7ns 
55420      WARN  main            d.u.i.k.n.ParsingFacade   /home/runner/work/key/key/key.core/../key.ui/examples/standard_key/java_dl/attributes.key took 0 ms to parse. 
55421      WARN  main            d.u.i.k.n.ParsingFacade   Parsing time 448 ms. 
55623      INFO  main            d.u.i.k.p.r.p.TestFile    ... finished proof: closed. 
55825      INFO  main            d.u.i.k.p.i.AbstractProblemLoader Loading environment from /home/runner/work/key/key/key.core/../key.ui/examples/standard_key/java_dl/attributes.key.proof 
55825      DEBUG main            d.u.i.k.p.i.AbstractProblemLoader Environment load took 122.2ns 
55825      WARN  main            d.u.i.k.n.ParsingFacade   /home/runner/work/key/key/key.core/../key.ui/examples/standard_key/java_dl/attributes.key.proof took 0 ms to parse. 
55825      WARN  main            d.u.i.k.n.ParsingFacade   Parsing time 448 ms. 
55826      INFO  main            d.u.i.k.p.i.AbstractProblemLoader Creating init config 
56624      WARN  main            d.u.i.k.n.ParsingFacade   file:/home/runner/work/key/key/key.core/build/resources/main/de/uka/ilkd/key/java/JavaRedux/java/lang/String.key took 1 ms to parse. 
56624      WARN  main            d.u.i.k.n.ParsingFacade   Parsing time 449 ms. 
58234      DEBUG main            d.u.i.k.p.i.AbstractProblemLoader Init config took 2.41s 
58252      INFO  main            d.u.i.k.p.i.AbstractProblemLoader Replaying proof attributes.key.proof 
58291      DEBUG main            d.u.i.k.p.i.IntermediateProofReplayer Proof replay took 36.9ms 
58292      WARN  main            d.u.i.k.n.ParsingFacade   /home/runner/work/key/key/key.core/../key.ui/examples/standard_key/java_dl/attributes.key.proof took 0 ms to parse. 
58292      WARN  main            d.u.i.k.n.ParsingFacade   Parsing time 449 ms. 
58292      DEBUG main            d.u.i.k.p.r.p.TestFile    ... success: reloaded. 
58293      INFO  main            d.u.i.k.p.r.p.TestFile    Now processing file /home/runner/work/key/key/key.core/../key.ui/examples/standard_key/java_dl/break.key 
58293      INFO  main            d.u.i.k.p.i.AbstractProblemLoader Loading environment from /home/runner/work/key/key/key.core/../key.ui/examples/standard_key/java_dl/break.key 
58293      DEBUG main            d.u.i.k.p.i.AbstractProblemLoader Environment load took 67.3ns 
58294      WARN  main            d.u.i.k.n.ParsingFacade   /home/runner/work/key/key/key.core/../key.ui/examples/standard_key/java_dl/break.key took 1 ms to parse. 
58294      WARN  main            d.u.i.k.n.ParsingFacade   Parsing time 450 ms. 
58294      INFO  main            d.u.i.k.p.i.AbstractProblemLoader Creating init config 
58317      WARN  main            d.u.i.k.j.r.KeYCrossReferenceNameInfo Datatype java.io.InputStream declared twice: Once in FILE:/home/runner/work/key/key/key.core/../key.ui/examples/standard_key/java_dl/classpath/InputStream.java and once in URL:file:/home/runner/work/key/key/key.core/build/resources/main/de/uka/ilkd/key/java/JavaRedux/java/io/InputStream.java, Keeping one from URL:file:/home/runner/work/key/key/key.core/build/resources/main/de/uka/ilkd/key/java/JavaRedux/java/io/InputStream.java 
58317      WARN  main            d.u.i.k.j.r.KeYCrossReferenceNameInfo Datatype java.lang.System declared twice: Once in FILE:/home/runner/work/key/key/key.core/../key.ui/examples/standard_key/java_dl/classpath/System.java and once in URL:file:/home/runner/work/key/key/key.core/build/resources/main/de/uka/ilkd/key/java/JavaRedux/java/lang/System.java, Keeping one from URL:file:/home/runner/work/key/key/key.core/build/resources/main/de/uka/ilkd/key/java/JavaRedux/java/lang/System.java 
58317      WARN  main            d.u.i.k.j.r.KeYCrossReferenceNameInfo Datatype java.io.PrintStream declared twice: Once in FILE:/home/runner/work/key/key/key.core/../key.ui/examples/standard_key/java_dl/classpath/PrintStream.java and once in URL:file:/home/runner/work/key/key/key.core/build/resources/main/de/uka/ilkd/key/java/JavaRedux/java/io/PrintStream.java, Keeping one from URL:file:/home/runner/work/key/key/key.core/build/resources/main/de/uka/ilkd/key/java/JavaRedux/java/io/PrintStream.java 
58320      DEBUG main            d.u.i.k.j.r.ClassFileDeclarationBuilder Parsing: package java.io; public class Closeable { } 
58320      DEBUG main            r.s.KeYCrossReferenceSourceInfo Dynamically created class: java.io.Closeable 
59154      WARN  main            d.u.i.k.n.ParsingFacade   file:/home/runner/work/key/key/key.core/build/resources/main/de/uka/ilkd/key/java/JavaRedux/java/lang/String.key took 1 ms to parse. 
59154      WARN  main            d.u.i.k.n.ParsingFacade   Parsing time 451 ms. 
60735      DEBUG main            d.u.i.k.p.i.AbstractProblemLoader Init config took 2.44s 
60750      INFO  main            d.u.i.k.p.i.AbstractProblemLoader Replaying proof break.key 
60752      DEBUG main            d.u.i.k.p.i.IntermediateProofReplayer Proof replay took 6.4ns 
60752      WARN  main            d.u.i.k.n.ParsingFacade   /home/runner/work/key/key/key.core/../key.ui/examples/standard_key/java_dl/break.key took 0 ms to parse. 
60752      WARN  main            d.u.i.k.n.ParsingFacade   Parsing time 451 ms. 
60857      INFO  main            d.u.i.k.p.r.p.TestFile    ... finished proof: closed. 
61044      INFO  main            d.u.i.k.p.i.AbstractProblemLoader Loading environment from /home/runner/work/key/key/key.core/../key.ui/examples/standard_key/java_dl/break.key.proof 
61044      DEBUG main            d.u.i.k.p.i.AbstractProblemLoader Environment load took 104.5ns 
61044      WARN  main            d.u.i.k.n.ParsingFacade   /home/runner/work/key/key/key.core/../key.ui/examples/standard_key/java_dl/break.key.proof took 0 ms to parse. 
61044      WARN  main            d.u.i.k.n.ParsingFacade   Parsing time 451 ms. 
61045      INFO  main            d.u.i.k.p.i.AbstractProblemLoader Creating init config 
61068      WARN  main            d.u.i.k.j.r.KeYCrossReferenceNameInfo Datatype java.io.InputStream declared twice: Once in FILE:/home/runner/work/key/key/key.core/../key.ui/examples/standard_key/java_dl/classpath/InputStream.java and once in URL:file:/home/runner/work/key/key/key.core/build/resources/main/de/uka/ilkd/key/java/JavaRedux/java/io/InputStream.java, Keeping one from URL:file:/home/runner/work/key/key/key.core/build/resources/main/de/uka/ilkd/key/java/JavaRedux/java/io/InputStream.java 
61068      WARN  main            d.u.i.k.j.r.KeYCrossReferenceNameInfo Datatype java.lang.System declared twice: Once in FILE:/home/runner/work/key/key/key.core/../key.ui/examples/standard_key/java_dl/classpath/System.java and once in URL:file:/home/runner/work/key/key/key.core/build/resources/main/de/uka/ilkd/key/java/JavaRedux/java/lang/System.java, Keeping one from URL:file:/home/runner/work/key/key/key.core/build/resources/main/de/uka/ilkd/key/java/JavaRedux/java/lang/System.java 
61068      WARN  main            d.u.i.k.j.r.KeYCrossReferenceNameInfo Datatype java.io.PrintStream declared twice: Once in FILE:/home/runner/work/key/key/key.core/../key.ui/examples/standard_key/java_dl/classpath/PrintStream.java and once in URL:file:/home/runner/work/key/key/key.core/build/resources/main/de/uka/ilkd/key/java/JavaRedux/java/io/PrintStream.java, Keeping one from URL:file:/home/runner/work/key/key/key.core/build/resources/main/de/uka/ilkd/key/java/JavaRedux/java/io/PrintStream.java 
61071      DEBUG main            d.u.i.k.j.r.ClassFileDeclarationBuilder Parsing: package java.io; public class Closeable { } 
61072      DEBUG main            r.s.KeYCrossReferenceSourceInfo Dynamically created class: java.io.Closeable 
61874      WARN  main            d.u.i.k.n.ParsingFacade   file:/home/runner/work/key/key/key.core/build/resources/main/de/uka/ilkd/key/java/JavaRedux/java/lang/String.key took 1 ms to parse. 
61874      WARN  main            d.u.i.k.n.ParsingFacade   Parsing time 452 ms. 
63429      DEBUG main            d.u.i.k.p.i.AbstractProblemLoader Init config took 2.38s 
63445      INFO  main            d.u.i.k.p.i.AbstractProblemLoader Replaying proof break.key.proof 
63454      DEBUG main            d.u.i.k.p.i.IntermediateProofReplayer Proof replay took 7.65ms 
63455      WARN  main            d.u.i.k.n.ParsingFacade   /home/runner/work/key/key/key.core/../key.ui/examples/standard_key/java_dl/break.key.proof took 1 ms to parse. 
63455      WARN  main            d.u.i.k.n.ParsingFacade   Parsing time 453 ms. 
63455      DEBUG main            d.u.i.k.p.r.p.TestFile    ... success: reloaded. 
63456      INFO  main            d.u.i.k.p.r.p.TestFile    Now processing file /home/runner/work/key/key/key.core/../key.ui/examples/standard_key/java_dl/char.key 
63456      INFO  main            d.u.i.k.p.i.AbstractProblemLoader Loading environment from /home/runner/work/key/key/key.core/../key.ui/examples/standard_key/java_dl/char.key 
63456      DEBUG main            d.u.i.k.p.i.AbstractProblemLoader Environment load took 87.4ns 
63457      WARN  main            d.u.i.k.n.ParsingFacade   /home/runner/work/key/key/key.core/../key.ui/examples/standard_key/java_dl/char.key took 0 ms to parse. 
63457      WARN  main            d.u.i.k.n.ParsingFacade   Parsing time 453 ms. 
63457      INFO  main            d.u.i.k.p.i.AbstractProblemLoader Creating init config 
64197      WARN  main            d.u.i.k.n.ParsingFacade   file:/home/runner/work/key/key/key.core/build/resources/main/de/uka/ilkd/key/java/JavaRedux/java/lang/String.key took 2 ms to parse. 
64197      WARN  main            d.u.i.k.n.ParsingFacade   Parsing time 455 ms. 
65817      DEBUG main            d.u.i.k.p.i.AbstractProblemLoader Init config took 2.36s 
65834      INFO  main            d.u.i.k.p.i.AbstractProblemLoader Replaying proof char.key 
65835      DEBUG main            d.u.i.k.p.i.IntermediateProofReplayer Proof replay took 6.7ns 
65836      WARN  main            d.u.i.k.n.ParsingFacade   /home/runner/work/key/key/key.core/../key.ui/examples/standard_key/java_dl/char.key took 0 ms to parse. 
65836      WARN  main            d.u.i.k.n.ParsingFacade   Parsing time 455 ms. 
65938      INFO  main            d.u.i.k.p.r.p.TestFile    ... finished proof: closed. 
66129      INFO  main            d.u.i.k.p.i.AbstractProblemLoader Loading environment from /home/runner/work/key/key/key.core/../key.ui/examples/standard_key/java_dl/char.key.proof 
66129      DEBUG main            d.u.i.k.p.i.AbstractProblemLoader Environment load took 115.1ns 
66130      WARN  main            d.u.i.k.n.ParsingFacade   /home/runner/work/key/key/key.core/../key.ui/examples/standard_key/java_dl/char.key.proof took 0 ms to parse. 
66130      WARN  main            d.u.i.k.n.ParsingFacade   Parsing time 455 ms. 
66131      INFO  main            d.u.i.k.p.i.AbstractProblemLoader Creating init config 
66863      WARN  main            d.u.i.k.n.ParsingFacade   file:/home/runner/work/key/key/key.core/build/resources/main/de/uka/ilkd/key/java/JavaRedux/java/lang/String.key took 1 ms to parse. 
66864      WARN  main            d.u.i.k.n.ParsingFacade   Parsing time 456 ms. 
68450      DEBUG main            d.u.i.k.p.i.AbstractProblemLoader Init config took 2.32s 
68466      INFO  main            d.u.i.k.p.i.AbstractProblemLoader Replaying proof char.key.proof 
68470      DEBUG main            d.u.i.k.p.i.IntermediateProofReplayer Proof replay took 2.52ms 
68470      WARN  main            d.u.i.k.n.ParsingFacade   /home/runner/work/key/key/key.core/../key.ui/examples/standard_key/java_dl/char.key.proof took 0 ms to parse. 
68470      WARN  main            d.u.i.k.n.ParsingFacade   Parsing time 456 ms. 
68471      DEBUG main            d.u.i.k.p.r.p.TestFile    ... success: reloaded. 
68471      INFO  main            d.u.i.k.p.r.p.TestFile    Now processing file /home/runner/work/key/key/key.core/../key.ui/examples/standard_key/java_dl/compileTimeConstants.key 
68471      INFO  main            d.u.i.k.p.i.AbstractProblemLoader Loading environment from /home/runner/work/key/key/key.core/../key.ui/examples/standard_key/java_dl/compileTimeConstants.key 
68471      DEBUG main            d.u.i.k.p.i.AbstractProblemLoader Environment load took 87.1ns 
68472      WARN  main            d.u.i.k.n.ParsingFacade   /home/runner/work/key/key/key.core/../key.ui/examples/standard_key/java_dl/compileTimeConstants.key took 1 ms to parse. 
68472      WARN  main            d.u.i.k.n.ParsingFacade   Parsing time 457 ms. 
68472      INFO  main            d.u.i.k.p.i.AbstractProblemLoader Creating init config 
69297      WARN  main            d.u.i.k.n.ParsingFacade   file:/home/runner/work/key/key/key.core/build/resources/main/de/uka/ilkd/key/java/JavaRedux/java/lang/String.key took 1 ms to parse. 
69297      WARN  main            d.u.i.k.n.ParsingFacade   Parsing time 458 ms. 
70903      DEBUG main            d.u.i.k.p.i.AbstractProblemLoader Init config took 2.43s 
70920      INFO  main            d.u.i.k.p.i.AbstractProblemLoader Replaying proof compileTimeConstants.key 
70921      DEBUG main            d.u.i.k.p.i.IntermediateProofReplayer Proof replay took 6.4ns 
70922      WARN  main            d.u.i.k.n.ParsingFacade   /home/runner/work/key/key/key.core/../key.ui/examples/standard_key/java_dl/compileTimeConstants.key took 0 ms to parse. 
70922      WARN  main            d.u.i.k.n.ParsingFacade   Parsing time 458 ms. 
71025      INFO  main            d.u.i.k.p.r.p.TestFile    ... finished proof: closed. 
71259      INFO  main            d.u.i.k.p.i.AbstractProblemLoader Loading environment from /home/runner/work/key/key/key.core/../key.ui/examples/standard_key/java_dl/compileTimeConstants.key.proof 
71259      DEBUG main            d.u.i.k.p.i.AbstractProblemLoader Environment load took 101.3ns 
71260      WARN  main            d.u.i.k.n.ParsingFacade   /home/runner/work/key/key/key.core/../key.ui/examples/standard_key/java_dl/compileTimeConstants.key.proof took 1 ms to parse. 
71260      WARN  main            d.u.i.k.n.ParsingFacade   Parsing time 459 ms. 
71260      INFO  main            d.u.i.k.p.i.AbstractProblemLoader Creating init config 
72042      WARN  main            d.u.i.k.n.ParsingFacade   file:/home/runner/work/key/key/key.core/build/resources/main/de/uka/ilkd/key/java/JavaRedux/java/lang/String.key took 1 ms to parse. 
72043      WARN  main            d.u.i.k.n.ParsingFacade   Parsing time 460 ms. 
73636      DEBUG main            d.u.i.k.p.i.AbstractProblemLoader Init config took 2.38s 
73658      INFO  main            d.u.i.k.p.i.AbstractProblemLoader Replaying proof compileTimeConstants.key.proof 
73673      DEBUG main            d.u.i.k.p.i.IntermediateProofReplayer Proof replay took 12.93ms 
73674      WARN  main            d.u.i.k.n.ParsingFacade   /home/runner/work/key/key/key.core/../key.ui/examples/standard_key/java_dl/compileTimeConstants.key.proof took 1 ms to parse. 
73674      WARN  main            d.u.i.k.n.ParsingFacade   Parsing time 461 ms. 
73678      DEBUG main            d.u.i.k.p.r.p.TestFile    ... success: reloaded. 
73679      INFO  main            d.u.i.k.p.r.p.TestFile    Now processing file /home/runner/work/key/key/key.core/../key.ui/examples/standard_key/java_dl/constructorException/test.key 
73679      INFO  main            d.u.i.k.p.i.AbstractProblemLoader Loading environment from /home/runner/work/key/key/key.core/../key.ui/examples/standard_key/java_dl/constructorException/test.key 
73679      DEBUG main            d.u.i.k.p.i.AbstractProblemLoader Environment load took 98.2ns 
73679      WARN  main            d.u.i.k.n.ParsingFacade   /home/runner/work/key/key/key.core/../key.ui/examples/standard_key/java_dl/constructorException/test.key took 0 ms to parse. 
73679      WARN  main            d.u.i.k.n.ParsingFacade   Parsing time 461 ms. 
73680      INFO  main            d.u.i.k.p.i.AbstractProblemLoader Creating init config 
74523      WARN  main            d.u.i.k.n.ParsingFacade   file:/home/runner/work/key/key/key.core/build/resources/main/de/uka/ilkd/key/java/JavaRedux/java/lang/String.key took 1 ms to parse. 
74523      WARN  main            d.u.i.k.n.ParsingFacade   Parsing time 462 ms. 
76127      DEBUG main            d.u.i.k.p.i.AbstractProblemLoader Init config took 2.45s 
76189      INFO  main            d.u.i.k.p.i.AbstractProblemLoader Replaying proof Test[Test::Test(int)].JML operation contract.0 
76190      DEBUG main            d.u.i.k.p.i.IntermediateProofReplayer Proof replay took 6.2ns 
76190      WARN  main            d.u.i.k.n.ParsingFacade   /home/runner/work/key/key/key.core/../key.ui/examples/standard_key/java_dl/constructorException/test.key took 0 ms to parse. 
76191      WARN  main            d.u.i.k.n.ParsingFacade   Parsing time 462 ms. 
76393      INFO  main            d.u.i.k.p.r.p.TestFile    ... finished proof: closed. 
76637      INFO  main            d.u.i.k.p.i.AbstractProblemLoader Loading environment from /home/runner/work/key/key/key.core/../key.ui/examples/standard_key/java_dl/constructorException/test.key.proof 
76637      DEBUG main            d.u.i.k.p.i.AbstractProblemLoader Environment load took 87.6ns 
76637      WARN  main            d.u.i.k.n.ParsingFacade   /home/runner/work/key/key/key.core/../key.ui/examples/standard_key/java_dl/constructorException/test.key.proof took 0 ms to parse. 
76637      WARN  main            d.u.i.k.n.ParsingFacade   Parsing time 462 ms. 
76638      INFO  main            d.u.i.k.p.i.AbstractProblemLoader Creating init config 
77426      WARN  main            d.u.i.k.n.ParsingFacade   file:/home/runner/work/key/key/key.core/build/resources/main/de/uka/ilkd/key/java/JavaRedux/java/lang/String.key took 2 ms to parse. 
77426      WARN  main            d.u.i.k.n.ParsingFacade   Parsing time 464 ms. 
79013      DEBUG main            d.u.i.k.p.i.AbstractProblemLoader Init config took 2.38s 
79054      INFO  main            d.u.i.k.p.i.AbstractProblemLoader Replaying proof Test[Test::Test(int)].JML operation contract.0 
79108      DEBUG main            d.u.i.k.p.i.IntermediateProofReplayer Proof replay took 51.63ms 
79109      WARN  main            d.u.i.k.n.ParsingFacade   /home/runner/work/key/key/key.core/../key.ui/examples/standard_key/java_dl/constructorException/test.key.proof took 0 ms to parse. 
79109      WARN  main            d.u.i.k.n.ParsingFacade   Parsing time 464 ms. 
79110      DEBUG main            d.u.i.k.p.r.p.TestFile    ... success: reloaded. 
79111      INFO  main            d.u.i.k.p.r.p.TestFile    Now processing file /home/runner/work/key/key/key.core/../key.ui/examples/standard_key/java_dl/constructorException/regressionTestBug1333.key 
79111      INFO  main            d.u.i.k.p.i.AbstractProblemLoader Loading environment from /home/runner/work/key/key/key.core/../key.ui/examples/standard_key/java_dl/constructorException/regressionTestBug1333.key 
79111      DEBUG main            d.u.i.k.p.i.AbstractProblemLoader Environment load took 160.1ns 
79111      WARN  main            d.u.i.k.n.ParsingFacade   /home/runner/work/key/key/key.core/../key.ui/examples/standard_key/java_dl/constructorException/regressionTestBug1333.key took 0 ms to parse. 
79111      WARN  main            d.u.i.k.n.ParsingFacade   Parsing time 464 ms. 
79112      INFO  main            d.u.i.k.p.i.AbstractProblemLoader Creating init config 
79926      WARN  main            d.u.i.k.n.ParsingFacade   file:/home/runner/work/key/key/key.core/build/resources/main/de/uka/ilkd/key/java/JavaRedux/java/lang/String.key took 1 ms to parse. 
79926      WARN  main            d.u.i.k.n.ParsingFacade   Parsing time 465 ms. 
81582      DEBUG main            d.u.i.k.p.i.AbstractProblemLoader Init config took 2.47s 
81620      INFO  main            d.u.i.k.p.i.AbstractProblemLoader Replaying proof False[False::False()].JML normal_behavior operation contract.0 
81621      DEBUG main            d.u.i.k.p.i.IntermediateProofReplayer Proof replay took 5.8ns 
81622      WARN  main            d.u.i.k.n.ParsingFacade   /home/runner/work/key/key/key.core/../key.ui/examples/standard_key/java_dl/constructorException/regressionTestBug1333.key took 0 ms to parse. 
81622      WARN  main            d.u.i.k.n.ParsingFacade   Parsing time 465 ms. 
81724      INFO  main            d.u.i.k.p.r.p.TestFile    ... finished proof: open goal(s) 
81933      INFO  main            d.u.i.k.p.r.p.TestFile    Now processing file /home/runner/work/key/key/key.core/../key.ui/examples/standard_key/java_dl/continue1.key 
81933      INFO  main            d.u.i.k.p.i.AbstractProblemLoader Loading environment from /home/runner/work/key/key/key.core/../key.ui/examples/standard_key/java_dl/continue1.key 
81933      DEBUG main            d.u.i.k.p.i.AbstractProblemLoader Environment load took 68.8ns 
81934      WARN  main            d.u.i.k.n.ParsingFacade   /home/runner/work/key/key/key.core/../key.ui/examples/standard_key/java_dl/continue1.key took 0 ms to parse. 
81934      WARN  main            d.u.i.k.n.ParsingFacade   Parsing time 465 ms. 
81935      INFO  main            d.u.i.k.p.i.AbstractProblemLoader Creating init config 
81956      WARN  main            d.u.i.k.j.r.KeYCrossReferenceNameInfo Datatype java.io.InputStream declared twice: Once in FILE:/home/runner/work/key/key/key.core/../key.ui/examples/standard_key/java_dl/classpath/InputStream.java and once in URL:file:/home/runner/work/key/key/key.core/build/resources/main/de/uka/ilkd/key/java/JavaRedux/java/io/InputStream.java, Keeping one from URL:file:/home/runner/work/key/key/key.core/build/resources/main/de/uka/ilkd/key/java/JavaRedux/java/io/InputStream.java 
81956      WARN  main            d.u.i.k.j.r.KeYCrossReferenceNameInfo Datatype java.lang.System declared twice: Once in FILE:/home/runner/work/key/key/key.core/../key.ui/examples/standard_key/java_dl/classpath/System.java and once in URL:file:/home/runner/work/key/key/key.core/build/resources/main/de/uka/ilkd/key/java/JavaRedux/java/lang/System.java, Keeping one from URL:file:/home/runner/work/key/key/key.core/build/resources/main/de/uka/ilkd/key/java/JavaRedux/java/lang/System.java 
81956      WARN  main            d.u.i.k.j.r.KeYCrossReferenceNameInfo Datatype java.io.PrintStream declared twice: Once in FILE:/home/runner/work/key/key/key.core/../key.ui/examples/standard_key/java_dl/classpath/PrintStream.java and once in URL:file:/home/runner/work/key/key/key.core/build/resources/main/de/uka/ilkd/key/java/JavaRedux/java/io/PrintStream.java, Keeping one from URL:file:/home/runner/work/key/key/key.core/build/resources/main/de/uka/ilkd/key/java/JavaRedux/java/io/PrintStream.java 
81959      DEBUG main            d.u.i.k.j.r.ClassFileDeclarationBuilder Parsing: package java.io; public class Closeable { } 
81959      DEBUG main            r.s.KeYCrossReferenceSourceInfo Dynamically created class: java.io.Closeable 
82723      WARN  main            d.u.i.k.n.ParsingFacade   file:/home/runner/work/key/key/key.core/build/resources/main/de/uka/ilkd/key/java/JavaRedux/java/lang/String.key took 1 ms to parse. 
82723      WARN  main            d.u.i.k.n.ParsingFacade   Parsing time 466 ms. 
84287      DEBUG main            d.u.i.k.p.i.AbstractProblemLoader Init config took 2.35s 
84302      INFO  main            d.u.i.k.p.i.AbstractProblemLoader Replaying proof continue1.key 
84303      DEBUG main            d.u.i.k.p.i.IntermediateProofReplayer Proof replay took 6.3ns 
84304      WARN  main            d.u.i.k.n.ParsingFacade   /home/runner/work/key/key/key.core/../key.ui/examples/standard_key/java_dl/continue1.key took 0 ms to parse. 
84304      WARN  main            d.u.i.k.n.ParsingFacade   Parsing time 466 ms. 
84406      INFO  main            d.u.i.k.p.r.p.TestFile    ... finished proof: closed. 
84601      INFO  main            d.u.i.k.p.i.AbstractProblemLoader Loading environment from /home/runner/work/key/key/key.core/../key.ui/examples/standard_key/java_dl/continue1.key.proof 
84601      DEBUG main            d.u.i.k.p.i.AbstractProblemLoader Environment load took 89.2ns 
84602      WARN  main            d.u.i.k.n.ParsingFacade   /home/runner/work/key/key/key.core/../key.ui/examples/standard_key/java_dl/continue1.key.proof took 0 ms to parse. 
84602      WARN  main            d.u.i.k.n.ParsingFacade   Parsing time 466 ms. 
84603      INFO  main            d.u.i.k.p.i.AbstractProblemLoader Creating init config 
84624      WARN  main            d.u.i.k.j.r.KeYCrossReferenceNameInfo Datatype java.io.InputStream declared twice: Once in FILE:/home/runner/work/key/key/key.core/../key.ui/examples/standard_key/java_dl/classpath/InputStream.java and once in URL:file:/home/runner/work/key/key/key.core/build/resources/main/de/uka/ilkd/key/java/JavaRedux/java/io/InputStream.java, Keeping one from URL:file:/home/runner/work/key/key/key.core/build/resources/main/de/uka/ilkd/key/java/JavaRedux/java/io/InputStream.java 
84624      WARN  main            d.u.i.k.j.r.KeYCrossReferenceNameInfo Datatype java.lang.System declared twice: Once in FILE:/home/runner/work/key/key/key.core/../key.ui/examples/standard_key/java_dl/classpath/System.java and once in URL:file:/home/runner/work/key/key/key.core/build/resources/main/de/uka/ilkd/key/java/JavaRedux/java/lang/System.java, Keeping one from URL:file:/home/runner/work/key/key/key.core/build/resources/main/de/uka/ilkd/key/java/JavaRedux/java/lang/System.java 
84624      WARN  main            d.u.i.k.j.r.KeYCrossReferenceNameInfo Datatype java.io.PrintStream declared twice: Once in FILE:/home/runner/work/key/key/key.core/../key.ui/examples/standard_key/java_dl/classpath/PrintStream.java and once in URL:file:/home/runner/work/key/key/key.core/build/resources/main/de/uka/ilkd/key/java/JavaRedux/java/io/PrintStream.java, Keeping one from URL:file:/home/runner/work/key/key/key.core/build/resources/main/de/uka/ilkd/key/java/JavaRedux/java/io/PrintStream.java 
84627      DEBUG main            d.u.i.k.j.r.ClassFileDeclarationBuilder Parsing: package java.io; public class Closeable { } 
84627      DEBUG main            r.s.KeYCrossReferenceSourceInfo Dynamically created class: java.io.Closeable 
85449      WARN  main            d.u.i.k.n.ParsingFacade   file:/home/runner/work/key/key/key.core/build/resources/main/de/uka/ilkd/key/java/JavaRedux/java/lang/String.key took 1 ms to parse. 
85450      WARN  main            d.u.i.k.n.ParsingFacade   Parsing time 467 ms. 
87054      DEBUG main            d.u.i.k.p.i.AbstractProblemLoader Init config took 2.45s 
87069      INFO  main            d.u.i.k.p.i.AbstractProblemLoader Replaying proof continue1.key.proof 
87089      DEBUG main            d.u.i.k.p.i.IntermediateProofReplayer Proof replay took 17.9ms 
87089      WARN  main            d.u.i.k.n.ParsingFacade   /home/runner/work/key/key/key.core/../key.ui/examples/standard_key/java_dl/continue1.key.proof took 0 ms to parse. 
87090      WARN  main            d.u.i.k.n.ParsingFacade   Parsing time 467 ms. 
87090      DEBUG main            d.u.i.k.p.r.p.TestFile    ... success: reloaded. 
87091      INFO  main            d.u.i.k.p.r.p.TestFile    Now processing file /home/runner/work/key/key/key.core/../key.ui/examples/standard_key/java_dl/continue2.key 
87092      INFO  main            d.u.i.k.p.i.AbstractProblemLoader Loading environment from /home/runner/work/key/key/key.core/../key.ui/examples/standard_key/java_dl/continue2.key 
87092      DEBUG main            d.u.i.k.p.i.AbstractProblemLoader Environment load took 172.1ns 
87092      WARN  main            d.u.i.k.n.ParsingFacade   /home/runner/work/key/key/key.core/../key.ui/examples/standard_key/java_dl/continue2.key took 0 ms to parse. 
87092      WARN  main            d.u.i.k.n.ParsingFacade   Parsing time 467 ms. 
87093      INFO  main            d.u.i.k.p.i.AbstractProblemLoader Creating init config 
87113      WARN  main            d.u.i.k.j.r.KeYCrossReferenceNameInfo Datatype java.io.InputStream declared twice: Once in FILE:/home/runner/work/key/key/key.core/../key.ui/examples/standard_key/java_dl/classpath/InputStream.java and once in URL:file:/home/runner/work/key/key/key.core/build/resources/main/de/uka/ilkd/key/java/JavaRedux/java/io/InputStream.java, Keeping one from URL:file:/home/runner/work/key/key/key.core/build/resources/main/de/uka/ilkd/key/java/JavaRedux/java/io/InputStream.java 
87114      WARN  main            d.u.i.k.j.r.KeYCrossReferenceNameInfo Datatype java.lang.System declared twice: Once in FILE:/home/runner/work/key/key/key.core/../key.ui/examples/standard_key/java_dl/classpath/System.java and once in URL:file:/home/runner/work/key/key/key.core/build/resources/main/de/uka/ilkd/key/java/JavaRedux/java/lang/System.java, Keeping one from URL:file:/home/runner/work/key/key/key.core/build/resources/main/de/uka/ilkd/key/java/JavaRedux/java/lang/System.java 
87114      WARN  main            d.u.i.k.j.r.KeYCrossReferenceNameInfo Datatype java.io.PrintStream declared twice: Once in FILE:/home/runner/work/key/key/key.core/../key.ui/examples/standard_key/java_dl/classpath/PrintStream.java and once in URL:file:/home/runner/work/key/key/key.core/build/resources/main/de/uka/ilkd/key/java/JavaRedux/java/io/PrintStream.java, Keeping one from URL:file:/home/runner/work/key/key/key.core/build/resources/main/de/uka/ilkd/key/java/JavaRedux/java/io/PrintStream.java 
87117      DEBUG main            d.u.i.k.j.r.ClassFileDeclarationBuilder Parsing: package java.io; public class Closeable { } 
87117      DEBUG main            r.s.KeYCrossReferenceSourceInfo Dynamically created class: java.io.Closeable 
87895      WARN  main            d.u.i.k.n.ParsingFacade   file:/home/runner/work/key/key/key.core/build/resources/main/de/uka/ilkd/key/java/JavaRedux/java/lang/String.key took 1 ms to parse. 
87895      WARN  main            d.u.i.k.n.ParsingFacade   Parsing time 468 ms. 
89462      DEBUG main            d.u.i.k.p.i.AbstractProblemLoader Init config took 2.37s 
89476      INFO  main            d.u.i.k.p.i.AbstractProblemLoader Replaying proof continue2.key 
89478      DEBUG main            d.u.i.k.p.i.IntermediateProofReplayer Proof replay took 5.8ns 
89478      WARN  main            d.u.i.k.n.ParsingFacade   /home/runner/work/key/key/key.core/../key.ui/examples/standard_key/java_dl/continue2.key took 0 ms to parse. 
89478      WARN  main            d.u.i.k.n.ParsingFacade   Parsing time 468 ms. 
89680      INFO  main            d.u.i.k.p.r.p.TestFile    ... finished proof: closed. 
89906      INFO  main            d.u.i.k.p.i.AbstractProblemLoader Loading environment from /home/runner/work/key/key/key.core/../key.ui/examples/standard_key/java_dl/continue2.key.proof 
89906      DEBUG main            d.u.i.k.p.i.AbstractProblemLoader Environment load took 89.8ns 
89907      WARN  main            d.u.i.k.n.ParsingFacade   /home/runner/work/key/key/key.core/../key.ui/examples/standard_key/java_dl/continue2.key.proof took 0 ms to parse. 
89907      WARN  main            d.u.i.k.n.ParsingFacade   Parsing time 468 ms. 
89908      INFO  main            d.u.i.k.p.i.AbstractProblemLoader Creating init config 
89928      WARN  main            d.u.i.k.j.r.KeYCrossReferenceNameInfo Datatype java.io.InputStream declared twice: Once in FILE:/home/runner/work/key/key/key.core/../key.ui/examples/standard_key/java_dl/classpath/InputStream.java and once in URL:file:/home/runner/work/key/key/key.core/build/resources/main/de/uka/ilkd/key/java/JavaRedux/java/io/InputStream.java, Keeping one from URL:file:/home/runner/work/key/key/key.core/build/resources/main/de/uka/ilkd/key/java/JavaRedux/java/io/InputStream.java 
89929      WARN  main            d.u.i.k.j.r.KeYCrossReferenceNameInfo Datatype java.lang.System declared twice: Once in FILE:/home/runner/work/key/key/key.core/../key.ui/examples/standard_key/java_dl/classpath/System.java and once in URL:file:/home/runner/work/key/key/key.core/build/resources/main/de/uka/ilkd/key/java/JavaRedux/java/lang/System.java, Keeping one from URL:file:/home/runner/work/key/key/key.core/build/resources/main/de/uka/ilkd/key/java/JavaRedux/java/lang/System.java 
89929      WARN  main            d.u.i.k.j.r.KeYCrossReferenceNameInfo Datatype java.io.PrintStream declared twice: Once in FILE:/home/runner/work/key/key/key.core/../key.ui/examples/standard_key/java_dl/classpath/PrintStream.java and once in URL:file:/home/runner/work/key/key/key.core/build/resources/main/de/uka/ilkd/key/java/JavaRedux/java/io/PrintStream.java, Keeping one from URL:file:/home/runner/work/key/key/key.core/build/resources/main/de/uka/ilkd/key/java/JavaRedux/java/io/PrintStream.java 
89932      DEBUG main            d.u.i.k.j.r.ClassFileDeclarationBuilder Parsing: package java.io; public class Closeable { } 
89932      DEBUG main            r.s.KeYCrossReferenceSourceInfo Dynamically created class: java.io.Closeable 
90693      WARN  main            d.u.i.k.n.ParsingFacade   file:/home/runner/work/key/key/key.core/build/resources/main/de/uka/ilkd/key/java/JavaRedux/java/lang/String.key took 1 ms to parse. 
90694      WARN  main            d.u.i.k.n.ParsingFacade   Parsing time 469 ms. 
92334      DEBUG main            d.u.i.k.p.i.AbstractProblemLoader Init config took 2.43s 
92349      INFO  main            d.u.i.k.p.i.AbstractProblemLoader Replaying proof continue2.key.proof 
92425      DEBUG main            d.u.i.k.p.i.IntermediateProofReplayer Proof replay took 72.68ms 
92426      WARN  main            d.u.i.k.n.ParsingFacade   /home/runner/work/key/key/key.core/../key.ui/examples/standard_key/java_dl/continue2.key.proof took 0 ms to parse. 
92426      WARN  main            d.u.i.k.n.ParsingFacade   Parsing time 469 ms. 
92428      DEBUG main            d.u.i.k.p.r.p.TestFile    ... success: reloaded. 
92429      INFO  main            d.u.i.k.p.r.p.TestFile    Now processing file /home/runner/work/key/key/key.core/../key.ui/examples/standard_key/java_dl/complexAssignment.key 
92430      INFO  main            d.u.i.k.p.i.AbstractProblemLoader Loading environment from /home/runner/work/key/key/key.core/../key.ui/examples/standard_key/java_dl/complexAssignment.key 
92430      DEBUG main            d.u.i.k.p.i.AbstractProblemLoader Environment load took 156.3ns 
92430      WARN  main            d.u.i.k.n.ParsingFacade   /home/runner/work/key/key/key.core/../key.ui/examples/standard_key/java_dl/complexAssignment.key took 0 ms to parse. 
92430      WARN  main            d.u.i.k.n.ParsingFacade   Parsing time 469 ms. 
92431      INFO  main            d.u.i.k.p.i.AbstractProblemLoader Creating init config 
93198      WARN  main            d.u.i.k.n.ParsingFacade   file:/home/runner/work/key/key/key.core/build/resources/main/de/uka/ilkd/key/java/JavaRedux/java/lang/String.key took 1 ms to parse. 
93198      WARN  main            d.u.i.k.n.ParsingFacade   Parsing time 470 ms. 
94858      DEBUG main            d.u.i.k.p.i.AbstractProblemLoader Init config took 2.43s 
94873      INFO  main            d.u.i.k.p.i.AbstractProblemLoader Replaying proof complexAssignment.key 
94874      DEBUG main            d.u.i.k.p.i.IntermediateProofReplayer Proof replay took 6.9ns 
94875      WARN  main            d.u.i.k.n.ParsingFacade   /home/runner/work/key/key/key.core/../key.ui/examples/standard_key/java_dl/complexAssignment.key took 1 ms to parse. 
94875      WARN  main            d.u.i.k.n.ParsingFacade   Parsing time 471 ms. 
94977      INFO  main            d.u.i.k.p.r.p.TestFile    ... finished proof: closed. 
95199      INFO  main            d.u.i.k.p.i.AbstractProblemLoader Loading environment from /home/runner/work/key/key/key.core/../key.ui/examples/standard_key/java_dl/complexAssignment.key.proof 
95199      DEBUG main            d.u.i.k.p.i.AbstractProblemLoader Environment load took 137.2ns 
95200      WARN  main            d.u.i.k.n.ParsingFacade   /home/runner/work/key/key/key.core/../key.ui/examples/standard_key/java_dl/complexAssignment.key.proof took 0 ms to parse. 
95200      WARN  main            d.u.i.k.n.ParsingFacade   Parsing time 471 ms. 
95200      INFO  main            d.u.i.k.p.i.AbstractProblemLoader Creating init config 
95923      WARN  main            d.u.i.k.n.ParsingFacade   file:/home/runner/work/key/key/key.core/build/resources/main/de/uka/ilkd/key/java/JavaRedux/java/lang/String.key took 1 ms to parse. 
95923      WARN  main            d.u.i.k.n.ParsingFacade   Parsing time 472 ms. 
97488      DEBUG main            d.u.i.k.p.i.AbstractProblemLoader Init config took 2.29s 
97502      INFO  main            d.u.i.k.p.i.AbstractProblemLoader Replaying proof complexAssignment.key.proof 
97512      DEBUG main            d.u.i.k.p.i.IntermediateProofReplayer Proof replay took 8.59ms 
97513      WARN  main            d.u.i.k.n.ParsingFacade   /home/runner/work/key/key/key.core/../key.ui/examples/standard_key/java_dl/complexAssignment.key.proof took 0 ms to parse. 
97516      WARN  main            d.u.i.k.n.ParsingFacade   Parsing time 472 ms. 
97516      DEBUG main            d.u.i.k.p.r.p.TestFile    ... success: reloaded. 
97517      INFO  main            d.u.i.k.p.r.p.TestFile    Now processing file /home/runner/work/key/key/key.core/../key.ui/examples/standard_key/java_dl/danglingElseSolution1.key 
97519      INFO  main            d.u.i.k.p.i.AbstractProblemLoader Loading environment from /home/runner/work/key/key/key.core/../key.ui/examples/standard_key/java_dl/danglingElseSolution1.key 
97519      DEBUG main            d.u.i.k.p.i.AbstractProblemLoader Environment load took 172.3ns 
97520      WARN  main            d.u.i.k.n.ParsingFacade   /home/runner/work/key/key/key.core/../key.ui/examples/standard_key/java_dl/danglingElseSolution1.key took 0 ms to parse. 
97520      WARN  main            d.u.i.k.n.ParsingFacade   Parsing time 472 ms. 
97520      INFO  main            d.u.i.k.p.i.AbstractProblemLoader Creating init config 
98287      WARN  main            d.u.i.k.n.ParsingFacade   file:/home/runner/work/key/key/key.core/build/resources/main/de/uka/ilkd/key/java/JavaRedux/java/lang/String.key took 1 ms to parse. 
98287      WARN  main            d.u.i.k.n.ParsingFacade   Parsing time 473 ms. 
99902      DEBUG main            d.u.i.k.p.i.AbstractProblemLoader Init config took 2.38s 
99916      INFO  main            d.u.i.k.p.i.AbstractProblemLoader Replaying proof danglingElseSolution1.key 
99917      DEBUG main            d.u.i.k.p.i.IntermediateProofReplayer Proof replay took 5.5ns 
99918      WARN  main            d.u.i.k.n.ParsingFacade   /home/runner/work/key/key/key.core/../key.ui/examples/standard_key/java_dl/danglingElseSolution1.key took 0 ms to parse. 
99918      WARN  main            d.u.i.k.n.ParsingFacade   Parsing time 473 ms. 
100020     INFO  main            d.u.i.k.p.r.p.TestFile    ... finished proof: closed. 
100254     INFO  main            d.u.i.k.p.i.AbstractProblemLoader Loading environment from /home/runner/work/key/key/key.core/../key.ui/examples/standard_key/java_dl/danglingElseSolution1.key.proof 
100254     DEBUG main            d.u.i.k.p.i.AbstractProblemLoader Environment load took 82.9ns 
100254     WARN  main            d.u.i.k.n.ParsingFacade   /home/runner/work/key/key/key.core/../key.ui/examples/standard_key/java_dl/danglingElseSolution1.key.proof took 0 ms to parse. 
100254     WARN  main            d.u.i.k.n.ParsingFacade   Parsing time 473 ms. 
100255     INFO  main            d.u.i.k.p.i.AbstractProblemLoader Creating init config 
101007     WARN  main            d.u.i.k.n.ParsingFacade   file:/home/runner/work/key/key/key.core/build/resources/main/de/uka/ilkd/key/java/JavaRedux/java/lang/String.key took 1 ms to parse. 
101007     WARN  main            d.u.i.k.n.ParsingFacade   Parsing time 474 ms. 
102567     DEBUG main            d.u.i.k.p.i.AbstractProblemLoader Init config took 2.31s 
102582     INFO  main            d.u.i.k.p.i.AbstractProblemLoader Replaying proof danglingElseSolution1.key.proof 
102592     DEBUG main            d.u.i.k.p.i.IntermediateProofReplayer Proof replay took 8.13ms 
102593     WARN  main            d.u.i.k.n.ParsingFacade   /home/runner/work/key/key/key.core/../key.ui/examples/standard_key/java_dl/danglingElseSolution1.key.proof took 0 ms to parse. 
102593     WARN  main            d.u.i.k.n.ParsingFacade   Parsing time 474 ms. 
102593     DEBUG main            d.u.i.k.p.r.p.TestFile    ... success: reloaded. 
102594     INFO  main            d.u.i.k.p.r.p.TestFile    Now processing file /home/runner/work/key/key/key.core/../key.ui/examples/standard_key/java_dl/danglingElseSolution2.key 
102594     INFO  main            d.u.i.k.p.i.AbstractProblemLoader Loading environment from /home/runner/work/key/key/key.core/../key.ui/examples/standard_key/java_dl/danglingElseSolution2.key 
102594     DEBUG main            d.u.i.k.p.i.AbstractProblemLoader Environment load took 159.6ns 
102595     WARN  main            d.u.i.k.n.ParsingFacade   /home/runner/work/key/key/key.core/../key.ui/examples/standard_key/java_dl/danglingElseSolution2.key took 0 ms to parse. 
102595     WARN  main            d.u.i.k.n.ParsingFacade   Parsing time 474 ms. 
102596     INFO  main            d.u.i.k.p.i.AbstractProblemLoader Creating init config 
103334     WARN  main            d.u.i.k.n.ParsingFacade   file:/home/runner/work/key/key/key.core/build/resources/main/de/uka/ilkd/key/java/JavaRedux/java/lang/String.key took 1 ms to parse. 
103334     WARN  main            d.u.i.k.n.ParsingFacade   Parsing time 475 ms. 
104919     DEBUG main            d.u.i.k.p.i.AbstractProblemLoader Init config took 2.32s 
104934     INFO  main            d.u.i.k.p.i.AbstractProblemLoader Replaying proof danglingElseSolution2.key 
104935     DEBUG main            d.u.i.k.p.i.IntermediateProofReplayer Proof replay took 6.5ns 
104936     WARN  main            d.u.i.k.n.ParsingFacade   /home/runner/work/key/key/key.core/../key.ui/examples/standard_key/java_dl/danglingElseSolution2.key took 1 ms to parse. 
104936     WARN  main            d.u.i.k.n.ParsingFacade   Parsing time 476 ms. 
105037     INFO  main            d.u.i.k.p.r.p.TestFile    ... finished proof: closed. 
105270     INFO  main            d.u.i.k.p.i.AbstractProblemLoader Loading environment from /home/runner/work/key/key/key.core/../key.ui/examples/standard_key/java_dl/danglingElseSolution2.key.proof 
105270     DEBUG main            d.u.i.k.p.i.AbstractProblemLoader Environment load took 101.3ns 
105270     WARN  main            d.u.i.k.n.ParsingFacade   /home/runner/work/key/key/key.core/../key.ui/examples/standard_key/java_dl/danglingElseSolution2.key.proof took 0 ms to parse. 
105270     WARN  main            d.u.i.k.n.ParsingFacade   Parsing time 476 ms. 
105273     INFO  main            d.u.i.k.p.i.AbstractProblemLoader Creating init config 
106008     WARN  main            d.u.i.k.n.ParsingFacade   file:/home/runner/work/key/key/key.core/build/resources/main/de/uka/ilkd/key/java/JavaRedux/java/lang/String.key took 1 ms to parse. 
106008     WARN  main            d.u.i.k.n.ParsingFacade   Parsing time 477 ms. 
107603     DEBUG main            d.u.i.k.p.i.AbstractProblemLoader Init config took 2.33s 
107618     INFO  main            d.u.i.k.p.i.AbstractProblemLoader Replaying proof danglingElseSolution2.key.proof 
107628     DEBUG main            d.u.i.k.p.i.IntermediateProofReplayer Proof replay took 8.45ms 
107629     WARN  main            d.u.i.k.n.ParsingFacade   /home/runner/work/key/key/key.core/../key.ui/examples/standard_key/java_dl/danglingElseSolution2.key.proof took 0 ms to parse. 
107629     WARN  main            d.u.i.k.n.ParsingFacade   Parsing time 477 ms. 
107629     DEBUG main            d.u.i.k.p.r.p.TestFile    ... success: reloaded. 
107630     INFO  main            d.u.i.k.p.r.p.TestFile    Now processing file /home/runner/work/key/key/key.core/../key.ui/examples/standard_key/java_dl/deepNonNull/deepNonNull0.key 
107630     INFO  main            d.u.i.k.p.i.AbstractProblemLoader Loading environment from /home/runner/work/key/key/key.core/../key.ui/examples/standard_key/java_dl/deepNonNull/deepNonNull0.key 
107630     DEBUG main            d.u.i.k.p.i.AbstractProblemLoader Environment load took 70.7ns 
107630     WARN  main            d.u.i.k.n.ParsingFacade   /home/runner/work/key/key/key.core/../key.ui/examples/standard_key/java_dl/deepNonNull/deepNonNull0.key took 0 ms to parse. 
107630     WARN  main            d.u.i.k.n.ParsingFacade   Parsing time 477 ms. 
107631     INFO  main            d.u.i.k.p.i.AbstractProblemLoader Creating init config 
108444     WARN  main            d.u.i.k.n.ParsingFacade   file:/home/runner/work/key/key/key.core/build/resources/main/de/uka/ilkd/key/java/JavaRedux/java/lang/String.key took 2 ms to parse. 
108444     WARN  main            d.u.i.k.n.ParsingFacade   Parsing time 479 ms. 
110079     DEBUG main            d.u.i.k.p.i.AbstractProblemLoader Init config took 2.45s 
110117     INFO  main            d.u.i.k.p.i.AbstractProblemLoader Replaying proof Arrays[Arrays::get()].JML operation contract.0 
110118     DEBUG main            d.u.i.k.p.i.IntermediateProofReplayer Proof replay took 5.8ns 
110119     WARN  main            d.u.i.k.n.ParsingFacade   /home/runner/work/key/key/key.core/../key.ui/examples/standard_key/java_dl/deepNonNull/deepNonNull0.key took 0 ms to parse. 
110119     WARN  main            d.u.i.k.n.ParsingFacade   Parsing time 479 ms. 
110320     INFO  main            d.u.i.k.p.r.p.TestFile    ... finished proof: closed. 
110569     INFO  main            d.u.i.k.p.i.AbstractProblemLoader Loading environment from /home/runner/work/key/key/key.core/../key.ui/examples/standard_key/java_dl/deepNonNull/deepNonNull0.key.proof 
110569     DEBUG main            d.u.i.k.p.i.AbstractProblemLoader Environment load took 79.9ns 
110569     WARN  main            d.u.i.k.n.ParsingFacade   /home/runner/work/key/key/key.core/../key.ui/examples/standard_key/java_dl/deepNonNull/deepNonNull0.key.proof took 0 ms to parse. 
110569     WARN  main            d.u.i.k.n.ParsingFacade   Parsing time 479 ms. 
110570     INFO  main            d.u.i.k.p.i.AbstractProblemLoader Creating init config 
111355     WARN  main            d.u.i.k.n.ParsingFacade   file:/home/runner/work/key/key/key.core/build/resources/main/de/uka/ilkd/key/java/JavaRedux/java/lang/String.key took 1 ms to parse. 
111355     WARN  main            d.u.i.k.n.ParsingFacade   Parsing time 480 ms. 
112927     DEBUG main            d.u.i.k.p.i.AbstractProblemLoader Init config took 2.36s 
112975     INFO  main            d.u.i.k.p.i.AbstractProblemLoader Replaying proof Arrays[Arrays::get()].JML operation contract.0 
113009     DEBUG main            d.u.i.k.p.i.IntermediateProofReplayer Proof replay took 31.29ms 
113009     WARN  main            d.u.i.k.n.ParsingFacade   /home/runner/work/key/key/key.core/../key.ui/examples/standard_key/java_dl/deepNonNull/deepNonNull0.key.proof took 0 ms to parse. 
113009     WARN  main            d.u.i.k.n.ParsingFacade   Parsing time 480 ms. 
113009     DEBUG main            d.u.i.k.p.r.p.TestFile    ... success: reloaded. 
113010     INFO  main            d.u.i.k.p.r.p.TestFile    Now processing file /home/runner/work/key/key/key.core/../key.ui/examples/standard_key/java_dl/deepNonNull/deepNonNull1.key 
113011     INFO  main            d.u.i.k.p.i.AbstractProblemLoader Loading environment from /home/runner/work/key/key/key.core/../key.ui/examples/standard_key/java_dl/deepNonNull/deepNonNull1.key 
113011     DEBUG main            d.u.i.k.p.i.AbstractProblemLoader Environment load took 79.6ns 
113011     WARN  main            d.u.i.k.n.ParsingFacade   /home/runner/work/key/key/key.core/../key.ui/examples/standard_key/java_dl/deepNonNull/deepNonNull1.key took 0 ms to parse. 
113011     WARN  main            d.u.i.k.n.ParsingFacade   Parsing time 480 ms. 
113011     INFO  main            d.u.i.k.p.i.AbstractProblemLoader Creating init config 
113817     WARN  main            d.u.i.k.n.ParsingFacade   file:/home/runner/work/key/key/key.core/build/resources/main/de/uka/ilkd/key/java/JavaRedux/java/lang/String.key took 1 ms to parse. 
113817     WARN  main            d.u.i.k.n.ParsingFacade   Parsing time 481 ms. 
115428     DEBUG main            d.u.i.k.p.i.AbstractProblemLoader Init config took 2.42s 
115473     INFO  main            d.u.i.k.p.i.AbstractProblemLoader Replaying proof Arrays[Arrays::head()].JML operation contract.0 
115474     DEBUG main            d.u.i.k.p.i.IntermediateProofReplayer Proof replay took 5.9ns 
115474     WARN  main            d.u.i.k.n.ParsingFacade   /home/runner/work/key/key/key.core/../key.ui/examples/standard_key/java_dl/deepNonNull/deepNonNull1.key took 0 ms to parse. 
115475     WARN  main            d.u.i.k.n.ParsingFacade   Parsing time 481 ms. 
115676     INFO  main            d.u.i.k.p.r.p.TestFile    ... finished proof: closed. 
115953     INFO  main            d.u.i.k.p.i.AbstractProblemLoader Loading environment from /home/runner/work/key/key/key.core/../key.ui/examples/standard_key/java_dl/deepNonNull/deepNonNull1.key.proof 
115953     DEBUG main            d.u.i.k.p.i.AbstractProblemLoader Environment load took 80.9ns 
115953     WARN  main            d.u.i.k.n.ParsingFacade   /home/runner/work/key/key/key.core/../key.ui/examples/standard_key/java_dl/deepNonNull/deepNonNull1.key.proof took 0 ms to parse. 
115953     WARN  main            d.u.i.k.n.ParsingFacade   Parsing time 481 ms. 
115954     INFO  main            d.u.i.k.p.i.AbstractProblemLoader Creating init config 
116761     WARN  main            d.u.i.k.n.ParsingFacade   file:/home/runner/work/key/key/key.core/build/resources/main/de/uka/ilkd/key/java/JavaRedux/java/lang/String.key took 1 ms to parse. 
116761     WARN  main            d.u.i.k.n.ParsingFacade   Parsing time 482 ms. 
118337     DEBUG main            d.u.i.k.p.i.AbstractProblemLoader Init config took 2.38s 
118378     INFO  main            d.u.i.k.p.i.AbstractProblemLoader Replaying proof Arrays[Arrays::head()].JML operation contract.0 
118415     DEBUG main            d.u.i.k.p.i.IntermediateProofReplayer Proof replay took 33.6ms 
118416     WARN  main            d.u.i.k.n.ParsingFacade   /home/runner/work/key/key/key.core/../key.ui/examples/standard_key/java_dl/deepNonNull/deepNonNull1.key.proof took 0 ms to parse. 
118416     WARN  main            d.u.i.k.n.ParsingFacade   Parsing time 482 ms. 
118416     DEBUG main            d.u.i.k.p.r.p.TestFile    ... success: reloaded. 
118417     INFO  main            d.u.i.k.p.r.p.TestFile    Now processing file /home/runner/work/key/key/key.core/../key.ui/examples/standard_key/java_dl/deepNonNull/deepNonNull2.key 
118417     INFO  main            d.u.i.k.p.i.AbstractProblemLoader Loading environment from /home/runner/work/key/key/key.core/../key.ui/examples/standard_key/java_dl/deepNonNull/deepNonNull2.key 
118418     DEBUG main            d.u.i.k.p.i.AbstractProblemLoader Environment load took 154.2ns 
118418     WARN  main            d.u.i.k.n.ParsingFacade   /home/runner/work/key/key/key.core/../key.ui/examples/standard_key/java_dl/deepNonNull/deepNonNull2.key took 0 ms to parse. 
118418     WARN  main            d.u.i.k.n.ParsingFacade   Parsing time 482 ms. 
118419     INFO  main            d.u.i.k.p.i.AbstractProblemLoader Creating init config 
119218     WARN  main            d.u.i.k.n.ParsingFacade   file:/home/runner/work/key/key/key.core/build/resources/main/de/uka/ilkd/key/java/JavaRedux/java/lang/String.key took 2 ms to parse. 
119218     WARN  main            d.u.i.k.n.ParsingFacade   Parsing time 484 ms. 
120815     DEBUG main            d.u.i.k.p.i.AbstractProblemLoader Init config took 2.4s 
120850     INFO  main            d.u.i.k.p.i.AbstractProblemLoader Replaying proof Arrays[Arrays::unprovable(java.lang.Object)].JML operation contract.0 
120851     DEBUG main            d.u.i.k.p.i.IntermediateProofReplayer Proof replay took 5.3ns 
120851     WARN  main            d.u.i.k.n.ParsingFacade   /home/runner/work/key/key/key.core/../key.ui/examples/standard_key/java_dl/deepNonNull/deepNonNull2.key took 0 ms to parse. 
120851     WARN  main            d.u.i.k.n.ParsingFacade   Parsing time 484 ms. 
120958     INFO  main            d.u.i.k.p.r.p.TestFile    ... finished proof: open goal(s) 
121205     INFO  main            d.u.i.k.p.r.p.TestFile    Now processing file /home/runner/work/key/key/key.core/../key.ui/examples/standard_key/java_dl/deepNonNull/deepNonNull3.key 
121205     INFO  main            d.u.i.k.p.i.AbstractProblemLoader Loading environment from /home/runner/work/key/key/key.core/../key.ui/examples/standard_key/java_dl/deepNonNull/deepNonNull3.key 
121205     DEBUG main            d.u.i.k.p.i.AbstractProblemLoader Environment load took 44.6ns 
121205     WARN  main            d.u.i.k.n.ParsingFacade   /home/runner/work/key/key/key.core/../key.ui/examples/standard_key/java_dl/deepNonNull/deepNonNull3.key took 0 ms to parse. 
121205     WARN  main            d.u.i.k.n.ParsingFacade   Parsing time 484 ms. 
121206     INFO  main            d.u.i.k.p.i.AbstractProblemLoader Creating init config 
122001     WARN  main            d.u.i.k.n.ParsingFacade   file:/home/runner/work/key/key/key.core/build/resources/main/de/uka/ilkd/key/java/JavaRedux/java/lang/String.key took 1 ms to parse. 
122001     WARN  main            d.u.i.k.n.ParsingFacade   Parsing time 485 ms. 
123567     DEBUG main            d.u.i.k.p.i.AbstractProblemLoader Init config took 2.36s 
123602     INFO  main            d.u.i.k.p.i.AbstractProblemLoader Replaying proof Arrays[Arrays::head([[[[Ljava.lang.Object)].JML operation contract.0 
123603     DEBUG main            d.u.i.k.p.i.IntermediateProofReplayer Proof replay took 6ns 
123604     WARN  main            d.u.i.k.n.ParsingFacade   /home/runner/work/key/key/key.core/../key.ui/examples/standard_key/java_dl/deepNonNull/deepNonNull3.key took 0 ms to parse. 
123604     WARN  main            d.u.i.k.n.ParsingFacade   Parsing time 485 ms. 
124513     INFO  main            d.u.i.k.p.r.p.TestFile    ... finished proof: closed. 
124780     INFO  main            d.u.i.k.p.i.AbstractProblemLoader Loading environment from /home/runner/work/key/key/key.core/../key.ui/examples/standard_key/java_dl/deepNonNull/deepNonNull3.key.proof 
124781     DEBUG main            d.u.i.k.p.i.AbstractProblemLoader Environment load took 310.31ns 
124781     WARN  main            d.u.i.k.n.ParsingFacade   /home/runner/work/key/key/key.core/../key.ui/examples/standard_key/java_dl/deepNonNull/deepNonNull3.key.proof took 0 ms to parse. 
124781     WARN  main            d.u.i.k.n.ParsingFacade   Parsing time 485 ms. 
124782     INFO  main            d.u.i.k.p.i.AbstractProblemLoader Creating init config 
125638     WARN  main            d.u.i.k.n.ParsingFacade   file:/home/runner/work/key/key/key.core/build/resources/main/de/uka/ilkd/key/java/JavaRedux/java/lang/String.key took 1 ms to parse. 
125638     WARN  main            d.u.i.k.n.ParsingFacade   Parsing time 486 ms. 
127203     DEBUG main            d.u.i.k.p.i.AbstractProblemLoader Init config took 2.42s 
127249     INFO  main            d.u.i.k.p.i.AbstractProblemLoader Replaying proof Arrays[Arrays::head([[[[Ljava.lang.Object)].JML operation contract.0 
127373     DEBUG main            d.u.i.k.p.i.IntermediateProofReplayer Proof replay took 117.68ms 
127374     WARN  main            d.u.i.k.n.ParsingFacade   /home/runner/work/key/key/key.core/../key.ui/examples/standard_key/java_dl/deepNonNull/deepNonNull3.key.proof took 0 ms to parse. 
127374     WARN  main            d.u.i.k.n.ParsingFacade   Parsing time 486 ms. 
127375     DEBUG main            d.u.i.k.p.r.p.TestFile    ... success: reloaded. 
127375     INFO  main            d.u.i.k.p.r.p.TestFile    Now processing file /home/runner/work/key/key/key.core/../key.ui/examples/standard_key/java_dl/exceptions.key 
127375     INFO  main            d.u.i.k.p.i.AbstractProblemLoader Loading environment from /home/runner/work/key/key/key.core/../key.ui/examples/standard_key/java_dl/exceptions.key 
127376     DEBUG main            d.u.i.k.p.i.AbstractProblemLoader Environment load took 159.8ns 
127376     WARN  main            d.u.i.k.n.ParsingFacade   /home/runner/work/key/key/key.core/../key.ui/examples/standard_key/java_dl/exceptions.key took 0 ms to parse. 
127376     WARN  main            d.u.i.k.n.ParsingFacade   Parsing time 486 ms. 
127377     INFO  main            d.u.i.k.p.i.AbstractProblemLoader Creating init config 
127398     WARN  main            d.u.i.k.j.r.KeYCrossReferenceNameInfo Datatype java.io.InputStream declared twice: Once in FILE:/home/runner/work/key/key/key.core/../key.ui/examples/standard_key/java_dl/classpath/InputStream.java and once in URL:file:/home/runner/work/key/key/key.core/build/resources/main/de/uka/ilkd/key/java/JavaRedux/java/io/InputStream.java, Keeping one from URL:file:/home/runner/work/key/key/key.core/build/resources/main/de/uka/ilkd/key/java/JavaRedux/java/io/InputStream.java 
127399     WARN  main            d.u.i.k.j.r.KeYCrossReferenceNameInfo Datatype java.lang.System declared twice: Once in FILE:/home/runner/work/key/key/key.core/../key.ui/examples/standard_key/java_dl/classpath/System.java and once in URL:file:/home/runner/work/key/key/key.core/build/resources/main/de/uka/ilkd/key/java/JavaRedux/java/lang/System.java, Keeping one from URL:file:/home/runner/work/key/key/key.core/build/resources/main/de/uka/ilkd/key/java/JavaRedux/java/lang/System.java 
127399     WARN  main            d.u.i.k.j.r.KeYCrossReferenceNameInfo Datatype java.io.PrintStream declared twice: Once in FILE:/home/runner/work/key/key/key.core/../key.ui/examples/standard_key/java_dl/classpath/PrintStream.java and once in URL:file:/home/runner/work/key/key/key.core/build/resources/main/de/uka/ilkd/key/java/JavaRedux/java/io/PrintStream.java, Keeping one from URL:file:/home/runner/work/key/key/key.core/build/resources/main/de/uka/ilkd/key/java/JavaRedux/java/io/PrintStream.java 
127402     DEBUG main            d.u.i.k.j.r.ClassFileDeclarationBuilder Parsing: package java.io; public class Closeable { } 
127402     DEBUG main            r.s.KeYCrossReferenceSourceInfo Dynamically created class: java.io.Closeable 
128192     WARN  main            d.u.i.k.n.ParsingFacade   file:/home/runner/work/key/key/key.core/build/resources/main/de/uka/ilkd/key/java/JavaRedux/java/lang/String.key took 1 ms to parse. 
128192     WARN  main            d.u.i.k.n.ParsingFacade   Parsing time 487 ms. 
129816     DEBUG main            d.u.i.k.p.i.AbstractProblemLoader Init config took 2.44s 
129829     INFO  main            d.u.i.k.p.i.AbstractProblemLoader Replaying proof exceptions.key 
129831     DEBUG main            d.u.i.k.p.i.IntermediateProofReplayer Proof replay took 6.5ns 
129832     WARN  main            d.u.i.k.n.ParsingFacade   /home/runner/work/key/key/key.core/../key.ui/examples/standard_key/java_dl/exceptions.key took 0 ms to parse. 
129832     WARN  main            d.u.i.k.n.ParsingFacade   Parsing time 487 ms. 
130034     INFO  main            d.u.i.k.p.r.p.TestFile    ... finished proof: closed. 
130295     INFO  main            d.u.i.k.p.i.AbstractProblemLoader Loading environment from /home/runner/work/key/key/key.core/../key.ui/examples/standard_key/java_dl/exceptions.key.proof 
130295     DEBUG main            d.u.i.k.p.i.AbstractProblemLoader Environment load took 78ns 
130296     WARN  main            d.u.i.k.n.ParsingFacade   /home/runner/work/key/key/key.core/../key.ui/examples/standard_key/java_dl/exceptions.key.proof took 0 ms to parse. 
130296     WARN  main            d.u.i.k.n.ParsingFacade   Parsing time 487 ms. 
130296     INFO  main            d.u.i.k.p.i.AbstractProblemLoader Creating init config 
130321     WARN  main            d.u.i.k.j.r.KeYCrossReferenceNameInfo Datatype java.io.InputStream declared twice: Once in FILE:/home/runner/work/key/key/key.core/../key.ui/examples/standard_key/java_dl/classpath/InputStream.java and once in URL:file:/home/runner/work/key/key/key.core/build/resources/main/de/uka/ilkd/key/java/JavaRedux/java/io/InputStream.java, Keeping one from URL:file:/home/runner/work/key/key/key.core/build/resources/main/de/uka/ilkd/key/java/JavaRedux/java/io/InputStream.java 
130321     WARN  main            d.u.i.k.j.r.KeYCrossReferenceNameInfo Datatype java.lang.System declared twice: Once in FILE:/home/runner/work/key/key/key.core/../key.ui/examples/standard_key/java_dl/classpath/System.java and once in URL:file:/home/runner/work/key/key/key.core/build/resources/main/de/uka/ilkd/key/java/JavaRedux/java/lang/System.java, Keeping one from URL:file:/home/runner/work/key/key/key.core/build/resources/main/de/uka/ilkd/key/java/JavaRedux/java/lang/System.java 
130322     WARN  main            d.u.i.k.j.r.KeYCrossReferenceNameInfo Datatype java.io.PrintStream declared twice: Once in FILE:/home/runner/work/key/key/key.core/../key.ui/examples/standard_key/java_dl/classpath/PrintStream.java and once in URL:file:/home/runner/work/key/key/key.core/build/resources/main/de/uka/ilkd/key/java/JavaRedux/java/io/PrintStream.java, Keeping one from URL:file:/home/runner/work/key/key/key.core/build/resources/main/de/uka/ilkd/key/java/JavaRedux/java/io/PrintStream.java 
130325     DEBUG main            d.u.i.k.j.r.ClassFileDeclarationBuilder Parsing: package java.io; public class Closeable { } 
130325     DEBUG main            r.s.KeYCrossReferenceSourceInfo Dynamically created class: java.io.Closeable 
131090     WARN  main            d.u.i.k.n.ParsingFacade   file:/home/runner/work/key/key/key.core/build/resources/main/de/uka/ilkd/key/java/JavaRedux/java/lang/String.key took 1 ms to parse. 
131090     WARN  main            d.u.i.k.n.ParsingFacade   Parsing time 488 ms. 
132707     DEBUG main            d.u.i.k.p.i.AbstractProblemLoader Init config took 2.41s 
132720     INFO  main            d.u.i.k.p.i.AbstractProblemLoader Replaying proof exceptions.key.proof 
132761     DEBUG main            d.u.i.k.p.i.IntermediateProofReplayer Proof replay took 38.38ms 
132762     WARN  main            d.u.i.k.n.ParsingFacade   /home/runner/work/key/key/key.core/../key.ui/examples/standard_key/java_dl/exceptions.key.proof took 1 ms to parse. 
132762     WARN  main            d.u.i.k.n.ParsingFacade   Parsing time 489 ms. 
132762     DEBUG main            d.u.i.k.p.r.p.TestFile    ... success: reloaded. 
132763     INFO  main            d.u.i.k.p.r.p.TestFile    Now processing file /home/runner/work/key/key/key.core/../key.ui/examples/standard_key/java_dl/exceptions1.key 
132763     INFO  main            d.u.i.k.p.i.AbstractProblemLoader Loading environment from /home/runner/work/key/key/key.core/../key.ui/examples/standard_key/java_dl/exceptions1.key 
132763     DEBUG main            d.u.i.k.p.i.AbstractProblemLoader Environment load took 74.2ns 
132763     WARN  main            d.u.i.k.n.ParsingFacade   /home/runner/work/key/key/key.core/../key.ui/examples/standard_key/java_dl/exceptions1.key took 0 ms to parse. 
132763     WARN  main            d.u.i.k.n.ParsingFacade   Parsing time 489 ms. 
132764     INFO  main            d.u.i.k.p.i.AbstractProblemLoader Creating init config 
133502     WARN  main            d.u.i.k.n.ParsingFacade   file:/home/runner/work/key/key/key.core/build/resources/main/de/uka/ilkd/key/java/JavaRedux/java/lang/String.key took 1 ms to parse. 
133502     WARN  main            d.u.i.k.n.ParsingFacade   Parsing time 490 ms. 
135094     DEBUG main            d.u.i.k.p.i.AbstractProblemLoader Init config took 2.33s 
135109     INFO  main            d.u.i.k.p.i.AbstractProblemLoader Replaying proof exceptions1.key 
135111     DEBUG main            d.u.i.k.p.i.IntermediateProofReplayer Proof replay took 7.1ns 
135111     WARN  main            d.u.i.k.n.ParsingFacade   /home/runner/work/key/key/key.core/../key.ui/examples/standard_key/java_dl/exceptions1.key took 0 ms to parse. 
135111     WARN  main            d.u.i.k.n.ParsingFacade   Parsing time 490 ms. 
135216     INFO  main            d.u.i.k.p.r.p.TestFile    ... finished proof: closed. 
135488     INFO  main            d.u.i.k.p.i.AbstractProblemLoader Loading environment from /home/runner/work/key/key/key.core/../key.ui/examples/standard_key/java_dl/exceptions1.key.proof 
135488     DEBUG main            d.u.i.k.p.i.AbstractProblemLoader Environment load took 82.6ns 
135488     WARN  main            d.u.i.k.n.ParsingFacade   /home/runner/work/key/key/key.core/../key.ui/examples/standard_key/java_dl/exceptions1.key.proof took 0 ms to parse. 
135488     WARN  main            d.u.i.k.n.ParsingFacade   Parsing time 490 ms. 
135489     INFO  main            d.u.i.k.p.i.AbstractProblemLoader Creating init config 
136210     WARN  main            d.u.i.k.n.ParsingFacade   file:/home/runner/work/key/key/key.core/build/resources/main/de/uka/ilkd/key/java/JavaRedux/java/lang/String.key took 1 ms to parse. 
136210     WARN  main            d.u.i.k.n.ParsingFacade   Parsing time 491 ms. 
137766     DEBUG main            d.u.i.k.p.i.AbstractProblemLoader Init config took 2.28s 
137780     INFO  main            d.u.i.k.p.i.AbstractProblemLoader Replaying proof exceptions1.key.proof 
137809     DEBUG main            d.u.i.k.p.i.IntermediateProofReplayer Proof replay took 26.43ms 
137809     WARN  main            d.u.i.k.n.ParsingFacade   /home/runner/work/key/key/key.core/../key.ui/examples/standard_key/java_dl/exceptions1.key.proof took 0 ms to parse. 
137810     WARN  main            d.u.i.k.n.ParsingFacade   Parsing time 491 ms. 
137810     DEBUG main            d.u.i.k.p.r.p.TestFile    ... success: reloaded. 
137811     INFO  main            d.u.i.k.p.r.p.TestFile    Now processing file /home/runner/work/key/key/key.core/../key.ui/examples/standard_key/java_dl/exceptions2.key 
137811     INFO  main            d.u.i.k.p.i.AbstractProblemLoader Loading environment from /home/runner/work/key/key/key.core/../key.ui/examples/standard_key/java_dl/exceptions2.key 
137811     DEBUG main            d.u.i.k.p.i.AbstractProblemLoader Environment load took 64.2ns 
137811     WARN  main            d.u.i.k.n.ParsingFacade   /home/runner/work/key/key/key.core/../key.ui/examples/standard_key/java_dl/exceptions2.key took 0 ms to parse. 
137811     WARN  main            d.u.i.k.n.ParsingFacade   Parsing time 491 ms. 
137812     INFO  main            d.u.i.k.p.i.AbstractProblemLoader Creating init config 
138550     WARN  main            d.u.i.k.n.ParsingFacade   file:/home/runner/work/key/key/key.core/build/resources/main/de/uka/ilkd/key/java/JavaRedux/java/lang/String.key took 2 ms to parse. 
138550     WARN  main            d.u.i.k.n.ParsingFacade   Parsing time 493 ms. 
140155     DEBUG main            d.u.i.k.p.i.AbstractProblemLoader Init config took 2.34s 
140170     INFO  main            d.u.i.k.p.i.AbstractProblemLoader Replaying proof exceptions2.key 
140172     DEBUG main            d.u.i.k.p.i.IntermediateProofReplayer Proof replay took 7.2ns 
140172     WARN  main            d.u.i.k.n.ParsingFacade   /home/runner/work/key/key/key.core/../key.ui/examples/standard_key/java_dl/exceptions2.key took 0 ms to parse. 
140172     WARN  main            d.u.i.k.n.ParsingFacade   Parsing time 493 ms. 
140276     INFO  main            d.u.i.k.p.r.p.TestFile    ... finished proof: closed. 
140560     INFO  main            d.u.i.k.p.i.AbstractProblemLoader Loading environment from /home/runner/work/key/key/key.core/../key.ui/examples/standard_key/java_dl/exceptions2.key.proof 
140561     DEBUG main            d.u.i.k.p.i.AbstractProblemLoader Environment load took 92.1ns 
140561     WARN  main            d.u.i.k.n.ParsingFacade   /home/runner/work/key/key/key.core/../key.ui/examples/standard_key/java_dl/exceptions2.key.proof took 0 ms to parse. 
140561     WARN  main            d.u.i.k.n.ParsingFacade   Parsing time 493 ms. 
140562     INFO  main            d.u.i.k.p.i.AbstractProblemLoader Creating init config 
141283     WARN  main            d.u.i.k.n.ParsingFacade   file:/home/runner/work/key/key/key.core/build/resources/main/de/uka/ilkd/key/java/JavaRedux/java/lang/String.key took 1 ms to parse. 
141283     WARN  main            d.u.i.k.n.ParsingFacade   Parsing time 494 ms. 
142837     DEBUG main            d.u.i.k.p.i.AbstractProblemLoader Init config took 2.28s 
142852     INFO  main            d.u.i.k.p.i.AbstractProblemLoader Replaying proof exceptions2.key.proof 
142881     DEBUG main            d.u.i.k.p.i.IntermediateProofReplayer Proof replay took 27.66ms 
142882     WARN  main            d.u.i.k.n.ParsingFacade   /home/runner/work/key/key/key.core/../key.ui/examples/standard_key/java_dl/exceptions2.key.proof took 0 ms to parse. 
142882     WARN  main            d.u.i.k.n.ParsingFacade   Parsing time 494 ms. 
142882     DEBUG main            d.u.i.k.p.r.p.TestFile    ... success: reloaded. 
142883     INFO  main            d.u.i.k.p.r.p.TestFile    Now processing file /home/runner/work/key/key/key.core/../key.ui/examples/standard_key/java_dl/exceptions3.key 
142883     INFO  main            d.u.i.k.p.i.AbstractProblemLoader Loading environment from /home/runner/work/key/key/key.core/../key.ui/examples/standard_key/java_dl/exceptions3.key 
142883     DEBUG main            d.u.i.k.p.i.AbstractProblemLoader Environment load took 68.6ns 
142883     WARN  main            d.u.i.k.n.ParsingFacade   /home/runner/work/key/key/key.core/../key.ui/examples/standard_key/java_dl/exceptions3.key took 0 ms to parse. 
142883     WARN  main            d.u.i.k.n.ParsingFacade   Parsing time 494 ms. 
142884     INFO  main            d.u.i.k.p.i.AbstractProblemLoader Creating init config 
142904     WARN  main            d.u.i.k.j.r.KeYCrossReferenceNameInfo Datatype java.io.InputStream declared twice: Once in FILE:/home/runner/work/key/key/key.core/../key.ui/examples/standard_key/java_dl/classpath/InputStream.java and once in URL:file:/home/runner/work/key/key/key.core/build/resources/main/de/uka/ilkd/key/java/JavaRedux/java/io/InputStream.java, Keeping one from URL:file:/home/runner/work/key/key/key.core/build/resources/main/de/uka/ilkd/key/java/JavaRedux/java/io/InputStream.java 
142904     WARN  main            d.u.i.k.j.r.KeYCrossReferenceNameInfo Datatype java.lang.System declared twice: Once in FILE:/home/runner/work/key/key/key.core/../key.ui/examples/standard_key/java_dl/classpath/System.java and once in URL:file:/home/runner/work/key/key/key.core/build/resources/main/de/uka/ilkd/key/java/JavaRedux/java/lang/System.java, Keeping one from URL:file:/home/runner/work/key/key/key.core/build/resources/main/de/uka/ilkd/key/java/JavaRedux/java/lang/System.java 
142904     WARN  main            d.u.i.k.j.r.KeYCrossReferenceNameInfo Datatype java.io.PrintStream declared twice: Once in FILE:/home/runner/work/key/key/key.core/../key.ui/examples/standard_key/java_dl/classpath/PrintStream.java and once in URL:file:/home/runner/work/key/key/key.core/build/resources/main/de/uka/ilkd/key/java/JavaRedux/java/io/PrintStream.java, Keeping one from URL:file:/home/runner/work/key/key/key.core/build/resources/main/de/uka/ilkd/key/java/JavaRedux/java/io/PrintStream.java 
142907     DEBUG main            d.u.i.k.j.r.ClassFileDeclarationBuilder Parsing: package java.io; public class Closeable { } 
142907     DEBUG main            r.s.KeYCrossReferenceSourceInfo Dynamically created class: java.io.Closeable 
143686     WARN  main            d.u.i.k.n.ParsingFacade   file:/home/runner/work/key/key/key.core/build/resources/main/de/uka/ilkd/key/java/JavaRedux/java/lang/String.key took 1 ms to parse. 
143687     WARN  main            d.u.i.k.n.ParsingFacade   Parsing time 495 ms. 
145268     DEBUG main            d.u.i.k.p.i.AbstractProblemLoader Init config took 2.38s 
145281     INFO  main            d.u.i.k.p.i.AbstractProblemLoader Replaying proof exceptions3.key 
145283     DEBUG main            d.u.i.k.p.i.IntermediateProofReplayer Proof replay took 6.5ns 
145283     WARN  main            d.u.i.k.n.ParsingFacade   /home/runner/work/key/key/key.core/../key.ui/examples/standard_key/java_dl/exceptions3.key took 0 ms to parse. 
145283     WARN  main            d.u.i.k.n.ParsingFacade   Parsing time 495 ms. 
145385     INFO  main            d.u.i.k.p.r.p.TestFile    ... finished proof: closed. 
145655     INFO  main            d.u.i.k.p.i.AbstractProblemLoader Loading environment from /home/runner/work/key/key/key.core/../key.ui/examples/standard_key/java_dl/exceptions3.key.proof 
145655     DEBUG main            d.u.i.k.p.i.AbstractProblemLoader Environment load took 96.9ns 
145655     WARN  main            d.u.i.k.n.ParsingFacade   /home/runner/work/key/key/key.core/../key.ui/examples/standard_key/java_dl/exceptions3.key.proof took 0 ms to parse. 
145655     WARN  main            d.u.i.k.n.ParsingFacade   Parsing time 495 ms. 
145656     INFO  main            d.u.i.k.p.i.AbstractProblemLoader Creating init config 
145677     WARN  main            d.u.i.k.j.r.KeYCrossReferenceNameInfo Datatype java.io.InputStream declared twice: Once in FILE:/home/runner/work/key/key/key.core/../key.ui/examples/standard_key/java_dl/classpath/InputStream.java and once in URL:file:/home/runner/work/key/key/key.core/build/resources/main/de/uka/ilkd/key/java/JavaRedux/java/io/InputStream.java, Keeping one from URL:file:/home/runner/work/key/key/key.core/build/resources/main/de/uka/ilkd/key/java/JavaRedux/java/io/InputStream.java 
145677     WARN  main            d.u.i.k.j.r.KeYCrossReferenceNameInfo Datatype java.lang.System declared twice: Once in FILE:/home/runner/work/key/key/key.core/../key.ui/examples/standard_key/java_dl/classpath/System.java and once in URL:file:/home/runner/work/key/key/key.core/build/resources/main/de/uka/ilkd/key/java/JavaRedux/java/lang/System.java, Keeping one from URL:file:/home/runner/work/key/key/key.core/build/resources/main/de/uka/ilkd/key/java/JavaRedux/java/lang/System.java 
145677     WARN  main            d.u.i.k.j.r.KeYCrossReferenceNameInfo Datatype java.io.PrintStream declared twice: Once in FILE:/home/runner/work/key/key/key.core/../key.ui/examples/standard_key/java_dl/classpath/PrintStream.java and once in URL:file:/home/runner/work/key/key/key.core/build/resources/main/de/uka/ilkd/key/java/JavaRedux/java/io/PrintStream.java, Keeping one from URL:file:/home/runner/work/key/key/key.core/build/resources/main/de/uka/ilkd/key/java/JavaRedux/java/io/PrintStream.java 
145680     DEBUG main            d.u.i.k.j.r.ClassFileDeclarationBuilder Parsing: package java.io; public class Closeable { } 
145680     DEBUG main            r.s.KeYCrossReferenceSourceInfo Dynamically created class: java.io.Closeable 
146451     WARN  main            d.u.i.k.n.ParsingFacade   file:/home/runner/work/key/key/key.core/build/resources/main/de/uka/ilkd/key/java/JavaRedux/java/lang/String.key took 2 ms to parse. 
146451     WARN  main            d.u.i.k.n.ParsingFacade   Parsing time 497 ms. 
148003     DEBUG main            d.u.i.k.p.i.AbstractProblemLoader Init config took 2.35s 
148018     INFO  main            d.u.i.k.p.i.AbstractProblemLoader Replaying proof exceptions3.key.proof 
148024     DEBUG main            d.u.i.k.p.i.IntermediateProofReplayer Proof replay took 3.49ms 
148025     WARN  main            d.u.i.k.n.ParsingFacade   /home/runner/work/key/key/key.core/../key.ui/examples/standard_key/java_dl/exceptions3.key.proof took 0 ms to parse. 
148025     WARN  main            d.u.i.k.n.ParsingFacade   Parsing time 497 ms. 
148026     DEBUG main            d.u.i.k.p.r.p.TestFile    ... success: reloaded. 
148027     INFO  main            d.u.i.k.p.r.p.TestFile    Now processing file /home/runner/work/key/key/key.core/../key.ui/examples/standard_key/java_dl/exchange.key 
148027     INFO  main            d.u.i.k.p.i.AbstractProblemLoader Loading environment from /home/runner/work/key/key/key.core/../key.ui/examples/standard_key/java_dl/exchange.key 
148028     DEBUG main            d.u.i.k.p.i.AbstractProblemLoader Environment load took 158ns 
148028     WARN  main            d.u.i.k.n.ParsingFacade   /home/runner/work/key/key/key.core/../key.ui/examples/standard_key/java_dl/exchange.key took 0 ms to parse. 
148028     WARN  main            d.u.i.k.n.ParsingFacade   Parsing time 497 ms. 
148029     INFO  main            d.u.i.k.p.i.AbstractProblemLoader Creating init config 
148769     WARN  main            d.u.i.k.n.ParsingFacade   file:/home/runner/work/key/key/key.core/build/resources/main/de/uka/ilkd/key/java/JavaRedux/java/lang/String.key took 2 ms to parse. 
148769     WARN  main            d.u.i.k.n.ParsingFacade   Parsing time 499 ms. 
150382     DEBUG main            d.u.i.k.p.i.AbstractProblemLoader Init config took 2.35s 
150396     INFO  main            d.u.i.k.p.i.AbstractProblemLoader Replaying proof exchange.key 
150397     DEBUG main            d.u.i.k.p.i.IntermediateProofReplayer Proof replay took 7.1ns 
150397     WARN  main            d.u.i.k.n.ParsingFacade   /home/runner/work/key/key/key.core/../key.ui/examples/standard_key/java_dl/exchange.key took 0 ms to parse. 
150397     WARN  main            d.u.i.k.n.ParsingFacade   Parsing time 499 ms. 
150499     INFO  main            d.u.i.k.p.r.p.TestFile    ... finished proof: closed. 
150778     INFO  main            d.u.i.k.p.i.AbstractProblemLoader Loading environment from /home/runner/work/key/key/key.core/../key.ui/examples/standard_key/java_dl/exchange.key.proof 
150779     DEBUG main            d.u.i.k.p.i.AbstractProblemLoader Environment load took 84.2ns 
150779     WARN  main            d.u.i.k.n.ParsingFacade   /home/runner/work/key/key/key.core/../key.ui/examples/standard_key/java_dl/exchange.key.proof took 0 ms to parse. 
150779     WARN  main            d.u.i.k.n.ParsingFacade   Parsing time 499 ms. 
150780     INFO  main            d.u.i.k.p.i.AbstractProblemLoader Creating init config 
151496     WARN  main            d.u.i.k.n.ParsingFacade   file:/home/runner/work/key/key/key.core/build/resources/main/de/uka/ilkd/key/java/JavaRedux/java/lang/String.key took 2 ms to parse. 
151496     WARN  main            d.u.i.k.n.ParsingFacade   Parsing time 501 ms. 
153038     DEBUG main            d.u.i.k.p.i.AbstractProblemLoader Init config took 2.26s 
153052     INFO  main            d.u.i.k.p.i.AbstractProblemLoader Replaying proof exchange.key.proof 
153056     DEBUG main            d.u.i.k.p.i.IntermediateProofReplayer Proof replay took 2.73ms 
153057     WARN  main            d.u.i.k.n.ParsingFacade   /home/runner/work/key/key/key.core/../key.ui/examples/standard_key/java_dl/exchange.key.proof took 1 ms to parse. 
153057     WARN  main            d.u.i.k.n.ParsingFacade   Parsing time 502 ms. 
153057     DEBUG main            d.u.i.k.p.r.p.TestFile    ... success: reloaded. 
153058     INFO  main            d.u.i.k.p.r.p.TestFile    Now processing file /home/runner/work/key/key/key.core/../key.ui/examples/standard_key/java_dl/if.key 
153058     INFO  main            d.u.i.k.p.i.AbstractProblemLoader Loading environment from /home/runner/work/key/key/key.core/../key.ui/examples/standard_key/java_dl/if.key 
153058     DEBUG main            d.u.i.k.p.i.AbstractProblemLoader Environment load took 155.4ns 
153058     WARN  main            d.u.i.k.n.ParsingFacade   /home/runner/work/key/key/key.core/../key.ui/examples/standard_key/java_dl/if.key took 0 ms to parse. 
153058     WARN  main            d.u.i.k.n.ParsingFacade   Parsing time 502 ms. 
153059     INFO  main            d.u.i.k.p.i.AbstractProblemLoader Creating init config 
153794     WARN  main            d.u.i.k.n.ParsingFacade   file:/home/runner/work/key/key/key.core/build/resources/main/de/uka/ilkd/key/java/JavaRedux/java/lang/String.key took 1 ms to parse. 
153794     WARN  main            d.u.i.k.n.ParsingFacade   Parsing time 503 ms. 
155360     DEBUG main            d.u.i.k.p.i.AbstractProblemLoader Init config took 2.3s 
155373     INFO  main            d.u.i.k.p.i.AbstractProblemLoader Replaying proof if.key 
155374     DEBUG main            d.u.i.k.p.i.IntermediateProofReplayer Proof replay took 7.8ns 
155375     WARN  main            d.u.i.k.n.ParsingFacade   /home/runner/work/key/key/key.core/../key.ui/examples/standard_key/java_dl/if.key took 0 ms to parse. 
155375     WARN  main            d.u.i.k.n.ParsingFacade   Parsing time 503 ms. 
155476     INFO  main            d.u.i.k.p.r.p.TestFile    ... finished proof: closed. 
155757     INFO  main            d.u.i.k.p.i.AbstractProblemLoader Loading environment from /home/runner/work/key/key/key.core/../key.ui/examples/standard_key/java_dl/if.key.proof 
155757     DEBUG main            d.u.i.k.p.i.AbstractProblemLoader Environment load took 77.5ns 
155758     WARN  main            d.u.i.k.n.ParsingFacade   /home/runner/work/key/key/key.core/../key.ui/examples/standard_key/java_dl/if.key.proof took 0 ms to parse. 
155758     WARN  main            d.u.i.k.n.ParsingFacade   Parsing time 503 ms. 
155758     INFO  main            d.u.i.k.p.i.AbstractProblemLoader Creating init config 
156476     WARN  main            d.u.i.k.n.ParsingFacade   file:/home/runner/work/key/key/key.core/build/resources/main/de/uka/ilkd/key/java/JavaRedux/java/lang/String.key took 1 ms to parse. 
156476     WARN  main            d.u.i.k.n.ParsingFacade   Parsing time 504 ms. 
158014     DEBUG main            d.u.i.k.p.i.AbstractProblemLoader Init config took 2.26s 
158028     INFO  main            d.u.i.k.p.i.AbstractProblemLoader Replaying proof if.key.proof 
158032     DEBUG main            d.u.i.k.p.i.IntermediateProofReplayer Proof replay took 2.57ms 
158033     WARN  main            d.u.i.k.n.ParsingFacade   /home/runner/work/key/key/key.core/../key.ui/examples/standard_key/java_dl/if.key.proof took 1 ms to parse. 
158033     WARN  main            d.u.i.k.n.ParsingFacade   Parsing time 505 ms. 
158033     DEBUG main            d.u.i.k.p.r.p.TestFile    ... success: reloaded. 
158033     INFO  main            d.u.i.k.p.r.p.TestFile    Now processing file /home/runner/work/key/key/key.core/../key.ui/examples/standard_key/java_dl/incrementcounter.key 
158034     INFO  main            d.u.i.k.p.i.AbstractProblemLoader Loading environment from /home/runner/work/key/key/key.core/../key.ui/examples/standard_key/java_dl/incrementcounter.key 
158034     DEBUG main            d.u.i.k.p.i.AbstractProblemLoader Environment load took 141.3ns 
158034     WARN  main            d.u.i.k.n.ParsingFacade   /home/runner/work/key/key/key.core/../key.ui/examples/standard_key/java_dl/incrementcounter.key took 0 ms to parse. 
158034     WARN  main            d.u.i.k.n.ParsingFacade   Parsing time 505 ms. 
158035     INFO  main            d.u.i.k.p.i.AbstractProblemLoader Creating init config 
158772     WARN  main            d.u.i.k.n.ParsingFacade   file:/home/runner/work/key/key/key.core/build/resources/main/de/uka/ilkd/key/java/JavaRedux/java/lang/String.key took 1 ms to parse. 
158772     WARN  main            d.u.i.k.n.ParsingFacade   Parsing time 506 ms. 
160345     DEBUG main            d.u.i.k.p.i.AbstractProblemLoader Init config took 2.31s 
160359     INFO  main            d.u.i.k.p.i.AbstractProblemLoader Replaying proof incrementcounter.key 
160360     DEBUG main            d.u.i.k.p.i.IntermediateProofReplayer Proof replay took 6.4ns 
160360     WARN  main            d.u.i.k.n.ParsingFacade   /home/runner/work/key/key/key.core/../key.ui/examples/standard_key/java_dl/incrementcounter.key took 0 ms to parse. 
160360     WARN  main            d.u.i.k.n.ParsingFacade   Parsing time 506 ms. 
160461     INFO  main            d.u.i.k.p.r.p.TestFile    ... finished proof: closed. 
160754     INFO  main            d.u.i.k.p.i.AbstractProblemLoader Loading environment from /home/runner/work/key/key/key.core/../key.ui/examples/standard_key/java_dl/incrementcounter.key.proof 
160754     DEBUG main            d.u.i.k.p.i.AbstractProblemLoader Environment load took 79.7ns 
160755     WARN  main            d.u.i.k.n.ParsingFacade   /home/runner/work/key/key/key.core/../key.ui/examples/standard_key/java_dl/incrementcounter.key.proof took 1 ms to parse. 
160755     WARN  main            d.u.i.k.n.ParsingFacade   Parsing time 507 ms. 
160756     INFO  main            d.u.i.k.p.i.AbstractProblemLoader Creating init config 
161487     WARN  main            d.u.i.k.n.ParsingFacade   file:/home/runner/work/key/key/key.core/build/resources/main/de/uka/ilkd/key/java/JavaRedux/java/lang/String.key took 2 ms to parse. 
161487     WARN  main            d.u.i.k.n.ParsingFacade   Parsing time 509 ms. 
163035     DEBUG main            d.u.i.k.p.i.AbstractProblemLoader Init config took 2.28s 
163048     INFO  main            d.u.i.k.p.i.AbstractProblemLoader Replaying proof incrementcounter.key.proof 
163051     DEBUG main            d.u.i.k.p.i.IntermediateProofReplayer Proof replay took 1.81ms 
163052     WARN  main            d.u.i.k.n.ParsingFacade   /home/runner/work/key/key/key.core/../key.ui/examples/standard_key/java_dl/incrementcounter.key.proof took 1 ms to parse. 
163052     WARN  main            d.u.i.k.n.ParsingFacade   Parsing time 510 ms. 
163052     DEBUG main            d.u.i.k.p.r.p.TestFile    ... success: reloaded. 
163052     INFO  main            d.u.i.k.p.r.p.TestFile    Now processing file /home/runner/work/key/key/key.core/../key.ui/examples/standard_key/java_dl/danglingElse.key 
163052     INFO  main            d.u.i.k.p.i.AbstractProblemLoader Loading environment from /home/runner/work/key/key/key.core/../key.ui/examples/standard_key/java_dl/danglingElse.key 
163053     DEBUG main            d.u.i.k.p.i.AbstractProblemLoader Environment load took 69.7ns 
163053     WARN  main            d.u.i.k.n.ParsingFacade   /home/runner/work/key/key/key.core/../key.ui/examples/standard_key/java_dl/danglingElse.key took 0 ms to parse. 
163053     WARN  main            d.u.i.k.n.ParsingFacade   Parsing time 510 ms. 
163053     INFO  main            d.u.i.k.p.i.AbstractProblemLoader Creating init config 
163788     WARN  main            d.u.i.k.n.ParsingFacade   file:/home/runner/work/key/key/key.core/build/resources/main/de/uka/ilkd/key/java/JavaRedux/java/lang/String.key took 1 ms to parse. 
163788     WARN  main            d.u.i.k.n.ParsingFacade   Parsing time 511 ms. 
165356     DEBUG main            d.u.i.k.p.i.AbstractProblemLoader Init config took 2.3s 
165370     INFO  main            d.u.i.k.p.i.AbstractProblemLoader Replaying proof danglingElse.key 
165372     DEBUG main            d.u.i.k.p.i.IntermediateProofReplayer Proof replay took 6.6ns 
165372     WARN  main            d.u.i.k.n.ParsingFacade   /home/runner/work/key/key/key.core/../key.ui/examples/standard_key/java_dl/danglingElse.key took 0 ms to parse. 
165372     WARN  main            d.u.i.k.n.ParsingFacade   Parsing time 511 ms. 
165476     INFO  main            d.u.i.k.p.r.p.TestFile    ... finished proof: open goal(s) 
165782     INFO  main            d.u.i.k.p.r.p.TestFile    Now processing file /home/runner/work/key/key/key.core/../key.ui/examples/standard_key/java_dl/iteratedAssignment.key 
165782     INFO  main            d.u.i.k.p.i.AbstractProblemLoader Loading environment from /home/runner/work/key/key/key.core/../key.ui/examples/standard_key/java_dl/iteratedAssignment.key 
165782     DEBUG main            d.u.i.k.p.i.AbstractProblemLoader Environment load took 43.2ns 
165783     WARN  main            d.u.i.k.n.ParsingFacade   /home/runner/work/key/key/key.core/../key.ui/examples/standard_key/java_dl/iteratedAssignment.key took 0 ms to parse. 
165783     WARN  main            d.u.i.k.n.ParsingFacade   Parsing time 511 ms. 
165784     INFO  main            d.u.i.k.p.i.AbstractProblemLoader Creating init config 
166504     WARN  main            d.u.i.k.n.ParsingFacade   file:/home/runner/work/key/key/key.core/build/resources/main/de/uka/ilkd/key/java/JavaRedux/java/lang/String.key took 1 ms to parse. 
166504     WARN  main            d.u.i.k.n.ParsingFacade   Parsing time 512 ms. 
168046     DEBUG main            d.u.i.k.p.i.AbstractProblemLoader Init config took 2.26s 
168060     INFO  main            d.u.i.k.p.i.AbstractProblemLoader Replaying proof iteratedAssignment.key 
168062     DEBUG main            d.u.i.k.p.i.IntermediateProofReplayer Proof replay took 7.1ns 
168063     WARN  main            d.u.i.k.n.ParsingFacade   /home/runner/work/key/key/key.core/../key.ui/examples/standard_key/java_dl/iteratedAssignment.key took 0 ms to parse. 
168063     WARN  main            d.u.i.k.n.ParsingFacade   Parsing time 512 ms. 
168372     INFO  main            d.u.i.k.p.r.p.TestFile    ... finished proof: closed. 
168677     INFO  main            d.u.i.k.p.i.AbstractProblemLoader Loading environment from /home/runner/work/key/key/key.core/../key.ui/examples/standard_key/java_dl/iteratedAssignment.key.proof 
168677     DEBUG main            d.u.i.k.p.i.AbstractProblemLoader Environment load took 84.9ns 
168677     WARN  main            d.u.i.k.n.ParsingFacade   /home/runner/work/key/key/key.core/../key.ui/examples/standard_key/java_dl/iteratedAssignment.key.proof took 0 ms to parse. 
168677     WARN  main            d.u.i.k.n.ParsingFacade   Parsing time 512 ms. 
168678     INFO  main            d.u.i.k.p.i.AbstractProblemLoader Creating init config 
169401     WARN  main            d.u.i.k.n.ParsingFacade   file:/home/runner/work/key/key/key.core/build/resources/main/de/uka/ilkd/key/java/JavaRedux/java/lang/String.key took 1 ms to parse. 
169401     WARN  main            d.u.i.k.n.ParsingFacade   Parsing time 513 ms. 
170946     DEBUG main            d.u.i.k.p.i.AbstractProblemLoader Init config took 2.27s 
170960     INFO  main            d.u.i.k.p.i.AbstractProblemLoader Replaying proof iteratedAssignment.key.proof 
171034     DEBUG main            d.u.i.k.p.i.IntermediateProofReplayer Proof replay took 69.53ms 
171035     WARN  main            d.u.i.k.n.ParsingFacade   /home/runner/work/key/key/key.core/../key.ui/examples/standard_key/java_dl/iteratedAssignment.key.proof took 1 ms to parse. 
171035     WARN  main            d.u.i.k.n.ParsingFacade   Parsing time 514 ms. 
171035     DEBUG main            d.u.i.k.p.r.p.TestFile    ... success: reloaded. 
171036     INFO  main            d.u.i.k.p.r.p.TestFile    Now processing file /home/runner/work/key/key/key.core/../key.ui/examples/standard_key/java_dl/assert/assert1.key 
171036     INFO  main            d.u.i.k.p.i.AbstractProblemLoader Loading environment from /home/runner/work/key/key/key.core/../key.ui/examples/standard_key/java_dl/assert/assert1.key 
171036     DEBUG main            d.u.i.k.p.i.AbstractProblemLoader Environment load took 158.1ns 
171037     WARN  main            d.u.i.k.n.ParsingFacade   /home/runner/work/key/key/key.core/../key.ui/examples/standard_key/java_dl/assert/assert1.key took 0 ms to parse. 
171037     WARN  main            d.u.i.k.n.ParsingFacade   Parsing time 514 ms. 
171037     INFO  main            d.u.i.k.p.i.AbstractProblemLoader Creating init config 
171812     WARN  main            d.u.i.k.n.ParsingFacade   file:/home/runner/work/key/key/key.core/build/resources/main/de/uka/ilkd/key/java/JavaRedux/java/lang/String.key took 1 ms to parse. 
171812     WARN  main            d.u.i.k.n.ParsingFacade   Parsing time 515 ms. 
173403     DEBUG main            d.u.i.k.p.i.AbstractProblemLoader Init config took 2.37s 
173436     INFO  main            d.u.i.k.p.i.AbstractProblemLoader Replaying proof C[C::foo()].JML normal_behavior operation contract.0 
173438     DEBUG main            d.u.i.k.p.i.IntermediateProofReplayer Proof replay took 6.4ns 
173438     WARN  main            d.u.i.k.n.ParsingFacade   /home/runner/work/key/key/key.core/../key.ui/examples/standard_key/java_dl/assert/assert1.key took 0 ms to parse. 
173438     WARN  main            d.u.i.k.n.ParsingFacade   Parsing time 515 ms. 
173641     INFO  main            d.u.i.k.p.r.p.TestFile    ... finished proof: open goal(s) 
174025     INFO  main            d.u.i.k.p.r.p.TestFile    Now processing file /home/runner/work/key/key/key.core/../key.ui/examples/standard_key/java_dl/assert/assert2.key 
174025     INFO  main            d.u.i.k.p.i.AbstractProblemLoader Loading environment from /home/runner/work/key/key/key.core/../key.ui/examples/standard_key/java_dl/assert/assert2.key 
174025     DEBUG main            d.u.i.k.p.i.AbstractProblemLoader Environment load took 43.5ns 
174025     WARN  main            d.u.i.k.n.ParsingFacade   /home/runner/work/key/key/key.core/../key.ui/examples/standard_key/java_dl/assert/assert2.key took 0 ms to parse. 
174025     WARN  main            d.u.i.k.n.ParsingFacade   Parsing time 515 ms. 
174026     INFO  main            d.u.i.k.p.i.AbstractProblemLoader Creating init config 
174786     WARN  main            d.u.i.k.n.ParsingFacade   file:/home/runner/work/key/key/key.core/build/resources/main/de/uka/ilkd/key/java/JavaRedux/java/lang/String.key took 1 ms to parse. 
174786     WARN  main            d.u.i.k.n.ParsingFacade   Parsing time 516 ms. 
176335     DEBUG main            d.u.i.k.p.i.AbstractProblemLoader Init config took 2.31s 
176368     INFO  main            d.u.i.k.p.i.AbstractProblemLoader Replaying proof C[C::bar()].JML exceptional_behavior operation contract.0 
176370     DEBUG main            d.u.i.k.p.i.IntermediateProofReplayer Proof replay took 15.5ns 
176370     WARN  main            d.u.i.k.n.ParsingFacade   /home/runner/work/key/key/key.core/../key.ui/examples/standard_key/java_dl/assert/assert2.key took 0 ms to parse. 
176370     WARN  main            d.u.i.k.n.ParsingFacade   Parsing time 516 ms. 
176572     INFO  main            d.u.i.k.p.r.p.TestFile    ... finished proof: closed. 
176899     INFO  main            d.u.i.k.p.i.AbstractProblemLoader Loading environment from /home/runner/work/key/key/key.core/../key.ui/examples/standard_key/java_dl/assert/assert2.key.proof 
176899     DEBUG main            d.u.i.k.p.i.AbstractProblemLoader Environment load took 121.1ns 
176899     WARN  main            d.u.i.k.n.ParsingFacade   /home/runner/work/key/key/key.core/../key.ui/examples/standard_key/java_dl/assert/assert2.key.proof took 0 ms to parse. 
176899     WARN  main            d.u.i.k.n.ParsingFacade   Parsing time 516 ms. 
176900     INFO  main            d.u.i.k.p.i.AbstractProblemLoader Creating init config 
177665     WARN  main            d.u.i.k.n.ParsingFacade   file:/home/runner/work/key/key/key.core/build/resources/main/de/uka/ilkd/key/java/JavaRedux/java/lang/String.key took 1 ms to parse. 
177665     WARN  main            d.u.i.k.n.ParsingFacade   Parsing time 517 ms. 
179216     DEBUG main            d.u.i.k.p.i.AbstractProblemLoader Init config took 2.32s 
179251     INFO  main            d.u.i.k.p.i.AbstractProblemLoader Replaying proof C[C::bar()].JML exceptional_behavior operation contract.0 
179289     DEBUG main            d.u.i.k.p.i.IntermediateProofReplayer Proof replay took 35.9ms 
179290     WARN  main            d.u.i.k.n.ParsingFacade   /home/runner/work/key/key/key.core/../key.ui/examples/standard_key/java_dl/assert/assert2.key.proof took 0 ms to parse. 
179290     WARN  main            d.u.i.k.n.ParsingFacade   Parsing time 517 ms. 
179290     DEBUG main            d.u.i.k.p.r.p.TestFile    ... success: reloaded. 
179291     INFO  main            d.u.i.k.p.r.p.TestFile    Now processing file /home/runner/work/key/key/key.core/../key.ui/examples/standard_key/java_dl/assert/assert3.key 
179291     INFO  main            d.u.i.k.p.i.AbstractProblemLoader Loading environment from /home/runner/work/key/key/key.core/../key.ui/examples/standard_key/java_dl/assert/assert3.key 
179291     DEBUG main            d.u.i.k.p.i.AbstractProblemLoader Environment load took 98ns 
179291     WARN  main            d.u.i.k.n.ParsingFacade   /home/runner/work/key/key/key.core/../key.ui/examples/standard_key/java_dl/assert/assert3.key took 0 ms to parse. 
179291     WARN  main            d.u.i.k.n.ParsingFacade   Parsing time 517 ms. 
179292     INFO  main            d.u.i.k.p.i.AbstractProblemLoader Creating init config 
180076     WARN  main            d.u.i.k.n.ParsingFacade   file:/home/runner/work/key/key/key.core/build/resources/main/de/uka/ilkd/key/java/JavaRedux/java/lang/String.key took 1 ms to parse. 
180076     WARN  main            d.u.i.k.n.ParsingFacade   Parsing time 518 ms. 
181654     DEBUG main            d.u.i.k.p.i.AbstractProblemLoader Init config took 2.36s 
181695     INFO  main            d.u.i.k.p.i.AbstractProblemLoader Replaying proof C[C::foo()].JML normal_behavior operation contract.0 
181697     DEBUG main            d.u.i.k.p.i.IntermediateProofReplayer Proof replay took 6.1ns 
181698     WARN  main            d.u.i.k.n.ParsingFacade   /home/runner/work/key/key/key.core/../key.ui/examples/standard_key/java_dl/assert/assert3.key took 0 ms to parse. 
181698     WARN  main            d.u.i.k.n.ParsingFacade   Parsing time 518 ms. 
181799     INFO  main            d.u.i.k.p.r.p.TestFile    ... finished proof: open goal(s) 
182112     INFO  main            d.u.i.k.p.r.p.TestFile    Now processing file /home/runner/work/key/key/key.core/../key.ui/examples/standard_key/java_dl/java5/vararg.key 
182113     INFO  main            d.u.i.k.p.i.AbstractProblemLoader Loading environment from /home/runner/work/key/key/key.core/../key.ui/examples/standard_key/java_dl/java5/vararg.key 
182113     DEBUG main            d.u.i.k.p.i.AbstractProblemLoader Environment load took 54.7ns 
182113     WARN  main            d.u.i.k.n.ParsingFacade   /home/runner/work/key/key/key.core/../key.ui/examples/standard_key/java_dl/java5/vararg.key took 0 ms to parse. 
182113     WARN  main            d.u.i.k.n.ParsingFacade   Parsing time 518 ms. 
182114     INFO  main            d.u.i.k.p.i.AbstractProblemLoader Creating init config 
182966     DEBUG main            d.u.i.k.j.r.ClassPreparationMethodBuilder clPrepBuilder: Inner Class detected. Reject building class initialisation methods. 
183028     WARN  main            d.u.i.k.n.ParsingFacade   file:/home/runner/work/key/key/key.core/build/resources/main/de/uka/ilkd/key/java/JavaRedux/java/lang/String.key took 1 ms to parse. 
183029     WARN  main            d.u.i.k.n.ParsingFacade   Parsing time 519 ms. 
184738     DEBUG main            d.u.i.k.p.i.AbstractProblemLoader Init config took 2.62s 
184762     INFO  main            d.u.i.k.p.i.AbstractProblemLoader Replaying proof vararg.key 
184763     DEBUG main            d.u.i.k.p.i.IntermediateProofReplayer Proof replay took 6.8ns 
184764     WARN  main            d.u.i.k.n.ParsingFacade   /home/runner/work/key/key/key.core/../key.ui/examples/standard_key/java_dl/java5/vararg.key took 0 ms to parse. 
184764     WARN  main            d.u.i.k.n.ParsingFacade   Parsing time 519 ms. 
185024     DEBUG Thread-101      d.u.i.k.j.d.VariableSpecification Program match. Variables have different dimension (template #v0 = #vi;, source var#17[] = new java.lang.Object[]{d1, d2};) 
185164     DEBUG Thread-101      d.u.i.k.j.d.VariableSpecification Program match. Variables have different dimension (template #v0 = #vi;, source var#24[] = new java.lang.Object[]{d1, d2};) 
185333     DEBUG Thread-101      d.u.i.k.j.d.VariableSpecification Program match. Variables have different dimension (template #v0 = #vi;, source var#33[] = new java.lang.Object[]{var_1};) 
185334     DEBUG Thread-101      d.u.i.k.j.d.VariableSpecification Program match. Variables have different dimension (template #v0 = #vi;, source var#33[] = new java.lang.Object[]{var_1};) 
185444     DEBUG Thread-101      d.u.i.k.j.d.VariableSpecification Program match. Variables have different dimension (template #v0 = #vi;, source var#39[] = new java.lang.Object[]{null, null};) 
185580     DEBUG Thread-101      d.u.i.k.j.d.VariableSpecification Program match. Variables have different dimension (template #v0 = #vi;, source var#46[] = new java.lang.Object[]{};) 
185972     INFO  main            d.u.i.k.p.r.p.TestFile    ... finished proof: closed. 
186357     INFO  main            d.u.i.k.p.i.AbstractProblemLoader Loading environment from /home/runner/work/key/key/key.core/../key.ui/examples/standard_key/java_dl/java5/vararg.key.proof 
186358     DEBUG main            d.u.i.k.p.i.AbstractProblemLoader Environment load took 303.41ns 
186358     WARN  main            d.u.i.k.n.ParsingFacade   /home/runner/work/key/key/key.core/../key.ui/examples/standard_key/java_dl/java5/vararg.key.proof took 0 ms to parse. 
186359     WARN  main            d.u.i.k.n.ParsingFacade   Parsing time 519 ms. 
186359     INFO  main            d.u.i.k.p.i.AbstractProblemLoader Creating init config 
187170     DEBUG main            d.u.i.k.j.r.ClassPreparationMethodBuilder clPrepBuilder: Inner Class detected. Reject building class initialisation methods. 
187219     WARN  main            d.u.i.k.n.ParsingFacade   file:/home/runner/work/key/key/key.core/build/resources/main/de/uka/ilkd/key/java/JavaRedux/java/lang/String.key took 1 ms to parse. 
187219     WARN  main            d.u.i.k.n.ParsingFacade   Parsing time 520 ms. 
188918     DEBUG main            d.u.i.k.p.i.AbstractProblemLoader Init config took 2.56s 
188941     INFO  main            d.u.i.k.p.i.AbstractProblemLoader Replaying proof vararg.key.proof 
189246     DEBUG main            d.u.i.k.p.i.IntermediateProofReplayer Proof replay took 293.44ms 
189247     WARN  main            d.u.i.k.n.ParsingFacade   /home/runner/work/key/key/key.core/../key.ui/examples/standard_key/java_dl/java5/vararg.key.proof took 0 ms to parse. 
189248     WARN  main            d.u.i.k.n.ParsingFacade   Parsing time 520 ms. 
189248     DEBUG main            d.u.i.k.p.r.p.TestFile    ... success: reloaded. 
189249     INFO  main            d.u.i.k.p.r.p.TestFile    Now processing file /home/runner/work/key/key/key.core/../key.ui/examples/standard_key/java_dl/java5/for_Array.key 
189249     INFO  main            d.u.i.k.p.i.AbstractProblemLoader Loading environment from /home/runner/work/key/key/key.core/../key.ui/examples/standard_key/java_dl/java5/for_Array.key 
189249     DEBUG main            d.u.i.k.p.i.AbstractProblemLoader Environment load took 160.8ns 
189249     WARN  main            d.u.i.k.n.ParsingFacade   /home/runner/work/key/key/key.core/../key.ui/examples/standard_key/java_dl/java5/for_Array.key took 0 ms to parse. 
189250     WARN  main            d.u.i.k.n.ParsingFacade   Parsing time 520 ms. 
189250     INFO  main            d.u.i.k.p.i.AbstractProblemLoader Creating init config 
190066     DEBUG main            d.u.i.k.j.r.ClassPreparationMethodBuilder clPrepBuilder: Inner Class detected. Reject building class initialisation methods. 
190111     WARN  main            d.u.i.k.n.ParsingFacade   file:/home/runner/work/key/key/key.core/build/resources/main/de/uka/ilkd/key/java/JavaRedux/java/lang/String.key took 1 ms to parse. 
190111     WARN  main            d.u.i.k.n.ParsingFacade   Parsing time 521 ms. 
191794     DEBUG main            d.u.i.k.p.i.AbstractProblemLoader Init config took 2.54s 
191844     INFO  main            d.u.i.k.p.i.AbstractProblemLoader Replaying proof For[For::sum([I)].JML operation contract.0 
191846     DEBUG main            d.u.i.k.p.i.IntermediateProofReplayer Proof replay took 6.9ns 
191846     WARN  main            d.u.i.k.n.ParsingFacade   /home/runner/work/key/key/key.core/../key.ui/examples/standard_key/java_dl/java5/for_Array.key took 0 ms to parse. 
191846     WARN  main            d.u.i.k.n.ParsingFacade   Parsing time 521 ms. 
192263     INFO  main            d.u.i.k.p.r.p.TestFile    ... finished proof: closed. 
192666     INFO  main            d.u.i.k.p.i.AbstractProblemLoader Loading environment from /home/runner/work/key/key/key.core/../key.ui/examples/standard_key/java_dl/java5/for_Array.key.proof 
192666     DEBUG main            d.u.i.k.p.i.AbstractProblemLoader Environment load took 81.4ns 
192666     WARN  main            d.u.i.k.n.ParsingFacade   /home/runner/work/key/key/key.core/../key.ui/examples/standard_key/java_dl/java5/for_Array.key.proof took 0 ms to parse. 
192666     WARN  main            d.u.i.k.n.ParsingFacade   Parsing time 521 ms. 
192667     INFO  main            d.u.i.k.p.i.AbstractProblemLoader Creating init config 
193448     DEBUG main            d.u.i.k.j.r.ClassPreparationMethodBuilder clPrepBuilder: Inner Class detected. Reject building class initialisation methods. 
193496     WARN  main            d.u.i.k.n.ParsingFacade   file:/home/runner/work/key/key/key.core/build/resources/main/de/uka/ilkd/key/java/JavaRedux/java/lang/String.key took 1 ms to parse. 
193496     WARN  main            d.u.i.k.n.ParsingFacade   Parsing time 522 ms. 
195133     DEBUG main            d.u.i.k.p.i.AbstractProblemLoader Init config took 2.47s 
195182     INFO  main            d.u.i.k.p.i.AbstractProblemLoader Replaying proof For[For::sum([I)].JML operation contract.0 
195269     DEBUG main            d.u.i.k.p.i.IntermediateProofReplayer Proof replay took 83.69ms 
195269     WARN  main            d.u.i.k.n.ParsingFacade   /home/runner/work/key/key/key.core/../key.ui/examples/standard_key/java_dl/java5/for_Array.key.proof took 0 ms to parse. 
195269     WARN  main            d.u.i.k.n.ParsingFacade   Parsing time 522 ms. 
195269     DEBUG main            d.u.i.k.p.r.p.TestFile    ... success: reloaded. 
195271     INFO  main            d.u.i.k.p.r.p.TestFile    Now processing file /home/runner/work/key/key/key.core/../key.ui/examples/standard_key/java_dl/java5/for_Iterable.key 
195271     INFO  main            d.u.i.k.p.i.AbstractProblemLoader Loading environment from /home/runner/work/key/key/key.core/../key.ui/examples/standard_key/java_dl/java5/for_Iterable.key 
195271     DEBUG main            d.u.i.k.p.i.AbstractProblemLoader Environment load took 73.9ns 
195271     WARN  main            d.u.i.k.n.ParsingFacade   /home/runner/work/key/key/key.core/../key.ui/examples/standard_key/java_dl/java5/for_Iterable.key took 0 ms to parse. 
195271     WARN  main            d.u.i.k.n.ParsingFacade   Parsing time 522 ms. 
195272     INFO  main            d.u.i.k.p.i.AbstractProblemLoader Creating init config 
196063     DEBUG main            d.u.i.k.j.r.ClassPreparationMethodBuilder clPrepBuilder: Inner Class detected. Reject building class initialisation methods. 
196107     WARN  main            d.u.i.k.n.ParsingFacade   file:/home/runner/work/key/key/key.core/build/resources/main/de/uka/ilkd/key/java/JavaRedux/java/lang/String.key took 1 ms to parse. 
196108     WARN  main            d.u.i.k.n.ParsingFacade   Parsing time 523 ms. 
197780     DEBUG main            d.u.i.k.p.i.AbstractProblemLoader Init config took 2.51s 
197829     INFO  main            d.u.i.k.p.i.AbstractProblemLoader Replaying proof For[For::infiniteLoop(For)].JML operation contract.0 
197830     DEBUG main            d.u.i.k.p.i.IntermediateProofReplayer Proof replay took 6.6ns 
197831     WARN  main            d.u.i.k.n.ParsingFacade   /home/runner/work/key/key/key.core/../key.ui/examples/standard_key/java_dl/java5/for_Iterable.key took 0 ms to parse. 
197831     WARN  main            d.u.i.k.n.ParsingFacade   Parsing time 523 ms. 
198033     INFO  main            d.u.i.k.p.r.p.TestFile    ... finished proof: closed. 
198408     INFO  main            d.u.i.k.p.i.AbstractProblemLoader Loading environment from /home/runner/work/key/key/key.core/../key.ui/examples/standard_key/java_dl/java5/for_Iterable.key.proof 
198409     DEBUG main            d.u.i.k.p.i.AbstractProblemLoader Environment load took 88.7ns 
198409     WARN  main            d.u.i.k.n.ParsingFacade   /home/runner/work/key/key/key.core/../key.ui/examples/standard_key/java_dl/java5/for_Iterable.key.proof took 0 ms to parse. 
198409     WARN  main            d.u.i.k.n.ParsingFacade   Parsing time 523 ms. 
198409     INFO  main            d.u.i.k.p.i.AbstractProblemLoader Creating init config 
199194     DEBUG main            d.u.i.k.j.r.ClassPreparationMethodBuilder clPrepBuilder: Inner Class detected. Reject building class initialisation methods. 
199238     WARN  main            d.u.i.k.n.ParsingFacade   file:/home/runner/work/key/key/key.core/build/resources/main/de/uka/ilkd/key/java/JavaRedux/java/lang/String.key took 1 ms to parse. 
199238     WARN  main            d.u.i.k.n.ParsingFacade   Parsing time 524 ms. 
200861     DEBUG main            d.u.i.k.p.i.AbstractProblemLoader Init config took 2.45s 
200919     INFO  main            d.u.i.k.p.i.AbstractProblemLoader Replaying proof For[For::infiniteLoop(For)].JML operation contract.0 
200966     DEBUG main            d.u.i.k.p.i.IntermediateProofReplayer Proof replay took 45.56ms 
200967     WARN  main            d.u.i.k.n.ParsingFacade   /home/runner/work/key/key/key.core/../key.ui/examples/standard_key/java_dl/java5/for_Iterable.key.proof took 0 ms to parse. 
200967     WARN  main            d.u.i.k.n.ParsingFacade   Parsing time 524 ms. 
200967     DEBUG main            d.u.i.k.p.r.p.TestFile    ... success: reloaded. 
200968     INFO  main            d.u.i.k.p.r.p.TestFile    Now processing file /home/runner/work/key/key/key.core/../key.ui/examples/standard_key/java_dl/java5/for_ReferenceArray.key 
200968     INFO  main            d.u.i.k.p.i.AbstractProblemLoader Loading environment from /home/runner/work/key/key/key.core/../key.ui/examples/standard_key/java_dl/java5/for_ReferenceArray.key 
200968     DEBUG main            d.u.i.k.p.i.AbstractProblemLoader Environment load took 59.9ns 
200968     WARN  main            d.u.i.k.n.ParsingFacade   /home/runner/work/key/key/key.core/../key.ui/examples/standard_key/java_dl/java5/for_ReferenceArray.key took 0 ms to parse. 
200969     WARN  main            d.u.i.k.n.ParsingFacade   Parsing time 524 ms. 
200969     INFO  main            d.u.i.k.p.i.AbstractProblemLoader Creating init config 
201752     DEBUG main            d.u.i.k.j.r.ClassPreparationMethodBuilder clPrepBuilder: Inner Class detected. Reject building class initialisation methods. 
201797     WARN  main            d.u.i.k.n.ParsingFacade   file:/home/runner/work/key/key/key.core/build/resources/main/de/uka/ilkd/key/java/JavaRedux/java/lang/String.key took 1 ms to parse. 
201797     WARN  main            d.u.i.k.n.ParsingFacade   Parsing time 525 ms. 
203465     DEBUG main            d.u.i.k.p.i.AbstractProblemLoader Init config took 2.5s 
203514     INFO  main            d.u.i.k.p.i.AbstractProblemLoader Replaying proof ForReferenceArray[ForReferenceArray::foo([Ljava.lang.Object)].JML operation contract.0 
203515     DEBUG main            d.u.i.k.p.i.IntermediateProofReplayer Proof replay took 6.1ns 
203516     WARN  main            d.u.i.k.n.ParsingFacade   /home/runner/work/key/key/key.core/../key.ui/examples/standard_key/java_dl/java5/for_ReferenceArray.key took 0 ms to parse. 
203516     WARN  main            d.u.i.k.n.ParsingFacade   Parsing time 525 ms. 
203721     INFO  main            d.u.i.k.p.r.p.TestFile    ... finished proof: closed. 
204077     INFO  main            d.u.i.k.p.i.AbstractProblemLoader Loading environment from /home/runner/work/key/key/key.core/../key.ui/examples/standard_key/java_dl/java5/for_ReferenceArray.key.proof 
204077     DEBUG main            d.u.i.k.p.i.AbstractProblemLoader Environment load took 99.5ns 
204077     WARN  main            d.u.i.k.n.ParsingFacade   /home/runner/work/key/key/key.core/../key.ui/examples/standard_key/java_dl/java5/for_ReferenceArray.key.proof took 0 ms to parse. 
204077     WARN  main            d.u.i.k.n.ParsingFacade   Parsing time 525 ms. 
204078     INFO  main            d.u.i.k.p.i.AbstractProblemLoader Creating init config 
204860     DEBUG main            d.u.i.k.j.r.ClassPreparationMethodBuilder clPrepBuilder: Inner Class detected. Reject building class initialisation methods. 
204907     WARN  main            d.u.i.k.n.ParsingFacade   file:/home/runner/work/key/key/key.core/build/resources/main/de/uka/ilkd/key/java/JavaRedux/java/lang/String.key took 3 ms to parse. 
204907     WARN  main            d.u.i.k.n.ParsingFacade   Parsing time 528 ms. 
206541     DEBUG main            d.u.i.k.p.i.AbstractProblemLoader Init config took 2.46s 
206600     INFO  main            d.u.i.k.p.i.AbstractProblemLoader Replaying proof ForReferenceArray[ForReferenceArray::foo([Ljava.lang.Object)].JML operation contract.0 
206655     DEBUG main            d.u.i.k.p.i.IntermediateProofReplayer Proof replay took 51.31ms 
206657     WARN  main            d.u.i.k.n.ParsingFacade   /home/runner/work/key/key/key.core/../key.ui/examples/standard_key/java_dl/java5/for_ReferenceArray.key.proof took 0 ms to parse. 
206657     WARN  main            d.u.i.k.n.ParsingFacade   Parsing time 528 ms. 
206657     DEBUG main            d.u.i.k.p.r.p.TestFile    ... success: reloaded. 
206658     INFO  main            d.u.i.k.p.r.p.TestFile    Now processing file /home/runner/work/key/key/key.core/../key.ui/examples/standard_key/java_dl/jml-bigint/cast.key 
206659     INFO  main            d.u.i.k.p.i.AbstractProblemLoader Loading environment from /home/runner/work/key/key/key.core/../key.ui/examples/standard_key/java_dl/jml-bigint/cast.key 
206659     DEBUG main            d.u.i.k.p.i.AbstractProblemLoader Environment load took 118.4ns 
206659     WARN  main            d.u.i.k.n.ParsingFacade   /home/runner/work/key/key/key.core/../key.ui/examples/standard_key/java_dl/jml-bigint/cast.key took 0 ms to parse. 
206659     WARN  main            d.u.i.k.n.ParsingFacade   Parsing time 528 ms. 
206660     INFO  main            d.u.i.k.p.i.AbstractProblemLoader Creating init config 
207475     WARN  main            d.u.i.k.n.ParsingFacade   file:/home/runner/work/key/key/key.core/build/resources/main/de/uka/ilkd/key/java/JavaRedux/java/lang/String.key took 1 ms to parse. 
207475     WARN  main            d.u.i.k.n.ParsingFacade   Parsing time 529 ms. 
209082     DEBUG main            d.u.i.k.p.i.AbstractProblemLoader Init config took 2.42s 
209115     INFO  main            d.u.i.k.p.i.AbstractProblemLoader Replaying proof Mult[Mult::cast()].JML operation contract.0 
209117     DEBUG main            d.u.i.k.p.i.IntermediateProofReplayer Proof replay took 6.3ns 
209117     WARN  main            d.u.i.k.n.ParsingFacade   /home/runner/work/key/key/key.core/../key.ui/examples/standard_key/java_dl/jml-bigint/cast.key took 0 ms to parse. 
209117     WARN  main            d.u.i.k.n.ParsingFacade   Parsing time 529 ms. 
209220     INFO  main            d.u.i.k.p.r.p.TestFile    ... finished proof: closed. 
209572     INFO  main            d.u.i.k.p.i.AbstractProblemLoader Loading environment from /home/runner/work/key/key/key.core/../key.ui/examples/standard_key/java_dl/jml-bigint/cast.key.proof 
209572     DEBUG main            d.u.i.k.p.i.AbstractProblemLoader Environment load took 79.3ns 
209573     WARN  main            d.u.i.k.n.ParsingFacade   /home/runner/work/key/key/key.core/../key.ui/examples/standard_key/java_dl/jml-bigint/cast.key.proof took 0 ms to parse. 
209573     WARN  main            d.u.i.k.n.ParsingFacade   Parsing time 529 ms. 
209573     INFO  main            d.u.i.k.p.i.AbstractProblemLoader Creating init config 
210381     WARN  main            d.u.i.k.n.ParsingFacade   file:/home/runner/work/key/key/key.core/build/resources/main/de/uka/ilkd/key/java/JavaRedux/java/lang/String.key took 1 ms to parse. 
210381     WARN  main            d.u.i.k.n.ParsingFacade   Parsing time 530 ms. 
211945     DEBUG main            d.u.i.k.p.i.AbstractProblemLoader Init config took 2.37s 
211977     INFO  main            d.u.i.k.p.i.AbstractProblemLoader Replaying proof Mult[Mult::cast()].JML operation contract.0 
211990     DEBUG main            d.u.i.k.p.i.IntermediateProofReplayer Proof replay took 10.92ms 
211990     WARN  main            d.u.i.k.n.ParsingFacade   /home/runner/work/key/key/key.core/../key.ui/examples/standard_key/java_dl/jml-bigint/cast.key.proof took 0 ms to parse. 
211990     WARN  main            d.u.i.k.n.ParsingFacade   Parsing time 530 ms. 
211991     DEBUG main            d.u.i.k.p.r.p.TestFile    ... success: reloaded. 
211991     INFO  main            d.u.i.k.p.r.p.TestFile    Now processing file /home/runner/work/key/key/key.core/../key.ui/examples/standard_key/java_dl/jml-free/loopInvFree.key 
211992     INFO  main            d.u.i.k.p.i.AbstractProblemLoader Loading environment from /home/runner/work/key/key/key.core/../key.ui/examples/standard_key/java_dl/jml-free/loopInvFree.key 
211992     DEBUG main            d.u.i.k.p.i.AbstractProblemLoader Environment load took 67.4ns 
211992     WARN  main            d.u.i.k.n.ParsingFacade   /home/runner/work/key/key/key.core/../key.ui/examples/standard_key/java_dl/jml-free/loopInvFree.key took 0 ms to parse. 
211992     WARN  main            d.u.i.k.n.ParsingFacade   Parsing time 530 ms. 
211993     INFO  main            d.u.i.k.p.i.AbstractProblemLoader Creating init config 
212778     WARN  main            d.u.i.k.n.ParsingFacade   file:/home/runner/work/key/key/key.core/build/resources/main/de/uka/ilkd/key/java/JavaRedux/java/lang/String.key took 1 ms to parse. 
212778     WARN  main            d.u.i.k.n.ParsingFacade   Parsing time 531 ms. 
214343     DEBUG main            d.u.i.k.p.i.AbstractProblemLoader Init config took 2.35s 
214375     INFO  main            d.u.i.k.p.i.AbstractProblemLoader Replaying proof LoopInvFree[LoopInvFree::test()].JML operation contract.0 
214376     DEBUG main            d.u.i.k.p.i.IntermediateProofReplayer Proof replay took 5.9ns 
214376     WARN  main            d.u.i.k.n.ParsingFacade   /home/runner/work/key/key/key.core/../key.ui/examples/standard_key/java_dl/jml-free/loopInvFree.key took 0 ms to parse. 
214376     WARN  main            d.u.i.k.n.ParsingFacade   Parsing time 531 ms. 
214580     INFO  main            d.u.i.k.p.r.p.TestFile    ... finished proof: closed. 
214943     INFO  main            d.u.i.k.p.i.AbstractProblemLoader Loading environment from /home/runner/work/key/key/key.core/../key.ui/examples/standard_key/java_dl/jml-free/loopInvFree.key.proof 
214944     DEBUG main            d.u.i.k.p.i.AbstractProblemLoader Environment load took 78.5ns 
214944     WARN  main            d.u.i.k.n.ParsingFacade   /home/runner/work/key/key/key.core/../key.ui/examples/standard_key/java_dl/jml-free/loopInvFree.key.proof took 0 ms to parse. 
214944     WARN  main            d.u.i.k.n.ParsingFacade   Parsing time 531 ms. 
214944     INFO  main            d.u.i.k.p.i.AbstractProblemLoader Creating init config 
215711     WARN  main            d.u.i.k.n.ParsingFacade   file:/home/runner/work/key/key/key.core/build/resources/main/de/uka/ilkd/key/java/JavaRedux/java/lang/String.key took 1 ms to parse. 
215711     WARN  main            d.u.i.k.n.ParsingFacade   Parsing time 532 ms. 
217249     DEBUG main            d.u.i.k.p.i.AbstractProblemLoader Init config took 2.3s 
217281     INFO  main            d.u.i.k.p.i.AbstractProblemLoader Replaying proof LoopInvFree[LoopInvFree::test()].JML operation contract.0 
217322     DEBUG main            d.u.i.k.p.i.IntermediateProofReplayer Proof replay took 38.47ms 
217322     WARN  main            d.u.i.k.n.ParsingFacade   /home/runner/work/key/key/key.core/../key.ui/examples/standard_key/java_dl/jml-free/loopInvFree.key.proof took 0 ms to parse. 
217322     WARN  main            d.u.i.k.n.ParsingFacade   Parsing time 532 ms. 
217323     DEBUG main            d.u.i.k.p.r.p.TestFile    ... success: reloaded. 
217323     INFO  main            d.u.i.k.p.r.p.TestFile    Now processing file /home/runner/work/key/key/key.core/../key.ui/examples/standard_key/java_dl/jml-free/ensuresFree.key 
217324     INFO  main            d.u.i.k.p.i.AbstractProblemLoader Loading environment from /home/runner/work/key/key/key.core/../key.ui/examples/standard_key/java_dl/jml-free/ensuresFree.key 
217324     DEBUG main            d.u.i.k.p.i.AbstractProblemLoader Environment load took 72.1ns 
217324     WARN  main            d.u.i.k.n.ParsingFacade   /home/runner/work/key/key/key.core/../key.ui/examples/standard_key/java_dl/jml-free/ensuresFree.key took 0 ms to parse. 
217324     WARN  main            d.u.i.k.n.ParsingFacade   Parsing time 532 ms. 
217325     INFO  main            d.u.i.k.p.i.AbstractProblemLoader Creating init config 
218115     WARN  main            d.u.i.k.n.ParsingFacade   file:/home/runner/work/key/key/key.core/build/resources/main/de/uka/ilkd/key/java/JavaRedux/java/lang/String.key took 1 ms to parse. 
218115     WARN  main            d.u.i.k.n.ParsingFacade   Parsing time 533 ms. 
219679     DEBUG main            d.u.i.k.p.i.AbstractProblemLoader Init config took 2.35s 
219714     INFO  main            d.u.i.k.p.i.AbstractProblemLoader Replaying proof EnsuresFree[EnsuresFree::test()].JML operation contract.0 
219715     DEBUG main            d.u.i.k.p.i.IntermediateProofReplayer Proof replay took 6.6ns 
219715     WARN  main            d.u.i.k.n.ParsingFacade   /home/runner/work/key/key/key.core/../key.ui/examples/standard_key/java_dl/jml-free/ensuresFree.key took 0 ms to parse. 
219715     WARN  main            d.u.i.k.n.ParsingFacade   Parsing time 533 ms. 
219816     INFO  main            d.u.i.k.p.r.p.TestFile    ... finished proof: closed. 
220180     INFO  main            d.u.i.k.p.i.AbstractProblemLoader Loading environment from /home/runner/work/key/key/key.core/../key.ui/examples/standard_key/java_dl/jml-free/ensuresFree.key.proof 
220180     DEBUG main            d.u.i.k.p.i.AbstractProblemLoader Environment load took 93ns 
220181     WARN  main            d.u.i.k.n.ParsingFacade   /home/runner/work/key/key/key.core/../key.ui/examples/standard_key/java_dl/jml-free/ensuresFree.key.proof took 0 ms to parse. 
220181     WARN  main            d.u.i.k.n.ParsingFacade   Parsing time 533 ms. 
220181     INFO  main            d.u.i.k.p.i.AbstractProblemLoader Creating init config 
220949     WARN  main            d.u.i.k.n.ParsingFacade   file:/home/runner/work/key/key/key.core/build/resources/main/de/uka/ilkd/key/java/JavaRedux/java/lang/String.key took 1 ms to parse. 
220949     WARN  main            d.u.i.k.n.ParsingFacade   Parsing time 534 ms. 
222489     DEBUG main            d.u.i.k.p.i.AbstractProblemLoader Init config took 2.31s 
222520     INFO  main            d.u.i.k.p.i.AbstractProblemLoader Replaying proof EnsuresFree[EnsuresFree::test()].JML operation contract.0 
222537     DEBUG main            d.u.i.k.p.i.IntermediateProofReplayer Proof replay took 15.06ms 
222538     WARN  main            d.u.i.k.n.ParsingFacade   /home/runner/work/key/key/key.core/../key.ui/examples/standard_key/java_dl/jml-free/ensuresFree.key.proof took 1 ms to parse. 
222538     WARN  main            d.u.i.k.n.ParsingFacade   Parsing time 535 ms. 
222538     DEBUG main            d.u.i.k.p.r.p.TestFile    ... success: reloaded. 
222539     INFO  main            d.u.i.k.p.r.p.TestFile    Now processing file /home/runner/work/key/key/key.core/../key.ui/examples/standard_key/java_dl/jml-information-flow.key 
222539     INFO  main            d.u.i.k.p.i.AbstractProblemLoader Loading environment from /home/runner/work/key/key/key.core/../key.ui/examples/standard_key/java_dl/jml-information-flow.key 
222539     DEBUG main            d.u.i.k.p.i.AbstractProblemLoader Environment load took 56.5ns 
222540     WARN  main            d.u.i.k.n.ParsingFacade   /home/runner/work/key/key/key.core/../key.ui/examples/standard_key/java_dl/jml-information-flow.key took 1 ms to parse. 
222540     WARN  main            d.u.i.k.n.ParsingFacade   Parsing time 536 ms. 
222541     INFO  main            d.u.i.k.p.i.AbstractProblemLoader Creating init config 
223414     WARN  main            d.u.i.k.n.ParsingFacade   file:/home/runner/work/key/key/key.core/build/resources/main/de/uka/ilkd/key/java/JavaRedux/java/lang/String.key took 1 ms to parse. 
223414     WARN  main            d.u.i.k.n.ParsingFacade   Parsing time 537 ms. 
225093     DEBUG main            d.u.i.k.p.i.AbstractProblemLoader Init config took 2.55s 
225110     INFO  main            d.u.i.k.p.i.AbstractProblemLoader Replaying proof jml-information-flow.key 
225111     DEBUG main            d.u.i.k.p.i.IntermediateProofReplayer Proof replay took 6.4ns 
225112     WARN  main            d.u.i.k.n.ParsingFacade   /home/runner/work/key/key/key.core/../key.ui/examples/standard_key/java_dl/jml-information-flow.key took 1 ms to parse. 
225112     WARN  main            d.u.i.k.n.ParsingFacade   Parsing time 538 ms. 
345800     INFO  main            d.u.i.k.p.r.p.TestFile    ... finished proof: closed. 
346341     INFO  main            d.u.i.k.p.i.AbstractProblemLoader Loading environment from /home/runner/work/key/key/key.core/../key.ui/examples/standard_key/java_dl/jml-information-flow.key.proof 
346342     DEBUG main            d.u.i.k.p.i.AbstractProblemLoader Environment load took 325.21ns 
346348     WARN  main            d.u.i.k.n.ParsingFacade   /home/runner/work/key/key/key.core/../key.ui/examples/standard_key/java_dl/jml-information-flow.key.proof took 1 ms to parse. 
346348     WARN  main            d.u.i.k.n.ParsingFacade   Parsing time 539 ms. 
346349     INFO  main            d.u.i.k.p.i.AbstractProblemLoader Creating init config 
347164     WARN  main            d.u.i.k.n.ParsingFacade   file:/home/runner/work/key/key/key.core/build/resources/main/de/uka/ilkd/key/java/JavaRedux/java/lang/String.key took 1 ms to parse. 
347164     WARN  main            d.u.i.k.n.ParsingFacade   Parsing time 540 ms. 
348773     DEBUG main            d.u.i.k.p.i.AbstractProblemLoader Init config took 2.42s 
348791     INFO  main            d.u.i.k.p.i.AbstractProblemLoader Replaying proof jml-information-flow.key.proof 
352254     DEBUG main            d.u.i.k.p.i.IntermediateProofReplayer Proof replay took 3.36s 
352260     WARN  main            d.u.i.k.n.ParsingFacade   /home/runner/work/key/key/key.core/../key.ui/examples/standard_key/java_dl/jml-information-flow.key.proof took 1 ms to parse. 
352261     WARN  main            d.u.i.k.n.ParsingFacade   Parsing time 541 ms. 
352261     DEBUG main            d.u.i.k.p.r.p.TestFile    ... success: reloaded. 
352262     INFO  main            d.u.i.k.p.r.p.TestFile    Now processing file /home/runner/work/key/key/key.core/../key.ui/examples/standard_key/java_dl/jml-min/min-unprovable1.key 
352262     INFO  main            d.u.i.k.p.i.AbstractProblemLoader Loading environment from /home/runner/work/key/key/key.core/../key.ui/examples/standard_key/java_dl/jml-min/min-unprovable1.key 
352263     DEBUG main            d.u.i.k.p.i.AbstractProblemLoader Environment load took 172.5ns 
352263     WARN  main            d.u.i.k.n.ParsingFacade   /home/runner/work/key/key/key.core/../key.ui/examples/standard_key/java_dl/jml-min/min-unprovable1.key took 0 ms to parse. 
352263     WARN  main            d.u.i.k.n.ParsingFacade   Parsing time 541 ms. 
352264     INFO  main            d.u.i.k.p.i.AbstractProblemLoader Creating init config 
353119     WARN  main            d.u.i.k.n.ParsingFacade   file:/home/runner/work/key/key/key.core/build/resources/main/de/uka/ilkd/key/java/JavaRedux/java/lang/String.key took 1 ms to parse. 
353119     WARN  main            d.u.i.k.n.ParsingFacade   Parsing time 542 ms. 
354754     DEBUG main            d.u.i.k.p.i.AbstractProblemLoader Init config took 2.49s 
354785     INFO  main            d.u.i.k.p.i.AbstractProblemLoader Replaying proof Min[Min::foo()].JML operation contract.0 
354786     DEBUG main            d.u.i.k.p.i.IntermediateProofReplayer Proof replay took 6.5ns 
354786     WARN  main            d.u.i.k.n.ParsingFacade   /home/runner/work/key/key/key.core/../key.ui/examples/standard_key/java_dl/jml-min/min-unprovable1.key took 0 ms to parse. 
354786     WARN  main            d.u.i.k.n.ParsingFacade   Parsing time 542 ms. 
354888     INFO  main            d.u.i.k.p.r.p.TestFile    ... finished proof: open goal(s) 
355399     INFO  main            d.u.i.k.p.r.p.TestFile    Now processing file /home/runner/work/key/key/key.core/../key.ui/examples/standard_key/java_dl/jml-min/min-unprovable2.key 
355400     INFO  main            d.u.i.k.p.i.AbstractProblemLoader Loading environment from /home/runner/work/key/key/key.core/../key.ui/examples/standard_key/java_dl/jml-min/min-unprovable2.key 
355400     DEBUG main            d.u.i.k.p.i.AbstractProblemLoader Environment load took 52.4ns 
355400     WARN  main            d.u.i.k.n.ParsingFacade   /home/runner/work/key/key/key.core/../key.ui/examples/standard_key/java_dl/jml-min/min-unprovable2.key took 0 ms to parse. 
355400     WARN  main            d.u.i.k.n.ParsingFacade   Parsing time 542 ms. 
355401     INFO  main            d.u.i.k.p.i.AbstractProblemLoader Creating init config 
356163     WARN  main            d.u.i.k.n.ParsingFacade   file:/home/runner/work/key/key/key.core/build/resources/main/de/uka/ilkd/key/java/JavaRedux/java/lang/String.key took 1 ms to parse. 
356163     WARN  main            d.u.i.k.n.ParsingFacade   Parsing time 543 ms. 
357708     DEBUG main            d.u.i.k.p.i.AbstractProblemLoader Init config took 2.31s 
357739     INFO  main            d.u.i.k.p.i.AbstractProblemLoader Replaying proof Min[Min::foo2()].JML operation contract.0 
357740     DEBUG main            d.u.i.k.p.i.IntermediateProofReplayer Proof replay took 6.2ns 
357741     WARN  main            d.u.i.k.n.ParsingFacade   /home/runner/work/key/key/key.core/../key.ui/examples/standard_key/java_dl/jml-min/min-unprovable2.key took 0 ms to parse. 
357741     WARN  main            d.u.i.k.n.ParsingFacade   Parsing time 543 ms. 
357843     INFO  main            d.u.i.k.p.r.p.TestFile    ... finished proof: open goal(s) 
358216     INFO  main            d.u.i.k.p.r.p.TestFile    Now processing file /home/runner/work/key/key/key.core/../key.ui/examples/standard_key/java_dl/methodCall.key 
358216     INFO  main            d.u.i.k.p.i.AbstractProblemLoader Loading environment from /home/runner/work/key/key/key.core/../key.ui/examples/standard_key/java_dl/methodCall.key 
358216     DEBUG main            d.u.i.k.p.i.AbstractProblemLoader Environment load took 46.2ns 
358216     WARN  main            d.u.i.k.n.ParsingFacade   /home/runner/work/key/key/key.core/../key.ui/examples/standard_key/java_dl/methodCall.key took 0 ms to parse. 
358216     WARN  main            d.u.i.k.n.ParsingFacade   Parsing time 543 ms. 
358217     INFO  main            d.u.i.k.p.i.AbstractProblemLoader Creating init config 
358980     WARN  main            d.u.i.k.n.ParsingFacade   file:/home/runner/work/key/key/key.core/build/resources/main/de/uka/ilkd/key/java/JavaRedux/java/lang/String.key took 1 ms to parse. 
358980     WARN  main            d.u.i.k.n.ParsingFacade   Parsing time 544 ms. 
360563     DEBUG main            d.u.i.k.p.i.AbstractProblemLoader Init config took 2.35s 
360576     INFO  main            d.u.i.k.p.i.AbstractProblemLoader Replaying proof methodCall.key 
360578     DEBUG main            d.u.i.k.p.i.IntermediateProofReplayer Proof replay took 6.1ns 
360578     WARN  main            d.u.i.k.n.ParsingFacade   /home/runner/work/key/key/key.core/../key.ui/examples/standard_key/java_dl/methodCall.key took 0 ms to parse. 
360578     WARN  main            d.u.i.k.n.ParsingFacade   Parsing time 544 ms. 
360679     INFO  main            d.u.i.k.p.r.p.TestFile    ... finished proof: closed. 
361058     INFO  main            d.u.i.k.p.i.AbstractProblemLoader Loading environment from /home/runner/work/key/key/key.core/../key.ui/examples/standard_key/java_dl/methodCall.key.proof 
361058     DEBUG main            d.u.i.k.p.i.AbstractProblemLoader Environment load took 96.4ns 
361058     WARN  main            d.u.i.k.n.ParsingFacade   /home/runner/work/key/key/key.core/../key.ui/examples/standard_key/java_dl/methodCall.key.proof took 0 ms to parse. 
361058     WARN  main            d.u.i.k.n.ParsingFacade   Parsing time 544 ms. 
361058     INFO  main            d.u.i.k.p.i.AbstractProblemLoader Creating init config 
361878     WARN  main            d.u.i.k.n.ParsingFacade   file:/home/runner/work/key/key/key.core/build/resources/main/de/uka/ilkd/key/java/JavaRedux/java/lang/String.key took 1 ms to parse. 
361878     WARN  main            d.u.i.k.n.ParsingFacade   Parsing time 545 ms. 
363490     DEBUG main            d.u.i.k.p.i.AbstractProblemLoader Init config took 2.43s 
363503     INFO  main            d.u.i.k.p.i.AbstractProblemLoader Replaying proof methodCall.key.proof 
363506     DEBUG main            d.u.i.k.p.i.IntermediateProofReplayer Proof replay took 1.72ms 
363507     WARN  main            d.u.i.k.n.ParsingFacade   /home/runner/work/key/key/key.core/../key.ui/examples/standard_key/java_dl/methodCall.key.proof took 0 ms to parse. 
363507     WARN  main            d.u.i.k.n.ParsingFacade   Parsing time 545 ms. 
363507     DEBUG main            d.u.i.k.p.r.p.TestFile    ... success: reloaded. 
363508     INFO  main            d.u.i.k.p.r.p.TestFile    Now processing file /home/runner/work/key/key/key.core/../key.ui/examples/standard_key/java_dl/methodCall1.key 
363508     INFO  main            d.u.i.k.p.i.AbstractProblemLoader Loading environment from /home/runner/work/key/key/key.core/../key.ui/examples/standard_key/java_dl/methodCall1.key 
363508     DEBUG main            d.u.i.k.p.i.AbstractProblemLoader Environment load took 42.2ns 
363508     WARN  main            d.u.i.k.n.ParsingFacade   /home/runner/work/key/key/key.core/../key.ui/examples/standard_key/java_dl/methodCall1.key took 0 ms to parse. 
363508     WARN  main            d.u.i.k.n.ParsingFacade   Parsing time 545 ms. 
363509     INFO  main            d.u.i.k.p.i.AbstractProblemLoader Creating init config 
364280     WARN  main            d.u.i.k.n.ParsingFacade   file:/home/runner/work/key/key/key.core/build/resources/main/de/uka/ilkd/key/java/JavaRedux/java/lang/String.key took 1 ms to parse. 
364280     WARN  main            d.u.i.k.n.ParsingFacade   Parsing time 546 ms. 
365844     DEBUG main            d.u.i.k.p.i.AbstractProblemLoader Init config took 2.34s 
365858     INFO  main            d.u.i.k.p.i.AbstractProblemLoader Replaying proof methodCall1.key 
365859     DEBUG main            d.u.i.k.p.i.IntermediateProofReplayer Proof replay took 5.7ns 
365859     WARN  main            d.u.i.k.n.ParsingFacade   /home/runner/work/key/key/key.core/../key.ui/examples/standard_key/java_dl/methodCall1.key took 0 ms to parse. 
365859     WARN  main            d.u.i.k.n.ParsingFacade   Parsing time 546 ms. 
365961     INFO  main            d.u.i.k.p.r.p.TestFile    ... finished proof: closed. 
366353     INFO  main            d.u.i.k.p.i.AbstractProblemLoader Loading environment from /home/runner/work/key/key/key.core/../key.ui/examples/standard_key/java_dl/methodCall1.key.proof 
366353     DEBUG main            d.u.i.k.p.i.AbstractProblemLoader Environment load took 89.1ns 
366353     WARN  main            d.u.i.k.n.ParsingFacade   /home/runner/work/key/key/key.core/../key.ui/examples/standard_key/java_dl/methodCall1.key.proof took 0 ms to parse. 
366353     WARN  main            d.u.i.k.n.ParsingFacade   Parsing time 546 ms. 
366354     INFO  main            d.u.i.k.p.i.AbstractProblemLoader Creating init config 
367128     WARN  main            d.u.i.k.n.ParsingFacade   file:/home/runner/work/key/key/key.core/build/resources/main/de/uka/ilkd/key/java/JavaRedux/java/lang/String.key took 1 ms to parse. 
367128     WARN  main            d.u.i.k.n.ParsingFacade   Parsing time 547 ms. 
368670     DEBUG main            d.u.i.k.p.i.AbstractProblemLoader Init config took 2.32s 
368683     INFO  main            d.u.i.k.p.i.AbstractProblemLoader Replaying proof methodCall1.key.proof 
368696     DEBUG main            d.u.i.k.p.i.IntermediateProofReplayer Proof replay took 11.31ms 
368697     WARN  main            d.u.i.k.n.ParsingFacade   /home/runner/work/key/key/key.core/../key.ui/examples/standard_key/java_dl/methodCall1.key.proof took 0 ms to parse. 
368697     WARN  main            d.u.i.k.n.ParsingFacade   Parsing time 547 ms. 
368697     DEBUG main            d.u.i.k.p.r.p.TestFile    ... success: reloaded. 
368698     INFO  main            d.u.i.k.p.r.p.TestFile    Now processing file /home/runner/work/key/key/key.core/../key.ui/examples/standard_key/java_dl/methodCall1box.key 
368698     INFO  main            d.u.i.k.p.i.AbstractProblemLoader Loading environment from /home/runner/work/key/key/key.core/../key.ui/examples/standard_key/java_dl/methodCall1box.key 
368698     DEBUG main            d.u.i.k.p.i.AbstractProblemLoader Environment load took 72.9ns 
368698     WARN  main            d.u.i.k.n.ParsingFacade   /home/runner/work/key/key/key.core/../key.ui/examples/standard_key/java_dl/methodCall1box.key took 0 ms to parse. 
368699     WARN  main            d.u.i.k.n.ParsingFacade   Parsing time 547 ms. 
368699     INFO  main            d.u.i.k.p.i.AbstractProblemLoader Creating init config 
369471     WARN  main            d.u.i.k.n.ParsingFacade   file:/home/runner/work/key/key/key.core/build/resources/main/de/uka/ilkd/key/java/JavaRedux/java/lang/String.key took 1 ms to parse. 
369471     WARN  main            d.u.i.k.n.ParsingFacade   Parsing time 548 ms. 
371034     DEBUG main            d.u.i.k.p.i.AbstractProblemLoader Init config took 2.33s 
371047     INFO  main            d.u.i.k.p.i.AbstractProblemLoader Replaying proof methodCall1box.key 
371048     DEBUG main            d.u.i.k.p.i.IntermediateProofReplayer Proof replay took 7.5ns 
371049     WARN  main            d.u.i.k.n.ParsingFacade   /home/runner/work/key/key/key.core/../key.ui/examples/standard_key/java_dl/methodCall1box.key took 0 ms to parse. 
371049     WARN  main            d.u.i.k.n.ParsingFacade   Parsing time 548 ms. 
371150     INFO  main            d.u.i.k.p.r.p.TestFile    ... finished proof: closed. 
371547     INFO  main            d.u.i.k.p.i.AbstractProblemLoader Loading environment from /home/runner/work/key/key/key.core/../key.ui/examples/standard_key/java_dl/methodCall1box.key.proof 
371548     DEBUG main            d.u.i.k.p.i.AbstractProblemLoader Environment load took 76.2ns 
371548     WARN  main            d.u.i.k.n.ParsingFacade   /home/runner/work/key/key/key.core/../key.ui/examples/standard_key/java_dl/methodCall1box.key.proof took 0 ms to parse. 
371548     WARN  main            d.u.i.k.n.ParsingFacade   Parsing time 548 ms. 
371548     INFO  main            d.u.i.k.p.i.AbstractProblemLoader Creating init config 
372313     WARN  main            d.u.i.k.n.ParsingFacade   file:/home/runner/work/key/key/key.core/build/resources/main/de/uka/ilkd/key/java/JavaRedux/java/lang/String.key took 1 ms to parse. 
372314     WARN  main            d.u.i.k.n.ParsingFacade   Parsing time 549 ms. 
373859     DEBUG main            d.u.i.k.p.i.AbstractProblemLoader Init config took 2.31s 
373872     INFO  main            d.u.i.k.p.i.AbstractProblemLoader Replaying proof methodCall1box.key.proof 
373885     DEBUG main            d.u.i.k.p.i.IntermediateProofReplayer Proof replay took 11.29ms 
373886     WARN  main            d.u.i.k.n.ParsingFacade   /home/runner/work/key/key/key.core/../key.ui/examples/standard_key/java_dl/methodCall1box.key.proof took 0 ms to parse. 
373886     WARN  main            d.u.i.k.n.ParsingFacade   Parsing time 549 ms. 
373886     DEBUG main            d.u.i.k.p.r.p.TestFile    ... success: reloaded. 
373887     INFO  main            d.u.i.k.p.r.p.TestFile    Now processing file /home/runner/work/key/key/key.core/../key.ui/examples/standard_key/java_dl/methodCall3.key 
373887     INFO  main            d.u.i.k.p.i.AbstractProblemLoader Loading environment from /home/runner/work/key/key/key.core/../key.ui/examples/standard_key/java_dl/methodCall3.key 
373887     DEBUG main            d.u.i.k.p.i.AbstractProblemLoader Environment load took 70.4ns 
373887     WARN  main            d.u.i.k.n.ParsingFacade   /home/runner/work/key/key/key.core/../key.ui/examples/standard_key/java_dl/methodCall3.key took 0 ms to parse. 
373888     WARN  main            d.u.i.k.n.ParsingFacade   Parsing time 549 ms. 
373888     INFO  main            d.u.i.k.p.i.AbstractProblemLoader Creating init config 
374658     WARN  main            d.u.i.k.n.ParsingFacade   file:/home/runner/work/key/key/key.core/build/resources/main/de/uka/ilkd/key/java/JavaRedux/java/lang/String.key took 1 ms to parse. 
374658     WARN  main            d.u.i.k.n.ParsingFacade   Parsing time 550 ms. 
376221     DEBUG main            d.u.i.k.p.i.AbstractProblemLoader Init config took 2.33s 
376235     INFO  main            d.u.i.k.p.i.AbstractProblemLoader Replaying proof methodCall3.key 
376236     DEBUG main            d.u.i.k.p.i.IntermediateProofReplayer Proof replay took 6.4ns 
376236     WARN  main            d.u.i.k.n.ParsingFacade   /home/runner/work/key/key/key.core/../key.ui/examples/standard_key/java_dl/methodCall3.key took 0 ms to parse. 
376237     WARN  main            d.u.i.k.n.ParsingFacade   Parsing time 550 ms. 
376338     INFO  main            d.u.i.k.p.r.p.TestFile    ... finished proof: closed. 
376736     INFO  main            d.u.i.k.p.i.AbstractProblemLoader Loading environment from /home/runner/work/key/key/key.core/../key.ui/examples/standard_key/java_dl/methodCall3.key.proof 
376736     DEBUG main            d.u.i.k.p.i.AbstractProblemLoader Environment load took 110.9ns 
376737     WARN  main            d.u.i.k.n.ParsingFacade   /home/runner/work/key/key/key.core/../key.ui/examples/standard_key/java_dl/methodCall3.key.proof took 1 ms to parse. 
376737     WARN  main            d.u.i.k.n.ParsingFacade   Parsing time 551 ms. 
376737     INFO  main            d.u.i.k.p.i.AbstractProblemLoader Creating init config 
377510     WARN  main            d.u.i.k.n.ParsingFacade   file:/home/runner/work/key/key/key.core/build/resources/main/de/uka/ilkd/key/java/JavaRedux/java/lang/String.key took 1 ms to parse. 
377510     WARN  main            d.u.i.k.n.ParsingFacade   Parsing time 552 ms. 
379054     DEBUG main            d.u.i.k.p.i.AbstractProblemLoader Init config took 2.32s 
379067     INFO  main            d.u.i.k.p.i.AbstractProblemLoader Replaying proof methodCall3.key.proof 
379076     DEBUG main            d.u.i.k.p.i.IntermediateProofReplayer Proof replay took 7.23ms 
379076     WARN  main            d.u.i.k.n.ParsingFacade   /home/runner/work/key/key/key.core/../key.ui/examples/standard_key/java_dl/methodCall3.key.proof took 0 ms to parse. 
379076     WARN  main            d.u.i.k.n.ParsingFacade   Parsing time 552 ms. 
379077     DEBUG main            d.u.i.k.p.r.p.TestFile    ... success: reloaded. 
379077     INFO  main            d.u.i.k.p.r.p.TestFile    Now processing file /home/runner/work/key/key/key.core/../key.ui/examples/standard_key/java_dl/polishFlagSort.key 
379078     INFO  main            d.u.i.k.p.i.AbstractProblemLoader Loading environment from /home/runner/work/key/key/key.core/../key.ui/examples/standard_key/java_dl/polishFlagSort.key 
379078     DEBUG main            d.u.i.k.p.i.AbstractProblemLoader Environment load took 41.8ns 
379078     WARN  main            d.u.i.k.n.ParsingFacade   /home/runner/work/key/key/key.core/../key.ui/examples/standard_key/java_dl/polishFlagSort.key took 0 ms to parse. 
379078     WARN  main            d.u.i.k.n.ParsingFacade   Parsing time 552 ms. 
379079     INFO  main            d.u.i.k.p.i.AbstractProblemLoader Creating init config 
379867     WARN  main            d.u.i.k.n.ParsingFacade   file:/home/runner/work/key/key/key.core/build/resources/main/de/uka/ilkd/key/java/JavaRedux/java/lang/String.key took 1 ms to parse. 
379867     WARN  main            d.u.i.k.n.ParsingFacade   Parsing time 553 ms. 
381454     DEBUG main            d.u.i.k.p.i.AbstractProblemLoader Init config took 2.37s 
381468     INFO  main            d.u.i.k.p.i.AbstractProblemLoader Replaying proof polishFlagSort.key 
381469     DEBUG main            d.u.i.k.p.i.IntermediateProofReplayer Proof replay took 6.6ns 
381470     WARN  main            d.u.i.k.n.ParsingFacade   /home/runner/work/key/key/key.core/../key.ui/examples/standard_key/java_dl/polishFlagSort.key took 1 ms to parse. 
381470     WARN  main            d.u.i.k.n.ParsingFacade   Parsing time 554 ms. 
383592     INFO  main            d.u.i.k.p.r.p.TestFile    ... finished proof: closed. 
384043     INFO  main            d.u.i.k.p.i.AbstractProblemLoader Loading environment from /home/runner/work/key/key/key.core/../key.ui/examples/standard_key/java_dl/polishFlagSort.key.proof 
384043     DEBUG main            d.u.i.k.p.i.AbstractProblemLoader Environment load took 91.2ns 
384044     WARN  main            d.u.i.k.n.ParsingFacade   /home/runner/work/key/key/key.core/../key.ui/examples/standard_key/java_dl/polishFlagSort.key.proof took 0 ms to parse. 
384045     WARN  main            d.u.i.k.n.ParsingFacade   Parsing time 554 ms. 
384045     INFO  main            d.u.i.k.p.i.AbstractProblemLoader Creating init config 
384821     WARN  main            d.u.i.k.n.ParsingFacade   file:/home/runner/work/key/key/key.core/build/resources/main/de/uka/ilkd/key/java/JavaRedux/java/lang/String.key took 1 ms to parse. 
384821     WARN  main            d.u.i.k.n.ParsingFacade   Parsing time 555 ms. 
386386     DEBUG main            d.u.i.k.p.i.AbstractProblemLoader Init config took 2.34s 
386400     INFO  main            d.u.i.k.p.i.AbstractProblemLoader Replaying proof polishFlagSort.key.proof 
386758     DEBUG main            d.u.i.k.p.i.IntermediateProofReplayer Proof replay took 347.41ms 
386759     WARN  main            d.u.i.k.n.ParsingFacade   /home/runner/work/key/key/key.core/../key.ui/examples/standard_key/java_dl/polishFlagSort.key.proof took 1 ms to parse. 
386759     WARN  main            d.u.i.k.n.ParsingFacade   Parsing time 556 ms. 
386760     DEBUG main            d.u.i.k.p.r.p.TestFile    ... success: reloaded. 
386761     INFO  main            d.u.i.k.p.r.p.TestFile    Now processing file /home/runner/work/key/key/key.core/../key.ui/examples/standard_key/java_dl/postConditionTaclets1.key 
386761     INFO  main            d.u.i.k.p.i.AbstractProblemLoader Loading environment from /home/runner/work/key/key/key.core/../key.ui/examples/standard_key/java_dl/postConditionTaclets1.key 
386761     DEBUG main            d.u.i.k.p.i.AbstractProblemLoader Environment load took 145.9ns 
386761     WARN  main            d.u.i.k.n.ParsingFacade   /home/runner/work/key/key/key.core/../key.ui/examples/standard_key/java_dl/postConditionTaclets1.key took 0 ms to parse. 
386762     WARN  main            d.u.i.k.n.ParsingFacade   Parsing time 556 ms. 
386762     INFO  main            d.u.i.k.p.i.AbstractProblemLoader Creating init config 
387495     WARN  main            d.u.i.k.n.ParsingFacade   file:/home/runner/work/key/key/key.core/build/resources/main/de/uka/ilkd/key/java/JavaRedux/java/lang/String.key took 1 ms to parse. 
387495     WARN  main            d.u.i.k.n.ParsingFacade   Parsing time 557 ms. 
389062     DEBUG main            d.u.i.k.p.i.AbstractProblemLoader Init config took 2.3s 
389076     INFO  main            d.u.i.k.p.i.AbstractProblemLoader Replaying proof postConditionTaclets1.key 
389077     DEBUG main            d.u.i.k.p.i.IntermediateProofReplayer Proof replay took 7ns 
389078     WARN  main            d.u.i.k.n.ParsingFacade   /home/runner/work/key/key/key.core/../key.ui/examples/standard_key/java_dl/postConditionTaclets1.key took 0 ms to parse. 
389078     WARN  main            d.u.i.k.n.ParsingFacade   Parsing time 557 ms. 
389181     INFO  main            d.u.i.k.p.r.p.TestFile    ... finished proof: closed. 
389640     INFO  main            d.u.i.k.p.i.AbstractProblemLoader Loading environment from /home/runner/work/key/key/key.core/../key.ui/examples/standard_key/java_dl/postConditionTaclets1.key.proof 
389640     DEBUG main            d.u.i.k.p.i.AbstractProblemLoader Environment load took 88.1ns 
389640     WARN  main            d.u.i.k.n.ParsingFacade   /home/runner/work/key/key/key.core/../key.ui/examples/standard_key/java_dl/postConditionTaclets1.key.proof took 0 ms to parse. 
389640     WARN  main            d.u.i.k.n.ParsingFacade   Parsing time 557 ms. 
389641     INFO  main            d.u.i.k.p.i.AbstractProblemLoader Creating init config 
390355     WARN  main            d.u.i.k.n.ParsingFacade   file:/home/runner/work/key/key/key.core/build/resources/main/de/uka/ilkd/key/java/JavaRedux/java/lang/String.key took 1 ms to parse. 
390355     WARN  main            d.u.i.k.n.ParsingFacade   Parsing time 558 ms. 
391886     DEBUG main            d.u.i.k.p.i.AbstractProblemLoader Init config took 2.24s 
391899     INFO  main            d.u.i.k.p.i.AbstractProblemLoader Replaying proof postConditionTaclets1.key.proof 
391901     DEBUG main            d.u.i.k.p.i.IntermediateProofReplayer Proof replay took 355.71ns 
391901     WARN  main            d.u.i.k.n.ParsingFacade   /home/runner/work/key/key/key.core/../key.ui/examples/standard_key/java_dl/postConditionTaclets1.key.proof took 0 ms to parse. 
391901     WARN  main            d.u.i.k.n.ParsingFacade   Parsing time 558 ms. 
391901     DEBUG main            d.u.i.k.p.r.p.TestFile    ... success: reloaded. 
391902     INFO  main            d.u.i.k.p.r.p.TestFile    Now processing file /home/runner/work/key/key/key.core/../key.ui/examples/standard_key/java_dl/postConditionTaclets2.key 
391902     INFO  main            d.u.i.k.p.i.AbstractProblemLoader Loading environment from /home/runner/work/key/key/key.core/../key.ui/examples/standard_key/java_dl/postConditionTaclets2.key 
391902     DEBUG main            d.u.i.k.p.i.AbstractProblemLoader Environment load took 42.8ns 
391902     WARN  main            d.u.i.k.n.ParsingFacade   /home/runner/work/key/key/key.core/../key.ui/examples/standard_key/java_dl/postConditionTaclets2.key took 0 ms to parse. 
391902     WARN  main            d.u.i.k.n.ParsingFacade   Parsing time 558 ms. 
391903     INFO  main            d.u.i.k.p.i.AbstractProblemLoader Creating init config 
392626     WARN  main            d.u.i.k.n.ParsingFacade   file:/home/runner/work/key/key/key.core/build/resources/main/de/uka/ilkd/key/java/JavaRedux/java/lang/String.key took 1 ms to parse. 
392626     WARN  main            d.u.i.k.n.ParsingFacade   Parsing time 559 ms. 
394196     DEBUG main            d.u.i.k.p.i.AbstractProblemLoader Init config took 2.29s 
394210     INFO  main            d.u.i.k.p.i.AbstractProblemLoader Replaying proof postConditionTaclets2.key 
394211     DEBUG main            d.u.i.k.p.i.IntermediateProofReplayer Proof replay took 6.5ns 
394212     WARN  main            d.u.i.k.n.ParsingFacade   /home/runner/work/key/key/key.core/../key.ui/examples/standard_key/java_dl/postConditionTaclets2.key took 0 ms to parse. 
394212     WARN  main            d.u.i.k.n.ParsingFacade   Parsing time 559 ms. 
394318     INFO  main            d.u.i.k.p.r.p.TestFile    ... finished proof: closed. 
394734     INFO  main            d.u.i.k.p.i.AbstractProblemLoader Loading environment from /home/runner/work/key/key/key.core/../key.ui/examples/standard_key/java_dl/postConditionTaclets2.key.proof 
394734     DEBUG main            d.u.i.k.p.i.AbstractProblemLoader Environment load took 80.3ns 
394735     WARN  main            d.u.i.k.n.ParsingFacade   /home/runner/work/key/key/key.core/../key.ui/examples/standard_key/java_dl/postConditionTaclets2.key.proof took 1 ms to parse. 
394735     WARN  main            d.u.i.k.n.ParsingFacade   Parsing time 560 ms. 
394735     INFO  main            d.u.i.k.p.i.AbstractProblemLoader Creating init config 
395459     WARN  main            d.u.i.k.n.ParsingFacade   file:/home/runner/work/key/key/key.core/build/resources/main/de/uka/ilkd/key/java/JavaRedux/java/lang/String.key took 1 ms to parse. 
395459     WARN  main            d.u.i.k.n.ParsingFacade   Parsing time 561 ms. 
396989     DEBUG main            d.u.i.k.p.i.AbstractProblemLoader Init config took 2.25s 
397002     INFO  main            d.u.i.k.p.i.AbstractProblemLoader Replaying proof postConditionTaclets2.key.proof 
397004     DEBUG main            d.u.i.k.p.i.IntermediateProofReplayer Proof replay took 576.01ns 
397005     WARN  main            d.u.i.k.n.ParsingFacade   /home/runner/work/key/key/key.core/../key.ui/examples/standard_key/java_dl/postConditionTaclets2.key.proof took 0 ms to parse. 
397005     WARN  main            d.u.i.k.n.ParsingFacade   Parsing time 561 ms. 
397005     DEBUG main            d.u.i.k.p.r.p.TestFile    ... success: reloaded. 
397006     INFO  main            d.u.i.k.p.r.p.TestFile    Now processing file /home/runner/work/key/key/key.core/../key.ui/examples/standard_key/java_dl/quantifiedQuery.key 
397006     INFO  main            d.u.i.k.p.i.AbstractProblemLoader Loading environment from /home/runner/work/key/key/key.core/../key.ui/examples/standard_key/java_dl/quantifiedQuery.key 
397006     DEBUG main            d.u.i.k.p.i.AbstractProblemLoader Environment load took 70.1ns 
397006     WARN  main            d.u.i.k.n.ParsingFacade   /home/runner/work/key/key/key.core/../key.ui/examples/standard_key/java_dl/quantifiedQuery.key took 0 ms to parse. 
397006     WARN  main            d.u.i.k.n.ParsingFacade   Parsing time 561 ms. 
397007     INFO  main            d.u.i.k.p.i.AbstractProblemLoader Creating init config 
397782     WARN  main            d.u.i.k.n.ParsingFacade   file:/home/runner/work/key/key/key.core/build/resources/main/de/uka/ilkd/key/java/JavaRedux/java/lang/String.key took 1 ms to parse. 
397782     WARN  main            d.u.i.k.n.ParsingFacade   Parsing time 562 ms. 
399332     DEBUG main            d.u.i.k.p.i.AbstractProblemLoader Init config took 2.32s 
399345     INFO  main            d.u.i.k.p.i.AbstractProblemLoader Replaying proof quantifiedQuery.key 
399347     DEBUG main            d.u.i.k.p.i.IntermediateProofReplayer Proof replay took 6.3ns 
399347     WARN  main            d.u.i.k.n.ParsingFacade   /home/runner/work/key/key/key.core/../key.ui/examples/standard_key/java_dl/quantifiedQuery.key took 0 ms to parse. 
399347     WARN  main            d.u.i.k.n.ParsingFacade   Parsing time 562 ms. 
399449     INFO  main            d.u.i.k.p.r.p.TestFile    ... finished proof: closed. 
399909     INFO  main            d.u.i.k.p.i.AbstractProblemLoader Loading environment from /home/runner/work/key/key/key.core/../key.ui/examples/standard_key/java_dl/quantifiedQuery.key.proof 
399909     DEBUG main            d.u.i.k.p.i.AbstractProblemLoader Environment load took 78.9ns 
399910     WARN  main            d.u.i.k.n.ParsingFacade   /home/runner/work/key/key/key.core/../key.ui/examples/standard_key/java_dl/quantifiedQuery.key.proof took 1 ms to parse. 
399910     WARN  main            d.u.i.k.n.ParsingFacade   Parsing time 563 ms. 
399911     INFO  main            d.u.i.k.p.i.AbstractProblemLoader Creating init config 
400689     WARN  main            d.u.i.k.n.ParsingFacade   file:/home/runner/work/key/key/key.core/build/resources/main/de/uka/ilkd/key/java/JavaRedux/java/lang/String.key took 1 ms to parse. 
400689     WARN  main            d.u.i.k.n.ParsingFacade   Parsing time 564 ms. 
402228     DEBUG main            d.u.i.k.p.i.AbstractProblemLoader Init config took 2.32s 
402242     INFO  main            d.u.i.k.p.i.AbstractProblemLoader Replaying proof quantifiedQuery.key.proof 
402255     DEBUG main            d.u.i.k.p.i.IntermediateProofReplayer Proof replay took 11.51ms 
402256     WARN  main            d.u.i.k.n.ParsingFacade   /home/runner/work/key/key/key.core/../key.ui/examples/standard_key/java_dl/quantifiedQuery.key.proof took 0 ms to parse. 
402256     WARN  main            d.u.i.k.n.ParsingFacade   Parsing time 564 ms. 
402256     DEBUG main            d.u.i.k.p.r.p.TestFile    ... success: reloaded. 
402258     INFO  main            d.u.i.k.p.r.p.TestFile    Now processing file /home/runner/work/key/key/key.core/../key.ui/examples/standard_key/java_dl/recursion/triangular.key 
402259     INFO  main            d.u.i.k.p.i.AbstractProblemLoader Loading environment from /home/runner/work/key/key/key.core/../key.ui/examples/standard_key/java_dl/recursion/triangular.key 
402259     DEBUG main            d.u.i.k.p.i.AbstractProblemLoader Environment load took 154.4ns 
402259     WARN  main            d.u.i.k.n.ParsingFacade   /home/runner/work/key/key/key.core/../key.ui/examples/standard_key/java_dl/recursion/triangular.key took 0 ms to parse. 
402259     WARN  main            d.u.i.k.n.ParsingFacade   Parsing time 564 ms. 
402260     INFO  main            d.u.i.k.p.i.AbstractProblemLoader Creating init config 
403035     WARN  main            d.u.i.k.n.ParsingFacade   file:/home/runner/work/key/key/key.core/build/resources/main/de/uka/ilkd/key/java/JavaRedux/java/lang/String.key took 1 ms to parse. 
403035     WARN  main            d.u.i.k.n.ParsingFacade   Parsing time 565 ms. 
404592     DEBUG main            d.u.i.k.p.i.AbstractProblemLoader Init config took 2.33s 
404624     INFO  main            d.u.i.k.p.i.AbstractProblemLoader Replaying proof Triangular[Triangular::tria(int)].JML normal_behavior operation contract.0 
404625     DEBUG main            d.u.i.k.p.i.IntermediateProofReplayer Proof replay took 6.1ns 
404626     WARN  main            d.u.i.k.n.ParsingFacade   /home/runner/work/key/key/key.core/../key.ui/examples/standard_key/java_dl/recursion/triangular.key took 0 ms to parse. 
404626     WARN  main            d.u.i.k.n.ParsingFacade   Parsing time 565 ms. 
404828     INFO  main            d.u.i.k.p.r.p.TestFile    ... finished proof: closed. 
405275     INFO  main            d.u.i.k.p.i.AbstractProblemLoader Loading environment from /home/runner/work/key/key/key.core/../key.ui/examples/standard_key/java_dl/recursion/triangular.key.proof 
405275     DEBUG main            d.u.i.k.p.i.AbstractProblemLoader Environment load took 88.6ns 
405276     WARN  main            d.u.i.k.n.ParsingFacade   /home/runner/work/key/key/key.core/../key.ui/examples/standard_key/java_dl/recursion/triangular.key.proof took 0 ms to parse. 
405276     WARN  main            d.u.i.k.n.ParsingFacade   Parsing time 565 ms. 
405276     INFO  main            d.u.i.k.p.i.AbstractProblemLoader Creating init config 
406038     WARN  main            d.u.i.k.n.ParsingFacade   file:/home/runner/work/key/key/key.core/build/resources/main/de/uka/ilkd/key/java/JavaRedux/java/lang/String.key took 1 ms to parse. 
406039     WARN  main            d.u.i.k.n.ParsingFacade   Parsing time 566 ms. 
407570     DEBUG main            d.u.i.k.p.i.AbstractProblemLoader Init config took 2.29s 
407606     INFO  main            d.u.i.k.p.i.AbstractProblemLoader Replaying proof Triangular[Triangular::tria(int)].JML normal_behavior operation contract.0 
407636     DEBUG main            d.u.i.k.p.i.IntermediateProofReplayer Proof replay took 28.61ms 
407637     WARN  main            d.u.i.k.n.ParsingFacade   /home/runner/work/key/key/key.core/../key.ui/examples/standard_key/java_dl/recursion/triangular.key.proof took 0 ms to parse. 
407637     WARN  main            d.u.i.k.n.ParsingFacade   Parsing time 566 ms. 
407637     DEBUG main            d.u.i.k.p.r.p.TestFile    ... success: reloaded. 
407638     INFO  main            d.u.i.k.p.r.p.TestFile    Now processing file /home/runner/work/key/key/key.core/../key.ui/examples/standard_key/java_dl/reverseArray.key 
407638     INFO  main            d.u.i.k.p.i.AbstractProblemLoader Loading environment from /home/runner/work/key/key/key.core/../key.ui/examples/standard_key/java_dl/reverseArray.key 
407638     DEBUG main            d.u.i.k.p.i.AbstractProblemLoader Environment load took 65ns 
407638     WARN  main            d.u.i.k.n.ParsingFacade   /home/runner/work/key/key/key.core/../key.ui/examples/standard_key/java_dl/reverseArray.key took 0 ms to parse. 
407638     WARN  main            d.u.i.k.n.ParsingFacade   Parsing time 566 ms. 
407639     INFO  main            d.u.i.k.p.i.AbstractProblemLoader Creating init config 
407659     WARN  main            d.u.i.k.j.r.KeYCrossReferenceNameInfo Datatype java.io.InputStream declared twice: Once in FILE:/home/runner/work/key/key/key.core/../key.ui/examples/standard_key/java_dl/./classpath/InputStream.java and once in URL:file:/home/runner/work/key/key/key.core/build/resources/main/de/uka/ilkd/key/java/JavaRedux/java/io/InputStream.java, Keeping one from URL:file:/home/runner/work/key/key/key.core/build/resources/main/de/uka/ilkd/key/java/JavaRedux/java/io/InputStream.java 
407659     WARN  main            d.u.i.k.j.r.KeYCrossReferenceNameInfo Datatype java.lang.System declared twice: Once in FILE:/home/runner/work/key/key/key.core/../key.ui/examples/standard_key/java_dl/./classpath/System.java and once in URL:file:/home/runner/work/key/key/key.core/build/resources/main/de/uka/ilkd/key/java/JavaRedux/java/lang/System.java, Keeping one from URL:file:/home/runner/work/key/key/key.core/build/resources/main/de/uka/ilkd/key/java/JavaRedux/java/lang/System.java 
407659     WARN  main            d.u.i.k.j.r.KeYCrossReferenceNameInfo Datatype java.io.PrintStream declared twice: Once in FILE:/home/runner/work/key/key/key.core/../key.ui/examples/standard_key/java_dl/./classpath/PrintStream.java and once in URL:file:/home/runner/work/key/key/key.core/build/resources/main/de/uka/ilkd/key/java/JavaRedux/java/io/PrintStream.java, Keeping one from URL:file:/home/runner/work/key/key/key.core/build/resources/main/de/uka/ilkd/key/java/JavaRedux/java/io/PrintStream.java 
407661     DEBUG main            d.u.i.k.j.r.ClassFileDeclarationBuilder Parsing: package java.io; public class Closeable { } 
407662     DEBUG main            r.s.KeYCrossReferenceSourceInfo Dynamically created class: java.io.Closeable 
408481     WARN  main            d.u.i.k.n.ParsingFacade   file:/home/runner/work/key/key/key.core/build/resources/main/de/uka/ilkd/key/java/JavaRedux/java/lang/String.key took 1 ms to parse. 
408481     WARN  main            d.u.i.k.n.ParsingFacade   Parsing time 567 ms. 
410081     DEBUG main            d.u.i.k.p.i.AbstractProblemLoader Init config took 2.44s 
410095     INFO  main            d.u.i.k.p.i.AbstractProblemLoader Replaying proof reverseArray.key 
410096     DEBUG main            d.u.i.k.p.i.IntermediateProofReplayer Proof replay took 6ns 
410097     WARN  main            d.u.i.k.n.ParsingFacade   /home/runner/work/key/key/key.core/../key.ui/examples/standard_key/java_dl/reverseArray.key took 0 ms to parse. 
410097     WARN  main            d.u.i.k.n.ParsingFacade   Parsing time 567 ms. 
414380     INFO  main            d.u.i.k.p.r.p.TestFile    ... finished proof: closed. 
414864     INFO  main            d.u.i.k.p.i.AbstractProblemLoader Loading environment from /home/runner/work/key/key/key.core/../key.ui/examples/standard_key/java_dl/reverseArray.key.proof 
414864     DEBUG main            d.u.i.k.p.i.AbstractProblemLoader Environment load took 149.1ns 
414865     WARN  main            d.u.i.k.n.ParsingFacade   /home/runner/work/key/key/key.core/../key.ui/examples/standard_key/java_dl/reverseArray.key.proof took 0 ms to parse. 
414865     WARN  main            d.u.i.k.n.ParsingFacade   Parsing time 567 ms. 
414866     INFO  main            d.u.i.k.p.i.AbstractProblemLoader Creating init config 
414886     WARN  main            d.u.i.k.j.r.KeYCrossReferenceNameInfo Datatype java.io.InputStream declared twice: Once in FILE:/home/runner/work/key/key/key.core/../key.ui/examples/standard_key/java_dl/classpath/InputStream.java and once in URL:file:/home/runner/work/key/key/key.core/build/resources/main/de/uka/ilkd/key/java/JavaRedux/java/io/InputStream.java, Keeping one from URL:file:/home/runner/work/key/key/key.core/build/resources/main/de/uka/ilkd/key/java/JavaRedux/java/io/InputStream.java 
414886     WARN  main            d.u.i.k.j.r.KeYCrossReferenceNameInfo Datatype java.lang.System declared twice: Once in FILE:/home/runner/work/key/key/key.core/../key.ui/examples/standard_key/java_dl/classpath/System.java and once in URL:file:/home/runner/work/key/key/key.core/build/resources/main/de/uka/ilkd/key/java/JavaRedux/java/lang/System.java, Keeping one from URL:file:/home/runner/work/key/key/key.core/build/resources/main/de/uka/ilkd/key/java/JavaRedux/java/lang/System.java 
414886     WARN  main            d.u.i.k.j.r.KeYCrossReferenceNameInfo Datatype java.io.PrintStream declared twice: Once in FILE:/home/runner/work/key/key/key.core/../key.ui/examples/standard_key/java_dl/classpath/PrintStream.java and once in URL:file:/home/runner/work/key/key/key.core/build/resources/main/de/uka/ilkd/key/java/JavaRedux/java/io/PrintStream.java, Keeping one from URL:file:/home/runner/work/key/key/key.core/build/resources/main/de/uka/ilkd/key/java/JavaRedux/java/io/PrintStream.java 
414889     DEBUG main            d.u.i.k.j.r.ClassFileDeclarationBuilder Parsing: package java.io; public class Closeable { } 
414889     DEBUG main            r.s.KeYCrossReferenceSourceInfo Dynamically created class: java.io.Closeable 
415676     WARN  main            d.u.i.k.n.ParsingFacade   file:/home/runner/work/key/key/key.core/build/resources/main/de/uka/ilkd/key/java/JavaRedux/java/lang/String.key took 1 ms to parse. 
415676     WARN  main            d.u.i.k.n.ParsingFacade   Parsing time 568 ms. 
417235     DEBUG main            d.u.i.k.p.i.AbstractProblemLoader Init config took 2.37s 
417249     INFO  main            d.u.i.k.p.i.AbstractProblemLoader Replaying proof reverseArray.key.proof 
417887     DEBUG main            d.u.i.k.p.i.IntermediateProofReplayer Proof replay took 625.79ms 
417889     WARN  main            d.u.i.k.n.ParsingFacade   /home/runner/work/key/key/key.core/../key.ui/examples/standard_key/java_dl/reverseArray.key.proof took 1 ms to parse. 
417889     WARN  main            d.u.i.k.n.ParsingFacade   Parsing time 569 ms. 
417890     DEBUG main            d.u.i.k.p.r.p.TestFile    ... success: reloaded. 
417890     INFO  main            d.u.i.k.p.r.p.TestFile    Now processing file /home/runner/work/key/key/key.core/../key.ui/examples/standard_key/java_dl/reverseArray2.key 
417891     INFO  main            d.u.i.k.p.i.AbstractProblemLoader Loading environment from /home/runner/work/key/key/key.core/../key.ui/examples/standard_key/java_dl/reverseArray2.key 
417891     DEBUG main            d.u.i.k.p.i.AbstractProblemLoader Environment load took 68.3ns 
417891     WARN  main            d.u.i.k.n.ParsingFacade   /home/runner/work/key/key/key.core/../key.ui/examples/standard_key/java_dl/reverseArray2.key took 0 ms to parse. 
417892     WARN  main            d.u.i.k.n.ParsingFacade   Parsing time 569 ms. 
417892     INFO  main            d.u.i.k.p.i.AbstractProblemLoader Creating init config 
417911     WARN  main            d.u.i.k.j.r.KeYCrossReferenceNameInfo Datatype java.io.InputStream declared twice: Once in FILE:/home/runner/work/key/key/key.core/../key.ui/examples/standard_key/java_dl/classpath/InputStream.java and once in URL:file:/home/runner/work/key/key/key.core/build/resources/main/de/uka/ilkd/key/java/JavaRedux/java/io/InputStream.java, Keeping one from URL:file:/home/runner/work/key/key/key.core/build/resources/main/de/uka/ilkd/key/java/JavaRedux/java/io/InputStream.java 
417912     WARN  main            d.u.i.k.j.r.KeYCrossReferenceNameInfo Datatype java.lang.System declared twice: Once in FILE:/home/runner/work/key/key/key.core/../key.ui/examples/standard_key/java_dl/classpath/System.java and once in URL:file:/home/runner/work/key/key/key.core/build/resources/main/de/uka/ilkd/key/java/JavaRedux/java/lang/System.java, Keeping one from URL:file:/home/runner/work/key/key/key.core/build/resources/main/de/uka/ilkd/key/java/JavaRedux/java/lang/System.java 
417912     WARN  main            d.u.i.k.j.r.KeYCrossReferenceNameInfo Datatype java.io.PrintStream declared twice: Once in FILE:/home/runner/work/key/key/key.core/../key.ui/examples/standard_key/java_dl/classpath/PrintStream.java and once in URL:file:/home/runner/work/key/key/key.core/build/resources/main/de/uka/ilkd/key/java/JavaRedux/java/io/PrintStream.java, Keeping one from URL:file:/home/runner/work/key/key/key.core/build/resources/main/de/uka/ilkd/key/java/JavaRedux/java/io/PrintStream.java 
417914     DEBUG main            d.u.i.k.j.r.ClassFileDeclarationBuilder Parsing: package java.io; public class Closeable { } 
417914     DEBUG main            r.s.KeYCrossReferenceSourceInfo Dynamically created class: java.io.Closeable 
418730     WARN  main            d.u.i.k.n.ParsingFacade   file:/home/runner/work/key/key/key.core/build/resources/main/de/uka/ilkd/key/java/JavaRedux/java/lang/String.key took 1 ms to parse. 
418730     WARN  main            d.u.i.k.n.ParsingFacade   Parsing time 570 ms. 
420344     DEBUG main            d.u.i.k.p.i.AbstractProblemLoader Init config took 2.45s 
420358     INFO  main            d.u.i.k.p.i.AbstractProblemLoader Replaying proof reverseArray2.key 
420360     DEBUG main            d.u.i.k.p.i.IntermediateProofReplayer Proof replay took 38.9ns 
420360     WARN  main            d.u.i.k.n.ParsingFacade   /home/runner/work/key/key/key.core/../key.ui/examples/standard_key/java_dl/reverseArray2.key took 0 ms to parse. 
420360     WARN  main            d.u.i.k.n.ParsingFacade   Parsing time 570 ms. 
421799     INFO  main            d.u.i.k.p.r.p.TestFile    ... finished proof: closed. 
422312     INFO  main            d.u.i.k.p.i.AbstractProblemLoader Loading environment from /home/runner/work/key/key/key.core/../key.ui/examples/standard_key/java_dl/reverseArray2.key.proof 
422312     DEBUG main            d.u.i.k.p.i.AbstractProblemLoader Environment load took 136.7ns 
422313     WARN  main            d.u.i.k.n.ParsingFacade   /home/runner/work/key/key/key.core/../key.ui/examples/standard_key/java_dl/reverseArray2.key.proof took 1 ms to parse. 
422313     WARN  main            d.u.i.k.n.ParsingFacade   Parsing time 571 ms. 
422313     INFO  main            d.u.i.k.p.i.AbstractProblemLoader Creating init config 
422336     WARN  main            d.u.i.k.j.r.KeYCrossReferenceNameInfo Datatype java.io.InputStream declared twice: Once in FILE:/home/runner/work/key/key/key.core/../key.ui/examples/standard_key/java_dl/classpath/InputStream.java and once in URL:file:/home/runner/work/key/key/key.core/build/resources/main/de/uka/ilkd/key/java/JavaRedux/java/io/InputStream.java, Keeping one from URL:file:/home/runner/work/key/key/key.core/build/resources/main/de/uka/ilkd/key/java/JavaRedux/java/io/InputStream.java 
422336     WARN  main            d.u.i.k.j.r.KeYCrossReferenceNameInfo Datatype java.lang.System declared twice: Once in FILE:/home/runner/work/key/key/key.core/../key.ui/examples/standard_key/java_dl/classpath/System.java and once in URL:file:/home/runner/work/key/key/key.core/build/resources/main/de/uka/ilkd/key/java/JavaRedux/java/lang/System.java, Keeping one from URL:file:/home/runner/work/key/key/key.core/build/resources/main/de/uka/ilkd/key/java/JavaRedux/java/lang/System.java 
422336     WARN  main            d.u.i.k.j.r.KeYCrossReferenceNameInfo Datatype java.io.PrintStream declared twice: Once in FILE:/home/runner/work/key/key/key.core/../key.ui/examples/standard_key/java_dl/classpath/PrintStream.java and once in URL:file:/home/runner/work/key/key/key.core/build/resources/main/de/uka/ilkd/key/java/JavaRedux/java/io/PrintStream.java, Keeping one from URL:file:/home/runner/work/key/key/key.core/build/resources/main/de/uka/ilkd/key/java/JavaRedux/java/io/PrintStream.java 
422340     DEBUG main            d.u.i.k.j.r.ClassFileDeclarationBuilder Parsing: package java.io; public class Closeable { } 
422340     DEBUG main            r.s.KeYCrossReferenceSourceInfo Dynamically created class: java.io.Closeable 
423128     WARN  main            d.u.i.k.n.ParsingFacade   file:/home/runner/work/key/key/key.core/build/resources/main/de/uka/ilkd/key/java/JavaRedux/java/lang/String.key took 1 ms to parse. 
423128     WARN  main            d.u.i.k.n.ParsingFacade   Parsing time 572 ms. 
424685     DEBUG main            d.u.i.k.p.i.AbstractProblemLoader Init config took 2.37s 
424700     INFO  main            d.u.i.k.p.i.AbstractProblemLoader Replaying proof reverseArray2.key.proof 
424912     DEBUG main            d.u.i.k.p.i.IntermediateProofReplayer Proof replay took 207.03ms 
424913     WARN  main            d.u.i.k.n.ParsingFacade   /home/runner/work/key/key/key.core/../key.ui/examples/standard_key/java_dl/reverseArray2.key.proof took 1 ms to parse. 
424913     WARN  main            d.u.i.k.n.ParsingFacade   Parsing time 573 ms. 
424913     DEBUG main            d.u.i.k.p.r.p.TestFile    ... success: reloaded. 
424914     INFO  main            d.u.i.k.p.r.p.TestFile    Now processing file /home/runner/work/key/key/key.core/../key.ui/examples/standard_key/java_dl/simpleAssignment.key 
424914     INFO  main            d.u.i.k.p.i.AbstractProblemLoader Loading environment from /home/runner/work/key/key/key.core/../key.ui/examples/standard_key/java_dl/simpleAssignment.key 
424914     DEBUG main            d.u.i.k.p.i.AbstractProblemLoader Environment load took 89.9ns 
424915     WARN  main            d.u.i.k.n.ParsingFacade   /home/runner/work/key/key/key.core/../key.ui/examples/standard_key/java_dl/simpleAssignment.key took 0 ms to parse. 
424915     WARN  main            d.u.i.k.n.ParsingFacade   Parsing time 573 ms. 
424915     INFO  main            d.u.i.k.p.i.AbstractProblemLoader Creating init config 
425653     WARN  main            d.u.i.k.n.ParsingFacade   file:/home/runner/work/key/key/key.core/build/resources/main/de/uka/ilkd/key/java/JavaRedux/java/lang/String.key took 1 ms to parse. 
425653     WARN  main            d.u.i.k.n.ParsingFacade   Parsing time 574 ms. 
427219     DEBUG main            d.u.i.k.p.i.AbstractProblemLoader Init config took 2.3s 
427232     INFO  main            d.u.i.k.p.i.AbstractProblemLoader Replaying proof simpleAssignment.key 
427234     DEBUG main            d.u.i.k.p.i.IntermediateProofReplayer Proof replay took 2.9ns 
427234     WARN  main            d.u.i.k.n.ParsingFacade   /home/runner/work/key/key/key.core/../key.ui/examples/standard_key/java_dl/simpleAssignment.key took 0 ms to parse. 
427234     WARN  main            d.u.i.k.n.ParsingFacade   Parsing time 574 ms. 
427335     INFO  main            d.u.i.k.p.r.p.TestFile    ... finished proof: closed. 
427816     INFO  main            d.u.i.k.p.i.AbstractProblemLoader Loading environment from /home/runner/work/key/key/key.core/../key.ui/examples/standard_key/java_dl/simpleAssignment.key.proof 
427816     DEBUG main            d.u.i.k.p.i.AbstractProblemLoader Environment load took 81.1ns 
427816     WARN  main            d.u.i.k.n.ParsingFacade   /home/runner/work/key/key/key.core/../key.ui/examples/standard_key/java_dl/simpleAssignment.key.proof took 0 ms to parse. 
427816     WARN  main            d.u.i.k.n.ParsingFacade   Parsing time 574 ms. 
427817     INFO  main            d.u.i.k.p.i.AbstractProblemLoader Creating init config 
428531     WARN  main            d.u.i.k.n.ParsingFacade   file:/home/runner/work/key/key/key.core/build/resources/main/de/uka/ilkd/key/java/JavaRedux/java/lang/String.key took 1 ms to parse. 
428532     WARN  main            d.u.i.k.n.ParsingFacade   Parsing time 575 ms. 
430066     DEBUG main            d.u.i.k.p.i.AbstractProblemLoader Init config took 2.25s 
430080     INFO  main            d.u.i.k.p.i.AbstractProblemLoader Replaying proof simpleAssignment.key.proof 
430082     DEBUG main            d.u.i.k.p.i.IntermediateProofReplayer Proof replay took 605.41ns 
430082     WARN  main            d.u.i.k.n.ParsingFacade   /home/runner/work/key/key/key.core/../key.ui/examples/standard_key/java_dl/simpleAssignment.key.proof took 0 ms to parse. 
430082     WARN  main            d.u.i.k.n.ParsingFacade   Parsing time 575 ms. 
430082     DEBUG main            d.u.i.k.p.r.p.TestFile    ... success: reloaded. 
430083     INFO  main            d.u.i.k.p.r.p.TestFile    Now processing file /home/runner/work/key/key/key.core/../key.ui/examples/standard_key/java_dl/simpleAssignment2.key 
430083     INFO  main            d.u.i.k.p.i.AbstractProblemLoader Loading environment from /home/runner/work/key/key/key.core/../key.ui/examples/standard_key/java_dl/simpleAssignment2.key 
430083     DEBUG main            d.u.i.k.p.i.AbstractProblemLoader Environment load took 83.5ns 
430083     WARN  main            d.u.i.k.n.ParsingFacade   /home/runner/work/key/key/key.core/../key.ui/examples/standard_key/java_dl/simpleAssignment2.key took 0 ms to parse. 
430083     WARN  main            d.u.i.k.n.ParsingFacade   Parsing time 575 ms. 
430084     INFO  main            d.u.i.k.p.i.AbstractProblemLoader Creating init config 
430808     WARN  main            d.u.i.k.n.ParsingFacade   file:/home/runner/work/key/key/key.core/build/resources/main/de/uka/ilkd/key/java/JavaRedux/java/lang/String.key took 1 ms to parse. 
430809     WARN  main            d.u.i.k.n.ParsingFacade   Parsing time 576 ms. 
432362     DEBUG main            d.u.i.k.p.i.AbstractProblemLoader Init config took 2.28s 
432375     INFO  main            d.u.i.k.p.i.AbstractProblemLoader Replaying proof simpleAssignment2.key 
432376     DEBUG main            d.u.i.k.p.i.IntermediateProofReplayer Proof replay took 2.9ns 
432376     WARN  main            d.u.i.k.n.ParsingFacade   /home/runner/work/key/key/key.core/../key.ui/examples/standard_key/java_dl/simpleAssignment2.key took 0 ms to parse. 
432376     WARN  main            d.u.i.k.n.ParsingFacade   Parsing time 576 ms. 
432477     INFO  main            d.u.i.k.p.r.p.TestFile    ... finished proof: closed. 
432930     INFO  main            d.u.i.k.p.i.AbstractProblemLoader Loading environment from /home/runner/work/key/key/key.core/../key.ui/examples/standard_key/java_dl/simpleAssignment2.key.proof 
432931     DEBUG main            d.u.i.k.p.i.AbstractProblemLoader Environment load took 83.1ns 
432931     WARN  main            d.u.i.k.n.ParsingFacade   /home/runner/work/key/key/key.core/../key.ui/examples/standard_key/java_dl/simpleAssignment2.key.proof took 0 ms to parse. 
432931     WARN  main            d.u.i.k.n.ParsingFacade   Parsing time 576 ms. 
432931     INFO  main            d.u.i.k.p.i.AbstractProblemLoader Creating init config 
433647     WARN  main            d.u.i.k.n.ParsingFacade   file:/home/runner/work/key/key/key.core/build/resources/main/de/uka/ilkd/key/java/JavaRedux/java/lang/String.key took 1 ms to parse. 
433647     WARN  main            d.u.i.k.n.ParsingFacade   Parsing time 577 ms. 
435177     DEBUG main            d.u.i.k.p.i.AbstractProblemLoader Init config took 2.25s 
435190     INFO  main            d.u.i.k.p.i.AbstractProblemLoader Replaying proof simpleAssignment2.key.proof 
435192     DEBUG main            d.u.i.k.p.i.IntermediateProofReplayer Proof replay took 368.11ns 
435192     WARN  main            d.u.i.k.n.ParsingFacade   /home/runner/work/key/key/key.core/../key.ui/examples/standard_key/java_dl/simpleAssignment2.key.proof took 0 ms to parse. 
435192     WARN  main            d.u.i.k.n.ParsingFacade   Parsing time 577 ms. 
435192     DEBUG main            d.u.i.k.p.r.p.TestFile    ... success: reloaded. 
435193     INFO  main            d.u.i.k.p.r.p.TestFile    Now processing file /home/runner/work/key/key/key.core/../key.ui/examples/standard_key/java_dl/splittingWithQueries.key 
435193     INFO  main            d.u.i.k.p.i.AbstractProblemLoader Loading environment from /home/runner/work/key/key/key.core/../key.ui/examples/standard_key/java_dl/splittingWithQueries.key 
435193     DEBUG main            d.u.i.k.p.i.AbstractProblemLoader Environment load took 47.8ns 
435193     WARN  main            d.u.i.k.n.ParsingFacade   /home/runner/work/key/key/key.core/../key.ui/examples/standard_key/java_dl/splittingWithQueries.key took 0 ms to parse. 
435193     WARN  main            d.u.i.k.n.ParsingFacade   Parsing time 577 ms. 
435194     INFO  main            d.u.i.k.p.i.AbstractProblemLoader Creating init config 
435971     WARN  main            d.u.i.k.n.ParsingFacade   file:/home/runner/work/key/key/key.core/build/resources/main/de/uka/ilkd/key/java/JavaRedux/java/lang/String.key took 1 ms to parse. 
435971     WARN  main            d.u.i.k.n.ParsingFacade   Parsing time 578 ms. 
437527     DEBUG main            d.u.i.k.p.i.AbstractProblemLoader Init config took 2.33s 
437540     INFO  main            d.u.i.k.p.i.AbstractProblemLoader Replaying proof splittingWithQueries.key 
437541     DEBUG main            d.u.i.k.p.i.IntermediateProofReplayer Proof replay took 3.8ns 
437541     WARN  main            d.u.i.k.n.ParsingFacade   /home/runner/work/key/key/key.core/../key.ui/examples/standard_key/java_dl/splittingWithQueries.key took 0 ms to parse. 
437541     WARN  main            d.u.i.k.n.ParsingFacade   Parsing time 578 ms. 
437643     INFO  main            d.u.i.k.p.r.p.TestFile    ... finished proof: closed. 
438106     INFO  main            d.u.i.k.p.i.AbstractProblemLoader Loading environment from /home/runner/work/key/key/key.core/../key.ui/examples/standard_key/java_dl/splittingWithQueries.key.proof 
438106     DEBUG main            d.u.i.k.p.i.AbstractProblemLoader Environment load took 79.2ns 
438107     WARN  main            d.u.i.k.n.ParsingFacade   /home/runner/work/key/key/key.core/../key.ui/examples/standard_key/java_dl/splittingWithQueries.key.proof took 1 ms to parse. 
438107     WARN  main            d.u.i.k.n.ParsingFacade   Parsing time 579 ms. 
438107     INFO  main            d.u.i.k.p.i.AbstractProblemLoader Creating init config 
438881     WARN  main            d.u.i.k.n.ParsingFacade   file:/home/runner/work/key/key/key.core/build/resources/main/de/uka/ilkd/key/java/JavaRedux/java/lang/String.key took 1 ms to parse. 
438881     WARN  main            d.u.i.k.n.ParsingFacade   Parsing time 580 ms. 
440417     DEBUG main            d.u.i.k.p.i.AbstractProblemLoader Init config took 2.31s 
440430     INFO  main            d.u.i.k.p.i.AbstractProblemLoader Replaying proof splittingWithQueries.key.proof 
440433     DEBUG main            d.u.i.k.p.i.IntermediateProofReplayer Proof replay took 1.47ms 
440433     WARN  main            d.u.i.k.n.ParsingFacade   /home/runner/work/key/key/key.core/../key.ui/examples/standard_key/java_dl/splittingWithQueries.key.proof took 0 ms to parse. 
440434     WARN  main            d.u.i.k.n.ParsingFacade   Parsing time 580 ms. 
440434     DEBUG main            d.u.i.k.p.r.p.TestFile    ... success: reloaded. 
440435     INFO  main            d.u.i.k.p.r.p.TestFile    Now processing file /home/runner/work/key/key/key.core/../key.ui/examples/standard_key/java_dl/strassen/strassen.key 
440435     INFO  main            d.u.i.k.p.i.AbstractProblemLoader Loading environment from /home/runner/work/key/key/key.core/../key.ui/examples/standard_key/java_dl/strassen/strassen.key 
440435     DEBUG main            d.u.i.k.p.i.AbstractProblemLoader Environment load took 143.6ns 
440435     WARN  main            d.u.i.k.n.ParsingFacade   /home/runner/work/key/key/key.core/../key.ui/examples/standard_key/java_dl/strassen/strassen.key took 0 ms to parse. 
440436     WARN  main            d.u.i.k.n.ParsingFacade   Parsing time 580 ms. 
440436     INFO  main            d.u.i.k.p.i.AbstractProblemLoader Creating init config 
441250     WARN  main            d.u.i.k.n.ParsingFacade   file:/home/runner/work/key/key/key.core/build/resources/main/de/uka/ilkd/key/java/JavaRedux/java/lang/String.key took 1 ms to parse. 
441250     WARN  main            d.u.i.k.n.ParsingFacade   Parsing time 581 ms. 
442854     DEBUG main            d.u.i.k.p.i.AbstractProblemLoader Init config took 2.42s 
442888     INFO  main            d.u.i.k.p.i.AbstractProblemLoader Replaying proof Matrix22[Matrix22::strassen(Matrix22,Matrix22)].JML normal_behavior operation contract.0 
442889     DEBUG main            d.u.i.k.p.i.IntermediateProofReplayer Proof replay took 3.3ns 
442890     WARN  main            d.u.i.k.n.ParsingFacade   /home/runner/work/key/key/key.core/../key.ui/examples/standard_key/java_dl/strassen/strassen.key took 0 ms to parse. 
442890     WARN  main            d.u.i.k.n.ParsingFacade   Parsing time 581 ms. 
447700     INFO  main            d.u.i.k.p.r.p.TestFile    ... finished proof: closed. 
448306     INFO  main            d.u.i.k.p.i.AbstractProblemLoader Loading environment from /home/runner/work/key/key/key.core/../key.ui/examples/standard_key/java_dl/strassen/strassen.key.proof 
448306     DEBUG main            d.u.i.k.p.i.AbstractProblemLoader Environment load took 339.91ns 
448307     WARN  main            d.u.i.k.n.ParsingFacade   /home/runner/work/key/key/key.core/../key.ui/examples/standard_key/java_dl/strassen/strassen.key.proof took 0 ms to parse. 
448307     WARN  main            d.u.i.k.n.ParsingFacade   Parsing time 581 ms. 
448308     INFO  main            d.u.i.k.p.i.AbstractProblemLoader Creating init config 
449130     WARN  main            d.u.i.k.n.ParsingFacade   file:/home/runner/work/key/key/key.core/build/resources/main/de/uka/ilkd/key/java/JavaRedux/java/lang/String.key took 1 ms to parse. 
449130     WARN  main            d.u.i.k.n.ParsingFacade   Parsing time 582 ms. 
450697     DEBUG main            d.u.i.k.p.i.AbstractProblemLoader Init config took 2.39s 
450731     INFO  main            d.u.i.k.p.i.AbstractProblemLoader Replaying proof Matrix22[Matrix22::strassen(Matrix22,Matrix22)].JML normal_behavior operation contract.0 
451414     DEBUG main            d.u.i.k.p.i.IntermediateProofReplayer Proof replay took 672.24ms 
451415     WARN  main            d.u.i.k.n.ParsingFacade   /home/runner/work/key/key/key.core/../key.ui/examples/standard_key/java_dl/strassen/strassen.key.proof took 0 ms to parse. 
451415     WARN  main            d.u.i.k.n.ParsingFacade   Parsing time 582 ms. 
451416     DEBUG main            d.u.i.k.p.r.p.TestFile    ... success: reloaded. 
451417     INFO  main            d.u.i.k.p.r.p.TestFile    Now processing file /home/runner/work/key/key/key.core/../key.ui/examples/standard_key/java_dl/symmArray.key 
451417     INFO  main            d.u.i.k.p.i.AbstractProblemLoader Loading environment from /home/runner/work/key/key/key.core/../key.ui/examples/standard_key/java_dl/symmArray.key 
451417     DEBUG main            d.u.i.k.p.i.AbstractProblemLoader Environment load took 144.9ns 
451418     WARN  main            d.u.i.k.n.ParsingFacade   /home/runner/work/key/key/key.core/../key.ui/examples/standard_key/java_dl/symmArray.key took 1 ms to parse. 
451418     WARN  main            d.u.i.k.n.ParsingFacade   Parsing time 583 ms. 
451418     INFO  main            d.u.i.k.p.i.AbstractProblemLoader Creating init config 
452246     WARN  main            d.u.i.k.n.ParsingFacade   file:/home/runner/work/key/key/key.core/build/resources/main/de/uka/ilkd/key/java/JavaRedux/java/lang/String.key took 1 ms to parse. 
452246     WARN  main            d.u.i.k.n.ParsingFacade   Parsing time 584 ms. 
453862     DEBUG main            d.u.i.k.p.i.AbstractProblemLoader Init config took 2.44s 
453877     INFO  main            d.u.i.k.p.i.AbstractProblemLoader Replaying proof symmArray.key 
453878     DEBUG main            d.u.i.k.p.i.IntermediateProofReplayer Proof replay took 4.4ns 
453879     WARN  main            d.u.i.k.n.ParsingFacade   /home/runner/work/key/key/key.core/../key.ui/examples/standard_key/java_dl/symmArray.key took 0 ms to parse. 
453879     WARN  main            d.u.i.k.n.ParsingFacade   Parsing time 584 ms. 
549534     INFO  main            d.u.i.k.p.r.p.TestFile    ... finished proof: closed. 
550125     INFO  main            d.u.i.k.p.i.AbstractProblemLoader Loading environment from /home/runner/work/key/key/key.core/../key.ui/examples/standard_key/java_dl/symmArray.key.proof 
550125     DEBUG main            d.u.i.k.p.i.AbstractProblemLoader Environment load took 256.81ns 
550130     WARN  main            d.u.i.k.n.ParsingFacade   /home/runner/work/key/key/key.core/../key.ui/examples/standard_key/java_dl/symmArray.key.proof took 1 ms to parse. 
550130     WARN  main            d.u.i.k.n.ParsingFacade   Parsing time 585 ms. 
550130     INFO  main            d.u.i.k.p.i.AbstractProblemLoader Creating init config 
550922     WARN  main            d.u.i.k.n.ParsingFacade   file:/home/runner/work/key/key/key.core/build/resources/main/de/uka/ilkd/key/java/JavaRedux/java/lang/String.key took 1 ms to parse. 
550923     WARN  main            d.u.i.k.n.ParsingFacade   Parsing time 586 ms. 
552496     DEBUG main            d.u.i.k.p.i.AbstractProblemLoader Init config took 2.37s 
552511     INFO  main            d.u.i.k.p.i.AbstractProblemLoader Replaying proof symmArray.key.proof 
553554     DEBUG main            d.u.i.k.p.i.IntermediateProofReplayer Proof replay took 985.05ms 
553559     WARN  main            d.u.i.k.n.ParsingFacade   /home/runner/work/key/key/key.core/../key.ui/examples/standard_key/java_dl/symmArray.key.proof took 1 ms to parse. 
553559     WARN  main            d.u.i.k.n.ParsingFacade   Parsing time 587 ms. 
553559     DEBUG main            d.u.i.k.p.r.p.TestFile    ... success: reloaded. 
553560     INFO  main            d.u.i.k.p.r.p.TestFile    Now processing file /home/runner/work/key/key/key.core/../key.ui/examples/standard_key/java_dl/testcontext.key 
553560     INFO  main            d.u.i.k.p.i.AbstractProblemLoader Loading environment from /home/runner/work/key/key/key.core/../key.ui/examples/standard_key/java_dl/testcontext.key 
553560     DEBUG main            d.u.i.k.p.i.AbstractProblemLoader Environment load took 72.5ns 
553560     WARN  main            d.u.i.k.n.ParsingFacade   /home/runner/work/key/key/key.core/../key.ui/examples/standard_key/java_dl/testcontext.key took 0 ms to parse. 
553560     WARN  main            d.u.i.k.n.ParsingFacade   Parsing time 587 ms. 
553561     INFO  main            d.u.i.k.p.i.AbstractProblemLoader Creating init config 
553580     WARN  main            d.u.i.k.j.r.KeYCrossReferenceNameInfo Datatype java.io.InputStream declared twice: Once in FILE:/home/runner/work/key/key/key.core/../key.ui/examples/standard_key/java_dl/classpath/InputStream.java and once in URL:file:/home/runner/work/key/key/key.core/build/resources/main/de/uka/ilkd/key/java/JavaRedux/java/io/InputStream.java, Keeping one from URL:file:/home/runner/work/key/key/key.core/build/resources/main/de/uka/ilkd/key/java/JavaRedux/java/io/InputStream.java 
553580     WARN  main            d.u.i.k.j.r.KeYCrossReferenceNameInfo Datatype java.lang.System declared twice: Once in FILE:/home/runner/work/key/key/key.core/../key.ui/examples/standard_key/java_dl/classpath/System.java and once in URL:file:/home/runner/work/key/key/key.core/build/resources/main/de/uka/ilkd/key/java/JavaRedux/java/lang/System.java, Keeping one from URL:file:/home/runner/work/key/key/key.core/build/resources/main/de/uka/ilkd/key/java/JavaRedux/java/lang/System.java 
553580     WARN  main            d.u.i.k.j.r.KeYCrossReferenceNameInfo Datatype java.io.PrintStream declared twice: Once in FILE:/home/runner/work/key/key/key.core/../key.ui/examples/standard_key/java_dl/classpath/PrintStream.java and once in URL:file:/home/runner/work/key/key/key.core/build/resources/main/de/uka/ilkd/key/java/JavaRedux/java/io/PrintStream.java, Keeping one from URL:file:/home/runner/work/key/key/key.core/build/resources/main/de/uka/ilkd/key/java/JavaRedux/java/io/PrintStream.java 
553583     DEBUG main            d.u.i.k.j.r.ClassFileDeclarationBuilder Parsing: package java.io; public class Closeable { } 
553583     DEBUG main            r.s.KeYCrossReferenceSourceInfo Dynamically created class: java.io.Closeable 
554394     WARN  main            d.u.i.k.n.ParsingFacade   file:/home/runner/work/key/key/key.core/build/resources/main/de/uka/ilkd/key/java/JavaRedux/java/lang/String.key took 1 ms to parse. 
554394     WARN  main            d.u.i.k.n.ParsingFacade   Parsing time 588 ms. 
556056     DEBUG main            d.u.i.k.p.i.AbstractProblemLoader Init config took 2.49s 
556069     INFO  main            d.u.i.k.p.i.AbstractProblemLoader Replaying proof testcontext.key 
556071     DEBUG main            d.u.i.k.p.i.IntermediateProofReplayer Proof replay took 2.7ns 
556071     WARN  main            d.u.i.k.n.ParsingFacade   /home/runner/work/key/key/key.core/../key.ui/examples/standard_key/java_dl/testcontext.key took 0 ms to parse. 
556071     WARN  main            d.u.i.k.n.ParsingFacade   Parsing time 588 ms. 
556373     INFO  main            d.u.i.k.p.r.p.TestFile    ... finished proof: closed. 
556984     INFO  main            d.u.i.k.p.i.AbstractProblemLoader Loading environment from /home/runner/work/key/key/key.core/../key.ui/examples/standard_key/java_dl/testcontext.key.proof 
556984     DEBUG main            d.u.i.k.p.i.AbstractProblemLoader Environment load took 88.2ns 
556985     WARN  main            d.u.i.k.n.ParsingFacade   /home/runner/work/key/key/key.core/../key.ui/examples/standard_key/java_dl/testcontext.key.proof took 0 ms to parse. 
556985     WARN  main            d.u.i.k.n.ParsingFacade   Parsing time 588 ms. 
556986     INFO  main            d.u.i.k.p.i.AbstractProblemLoader Creating init config 
557005     WARN  main            d.u.i.k.j.r.KeYCrossReferenceNameInfo Datatype java.io.InputStream declared twice: Once in FILE:/home/runner/work/key/key/key.core/../key.ui/examples/standard_key/java_dl/classpath/InputStream.java and once in URL:file:/home/runner/work/key/key/key.core/build/resources/main/de/uka/ilkd/key/java/JavaRedux/java/io/InputStream.java, Keeping one from URL:file:/home/runner/work/key/key/key.core/build/resources/main/de/uka/ilkd/key/java/JavaRedux/java/io/InputStream.java 
557005     WARN  main            d.u.i.k.j.r.KeYCrossReferenceNameInfo Datatype java.lang.System declared twice: Once in FILE:/home/runner/work/key/key/key.core/../key.ui/examples/standard_key/java_dl/classpath/System.java and once in URL:file:/home/runner/work/key/key/key.core/build/resources/main/de/uka/ilkd/key/java/JavaRedux/java/lang/System.java, Keeping one from URL:file:/home/runner/work/key/key/key.core/build/resources/main/de/uka/ilkd/key/java/JavaRedux/java/lang/System.java 
557005     WARN  main            d.u.i.k.j.r.KeYCrossReferenceNameInfo Datatype java.io.PrintStream declared twice: Once in FILE:/home/runner/work/key/key/key.core/../key.ui/examples/standard_key/java_dl/classpath/PrintStream.java and once in URL:file:/home/runner/work/key/key/key.core/build/resources/main/de/uka/ilkd/key/java/JavaRedux/java/io/PrintStream.java, Keeping one from URL:file:/home/runner/work/key/key/key.core/build/resources/main/de/uka/ilkd/key/java/JavaRedux/java/io/PrintStream.java 
557008     DEBUG main            d.u.i.k.j.r.ClassFileDeclarationBuilder Parsing: package java.io; public class Closeable { } 
557008     DEBUG main            r.s.KeYCrossReferenceSourceInfo Dynamically created class: java.io.Closeable 
557768     WARN  main            d.u.i.k.n.ParsingFacade   file:/home/runner/work/key/key/key.core/build/resources/main/de/uka/ilkd/key/java/JavaRedux/java/lang/String.key took 1 ms to parse. 
557769     WARN  main            d.u.i.k.n.ParsingFacade   Parsing time 589 ms. 
559360     DEBUG main            d.u.i.k.p.i.AbstractProblemLoader Init config took 2.37s 
559373     INFO  main            d.u.i.k.p.i.AbstractProblemLoader Replaying proof testcontext.key.proof 
559426     DEBUG main            d.u.i.k.p.i.IntermediateProofReplayer Proof replay took 50.66ms 
559427     WARN  main            d.u.i.k.n.ParsingFacade   /home/runner/work/key/key/key.core/../key.ui/examples/standard_key/java_dl/testcontext.key.proof took 0 ms to parse. 
559427     WARN  main            d.u.i.k.n.ParsingFacade   Parsing time 589 ms. 
559427     DEBUG main            d.u.i.k.p.r.p.TestFile    ... success: reloaded. 
559428     INFO  main            d.u.i.k.p.r.p.TestFile    Now processing file /home/runner/work/key/key/key.core/../key.ui/examples/standard_key/staticInitialisation/cascadeStaticInitialisation.key 
559428     INFO  main            d.u.i.k.p.i.AbstractProblemLoader Loading environment from /home/runner/work/key/key/key.core/../key.ui/examples/standard_key/staticInitialisation/cascadeStaticInitialisation.key 
559428     DEBUG main            d.u.i.k.p.i.AbstractProblemLoader Environment load took 68ns 
559428     WARN  main            d.u.i.k.n.ParsingFacade   /home/runner/work/key/key/key.core/../key.ui/examples/standard_key/staticInitialisation/cascadeStaticInitialisation.key took 0 ms to parse. 
559429     WARN  main            d.u.i.k.n.ParsingFacade   Parsing time 589 ms. 
559429     INFO  main            d.u.i.k.p.i.AbstractProblemLoader Creating init config 
559447     WARN  main            d.u.i.k.j.r.KeYCrossReferenceNameInfo Datatype java.lang.System declared twice: Once in FILE:/home/runner/work/key/key/key.core/../key.ui/examples/standard_key/staticInitialisation/classpath/System.java and once in URL:file:/home/runner/work/key/key/key.core/build/resources/main/de/uka/ilkd/key/java/JavaRedux/java/lang/System.java, Keeping one from URL:file:/home/runner/work/key/key/key.core/build/resources/main/de/uka/ilkd/key/java/JavaRedux/java/lang/System.java 
559447     WARN  main            d.u.i.k.j.r.KeYCrossReferenceNameInfo Datatype java.io.PrintStream declared twice: Once in FILE:/home/runner/work/key/key/key.core/../key.ui/examples/standard_key/staticInitialisation/classpath/PrintStream.java and once in URL:file:/home/runner/work/key/key/key.core/build/resources/main/de/uka/ilkd/key/java/JavaRedux/java/io/PrintStream.java, Keeping one from URL:file:/home/runner/work/key/key/key.core/build/resources/main/de/uka/ilkd/key/java/JavaRedux/java/io/PrintStream.java 
560230     WARN  main            d.u.i.k.n.ParsingFacade   file:/home/runner/work/key/key/key.core/build/resources/main/de/uka/ilkd/key/java/JavaRedux/java/lang/String.key took 1 ms to parse. 
560230     WARN  main            d.u.i.k.n.ParsingFacade   Parsing time 590 ms. 
561773     DEBUG main            d.u.i.k.p.i.AbstractProblemLoader Init config took 2.34s 
561787     INFO  main            d.u.i.k.p.i.AbstractProblemLoader Replaying proof cascadeStaticInitialisation.key 
561788     DEBUG main            d.u.i.k.p.i.IntermediateProofReplayer Proof replay took 3.2ns 
561788     WARN  main            d.u.i.k.n.ParsingFacade   /home/runner/work/key/key/key.core/../key.ui/examples/standard_key/staticInitialisation/cascadeStaticInitialisation.key took 0 ms to parse. 
561788     WARN  main            d.u.i.k.n.ParsingFacade   Parsing time 590 ms. 
562491     INFO  main            d.u.i.k.p.r.p.TestFile    ... finished proof: closed. 
563014     INFO  main            d.u.i.k.p.i.AbstractProblemLoader Loading environment from /home/runner/work/key/key/key.core/../key.ui/examples/standard_key/staticInitialisation/cascadeStaticInitialisation.key.proof 
563014     DEBUG main            d.u.i.k.p.i.AbstractProblemLoader Environment load took 91.5ns 
563015     WARN  main            d.u.i.k.n.ParsingFacade   /home/runner/work/key/key/key.core/../key.ui/examples/standard_key/staticInitialisation/cascadeStaticInitialisation.key.proof took 1 ms to parse. 
563015     WARN  main            d.u.i.k.n.ParsingFacade   Parsing time 591 ms. 
563015     INFO  main            d.u.i.k.p.i.AbstractProblemLoader Creating init config 
563034     WARN  main            d.u.i.k.j.r.KeYCrossReferenceNameInfo Datatype java.lang.System declared twice: Once in FILE:/home/runner/work/key/key/key.core/../key.ui/examples/standard_key/staticInitialisation/classpath/System.java and once in URL:file:/home/runner/work/key/key/key.core/build/resources/main/de/uka/ilkd/key/java/JavaRedux/java/lang/System.java, Keeping one from URL:file:/home/runner/work/key/key/key.core/build/resources/main/de/uka/ilkd/key/java/JavaRedux/java/lang/System.java 
563034     WARN  main            d.u.i.k.j.r.KeYCrossReferenceNameInfo Datatype java.io.PrintStream declared twice: Once in FILE:/home/runner/work/key/key/key.core/../key.ui/examples/standard_key/staticInitialisation/classpath/PrintStream.java and once in URL:file:/home/runner/work/key/key/key.core/build/resources/main/de/uka/ilkd/key/java/JavaRedux/java/io/PrintStream.java, Keeping one from URL:file:/home/runner/work/key/key/key.core/build/resources/main/de/uka/ilkd/key/java/JavaRedux/java/io/PrintStream.java 
563805     WARN  main            d.u.i.k.n.ParsingFacade   file:/home/runner/work/key/key/key.core/build/resources/main/de/uka/ilkd/key/java/JavaRedux/java/lang/String.key took 1 ms to parse. 
563805     WARN  main            d.u.i.k.n.ParsingFacade   Parsing time 592 ms. 
565324     DEBUG main            d.u.i.k.p.i.AbstractProblemLoader Init config took 2.31s 
565337     INFO  main            d.u.i.k.p.i.AbstractProblemLoader Replaying proof cascadeStaticInitialisation.key.proof 
565470     DEBUG main            d.u.i.k.p.i.IntermediateProofReplayer Proof replay took 130.28ms 
565471     WARN  main            d.u.i.k.n.ParsingFacade   /home/runner/work/key/key/key.core/../key.ui/examples/standard_key/staticInitialisation/cascadeStaticInitialisation.key.proof took 0 ms to parse. 
565471     WARN  main            d.u.i.k.n.ParsingFacade   Parsing time 592 ms. 
565472     DEBUG main            d.u.i.k.p.r.p.TestFile    ... success: reloaded. 
565472     INFO  main            d.u.i.k.p.r.p.TestFile    Now processing file /home/runner/work/key/key/key.core/../key.ui/examples/standard_key/staticInitialisation/erroneousClassImpliesErroneousSubclass.key 
565472     INFO  main            d.u.i.k.p.i.AbstractProblemLoader Loading environment from /home/runner/work/key/key/key.core/../key.ui/examples/standard_key/staticInitialisation/erroneousClassImpliesErroneousSubclass.key 
565472     DEBUG main            d.u.i.k.p.i.AbstractProblemLoader Environment load took 80.1ns 
565473     WARN  main            d.u.i.k.n.ParsingFacade   /home/runner/work/key/key/key.core/../key.ui/examples/standard_key/staticInitialisation/erroneousClassImpliesErroneousSubclass.key took 0 ms to parse. 
565473     WARN  main            d.u.i.k.n.ParsingFacade   Parsing time 592 ms. 
565473     INFO  main            d.u.i.k.p.i.AbstractProblemLoader Creating init config 
565492     WARN  main            d.u.i.k.j.r.KeYCrossReferenceNameInfo Datatype java.lang.System declared twice: Once in FILE:/home/runner/work/key/key/key.core/../key.ui/examples/standard_key/staticInitialisation/classpath/System.java and once in URL:file:/home/runner/work/key/key/key.core/build/resources/main/de/uka/ilkd/key/java/JavaRedux/java/lang/System.java, Keeping one from URL:file:/home/runner/work/key/key/key.core/build/resources/main/de/uka/ilkd/key/java/JavaRedux/java/lang/System.java 
565492     WARN  main            d.u.i.k.j.r.KeYCrossReferenceNameInfo Datatype java.io.PrintStream declared twice: Once in FILE:/home/runner/work/key/key/key.core/../key.ui/examples/standard_key/staticInitialisation/classpath/PrintStream.java and once in URL:file:/home/runner/work/key/key/key.core/build/resources/main/de/uka/ilkd/key/java/JavaRedux/java/io/PrintStream.java, Keeping one from URL:file:/home/runner/work/key/key/key.core/build/resources/main/de/uka/ilkd/key/java/JavaRedux/java/io/PrintStream.java 
566270     WARN  main            d.u.i.k.n.ParsingFacade   file:/home/runner/work/key/key/key.core/build/resources/main/de/uka/ilkd/key/java/JavaRedux/java/lang/String.key took 1 ms to parse. 
566270     WARN  main            d.u.i.k.n.ParsingFacade   Parsing time 593 ms. 
567810     DEBUG main            d.u.i.k.p.i.AbstractProblemLoader Init config took 2.34s 
567822     INFO  main            d.u.i.k.p.i.AbstractProblemLoader Replaying proof erroneousClassImpliesErroneousSubclass.key 
567823     DEBUG main            d.u.i.k.p.i.IntermediateProofReplayer Proof replay took 3ns 
567823     WARN  main            d.u.i.k.n.ParsingFacade   /home/runner/work/key/key/key.core/../key.ui/examples/standard_key/staticInitialisation/erroneousClassImpliesErroneousSubclass.key took 0 ms to parse. 
567823     WARN  main            d.u.i.k.n.ParsingFacade   Parsing time 593 ms. 
567924     INFO  main            d.u.i.k.p.r.p.TestFile    ... finished proof: closed. 
568444     INFO  main            d.u.i.k.p.i.AbstractProblemLoader Loading environment from /home/runner/work/key/key/key.core/../key.ui/examples/standard_key/staticInitialisation/erroneousClassImpliesErroneousSubclass.key.proof 
568444     DEBUG main            d.u.i.k.p.i.AbstractProblemLoader Environment load took 89.8ns 
568444     WARN  main            d.u.i.k.n.ParsingFacade   /home/runner/work/key/key/key.core/../key.ui/examples/standard_key/staticInitialisation/erroneousClassImpliesErroneousSubclass.key.proof took 0 ms to parse. 
568445     WARN  main            d.u.i.k.n.ParsingFacade   Parsing time 593 ms. 
568445     INFO  main            d.u.i.k.p.i.AbstractProblemLoader Creating init config 
568464     WARN  main            d.u.i.k.j.r.KeYCrossReferenceNameInfo Datatype java.lang.System declared twice: Once in FILE:/home/runner/work/key/key/key.core/../key.ui/examples/standard_key/staticInitialisation/classpath/System.java and once in URL:file:/home/runner/work/key/key/key.core/build/resources/main/de/uka/ilkd/key/java/JavaRedux/java/lang/System.java, Keeping one from URL:file:/home/runner/work/key/key/key.core/build/resources/main/de/uka/ilkd/key/java/JavaRedux/java/lang/System.java 
568464     WARN  main            d.u.i.k.j.r.KeYCrossReferenceNameInfo Datatype java.io.PrintStream declared twice: Once in FILE:/home/runner/work/key/key/key.core/../key.ui/examples/standard_key/staticInitialisation/classpath/PrintStream.java and once in URL:file:/home/runner/work/key/key/key.core/build/resources/main/de/uka/ilkd/key/java/JavaRedux/java/io/PrintStream.java, Keeping one from URL:file:/home/runner/work/key/key/key.core/build/resources/main/de/uka/ilkd/key/java/JavaRedux/java/io/PrintStream.java 
569234     WARN  main            d.u.i.k.n.ParsingFacade   file:/home/runner/work/key/key/key.core/build/resources/main/de/uka/ilkd/key/java/JavaRedux/java/lang/String.key took 2 ms to parse. 
569234     WARN  main            d.u.i.k.n.ParsingFacade   Parsing time 595 ms. 
570826     DEBUG main            d.u.i.k.p.i.AbstractProblemLoader Init config took 2.38s 
570839     INFO  main            d.u.i.k.p.i.AbstractProblemLoader Replaying proof erroneousClassImpliesErroneousSubclass.key.proof 
570840     DEBUG main            d.u.i.k.p.i.IntermediateProofReplayer Proof replay took 461.11ns 
570841     WARN  main            d.u.i.k.n.ParsingFacade   /home/runner/work/key/key/key.core/../key.ui/examples/standard_key/staticInitialisation/erroneousClassImpliesErroneousSubclass.key.proof took 1 ms to parse. 
570841     WARN  main            d.u.i.k.n.ParsingFacade   Parsing time 596 ms. 
570841     DEBUG main            d.u.i.k.p.r.p.TestFile    ... success: reloaded. 
570842     INFO  main            d.u.i.k.p.r.p.TestFile    Now processing file /home/runner/work/key/key/key.core/../key.ui/examples/standard_key/staticInitialisation/initializedSubclassImpliesInitializedSuperclass.key 
570842     INFO  main            d.u.i.k.p.i.AbstractProblemLoader Loading environment from /home/runner/work/key/key/key.core/../key.ui/examples/standard_key/staticInitialisation/initializedSubclassImpliesInitializedSuperclass.key 
570842     DEBUG main            d.u.i.k.p.i.AbstractProblemLoader Environment load took 54.2ns 
570842     WARN  main            d.u.i.k.n.ParsingFacade   /home/runner/work/key/key/key.core/../key.ui/examples/standard_key/staticInitialisation/initializedSubclassImpliesInitializedSuperclass.key took 0 ms to parse. 
570842     WARN  main            d.u.i.k.n.ParsingFacade   Parsing time 596 ms. 
570843     INFO  main            d.u.i.k.p.i.AbstractProblemLoader Creating init config 
570861     WARN  main            d.u.i.k.j.r.KeYCrossReferenceNameInfo Datatype java.lang.System declared twice: Once in FILE:/home/runner/work/key/key/key.core/../key.ui/examples/standard_key/staticInitialisation/classpath/System.java and once in URL:file:/home/runner/work/key/key/key.core/build/resources/main/de/uka/ilkd/key/java/JavaRedux/java/lang/System.java, Keeping one from URL:file:/home/runner/work/key/key/key.core/build/resources/main/de/uka/ilkd/key/java/JavaRedux/java/lang/System.java 
570861     WARN  main            d.u.i.k.j.r.KeYCrossReferenceNameInfo Datatype java.io.PrintStream declared twice: Once in FILE:/home/runner/work/key/key/key.core/../key.ui/examples/standard_key/staticInitialisation/classpath/PrintStream.java and once in URL:file:/home/runner/work/key/key/key.core/build/resources/main/de/uka/ilkd/key/java/JavaRedux/java/io/PrintStream.java, Keeping one from URL:file:/home/runner/work/key/key/key.core/build/resources/main/de/uka/ilkd/key/java/JavaRedux/java/io/PrintStream.java 
571642     WARN  main            d.u.i.k.n.ParsingFacade   file:/home/runner/work/key/key/key.core/build/resources/main/de/uka/ilkd/key/java/JavaRedux/java/lang/String.key took 2 ms to parse. 
571642     WARN  main            d.u.i.k.n.ParsingFacade   Parsing time 598 ms. 
573179     DEBUG main            d.u.i.k.p.i.AbstractProblemLoader Init config took 2.34s 
573191     INFO  main            d.u.i.k.p.i.AbstractProblemLoader Replaying proof initializedSubclassImpliesInitializedSuperclass.key 
573192     DEBUG main            d.u.i.k.p.i.IntermediateProofReplayer Proof replay took 3.6ns 
573192     WARN  main            d.u.i.k.n.ParsingFacade   /home/runner/work/key/key/key.core/../key.ui/examples/standard_key/staticInitialisation/initializedSubclassImpliesInitializedSuperclass.key took 0 ms to parse. 
573192     WARN  main            d.u.i.k.n.ParsingFacade   Parsing time 598 ms. 
573293     INFO  main            d.u.i.k.p.r.p.TestFile    ... finished proof: closed. 
573791     INFO  main            d.u.i.k.p.i.AbstractProblemLoader Loading environment from /home/runner/work/key/key/key.core/../key.ui/examples/standard_key/staticInitialisation/initializedSubclassImpliesInitializedSuperclass.key.proof 
573791     DEBUG main            d.u.i.k.p.i.AbstractProblemLoader Environment load took 78.9ns 
573792     WARN  main            d.u.i.k.n.ParsingFacade   /home/runner/work/key/key/key.core/../key.ui/examples/standard_key/staticInitialisation/initializedSubclassImpliesInitializedSuperclass.key.proof took 0 ms to parse. 
573792     WARN  main            d.u.i.k.n.ParsingFacade   Parsing time 598 ms. 
573792     INFO  main            d.u.i.k.p.i.AbstractProblemLoader Creating init config 
573811     WARN  main            d.u.i.k.j.r.KeYCrossReferenceNameInfo Datatype java.lang.System declared twice: Once in FILE:/home/runner/work/key/key/key.core/../key.ui/examples/standard_key/staticInitialisation/classpath/System.java and once in URL:file:/home/runner/work/key/key/key.core/build/resources/main/de/uka/ilkd/key/java/JavaRedux/java/lang/System.java, Keeping one from URL:file:/home/runner/work/key/key/key.core/build/resources/main/de/uka/ilkd/key/java/JavaRedux/java/lang/System.java 
573811     WARN  main            d.u.i.k.j.r.KeYCrossReferenceNameInfo Datatype java.io.PrintStream declared twice: Once in FILE:/home/runner/work/key/key/key.core/../key.ui/examples/standard_key/staticInitialisation/classpath/PrintStream.java and once in URL:file:/home/runner/work/key/key/key.core/build/resources/main/de/uka/ilkd/key/java/JavaRedux/java/io/PrintStream.java, Keeping one from URL:file:/home/runner/work/key/key/key.core/build/resources/main/de/uka/ilkd/key/java/JavaRedux/java/io/PrintStream.java 
574582     WARN  main            d.u.i.k.n.ParsingFacade   file:/home/runner/work/key/key/key.core/build/resources/main/de/uka/ilkd/key/java/JavaRedux/java/lang/String.key took 1 ms to parse. 
574582     WARN  main            d.u.i.k.n.ParsingFacade   Parsing time 599 ms. 
576087     DEBUG main            d.u.i.k.p.i.AbstractProblemLoader Init config took 2.29s 
576100     INFO  main            d.u.i.k.p.i.AbstractProblemLoader Replaying proof initializedSubclassImpliesInitializedSuperclass.key.proof 
576101     DEBUG main            d.u.i.k.p.i.IntermediateProofReplayer Proof replay took 382.71ns 
576101     WARN  main            d.u.i.k.n.ParsingFacade   /home/runner/work/key/key/key.core/../key.ui/examples/standard_key/staticInitialisation/initializedSubclassImpliesInitializedSuperclass.key.proof took 0 ms to parse. 
576102     WARN  main            d.u.i.k.n.ParsingFacade   Parsing time 599 ms. 
576102     DEBUG main            d.u.i.k.p.r.p.TestFile    ... success: reloaded. 
576103     INFO  main            d.u.i.k.p.r.p.TestFile    Now processing file /home/runner/work/key/key/key.core/../key.ui/examples/standard_key/staticInitialisation/localDeclared.key 
576103     INFO  main            d.u.i.k.p.i.AbstractProblemLoader Loading environment from /home/runner/work/key/key/key.core/../key.ui/examples/standard_key/staticInitialisation/localDeclared.key 
576103     DEBUG main            d.u.i.k.p.i.AbstractProblemLoader Environment load took 64.9ns 
576103     WARN  main            d.u.i.k.n.ParsingFacade   /home/runner/work/key/key/key.core/../key.ui/examples/standard_key/staticInitialisation/localDeclared.key took 0 ms to parse. 
576103     WARN  main            d.u.i.k.n.ParsingFacade   Parsing time 599 ms. 
576104     INFO  main            d.u.i.k.p.i.AbstractProblemLoader Creating init config 
576121     WARN  main            d.u.i.k.j.r.KeYCrossReferenceNameInfo Datatype java.lang.System declared twice: Once in FILE:/home/runner/work/key/key/key.core/../key.ui/examples/standard_key/staticInitialisation/classpath/System.java and once in URL:file:/home/runner/work/key/key/key.core/build/resources/main/de/uka/ilkd/key/java/JavaRedux/java/lang/System.java, Keeping one from URL:file:/home/runner/work/key/key/key.core/build/resources/main/de/uka/ilkd/key/java/JavaRedux/java/lang/System.java 
576121     WARN  main            d.u.i.k.j.r.KeYCrossReferenceNameInfo Datatype java.io.PrintStream declared twice: Once in FILE:/home/runner/work/key/key/key.core/../key.ui/examples/standard_key/staticInitialisation/classpath/PrintStream.java and once in URL:file:/home/runner/work/key/key/key.core/build/resources/main/de/uka/ilkd/key/java/JavaRedux/java/io/PrintStream.java, Keeping one from URL:file:/home/runner/work/key/key/key.core/build/resources/main/de/uka/ilkd/key/java/JavaRedux/java/io/PrintStream.java 
576908     WARN  main            d.u.i.k.n.ParsingFacade   file:/home/runner/work/key/key/key.core/build/resources/main/de/uka/ilkd/key/java/JavaRedux/java/lang/String.key took 1 ms to parse. 
576908     WARN  main            d.u.i.k.n.ParsingFacade   Parsing time 600 ms. 
578494     DEBUG main            d.u.i.k.p.i.AbstractProblemLoader Init config took 2.39s 
578507     INFO  main            d.u.i.k.p.i.AbstractProblemLoader Replaying proof localDeclared.key 
578508     DEBUG main            d.u.i.k.p.i.IntermediateProofReplayer Proof replay took 2.6ns 
578509     WARN  main            d.u.i.k.n.ParsingFacade   /home/runner/work/key/key/key.core/../key.ui/examples/standard_key/staticInitialisation/localDeclared.key took 0 ms to parse. 
578509     WARN  main            d.u.i.k.n.ParsingFacade   Parsing time 600 ms. 
578811     INFO  main            d.u.i.k.p.r.p.TestFile    ... finished proof: closed. 
579312     INFO  main            d.u.i.k.p.i.AbstractProblemLoader Loading environment from /home/runner/work/key/key/key.core/../key.ui/examples/standard_key/staticInitialisation/localDeclared.key.proof 
579312     DEBUG main            d.u.i.k.p.i.AbstractProblemLoader Environment load took 83.9ns 
579312     WARN  main            d.u.i.k.n.ParsingFacade   /home/runner/work/key/key/key.core/../key.ui/examples/standard_key/staticInitialisation/localDeclared.key.proof took 0 ms to parse. 
579312     WARN  main            d.u.i.k.n.ParsingFacade   Parsing time 600 ms. 
579313     INFO  main            d.u.i.k.p.i.AbstractProblemLoader Creating init config 
579333     WARN  main            d.u.i.k.j.r.KeYCrossReferenceNameInfo Datatype java.lang.System declared twice: Once in FILE:/home/runner/work/key/key/key.core/../key.ui/examples/standard_key/staticInitialisation/classpath/System.java and once in URL:file:/home/runner/work/key/key/key.core/build/resources/main/de/uka/ilkd/key/java/JavaRedux/java/lang/System.java, Keeping one from URL:file:/home/runner/work/key/key/key.core/build/resources/main/de/uka/ilkd/key/java/JavaRedux/java/lang/System.java 
579334     WARN  main            d.u.i.k.j.r.KeYCrossReferenceNameInfo Datatype java.io.PrintStream declared twice: Once in FILE:/home/runner/work/key/key/key.core/../key.ui/examples/standard_key/staticInitialisation/classpath/PrintStream.java and once in URL:file:/home/runner/work/key/key/key.core/build/resources/main/de/uka/ilkd/key/java/JavaRedux/java/io/PrintStream.java, Keeping one from URL:file:/home/runner/work/key/key/key.core/build/resources/main/de/uka/ilkd/key/java/JavaRedux/java/io/PrintStream.java 
580103     WARN  main            d.u.i.k.n.ParsingFacade   file:/home/runner/work/key/key/key.core/build/resources/main/de/uka/ilkd/key/java/JavaRedux/java/lang/String.key took 1 ms to parse. 
580103     WARN  main            d.u.i.k.n.ParsingFacade   Parsing time 601 ms. 
581607     DEBUG main            d.u.i.k.p.i.AbstractProblemLoader Init config took 2.29s 
581622     INFO  main            d.u.i.k.p.i.AbstractProblemLoader Replaying proof localDeclared.key.proof 
581673     DEBUG main            d.u.i.k.p.i.IntermediateProofReplayer Proof replay took 49.79ms 
581674     WARN  main            d.u.i.k.n.ParsingFacade   /home/runner/work/key/key/key.core/../key.ui/examples/standard_key/staticInitialisation/localDeclared.key.proof took 0 ms to parse. 
581674     WARN  main            d.u.i.k.n.ParsingFacade   Parsing time 601 ms. 
581675     DEBUG main            d.u.i.k.p.r.p.TestFile    ... success: reloaded. 
581675     INFO  main            d.u.i.k.p.r.p.TestFile    Now processing file /home/runner/work/key/key/key.core/../key.ui/examples/standard_key/staticInitialisation/localDeclaredMethod.key 
581675     INFO  main            d.u.i.k.p.i.AbstractProblemLoader Loading environment from /home/runner/work/key/key/key.core/../key.ui/examples/standard_key/staticInitialisation/localDeclaredMethod.key 
581675     DEBUG main            d.u.i.k.p.i.AbstractProblemLoader Environment load took 77.4ns 
581676     WARN  main            d.u.i.k.n.ParsingFacade   /home/runner/work/key/key/key.core/../key.ui/examples/standard_key/staticInitialisation/localDeclaredMethod.key took 1 ms to parse. 
581676     WARN  main            d.u.i.k.n.ParsingFacade   Parsing time 602 ms. 
581676     INFO  main            d.u.i.k.p.i.AbstractProblemLoader Creating init config 
581694     WARN  main            d.u.i.k.j.r.KeYCrossReferenceNameInfo Datatype java.lang.System declared twice: Once in FILE:/home/runner/work/key/key/key.core/../key.ui/examples/standard_key/staticInitialisation/classpath/System.java and once in URL:file:/home/runner/work/key/key/key.core/build/resources/main/de/uka/ilkd/key/java/JavaRedux/java/lang/System.java, Keeping one from URL:file:/home/runner/work/key/key/key.core/build/resources/main/de/uka/ilkd/key/java/JavaRedux/java/lang/System.java 
581694     WARN  main            d.u.i.k.j.r.KeYCrossReferenceNameInfo Datatype java.io.PrintStream declared twice: Once in FILE:/home/runner/work/key/key/key.core/../key.ui/examples/standard_key/staticInitialisation/classpath/PrintStream.java and once in URL:file:/home/runner/work/key/key/key.core/build/resources/main/de/uka/ilkd/key/java/JavaRedux/java/io/PrintStream.java, Keeping one from URL:file:/home/runner/work/key/key/key.core/build/resources/main/de/uka/ilkd/key/java/JavaRedux/java/io/PrintStream.java 
582482     WARN  main            d.u.i.k.n.ParsingFacade   file:/home/runner/work/key/key/key.core/build/resources/main/de/uka/ilkd/key/java/JavaRedux/java/lang/String.key took 1 ms to parse. 
582482     WARN  main            d.u.i.k.n.ParsingFacade   Parsing time 603 ms. 
583998     DEBUG main            d.u.i.k.p.i.AbstractProblemLoader Init config took 2.32s 
584012     INFO  main            d.u.i.k.p.i.AbstractProblemLoader Replaying proof localDeclaredMethod.key 
584013     DEBUG main            d.u.i.k.p.i.IntermediateProofReplayer Proof replay took 3.7ns 
584013     WARN  main            d.u.i.k.n.ParsingFacade   /home/runner/work/key/key/key.core/../key.ui/examples/standard_key/staticInitialisation/localDeclaredMethod.key took 0 ms to parse. 
584013     WARN  main            d.u.i.k.n.ParsingFacade   Parsing time 603 ms. 
584315     INFO  main            d.u.i.k.p.r.p.TestFile    ... finished proof: closed. 
584826     INFO  main            d.u.i.k.p.i.AbstractProblemLoader Loading environment from /home/runner/work/key/key/key.core/../key.ui/examples/standard_key/staticInitialisation/localDeclaredMethod.key.proof 
584826     DEBUG main            d.u.i.k.p.i.AbstractProblemLoader Environment load took 98.3ns 
584827     WARN  main            d.u.i.k.n.ParsingFacade   /home/runner/work/key/key/key.core/../key.ui/examples/standard_key/staticInitialisation/localDeclaredMethod.key.proof took 1 ms to parse. 
584827     WARN  main            d.u.i.k.n.ParsingFacade   Parsing time 604 ms. 
584827     INFO  main            d.u.i.k.p.i.AbstractProblemLoader Creating init config 
584845     WARN  main            d.u.i.k.j.r.KeYCrossReferenceNameInfo Datatype java.lang.System declared twice: Once in FILE:/home/runner/work/key/key/key.core/../key.ui/examples/standard_key/staticInitialisation/classpath/System.java and once in URL:file:/home/runner/work/key/key/key.core/build/resources/main/de/uka/ilkd/key/java/JavaRedux/java/lang/System.java, Keeping one from URL:file:/home/runner/work/key/key/key.core/build/resources/main/de/uka/ilkd/key/java/JavaRedux/java/lang/System.java 
584845     WARN  main            d.u.i.k.j.r.KeYCrossReferenceNameInfo Datatype java.io.PrintStream declared twice: Once in FILE:/home/runner/work/key/key/key.core/../key.ui/examples/standard_key/staticInitialisation/classpath/PrintStream.java and once in URL:file:/home/runner/work/key/key/key.core/build/resources/main/de/uka/ilkd/key/java/JavaRedux/java/io/PrintStream.java, Keeping one from URL:file:/home/runner/work/key/key/key.core/build/resources/main/de/uka/ilkd/key/java/JavaRedux/java/io/PrintStream.java 
585612     WARN  main            d.u.i.k.n.ParsingFacade   file:/home/runner/work/key/key/key.core/build/resources/main/de/uka/ilkd/key/java/JavaRedux/java/lang/String.key took 1 ms to parse. 
585612     WARN  main            d.u.i.k.n.ParsingFacade   Parsing time 605 ms. 
587118     DEBUG main            d.u.i.k.p.i.AbstractProblemLoader Init config took 2.29s 
587131     INFO  main            d.u.i.k.p.i.AbstractProblemLoader Replaying proof localDeclaredMethod.key.proof 
587197     DEBUG main            d.u.i.k.p.i.IntermediateProofReplayer Proof replay took 63.19ms 
587197     WARN  main            d.u.i.k.n.ParsingFacade   /home/runner/work/key/key/key.core/../key.ui/examples/standard_key/staticInitialisation/localDeclaredMethod.key.proof took 0 ms to parse. 
587197     WARN  main            d.u.i.k.n.ParsingFacade   Parsing time 605 ms. 
587198     DEBUG main            d.u.i.k.p.r.p.TestFile    ... success: reloaded. 
587198     INFO  main            d.u.i.k.p.r.p.TestFile    Now processing file /home/runner/work/key/key/key.core/../key.ui/examples/standard_key/staticInitialisation/objectOfErroneousClass.key 
587199     INFO  main            d.u.i.k.p.i.AbstractProblemLoader Loading environment from /home/runner/work/key/key/key.core/../key.ui/examples/standard_key/staticInitialisation/objectOfErroneousClass.key 
587199     DEBUG main            d.u.i.k.p.i.AbstractProblemLoader Environment load took 67.1ns 
587199     WARN  main            d.u.i.k.n.ParsingFacade   /home/runner/work/key/key/key.core/../key.ui/examples/standard_key/staticInitialisation/objectOfErroneousClass.key took 0 ms to parse. 
587199     WARN  main            d.u.i.k.n.ParsingFacade   Parsing time 605 ms. 
587200     INFO  main            d.u.i.k.p.i.AbstractProblemLoader Creating init config 
587218     WARN  main            d.u.i.k.j.r.KeYCrossReferenceNameInfo Datatype java.lang.System declared twice: Once in FILE:/home/runner/work/key/key/key.core/../key.ui/examples/standard_key/staticInitialisation/classpath/System.java and once in URL:file:/home/runner/work/key/key/key.core/build/resources/main/de/uka/ilkd/key/java/JavaRedux/java/lang/System.java, Keeping one from URL:file:/home/runner/work/key/key/key.core/build/resources/main/de/uka/ilkd/key/java/JavaRedux/java/lang/System.java 
587218     WARN  main            d.u.i.k.j.r.KeYCrossReferenceNameInfo Datatype java.io.PrintStream declared twice: Once in FILE:/home/runner/work/key/key/key.core/../key.ui/examples/standard_key/staticInitialisation/classpath/PrintStream.java and once in URL:file:/home/runner/work/key/key/key.core/build/resources/main/de/uka/ilkd/key/java/JavaRedux/java/io/PrintStream.java, Keeping one from URL:file:/home/runner/work/key/key/key.core/build/resources/main/de/uka/ilkd/key/java/JavaRedux/java/io/PrintStream.java 
587994     WARN  main            d.u.i.k.n.ParsingFacade   file:/home/runner/work/key/key/key.core/build/resources/main/de/uka/ilkd/key/java/JavaRedux/java/lang/String.key took 1 ms to parse. 
587994     WARN  main            d.u.i.k.n.ParsingFacade   Parsing time 606 ms. 
589542     DEBUG main            d.u.i.k.p.i.AbstractProblemLoader Init config took 2.34s 
589559     INFO  main            d.u.i.k.p.i.AbstractProblemLoader Replaying proof objectOfErroneousClass.key 
589572     DEBUG main            d.u.i.k.p.i.IntermediateProofReplayer Proof replay took 2.8ns 
589572     WARN  main            d.u.i.k.n.ParsingFacade   /home/runner/work/key/key/key.core/../key.ui/examples/standard_key/staticInitialisation/objectOfErroneousClass.key took 0 ms to parse. 
589572     WARN  main            d.u.i.k.n.ParsingFacade   Parsing time 606 ms. 
602454     INFO  main            d.u.i.k.p.r.p.TestFile    ... finished proof: closed. 
603045     INFO  main            d.u.i.k.p.i.AbstractProblemLoader Loading environment from /home/runner/work/key/key/key.core/../key.ui/examples/standard_key/staticInitialisation/objectOfErroneousClass.key.proof 
603045     DEBUG main            d.u.i.k.p.i.AbstractProblemLoader Environment load took 94.5ns 
603048     WARN  main            d.u.i.k.n.ParsingFacade   /home/runner/work/key/key/key.core/../key.ui/examples/standard_key/staticInitialisation/objectOfErroneousClass.key.proof took 1 ms to parse. 
603048     WARN  main            d.u.i.k.n.ParsingFacade   Parsing time 607 ms. 
603048     INFO  main            d.u.i.k.p.i.AbstractProblemLoader Creating init config 
603070     WARN  main            d.u.i.k.j.r.KeYCrossReferenceNameInfo Datatype java.lang.System declared twice: Once in FILE:/home/runner/work/key/key/key.core/../key.ui/examples/standard_key/staticInitialisation/classpath/System.java and once in URL:file:/home/runner/work/key/key/key.core/build/resources/main/de/uka/ilkd/key/java/JavaRedux/java/lang/System.java, Keeping one from URL:file:/home/runner/work/key/key/key.core/build/resources/main/de/uka/ilkd/key/java/JavaRedux/java/lang/System.java 
603070     WARN  main            d.u.i.k.j.r.KeYCrossReferenceNameInfo Datatype java.io.PrintStream declared twice: Once in FILE:/home/runner/work/key/key/key.core/../key.ui/examples/standard_key/staticInitialisation/classpath/PrintStream.java and once in URL:file:/home/runner/work/key/key/key.core/build/resources/main/de/uka/ilkd/key/java/JavaRedux/java/io/PrintStream.java, Keeping one from URL:file:/home/runner/work/key/key/key.core/build/resources/main/de/uka/ilkd/key/java/JavaRedux/java/io/PrintStream.java 
603841     WARN  main            d.u.i.k.n.ParsingFacade   file:/home/runner/work/key/key/key.core/build/resources/main/de/uka/ilkd/key/java/JavaRedux/java/lang/String.key took 1 ms to parse. 
603841     WARN  main            d.u.i.k.n.ParsingFacade   Parsing time 608 ms. 
605362     DEBUG main            d.u.i.k.p.i.AbstractProblemLoader Init config took 2.31s 
605377     INFO  main            d.u.i.k.p.i.AbstractProblemLoader Replaying proof objectOfErroneousClass.key.proof 
607360     DEBUG main            d.u.i.k.p.i.IntermediateProofReplayer Proof replay took 1.96s 
607363     WARN  main            d.u.i.k.n.ParsingFacade   /home/runner/work/key/key/key.core/../key.ui/examples/standard_key/staticInitialisation/objectOfErroneousClass.key.proof took 0 ms to parse. 
607363     WARN  main            d.u.i.k.n.ParsingFacade   Parsing time 608 ms. 
607364     DEBUG main            d.u.i.k.p.r.p.TestFile    ... success: reloaded. 
607364     INFO  main            d.u.i.k.p.r.p.TestFile    Now processing file /home/runner/work/key/key/key.core/../key.ui/examples/standard_key/staticInitialisation/staticInitialisersAreNonSimple.key 
607365     INFO  main            d.u.i.k.p.i.AbstractProblemLoader Loading environment from /home/runner/work/key/key/key.core/../key.ui/examples/standard_key/staticInitialisation/staticInitialisersAreNonSimple.key 
607365     DEBUG main            d.u.i.k.p.i.AbstractProblemLoader Environment load took 59.1ns 
607365     WARN  main            d.u.i.k.n.ParsingFacade   /home/runner/work/key/key/key.core/../key.ui/examples/standard_key/staticInitialisation/staticInitialisersAreNonSimple.key took 0 ms to parse. 
607365     WARN  main            d.u.i.k.n.ParsingFacade   Parsing time 608 ms. 
607366     INFO  main            d.u.i.k.p.i.AbstractProblemLoader Creating init config 
607383     WARN  main            d.u.i.k.j.r.KeYCrossReferenceNameInfo Datatype java.lang.System declared twice: Once in FILE:/home/runner/work/key/key/key.core/../key.ui/examples/standard_key/staticInitialisation/classpath/System.java and once in URL:file:/home/runner/work/key/key/key.core/build/resources/main/de/uka/ilkd/key/java/JavaRedux/java/lang/System.java, Keeping one from URL:file:/home/runner/work/key/key/key.core/build/resources/main/de/uka/ilkd/key/java/JavaRedux/java/lang/System.java 
607383     WARN  main            d.u.i.k.j.r.KeYCrossReferenceNameInfo Datatype java.io.PrintStream declared twice: Once in FILE:/home/runner/work/key/key/key.core/../key.ui/examples/standard_key/staticInitialisation/classpath/PrintStream.java and once in URL:file:/home/runner/work/key/key/key.core/build/resources/main/de/uka/ilkd/key/java/JavaRedux/java/io/PrintStream.java, Keeping one from URL:file:/home/runner/work/key/key/key.core/build/resources/main/de/uka/ilkd/key/java/JavaRedux/java/io/PrintStream.java 
608197     WARN  main            d.u.i.k.n.ParsingFacade   file:/home/runner/work/key/key/key.core/build/resources/main/de/uka/ilkd/key/java/JavaRedux/java/lang/String.key took 1 ms to parse. 
608198     WARN  main            d.u.i.k.n.ParsingFacade   Parsing time 609 ms. 
609793     DEBUG main            d.u.i.k.p.i.AbstractProblemLoader Init config took 2.43s 
609807     INFO  main            d.u.i.k.p.i.AbstractProblemLoader Replaying proof staticInitialisersAreNonSimple.key 
609809     DEBUG main            d.u.i.k.p.i.IntermediateProofReplayer Proof replay took 3ns 
609809     WARN  main            d.u.i.k.n.ParsingFacade   /home/runner/work/key/key/key.core/../key.ui/examples/standard_key/staticInitialisation/staticInitialisersAreNonSimple.key took 0 ms to parse. 
609809     WARN  main            d.u.i.k.n.ParsingFacade   Parsing time 609 ms. 
610149     INFO  main            d.u.i.k.p.r.p.TestFile    ... finished proof: closed. 
610757     INFO  main            d.u.i.k.p.i.AbstractProblemLoader Loading environment from /home/runner/work/key/key/key.core/../key.ui/examples/standard_key/staticInitialisation/staticInitialisersAreNonSimple.key.proof 
610757     DEBUG main            d.u.i.k.p.i.AbstractProblemLoader Environment load took 97.4ns 
610757     WARN  main            d.u.i.k.n.ParsingFacade   /home/runner/work/key/key/key.core/../key.ui/examples/standard_key/staticInitialisation/staticInitialisersAreNonSimple.key.proof took 0 ms to parse. 
610757     WARN  main            d.u.i.k.n.ParsingFacade   Parsing time 609 ms. 
610758     INFO  main            d.u.i.k.p.i.AbstractProblemLoader Creating init config 
610776     WARN  main            d.u.i.k.j.r.KeYCrossReferenceNameInfo Datatype java.lang.System declared twice: Once in FILE:/home/runner/work/key/key/key.core/../key.ui/examples/standard_key/staticInitialisation/classpath/System.java and once in URL:file:/home/runner/work/key/key/key.core/build/resources/main/de/uka/ilkd/key/java/JavaRedux/java/lang/System.java, Keeping one from URL:file:/home/runner/work/key/key/key.core/build/resources/main/de/uka/ilkd/key/java/JavaRedux/java/lang/System.java 
610776     WARN  main            d.u.i.k.j.r.KeYCrossReferenceNameInfo Datatype java.io.PrintStream declared twice: Once in FILE:/home/runner/work/key/key/key.core/../key.ui/examples/standard_key/staticInitialisation/classpath/PrintStream.java and once in URL:file:/home/runner/work/key/key/key.core/build/resources/main/de/uka/ilkd/key/java/JavaRedux/java/io/PrintStream.java, Keeping one from URL:file:/home/runner/work/key/key/key.core/build/resources/main/de/uka/ilkd/key/java/JavaRedux/java/io/PrintStream.java 
611546     WARN  main            d.u.i.k.n.ParsingFacade   file:/home/runner/work/key/key/key.core/build/resources/main/de/uka/ilkd/key/java/JavaRedux/java/lang/String.key took 1 ms to parse. 
611546     WARN  main            d.u.i.k.n.ParsingFacade   Parsing time 610 ms. 
613066     DEBUG main            d.u.i.k.p.i.AbstractProblemLoader Init config took 2.31s 
613080     INFO  main            d.u.i.k.p.i.AbstractProblemLoader Replaying proof staticInitialisersAreNonSimple.key.proof 
613149     DEBUG main            d.u.i.k.p.i.IntermediateProofReplayer Proof replay took 67.3ms 
613150     WARN  main            d.u.i.k.n.ParsingFacade   /home/runner/work/key/key/key.core/../key.ui/examples/standard_key/staticInitialisation/staticInitialisersAreNonSimple.key.proof took 1 ms to parse. 
613150     WARN  main            d.u.i.k.n.ParsingFacade   Parsing time 611 ms. 
613151     DEBUG main            d.u.i.k.p.r.p.TestFile    ... success: reloaded. 
613151     INFO  main            d.u.i.k.p.r.p.TestFile    Now processing file /home/runner/work/key/key/key.core/../key.ui/examples/standard_key/types/disjoint.key 
613151     INFO  main            d.u.i.k.p.i.AbstractProblemLoader Loading environment from /home/runner/work/key/key/key.core/../key.ui/examples/standard_key/types/disjoint.key 
613151     DEBUG main            d.u.i.k.p.i.AbstractProblemLoader Environment load took 43ns 
613152     WARN  main            d.u.i.k.n.ParsingFacade   /home/runner/work/key/key/key.core/../key.ui/examples/standard_key/types/disjoint.key took 0 ms to parse. 
613152     WARN  main            d.u.i.k.n.ParsingFacade   Parsing time 611 ms. 
613152     INFO  main            d.u.i.k.p.i.AbstractProblemLoader Creating init config 
613871     WARN  main            d.u.i.k.n.ParsingFacade   file:/home/runner/work/key/key/key.core/build/resources/main/de/uka/ilkd/key/java/JavaRedux/java/lang/String.key took 1 ms to parse. 
613872     WARN  main            d.u.i.k.n.ParsingFacade   Parsing time 612 ms. 
615437     DEBUG main            d.u.i.k.p.i.AbstractProblemLoader Init config took 2.29s 
615449     INFO  main            d.u.i.k.p.i.AbstractProblemLoader Replaying proof disjoint.key 
615451     DEBUG main            d.u.i.k.p.i.IntermediateProofReplayer Proof replay took 2.8ns 
615451     WARN  main            d.u.i.k.n.ParsingFacade   /home/runner/work/key/key/key.core/../key.ui/examples/standard_key/types/disjoint.key took 0 ms to parse. 
615451     WARN  main            d.u.i.k.n.ParsingFacade   Parsing time 612 ms. 
615552     INFO  main            d.u.i.k.p.r.p.TestFile    ... finished proof: closed. 
616104     INFO  main            d.u.i.k.p.i.AbstractProblemLoader Loading environment from /home/runner/work/key/key/key.core/../key.ui/examples/standard_key/types/disjoint.key.proof 
616105     DEBUG main            d.u.i.k.p.i.AbstractProblemLoader Environment load took 92.4ns 
616105     WARN  main            d.u.i.k.n.ParsingFacade   /home/runner/work/key/key/key.core/../key.ui/examples/standard_key/types/disjoint.key.proof took 0 ms to parse. 
616105     WARN  main            d.u.i.k.n.ParsingFacade   Parsing time 612 ms. 
616105     INFO  main            d.u.i.k.p.i.AbstractProblemLoader Creating init config 
616819     WARN  main            d.u.i.k.n.ParsingFacade   file:/home/runner/work/key/key/key.core/build/resources/main/de/uka/ilkd/key/java/JavaRedux/java/lang/String.key took 1 ms to parse. 
616819     WARN  main            d.u.i.k.n.ParsingFacade   Parsing time 613 ms. 
618349     DEBUG main            d.u.i.k.p.i.AbstractProblemLoader Init config took 2.24s 
618361     INFO  main            d.u.i.k.p.i.AbstractProblemLoader Replaying proof disjoint.key.proof 
618363     DEBUG main            d.u.i.k.p.i.IntermediateProofReplayer Proof replay took 477.81ns 
618364     WARN  main            d.u.i.k.n.ParsingFacade   /home/runner/work/key/key/key.core/../key.ui/examples/standard_key/types/disjoint.key.proof took 0 ms to parse. 
618364     WARN  main            d.u.i.k.n.ParsingFacade   Parsing time 613 ms. 
618364     DEBUG main            d.u.i.k.p.r.p.TestFile    ... success: reloaded. 
618364     INFO  main            d.u.i.k.p.r.p.TestFile    Now processing file /home/runner/work/key/key/key.core/../key.ui/examples/../../key.core/src/test/resources/testcase/classpath/classpath.key 
618364     INFO  main            d.u.i.k.p.i.AbstractProblemLoader Loading environment from /home/runner/work/key/key/key.core/../key.ui/examples/../../key.core/src/test/resources/testcase/classpath/classpath.key 
618364     DEBUG main            d.u.i.k.p.i.AbstractProblemLoader Environment load took 102.1ns 
618365     WARN  main            d.u.i.k.n.ParsingFacade   /home/runner/work/key/key/key.core/../key.ui/examples/../../key.core/src/test/resources/testcase/classpath/classpath.key took 1 ms to parse. 
618365     WARN  main            d.u.i.k.n.ParsingFacade   Parsing time 614 ms. 
618370     INFO  main            d.u.i.k.p.i.AbstractProblemLoader Creating init config 
618396     WARN  main            d.u.i.k.j.r.KeYCrossReferenceNameInfo Datatype cp.C declared twice: Once in FILE:/home/runner/work/key/key/key.core/../key.ui/examples/../../key.core/src/test/resources/testcase/classpath/classpath/C.class and once in FILE:/home/runner/work/key/key/key.core/../key.ui/examples/../../key.core/src/test/resources/testcase/classpath/classpath/C.jml, Keeping one from FILE:/home/runner/work/key/key/key.core/../key.ui/examples/../../key.core/src/test/resources/testcase/classpath/classpath/C.jml 
618399     DEBUG main            d.u.i.k.j.r.ClassFileDeclarationBuilder Parsing: package cp; public class Unresolved1 { } 
618400     DEBUG main            r.s.KeYCrossReferenceSourceInfo Dynamically created class: cp.Unresolved1 
618400     DEBUG main            d.u.i.k.j.r.ClassFileDeclarationBuilder Parsing: package cp; public class Unresolved2 { } 
618400     DEBUG main            r.s.KeYCrossReferenceSourceInfo Dynamically created class: cp.Unresolved2 
619172     WARN  main            d.u.i.k.n.ParsingFacade   file:/home/runner/work/key/key/key.core/build/resources/main/de/uka/ilkd/key/java/JavaRedux/java/lang/String.key took 1 ms to parse. 
619173     WARN  main            d.u.i.k.n.ParsingFacade   Parsing time 615 ms. 
620800     DEBUG main            d.u.i.k.p.i.AbstractProblemLoader Init config took 2.43s 
620815     INFO  main            d.u.i.k.p.i.AbstractProblemLoader Replaying proof classpath.key 
620816     DEBUG main            d.u.i.k.p.i.IntermediateProofReplayer Proof replay took 3.2ns 
620816     WARN  main            d.u.i.k.n.ParsingFacade   /home/runner/work/key/key/key.core/../key.ui/examples/../../key.core/src/test/resources/testcase/classpath/classpath.key took 0 ms to parse. 
620816     WARN  main            d.u.i.k.n.ParsingFacade   Parsing time 615 ms. 
620918     INFO  main            d.u.i.k.p.r.p.TestFile    ... finished proof: closed. 
621455     INFO  main            d.u.i.k.p.i.AbstractProblemLoader Loading environment from /home/runner/work/key/key/key.core/../key.ui/examples/../../key.core/src/test/resources/testcase/classpath/classpath.key.proof 
621455     DEBUG main            d.u.i.k.p.i.AbstractProblemLoader Environment load took 121.2ns 
621455     WARN  main            d.u.i.k.n.ParsingFacade   /home/runner/work/key/key/key.core/../key.ui/examples/../../key.core/src/test/resources/testcase/classpath/classpath.key.proof took 0 ms to parse. 
621455     WARN  main            d.u.i.k.n.ParsingFacade   Parsing time 615 ms. 
621456     INFO  main            d.u.i.k.p.i.AbstractProblemLoader Creating init config 
621492     WARN  main            d.u.i.k.j.r.KeYCrossReferenceNameInfo Datatype cp.C declared twice: Once in FILE:/home/runner/work/key/key/key.core/../key.ui/examples/../../key.core/src/test/resources/testcase/classpath/classpath/C.class and once in FILE:/home/runner/work/key/key/key.core/../key.ui/examples/../../key.core/src/test/resources/testcase/classpath/classpath/C.jml, Keeping one from FILE:/home/runner/work/key/key/key.core/../key.ui/examples/../../key.core/src/test/resources/testcase/classpath/classpath/C.jml 
621495     DEBUG main            d.u.i.k.j.r.ClassFileDeclarationBuilder Parsing: package cp; public class Unresolved1 { } 
621495     DEBUG main            r.s.KeYCrossReferenceSourceInfo Dynamically created class: cp.Unresolved1 
621495     DEBUG main            d.u.i.k.j.r.ClassFileDeclarationBuilder Parsing: package cp; public class Unresolved2 { } 
621495     DEBUG main            r.s.KeYCrossReferenceSourceInfo Dynamically created class: cp.Unresolved2 
622252     WARN  main            d.u.i.k.n.ParsingFacade   file:/home/runner/work/key/key/key.core/build/resources/main/de/uka/ilkd/key/java/JavaRedux/java/lang/String.key took 1 ms to parse. 
622253     WARN  main            d.u.i.k.n.ParsingFacade   Parsing time 616 ms. 
623858     DEBUG main            d.u.i.k.p.i.AbstractProblemLoader Init config took 2.4s 
623872     INFO  main            d.u.i.k.p.i.AbstractProblemLoader Replaying proof classpath.key.proof 
623874     DEBUG main            d.u.i.k.p.i.IntermediateProofReplayer Proof replay took 489.61ns 
623874     WARN  main            d.u.i.k.n.ParsingFacade   /home/runner/work/key/key/key.core/../key.ui/examples/../../key.core/src/test/resources/testcase/classpath/classpath.key.proof took 0 ms to parse. 
623875     WARN  main            d.u.i.k.n.ParsingFacade   Parsing time 616 ms. 
623875     DEBUG main            d.u.i.k.p.r.p.TestFile    ... success: reloaded. 
623875     INFO  main            d.u.i.k.p.r.p.TestFile    Now processing file /home/runner/work/key/key/key.core/../key.ui/examples/heap/inconsistent_represents/MyClass_m.key 
623876     INFO  main            d.u.i.k.p.i.AbstractProblemLoader Loading environment from /home/runner/work/key/key/key.core/../key.ui/examples/heap/inconsistent_represents/MyClass_m.key 
623876     DEBUG main            d.u.i.k.p.i.AbstractProblemLoader Environment load took 52.4ns 
623876     WARN  main            d.u.i.k.n.ParsingFacade   /home/runner/work/key/key/key.core/../key.ui/examples/heap/inconsistent_represents/MyClass_m.key took 0 ms to parse. 
623876     WARN  main            d.u.i.k.n.ParsingFacade   Parsing time 616 ms. 
623876     INFO  main            d.u.i.k.p.i.AbstractProblemLoader Creating init config 
624653     WARN  main            d.u.i.k.n.ParsingFacade   file:/home/runner/work/key/key/key.core/build/resources/main/de/uka/ilkd/key/java/JavaRedux/java/lang/String.key took 1 ms to parse. 
624654     WARN  main            d.u.i.k.n.ParsingFacade   Parsing time 617 ms. 
626223     DEBUG main            d.u.i.k.p.i.AbstractProblemLoader Init config took 2.35s 
626257     INFO  main            d.u.i.k.p.i.AbstractProblemLoader Replaying proof MyClass[MyClass::m()].JML operation contract.0 
626258     DEBUG main            d.u.i.k.p.i.IntermediateProofReplayer Proof replay took 3.2ns 
626259     WARN  main            d.u.i.k.n.ParsingFacade   /home/runner/work/key/key/key.core/../key.ui/examples/heap/inconsistent_represents/MyClass_m.key took 1 ms to parse. 
626259     WARN  main            d.u.i.k.n.ParsingFacade   Parsing time 618 ms. 
626361     INFO  main            d.u.i.k.p.r.p.TestFile    ... finished proof: open goal(s) 
626904     INFO  main            d.u.i.k.p.r.p.TestFile    Now processing file /home/runner/work/key/key/key.core/../key.ui/examples/heap/inconsistent_represents/MyClass_n.key 
626904     INFO  main            d.u.i.k.p.i.AbstractProblemLoader Loading environment from /home/runner/work/key/key/key.core/../key.ui/examples/heap/inconsistent_represents/MyClass_n.key 
626904     DEBUG main            d.u.i.k.p.i.AbstractProblemLoader Environment load took 50.2ns 
626904     WARN  main            d.u.i.k.n.ParsingFacade   /home/runner/work/key/key/key.core/../key.ui/examples/heap/inconsistent_represents/MyClass_n.key took 0 ms to parse. 
626904     WARN  main            d.u.i.k.n.ParsingFacade   Parsing time 618 ms. 
626905     INFO  main            d.u.i.k.p.i.AbstractProblemLoader Creating init config 
627681     WARN  main            d.u.i.k.n.ParsingFacade   file:/home/runner/work/key/key/key.core/build/resources/main/de/uka/ilkd/key/java/JavaRedux/java/lang/String.key took 1 ms to parse. 
627681     WARN  main            d.u.i.k.n.ParsingFacade   Parsing time 619 ms. 
629225     DEBUG main            d.u.i.k.p.i.AbstractProblemLoader Init config took 2.32s 
629257     INFO  main            d.u.i.k.p.i.AbstractProblemLoader Replaying proof MyClass[MyClass::n()].JML operation contract.0 
629258     DEBUG main            d.u.i.k.p.i.IntermediateProofReplayer Proof replay took 2.8ns 
629258     WARN  main            d.u.i.k.n.ParsingFacade   /home/runner/work/key/key/key.core/../key.ui/examples/heap/inconsistent_represents/MyClass_n.key took 0 ms to parse. 
629258     WARN  main            d.u.i.k.n.ParsingFacade   Parsing time 619 ms. 
629360     INFO  main            d.u.i.k.p.r.p.TestFile    ... finished proof: open goal(s) 
3555922    INFO  Test worker     d.u.i.k.p.r.RunAllProofsTestUnit Returning from test javadl 
3555923    INFO  Test worker     d.u.i.k.p.r.RunAllProofsTestUnit Running test FOL 
304        INFO  Timeout watchdog d.u.i.k.p.r.p.ForkedTestFileRunner Timeout watcher launched (2000 secs.) 
315        WARN  main            d.u.i.k.s.ProofSettings   The settings in /home/runner/.key/proof-settings.props are *not* read. 
341        INFO  main            d.u.i.k.p.r.p.TestFile    Now processing file /home/runner/work/key/key/key.core/../key.ui/examples/standard_key/pred_log/count.key 
477        INFO  main            d.u.i.k.p.i.AbstractProblemLoader Loading environment from /home/runner/work/key/key/key.core/../key.ui/examples/standard_key/pred_log/count.key 
494        DEBUG main            d.u.i.k.p.i.AbstractProblemLoader Environment load took 2ms 
593        WARN  main            d.u.i.k.n.ParsingFacade   /home/runner/work/key/key/key.core/../key.ui/examples/standard_key/pred_log/count.key took 22 ms to parse. 
593        WARN  main            d.u.i.k.n.ParsingFacade   Parsing time 22 ms. 
719        INFO  main            d.u.i.k.p.i.AbstractProblemLoader Creating init config 
729        WARN  main            d.u.i.k.n.ParsingFacade   file:/home/runner/work/key/key/key.core/build/resources/main/de/uka/ilkd/key/proof/rules/standardRules.key took 5 ms to parse. 
729        WARN  main            d.u.i.k.n.ParsingFacade   Parsing time 27 ms. 
741        WARN  main            d.u.i.k.n.ParsingFacade   file:/home/runner/work/key/key/key.core/build/resources/main/de/uka/ilkd/key/proof/rules/ldt.key took 1 ms to parse. 
741        WARN  main            d.u.i.k.n.ParsingFacade   Parsing time 28 ms. 
751        WARN  main            d.u.i.k.n.ParsingFacade   file:/home/runner/work/key/key/key.core/build/resources/main/de/uka/ilkd/key/proof/rules/boolean.key took 1 ms to parse. 
751        WARN  main            d.u.i.k.n.ParsingFacade   Parsing time 29 ms. 
766        WARN  main            d.u.i.k.n.ParsingFacade   file:/home/runner/work/key/key/key.core/build/resources/main/de/uka/ilkd/key/proof/rules/ruleSetsDeclarations.key took 7 ms to parse. 
766        WARN  main            d.u.i.k.n.ParsingFacade   Parsing time 36 ms. 
788        WARN  main            d.u.i.k.n.ParsingFacade   file:/home/runner/work/key/key/key.core/build/resources/main/de/uka/ilkd/key/proof/rules/integerHeader.key took 4 ms to parse. 
789        WARN  main            d.u.i.k.n.ParsingFacade   Parsing time 40 ms. 
791        WARN  main            d.u.i.k.n.ParsingFacade   file:/home/runner/work/key/key/key.core/build/resources/main/de/uka/ilkd/key/proof/rules/floatHeader.key took 2 ms to parse. 
791        WARN  main            d.u.i.k.n.ParsingFacade   Parsing time 42 ms. 
793        WARN  main            d.u.i.k.n.ParsingFacade   file:/home/runner/work/key/key/key.core/build/resources/main/de/uka/ilkd/key/proof/rules/heap.key took 1 ms to parse. 
793        WARN  main            d.u.i.k.n.ParsingFacade   Parsing time 43 ms. 
795        WARN  main            d.u.i.k.n.ParsingFacade   file:/home/runner/work/key/key/key.core/build/resources/main/de/uka/ilkd/key/proof/rules/locSets.key took 0 ms to parse. 
795        WARN  main            d.u.i.k.n.ParsingFacade   Parsing time 43 ms. 
796        WARN  main            d.u.i.k.n.ParsingFacade   file:/home/runner/work/key/key/key.core/build/resources/main/de/uka/ilkd/key/proof/rules/permission.key took 0 ms to parse. 
797        WARN  main            d.u.i.k.n.ParsingFacade   Parsing time 43 ms. 
797        WARN  main            d.u.i.k.n.ParsingFacade   file:/home/runner/work/key/key/key.core/build/resources/main/de/uka/ilkd/key/proof/rules/reach.key took 0 ms to parse. 
797        WARN  main            d.u.i.k.n.ParsingFacade   Parsing time 43 ms. 
804        WARN  main            d.u.i.k.n.ParsingFacade   file:/home/runner/work/key/key/key.core/build/resources/main/de/uka/ilkd/key/proof/rules/seq.key took 1 ms to parse. 
804        WARN  main            d.u.i.k.n.ParsingFacade   Parsing time 44 ms. 
817        WARN  main            d.u.i.k.n.ParsingFacade   file:/home/runner/work/key/key/key.core/build/resources/main/de/uka/ilkd/key/proof/rules/map.key took 12 ms to parse. 
817        WARN  main            d.u.i.k.n.ParsingFacade   Parsing time 56 ms. 
818        WARN  main            d.u.i.k.n.ParsingFacade   file:/home/runner/work/key/key/key.core/build/resources/main/de/uka/ilkd/key/proof/rules/freeADT.key took 0 ms to parse. 
818        WARN  main            d.u.i.k.n.ParsingFacade   Parsing time 56 ms. 
819        WARN  main            d.u.i.k.n.ParsingFacade   file:/home/runner/work/key/key/key.core/build/resources/main/de/uka/ilkd/key/proof/rules/wellfound.key took 0 ms to parse. 
819        WARN  main            d.u.i.k.n.ParsingFacade   Parsing time 56 ms. 
820        WARN  main            d.u.i.k.n.ParsingFacade   file:/home/runner/work/key/key/key.core/build/resources/main/de/uka/ilkd/key/proof/rules/charListHeader.key took 0 ms to parse. 
820        WARN  main            d.u.i.k.n.ParsingFacade   Parsing time 56 ms. 
953        WARN  main            d.u.i.k.n.ParsingFacade   file:/home/runner/work/key/key/key.core/build/resources/main/de/uka/ilkd/key/proof/rules/propRule.key took 5 ms to parse. 
953        WARN  main            d.u.i.k.n.ParsingFacade   Parsing time 61 ms. 
975        WARN  main            d.u.i.k.n.ParsingFacade   file:/home/runner/work/key/key/key.core/build/resources/main/de/uka/ilkd/key/proof/rules/firstOrderRules.key took 3 ms to parse. 
975        WARN  main            d.u.i.k.n.ParsingFacade   Parsing time 64 ms. 
993        WARN  main            d.u.i.k.n.ParsingFacade   file:/home/runner/work/key/key/key.core/build/resources/main/de/uka/ilkd/key/proof/rules/ifThenElseRules.key took 6 ms to parse. 
993        WARN  main            d.u.i.k.n.ParsingFacade   Parsing time 70 ms. 
1025       WARN  main            d.u.i.k.n.ParsingFacade   file:/home/runner/work/key/key/key.core/build/resources/main/de/uka/ilkd/key/proof/rules/formulaNormalisationRules.key took 14 ms to parse. 
1025       WARN  main            d.u.i.k.n.ParsingFacade   Parsing time 84 ms. 
1094       WARN  main            d.u.i.k.n.ParsingFacade   file:/home/runner/work/key/key/key.core/build/resources/main/de/uka/ilkd/key/proof/rules/updateRules.key took 4 ms to parse. 
1094       WARN  main            d.u.i.k.n.ParsingFacade   Parsing time 88 ms. 
1107       WARN  main            d.u.i.k.n.ParsingFacade   file:/home/runner/work/key/key/key.core/build/resources/main/de/uka/ilkd/key/proof/rules/integerRulesCommon.key took 2 ms to parse. 
1107       WARN  main            d.u.i.k.n.ParsingFacade   Parsing time 90 ms. 
1193       WARN  main            d.u.i.k.n.ParsingFacade   file:/home/runner/work/key/key/key.core/build/resources/main/de/uka/ilkd/key/proof/rules/intRules.key took 3 ms to parse. 
1193       WARN  main            d.u.i.k.n.ParsingFacade   Parsing time 93 ms. 
1206       WARN  main            d.u.i.k.n.ParsingFacade   file:/home/runner/work/key/key/key.core/build/resources/main/de/uka/ilkd/key/proof/rules/intRulesUncheckedSemantics.key took 2 ms to parse. 
1207       WARN  main            d.u.i.k.n.ParsingFacade   Parsing time 95 ms. 
1214       WARN  main            d.u.i.k.n.ParsingFacade   file:/home/runner/work/key/key/key.core/build/resources/main/de/uka/ilkd/key/proof/rules/intRulesCheckedSemantics.key took 1 ms to parse. 
1214       WARN  main            d.u.i.k.n.ParsingFacade   Parsing time 96 ms. 
1222       WARN  main            d.u.i.k.n.ParsingFacade   file:/home/runner/work/key/key/key.core/build/resources/main/de/uka/ilkd/key/proof/rules/intRulesJavaSemantics.key took 2 ms to parse. 
1222       WARN  main            d.u.i.k.n.ParsingFacade   Parsing time 98 ms. 
1265       WARN  main            d.u.i.k.n.ParsingFacade   file:/home/runner/work/key/key/key.core/build/resources/main/de/uka/ilkd/key/proof/rules/integerSimplificationRules.key took 28 ms to parse. 
1266       WARN  main            d.u.i.k.n.ParsingFacade   Parsing time 126 ms. 
1388       DEBUG main            d.u.i.k.j.TypeConverter   No LDT found for Meta 
1389       DEBUG main            d.u.i.k.j.TypeConverter   No LDT found for Meta 
1390       DEBUG main            d.u.i.k.j.TypeConverter   No LDT found for Meta 
1390       DEBUG main            d.u.i.k.j.TypeConverter   No LDT found for Meta 
1420       WARN  main            d.u.i.k.n.ParsingFacade   file:/home/runner/work/key/key/key.core/build/resources/main/de/uka/ilkd/key/proof/rules/intDiv.key took 4 ms to parse. 
1421       WARN  main            d.u.i.k.n.ParsingFacade   Parsing time 130 ms. 
1456       WARN  main            d.u.i.k.n.ParsingFacade   file:/home/runner/work/key/key/key.core/build/resources/main/de/uka/ilkd/key/proof/rules/bsum.key took 10 ms to parse. 
1456       WARN  main            d.u.i.k.n.ParsingFacade   Parsing time 140 ms. 
1497       WARN  main            d.u.i.k.n.ParsingFacade   file:/home/runner/work/key/key/key.core/build/resources/main/de/uka/ilkd/key/proof/rules/bprod.key took 18 ms to parse. 
1498       WARN  main            d.u.i.k.n.ParsingFacade   Parsing time 158 ms. 
1508       WARN  main            d.u.i.k.n.ParsingFacade   file:/home/runner/work/key/key/key.core/build/resources/main/de/uka/ilkd/key/proof/rules/binaryAxioms.key took 1 ms to parse. 
1508       WARN  main            d.u.i.k.n.ParsingFacade   Parsing time 159 ms. 
1511       WARN  main            d.u.i.k.n.ParsingFacade   file:/home/runner/work/key/key/key.core/build/resources/main/de/uka/ilkd/key/proof/rules/binaryLemmas.key took 0 ms to parse. 
1511       WARN  main            d.u.i.k.n.ParsingFacade   Parsing time 159 ms. 
1516       WARN  main            d.u.i.k.n.ParsingFacade   file:/home/runner/work/key/key/key.core/build/resources/main/de/uka/ilkd/key/proof/rules/intPow.key took 1 ms to parse. 
1516       WARN  main            d.u.i.k.n.ParsingFacade   Parsing time 160 ms. 
1526       WARN  main            d.u.i.k.n.ParsingFacade   file:/home/runner/work/key/key/key.core/build/resources/main/de/uka/ilkd/key/proof/rules/floatRulesCommon.key took 3 ms to parse. 
1526       WARN  main            d.u.i.k.n.ParsingFacade   Parsing time 163 ms. 
1538       WARN  main            d.u.i.k.n.ParsingFacade   file:/home/runner/work/key/key/key.core/build/resources/main/de/uka/ilkd/key/proof/rules/floatRules.key took 1 ms to parse. 
1538       WARN  main            d.u.i.k.n.ParsingFacade   Parsing time 164 ms. 
1539       WARN  main            d.u.i.k.n.ParsingFacade   file:/home/runner/work/key/key/key.core/build/resources/main/de/uka/ilkd/key/proof/rules/floatRulesVerifyNormal.key took 0 ms to parse. 
1539       WARN  main            d.u.i.k.n.ParsingFacade   Parsing time 164 ms. 
1542       WARN  main            d.u.i.k.n.ParsingFacade   file:/home/runner/work/key/key/key.core/build/resources/main/de/uka/ilkd/key/proof/rules/floatRulesAssumeStrictfp.key took 2 ms to parse. 
1542       WARN  main            d.u.i.k.n.ParsingFacade   Parsing time 166 ms. 
1559       WARN  main            d.u.i.k.n.ParsingFacade   file:/home/runner/work/key/key/key.core/build/resources/main/de/uka/ilkd/key/proof/rules/genericRules.key took 1 ms to parse. 
1559       WARN  main            d.u.i.k.n.ParsingFacade   Parsing time 167 ms. 
1568       WARN  main            d.u.i.k.n.ParsingFacade   file:/home/runner/work/key/key/key.core/build/resources/main/de/uka/ilkd/key/proof/rules/booleanRules.key took 1 ms to parse. 
1568       WARN  main            d.u.i.k.n.ParsingFacade   Parsing time 168 ms. 
1571       WARN  main            d.u.i.k.n.ParsingFacade   file:/home/runner/work/key/key/key.core/build/resources/main/de/uka/ilkd/key/proof/rules/epsilon.key took 1 ms to parse. 
1571       WARN  main            d.u.i.k.n.ParsingFacade   Parsing time 169 ms. 
1581       WARN  main            d.u.i.k.n.ParsingFacade   file:/home/runner/work/key/key/key.core/build/resources/main/de/uka/ilkd/key/proof/rules/locSetsRules.key took 9 ms to parse. 
1581       WARN  main            d.u.i.k.n.ParsingFacade   Parsing time 178 ms. 
1612       WARN  main            d.u.i.k.n.ParsingFacade   file:/home/runner/work/key/key/key.core/build/resources/main/de/uka/ilkd/key/proof/rules/heapRules.key took 8 ms to parse. 
1612       WARN  main            d.u.i.k.n.ParsingFacade   Parsing time 186 ms. 
1682       WARN  main            d.u.i.k.n.ParsingFacade   file:/home/runner/work/key/key/key.core/build/resources/main/de/uka/ilkd/key/proof/rules/permissionRules.key took 3 ms to parse. 
1682       WARN  main            d.u.i.k.n.ParsingFacade   Parsing time 189 ms. 
1694       WARN  main            d.u.i.k.n.ParsingFacade   file:/home/runner/work/key/key/key.core/build/resources/main/de/uka/ilkd/key/proof/rules/reachRules.key took 3 ms to parse. 
1695       WARN  main            d.u.i.k.n.ParsingFacade   Parsing time 192 ms. 
1704       WARN  main            d.u.i.k.n.ParsingFacade   file:/home/runner/work/key/key/key.core/build/resources/main/de/uka/ilkd/key/proof/rules/seqCoreRules.key took 0 ms to parse. 
1705       WARN  main            d.u.i.k.n.ParsingFacade   Parsing time 192 ms. 
1712       WARN  main            d.u.i.k.n.ParsingFacade   file:/home/runner/work/key/key/key.core/build/resources/main/de/uka/ilkd/key/proof/rules/seqRules.key took 6 ms to parse. 
1713       WARN  main            d.u.i.k.n.ParsingFacade   Parsing time 198 ms. 
1735       WARN  main            d.u.i.k.n.ParsingFacade   file:/home/runner/work/key/key/key.core/build/resources/main/de/uka/ilkd/key/proof/rules/seqPerm.key took 5 ms to parse. 
1735       WARN  main            d.u.i.k.n.ParsingFacade   Parsing time 203 ms. 
1748       WARN  main            d.u.i.k.n.ParsingFacade   file:/home/runner/work/key/key/key.core/build/resources/main/de/uka/ilkd/key/proof/rules/seqPerm2.key took 1 ms to parse. 
1748       WARN  main            d.u.i.k.n.ParsingFacade   Parsing time 204 ms. 
1813       WARN  main            d.u.i.k.n.ParsingFacade   file:/home/runner/work/key/key/key.core/build/resources/main/de/uka/ilkd/key/proof/rules/javaRules.key took 62 ms to parse. 
1814       WARN  main            d.u.i.k.n.ParsingFacade   Parsing time 266 ms. 
1821       WARN  main            d.u.i.k.n.ParsingFacade   file:/home/runner/work/key/key/key.core/build/resources/main/de/uka/ilkd/key/proof/rules/assertions.key took 0 ms to parse. 
1822       WARN  main            d.u.i.k.n.ParsingFacade   Parsing time 266 ms. 
2354       WARN  main            d.u.i.k.n.ParsingFacade   file:/home/runner/work/key/key/key.core/build/resources/main/de/uka/ilkd/key/proof/rules/loopRules.key took 2 ms to parse. 
2354       WARN  main            d.u.i.k.n.ParsingFacade   Parsing time 268 ms. 
2365       WARN  main            d.u.i.k.n.ParsingFacade   file:/home/runner/work/key/key/key.core/build/resources/main/de/uka/ilkd/key/proof/rules/activeUse.key took 2 ms to parse. 
2365       WARN  main            d.u.i.k.n.ParsingFacade   Parsing time 270 ms. 
2414       WARN  main            d.u.i.k.n.ParsingFacade   file:/home/runner/work/key/key/key.core/build/resources/main/de/uka/ilkd/key/proof/rules/instanceAllocation.key took 5 ms to parse. 
2414       WARN  main            d.u.i.k.n.ParsingFacade   Parsing time 275 ms. 
2430       WARN  main            d.u.i.k.n.ParsingFacade   file:/home/runner/work/key/key/key.core/build/resources/main/de/uka/ilkd/key/proof/rules/java5.key took 0 ms to parse. 
2431       WARN  main            d.u.i.k.n.ParsingFacade   Parsing time 275 ms. 
2436       WARN  main            d.u.i.k.n.ParsingFacade   file:/home/runner/work/key/key/key.core/build/resources/main/de/uka/ilkd/key/proof/rules/integerAssignment2UpdateRules.key took 3 ms to parse. 
2437       WARN  main            d.u.i.k.n.ParsingFacade   Parsing time 278 ms. 
2469       WARN  main            d.u.i.k.n.ParsingFacade   file:/home/runner/work/key/key/key.core/build/resources/main/de/uka/ilkd/key/proof/rules/floatAssignment2UpdateRules.key took 6 ms to parse. 
2470       WARN  main            d.u.i.k.n.ParsingFacade   Parsing time 284 ms. 
2489       WARN  main            d.u.i.k.n.ParsingFacade   file:/home/runner/work/key/key/key.core/build/resources/main/de/uka/ilkd/key/proof/rules/bigint.key took 3 ms to parse. 
2489       WARN  main            d.u.i.k.n.ParsingFacade   Parsing time 287 ms. 
2498       DEBUG main            d.u.i.k.j.TypeConverter   No LDT found for JavaBigintExpression 
2503       WARN  main            d.u.i.k.n.ParsingFacade   file:/home/runner/work/key/key/key.core/build/resources/main/de/uka/ilkd/key/proof/rules/adtProgramDecompositionRules.key took 2 ms to parse. 
2503       WARN  main            d.u.i.k.n.ParsingFacade   Parsing time 289 ms. 
2518       WARN  main            d.u.i.k.n.ParsingFacade   file:/home/runner/work/key/key/key.core/build/resources/main/de/uka/ilkd/key/proof/rules/precRules.key took 0 ms to parse. 
2520       WARN  main            d.u.i.k.n.ParsingFacade   Parsing time 289 ms. 
2526       WARN  main            d.u.i.k.n.ParsingFacade   file:/home/runner/work/key/key/key.core/build/resources/main/de/uka/ilkd/key/proof/rules/charListRules.key took 3 ms to parse. 
2526       WARN  main            d.u.i.k.n.ParsingFacade   Parsing time 292 ms. 
2535       WARN  main            d.u.i.k.n.ParsingFacade   file:/home/runner/work/key/key/key.core/build/resources/main/de/uka/ilkd/key/proof/rules/regExTheory.key took 0 ms to parse. 
2535       WARN  main            d.u.i.k.n.ParsingFacade   Parsing time 292 ms. 
2536       WARN  main            d.u.i.k.n.ParsingFacade   file:/home/runner/work/key/key/key.core/build/resources/main/de/uka/ilkd/key/proof/rules/regExHeader.key took 0 ms to parse. 
2537       WARN  main            d.u.i.k.n.ParsingFacade   Parsing time 292 ms. 
2538       WARN  main            d.u.i.k.n.ParsingFacade   file:/home/runner/work/key/key/key.core/build/resources/main/de/uka/ilkd/key/proof/rules/regExAxioms.key took 0 ms to parse. 
2538       WARN  main            d.u.i.k.n.ParsingFacade   Parsing time 292 ms. 
2568       WARN  main            d.u.i.k.n.ParsingFacade   file:/home/runner/work/key/key/key.core/build/resources/main/de/uka/ilkd/key/proof/rules/regExLemmaProven.key took 27 ms to parse. 
2568       WARN  main            d.u.i.k.n.ParsingFacade   Parsing time 319 ms. 
2573       WARN  main            d.u.i.k.n.ParsingFacade   file:/home/runner/work/key/key/key.core/build/resources/main/de/uka/ilkd/key/proof/rules/seqEq.key took 2 ms to parse. 
2573       WARN  main            d.u.i.k.n.ParsingFacade   Parsing time 321 ms. 
2581       WARN  main            d.u.i.k.n.ParsingFacade   file:/home/runner/work/key/key/key.core/build/resources/main/de/uka/ilkd/key/proof/rules/infFlow.key took 3 ms to parse. 
2581       WARN  main            d.u.i.k.n.ParsingFacade   Parsing time 324 ms. 
2585       WARN  main            d.u.i.k.n.ParsingFacade   file:/home/runner/work/key/key/key.core/build/resources/main/de/uka/ilkd/key/proof/rules/mapSize.key took 0 ms to parse. 
2585       WARN  main            d.u.i.k.n.ParsingFacade   Parsing time 324 ms. 
2587       WARN  main            d.u.i.k.n.ParsingFacade   file:/home/runner/work/key/key/key.core/build/resources/main/de/uka/ilkd/key/proof/rules/wd.key took 0 ms to parse. 
2588       WARN  main            d.u.i.k.n.ParsingFacade   Parsing time 324 ms. 
2591       WARN  main            d.u.i.k.n.ParsingFacade   file:/home/runner/work/key/key/key.core/build/resources/main/de/uka/ilkd/key/proof/rules/wdHeader.key took 0 ms to parse. 
2591       WARN  main            d.u.i.k.n.ParsingFacade   Parsing time 324 ms. 
2592       WARN  main            d.u.i.k.n.ParsingFacade   file:/home/runner/work/key/key/key.core/build/resources/main/de/uka/ilkd/key/proof/rules/wdGeneralRules.key took 0 ms to parse. 
2592       WARN  main            d.u.i.k.n.ParsingFacade   Parsing time 324 ms. 
2601       WARN  main            d.u.i.k.n.ParsingFacade   file:/home/runner/work/key/key/key.core/build/resources/main/de/uka/ilkd/key/proof/rules/wdNumericalRules.key took 4 ms to parse. 
2601       WARN  main            d.u.i.k.n.ParsingFacade   Parsing time 328 ms. 
2616       WARN  main            d.u.i.k.n.ParsingFacade   file:/home/runner/work/key/key/key.core/build/resources/main/de/uka/ilkd/key/proof/rules/wdLocSetRules.key took 1 ms to parse. 
2616       WARN  main            d.u.i.k.n.ParsingFacade   Parsing time 329 ms. 
2621       WARN  main            d.u.i.k.n.ParsingFacade   file:/home/runner/work/key/key/key.core/build/resources/main/de/uka/ilkd/key/proof/rules/wdHeapRules.key took 1 ms to parse. 
2621       WARN  main            d.u.i.k.n.ParsingFacade   Parsing time 330 ms. 
2623       WARN  main            d.u.i.k.n.ParsingFacade   file:/home/runner/work/key/key/key.core/build/resources/main/de/uka/ilkd/key/proof/rules/wdReachRules.key took 0 ms to parse. 
2623       WARN  main            d.u.i.k.n.ParsingFacade   Parsing time 330 ms. 
2625       WARN  main            d.u.i.k.n.ParsingFacade   file:/home/runner/work/key/key/key.core/build/resources/main/de/uka/ilkd/key/proof/rules/wdSeqRules.key took 0 ms to parse. 
2625       WARN  main            d.u.i.k.n.ParsingFacade   Parsing time 330 ms. 
2628       WARN  main            d.u.i.k.n.ParsingFacade   file:/home/runner/work/key/key/key.core/build/resources/main/de/uka/ilkd/key/proof/rules/wdStringRules.key took 1 ms to parse. 
2628       WARN  main            d.u.i.k.n.ParsingFacade   Parsing time 331 ms. 
2631       WARN  main            d.u.i.k.n.ParsingFacade   file:/home/runner/work/key/key/key.core/build/resources/main/de/uka/ilkd/key/proof/rules/wdRegExRules.key took 0 ms to parse. 
2631       WARN  main            d.u.i.k.n.ParsingFacade   Parsing time 331 ms. 
2636       WARN  main            d.u.i.k.n.ParsingFacade   file:/home/runner/work/key/key/key.core/build/resources/main/de/uka/ilkd/key/proof/rules/wdFormulaRules.key took 4 ms to parse. 
2636       WARN  main            d.u.i.k.n.ParsingFacade   Parsing time 335 ms. 
2646       WARN  main            d.u.i.k.n.ParsingFacade   file:/home/runner/work/key/key/key.core/build/resources/main/de/uka/ilkd/key/proof/rules/loopInvariantRules.key took 0 ms to parse. 
2646       WARN  main            d.u.i.k.n.ParsingFacade   Parsing time 335 ms. 
2648       WARN  main            d.u.i.k.n.ParsingFacade   file:/home/runner/work/key/key/key.core/build/resources/main/de/uka/ilkd/key/proof/rules/forLoopRules.key took 0 ms to parse. 
2648       WARN  main            d.u.i.k.n.ParsingFacade   Parsing time 335 ms. 
2655       WARN  main            d.u.i.k.n.ParsingFacade   file:/home/runner/work/key/key/key.core/build/resources/main/de/uka/ilkd/key/proof/rules/execRules.key took 4 ms to parse. 
2656       WARN  main            d.u.i.k.n.ParsingFacade   Parsing time 339 ms. 
2731       WARN  main            d.u.i.k.n.ParsingFacade   file:/home/runner/work/key/key/key.core/build/resources/main/de/uka/ilkd/key/proof/rules/loopScopeRules.key took 3 ms to parse. 
2731       WARN  main            d.u.i.k.n.ParsingFacade   Parsing time 342 ms. 
5944       WARN  main            d.u.i.k.n.ParsingFacade   file:/home/runner/work/key/key/key.core/build/resources/main/de/uka/ilkd/key/java/JavaRedux/java/lang/String.key took 4 ms to parse. 
5944       WARN  main            d.u.i.k.n.ParsingFacade   Parsing time 346 ms. 
8138       DEBUG main            d.u.i.k.p.i.AbstractProblemLoader Init config took 7.42s 
8195       INFO  main            d.u.i.k.p.i.AbstractProblemLoader Replaying proof count.key 
8226       DEBUG main            d.u.i.k.p.i.IntermediateProofReplayer Proof replay took 32.7ns 
8229       WARN  main            d.u.i.k.n.ParsingFacade   /home/runner/work/key/key/key.core/../key.ui/examples/standard_key/pred_log/count.key took 1 ms to parse. 
8229       WARN  main            d.u.i.k.n.ParsingFacade   Parsing time 347 ms. 
8391       INFO  main            d.u.i.k.p.r.p.TestFile    ... finished proof: closed. 
8482       INFO  main            d.u.i.k.p.i.AbstractProblemLoader Loading environment from /home/runner/work/key/key/key.core/../key.ui/examples/standard_key/pred_log/count.key.proof 
8483       DEBUG main            d.u.i.k.p.i.AbstractProblemLoader Environment load took 391.81ns 
8483       WARN  main            d.u.i.k.n.ParsingFacade   /home/runner/work/key/key/key.core/../key.ui/examples/standard_key/pred_log/count.key.proof took 0 ms to parse. 
8484       WARN  main            d.u.i.k.n.ParsingFacade   Parsing time 347 ms. 
8487       INFO  main            d.u.i.k.p.i.AbstractProblemLoader Creating init config 
9370       WARN  main            d.u.i.k.n.ParsingFacade   file:/home/runner/work/key/key/key.core/build/resources/main/de/uka/ilkd/key/java/JavaRedux/java/lang/String.key took 2 ms to parse. 
9370       WARN  main            d.u.i.k.n.ParsingFacade   Parsing time 349 ms. 
11125      DEBUG main            d.u.i.k.p.i.AbstractProblemLoader Init config took 2.64s 
11156      INFO  main            d.u.i.k.p.i.AbstractProblemLoader Replaying proof count.key.proof 
11168      DEBUG main            d.u.i.k.p.i.IntermediateProofReplayer Proof replay took 8.12ms 
11169      WARN  main            d.u.i.k.n.ParsingFacade   /home/runner/work/key/key/key.core/../key.ui/examples/standard_key/pred_log/count.key.proof took 0 ms to parse. 
11169      WARN  main            d.u.i.k.n.ParsingFacade   Parsing time 349 ms. 
11184      DEBUG main            d.u.i.k.p.r.p.TestFile    ... success: reloaded. 
11189      INFO  main            d.u.i.k.p.r.p.TestFile    Now processing file /home/runner/work/key/key/key.core/../key.ui/examples/standard_key/pred_log/count2.key 
11190      INFO  main            d.u.i.k.p.i.AbstractProblemLoader Loading environment from /home/runner/work/key/key/key.core/../key.ui/examples/standard_key/pred_log/count2.key 
11190      DEBUG main            d.u.i.k.p.i.AbstractProblemLoader Environment load took 208.4ns 
11191      WARN  main            d.u.i.k.n.ParsingFacade   /home/runner/work/key/key/key.core/../key.ui/examples/standard_key/pred_log/count2.key took 0 ms to parse. 
11191      WARN  main            d.u.i.k.n.ParsingFacade   Parsing time 349 ms. 
11193      INFO  main            d.u.i.k.p.i.AbstractProblemLoader Creating init config 
12121      WARN  main            d.u.i.k.n.ParsingFacade   file:/home/runner/work/key/key/key.core/build/resources/main/de/uka/ilkd/key/java/JavaRedux/java/lang/String.key took 2 ms to parse. 
12121      WARN  main            d.u.i.k.n.ParsingFacade   Parsing time 351 ms. 
13858      DEBUG main            d.u.i.k.p.i.AbstractProblemLoader Init config took 2.66s 
13887      INFO  main            d.u.i.k.p.i.AbstractProblemLoader Replaying proof count2.key 
13889      DEBUG main            d.u.i.k.p.i.IntermediateProofReplayer Proof replay took 6ns 
13890      WARN  main            d.u.i.k.n.ParsingFacade   /home/runner/work/key/key/key.core/../key.ui/examples/standard_key/pred_log/count2.key took 0 ms to parse. 
13890      WARN  main            d.u.i.k.n.ParsingFacade   Parsing time 351 ms. 
13992      INFO  main            d.u.i.k.p.r.p.TestFile    ... finished proof: closed. 
14135      INFO  main            d.u.i.k.p.i.AbstractProblemLoader Loading environment from /home/runner/work/key/key/key.core/../key.ui/examples/standard_key/pred_log/count2.key.proof 
14135      DEBUG main            d.u.i.k.p.i.AbstractProblemLoader Environment load took 403.71ns 
14135      WARN  main            d.u.i.k.n.ParsingFacade   /home/runner/work/key/key/key.core/../key.ui/examples/standard_key/pred_log/count2.key.proof took 0 ms to parse. 
14136      WARN  main            d.u.i.k.n.ParsingFacade   Parsing time 351 ms. 
14137      INFO  main            d.u.i.k.p.i.AbstractProblemLoader Creating init config 
14987      WARN  main            d.u.i.k.n.ParsingFacade   file:/home/runner/work/key/key/key.core/build/resources/main/de/uka/ilkd/key/java/JavaRedux/java/lang/String.key took 1 ms to parse. 
14987      WARN  main            d.u.i.k.n.ParsingFacade   Parsing time 352 ms. 
16697      DEBUG main            d.u.i.k.p.i.AbstractProblemLoader Init config took 2.56s 
16721      INFO  main            d.u.i.k.p.i.AbstractProblemLoader Replaying proof count2.key.proof 
16727      DEBUG main            d.u.i.k.p.i.IntermediateProofReplayer Proof replay took 3.74ms 
16728      WARN  main            d.u.i.k.n.ParsingFacade   /home/runner/work/key/key/key.core/../key.ui/examples/standard_key/pred_log/count2.key.proof took 0 ms to parse. 
16728      WARN  main            d.u.i.k.n.ParsingFacade   Parsing time 352 ms. 
16728      DEBUG main            d.u.i.k.p.r.p.TestFile    ... success: reloaded. 
16729      INFO  main            d.u.i.k.p.r.p.TestFile    Now processing file /home/runner/work/key/key/key.core/../key.ui/examples/standard_key/pred_log/count3.key 
16729      INFO  main            d.u.i.k.p.i.AbstractProblemLoader Loading environment from /home/runner/work/key/key/key.core/../key.ui/examples/standard_key/pred_log/count3.key 
16729      DEBUG main            d.u.i.k.p.i.AbstractProblemLoader Environment load took 167.9ns 
16730      WARN  main            d.u.i.k.n.ParsingFacade   /home/runner/work/key/key/key.core/../key.ui/examples/standard_key/pred_log/count3.key took 0 ms to parse. 
16730      WARN  main            d.u.i.k.n.ParsingFacade   Parsing time 352 ms. 
16731      INFO  main            d.u.i.k.p.i.AbstractProblemLoader Creating init config 
17549      WARN  main            d.u.i.k.n.ParsingFacade   file:/home/runner/work/key/key/key.core/build/resources/main/de/uka/ilkd/key/java/JavaRedux/java/lang/String.key took 1 ms to parse. 
17550      WARN  main            d.u.i.k.n.ParsingFacade   Parsing time 353 ms. 
19218      DEBUG main            d.u.i.k.p.i.AbstractProblemLoader Init config took 2.49s 
19239      INFO  main            d.u.i.k.p.i.AbstractProblemLoader Replaying proof count3.key 
19241      DEBUG main            d.u.i.k.p.i.IntermediateProofReplayer Proof replay took 7.3ns 
19242      WARN  main            d.u.i.k.n.ParsingFacade   /home/runner/work/key/key/key.core/../key.ui/examples/standard_key/pred_log/count3.key took 1 ms to parse. 
19242      WARN  main            d.u.i.k.n.ParsingFacade   Parsing time 354 ms. 
19347      INFO  main            d.u.i.k.p.r.p.TestFile    ... finished proof: closed. 
19470      INFO  main            d.u.i.k.p.i.AbstractProblemLoader Loading environment from /home/runner/work/key/key/key.core/../key.ui/examples/standard_key/pred_log/count3.key.proof 
19470      DEBUG main            d.u.i.k.p.i.AbstractProblemLoader Environment load took 106.8ns 
19470      WARN  main            d.u.i.k.n.ParsingFacade   /home/runner/work/key/key/key.core/../key.ui/examples/standard_key/pred_log/count3.key.proof took 0 ms to parse. 
19470      WARN  main            d.u.i.k.n.ParsingFacade   Parsing time 354 ms. 
19471      INFO  main            d.u.i.k.p.i.AbstractProblemLoader Creating init config 
20255      WARN  main            d.u.i.k.n.ParsingFacade   file:/home/runner/work/key/key/key.core/build/resources/main/de/uka/ilkd/key/java/JavaRedux/java/lang/String.key took 1 ms to parse. 
20256      WARN  main            d.u.i.k.n.ParsingFacade   Parsing time 355 ms. 
21947      DEBUG main            d.u.i.k.p.i.AbstractProblemLoader Init config took 2.48s 
21969      INFO  main            d.u.i.k.p.i.AbstractProblemLoader Replaying proof count3.key.proof 
21981      DEBUG main            d.u.i.k.p.i.IntermediateProofReplayer Proof replay took 9.57ms 
21982      WARN  main            d.u.i.k.n.ParsingFacade   /home/runner/work/key/key/key.core/../key.ui/examples/standard_key/pred_log/count3.key.proof took 0 ms to parse. 
21983      WARN  main            d.u.i.k.n.ParsingFacade   Parsing time 355 ms. 
21983      DEBUG main            d.u.i.k.p.r.p.TestFile    ... success: reloaded. 
21984      INFO  main            d.u.i.k.p.r.p.TestFile    Now processing file /home/runner/work/key/key/key.core/../key.ui/examples/standard_key/pred_log/equalities.key 
21985      INFO  main            d.u.i.k.p.i.AbstractProblemLoader Loading environment from /home/runner/work/key/key/key.core/../key.ui/examples/standard_key/pred_log/equalities.key 
21985      DEBUG main            d.u.i.k.p.i.AbstractProblemLoader Environment load took 655.31ns 
21986      WARN  main            d.u.i.k.n.ParsingFacade   /home/runner/work/key/key/key.core/../key.ui/examples/standard_key/pred_log/equalities.key took 0 ms to parse. 
21986      WARN  main            d.u.i.k.n.ParsingFacade   Parsing time 355 ms. 
21988      INFO  main            d.u.i.k.p.i.AbstractProblemLoader Creating init config 
22802      WARN  main            d.u.i.k.n.ParsingFacade   file:/home/runner/work/key/key/key.core/build/resources/main/de/uka/ilkd/key/java/JavaRedux/java/lang/String.key took 1 ms to parse. 
22802      WARN  main            d.u.i.k.n.ParsingFacade   Parsing time 356 ms. 
24460      DEBUG main            d.u.i.k.p.i.AbstractProblemLoader Init config took 2.47s 
24479      INFO  main            d.u.i.k.p.i.AbstractProblemLoader Replaying proof equalities.key 
24480      DEBUG main            d.u.i.k.p.i.IntermediateProofReplayer Proof replay took 6.8ns 
24481      WARN  main            d.u.i.k.n.ParsingFacade   /home/runner/work/key/key/key.core/../key.ui/examples/standard_key/pred_log/equalities.key took 1 ms to parse. 
24481      WARN  main            d.u.i.k.n.ParsingFacade   Parsing time 357 ms. 
24583      INFO  main            d.u.i.k.p.r.p.TestFile    ... finished proof: closed. 
24715      INFO  main            d.u.i.k.p.i.AbstractProblemLoader Loading environment from /home/runner/work/key/key/key.core/../key.ui/examples/standard_key/pred_log/equalities.key.proof 
24715      DEBUG main            d.u.i.k.p.i.AbstractProblemLoader Environment load took 106.6ns 
24715      WARN  main            d.u.i.k.n.ParsingFacade   /home/runner/work/key/key/key.core/../key.ui/examples/standard_key/pred_log/equalities.key.proof took 0 ms to parse. 
24715      WARN  main            d.u.i.k.n.ParsingFacade   Parsing time 357 ms. 
24716      INFO  main            d.u.i.k.p.i.AbstractProblemLoader Creating init config 
25497      WARN  main            d.u.i.k.n.ParsingFacade   file:/home/runner/work/key/key/key.core/build/resources/main/de/uka/ilkd/key/java/JavaRedux/java/lang/String.key took 1 ms to parse. 
25497      WARN  main            d.u.i.k.n.ParsingFacade   Parsing time 358 ms. 
27186      DEBUG main            d.u.i.k.p.i.AbstractProblemLoader Init config took 2.47s 
27206      INFO  main            d.u.i.k.p.i.AbstractProblemLoader Replaying proof equalities.key.proof 
27209      DEBUG main            d.u.i.k.p.i.IntermediateProofReplayer Proof replay took 1.7ms 
27210      WARN  main            d.u.i.k.n.ParsingFacade   /home/runner/work/key/key/key.core/../key.ui/examples/standard_key/pred_log/equalities.key.proof took 0 ms to parse. 
27210      WARN  main            d.u.i.k.n.ParsingFacade   Parsing time 358 ms. 
27211      DEBUG main            d.u.i.k.p.r.p.TestFile    ... success: reloaded. 
27211      INFO  main            d.u.i.k.p.r.p.TestFile    Now processing file /home/runner/work/key/key/key.core/../key.ui/examples/standard_key/pred_log/equalities2.key 
27212      INFO  main            d.u.i.k.p.i.AbstractProblemLoader Loading environment from /home/runner/work/key/key/key.core/../key.ui/examples/standard_key/pred_log/equalities2.key 
27212      DEBUG main            d.u.i.k.p.i.AbstractProblemLoader Environment load took 165.3ns 
27212      WARN  main            d.u.i.k.n.ParsingFacade   /home/runner/work/key/key/key.core/../key.ui/examples/standard_key/pred_log/equalities2.key took 0 ms to parse. 
27212      WARN  main            d.u.i.k.n.ParsingFacade   Parsing time 358 ms. 
27213      INFO  main            d.u.i.k.p.i.AbstractProblemLoader Creating init config 
28008      WARN  main            d.u.i.k.n.ParsingFacade   file:/home/runner/work/key/key/key.core/build/resources/main/de/uka/ilkd/key/java/JavaRedux/java/lang/String.key took 1 ms to parse. 
28008      WARN  main            d.u.i.k.n.ParsingFacade   Parsing time 359 ms. 
29663      DEBUG main            d.u.i.k.p.i.AbstractProblemLoader Init config took 2.45s 
29682      INFO  main            d.u.i.k.p.i.AbstractProblemLoader Replaying proof equalities2.key 
29683      DEBUG main            d.u.i.k.p.i.IntermediateProofReplayer Proof replay took 7ns 
29684      WARN  main            d.u.i.k.n.ParsingFacade   /home/runner/work/key/key/key.core/../key.ui/examples/standard_key/pred_log/equalities2.key took 0 ms to parse. 
29684      WARN  main            d.u.i.k.n.ParsingFacade   Parsing time 359 ms. 
29786      INFO  main            d.u.i.k.p.r.p.TestFile    ... finished proof: closed. 
29924      INFO  main            d.u.i.k.p.i.AbstractProblemLoader Loading environment from /home/runner/work/key/key/key.core/../key.ui/examples/standard_key/pred_log/equalities2.key.proof 
29924      DEBUG main            d.u.i.k.p.i.AbstractProblemLoader Environment load took 102.1ns 
29924      WARN  main            d.u.i.k.n.ParsingFacade   /home/runner/work/key/key/key.core/../key.ui/examples/standard_key/pred_log/equalities2.key.proof took 0 ms to parse. 
29925      WARN  main            d.u.i.k.n.ParsingFacade   Parsing time 359 ms. 
29926      INFO  main            d.u.i.k.p.i.AbstractProblemLoader Creating init config 
30682      WARN  main            d.u.i.k.n.ParsingFacade   file:/home/runner/work/key/key/key.core/build/resources/main/de/uka/ilkd/key/java/JavaRedux/java/lang/String.key took 1 ms to parse. 
30682      WARN  main            d.u.i.k.n.ParsingFacade   Parsing time 360 ms. 
32337      DEBUG main            d.u.i.k.p.i.AbstractProblemLoader Init config took 2.41s 
32355      INFO  main            d.u.i.k.p.i.AbstractProblemLoader Replaying proof equalities2.key.proof 
32361      DEBUG main            d.u.i.k.p.i.IntermediateProofReplayer Proof replay took 3.92ms 
32362      WARN  main            d.u.i.k.n.ParsingFacade   /home/runner/work/key/key/key.core/../key.ui/examples/standard_key/pred_log/equalities2.key.proof took 0 ms to parse. 
32362      WARN  main            d.u.i.k.n.ParsingFacade   Parsing time 360 ms. 
32362      DEBUG main            d.u.i.k.p.r.p.TestFile    ... success: reloaded. 
32363      INFO  main            d.u.i.k.p.r.p.TestFile    Now processing file /home/runner/work/key/key/key.core/../key.ui/examples/standard_key/pred_log/equalities3.key 
32363      INFO  main            d.u.i.k.p.i.AbstractProblemLoader Loading environment from /home/runner/work/key/key/key.core/../key.ui/examples/standard_key/pred_log/equalities3.key 
32363      DEBUG main            d.u.i.k.p.i.AbstractProblemLoader Environment load took 161.7ns 
32364      WARN  main            d.u.i.k.n.ParsingFacade   /home/runner/work/key/key/key.core/../key.ui/examples/standard_key/pred_log/equalities3.key took 0 ms to parse. 
32364      WARN  main            d.u.i.k.n.ParsingFacade   Parsing time 360 ms. 
32365      INFO  main            d.u.i.k.p.i.AbstractProblemLoader Creating init config 
33140      WARN  main            d.u.i.k.n.ParsingFacade   file:/home/runner/work/key/key/key.core/build/resources/main/de/uka/ilkd/key/java/JavaRedux/java/lang/String.key took 1 ms to parse. 
33141      WARN  main            d.u.i.k.n.ParsingFacade   Parsing time 361 ms. 
34800      DEBUG main            d.u.i.k.p.i.AbstractProblemLoader Init config took 2.44s 
34818      INFO  main            d.u.i.k.p.i.AbstractProblemLoader Replaying proof equalities3.key 
34820      DEBUG main            d.u.i.k.p.i.IntermediateProofReplayer Proof replay took 7ns 
34820      WARN  main            d.u.i.k.n.ParsingFacade   /home/runner/work/key/key/key.core/../key.ui/examples/standard_key/pred_log/equalities3.key took 0 ms to parse. 
34821      WARN  main            d.u.i.k.n.ParsingFacade   Parsing time 361 ms. 
34926      INFO  main            d.u.i.k.p.r.p.TestFile    ... finished proof: closed. 
35069      INFO  main            d.u.i.k.p.i.AbstractProblemLoader Loading environment from /home/runner/work/key/key/key.core/../key.ui/examples/standard_key/pred_log/equalities3.key.proof 
35069      DEBUG main            d.u.i.k.p.i.AbstractProblemLoader Environment load took 97.3ns 
35069      WARN  main            d.u.i.k.n.ParsingFacade   /home/runner/work/key/key/key.core/../key.ui/examples/standard_key/pred_log/equalities3.key.proof took 0 ms to parse. 
35069      WARN  main            d.u.i.k.n.ParsingFacade   Parsing time 361 ms. 
35070      INFO  main            d.u.i.k.p.i.AbstractProblemLoader Creating init config 
35817      WARN  main            d.u.i.k.n.ParsingFacade   file:/home/runner/work/key/key/key.core/build/resources/main/de/uka/ilkd/key/java/JavaRedux/java/lang/String.key took 1 ms to parse. 
35817      WARN  main            d.u.i.k.n.ParsingFacade   Parsing time 362 ms. 
37463      DEBUG main            d.u.i.k.p.i.AbstractProblemLoader Init config took 2.39s 
37480      INFO  main            d.u.i.k.p.i.AbstractProblemLoader Replaying proof equalities3.key.proof 
37488      DEBUG main            d.u.i.k.p.i.IntermediateProofReplayer Proof replay took 7.13ms 
37489      WARN  main            d.u.i.k.n.ParsingFacade   /home/runner/work/key/key/key.core/../key.ui/examples/standard_key/pred_log/equalities3.key.proof took 0 ms to parse. 
37490      WARN  main            d.u.i.k.n.ParsingFacade   Parsing time 362 ms. 
37490      DEBUG main            d.u.i.k.p.r.p.TestFile    ... success: reloaded. 
37491      INFO  main            d.u.i.k.p.r.p.TestFile    Now processing file /home/runner/work/key/key/key.core/../key.ui/examples/standard_key/pred_log/functions.key 
37491      INFO  main            d.u.i.k.p.i.AbstractProblemLoader Loading environment from /home/runner/work/key/key/key.core/../key.ui/examples/standard_key/pred_log/functions.key 
37491      DEBUG main            d.u.i.k.p.i.AbstractProblemLoader Environment load took 155.4ns 
37492      WARN  main            d.u.i.k.n.ParsingFacade   /home/runner/work/key/key/key.core/../key.ui/examples/standard_key/pred_log/functions.key took 0 ms to parse. 
37492      WARN  main            d.u.i.k.n.ParsingFacade   Parsing time 362 ms. 
37494      INFO  main            d.u.i.k.p.i.AbstractProblemLoader Creating init config 
38272      WARN  main            d.u.i.k.n.ParsingFacade   file:/home/runner/work/key/key/key.core/build/resources/main/de/uka/ilkd/key/java/JavaRedux/java/lang/String.key took 1 ms to parse. 
38272      WARN  main            d.u.i.k.n.ParsingFacade   Parsing time 363 ms. 
39922      DEBUG main            d.u.i.k.p.i.AbstractProblemLoader Init config took 2.43s 
39937      INFO  main            d.u.i.k.p.i.AbstractProblemLoader Replaying proof functions.key 
39939      DEBUG main            d.u.i.k.p.i.IntermediateProofReplayer Proof replay took 6.7ns 
39939      WARN  main            d.u.i.k.n.ParsingFacade   /home/runner/work/key/key/key.core/../key.ui/examples/standard_key/pred_log/functions.key took 0 ms to parse. 
39939      WARN  main            d.u.i.k.n.ParsingFacade   Parsing time 363 ms. 
40044      INFO  main            d.u.i.k.p.r.p.TestFile    ... finished proof: closed. 
40197      INFO  main            d.u.i.k.p.i.AbstractProblemLoader Loading environment from /home/runner/work/key/key/key.core/../key.ui/examples/standard_key/pred_log/functions.key.proof 
40198      DEBUG main            d.u.i.k.p.i.AbstractProblemLoader Environment load took 96.2ns 
40198      WARN  main            d.u.i.k.n.ParsingFacade   /home/runner/work/key/key/key.core/../key.ui/examples/standard_key/pred_log/functions.key.proof took 0 ms to parse. 
40198      WARN  main            d.u.i.k.n.ParsingFacade   Parsing time 363 ms. 
40200      INFO  main            d.u.i.k.p.i.AbstractProblemLoader Creating init config 
40946      WARN  main            d.u.i.k.n.ParsingFacade   file:/home/runner/work/key/key/key.core/build/resources/main/de/uka/ilkd/key/java/JavaRedux/java/lang/String.key took 1 ms to parse. 
40946      WARN  main            d.u.i.k.n.ParsingFacade   Parsing time 364 ms. 
42572      DEBUG main            d.u.i.k.p.i.AbstractProblemLoader Init config took 2.37s 
42587      INFO  main            d.u.i.k.p.i.AbstractProblemLoader Replaying proof functions.key.proof 
42591      DEBUG main            d.u.i.k.p.i.IntermediateProofReplayer Proof replay took 2.4ms 
42592      WARN  main            d.u.i.k.n.ParsingFacade   /home/runner/work/key/key/key.core/../key.ui/examples/standard_key/pred_log/functions.key.proof took 0 ms to parse. 
42592      WARN  main            d.u.i.k.n.ParsingFacade   Parsing time 364 ms. 
42592      DEBUG main            d.u.i.k.p.r.p.TestFile    ... success: reloaded. 
42593      INFO  main            d.u.i.k.p.r.p.TestFile    Now processing file /home/runner/work/key/key/key.core/../key.ui/examples/standard_key/pred_log/mv1.key 
42593      INFO  main            d.u.i.k.p.i.AbstractProblemLoader Loading environment from /home/runner/work/key/key/key.core/../key.ui/examples/standard_key/pred_log/mv1.key 
42594      DEBUG main            d.u.i.k.p.i.AbstractProblemLoader Environment load took 150.9ns 
42594      WARN  main            d.u.i.k.n.ParsingFacade   /home/runner/work/key/key/key.core/../key.ui/examples/standard_key/pred_log/mv1.key took 0 ms to parse. 
42594      WARN  main            d.u.i.k.n.ParsingFacade   Parsing time 364 ms. 
42595      INFO  main            d.u.i.k.p.i.AbstractProblemLoader Creating init config 
43379      WARN  main            d.u.i.k.n.ParsingFacade   file:/home/runner/work/key/key/key.core/build/resources/main/de/uka/ilkd/key/java/JavaRedux/java/lang/String.key took 1 ms to parse. 
43379      WARN  main            d.u.i.k.n.ParsingFacade   Parsing time 365 ms. 
45025      DEBUG main            d.u.i.k.p.i.AbstractProblemLoader Init config took 2.43s 
45040      INFO  main            d.u.i.k.p.i.AbstractProblemLoader Replaying proof mv1.key 
45041      DEBUG main            d.u.i.k.p.i.IntermediateProofReplayer Proof replay took 6.9ns 
45042      WARN  main            d.u.i.k.n.ParsingFacade   /home/runner/work/key/key/key.core/../key.ui/examples/standard_key/pred_log/mv1.key took 0 ms to parse. 
45042      WARN  main            d.u.i.k.n.ParsingFacade   Parsing time 365 ms. 
45143      INFO  main            d.u.i.k.p.r.p.TestFile    ... finished proof: closed. 
45309      INFO  main            d.u.i.k.p.i.AbstractProblemLoader Loading environment from /home/runner/work/key/key/key.core/../key.ui/examples/standard_key/pred_log/mv1.key.proof 
45309      DEBUG main            d.u.i.k.p.i.AbstractProblemLoader Environment load took 99.6ns 
45309      WARN  main            d.u.i.k.n.ParsingFacade   /home/runner/work/key/key/key.core/../key.ui/examples/standard_key/pred_log/mv1.key.proof took 0 ms to parse. 
45309      WARN  main            d.u.i.k.n.ParsingFacade   Parsing time 365 ms. 
45310      INFO  main            d.u.i.k.p.i.AbstractProblemLoader Creating init config 
46063      WARN  main            d.u.i.k.n.ParsingFacade   file:/home/runner/work/key/key/key.core/build/resources/main/de/uka/ilkd/key/java/JavaRedux/java/lang/String.key took 1 ms to parse. 
46063      WARN  main            d.u.i.k.n.ParsingFacade   Parsing time 366 ms. 
47691      DEBUG main            d.u.i.k.p.i.AbstractProblemLoader Init config took 2.38s 
47706      INFO  main            d.u.i.k.p.i.AbstractProblemLoader Replaying proof mv1.key.proof 
47709      DEBUG main            d.u.i.k.p.i.IntermediateProofReplayer Proof replay took 1.05ms 
47710      WARN  main            d.u.i.k.n.ParsingFacade   /home/runner/work/key/key/key.core/../key.ui/examples/standard_key/pred_log/mv1.key.proof took 1 ms to parse. 
47710      WARN  main            d.u.i.k.n.ParsingFacade   Parsing time 367 ms. 
47710      DEBUG main            d.u.i.k.p.r.p.TestFile    ... success: reloaded. 
47711      INFO  main            d.u.i.k.p.r.p.TestFile    Now processing file /home/runner/work/key/key/key.core/../key.ui/examples/standard_key/pred_log/mv2.key 
47711      INFO  main            d.u.i.k.p.i.AbstractProblemLoader Loading environment from /home/runner/work/key/key/key.core/../key.ui/examples/standard_key/pred_log/mv2.key 
47711      DEBUG main            d.u.i.k.p.i.AbstractProblemLoader Environment load took 162.7ns 
47711      WARN  main            d.u.i.k.n.ParsingFacade   /home/runner/work/key/key/key.core/../key.ui/examples/standard_key/pred_log/mv2.key took 0 ms to parse. 
47712      WARN  main            d.u.i.k.n.ParsingFacade   Parsing time 367 ms. 
47712      INFO  main            d.u.i.k.p.i.AbstractProblemLoader Creating init config 
48465      WARN  main            d.u.i.k.n.ParsingFacade   file:/home/runner/work/key/key/key.core/build/resources/main/de/uka/ilkd/key/java/JavaRedux/java/lang/String.key took 1 ms to parse. 
48465      WARN  main            d.u.i.k.n.ParsingFacade   Parsing time 368 ms. 
50120      DEBUG main            d.u.i.k.p.i.AbstractProblemLoader Init config took 2.41s 
50137      INFO  main            d.u.i.k.p.i.AbstractProblemLoader Replaying proof mv2.key 
50138      DEBUG main            d.u.i.k.p.i.IntermediateProofReplayer Proof replay took 7.1ns 
50139      WARN  main            d.u.i.k.n.ParsingFacade   /home/runner/work/key/key/key.core/../key.ui/examples/standard_key/pred_log/mv2.key took 0 ms to parse. 
50139      WARN  main            d.u.i.k.n.ParsingFacade   Parsing time 368 ms. 
50243      INFO  main            d.u.i.k.p.r.p.TestFile    ... finished proof: closed. 
50398      INFO  main            d.u.i.k.p.i.AbstractProblemLoader Loading environment from /home/runner/work/key/key/key.core/../key.ui/examples/standard_key/pred_log/mv2.key.proof 
50398      DEBUG main            d.u.i.k.p.i.AbstractProblemLoader Environment load took 86ns 
50398      WARN  main            d.u.i.k.n.ParsingFacade   /home/runner/work/key/key/key.core/../key.ui/examples/standard_key/pred_log/mv2.key.proof took 0 ms to parse. 
50398      WARN  main            d.u.i.k.n.ParsingFacade   Parsing time 368 ms. 
50399      INFO  main            d.u.i.k.p.i.AbstractProblemLoader Creating init config 
51151      WARN  main            d.u.i.k.n.ParsingFacade   file:/home/runner/work/key/key/key.core/build/resources/main/de/uka/ilkd/key/java/JavaRedux/java/lang/String.key took 1 ms to parse. 
51151      WARN  main            d.u.i.k.n.ParsingFacade   Parsing time 369 ms. 
52796      DEBUG main            d.u.i.k.p.i.AbstractProblemLoader Init config took 2.4s 
52810      INFO  main            d.u.i.k.p.i.AbstractProblemLoader Replaying proof mv2.key.proof 
52813      DEBUG main            d.u.i.k.p.i.IntermediateProofReplayer Proof replay took 1.59ms 
52814      WARN  main            d.u.i.k.n.ParsingFacade   /home/runner/work/key/key/key.core/../key.ui/examples/standard_key/pred_log/mv2.key.proof took 0 ms to parse. 
52814      WARN  main            d.u.i.k.n.ParsingFacade   Parsing time 369 ms. 
52814      DEBUG main            d.u.i.k.p.r.p.TestFile    ... success: reloaded. 
52814      INFO  main            d.u.i.k.p.r.p.TestFile    Now processing file /home/runner/work/key/key/key.core/../key.ui/examples/standard_key/pred_log/quantifiers.key 
52815      INFO  main            d.u.i.k.p.i.AbstractProblemLoader Loading environment from /home/runner/work/key/key/key.core/../key.ui/examples/standard_key/pred_log/quantifiers.key 
52815      DEBUG main            d.u.i.k.p.i.AbstractProblemLoader Environment load took 74.2ns 
52815      WARN  main            d.u.i.k.n.ParsingFacade   /home/runner/work/key/key/key.core/../key.ui/examples/standard_key/pred_log/quantifiers.key took 0 ms to parse. 
52815      WARN  main            d.u.i.k.n.ParsingFacade   Parsing time 369 ms. 
52816      INFO  main            d.u.i.k.p.i.AbstractProblemLoader Creating init config 
53576      WARN  main            d.u.i.k.n.ParsingFacade   file:/home/runner/work/key/key/key.core/build/resources/main/de/uka/ilkd/key/java/JavaRedux/java/lang/String.key took 1 ms to parse. 
53577      WARN  main            d.u.i.k.n.ParsingFacade   Parsing time 370 ms. 
55206      DEBUG main            d.u.i.k.p.i.AbstractProblemLoader Init config took 2.39s 
55221      INFO  main            d.u.i.k.p.i.AbstractProblemLoader Replaying proof quantifiers.key 
55223      DEBUG main            d.u.i.k.p.i.IntermediateProofReplayer Proof replay took 7.3ns 
55223      WARN  main            d.u.i.k.n.ParsingFacade   /home/runner/work/key/key/key.core/../key.ui/examples/standard_key/pred_log/quantifiers.key took 0 ms to parse. 
55223      WARN  main            d.u.i.k.n.ParsingFacade   Parsing time 370 ms. 
55327      INFO  main            d.u.i.k.p.r.p.TestFile    ... finished proof: closed. 
55498      INFO  main            d.u.i.k.p.i.AbstractProblemLoader Loading environment from /home/runner/work/key/key/key.core/../key.ui/examples/standard_key/pred_log/quantifiers.key.proof 
55498      DEBUG main            d.u.i.k.p.i.AbstractProblemLoader Environment load took 86.5ns 
55498      WARN  main            d.u.i.k.n.ParsingFacade   /home/runner/work/key/key/key.core/../key.ui/examples/standard_key/pred_log/quantifiers.key.proof took 0 ms to parse. 
55498      WARN  main            d.u.i.k.n.ParsingFacade   Parsing time 370 ms. 
55499      INFO  main            d.u.i.k.p.i.AbstractProblemLoader Creating init config 
56236      WARN  main            d.u.i.k.n.ParsingFacade   file:/home/runner/work/key/key/key.core/build/resources/main/de/uka/ilkd/key/java/JavaRedux/java/lang/String.key took 1 ms to parse. 
56236      WARN  main            d.u.i.k.n.ParsingFacade   Parsing time 371 ms. 
57848      DEBUG main            d.u.i.k.p.i.AbstractProblemLoader Init config took 2.35s 
57862      INFO  main            d.u.i.k.p.i.AbstractProblemLoader Replaying proof quantifiers.key.proof 
57866      DEBUG main            d.u.i.k.p.i.IntermediateProofReplayer Proof replay took 2.27ms 
57866      WARN  main            d.u.i.k.n.ParsingFacade   /home/runner/work/key/key/key.core/../key.ui/examples/standard_key/pred_log/quantifiers.key.proof took 0 ms to parse. 
57867      WARN  main            d.u.i.k.n.ParsingFacade   Parsing time 371 ms. 
57867      DEBUG main            d.u.i.k.p.r.p.TestFile    ... success: reloaded. 
57867      INFO  main            d.u.i.k.p.r.p.TestFile    Now processing file /home/runner/work/key/key/key.core/../key.ui/examples/standard_key/pred_log/simpleEps.key 
57868      INFO  main            d.u.i.k.p.i.AbstractProblemLoader Loading environment from /home/runner/work/key/key/key.core/../key.ui/examples/standard_key/pred_log/simpleEps.key 
57868      DEBUG main            d.u.i.k.p.i.AbstractProblemLoader Environment load took 84.1ns 
57868      WARN  main            d.u.i.k.n.ParsingFacade   /home/runner/work/key/key/key.core/../key.ui/examples/standard_key/pred_log/simpleEps.key took 0 ms to parse. 
57868      WARN  main            d.u.i.k.n.ParsingFacade   Parsing time 371 ms. 
57869      INFO  main            d.u.i.k.p.i.AbstractProblemLoader Creating init config 
58647      WARN  main            d.u.i.k.n.ParsingFacade   file:/home/runner/work/key/key/key.core/build/resources/main/de/uka/ilkd/key/java/JavaRedux/java/lang/String.key took 1 ms to parse. 
58647      WARN  main            d.u.i.k.n.ParsingFacade   Parsing time 372 ms. 
60268      DEBUG main            d.u.i.k.p.i.AbstractProblemLoader Init config took 2.4s 
60282      INFO  main            d.u.i.k.p.i.AbstractProblemLoader Replaying proof simpleEps.key 
60283      DEBUG main            d.u.i.k.p.i.IntermediateProofReplayer Proof replay took 6.9ns 
60284      WARN  main            d.u.i.k.n.ParsingFacade   /home/runner/work/key/key/key.core/../key.ui/examples/standard_key/pred_log/simpleEps.key took 1 ms to parse. 
60284      WARN  main            d.u.i.k.n.ParsingFacade   Parsing time 373 ms. 
60387      INFO  main            d.u.i.k.p.r.p.TestFile    ... finished proof: closed. 
60567      INFO  main            d.u.i.k.p.i.AbstractProblemLoader Loading environment from /home/runner/work/key/key/key.core/../key.ui/examples/standard_key/pred_log/simpleEps.key.proof 
60567      DEBUG main            d.u.i.k.p.i.AbstractProblemLoader Environment load took 88.1ns 
60567      WARN  main            d.u.i.k.n.ParsingFacade   /home/runner/work/key/key/key.core/../key.ui/examples/standard_key/pred_log/simpleEps.key.proof took 0 ms to parse. 
60567      WARN  main            d.u.i.k.n.ParsingFacade   Parsing time 373 ms. 
60568      INFO  main            d.u.i.k.p.i.AbstractProblemLoader Creating init config 
61309      WARN  main            d.u.i.k.n.ParsingFacade   file:/home/runner/work/key/key/key.core/build/resources/main/de/uka/ilkd/key/java/JavaRedux/java/lang/String.key took 2 ms to parse. 
61309      WARN  main            d.u.i.k.n.ParsingFacade   Parsing time 375 ms. 
62917      DEBUG main            d.u.i.k.p.i.AbstractProblemLoader Init config took 2.35s 
62933      INFO  main            d.u.i.k.p.i.AbstractProblemLoader Replaying proof simpleEps.key.proof 
62936      DEBUG main            d.u.i.k.p.i.IntermediateProofReplayer Proof replay took 1.33ms 
62936      WARN  main            d.u.i.k.n.ParsingFacade   /home/runner/work/key/key/key.core/../key.ui/examples/standard_key/pred_log/simpleEps.key.proof took 0 ms to parse. 
62936      WARN  main            d.u.i.k.n.ParsingFacade   Parsing time 375 ms. 
62937      DEBUG main            d.u.i.k.p.r.p.TestFile    ... success: reloaded. 
62937      INFO  main            d.u.i.k.p.r.p.TestFile    Now processing file /home/runner/work/key/key/key.core/../key.ui/examples/standard_key/pred_log/steam1.key 
62937      INFO  main            d.u.i.k.p.i.AbstractProblemLoader Loading environment from /home/runner/work/key/key/key.core/../key.ui/examples/standard_key/pred_log/steam1.key 
62937      DEBUG main            d.u.i.k.p.i.AbstractProblemLoader Environment load took 72.5ns 
62939      WARN  main            d.u.i.k.n.ParsingFacade   /home/runner/work/key/key/key.core/../key.ui/examples/standard_key/pred_log/steam1.key took 1 ms to parse. 
62939      WARN  main            d.u.i.k.n.ParsingFacade   Parsing time 376 ms. 
62939      INFO  main            d.u.i.k.p.i.AbstractProblemLoader Creating init config 
63745      WARN  main            d.u.i.k.n.ParsingFacade   file:/home/runner/work/key/key/key.core/build/resources/main/de/uka/ilkd/key/java/JavaRedux/java/lang/String.key took 1 ms to parse. 
63746      WARN  main            d.u.i.k.n.ParsingFacade   Parsing time 377 ms. 
65343      DEBUG main            d.u.i.k.p.i.AbstractProblemLoader Init config took 2.4s 
65362      INFO  main            d.u.i.k.p.i.AbstractProblemLoader Replaying proof steam1.key 
65363      DEBUG main            d.u.i.k.p.i.IntermediateProofReplayer Proof replay took 6.8ns 
65364      WARN  main            d.u.i.k.n.ParsingFacade   /home/runner/work/key/key/key.core/../key.ui/examples/standard_key/pred_log/steam1.key took 1 ms to parse. 
65364      WARN  main            d.u.i.k.n.ParsingFacade   Parsing time 378 ms. 
65671      INFO  main            d.u.i.k.p.r.p.TestFile    ... finished proof: closed. 
65872      INFO  main            d.u.i.k.p.i.AbstractProblemLoader Loading environment from /home/runner/work/key/key/key.core/../key.ui/examples/standard_key/pred_log/steam1.key.proof 
65872      DEBUG main            d.u.i.k.p.i.AbstractProblemLoader Environment load took 307.7ns 
65874      WARN  main            d.u.i.k.n.ParsingFacade   /home/runner/work/key/key/key.core/../key.ui/examples/standard_key/pred_log/steam1.key.proof took 1 ms to parse. 
65876      WARN  main            d.u.i.k.n.ParsingFacade   Parsing time 379 ms. 
65877      INFO  main            d.u.i.k.p.i.AbstractProblemLoader Creating init config 
66637      WARN  main            d.u.i.k.n.ParsingFacade   file:/home/runner/work/key/key/key.core/build/resources/main/de/uka/ilkd/key/java/JavaRedux/java/lang/String.key took 1 ms to parse. 
66637      WARN  main            d.u.i.k.n.ParsingFacade   Parsing time 380 ms. 
68227      DEBUG main            d.u.i.k.p.i.AbstractProblemLoader Init config took 2.35s 
68246      INFO  main            d.u.i.k.p.i.AbstractProblemLoader Replaying proof steam1.key.proof 
68274      DEBUG main            d.u.i.k.p.i.IntermediateProofReplayer Proof replay took 24.61ms 
68276      WARN  main            d.u.i.k.n.ParsingFacade   /home/runner/work/key/key/key.core/../key.ui/examples/standard_key/pred_log/steam1.key.proof took 0 ms to parse. 
68276      WARN  main            d.u.i.k.n.ParsingFacade   Parsing time 380 ms. 
68276      DEBUG main            d.u.i.k.p.r.p.TestFile    ... success: reloaded. 
68276      INFO  main            d.u.i.k.p.r.p.TestFile    Now processing file /home/runner/work/key/key/key.core/../key.ui/examples/standard_key/pred_log/tptp/PUZ/PUZ001p1.key 
68276      INFO  main            d.u.i.k.p.i.AbstractProblemLoader Loading environment from /home/runner/work/key/key/key.core/../key.ui/examples/standard_key/pred_log/tptp/PUZ/PUZ001p1.key 
68277      DEBUG main            d.u.i.k.p.i.AbstractProblemLoader Environment load took 50.2ns 
68278      WARN  main            d.u.i.k.n.ParsingFacade   /home/runner/work/key/key/key.core/../key.ui/examples/standard_key/pred_log/tptp/PUZ/PUZ001p1.key took 0 ms to parse. 
68279      WARN  main            d.u.i.k.n.ParsingFacade   Parsing time 380 ms. 
68279      INFO  main            d.u.i.k.p.i.AbstractProblemLoader Creating init config 
69042      WARN  main            d.u.i.k.n.ParsingFacade   file:/home/runner/work/key/key/key.core/build/resources/main/de/uka/ilkd/key/java/JavaRedux/java/lang/String.key took 1 ms to parse. 
69042      WARN  main            d.u.i.k.n.ParsingFacade   Parsing time 381 ms. 
70666      DEBUG main            d.u.i.k.p.i.AbstractProblemLoader Init config took 2.39s 
70682      INFO  main            d.u.i.k.p.i.AbstractProblemLoader Replaying proof PUZ001p1.key 
70683      DEBUG main            d.u.i.k.p.i.IntermediateProofReplayer Proof replay took 14.5ns 
70684      WARN  main            d.u.i.k.n.ParsingFacade   /home/runner/work/key/key/key.core/../key.ui/examples/standard_key/pred_log/tptp/PUZ/PUZ001p1.key took 0 ms to parse. 
70684      WARN  main            d.u.i.k.n.ParsingFacade   Parsing time 381 ms. 
73605      INFO  main            d.u.i.k.p.r.p.TestFile    ... finished proof: closed. 
73858      INFO  main            d.u.i.k.p.i.AbstractProblemLoader Loading environment from /home/runner/work/key/key/key.core/../key.ui/examples/standard_key/pred_log/tptp/PUZ/PUZ001p1.key.proof 
73859      DEBUG main            d.u.i.k.p.i.AbstractProblemLoader Environment load took 312.71ns 
73862      WARN  main            d.u.i.k.n.ParsingFacade   /home/runner/work/key/key/key.core/../key.ui/examples/standard_key/pred_log/tptp/PUZ/PUZ001p1.key.proof took 0 ms to parse. 
73862      WARN  main            d.u.i.k.n.ParsingFacade   Parsing time 381 ms. 
73863      INFO  main            d.u.i.k.p.i.AbstractProblemLoader Creating init config 
74626      WARN  main            d.u.i.k.n.ParsingFacade   file:/home/runner/work/key/key/key.core/build/resources/main/de/uka/ilkd/key/java/JavaRedux/java/lang/String.key took 1 ms to parse. 
74626      WARN  main            d.u.i.k.n.ParsingFacade   Parsing time 382 ms. 
76210      DEBUG main            d.u.i.k.p.i.AbstractProblemLoader Init config took 2.35s 
76226      INFO  main            d.u.i.k.p.i.AbstractProblemLoader Replaying proof PUZ001p1.key.proof 
76365      DEBUG main            d.u.i.k.p.i.IntermediateProofReplayer Proof replay took 130.08ms 
76366      WARN  main            d.u.i.k.n.ParsingFacade   /home/runner/work/key/key/key.core/../key.ui/examples/standard_key/pred_log/tptp/PUZ/PUZ001p1.key.proof took 0 ms to parse. 
76367      WARN  main            d.u.i.k.n.ParsingFacade   Parsing time 382 ms. 
76367      DEBUG main            d.u.i.k.p.r.p.TestFile    ... success: reloaded. 
76368      INFO  main            d.u.i.k.p.r.p.TestFile    Now processing file /home/runner/work/key/key/key.core/../key.ui/examples/standard_key/pred_log/tptp/PUZ/PUZ001p1-eq.key 
76368      INFO  main            d.u.i.k.p.i.AbstractProblemLoader Loading environment from /home/runner/work/key/key/key.core/../key.ui/examples/standard_key/pred_log/tptp/PUZ/PUZ001p1-eq.key 
76368      DEBUG main            d.u.i.k.p.i.AbstractProblemLoader Environment load took 151ns 
76369      WARN  main            d.u.i.k.n.ParsingFacade   /home/runner/work/key/key/key.core/../key.ui/examples/standard_key/pred_log/tptp/PUZ/PUZ001p1-eq.key took 1 ms to parse. 
76369      WARN  main            d.u.i.k.n.ParsingFacade   Parsing time 383 ms. 
76369      INFO  main            d.u.i.k.p.i.AbstractProblemLoader Creating init config 
77118      WARN  main            d.u.i.k.n.ParsingFacade   file:/home/runner/work/key/key/key.core/build/resources/main/de/uka/ilkd/key/java/JavaRedux/java/lang/String.key took 2 ms to parse. 
77118      WARN  main            d.u.i.k.n.ParsingFacade   Parsing time 385 ms. 
78743      DEBUG main            d.u.i.k.p.i.AbstractProblemLoader Init config took 2.37s 
78757      INFO  main            d.u.i.k.p.i.AbstractProblemLoader Replaying proof PUZ001p1-eq.key 
78759      DEBUG main            d.u.i.k.p.i.IntermediateProofReplayer Proof replay took 6.8ns 
78759      WARN  main            d.u.i.k.n.ParsingFacade   /home/runner/work/key/key/key.core/../key.ui/examples/standard_key/pred_log/tptp/PUZ/PUZ001p1-eq.key took 0 ms to parse. 
78759      WARN  main            d.u.i.k.n.ParsingFacade   Parsing time 385 ms. 
78863      INFO  main            d.u.i.k.p.r.p.TestFile    ... finished proof: closed. 
79074      INFO  main            d.u.i.k.p.i.AbstractProblemLoader Loading environment from /home/runner/work/key/key/key.core/../key.ui/examples/standard_key/pred_log/tptp/PUZ/PUZ001p1-eq.key.proof 
79074      DEBUG main            d.u.i.k.p.i.AbstractProblemLoader Environment load took 87.9ns 
79074      WARN  main            d.u.i.k.n.ParsingFacade   /home/runner/work/key/key/key.core/../key.ui/examples/standard_key/pred_log/tptp/PUZ/PUZ001p1-eq.key.proof took 0 ms to parse. 
79074      WARN  main            d.u.i.k.n.ParsingFacade   Parsing time 385 ms. 
79075      INFO  main            d.u.i.k.p.i.AbstractProblemLoader Creating init config 
79804      WARN  main            d.u.i.k.n.ParsingFacade   file:/home/runner/work/key/key/key.core/build/resources/main/de/uka/ilkd/key/java/JavaRedux/java/lang/String.key took 1 ms to parse. 
79805      WARN  main            d.u.i.k.n.ParsingFacade   Parsing time 386 ms. 
81389      DEBUG main            d.u.i.k.p.i.AbstractProblemLoader Init config took 2.31s 
81403      INFO  main            d.u.i.k.p.i.AbstractProblemLoader Replaying proof PUZ001p1-eq.key.proof 
81416      DEBUG main            d.u.i.k.p.i.IntermediateProofReplayer Proof replay took 11.25ms 
81417      WARN  main            d.u.i.k.n.ParsingFacade   /home/runner/work/key/key/key.core/../key.ui/examples/standard_key/pred_log/tptp/PUZ/PUZ001p1-eq.key.proof took 1 ms to parse. 
81417      WARN  main            d.u.i.k.n.ParsingFacade   Parsing time 387 ms. 
81417      DEBUG main            d.u.i.k.p.r.p.TestFile    ... success: reloaded. 
81418      INFO  main            d.u.i.k.p.r.p.TestFile    Now processing file /home/runner/work/key/key/key.core/../key.ui/examples/standard_key/pred_log/tptp/PUZ/PUZ031p1.key 
81418      INFO  main            d.u.i.k.p.i.AbstractProblemLoader Loading environment from /home/runner/work/key/key/key.core/../key.ui/examples/standard_key/pred_log/tptp/PUZ/PUZ031p1.key 
81418      DEBUG main            d.u.i.k.p.i.AbstractProblemLoader Environment load took 72.2ns 
81419      WARN  main            d.u.i.k.n.ParsingFacade   /home/runner/work/key/key/key.core/../key.ui/examples/standard_key/pred_log/tptp/PUZ/PUZ031p1.key took 1 ms to parse. 
81419      WARN  main            d.u.i.k.n.ParsingFacade   Parsing time 388 ms. 
81419      INFO  main            d.u.i.k.p.i.AbstractProblemLoader Creating init config 
82174      WARN  main            d.u.i.k.n.ParsingFacade   file:/home/runner/work/key/key/key.core/build/resources/main/de/uka/ilkd/key/java/JavaRedux/java/lang/String.key took 2 ms to parse. 
82174      WARN  main            d.u.i.k.n.ParsingFacade   Parsing time 390 ms. 
83791      DEBUG main            d.u.i.k.p.i.AbstractProblemLoader Init config took 2.37s 
83823      INFO  main            d.u.i.k.p.i.AbstractProblemLoader Replaying proof PUZ031p1.key 
83824      DEBUG main            d.u.i.k.p.i.IntermediateProofReplayer Proof replay took 6.6ns 
83825      WARN  main            d.u.i.k.n.ParsingFacade   /home/runner/work/key/key/key.core/../key.ui/examples/standard_key/pred_log/tptp/PUZ/PUZ031p1.key took 0 ms to parse. 
83825      WARN  main            d.u.i.k.n.ParsingFacade   Parsing time 390 ms. 
91909      INFO  main            d.u.i.k.p.r.p.TestFile    ... finished proof: closed. 
92122      INFO  main            d.u.i.k.p.i.AbstractProblemLoader Loading environment from /home/runner/work/key/key/key.core/../key.ui/examples/standard_key/pred_log/tptp/PUZ/PUZ031p1.key.proof 
92123      DEBUG main            d.u.i.k.p.i.AbstractProblemLoader Environment load took 1.43ms 
92124      WARN  main            d.u.i.k.n.ParsingFacade   /home/runner/work/key/key/key.core/../key.ui/examples/standard_key/pred_log/tptp/PUZ/PUZ031p1.key.proof took 0 ms to parse. 
92124      WARN  main            d.u.i.k.n.ParsingFacade   Parsing time 390 ms. 
92125      INFO  main            d.u.i.k.p.i.AbstractProblemLoader Creating init config 
92863      WARN  main            d.u.i.k.n.ParsingFacade   file:/home/runner/work/key/key/key.core/build/resources/main/de/uka/ilkd/key/java/JavaRedux/java/lang/String.key took 1 ms to parse. 
92863      WARN  main            d.u.i.k.n.ParsingFacade   Parsing time 391 ms. 
94441      DEBUG main            d.u.i.k.p.i.AbstractProblemLoader Init config took 2.32s 
94456      INFO  main            d.u.i.k.p.i.AbstractProblemLoader Replaying proof PUZ031p1.key.proof 
94516      DEBUG main            d.u.i.k.p.i.IntermediateProofReplayer Proof replay took 55.38ms 
94517      WARN  main            d.u.i.k.n.ParsingFacade   /home/runner/work/key/key/key.core/../key.ui/examples/standard_key/pred_log/tptp/PUZ/PUZ031p1.key.proof took 1 ms to parse. 
94517      WARN  main            d.u.i.k.n.ParsingFacade   Parsing time 392 ms. 
94518      DEBUG main            d.u.i.k.p.r.p.TestFile    ... success: reloaded. 
94518      INFO  main            d.u.i.k.p.r.p.TestFile    Now processing file /home/runner/work/key/key/key.core/../key.ui/examples/standard_key/pred_log/tptp/SET/SET027p3.key 
94519      INFO  main            d.u.i.k.p.i.AbstractProblemLoader Loading environment from /home/runner/work/key/key/key.core/../key.ui/examples/standard_key/pred_log/tptp/SET/SET027p3.key 
94519      DEBUG main            d.u.i.k.p.i.AbstractProblemLoader Environment load took 165.4ns 
94519      WARN  main            d.u.i.k.n.ParsingFacade   /home/runner/work/key/key/key.core/../key.ui/examples/standard_key/pred_log/tptp/SET/SET027p3.key took 0 ms to parse. 
94519      WARN  main            d.u.i.k.n.ParsingFacade   Parsing time 392 ms. 
94520      INFO  main            d.u.i.k.p.i.AbstractProblemLoader Creating init config 
95271      WARN  main            d.u.i.k.n.ParsingFacade   file:/home/runner/work/key/key/key.core/build/resources/main/de/uka/ilkd/key/java/JavaRedux/java/lang/String.key took 1 ms to parse. 
95271      WARN  main            d.u.i.k.n.ParsingFacade   Parsing time 393 ms. 
96925      DEBUG main            d.u.i.k.p.i.AbstractProblemLoader Init config took 2.4s 
96938      INFO  main            d.u.i.k.p.i.AbstractProblemLoader Replaying proof SET027p3.key 
96939      DEBUG main            d.u.i.k.p.i.IntermediateProofReplayer Proof replay took 8.1ns 
96939      WARN  main            d.u.i.k.n.ParsingFacade   /home/runner/work/key/key/key.core/../key.ui/examples/standard_key/pred_log/tptp/SET/SET027p3.key took 0 ms to parse. 
96940      WARN  main            d.u.i.k.n.ParsingFacade   Parsing time 393 ms. 
97041      INFO  main            d.u.i.k.p.r.p.TestFile    ... finished proof: closed. 
97258      INFO  main            d.u.i.k.p.i.AbstractProblemLoader Loading environment from /home/runner/work/key/key/key.core/../key.ui/examples/standard_key/pred_log/tptp/SET/SET027p3.key.proof 
97258      DEBUG main            d.u.i.k.p.i.AbstractProblemLoader Environment load took 98.9ns 
97258      WARN  main            d.u.i.k.n.ParsingFacade   /home/runner/work/key/key/key.core/../key.ui/examples/standard_key/pred_log/tptp/SET/SET027p3.key.proof took 0 ms to parse. 
97258      WARN  main            d.u.i.k.n.ParsingFacade   Parsing time 393 ms. 
97259      INFO  main            d.u.i.k.p.i.AbstractProblemLoader Creating init config 
98019      WARN  main            d.u.i.k.n.ParsingFacade   file:/home/runner/work/key/key/key.core/build/resources/main/de/uka/ilkd/key/java/JavaRedux/java/lang/String.key took 1 ms to parse. 
98020      WARN  main            d.u.i.k.n.ParsingFacade   Parsing time 394 ms. 
99588      DEBUG main            d.u.i.k.p.i.AbstractProblemLoader Init config took 2.33s 
99602      INFO  main            d.u.i.k.p.i.AbstractProblemLoader Replaying proof SET027p3.key.proof 
99609      DEBUG main            d.u.i.k.p.i.IntermediateProofReplayer Proof replay took 5.45ms 
99610      WARN  main            d.u.i.k.n.ParsingFacade   /home/runner/work/key/key/key.core/../key.ui/examples/standard_key/pred_log/tptp/SET/SET027p3.key.proof took 0 ms to parse. 
99610      WARN  main            d.u.i.k.n.ParsingFacade   Parsing time 394 ms. 
99610      DEBUG main            d.u.i.k.p.r.p.TestFile    ... success: reloaded. 
99611      INFO  main            d.u.i.k.p.r.p.TestFile    Now processing file /home/runner/work/key/key/key.core/../key.ui/examples/standard_key/pred_log/tptp/SET/SET043p1.key 
99611      INFO  main            d.u.i.k.p.i.AbstractProblemLoader Loading environment from /home/runner/work/key/key/key.core/../key.ui/examples/standard_key/pred_log/tptp/SET/SET043p1.key 
99612      DEBUG main            d.u.i.k.p.i.AbstractProblemLoader Environment load took 162.7ns 
99612      WARN  main            d.u.i.k.n.ParsingFacade   /home/runner/work/key/key/key.core/../key.ui/examples/standard_key/pred_log/tptp/SET/SET043p1.key took 0 ms to parse. 
99612      WARN  main            d.u.i.k.n.ParsingFacade   Parsing time 394 ms. 
99613      INFO  main            d.u.i.k.p.i.AbstractProblemLoader Creating init config 
100361     WARN  main            d.u.i.k.n.ParsingFacade   file:/home/runner/work/key/key/key.core/build/resources/main/de/uka/ilkd/key/java/JavaRedux/java/lang/String.key took 1 ms to parse. 
100361     WARN  main            d.u.i.k.n.ParsingFacade   Parsing time 395 ms. 
101967     DEBUG main            d.u.i.k.p.i.AbstractProblemLoader Init config took 2.35s 
101980     INFO  main            d.u.i.k.p.i.AbstractProblemLoader Replaying proof SET043p1.key 
101981     DEBUG main            d.u.i.k.p.i.IntermediateProofReplayer Proof replay took 7.7ns 
101982     WARN  main            d.u.i.k.n.ParsingFacade   /home/runner/work/key/key/key.core/../key.ui/examples/standard_key/pred_log/tptp/SET/SET043p1.key took 1 ms to parse. 
101982     WARN  main            d.u.i.k.n.ParsingFacade   Parsing time 396 ms. 
102086     INFO  main            d.u.i.k.p.r.p.TestFile    ... finished proof: closed. 
102290     INFO  main            d.u.i.k.p.i.AbstractProblemLoader Loading environment from /home/runner/work/key/key/key.core/../key.ui/examples/standard_key/pred_log/tptp/SET/SET043p1.key.proof 
102290     DEBUG main            d.u.i.k.p.i.AbstractProblemLoader Environment load took 100.3ns 
102290     WARN  main            d.u.i.k.n.ParsingFacade   /home/runner/work/key/key/key.core/../key.ui/examples/standard_key/pred_log/tptp/SET/SET043p1.key.proof took 0 ms to parse. 
102290     WARN  main            d.u.i.k.n.ParsingFacade   Parsing time 396 ms. 
102291     INFO  main            d.u.i.k.p.i.AbstractProblemLoader Creating init config 
103022     WARN  main            d.u.i.k.n.ParsingFacade   file:/home/runner/work/key/key/key.core/build/resources/main/de/uka/ilkd/key/java/JavaRedux/java/lang/String.key took 1 ms to parse. 
103022     WARN  main            d.u.i.k.n.ParsingFacade   Parsing time 397 ms. 
104608     DEBUG main            d.u.i.k.p.i.AbstractProblemLoader Init config took 2.32s 
104622     INFO  main            d.u.i.k.p.i.AbstractProblemLoader Replaying proof SET043p1.key.proof 
104626     DEBUG main            d.u.i.k.p.i.IntermediateProofReplayer Proof replay took 1.34ms 
104626     WARN  main            d.u.i.k.n.ParsingFacade   /home/runner/work/key/key/key.core/../key.ui/examples/standard_key/pred_log/tptp/SET/SET043p1.key.proof took 0 ms to parse. 
104626     WARN  main            d.u.i.k.n.ParsingFacade   Parsing time 397 ms. 
104627     DEBUG main            d.u.i.k.p.r.p.TestFile    ... success: reloaded. 
104627     INFO  main            d.u.i.k.p.r.p.TestFile    Now processing file /home/runner/work/key/key/key.core/../key.ui/examples/standard_key/pred_log/tptp/SET/SET045p1.key 
104628     INFO  main            d.u.i.k.p.i.AbstractProblemLoader Loading environment from /home/runner/work/key/key/key.core/../key.ui/examples/standard_key/pred_log/tptp/SET/SET045p1.key 
104628     DEBUG main            d.u.i.k.p.i.AbstractProblemLoader Environment load took 89.4ns 
104628     WARN  main            d.u.i.k.n.ParsingFacade   /home/runner/work/key/key/key.core/../key.ui/examples/standard_key/pred_log/tptp/SET/SET045p1.key took 0 ms to parse. 
104628     WARN  main            d.u.i.k.n.ParsingFacade   Parsing time 397 ms. 
104629     INFO  main            d.u.i.k.p.i.AbstractProblemLoader Creating init config 
105424     WARN  main            d.u.i.k.n.ParsingFacade   file:/home/runner/work/key/key/key.core/build/resources/main/de/uka/ilkd/key/java/JavaRedux/java/lang/String.key took 1 ms to parse. 
105424     WARN  main            d.u.i.k.n.ParsingFacade   Parsing time 398 ms. 
107009     DEBUG main            d.u.i.k.p.i.AbstractProblemLoader Init config took 2.38s 
107023     INFO  main            d.u.i.k.p.i.AbstractProblemLoader Replaying proof SET045p1.key 
107024     DEBUG main            d.u.i.k.p.i.IntermediateProofReplayer Proof replay took 8.1ns 
107024     WARN  main            d.u.i.k.n.ParsingFacade   /home/runner/work/key/key/key.core/../key.ui/examples/standard_key/pred_log/tptp/SET/SET045p1.key took 0 ms to parse. 
107024     WARN  main            d.u.i.k.n.ParsingFacade   Parsing time 398 ms. 
107130     INFO  main            d.u.i.k.p.r.p.TestFile    ... finished proof: closed. 
107341     INFO  main            d.u.i.k.p.i.AbstractProblemLoader Loading environment from /home/runner/work/key/key/key.core/../key.ui/examples/standard_key/pred_log/tptp/SET/SET045p1.key.proof 
107341     DEBUG main            d.u.i.k.p.i.AbstractProblemLoader Environment load took 95.5ns 
107342     WARN  main            d.u.i.k.n.ParsingFacade   /home/runner/work/key/key/key.core/../key.ui/examples/standard_key/pred_log/tptp/SET/SET045p1.key.proof took 0 ms to parse. 
107342     WARN  main            d.u.i.k.n.ParsingFacade   Parsing time 398 ms. 
107343     INFO  main            d.u.i.k.p.i.AbstractProblemLoader Creating init config 
108075     WARN  main            d.u.i.k.n.ParsingFacade   file:/home/runner/work/key/key/key.core/build/resources/main/de/uka/ilkd/key/java/JavaRedux/java/lang/String.key took 2 ms to parse. 
108075     WARN  main            d.u.i.k.n.ParsingFacade   Parsing time 400 ms. 
109641     DEBUG main            d.u.i.k.p.i.AbstractProblemLoader Init config took 2.3s 
109656     INFO  main            d.u.i.k.p.i.AbstractProblemLoader Replaying proof SET045p1.key.proof 
109662     DEBUG main            d.u.i.k.p.i.IntermediateProofReplayer Proof replay took 4.43ms 
109662     WARN  main            d.u.i.k.n.ParsingFacade   /home/runner/work/key/key/key.core/../key.ui/examples/standard_key/pred_log/tptp/SET/SET045p1.key.proof took 0 ms to parse. 
109662     WARN  main            d.u.i.k.n.ParsingFacade   Parsing time 400 ms. 
109663     DEBUG main            d.u.i.k.p.r.p.TestFile    ... success: reloaded. 
109663     INFO  main            d.u.i.k.p.r.p.TestFile    Now processing file /home/runner/work/key/key/key.core/../key.ui/examples/standard_key/pred_log/tptp/SET/SET062p3.key 
109663     INFO  main            d.u.i.k.p.i.AbstractProblemLoader Loading environment from /home/runner/work/key/key/key.core/../key.ui/examples/standard_key/pred_log/tptp/SET/SET062p3.key 
109663     DEBUG main            d.u.i.k.p.i.AbstractProblemLoader Environment load took 70.4ns 
109664     WARN  main            d.u.i.k.n.ParsingFacade   /home/runner/work/key/key/key.core/../key.ui/examples/standard_key/pred_log/tptp/SET/SET062p3.key took 0 ms to parse. 
109664     WARN  main            d.u.i.k.n.ParsingFacade   Parsing time 400 ms. 
109664     INFO  main            d.u.i.k.p.i.AbstractProblemLoader Creating init config 
110427     WARN  main            d.u.i.k.n.ParsingFacade   file:/home/runner/work/key/key/key.core/build/resources/main/de/uka/ilkd/key/java/JavaRedux/java/lang/String.key took 2 ms to parse. 
110427     WARN  main            d.u.i.k.n.ParsingFacade   Parsing time 402 ms. 
112087     DEBUG main            d.u.i.k.p.i.AbstractProblemLoader Init config took 2.42s 
112101     INFO  main            d.u.i.k.p.i.AbstractProblemLoader Replaying proof SET062p3.key 
112102     DEBUG main            d.u.i.k.p.i.IntermediateProofReplayer Proof replay took 6.6ns 
112102     WARN  main            d.u.i.k.n.ParsingFacade   /home/runner/work/key/key/key.core/../key.ui/examples/standard_key/pred_log/tptp/SET/SET062p3.key took 0 ms to parse. 
112102     WARN  main            d.u.i.k.n.ParsingFacade   Parsing time 402 ms. 
112207     INFO  main            d.u.i.k.p.r.p.TestFile    ... finished proof: closed. 
112427     INFO  main            d.u.i.k.p.i.AbstractProblemLoader Loading environment from /home/runner/work/key/key/key.core/../key.ui/examples/standard_key/pred_log/tptp/SET/SET062p3.key.proof 
112427     DEBUG main            d.u.i.k.p.i.AbstractProblemLoader Environment load took 78.2ns 
112428     WARN  main            d.u.i.k.n.ParsingFacade   /home/runner/work/key/key/key.core/../key.ui/examples/standard_key/pred_log/tptp/SET/SET062p3.key.proof took 0 ms to parse. 
112428     WARN  main            d.u.i.k.n.ParsingFacade   Parsing time 402 ms. 
112428     INFO  main            d.u.i.k.p.i.AbstractProblemLoader Creating init config 
113158     WARN  main            d.u.i.k.n.ParsingFacade   file:/home/runner/work/key/key/key.core/build/resources/main/de/uka/ilkd/key/java/JavaRedux/java/lang/String.key took 2 ms to parse. 
113158     WARN  main            d.u.i.k.n.ParsingFacade   Parsing time 404 ms. 
114721     DEBUG main            d.u.i.k.p.i.AbstractProblemLoader Init config took 2.29s 
114735     INFO  main            d.u.i.k.p.i.AbstractProblemLoader Replaying proof SET062p3.key.proof 
114740     DEBUG main            d.u.i.k.p.i.IntermediateProofReplayer Proof replay took 4.17ms 
114741     WARN  main            d.u.i.k.n.ParsingFacade   /home/runner/work/key/key/key.core/../key.ui/examples/standard_key/pred_log/tptp/SET/SET062p3.key.proof took 1 ms to parse. 
114741     WARN  main            d.u.i.k.n.ParsingFacade   Parsing time 405 ms. 
114741     DEBUG main            d.u.i.k.p.r.p.TestFile    ... success: reloaded. 
114741     INFO  main            d.u.i.k.p.r.p.TestFile    Now processing file /home/runner/work/key/key/key.core/../key.ui/examples/standard_key/pred_log/tptp/SET/SET063p3.key 
114742     INFO  main            d.u.i.k.p.i.AbstractProblemLoader Loading environment from /home/runner/work/key/key/key.core/../key.ui/examples/standard_key/pred_log/tptp/SET/SET063p3.key 
114742     DEBUG main            d.u.i.k.p.i.AbstractProblemLoader Environment load took 57.2ns 
114742     WARN  main            d.u.i.k.n.ParsingFacade   /home/runner/work/key/key/key.core/../key.ui/examples/standard_key/pred_log/tptp/SET/SET063p3.key took 0 ms to parse. 
114742     WARN  main            d.u.i.k.n.ParsingFacade   Parsing time 405 ms. 
114743     INFO  main            d.u.i.k.p.i.AbstractProblemLoader Creating init config 
115504     WARN  main            d.u.i.k.n.ParsingFacade   file:/home/runner/work/key/key/key.core/build/resources/main/de/uka/ilkd/key/java/JavaRedux/java/lang/String.key took 2 ms to parse. 
115504     WARN  main            d.u.i.k.n.ParsingFacade   Parsing time 407 ms. 
117111     DEBUG main            d.u.i.k.p.i.AbstractProblemLoader Init config took 2.37s 
117125     INFO  main            d.u.i.k.p.i.AbstractProblemLoader Replaying proof SET063p3.key 
117126     DEBUG main            d.u.i.k.p.i.IntermediateProofReplayer Proof replay took 7.1ns 
117127     WARN  main            d.u.i.k.n.ParsingFacade   /home/runner/work/key/key/key.core/../key.ui/examples/standard_key/pred_log/tptp/SET/SET063p3.key took 0 ms to parse. 
117127     WARN  main            d.u.i.k.n.ParsingFacade   Parsing time 407 ms. 
117231     INFO  main            d.u.i.k.p.r.p.TestFile    ... finished proof: closed. 
117458     INFO  main            d.u.i.k.p.i.AbstractProblemLoader Loading environment from /home/runner/work/key/key/key.core/../key.ui/examples/standard_key/pred_log/tptp/SET/SET063p3.key.proof 
117458     DEBUG main            d.u.i.k.p.i.AbstractProblemLoader Environment load took 78.9ns 
117458     WARN  main            d.u.i.k.n.ParsingFacade   /home/runner/work/key/key/key.core/../key.ui/examples/standard_key/pred_log/tptp/SET/SET063p3.key.proof took 0 ms to parse. 
117458     WARN  main            d.u.i.k.n.ParsingFacade   Parsing time 407 ms. 
117459     INFO  main            d.u.i.k.p.i.AbstractProblemLoader Creating init config 
118199     WARN  main            d.u.i.k.n.ParsingFacade   file:/home/runner/work/key/key/key.core/build/resources/main/de/uka/ilkd/key/java/JavaRedux/java/lang/String.key took 2 ms to parse. 
118199     WARN  main            d.u.i.k.n.ParsingFacade   Parsing time 409 ms. 
119770     DEBUG main            d.u.i.k.p.i.AbstractProblemLoader Init config took 2.31s 
119784     INFO  main            d.u.i.k.p.i.AbstractProblemLoader Replaying proof SET063p3.key.proof 
119791     DEBUG main            d.u.i.k.p.i.IntermediateProofReplayer Proof replay took 5.06ms 
119792     WARN  main            d.u.i.k.n.ParsingFacade   /home/runner/work/key/key/key.core/../key.ui/examples/standard_key/pred_log/tptp/SET/SET063p3.key.proof took 1 ms to parse. 
119792     WARN  main            d.u.i.k.n.ParsingFacade   Parsing time 410 ms. 
119792     DEBUG main            d.u.i.k.p.r.p.TestFile    ... success: reloaded. 
119793     INFO  main            d.u.i.k.p.r.p.TestFile    Now processing file /home/runner/work/key/key/key.core/../key.ui/examples/standard_key/pred_log/tptp/SYN/SYN036p2.key 
119793     INFO  main            d.u.i.k.p.i.AbstractProblemLoader Loading environment from /home/runner/work/key/key/key.core/../key.ui/examples/standard_key/pred_log/tptp/SYN/SYN036p2.key 
119793     DEBUG main            d.u.i.k.p.i.AbstractProblemLoader Environment load took 147.5ns 
119794     WARN  main            d.u.i.k.n.ParsingFacade   /home/runner/work/key/key/key.core/../key.ui/examples/standard_key/pred_log/tptp/SYN/SYN036p2.key took 0 ms to parse. 
119794     WARN  main            d.u.i.k.n.ParsingFacade   Parsing time 410 ms. 
119794     INFO  main            d.u.i.k.p.i.AbstractProblemLoader Creating init config 
120543     WARN  main            d.u.i.k.n.ParsingFacade   file:/home/runner/work/key/key/key.core/build/resources/main/de/uka/ilkd/key/java/JavaRedux/java/lang/String.key took 1 ms to parse. 
120544     WARN  main            d.u.i.k.n.ParsingFacade   Parsing time 411 ms. 
122157     DEBUG main            d.u.i.k.p.i.AbstractProblemLoader Init config took 2.36s 
122172     INFO  main            d.u.i.k.p.i.AbstractProblemLoader Replaying proof SYN036p2.key 
122173     DEBUG main            d.u.i.k.p.i.IntermediateProofReplayer Proof replay took 6.9ns 
122173     WARN  main            d.u.i.k.n.ParsingFacade   /home/runner/work/key/key/key.core/../key.ui/examples/standard_key/pred_log/tptp/SYN/SYN036p2.key took 0 ms to parse. 
122174     WARN  main            d.u.i.k.n.ParsingFacade   Parsing time 411 ms. 
122482     INFO  main            d.u.i.k.p.r.p.TestFile    ... finished proof: closed. 
122802     INFO  main            d.u.i.k.p.i.AbstractProblemLoader Loading environment from /home/runner/work/key/key/key.core/../key.ui/examples/standard_key/pred_log/tptp/SYN/SYN036p2.key.proof 
122802     DEBUG main            d.u.i.k.p.i.AbstractProblemLoader Environment load took 90.4ns 
122802     WARN  main            d.u.i.k.n.ParsingFacade   /home/runner/work/key/key/key.core/../key.ui/examples/standard_key/pred_log/tptp/SYN/SYN036p2.key.proof took 0 ms to parse. 
122802     WARN  main            d.u.i.k.n.ParsingFacade   Parsing time 411 ms. 
122803     INFO  main            d.u.i.k.p.i.AbstractProblemLoader Creating init config 
123539     WARN  main            d.u.i.k.n.ParsingFacade   file:/home/runner/work/key/key/key.core/build/resources/main/de/uka/ilkd/key/java/JavaRedux/java/lang/String.key took 1 ms to parse. 
123540     WARN  main            d.u.i.k.n.ParsingFacade   Parsing time 412 ms. 
125105     DEBUG main            d.u.i.k.p.i.AbstractProblemLoader Init config took 2.3s 
125119     INFO  main            d.u.i.k.p.i.AbstractProblemLoader Replaying proof SYN036p2.key.proof 
125188     DEBUG main            d.u.i.k.p.i.IntermediateProofReplayer Proof replay took 61.67ms 
125189     WARN  main            d.u.i.k.n.ParsingFacade   /home/runner/work/key/key/key.core/../key.ui/examples/standard_key/pred_log/tptp/SYN/SYN036p2.key.proof took 0 ms to parse. 
125189     WARN  main            d.u.i.k.n.ParsingFacade   Parsing time 412 ms. 
125189     DEBUG main            d.u.i.k.p.r.p.TestFile    ... success: reloaded. 
125190     INFO  main            d.u.i.k.p.r.p.TestFile    Now processing file /home/runner/work/key/key/key.core/../key.ui/examples/standard_key/pred_log/tptp/SYN/SYN550p1.key 
125190     INFO  main            d.u.i.k.p.i.AbstractProblemLoader Loading environment from /home/runner/work/key/key/key.core/../key.ui/examples/standard_key/pred_log/tptp/SYN/SYN550p1.key 
125190     DEBUG main            d.u.i.k.p.i.AbstractProblemLoader Environment load took 100.8ns 
125191     WARN  main            d.u.i.k.n.ParsingFacade   /home/runner/work/key/key/key.core/../key.ui/examples/standard_key/pred_log/tptp/SYN/SYN550p1.key took 1 ms to parse. 
125191     WARN  main            d.u.i.k.n.ParsingFacade   Parsing time 413 ms. 
125191     INFO  main            d.u.i.k.p.i.AbstractProblemLoader Creating init config 
125940     WARN  main            d.u.i.k.n.ParsingFacade   file:/home/runner/work/key/key/key.core/build/resources/main/de/uka/ilkd/key/java/JavaRedux/java/lang/String.key took 2 ms to parse. 
125940     WARN  main            d.u.i.k.n.ParsingFacade   Parsing time 415 ms. 
127556     DEBUG main            d.u.i.k.p.i.AbstractProblemLoader Init config took 2.36s 
127570     INFO  main            d.u.i.k.p.i.AbstractProblemLoader Replaying proof SYN550p1.key 
127571     DEBUG main            d.u.i.k.p.i.IntermediateProofReplayer Proof replay took 7.6ns 
127572     WARN  main            d.u.i.k.n.ParsingFacade   /home/runner/work/key/key/key.core/../key.ui/examples/standard_key/pred_log/tptp/SYN/SYN550p1.key took 1 ms to parse. 
127572     WARN  main            d.u.i.k.n.ParsingFacade   Parsing time 416 ms. 
130282     INFO  main            d.u.i.k.p.r.p.TestFile    ... finished proof: closed. 
130531     INFO  main            d.u.i.k.p.i.AbstractProblemLoader Loading environment from /home/runner/work/key/key/key.core/../key.ui/examples/standard_key/pred_log/tptp/SYN/SYN550p1.key.proof 
130536     DEBUG main            d.u.i.k.p.i.AbstractProblemLoader Environment load took 4.76ms 
130536     WARN  main            d.u.i.k.n.ParsingFacade   /home/runner/work/key/key/key.core/../key.ui/examples/standard_key/pred_log/tptp/SYN/SYN550p1.key.proof took 0 ms to parse. 
130536     WARN  main            d.u.i.k.n.ParsingFacade   Parsing time 416 ms. 
130537     INFO  main            d.u.i.k.p.i.AbstractProblemLoader Creating init config 
131269     WARN  main            d.u.i.k.n.ParsingFacade   file:/home/runner/work/key/key/key.core/build/resources/main/de/uka/ilkd/key/java/JavaRedux/java/lang/String.key took 2 ms to parse. 
131269     WARN  main            d.u.i.k.n.ParsingFacade   Parsing time 418 ms. 
132829     DEBUG main            d.u.i.k.p.i.AbstractProblemLoader Init config took 2.29s 
132842     INFO  main            d.u.i.k.p.i.AbstractProblemLoader Replaying proof SYN550p1.key.proof 
132925     DEBUG main            d.u.i.k.p.i.IntermediateProofReplayer Proof replay took 77.13ms 
132926     WARN  main            d.u.i.k.n.ParsingFacade   /home/runner/work/key/key/key.core/../key.ui/examples/standard_key/pred_log/tptp/SYN/SYN550p1.key.proof took 0 ms to parse. 
132926     WARN  main            d.u.i.k.n.ParsingFacade   Parsing time 418 ms. 
132927     DEBUG main            d.u.i.k.p.r.p.TestFile    ... success: reloaded. 
132927     INFO  main            d.u.i.k.p.r.p.TestFile    Now processing file /home/runner/work/key/key/key.core/../key.ui/examples/standard_key/prop_log/reallySimple.key 
132927     INFO  main            d.u.i.k.p.i.AbstractProblemLoader Loading environment from /home/runner/work/key/key/key.core/../key.ui/examples/standard_key/prop_log/reallySimple.key 
132927     DEBUG main            d.u.i.k.p.i.AbstractProblemLoader Environment load took 56.5ns 
132927     WARN  main            d.u.i.k.n.ParsingFacade   /home/runner/work/key/key/key.core/../key.ui/examples/standard_key/prop_log/reallySimple.key took 0 ms to parse. 
132927     WARN  main            d.u.i.k.n.ParsingFacade   Parsing time 418 ms. 
132928     INFO  main            d.u.i.k.p.i.AbstractProblemLoader Creating init config 
133691     WARN  main            d.u.i.k.n.ParsingFacade   file:/home/runner/work/key/key/key.core/build/resources/main/de/uka/ilkd/key/java/JavaRedux/java/lang/String.key took 2 ms to parse. 
133691     WARN  main            d.u.i.k.n.ParsingFacade   Parsing time 420 ms. 
135281     DEBUG main            d.u.i.k.p.i.AbstractProblemLoader Init config took 2.35s 
135294     INFO  main            d.u.i.k.p.i.AbstractProblemLoader Replaying proof reallySimple.key 
135295     DEBUG main            d.u.i.k.p.i.IntermediateProofReplayer Proof replay took 6.1ns 
135295     WARN  main            d.u.i.k.n.ParsingFacade   /home/runner/work/key/key/key.core/../key.ui/examples/standard_key/prop_log/reallySimple.key took 0 ms to parse. 
135295     WARN  main            d.u.i.k.n.ParsingFacade   Parsing time 420 ms. 
135397     INFO  main            d.u.i.k.p.r.p.TestFile    ... finished proof: open goal(s) 
135642     INFO  main            d.u.i.k.p.r.p.TestFile    Now processing file /home/runner/work/key/key/key.core/../key.ui/examples/standard_key/pred_log/sameName1.key 
135642     INFO  main            d.u.i.k.p.i.AbstractProblemLoader Loading environment from /home/runner/work/key/key/key.core/../key.ui/examples/standard_key/pred_log/sameName1.key 
135642     DEBUG main            d.u.i.k.p.i.AbstractProblemLoader Environment load took 42.2ns 
135642     WARN  main            d.u.i.k.n.ParsingFacade   /home/runner/work/key/key/key.core/../key.ui/examples/standard_key/pred_log/sameName1.key took 0 ms to parse. 
135642     WARN  main            d.u.i.k.n.ParsingFacade   Parsing time 420 ms. 
135643     INFO  main            d.u.i.k.p.i.AbstractProblemLoader Creating init config 
136404     WARN  main            d.u.i.k.n.ParsingFacade   file:/home/runner/work/key/key/key.core/build/resources/main/de/uka/ilkd/key/java/JavaRedux/java/lang/String.key took 1 ms to parse. 
136404     WARN  main            d.u.i.k.n.ParsingFacade   Parsing time 421 ms. 
137976     DEBUG main            d.u.i.k.p.i.AbstractProblemLoader Init config took 2.33s 
137989     INFO  main            d.u.i.k.p.i.AbstractProblemLoader Replaying proof sameName1.key 
137990     DEBUG main            d.u.i.k.p.i.IntermediateProofReplayer Proof replay took 6.5ns 
137991     WARN  main            d.u.i.k.n.ParsingFacade   /home/runner/work/key/key/key.core/../key.ui/examples/standard_key/pred_log/sameName1.key took 1 ms to parse. 
137991     WARN  main            d.u.i.k.n.ParsingFacade   Parsing time 422 ms. 
138092     INFO  main            d.u.i.k.p.r.p.TestFile    ... finished proof: open goal(s) 
138320     INFO  main            d.u.i.k.p.r.p.TestFile    Now processing file /home/runner/work/key/key/key.core/../key.ui/examples/standard_key/pred_log/jbyteIfEx.key 
138320     INFO  main            d.u.i.k.p.i.AbstractProblemLoader Loading environment from /home/runner/work/key/key/key.core/../key.ui/examples/standard_key/pred_log/jbyteIfEx.key 
138320     DEBUG main            d.u.i.k.p.i.AbstractProblemLoader Environment load took 41.1ns 
138321     WARN  main            d.u.i.k.n.ParsingFacade   /home/runner/work/key/key/key.core/../key.ui/examples/standard_key/pred_log/jbyteIfEx.key took 0 ms to parse. 
138321     WARN  main            d.u.i.k.n.ParsingFacade   Parsing time 422 ms. 
138321     INFO  main            d.u.i.k.p.i.AbstractProblemLoader Creating init config 
139050     WARN  main            d.u.i.k.n.ParsingFacade   file:/home/runner/work/key/key/key.core/build/resources/main/de/uka/ilkd/key/java/JavaRedux/java/lang/String.key took 2 ms to parse. 
139050     WARN  main            d.u.i.k.n.ParsingFacade   Parsing time 424 ms. 
140641     DEBUG main            d.u.i.k.p.i.AbstractProblemLoader Init config took 2.32s 
140654     INFO  main            d.u.i.k.p.i.AbstractProblemLoader Replaying proof jbyteIfEx.key 
140655     DEBUG main            d.u.i.k.p.i.IntermediateProofReplayer Proof replay took 6.9ns 
140655     WARN  main            d.u.i.k.n.ParsingFacade   /home/runner/work/key/key/key.core/../key.ui/examples/standard_key/pred_log/jbyteIfEx.key took 0 ms to parse. 
140656     WARN  main            d.u.i.k.n.ParsingFacade   Parsing time 424 ms. 
140757     INFO  main            d.u.i.k.p.r.p.TestFile    ... finished proof: closed. 
140995     INFO  main            d.u.i.k.p.i.AbstractProblemLoader Loading environment from /home/runner/work/key/key/key.core/../key.ui/examples/standard_key/pred_log/jbyteIfEx.key.proof 
140996     DEBUG main            d.u.i.k.p.i.AbstractProblemLoader Environment load took 77.9ns 
140996     WARN  main            d.u.i.k.n.ParsingFacade   /home/runner/work/key/key/key.core/../key.ui/examples/standard_key/pred_log/jbyteIfEx.key.proof took 0 ms to parse. 
140996     WARN  main            d.u.i.k.n.ParsingFacade   Parsing time 424 ms. 
140997     INFO  main            d.u.i.k.p.i.AbstractProblemLoader Creating init config 
141732     WARN  main            d.u.i.k.n.ParsingFacade   file:/home/runner/work/key/key/key.core/build/resources/main/de/uka/ilkd/key/java/JavaRedux/java/lang/String.key took 1 ms to parse. 
141732     WARN  main            d.u.i.k.n.ParsingFacade   Parsing time 425 ms. 
143285     DEBUG main            d.u.i.k.p.i.AbstractProblemLoader Init config took 2.29s 
143298     INFO  main            d.u.i.k.p.i.AbstractProblemLoader Replaying proof jbyteIfEx.key.proof 
143306     DEBUG main            d.u.i.k.p.i.IntermediateProofReplayer Proof replay took 5.32ms 
143306     WARN  main            d.u.i.k.n.ParsingFacade   /home/runner/work/key/key/key.core/../key.ui/examples/standard_key/pred_log/jbyteIfEx.key.proof took 0 ms to parse. 
143306     WARN  main            d.u.i.k.n.ParsingFacade   Parsing time 425 ms. 
143307     DEBUG main            d.u.i.k.p.r.p.TestFile    ... success: reloaded. 
143307     INFO  main            d.u.i.k.p.r.p.TestFile    Now processing file /home/runner/work/key/key/key.core/../key.ui/examples/standard_key/prop_log/allClausesLength4.key 
143307     INFO  main            d.u.i.k.p.i.AbstractProblemLoader Loading environment from /home/runner/work/key/key/key.core/../key.ui/examples/standard_key/prop_log/allClausesLength4.key 
143307     DEBUG main            d.u.i.k.p.i.AbstractProblemLoader Environment load took 163.8ns 
143308     WARN  main            d.u.i.k.n.ParsingFacade   /home/runner/work/key/key/key.core/../key.ui/examples/standard_key/prop_log/allClausesLength4.key took 0 ms to parse. 
143308     WARN  main            d.u.i.k.n.ParsingFacade   Parsing time 425 ms. 
143309     INFO  main            d.u.i.k.p.i.AbstractProblemLoader Creating init config 
144065     WARN  main            d.u.i.k.n.ParsingFacade   file:/home/runner/work/key/key/key.core/build/resources/main/de/uka/ilkd/key/java/JavaRedux/java/lang/String.key took 1 ms to parse. 
144066     WARN  main            d.u.i.k.n.ParsingFacade   Parsing time 426 ms. 
145691     DEBUG main            d.u.i.k.p.i.AbstractProblemLoader Init config took 2.38s 
145704     INFO  main            d.u.i.k.p.i.AbstractProblemLoader Replaying proof allClausesLength4.key 
145705     DEBUG main            d.u.i.k.p.i.IntermediateProofReplayer Proof replay took 5.7ns 
145706     WARN  main            d.u.i.k.n.ParsingFacade   /home/runner/work/key/key/key.core/../key.ui/examples/standard_key/prop_log/allClausesLength4.key took 1 ms to parse. 
145706     WARN  main            d.u.i.k.n.ParsingFacade   Parsing time 427 ms. 
145808     INFO  main            d.u.i.k.p.r.p.TestFile    ... finished proof: closed. 
146063     INFO  main            d.u.i.k.p.i.AbstractProblemLoader Loading environment from /home/runner/work/key/key/key.core/../key.ui/examples/standard_key/prop_log/allClausesLength4.key.proof 
146063     DEBUG main            d.u.i.k.p.i.AbstractProblemLoader Environment load took 80.6ns 
146063     WARN  main            d.u.i.k.n.ParsingFacade   /home/runner/work/key/key/key.core/../key.ui/examples/standard_key/prop_log/allClausesLength4.key.proof took 0 ms to parse. 
146063     WARN  main            d.u.i.k.n.ParsingFacade   Parsing time 427 ms. 
146064     INFO  main            d.u.i.k.p.i.AbstractProblemLoader Creating init config 
146789     WARN  main            d.u.i.k.n.ParsingFacade   file:/home/runner/work/key/key/key.core/build/resources/main/de/uka/ilkd/key/java/JavaRedux/java/lang/String.key took 1 ms to parse. 
146789     WARN  main            d.u.i.k.n.ParsingFacade   Parsing time 428 ms. 
148354     DEBUG main            d.u.i.k.p.i.AbstractProblemLoader Init config took 2.29s 
148368     INFO  main            d.u.i.k.p.i.AbstractProblemLoader Replaying proof allClausesLength4.key.proof 
148392     DEBUG main            d.u.i.k.p.i.IntermediateProofReplayer Proof replay took 20.47ms 
148393     WARN  main            d.u.i.k.n.ParsingFacade   /home/runner/work/key/key/key.core/../key.ui/examples/standard_key/prop_log/allClausesLength4.key.proof took 0 ms to parse. 
148393     WARN  main            d.u.i.k.n.ParsingFacade   Parsing time 428 ms. 
148394     DEBUG main            d.u.i.k.p.r.p.TestFile    ... success: reloaded. 
148394     INFO  main            d.u.i.k.p.r.p.TestFile    Now processing file /home/runner/work/key/key/key.core/../key.ui/examples/standard_key/prop_log/allClausesLength5.key 
148395     INFO  main            d.u.i.k.p.i.AbstractProblemLoader Loading environment from /home/runner/work/key/key/key.core/../key.ui/examples/standard_key/prop_log/allClausesLength5.key 
148395     DEBUG main            d.u.i.k.p.i.AbstractProblemLoader Environment load took 145.4ns 
148395     WARN  main            d.u.i.k.n.ParsingFacade   /home/runner/work/key/key/key.core/../key.ui/examples/standard_key/prop_log/allClausesLength5.key took 0 ms to parse. 
148396     WARN  main            d.u.i.k.n.ParsingFacade   Parsing time 428 ms. 
148397     INFO  main            d.u.i.k.p.i.AbstractProblemLoader Creating init config 
149148     WARN  main            d.u.i.k.n.ParsingFacade   file:/home/runner/work/key/key/key.core/build/resources/main/de/uka/ilkd/key/java/JavaRedux/java/lang/String.key took 1 ms to parse. 
149149     WARN  main            d.u.i.k.n.ParsingFacade   Parsing time 429 ms. 
150754     DEBUG main            d.u.i.k.p.i.AbstractProblemLoader Init config took 2.36s 
150770     INFO  main            d.u.i.k.p.i.AbstractProblemLoader Replaying proof allClausesLength5.key 
150771     DEBUG main            d.u.i.k.p.i.IntermediateProofReplayer Proof replay took 5.8ns 
150772     WARN  main            d.u.i.k.n.ParsingFacade   /home/runner/work/key/key/key.core/../key.ui/examples/standard_key/prop_log/allClausesLength5.key took 0 ms to parse. 
150772     WARN  main            d.u.i.k.n.ParsingFacade   Parsing time 429 ms. 
150976     INFO  main            d.u.i.k.p.r.p.TestFile    ... finished proof: closed. 
151267     INFO  main            d.u.i.k.p.i.AbstractProblemLoader Loading environment from /home/runner/work/key/key/key.core/../key.ui/examples/standard_key/prop_log/allClausesLength5.key.proof 
151267     DEBUG main            d.u.i.k.p.i.AbstractProblemLoader Environment load took 335.81ns 
151268     WARN  main            d.u.i.k.n.ParsingFacade   /home/runner/work/key/key/key.core/../key.ui/examples/standard_key/prop_log/allClausesLength5.key.proof took 0 ms to parse. 
151268     WARN  main            d.u.i.k.n.ParsingFacade   Parsing time 429 ms. 
151269     INFO  main            d.u.i.k.p.i.AbstractProblemLoader Creating init config 
152002     WARN  main            d.u.i.k.n.ParsingFacade   file:/home/runner/work/key/key/key.core/build/resources/main/de/uka/ilkd/key/java/JavaRedux/java/lang/String.key took 1 ms to parse. 
152002     WARN  main            d.u.i.k.n.ParsingFacade   Parsing time 430 ms. 
153580     DEBUG main            d.u.i.k.p.i.AbstractProblemLoader Init config took 2.31s 
153594     INFO  main            d.u.i.k.p.i.AbstractProblemLoader Replaying proof allClausesLength5.key.proof 
153626     DEBUG main            d.u.i.k.p.i.IntermediateProofReplayer Proof replay took 27.12ms 
153627     WARN  main            d.u.i.k.n.ParsingFacade   /home/runner/work/key/key/key.core/../key.ui/examples/standard_key/prop_log/allClausesLength5.key.proof took 1 ms to parse. 
153627     WARN  main            d.u.i.k.n.ParsingFacade   Parsing time 431 ms. 
153627     DEBUG main            d.u.i.k.p.r.p.TestFile    ... success: reloaded. 
153628     INFO  main            d.u.i.k.p.r.p.TestFile    Now processing file /home/runner/work/key/key/key.core/../key.ui/examples/standard_key/prop_log/doubleNeg.key 
153628     INFO  main            d.u.i.k.p.i.AbstractProblemLoader Loading environment from /home/runner/work/key/key/key.core/../key.ui/examples/standard_key/prop_log/doubleNeg.key 
153628     DEBUG main            d.u.i.k.p.i.AbstractProblemLoader Environment load took 73.8ns 
153628     WARN  main            d.u.i.k.n.ParsingFacade   /home/runner/work/key/key/key.core/../key.ui/examples/standard_key/prop_log/doubleNeg.key took 0 ms to parse. 
153628     WARN  main            d.u.i.k.n.ParsingFacade   Parsing time 431 ms. 
153629     INFO  main            d.u.i.k.p.i.AbstractProblemLoader Creating init config 
154378     WARN  main            d.u.i.k.n.ParsingFacade   file:/home/runner/work/key/key/key.core/build/resources/main/de/uka/ilkd/key/java/JavaRedux/java/lang/String.key took 1 ms to parse. 
154378     WARN  main            d.u.i.k.n.ParsingFacade   Parsing time 432 ms. 
156008     DEBUG main            d.u.i.k.p.i.AbstractProblemLoader Init config took 2.38s 
156021     INFO  main            d.u.i.k.p.i.AbstractProblemLoader Replaying proof doubleNeg.key 
156023     DEBUG main            d.u.i.k.p.i.IntermediateProofReplayer Proof replay took 6.5ns 
156023     WARN  main            d.u.i.k.n.ParsingFacade   /home/runner/work/key/key/key.core/../key.ui/examples/standard_key/prop_log/doubleNeg.key took 0 ms to parse. 
156023     WARN  main            d.u.i.k.n.ParsingFacade   Parsing time 432 ms. 
156124     INFO  main            d.u.i.k.p.r.p.TestFile    ... finished proof: closed. 
156396     INFO  main            d.u.i.k.p.i.AbstractProblemLoader Loading environment from /home/runner/work/key/key/key.core/../key.ui/examples/standard_key/prop_log/doubleNeg.key.proof 
156396     DEBUG main            d.u.i.k.p.i.AbstractProblemLoader Environment load took 73.7ns 
156396     WARN  main            d.u.i.k.n.ParsingFacade   /home/runner/work/key/key/key.core/../key.ui/examples/standard_key/prop_log/doubleNeg.key.proof took 0 ms to parse. 
156396     WARN  main            d.u.i.k.n.ParsingFacade   Parsing time 432 ms. 
156397     INFO  main            d.u.i.k.p.i.AbstractProblemLoader Creating init config 
157123     WARN  main            d.u.i.k.n.ParsingFacade   file:/home/runner/work/key/key/key.core/build/resources/main/de/uka/ilkd/key/java/JavaRedux/java/lang/String.key took 1 ms to parse. 
157123     WARN  main            d.u.i.k.n.ParsingFacade   Parsing time 433 ms. 
158688     DEBUG main            d.u.i.k.p.i.AbstractProblemLoader Init config took 2.29s 
158702     INFO  main            d.u.i.k.p.i.AbstractProblemLoader Replaying proof doubleNeg.key.proof 
158703     DEBUG main            d.u.i.k.p.i.IntermediateProofReplayer Proof replay took 361.81ns 
158704     WARN  main            d.u.i.k.n.ParsingFacade   /home/runner/work/key/key/key.core/../key.ui/examples/standard_key/prop_log/doubleNeg.key.proof took 0 ms to parse. 
158704     WARN  main            d.u.i.k.n.ParsingFacade   Parsing time 433 ms. 
158705     DEBUG main            d.u.i.k.p.r.p.TestFile    ... success: reloaded. 
158705     INFO  main            d.u.i.k.p.r.p.TestFile    Now processing file /home/runner/work/key/key/key.core/../key.ui/examples/standard_key/prop_log/liarsville.key 
158705     INFO  main            d.u.i.k.p.i.AbstractProblemLoader Loading environment from /home/runner/work/key/key/key.core/../key.ui/examples/standard_key/prop_log/liarsville.key 
158705     DEBUG main            d.u.i.k.p.i.AbstractProblemLoader Environment load took 142.7ns 
158706     WARN  main            d.u.i.k.n.ParsingFacade   /home/runner/work/key/key/key.core/../key.ui/examples/standard_key/prop_log/liarsville.key took 0 ms to parse. 
158706     WARN  main            d.u.i.k.n.ParsingFacade   Parsing time 433 ms. 
158707     INFO  main            d.u.i.k.p.i.AbstractProblemLoader Creating init config 
159457     WARN  main            d.u.i.k.n.ParsingFacade   file:/home/runner/work/key/key/key.core/build/resources/main/de/uka/ilkd/key/java/JavaRedux/java/lang/String.key took 1 ms to parse. 
159457     WARN  main            d.u.i.k.n.ParsingFacade   Parsing time 434 ms. 
161035     DEBUG main            d.u.i.k.p.i.AbstractProblemLoader Init config took 2.33s 
161048     INFO  main            d.u.i.k.p.i.AbstractProblemLoader Replaying proof liarsville.key 
161049     DEBUG main            d.u.i.k.p.i.IntermediateProofReplayer Proof replay took 6.7ns 
161049     WARN  main            d.u.i.k.n.ParsingFacade   /home/runner/work/key/key/key.core/../key.ui/examples/standard_key/prop_log/liarsville.key took 0 ms to parse. 
161049     WARN  main            d.u.i.k.n.ParsingFacade   Parsing time 434 ms. 
161151     INFO  main            d.u.i.k.p.r.p.TestFile    ... finished proof: closed. 
161413     INFO  main            d.u.i.k.p.i.AbstractProblemLoader Loading environment from /home/runner/work/key/key/key.core/../key.ui/examples/standard_key/prop_log/liarsville.key.proof 
161413     DEBUG main            d.u.i.k.p.i.AbstractProblemLoader Environment load took 81.4ns 
161414     WARN  main            d.u.i.k.n.ParsingFacade   /home/runner/work/key/key/key.core/../key.ui/examples/standard_key/prop_log/liarsville.key.proof took 1 ms to parse. 
161414     WARN  main            d.u.i.k.n.ParsingFacade   Parsing time 435 ms. 
161414     INFO  main            d.u.i.k.p.i.AbstractProblemLoader Creating init config 
162142     WARN  main            d.u.i.k.n.ParsingFacade   file:/home/runner/work/key/key/key.core/build/resources/main/de/uka/ilkd/key/java/JavaRedux/java/lang/String.key took 1 ms to parse. 
162142     WARN  main            d.u.i.k.n.ParsingFacade   Parsing time 436 ms. 
163721     DEBUG main            d.u.i.k.p.i.AbstractProblemLoader Init config took 2.31s 
163734     INFO  main            d.u.i.k.p.i.AbstractProblemLoader Replaying proof liarsville.key.proof 
163737     DEBUG main            d.u.i.k.p.i.IntermediateProofReplayer Proof replay took 2.49ms 
163738     WARN  main            d.u.i.k.n.ParsingFacade   /home/runner/work/key/key/key.core/../key.ui/examples/standard_key/prop_log/liarsville.key.proof took 0 ms to parse. 
163738     WARN  main            d.u.i.k.n.ParsingFacade   Parsing time 436 ms. 
163738     DEBUG main            d.u.i.k.p.r.p.TestFile    ... success: reloaded. 
163739     INFO  main            d.u.i.k.p.r.p.TestFile    Now processing file /home/runner/work/key/key/key.core/../key.ui/examples/standard_key/prop_log/simplest.key 
163739     INFO  main            d.u.i.k.p.i.AbstractProblemLoader Loading environment from /home/runner/work/key/key/key.core/../key.ui/examples/standard_key/prop_log/simplest.key 
163739     DEBUG main            d.u.i.k.p.i.AbstractProblemLoader Environment load took 140.2ns 
163740     WARN  main            d.u.i.k.n.ParsingFacade   /home/runner/work/key/key/key.core/../key.ui/examples/standard_key/prop_log/simplest.key took 0 ms to parse. 
163740     WARN  main            d.u.i.k.n.ParsingFacade   Parsing time 436 ms. 
163740     INFO  main            d.u.i.k.p.i.AbstractProblemLoader Creating init config 
164485     WARN  main            d.u.i.k.n.ParsingFacade   file:/home/runner/work/key/key/key.core/build/resources/main/de/uka/ilkd/key/java/JavaRedux/java/lang/String.key took 1 ms to parse. 
164486     WARN  main            d.u.i.k.n.ParsingFacade   Parsing time 437 ms. 
166060     DEBUG main            d.u.i.k.p.i.AbstractProblemLoader Init config took 2.32s 
166072     INFO  main            d.u.i.k.p.i.AbstractProblemLoader Replaying proof simplest.key 
166074     DEBUG main            d.u.i.k.p.i.IntermediateProofReplayer Proof replay took 6.1ns 
166074     WARN  main            d.u.i.k.n.ParsingFacade   /home/runner/work/key/key/key.core/../key.ui/examples/standard_key/prop_log/simplest.key took 0 ms to parse. 
166074     WARN  main            d.u.i.k.n.ParsingFacade   Parsing time 437 ms. 
166178     INFO  main            d.u.i.k.p.r.p.TestFile    ... finished proof: closed. 
166446     INFO  main            d.u.i.k.p.i.AbstractProblemLoader Loading environment from /home/runner/work/key/key/key.core/../key.ui/examples/standard_key/prop_log/simplest.key.proof 
166446     DEBUG main            d.u.i.k.p.i.AbstractProblemLoader Environment load took 76ns 
166446     WARN  main            d.u.i.k.n.ParsingFacade   /home/runner/work/key/key/key.core/../key.ui/examples/standard_key/prop_log/simplest.key.proof took 0 ms to parse. 
166446     WARN  main            d.u.i.k.n.ParsingFacade   Parsing time 437 ms. 
166447     INFO  main            d.u.i.k.p.i.AbstractProblemLoader Creating init config 
167169     WARN  main            d.u.i.k.n.ParsingFacade   file:/home/runner/work/key/key/key.core/build/resources/main/de/uka/ilkd/key/java/JavaRedux/java/lang/String.key took 1 ms to parse. 
167169     WARN  main            d.u.i.k.n.ParsingFacade   Parsing time 438 ms. 
168723     DEBUG main            d.u.i.k.p.i.AbstractProblemLoader Init config took 2.28s 
168736     INFO  main            d.u.i.k.p.i.AbstractProblemLoader Replaying proof simplest.key.proof 
168737     DEBUG main            d.u.i.k.p.i.IntermediateProofReplayer Proof replay took 83.9ns 
168738     WARN  main            d.u.i.k.n.ParsingFacade   /home/runner/work/key/key/key.core/../key.ui/examples/standard_key/prop_log/simplest.key.proof took 0 ms to parse. 
168738     WARN  main            d.u.i.k.n.ParsingFacade   Parsing time 438 ms. 
168738     DEBUG main            d.u.i.k.p.r.p.TestFile    ... success: reloaded. 
168738     INFO  main            d.u.i.k.p.r.p.TestFile    Now processing file /home/runner/work/key/key/key.core/../key.ui/examples/standard_key/prop_log/contraposition.key 
168738     INFO  main            d.u.i.k.p.i.AbstractProblemLoader Loading environment from /home/runner/work/key/key/key.core/../key.ui/examples/standard_key/prop_log/contraposition.key 
168739     DEBUG main            d.u.i.k.p.i.AbstractProblemLoader Environment load took 41.7ns 
168739     WARN  main            d.u.i.k.n.ParsingFacade   /home/runner/work/key/key/key.core/../key.ui/examples/standard_key/prop_log/contraposition.key took 0 ms to parse. 
168739     WARN  main            d.u.i.k.n.ParsingFacade   Parsing time 438 ms. 
168739     INFO  main            d.u.i.k.p.i.AbstractProblemLoader Creating init config 
169484     WARN  main            d.u.i.k.n.ParsingFacade   file:/home/runner/work/key/key/key.core/build/resources/main/de/uka/ilkd/key/java/JavaRedux/java/lang/String.key took 1 ms to parse. 
169485     WARN  main            d.u.i.k.n.ParsingFacade   Parsing time 439 ms. 
171070     DEBUG main            d.u.i.k.p.i.AbstractProblemLoader Init config took 2.33s 
171083     INFO  main            d.u.i.k.p.i.AbstractProblemLoader Replaying proof contraposition.key 
171084     DEBUG main            d.u.i.k.p.i.IntermediateProofReplayer Proof replay took 6.7ns 
171084     WARN  main            d.u.i.k.n.ParsingFacade   /home/runner/work/key/key/key.core/../key.ui/examples/standard_key/prop_log/contraposition.key took 0 ms to parse. 
171084     WARN  main            d.u.i.k.n.ParsingFacade   Parsing time 439 ms. 
171186     INFO  main            d.u.i.k.p.r.p.TestFile    ... finished proof: closed. 
171459     INFO  main            d.u.i.k.p.i.AbstractProblemLoader Loading environment from /home/runner/work/key/key/key.core/../key.ui/examples/standard_key/prop_log/contraposition.key.proof 
171459     DEBUG main            d.u.i.k.p.i.AbstractProblemLoader Environment load took 80.6ns 
171460     WARN  main            d.u.i.k.n.ParsingFacade   /home/runner/work/key/key/key.core/../key.ui/examples/standard_key/prop_log/contraposition.key.proof took 1 ms to parse. 
171460     WARN  main            d.u.i.k.n.ParsingFacade   Parsing time 440 ms. 
171460     INFO  main            d.u.i.k.p.i.AbstractProblemLoader Creating init config 
172182     WARN  main            d.u.i.k.n.ParsingFacade   file:/home/runner/work/key/key/key.core/build/resources/main/de/uka/ilkd/key/java/JavaRedux/java/lang/String.key took 1 ms to parse. 
172182     WARN  main            d.u.i.k.n.ParsingFacade   Parsing time 441 ms. 
173738     DEBUG main            d.u.i.k.p.i.AbstractProblemLoader Init config took 2.28s 
173753     INFO  main            d.u.i.k.p.i.AbstractProblemLoader Replaying proof contraposition.key.proof 
173755     DEBUG main            d.u.i.k.p.i.IntermediateProofReplayer Proof replay took 462.91ns 
173755     WARN  main            d.u.i.k.n.ParsingFacade   /home/runner/work/key/key/key.core/../key.ui/examples/standard_key/prop_log/contraposition.key.proof took 0 ms to parse. 
173755     WARN  main            d.u.i.k.n.ParsingFacade   Parsing time 441 ms. 
173756     DEBUG main            d.u.i.k.p.r.p.TestFile    ... success: reloaded. 
173756     INFO  main            d.u.i.k.p.r.p.TestFile    Now processing file /home/runner/work/key/key/key.core/../key.ui/examples/standard_key/quantifiers/elimination0.key 
173756     INFO  main            d.u.i.k.p.i.AbstractProblemLoader Loading environment from /home/runner/work/key/key/key.core/../key.ui/examples/standard_key/quantifiers/elimination0.key 
173757     DEBUG main            d.u.i.k.p.i.AbstractProblemLoader Environment load took 164.6ns 
173758     WARN  main            d.u.i.k.n.ParsingFacade   /home/runner/work/key/key/key.core/../key.ui/examples/standard_key/quantifiers/elimination0.key took 0 ms to parse. 
173758     WARN  main            d.u.i.k.n.ParsingFacade   Parsing time 441 ms. 
173758     INFO  main            d.u.i.k.p.i.AbstractProblemLoader Creating init config 
174505     WARN  main            d.u.i.k.n.ParsingFacade   file:/home/runner/work/key/key/key.core/build/resources/main/de/uka/ilkd/key/java/JavaRedux/java/lang/String.key took 2 ms to parse. 
174505     WARN  main            d.u.i.k.n.ParsingFacade   Parsing time 443 ms. 
176080     DEBUG main            d.u.i.k.p.i.AbstractProblemLoader Init config took 2.32s 
176093     INFO  main            d.u.i.k.p.i.AbstractProblemLoader Replaying proof elimination0.key 
176094     DEBUG main            d.u.i.k.p.i.IntermediateProofReplayer Proof replay took 6ns 
176095     WARN  main            d.u.i.k.n.ParsingFacade   /home/runner/work/key/key/key.core/../key.ui/examples/standard_key/quantifiers/elimination0.key took 1 ms to parse. 
176095     WARN  main            d.u.i.k.n.ParsingFacade   Parsing time 444 ms. 
176196     INFO  main            d.u.i.k.p.r.p.TestFile    ... finished proof: closed. 
176471     INFO  main            d.u.i.k.p.i.AbstractProblemLoader Loading environment from /home/runner/work/key/key/key.core/../key.ui/examples/standard_key/quantifiers/elimination0.key.proof 
176471     DEBUG main            d.u.i.k.p.i.AbstractProblemLoader Environment load took 78.4ns 
176471     WARN  main            d.u.i.k.n.ParsingFacade   /home/runner/work/key/key/key.core/../key.ui/examples/standard_key/quantifiers/elimination0.key.proof took 0 ms to parse. 
176471     WARN  main            d.u.i.k.n.ParsingFacade   Parsing time 444 ms. 
176472     INFO  main            d.u.i.k.p.i.AbstractProblemLoader Creating init config 
177204     WARN  main            d.u.i.k.n.ParsingFacade   file:/home/runner/work/key/key/key.core/build/resources/main/de/uka/ilkd/key/java/JavaRedux/java/lang/String.key took 1 ms to parse. 
177204     WARN  main            d.u.i.k.n.ParsingFacade   Parsing time 445 ms. 
178773     DEBUG main            d.u.i.k.p.i.AbstractProblemLoader Init config took 2.3s 
178786     INFO  main            d.u.i.k.p.i.AbstractProblemLoader Replaying proof elimination0.key.proof 
178788     DEBUG main            d.u.i.k.p.i.IntermediateProofReplayer Proof replay took 1.08ms 
178789     WARN  main            d.u.i.k.n.ParsingFacade   /home/runner/work/key/key/key.core/../key.ui/examples/standard_key/quantifiers/elimination0.key.proof took 0 ms to parse. 
178789     WARN  main            d.u.i.k.n.ParsingFacade   Parsing time 445 ms. 
178789     DEBUG main            d.u.i.k.p.r.p.TestFile    ... success: reloaded. 
178790     INFO  main            d.u.i.k.p.r.p.TestFile    Now processing file /home/runner/work/key/key/key.core/../key.ui/examples/standard_key/quantifiers/heuristic_PUZ001p1-eq.key 
178790     INFO  main            d.u.i.k.p.i.AbstractProblemLoader Loading environment from /home/runner/work/key/key/key.core/../key.ui/examples/standard_key/quantifiers/heuristic_PUZ001p1-eq.key 
178790     DEBUG main            d.u.i.k.p.i.AbstractProblemLoader Environment load took 68.4ns 
178791     WARN  main            d.u.i.k.n.ParsingFacade   /home/runner/work/key/key/key.core/../key.ui/examples/standard_key/quantifiers/heuristic_PUZ001p1-eq.key took 1 ms to parse. 
178791     WARN  main            d.u.i.k.n.ParsingFacade   Parsing time 446 ms. 
178791     INFO  main            d.u.i.k.p.i.AbstractProblemLoader Creating init config 
179541     WARN  main            d.u.i.k.n.ParsingFacade   file:/home/runner/work/key/key/key.core/build/resources/main/de/uka/ilkd/key/java/JavaRedux/java/lang/String.key took 1 ms to parse. 
179542     WARN  main            d.u.i.k.n.ParsingFacade   Parsing time 447 ms. 
181122     DEBUG main            d.u.i.k.p.i.AbstractProblemLoader Init config took 2.33s 
181153     INFO  main            d.u.i.k.p.i.AbstractProblemLoader Replaying proof heuristic_PUZ001p1-eq.key 
181155     DEBUG main            d.u.i.k.p.i.IntermediateProofReplayer Proof replay took 6.7ns 
181155     WARN  main            d.u.i.k.n.ParsingFacade   /home/runner/work/key/key/key.core/../key.ui/examples/standard_key/quantifiers/heuristic_PUZ001p1-eq.key took 0 ms to parse. 
181156     WARN  main            d.u.i.k.n.ParsingFacade   Parsing time 447 ms. 
181259     INFO  main            d.u.i.k.p.r.p.TestFile    ... finished proof: closed. 
181536     INFO  main            d.u.i.k.p.i.AbstractProblemLoader Loading environment from /home/runner/work/key/key/key.core/../key.ui/examples/standard_key/quantifiers/heuristic_PUZ001p1-eq.key.proof 
181536     DEBUG main            d.u.i.k.p.i.AbstractProblemLoader Environment load took 81.2ns 
181537     WARN  main            d.u.i.k.n.ParsingFacade   /home/runner/work/key/key/key.core/../key.ui/examples/standard_key/quantifiers/heuristic_PUZ001p1-eq.key.proof took 0 ms to parse. 
181537     WARN  main            d.u.i.k.n.ParsingFacade   Parsing time 447 ms. 
181539     INFO  main            d.u.i.k.p.i.AbstractProblemLoader Creating init config 
182265     WARN  main            d.u.i.k.n.ParsingFacade   file:/home/runner/work/key/key/key.core/build/resources/main/de/uka/ilkd/key/java/JavaRedux/java/lang/String.key took 1 ms to parse. 
182266     WARN  main            d.u.i.k.n.ParsingFacade   Parsing time 448 ms. 
183828     DEBUG main            d.u.i.k.p.i.AbstractProblemLoader Init config took 2.29s 
183842     INFO  main            d.u.i.k.p.i.AbstractProblemLoader Replaying proof heuristic_PUZ001p1-eq.key.proof 
183858     DEBUG main            d.u.i.k.p.i.IntermediateProofReplayer Proof replay took 8.57ms 
183858     WARN  main            d.u.i.k.n.ParsingFacade   /home/runner/work/key/key/key.core/../key.ui/examples/standard_key/quantifiers/heuristic_PUZ001p1-eq.key.proof took 0 ms to parse. 
183859     WARN  main            d.u.i.k.n.ParsingFacade   Parsing time 448 ms. 
183859     DEBUG main            d.u.i.k.p.r.p.TestFile    ... success: reloaded. 
183860     INFO  main            d.u.i.k.p.r.p.TestFile    Now processing file /home/runner/work/key/key/key.core/../key.ui/examples/standard_key/quantifiers/heuristic_PUZ001p1.key 
183860     INFO  main            d.u.i.k.p.i.AbstractProblemLoader Loading environment from /home/runner/work/key/key/key.core/../key.ui/examples/standard_key/quantifiers/heuristic_PUZ001p1.key 
183860     DEBUG main            d.u.i.k.p.i.AbstractProblemLoader Environment load took 74.7ns 
183860     WARN  main            d.u.i.k.n.ParsingFacade   /home/runner/work/key/key/key.core/../key.ui/examples/standard_key/quantifiers/heuristic_PUZ001p1.key took 0 ms to parse. 
183861     WARN  main            d.u.i.k.n.ParsingFacade   Parsing time 448 ms. 
183861     INFO  main            d.u.i.k.p.i.AbstractProblemLoader Creating init config 
184616     WARN  main            d.u.i.k.n.ParsingFacade   file:/home/runner/work/key/key/key.core/build/resources/main/de/uka/ilkd/key/java/JavaRedux/java/lang/String.key took 1 ms to parse. 
184616     WARN  main            d.u.i.k.n.ParsingFacade   Parsing time 449 ms. 
186216     DEBUG main            d.u.i.k.p.i.AbstractProblemLoader Init config took 2.35s 
186230     INFO  main            d.u.i.k.p.i.AbstractProblemLoader Replaying proof heuristic_PUZ001p1.key 
186232     DEBUG main            d.u.i.k.p.i.IntermediateProofReplayer Proof replay took 5.7ns 
186232     WARN  main            d.u.i.k.n.ParsingFacade   /home/runner/work/key/key/key.core/../key.ui/examples/standard_key/quantifiers/heuristic_PUZ001p1.key took 0 ms to parse. 
186233     WARN  main            d.u.i.k.n.ParsingFacade   Parsing time 449 ms. 
187536     INFO  main            d.u.i.k.p.r.p.TestFile    ... finished proof: closed. 
187876     INFO  main            d.u.i.k.p.i.AbstractProblemLoader Loading environment from /home/runner/work/key/key/key.core/../key.ui/examples/standard_key/quantifiers/heuristic_PUZ001p1.key.proof 
187876     DEBUG main            d.u.i.k.p.i.AbstractProblemLoader Environment load took 308.41ns 
187877     WARN  main            d.u.i.k.n.ParsingFacade   /home/runner/work/key/key/key.core/../key.ui/examples/standard_key/quantifiers/heuristic_PUZ001p1.key.proof took 0 ms to parse. 
187878     WARN  main            d.u.i.k.n.ParsingFacade   Parsing time 449 ms. 
187878     INFO  main            d.u.i.k.p.i.AbstractProblemLoader Creating init config 
188608     WARN  main            d.u.i.k.n.ParsingFacade   file:/home/runner/work/key/key/key.core/build/resources/main/de/uka/ilkd/key/java/JavaRedux/java/lang/String.key took 1 ms to parse. 
188608     WARN  main            d.u.i.k.n.ParsingFacade   Parsing time 450 ms. 
190159     DEBUG main            d.u.i.k.p.i.AbstractProblemLoader Init config took 2.28s 
190174     INFO  main            d.u.i.k.p.i.AbstractProblemLoader Replaying proof heuristic_PUZ001p1.key.proof 
190218     DEBUG main            d.u.i.k.p.i.IntermediateProofReplayer Proof replay took 40.38ms 
190219     WARN  main            d.u.i.k.n.ParsingFacade   /home/runner/work/key/key/key.core/../key.ui/examples/standard_key/quantifiers/heuristic_PUZ001p1.key.proof took 1 ms to parse. 
190219     WARN  main            d.u.i.k.n.ParsingFacade   Parsing time 451 ms. 
190219     DEBUG main            d.u.i.k.p.r.p.TestFile    ... success: reloaded. 
190220     INFO  main            d.u.i.k.p.r.p.TestFile    Now processing file /home/runner/work/key/key/key.core/../key.ui/examples/standard_key/quantifiers/heuristic_PUZ031p1.key 
190220     INFO  main            d.u.i.k.p.i.AbstractProblemLoader Loading environment from /home/runner/work/key/key/key.core/../key.ui/examples/standard_key/quantifiers/heuristic_PUZ031p1.key 
190220     DEBUG main            d.u.i.k.p.i.AbstractProblemLoader Environment load took 71.8ns 
190221     WARN  main            d.u.i.k.n.ParsingFacade   /home/runner/work/key/key/key.core/../key.ui/examples/standard_key/quantifiers/heuristic_PUZ031p1.key took 1 ms to parse. 
190221     WARN  main            d.u.i.k.n.ParsingFacade   Parsing time 452 ms. 
190221     INFO  main            d.u.i.k.p.i.AbstractProblemLoader Creating init config 
190966     WARN  main            d.u.i.k.n.ParsingFacade   file:/home/runner/work/key/key/key.core/build/resources/main/de/uka/ilkd/key/java/JavaRedux/java/lang/String.key took 1 ms to parse. 
190966     WARN  main            d.u.i.k.n.ParsingFacade   Parsing time 453 ms. 
192602     DEBUG main            d.u.i.k.p.i.AbstractProblemLoader Init config took 2.38s 
192616     INFO  main            d.u.i.k.p.i.AbstractProblemLoader Replaying proof heuristic_PUZ031p1.key 
192618     DEBUG main            d.u.i.k.p.i.IntermediateProofReplayer Proof replay took 6.2ns 
192618     WARN  main            d.u.i.k.n.ParsingFacade   /home/runner/work/key/key/key.core/../key.ui/examples/standard_key/quantifiers/heuristic_PUZ031p1.key took 0 ms to parse. 
192618     WARN  main            d.u.i.k.n.ParsingFacade   Parsing time 453 ms. 
197187     INFO  main            d.u.i.k.p.r.p.TestFile    ... finished proof: closed. 
197510     INFO  main            d.u.i.k.p.i.AbstractProblemLoader Loading environment from /home/runner/work/key/key/key.core/../key.ui/examples/standard_key/quantifiers/heuristic_PUZ031p1.key.proof 
197510     DEBUG main            d.u.i.k.p.i.AbstractProblemLoader Environment load took 371.21ns 
197511     WARN  main            d.u.i.k.n.ParsingFacade   /home/runner/work/key/key/key.core/../key.ui/examples/standard_key/quantifiers/heuristic_PUZ031p1.key.proof took 1 ms to parse. 
197511     WARN  main            d.u.i.k.n.ParsingFacade   Parsing time 454 ms. 
197512     INFO  main            d.u.i.k.p.i.AbstractProblemLoader Creating init config 
198244     WARN  main            d.u.i.k.n.ParsingFacade   file:/home/runner/work/key/key/key.core/build/resources/main/de/uka/ilkd/key/java/JavaRedux/java/lang/String.key took 1 ms to parse. 
198244     WARN  main            d.u.i.k.n.ParsingFacade   Parsing time 455 ms. 
199801     DEBUG main            d.u.i.k.p.i.AbstractProblemLoader Init config took 2.29s 
199829     INFO  main            d.u.i.k.p.i.AbstractProblemLoader Replaying proof heuristic_PUZ031p1.key.proof 
199882     DEBUG main            d.u.i.k.p.i.IntermediateProofReplayer Proof replay took 48.59ms 
199883     WARN  main            d.u.i.k.n.ParsingFacade   /home/runner/work/key/key/key.core/../key.ui/examples/standard_key/quantifiers/heuristic_PUZ031p1.key.proof took 1 ms to parse. 
199883     WARN  main            d.u.i.k.n.ParsingFacade   Parsing time 456 ms. 
199884     DEBUG main            d.u.i.k.p.r.p.TestFile    ... success: reloaded. 
199884     INFO  main            d.u.i.k.p.r.p.TestFile    Now processing file /home/runner/work/key/key/key.core/../key.ui/examples/standard_key/quantifiers/heuristic_SYN036p2.key 
199885     INFO  main            d.u.i.k.p.i.AbstractProblemLoader Loading environment from /home/runner/work/key/key/key.core/../key.ui/examples/standard_key/quantifiers/heuristic_SYN036p2.key 
199885     DEBUG main            d.u.i.k.p.i.AbstractProblemLoader Environment load took 147.8ns 
199885     WARN  main            d.u.i.k.n.ParsingFacade   /home/runner/work/key/key/key.core/../key.ui/examples/standard_key/quantifiers/heuristic_SYN036p2.key took 0 ms to parse. 
199885     WARN  main            d.u.i.k.n.ParsingFacade   Parsing time 456 ms. 
199886     INFO  main            d.u.i.k.p.i.AbstractProblemLoader Creating init config 
200643     WARN  main            d.u.i.k.n.ParsingFacade   file:/home/runner/work/key/key/key.core/build/resources/main/de/uka/ilkd/key/java/JavaRedux/java/lang/String.key took 1 ms to parse. 
200643     WARN  main            d.u.i.k.n.ParsingFacade   Parsing time 457 ms. 
202209     DEBUG main            d.u.i.k.p.i.AbstractProblemLoader Init config took 2.32s 
202222     INFO  main            d.u.i.k.p.i.AbstractProblemLoader Replaying proof heuristic_SYN036p2.key 
202223     DEBUG main            d.u.i.k.p.i.IntermediateProofReplayer Proof replay took 6.3ns 
202223     WARN  main            d.u.i.k.n.ParsingFacade   /home/runner/work/key/key/key.core/../key.ui/examples/standard_key/quantifiers/heuristic_SYN036p2.key took 0 ms to parse. 
202223     WARN  main            d.u.i.k.n.ParsingFacade   Parsing time 457 ms. 
202428     INFO  main            d.u.i.k.p.r.p.TestFile    ... finished proof: closed. 
202795     INFO  main            d.u.i.k.p.i.AbstractProblemLoader Loading environment from /home/runner/work/key/key/key.core/../key.ui/examples/standard_key/quantifiers/heuristic_SYN036p2.key.proof 
202795     DEBUG main            d.u.i.k.p.i.AbstractProblemLoader Environment load took 323.5ns 
202796     WARN  main            d.u.i.k.n.ParsingFacade   /home/runner/work/key/key/key.core/../key.ui/examples/standard_key/quantifiers/heuristic_SYN036p2.key.proof took 0 ms to parse. 
202796     WARN  main            d.u.i.k.n.ParsingFacade   Parsing time 457 ms. 
202797     INFO  main            d.u.i.k.p.i.AbstractProblemLoader Creating init config 
203521     WARN  main            d.u.i.k.n.ParsingFacade   file:/home/runner/work/key/key/key.core/build/resources/main/de/uka/ilkd/key/java/JavaRedux/java/lang/String.key took 1 ms to parse. 
203521     WARN  main            d.u.i.k.n.ParsingFacade   Parsing time 458 ms. 
205062     DEBUG main            d.u.i.k.p.i.AbstractProblemLoader Init config took 2.27s 
205075     INFO  main            d.u.i.k.p.i.AbstractProblemLoader Replaying proof heuristic_SYN036p2.key.proof 
205139     DEBUG main            d.u.i.k.p.i.IntermediateProofReplayer Proof replay took 55.3ms 
205139     WARN  main            d.u.i.k.n.ParsingFacade   /home/runner/work/key/key/key.core/../key.ui/examples/standard_key/quantifiers/heuristic_SYN036p2.key.proof took 0 ms to parse. 
205139     WARN  main            d.u.i.k.n.ParsingFacade   Parsing time 458 ms. 
205140     DEBUG main            d.u.i.k.p.r.p.TestFile    ... success: reloaded. 
205140     INFO  main            d.u.i.k.p.r.p.TestFile    Now processing file /home/runner/work/key/key/key.core/../key.ui/examples/standard_key/quantifiers/injectivity.key 
205140     INFO  main            d.u.i.k.p.i.AbstractProblemLoader Loading environment from /home/runner/work/key/key/key.core/../key.ui/examples/standard_key/quantifiers/injectivity.key 
205141     DEBUG main            d.u.i.k.p.i.AbstractProblemLoader Environment load took 67.3ns 
205141     WARN  main            d.u.i.k.n.ParsingFacade   /home/runner/work/key/key/key.core/../key.ui/examples/standard_key/quantifiers/injectivity.key took 0 ms to parse. 
205141     WARN  main            d.u.i.k.n.ParsingFacade   Parsing time 458 ms. 
205141     INFO  main            d.u.i.k.p.i.AbstractProblemLoader Creating init config 
205890     WARN  main            d.u.i.k.n.ParsingFacade   file:/home/runner/work/key/key/key.core/build/resources/main/de/uka/ilkd/key/java/JavaRedux/java/lang/String.key took 1 ms to parse. 
205891     WARN  main            d.u.i.k.n.ParsingFacade   Parsing time 459 ms. 
207458     DEBUG main            d.u.i.k.p.i.AbstractProblemLoader Init config took 2.32s 
207471     INFO  main            d.u.i.k.p.i.AbstractProblemLoader Replaying proof injectivity.key 
207472     DEBUG main            d.u.i.k.p.i.IntermediateProofReplayer Proof replay took 6.6ns 
207472     WARN  main            d.u.i.k.n.ParsingFacade   /home/runner/work/key/key/key.core/../key.ui/examples/standard_key/quantifiers/injectivity.key took 0 ms to parse. 
207472     WARN  main            d.u.i.k.n.ParsingFacade   Parsing time 459 ms. 
207574     INFO  main            d.u.i.k.p.r.p.TestFile    ... finished proof: closed. 
207878     INFO  main            d.u.i.k.p.i.AbstractProblemLoader Loading environment from /home/runner/work/key/key/key.core/../key.ui/examples/standard_key/quantifiers/injectivity.key.proof 
207878     DEBUG main            d.u.i.k.p.i.AbstractProblemLoader Environment load took 81ns 
207879     WARN  main            d.u.i.k.n.ParsingFacade   /home/runner/work/key/key/key.core/../key.ui/examples/standard_key/quantifiers/injectivity.key.proof took 1 ms to parse. 
207879     WARN  main            d.u.i.k.n.ParsingFacade   Parsing time 460 ms. 
207879     INFO  main            d.u.i.k.p.i.AbstractProblemLoader Creating init config 
208604     WARN  main            d.u.i.k.n.ParsingFacade   file:/home/runner/work/key/key/key.core/build/resources/main/de/uka/ilkd/key/java/JavaRedux/java/lang/String.key took 1 ms to parse. 
208604     WARN  main            d.u.i.k.n.ParsingFacade   Parsing time 461 ms. 
210148     DEBUG main            d.u.i.k.p.i.AbstractProblemLoader Init config took 2.27s 
210161     INFO  main            d.u.i.k.p.i.AbstractProblemLoader Replaying proof injectivity.key.proof 
210163     DEBUG main            d.u.i.k.p.i.IntermediateProofReplayer Proof replay took 1.65ms 
210164     WARN  main            d.u.i.k.n.ParsingFacade   /home/runner/work/key/key/key.core/../key.ui/examples/standard_key/quantifiers/injectivity.key.proof took 0 ms to parse. 
210164     WARN  main            d.u.i.k.n.ParsingFacade   Parsing time 461 ms. 
210164     DEBUG main            d.u.i.k.p.r.p.TestFile    ... success: reloaded. 
210165     INFO  main            d.u.i.k.p.r.p.TestFile    Now processing file /home/runner/work/key/key/key.core/../key.ui/examples/standard_key/quantifiers/normalisation0.key 
210165     INFO  main            d.u.i.k.p.i.AbstractProblemLoader Loading environment from /home/runner/work/key/key/key.core/../key.ui/examples/standard_key/quantifiers/normalisation0.key 
210165     DEBUG main            d.u.i.k.p.i.AbstractProblemLoader Environment load took 72.9ns 
210167     WARN  main            d.u.i.k.n.ParsingFacade   /home/runner/work/key/key/key.core/../key.ui/examples/standard_key/quantifiers/normalisation0.key took 1 ms to parse. 
210167     WARN  main            d.u.i.k.n.ParsingFacade   Parsing time 462 ms. 
210167     INFO  main            d.u.i.k.p.i.AbstractProblemLoader Creating init config 
210912     WARN  main            d.u.i.k.n.ParsingFacade   file:/home/runner/work/key/key/key.core/build/resources/main/de/uka/ilkd/key/java/JavaRedux/java/lang/String.key took 1 ms to parse. 
210912     WARN  main            d.u.i.k.n.ParsingFacade   Parsing time 463 ms. 
212472     DEBUG main            d.u.i.k.p.i.AbstractProblemLoader Init config took 2.31s 
212486     INFO  main            d.u.i.k.p.i.AbstractProblemLoader Replaying proof normalisation0.key 
212487     DEBUG main            d.u.i.k.p.i.IntermediateProofReplayer Proof replay took 6.8ns 
212487     WARN  main            d.u.i.k.n.ParsingFacade   /home/runner/work/key/key/key.core/../key.ui/examples/standard_key/quantifiers/normalisation0.key took 0 ms to parse. 
212488     WARN  main            d.u.i.k.n.ParsingFacade   Parsing time 463 ms. 
212589     INFO  main            d.u.i.k.p.r.p.TestFile    ... finished proof: closed. 
212901     INFO  main            d.u.i.k.p.i.AbstractProblemLoader Loading environment from /home/runner/work/key/key/key.core/../key.ui/examples/standard_key/quantifiers/normalisation0.key.proof 
212901     DEBUG main            d.u.i.k.p.i.AbstractProblemLoader Environment load took 79.8ns 
212902     WARN  main            d.u.i.k.n.ParsingFacade   /home/runner/work/key/key/key.core/../key.ui/examples/standard_key/quantifiers/normalisation0.key.proof took 0 ms to parse. 
212902     WARN  main            d.u.i.k.n.ParsingFacade   Parsing time 463 ms. 
212902     INFO  main            d.u.i.k.p.i.AbstractProblemLoader Creating init config 
213630     WARN  main            d.u.i.k.n.ParsingFacade   file:/home/runner/work/key/key/key.core/build/resources/main/de/uka/ilkd/key/java/JavaRedux/java/lang/String.key took 1 ms to parse. 
213630     WARN  main            d.u.i.k.n.ParsingFacade   Parsing time 464 ms. 
215170     DEBUG main            d.u.i.k.p.i.AbstractProblemLoader Init config took 2.27s 
215183     INFO  main            d.u.i.k.p.i.AbstractProblemLoader Replaying proof normalisation0.key.proof 
215186     DEBUG main            d.u.i.k.p.i.IntermediateProofReplayer Proof replay took 1.88ms 
215186     WARN  main            d.u.i.k.n.ParsingFacade   /home/runner/work/key/key/key.core/../key.ui/examples/standard_key/quantifiers/normalisation0.key.proof took 0 ms to parse. 
215186     WARN  main            d.u.i.k.n.ParsingFacade   Parsing time 464 ms. 
215187     DEBUG main            d.u.i.k.p.r.p.TestFile    ... success: reloaded. 
215187     INFO  main            d.u.i.k.p.r.p.TestFile    Now processing file /home/runner/work/key/key/key.core/../key.ui/examples/standard_key/quantifiers/normalisation1.key 
215187     INFO  main            d.u.i.k.p.i.AbstractProblemLoader Loading environment from /home/runner/work/key/key/key.core/../key.ui/examples/standard_key/quantifiers/normalisation1.key 
215187     DEBUG main            d.u.i.k.p.i.AbstractProblemLoader Environment load took 53.5ns 
215188     WARN  main            d.u.i.k.n.ParsingFacade   /home/runner/work/key/key/key.core/../key.ui/examples/standard_key/quantifiers/normalisation1.key took 0 ms to parse. 
215188     WARN  main            d.u.i.k.n.ParsingFacade   Parsing time 464 ms. 
215188     INFO  main            d.u.i.k.p.i.AbstractProblemLoader Creating init config 
215935     WARN  main            d.u.i.k.n.ParsingFacade   file:/home/runner/work/key/key/key.core/build/resources/main/de/uka/ilkd/key/java/JavaRedux/java/lang/String.key took 1 ms to parse. 
215935     WARN  main            d.u.i.k.n.ParsingFacade   Parsing time 465 ms. 
217499     DEBUG main            d.u.i.k.p.i.AbstractProblemLoader Init config took 2.31s 
217515     INFO  main            d.u.i.k.p.i.AbstractProblemLoader Replaying proof normalisation1.key 
217516     DEBUG main            d.u.i.k.p.i.IntermediateProofReplayer Proof replay took 6.1ns 
217516     WARN  main            d.u.i.k.n.ParsingFacade   /home/runner/work/key/key/key.core/../key.ui/examples/standard_key/quantifiers/normalisation1.key took 0 ms to parse. 
217516     WARN  main            d.u.i.k.n.ParsingFacade   Parsing time 465 ms. 
217620     INFO  main            d.u.i.k.p.r.p.TestFile    ... finished proof: closed. 
218061     INFO  main            d.u.i.k.p.i.AbstractProblemLoader Loading environment from /home/runner/work/key/key/key.core/../key.ui/examples/standard_key/quantifiers/normalisation1.key.proof 
218061     DEBUG main            d.u.i.k.p.i.AbstractProblemLoader Environment load took 94.6ns 
218062     WARN  main            d.u.i.k.n.ParsingFacade   /home/runner/work/key/key/key.core/../key.ui/examples/standard_key/quantifiers/normalisation1.key.proof took 1 ms to parse. 
218062     WARN  main            d.u.i.k.n.ParsingFacade   Parsing time 466 ms. 
218062     INFO  main            d.u.i.k.p.i.AbstractProblemLoader Creating init config 
218805     WARN  main            d.u.i.k.n.ParsingFacade   file:/home/runner/work/key/key/key.core/build/resources/main/de/uka/ilkd/key/java/JavaRedux/java/lang/String.key took 2 ms to parse. 
218805     WARN  main            d.u.i.k.n.ParsingFacade   Parsing time 468 ms. 
220346     DEBUG main            d.u.i.k.p.i.AbstractProblemLoader Init config took 2.28s 
220369     INFO  main            d.u.i.k.p.i.AbstractProblemLoader Replaying proof normalisation1.key.proof 
220372     DEBUG main            d.u.i.k.p.i.IntermediateProofReplayer Proof replay took 2.37ms 
220373     WARN  main            d.u.i.k.n.ParsingFacade   /home/runner/work/key/key/key.core/../key.ui/examples/standard_key/quantifiers/normalisation1.key.proof took 0 ms to parse. 
220373     WARN  main            d.u.i.k.n.ParsingFacade   Parsing time 468 ms. 
220373     DEBUG main            d.u.i.k.p.r.p.TestFile    ... success: reloaded. 
220374     INFO  main            d.u.i.k.p.r.p.TestFile    Now processing file /home/runner/work/key/key/key.core/../key.ui/examples/standard_key/quantifiers/normalisation2.key 
220374     INFO  main            d.u.i.k.p.i.AbstractProblemLoader Loading environment from /home/runner/work/key/key/key.core/../key.ui/examples/standard_key/quantifiers/normalisation2.key 
220374     DEBUG main            d.u.i.k.p.i.AbstractProblemLoader Environment load took 55ns 
220374     WARN  main            d.u.i.k.n.ParsingFacade   /home/runner/work/key/key/key.core/../key.ui/examples/standard_key/quantifiers/normalisation2.key took 0 ms to parse. 
220374     WARN  main            d.u.i.k.n.ParsingFacade   Parsing time 468 ms. 
220375     INFO  main            d.u.i.k.p.i.AbstractProblemLoader Creating init config 
221111     WARN  main            d.u.i.k.n.ParsingFacade   file:/home/runner/work/key/key/key.core/build/resources/main/de/uka/ilkd/key/java/JavaRedux/java/lang/String.key took 1 ms to parse. 
221112     WARN  main            d.u.i.k.n.ParsingFacade   Parsing time 469 ms. 
222695     DEBUG main            d.u.i.k.p.i.AbstractProblemLoader Init config took 2.32s 
222708     INFO  main            d.u.i.k.p.i.AbstractProblemLoader Replaying proof normalisation2.key 
222709     DEBUG main            d.u.i.k.p.i.IntermediateProofReplayer Proof replay took 6.6ns 
222710     WARN  main            d.u.i.k.n.ParsingFacade   /home/runner/work/key/key/key.core/../key.ui/examples/standard_key/quantifiers/normalisation2.key took 1 ms to parse. 
222710     WARN  main            d.u.i.k.n.ParsingFacade   Parsing time 470 ms. 
222811     INFO  main            d.u.i.k.p.r.p.TestFile    ... finished proof: closed. 
223138     INFO  main            d.u.i.k.p.i.AbstractProblemLoader Loading environment from /home/runner/work/key/key/key.core/../key.ui/examples/standard_key/quantifiers/normalisation2.key.proof 
223139     DEBUG main            d.u.i.k.p.i.AbstractProblemLoader Environment load took 78.5ns 
223139     WARN  main            d.u.i.k.n.ParsingFacade   /home/runner/work/key/key/key.core/../key.ui/examples/standard_key/quantifiers/normalisation2.key.proof took 0 ms to parse. 
223139     WARN  main            d.u.i.k.n.ParsingFacade   Parsing time 470 ms. 
223139     INFO  main            d.u.i.k.p.i.AbstractProblemLoader Creating init config 
223866     WARN  main            d.u.i.k.n.ParsingFacade   file:/home/runner/work/key/key/key.core/build/resources/main/de/uka/ilkd/key/java/JavaRedux/java/lang/String.key took 1 ms to parse. 
223866     WARN  main            d.u.i.k.n.ParsingFacade   Parsing time 471 ms. 
225413     DEBUG main            d.u.i.k.p.i.AbstractProblemLoader Init config took 2.27s 
225427     INFO  main            d.u.i.k.p.i.AbstractProblemLoader Replaying proof normalisation2.key.proof 
225430     DEBUG main            d.u.i.k.p.i.IntermediateProofReplayer Proof replay took 1.95ms 
225430     WARN  main            d.u.i.k.n.ParsingFacade   /home/runner/work/key/key/key.core/../key.ui/examples/standard_key/quantifiers/normalisation2.key.proof took 0 ms to parse. 
225430     WARN  main            d.u.i.k.n.ParsingFacade   Parsing time 471 ms. 
225431     DEBUG main            d.u.i.k.p.r.p.TestFile    ... success: reloaded. 
225431     INFO  main            d.u.i.k.p.r.p.TestFile    Now processing file /home/runner/work/key/key/key.core/../key.ui/examples/standard_key/quantifiers/normalisation3.key 
225431     INFO  main            d.u.i.k.p.i.AbstractProblemLoader Loading environment from /home/runner/work/key/key/key.core/../key.ui/examples/standard_key/quantifiers/normalisation3.key 
225432     DEBUG main            d.u.i.k.p.i.AbstractProblemLoader Environment load took 70.5ns 
225432     WARN  main            d.u.i.k.n.ParsingFacade   /home/runner/work/key/key/key.core/../key.ui/examples/standard_key/quantifiers/normalisation3.key took 0 ms to parse. 
225432     WARN  main            d.u.i.k.n.ParsingFacade   Parsing time 471 ms. 
225432     INFO  main            d.u.i.k.p.i.AbstractProblemLoader Creating init config 
226165     WARN  main            d.u.i.k.n.ParsingFacade   file:/home/runner/work/key/key/key.core/build/resources/main/de/uka/ilkd/key/java/JavaRedux/java/lang/String.key took 1 ms to parse. 
226165     WARN  main            d.u.i.k.n.ParsingFacade   Parsing time 472 ms. 
227743     DEBUG main            d.u.i.k.p.i.AbstractProblemLoader Init config took 2.31s 
227756     INFO  main            d.u.i.k.p.i.AbstractProblemLoader Replaying proof normalisation3.key 
227758     DEBUG main            d.u.i.k.p.i.IntermediateProofReplayer Proof replay took 6.7ns 
227758     WARN  main            d.u.i.k.n.ParsingFacade   /home/runner/work/key/key/key.core/../key.ui/examples/standard_key/quantifiers/normalisation3.key took 0 ms to parse. 
227758     WARN  main            d.u.i.k.n.ParsingFacade   Parsing time 472 ms. 
227859     INFO  main            d.u.i.k.p.r.p.TestFile    ... finished proof: closed. 
228182     INFO  main            d.u.i.k.p.i.AbstractProblemLoader Loading environment from /home/runner/work/key/key/key.core/../key.ui/examples/standard_key/quantifiers/normalisation3.key.proof 
228182     DEBUG main            d.u.i.k.p.i.AbstractProblemLoader Environment load took 82.8ns 
228183     WARN  main            d.u.i.k.n.ParsingFacade   /home/runner/work/key/key/key.core/../key.ui/examples/standard_key/quantifiers/normalisation3.key.proof took 0 ms to parse. 
228183     WARN  main            d.u.i.k.n.ParsingFacade   Parsing time 472 ms. 
228183     INFO  main            d.u.i.k.p.i.AbstractProblemLoader Creating init config 
228906     WARN  main            d.u.i.k.n.ParsingFacade   file:/home/runner/work/key/key/key.core/build/resources/main/de/uka/ilkd/key/java/JavaRedux/java/lang/String.key took 1 ms to parse. 
228906     WARN  main            d.u.i.k.n.ParsingFacade   Parsing time 473 ms. 
230458     DEBUG main            d.u.i.k.p.i.AbstractProblemLoader Init config took 2.27s 
230472     INFO  main            d.u.i.k.p.i.AbstractProblemLoader Replaying proof normalisation3.key.proof 
230475     DEBUG main            d.u.i.k.p.i.IntermediateProofReplayer Proof replay took 1.97ms 
230475     WARN  main            d.u.i.k.n.ParsingFacade   /home/runner/work/key/key/key.core/../key.ui/examples/standard_key/quantifiers/normalisation3.key.proof took 0 ms to parse. 
230475     WARN  main            d.u.i.k.n.ParsingFacade   Parsing time 473 ms. 
230476     DEBUG main            d.u.i.k.p.r.p.TestFile    ... success: reloaded. 
230476     INFO  main            d.u.i.k.p.r.p.TestFile    Now processing file /home/runner/work/key/key/key.core/../key.ui/examples/standard_key/quantifiers/normalisation4.key 
230476     INFO  main            d.u.i.k.p.i.AbstractProblemLoader Loading environment from /home/runner/work/key/key/key.core/../key.ui/examples/standard_key/quantifiers/normalisation4.key 
230477     DEBUG main            d.u.i.k.p.i.AbstractProblemLoader Environment load took 118.1ns 
230477     WARN  main            d.u.i.k.n.ParsingFacade   /home/runner/work/key/key/key.core/../key.ui/examples/standard_key/quantifiers/normalisation4.key took 0 ms to parse. 
230477     WARN  main            d.u.i.k.n.ParsingFacade   Parsing time 473 ms. 
230477     INFO  main            d.u.i.k.p.i.AbstractProblemLoader Creating init config 
231210     WARN  main            d.u.i.k.n.ParsingFacade   file:/home/runner/work/key/key/key.core/build/resources/main/de/uka/ilkd/key/java/JavaRedux/java/lang/String.key took 1 ms to parse. 
231210     WARN  main            d.u.i.k.n.ParsingFacade   Parsing time 474 ms. 
232786     DEBUG main            d.u.i.k.p.i.AbstractProblemLoader Init config took 2.31s 
232798     INFO  main            d.u.i.k.p.i.AbstractProblemLoader Replaying proof normalisation4.key 
232800     DEBUG main            d.u.i.k.p.i.IntermediateProofReplayer Proof replay took 5.7ns 
232800     WARN  main            d.u.i.k.n.ParsingFacade   /home/runner/work/key/key/key.core/../key.ui/examples/standard_key/quantifiers/normalisation4.key took 0 ms to parse. 
232800     WARN  main            d.u.i.k.n.ParsingFacade   Parsing time 474 ms. 
232901     INFO  main            d.u.i.k.p.r.p.TestFile    ... finished proof: closed. 
233233     INFO  main            d.u.i.k.p.i.AbstractProblemLoader Loading environment from /home/runner/work/key/key/key.core/../key.ui/examples/standard_key/quantifiers/normalisation4.key.proof 
233233     DEBUG main            d.u.i.k.p.i.AbstractProblemLoader Environment load took 78.4ns 
233233     WARN  main            d.u.i.k.n.ParsingFacade   /home/runner/work/key/key/key.core/../key.ui/examples/standard_key/quantifiers/normalisation4.key.proof took 0 ms to parse. 
233233     WARN  main            d.u.i.k.n.ParsingFacade   Parsing time 474 ms. 
233234     INFO  main            d.u.i.k.p.i.AbstractProblemLoader Creating init config 
233960     WARN  main            d.u.i.k.n.ParsingFacade   file:/home/runner/work/key/key/key.core/build/resources/main/de/uka/ilkd/key/java/JavaRedux/java/lang/String.key took 1 ms to parse. 
233960     WARN  main            d.u.i.k.n.ParsingFacade   Parsing time 475 ms. 
235514     DEBUG main            d.u.i.k.p.i.AbstractProblemLoader Init config took 2.28s 
235527     INFO  main            d.u.i.k.p.i.AbstractProblemLoader Replaying proof normalisation4.key.proof 
235535     DEBUG main            d.u.i.k.p.i.IntermediateProofReplayer Proof replay took 7.06ms 
235536     WARN  main            d.u.i.k.n.ParsingFacade   /home/runner/work/key/key/key.core/../key.ui/examples/standard_key/quantifiers/normalisation4.key.proof took 1 ms to parse. 
235536     WARN  main            d.u.i.k.n.ParsingFacade   Parsing time 476 ms. 
235536     DEBUG main            d.u.i.k.p.r.p.TestFile    ... success: reloaded. 
235537     INFO  main            d.u.i.k.p.r.p.TestFile    Now processing file /home/runner/work/key/key/key.core/../key.ui/examples/standard_key/quantifiers/normalisation5.key 
235537     INFO  main            d.u.i.k.p.i.AbstractProblemLoader Loading environment from /home/runner/work/key/key/key.core/../key.ui/examples/standard_key/quantifiers/normalisation5.key 
235537     DEBUG main            d.u.i.k.p.i.AbstractProblemLoader Environment load took 60.8ns 
235537     WARN  main            d.u.i.k.n.ParsingFacade   /home/runner/work/key/key/key.core/../key.ui/examples/standard_key/quantifiers/normalisation5.key took 0 ms to parse. 
235537     WARN  main            d.u.i.k.n.ParsingFacade   Parsing time 476 ms. 
235538     INFO  main            d.u.i.k.p.i.AbstractProblemLoader Creating init config 
236269     WARN  main            d.u.i.k.n.ParsingFacade   file:/home/runner/work/key/key/key.core/build/resources/main/de/uka/ilkd/key/java/JavaRedux/java/lang/String.key took 1 ms to parse. 
236269     WARN  main            d.u.i.k.n.ParsingFacade   Parsing time 477 ms. 
237841     DEBUG main            d.u.i.k.p.i.AbstractProblemLoader Init config took 2.3s 
237854     INFO  main            d.u.i.k.p.i.AbstractProblemLoader Replaying proof normalisation5.key 
237855     DEBUG main            d.u.i.k.p.i.IntermediateProofReplayer Proof replay took 6.2ns 
237856     WARN  main            d.u.i.k.n.ParsingFacade   /home/runner/work/key/key/key.core/../key.ui/examples/standard_key/quantifiers/normalisation5.key took 1 ms to parse. 
237856     WARN  main            d.u.i.k.n.ParsingFacade   Parsing time 478 ms. 
237957     INFO  main            d.u.i.k.p.r.p.TestFile    ... finished proof: closed. 
238302     INFO  main            d.u.i.k.p.i.AbstractProblemLoader Loading environment from /home/runner/work/key/key/key.core/../key.ui/examples/standard_key/quantifiers/normalisation5.key.proof 
238302     DEBUG main            d.u.i.k.p.i.AbstractProblemLoader Environment load took 76.5ns 
238302     WARN  main            d.u.i.k.n.ParsingFacade   /home/runner/work/key/key/key.core/../key.ui/examples/standard_key/quantifiers/normalisation5.key.proof took 0 ms to parse. 
238302     WARN  main            d.u.i.k.n.ParsingFacade   Parsing time 478 ms. 
238303     INFO  main            d.u.i.k.p.i.AbstractProblemLoader Creating init config 
239028     WARN  main            d.u.i.k.n.ParsingFacade   file:/home/runner/work/key/key/key.core/build/resources/main/de/uka/ilkd/key/java/JavaRedux/java/lang/String.key took 1 ms to parse. 
239028     WARN  main            d.u.i.k.n.ParsingFacade   Parsing time 479 ms. 
240577     DEBUG main            d.u.i.k.p.i.AbstractProblemLoader Init config took 2.27s 
240590     INFO  main            d.u.i.k.p.i.AbstractProblemLoader Replaying proof normalisation5.key.proof 
240595     DEBUG main            d.u.i.k.p.i.IntermediateProofReplayer Proof replay took 3.3ms 
240595     WARN  main            d.u.i.k.n.ParsingFacade   /home/runner/work/key/key/key.core/../key.ui/examples/standard_key/quantifiers/normalisation5.key.proof took 0 ms to parse. 
240595     WARN  main            d.u.i.k.n.ParsingFacade   Parsing time 479 ms. 
240596     DEBUG main            d.u.i.k.p.r.p.TestFile    ... success: reloaded. 
240596     INFO  main            d.u.i.k.p.r.p.TestFile    Now processing file /home/runner/work/key/key/key.core/../key.ui/examples/standard_key/quantifiers/normalisation6.key 
240597     INFO  main            d.u.i.k.p.i.AbstractProblemLoader Loading environment from /home/runner/work/key/key/key.core/../key.ui/examples/standard_key/quantifiers/normalisation6.key 
240597     DEBUG main            d.u.i.k.p.i.AbstractProblemLoader Environment load took 58.5ns 
240597     WARN  main            d.u.i.k.n.ParsingFacade   /home/runner/work/key/key/key.core/../key.ui/examples/standard_key/quantifiers/normalisation6.key took 0 ms to parse. 
240597     WARN  main            d.u.i.k.n.ParsingFacade   Parsing time 479 ms. 
240598     INFO  main            d.u.i.k.p.i.AbstractProblemLoader Creating init config 
241329     WARN  main            d.u.i.k.n.ParsingFacade   file:/home/runner/work/key/key/key.core/build/resources/main/de/uka/ilkd/key/java/JavaRedux/java/lang/String.key took 2 ms to parse. 
241329     WARN  main            d.u.i.k.n.ParsingFacade   Parsing time 481 ms. 
242902     DEBUG main            d.u.i.k.p.i.AbstractProblemLoader Init config took 2.3s 
242915     INFO  main            d.u.i.k.p.i.AbstractProblemLoader Replaying proof normalisation6.key 
242918     DEBUG main            d.u.i.k.p.i.IntermediateProofReplayer Proof replay took 6.5ns 
242918     WARN  main            d.u.i.k.n.ParsingFacade   /home/runner/work/key/key/key.core/../key.ui/examples/standard_key/quantifiers/normalisation6.key took 0 ms to parse. 
242918     WARN  main            d.u.i.k.n.ParsingFacade   Parsing time 481 ms. 
243019     INFO  main            d.u.i.k.p.r.p.TestFile    ... finished proof: closed. 
243370     INFO  main            d.u.i.k.p.i.AbstractProblemLoader Loading environment from /home/runner/work/key/key/key.core/../key.ui/examples/standard_key/quantifiers/normalisation6.key.proof 
243370     DEBUG main            d.u.i.k.p.i.AbstractProblemLoader Environment load took 107.9ns 
243370     WARN  main            d.u.i.k.n.ParsingFacade   /home/runner/work/key/key/key.core/../key.ui/examples/standard_key/quantifiers/normalisation6.key.proof took 0 ms to parse. 
243370     WARN  main            d.u.i.k.n.ParsingFacade   Parsing time 481 ms. 
243371     INFO  main            d.u.i.k.p.i.AbstractProblemLoader Creating init config 
244094     WARN  main            d.u.i.k.n.ParsingFacade   file:/home/runner/work/key/key/key.core/build/resources/main/de/uka/ilkd/key/java/JavaRedux/java/lang/String.key took 1 ms to parse. 
244094     WARN  main            d.u.i.k.n.ParsingFacade   Parsing time 482 ms. 
245645     DEBUG main            d.u.i.k.p.i.AbstractProblemLoader Init config took 2.27s 
245658     INFO  main            d.u.i.k.p.i.AbstractProblemLoader Replaying proof normalisation6.key.proof 
245662     DEBUG main            d.u.i.k.p.i.IntermediateProofReplayer Proof replay took 2.09ms 
245662     WARN  main            d.u.i.k.n.ParsingFacade   /home/runner/work/key/key/key.core/../key.ui/examples/standard_key/quantifiers/normalisation6.key.proof took 0 ms to parse. 
245662     WARN  main            d.u.i.k.n.ParsingFacade   Parsing time 482 ms. 
245662     DEBUG main            d.u.i.k.p.r.p.TestFile    ... success: reloaded. 
245663     INFO  main            d.u.i.k.p.r.p.TestFile    Now processing file /home/runner/work/key/key/key.core/../key.ui/examples/standard_key/quantifiers/normalisation7.key 
245663     INFO  main            d.u.i.k.p.i.AbstractProblemLoader Loading environment from /home/runner/work/key/key/key.core/../key.ui/examples/standard_key/quantifiers/normalisation7.key 
245663     DEBUG main            d.u.i.k.p.i.AbstractProblemLoader Environment load took 68.4ns 
245663     WARN  main            d.u.i.k.n.ParsingFacade   /home/runner/work/key/key/key.core/../key.ui/examples/standard_key/quantifiers/normalisation7.key took 0 ms to parse. 
245663     WARN  main            d.u.i.k.n.ParsingFacade   Parsing time 482 ms. 
245664     INFO  main            d.u.i.k.p.i.AbstractProblemLoader Creating init config 
246392     WARN  main            d.u.i.k.n.ParsingFacade   file:/home/runner/work/key/key/key.core/build/resources/main/de/uka/ilkd/key/java/JavaRedux/java/lang/String.key took 1 ms to parse. 
246392     WARN  main            d.u.i.k.n.ParsingFacade   Parsing time 483 ms. 
247963     DEBUG main            d.u.i.k.p.i.AbstractProblemLoader Init config took 2.3s 
247976     INFO  main            d.u.i.k.p.i.AbstractProblemLoader Replaying proof normalisation7.key 
247978     DEBUG main            d.u.i.k.p.i.IntermediateProofReplayer Proof replay took 7ns 
247978     WARN  main            d.u.i.k.n.ParsingFacade   /home/runner/work/key/key/key.core/../key.ui/examples/standard_key/quantifiers/normalisation7.key took 0 ms to parse. 
247978     WARN  main            d.u.i.k.n.ParsingFacade   Parsing time 483 ms. 
248079     INFO  main            d.u.i.k.p.r.p.TestFile    ... finished proof: closed. 
248429     INFO  main            d.u.i.k.p.i.AbstractProblemLoader Loading environment from /home/runner/work/key/key/key.core/../key.ui/examples/standard_key/quantifiers/normalisation7.key.proof 
248429     DEBUG main            d.u.i.k.p.i.AbstractProblemLoader Environment load took 89.3ns 
248429     WARN  main            d.u.i.k.n.ParsingFacade   /home/runner/work/key/key/key.core/../key.ui/examples/standard_key/quantifiers/normalisation7.key.proof took 0 ms to parse. 
248429     WARN  main            d.u.i.k.n.ParsingFacade   Parsing time 483 ms. 
248430     INFO  main            d.u.i.k.p.i.AbstractProblemLoader Creating init config 
249152     WARN  main            d.u.i.k.n.ParsingFacade   file:/home/runner/work/key/key/key.core/build/resources/main/de/uka/ilkd/key/java/JavaRedux/java/lang/String.key took 1 ms to parse. 
249152     WARN  main            d.u.i.k.n.ParsingFacade   Parsing time 484 ms. 
250700     DEBUG main            d.u.i.k.p.i.AbstractProblemLoader Init config took 2.27s 
250714     INFO  main            d.u.i.k.p.i.AbstractProblemLoader Replaying proof normalisation7.key.proof 
250717     DEBUG main            d.u.i.k.p.i.IntermediateProofReplayer Proof replay took 1.95ms 
250717     WARN  main            d.u.i.k.n.ParsingFacade   /home/runner/work/key/key/key.core/../key.ui/examples/standard_key/quantifiers/normalisation7.key.proof took 0 ms to parse. 
250717     WARN  main            d.u.i.k.n.ParsingFacade   Parsing time 484 ms. 
250718     DEBUG main            d.u.i.k.p.r.p.TestFile    ... success: reloaded. 
250718     INFO  main            d.u.i.k.p.r.p.TestFile    Now processing file /home/runner/work/key/key/key.core/../key.ui/examples/standard_key/quantifiers/normalisation8.key 
250718     INFO  main            d.u.i.k.p.i.AbstractProblemLoader Loading environment from /home/runner/work/key/key/key.core/../key.ui/examples/standard_key/quantifiers/normalisation8.key 
250718     DEBUG main            d.u.i.k.p.i.AbstractProblemLoader Environment load took 41.5ns 
250719     WARN  main            d.u.i.k.n.ParsingFacade   /home/runner/work/key/key/key.core/../key.ui/examples/standard_key/quantifiers/normalisation8.key took 1 ms to parse. 
250719     WARN  main            d.u.i.k.n.ParsingFacade   Parsing time 485 ms. 
250719     INFO  main            d.u.i.k.p.i.AbstractProblemLoader Creating init config 
251447     WARN  main            d.u.i.k.n.ParsingFacade   file:/home/runner/work/key/key/key.core/build/resources/main/de/uka/ilkd/key/java/JavaRedux/java/lang/String.key took 2 ms to parse. 
251447     WARN  main            d.u.i.k.n.ParsingFacade   Parsing time 487 ms. 
253020     DEBUG main            d.u.i.k.p.i.AbstractProblemLoader Init config took 2.3s 
253034     INFO  main            d.u.i.k.p.i.AbstractProblemLoader Replaying proof normalisation8.key 
253035     DEBUG main            d.u.i.k.p.i.IntermediateProofReplayer Proof replay took 6.4ns 
253035     WARN  main            d.u.i.k.n.ParsingFacade   /home/runner/work/key/key/key.core/../key.ui/examples/standard_key/quantifiers/normalisation8.key took 0 ms to parse. 
253035     WARN  main            d.u.i.k.n.ParsingFacade   Parsing time 487 ms. 
253138     INFO  main            d.u.i.k.p.r.p.TestFile    ... finished proof: closed. 
253493     INFO  main            d.u.i.k.p.i.AbstractProblemLoader Loading environment from /home/runner/work/key/key/key.core/../key.ui/examples/standard_key/quantifiers/normalisation8.key.proof 
253493     DEBUG main            d.u.i.k.p.i.AbstractProblemLoader Environment load took 80.1ns 
253494     WARN  main            d.u.i.k.n.ParsingFacade   /home/runner/work/key/key/key.core/../key.ui/examples/standard_key/quantifiers/normalisation8.key.proof took 1 ms to parse. 
253494     WARN  main            d.u.i.k.n.ParsingFacade   Parsing time 488 ms. 
253494     INFO  main            d.u.i.k.p.i.AbstractProblemLoader Creating init config 
254221     WARN  main            d.u.i.k.n.ParsingFacade   file:/home/runner/work/key/key/key.core/build/resources/main/de/uka/ilkd/key/java/JavaRedux/java/lang/String.key took 2 ms to parse. 
254222     WARN  main            d.u.i.k.n.ParsingFacade   Parsing time 490 ms. 
255774     DEBUG main            d.u.i.k.p.i.AbstractProblemLoader Init config took 2.28s 
255788     INFO  main            d.u.i.k.p.i.AbstractProblemLoader Replaying proof normalisation8.key.proof 
255793     DEBUG main            d.u.i.k.p.i.IntermediateProofReplayer Proof replay took 4.25ms 
255794     WARN  main            d.u.i.k.n.ParsingFacade   /home/runner/work/key/key/key.core/../key.ui/examples/standard_key/quantifiers/normalisation8.key.proof took 1 ms to parse. 
255794     WARN  main            d.u.i.k.n.ParsingFacade   Parsing time 491 ms. 
255794     DEBUG main            d.u.i.k.p.r.p.TestFile    ... success: reloaded. 
255794     INFO  main            d.u.i.k.p.r.p.TestFile    Now processing file /home/runner/work/key/key/key.core/../key.ui/examples/standard_key/quantifiers/normalisation9.key 
255795     INFO  main            d.u.i.k.p.i.AbstractProblemLoader Loading environment from /home/runner/work/key/key/key.core/../key.ui/examples/standard_key/quantifiers/normalisation9.key 
255795     DEBUG main            d.u.i.k.p.i.AbstractProblemLoader Environment load took 62.4ns 
255795     WARN  main            d.u.i.k.n.ParsingFacade   /home/runner/work/key/key/key.core/../key.ui/examples/standard_key/quantifiers/normalisation9.key took 0 ms to parse. 
255795     WARN  main            d.u.i.k.n.ParsingFacade   Parsing time 491 ms. 
255796     INFO  main            d.u.i.k.p.i.AbstractProblemLoader Creating init config 
256534     WARN  main            d.u.i.k.n.ParsingFacade   file:/home/runner/work/key/key/key.core/build/resources/main/de/uka/ilkd/key/java/JavaRedux/java/lang/String.key took 1 ms to parse. 
256534     WARN  main            d.u.i.k.n.ParsingFacade   Parsing time 492 ms. 
258094     DEBUG main            d.u.i.k.p.i.AbstractProblemLoader Init config took 2.3s 
258109     INFO  main            d.u.i.k.p.i.AbstractProblemLoader Replaying proof normalisation9.key 
258111     DEBUG main            d.u.i.k.p.i.IntermediateProofReplayer Proof replay took 6.5ns 
258111     WARN  main            d.u.i.k.n.ParsingFacade   /home/runner/work/key/key/key.core/../key.ui/examples/standard_key/quantifiers/normalisation9.key took 0 ms to parse. 
258111     WARN  main            d.u.i.k.n.ParsingFacade   Parsing time 492 ms. 
258212     INFO  main            d.u.i.k.p.r.p.TestFile    ... finished proof: closed. 
258582     INFO  main            d.u.i.k.p.i.AbstractProblemLoader Loading environment from /home/runner/work/key/key/key.core/../key.ui/examples/standard_key/quantifiers/normalisation9.key.proof 
258582     DEBUG main            d.u.i.k.p.i.AbstractProblemLoader Environment load took 74.7ns 
258582     WARN  main            d.u.i.k.n.ParsingFacade   /home/runner/work/key/key/key.core/../key.ui/examples/standard_key/quantifiers/normalisation9.key.proof took 0 ms to parse. 
258582     WARN  main            d.u.i.k.n.ParsingFacade   Parsing time 492 ms. 
258583     INFO  main            d.u.i.k.p.i.AbstractProblemLoader Creating init config 
259322     WARN  main            d.u.i.k.n.ParsingFacade   file:/home/runner/work/key/key/key.core/build/resources/main/de/uka/ilkd/key/java/JavaRedux/java/lang/String.key took 1 ms to parse. 
259322     WARN  main            d.u.i.k.n.ParsingFacade   Parsing time 493 ms. 
260873     DEBUG main            d.u.i.k.p.i.AbstractProblemLoader Init config took 2.29s 
260887     INFO  main            d.u.i.k.p.i.AbstractProblemLoader Replaying proof normalisation9.key.proof 
260894     DEBUG main            d.u.i.k.p.i.IntermediateProofReplayer Proof replay took 5.78ms 
260894     WARN  main            d.u.i.k.n.ParsingFacade   /home/runner/work/key/key/key.core/../key.ui/examples/standard_key/quantifiers/normalisation9.key.proof took 0 ms to parse. 
260894     WARN  main            d.u.i.k.n.ParsingFacade   Parsing time 493 ms. 
260895     DEBUG main            d.u.i.k.p.r.p.TestFile    ... success: reloaded. 
260895     INFO  main            d.u.i.k.p.r.p.TestFile    Now processing file /home/runner/work/key/key/key.core/../key.ui/examples/standard_key/quantifiers/normalisation10.key 
260896     INFO  main            d.u.i.k.p.i.AbstractProblemLoader Loading environment from /home/runner/work/key/key/key.core/../key.ui/examples/standard_key/quantifiers/normalisation10.key 
260896     DEBUG main            d.u.i.k.p.i.AbstractProblemLoader Environment load took 73.2ns 
260896     WARN  main            d.u.i.k.n.ParsingFacade   /home/runner/work/key/key/key.core/../key.ui/examples/standard_key/quantifiers/normalisation10.key took 0 ms to parse. 
260896     WARN  main            d.u.i.k.n.ParsingFacade   Parsing time 493 ms. 
260897     INFO  main            d.u.i.k.p.i.AbstractProblemLoader Creating init config 
261634     WARN  main            d.u.i.k.n.ParsingFacade   file:/home/runner/work/key/key/key.core/build/resources/main/de/uka/ilkd/key/java/JavaRedux/java/lang/String.key took 2 ms to parse. 
261634     WARN  main            d.u.i.k.n.ParsingFacade   Parsing time 495 ms. 
263209     DEBUG main            d.u.i.k.p.i.AbstractProblemLoader Init config took 2.31s 
263222     INFO  main            d.u.i.k.p.i.AbstractProblemLoader Replaying proof normalisation10.key 
263224     DEBUG main            d.u.i.k.p.i.IntermediateProofReplayer Proof replay took 6.1ns 
263224     WARN  main            d.u.i.k.n.ParsingFacade   /home/runner/work/key/key/key.core/../key.ui/examples/standard_key/quantifiers/normalisation10.key took 0 ms to parse. 
263224     WARN  main            d.u.i.k.n.ParsingFacade   Parsing time 495 ms. 
263325     INFO  main            d.u.i.k.p.r.p.TestFile    ... finished proof: closed. 
263685     INFO  main            d.u.i.k.p.i.AbstractProblemLoader Loading environment from /home/runner/work/key/key/key.core/../key.ui/examples/standard_key/quantifiers/normalisation10.key.proof 
263685     DEBUG main            d.u.i.k.p.i.AbstractProblemLoader Environment load took 76.2ns 
263685     WARN  main            d.u.i.k.n.ParsingFacade   /home/runner/work/key/key/key.core/../key.ui/examples/standard_key/quantifiers/normalisation10.key.proof took 0 ms to parse. 
263685     WARN  main            d.u.i.k.n.ParsingFacade   Parsing time 495 ms. 
263686     INFO  main            d.u.i.k.p.i.AbstractProblemLoader Creating init config 
264418     WARN  main            d.u.i.k.n.ParsingFacade   file:/home/runner/work/key/key/key.core/build/resources/main/de/uka/ilkd/key/java/JavaRedux/java/lang/String.key took 1 ms to parse. 
264418     WARN  main            d.u.i.k.n.ParsingFacade   Parsing time 496 ms. 
265969     DEBUG main            d.u.i.k.p.i.AbstractProblemLoader Init config took 2.28s 
265983     INFO  main            d.u.i.k.p.i.AbstractProblemLoader Replaying proof normalisation10.key.proof 
265988     DEBUG main            d.u.i.k.p.i.IntermediateProofReplayer Proof replay took 4.52ms 
265989     WARN  main            d.u.i.k.n.ParsingFacade   /home/runner/work/key/key/key.core/../key.ui/examples/standard_key/quantifiers/normalisation10.key.proof took 0 ms to parse. 
265989     WARN  main            d.u.i.k.n.ParsingFacade   Parsing time 496 ms. 
265989     DEBUG main            d.u.i.k.p.r.p.TestFile    ... success: reloaded. 
265990     INFO  main            d.u.i.k.p.r.p.TestFile    Now processing file /home/runner/work/key/key/key.core/../key.ui/examples/standard_key/quantifiers/normalisation12.key 
265990     INFO  main            d.u.i.k.p.i.AbstractProblemLoader Loading environment from /home/runner/work/key/key/key.core/../key.ui/examples/standard_key/quantifiers/normalisation12.key 
265990     DEBUG main            d.u.i.k.p.i.AbstractProblemLoader Environment load took 44.1ns 
265990     WARN  main            d.u.i.k.n.ParsingFacade   /home/runner/work/key/key/key.core/../key.ui/examples/standard_key/quantifiers/normalisation12.key took 0 ms to parse. 
265990     WARN  main            d.u.i.k.n.ParsingFacade   Parsing time 496 ms. 
265991     INFO  main            d.u.i.k.p.i.AbstractProblemLoader Creating init config 
266727     WARN  main            d.u.i.k.n.ParsingFacade   file:/home/runner/work/key/key/key.core/build/resources/main/de/uka/ilkd/key/java/JavaRedux/java/lang/String.key took 1 ms to parse. 
266727     WARN  main            d.u.i.k.n.ParsingFacade   Parsing time 497 ms. 
268306     DEBUG main            d.u.i.k.p.i.AbstractProblemLoader Init config took 2.31s 
268318     INFO  main            d.u.i.k.p.i.AbstractProblemLoader Replaying proof normalisation12.key 
268320     DEBUG main            d.u.i.k.p.i.IntermediateProofReplayer Proof replay took 6.4ns 
268320     WARN  main            d.u.i.k.n.ParsingFacade   /home/runner/work/key/key/key.core/../key.ui/examples/standard_key/quantifiers/normalisation12.key took 0 ms to parse. 
268320     WARN  main            d.u.i.k.n.ParsingFacade   Parsing time 497 ms. 
268421     INFO  main            d.u.i.k.p.r.p.TestFile    ... finished proof: closed. 
268782     INFO  main            d.u.i.k.p.i.AbstractProblemLoader Loading environment from /home/runner/work/key/key/key.core/../key.ui/examples/standard_key/quantifiers/normalisation12.key.proof 
268783     DEBUG main            d.u.i.k.p.i.AbstractProblemLoader Environment load took 77.8ns 
268783     WARN  main            d.u.i.k.n.ParsingFacade   /home/runner/work/key/key/key.core/../key.ui/examples/standard_key/quantifiers/normalisation12.key.proof took 0 ms to parse. 
268783     WARN  main            d.u.i.k.n.ParsingFacade   Parsing time 497 ms. 
268784     INFO  main            d.u.i.k.p.i.AbstractProblemLoader Creating init config 
269506     WARN  main            d.u.i.k.n.ParsingFacade   file:/home/runner/work/key/key/key.core/build/resources/main/de/uka/ilkd/key/java/JavaRedux/java/lang/String.key took 1 ms to parse. 
269506     WARN  main            d.u.i.k.n.ParsingFacade   Parsing time 498 ms. 
271055     DEBUG main            d.u.i.k.p.i.AbstractProblemLoader Init config took 2.27s 
271068     INFO  main            d.u.i.k.p.i.AbstractProblemLoader Replaying proof normalisation12.key.proof 
271070     DEBUG main            d.u.i.k.p.i.IntermediateProofReplayer Proof replay took 1.2ms 
271070     WARN  main            d.u.i.k.n.ParsingFacade   /home/runner/work/key/key/key.core/../key.ui/examples/standard_key/quantifiers/normalisation12.key.proof took 0 ms to parse. 
271070     WARN  main            d.u.i.k.n.ParsingFacade   Parsing time 498 ms. 
271071     DEBUG main            d.u.i.k.p.r.p.TestFile    ... success: reloaded. 
271072     INFO  main            d.u.i.k.p.r.p.TestFile    Now processing file /home/runner/work/key/key/key.core/../key.ui/examples/standard_key/quantifiers/normalisation13.key 
271072     INFO  main            d.u.i.k.p.i.AbstractProblemLoader Loading environment from /home/runner/work/key/key/key.core/../key.ui/examples/standard_key/quantifiers/normalisation13.key 
271072     DEBUG main            d.u.i.k.p.i.AbstractProblemLoader Environment load took 73.7ns 
271073     WARN  main            d.u.i.k.n.ParsingFacade   /home/runner/work/key/key/key.core/../key.ui/examples/standard_key/quantifiers/normalisation13.key took 1 ms to parse. 
271073     WARN  main            d.u.i.k.n.ParsingFacade   Parsing time 499 ms. 
271073     INFO  main            d.u.i.k.p.i.AbstractProblemLoader Creating init config 
271809     WARN  main            d.u.i.k.n.ParsingFacade   file:/home/runner/work/key/key/key.core/build/resources/main/de/uka/ilkd/key/java/JavaRedux/java/lang/String.key took 1 ms to parse. 
271810     WARN  main            d.u.i.k.n.ParsingFacade   Parsing time 500 ms. 
273382     DEBUG main            d.u.i.k.p.i.AbstractProblemLoader Init config took 2.31s 
273395     INFO  main            d.u.i.k.p.i.AbstractProblemLoader Replaying proof normalisation13.key 
273396     DEBUG main            d.u.i.k.p.i.IntermediateProofReplayer Proof replay took 6.4ns 
273396     WARN  main            d.u.i.k.n.ParsingFacade   /home/runner/work/key/key/key.core/../key.ui/examples/standard_key/quantifiers/normalisation13.key took 0 ms to parse. 
273396     WARN  main            d.u.i.k.n.ParsingFacade   Parsing time 500 ms. 
273497     INFO  main            d.u.i.k.p.r.p.TestFile    ... finished proof: closed. 
273864     INFO  main            d.u.i.k.p.i.AbstractProblemLoader Loading environment from /home/runner/work/key/key/key.core/../key.ui/examples/standard_key/quantifiers/normalisation13.key.proof 
273864     DEBUG main            d.u.i.k.p.i.AbstractProblemLoader Environment load took 75.7ns 
273864     WARN  main            d.u.i.k.n.ParsingFacade   /home/runner/work/key/key/key.core/../key.ui/examples/standard_key/quantifiers/normalisation13.key.proof took 0 ms to parse. 
273864     WARN  main            d.u.i.k.n.ParsingFacade   Parsing time 500 ms. 
273865     INFO  main            d.u.i.k.p.i.AbstractProblemLoader Creating init config 
274586     WARN  main            d.u.i.k.n.ParsingFacade   file:/home/runner/work/key/key/key.core/build/resources/main/de/uka/ilkd/key/java/JavaRedux/java/lang/String.key took 1 ms to parse. 
274586     WARN  main            d.u.i.k.n.ParsingFacade   Parsing time 501 ms. 
276134     DEBUG main            d.u.i.k.p.i.AbstractProblemLoader Init config took 2.27s 
276147     INFO  main            d.u.i.k.p.i.AbstractProblemLoader Replaying proof normalisation13.key.proof 
276148     DEBUG main            d.u.i.k.p.i.IntermediateProofReplayer Proof replay took 509.51ns 
276149     WARN  main            d.u.i.k.n.ParsingFacade   /home/runner/work/key/key/key.core/../key.ui/examples/standard_key/quantifiers/normalisation13.key.proof took 1 ms to parse. 
276149     WARN  main            d.u.i.k.n.ParsingFacade   Parsing time 502 ms. 
276149     DEBUG main            d.u.i.k.p.r.p.TestFile    ... success: reloaded. 
276150     INFO  main            d.u.i.k.p.r.p.TestFile    Now processing file /home/runner/work/key/key/key.core/../key.ui/examples/standard_key/quantifiers/triggers0.key 
276150     INFO  main            d.u.i.k.p.i.AbstractProblemLoader Loading environment from /home/runner/work/key/key/key.core/../key.ui/examples/standard_key/quantifiers/triggers0.key 
276150     DEBUG main            d.u.i.k.p.i.AbstractProblemLoader Environment load took 40.9ns 
276150     WARN  main            d.u.i.k.n.ParsingFacade   /home/runner/work/key/key/key.core/../key.ui/examples/standard_key/quantifiers/triggers0.key took 0 ms to parse. 
276150     WARN  main            d.u.i.k.n.ParsingFacade   Parsing time 502 ms. 
276151     INFO  main            d.u.i.k.p.i.AbstractProblemLoader Creating init config 
276890     WARN  main            d.u.i.k.n.ParsingFacade   file:/home/runner/work/key/key/key.core/build/resources/main/de/uka/ilkd/key/java/JavaRedux/java/lang/String.key took 1 ms to parse. 
276890     WARN  main            d.u.i.k.n.ParsingFacade   Parsing time 503 ms. 
278468     DEBUG main            d.u.i.k.p.i.AbstractProblemLoader Init config took 2.32s 
278481     INFO  main            d.u.i.k.p.i.AbstractProblemLoader Replaying proof triggers0.key 
278482     DEBUG main            d.u.i.k.p.i.IntermediateProofReplayer Proof replay took 6.7ns 
278482     WARN  main            d.u.i.k.n.ParsingFacade   /home/runner/work/key/key/key.core/../key.ui/examples/standard_key/quantifiers/triggers0.key took 0 ms to parse. 
278482     WARN  main            d.u.i.k.n.ParsingFacade   Parsing time 503 ms. 
278583     INFO  main            d.u.i.k.p.r.p.TestFile    ... finished proof: closed. 
278964     INFO  main            d.u.i.k.p.i.AbstractProblemLoader Loading environment from /home/runner/work/key/key/key.core/../key.ui/examples/standard_key/quantifiers/triggers0.key.proof 
278964     DEBUG main            d.u.i.k.p.i.AbstractProblemLoader Environment load took 74.5ns 
278964     WARN  main            d.u.i.k.n.ParsingFacade   /home/runner/work/key/key/key.core/../key.ui/examples/standard_key/quantifiers/triggers0.key.proof took 0 ms to parse. 
278964     WARN  main            d.u.i.k.n.ParsingFacade   Parsing time 503 ms. 
278965     INFO  main            d.u.i.k.p.i.AbstractProblemLoader Creating init config 
279701     WARN  main            d.u.i.k.n.ParsingFacade   file:/home/runner/work/key/key/key.core/build/resources/main/de/uka/ilkd/key/java/JavaRedux/java/lang/String.key took 1 ms to parse. 
279701     WARN  main            d.u.i.k.n.ParsingFacade   Parsing time 504 ms. 
281255     DEBUG main            d.u.i.k.p.i.AbstractProblemLoader Init config took 2.29s 
281268     INFO  main            d.u.i.k.p.i.AbstractProblemLoader Replaying proof triggers0.key.proof 
281271     DEBUG main            d.u.i.k.p.i.IntermediateProofReplayer Proof replay took 1.34ms 
281271     WARN  main            d.u.i.k.n.ParsingFacade   /home/runner/work/key/key/key.core/../key.ui/examples/standard_key/quantifiers/triggers0.key.proof took 0 ms to parse. 
281271     WARN  main            d.u.i.k.n.ParsingFacade   Parsing time 504 ms. 
281271     DEBUG main            d.u.i.k.p.r.p.TestFile    ... success: reloaded. 
3837366    INFO  Test worker     d.u.i.k.p.r.RunAllProofsTestUnit Returning from test FOL 
3837366    INFO  Test worker     d.u.i.k.p.r.RunAllProofsTestUnit Running test strings 
315        INFO  Timeout watchdog d.u.i.k.p.r.p.ForkedTestFileRunner Timeout watcher launched (2000 secs.) 
336        WARN  main            d.u.i.k.s.ProofSettings   The settings in /home/runner/.key/proof-settings.props are *not* read. 
383        INFO  main            d.u.i.k.p.r.p.TestFile    Now processing file /home/runner/work/key/key/key.core/../key.ui/examples/standard_key/strings/charAt0.key 
543        INFO  main            d.u.i.k.p.i.AbstractProblemLoader Loading environment from /home/runner/work/key/key/key.core/../key.ui/examples/standard_key/strings/charAt0.key 
561        DEBUG main            d.u.i.k.p.i.AbstractProblemLoader Environment load took 2.12ms 
686        WARN  main            d.u.i.k.n.ParsingFacade   /home/runner/work/key/key/key.core/../key.ui/examples/standard_key/strings/charAt0.key took 32 ms to parse. 
686        WARN  main            d.u.i.k.n.ParsingFacade   Parsing time 32 ms. 
811        INFO  main            d.u.i.k.p.i.AbstractProblemLoader Creating init config 
820        WARN  main            d.u.i.k.n.ParsingFacade   file:/home/runner/work/key/key/key.core/build/resources/main/de/uka/ilkd/key/proof/rules/standardRules.key took 5 ms to parse. 
820        WARN  main            d.u.i.k.n.ParsingFacade   Parsing time 37 ms. 
835        WARN  main            d.u.i.k.n.ParsingFacade   file:/home/runner/work/key/key/key.core/build/resources/main/de/uka/ilkd/key/proof/rules/ldt.key took 1 ms to parse. 
838        WARN  main            d.u.i.k.n.ParsingFacade   Parsing time 38 ms. 
849        WARN  main            d.u.i.k.n.ParsingFacade   file:/home/runner/work/key/key/key.core/build/resources/main/de/uka/ilkd/key/proof/rules/boolean.key took 5 ms to parse. 
851        WARN  main            d.u.i.k.n.ParsingFacade   Parsing time 43 ms. 
874        WARN  main            d.u.i.k.n.ParsingFacade   file:/home/runner/work/key/key/key.core/build/resources/main/de/uka/ilkd/key/proof/rules/ruleSetsDeclarations.key took 10 ms to parse. 
874        WARN  main            d.u.i.k.n.ParsingFacade   Parsing time 53 ms. 
899        WARN  main            d.u.i.k.n.ParsingFacade   file:/home/runner/work/key/key/key.core/build/resources/main/de/uka/ilkd/key/proof/rules/integerHeader.key took 6 ms to parse. 
899        WARN  main            d.u.i.k.n.ParsingFacade   Parsing time 59 ms. 
906        WARN  main            d.u.i.k.n.ParsingFacade   file:/home/runner/work/key/key/key.core/build/resources/main/de/uka/ilkd/key/proof/rules/floatHeader.key took 6 ms to parse. 
906        WARN  main            d.u.i.k.n.ParsingFacade   Parsing time 65 ms. 
907        WARN  main            d.u.i.k.n.ParsingFacade   file:/home/runner/work/key/key/key.core/build/resources/main/de/uka/ilkd/key/proof/rules/heap.key took 0 ms to parse. 
907        WARN  main            d.u.i.k.n.ParsingFacade   Parsing time 65 ms. 
910        WARN  main            d.u.i.k.n.ParsingFacade   file:/home/runner/work/key/key/key.core/build/resources/main/de/uka/ilkd/key/proof/rules/locSets.key took 0 ms to parse. 
910        WARN  main            d.u.i.k.n.ParsingFacade   Parsing time 65 ms. 
911        WARN  main            d.u.i.k.n.ParsingFacade   file:/home/runner/work/key/key/key.core/build/resources/main/de/uka/ilkd/key/proof/rules/permission.key took 0 ms to parse. 
911        WARN  main            d.u.i.k.n.ParsingFacade   Parsing time 65 ms. 
912        WARN  main            d.u.i.k.n.ParsingFacade   file:/home/runner/work/key/key/key.core/build/resources/main/de/uka/ilkd/key/proof/rules/reach.key took 0 ms to parse. 
912        WARN  main            d.u.i.k.n.ParsingFacade   Parsing time 65 ms. 
912        WARN  main            d.u.i.k.n.ParsingFacade   file:/home/runner/work/key/key/key.core/build/resources/main/de/uka/ilkd/key/proof/rules/seq.key took 0 ms to parse. 
912        WARN  main            d.u.i.k.n.ParsingFacade   Parsing time 65 ms. 
936        WARN  main            d.u.i.k.n.ParsingFacade   file:/home/runner/work/key/key/key.core/build/resources/main/de/uka/ilkd/key/proof/rules/map.key took 23 ms to parse. 
936        WARN  main            d.u.i.k.n.ParsingFacade   Parsing time 88 ms. 
937        WARN  main            d.u.i.k.n.ParsingFacade   file:/home/runner/work/key/key/key.core/build/resources/main/de/uka/ilkd/key/proof/rules/freeADT.key took 0 ms to parse. 
937        WARN  main            d.u.i.k.n.ParsingFacade   Parsing time 88 ms. 
938        WARN  main            d.u.i.k.n.ParsingFacade   file:/home/runner/work/key/key/key.core/build/resources/main/de/uka/ilkd/key/proof/rules/wellfound.key took 1 ms to parse. 
938        WARN  main            d.u.i.k.n.ParsingFacade   Parsing time 89 ms. 
941        WARN  main            d.u.i.k.n.ParsingFacade   file:/home/runner/work/key/key/key.core/build/resources/main/de/uka/ilkd/key/proof/rules/charListHeader.key took 0 ms to parse. 
942        WARN  main            d.u.i.k.n.ParsingFacade   Parsing time 89 ms. 
1078       WARN  main            d.u.i.k.n.ParsingFacade   file:/home/runner/work/key/key/key.core/build/resources/main/de/uka/ilkd/key/proof/rules/propRule.key took 6 ms to parse. 
1078       WARN  main            d.u.i.k.n.ParsingFacade   Parsing time 95 ms. 
1128       WARN  main            d.u.i.k.n.ParsingFacade   file:/home/runner/work/key/key/key.core/build/resources/main/de/uka/ilkd/key/proof/rules/firstOrderRules.key took 6 ms to parse. 
1129       WARN  main            d.u.i.k.n.ParsingFacade   Parsing time 101 ms. 
1159       WARN  main            d.u.i.k.n.ParsingFacade   file:/home/runner/work/key/key/key.core/build/resources/main/de/uka/ilkd/key/proof/rules/ifThenElseRules.key took 12 ms to parse. 
1159       WARN  main            d.u.i.k.n.ParsingFacade   Parsing time 113 ms. 
1223       WARN  main            d.u.i.k.n.ParsingFacade   file:/home/runner/work/key/key/key.core/build/resources/main/de/uka/ilkd/key/proof/rules/formulaNormalisationRules.key took 23 ms to parse. 
1223       WARN  main            d.u.i.k.n.ParsingFacade   Parsing time 136 ms. 
1299       WARN  main            d.u.i.k.n.ParsingFacade   file:/home/runner/work/key/key/key.core/build/resources/main/de/uka/ilkd/key/proof/rules/updateRules.key took 8 ms to parse. 
1299       WARN  main            d.u.i.k.n.ParsingFacade   Parsing time 144 ms. 
1328       WARN  main            d.u.i.k.n.ParsingFacade   file:/home/runner/work/key/key/key.core/build/resources/main/de/uka/ilkd/key/proof/rules/integerRulesCommon.key took 6 ms to parse. 
1328       WARN  main            d.u.i.k.n.ParsingFacade   Parsing time 150 ms. 
1434       WARN  main            d.u.i.k.n.ParsingFacade   file:/home/runner/work/key/key/key.core/build/resources/main/de/uka/ilkd/key/proof/rules/intRules.key took 6 ms to parse. 
1434       WARN  main            d.u.i.k.n.ParsingFacade   Parsing time 156 ms. 
1459       WARN  main            d.u.i.k.n.ParsingFacade   file:/home/runner/work/key/key/key.core/build/resources/main/de/uka/ilkd/key/proof/rules/intRulesUncheckedSemantics.key took 3 ms to parse. 
1459       WARN  main            d.u.i.k.n.ParsingFacade   Parsing time 159 ms. 
1479       WARN  main            d.u.i.k.n.ParsingFacade   file:/home/runner/work/key/key/key.core/build/resources/main/de/uka/ilkd/key/proof/rules/intRulesCheckedSemantics.key took 4 ms to parse. 
1479       WARN  main            d.u.i.k.n.ParsingFacade   Parsing time 163 ms. 
1488       WARN  main            d.u.i.k.n.ParsingFacade   file:/home/runner/work/key/key/key.core/build/resources/main/de/uka/ilkd/key/proof/rules/intRulesJavaSemantics.key took 5 ms to parse. 
1488       WARN  main            d.u.i.k.n.ParsingFacade   Parsing time 168 ms. 
1567       WARN  main            d.u.i.k.n.ParsingFacade   file:/home/runner/work/key/key/key.core/build/resources/main/de/uka/ilkd/key/proof/rules/integerSimplificationRules.key took 65 ms to parse. 
1567       WARN  main            d.u.i.k.n.ParsingFacade   Parsing time 233 ms. 
1623       DEBUG main            d.u.i.k.j.TypeConverter   No LDT found for Meta 
1623       DEBUG main            d.u.i.k.j.TypeConverter   No LDT found for Meta 
1624       DEBUG main            d.u.i.k.j.TypeConverter   No LDT found for Meta 
1624       DEBUG main            d.u.i.k.j.TypeConverter   No LDT found for Meta 
1652       WARN  main            d.u.i.k.n.ParsingFacade   file:/home/runner/work/key/key/key.core/build/resources/main/de/uka/ilkd/key/proof/rules/intDiv.key took 5 ms to parse. 
1652       WARN  main            d.u.i.k.n.ParsingFacade   Parsing time 238 ms. 
1675       WARN  main            d.u.i.k.n.ParsingFacade   file:/home/runner/work/key/key/key.core/build/resources/main/de/uka/ilkd/key/proof/rules/bsum.key took 9 ms to parse. 
1675       WARN  main            d.u.i.k.n.ParsingFacade   Parsing time 247 ms. 
1722       WARN  main            d.u.i.k.n.ParsingFacade   file:/home/runner/work/key/key/key.core/build/resources/main/de/uka/ilkd/key/proof/rules/bprod.key took 3 ms to parse. 
1722       WARN  main            d.u.i.k.n.ParsingFacade   Parsing time 250 ms. 
1732       WARN  main            d.u.i.k.n.ParsingFacade   file:/home/runner/work/key/key/key.core/build/resources/main/de/uka/ilkd/key/proof/rules/binaryAxioms.key took 1 ms to parse. 
1732       WARN  main            d.u.i.k.n.ParsingFacade   Parsing time 251 ms. 
1736       WARN  main            d.u.i.k.n.ParsingFacade   file:/home/runner/work/key/key/key.core/build/resources/main/de/uka/ilkd/key/proof/rules/binaryLemmas.key took 1 ms to parse. 
1736       WARN  main            d.u.i.k.n.ParsingFacade   Parsing time 252 ms. 
1741       WARN  main            d.u.i.k.n.ParsingFacade   file:/home/runner/work/key/key/key.core/build/resources/main/de/uka/ilkd/key/proof/rules/intPow.key took 2 ms to parse. 
1741       WARN  main            d.u.i.k.n.ParsingFacade   Parsing time 254 ms. 
1752       WARN  main            d.u.i.k.n.ParsingFacade   file:/home/runner/work/key/key/key.core/build/resources/main/de/uka/ilkd/key/proof/rules/floatRulesCommon.key took 4 ms to parse. 
1752       WARN  main            d.u.i.k.n.ParsingFacade   Parsing time 258 ms. 
1763       WARN  main            d.u.i.k.n.ParsingFacade   file:/home/runner/work/key/key/key.core/build/resources/main/de/uka/ilkd/key/proof/rules/floatRules.key took 1 ms to parse. 
1763       WARN  main            d.u.i.k.n.ParsingFacade   Parsing time 259 ms. 
1764       WARN  main            d.u.i.k.n.ParsingFacade   file:/home/runner/work/key/key/key.core/build/resources/main/de/uka/ilkd/key/proof/rules/floatRulesVerifyNormal.key took 1 ms to parse. 
1764       WARN  main            d.u.i.k.n.ParsingFacade   Parsing time 260 ms. 
1766       WARN  main            d.u.i.k.n.ParsingFacade   file:/home/runner/work/key/key/key.core/build/resources/main/de/uka/ilkd/key/proof/rules/floatRulesAssumeStrictfp.key took 2 ms to parse. 
1767       WARN  main            d.u.i.k.n.ParsingFacade   Parsing time 262 ms. 
1790       WARN  main            d.u.i.k.n.ParsingFacade   file:/home/runner/work/key/key/key.core/build/resources/main/de/uka/ilkd/key/proof/rules/genericRules.key took 5 ms to parse. 
1790       WARN  main            d.u.i.k.n.ParsingFacade   Parsing time 267 ms. 
1801       WARN  main            d.u.i.k.n.ParsingFacade   file:/home/runner/work/key/key/key.core/build/resources/main/de/uka/ilkd/key/proof/rules/booleanRules.key took 1 ms to parse. 
1801       WARN  main            d.u.i.k.n.ParsingFacade   Parsing time 268 ms. 
1804       WARN  main            d.u.i.k.n.ParsingFacade   file:/home/runner/work/key/key/key.core/build/resources/main/de/uka/ilkd/key/proof/rules/epsilon.key took 1 ms to parse. 
1804       WARN  main            d.u.i.k.n.ParsingFacade   Parsing time 269 ms. 
1817       WARN  main            d.u.i.k.n.ParsingFacade   file:/home/runner/work/key/key/key.core/build/resources/main/de/uka/ilkd/key/proof/rules/locSetsRules.key took 10 ms to parse. 
1817       WARN  main            d.u.i.k.n.ParsingFacade   Parsing time 279 ms. 
1886       WARN  main            d.u.i.k.n.ParsingFacade   file:/home/runner/work/key/key/key.core/build/resources/main/de/uka/ilkd/key/proof/rules/heapRules.key took 37 ms to parse. 
1886       WARN  main            d.u.i.k.n.ParsingFacade   Parsing time 316 ms. 
1922       WARN  main            d.u.i.k.n.ParsingFacade   file:/home/runner/work/key/key/key.core/build/resources/main/de/uka/ilkd/key/proof/rules/permissionRules.key took 4 ms to parse. 
1922       WARN  main            d.u.i.k.n.ParsingFacade   Parsing time 320 ms. 
1937       WARN  main            d.u.i.k.n.ParsingFacade   file:/home/runner/work/key/key/key.core/build/resources/main/de/uka/ilkd/key/proof/rules/reachRules.key took 4 ms to parse. 
1937       WARN  main            d.u.i.k.n.ParsingFacade   Parsing time 324 ms. 
1949       WARN  main            d.u.i.k.n.ParsingFacade   file:/home/runner/work/key/key/key.core/build/resources/main/de/uka/ilkd/key/proof/rules/seqCoreRules.key took 0 ms to parse. 
1949       WARN  main            d.u.i.k.n.ParsingFacade   Parsing time 324 ms. 
1960       WARN  main            d.u.i.k.n.ParsingFacade   file:/home/runner/work/key/key/key.core/build/resources/main/de/uka/ilkd/key/proof/rules/seqRules.key took 7 ms to parse. 
1960       WARN  main            d.u.i.k.n.ParsingFacade   Parsing time 331 ms. 
1988       WARN  main            d.u.i.k.n.ParsingFacade   file:/home/runner/work/key/key/key.core/build/resources/main/de/uka/ilkd/key/proof/rules/seqPerm.key took 6 ms to parse. 
1988       WARN  main            d.u.i.k.n.ParsingFacade   Parsing time 337 ms. 
2029       WARN  main            d.u.i.k.n.ParsingFacade   file:/home/runner/work/key/key/key.core/build/resources/main/de/uka/ilkd/key/proof/rules/seqPerm2.key took 0 ms to parse. 
2030       WARN  main            d.u.i.k.n.ParsingFacade   Parsing time 337 ms. 
2076       WARN  main            d.u.i.k.n.ParsingFacade   file:/home/runner/work/key/key/key.core/build/resources/main/de/uka/ilkd/key/proof/rules/javaRules.key took 39 ms to parse. 
2076       WARN  main            d.u.i.k.n.ParsingFacade   Parsing time 376 ms. 
2083       WARN  main            d.u.i.k.n.ParsingFacade   file:/home/runner/work/key/key/key.core/build/resources/main/de/uka/ilkd/key/proof/rules/assertions.key took 0 ms to parse. 
2084       WARN  main            d.u.i.k.n.ParsingFacade   Parsing time 376 ms. 
2552       WARN  main            d.u.i.k.n.ParsingFacade   file:/home/runner/work/key/key/key.core/build/resources/main/de/uka/ilkd/key/proof/rules/loopRules.key took 1 ms to parse. 
2552       WARN  main            d.u.i.k.n.ParsingFacade   Parsing time 377 ms. 
2561       WARN  main            d.u.i.k.n.ParsingFacade   file:/home/runner/work/key/key/key.core/build/resources/main/de/uka/ilkd/key/proof/rules/activeUse.key took 2 ms to parse. 
2561       WARN  main            d.u.i.k.n.ParsingFacade   Parsing time 379 ms. 
2609       WARN  main            d.u.i.k.n.ParsingFacade   file:/home/runner/work/key/key/key.core/build/resources/main/de/uka/ilkd/key/proof/rules/instanceAllocation.key took 4 ms to parse. 
2609       WARN  main            d.u.i.k.n.ParsingFacade   Parsing time 383 ms. 
2620       WARN  main            d.u.i.k.n.ParsingFacade   file:/home/runner/work/key/key/key.core/build/resources/main/de/uka/ilkd/key/proof/rules/java5.key took 0 ms to parse. 
2620       WARN  main            d.u.i.k.n.ParsingFacade   Parsing time 383 ms. 
2625       WARN  main            d.u.i.k.n.ParsingFacade   file:/home/runner/work/key/key/key.core/build/resources/main/de/uka/ilkd/key/proof/rules/integerAssignment2UpdateRules.key took 2 ms to parse. 
2625       WARN  main            d.u.i.k.n.ParsingFacade   Parsing time 385 ms. 
2656       WARN  main            d.u.i.k.n.ParsingFacade   file:/home/runner/work/key/key/key.core/build/resources/main/de/uka/ilkd/key/proof/rules/floatAssignment2UpdateRules.key took 5 ms to parse. 
2656       WARN  main            d.u.i.k.n.ParsingFacade   Parsing time 390 ms. 
2678       WARN  main            d.u.i.k.n.ParsingFacade   file:/home/runner/work/key/key/key.core/build/resources/main/de/uka/ilkd/key/proof/rules/bigint.key took 3 ms to parse. 
2678       WARN  main            d.u.i.k.n.ParsingFacade   Parsing time 393 ms. 
2687       DEBUG main            d.u.i.k.j.TypeConverter   No LDT found for JavaBigintExpression 
2711       WARN  main            d.u.i.k.n.ParsingFacade   file:/home/runner/work/key/key/key.core/build/resources/main/de/uka/ilkd/key/proof/rules/adtProgramDecompositionRules.key took 1 ms to parse. 
2711       WARN  main            d.u.i.k.n.ParsingFacade   Parsing time 394 ms. 
2728       WARN  main            d.u.i.k.n.ParsingFacade   file:/home/runner/work/key/key/key.core/build/resources/main/de/uka/ilkd/key/proof/rules/precRules.key took 1 ms to parse. 
2730       WARN  main            d.u.i.k.n.ParsingFacade   Parsing time 395 ms. 
2734       WARN  main            d.u.i.k.n.ParsingFacade   file:/home/runner/work/key/key/key.core/build/resources/main/de/uka/ilkd/key/proof/rules/charListRules.key took 2 ms to parse. 
2734       WARN  main            d.u.i.k.n.ParsingFacade   Parsing time 397 ms. 
2742       WARN  main            d.u.i.k.n.ParsingFacade   file:/home/runner/work/key/key/key.core/build/resources/main/de/uka/ilkd/key/proof/rules/regExTheory.key took 0 ms to parse. 
2742       WARN  main            d.u.i.k.n.ParsingFacade   Parsing time 397 ms. 
2744       WARN  main            d.u.i.k.n.ParsingFacade   file:/home/runner/work/key/key/key.core/build/resources/main/de/uka/ilkd/key/proof/rules/regExHeader.key took 0 ms to parse. 
2744       WARN  main            d.u.i.k.n.ParsingFacade   Parsing time 397 ms. 
2745       WARN  main            d.u.i.k.n.ParsingFacade   file:/home/runner/work/key/key/key.core/build/resources/main/de/uka/ilkd/key/proof/rules/regExAxioms.key took 0 ms to parse. 
2745       WARN  main            d.u.i.k.n.ParsingFacade   Parsing time 397 ms. 
2749       WARN  main            d.u.i.k.n.ParsingFacade   file:/home/runner/work/key/key/key.core/build/resources/main/de/uka/ilkd/key/proof/rules/regExLemmaProven.key took 2 ms to parse. 
2749       WARN  main            d.u.i.k.n.ParsingFacade   Parsing time 399 ms. 
2753       WARN  main            d.u.i.k.n.ParsingFacade   file:/home/runner/work/key/key/key.core/build/resources/main/de/uka/ilkd/key/proof/rules/seqEq.key took 1 ms to parse. 
2753       WARN  main            d.u.i.k.n.ParsingFacade   Parsing time 400 ms. 
2760       WARN  main            d.u.i.k.n.ParsingFacade   file:/home/runner/work/key/key/key.core/build/resources/main/de/uka/ilkd/key/proof/rules/infFlow.key took 3 ms to parse. 
2760       WARN  main            d.u.i.k.n.ParsingFacade   Parsing time 403 ms. 
2764       WARN  main            d.u.i.k.n.ParsingFacade   file:/home/runner/work/key/key/key.core/build/resources/main/de/uka/ilkd/key/proof/rules/mapSize.key took 0 ms to parse. 
2764       WARN  main            d.u.i.k.n.ParsingFacade   Parsing time 403 ms. 
2766       WARN  main            d.u.i.k.n.ParsingFacade   file:/home/runner/work/key/key/key.core/build/resources/main/de/uka/ilkd/key/proof/rules/wd.key took 0 ms to parse. 
2766       WARN  main            d.u.i.k.n.ParsingFacade   Parsing time 403 ms. 
2770       WARN  main            d.u.i.k.n.ParsingFacade   file:/home/runner/work/key/key/key.core/build/resources/main/de/uka/ilkd/key/proof/rules/wdHeader.key took 0 ms to parse. 
2770       WARN  main            d.u.i.k.n.ParsingFacade   Parsing time 403 ms. 
2771       WARN  main            d.u.i.k.n.ParsingFacade   file:/home/runner/work/key/key/key.core/build/resources/main/de/uka/ilkd/key/proof/rules/wdGeneralRules.key took 0 ms to parse. 
2771       WARN  main            d.u.i.k.n.ParsingFacade   Parsing time 403 ms. 
2779       WARN  main            d.u.i.k.n.ParsingFacade   file:/home/runner/work/key/key/key.core/build/resources/main/de/uka/ilkd/key/proof/rules/wdNumericalRules.key took 3 ms to parse. 
2779       WARN  main            d.u.i.k.n.ParsingFacade   Parsing time 406 ms. 
2796       WARN  main            d.u.i.k.n.ParsingFacade   file:/home/runner/work/key/key/key.core/build/resources/main/de/uka/ilkd/key/proof/rules/wdLocSetRules.key took 1 ms to parse. 
2796       WARN  main            d.u.i.k.n.ParsingFacade   Parsing time 407 ms. 
2800       WARN  main            d.u.i.k.n.ParsingFacade   file:/home/runner/work/key/key/key.core/build/resources/main/de/uka/ilkd/key/proof/rules/wdHeapRules.key took 1 ms to parse. 
2800       WARN  main            d.u.i.k.n.ParsingFacade   Parsing time 408 ms. 
2802       WARN  main            d.u.i.k.n.ParsingFacade   file:/home/runner/work/key/key/key.core/build/resources/main/de/uka/ilkd/key/proof/rules/wdReachRules.key took 0 ms to parse. 
2802       WARN  main            d.u.i.k.n.ParsingFacade   Parsing time 408 ms. 
2804       WARN  main            d.u.i.k.n.ParsingFacade   file:/home/runner/work/key/key/key.core/build/resources/main/de/uka/ilkd/key/proof/rules/wdSeqRules.key took 0 ms to parse. 
2804       WARN  main            d.u.i.k.n.ParsingFacade   Parsing time 408 ms. 
2807       WARN  main            d.u.i.k.n.ParsingFacade   file:/home/runner/work/key/key/key.core/build/resources/main/de/uka/ilkd/key/proof/rules/wdStringRules.key took 1 ms to parse. 
2807       WARN  main            d.u.i.k.n.ParsingFacade   Parsing time 409 ms. 
2809       WARN  main            d.u.i.k.n.ParsingFacade   file:/home/runner/work/key/key/key.core/build/resources/main/de/uka/ilkd/key/proof/rules/wdRegExRules.key took 0 ms to parse. 
2809       WARN  main            d.u.i.k.n.ParsingFacade   Parsing time 409 ms. 
2813       WARN  main            d.u.i.k.n.ParsingFacade   file:/home/runner/work/key/key/key.core/build/resources/main/de/uka/ilkd/key/proof/rules/wdFormulaRules.key took 3 ms to parse. 
2813       WARN  main            d.u.i.k.n.ParsingFacade   Parsing time 412 ms. 
2822       WARN  main            d.u.i.k.n.ParsingFacade   file:/home/runner/work/key/key/key.core/build/resources/main/de/uka/ilkd/key/proof/rules/loopInvariantRules.key took 0 ms to parse. 
2822       WARN  main            d.u.i.k.n.ParsingFacade   Parsing time 412 ms. 
2823       WARN  main            d.u.i.k.n.ParsingFacade   file:/home/runner/work/key/key/key.core/build/resources/main/de/uka/ilkd/key/proof/rules/forLoopRules.key took 0 ms to parse. 
2824       WARN  main            d.u.i.k.n.ParsingFacade   Parsing time 412 ms. 
2830       WARN  main            d.u.i.k.n.ParsingFacade   file:/home/runner/work/key/key/key.core/build/resources/main/de/uka/ilkd/key/proof/rules/execRules.key took 4 ms to parse. 
2830       WARN  main            d.u.i.k.n.ParsingFacade   Parsing time 416 ms. 
2902       WARN  main            d.u.i.k.n.ParsingFacade   file:/home/runner/work/key/key/key.core/build/resources/main/de/uka/ilkd/key/proof/rules/loopScopeRules.key took 2 ms to parse. 
2902       WARN  main            d.u.i.k.n.ParsingFacade   Parsing time 418 ms. 
5582       WARN  main            d.u.i.k.n.ParsingFacade   file:/home/runner/work/key/key/key.core/build/resources/main/de/uka/ilkd/key/java/JavaRedux/java/lang/String.key took 8 ms to parse. 
5582       WARN  main            d.u.i.k.n.ParsingFacade   Parsing time 426 ms. 
7717       DEBUG main            d.u.i.k.p.i.AbstractProblemLoader Init config took 6.91s 
7773       INFO  main            d.u.i.k.p.i.AbstractProblemLoader Replaying proof charAt0.key 
7803       DEBUG main            d.u.i.k.p.i.IntermediateProofReplayer Proof replay took 33.5ns 
7805       WARN  main            d.u.i.k.n.ParsingFacade   /home/runner/work/key/key/key.core/../key.ui/examples/standard_key/strings/charAt0.key took 0 ms to parse. 
7806       WARN  main            d.u.i.k.n.ParsingFacade   Parsing time 426 ms. 
8189       INFO  main            d.u.i.k.p.r.p.TestFile    ... finished proof: closed. 
8302       INFO  main            d.u.i.k.p.i.AbstractProblemLoader Loading environment from /home/runner/work/key/key/key.core/../key.ui/examples/standard_key/strings/charAt0.key.proof 
8302       DEBUG main            d.u.i.k.p.i.AbstractProblemLoader Environment load took 148.6ns 
8304       WARN  main            d.u.i.k.n.ParsingFacade   /home/runner/work/key/key/key.core/../key.ui/examples/standard_key/strings/charAt0.key.proof took 1 ms to parse. 
8304       WARN  main            d.u.i.k.n.ParsingFacade   Parsing time 427 ms. 
8307       INFO  main            d.u.i.k.p.i.AbstractProblemLoader Creating init config 
9258       WARN  main            d.u.i.k.n.ParsingFacade   file:/home/runner/work/key/key/key.core/build/resources/main/de/uka/ilkd/key/java/JavaRedux/java/lang/String.key took 1 ms to parse. 
9259       WARN  main            d.u.i.k.n.ParsingFacade   Parsing time 428 ms. 
11138      DEBUG main            d.u.i.k.p.i.AbstractProblemLoader Init config took 2.83s 
11167      INFO  main            d.u.i.k.p.i.AbstractProblemLoader Replaying proof charAt0.key.proof 
11187      DEBUG main            d.u.i.k.p.i.IntermediateProofReplayer Proof replay took 15.78ms 
11188      WARN  main            d.u.i.k.n.ParsingFacade   /home/runner/work/key/key/key.core/../key.ui/examples/standard_key/strings/charAt0.key.proof took 0 ms to parse. 
11189      WARN  main            d.u.i.k.n.ParsingFacade   Parsing time 428 ms. 
11198      DEBUG main            d.u.i.k.p.r.p.TestFile    ... success: reloaded. 
11199      INFO  main            d.u.i.k.p.r.p.TestFile    Now processing file /home/runner/work/key/key/key.core/../key.ui/examples/standard_key/strings/charAt1.key 
11199      INFO  main            d.u.i.k.p.i.AbstractProblemLoader Loading environment from /home/runner/work/key/key/key.core/../key.ui/examples/standard_key/strings/charAt1.key 
11199      DEBUG main            d.u.i.k.p.i.AbstractProblemLoader Environment load took 185ns 
11200      WARN  main            d.u.i.k.n.ParsingFacade   /home/runner/work/key/key/key.core/../key.ui/examples/standard_key/strings/charAt1.key took 0 ms to parse. 
11200      WARN  main            d.u.i.k.n.ParsingFacade   Parsing time 428 ms. 
11201      INFO  main            d.u.i.k.p.i.AbstractProblemLoader Creating init config 
12069      WARN  main            d.u.i.k.n.ParsingFacade   file:/home/runner/work/key/key/key.core/build/resources/main/de/uka/ilkd/key/java/JavaRedux/java/lang/String.key took 1 ms to parse. 
12069      WARN  main            d.u.i.k.n.ParsingFacade   Parsing time 429 ms. 
13824      DEBUG main            d.u.i.k.p.i.AbstractProblemLoader Init config took 2.62s 
13853      INFO  main            d.u.i.k.p.i.AbstractProblemLoader Replaying proof charAt1.key 
13854      DEBUG main            d.u.i.k.p.i.IntermediateProofReplayer Proof replay took 6.2ns 
13855      WARN  main            d.u.i.k.n.ParsingFacade   /home/runner/work/key/key/key.core/../key.ui/examples/standard_key/strings/charAt1.key took 0 ms to parse. 
13855      WARN  main            d.u.i.k.n.ParsingFacade   Parsing time 429 ms. 
14058      INFO  main            d.u.i.k.p.r.p.TestFile    ... finished proof: closed. 
14180      INFO  main            d.u.i.k.p.i.AbstractProblemLoader Loading environment from /home/runner/work/key/key/key.core/../key.ui/examples/standard_key/strings/charAt1.key.proof 
14180      DEBUG main            d.u.i.k.p.i.AbstractProblemLoader Environment load took 583.21ns 
14182      WARN  main            d.u.i.k.n.ParsingFacade   /home/runner/work/key/key/key.core/../key.ui/examples/standard_key/strings/charAt1.key.proof took 1 ms to parse. 
14182      WARN  main            d.u.i.k.n.ParsingFacade   Parsing time 430 ms. 
14184      INFO  main            d.u.i.k.p.i.AbstractProblemLoader Creating init config 
15059      WARN  main            d.u.i.k.n.ParsingFacade   file:/home/runner/work/key/key/key.core/build/resources/main/de/uka/ilkd/key/java/JavaRedux/java/lang/String.key took 1 ms to parse. 
15059      WARN  main            d.u.i.k.n.ParsingFacade   Parsing time 431 ms. 
16873      DEBUG main            d.u.i.k.p.i.AbstractProblemLoader Init config took 2.69s 
16897      INFO  main            d.u.i.k.p.i.AbstractProblemLoader Replaying proof charAt1.key.proof 
16915      DEBUG main            d.u.i.k.p.i.IntermediateProofReplayer Proof replay took 14.81ms 
16915      WARN  main            d.u.i.k.n.ParsingFacade   /home/runner/work/key/key/key.core/../key.ui/examples/standard_key/strings/charAt1.key.proof took 0 ms to parse. 
16915      WARN  main            d.u.i.k.n.ParsingFacade   Parsing time 431 ms. 
16916      DEBUG main            d.u.i.k.p.r.p.TestFile    ... success: reloaded. 
16916      INFO  main            d.u.i.k.p.r.p.TestFile    Now processing file /home/runner/work/key/key/key.core/../key.ui/examples/standard_key/strings/concat1.key 
16917      INFO  main            d.u.i.k.p.i.AbstractProblemLoader Loading environment from /home/runner/work/key/key/key.core/../key.ui/examples/standard_key/strings/concat1.key 
16917      DEBUG main            d.u.i.k.p.i.AbstractProblemLoader Environment load took 94.7ns 
16917      WARN  main            d.u.i.k.n.ParsingFacade   /home/runner/work/key/key/key.core/../key.ui/examples/standard_key/strings/concat1.key took 0 ms to parse. 
16917      WARN  main            d.u.i.k.n.ParsingFacade   Parsing time 431 ms. 
16918      INFO  main            d.u.i.k.p.i.AbstractProblemLoader Creating init config 
17767      WARN  main            d.u.i.k.n.ParsingFacade   file:/home/runner/work/key/key/key.core/build/resources/main/de/uka/ilkd/key/java/JavaRedux/java/lang/String.key took 1 ms to parse. 
17767      WARN  main            d.u.i.k.n.ParsingFacade   Parsing time 432 ms. 
19519      DEBUG main            d.u.i.k.p.i.AbstractProblemLoader Init config took 2.6s 
19540      INFO  main            d.u.i.k.p.i.AbstractProblemLoader Replaying proof concat1.key 
19542      DEBUG main            d.u.i.k.p.i.IntermediateProofReplayer Proof replay took 5.3ns 
19542      WARN  main            d.u.i.k.n.ParsingFacade   /home/runner/work/key/key/key.core/../key.ui/examples/standard_key/strings/concat1.key took 0 ms to parse. 
19543      WARN  main            d.u.i.k.n.ParsingFacade   Parsing time 432 ms. 
19646      INFO  main            d.u.i.k.p.r.p.TestFile    ... finished proof: closed. 
19771      INFO  main            d.u.i.k.p.i.AbstractProblemLoader Loading environment from /home/runner/work/key/key/key.core/../key.ui/examples/standard_key/strings/concat1.key.proof 
19772      DEBUG main            d.u.i.k.p.i.AbstractProblemLoader Environment load took 124.1ns 
19772      WARN  main            d.u.i.k.n.ParsingFacade   /home/runner/work/key/key/key.core/../key.ui/examples/standard_key/strings/concat1.key.proof took 0 ms to parse. 
19772      WARN  main            d.u.i.k.n.ParsingFacade   Parsing time 432 ms. 
19773      INFO  main            d.u.i.k.p.i.AbstractProblemLoader Creating init config 
20589      WARN  main            d.u.i.k.n.ParsingFacade   file:/home/runner/work/key/key/key.core/build/resources/main/de/uka/ilkd/key/java/JavaRedux/java/lang/String.key took 1 ms to parse. 
20590      WARN  main            d.u.i.k.n.ParsingFacade   Parsing time 433 ms. 
22354      DEBUG main            d.u.i.k.p.i.AbstractProblemLoader Init config took 2.58s 
22373      INFO  main            d.u.i.k.p.i.AbstractProblemLoader Replaying proof concat1.key.proof 
22379      DEBUG main            d.u.i.k.p.i.IntermediateProofReplayer Proof replay took 2.08ms 
22380      WARN  main            d.u.i.k.n.ParsingFacade   /home/runner/work/key/key/key.core/../key.ui/examples/standard_key/strings/concat1.key.proof took 0 ms to parse. 
22380      WARN  main            d.u.i.k.n.ParsingFacade   Parsing time 433 ms. 
22380      DEBUG main            d.u.i.k.p.r.p.TestFile    ... success: reloaded. 
22382      INFO  main            d.u.i.k.p.r.p.TestFile    Now processing file /home/runner/work/key/key/key.core/../key.ui/examples/standard_key/strings/concat2.key 
22382      INFO  main            d.u.i.k.p.i.AbstractProblemLoader Loading environment from /home/runner/work/key/key/key.core/../key.ui/examples/standard_key/strings/concat2.key 
22383      DEBUG main            d.u.i.k.p.i.AbstractProblemLoader Environment load took 695.51ns 
22384      WARN  main            d.u.i.k.n.ParsingFacade   /home/runner/work/key/key/key.core/../key.ui/examples/standard_key/strings/concat2.key took 1 ms to parse. 
22384      WARN  main            d.u.i.k.n.ParsingFacade   Parsing time 434 ms. 
22386      INFO  main            d.u.i.k.p.i.AbstractProblemLoader Creating init config 
23245      WARN  main            d.u.i.k.n.ParsingFacade   file:/home/runner/work/key/key/key.core/build/resources/main/de/uka/ilkd/key/java/JavaRedux/java/lang/String.key took 2 ms to parse. 
23245      WARN  main            d.u.i.k.n.ParsingFacade   Parsing time 436 ms. 
24954      DEBUG main            d.u.i.k.p.i.AbstractProblemLoader Init config took 2.57s 
24974      INFO  main            d.u.i.k.p.i.AbstractProblemLoader Replaying proof concat2.key 
24975      DEBUG main            d.u.i.k.p.i.IntermediateProofReplayer Proof replay took 6ns 
24976      WARN  main            d.u.i.k.n.ParsingFacade   /home/runner/work/key/key/key.core/../key.ui/examples/standard_key/strings/concat2.key took 0 ms to parse. 
24976      WARN  main            d.u.i.k.n.ParsingFacade   Parsing time 436 ms. 
25082      INFO  main            d.u.i.k.p.r.p.TestFile    ... finished proof: closed. 
25221      INFO  main            d.u.i.k.p.i.AbstractProblemLoader Loading environment from /home/runner/work/key/key/key.core/../key.ui/examples/standard_key/strings/concat2.key.proof 
25221      DEBUG main            d.u.i.k.p.i.AbstractProblemLoader Environment load took 98.5ns 
25221      WARN  main            d.u.i.k.n.ParsingFacade   /home/runner/work/key/key/key.core/../key.ui/examples/standard_key/strings/concat2.key.proof took 0 ms to parse. 
25221      WARN  main            d.u.i.k.n.ParsingFacade   Parsing time 436 ms. 
25222      INFO  main            d.u.i.k.p.i.AbstractProblemLoader Creating init config 
26011      WARN  main            d.u.i.k.n.ParsingFacade   file:/home/runner/work/key/key/key.core/build/resources/main/de/uka/ilkd/key/java/JavaRedux/java/lang/String.key took 0 ms to parse. 
26011      WARN  main            d.u.i.k.n.ParsingFacade   Parsing time 436 ms. 
27732      DEBUG main            d.u.i.k.p.i.AbstractProblemLoader Init config took 2.51s 
27751      INFO  main            d.u.i.k.p.i.AbstractProblemLoader Replaying proof concat2.key.proof 
27764      DEBUG main            d.u.i.k.p.i.IntermediateProofReplayer Proof replay took 10.44ms 
27764      WARN  main            d.u.i.k.n.ParsingFacade   /home/runner/work/key/key/key.core/../key.ui/examples/standard_key/strings/concat2.key.proof took 0 ms to parse. 
27764      WARN  main            d.u.i.k.n.ParsingFacade   Parsing time 436 ms. 
27765      DEBUG main            d.u.i.k.p.r.p.TestFile    ... success: reloaded. 
27765      INFO  main            d.u.i.k.p.r.p.TestFile    Now processing file /home/runner/work/key/key/key.core/../key.ui/examples/standard_key/strings/deriveLength1.key 
27766      INFO  main            d.u.i.k.p.i.AbstractProblemLoader Loading environment from /home/runner/work/key/key/key.core/../key.ui/examples/standard_key/strings/deriveLength1.key 
27766      DEBUG main            d.u.i.k.p.i.AbstractProblemLoader Environment load took 153.9ns 
27766      WARN  main            d.u.i.k.n.ParsingFacade   /home/runner/work/key/key/key.core/../key.ui/examples/standard_key/strings/deriveLength1.key took 0 ms to parse. 
27766      WARN  main            d.u.i.k.n.ParsingFacade   Parsing time 436 ms. 
27767      INFO  main            d.u.i.k.p.i.AbstractProblemLoader Creating init config 
28593      WARN  main            d.u.i.k.n.ParsingFacade   file:/home/runner/work/key/key/key.core/build/resources/main/de/uka/ilkd/key/java/JavaRedux/java/lang/String.key took 1 ms to parse. 
28594      WARN  main            d.u.i.k.n.ParsingFacade   Parsing time 437 ms. 
30312      DEBUG main            d.u.i.k.p.i.AbstractProblemLoader Init config took 2.55s 
30332      INFO  main            d.u.i.k.p.i.AbstractProblemLoader Replaying proof deriveLength1.key 
30333      DEBUG main            d.u.i.k.p.i.IntermediateProofReplayer Proof replay took 6.5ns 
30334      WARN  main            d.u.i.k.n.ParsingFacade   /home/runner/work/key/key/key.core/../key.ui/examples/standard_key/strings/deriveLength1.key took 0 ms to parse. 
30334      WARN  main            d.u.i.k.n.ParsingFacade   Parsing time 437 ms. 
30438      INFO  main            d.u.i.k.p.r.p.TestFile    ... finished proof: closed. 
30581      INFO  main            d.u.i.k.p.i.AbstractProblemLoader Loading environment from /home/runner/work/key/key/key.core/../key.ui/examples/standard_key/strings/deriveLength1.key.proof 
30581      DEBUG main            d.u.i.k.p.i.AbstractProblemLoader Environment load took 97ns 
30581      WARN  main            d.u.i.k.n.ParsingFacade   /home/runner/work/key/key/key.core/../key.ui/examples/standard_key/strings/deriveLength1.key.proof took 0 ms to parse. 
30581      WARN  main            d.u.i.k.n.ParsingFacade   Parsing time 437 ms. 
30582      INFO  main            d.u.i.k.p.i.AbstractProblemLoader Creating init config 
31388      WARN  main            d.u.i.k.n.ParsingFacade   file:/home/runner/work/key/key/key.core/build/resources/main/de/uka/ilkd/key/java/JavaRedux/java/lang/String.key took 1 ms to parse. 
31388      WARN  main            d.u.i.k.n.ParsingFacade   Parsing time 438 ms. 
33099      DEBUG main            d.u.i.k.p.i.AbstractProblemLoader Init config took 2.52s 
33117      INFO  main            d.u.i.k.p.i.AbstractProblemLoader Replaying proof deriveLength1.key.proof 
33129      DEBUG main            d.u.i.k.p.i.IntermediateProofReplayer Proof replay took 9.6ms 
33129      WARN  main            d.u.i.k.n.ParsingFacade   /home/runner/work/key/key/key.core/../key.ui/examples/standard_key/strings/deriveLength1.key.proof took 0 ms to parse. 
33129      WARN  main            d.u.i.k.n.ParsingFacade   Parsing time 438 ms. 
33130      DEBUG main            d.u.i.k.p.r.p.TestFile    ... success: reloaded. 
33131      INFO  main            d.u.i.k.p.r.p.TestFile    Now processing file /home/runner/work/key/key/key.core/../key.ui/examples/standard_key/strings/emptyStringLengthZero.key 
33131      INFO  main            d.u.i.k.p.i.AbstractProblemLoader Loading environment from /home/runner/work/key/key/key.core/../key.ui/examples/standard_key/strings/emptyStringLengthZero.key 
33131      DEBUG main            d.u.i.k.p.i.AbstractProblemLoader Environment load took 168.6ns 
33131      WARN  main            d.u.i.k.n.ParsingFacade   /home/runner/work/key/key/key.core/../key.ui/examples/standard_key/strings/emptyStringLengthZero.key took 0 ms to parse. 
33132      WARN  main            d.u.i.k.n.ParsingFacade   Parsing time 438 ms. 
33132      INFO  main            d.u.i.k.p.i.AbstractProblemLoader Creating init config 
33940      WARN  main            d.u.i.k.n.ParsingFacade   file:/home/runner/work/key/key/key.core/build/resources/main/de/uka/ilkd/key/java/JavaRedux/java/lang/String.key took 1 ms to parse. 
33940      WARN  main            d.u.i.k.n.ParsingFacade   Parsing time 439 ms. 
35688      DEBUG main            d.u.i.k.p.i.AbstractProblemLoader Init config took 2.56s 
35707      INFO  main            d.u.i.k.p.i.AbstractProblemLoader Replaying proof emptyStringLengthZero.key 
35710      DEBUG main            d.u.i.k.p.i.IntermediateProofReplayer Proof replay took 6.4ns 
35710      WARN  main            d.u.i.k.n.ParsingFacade   /home/runner/work/key/key/key.core/../key.ui/examples/standard_key/strings/emptyStringLengthZero.key took 0 ms to parse. 
35711      WARN  main            d.u.i.k.n.ParsingFacade   Parsing time 439 ms. 
35813      INFO  main            d.u.i.k.p.r.p.TestFile    ... finished proof: closed. 
35960      INFO  main            d.u.i.k.p.i.AbstractProblemLoader Loading environment from /home/runner/work/key/key/key.core/../key.ui/examples/standard_key/strings/emptyStringLengthZero.key.proof 
35960      DEBUG main            d.u.i.k.p.i.AbstractProblemLoader Environment load took 102.2ns 
35960      WARN  main            d.u.i.k.n.ParsingFacade   /home/runner/work/key/key/key.core/../key.ui/examples/standard_key/strings/emptyStringLengthZero.key.proof took 0 ms to parse. 
35960      WARN  main            d.u.i.k.n.ParsingFacade   Parsing time 439 ms. 
35961      INFO  main            d.u.i.k.p.i.AbstractProblemLoader Creating init config 
36730      WARN  main            d.u.i.k.n.ParsingFacade   file:/home/runner/work/key/key/key.core/build/resources/main/de/uka/ilkd/key/java/JavaRedux/java/lang/String.key took 1 ms to parse. 
36731      WARN  main            d.u.i.k.n.ParsingFacade   Parsing time 440 ms. 
38423      DEBUG main            d.u.i.k.p.i.AbstractProblemLoader Init config took 2.46s 
38439      INFO  main            d.u.i.k.p.i.AbstractProblemLoader Replaying proof emptyStringLengthZero.key.proof 
38445      DEBUG main            d.u.i.k.p.i.IntermediateProofReplayer Proof replay took 3.77ms 
38446      WARN  main            d.u.i.k.n.ParsingFacade   /home/runner/work/key/key/key.core/../key.ui/examples/standard_key/strings/emptyStringLengthZero.key.proof took 0 ms to parse. 
38446      WARN  main            d.u.i.k.n.ParsingFacade   Parsing time 440 ms. 
38446      DEBUG main            d.u.i.k.p.r.p.TestFile    ... success: reloaded. 
38447      INFO  main            d.u.i.k.p.r.p.TestFile    Now processing file /home/runner/work/key/key/key.core/../key.ui/examples/standard_key/strings/implicitBooleanStringConversion.key 
38447      INFO  main            d.u.i.k.p.i.AbstractProblemLoader Loading environment from /home/runner/work/key/key/key.core/../key.ui/examples/standard_key/strings/implicitBooleanStringConversion.key 
38447      DEBUG main            d.u.i.k.p.i.AbstractProblemLoader Environment load took 162.8ns 
38448      WARN  main            d.u.i.k.n.ParsingFacade   /home/runner/work/key/key/key.core/../key.ui/examples/standard_key/strings/implicitBooleanStringConversion.key took 0 ms to parse. 
38448      WARN  main            d.u.i.k.n.ParsingFacade   Parsing time 440 ms. 
38449      INFO  main            d.u.i.k.p.i.AbstractProblemLoader Creating init config 
39241      WARN  main            d.u.i.k.n.ParsingFacade   file:/home/runner/work/key/key/key.core/build/resources/main/de/uka/ilkd/key/java/JavaRedux/java/lang/String.key took 1 ms to parse. 
39242      WARN  main            d.u.i.k.n.ParsingFacade   Parsing time 441 ms. 
40966      DEBUG main            d.u.i.k.p.i.AbstractProblemLoader Init config took 2.52s 
40986      INFO  main            d.u.i.k.p.i.AbstractProblemLoader Replaying proof implicitBooleanStringConversion.key 
40987      DEBUG main            d.u.i.k.p.i.IntermediateProofReplayer Proof replay took 6.1ns 
40988      WARN  main            d.u.i.k.n.ParsingFacade   /home/runner/work/key/key/key.core/../key.ui/examples/standard_key/strings/implicitBooleanStringConversion.key took 0 ms to parse. 
40988      WARN  main            d.u.i.k.n.ParsingFacade   Parsing time 441 ms. 
42005      INFO  main            d.u.i.k.p.r.p.TestFile    ... finished proof: closed. 
42228      INFO  main            d.u.i.k.p.i.AbstractProblemLoader Loading environment from /home/runner/work/key/key/key.core/../key.ui/examples/standard_key/strings/implicitBooleanStringConversion.key.proof 
42228      DEBUG main            d.u.i.k.p.i.AbstractProblemLoader Environment load took 408.21ns 
42229      WARN  main            d.u.i.k.n.ParsingFacade   /home/runner/work/key/key/key.core/../key.ui/examples/standard_key/strings/implicitBooleanStringConversion.key.proof took 0 ms to parse. 
42230      WARN  main            d.u.i.k.n.ParsingFacade   Parsing time 441 ms. 
42231      INFO  main            d.u.i.k.p.i.AbstractProblemLoader Creating init config 
43053      WARN  main            d.u.i.k.n.ParsingFacade   file:/home/runner/work/key/key/key.core/build/resources/main/de/uka/ilkd/key/java/JavaRedux/java/lang/String.key took 1 ms to parse. 
43053      WARN  main            d.u.i.k.n.ParsingFacade   Parsing time 442 ms. 
44717      DEBUG main            d.u.i.k.p.i.AbstractProblemLoader Init config took 2.49s 
44735      INFO  main            d.u.i.k.p.i.AbstractProblemLoader Replaying proof implicitBooleanStringConversion.key.proof 
44837      DEBUG main            d.u.i.k.p.i.IntermediateProofReplayer Proof replay took 96.23ms 
44838      WARN  main            d.u.i.k.n.ParsingFacade   /home/runner/work/key/key/key.core/../key.ui/examples/standard_key/strings/implicitBooleanStringConversion.key.proof took 1 ms to parse. 
44838      WARN  main            d.u.i.k.n.ParsingFacade   Parsing time 443 ms. 
44838      DEBUG main            d.u.i.k.p.r.p.TestFile    ... success: reloaded. 
44839      INFO  main            d.u.i.k.p.r.p.TestFile    Now processing file /home/runner/work/key/key/key.core/../key.ui/examples/standard_key/strings/implicitBooleanStringConversion2.key 
44840      INFO  main            d.u.i.k.p.i.AbstractProblemLoader Loading environment from /home/runner/work/key/key/key.core/../key.ui/examples/standard_key/strings/implicitBooleanStringConversion2.key 
44840      DEBUG main            d.u.i.k.p.i.AbstractProblemLoader Environment load took 191.2ns 
44841      WARN  main            d.u.i.k.n.ParsingFacade   /home/runner/work/key/key/key.core/../key.ui/examples/standard_key/strings/implicitBooleanStringConversion2.key took 1 ms to parse. 
44841      WARN  main            d.u.i.k.n.ParsingFacade   Parsing time 444 ms. 
44842      INFO  main            d.u.i.k.p.i.AbstractProblemLoader Creating init config 
45648      WARN  main            d.u.i.k.n.ParsingFacade   file:/home/runner/work/key/key/key.core/build/resources/main/de/uka/ilkd/key/java/JavaRedux/java/lang/String.key took 1 ms to parse. 
45648      WARN  main            d.u.i.k.n.ParsingFacade   Parsing time 445 ms. 
47393      DEBUG main            d.u.i.k.p.i.AbstractProblemLoader Init config took 2.55s 
47411      INFO  main            d.u.i.k.p.i.AbstractProblemLoader Replaying proof implicitBooleanStringConversion2.key 
47413      DEBUG main            d.u.i.k.p.i.IntermediateProofReplayer Proof replay took 6.8ns 
47413      WARN  main            d.u.i.k.n.ParsingFacade   /home/runner/work/key/key/key.core/../key.ui/examples/standard_key/strings/implicitBooleanStringConversion2.key took 0 ms to parse. 
47413      WARN  main            d.u.i.k.n.ParsingFacade   Parsing time 445 ms. 
47716      INFO  main            d.u.i.k.p.r.p.TestFile    ... finished proof: closed. 
47909      INFO  main            d.u.i.k.p.i.AbstractProblemLoader Loading environment from /home/runner/work/key/key/key.core/../key.ui/examples/standard_key/strings/implicitBooleanStringConversion2.key.proof 
47909      DEBUG main            d.u.i.k.p.i.AbstractProblemLoader Environment load took 316.21ns 
47910      WARN  main            d.u.i.k.n.ParsingFacade   /home/runner/work/key/key/key.core/../key.ui/examples/standard_key/strings/implicitBooleanStringConversion2.key.proof took 1 ms to parse. 
47910      WARN  main            d.u.i.k.n.ParsingFacade   Parsing time 446 ms. 
47911      INFO  main            d.u.i.k.p.i.AbstractProblemLoader Creating init config 
48686      WARN  main            d.u.i.k.n.ParsingFacade   file:/home/runner/work/key/key/key.core/build/resources/main/de/uka/ilkd/key/java/JavaRedux/java/lang/String.key took 1 ms to parse. 
48686      WARN  main            d.u.i.k.n.ParsingFacade   Parsing time 447 ms. 
50407      DEBUG main            d.u.i.k.p.i.AbstractProblemLoader Init config took 2.5s 
50425      INFO  main            d.u.i.k.p.i.AbstractProblemLoader Replaying proof implicitBooleanStringConversion2.key.proof 
50460      DEBUG main            d.u.i.k.p.i.IntermediateProofReplayer Proof replay took 31.47ms 
50460      WARN  main            d.u.i.k.n.ParsingFacade   /home/runner/work/key/key/key.core/../key.ui/examples/standard_key/strings/implicitBooleanStringConversion2.key.proof took 0 ms to parse. 
50460      WARN  main            d.u.i.k.n.ParsingFacade   Parsing time 447 ms. 
50461      DEBUG main            d.u.i.k.p.r.p.TestFile    ... success: reloaded. 
50461      INFO  main            d.u.i.k.p.r.p.TestFile    Now processing file /home/runner/work/key/key/key.core/../key.ui/examples/standard_key/strings/implicitIntStringConversion.key 
50461      INFO  main            d.u.i.k.p.i.AbstractProblemLoader Loading environment from /home/runner/work/key/key/key.core/../key.ui/examples/standard_key/strings/implicitIntStringConversion.key 
50462      DEBUG main            d.u.i.k.p.i.AbstractProblemLoader Environment load took 68.2ns 
50462      WARN  main            d.u.i.k.n.ParsingFacade   /home/runner/work/key/key/key.core/../key.ui/examples/standard_key/strings/implicitIntStringConversion.key took 0 ms to parse. 
50462      WARN  main            d.u.i.k.n.ParsingFacade   Parsing time 447 ms. 
50462      INFO  main            d.u.i.k.p.i.AbstractProblemLoader Creating init config 
51248      WARN  main            d.u.i.k.n.ParsingFacade   file:/home/runner/work/key/key/key.core/build/resources/main/de/uka/ilkd/key/java/JavaRedux/java/lang/String.key took 1 ms to parse. 
51249      WARN  main            d.u.i.k.n.ParsingFacade   Parsing time 448 ms. 
52933      DEBUG main            d.u.i.k.p.i.AbstractProblemLoader Init config took 2.47s 
52952      INFO  main            d.u.i.k.p.i.AbstractProblemLoader Replaying proof implicitIntStringConversion.key 
52955      DEBUG main            d.u.i.k.p.i.IntermediateProofReplayer Proof replay took 7.3ns 
52956      WARN  main            d.u.i.k.n.ParsingFacade   /home/runner/work/key/key/key.core/../key.ui/examples/standard_key/strings/implicitIntStringConversion.key took 1 ms to parse. 
52956      WARN  main            d.u.i.k.n.ParsingFacade   Parsing time 449 ms. 
53659      INFO  main            d.u.i.k.p.r.p.TestFile    ... finished proof: closed. 
53844      INFO  main            d.u.i.k.p.i.AbstractProblemLoader Loading environment from /home/runner/work/key/key/key.core/../key.ui/examples/standard_key/strings/implicitIntStringConversion.key.proof 
53845      DEBUG main            d.u.i.k.p.i.AbstractProblemLoader Environment load took 293.21ns 
53845      WARN  main            d.u.i.k.n.ParsingFacade   /home/runner/work/key/key/key.core/../key.ui/examples/standard_key/strings/implicitIntStringConversion.key.proof took 0 ms to parse. 
53845      WARN  main            d.u.i.k.n.ParsingFacade   Parsing time 449 ms. 
53846      INFO  main            d.u.i.k.p.i.AbstractProblemLoader Creating init config 
54618      WARN  main            d.u.i.k.n.ParsingFacade   file:/home/runner/work/key/key/key.core/build/resources/main/de/uka/ilkd/key/java/JavaRedux/java/lang/String.key took 1 ms to parse. 
54618      WARN  main            d.u.i.k.n.ParsingFacade   Parsing time 450 ms. 
56310      DEBUG main            d.u.i.k.p.i.AbstractProblemLoader Init config took 2.46s 
56327      INFO  main            d.u.i.k.p.i.AbstractProblemLoader Replaying proof implicitIntStringConversion.key.proof 
56394      DEBUG main            d.u.i.k.p.i.IntermediateProofReplayer Proof replay took 62.31ms 
56395      WARN  main            d.u.i.k.n.ParsingFacade   /home/runner/work/key/key/key.core/../key.ui/examples/standard_key/strings/implicitIntStringConversion.key.proof took 0 ms to parse. 
56396      WARN  main            d.u.i.k.n.ParsingFacade   Parsing time 450 ms. 
56396      DEBUG main            d.u.i.k.p.r.p.TestFile    ... success: reloaded. 
56397      INFO  main            d.u.i.k.p.r.p.TestFile    Now processing file /home/runner/work/key/key/key.core/../key.ui/examples/standard_key/strings/implicitNullStringConversion.key 
56397      INFO  main            d.u.i.k.p.i.AbstractProblemLoader Loading environment from /home/runner/work/key/key/key.core/../key.ui/examples/standard_key/strings/implicitNullStringConversion.key 
56397      DEBUG main            d.u.i.k.p.i.AbstractProblemLoader Environment load took 156.5ns 
56398      WARN  main            d.u.i.k.n.ParsingFacade   /home/runner/work/key/key/key.core/../key.ui/examples/standard_key/strings/implicitNullStringConversion.key took 0 ms to parse. 
56398      WARN  main            d.u.i.k.n.ParsingFacade   Parsing time 450 ms. 
56398      INFO  main            d.u.i.k.p.i.AbstractProblemLoader Creating init config 
57209      WARN  main            d.u.i.k.n.ParsingFacade   file:/home/runner/work/key/key/key.core/build/resources/main/de/uka/ilkd/key/java/JavaRedux/java/lang/String.key took 1 ms to parse. 
57209      WARN  main            d.u.i.k.n.ParsingFacade   Parsing time 451 ms. 
58930      DEBUG main            d.u.i.k.p.i.AbstractProblemLoader Init config took 2.53s 
58948      INFO  main            d.u.i.k.p.i.AbstractProblemLoader Replaying proof implicitNullStringConversion.key 
58949      DEBUG main            d.u.i.k.p.i.IntermediateProofReplayer Proof replay took 6.5ns 
58949      WARN  main            d.u.i.k.n.ParsingFacade   /home/runner/work/key/key/key.core/../key.ui/examples/standard_key/strings/implicitNullStringConversion.key took 0 ms to parse. 
58949      WARN  main            d.u.i.k.n.ParsingFacade   Parsing time 451 ms. 
59255      INFO  main            d.u.i.k.p.r.p.TestFile    ... finished proof: closed. 
59491      INFO  main            d.u.i.k.p.i.AbstractProblemLoader Loading environment from /home/runner/work/key/key/key.core/../key.ui/examples/standard_key/strings/implicitNullStringConversion.key.proof 
59491      DEBUG main            d.u.i.k.p.i.AbstractProblemLoader Environment load took 82.8ns 
59492      WARN  main            d.u.i.k.n.ParsingFacade   /home/runner/work/key/key/key.core/../key.ui/examples/standard_key/strings/implicitNullStringConversion.key.proof took 1 ms to parse. 
59492      WARN  main            d.u.i.k.n.ParsingFacade   Parsing time 452 ms. 
59493      INFO  main            d.u.i.k.p.i.AbstractProblemLoader Creating init config 
60256      WARN  main            d.u.i.k.n.ParsingFacade   file:/home/runner/work/key/key/key.core/build/resources/main/de/uka/ilkd/key/java/JavaRedux/java/lang/String.key took 1 ms to parse. 
60257      WARN  main            d.u.i.k.n.ParsingFacade   Parsing time 453 ms. 
61911      DEBUG main            d.u.i.k.p.i.AbstractProblemLoader Init config took 2.42s 
61928      INFO  main            d.u.i.k.p.i.AbstractProblemLoader Replaying proof implicitNullStringConversion.key.proof 
61959      DEBUG main            d.u.i.k.p.i.IntermediateProofReplayer Proof replay took 28.35ms 
61960      WARN  main            d.u.i.k.n.ParsingFacade   /home/runner/work/key/key/key.core/../key.ui/examples/standard_key/strings/implicitNullStringConversion.key.proof took 0 ms to parse. 
61960      WARN  main            d.u.i.k.n.ParsingFacade   Parsing time 453 ms. 
61960      DEBUG main            d.u.i.k.p.r.p.TestFile    ... success: reloaded. 
61961      INFO  main            d.u.i.k.p.r.p.TestFile    Now processing file /home/runner/work/key/key/key.core/../key.ui/examples/standard_key/strings/implicitNullStringConversion2.key 
61961      INFO  main            d.u.i.k.p.i.AbstractProblemLoader Loading environment from /home/runner/work/key/key/key.core/../key.ui/examples/standard_key/strings/implicitNullStringConversion2.key 
61961      DEBUG main            d.u.i.k.p.i.AbstractProblemLoader Environment load took 73.6ns 
61961      WARN  main            d.u.i.k.n.ParsingFacade   /home/runner/work/key/key/key.core/../key.ui/examples/standard_key/strings/implicitNullStringConversion2.key took 0 ms to parse. 
61961      WARN  main            d.u.i.k.n.ParsingFacade   Parsing time 453 ms. 
61962      INFO  main            d.u.i.k.p.i.AbstractProblemLoader Creating init config 
62758      WARN  main            d.u.i.k.n.ParsingFacade   file:/home/runner/work/key/key/key.core/build/resources/main/de/uka/ilkd/key/java/JavaRedux/java/lang/String.key took 1 ms to parse. 
62759      WARN  main            d.u.i.k.n.ParsingFacade   Parsing time 454 ms. 
64487      DEBUG main            d.u.i.k.p.i.AbstractProblemLoader Init config took 2.52s 
64504      INFO  main            d.u.i.k.p.i.AbstractProblemLoader Replaying proof implicitNullStringConversion2.key 
64506      DEBUG main            d.u.i.k.p.i.IntermediateProofReplayer Proof replay took 6.9ns 
64507      WARN  main            d.u.i.k.n.ParsingFacade   /home/runner/work/key/key/key.core/../key.ui/examples/standard_key/strings/implicitNullStringConversion2.key took 0 ms to parse. 
64507      WARN  main            d.u.i.k.n.ParsingFacade   Parsing time 454 ms. 
64710      INFO  main            d.u.i.k.p.r.p.TestFile    ... finished proof: closed. 
64900      INFO  main            d.u.i.k.p.i.AbstractProblemLoader Loading environment from /home/runner/work/key/key/key.core/../key.ui/examples/standard_key/strings/implicitNullStringConversion2.key.proof 
64900      DEBUG main            d.u.i.k.p.i.AbstractProblemLoader Environment load took 85.3ns 
64900      WARN  main            d.u.i.k.n.ParsingFacade   /home/runner/work/key/key/key.core/../key.ui/examples/standard_key/strings/implicitNullStringConversion2.key.proof took 0 ms to parse. 
64900      WARN  main            d.u.i.k.n.ParsingFacade   Parsing time 454 ms. 
64901      INFO  main            d.u.i.k.p.i.AbstractProblemLoader Creating init config 
65663      WARN  main            d.u.i.k.n.ParsingFacade   file:/home/runner/work/key/key/key.core/build/resources/main/de/uka/ilkd/key/java/JavaRedux/java/lang/String.key took 1 ms to parse. 
65663      WARN  main            d.u.i.k.n.ParsingFacade   Parsing time 455 ms. 
67311      DEBUG main            d.u.i.k.p.i.AbstractProblemLoader Init config took 2.41s 
67327      INFO  main            d.u.i.k.p.i.AbstractProblemLoader Replaying proof implicitNullStringConversion2.key.proof 
67348      DEBUG main            d.u.i.k.p.i.IntermediateProofReplayer Proof replay took 18.88ms 
67349      WARN  main            d.u.i.k.n.ParsingFacade   /home/runner/work/key/key/key.core/../key.ui/examples/standard_key/strings/implicitNullStringConversion2.key.proof took 0 ms to parse. 
67349      WARN  main            d.u.i.k.n.ParsingFacade   Parsing time 455 ms. 
67350      DEBUG main            d.u.i.k.p.r.p.TestFile    ... success: reloaded. 
67350      INFO  main            d.u.i.k.p.r.p.TestFile    Now processing file /home/runner/work/key/key/key.core/../key.ui/examples/standard_key/strings/implicitObjectStringConversion.key 
67351      INFO  main            d.u.i.k.p.i.AbstractProblemLoader Loading environment from /home/runner/work/key/key/key.core/../key.ui/examples/standard_key/strings/implicitObjectStringConversion.key 
67351      DEBUG main            d.u.i.k.p.i.AbstractProblemLoader Environment load took 162.2ns 
67351      WARN  main            d.u.i.k.n.ParsingFacade   /home/runner/work/key/key/key.core/../key.ui/examples/standard_key/strings/implicitObjectStringConversion.key took 0 ms to parse. 
67351      WARN  main            d.u.i.k.n.ParsingFacade   Parsing time 455 ms. 
67352      INFO  main            d.u.i.k.p.i.AbstractProblemLoader Creating init config 
68333      WARN  main            d.u.i.k.n.ParsingFacade   file:/home/runner/work/key/key/key.core/build/resources/main/de/uka/ilkd/key/java/JavaRedux/java/lang/String.key took 1 ms to parse. 
68334      WARN  main            d.u.i.k.n.ParsingFacade   Parsing time 456 ms. 
70038      DEBUG main            d.u.i.k.p.i.AbstractProblemLoader Init config took 2.69s 
70054      INFO  main            d.u.i.k.p.i.AbstractProblemLoader Replaying proof implicitObjectStringConversion.key 
70055      DEBUG main            d.u.i.k.p.i.IntermediateProofReplayer Proof replay took 6ns 
70056      WARN  main            d.u.i.k.n.ParsingFacade   /home/runner/work/key/key/key.core/../key.ui/examples/standard_key/strings/implicitObjectStringConversion.key took 0 ms to parse. 
70056      WARN  main            d.u.i.k.n.ParsingFacade   Parsing time 456 ms. 
70461      INFO  main            d.u.i.k.p.r.p.TestFile    ... finished proof: closed. 
70660      INFO  main            d.u.i.k.p.i.AbstractProblemLoader Loading environment from /home/runner/work/key/key/key.core/../key.ui/examples/standard_key/strings/implicitObjectStringConversion.key.proof 
70660      DEBUG main            d.u.i.k.p.i.AbstractProblemLoader Environment load took 97.2ns 
70661      WARN  main            d.u.i.k.n.ParsingFacade   /home/runner/work/key/key/key.core/../key.ui/examples/standard_key/strings/implicitObjectStringConversion.key.proof took 1 ms to parse. 
70661      WARN  main            d.u.i.k.n.ParsingFacade   Parsing time 457 ms. 
70661      INFO  main            d.u.i.k.p.i.AbstractProblemLoader Creating init config 
71617      WARN  main            d.u.i.k.n.ParsingFacade   file:/home/runner/work/key/key/key.core/build/resources/main/de/uka/ilkd/key/java/JavaRedux/java/lang/String.key took 1 ms to parse. 
71617      WARN  main            d.u.i.k.n.ParsingFacade   Parsing time 458 ms. 
73265      DEBUG main            d.u.i.k.p.i.AbstractProblemLoader Init config took 2.6s 
73285      INFO  main            d.u.i.k.p.i.AbstractProblemLoader Replaying proof implicitObjectStringConversion.key.proof 
73339      DEBUG main            d.u.i.k.p.i.IntermediateProofReplayer Proof replay took 51.35ms 
73340      WARN  main            d.u.i.k.n.ParsingFacade   /home/runner/work/key/key/key.core/../key.ui/examples/standard_key/strings/implicitObjectStringConversion.key.proof took 0 ms to parse. 
73340      WARN  main            d.u.i.k.n.ParsingFacade   Parsing time 458 ms. 
73341      DEBUG main            d.u.i.k.p.r.p.TestFile    ... success: reloaded. 
73342      INFO  main            d.u.i.k.p.r.p.TestFile    Now processing file /home/runner/work/key/key/key.core/../key.ui/examples/standard_key/strings/literalEquality.key 
73342      INFO  main            d.u.i.k.p.i.AbstractProblemLoader Loading environment from /home/runner/work/key/key/key.core/../key.ui/examples/standard_key/strings/literalEquality.key 
73342      DEBUG main            d.u.i.k.p.i.AbstractProblemLoader Environment load took 148.5ns 
73342      WARN  main            d.u.i.k.n.ParsingFacade   /home/runner/work/key/key/key.core/../key.ui/examples/standard_key/strings/literalEquality.key took 0 ms to parse. 
73342      WARN  main            d.u.i.k.n.ParsingFacade   Parsing time 458 ms. 
73343      INFO  main            d.u.i.k.p.i.AbstractProblemLoader Creating init config 
74139      WARN  main            d.u.i.k.n.ParsingFacade   file:/home/runner/work/key/key/key.core/build/resources/main/de/uka/ilkd/key/java/JavaRedux/java/lang/String.key took 1 ms to parse. 
74139      WARN  main            d.u.i.k.n.ParsingFacade   Parsing time 459 ms. 
75828      DEBUG main            d.u.i.k.p.i.AbstractProblemLoader Init config took 2.49s 
75843      INFO  main            d.u.i.k.p.i.AbstractProblemLoader Replaying proof literalEquality.key 
75844      DEBUG main            d.u.i.k.p.i.IntermediateProofReplayer Proof replay took 6.9ns 
75845      WARN  main            d.u.i.k.n.ParsingFacade   /home/runner/work/key/key/key.core/../key.ui/examples/standard_key/strings/literalEquality.key took 0 ms to parse. 
75845      WARN  main            d.u.i.k.n.ParsingFacade   Parsing time 459 ms. 
75946      INFO  main            d.u.i.k.p.r.p.TestFile    ... finished proof: closed. 
76142      INFO  main            d.u.i.k.p.i.AbstractProblemLoader Loading environment from /home/runner/work/key/key/key.core/../key.ui/examples/standard_key/strings/literalEquality.key.proof 
76142      DEBUG main            d.u.i.k.p.i.AbstractProblemLoader Environment load took 81.1ns 
76142      WARN  main            d.u.i.k.n.ParsingFacade   /home/runner/work/key/key/key.core/../key.ui/examples/standard_key/strings/literalEquality.key.proof took 0 ms to parse. 
76142      WARN  main            d.u.i.k.n.ParsingFacade   Parsing time 459 ms. 
76143      INFO  main            d.u.i.k.p.i.AbstractProblemLoader Creating init config 
76904      WARN  main            d.u.i.k.n.ParsingFacade   file:/home/runner/work/key/key/key.core/build/resources/main/de/uka/ilkd/key/java/JavaRedux/java/lang/String.key took 1 ms to parse. 
76904      WARN  main            d.u.i.k.n.ParsingFacade   Parsing time 460 ms. 
78545      DEBUG main            d.u.i.k.p.i.AbstractProblemLoader Init config took 2.4s 
78568      INFO  main            d.u.i.k.p.i.AbstractProblemLoader Replaying proof literalEquality.key.proof 
78572      DEBUG main            d.u.i.k.p.i.IntermediateProofReplayer Proof replay took 2.17ms 
78572      WARN  main            d.u.i.k.n.ParsingFacade   /home/runner/work/key/key/key.core/../key.ui/examples/standard_key/strings/literalEquality.key.proof took 0 ms to parse. 
78572      WARN  main            d.u.i.k.n.ParsingFacade   Parsing time 460 ms. 
78573      DEBUG main            d.u.i.k.p.r.p.TestFile    ... success: reloaded. 
78573      INFO  main            d.u.i.k.p.r.p.TestFile    Now processing file /home/runner/work/key/key/key.core/../key.ui/examples/standard_key/strings/replace0.key 
78573      INFO  main            d.u.i.k.p.i.AbstractProblemLoader Loading environment from /home/runner/work/key/key/key.core/../key.ui/examples/standard_key/strings/replace0.key 
78573      DEBUG main            d.u.i.k.p.i.AbstractProblemLoader Environment load took 70.5ns 
78574      WARN  main            d.u.i.k.n.ParsingFacade   /home/runner/work/key/key/key.core/../key.ui/examples/standard_key/strings/replace0.key took 0 ms to parse. 
78574      WARN  main            d.u.i.k.n.ParsingFacade   Parsing time 460 ms. 
78574      INFO  main            d.u.i.k.p.i.AbstractProblemLoader Creating init config 
79351      WARN  main            d.u.i.k.n.ParsingFacade   file:/home/runner/work/key/key/key.core/build/resources/main/de/uka/ilkd/key/java/JavaRedux/java/lang/String.key took 1 ms to parse. 
79351      WARN  main            d.u.i.k.n.ParsingFacade   Parsing time 461 ms. 
81051      DEBUG main            d.u.i.k.p.i.AbstractProblemLoader Init config took 2.48s 
81064      INFO  main            d.u.i.k.p.i.AbstractProblemLoader Replaying proof replace0.key 
81065      DEBUG main            d.u.i.k.p.i.IntermediateProofReplayer Proof replay took 6.6ns 
81066      WARN  main            d.u.i.k.n.ParsingFacade   /home/runner/work/key/key/key.core/../key.ui/examples/standard_key/strings/replace0.key took 0 ms to parse. 
81066      WARN  main            d.u.i.k.n.ParsingFacade   Parsing time 461 ms. 
81168      INFO  main            d.u.i.k.p.r.p.TestFile    ... finished proof: closed. 
81365      INFO  main            d.u.i.k.p.i.AbstractProblemLoader Loading environment from /home/runner/work/key/key/key.core/../key.ui/examples/standard_key/strings/replace0.key.proof 
81365      DEBUG main            d.u.i.k.p.i.AbstractProblemLoader Environment load took 76.8ns 
81366      WARN  main            d.u.i.k.n.ParsingFacade   /home/runner/work/key/key/key.core/../key.ui/examples/standard_key/strings/replace0.key.proof took 1 ms to parse. 
81366      WARN  main            d.u.i.k.n.ParsingFacade   Parsing time 462 ms. 
81366      INFO  main            d.u.i.k.p.i.AbstractProblemLoader Creating init config 
82132      WARN  main            d.u.i.k.n.ParsingFacade   file:/home/runner/work/key/key/key.core/build/resources/main/de/uka/ilkd/key/java/JavaRedux/java/lang/String.key took 1 ms to parse. 
82132      WARN  main            d.u.i.k.n.ParsingFacade   Parsing time 463 ms. 
83777      DEBUG main            d.u.i.k.p.i.AbstractProblemLoader Init config took 2.41s 
83793      INFO  main            d.u.i.k.p.i.AbstractProblemLoader Replaying proof replace0.key.proof 
83800      DEBUG main            d.u.i.k.p.i.IntermediateProofReplayer Proof replay took 4.73ms 
83801      WARN  main            d.u.i.k.n.ParsingFacade   /home/runner/work/key/key/key.core/../key.ui/examples/standard_key/strings/replace0.key.proof took 0 ms to parse. 
83801      WARN  main            d.u.i.k.n.ParsingFacade   Parsing time 463 ms. 
83801      DEBUG main            d.u.i.k.p.r.p.TestFile    ... success: reloaded. 
83802      INFO  main            d.u.i.k.p.r.p.TestFile    Now processing file /home/runner/work/key/key/key.core/../key.ui/examples/standard_key/strings/replace1.key 
83802      INFO  main            d.u.i.k.p.i.AbstractProblemLoader Loading environment from /home/runner/work/key/key/key.core/../key.ui/examples/standard_key/strings/replace1.key 
83802      DEBUG main            d.u.i.k.p.i.AbstractProblemLoader Environment load took 151.6ns 
83802      WARN  main            d.u.i.k.n.ParsingFacade   /home/runner/work/key/key/key.core/../key.ui/examples/standard_key/strings/replace1.key took 0 ms to parse. 
83803      WARN  main            d.u.i.k.n.ParsingFacade   Parsing time 463 ms. 
83803      INFO  main            d.u.i.k.p.i.AbstractProblemLoader Creating init config 
84607      WARN  main            d.u.i.k.n.ParsingFacade   file:/home/runner/work/key/key/key.core/build/resources/main/de/uka/ilkd/key/java/JavaRedux/java/lang/String.key took 1 ms to parse. 
84607      WARN  main            d.u.i.k.n.ParsingFacade   Parsing time 464 ms. 
86262      DEBUG main            d.u.i.k.p.i.AbstractProblemLoader Init config took 2.46s 
86275      INFO  main            d.u.i.k.p.i.AbstractProblemLoader Replaying proof replace1.key 
86279      DEBUG main            d.u.i.k.p.i.IntermediateProofReplayer Proof replay took 6.5ns 
86279      WARN  main            d.u.i.k.n.ParsingFacade   /home/runner/work/key/key/key.core/../key.ui/examples/standard_key/strings/replace1.key took 0 ms to parse. 
86279      WARN  main            d.u.i.k.n.ParsingFacade   Parsing time 464 ms. 
86380      INFO  main            d.u.i.k.p.r.p.TestFile    ... finished proof: closed. 
86586      INFO  main            d.u.i.k.p.i.AbstractProblemLoader Loading environment from /home/runner/work/key/key/key.core/../key.ui/examples/standard_key/strings/replace1.key.proof 
86586      DEBUG main            d.u.i.k.p.i.AbstractProblemLoader Environment load took 76.1ns 
86586      WARN  main            d.u.i.k.n.ParsingFacade   /home/runner/work/key/key/key.core/../key.ui/examples/standard_key/strings/replace1.key.proof took 0 ms to parse. 
86586      WARN  main            d.u.i.k.n.ParsingFacade   Parsing time 464 ms. 
86587      INFO  main            d.u.i.k.p.i.AbstractProblemLoader Creating init config 
87340      WARN  main            d.u.i.k.n.ParsingFacade   file:/home/runner/work/key/key/key.core/build/resources/main/de/uka/ilkd/key/java/JavaRedux/java/lang/String.key took 1 ms to parse. 
87341      WARN  main            d.u.i.k.n.ParsingFacade   Parsing time 465 ms. 
88965      DEBUG main            d.u.i.k.p.i.AbstractProblemLoader Init config took 2.38s 
88979      INFO  main            d.u.i.k.p.i.AbstractProblemLoader Replaying proof replace1.key.proof 
88986      DEBUG main            d.u.i.k.p.i.IntermediateProofReplayer Proof replay took 5.25ms 
88986      WARN  main            d.u.i.k.n.ParsingFacade   /home/runner/work/key/key/key.core/../key.ui/examples/standard_key/strings/replace1.key.proof took 0 ms to parse. 
88986      WARN  main            d.u.i.k.n.ParsingFacade   Parsing time 465 ms. 
88987      DEBUG main            d.u.i.k.p.r.p.TestFile    ... success: reloaded. 
88987      INFO  main            d.u.i.k.p.r.p.TestFile    Now processing file /home/runner/work/key/key/key.core/../key.ui/examples/standard_key/strings/simpleAssignment.key 
88987      INFO  main            d.u.i.k.p.i.AbstractProblemLoader Loading environment from /home/runner/work/key/key/key.core/../key.ui/examples/standard_key/strings/simpleAssignment.key 
88988      DEBUG main            d.u.i.k.p.i.AbstractProblemLoader Environment load took 105.9ns 
88988      WARN  main            d.u.i.k.n.ParsingFacade   /home/runner/work/key/key/key.core/../key.ui/examples/standard_key/strings/simpleAssignment.key took 0 ms to parse. 
88988      WARN  main            d.u.i.k.n.ParsingFacade   Parsing time 465 ms. 
88989      INFO  main            d.u.i.k.p.i.AbstractProblemLoader Creating init config 
89776      WARN  main            d.u.i.k.n.ParsingFacade   file:/home/runner/work/key/key/key.core/build/resources/main/de/uka/ilkd/key/java/JavaRedux/java/lang/String.key took 1 ms to parse. 
89776      WARN  main            d.u.i.k.n.ParsingFacade   Parsing time 466 ms. 
91469      DEBUG main            d.u.i.k.p.i.AbstractProblemLoader Init config took 2.48s 
91483      INFO  main            d.u.i.k.p.i.AbstractProblemLoader Replaying proof simpleAssignment.key 
91484      DEBUG main            d.u.i.k.p.i.IntermediateProofReplayer Proof replay took 6.1ns 
91485      WARN  main            d.u.i.k.n.ParsingFacade   /home/runner/work/key/key/key.core/../key.ui/examples/standard_key/strings/simpleAssignment.key took 0 ms to parse. 
91485      WARN  main            d.u.i.k.n.ParsingFacade   Parsing time 466 ms. 
91586      INFO  main            d.u.i.k.p.r.p.TestFile    ... finished proof: closed. 
91789      INFO  main            d.u.i.k.p.i.AbstractProblemLoader Loading environment from /home/runner/work/key/key/key.core/../key.ui/examples/standard_key/strings/simpleAssignment.key.proof 
91789      DEBUG main            d.u.i.k.p.i.AbstractProblemLoader Environment load took 89.4ns 
91789      WARN  main            d.u.i.k.n.ParsingFacade   /home/runner/work/key/key/key.core/../key.ui/examples/standard_key/strings/simpleAssignment.key.proof took 0 ms to parse. 
91789      WARN  main            d.u.i.k.n.ParsingFacade   Parsing time 466 ms. 
91790      INFO  main            d.u.i.k.p.i.AbstractProblemLoader Creating init config 
92542      WARN  main            d.u.i.k.n.ParsingFacade   file:/home/runner/work/key/key/key.core/build/resources/main/de/uka/ilkd/key/java/JavaRedux/java/lang/String.key took 1 ms to parse. 
92542      WARN  main            d.u.i.k.n.ParsingFacade   Parsing time 467 ms. 
94180      DEBUG main            d.u.i.k.p.i.AbstractProblemLoader Init config took 2.39s 
94194      INFO  main            d.u.i.k.p.i.AbstractProblemLoader Replaying proof simpleAssignment.key.proof 
94197      DEBUG main            d.u.i.k.p.i.IntermediateProofReplayer Proof replay took 1.49ms 
94198      WARN  main            d.u.i.k.n.ParsingFacade   /home/runner/work/key/key/key.core/../key.ui/examples/standard_key/strings/simpleAssignment.key.proof took 0 ms to parse. 
94198      WARN  main            d.u.i.k.n.ParsingFacade   Parsing time 467 ms. 
94198      DEBUG main            d.u.i.k.p.r.p.TestFile    ... success: reloaded. 
94199      INFO  main            d.u.i.k.p.r.p.TestFile    Now processing file /home/runner/work/key/key/key.core/../key.ui/examples/standard_key/strings/simpleLengthComp.key 
94199      INFO  main            d.u.i.k.p.i.AbstractProblemLoader Loading environment from /home/runner/work/key/key/key.core/../key.ui/examples/standard_key/strings/simpleLengthComp.key 
94199      DEBUG main            d.u.i.k.p.i.AbstractProblemLoader Environment load took 79.8ns 
94199      WARN  main            d.u.i.k.n.ParsingFacade   /home/runner/work/key/key/key.core/../key.ui/examples/standard_key/strings/simpleLengthComp.key took 0 ms to parse. 
94199      WARN  main            d.u.i.k.n.ParsingFacade   Parsing time 467 ms. 
94200      INFO  main            d.u.i.k.p.i.AbstractProblemLoader Creating init config 
95035      WARN  main            d.u.i.k.n.ParsingFacade   file:/home/runner/work/key/key/key.core/build/resources/main/de/uka/ilkd/key/java/JavaRedux/java/lang/String.key took 1 ms to parse. 
95035      WARN  main            d.u.i.k.n.ParsingFacade   Parsing time 468 ms. 
96683      DEBUG main            d.u.i.k.p.i.AbstractProblemLoader Init config took 2.48s 
96698      INFO  main            d.u.i.k.p.i.AbstractProblemLoader Replaying proof simpleLengthComp.key 
96700      DEBUG main            d.u.i.k.p.i.IntermediateProofReplayer Proof replay took 5.8ns 
96701      WARN  main            d.u.i.k.n.ParsingFacade   /home/runner/work/key/key/key.core/../key.ui/examples/standard_key/strings/simpleLengthComp.key took 0 ms to parse. 
96701      WARN  main            d.u.i.k.n.ParsingFacade   Parsing time 468 ms. 
96906      INFO  main            d.u.i.k.p.r.p.TestFile    ... finished proof: closed. 
97117      INFO  main            d.u.i.k.p.i.AbstractProblemLoader Loading environment from /home/runner/work/key/key/key.core/../key.ui/examples/standard_key/strings/simpleLengthComp.key.proof 
97117      DEBUG main            d.u.i.k.p.i.AbstractProblemLoader Environment load took 83ns 
97117      WARN  main            d.u.i.k.n.ParsingFacade   /home/runner/work/key/key/key.core/../key.ui/examples/standard_key/strings/simpleLengthComp.key.proof took 0 ms to parse. 
97117      WARN  main            d.u.i.k.n.ParsingFacade   Parsing time 468 ms. 
97118      INFO  main            d.u.i.k.p.i.AbstractProblemLoader Creating init config 
97880      WARN  main            d.u.i.k.n.ParsingFacade   file:/home/runner/work/key/key/key.core/build/resources/main/de/uka/ilkd/key/java/JavaRedux/java/lang/String.key took 1 ms to parse. 
97881      WARN  main            d.u.i.k.n.ParsingFacade   Parsing time 469 ms. 
99508      DEBUG main            d.u.i.k.p.i.AbstractProblemLoader Init config took 2.39s 
99524      INFO  main            d.u.i.k.p.i.AbstractProblemLoader Replaying proof simpleLengthComp.key.proof 
99560      DEBUG main            d.u.i.k.p.i.IntermediateProofReplayer Proof replay took 33.78ms 
99561      WARN  main            d.u.i.k.n.ParsingFacade   /home/runner/work/key/key/key.core/../key.ui/examples/standard_key/strings/simpleLengthComp.key.proof took 0 ms to parse. 
99561      WARN  main            d.u.i.k.n.ParsingFacade   Parsing time 469 ms. 
99561      DEBUG main            d.u.i.k.p.r.p.TestFile    ... success: reloaded. 
99562      INFO  main            d.u.i.k.p.r.p.TestFile    Now processing file /home/runner/work/key/key/key.core/../key.ui/examples/standard_key/strings/stringCompileTimeConstant1.key 
99562      INFO  main            d.u.i.k.p.i.AbstractProblemLoader Loading environment from /home/runner/work/key/key/key.core/../key.ui/examples/standard_key/strings/stringCompileTimeConstant1.key 
99563      DEBUG main            d.u.i.k.p.i.AbstractProblemLoader Environment load took 157.2ns 
99563      WARN  main            d.u.i.k.n.ParsingFacade   /home/runner/work/key/key/key.core/../key.ui/examples/standard_key/strings/stringCompileTimeConstant1.key took 0 ms to parse. 
99563      WARN  main            d.u.i.k.n.ParsingFacade   Parsing time 469 ms. 
99564      INFO  main            d.u.i.k.p.i.AbstractProblemLoader Creating init config 
100338     WARN  main            d.u.i.k.n.ParsingFacade   file:/home/runner/work/key/key/key.core/build/resources/main/de/uka/ilkd/key/java/JavaRedux/java/lang/String.key took 2 ms to parse. 
100339     WARN  main            d.u.i.k.n.ParsingFacade   Parsing time 471 ms. 
102043     DEBUG main            d.u.i.k.p.i.AbstractProblemLoader Init config took 2.48s 
102058     INFO  main            d.u.i.k.p.i.AbstractProblemLoader Replaying proof stringCompileTimeConstant1.key 
102060     DEBUG main            d.u.i.k.p.i.IntermediateProofReplayer Proof replay took 6.5ns 
102060     WARN  main            d.u.i.k.n.ParsingFacade   /home/runner/work/key/key/key.core/../key.ui/examples/standard_key/strings/stringCompileTimeConstant1.key took 0 ms to parse. 
102060     WARN  main            d.u.i.k.n.ParsingFacade   Parsing time 471 ms. 
102162     INFO  main            d.u.i.k.p.r.p.TestFile    ... finished proof: closed. 
102380     INFO  main            d.u.i.k.p.i.AbstractProblemLoader Loading environment from /home/runner/work/key/key/key.core/../key.ui/examples/standard_key/strings/stringCompileTimeConstant1.key.proof 
102380     DEBUG main            d.u.i.k.p.i.AbstractProblemLoader Environment load took 91.7ns 
102380     WARN  main            d.u.i.k.n.ParsingFacade   /home/runner/work/key/key/key.core/../key.ui/examples/standard_key/strings/stringCompileTimeConstant1.key.proof took 0 ms to parse. 
102380     WARN  main            d.u.i.k.n.ParsingFacade   Parsing time 471 ms. 
102381     INFO  main            d.u.i.k.p.i.AbstractProblemLoader Creating init config 
103150     WARN  main            d.u.i.k.n.ParsingFacade   file:/home/runner/work/key/key/key.core/build/resources/main/de/uka/ilkd/key/java/JavaRedux/java/lang/String.key took 1 ms to parse. 
103150     WARN  main            d.u.i.k.n.ParsingFacade   Parsing time 472 ms. 
104800     DEBUG main            d.u.i.k.p.i.AbstractProblemLoader Init config took 2.42s 
104815     INFO  main            d.u.i.k.p.i.AbstractProblemLoader Replaying proof stringCompileTimeConstant1.key.proof 
104822     DEBUG main            d.u.i.k.p.i.IntermediateProofReplayer Proof replay took 5.38ms 
104823     WARN  main            d.u.i.k.n.ParsingFacade   /home/runner/work/key/key/key.core/../key.ui/examples/standard_key/strings/stringCompileTimeConstant1.key.proof took 1 ms to parse. 
104823     WARN  main            d.u.i.k.n.ParsingFacade   Parsing time 473 ms. 
104823     DEBUG main            d.u.i.k.p.r.p.TestFile    ... success: reloaded. 
104824     INFO  main            d.u.i.k.p.r.p.TestFile    Now processing file /home/runner/work/key/key/key.core/../key.ui/examples/standard_key/strings/stringCompileTimeConstant2.key 
104824     INFO  main            d.u.i.k.p.i.AbstractProblemLoader Loading environment from /home/runner/work/key/key/key.core/../key.ui/examples/standard_key/strings/stringCompileTimeConstant2.key 
104824     DEBUG main            d.u.i.k.p.i.AbstractProblemLoader Environment load took 176.2ns 
104824     WARN  main            d.u.i.k.n.ParsingFacade   /home/runner/work/key/key/key.core/../key.ui/examples/standard_key/strings/stringCompileTimeConstant2.key took 0 ms to parse. 
104824     WARN  main            d.u.i.k.n.ParsingFacade   Parsing time 473 ms. 
104825     INFO  main            d.u.i.k.p.i.AbstractProblemLoader Creating init config 
105778     WARN  main            d.u.i.k.n.ParsingFacade   file:/home/runner/work/key/key/key.core/build/resources/main/de/uka/ilkd/key/java/JavaRedux/java/lang/String.key took 1 ms to parse. 
105778     WARN  main            d.u.i.k.n.ParsingFacade   Parsing time 474 ms. 
107454     DEBUG main            d.u.i.k.p.i.AbstractProblemLoader Init config took 2.63s 
107469     INFO  main            d.u.i.k.p.i.AbstractProblemLoader Replaying proof stringCompileTimeConstant2.key 
107470     DEBUG main            d.u.i.k.p.i.IntermediateProofReplayer Proof replay took 6.3ns 
107471     WARN  main            d.u.i.k.n.ParsingFacade   /home/runner/work/key/key/key.core/../key.ui/examples/standard_key/strings/stringCompileTimeConstant2.key took 0 ms to parse. 
107471     WARN  main            d.u.i.k.n.ParsingFacade   Parsing time 474 ms. 
110036     INFO  main            d.u.i.k.p.r.p.TestFile    ... finished proof: closed. 
110356     INFO  main            d.u.i.k.p.i.AbstractProblemLoader Loading environment from /home/runner/work/key/key/key.core/../key.ui/examples/standard_key/strings/stringCompileTimeConstant2.key.proof 
110356     DEBUG main            d.u.i.k.p.i.AbstractProblemLoader Environment load took 473.21ns 
110358     WARN  main            d.u.i.k.n.ParsingFacade   /home/runner/work/key/key/key.core/../key.ui/examples/standard_key/strings/stringCompileTimeConstant2.key.proof took 0 ms to parse. 
110358     WARN  main            d.u.i.k.n.ParsingFacade   Parsing time 474 ms. 
110359     INFO  main            d.u.i.k.p.i.AbstractProblemLoader Creating init config 
111251     WARN  main            d.u.i.k.n.ParsingFacade   file:/home/runner/work/key/key/key.core/build/resources/main/de/uka/ilkd/key/java/JavaRedux/java/lang/String.key took 1 ms to parse. 
111251     WARN  main            d.u.i.k.n.ParsingFacade   Parsing time 475 ms. 
112883     DEBUG main            d.u.i.k.p.i.AbstractProblemLoader Init config took 2.52s 
112898     INFO  main            d.u.i.k.p.i.AbstractProblemLoader Replaying proof stringCompileTimeConstant2.key.proof 
113184     DEBUG main            d.u.i.k.p.i.IntermediateProofReplayer Proof replay took 277.02ms 
113185     WARN  main            d.u.i.k.n.ParsingFacade   /home/runner/work/key/key/key.core/../key.ui/examples/standard_key/strings/stringCompileTimeConstant2.key.proof took 0 ms to parse. 
113185     WARN  main            d.u.i.k.n.ParsingFacade   Parsing time 475 ms. 
113186     DEBUG main            d.u.i.k.p.r.p.TestFile    ... success: reloaded. 
113187     INFO  main            d.u.i.k.p.r.p.TestFile    Now processing file /home/runner/work/key/key/key.core/../key.ui/examples/standard_key/strings/stringEquality1.key 
113187     INFO  main            d.u.i.k.p.i.AbstractProblemLoader Loading environment from /home/runner/work/key/key/key.core/../key.ui/examples/standard_key/strings/stringEquality1.key 
113187     DEBUG main            d.u.i.k.p.i.AbstractProblemLoader Environment load took 141.1ns 
113188     WARN  main            d.u.i.k.n.ParsingFacade   /home/runner/work/key/key/key.core/../key.ui/examples/standard_key/strings/stringEquality1.key took 0 ms to parse. 
113188     WARN  main            d.u.i.k.n.ParsingFacade   Parsing time 475 ms. 
113189     INFO  main            d.u.i.k.p.i.AbstractProblemLoader Creating init config 
113980     WARN  main            d.u.i.k.n.ParsingFacade   file:/home/runner/work/key/key/key.core/build/resources/main/de/uka/ilkd/key/java/JavaRedux/java/lang/String.key took 4 ms to parse. 
113983     WARN  main            d.u.i.k.n.ParsingFacade   Parsing time 479 ms. 
115698     DEBUG main            d.u.i.k.p.i.AbstractProblemLoader Init config took 2.51s 
115712     INFO  main            d.u.i.k.p.i.AbstractProblemLoader Replaying proof stringEquality1.key 
115713     DEBUG main            d.u.i.k.p.i.IntermediateProofReplayer Proof replay took 6.4ns 
115714     WARN  main            d.u.i.k.n.ParsingFacade   /home/runner/work/key/key/key.core/../key.ui/examples/standard_key/strings/stringEquality1.key took 0 ms to parse. 
115714     WARN  main            d.u.i.k.n.ParsingFacade   Parsing time 479 ms. 
115817     INFO  main            d.u.i.k.p.r.p.TestFile    ... finished proof: closed. 
116089     INFO  main            d.u.i.k.p.i.AbstractProblemLoader Loading environment from /home/runner/work/key/key/key.core/../key.ui/examples/standard_key/strings/stringEquality1.key.proof 
116089     DEBUG main            d.u.i.k.p.i.AbstractProblemLoader Environment load took 74.4ns 
116089     WARN  main            d.u.i.k.n.ParsingFacade   /home/runner/work/key/key/key.core/../key.ui/examples/standard_key/strings/stringEquality1.key.proof took 0 ms to parse. 
116089     WARN  main            d.u.i.k.n.ParsingFacade   Parsing time 479 ms. 
116090     INFO  main            d.u.i.k.p.i.AbstractProblemLoader Creating init config 
116840     WARN  main            d.u.i.k.n.ParsingFacade   file:/home/runner/work/key/key/key.core/build/resources/main/de/uka/ilkd/key/java/JavaRedux/java/lang/String.key took 1 ms to parse. 
116840     WARN  main            d.u.i.k.n.ParsingFacade   Parsing time 480 ms. 
118458     DEBUG main            d.u.i.k.p.i.AbstractProblemLoader Init config took 2.37s 
118473     INFO  main            d.u.i.k.p.i.AbstractProblemLoader Replaying proof stringEquality1.key.proof 
118485     DEBUG main            d.u.i.k.p.i.IntermediateProofReplayer Proof replay took 10.66ms 
118486     WARN  main            d.u.i.k.n.ParsingFacade   /home/runner/work/key/key/key.core/../key.ui/examples/standard_key/strings/stringEquality1.key.proof took 0 ms to parse. 
118486     WARN  main            d.u.i.k.n.ParsingFacade   Parsing time 480 ms. 
118486     DEBUG main            d.u.i.k.p.r.p.TestFile    ... success: reloaded. 
118487     INFO  main            d.u.i.k.p.r.p.TestFile    Now processing file /home/runner/work/key/key/key.core/../key.ui/examples/standard_key/strings/stringEquality2.key 
118487     INFO  main            d.u.i.k.p.i.AbstractProblemLoader Loading environment from /home/runner/work/key/key/key.core/../key.ui/examples/standard_key/strings/stringEquality2.key 
118487     DEBUG main            d.u.i.k.p.i.AbstractProblemLoader Environment load took 147.3ns 
118488     WARN  main            d.u.i.k.n.ParsingFacade   /home/runner/work/key/key/key.core/../key.ui/examples/standard_key/strings/stringEquality2.key took 0 ms to parse. 
118488     WARN  main            d.u.i.k.n.ParsingFacade   Parsing time 480 ms. 
118490     INFO  main            d.u.i.k.p.i.AbstractProblemLoader Creating init config 
119263     WARN  main            d.u.i.k.n.ParsingFacade   file:/home/runner/work/key/key/key.core/build/resources/main/de/uka/ilkd/key/java/JavaRedux/java/lang/String.key took 1 ms to parse. 
119263     WARN  main            d.u.i.k.n.ParsingFacade   Parsing time 481 ms. 
120916     DEBUG main            d.u.i.k.p.i.AbstractProblemLoader Init config took 2.43s 
120929     INFO  main            d.u.i.k.p.i.AbstractProblemLoader Replaying proof stringEquality2.key 
120930     DEBUG main            d.u.i.k.p.i.IntermediateProofReplayer Proof replay took 8.1ns 
120930     WARN  main            d.u.i.k.n.ParsingFacade   /home/runner/work/key/key/key.core/../key.ui/examples/standard_key/strings/stringEquality2.key took 0 ms to parse. 
120930     WARN  main            d.u.i.k.n.ParsingFacade   Parsing time 481 ms. 
121333     INFO  main            d.u.i.k.p.r.p.TestFile    ... finished proof: closed. 
121589     INFO  main            d.u.i.k.p.i.AbstractProblemLoader Loading environment from /home/runner/work/key/key/key.core/../key.ui/examples/standard_key/strings/stringEquality2.key.proof 
121589     DEBUG main            d.u.i.k.p.i.AbstractProblemLoader Environment load took 300.61ns 
121590     WARN  main            d.u.i.k.n.ParsingFacade   /home/runner/work/key/key/key.core/../key.ui/examples/standard_key/strings/stringEquality2.key.proof took 0 ms to parse. 
121590     WARN  main            d.u.i.k.n.ParsingFacade   Parsing time 481 ms. 
121591     INFO  main            d.u.i.k.p.i.AbstractProblemLoader Creating init config 
122345     WARN  main            d.u.i.k.n.ParsingFacade   file:/home/runner/work/key/key/key.core/build/resources/main/de/uka/ilkd/key/java/JavaRedux/java/lang/String.key took 1 ms to parse. 
122345     WARN  main            d.u.i.k.n.ParsingFacade   Parsing time 482 ms. 
123957     DEBUG main            d.u.i.k.p.i.AbstractProblemLoader Init config took 2.37s 
123970     INFO  main            d.u.i.k.p.i.AbstractProblemLoader Replaying proof stringEquality2.key.proof 
124016     DEBUG main            d.u.i.k.p.i.IntermediateProofReplayer Proof replay took 41.86ms 
124017     WARN  main            d.u.i.k.n.ParsingFacade   /home/runner/work/key/key/key.core/../key.ui/examples/standard_key/strings/stringEquality2.key.proof took 1 ms to parse. 
124017     WARN  main            d.u.i.k.n.ParsingFacade   Parsing time 483 ms. 
124017     DEBUG main            d.u.i.k.p.r.p.TestFile    ... success: reloaded. 
124017     INFO  main            d.u.i.k.p.r.p.TestFile    Now processing file /home/runner/work/key/key/key.core/../key.ui/examples/standard_key/strings/substring0.key 
124018     INFO  main            d.u.i.k.p.i.AbstractProblemLoader Loading environment from /home/runner/work/key/key/key.core/../key.ui/examples/standard_key/strings/substring0.key 
124018     DEBUG main            d.u.i.k.p.i.AbstractProblemLoader Environment load took 57.9ns 
124018     WARN  main            d.u.i.k.n.ParsingFacade   /home/runner/work/key/key/key.core/../key.ui/examples/standard_key/strings/substring0.key took 0 ms to parse. 
124018     WARN  main            d.u.i.k.n.ParsingFacade   Parsing time 483 ms. 
124019     INFO  main            d.u.i.k.p.i.AbstractProblemLoader Creating init config 
124795     WARN  main            d.u.i.k.n.ParsingFacade   file:/home/runner/work/key/key/key.core/build/resources/main/de/uka/ilkd/key/java/JavaRedux/java/lang/String.key took 1 ms to parse. 
124795     WARN  main            d.u.i.k.n.ParsingFacade   Parsing time 484 ms. 
126450     DEBUG main            d.u.i.k.p.i.AbstractProblemLoader Init config took 2.43s 
126464     INFO  main            d.u.i.k.p.i.AbstractProblemLoader Replaying proof substring0.key 
126465     DEBUG main            d.u.i.k.p.i.IntermediateProofReplayer Proof replay took 16.5ns 
126465     WARN  main            d.u.i.k.n.ParsingFacade   /home/runner/work/key/key/key.core/../key.ui/examples/standard_key/strings/substring0.key took 0 ms to parse. 
126465     WARN  main            d.u.i.k.n.ParsingFacade   Parsing time 484 ms. 
126567     INFO  main            d.u.i.k.p.r.p.TestFile    ... finished proof: closed. 
126813     INFO  main            d.u.i.k.p.i.AbstractProblemLoader Loading environment from /home/runner/work/key/key/key.core/../key.ui/examples/standard_key/strings/substring0.key.proof 
126813     DEBUG main            d.u.i.k.p.i.AbstractProblemLoader Environment load took 76.5ns 
126813     WARN  main            d.u.i.k.n.ParsingFacade   /home/runner/work/key/key/key.core/../key.ui/examples/standard_key/strings/substring0.key.proof took 0 ms to parse. 
126813     WARN  main            d.u.i.k.n.ParsingFacade   Parsing time 484 ms. 
126814     INFO  main            d.u.i.k.p.i.AbstractProblemLoader Creating init config 
127567     WARN  main            d.u.i.k.n.ParsingFacade   file:/home/runner/work/key/key/key.core/build/resources/main/de/uka/ilkd/key/java/JavaRedux/java/lang/String.key took 1 ms to parse. 
127568     WARN  main            d.u.i.k.n.ParsingFacade   Parsing time 485 ms. 
129178     DEBUG main            d.u.i.k.p.i.AbstractProblemLoader Init config took 2.36s 
129192     INFO  main            d.u.i.k.p.i.AbstractProblemLoader Replaying proof substring0.key.proof 
129194     DEBUG main            d.u.i.k.p.i.IntermediateProofReplayer Proof replay took 461.31ns 
129194     WARN  main            d.u.i.k.n.ParsingFacade   /home/runner/work/key/key/key.core/../key.ui/examples/standard_key/strings/substring0.key.proof took 0 ms to parse. 
129194     WARN  main            d.u.i.k.n.ParsingFacade   Parsing time 485 ms. 
129195     DEBUG main            d.u.i.k.p.r.p.TestFile    ... success: reloaded. 
129195     INFO  main            d.u.i.k.p.r.p.TestFile    Now processing file /home/runner/work/key/key/key.core/../key.ui/examples/standard_key/strings/substring1.key 
129195     INFO  main            d.u.i.k.p.i.AbstractProblemLoader Loading environment from /home/runner/work/key/key/key.core/../key.ui/examples/standard_key/strings/substring1.key 
129195     DEBUG main            d.u.i.k.p.i.AbstractProblemLoader Environment load took 46.1ns 
129195     WARN  main            d.u.i.k.n.ParsingFacade   /home/runner/work/key/key/key.core/../key.ui/examples/standard_key/strings/substring1.key took 0 ms to parse. 
129195     WARN  main            d.u.i.k.n.ParsingFacade   Parsing time 485 ms. 
129196     INFO  main            d.u.i.k.p.i.AbstractProblemLoader Creating init config 
129979     WARN  main            d.u.i.k.n.ParsingFacade   file:/home/runner/work/key/key/key.core/build/resources/main/de/uka/ilkd/key/java/JavaRedux/java/lang/String.key took 1 ms to parse. 
129979     WARN  main            d.u.i.k.n.ParsingFacade   Parsing time 486 ms. 
131661     DEBUG main            d.u.i.k.p.i.AbstractProblemLoader Init config took 2.46s 
131674     INFO  main            d.u.i.k.p.i.AbstractProblemLoader Replaying proof substring1.key 
131675     DEBUG main            d.u.i.k.p.i.IntermediateProofReplayer Proof replay took 7.3ns 
131675     WARN  main            d.u.i.k.n.ParsingFacade   /home/runner/work/key/key/key.core/../key.ui/examples/standard_key/strings/substring1.key took 0 ms to parse. 
131675     WARN  main            d.u.i.k.n.ParsingFacade   Parsing time 486 ms. 
131776     INFO  main            d.u.i.k.p.r.p.TestFile    ... finished proof: closed. 
132018     INFO  main            d.u.i.k.p.i.AbstractProblemLoader Loading environment from /home/runner/work/key/key/key.core/../key.ui/examples/standard_key/strings/substring1.key.proof 
132018     DEBUG main            d.u.i.k.p.i.AbstractProblemLoader Environment load took 79.9ns 
132019     WARN  main            d.u.i.k.n.ParsingFacade   /home/runner/work/key/key/key.core/../key.ui/examples/standard_key/strings/substring1.key.proof took 0 ms to parse. 
132019     WARN  main            d.u.i.k.n.ParsingFacade   Parsing time 486 ms. 
132019     INFO  main            d.u.i.k.p.i.AbstractProblemLoader Creating init config 
132771     WARN  main            d.u.i.k.n.ParsingFacade   file:/home/runner/work/key/key/key.core/build/resources/main/de/uka/ilkd/key/java/JavaRedux/java/lang/String.key took 1 ms to parse. 
132771     WARN  main            d.u.i.k.n.ParsingFacade   Parsing time 487 ms. 
134377     DEBUG main            d.u.i.k.p.i.AbstractProblemLoader Init config took 2.36s 
134390     INFO  main            d.u.i.k.p.i.AbstractProblemLoader Replaying proof substring1.key.proof 
134392     DEBUG main            d.u.i.k.p.i.IntermediateProofReplayer Proof replay took 446.11ns 
134392     WARN  main            d.u.i.k.n.ParsingFacade   /home/runner/work/key/key/key.core/../key.ui/examples/standard_key/strings/substring1.key.proof took 0 ms to parse. 
134392     WARN  main            d.u.i.k.n.ParsingFacade   Parsing time 487 ms. 
134392     DEBUG main            d.u.i.k.p.r.p.TestFile    ... success: reloaded. 
134393     INFO  main            d.u.i.k.p.r.p.TestFile    Now processing file /home/runner/work/key/key/key.core/../key.ui/examples/standard_key/strings/substring2.key 
134393     INFO  main            d.u.i.k.p.i.AbstractProblemLoader Loading environment from /home/runner/work/key/key/key.core/../key.ui/examples/standard_key/strings/substring2.key 
134393     DEBUG main            d.u.i.k.p.i.AbstractProblemLoader Environment load took 70.5ns 
134393     WARN  main            d.u.i.k.n.ParsingFacade   /home/runner/work/key/key/key.core/../key.ui/examples/standard_key/strings/substring2.key took 0 ms to parse. 
134393     WARN  main            d.u.i.k.n.ParsingFacade   Parsing time 487 ms. 
134394     INFO  main            d.u.i.k.p.i.AbstractProblemLoader Creating init config 
135161     WARN  main            d.u.i.k.n.ParsingFacade   file:/home/runner/work/key/key/key.core/build/resources/main/de/uka/ilkd/key/java/JavaRedux/java/lang/String.key took 1 ms to parse. 
135161     WARN  main            d.u.i.k.n.ParsingFacade   Parsing time 488 ms. 
136809     DEBUG main            d.u.i.k.p.i.AbstractProblemLoader Init config took 2.42s 
136822     INFO  main            d.u.i.k.p.i.AbstractProblemLoader Replaying proof substring2.key 
136823     DEBUG main            d.u.i.k.p.i.IntermediateProofReplayer Proof replay took 7ns 
136824     WARN  main            d.u.i.k.n.ParsingFacade   /home/runner/work/key/key/key.core/../key.ui/examples/standard_key/strings/substring2.key took 0 ms to parse. 
136824     WARN  main            d.u.i.k.n.ParsingFacade   Parsing time 488 ms. 
136925     INFO  main            d.u.i.k.p.r.p.TestFile    ... finished proof: closed. 
137169     INFO  main            d.u.i.k.p.i.AbstractProblemLoader Loading environment from /home/runner/work/key/key/key.core/../key.ui/examples/standard_key/strings/substring2.key.proof 
137169     DEBUG main            d.u.i.k.p.i.AbstractProblemLoader Environment load took 73.5ns 
137169     WARN  main            d.u.i.k.n.ParsingFacade   /home/runner/work/key/key/key.core/../key.ui/examples/standard_key/strings/substring2.key.proof took 0 ms to parse. 
137169     WARN  main            d.u.i.k.n.ParsingFacade   Parsing time 488 ms. 
137170     INFO  main            d.u.i.k.p.i.AbstractProblemLoader Creating init config 
137928     WARN  main            d.u.i.k.n.ParsingFacade   file:/home/runner/work/key/key/key.core/build/resources/main/de/uka/ilkd/key/java/JavaRedux/java/lang/String.key took 1 ms to parse. 
137928     WARN  main            d.u.i.k.n.ParsingFacade   Parsing time 489 ms. 
139535     DEBUG main            d.u.i.k.p.i.AbstractProblemLoader Init config took 2.37s 
139548     INFO  main            d.u.i.k.p.i.AbstractProblemLoader Replaying proof substring2.key.proof 
139551     DEBUG main            d.u.i.k.p.i.IntermediateProofReplayer Proof replay took 1.01ms 
139551     WARN  main            d.u.i.k.n.ParsingFacade   /home/runner/work/key/key/key.core/../key.ui/examples/standard_key/strings/substring2.key.proof took 0 ms to parse. 
139551     WARN  main            d.u.i.k.n.ParsingFacade   Parsing time 489 ms. 
139552     DEBUG main            d.u.i.k.p.r.p.TestFile    ... success: reloaded. 
139552     INFO  main            d.u.i.k.p.r.p.TestFile    Now processing file /home/runner/work/key/key/key.core/../key.ui/examples/standard_key/strings/substring3.key 
139552     INFO  main            d.u.i.k.p.i.AbstractProblemLoader Loading environment from /home/runner/work/key/key/key.core/../key.ui/examples/standard_key/strings/substring3.key 
139552     DEBUG main            d.u.i.k.p.i.AbstractProblemLoader Environment load took 54.5ns 
139553     WARN  main            d.u.i.k.n.ParsingFacade   /home/runner/work/key/key/key.core/../key.ui/examples/standard_key/strings/substring3.key took 1 ms to parse. 
139553     WARN  main            d.u.i.k.n.ParsingFacade   Parsing time 490 ms. 
139553     INFO  main            d.u.i.k.p.i.AbstractProblemLoader Creating init config 
140341     WARN  main            d.u.i.k.n.ParsingFacade   file:/home/runner/work/key/key/key.core/build/resources/main/de/uka/ilkd/key/java/JavaRedux/java/lang/String.key took 1 ms to parse. 
140341     WARN  main            d.u.i.k.n.ParsingFacade   Parsing time 491 ms. 
142041     DEBUG main            d.u.i.k.p.i.AbstractProblemLoader Init config took 2.49s 
142055     INFO  main            d.u.i.k.p.i.AbstractProblemLoader Replaying proof substring3.key 
142056     DEBUG main            d.u.i.k.p.i.IntermediateProofReplayer Proof replay took 7.6ns 
142056     WARN  main            d.u.i.k.n.ParsingFacade   /home/runner/work/key/key/key.core/../key.ui/examples/standard_key/strings/substring3.key took 0 ms to parse. 
142056     WARN  main            d.u.i.k.n.ParsingFacade   Parsing time 491 ms. 
142157     INFO  main            d.u.i.k.p.r.p.TestFile    ... finished proof: closed. 
142413     INFO  main            d.u.i.k.p.i.AbstractProblemLoader Loading environment from /home/runner/work/key/key/key.core/../key.ui/examples/standard_key/strings/substring3.key.proof 
142413     DEBUG main            d.u.i.k.p.i.AbstractProblemLoader Environment load took 75.3ns 
142413     WARN  main            d.u.i.k.n.ParsingFacade   /home/runner/work/key/key/key.core/../key.ui/examples/standard_key/strings/substring3.key.proof took 0 ms to parse. 
142413     WARN  main            d.u.i.k.n.ParsingFacade   Parsing time 491 ms. 
142414     INFO  main            d.u.i.k.p.i.AbstractProblemLoader Creating init config 
143163     WARN  main            d.u.i.k.n.ParsingFacade   file:/home/runner/work/key/key/key.core/build/resources/main/de/uka/ilkd/key/java/JavaRedux/java/lang/String.key took 1 ms to parse. 
143163     WARN  main            d.u.i.k.n.ParsingFacade   Parsing time 492 ms. 
144773     DEBUG main            d.u.i.k.p.i.AbstractProblemLoader Init config took 2.36s 
144786     INFO  main            d.u.i.k.p.i.AbstractProblemLoader Replaying proof substring3.key.proof 
144790     DEBUG main            d.u.i.k.p.i.IntermediateProofReplayer Proof replay took 2.16ms 
144790     WARN  main            d.u.i.k.n.ParsingFacade   /home/runner/work/key/key/key.core/../key.ui/examples/standard_key/strings/substring3.key.proof took 0 ms to parse. 
144791     WARN  main            d.u.i.k.n.ParsingFacade   Parsing time 492 ms. 
144791     DEBUG main            d.u.i.k.p.r.p.TestFile    ... success: reloaded. 
144791     INFO  main            d.u.i.k.p.r.p.TestFile    Now processing file /home/runner/work/key/key/key.core/../key.ui/examples/standard_key/strings/substring4.key 
144791     INFO  main            d.u.i.k.p.i.AbstractProblemLoader Loading environment from /home/runner/work/key/key/key.core/../key.ui/examples/standard_key/strings/substring4.key 
144792     DEBUG main            d.u.i.k.p.i.AbstractProblemLoader Environment load took 53.9ns 
144792     WARN  main            d.u.i.k.n.ParsingFacade   /home/runner/work/key/key/key.core/../key.ui/examples/standard_key/strings/substring4.key took 0 ms to parse. 
144792     WARN  main            d.u.i.k.n.ParsingFacade   Parsing time 492 ms. 
144792     INFO  main            d.u.i.k.p.i.AbstractProblemLoader Creating init config 
145557     WARN  main            d.u.i.k.n.ParsingFacade   file:/home/runner/work/key/key/key.core/build/resources/main/de/uka/ilkd/key/java/JavaRedux/java/lang/String.key took 1 ms to parse. 
145557     WARN  main            d.u.i.k.n.ParsingFacade   Parsing time 493 ms. 
147221     DEBUG main            d.u.i.k.p.i.AbstractProblemLoader Init config took 2.43s 
147234     INFO  main            d.u.i.k.p.i.AbstractProblemLoader Replaying proof substring4.key 
147235     DEBUG main            d.u.i.k.p.i.IntermediateProofReplayer Proof replay took 7ns 
147236     WARN  main            d.u.i.k.n.ParsingFacade   /home/runner/work/key/key/key.core/../key.ui/examples/standard_key/strings/substring4.key took 0 ms to parse. 
147236     WARN  main            d.u.i.k.n.ParsingFacade   Parsing time 493 ms. 
147337     INFO  main            d.u.i.k.p.r.p.TestFile    ... finished proof: closed. 
147598     INFO  main            d.u.i.k.p.i.AbstractProblemLoader Loading environment from /home/runner/work/key/key/key.core/../key.ui/examples/standard_key/strings/substring4.key.proof 
147598     DEBUG main            d.u.i.k.p.i.AbstractProblemLoader Environment load took 74.4ns 
147598     WARN  main            d.u.i.k.n.ParsingFacade   /home/runner/work/key/key/key.core/../key.ui/examples/standard_key/strings/substring4.key.proof took 0 ms to parse. 
147598     WARN  main            d.u.i.k.n.ParsingFacade   Parsing time 493 ms. 
147599     INFO  main            d.u.i.k.p.i.AbstractProblemLoader Creating init config 
148346     WARN  main            d.u.i.k.n.ParsingFacade   file:/home/runner/work/key/key/key.core/build/resources/main/de/uka/ilkd/key/java/JavaRedux/java/lang/String.key took 0 ms to parse. 
148347     WARN  main            d.u.i.k.n.ParsingFacade   Parsing time 493 ms. 
149961     DEBUG main            d.u.i.k.p.i.AbstractProblemLoader Init config took 2.36s 
149975     INFO  main            d.u.i.k.p.i.AbstractProblemLoader Replaying proof substring4.key.proof 
149980     DEBUG main            d.u.i.k.p.i.IntermediateProofReplayer Proof replay took 3.21ms 
149980     WARN  main            d.u.i.k.n.ParsingFacade   /home/runner/work/key/key/key.core/../key.ui/examples/standard_key/strings/substring4.key.proof took 0 ms to parse. 
149980     WARN  main            d.u.i.k.n.ParsingFacade   Parsing time 493 ms. 
149981     DEBUG main            d.u.i.k.p.r.p.TestFile    ... success: reloaded. 
149981     INFO  main            d.u.i.k.p.r.p.TestFile    Now processing file /home/runner/work/key/key/key.core/../key.ui/examples/standard_key/strings/substring5.key 
149981     INFO  main            d.u.i.k.p.i.AbstractProblemLoader Loading environment from /home/runner/work/key/key/key.core/../key.ui/examples/standard_key/strings/substring5.key 
149981     DEBUG main            d.u.i.k.p.i.AbstractProblemLoader Environment load took 58.8ns 
149982     WARN  main            d.u.i.k.n.ParsingFacade   /home/runner/work/key/key/key.core/../key.ui/examples/standard_key/strings/substring5.key took 1 ms to parse. 
149982     WARN  main            d.u.i.k.n.ParsingFacade   Parsing time 494 ms. 
149982     INFO  main            d.u.i.k.p.i.AbstractProblemLoader Creating init config 
150750     WARN  main            d.u.i.k.n.ParsingFacade   file:/home/runner/work/key/key/key.core/build/resources/main/de/uka/ilkd/key/java/JavaRedux/java/lang/String.key took 1 ms to parse. 
150750     WARN  main            d.u.i.k.n.ParsingFacade   Parsing time 495 ms. 
152384     DEBUG main            d.u.i.k.p.i.AbstractProblemLoader Init config took 2.4s 
152398     INFO  main            d.u.i.k.p.i.AbstractProblemLoader Replaying proof substring5.key 
152399     DEBUG main            d.u.i.k.p.i.IntermediateProofReplayer Proof replay took 6.1ns 
152399     WARN  main            d.u.i.k.n.ParsingFacade   /home/runner/work/key/key/key.core/../key.ui/examples/standard_key/strings/substring5.key took 0 ms to parse. 
152399     WARN  main            d.u.i.k.n.ParsingFacade   Parsing time 495 ms. 
152702     INFO  main            d.u.i.k.p.r.p.TestFile    ... finished proof: closed. 
152976     INFO  main            d.u.i.k.p.i.AbstractProblemLoader Loading environment from /home/runner/work/key/key/key.core/../key.ui/examples/standard_key/strings/substring5.key.proof 
152976     DEBUG main            d.u.i.k.p.i.AbstractProblemLoader Environment load took 76.5ns 
152976     WARN  main            d.u.i.k.n.ParsingFacade   /home/runner/work/key/key/key.core/../key.ui/examples/standard_key/strings/substring5.key.proof took 0 ms to parse. 
152977     WARN  main            d.u.i.k.n.ParsingFacade   Parsing time 495 ms. 
152977     INFO  main            d.u.i.k.p.i.AbstractProblemLoader Creating init config 
153724     WARN  main            d.u.i.k.n.ParsingFacade   file:/home/runner/work/key/key/key.core/build/resources/main/de/uka/ilkd/key/java/JavaRedux/java/lang/String.key took 1 ms to parse. 
153725     WARN  main            d.u.i.k.n.ParsingFacade   Parsing time 496 ms. 
155340     DEBUG main            d.u.i.k.p.i.AbstractProblemLoader Init config took 2.36s 
155354     INFO  main            d.u.i.k.p.i.AbstractProblemLoader Replaying proof substring5.key.proof 
155384     DEBUG main            d.u.i.k.p.i.IntermediateProofReplayer Proof replay took 25.84ms 
155384     WARN  main            d.u.i.k.n.ParsingFacade   /home/runner/work/key/key/key.core/../key.ui/examples/standard_key/strings/substring5.key.proof took 0 ms to parse. 
155384     WARN  main            d.u.i.k.n.ParsingFacade   Parsing time 496 ms. 
155385     DEBUG main            d.u.i.k.p.r.p.TestFile    ... success: reloaded. 
3992946    INFO  Test worker     d.u.i.k.p.r.RunAllProofsTestUnit Returning from test strings 
3992946    INFO  Test worker     d.u.i.k.p.r.RunAllProofsTestUnit Running test simple_info_flow 
365        INFO  Timeout watchdog d.u.i.k.p.r.p.ForkedTestFileRunner Timeout watcher launched (2000 secs.) 
384        WARN  main            d.u.i.k.s.ProofSettings   The settings in /home/runner/.key/proof-settings.props are *not* read. 
409        INFO  main            d.u.i.k.p.r.p.TestFile    Now processing file /home/runner/work/key/key/key.core/../key.ui/examples/heap/information_flow/UpdateAbstraction_ex7_1_insecure.key 
520        INFO  main            d.u.i.k.p.i.AbstractProblemLoader Loading environment from /home/runner/work/key/key/key.core/../key.ui/examples/heap/information_flow/UpdateAbstraction_ex7_1_insecure.key 
543        DEBUG main            d.u.i.k.p.i.AbstractProblemLoader Environment load took 1.99ms 
649        WARN  main            d.u.i.k.n.ParsingFacade   /home/runner/work/key/key/key.core/../key.ui/examples/heap/information_flow/UpdateAbstraction_ex7_1_insecure.key took 10 ms to parse. 
652        WARN  main            d.u.i.k.n.ParsingFacade   Parsing time 10 ms. 
788        INFO  main            d.u.i.k.p.i.AbstractProblemLoader Creating init config 
808        WARN  main            d.u.i.k.n.ParsingFacade   file:/home/runner/work/key/key/key.core/build/resources/main/de/uka/ilkd/key/proof/rules/standardRules.key took 15 ms to parse. 
808        WARN  main            d.u.i.k.n.ParsingFacade   Parsing time 25 ms. 
834        WARN  main            d.u.i.k.n.ParsingFacade   file:/home/runner/work/key/key/key.core/build/resources/main/de/uka/ilkd/key/proof/rules/ldt.key took 4 ms to parse. 
834        WARN  main            d.u.i.k.n.ParsingFacade   Parsing time 29 ms. 
842        WARN  main            d.u.i.k.n.ParsingFacade   file:/home/runner/work/key/key/key.core/build/resources/main/de/uka/ilkd/key/proof/rules/boolean.key took 2 ms to parse. 
844        WARN  main            d.u.i.k.n.ParsingFacade   Parsing time 31 ms. 
872        WARN  main            d.u.i.k.n.ParsingFacade   file:/home/runner/work/key/key/key.core/build/resources/main/de/uka/ilkd/key/proof/rules/ruleSetsDeclarations.key took 17 ms to parse. 
874        WARN  main            d.u.i.k.n.ParsingFacade   Parsing time 48 ms. 
907        WARN  main            d.u.i.k.n.ParsingFacade   file:/home/runner/work/key/key/key.core/build/resources/main/de/uka/ilkd/key/proof/rules/integerHeader.key took 7 ms to parse. 
907        WARN  main            d.u.i.k.n.ParsingFacade   Parsing time 55 ms. 
915        WARN  main            d.u.i.k.n.ParsingFacade   file:/home/runner/work/key/key/key.core/build/resources/main/de/uka/ilkd/key/proof/rules/floatHeader.key took 6 ms to parse. 
915        WARN  main            d.u.i.k.n.ParsingFacade   Parsing time 61 ms. 
918        WARN  main            d.u.i.k.n.ParsingFacade   file:/home/runner/work/key/key/key.core/build/resources/main/de/uka/ilkd/key/proof/rules/heap.key took 1 ms to parse. 
920        WARN  main            d.u.i.k.n.ParsingFacade   Parsing time 62 ms. 
924        WARN  main            d.u.i.k.n.ParsingFacade   file:/home/runner/work/key/key/key.core/build/resources/main/de/uka/ilkd/key/proof/rules/locSets.key took 1 ms to parse. 
924        WARN  main            d.u.i.k.n.ParsingFacade   Parsing time 63 ms. 
928        WARN  main            d.u.i.k.n.ParsingFacade   file:/home/runner/work/key/key/key.core/build/resources/main/de/uka/ilkd/key/proof/rules/permission.key took 4 ms to parse. 
928        WARN  main            d.u.i.k.n.ParsingFacade   Parsing time 67 ms. 
929        WARN  main            d.u.i.k.n.ParsingFacade   file:/home/runner/work/key/key/key.core/build/resources/main/de/uka/ilkd/key/proof/rules/reach.key took 0 ms to parse. 
929        WARN  main            d.u.i.k.n.ParsingFacade   Parsing time 67 ms. 
930        WARN  main            d.u.i.k.n.ParsingFacade   file:/home/runner/work/key/key/key.core/build/resources/main/de/uka/ilkd/key/proof/rules/seq.key took 0 ms to parse. 
930        WARN  main            d.u.i.k.n.ParsingFacade   Parsing time 67 ms. 
977        WARN  main            d.u.i.k.n.ParsingFacade   file:/home/runner/work/key/key/key.core/build/resources/main/de/uka/ilkd/key/proof/rules/map.key took 42 ms to parse. 
977        WARN  main            d.u.i.k.n.ParsingFacade   Parsing time 109 ms. 
978        WARN  main            d.u.i.k.n.ParsingFacade   file:/home/runner/work/key/key/key.core/build/resources/main/de/uka/ilkd/key/proof/rules/freeADT.key took 0 ms to parse. 
978        WARN  main            d.u.i.k.n.ParsingFacade   Parsing time 109 ms. 
979        WARN  main            d.u.i.k.n.ParsingFacade   file:/home/runner/work/key/key/key.core/build/resources/main/de/uka/ilkd/key/proof/rules/wellfound.key took 0 ms to parse. 
982        WARN  main            d.u.i.k.n.ParsingFacade   Parsing time 109 ms. 
983        WARN  main            d.u.i.k.n.ParsingFacade   file:/home/runner/work/key/key/key.core/build/resources/main/de/uka/ilkd/key/proof/rules/charListHeader.key took 0 ms to parse. 
983        WARN  main            d.u.i.k.n.ParsingFacade   Parsing time 109 ms. 
1120       WARN  main            d.u.i.k.n.ParsingFacade   file:/home/runner/work/key/key/key.core/build/resources/main/de/uka/ilkd/key/proof/rules/propRule.key took 5 ms to parse. 
1120       WARN  main            d.u.i.k.n.ParsingFacade   Parsing time 114 ms. 
1144       WARN  main            d.u.i.k.n.ParsingFacade   file:/home/runner/work/key/key/key.core/build/resources/main/de/uka/ilkd/key/proof/rules/firstOrderRules.key took 3 ms to parse. 
1144       WARN  main            d.u.i.k.n.ParsingFacade   Parsing time 117 ms. 
1162       WARN  main            d.u.i.k.n.ParsingFacade   file:/home/runner/work/key/key/key.core/build/resources/main/de/uka/ilkd/key/proof/rules/ifThenElseRules.key took 5 ms to parse. 
1162       WARN  main            d.u.i.k.n.ParsingFacade   Parsing time 122 ms. 
1206       WARN  main            d.u.i.k.n.ParsingFacade   file:/home/runner/work/key/key/key.core/build/resources/main/de/uka/ilkd/key/proof/rules/formulaNormalisationRules.key took 26 ms to parse. 
1206       WARN  main            d.u.i.k.n.ParsingFacade   Parsing time 148 ms. 
1312       WARN  main            d.u.i.k.n.ParsingFacade   file:/home/runner/work/key/key/key.core/build/resources/main/de/uka/ilkd/key/proof/rules/updateRules.key took 4 ms to parse. 
1312       WARN  main            d.u.i.k.n.ParsingFacade   Parsing time 152 ms. 
1336       WARN  main            d.u.i.k.n.ParsingFacade   file:/home/runner/work/key/key/key.core/build/resources/main/de/uka/ilkd/key/proof/rules/integerRulesCommon.key took 1 ms to parse. 
1337       WARN  main            d.u.i.k.n.ParsingFacade   Parsing time 153 ms. 
1433       WARN  main            d.u.i.k.n.ParsingFacade   file:/home/runner/work/key/key/key.core/build/resources/main/de/uka/ilkd/key/proof/rules/intRules.key took 3 ms to parse. 
1433       WARN  main            d.u.i.k.n.ParsingFacade   Parsing time 156 ms. 
1446       WARN  main            d.u.i.k.n.ParsingFacade   file:/home/runner/work/key/key/key.core/build/resources/main/de/uka/ilkd/key/proof/rules/intRulesUncheckedSemantics.key took 3 ms to parse. 
1446       WARN  main            d.u.i.k.n.ParsingFacade   Parsing time 159 ms. 
1454       WARN  main            d.u.i.k.n.ParsingFacade   file:/home/runner/work/key/key/key.core/build/resources/main/de/uka/ilkd/key/proof/rules/intRulesCheckedSemantics.key took 1 ms to parse. 
1454       WARN  main            d.u.i.k.n.ParsingFacade   Parsing time 160 ms. 
1461       WARN  main            d.u.i.k.n.ParsingFacade   file:/home/runner/work/key/key/key.core/build/resources/main/de/uka/ilkd/key/proof/rules/intRulesJavaSemantics.key took 2 ms to parse. 
1462       WARN  main            d.u.i.k.n.ParsingFacade   Parsing time 162 ms. 
1517       WARN  main            d.u.i.k.n.ParsingFacade   file:/home/runner/work/key/key/key.core/build/resources/main/de/uka/ilkd/key/proof/rules/integerSimplificationRules.key took 45 ms to parse. 
1517       WARN  main            d.u.i.k.n.ParsingFacade   Parsing time 207 ms. 
1575       DEBUG main            d.u.i.k.j.TypeConverter   No LDT found for Meta 
1576       DEBUG main            d.u.i.k.j.TypeConverter   No LDT found for Meta 
1577       DEBUG main            d.u.i.k.j.TypeConverter   No LDT found for Meta 
1578       DEBUG main            d.u.i.k.j.TypeConverter   No LDT found for Meta 
1608       WARN  main            d.u.i.k.n.ParsingFacade   file:/home/runner/work/key/key/key.core/build/resources/main/de/uka/ilkd/key/proof/rules/intDiv.key took 4 ms to parse. 
1608       WARN  main            d.u.i.k.n.ParsingFacade   Parsing time 211 ms. 
1631       WARN  main            d.u.i.k.n.ParsingFacade   file:/home/runner/work/key/key/key.core/build/resources/main/de/uka/ilkd/key/proof/rules/bsum.key took 6 ms to parse. 
1631       WARN  main            d.u.i.k.n.ParsingFacade   Parsing time 217 ms. 
1677       WARN  main            d.u.i.k.n.ParsingFacade   file:/home/runner/work/key/key/key.core/build/resources/main/de/uka/ilkd/key/proof/rules/bprod.key took 21 ms to parse. 
1677       WARN  main            d.u.i.k.n.ParsingFacade   Parsing time 238 ms. 
1687       WARN  main            d.u.i.k.n.ParsingFacade   file:/home/runner/work/key/key/key.core/build/resources/main/de/uka/ilkd/key/proof/rules/binaryAxioms.key took 0 ms to parse. 
1687       WARN  main            d.u.i.k.n.ParsingFacade   Parsing time 238 ms. 
1691       WARN  main            d.u.i.k.n.ParsingFacade   file:/home/runner/work/key/key/key.core/build/resources/main/de/uka/ilkd/key/proof/rules/binaryLemmas.key took 1 ms to parse. 
1691       WARN  main            d.u.i.k.n.ParsingFacade   Parsing time 239 ms. 
1695       WARN  main            d.u.i.k.n.ParsingFacade   file:/home/runner/work/key/key/key.core/build/resources/main/de/uka/ilkd/key/proof/rules/intPow.key took 1 ms to parse. 
1696       WARN  main            d.u.i.k.n.ParsingFacade   Parsing time 240 ms. 
1705       WARN  main            d.u.i.k.n.ParsingFacade   file:/home/runner/work/key/key/key.core/build/resources/main/de/uka/ilkd/key/proof/rules/floatRulesCommon.key took 3 ms to parse. 
1705       WARN  main            d.u.i.k.n.ParsingFacade   Parsing time 243 ms. 
1716       WARN  main            d.u.i.k.n.ParsingFacade   file:/home/runner/work/key/key/key.core/build/resources/main/de/uka/ilkd/key/proof/rules/floatRules.key took 0 ms to parse. 
1716       WARN  main            d.u.i.k.n.ParsingFacade   Parsing time 243 ms. 
1717       WARN  main            d.u.i.k.n.ParsingFacade   file:/home/runner/work/key/key/key.core/build/resources/main/de/uka/ilkd/key/proof/rules/floatRulesVerifyNormal.key took 0 ms to parse. 
1717       WARN  main            d.u.i.k.n.ParsingFacade   Parsing time 243 ms. 
1720       WARN  main            d.u.i.k.n.ParsingFacade   file:/home/runner/work/key/key/key.core/build/resources/main/de/uka/ilkd/key/proof/rules/floatRulesAssumeStrictfp.key took 2 ms to parse. 
1720       WARN  main            d.u.i.k.n.ParsingFacade   Parsing time 245 ms. 
1737       WARN  main            d.u.i.k.n.ParsingFacade   file:/home/runner/work/key/key/key.core/build/resources/main/de/uka/ilkd/key/proof/rules/genericRules.key took 2 ms to parse. 
1737       WARN  main            d.u.i.k.n.ParsingFacade   Parsing time 247 ms. 
1745       WARN  main            d.u.i.k.n.ParsingFacade   file:/home/runner/work/key/key/key.core/build/resources/main/de/uka/ilkd/key/proof/rules/booleanRules.key took 0 ms to parse. 
1746       WARN  main            d.u.i.k.n.ParsingFacade   Parsing time 247 ms. 
1748       WARN  main            d.u.i.k.n.ParsingFacade   file:/home/runner/work/key/key/key.core/build/resources/main/de/uka/ilkd/key/proof/rules/epsilon.key took 0 ms to parse. 
1748       WARN  main            d.u.i.k.n.ParsingFacade   Parsing time 247 ms. 
1756       WARN  main            d.u.i.k.n.ParsingFacade   file:/home/runner/work/key/key/key.core/build/resources/main/de/uka/ilkd/key/proof/rules/locSetsRules.key took 6 ms to parse. 
1757       WARN  main            d.u.i.k.n.ParsingFacade   Parsing time 253 ms. 
1786       WARN  main            d.u.i.k.n.ParsingFacade   file:/home/runner/work/key/key/key.core/build/resources/main/de/uka/ilkd/key/proof/rules/heapRules.key took 6 ms to parse. 
1786       WARN  main            d.u.i.k.n.ParsingFacade   Parsing time 259 ms. 
1837       WARN  main            d.u.i.k.n.ParsingFacade   file:/home/runner/work/key/key/key.core/build/resources/main/de/uka/ilkd/key/proof/rules/permissionRules.key took 2 ms to parse. 
1838       WARN  main            d.u.i.k.n.ParsingFacade   Parsing time 261 ms. 
1852       WARN  main            d.u.i.k.n.ParsingFacade   file:/home/runner/work/key/key/key.core/build/resources/main/de/uka/ilkd/key/proof/rules/reachRules.key took 3 ms to parse. 
1852       WARN  main            d.u.i.k.n.ParsingFacade   Parsing time 264 ms. 
1861       WARN  main            d.u.i.k.n.ParsingFacade   file:/home/runner/work/key/key/key.core/build/resources/main/de/uka/ilkd/key/proof/rules/seqCoreRules.key took 0 ms to parse. 
1862       WARN  main            d.u.i.k.n.ParsingFacade   Parsing time 264 ms. 
1868       WARN  main            d.u.i.k.n.ParsingFacade   file:/home/runner/work/key/key/key.core/build/resources/main/de/uka/ilkd/key/proof/rules/seqRules.key took 5 ms to parse. 
1868       WARN  main            d.u.i.k.n.ParsingFacade   Parsing time 269 ms. 
1893       WARN  main            d.u.i.k.n.ParsingFacade   file:/home/runner/work/key/key/key.core/build/resources/main/de/uka/ilkd/key/proof/rules/seqPerm.key took 4 ms to parse. 
1893       WARN  main            d.u.i.k.n.ParsingFacade   Parsing time 273 ms. 
1928       WARN  main            d.u.i.k.n.ParsingFacade   file:/home/runner/work/key/key/key.core/build/resources/main/de/uka/ilkd/key/proof/rules/seqPerm2.key took 0 ms to parse. 
1929       WARN  main            d.u.i.k.n.ParsingFacade   Parsing time 273 ms. 
1979       WARN  main            d.u.i.k.n.ParsingFacade   file:/home/runner/work/key/key/key.core/build/resources/main/de/uka/ilkd/key/proof/rules/javaRules.key took 47 ms to parse. 
1979       WARN  main            d.u.i.k.n.ParsingFacade   Parsing time 320 ms. 
1988       WARN  main            d.u.i.k.n.ParsingFacade   file:/home/runner/work/key/key/key.core/build/resources/main/de/uka/ilkd/key/proof/rules/assertions.key took 1 ms to parse. 
1988       WARN  main            d.u.i.k.n.ParsingFacade   Parsing time 321 ms. 
2521       WARN  main            d.u.i.k.n.ParsingFacade   file:/home/runner/work/key/key/key.core/build/resources/main/de/uka/ilkd/key/proof/rules/loopRules.key took 2 ms to parse. 
2522       WARN  main            d.u.i.k.n.ParsingFacade   Parsing time 323 ms. 
2529       WARN  main            d.u.i.k.n.ParsingFacade   file:/home/runner/work/key/key/key.core/build/resources/main/de/uka/ilkd/key/proof/rules/activeUse.key took 2 ms to parse. 
2529       WARN  main            d.u.i.k.n.ParsingFacade   Parsing time 325 ms. 
2562       WARN  main            d.u.i.k.n.ParsingFacade   file:/home/runner/work/key/key/key.core/build/resources/main/de/uka/ilkd/key/proof/rules/instanceAllocation.key took 4 ms to parse. 
2562       WARN  main            d.u.i.k.n.ParsingFacade   Parsing time 329 ms. 
2572       WARN  main            d.u.i.k.n.ParsingFacade   file:/home/runner/work/key/key/key.core/build/resources/main/de/uka/ilkd/key/proof/rules/java5.key took 0 ms to parse. 
2572       WARN  main            d.u.i.k.n.ParsingFacade   Parsing time 329 ms. 
2577       WARN  main            d.u.i.k.n.ParsingFacade   file:/home/runner/work/key/key/key.core/build/resources/main/de/uka/ilkd/key/proof/rules/integerAssignment2UpdateRules.key took 3 ms to parse. 
2577       WARN  main            d.u.i.k.n.ParsingFacade   Parsing time 332 ms. 
2604       WARN  main            d.u.i.k.n.ParsingFacade   file:/home/runner/work/key/key/key.core/build/resources/main/de/uka/ilkd/key/proof/rules/floatAssignment2UpdateRules.key took 4 ms to parse. 
2604       WARN  main            d.u.i.k.n.ParsingFacade   Parsing time 336 ms. 
2623       WARN  main            d.u.i.k.n.ParsingFacade   file:/home/runner/work/key/key/key.core/build/resources/main/de/uka/ilkd/key/proof/rules/bigint.key took 2 ms to parse. 
2623       WARN  main            d.u.i.k.n.ParsingFacade   Parsing time 338 ms. 
2661       DEBUG main            d.u.i.k.j.TypeConverter   No LDT found for JavaBigintExpression 
2665       WARN  main            d.u.i.k.n.ParsingFacade   file:/home/runner/work/key/key/key.core/build/resources/main/de/uka/ilkd/key/proof/rules/adtProgramDecompositionRules.key took 1 ms to parse. 
2665       WARN  main            d.u.i.k.n.ParsingFacade   Parsing time 339 ms. 
2679       WARN  main            d.u.i.k.n.ParsingFacade   file:/home/runner/work/key/key/key.core/build/resources/main/de/uka/ilkd/key/proof/rules/precRules.key took 1 ms to parse. 
2679       WARN  main            d.u.i.k.n.ParsingFacade   Parsing time 340 ms. 
2684       WARN  main            d.u.i.k.n.ParsingFacade   file:/home/runner/work/key/key/key.core/build/resources/main/de/uka/ilkd/key/proof/rules/charListRules.key took 3 ms to parse. 
2684       WARN  main            d.u.i.k.n.ParsingFacade   Parsing time 343 ms. 
2692       WARN  main            d.u.i.k.n.ParsingFacade   file:/home/runner/work/key/key/key.core/build/resources/main/de/uka/ilkd/key/proof/rules/regExTheory.key took 0 ms to parse. 
2692       WARN  main            d.u.i.k.n.ParsingFacade   Parsing time 343 ms. 
2693       WARN  main            d.u.i.k.n.ParsingFacade   file:/home/runner/work/key/key/key.core/build/resources/main/de/uka/ilkd/key/proof/rules/regExHeader.key took 0 ms to parse. 
2693       WARN  main            d.u.i.k.n.ParsingFacade   Parsing time 343 ms. 
2694       WARN  main            d.u.i.k.n.ParsingFacade   file:/home/runner/work/key/key/key.core/build/resources/main/de/uka/ilkd/key/proof/rules/regExAxioms.key took 0 ms to parse. 
2695       WARN  main            d.u.i.k.n.ParsingFacade   Parsing time 343 ms. 
2697       WARN  main            d.u.i.k.n.ParsingFacade   file:/home/runner/work/key/key/key.core/build/resources/main/de/uka/ilkd/key/proof/rules/regExLemmaProven.key took 0 ms to parse. 
2698       WARN  main            d.u.i.k.n.ParsingFacade   Parsing time 343 ms. 
2702       WARN  main            d.u.i.k.n.ParsingFacade   file:/home/runner/work/key/key/key.core/build/resources/main/de/uka/ilkd/key/proof/rules/seqEq.key took 1 ms to parse. 
2702       WARN  main            d.u.i.k.n.ParsingFacade   Parsing time 344 ms. 
2707       WARN  main            d.u.i.k.n.ParsingFacade   file:/home/runner/work/key/key/key.core/build/resources/main/de/uka/ilkd/key/proof/rules/infFlow.key took 1 ms to parse. 
2707       WARN  main            d.u.i.k.n.ParsingFacade   Parsing time 345 ms. 
2711       WARN  main            d.u.i.k.n.ParsingFacade   file:/home/runner/work/key/key/key.core/build/resources/main/de/uka/ilkd/key/proof/rules/mapSize.key took 1 ms to parse. 
2711       WARN  main            d.u.i.k.n.ParsingFacade   Parsing time 346 ms. 
2713       WARN  main            d.u.i.k.n.ParsingFacade   file:/home/runner/work/key/key/key.core/build/resources/main/de/uka/ilkd/key/proof/rules/wd.key took 0 ms to parse. 
2713       WARN  main            d.u.i.k.n.ParsingFacade   Parsing time 346 ms. 
2715       WARN  main            d.u.i.k.n.ParsingFacade   file:/home/runner/work/key/key/key.core/build/resources/main/de/uka/ilkd/key/proof/rules/wdHeader.key took 0 ms to parse. 
2715       WARN  main            d.u.i.k.n.ParsingFacade   Parsing time 346 ms. 
2716       WARN  main            d.u.i.k.n.ParsingFacade   file:/home/runner/work/key/key/key.core/build/resources/main/de/uka/ilkd/key/proof/rules/wdGeneralRules.key took 1 ms to parse. 
2716       WARN  main            d.u.i.k.n.ParsingFacade   Parsing time 347 ms. 
2723       WARN  main            d.u.i.k.n.ParsingFacade   file:/home/runner/work/key/key/key.core/build/resources/main/de/uka/ilkd/key/proof/rules/wdNumericalRules.key took 4 ms to parse. 
2723       WARN  main            d.u.i.k.n.ParsingFacade   Parsing time 351 ms. 
2738       WARN  main            d.u.i.k.n.ParsingFacade   file:/home/runner/work/key/key/key.core/build/resources/main/de/uka/ilkd/key/proof/rules/wdLocSetRules.key took 1 ms to parse. 
2738       WARN  main            d.u.i.k.n.ParsingFacade   Parsing time 352 ms. 
2743       WARN  main            d.u.i.k.n.ParsingFacade   file:/home/runner/work/key/key/key.core/build/resources/main/de/uka/ilkd/key/proof/rules/wdHeapRules.key took 1 ms to parse. 
2743       WARN  main            d.u.i.k.n.ParsingFacade   Parsing time 353 ms. 
2746       WARN  main            d.u.i.k.n.ParsingFacade   file:/home/runner/work/key/key/key.core/build/resources/main/de/uka/ilkd/key/proof/rules/wdReachRules.key took 1 ms to parse. 
2746       WARN  main            d.u.i.k.n.ParsingFacade   Parsing time 354 ms. 
2747       WARN  main            d.u.i.k.n.ParsingFacade   file:/home/runner/work/key/key/key.core/build/resources/main/de/uka/ilkd/key/proof/rules/wdSeqRules.key took 0 ms to parse. 
2747       WARN  main            d.u.i.k.n.ParsingFacade   Parsing time 354 ms. 
2750       WARN  main            d.u.i.k.n.ParsingFacade   file:/home/runner/work/key/key/key.core/build/resources/main/de/uka/ilkd/key/proof/rules/wdStringRules.key took 1 ms to parse. 
2750       WARN  main            d.u.i.k.n.ParsingFacade   Parsing time 355 ms. 
2752       WARN  main            d.u.i.k.n.ParsingFacade   file:/home/runner/work/key/key/key.core/build/resources/main/de/uka/ilkd/key/proof/rules/wdRegExRules.key took 0 ms to parse. 
2753       WARN  main            d.u.i.k.n.ParsingFacade   Parsing time 355 ms. 
2756       WARN  main            d.u.i.k.n.ParsingFacade   file:/home/runner/work/key/key/key.core/build/resources/main/de/uka/ilkd/key/proof/rules/wdFormulaRules.key took 2 ms to parse. 
2756       WARN  main            d.u.i.k.n.ParsingFacade   Parsing time 357 ms. 
2765       WARN  main            d.u.i.k.n.ParsingFacade   file:/home/runner/work/key/key/key.core/build/resources/main/de/uka/ilkd/key/proof/rules/loopInvariantRules.key took 1 ms to parse. 
2765       WARN  main            d.u.i.k.n.ParsingFacade   Parsing time 358 ms. 
2766       WARN  main            d.u.i.k.n.ParsingFacade   file:/home/runner/work/key/key/key.core/build/resources/main/de/uka/ilkd/key/proof/rules/forLoopRules.key took 0 ms to parse. 
2766       WARN  main            d.u.i.k.n.ParsingFacade   Parsing time 358 ms. 
2770       WARN  main            d.u.i.k.n.ParsingFacade   file:/home/runner/work/key/key/key.core/build/resources/main/de/uka/ilkd/key/proof/rules/execRules.key took 2 ms to parse. 
2770       WARN  main            d.u.i.k.n.ParsingFacade   Parsing time 360 ms. 
2856       WARN  main            d.u.i.k.n.ParsingFacade   file:/home/runner/work/key/key/key.core/build/resources/main/de/uka/ilkd/key/proof/rules/loopScopeRules.key took 2 ms to parse. 
2856       WARN  main            d.u.i.k.n.ParsingFacade   Parsing time 362 ms. 
6189       WARN  main            d.u.i.k.n.ParsingFacade   file:/home/runner/work/key/key/key.core/build/resources/main/de/uka/ilkd/key/java/JavaRedux/java/lang/String.key took 6 ms to parse. 
6189       WARN  main            d.u.i.k.n.ParsingFacade   Parsing time 368 ms. 
8528       DEBUG main            d.u.i.k.p.i.AbstractProblemLoader Init config took 7.74s 
8647       INFO  main            d.u.i.k.p.i.AbstractProblemLoader Replaying proof UpdateAbstraction[UpdateAbstraction::ex7_1_insecure()].JML operation contract.0 
8715       DEBUG main            d.u.i.k.p.i.IntermediateProofReplayer Proof replay took 34.2ns 
8716       WARN  main            d.u.i.k.n.ParsingFacade   /home/runner/work/key/key/key.core/../key.ui/examples/heap/information_flow/UpdateAbstraction_ex7_1_insecure.key took 0 ms to parse. 
8717       WARN  main            d.u.i.k.n.ParsingFacade   Parsing time 368 ms. 
9356       INFO  main            d.u.i.k.p.r.p.TestFile    ... finished proof: open goal(s) 
9471       INFO  main            d.u.i.k.p.r.p.TestFile    Now processing file /home/runner/work/key/key/key.core/../key.ui/examples/heap/information_flow/UpdateAbstraction_ex7_2_insecure.key 
9471       INFO  main            d.u.i.k.p.i.AbstractProblemLoader Loading environment from /home/runner/work/key/key/key.core/../key.ui/examples/heap/information_flow/UpdateAbstraction_ex7_2_insecure.key 
9471       DEBUG main            d.u.i.k.p.i.AbstractProblemLoader Environment load took 88.1ns 
9471       WARN  main            d.u.i.k.n.ParsingFacade   /home/runner/work/key/key/key.core/../key.ui/examples/heap/information_flow/UpdateAbstraction_ex7_2_insecure.key took 0 ms to parse. 
9471       WARN  main            d.u.i.k.n.ParsingFacade   Parsing time 368 ms. 
9473       INFO  main            d.u.i.k.p.i.AbstractProblemLoader Creating init config 
10712      WARN  main            d.u.i.k.n.ParsingFacade   file:/home/runner/work/key/key/key.core/build/resources/main/de/uka/ilkd/key/java/JavaRedux/java/lang/String.key took 2 ms to parse. 
10713      WARN  main            d.u.i.k.n.ParsingFacade   Parsing time 370 ms. 
12750      DEBUG main            d.u.i.k.p.i.AbstractProblemLoader Init config took 3.28s 
12827      INFO  main            d.u.i.k.p.i.AbstractProblemLoader Replaying proof UpdateAbstraction[UpdateAbstraction::ex7_2_insecure()].JML operation contract.0 
12829      DEBUG main            d.u.i.k.p.i.IntermediateProofReplayer Proof replay took 6.4ns 
12830      WARN  main            d.u.i.k.n.ParsingFacade   /home/runner/work/key/key/key.core/../key.ui/examples/heap/information_flow/UpdateAbstraction_ex7_2_insecure.key took 0 ms to parse. 
12830      WARN  main            d.u.i.k.n.ParsingFacade   Parsing time 370 ms. 
13135      INFO  main            d.u.i.k.p.r.p.TestFile    ... finished proof: open goal(s) 
4006367    INFO  Test worker     d.u.i.k.p.r.RunAllProofsTestUnit Returning from test simple_info_flow 
4006368    INFO  Test worker     d.u.i.k.p.r.RunAllProofsTestUnit Running test modelMethods 
321        INFO  Timeout watchdog d.u.i.k.p.r.p.ForkedTestFileRunner Timeout watcher launched (2000 secs.) 
328        WARN  main            d.u.i.k.s.ProofSettings   The settings in /home/runner/.key/proof-settings.props are *not* read. 
360        INFO  main            d.u.i.k.p.r.p.TestFile    Now processing file /home/runner/work/key/key/key.core/../key.ui/examples/heap/model_methods/Cell_footprint_acc.key 
469        INFO  main            d.u.i.k.p.i.AbstractProblemLoader Loading environment from /home/runner/work/key/key/key.core/../key.ui/examples/heap/model_methods/Cell_footprint_acc.key 
492        DEBUG main            d.u.i.k.p.i.AbstractProblemLoader Environment load took 1.83ms 
577        WARN  main            d.u.i.k.n.ParsingFacade   /home/runner/work/key/key/key.core/../key.ui/examples/heap/model_methods/Cell_footprint_acc.key took 11 ms to parse. 
577        WARN  main            d.u.i.k.n.ParsingFacade   Parsing time 11 ms. 
711        INFO  main            d.u.i.k.p.i.AbstractProblemLoader Creating init config 
720        WARN  main            d.u.i.k.n.ParsingFacade   file:/home/runner/work/key/key/key.core/build/resources/main/de/uka/ilkd/key/proof/rules/standardRules.key took 5 ms to parse. 
720        WARN  main            d.u.i.k.n.ParsingFacade   Parsing time 16 ms. 
748        WARN  main            d.u.i.k.n.ParsingFacade   file:/home/runner/work/key/key/key.core/build/resources/main/de/uka/ilkd/key/proof/rules/ldt.key took 5 ms to parse. 
748        WARN  main            d.u.i.k.n.ParsingFacade   Parsing time 21 ms. 
757        WARN  main            d.u.i.k.n.ParsingFacade   file:/home/runner/work/key/key/key.core/build/resources/main/de/uka/ilkd/key/proof/rules/boolean.key took 3 ms to parse. 
757        WARN  main            d.u.i.k.n.ParsingFacade   Parsing time 24 ms. 
785        WARN  main            d.u.i.k.n.ParsingFacade   file:/home/runner/work/key/key/key.core/build/resources/main/de/uka/ilkd/key/proof/rules/ruleSetsDeclarations.key took 16 ms to parse. 
785        WARN  main            d.u.i.k.n.ParsingFacade   Parsing time 40 ms. 
806        WARN  main            d.u.i.k.n.ParsingFacade   file:/home/runner/work/key/key/key.core/build/resources/main/de/uka/ilkd/key/proof/rules/integerHeader.key took 4 ms to parse. 
807        WARN  main            d.u.i.k.n.ParsingFacade   Parsing time 44 ms. 
808        WARN  main            d.u.i.k.n.ParsingFacade   file:/home/runner/work/key/key/key.core/build/resources/main/de/uka/ilkd/key/proof/rules/floatHeader.key took 1 ms to parse. 
808        WARN  main            d.u.i.k.n.ParsingFacade   Parsing time 45 ms. 
810        WARN  main            d.u.i.k.n.ParsingFacade   file:/home/runner/work/key/key/key.core/build/resources/main/de/uka/ilkd/key/proof/rules/heap.key took 1 ms to parse. 
810        WARN  main            d.u.i.k.n.ParsingFacade   Parsing time 46 ms. 
813        WARN  main            d.u.i.k.n.ParsingFacade   file:/home/runner/work/key/key/key.core/build/resources/main/de/uka/ilkd/key/proof/rules/locSets.key took 1 ms to parse. 
813        WARN  main            d.u.i.k.n.ParsingFacade   Parsing time 47 ms. 
814        WARN  main            d.u.i.k.n.ParsingFacade   file:/home/runner/work/key/key/key.core/build/resources/main/de/uka/ilkd/key/proof/rules/permission.key took 1 ms to parse. 
814        WARN  main            d.u.i.k.n.ParsingFacade   Parsing time 48 ms. 
814        WARN  main            d.u.i.k.n.ParsingFacade   file:/home/runner/work/key/key/key.core/build/resources/main/de/uka/ilkd/key/proof/rules/reach.key took 0 ms to parse. 
815        WARN  main            d.u.i.k.n.ParsingFacade   Parsing time 48 ms. 
815        WARN  main            d.u.i.k.n.ParsingFacade   file:/home/runner/work/key/key/key.core/build/resources/main/de/uka/ilkd/key/proof/rules/seq.key took 0 ms to parse. 
815        WARN  main            d.u.i.k.n.ParsingFacade   Parsing time 48 ms. 
840        WARN  main            d.u.i.k.n.ParsingFacade   file:/home/runner/work/key/key/key.core/build/resources/main/de/uka/ilkd/key/proof/rules/map.key took 24 ms to parse. 
840        WARN  main            d.u.i.k.n.ParsingFacade   Parsing time 72 ms. 
841        WARN  main            d.u.i.k.n.ParsingFacade   file:/home/runner/work/key/key/key.core/build/resources/main/de/uka/ilkd/key/proof/rules/freeADT.key took 0 ms to parse. 
841        WARN  main            d.u.i.k.n.ParsingFacade   Parsing time 72 ms. 
842        WARN  main            d.u.i.k.n.ParsingFacade   file:/home/runner/work/key/key/key.core/build/resources/main/de/uka/ilkd/key/proof/rules/wellfound.key took 0 ms to parse. 
842        WARN  main            d.u.i.k.n.ParsingFacade   Parsing time 72 ms. 
842        WARN  main            d.u.i.k.n.ParsingFacade   file:/home/runner/work/key/key/key.core/build/resources/main/de/uka/ilkd/key/proof/rules/charListHeader.key took 0 ms to parse. 
842        WARN  main            d.u.i.k.n.ParsingFacade   Parsing time 72 ms. 
968        WARN  main            d.u.i.k.n.ParsingFacade   file:/home/runner/work/key/key/key.core/build/resources/main/de/uka/ilkd/key/proof/rules/propRule.key took 5 ms to parse. 
968        WARN  main            d.u.i.k.n.ParsingFacade   Parsing time 77 ms. 
990        WARN  main            d.u.i.k.n.ParsingFacade   file:/home/runner/work/key/key/key.core/build/resources/main/de/uka/ilkd/key/proof/rules/firstOrderRules.key took 4 ms to parse. 
990        WARN  main            d.u.i.k.n.ParsingFacade   Parsing time 81 ms. 
1008       WARN  main            d.u.i.k.n.ParsingFacade   file:/home/runner/work/key/key/key.core/build/resources/main/de/uka/ilkd/key/proof/rules/ifThenElseRules.key took 7 ms to parse. 
1008       WARN  main            d.u.i.k.n.ParsingFacade   Parsing time 88 ms. 
1069       WARN  main            d.u.i.k.n.ParsingFacade   file:/home/runner/work/key/key/key.core/build/resources/main/de/uka/ilkd/key/proof/rules/formulaNormalisationRules.key took 33 ms to parse. 
1070       WARN  main            d.u.i.k.n.ParsingFacade   Parsing time 121 ms. 
1162       WARN  main            d.u.i.k.n.ParsingFacade   file:/home/runner/work/key/key/key.core/build/resources/main/de/uka/ilkd/key/proof/rules/updateRules.key took 4 ms to parse. 
1163       WARN  main            d.u.i.k.n.ParsingFacade   Parsing time 125 ms. 
1175       WARN  main            d.u.i.k.n.ParsingFacade   file:/home/runner/work/key/key/key.core/build/resources/main/de/uka/ilkd/key/proof/rules/integerRulesCommon.key took 3 ms to parse. 
1175       WARN  main            d.u.i.k.n.ParsingFacade   Parsing time 128 ms. 
1260       WARN  main            d.u.i.k.n.ParsingFacade   file:/home/runner/work/key/key/key.core/build/resources/main/de/uka/ilkd/key/proof/rules/intRules.key took 3 ms to parse. 
1260       WARN  main            d.u.i.k.n.ParsingFacade   Parsing time 131 ms. 
1273       WARN  main            d.u.i.k.n.ParsingFacade   file:/home/runner/work/key/key/key.core/build/resources/main/de/uka/ilkd/key/proof/rules/intRulesUncheckedSemantics.key took 2 ms to parse. 
1274       WARN  main            d.u.i.k.n.ParsingFacade   Parsing time 133 ms. 
1282       WARN  main            d.u.i.k.n.ParsingFacade   file:/home/runner/work/key/key/key.core/build/resources/main/de/uka/ilkd/key/proof/rules/intRulesCheckedSemantics.key took 1 ms to parse. 
1282       WARN  main            d.u.i.k.n.ParsingFacade   Parsing time 134 ms. 
1289       WARN  main            d.u.i.k.n.ParsingFacade   file:/home/runner/work/key/key/key.core/build/resources/main/de/uka/ilkd/key/proof/rules/intRulesJavaSemantics.key took 2 ms to parse. 
1289       WARN  main            d.u.i.k.n.ParsingFacade   Parsing time 136 ms. 
1332       WARN  main            d.u.i.k.n.ParsingFacade   file:/home/runner/work/key/key/key.core/build/resources/main/de/uka/ilkd/key/proof/rules/integerSimplificationRules.key took 32 ms to parse. 
1332       WARN  main            d.u.i.k.n.ParsingFacade   Parsing time 168 ms. 
1479       DEBUG main            d.u.i.k.j.TypeConverter   No LDT found for Meta 
1479       DEBUG main            d.u.i.k.j.TypeConverter   No LDT found for Meta 
1482       DEBUG main            d.u.i.k.j.TypeConverter   No LDT found for Meta 
1482       DEBUG main            d.u.i.k.j.TypeConverter   No LDT found for Meta 
1514       WARN  main            d.u.i.k.n.ParsingFacade   file:/home/runner/work/key/key/key.core/build/resources/main/de/uka/ilkd/key/proof/rules/intDiv.key took 5 ms to parse. 
1514       WARN  main            d.u.i.k.n.ParsingFacade   Parsing time 173 ms. 
1545       WARN  main            d.u.i.k.n.ParsingFacade   file:/home/runner/work/key/key/key.core/build/resources/main/de/uka/ilkd/key/proof/rules/bsum.key took 10 ms to parse. 
1546       WARN  main            d.u.i.k.n.ParsingFacade   Parsing time 183 ms. 
1580       WARN  main            d.u.i.k.n.ParsingFacade   file:/home/runner/work/key/key/key.core/build/resources/main/de/uka/ilkd/key/proof/rules/bprod.key took 3 ms to parse. 
1580       WARN  main            d.u.i.k.n.ParsingFacade   Parsing time 186 ms. 
1590       WARN  main            d.u.i.k.n.ParsingFacade   file:/home/runner/work/key/key/key.core/build/resources/main/de/uka/ilkd/key/proof/rules/binaryAxioms.key took 0 ms to parse. 
1590       WARN  main            d.u.i.k.n.ParsingFacade   Parsing time 186 ms. 
1595       WARN  main            d.u.i.k.n.ParsingFacade   file:/home/runner/work/key/key/key.core/build/resources/main/de/uka/ilkd/key/proof/rules/binaryLemmas.key took 1 ms to parse. 
1595       WARN  main            d.u.i.k.n.ParsingFacade   Parsing time 187 ms. 
1605       WARN  main            d.u.i.k.n.ParsingFacade   file:/home/runner/work/key/key/key.core/build/resources/main/de/uka/ilkd/key/proof/rules/intPow.key took 2 ms to parse. 
1605       WARN  main            d.u.i.k.n.ParsingFacade   Parsing time 189 ms. 
1619       WARN  main            d.u.i.k.n.ParsingFacade   file:/home/runner/work/key/key/key.core/build/resources/main/de/uka/ilkd/key/proof/rules/floatRulesCommon.key took 6 ms to parse. 
1619       WARN  main            d.u.i.k.n.ParsingFacade   Parsing time 195 ms. 
1670       WARN  main            d.u.i.k.n.ParsingFacade   file:/home/runner/work/key/key/key.core/build/resources/main/de/uka/ilkd/key/proof/rules/floatRules.key took 0 ms to parse. 
1670       WARN  main            d.u.i.k.n.ParsingFacade   Parsing time 195 ms. 
1671       WARN  main            d.u.i.k.n.ParsingFacade   file:/home/runner/work/key/key/key.core/build/resources/main/de/uka/ilkd/key/proof/rules/floatRulesVerifyNormal.key took 0 ms to parse. 
1671       WARN  main            d.u.i.k.n.ParsingFacade   Parsing time 195 ms. 
1675       WARN  main            d.u.i.k.n.ParsingFacade   file:/home/runner/work/key/key/key.core/build/resources/main/de/uka/ilkd/key/proof/rules/floatRulesAssumeStrictfp.key took 4 ms to parse. 
1675       WARN  main            d.u.i.k.n.ParsingFacade   Parsing time 199 ms. 
1706       WARN  main            d.u.i.k.n.ParsingFacade   file:/home/runner/work/key/key/key.core/build/resources/main/de/uka/ilkd/key/proof/rules/genericRules.key took 1 ms to parse. 
1706       WARN  main            d.u.i.k.n.ParsingFacade   Parsing time 200 ms. 
1724       WARN  main            d.u.i.k.n.ParsingFacade   file:/home/runner/work/key/key/key.core/build/resources/main/de/uka/ilkd/key/proof/rules/booleanRules.key took 0 ms to parse. 
1725       WARN  main            d.u.i.k.n.ParsingFacade   Parsing time 200 ms. 
1727       WARN  main            d.u.i.k.n.ParsingFacade   file:/home/runner/work/key/key/key.core/build/resources/main/de/uka/ilkd/key/proof/rules/epsilon.key took 0 ms to parse. 
1727       WARN  main            d.u.i.k.n.ParsingFacade   Parsing time 200 ms. 
1735       WARN  main            d.u.i.k.n.ParsingFacade   file:/home/runner/work/key/key/key.core/build/resources/main/de/uka/ilkd/key/proof/rules/locSetsRules.key took 7 ms to parse. 
1735       WARN  main            d.u.i.k.n.ParsingFacade   Parsing time 207 ms. 
1766       WARN  main            d.u.i.k.n.ParsingFacade   file:/home/runner/work/key/key/key.core/build/resources/main/de/uka/ilkd/key/proof/rules/heapRules.key took 7 ms to parse. 
1766       WARN  main            d.u.i.k.n.ParsingFacade   Parsing time 214 ms. 
1799       WARN  main            d.u.i.k.n.ParsingFacade   file:/home/runner/work/key/key/key.core/build/resources/main/de/uka/ilkd/key/proof/rules/permissionRules.key took 2 ms to parse. 
1799       WARN  main            d.u.i.k.n.ParsingFacade   Parsing time 216 ms. 
1819       WARN  main            d.u.i.k.n.ParsingFacade   file:/home/runner/work/key/key/key.core/build/resources/main/de/uka/ilkd/key/proof/rules/reachRules.key took 8 ms to parse. 
1819       WARN  main            d.u.i.k.n.ParsingFacade   Parsing time 224 ms. 
1858       WARN  main            d.u.i.k.n.ParsingFacade   file:/home/runner/work/key/key/key.core/build/resources/main/de/uka/ilkd/key/proof/rules/seqCoreRules.key took 24 ms to parse. 
1858       WARN  main            d.u.i.k.n.ParsingFacade   Parsing time 248 ms. 
1866       WARN  main            d.u.i.k.n.ParsingFacade   file:/home/runner/work/key/key/key.core/build/resources/main/de/uka/ilkd/key/proof/rules/seqRules.key took 6 ms to parse. 
1867       WARN  main            d.u.i.k.n.ParsingFacade   Parsing time 254 ms. 
1886       WARN  main            d.u.i.k.n.ParsingFacade   file:/home/runner/work/key/key/key.core/build/resources/main/de/uka/ilkd/key/proof/rules/seqPerm.key took 3 ms to parse. 
1886       WARN  main            d.u.i.k.n.ParsingFacade   Parsing time 257 ms. 
1899       WARN  main            d.u.i.k.n.ParsingFacade   file:/home/runner/work/key/key/key.core/build/resources/main/de/uka/ilkd/key/proof/rules/seqPerm2.key took 0 ms to parse. 
1900       WARN  main            d.u.i.k.n.ParsingFacade   Parsing time 257 ms. 
1928       WARN  main            d.u.i.k.n.ParsingFacade   file:/home/runner/work/key/key/key.core/build/resources/main/de/uka/ilkd/key/proof/rules/javaRules.key took 24 ms to parse. 
1928       WARN  main            d.u.i.k.n.ParsingFacade   Parsing time 281 ms. 
1935       WARN  main            d.u.i.k.n.ParsingFacade   file:/home/runner/work/key/key/key.core/build/resources/main/de/uka/ilkd/key/proof/rules/assertions.key took 1 ms to parse. 
1935       WARN  main            d.u.i.k.n.ParsingFacade   Parsing time 282 ms. 
2484       WARN  main            d.u.i.k.n.ParsingFacade   file:/home/runner/work/key/key/key.core/build/resources/main/de/uka/ilkd/key/proof/rules/loopRules.key took 1 ms to parse. 
2485       WARN  main            d.u.i.k.n.ParsingFacade   Parsing time 283 ms. 
2493       WARN  main            d.u.i.k.n.ParsingFacade   file:/home/runner/work/key/key/key.core/build/resources/main/de/uka/ilkd/key/proof/rules/activeUse.key took 1 ms to parse. 
2493       WARN  main            d.u.i.k.n.ParsingFacade   Parsing time 284 ms. 
2537       WARN  main            d.u.i.k.n.ParsingFacade   file:/home/runner/work/key/key/key.core/build/resources/main/de/uka/ilkd/key/proof/rules/instanceAllocation.key took 4 ms to parse. 
2537       WARN  main            d.u.i.k.n.ParsingFacade   Parsing time 288 ms. 
2548       WARN  main            d.u.i.k.n.ParsingFacade   file:/home/runner/work/key/key/key.core/build/resources/main/de/uka/ilkd/key/proof/rules/java5.key took 0 ms to parse. 
2548       WARN  main            d.u.i.k.n.ParsingFacade   Parsing time 288 ms. 
2552       WARN  main            d.u.i.k.n.ParsingFacade   file:/home/runner/work/key/key/key.core/build/resources/main/de/uka/ilkd/key/proof/rules/integerAssignment2UpdateRules.key took 2 ms to parse. 
2553       WARN  main            d.u.i.k.n.ParsingFacade   Parsing time 290 ms. 
2581       WARN  main            d.u.i.k.n.ParsingFacade   file:/home/runner/work/key/key/key.core/build/resources/main/de/uka/ilkd/key/proof/rules/floatAssignment2UpdateRules.key took 3 ms to parse. 
2582       WARN  main            d.u.i.k.n.ParsingFacade   Parsing time 293 ms. 
2605       WARN  main            d.u.i.k.n.ParsingFacade   file:/home/runner/work/key/key/key.core/build/resources/main/de/uka/ilkd/key/proof/rules/bigint.key took 3 ms to parse. 
2605       WARN  main            d.u.i.k.n.ParsingFacade   Parsing time 296 ms. 
2615       DEBUG main            d.u.i.k.j.TypeConverter   No LDT found for JavaBigintExpression 
2619       WARN  main            d.u.i.k.n.ParsingFacade   file:/home/runner/work/key/key/key.core/build/resources/main/de/uka/ilkd/key/proof/rules/adtProgramDecompositionRules.key took 1 ms to parse. 
2619       WARN  main            d.u.i.k.n.ParsingFacade   Parsing time 297 ms. 
2637       WARN  main            d.u.i.k.n.ParsingFacade   file:/home/runner/work/key/key/key.core/build/resources/main/de/uka/ilkd/key/proof/rules/precRules.key took 1 ms to parse. 
2638       WARN  main            d.u.i.k.n.ParsingFacade   Parsing time 298 ms. 
2643       WARN  main            d.u.i.k.n.ParsingFacade   file:/home/runner/work/key/key/key.core/build/resources/main/de/uka/ilkd/key/proof/rules/charListRules.key took 2 ms to parse. 
2643       WARN  main            d.u.i.k.n.ParsingFacade   Parsing time 300 ms. 
2651       WARN  main            d.u.i.k.n.ParsingFacade   file:/home/runner/work/key/key/key.core/build/resources/main/de/uka/ilkd/key/proof/rules/regExTheory.key took 0 ms to parse. 
2651       WARN  main            d.u.i.k.n.ParsingFacade   Parsing time 300 ms. 
2654       WARN  main            d.u.i.k.n.ParsingFacade   file:/home/runner/work/key/key/key.core/build/resources/main/de/uka/ilkd/key/proof/rules/regExHeader.key took 0 ms to parse. 
2654       WARN  main            d.u.i.k.n.ParsingFacade   Parsing time 300 ms. 
2655       WARN  main            d.u.i.k.n.ParsingFacade   file:/home/runner/work/key/key/key.core/build/resources/main/de/uka/ilkd/key/proof/rules/regExAxioms.key took 0 ms to parse. 
2656       WARN  main            d.u.i.k.n.ParsingFacade   Parsing time 300 ms. 
2659       WARN  main            d.u.i.k.n.ParsingFacade   file:/home/runner/work/key/key/key.core/build/resources/main/de/uka/ilkd/key/proof/rules/regExLemmaProven.key took 1 ms to parse. 
2659       WARN  main            d.u.i.k.n.ParsingFacade   Parsing time 301 ms. 
2665       WARN  main            d.u.i.k.n.ParsingFacade   file:/home/runner/work/key/key/key.core/build/resources/main/de/uka/ilkd/key/proof/rules/seqEq.key took 1 ms to parse. 
2665       WARN  main            d.u.i.k.n.ParsingFacade   Parsing time 302 ms. 
2671       WARN  main            d.u.i.k.n.ParsingFacade   file:/home/runner/work/key/key/key.core/build/resources/main/de/uka/ilkd/key/proof/rules/infFlow.key took 2 ms to parse. 
2671       WARN  main            d.u.i.k.n.ParsingFacade   Parsing time 304 ms. 
2676       WARN  main            d.u.i.k.n.ParsingFacade   file:/home/runner/work/key/key/key.core/build/resources/main/de/uka/ilkd/key/proof/rules/mapSize.key took 0 ms to parse. 
2676       WARN  main            d.u.i.k.n.ParsingFacade   Parsing time 304 ms. 
2679       WARN  main            d.u.i.k.n.ParsingFacade   file:/home/runner/work/key/key/key.core/build/resources/main/de/uka/ilkd/key/proof/rules/wd.key took 0 ms to parse. 
2679       WARN  main            d.u.i.k.n.ParsingFacade   Parsing time 304 ms. 
2683       WARN  main            d.u.i.k.n.ParsingFacade   file:/home/runner/work/key/key/key.core/build/resources/main/de/uka/ilkd/key/proof/rules/wdHeader.key took 1 ms to parse. 
2683       WARN  main            d.u.i.k.n.ParsingFacade   Parsing time 305 ms. 
2684       WARN  main            d.u.i.k.n.ParsingFacade   file:/home/runner/work/key/key/key.core/build/resources/main/de/uka/ilkd/key/proof/rules/wdGeneralRules.key took 1 ms to parse. 
2684       WARN  main            d.u.i.k.n.ParsingFacade   Parsing time 306 ms. 
2693       WARN  main            d.u.i.k.n.ParsingFacade   file:/home/runner/work/key/key/key.core/build/resources/main/de/uka/ilkd/key/proof/rules/wdNumericalRules.key took 3 ms to parse. 
2694       WARN  main            d.u.i.k.n.ParsingFacade   Parsing time 309 ms. 
2745       WARN  main            d.u.i.k.n.ParsingFacade   file:/home/runner/work/key/key/key.core/build/resources/main/de/uka/ilkd/key/proof/rules/wdLocSetRules.key took 1 ms to parse. 
2745       WARN  main            d.u.i.k.n.ParsingFacade   Parsing time 310 ms. 
2750       WARN  main            d.u.i.k.n.ParsingFacade   file:/home/runner/work/key/key/key.core/build/resources/main/de/uka/ilkd/key/proof/rules/wdHeapRules.key took 1 ms to parse. 
2750       WARN  main            d.u.i.k.n.ParsingFacade   Parsing time 311 ms. 
2752       WARN  main            d.u.i.k.n.ParsingFacade   file:/home/runner/work/key/key/key.core/build/resources/main/de/uka/ilkd/key/proof/rules/wdReachRules.key took 0 ms to parse. 
2752       WARN  main            d.u.i.k.n.ParsingFacade   Parsing time 311 ms. 
2754       WARN  main            d.u.i.k.n.ParsingFacade   file:/home/runner/work/key/key/key.core/build/resources/main/de/uka/ilkd/key/proof/rules/wdSeqRules.key took 1 ms to parse. 
2754       WARN  main            d.u.i.k.n.ParsingFacade   Parsing time 312 ms. 
2756       WARN  main            d.u.i.k.n.ParsingFacade   file:/home/runner/work/key/key/key.core/build/resources/main/de/uka/ilkd/key/proof/rules/wdStringRules.key took 0 ms to parse. 
2756       WARN  main            d.u.i.k.n.ParsingFacade   Parsing time 312 ms. 
2758       WARN  main            d.u.i.k.n.ParsingFacade   file:/home/runner/work/key/key/key.core/build/resources/main/de/uka/ilkd/key/proof/rules/wdRegExRules.key took 0 ms to parse. 
2758       WARN  main            d.u.i.k.n.ParsingFacade   Parsing time 312 ms. 
2762       WARN  main            d.u.i.k.n.ParsingFacade   file:/home/runner/work/key/key/key.core/build/resources/main/de/uka/ilkd/key/proof/rules/wdFormulaRules.key took 2 ms to parse. 
2762       WARN  main            d.u.i.k.n.ParsingFacade   Parsing time 314 ms. 
2770       WARN  main            d.u.i.k.n.ParsingFacade   file:/home/runner/work/key/key/key.core/build/resources/main/de/uka/ilkd/key/proof/rules/loopInvariantRules.key took 0 ms to parse. 
2770       WARN  main            d.u.i.k.n.ParsingFacade   Parsing time 314 ms. 
2771       WARN  main            d.u.i.k.n.ParsingFacade   file:/home/runner/work/key/key/key.core/build/resources/main/de/uka/ilkd/key/proof/rules/forLoopRules.key took 0 ms to parse. 
2771       WARN  main            d.u.i.k.n.ParsingFacade   Parsing time 314 ms. 
2775       WARN  main            d.u.i.k.n.ParsingFacade   file:/home/runner/work/key/key/key.core/build/resources/main/de/uka/ilkd/key/proof/rules/execRules.key took 2 ms to parse. 
2775       WARN  main            d.u.i.k.n.ParsingFacade   Parsing time 316 ms. 
2836       WARN  main            d.u.i.k.n.ParsingFacade   file:/home/runner/work/key/key/key.core/build/resources/main/de/uka/ilkd/key/proof/rules/loopScopeRules.key took 1 ms to parse. 
2836       WARN  main            d.u.i.k.n.ParsingFacade   Parsing time 317 ms. 
5533       WARN  main            d.u.i.k.n.ParsingFacade   file:/home/runner/work/key/key/key.core/build/resources/main/de/uka/ilkd/key/java/JavaRedux/java/lang/String.key took 4 ms to parse. 
5533       WARN  main            d.u.i.k.n.ParsingFacade   Parsing time 321 ms. 
7656       DEBUG main            d.u.i.k.p.i.AbstractProblemLoader Init config took 6.94s 
7788       INFO  main            d.u.i.k.p.i.AbstractProblemLoader Replaying proof Cell[Cell::footprint()].JML accessible clause.0 
7821       DEBUG main            d.u.i.k.p.i.IntermediateProofReplayer Proof replay took 30.8ns 
7823       WARN  main            d.u.i.k.n.ParsingFacade   /home/runner/work/key/key/key.core/../key.ui/examples/heap/model_methods/Cell_footprint_acc.key took 0 ms to parse. 
7823       WARN  main            d.u.i.k.n.ParsingFacade   Parsing time 321 ms. 
8371       INFO  main            d.u.i.k.p.r.p.TestFile    ... finished proof: closed. 
8475       INFO  main            d.u.i.k.p.i.AbstractProblemLoader Loading environment from /home/runner/work/key/key/key.core/../key.ui/examples/heap/model_methods/Cell_footprint_acc.key.proof 
8477       DEBUG main            d.u.i.k.p.i.AbstractProblemLoader Environment load took 1.79ms 
8477       WARN  main            d.u.i.k.n.ParsingFacade   /home/runner/work/key/key/key.core/../key.ui/examples/heap/model_methods/Cell_footprint_acc.key.proof took 0 ms to parse. 
8478       WARN  main            d.u.i.k.n.ParsingFacade   Parsing time 321 ms. 
8480       INFO  main            d.u.i.k.p.i.AbstractProblemLoader Creating init config 
9609       WARN  main            d.u.i.k.n.ParsingFacade   file:/home/runner/work/key/key/key.core/build/resources/main/de/uka/ilkd/key/java/JavaRedux/java/lang/String.key took 1 ms to parse. 
9609       WARN  main            d.u.i.k.n.ParsingFacade   Parsing time 322 ms. 
11400      DEBUG main            d.u.i.k.p.i.AbstractProblemLoader Init config took 2.92s 
11481      INFO  main            d.u.i.k.p.i.AbstractProblemLoader Replaying proof Cell[Cell::footprint()].JML accessible clause.0 
11520      DEBUG main            d.u.i.k.p.i.IntermediateProofReplayer Proof replay took 34.19ms 
11520      WARN  main            d.u.i.k.n.ParsingFacade   /home/runner/work/key/key/key.core/../key.ui/examples/heap/model_methods/Cell_footprint_acc.key.proof took 0 ms to parse. 
11521      WARN  main            d.u.i.k.n.ParsingFacade   Parsing time 322 ms. 
11526      DEBUG main            d.u.i.k.p.r.p.TestFile    ... success: reloaded. 
11528      INFO  main            d.u.i.k.p.r.p.TestFile    Now processing file /home/runner/work/key/key/key.core/../key.ui/examples/heap/model_methods/Cell_footprint.key 
11528      INFO  main            d.u.i.k.p.i.AbstractProblemLoader Loading environment from /home/runner/work/key/key/key.core/../key.ui/examples/heap/model_methods/Cell_footprint.key 
11529      DEBUG main            d.u.i.k.p.i.AbstractProblemLoader Environment load took 190.2ns 
11529      WARN  main            d.u.i.k.n.ParsingFacade   /home/runner/work/key/key/key.core/../key.ui/examples/heap/model_methods/Cell_footprint.key took 0 ms to parse. 
11529      WARN  main            d.u.i.k.n.ParsingFacade   Parsing time 322 ms. 
11530      INFO  main            d.u.i.k.p.i.AbstractProblemLoader Creating init config 
12499      WARN  main            d.u.i.k.n.ParsingFacade   file:/home/runner/work/key/key/key.core/build/resources/main/de/uka/ilkd/key/java/JavaRedux/java/lang/String.key took 2 ms to parse. 
12499      WARN  main            d.u.i.k.n.ParsingFacade   Parsing time 324 ms. 
14249      DEBUG main            d.u.i.k.p.i.AbstractProblemLoader Init config took 2.72s 
14337      INFO  main            d.u.i.k.p.i.AbstractProblemLoader Replaying proof Cell[Cell::footprint()].JML model_behavior operation contract.0 
14339      DEBUG main            d.u.i.k.p.i.IntermediateProofReplayer Proof replay took 5.3ns 
14340      WARN  main            d.u.i.k.n.ParsingFacade   /home/runner/work/key/key/key.core/../key.ui/examples/heap/model_methods/Cell_footprint.key took 0 ms to parse. 
14340      WARN  main            d.u.i.k.n.ParsingFacade   Parsing time 324 ms. 
14442      INFO  main            d.u.i.k.p.r.p.TestFile    ... finished proof: closed. 
14579      INFO  main            d.u.i.k.p.i.AbstractProblemLoader Loading environment from /home/runner/work/key/key/key.core/../key.ui/examples/heap/model_methods/Cell_footprint.key.proof 
14580      DEBUG main            d.u.i.k.p.i.AbstractProblemLoader Environment load took 127.5ns 
14580      WARN  main            d.u.i.k.n.ParsingFacade   /home/runner/work/key/key/key.core/../key.ui/examples/heap/model_methods/Cell_footprint.key.proof took 0 ms to parse. 
14580      WARN  main            d.u.i.k.n.ParsingFacade   Parsing time 324 ms. 
14582      INFO  main            d.u.i.k.p.i.AbstractProblemLoader Creating init config 
15480      WARN  main            d.u.i.k.n.ParsingFacade   file:/home/runner/work/key/key/key.core/build/resources/main/de/uka/ilkd/key/java/JavaRedux/java/lang/String.key took 1 ms to parse. 
15481      WARN  main            d.u.i.k.n.ParsingFacade   Parsing time 325 ms. 
17219      DEBUG main            d.u.i.k.p.i.AbstractProblemLoader Init config took 2.64s 
17278      INFO  main            d.u.i.k.p.i.AbstractProblemLoader Replaying proof Cell[Cell::footprint()].JML model_behavior operation contract.0 
17295      DEBUG main            d.u.i.k.p.i.IntermediateProofReplayer Proof replay took 14.62ms 
17296      WARN  main            d.u.i.k.n.ParsingFacade   /home/runner/work/key/key/key.core/../key.ui/examples/heap/model_methods/Cell_footprint.key.proof took 0 ms to parse. 
17296      WARN  main            d.u.i.k.n.ParsingFacade   Parsing time 325 ms. 
17297      DEBUG main            d.u.i.k.p.r.p.TestFile    ... success: reloaded. 
17298      INFO  main            d.u.i.k.p.r.p.TestFile    Now processing file /home/runner/work/key/key/key.core/../key.ui/examples/heap/model_methods/Cell_get_acc.key 
17298      INFO  main            d.u.i.k.p.i.AbstractProblemLoader Loading environment from /home/runner/work/key/key/key.core/../key.ui/examples/heap/model_methods/Cell_get_acc.key 
17298      DEBUG main            d.u.i.k.p.i.AbstractProblemLoader Environment load took 96.5ns 
17299      WARN  main            d.u.i.k.n.ParsingFacade   /home/runner/work/key/key/key.core/../key.ui/examples/heap/model_methods/Cell_get_acc.key took 0 ms to parse. 
17299      WARN  main            d.u.i.k.n.ParsingFacade   Parsing time 325 ms. 
17300      INFO  main            d.u.i.k.p.i.AbstractProblemLoader Creating init config 
18225      WARN  main            d.u.i.k.n.ParsingFacade   file:/home/runner/work/key/key/key.core/build/resources/main/de/uka/ilkd/key/java/JavaRedux/java/lang/String.key took 1 ms to parse. 
18225      WARN  main            d.u.i.k.n.ParsingFacade   Parsing time 326 ms. 
19942      DEBUG main            d.u.i.k.p.i.AbstractProblemLoader Init config took 2.64s 
19991      INFO  main            d.u.i.k.p.i.AbstractProblemLoader Replaying proof Cell[Cell::get()].JML accessible clause.0 
19994      DEBUG main            d.u.i.k.p.i.IntermediateProofReplayer Proof replay took 6.3ns 
19995      WARN  main            d.u.i.k.n.ParsingFacade   /home/runner/work/key/key/key.core/../key.ui/examples/heap/model_methods/Cell_get_acc.key took 0 ms to parse. 
19995      WARN  main            d.u.i.k.n.ParsingFacade   Parsing time 326 ms. 
20204      INFO  main            d.u.i.k.p.r.p.TestFile    ... finished proof: closed. 
20350      INFO  main            d.u.i.k.p.i.AbstractProblemLoader Loading environment from /home/runner/work/key/key/key.core/../key.ui/examples/heap/model_methods/Cell_get_acc.key.proof 
20352      DEBUG main            d.u.i.k.p.i.AbstractProblemLoader Environment load took 1.56ms 
20352      WARN  main            d.u.i.k.n.ParsingFacade   /home/runner/work/key/key/key.core/../key.ui/examples/heap/model_methods/Cell_get_acc.key.proof took 0 ms to parse. 
20353      WARN  main            d.u.i.k.n.ParsingFacade   Parsing time 326 ms. 
20354      INFO  main            d.u.i.k.p.i.AbstractProblemLoader Creating init config 
21207      WARN  main            d.u.i.k.n.ParsingFacade   file:/home/runner/work/key/key/key.core/build/resources/main/de/uka/ilkd/key/java/JavaRedux/java/lang/String.key took 1 ms to parse. 
21208      WARN  main            d.u.i.k.n.ParsingFacade   Parsing time 327 ms. 
22931      DEBUG main            d.u.i.k.p.i.AbstractProblemLoader Init config took 2.58s 
22979      INFO  main            d.u.i.k.p.i.AbstractProblemLoader Replaying proof Cell[Cell::get()].JML accessible clause.0 
23014      DEBUG main            d.u.i.k.p.i.IntermediateProofReplayer Proof replay took 31.99ms 
23014      WARN  main            d.u.i.k.n.ParsingFacade   /home/runner/work/key/key/key.core/../key.ui/examples/heap/model_methods/Cell_get_acc.key.proof took 0 ms to parse. 
23015      WARN  main            d.u.i.k.n.ParsingFacade   Parsing time 327 ms. 
23015      DEBUG main            d.u.i.k.p.r.p.TestFile    ... success: reloaded. 
23016      INFO  main            d.u.i.k.p.r.p.TestFile    Now processing file /home/runner/work/key/key/key.core/../key.ui/examples/heap/model_methods/Cell_get.key 
23017      INFO  main            d.u.i.k.p.i.AbstractProblemLoader Loading environment from /home/runner/work/key/key/key.core/../key.ui/examples/heap/model_methods/Cell_get.key 
23017      DEBUG main            d.u.i.k.p.i.AbstractProblemLoader Environment load took 194.2ns 
23017      WARN  main            d.u.i.k.n.ParsingFacade   /home/runner/work/key/key/key.core/../key.ui/examples/heap/model_methods/Cell_get.key took 0 ms to parse. 
23017      WARN  main            d.u.i.k.n.ParsingFacade   Parsing time 327 ms. 
23018      INFO  main            d.u.i.k.p.i.AbstractProblemLoader Creating init config 
23890      WARN  main            d.u.i.k.n.ParsingFacade   file:/home/runner/work/key/key/key.core/build/resources/main/de/uka/ilkd/key/java/JavaRedux/java/lang/String.key took 4 ms to parse. 
23891      WARN  main            d.u.i.k.n.ParsingFacade   Parsing time 331 ms. 
25579      DEBUG main            d.u.i.k.p.i.AbstractProblemLoader Init config took 2.56s 
25629      INFO  main            d.u.i.k.p.i.AbstractProblemLoader Replaying proof Cell[Cell::get()].JML operation contract.0 
25631      DEBUG main            d.u.i.k.p.i.IntermediateProofReplayer Proof replay took 6.1ns 
25631      WARN  main            d.u.i.k.n.ParsingFacade   /home/runner/work/key/key/key.core/../key.ui/examples/heap/model_methods/Cell_get.key took 0 ms to parse. 
25632      WARN  main            d.u.i.k.n.ParsingFacade   Parsing time 331 ms. 
25735      INFO  main            d.u.i.k.p.r.p.TestFile    ... finished proof: closed. 
25885      INFO  main            d.u.i.k.p.i.AbstractProblemLoader Loading environment from /home/runner/work/key/key/key.core/../key.ui/examples/heap/model_methods/Cell_get.key.proof 
25885      DEBUG main            d.u.i.k.p.i.AbstractProblemLoader Environment load took 111.7ns 
25886      WARN  main            d.u.i.k.n.ParsingFacade   /home/runner/work/key/key/key.core/../key.ui/examples/heap/model_methods/Cell_get.key.proof took 0 ms to parse. 
25886      WARN  main            d.u.i.k.n.ParsingFacade   Parsing time 331 ms. 
25887      INFO  main            d.u.i.k.p.i.AbstractProblemLoader Creating init config 
26717      WARN  main            d.u.i.k.n.ParsingFacade   file:/home/runner/work/key/key/key.core/build/resources/main/de/uka/ilkd/key/java/JavaRedux/java/lang/String.key took 1 ms to parse. 
26717      WARN  main            d.u.i.k.n.ParsingFacade   Parsing time 332 ms. 
28412      DEBUG main            d.u.i.k.p.i.AbstractProblemLoader Init config took 2.52s 
28459      INFO  main            d.u.i.k.p.i.AbstractProblemLoader Replaying proof Cell[Cell::get()].JML operation contract.0 
28476      DEBUG main            d.u.i.k.p.i.IntermediateProofReplayer Proof replay took 15.04ms 
28477      WARN  main            d.u.i.k.n.ParsingFacade   /home/runner/work/key/key/key.core/../key.ui/examples/heap/model_methods/Cell_get.key.proof took 1 ms to parse. 
28477      WARN  main            d.u.i.k.n.ParsingFacade   Parsing time 333 ms. 
28477      DEBUG main            d.u.i.k.p.r.p.TestFile    ... success: reloaded. 
28478      INFO  main            d.u.i.k.p.r.p.TestFile    Now processing file /home/runner/work/key/key/key.core/../key.ui/examples/heap/model_methods/Cell_post_set.key 
28479      INFO  main            d.u.i.k.p.i.AbstractProblemLoader Loading environment from /home/runner/work/key/key/key.core/../key.ui/examples/heap/model_methods/Cell_post_set.key 
28479      DEBUG main            d.u.i.k.p.i.AbstractProblemLoader Environment load took 166.3ns 
28479      WARN  main            d.u.i.k.n.ParsingFacade   /home/runner/work/key/key/key.core/../key.ui/examples/heap/model_methods/Cell_post_set.key took 0 ms to parse. 
28479      WARN  main            d.u.i.k.n.ParsingFacade   Parsing time 333 ms. 
28480      INFO  main            d.u.i.k.p.i.AbstractProblemLoader Creating init config 
29345      WARN  main            d.u.i.k.n.ParsingFacade   file:/home/runner/work/key/key/key.core/build/resources/main/de/uka/ilkd/key/java/JavaRedux/java/lang/String.key took 1 ms to parse. 
29346      WARN  main            d.u.i.k.n.ParsingFacade   Parsing time 334 ms. 
31067      DEBUG main            d.u.i.k.p.i.AbstractProblemLoader Init config took 2.59s 
31113      INFO  main            d.u.i.k.p.i.AbstractProblemLoader Replaying proof Cell[Cell::post_set(int)].JML model_behavior operation contract.0 
31114      DEBUG main            d.u.i.k.p.i.IntermediateProofReplayer Proof replay took 5.5ns 
31115      WARN  main            d.u.i.k.n.ParsingFacade   /home/runner/work/key/key/key.core/../key.ui/examples/heap/model_methods/Cell_post_set.key took 0 ms to parse. 
31115      WARN  main            d.u.i.k.n.ParsingFacade   Parsing time 334 ms. 
31216      INFO  main            d.u.i.k.p.r.p.TestFile    ... finished proof: closed. 
31383      INFO  main            d.u.i.k.p.i.AbstractProblemLoader Loading environment from /home/runner/work/key/key/key.core/../key.ui/examples/heap/model_methods/Cell_post_set.key.proof 
31383      DEBUG main            d.u.i.k.p.i.AbstractProblemLoader Environment load took 124.2ns 
31384      WARN  main            d.u.i.k.n.ParsingFacade   /home/runner/work/key/key/key.core/../key.ui/examples/heap/model_methods/Cell_post_set.key.proof took 0 ms to parse. 
31384      WARN  main            d.u.i.k.n.ParsingFacade   Parsing time 334 ms. 
31384      INFO  main            d.u.i.k.p.i.AbstractProblemLoader Creating init config 
32197      WARN  main            d.u.i.k.n.ParsingFacade   file:/home/runner/work/key/key/key.core/build/resources/main/de/uka/ilkd/key/java/JavaRedux/java/lang/String.key took 1 ms to parse. 
32197      WARN  main            d.u.i.k.n.ParsingFacade   Parsing time 335 ms. 
33882      DEBUG main            d.u.i.k.p.i.AbstractProblemLoader Init config took 2.5s 
33926      INFO  main            d.u.i.k.p.i.AbstractProblemLoader Replaying proof Cell[Cell::post_set(int)].JML model_behavior operation contract.0 
33932      DEBUG main            d.u.i.k.p.i.IntermediateProofReplayer Proof replay took 4.41ms 
33933      WARN  main            d.u.i.k.n.ParsingFacade   /home/runner/work/key/key/key.core/../key.ui/examples/heap/model_methods/Cell_post_set.key.proof took 0 ms to parse. 
33933      WARN  main            d.u.i.k.n.ParsingFacade   Parsing time 335 ms. 
33934      DEBUG main            d.u.i.k.p.r.p.TestFile    ... success: reloaded. 
33935      INFO  main            d.u.i.k.p.r.p.TestFile    Now processing file /home/runner/work/key/key/key.core/../key.ui/examples/heap/model_methods/Cell_set.key 
33935      INFO  main            d.u.i.k.p.i.AbstractProblemLoader Loading environment from /home/runner/work/key/key/key.core/../key.ui/examples/heap/model_methods/Cell_set.key 
33935      DEBUG main            d.u.i.k.p.i.AbstractProblemLoader Environment load took 174.3ns 
33936      WARN  main            d.u.i.k.n.ParsingFacade   /home/runner/work/key/key/key.core/../key.ui/examples/heap/model_methods/Cell_set.key took 0 ms to parse. 
33936      WARN  main            d.u.i.k.n.ParsingFacade   Parsing time 335 ms. 
33937      INFO  main            d.u.i.k.p.i.AbstractProblemLoader Creating init config 
34780      WARN  main            d.u.i.k.n.ParsingFacade   file:/home/runner/work/key/key/key.core/build/resources/main/de/uka/ilkd/key/java/JavaRedux/java/lang/String.key took 1 ms to parse. 
34780      WARN  main            d.u.i.k.n.ParsingFacade   Parsing time 336 ms. 
36504      DEBUG main            d.u.i.k.p.i.AbstractProblemLoader Init config took 2.57s 
36551      INFO  main            d.u.i.k.p.i.AbstractProblemLoader Replaying proof Cell[Cell::set(int)].JML operation contract.0 
36554      DEBUG main            d.u.i.k.p.i.IntermediateProofReplayer Proof replay took 6.3ns 
36557      WARN  main            d.u.i.k.n.ParsingFacade   /home/runner/work/key/key/key.core/../key.ui/examples/heap/model_methods/Cell_set.key took 0 ms to parse. 
36558      WARN  main            d.u.i.k.n.ParsingFacade   Parsing time 336 ms. 
42889      INFO  main            d.u.i.k.p.r.p.TestFile    ... finished proof: closed. 
43101      INFO  main            d.u.i.k.p.i.AbstractProblemLoader Loading environment from /home/runner/work/key/key/key.core/../key.ui/examples/heap/model_methods/Cell_set.key.proof 
43101      DEBUG main            d.u.i.k.p.i.AbstractProblemLoader Environment load took 119.2ns 
43102      WARN  main            d.u.i.k.n.ParsingFacade   /home/runner/work/key/key/key.core/../key.ui/examples/heap/model_methods/Cell_set.key.proof took 1 ms to parse. 
43102      WARN  main            d.u.i.k.n.ParsingFacade   Parsing time 337 ms. 
43102      INFO  main            d.u.i.k.p.i.AbstractProblemLoader Creating init config 
43939      WARN  main            d.u.i.k.n.ParsingFacade   file:/home/runner/work/key/key/key.core/build/resources/main/de/uka/ilkd/key/java/JavaRedux/java/lang/String.key took 1 ms to parse. 
43939      WARN  main            d.u.i.k.n.ParsingFacade   Parsing time 338 ms. 
45558      DEBUG main            d.u.i.k.p.i.AbstractProblemLoader Init config took 2.46s 
45603      INFO  main            d.u.i.k.p.i.AbstractProblemLoader Replaying proof Cell[Cell::set(int)].JML operation contract.0 
46159      DEBUG main            d.u.i.k.p.i.IntermediateProofReplayer Proof replay took 541.6ms 
46161      WARN  main            d.u.i.k.n.ParsingFacade   /home/runner/work/key/key/key.core/../key.ui/examples/heap/model_methods/Cell_set.key.proof took 0 ms to parse. 
46161      WARN  main            d.u.i.k.n.ParsingFacade   Parsing time 338 ms. 
46162      DEBUG main            d.u.i.k.p.r.p.TestFile    ... success: reloaded. 
46163      INFO  main            d.u.i.k.p.r.p.TestFile    Now processing file /home/runner/work/key/key/key.core/../key.ui/examples/heap/model_methods/CellTest_callSet.key 
46163      INFO  main            d.u.i.k.p.i.AbstractProblemLoader Loading environment from /home/runner/work/key/key/key.core/../key.ui/examples/heap/model_methods/CellTest_callSet.key 
46164      DEBUG main            d.u.i.k.p.i.AbstractProblemLoader Environment load took 87.3ns 
46164      WARN  main            d.u.i.k.n.ParsingFacade   /home/runner/work/key/key/key.core/../key.ui/examples/heap/model_methods/CellTest_callSet.key took 0 ms to parse. 
46164      WARN  main            d.u.i.k.n.ParsingFacade   Parsing time 338 ms. 
46165      INFO  main            d.u.i.k.p.i.AbstractProblemLoader Creating init config 
47010      WARN  main            d.u.i.k.n.ParsingFacade   file:/home/runner/work/key/key/key.core/build/resources/main/de/uka/ilkd/key/java/JavaRedux/java/lang/String.key took 1 ms to parse. 
47010      WARN  main            d.u.i.k.n.ParsingFacade   Parsing time 339 ms. 
48699      DEBUG main            d.u.i.k.p.i.AbstractProblemLoader Init config took 2.53s 
48764      INFO  main            d.u.i.k.p.i.AbstractProblemLoader Replaying proof CellTest[CellTest::callSet(Cell,int)].JML operation contract.0 
48766      DEBUG main            d.u.i.k.p.i.IntermediateProofReplayer Proof replay took 6.8ns 
48766      WARN  main            d.u.i.k.n.ParsingFacade   /home/runner/work/key/key/key.core/../key.ui/examples/heap/model_methods/CellTest_callSet.key took 0 ms to parse. 
48767      WARN  main            d.u.i.k.n.ParsingFacade   Parsing time 339 ms. 
48969      INFO  main            d.u.i.k.p.r.p.TestFile    ... finished proof: closed. 
49128      INFO  main            d.u.i.k.p.i.AbstractProblemLoader Loading environment from /home/runner/work/key/key/key.core/../key.ui/examples/heap/model_methods/CellTest_callSet.key.proof 
49128      DEBUG main            d.u.i.k.p.i.AbstractProblemLoader Environment load took 109.9ns 
49128      WARN  main            d.u.i.k.n.ParsingFacade   /home/runner/work/key/key/key.core/../key.ui/examples/heap/model_methods/CellTest_callSet.key.proof took 0 ms to parse. 
49128      WARN  main            d.u.i.k.n.ParsingFacade   Parsing time 339 ms. 
49129      INFO  main            d.u.i.k.p.i.AbstractProblemLoader Creating init config 
49967      WARN  main            d.u.i.k.n.ParsingFacade   file:/home/runner/work/key/key/key.core/build/resources/main/de/uka/ilkd/key/java/JavaRedux/java/lang/String.key took 1 ms to parse. 
49967      WARN  main            d.u.i.k.n.ParsingFacade   Parsing time 340 ms. 
51602      DEBUG main            d.u.i.k.p.i.AbstractProblemLoader Init config took 2.47s 
51646      INFO  main            d.u.i.k.p.i.AbstractProblemLoader Replaying proof CellTest[CellTest::callSet(Cell,int)].JML operation contract.0 
51687      DEBUG main            d.u.i.k.p.i.IntermediateProofReplayer Proof replay took 38.53ms 
51688      WARN  main            d.u.i.k.n.ParsingFacade   /home/runner/work/key/key/key.core/../key.ui/examples/heap/model_methods/CellTest_callSet.key.proof took 0 ms to parse. 
51688      WARN  main            d.u.i.k.n.ParsingFacade   Parsing time 340 ms. 
51689      DEBUG main            d.u.i.k.p.r.p.TestFile    ... success: reloaded. 
51690      INFO  main            d.u.i.k.p.r.p.TestFile    Now processing file /home/runner/work/key/key/key.core/../key.ui/examples/heap/model_methods/CellTest_test2.key 
51690      INFO  main            d.u.i.k.p.i.AbstractProblemLoader Loading environment from /home/runner/work/key/key/key.core/../key.ui/examples/heap/model_methods/CellTest_test2.key 
51690      DEBUG main            d.u.i.k.p.i.AbstractProblemLoader Environment load took 174.6ns 
51691      WARN  main            d.u.i.k.n.ParsingFacade   /home/runner/work/key/key/key.core/../key.ui/examples/heap/model_methods/CellTest_test2.key took 0 ms to parse. 
51691      WARN  main            d.u.i.k.n.ParsingFacade   Parsing time 340 ms. 
51692      INFO  main            d.u.i.k.p.i.AbstractProblemLoader Creating init config 
52532      WARN  main            d.u.i.k.n.ParsingFacade   file:/home/runner/work/key/key/key.core/build/resources/main/de/uka/ilkd/key/java/JavaRedux/java/lang/String.key took 1 ms to parse. 
52532      WARN  main            d.u.i.k.n.ParsingFacade   Parsing time 341 ms. 
54203      DEBUG main            d.u.i.k.p.i.AbstractProblemLoader Init config took 2.51s 
54244      INFO  main            d.u.i.k.p.i.AbstractProblemLoader Replaying proof CellTest[CellTest::test2(Cell)].JML operation contract.0 
54245      DEBUG main            d.u.i.k.p.i.IntermediateProofReplayer Proof replay took 5.7ns 
54246      WARN  main            d.u.i.k.n.ParsingFacade   /home/runner/work/key/key/key.core/../key.ui/examples/heap/model_methods/CellTest_test2.key took 0 ms to parse. 
54246      WARN  main            d.u.i.k.n.ParsingFacade   Parsing time 341 ms. 
54548      INFO  main            d.u.i.k.p.r.p.TestFile    ... finished proof: closed. 
54736      INFO  main            d.u.i.k.p.i.AbstractProblemLoader Loading environment from /home/runner/work/key/key/key.core/../key.ui/examples/heap/model_methods/CellTest_test2.key.proof 
54736      DEBUG main            d.u.i.k.p.i.AbstractProblemLoader Environment load took 104.2ns 
54736      WARN  main            d.u.i.k.n.ParsingFacade   /home/runner/work/key/key/key.core/../key.ui/examples/heap/model_methods/CellTest_test2.key.proof took 0 ms to parse. 
54736      WARN  main            d.u.i.k.n.ParsingFacade   Parsing time 341 ms. 
54737      INFO  main            d.u.i.k.p.i.AbstractProblemLoader Creating init config 
55565      WARN  main            d.u.i.k.n.ParsingFacade   file:/home/runner/work/key/key/key.core/build/resources/main/de/uka/ilkd/key/java/JavaRedux/java/lang/String.key took 1 ms to parse. 
55565      WARN  main            d.u.i.k.n.ParsingFacade   Parsing time 342 ms. 
57198      DEBUG main            d.u.i.k.p.i.AbstractProblemLoader Init config took 2.46s 
57239      INFO  main            d.u.i.k.p.i.AbstractProblemLoader Replaying proof CellTest[CellTest::test2(Cell)].JML operation contract.0 
57311      DEBUG main            d.u.i.k.p.i.IntermediateProofReplayer Proof replay took 69.15ms 
57312      WARN  main            d.u.i.k.n.ParsingFacade   /home/runner/work/key/key/key.core/../key.ui/examples/heap/model_methods/CellTest_test2.key.proof took 0 ms to parse. 
57312      WARN  main            d.u.i.k.n.ParsingFacade   Parsing time 342 ms. 
57313      DEBUG main            d.u.i.k.p.r.p.TestFile    ... success: reloaded. 
57314      INFO  main            d.u.i.k.p.r.p.TestFile    Now processing file /home/runner/work/key/key/key.core/../key.ui/examples/heap/model_methods/CellTest_test.key 
57314      INFO  main            d.u.i.k.p.i.AbstractProblemLoader Loading environment from /home/runner/work/key/key/key.core/../key.ui/examples/heap/model_methods/CellTest_test.key 
57314      DEBUG main            d.u.i.k.p.i.AbstractProblemLoader Environment load took 194.9ns 
57315      WARN  main            d.u.i.k.n.ParsingFacade   /home/runner/work/key/key/key.core/../key.ui/examples/heap/model_methods/CellTest_test.key took 0 ms to parse. 
57315      WARN  main            d.u.i.k.n.ParsingFacade   Parsing time 342 ms. 
57316      INFO  main            d.u.i.k.p.i.AbstractProblemLoader Creating init config 
58134      WARN  main            d.u.i.k.n.ParsingFacade   file:/home/runner/work/key/key/key.core/build/resources/main/de/uka/ilkd/key/java/JavaRedux/java/lang/String.key took 1 ms to parse. 
58134      WARN  main            d.u.i.k.n.ParsingFacade   Parsing time 343 ms. 
59836      DEBUG main            d.u.i.k.p.i.AbstractProblemLoader Init config took 2.52s 
59894      INFO  main            d.u.i.k.p.i.AbstractProblemLoader Replaying proof CellTest[CellTest::test(Recell)].JML operation contract.0 
59896      DEBUG main            d.u.i.k.p.i.IntermediateProofReplayer Proof replay took 6.2ns 
59896      WARN  main            d.u.i.k.n.ParsingFacade   /home/runner/work/key/key/key.core/../key.ui/examples/heap/model_methods/CellTest_test.key took 0 ms to parse. 
59897      WARN  main            d.u.i.k.n.ParsingFacade   Parsing time 343 ms. 
62341      INFO  main            d.u.i.k.p.r.p.TestFile    ... finished proof: closed. 
62547      INFO  main            d.u.i.k.p.i.AbstractProblemLoader Loading environment from /home/runner/work/key/key/key.core/../key.ui/examples/heap/model_methods/CellTest_test.key.proof 
62548      DEBUG main            d.u.i.k.p.i.AbstractProblemLoader Environment load took 325.01ns 
62549      WARN  main            d.u.i.k.n.ParsingFacade   /home/runner/work/key/key/key.core/../key.ui/examples/heap/model_methods/CellTest_test.key.proof took 1 ms to parse. 
62549      WARN  main            d.u.i.k.n.ParsingFacade   Parsing time 344 ms. 
62549      INFO  main            d.u.i.k.p.i.AbstractProblemLoader Creating init config 
63389      WARN  main            d.u.i.k.n.ParsingFacade   file:/home/runner/work/key/key/key.core/build/resources/main/de/uka/ilkd/key/java/JavaRedux/java/lang/String.key took 1 ms to parse. 
63389      WARN  main            d.u.i.k.n.ParsingFacade   Parsing time 345 ms. 
64986      DEBUG main            d.u.i.k.p.i.AbstractProblemLoader Init config took 2.44s 
65027      INFO  main            d.u.i.k.p.i.AbstractProblemLoader Replaying proof CellTest[CellTest::test(Recell)].JML operation contract.0 
65561      DEBUG main            d.u.i.k.p.i.IntermediateProofReplayer Proof replay took 517.66ms 
65562      WARN  main            d.u.i.k.n.ParsingFacade   /home/runner/work/key/key/key.core/../key.ui/examples/heap/model_methods/CellTest_test.key.proof took 0 ms to parse. 
65562      WARN  main            d.u.i.k.n.ParsingFacade   Parsing time 345 ms. 
65563      DEBUG main            d.u.i.k.p.r.p.TestFile    ... success: reloaded. 
65564      INFO  main            d.u.i.k.p.r.p.TestFile    Now processing file /home/runner/work/key/key/key.core/../key.ui/examples/heap/model_methods/Coll1_add.key 
65565      INFO  main            d.u.i.k.p.i.AbstractProblemLoader Loading environment from /home/runner/work/key/key/key.core/../key.ui/examples/heap/model_methods/Coll1_add.key 
65565      DEBUG main            d.u.i.k.p.i.AbstractProblemLoader Environment load took 157.8ns 
65565      WARN  main            d.u.i.k.n.ParsingFacade   /home/runner/work/key/key/key.core/../key.ui/examples/heap/model_methods/Coll1_add.key took 0 ms to parse. 
65565      WARN  main            d.u.i.k.n.ParsingFacade   Parsing time 345 ms. 
65566      INFO  main            d.u.i.k.p.i.AbstractProblemLoader Creating init config 
66384      WARN  main            d.u.i.k.n.ParsingFacade   file:/home/runner/work/key/key/key.core/build/resources/main/de/uka/ilkd/key/java/JavaRedux/java/lang/String.key took 1 ms to parse. 
66384      WARN  main            d.u.i.k.n.ParsingFacade   Parsing time 346 ms. 
68049      DEBUG main            d.u.i.k.p.i.AbstractProblemLoader Init config took 2.48s 
68096      INFO  main            d.u.i.k.p.i.AbstractProblemLoader Replaying proof Coll1[Coll::add(int)].JML operation contract.0 
68099      DEBUG main            d.u.i.k.p.i.IntermediateProofReplayer Proof replay took 6.5ns 
68099      WARN  main            d.u.i.k.n.ParsingFacade   /home/runner/work/key/key/key.core/../key.ui/examples/heap/model_methods/Coll1_add.key took 0 ms to parse. 
68099      WARN  main            d.u.i.k.n.ParsingFacade   Parsing time 346 ms. 
68201      INFO  main            d.u.i.k.p.r.p.TestFile    ... finished proof: closed. 
68380      INFO  main            d.u.i.k.p.i.AbstractProblemLoader Loading environment from /home/runner/work/key/key/key.core/../key.ui/examples/heap/model_methods/Coll1_add.key.proof 
68380      DEBUG main            d.u.i.k.p.i.AbstractProblemLoader Environment load took 94.5ns 
68381      WARN  main            d.u.i.k.n.ParsingFacade   /home/runner/work/key/key/key.core/../key.ui/examples/heap/model_methods/Coll1_add.key.proof took 0 ms to parse. 
68381      WARN  main            d.u.i.k.n.ParsingFacade   Parsing time 346 ms. 
68381      INFO  main            d.u.i.k.p.i.AbstractProblemLoader Creating init config 
69183      WARN  main            d.u.i.k.n.ParsingFacade   file:/home/runner/work/key/key/key.core/build/resources/main/de/uka/ilkd/key/java/JavaRedux/java/lang/String.key took 1 ms to parse. 
69183      WARN  main            d.u.i.k.n.ParsingFacade   Parsing time 347 ms. 
70824      DEBUG main            d.u.i.k.p.i.AbstractProblemLoader Init config took 2.44s 
70864      INFO  main            d.u.i.k.p.i.AbstractProblemLoader Replaying proof Coll1[Coll::add(int)].JML operation contract.0 
70873      DEBUG main            d.u.i.k.p.i.IntermediateProofReplayer Proof replay took 6.83ms 
70873      WARN  main            d.u.i.k.n.ParsingFacade   /home/runner/work/key/key/key.core/../key.ui/examples/heap/model_methods/Coll1_add.key.proof took 0 ms to parse. 
70873      WARN  main            d.u.i.k.n.ParsingFacade   Parsing time 347 ms. 
70874      DEBUG main            d.u.i.k.p.r.p.TestFile    ... success: reloaded. 
70875      INFO  main            d.u.i.k.p.r.p.TestFile    Now processing file /home/runner/work/key/key/key.core/../key.ui/examples/heap/model_methods/Coll1_Coll1_add_pre.key 
70875      INFO  main            d.u.i.k.p.i.AbstractProblemLoader Loading environment from /home/runner/work/key/key/key.core/../key.ui/examples/heap/model_methods/Coll1_Coll1_add_pre.key 
70876      DEBUG main            d.u.i.k.p.i.AbstractProblemLoader Environment load took 153.1ns 
70876      WARN  main            d.u.i.k.n.ParsingFacade   /home/runner/work/key/key/key.core/../key.ui/examples/heap/model_methods/Coll1_Coll1_add_pre.key took 0 ms to parse. 
70876      WARN  main            d.u.i.k.n.ParsingFacade   Parsing time 347 ms. 
70877      INFO  main            d.u.i.k.p.i.AbstractProblemLoader Creating init config 
71682      WARN  main            d.u.i.k.n.ParsingFacade   file:/home/runner/work/key/key/key.core/build/resources/main/de/uka/ilkd/key/java/JavaRedux/java/lang/String.key took 1 ms to parse. 
71682      WARN  main            d.u.i.k.n.ParsingFacade   Parsing time 348 ms. 
73379      DEBUG main            d.u.i.k.p.i.AbstractProblemLoader Init config took 2.5s 
73417      INFO  main            d.u.i.k.p.i.AbstractProblemLoader Replaying proof Coll1[Coll1::add_pre(int)].JML model_behavior operation contract.0 
73419      DEBUG main            d.u.i.k.p.i.IntermediateProofReplayer Proof replay took 6.5ns 
73420      WARN  main            d.u.i.k.n.ParsingFacade   /home/runner/work/key/key/key.core/../key.ui/examples/heap/model_methods/Coll1_Coll1_add_pre.key took 0 ms to parse. 
73420      WARN  main            d.u.i.k.n.ParsingFacade   Parsing time 348 ms. 
73521      INFO  main            d.u.i.k.p.r.p.TestFile    ... finished proof: closed. 
73711      INFO  main            d.u.i.k.p.i.AbstractProblemLoader Loading environment from /home/runner/work/key/key/key.core/../key.ui/examples/heap/model_methods/Coll1_Coll1_add_pre.key.proof 
73711      DEBUG main            d.u.i.k.p.i.AbstractProblemLoader Environment load took 102ns 
73711      WARN  main            d.u.i.k.n.ParsingFacade   /home/runner/work/key/key/key.core/../key.ui/examples/heap/model_methods/Coll1_Coll1_add_pre.key.proof took 0 ms to parse. 
73711      WARN  main            d.u.i.k.n.ParsingFacade   Parsing time 348 ms. 
73712      INFO  main            d.u.i.k.p.i.AbstractProblemLoader Creating init config 
74526      WARN  main            d.u.i.k.n.ParsingFacade   file:/home/runner/work/key/key/key.core/build/resources/main/de/uka/ilkd/key/java/JavaRedux/java/lang/String.key took 4 ms to parse. 
74526      WARN  main            d.u.i.k.n.ParsingFacade   Parsing time 352 ms. 
76194      DEBUG main            d.u.i.k.p.i.AbstractProblemLoader Init config took 2.48s 
76244      INFO  main            d.u.i.k.p.i.AbstractProblemLoader Replaying proof Coll1[Coll1::add_pre(int)].JML model_behavior operation contract.0 
76247      DEBUG main            d.u.i.k.p.i.IntermediateProofReplayer Proof replay took 1.3ms 
76247      WARN  main            d.u.i.k.n.ParsingFacade   /home/runner/work/key/key/key.core/../key.ui/examples/heap/model_methods/Coll1_Coll1_add_pre.key.proof took 0 ms to parse. 
76248      WARN  main            d.u.i.k.n.ParsingFacade   Parsing time 352 ms. 
76248      DEBUG main            d.u.i.k.p.r.p.TestFile    ... success: reloaded. 
76249      INFO  main            d.u.i.k.p.r.p.TestFile    Now processing file /home/runner/work/key/key/key.core/../key.ui/examples/heap/model_methods/Coll1_Coll_add_pre.key 
76249      INFO  main            d.u.i.k.p.i.AbstractProblemLoader Loading environment from /home/runner/work/key/key/key.core/../key.ui/examples/heap/model_methods/Coll1_Coll_add_pre.key 
76250      DEBUG main            d.u.i.k.p.i.AbstractProblemLoader Environment load took 187ns 
76250      WARN  main            d.u.i.k.n.ParsingFacade   /home/runner/work/key/key/key.core/../key.ui/examples/heap/model_methods/Coll1_Coll_add_pre.key took 0 ms to parse. 
76250      WARN  main            d.u.i.k.n.ParsingFacade   Parsing time 352 ms. 
76251      INFO  main            d.u.i.k.p.i.AbstractProblemLoader Creating init config 
77070      WARN  main            d.u.i.k.n.ParsingFacade   file:/home/runner/work/key/key/key.core/build/resources/main/de/uka/ilkd/key/java/JavaRedux/java/lang/String.key took 1 ms to parse. 
77070      WARN  main            d.u.i.k.n.ParsingFacade   Parsing time 353 ms. 
78734      DEBUG main            d.u.i.k.p.i.AbstractProblemLoader Init config took 2.48s 
78773      INFO  main            d.u.i.k.p.i.AbstractProblemLoader Replaying proof Coll1[Coll::add_pre(int)].JML model_behavior operation contract.0 
78774      DEBUG main            d.u.i.k.p.i.IntermediateProofReplayer Proof replay took 6.2ns 
78775      WARN  main            d.u.i.k.n.ParsingFacade   /home/runner/work/key/key/key.core/../key.ui/examples/heap/model_methods/Coll1_Coll_add_pre.key took 1 ms to parse. 
78775      WARN  main            d.u.i.k.n.ParsingFacade   Parsing time 354 ms. 
78879      INFO  main            d.u.i.k.p.r.p.TestFile    ... finished proof: closed. 
79076      INFO  main            d.u.i.k.p.i.AbstractProblemLoader Loading environment from /home/runner/work/key/key/key.core/../key.ui/examples/heap/model_methods/Coll1_Coll_add_pre.key.proof 
79077      DEBUG main            d.u.i.k.p.i.AbstractProblemLoader Environment load took 101.9ns 
79077      WARN  main            d.u.i.k.n.ParsingFacade   /home/runner/work/key/key/key.core/../key.ui/examples/heap/model_methods/Coll1_Coll_add_pre.key.proof took 0 ms to parse. 
79077      WARN  main            d.u.i.k.n.ParsingFacade   Parsing time 354 ms. 
79077      INFO  main            d.u.i.k.p.i.AbstractProblemLoader Creating init config 
79881      WARN  main            d.u.i.k.n.ParsingFacade   file:/home/runner/work/key/key/key.core/build/resources/main/de/uka/ilkd/key/java/JavaRedux/java/lang/String.key took 1 ms to parse. 
79881      WARN  main            d.u.i.k.n.ParsingFacade   Parsing time 355 ms. 
81494      DEBUG main            d.u.i.k.p.i.AbstractProblemLoader Init config took 2.42s 
81532      INFO  main            d.u.i.k.p.i.AbstractProblemLoader Replaying proof Coll1[Coll::add_pre(int)].JML model_behavior operation contract.0 
81535      DEBUG main            d.u.i.k.p.i.IntermediateProofReplayer Proof replay took 1.95ms 
81535      WARN  main            d.u.i.k.n.ParsingFacade   /home/runner/work/key/key/key.core/../key.ui/examples/heap/model_methods/Coll1_Coll_add_pre.key.proof took 0 ms to parse. 
81535      WARN  main            d.u.i.k.n.ParsingFacade   Parsing time 355 ms. 
81536      DEBUG main            d.u.i.k.p.r.p.TestFile    ... success: reloaded. 
81537      INFO  main            d.u.i.k.p.r.p.TestFile    Now processing file /home/runner/work/key/key/key.core/../key.ui/examples/heap/model_methods/Coll2_add.key 
81537      INFO  main            d.u.i.k.p.i.AbstractProblemLoader Loading environment from /home/runner/work/key/key/key.core/../key.ui/examples/heap/model_methods/Coll2_add.key 
81537      DEBUG main            d.u.i.k.p.i.AbstractProblemLoader Environment load took 84ns 
81537      WARN  main            d.u.i.k.n.ParsingFacade   /home/runner/work/key/key/key.core/../key.ui/examples/heap/model_methods/Coll2_add.key took 0 ms to parse. 
81537      WARN  main            d.u.i.k.n.ParsingFacade   Parsing time 355 ms. 
81551      INFO  main            d.u.i.k.p.i.AbstractProblemLoader Creating init config 
82401      WARN  main            d.u.i.k.n.ParsingFacade   file:/home/runner/work/key/key/key.core/build/resources/main/de/uka/ilkd/key/java/JavaRedux/java/lang/String.key took 1 ms to parse. 
82401      WARN  main            d.u.i.k.n.ParsingFacade   Parsing time 356 ms. 
84042      DEBUG main            d.u.i.k.p.i.AbstractProblemLoader Init config took 2.49s 
84084      INFO  main            d.u.i.k.p.i.AbstractProblemLoader Replaying proof Coll2[Coll::add(int)].JML operation contract.0 
84086      DEBUG main            d.u.i.k.p.i.IntermediateProofReplayer Proof replay took 7.2ns 
84086      WARN  main            d.u.i.k.n.ParsingFacade   /home/runner/work/key/key/key.core/../key.ui/examples/heap/model_methods/Coll2_add.key took 0 ms to parse. 
84086      WARN  main            d.u.i.k.n.ParsingFacade   Parsing time 356 ms. 
84187      INFO  main            d.u.i.k.p.r.p.TestFile    ... finished proof: closed. 
84386      INFO  main            d.u.i.k.p.i.AbstractProblemLoader Loading environment from /home/runner/work/key/key/key.core/../key.ui/examples/heap/model_methods/Coll2_add.key.proof 
84386      DEBUG main            d.u.i.k.p.i.AbstractProblemLoader Environment load took 103.3ns 
84386      WARN  main            d.u.i.k.n.ParsingFacade   /home/runner/work/key/key/key.core/../key.ui/examples/heap/model_methods/Coll2_add.key.proof took 0 ms to parse. 
84387      WARN  main            d.u.i.k.n.ParsingFacade   Parsing time 356 ms. 
84387      INFO  main            d.u.i.k.p.i.AbstractProblemLoader Creating init config 
85191      WARN  main            d.u.i.k.n.ParsingFacade   file:/home/runner/work/key/key/key.core/build/resources/main/de/uka/ilkd/key/java/JavaRedux/java/lang/String.key took 1 ms to parse. 
85191      WARN  main            d.u.i.k.n.ParsingFacade   Parsing time 357 ms. 
86868      DEBUG main            d.u.i.k.p.i.AbstractProblemLoader Init config took 2.48s 
86908      INFO  main            d.u.i.k.p.i.AbstractProblemLoader Replaying proof Coll2[Coll::add(int)].JML operation contract.0 
86917      DEBUG main            d.u.i.k.p.i.IntermediateProofReplayer Proof replay took 6.24ms 
86917      WARN  main            d.u.i.k.n.ParsingFacade   /home/runner/work/key/key/key.core/../key.ui/examples/heap/model_methods/Coll2_add.key.proof took 0 ms to parse. 
86917      WARN  main            d.u.i.k.n.ParsingFacade   Parsing time 357 ms. 
86918      DEBUG main            d.u.i.k.p.r.p.TestFile    ... success: reloaded. 
86919      INFO  main            d.u.i.k.p.r.p.TestFile    Now processing file /home/runner/work/key/key/key.core/../key.ui/examples/heap/model_methods/Coll2_Coll2_add_pre.key 
86919      INFO  main            d.u.i.k.p.i.AbstractProblemLoader Loading environment from /home/runner/work/key/key/key.core/../key.ui/examples/heap/model_methods/Coll2_Coll2_add_pre.key 
86919      DEBUG main            d.u.i.k.p.i.AbstractProblemLoader Environment load took 187.1ns 
86920      WARN  main            d.u.i.k.n.ParsingFacade   /home/runner/work/key/key/key.core/../key.ui/examples/heap/model_methods/Coll2_Coll2_add_pre.key took 0 ms to parse. 
86920      WARN  main            d.u.i.k.n.ParsingFacade   Parsing time 357 ms. 
86920      INFO  main            d.u.i.k.p.i.AbstractProblemLoader Creating init config 
87734      WARN  main            d.u.i.k.n.ParsingFacade   file:/home/runner/work/key/key/key.core/build/resources/main/de/uka/ilkd/key/java/JavaRedux/java/lang/String.key took 1 ms to parse. 
87735      WARN  main            d.u.i.k.n.ParsingFacade   Parsing time 358 ms. 
89353      DEBUG main            d.u.i.k.p.i.AbstractProblemLoader Init config took 2.43s 
89389      INFO  main            d.u.i.k.p.i.AbstractProblemLoader Replaying proof Coll2[Coll2::add_pre(int)].JML model_behavior operation contract.0 
89390      DEBUG main            d.u.i.k.p.i.IntermediateProofReplayer Proof replay took 6.8ns 
89391      WARN  main            d.u.i.k.n.ParsingFacade   /home/runner/work/key/key/key.core/../key.ui/examples/heap/model_methods/Coll2_Coll2_add_pre.key took 0 ms to parse. 
89391      WARN  main            d.u.i.k.n.ParsingFacade   Parsing time 358 ms. 
89493      INFO  main            d.u.i.k.p.r.p.TestFile    ... finished proof: closed. 
89718      INFO  main            d.u.i.k.p.i.AbstractProblemLoader Loading environment from /home/runner/work/key/key/key.core/../key.ui/examples/heap/model_methods/Coll2_Coll2_add_pre.key.proof 
89718      DEBUG main            d.u.i.k.p.i.AbstractProblemLoader Environment load took 92.3ns 
89719      WARN  main            d.u.i.k.n.ParsingFacade   /home/runner/work/key/key/key.core/../key.ui/examples/heap/model_methods/Coll2_Coll2_add_pre.key.proof took 0 ms to parse. 
89719      WARN  main            d.u.i.k.n.ParsingFacade   Parsing time 358 ms. 
89720      INFO  main            d.u.i.k.p.i.AbstractProblemLoader Creating init config 
90524      WARN  main            d.u.i.k.n.ParsingFacade   file:/home/runner/work/key/key/key.core/build/resources/main/de/uka/ilkd/key/java/JavaRedux/java/lang/String.key took 3 ms to parse. 
90524      WARN  main            d.u.i.k.n.ParsingFacade   Parsing time 361 ms. 
92194      DEBUG main            d.u.i.k.p.i.AbstractProblemLoader Init config took 2.47s 
92231      INFO  main            d.u.i.k.p.i.AbstractProblemLoader Replaying proof Coll2[Coll2::add_pre(int)].JML model_behavior operation contract.0 
92234      DEBUG main            d.u.i.k.p.i.IntermediateProofReplayer Proof replay took 1.32ms 
92234      WARN  main            d.u.i.k.n.ParsingFacade   /home/runner/work/key/key/key.core/../key.ui/examples/heap/model_methods/Coll2_Coll2_add_pre.key.proof took 0 ms to parse. 
92234      WARN  main            d.u.i.k.n.ParsingFacade   Parsing time 361 ms. 
92235      DEBUG main            d.u.i.k.p.r.p.TestFile    ... success: reloaded. 
92236      INFO  main            d.u.i.k.p.r.p.TestFile    Now processing file /home/runner/work/key/key/key.core/../key.ui/examples/heap/model_methods/Coll2_Coll_add_pre.key 
92236      INFO  main            d.u.i.k.p.i.AbstractProblemLoader Loading environment from /home/runner/work/key/key/key.core/../key.ui/examples/heap/model_methods/Coll2_Coll_add_pre.key 
92236      DEBUG main            d.u.i.k.p.i.AbstractProblemLoader Environment load took 79.6ns 
92236      WARN  main            d.u.i.k.n.ParsingFacade   /home/runner/work/key/key/key.core/../key.ui/examples/heap/model_methods/Coll2_Coll_add_pre.key took 0 ms to parse. 
92236      WARN  main            d.u.i.k.n.ParsingFacade   Parsing time 361 ms. 
92237      INFO  main            d.u.i.k.p.i.AbstractProblemLoader Creating init config 
93030      WARN  main            d.u.i.k.n.ParsingFacade   file:/home/runner/work/key/key/key.core/build/resources/main/de/uka/ilkd/key/java/JavaRedux/java/lang/String.key took 1 ms to parse. 
93031      WARN  main            d.u.i.k.n.ParsingFacade   Parsing time 362 ms. 
94666      DEBUG main            d.u.i.k.p.i.AbstractProblemLoader Init config took 2.43s 
94704      INFO  main            d.u.i.k.p.i.AbstractProblemLoader Replaying proof Coll2[Coll::add_pre(int)].JML model_behavior operation contract.0 
94708      DEBUG main            d.u.i.k.p.i.IntermediateProofReplayer Proof replay took 8.2ns 
94709      WARN  main            d.u.i.k.n.ParsingFacade   /home/runner/work/key/key/key.core/../key.ui/examples/heap/model_methods/Coll2_Coll_add_pre.key took 0 ms to parse. 
94709      WARN  main            d.u.i.k.n.ParsingFacade   Parsing time 362 ms. 
94810      INFO  main            d.u.i.k.p.r.p.TestFile    ... finished proof: closed. 
95023      INFO  main            d.u.i.k.p.i.AbstractProblemLoader Loading environment from /home/runner/work/key/key/key.core/../key.ui/examples/heap/model_methods/Coll2_Coll_add_pre.key.proof 
95023      DEBUG main            d.u.i.k.p.i.AbstractProblemLoader Environment load took 93.4ns 
95023      WARN  main            d.u.i.k.n.ParsingFacade   /home/runner/work/key/key/key.core/../key.ui/examples/heap/model_methods/Coll2_Coll_add_pre.key.proof took 0 ms to parse. 
95023      WARN  main            d.u.i.k.n.ParsingFacade   Parsing time 362 ms. 
95024      INFO  main            d.u.i.k.p.i.AbstractProblemLoader Creating init config 
95819      WARN  main            d.u.i.k.n.ParsingFacade   file:/home/runner/work/key/key/key.core/build/resources/main/de/uka/ilkd/key/java/JavaRedux/java/lang/String.key took 1 ms to parse. 
95819      WARN  main            d.u.i.k.n.ParsingFacade   Parsing time 363 ms. 
97436      DEBUG main            d.u.i.k.p.i.AbstractProblemLoader Init config took 2.41s 
97474      INFO  main            d.u.i.k.p.i.AbstractProblemLoader Replaying proof Coll2[Coll::add_pre(int)].JML model_behavior operation contract.0 
97477      DEBUG main            d.u.i.k.p.i.IntermediateProofReplayer Proof replay took 1.86ms 
97478      WARN  main            d.u.i.k.n.ParsingFacade   /home/runner/work/key/key/key.core/../key.ui/examples/heap/model_methods/Coll2_Coll_add_pre.key.proof took 0 ms to parse. 
97478      WARN  main            d.u.i.k.n.ParsingFacade   Parsing time 363 ms. 
97478      DEBUG main            d.u.i.k.p.r.p.TestFile    ... success: reloaded. 
97479      INFO  main            d.u.i.k.p.r.p.TestFile    Now processing file /home/runner/work/key/key/key.core/../key.ui/examples/heap/model_methods/Coll_add.key 
97479      INFO  main            d.u.i.k.p.i.AbstractProblemLoader Loading environment from /home/runner/work/key/key/key.core/../key.ui/examples/heap/model_methods/Coll_add.key 
97479      DEBUG main            d.u.i.k.p.i.AbstractProblemLoader Environment load took 79.1ns 
97480      WARN  main            d.u.i.k.n.ParsingFacade   /home/runner/work/key/key/key.core/../key.ui/examples/heap/model_methods/Coll_add.key took 0 ms to parse. 
97480      WARN  main            d.u.i.k.n.ParsingFacade   Parsing time 363 ms. 
97480      INFO  main            d.u.i.k.p.i.AbstractProblemLoader Creating init config 
98295      WARN  main            d.u.i.k.n.ParsingFacade   file:/home/runner/work/key/key/key.core/build/resources/main/de/uka/ilkd/key/java/JavaRedux/java/lang/String.key took 1 ms to parse. 
98296      WARN  main            d.u.i.k.n.ParsingFacade   Parsing time 364 ms. 
99974      DEBUG main            d.u.i.k.p.i.AbstractProblemLoader Init config took 2.49s 
100012     INFO  main            d.u.i.k.p.i.AbstractProblemLoader Replaying proof Coll[Coll::add(int)].JML operation contract.0 
100014     DEBUG main            d.u.i.k.p.i.IntermediateProofReplayer Proof replay took 7ns 
100014     WARN  main            d.u.i.k.n.ParsingFacade   /home/runner/work/key/key/key.core/../key.ui/examples/heap/model_methods/Coll_add.key took 0 ms to parse. 
100014     WARN  main            d.u.i.k.n.ParsingFacade   Parsing time 364 ms. 
100116     INFO  main            d.u.i.k.p.r.p.TestFile    ... finished proof: closed. 
100329     INFO  main            d.u.i.k.p.i.AbstractProblemLoader Loading environment from /home/runner/work/key/key/key.core/../key.ui/examples/heap/model_methods/Coll_add.key.proof 
100330     DEBUG main            d.u.i.k.p.i.AbstractProblemLoader Environment load took 107.3ns 
100330     WARN  main            d.u.i.k.n.ParsingFacade   /home/runner/work/key/key/key.core/../key.ui/examples/heap/model_methods/Coll_add.key.proof took 0 ms to parse. 
100330     WARN  main            d.u.i.k.n.ParsingFacade   Parsing time 364 ms. 
100331     INFO  main            d.u.i.k.p.i.AbstractProblemLoader Creating init config 
101120     WARN  main            d.u.i.k.n.ParsingFacade   file:/home/runner/work/key/key/key.core/build/resources/main/de/uka/ilkd/key/java/JavaRedux/java/lang/String.key took 1 ms to parse. 
101120     WARN  main            d.u.i.k.n.ParsingFacade   Parsing time 365 ms. 
102733     DEBUG main            d.u.i.k.p.i.AbstractProblemLoader Init config took 2.4s 
102771     INFO  main            d.u.i.k.p.i.AbstractProblemLoader Replaying proof Coll[Coll::add(int)].JML operation contract.0 
102775     DEBUG main            d.u.i.k.p.i.IntermediateProofReplayer Proof replay took 2.02ms 
102775     WARN  main            d.u.i.k.n.ParsingFacade   /home/runner/work/key/key/key.core/../key.ui/examples/heap/model_methods/Coll_add.key.proof took 0 ms to parse. 
102775     WARN  main            d.u.i.k.n.ParsingFacade   Parsing time 365 ms. 
102776     DEBUG main            d.u.i.k.p.r.p.TestFile    ... success: reloaded. 
102777     INFO  main            d.u.i.k.p.r.p.TestFile    Now processing file /home/runner/work/key/key/key.core/../key.ui/examples/heap/model_methods/Coll_add_pre.key 
102777     INFO  main            d.u.i.k.p.i.AbstractProblemLoader Loading environment from /home/runner/work/key/key/key.core/../key.ui/examples/heap/model_methods/Coll_add_pre.key 
102777     DEBUG main            d.u.i.k.p.i.AbstractProblemLoader Environment load took 78.2ns 
102777     WARN  main            d.u.i.k.n.ParsingFacade   /home/runner/work/key/key/key.core/../key.ui/examples/heap/model_methods/Coll_add_pre.key took 0 ms to parse. 
102777     WARN  main            d.u.i.k.n.ParsingFacade   Parsing time 365 ms. 
102778     INFO  main            d.u.i.k.p.i.AbstractProblemLoader Creating init config 
103640     WARN  main            d.u.i.k.n.ParsingFacade   file:/home/runner/work/key/key/key.core/build/resources/main/de/uka/ilkd/key/java/JavaRedux/java/lang/String.key took 0 ms to parse. 
103640     WARN  main            d.u.i.k.n.ParsingFacade   Parsing time 365 ms. 
105262     DEBUG main            d.u.i.k.p.i.AbstractProblemLoader Init config took 2.48s 
105299     INFO  main            d.u.i.k.p.i.AbstractProblemLoader Replaying proof Coll[Coll::add_pre(int)].JML model_behavior operation contract.0 
105301     DEBUG main            d.u.i.k.p.i.IntermediateProofReplayer Proof replay took 7.8ns 
105301     WARN  main            d.u.i.k.n.ParsingFacade   /home/runner/work/key/key/key.core/../key.ui/examples/heap/model_methods/Coll_add_pre.key took 0 ms to parse. 
105301     WARN  main            d.u.i.k.n.ParsingFacade   Parsing time 365 ms. 
105402     INFO  main            d.u.i.k.p.r.p.TestFile    ... finished proof: closed. 
105648     INFO  main            d.u.i.k.p.i.AbstractProblemLoader Loading environment from /home/runner/work/key/key/key.core/../key.ui/examples/heap/model_methods/Coll_add_pre.key.proof 
105648     DEBUG main            d.u.i.k.p.i.AbstractProblemLoader Environment load took 90.7ns 
105648     WARN  main            d.u.i.k.n.ParsingFacade   /home/runner/work/key/key/key.core/../key.ui/examples/heap/model_methods/Coll_add_pre.key.proof took 0 ms to parse. 
105648     WARN  main            d.u.i.k.n.ParsingFacade   Parsing time 365 ms. 
105649     INFO  main            d.u.i.k.p.i.AbstractProblemLoader Creating init config 
106453     WARN  main            d.u.i.k.n.ParsingFacade   file:/home/runner/work/key/key/key.core/build/resources/main/de/uka/ilkd/key/java/JavaRedux/java/lang/String.key took 1 ms to parse. 
106454     WARN  main            d.u.i.k.n.ParsingFacade   Parsing time 366 ms. 
108073     DEBUG main            d.u.i.k.p.i.AbstractProblemLoader Init config took 2.42s 
108111     INFO  main            d.u.i.k.p.i.AbstractProblemLoader Replaying proof Coll[Coll::add_pre(int)].JML model_behavior operation contract.0 
108114     DEBUG main            d.u.i.k.p.i.IntermediateProofReplayer Proof replay took 2.32ms 
108115     WARN  main            d.u.i.k.n.ParsingFacade   /home/runner/work/key/key/key.core/../key.ui/examples/heap/model_methods/Coll_add_pre.key.proof took 0 ms to parse. 
108115     WARN  main            d.u.i.k.n.ParsingFacade   Parsing time 366 ms. 
108115     DEBUG main            d.u.i.k.p.r.p.TestFile    ... success: reloaded. 
108116     INFO  main            d.u.i.k.p.r.p.TestFile    Now processing file /home/runner/work/key/key/key.core/../key.ui/examples/heap/model_methods/Indirect_callAdd.key 
108116     INFO  main            d.u.i.k.p.i.AbstractProblemLoader Loading environment from /home/runner/work/key/key/key.core/../key.ui/examples/heap/model_methods/Indirect_callAdd.key 
108116     DEBUG main            d.u.i.k.p.i.AbstractProblemLoader Environment load took 84.4ns 
108117     WARN  main            d.u.i.k.n.ParsingFacade   /home/runner/work/key/key/key.core/../key.ui/examples/heap/model_methods/Indirect_callAdd.key took 1 ms to parse. 
108117     WARN  main            d.u.i.k.n.ParsingFacade   Parsing time 367 ms. 
108117     INFO  main            d.u.i.k.p.i.AbstractProblemLoader Creating init config 
108929     WARN  main            d.u.i.k.n.ParsingFacade   file:/home/runner/work/key/key/key.core/build/resources/main/de/uka/ilkd/key/java/JavaRedux/java/lang/String.key took 2 ms to parse. 
108929     WARN  main            d.u.i.k.n.ParsingFacade   Parsing time 369 ms. 
110635     DEBUG main            d.u.i.k.p.i.AbstractProblemLoader Init config took 2.52s 
110671     INFO  main            d.u.i.k.p.i.AbstractProblemLoader Replaying proof Indirect[Indirect::callAdd(Coll,int)].JML operation contract.0 
110672     DEBUG main            d.u.i.k.p.i.IntermediateProofReplayer Proof replay took 14.9ns 
110673     WARN  main            d.u.i.k.n.ParsingFacade   /home/runner/work/key/key/key.core/../key.ui/examples/heap/model_methods/Indirect_callAdd.key took 1 ms to parse. 
110673     WARN  main            d.u.i.k.n.ParsingFacade   Parsing time 370 ms. 
110775     INFO  main            d.u.i.k.p.r.p.TestFile    ... finished proof: closed. 
111012     INFO  main            d.u.i.k.p.i.AbstractProblemLoader Loading environment from /home/runner/work/key/key/key.core/../key.ui/examples/heap/model_methods/Indirect_callAdd.key.proof 
111012     DEBUG main            d.u.i.k.p.i.AbstractProblemLoader Environment load took 100.3ns 
111012     WARN  main            d.u.i.k.n.ParsingFacade   /home/runner/work/key/key/key.core/../key.ui/examples/heap/model_methods/Indirect_callAdd.key.proof took 0 ms to parse. 
111012     WARN  main            d.u.i.k.n.ParsingFacade   Parsing time 370 ms. 
111013     INFO  main            d.u.i.k.p.i.AbstractProblemLoader Creating init config 
111809     WARN  main            d.u.i.k.n.ParsingFacade   file:/home/runner/work/key/key/key.core/build/resources/main/de/uka/ilkd/key/java/JavaRedux/java/lang/String.key took 1 ms to parse. 
111810     WARN  main            d.u.i.k.n.ParsingFacade   Parsing time 371 ms. 
113397     DEBUG main            d.u.i.k.p.i.AbstractProblemLoader Init config took 2.38s 
113435     INFO  main            d.u.i.k.p.i.AbstractProblemLoader Replaying proof Indirect[Indirect::callAdd(Coll,int)].JML operation contract.0 
113471     DEBUG main            d.u.i.k.p.i.IntermediateProofReplayer Proof replay took 33.85ms 
113471     WARN  main            d.u.i.k.n.ParsingFacade   /home/runner/work/key/key/key.core/../key.ui/examples/heap/model_methods/Indirect_callAdd.key.proof took 0 ms to parse. 
113471     WARN  main            d.u.i.k.n.ParsingFacade   Parsing time 371 ms. 
113472     DEBUG main            d.u.i.k.p.r.p.TestFile    ... success: reloaded. 
113473     INFO  main            d.u.i.k.p.r.p.TestFile    Now processing file /home/runner/work/key/key/key.core/../key.ui/examples/heap/model_methods/Indirect_test.key 
113473     INFO  main            d.u.i.k.p.i.AbstractProblemLoader Loading environment from /home/runner/work/key/key/key.core/../key.ui/examples/heap/model_methods/Indirect_test.key 
113473     DEBUG main            d.u.i.k.p.i.AbstractProblemLoader Environment load took 155.3ns 
113474     WARN  main            d.u.i.k.n.ParsingFacade   /home/runner/work/key/key/key.core/../key.ui/examples/heap/model_methods/Indirect_test.key took 0 ms to parse. 
113474     WARN  main            d.u.i.k.n.ParsingFacade   Parsing time 371 ms. 
113474     INFO  main            d.u.i.k.p.i.AbstractProblemLoader Creating init config 
114319     WARN  main            d.u.i.k.n.ParsingFacade   file:/home/runner/work/key/key/key.core/build/resources/main/de/uka/ilkd/key/java/JavaRedux/java/lang/String.key took 7 ms to parse. 
114319     WARN  main            d.u.i.k.n.ParsingFacade   Parsing time 378 ms. 
115972     DEBUG main            d.u.i.k.p.i.AbstractProblemLoader Init config took 2.5s 
116010     INFO  main            d.u.i.k.p.i.AbstractProblemLoader Replaying proof Indirect[Indirect::test(Coll1,Coll2)].JML operation contract.0 
116012     DEBUG main            d.u.i.k.p.i.IntermediateProofReplayer Proof replay took 6.4ns 
116012     WARN  main            d.u.i.k.n.ParsingFacade   /home/runner/work/key/key/key.core/../key.ui/examples/heap/model_methods/Indirect_test.key took 0 ms to parse. 
116014     WARN  main            d.u.i.k.n.ParsingFacade   Parsing time 378 ms. 
116216     INFO  main            d.u.i.k.p.r.p.TestFile    ... finished proof: closed. 
116464     INFO  main            d.u.i.k.p.i.AbstractProblemLoader Loading environment from /home/runner/work/key/key/key.core/../key.ui/examples/heap/model_methods/Indirect_test.key.proof 
116464     DEBUG main            d.u.i.k.p.i.AbstractProblemLoader Environment load took 89.7ns 
116464     WARN  main            d.u.i.k.n.ParsingFacade   /home/runner/work/key/key/key.core/../key.ui/examples/heap/model_methods/Indirect_test.key.proof took 0 ms to parse. 
116464     WARN  main            d.u.i.k.n.ParsingFacade   Parsing time 378 ms. 
116465     INFO  main            d.u.i.k.p.i.AbstractProblemLoader Creating init config 
117258     WARN  main            d.u.i.k.n.ParsingFacade   file:/home/runner/work/key/key/key.core/build/resources/main/de/uka/ilkd/key/java/JavaRedux/java/lang/String.key took 3 ms to parse. 
117259     WARN  main            d.u.i.k.n.ParsingFacade   Parsing time 381 ms. 
118855     DEBUG main            d.u.i.k.p.i.AbstractProblemLoader Init config took 2.39s 
118894     INFO  main            d.u.i.k.p.i.AbstractProblemLoader Replaying proof Indirect[Indirect::test(Coll1,Coll2)].JML operation contract.0 
118944     DEBUG main            d.u.i.k.p.i.IntermediateProofReplayer Proof replay took 47.33ms 
118945     WARN  main            d.u.i.k.n.ParsingFacade   /home/runner/work/key/key/key.core/../key.ui/examples/heap/model_methods/Indirect_test.key.proof took 0 ms to parse. 
118945     WARN  main            d.u.i.k.n.ParsingFacade   Parsing time 381 ms. 
118946     DEBUG main            d.u.i.k.p.r.p.TestFile    ... success: reloaded. 
118947     INFO  main            d.u.i.k.p.r.p.TestFile    Now processing file /home/runner/work/key/key/key.core/../key.ui/examples/heap/model_methods/Recell_Cell_footprint.key 
118947     INFO  main            d.u.i.k.p.i.AbstractProblemLoader Loading environment from /home/runner/work/key/key/key.core/../key.ui/examples/heap/model_methods/Recell_Cell_footprint.key 
118947     DEBUG main            d.u.i.k.p.i.AbstractProblemLoader Environment load took 150.2ns 
118947     WARN  main            d.u.i.k.n.ParsingFacade   /home/runner/work/key/key/key.core/../key.ui/examples/heap/model_methods/Recell_Cell_footprint.key took 0 ms to parse. 
118947     WARN  main            d.u.i.k.n.ParsingFacade   Parsing time 381 ms. 
118948     INFO  main            d.u.i.k.p.i.AbstractProblemLoader Creating init config 
119773     WARN  main            d.u.i.k.n.ParsingFacade   file:/home/runner/work/key/key/key.core/build/resources/main/de/uka/ilkd/key/java/JavaRedux/java/lang/String.key took 1 ms to parse. 
119773     WARN  main            d.u.i.k.n.ParsingFacade   Parsing time 382 ms. 
121450     DEBUG main            d.u.i.k.p.i.AbstractProblemLoader Init config took 2.5s 
121486     INFO  main            d.u.i.k.p.i.AbstractProblemLoader Replaying proof Recell[Cell::footprint()].JML model_behavior operation contract.0 
121487     DEBUG main            d.u.i.k.p.i.IntermediateProofReplayer Proof replay took 6.7ns 
121487     WARN  main            d.u.i.k.n.ParsingFacade   /home/runner/work/key/key/key.core/../key.ui/examples/heap/model_methods/Recell_Cell_footprint.key took 0 ms to parse. 
121487     WARN  main            d.u.i.k.n.ParsingFacade   Parsing time 382 ms. 
121589     INFO  main            d.u.i.k.p.r.p.TestFile    ... finished proof: closed. 
121835     INFO  main            d.u.i.k.p.i.AbstractProblemLoader Loading environment from /home/runner/work/key/key/key.core/../key.ui/examples/heap/model_methods/Recell_Cell_footprint.key.proof 
121835     DEBUG main            d.u.i.k.p.i.AbstractProblemLoader Environment load took 87.6ns 
121835     WARN  main            d.u.i.k.n.ParsingFacade   /home/runner/work/key/key/key.core/../key.ui/examples/heap/model_methods/Recell_Cell_footprint.key.proof took 0 ms to parse. 
121835     WARN  main            d.u.i.k.n.ParsingFacade   Parsing time 382 ms. 
121836     INFO  main            d.u.i.k.p.i.AbstractProblemLoader Creating init config 
122638     WARN  main            d.u.i.k.n.ParsingFacade   file:/home/runner/work/key/key/key.core/build/resources/main/de/uka/ilkd/key/java/JavaRedux/java/lang/String.key took 1 ms to parse. 
122638     WARN  main            d.u.i.k.n.ParsingFacade   Parsing time 383 ms. 
124245     DEBUG main            d.u.i.k.p.i.AbstractProblemLoader Init config took 2.41s 
124281     INFO  main            d.u.i.k.p.i.AbstractProblemLoader Replaying proof Recell[Cell::footprint()].JML model_behavior operation contract.0 
124285     DEBUG main            d.u.i.k.p.i.IntermediateProofReplayer Proof replay took 2.63ms 
124285     WARN  main            d.u.i.k.n.ParsingFacade   /home/runner/work/key/key/key.core/../key.ui/examples/heap/model_methods/Recell_Cell_footprint.key.proof took 0 ms to parse. 
124285     WARN  main            d.u.i.k.n.ParsingFacade   Parsing time 383 ms. 
124285     DEBUG main            d.u.i.k.p.r.p.TestFile    ... success: reloaded. 
124286     INFO  main            d.u.i.k.p.r.p.TestFile    Now processing file /home/runner/work/key/key/key.core/../key.ui/examples/heap/model_methods/Recell_Cell_post_set.key 
124286     INFO  main            d.u.i.k.p.i.AbstractProblemLoader Loading environment from /home/runner/work/key/key/key.core/../key.ui/examples/heap/model_methods/Recell_Cell_post_set.key 
124287     DEBUG main            d.u.i.k.p.i.AbstractProblemLoader Environment load took 73.2ns 
124287     WARN  main            d.u.i.k.n.ParsingFacade   /home/runner/work/key/key/key.core/../key.ui/examples/heap/model_methods/Recell_Cell_post_set.key took 0 ms to parse. 
124287     WARN  main            d.u.i.k.n.ParsingFacade   Parsing time 383 ms. 
124287     INFO  main            d.u.i.k.p.i.AbstractProblemLoader Creating init config 
125101     WARN  main            d.u.i.k.n.ParsingFacade   file:/home/runner/work/key/key/key.core/build/resources/main/de/uka/ilkd/key/java/JavaRedux/java/lang/String.key took 1 ms to parse. 
125101     WARN  main            d.u.i.k.n.ParsingFacade   Parsing time 384 ms. 
126756     DEBUG main            d.u.i.k.p.i.AbstractProblemLoader Init config took 2.47s 
126792     INFO  main            d.u.i.k.p.i.AbstractProblemLoader Replaying proof Recell[Cell::post_set(int)].JML model_behavior operation contract.0 
126793     DEBUG main            d.u.i.k.p.i.IntermediateProofReplayer Proof replay took 7ns 
126793     WARN  main            d.u.i.k.n.ParsingFacade   /home/runner/work/key/key/key.core/../key.ui/examples/heap/model_methods/Recell_Cell_post_set.key took 0 ms to parse. 
126793     WARN  main            d.u.i.k.n.ParsingFacade   Parsing time 384 ms. 
126894     INFO  main            d.u.i.k.p.r.p.TestFile    ... finished proof: closed. 
127144     INFO  main            d.u.i.k.p.i.AbstractProblemLoader Loading environment from /home/runner/work/key/key/key.core/../key.ui/examples/heap/model_methods/Recell_Cell_post_set.key.proof 
127145     DEBUG main            d.u.i.k.p.i.AbstractProblemLoader Environment load took 94ns 
127145     WARN  main            d.u.i.k.n.ParsingFacade   /home/runner/work/key/key/key.core/../key.ui/examples/heap/model_methods/Recell_Cell_post_set.key.proof took 0 ms to parse. 
127145     WARN  main            d.u.i.k.n.ParsingFacade   Parsing time 384 ms. 
127145     INFO  main            d.u.i.k.p.i.AbstractProblemLoader Creating init config 
127932     WARN  main            d.u.i.k.n.ParsingFacade   file:/home/runner/work/key/key/key.core/build/resources/main/de/uka/ilkd/key/java/JavaRedux/java/lang/String.key took 0 ms to parse. 
127933     WARN  main            d.u.i.k.n.ParsingFacade   Parsing time 384 ms. 
129525     DEBUG main            d.u.i.k.p.i.AbstractProblemLoader Init config took 2.38s 
129561     INFO  main            d.u.i.k.p.i.AbstractProblemLoader Replaying proof Recell[Cell::post_set(int)].JML model_behavior operation contract.0 
129569     DEBUG main            d.u.i.k.p.i.IntermediateProofReplayer Proof replay took 7.03ms 
129570     WARN  main            d.u.i.k.n.ParsingFacade   /home/runner/work/key/key/key.core/../key.ui/examples/heap/model_methods/Recell_Cell_post_set.key.proof took 0 ms to parse. 
129571     WARN  main            d.u.i.k.n.ParsingFacade   Parsing time 384 ms. 
129571     DEBUG main            d.u.i.k.p.r.p.TestFile    ... success: reloaded. 
129572     INFO  main            d.u.i.k.p.r.p.TestFile    Now processing file /home/runner/work/key/key/key.core/../key.ui/examples/heap/model_methods/Recell_footprint_acc.key 
129573     INFO  main            d.u.i.k.p.i.AbstractProblemLoader Loading environment from /home/runner/work/key/key/key.core/../key.ui/examples/heap/model_methods/Recell_footprint_acc.key 
129573     DEBUG main            d.u.i.k.p.i.AbstractProblemLoader Environment load took 151.4ns 
129573     WARN  main            d.u.i.k.n.ParsingFacade   /home/runner/work/key/key/key.core/../key.ui/examples/heap/model_methods/Recell_footprint_acc.key took 0 ms to parse. 
129573     WARN  main            d.u.i.k.n.ParsingFacade   Parsing time 384 ms. 
129574     INFO  main            d.u.i.k.p.i.AbstractProblemLoader Creating init config 
130386     WARN  main            d.u.i.k.n.ParsingFacade   file:/home/runner/work/key/key/key.core/build/resources/main/de/uka/ilkd/key/java/JavaRedux/java/lang/String.key took 1 ms to parse. 
130386     WARN  main            d.u.i.k.n.ParsingFacade   Parsing time 385 ms. 
132052     DEBUG main            d.u.i.k.p.i.AbstractProblemLoader Init config took 2.48s 
132087     INFO  main            d.u.i.k.p.i.AbstractProblemLoader Replaying proof Recell[Cell::footprint()].JML accessible clause.0 
132088     DEBUG main            d.u.i.k.p.i.IntermediateProofReplayer Proof replay took 6.5ns 
132089     WARN  main            d.u.i.k.n.ParsingFacade   /home/runner/work/key/key/key.core/../key.ui/examples/heap/model_methods/Recell_footprint_acc.key took 0 ms to parse. 
132089     WARN  main            d.u.i.k.n.ParsingFacade   Parsing time 385 ms. 
132191     INFO  main            d.u.i.k.p.r.p.TestFile    ... finished proof: closed. 
132446     INFO  main            d.u.i.k.p.i.AbstractProblemLoader Loading environment from /home/runner/work/key/key/key.core/../key.ui/examples/heap/model_methods/Recell_footprint_acc.key.proof 
132446     DEBUG main            d.u.i.k.p.i.AbstractProblemLoader Environment load took 436.91ns 
132447     WARN  main            d.u.i.k.n.ParsingFacade   /home/runner/work/key/key/key.core/../key.ui/examples/heap/model_methods/Recell_footprint_acc.key.proof took 0 ms to parse. 
132447     WARN  main            d.u.i.k.n.ParsingFacade   Parsing time 385 ms. 
132447     INFO  main            d.u.i.k.p.i.AbstractProblemLoader Creating init config 
133259     WARN  main            d.u.i.k.n.ParsingFacade   file:/home/runner/work/key/key/key.core/build/resources/main/de/uka/ilkd/key/java/JavaRedux/java/lang/String.key took 2 ms to parse. 
133259     WARN  main            d.u.i.k.n.ParsingFacade   Parsing time 387 ms. 
134845     DEBUG main            d.u.i.k.p.i.AbstractProblemLoader Init config took 2.4s 
134881     INFO  main            d.u.i.k.p.i.AbstractProblemLoader Replaying proof Recell[Cell::footprint()].JML accessible clause.0 
134903     DEBUG main            d.u.i.k.p.i.IntermediateProofReplayer Proof replay took 19.82ms 
134903     WARN  main            d.u.i.k.n.ParsingFacade   /home/runner/work/key/key/key.core/../key.ui/examples/heap/model_methods/Recell_footprint_acc.key.proof took 0 ms to parse. 
134903     WARN  main            d.u.i.k.n.ParsingFacade   Parsing time 387 ms. 
134908     DEBUG main            d.u.i.k.p.r.p.TestFile    ... success: reloaded. 
134909     INFO  main            d.u.i.k.p.r.p.TestFile    Now processing file /home/runner/work/key/key/key.core/../key.ui/examples/heap/model_methods/Recell_get_acc.key 
134909     INFO  main            d.u.i.k.p.i.AbstractProblemLoader Loading environment from /home/runner/work/key/key/key.core/../key.ui/examples/heap/model_methods/Recell_get_acc.key 
134909     DEBUG main            d.u.i.k.p.i.AbstractProblemLoader Environment load took 72.3ns 
134909     WARN  main            d.u.i.k.n.ParsingFacade   /home/runner/work/key/key/key.core/../key.ui/examples/heap/model_methods/Recell_get_acc.key took 0 ms to parse. 
134909     WARN  main            d.u.i.k.n.ParsingFacade   Parsing time 387 ms. 
134912     INFO  main            d.u.i.k.p.i.AbstractProblemLoader Creating init config 
135716     WARN  main            d.u.i.k.n.ParsingFacade   file:/home/runner/work/key/key/key.core/build/resources/main/de/uka/ilkd/key/java/JavaRedux/java/lang/String.key took 1 ms to parse. 
135716     WARN  main            d.u.i.k.n.ParsingFacade   Parsing time 388 ms. 
137347     DEBUG main            d.u.i.k.p.i.AbstractProblemLoader Init config took 2.43s 
137386     INFO  main            d.u.i.k.p.i.AbstractProblemLoader Replaying proof Recell[Cell::get()].JML accessible clause.0 
137389     DEBUG main            d.u.i.k.p.i.IntermediateProofReplayer Proof replay took 6.7ns 
137389     WARN  main            d.u.i.k.n.ParsingFacade   /home/runner/work/key/key/key.core/../key.ui/examples/heap/model_methods/Recell_get_acc.key took 0 ms to parse. 
137389     WARN  main            d.u.i.k.n.ParsingFacade   Parsing time 388 ms. 
137490     INFO  main            d.u.i.k.p.r.p.TestFile    ... finished proof: closed. 
137768     INFO  main            d.u.i.k.p.i.AbstractProblemLoader Loading environment from /home/runner/work/key/key/key.core/../key.ui/examples/heap/model_methods/Recell_get_acc.key.proof 
137768     DEBUG main            d.u.i.k.p.i.AbstractProblemLoader Environment load took 79.1ns 
137768     WARN  main            d.u.i.k.n.ParsingFacade   /home/runner/work/key/key/key.core/../key.ui/examples/heap/model_methods/Recell_get_acc.key.proof took 0 ms to parse. 
137769     WARN  main            d.u.i.k.n.ParsingFacade   Parsing time 388 ms. 
137769     INFO  main            d.u.i.k.p.i.AbstractProblemLoader Creating init config 
138555     WARN  main            d.u.i.k.n.ParsingFacade   file:/home/runner/work/key/key/key.core/build/resources/main/de/uka/ilkd/key/java/JavaRedux/java/lang/String.key took 1 ms to parse. 
138556     WARN  main            d.u.i.k.n.ParsingFacade   Parsing time 389 ms. 
140151     DEBUG main            d.u.i.k.p.i.AbstractProblemLoader Init config took 2.38s 
140198     INFO  main            d.u.i.k.p.i.AbstractProblemLoader Replaying proof Recell[Cell::get()].JML accessible clause.0 
140221     DEBUG main            d.u.i.k.p.i.IntermediateProofReplayer Proof replay took 21.16ms 
140221     WARN  main            d.u.i.k.n.ParsingFacade   /home/runner/work/key/key/key.core/../key.ui/examples/heap/model_methods/Recell_get_acc.key.proof took 0 ms to parse. 
140222     WARN  main            d.u.i.k.n.ParsingFacade   Parsing time 389 ms. 
140222     DEBUG main            d.u.i.k.p.r.p.TestFile    ... success: reloaded. 
140223     INFO  main            d.u.i.k.p.r.p.TestFile    Now processing file /home/runner/work/key/key/key.core/../key.ui/examples/heap/model_methods/Recell_get.key 
140223     INFO  main            d.u.i.k.p.i.AbstractProblemLoader Loading environment from /home/runner/work/key/key/key.core/../key.ui/examples/heap/model_methods/Recell_get.key 
140223     DEBUG main            d.u.i.k.p.i.AbstractProblemLoader Environment load took 145.4ns 
140224     WARN  main            d.u.i.k.n.ParsingFacade   /home/runner/work/key/key/key.core/../key.ui/examples/heap/model_methods/Recell_get.key took 0 ms to parse. 
140224     WARN  main            d.u.i.k.n.ParsingFacade   Parsing time 389 ms. 
140224     INFO  main            d.u.i.k.p.i.AbstractProblemLoader Creating init config 
141039     WARN  main            d.u.i.k.n.ParsingFacade   file:/home/runner/work/key/key/key.core/build/resources/main/de/uka/ilkd/key/java/JavaRedux/java/lang/String.key took 1 ms to parse. 
141039     WARN  main            d.u.i.k.n.ParsingFacade   Parsing time 390 ms. 
142673     DEBUG main            d.u.i.k.p.i.AbstractProblemLoader Init config took 2.45s 
142711     INFO  main            d.u.i.k.p.i.AbstractProblemLoader Replaying proof Recell[Cell::get()].JML operation contract.0 
142713     DEBUG main            d.u.i.k.p.i.IntermediateProofReplayer Proof replay took 7.5ns 
142713     WARN  main            d.u.i.k.n.ParsingFacade   /home/runner/work/key/key/key.core/../key.ui/examples/heap/model_methods/Recell_get.key took 0 ms to parse. 
142713     WARN  main            d.u.i.k.n.ParsingFacade   Parsing time 390 ms. 
142815     INFO  main            d.u.i.k.p.r.p.TestFile    ... finished proof: closed. 
143078     INFO  main            d.u.i.k.p.i.AbstractProblemLoader Loading environment from /home/runner/work/key/key/key.core/../key.ui/examples/heap/model_methods/Recell_get.key.proof 
143078     DEBUG main            d.u.i.k.p.i.AbstractProblemLoader Environment load took 79.8ns 
143079     WARN  main            d.u.i.k.n.ParsingFacade   /home/runner/work/key/key/key.core/../key.ui/examples/heap/model_methods/Recell_get.key.proof took 0 ms to parse. 
143079     WARN  main            d.u.i.k.n.ParsingFacade   Parsing time 390 ms. 
143079     INFO  main            d.u.i.k.p.i.AbstractProblemLoader Creating init config 
143875     WARN  main            d.u.i.k.n.ParsingFacade   file:/home/runner/work/key/key/key.core/build/resources/main/de/uka/ilkd/key/java/JavaRedux/java/lang/String.key took 1 ms to parse. 
143875     WARN  main            d.u.i.k.n.ParsingFacade   Parsing time 391 ms. 
145462     DEBUG main            d.u.i.k.p.i.AbstractProblemLoader Init config took 2.38s 
145498     INFO  main            d.u.i.k.p.i.AbstractProblemLoader Replaying proof Recell[Cell::get()].JML operation contract.0 
145507     DEBUG main            d.u.i.k.p.i.IntermediateProofReplayer Proof replay took 7.75ms 
145507     WARN  main            d.u.i.k.n.ParsingFacade   /home/runner/work/key/key/key.core/../key.ui/examples/heap/model_methods/Recell_get.key.proof took 0 ms to parse. 
145508     WARN  main            d.u.i.k.n.ParsingFacade   Parsing time 391 ms. 
145508     DEBUG main            d.u.i.k.p.r.p.TestFile    ... success: reloaded. 
145509     INFO  main            d.u.i.k.p.r.p.TestFile    Now processing file /home/runner/work/key/key/key.core/../key.ui/examples/heap/model_methods/Recell_Recell_footprint.key 
145509     INFO  main            d.u.i.k.p.i.AbstractProblemLoader Loading environment from /home/runner/work/key/key/key.core/../key.ui/examples/heap/model_methods/Recell_Recell_footprint.key 
145509     DEBUG main            d.u.i.k.p.i.AbstractProblemLoader Environment load took 69ns 
145509     WARN  main            d.u.i.k.n.ParsingFacade   /home/runner/work/key/key/key.core/../key.ui/examples/heap/model_methods/Recell_Recell_footprint.key took 0 ms to parse. 
145509     WARN  main            d.u.i.k.n.ParsingFacade   Parsing time 391 ms. 
145510     INFO  main            d.u.i.k.p.i.AbstractProblemLoader Creating init config 
146321     WARN  main            d.u.i.k.n.ParsingFacade   file:/home/runner/work/key/key/key.core/build/resources/main/de/uka/ilkd/key/java/JavaRedux/java/lang/String.key took 1 ms to parse. 
146321     WARN  main            d.u.i.k.n.ParsingFacade   Parsing time 392 ms. 
147973     DEBUG main            d.u.i.k.p.i.AbstractProblemLoader Init config took 2.46s 
148009     INFO  main            d.u.i.k.p.i.AbstractProblemLoader Replaying proof Recell[Recell::footprint()].JML model_behavior operation contract.0 
148010     DEBUG main            d.u.i.k.p.i.IntermediateProofReplayer Proof replay took 7.4ns 
148010     WARN  main            d.u.i.k.n.ParsingFacade   /home/runner/work/key/key/key.core/../key.ui/examples/heap/model_methods/Recell_Recell_footprint.key took 0 ms to parse. 
148010     WARN  main            d.u.i.k.n.ParsingFacade   Parsing time 392 ms. 
148115     INFO  main            d.u.i.k.p.r.p.TestFile    ... finished proof: closed. 
148388     INFO  main            d.u.i.k.p.i.AbstractProblemLoader Loading environment from /home/runner/work/key/key/key.core/../key.ui/examples/heap/model_methods/Recell_Recell_footprint.key.proof 
148388     DEBUG main            d.u.i.k.p.i.AbstractProblemLoader Environment load took 81.8ns 
148388     WARN  main            d.u.i.k.n.ParsingFacade   /home/runner/work/key/key/key.core/../key.ui/examples/heap/model_methods/Recell_Recell_footprint.key.proof took 0 ms to parse. 
148388     WARN  main            d.u.i.k.n.ParsingFacade   Parsing time 392 ms. 
148389     INFO  main            d.u.i.k.p.i.AbstractProblemLoader Creating init config 
149176     WARN  main            d.u.i.k.n.ParsingFacade   file:/home/runner/work/key/key/key.core/build/resources/main/de/uka/ilkd/key/java/JavaRedux/java/lang/String.key took 1 ms to parse. 
149176     WARN  main            d.u.i.k.n.ParsingFacade   Parsing time 393 ms. 
150765     DEBUG main            d.u.i.k.p.i.AbstractProblemLoader Init config took 2.38s 
150801     INFO  main            d.u.i.k.p.i.AbstractProblemLoader Replaying proof Recell[Recell::footprint()].JML model_behavior operation contract.0 
150803     DEBUG main            d.u.i.k.p.i.IntermediateProofReplayer Proof replay took 1.2ms 
150803     WARN  main            d.u.i.k.n.ParsingFacade   /home/runner/work/key/key/key.core/../key.ui/examples/heap/model_methods/Recell_Recell_footprint.key.proof took 0 ms to parse. 
150804     WARN  main            d.u.i.k.n.ParsingFacade   Parsing time 393 ms. 
150804     DEBUG main            d.u.i.k.p.r.p.TestFile    ... success: reloaded. 
150805     INFO  main            d.u.i.k.p.r.p.TestFile    Now processing file /home/runner/work/key/key/key.core/../key.ui/examples/heap/model_methods/Recell_Recell_post_set.key 
150805     INFO  main            d.u.i.k.p.i.AbstractProblemLoader Loading environment from /home/runner/work/key/key/key.core/../key.ui/examples/heap/model_methods/Recell_Recell_post_set.key 
150806     DEBUG main            d.u.i.k.p.i.AbstractProblemLoader Environment load took 75.9ns 
150806     WARN  main            d.u.i.k.n.ParsingFacade   /home/runner/work/key/key/key.core/../key.ui/examples/heap/model_methods/Recell_Recell_post_set.key took 0 ms to parse. 
150806     WARN  main            d.u.i.k.n.ParsingFacade   Parsing time 393 ms. 
150806     INFO  main            d.u.i.k.p.i.AbstractProblemLoader Creating init config 
151614     WARN  main            d.u.i.k.n.ParsingFacade   file:/home/runner/work/key/key/key.core/build/resources/main/de/uka/ilkd/key/java/JavaRedux/java/lang/String.key took 0 ms to parse. 
151614     WARN  main            d.u.i.k.n.ParsingFacade   Parsing time 393 ms. 
153242     DEBUG main            d.u.i.k.p.i.AbstractProblemLoader Init config took 2.44s 
153278     INFO  main            d.u.i.k.p.i.AbstractProblemLoader Replaying proof Recell[Recell::post_set(int)].JML model_behavior operation contract.0 
153279     DEBUG main            d.u.i.k.p.i.IntermediateProofReplayer Proof replay took 7.4ns 
153280     WARN  main            d.u.i.k.n.ParsingFacade   /home/runner/work/key/key/key.core/../key.ui/examples/heap/model_methods/Recell_Recell_post_set.key took 0 ms to parse. 
153280     WARN  main            d.u.i.k.n.ParsingFacade   Parsing time 393 ms. 
153381     INFO  main            d.u.i.k.p.r.p.TestFile    ... finished proof: closed. 
153653     INFO  main            d.u.i.k.p.i.AbstractProblemLoader Loading environment from /home/runner/work/key/key/key.core/../key.ui/examples/heap/model_methods/Recell_Recell_post_set.key.proof 
153653     DEBUG main            d.u.i.k.p.i.AbstractProblemLoader Environment load took 82.3ns 
153653     WARN  main            d.u.i.k.n.ParsingFacade   /home/runner/work/key/key/key.core/../key.ui/examples/heap/model_methods/Recell_Recell_post_set.key.proof took 0 ms to parse. 
153653     WARN  main            d.u.i.k.n.ParsingFacade   Parsing time 393 ms. 
153654     INFO  main            d.u.i.k.p.i.AbstractProblemLoader Creating init config 
154439     WARN  main            d.u.i.k.n.ParsingFacade   file:/home/runner/work/key/key/key.core/build/resources/main/de/uka/ilkd/key/java/JavaRedux/java/lang/String.key took 1 ms to parse. 
154439     WARN  main            d.u.i.k.n.ParsingFacade   Parsing time 394 ms. 
156028     DEBUG main            d.u.i.k.p.i.AbstractProblemLoader Init config took 2.37s 
156064     INFO  main            d.u.i.k.p.i.AbstractProblemLoader Replaying proof Recell[Recell::post_set(int)].JML model_behavior operation contract.0 
156067     DEBUG main            d.u.i.k.p.i.IntermediateProofReplayer Proof replay took 2.06ms 
156067     WARN  main            d.u.i.k.n.ParsingFacade   /home/runner/work/key/key/key.core/../key.ui/examples/heap/model_methods/Recell_Recell_post_set.key.proof took 0 ms to parse. 
156067     WARN  main            d.u.i.k.n.ParsingFacade   Parsing time 394 ms. 
156068     DEBUG main            d.u.i.k.p.r.p.TestFile    ... success: reloaded. 
156069     INFO  main            d.u.i.k.p.r.p.TestFile    Now processing file /home/runner/work/key/key/key.core/../key.ui/examples/heap/model_methods/Recell_set.key 
156069     INFO  main            d.u.i.k.p.i.AbstractProblemLoader Loading environment from /home/runner/work/key/key/key.core/../key.ui/examples/heap/model_methods/Recell_set.key 
156069     DEBUG main            d.u.i.k.p.i.AbstractProblemLoader Environment load took 64.9ns 
156069     WARN  main            d.u.i.k.n.ParsingFacade   /home/runner/work/key/key/key.core/../key.ui/examples/heap/model_methods/Recell_set.key took 0 ms to parse. 
156069     WARN  main            d.u.i.k.n.ParsingFacade   Parsing time 394 ms. 
156070     INFO  main            d.u.i.k.p.i.AbstractProblemLoader Creating init config 
156874     WARN  main            d.u.i.k.n.ParsingFacade   file:/home/runner/work/key/key/key.core/build/resources/main/de/uka/ilkd/key/java/JavaRedux/java/lang/String.key took 1 ms to parse. 
156874     WARN  main            d.u.i.k.n.ParsingFacade   Parsing time 395 ms. 
158513     DEBUG main            d.u.i.k.p.i.AbstractProblemLoader Init config took 2.44s 
158548     INFO  main            d.u.i.k.p.i.AbstractProblemLoader Replaying proof Recell[Cell::set(int)].JML operation contract.0 
158550     DEBUG main            d.u.i.k.p.i.IntermediateProofReplayer Proof replay took 6.9ns 
158550     WARN  main            d.u.i.k.n.ParsingFacade   /home/runner/work/key/key/key.core/../key.ui/examples/heap/model_methods/Recell_set.key took 0 ms to parse. 
158550     WARN  main            d.u.i.k.n.ParsingFacade   Parsing time 395 ms. 
164818     INFO  main            d.u.i.k.p.r.p.TestFile    ... finished proof: closed. 
165135     INFO  main            d.u.i.k.p.i.AbstractProblemLoader Loading environment from /home/runner/work/key/key/key.core/../key.ui/examples/heap/model_methods/Recell_set.key.proof 
165135     DEBUG main            d.u.i.k.p.i.AbstractProblemLoader Environment load took 87.8ns 
165135     WARN  main            d.u.i.k.n.ParsingFacade   /home/runner/work/key/key/key.core/../key.ui/examples/heap/model_methods/Recell_set.key.proof took 0 ms to parse. 
165135     WARN  main            d.u.i.k.n.ParsingFacade   Parsing time 395 ms. 
165136     INFO  main            d.u.i.k.p.i.AbstractProblemLoader Creating init config 
165922     WARN  main            d.u.i.k.n.ParsingFacade   file:/home/runner/work/key/key/key.core/build/resources/main/de/uka/ilkd/key/java/JavaRedux/java/lang/String.key took 1 ms to parse. 
165922     WARN  main            d.u.i.k.n.ParsingFacade   Parsing time 396 ms. 
167522     DEBUG main            d.u.i.k.p.i.AbstractProblemLoader Init config took 2.39s 
167558     INFO  main            d.u.i.k.p.i.AbstractProblemLoader Replaying proof Recell[Cell::set(int)].JML operation contract.0 
168001     DEBUG main            d.u.i.k.p.i.IntermediateProofReplayer Proof replay took 427.37ms 
168002     WARN  main            d.u.i.k.n.ParsingFacade   /home/runner/work/key/key/key.core/../key.ui/examples/heap/model_methods/Recell_set.key.proof took 0 ms to parse. 
168002     WARN  main            d.u.i.k.n.ParsingFacade   Parsing time 396 ms. 
168003     DEBUG main            d.u.i.k.p.r.p.TestFile    ... success: reloaded. 
168004     INFO  main            d.u.i.k.p.r.p.TestFile    Now processing file /home/runner/work/key/key/key.core/../key.ui/examples/heap/model_methods/Recell_undo.key 
168004     INFO  main            d.u.i.k.p.i.AbstractProblemLoader Loading environment from /home/runner/work/key/key/key.core/../key.ui/examples/heap/model_methods/Recell_undo.key 
168004     DEBUG main            d.u.i.k.p.i.AbstractProblemLoader Environment load took 131.7ns 
168004     WARN  main            d.u.i.k.n.ParsingFacade   /home/runner/work/key/key/key.core/../key.ui/examples/heap/model_methods/Recell_undo.key took 0 ms to parse. 
168005     WARN  main            d.u.i.k.n.ParsingFacade   Parsing time 396 ms. 
168005     INFO  main            d.u.i.k.p.i.AbstractProblemLoader Creating init config 
168819     WARN  main            d.u.i.k.n.ParsingFacade   file:/home/runner/work/key/key/key.core/build/resources/main/de/uka/ilkd/key/java/JavaRedux/java/lang/String.key took 1 ms to parse. 
168819     WARN  main            d.u.i.k.n.ParsingFacade   Parsing time 397 ms. 
170459     DEBUG main            d.u.i.k.p.i.AbstractProblemLoader Init config took 2.45s 
170494     INFO  main            d.u.i.k.p.i.AbstractProblemLoader Replaying proof Recell[Recell::undo()].JML operation contract.0 
170495     DEBUG main            d.u.i.k.p.i.IntermediateProofReplayer Proof replay took 5.6ns 
170496     WARN  main            d.u.i.k.n.ParsingFacade   /home/runner/work/key/key/key.core/../key.ui/examples/heap/model_methods/Recell_undo.key took 0 ms to parse. 
170496     WARN  main            d.u.i.k.n.ParsingFacade   Parsing time 397 ms. 
170599     INFO  main            d.u.i.k.p.r.p.TestFile    ... finished proof: closed. 
170887     INFO  main            d.u.i.k.p.i.AbstractProblemLoader Loading environment from /home/runner/work/key/key/key.core/../key.ui/examples/heap/model_methods/Recell_undo.key.proof 
170887     DEBUG main            d.u.i.k.p.i.AbstractProblemLoader Environment load took 86.6ns 
170888     WARN  main            d.u.i.k.n.ParsingFacade   /home/runner/work/key/key/key.core/../key.ui/examples/heap/model_methods/Recell_undo.key.proof took 0 ms to parse. 
170888     WARN  main            d.u.i.k.n.ParsingFacade   Parsing time 397 ms. 
170888     INFO  main            d.u.i.k.p.i.AbstractProblemLoader Creating init config 
171670     WARN  main            d.u.i.k.n.ParsingFacade   file:/home/runner/work/key/key/key.core/build/resources/main/de/uka/ilkd/key/java/JavaRedux/java/lang/String.key took 1 ms to parse. 
171670     WARN  main            d.u.i.k.n.ParsingFacade   Parsing time 398 ms. 
173246     DEBUG main            d.u.i.k.p.i.AbstractProblemLoader Init config took 2.36s 
173291     INFO  main            d.u.i.k.p.i.AbstractProblemLoader Replaying proof Recell[Recell::undo()].JML operation contract.0 
173321     DEBUG main            d.u.i.k.p.i.IntermediateProofReplayer Proof replay took 27.74ms 
173322     WARN  main            d.u.i.k.n.ParsingFacade   /home/runner/work/key/key/key.core/../key.ui/examples/heap/model_methods/Recell_undo.key.proof took 0 ms to parse. 
173322     WARN  main            d.u.i.k.n.ParsingFacade   Parsing time 398 ms. 
173322     DEBUG main            d.u.i.k.p.r.p.TestFile    ... success: reloaded. 
4179867    INFO  Test worker     d.u.i.k.p.r.RunAllProofsTestUnit Returning from test modelMethods 
4179868    INFO  Test worker     d.u.i.k.p.r.RunAllProofsTestUnit Running test permissionHeap 
347        INFO  Timeout watchdog d.u.i.k.p.r.p.ForkedTestFileRunner Timeout watcher launched (2000 secs.) 
355        WARN  main            d.u.i.k.s.ProofSettings   The settings in /home/runner/.key/proof-settings.props are *not* read. 
405        INFO  main            d.u.i.k.p.r.p.TestFile    Now processing file /home/runner/work/key/key/key.core/../key.ui/examples/heap/permissions/permissions_method0.key 
514        INFO  main            d.u.i.k.p.i.AbstractProblemLoader Loading environment from /home/runner/work/key/key/key.core/../key.ui/examples/heap/permissions/permissions_method0.key 
539        DEBUG main            d.u.i.k.p.i.AbstractProblemLoader Environment load took 1.71ms 
623        WARN  main            d.u.i.k.n.ParsingFacade   /home/runner/work/key/key/key.core/../key.ui/examples/heap/permissions/permissions_method0.key took 11 ms to parse. 
623        WARN  main            d.u.i.k.n.ParsingFacade   Parsing time 11 ms. 
753        INFO  main            d.u.i.k.p.i.AbstractProblemLoader Creating init config 
762        WARN  main            d.u.i.k.n.ParsingFacade   file:/home/runner/work/key/key/key.core/build/resources/main/de/uka/ilkd/key/proof/rules/standardRules.key took 5 ms to parse. 
762        WARN  main            d.u.i.k.n.ParsingFacade   Parsing time 16 ms. 
774        WARN  main            d.u.i.k.n.ParsingFacade   file:/home/runner/work/key/key/key.core/build/resources/main/de/uka/ilkd/key/proof/rules/ldt.key took 1 ms to parse. 
774        WARN  main            d.u.i.k.n.ParsingFacade   Parsing time 17 ms. 
779        WARN  main            d.u.i.k.n.ParsingFacade   file:/home/runner/work/key/key/key.core/build/resources/main/de/uka/ilkd/key/proof/rules/boolean.key took 2 ms to parse. 
779        WARN  main            d.u.i.k.n.ParsingFacade   Parsing time 19 ms. 
794        WARN  main            d.u.i.k.n.ParsingFacade   file:/home/runner/work/key/key/key.core/build/resources/main/de/uka/ilkd/key/proof/rules/ruleSetsDeclarations.key took 6 ms to parse. 
794        WARN  main            d.u.i.k.n.ParsingFacade   Parsing time 25 ms. 
816        WARN  main            d.u.i.k.n.ParsingFacade   file:/home/runner/work/key/key/key.core/build/resources/main/de/uka/ilkd/key/proof/rules/integerHeader.key took 4 ms to parse. 
816        WARN  main            d.u.i.k.n.ParsingFacade   Parsing time 29 ms. 
818        WARN  main            d.u.i.k.n.ParsingFacade   file:/home/runner/work/key/key/key.core/build/resources/main/de/uka/ilkd/key/proof/rules/floatHeader.key took 2 ms to parse. 
818        WARN  main            d.u.i.k.n.ParsingFacade   Parsing time 31 ms. 
819        WARN  main            d.u.i.k.n.ParsingFacade   file:/home/runner/work/key/key/key.core/build/resources/main/de/uka/ilkd/key/proof/rules/heap.key took 1 ms to parse. 
820        WARN  main            d.u.i.k.n.ParsingFacade   Parsing time 32 ms. 
822        WARN  main            d.u.i.k.n.ParsingFacade   file:/home/runner/work/key/key/key.core/build/resources/main/de/uka/ilkd/key/proof/rules/locSets.key took 0 ms to parse. 
822        WARN  main            d.u.i.k.n.ParsingFacade   Parsing time 32 ms. 
823        WARN  main            d.u.i.k.n.ParsingFacade   file:/home/runner/work/key/key/key.core/build/resources/main/de/uka/ilkd/key/proof/rules/permission.key took 1 ms to parse. 
823        WARN  main            d.u.i.k.n.ParsingFacade   Parsing time 33 ms. 
823        WARN  main            d.u.i.k.n.ParsingFacade   file:/home/runner/work/key/key/key.core/build/resources/main/de/uka/ilkd/key/proof/rules/reach.key took 0 ms to parse. 
823        WARN  main            d.u.i.k.n.ParsingFacade   Parsing time 33 ms. 
824        WARN  main            d.u.i.k.n.ParsingFacade   file:/home/runner/work/key/key/key.core/build/resources/main/de/uka/ilkd/key/proof/rules/seq.key took 0 ms to parse. 
824        WARN  main            d.u.i.k.n.ParsingFacade   Parsing time 33 ms. 
853        WARN  main            d.u.i.k.n.ParsingFacade   file:/home/runner/work/key/key/key.core/build/resources/main/de/uka/ilkd/key/proof/rules/map.key took 28 ms to parse. 
856        WARN  main            d.u.i.k.n.ParsingFacade   Parsing time 61 ms. 
857        WARN  main            d.u.i.k.n.ParsingFacade   file:/home/runner/work/key/key/key.core/build/resources/main/de/uka/ilkd/key/proof/rules/freeADT.key took 1 ms to parse. 
857        WARN  main            d.u.i.k.n.ParsingFacade   Parsing time 62 ms. 
857        WARN  main            d.u.i.k.n.ParsingFacade   file:/home/runner/work/key/key/key.core/build/resources/main/de/uka/ilkd/key/proof/rules/wellfound.key took 0 ms to parse. 
858        WARN  main            d.u.i.k.n.ParsingFacade   Parsing time 62 ms. 
859        WARN  main            d.u.i.k.n.ParsingFacade   file:/home/runner/work/key/key/key.core/build/resources/main/de/uka/ilkd/key/proof/rules/charListHeader.key took 0 ms to parse. 
859        WARN  main            d.u.i.k.n.ParsingFacade   Parsing time 62 ms. 
1038       WARN  main            d.u.i.k.n.ParsingFacade   file:/home/runner/work/key/key/key.core/build/resources/main/de/uka/ilkd/key/proof/rules/propRule.key took 9 ms to parse. 
1038       WARN  main            d.u.i.k.n.ParsingFacade   Parsing time 71 ms. 
1064       WARN  main            d.u.i.k.n.ParsingFacade   file:/home/runner/work/key/key/key.core/build/resources/main/de/uka/ilkd/key/proof/rules/firstOrderRules.key took 3 ms to parse. 
1065       WARN  main            d.u.i.k.n.ParsingFacade   Parsing time 74 ms. 
1082       WARN  main            d.u.i.k.n.ParsingFacade   file:/home/runner/work/key/key/key.core/build/resources/main/de/uka/ilkd/key/proof/rules/ifThenElseRules.key took 6 ms to parse. 
1082       WARN  main            d.u.i.k.n.ParsingFacade   Parsing time 80 ms. 
1114       WARN  main            d.u.i.k.n.ParsingFacade   file:/home/runner/work/key/key/key.core/build/resources/main/de/uka/ilkd/key/proof/rules/formulaNormalisationRules.key took 14 ms to parse. 
1114       WARN  main            d.u.i.k.n.ParsingFacade   Parsing time 94 ms. 
1177       WARN  main            d.u.i.k.n.ParsingFacade   file:/home/runner/work/key/key/key.core/build/resources/main/de/uka/ilkd/key/proof/rules/updateRules.key took 4 ms to parse. 
1177       WARN  main            d.u.i.k.n.ParsingFacade   Parsing time 98 ms. 
1191       WARN  main            d.u.i.k.n.ParsingFacade   file:/home/runner/work/key/key/key.core/build/resources/main/de/uka/ilkd/key/proof/rules/integerRulesCommon.key took 2 ms to parse. 
1191       WARN  main            d.u.i.k.n.ParsingFacade   Parsing time 100 ms. 
1283       WARN  main            d.u.i.k.n.ParsingFacade   file:/home/runner/work/key/key/key.core/build/resources/main/de/uka/ilkd/key/proof/rules/intRules.key took 4 ms to parse. 
1283       WARN  main            d.u.i.k.n.ParsingFacade   Parsing time 104 ms. 
1299       WARN  main            d.u.i.k.n.ParsingFacade   file:/home/runner/work/key/key/key.core/build/resources/main/de/uka/ilkd/key/proof/rules/intRulesUncheckedSemantics.key took 4 ms to parse. 
1299       WARN  main            d.u.i.k.n.ParsingFacade   Parsing time 108 ms. 
1315       WARN  main            d.u.i.k.n.ParsingFacade   file:/home/runner/work/key/key/key.core/build/resources/main/de/uka/ilkd/key/proof/rules/intRulesCheckedSemantics.key took 1 ms to parse. 
1315       WARN  main            d.u.i.k.n.ParsingFacade   Parsing time 109 ms. 
1328       WARN  main            d.u.i.k.n.ParsingFacade   file:/home/runner/work/key/key/key.core/build/resources/main/de/uka/ilkd/key/proof/rules/intRulesJavaSemantics.key took 5 ms to parse. 
1328       WARN  main            d.u.i.k.n.ParsingFacade   Parsing time 114 ms. 
1392       WARN  main            d.u.i.k.n.ParsingFacade   file:/home/runner/work/key/key/key.core/build/resources/main/de/uka/ilkd/key/proof/rules/integerSimplificationRules.key took 41 ms to parse. 
1392       WARN  main            d.u.i.k.n.ParsingFacade   Parsing time 155 ms. 
1535       DEBUG main            d.u.i.k.j.TypeConverter   No LDT found for Meta 
1535       DEBUG main            d.u.i.k.j.TypeConverter   No LDT found for Meta 
1536       DEBUG main            d.u.i.k.j.TypeConverter   No LDT found for Meta 
1536       DEBUG main            d.u.i.k.j.TypeConverter   No LDT found for Meta 
1569       WARN  main            d.u.i.k.n.ParsingFacade   file:/home/runner/work/key/key/key.core/build/resources/main/de/uka/ilkd/key/proof/rules/intDiv.key took 5 ms to parse. 
1569       WARN  main            d.u.i.k.n.ParsingFacade   Parsing time 160 ms. 
1601       WARN  main            d.u.i.k.n.ParsingFacade   file:/home/runner/work/key/key/key.core/build/resources/main/de/uka/ilkd/key/proof/rules/bsum.key took 11 ms to parse. 
1602       WARN  main            d.u.i.k.n.ParsingFacade   Parsing time 171 ms. 
1636       WARN  main            d.u.i.k.n.ParsingFacade   file:/home/runner/work/key/key/key.core/build/resources/main/de/uka/ilkd/key/proof/rules/bprod.key took 3 ms to parse. 
1636       WARN  main            d.u.i.k.n.ParsingFacade   Parsing time 174 ms. 
1646       WARN  main            d.u.i.k.n.ParsingFacade   file:/home/runner/work/key/key/key.core/build/resources/main/de/uka/ilkd/key/proof/rules/binaryAxioms.key took 0 ms to parse. 
1646       WARN  main            d.u.i.k.n.ParsingFacade   Parsing time 174 ms. 
1652       WARN  main            d.u.i.k.n.ParsingFacade   file:/home/runner/work/key/key/key.core/build/resources/main/de/uka/ilkd/key/proof/rules/binaryLemmas.key took 2 ms to parse. 
1652       WARN  main            d.u.i.k.n.ParsingFacade   Parsing time 176 ms. 
1661       WARN  main            d.u.i.k.n.ParsingFacade   file:/home/runner/work/key/key/key.core/build/resources/main/de/uka/ilkd/key/proof/rules/intPow.key took 2 ms to parse. 
1662       WARN  main            d.u.i.k.n.ParsingFacade   Parsing time 178 ms. 
1676       WARN  main            d.u.i.k.n.ParsingFacade   file:/home/runner/work/key/key/key.core/build/resources/main/de/uka/ilkd/key/proof/rules/floatRulesCommon.key took 7 ms to parse. 
1676       WARN  main            d.u.i.k.n.ParsingFacade   Parsing time 185 ms. 
1686       WARN  main            d.u.i.k.n.ParsingFacade   file:/home/runner/work/key/key/key.core/build/resources/main/de/uka/ilkd/key/proof/rules/floatRules.key took 0 ms to parse. 
1686       WARN  main            d.u.i.k.n.ParsingFacade   Parsing time 185 ms. 
1689       WARN  main            d.u.i.k.n.ParsingFacade   file:/home/runner/work/key/key/key.core/build/resources/main/de/uka/ilkd/key/proof/rules/floatRulesVerifyNormal.key took 2 ms to parse. 
1689       WARN  main            d.u.i.k.n.ParsingFacade   Parsing time 187 ms. 
1723       WARN  main            d.u.i.k.n.ParsingFacade   file:/home/runner/work/key/key/key.core/build/resources/main/de/uka/ilkd/key/proof/rules/floatRulesAssumeStrictfp.key took 34 ms to parse. 
1723       WARN  main            d.u.i.k.n.ParsingFacade   Parsing time 221 ms. 
1752       WARN  main            d.u.i.k.n.ParsingFacade   file:/home/runner/work/key/key/key.core/build/resources/main/de/uka/ilkd/key/proof/rules/genericRules.key took 2 ms to parse. 
1752       WARN  main            d.u.i.k.n.ParsingFacade   Parsing time 223 ms. 
1761       WARN  main            d.u.i.k.n.ParsingFacade   file:/home/runner/work/key/key/key.core/build/resources/main/de/uka/ilkd/key/proof/rules/booleanRules.key took 0 ms to parse. 
1762       WARN  main            d.u.i.k.n.ParsingFacade   Parsing time 223 ms. 
1764       WARN  main            d.u.i.k.n.ParsingFacade   file:/home/runner/work/key/key/key.core/build/resources/main/de/uka/ilkd/key/proof/rules/epsilon.key took 1 ms to parse. 
1764       WARN  main            d.u.i.k.n.ParsingFacade   Parsing time 224 ms. 
1773       WARN  main            d.u.i.k.n.ParsingFacade   file:/home/runner/work/key/key/key.core/build/resources/main/de/uka/ilkd/key/proof/rules/locSetsRules.key took 7 ms to parse. 
1773       WARN  main            d.u.i.k.n.ParsingFacade   Parsing time 231 ms. 
1804       WARN  main            d.u.i.k.n.ParsingFacade   file:/home/runner/work/key/key/key.core/build/resources/main/de/uka/ilkd/key/proof/rules/heapRules.key took 7 ms to parse. 
1804       WARN  main            d.u.i.k.n.ParsingFacade   Parsing time 238 ms. 
1830       WARN  main            d.u.i.k.n.ParsingFacade   file:/home/runner/work/key/key/key.core/build/resources/main/de/uka/ilkd/key/proof/rules/permissionRules.key took 3 ms to parse. 
1831       WARN  main            d.u.i.k.n.ParsingFacade   Parsing time 241 ms. 
1843       WARN  main            d.u.i.k.n.ParsingFacade   file:/home/runner/work/key/key/key.core/build/resources/main/de/uka/ilkd/key/proof/rules/reachRules.key took 3 ms to parse. 
1843       WARN  main            d.u.i.k.n.ParsingFacade   Parsing time 244 ms. 
1853       WARN  main            d.u.i.k.n.ParsingFacade   file:/home/runner/work/key/key/key.core/build/resources/main/de/uka/ilkd/key/proof/rules/seqCoreRules.key took 1 ms to parse. 
1853       WARN  main            d.u.i.k.n.ParsingFacade   Parsing time 245 ms. 
1887       WARN  main            d.u.i.k.n.ParsingFacade   file:/home/runner/work/key/key/key.core/build/resources/main/de/uka/ilkd/key/proof/rules/seqRules.key took 33 ms to parse. 
1887       WARN  main            d.u.i.k.n.ParsingFacade   Parsing time 278 ms. 
1908       WARN  main            d.u.i.k.n.ParsingFacade   file:/home/runner/work/key/key/key.core/build/resources/main/de/uka/ilkd/key/proof/rules/seqPerm.key took 4 ms to parse. 
1908       WARN  main            d.u.i.k.n.ParsingFacade   Parsing time 282 ms. 
1921       WARN  main            d.u.i.k.n.ParsingFacade   file:/home/runner/work/key/key/key.core/build/resources/main/de/uka/ilkd/key/proof/rules/seqPerm2.key took 0 ms to parse. 
1921       WARN  main            d.u.i.k.n.ParsingFacade   Parsing time 282 ms. 
1960       WARN  main            d.u.i.k.n.ParsingFacade   file:/home/runner/work/key/key/key.core/build/resources/main/de/uka/ilkd/key/proof/rules/javaRules.key took 36 ms to parse. 
1960       WARN  main            d.u.i.k.n.ParsingFacade   Parsing time 318 ms. 
1968       WARN  main            d.u.i.k.n.ParsingFacade   file:/home/runner/work/key/key/key.core/build/resources/main/de/uka/ilkd/key/proof/rules/assertions.key took 1 ms to parse. 
1968       WARN  main            d.u.i.k.n.ParsingFacade   Parsing time 319 ms. 
2473       WARN  main            d.u.i.k.n.ParsingFacade   file:/home/runner/work/key/key/key.core/build/resources/main/de/uka/ilkd/key/proof/rules/loopRules.key took 1 ms to parse. 
2474       WARN  main            d.u.i.k.n.ParsingFacade   Parsing time 320 ms. 
2482       WARN  main            d.u.i.k.n.ParsingFacade   file:/home/runner/work/key/key/key.core/build/resources/main/de/uka/ilkd/key/proof/rules/activeUse.key took 2 ms to parse. 
2482       WARN  main            d.u.i.k.n.ParsingFacade   Parsing time 322 ms. 
2513       WARN  main            d.u.i.k.n.ParsingFacade   file:/home/runner/work/key/key/key.core/build/resources/main/de/uka/ilkd/key/proof/rules/instanceAllocation.key took 4 ms to parse. 
2513       WARN  main            d.u.i.k.n.ParsingFacade   Parsing time 326 ms. 
2527       WARN  main            d.u.i.k.n.ParsingFacade   file:/home/runner/work/key/key/key.core/build/resources/main/de/uka/ilkd/key/proof/rules/java5.key took 0 ms to parse. 
2527       WARN  main            d.u.i.k.n.ParsingFacade   Parsing time 326 ms. 
2533       WARN  main            d.u.i.k.n.ParsingFacade   file:/home/runner/work/key/key/key.core/build/resources/main/de/uka/ilkd/key/proof/rules/integerAssignment2UpdateRules.key took 3 ms to parse. 
2533       WARN  main            d.u.i.k.n.ParsingFacade   Parsing time 329 ms. 
2568       WARN  main            d.u.i.k.n.ParsingFacade   file:/home/runner/work/key/key/key.core/build/resources/main/de/uka/ilkd/key/proof/rules/floatAssignment2UpdateRules.key took 6 ms to parse. 
2568       WARN  main            d.u.i.k.n.ParsingFacade   Parsing time 335 ms. 
2587       WARN  main            d.u.i.k.n.ParsingFacade   file:/home/runner/work/key/key/key.core/build/resources/main/de/uka/ilkd/key/proof/rules/bigint.key took 3 ms to parse. 
2588       WARN  main            d.u.i.k.n.ParsingFacade   Parsing time 338 ms. 
2606       DEBUG main            d.u.i.k.j.TypeConverter   No LDT found for JavaBigintExpression 
2609       WARN  main            d.u.i.k.n.ParsingFacade   file:/home/runner/work/key/key/key.core/build/resources/main/de/uka/ilkd/key/proof/rules/adtProgramDecompositionRules.key took 1 ms to parse. 
2609       WARN  main            d.u.i.k.n.ParsingFacade   Parsing time 339 ms. 
2623       WARN  main            d.u.i.k.n.ParsingFacade   file:/home/runner/work/key/key/key.core/build/resources/main/de/uka/ilkd/key/proof/rules/precRules.key took 1 ms to parse. 
2625       WARN  main            d.u.i.k.n.ParsingFacade   Parsing time 340 ms. 
2629       WARN  main            d.u.i.k.n.ParsingFacade   file:/home/runner/work/key/key/key.core/build/resources/main/de/uka/ilkd/key/proof/rules/charListRules.key took 2 ms to parse. 
2629       WARN  main            d.u.i.k.n.ParsingFacade   Parsing time 342 ms. 
2646       WARN  main            d.u.i.k.n.ParsingFacade   file:/home/runner/work/key/key/key.core/build/resources/main/de/uka/ilkd/key/proof/rules/regExTheory.key took 0 ms to parse. 
2646       WARN  main            d.u.i.k.n.ParsingFacade   Parsing time 342 ms. 
2646       WARN  main            d.u.i.k.n.ParsingFacade   file:/home/runner/work/key/key/key.core/build/resources/main/de/uka/ilkd/key/proof/rules/regExHeader.key took 0 ms to parse. 
2647       WARN  main            d.u.i.k.n.ParsingFacade   Parsing time 342 ms. 
2648       WARN  main            d.u.i.k.n.ParsingFacade   file:/home/runner/work/key/key/key.core/build/resources/main/de/uka/ilkd/key/proof/rules/regExAxioms.key took 1 ms to parse. 
2648       WARN  main            d.u.i.k.n.ParsingFacade   Parsing time 343 ms. 
2652       WARN  main            d.u.i.k.n.ParsingFacade   file:/home/runner/work/key/key/key.core/build/resources/main/de/uka/ilkd/key/proof/rules/regExLemmaProven.key took 1 ms to parse. 
2652       WARN  main            d.u.i.k.n.ParsingFacade   Parsing time 344 ms. 
2657       WARN  main            d.u.i.k.n.ParsingFacade   file:/home/runner/work/key/key/key.core/build/resources/main/de/uka/ilkd/key/proof/rules/seqEq.key took 1 ms to parse. 
2658       WARN  main            d.u.i.k.n.ParsingFacade   Parsing time 345 ms. 
2663       WARN  main            d.u.i.k.n.ParsingFacade   file:/home/runner/work/key/key/key.core/build/resources/main/de/uka/ilkd/key/proof/rules/infFlow.key took 1 ms to parse. 
2663       WARN  main            d.u.i.k.n.ParsingFacade   Parsing time 346 ms. 
2668       WARN  main            d.u.i.k.n.ParsingFacade   file:/home/runner/work/key/key/key.core/build/resources/main/de/uka/ilkd/key/proof/rules/mapSize.key took 0 ms to parse. 
2668       WARN  main            d.u.i.k.n.ParsingFacade   Parsing time 346 ms. 
2670       WARN  main            d.u.i.k.n.ParsingFacade   file:/home/runner/work/key/key/key.core/build/resources/main/de/uka/ilkd/key/proof/rules/wd.key took 0 ms to parse. 
2671       WARN  main            d.u.i.k.n.ParsingFacade   Parsing time 346 ms. 
2673       WARN  main            d.u.i.k.n.ParsingFacade   file:/home/runner/work/key/key/key.core/build/resources/main/de/uka/ilkd/key/proof/rules/wdHeader.key took 1 ms to parse. 
2673       WARN  main            d.u.i.k.n.ParsingFacade   Parsing time 347 ms. 
2674       WARN  main            d.u.i.k.n.ParsingFacade   file:/home/runner/work/key/key/key.core/build/resources/main/de/uka/ilkd/key/proof/rules/wdGeneralRules.key took 1 ms to parse. 
2674       WARN  main            d.u.i.k.n.ParsingFacade   Parsing time 348 ms. 
2685       WARN  main            d.u.i.k.n.ParsingFacade   file:/home/runner/work/key/key/key.core/build/resources/main/de/uka/ilkd/key/proof/rules/wdNumericalRules.key took 5 ms to parse. 
2685       WARN  main            d.u.i.k.n.ParsingFacade   Parsing time 353 ms. 
2725       WARN  main            d.u.i.k.n.ParsingFacade   file:/home/runner/work/key/key/key.core/build/resources/main/de/uka/ilkd/key/proof/rules/wdLocSetRules.key took 1 ms to parse. 
2725       WARN  main            d.u.i.k.n.ParsingFacade   Parsing time 354 ms. 
2730       WARN  main            d.u.i.k.n.ParsingFacade   file:/home/runner/work/key/key/key.core/build/resources/main/de/uka/ilkd/key/proof/rules/wdHeapRules.key took 1 ms to parse. 
2730       WARN  main            d.u.i.k.n.ParsingFacade   Parsing time 355 ms. 
2734       WARN  main            d.u.i.k.n.ParsingFacade   file:/home/runner/work/key/key/key.core/build/resources/main/de/uka/ilkd/key/proof/rules/wdReachRules.key took 0 ms to parse. 
2734       WARN  main            d.u.i.k.n.ParsingFacade   Parsing time 355 ms. 
2736       WARN  main            d.u.i.k.n.ParsingFacade   file:/home/runner/work/key/key/key.core/build/resources/main/de/uka/ilkd/key/proof/rules/wdSeqRules.key took 1 ms to parse. 
2736       WARN  main            d.u.i.k.n.ParsingFacade   Parsing time 356 ms. 
2739       WARN  main            d.u.i.k.n.ParsingFacade   file:/home/runner/work/key/key/key.core/build/resources/main/de/uka/ilkd/key/proof/rules/wdStringRules.key took 1 ms to parse. 
2739       WARN  main            d.u.i.k.n.ParsingFacade   Parsing time 357 ms. 
2741       WARN  main            d.u.i.k.n.ParsingFacade   file:/home/runner/work/key/key/key.core/build/resources/main/de/uka/ilkd/key/proof/rules/wdRegExRules.key took 1 ms to parse. 
2741       WARN  main            d.u.i.k.n.ParsingFacade   Parsing time 358 ms. 
2745       WARN  main            d.u.i.k.n.ParsingFacade   file:/home/runner/work/key/key/key.core/build/resources/main/de/uka/ilkd/key/proof/rules/wdFormulaRules.key took 3 ms to parse. 
2745       WARN  main            d.u.i.k.n.ParsingFacade   Parsing time 361 ms. 
2754       WARN  main            d.u.i.k.n.ParsingFacade   file:/home/runner/work/key/key/key.core/build/resources/main/de/uka/ilkd/key/proof/rules/loopInvariantRules.key took 0 ms to parse. 
2755       WARN  main            d.u.i.k.n.ParsingFacade   Parsing time 361 ms. 
2756       WARN  main            d.u.i.k.n.ParsingFacade   file:/home/runner/work/key/key/key.core/build/resources/main/de/uka/ilkd/key/proof/rules/forLoopRules.key took 0 ms to parse. 
2756       WARN  main            d.u.i.k.n.ParsingFacade   Parsing time 361 ms. 
2763       WARN  main            d.u.i.k.n.ParsingFacade   file:/home/runner/work/key/key/key.core/build/resources/main/de/uka/ilkd/key/proof/rules/execRules.key took 4 ms to parse. 
2763       WARN  main            d.u.i.k.n.ParsingFacade   Parsing time 365 ms. 
2836       WARN  main            d.u.i.k.n.ParsingFacade   file:/home/runner/work/key/key/key.core/build/resources/main/de/uka/ilkd/key/proof/rules/loopScopeRules.key took 2 ms to parse. 
2836       WARN  main            d.u.i.k.n.ParsingFacade   Parsing time 367 ms. 
6441       WARN  main            d.u.i.k.n.ParsingFacade   file:/home/runner/work/key/key/key.core/build/resources/main/de/uka/ilkd/key/java/JavaRedux/java/lang/String.key took 5 ms to parse. 
6441       WARN  main            d.u.i.k.n.ParsingFacade   Parsing time 372 ms. 
8619       DEBUG main            d.u.i.k.p.i.AbstractProblemLoader Init config took 7.87s 
8734       INFO  main            d.u.i.k.p.i.AbstractProblemLoader Replaying proof MyClass[MyClass::method0()].JML normal_behavior operation contract.0 
8766       DEBUG main            d.u.i.k.p.i.IntermediateProofReplayer Proof replay took 31.1ns 
8768       WARN  main            d.u.i.k.n.ParsingFacade   /home/runner/work/key/key/key.core/../key.ui/examples/heap/permissions/permissions_method0.key took 0 ms to parse. 
8768       WARN  main            d.u.i.k.n.ParsingFacade   Parsing time 372 ms. 
9734       INFO  main            d.u.i.k.p.r.p.TestFile    ... finished proof: closed. 
9854       INFO  main            d.u.i.k.p.i.AbstractProblemLoader Loading environment from /home/runner/work/key/key/key.core/../key.ui/examples/heap/permissions/permissions_method0.key.proof 
9854       DEBUG main            d.u.i.k.p.i.AbstractProblemLoader Environment load took 134.4ns 
9854       WARN  main            d.u.i.k.n.ParsingFacade   /home/runner/work/key/key/key.core/../key.ui/examples/heap/permissions/permissions_method0.key.proof took 0 ms to parse. 
9854       WARN  main            d.u.i.k.n.ParsingFacade   Parsing time 372 ms. 
9856       INFO  main            d.u.i.k.p.i.AbstractProblemLoader Creating init config 
10915      WARN  main            d.u.i.k.n.ParsingFacade   file:/home/runner/work/key/key/key.core/build/resources/main/de/uka/ilkd/key/java/JavaRedux/java/lang/String.key took 2 ms to parse. 
10915      WARN  main            d.u.i.k.n.ParsingFacade   Parsing time 374 ms. 
12769      DEBUG main            d.u.i.k.p.i.AbstractProblemLoader Init config took 2.91s 
12863      INFO  main            d.u.i.k.p.i.AbstractProblemLoader Replaying proof MyClass[MyClass::method0()].JML normal_behavior operation contract.0 
13033      DEBUG main            d.u.i.k.p.i.IntermediateProofReplayer Proof replay took 157.91ms 
13034      WARN  main            d.u.i.k.n.ParsingFacade   /home/runner/work/key/key/key.core/../key.ui/examples/heap/permissions/permissions_method0.key.proof took 0 ms to parse. 
13034      WARN  main            d.u.i.k.n.ParsingFacade   Parsing time 374 ms. 
13041      DEBUG main            d.u.i.k.p.r.p.TestFile    ... success: reloaded. 
13044      INFO  main            d.u.i.k.p.r.p.TestFile    Now processing file /home/runner/work/key/key/key.core/../key.ui/examples/heap/permissions/permissions_method1.key 
13044      INFO  main            d.u.i.k.p.i.AbstractProblemLoader Loading environment from /home/runner/work/key/key/key.core/../key.ui/examples/heap/permissions/permissions_method1.key 
13044      DEBUG main            d.u.i.k.p.i.AbstractProblemLoader Environment load took 195.9ns 
13045      WARN  main            d.u.i.k.n.ParsingFacade   /home/runner/work/key/key/key.core/../key.ui/examples/heap/permissions/permissions_method1.key took 0 ms to parse. 
13045      WARN  main            d.u.i.k.n.ParsingFacade   Parsing time 374 ms. 
13048      INFO  main            d.u.i.k.p.i.AbstractProblemLoader Creating init config 
14122      WARN  main            d.u.i.k.n.ParsingFacade   file:/home/runner/work/key/key/key.core/build/resources/main/de/uka/ilkd/key/java/JavaRedux/java/lang/String.key took 1 ms to parse. 
14123      WARN  main            d.u.i.k.n.ParsingFacade   Parsing time 375 ms. 
15916      DEBUG main            d.u.i.k.p.i.AbstractProblemLoader Init config took 2.87s 
15975      INFO  main            d.u.i.k.p.i.AbstractProblemLoader Replaying proof MyClass[MyClass::method1()].JML normal_behavior operation contract.0 
15977      DEBUG main            d.u.i.k.p.i.IntermediateProofReplayer Proof replay took 6.3ns 
15978      WARN  main            d.u.i.k.n.ParsingFacade   /home/runner/work/key/key/key.core/../key.ui/examples/heap/permissions/permissions_method1.key took 0 ms to parse. 
15978      WARN  main            d.u.i.k.n.ParsingFacade   Parsing time 375 ms. 
16281      INFO  main            d.u.i.k.p.r.p.TestFile    ... finished proof: closed. 
16422      INFO  main            d.u.i.k.p.i.AbstractProblemLoader Loading environment from /home/runner/work/key/key/key.core/../key.ui/examples/heap/permissions/permissions_method1.key.proof 
16422      DEBUG main            d.u.i.k.p.i.AbstractProblemLoader Environment load took 352.61ns 
16423      WARN  main            d.u.i.k.n.ParsingFacade   /home/runner/work/key/key/key.core/../key.ui/examples/heap/permissions/permissions_method1.key.proof took 0 ms to parse. 
16423      WARN  main            d.u.i.k.n.ParsingFacade   Parsing time 375 ms. 
16425      INFO  main            d.u.i.k.p.i.AbstractProblemLoader Creating init config 
17405      WARN  main            d.u.i.k.n.ParsingFacade   file:/home/runner/work/key/key/key.core/build/resources/main/de/uka/ilkd/key/java/JavaRedux/java/lang/String.key took 2 ms to parse. 
17405      WARN  main            d.u.i.k.n.ParsingFacade   Parsing time 377 ms. 
19222      DEBUG main            d.u.i.k.p.i.AbstractProblemLoader Init config took 2.8s 
19303      INFO  main            d.u.i.k.p.i.AbstractProblemLoader Replaying proof MyClass[MyClass::method1()].JML normal_behavior operation contract.0 
19386      DEBUG main            d.u.i.k.p.i.IntermediateProofReplayer Proof replay took 74.89ms 
19386      WARN  main            d.u.i.k.n.ParsingFacade   /home/runner/work/key/key/key.core/../key.ui/examples/heap/permissions/permissions_method1.key.proof took 0 ms to parse. 
19386      WARN  main            d.u.i.k.n.ParsingFacade   Parsing time 377 ms. 
19387      DEBUG main            d.u.i.k.p.r.p.TestFile    ... success: reloaded. 
19388      INFO  main            d.u.i.k.p.r.p.TestFile    Now processing file /home/runner/work/key/key/key.core/../key.ui/examples/heap/permissions/permissions_method3.key 
19388      INFO  main            d.u.i.k.p.i.AbstractProblemLoader Loading environment from /home/runner/work/key/key/key.core/../key.ui/examples/heap/permissions/permissions_method3.key 
19388      DEBUG main            d.u.i.k.p.i.AbstractProblemLoader Environment load took 89.1ns 
19388      WARN  main            d.u.i.k.n.ParsingFacade   /home/runner/work/key/key/key.core/../key.ui/examples/heap/permissions/permissions_method3.key took 0 ms to parse. 
19388      WARN  main            d.u.i.k.n.ParsingFacade   Parsing time 377 ms. 
19391      INFO  main            d.u.i.k.p.i.AbstractProblemLoader Creating init config 
20303      WARN  main            d.u.i.k.n.ParsingFacade   file:/home/runner/work/key/key/key.core/build/resources/main/de/uka/ilkd/key/java/JavaRedux/java/lang/String.key took 1 ms to parse. 
20303      WARN  main            d.u.i.k.n.ParsingFacade   Parsing time 378 ms. 
22109      DEBUG main            d.u.i.k.p.i.AbstractProblemLoader Init config took 2.72s 
22157      INFO  main            d.u.i.k.p.i.AbstractProblemLoader Replaying proof MyClass[MyClass::method3()].JML normal_behavior operation contract.0 
22159      DEBUG main            d.u.i.k.p.i.IntermediateProofReplayer Proof replay took 5.1ns 
22160      WARN  main            d.u.i.k.n.ParsingFacade   /home/runner/work/key/key/key.core/../key.ui/examples/heap/permissions/permissions_method3.key took 0 ms to parse. 
22160      WARN  main            d.u.i.k.n.ParsingFacade   Parsing time 378 ms. 
23666      INFO  main            d.u.i.k.p.r.p.TestFile    ... finished proof: closed. 
23827      INFO  main            d.u.i.k.p.i.AbstractProblemLoader Loading environment from /home/runner/work/key/key/key.core/../key.ui/examples/heap/permissions/permissions_method3.key.proof 
23828      DEBUG main            d.u.i.k.p.i.AbstractProblemLoader Environment load took 890.62ns 
23828      WARN  main            d.u.i.k.n.ParsingFacade   /home/runner/work/key/key/key.core/../key.ui/examples/heap/permissions/permissions_method3.key.proof took 0 ms to parse. 
23828      WARN  main            d.u.i.k.n.ParsingFacade   Parsing time 378 ms. 
23829      INFO  main            d.u.i.k.p.i.AbstractProblemLoader Creating init config 
24722      WARN  main            d.u.i.k.n.ParsingFacade   file:/home/runner/work/key/key/key.core/build/resources/main/de/uka/ilkd/key/java/JavaRedux/java/lang/String.key took 1 ms to parse. 
24723      WARN  main            d.u.i.k.n.ParsingFacade   Parsing time 379 ms. 
26523      DEBUG main            d.u.i.k.p.i.AbstractProblemLoader Init config took 2.69s 
26569      INFO  main            d.u.i.k.p.i.AbstractProblemLoader Replaying proof MyClass[MyClass::method3()].JML normal_behavior operation contract.0 
26839      DEBUG main            d.u.i.k.p.i.IntermediateProofReplayer Proof replay took 263.14ms 
26840      WARN  main            d.u.i.k.n.ParsingFacade   /home/runner/work/key/key/key.core/../key.ui/examples/heap/permissions/permissions_method3.key.proof took 0 ms to parse. 
26840      WARN  main            d.u.i.k.n.ParsingFacade   Parsing time 379 ms. 
26841      DEBUG main            d.u.i.k.p.r.p.TestFile    ... success: reloaded. 
26842      INFO  main            d.u.i.k.p.r.p.TestFile    Now processing file /home/runner/work/key/key/key.core/../key.ui/examples/heap/permissions/permissions_setAB.key 
26842      INFO  main            d.u.i.k.p.i.AbstractProblemLoader Loading environment from /home/runner/work/key/key/key.core/../key.ui/examples/heap/permissions/permissions_setAB.key 
26843      DEBUG main            d.u.i.k.p.i.AbstractProblemLoader Environment load took 179ns 
26843      WARN  main            d.u.i.k.n.ParsingFacade   /home/runner/work/key/key/key.core/../key.ui/examples/heap/permissions/permissions_setAB.key took 0 ms to parse. 
26843      WARN  main            d.u.i.k.n.ParsingFacade   Parsing time 379 ms. 
26844      INFO  main            d.u.i.k.p.i.AbstractProblemLoader Creating init config 
27729      WARN  main            d.u.i.k.n.ParsingFacade   file:/home/runner/work/key/key/key.core/build/resources/main/de/uka/ilkd/key/java/JavaRedux/java/lang/String.key took 1 ms to parse. 
27729      WARN  main            d.u.i.k.n.ParsingFacade   Parsing time 380 ms. 
29485      DEBUG main            d.u.i.k.p.i.AbstractProblemLoader Init config took 2.64s 
29552      INFO  main            d.u.i.k.p.i.AbstractProblemLoader Replaying proof MyClass[MyClass::setAB()].JML normal_behavior operation contract.0 
29553      DEBUG main            d.u.i.k.p.i.IntermediateProofReplayer Proof replay took 13.9ns 
29554      WARN  main            d.u.i.k.n.ParsingFacade   /home/runner/work/key/key/key.core/../key.ui/examples/heap/permissions/permissions_setAB.key took 0 ms to parse. 
29554      WARN  main            d.u.i.k.n.ParsingFacade   Parsing time 380 ms. 
31166      INFO  main            d.u.i.k.p.r.p.TestFile    ... finished proof: closed. 
31332      INFO  main            d.u.i.k.p.i.AbstractProblemLoader Loading environment from /home/runner/work/key/key/key.core/../key.ui/examples/heap/permissions/permissions_setAB.key.proof 
31332      DEBUG main            d.u.i.k.p.i.AbstractProblemLoader Environment load took 345.91ns 
31333      WARN  main            d.u.i.k.n.ParsingFacade   /home/runner/work/key/key/key.core/../key.ui/examples/heap/permissions/permissions_setAB.key.proof took 0 ms to parse. 
31333      WARN  main            d.u.i.k.n.ParsingFacade   Parsing time 380 ms. 
31334      INFO  main            d.u.i.k.p.i.AbstractProblemLoader Creating init config 
32226      WARN  main            d.u.i.k.n.ParsingFacade   file:/home/runner/work/key/key/key.core/build/resources/main/de/uka/ilkd/key/java/JavaRedux/java/lang/String.key took 1 ms to parse. 
32227      WARN  main            d.u.i.k.n.ParsingFacade   Parsing time 381 ms. 
33926      DEBUG main            d.u.i.k.p.i.AbstractProblemLoader Init config took 2.59s 
33980      INFO  main            d.u.i.k.p.i.AbstractProblemLoader Replaying proof MyClass[MyClass::setAB()].JML normal_behavior operation contract.0 
34179      DEBUG main            d.u.i.k.p.i.IntermediateProofReplayer Proof replay took 192.68ms 
34180      WARN  main            d.u.i.k.n.ParsingFacade   /home/runner/work/key/key/key.core/../key.ui/examples/heap/permissions/permissions_setAB.key.proof took 0 ms to parse. 
34180      WARN  main            d.u.i.k.n.ParsingFacade   Parsing time 381 ms. 
34181      DEBUG main            d.u.i.k.p.r.p.TestFile    ... success: reloaded. 
34182      INFO  main            d.u.i.k.p.r.p.TestFile    Now processing file /home/runner/work/key/key/key.core/../key.ui/examples/heap/permissions/permissionProperties.key 
34182      INFO  main            d.u.i.k.p.i.AbstractProblemLoader Loading environment from /home/runner/work/key/key/key.core/../key.ui/examples/heap/permissions/permissionProperties.key 
34182      DEBUG main            d.u.i.k.p.i.AbstractProblemLoader Environment load took 180.4ns 
34183      WARN  main            d.u.i.k.n.ParsingFacade   /home/runner/work/key/key/key.core/../key.ui/examples/heap/permissions/permissionProperties.key took 0 ms to parse. 
34183      WARN  main            d.u.i.k.n.ParsingFacade   Parsing time 381 ms. 
34184      INFO  main            d.u.i.k.p.i.AbstractProblemLoader Creating init config 
34187      WARN  main            d.u.i.k.n.ParsingFacade   file:/home/runner/work/key/key/key.core/build/resources/main/de/uka/ilkd/key/proof/rules/standardRules.key took 0 ms to parse. 
34187      WARN  main            d.u.i.k.n.ParsingFacade   Parsing time 381 ms. 
34188      WARN  main            d.u.i.k.n.ParsingFacade   file:/home/runner/work/key/key/key.core/build/resources/main/de/uka/ilkd/key/proof/rules/ldt.key took 0 ms to parse. 
34189      WARN  main            d.u.i.k.n.ParsingFacade   Parsing time 381 ms. 
34189      WARN  main            d.u.i.k.n.ParsingFacade   file:/home/runner/work/key/key/key.core/build/resources/main/de/uka/ilkd/key/proof/rules/boolean.key took 0 ms to parse. 
34189      WARN  main            d.u.i.k.n.ParsingFacade   Parsing time 381 ms. 
34197      WARN  main            d.u.i.k.n.ParsingFacade   file:/home/runner/work/key/key/key.core/build/resources/main/de/uka/ilkd/key/proof/rules/ruleSetsDeclarations.key took 1 ms to parse. 
34197      WARN  main            d.u.i.k.n.ParsingFacade   Parsing time 382 ms. 
34199      WARN  main            d.u.i.k.n.ParsingFacade   file:/home/runner/work/key/key/key.core/build/resources/main/de/uka/ilkd/key/proof/rules/integerHeader.key took 0 ms to parse. 
34201      WARN  main            d.u.i.k.n.ParsingFacade   Parsing time 382 ms. 
34201      WARN  main            d.u.i.k.n.ParsingFacade   file:/home/runner/work/key/key/key.core/build/resources/main/de/uka/ilkd/key/proof/rules/floatHeader.key took 0 ms to parse. 
34202      WARN  main            d.u.i.k.n.ParsingFacade   Parsing time 382 ms. 
34203      WARN  main            d.u.i.k.n.ParsingFacade   file:/home/runner/work/key/key/key.core/build/resources/main/de/uka/ilkd/key/proof/rules/heap.key took 1 ms to parse. 
34203      WARN  main            d.u.i.k.n.ParsingFacade   Parsing time 383 ms. 
34203      WARN  main            d.u.i.k.n.ParsingFacade   file:/home/runner/work/key/key/key.core/build/resources/main/de/uka/ilkd/key/proof/rules/locSets.key took 0 ms to parse. 
34203      WARN  main            d.u.i.k.n.ParsingFacade   Parsing time 383 ms. 
34204      WARN  main            d.u.i.k.n.ParsingFacade   file:/home/runner/work/key/key/key.core/build/resources/main/de/uka/ilkd/key/proof/rules/permission.key took 0 ms to parse. 
34204      WARN  main            d.u.i.k.n.ParsingFacade   Parsing time 383 ms. 
34204      WARN  main            d.u.i.k.n.ParsingFacade   file:/home/runner/work/key/key/key.core/build/resources/main/de/uka/ilkd/key/proof/rules/reach.key took 0 ms to parse. 
34204      WARN  main            d.u.i.k.n.ParsingFacade   Parsing time 383 ms. 
34205      WARN  main            d.u.i.k.n.ParsingFacade   file:/home/runner/work/key/key/key.core/build/resources/main/de/uka/ilkd/key/proof/rules/seq.key took 1 ms to parse. 
34205      WARN  main            d.u.i.k.n.ParsingFacade   Parsing time 384 ms. 
34207      WARN  main            d.u.i.k.n.ParsingFacade   file:/home/runner/work/key/key/key.core/build/resources/main/de/uka/ilkd/key/proof/rules/map.key took 2 ms to parse. 
34207      WARN  main            d.u.i.k.n.ParsingFacade   Parsing time 386 ms. 
34207      WARN  main            d.u.i.k.n.ParsingFacade   file:/home/runner/work/key/key/key.core/build/resources/main/de/uka/ilkd/key/proof/rules/freeADT.key took 0 ms to parse. 
34207      WARN  main            d.u.i.k.n.ParsingFacade   Parsing time 386 ms. 
34208      WARN  main            d.u.i.k.n.ParsingFacade   file:/home/runner/work/key/key/key.core/build/resources/main/de/uka/ilkd/key/proof/rules/wellfound.key took 1 ms to parse. 
34208      WARN  main            d.u.i.k.n.ParsingFacade   Parsing time 387 ms. 
34208      WARN  main            d.u.i.k.n.ParsingFacade   file:/home/runner/work/key/key/key.core/build/resources/main/de/uka/ilkd/key/proof/rules/charListHeader.key took 0 ms to parse. 
34210      WARN  main            d.u.i.k.n.ParsingFacade   Parsing time 387 ms. 
34220      WARN  main            d.u.i.k.n.ParsingFacade   file:/home/runner/work/key/key/key.core/build/resources/main/de/uka/ilkd/key/proof/rules/propRule.key took 1 ms to parse. 
34220      WARN  main            d.u.i.k.n.ParsingFacade   Parsing time 388 ms. 
34226      WARN  main            d.u.i.k.n.ParsingFacade   file:/home/runner/work/key/key/key.core/build/resources/main/de/uka/ilkd/key/proof/rules/firstOrderRules.key took 2 ms to parse. 
34226      WARN  main            d.u.i.k.n.ParsingFacade   Parsing time 390 ms. 
34231      WARN  main            d.u.i.k.n.ParsingFacade   file:/home/runner/work/key/key/key.core/build/resources/main/de/uka/ilkd/key/proof/rules/ifThenElseRules.key took 1 ms to parse. 
34231      WARN  main            d.u.i.k.n.ParsingFacade   Parsing time 391 ms. 
34241      WARN  main            d.u.i.k.n.ParsingFacade   file:/home/runner/work/key/key/key.core/build/resources/main/de/uka/ilkd/key/proof/rules/formulaNormalisationRules.key took 3 ms to parse. 
34241      WARN  main            d.u.i.k.n.ParsingFacade   Parsing time 394 ms. 
34251      WARN  main            d.u.i.k.n.ParsingFacade   file:/home/runner/work/key/key/key.core/build/resources/main/de/uka/ilkd/key/proof/rules/updateRules.key took 1 ms to parse. 
34251      WARN  main            d.u.i.k.n.ParsingFacade   Parsing time 395 ms. 
34254      WARN  main            d.u.i.k.n.ParsingFacade   file:/home/runner/work/key/key/key.core/build/resources/main/de/uka/ilkd/key/proof/rules/integerRulesCommon.key took 0 ms to parse. 
34254      WARN  main            d.u.i.k.n.ParsingFacade   Parsing time 395 ms. 
34260      WARN  main            d.u.i.k.n.ParsingFacade   file:/home/runner/work/key/key/key.core/build/resources/main/de/uka/ilkd/key/proof/rules/intRules.key took 0 ms to parse. 
34261      WARN  main            d.u.i.k.n.ParsingFacade   Parsing time 395 ms. 
34265      WARN  main            d.u.i.k.n.ParsingFacade   file:/home/runner/work/key/key/key.core/build/resources/main/de/uka/ilkd/key/proof/rules/intRulesUncheckedSemantics.key took 1 ms to parse. 
34265      WARN  main            d.u.i.k.n.ParsingFacade   Parsing time 396 ms. 
34268      WARN  main            d.u.i.k.n.ParsingFacade   file:/home/runner/work/key/key/key.core/build/resources/main/de/uka/ilkd/key/proof/rules/intRulesCheckedSemantics.key took 1 ms to parse. 
34268      WARN  main            d.u.i.k.n.ParsingFacade   Parsing time 397 ms. 
34271      WARN  main            d.u.i.k.n.ParsingFacade   file:/home/runner/work/key/key/key.core/build/resources/main/de/uka/ilkd/key/proof/rules/intRulesJavaSemantics.key took 1 ms to parse. 
34271      WARN  main            d.u.i.k.n.ParsingFacade   Parsing time 398 ms. 
34289      WARN  main            d.u.i.k.n.ParsingFacade   file:/home/runner/work/key/key/key.core/build/resources/main/de/uka/ilkd/key/proof/rules/integerSimplificationRules.key took 14 ms to parse. 
34289      WARN  main            d.u.i.k.n.ParsingFacade   Parsing time 412 ms. 
34355      DEBUG main            d.u.i.k.j.TypeConverter   No LDT found for Meta 
34355      DEBUG main            d.u.i.k.j.TypeConverter   No LDT found for Meta 
34356      DEBUG main            d.u.i.k.j.TypeConverter   No LDT found for Meta 
34356      DEBUG main            d.u.i.k.j.TypeConverter   No LDT found for Meta 
34372      WARN  main            d.u.i.k.n.ParsingFacade   file:/home/runner/work/key/key/key.core/build/resources/main/de/uka/ilkd/key/proof/rules/intDiv.key took 3 ms to parse. 
34372      WARN  main            d.u.i.k.n.ParsingFacade   Parsing time 415 ms. 
34384      WARN  main            d.u.i.k.n.ParsingFacade   file:/home/runner/work/key/key/key.core/build/resources/main/de/uka/ilkd/key/proof/rules/bsum.key took 5 ms to parse. 
34385      WARN  main            d.u.i.k.n.ParsingFacade   Parsing time 420 ms. 
34400      WARN  main            d.u.i.k.n.ParsingFacade   file:/home/runner/work/key/key/key.core/build/resources/main/de/uka/ilkd/key/proof/rules/bprod.key took 2 ms to parse. 
34400      WARN  main            d.u.i.k.n.ParsingFacade   Parsing time 422 ms. 
34406      WARN  main            d.u.i.k.n.ParsingFacade   file:/home/runner/work/key/key/key.core/build/resources/main/de/uka/ilkd/key/proof/rules/binaryAxioms.key took 1 ms to parse. 
34406      WARN  main            d.u.i.k.n.ParsingFacade   Parsing time 423 ms. 
34409      WARN  main            d.u.i.k.n.ParsingFacade   file:/home/runner/work/key/key/key.core/build/resources/main/de/uka/ilkd/key/proof/rules/binaryLemmas.key took 0 ms to parse. 
34409      WARN  main            d.u.i.k.n.ParsingFacade   Parsing time 423 ms. 
34413      WARN  main            d.u.i.k.n.ParsingFacade   file:/home/runner/work/key/key/key.core/build/resources/main/de/uka/ilkd/key/proof/rules/intPow.key took 2 ms to parse. 
34413      WARN  main            d.u.i.k.n.ParsingFacade   Parsing time 425 ms. 
34421      WARN  main            d.u.i.k.n.ParsingFacade   file:/home/runner/work/key/key/key.core/build/resources/main/de/uka/ilkd/key/proof/rules/floatRulesCommon.key took 2 ms to parse. 
34421      WARN  main            d.u.i.k.n.ParsingFacade   Parsing time 427 ms. 
34433      WARN  main            d.u.i.k.n.ParsingFacade   file:/home/runner/work/key/key/key.core/build/resources/main/de/uka/ilkd/key/proof/rules/floatRules.key took 0 ms to parse. 
34434      WARN  main            d.u.i.k.n.ParsingFacade   Parsing time 427 ms. 
34434      WARN  main            d.u.i.k.n.ParsingFacade   file:/home/runner/work/key/key/key.core/build/resources/main/de/uka/ilkd/key/proof/rules/floatRulesVerifyNormal.key took 0 ms to parse. 
34434      WARN  main            d.u.i.k.n.ParsingFacade   Parsing time 427 ms. 
34435      WARN  main            d.u.i.k.n.ParsingFacade   file:/home/runner/work/key/key/key.core/build/resources/main/de/uka/ilkd/key/proof/rules/floatRulesAssumeStrictfp.key took 0 ms to parse. 
34435      WARN  main            d.u.i.k.n.ParsingFacade   Parsing time 427 ms. 
34445      WARN  main            d.u.i.k.n.ParsingFacade   file:/home/runner/work/key/key/key.core/build/resources/main/de/uka/ilkd/key/proof/rules/genericRules.key took 1 ms to parse. 
34445      WARN  main            d.u.i.k.n.ParsingFacade   Parsing time 428 ms. 
34449      WARN  main            d.u.i.k.n.ParsingFacade   file:/home/runner/work/key/key/key.core/build/resources/main/de/uka/ilkd/key/proof/rules/booleanRules.key took 1 ms to parse. 
34449      WARN  main            d.u.i.k.n.ParsingFacade   Parsing time 429 ms. 
34450      WARN  main            d.u.i.k.n.ParsingFacade   file:/home/runner/work/key/key/key.core/build/resources/main/de/uka/ilkd/key/proof/rules/epsilon.key took 0 ms to parse. 
34451      WARN  main            d.u.i.k.n.ParsingFacade   Parsing time 429 ms. 
34457      WARN  main            d.u.i.k.n.ParsingFacade   file:/home/runner/work/key/key/key.core/build/resources/main/de/uka/ilkd/key/proof/rules/locSetsRules.key took 5 ms to parse. 
34457      WARN  main            d.u.i.k.n.ParsingFacade   Parsing time 434 ms. 
34479      WARN  main            d.u.i.k.n.ParsingFacade   file:/home/runner/work/key/key/key.core/build/resources/main/de/uka/ilkd/key/proof/rules/heapRules.key took 5 ms to parse. 
34479      WARN  main            d.u.i.k.n.ParsingFacade   Parsing time 439 ms. 
34496      WARN  main            d.u.i.k.n.ParsingFacade   file:/home/runner/work/key/key/key.core/build/resources/main/de/uka/ilkd/key/proof/rules/permissionRules.key took 2 ms to parse. 
34496      WARN  main            d.u.i.k.n.ParsingFacade   Parsing time 441 ms. 
34505      WARN  main            d.u.i.k.n.ParsingFacade   file:/home/runner/work/key/key/key.core/build/resources/main/de/uka/ilkd/key/proof/rules/reachRules.key took 3 ms to parse. 
34505      WARN  main            d.u.i.k.n.ParsingFacade   Parsing time 444 ms. 
34511      WARN  main            d.u.i.k.n.ParsingFacade   file:/home/runner/work/key/key/key.core/build/resources/main/de/uka/ilkd/key/proof/rules/seqCoreRules.key took 0 ms to parse. 
34512      WARN  main            d.u.i.k.n.ParsingFacade   Parsing time 444 ms. 
34518      WARN  main            d.u.i.k.n.ParsingFacade   file:/home/runner/work/key/key/key.core/build/resources/main/de/uka/ilkd/key/proof/rules/seqRules.key took 4 ms to parse. 
34518      WARN  main            d.u.i.k.n.ParsingFacade   Parsing time 448 ms. 
34535      WARN  main            d.u.i.k.n.ParsingFacade   file:/home/runner/work/key/key/key.core/build/resources/main/de/uka/ilkd/key/proof/rules/seqPerm.key took 3 ms to parse. 
34535      WARN  main            d.u.i.k.n.ParsingFacade   Parsing time 451 ms. 
34544      WARN  main            d.u.i.k.n.ParsingFacade   file:/home/runner/work/key/key/key.core/build/resources/main/de/uka/ilkd/key/proof/rules/seqPerm2.key took 0 ms to parse. 
34544      WARN  main            d.u.i.k.n.ParsingFacade   Parsing time 451 ms. 
34564      WARN  main            d.u.i.k.n.ParsingFacade   file:/home/runner/work/key/key/key.core/build/resources/main/de/uka/ilkd/key/proof/rules/javaRules.key took 17 ms to parse. 
34565      WARN  main            d.u.i.k.n.ParsingFacade   Parsing time 468 ms. 
34577      WARN  main            d.u.i.k.n.ParsingFacade   file:/home/runner/work/key/key/key.core/build/resources/main/de/uka/ilkd/key/proof/rules/assertions.key took 1 ms to parse. 
34581      WARN  main            d.u.i.k.n.ParsingFacade   Parsing time 469 ms. 
34769      WARN  main            d.u.i.k.n.ParsingFacade   file:/home/runner/work/key/key/key.core/build/resources/main/de/uka/ilkd/key/proof/rules/loopRules.key took 0 ms to parse. 
34769      WARN  main            d.u.i.k.n.ParsingFacade   Parsing time 469 ms. 
34774      WARN  main            d.u.i.k.n.ParsingFacade   file:/home/runner/work/key/key/key.core/build/resources/main/de/uka/ilkd/key/proof/rules/activeUse.key took 2 ms to parse. 
34774      WARN  main            d.u.i.k.n.ParsingFacade   Parsing time 471 ms. 
34801      WARN  main            d.u.i.k.n.ParsingFacade   file:/home/runner/work/key/key/key.core/build/resources/main/de/uka/ilkd/key/proof/rules/instanceAllocation.key took 1 ms to parse. 
34801      WARN  main            d.u.i.k.n.ParsingFacade   Parsing time 472 ms. 
34814      WARN  main            d.u.i.k.n.ParsingFacade   file:/home/runner/work/key/key/key.core/build/resources/main/de/uka/ilkd/key/proof/rules/java5.key took 0 ms to parse. 
34815      WARN  main            d.u.i.k.n.ParsingFacade   Parsing time 472 ms. 
34818      WARN  main            d.u.i.k.n.ParsingFacade   file:/home/runner/work/key/key/key.core/build/resources/main/de/uka/ilkd/key/proof/rules/integerAssignment2UpdateRules.key took 2 ms to parse. 
34818      WARN  main            d.u.i.k.n.ParsingFacade   Parsing time 474 ms. 
34837      WARN  main            d.u.i.k.n.ParsingFacade   file:/home/runner/work/key/key/key.core/build/resources/main/de/uka/ilkd/key/proof/rules/floatAssignment2UpdateRules.key took 1 ms to parse. 
34837      WARN  main            d.u.i.k.n.ParsingFacade   Parsing time 475 ms. 
34851      WARN  main            d.u.i.k.n.ParsingFacade   file:/home/runner/work/key/key/key.core/build/resources/main/de/uka/ilkd/key/proof/rules/bigint.key took 1 ms to parse. 
34851      WARN  main            d.u.i.k.n.ParsingFacade   Parsing time 476 ms. 
34857      DEBUG main            d.u.i.k.j.TypeConverter   No LDT found for JavaBigintExpression 
34860      WARN  main            d.u.i.k.n.ParsingFacade   file:/home/runner/work/key/key/key.core/build/resources/main/de/uka/ilkd/key/proof/rules/adtProgramDecompositionRules.key took 1 ms to parse. 
34860      WARN  main            d.u.i.k.n.ParsingFacade   Parsing time 477 ms. 
34868      WARN  main            d.u.i.k.n.ParsingFacade   file:/home/runner/work/key/key/key.core/build/resources/main/de/uka/ilkd/key/proof/rules/precRules.key took 0 ms to parse. 
34868      WARN  main            d.u.i.k.n.ParsingFacade   Parsing time 477 ms. 
34872      WARN  main            d.u.i.k.n.ParsingFacade   file:/home/runner/work/key/key/key.core/build/resources/main/de/uka/ilkd/key/proof/rules/charListRules.key took 2 ms to parse. 
34872      WARN  main            d.u.i.k.n.ParsingFacade   Parsing time 479 ms. 
34879      WARN  main            d.u.i.k.n.ParsingFacade   file:/home/runner/work/key/key/key.core/build/resources/main/de/uka/ilkd/key/proof/rules/regExTheory.key took 0 ms to parse. 
34879      WARN  main            d.u.i.k.n.ParsingFacade   Parsing time 479 ms. 
34879      WARN  main            d.u.i.k.n.ParsingFacade   file:/home/runner/work/key/key/key.core/build/resources/main/de/uka/ilkd/key/proof/rules/regExHeader.key took 0 ms to parse. 
34879      WARN  main            d.u.i.k.n.ParsingFacade   Parsing time 479 ms. 
34880      WARN  main            d.u.i.k.n.ParsingFacade   file:/home/runner/work/key/key/key.core/build/resources/main/de/uka/ilkd/key/proof/rules/regExAxioms.key took 0 ms to parse. 
34880      WARN  main            d.u.i.k.n.ParsingFacade   Parsing time 479 ms. 
34883      WARN  main            d.u.i.k.n.ParsingFacade   file:/home/runner/work/key/key/key.core/build/resources/main/de/uka/ilkd/key/proof/rules/regExLemmaProven.key took 1 ms to parse. 
34883      WARN  main            d.u.i.k.n.ParsingFacade   Parsing time 480 ms. 
34887      WARN  main            d.u.i.k.n.ParsingFacade   file:/home/runner/work/key/key/key.core/build/resources/main/de/uka/ilkd/key/proof/rules/seqEq.key took 2 ms to parse. 
34887      WARN  main            d.u.i.k.n.ParsingFacade   Parsing time 482 ms. 
34891      WARN  main            d.u.i.k.n.ParsingFacade   file:/home/runner/work/key/key/key.core/build/resources/main/de/uka/ilkd/key/proof/rules/infFlow.key took 1 ms to parse. 
34891      WARN  main            d.u.i.k.n.ParsingFacade   Parsing time 483 ms. 
34894      WARN  main            d.u.i.k.n.ParsingFacade   file:/home/runner/work/key/key/key.core/build/resources/main/de/uka/ilkd/key/proof/rules/mapSize.key took 0 ms to parse. 
34894      WARN  main            d.u.i.k.n.ParsingFacade   Parsing time 483 ms. 
34896      WARN  main            d.u.i.k.n.ParsingFacade   file:/home/runner/work/key/key/key.core/build/resources/main/de/uka/ilkd/key/proof/rules/wd.key took 0 ms to parse. 
34896      WARN  main            d.u.i.k.n.ParsingFacade   Parsing time 483 ms. 
34896      WARN  main            d.u.i.k.n.ParsingFacade   file:/home/runner/work/key/key/key.core/build/resources/main/de/uka/ilkd/key/proof/rules/wdHeader.key took 0 ms to parse. 
34896      WARN  main            d.u.i.k.n.ParsingFacade   Parsing time 483 ms. 
34897      WARN  main            d.u.i.k.n.ParsingFacade   file:/home/runner/work/key/key/key.core/build/resources/main/de/uka/ilkd/key/proof/rules/wdGeneralRules.key took 1 ms to parse. 
34897      WARN  main            d.u.i.k.n.ParsingFacade   Parsing time 484 ms. 
34905      WARN  main            d.u.i.k.n.ParsingFacade   file:/home/runner/work/key/key/key.core/build/resources/main/de/uka/ilkd/key/proof/rules/wdNumericalRules.key took 4 ms to parse. 
34905      WARN  main            d.u.i.k.n.ParsingFacade   Parsing time 488 ms. 
34919      WARN  main            d.u.i.k.n.ParsingFacade   file:/home/runner/work/key/key/key.core/build/resources/main/de/uka/ilkd/key/proof/rules/wdLocSetRules.key took 1 ms to parse. 
34919      WARN  main            d.u.i.k.n.ParsingFacade   Parsing time 489 ms. 
34923      WARN  main            d.u.i.k.n.ParsingFacade   file:/home/runner/work/key/key/key.core/build/resources/main/de/uka/ilkd/key/proof/rules/wdHeapRules.key took 0 ms to parse. 
34923      WARN  main            d.u.i.k.n.ParsingFacade   Parsing time 489 ms. 
34925      WARN  main            d.u.i.k.n.ParsingFacade   file:/home/runner/work/key/key/key.core/build/resources/main/de/uka/ilkd/key/proof/rules/wdReachRules.key took 0 ms to parse. 
34925      WARN  main            d.u.i.k.n.ParsingFacade   Parsing time 489 ms. 
34927      WARN  main            d.u.i.k.n.ParsingFacade   file:/home/runner/work/key/key/key.core/build/resources/main/de/uka/ilkd/key/proof/rules/wdSeqRules.key took 1 ms to parse. 
34927      WARN  main            d.u.i.k.n.ParsingFacade   Parsing time 490 ms. 
34929      WARN  main            d.u.i.k.n.ParsingFacade   file:/home/runner/work/key/key/key.core/build/resources/main/de/uka/ilkd/key/proof/rules/wdStringRules.key took 0 ms to parse. 
34929      WARN  main            d.u.i.k.n.ParsingFacade   Parsing time 490 ms. 
34933      WARN  main            d.u.i.k.n.ParsingFacade   file:/home/runner/work/key/key/key.core/build/resources/main/de/uka/ilkd/key/proof/rules/wdRegExRules.key took 0 ms to parse. 
34933      WARN  main            d.u.i.k.n.ParsingFacade   Parsing time 490 ms. 
35040      WARN  main            d.u.i.k.n.ParsingFacade   file:/home/runner/work/key/key/key.core/build/resources/main/de/uka/ilkd/key/proof/rules/wdFormulaRules.key took 106 ms to parse. 
35040      WARN  main            d.u.i.k.n.ParsingFacade   Parsing time 596 ms. 
35048      WARN  main            d.u.i.k.n.ParsingFacade   file:/home/runner/work/key/key/key.core/build/resources/main/de/uka/ilkd/key/proof/rules/loopInvariantRules.key took 0 ms to parse. 
35049      WARN  main            d.u.i.k.n.ParsingFacade   Parsing time 596 ms. 
35050      WARN  main            d.u.i.k.n.ParsingFacade   file:/home/runner/work/key/key/key.core/build/resources/main/de/uka/ilkd/key/proof/rules/forLoopRules.key took 0 ms to parse. 
35050      WARN  main            d.u.i.k.n.ParsingFacade   Parsing time 596 ms. 
35053      WARN  main            d.u.i.k.n.ParsingFacade   file:/home/runner/work/key/key/key.core/build/resources/main/de/uka/ilkd/key/proof/rules/execRules.key took 2 ms to parse. 
35053      WARN  main            d.u.i.k.n.ParsingFacade   Parsing time 598 ms. 
35099      WARN  main            d.u.i.k.n.ParsingFacade   file:/home/runner/work/key/key/key.core/build/resources/main/de/uka/ilkd/key/proof/rules/loopScopeRules.key took 1 ms to parse. 
35100      WARN  main            d.u.i.k.n.ParsingFacade   Parsing time 599 ms. 
35909      WARN  main            d.u.i.k.n.ParsingFacade   file:/home/runner/work/key/key/key.core/build/resources/main/de/uka/ilkd/key/java/JavaRedux/java/lang/String.key took 1 ms to parse. 
35909      WARN  main            d.u.i.k.n.ParsingFacade   Parsing time 600 ms. 
37558      DEBUG main            d.u.i.k.p.i.AbstractProblemLoader Init config took 3.37s 
37581      INFO  main            d.u.i.k.p.i.AbstractProblemLoader Replaying proof permissionProperties.key 
37583      DEBUG main            d.u.i.k.p.i.IntermediateProofReplayer Proof replay took 6.9ns 
37584      WARN  main            d.u.i.k.n.ParsingFacade   /home/runner/work/key/key/key.core/../key.ui/examples/heap/permissions/permissionProperties.key took 0 ms to parse. 
37584      WARN  main            d.u.i.k.n.ParsingFacade   Parsing time 600 ms. 
37687      INFO  main            d.u.i.k.p.r.p.TestFile    ... finished proof: closed. 
37846      INFO  main            d.u.i.k.p.i.AbstractProblemLoader Loading environment from /home/runner/work/key/key/key.core/../key.ui/examples/heap/permissions/permissionProperties.key.proof 
37846      DEBUG main            d.u.i.k.p.i.AbstractProblemLoader Environment load took 435.01ns 
37849      WARN  main            d.u.i.k.n.ParsingFacade   /home/runner/work/key/key/key.core/../key.ui/examples/heap/permissions/permissionProperties.key.proof took 1 ms to parse. 
37849      WARN  main            d.u.i.k.n.ParsingFacade   Parsing time 601 ms. 
37849      INFO  main            d.u.i.k.p.i.AbstractProblemLoader Creating init config 
38623      WARN  main            d.u.i.k.n.ParsingFacade   file:/home/runner/work/key/key/key.core/build/resources/main/de/uka/ilkd/key/java/JavaRedux/java/lang/String.key took 1 ms to parse. 
38624      WARN  main            d.u.i.k.n.ParsingFacade   Parsing time 602 ms. 
40287      DEBUG main            d.u.i.k.p.i.AbstractProblemLoader Init config took 2.44s 
40307      INFO  main            d.u.i.k.p.i.AbstractProblemLoader Replaying proof permissionProperties.key.proof 
40324      DEBUG main            d.u.i.k.p.i.IntermediateProofReplayer Proof replay took 14.93ms 
40325      WARN  main            d.u.i.k.n.ParsingFacade   /home/runner/work/key/key/key.core/../key.ui/examples/heap/permissions/permissionProperties.key.proof took 0 ms to parse. 
40325      WARN  main            d.u.i.k.n.ParsingFacade   Parsing time 602 ms. 
40325      DEBUG main            d.u.i.k.p.r.p.TestFile    ... success: reloaded. 
40326      INFO  main            d.u.i.k.p.r.p.TestFile    Now processing file /home/runner/work/key/key/key.core/../key.ui/examples/heap/permissions/threads/AFilter_AFilter.key 
40326      INFO  main            d.u.i.k.p.i.AbstractProblemLoader Loading environment from /home/runner/work/key/key/key.core/../key.ui/examples/heap/permissions/threads/AFilter_AFilter.key 
40326      DEBUG main            d.u.i.k.p.i.AbstractProblemLoader Environment load took 84.7ns 
40327      WARN  main            d.u.i.k.n.ParsingFacade   /home/runner/work/key/key/key.core/../key.ui/examples/heap/permissions/threads/AFilter_AFilter.key took 0 ms to parse. 
40327      WARN  main            d.u.i.k.n.ParsingFacade   Parsing time 602 ms. 
40327      INFO  main            d.u.i.k.p.i.AbstractProblemLoader Creating init config 
40329      WARN  main            d.u.i.k.n.ParsingFacade   file:/home/runner/work/key/key/key.core/build/resources/main/de/uka/ilkd/key/proof/rules/standardRules.key took 0 ms to parse. 
40329      WARN  main            d.u.i.k.n.ParsingFacade   Parsing time 602 ms. 
40330      WARN  main            d.u.i.k.n.ParsingFacade   file:/home/runner/work/key/key/key.core/build/resources/main/de/uka/ilkd/key/proof/rules/ldt.key took 0 ms to parse. 
40330      WARN  main            d.u.i.k.n.ParsingFacade   Parsing time 602 ms. 
40331      WARN  main            d.u.i.k.n.ParsingFacade   file:/home/runner/work/key/key/key.core/build/resources/main/de/uka/ilkd/key/proof/rules/boolean.key took 0 ms to parse. 
40331      WARN  main            d.u.i.k.n.ParsingFacade   Parsing time 602 ms. 
40332      WARN  main            d.u.i.k.n.ParsingFacade   file:/home/runner/work/key/key/key.core/build/resources/main/de/uka/ilkd/key/proof/rules/ruleSetsDeclarations.key took 1 ms to parse. 
40332      WARN  main            d.u.i.k.n.ParsingFacade   Parsing time 603 ms. 
40333      WARN  main            d.u.i.k.n.ParsingFacade   file:/home/runner/work/key/key/key.core/build/resources/main/de/uka/ilkd/key/proof/rules/integerHeader.key took 0 ms to parse. 
40333      WARN  main            d.u.i.k.n.ParsingFacade   Parsing time 603 ms. 
40334      WARN  main            d.u.i.k.n.ParsingFacade   file:/home/runner/work/key/key/key.core/build/resources/main/de/uka/ilkd/key/proof/rules/floatHeader.key took 0 ms to parse. 
40334      WARN  main            d.u.i.k.n.ParsingFacade   Parsing time 603 ms. 
40334      WARN  main            d.u.i.k.n.ParsingFacade   file:/home/runner/work/key/key/key.core/build/resources/main/de/uka/ilkd/key/proof/rules/heap.key took 0 ms to parse. 
40334      WARN  main            d.u.i.k.n.ParsingFacade   Parsing time 603 ms. 
40335      WARN  main            d.u.i.k.n.ParsingFacade   file:/home/runner/work/key/key/key.core/build/resources/main/de/uka/ilkd/key/proof/rules/locSets.key took 1 ms to parse. 
40335      WARN  main            d.u.i.k.n.ParsingFacade   Parsing time 604 ms. 
40335      WARN  main            d.u.i.k.n.ParsingFacade   file:/home/runner/work/key/key/key.core/build/resources/main/de/uka/ilkd/key/proof/rules/permission.key took 0 ms to parse. 
40335      WARN  main            d.u.i.k.n.ParsingFacade   Parsing time 604 ms. 
40335      WARN  main            d.u.i.k.n.ParsingFacade   file:/home/runner/work/key/key/key.core/build/resources/main/de/uka/ilkd/key/proof/rules/reach.key took 0 ms to parse. 
40335      WARN  main            d.u.i.k.n.ParsingFacade   Parsing time 604 ms. 
40335      WARN  main            d.u.i.k.n.ParsingFacade   file:/home/runner/work/key/key/key.core/build/resources/main/de/uka/ilkd/key/proof/rules/seq.key took 0 ms to parse. 
40335      WARN  main            d.u.i.k.n.ParsingFacade   Parsing time 604 ms. 
40337      WARN  main            d.u.i.k.n.ParsingFacade   file:/home/runner/work/key/key/key.core/build/resources/main/de/uka/ilkd/key/proof/rules/map.key took 2 ms to parse. 
40337      WARN  main            d.u.i.k.n.ParsingFacade   Parsing time 606 ms. 
40337      WARN  main            d.u.i.k.n.ParsingFacade   file:/home/runner/work/key/key/key.core/build/resources/main/de/uka/ilkd/key/proof/rules/freeADT.key took 0 ms to parse. 
40337      WARN  main            d.u.i.k.n.ParsingFacade   Parsing time 606 ms. 
40337      WARN  main            d.u.i.k.n.ParsingFacade   file:/home/runner/work/key/key/key.core/build/resources/main/de/uka/ilkd/key/proof/rules/wellfound.key took 0 ms to parse. 
40337      WARN  main            d.u.i.k.n.ParsingFacade   Parsing time 606 ms. 
40337      WARN  main            d.u.i.k.n.ParsingFacade   file:/home/runner/work/key/key/key.core/build/resources/main/de/uka/ilkd/key/proof/rules/charListHeader.key took 0 ms to parse. 
40337      WARN  main            d.u.i.k.n.ParsingFacade   Parsing time 606 ms. 
40343      WARN  main            d.u.i.k.n.ParsingFacade   file:/home/runner/work/key/key/key.core/build/resources/main/de/uka/ilkd/key/proof/rules/propRule.key took 1 ms to parse. 
40343      WARN  main            d.u.i.k.n.ParsingFacade   Parsing time 607 ms. 
40346      WARN  main            d.u.i.k.n.ParsingFacade   file:/home/runner/work/key/key/key.core/build/resources/main/de/uka/ilkd/key/proof/rules/firstOrderRules.key took 0 ms to parse. 
40346      WARN  main            d.u.i.k.n.ParsingFacade   Parsing time 607 ms. 
40349      WARN  main            d.u.i.k.n.ParsingFacade   file:/home/runner/work/key/key/key.core/build/resources/main/de/uka/ilkd/key/proof/rules/ifThenElseRules.key took 1 ms to parse. 
40349      WARN  main            d.u.i.k.n.ParsingFacade   Parsing time 608 ms. 
40356      WARN  main            d.u.i.k.n.ParsingFacade   file:/home/runner/work/key/key/key.core/build/resources/main/de/uka/ilkd/key/proof/rules/formulaNormalisationRules.key took 3 ms to parse. 
40356      WARN  main            d.u.i.k.n.ParsingFacade   Parsing time 611 ms. 
40365      WARN  main            d.u.i.k.n.ParsingFacade   file:/home/runner/work/key/key/key.core/build/resources/main/de/uka/ilkd/key/proof/rules/updateRules.key took 0 ms to parse. 
40365      WARN  main            d.u.i.k.n.ParsingFacade   Parsing time 611 ms. 
40368      WARN  main            d.u.i.k.n.ParsingFacade   file:/home/runner/work/key/key/key.core/build/resources/main/de/uka/ilkd/key/proof/rules/integerRulesCommon.key took 1 ms to parse. 
40368      WARN  main            d.u.i.k.n.ParsingFacade   Parsing time 612 ms. 
40372      WARN  main            d.u.i.k.n.ParsingFacade   file:/home/runner/work/key/key/key.core/build/resources/main/de/uka/ilkd/key/proof/rules/intRules.key took 1 ms to parse. 
40372      WARN  main            d.u.i.k.n.ParsingFacade   Parsing time 613 ms. 
40375      WARN  main            d.u.i.k.n.ParsingFacade   file:/home/runner/work/key/key/key.core/build/resources/main/de/uka/ilkd/key/proof/rules/intRulesUncheckedSemantics.key took 0 ms to parse. 
40375      WARN  main            d.u.i.k.n.ParsingFacade   Parsing time 613 ms. 
40378      WARN  main            d.u.i.k.n.ParsingFacade   file:/home/runner/work/key/key/key.core/build/resources/main/de/uka/ilkd/key/proof/rules/intRulesCheckedSemantics.key took 1 ms to parse. 
40378      WARN  main            d.u.i.k.n.ParsingFacade   Parsing time 614 ms. 
40380      WARN  main            d.u.i.k.n.ParsingFacade   file:/home/runner/work/key/key/key.core/build/resources/main/de/uka/ilkd/key/proof/rules/intRulesJavaSemantics.key took 1 ms to parse. 
40380      WARN  main            d.u.i.k.n.ParsingFacade   Parsing time 615 ms. 
40395      WARN  main            d.u.i.k.n.ParsingFacade   file:/home/runner/work/key/key/key.core/build/resources/main/de/uka/ilkd/key/proof/rules/integerSimplificationRules.key took 11 ms to parse. 
40395      WARN  main            d.u.i.k.n.ParsingFacade   Parsing time 626 ms. 
40417      DEBUG main            d.u.i.k.j.TypeConverter   No LDT found for Meta 
40417      DEBUG main            d.u.i.k.j.TypeConverter   No LDT found for Meta 
40418      DEBUG main            d.u.i.k.j.TypeConverter   No LDT found for Meta 
40418      DEBUG main            d.u.i.k.j.TypeConverter   No LDT found for Meta 
40430      WARN  main            d.u.i.k.n.ParsingFacade   file:/home/runner/work/key/key/key.core/build/resources/main/de/uka/ilkd/key/proof/rules/intDiv.key took 3 ms to parse. 
40430      WARN  main            d.u.i.k.n.ParsingFacade   Parsing time 629 ms. 
40441      WARN  main            d.u.i.k.n.ParsingFacade   file:/home/runner/work/key/key/key.core/build/resources/main/de/uka/ilkd/key/proof/rules/bsum.key took 4 ms to parse. 
40441      WARN  main            d.u.i.k.n.ParsingFacade   Parsing time 633 ms. 
40455      WARN  main            d.u.i.k.n.ParsingFacade   file:/home/runner/work/key/key/key.core/build/resources/main/de/uka/ilkd/key/proof/rules/bprod.key took 2 ms to parse. 
40455      WARN  main            d.u.i.k.n.ParsingFacade   Parsing time 635 ms. 
40460      WARN  main            d.u.i.k.n.ParsingFacade   file:/home/runner/work/key/key/key.core/build/resources/main/de/uka/ilkd/key/proof/rules/binaryAxioms.key took 0 ms to parse. 
40460      WARN  main            d.u.i.k.n.ParsingFacade   Parsing time 635 ms. 
40462      WARN  main            d.u.i.k.n.ParsingFacade   file:/home/runner/work/key/key/key.core/build/resources/main/de/uka/ilkd/key/proof/rules/binaryLemmas.key took 0 ms to parse. 
40462      WARN  main            d.u.i.k.n.ParsingFacade   Parsing time 635 ms. 
40465      WARN  main            d.u.i.k.n.ParsingFacade   file:/home/runner/work/key/key/key.core/build/resources/main/de/uka/ilkd/key/proof/rules/intPow.key took 1 ms to parse. 
40466      WARN  main            d.u.i.k.n.ParsingFacade   Parsing time 636 ms. 
40471      WARN  main            d.u.i.k.n.ParsingFacade   file:/home/runner/work/key/key/key.core/build/resources/main/de/uka/ilkd/key/proof/rules/floatRulesCommon.key took 2 ms to parse. 
40471      WARN  main            d.u.i.k.n.ParsingFacade   Parsing time 638 ms. 
40477      WARN  main            d.u.i.k.n.ParsingFacade   file:/home/runner/work/key/key/key.core/build/resources/main/de/uka/ilkd/key/proof/rules/floatRules.key took 0 ms to parse. 
40477      WARN  main            d.u.i.k.n.ParsingFacade   Parsing time 638 ms. 
40478      WARN  main            d.u.i.k.n.ParsingFacade   file:/home/runner/work/key/key/key.core/build/resources/main/de/uka/ilkd/key/proof/rules/floatRulesVerifyNormal.key took 0 ms to parse. 
40478      WARN  main            d.u.i.k.n.ParsingFacade   Parsing time 638 ms. 
40479      WARN  main            d.u.i.k.n.ParsingFacade   file:/home/runner/work/key/key/key.core/build/resources/main/de/uka/ilkd/key/proof/rules/floatRulesAssumeStrictfp.key took 1 ms to parse. 
40479      WARN  main            d.u.i.k.n.ParsingFacade   Parsing time 639 ms. 
40484      WARN  main            d.u.i.k.n.ParsingFacade   file:/home/runner/work/key/key/key.core/build/resources/main/de/uka/ilkd/key/proof/rules/genericRules.key took 0 ms to parse. 
40485      WARN  main            d.u.i.k.n.ParsingFacade   Parsing time 639 ms. 
40488      WARN  main            d.u.i.k.n.ParsingFacade   file:/home/runner/work/key/key/key.core/build/resources/main/de/uka/ilkd/key/proof/rules/booleanRules.key took 0 ms to parse. 
40488      WARN  main            d.u.i.k.n.ParsingFacade   Parsing time 639 ms. 
40490      WARN  main            d.u.i.k.n.ParsingFacade   file:/home/runner/work/key/key/key.core/build/resources/main/de/uka/ilkd/key/proof/rules/epsilon.key took 0 ms to parse. 
40490      WARN  main            d.u.i.k.n.ParsingFacade   Parsing time 639 ms. 
40553      WARN  main            d.u.i.k.n.ParsingFacade   file:/home/runner/work/key/key/key.core/build/resources/main/de/uka/ilkd/key/proof/rules/locSetsRules.key took 6 ms to parse. 
40553      WARN  main            d.u.i.k.n.ParsingFacade   Parsing time 645 ms. 
40580      WARN  main            d.u.i.k.n.ParsingFacade   file:/home/runner/work/key/key/key.core/build/resources/main/de/uka/ilkd/key/proof/rules/heapRules.key took 4 ms to parse. 
40580      WARN  main            d.u.i.k.n.ParsingFacade   Parsing time 649 ms. 
40593      WARN  main            d.u.i.k.n.ParsingFacade   file:/home/runner/work/key/key/key.core/build/resources/main/de/uka/ilkd/key/proof/rules/permissionRules.key took 2 ms to parse. 
40593      WARN  main            d.u.i.k.n.ParsingFacade   Parsing time 651 ms. 
40601      WARN  main            d.u.i.k.n.ParsingFacade   file:/home/runner/work/key/key/key.core/build/resources/main/de/uka/ilkd/key/proof/rules/reachRules.key took 2 ms to parse. 
40601      WARN  main            d.u.i.k.n.ParsingFacade   Parsing time 653 ms. 
40608      WARN  main            d.u.i.k.n.ParsingFacade   file:/home/runner/work/key/key/key.core/build/resources/main/de/uka/ilkd/key/proof/rules/seqCoreRules.key took 0 ms to parse. 
40608      WARN  main            d.u.i.k.n.ParsingFacade   Parsing time 653 ms. 
40613      WARN  main            d.u.i.k.n.ParsingFacade   file:/home/runner/work/key/key/key.core/build/resources/main/de/uka/ilkd/key/proof/rules/seqRules.key took 4 ms to parse. 
40614      WARN  main            d.u.i.k.n.ParsingFacade   Parsing time 657 ms. 
40627      WARN  main            d.u.i.k.n.ParsingFacade   file:/home/runner/work/key/key/key.core/build/resources/main/de/uka/ilkd/key/proof/rules/seqPerm.key took 2 ms to parse. 
40628      WARN  main            d.u.i.k.n.ParsingFacade   Parsing time 659 ms. 
40636      WARN  main            d.u.i.k.n.ParsingFacade   file:/home/runner/work/key/key/key.core/build/resources/main/de/uka/ilkd/key/proof/rules/seqPerm2.key took 1 ms to parse. 
40636      WARN  main            d.u.i.k.n.ParsingFacade   Parsing time 660 ms. 
40651      WARN  main            d.u.i.k.n.ParsingFacade   file:/home/runner/work/key/key/key.core/build/resources/main/de/uka/ilkd/key/proof/rules/javaRules.key took 13 ms to parse. 
40652      WARN  main            d.u.i.k.n.ParsingFacade   Parsing time 673 ms. 
40658      WARN  main            d.u.i.k.n.ParsingFacade   file:/home/runner/work/key/key/key.core/build/resources/main/de/uka/ilkd/key/proof/rules/assertions.key took 0 ms to parse. 
40658      WARN  main            d.u.i.k.n.ParsingFacade   Parsing time 673 ms. 
40794      WARN  main            d.u.i.k.n.ParsingFacade   file:/home/runner/work/key/key/key.core/build/resources/main/de/uka/ilkd/key/proof/rules/loopRules.key took 0 ms to parse. 
40795      WARN  main            d.u.i.k.n.ParsingFacade   Parsing time 673 ms. 
40799      WARN  main            d.u.i.k.n.ParsingFacade   file:/home/runner/work/key/key/key.core/build/resources/main/de/uka/ilkd/key/proof/rules/activeUse.key took 1 ms to parse. 
40799      WARN  main            d.u.i.k.n.ParsingFacade   Parsing time 674 ms. 
40819      WARN  main            d.u.i.k.n.ParsingFacade   file:/home/runner/work/key/key/key.core/build/resources/main/de/uka/ilkd/key/proof/rules/instanceAllocation.key took 1 ms to parse. 
40819      WARN  main            d.u.i.k.n.ParsingFacade   Parsing time 675 ms. 
40826      WARN  main            d.u.i.k.n.ParsingFacade   file:/home/runner/work/key/key/key.core/build/resources/main/de/uka/ilkd/key/proof/rules/java5.key took 1 ms to parse. 
40826      WARN  main            d.u.i.k.n.ParsingFacade   Parsing time 676 ms. 
40829      WARN  main            d.u.i.k.n.ParsingFacade   file:/home/runner/work/key/key/key.core/build/resources/main/de/uka/ilkd/key/proof/rules/integerAssignment2UpdateRules.key took 2 ms to parse. 
40830      WARN  main            d.u.i.k.n.ParsingFacade   Parsing time 678 ms. 
40846      WARN  main            d.u.i.k.n.ParsingFacade   file:/home/runner/work/key/key/key.core/build/resources/main/de/uka/ilkd/key/proof/rules/floatAssignment2UpdateRules.key took 1 ms to parse. 
40846      WARN  main            d.u.i.k.n.ParsingFacade   Parsing time 679 ms. 
40858      WARN  main            d.u.i.k.n.ParsingFacade   file:/home/runner/work/key/key/key.core/build/resources/main/de/uka/ilkd/key/proof/rules/bigint.key took 1 ms to parse. 
40859      WARN  main            d.u.i.k.n.ParsingFacade   Parsing time 680 ms. 
40864      DEBUG main            d.u.i.k.j.TypeConverter   No LDT found for JavaBigintExpression 
40867      WARN  main            d.u.i.k.n.ParsingFacade   file:/home/runner/work/key/key/key.core/build/resources/main/de/uka/ilkd/key/proof/rules/adtProgramDecompositionRules.key took 1 ms to parse. 
40867      WARN  main            d.u.i.k.n.ParsingFacade   Parsing time 681 ms. 
40876      WARN  main            d.u.i.k.n.ParsingFacade   file:/home/runner/work/key/key/key.core/build/resources/main/de/uka/ilkd/key/proof/rules/precRules.key took 1 ms to parse. 
40876      WARN  main            d.u.i.k.n.ParsingFacade   Parsing time 682 ms. 
40879      WARN  main            d.u.i.k.n.ParsingFacade   file:/home/runner/work/key/key/key.core/build/resources/main/de/uka/ilkd/key/proof/rules/charListRules.key took 2 ms to parse. 
40880      WARN  main            d.u.i.k.n.ParsingFacade   Parsing time 684 ms. 
40885      WARN  main            d.u.i.k.n.ParsingFacade   file:/home/runner/work/key/key/key.core/build/resources/main/de/uka/ilkd/key/proof/rules/regExTheory.key took 0 ms to parse. 
40885      WARN  main            d.u.i.k.n.ParsingFacade   Parsing time 684 ms. 
40886      WARN  main            d.u.i.k.n.ParsingFacade   file:/home/runner/work/key/key/key.core/build/resources/main/de/uka/ilkd/key/proof/rules/regExHeader.key took 0 ms to parse. 
40886      WARN  main            d.u.i.k.n.ParsingFacade   Parsing time 684 ms. 
40887      WARN  main            d.u.i.k.n.ParsingFacade   file:/home/runner/work/key/key/key.core/build/resources/main/de/uka/ilkd/key/proof/rules/regExAxioms.key took 1 ms to parse. 
40887      WARN  main            d.u.i.k.n.ParsingFacade   Parsing time 685 ms. 
40889      WARN  main            d.u.i.k.n.ParsingFacade   file:/home/runner/work/key/key/key.core/build/resources/main/de/uka/ilkd/key/proof/rules/regExLemmaProven.key took 1 ms to parse. 
40889      WARN  main            d.u.i.k.n.ParsingFacade   Parsing time 686 ms. 
40893      WARN  main            d.u.i.k.n.ParsingFacade   file:/home/runner/work/key/key/key.core/build/resources/main/de/uka/ilkd/key/proof/rules/seqEq.key took 1 ms to parse. 
40893      WARN  main            d.u.i.k.n.ParsingFacade   Parsing time 687 ms. 
40977      WARN  main            d.u.i.k.n.ParsingFacade   file:/home/runner/work/key/key/key.core/build/resources/main/de/uka/ilkd/key/proof/rules/infFlow.key took 1 ms to parse. 
40977      WARN  main            d.u.i.k.n.ParsingFacade   Parsing time 688 ms. 
40980      WARN  main            d.u.i.k.n.ParsingFacade   file:/home/runner/work/key/key/key.core/build/resources/main/de/uka/ilkd/key/proof/rules/mapSize.key took 0 ms to parse. 
40980      WARN  main            d.u.i.k.n.ParsingFacade   Parsing time 688 ms. 
40982      WARN  main            d.u.i.k.n.ParsingFacade   file:/home/runner/work/key/key/key.core/build/resources/main/de/uka/ilkd/key/proof/rules/wd.key took 0 ms to parse. 
40982      WARN  main            d.u.i.k.n.ParsingFacade   Parsing time 688 ms. 
40983      WARN  main            d.u.i.k.n.ParsingFacade   file:/home/runner/work/key/key/key.core/build/resources/main/de/uka/ilkd/key/proof/rules/wdHeader.key took 0 ms to parse. 
40983      WARN  main            d.u.i.k.n.ParsingFacade   Parsing time 688 ms. 
40983      WARN  main            d.u.i.k.n.ParsingFacade   file:/home/runner/work/key/key/key.core/build/resources/main/de/uka/ilkd/key/proof/rules/wdGeneralRules.key took 0 ms to parse. 
40983      WARN  main            d.u.i.k.n.ParsingFacade   Parsing time 688 ms. 
40989      WARN  main            d.u.i.k.n.ParsingFacade   file:/home/runner/work/key/key/key.core/build/resources/main/de/uka/ilkd/key/proof/rules/wdNumericalRules.key took 4 ms to parse. 
40989      WARN  main            d.u.i.k.n.ParsingFacade   Parsing time 692 ms. 
41001      WARN  main            d.u.i.k.n.ParsingFacade   file:/home/runner/work/key/key/key.core/build/resources/main/de/uka/ilkd/key/proof/rules/wdLocSetRules.key took 0 ms to parse. 
41001      WARN  main            d.u.i.k.n.ParsingFacade   Parsing time 692 ms. 
41005      WARN  main            d.u.i.k.n.ParsingFacade   file:/home/runner/work/key/key/key.core/build/resources/main/de/uka/ilkd/key/proof/rules/wdHeapRules.key took 1 ms to parse. 
41005      WARN  main            d.u.i.k.n.ParsingFacade   Parsing time 693 ms. 
41007      WARN  main            d.u.i.k.n.ParsingFacade   file:/home/runner/work/key/key/key.core/build/resources/main/de/uka/ilkd/key/proof/rules/wdReachRules.key took 0 ms to parse. 
41007      WARN  main            d.u.i.k.n.ParsingFacade   Parsing time 693 ms. 
41008      WARN  main            d.u.i.k.n.ParsingFacade   file:/home/runner/work/key/key/key.core/build/resources/main/de/uka/ilkd/key/proof/rules/wdSeqRules.key took 0 ms to parse. 
41009      WARN  main            d.u.i.k.n.ParsingFacade   Parsing time 693 ms. 
41011      WARN  main            d.u.i.k.n.ParsingFacade   file:/home/runner/work/key/key/key.core/build/resources/main/de/uka/ilkd/key/proof/rules/wdStringRules.key took 1 ms to parse. 
41011      WARN  main            d.u.i.k.n.ParsingFacade   Parsing time 694 ms. 
41013      WARN  main            d.u.i.k.n.ParsingFacade   file:/home/runner/work/key/key/key.core/build/resources/main/de/uka/ilkd/key/proof/rules/wdRegExRules.key took 0 ms to parse. 
41013      WARN  main            d.u.i.k.n.ParsingFacade   Parsing time 694 ms. 
41016      WARN  main            d.u.i.k.n.ParsingFacade   file:/home/runner/work/key/key/key.core/build/resources/main/de/uka/ilkd/key/proof/rules/wdFormulaRules.key took 2 ms to parse. 
41016      WARN  main            d.u.i.k.n.ParsingFacade   Parsing time 696 ms. 
41022      WARN  main            d.u.i.k.n.ParsingFacade   file:/home/runner/work/key/key/key.core/build/resources/main/de/uka/ilkd/key/proof/rules/loopInvariantRules.key took 0 ms to parse. 
41023      WARN  main            d.u.i.k.n.ParsingFacade   Parsing time 696 ms. 
41023      WARN  main            d.u.i.k.n.ParsingFacade   file:/home/runner/work/key/key/key.core/build/resources/main/de/uka/ilkd/key/proof/rules/forLoopRules.key took 0 ms to parse. 
41023      WARN  main            d.u.i.k.n.ParsingFacade   Parsing time 696 ms. 
41027      WARN  main            d.u.i.k.n.ParsingFacade   file:/home/runner/work/key/key/key.core/build/resources/main/de/uka/ilkd/key/proof/rules/execRules.key took 2 ms to parse. 
41027      WARN  main            d.u.i.k.n.ParsingFacade   Parsing time 698 ms. 
41069      WARN  main            d.u.i.k.n.ParsingFacade   file:/home/runner/work/key/key/key.core/build/resources/main/de/uka/ilkd/key/proof/rules/loopScopeRules.key took 2 ms to parse. 
41069      WARN  main            d.u.i.k.n.ParsingFacade   Parsing time 700 ms. 
42477      WARN  main            d.u.i.k.n.ParsingFacade   file:/home/runner/work/key/key/key.core/build/resources/main/de/uka/ilkd/key/java/JavaRedux/java/lang/String.key took 2 ms to parse. 
42477      WARN  main            d.u.i.k.n.ParsingFacade   Parsing time 702 ms. 
46043      DEBUG main            d.u.i.k.p.i.AbstractProblemLoader Init config took 5.72s 
46143      INFO  main            d.u.i.k.p.i.AbstractProblemLoader Replaying proof AFilter[AFilter::AFilter(Sampler,Buffer)].JML normal_behavior operation contract.0 
46145      DEBUG main            d.u.i.k.p.i.IntermediateProofReplayer Proof replay took 6.1ns 
46146      WARN  main            d.u.i.k.n.ParsingFacade   /home/runner/work/key/key/key.core/../key.ui/examples/heap/permissions/threads/AFilter_AFilter.key took 1 ms to parse. 
46146      WARN  main            d.u.i.k.n.ParsingFacade   Parsing time 703 ms. 
47250      INFO  main            d.u.i.k.p.r.p.TestFile    ... finished proof: closed. 
47559      INFO  main            d.u.i.k.p.i.AbstractProblemLoader Loading environment from /home/runner/work/key/key/key.core/../key.ui/examples/heap/permissions/threads/AFilter_AFilter.key.proof 
47560      DEBUG main            d.u.i.k.p.i.AbstractProblemLoader Environment load took 88.9ns 
47560      WARN  main            d.u.i.k.n.ParsingFacade   /home/runner/work/key/key/key.core/../key.ui/examples/heap/permissions/threads/AFilter_AFilter.key.proof took 0 ms to parse. 
47560      WARN  main            d.u.i.k.n.ParsingFacade   Parsing time 703 ms. 
47561      INFO  main            d.u.i.k.p.i.AbstractProblemLoader Creating init config 
48671      WARN  main            d.u.i.k.n.ParsingFacade   file:/home/runner/work/key/key/key.core/build/resources/main/de/uka/ilkd/key/java/JavaRedux/java/lang/String.key took 1 ms to parse. 
48671      WARN  main            d.u.i.k.n.ParsingFacade   Parsing time 704 ms. 
52207      DEBUG main            d.u.i.k.p.i.AbstractProblemLoader Init config took 4.65s 
52325      INFO  main            d.u.i.k.p.i.AbstractProblemLoader Replaying proof AFilter[AFilter::AFilter(Sampler,Buffer)].JML normal_behavior operation contract.0 
52508      DEBUG main            d.u.i.k.p.i.IntermediateProofReplayer Proof replay took 176.4ms 
52508      WARN  main            d.u.i.k.n.ParsingFacade   /home/runner/work/key/key/key.core/../key.ui/examples/heap/permissions/threads/AFilter_AFilter.key.proof took 0 ms to parse. 
52508      WARN  main            d.u.i.k.n.ParsingFacade   Parsing time 704 ms. 
52509      DEBUG main            d.u.i.k.p.r.p.TestFile    ... success: reloaded. 
52510      INFO  main            d.u.i.k.p.r.p.TestFile    Now processing file /home/runner/work/key/key/key.core/../key.ui/examples/heap/permissions/threads/AFilter_initPost_accessible.key 
52510      INFO  main            d.u.i.k.p.i.AbstractProblemLoader Loading environment from /home/runner/work/key/key/key.core/../key.ui/examples/heap/permissions/threads/AFilter_initPost_accessible.key 
52511      DEBUG main            d.u.i.k.p.i.AbstractProblemLoader Environment load took 156.9ns 
52511      WARN  main            d.u.i.k.n.ParsingFacade   /home/runner/work/key/key/key.core/../key.ui/examples/heap/permissions/threads/AFilter_initPost_accessible.key took 0 ms to parse. 
52511      WARN  main            d.u.i.k.n.ParsingFacade   Parsing time 704 ms. 
52512      INFO  main            d.u.i.k.p.i.AbstractProblemLoader Creating init config 
53605      WARN  main            d.u.i.k.n.ParsingFacade   file:/home/runner/work/key/key/key.core/build/resources/main/de/uka/ilkd/key/java/JavaRedux/java/lang/String.key took 2 ms to parse. 
53605      WARN  main            d.u.i.k.n.ParsingFacade   Parsing time 706 ms. 
57116      DEBUG main            d.u.i.k.p.i.AbstractProblemLoader Init config took 4.6s 
57230      INFO  main            d.u.i.k.p.i.AbstractProblemLoader Replaying proof AFilter[ThreadSpec2::initPost()].JML accessible clause.0 
57231      DEBUG main            d.u.i.k.p.i.IntermediateProofReplayer Proof replay took 7.5ns 
57232      WARN  main            d.u.i.k.n.ParsingFacade   /home/runner/work/key/key/key.core/../key.ui/examples/heap/permissions/threads/AFilter_initPost_accessible.key took 0 ms to parse. 
57232      WARN  main            d.u.i.k.n.ParsingFacade   Parsing time 706 ms. 
57333      INFO  main            d.u.i.k.p.r.p.TestFile    ... finished proof: closed. 
57535      INFO  main            d.u.i.k.p.i.AbstractProblemLoader Loading environment from /home/runner/work/key/key/key.core/../key.ui/examples/heap/permissions/threads/AFilter_initPost_accessible.key.proof 
57536      DEBUG main            d.u.i.k.p.i.AbstractProblemLoader Environment load took 93.3ns 
57536      WARN  main            d.u.i.k.n.ParsingFacade   /home/runner/work/key/key/key.core/../key.ui/examples/heap/permissions/threads/AFilter_initPost_accessible.key.proof took 0 ms to parse. 
57536      WARN  main            d.u.i.k.n.ParsingFacade   Parsing time 706 ms. 
57537      INFO  main            d.u.i.k.p.i.AbstractProblemLoader Creating init config 
58633      WARN  main            d.u.i.k.n.ParsingFacade   file:/home/runner/work/key/key/key.core/build/resources/main/de/uka/ilkd/key/java/JavaRedux/java/lang/String.key took 1 ms to parse. 
58633      WARN  main            d.u.i.k.n.ParsingFacade   Parsing time 707 ms. 
62161      DEBUG main            d.u.i.k.p.i.AbstractProblemLoader Init config took 4.62s 
62262      INFO  main            d.u.i.k.p.i.AbstractProblemLoader Replaying proof AFilter[ThreadSpec2::initPost()].JML accessible clause.0 
62280      DEBUG main            d.u.i.k.p.i.IntermediateProofReplayer Proof replay took 14.12ms 
62280      WARN  main            d.u.i.k.n.ParsingFacade   /home/runner/work/key/key/key.core/../key.ui/examples/heap/permissions/threads/AFilter_initPost_accessible.key.proof took 0 ms to parse. 
62280      WARN  main            d.u.i.k.n.ParsingFacade   Parsing time 707 ms. 
62281      DEBUG main            d.u.i.k.p.r.p.TestFile    ... success: reloaded. 
62282      INFO  main            d.u.i.k.p.r.p.TestFile    Now processing file /home/runner/work/key/key/key.core/../key.ui/examples/heap/permissions/threads/AFilter_inv_accessible1.key 
62283      INFO  main            d.u.i.k.p.i.AbstractProblemLoader Loading environment from /home/runner/work/key/key/key.core/../key.ui/examples/heap/permissions/threads/AFilter_inv_accessible1.key 
62283      DEBUG main            d.u.i.k.p.i.AbstractProblemLoader Environment load took 73ns 
62283      WARN  main            d.u.i.k.n.ParsingFacade   /home/runner/work/key/key/key.core/../key.ui/examples/heap/permissions/threads/AFilter_inv_accessible1.key took 0 ms to parse. 
62283      WARN  main            d.u.i.k.n.ParsingFacade   Parsing time 707 ms. 
62284      INFO  main            d.u.i.k.p.i.AbstractProblemLoader Creating init config 
63390      WARN  main            d.u.i.k.n.ParsingFacade   file:/home/runner/work/key/key/key.core/build/resources/main/de/uka/ilkd/key/java/JavaRedux/java/lang/String.key took 21 ms to parse. 
63390      WARN  main            d.u.i.k.n.ParsingFacade   Parsing time 728 ms. 
66888      DEBUG main            d.u.i.k.p.i.AbstractProblemLoader Init config took 4.6s 
66993      INFO  main            d.u.i.k.p.i.AbstractProblemLoader Replaying proof AFilter[java.lang.Object::<inv>()].JML accessible clause.0 
66996      DEBUG main            d.u.i.k.p.i.IntermediateProofReplayer Proof replay took 6.4ns 
66996      WARN  main            d.u.i.k.n.ParsingFacade   /home/runner/work/key/key/key.core/../key.ui/examples/heap/permissions/threads/AFilter_inv_accessible1.key took 0 ms to parse. 
66996      WARN  main            d.u.i.k.n.ParsingFacade   Parsing time 728 ms. 
67098      INFO  main            d.u.i.k.p.r.p.TestFile    ... finished proof: closed. 
67305      INFO  main            d.u.i.k.p.i.AbstractProblemLoader Loading environment from /home/runner/work/key/key/key.core/../key.ui/examples/heap/permissions/threads/AFilter_inv_accessible1.key.proof 
67305      DEBUG main            d.u.i.k.p.i.AbstractProblemLoader Environment load took 74.4ns 
67305      WARN  main            d.u.i.k.n.ParsingFacade   /home/runner/work/key/key/key.core/../key.ui/examples/heap/permissions/threads/AFilter_inv_accessible1.key.proof took 0 ms to parse. 
67305      WARN  main            d.u.i.k.n.ParsingFacade   Parsing time 728 ms. 
67306      INFO  main            d.u.i.k.p.i.AbstractProblemLoader Creating init config 
68373      WARN  main            d.u.i.k.n.ParsingFacade   file:/home/runner/work/key/key/key.core/build/resources/main/de/uka/ilkd/key/java/JavaRedux/java/lang/String.key took 1 ms to parse. 
68373      WARN  main            d.u.i.k.n.ParsingFacade   Parsing time 729 ms. 
71871      DEBUG main            d.u.i.k.p.i.AbstractProblemLoader Init config took 4.57s 
71959      INFO  main            d.u.i.k.p.i.AbstractProblemLoader Replaying proof AFilter[java.lang.Object::<inv>()].JML accessible clause.0 
71963      DEBUG main            d.u.i.k.p.i.IntermediateProofReplayer Proof replay took 2.28ms 
71963      WARN  main            d.u.i.k.n.ParsingFacade   /home/runner/work/key/key/key.core/../key.ui/examples/heap/permissions/threads/AFilter_inv_accessible1.key.proof took 0 ms to parse. 
71963      WARN  main            d.u.i.k.n.ParsingFacade   Parsing time 729 ms. 
71965      DEBUG main            d.u.i.k.p.r.p.TestFile    ... success: reloaded. 
71966      INFO  main            d.u.i.k.p.r.p.TestFile    Now processing file /home/runner/work/key/key/key.core/../key.ui/examples/heap/permissions/threads/AFilter_inv_accessible2.key 
71966      INFO  main            d.u.i.k.p.i.AbstractProblemLoader Loading environment from /home/runner/work/key/key/key.core/../key.ui/examples/heap/permissions/threads/AFilter_inv_accessible2.key 
71967      DEBUG main            d.u.i.k.p.i.AbstractProblemLoader Environment load took 182.7ns 
71967      WARN  main            d.u.i.k.n.ParsingFacade   /home/runner/work/key/key/key.core/../key.ui/examples/heap/permissions/threads/AFilter_inv_accessible2.key took 0 ms to parse. 
71967      WARN  main            d.u.i.k.n.ParsingFacade   Parsing time 729 ms. 
71968      INFO  main            d.u.i.k.p.i.AbstractProblemLoader Creating init config 
73073      WARN  main            d.u.i.k.n.ParsingFacade   file:/home/runner/work/key/key/key.core/build/resources/main/de/uka/ilkd/key/java/JavaRedux/java/lang/String.key took 2 ms to parse. 
73073      WARN  main            d.u.i.k.n.ParsingFacade   Parsing time 731 ms. 
76577      DEBUG main            d.u.i.k.p.i.AbstractProblemLoader Init config took 4.61s 
76665      INFO  main            d.u.i.k.p.i.AbstractProblemLoader Replaying proof AFilter[java.lang.Object::<inv>()].JML accessible clause.1 
76666      DEBUG main            d.u.i.k.p.i.IntermediateProofReplayer Proof replay took 6.8ns 
76667      WARN  main            d.u.i.k.n.ParsingFacade   /home/runner/work/key/key/key.core/../key.ui/examples/heap/permissions/threads/AFilter_inv_accessible2.key took 0 ms to parse. 
76667      WARN  main            d.u.i.k.n.ParsingFacade   Parsing time 731 ms. 
76770      INFO  main            d.u.i.k.p.r.p.TestFile    ... finished proof: closed. 
76979      INFO  main            d.u.i.k.p.i.AbstractProblemLoader Loading environment from /home/runner/work/key/key/key.core/../key.ui/examples/heap/permissions/threads/AFilter_inv_accessible2.key.proof 
76980      DEBUG main            d.u.i.k.p.i.AbstractProblemLoader Environment load took 79.9ns 
76980      WARN  main            d.u.i.k.n.ParsingFacade   /home/runner/work/key/key/key.core/../key.ui/examples/heap/permissions/threads/AFilter_inv_accessible2.key.proof took 0 ms to parse. 
76980      WARN  main            d.u.i.k.n.ParsingFacade   Parsing time 731 ms. 
76980      INFO  main            d.u.i.k.p.i.AbstractProblemLoader Creating init config 
78048      WARN  main            d.u.i.k.n.ParsingFacade   file:/home/runner/work/key/key/key.core/build/resources/main/de/uka/ilkd/key/java/JavaRedux/java/lang/String.key took 2 ms to parse. 
78048      WARN  main            d.u.i.k.n.ParsingFacade   Parsing time 733 ms. 
81525      DEBUG main            d.u.i.k.p.i.AbstractProblemLoader Init config took 4.54s 
81613      INFO  main            d.u.i.k.p.i.AbstractProblemLoader Replaying proof AFilter[java.lang.Object::<inv>()].JML accessible clause.1 
81616      DEBUG main            d.u.i.k.p.i.IntermediateProofReplayer Proof replay took 2.15ms 
81617      WARN  main            d.u.i.k.n.ParsingFacade   /home/runner/work/key/key/key.core/../key.ui/examples/heap/permissions/threads/AFilter_inv_accessible2.key.proof took 0 ms to parse. 
81617      WARN  main            d.u.i.k.n.ParsingFacade   Parsing time 733 ms. 
81617      DEBUG main            d.u.i.k.p.r.p.TestFile    ... success: reloaded. 
81618      INFO  main            d.u.i.k.p.r.p.TestFile    Now processing file /home/runner/work/key/key/key.core/../key.ui/examples/heap/permissions/threads/AFilter_joinTransfer_accessible.key 
81619      INFO  main            d.u.i.k.p.i.AbstractProblemLoader Loading environment from /home/runner/work/key/key/key.core/../key.ui/examples/heap/permissions/threads/AFilter_joinTransfer_accessible.key 
81619      DEBUG main            d.u.i.k.p.i.AbstractProblemLoader Environment load took 74.9ns 
81619      WARN  main            d.u.i.k.n.ParsingFacade   /home/runner/work/key/key/key.core/../key.ui/examples/heap/permissions/threads/AFilter_joinTransfer_accessible.key took 0 ms to parse. 
81619      WARN  main            d.u.i.k.n.ParsingFacade   Parsing time 733 ms. 
81620      INFO  main            d.u.i.k.p.i.AbstractProblemLoader Creating init config 
82731      WARN  main            d.u.i.k.n.ParsingFacade   file:/home/runner/work/key/key/key.core/build/resources/main/de/uka/ilkd/key/java/JavaRedux/java/lang/String.key took 1 ms to parse. 
82731      WARN  main            d.u.i.k.n.ParsingFacade   Parsing time 734 ms. 
86228      DEBUG main            d.u.i.k.p.i.AbstractProblemLoader Init config took 4.61s 
86314      INFO  main            d.u.i.k.p.i.AbstractProblemLoader Replaying proof AFilter[ThreadSpec2::joinTransfer()].JML accessible clause.0 
86316      DEBUG main            d.u.i.k.p.i.IntermediateProofReplayer Proof replay took 7.2ns 
86316      WARN  main            d.u.i.k.n.ParsingFacade   /home/runner/work/key/key/key.core/../key.ui/examples/heap/permissions/threads/AFilter_joinTransfer_accessible.key took 0 ms to parse. 
86316      WARN  main            d.u.i.k.n.ParsingFacade   Parsing time 734 ms. 
87422      INFO  main            d.u.i.k.p.r.p.TestFile    ... finished proof: closed. 
87661      INFO  main            d.u.i.k.p.i.AbstractProblemLoader Loading environment from /home/runner/work/key/key/key.core/../key.ui/examples/heap/permissions/threads/AFilter_joinTransfer_accessible.key.proof 
87662      DEBUG main            d.u.i.k.p.i.AbstractProblemLoader Environment load took 311.9ns 
87662      WARN  main            d.u.i.k.n.ParsingFacade   /home/runner/work/key/key/key.core/../key.ui/examples/heap/permissions/threads/AFilter_joinTransfer_accessible.key.proof took 0 ms to parse. 
87662      WARN  main            d.u.i.k.n.ParsingFacade   Parsing time 734 ms. 
87663      INFO  main            d.u.i.k.p.i.AbstractProblemLoader Creating init config 
88735      WARN  main            d.u.i.k.n.ParsingFacade   file:/home/runner/work/key/key/key.core/build/resources/main/de/uka/ilkd/key/java/JavaRedux/java/lang/String.key took 3 ms to parse. 
88735      WARN  main            d.u.i.k.n.ParsingFacade   Parsing time 737 ms. 
92192      DEBUG main            d.u.i.k.p.i.AbstractProblemLoader Init config took 4.53s 
92293      INFO  main            d.u.i.k.p.i.AbstractProblemLoader Replaying proof AFilter[ThreadSpec2::joinTransfer()].JML accessible clause.0 
92415      DEBUG main            d.u.i.k.p.i.IntermediateProofReplayer Proof replay took 116.02ms 
92416      WARN  main            d.u.i.k.n.ParsingFacade   /home/runner/work/key/key/key.core/../key.ui/examples/heap/permissions/threads/AFilter_joinTransfer_accessible.key.proof took 1 ms to parse. 
92416      WARN  main            d.u.i.k.n.ParsingFacade   Parsing time 738 ms. 
92416      DEBUG main            d.u.i.k.p.r.p.TestFile    ... success: reloaded. 
92418      INFO  main            d.u.i.k.p.r.p.TestFile    Now processing file /home/runner/work/key/key/key.core/../key.ui/examples/heap/permissions/threads/AFilter_joinTransfer_contract.key 
92419      INFO  main            d.u.i.k.p.i.AbstractProblemLoader Loading environment from /home/runner/work/key/key/key.core/../key.ui/examples/heap/permissions/threads/AFilter_joinTransfer_contract.key 
92419      DEBUG main            d.u.i.k.p.i.AbstractProblemLoader Environment load took 148.4ns 
92419      WARN  main            d.u.i.k.n.ParsingFacade   /home/runner/work/key/key/key.core/../key.ui/examples/heap/permissions/threads/AFilter_joinTransfer_contract.key took 0 ms to parse. 
92419      WARN  main            d.u.i.k.n.ParsingFacade   Parsing time 738 ms. 
92420      INFO  main            d.u.i.k.p.i.AbstractProblemLoader Creating init config 
93519      WARN  main            d.u.i.k.n.ParsingFacade   file:/home/runner/work/key/key/key.core/build/resources/main/de/uka/ilkd/key/java/JavaRedux/java/lang/String.key took 2 ms to parse. 
93519      WARN  main            d.u.i.k.n.ParsingFacade   Parsing time 740 ms. 
97007      DEBUG main            d.u.i.k.p.i.AbstractProblemLoader Init config took 4.59s 
97093      INFO  main            d.u.i.k.p.i.AbstractProblemLoader Replaying proof AFilter[ThreadSpec2::joinTransfer()].JML model_behavior operation contract.0 
97095      DEBUG main            d.u.i.k.p.i.IntermediateProofReplayer Proof replay took 6.7ns 
97095      WARN  main            d.u.i.k.n.ParsingFacade   /home/runner/work/key/key/key.core/../key.ui/examples/heap/permissions/threads/AFilter_joinTransfer_contract.key took 0 ms to parse. 
97095      WARN  main            d.u.i.k.n.ParsingFacade   Parsing time 740 ms. 
97198      INFO  main            d.u.i.k.p.r.p.TestFile    ... finished proof: closed. 
97430      INFO  main            d.u.i.k.p.i.AbstractProblemLoader Loading environment from /home/runner/work/key/key/key.core/../key.ui/examples/heap/permissions/threads/AFilter_joinTransfer_contract.key.proof 
97430      DEBUG main            d.u.i.k.p.i.AbstractProblemLoader Environment load took 109.8ns 
97430      WARN  main            d.u.i.k.n.ParsingFacade   /home/runner/work/key/key/key.core/../key.ui/examples/heap/permissions/threads/AFilter_joinTransfer_contract.key.proof took 0 ms to parse. 
97430      WARN  main            d.u.i.k.n.ParsingFacade   Parsing time 740 ms. 
97431      INFO  main            d.u.i.k.p.i.AbstractProblemLoader Creating init config 
98498      WARN  main            d.u.i.k.n.ParsingFacade   file:/home/runner/work/key/key/key.core/build/resources/main/de/uka/ilkd/key/java/JavaRedux/java/lang/String.key took 1 ms to parse. 
98499      WARN  main            d.u.i.k.n.ParsingFacade   Parsing time 741 ms. 
101943     DEBUG main            d.u.i.k.p.i.AbstractProblemLoader Init config took 4.51s 
102039     INFO  main            d.u.i.k.p.i.AbstractProblemLoader Replaying proof AFilter[ThreadSpec2::joinTransfer()].JML model_behavior operation contract.0 
102049     DEBUG main            d.u.i.k.p.i.IntermediateProofReplayer Proof replay took 7.23ms 
102049     WARN  main            d.u.i.k.n.ParsingFacade   /home/runner/work/key/key/key.core/../key.ui/examples/heap/permissions/threads/AFilter_joinTransfer_contract.key.proof took 0 ms to parse. 
102049     WARN  main            d.u.i.k.n.ParsingFacade   Parsing time 741 ms. 
102050     DEBUG main            d.u.i.k.p.r.p.TestFile    ... success: reloaded. 
102051     INFO  main            d.u.i.k.p.r.p.TestFile    Now processing file /home/runner/work/key/key/key.core/../key.ui/examples/heap/permissions/threads/AFilter_postJoin_accessible.key 
102051     INFO  main            d.u.i.k.p.i.AbstractProblemLoader Loading environment from /home/runner/work/key/key/key.core/../key.ui/examples/heap/permissions/threads/AFilter_postJoin_accessible.key 
102052     DEBUG main            d.u.i.k.p.i.AbstractProblemLoader Environment load took 152.7ns 
102052     WARN  main            d.u.i.k.n.ParsingFacade   /home/runner/work/key/key/key.core/../key.ui/examples/heap/permissions/threads/AFilter_postJoin_accessible.key took 0 ms to parse. 
102052     WARN  main            d.u.i.k.n.ParsingFacade   Parsing time 741 ms. 
102053     INFO  main            d.u.i.k.p.i.AbstractProblemLoader Creating init config 
103136     WARN  main            d.u.i.k.n.ParsingFacade   file:/home/runner/work/key/key/key.core/build/resources/main/de/uka/ilkd/key/java/JavaRedux/java/lang/String.key took 2 ms to parse. 
103136     WARN  main            d.u.i.k.n.ParsingFacade   Parsing time 743 ms. 
106640     DEBUG main            d.u.i.k.p.i.AbstractProblemLoader Init config took 4.59s 
106728     INFO  main            d.u.i.k.p.i.AbstractProblemLoader Replaying proof AFilter[ThreadSpec2::postJoin(java.lang.Object)].JML accessible clause.0 
106731     DEBUG main            d.u.i.k.p.i.IntermediateProofReplayer Proof replay took 6.7ns 
106731     WARN  main            d.u.i.k.n.ParsingFacade   /home/runner/work/key/key/key.core/../key.ui/examples/heap/permissions/threads/AFilter_postJoin_accessible.key took 0 ms to parse. 
106731     WARN  main            d.u.i.k.n.ParsingFacade   Parsing time 743 ms. 
106833     INFO  main            d.u.i.k.p.r.p.TestFile    ... finished proof: closed. 
107095     INFO  main            d.u.i.k.p.i.AbstractProblemLoader Loading environment from /home/runner/work/key/key/key.core/../key.ui/examples/heap/permissions/threads/AFilter_postJoin_accessible.key.proof 
107095     DEBUG main            d.u.i.k.p.i.AbstractProblemLoader Environment load took 81.9ns 
107096     WARN  main            d.u.i.k.n.ParsingFacade   /home/runner/work/key/key/key.core/../key.ui/examples/heap/permissions/threads/AFilter_postJoin_accessible.key.proof took 1 ms to parse. 
107096     WARN  main            d.u.i.k.n.ParsingFacade   Parsing time 744 ms. 
107096     INFO  main            d.u.i.k.p.i.AbstractProblemLoader Creating init config 
108144     WARN  main            d.u.i.k.n.ParsingFacade   file:/home/runner/work/key/key/key.core/build/resources/main/de/uka/ilkd/key/java/JavaRedux/java/lang/String.key took 1 ms to parse. 
108144     WARN  main            d.u.i.k.n.ParsingFacade   Parsing time 745 ms. 
111590     DEBUG main            d.u.i.k.p.i.AbstractProblemLoader Init config took 4.49s 
111675     INFO  main            d.u.i.k.p.i.AbstractProblemLoader Replaying proof AFilter[ThreadSpec2::postJoin(java.lang.Object)].JML accessible clause.0 
111683     DEBUG main            d.u.i.k.p.i.IntermediateProofReplayer Proof replay took 6.61ms 
111683     WARN  main            d.u.i.k.n.ParsingFacade   /home/runner/work/key/key/key.core/../key.ui/examples/heap/permissions/threads/AFilter_postJoin_accessible.key.proof took 0 ms to parse. 
111683     WARN  main            d.u.i.k.n.ParsingFacade   Parsing time 745 ms. 
111684     DEBUG main            d.u.i.k.p.r.p.TestFile    ... success: reloaded. 
111685     INFO  main            d.u.i.k.p.r.p.TestFile    Now processing file /home/runner/work/key/key/key.core/../key.ui/examples/heap/permissions/threads/AFilter_preStart_accessible.key 
111685     INFO  main            d.u.i.k.p.i.AbstractProblemLoader Loading environment from /home/runner/work/key/key/key.core/../key.ui/examples/heap/permissions/threads/AFilter_preStart_accessible.key 
111685     DEBUG main            d.u.i.k.p.i.AbstractProblemLoader Environment load took 92.3ns 
111685     WARN  main            d.u.i.k.n.ParsingFacade   /home/runner/work/key/key/key.core/../key.ui/examples/heap/permissions/threads/AFilter_preStart_accessible.key took 0 ms to parse. 
111685     WARN  main            d.u.i.k.n.ParsingFacade   Parsing time 745 ms. 
111686     INFO  main            d.u.i.k.p.i.AbstractProblemLoader Creating init config 
112801     WARN  main            d.u.i.k.n.ParsingFacade   file:/home/runner/work/key/key/key.core/build/resources/main/de/uka/ilkd/key/java/JavaRedux/java/lang/String.key took 2 ms to parse. 
112801     WARN  main            d.u.i.k.n.ParsingFacade   Parsing time 747 ms. 
116280     DEBUG main            d.u.i.k.p.i.AbstractProblemLoader Init config took 4.59s 
116388     INFO  main            d.u.i.k.p.i.AbstractProblemLoader Replaying proof AFilter[ThreadSpec2::preStart(java.lang.Object)].JML accessible clause.0 
116390     DEBUG main            d.u.i.k.p.i.IntermediateProofReplayer Proof replay took 6.6ns 
116390     WARN  main            d.u.i.k.n.ParsingFacade   /home/runner/work/key/key/key.core/../key.ui/examples/heap/permissions/threads/AFilter_preStart_accessible.key took 0 ms to parse. 
116390     WARN  main            d.u.i.k.n.ParsingFacade   Parsing time 747 ms. 
116695     INFO  main            d.u.i.k.p.r.p.TestFile    ... finished proof: closed. 
116943     INFO  main            d.u.i.k.p.i.AbstractProblemLoader Loading environment from /home/runner/work/key/key/key.core/../key.ui/examples/heap/permissions/threads/AFilter_preStart_accessible.key.proof 
116943     DEBUG main            d.u.i.k.p.i.AbstractProblemLoader Environment load took 90.2ns 
116944     WARN  main            d.u.i.k.n.ParsingFacade   /home/runner/work/key/key/key.core/../key.ui/examples/heap/permissions/threads/AFilter_preStart_accessible.key.proof took 0 ms to parse. 
116944     WARN  main            d.u.i.k.n.ParsingFacade   Parsing time 747 ms. 
116944     INFO  main            d.u.i.k.p.i.AbstractProblemLoader Creating init config 
117990     WARN  main            d.u.i.k.n.ParsingFacade   file:/home/runner/work/key/key/key.core/build/resources/main/de/uka/ilkd/key/java/JavaRedux/java/lang/String.key took 2 ms to parse. 
117990     WARN  main            d.u.i.k.n.ParsingFacade   Parsing time 749 ms. 
121414     DEBUG main            d.u.i.k.p.i.AbstractProblemLoader Init config took 4.47s 
121509     INFO  main            d.u.i.k.p.i.AbstractProblemLoader Replaying proof AFilter[ThreadSpec2::preStart(java.lang.Object)].JML accessible clause.0 
121543     DEBUG main            d.u.i.k.p.i.IntermediateProofReplayer Proof replay took 31.01ms 
121544     WARN  main            d.u.i.k.n.ParsingFacade   /home/runner/work/key/key/key.core/../key.ui/examples/heap/permissions/threads/AFilter_preStart_accessible.key.proof took 0 ms to parse. 
121544     WARN  main            d.u.i.k.n.ParsingFacade   Parsing time 749 ms. 
121544     DEBUG main            d.u.i.k.p.r.p.TestFile    ... success: reloaded. 
121545     INFO  main            d.u.i.k.p.r.p.TestFile    Now processing file /home/runner/work/key/key/key.core/../key.ui/examples/heap/permissions/threads/AFilter_startTransfer_accessible.key 
121546     INFO  main            d.u.i.k.p.i.AbstractProblemLoader Loading environment from /home/runner/work/key/key/key.core/../key.ui/examples/heap/permissions/threads/AFilter_startTransfer_accessible.key 
121546     DEBUG main            d.u.i.k.p.i.AbstractProblemLoader Environment load took 71.8ns 
121546     WARN  main            d.u.i.k.n.ParsingFacade   /home/runner/work/key/key/key.core/../key.ui/examples/heap/permissions/threads/AFilter_startTransfer_accessible.key took 0 ms to parse. 
121546     WARN  main            d.u.i.k.n.ParsingFacade   Parsing time 749 ms. 
121547     INFO  main            d.u.i.k.p.i.AbstractProblemLoader Creating init config 
122626     WARN  main            d.u.i.k.n.ParsingFacade   file:/home/runner/work/key/key/key.core/build/resources/main/de/uka/ilkd/key/java/JavaRedux/java/lang/String.key took 2 ms to parse. 
122626     WARN  main            d.u.i.k.n.ParsingFacade   Parsing time 751 ms. 
126118     DEBUG main            d.u.i.k.p.i.AbstractProblemLoader Init config took 4.57s 
126202     INFO  main            d.u.i.k.p.i.AbstractProblemLoader Replaying proof AFilter[ThreadSpec2::startTransfer()].JML accessible clause.0 
126203     DEBUG main            d.u.i.k.p.i.IntermediateProofReplayer Proof replay took 6.3ns 
126203     WARN  main            d.u.i.k.n.ParsingFacade   /home/runner/work/key/key/key.core/../key.ui/examples/heap/permissions/threads/AFilter_startTransfer_accessible.key took 0 ms to parse. 
126203     WARN  main            d.u.i.k.n.ParsingFacade   Parsing time 751 ms. 
135762     INFO  main            d.u.i.k.p.r.p.TestFile    ... finished proof: closed. 
136030     INFO  main            d.u.i.k.p.i.AbstractProblemLoader Loading environment from /home/runner/work/key/key/key.core/../key.ui/examples/heap/permissions/threads/AFilter_startTransfer_accessible.key.proof 
136030     DEBUG main            d.u.i.k.p.i.AbstractProblemLoader Environment load took 317.71ns 
136031     WARN  main            d.u.i.k.n.ParsingFacade   /home/runner/work/key/key/key.core/../key.ui/examples/heap/permissions/threads/AFilter_startTransfer_accessible.key.proof took 0 ms to parse. 
136031     WARN  main            d.u.i.k.n.ParsingFacade   Parsing time 751 ms. 
136032     INFO  main            d.u.i.k.p.i.AbstractProblemLoader Creating init config 
137088     WARN  main            d.u.i.k.n.ParsingFacade   file:/home/runner/work/key/key/key.core/build/resources/main/de/uka/ilkd/key/java/JavaRedux/java/lang/String.key took 1 ms to parse. 
137088     WARN  main            d.u.i.k.n.ParsingFacade   Parsing time 752 ms. 
140527     DEBUG main            d.u.i.k.p.i.AbstractProblemLoader Init config took 4.49s 
140623     INFO  main            d.u.i.k.p.i.AbstractProblemLoader Replaying proof AFilter[ThreadSpec2::startTransfer()].JML accessible clause.0 
141466     DEBUG main            d.u.i.k.p.i.IntermediateProofReplayer Proof replay took 819.19ms 
141467     WARN  main            d.u.i.k.n.ParsingFacade   /home/runner/work/key/key/key.core/../key.ui/examples/heap/permissions/threads/AFilter_startTransfer_accessible.key.proof took 0 ms to parse. 
141467     WARN  main            d.u.i.k.n.ParsingFacade   Parsing time 752 ms. 
141468     DEBUG main            d.u.i.k.p.r.p.TestFile    ... success: reloaded. 
141469     INFO  main            d.u.i.k.p.r.p.TestFile    Now processing file /home/runner/work/key/key/key.core/../key.ui/examples/heap/permissions/threads/AFilter_startTransfer_contract.key 
141469     INFO  main            d.u.i.k.p.i.AbstractProblemLoader Loading environment from /home/runner/work/key/key/key.core/../key.ui/examples/heap/permissions/threads/AFilter_startTransfer_contract.key 
141469     DEBUG main            d.u.i.k.p.i.AbstractProblemLoader Environment load took 75ns 
141469     WARN  main            d.u.i.k.n.ParsingFacade   /home/runner/work/key/key/key.core/../key.ui/examples/heap/permissions/threads/AFilter_startTransfer_contract.key took 0 ms to parse. 
141469     WARN  main            d.u.i.k.n.ParsingFacade   Parsing time 752 ms. 
141470     INFO  main            d.u.i.k.p.i.AbstractProblemLoader Creating init config 
142540     WARN  main            d.u.i.k.n.ParsingFacade   file:/home/runner/work/key/key/key.core/build/resources/main/de/uka/ilkd/key/java/JavaRedux/java/lang/String.key took 1 ms to parse. 
142540     WARN  main            d.u.i.k.n.ParsingFacade   Parsing time 753 ms. 
146023     DEBUG main            d.u.i.k.p.i.AbstractProblemLoader Init config took 4.55s 
146113     INFO  main            d.u.i.k.p.i.AbstractProblemLoader Replaying proof AFilter[ThreadSpec2::startTransfer()].JML model_behavior operation contract.0 
146115     DEBUG main            d.u.i.k.p.i.IntermediateProofReplayer Proof replay took 5.9ns 
146115     WARN  main            d.u.i.k.n.ParsingFacade   /home/runner/work/key/key/key.core/../key.ui/examples/heap/permissions/threads/AFilter_startTransfer_contract.key took 0 ms to parse. 
146115     WARN  main            d.u.i.k.n.ParsingFacade   Parsing time 753 ms. 
146520     INFO  main            d.u.i.k.p.r.p.TestFile    ... finished proof: closed. 
146780     INFO  main            d.u.i.k.p.i.AbstractProblemLoader Loading environment from /home/runner/work/key/key/key.core/../key.ui/examples/heap/permissions/threads/AFilter_startTransfer_contract.key.proof 
146780     DEBUG main            d.u.i.k.p.i.AbstractProblemLoader Environment load took 423.81ns 
146781     WARN  main            d.u.i.k.n.ParsingFacade   /home/runner/work/key/key/key.core/../key.ui/examples/heap/permissions/threads/AFilter_startTransfer_contract.key.proof took 0 ms to parse. 
146781     WARN  main            d.u.i.k.n.ParsingFacade   Parsing time 753 ms. 
146782     INFO  main            d.u.i.k.p.i.AbstractProblemLoader Creating init config 
147836     WARN  main            d.u.i.k.n.ParsingFacade   file:/home/runner/work/key/key/key.core/build/resources/main/de/uka/ilkd/key/java/JavaRedux/java/lang/String.key took 1 ms to parse. 
147836     WARN  main            d.u.i.k.n.ParsingFacade   Parsing time 754 ms. 
151242     DEBUG main            d.u.i.k.p.i.AbstractProblemLoader Init config took 4.46s 
151339     INFO  main            d.u.i.k.p.i.AbstractProblemLoader Replaying proof AFilter[ThreadSpec2::startTransfer()].JML model_behavior operation contract.0 
151387     DEBUG main            d.u.i.k.p.i.IntermediateProofReplayer Proof replay took 43.38ms 
151388     WARN  main            d.u.i.k.n.ParsingFacade   /home/runner/work/key/key/key.core/../key.ui/examples/heap/permissions/threads/AFilter_startTransfer_contract.key.proof took 0 ms to parse. 
151388     WARN  main            d.u.i.k.n.ParsingFacade   Parsing time 754 ms. 
151388     DEBUG main            d.u.i.k.p.r.p.TestFile    ... success: reloaded. 
151389     INFO  main            d.u.i.k.p.r.p.TestFile    Now processing file /home/runner/work/key/key/key.core/../key.ui/examples/heap/permissions/threads/AFilter_stateInv_accessible.key 
151389     INFO  main            d.u.i.k.p.i.AbstractProblemLoader Loading environment from /home/runner/work/key/key/key.core/../key.ui/examples/heap/permissions/threads/AFilter_stateInv_accessible.key 
151389     DEBUG main            d.u.i.k.p.i.AbstractProblemLoader Environment load took 84ns 
151390     WARN  main            d.u.i.k.n.ParsingFacade   /home/runner/work/key/key/key.core/../key.ui/examples/heap/permissions/threads/AFilter_stateInv_accessible.key took 0 ms to parse. 
151390     WARN  main            d.u.i.k.n.ParsingFacade   Parsing time 754 ms. 
151390     INFO  main            d.u.i.k.p.i.AbstractProblemLoader Creating init config 
152486     WARN  main            d.u.i.k.n.ParsingFacade   file:/home/runner/work/key/key/key.core/build/resources/main/de/uka/ilkd/key/java/JavaRedux/java/lang/String.key took 1 ms to parse. 
152486     WARN  main            d.u.i.k.n.ParsingFacade   Parsing time 755 ms. 
155953     DEBUG main            d.u.i.k.p.i.AbstractProblemLoader Init config took 4.56s 
156036     INFO  main            d.u.i.k.p.i.AbstractProblemLoader Replaying proof AFilter[ThreadSpec2::stateInv()].JML accessible clause.0 
156037     DEBUG main            d.u.i.k.p.i.IntermediateProofReplayer Proof replay took 6ns 
156037     WARN  main            d.u.i.k.n.ParsingFacade   /home/runner/work/key/key/key.core/../key.ui/examples/heap/permissions/threads/AFilter_stateInv_accessible.key took 0 ms to parse. 
156037     WARN  main            d.u.i.k.n.ParsingFacade   Parsing time 755 ms. 
156339     INFO  main            d.u.i.k.p.r.p.TestFile    ... finished proof: closed. 
156609     INFO  main            d.u.i.k.p.i.AbstractProblemLoader Loading environment from /home/runner/work/key/key/key.core/../key.ui/examples/heap/permissions/threads/AFilter_stateInv_accessible.key.proof 
156609     DEBUG main            d.u.i.k.p.i.AbstractProblemLoader Environment load took 80ns 
156609     WARN  main            d.u.i.k.n.ParsingFacade   /home/runner/work/key/key/key.core/../key.ui/examples/heap/permissions/threads/AFilter_stateInv_accessible.key.proof took 0 ms to parse. 
156610     WARN  main            d.u.i.k.n.ParsingFacade   Parsing time 755 ms. 
156610     INFO  main            d.u.i.k.p.i.AbstractProblemLoader Creating init config 
157657     WARN  main            d.u.i.k.n.ParsingFacade   file:/home/runner/work/key/key/key.core/build/resources/main/de/uka/ilkd/key/java/JavaRedux/java/lang/String.key took 1 ms to parse. 
157657     WARN  main            d.u.i.k.n.ParsingFacade   Parsing time 756 ms. 
161079     DEBUG main            d.u.i.k.p.i.AbstractProblemLoader Init config took 4.47s 
161162     INFO  main            d.u.i.k.p.i.AbstractProblemLoader Replaying proof AFilter[ThreadSpec2::stateInv()].JML accessible clause.0 
161199     DEBUG main            d.u.i.k.p.i.IntermediateProofReplayer Proof replay took 34.5ms 
161200     WARN  main            d.u.i.k.n.ParsingFacade   /home/runner/work/key/key/key.core/../key.ui/examples/heap/permissions/threads/AFilter_stateInv_accessible.key.proof took 1 ms to parse. 
161200     WARN  main            d.u.i.k.n.ParsingFacade   Parsing time 757 ms. 
161200     DEBUG main            d.u.i.k.p.r.p.TestFile    ... success: reloaded. 
161201     INFO  main            d.u.i.k.p.r.p.TestFile    Now processing file /home/runner/work/key/key/key.core/../key.ui/examples/heap/permissions/threads/AFilter_staticPermissions_accessible.key 
161201     INFO  main            d.u.i.k.p.i.AbstractProblemLoader Loading environment from /home/runner/work/key/key/key.core/../key.ui/examples/heap/permissions/threads/AFilter_staticPermissions_accessible.key 
161201     DEBUG main            d.u.i.k.p.i.AbstractProblemLoader Environment load took 75ns 
161202     WARN  main            d.u.i.k.n.ParsingFacade   /home/runner/work/key/key/key.core/../key.ui/examples/heap/permissions/threads/AFilter_staticPermissions_accessible.key took 0 ms to parse. 
161202     WARN  main            d.u.i.k.n.ParsingFacade   Parsing time 757 ms. 
161202     INFO  main            d.u.i.k.p.i.AbstractProblemLoader Creating init config 
162294     WARN  main            d.u.i.k.n.ParsingFacade   file:/home/runner/work/key/key/key.core/build/resources/main/de/uka/ilkd/key/java/JavaRedux/java/lang/String.key took 1 ms to parse. 
162294     WARN  main            d.u.i.k.n.ParsingFacade   Parsing time 758 ms. 
165761     DEBUG main            d.u.i.k.p.i.AbstractProblemLoader Init config took 4.56s 
165858     INFO  main            d.u.i.k.p.i.AbstractProblemLoader Replaying proof AFilter[ThreadSpec2::staticPermissions()].JML accessible clause.0 
165862     DEBUG main            d.u.i.k.p.i.IntermediateProofReplayer Proof replay took 6.1ns 
165862     WARN  main            d.u.i.k.n.ParsingFacade   /home/runner/work/key/key/key.core/../key.ui/examples/heap/permissions/threads/AFilter_staticPermissions_accessible.key took 0 ms to parse. 
165862     WARN  main            d.u.i.k.n.ParsingFacade   Parsing time 758 ms. 
165963     INFO  main            d.u.i.k.p.r.p.TestFile    ... finished proof: closed. 
166228     INFO  main            d.u.i.k.p.i.AbstractProblemLoader Loading environment from /home/runner/work/key/key/key.core/../key.ui/examples/heap/permissions/threads/AFilter_staticPermissions_accessible.key.proof 
166228     DEBUG main            d.u.i.k.p.i.AbstractProblemLoader Environment load took 76.3ns 
166228     WARN  main            d.u.i.k.n.ParsingFacade   /home/runner/work/key/key/key.core/../key.ui/examples/heap/permissions/threads/AFilter_staticPermissions_accessible.key.proof took 0 ms to parse. 
166228     WARN  main            d.u.i.k.n.ParsingFacade   Parsing time 758 ms. 
166229     INFO  main            d.u.i.k.p.i.AbstractProblemLoader Creating init config 
167284     WARN  main            d.u.i.k.n.ParsingFacade   file:/home/runner/work/key/key/key.core/build/resources/main/de/uka/ilkd/key/java/JavaRedux/java/lang/String.key took 1 ms to parse. 
167284     WARN  main            d.u.i.k.n.ParsingFacade   Parsing time 759 ms. 
170694     DEBUG main            d.u.i.k.p.i.AbstractProblemLoader Init config took 4.47s 
170777     INFO  main            d.u.i.k.p.i.AbstractProblemLoader Replaying proof AFilter[ThreadSpec2::staticPermissions()].JML accessible clause.0 
170788     DEBUG main            d.u.i.k.p.i.IntermediateProofReplayer Proof replay took 9.31ms 
170788     WARN  main            d.u.i.k.n.ParsingFacade   /home/runner/work/key/key/key.core/../key.ui/examples/heap/permissions/threads/AFilter_staticPermissions_accessible.key.proof took 0 ms to parse. 
170788     WARN  main            d.u.i.k.n.ParsingFacade   Parsing time 759 ms. 
170788     DEBUG main            d.u.i.k.p.r.p.TestFile    ... success: reloaded. 
170789     INFO  main            d.u.i.k.p.r.p.TestFile    Now processing file /home/runner/work/key/key/key.core/../key.ui/examples/heap/permissions/threads/AFilter_workingPermissions_accessible.key 
170790     INFO  main            d.u.i.k.p.i.AbstractProblemLoader Loading environment from /home/runner/work/key/key/key.core/../key.ui/examples/heap/permissions/threads/AFilter_workingPermissions_accessible.key 
170790     DEBUG main            d.u.i.k.p.i.AbstractProblemLoader Environment load took 61ns 
170790     WARN  main            d.u.i.k.n.ParsingFacade   /home/runner/work/key/key/key.core/../key.ui/examples/heap/permissions/threads/AFilter_workingPermissions_accessible.key took 0 ms to parse. 
170790     WARN  main            d.u.i.k.n.ParsingFacade   Parsing time 759 ms. 
170791     INFO  main            d.u.i.k.p.i.AbstractProblemLoader Creating init config 
171882     WARN  main            d.u.i.k.n.ParsingFacade   file:/home/runner/work/key/key/key.core/build/resources/main/de/uka/ilkd/key/java/JavaRedux/java/lang/String.key took 2 ms to parse. 
171882     WARN  main            d.u.i.k.n.ParsingFacade   Parsing time 761 ms. 
175356     DEBUG main            d.u.i.k.p.i.AbstractProblemLoader Init config took 4.57s 
175453     INFO  main            d.u.i.k.p.i.AbstractProblemLoader Replaying proof AFilter[ThreadSpec2::workingPermissions()].JML accessible clause.0 
175454     DEBUG main            d.u.i.k.p.i.IntermediateProofReplayer Proof replay took 6.2ns 
175455     WARN  main            d.u.i.k.n.ParsingFacade   /home/runner/work/key/key/key.core/../key.ui/examples/heap/permissions/threads/AFilter_workingPermissions_accessible.key took 0 ms to parse. 
175455     WARN  main            d.u.i.k.n.ParsingFacade   Parsing time 761 ms. 
175556     INFO  main            d.u.i.k.p.r.p.TestFile    ... finished proof: closed. 
175824     INFO  main            d.u.i.k.p.i.AbstractProblemLoader Loading environment from /home/runner/work/key/key/key.core/../key.ui/examples/heap/permissions/threads/AFilter_workingPermissions_accessible.key.proof 
175824     DEBUG main            d.u.i.k.p.i.AbstractProblemLoader Environment load took 73ns 
175824     WARN  main            d.u.i.k.n.ParsingFacade   /home/runner/work/key/key/key.core/../key.ui/examples/heap/permissions/threads/AFilter_workingPermissions_accessible.key.proof took 0 ms to parse. 
175824     WARN  main            d.u.i.k.n.ParsingFacade   Parsing time 761 ms. 
175825     INFO  main            d.u.i.k.p.i.AbstractProblemLoader Creating init config 
176882     WARN  main            d.u.i.k.n.ParsingFacade   file:/home/runner/work/key/key/key.core/build/resources/main/de/uka/ilkd/key/java/JavaRedux/java/lang/String.key took 2 ms to parse. 
176882     WARN  main            d.u.i.k.n.ParsingFacade   Parsing time 763 ms. 
180283     DEBUG main            d.u.i.k.p.i.AbstractProblemLoader Init config took 4.46s 
180385     INFO  main            d.u.i.k.p.i.AbstractProblemLoader Replaying proof AFilter[ThreadSpec2::workingPermissions()].JML accessible clause.0 
180395     DEBUG main            d.u.i.k.p.i.IntermediateProofReplayer Proof replay took 7.71ms 
180395     WARN  main            d.u.i.k.n.ParsingFacade   /home/runner/work/key/key/key.core/../key.ui/examples/heap/permissions/threads/AFilter_workingPermissions_accessible.key.proof took 0 ms to parse. 
180396     WARN  main            d.u.i.k.n.ParsingFacade   Parsing time 763 ms. 
180396     DEBUG main            d.u.i.k.p.r.p.TestFile    ... success: reloaded. 
180397     INFO  main            d.u.i.k.p.r.p.TestFile    Now processing file /home/runner/work/key/key/key.core/../key.ui/examples/heap/permissions/threads/BFilter_BFilter.key 
180397     INFO  main            d.u.i.k.p.i.AbstractProblemLoader Loading environment from /home/runner/work/key/key/key.core/../key.ui/examples/heap/permissions/threads/BFilter_BFilter.key 
180398     DEBUG main            d.u.i.k.p.i.AbstractProblemLoader Environment load took 171ns 
180398     WARN  main            d.u.i.k.n.ParsingFacade   /home/runner/work/key/key/key.core/../key.ui/examples/heap/permissions/threads/BFilter_BFilter.key took 0 ms to parse. 
180398     WARN  main            d.u.i.k.n.ParsingFacade   Parsing time 763 ms. 
180399     INFO  main            d.u.i.k.p.i.AbstractProblemLoader Creating init config 
181466     WARN  main            d.u.i.k.n.ParsingFacade   file:/home/runner/work/key/key/key.core/build/resources/main/de/uka/ilkd/key/java/JavaRedux/java/lang/String.key took 1 ms to parse. 
181466     WARN  main            d.u.i.k.n.ParsingFacade   Parsing time 764 ms. 
184927     DEBUG main            d.u.i.k.p.i.AbstractProblemLoader Init config took 4.53s 
185009     INFO  main            d.u.i.k.p.i.AbstractProblemLoader Replaying proof BFilter[BFilter::BFilter(Sampler,Buffer)].JML normal_behavior operation contract.0 
185010     DEBUG main            d.u.i.k.p.i.IntermediateProofReplayer Proof replay took 6ns 
185011     WARN  main            d.u.i.k.n.ParsingFacade   /home/runner/work/key/key/key.core/../key.ui/examples/heap/permissions/threads/BFilter_BFilter.key took 0 ms to parse. 
185011     WARN  main            d.u.i.k.n.ParsingFacade   Parsing time 764 ms. 
186020     INFO  main            d.u.i.k.p.r.p.TestFile    ... finished proof: closed. 
186345     INFO  main            d.u.i.k.p.i.AbstractProblemLoader Loading environment from /home/runner/work/key/key/key.core/../key.ui/examples/heap/permissions/threads/BFilter_BFilter.key.proof 
186346     DEBUG main            d.u.i.k.p.i.AbstractProblemLoader Environment load took 76.5ns 
186346     WARN  main            d.u.i.k.n.ParsingFacade   /home/runner/work/key/key/key.core/../key.ui/examples/heap/permissions/threads/BFilter_BFilter.key.proof took 0 ms to parse. 
186346     WARN  main            d.u.i.k.n.ParsingFacade   Parsing time 764 ms. 
186347     INFO  main            d.u.i.k.p.i.AbstractProblemLoader Creating init config 
187396     WARN  main            d.u.i.k.n.ParsingFacade   file:/home/runner/work/key/key/key.core/build/resources/main/de/uka/ilkd/key/java/JavaRedux/java/lang/String.key took 1 ms to parse. 
187396     WARN  main            d.u.i.k.n.ParsingFacade   Parsing time 765 ms. 
190808     DEBUG main            d.u.i.k.p.i.AbstractProblemLoader Init config took 4.46s 
190891     INFO  main            d.u.i.k.p.i.AbstractProblemLoader Replaying proof BFilter[BFilter::BFilter(Sampler,Buffer)].JML normal_behavior operation contract.0 
191035     DEBUG main            d.u.i.k.p.i.IntermediateProofReplayer Proof replay took 139.5ms 
191035     WARN  main            d.u.i.k.n.ParsingFacade   /home/runner/work/key/key/key.core/../key.ui/examples/heap/permissions/threads/BFilter_BFilter.key.proof took 0 ms to parse. 
191035     WARN  main            d.u.i.k.n.ParsingFacade   Parsing time 765 ms. 
191036     DEBUG main            d.u.i.k.p.r.p.TestFile    ... success: reloaded. 
191037     INFO  main            d.u.i.k.p.r.p.TestFile    Now processing file /home/runner/work/key/key/key.core/../key.ui/examples/heap/permissions/threads/BFilter_initPost_accessible.key 
191037     INFO  main            d.u.i.k.p.i.AbstractProblemLoader Loading environment from /home/runner/work/key/key/key.core/../key.ui/examples/heap/permissions/threads/BFilter_initPost_accessible.key 
191037     DEBUG main            d.u.i.k.p.i.AbstractProblemLoader Environment load took 183.3ns 
191038     WARN  main            d.u.i.k.n.ParsingFacade   /home/runner/work/key/key/key.core/../key.ui/examples/heap/permissions/threads/BFilter_initPost_accessible.key took 0 ms to parse. 
191038     WARN  main            d.u.i.k.n.ParsingFacade   Parsing time 765 ms. 
191038     INFO  main            d.u.i.k.p.i.AbstractProblemLoader Creating init config 
192136     WARN  main            d.u.i.k.n.ParsingFacade   file:/home/runner/work/key/key/key.core/build/resources/main/de/uka/ilkd/key/java/JavaRedux/java/lang/String.key took 2 ms to parse. 
192136     WARN  main            d.u.i.k.n.ParsingFacade   Parsing time 767 ms. 
195612     DEBUG main            d.u.i.k.p.i.AbstractProblemLoader Init config took 4.57s 
195693     INFO  main            d.u.i.k.p.i.AbstractProblemLoader Replaying proof BFilter[ThreadSpec2::initPost()].JML accessible clause.0 
195695     DEBUG main            d.u.i.k.p.i.IntermediateProofReplayer Proof replay took 6ns 
195695     WARN  main            d.u.i.k.n.ParsingFacade   /home/runner/work/key/key/key.core/../key.ui/examples/heap/permissions/threads/BFilter_initPost_accessible.key took 0 ms to parse. 
195695     WARN  main            d.u.i.k.n.ParsingFacade   Parsing time 767 ms. 
195798     INFO  main            d.u.i.k.p.r.p.TestFile    ... finished proof: closed. 
196079     INFO  main            d.u.i.k.p.i.AbstractProblemLoader Loading environment from /home/runner/work/key/key/key.core/../key.ui/examples/heap/permissions/threads/BFilter_initPost_accessible.key.proof 
196079     DEBUG main            d.u.i.k.p.i.AbstractProblemLoader Environment load took 77.7ns 
196080     WARN  main            d.u.i.k.n.ParsingFacade   /home/runner/work/key/key/key.core/../key.ui/examples/heap/permissions/threads/BFilter_initPost_accessible.key.proof took 0 ms to parse. 
196080     WARN  main            d.u.i.k.n.ParsingFacade   Parsing time 767 ms. 
196080     INFO  main            d.u.i.k.p.i.AbstractProblemLoader Creating init config 
197128     WARN  main            d.u.i.k.n.ParsingFacade   file:/home/runner/work/key/key/key.core/build/resources/main/de/uka/ilkd/key/java/JavaRedux/java/lang/String.key took 1 ms to parse. 
197128     WARN  main            d.u.i.k.n.ParsingFacade   Parsing time 768 ms. 
200527     DEBUG main            d.u.i.k.p.i.AbstractProblemLoader Init config took 4.45s 
200608     INFO  main            d.u.i.k.p.i.AbstractProblemLoader Replaying proof BFilter[ThreadSpec2::initPost()].JML accessible clause.0 
200620     DEBUG main            d.u.i.k.p.i.IntermediateProofReplayer Proof replay took 9.82ms 
200620     WARN  main            d.u.i.k.n.ParsingFacade   /home/runner/work/key/key/key.core/../key.ui/examples/heap/permissions/threads/BFilter_initPost_accessible.key.proof took 0 ms to parse. 
200620     WARN  main            d.u.i.k.n.ParsingFacade   Parsing time 768 ms. 
200621     DEBUG main            d.u.i.k.p.r.p.TestFile    ... success: reloaded. 
200622     INFO  main            d.u.i.k.p.r.p.TestFile    Now processing file /home/runner/work/key/key/key.core/../key.ui/examples/heap/permissions/threads/BFilter_inv_accessible1.key 
200622     INFO  main            d.u.i.k.p.i.AbstractProblemLoader Loading environment from /home/runner/work/key/key/key.core/../key.ui/examples/heap/permissions/threads/BFilter_inv_accessible1.key 
200622     DEBUG main            d.u.i.k.p.i.AbstractProblemLoader Environment load took 75.1ns 
200622     WARN  main            d.u.i.k.n.ParsingFacade   /home/runner/work/key/key/key.core/../key.ui/examples/heap/permissions/threads/BFilter_inv_accessible1.key took 0 ms to parse. 
200622     WARN  main            d.u.i.k.n.ParsingFacade   Parsing time 768 ms. 
200623     INFO  main            d.u.i.k.p.i.AbstractProblemLoader Creating init config 
201708     WARN  main            d.u.i.k.n.ParsingFacade   file:/home/runner/work/key/key/key.core/build/resources/main/de/uka/ilkd/key/java/JavaRedux/java/lang/String.key took 2 ms to parse. 
201708     WARN  main            d.u.i.k.n.ParsingFacade   Parsing time 770 ms. 
205147     DEBUG main            d.u.i.k.p.i.AbstractProblemLoader Init config took 4.52s 
205227     INFO  main            d.u.i.k.p.i.AbstractProblemLoader Replaying proof BFilter[java.lang.Object::<inv>()].JML accessible clause.0 
205229     DEBUG main            d.u.i.k.p.i.IntermediateProofReplayer Proof replay took 7.1ns 
205229     WARN  main            d.u.i.k.n.ParsingFacade   /home/runner/work/key/key/key.core/../key.ui/examples/heap/permissions/threads/BFilter_inv_accessible1.key took 0 ms to parse. 
205229     WARN  main            d.u.i.k.n.ParsingFacade   Parsing time 770 ms. 
205334     INFO  main            d.u.i.k.p.r.p.TestFile    ... finished proof: closed. 
205619     INFO  main            d.u.i.k.p.i.AbstractProblemLoader Loading environment from /home/runner/work/key/key/key.core/../key.ui/examples/heap/permissions/threads/BFilter_inv_accessible1.key.proof 
205619     DEBUG main            d.u.i.k.p.i.AbstractProblemLoader Environment load took 80.1ns 
205619     WARN  main            d.u.i.k.n.ParsingFacade   /home/runner/work/key/key/key.core/../key.ui/examples/heap/permissions/threads/BFilter_inv_accessible1.key.proof took 0 ms to parse. 
205619     WARN  main            d.u.i.k.n.ParsingFacade   Parsing time 770 ms. 
205620     INFO  main            d.u.i.k.p.i.AbstractProblemLoader Creating init config 
206662     WARN  main            d.u.i.k.n.ParsingFacade   file:/home/runner/work/key/key/key.core/build/resources/main/de/uka/ilkd/key/java/JavaRedux/java/lang/String.key took 1 ms to parse. 
206662     WARN  main            d.u.i.k.n.ParsingFacade   Parsing time 771 ms. 
210064     DEBUG main            d.u.i.k.p.i.AbstractProblemLoader Init config took 4.44s 
210145     INFO  main            d.u.i.k.p.i.AbstractProblemLoader Replaying proof BFilter[java.lang.Object::<inv>()].JML accessible clause.0 
210148     DEBUG main            d.u.i.k.p.i.IntermediateProofReplayer Proof replay took 1.65ms 
210148     WARN  main            d.u.i.k.n.ParsingFacade   /home/runner/work/key/key/key.core/../key.ui/examples/heap/permissions/threads/BFilter_inv_accessible1.key.proof took 0 ms to parse. 
210148     WARN  main            d.u.i.k.n.ParsingFacade   Parsing time 771 ms. 
210149     DEBUG main            d.u.i.k.p.r.p.TestFile    ... success: reloaded. 
210150     INFO  main            d.u.i.k.p.r.p.TestFile    Now processing file /home/runner/work/key/key/key.core/../key.ui/examples/heap/permissions/threads/BFilter_inv_accessible2.key 
210150     INFO  main            d.u.i.k.p.i.AbstractProblemLoader Loading environment from /home/runner/work/key/key/key.core/../key.ui/examples/heap/permissions/threads/BFilter_inv_accessible2.key 
210150     DEBUG main            d.u.i.k.p.i.AbstractProblemLoader Environment load took 57.5ns 
210150     WARN  main            d.u.i.k.n.ParsingFacade   /home/runner/work/key/key/key.core/../key.ui/examples/heap/permissions/threads/BFilter_inv_accessible2.key took 0 ms to parse. 
210150     WARN  main            d.u.i.k.n.ParsingFacade   Parsing time 771 ms. 
210151     INFO  main            d.u.i.k.p.i.AbstractProblemLoader Creating init config 
211226     WARN  main            d.u.i.k.n.ParsingFacade   file:/home/runner/work/key/key/key.core/build/resources/main/de/uka/ilkd/key/java/JavaRedux/java/lang/String.key took 2 ms to parse. 
211226     WARN  main            d.u.i.k.n.ParsingFacade   Parsing time 773 ms. 
214673     DEBUG main            d.u.i.k.p.i.AbstractProblemLoader Init config took 4.52s 
214755     INFO  main            d.u.i.k.p.i.AbstractProblemLoader Replaying proof BFilter[java.lang.Object::<inv>()].JML accessible clause.1 
214774     DEBUG main            d.u.i.k.p.i.IntermediateProofReplayer Proof replay took 8ns 
214775     WARN  main            d.u.i.k.n.ParsingFacade   /home/runner/work/key/key/key.core/../key.ui/examples/heap/permissions/threads/BFilter_inv_accessible2.key took 0 ms to parse. 
214775     WARN  main            d.u.i.k.n.ParsingFacade   Parsing time 773 ms. 
214878     INFO  main            d.u.i.k.p.r.p.TestFile    ... finished proof: closed. 
215151     INFO  main            d.u.i.k.p.i.AbstractProblemLoader Loading environment from /home/runner/work/key/key/key.core/../key.ui/examples/heap/permissions/threads/BFilter_inv_accessible2.key.proof 
215151     DEBUG main            d.u.i.k.p.i.AbstractProblemLoader Environment load took 77.2ns 
215151     WARN  main            d.u.i.k.n.ParsingFacade   /home/runner/work/key/key/key.core/../key.ui/examples/heap/permissions/threads/BFilter_inv_accessible2.key.proof took 0 ms to parse. 
215151     WARN  main            d.u.i.k.n.ParsingFacade   Parsing time 773 ms. 
215152     INFO  main            d.u.i.k.p.i.AbstractProblemLoader Creating init config 
216191     WARN  main            d.u.i.k.n.ParsingFacade   file:/home/runner/work/key/key/key.core/build/resources/main/de/uka/ilkd/key/java/JavaRedux/java/lang/String.key took 1 ms to parse. 
216192     WARN  main            d.u.i.k.n.ParsingFacade   Parsing time 774 ms. 
219597     DEBUG main            d.u.i.k.p.i.AbstractProblemLoader Init config took 4.45s 
219678     INFO  main            d.u.i.k.p.i.AbstractProblemLoader Replaying proof BFilter[java.lang.Object::<inv>()].JML accessible clause.1 
219681     DEBUG main            d.u.i.k.p.i.IntermediateProofReplayer Proof replay took 1.66ms 
219682     WARN  main            d.u.i.k.n.ParsingFacade   /home/runner/work/key/key/key.core/../key.ui/examples/heap/permissions/threads/BFilter_inv_accessible2.key.proof took 1 ms to parse. 
219682     WARN  main            d.u.i.k.n.ParsingFacade   Parsing time 775 ms. 
219682     DEBUG main            d.u.i.k.p.r.p.TestFile    ... success: reloaded. 
219683     INFO  main            d.u.i.k.p.r.p.TestFile    Now processing file /home/runner/work/key/key/key.core/../key.ui/examples/heap/permissions/threads/BFilter_joinTransfer_accessible.key 
219683     INFO  main            d.u.i.k.p.i.AbstractProblemLoader Loading environment from /home/runner/work/key/key/key.core/../key.ui/examples/heap/permissions/threads/BFilter_joinTransfer_accessible.key 
219683     DEBUG main            d.u.i.k.p.i.AbstractProblemLoader Environment load took 68ns 
219683     WARN  main            d.u.i.k.n.ParsingFacade   /home/runner/work/key/key/key.core/../key.ui/examples/heap/permissions/threads/BFilter_joinTransfer_accessible.key took 0 ms to parse. 
219683     WARN  main            d.u.i.k.n.ParsingFacade   Parsing time 775 ms. 
219684     INFO  main            d.u.i.k.p.i.AbstractProblemLoader Creating init config 
220768     WARN  main            d.u.i.k.n.ParsingFacade   file:/home/runner/work/key/key/key.core/build/resources/main/de/uka/ilkd/key/java/JavaRedux/java/lang/String.key took 1 ms to parse. 
220768     WARN  main            d.u.i.k.n.ParsingFacade   Parsing time 776 ms. 
224216     DEBUG main            d.u.i.k.p.i.AbstractProblemLoader Init config took 4.53s 
224300     INFO  main            d.u.i.k.p.i.AbstractProblemLoader Replaying proof BFilter[ThreadSpec2::joinTransfer()].JML accessible clause.0 
224301     DEBUG main            d.u.i.k.p.i.IntermediateProofReplayer Proof replay took 6.4ns 
224301     WARN  main            d.u.i.k.n.ParsingFacade   /home/runner/work/key/key/key.core/../key.ui/examples/heap/permissions/threads/BFilter_joinTransfer_accessible.key took 0 ms to parse. 
224301     WARN  main            d.u.i.k.n.ParsingFacade   Parsing time 776 ms. 
225304     INFO  main            d.u.i.k.p.r.p.TestFile    ... finished proof: closed. 
225623     INFO  main            d.u.i.k.p.i.AbstractProblemLoader Loading environment from /home/runner/work/key/key/key.core/../key.ui/examples/heap/permissions/threads/BFilter_joinTransfer_accessible.key.proof 
225623     DEBUG main            d.u.i.k.p.i.AbstractProblemLoader Environment load took 139.6ns 
225624     WARN  main            d.u.i.k.n.ParsingFacade   /home/runner/work/key/key/key.core/../key.ui/examples/heap/permissions/threads/BFilter_joinTransfer_accessible.key.proof took 0 ms to parse. 
225624     WARN  main            d.u.i.k.n.ParsingFacade   Parsing time 776 ms. 
225624     INFO  main            d.u.i.k.p.i.AbstractProblemLoader Creating init config 
226672     WARN  main            d.u.i.k.n.ParsingFacade   file:/home/runner/work/key/key/key.core/build/resources/main/de/uka/ilkd/key/java/JavaRedux/java/lang/String.key took 2 ms to parse. 
226672     WARN  main            d.u.i.k.n.ParsingFacade   Parsing time 778 ms. 
230073     DEBUG main            d.u.i.k.p.i.AbstractProblemLoader Init config took 4.45s 
230168     INFO  main            d.u.i.k.p.i.AbstractProblemLoader Replaying proof BFilter[ThreadSpec2::joinTransfer()].JML accessible clause.0 
230274     DEBUG main            d.u.i.k.p.i.IntermediateProofReplayer Proof replay took 100.47ms 
230274     WARN  main            d.u.i.k.n.ParsingFacade   /home/runner/work/key/key/key.core/../key.ui/examples/heap/permissions/threads/BFilter_joinTransfer_accessible.key.proof took 0 ms to parse. 
230274     WARN  main            d.u.i.k.n.ParsingFacade   Parsing time 778 ms. 
230275     DEBUG main            d.u.i.k.p.r.p.TestFile    ... success: reloaded. 
230276     INFO  main            d.u.i.k.p.r.p.TestFile    Now processing file /home/runner/work/key/key/key.core/../key.ui/examples/heap/permissions/threads/BFilter_joinTransfer_contract.key 
230276     INFO  main            d.u.i.k.p.i.AbstractProblemLoader Loading environment from /home/runner/work/key/key/key.core/../key.ui/examples/heap/permissions/threads/BFilter_joinTransfer_contract.key 
230276     DEBUG main            d.u.i.k.p.i.AbstractProblemLoader Environment load took 78.1ns 
230276     WARN  main            d.u.i.k.n.ParsingFacade   /home/runner/work/key/key/key.core/../key.ui/examples/heap/permissions/threads/BFilter_joinTransfer_contract.key took 0 ms to parse. 
230276     WARN  main            d.u.i.k.n.ParsingFacade   Parsing time 778 ms. 
230277     INFO  main            d.u.i.k.p.i.AbstractProblemLoader Creating init config 
231336     WARN  main            d.u.i.k.n.ParsingFacade   file:/home/runner/work/key/key/key.core/build/resources/main/de/uka/ilkd/key/java/JavaRedux/java/lang/String.key took 1 ms to parse. 
231336     WARN  main            d.u.i.k.n.ParsingFacade   Parsing time 779 ms. 
234803     DEBUG main            d.u.i.k.p.i.AbstractProblemLoader Init config took 4.53s 
234901     INFO  main            d.u.i.k.p.i.AbstractProblemLoader Replaying proof BFilter[ThreadSpec2::joinTransfer()].JML model_behavior operation contract.0 
234902     DEBUG main            d.u.i.k.p.i.IntermediateProofReplayer Proof replay took 6.8ns 
234903     WARN  main            d.u.i.k.n.ParsingFacade   /home/runner/work/key/key/key.core/../key.ui/examples/heap/permissions/threads/BFilter_joinTransfer_contract.key took 0 ms to parse. 
234903     WARN  main            d.u.i.k.n.ParsingFacade   Parsing time 779 ms. 
235006     INFO  main            d.u.i.k.p.r.p.TestFile    ... finished proof: closed. 
235310     INFO  main            d.u.i.k.p.i.AbstractProblemLoader Loading environment from /home/runner/work/key/key/key.core/../key.ui/examples/heap/permissions/threads/BFilter_joinTransfer_contract.key.proof 
235310     DEBUG main            d.u.i.k.p.i.AbstractProblemLoader Environment load took 87.3ns 
235310     WARN  main            d.u.i.k.n.ParsingFacade   /home/runner/work/key/key/key.core/../key.ui/examples/heap/permissions/threads/BFilter_joinTransfer_contract.key.proof took 0 ms to parse. 
235310     WARN  main            d.u.i.k.n.ParsingFacade   Parsing time 779 ms. 
235311     INFO  main            d.u.i.k.p.i.AbstractProblemLoader Creating init config 
236360     WARN  main            d.u.i.k.n.ParsingFacade   file:/home/runner/work/key/key/key.core/build/resources/main/de/uka/ilkd/key/java/JavaRedux/java/lang/String.key took 1 ms to parse. 
236360     WARN  main            d.u.i.k.n.ParsingFacade   Parsing time 780 ms. 
239767     DEBUG main            d.u.i.k.p.i.AbstractProblemLoader Init config took 4.46s 
239850     INFO  main            d.u.i.k.p.i.AbstractProblemLoader Replaying proof BFilter[ThreadSpec2::joinTransfer()].JML model_behavior operation contract.0 
239858     DEBUG main            d.u.i.k.p.i.IntermediateProofReplayer Proof replay took 6.59ms 
239859     WARN  main            d.u.i.k.n.ParsingFacade   /home/runner/work/key/key/key.core/../key.ui/examples/heap/permissions/threads/BFilter_joinTransfer_contract.key.proof took 0 ms to parse. 
239859     WARN  main            d.u.i.k.n.ParsingFacade   Parsing time 780 ms. 
239859     DEBUG main            d.u.i.k.p.r.p.TestFile    ... success: reloaded. 
239860     INFO  main            d.u.i.k.p.r.p.TestFile    Now processing file /home/runner/work/key/key/key.core/../key.ui/examples/heap/permissions/threads/BFilter_postJoin_accessible.key 
239860     INFO  main            d.u.i.k.p.i.AbstractProblemLoader Loading environment from /home/runner/work/key/key/key.core/../key.ui/examples/heap/permissions/threads/BFilter_postJoin_accessible.key 
239860     DEBUG main            d.u.i.k.p.i.AbstractProblemLoader Environment load took 67.7ns 
239861     WARN  main            d.u.i.k.n.ParsingFacade   /home/runner/work/key/key/key.core/../key.ui/examples/heap/permissions/threads/BFilter_postJoin_accessible.key took 1 ms to parse. 
239861     WARN  main            d.u.i.k.n.ParsingFacade   Parsing time 781 ms. 
239861     INFO  main            d.u.i.k.p.i.AbstractProblemLoader Creating init config 
240923     WARN  main            d.u.i.k.n.ParsingFacade   file:/home/runner/work/key/key/key.core/build/resources/main/de/uka/ilkd/key/java/JavaRedux/java/lang/String.key took 1 ms to parse. 
240923     WARN  main            d.u.i.k.n.ParsingFacade   Parsing time 782 ms. 
244415     DEBUG main            d.u.i.k.p.i.AbstractProblemLoader Init config took 4.55s 
244511     INFO  main            d.u.i.k.p.i.AbstractProblemLoader Replaying proof BFilter[ThreadSpec2::postJoin(java.lang.Object)].JML accessible clause.0 
244512     DEBUG main            d.u.i.k.p.i.IntermediateProofReplayer Proof replay took 6.8ns 
244513     WARN  main            d.u.i.k.n.ParsingFacade   /home/runner/work/key/key/key.core/../key.ui/examples/heap/permissions/threads/BFilter_postJoin_accessible.key took 0 ms to parse. 
244513     WARN  main            d.u.i.k.n.ParsingFacade   Parsing time 782 ms. 
244614     INFO  main            d.u.i.k.p.r.p.TestFile    ... finished proof: closed. 
244970     INFO  main            d.u.i.k.p.i.AbstractProblemLoader Loading environment from /home/runner/work/key/key/key.core/../key.ui/examples/heap/permissions/threads/BFilter_postJoin_accessible.key.proof 
244970     DEBUG main            d.u.i.k.p.i.AbstractProblemLoader Environment load took 73.4ns 
244970     WARN  main            d.u.i.k.n.ParsingFacade   /home/runner/work/key/key/key.core/../key.ui/examples/heap/permissions/threads/BFilter_postJoin_accessible.key.proof took 0 ms to parse. 
244970     WARN  main            d.u.i.k.n.ParsingFacade   Parsing time 782 ms. 
244971     INFO  main            d.u.i.k.p.i.AbstractProblemLoader Creating init config 
246011     WARN  main            d.u.i.k.n.ParsingFacade   file:/home/runner/work/key/key/key.core/build/resources/main/de/uka/ilkd/key/java/JavaRedux/java/lang/String.key took 1 ms to parse. 
246012     WARN  main            d.u.i.k.n.ParsingFacade   Parsing time 783 ms. 
249425     DEBUG main            d.u.i.k.p.i.AbstractProblemLoader Init config took 4.45s 
249506     INFO  main            d.u.i.k.p.i.AbstractProblemLoader Replaying proof BFilter[ThreadSpec2::postJoin(java.lang.Object)].JML accessible clause.0 
249513     DEBUG main            d.u.i.k.p.i.IntermediateProofReplayer Proof replay took 5.96ms 
249514     WARN  main            d.u.i.k.n.ParsingFacade   /home/runner/work/key/key/key.core/../key.ui/examples/heap/permissions/threads/BFilter_postJoin_accessible.key.proof took 0 ms to parse. 
249514     WARN  main            d.u.i.k.n.ParsingFacade   Parsing time 783 ms. 
249514     DEBUG main            d.u.i.k.p.r.p.TestFile    ... success: reloaded. 
249515     INFO  main            d.u.i.k.p.r.p.TestFile    Now processing file /home/runner/work/key/key/key.core/../key.ui/examples/heap/permissions/threads/BFilter_preStart_accessible.key 
249515     INFO  main            d.u.i.k.p.i.AbstractProblemLoader Loading environment from /home/runner/work/key/key/key.core/../key.ui/examples/heap/permissions/threads/BFilter_preStart_accessible.key 
249515     DEBUG main            d.u.i.k.p.i.AbstractProblemLoader Environment load took 76.9ns 
249516     WARN  main            d.u.i.k.n.ParsingFacade   /home/runner/work/key/key/key.core/../key.ui/examples/heap/permissions/threads/BFilter_preStart_accessible.key took 0 ms to parse. 
249516     WARN  main            d.u.i.k.n.ParsingFacade   Parsing time 783 ms. 
249516     INFO  main            d.u.i.k.p.i.AbstractProblemLoader Creating init config 
250601     WARN  main            d.u.i.k.n.ParsingFacade   file:/home/runner/work/key/key/key.core/build/resources/main/de/uka/ilkd/key/java/JavaRedux/java/lang/String.key took 1 ms to parse. 
250601     WARN  main            d.u.i.k.n.ParsingFacade   Parsing time 784 ms. 
254062     DEBUG main            d.u.i.k.p.i.AbstractProblemLoader Init config took 4.55s 
254143     INFO  main            d.u.i.k.p.i.AbstractProblemLoader Replaying proof BFilter[ThreadSpec2::preStart(java.lang.Object)].JML accessible clause.0 
254144     DEBUG main            d.u.i.k.p.i.IntermediateProofReplayer Proof replay took 6.5ns 
254144     WARN  main            d.u.i.k.n.ParsingFacade   /home/runner/work/key/key/key.core/../key.ui/examples/heap/permissions/threads/BFilter_preStart_accessible.key took 0 ms to parse. 
254144     WARN  main            d.u.i.k.n.ParsingFacade   Parsing time 784 ms. 
254446     INFO  main            d.u.i.k.p.r.p.TestFile    ... finished proof: closed. 
254780     INFO  main            d.u.i.k.p.i.AbstractProblemLoader Loading environment from /home/runner/work/key/key/key.core/../key.ui/examples/heap/permissions/threads/BFilter_preStart_accessible.key.proof 
254780     DEBUG main            d.u.i.k.p.i.AbstractProblemLoader Environment load took 83.9ns 
254780     WARN  main            d.u.i.k.n.ParsingFacade   /home/runner/work/key/key/key.core/../key.ui/examples/heap/permissions/threads/BFilter_preStart_accessible.key.proof took 0 ms to parse. 
254780     WARN  main            d.u.i.k.n.ParsingFacade   Parsing time 784 ms. 
254781     INFO  main            d.u.i.k.p.i.AbstractProblemLoader Creating init config 
255837     WARN  main            d.u.i.k.n.ParsingFacade   file:/home/runner/work/key/key/key.core/build/resources/main/de/uka/ilkd/key/java/JavaRedux/java/lang/String.key took 1 ms to parse. 
255837     WARN  main            d.u.i.k.n.ParsingFacade   Parsing time 785 ms. 
259243     DEBUG main            d.u.i.k.p.i.AbstractProblemLoader Init config took 4.46s 
259324     INFO  main            d.u.i.k.p.i.AbstractProblemLoader Replaying proof BFilter[ThreadSpec2::preStart(java.lang.Object)].JML accessible clause.0 
259355     DEBUG main            d.u.i.k.p.i.IntermediateProofReplayer Proof replay took 27.62ms 
259355     WARN  main            d.u.i.k.n.ParsingFacade   /home/runner/work/key/key/key.core/../key.ui/examples/heap/permissions/threads/BFilter_preStart_accessible.key.proof took 0 ms to parse. 
259356     WARN  main            d.u.i.k.n.ParsingFacade   Parsing time 785 ms. 
259356     DEBUG main            d.u.i.k.p.r.p.TestFile    ... success: reloaded. 
259357     INFO  main            d.u.i.k.p.r.p.TestFile    Now processing file /home/runner/work/key/key/key.core/../key.ui/examples/heap/permissions/threads/BFilter_startTransfer_accessible.key 
259357     INFO  main            d.u.i.k.p.i.AbstractProblemLoader Loading environment from /home/runner/work/key/key/key.core/../key.ui/examples/heap/permissions/threads/BFilter_startTransfer_accessible.key 
259357     DEBUG main            d.u.i.k.p.i.AbstractProblemLoader Environment load took 144.1ns 
259358     WARN  main            d.u.i.k.n.ParsingFacade   /home/runner/work/key/key/key.core/../key.ui/examples/heap/permissions/threads/BFilter_startTransfer_accessible.key took 0 ms to parse. 
259358     WARN  main            d.u.i.k.n.ParsingFacade   Parsing time 785 ms. 
259358     INFO  main            d.u.i.k.p.i.AbstractProblemLoader Creating init config 
260430     WARN  main            d.u.i.k.n.ParsingFacade   file:/home/runner/work/key/key/key.core/build/resources/main/de/uka/ilkd/key/java/JavaRedux/java/lang/String.key took 2 ms to parse. 
260430     WARN  main            d.u.i.k.n.ParsingFacade   Parsing time 787 ms. 
263893     DEBUG main            d.u.i.k.p.i.AbstractProblemLoader Init config took 4.53s 
263990     INFO  main            d.u.i.k.p.i.AbstractProblemLoader Replaying proof BFilter[ThreadSpec2::startTransfer()].JML accessible clause.0 
263992     DEBUG main            d.u.i.k.p.i.IntermediateProofReplayer Proof replay took 7ns 
263992     WARN  main            d.u.i.k.n.ParsingFacade   /home/runner/work/key/key/key.core/../key.ui/examples/heap/permissions/threads/BFilter_startTransfer_accessible.key took 0 ms to parse. 
263992     WARN  main            d.u.i.k.n.ParsingFacade   Parsing time 787 ms. 
273648     INFO  main            d.u.i.k.p.r.p.TestFile    ... finished proof: closed. 
273994     INFO  main            d.u.i.k.p.i.AbstractProblemLoader Loading environment from /home/runner/work/key/key/key.core/../key.ui/examples/heap/permissions/threads/BFilter_startTransfer_accessible.key.proof 
273994     DEBUG main            d.u.i.k.p.i.AbstractProblemLoader Environment load took 306ns 
273995     WARN  main            d.u.i.k.n.ParsingFacade   /home/runner/work/key/key/key.core/../key.ui/examples/heap/permissions/threads/BFilter_startTransfer_accessible.key.proof took 0 ms to parse. 
273995     WARN  main            d.u.i.k.n.ParsingFacade   Parsing time 787 ms. 
273996     INFO  main            d.u.i.k.p.i.AbstractProblemLoader Creating init config 
275039     WARN  main            d.u.i.k.n.ParsingFacade   file:/home/runner/work/key/key/key.core/build/resources/main/de/uka/ilkd/key/java/JavaRedux/java/lang/String.key took 1 ms to parse. 
275039     WARN  main            d.u.i.k.n.ParsingFacade   Parsing time 788 ms. 
278465     DEBUG main            d.u.i.k.p.i.AbstractProblemLoader Init config took 4.47s 
278547     INFO  main            d.u.i.k.p.i.AbstractProblemLoader Replaying proof BFilter[ThreadSpec2::startTransfer()].JML accessible clause.0 
279350     DEBUG main            d.u.i.k.p.i.IntermediateProofReplayer Proof replay took 786.03ms 
279351     WARN  main            d.u.i.k.n.ParsingFacade   /home/runner/work/key/key/key.core/../key.ui/examples/heap/permissions/threads/BFilter_startTransfer_accessible.key.proof took 0 ms to parse. 
279351     WARN  main            d.u.i.k.n.ParsingFacade   Parsing time 788 ms. 
279352     DEBUG main            d.u.i.k.p.r.p.TestFile    ... success: reloaded. 
279354     INFO  main            d.u.i.k.p.r.p.TestFile    Now processing file /home/runner/work/key/key/key.core/../key.ui/examples/heap/permissions/threads/BFilter_startTransfer_contract.key 
279354     INFO  main            d.u.i.k.p.i.AbstractProblemLoader Loading environment from /home/runner/work/key/key/key.core/../key.ui/examples/heap/permissions/threads/BFilter_startTransfer_contract.key 
279354     DEBUG main            d.u.i.k.p.i.AbstractProblemLoader Environment load took 151.5ns 
279354     WARN  main            d.u.i.k.n.ParsingFacade   /home/runner/work/key/key/key.core/../key.ui/examples/heap/permissions/threads/BFilter_startTransfer_contract.key took 0 ms to parse. 
279354     WARN  main            d.u.i.k.n.ParsingFacade   Parsing time 788 ms. 
279355     INFO  main            d.u.i.k.p.i.AbstractProblemLoader Creating init config 
280425     WARN  main            d.u.i.k.n.ParsingFacade   file:/home/runner/work/key/key/key.core/build/resources/main/de/uka/ilkd/key/java/JavaRedux/java/lang/String.key took 1 ms to parse. 
280425     WARN  main            d.u.i.k.n.ParsingFacade   Parsing time 789 ms. 
283921     DEBUG main            d.u.i.k.p.i.AbstractProblemLoader Init config took 4.57s 
284002     INFO  main            d.u.i.k.p.i.AbstractProblemLoader Replaying proof BFilter[ThreadSpec2::startTransfer()].JML model_behavior operation contract.0 
284004     DEBUG main            d.u.i.k.p.i.IntermediateProofReplayer Proof replay took 6.9ns 
284004     WARN  main            d.u.i.k.n.ParsingFacade   /home/runner/work/key/key/key.core/../key.ui/examples/heap/permissions/threads/BFilter_startTransfer_contract.key took 0 ms to parse. 
284004     WARN  main            d.u.i.k.n.ParsingFacade   Parsing time 789 ms. 
285013     INFO  main            d.u.i.k.p.r.p.TestFile    ... finished proof: closed. 
285339     INFO  main            d.u.i.k.p.i.AbstractProblemLoader Loading environment from /home/runner/work/key/key/key.core/../key.ui/examples/heap/permissions/threads/BFilter_startTransfer_contract.key.proof 
285340     DEBUG main            d.u.i.k.p.i.AbstractProblemLoader Environment load took 341.91ns 
285340     WARN  main            d.u.i.k.n.ParsingFacade   /home/runner/work/key/key/key.core/../key.ui/examples/heap/permissions/threads/BFilter_startTransfer_contract.key.proof took 0 ms to parse. 
285340     WARN  main            d.u.i.k.n.ParsingFacade   Parsing time 789 ms. 
285341     INFO  main            d.u.i.k.p.i.AbstractProblemLoader Creating init config 
286390     WARN  main            d.u.i.k.n.ParsingFacade   file:/home/runner/work/key/key/key.core/build/resources/main/de/uka/ilkd/key/java/JavaRedux/java/lang/String.key took 1 ms to parse. 
286390     WARN  main            d.u.i.k.n.ParsingFacade   Parsing time 790 ms. 
289793     DEBUG main            d.u.i.k.p.i.AbstractProblemLoader Init config took 4.45s 
289874     INFO  main            d.u.i.k.p.i.AbstractProblemLoader Replaying proof BFilter[ThreadSpec2::startTransfer()].JML model_behavior operation contract.0 
289972     DEBUG main            d.u.i.k.p.i.IntermediateProofReplayer Proof replay took 91.66ms 
289973     WARN  main            d.u.i.k.n.ParsingFacade   /home/runner/work/key/key/key.core/../key.ui/examples/heap/permissions/threads/BFilter_startTransfer_contract.key.proof took 0 ms to parse. 
289973     WARN  main            d.u.i.k.n.ParsingFacade   Parsing time 790 ms. 
289974     DEBUG main            d.u.i.k.p.r.p.TestFile    ... success: reloaded. 
289975     INFO  main            d.u.i.k.p.r.p.TestFile    Now processing file /home/runner/work/key/key/key.core/../key.ui/examples/heap/permissions/threads/BFilter_stateInv_accessible.key 
289975     INFO  main            d.u.i.k.p.i.AbstractProblemLoader Loading environment from /home/runner/work/key/key/key.core/../key.ui/examples/heap/permissions/threads/BFilter_stateInv_accessible.key 
289975     DEBUG main            d.u.i.k.p.i.AbstractProblemLoader Environment load took 146ns 
289975     WARN  main            d.u.i.k.n.ParsingFacade   /home/runner/work/key/key/key.core/../key.ui/examples/heap/permissions/threads/BFilter_stateInv_accessible.key took 0 ms to parse. 
289976     WARN  main            d.u.i.k.n.ParsingFacade   Parsing time 790 ms. 
289976     INFO  main            d.u.i.k.p.i.AbstractProblemLoader Creating init config 
291035     WARN  main            d.u.i.k.n.ParsingFacade   file:/home/runner/work/key/key/key.core/build/resources/main/de/uka/ilkd/key/java/JavaRedux/java/lang/String.key took 1 ms to parse. 
291035     WARN  main            d.u.i.k.n.ParsingFacade   Parsing time 791 ms. 
294490     DEBUG main            d.u.i.k.p.i.AbstractProblemLoader Init config took 4.51s 
294588     INFO  main            d.u.i.k.p.i.AbstractProblemLoader Replaying proof BFilter[ThreadSpec2::stateInv()].JML accessible clause.0 
294589     DEBUG main            d.u.i.k.p.i.IntermediateProofReplayer Proof replay took 5.7ns 
294590     WARN  main            d.u.i.k.n.ParsingFacade   /home/runner/work/key/key/key.core/../key.ui/examples/heap/permissions/threads/BFilter_stateInv_accessible.key took 0 ms to parse. 
294590     WARN  main            d.u.i.k.n.ParsingFacade   Parsing time 791 ms. 
294895     INFO  main            d.u.i.k.p.r.p.TestFile    ... finished proof: closed. 
295277     INFO  main            d.u.i.k.p.i.AbstractProblemLoader Loading environment from /home/runner/work/key/key/key.core/../key.ui/examples/heap/permissions/threads/BFilter_stateInv_accessible.key.proof 
295277     DEBUG main            d.u.i.k.p.i.AbstractProblemLoader Environment load took 77.1ns 
295277     WARN  main            d.u.i.k.n.ParsingFacade   /home/runner/work/key/key/key.core/../key.ui/examples/heap/permissions/threads/BFilter_stateInv_accessible.key.proof took 0 ms to parse. 
295277     WARN  main            d.u.i.k.n.ParsingFacade   Parsing time 791 ms. 
295278     INFO  main            d.u.i.k.p.i.AbstractProblemLoader Creating init config 
296323     WARN  main            d.u.i.k.n.ParsingFacade   file:/home/runner/work/key/key/key.core/build/resources/main/de/uka/ilkd/key/java/JavaRedux/java/lang/String.key took 1 ms to parse. 
296323     WARN  main            d.u.i.k.n.ParsingFacade   Parsing time 792 ms. 
299723     DEBUG main            d.u.i.k.p.i.AbstractProblemLoader Init config took 4.45s 
299807     INFO  main            d.u.i.k.p.i.AbstractProblemLoader Replaying proof BFilter[ThreadSpec2::stateInv()].JML accessible clause.0 
299845     DEBUG main            d.u.i.k.p.i.IntermediateProofReplayer Proof replay took 32.04ms 
299845     WARN  main            d.u.i.k.n.ParsingFacade   /home/runner/work/key/key/key.core/../key.ui/examples/heap/permissions/threads/BFilter_stateInv_accessible.key.proof took 0 ms to parse. 
299845     WARN  main            d.u.i.k.n.ParsingFacade   Parsing time 792 ms. 
299846     DEBUG main            d.u.i.k.p.r.p.TestFile    ... success: reloaded. 
299847     INFO  main            d.u.i.k.p.r.p.TestFile    Now processing file /home/runner/work/key/key/key.core/../key.ui/examples/heap/permissions/threads/BFilter_staticPermissions_accessible.key 
299847     INFO  main            d.u.i.k.p.i.AbstractProblemLoader Loading environment from /home/runner/work/key/key/key.core/../key.ui/examples/heap/permissions/threads/BFilter_staticPermissions_accessible.key 
299847     DEBUG main            d.u.i.k.p.i.AbstractProblemLoader Environment load took 143.8ns 
299847     WARN  main            d.u.i.k.n.ParsingFacade   /home/runner/work/key/key/key.core/../key.ui/examples/heap/permissions/threads/BFilter_staticPermissions_accessible.key took 0 ms to parse. 
299847     WARN  main            d.u.i.k.n.ParsingFacade   Parsing time 792 ms. 
299848     INFO  main            d.u.i.k.p.i.AbstractProblemLoader Creating init config 
300927     WARN  main            d.u.i.k.n.ParsingFacade   file:/home/runner/work/key/key/key.core/build/resources/main/de/uka/ilkd/key/java/JavaRedux/java/lang/String.key took 1 ms to parse. 
300927     WARN  main            d.u.i.k.n.ParsingFacade   Parsing time 793 ms. 
304380     DEBUG main            d.u.i.k.p.i.AbstractProblemLoader Init config took 4.53s 
304461     INFO  main            d.u.i.k.p.i.AbstractProblemLoader Replaying proof BFilter[ThreadSpec2::staticPermissions()].JML accessible clause.0 
304462     DEBUG main            d.u.i.k.p.i.IntermediateProofReplayer Proof replay took 6.1ns 
304462     WARN  main            d.u.i.k.n.ParsingFacade   /home/runner/work/key/key/key.core/../key.ui/examples/heap/permissions/threads/BFilter_staticPermissions_accessible.key took 0 ms to parse. 
304462     WARN  main            d.u.i.k.n.ParsingFacade   Parsing time 793 ms. 
304566     INFO  main            d.u.i.k.p.r.p.TestFile    ... finished proof: closed. 
304914     INFO  main            d.u.i.k.p.i.AbstractProblemLoader Loading environment from /home/runner/work/key/key/key.core/../key.ui/examples/heap/permissions/threads/BFilter_staticPermissions_accessible.key.proof 
304914     DEBUG main            d.u.i.k.p.i.AbstractProblemLoader Environment load took 75.8ns 
304914     WARN  main            d.u.i.k.n.ParsingFacade   /home/runner/work/key/key/key.core/../key.ui/examples/heap/permissions/threads/BFilter_staticPermissions_accessible.key.proof took 0 ms to parse. 
304914     WARN  main            d.u.i.k.n.ParsingFacade   Parsing time 793 ms. 
304915     INFO  main            d.u.i.k.p.i.AbstractProblemLoader Creating init config 
305958     WARN  main            d.u.i.k.n.ParsingFacade   file:/home/runner/work/key/key/key.core/build/resources/main/de/uka/ilkd/key/java/JavaRedux/java/lang/String.key took 1 ms to parse. 
305958     WARN  main            d.u.i.k.n.ParsingFacade   Parsing time 794 ms. 
309347     DEBUG main            d.u.i.k.p.i.AbstractProblemLoader Init config took 4.43s 
309427     INFO  main            d.u.i.k.p.i.AbstractProblemLoader Replaying proof BFilter[ThreadSpec2::staticPermissions()].JML accessible clause.0 
309437     DEBUG main            d.u.i.k.p.i.IntermediateProofReplayer Proof replay took 8.22ms 
309437     WARN  main            d.u.i.k.n.ParsingFacade   /home/runner/work/key/key/key.core/../key.ui/examples/heap/permissions/threads/BFilter_staticPermissions_accessible.key.proof took 0 ms to parse. 
309437     WARN  main            d.u.i.k.n.ParsingFacade   Parsing time 794 ms. 
309438     DEBUG main            d.u.i.k.p.r.p.TestFile    ... success: reloaded. 
309438     INFO  main            d.u.i.k.p.r.p.TestFile    Now processing file /home/runner/work/key/key/key.core/../key.ui/examples/heap/permissions/threads/BFilter_workingPermissions_accessible.key 
309439     INFO  main            d.u.i.k.p.i.AbstractProblemLoader Loading environment from /home/runner/work/key/key/key.core/../key.ui/examples/heap/permissions/threads/BFilter_workingPermissions_accessible.key 
309439     DEBUG main            d.u.i.k.p.i.AbstractProblemLoader Environment load took 53.8ns 
309439     WARN  main            d.u.i.k.n.ParsingFacade   /home/runner/work/key/key/key.core/../key.ui/examples/heap/permissions/threads/BFilter_workingPermissions_accessible.key took 0 ms to parse. 
309439     WARN  main            d.u.i.k.n.ParsingFacade   Parsing time 794 ms. 
309439     INFO  main            d.u.i.k.p.i.AbstractProblemLoader Creating init config 
310521     WARN  main            d.u.i.k.n.ParsingFacade   file:/home/runner/work/key/key/key.core/build/resources/main/de/uka/ilkd/key/java/JavaRedux/java/lang/String.key took 1 ms to parse. 
310521     WARN  main            d.u.i.k.n.ParsingFacade   Parsing time 795 ms. 
313972     DEBUG main            d.u.i.k.p.i.AbstractProblemLoader Init config took 4.53s 
314052     INFO  main            d.u.i.k.p.i.AbstractProblemLoader Replaying proof BFilter[ThreadSpec2::workingPermissions()].JML accessible clause.0 
314054     DEBUG main            d.u.i.k.p.i.IntermediateProofReplayer Proof replay took 6.4ns 
314054     WARN  main            d.u.i.k.n.ParsingFacade   /home/runner/work/key/key/key.core/../key.ui/examples/heap/permissions/threads/BFilter_workingPermissions_accessible.key took 0 ms to parse. 
314054     WARN  main            d.u.i.k.n.ParsingFacade   Parsing time 795 ms. 
314155     INFO  main            d.u.i.k.p.r.p.TestFile    ... finished proof: closed. 
314502     INFO  main            d.u.i.k.p.i.AbstractProblemLoader Loading environment from /home/runner/work/key/key/key.core/../key.ui/examples/heap/permissions/threads/BFilter_workingPermissions_accessible.key.proof 
314502     DEBUG main            d.u.i.k.p.i.AbstractProblemLoader Environment load took 81.9ns 
314502     WARN  main            d.u.i.k.n.ParsingFacade   /home/runner/work/key/key/key.core/../key.ui/examples/heap/permissions/threads/BFilter_workingPermissions_accessible.key.proof took 0 ms to parse. 
314502     WARN  main            d.u.i.k.n.ParsingFacade   Parsing time 795 ms. 
314503     INFO  main            d.u.i.k.p.i.AbstractProblemLoader Creating init config 
315546     WARN  main            d.u.i.k.n.ParsingFacade   file:/home/runner/work/key/key/key.core/build/resources/main/de/uka/ilkd/key/java/JavaRedux/java/lang/String.key took 1 ms to parse. 
315546     WARN  main            d.u.i.k.n.ParsingFacade   Parsing time 796 ms. 
318971     DEBUG main            d.u.i.k.p.i.AbstractProblemLoader Init config took 4.47s 
319051     INFO  main            d.u.i.k.p.i.AbstractProblemLoader Replaying proof BFilter[ThreadSpec2::workingPermissions()].JML accessible clause.0 
319060     DEBUG main            d.u.i.k.p.i.IntermediateProofReplayer Proof replay took 7.14ms 
319060     WARN  main            d.u.i.k.n.ParsingFacade   /home/runner/work/key/key/key.core/../key.ui/examples/heap/permissions/threads/BFilter_workingPermissions_accessible.key.proof took 0 ms to parse. 
319060     WARN  main            d.u.i.k.n.ParsingFacade   Parsing time 796 ms. 
319061     DEBUG main            d.u.i.k.p.r.p.TestFile    ... success: reloaded. 
319062     INFO  main            d.u.i.k.p.r.p.TestFile    Now processing file /home/runner/work/key/key/key.core/../key.ui/examples/heap/permissions/threads/Fib_Fib.key 
319062     INFO  main            d.u.i.k.p.i.AbstractProblemLoader Loading environment from /home/runner/work/key/key/key.core/../key.ui/examples/heap/permissions/threads/Fib_Fib.key 
319062     DEBUG main            d.u.i.k.p.i.AbstractProblemLoader Environment load took 78.6ns 
319062     WARN  main            d.u.i.k.n.ParsingFacade   /home/runner/work/key/key/key.core/../key.ui/examples/heap/permissions/threads/Fib_Fib.key took 0 ms to parse. 
319062     WARN  main            d.u.i.k.n.ParsingFacade   Parsing time 796 ms. 
319063     INFO  main            d.u.i.k.p.i.AbstractProblemLoader Creating init config 
320130     WARN  main            d.u.i.k.n.ParsingFacade   file:/home/runner/work/key/key/key.core/build/resources/main/de/uka/ilkd/key/java/JavaRedux/java/lang/String.key took 1 ms to parse. 
320130     WARN  main            d.u.i.k.n.ParsingFacade   Parsing time 797 ms. 
323562     DEBUG main            d.u.i.k.p.i.AbstractProblemLoader Init config took 4.5s 
323644     INFO  main            d.u.i.k.p.i.AbstractProblemLoader Replaying proof Fib[Fib::Fib(int)].JML normal_behavior operation contract.0 
323645     DEBUG main            d.u.i.k.p.i.IntermediateProofReplayer Proof replay took 7.4ns 
323645     WARN  main            d.u.i.k.n.ParsingFacade   /home/runner/work/key/key/key.core/../key.ui/examples/heap/permissions/threads/Fib_Fib.key took 0 ms to parse. 
323645     WARN  main            d.u.i.k.n.ParsingFacade   Parsing time 797 ms. 
324248     INFO  main            d.u.i.k.p.r.p.TestFile    ... finished proof: closed. 
324641     INFO  main            d.u.i.k.p.i.AbstractProblemLoader Loading environment from /home/runner/work/key/key/key.core/../key.ui/examples/heap/permissions/threads/Fib_Fib.key.proof 
324641     DEBUG main            d.u.i.k.p.i.AbstractProblemLoader Environment load took 82.4ns 
324642     WARN  main            d.u.i.k.n.ParsingFacade   /home/runner/work/key/key/key.core/../key.ui/examples/heap/permissions/threads/Fib_Fib.key.proof took 0 ms to parse. 
324642     WARN  main            d.u.i.k.n.ParsingFacade   Parsing time 797 ms. 
324643     INFO  main            d.u.i.k.p.i.AbstractProblemLoader Creating init config 
325680     WARN  main            d.u.i.k.n.ParsingFacade   file:/home/runner/work/key/key/key.core/build/resources/main/de/uka/ilkd/key/java/JavaRedux/java/lang/String.key took 1 ms to parse. 
325680     WARN  main            d.u.i.k.n.ParsingFacade   Parsing time 798 ms. 
329057     DEBUG main            d.u.i.k.p.i.AbstractProblemLoader Init config took 4.41s 
329138     INFO  main            d.u.i.k.p.i.AbstractProblemLoader Replaying proof Fib[Fib::Fib(int)].JML normal_behavior operation contract.0 
329240     DEBUG main            d.u.i.k.p.i.IntermediateProofReplayer Proof replay took 90.74ms 
329240     WARN  main            d.u.i.k.n.ParsingFacade   /home/runner/work/key/key/key.core/../key.ui/examples/heap/permissions/threads/Fib_Fib.key.proof took 0 ms to parse. 
329240     WARN  main            d.u.i.k.n.ParsingFacade   Parsing time 798 ms. 
329241     DEBUG main            d.u.i.k.p.r.p.TestFile    ... success: reloaded. 
329242     INFO  main            d.u.i.k.p.r.p.TestFile    Now processing file /home/runner/work/key/key/key.core/../key.ui/examples/heap/permissions/threads/Fib_initPost_accessible.key 
329242     INFO  main            d.u.i.k.p.i.AbstractProblemLoader Loading environment from /home/runner/work/key/key/key.core/../key.ui/examples/heap/permissions/threads/Fib_initPost_accessible.key 
329242     DEBUG main            d.u.i.k.p.i.AbstractProblemLoader Environment load took 72.5ns 
329242     WARN  main            d.u.i.k.n.ParsingFacade   /home/runner/work/key/key/key.core/../key.ui/examples/heap/permissions/threads/Fib_initPost_accessible.key took 0 ms to parse. 
329242     WARN  main            d.u.i.k.n.ParsingFacade   Parsing time 798 ms. 
329243     INFO  main            d.u.i.k.p.i.AbstractProblemLoader Creating init config 
330312     WARN  main            d.u.i.k.n.ParsingFacade   file:/home/runner/work/key/key/key.core/build/resources/main/de/uka/ilkd/key/java/JavaRedux/java/lang/String.key took 1 ms to parse. 
330312     WARN  main            d.u.i.k.n.ParsingFacade   Parsing time 799 ms. 
333737     DEBUG main            d.u.i.k.p.i.AbstractProblemLoader Init config took 4.49s 
333840     INFO  main            d.u.i.k.p.i.AbstractProblemLoader Replaying proof Fib[ThreadSpec::initPost()].JML accessible clause.0 
333841     DEBUG main            d.u.i.k.p.i.IntermediateProofReplayer Proof replay took 7.3ns 
333841     WARN  main            d.u.i.k.n.ParsingFacade   /home/runner/work/key/key/key.core/../key.ui/examples/heap/permissions/threads/Fib_initPost_accessible.key took 0 ms to parse. 
333841     WARN  main            d.u.i.k.n.ParsingFacade   Parsing time 799 ms. 
333943     INFO  main            d.u.i.k.p.r.p.TestFile    ... finished proof: closed. 
334304     INFO  main            d.u.i.k.p.i.AbstractProblemLoader Loading environment from /home/runner/work/key/key/key.core/../key.ui/examples/heap/permissions/threads/Fib_initPost_accessible.key.proof 
334304     DEBUG main            d.u.i.k.p.i.AbstractProblemLoader Environment load took 89.2ns 
334304     WARN  main            d.u.i.k.n.ParsingFacade   /home/runner/work/key/key/key.core/../key.ui/examples/heap/permissions/threads/Fib_initPost_accessible.key.proof took 0 ms to parse. 
334304     WARN  main            d.u.i.k.n.ParsingFacade   Parsing time 799 ms. 
334305     INFO  main            d.u.i.k.p.i.AbstractProblemLoader Creating init config 
335340     WARN  main            d.u.i.k.n.ParsingFacade   file:/home/runner/work/key/key/key.core/build/resources/main/de/uka/ilkd/key/java/JavaRedux/java/lang/String.key took 1 ms to parse. 
335340     WARN  main            d.u.i.k.n.ParsingFacade   Parsing time 800 ms. 
338714     DEBUG main            d.u.i.k.p.i.AbstractProblemLoader Init config took 4.41s 
338794     INFO  main            d.u.i.k.p.i.AbstractProblemLoader Replaying proof Fib[ThreadSpec::initPost()].JML accessible clause.0 
338800     DEBUG main            d.u.i.k.p.i.IntermediateProofReplayer Proof replay took 4.72ms 
338801     WARN  main            d.u.i.k.n.ParsingFacade   /home/runner/work/key/key/key.core/../key.ui/examples/heap/permissions/threads/Fib_initPost_accessible.key.proof took 0 ms to parse. 
338801     WARN  main            d.u.i.k.n.ParsingFacade   Parsing time 800 ms. 
338801     DEBUG main            d.u.i.k.p.r.p.TestFile    ... success: reloaded. 
338802     INFO  main            d.u.i.k.p.r.p.TestFile    Now processing file /home/runner/work/key/key/key.core/../key.ui/examples/heap/permissions/threads/Fib_inv1_accessible.key 
338802     INFO  main            d.u.i.k.p.i.AbstractProblemLoader Loading environment from /home/runner/work/key/key/key.core/../key.ui/examples/heap/permissions/threads/Fib_inv1_accessible.key 
338802     DEBUG main            d.u.i.k.p.i.AbstractProblemLoader Environment load took 83.6ns 
338802     WARN  main            d.u.i.k.n.ParsingFacade   /home/runner/work/key/key/key.core/../key.ui/examples/heap/permissions/threads/Fib_inv1_accessible.key took 0 ms to parse. 
338802     WARN  main            d.u.i.k.n.ParsingFacade   Parsing time 800 ms. 
338803     INFO  main            d.u.i.k.p.i.AbstractProblemLoader Creating init config 
339860     WARN  main            d.u.i.k.n.ParsingFacade   file:/home/runner/work/key/key/key.core/build/resources/main/de/uka/ilkd/key/java/JavaRedux/java/lang/String.key took 1 ms to parse. 
339860     WARN  main            d.u.i.k.n.ParsingFacade   Parsing time 801 ms. 
343272     DEBUG main            d.u.i.k.p.i.AbstractProblemLoader Init config took 4.47s 
343372     INFO  main            d.u.i.k.p.i.AbstractProblemLoader Replaying proof Fib[java.lang.Object::<inv>()].JML accessible clause.0 
343373     DEBUG main            d.u.i.k.p.i.IntermediateProofReplayer Proof replay took 6.6ns 
343373     WARN  main            d.u.i.k.n.ParsingFacade   /home/runner/work/key/key/key.core/../key.ui/examples/heap/permissions/threads/Fib_inv1_accessible.key took 0 ms to parse. 
343373     WARN  main            d.u.i.k.n.ParsingFacade   Parsing time 801 ms. 
343474     INFO  main            d.u.i.k.p.r.p.TestFile    ... finished proof: closed. 
343841     INFO  main            d.u.i.k.p.i.AbstractProblemLoader Loading environment from /home/runner/work/key/key/key.core/../key.ui/examples/heap/permissions/threads/Fib_inv1_accessible.key.proof 
343841     DEBUG main            d.u.i.k.p.i.AbstractProblemLoader Environment load took 72.8ns 
343841     WARN  main            d.u.i.k.n.ParsingFacade   /home/runner/work/key/key/key.core/../key.ui/examples/heap/permissions/threads/Fib_inv1_accessible.key.proof took 0 ms to parse. 
343841     WARN  main            d.u.i.k.n.ParsingFacade   Parsing time 801 ms. 
343842     INFO  main            d.u.i.k.p.i.AbstractProblemLoader Creating init config 
344874     WARN  main            d.u.i.k.n.ParsingFacade   file:/home/runner/work/key/key/key.core/build/resources/main/de/uka/ilkd/key/java/JavaRedux/java/lang/String.key took 1 ms to parse. 
344874     WARN  main            d.u.i.k.n.ParsingFacade   Parsing time 802 ms. 
348247     DEBUG main            d.u.i.k.p.i.AbstractProblemLoader Init config took 4.41s 
348328     INFO  main            d.u.i.k.p.i.AbstractProblemLoader Replaying proof Fib[java.lang.Object::<inv>()].JML accessible clause.0 
348330     DEBUG main            d.u.i.k.p.i.IntermediateProofReplayer Proof replay took 1.6ms 
348331     WARN  main            d.u.i.k.n.ParsingFacade   /home/runner/work/key/key/key.core/../key.ui/examples/heap/permissions/threads/Fib_inv1_accessible.key.proof took 0 ms to parse. 
348331     WARN  main            d.u.i.k.n.ParsingFacade   Parsing time 802 ms. 
348331     DEBUG main            d.u.i.k.p.r.p.TestFile    ... success: reloaded. 
348332     INFO  main            d.u.i.k.p.r.p.TestFile    Now processing file /home/runner/work/key/key/key.core/../key.ui/examples/heap/permissions/threads/Fib_inv2_accessible.key 
348332     INFO  main            d.u.i.k.p.i.AbstractProblemLoader Loading environment from /home/runner/work/key/key/key.core/../key.ui/examples/heap/permissions/threads/Fib_inv2_accessible.key 
348332     DEBUG main            d.u.i.k.p.i.AbstractProblemLoader Environment load took 66.1ns 
348332     WARN  main            d.u.i.k.n.ParsingFacade   /home/runner/work/key/key/key.core/../key.ui/examples/heap/permissions/threads/Fib_inv2_accessible.key took 0 ms to parse. 
348332     WARN  main            d.u.i.k.n.ParsingFacade   Parsing time 802 ms. 
348333     INFO  main            d.u.i.k.p.i.AbstractProblemLoader Creating init config 
349393     WARN  main            d.u.i.k.n.ParsingFacade   file:/home/runner/work/key/key/key.core/build/resources/main/de/uka/ilkd/key/java/JavaRedux/java/lang/String.key took 1 ms to parse. 
349393     WARN  main            d.u.i.k.n.ParsingFacade   Parsing time 803 ms. 
352837     DEBUG main            d.u.i.k.p.i.AbstractProblemLoader Init config took 4.5s 
352917     INFO  main            d.u.i.k.p.i.AbstractProblemLoader Replaying proof Fib[java.lang.Object::<inv>()].JML accessible clause.1 
352918     DEBUG main            d.u.i.k.p.i.IntermediateProofReplayer Proof replay took 6.4ns 
352919     WARN  main            d.u.i.k.n.ParsingFacade   /home/runner/work/key/key/key.core/../key.ui/examples/heap/permissions/threads/Fib_inv2_accessible.key took 0 ms to parse. 
352919     WARN  main            d.u.i.k.n.ParsingFacade   Parsing time 803 ms. 
353020     INFO  main            d.u.i.k.p.r.p.TestFile    ... finished proof: closed. 
353396     INFO  main            d.u.i.k.p.i.AbstractProblemLoader Loading environment from /home/runner/work/key/key/key.core/../key.ui/examples/heap/permissions/threads/Fib_inv2_accessible.key.proof 
353396     DEBUG main            d.u.i.k.p.i.AbstractProblemLoader Environment load took 77.5ns 
353396     WARN  main            d.u.i.k.n.ParsingFacade   /home/runner/work/key/key/key.core/../key.ui/examples/heap/permissions/threads/Fib_inv2_accessible.key.proof took 0 ms to parse. 
353396     WARN  main            d.u.i.k.n.ParsingFacade   Parsing time 803 ms. 
353397     INFO  main            d.u.i.k.p.i.AbstractProblemLoader Creating init config 
354434     WARN  main            d.u.i.k.n.ParsingFacade   file:/home/runner/work/key/key/key.core/build/resources/main/de/uka/ilkd/key/java/JavaRedux/java/lang/String.key took 1 ms to parse. 
354434     WARN  main            d.u.i.k.n.ParsingFacade   Parsing time 804 ms. 
357822     DEBUG main            d.u.i.k.p.i.AbstractProblemLoader Init config took 4.42s 
357902     INFO  main            d.u.i.k.p.i.AbstractProblemLoader Replaying proof Fib[java.lang.Object::<inv>()].JML accessible clause.1 
357904     DEBUG main            d.u.i.k.p.i.IntermediateProofReplayer Proof replay took 1.55ms 
357905     WARN  main            d.u.i.k.n.ParsingFacade   /home/runner/work/key/key/key.core/../key.ui/examples/heap/permissions/threads/Fib_inv2_accessible.key.proof took 0 ms to parse. 
357905     WARN  main            d.u.i.k.n.ParsingFacade   Parsing time 804 ms. 
357905     DEBUG main            d.u.i.k.p.r.p.TestFile    ... success: reloaded. 
357906     INFO  main            d.u.i.k.p.r.p.TestFile    Now processing file /home/runner/work/key/key/key.core/../key.ui/examples/heap/permissions/threads/Fib_joinTransfer_accessible.key 
357906     INFO  main            d.u.i.k.p.i.AbstractProblemLoader Loading environment from /home/runner/work/key/key/key.core/../key.ui/examples/heap/permissions/threads/Fib_joinTransfer_accessible.key 
357906     DEBUG main            d.u.i.k.p.i.AbstractProblemLoader Environment load took 71.3ns 
357906     WARN  main            d.u.i.k.n.ParsingFacade   /home/runner/work/key/key/key.core/../key.ui/examples/heap/permissions/threads/Fib_joinTransfer_accessible.key took 0 ms to parse. 
357907     WARN  main            d.u.i.k.n.ParsingFacade   Parsing time 804 ms. 
357907     INFO  main            d.u.i.k.p.i.AbstractProblemLoader Creating init config 
358969     WARN  main            d.u.i.k.n.ParsingFacade   file:/home/runner/work/key/key/key.core/build/resources/main/de/uka/ilkd/key/java/JavaRedux/java/lang/String.key took 1 ms to parse. 
358969     WARN  main            d.u.i.k.n.ParsingFacade   Parsing time 805 ms. 
362400     DEBUG main            d.u.i.k.p.i.AbstractProblemLoader Init config took 4.49s 
362480     INFO  main            d.u.i.k.p.i.AbstractProblemLoader Replaying proof Fib[ThreadSpec::joinTransfer()].JML accessible clause.0 
362481     DEBUG main            d.u.i.k.p.i.IntermediateProofReplayer Proof replay took 7.4ns 
362481     WARN  main            d.u.i.k.n.ParsingFacade   /home/runner/work/key/key/key.core/../key.ui/examples/heap/permissions/threads/Fib_joinTransfer_accessible.key took 0 ms to parse. 
362481     WARN  main            d.u.i.k.n.ParsingFacade   Parsing time 805 ms. 
362683     INFO  main            d.u.i.k.p.r.p.TestFile    ... finished proof: closed. 
363074     INFO  main            d.u.i.k.p.i.AbstractProblemLoader Loading environment from /home/runner/work/key/key/key.core/../key.ui/examples/heap/permissions/threads/Fib_joinTransfer_accessible.key.proof 
363075     DEBUG main            d.u.i.k.p.i.AbstractProblemLoader Environment load took 77.2ns 
363075     WARN  main            d.u.i.k.n.ParsingFacade   /home/runner/work/key/key/key.core/../key.ui/examples/heap/permissions/threads/Fib_joinTransfer_accessible.key.proof took 0 ms to parse. 
363075     WARN  main            d.u.i.k.n.ParsingFacade   Parsing time 805 ms. 
363075     INFO  main            d.u.i.k.p.i.AbstractProblemLoader Creating init config 
364109     WARN  main            d.u.i.k.n.ParsingFacade   file:/home/runner/work/key/key/key.core/build/resources/main/de/uka/ilkd/key/java/JavaRedux/java/lang/String.key took 1 ms to parse. 
364109     WARN  main            d.u.i.k.n.ParsingFacade   Parsing time 806 ms. 
367486     DEBUG main            d.u.i.k.p.i.AbstractProblemLoader Init config took 4.41s 
367566     INFO  main            d.u.i.k.p.i.AbstractProblemLoader Replaying proof Fib[ThreadSpec::joinTransfer()].JML accessible clause.0 
367593     DEBUG main            d.u.i.k.p.i.IntermediateProofReplayer Proof replay took 24.14ms 
367593     WARN  main            d.u.i.k.n.ParsingFacade   /home/runner/work/key/key/key.core/../key.ui/examples/heap/permissions/threads/Fib_joinTransfer_accessible.key.proof took 0 ms to parse. 
367593     WARN  main            d.u.i.k.n.ParsingFacade   Parsing time 806 ms. 
367594     DEBUG main            d.u.i.k.p.r.p.TestFile    ... success: reloaded. 
367595     INFO  main            d.u.i.k.p.r.p.TestFile    Now processing file /home/runner/work/key/key/key.core/../key.ui/examples/heap/permissions/threads/Fib_joinTransfer_contract.key 
367595     INFO  main            d.u.i.k.p.i.AbstractProblemLoader Loading environment from /home/runner/work/key/key/key.core/../key.ui/examples/heap/permissions/threads/Fib_joinTransfer_contract.key 
367595     DEBUG main            d.u.i.k.p.i.AbstractProblemLoader Environment load took 147.7ns 
367596     WARN  main            d.u.i.k.n.ParsingFacade   /home/runner/work/key/key/key.core/../key.ui/examples/heap/permissions/threads/Fib_joinTransfer_contract.key took 1 ms to parse. 
367596     WARN  main            d.u.i.k.n.ParsingFacade   Parsing time 807 ms. 
367596     INFO  main            d.u.i.k.p.i.AbstractProblemLoader Creating init config 
368652     WARN  main            d.u.i.k.n.ParsingFacade   file:/home/runner/work/key/key/key.core/build/resources/main/de/uka/ilkd/key/java/JavaRedux/java/lang/String.key took 1 ms to parse. 
368652     WARN  main            d.u.i.k.n.ParsingFacade   Parsing time 808 ms. 
372084     DEBUG main            d.u.i.k.p.i.AbstractProblemLoader Init config took 4.49s 
372164     INFO  main            d.u.i.k.p.i.AbstractProblemLoader Replaying proof Fib[ThreadSpec::joinTransfer()].JML model_behavior operation contract.0 
372165     DEBUG main            d.u.i.k.p.i.IntermediateProofReplayer Proof replay took 7ns 
372166     WARN  main            d.u.i.k.n.ParsingFacade   /home/runner/work/key/key/key.core/../key.ui/examples/heap/permissions/threads/Fib_joinTransfer_contract.key took 1 ms to parse. 
372166     WARN  main            d.u.i.k.n.ParsingFacade   Parsing time 809 ms. 
372270     INFO  main            d.u.i.k.p.r.p.TestFile    ... finished proof: closed. 
372655     INFO  main            d.u.i.k.p.i.AbstractProblemLoader Loading environment from /home/runner/work/key/key/key.core/../key.ui/examples/heap/permissions/threads/Fib_joinTransfer_contract.key.proof 
372655     DEBUG main            d.u.i.k.p.i.AbstractProblemLoader Environment load took 74.8ns 
372655     WARN  main            d.u.i.k.n.ParsingFacade   /home/runner/work/key/key/key.core/../key.ui/examples/heap/permissions/threads/Fib_joinTransfer_contract.key.proof took 0 ms to parse. 
372655     WARN  main            d.u.i.k.n.ParsingFacade   Parsing time 809 ms. 
372656     INFO  main            d.u.i.k.p.i.AbstractProblemLoader Creating init config 
373687     WARN  main            d.u.i.k.n.ParsingFacade   file:/home/runner/work/key/key/key.core/build/resources/main/de/uka/ilkd/key/java/JavaRedux/java/lang/String.key took 1 ms to parse. 
373687     WARN  main            d.u.i.k.n.ParsingFacade   Parsing time 810 ms. 
377068     DEBUG main            d.u.i.k.p.i.AbstractProblemLoader Init config took 4.41s 
377149     INFO  main            d.u.i.k.p.i.AbstractProblemLoader Replaying proof Fib[ThreadSpec::joinTransfer()].JML model_behavior operation contract.0 
377157     DEBUG main            d.u.i.k.p.i.IntermediateProofReplayer Proof replay took 6.06ms 
377157     WARN  main            d.u.i.k.n.ParsingFacade   /home/runner/work/key/key/key.core/../key.ui/examples/heap/permissions/threads/Fib_joinTransfer_contract.key.proof took 0 ms to parse. 
377157     WARN  main            d.u.i.k.n.ParsingFacade   Parsing time 810 ms. 
377158     DEBUG main            d.u.i.k.p.r.p.TestFile    ... success: reloaded. 
377159     INFO  main            d.u.i.k.p.r.p.TestFile    Now processing file /home/runner/work/key/key/key.core/../key.ui/examples/heap/permissions/threads/Fib_postJoin_accessible.key 
377159     INFO  main            d.u.i.k.p.i.AbstractProblemLoader Loading environment from /home/runner/work/key/key/key.core/../key.ui/examples/heap/permissions/threads/Fib_postJoin_accessible.key 
377159     DEBUG main            d.u.i.k.p.i.AbstractProblemLoader Environment load took 138.3ns 
377159     WARN  main            d.u.i.k.n.ParsingFacade   /home/runner/work/key/key/key.core/../key.ui/examples/heap/permissions/threads/Fib_postJoin_accessible.key took 0 ms to parse. 
377160     WARN  main            d.u.i.k.n.ParsingFacade   Parsing time 810 ms. 
377160     INFO  main            d.u.i.k.p.i.AbstractProblemLoader Creating init config 
378214     WARN  main            d.u.i.k.n.ParsingFacade   file:/home/runner/work/key/key/key.core/build/resources/main/de/uka/ilkd/key/java/JavaRedux/java/lang/String.key took 1 ms to parse. 
378214     WARN  main            d.u.i.k.n.ParsingFacade   Parsing time 811 ms. 
381654     DEBUG main            d.u.i.k.p.i.AbstractProblemLoader Init config took 4.49s 
381734     INFO  main            d.u.i.k.p.i.AbstractProblemLoader Replaying proof Fib[ThreadSpec::postJoin(java.lang.Object)].JML accessible clause.0 
381735     DEBUG main            d.u.i.k.p.i.IntermediateProofReplayer Proof replay took 7.1ns 
381735     WARN  main            d.u.i.k.n.ParsingFacade   /home/runner/work/key/key/key.core/../key.ui/examples/heap/permissions/threads/Fib_postJoin_accessible.key took 0 ms to parse. 
381735     WARN  main            d.u.i.k.n.ParsingFacade   Parsing time 811 ms. 
381836     INFO  main            d.u.i.k.p.r.p.TestFile    ... finished proof: closed. 
382229     INFO  main            d.u.i.k.p.i.AbstractProblemLoader Loading environment from /home/runner/work/key/key/key.core/../key.ui/examples/heap/permissions/threads/Fib_postJoin_accessible.key.proof 
382229     DEBUG main            d.u.i.k.p.i.AbstractProblemLoader Environment load took 79.1ns 
382229     WARN  main            d.u.i.k.n.ParsingFacade   /home/runner/work/key/key/key.core/../key.ui/examples/heap/permissions/threads/Fib_postJoin_accessible.key.proof took 0 ms to parse. 
382229     WARN  main            d.u.i.k.n.ParsingFacade   Parsing time 811 ms. 
382230     INFO  main            d.u.i.k.p.i.AbstractProblemLoader Creating init config 
383267     WARN  main            d.u.i.k.n.ParsingFacade   file:/home/runner/work/key/key/key.core/build/resources/main/de/uka/ilkd/key/java/JavaRedux/java/lang/String.key took 1 ms to parse. 
383267     WARN  main            d.u.i.k.n.ParsingFacade   Parsing time 812 ms. 
386646     DEBUG main            d.u.i.k.p.i.AbstractProblemLoader Init config took 4.42s 
386726     INFO  main            d.u.i.k.p.i.AbstractProblemLoader Replaying proof Fib[ThreadSpec::postJoin(java.lang.Object)].JML accessible clause.0 
386732     DEBUG main            d.u.i.k.p.i.IntermediateProofReplayer Proof replay took 4.83ms 
386732     WARN  main            d.u.i.k.n.ParsingFacade   /home/runner/work/key/key/key.core/../key.ui/examples/heap/permissions/threads/Fib_postJoin_accessible.key.proof took 0 ms to parse. 
386733     WARN  main            d.u.i.k.n.ParsingFacade   Parsing time 812 ms. 
386733     DEBUG main            d.u.i.k.p.r.p.TestFile    ... success: reloaded. 
386734     INFO  main            d.u.i.k.p.r.p.TestFile    Now processing file /home/runner/work/key/key/key.core/../key.ui/examples/heap/permissions/threads/Fib_preStart_accessible.key 
386734     INFO  main            d.u.i.k.p.i.AbstractProblemLoader Loading environment from /home/runner/work/key/key/key.core/../key.ui/examples/heap/permissions/threads/Fib_preStart_accessible.key 
386734     DEBUG main            d.u.i.k.p.i.AbstractProblemLoader Environment load took 63.5ns 
386734     WARN  main            d.u.i.k.n.ParsingFacade   /home/runner/work/key/key/key.core/../key.ui/examples/heap/permissions/threads/Fib_preStart_accessible.key took 0 ms to parse. 
386734     WARN  main            d.u.i.k.n.ParsingFacade   Parsing time 812 ms. 
386735     INFO  main            d.u.i.k.p.i.AbstractProblemLoader Creating init config 
387789     WARN  main            d.u.i.k.n.ParsingFacade   file:/home/runner/work/key/key/key.core/build/resources/main/de/uka/ilkd/key/java/JavaRedux/java/lang/String.key took 1 ms to parse. 
387789     WARN  main            d.u.i.k.n.ParsingFacade   Parsing time 813 ms. 
391224     DEBUG main            d.u.i.k.p.i.AbstractProblemLoader Init config took 4.49s 
391319     INFO  main            d.u.i.k.p.i.AbstractProblemLoader Replaying proof Fib[ThreadSpec::preStart(java.lang.Object)].JML accessible clause.0 
391320     DEBUG main            d.u.i.k.p.i.IntermediateProofReplayer Proof replay took 6.8ns 
391321     WARN  main            d.u.i.k.n.ParsingFacade   /home/runner/work/key/key/key.core/../key.ui/examples/heap/permissions/threads/Fib_preStart_accessible.key took 0 ms to parse. 
391321     WARN  main            d.u.i.k.n.ParsingFacade   Parsing time 813 ms. 
391422     INFO  main            d.u.i.k.p.r.p.TestFile    ... finished proof: closed. 
391822     INFO  main            d.u.i.k.p.i.AbstractProblemLoader Loading environment from /home/runner/work/key/key/key.core/../key.ui/examples/heap/permissions/threads/Fib_preStart_accessible.key.proof 
391822     DEBUG main            d.u.i.k.p.i.AbstractProblemLoader Environment load took 80ns 
391822     WARN  main            d.u.i.k.n.ParsingFacade   /home/runner/work/key/key/key.core/../key.ui/examples/heap/permissions/threads/Fib_preStart_accessible.key.proof took 0 ms to parse. 
391822     WARN  main            d.u.i.k.n.ParsingFacade   Parsing time 813 ms. 
391822     INFO  main            d.u.i.k.p.i.AbstractProblemLoader Creating init config 
392853     WARN  main            d.u.i.k.n.ParsingFacade   file:/home/runner/work/key/key/key.core/build/resources/main/de/uka/ilkd/key/java/JavaRedux/java/lang/String.key took 1 ms to parse. 
392853     WARN  main            d.u.i.k.n.ParsingFacade   Parsing time 814 ms. 
396232     DEBUG main            d.u.i.k.p.i.AbstractProblemLoader Init config took 4.41s 
396325     INFO  main            d.u.i.k.p.i.AbstractProblemLoader Replaying proof Fib[ThreadSpec::preStart(java.lang.Object)].JML accessible clause.0 
396331     DEBUG main            d.u.i.k.p.i.IntermediateProofReplayer Proof replay took 4.81ms 
396331     WARN  main            d.u.i.k.n.ParsingFacade   /home/runner/work/key/key/key.core/../key.ui/examples/heap/permissions/threads/Fib_preStart_accessible.key.proof took 0 ms to parse. 
396331     WARN  main            d.u.i.k.n.ParsingFacade   Parsing time 814 ms. 
396332     DEBUG main            d.u.i.k.p.r.p.TestFile    ... success: reloaded. 
396332     INFO  main            d.u.i.k.p.r.p.TestFile    Now processing file /home/runner/work/key/key/key.core/../key.ui/examples/heap/permissions/threads/Fib_startTransfer_accessible.key 
396332     INFO  main            d.u.i.k.p.i.AbstractProblemLoader Loading environment from /home/runner/work/key/key/key.core/../key.ui/examples/heap/permissions/threads/Fib_startTransfer_accessible.key 
396333     DEBUG main            d.u.i.k.p.i.AbstractProblemLoader Environment load took 80.1ns 
396333     WARN  main            d.u.i.k.n.ParsingFacade   /home/runner/work/key/key/key.core/../key.ui/examples/heap/permissions/threads/Fib_startTransfer_accessible.key took 0 ms to parse. 
396333     WARN  main            d.u.i.k.n.ParsingFacade   Parsing time 814 ms. 
396333     INFO  main            d.u.i.k.p.i.AbstractProblemLoader Creating init config 
397375     WARN  main            d.u.i.k.n.ParsingFacade   file:/home/runner/work/key/key/key.core/build/resources/main/de/uka/ilkd/key/java/JavaRedux/java/lang/String.key took 1 ms to parse. 
397375     WARN  main            d.u.i.k.n.ParsingFacade   Parsing time 815 ms. 
400825     DEBUG main            d.u.i.k.p.i.AbstractProblemLoader Init config took 4.49s 
400904     INFO  main            d.u.i.k.p.i.AbstractProblemLoader Replaying proof Fib[ThreadSpec::startTransfer()].JML accessible clause.0 
400905     DEBUG main            d.u.i.k.p.i.IntermediateProofReplayer Proof replay took 6.5ns 
400906     WARN  main            d.u.i.k.n.ParsingFacade   /home/runner/work/key/key/key.core/../key.ui/examples/heap/permissions/threads/Fib_startTransfer_accessible.key took 0 ms to parse. 
400906     WARN  main            d.u.i.k.n.ParsingFacade   Parsing time 815 ms. 
401107     INFO  main            d.u.i.k.p.r.p.TestFile    ... finished proof: closed. 
401529     INFO  main            d.u.i.k.p.i.AbstractProblemLoader Loading environment from /home/runner/work/key/key/key.core/../key.ui/examples/heap/permissions/threads/Fib_startTransfer_accessible.key.proof 
401529     DEBUG main            d.u.i.k.p.i.AbstractProblemLoader Environment load took 85.2ns 
401529     WARN  main            d.u.i.k.n.ParsingFacade   /home/runner/work/key/key/key.core/../key.ui/examples/heap/permissions/threads/Fib_startTransfer_accessible.key.proof took 0 ms to parse. 
401529     WARN  main            d.u.i.k.n.ParsingFacade   Parsing time 815 ms. 
401530     INFO  main            d.u.i.k.p.i.AbstractProblemLoader Creating init config 
402562     WARN  main            d.u.i.k.n.ParsingFacade   file:/home/runner/work/key/key/key.core/build/resources/main/de/uka/ilkd/key/java/JavaRedux/java/lang/String.key took 1 ms to parse. 
402562     WARN  main            d.u.i.k.n.ParsingFacade   Parsing time 816 ms. 
405937     DEBUG main            d.u.i.k.p.i.AbstractProblemLoader Init config took 4.41s 
406029     INFO  main            d.u.i.k.p.i.AbstractProblemLoader Replaying proof Fib[ThreadSpec::startTransfer()].JML accessible clause.0 
406067     DEBUG main            d.u.i.k.p.i.IntermediateProofReplayer Proof replay took 35.42ms 
406067     WARN  main            d.u.i.k.n.ParsingFacade   /home/runner/work/key/key/key.core/../key.ui/examples/heap/permissions/threads/Fib_startTransfer_accessible.key.proof took 0 ms to parse. 
406068     WARN  main            d.u.i.k.n.ParsingFacade   Parsing time 816 ms. 
406068     DEBUG main            d.u.i.k.p.r.p.TestFile    ... success: reloaded. 
406069     INFO  main            d.u.i.k.p.r.p.TestFile    Now processing file /home/runner/work/key/key/key.core/../key.ui/examples/heap/permissions/threads/Fib_startTransfer_contract.key 
406069     INFO  main            d.u.i.k.p.i.AbstractProblemLoader Loading environment from /home/runner/work/key/key/key.core/../key.ui/examples/heap/permissions/threads/Fib_startTransfer_contract.key 
406069     DEBUG main            d.u.i.k.p.i.AbstractProblemLoader Environment load took 177.8ns 
406070     WARN  main            d.u.i.k.n.ParsingFacade   /home/runner/work/key/key/key.core/../key.ui/examples/heap/permissions/threads/Fib_startTransfer_contract.key took 0 ms to parse. 
406070     WARN  main            d.u.i.k.n.ParsingFacade   Parsing time 816 ms. 
406070     INFO  main            d.u.i.k.p.i.AbstractProblemLoader Creating init config 
407130     WARN  main            d.u.i.k.n.ParsingFacade   file:/home/runner/work/key/key/key.core/build/resources/main/de/uka/ilkd/key/java/JavaRedux/java/lang/String.key took 1 ms to parse. 
407130     WARN  main            d.u.i.k.n.ParsingFacade   Parsing time 817 ms. 
410562     DEBUG main            d.u.i.k.p.i.AbstractProblemLoader Init config took 4.49s 
410643     INFO  main            d.u.i.k.p.i.AbstractProblemLoader Replaying proof Fib[ThreadSpec::startTransfer()].JML model_behavior operation contract.0 
410644     DEBUG main            d.u.i.k.p.i.IntermediateProofReplayer Proof replay took 7.1ns 
410644     WARN  main            d.u.i.k.n.ParsingFacade   /home/runner/work/key/key/key.core/../key.ui/examples/heap/permissions/threads/Fib_startTransfer_contract.key took 0 ms to parse. 
410644     WARN  main            d.u.i.k.n.ParsingFacade   Parsing time 817 ms. 
410746     INFO  main            d.u.i.k.p.r.p.TestFile    ... finished proof: closed. 
411161     INFO  main            d.u.i.k.p.i.AbstractProblemLoader Loading environment from /home/runner/work/key/key/key.core/../key.ui/examples/heap/permissions/threads/Fib_startTransfer_contract.key.proof 
411161     DEBUG main            d.u.i.k.p.i.AbstractProblemLoader Environment load took 76.7ns 
411161     WARN  main            d.u.i.k.n.ParsingFacade   /home/runner/work/key/key/key.core/../key.ui/examples/heap/permissions/threads/Fib_startTransfer_contract.key.proof took 0 ms to parse. 
411161     WARN  main            d.u.i.k.n.ParsingFacade   Parsing time 817 ms. 
411162     INFO  main            d.u.i.k.p.i.AbstractProblemLoader Creating init config 
412194     WARN  main            d.u.i.k.n.ParsingFacade   file:/home/runner/work/key/key/key.core/build/resources/main/de/uka/ilkd/key/java/JavaRedux/java/lang/String.key took 1 ms to parse. 
412194     WARN  main            d.u.i.k.n.ParsingFacade   Parsing time 818 ms. 
415583     DEBUG main            d.u.i.k.p.i.AbstractProblemLoader Init config took 4.42s 
415663     INFO  main            d.u.i.k.p.i.AbstractProblemLoader Replaying proof Fib[ThreadSpec::startTransfer()].JML model_behavior operation contract.0 
415671     DEBUG main            d.u.i.k.p.i.IntermediateProofReplayer Proof replay took 6.02ms 
415671     WARN  main            d.u.i.k.n.ParsingFacade   /home/runner/work/key/key/key.core/../key.ui/examples/heap/permissions/threads/Fib_startTransfer_contract.key.proof took 0 ms to parse. 
415671     WARN  main            d.u.i.k.n.ParsingFacade   Parsing time 818 ms. 
415671     DEBUG main            d.u.i.k.p.r.p.TestFile    ... success: reloaded. 
415672     INFO  main            d.u.i.k.p.r.p.TestFile    Now processing file /home/runner/work/key/key/key.core/../key.ui/examples/heap/permissions/threads/Fib_workingPermissions_accessible.key 
415672     INFO  main            d.u.i.k.p.i.AbstractProblemLoader Loading environment from /home/runner/work/key/key/key.core/../key.ui/examples/heap/permissions/threads/Fib_workingPermissions_accessible.key 
415672     DEBUG main            d.u.i.k.p.i.AbstractProblemLoader Environment load took 42.2ns 
415672     WARN  main            d.u.i.k.n.ParsingFacade   /home/runner/work/key/key/key.core/../key.ui/examples/heap/permissions/threads/Fib_workingPermissions_accessible.key took 0 ms to parse. 
415673     WARN  main            d.u.i.k.n.ParsingFacade   Parsing time 818 ms. 
415673     INFO  main            d.u.i.k.p.i.AbstractProblemLoader Creating init config 
416730     WARN  main            d.u.i.k.n.ParsingFacade   file:/home/runner/work/key/key/key.core/build/resources/main/de/uka/ilkd/key/java/JavaRedux/java/lang/String.key took 1 ms to parse. 
416730     WARN  main            d.u.i.k.n.ParsingFacade   Parsing time 819 ms. 
420173     DEBUG main            d.u.i.k.p.i.AbstractProblemLoader Init config took 4.5s 
420252     INFO  main            d.u.i.k.p.i.AbstractProblemLoader Replaying proof Fib[ThreadSpec::workingPermissions()].JML accessible clause.0 
420253     DEBUG main            d.u.i.k.p.i.IntermediateProofReplayer Proof replay took 7ns 
420253     WARN  main            d.u.i.k.n.ParsingFacade   /home/runner/work/key/key/key.core/../key.ui/examples/heap/permissions/threads/Fib_workingPermissions_accessible.key took 0 ms to parse. 
420253     WARN  main            d.u.i.k.n.ParsingFacade   Parsing time 819 ms. 
420358     INFO  main            d.u.i.k.p.r.p.TestFile    ... finished proof: closed. 
420774     INFO  main            d.u.i.k.p.i.AbstractProblemLoader Loading environment from /home/runner/work/key/key/key.core/../key.ui/examples/heap/permissions/threads/Fib_workingPermissions_accessible.key.proof 
420774     DEBUG main            d.u.i.k.p.i.AbstractProblemLoader Environment load took 76.4ns 
420774     WARN  main            d.u.i.k.n.ParsingFacade   /home/runner/work/key/key/key.core/../key.ui/examples/heap/permissions/threads/Fib_workingPermissions_accessible.key.proof took 0 ms to parse. 
420774     WARN  main            d.u.i.k.n.ParsingFacade   Parsing time 819 ms. 
420775     INFO  main            d.u.i.k.p.i.AbstractProblemLoader Creating init config 
421807     WARN  main            d.u.i.k.n.ParsingFacade   file:/home/runner/work/key/key/key.core/build/resources/main/de/uka/ilkd/key/java/JavaRedux/java/lang/String.key took 1 ms to parse. 
421807     WARN  main            d.u.i.k.n.ParsingFacade   Parsing time 820 ms. 
425214     DEBUG main            d.u.i.k.p.i.AbstractProblemLoader Init config took 4.44s 
425293     INFO  main            d.u.i.k.p.i.AbstractProblemLoader Replaying proof Fib[ThreadSpec::workingPermissions()].JML accessible clause.0 
425296     DEBUG main            d.u.i.k.p.i.IntermediateProofReplayer Proof replay took 2.01ms 
425297     WARN  main            d.u.i.k.n.ParsingFacade   /home/runner/work/key/key/key.core/../key.ui/examples/heap/permissions/threads/Fib_workingPermissions_accessible.key.proof took 0 ms to parse. 
425297     WARN  main            d.u.i.k.n.ParsingFacade   Parsing time 820 ms. 
425297     DEBUG main            d.u.i.k.p.r.p.TestFile    ... success: reloaded. 
425298     INFO  main            d.u.i.k.p.r.p.TestFile    Now processing file /home/runner/work/key/key/key.core/../key.ui/examples/heap/permissions/threads/Plotter_initPost_accessible.key 
425298     INFO  main            d.u.i.k.p.i.AbstractProblemLoader Loading environment from /home/runner/work/key/key/key.core/../key.ui/examples/heap/permissions/threads/Plotter_initPost_accessible.key 
425298     DEBUG main            d.u.i.k.p.i.AbstractProblemLoader Environment load took 72ns 
425298     WARN  main            d.u.i.k.n.ParsingFacade   /home/runner/work/key/key/key.core/../key.ui/examples/heap/permissions/threads/Plotter_initPost_accessible.key took 0 ms to parse. 
425298     WARN  main            d.u.i.k.n.ParsingFacade   Parsing time 820 ms. 
425299     INFO  main            d.u.i.k.p.i.AbstractProblemLoader Creating init config 
426358     WARN  main            d.u.i.k.n.ParsingFacade   file:/home/runner/work/key/key/key.core/build/resources/main/de/uka/ilkd/key/java/JavaRedux/java/lang/String.key took 1 ms to parse. 
426358     WARN  main            d.u.i.k.n.ParsingFacade   Parsing time 821 ms. 
429798     DEBUG main            d.u.i.k.p.i.AbstractProblemLoader Init config took 4.5s 
429893     INFO  main            d.u.i.k.p.i.AbstractProblemLoader Replaying proof Plotter[ThreadSpec2::initPost()].JML accessible clause.0 
429894     DEBUG main            d.u.i.k.p.i.IntermediateProofReplayer Proof replay took 6.5ns 
429895     WARN  main            d.u.i.k.n.ParsingFacade   /home/runner/work/key/key/key.core/../key.ui/examples/heap/permissions/threads/Plotter_initPost_accessible.key took 0 ms to parse. 
429895     WARN  main            d.u.i.k.n.ParsingFacade   Parsing time 821 ms. 
429996     INFO  main            d.u.i.k.p.r.p.TestFile    ... finished proof: closed. 
430427     INFO  main            d.u.i.k.p.i.AbstractProblemLoader Loading environment from /home/runner/work/key/key/key.core/../key.ui/examples/heap/permissions/threads/Plotter_initPost_accessible.key.proof 
430427     DEBUG main            d.u.i.k.p.i.AbstractProblemLoader Environment load took 80.9ns 
430427     WARN  main            d.u.i.k.n.ParsingFacade   /home/runner/work/key/key/key.core/../key.ui/examples/heap/permissions/threads/Plotter_initPost_accessible.key.proof took 0 ms to parse. 
430427     WARN  main            d.u.i.k.n.ParsingFacade   Parsing time 821 ms. 
430428     INFO  main            d.u.i.k.p.i.AbstractProblemLoader Creating init config 
431461     WARN  main            d.u.i.k.n.ParsingFacade   file:/home/runner/work/key/key/key.core/build/resources/main/de/uka/ilkd/key/java/JavaRedux/java/lang/String.key took 1 ms to parse. 
431461     WARN  main            d.u.i.k.n.ParsingFacade   Parsing time 822 ms. 
434846     DEBUG main            d.u.i.k.p.i.AbstractProblemLoader Init config took 4.42s 
434925     INFO  main            d.u.i.k.p.i.AbstractProblemLoader Replaying proof Plotter[ThreadSpec2::initPost()].JML accessible clause.0 
434939     DEBUG main            d.u.i.k.p.i.IntermediateProofReplayer Proof replay took 11.88ms 
434939     WARN  main            d.u.i.k.n.ParsingFacade   /home/runner/work/key/key/key.core/../key.ui/examples/heap/permissions/threads/Plotter_initPost_accessible.key.proof took 0 ms to parse. 
434939     WARN  main            d.u.i.k.n.ParsingFacade   Parsing time 822 ms. 
434940     DEBUG main            d.u.i.k.p.r.p.TestFile    ... success: reloaded. 
434940     INFO  main            d.u.i.k.p.r.p.TestFile    Now processing file /home/runner/work/key/key/key.core/../key.ui/examples/heap/permissions/threads/Plotter_inv_accessible1.key 
434940     INFO  main            d.u.i.k.p.i.AbstractProblemLoader Loading environment from /home/runner/work/key/key/key.core/../key.ui/examples/heap/permissions/threads/Plotter_inv_accessible1.key 
434941     DEBUG main            d.u.i.k.p.i.AbstractProblemLoader Environment load took 50.2ns 
434941     WARN  main            d.u.i.k.n.ParsingFacade   /home/runner/work/key/key/key.core/../key.ui/examples/heap/permissions/threads/Plotter_inv_accessible1.key took 0 ms to parse. 
434941     WARN  main            d.u.i.k.n.ParsingFacade   Parsing time 822 ms. 
434941     INFO  main            d.u.i.k.p.i.AbstractProblemLoader Creating init config 
435996     WARN  main            d.u.i.k.n.ParsingFacade   file:/home/runner/work/key/key/key.core/build/resources/main/de/uka/ilkd/key/java/JavaRedux/java/lang/String.key took 1 ms to parse. 
435996     WARN  main            d.u.i.k.n.ParsingFacade   Parsing time 823 ms. 
439437     DEBUG main            d.u.i.k.p.i.AbstractProblemLoader Init config took 4.5s 
439517     INFO  main            d.u.i.k.p.i.AbstractProblemLoader Replaying proof Plotter[java.lang.Object::<inv>()].JML accessible clause.0 
439518     DEBUG main            d.u.i.k.p.i.IntermediateProofReplayer Proof replay took 654.41ns 
439519     WARN  main            d.u.i.k.n.ParsingFacade   /home/runner/work/key/key/key.core/../key.ui/examples/heap/permissions/threads/Plotter_inv_accessible1.key took 0 ms to parse. 
439519     WARN  main            d.u.i.k.n.ParsingFacade   Parsing time 823 ms. 
439620     INFO  main            d.u.i.k.p.r.p.TestFile    ... finished proof: closed. 
440056     INFO  main            d.u.i.k.p.i.AbstractProblemLoader Loading environment from /home/runner/work/key/key/key.core/../key.ui/examples/heap/permissions/threads/Plotter_inv_accessible1.key.proof 
440056     DEBUG main            d.u.i.k.p.i.AbstractProblemLoader Environment load took 80.2ns 
440056     WARN  main            d.u.i.k.n.ParsingFacade   /home/runner/work/key/key/key.core/../key.ui/examples/heap/permissions/threads/Plotter_inv_accessible1.key.proof took 0 ms to parse. 
440056     WARN  main            d.u.i.k.n.ParsingFacade   Parsing time 823 ms. 
440057     INFO  main            d.u.i.k.p.i.AbstractProblemLoader Creating init config 
441086     WARN  main            d.u.i.k.n.ParsingFacade   file:/home/runner/work/key/key/key.core/build/resources/main/de/uka/ilkd/key/java/JavaRedux/java/lang/String.key took 1 ms to parse. 
441087     WARN  main            d.u.i.k.n.ParsingFacade   Parsing time 824 ms. 
444474     DEBUG main            d.u.i.k.p.i.AbstractProblemLoader Init config took 4.42s 
444554     INFO  main            d.u.i.k.p.i.AbstractProblemLoader Replaying proof Plotter[java.lang.Object::<inv>()].JML accessible clause.0 
444556     DEBUG main            d.u.i.k.p.i.IntermediateProofReplayer Proof replay took 1.55ms 
444557     WARN  main            d.u.i.k.n.ParsingFacade   /home/runner/work/key/key/key.core/../key.ui/examples/heap/permissions/threads/Plotter_inv_accessible1.key.proof took 0 ms to parse. 
444557     WARN  main            d.u.i.k.n.ParsingFacade   Parsing time 824 ms. 
444557     DEBUG main            d.u.i.k.p.r.p.TestFile    ... success: reloaded. 
444558     INFO  main            d.u.i.k.p.r.p.TestFile    Now processing file /home/runner/work/key/key/key.core/../key.ui/examples/heap/permissions/threads/Plotter_inv_accessible2.key 
444558     INFO  main            d.u.i.k.p.i.AbstractProblemLoader Loading environment from /home/runner/work/key/key/key.core/../key.ui/examples/heap/permissions/threads/Plotter_inv_accessible2.key 
444558     DEBUG main            d.u.i.k.p.i.AbstractProblemLoader Environment load took 40.7ns 
444558     WARN  main            d.u.i.k.n.ParsingFacade   /home/runner/work/key/key/key.core/../key.ui/examples/heap/permissions/threads/Plotter_inv_accessible2.key took 0 ms to parse. 
444558     WARN  main            d.u.i.k.n.ParsingFacade   Parsing time 824 ms. 
444559     INFO  main            d.u.i.k.p.i.AbstractProblemLoader Creating init config 
445613     WARN  main            d.u.i.k.n.ParsingFacade   file:/home/runner/work/key/key/key.core/build/resources/main/de/uka/ilkd/key/java/JavaRedux/java/lang/String.key took 1 ms to parse. 
445613     WARN  main            d.u.i.k.n.ParsingFacade   Parsing time 825 ms. 
449057     DEBUG main            d.u.i.k.p.i.AbstractProblemLoader Init config took 4.5s 
449136     INFO  main            d.u.i.k.p.i.AbstractProblemLoader Replaying proof Plotter[java.lang.Object::<inv>()].JML accessible clause.1 
449138     DEBUG main            d.u.i.k.p.i.IntermediateProofReplayer Proof replay took 7.2ns 
449138     WARN  main            d.u.i.k.n.ParsingFacade   /home/runner/work/key/key/key.core/../key.ui/examples/heap/permissions/threads/Plotter_inv_accessible2.key took 0 ms to parse. 
449138     WARN  main            d.u.i.k.n.ParsingFacade   Parsing time 825 ms. 
449239     INFO  main            d.u.i.k.p.r.p.TestFile    ... finished proof: closed. 
449692     INFO  main            d.u.i.k.p.i.AbstractProblemLoader Loading environment from /home/runner/work/key/key/key.core/../key.ui/examples/heap/permissions/threads/Plotter_inv_accessible2.key.proof 
449692     DEBUG main            d.u.i.k.p.i.AbstractProblemLoader Environment load took 90.8ns 
449692     WARN  main            d.u.i.k.n.ParsingFacade   /home/runner/work/key/key/key.core/../key.ui/examples/heap/permissions/threads/Plotter_inv_accessible2.key.proof took 0 ms to parse. 
449692     WARN  main            d.u.i.k.n.ParsingFacade   Parsing time 825 ms. 
449693     INFO  main            d.u.i.k.p.i.AbstractProblemLoader Creating init config 
450730     WARN  main            d.u.i.k.n.ParsingFacade   file:/home/runner/work/key/key/key.core/build/resources/main/de/uka/ilkd/key/java/JavaRedux/java/lang/String.key took 1 ms to parse. 
450730     WARN  main            d.u.i.k.n.ParsingFacade   Parsing time 826 ms. 
454118     DEBUG main            d.u.i.k.p.i.AbstractProblemLoader Init config took 4.42s 
454197     INFO  main            d.u.i.k.p.i.AbstractProblemLoader Replaying proof Plotter[java.lang.Object::<inv>()].JML accessible clause.1 
454200     DEBUG main            d.u.i.k.p.i.IntermediateProofReplayer Proof replay took 1.51ms 
454200     WARN  main            d.u.i.k.n.ParsingFacade   /home/runner/work/key/key/key.core/../key.ui/examples/heap/permissions/threads/Plotter_inv_accessible2.key.proof took 0 ms to parse. 
454200     WARN  main            d.u.i.k.n.ParsingFacade   Parsing time 826 ms. 
454200     DEBUG main            d.u.i.k.p.r.p.TestFile    ... success: reloaded. 
454201     INFO  main            d.u.i.k.p.r.p.TestFile    Now processing file /home/runner/work/key/key/key.core/../key.ui/examples/heap/permissions/threads/Plotter_joinTransfer_contract.key 
454201     INFO  main            d.u.i.k.p.i.AbstractProblemLoader Loading environment from /home/runner/work/key/key/key.core/../key.ui/examples/heap/permissions/threads/Plotter_joinTransfer_contract.key 
454201     DEBUG main            d.u.i.k.p.i.AbstractProblemLoader Environment load took 62.9ns 
454202     WARN  main            d.u.i.k.n.ParsingFacade   /home/runner/work/key/key/key.core/../key.ui/examples/heap/permissions/threads/Plotter_joinTransfer_contract.key took 0 ms to parse. 
454202     WARN  main            d.u.i.k.n.ParsingFacade   Parsing time 826 ms. 
454202     INFO  main            d.u.i.k.p.i.AbstractProblemLoader Creating init config 
455254     WARN  main            d.u.i.k.n.ParsingFacade   file:/home/runner/work/key/key/key.core/build/resources/main/de/uka/ilkd/key/java/JavaRedux/java/lang/String.key took 1 ms to parse. 
455254     WARN  main            d.u.i.k.n.ParsingFacade   Parsing time 827 ms. 
458690     DEBUG main            d.u.i.k.p.i.AbstractProblemLoader Init config took 4.49s 
458771     INFO  main            d.u.i.k.p.i.AbstractProblemLoader Replaying proof Plotter[ThreadSpec2::joinTransfer()].JML model_behavior operation contract.0 
458772     DEBUG main            d.u.i.k.p.i.IntermediateProofReplayer Proof replay took 7.2ns 
458773     WARN  main            d.u.i.k.n.ParsingFacade   /home/runner/work/key/key/key.core/../key.ui/examples/heap/permissions/threads/Plotter_joinTransfer_contract.key took 0 ms to parse. 
458773     WARN  main            d.u.i.k.n.ParsingFacade   Parsing time 827 ms. 
458874     INFO  main            d.u.i.k.p.r.p.TestFile    ... finished proof: closed. 
459328     INFO  main            d.u.i.k.p.i.AbstractProblemLoader Loading environment from /home/runner/work/key/key/key.core/../key.ui/examples/heap/permissions/threads/Plotter_joinTransfer_contract.key.proof 
459328     DEBUG main            d.u.i.k.p.i.AbstractProblemLoader Environment load took 75.6ns 
459329     WARN  main            d.u.i.k.n.ParsingFacade   /home/runner/work/key/key/key.core/../key.ui/examples/heap/permissions/threads/Plotter_joinTransfer_contract.key.proof took 0 ms to parse. 
459329     WARN  main            d.u.i.k.n.ParsingFacade   Parsing time 827 ms. 
459329     INFO  main            d.u.i.k.p.i.AbstractProblemLoader Creating init config 
460363     WARN  main            d.u.i.k.n.ParsingFacade   file:/home/runner/work/key/key/key.core/build/resources/main/de/uka/ilkd/key/java/JavaRedux/java/lang/String.key took 1 ms to parse. 
460363     WARN  main            d.u.i.k.n.ParsingFacade   Parsing time 828 ms. 
463731     DEBUG main            d.u.i.k.p.i.AbstractProblemLoader Init config took 4.4s 
463811     INFO  main            d.u.i.k.p.i.AbstractProblemLoader Replaying proof Plotter[ThreadSpec2::joinTransfer()].JML model_behavior operation contract.0 
463819     DEBUG main            d.u.i.k.p.i.IntermediateProofReplayer Proof replay took 6.83ms 
463819     WARN  main            d.u.i.k.n.ParsingFacade   /home/runner/work/key/key/key.core/../key.ui/examples/heap/permissions/threads/Plotter_joinTransfer_contract.key.proof took 0 ms to parse. 
463819     WARN  main            d.u.i.k.n.ParsingFacade   Parsing time 828 ms. 
463820     DEBUG main            d.u.i.k.p.r.p.TestFile    ... success: reloaded. 
463821     INFO  main            d.u.i.k.p.r.p.TestFile    Now processing file /home/runner/work/key/key/key.core/../key.ui/examples/heap/permissions/threads/Plotter_Plotter.key 
463821     INFO  main            d.u.i.k.p.i.AbstractProblemLoader Loading environment from /home/runner/work/key/key/key.core/../key.ui/examples/heap/permissions/threads/Plotter_Plotter.key 
463821     DEBUG main            d.u.i.k.p.i.AbstractProblemLoader Environment load took 65.9ns 
463821     WARN  main            d.u.i.k.n.ParsingFacade   /home/runner/work/key/key/key.core/../key.ui/examples/heap/permissions/threads/Plotter_Plotter.key took 0 ms to parse. 
463821     WARN  main            d.u.i.k.n.ParsingFacade   Parsing time 828 ms. 
463822     INFO  main            d.u.i.k.p.i.AbstractProblemLoader Creating init config 
464872     WARN  main            d.u.i.k.n.ParsingFacade   file:/home/runner/work/key/key/key.core/build/resources/main/de/uka/ilkd/key/java/JavaRedux/java/lang/String.key took 1 ms to parse. 
464872     WARN  main            d.u.i.k.n.ParsingFacade   Parsing time 829 ms. 
468317     DEBUG main            d.u.i.k.p.i.AbstractProblemLoader Init config took 4.5s 
468397     INFO  main            d.u.i.k.p.i.AbstractProblemLoader Replaying proof Plotter[Plotter::Plotter(AFilter,BFilter,Buffer)].JML normal_behavior operation contract.0 
468398     DEBUG main            d.u.i.k.p.i.IntermediateProofReplayer Proof replay took 6.6ns 
468398     WARN  main            d.u.i.k.n.ParsingFacade   /home/runner/work/key/key/key.core/../key.ui/examples/heap/permissions/threads/Plotter_Plotter.key took 0 ms to parse. 
468399     WARN  main            d.u.i.k.n.ParsingFacade   Parsing time 829 ms. 
470204     INFO  main            d.u.i.k.p.r.p.TestFile    ... finished proof: closed. 
470679     INFO  main            d.u.i.k.p.i.AbstractProblemLoader Loading environment from /home/runner/work/key/key/key.core/../key.ui/examples/heap/permissions/threads/Plotter_Plotter.key.proof 
470679     DEBUG main            d.u.i.k.p.i.AbstractProblemLoader Environment load took 292.9ns 
470679     WARN  main            d.u.i.k.n.ParsingFacade   /home/runner/work/key/key/key.core/../key.ui/examples/heap/permissions/threads/Plotter_Plotter.key.proof took 0 ms to parse. 
470679     WARN  main            d.u.i.k.n.ParsingFacade   Parsing time 829 ms. 
470680     INFO  main            d.u.i.k.p.i.AbstractProblemLoader Creating init config 
471722     WARN  main            d.u.i.k.n.ParsingFacade   file:/home/runner/work/key/key/key.core/build/resources/main/de/uka/ilkd/key/java/JavaRedux/java/lang/String.key took 1 ms to parse. 
471722     WARN  main            d.u.i.k.n.ParsingFacade   Parsing time 830 ms. 
475112     DEBUG main            d.u.i.k.p.i.AbstractProblemLoader Init config took 4.43s 
475193     INFO  main            d.u.i.k.p.i.AbstractProblemLoader Replaying proof Plotter[Plotter::Plotter(AFilter,BFilter,Buffer)].JML normal_behavior operation contract.0 
475425     DEBUG main            d.u.i.k.p.i.IntermediateProofReplayer Proof replay took 227.28ms 
475426     WARN  main            d.u.i.k.n.ParsingFacade   /home/runner/work/key/key/key.core/../key.ui/examples/heap/permissions/threads/Plotter_Plotter.key.proof took 0 ms to parse. 
475426     WARN  main            d.u.i.k.n.ParsingFacade   Parsing time 830 ms. 
475426     DEBUG main            d.u.i.k.p.r.p.TestFile    ... success: reloaded. 
475427     INFO  main            d.u.i.k.p.r.p.TestFile    Now processing file /home/runner/work/key/key/key.core/../key.ui/examples/heap/permissions/threads/Plotter_postJoin_accessible.key 
475427     INFO  main            d.u.i.k.p.i.AbstractProblemLoader Loading environment from /home/runner/work/key/key/key.core/../key.ui/examples/heap/permissions/threads/Plotter_postJoin_accessible.key 
475428     DEBUG main            d.u.i.k.p.i.AbstractProblemLoader Environment load took 69ns 
475428     WARN  main            d.u.i.k.n.ParsingFacade   /home/runner/work/key/key/key.core/../key.ui/examples/heap/permissions/threads/Plotter_postJoin_accessible.key took 0 ms to parse. 
475428     WARN  main            d.u.i.k.n.ParsingFacade   Parsing time 830 ms. 
475428     INFO  main            d.u.i.k.p.i.AbstractProblemLoader Creating init config 
476499     WARN  main            d.u.i.k.n.ParsingFacade   file:/home/runner/work/key/key/key.core/build/resources/main/de/uka/ilkd/key/java/JavaRedux/java/lang/String.key took 1 ms to parse. 
476499     WARN  main            d.u.i.k.n.ParsingFacade   Parsing time 831 ms. 
479957     DEBUG main            d.u.i.k.p.i.AbstractProblemLoader Init config took 4.53s 
480054     INFO  main            d.u.i.k.p.i.AbstractProblemLoader Replaying proof Plotter[ThreadSpec2::postJoin(java.lang.Object)].JML accessible clause.0 
480055     DEBUG main            d.u.i.k.p.i.IntermediateProofReplayer Proof replay took 6.8ns 
480055     WARN  main            d.u.i.k.n.ParsingFacade   /home/runner/work/key/key/key.core/../key.ui/examples/heap/permissions/threads/Plotter_postJoin_accessible.key took 0 ms to parse. 
480055     WARN  main            d.u.i.k.n.ParsingFacade   Parsing time 831 ms. 
480157     INFO  main            d.u.i.k.p.r.p.TestFile    ... finished proof: closed. 
480617     INFO  main            d.u.i.k.p.i.AbstractProblemLoader Loading environment from /home/runner/work/key/key/key.core/../key.ui/examples/heap/permissions/threads/Plotter_postJoin_accessible.key.proof 
480617     DEBUG main            d.u.i.k.p.i.AbstractProblemLoader Environment load took 75.9ns 
480617     WARN  main            d.u.i.k.n.ParsingFacade   /home/runner/work/key/key/key.core/../key.ui/examples/heap/permissions/threads/Plotter_postJoin_accessible.key.proof took 0 ms to parse. 
480617     WARN  main            d.u.i.k.n.ParsingFacade   Parsing time 831 ms. 
480618     INFO  main            d.u.i.k.p.i.AbstractProblemLoader Creating init config 
481653     WARN  main            d.u.i.k.n.ParsingFacade   file:/home/runner/work/key/key/key.core/build/resources/main/de/uka/ilkd/key/java/JavaRedux/java/lang/String.key took 1 ms to parse. 
481653     WARN  main            d.u.i.k.n.ParsingFacade   Parsing time 832 ms. 
485018     DEBUG main            d.u.i.k.p.i.AbstractProblemLoader Init config took 4.4s 
485109     INFO  main            d.u.i.k.p.i.AbstractProblemLoader Replaying proof Plotter[ThreadSpec2::postJoin(java.lang.Object)].JML accessible clause.0 
485125     DEBUG main            d.u.i.k.p.i.IntermediateProofReplayer Proof replay took 11.62ms 
485125     WARN  main            d.u.i.k.n.ParsingFacade   /home/runner/work/key/key/key.core/../key.ui/examples/heap/permissions/threads/Plotter_postJoin_accessible.key.proof took 0 ms to parse. 
485125     WARN  main            d.u.i.k.n.ParsingFacade   Parsing time 832 ms. 
485126     DEBUG main            d.u.i.k.p.r.p.TestFile    ... success: reloaded. 
485127     INFO  main            d.u.i.k.p.r.p.TestFile    Now processing file /home/runner/work/key/key/key.core/../key.ui/examples/heap/permissions/threads/Plotter_preStart_accessible.key 
485127     INFO  main            d.u.i.k.p.i.AbstractProblemLoader Loading environment from /home/runner/work/key/key/key.core/../key.ui/examples/heap/permissions/threads/Plotter_preStart_accessible.key 
485127     DEBUG main            d.u.i.k.p.i.AbstractProblemLoader Environment load took 42.8ns 
485127     WARN  main            d.u.i.k.n.ParsingFacade   /home/runner/work/key/key/key.core/../key.ui/examples/heap/permissions/threads/Plotter_preStart_accessible.key took 0 ms to parse. 
485127     WARN  main            d.u.i.k.n.ParsingFacade   Parsing time 832 ms. 
485128     INFO  main            d.u.i.k.p.i.AbstractProblemLoader Creating init config 
486194     WARN  main            d.u.i.k.n.ParsingFacade   file:/home/runner/work/key/key/key.core/build/resources/main/de/uka/ilkd/key/java/JavaRedux/java/lang/String.key took 1 ms to parse. 
486195     WARN  main            d.u.i.k.n.ParsingFacade   Parsing time 833 ms. 
489638     DEBUG main            d.u.i.k.p.i.AbstractProblemLoader Init config took 4.51s 
489716     INFO  main            d.u.i.k.p.i.AbstractProblemLoader Replaying proof Plotter[ThreadSpec2::preStart(java.lang.Object)].JML accessible clause.0 
489718     DEBUG main            d.u.i.k.p.i.IntermediateProofReplayer Proof replay took 7.4ns 
489719     WARN  main            d.u.i.k.n.ParsingFacade   /home/runner/work/key/key/key.core/../key.ui/examples/heap/permissions/threads/Plotter_preStart_accessible.key took 0 ms to parse. 
489719     WARN  main            d.u.i.k.n.ParsingFacade   Parsing time 833 ms. 
490722     INFO  main            d.u.i.k.p.r.p.TestFile    ... finished proof: closed. 
491193     INFO  main            d.u.i.k.p.i.AbstractProblemLoader Loading environment from /home/runner/work/key/key/key.core/../key.ui/examples/heap/permissions/threads/Plotter_preStart_accessible.key.proof 
491193     DEBUG main            d.u.i.k.p.i.AbstractProblemLoader Environment load took 78.9ns 
491193     WARN  main            d.u.i.k.n.ParsingFacade   /home/runner/work/key/key/key.core/../key.ui/examples/heap/permissions/threads/Plotter_preStart_accessible.key.proof took 0 ms to parse. 
491193     WARN  main            d.u.i.k.n.ParsingFacade   Parsing time 833 ms. 
491194     INFO  main            d.u.i.k.p.i.AbstractProblemLoader Creating init config 
492235     WARN  main            d.u.i.k.n.ParsingFacade   file:/home/runner/work/key/key/key.core/build/resources/main/de/uka/ilkd/key/java/JavaRedux/java/lang/String.key took 1 ms to parse. 
492235     WARN  main            d.u.i.k.n.ParsingFacade   Parsing time 834 ms. 
495614     DEBUG main            d.u.i.k.p.i.AbstractProblemLoader Init config took 4.42s 
495693     INFO  main            d.u.i.k.p.i.AbstractProblemLoader Replaying proof Plotter[ThreadSpec2::preStart(java.lang.Object)].JML accessible clause.0 
495773     DEBUG main            d.u.i.k.p.i.IntermediateProofReplayer Proof replay took 75.94ms 
495773     WARN  main            d.u.i.k.n.ParsingFacade   /home/runner/work/key/key/key.core/../key.ui/examples/heap/permissions/threads/Plotter_preStart_accessible.key.proof took 0 ms to parse. 
495773     WARN  main            d.u.i.k.n.ParsingFacade   Parsing time 834 ms. 
495774     DEBUG main            d.u.i.k.p.r.p.TestFile    ... success: reloaded. 
495774     INFO  main            d.u.i.k.p.r.p.TestFile    Now processing file /home/runner/work/key/key/key.core/../key.ui/examples/heap/permissions/threads/Plotter_stateInv_accessible.key 
495775     INFO  main            d.u.i.k.p.i.AbstractProblemLoader Loading environment from /home/runner/work/key/key/key.core/../key.ui/examples/heap/permissions/threads/Plotter_stateInv_accessible.key 
495775     DEBUG main            d.u.i.k.p.i.AbstractProblemLoader Environment load took 45ns 
495775     WARN  main            d.u.i.k.n.ParsingFacade   /home/runner/work/key/key/key.core/../key.ui/examples/heap/permissions/threads/Plotter_stateInv_accessible.key took 0 ms to parse. 
495775     WARN  main            d.u.i.k.n.ParsingFacade   Parsing time 834 ms. 
495775     INFO  main            d.u.i.k.p.i.AbstractProblemLoader Creating init config 
496831     WARN  main            d.u.i.k.n.ParsingFacade   file:/home/runner/work/key/key/key.core/build/resources/main/de/uka/ilkd/key/java/JavaRedux/java/lang/String.key took 1 ms to parse. 
496831     WARN  main            d.u.i.k.n.ParsingFacade   Parsing time 835 ms. 
500271     DEBUG main            d.u.i.k.p.i.AbstractProblemLoader Init config took 4.5s 
500367     INFO  main            d.u.i.k.p.i.AbstractProblemLoader Replaying proof Plotter[ThreadSpec2::stateInv()].JML accessible clause.0 
500368     DEBUG main            d.u.i.k.p.i.IntermediateProofReplayer Proof replay took 6.5ns 
500368     WARN  main            d.u.i.k.n.ParsingFacade   /home/runner/work/key/key/key.core/../key.ui/examples/heap/permissions/threads/Plotter_stateInv_accessible.key took 0 ms to parse. 
500368     WARN  main            d.u.i.k.n.ParsingFacade   Parsing time 835 ms. 
507800     INFO  main            d.u.i.k.p.r.p.TestFile    ... finished proof: closed. 
508293     INFO  main            d.u.i.k.p.i.AbstractProblemLoader Loading environment from /home/runner/work/key/key/key.core/../key.ui/examples/heap/permissions/threads/Plotter_stateInv_accessible.key.proof 
508293     DEBUG main            d.u.i.k.p.i.AbstractProblemLoader Environment load took 333.41ns 
508294     WARN  main            d.u.i.k.n.ParsingFacade   /home/runner/work/key/key/key.core/../key.ui/examples/heap/permissions/threads/Plotter_stateInv_accessible.key.proof took 0 ms to parse. 
508294     WARN  main            d.u.i.k.n.ParsingFacade   Parsing time 835 ms. 
508295     INFO  main            d.u.i.k.p.i.AbstractProblemLoader Creating init config 
509335     WARN  main            d.u.i.k.n.ParsingFacade   file:/home/runner/work/key/key/key.core/build/resources/main/de/uka/ilkd/key/java/JavaRedux/java/lang/String.key took 1 ms to parse. 
509336     WARN  main            d.u.i.k.n.ParsingFacade   Parsing time 836 ms. 
512730     DEBUG main            d.u.i.k.p.i.AbstractProblemLoader Init config took 4.44s 
512809     INFO  main            d.u.i.k.p.i.AbstractProblemLoader Replaying proof Plotter[ThreadSpec2::stateInv()].JML accessible clause.0 
513393     DEBUG main            d.u.i.k.p.i.IntermediateProofReplayer Proof replay took 570.65ms 
513394     WARN  main            d.u.i.k.n.ParsingFacade   /home/runner/work/key/key/key.core/../key.ui/examples/heap/permissions/threads/Plotter_stateInv_accessible.key.proof took 0 ms to parse. 
513394     WARN  main            d.u.i.k.n.ParsingFacade   Parsing time 836 ms. 
513395     DEBUG main            d.u.i.k.p.r.p.TestFile    ... success: reloaded. 
513395     INFO  main            d.u.i.k.p.r.p.TestFile    Now processing file /home/runner/work/key/key/key.core/../key.ui/examples/heap/permissions/threads/Plotter_staticPermissions_accessible.key 
513396     INFO  main            d.u.i.k.p.i.AbstractProblemLoader Loading environment from /home/runner/work/key/key/key.core/../key.ui/examples/heap/permissions/threads/Plotter_staticPermissions_accessible.key 
513396     DEBUG main            d.u.i.k.p.i.AbstractProblemLoader Environment load took 46.2ns 
513396     WARN  main            d.u.i.k.n.ParsingFacade   /home/runner/work/key/key/key.core/../key.ui/examples/heap/permissions/threads/Plotter_staticPermissions_accessible.key took 0 ms to parse. 
513396     WARN  main            d.u.i.k.n.ParsingFacade   Parsing time 836 ms. 
513396     INFO  main            d.u.i.k.p.i.AbstractProblemLoader Creating init config 
514458     WARN  main            d.u.i.k.n.ParsingFacade   file:/home/runner/work/key/key/key.core/build/resources/main/de/uka/ilkd/key/java/JavaRedux/java/lang/String.key took 1 ms to parse. 
514458     WARN  main            d.u.i.k.n.ParsingFacade   Parsing time 837 ms. 
517915     DEBUG main            d.u.i.k.p.i.AbstractProblemLoader Init config took 4.52s 
517994     INFO  main            d.u.i.k.p.i.AbstractProblemLoader Replaying proof Plotter[ThreadSpec2::staticPermissions()].JML accessible clause.0 
517995     DEBUG main            d.u.i.k.p.i.IntermediateProofReplayer Proof replay took 40.1ns 
517995     WARN  main            d.u.i.k.n.ParsingFacade   /home/runner/work/key/key/key.core/../key.ui/examples/heap/permissions/threads/Plotter_staticPermissions_accessible.key took 0 ms to parse. 
517995     WARN  main            d.u.i.k.n.ParsingFacade   Parsing time 837 ms. 
518697     INFO  main            d.u.i.k.p.r.p.TestFile    ... finished proof: closed. 
519208     INFO  main            d.u.i.k.p.i.AbstractProblemLoader Loading environment from /home/runner/work/key/key/key.core/../key.ui/examples/heap/permissions/threads/Plotter_staticPermissions_accessible.key.proof 
519208     DEBUG main            d.u.i.k.p.i.AbstractProblemLoader Environment load took 77.7ns 
519208     WARN  main            d.u.i.k.n.ParsingFacade   /home/runner/work/key/key/key.core/../key.ui/examples/heap/permissions/threads/Plotter_staticPermissions_accessible.key.proof took 0 ms to parse. 
519208     WARN  main            d.u.i.k.n.ParsingFacade   Parsing time 837 ms. 
519209     INFO  main            d.u.i.k.p.i.AbstractProblemLoader Creating init config 
520241     WARN  main            d.u.i.k.n.ParsingFacade   file:/home/runner/work/key/key/key.core/build/resources/main/de/uka/ilkd/key/java/JavaRedux/java/lang/String.key took 1 ms to parse. 
520241     WARN  main            d.u.i.k.n.ParsingFacade   Parsing time 838 ms. 
523620     DEBUG main            d.u.i.k.p.i.AbstractProblemLoader Init config took 4.41s 
523699     INFO  main            d.u.i.k.p.i.AbstractProblemLoader Replaying proof Plotter[ThreadSpec2::staticPermissions()].JML accessible clause.0 
523760     DEBUG main            d.u.i.k.p.i.IntermediateProofReplayer Proof replay took 54.83ms 
523760     WARN  main            d.u.i.k.n.ParsingFacade   /home/runner/work/key/key/key.core/../key.ui/examples/heap/permissions/threads/Plotter_staticPermissions_accessible.key.proof took 0 ms to parse. 
523760     WARN  main            d.u.i.k.n.ParsingFacade   Parsing time 838 ms. 
523761     DEBUG main            d.u.i.k.p.r.p.TestFile    ... success: reloaded. 
523761     INFO  main            d.u.i.k.p.r.p.TestFile    Now processing file /home/runner/work/key/key/key.core/../key.ui/examples/heap/permissions/threads/Plotter_workingPermissions_accessible.key 
523762     INFO  main            d.u.i.k.p.i.AbstractProblemLoader Loading environment from /home/runner/work/key/key/key.core/../key.ui/examples/heap/permissions/threads/Plotter_workingPermissions_accessible.key 
523763     DEBUG main            d.u.i.k.p.i.AbstractProblemLoader Environment load took 60.4ns 
523763     WARN  main            d.u.i.k.n.ParsingFacade   /home/runner/work/key/key/key.core/../key.ui/examples/heap/permissions/threads/Plotter_workingPermissions_accessible.key took 0 ms to parse. 
523763     WARN  main            d.u.i.k.n.ParsingFacade   Parsing time 838 ms. 
523764     INFO  main            d.u.i.k.p.i.AbstractProblemLoader Creating init config 
524815     WARN  main            d.u.i.k.n.ParsingFacade   file:/home/runner/work/key/key/key.core/build/resources/main/de/uka/ilkd/key/java/JavaRedux/java/lang/String.key took 1 ms to parse. 
524815     WARN  main            d.u.i.k.n.ParsingFacade   Parsing time 839 ms. 
528256     DEBUG main            d.u.i.k.p.i.AbstractProblemLoader Init config took 4.49s 
528335     INFO  main            d.u.i.k.p.i.AbstractProblemLoader Replaying proof Plotter[ThreadSpec2::workingPermissions()].JML accessible clause.0 
528336     DEBUG main            d.u.i.k.p.i.IntermediateProofReplayer Proof replay took 3.4ns 
528337     WARN  main            d.u.i.k.n.ParsingFacade   /home/runner/work/key/key/key.core/../key.ui/examples/heap/permissions/threads/Plotter_workingPermissions_accessible.key took 0 ms to parse. 
528337     WARN  main            d.u.i.k.n.ParsingFacade   Parsing time 839 ms. 
528538     INFO  main            d.u.i.k.p.r.p.TestFile    ... finished proof: closed. 
529027     INFO  main            d.u.i.k.p.i.AbstractProblemLoader Loading environment from /home/runner/work/key/key/key.core/../key.ui/examples/heap/permissions/threads/Plotter_workingPermissions_accessible.key.proof 
529027     DEBUG main            d.u.i.k.p.i.AbstractProblemLoader Environment load took 91.1ns 
529027     WARN  main            d.u.i.k.n.ParsingFacade   /home/runner/work/key/key/key.core/../key.ui/examples/heap/permissions/threads/Plotter_workingPermissions_accessible.key.proof took 0 ms to parse. 
529027     WARN  main            d.u.i.k.n.ParsingFacade   Parsing time 839 ms. 
529028     INFO  main            d.u.i.k.p.i.AbstractProblemLoader Creating init config 
530060     WARN  main            d.u.i.k.n.ParsingFacade   file:/home/runner/work/key/key/key.core/build/resources/main/de/uka/ilkd/key/java/JavaRedux/java/lang/String.key took 1 ms to parse. 
530060     WARN  main            d.u.i.k.n.ParsingFacade   Parsing time 840 ms. 
533436     DEBUG main            d.u.i.k.p.i.AbstractProblemLoader Init config took 4.41s 
533515     INFO  main            d.u.i.k.p.i.AbstractProblemLoader Replaying proof Plotter[ThreadSpec2::workingPermissions()].JML accessible clause.0 
533530     DEBUG main            d.u.i.k.p.i.IntermediateProofReplayer Proof replay took 13.93ms 
533531     WARN  main            d.u.i.k.n.ParsingFacade   /home/runner/work/key/key/key.core/../key.ui/examples/heap/permissions/threads/Plotter_workingPermissions_accessible.key.proof took 0 ms to parse. 
533531     WARN  main            d.u.i.k.n.ParsingFacade   Parsing time 840 ms. 
533531     DEBUG main            d.u.i.k.p.r.p.TestFile    ... success: reloaded. 
533532     INFO  main            d.u.i.k.p.r.p.TestFile    Now processing file /home/runner/work/key/key/key.core/../key.ui/examples/heap/permissions/threads/Sampler_initPost_accessible.key 
533532     INFO  main            d.u.i.k.p.i.AbstractProblemLoader Loading environment from /home/runner/work/key/key/key.core/../key.ui/examples/heap/permissions/threads/Sampler_initPost_accessible.key 
533532     DEBUG main            d.u.i.k.p.i.AbstractProblemLoader Environment load took 44.6ns 
533532     WARN  main            d.u.i.k.n.ParsingFacade   /home/runner/work/key/key/key.core/../key.ui/examples/heap/permissions/threads/Sampler_initPost_accessible.key took 0 ms to parse. 
533532     WARN  main            d.u.i.k.n.ParsingFacade   Parsing time 840 ms. 
533533     INFO  main            d.u.i.k.p.i.AbstractProblemLoader Creating init config 
534585     WARN  main            d.u.i.k.n.ParsingFacade   file:/home/runner/work/key/key/key.core/build/resources/main/de/uka/ilkd/key/java/JavaRedux/java/lang/String.key took 1 ms to parse. 
534585     WARN  main            d.u.i.k.n.ParsingFacade   Parsing time 841 ms. 
538007     DEBUG main            d.u.i.k.p.i.AbstractProblemLoader Init config took 4.47s 
538100     INFO  main            d.u.i.k.p.i.AbstractProblemLoader Replaying proof Sampler[ThreadSpec2::initPost()].JML accessible clause.0 
538102     DEBUG main            d.u.i.k.p.i.IntermediateProofReplayer Proof replay took 4ns 
538102     WARN  main            d.u.i.k.n.ParsingFacade   /home/runner/work/key/key/key.core/../key.ui/examples/heap/permissions/threads/Sampler_initPost_accessible.key took 0 ms to parse. 
538102     WARN  main            d.u.i.k.n.ParsingFacade   Parsing time 841 ms. 
538203     INFO  main            d.u.i.k.p.r.p.TestFile    ... finished proof: closed. 
538695     INFO  main            d.u.i.k.p.i.AbstractProblemLoader Loading environment from /home/runner/work/key/key/key.core/../key.ui/examples/heap/permissions/threads/Sampler_initPost_accessible.key.proof 
538695     DEBUG main            d.u.i.k.p.i.AbstractProblemLoader Environment load took 73.9ns 
538695     WARN  main            d.u.i.k.n.ParsingFacade   /home/runner/work/key/key/key.core/../key.ui/examples/heap/permissions/threads/Sampler_initPost_accessible.key.proof took 0 ms to parse. 
538695     WARN  main            d.u.i.k.n.ParsingFacade   Parsing time 841 ms. 
538696     INFO  main            d.u.i.k.p.i.AbstractProblemLoader Creating init config 
539725     WARN  main            d.u.i.k.n.ParsingFacade   file:/home/runner/work/key/key/key.core/build/resources/main/de/uka/ilkd/key/java/JavaRedux/java/lang/String.key took 2 ms to parse. 
539725     WARN  main            d.u.i.k.n.ParsingFacade   Parsing time 843 ms. 
543110     DEBUG main            d.u.i.k.p.i.AbstractProblemLoader Init config took 4.41s 
543189     INFO  main            d.u.i.k.p.i.AbstractProblemLoader Replaying proof Sampler[ThreadSpec2::initPost()].JML accessible clause.0 
543195     DEBUG main            d.u.i.k.p.i.IntermediateProofReplayer Proof replay took 4.95ms 
543195     WARN  main            d.u.i.k.n.ParsingFacade   /home/runner/work/key/key/key.core/../key.ui/examples/heap/permissions/threads/Sampler_initPost_accessible.key.proof took 0 ms to parse. 
543195     WARN  main            d.u.i.k.n.ParsingFacade   Parsing time 843 ms. 
543196     DEBUG main            d.u.i.k.p.r.p.TestFile    ... success: reloaded. 
543196     INFO  main            d.u.i.k.p.r.p.TestFile    Now processing file /home/runner/work/key/key/key.core/../key.ui/examples/heap/permissions/threads/Sampler_inv_accessible1.key 
543197     INFO  main            d.u.i.k.p.i.AbstractProblemLoader Loading environment from /home/runner/work/key/key/key.core/../key.ui/examples/heap/permissions/threads/Sampler_inv_accessible1.key 
543197     DEBUG main            d.u.i.k.p.i.AbstractProblemLoader Environment load took 41.4ns 
543197     WARN  main            d.u.i.k.n.ParsingFacade   /home/runner/work/key/key/key.core/../key.ui/examples/heap/permissions/threads/Sampler_inv_accessible1.key took 0 ms to parse. 
543197     WARN  main            d.u.i.k.n.ParsingFacade   Parsing time 843 ms. 
543197     INFO  main            d.u.i.k.p.i.AbstractProblemLoader Creating init config 
544247     WARN  main            d.u.i.k.n.ParsingFacade   file:/home/runner/work/key/key/key.core/build/resources/main/de/uka/ilkd/key/java/JavaRedux/java/lang/String.key took 1 ms to parse. 
544247     WARN  main            d.u.i.k.n.ParsingFacade   Parsing time 844 ms. 
547689     DEBUG main            d.u.i.k.p.i.AbstractProblemLoader Init config took 4.49s 
547767     INFO  main            d.u.i.k.p.i.AbstractProblemLoader Replaying proof Sampler[java.lang.Object::<inv>()].JML accessible clause.0 
547768     DEBUG main            d.u.i.k.p.i.IntermediateProofReplayer Proof replay took 3.8ns 
547769     WARN  main            d.u.i.k.n.ParsingFacade   /home/runner/work/key/key/key.core/../key.ui/examples/heap/permissions/threads/Sampler_inv_accessible1.key took 0 ms to parse. 
547769     WARN  main            d.u.i.k.n.ParsingFacade   Parsing time 844 ms. 
547870     INFO  main            d.u.i.k.p.r.p.TestFile    ... finished proof: closed. 
548362     INFO  main            d.u.i.k.p.i.AbstractProblemLoader Loading environment from /home/runner/work/key/key/key.core/../key.ui/examples/heap/permissions/threads/Sampler_inv_accessible1.key.proof 
548362     DEBUG main            d.u.i.k.p.i.AbstractProblemLoader Environment load took 83.5ns 
548362     WARN  main            d.u.i.k.n.ParsingFacade   /home/runner/work/key/key/key.core/../key.ui/examples/heap/permissions/threads/Sampler_inv_accessible1.key.proof took 0 ms to parse. 
548362     WARN  main            d.u.i.k.n.ParsingFacade   Parsing time 844 ms. 
548363     INFO  main            d.u.i.k.p.i.AbstractProblemLoader Creating init config 
549386     WARN  main            d.u.i.k.n.ParsingFacade   file:/home/runner/work/key/key/key.core/build/resources/main/de/uka/ilkd/key/java/JavaRedux/java/lang/String.key took 1 ms to parse. 
549386     WARN  main            d.u.i.k.n.ParsingFacade   Parsing time 845 ms. 
552758     DEBUG main            d.u.i.k.p.i.AbstractProblemLoader Init config took 4.39s 
552836     INFO  main            d.u.i.k.p.i.AbstractProblemLoader Replaying proof Sampler[java.lang.Object::<inv>()].JML accessible clause.0 
552839     DEBUG main            d.u.i.k.p.i.IntermediateProofReplayer Proof replay took 1.44ms 
552839     WARN  main            d.u.i.k.n.ParsingFacade   /home/runner/work/key/key/key.core/../key.ui/examples/heap/permissions/threads/Sampler_inv_accessible1.key.proof took 0 ms to parse. 
552839     WARN  main            d.u.i.k.n.ParsingFacade   Parsing time 845 ms. 
552839     DEBUG main            d.u.i.k.p.r.p.TestFile    ... success: reloaded. 
552840     INFO  main            d.u.i.k.p.r.p.TestFile    Now processing file /home/runner/work/key/key/key.core/../key.ui/examples/heap/permissions/threads/Sampler_inv_accessible2.key 
552840     INFO  main            d.u.i.k.p.i.AbstractProblemLoader Loading environment from /home/runner/work/key/key/key.core/../key.ui/examples/heap/permissions/threads/Sampler_inv_accessible2.key 
552840     DEBUG main            d.u.i.k.p.i.AbstractProblemLoader Environment load took 41.1ns 
552840     WARN  main            d.u.i.k.n.ParsingFacade   /home/runner/work/key/key/key.core/../key.ui/examples/heap/permissions/threads/Sampler_inv_accessible2.key took 0 ms to parse. 
552840     WARN  main            d.u.i.k.n.ParsingFacade   Parsing time 845 ms. 
552841     INFO  main            d.u.i.k.p.i.AbstractProblemLoader Creating init config 
553889     WARN  main            d.u.i.k.n.ParsingFacade   file:/home/runner/work/key/key/key.core/build/resources/main/de/uka/ilkd/key/java/JavaRedux/java/lang/String.key took 1 ms to parse. 
553889     WARN  main            d.u.i.k.n.ParsingFacade   Parsing time 846 ms. 
557328     DEBUG main            d.u.i.k.p.i.AbstractProblemLoader Init config took 4.49s 
557406     INFO  main            d.u.i.k.p.i.AbstractProblemLoader Replaying proof Sampler[java.lang.Object::<inv>()].JML accessible clause.1 
557408     DEBUG main            d.u.i.k.p.i.IntermediateProofReplayer Proof replay took 3.5ns 
557408     WARN  main            d.u.i.k.n.ParsingFacade   /home/runner/work/key/key/key.core/../key.ui/examples/heap/permissions/threads/Sampler_inv_accessible2.key took 0 ms to parse. 
557408     WARN  main            d.u.i.k.n.ParsingFacade   Parsing time 846 ms. 
557509     INFO  main            d.u.i.k.p.r.p.TestFile    ... finished proof: closed. 
558015     INFO  main            d.u.i.k.p.i.AbstractProblemLoader Loading environment from /home/runner/work/key/key/key.core/../key.ui/examples/heap/permissions/threads/Sampler_inv_accessible2.key.proof 
558015     DEBUG main            d.u.i.k.p.i.AbstractProblemLoader Environment load took 72.3ns 
558015     WARN  main            d.u.i.k.n.ParsingFacade   /home/runner/work/key/key/key.core/../key.ui/examples/heap/permissions/threads/Sampler_inv_accessible2.key.proof took 0 ms to parse. 
558015     WARN  main            d.u.i.k.n.ParsingFacade   Parsing time 846 ms. 
558015     INFO  main            d.u.i.k.p.i.AbstractProblemLoader Creating init config 
559053     WARN  main            d.u.i.k.n.ParsingFacade   file:/home/runner/work/key/key/key.core/build/resources/main/de/uka/ilkd/key/java/JavaRedux/java/lang/String.key took 1 ms to parse. 
559053     WARN  main            d.u.i.k.n.ParsingFacade   Parsing time 847 ms. 
562426     DEBUG main            d.u.i.k.p.i.AbstractProblemLoader Init config took 4.41s 
562505     INFO  main            d.u.i.k.p.i.AbstractProblemLoader Replaying proof Sampler[java.lang.Object::<inv>()].JML accessible clause.1 
562508     DEBUG main            d.u.i.k.p.i.IntermediateProofReplayer Proof replay took 1.49ms 
562508     WARN  main            d.u.i.k.n.ParsingFacade   /home/runner/work/key/key/key.core/../key.ui/examples/heap/permissions/threads/Sampler_inv_accessible2.key.proof took 0 ms to parse. 
562508     WARN  main            d.u.i.k.n.ParsingFacade   Parsing time 847 ms. 
562508     DEBUG main            d.u.i.k.p.r.p.TestFile    ... success: reloaded. 
562509     INFO  main            d.u.i.k.p.r.p.TestFile    Now processing file /home/runner/work/key/key/key.core/../key.ui/examples/heap/permissions/threads/Sampler_joinTransfer_accessible.key 
562509     INFO  main            d.u.i.k.p.i.AbstractProblemLoader Loading environment from /home/runner/work/key/key/key.core/../key.ui/examples/heap/permissions/threads/Sampler_joinTransfer_accessible.key 
562509     DEBUG main            d.u.i.k.p.i.AbstractProblemLoader Environment load took 56.7ns 
562510     WARN  main            d.u.i.k.n.ParsingFacade   /home/runner/work/key/key/key.core/../key.ui/examples/heap/permissions/threads/Sampler_joinTransfer_accessible.key took 0 ms to parse. 
562510     WARN  main            d.u.i.k.n.ParsingFacade   Parsing time 847 ms. 
562510     INFO  main            d.u.i.k.p.i.AbstractProblemLoader Creating init config 
563557     WARN  main            d.u.i.k.n.ParsingFacade   file:/home/runner/work/key/key/key.core/build/resources/main/de/uka/ilkd/key/java/JavaRedux/java/lang/String.key took 1 ms to parse. 
563557     WARN  main            d.u.i.k.n.ParsingFacade   Parsing time 848 ms. 
566993     DEBUG main            d.u.i.k.p.i.AbstractProblemLoader Init config took 4.48s 
567071     INFO  main            d.u.i.k.p.i.AbstractProblemLoader Replaying proof Sampler[ThreadSpec2::joinTransfer()].JML accessible clause.0 
567072     DEBUG main            d.u.i.k.p.i.IntermediateProofReplayer Proof replay took 3.4ns 
567072     WARN  main            d.u.i.k.n.ParsingFacade   /home/runner/work/key/key/key.core/../key.ui/examples/heap/permissions/threads/Sampler_joinTransfer_accessible.key took 0 ms to parse. 
567072     WARN  main            d.u.i.k.n.ParsingFacade   Parsing time 848 ms. 
570506     INFO  main            d.u.i.k.p.r.p.TestFile    ... finished proof: closed. 
571026     INFO  main            d.u.i.k.p.i.AbstractProblemLoader Loading environment from /home/runner/work/key/key/key.core/../key.ui/examples/heap/permissions/threads/Sampler_joinTransfer_accessible.key.proof 
571026     DEBUG main            d.u.i.k.p.i.AbstractProblemLoader Environment load took 79.8ns 
571026     WARN  main            d.u.i.k.n.ParsingFacade   /home/runner/work/key/key/key.core/../key.ui/examples/heap/permissions/threads/Sampler_joinTransfer_accessible.key.proof took 0 ms to parse. 
571026     WARN  main            d.u.i.k.n.ParsingFacade   Parsing time 848 ms. 
571027     INFO  main            d.u.i.k.p.i.AbstractProblemLoader Creating init config 
572063     WARN  main            d.u.i.k.n.ParsingFacade   file:/home/runner/work/key/key/key.core/build/resources/main/de/uka/ilkd/key/java/JavaRedux/java/lang/String.key took 1 ms to parse. 
572063     WARN  main            d.u.i.k.n.ParsingFacade   Parsing time 849 ms. 
575435     DEBUG main            d.u.i.k.p.i.AbstractProblemLoader Init config took 4.41s 
575525     INFO  main            d.u.i.k.p.i.AbstractProblemLoader Replaying proof Sampler[ThreadSpec2::joinTransfer()].JML accessible clause.0 
576080     DEBUG main            d.u.i.k.p.i.IntermediateProofReplayer Proof replay took 544.27ms 
576081     WARN  main            d.u.i.k.n.ParsingFacade   /home/runner/work/key/key/key.core/../key.ui/examples/heap/permissions/threads/Sampler_joinTransfer_accessible.key.proof took 0 ms to parse. 
576081     WARN  main            d.u.i.k.n.ParsingFacade   Parsing time 849 ms. 
576081     DEBUG main            d.u.i.k.p.r.p.TestFile    ... success: reloaded. 
576082     INFO  main            d.u.i.k.p.r.p.TestFile    Now processing file /home/runner/work/key/key/key.core/../key.ui/examples/heap/permissions/threads/Sampler_joinTransfer_contract.key 
576082     INFO  main            d.u.i.k.p.i.AbstractProblemLoader Loading environment from /home/runner/work/key/key/key.core/../key.ui/examples/heap/permissions/threads/Sampler_joinTransfer_contract.key 
576083     DEBUG main            d.u.i.k.p.i.AbstractProblemLoader Environment load took 69.1ns 
576083     WARN  main            d.u.i.k.n.ParsingFacade   /home/runner/work/key/key/key.core/../key.ui/examples/heap/permissions/threads/Sampler_joinTransfer_contract.key took 0 ms to parse. 
576083     WARN  main            d.u.i.k.n.ParsingFacade   Parsing time 849 ms. 
576083     INFO  main            d.u.i.k.p.i.AbstractProblemLoader Creating init config 
577134     WARN  main            d.u.i.k.n.ParsingFacade   file:/home/runner/work/key/key/key.core/build/resources/main/de/uka/ilkd/key/java/JavaRedux/java/lang/String.key took 1 ms to parse. 
577134     WARN  main            d.u.i.k.n.ParsingFacade   Parsing time 850 ms. 
580581     DEBUG main            d.u.i.k.p.i.AbstractProblemLoader Init config took 4.5s 
580676     INFO  main            d.u.i.k.p.i.AbstractProblemLoader Replaying proof Sampler[ThreadSpec2::joinTransfer()].JML model_behavior operation contract.0 
580677     DEBUG main            d.u.i.k.p.i.IntermediateProofReplayer Proof replay took 4.8ns 
580678     WARN  main            d.u.i.k.n.ParsingFacade   /home/runner/work/key/key/key.core/../key.ui/examples/heap/permissions/threads/Sampler_joinTransfer_contract.key took 0 ms to parse. 
580678     WARN  main            d.u.i.k.n.ParsingFacade   Parsing time 850 ms. 
580779     INFO  main            d.u.i.k.p.r.p.TestFile    ... finished proof: closed. 
581296     INFO  main            d.u.i.k.p.i.AbstractProblemLoader Loading environment from /home/runner/work/key/key/key.core/../key.ui/examples/heap/permissions/threads/Sampler_joinTransfer_contract.key.proof 
581297     DEBUG main            d.u.i.k.p.i.AbstractProblemLoader Environment load took 72.4ns 
581297     WARN  main            d.u.i.k.n.ParsingFacade   /home/runner/work/key/key/key.core/../key.ui/examples/heap/permissions/threads/Sampler_joinTransfer_contract.key.proof took 0 ms to parse. 
581297     WARN  main            d.u.i.k.n.ParsingFacade   Parsing time 850 ms. 
581297     INFO  main            d.u.i.k.p.i.AbstractProblemLoader Creating init config 
582329     WARN  main            d.u.i.k.n.ParsingFacade   file:/home/runner/work/key/key/key.core/build/resources/main/de/uka/ilkd/key/java/JavaRedux/java/lang/String.key took 1 ms to parse. 
582329     WARN  main            d.u.i.k.n.ParsingFacade   Parsing time 851 ms. 
585704     DEBUG main            d.u.i.k.p.i.AbstractProblemLoader Init config took 4.41s 
585798     INFO  main            d.u.i.k.p.i.AbstractProblemLoader Replaying proof Sampler[ThreadSpec2::joinTransfer()].JML model_behavior operation contract.0 
585806     DEBUG main            d.u.i.k.p.i.IntermediateProofReplayer Proof replay took 6.29ms 
585807     WARN  main            d.u.i.k.n.ParsingFacade   /home/runner/work/key/key/key.core/../key.ui/examples/heap/permissions/threads/Sampler_joinTransfer_contract.key.proof took 0 ms to parse. 
585807     WARN  main            d.u.i.k.n.ParsingFacade   Parsing time 851 ms. 
585808     DEBUG main            d.u.i.k.p.r.p.TestFile    ... success: reloaded. 
585809     INFO  main            d.u.i.k.p.r.p.TestFile    Now processing file /home/runner/work/key/key/key.core/../key.ui/examples/heap/permissions/threads/Sampler_postJoin_accessible.key 
585809     INFO  main            d.u.i.k.p.i.AbstractProblemLoader Loading environment from /home/runner/work/key/key/key.core/../key.ui/examples/heap/permissions/threads/Sampler_postJoin_accessible.key 
585809     DEBUG main            d.u.i.k.p.i.AbstractProblemLoader Environment load took 66.4ns 
585809     WARN  main            d.u.i.k.n.ParsingFacade   /home/runner/work/key/key/key.core/../key.ui/examples/heap/permissions/threads/Sampler_postJoin_accessible.key took 0 ms to parse. 
585809     WARN  main            d.u.i.k.n.ParsingFacade   Parsing time 851 ms. 
585810     INFO  main            d.u.i.k.p.i.AbstractProblemLoader Creating init config 
586865     WARN  main            d.u.i.k.n.ParsingFacade   file:/home/runner/work/key/key/key.core/build/resources/main/de/uka/ilkd/key/java/JavaRedux/java/lang/String.key took 1 ms to parse. 
586866     WARN  main            d.u.i.k.n.ParsingFacade   Parsing time 852 ms. 
590300     DEBUG main            d.u.i.k.p.i.AbstractProblemLoader Init config took 4.49s 
590379     INFO  main            d.u.i.k.p.i.AbstractProblemLoader Replaying proof Sampler[ThreadSpec2::postJoin(java.lang.Object)].JML accessible clause.0 
590380     DEBUG main            d.u.i.k.p.i.IntermediateProofReplayer Proof replay took 3.7ns 
590381     WARN  main            d.u.i.k.n.ParsingFacade   /home/runner/work/key/key/key.core/../key.ui/examples/heap/permissions/threads/Sampler_postJoin_accessible.key took 1 ms to parse. 
590381     WARN  main            d.u.i.k.n.ParsingFacade   Parsing time 853 ms. 
590482     INFO  main            d.u.i.k.p.r.p.TestFile    ... finished proof: closed. 
591011     INFO  main            d.u.i.k.p.i.AbstractProblemLoader Loading environment from /home/runner/work/key/key/key.core/../key.ui/examples/heap/permissions/threads/Sampler_postJoin_accessible.key.proof 
591011     DEBUG main            d.u.i.k.p.i.AbstractProblemLoader Environment load took 71.8ns 
591011     WARN  main            d.u.i.k.n.ParsingFacade   /home/runner/work/key/key/key.core/../key.ui/examples/heap/permissions/threads/Sampler_postJoin_accessible.key.proof took 0 ms to parse. 
591011     WARN  main            d.u.i.k.n.ParsingFacade   Parsing time 853 ms. 
591012     INFO  main            d.u.i.k.p.i.AbstractProblemLoader Creating init config 
592050     WARN  main            d.u.i.k.n.ParsingFacade   file:/home/runner/work/key/key/key.core/build/resources/main/de/uka/ilkd/key/java/JavaRedux/java/lang/String.key took 1 ms to parse. 
592050     WARN  main            d.u.i.k.n.ParsingFacade   Parsing time 854 ms. 
595420     DEBUG main            d.u.i.k.p.i.AbstractProblemLoader Init config took 4.41s 
595512     INFO  main            d.u.i.k.p.i.AbstractProblemLoader Replaying proof Sampler[ThreadSpec2::postJoin(java.lang.Object)].JML accessible clause.0 
595521     DEBUG main            d.u.i.k.p.i.IntermediateProofReplayer Proof replay took 7.55ms 
595521     WARN  main            d.u.i.k.n.ParsingFacade   /home/runner/work/key/key/key.core/../key.ui/examples/heap/permissions/threads/Sampler_postJoin_accessible.key.proof took 0 ms to parse. 
595521     WARN  main            d.u.i.k.n.ParsingFacade   Parsing time 854 ms. 
595522     DEBUG main            d.u.i.k.p.r.p.TestFile    ... success: reloaded. 
595523     INFO  main            d.u.i.k.p.r.p.TestFile    Now processing file /home/runner/work/key/key/key.core/../key.ui/examples/heap/permissions/threads/Sampler_preStart_accessible.key 
595523     INFO  main            d.u.i.k.p.i.AbstractProblemLoader Loading environment from /home/runner/work/key/key/key.core/../key.ui/examples/heap/permissions/threads/Sampler_preStart_accessible.key 
595523     DEBUG main            d.u.i.k.p.i.AbstractProblemLoader Environment load took 83.1ns 
595523     WARN  main            d.u.i.k.n.ParsingFacade   /home/runner/work/key/key/key.core/../key.ui/examples/heap/permissions/threads/Sampler_preStart_accessible.key took 0 ms to parse. 
595523     WARN  main            d.u.i.k.n.ParsingFacade   Parsing time 854 ms. 
595524     INFO  main            d.u.i.k.p.i.AbstractProblemLoader Creating init config 
596574     WARN  main            d.u.i.k.n.ParsingFacade   file:/home/runner/work/key/key/key.core/build/resources/main/de/uka/ilkd/key/java/JavaRedux/java/lang/String.key took 1 ms to parse. 
596574     WARN  main            d.u.i.k.n.ParsingFacade   Parsing time 855 ms. 
600009     DEBUG main            d.u.i.k.p.i.AbstractProblemLoader Init config took 4.49s 
600088     INFO  main            d.u.i.k.p.i.AbstractProblemLoader Replaying proof Sampler[ThreadSpec2::preStart(java.lang.Object)].JML accessible clause.0 
600089     DEBUG main            d.u.i.k.p.i.IntermediateProofReplayer Proof replay took 4.2ns 
600089     WARN  main            d.u.i.k.n.ParsingFacade   /home/runner/work/key/key/key.core/../key.ui/examples/heap/permissions/threads/Sampler_preStart_accessible.key took 0 ms to parse. 
600089     WARN  main            d.u.i.k.n.ParsingFacade   Parsing time 855 ms. 
600191     INFO  main            d.u.i.k.p.r.p.TestFile    ... finished proof: closed. 
600762     INFO  main            d.u.i.k.p.i.AbstractProblemLoader Loading environment from /home/runner/work/key/key/key.core/../key.ui/examples/heap/permissions/threads/Sampler_preStart_accessible.key.proof 
600762     DEBUG main            d.u.i.k.p.i.AbstractProblemLoader Environment load took 65.7ns 
600762     WARN  main            d.u.i.k.n.ParsingFacade   /home/runner/work/key/key/key.core/../key.ui/examples/heap/permissions/threads/Sampler_preStart_accessible.key.proof took 0 ms to parse. 
600762     WARN  main            d.u.i.k.n.ParsingFacade   Parsing time 855 ms. 
600763     INFO  main            d.u.i.k.p.i.AbstractProblemLoader Creating init config 
601802     WARN  main            d.u.i.k.n.ParsingFacade   file:/home/runner/work/key/key/key.core/build/resources/main/de/uka/ilkd/key/java/JavaRedux/java/lang/String.key took 1 ms to parse. 
601802     WARN  main            d.u.i.k.n.ParsingFacade   Parsing time 856 ms. 
605165     DEBUG main            d.u.i.k.p.i.AbstractProblemLoader Init config took 4.4s 
605256     INFO  main            d.u.i.k.p.i.AbstractProblemLoader Replaying proof Sampler[ThreadSpec2::preStart(java.lang.Object)].JML accessible clause.0 
605266     DEBUG main            d.u.i.k.p.i.IntermediateProofReplayer Proof replay took 7.89ms 
605266     WARN  main            d.u.i.k.n.ParsingFacade   /home/runner/work/key/key/key.core/../key.ui/examples/heap/permissions/threads/Sampler_preStart_accessible.key.proof took 0 ms to parse. 
605266     WARN  main            d.u.i.k.n.ParsingFacade   Parsing time 856 ms. 
605266     DEBUG main            d.u.i.k.p.r.p.TestFile    ... success: reloaded. 
605267     INFO  main            d.u.i.k.p.r.p.TestFile    Now processing file /home/runner/work/key/key/key.core/../key.ui/examples/heap/permissions/threads/Sampler_run.key 
605267     INFO  main            d.u.i.k.p.i.AbstractProblemLoader Loading environment from /home/runner/work/key/key/key.core/../key.ui/examples/heap/permissions/threads/Sampler_run.key 
605267     DEBUG main            d.u.i.k.p.i.AbstractProblemLoader Environment load took 62.5ns 
605267     WARN  main            d.u.i.k.n.ParsingFacade   /home/runner/work/key/key/key.core/../key.ui/examples/heap/permissions/threads/Sampler_run.key took 0 ms to parse. 
605268     WARN  main            d.u.i.k.n.ParsingFacade   Parsing time 856 ms. 
605268     INFO  main            d.u.i.k.p.i.AbstractProblemLoader Creating init config 
606321     WARN  main            d.u.i.k.n.ParsingFacade   file:/home/runner/work/key/key/key.core/build/resources/main/de/uka/ilkd/key/java/JavaRedux/java/lang/String.key took 1 ms to parse. 
606321     WARN  main            d.u.i.k.n.ParsingFacade   Parsing time 857 ms. 
609753     DEBUG main            d.u.i.k.p.i.AbstractProblemLoader Init config took 4.48s 
609832     INFO  main            d.u.i.k.p.i.AbstractProblemLoader Replaying proof Sampler[ThreadSpec2::run()].JML normal_behavior operation contract.0 
609833     DEBUG main            d.u.i.k.p.i.IntermediateProofReplayer Proof replay took 3.6ns 
609833     WARN  main            d.u.i.k.n.ParsingFacade   /home/runner/work/key/key/key.core/../key.ui/examples/heap/permissions/threads/Sampler_run.key took 0 ms to parse. 
609833     WARN  main            d.u.i.k.n.ParsingFacade   Parsing time 857 ms. 
609934     INFO  main            d.u.i.k.p.r.p.TestFile    ... finished proof: closed. 
610473     INFO  main            d.u.i.k.p.i.AbstractProblemLoader Loading environment from /home/runner/work/key/key/key.core/../key.ui/examples/heap/permissions/threads/Sampler_run.key.proof 
610474     DEBUG main            d.u.i.k.p.i.AbstractProblemLoader Environment load took 69.9ns 
610474     WARN  main            d.u.i.k.n.ParsingFacade   /home/runner/work/key/key/key.core/../key.ui/examples/heap/permissions/threads/Sampler_run.key.proof took 0 ms to parse. 
610474     WARN  main            d.u.i.k.n.ParsingFacade   Parsing time 857 ms. 
610474     INFO  main            d.u.i.k.p.i.AbstractProblemLoader Creating init config 
611507     WARN  main            d.u.i.k.n.ParsingFacade   file:/home/runner/work/key/key/key.core/build/resources/main/de/uka/ilkd/key/java/JavaRedux/java/lang/String.key took 2 ms to parse. 
611507     WARN  main            d.u.i.k.n.ParsingFacade   Parsing time 859 ms. 
614875     DEBUG main            d.u.i.k.p.i.AbstractProblemLoader Init config took 4.4s 
614954     INFO  main            d.u.i.k.p.i.AbstractProblemLoader Replaying proof Sampler[ThreadSpec2::run()].JML normal_behavior operation contract.0 
614988     DEBUG main            d.u.i.k.p.i.IntermediateProofReplayer Proof replay took 32.33ms 
614988     WARN  main            d.u.i.k.n.ParsingFacade   /home/runner/work/key/key/key.core/../key.ui/examples/heap/permissions/threads/Sampler_run.key.proof took 0 ms to parse. 
614988     WARN  main            d.u.i.k.n.ParsingFacade   Parsing time 859 ms. 
614989     DEBUG main            d.u.i.k.p.r.p.TestFile    ... success: reloaded. 
614990     INFO  main            d.u.i.k.p.r.p.TestFile    Now processing file /home/runner/work/key/key/key.core/../key.ui/examples/heap/permissions/threads/Sampler_Sampler.key 
614990     INFO  main            d.u.i.k.p.i.AbstractProblemLoader Loading environment from /home/runner/work/key/key/key.core/../key.ui/examples/heap/permissions/threads/Sampler_Sampler.key 
614990     DEBUG main            d.u.i.k.p.i.AbstractProblemLoader Environment load took 141.7ns 
614990     WARN  main            d.u.i.k.n.ParsingFacade   /home/runner/work/key/key/key.core/../key.ui/examples/heap/permissions/threads/Sampler_Sampler.key took 0 ms to parse. 
614991     WARN  main            d.u.i.k.n.ParsingFacade   Parsing time 859 ms. 
614991     INFO  main            d.u.i.k.p.i.AbstractProblemLoader Creating init config 
616043     WARN  main            d.u.i.k.n.ParsingFacade   file:/home/runner/work/key/key/key.core/build/resources/main/de/uka/ilkd/key/java/JavaRedux/java/lang/String.key took 1 ms to parse. 
616043     WARN  main            d.u.i.k.n.ParsingFacade   Parsing time 860 ms. 
619484     DEBUG main            d.u.i.k.p.i.AbstractProblemLoader Init config took 4.49s 
619578     INFO  main            d.u.i.k.p.i.AbstractProblemLoader Replaying proof Sampler[Sampler::Sampler(Buffer)].JML normal_behavior operation contract.0 
619580     DEBUG main            d.u.i.k.p.i.IntermediateProofReplayer Proof replay took 3.4ns 
619580     WARN  main            d.u.i.k.n.ParsingFacade   /home/runner/work/key/key/key.core/../key.ui/examples/heap/permissions/threads/Sampler_Sampler.key took 0 ms to parse. 
619580     WARN  main            d.u.i.k.n.ParsingFacade   Parsing time 860 ms. 
620082     INFO  main            d.u.i.k.p.r.p.TestFile    ... finished proof: closed. 
620656     INFO  main            d.u.i.k.p.i.AbstractProblemLoader Loading environment from /home/runner/work/key/key/key.core/../key.ui/examples/heap/permissions/threads/Sampler_Sampler.key.proof 
620656     DEBUG main            d.u.i.k.p.i.AbstractProblemLoader Environment load took 68.5ns 
620656     WARN  main            d.u.i.k.n.ParsingFacade   /home/runner/work/key/key/key.core/../key.ui/examples/heap/permissions/threads/Sampler_Sampler.key.proof took 0 ms to parse. 
620656     WARN  main            d.u.i.k.n.ParsingFacade   Parsing time 860 ms. 
620657     INFO  main            d.u.i.k.p.i.AbstractProblemLoader Creating init config 
621744     WARN  main            d.u.i.k.n.ParsingFacade   file:/home/runner/work/key/key/key.core/build/resources/main/de/uka/ilkd/key/java/JavaRedux/java/lang/String.key took 24 ms to parse. 
621744     WARN  main            d.u.i.k.n.ParsingFacade   Parsing time 884 ms. 
625503     DEBUG main            d.u.i.k.p.i.AbstractProblemLoader Init config took 4.85s 
625605     INFO  main            d.u.i.k.p.i.AbstractProblemLoader Replaying proof Sampler[Sampler::Sampler(Buffer)].JML normal_behavior operation contract.0 
625687     DEBUG main            d.u.i.k.p.i.IntermediateProofReplayer Proof replay took 80.08ms 
625687     WARN  main            d.u.i.k.n.ParsingFacade   /home/runner/work/key/key/key.core/../key.ui/examples/heap/permissions/threads/Sampler_Sampler.key.proof took 0 ms to parse. 
625687     WARN  main            d.u.i.k.n.ParsingFacade   Parsing time 884 ms. 
625688     DEBUG main            d.u.i.k.p.r.p.TestFile    ... success: reloaded. 
625689     INFO  main            d.u.i.k.p.r.p.TestFile    Now processing file /home/runner/work/key/key/key.core/../key.ui/examples/heap/permissions/threads/Sampler_startTransfer_accessible.key 
625689     INFO  main            d.u.i.k.p.i.AbstractProblemLoader Loading environment from /home/runner/work/key/key/key.core/../key.ui/examples/heap/permissions/threads/Sampler_startTransfer_accessible.key 
625689     DEBUG main            d.u.i.k.p.i.AbstractProblemLoader Environment load took 64.2ns 
625689     WARN  main            d.u.i.k.n.ParsingFacade   /home/runner/work/key/key/key.core/../key.ui/examples/heap/permissions/threads/Sampler_startTransfer_accessible.key took 0 ms to parse. 
625689     WARN  main            d.u.i.k.n.ParsingFacade   Parsing time 884 ms. 
625690     INFO  main            d.u.i.k.p.i.AbstractProblemLoader Creating init config 
626788     WARN  main            d.u.i.k.n.ParsingFacade   file:/home/runner/work/key/key/key.core/build/resources/main/de/uka/ilkd/key/java/JavaRedux/java/lang/String.key took 2 ms to parse. 
626788     WARN  main            d.u.i.k.n.ParsingFacade   Parsing time 886 ms. 
630352     DEBUG main            d.u.i.k.p.i.AbstractProblemLoader Init config took 4.66s 
630443     INFO  main            d.u.i.k.p.i.AbstractProblemLoader Replaying proof Sampler[ThreadSpec2::startTransfer()].JML accessible clause.0 
630445     DEBUG main            d.u.i.k.p.i.IntermediateProofReplayer Proof replay took 4.1ns 
630445     WARN  main            d.u.i.k.n.ParsingFacade   /home/runner/work/key/key/key.core/../key.ui/examples/heap/permissions/threads/Sampler_startTransfer_accessible.key took 0 ms to parse. 
630445     WARN  main            d.u.i.k.n.ParsingFacade   Parsing time 886 ms. 
634669     INFO  main            d.u.i.k.p.r.p.TestFile    ... finished proof: closed. 
635220     INFO  main            d.u.i.k.p.i.AbstractProblemLoader Loading environment from /home/runner/work/key/key/key.core/../key.ui/examples/heap/permissions/threads/Sampler_startTransfer_accessible.key.proof 
635221     DEBUG main            d.u.i.k.p.i.AbstractProblemLoader Environment load took 296.91ns 
635222     WARN  main            d.u.i.k.n.ParsingFacade   /home/runner/work/key/key/key.core/../key.ui/examples/heap/permissions/threads/Sampler_startTransfer_accessible.key.proof took 1 ms to parse. 
635222     WARN  main            d.u.i.k.n.ParsingFacade   Parsing time 887 ms. 
635222     INFO  main            d.u.i.k.p.i.AbstractProblemLoader Creating init config 
636287     WARN  main            d.u.i.k.n.ParsingFacade   file:/home/runner/work/key/key/key.core/build/resources/main/de/uka/ilkd/key/java/JavaRedux/java/lang/String.key took 1 ms to parse. 
636287     WARN  main            d.u.i.k.n.ParsingFacade   Parsing time 888 ms. 
639837     DEBUG main            d.u.i.k.p.i.AbstractProblemLoader Init config took 4.61s 
639918     INFO  main            d.u.i.k.p.i.AbstractProblemLoader Replaying proof Sampler[ThreadSpec2::startTransfer()].JML accessible clause.0 
640503     DEBUG main            d.u.i.k.p.i.IntermediateProofReplayer Proof replay took 573.46ms 
640504     WARN  main            d.u.i.k.n.ParsingFacade   /home/runner/work/key/key/key.core/../key.ui/examples/heap/permissions/threads/Sampler_startTransfer_accessible.key.proof took 0 ms to parse. 
640504     WARN  main            d.u.i.k.n.ParsingFacade   Parsing time 888 ms. 
640504     DEBUG main            d.u.i.k.p.r.p.TestFile    ... success: reloaded. 
640505     INFO  main            d.u.i.k.p.r.p.TestFile    Now processing file /home/runner/work/key/key/key.core/../key.ui/examples/heap/permissions/threads/Sampler_startTransfer_contract.key 
640505     INFO  main            d.u.i.k.p.i.AbstractProblemLoader Loading environment from /home/runner/work/key/key/key.core/../key.ui/examples/heap/permissions/threads/Sampler_startTransfer_contract.key 
640505     DEBUG main            d.u.i.k.p.i.AbstractProblemLoader Environment load took 61.1ns 
640506     WARN  main            d.u.i.k.n.ParsingFacade   /home/runner/work/key/key/key.core/../key.ui/examples/heap/permissions/threads/Sampler_startTransfer_contract.key took 1 ms to parse. 
640506     WARN  main            d.u.i.k.n.ParsingFacade   Parsing time 889 ms. 
640506     INFO  main            d.u.i.k.p.i.AbstractProblemLoader Creating init config 
641559     WARN  main            d.u.i.k.n.ParsingFacade   file:/home/runner/work/key/key/key.core/build/resources/main/de/uka/ilkd/key/java/JavaRedux/java/lang/String.key took 1 ms to parse. 
641559     WARN  main            d.u.i.k.n.ParsingFacade   Parsing time 890 ms. 
644960     DEBUG main            d.u.i.k.p.i.AbstractProblemLoader Init config took 4.45s 
645056     INFO  main            d.u.i.k.p.i.AbstractProblemLoader Replaying proof Sampler[ThreadSpec2::startTransfer()].JML model_behavior operation contract.0 
645058     DEBUG main            d.u.i.k.p.i.IntermediateProofReplayer Proof replay took 3.2ns 
645058     WARN  main            d.u.i.k.n.ParsingFacade   /home/runner/work/key/key/key.core/../key.ui/examples/heap/permissions/threads/Sampler_startTransfer_contract.key took 0 ms to parse. 
645058     WARN  main            d.u.i.k.n.ParsingFacade   Parsing time 890 ms. 
645159     INFO  main            d.u.i.k.p.r.p.TestFile    ... finished proof: closed. 
645716     INFO  main            d.u.i.k.p.i.AbstractProblemLoader Loading environment from /home/runner/work/key/key/key.core/../key.ui/examples/heap/permissions/threads/Sampler_startTransfer_contract.key.proof 
645716     DEBUG main            d.u.i.k.p.i.AbstractProblemLoader Environment load took 72.8ns 
645716     WARN  main            d.u.i.k.n.ParsingFacade   /home/runner/work/key/key/key.core/../key.ui/examples/heap/permissions/threads/Sampler_startTransfer_contract.key.proof took 0 ms to parse. 
645716     WARN  main            d.u.i.k.n.ParsingFacade   Parsing time 890 ms. 
645717     INFO  main            d.u.i.k.p.i.AbstractProblemLoader Creating init config 
646743     WARN  main            d.u.i.k.n.ParsingFacade   file:/home/runner/work/key/key/key.core/build/resources/main/de/uka/ilkd/key/java/JavaRedux/java/lang/String.key took 1 ms to parse. 
646743     WARN  main            d.u.i.k.n.ParsingFacade   Parsing time 891 ms. 
650121     DEBUG main            d.u.i.k.p.i.AbstractProblemLoader Init config took 4.4s 
650200     INFO  main            d.u.i.k.p.i.AbstractProblemLoader Replaying proof Sampler[ThreadSpec2::startTransfer()].JML model_behavior operation contract.0 
650207     DEBUG main            d.u.i.k.p.i.IntermediateProofReplayer Proof replay took 6.08ms 
650207     WARN  main            d.u.i.k.n.ParsingFacade   /home/runner/work/key/key/key.core/../key.ui/examples/heap/permissions/threads/Sampler_startTransfer_contract.key.proof took 0 ms to parse. 
650207     WARN  main            d.u.i.k.n.ParsingFacade   Parsing time 891 ms. 
650208     DEBUG main            d.u.i.k.p.r.p.TestFile    ... success: reloaded. 
650208     INFO  main            d.u.i.k.p.r.p.TestFile    Now processing file /home/runner/work/key/key/key.core/../key.ui/examples/heap/permissions/threads/Sampler_stateInv_accessible.key 
650208     INFO  main            d.u.i.k.p.i.AbstractProblemLoader Loading environment from /home/runner/work/key/key/key.core/../key.ui/examples/heap/permissions/threads/Sampler_stateInv_accessible.key 
650209     DEBUG main            d.u.i.k.p.i.AbstractProblemLoader Environment load took 46.4ns 
650209     WARN  main            d.u.i.k.n.ParsingFacade   /home/runner/work/key/key/key.core/../key.ui/examples/heap/permissions/threads/Sampler_stateInv_accessible.key took 0 ms to parse. 
650209     WARN  main            d.u.i.k.n.ParsingFacade   Parsing time 891 ms. 
650209     INFO  main            d.u.i.k.p.i.AbstractProblemLoader Creating init config 
651259     WARN  main            d.u.i.k.n.ParsingFacade   file:/home/runner/work/key/key/key.core/build/resources/main/de/uka/ilkd/key/java/JavaRedux/java/lang/String.key took 1 ms to parse. 
651259     WARN  main            d.u.i.k.n.ParsingFacade   Parsing time 892 ms. 
654685     DEBUG main            d.u.i.k.p.i.AbstractProblemLoader Init config took 4.48s 
654763     INFO  main            d.u.i.k.p.i.AbstractProblemLoader Replaying proof Sampler[ThreadSpec2::stateInv()].JML accessible clause.0 
654764     DEBUG main            d.u.i.k.p.i.IntermediateProofReplayer Proof replay took 3.9ns 
654765     WARN  main            d.u.i.k.n.ParsingFacade   /home/runner/work/key/key/key.core/../key.ui/examples/heap/permissions/threads/Sampler_stateInv_accessible.key took 1 ms to parse. 
654765     WARN  main            d.u.i.k.n.ParsingFacade   Parsing time 893 ms. 
654866     INFO  main            d.u.i.k.p.r.p.TestFile    ... finished proof: closed. 
655421     INFO  main            d.u.i.k.p.i.AbstractProblemLoader Loading environment from /home/runner/work/key/key/key.core/../key.ui/examples/heap/permissions/threads/Sampler_stateInv_accessible.key.proof 
655421     DEBUG main            d.u.i.k.p.i.AbstractProblemLoader Environment load took 73.2ns 
655421     WARN  main            d.u.i.k.n.ParsingFacade   /home/runner/work/key/key/key.core/../key.ui/examples/heap/permissions/threads/Sampler_stateInv_accessible.key.proof took 0 ms to parse. 
655421     WARN  main            d.u.i.k.n.ParsingFacade   Parsing time 893 ms. 
655422     INFO  main            d.u.i.k.p.i.AbstractProblemLoader Creating init config 
656445     WARN  main            d.u.i.k.n.ParsingFacade   file:/home/runner/work/key/key/key.core/build/resources/main/de/uka/ilkd/key/java/JavaRedux/java/lang/String.key took 1 ms to parse. 
656446     WARN  main            d.u.i.k.n.ParsingFacade   Parsing time 894 ms. 
659812     DEBUG main            d.u.i.k.p.i.AbstractProblemLoader Init config took 4.39s 
659890     INFO  main            d.u.i.k.p.i.AbstractProblemLoader Replaying proof Sampler[ThreadSpec2::stateInv()].JML accessible clause.0 
659897     DEBUG main            d.u.i.k.p.i.IntermediateProofReplayer Proof replay took 5.45ms 
659898     WARN  main            d.u.i.k.n.ParsingFacade   /home/runner/work/key/key/key.core/../key.ui/examples/heap/permissions/threads/Sampler_stateInv_accessible.key.proof took 0 ms to parse. 
659898     WARN  main            d.u.i.k.n.ParsingFacade   Parsing time 894 ms. 
659898     DEBUG main            d.u.i.k.p.r.p.TestFile    ... success: reloaded. 
659899     INFO  main            d.u.i.k.p.r.p.TestFile    Now processing file /home/runner/work/key/key/key.core/../key.ui/examples/heap/permissions/threads/Sampler_staticPermissions_accessible.key 
659899     INFO  main            d.u.i.k.p.i.AbstractProblemLoader Loading environment from /home/runner/work/key/key/key.core/../key.ui/examples/heap/permissions/threads/Sampler_staticPermissions_accessible.key 
659899     DEBUG main            d.u.i.k.p.i.AbstractProblemLoader Environment load took 75.8ns 
659899     WARN  main            d.u.i.k.n.ParsingFacade   /home/runner/work/key/key/key.core/../key.ui/examples/heap/permissions/threads/Sampler_staticPermissions_accessible.key took 0 ms to parse. 
659899     WARN  main            d.u.i.k.n.ParsingFacade   Parsing time 894 ms. 
659900     INFO  main            d.u.i.k.p.i.AbstractProblemLoader Creating init config 
660951     WARN  main            d.u.i.k.n.ParsingFacade   file:/home/runner/work/key/key/key.core/build/resources/main/de/uka/ilkd/key/java/JavaRedux/java/lang/String.key took 1 ms to parse. 
660951     WARN  main            d.u.i.k.n.ParsingFacade   Parsing time 895 ms. 
664385     DEBUG main            d.u.i.k.p.i.AbstractProblemLoader Init config took 4.49s 
664464     INFO  main            d.u.i.k.p.i.AbstractProblemLoader Replaying proof Sampler[ThreadSpec2::staticPermissions()].JML accessible clause.0 
664465     DEBUG main            d.u.i.k.p.i.IntermediateProofReplayer Proof replay took 3.9ns 
664465     WARN  main            d.u.i.k.n.ParsingFacade   /home/runner/work/key/key/key.core/../key.ui/examples/heap/permissions/threads/Sampler_staticPermissions_accessible.key took 0 ms to parse. 
664465     WARN  main            d.u.i.k.n.ParsingFacade   Parsing time 895 ms. 
664568     INFO  main            d.u.i.k.p.r.p.TestFile    ... finished proof: closed. 
665129     INFO  main            d.u.i.k.p.i.AbstractProblemLoader Loading environment from /home/runner/work/key/key/key.core/../key.ui/examples/heap/permissions/threads/Sampler_staticPermissions_accessible.key.proof 
665129     DEBUG main            d.u.i.k.p.i.AbstractProblemLoader Environment load took 72.9ns 
665129     WARN  main            d.u.i.k.n.ParsingFacade   /home/runner/work/key/key/key.core/../key.ui/examples/heap/permissions/threads/Sampler_staticPermissions_accessible.key.proof took 0 ms to parse. 
665129     WARN  main            d.u.i.k.n.ParsingFacade   Parsing time 895 ms. 
665130     INFO  main            d.u.i.k.p.i.AbstractProblemLoader Creating init config 
666162     WARN  main            d.u.i.k.n.ParsingFacade   file:/home/runner/work/key/key/key.core/build/resources/main/de/uka/ilkd/key/java/JavaRedux/java/lang/String.key took 1 ms to parse. 
666162     WARN  main            d.u.i.k.n.ParsingFacade   Parsing time 896 ms. 
669526     DEBUG main            d.u.i.k.p.i.AbstractProblemLoader Init config took 4.4s 
669604     INFO  main            d.u.i.k.p.i.AbstractProblemLoader Replaying proof Sampler[ThreadSpec2::staticPermissions()].JML accessible clause.0 
669608     DEBUG main            d.u.i.k.p.i.IntermediateProofReplayer Proof replay took 3.19ms 
669609     WARN  main            d.u.i.k.n.ParsingFacade   /home/runner/work/key/key/key.core/../key.ui/examples/heap/permissions/threads/Sampler_staticPermissions_accessible.key.proof took 0 ms to parse. 
669609     WARN  main            d.u.i.k.n.ParsingFacade   Parsing time 896 ms. 
669609     DEBUG main            d.u.i.k.p.r.p.TestFile    ... success: reloaded. 
669610     INFO  main            d.u.i.k.p.r.p.TestFile    Now processing file /home/runner/work/key/key/key.core/../key.ui/examples/heap/permissions/threads/Sampler_workingPermissions_accessible.key 
669610     INFO  main            d.u.i.k.p.i.AbstractProblemLoader Loading environment from /home/runner/work/key/key/key.core/../key.ui/examples/heap/permissions/threads/Sampler_workingPermissions_accessible.key 
669610     DEBUG main            d.u.i.k.p.i.AbstractProblemLoader Environment load took 52.3ns 
669611     WARN  main            d.u.i.k.n.ParsingFacade   /home/runner/work/key/key/key.core/../key.ui/examples/heap/permissions/threads/Sampler_workingPermissions_accessible.key took 0 ms to parse. 
669611     WARN  main            d.u.i.k.n.ParsingFacade   Parsing time 896 ms. 
669611     INFO  main            d.u.i.k.p.i.AbstractProblemLoader Creating init config 
670663     WARN  main            d.u.i.k.n.ParsingFacade   file:/home/runner/work/key/key/key.core/build/resources/main/de/uka/ilkd/key/java/JavaRedux/java/lang/String.key took 1 ms to parse. 
670663     WARN  main            d.u.i.k.n.ParsingFacade   Parsing time 897 ms. 
674086     DEBUG main            d.u.i.k.p.i.AbstractProblemLoader Init config took 4.47s 
674165     INFO  main            d.u.i.k.p.i.AbstractProblemLoader Replaying proof Sampler[ThreadSpec2::workingPermissions()].JML accessible clause.0 
674166     DEBUG main            d.u.i.k.p.i.IntermediateProofReplayer Proof replay took 4.3ns 
674166     WARN  main            d.u.i.k.n.ParsingFacade   /home/runner/work/key/key/key.core/../key.ui/examples/heap/permissions/threads/Sampler_workingPermissions_accessible.key took 0 ms to parse. 
674166     WARN  main            d.u.i.k.n.ParsingFacade   Parsing time 897 ms. 
674267     INFO  main            d.u.i.k.p.r.p.TestFile    ... finished proof: closed. 
674835     INFO  main            d.u.i.k.p.i.AbstractProblemLoader Loading environment from /home/runner/work/key/key/key.core/../key.ui/examples/heap/permissions/threads/Sampler_workingPermissions_accessible.key.proof 
674835     DEBUG main            d.u.i.k.p.i.AbstractProblemLoader Environment load took 73ns 
674835     WARN  main            d.u.i.k.n.ParsingFacade   /home/runner/work/key/key/key.core/../key.ui/examples/heap/permissions/threads/Sampler_workingPermissions_accessible.key.proof took 0 ms to parse. 
674835     WARN  main            d.u.i.k.n.ParsingFacade   Parsing time 897 ms. 
674835     INFO  main            d.u.i.k.p.i.AbstractProblemLoader Creating init config 
675862     WARN  main            d.u.i.k.n.ParsingFacade   file:/home/runner/work/key/key/key.core/build/resources/main/de/uka/ilkd/key/java/JavaRedux/java/lang/String.key took 1 ms to parse. 
675863     WARN  main            d.u.i.k.n.ParsingFacade   Parsing time 898 ms. 
679259     DEBUG main            d.u.i.k.p.i.AbstractProblemLoader Init config took 4.42s 
679337     INFO  main            d.u.i.k.p.i.AbstractProblemLoader Replaying proof Sampler[ThreadSpec2::workingPermissions()].JML accessible clause.0 
679343     DEBUG main            d.u.i.k.p.i.IntermediateProofReplayer Proof replay took 4.4ms 
679343     WARN  main            d.u.i.k.n.ParsingFacade   /home/runner/work/key/key/key.core/../key.ui/examples/heap/permissions/threads/Sampler_workingPermissions_accessible.key.proof took 0 ms to parse. 
679343     WARN  main            d.u.i.k.n.ParsingFacade   Parsing time 898 ms. 
679343     DEBUG main            d.u.i.k.p.r.p.TestFile    ... success: reloaded. 
679344     INFO  main            d.u.i.k.p.r.p.TestFile    Now processing file /home/runner/work/key/key/key.core/../key.ui/examples/heap/permissions/mulleretal/ReadWrite_doRead_contract.key 
679344     INFO  main            d.u.i.k.p.i.AbstractProblemLoader Loading environment from /home/runner/work/key/key/key.core/../key.ui/examples/heap/permissions/mulleretal/ReadWrite_doRead_contract.key 
679344     DEBUG main            d.u.i.k.p.i.AbstractProblemLoader Environment load took 85ns 
679345     WARN  main            d.u.i.k.n.ParsingFacade   /home/runner/work/key/key/key.core/../key.ui/examples/heap/permissions/mulleretal/ReadWrite_doRead_contract.key took 0 ms to parse. 
679345     WARN  main            d.u.i.k.n.ParsingFacade   Parsing time 898 ms. 
679345     INFO  main            d.u.i.k.p.i.AbstractProblemLoader Creating init config 
680218     WARN  main            d.u.i.k.n.ParsingFacade   file:/home/runner/work/key/key/key.core/build/resources/main/de/uka/ilkd/key/java/JavaRedux/java/lang/String.key took 1 ms to parse. 
680218     WARN  main            d.u.i.k.n.ParsingFacade   Parsing time 899 ms. 
681892     DEBUG main            d.u.i.k.p.i.AbstractProblemLoader Init config took 2.55s 
681924     INFO  main            d.u.i.k.p.i.AbstractProblemLoader Replaying proof ReadWrite[ReadWrite::doRead()].JML normal_behavior operation contract.0 
681926     DEBUG main            d.u.i.k.p.i.IntermediateProofReplayer Proof replay took 4ns 
681926     WARN  main            d.u.i.k.n.ParsingFacade   /home/runner/work/key/key/key.core/../key.ui/examples/heap/permissions/mulleretal/ReadWrite_doRead_contract.key took 0 ms to parse. 
681926     WARN  main            d.u.i.k.n.ParsingFacade   Parsing time 899 ms. 
683437     INFO  main            d.u.i.k.p.r.p.TestFile    ... finished proof: closed. 
684043     INFO  main            d.u.i.k.p.i.AbstractProblemLoader Loading environment from /home/runner/work/key/key/key.core/../key.ui/examples/heap/permissions/mulleretal/ReadWrite_doRead_contract.key.proof 
684043     DEBUG main            d.u.i.k.p.i.AbstractProblemLoader Environment load took 133.5ns 
684044     WARN  main            d.u.i.k.n.ParsingFacade   /home/runner/work/key/key/key.core/../key.ui/examples/heap/permissions/mulleretal/ReadWrite_doRead_contract.key.proof took 0 ms to parse. 
684044     WARN  main            d.u.i.k.n.ParsingFacade   Parsing time 899 ms. 
684044     INFO  main            d.u.i.k.p.i.AbstractProblemLoader Creating init config 
684885     WARN  main            d.u.i.k.n.ParsingFacade   file:/home/runner/work/key/key/key.core/build/resources/main/de/uka/ilkd/key/java/JavaRedux/java/lang/String.key took 1 ms to parse. 
684885     WARN  main            d.u.i.k.n.ParsingFacade   Parsing time 900 ms. 
686542     DEBUG main            d.u.i.k.p.i.AbstractProblemLoader Init config took 2.5s 
686575     INFO  main            d.u.i.k.p.i.AbstractProblemLoader Replaying proof ReadWrite[ReadWrite::doRead()].JML normal_behavior operation contract.0 
686930     DEBUG main            d.u.i.k.p.i.IntermediateProofReplayer Proof replay took 349.83ms 
686931     WARN  main            d.u.i.k.n.ParsingFacade   /home/runner/work/key/key/key.core/../key.ui/examples/heap/permissions/mulleretal/ReadWrite_doRead_contract.key.proof took 0 ms to parse. 
686931     WARN  main            d.u.i.k.n.ParsingFacade   Parsing time 900 ms. 
686931     DEBUG main            d.u.i.k.p.r.p.TestFile    ... success: reloaded. 
686932     INFO  main            d.u.i.k.p.r.p.TestFile    Now processing file /home/runner/work/key/key/key.core/../key.ui/examples/heap/permissions/mulleretal/ReadWrite_doWrite_contract.key 
686932     INFO  main            d.u.i.k.p.i.AbstractProblemLoader Loading environment from /home/runner/work/key/key/key.core/../key.ui/examples/heap/permissions/mulleretal/ReadWrite_doWrite_contract.key 
686932     DEBUG main            d.u.i.k.p.i.AbstractProblemLoader Environment load took 41.2ns 
686932     WARN  main            d.u.i.k.n.ParsingFacade   /home/runner/work/key/key/key.core/../key.ui/examples/heap/permissions/mulleretal/ReadWrite_doWrite_contract.key took 0 ms to parse. 
686932     WARN  main            d.u.i.k.n.ParsingFacade   Parsing time 900 ms. 
686933     INFO  main            d.u.i.k.p.i.AbstractProblemLoader Creating init config 
687779     WARN  main            d.u.i.k.n.ParsingFacade   file:/home/runner/work/key/key/key.core/build/resources/main/de/uka/ilkd/key/java/JavaRedux/java/lang/String.key took 1 ms to parse. 
687779     WARN  main            d.u.i.k.n.ParsingFacade   Parsing time 901 ms. 
689496     DEBUG main            d.u.i.k.p.i.AbstractProblemLoader Init config took 2.56s 
689528     INFO  main            d.u.i.k.p.i.AbstractProblemLoader Replaying proof ReadWrite[ReadWrite::doWrite()].JML normal_behavior operation contract.0 
689529     DEBUG main            d.u.i.k.p.i.IntermediateProofReplayer Proof replay took 3.6ns 
689530     WARN  main            d.u.i.k.n.ParsingFacade   /home/runner/work/key/key/key.core/../key.ui/examples/heap/permissions/mulleretal/ReadWrite_doWrite_contract.key took 1 ms to parse. 
689530     WARN  main            d.u.i.k.n.ParsingFacade   Parsing time 902 ms. 
691169     INFO  main            d.u.i.k.p.r.p.TestFile    ... finished proof: closed. 
691820     INFO  main            d.u.i.k.p.i.AbstractProblemLoader Loading environment from /home/runner/work/key/key/key.core/../key.ui/examples/heap/permissions/mulleretal/ReadWrite_doWrite_contract.key.proof 
691820     DEBUG main            d.u.i.k.p.i.AbstractProblemLoader Environment load took 293.51ns 
691821     WARN  main            d.u.i.k.n.ParsingFacade   /home/runner/work/key/key/key.core/../key.ui/examples/heap/permissions/mulleretal/ReadWrite_doWrite_contract.key.proof took 0 ms to parse. 
691821     WARN  main            d.u.i.k.n.ParsingFacade   Parsing time 902 ms. 
691822     INFO  main            d.u.i.k.p.i.AbstractProblemLoader Creating init config 
692662     WARN  main            d.u.i.k.n.ParsingFacade   file:/home/runner/work/key/key/key.core/build/resources/main/de/uka/ilkd/key/java/JavaRedux/java/lang/String.key took 1 ms to parse. 
692662     WARN  main            d.u.i.k.n.ParsingFacade   Parsing time 903 ms. 
694303     DEBUG main            d.u.i.k.p.i.AbstractProblemLoader Init config took 2.48s 
694344     INFO  main            d.u.i.k.p.i.AbstractProblemLoader Replaying proof ReadWrite[ReadWrite::doWrite()].JML normal_behavior operation contract.0 
694694     DEBUG main            d.u.i.k.p.i.IntermediateProofReplayer Proof replay took 345.09ms 
694695     WARN  main            d.u.i.k.n.ParsingFacade   /home/runner/work/key/key/key.core/../key.ui/examples/heap/permissions/mulleretal/ReadWrite_doWrite_contract.key.proof took 0 ms to parse. 
694695     WARN  main            d.u.i.k.n.ParsingFacade   Parsing time 903 ms. 
694695     DEBUG main            d.u.i.k.p.r.p.TestFile    ... success: reloaded. 
694696     INFO  main            d.u.i.k.p.r.p.TestFile    Now processing file /home/runner/work/key/key/key.core/../key.ui/examples/heap/permissions/mulleretal/ReadWrite_read_contract.key 
694696     INFO  main            d.u.i.k.p.i.AbstractProblemLoader Loading environment from /home/runner/work/key/key/key.core/../key.ui/examples/heap/permissions/mulleretal/ReadWrite_read_contract.key 
694696     DEBUG main            d.u.i.k.p.i.AbstractProblemLoader Environment load took 46.4ns 
694696     WARN  main            d.u.i.k.n.ParsingFacade   /home/runner/work/key/key/key.core/../key.ui/examples/heap/permissions/mulleretal/ReadWrite_read_contract.key took 0 ms to parse. 
694696     WARN  main            d.u.i.k.n.ParsingFacade   Parsing time 903 ms. 
694697     INFO  main            d.u.i.k.p.i.AbstractProblemLoader Creating init config 
695544     WARN  main            d.u.i.k.n.ParsingFacade   file:/home/runner/work/key/key/key.core/build/resources/main/de/uka/ilkd/key/java/JavaRedux/java/lang/String.key took 2 ms to parse. 
695544     WARN  main            d.u.i.k.n.ParsingFacade   Parsing time 905 ms. 
697236     DEBUG main            d.u.i.k.p.i.AbstractProblemLoader Init config took 2.54s 
697268     INFO  main            d.u.i.k.p.i.AbstractProblemLoader Replaying proof ReadWrite[ReadWrite::read()].JML normal_behavior operation contract.0 
697269     DEBUG main            d.u.i.k.p.i.IntermediateProofReplayer Proof replay took 4.1ns 
697269     WARN  main            d.u.i.k.n.ParsingFacade   /home/runner/work/key/key/key.core/../key.ui/examples/heap/permissions/mulleretal/ReadWrite_read_contract.key took 0 ms to parse. 
697269     WARN  main            d.u.i.k.n.ParsingFacade   Parsing time 905 ms. 
697371     INFO  main            d.u.i.k.p.r.p.TestFile    ... finished proof: closed. 
697952     INFO  main            d.u.i.k.p.i.AbstractProblemLoader Loading environment from /home/runner/work/key/key/key.core/../key.ui/examples/heap/permissions/mulleretal/ReadWrite_read_contract.key.proof 
697952     DEBUG main            d.u.i.k.p.i.AbstractProblemLoader Environment load took 69.9ns 
697952     WARN  main            d.u.i.k.n.ParsingFacade   /home/runner/work/key/key/key.core/../key.ui/examples/heap/permissions/mulleretal/ReadWrite_read_contract.key.proof took 0 ms to parse. 
697952     WARN  main            d.u.i.k.n.ParsingFacade   Parsing time 905 ms. 
697953     INFO  main            d.u.i.k.p.i.AbstractProblemLoader Creating init config 
698788     WARN  main            d.u.i.k.n.ParsingFacade   file:/home/runner/work/key/key/key.core/build/resources/main/de/uka/ilkd/key/java/JavaRedux/java/lang/String.key took 1 ms to parse. 
698788     WARN  main            d.u.i.k.n.ParsingFacade   Parsing time 906 ms. 
700430     DEBUG main            d.u.i.k.p.i.AbstractProblemLoader Init config took 2.48s 
700462     INFO  main            d.u.i.k.p.i.AbstractProblemLoader Replaying proof ReadWrite[ReadWrite::read()].JML normal_behavior operation contract.0 
700470     DEBUG main            d.u.i.k.p.i.IntermediateProofReplayer Proof replay took 6.92ms 
700470     WARN  main            d.u.i.k.n.ParsingFacade   /home/runner/work/key/key/key.core/../key.ui/examples/heap/permissions/mulleretal/ReadWrite_read_contract.key.proof took 0 ms to parse. 
700470     WARN  main            d.u.i.k.n.ParsingFacade   Parsing time 906 ms. 
700470     DEBUG main            d.u.i.k.p.r.p.TestFile    ... success: reloaded. 
700471     INFO  main            d.u.i.k.p.r.p.TestFile    Now processing file /home/runner/work/key/key/key.core/../key.ui/examples/heap/permissions/mulleretal/ReadWrite_write_contract.key 
700471     INFO  main            d.u.i.k.p.i.AbstractProblemLoader Loading environment from /home/runner/work/key/key/key.core/../key.ui/examples/heap/permissions/mulleretal/ReadWrite_write_contract.key 
700471     DEBUG main            d.u.i.k.p.i.AbstractProblemLoader Environment load took 51.2ns 
700471     WARN  main            d.u.i.k.n.ParsingFacade   /home/runner/work/key/key/key.core/../key.ui/examples/heap/permissions/mulleretal/ReadWrite_write_contract.key took 0 ms to parse. 
700471     WARN  main            d.u.i.k.n.ParsingFacade   Parsing time 906 ms. 
700472     INFO  main            d.u.i.k.p.i.AbstractProblemLoader Creating init config 
701332     WARN  main            d.u.i.k.n.ParsingFacade   file:/home/runner/work/key/key/key.core/build/resources/main/de/uka/ilkd/key/java/JavaRedux/java/lang/String.key took 1 ms to parse. 
701332     WARN  main            d.u.i.k.n.ParsingFacade   Parsing time 907 ms. 
702993     DEBUG main            d.u.i.k.p.i.AbstractProblemLoader Init config took 2.52s 
703026     INFO  main            d.u.i.k.p.i.AbstractProblemLoader Replaying proof ReadWrite[ReadWrite::write()].JML normal_behavior operation contract.0 
703027     DEBUG main            d.u.i.k.p.i.IntermediateProofReplayer Proof replay took 3.6ns 
703027     WARN  main            d.u.i.k.n.ParsingFacade   /home/runner/work/key/key/key.core/../key.ui/examples/heap/permissions/mulleretal/ReadWrite_write_contract.key took 0 ms to parse. 
703027     WARN  main            d.u.i.k.n.ParsingFacade   Parsing time 907 ms. 
703128     INFO  main            d.u.i.k.p.r.p.TestFile    ... finished proof: closed. 
703773     INFO  main            d.u.i.k.p.i.AbstractProblemLoader Loading environment from /home/runner/work/key/key/key.core/../key.ui/examples/heap/permissions/mulleretal/ReadWrite_write_contract.key.proof 
703773     DEBUG main            d.u.i.k.p.i.AbstractProblemLoader Environment load took 75.8ns 
703773     WARN  main            d.u.i.k.n.ParsingFacade   /home/runner/work/key/key/key.core/../key.ui/examples/heap/permissions/mulleretal/ReadWrite_write_contract.key.proof took 0 ms to parse. 
703773     WARN  main            d.u.i.k.n.ParsingFacade   Parsing time 907 ms. 
703774     INFO  main            d.u.i.k.p.i.AbstractProblemLoader Creating init config 
704617     WARN  main            d.u.i.k.n.ParsingFacade   file:/home/runner/work/key/key/key.core/build/resources/main/de/uka/ilkd/key/java/JavaRedux/java/lang/String.key took 1 ms to parse. 
704617     WARN  main            d.u.i.k.n.ParsingFacade   Parsing time 908 ms. 
706251     DEBUG main            d.u.i.k.p.i.AbstractProblemLoader Init config took 2.48s 
706283     INFO  main            d.u.i.k.p.i.AbstractProblemLoader Replaying proof ReadWrite[ReadWrite::write()].JML normal_behavior operation contract.0 
706307     DEBUG main            d.u.i.k.p.i.IntermediateProofReplayer Proof replay took 22.51ms 
706307     WARN  main            d.u.i.k.n.ParsingFacade   /home/runner/work/key/key/key.core/../key.ui/examples/heap/permissions/mulleretal/ReadWrite_write_contract.key.proof took 0 ms to parse. 
706307     WARN  main            d.u.i.k.n.ParsingFacade   Parsing time 908 ms. 
706307     DEBUG main            d.u.i.k.p.r.p.TestFile    ... success: reloaded. 
706308     INFO  main            d.u.i.k.p.r.p.TestFile    Now processing file /home/runner/work/key/key/key.core/../key.ui/examples/heap/permissions/mulleretal/ReadWrite_inv1_accessible.key 
706308     INFO  main            d.u.i.k.p.i.AbstractProblemLoader Loading environment from /home/runner/work/key/key/key.core/../key.ui/examples/heap/permissions/mulleretal/ReadWrite_inv1_accessible.key 
706308     DEBUG main            d.u.i.k.p.i.AbstractProblemLoader Environment load took 65.7ns 
706308     WARN  main            d.u.i.k.n.ParsingFacade   /home/runner/work/key/key/key.core/../key.ui/examples/heap/permissions/mulleretal/ReadWrite_inv1_accessible.key took 0 ms to parse. 
706308     WARN  main            d.u.i.k.n.ParsingFacade   Parsing time 908 ms. 
706309     INFO  main            d.u.i.k.p.i.AbstractProblemLoader Creating init config 
707159     WARN  main            d.u.i.k.n.ParsingFacade   file:/home/runner/work/key/key/key.core/build/resources/main/de/uka/ilkd/key/java/JavaRedux/java/lang/String.key took 1 ms to parse. 
707159     WARN  main            d.u.i.k.n.ParsingFacade   Parsing time 909 ms. 
708821     DEBUG main            d.u.i.k.p.i.AbstractProblemLoader Init config took 2.51s 
708853     INFO  main            d.u.i.k.p.i.AbstractProblemLoader Replaying proof ReadWrite[java.lang.Object::<inv>()].JML accessible clause.0 
708854     DEBUG main            d.u.i.k.p.i.IntermediateProofReplayer Proof replay took 4ns 
708854     WARN  main            d.u.i.k.n.ParsingFacade   /home/runner/work/key/key/key.core/../key.ui/examples/heap/permissions/mulleretal/ReadWrite_inv1_accessible.key took 0 ms to parse. 
708854     WARN  main            d.u.i.k.n.ParsingFacade   Parsing time 909 ms. 
708955     INFO  main            d.u.i.k.p.r.p.TestFile    ... finished proof: closed. 
709541     INFO  main            d.u.i.k.p.i.AbstractProblemLoader Loading environment from /home/runner/work/key/key/key.core/../key.ui/examples/heap/permissions/mulleretal/ReadWrite_inv1_accessible.key.proof 
709541     DEBUG main            d.u.i.k.p.i.AbstractProblemLoader Environment load took 71.4ns 
709542     WARN  main            d.u.i.k.n.ParsingFacade   /home/runner/work/key/key/key.core/../key.ui/examples/heap/permissions/mulleretal/ReadWrite_inv1_accessible.key.proof took 1 ms to parse. 
709542     WARN  main            d.u.i.k.n.ParsingFacade   Parsing time 910 ms. 
709542     INFO  main            d.u.i.k.p.i.AbstractProblemLoader Creating init config 
710378     WARN  main            d.u.i.k.n.ParsingFacade   file:/home/runner/work/key/key/key.core/build/resources/main/de/uka/ilkd/key/java/JavaRedux/java/lang/String.key took 1 ms to parse. 
710378     WARN  main            d.u.i.k.n.ParsingFacade   Parsing time 911 ms. 
712015     DEBUG main            d.u.i.k.p.i.AbstractProblemLoader Init config took 2.47s 
712047     INFO  main            d.u.i.k.p.i.AbstractProblemLoader Replaying proof ReadWrite[java.lang.Object::<inv>()].JML accessible clause.0 
712050     DEBUG main            d.u.i.k.p.i.IntermediateProofReplayer Proof replay took 1.46ms 
712050     WARN  main            d.u.i.k.n.ParsingFacade   /home/runner/work/key/key/key.core/../key.ui/examples/heap/permissions/mulleretal/ReadWrite_inv1_accessible.key.proof took 0 ms to parse. 
712050     WARN  main            d.u.i.k.n.ParsingFacade   Parsing time 911 ms. 
712050     DEBUG main            d.u.i.k.p.r.p.TestFile    ... success: reloaded. 
712051     INFO  main            d.u.i.k.p.r.p.TestFile    Now processing file /home/runner/work/key/key/key.core/../key.ui/examples/heap/permissions/mulleretal/ReadWrite_inv2_accessible.key 
712051     INFO  main            d.u.i.k.p.i.AbstractProblemLoader Loading environment from /home/runner/work/key/key/key.core/../key.ui/examples/heap/permissions/mulleretal/ReadWrite_inv2_accessible.key 
712051     DEBUG main            d.u.i.k.p.i.AbstractProblemLoader Environment load took 41.7ns 
712051     WARN  main            d.u.i.k.n.ParsingFacade   /home/runner/work/key/key/key.core/../key.ui/examples/heap/permissions/mulleretal/ReadWrite_inv2_accessible.key took 0 ms to parse. 
712051     WARN  main            d.u.i.k.n.ParsingFacade   Parsing time 911 ms. 
712052     INFO  main            d.u.i.k.p.i.AbstractProblemLoader Creating init config 
712902     WARN  main            d.u.i.k.n.ParsingFacade   file:/home/runner/work/key/key/key.core/build/resources/main/de/uka/ilkd/key/java/JavaRedux/java/lang/String.key took 1 ms to parse. 
712902     WARN  main            d.u.i.k.n.ParsingFacade   Parsing time 912 ms. 
714562     DEBUG main            d.u.i.k.p.i.AbstractProblemLoader Init config took 2.51s 
714594     INFO  main            d.u.i.k.p.i.AbstractProblemLoader Replaying proof ReadWrite[java.lang.Object::<inv>()].JML accessible clause.1 
714595     DEBUG main            d.u.i.k.p.i.IntermediateProofReplayer Proof replay took 4ns 
714595     WARN  main            d.u.i.k.n.ParsingFacade   /home/runner/work/key/key/key.core/../key.ui/examples/heap/permissions/mulleretal/ReadWrite_inv2_accessible.key took 0 ms to parse. 
714595     WARN  main            d.u.i.k.n.ParsingFacade   Parsing time 912 ms. 
714698     INFO  main            d.u.i.k.p.r.p.TestFile    ... finished proof: closed. 
715287     INFO  main            d.u.i.k.p.i.AbstractProblemLoader Loading environment from /home/runner/work/key/key/key.core/../key.ui/examples/heap/permissions/mulleretal/ReadWrite_inv2_accessible.key.proof 
715287     DEBUG main            d.u.i.k.p.i.AbstractProblemLoader Environment load took 71.6ns 
715287     WARN  main            d.u.i.k.n.ParsingFacade   /home/runner/work/key/key/key.core/../key.ui/examples/heap/permissions/mulleretal/ReadWrite_inv2_accessible.key.proof took 0 ms to parse. 
715287     WARN  main            d.u.i.k.n.ParsingFacade   Parsing time 912 ms. 
715288     INFO  main            d.u.i.k.p.i.AbstractProblemLoader Creating init config 
716121     WARN  main            d.u.i.k.n.ParsingFacade   file:/home/runner/work/key/key/key.core/build/resources/main/de/uka/ilkd/key/java/JavaRedux/java/lang/String.key took 1 ms to parse. 
716121     WARN  main            d.u.i.k.n.ParsingFacade   Parsing time 913 ms. 
717765     DEBUG main            d.u.i.k.p.i.AbstractProblemLoader Init config took 2.48s 
717797     INFO  main            d.u.i.k.p.i.AbstractProblemLoader Replaying proof ReadWrite[java.lang.Object::<inv>()].JML accessible clause.1 
717799     DEBUG main            d.u.i.k.p.i.IntermediateProofReplayer Proof replay took 1.41ms 
717800     WARN  main            d.u.i.k.n.ParsingFacade   /home/runner/work/key/key/key.core/../key.ui/examples/heap/permissions/mulleretal/ReadWrite_inv2_accessible.key.proof took 1 ms to parse. 
717800     WARN  main            d.u.i.k.n.ParsingFacade   Parsing time 914 ms. 
717800     DEBUG main            d.u.i.k.p.r.p.TestFile    ... success: reloaded. 
717800     INFO  main            d.u.i.k.p.r.p.TestFile    Now processing file /home/runner/work/key/key/key.core/../key.ui/examples/heap/permissions/lockspec/Counter_lockConsistent_contract.key 
717801     INFO  main            d.u.i.k.p.i.AbstractProblemLoader Loading environment from /home/runner/work/key/key/key.core/../key.ui/examples/heap/permissions/lockspec/Counter_lockConsistent_contract.key 
717801     DEBUG main            d.u.i.k.p.i.AbstractProblemLoader Environment load took 41.2ns 
717801     WARN  main            d.u.i.k.n.ParsingFacade   /home/runner/work/key/key/key.core/../key.ui/examples/heap/permissions/lockspec/Counter_lockConsistent_contract.key took 0 ms to parse. 
717801     WARN  main            d.u.i.k.n.ParsingFacade   Parsing time 914 ms. 
717801     INFO  main            d.u.i.k.p.i.AbstractProblemLoader Creating init config 
718740     WARN  main            d.u.i.k.n.ParsingFacade   file:/home/runner/work/key/key/key.core/build/resources/main/de/uka/ilkd/key/java/JavaRedux/java/lang/String.key took 1 ms to parse. 
718740     WARN  main            d.u.i.k.n.ParsingFacade   Parsing time 915 ms. 
720885     DEBUG main            d.u.i.k.p.i.AbstractProblemLoader Init config took 3.08s 
720938     INFO  main            d.u.i.k.p.i.AbstractProblemLoader Replaying proof Counter[LockSpec::lockConsistent()].JML model_behavior operation contract.0 
720939     DEBUG main            d.u.i.k.p.i.IntermediateProofReplayer Proof replay took 3.8ns 
720939     WARN  main            d.u.i.k.n.ParsingFacade   /home/runner/work/key/key/key.core/../key.ui/examples/heap/permissions/lockspec/Counter_lockConsistent_contract.key took 0 ms to parse. 
720939     WARN  main            d.u.i.k.n.ParsingFacade   Parsing time 915 ms. 
721943     INFO  main            d.u.i.k.p.r.p.TestFile    ... finished proof: closed. 
722573     INFO  main            d.u.i.k.p.i.AbstractProblemLoader Loading environment from /home/runner/work/key/key/key.core/../key.ui/examples/heap/permissions/lockspec/Counter_lockConsistent_contract.key.proof 
722573     DEBUG main            d.u.i.k.p.i.AbstractProblemLoader Environment load took 75.1ns 
722573     WARN  main            d.u.i.k.n.ParsingFacade   /home/runner/work/key/key/key.core/../key.ui/examples/heap/permissions/lockspec/Counter_lockConsistent_contract.key.proof took 0 ms to parse. 
722573     WARN  main            d.u.i.k.n.ParsingFacade   Parsing time 915 ms. 
722574     INFO  main            d.u.i.k.p.i.AbstractProblemLoader Creating init config 
723445     WARN  main            d.u.i.k.n.ParsingFacade   file:/home/runner/work/key/key/key.core/build/resources/main/de/uka/ilkd/key/java/JavaRedux/java/lang/String.key took 2 ms to parse. 
723445     WARN  main            d.u.i.k.n.ParsingFacade   Parsing time 917 ms. 
725558     DEBUG main            d.u.i.k.p.i.AbstractProblemLoader Init config took 2.98s 
725620     INFO  main            d.u.i.k.p.i.AbstractProblemLoader Replaying proof Counter[LockSpec::lockConsistent()].JML model_behavior operation contract.0 
725767     DEBUG main            d.u.i.k.p.i.IntermediateProofReplayer Proof replay took 139.75ms 
725768     WARN  main            d.u.i.k.n.ParsingFacade   /home/runner/work/key/key/key.core/../key.ui/examples/heap/permissions/lockspec/Counter_lockConsistent_contract.key.proof took 1 ms to parse. 
725768     WARN  main            d.u.i.k.n.ParsingFacade   Parsing time 918 ms. 
725768     DEBUG main            d.u.i.k.p.r.p.TestFile    ... success: reloaded. 
725769     INFO  main            d.u.i.k.p.r.p.TestFile    Now processing file /home/runner/work/key/key/key.core/../key.ui/examples/heap/permissions/lockspec/Counter_increase_contract.key 
725769     INFO  main            d.u.i.k.p.i.AbstractProblemLoader Loading environment from /home/runner/work/key/key/key.core/../key.ui/examples/heap/permissions/lockspec/Counter_increase_contract.key 
725769     DEBUG main            d.u.i.k.p.i.AbstractProblemLoader Environment load took 60.7ns 
725769     WARN  main            d.u.i.k.n.ParsingFacade   /home/runner/work/key/key/key.core/../key.ui/examples/heap/permissions/lockspec/Counter_increase_contract.key took 0 ms to parse. 
725769     WARN  main            d.u.i.k.n.ParsingFacade   Parsing time 918 ms. 
725770     INFO  main            d.u.i.k.p.i.AbstractProblemLoader Creating init config 
726623     WARN  main            d.u.i.k.n.ParsingFacade   file:/home/runner/work/key/key/key.core/build/resources/main/de/uka/ilkd/key/java/JavaRedux/java/lang/String.key took 1 ms to parse. 
726624     WARN  main            d.u.i.k.n.ParsingFacade   Parsing time 919 ms. 
728750     DEBUG main            d.u.i.k.p.i.AbstractProblemLoader Init config took 2.98s 
728797     INFO  main            d.u.i.k.p.i.AbstractProblemLoader Replaying proof Counter[Counter::increase()].JML normal_behavior operation contract.0 
728803     DEBUG main            d.u.i.k.p.i.IntermediateProofReplayer Proof replay took 4.9ns 
728804     WARN  main            d.u.i.k.n.ParsingFacade   /home/runner/work/key/key/key.core/../key.ui/examples/heap/permissions/lockspec/Counter_increase_contract.key took 0 ms to parse. 
728804     WARN  main            d.u.i.k.n.ParsingFacade   Parsing time 919 ms. 
730209     INFO  main            d.u.i.k.p.r.p.TestFile    ... finished proof: closed. 
730860     INFO  main            d.u.i.k.p.i.AbstractProblemLoader Loading environment from /home/runner/work/key/key/key.core/../key.ui/examples/heap/permissions/lockspec/Counter_increase_contract.key.proof 
730860     DEBUG main            d.u.i.k.p.i.AbstractProblemLoader Environment load took 295.61ns 
730861     WARN  main            d.u.i.k.n.ParsingFacade   /home/runner/work/key/key/key.core/../key.ui/examples/heap/permissions/lockspec/Counter_increase_contract.key.proof took 0 ms to parse. 
730861     WARN  main            d.u.i.k.n.ParsingFacade   Parsing time 919 ms. 
730862     INFO  main            d.u.i.k.p.i.AbstractProblemLoader Creating init config 
731725     WARN  main            d.u.i.k.n.ParsingFacade   file:/home/runner/work/key/key/key.core/build/resources/main/de/uka/ilkd/key/java/JavaRedux/java/lang/String.key took 2 ms to parse. 
731725     WARN  main            d.u.i.k.n.ParsingFacade   Parsing time 921 ms. 
733863     DEBUG main            d.u.i.k.p.i.AbstractProblemLoader Init config took 3s 
733916     INFO  main            d.u.i.k.p.i.AbstractProblemLoader Replaying proof Counter[Counter::increase()].JML normal_behavior operation contract.0 
734218     DEBUG main            d.u.i.k.p.i.IntermediateProofReplayer Proof replay took 284.82ms 
734220     WARN  main            d.u.i.k.n.ParsingFacade   /home/runner/work/key/key/key.core/../key.ui/examples/heap/permissions/lockspec/Counter_increase_contract.key.proof took 0 ms to parse. 
734220     WARN  main            d.u.i.k.n.ParsingFacade   Parsing time 921 ms. 
734220     DEBUG main            d.u.i.k.p.r.p.TestFile    ... success: reloaded. 
734221     INFO  main            d.u.i.k.p.r.p.TestFile    Now processing file /home/runner/work/key/key/key.core/../key.ui/examples/heap/permissions/lockspec/Counter_fp_accessible.key 
734221     INFO  main            d.u.i.k.p.i.AbstractProblemLoader Loading environment from /home/runner/work/key/key/key.core/../key.ui/examples/heap/permissions/lockspec/Counter_fp_accessible.key 
734221     DEBUG main            d.u.i.k.p.i.AbstractProblemLoader Environment load took 137.9ns 
734222     WARN  main            d.u.i.k.n.ParsingFacade   /home/runner/work/key/key/key.core/../key.ui/examples/heap/permissions/lockspec/Counter_fp_accessible.key took 0 ms to parse. 
734222     WARN  main            d.u.i.k.n.ParsingFacade   Parsing time 921 ms. 
734222     INFO  main            d.u.i.k.p.i.AbstractProblemLoader Creating init config 
735162     WARN  main            d.u.i.k.n.ParsingFacade   file:/home/runner/work/key/key/key.core/build/resources/main/de/uka/ilkd/key/java/JavaRedux/java/lang/String.key took 2 ms to parse. 
735162     WARN  main            d.u.i.k.n.ParsingFacade   Parsing time 923 ms. 
737411     DEBUG main            d.u.i.k.p.i.AbstractProblemLoader Init config took 3.19s 
737461     INFO  main            d.u.i.k.p.i.AbstractProblemLoader Replaying proof Counter[LockSpec::fp()].JML accessible clause.0 
737462     DEBUG main            d.u.i.k.p.i.IntermediateProofReplayer Proof replay took 3.5ns 
737463     WARN  main            d.u.i.k.n.ParsingFacade   /home/runner/work/key/key/key.core/../key.ui/examples/heap/permissions/lockspec/Counter_fp_accessible.key took 0 ms to parse. 
737463     WARN  main            d.u.i.k.n.ParsingFacade   Parsing time 923 ms. 
737564     INFO  main            d.u.i.k.p.r.p.TestFile    ... finished proof: closed. 
738162     INFO  main            d.u.i.k.p.i.AbstractProblemLoader Loading environment from /home/runner/work/key/key/key.core/../key.ui/examples/heap/permissions/lockspec/Counter_fp_accessible.key.proof 
738162     DEBUG main            d.u.i.k.p.i.AbstractProblemLoader Environment load took 70.2ns 
738162     WARN  main            d.u.i.k.n.ParsingFacade   /home/runner/work/key/key/key.core/../key.ui/examples/heap/permissions/lockspec/Counter_fp_accessible.key.proof took 0 ms to parse. 
738163     WARN  main            d.u.i.k.n.ParsingFacade   Parsing time 923 ms. 
738163     INFO  main            d.u.i.k.p.i.AbstractProblemLoader Creating init config 
739004     WARN  main            d.u.i.k.n.ParsingFacade   file:/home/runner/work/key/key/key.core/build/resources/main/de/uka/ilkd/key/java/JavaRedux/java/lang/String.key took 1 ms to parse. 
739004     WARN  main            d.u.i.k.n.ParsingFacade   Parsing time 924 ms. 
741070     DEBUG main            d.u.i.k.p.i.AbstractProblemLoader Init config took 2.91s 
741131     INFO  main            d.u.i.k.p.i.AbstractProblemLoader Replaying proof Counter[LockSpec::fp()].JML accessible clause.0 
741140     DEBUG main            d.u.i.k.p.i.IntermediateProofReplayer Proof replay took 7.78ms 
741140     WARN  main            d.u.i.k.n.ParsingFacade   /home/runner/work/key/key/key.core/../key.ui/examples/heap/permissions/lockspec/Counter_fp_accessible.key.proof took 0 ms to parse. 
741140     WARN  main            d.u.i.k.n.ParsingFacade   Parsing time 924 ms. 
741141     DEBUG main            d.u.i.k.p.r.p.TestFile    ... success: reloaded. 
741141     INFO  main            d.u.i.k.p.r.p.TestFile    Now processing file /home/runner/work/key/key/key.core/../key.ui/examples/heap/permissions/lockspec/Counter_fpLock_accessible.key 
741141     INFO  main            d.u.i.k.p.i.AbstractProblemLoader Loading environment from /home/runner/work/key/key/key.core/../key.ui/examples/heap/permissions/lockspec/Counter_fpLock_accessible.key 
741141     DEBUG main            d.u.i.k.p.i.AbstractProblemLoader Environment load took 77ns 
741142     WARN  main            d.u.i.k.n.ParsingFacade   /home/runner/work/key/key/key.core/../key.ui/examples/heap/permissions/lockspec/Counter_fpLock_accessible.key took 1 ms to parse. 
741142     WARN  main            d.u.i.k.n.ParsingFacade   Parsing time 925 ms. 
741142     INFO  main            d.u.i.k.p.i.AbstractProblemLoader Creating init config 
741992     WARN  main            d.u.i.k.n.ParsingFacade   file:/home/runner/work/key/key/key.core/build/resources/main/de/uka/ilkd/key/java/JavaRedux/java/lang/String.key took 1 ms to parse. 
741992     WARN  main            d.u.i.k.n.ParsingFacade   Parsing time 926 ms. 
744115     DEBUG main            d.u.i.k.p.i.AbstractProblemLoader Init config took 2.97s 
744165     INFO  main            d.u.i.k.p.i.AbstractProblemLoader Replaying proof Counter[LockSpec::fpLock()].JML accessible clause.0 
744166     DEBUG main            d.u.i.k.p.i.IntermediateProofReplayer Proof replay took 3.9ns 
744167     WARN  main            d.u.i.k.n.ParsingFacade   /home/runner/work/key/key/key.core/../key.ui/examples/heap/permissions/lockspec/Counter_fpLock_accessible.key took 0 ms to parse. 
744167     WARN  main            d.u.i.k.n.ParsingFacade   Parsing time 926 ms. 
744270     INFO  main            d.u.i.k.p.r.p.TestFile    ... finished proof: closed. 
744893     INFO  main            d.u.i.k.p.i.AbstractProblemLoader Loading environment from /home/runner/work/key/key/key.core/../key.ui/examples/heap/permissions/lockspec/Counter_fpLock_accessible.key.proof 
744894     DEBUG main            d.u.i.k.p.i.AbstractProblemLoader Environment load took 72.4ns 
744894     WARN  main            d.u.i.k.n.ParsingFacade   /home/runner/work/key/key/key.core/../key.ui/examples/heap/permissions/lockspec/Counter_fpLock_accessible.key.proof took 0 ms to parse. 
744894     WARN  main            d.u.i.k.n.ParsingFacade   Parsing time 926 ms. 
744894     INFO  main            d.u.i.k.p.i.AbstractProblemLoader Creating init config 
745763     WARN  main            d.u.i.k.n.ParsingFacade   file:/home/runner/work/key/key/key.core/build/resources/main/de/uka/ilkd/key/java/JavaRedux/java/lang/String.key took 1 ms to parse. 
745763     WARN  main            d.u.i.k.n.ParsingFacade   Parsing time 927 ms. 
747915     DEBUG main            d.u.i.k.p.i.AbstractProblemLoader Init config took 3.02s 
747976     INFO  main            d.u.i.k.p.i.AbstractProblemLoader Replaying proof Counter[LockSpec::fpLock()].JML accessible clause.0 
747986     DEBUG main            d.u.i.k.p.i.IntermediateProofReplayer Proof replay took 8.53ms 
747986     WARN  main            d.u.i.k.n.ParsingFacade   /home/runner/work/key/key/key.core/../key.ui/examples/heap/permissions/lockspec/Counter_fpLock_accessible.key.proof took 0 ms to parse. 
747986     WARN  main            d.u.i.k.n.ParsingFacade   Parsing time 927 ms. 
747987     DEBUG main            d.u.i.k.p.r.p.TestFile    ... success: reloaded. 
747987     INFO  main            d.u.i.k.p.r.p.TestFile    Now processing file /home/runner/work/key/key/key.core/../key.ui/examples/heap/permissions/lockspec/Counter_fpPerm_accessible.key 
747988     INFO  main            d.u.i.k.p.i.AbstractProblemLoader Loading environment from /home/runner/work/key/key/key.core/../key.ui/examples/heap/permissions/lockspec/Counter_fpPerm_accessible.key 
747988     DEBUG main            d.u.i.k.p.i.AbstractProblemLoader Environment load took 98ns 
747988     WARN  main            d.u.i.k.n.ParsingFacade   /home/runner/work/key/key/key.core/../key.ui/examples/heap/permissions/lockspec/Counter_fpPerm_accessible.key took 0 ms to parse. 
747988     WARN  main            d.u.i.k.n.ParsingFacade   Parsing time 927 ms. 
747988     INFO  main            d.u.i.k.p.i.AbstractProblemLoader Creating init config 
748871     WARN  main            d.u.i.k.n.ParsingFacade   file:/home/runner/work/key/key/key.core/build/resources/main/de/uka/ilkd/key/java/JavaRedux/java/lang/String.key took 1 ms to parse. 
748871     WARN  main            d.u.i.k.n.ParsingFacade   Parsing time 928 ms. 
751046     DEBUG main            d.u.i.k.p.i.AbstractProblemLoader Init config took 3.06s 
751095     INFO  main            d.u.i.k.p.i.AbstractProblemLoader Replaying proof Counter[LockSpec::fpPerm()].JML accessible clause.0 
751096     DEBUG main            d.u.i.k.p.i.IntermediateProofReplayer Proof replay took 4.1ns 
751097     WARN  main            d.u.i.k.n.ParsingFacade   /home/runner/work/key/key/key.core/../key.ui/examples/heap/permissions/lockspec/Counter_fpPerm_accessible.key took 0 ms to parse. 
751097     WARN  main            d.u.i.k.n.ParsingFacade   Parsing time 928 ms. 
751198     INFO  main            d.u.i.k.p.r.p.TestFile    ... finished proof: closed. 
751811     INFO  main            d.u.i.k.p.i.AbstractProblemLoader Loading environment from /home/runner/work/key/key/key.core/../key.ui/examples/heap/permissions/lockspec/Counter_fpPerm_accessible.key.proof 
751811     DEBUG main            d.u.i.k.p.i.AbstractProblemLoader Environment load took 73.5ns 
751812     WARN  main            d.u.i.k.n.ParsingFacade   /home/runner/work/key/key/key.core/../key.ui/examples/heap/permissions/lockspec/Counter_fpPerm_accessible.key.proof took 1 ms to parse. 
751812     WARN  main            d.u.i.k.n.ParsingFacade   Parsing time 929 ms. 
751812     INFO  main            d.u.i.k.p.i.AbstractProblemLoader Creating init config 
752679     WARN  main            d.u.i.k.n.ParsingFacade   file:/home/runner/work/key/key/key.core/build/resources/main/de/uka/ilkd/key/java/JavaRedux/java/lang/String.key took 2 ms to parse. 
752679     WARN  main            d.u.i.k.n.ParsingFacade   Parsing time 931 ms. 
754845     DEBUG main            d.u.i.k.p.i.AbstractProblemLoader Init config took 3.03s 
754902     INFO  main            d.u.i.k.p.i.AbstractProblemLoader Replaying proof Counter[LockSpec::fpPerm()].JML accessible clause.0 
754913     DEBUG main            d.u.i.k.p.i.IntermediateProofReplayer Proof replay took 7.78ms 
754913     WARN  main            d.u.i.k.n.ParsingFacade   /home/runner/work/key/key/key.core/../key.ui/examples/heap/permissions/lockspec/Counter_fpPerm_accessible.key.proof took 0 ms to parse. 
754913     WARN  main            d.u.i.k.n.ParsingFacade   Parsing time 931 ms. 
754914     DEBUG main            d.u.i.k.p.r.p.TestFile    ... success: reloaded. 
754914     INFO  main            d.u.i.k.p.r.p.TestFile    Now processing file /home/runner/work/key/key/key.core/../key.ui/examples/heap/permissions/lockspec/Counter_inv_accessible1.key 
754915     INFO  main            d.u.i.k.p.i.AbstractProblemLoader Loading environment from /home/runner/work/key/key/key.core/../key.ui/examples/heap/permissions/lockspec/Counter_inv_accessible1.key 
754915     DEBUG main            d.u.i.k.p.i.AbstractProblemLoader Environment load took 149.7ns 
754915     WARN  main            d.u.i.k.n.ParsingFacade   /home/runner/work/key/key/key.core/../key.ui/examples/heap/permissions/lockspec/Counter_inv_accessible1.key took 0 ms to parse. 
754915     WARN  main            d.u.i.k.n.ParsingFacade   Parsing time 931 ms. 
754916     INFO  main            d.u.i.k.p.i.AbstractProblemLoader Creating init config 
755887     WARN  main            d.u.i.k.n.ParsingFacade   file:/home/runner/work/key/key/key.core/build/resources/main/de/uka/ilkd/key/java/JavaRedux/java/lang/String.key took 1 ms to parse. 
755887     WARN  main            d.u.i.k.n.ParsingFacade   Parsing time 932 ms. 
758053     DEBUG main            d.u.i.k.p.i.AbstractProblemLoader Init config took 3.14s 
758103     INFO  main            d.u.i.k.p.i.AbstractProblemLoader Replaying proof Counter[java.lang.Object::<inv>()].JML accessible clause.0 
758104     DEBUG main            d.u.i.k.p.i.IntermediateProofReplayer Proof replay took 3.6ns 
758105     WARN  main            d.u.i.k.n.ParsingFacade   /home/runner/work/key/key/key.core/../key.ui/examples/heap/permissions/lockspec/Counter_inv_accessible1.key took 0 ms to parse. 
758105     WARN  main            d.u.i.k.n.ParsingFacade   Parsing time 932 ms. 
758206     INFO  main            d.u.i.k.p.r.p.TestFile    ... finished proof: closed. 
758831     INFO  main            d.u.i.k.p.i.AbstractProblemLoader Loading environment from /home/runner/work/key/key/key.core/../key.ui/examples/heap/permissions/lockspec/Counter_inv_accessible1.key.proof 
758831     DEBUG main            d.u.i.k.p.i.AbstractProblemLoader Environment load took 73.5ns 
758831     WARN  main            d.u.i.k.n.ParsingFacade   /home/runner/work/key/key/key.core/../key.ui/examples/heap/permissions/lockspec/Counter_inv_accessible1.key.proof took 0 ms to parse. 
758831     WARN  main            d.u.i.k.n.ParsingFacade   Parsing time 932 ms. 
758832     INFO  main            d.u.i.k.p.i.AbstractProblemLoader Creating init config 
759708     WARN  main            d.u.i.k.n.ParsingFacade   file:/home/runner/work/key/key/key.core/build/resources/main/de/uka/ilkd/key/java/JavaRedux/java/lang/String.key took 2 ms to parse. 
759708     WARN  main            d.u.i.k.n.ParsingFacade   Parsing time 934 ms. 
761865     DEBUG main            d.u.i.k.p.i.AbstractProblemLoader Init config took 3.03s 
761922     INFO  main            d.u.i.k.p.i.AbstractProblemLoader Replaying proof Counter[java.lang.Object::<inv>()].JML accessible clause.0 
761936     DEBUG main            d.u.i.k.p.i.IntermediateProofReplayer Proof replay took 12.24ms 
761937     WARN  main            d.u.i.k.n.ParsingFacade   /home/runner/work/key/key/key.core/../key.ui/examples/heap/permissions/lockspec/Counter_inv_accessible1.key.proof took 0 ms to parse. 
761937     WARN  main            d.u.i.k.n.ParsingFacade   Parsing time 934 ms. 
761937     DEBUG main            d.u.i.k.p.r.p.TestFile    ... success: reloaded. 
761938     INFO  main            d.u.i.k.p.r.p.TestFile    Now processing file /home/runner/work/key/key/key.core/../key.ui/examples/heap/permissions/lockspec/Counter_inv_accessible2.key 
761938     INFO  main            d.u.i.k.p.i.AbstractProblemLoader Loading environment from /home/runner/work/key/key/key.core/../key.ui/examples/heap/permissions/lockspec/Counter_inv_accessible2.key 
761938     DEBUG main            d.u.i.k.p.i.AbstractProblemLoader Environment load took 65.5ns 
761938     WARN  main            d.u.i.k.n.ParsingFacade   /home/runner/work/key/key/key.core/../key.ui/examples/heap/permissions/lockspec/Counter_inv_accessible2.key took 0 ms to parse. 
761938     WARN  main            d.u.i.k.n.ParsingFacade   Parsing time 934 ms. 
761939     INFO  main            d.u.i.k.p.i.AbstractProblemLoader Creating init config 
762832     WARN  main            d.u.i.k.n.ParsingFacade   file:/home/runner/work/key/key/key.core/build/resources/main/de/uka/ilkd/key/java/JavaRedux/java/lang/String.key took 1 ms to parse. 
762832     WARN  main            d.u.i.k.n.ParsingFacade   Parsing time 935 ms. 
764996     DEBUG main            d.u.i.k.p.i.AbstractProblemLoader Init config took 3.06s 
765046     INFO  main            d.u.i.k.p.i.AbstractProblemLoader Replaying proof Counter[java.lang.Object::<inv>()].JML accessible clause.1 
765047     DEBUG main            d.u.i.k.p.i.IntermediateProofReplayer Proof replay took 3.8ns 
765047     WARN  main            d.u.i.k.n.ParsingFacade   /home/runner/work/key/key/key.core/../key.ui/examples/heap/permissions/lockspec/Counter_inv_accessible2.key took 0 ms to parse. 
765047     WARN  main            d.u.i.k.n.ParsingFacade   Parsing time 935 ms. 
765148     INFO  main            d.u.i.k.p.r.p.TestFile    ... finished proof: closed. 
765780     INFO  main            d.u.i.k.p.i.AbstractProblemLoader Loading environment from /home/runner/work/key/key/key.core/../key.ui/examples/heap/permissions/lockspec/Counter_inv_accessible2.key.proof 
765780     DEBUG main            d.u.i.k.p.i.AbstractProblemLoader Environment load took 71.7ns 
765780     WARN  main            d.u.i.k.n.ParsingFacade   /home/runner/work/key/key/key.core/../key.ui/examples/heap/permissions/lockspec/Counter_inv_accessible2.key.proof took 0 ms to parse. 
765780     WARN  main            d.u.i.k.n.ParsingFacade   Parsing time 935 ms. 
765781     INFO  main            d.u.i.k.p.i.AbstractProblemLoader Creating init config 
766639     WARN  main            d.u.i.k.n.ParsingFacade   file:/home/runner/work/key/key/key.core/build/resources/main/de/uka/ilkd/key/java/JavaRedux/java/lang/String.key took 1 ms to parse. 
766639     WARN  main            d.u.i.k.n.ParsingFacade   Parsing time 936 ms. 
768805     DEBUG main            d.u.i.k.p.i.AbstractProblemLoader Init config took 3.02s 
768862     INFO  main            d.u.i.k.p.i.AbstractProblemLoader Replaying proof Counter[java.lang.Object::<inv>()].JML accessible clause.1 
768874     DEBUG main            d.u.i.k.p.i.IntermediateProofReplayer Proof replay took 10.21ms 
768874     WARN  main            d.u.i.k.n.ParsingFacade   /home/runner/work/key/key/key.core/../key.ui/examples/heap/permissions/lockspec/Counter_inv_accessible2.key.proof took 0 ms to parse. 
768874     WARN  main            d.u.i.k.n.ParsingFacade   Parsing time 936 ms. 
768875     DEBUG main            d.u.i.k.p.r.p.TestFile    ... success: reloaded. 
768876     INFO  main            d.u.i.k.p.r.p.TestFile    Now processing file /home/runner/work/key/key/key.core/../key.ui/examples/heap/permissions/lockspec/Counter_lockRef_accessible.key 
768876     INFO  main            d.u.i.k.p.i.AbstractProblemLoader Loading environment from /home/runner/work/key/key/key.core/../key.ui/examples/heap/permissions/lockspec/Counter_lockRef_accessible.key 
768876     DEBUG main            d.u.i.k.p.i.AbstractProblemLoader Environment load took 139.5ns 
768876     WARN  main            d.u.i.k.n.ParsingFacade   /home/runner/work/key/key/key.core/../key.ui/examples/heap/permissions/lockspec/Counter_lockRef_accessible.key took 0 ms to parse. 
768876     WARN  main            d.u.i.k.n.ParsingFacade   Parsing time 936 ms. 
768877     INFO  main            d.u.i.k.p.i.AbstractProblemLoader Creating init config 
769766     WARN  main            d.u.i.k.n.ParsingFacade   file:/home/runner/work/key/key/key.core/build/resources/main/de/uka/ilkd/key/java/JavaRedux/java/lang/String.key took 1 ms to parse. 
769767     WARN  main            d.u.i.k.n.ParsingFacade   Parsing time 937 ms. 
771941     DEBUG main            d.u.i.k.p.i.AbstractProblemLoader Init config took 3.06s 
771991     INFO  main            d.u.i.k.p.i.AbstractProblemLoader Replaying proof Counter[LockSpec::lockRef()].JML accessible clause.0 
771992     DEBUG main            d.u.i.k.p.i.IntermediateProofReplayer Proof replay took 3.8ns 
771992     WARN  main            d.u.i.k.n.ParsingFacade   /home/runner/work/key/key/key.core/../key.ui/examples/heap/permissions/lockspec/Counter_lockRef_accessible.key took 0 ms to parse. 
771992     WARN  main            d.u.i.k.n.ParsingFacade   Parsing time 937 ms. 
772194     INFO  main            d.u.i.k.p.r.p.TestFile    ... finished proof: closed. 
772861     INFO  main            d.u.i.k.p.i.AbstractProblemLoader Loading environment from /home/runner/work/key/key/key.core/../key.ui/examples/heap/permissions/lockspec/Counter_lockRef_accessible.key.proof 
772861     DEBUG main            d.u.i.k.p.i.AbstractProblemLoader Environment load took 74.5ns 
772861     WARN  main            d.u.i.k.n.ParsingFacade   /home/runner/work/key/key/key.core/../key.ui/examples/heap/permissions/lockspec/Counter_lockRef_accessible.key.proof took 0 ms to parse. 
772861     WARN  main            d.u.i.k.n.ParsingFacade   Parsing time 937 ms. 
772862     INFO  main            d.u.i.k.p.i.AbstractProblemLoader Creating init config 
773721     WARN  main            d.u.i.k.n.ParsingFacade   file:/home/runner/work/key/key/key.core/build/resources/main/de/uka/ilkd/key/java/JavaRedux/java/lang/String.key took 2 ms to parse. 
773721     WARN  main            d.u.i.k.n.ParsingFacade   Parsing time 939 ms. 
775857     DEBUG main            d.u.i.k.p.i.AbstractProblemLoader Init config took 3s 
775955     INFO  main            d.u.i.k.p.i.AbstractProblemLoader Replaying proof Counter[LockSpec::lockRef()].JML accessible clause.0 
775995     DEBUG main            d.u.i.k.p.i.IntermediateProofReplayer Proof replay took 36.9ms 
775995     WARN  main            d.u.i.k.n.ParsingFacade   /home/runner/work/key/key/key.core/../key.ui/examples/heap/permissions/lockspec/Counter_lockRef_accessible.key.proof took 0 ms to parse. 
775995     WARN  main            d.u.i.k.n.ParsingFacade   Parsing time 939 ms. 
775996     DEBUG main            d.u.i.k.p.r.p.TestFile    ... success: reloaded. 
775997     INFO  main            d.u.i.k.p.r.p.TestFile    Now processing file /home/runner/work/key/key/key.core/../key.ui/examples/heap/permissions/lockspec/Counter_lockRef_contract1.key 
775998     INFO  main            d.u.i.k.p.i.AbstractProblemLoader Loading environment from /home/runner/work/key/key/key.core/../key.ui/examples/heap/permissions/lockspec/Counter_lockRef_contract1.key 
775998     DEBUG main            d.u.i.k.p.i.AbstractProblemLoader Environment load took 162.6ns 
775998     WARN  main            d.u.i.k.n.ParsingFacade   /home/runner/work/key/key/key.core/../key.ui/examples/heap/permissions/lockspec/Counter_lockRef_contract1.key took 0 ms to parse. 
775998     WARN  main            d.u.i.k.n.ParsingFacade   Parsing time 939 ms. 
775999     INFO  main            d.u.i.k.p.i.AbstractProblemLoader Creating init config 
776891     WARN  main            d.u.i.k.n.ParsingFacade   file:/home/runner/work/key/key/key.core/build/resources/main/de/uka/ilkd/key/java/JavaRedux/java/lang/String.key took 1 ms to parse. 
776891     WARN  main            d.u.i.k.n.ParsingFacade   Parsing time 940 ms. 
779044     DEBUG main            d.u.i.k.p.i.AbstractProblemLoader Init config took 3.05s 
779117     INFO  main            d.u.i.k.p.i.AbstractProblemLoader Replaying proof Counter[LockSpec::lockRef()].JML model_behavior operation contract.0 
779118     DEBUG main            d.u.i.k.p.i.IntermediateProofReplayer Proof replay took 4.3ns 
779118     WARN  main            d.u.i.k.n.ParsingFacade   /home/runner/work/key/key/key.core/../key.ui/examples/heap/permissions/lockspec/Counter_lockRef_contract1.key took 0 ms to parse. 
779118     WARN  main            d.u.i.k.n.ParsingFacade   Parsing time 940 ms. 
779219     INFO  main            d.u.i.k.p.r.p.TestFile    ... finished proof: closed. 
779859     INFO  main            d.u.i.k.p.i.AbstractProblemLoader Loading environment from /home/runner/work/key/key/key.core/../key.ui/examples/heap/permissions/lockspec/Counter_lockRef_contract1.key.proof 
779859     DEBUG main            d.u.i.k.p.i.AbstractProblemLoader Environment load took 76.2ns 
779860     WARN  main            d.u.i.k.n.ParsingFacade   /home/runner/work/key/key/key.core/../key.ui/examples/heap/permissions/lockspec/Counter_lockRef_contract1.key.proof took 1 ms to parse. 
779860     WARN  main            d.u.i.k.n.ParsingFacade   Parsing time 941 ms. 
779860     INFO  main            d.u.i.k.p.i.AbstractProblemLoader Creating init config 
780703     WARN  main            d.u.i.k.n.ParsingFacade   file:/home/runner/work/key/key/key.core/build/resources/main/de/uka/ilkd/key/java/JavaRedux/java/lang/String.key took 1 ms to parse. 
780703     WARN  main            d.u.i.k.n.ParsingFacade   Parsing time 942 ms. 
782843     DEBUG main            d.u.i.k.p.i.AbstractProblemLoader Init config took 2.98s 
782900     INFO  main            d.u.i.k.p.i.AbstractProblemLoader Replaying proof Counter[LockSpec::lockRef()].JML model_behavior operation contract.0 
782905     DEBUG main            d.u.i.k.p.i.IntermediateProofReplayer Proof replay took 3.71ms 
782906     WARN  main            d.u.i.k.n.ParsingFacade   /home/runner/work/key/key/key.core/../key.ui/examples/heap/permissions/lockspec/Counter_lockRef_contract1.key.proof took 0 ms to parse. 
782906     WARN  main            d.u.i.k.n.ParsingFacade   Parsing time 942 ms. 
782906     DEBUG main            d.u.i.k.p.r.p.TestFile    ... success: reloaded. 
782907     INFO  main            d.u.i.k.p.r.p.TestFile    Now processing file /home/runner/work/key/key/key.core/../key.ui/examples/heap/permissions/lockspec/Counter_lockRef_contract2.key 
782907     INFO  main            d.u.i.k.p.i.AbstractProblemLoader Loading environment from /home/runner/work/key/key/key.core/../key.ui/examples/heap/permissions/lockspec/Counter_lockRef_contract2.key 
782907     DEBUG main            d.u.i.k.p.i.AbstractProblemLoader Environment load took 67.5ns 
782907     WARN  main            d.u.i.k.n.ParsingFacade   /home/runner/work/key/key/key.core/../key.ui/examples/heap/permissions/lockspec/Counter_lockRef_contract2.key took 0 ms to parse. 
782907     WARN  main            d.u.i.k.n.ParsingFacade   Parsing time 942 ms. 
782908     INFO  main            d.u.i.k.p.i.AbstractProblemLoader Creating init config 
783818     WARN  main            d.u.i.k.n.ParsingFacade   file:/home/runner/work/key/key/key.core/build/resources/main/de/uka/ilkd/key/java/JavaRedux/java/lang/String.key took 1 ms to parse. 
783818     WARN  main            d.u.i.k.n.ParsingFacade   Parsing time 943 ms. 
786126     DEBUG main            d.u.i.k.p.i.AbstractProblemLoader Init config took 3.22s 
786193     INFO  main            d.u.i.k.p.i.AbstractProblemLoader Replaying proof Counter[Counter::lockRef()].JML model_behavior operation contract.0 
786194     DEBUG main            d.u.i.k.p.i.IntermediateProofReplayer Proof replay took 3.7ns 
786194     WARN  main            d.u.i.k.n.ParsingFacade   /home/runner/work/key/key/key.core/../key.ui/examples/heap/permissions/lockspec/Counter_lockRef_contract2.key took 0 ms to parse. 
786194     WARN  main            d.u.i.k.n.ParsingFacade   Parsing time 943 ms. 
786295     INFO  main            d.u.i.k.p.r.p.TestFile    ... finished proof: closed. 
786934     INFO  main            d.u.i.k.p.i.AbstractProblemLoader Loading environment from /home/runner/work/key/key/key.core/../key.ui/examples/heap/permissions/lockspec/Counter_lockRef_contract2.key.proof 
786934     DEBUG main            d.u.i.k.p.i.AbstractProblemLoader Environment load took 67.9ns 
786934     WARN  main            d.u.i.k.n.ParsingFacade   /home/runner/work/key/key/key.core/../key.ui/examples/heap/permissions/lockspec/Counter_lockRef_contract2.key.proof took 0 ms to parse. 
786934     WARN  main            d.u.i.k.n.ParsingFacade   Parsing time 943 ms. 
786935     INFO  main            d.u.i.k.p.i.AbstractProblemLoader Creating init config 
787801     WARN  main            d.u.i.k.n.ParsingFacade   file:/home/runner/work/key/key/key.core/build/resources/main/de/uka/ilkd/key/java/JavaRedux/java/lang/String.key took 2 ms to parse. 
787801     WARN  main            d.u.i.k.n.ParsingFacade   Parsing time 945 ms. 
789958     DEBUG main            d.u.i.k.p.i.AbstractProblemLoader Init config took 3.02s 
790053     INFO  main            d.u.i.k.p.i.AbstractProblemLoader Replaying proof Counter[Counter::lockRef()].JML model_behavior operation contract.0 
790058     DEBUG main            d.u.i.k.p.i.IntermediateProofReplayer Proof replay took 3.98ms 
790059     WARN  main            d.u.i.k.n.ParsingFacade   /home/runner/work/key/key/key.core/../key.ui/examples/heap/permissions/lockspec/Counter_lockRef_contract2.key.proof took 0 ms to parse. 
790059     WARN  main            d.u.i.k.n.ParsingFacade   Parsing time 945 ms. 
790059     DEBUG main            d.u.i.k.p.r.p.TestFile    ... success: reloaded. 
790060     INFO  main            d.u.i.k.p.r.p.TestFile    Now processing file /home/runner/work/key/key/key.core/../key.ui/examples/heap/permissions/lockspec/Counter_lockState_accessible.key 
790061     INFO  main            d.u.i.k.p.i.AbstractProblemLoader Loading environment from /home/runner/work/key/key/key.core/../key.ui/examples/heap/permissions/lockspec/Counter_lockState_accessible.key 
790061     DEBUG main            d.u.i.k.p.i.AbstractProblemLoader Environment load took 159.4ns 
790061     WARN  main            d.u.i.k.n.ParsingFacade   /home/runner/work/key/key/key.core/../key.ui/examples/heap/permissions/lockspec/Counter_lockState_accessible.key took 0 ms to parse. 
790061     WARN  main            d.u.i.k.n.ParsingFacade   Parsing time 945 ms. 
790062     INFO  main            d.u.i.k.p.i.AbstractProblemLoader Creating init config 
791099     WARN  main            d.u.i.k.n.ParsingFacade   file:/home/runner/work/key/key/key.core/build/resources/main/de/uka/ilkd/key/java/JavaRedux/java/lang/String.key took 1 ms to parse. 
791100     WARN  main            d.u.i.k.n.ParsingFacade   Parsing time 946 ms. 
793265     DEBUG main            d.u.i.k.p.i.AbstractProblemLoader Init config took 3.2s 
793322     INFO  main            d.u.i.k.p.i.AbstractProblemLoader Replaying proof Counter[LockSpec::lockState(boolean)].JML accessible clause.0 
793323     DEBUG main            d.u.i.k.p.i.IntermediateProofReplayer Proof replay took 4ns 
793323     WARN  main            d.u.i.k.n.ParsingFacade   /home/runner/work/key/key/key.core/../key.ui/examples/heap/permissions/lockspec/Counter_lockState_accessible.key took 0 ms to parse. 
793324     WARN  main            d.u.i.k.n.ParsingFacade   Parsing time 946 ms. 
793625     INFO  main            d.u.i.k.p.r.p.TestFile    ... finished proof: closed. 
794292     INFO  main            d.u.i.k.p.i.AbstractProblemLoader Loading environment from /home/runner/work/key/key/key.core/../key.ui/examples/heap/permissions/lockspec/Counter_lockState_accessible.key.proof 
794292     DEBUG main            d.u.i.k.p.i.AbstractProblemLoader Environment load took 76.6ns 
794292     WARN  main            d.u.i.k.n.ParsingFacade   /home/runner/work/key/key/key.core/../key.ui/examples/heap/permissions/lockspec/Counter_lockState_accessible.key.proof took 0 ms to parse. 
794292     WARN  main            d.u.i.k.n.ParsingFacade   Parsing time 946 ms. 
794292     INFO  main            d.u.i.k.p.i.AbstractProblemLoader Creating init config 
795133     WARN  main            d.u.i.k.n.ParsingFacade   file:/home/runner/work/key/key/key.core/build/resources/main/de/uka/ilkd/key/java/JavaRedux/java/lang/String.key took 1 ms to parse. 
795133     WARN  main            d.u.i.k.n.ParsingFacade   Parsing time 947 ms. 
797341     DEBUG main            d.u.i.k.p.i.AbstractProblemLoader Init config took 3.05s 
797398     INFO  main            d.u.i.k.p.i.AbstractProblemLoader Replaying proof Counter[LockSpec::lockState(boolean)].JML accessible clause.0 
797470     DEBUG main            d.u.i.k.p.i.IntermediateProofReplayer Proof replay took 68.47ms 
797471     WARN  main            d.u.i.k.n.ParsingFacade   /home/runner/work/key/key/key.core/../key.ui/examples/heap/permissions/lockspec/Counter_lockState_accessible.key.proof took 0 ms to parse. 
797471     WARN  main            d.u.i.k.n.ParsingFacade   Parsing time 947 ms. 
797472     DEBUG main            d.u.i.k.p.r.p.TestFile    ... success: reloaded. 
797472     INFO  main            d.u.i.k.p.r.p.TestFile    Now processing file /home/runner/work/key/key/key.core/../key.ui/examples/heap/permissions/lockspec/Counter_lockStatus_accessible.key 
797473     INFO  main            d.u.i.k.p.i.AbstractProblemLoader Loading environment from /home/runner/work/key/key/key.core/../key.ui/examples/heap/permissions/lockspec/Counter_lockStatus_accessible.key 
797473     DEBUG main            d.u.i.k.p.i.AbstractProblemLoader Environment load took 194.8ns 
797474     WARN  main            d.u.i.k.n.ParsingFacade   /home/runner/work/key/key/key.core/../key.ui/examples/heap/permissions/lockspec/Counter_lockStatus_accessible.key took 0 ms to parse. 
797474     WARN  main            d.u.i.k.n.ParsingFacade   Parsing time 947 ms. 
797474     INFO  main            d.u.i.k.p.i.AbstractProblemLoader Creating init config 
798516     WARN  main            d.u.i.k.n.ParsingFacade   file:/home/runner/work/key/key/key.core/build/resources/main/de/uka/ilkd/key/java/JavaRedux/java/lang/String.key took 1 ms to parse. 
798517     WARN  main            d.u.i.k.n.ParsingFacade   Parsing time 948 ms. 
800689     DEBUG main            d.u.i.k.p.i.AbstractProblemLoader Init config took 3.21s 
800738     INFO  main            d.u.i.k.p.i.AbstractProblemLoader Replaying proof Counter[LockSpec::lockStatus(boolean)].JML accessible clause.0 
800740     DEBUG main            d.u.i.k.p.i.IntermediateProofReplayer Proof replay took 3.8ns 
800740     WARN  main            d.u.i.k.n.ParsingFacade   /home/runner/work/key/key/key.core/../key.ui/examples/heap/permissions/lockspec/Counter_lockStatus_accessible.key took 0 ms to parse. 
800740     WARN  main            d.u.i.k.n.ParsingFacade   Parsing time 948 ms. 
800842     INFO  main            d.u.i.k.p.r.p.TestFile    ... finished proof: closed. 
801498     INFO  main            d.u.i.k.p.i.AbstractProblemLoader Loading environment from /home/runner/work/key/key/key.core/../key.ui/examples/heap/permissions/lockspec/Counter_lockStatus_accessible.key.proof 
801498     DEBUG main            d.u.i.k.p.i.AbstractProblemLoader Environment load took 71.2ns 
801498     WARN  main            d.u.i.k.n.ParsingFacade   /home/runner/work/key/key/key.core/../key.ui/examples/heap/permissions/lockspec/Counter_lockStatus_accessible.key.proof took 0 ms to parse. 
801498     WARN  main            d.u.i.k.n.ParsingFacade   Parsing time 948 ms. 
801499     INFO  main            d.u.i.k.p.i.AbstractProblemLoader Creating init config 
802368     WARN  main            d.u.i.k.n.ParsingFacade   file:/home/runner/work/key/key/key.core/build/resources/main/de/uka/ilkd/key/java/JavaRedux/java/lang/String.key took 1 ms to parse. 
802369     WARN  main            d.u.i.k.n.ParsingFacade   Parsing time 949 ms. 
804550     DEBUG main            d.u.i.k.p.i.AbstractProblemLoader Init config took 3.05s 
804610     INFO  main            d.u.i.k.p.i.AbstractProblemLoader Replaying proof Counter[LockSpec::lockStatus(boolean)].JML accessible clause.0 
804632     DEBUG main            d.u.i.k.p.i.IntermediateProofReplayer Proof replay took 19.84ms 
804633     WARN  main            d.u.i.k.n.ParsingFacade   /home/runner/work/key/key/key.core/../key.ui/examples/heap/permissions/lockspec/Counter_lockStatus_accessible.key.proof took 0 ms to parse. 
804633     WARN  main            d.u.i.k.n.ParsingFacade   Parsing time 949 ms. 
804633     DEBUG main            d.u.i.k.p.r.p.TestFile    ... success: reloaded. 
804634     INFO  main            d.u.i.k.p.r.p.TestFile    Now processing file /home/runner/work/key/key/key.core/../key.ui/examples/heap/permissions/lockspec/Counter_lockTransfer_accessible.key 
804634     INFO  main            d.u.i.k.p.i.AbstractProblemLoader Loading environment from /home/runner/work/key/key/key.core/../key.ui/examples/heap/permissions/lockspec/Counter_lockTransfer_accessible.key 
804634     DEBUG main            d.u.i.k.p.i.AbstractProblemLoader Environment load took 134.4ns 
804635     WARN  main            d.u.i.k.n.ParsingFacade   /home/runner/work/key/key/key.core/../key.ui/examples/heap/permissions/lockspec/Counter_lockTransfer_accessible.key took 1 ms to parse. 
804635     WARN  main            d.u.i.k.n.ParsingFacade   Parsing time 950 ms. 
804635     INFO  main            d.u.i.k.p.i.AbstractProblemLoader Creating init config 
805569     WARN  main            d.u.i.k.n.ParsingFacade   file:/home/runner/work/key/key/key.core/build/resources/main/de/uka/ilkd/key/java/JavaRedux/java/lang/String.key took 1 ms to parse. 
805569     WARN  main            d.u.i.k.n.ParsingFacade   Parsing time 951 ms. 
807751     DEBUG main            d.u.i.k.p.i.AbstractProblemLoader Init config took 3.12s 
807801     INFO  main            d.u.i.k.p.i.AbstractProblemLoader Replaying proof Counter[LockSpec::lockTransfer()].JML accessible clause.0 
807802     DEBUG main            d.u.i.k.p.i.IntermediateProofReplayer Proof replay took 3.6ns 
807802     WARN  main            d.u.i.k.n.ParsingFacade   /home/runner/work/key/key/key.core/../key.ui/examples/heap/permissions/lockspec/Counter_lockTransfer_accessible.key took 0 ms to parse. 
807802     WARN  main            d.u.i.k.n.ParsingFacade   Parsing time 951 ms. 
808104     INFO  main            d.u.i.k.p.r.p.TestFile    ... finished proof: closed. 
808775     INFO  main            d.u.i.k.p.i.AbstractProblemLoader Loading environment from /home/runner/work/key/key/key.core/../key.ui/examples/heap/permissions/lockspec/Counter_lockTransfer_accessible.key.proof 
808776     DEBUG main            d.u.i.k.p.i.AbstractProblemLoader Environment load took 77.5ns 
808776     WARN  main            d.u.i.k.n.ParsingFacade   /home/runner/work/key/key/key.core/../key.ui/examples/heap/permissions/lockspec/Counter_lockTransfer_accessible.key.proof took 0 ms to parse. 
808776     WARN  main            d.u.i.k.n.ParsingFacade   Parsing time 951 ms. 
808776     INFO  main            d.u.i.k.p.i.AbstractProblemLoader Creating init config 
809640     WARN  main            d.u.i.k.n.ParsingFacade   file:/home/runner/work/key/key/key.core/build/resources/main/de/uka/ilkd/key/java/JavaRedux/java/lang/String.key took 1 ms to parse. 
809640     WARN  main            d.u.i.k.n.ParsingFacade   Parsing time 952 ms. 
811776     DEBUG main            d.u.i.k.p.i.AbstractProblemLoader Init config took 3s 
811834     INFO  main            d.u.i.k.p.i.AbstractProblemLoader Replaying proof Counter[LockSpec::lockTransfer()].JML accessible clause.0 
811896     DEBUG main            d.u.i.k.p.i.IntermediateProofReplayer Proof replay took 58.21ms 
811896     WARN  main            d.u.i.k.n.ParsingFacade   /home/runner/work/key/key/key.core/../key.ui/examples/heap/permissions/lockspec/Counter_lockTransfer_accessible.key.proof took 0 ms to parse. 
811896     WARN  main            d.u.i.k.n.ParsingFacade   Parsing time 952 ms. 
811897     DEBUG main            d.u.i.k.p.r.p.TestFile    ... success: reloaded. 
811898     INFO  main            d.u.i.k.p.r.p.TestFile    Now processing file /home/runner/work/key/key/key.core/../key.ui/examples/heap/permissions/lockspec/Counter_unlockTransfer_accessible.key 
811915     INFO  main            d.u.i.k.p.i.AbstractProblemLoader Loading environment from /home/runner/work/key/key/key.core/../key.ui/examples/heap/permissions/lockspec/Counter_unlockTransfer_accessible.key 
811915     DEBUG main            d.u.i.k.p.i.AbstractProblemLoader Environment load took 58.5ns 
811915     WARN  main            d.u.i.k.n.ParsingFacade   /home/runner/work/key/key/key.core/../key.ui/examples/heap/permissions/lockspec/Counter_unlockTransfer_accessible.key took 0 ms to parse. 
811915     WARN  main            d.u.i.k.n.ParsingFacade   Parsing time 952 ms. 
811915     INFO  main            d.u.i.k.p.i.AbstractProblemLoader Creating init config 
812904     WARN  main            d.u.i.k.n.ParsingFacade   file:/home/runner/work/key/key/key.core/build/resources/main/de/uka/ilkd/key/java/JavaRedux/java/lang/String.key took 1 ms to parse. 
812904     WARN  main            d.u.i.k.n.ParsingFacade   Parsing time 953 ms. 
815119     DEBUG main            d.u.i.k.p.i.AbstractProblemLoader Init config took 3.2s 
815168     INFO  main            d.u.i.k.p.i.AbstractProblemLoader Replaying proof Counter[LockSpec::unlockTransfer()].JML accessible clause.0 
815169     DEBUG main            d.u.i.k.p.i.IntermediateProofReplayer Proof replay took 3.5ns 
815170     WARN  main            d.u.i.k.n.ParsingFacade   /home/runner/work/key/key/key.core/../key.ui/examples/heap/permissions/lockspec/Counter_unlockTransfer_accessible.key took 0 ms to parse. 
815170     WARN  main            d.u.i.k.n.ParsingFacade   Parsing time 953 ms. 
815472     INFO  main            d.u.i.k.p.r.p.TestFile    ... finished proof: closed. 
816125     INFO  main            d.u.i.k.p.i.AbstractProblemLoader Loading environment from /home/runner/work/key/key/key.core/../key.ui/examples/heap/permissions/lockspec/Counter_unlockTransfer_accessible.key.proof 
816125     DEBUG main            d.u.i.k.p.i.AbstractProblemLoader Environment load took 77.9ns 
816125     WARN  main            d.u.i.k.n.ParsingFacade   /home/runner/work/key/key/key.core/../key.ui/examples/heap/permissions/lockspec/Counter_unlockTransfer_accessible.key.proof took 0 ms to parse. 
816125     WARN  main            d.u.i.k.n.ParsingFacade   Parsing time 953 ms. 
816126     INFO  main            d.u.i.k.p.i.AbstractProblemLoader Creating init config 
816969     WARN  main            d.u.i.k.n.ParsingFacade   file:/home/runner/work/key/key/key.core/build/resources/main/de/uka/ilkd/key/java/JavaRedux/java/lang/String.key took 1 ms to parse. 
816969     WARN  main            d.u.i.k.n.ParsingFacade   Parsing time 954 ms. 
819093     DEBUG main            d.u.i.k.p.i.AbstractProblemLoader Init config took 2.97s 
819142     INFO  main            d.u.i.k.p.i.AbstractProblemLoader Replaying proof Counter[LockSpec::unlockTransfer()].JML accessible clause.0 
819196     DEBUG main            d.u.i.k.p.i.IntermediateProofReplayer Proof replay took 51.21ms 
819197     WARN  main            d.u.i.k.n.ParsingFacade   /home/runner/work/key/key/key.core/../key.ui/examples/heap/permissions/lockspec/Counter_unlockTransfer_accessible.key.proof took 0 ms to parse. 
819197     WARN  main            d.u.i.k.n.ParsingFacade   Parsing time 954 ms. 
819197     DEBUG main            d.u.i.k.p.r.p.TestFile    ... success: reloaded. 
819198     INFO  main            d.u.i.k.p.r.p.TestFile    Now processing file /home/runner/work/key/key/key.core/../key.ui/examples/heap/permissions/threads/Plotter_startTransfer_contract.proof 
819198     INFO  main            d.u.i.k.p.i.AbstractProblemLoader Loading environment from /home/runner/work/key/key/key.core/../key.ui/examples/heap/permissions/threads/Plotter_startTransfer_contract.proof 
819198     DEBUG main            d.u.i.k.p.i.AbstractProblemLoader Environment load took 43.2ns 
819198     WARN  main            d.u.i.k.n.ParsingFacade   /home/runner/work/key/key/key.core/../key.ui/examples/heap/permissions/threads/Plotter_startTransfer_contract.proof took 0 ms to parse. 
819198     WARN  main            d.u.i.k.n.ParsingFacade   Parsing time 954 ms. 
819199     INFO  main            d.u.i.k.p.i.AbstractProblemLoader Creating init config 
820348     WARN  main            d.u.i.k.n.ParsingFacade   file:/home/runner/work/key/key/key.core/build/resources/main/de/uka/ilkd/key/java/JavaRedux/java/lang/String.key took 1 ms to parse. 
820348     WARN  main            d.u.i.k.n.ParsingFacade   Parsing time 955 ms. 
823881     DEBUG main            d.u.i.k.p.i.AbstractProblemLoader Init config took 4.68s 
823972     INFO  main            d.u.i.k.p.i.AbstractProblemLoader Replaying proof Plotter[ThreadSpec2::startTransfer()].JML model_behavior operation contract.0 
824074     DEBUG main            d.u.i.k.p.i.IntermediateProofReplayer Proof replay took 93.88ms 
824074     WARN  main            d.u.i.k.n.ParsingFacade   /home/runner/work/key/key/key.core/../key.ui/examples/heap/permissions/threads/Plotter_startTransfer_contract.proof took 0 ms to parse. 
824075     WARN  main            d.u.i.k.n.ParsingFacade   Parsing time 955 ms. 
824075     INFO  main            d.u.i.k.p.r.p.TestFile    ... success: loaded 
824076     INFO  main            d.u.i.k.p.r.p.TestFile    Now processing file /home/runner/work/key/key/key.core/../key.ui/examples/heap/permissions/threads/Plotter_startTransfer_accessible.proof 
824076     INFO  main            d.u.i.k.p.i.AbstractProblemLoader Loading environment from /home/runner/work/key/key/key.core/../key.ui/examples/heap/permissions/threads/Plotter_startTransfer_accessible.proof 
824076     DEBUG main            d.u.i.k.p.i.AbstractProblemLoader Environment load took 165.7ns 
824076     WARN  main            d.u.i.k.n.ParsingFacade   /home/runner/work/key/key/key.core/../key.ui/examples/heap/permissions/threads/Plotter_startTransfer_accessible.proof took 0 ms to parse. 
824077     WARN  main            d.u.i.k.n.ParsingFacade   Parsing time 955 ms. 
824077     INFO  main            d.u.i.k.p.i.AbstractProblemLoader Creating init config 
825237     WARN  main            d.u.i.k.n.ParsingFacade   file:/home/runner/work/key/key/key.core/build/resources/main/de/uka/ilkd/key/java/JavaRedux/java/lang/String.key took 1 ms to parse. 
825237     WARN  main            d.u.i.k.n.ParsingFacade   Parsing time 956 ms. 
828792     DEBUG main            d.u.i.k.p.i.AbstractProblemLoader Init config took 4.72s 
828872     INFO  main            d.u.i.k.p.i.AbstractProblemLoader Replaying proof Plotter[ThreadSpec2::startTransfer()].JML accessible clause.0 
829007     DEBUG main            d.u.i.k.p.i.IntermediateProofReplayer Proof replay took 101.77ms 
829008     WARN  main            d.u.i.k.n.ParsingFacade   /home/runner/work/key/key/key.core/../key.ui/examples/heap/permissions/threads/Plotter_startTransfer_accessible.proof took 0 ms to parse. 
829008     WARN  main            d.u.i.k.n.ParsingFacade   Parsing time 956 ms. 
829008     INFO  main            d.u.i.k.p.r.p.TestFile    ... success: loaded 
829009     INFO  main            d.u.i.k.p.r.p.TestFile    Now processing file /home/runner/work/key/key/key.core/../key.ui/examples/heap/permissions/threads/Plotter_joinTransfer_accessible.proof 
829009     INFO  main            d.u.i.k.p.i.AbstractProblemLoader Loading environment from /home/runner/work/key/key/key.core/../key.ui/examples/heap/permissions/threads/Plotter_joinTransfer_accessible.proof 
829009     DEBUG main            d.u.i.k.p.i.AbstractProblemLoader Environment load took 105.6ns 
829009     WARN  main            d.u.i.k.n.ParsingFacade   /home/runner/work/key/key/key.core/../key.ui/examples/heap/permissions/threads/Plotter_joinTransfer_accessible.proof took 0 ms to parse. 
829009     WARN  main            d.u.i.k.n.ParsingFacade   Parsing time 956 ms. 
829010     INFO  main            d.u.i.k.p.i.AbstractProblemLoader Creating init config 
830113     WARN  main            d.u.i.k.n.ParsingFacade   file:/home/runner/work/key/key/key.core/build/resources/main/de/uka/ilkd/key/java/JavaRedux/java/lang/String.key took 3 ms to parse. 
830113     WARN  main            d.u.i.k.n.ParsingFacade   Parsing time 959 ms. 
833659     DEBUG main            d.u.i.k.p.i.AbstractProblemLoader Init config took 4.65s 
833737     INFO  main            d.u.i.k.p.i.AbstractProblemLoader Replaying proof Plotter[ThreadSpec2::joinTransfer()].JML accessible clause.0 
833744     WARN  main            d.u.i.k.p.i.IntermediateProofReplayer Proof contains wrong number of \assumes instatiations for Definition_axiom_for_stateInv_in_Plotter 
833746     WARN  main            d.u.i.k.p.i.IntermediateProofReplayer Proof contains wrong number of \assumes instatiations for Definition_axiom_for_stateInv_in_Plotter 
833748     WARN  main            d.u.i.k.p.i.IntermediateProofReplayer Proof contains wrong number of \assumes instatiations for Definition_axiom_for_workingPermissions_in_Plotter 
833748     WARN  main            d.u.i.k.p.i.IntermediateProofReplayer Proof contains wrong number of \assumes instatiations for Definition_axiom_for_staticPermissions_in_Plotter 
833749     WARN  main            d.u.i.k.p.i.IntermediateProofReplayer Proof contains wrong number of \assumes instatiations for Definition_axiom_for_joinTransfer_in_Plotter 
833750     WARN  main            d.u.i.k.p.i.IntermediateProofReplayer Proof contains wrong number of \assumes instatiations for Definition_axiom_for_stateInv_in_BFilter 
833752     WARN  main            d.u.i.k.p.i.IntermediateProofReplayer Proof contains wrong number of \assumes instatiations for Definition_axiom_for_stateInv_in_AFilter 
833753     WARN  main            d.u.i.k.p.i.IntermediateProofReplayer Proof contains wrong number of \assumes instatiations for Definition_axiom_for_stateInv_in_BFilter 
833755     WARN  main            d.u.i.k.p.i.IntermediateProofReplayer Proof contains wrong number of \assumes instatiations for Definition_axiom_for_stateInv_in_AFilter 
833756     WARN  main            d.u.i.k.p.i.IntermediateProofReplayer Proof contains wrong number of \assumes instatiations for Definition_axiom_for_staticPermissions_in_AFilter 
833757     WARN  main            d.u.i.k.p.i.IntermediateProofReplayer Proof contains wrong number of \assumes instatiations for Definition_axiom_for_staticPermissions_in_Plotter 
833758     WARN  main            d.u.i.k.p.i.IntermediateProofReplayer Proof contains wrong number of \assumes instatiations for Definition_axiom_for_staticPermissions_in_BFilter 
833758     WARN  main            d.u.i.k.p.i.IntermediateProofReplayer Proof contains wrong number of \assumes instatiations for Definition_axiom_for_workingPermissions_in_Plotter 
833759     WARN  main            d.u.i.k.p.i.IntermediateProofReplayer Proof contains wrong number of \assumes instatiations for Definition_axiom_for_stateInv_in_Sampler 
833760     WARN  main            d.u.i.k.p.i.IntermediateProofReplayer Proof contains wrong number of \assumes instatiations for Definition_axiom_for_stateInv_in_Sampler 
833760     WARN  main            d.u.i.k.p.i.IntermediateProofReplayer Proof contains wrong number of \assumes instatiations for Definition_axiom_for_staticPermissions_in_Sampler 
833761     WARN  main            d.u.i.k.p.i.IntermediateProofReplayer Proof contains wrong number of \assumes instatiations for Definition_axiom_for_staticPermissions_in_BFilter 
833762     WARN  main            d.u.i.k.p.i.IntermediateProofReplayer Proof contains wrong number of \assumes instatiations for Definition_axiom_for_staticPermissions_in_AFilter 
833762     WARN  main            d.u.i.k.p.i.IntermediateProofReplayer Proof contains wrong number of \assumes instatiations for Definition_axiom_for_staticPermissions_in_Sampler 
833763     WARN  main            d.u.i.k.p.i.IntermediateProofReplayer Proof contains wrong number of \assumes instatiations for Definition_axiom_for_staticPermissions_in_Sampler 
833764     WARN  main            d.u.i.k.p.i.IntermediateProofReplayer Proof contains wrong number of \assumes instatiations for Definition_axiom_for_staticPermissions_in_Sampler 
833764     WARN  main            d.u.i.k.p.i.IntermediateProofReplayer Proof contains wrong number of \assumes instatiations for Definition_axiom_for_joinTransfer_in_Plotter 
833840     DEBUG main            d.u.i.k.p.i.IntermediateProofReplayer Proof replay took 99.32ms 
833841     WARN  main            d.u.i.k.n.ParsingFacade   /home/runner/work/key/key/key.core/../key.ui/examples/heap/permissions/threads/Plotter_joinTransfer_accessible.proof took 1 ms to parse. 
833841     WARN  main            d.u.i.k.n.ParsingFacade   Parsing time 960 ms. 
833841     INFO  main            d.u.i.k.p.r.p.TestFile    ... success: loaded 
5013886    INFO  Test worker     d.u.i.k.p.r.RunAllProofsTestUnit Returning from test permissionHeap 
5013887    INFO  Test worker     d.u.i.k.p.r.RunAllProofsTestUnit Running test completionScopes 
415        INFO  Timeout watchdog d.u.i.k.p.r.p.ForkedTestFileRunner Timeout watcher launched (2000 secs.) 
432        WARN  main            d.u.i.k.s.ProofSettings   The settings in /home/runner/.key/proof-settings.props are *not* read. 
458        INFO  main            d.u.i.k.p.r.p.TestFile    Now processing file /home/runner/work/key/key/key.core/../key.ui/examples/completionscopes/testCcatchReturnVal.key 
564        INFO  main            d.u.i.k.p.i.AbstractProblemLoader Loading environment from /home/runner/work/key/key/key.core/../key.ui/examples/completionscopes/testCcatchReturnVal.key 
585        DEBUG main            d.u.i.k.p.i.AbstractProblemLoader Environment load took 2.06ms 
675        WARN  main            d.u.i.k.n.ParsingFacade   /home/runner/work/key/key/key.core/../key.ui/examples/completionscopes/testCcatchReturnVal.key took 12 ms to parse. 
676        WARN  main            d.u.i.k.n.ParsingFacade   Parsing time 12 ms. 
802        INFO  main            d.u.i.k.p.i.AbstractProblemLoader Creating init config 
821        WARN  main            d.u.i.k.n.ParsingFacade   file:/home/runner/work/key/key/key.core/build/resources/main/de/uka/ilkd/key/proof/rules/standardRules.key took 14 ms to parse. 
822        WARN  main            d.u.i.k.n.ParsingFacade   Parsing time 26 ms. 
845        WARN  main            d.u.i.k.n.ParsingFacade   file:/home/runner/work/key/key/key.core/build/resources/main/de/uka/ilkd/key/proof/rules/ldt.key took 5 ms to parse. 
845        WARN  main            d.u.i.k.n.ParsingFacade   Parsing time 31 ms. 
855        WARN  main            d.u.i.k.n.ParsingFacade   file:/home/runner/work/key/key/key.core/build/resources/main/de/uka/ilkd/key/proof/rules/boolean.key took 3 ms to parse. 
855        WARN  main            d.u.i.k.n.ParsingFacade   Parsing time 34 ms. 
874        WARN  main            d.u.i.k.n.ParsingFacade   file:/home/runner/work/key/key/key.core/build/resources/main/de/uka/ilkd/key/proof/rules/ruleSetsDeclarations.key took 8 ms to parse. 
874        WARN  main            d.u.i.k.n.ParsingFacade   Parsing time 42 ms. 
895        WARN  main            d.u.i.k.n.ParsingFacade   file:/home/runner/work/key/key/key.core/build/resources/main/de/uka/ilkd/key/proof/rules/integerHeader.key took 4 ms to parse. 
895        WARN  main            d.u.i.k.n.ParsingFacade   Parsing time 46 ms. 
897        WARN  main            d.u.i.k.n.ParsingFacade   file:/home/runner/work/key/key/key.core/build/resources/main/de/uka/ilkd/key/proof/rules/floatHeader.key took 1 ms to parse. 
897        WARN  main            d.u.i.k.n.ParsingFacade   Parsing time 47 ms. 
899        WARN  main            d.u.i.k.n.ParsingFacade   file:/home/runner/work/key/key/key.core/build/resources/main/de/uka/ilkd/key/proof/rules/heap.key took 1 ms to parse. 
899        WARN  main            d.u.i.k.n.ParsingFacade   Parsing time 48 ms. 
902        WARN  main            d.u.i.k.n.ParsingFacade   file:/home/runner/work/key/key/key.core/build/resources/main/de/uka/ilkd/key/proof/rules/locSets.key took 1 ms to parse. 
902        WARN  main            d.u.i.k.n.ParsingFacade   Parsing time 49 ms. 
903        WARN  main            d.u.i.k.n.ParsingFacade   file:/home/runner/work/key/key/key.core/build/resources/main/de/uka/ilkd/key/proof/rules/permission.key took 1 ms to parse. 
903        WARN  main            d.u.i.k.n.ParsingFacade   Parsing time 50 ms. 
903        WARN  main            d.u.i.k.n.ParsingFacade   file:/home/runner/work/key/key/key.core/build/resources/main/de/uka/ilkd/key/proof/rules/reach.key took 0 ms to parse. 
903        WARN  main            d.u.i.k.n.ParsingFacade   Parsing time 50 ms. 
904        WARN  main            d.u.i.k.n.ParsingFacade   file:/home/runner/work/key/key/key.core/build/resources/main/de/uka/ilkd/key/proof/rules/seq.key took 0 ms to parse. 
904        WARN  main            d.u.i.k.n.ParsingFacade   Parsing time 50 ms. 
929        WARN  main            d.u.i.k.n.ParsingFacade   file:/home/runner/work/key/key/key.core/build/resources/main/de/uka/ilkd/key/proof/rules/map.key took 24 ms to parse. 
929        WARN  main            d.u.i.k.n.ParsingFacade   Parsing time 74 ms. 
929        WARN  main            d.u.i.k.n.ParsingFacade   file:/home/runner/work/key/key/key.core/build/resources/main/de/uka/ilkd/key/proof/rules/freeADT.key took 0 ms to parse. 
929        WARN  main            d.u.i.k.n.ParsingFacade   Parsing time 74 ms. 
930        WARN  main            d.u.i.k.n.ParsingFacade   file:/home/runner/work/key/key/key.core/build/resources/main/de/uka/ilkd/key/proof/rules/wellfound.key took 0 ms to parse. 
930        WARN  main            d.u.i.k.n.ParsingFacade   Parsing time 74 ms. 
931        WARN  main            d.u.i.k.n.ParsingFacade   file:/home/runner/work/key/key/key.core/build/resources/main/de/uka/ilkd/key/proof/rules/charListHeader.key took 1 ms to parse. 
931        WARN  main            d.u.i.k.n.ParsingFacade   Parsing time 75 ms. 
1053       WARN  main            d.u.i.k.n.ParsingFacade   file:/home/runner/work/key/key/key.core/build/resources/main/de/uka/ilkd/key/proof/rules/propRule.key took 4 ms to parse. 
1054       WARN  main            d.u.i.k.n.ParsingFacade   Parsing time 79 ms. 
1075       WARN  main            d.u.i.k.n.ParsingFacade   file:/home/runner/work/key/key/key.core/build/resources/main/de/uka/ilkd/key/proof/rules/firstOrderRules.key took 3 ms to parse. 
1076       WARN  main            d.u.i.k.n.ParsingFacade   Parsing time 82 ms. 
1093       WARN  main            d.u.i.k.n.ParsingFacade   file:/home/runner/work/key/key/key.core/build/resources/main/de/uka/ilkd/key/proof/rules/ifThenElseRules.key took 5 ms to parse. 
1093       WARN  main            d.u.i.k.n.ParsingFacade   Parsing time 87 ms. 
1123       WARN  main            d.u.i.k.n.ParsingFacade   file:/home/runner/work/key/key/key.core/build/resources/main/de/uka/ilkd/key/proof/rules/formulaNormalisationRules.key took 12 ms to parse. 
1123       WARN  main            d.u.i.k.n.ParsingFacade   Parsing time 99 ms. 
1233       WARN  main            d.u.i.k.n.ParsingFacade   file:/home/runner/work/key/key/key.core/build/resources/main/de/uka/ilkd/key/proof/rules/updateRules.key took 12 ms to parse. 
1234       WARN  main            d.u.i.k.n.ParsingFacade   Parsing time 111 ms. 
1258       WARN  main            d.u.i.k.n.ParsingFacade   file:/home/runner/work/key/key/key.core/build/resources/main/de/uka/ilkd/key/proof/rules/integerRulesCommon.key took 1 ms to parse. 
1259       WARN  main            d.u.i.k.n.ParsingFacade   Parsing time 112 ms. 
1371       WARN  main            d.u.i.k.n.ParsingFacade   file:/home/runner/work/key/key/key.core/build/resources/main/de/uka/ilkd/key/proof/rules/intRules.key took 2 ms to parse. 
1373       WARN  main            d.u.i.k.n.ParsingFacade   Parsing time 114 ms. 
1403       WARN  main            d.u.i.k.n.ParsingFacade   file:/home/runner/work/key/key/key.core/build/resources/main/de/uka/ilkd/key/proof/rules/intRulesUncheckedSemantics.key took 7 ms to parse. 
1404       WARN  main            d.u.i.k.n.ParsingFacade   Parsing time 121 ms. 
1415       WARN  main            d.u.i.k.n.ParsingFacade   file:/home/runner/work/key/key/key.core/build/resources/main/de/uka/ilkd/key/proof/rules/intRulesCheckedSemantics.key took 1 ms to parse. 
1417       WARN  main            d.u.i.k.n.ParsingFacade   Parsing time 122 ms. 
1428       WARN  main            d.u.i.k.n.ParsingFacade   file:/home/runner/work/key/key/key.core/build/resources/main/de/uka/ilkd/key/proof/rules/intRulesJavaSemantics.key took 5 ms to parse. 
1428       WARN  main            d.u.i.k.n.ParsingFacade   Parsing time 127 ms. 
1481       WARN  main            d.u.i.k.n.ParsingFacade   file:/home/runner/work/key/key/key.core/build/resources/main/de/uka/ilkd/key/proof/rules/integerSimplificationRules.key took 35 ms to parse. 
1481       WARN  main            d.u.i.k.n.ParsingFacade   Parsing time 162 ms. 
1578       DEBUG main            d.u.i.k.j.TypeConverter   No LDT found for Meta 
1579       DEBUG main            d.u.i.k.j.TypeConverter   No LDT found for Meta 
1582       DEBUG main            d.u.i.k.j.TypeConverter   No LDT found for Meta 
1582       DEBUG main            d.u.i.k.j.TypeConverter   No LDT found for Meta 
1616       WARN  main            d.u.i.k.n.ParsingFacade   file:/home/runner/work/key/key/key.core/build/resources/main/de/uka/ilkd/key/proof/rules/intDiv.key took 6 ms to parse. 
1616       WARN  main            d.u.i.k.n.ParsingFacade   Parsing time 168 ms. 
1638       WARN  main            d.u.i.k.n.ParsingFacade   file:/home/runner/work/key/key/key.core/build/resources/main/de/uka/ilkd/key/proof/rules/bsum.key took 5 ms to parse. 
1638       WARN  main            d.u.i.k.n.ParsingFacade   Parsing time 173 ms. 
1660       WARN  main            d.u.i.k.n.ParsingFacade   file:/home/runner/work/key/key/key.core/build/resources/main/de/uka/ilkd/key/proof/rules/bprod.key took 2 ms to parse. 
1660       WARN  main            d.u.i.k.n.ParsingFacade   Parsing time 175 ms. 
1675       WARN  main            d.u.i.k.n.ParsingFacade   file:/home/runner/work/key/key/key.core/build/resources/main/de/uka/ilkd/key/proof/rules/binaryAxioms.key took 1 ms to parse. 
1675       WARN  main            d.u.i.k.n.ParsingFacade   Parsing time 176 ms. 
1678       WARN  main            d.u.i.k.n.ParsingFacade   file:/home/runner/work/key/key/key.core/build/resources/main/de/uka/ilkd/key/proof/rules/binaryLemmas.key took 1 ms to parse. 
1678       WARN  main            d.u.i.k.n.ParsingFacade   Parsing time 177 ms. 
1682       WARN  main            d.u.i.k.n.ParsingFacade   file:/home/runner/work/key/key/key.core/build/resources/main/de/uka/ilkd/key/proof/rules/intPow.key took 1 ms to parse. 
1683       WARN  main            d.u.i.k.n.ParsingFacade   Parsing time 178 ms. 
1695       WARN  main            d.u.i.k.n.ParsingFacade   file:/home/runner/work/key/key/key.core/build/resources/main/de/uka/ilkd/key/proof/rules/floatRulesCommon.key took 6 ms to parse. 
1695       WARN  main            d.u.i.k.n.ParsingFacade   Parsing time 184 ms. 
1729       WARN  main            d.u.i.k.n.ParsingFacade   file:/home/runner/work/key/key/key.core/build/resources/main/de/uka/ilkd/key/proof/rules/floatRules.key took 0 ms to parse. 
1729       WARN  main            d.u.i.k.n.ParsingFacade   Parsing time 184 ms. 
1731       WARN  main            d.u.i.k.n.ParsingFacade   file:/home/runner/work/key/key/key.core/build/resources/main/de/uka/ilkd/key/proof/rules/floatRulesVerifyNormal.key took 1 ms to parse. 
1731       WARN  main            d.u.i.k.n.ParsingFacade   Parsing time 185 ms. 
1734       WARN  main            d.u.i.k.n.ParsingFacade   file:/home/runner/work/key/key/key.core/build/resources/main/de/uka/ilkd/key/proof/rules/floatRulesAssumeStrictfp.key took 3 ms to parse. 
1734       WARN  main            d.u.i.k.n.ParsingFacade   Parsing time 188 ms. 
1756       WARN  main            d.u.i.k.n.ParsingFacade   file:/home/runner/work/key/key/key.core/build/resources/main/de/uka/ilkd/key/proof/rules/genericRules.key took 1 ms to parse. 
1757       WARN  main            d.u.i.k.n.ParsingFacade   Parsing time 189 ms. 
1764       WARN  main            d.u.i.k.n.ParsingFacade   file:/home/runner/work/key/key/key.core/build/resources/main/de/uka/ilkd/key/proof/rules/booleanRules.key took 0 ms to parse. 
1764       WARN  main            d.u.i.k.n.ParsingFacade   Parsing time 189 ms. 
1767       WARN  main            d.u.i.k.n.ParsingFacade   file:/home/runner/work/key/key/key.core/build/resources/main/de/uka/ilkd/key/proof/rules/epsilon.key took 0 ms to parse. 
1767       WARN  main            d.u.i.k.n.ParsingFacade   Parsing time 189 ms. 
1775       WARN  main            d.u.i.k.n.ParsingFacade   file:/home/runner/work/key/key/key.core/build/resources/main/de/uka/ilkd/key/proof/rules/locSetsRules.key took 6 ms to parse. 
1775       WARN  main            d.u.i.k.n.ParsingFacade   Parsing time 195 ms. 
1802       WARN  main            d.u.i.k.n.ParsingFacade   file:/home/runner/work/key/key/key.core/build/resources/main/de/uka/ilkd/key/proof/rules/heapRules.key took 6 ms to parse. 
1802       WARN  main            d.u.i.k.n.ParsingFacade   Parsing time 201 ms. 
1827       WARN  main            d.u.i.k.n.ParsingFacade   file:/home/runner/work/key/key/key.core/build/resources/main/de/uka/ilkd/key/proof/rules/permissionRules.key took 3 ms to parse. 
1827       WARN  main            d.u.i.k.n.ParsingFacade   Parsing time 204 ms. 
1840       WARN  main            d.u.i.k.n.ParsingFacade   file:/home/runner/work/key/key/key.core/build/resources/main/de/uka/ilkd/key/proof/rules/reachRules.key took 3 ms to parse. 
1840       WARN  main            d.u.i.k.n.ParsingFacade   Parsing time 207 ms. 
1876       WARN  main            d.u.i.k.n.ParsingFacade   file:/home/runner/work/key/key/key.core/build/resources/main/de/uka/ilkd/key/proof/rules/seqCoreRules.key took 0 ms to parse. 
1876       WARN  main            d.u.i.k.n.ParsingFacade   Parsing time 207 ms. 
1882       WARN  main            d.u.i.k.n.ParsingFacade   file:/home/runner/work/key/key/key.core/build/resources/main/de/uka/ilkd/key/proof/rules/seqRules.key took 4 ms to parse. 
1882       WARN  main            d.u.i.k.n.ParsingFacade   Parsing time 211 ms. 
1900       WARN  main            d.u.i.k.n.ParsingFacade   file:/home/runner/work/key/key/key.core/build/resources/main/de/uka/ilkd/key/proof/rules/seqPerm.key took 3 ms to parse. 
1900       WARN  main            d.u.i.k.n.ParsingFacade   Parsing time 214 ms. 
1911       WARN  main            d.u.i.k.n.ParsingFacade   file:/home/runner/work/key/key/key.core/build/resources/main/de/uka/ilkd/key/proof/rules/seqPerm2.key took 1 ms to parse. 
1911       WARN  main            d.u.i.k.n.ParsingFacade   Parsing time 215 ms. 
1965       WARN  main            d.u.i.k.n.ParsingFacade   file:/home/runner/work/key/key/key.core/build/resources/main/de/uka/ilkd/key/proof/rules/javaRules.key took 52 ms to parse. 
1965       WARN  main            d.u.i.k.n.ParsingFacade   Parsing time 267 ms. 
1973       WARN  main            d.u.i.k.n.ParsingFacade   file:/home/runner/work/key/key/key.core/build/resources/main/de/uka/ilkd/key/proof/rules/assertions.key took 1 ms to parse. 
1974       WARN  main            d.u.i.k.n.ParsingFacade   Parsing time 268 ms. 
2457       WARN  main            d.u.i.k.n.ParsingFacade   file:/home/runner/work/key/key/key.core/build/resources/main/de/uka/ilkd/key/proof/rules/loopRules.key took 2 ms to parse. 
2457       WARN  main            d.u.i.k.n.ParsingFacade   Parsing time 270 ms. 
2468       WARN  main            d.u.i.k.n.ParsingFacade   file:/home/runner/work/key/key/key.core/build/resources/main/de/uka/ilkd/key/proof/rules/activeUse.key took 2 ms to parse. 
2468       WARN  main            d.u.i.k.n.ParsingFacade   Parsing time 272 ms. 
2553       WARN  main            d.u.i.k.n.ParsingFacade   file:/home/runner/work/key/key/key.core/build/resources/main/de/uka/ilkd/key/proof/rules/instanceAllocation.key took 12 ms to parse. 
2553       WARN  main            d.u.i.k.n.ParsingFacade   Parsing time 284 ms. 
2564       WARN  main            d.u.i.k.n.ParsingFacade   file:/home/runner/work/key/key/key.core/build/resources/main/de/uka/ilkd/key/proof/rules/java5.key took 0 ms to parse. 
2564       WARN  main            d.u.i.k.n.ParsingFacade   Parsing time 284 ms. 
2569       WARN  main            d.u.i.k.n.ParsingFacade   file:/home/runner/work/key/key/key.core/build/resources/main/de/uka/ilkd/key/proof/rules/integerAssignment2UpdateRules.key took 2 ms to parse. 
2570       WARN  main            d.u.i.k.n.ParsingFacade   Parsing time 286 ms. 
2599       WARN  main            d.u.i.k.n.ParsingFacade   file:/home/runner/work/key/key/key.core/build/resources/main/de/uka/ilkd/key/proof/rules/floatAssignment2UpdateRules.key took 4 ms to parse. 
2599       WARN  main            d.u.i.k.n.ParsingFacade   Parsing time 290 ms. 
2618       WARN  main            d.u.i.k.n.ParsingFacade   file:/home/runner/work/key/key/key.core/build/resources/main/de/uka/ilkd/key/proof/rules/bigint.key took 1 ms to parse. 
2618       WARN  main            d.u.i.k.n.ParsingFacade   Parsing time 291 ms. 
2627       DEBUG main            d.u.i.k.j.TypeConverter   No LDT found for JavaBigintExpression 
2631       WARN  main            d.u.i.k.n.ParsingFacade   file:/home/runner/work/key/key/key.core/build/resources/main/de/uka/ilkd/key/proof/rules/adtProgramDecompositionRules.key took 1 ms to parse. 
2631       WARN  main            d.u.i.k.n.ParsingFacade   Parsing time 292 ms. 
2646       WARN  main            d.u.i.k.n.ParsingFacade   file:/home/runner/work/key/key/key.core/build/resources/main/de/uka/ilkd/key/proof/rules/precRules.key took 1 ms to parse. 
2647       WARN  main            d.u.i.k.n.ParsingFacade   Parsing time 293 ms. 
2651       WARN  main            d.u.i.k.n.ParsingFacade   file:/home/runner/work/key/key/key.core/build/resources/main/de/uka/ilkd/key/proof/rules/charListRules.key took 2 ms to parse. 
2652       WARN  main            d.u.i.k.n.ParsingFacade   Parsing time 295 ms. 
2661       WARN  main            d.u.i.k.n.ParsingFacade   file:/home/runner/work/key/key/key.core/build/resources/main/de/uka/ilkd/key/proof/rules/regExTheory.key took 0 ms to parse. 
2661       WARN  main            d.u.i.k.n.ParsingFacade   Parsing time 295 ms. 
2662       WARN  main            d.u.i.k.n.ParsingFacade   file:/home/runner/work/key/key/key.core/build/resources/main/de/uka/ilkd/key/proof/rules/regExHeader.key took 0 ms to parse. 
2662       WARN  main            d.u.i.k.n.ParsingFacade   Parsing time 295 ms. 
2663       WARN  main            d.u.i.k.n.ParsingFacade   file:/home/runner/work/key/key/key.core/build/resources/main/de/uka/ilkd/key/proof/rules/regExAxioms.key took 1 ms to parse. 
2663       WARN  main            d.u.i.k.n.ParsingFacade   Parsing time 296 ms. 
2667       WARN  main            d.u.i.k.n.ParsingFacade   file:/home/runner/work/key/key/key.core/build/resources/main/de/uka/ilkd/key/proof/rules/regExLemmaProven.key took 2 ms to parse. 
2667       WARN  main            d.u.i.k.n.ParsingFacade   Parsing time 298 ms. 
2671       WARN  main            d.u.i.k.n.ParsingFacade   file:/home/runner/work/key/key/key.core/build/resources/main/de/uka/ilkd/key/proof/rules/seqEq.key took 1 ms to parse. 
2672       WARN  main            d.u.i.k.n.ParsingFacade   Parsing time 299 ms. 
2701       WARN  main            d.u.i.k.n.ParsingFacade   file:/home/runner/work/key/key/key.core/build/resources/main/de/uka/ilkd/key/proof/rules/infFlow.key took 1 ms to parse. 
2702       WARN  main            d.u.i.k.n.ParsingFacade   Parsing time 300 ms. 
2706       WARN  main            d.u.i.k.n.ParsingFacade   file:/home/runner/work/key/key/key.core/build/resources/main/de/uka/ilkd/key/proof/rules/mapSize.key took 0 ms to parse. 
2706       WARN  main            d.u.i.k.n.ParsingFacade   Parsing time 300 ms. 
2708       WARN  main            d.u.i.k.n.ParsingFacade   file:/home/runner/work/key/key/key.core/build/resources/main/de/uka/ilkd/key/proof/rules/wd.key took 0 ms to parse. 
2708       WARN  main            d.u.i.k.n.ParsingFacade   Parsing time 300 ms. 
2710       WARN  main            d.u.i.k.n.ParsingFacade   file:/home/runner/work/key/key/key.core/build/resources/main/de/uka/ilkd/key/proof/rules/wdHeader.key took 1 ms to parse. 
2710       WARN  main            d.u.i.k.n.ParsingFacade   Parsing time 301 ms. 
2711       WARN  main            d.u.i.k.n.ParsingFacade   file:/home/runner/work/key/key/key.core/build/resources/main/de/uka/ilkd/key/proof/rules/wdGeneralRules.key took 1 ms to parse. 
2711       WARN  main            d.u.i.k.n.ParsingFacade   Parsing time 302 ms. 
2718       WARN  main            d.u.i.k.n.ParsingFacade   file:/home/runner/work/key/key/key.core/build/resources/main/de/uka/ilkd/key/proof/rules/wdNumericalRules.key took 4 ms to parse. 
2718       WARN  main            d.u.i.k.n.ParsingFacade   Parsing time 306 ms. 
2734       WARN  main            d.u.i.k.n.ParsingFacade   file:/home/runner/work/key/key/key.core/build/resources/main/de/uka/ilkd/key/proof/rules/wdLocSetRules.key took 0 ms to parse. 
2734       WARN  main            d.u.i.k.n.ParsingFacade   Parsing time 306 ms. 
2738       WARN  main            d.u.i.k.n.ParsingFacade   file:/home/runner/work/key/key/key.core/build/resources/main/de/uka/ilkd/key/proof/rules/wdHeapRules.key took 1 ms to parse. 
2738       WARN  main            d.u.i.k.n.ParsingFacade   Parsing time 307 ms. 
2742       WARN  main            d.u.i.k.n.ParsingFacade   file:/home/runner/work/key/key/key.core/build/resources/main/de/uka/ilkd/key/proof/rules/wdReachRules.key took 0 ms to parse. 
2742       WARN  main            d.u.i.k.n.ParsingFacade   Parsing time 307 ms. 
2743       WARN  main            d.u.i.k.n.ParsingFacade   file:/home/runner/work/key/key/key.core/build/resources/main/de/uka/ilkd/key/proof/rules/wdSeqRules.key took 0 ms to parse. 
2743       WARN  main            d.u.i.k.n.ParsingFacade   Parsing time 307 ms. 
2746       WARN  main            d.u.i.k.n.ParsingFacade   file:/home/runner/work/key/key/key.core/build/resources/main/de/uka/ilkd/key/proof/rules/wdStringRules.key took 0 ms to parse. 
2746       WARN  main            d.u.i.k.n.ParsingFacade   Parsing time 307 ms. 
2749       WARN  main            d.u.i.k.n.ParsingFacade   file:/home/runner/work/key/key/key.core/build/resources/main/de/uka/ilkd/key/proof/rules/wdRegExRules.key took 1 ms to parse. 
2749       WARN  main            d.u.i.k.n.ParsingFacade   Parsing time 308 ms. 
2752       WARN  main            d.u.i.k.n.ParsingFacade   file:/home/runner/work/key/key/key.core/build/resources/main/de/uka/ilkd/key/proof/rules/wdFormulaRules.key took 2 ms to parse. 
2752       WARN  main            d.u.i.k.n.ParsingFacade   Parsing time 310 ms. 
2761       WARN  main            d.u.i.k.n.ParsingFacade   file:/home/runner/work/key/key/key.core/build/resources/main/de/uka/ilkd/key/proof/rules/loopInvariantRules.key took 0 ms to parse. 
2761       WARN  main            d.u.i.k.n.ParsingFacade   Parsing time 310 ms. 
2763       WARN  main            d.u.i.k.n.ParsingFacade   file:/home/runner/work/key/key/key.core/build/resources/main/de/uka/ilkd/key/proof/rules/forLoopRules.key took 0 ms to parse. 
2763       WARN  main            d.u.i.k.n.ParsingFacade   Parsing time 310 ms. 
2766       WARN  main            d.u.i.k.n.ParsingFacade   file:/home/runner/work/key/key/key.core/build/resources/main/de/uka/ilkd/key/proof/rules/execRules.key took 1 ms to parse. 
2766       WARN  main            d.u.i.k.n.ParsingFacade   Parsing time 311 ms. 
2829       WARN  main            d.u.i.k.n.ParsingFacade   file:/home/runner/work/key/key/key.core/build/resources/main/de/uka/ilkd/key/proof/rules/loopScopeRules.key took 2 ms to parse. 
2829       WARN  main            d.u.i.k.n.ParsingFacade   Parsing time 313 ms. 
5400       WARN  main            d.u.i.k.n.ParsingFacade   file:/home/runner/work/key/key/key.core/build/resources/main/de/uka/ilkd/key/java/JavaRedux/java/lang/String.key took 3 ms to parse. 
5401       WARN  main            d.u.i.k.n.ParsingFacade   Parsing time 316 ms. 
7387       DEBUG main            d.u.i.k.p.i.AbstractProblemLoader Init config took 6.58s 
7510       INFO  main            d.u.i.k.p.i.AbstractProblemLoader Replaying proof CompletionScopes[CompletionScopes::testCcatchReturnVal()].JML normal_behavior operation contract.0 
7543       DEBUG main            d.u.i.k.p.i.IntermediateProofReplayer Proof replay took 35.8ns 
7546       WARN  main            d.u.i.k.n.ParsingFacade   /home/runner/work/key/key/key.core/../key.ui/examples/completionscopes/testCcatchReturnVal.key took 0 ms to parse. 
7546       WARN  main            d.u.i.k.n.ParsingFacade   Parsing time 316 ms. 
8053       INFO  main            d.u.i.k.p.r.p.TestFile    ... finished proof: closed. 
8159       INFO  main            d.u.i.k.p.i.AbstractProblemLoader Loading environment from /home/runner/work/key/key/key.core/../key.ui/examples/completionscopes/testCcatchReturnVal.key.proof 
8159       DEBUG main            d.u.i.k.p.i.AbstractProblemLoader Environment load took 447.61ns 
8160       WARN  main            d.u.i.k.n.ParsingFacade   /home/runner/work/key/key/key.core/../key.ui/examples/completionscopes/testCcatchReturnVal.key.proof took 0 ms to parse. 
8160       WARN  main            d.u.i.k.n.ParsingFacade   Parsing time 316 ms. 
8162       INFO  main            d.u.i.k.p.i.AbstractProblemLoader Creating init config 
9063       WARN  main            d.u.i.k.n.ParsingFacade   file:/home/runner/work/key/key/key.core/build/resources/main/de/uka/ilkd/key/java/JavaRedux/java/lang/String.key took 2 ms to parse. 
9063       WARN  main            d.u.i.k.n.ParsingFacade   Parsing time 318 ms. 
10779      DEBUG main            d.u.i.k.p.i.AbstractProblemLoader Init config took 2.62s 
10867      INFO  main            d.u.i.k.p.i.AbstractProblemLoader Replaying proof CompletionScopes[CompletionScopes::testCcatchReturnVal()].JML normal_behavior operation contract.0 
10943      DEBUG main            d.u.i.k.p.i.IntermediateProofReplayer Proof replay took 66.59ms 
10944      WARN  main            d.u.i.k.n.ParsingFacade   /home/runner/work/key/key/key.core/../key.ui/examples/completionscopes/testCcatchReturnVal.key.proof took 0 ms to parse. 
10944      WARN  main            d.u.i.k.n.ParsingFacade   Parsing time 318 ms. 
10958      DEBUG main            d.u.i.k.p.r.p.TestFile    ... success: reloaded. 
10961      INFO  main            d.u.i.k.p.r.p.TestFile    Now processing file /home/runner/work/key/key/key.core/../key.ui/examples/completionscopes/testMultCcatchClauses.key 
10963      INFO  main            d.u.i.k.p.i.AbstractProblemLoader Loading environment from /home/runner/work/key/key/key.core/../key.ui/examples/completionscopes/testMultCcatchClauses.key 
10963      DEBUG main            d.u.i.k.p.i.AbstractProblemLoader Environment load took 229.41ns 
10964      WARN  main            d.u.i.k.n.ParsingFacade   /home/runner/work/key/key/key.core/../key.ui/examples/completionscopes/testMultCcatchClauses.key took 0 ms to parse. 
10964      WARN  main            d.u.i.k.n.ParsingFacade   Parsing time 318 ms. 
10966      INFO  main            d.u.i.k.p.i.AbstractProblemLoader Creating init config 
11877      WARN  main            d.u.i.k.n.ParsingFacade   file:/home/runner/work/key/key/key.core/build/resources/main/de/uka/ilkd/key/java/JavaRedux/java/lang/String.key took 1 ms to parse. 
11877      WARN  main            d.u.i.k.n.ParsingFacade   Parsing time 319 ms. 
13554      DEBUG main            d.u.i.k.p.i.AbstractProblemLoader Init config took 2.59s 
13624      INFO  main            d.u.i.k.p.i.AbstractProblemLoader Replaying proof CompletionScopes[CompletionScopes::testMultCcatchClauses()].JML normal_behavior operation contract.0 
13628      DEBUG main            d.u.i.k.p.i.IntermediateProofReplayer Proof replay took 7ns 
13629      WARN  main            d.u.i.k.n.ParsingFacade   /home/runner/work/key/key/key.core/../key.ui/examples/completionscopes/testMultCcatchClauses.key took 0 ms to parse. 
13629      WARN  main            d.u.i.k.n.ParsingFacade   Parsing time 319 ms. 
14033      INFO  main            d.u.i.k.p.r.p.TestFile    ... finished proof: closed. 
14201      INFO  main            d.u.i.k.p.i.AbstractProblemLoader Loading environment from /home/runner/work/key/key/key.core/../key.ui/examples/completionscopes/testMultCcatchClauses.key.proof 
14203      DEBUG main            d.u.i.k.p.i.AbstractProblemLoader Environment load took 1.65ms 
14203      WARN  main            d.u.i.k.n.ParsingFacade   /home/runner/work/key/key/key.core/../key.ui/examples/completionscopes/testMultCcatchClauses.key.proof took 0 ms to parse. 
14204      WARN  main            d.u.i.k.n.ParsingFacade   Parsing time 319 ms. 
14206      INFO  main            d.u.i.k.p.i.AbstractProblemLoader Creating init config 
15058      WARN  main            d.u.i.k.n.ParsingFacade   file:/home/runner/work/key/key/key.core/build/resources/main/de/uka/ilkd/key/java/JavaRedux/java/lang/String.key took 1 ms to parse. 
15058      WARN  main            d.u.i.k.n.ParsingFacade   Parsing time 320 ms. 
16698      DEBUG main            d.u.i.k.p.i.AbstractProblemLoader Init config took 2.49s 
16759      INFO  main            d.u.i.k.p.i.AbstractProblemLoader Replaying proof CompletionScopes[CompletionScopes::testMultCcatchClauses()].JML normal_behavior operation contract.0 
16892      DEBUG main            d.u.i.k.p.i.IntermediateProofReplayer Proof replay took 130.07ms 
16894      WARN  main            d.u.i.k.n.ParsingFacade   /home/runner/work/key/key/key.core/../key.ui/examples/completionscopes/testMultCcatchClauses.key.proof took 0 ms to parse. 
16894      WARN  main            d.u.i.k.n.ParsingFacade   Parsing time 320 ms. 
16894      DEBUG main            d.u.i.k.p.r.p.TestFile    ... success: reloaded. 
16896      INFO  main            d.u.i.k.p.r.p.TestFile    Now processing file /home/runner/work/key/key/key.core/../key.ui/examples/completionscopes/testNestedExec.key 
16896      INFO  main            d.u.i.k.p.i.AbstractProblemLoader Loading environment from /home/runner/work/key/key/key.core/../key.ui/examples/completionscopes/testNestedExec.key 
16896      DEBUG main            d.u.i.k.p.i.AbstractProblemLoader Environment load took 91ns 
16896      WARN  main            d.u.i.k.n.ParsingFacade   /home/runner/work/key/key/key.core/../key.ui/examples/completionscopes/testNestedExec.key took 0 ms to parse. 
16896      WARN  main            d.u.i.k.n.ParsingFacade   Parsing time 320 ms. 
16898      INFO  main            d.u.i.k.p.i.AbstractProblemLoader Creating init config 
17807      WARN  main            d.u.i.k.n.ParsingFacade   file:/home/runner/work/key/key/key.core/build/resources/main/de/uka/ilkd/key/java/JavaRedux/java/lang/String.key took 1 ms to parse. 
17808      WARN  main            d.u.i.k.n.ParsingFacade   Parsing time 321 ms. 
19451      DEBUG main            d.u.i.k.p.i.AbstractProblemLoader Init config took 2.55s 
19502      INFO  main            d.u.i.k.p.i.AbstractProblemLoader Replaying proof CompletionScopes[CompletionScopes::testMultCcatchClauses()].JML normal_behavior operation contract.0 
19519      DEBUG main            d.u.i.k.p.i.IntermediateProofReplayer Proof replay took 7.9ns 
19519      WARN  main            d.u.i.k.n.ParsingFacade   /home/runner/work/key/key/key.core/../key.ui/examples/completionscopes/testNestedExec.key took 0 ms to parse. 
19519      WARN  main            d.u.i.k.n.ParsingFacade   Parsing time 321 ms. 
19822      INFO  main            d.u.i.k.p.r.p.TestFile    ... finished proof: closed. 
19946      INFO  main            d.u.i.k.p.i.AbstractProblemLoader Loading environment from /home/runner/work/key/key/key.core/../key.ui/examples/completionscopes/testNestedExec.key.proof 
19947      DEBUG main            d.u.i.k.p.i.AbstractProblemLoader Environment load took 336.91ns 
19947      WARN  main            d.u.i.k.n.ParsingFacade   /home/runner/work/key/key/key.core/../key.ui/examples/completionscopes/testNestedExec.key.proof took 0 ms to parse. 
19947      WARN  main            d.u.i.k.n.ParsingFacade   Parsing time 321 ms. 
19949      INFO  main            d.u.i.k.p.i.AbstractProblemLoader Creating init config 
20747      WARN  main            d.u.i.k.n.ParsingFacade   file:/home/runner/work/key/key/key.core/build/resources/main/de/uka/ilkd/key/java/JavaRedux/java/lang/String.key took 1 ms to parse. 
20747      WARN  main            d.u.i.k.n.ParsingFacade   Parsing time 322 ms. 
22396      DEBUG main            d.u.i.k.p.i.AbstractProblemLoader Init config took 2.45s 
22446      INFO  main            d.u.i.k.p.i.AbstractProblemLoader Replaying proof CompletionScopes[CompletionScopes::testMultCcatchClauses()].JML normal_behavior operation contract.0 
22522      DEBUG main            d.u.i.k.p.i.IntermediateProofReplayer Proof replay took 69.88ms 
22522      WARN  main            d.u.i.k.n.ParsingFacade   /home/runner/work/key/key/key.core/../key.ui/examples/completionscopes/testNestedExec.key.proof took 0 ms to parse. 
22522      WARN  main            d.u.i.k.n.ParsingFacade   Parsing time 322 ms. 
22523      DEBUG main            d.u.i.k.p.r.p.TestFile    ... success: reloaded. 
22524      INFO  main            d.u.i.k.p.r.p.TestFile    Now processing file /home/runner/work/key/key/key.core/../key.ui/examples/completionscopes/testCcatchBreakLabel.key 
22525      INFO  main            d.u.i.k.p.i.AbstractProblemLoader Loading environment from /home/runner/work/key/key/key.core/../key.ui/examples/completionscopes/testCcatchBreakLabel.key 
22525      DEBUG main            d.u.i.k.p.i.AbstractProblemLoader Environment load took 180.2ns 
22525      WARN  main            d.u.i.k.n.ParsingFacade   /home/runner/work/key/key/key.core/../key.ui/examples/completionscopes/testCcatchBreakLabel.key took 0 ms to parse. 
22525      WARN  main            d.u.i.k.n.ParsingFacade   Parsing time 322 ms. 
22527      INFO  main            d.u.i.k.p.i.AbstractProblemLoader Creating init config 
23365      WARN  main            d.u.i.k.n.ParsingFacade   file:/home/runner/work/key/key/key.core/build/resources/main/de/uka/ilkd/key/java/JavaRedux/java/lang/String.key took 0 ms to parse. 
23365      WARN  main            d.u.i.k.n.ParsingFacade   Parsing time 322 ms. 
24987      DEBUG main            d.u.i.k.p.i.AbstractProblemLoader Init config took 2.46s 
25030      INFO  main            d.u.i.k.p.i.AbstractProblemLoader Replaying proof CompletionScopes[CompletionScopes::testBreakLabel()].JML normal_behavior operation contract.0 
25032      DEBUG main            d.u.i.k.p.i.IntermediateProofReplayer Proof replay took 6.4ns 
25032      WARN  main            d.u.i.k.n.ParsingFacade   /home/runner/work/key/key/key.core/../key.ui/examples/completionscopes/testCcatchBreakLabel.key took 0 ms to parse. 
25032      WARN  main            d.u.i.k.n.ParsingFacade   Parsing time 322 ms. 
25048      DEBUG Thread-10       d.u.i.k.l.o.ProgramSV     Match failed: Former match of  SchemaVariable incompatible with  the current match. 
25134      INFO  main            d.u.i.k.p.r.p.TestFile    ... finished proof: closed. 
25291      INFO  main            d.u.i.k.p.i.AbstractProblemLoader Loading environment from /home/runner/work/key/key/key.core/../key.ui/examples/completionscopes/testCcatchBreakLabel.key.proof 
25291      DEBUG main            d.u.i.k.p.i.AbstractProblemLoader Environment load took 120.4ns 
25292      WARN  main            d.u.i.k.n.ParsingFacade   /home/runner/work/key/key/key.core/../key.ui/examples/completionscopes/testCcatchBreakLabel.key.proof took 0 ms to parse. 
25292      WARN  main            d.u.i.k.n.ParsingFacade   Parsing time 322 ms. 
25293      INFO  main            d.u.i.k.p.i.AbstractProblemLoader Creating init config 
26090      WARN  main            d.u.i.k.n.ParsingFacade   file:/home/runner/work/key/key/key.core/build/resources/main/de/uka/ilkd/key/java/JavaRedux/java/lang/String.key took 1 ms to parse. 
26090      WARN  main            d.u.i.k.n.ParsingFacade   Parsing time 323 ms. 
27719      DEBUG main            d.u.i.k.p.i.AbstractProblemLoader Init config took 2.43s 
27772      INFO  main            d.u.i.k.p.i.AbstractProblemLoader Replaying proof CompletionScopes[CompletionScopes::testBreakLabel()].JML normal_behavior operation contract.0 
27782      DEBUG main            d.u.i.k.p.i.IntermediateProofReplayer Proof replay took 7.94ms 
27782      WARN  main            d.u.i.k.n.ParsingFacade   /home/runner/work/key/key/key.core/../key.ui/examples/completionscopes/testCcatchBreakLabel.key.proof took 0 ms to parse. 
27782      WARN  main            d.u.i.k.n.ParsingFacade   Parsing time 323 ms. 
27783      DEBUG main            d.u.i.k.p.r.p.TestFile    ... success: reloaded. 
27784      INFO  main            d.u.i.k.p.r.p.TestFile    Now processing file /home/runner/work/key/key/key.core/../key.ui/examples/completionscopes/testCcatchContinueLabel.key 
27784      INFO  main            d.u.i.k.p.i.AbstractProblemLoader Loading environment from /home/runner/work/key/key/key.core/../key.ui/examples/completionscopes/testCcatchContinueLabel.key 
27784      DEBUG main            d.u.i.k.p.i.AbstractProblemLoader Environment load took 168.8ns 
27785      WARN  main            d.u.i.k.n.ParsingFacade   /home/runner/work/key/key/key.core/../key.ui/examples/completionscopes/testCcatchContinueLabel.key took 1 ms to parse. 
27785      WARN  main            d.u.i.k.n.ParsingFacade   Parsing time 324 ms. 
27786      INFO  main            d.u.i.k.p.i.AbstractProblemLoader Creating init config 
28614      WARN  main            d.u.i.k.n.ParsingFacade   file:/home/runner/work/key/key/key.core/build/resources/main/de/uka/ilkd/key/java/JavaRedux/java/lang/String.key took 1 ms to parse. 
28615      WARN  main            d.u.i.k.n.ParsingFacade   Parsing time 325 ms. 
30238      DEBUG main            d.u.i.k.p.i.AbstractProblemLoader Init config took 2.45s 
30280      INFO  main            d.u.i.k.p.i.AbstractProblemLoader Replaying proof CompletionScopes[CompletionScopes::testContinueLabel()].JML normal_behavior operation contract.0 
30282      DEBUG main            d.u.i.k.p.i.IntermediateProofReplayer Proof replay took 7.6ns 
30283      WARN  main            d.u.i.k.n.ParsingFacade   /home/runner/work/key/key/key.core/../key.ui/examples/completionscopes/testCcatchContinueLabel.key took 1 ms to parse. 
30283      WARN  main            d.u.i.k.n.ParsingFacade   Parsing time 326 ms. 
30301      DEBUG Thread-13       d.u.i.k.l.o.ProgramSV     Match failed: Former match of  SchemaVariable incompatible with  the current match. 
30386      INFO  main            d.u.i.k.p.r.p.TestFile    ... finished proof: closed. 
30577      INFO  main            d.u.i.k.p.i.AbstractProblemLoader Loading environment from /home/runner/work/key/key/key.core/../key.ui/examples/completionscopes/testCcatchContinueLabel.key.proof 
30577      DEBUG main            d.u.i.k.p.i.AbstractProblemLoader Environment load took 130.4ns 
30577      WARN  main            d.u.i.k.n.ParsingFacade   /home/runner/work/key/key/key.core/../key.ui/examples/completionscopes/testCcatchContinueLabel.key.proof took 0 ms to parse. 
30577      WARN  main            d.u.i.k.n.ParsingFacade   Parsing time 326 ms. 
30578      INFO  main            d.u.i.k.p.i.AbstractProblemLoader Creating init config 
31348      WARN  main            d.u.i.k.n.ParsingFacade   file:/home/runner/work/key/key/key.core/build/resources/main/de/uka/ilkd/key/java/JavaRedux/java/lang/String.key took 1 ms to parse. 
31348      WARN  main            d.u.i.k.n.ParsingFacade   Parsing time 327 ms. 
32972      DEBUG main            d.u.i.k.p.i.AbstractProblemLoader Init config took 2.39s 
33025      INFO  main            d.u.i.k.p.i.AbstractProblemLoader Replaying proof CompletionScopes[CompletionScopes::testContinueLabel()].JML normal_behavior operation contract.0 
33035      DEBUG main            d.u.i.k.p.i.IntermediateProofReplayer Proof replay took 8.09ms 
33035      WARN  main            d.u.i.k.n.ParsingFacade   /home/runner/work/key/key/key.core/../key.ui/examples/completionscopes/testCcatchContinueLabel.key.proof took 0 ms to parse. 
33036      WARN  main            d.u.i.k.n.ParsingFacade   Parsing time 327 ms. 
33036      DEBUG main            d.u.i.k.p.r.p.TestFile    ... success: reloaded. 
33037      INFO  main            d.u.i.k.p.r.p.TestFile    Now processing file /home/runner/work/key/key/key.core/../key.ui/examples/completionscopes/testCcatchBreakLabelWildcard.key 
33037      INFO  main            d.u.i.k.p.i.AbstractProblemLoader Loading environment from /home/runner/work/key/key/key.core/../key.ui/examples/completionscopes/testCcatchBreakLabelWildcard.key 
33038      DEBUG main            d.u.i.k.p.i.AbstractProblemLoader Environment load took 163.3ns 
33038      WARN  main            d.u.i.k.n.ParsingFacade   /home/runner/work/key/key/key.core/../key.ui/examples/completionscopes/testCcatchBreakLabelWildcard.key took 0 ms to parse. 
33038      WARN  main            d.u.i.k.n.ParsingFacade   Parsing time 327 ms. 
33039      INFO  main            d.u.i.k.p.i.AbstractProblemLoader Creating init config 
33840      WARN  main            d.u.i.k.n.ParsingFacade   file:/home/runner/work/key/key/key.core/build/resources/main/de/uka/ilkd/key/java/JavaRedux/java/lang/String.key took 1 ms to parse. 
33840      WARN  main            d.u.i.k.n.ParsingFacade   Parsing time 328 ms. 
35458      DEBUG main            d.u.i.k.p.i.AbstractProblemLoader Init config took 2.42s 
35500      INFO  main            d.u.i.k.p.i.AbstractProblemLoader Replaying proof CompletionScopes[CompletionScopes::testBreakLabelWildcard()].JML normal_behavior operation contract.0 
35501      DEBUG main            d.u.i.k.p.i.IntermediateProofReplayer Proof replay took 7ns 
35502      WARN  main            d.u.i.k.n.ParsingFacade   /home/runner/work/key/key/key.core/../key.ui/examples/completionscopes/testCcatchBreakLabelWildcard.key took 0 ms to parse. 
35502      WARN  main            d.u.i.k.n.ParsingFacade   Parsing time 328 ms. 
35516      DEBUG Thread-16       d.u.i.k.l.o.ProgramSV     Match failed: Former match of  SchemaVariable incompatible with  the current match. 
35517      DEBUG Thread-16       d.u.i.k.l.o.ProgramSV     Match failed: Former match of  SchemaVariable incompatible with  the current match. 
35604      INFO  main            d.u.i.k.p.r.p.TestFile    ... finished proof: closed. 
35755      INFO  main            d.u.i.k.p.i.AbstractProblemLoader Loading environment from /home/runner/work/key/key/key.core/../key.ui/examples/completionscopes/testCcatchBreakLabelWildcard.key.proof 
35755      DEBUG main            d.u.i.k.p.i.AbstractProblemLoader Environment load took 116.8ns 
35755      WARN  main            d.u.i.k.n.ParsingFacade   /home/runner/work/key/key/key.core/../key.ui/examples/completionscopes/testCcatchBreakLabelWildcard.key.proof took 0 ms to parse. 
35755      WARN  main            d.u.i.k.n.ParsingFacade   Parsing time 328 ms. 
35756      INFO  main            d.u.i.k.p.i.AbstractProblemLoader Creating init config 
36532      WARN  main            d.u.i.k.n.ParsingFacade   file:/home/runner/work/key/key/key.core/build/resources/main/de/uka/ilkd/key/java/JavaRedux/java/lang/String.key took 1 ms to parse. 
36532      WARN  main            d.u.i.k.n.ParsingFacade   Parsing time 329 ms. 
38141      DEBUG main            d.u.i.k.p.i.AbstractProblemLoader Init config took 2.39s 
38181      INFO  main            d.u.i.k.p.i.AbstractProblemLoader Replaying proof CompletionScopes[CompletionScopes::testBreakLabelWildcard()].JML normal_behavior operation contract.0 
38190      DEBUG main            d.u.i.k.p.i.IntermediateProofReplayer Proof replay took 7.26ms 
38191      WARN  main            d.u.i.k.n.ParsingFacade   /home/runner/work/key/key/key.core/../key.ui/examples/completionscopes/testCcatchBreakLabelWildcard.key.proof took 1 ms to parse. 
38191      WARN  main            d.u.i.k.n.ParsingFacade   Parsing time 330 ms. 
38191      DEBUG main            d.u.i.k.p.r.p.TestFile    ... success: reloaded. 
38192      INFO  main            d.u.i.k.p.r.p.TestFile    Now processing file /home/runner/work/key/key/key.core/../key.ui/examples/completionscopes/testCcatchContinueLabelWildcard.key 
38192      INFO  main            d.u.i.k.p.i.AbstractProblemLoader Loading environment from /home/runner/work/key/key/key.core/../key.ui/examples/completionscopes/testCcatchContinueLabelWildcard.key 
38192      DEBUG main            d.u.i.k.p.i.AbstractProblemLoader Environment load took 88.6ns 
38193      WARN  main            d.u.i.k.n.ParsingFacade   /home/runner/work/key/key/key.core/../key.ui/examples/completionscopes/testCcatchContinueLabelWildcard.key took 1 ms to parse. 
38193      WARN  main            d.u.i.k.n.ParsingFacade   Parsing time 331 ms. 
38193      INFO  main            d.u.i.k.p.i.AbstractProblemLoader Creating init config 
38999      WARN  main            d.u.i.k.n.ParsingFacade   file:/home/runner/work/key/key/key.core/build/resources/main/de/uka/ilkd/key/java/JavaRedux/java/lang/String.key took 1 ms to parse. 
38999      WARN  main            d.u.i.k.n.ParsingFacade   Parsing time 332 ms. 
40621      DEBUG main            d.u.i.k.p.i.AbstractProblemLoader Init config took 2.43s 
40660      INFO  main            d.u.i.k.p.i.AbstractProblemLoader Replaying proof CompletionScopes[CompletionScopes::testContinueLabelWildcard()].JML normal_behavior operation contract.0 
40661      DEBUG main            d.u.i.k.p.i.IntermediateProofReplayer Proof replay took 7ns 
40662      WARN  main            d.u.i.k.n.ParsingFacade   /home/runner/work/key/key/key.core/../key.ui/examples/completionscopes/testCcatchContinueLabelWildcard.key took 0 ms to parse. 
40662      WARN  main            d.u.i.k.n.ParsingFacade   Parsing time 332 ms. 
40678      DEBUG Thread-19       d.u.i.k.l.o.ProgramSV     Match failed: Former match of  SchemaVariable incompatible with  the current match. 
40679      DEBUG Thread-19       d.u.i.k.l.o.ProgramSV     Match failed: Former match of  SchemaVariable incompatible with  the current match. 
40763      INFO  main            d.u.i.k.p.r.p.TestFile    ... finished proof: closed. 
40922      INFO  main            d.u.i.k.p.i.AbstractProblemLoader Loading environment from /home/runner/work/key/key/key.core/../key.ui/examples/completionscopes/testCcatchContinueLabelWildcard.key.proof 
40923      DEBUG main            d.u.i.k.p.i.AbstractProblemLoader Environment load took 124.8ns 
40923      WARN  main            d.u.i.k.n.ParsingFacade   /home/runner/work/key/key/key.core/../key.ui/examples/completionscopes/testCcatchContinueLabelWildcard.key.proof took 0 ms to parse. 
40923      WARN  main            d.u.i.k.n.ParsingFacade   Parsing time 332 ms. 
40924      INFO  main            d.u.i.k.p.i.AbstractProblemLoader Creating init config 
41691      WARN  main            d.u.i.k.n.ParsingFacade   file:/home/runner/work/key/key/key.core/build/resources/main/de/uka/ilkd/key/java/JavaRedux/java/lang/String.key took 1 ms to parse. 
41692      WARN  main            d.u.i.k.n.ParsingFacade   Parsing time 333 ms. 
43287      DEBUG main            d.u.i.k.p.i.AbstractProblemLoader Init config took 2.36s 
43325      INFO  main            d.u.i.k.p.i.AbstractProblemLoader Replaying proof CompletionScopes[CompletionScopes::testContinueLabelWildcard()].JML normal_behavior operation contract.0 
43335      DEBUG main            d.u.i.k.p.i.IntermediateProofReplayer Proof replay took 8ms 
43336      WARN  main            d.u.i.k.n.ParsingFacade   /home/runner/work/key/key/key.core/../key.ui/examples/completionscopes/testCcatchContinueLabelWildcard.key.proof took 0 ms to parse. 
43336      WARN  main            d.u.i.k.n.ParsingFacade   Parsing time 333 ms. 
43337      DEBUG main            d.u.i.k.p.r.p.TestFile    ... success: reloaded. 
43338      INFO  main            d.u.i.k.p.r.p.TestFile    Now processing file /home/runner/work/key/key/key.core/../key.ui/examples/completionscopes/testCcatchBreakLabelNonmatchingNested.key 
43338      INFO  main            d.u.i.k.p.i.AbstractProblemLoader Loading environment from /home/runner/work/key/key/key.core/../key.ui/examples/completionscopes/testCcatchBreakLabelNonmatchingNested.key 
43338      DEBUG main            d.u.i.k.p.i.AbstractProblemLoader Environment load took 165.7ns 
43338      WARN  main            d.u.i.k.n.ParsingFacade   /home/runner/work/key/key/key.core/../key.ui/examples/completionscopes/testCcatchBreakLabelNonmatchingNested.key took 0 ms to parse. 
43339      WARN  main            d.u.i.k.n.ParsingFacade   Parsing time 333 ms. 
43339      INFO  main            d.u.i.k.p.i.AbstractProblemLoader Creating init config 
44144      WARN  main            d.u.i.k.n.ParsingFacade   file:/home/runner/work/key/key/key.core/build/resources/main/de/uka/ilkd/key/java/JavaRedux/java/lang/String.key took 1 ms to parse. 
44144      WARN  main            d.u.i.k.n.ParsingFacade   Parsing time 334 ms. 
45755      DEBUG main            d.u.i.k.p.i.AbstractProblemLoader Init config took 2.42s 
45794      INFO  main            d.u.i.k.p.i.AbstractProblemLoader Replaying proof CompletionScopes[CompletionScopes::testBreakLabelNonmatchingNested()].JML normal_behavior operation contract.0 
45795      DEBUG main            d.u.i.k.p.i.IntermediateProofReplayer Proof replay took 7.4ns 
45796      WARN  main            d.u.i.k.n.ParsingFacade   /home/runner/work/key/key/key.core/../key.ui/examples/completionscopes/testCcatchBreakLabelNonmatchingNested.key took 0 ms to parse. 
45796      WARN  main            d.u.i.k.n.ParsingFacade   Parsing time 334 ms. 
45810      DEBUG Thread-22       d.u.i.k.l.o.ProgramSV     Match failed: Former match of  SchemaVariable incompatible with  the current match. 
45811      DEBUG Thread-22       d.u.i.k.l.o.ProgramSV     Match failed: Former match of  SchemaVariable incompatible with  the current match. 
45903      INFO  main            d.u.i.k.p.r.p.TestFile    ... finished proof: closed. 
46071      INFO  main            d.u.i.k.p.i.AbstractProblemLoader Loading environment from /home/runner/work/key/key/key.core/../key.ui/examples/completionscopes/testCcatchBreakLabelNonmatchingNested.key.proof 
46072      DEBUG main            d.u.i.k.p.i.AbstractProblemLoader Environment load took 128.7ns 
46072      WARN  main            d.u.i.k.n.ParsingFacade   /home/runner/work/key/key/key.core/../key.ui/examples/completionscopes/testCcatchBreakLabelNonmatchingNested.key.proof took 0 ms to parse. 
46072      WARN  main            d.u.i.k.n.ParsingFacade   Parsing time 334 ms. 
46073      INFO  main            d.u.i.k.p.i.AbstractProblemLoader Creating init config 
46869      WARN  main            d.u.i.k.n.ParsingFacade   file:/home/runner/work/key/key/key.core/build/resources/main/de/uka/ilkd/key/java/JavaRedux/java/lang/String.key took 1 ms to parse. 
46869      WARN  main            d.u.i.k.n.ParsingFacade   Parsing time 335 ms. 
48421      DEBUG main            d.u.i.k.p.i.AbstractProblemLoader Init config took 2.35s 
48459      INFO  main            d.u.i.k.p.i.AbstractProblemLoader Replaying proof CompletionScopes[CompletionScopes::testBreakLabelNonmatchingNested()].JML normal_behavior operation contract.0 
48469      DEBUG main            d.u.i.k.p.i.IntermediateProofReplayer Proof replay took 8.35ms 
48469      WARN  main            d.u.i.k.n.ParsingFacade   /home/runner/work/key/key/key.core/../key.ui/examples/completionscopes/testCcatchBreakLabelNonmatchingNested.key.proof took 0 ms to parse. 
48469      WARN  main            d.u.i.k.n.ParsingFacade   Parsing time 335 ms. 
48470      DEBUG main            d.u.i.k.p.r.p.TestFile    ... success: reloaded. 
5062525    INFO  Test worker     d.u.i.k.p.r.RunAllProofsTestUnit Returning from test completionScopes 
5062526    INFO  Test worker     d.u.i.k.p.r.RunAllProofsTestUnit Running test reload_examples 
347        INFO  Timeout watchdog d.u.i.k.p.r.p.ForkedTestFileRunner Timeout watcher launched (2000 secs.) 
365        WARN  main            d.u.i.k.s.ProofSettings   The settings in /home/runner/.key/proof-settings.props are *not* read. 
397        INFO  main            d.u.i.k.p.r.p.TestFile    Now processing file /home/runner/work/key/key/key.core/../key.ui/examples/firstTouch/05-ReverseArray/reverseArray.key 
512        INFO  main            d.u.i.k.p.i.AbstractProblemLoader Loading environment from /home/runner/work/key/key/key.core/../key.ui/examples/firstTouch/05-ReverseArray/reverseArray.key 
530        DEBUG main            d.u.i.k.p.i.AbstractProblemLoader Environment load took 3.02ms 
621        WARN  main            d.u.i.k.n.ParsingFacade   /home/runner/work/key/key/key.core/../key.ui/examples/firstTouch/05-ReverseArray/reverseArray.key took 12 ms to parse. 
621        WARN  main            d.u.i.k.n.ParsingFacade   Parsing time 12 ms. 
746        INFO  main            d.u.i.k.p.i.AbstractProblemLoader Creating init config 
765        WARN  main            d.u.i.k.n.ParsingFacade   file:/home/runner/work/key/key/key.core/build/resources/main/de/uka/ilkd/key/proof/rules/standardRules.key took 14 ms to parse. 
765        WARN  main            d.u.i.k.n.ParsingFacade   Parsing time 26 ms. 
788        WARN  main            d.u.i.k.n.ParsingFacade   file:/home/runner/work/key/key/key.core/build/resources/main/de/uka/ilkd/key/proof/rules/ldt.key took 3 ms to parse. 
788        WARN  main            d.u.i.k.n.ParsingFacade   Parsing time 29 ms. 
798        WARN  main            d.u.i.k.n.ParsingFacade   file:/home/runner/work/key/key/key.core/build/resources/main/de/uka/ilkd/key/proof/rules/boolean.key took 3 ms to parse. 
798        WARN  main            d.u.i.k.n.ParsingFacade   Parsing time 32 ms. 
822        WARN  main            d.u.i.k.n.ParsingFacade   file:/home/runner/work/key/key/key.core/build/resources/main/de/uka/ilkd/key/proof/rules/ruleSetsDeclarations.key took 13 ms to parse. 
822        WARN  main            d.u.i.k.n.ParsingFacade   Parsing time 45 ms. 
854        WARN  main            d.u.i.k.n.ParsingFacade   file:/home/runner/work/key/key/key.core/build/resources/main/de/uka/ilkd/key/proof/rules/integerHeader.key took 5 ms to parse. 
855        WARN  main            d.u.i.k.n.ParsingFacade   Parsing time 50 ms. 
860        WARN  main            d.u.i.k.n.ParsingFacade   file:/home/runner/work/key/key/key.core/build/resources/main/de/uka/ilkd/key/proof/rules/floatHeader.key took 4 ms to parse. 
861        WARN  main            d.u.i.k.n.ParsingFacade   Parsing time 54 ms. 
864        WARN  main            d.u.i.k.n.ParsingFacade   file:/home/runner/work/key/key/key.core/build/resources/main/de/uka/ilkd/key/proof/rules/heap.key took 1 ms to parse. 
864        WARN  main            d.u.i.k.n.ParsingFacade   Parsing time 55 ms. 
869        WARN  main            d.u.i.k.n.ParsingFacade   file:/home/runner/work/key/key/key.core/build/resources/main/de/uka/ilkd/key/proof/rules/locSets.key took 1 ms to parse. 
869        WARN  main            d.u.i.k.n.ParsingFacade   Parsing time 56 ms. 
871        WARN  main            d.u.i.k.n.ParsingFacade   file:/home/runner/work/key/key/key.core/build/resources/main/de/uka/ilkd/key/proof/rules/permission.key took 2 ms to parse. 
871        WARN  main            d.u.i.k.n.ParsingFacade   Parsing time 58 ms. 
871        WARN  main            d.u.i.k.n.ParsingFacade   file:/home/runner/work/key/key/key.core/build/resources/main/de/uka/ilkd/key/proof/rules/reach.key took 0 ms to parse. 
872        WARN  main            d.u.i.k.n.ParsingFacade   Parsing time 58 ms. 
873        WARN  main            d.u.i.k.n.ParsingFacade   file:/home/runner/work/key/key/key.core/build/resources/main/de/uka/ilkd/key/proof/rules/seq.key took 1 ms to parse. 
873        WARN  main            d.u.i.k.n.ParsingFacade   Parsing time 59 ms. 
908        WARN  main            d.u.i.k.n.ParsingFacade   file:/home/runner/work/key/key/key.core/build/resources/main/de/uka/ilkd/key/proof/rules/map.key took 30 ms to parse. 
909        WARN  main            d.u.i.k.n.ParsingFacade   Parsing time 89 ms. 
910        WARN  main            d.u.i.k.n.ParsingFacade   file:/home/runner/work/key/key/key.core/build/resources/main/de/uka/ilkd/key/proof/rules/freeADT.key took 0 ms to parse. 
910        WARN  main            d.u.i.k.n.ParsingFacade   Parsing time 89 ms. 
911        WARN  main            d.u.i.k.n.ParsingFacade   file:/home/runner/work/key/key/key.core/build/resources/main/de/uka/ilkd/key/proof/rules/wellfound.key took 0 ms to parse. 
911        WARN  main            d.u.i.k.n.ParsingFacade   Parsing time 89 ms. 
912        WARN  main            d.u.i.k.n.ParsingFacade   file:/home/runner/work/key/key/key.core/build/resources/main/de/uka/ilkd/key/proof/rules/charListHeader.key took 1 ms to parse. 
912        WARN  main            d.u.i.k.n.ParsingFacade   Parsing time 90 ms. 
1042       WARN  main            d.u.i.k.n.ParsingFacade   file:/home/runner/work/key/key/key.core/build/resources/main/de/uka/ilkd/key/proof/rules/propRule.key took 8 ms to parse. 
1042       WARN  main            d.u.i.k.n.ParsingFacade   Parsing time 98 ms. 
1084       WARN  main            d.u.i.k.n.ParsingFacade   file:/home/runner/work/key/key/key.core/build/resources/main/de/uka/ilkd/key/proof/rules/firstOrderRules.key took 4 ms to parse. 
1084       WARN  main            d.u.i.k.n.ParsingFacade   Parsing time 102 ms. 
1101       WARN  main            d.u.i.k.n.ParsingFacade   file:/home/runner/work/key/key/key.core/build/resources/main/de/uka/ilkd/key/proof/rules/ifThenElseRules.key took 5 ms to parse. 
1102       WARN  main            d.u.i.k.n.ParsingFacade   Parsing time 107 ms. 
1152       WARN  main            d.u.i.k.n.ParsingFacade   file:/home/runner/work/key/key/key.core/build/resources/main/de/uka/ilkd/key/proof/rules/formulaNormalisationRules.key took 18 ms to parse. 
1152       WARN  main            d.u.i.k.n.ParsingFacade   Parsing time 125 ms. 
1240       WARN  main            d.u.i.k.n.ParsingFacade   file:/home/runner/work/key/key/key.core/build/resources/main/de/uka/ilkd/key/proof/rules/updateRules.key took 6 ms to parse. 
1240       WARN  main            d.u.i.k.n.ParsingFacade   Parsing time 131 ms. 
1265       WARN  main            d.u.i.k.n.ParsingFacade   file:/home/runner/work/key/key/key.core/build/resources/main/de/uka/ilkd/key/proof/rules/integerRulesCommon.key took 6 ms to parse. 
1265       WARN  main            d.u.i.k.n.ParsingFacade   Parsing time 137 ms. 
1353       WARN  main            d.u.i.k.n.ParsingFacade   file:/home/runner/work/key/key/key.core/build/resources/main/de/uka/ilkd/key/proof/rules/intRules.key took 3 ms to parse. 
1353       WARN  main            d.u.i.k.n.ParsingFacade   Parsing time 140 ms. 
1365       WARN  main            d.u.i.k.n.ParsingFacade   file:/home/runner/work/key/key/key.core/build/resources/main/de/uka/ilkd/key/proof/rules/intRulesUncheckedSemantics.key took 2 ms to parse. 
1366       WARN  main            d.u.i.k.n.ParsingFacade   Parsing time 142 ms. 
1374       WARN  main            d.u.i.k.n.ParsingFacade   file:/home/runner/work/key/key/key.core/build/resources/main/de/uka/ilkd/key/proof/rules/intRulesCheckedSemantics.key took 1 ms to parse. 
1374       WARN  main            d.u.i.k.n.ParsingFacade   Parsing time 143 ms. 
1381       WARN  main            d.u.i.k.n.ParsingFacade   file:/home/runner/work/key/key/key.core/build/resources/main/de/uka/ilkd/key/proof/rules/intRulesJavaSemantics.key took 2 ms to parse. 
1382       WARN  main            d.u.i.k.n.ParsingFacade   Parsing time 145 ms. 
1420       WARN  main            d.u.i.k.n.ParsingFacade   file:/home/runner/work/key/key/key.core/build/resources/main/de/uka/ilkd/key/proof/rules/integerSimplificationRules.key took 28 ms to parse. 
1420       WARN  main            d.u.i.k.n.ParsingFacade   Parsing time 173 ms. 
1506       DEBUG main            d.u.i.k.j.TypeConverter   No LDT found for Meta 
1508       DEBUG main            d.u.i.k.j.TypeConverter   No LDT found for Meta 
1509       DEBUG main            d.u.i.k.j.TypeConverter   No LDT found for Meta 
1511       DEBUG main            d.u.i.k.j.TypeConverter   No LDT found for Meta 
1549       WARN  main            d.u.i.k.n.ParsingFacade   file:/home/runner/work/key/key/key.core/build/resources/main/de/uka/ilkd/key/proof/rules/intDiv.key took 7 ms to parse. 
1549       WARN  main            d.u.i.k.n.ParsingFacade   Parsing time 180 ms. 
1608       WARN  main            d.u.i.k.n.ParsingFacade   file:/home/runner/work/key/key/key.core/build/resources/main/de/uka/ilkd/key/proof/rules/bsum.key took 8 ms to parse. 
1609       WARN  main            d.u.i.k.n.ParsingFacade   Parsing time 188 ms. 
1643       WARN  main            d.u.i.k.n.ParsingFacade   file:/home/runner/work/key/key/key.core/build/resources/main/de/uka/ilkd/key/proof/rules/bprod.key took 3 ms to parse. 
1643       WARN  main            d.u.i.k.n.ParsingFacade   Parsing time 191 ms. 
1654       WARN  main            d.u.i.k.n.ParsingFacade   file:/home/runner/work/key/key/key.core/build/resources/main/de/uka/ilkd/key/proof/rules/binaryAxioms.key took 1 ms to parse. 
1654       WARN  main            d.u.i.k.n.ParsingFacade   Parsing time 192 ms. 
1660       WARN  main            d.u.i.k.n.ParsingFacade   file:/home/runner/work/key/key/key.core/build/resources/main/de/uka/ilkd/key/proof/rules/binaryLemmas.key took 1 ms to parse. 
1660       WARN  main            d.u.i.k.n.ParsingFacade   Parsing time 193 ms. 
1672       WARN  main            d.u.i.k.n.ParsingFacade   file:/home/runner/work/key/key/key.core/build/resources/main/de/uka/ilkd/key/proof/rules/intPow.key took 2 ms to parse. 
1673       WARN  main            d.u.i.k.n.ParsingFacade   Parsing time 195 ms. 
1686       WARN  main            d.u.i.k.n.ParsingFacade   file:/home/runner/work/key/key/key.core/build/resources/main/de/uka/ilkd/key/proof/rules/floatRulesCommon.key took 6 ms to parse. 
1686       WARN  main            d.u.i.k.n.ParsingFacade   Parsing time 201 ms. 
1697       WARN  main            d.u.i.k.n.ParsingFacade   file:/home/runner/work/key/key/key.core/build/resources/main/de/uka/ilkd/key/proof/rules/floatRules.key took 0 ms to parse. 
1698       WARN  main            d.u.i.k.n.ParsingFacade   Parsing time 201 ms. 
1698       WARN  main            d.u.i.k.n.ParsingFacade   file:/home/runner/work/key/key/key.core/build/resources/main/de/uka/ilkd/key/proof/rules/floatRulesVerifyNormal.key took 0 ms to parse. 
1699       WARN  main            d.u.i.k.n.ParsingFacade   Parsing time 201 ms. 
1702       WARN  main            d.u.i.k.n.ParsingFacade   file:/home/runner/work/key/key/key.core/build/resources/main/de/uka/ilkd/key/proof/rules/floatRulesAssumeStrictfp.key took 3 ms to parse. 
1702       WARN  main            d.u.i.k.n.ParsingFacade   Parsing time 204 ms. 
1755       WARN  main            d.u.i.k.n.ParsingFacade   file:/home/runner/work/key/key/key.core/build/resources/main/de/uka/ilkd/key/proof/rules/genericRules.key took 1 ms to parse. 
1755       WARN  main            d.u.i.k.n.ParsingFacade   Parsing time 205 ms. 
1763       WARN  main            d.u.i.k.n.ParsingFacade   file:/home/runner/work/key/key/key.core/build/resources/main/de/uka/ilkd/key/proof/rules/booleanRules.key took 0 ms to parse. 
1763       WARN  main            d.u.i.k.n.ParsingFacade   Parsing time 205 ms. 
1766       WARN  main            d.u.i.k.n.ParsingFacade   file:/home/runner/work/key/key/key.core/build/resources/main/de/uka/ilkd/key/proof/rules/epsilon.key took 1 ms to parse. 
1766       WARN  main            d.u.i.k.n.ParsingFacade   Parsing time 206 ms. 
1773       WARN  main            d.u.i.k.n.ParsingFacade   file:/home/runner/work/key/key/key.core/build/resources/main/de/uka/ilkd/key/proof/rules/locSetsRules.key took 6 ms to parse. 
1773       WARN  main            d.u.i.k.n.ParsingFacade   Parsing time 212 ms. 
1802       WARN  main            d.u.i.k.n.ParsingFacade   file:/home/runner/work/key/key/key.core/build/resources/main/de/uka/ilkd/key/proof/rules/heapRules.key took 7 ms to parse. 
1802       WARN  main            d.u.i.k.n.ParsingFacade   Parsing time 219 ms. 
1824       WARN  main            d.u.i.k.n.ParsingFacade   file:/home/runner/work/key/key/key.core/build/resources/main/de/uka/ilkd/key/proof/rules/permissionRules.key took 2 ms to parse. 
1824       WARN  main            d.u.i.k.n.ParsingFacade   Parsing time 221 ms. 
1855       WARN  main            d.u.i.k.n.ParsingFacade   file:/home/runner/work/key/key/key.core/build/resources/main/de/uka/ilkd/key/proof/rules/reachRules.key took 23 ms to parse. 
1856       WARN  main            d.u.i.k.n.ParsingFacade   Parsing time 244 ms. 
1865       WARN  main            d.u.i.k.n.ParsingFacade   file:/home/runner/work/key/key/key.core/build/resources/main/de/uka/ilkd/key/proof/rules/seqCoreRules.key took 1 ms to parse. 
1865       WARN  main            d.u.i.k.n.ParsingFacade   Parsing time 245 ms. 
1872       WARN  main            d.u.i.k.n.ParsingFacade   file:/home/runner/work/key/key/key.core/build/resources/main/de/uka/ilkd/key/proof/rules/seqRules.key took 5 ms to parse. 
1872       WARN  main            d.u.i.k.n.ParsingFacade   Parsing time 250 ms. 
1895       WARN  main            d.u.i.k.n.ParsingFacade   file:/home/runner/work/key/key/key.core/build/resources/main/de/uka/ilkd/key/proof/rules/seqPerm.key took 4 ms to parse. 
1896       WARN  main            d.u.i.k.n.ParsingFacade   Parsing time 254 ms. 
1910       WARN  main            d.u.i.k.n.ParsingFacade   file:/home/runner/work/key/key/key.core/build/resources/main/de/uka/ilkd/key/proof/rules/seqPerm2.key took 0 ms to parse. 
1911       WARN  main            d.u.i.k.n.ParsingFacade   Parsing time 254 ms. 
1982       WARN  main            d.u.i.k.n.ParsingFacade   file:/home/runner/work/key/key/key.core/build/resources/main/de/uka/ilkd/key/proof/rules/javaRules.key took 67 ms to parse. 
1982       WARN  main            d.u.i.k.n.ParsingFacade   Parsing time 321 ms. 
1990       WARN  main            d.u.i.k.n.ParsingFacade   file:/home/runner/work/key/key/key.core/build/resources/main/de/uka/ilkd/key/proof/rules/assertions.key took 1 ms to parse. 
1990       WARN  main            d.u.i.k.n.ParsingFacade   Parsing time 322 ms. 
2484       WARN  main            d.u.i.k.n.ParsingFacade   file:/home/runner/work/key/key/key.core/build/resources/main/de/uka/ilkd/key/proof/rules/loopRules.key took 2 ms to parse. 
2484       WARN  main            d.u.i.k.n.ParsingFacade   Parsing time 324 ms. 
2494       WARN  main            d.u.i.k.n.ParsingFacade   file:/home/runner/work/key/key/key.core/build/resources/main/de/uka/ilkd/key/proof/rules/activeUse.key took 2 ms to parse. 
2494       WARN  main            d.u.i.k.n.ParsingFacade   Parsing time 326 ms. 
2546       WARN  main            d.u.i.k.n.ParsingFacade   file:/home/runner/work/key/key/key.core/build/resources/main/de/uka/ilkd/key/proof/rules/instanceAllocation.key took 7 ms to parse. 
2546       WARN  main            d.u.i.k.n.ParsingFacade   Parsing time 333 ms. 
2559       WARN  main            d.u.i.k.n.ParsingFacade   file:/home/runner/work/key/key/key.core/build/resources/main/de/uka/ilkd/key/proof/rules/java5.key took 0 ms to parse. 
2559       WARN  main            d.u.i.k.n.ParsingFacade   Parsing time 333 ms. 
2565       WARN  main            d.u.i.k.n.ParsingFacade   file:/home/runner/work/key/key/key.core/build/resources/main/de/uka/ilkd/key/proof/rules/integerAssignment2UpdateRules.key took 3 ms to parse. 
2565       WARN  main            d.u.i.k.n.ParsingFacade   Parsing time 336 ms. 
2599       WARN  main            d.u.i.k.n.ParsingFacade   file:/home/runner/work/key/key/key.core/build/resources/main/de/uka/ilkd/key/proof/rules/floatAssignment2UpdateRules.key took 6 ms to parse. 
2599       WARN  main            d.u.i.k.n.ParsingFacade   Parsing time 342 ms. 
2619       WARN  main            d.u.i.k.n.ParsingFacade   file:/home/runner/work/key/key/key.core/build/resources/main/de/uka/ilkd/key/proof/rules/bigint.key took 3 ms to parse. 
2619       WARN  main            d.u.i.k.n.ParsingFacade   Parsing time 345 ms. 
2628       DEBUG main            d.u.i.k.j.TypeConverter   No LDT found for JavaBigintExpression 
2633       WARN  main            d.u.i.k.n.ParsingFacade   file:/home/runner/work/key/key/key.core/build/resources/main/de/uka/ilkd/key/proof/rules/adtProgramDecompositionRules.key took 2 ms to parse. 
2633       WARN  main            d.u.i.k.n.ParsingFacade   Parsing time 347 ms. 
2672       WARN  main            d.u.i.k.n.ParsingFacade   file:/home/runner/work/key/key/key.core/build/resources/main/de/uka/ilkd/key/proof/rules/precRules.key took 1 ms to parse. 
2672       WARN  main            d.u.i.k.n.ParsingFacade   Parsing time 348 ms. 
2676       WARN  main            d.u.i.k.n.ParsingFacade   file:/home/runner/work/key/key/key.core/build/resources/main/de/uka/ilkd/key/proof/rules/charListRules.key took 2 ms to parse. 
2676       WARN  main            d.u.i.k.n.ParsingFacade   Parsing time 350 ms. 
2685       WARN  main            d.u.i.k.n.ParsingFacade   file:/home/runner/work/key/key/key.core/build/resources/main/de/uka/ilkd/key/proof/rules/regExTheory.key took 0 ms to parse. 
2685       WARN  main            d.u.i.k.n.ParsingFacade   Parsing time 350 ms. 
2686       WARN  main            d.u.i.k.n.ParsingFacade   file:/home/runner/work/key/key/key.core/build/resources/main/de/uka/ilkd/key/proof/rules/regExHeader.key took 0 ms to parse. 
2686       WARN  main            d.u.i.k.n.ParsingFacade   Parsing time 350 ms. 
2687       WARN  main            d.u.i.k.n.ParsingFacade   file:/home/runner/work/key/key/key.core/build/resources/main/de/uka/ilkd/key/proof/rules/regExAxioms.key took 1 ms to parse. 
2687       WARN  main            d.u.i.k.n.ParsingFacade   Parsing time 351 ms. 
2690       WARN  main            d.u.i.k.n.ParsingFacade   file:/home/runner/work/key/key/key.core/build/resources/main/de/uka/ilkd/key/proof/rules/regExLemmaProven.key took 1 ms to parse. 
2690       WARN  main            d.u.i.k.n.ParsingFacade   Parsing time 352 ms. 
2694       WARN  main            d.u.i.k.n.ParsingFacade   file:/home/runner/work/key/key/key.core/build/resources/main/de/uka/ilkd/key/proof/rules/seqEq.key took 1 ms to parse. 
2695       WARN  main            d.u.i.k.n.ParsingFacade   Parsing time 353 ms. 
2700       WARN  main            d.u.i.k.n.ParsingFacade   file:/home/runner/work/key/key/key.core/build/resources/main/de/uka/ilkd/key/proof/rules/infFlow.key took 1 ms to parse. 
2700       WARN  main            d.u.i.k.n.ParsingFacade   Parsing time 354 ms. 
2703       WARN  main            d.u.i.k.n.ParsingFacade   file:/home/runner/work/key/key/key.core/build/resources/main/de/uka/ilkd/key/proof/rules/mapSize.key took 0 ms to parse. 
2703       WARN  main            d.u.i.k.n.ParsingFacade   Parsing time 354 ms. 
2705       WARN  main            d.u.i.k.n.ParsingFacade   file:/home/runner/work/key/key/key.core/build/resources/main/de/uka/ilkd/key/proof/rules/wd.key took 0 ms to parse. 
2706       WARN  main            d.u.i.k.n.ParsingFacade   Parsing time 354 ms. 
2707       WARN  main            d.u.i.k.n.ParsingFacade   file:/home/runner/work/key/key/key.core/build/resources/main/de/uka/ilkd/key/proof/rules/wdHeader.key took 0 ms to parse. 
2707       WARN  main            d.u.i.k.n.ParsingFacade   Parsing time 354 ms. 
2708       WARN  main            d.u.i.k.n.ParsingFacade   file:/home/runner/work/key/key/key.core/build/resources/main/de/uka/ilkd/key/proof/rules/wdGeneralRules.key took 0 ms to parse. 
2708       WARN  main            d.u.i.k.n.ParsingFacade   Parsing time 354 ms. 
2716       WARN  main            d.u.i.k.n.ParsingFacade   file:/home/runner/work/key/key/key.core/build/resources/main/de/uka/ilkd/key/proof/rules/wdNumericalRules.key took 4 ms to parse. 
2716       WARN  main            d.u.i.k.n.ParsingFacade   Parsing time 358 ms. 
2731       WARN  main            d.u.i.k.n.ParsingFacade   file:/home/runner/work/key/key/key.core/build/resources/main/de/uka/ilkd/key/proof/rules/wdLocSetRules.key took 0 ms to parse. 
2732       WARN  main            d.u.i.k.n.ParsingFacade   Parsing time 358 ms. 
2736       WARN  main            d.u.i.k.n.ParsingFacade   file:/home/runner/work/key/key/key.core/build/resources/main/de/uka/ilkd/key/proof/rules/wdHeapRules.key took 1 ms to parse. 
2736       WARN  main            d.u.i.k.n.ParsingFacade   Parsing time 359 ms. 
2739       WARN  main            d.u.i.k.n.ParsingFacade   file:/home/runner/work/key/key/key.core/build/resources/main/de/uka/ilkd/key/proof/rules/wdReachRules.key took 0 ms to parse. 
2739       WARN  main            d.u.i.k.n.ParsingFacade   Parsing time 359 ms. 
2740       WARN  main            d.u.i.k.n.ParsingFacade   file:/home/runner/work/key/key/key.core/build/resources/main/de/uka/ilkd/key/proof/rules/wdSeqRules.key took 0 ms to parse. 
2740       WARN  main            d.u.i.k.n.ParsingFacade   Parsing time 359 ms. 
2743       WARN  main            d.u.i.k.n.ParsingFacade   file:/home/runner/work/key/key/key.core/build/resources/main/de/uka/ilkd/key/proof/rules/wdStringRules.key took 0 ms to parse. 
2743       WARN  main            d.u.i.k.n.ParsingFacade   Parsing time 359 ms. 
2746       WARN  main            d.u.i.k.n.ParsingFacade   file:/home/runner/work/key/key/key.core/build/resources/main/de/uka/ilkd/key/proof/rules/wdRegExRules.key took 1 ms to parse. 
2746       WARN  main            d.u.i.k.n.ParsingFacade   Parsing time 360 ms. 
2749       WARN  main            d.u.i.k.n.ParsingFacade   file:/home/runner/work/key/key/key.core/build/resources/main/de/uka/ilkd/key/proof/rules/wdFormulaRules.key took 2 ms to parse. 
2749       WARN  main            d.u.i.k.n.ParsingFacade   Parsing time 362 ms. 
2758       WARN  main            d.u.i.k.n.ParsingFacade   file:/home/runner/work/key/key/key.core/build/resources/main/de/uka/ilkd/key/proof/rules/loopInvariantRules.key took 0 ms to parse. 
2758       WARN  main            d.u.i.k.n.ParsingFacade   Parsing time 362 ms. 
2759       WARN  main            d.u.i.k.n.ParsingFacade   file:/home/runner/work/key/key/key.core/build/resources/main/de/uka/ilkd/key/proof/rules/forLoopRules.key took 0 ms to parse. 
2759       WARN  main            d.u.i.k.n.ParsingFacade   Parsing time 362 ms. 
2763       WARN  main            d.u.i.k.n.ParsingFacade   file:/home/runner/work/key/key/key.core/build/resources/main/de/uka/ilkd/key/proof/rules/execRules.key took 2 ms to parse. 
2763       WARN  main            d.u.i.k.n.ParsingFacade   Parsing time 364 ms. 
2836       WARN  main            d.u.i.k.n.ParsingFacade   file:/home/runner/work/key/key/key.core/build/resources/main/de/uka/ilkd/key/proof/rules/loopScopeRules.key took 2 ms to parse. 
2837       WARN  main            d.u.i.k.n.ParsingFacade   Parsing time 366 ms. 
6277       WARN  main            d.u.i.k.n.ParsingFacade   file:/home/runner/work/key/key/key.core/build/resources/main/de/uka/ilkd/key/java/JavaRedux/java/lang/String.key took 3 ms to parse. 
6278       WARN  main            d.u.i.k.n.ParsingFacade   Parsing time 369 ms. 
8655       DEBUG main            d.u.i.k.p.i.AbstractProblemLoader Init config took 7.91s 
8809       INFO  main            d.u.i.k.p.i.AbstractProblemLoader Replaying proof ReverseArray[ReverseArray::reverse()].JML normal_behavior operation contract.0 
8871       DEBUG main            d.u.i.k.p.i.IntermediateProofReplayer Proof replay took 32.3ns 
8874       WARN  main            d.u.i.k.n.ParsingFacade   /home/runner/work/key/key/key.core/../key.ui/examples/firstTouch/05-ReverseArray/reverseArray.key took 0 ms to parse. 
8874       WARN  main            d.u.i.k.n.ParsingFacade   Parsing time 369 ms. 
19297      INFO  main            d.u.i.k.p.r.p.TestFile    ... finished proof: closed. 
19549      INFO  main            d.u.i.k.p.i.AbstractProblemLoader Loading environment from /home/runner/work/key/key/key.core/../key.ui/examples/firstTouch/05-ReverseArray/reverseArray.key.proof 
19549      DEBUG main            d.u.i.k.p.i.AbstractProblemLoader Environment load took 380.81ns 
19556      WARN  main            d.u.i.k.n.ParsingFacade   /home/runner/work/key/key/key.core/../key.ui/examples/firstTouch/05-ReverseArray/reverseArray.key.proof took 0 ms to parse. 
19556      WARN  main            d.u.i.k.n.ParsingFacade   Parsing time 369 ms. 
19559      INFO  main            d.u.i.k.p.i.AbstractProblemLoader Creating init config 
20696      WARN  main            d.u.i.k.n.ParsingFacade   file:/home/runner/work/key/key/key.core/build/resources/main/de/uka/ilkd/key/java/JavaRedux/java/lang/String.key took 2 ms to parse. 
20696      WARN  main            d.u.i.k.n.ParsingFacade   Parsing time 371 ms. 
22522      DEBUG main            d.u.i.k.p.i.AbstractProblemLoader Init config took 2.96s 
22566      INFO  main            d.u.i.k.p.i.AbstractProblemLoader Replaying proof ReverseArray[ReverseArray::reverse()].JML normal_behavior operation contract.0 
23761      DEBUG main            d.u.i.k.p.i.IntermediateProofReplayer Proof replay took 1.14s 
23764      WARN  main            d.u.i.k.n.ParsingFacade   /home/runner/work/key/key/key.core/../key.ui/examples/firstTouch/05-ReverseArray/reverseArray.key.proof took 0 ms to parse. 
23764      WARN  main            d.u.i.k.n.ParsingFacade   Parsing time 371 ms. 
23772      DEBUG main            d.u.i.k.p.r.p.TestFile    ... success: reloaded. 
23773      INFO  main            d.u.i.k.p.r.p.TestFile    Now processing file /home/runner/work/key/key/key.core/../key.ui/examples/standard_key/arith/saveProofTest.key.proof 
23773      INFO  main            d.u.i.k.p.i.AbstractProblemLoader Loading environment from /home/runner/work/key/key/key.core/../key.ui/examples/standard_key/arith/saveProofTest.key.proof 
23774      DEBUG main            d.u.i.k.p.i.AbstractProblemLoader Environment load took 195ns 
23774      WARN  main            d.u.i.k.n.ParsingFacade   /home/runner/work/key/key/key.core/../key.ui/examples/standard_key/arith/saveProofTest.key.proof took 0 ms to parse. 
23774      WARN  main            d.u.i.k.n.ParsingFacade   Parsing time 371 ms. 
23775      INFO  main            d.u.i.k.p.i.AbstractProblemLoader Creating init config 
24708      WARN  main            d.u.i.k.n.ParsingFacade   file:/home/runner/work/key/key/key.core/build/resources/main/de/uka/ilkd/key/java/JavaRedux/java/lang/String.key took 1 ms to parse. 
24708      WARN  main            d.u.i.k.n.ParsingFacade   Parsing time 372 ms. 
26451      DEBUG main            d.u.i.k.p.i.AbstractProblemLoader Init config took 2.68s 
26476      INFO  main            d.u.i.k.p.i.AbstractProblemLoader Replaying proof saveProofTest.key.proof 
26486      DEBUG main            d.u.i.k.p.i.IntermediateProofReplayer Proof replay took 3.1ms 
26487      WARN  main            d.u.i.k.n.ParsingFacade   /home/runner/work/key/key/key.core/../key.ui/examples/standard_key/arith/saveProofTest.key.proof took 0 ms to parse. 
26487      WARN  main            d.u.i.k.n.ParsingFacade   Parsing time 372 ms. 
26487      INFO  main            d.u.i.k.p.r.p.TestFile    ... success: loaded 
26489      INFO  main            d.u.i.k.p.r.p.TestFile    Now processing file /home/runner/work/key/key/key.core/../key.ui/examples/heap/permutedSum/perm.proof 
26489      INFO  main            d.u.i.k.p.i.AbstractProblemLoader Loading environment from /home/runner/work/key/key/key.core/../key.ui/examples/heap/permutedSum/perm.proof 
26490      DEBUG main            d.u.i.k.p.i.AbstractProblemLoader Environment load took 372.81ns 
26491      WARN  main            d.u.i.k.n.ParsingFacade   /home/runner/work/key/key/key.core/../key.ui/examples/heap/permutedSum/perm.proof took 0 ms to parse. 
26492      WARN  main            d.u.i.k.n.ParsingFacade   Parsing time 372 ms. 
26493      INFO  main            d.u.i.k.p.i.AbstractProblemLoader Creating init config 
27508      WARN  main            d.u.i.k.n.ParsingFacade   file:/home/runner/work/key/key/key.core/build/resources/main/de/uka/ilkd/key/java/JavaRedux/java/lang/String.key took 1 ms to parse. 
27508      WARN  main            d.u.i.k.n.ParsingFacade   Parsing time 373 ms. 
29381      DEBUG main            d.u.i.k.p.i.AbstractProblemLoader Init config took 2.89s 
29451      INFO  main            d.u.i.k.p.i.AbstractProblemLoader Replaying proof Perm[Perm::foo()].JML normal_behavior operation contract.0 
30524      DEBUG main            d.u.i.k.p.i.IntermediateProofReplayer Proof replay took 1.03s 
30526      WARN  main            d.u.i.k.n.ParsingFacade   /home/runner/work/key/key/key.core/../key.ui/examples/heap/permutedSum/perm.proof took 0 ms to parse. 
30526      WARN  main            d.u.i.k.n.ParsingFacade   Parsing time 373 ms. 
30526      INFO  main            d.u.i.k.p.r.p.TestFile    ... success: loaded 
30527      INFO  main            d.u.i.k.p.r.p.TestFile    Now processing file /home/runner/work/key/key/key.core/../key.ui/examples/firstTouch/05-ReverseArray/reverseArray.proof 
30527      INFO  main            d.u.i.k.p.i.AbstractProblemLoader Loading environment from /home/runner/work/key/key/key.core/../key.ui/examples/firstTouch/05-ReverseArray/reverseArray.proof 
30528      DEBUG main            d.u.i.k.p.i.AbstractProblemLoader Environment load took 134.9ns 
30529      WARN  main            d.u.i.k.n.ParsingFacade   /home/runner/work/key/key/key.core/../key.ui/examples/firstTouch/05-ReverseArray/reverseArray.proof took 0 ms to parse. 
30529      WARN  main            d.u.i.k.n.ParsingFacade   Parsing time 373 ms. 
30531      INFO  main            d.u.i.k.p.i.AbstractProblemLoader Creating init config 
31522      WARN  main            d.u.i.k.n.ParsingFacade   file:/home/runner/work/key/key/key.core/build/resources/main/de/uka/ilkd/key/java/JavaRedux/java/lang/String.key took 2 ms to parse. 
31522      WARN  main            d.u.i.k.n.ParsingFacade   Parsing time 375 ms. 
33273      DEBUG main            d.u.i.k.p.i.AbstractProblemLoader Init config took 2.74s 
33317      INFO  main            d.u.i.k.p.i.AbstractProblemLoader Replaying proof ReverseArray[ReverseArray::reverse()].JML normal_behavior operation contract.0 
34321      DEBUG main            d.u.i.k.p.i.IntermediateProofReplayer Proof replay took 963.16ms 
34324      WARN  main            d.u.i.k.n.ParsingFacade   /home/runner/work/key/key/key.core/../key.ui/examples/firstTouch/05-ReverseArray/reverseArray.proof took 0 ms to parse. 
34324      WARN  main            d.u.i.k.n.ParsingFacade   Parsing time 375 ms. 
34324      INFO  main            d.u.i.k.p.r.p.TestFile    ... success: loaded 
34325      INFO  main            d.u.i.k.p.r.p.TestFile    Now processing file /home/runner/work/key/key/key.core/../key.ui/examples/heap/verifyThis15_1_RelaxedPrefix/relax.proof 
34326      INFO  main            d.u.i.k.p.i.AbstractProblemLoader Loading environment from /home/runner/work/key/key/key.core/../key.ui/examples/heap/verifyThis15_1_RelaxedPrefix/relax.proof 
34326      DEBUG main            d.u.i.k.p.i.AbstractProblemLoader Environment load took 183.5ns 
34327      WARN  main            d.u.i.k.n.ParsingFacade   /home/runner/work/key/key/key.core/../key.ui/examples/heap/verifyThis15_1_RelaxedPrefix/relax.proof took 0 ms to parse. 
34327      WARN  main            d.u.i.k.n.ParsingFacade   Parsing time 375 ms. 
34328      INFO  main            d.u.i.k.p.i.AbstractProblemLoader Creating init config 
35249      WARN  main            d.u.i.k.n.ParsingFacade   file:/home/runner/work/key/key/key.core/build/resources/main/de/uka/ilkd/key/java/JavaRedux/java/lang/String.key took 2 ms to parse. 
35249      WARN  main            d.u.i.k.n.ParsingFacade   Parsing time 377 ms. 
37033      DEBUG main            d.u.i.k.p.i.AbstractProblemLoader Init config took 2.7s 
37076      INFO  main            d.u.i.k.p.i.AbstractProblemLoader Replaying proof Relaxed[Relaxed::isRelaxedPrefix([I,[I)].JML operation contract.0 
37514      DEBUG main            d.u.i.k.p.i.IntermediateProofReplayer Proof replay took 419.79ms 
37515      WARN  main            d.u.i.k.n.ParsingFacade   /home/runner/work/key/key/key.core/../key.ui/examples/heap/verifyThis15_1_RelaxedPrefix/relax.proof took 0 ms to parse. 
37516      WARN  main            d.u.i.k.n.ParsingFacade   Parsing time 377 ms. 
37516      INFO  main            d.u.i.k.p.r.p.TestFile    ... success: loaded 
37517      INFO  main            d.u.i.k.p.r.p.TestFile    Now processing file /home/runner/work/key/key/key.core/../key.ui/examples/heap/verifyThis15_3_DLL/doUndo.proof 
37517      INFO  main            d.u.i.k.p.i.AbstractProblemLoader Loading environment from /home/runner/work/key/key/key.core/../key.ui/examples/heap/verifyThis15_3_DLL/doUndo.proof 
37518      DEBUG main            d.u.i.k.p.i.AbstractProblemLoader Environment load took 194.2ns 
37519      WARN  main            d.u.i.k.n.ParsingFacade   /home/runner/work/key/key/key.core/../key.ui/examples/heap/verifyThis15_3_DLL/doUndo.proof took 0 ms to parse. 
37519      WARN  main            d.u.i.k.n.ParsingFacade   Parsing time 377 ms. 
37520      INFO  main            d.u.i.k.p.i.AbstractProblemLoader Creating init config 
38550      DEBUG main            d.u.i.k.j.r.ClassPreparationMethodBuilder clPrepBuilder: Inner Class detected. Reject building class initialisation methods. 
38613      WARN  main            d.u.i.k.n.ParsingFacade   file:/home/runner/work/key/key/key.core/build/resources/main/de/uka/ilkd/key/java/JavaRedux/java/lang/String.key took 1 ms to parse. 
38614      WARN  main            d.u.i.k.n.ParsingFacade   Parsing time 378 ms. 
40528      DEBUG main            d.u.i.k.p.i.AbstractProblemLoader Init config took 3.01s 
40602      INFO  main            d.u.i.k.p.i.AbstractProblemLoader Replaying proof DoubleLinkedList[DoubleLinkedList::doUndo(DoubleLinkedList.Node,int)].JML normal_behavior operation contract.0 
41315      DEBUG main            d.u.i.k.p.i.IntermediateProofReplayer Proof replay took 650.43ms 
41317      WARN  main            d.u.i.k.n.ParsingFacade   /home/runner/work/key/key/key.core/../key.ui/examples/heap/verifyThis15_3_DLL/doUndo.proof took 0 ms to parse. 
41317      WARN  main            d.u.i.k.n.ParsingFacade   Parsing time 378 ms. 
41317      INFO  main            d.u.i.k.p.r.p.TestFile    ... success: loaded 
41318      INFO  main            d.u.i.k.p.r.p.TestFile    Now processing file /home/runner/work/key/key/key.core/../key.ui/examples/heap/verifyThis15_2_ParallelGcd/parallelGcd.proof 
41318      INFO  main            d.u.i.k.p.i.AbstractProblemLoader Loading environment from /home/runner/work/key/key/key.core/../key.ui/examples/heap/verifyThis15_2_ParallelGcd/parallelGcd.proof 
41319      DEBUG main            d.u.i.k.p.i.AbstractProblemLoader Environment load took 167.8ns 
41319      WARN  main            d.u.i.k.n.ParsingFacade   /home/runner/work/key/key/key.core/../key.ui/examples/heap/verifyThis15_2_ParallelGcd/parallelGcd.proof took 0 ms to parse. 
41320      WARN  main            d.u.i.k.n.ParsingFacade   Parsing time 378 ms. 
41321      INFO  main            d.u.i.k.p.i.AbstractProblemLoader Creating init config 
42278      WARN  main            d.u.i.k.n.ParsingFacade   file:/home/runner/work/key/key/key.core/build/resources/main/de/uka/ilkd/key/java/JavaRedux/java/lang/String.key took 1 ms to parse. 
42278      WARN  main            d.u.i.k.n.ParsingFacade   Parsing time 379 ms. 
44071      DEBUG main            d.u.i.k.p.i.AbstractProblemLoader Init config took 2.75s 
44118      INFO  main            d.u.i.k.p.i.AbstractProblemLoader Replaying proof ParallelGcd[ParallelGcd::parallelGcd(int,int,[Z)].JML behavior operation contract.0 
44755      DEBUG main            d.u.i.k.p.i.IntermediateProofReplayer Proof replay took 623.89ms 
44756      WARN  main            d.u.i.k.n.ParsingFacade   /home/runner/work/key/key/key.core/../key.ui/examples/heap/verifyThis15_2_ParallelGcd/parallelGcd.proof took 0 ms to parse. 
44756      WARN  main            d.u.i.k.n.ParsingFacade   Parsing time 379 ms. 
44756      INFO  main            d.u.i.k.p.r.p.TestFile    ... success: loaded 
5107456    INFO  Test worker     d.u.i.k.p.r.RunAllProofsTestUnit Returning from test reload_examples 
5107457    INFO  Test worker     d.u.i.k.p.r.RunAllProofsTestUnit Running test proofLoadRepair 
306        INFO  Timeout watchdog d.u.i.k.p.r.p.ForkedTestFileRunner Timeout watcher launched (2000 secs.) 
318        WARN  main            d.u.i.k.s.ProofSettings   The settings in /home/runner/.key/proof-settings.props are *not* read. 
363        INFO  main            d.u.i.k.p.r.p.TestFile    Now processing file /home/runner/work/key/key/key.core/../key.ui/examples/proofLoadRepair/disjConj-manipulated.proof 
495        INFO  main            d.u.i.k.p.i.AbstractProblemLoader Loading environment from /home/runner/work/key/key/key.core/../key.ui/examples/proofLoadRepair/disjConj-manipulated.proof 
526        DEBUG main            d.u.i.k.p.i.AbstractProblemLoader Environment load took 1.78ms 
654        WARN  main            d.u.i.k.n.ParsingFacade   /home/runner/work/key/key/key.core/../key.ui/examples/proofLoadRepair/disjConj-manipulated.proof took 34 ms to parse. 
657        WARN  main            d.u.i.k.n.ParsingFacade   Parsing time 34 ms. 
786        INFO  main            d.u.i.k.p.i.AbstractProblemLoader Creating init config 
796        WARN  main            d.u.i.k.n.ParsingFacade   file:/home/runner/work/key/key/key.core/build/resources/main/de/uka/ilkd/key/proof/rules/standardRules.key took 6 ms to parse. 
796        WARN  main            d.u.i.k.n.ParsingFacade   Parsing time 40 ms. 
809        WARN  main            d.u.i.k.n.ParsingFacade   file:/home/runner/work/key/key/key.core/build/resources/main/de/uka/ilkd/key/proof/rules/ldt.key took 2 ms to parse. 
809        WARN  main            d.u.i.k.n.ParsingFacade   Parsing time 42 ms. 
813        WARN  main            d.u.i.k.n.ParsingFacade   file:/home/runner/work/key/key/key.core/build/resources/main/de/uka/ilkd/key/proof/rules/boolean.key took 1 ms to parse. 
813        WARN  main            d.u.i.k.n.ParsingFacade   Parsing time 43 ms. 
830        WARN  main            d.u.i.k.n.ParsingFacade   file:/home/runner/work/key/key/key.core/build/resources/main/de/uka/ilkd/key/proof/rules/ruleSetsDeclarations.key took 9 ms to parse. 
830        WARN  main            d.u.i.k.n.ParsingFacade   Parsing time 52 ms. 
852        WARN  main            d.u.i.k.n.ParsingFacade   file:/home/runner/work/key/key/key.core/build/resources/main/de/uka/ilkd/key/proof/rules/integerHeader.key took 4 ms to parse. 
852        WARN  main            d.u.i.k.n.ParsingFacade   Parsing time 56 ms. 
854        WARN  main            d.u.i.k.n.ParsingFacade   file:/home/runner/work/key/key/key.core/build/resources/main/de/uka/ilkd/key/proof/rules/floatHeader.key took 1 ms to parse. 
854        WARN  main            d.u.i.k.n.ParsingFacade   Parsing time 57 ms. 
857        WARN  main            d.u.i.k.n.ParsingFacade   file:/home/runner/work/key/key/key.core/build/resources/main/de/uka/ilkd/key/proof/rules/heap.key took 2 ms to parse. 
858        WARN  main            d.u.i.k.n.ParsingFacade   Parsing time 59 ms. 
861        WARN  main            d.u.i.k.n.ParsingFacade   file:/home/runner/work/key/key/key.core/build/resources/main/de/uka/ilkd/key/proof/rules/locSets.key took 1 ms to parse. 
862        WARN  main            d.u.i.k.n.ParsingFacade   Parsing time 60 ms. 
864        WARN  main            d.u.i.k.n.ParsingFacade   file:/home/runner/work/key/key/key.core/build/resources/main/de/uka/ilkd/key/proof/rules/permission.key took 1 ms to parse. 
866        WARN  main            d.u.i.k.n.ParsingFacade   Parsing time 61 ms. 
867        WARN  main            d.u.i.k.n.ParsingFacade   file:/home/runner/work/key/key/key.core/build/resources/main/de/uka/ilkd/key/proof/rules/reach.key took 0 ms to parse. 
869        WARN  main            d.u.i.k.n.ParsingFacade   Parsing time 61 ms. 
869        WARN  main            d.u.i.k.n.ParsingFacade   file:/home/runner/work/key/key/key.core/build/resources/main/de/uka/ilkd/key/proof/rules/seq.key took 0 ms to parse. 
870        WARN  main            d.u.i.k.n.ParsingFacade   Parsing time 61 ms. 
892        WARN  main            d.u.i.k.n.ParsingFacade   file:/home/runner/work/key/key/key.core/build/resources/main/de/uka/ilkd/key/proof/rules/map.key took 22 ms to parse. 
893        WARN  main            d.u.i.k.n.ParsingFacade   Parsing time 83 ms. 
895        WARN  main            d.u.i.k.n.ParsingFacade   file:/home/runner/work/key/key/key.core/build/resources/main/de/uka/ilkd/key/proof/rules/freeADT.key took 0 ms to parse. 
896        WARN  main            d.u.i.k.n.ParsingFacade   Parsing time 83 ms. 
897        WARN  main            d.u.i.k.n.ParsingFacade   file:/home/runner/work/key/key/key.core/build/resources/main/de/uka/ilkd/key/proof/rules/wellfound.key took 0 ms to parse. 
898        WARN  main            d.u.i.k.n.ParsingFacade   Parsing time 83 ms. 
899        WARN  main            d.u.i.k.n.ParsingFacade   file:/home/runner/work/key/key/key.core/build/resources/main/de/uka/ilkd/key/proof/rules/charListHeader.key took 1 ms to parse. 
900        WARN  main            d.u.i.k.n.ParsingFacade   Parsing time 84 ms. 
1074       WARN  main            d.u.i.k.n.ParsingFacade   file:/home/runner/work/key/key/key.core/build/resources/main/de/uka/ilkd/key/proof/rules/propRule.key took 5 ms to parse. 
1077       WARN  main            d.u.i.k.n.ParsingFacade   Parsing time 89 ms. 
1114       WARN  main            d.u.i.k.n.ParsingFacade   file:/home/runner/work/key/key/key.core/build/resources/main/de/uka/ilkd/key/proof/rules/firstOrderRules.key took 7 ms to parse. 
1117       WARN  main            d.u.i.k.n.ParsingFacade   Parsing time 96 ms. 
1147       WARN  main            d.u.i.k.n.ParsingFacade   file:/home/runner/work/key/key/key.core/build/resources/main/de/uka/ilkd/key/proof/rules/ifThenElseRules.key took 4 ms to parse. 
1150       WARN  main            d.u.i.k.n.ParsingFacade   Parsing time 100 ms. 
1185       WARN  main            d.u.i.k.n.ParsingFacade   file:/home/runner/work/key/key/key.core/build/resources/main/de/uka/ilkd/key/proof/rules/formulaNormalisationRules.key took 9 ms to parse. 
1186       WARN  main            d.u.i.k.n.ParsingFacade   Parsing time 109 ms. 
1267       WARN  main            d.u.i.k.n.ParsingFacade   file:/home/runner/work/key/key/key.core/build/resources/main/de/uka/ilkd/key/proof/rules/updateRules.key took 6 ms to parse. 
1268       WARN  main            d.u.i.k.n.ParsingFacade   Parsing time 115 ms. 
1292       WARN  main            d.u.i.k.n.ParsingFacade   file:/home/runner/work/key/key/key.core/build/resources/main/de/uka/ilkd/key/proof/rules/integerRulesCommon.key took 3 ms to parse. 
1293       WARN  main            d.u.i.k.n.ParsingFacade   Parsing time 118 ms. 
1398       WARN  main            d.u.i.k.n.ParsingFacade   file:/home/runner/work/key/key/key.core/build/resources/main/de/uka/ilkd/key/proof/rules/intRules.key took 3 ms to parse. 
1399       WARN  main            d.u.i.k.n.ParsingFacade   Parsing time 121 ms. 
1411       WARN  main            d.u.i.k.n.ParsingFacade   file:/home/runner/work/key/key/key.core/build/resources/main/de/uka/ilkd/key/proof/rules/intRulesUncheckedSemantics.key took 2 ms to parse. 
1412       WARN  main            d.u.i.k.n.ParsingFacade   Parsing time 123 ms. 
1419       WARN  main            d.u.i.k.n.ParsingFacade   file:/home/runner/work/key/key/key.core/build/resources/main/de/uka/ilkd/key/proof/rules/intRulesCheckedSemantics.key took 1 ms to parse. 
1419       WARN  main            d.u.i.k.n.ParsingFacade   Parsing time 124 ms. 
1426       WARN  main            d.u.i.k.n.ParsingFacade   file:/home/runner/work/key/key/key.core/build/resources/main/de/uka/ilkd/key/proof/rules/intRulesJavaSemantics.key took 2 ms to parse. 
1426       WARN  main            d.u.i.k.n.ParsingFacade   Parsing time 126 ms. 
1463       WARN  main            d.u.i.k.n.ParsingFacade   file:/home/runner/work/key/key/key.core/build/resources/main/de/uka/ilkd/key/proof/rules/integerSimplificationRules.key took 26 ms to parse. 
1463       WARN  main            d.u.i.k.n.ParsingFacade   Parsing time 152 ms. 
1574       DEBUG main            d.u.i.k.j.TypeConverter   No LDT found for Meta 
1576       DEBUG main            d.u.i.k.j.TypeConverter   No LDT found for Meta 
1579       DEBUG main            d.u.i.k.j.TypeConverter   No LDT found for Meta 
1579       DEBUG main            d.u.i.k.j.TypeConverter   No LDT found for Meta 
1616       WARN  main            d.u.i.k.n.ParsingFacade   file:/home/runner/work/key/key/key.core/build/resources/main/de/uka/ilkd/key/proof/rules/intDiv.key took 7 ms to parse. 
1616       WARN  main            d.u.i.k.n.ParsingFacade   Parsing time 159 ms. 
1650       WARN  main            d.u.i.k.n.ParsingFacade   file:/home/runner/work/key/key/key.core/build/resources/main/de/uka/ilkd/key/proof/rules/bsum.key took 11 ms to parse. 
1650       WARN  main            d.u.i.k.n.ParsingFacade   Parsing time 170 ms. 
1676       WARN  main            d.u.i.k.n.ParsingFacade   file:/home/runner/work/key/key/key.core/build/resources/main/de/uka/ilkd/key/proof/rules/bprod.key took 2 ms to parse. 
1677       WARN  main            d.u.i.k.n.ParsingFacade   Parsing time 172 ms. 
1685       WARN  main            d.u.i.k.n.ParsingFacade   file:/home/runner/work/key/key/key.core/build/resources/main/de/uka/ilkd/key/proof/rules/binaryAxioms.key took 0 ms to parse. 
1686       WARN  main            d.u.i.k.n.ParsingFacade   Parsing time 172 ms. 
1707       WARN  main            d.u.i.k.n.ParsingFacade   file:/home/runner/work/key/key/key.core/build/resources/main/de/uka/ilkd/key/proof/rules/binaryLemmas.key took 1 ms to parse. 
1707       WARN  main            d.u.i.k.n.ParsingFacade   Parsing time 173 ms. 
1712       WARN  main            d.u.i.k.n.ParsingFacade   file:/home/runner/work/key/key/key.core/build/resources/main/de/uka/ilkd/key/proof/rules/intPow.key took 2 ms to parse. 
1713       WARN  main            d.u.i.k.n.ParsingFacade   Parsing time 175 ms. 
1721       WARN  main            d.u.i.k.n.ParsingFacade   file:/home/runner/work/key/key/key.core/build/resources/main/de/uka/ilkd/key/proof/rules/floatRulesCommon.key took 3 ms to parse. 
1721       WARN  main            d.u.i.k.n.ParsingFacade   Parsing time 178 ms. 
1730       WARN  main            d.u.i.k.n.ParsingFacade   file:/home/runner/work/key/key/key.core/build/resources/main/de/uka/ilkd/key/proof/rules/floatRules.key took 0 ms to parse. 
1731       WARN  main            d.u.i.k.n.ParsingFacade   Parsing time 178 ms. 
1732       WARN  main            d.u.i.k.n.ParsingFacade   file:/home/runner/work/key/key/key.core/build/resources/main/de/uka/ilkd/key/proof/rules/floatRulesVerifyNormal.key took 1 ms to parse. 
1732       WARN  main            d.u.i.k.n.ParsingFacade   Parsing time 179 ms. 
1734       WARN  main            d.u.i.k.n.ParsingFacade   file:/home/runner/work/key/key/key.core/build/resources/main/de/uka/ilkd/key/proof/rules/floatRulesAssumeStrictfp.key took 2 ms to parse. 
1735       WARN  main            d.u.i.k.n.ParsingFacade   Parsing time 181 ms. 
1750       WARN  main            d.u.i.k.n.ParsingFacade   file:/home/runner/work/key/key/key.core/build/resources/main/de/uka/ilkd/key/proof/rules/genericRules.key took 1 ms to parse. 
1750       WARN  main            d.u.i.k.n.ParsingFacade   Parsing time 182 ms. 
1758       WARN  main            d.u.i.k.n.ParsingFacade   file:/home/runner/work/key/key/key.core/build/resources/main/de/uka/ilkd/key/proof/rules/booleanRules.key took 1 ms to parse. 
1758       WARN  main            d.u.i.k.n.ParsingFacade   Parsing time 183 ms. 
1760       WARN  main            d.u.i.k.n.ParsingFacade   file:/home/runner/work/key/key/key.core/build/resources/main/de/uka/ilkd/key/proof/rules/epsilon.key took 0 ms to parse. 
1760       WARN  main            d.u.i.k.n.ParsingFacade   Parsing time 183 ms. 
1768       WARN  main            d.u.i.k.n.ParsingFacade   file:/home/runner/work/key/key/key.core/build/resources/main/de/uka/ilkd/key/proof/rules/locSetsRules.key took 6 ms to parse. 
1768       WARN  main            d.u.i.k.n.ParsingFacade   Parsing time 189 ms. 
1795       WARN  main            d.u.i.k.n.ParsingFacade   file:/home/runner/work/key/key/key.core/build/resources/main/de/uka/ilkd/key/proof/rules/heapRules.key took 5 ms to parse. 
1795       WARN  main            d.u.i.k.n.ParsingFacade   Parsing time 194 ms. 
1817       WARN  main            d.u.i.k.n.ParsingFacade   file:/home/runner/work/key/key/key.core/build/resources/main/de/uka/ilkd/key/proof/rules/permissionRules.key took 2 ms to parse. 
1818       WARN  main            d.u.i.k.n.ParsingFacade   Parsing time 196 ms. 
1854       WARN  main            d.u.i.k.n.ParsingFacade   file:/home/runner/work/key/key/key.core/build/resources/main/de/uka/ilkd/key/proof/rules/reachRules.key took 3 ms to parse. 
1854       WARN  main            d.u.i.k.n.ParsingFacade   Parsing time 199 ms. 
1864       WARN  main            d.u.i.k.n.ParsingFacade   file:/home/runner/work/key/key/key.core/build/resources/main/de/uka/ilkd/key/proof/rules/seqCoreRules.key took 1 ms to parse. 
1864       WARN  main            d.u.i.k.n.ParsingFacade   Parsing time 200 ms. 
1870       WARN  main            d.u.i.k.n.ParsingFacade   file:/home/runner/work/key/key/key.core/build/resources/main/de/uka/ilkd/key/proof/rules/seqRules.key took 5 ms to parse. 
1870       WARN  main            d.u.i.k.n.ParsingFacade   Parsing time 205 ms. 
1890       WARN  main            d.u.i.k.n.ParsingFacade   file:/home/runner/work/key/key/key.core/build/resources/main/de/uka/ilkd/key/proof/rules/seqPerm.key took 4 ms to parse. 
1890       WARN  main            d.u.i.k.n.ParsingFacade   Parsing time 209 ms. 
1902       WARN  main            d.u.i.k.n.ParsingFacade   file:/home/runner/work/key/key/key.core/build/resources/main/de/uka/ilkd/key/proof/rules/seqPerm2.key took 1 ms to parse. 
1902       WARN  main            d.u.i.k.n.ParsingFacade   Parsing time 210 ms. 
1964       WARN  main            d.u.i.k.n.ParsingFacade   file:/home/runner/work/key/key/key.core/build/resources/main/de/uka/ilkd/key/proof/rules/javaRules.key took 59 ms to parse. 
1964       WARN  main            d.u.i.k.n.ParsingFacade   Parsing time 269 ms. 
1974       WARN  main            d.u.i.k.n.ParsingFacade   file:/home/runner/work/key/key/key.core/build/resources/main/de/uka/ilkd/key/proof/rules/assertions.key took 1 ms to parse. 
1974       WARN  main            d.u.i.k.n.ParsingFacade   Parsing time 270 ms. 
2399       WARN  main            d.u.i.k.n.ParsingFacade   file:/home/runner/work/key/key/key.core/build/resources/main/de/uka/ilkd/key/proof/rules/loopRules.key took 1 ms to parse. 
2400       WARN  main            d.u.i.k.n.ParsingFacade   Parsing time 271 ms. 
2410       WARN  main            d.u.i.k.n.ParsingFacade   file:/home/runner/work/key/key/key.core/build/resources/main/de/uka/ilkd/key/proof/rules/activeUse.key took 1 ms to parse. 
2410       WARN  main            d.u.i.k.n.ParsingFacade   Parsing time 272 ms. 
2469       WARN  main            d.u.i.k.n.ParsingFacade   file:/home/runner/work/key/key/key.core/build/resources/main/de/uka/ilkd/key/proof/rules/instanceAllocation.key took 7 ms to parse. 
2469       WARN  main            d.u.i.k.n.ParsingFacade   Parsing time 279 ms. 
2482       WARN  main            d.u.i.k.n.ParsingFacade   file:/home/runner/work/key/key/key.core/build/resources/main/de/uka/ilkd/key/proof/rules/java5.key took 0 ms to parse. 
2483       WARN  main            d.u.i.k.n.ParsingFacade   Parsing time 279 ms. 
2489       WARN  main            d.u.i.k.n.ParsingFacade   file:/home/runner/work/key/key/key.core/build/resources/main/de/uka/ilkd/key/proof/rules/integerAssignment2UpdateRules.key took 2 ms to parse. 
2489       WARN  main            d.u.i.k.n.ParsingFacade   Parsing time 281 ms. 
2524       WARN  main            d.u.i.k.n.ParsingFacade   file:/home/runner/work/key/key/key.core/build/resources/main/de/uka/ilkd/key/proof/rules/floatAssignment2UpdateRules.key took 4 ms to parse. 
2524       WARN  main            d.u.i.k.n.ParsingFacade   Parsing time 285 ms. 
2549       WARN  main            d.u.i.k.n.ParsingFacade   file:/home/runner/work/key/key/key.core/build/resources/main/de/uka/ilkd/key/proof/rules/bigint.key took 3 ms to parse. 
2549       WARN  main            d.u.i.k.n.ParsingFacade   Parsing time 288 ms. 
2564       DEBUG main            d.u.i.k.j.TypeConverter   No LDT found for JavaBigintExpression 
2571       WARN  main            d.u.i.k.n.ParsingFacade   file:/home/runner/work/key/key/key.core/build/resources/main/de/uka/ilkd/key/proof/rules/adtProgramDecompositionRules.key took 1 ms to parse. 
2572       WARN  main            d.u.i.k.n.ParsingFacade   Parsing time 289 ms. 
2587       WARN  main            d.u.i.k.n.ParsingFacade   file:/home/runner/work/key/key/key.core/build/resources/main/de/uka/ilkd/key/proof/rules/precRules.key took 1 ms to parse. 
2589       WARN  main            d.u.i.k.n.ParsingFacade   Parsing time 290 ms. 
2594       WARN  main            d.u.i.k.n.ParsingFacade   file:/home/runner/work/key/key/key.core/build/resources/main/de/uka/ilkd/key/proof/rules/charListRules.key took 3 ms to parse. 
2594       WARN  main            d.u.i.k.n.ParsingFacade   Parsing time 293 ms. 
2603       WARN  main            d.u.i.k.n.ParsingFacade   file:/home/runner/work/key/key/key.core/build/resources/main/de/uka/ilkd/key/proof/rules/regExTheory.key took 0 ms to parse. 
2603       WARN  main            d.u.i.k.n.ParsingFacade   Parsing time 293 ms. 
2605       WARN  main            d.u.i.k.n.ParsingFacade   file:/home/runner/work/key/key/key.core/build/resources/main/de/uka/ilkd/key/proof/rules/regExHeader.key took 0 ms to parse. 
2605       WARN  main            d.u.i.k.n.ParsingFacade   Parsing time 293 ms. 
2606       WARN  main            d.u.i.k.n.ParsingFacade   file:/home/runner/work/key/key/key.core/build/resources/main/de/uka/ilkd/key/proof/rules/regExAxioms.key took 0 ms to parse. 
2606       WARN  main            d.u.i.k.n.ParsingFacade   Parsing time 293 ms. 
2643       WARN  main            d.u.i.k.n.ParsingFacade   file:/home/runner/work/key/key/key.core/build/resources/main/de/uka/ilkd/key/proof/rules/regExLemmaProven.key took 35 ms to parse. 
2643       WARN  main            d.u.i.k.n.ParsingFacade   Parsing time 328 ms. 
2648       WARN  main            d.u.i.k.n.ParsingFacade   file:/home/runner/work/key/key/key.core/build/resources/main/de/uka/ilkd/key/proof/rules/seqEq.key took 1 ms to parse. 
2649       WARN  main            d.u.i.k.n.ParsingFacade   Parsing time 329 ms. 
2655       WARN  main            d.u.i.k.n.ParsingFacade   file:/home/runner/work/key/key/key.core/build/resources/main/de/uka/ilkd/key/proof/rules/infFlow.key took 2 ms to parse. 
2655       WARN  main            d.u.i.k.n.ParsingFacade   Parsing time 331 ms. 
2659       WARN  main            d.u.i.k.n.ParsingFacade   file:/home/runner/work/key/key/key.core/build/resources/main/de/uka/ilkd/key/proof/rules/mapSize.key took 0 ms to parse. 
2659       WARN  main            d.u.i.k.n.ParsingFacade   Parsing time 331 ms. 
2662       WARN  main            d.u.i.k.n.ParsingFacade   file:/home/runner/work/key/key/key.core/build/resources/main/de/uka/ilkd/key/proof/rules/wd.key took 0 ms to parse. 
2662       WARN  main            d.u.i.k.n.ParsingFacade   Parsing time 331 ms. 
2665       WARN  main            d.u.i.k.n.ParsingFacade   file:/home/runner/work/key/key/key.core/build/resources/main/de/uka/ilkd/key/proof/rules/wdHeader.key took 0 ms to parse. 
2665       WARN  main            d.u.i.k.n.ParsingFacade   Parsing time 331 ms. 
2666       WARN  main            d.u.i.k.n.ParsingFacade   file:/home/runner/work/key/key/key.core/build/resources/main/de/uka/ilkd/key/proof/rules/wdGeneralRules.key took 0 ms to parse. 
2666       WARN  main            d.u.i.k.n.ParsingFacade   Parsing time 331 ms. 
2675       WARN  main            d.u.i.k.n.ParsingFacade   file:/home/runner/work/key/key/key.core/build/resources/main/de/uka/ilkd/key/proof/rules/wdNumericalRules.key took 4 ms to parse. 
2675       WARN  main            d.u.i.k.n.ParsingFacade   Parsing time 335 ms. 
2693       WARN  main            d.u.i.k.n.ParsingFacade   file:/home/runner/work/key/key/key.core/build/resources/main/de/uka/ilkd/key/proof/rules/wdLocSetRules.key took 1 ms to parse. 
2693       WARN  main            d.u.i.k.n.ParsingFacade   Parsing time 336 ms. 
2698       WARN  main            d.u.i.k.n.ParsingFacade   file:/home/runner/work/key/key/key.core/build/resources/main/de/uka/ilkd/key/proof/rules/wdHeapRules.key took 1 ms to parse. 
2698       WARN  main            d.u.i.k.n.ParsingFacade   Parsing time 337 ms. 
2701       WARN  main            d.u.i.k.n.ParsingFacade   file:/home/runner/work/key/key/key.core/build/resources/main/de/uka/ilkd/key/proof/rules/wdReachRules.key took 0 ms to parse. 
2701       WARN  main            d.u.i.k.n.ParsingFacade   Parsing time 337 ms. 
2703       WARN  main            d.u.i.k.n.ParsingFacade   file:/home/runner/work/key/key/key.core/build/resources/main/de/uka/ilkd/key/proof/rules/wdSeqRules.key took 1 ms to parse. 
2703       WARN  main            d.u.i.k.n.ParsingFacade   Parsing time 338 ms. 
2705       WARN  main            d.u.i.k.n.ParsingFacade   file:/home/runner/work/key/key/key.core/build/resources/main/de/uka/ilkd/key/proof/rules/wdStringRules.key took 0 ms to parse. 
2705       WARN  main            d.u.i.k.n.ParsingFacade   Parsing time 338 ms. 
2708       WARN  main            d.u.i.k.n.ParsingFacade   file:/home/runner/work/key/key/key.core/build/resources/main/de/uka/ilkd/key/proof/rules/wdRegExRules.key took 1 ms to parse. 
2708       WARN  main            d.u.i.k.n.ParsingFacade   Parsing time 339 ms. 
2712       WARN  main            d.u.i.k.n.ParsingFacade   file:/home/runner/work/key/key/key.core/build/resources/main/de/uka/ilkd/key/proof/rules/wdFormulaRules.key took 3 ms to parse. 
2712       WARN  main            d.u.i.k.n.ParsingFacade   Parsing time 342 ms. 
2721       WARN  main            d.u.i.k.n.ParsingFacade   file:/home/runner/work/key/key/key.core/build/resources/main/de/uka/ilkd/key/proof/rules/loopInvariantRules.key took 0 ms to parse. 
2721       WARN  main            d.u.i.k.n.ParsingFacade   Parsing time 342 ms. 
2723       WARN  main            d.u.i.k.n.ParsingFacade   file:/home/runner/work/key/key/key.core/build/resources/main/de/uka/ilkd/key/proof/rules/forLoopRules.key took 0 ms to parse. 
2723       WARN  main            d.u.i.k.n.ParsingFacade   Parsing time 342 ms. 
2732       WARN  main            d.u.i.k.n.ParsingFacade   file:/home/runner/work/key/key/key.core/build/resources/main/de/uka/ilkd/key/proof/rules/execRules.key took 5 ms to parse. 
2732       WARN  main            d.u.i.k.n.ParsingFacade   Parsing time 347 ms. 
2803       WARN  main            d.u.i.k.n.ParsingFacade   file:/home/runner/work/key/key/key.core/build/resources/main/de/uka/ilkd/key/proof/rules/loopScopeRules.key took 2 ms to parse. 
2804       WARN  main            d.u.i.k.n.ParsingFacade   Parsing time 349 ms. 
5825       WARN  main            d.u.i.k.n.ParsingFacade   file:/home/runner/work/key/key/key.core/build/resources/main/de/uka/ilkd/key/java/JavaRedux/java/lang/String.key took 4 ms to parse. 
5825       WARN  main            d.u.i.k.n.ParsingFacade   Parsing time 353 ms. 
8068       DEBUG main            d.u.i.k.p.i.AbstractProblemLoader Init config took 7.28s 
8125       INFO  main            d.u.i.k.p.i.AbstractProblemLoader Replaying proof disjConj-manipulated.proof 
8169       WARN  main            d.u.i.k.p.i.IntermediateProofReplayer Proof contains wrong number of \assumes instatiations for andLeft 
8170       WARN  main            d.u.i.k.p.i.IntermediateProofReplayer Proof contains wrong number of \assumes instatiations for replace_known_right 
8174       WARN  main            d.u.i.k.p.i.IntermediateProofReplayer Proof contains wrong number of \assumes instatiations for close 
8174       DEBUG main            d.u.i.k.p.i.IntermediateProofReplayer Proof replay took 16.35ms 
8176       WARN  main            d.u.i.k.n.ParsingFacade   /home/runner/work/key/key/key.core/../key.ui/examples/proofLoadRepair/disjConj-manipulated.proof took 0 ms to parse. 
8176       WARN  main            d.u.i.k.n.ParsingFacade   Parsing time 353 ms. 
8179       INFO  main            d.u.i.k.p.r.p.TestFile    ... success: loaded 
8182       INFO  main            d.u.i.k.p.r.p.TestFile    Now processing file /home/runner/work/key/key/key.core/../key.ui/examples/proofLoadRepair/insufficient-manipulated.proof 
8183       INFO  main            d.u.i.k.p.i.AbstractProblemLoader Loading environment from /home/runner/work/key/key/key.core/../key.ui/examples/proofLoadRepair/insufficient-manipulated.proof 
8183       DEBUG main            d.u.i.k.p.i.AbstractProblemLoader Environment load took 252.41ns 
8184       WARN  main            d.u.i.k.n.ParsingFacade   /home/runner/work/key/key/key.core/../key.ui/examples/proofLoadRepair/insufficient-manipulated.proof took 1 ms to parse. 
8184       WARN  main            d.u.i.k.n.ParsingFacade   Parsing time 354 ms. 
8187       INFO  main            d.u.i.k.p.i.AbstractProblemLoader Creating init config 
9098       WARN  main            d.u.i.k.n.ParsingFacade   file:/home/runner/work/key/key/key.core/build/resources/main/de/uka/ilkd/key/java/JavaRedux/java/lang/String.key took 2 ms to parse. 
9099       WARN  main            d.u.i.k.n.ParsingFacade   Parsing time 356 ms. 
10958      DEBUG main            d.u.i.k.p.i.AbstractProblemLoader Init config took 2.77s 
10994      INFO  main            d.u.i.k.p.i.AbstractProblemLoader Replaying proof insufficient-manipulated.proof 
11021      WARN  main            d.u.i.k.p.i.IntermediateProofReplayer Proof contains wrong number of \assumes instatiations for applyEq 
11071      DEBUG main            d.u.i.k.p.i.IntermediateProofReplayer Proof replay took 54.93ms 
11074      WARN  main            d.u.i.k.n.ParsingFacade   /home/runner/work/key/key/key.core/../key.ui/examples/proofLoadRepair/insufficient-manipulated.proof took 0 ms to parse. 
11074      WARN  main            d.u.i.k.n.ParsingFacade   Parsing time 356 ms. 
11075      INFO  main            d.u.i.k.p.r.p.TestFile    ... success: loading failed 
11076      INFO  main            d.u.i.k.p.r.p.TestFile    Now processing file /home/runner/work/key/key/key.core/../key.ui/examples/../../key.core/src/test/resources/testcase/issues/1716/incorrectPolarity.proof 
11076      INFO  main            d.u.i.k.p.i.AbstractProblemLoader Loading environment from /home/runner/work/key/key/key.core/../key.ui/examples/../../key.core/src/test/resources/testcase/issues/1716/incorrectPolarity.proof 
11077      DEBUG main            d.u.i.k.p.i.AbstractProblemLoader Environment load took 166.5ns 
11077      WARN  main            d.u.i.k.n.ParsingFacade   /home/runner/work/key/key/key.core/../key.ui/examples/../../key.core/src/test/resources/testcase/issues/1716/incorrectPolarity.proof took 0 ms to parse. 
11077      WARN  main            d.u.i.k.n.ParsingFacade   Parsing time 356 ms. 
11080      INFO  main            d.u.i.k.p.i.AbstractProblemLoader Creating init config 
12077      WARN  main            d.u.i.k.n.ParsingFacade   file:/home/runner/work/key/key/key.core/build/resources/main/de/uka/ilkd/key/java/JavaRedux/java/lang/String.key took 1 ms to parse. 
12078      WARN  main            d.u.i.k.n.ParsingFacade   Parsing time 357 ms. 
13841      DEBUG main            d.u.i.k.p.i.AbstractProblemLoader Init config took 2.76s 
13869      INFO  main            d.u.i.k.p.i.AbstractProblemLoader Replaying proof incorrectPolarity.proof 
13871      DEBUG main            d.u.i.k.p.i.IntermediateProofReplayer Proof replay took 180.8ns 
13872      WARN  main            d.u.i.k.n.ParsingFacade   /home/runner/work/key/key/key.core/../key.ui/examples/../../key.core/src/test/resources/testcase/issues/1716/incorrectPolarity.proof took 0 ms to parse. 
13872      WARN  main            d.u.i.k.n.ParsingFacade   Parsing time 357 ms. 
13872      INFO  main            d.u.i.k.p.r.p.TestFile    ... success: loading failed 
13873      INFO  main            d.u.i.k.p.r.p.TestFile    Now processing file /home/runner/work/key/key/key.core/../key.ui/examples/../../key.core/src/test/resources/testcase/issues/1716/incorrectPolarity2.proof 
13873      INFO  main            d.u.i.k.p.i.AbstractProblemLoader Loading environment from /home/runner/work/key/key/key.core/../key.ui/examples/../../key.core/src/test/resources/testcase/issues/1716/incorrectPolarity2.proof 
13873      DEBUG main            d.u.i.k.p.i.AbstractProblemLoader Environment load took 163.8ns 
13874      WARN  main            d.u.i.k.n.ParsingFacade   /home/runner/work/key/key/key.core/../key.ui/examples/../../key.core/src/test/resources/testcase/issues/1716/incorrectPolarity2.proof took 0 ms to parse. 
13874      WARN  main            d.u.i.k.n.ParsingFacade   Parsing time 357 ms. 
13875      INFO  main            d.u.i.k.p.i.AbstractProblemLoader Creating init config 
14689      WARN  main            d.u.i.k.n.ParsingFacade   file:/home/runner/work/key/key/key.core/build/resources/main/de/uka/ilkd/key/java/JavaRedux/java/lang/String.key took 1 ms to parse. 
14689      WARN  main            d.u.i.k.n.ParsingFacade   Parsing time 358 ms. 
16407      DEBUG main            d.u.i.k.p.i.AbstractProblemLoader Init config took 2.53s 
16431      INFO  main            d.u.i.k.p.i.AbstractProblemLoader Replaying proof incorrectPolarity2.proof 
16433      DEBUG main            d.u.i.k.p.i.IntermediateProofReplayer Proof replay took 319.4ns 
16434      WARN  main            d.u.i.k.n.ParsingFacade   /home/runner/work/key/key/key.core/../key.ui/examples/../../key.core/src/test/resources/testcase/issues/1716/incorrectPolarity2.proof took 0 ms to parse. 
16434      WARN  main            d.u.i.k.n.ParsingFacade   Parsing time 358 ms. 
16434      INFO  main            d.u.i.k.p.r.p.TestFile    ... success: loading failed 
16435      INFO  main            d.u.i.k.p.r.p.TestFile    Now processing file /home/runner/work/key/key/key.core/../key.ui/examples/../../key.core/src/test/resources/testcase/issues/1716/incorrectPolarity3.proof 
16435      INFO  main            d.u.i.k.p.i.AbstractProblemLoader Loading environment from /home/runner/work/key/key/key.core/../key.ui/examples/../../key.core/src/test/resources/testcase/issues/1716/incorrectPolarity3.proof 
16435      DEBUG main            d.u.i.k.p.i.AbstractProblemLoader Environment load took 170.2ns 
16436      WARN  main            d.u.i.k.n.ParsingFacade   /home/runner/work/key/key/key.core/../key.ui/examples/../../key.core/src/test/resources/testcase/issues/1716/incorrectPolarity3.proof took 0 ms to parse. 
16436      WARN  main            d.u.i.k.n.ParsingFacade   Parsing time 358 ms. 
16437      INFO  main            d.u.i.k.p.i.AbstractProblemLoader Creating init config 
17235      WARN  main            d.u.i.k.n.ParsingFacade   file:/home/runner/work/key/key/key.core/build/resources/main/de/uka/ilkd/key/java/JavaRedux/java/lang/String.key took 1 ms to parse. 
17236      WARN  main            d.u.i.k.n.ParsingFacade   Parsing time 359 ms. 
18910      DEBUG main            d.u.i.k.p.i.AbstractProblemLoader Init config took 2.47s 
18930      INFO  main            d.u.i.k.p.i.AbstractProblemLoader Replaying proof incorrectPolarity3.proof 
18934      DEBUG main            d.u.i.k.p.i.IntermediateProofReplayer Proof replay took 1.69ms 
18935      WARN  main            d.u.i.k.n.ParsingFacade   /home/runner/work/key/key/key.core/../key.ui/examples/../../key.core/src/test/resources/testcase/issues/1716/incorrectPolarity3.proof took 0 ms to parse. 
18935      WARN  main            d.u.i.k.n.ParsingFacade   Parsing time 359 ms. 
18935      INFO  main            d.u.i.k.p.r.p.TestFile    ... success: loading failed 
5126560    INFO  Test worker     d.u.i.k.p.r.RunAllProofsTestUnit Returning from test proofLoadRepair 
5126561    INFO  Test worker     d.u.i.k.p.r.RunAllProofsTestUnit Running test switch 
341        INFO  Timeout watchdog d.u.i.k.p.r.p.ForkedTestFileRunner Timeout watcher launched (2000 secs.) 
347        WARN  main            d.u.i.k.s.ProofSettings   The settings in /home/runner/.key/proof-settings.props are *not* read. 
391        INFO  main            d.u.i.k.p.r.p.TestFile    Now processing file /home/runner/work/key/key/key.core/../key.ui/examples/standard_key/java_dl/switch/labeled_case.key 
534        INFO  main            d.u.i.k.p.i.AbstractProblemLoader Loading environment from /home/runner/work/key/key/key.core/../key.ui/examples/standard_key/java_dl/switch/labeled_case.key 
550        DEBUG main            d.u.i.k.p.i.AbstractProblemLoader Environment load took 2.05ms 
634        WARN  main            d.u.i.k.n.ParsingFacade   /home/runner/work/key/key/key.core/../key.ui/examples/standard_key/java_dl/switch/labeled_case.key took 9 ms to parse. 
634        WARN  main            d.u.i.k.n.ParsingFacade   Parsing time 9 ms. 
759        INFO  main            d.u.i.k.p.i.AbstractProblemLoader Creating init config 
770        WARN  main            d.u.i.k.n.ParsingFacade   file:/home/runner/work/key/key/key.core/build/resources/main/de/uka/ilkd/key/proof/rules/standardRules.key took 6 ms to parse. 
770        WARN  main            d.u.i.k.n.ParsingFacade   Parsing time 15 ms. 
782        WARN  main            d.u.i.k.n.ParsingFacade   file:/home/runner/work/key/key/key.core/build/resources/main/de/uka/ilkd/key/proof/rules/ldt.key took 1 ms to parse. 
782        WARN  main            d.u.i.k.n.ParsingFacade   Parsing time 16 ms. 
788        WARN  main            d.u.i.k.n.ParsingFacade   file:/home/runner/work/key/key/key.core/build/resources/main/de/uka/ilkd/key/proof/rules/boolean.key took 2 ms to parse. 
788        WARN  main            d.u.i.k.n.ParsingFacade   Parsing time 18 ms. 
813        WARN  main            d.u.i.k.n.ParsingFacade   file:/home/runner/work/key/key/key.core/build/resources/main/de/uka/ilkd/key/proof/rules/ruleSetsDeclarations.key took 16 ms to parse. 
817        WARN  main            d.u.i.k.n.ParsingFacade   Parsing time 34 ms. 
854        WARN  main            d.u.i.k.n.ParsingFacade   file:/home/runner/work/key/key/key.core/build/resources/main/de/uka/ilkd/key/proof/rules/integerHeader.key took 9 ms to parse. 
855        WARN  main            d.u.i.k.n.ParsingFacade   Parsing time 43 ms. 
860        WARN  main            d.u.i.k.n.ParsingFacade   file:/home/runner/work/key/key/key.core/build/resources/main/de/uka/ilkd/key/proof/rules/floatHeader.key took 4 ms to parse. 
861        WARN  main            d.u.i.k.n.ParsingFacade   Parsing time 47 ms. 
863        WARN  main            d.u.i.k.n.ParsingFacade   file:/home/runner/work/key/key/key.core/build/resources/main/de/uka/ilkd/key/proof/rules/heap.key took 1 ms to parse. 
864        WARN  main            d.u.i.k.n.ParsingFacade   Parsing time 48 ms. 
868        WARN  main            d.u.i.k.n.ParsingFacade   file:/home/runner/work/key/key/key.core/build/resources/main/de/uka/ilkd/key/proof/rules/locSets.key took 0 ms to parse. 
868        WARN  main            d.u.i.k.n.ParsingFacade   Parsing time 48 ms. 
870        WARN  main            d.u.i.k.n.ParsingFacade   file:/home/runner/work/key/key/key.core/build/resources/main/de/uka/ilkd/key/proof/rules/permission.key took 1 ms to parse. 
870        WARN  main            d.u.i.k.n.ParsingFacade   Parsing time 49 ms. 
872        WARN  main            d.u.i.k.n.ParsingFacade   file:/home/runner/work/key/key/key.core/build/resources/main/de/uka/ilkd/key/proof/rules/reach.key took 0 ms to parse. 
873        WARN  main            d.u.i.k.n.ParsingFacade   Parsing time 49 ms. 
873        WARN  main            d.u.i.k.n.ParsingFacade   file:/home/runner/work/key/key/key.core/build/resources/main/de/uka/ilkd/key/proof/rules/seq.key took 0 ms to parse. 
873        WARN  main            d.u.i.k.n.ParsingFacade   Parsing time 49 ms. 
920        WARN  main            d.u.i.k.n.ParsingFacade   file:/home/runner/work/key/key/key.core/build/resources/main/de/uka/ilkd/key/proof/rules/map.key took 42 ms to parse. 
922        WARN  main            d.u.i.k.n.ParsingFacade   Parsing time 91 ms. 
927        WARN  main            d.u.i.k.n.ParsingFacade   file:/home/runner/work/key/key/key.core/build/resources/main/de/uka/ilkd/key/proof/rules/freeADT.key took 0 ms to parse. 
927        WARN  main            d.u.i.k.n.ParsingFacade   Parsing time 91 ms. 
928        WARN  main            d.u.i.k.n.ParsingFacade   file:/home/runner/work/key/key/key.core/build/resources/main/de/uka/ilkd/key/proof/rules/wellfound.key took 0 ms to parse. 
928        WARN  main            d.u.i.k.n.ParsingFacade   Parsing time 91 ms. 
929        WARN  main            d.u.i.k.n.ParsingFacade   file:/home/runner/work/key/key/key.core/build/resources/main/de/uka/ilkd/key/proof/rules/charListHeader.key took 0 ms to parse. 
929        WARN  main            d.u.i.k.n.ParsingFacade   Parsing time 91 ms. 
1043       WARN  main            d.u.i.k.n.ParsingFacade   file:/home/runner/work/key/key/key.core/build/resources/main/de/uka/ilkd/key/proof/rules/propRule.key took 5 ms to parse. 
1043       WARN  main            d.u.i.k.n.ParsingFacade   Parsing time 96 ms. 
1066       WARN  main            d.u.i.k.n.ParsingFacade   file:/home/runner/work/key/key/key.core/build/resources/main/de/uka/ilkd/key/proof/rules/firstOrderRules.key took 4 ms to parse. 
1066       WARN  main            d.u.i.k.n.ParsingFacade   Parsing time 100 ms. 
1093       WARN  main            d.u.i.k.n.ParsingFacade   file:/home/runner/work/key/key/key.core/build/resources/main/de/uka/ilkd/key/proof/rules/ifThenElseRules.key took 5 ms to parse. 
1094       WARN  main            d.u.i.k.n.ParsingFacade   Parsing time 105 ms. 
1125       WARN  main            d.u.i.k.n.ParsingFacade   file:/home/runner/work/key/key/key.core/build/resources/main/de/uka/ilkd/key/proof/rules/formulaNormalisationRules.key took 13 ms to parse. 
1126       WARN  main            d.u.i.k.n.ParsingFacade   Parsing time 118 ms. 
1210       WARN  main            d.u.i.k.n.ParsingFacade   file:/home/runner/work/key/key/key.core/build/resources/main/de/uka/ilkd/key/proof/rules/updateRules.key took 14 ms to parse. 
1210       WARN  main            d.u.i.k.n.ParsingFacade   Parsing time 132 ms. 
1231       WARN  main            d.u.i.k.n.ParsingFacade   file:/home/runner/work/key/key/key.core/build/resources/main/de/uka/ilkd/key/proof/rules/integerRulesCommon.key took 6 ms to parse. 
1231       WARN  main            d.u.i.k.n.ParsingFacade   Parsing time 138 ms. 
1339       WARN  main            d.u.i.k.n.ParsingFacade   file:/home/runner/work/key/key/key.core/build/resources/main/de/uka/ilkd/key/proof/rules/intRules.key took 6 ms to parse. 
1339       WARN  main            d.u.i.k.n.ParsingFacade   Parsing time 144 ms. 
1372       WARN  main            d.u.i.k.n.ParsingFacade   file:/home/runner/work/key/key/key.core/build/resources/main/de/uka/ilkd/key/proof/rules/intRulesUncheckedSemantics.key took 10 ms to parse. 
1372       WARN  main            d.u.i.k.n.ParsingFacade   Parsing time 154 ms. 
1382       WARN  main            d.u.i.k.n.ParsingFacade   file:/home/runner/work/key/key/key.core/build/resources/main/de/uka/ilkd/key/proof/rules/intRulesCheckedSemantics.key took 1 ms to parse. 
1388       WARN  main            d.u.i.k.n.ParsingFacade   Parsing time 155 ms. 
1402       WARN  main            d.u.i.k.n.ParsingFacade   file:/home/runner/work/key/key/key.core/build/resources/main/de/uka/ilkd/key/proof/rules/intRulesJavaSemantics.key took 4 ms to parse. 
1402       WARN  main            d.u.i.k.n.ParsingFacade   Parsing time 159 ms. 
1460       WARN  main            d.u.i.k.n.ParsingFacade   file:/home/runner/work/key/key/key.core/build/resources/main/de/uka/ilkd/key/proof/rules/integerSimplificationRules.key took 41 ms to parse. 
1461       WARN  main            d.u.i.k.n.ParsingFacade   Parsing time 200 ms. 
1561       DEBUG main            d.u.i.k.j.TypeConverter   No LDT found for Meta 
1562       DEBUG main            d.u.i.k.j.TypeConverter   No LDT found for Meta 
1565       DEBUG main            d.u.i.k.j.TypeConverter   No LDT found for Meta 
1565       DEBUG main            d.u.i.k.j.TypeConverter   No LDT found for Meta 
1612       WARN  main            d.u.i.k.n.ParsingFacade   file:/home/runner/work/key/key/key.core/build/resources/main/de/uka/ilkd/key/proof/rules/intDiv.key took 3 ms to parse. 
1612       WARN  main            d.u.i.k.n.ParsingFacade   Parsing time 203 ms. 
1643       WARN  main            d.u.i.k.n.ParsingFacade   file:/home/runner/work/key/key/key.core/build/resources/main/de/uka/ilkd/key/proof/rules/bsum.key took 11 ms to parse. 
1643       WARN  main            d.u.i.k.n.ParsingFacade   Parsing time 214 ms. 
1675       WARN  main            d.u.i.k.n.ParsingFacade   file:/home/runner/work/key/key/key.core/build/resources/main/de/uka/ilkd/key/proof/rules/bprod.key took 2 ms to parse. 
1675       WARN  main            d.u.i.k.n.ParsingFacade   Parsing time 216 ms. 
1685       WARN  main            d.u.i.k.n.ParsingFacade   file:/home/runner/work/key/key/key.core/build/resources/main/de/uka/ilkd/key/proof/rules/binaryAxioms.key took 0 ms to parse. 
1686       WARN  main            d.u.i.k.n.ParsingFacade   Parsing time 216 ms. 
1691       WARN  main            d.u.i.k.n.ParsingFacade   file:/home/runner/work/key/key/key.core/build/resources/main/de/uka/ilkd/key/proof/rules/binaryLemmas.key took 2 ms to parse. 
1691       WARN  main            d.u.i.k.n.ParsingFacade   Parsing time 218 ms. 
1723       WARN  main            d.u.i.k.n.ParsingFacade   file:/home/runner/work/key/key/key.core/build/resources/main/de/uka/ilkd/key/proof/rules/intPow.key took 25 ms to parse. 
1723       WARN  main            d.u.i.k.n.ParsingFacade   Parsing time 243 ms. 
1737       WARN  main            d.u.i.k.n.ParsingFacade   file:/home/runner/work/key/key/key.core/build/resources/main/de/uka/ilkd/key/proof/rules/floatRulesCommon.key took 6 ms to parse. 
1737       WARN  main            d.u.i.k.n.ParsingFacade   Parsing time 249 ms. 
1747       WARN  main            d.u.i.k.n.ParsingFacade   file:/home/runner/work/key/key/key.core/build/resources/main/de/uka/ilkd/key/proof/rules/floatRules.key took 0 ms to parse. 
1747       WARN  main            d.u.i.k.n.ParsingFacade   Parsing time 249 ms. 
1748       WARN  main            d.u.i.k.n.ParsingFacade   file:/home/runner/work/key/key/key.core/build/resources/main/de/uka/ilkd/key/proof/rules/floatRulesVerifyNormal.key took 0 ms to parse. 
1748       WARN  main            d.u.i.k.n.ParsingFacade   Parsing time 249 ms. 
1751       WARN  main            d.u.i.k.n.ParsingFacade   file:/home/runner/work/key/key/key.core/build/resources/main/de/uka/ilkd/key/proof/rules/floatRulesAssumeStrictfp.key took 3 ms to parse. 
1751       WARN  main            d.u.i.k.n.ParsingFacade   Parsing time 252 ms. 
1782       WARN  main            d.u.i.k.n.ParsingFacade   file:/home/runner/work/key/key/key.core/build/resources/main/de/uka/ilkd/key/proof/rules/genericRules.key took 2 ms to parse. 
1782       WARN  main            d.u.i.k.n.ParsingFacade   Parsing time 254 ms. 
1792       WARN  main            d.u.i.k.n.ParsingFacade   file:/home/runner/work/key/key/key.core/build/resources/main/de/uka/ilkd/key/proof/rules/booleanRules.key took 1 ms to parse. 
1792       WARN  main            d.u.i.k.n.ParsingFacade   Parsing time 255 ms. 
1794       WARN  main            d.u.i.k.n.ParsingFacade   file:/home/runner/work/key/key/key.core/build/resources/main/de/uka/ilkd/key/proof/rules/epsilon.key took 0 ms to parse. 
1794       WARN  main            d.u.i.k.n.ParsingFacade   Parsing time 255 ms. 
1802       WARN  main            d.u.i.k.n.ParsingFacade   file:/home/runner/work/key/key/key.core/build/resources/main/de/uka/ilkd/key/proof/rules/locSetsRules.key took 6 ms to parse. 
1802       WARN  main            d.u.i.k.n.ParsingFacade   Parsing time 261 ms. 
1834       WARN  main            d.u.i.k.n.ParsingFacade   file:/home/runner/work/key/key/key.core/build/resources/main/de/uka/ilkd/key/proof/rules/heapRules.key took 8 ms to parse. 
1834       WARN  main            d.u.i.k.n.ParsingFacade   Parsing time 269 ms. 
1883       WARN  main            d.u.i.k.n.ParsingFacade   file:/home/runner/work/key/key/key.core/build/resources/main/de/uka/ilkd/key/proof/rules/permissionRules.key took 26 ms to parse. 
1884       WARN  main            d.u.i.k.n.ParsingFacade   Parsing time 295 ms. 
1895       WARN  main            d.u.i.k.n.ParsingFacade   file:/home/runner/work/key/key/key.core/build/resources/main/de/uka/ilkd/key/proof/rules/reachRules.key took 3 ms to parse. 
1896       WARN  main            d.u.i.k.n.ParsingFacade   Parsing time 298 ms. 
1913       WARN  main            d.u.i.k.n.ParsingFacade   file:/home/runner/work/key/key/key.core/build/resources/main/de/uka/ilkd/key/proof/rules/seqCoreRules.key took 8 ms to parse. 
1913       WARN  main            d.u.i.k.n.ParsingFacade   Parsing time 306 ms. 
1919       WARN  main            d.u.i.k.n.ParsingFacade   file:/home/runner/work/key/key/key.core/build/resources/main/de/uka/ilkd/key/proof/rules/seqRules.key took 5 ms to parse. 
1919       WARN  main            d.u.i.k.n.ParsingFacade   Parsing time 311 ms. 
1941       WARN  main            d.u.i.k.n.ParsingFacade   file:/home/runner/work/key/key/key.core/build/resources/main/de/uka/ilkd/key/proof/rules/seqPerm.key took 4 ms to parse. 
1941       WARN  main            d.u.i.k.n.ParsingFacade   Parsing time 315 ms. 
1954       WARN  main            d.u.i.k.n.ParsingFacade   file:/home/runner/work/key/key/key.core/build/resources/main/de/uka/ilkd/key/proof/rules/seqPerm2.key took 0 ms to parse. 
1954       WARN  main            d.u.i.k.n.ParsingFacade   Parsing time 315 ms. 
2026       WARN  main            d.u.i.k.n.ParsingFacade   file:/home/runner/work/key/key/key.core/build/resources/main/de/uka/ilkd/key/proof/rules/javaRules.key took 67 ms to parse. 
2026       WARN  main            d.u.i.k.n.ParsingFacade   Parsing time 382 ms. 
2034       WARN  main            d.u.i.k.n.ParsingFacade   file:/home/runner/work/key/key/key.core/build/resources/main/de/uka/ilkd/key/proof/rules/assertions.key took 1 ms to parse. 
2034       WARN  main            d.u.i.k.n.ParsingFacade   Parsing time 383 ms. 
2483       WARN  main            d.u.i.k.n.ParsingFacade   file:/home/runner/work/key/key/key.core/build/resources/main/de/uka/ilkd/key/proof/rules/loopRules.key took 3 ms to parse. 
2483       WARN  main            d.u.i.k.n.ParsingFacade   Parsing time 386 ms. 
2493       WARN  main            d.u.i.k.n.ParsingFacade   file:/home/runner/work/key/key/key.core/build/resources/main/de/uka/ilkd/key/proof/rules/activeUse.key took 2 ms to parse. 
2493       WARN  main            d.u.i.k.n.ParsingFacade   Parsing time 388 ms. 
2528       WARN  main            d.u.i.k.n.ParsingFacade   file:/home/runner/work/key/key/key.core/build/resources/main/de/uka/ilkd/key/proof/rules/instanceAllocation.key took 4 ms to parse. 
2528       WARN  main            d.u.i.k.n.ParsingFacade   Parsing time 392 ms. 
2537       WARN  main            d.u.i.k.n.ParsingFacade   file:/home/runner/work/key/key/key.core/build/resources/main/de/uka/ilkd/key/proof/rules/java5.key took 0 ms to parse. 
2537       WARN  main            d.u.i.k.n.ParsingFacade   Parsing time 392 ms. 
2542       WARN  main            d.u.i.k.n.ParsingFacade   file:/home/runner/work/key/key/key.core/build/resources/main/de/uka/ilkd/key/proof/rules/integerAssignment2UpdateRules.key took 3 ms to parse. 
2542       WARN  main            d.u.i.k.n.ParsingFacade   Parsing time 395 ms. 
2567       WARN  main            d.u.i.k.n.ParsingFacade   file:/home/runner/work/key/key/key.core/build/resources/main/de/uka/ilkd/key/proof/rules/floatAssignment2UpdateRules.key took 4 ms to parse. 
2567       WARN  main            d.u.i.k.n.ParsingFacade   Parsing time 399 ms. 
2583       WARN  main            d.u.i.k.n.ParsingFacade   file:/home/runner/work/key/key/key.core/build/resources/main/de/uka/ilkd/key/proof/rules/bigint.key took 1 ms to parse. 
2583       WARN  main            d.u.i.k.n.ParsingFacade   Parsing time 400 ms. 
2591       DEBUG main            d.u.i.k.j.TypeConverter   No LDT found for JavaBigintExpression 
2594       WARN  main            d.u.i.k.n.ParsingFacade   file:/home/runner/work/key/key/key.core/build/resources/main/de/uka/ilkd/key/proof/rules/adtProgramDecompositionRules.key took 1 ms to parse. 
2594       WARN  main            d.u.i.k.n.ParsingFacade   Parsing time 401 ms. 
2607       WARN  main            d.u.i.k.n.ParsingFacade   file:/home/runner/work/key/key/key.core/build/resources/main/de/uka/ilkd/key/proof/rules/precRules.key took 0 ms to parse. 
2607       WARN  main            d.u.i.k.n.ParsingFacade   Parsing time 401 ms. 
2612       WARN  main            d.u.i.k.n.ParsingFacade   file:/home/runner/work/key/key/key.core/build/resources/main/de/uka/ilkd/key/proof/rules/charListRules.key took 2 ms to parse. 
2612       WARN  main            d.u.i.k.n.ParsingFacade   Parsing time 403 ms. 
2620       WARN  main            d.u.i.k.n.ParsingFacade   file:/home/runner/work/key/key/key.core/build/resources/main/de/uka/ilkd/key/proof/rules/regExTheory.key took 0 ms to parse. 
2620       WARN  main            d.u.i.k.n.ParsingFacade   Parsing time 403 ms. 
2621       WARN  main            d.u.i.k.n.ParsingFacade   file:/home/runner/work/key/key/key.core/build/resources/main/de/uka/ilkd/key/proof/rules/regExHeader.key took 1 ms to parse. 
2621       WARN  main            d.u.i.k.n.ParsingFacade   Parsing time 404 ms. 
2622       WARN  main            d.u.i.k.n.ParsingFacade   file:/home/runner/work/key/key/key.core/build/resources/main/de/uka/ilkd/key/proof/rules/regExAxioms.key took 1 ms to parse. 
2622       WARN  main            d.u.i.k.n.ParsingFacade   Parsing time 405 ms. 
2625       WARN  main            d.u.i.k.n.ParsingFacade   file:/home/runner/work/key/key/key.core/build/resources/main/de/uka/ilkd/key/proof/rules/regExLemmaProven.key took 1 ms to parse. 
2625       WARN  main            d.u.i.k.n.ParsingFacade   Parsing time 406 ms. 
2659       WARN  main            d.u.i.k.n.ParsingFacade   file:/home/runner/work/key/key/key.core/build/resources/main/de/uka/ilkd/key/proof/rules/seqEq.key took 31 ms to parse. 
2659       WARN  main            d.u.i.k.n.ParsingFacade   Parsing time 437 ms. 
2665       WARN  main            d.u.i.k.n.ParsingFacade   file:/home/runner/work/key/key/key.core/build/resources/main/de/uka/ilkd/key/proof/rules/infFlow.key took 2 ms to parse. 
2665       WARN  main            d.u.i.k.n.ParsingFacade   Parsing time 439 ms. 
2668       WARN  main            d.u.i.k.n.ParsingFacade   file:/home/runner/work/key/key/key.core/build/resources/main/de/uka/ilkd/key/proof/rules/mapSize.key took 1 ms to parse. 
2668       WARN  main            d.u.i.k.n.ParsingFacade   Parsing time 440 ms. 
2670       WARN  main            d.u.i.k.n.ParsingFacade   file:/home/runner/work/key/key/key.core/build/resources/main/de/uka/ilkd/key/proof/rules/wd.key took 0 ms to parse. 
2670       WARN  main            d.u.i.k.n.ParsingFacade   Parsing time 440 ms. 
2672       WARN  main            d.u.i.k.n.ParsingFacade   file:/home/runner/work/key/key/key.core/build/resources/main/de/uka/ilkd/key/proof/rules/wdHeader.key took 1 ms to parse. 
2672       WARN  main            d.u.i.k.n.ParsingFacade   Parsing time 441 ms. 
2672       WARN  main            d.u.i.k.n.ParsingFacade   file:/home/runner/work/key/key/key.core/build/resources/main/de/uka/ilkd/key/proof/rules/wdGeneralRules.key took 0 ms to parse. 
2673       WARN  main            d.u.i.k.n.ParsingFacade   Parsing time 441 ms. 
2679       WARN  main            d.u.i.k.n.ParsingFacade   file:/home/runner/work/key/key/key.core/build/resources/main/de/uka/ilkd/key/proof/rules/wdNumericalRules.key took 3 ms to parse. 
2679       WARN  main            d.u.i.k.n.ParsingFacade   Parsing time 444 ms. 
2693       WARN  main            d.u.i.k.n.ParsingFacade   file:/home/runner/work/key/key/key.core/build/resources/main/de/uka/ilkd/key/proof/rules/wdLocSetRules.key took 1 ms to parse. 
2693       WARN  main            d.u.i.k.n.ParsingFacade   Parsing time 445 ms. 
2697       WARN  main            d.u.i.k.n.ParsingFacade   file:/home/runner/work/key/key/key.core/build/resources/main/de/uka/ilkd/key/proof/rules/wdHeapRules.key took 0 ms to parse. 
2697       WARN  main            d.u.i.k.n.ParsingFacade   Parsing time 445 ms. 
2700       WARN  main            d.u.i.k.n.ParsingFacade   file:/home/runner/work/key/key/key.core/build/resources/main/de/uka/ilkd/key/proof/rules/wdReachRules.key took 0 ms to parse. 
2700       WARN  main            d.u.i.k.n.ParsingFacade   Parsing time 445 ms. 
2701       WARN  main            d.u.i.k.n.ParsingFacade   file:/home/runner/work/key/key/key.core/build/resources/main/de/uka/ilkd/key/proof/rules/wdSeqRules.key took 0 ms to parse. 
2701       WARN  main            d.u.i.k.n.ParsingFacade   Parsing time 445 ms. 
2703       WARN  main            d.u.i.k.n.ParsingFacade   file:/home/runner/work/key/key/key.core/build/resources/main/de/uka/ilkd/key/proof/rules/wdStringRules.key took 0 ms to parse. 
2704       WARN  main            d.u.i.k.n.ParsingFacade   Parsing time 445 ms. 
2706       WARN  main            d.u.i.k.n.ParsingFacade   file:/home/runner/work/key/key/key.core/build/resources/main/de/uka/ilkd/key/proof/rules/wdRegExRules.key took 1 ms to parse. 
2706       WARN  main            d.u.i.k.n.ParsingFacade   Parsing time 446 ms. 
2709       WARN  main            d.u.i.k.n.ParsingFacade   file:/home/runner/work/key/key/key.core/build/resources/main/de/uka/ilkd/key/proof/rules/wdFormulaRules.key took 2 ms to parse. 
2709       WARN  main            d.u.i.k.n.ParsingFacade   Parsing time 448 ms. 
2717       WARN  main            d.u.i.k.n.ParsingFacade   file:/home/runner/work/key/key/key.core/build/resources/main/de/uka/ilkd/key/proof/rules/loopInvariantRules.key took 1 ms to parse. 
2717       WARN  main            d.u.i.k.n.ParsingFacade   Parsing time 449 ms. 
2718       WARN  main            d.u.i.k.n.ParsingFacade   file:/home/runner/work/key/key/key.core/build/resources/main/de/uka/ilkd/key/proof/rules/forLoopRules.key took 0 ms to parse. 
2718       WARN  main            d.u.i.k.n.ParsingFacade   Parsing time 449 ms. 
2721       WARN  main            d.u.i.k.n.ParsingFacade   file:/home/runner/work/key/key/key.core/build/resources/main/de/uka/ilkd/key/proof/rules/execRules.key took 2 ms to parse. 
2721       WARN  main            d.u.i.k.n.ParsingFacade   Parsing time 451 ms. 
2777       WARN  main            d.u.i.k.n.ParsingFacade   file:/home/runner/work/key/key/key.core/build/resources/main/de/uka/ilkd/key/proof/rules/loopScopeRules.key took 2 ms to parse. 
2777       WARN  main            d.u.i.k.n.ParsingFacade   Parsing time 453 ms. 
5632       WARN  main            d.u.i.k.n.ParsingFacade   file:/home/runner/work/key/key/key.core/build/resources/main/de/uka/ilkd/key/java/JavaRedux/java/lang/String.key took 5 ms to parse. 
5632       WARN  main            d.u.i.k.n.ParsingFacade   Parsing time 458 ms. 
7765       DEBUG main            d.u.i.k.p.i.AbstractProblemLoader Init config took 7.01s 
7902       INFO  main            d.u.i.k.p.i.AbstractProblemLoader Replaying proof LabeledCase[LabeledCase::m(int)].JML normal_behavior operation contract.0 
7933       DEBUG main            d.u.i.k.p.i.IntermediateProofReplayer Proof replay took 31ns 
7935       WARN  main            d.u.i.k.n.ParsingFacade   /home/runner/work/key/key/key.core/../key.ui/examples/standard_key/java_dl/switch/labeled_case.key took 0 ms to parse. 
7935       WARN  main            d.u.i.k.n.ParsingFacade   Parsing time 458 ms. 
8602       INFO  main            d.u.i.k.p.r.p.TestFile    ... finished proof: closed. 
8709       INFO  main            d.u.i.k.p.i.AbstractProblemLoader Loading environment from /home/runner/work/key/key/key.core/../key.ui/examples/standard_key/java_dl/switch/labeled_case.key.proof 
8709       DEBUG main            d.u.i.k.p.i.AbstractProblemLoader Environment load took 141.2ns 
8710       WARN  main            d.u.i.k.n.ParsingFacade   /home/runner/work/key/key/key.core/../key.ui/examples/standard_key/java_dl/switch/labeled_case.key.proof took 1 ms to parse. 
8710       WARN  main            d.u.i.k.n.ParsingFacade   Parsing time 459 ms. 
8711       INFO  main            d.u.i.k.p.i.AbstractProblemLoader Creating init config 
9722       WARN  main            d.u.i.k.n.ParsingFacade   file:/home/runner/work/key/key/key.core/build/resources/main/de/uka/ilkd/key/java/JavaRedux/java/lang/String.key took 1 ms to parse. 
9723       WARN  main            d.u.i.k.n.ParsingFacade   Parsing time 460 ms. 
11511      DEBUG main            d.u.i.k.p.i.AbstractProblemLoader Init config took 2.8s 
11572      INFO  main            d.u.i.k.p.i.AbstractProblemLoader Replaying proof LabeledCase[LabeledCase::m(int)].JML normal_behavior operation contract.0 
11683      DEBUG main            d.u.i.k.p.i.IntermediateProofReplayer Proof replay took 99.58ms 
11684      WARN  main            d.u.i.k.n.ParsingFacade   /home/runner/work/key/key/key.core/../key.ui/examples/standard_key/java_dl/switch/labeled_case.key.proof took 0 ms to parse. 
11684      WARN  main            d.u.i.k.n.ParsingFacade   Parsing time 460 ms. 
11696      DEBUG main            d.u.i.k.p.r.p.TestFile    ... success: reloaded. 
11701      INFO  main            d.u.i.k.p.r.p.TestFile    Now processing file /home/runner/work/key/key/key.core/../key.ui/examples/standard_key/java_dl/switch/empty_switch.key 
11702      INFO  main            d.u.i.k.p.i.AbstractProblemLoader Loading environment from /home/runner/work/key/key/key.core/../key.ui/examples/standard_key/java_dl/switch/empty_switch.key 
11702      DEBUG main            d.u.i.k.p.i.AbstractProblemLoader Environment load took 197.1ns 
11702      WARN  main            d.u.i.k.n.ParsingFacade   /home/runner/work/key/key/key.core/../key.ui/examples/standard_key/java_dl/switch/empty_switch.key took 0 ms to parse. 
11703      WARN  main            d.u.i.k.n.ParsingFacade   Parsing time 460 ms. 
11704      INFO  main            d.u.i.k.p.i.AbstractProblemLoader Creating init config 
12569      WARN  main            d.u.i.k.n.ParsingFacade   file:/home/runner/work/key/key/key.core/build/resources/main/de/uka/ilkd/key/java/JavaRedux/java/lang/String.key took 1 ms to parse. 
12569      WARN  main            d.u.i.k.n.ParsingFacade   Parsing time 461 ms. 
14286      DEBUG main            d.u.i.k.p.i.AbstractProblemLoader Init config took 2.58s 
14315      INFO  main            d.u.i.k.p.i.AbstractProblemLoader Replaying proof empty_switch.key 
14317      DEBUG main            d.u.i.k.p.i.IntermediateProofReplayer Proof replay took 7.1ns 
14318      WARN  main            d.u.i.k.n.ParsingFacade   /home/runner/work/key/key/key.core/../key.ui/examples/standard_key/java_dl/switch/empty_switch.key took 0 ms to parse. 
14318      WARN  main            d.u.i.k.n.ParsingFacade   Parsing time 461 ms. 
14420      INFO  main            d.u.i.k.p.r.p.TestFile    ... finished proof: closed. 
14546      INFO  main            d.u.i.k.p.i.AbstractProblemLoader Loading environment from /home/runner/work/key/key/key.core/../key.ui/examples/standard_key/java_dl/switch/empty_switch.key.proof 
14546      DEBUG main            d.u.i.k.p.i.AbstractProblemLoader Environment load took 141.1ns 
14546      WARN  main            d.u.i.k.n.ParsingFacade   /home/runner/work/key/key/key.core/../key.ui/examples/standard_key/java_dl/switch/empty_switch.key.proof took 0 ms to parse. 
14546      WARN  main            d.u.i.k.n.ParsingFacade   Parsing time 461 ms. 
14548      INFO  main            d.u.i.k.p.i.AbstractProblemLoader Creating init config 
15405      WARN  main            d.u.i.k.n.ParsingFacade   file:/home/runner/work/key/key/key.core/build/resources/main/de/uka/ilkd/key/java/JavaRedux/java/lang/String.key took 2 ms to parse. 
15405      WARN  main            d.u.i.k.n.ParsingFacade   Parsing time 463 ms. 
17145      DEBUG main            d.u.i.k.p.i.AbstractProblemLoader Init config took 2.6s 
17178      INFO  main            d.u.i.k.p.i.AbstractProblemLoader Replaying proof empty_switch.key.proof 
17183      DEBUG main            d.u.i.k.p.i.IntermediateProofReplayer Proof replay took 1.99ms 
17183      WARN  main            d.u.i.k.n.ParsingFacade   /home/runner/work/key/key/key.core/../key.ui/examples/standard_key/java_dl/switch/empty_switch.key.proof took 0 ms to parse. 
17184      WARN  main            d.u.i.k.n.ParsingFacade   Parsing time 463 ms. 
17184      DEBUG main            d.u.i.k.p.r.p.TestFile    ... success: reloaded. 
17185      INFO  main            d.u.i.k.p.r.p.TestFile    Now processing file /home/runner/work/key/key/key.core/../key.ui/examples/standard_key/java_dl/switch/empty_switch_null.key 
17185      INFO  main            d.u.i.k.p.i.AbstractProblemLoader Loading environment from /home/runner/work/key/key/key.core/../key.ui/examples/standard_key/java_dl/switch/empty_switch_null.key 
17185      DEBUG main            d.u.i.k.p.i.AbstractProblemLoader Environment load took 183.1ns 
17186      WARN  main            d.u.i.k.n.ParsingFacade   /home/runner/work/key/key/key.core/../key.ui/examples/standard_key/java_dl/switch/empty_switch_null.key took 1 ms to parse. 
17186      WARN  main            d.u.i.k.n.ParsingFacade   Parsing time 464 ms. 
17187      INFO  main            d.u.i.k.p.i.AbstractProblemLoader Creating init config 
18012      WARN  main            d.u.i.k.n.ParsingFacade   file:/home/runner/work/key/key/key.core/build/resources/main/de/uka/ilkd/key/java/JavaRedux/java/lang/String.key took 1 ms to parse. 
18012      WARN  main            d.u.i.k.n.ParsingFacade   Parsing time 465 ms. 
19687      DEBUG main            d.u.i.k.p.i.AbstractProblemLoader Init config took 2.5s 
19714      INFO  main            d.u.i.k.p.i.AbstractProblemLoader Replaying proof empty_switch_null.key 
19715      DEBUG main            d.u.i.k.p.i.IntermediateProofReplayer Proof replay took 5.8ns 
19716      WARN  main            d.u.i.k.n.ParsingFacade   /home/runner/work/key/key/key.core/../key.ui/examples/standard_key/java_dl/switch/empty_switch_null.key took 0 ms to parse. 
19716      WARN  main            d.u.i.k.n.ParsingFacade   Parsing time 465 ms. 
19920      INFO  main            d.u.i.k.p.r.p.TestFile    ... finished proof: closed. 
20060      INFO  main            d.u.i.k.p.i.AbstractProblemLoader Loading environment from /home/runner/work/key/key/key.core/../key.ui/examples/standard_key/java_dl/switch/empty_switch_null.key.proof 
20060      DEBUG main            d.u.i.k.p.i.AbstractProblemLoader Environment load took 953.42ns 
20061      WARN  main            d.u.i.k.n.ParsingFacade   /home/runner/work/key/key/key.core/../key.ui/examples/standard_key/java_dl/switch/empty_switch_null.key.proof took 0 ms to parse. 
20061      WARN  main            d.u.i.k.n.ParsingFacade   Parsing time 465 ms. 
20062      INFO  main            d.u.i.k.p.i.AbstractProblemLoader Creating init config 
20828      WARN  main            d.u.i.k.n.ParsingFacade   file:/home/runner/work/key/key/key.core/build/resources/main/de/uka/ilkd/key/java/JavaRedux/java/lang/String.key took 1 ms to parse. 
20828      WARN  main            d.u.i.k.n.ParsingFacade   Parsing time 466 ms. 
22517      DEBUG main            d.u.i.k.p.i.AbstractProblemLoader Init config took 2.45s 
22538      INFO  main            d.u.i.k.p.i.AbstractProblemLoader Replaying proof empty_switch_null.key.proof 
22568      DEBUG main            d.u.i.k.p.i.IntermediateProofReplayer Proof replay took 27.5ms 
22569      WARN  main            d.u.i.k.n.ParsingFacade   /home/runner/work/key/key/key.core/../key.ui/examples/standard_key/java_dl/switch/empty_switch_null.key.proof took 1 ms to parse. 
22569      WARN  main            d.u.i.k.n.ParsingFacade   Parsing time 467 ms. 
22569      DEBUG main            d.u.i.k.p.r.p.TestFile    ... success: reloaded. 
22570      INFO  main            d.u.i.k.p.r.p.TestFile    Now processing file /home/runner/work/key/key/key.core/../key.ui/examples/standard_key/java_dl/switch/empty_switch_null_catch.key 
22570      INFO  main            d.u.i.k.p.i.AbstractProblemLoader Loading environment from /home/runner/work/key/key/key.core/../key.ui/examples/standard_key/java_dl/switch/empty_switch_null_catch.key 
22570      DEBUG main            d.u.i.k.p.i.AbstractProblemLoader Environment load took 183.4ns 
22571      WARN  main            d.u.i.k.n.ParsingFacade   /home/runner/work/key/key/key.core/../key.ui/examples/standard_key/java_dl/switch/empty_switch_null_catch.key took 0 ms to parse. 
22571      WARN  main            d.u.i.k.n.ParsingFacade   Parsing time 467 ms. 
22572      INFO  main            d.u.i.k.p.i.AbstractProblemLoader Creating init config 
23384      WARN  main            d.u.i.k.n.ParsingFacade   file:/home/runner/work/key/key/key.core/build/resources/main/de/uka/ilkd/key/java/JavaRedux/java/lang/String.key took 1 ms to parse. 
23385      WARN  main            d.u.i.k.n.ParsingFacade   Parsing time 468 ms. 
25108      DEBUG main            d.u.i.k.p.i.AbstractProblemLoader Init config took 2.54s 
25132      INFO  main            d.u.i.k.p.i.AbstractProblemLoader Replaying proof empty_switch_null_catch.key 
25135      DEBUG main            d.u.i.k.p.i.IntermediateProofReplayer Proof replay took 5.7ns 
25136      WARN  main            d.u.i.k.n.ParsingFacade   /home/runner/work/key/key/key.core/../key.ui/examples/standard_key/java_dl/switch/empty_switch_null_catch.key took 0 ms to parse. 
25136      WARN  main            d.u.i.k.n.ParsingFacade   Parsing time 468 ms. 
25339      INFO  main            d.u.i.k.p.r.p.TestFile    ... finished proof: closed. 
25484      INFO  main            d.u.i.k.p.i.AbstractProblemLoader Loading environment from /home/runner/work/key/key/key.core/../key.ui/examples/standard_key/java_dl/switch/empty_switch_null_catch.key.proof 
25484      DEBUG main            d.u.i.k.p.i.AbstractProblemLoader Environment load took 112.5ns 
25484      WARN  main            d.u.i.k.n.ParsingFacade   /home/runner/work/key/key/key.core/../key.ui/examples/standard_key/java_dl/switch/empty_switch_null_catch.key.proof took 0 ms to parse. 
25484      WARN  main            d.u.i.k.n.ParsingFacade   Parsing time 468 ms. 
25489      INFO  main            d.u.i.k.p.i.AbstractProblemLoader Creating init config 
26267      WARN  main            d.u.i.k.n.ParsingFacade   file:/home/runner/work/key/key/key.core/build/resources/main/de/uka/ilkd/key/java/JavaRedux/java/lang/String.key took 1 ms to parse. 
26267      WARN  main            d.u.i.k.n.ParsingFacade   Parsing time 469 ms. 
27927      DEBUG main            d.u.i.k.p.i.AbstractProblemLoader Init config took 2.44s 
27948      INFO  main            d.u.i.k.p.i.AbstractProblemLoader Replaying proof empty_switch_null_catch.key.proof 
27982      DEBUG main            d.u.i.k.p.i.IntermediateProofReplayer Proof replay took 30.7ms 
27982      WARN  main            d.u.i.k.n.ParsingFacade   /home/runner/work/key/key/key.core/../key.ui/examples/standard_key/java_dl/switch/empty_switch_null_catch.key.proof took 0 ms to parse. 
27982      WARN  main            d.u.i.k.n.ParsingFacade   Parsing time 469 ms. 
27983      DEBUG main            d.u.i.k.p.r.p.TestFile    ... success: reloaded. 
27983      INFO  main            d.u.i.k.p.r.p.TestFile    Now processing file /home/runner/work/key/key/key.core/../key.ui/examples/standard_key/java_dl/switch/empty_switch_array_out_of_bounds.key 
27983      INFO  main            d.u.i.k.p.i.AbstractProblemLoader Loading environment from /home/runner/work/key/key/key.core/../key.ui/examples/standard_key/java_dl/switch/empty_switch_array_out_of_bounds.key 
27984      DEBUG main            d.u.i.k.p.i.AbstractProblemLoader Environment load took 84ns 
27984      WARN  main            d.u.i.k.n.ParsingFacade   /home/runner/work/key/key/key.core/../key.ui/examples/standard_key/java_dl/switch/empty_switch_array_out_of_bounds.key took 0 ms to parse. 
27984      WARN  main            d.u.i.k.n.ParsingFacade   Parsing time 469 ms. 
27984      INFO  main            d.u.i.k.p.i.AbstractProblemLoader Creating init config 
28790      WARN  main            d.u.i.k.n.ParsingFacade   file:/home/runner/work/key/key/key.core/build/resources/main/de/uka/ilkd/key/java/JavaRedux/java/lang/String.key took 1 ms to parse. 
28790      WARN  main            d.u.i.k.n.ParsingFacade   Parsing time 470 ms. 
30448      DEBUG main            d.u.i.k.p.i.AbstractProblemLoader Init config took 2.46s 
30468      INFO  main            d.u.i.k.p.i.AbstractProblemLoader Replaying proof empty_switch_array_out_of_bounds.key 
30471      DEBUG main            d.u.i.k.p.i.IntermediateProofReplayer Proof replay took 6.6ns 
30472      WARN  main            d.u.i.k.n.ParsingFacade   /home/runner/work/key/key/key.core/../key.ui/examples/standard_key/java_dl/switch/empty_switch_array_out_of_bounds.key took 1 ms to parse. 
30472      WARN  main            d.u.i.k.n.ParsingFacade   Parsing time 471 ms. 
30676      INFO  main            d.u.i.k.p.r.p.TestFile    ... finished proof: closed. 
30834      INFO  main            d.u.i.k.p.i.AbstractProblemLoader Loading environment from /home/runner/work/key/key/key.core/../key.ui/examples/standard_key/java_dl/switch/empty_switch_array_out_of_bounds.key.proof 
30834      DEBUG main            d.u.i.k.p.i.AbstractProblemLoader Environment load took 363.61ns 
30835      WARN  main            d.u.i.k.n.ParsingFacade   /home/runner/work/key/key/key.core/../key.ui/examples/standard_key/java_dl/switch/empty_switch_array_out_of_bounds.key.proof took 0 ms to parse. 
30835      WARN  main            d.u.i.k.n.ParsingFacade   Parsing time 471 ms. 
30836      INFO  main            d.u.i.k.p.i.AbstractProblemLoader Creating init config 
31595      WARN  main            d.u.i.k.n.ParsingFacade   file:/home/runner/work/key/key/key.core/build/resources/main/de/uka/ilkd/key/java/JavaRedux/java/lang/String.key took 1 ms to parse. 
31596      WARN  main            d.u.i.k.n.ParsingFacade   Parsing time 472 ms. 
33275      DEBUG main            d.u.i.k.p.i.AbstractProblemLoader Init config took 2.44s 
33296      INFO  main            d.u.i.k.p.i.AbstractProblemLoader Replaying proof empty_switch_array_out_of_bounds.key.proof 
33357      DEBUG main            d.u.i.k.p.i.IntermediateProofReplayer Proof replay took 57.49ms 
33358      WARN  main            d.u.i.k.n.ParsingFacade   /home/runner/work/key/key/key.core/../key.ui/examples/standard_key/java_dl/switch/empty_switch_array_out_of_bounds.key.proof took 0 ms to parse. 
33358      WARN  main            d.u.i.k.n.ParsingFacade   Parsing time 472 ms. 
33359      DEBUG main            d.u.i.k.p.r.p.TestFile    ... success: reloaded. 
33360      INFO  main            d.u.i.k.p.r.p.TestFile    Now processing file /home/runner/work/key/key/key.core/../key.ui/examples/standard_key/java_dl/switch/empty_switch_array_out_of_bounds_catch.key 
33360      INFO  main            d.u.i.k.p.i.AbstractProblemLoader Loading environment from /home/runner/work/key/key/key.core/../key.ui/examples/standard_key/java_dl/switch/empty_switch_array_out_of_bounds_catch.key 
33360      DEBUG main            d.u.i.k.p.i.AbstractProblemLoader Environment load took 220.91ns 
33361      WARN  main            d.u.i.k.n.ParsingFacade   /home/runner/work/key/key/key.core/../key.ui/examples/standard_key/java_dl/switch/empty_switch_array_out_of_bounds_catch.key took 1 ms to parse. 
33361      WARN  main            d.u.i.k.n.ParsingFacade   Parsing time 473 ms. 
33361      INFO  main            d.u.i.k.p.i.AbstractProblemLoader Creating init config 
34150      WARN  main            d.u.i.k.n.ParsingFacade   file:/home/runner/work/key/key/key.core/build/resources/main/de/uka/ilkd/key/java/JavaRedux/java/lang/String.key took 1 ms to parse. 
34150      WARN  main            d.u.i.k.n.ParsingFacade   Parsing time 474 ms. 
35812      DEBUG main            d.u.i.k.p.i.AbstractProblemLoader Init config took 2.45s 
35836      INFO  main            d.u.i.k.p.i.AbstractProblemLoader Replaying proof empty_switch_array_out_of_bounds_catch.key 
35840      DEBUG main            d.u.i.k.p.i.IntermediateProofReplayer Proof replay took 6.1ns 
35841      WARN  main            d.u.i.k.n.ParsingFacade   /home/runner/work/key/key/key.core/../key.ui/examples/standard_key/java_dl/switch/empty_switch_array_out_of_bounds_catch.key took 0 ms to parse. 
35842      WARN  main            d.u.i.k.n.ParsingFacade   Parsing time 474 ms. 
36044      INFO  main            d.u.i.k.p.r.p.TestFile    ... finished proof: closed. 
36204      INFO  main            d.u.i.k.p.i.AbstractProblemLoader Loading environment from /home/runner/work/key/key/key.core/../key.ui/examples/standard_key/java_dl/switch/empty_switch_array_out_of_bounds_catch.key.proof 
36204      DEBUG main            d.u.i.k.p.i.AbstractProblemLoader Environment load took 110.7ns 
36205      WARN  main            d.u.i.k.n.ParsingFacade   /home/runner/work/key/key/key.core/../key.ui/examples/standard_key/java_dl/switch/empty_switch_array_out_of_bounds_catch.key.proof took 0 ms to parse. 
36205      WARN  main            d.u.i.k.n.ParsingFacade   Parsing time 474 ms. 
36208      INFO  main            d.u.i.k.p.i.AbstractProblemLoader Creating init config 
37000      WARN  main            d.u.i.k.n.ParsingFacade   file:/home/runner/work/key/key/key.core/build/resources/main/de/uka/ilkd/key/java/JavaRedux/java/lang/String.key took 1 ms to parse. 
37000      WARN  main            d.u.i.k.n.ParsingFacade   Parsing time 475 ms. 
38643      DEBUG main            d.u.i.k.p.i.AbstractProblemLoader Init config took 2.43s 
38662      INFO  main            d.u.i.k.p.i.AbstractProblemLoader Replaying proof empty_switch_array_out_of_bounds_catch.key.proof 
38697      DEBUG main            d.u.i.k.p.i.IntermediateProofReplayer Proof replay took 33.07ms 
38698      WARN  main            d.u.i.k.n.ParsingFacade   /home/runner/work/key/key/key.core/../key.ui/examples/standard_key/java_dl/switch/empty_switch_array_out_of_bounds_catch.key.proof took 0 ms to parse. 
38699      WARN  main            d.u.i.k.n.ParsingFacade   Parsing time 475 ms. 
38699      DEBUG main            d.u.i.k.p.r.p.TestFile    ... success: reloaded. 
38700      INFO  main            d.u.i.k.p.r.p.TestFile    Now processing file /home/runner/work/key/key/key.core/../key.ui/examples/standard_key/java_dl/switch/switch_in_switch.key 
38700      INFO  main            d.u.i.k.p.i.AbstractProblemLoader Loading environment from /home/runner/work/key/key/key.core/../key.ui/examples/standard_key/java_dl/switch/switch_in_switch.key 
38700      DEBUG main            d.u.i.k.p.i.AbstractProblemLoader Environment load took 187ns 
38701      WARN  main            d.u.i.k.n.ParsingFacade   /home/runner/work/key/key/key.core/../key.ui/examples/standard_key/java_dl/switch/switch_in_switch.key took 0 ms to parse. 
38701      WARN  main            d.u.i.k.n.ParsingFacade   Parsing time 475 ms. 
38702      INFO  main            d.u.i.k.p.i.AbstractProblemLoader Creating init config 
39543      WARN  main            d.u.i.k.n.ParsingFacade   file:/home/runner/work/key/key/key.core/build/resources/main/de/uka/ilkd/key/java/JavaRedux/java/lang/String.key took 1 ms to parse. 
39543      WARN  main            d.u.i.k.n.ParsingFacade   Parsing time 476 ms. 
41251      DEBUG main            d.u.i.k.p.i.AbstractProblemLoader Init config took 2.55s 
41310      INFO  main            d.u.i.k.p.i.AbstractProblemLoader Replaying proof SwitchInSwitch[SwitchInSwitch::m(int)].JML normal_behavior operation contract.0 
41312      DEBUG main            d.u.i.k.p.i.IntermediateProofReplayer Proof replay took 6ns 
41312      WARN  main            d.u.i.k.n.ParsingFacade   /home/runner/work/key/key/key.core/../key.ui/examples/standard_key/java_dl/switch/switch_in_switch.key took 0 ms to parse. 
41312      WARN  main            d.u.i.k.n.ParsingFacade   Parsing time 476 ms. 
45537      INFO  main            d.u.i.k.p.r.p.TestFile    ... finished proof: closed. 
45783      INFO  main            d.u.i.k.p.i.AbstractProblemLoader Loading environment from /home/runner/work/key/key/key.core/../key.ui/examples/standard_key/java_dl/switch/switch_in_switch.key.proof 
45787      DEBUG main            d.u.i.k.p.i.AbstractProblemLoader Environment load took 3.75ms 
45788      WARN  main            d.u.i.k.n.ParsingFacade   /home/runner/work/key/key/key.core/../key.ui/examples/standard_key/java_dl/switch/switch_in_switch.key.proof took 0 ms to parse. 
45790      WARN  main            d.u.i.k.n.ParsingFacade   Parsing time 476 ms. 
45791      INFO  main            d.u.i.k.p.i.AbstractProblemLoader Creating init config 
46620      WARN  main            d.u.i.k.n.ParsingFacade   file:/home/runner/work/key/key/key.core/build/resources/main/de/uka/ilkd/key/java/JavaRedux/java/lang/String.key took 1 ms to parse. 
46621      WARN  main            d.u.i.k.n.ParsingFacade   Parsing time 477 ms. 
48257      DEBUG main            d.u.i.k.p.i.AbstractProblemLoader Init config took 2.47s 
48298      INFO  main            d.u.i.k.p.i.AbstractProblemLoader Replaying proof SwitchInSwitch[SwitchInSwitch::m(int)].JML normal_behavior operation contract.0 
48789      DEBUG main            d.u.i.k.p.i.IntermediateProofReplayer Proof replay took 465.36ms 
48790      WARN  main            d.u.i.k.n.ParsingFacade   /home/runner/work/key/key/key.core/../key.ui/examples/standard_key/java_dl/switch/switch_in_switch.key.proof took 0 ms to parse. 
48790      WARN  main            d.u.i.k.n.ParsingFacade   Parsing time 477 ms. 
48791      DEBUG main            d.u.i.k.p.r.p.TestFile    ... success: reloaded. 
48791      INFO  main            d.u.i.k.p.r.p.TestFile    Now processing file /home/runner/work/key/key/key.core/../key.ui/examples/standard_key/java_dl/switch/while_and_switch.key 
48792      INFO  main            d.u.i.k.p.i.AbstractProblemLoader Loading environment from /home/runner/work/key/key/key.core/../key.ui/examples/standard_key/java_dl/switch/while_and_switch.key 
48792      DEBUG main            d.u.i.k.p.i.AbstractProblemLoader Environment load took 209.3ns 
48792      WARN  main            d.u.i.k.n.ParsingFacade   /home/runner/work/key/key/key.core/../key.ui/examples/standard_key/java_dl/switch/while_and_switch.key took 0 ms to parse. 
48792      WARN  main            d.u.i.k.n.ParsingFacade   Parsing time 477 ms. 
48793      INFO  main            d.u.i.k.p.i.AbstractProblemLoader Creating init config 
49643      WARN  main            d.u.i.k.n.ParsingFacade   file:/home/runner/work/key/key/key.core/build/resources/main/de/uka/ilkd/key/java/JavaRedux/java/lang/String.key took 2 ms to parse. 
49643      WARN  main            d.u.i.k.n.ParsingFacade   Parsing time 479 ms. 
51382      DEBUG main            d.u.i.k.p.i.AbstractProblemLoader Init config took 2.59s 
51424      INFO  main            d.u.i.k.p.i.AbstractProblemLoader Replaying proof WhileAndSwitch[WhileAndSwitch::m(int)].JML normal_behavior operation contract.0 
51427      DEBUG main            d.u.i.k.p.i.IntermediateProofReplayer Proof replay took 14.1ns 
51427      WARN  main            d.u.i.k.n.ParsingFacade   /home/runner/work/key/key/key.core/../key.ui/examples/standard_key/java_dl/switch/while_and_switch.key took 0 ms to parse. 
51427      WARN  main            d.u.i.k.n.ParsingFacade   Parsing time 479 ms. 
52133      INFO  main            d.u.i.k.p.r.p.TestFile    ... finished proof: closed. 
52300      INFO  main            d.u.i.k.p.i.AbstractProblemLoader Loading environment from /home/runner/work/key/key/key.core/../key.ui/examples/standard_key/java_dl/switch/while_and_switch.key.proof 
52300      DEBUG main            d.u.i.k.p.i.AbstractProblemLoader Environment load took 121ns 
52300      WARN  main            d.u.i.k.n.ParsingFacade   /home/runner/work/key/key/key.core/../key.ui/examples/standard_key/java_dl/switch/while_and_switch.key.proof took 0 ms to parse. 
52300      WARN  main            d.u.i.k.n.ParsingFacade   Parsing time 479 ms. 
52301      INFO  main            d.u.i.k.p.i.AbstractProblemLoader Creating init config 
53125      WARN  main            d.u.i.k.n.ParsingFacade   file:/home/runner/work/key/key/key.core/build/resources/main/de/uka/ilkd/key/java/JavaRedux/java/lang/String.key took 1 ms to parse. 
53125      WARN  main            d.u.i.k.n.ParsingFacade   Parsing time 480 ms. 
54816      DEBUG main            d.u.i.k.p.i.AbstractProblemLoader Init config took 2.51s 
54863      INFO  main            d.u.i.k.p.i.AbstractProblemLoader Replaying proof WhileAndSwitch[WhileAndSwitch::m(int)].JML normal_behavior operation contract.0 
55000      DEBUG main            d.u.i.k.p.i.IntermediateProofReplayer Proof replay took 130.37ms 
55001      WARN  main            d.u.i.k.n.ParsingFacade   /home/runner/work/key/key/key.core/../key.ui/examples/standard_key/java_dl/switch/while_and_switch.key.proof took 1 ms to parse. 
55001      WARN  main            d.u.i.k.n.ParsingFacade   Parsing time 481 ms. 
55001      DEBUG main            d.u.i.k.p.r.p.TestFile    ... success: reloaded. 
55003      INFO  main            d.u.i.k.p.r.p.TestFile    Now processing file /home/runner/work/key/key/key.core/../key.ui/examples/standard_key/java_dl/switch/large_switch.key 
55003      INFO  main            d.u.i.k.p.i.AbstractProblemLoader Loading environment from /home/runner/work/key/key/key.core/../key.ui/examples/standard_key/java_dl/switch/large_switch.key 
55003      DEBUG main            d.u.i.k.p.i.AbstractProblemLoader Environment load took 162.5ns 
55003      WARN  main            d.u.i.k.n.ParsingFacade   /home/runner/work/key/key/key.core/../key.ui/examples/standard_key/java_dl/switch/large_switch.key took 0 ms to parse. 
55003      WARN  main            d.u.i.k.n.ParsingFacade   Parsing time 481 ms. 
55004      INFO  main            d.u.i.k.p.i.AbstractProblemLoader Creating init config 
55832      WARN  main            d.u.i.k.n.ParsingFacade   file:/home/runner/work/key/key/key.core/build/resources/main/de/uka/ilkd/key/java/JavaRedux/java/lang/String.key took 1 ms to parse. 
55832      WARN  main            d.u.i.k.n.ParsingFacade   Parsing time 482 ms. 
57472      DEBUG main            d.u.i.k.p.i.AbstractProblemLoader Init config took 2.47s 
57537      INFO  main            d.u.i.k.p.i.AbstractProblemLoader Replaying proof LargeSwitch[LargeSwitch::m(int)].JML normal_behavior operation contract.0 
57539      DEBUG main            d.u.i.k.p.i.IntermediateProofReplayer Proof replay took 5.5ns 
57539      WARN  main            d.u.i.k.n.ParsingFacade   /home/runner/work/key/key/key.core/../key.ui/examples/standard_key/java_dl/switch/large_switch.key took 0 ms to parse. 
57539      WARN  main            d.u.i.k.n.ParsingFacade   Parsing time 482 ms. 
58890      INFO  main            d.u.i.k.p.r.p.TestFile    ... finished proof: closed. 
59081      INFO  main            d.u.i.k.p.i.AbstractProblemLoader Loading environment from /home/runner/work/key/key/key.core/../key.ui/examples/standard_key/java_dl/switch/large_switch.key.proof 
59084      DEBUG main            d.u.i.k.p.i.AbstractProblemLoader Environment load took 3.2ms 
59085      WARN  main            d.u.i.k.n.ParsingFacade   /home/runner/work/key/key/key.core/../key.ui/examples/standard_key/java_dl/switch/large_switch.key.proof took 0 ms to parse. 
59085      WARN  main            d.u.i.k.n.ParsingFacade   Parsing time 482 ms. 
59086      INFO  main            d.u.i.k.p.i.AbstractProblemLoader Creating init config 
59932      WARN  main            d.u.i.k.n.ParsingFacade   file:/home/runner/work/key/key/key.core/build/resources/main/de/uka/ilkd/key/java/JavaRedux/java/lang/String.key took 1 ms to parse. 
59933      WARN  main            d.u.i.k.n.ParsingFacade   Parsing time 483 ms. 
61576      DEBUG main            d.u.i.k.p.i.AbstractProblemLoader Init config took 2.49s 
61621      INFO  main            d.u.i.k.p.i.AbstractProblemLoader Replaying proof LargeSwitch[LargeSwitch::m(int)].JML normal_behavior operation contract.0 
61959      DEBUG main            d.u.i.k.p.i.IntermediateProofReplayer Proof replay took 322.62ms 
61961      WARN  main            d.u.i.k.n.ParsingFacade   /home/runner/work/key/key/key.core/../key.ui/examples/standard_key/java_dl/switch/large_switch.key.proof took 0 ms to parse. 
61961      WARN  main            d.u.i.k.n.ParsingFacade   Parsing time 483 ms. 
61962      DEBUG main            d.u.i.k.p.r.p.TestFile    ... success: reloaded. 
5188701    INFO  Test worker     d.u.i.k.p.r.RunAllProofsTestUnit Returning from test switch 
5188701    INFO  Test worker     d.u.i.k.p.r.RunAllProofsTestUnit Running test redux 
341        INFO  Timeout watchdog d.u.i.k.p.r.p.ForkedTestFileRunner Timeout watcher launched (2000 secs.) 
356        WARN  main            d.u.i.k.s.ProofSettings   The settings in /home/runner/.key/proof-settings.props are *not* read. 
393        INFO  main            d.u.i.k.p.r.p.TestFile    Now processing file /home/runner/work/key/key/key.core/../key.ui/examples/redux/arrays/Arrays.copyOf.key 
527        INFO  main            d.u.i.k.p.i.AbstractProblemLoader Loading environment from /home/runner/work/key/key/key.core/../key.ui/examples/redux/arrays/Arrays.copyOf.key 
557        DEBUG main            d.u.i.k.p.i.AbstractProblemLoader Environment load took 1.8ms 
657        WARN  main            d.u.i.k.n.ParsingFacade   /home/runner/work/key/key/key.core/../key.ui/examples/redux/arrays/Arrays.copyOf.key took 15 ms to parse. 
659        WARN  main            d.u.i.k.n.ParsingFacade   Parsing time 15 ms. 
791        INFO  main            d.u.i.k.p.i.AbstractProblemLoader Creating init config 
802        WARN  main            d.u.i.k.n.ParsingFacade   file:/home/runner/work/key/key/key.core/build/resources/main/de/uka/ilkd/key/proof/rules/standardRules.key took 7 ms to parse. 
802        WARN  main            d.u.i.k.n.ParsingFacade   Parsing time 22 ms. 
813        WARN  main            d.u.i.k.n.ParsingFacade   file:/home/runner/work/key/key/key.core/build/resources/main/de/uka/ilkd/key/proof/rules/ldt.key took 2 ms to parse. 
813        WARN  main            d.u.i.k.n.ParsingFacade   Parsing time 24 ms. 
818        WARN  main            d.u.i.k.n.ParsingFacade   file:/home/runner/work/key/key/key.core/build/resources/main/de/uka/ilkd/key/proof/rules/boolean.key took 2 ms to parse. 
818        WARN  main            d.u.i.k.n.ParsingFacade   Parsing time 26 ms. 
834        WARN  main            d.u.i.k.n.ParsingFacade   file:/home/runner/work/key/key/key.core/build/resources/main/de/uka/ilkd/key/proof/rules/ruleSetsDeclarations.key took 8 ms to parse. 
834        WARN  main            d.u.i.k.n.ParsingFacade   Parsing time 34 ms. 
856        WARN  main            d.u.i.k.n.ParsingFacade   file:/home/runner/work/key/key/key.core/build/resources/main/de/uka/ilkd/key/proof/rules/integerHeader.key took 5 ms to parse. 
857        WARN  main            d.u.i.k.n.ParsingFacade   Parsing time 39 ms. 
859        WARN  main            d.u.i.k.n.ParsingFacade   file:/home/runner/work/key/key/key.core/build/resources/main/de/uka/ilkd/key/proof/rules/floatHeader.key took 1 ms to parse. 
859        WARN  main            d.u.i.k.n.ParsingFacade   Parsing time 40 ms. 
861        WARN  main            d.u.i.k.n.ParsingFacade   file:/home/runner/work/key/key/key.core/build/resources/main/de/uka/ilkd/key/proof/rules/heap.key took 1 ms to parse. 
861        WARN  main            d.u.i.k.n.ParsingFacade   Parsing time 41 ms. 
864        WARN  main            d.u.i.k.n.ParsingFacade   file:/home/runner/work/key/key/key.core/build/resources/main/de/uka/ilkd/key/proof/rules/locSets.key took 0 ms to parse. 
864        WARN  main            d.u.i.k.n.ParsingFacade   Parsing time 41 ms. 
865        WARN  main            d.u.i.k.n.ParsingFacade   file:/home/runner/work/key/key/key.core/build/resources/main/de/uka/ilkd/key/proof/rules/permission.key took 0 ms to parse. 
865        WARN  main            d.u.i.k.n.ParsingFacade   Parsing time 41 ms. 
866        WARN  main            d.u.i.k.n.ParsingFacade   file:/home/runner/work/key/key/key.core/build/resources/main/de/uka/ilkd/key/proof/rules/reach.key took 0 ms to parse. 
866        WARN  main            d.u.i.k.n.ParsingFacade   Parsing time 41 ms. 
867        WARN  main            d.u.i.k.n.ParsingFacade   file:/home/runner/work/key/key/key.core/build/resources/main/de/uka/ilkd/key/proof/rules/seq.key took 1 ms to parse. 
867        WARN  main            d.u.i.k.n.ParsingFacade   Parsing time 42 ms. 
890        WARN  main            d.u.i.k.n.ParsingFacade   file:/home/runner/work/key/key/key.core/build/resources/main/de/uka/ilkd/key/proof/rules/map.key took 22 ms to parse. 
890        WARN  main            d.u.i.k.n.ParsingFacade   Parsing time 64 ms. 
891        WARN  main            d.u.i.k.n.ParsingFacade   file:/home/runner/work/key/key/key.core/build/resources/main/de/uka/ilkd/key/proof/rules/freeADT.key took 0 ms to parse. 
891        WARN  main            d.u.i.k.n.ParsingFacade   Parsing time 64 ms. 
892        WARN  main            d.u.i.k.n.ParsingFacade   file:/home/runner/work/key/key/key.core/build/resources/main/de/uka/ilkd/key/proof/rules/wellfound.key took 0 ms to parse. 
892        WARN  main            d.u.i.k.n.ParsingFacade   Parsing time 64 ms. 
893        WARN  main            d.u.i.k.n.ParsingFacade   file:/home/runner/work/key/key/key.core/build/resources/main/de/uka/ilkd/key/proof/rules/charListHeader.key took 1 ms to parse. 
893        WARN  main            d.u.i.k.n.ParsingFacade   Parsing time 65 ms. 
1028       WARN  main            d.u.i.k.n.ParsingFacade   file:/home/runner/work/key/key/key.core/build/resources/main/de/uka/ilkd/key/proof/rules/propRule.key took 4 ms to parse. 
1028       WARN  main            d.u.i.k.n.ParsingFacade   Parsing time 69 ms. 
1051       WARN  main            d.u.i.k.n.ParsingFacade   file:/home/runner/work/key/key/key.core/build/resources/main/de/uka/ilkd/key/proof/rules/firstOrderRules.key took 4 ms to parse. 
1051       WARN  main            d.u.i.k.n.ParsingFacade   Parsing time 73 ms. 
1074       WARN  main            d.u.i.k.n.ParsingFacade   file:/home/runner/work/key/key/key.core/build/resources/main/de/uka/ilkd/key/proof/rules/ifThenElseRules.key took 5 ms to parse. 
1074       WARN  main            d.u.i.k.n.ParsingFacade   Parsing time 78 ms. 
1137       WARN  main            d.u.i.k.n.ParsingFacade   file:/home/runner/work/key/key/key.core/build/resources/main/de/uka/ilkd/key/proof/rules/formulaNormalisationRules.key took 31 ms to parse. 
1141       WARN  main            d.u.i.k.n.ParsingFacade   Parsing time 109 ms. 
1207       WARN  main            d.u.i.k.n.ParsingFacade   file:/home/runner/work/key/key/key.core/build/resources/main/de/uka/ilkd/key/proof/rules/updateRules.key took 4 ms to parse. 
1214       WARN  main            d.u.i.k.n.ParsingFacade   Parsing time 113 ms. 
1234       WARN  main            d.u.i.k.n.ParsingFacade   file:/home/runner/work/key/key/key.core/build/resources/main/de/uka/ilkd/key/proof/rules/integerRulesCommon.key took 1 ms to parse. 
1234       WARN  main            d.u.i.k.n.ParsingFacade   Parsing time 114 ms. 
1326       WARN  main            d.u.i.k.n.ParsingFacade   file:/home/runner/work/key/key/key.core/build/resources/main/de/uka/ilkd/key/proof/rules/intRules.key took 3 ms to parse. 
1326       WARN  main            d.u.i.k.n.ParsingFacade   Parsing time 117 ms. 
1339       WARN  main            d.u.i.k.n.ParsingFacade   file:/home/runner/work/key/key/key.core/build/resources/main/de/uka/ilkd/key/proof/rules/intRulesUncheckedSemantics.key took 2 ms to parse. 
1339       WARN  main            d.u.i.k.n.ParsingFacade   Parsing time 119 ms. 
1348       WARN  main            d.u.i.k.n.ParsingFacade   file:/home/runner/work/key/key/key.core/build/resources/main/de/uka/ilkd/key/proof/rules/intRulesCheckedSemantics.key took 1 ms to parse. 
1348       WARN  main            d.u.i.k.n.ParsingFacade   Parsing time 120 ms. 
1355       WARN  main            d.u.i.k.n.ParsingFacade   file:/home/runner/work/key/key/key.core/build/resources/main/de/uka/ilkd/key/proof/rules/intRulesJavaSemantics.key took 3 ms to parse. 
1361       WARN  main            d.u.i.k.n.ParsingFacade   Parsing time 123 ms. 
1425       WARN  main            d.u.i.k.n.ParsingFacade   file:/home/runner/work/key/key/key.core/build/resources/main/de/uka/ilkd/key/proof/rules/integerSimplificationRules.key took 46 ms to parse. 
1425       WARN  main            d.u.i.k.n.ParsingFacade   Parsing time 169 ms. 
1532       DEBUG main            d.u.i.k.j.TypeConverter   No LDT found for Meta 
1537       DEBUG main            d.u.i.k.j.TypeConverter   No LDT found for Meta 
1539       DEBUG main            d.u.i.k.j.TypeConverter   No LDT found for Meta 
1540       DEBUG main            d.u.i.k.j.TypeConverter   No LDT found for Meta 
1603       WARN  main            d.u.i.k.n.ParsingFacade   file:/home/runner/work/key/key/key.core/build/resources/main/de/uka/ilkd/key/proof/rules/intDiv.key took 10 ms to parse. 
1603       WARN  main            d.u.i.k.n.ParsingFacade   Parsing time 179 ms. 
1622       WARN  main            d.u.i.k.n.ParsingFacade   file:/home/runner/work/key/key/key.core/build/resources/main/de/uka/ilkd/key/proof/rules/bsum.key took 6 ms to parse. 
1622       WARN  main            d.u.i.k.n.ParsingFacade   Parsing time 185 ms. 
1646       WARN  main            d.u.i.k.n.ParsingFacade   file:/home/runner/work/key/key/key.core/build/resources/main/de/uka/ilkd/key/proof/rules/bprod.key took 2 ms to parse. 
1646       WARN  main            d.u.i.k.n.ParsingFacade   Parsing time 187 ms. 
1654       WARN  main            d.u.i.k.n.ParsingFacade   file:/home/runner/work/key/key/key.core/build/resources/main/de/uka/ilkd/key/proof/rules/binaryAxioms.key took 1 ms to parse. 
1654       WARN  main            d.u.i.k.n.ParsingFacade   Parsing time 188 ms. 
1657       WARN  main            d.u.i.k.n.ParsingFacade   file:/home/runner/work/key/key/key.core/build/resources/main/de/uka/ilkd/key/proof/rules/binaryLemmas.key took 1 ms to parse. 
1657       WARN  main            d.u.i.k.n.ParsingFacade   Parsing time 189 ms. 
1661       WARN  main            d.u.i.k.n.ParsingFacade   file:/home/runner/work/key/key/key.core/build/resources/main/de/uka/ilkd/key/proof/rules/intPow.key took 1 ms to parse. 
1661       WARN  main            d.u.i.k.n.ParsingFacade   Parsing time 190 ms. 
1670       WARN  main            d.u.i.k.n.ParsingFacade   file:/home/runner/work/key/key/key.core/build/resources/main/de/uka/ilkd/key/proof/rules/floatRulesCommon.key took 3 ms to parse. 
1670       WARN  main            d.u.i.k.n.ParsingFacade   Parsing time 193 ms. 
1679       WARN  main            d.u.i.k.n.ParsingFacade   file:/home/runner/work/key/key/key.core/build/resources/main/de/uka/ilkd/key/proof/rules/floatRules.key took 0 ms to parse. 
1679       WARN  main            d.u.i.k.n.ParsingFacade   Parsing time 193 ms. 
1680       WARN  main            d.u.i.k.n.ParsingFacade   file:/home/runner/work/key/key/key.core/build/resources/main/de/uka/ilkd/key/proof/rules/floatRulesVerifyNormal.key took 0 ms to parse. 
1680       WARN  main            d.u.i.k.n.ParsingFacade   Parsing time 193 ms. 
1683       WARN  main            d.u.i.k.n.ParsingFacade   file:/home/runner/work/key/key/key.core/build/resources/main/de/uka/ilkd/key/proof/rules/floatRulesAssumeStrictfp.key took 3 ms to parse. 
1683       WARN  main            d.u.i.k.n.ParsingFacade   Parsing time 196 ms. 
1698       WARN  main            d.u.i.k.n.ParsingFacade   file:/home/runner/work/key/key/key.core/build/resources/main/de/uka/ilkd/key/proof/rules/genericRules.key took 1 ms to parse. 
1699       WARN  main            d.u.i.k.n.ParsingFacade   Parsing time 197 ms. 
1731       WARN  main            d.u.i.k.n.ParsingFacade   file:/home/runner/work/key/key/key.core/build/resources/main/de/uka/ilkd/key/proof/rules/booleanRules.key took 1 ms to parse. 
1731       WARN  main            d.u.i.k.n.ParsingFacade   Parsing time 198 ms. 
1734       WARN  main            d.u.i.k.n.ParsingFacade   file:/home/runner/work/key/key/key.core/build/resources/main/de/uka/ilkd/key/proof/rules/epsilon.key took 0 ms to parse. 
1734       WARN  main            d.u.i.k.n.ParsingFacade   Parsing time 198 ms. 
1746       WARN  main            d.u.i.k.n.ParsingFacade   file:/home/runner/work/key/key/key.core/build/resources/main/de/uka/ilkd/key/proof/rules/locSetsRules.key took 7 ms to parse. 
1746       WARN  main            d.u.i.k.n.ParsingFacade   Parsing time 205 ms. 
1773       WARN  main            d.u.i.k.n.ParsingFacade   file:/home/runner/work/key/key/key.core/build/resources/main/de/uka/ilkd/key/proof/rules/heapRules.key took 6 ms to parse. 
1774       WARN  main            d.u.i.k.n.ParsingFacade   Parsing time 211 ms. 
1796       WARN  main            d.u.i.k.n.ParsingFacade   file:/home/runner/work/key/key/key.core/build/resources/main/de/uka/ilkd/key/proof/rules/permissionRules.key took 2 ms to parse. 
1796       WARN  main            d.u.i.k.n.ParsingFacade   Parsing time 213 ms. 
1807       WARN  main            d.u.i.k.n.ParsingFacade   file:/home/runner/work/key/key/key.core/build/resources/main/de/uka/ilkd/key/proof/rules/reachRules.key took 3 ms to parse. 
1807       WARN  main            d.u.i.k.n.ParsingFacade   Parsing time 216 ms. 
1816       WARN  main            d.u.i.k.n.ParsingFacade   file:/home/runner/work/key/key/key.core/build/resources/main/de/uka/ilkd/key/proof/rules/seqCoreRules.key took 1 ms to parse. 
1816       WARN  main            d.u.i.k.n.ParsingFacade   Parsing time 217 ms. 
1822       WARN  main            d.u.i.k.n.ParsingFacade   file:/home/runner/work/key/key/key.core/build/resources/main/de/uka/ilkd/key/proof/rules/seqRules.key took 4 ms to parse. 
1822       WARN  main            d.u.i.k.n.ParsingFacade   Parsing time 221 ms. 
1870       WARN  main            d.u.i.k.n.ParsingFacade   file:/home/runner/work/key/key/key.core/build/resources/main/de/uka/ilkd/key/proof/rules/seqPerm.key took 4 ms to parse. 
1870       WARN  main            d.u.i.k.n.ParsingFacade   Parsing time 225 ms. 
1884       WARN  main            d.u.i.k.n.ParsingFacade   file:/home/runner/work/key/key/key.core/build/resources/main/de/uka/ilkd/key/proof/rules/seqPerm2.key took 0 ms to parse. 
1884       WARN  main            d.u.i.k.n.ParsingFacade   Parsing time 225 ms. 
1939       WARN  main            d.u.i.k.n.ParsingFacade   file:/home/runner/work/key/key/key.core/build/resources/main/de/uka/ilkd/key/proof/rules/javaRules.key took 49 ms to parse. 
1939       WARN  main            d.u.i.k.n.ParsingFacade   Parsing time 274 ms. 
1948       WARN  main            d.u.i.k.n.ParsingFacade   file:/home/runner/work/key/key/key.core/build/resources/main/de/uka/ilkd/key/proof/rules/assertions.key took 1 ms to parse. 
1948       WARN  main            d.u.i.k.n.ParsingFacade   Parsing time 275 ms. 
2471       WARN  main            d.u.i.k.n.ParsingFacade   file:/home/runner/work/key/key/key.core/build/resources/main/de/uka/ilkd/key/proof/rules/loopRules.key took 2 ms to parse. 
2471       WARN  main            d.u.i.k.n.ParsingFacade   Parsing time 277 ms. 
2479       WARN  main            d.u.i.k.n.ParsingFacade   file:/home/runner/work/key/key/key.core/build/resources/main/de/uka/ilkd/key/proof/rules/activeUse.key took 2 ms to parse. 
2480       WARN  main            d.u.i.k.n.ParsingFacade   Parsing time 279 ms. 
2513       WARN  main            d.u.i.k.n.ParsingFacade   file:/home/runner/work/key/key/key.core/build/resources/main/de/uka/ilkd/key/proof/rules/instanceAllocation.key took 4 ms to parse. 
2513       WARN  main            d.u.i.k.n.ParsingFacade   Parsing time 283 ms. 
2522       WARN  main            d.u.i.k.n.ParsingFacade   file:/home/runner/work/key/key/key.core/build/resources/main/de/uka/ilkd/key/proof/rules/java5.key took 0 ms to parse. 
2522       WARN  main            d.u.i.k.n.ParsingFacade   Parsing time 283 ms. 
2527       WARN  main            d.u.i.k.n.ParsingFacade   file:/home/runner/work/key/key/key.core/build/resources/main/de/uka/ilkd/key/proof/rules/integerAssignment2UpdateRules.key took 3 ms to parse. 
2527       WARN  main            d.u.i.k.n.ParsingFacade   Parsing time 286 ms. 
2552       WARN  main            d.u.i.k.n.ParsingFacade   file:/home/runner/work/key/key/key.core/build/resources/main/de/uka/ilkd/key/proof/rules/floatAssignment2UpdateRules.key took 4 ms to parse. 
2553       WARN  main            d.u.i.k.n.ParsingFacade   Parsing time 290 ms. 
2568       WARN  main            d.u.i.k.n.ParsingFacade   file:/home/runner/work/key/key/key.core/build/resources/main/de/uka/ilkd/key/proof/rules/bigint.key took 1 ms to parse. 
2569       WARN  main            d.u.i.k.n.ParsingFacade   Parsing time 291 ms. 
2576       DEBUG main            d.u.i.k.j.TypeConverter   No LDT found for JavaBigintExpression 
2580       WARN  main            d.u.i.k.n.ParsingFacade   file:/home/runner/work/key/key/key.core/build/resources/main/de/uka/ilkd/key/proof/rules/adtProgramDecompositionRules.key took 2 ms to parse. 
2580       WARN  main            d.u.i.k.n.ParsingFacade   Parsing time 293 ms. 
2593       WARN  main            d.u.i.k.n.ParsingFacade   file:/home/runner/work/key/key/key.core/build/resources/main/de/uka/ilkd/key/proof/rules/precRules.key took 0 ms to parse. 
2593       WARN  main            d.u.i.k.n.ParsingFacade   Parsing time 293 ms. 
2597       WARN  main            d.u.i.k.n.ParsingFacade   file:/home/runner/work/key/key/key.core/build/resources/main/de/uka/ilkd/key/proof/rules/charListRules.key took 2 ms to parse. 
2597       WARN  main            d.u.i.k.n.ParsingFacade   Parsing time 295 ms. 
2605       WARN  main            d.u.i.k.n.ParsingFacade   file:/home/runner/work/key/key/key.core/build/resources/main/de/uka/ilkd/key/proof/rules/regExTheory.key took 1 ms to parse. 
2605       WARN  main            d.u.i.k.n.ParsingFacade   Parsing time 296 ms. 
2606       WARN  main            d.u.i.k.n.ParsingFacade   file:/home/runner/work/key/key/key.core/build/resources/main/de/uka/ilkd/key/proof/rules/regExHeader.key took 0 ms to parse. 
2606       WARN  main            d.u.i.k.n.ParsingFacade   Parsing time 296 ms. 
2607       WARN  main            d.u.i.k.n.ParsingFacade   file:/home/runner/work/key/key/key.core/build/resources/main/de/uka/ilkd/key/proof/rules/regExAxioms.key took 1 ms to parse. 
2607       WARN  main            d.u.i.k.n.ParsingFacade   Parsing time 297 ms. 
2610       WARN  main            d.u.i.k.n.ParsingFacade   file:/home/runner/work/key/key/key.core/build/resources/main/de/uka/ilkd/key/proof/rules/regExLemmaProven.key took 1 ms to parse. 
2610       WARN  main            d.u.i.k.n.ParsingFacade   Parsing time 298 ms. 
2618       WARN  main            d.u.i.k.n.ParsingFacade   file:/home/runner/work/key/key/key.core/build/resources/main/de/uka/ilkd/key/proof/rules/seqEq.key took 2 ms to parse. 
2618       WARN  main            d.u.i.k.n.ParsingFacade   Parsing time 300 ms. 
2624       WARN  main            d.u.i.k.n.ParsingFacade   file:/home/runner/work/key/key/key.core/build/resources/main/de/uka/ilkd/key/proof/rules/infFlow.key took 1 ms to parse. 
2626       WARN  main            d.u.i.k.n.ParsingFacade   Parsing time 301 ms. 
2630       WARN  main            d.u.i.k.n.ParsingFacade   file:/home/runner/work/key/key/key.core/build/resources/main/de/uka/ilkd/key/proof/rules/mapSize.key took 1 ms to parse. 
2631       WARN  main            d.u.i.k.n.ParsingFacade   Parsing time 302 ms. 
2633       WARN  main            d.u.i.k.n.ParsingFacade   file:/home/runner/work/key/key/key.core/build/resources/main/de/uka/ilkd/key/proof/rules/wd.key took 0 ms to parse. 
2633       WARN  main            d.u.i.k.n.ParsingFacade   Parsing time 302 ms. 
2637       WARN  main            d.u.i.k.n.ParsingFacade   file:/home/runner/work/key/key/key.core/build/resources/main/de/uka/ilkd/key/proof/rules/wdHeader.key took 0 ms to parse. 
2637       WARN  main            d.u.i.k.n.ParsingFacade   Parsing time 302 ms. 
2639       WARN  main            d.u.i.k.n.ParsingFacade   file:/home/runner/work/key/key/key.core/build/resources/main/de/uka/ilkd/key/proof/rules/wdGeneralRules.key took 1 ms to parse. 
2640       WARN  main            d.u.i.k.n.ParsingFacade   Parsing time 303 ms. 
2649       WARN  main            d.u.i.k.n.ParsingFacade   file:/home/runner/work/key/key/key.core/build/resources/main/de/uka/ilkd/key/proof/rules/wdNumericalRules.key took 5 ms to parse. 
2650       WARN  main            d.u.i.k.n.ParsingFacade   Parsing time 308 ms. 
2687       WARN  main            d.u.i.k.n.ParsingFacade   file:/home/runner/work/key/key/key.core/build/resources/main/de/uka/ilkd/key/proof/rules/wdLocSetRules.key took 1 ms to parse. 
2687       WARN  main            d.u.i.k.n.ParsingFacade   Parsing time 309 ms. 
2691       WARN  main            d.u.i.k.n.ParsingFacade   file:/home/runner/work/key/key/key.core/build/resources/main/de/uka/ilkd/key/proof/rules/wdHeapRules.key took 1 ms to parse. 
2691       WARN  main            d.u.i.k.n.ParsingFacade   Parsing time 310 ms. 
2694       WARN  main            d.u.i.k.n.ParsingFacade   file:/home/runner/work/key/key/key.core/build/resources/main/de/uka/ilkd/key/proof/rules/wdReachRules.key took 0 ms to parse. 
2694       WARN  main            d.u.i.k.n.ParsingFacade   Parsing time 310 ms. 
2696       WARN  main            d.u.i.k.n.ParsingFacade   file:/home/runner/work/key/key/key.core/build/resources/main/de/uka/ilkd/key/proof/rules/wdSeqRules.key took 1 ms to parse. 
2696       WARN  main            d.u.i.k.n.ParsingFacade   Parsing time 311 ms. 
2698       WARN  main            d.u.i.k.n.ParsingFacade   file:/home/runner/work/key/key/key.core/build/resources/main/de/uka/ilkd/key/proof/rules/wdStringRules.key took 0 ms to parse. 
2698       WARN  main            d.u.i.k.n.ParsingFacade   Parsing time 311 ms. 
2700       WARN  main            d.u.i.k.n.ParsingFacade   file:/home/runner/work/key/key/key.core/build/resources/main/de/uka/ilkd/key/proof/rules/wdRegExRules.key took 0 ms to parse. 
2700       WARN  main            d.u.i.k.n.ParsingFacade   Parsing time 311 ms. 
2705       WARN  main            d.u.i.k.n.ParsingFacade   file:/home/runner/work/key/key/key.core/build/resources/main/de/uka/ilkd/key/proof/rules/wdFormulaRules.key took 3 ms to parse. 
2705       WARN  main            d.u.i.k.n.ParsingFacade   Parsing time 314 ms. 
2714       WARN  main            d.u.i.k.n.ParsingFacade   file:/home/runner/work/key/key/key.core/build/resources/main/de/uka/ilkd/key/proof/rules/loopInvariantRules.key took 0 ms to parse. 
2714       WARN  main            d.u.i.k.n.ParsingFacade   Parsing time 314 ms. 
2716       WARN  main            d.u.i.k.n.ParsingFacade   file:/home/runner/work/key/key/key.core/build/resources/main/de/uka/ilkd/key/proof/rules/forLoopRules.key took 0 ms to parse. 
2716       WARN  main            d.u.i.k.n.ParsingFacade   Parsing time 314 ms. 
2723       WARN  main            d.u.i.k.n.ParsingFacade   file:/home/runner/work/key/key/key.core/build/resources/main/de/uka/ilkd/key/proof/rules/execRules.key took 4 ms to parse. 
2723       WARN  main            d.u.i.k.n.ParsingFacade   Parsing time 318 ms. 
2795       WARN  main            d.u.i.k.n.ParsingFacade   file:/home/runner/work/key/key/key.core/build/resources/main/de/uka/ilkd/key/proof/rules/loopScopeRules.key took 2 ms to parse. 
2796       WARN  main            d.u.i.k.n.ParsingFacade   Parsing time 320 ms. 
6272       WARN  main            d.u.i.k.n.ParsingFacade   file:/home/runner/work/key/key/key.core/build/resources/main/de/uka/ilkd/key/java/JavaRedux/java/lang/String.key took 4 ms to parse. 
6272       WARN  main            d.u.i.k.n.ParsingFacade   Parsing time 324 ms. 
8855       DEBUG main            d.u.i.k.p.i.AbstractProblemLoader Init config took 8.06s 
9040       INFO  main            d.u.i.k.p.i.AbstractProblemLoader Replaying proof Arrays[Arrays::copyOf([I,int)].JML normal_behavior operation contract.0 
9077       DEBUG main            d.u.i.k.p.i.IntermediateProofReplayer Proof replay took 29.4ns 
9079       WARN  main            d.u.i.k.n.ParsingFacade   /home/runner/work/key/key/key.core/../key.ui/examples/redux/arrays/Arrays.copyOf.key took 0 ms to parse. 
9079       WARN  main            d.u.i.k.n.ParsingFacade   Parsing time 324 ms. 
14641      INFO  main            d.u.i.k.p.r.p.TestFile    ... finished proof: closed. 
14827      INFO  main            d.u.i.k.p.i.AbstractProblemLoader Loading environment from /home/runner/work/key/key/key.core/../key.ui/examples/redux/arrays/Arrays.copyOf.key.proof 
14827      DEBUG main            d.u.i.k.p.i.AbstractProblemLoader Environment load took 196.3ns 
14829      WARN  main            d.u.i.k.n.ParsingFacade   /home/runner/work/key/key/key.core/../key.ui/examples/redux/arrays/Arrays.copyOf.key.proof took 1 ms to parse. 
14829      WARN  main            d.u.i.k.n.ParsingFacade   Parsing time 325 ms. 
14830      INFO  main            d.u.i.k.p.i.AbstractProblemLoader Creating init config 
16084      WARN  main            d.u.i.k.n.ParsingFacade   file:/home/runner/work/key/key/key.core/build/resources/main/de/uka/ilkd/key/java/JavaRedux/java/lang/String.key took 3 ms to parse. 
16084      WARN  main            d.u.i.k.n.ParsingFacade   Parsing time 328 ms. 
18272      DEBUG main            d.u.i.k.p.i.AbstractProblemLoader Init config took 3.44s 
18328      INFO  main            d.u.i.k.p.i.AbstractProblemLoader Replaying proof Arrays[Arrays::copyOf([I,int)].JML normal_behavior operation contract.0 
18875      DEBUG main            d.u.i.k.p.i.IntermediateProofReplayer Proof replay took 526.03ms 
18876      WARN  main            d.u.i.k.n.ParsingFacade   /home/runner/work/key/key/key.core/../key.ui/examples/redux/arrays/Arrays.copyOf.key.proof took 0 ms to parse. 
18876      WARN  main            d.u.i.k.n.ParsingFacade   Parsing time 328 ms. 
18884      DEBUG main            d.u.i.k.p.r.p.TestFile    ... success: reloaded. 
18885      INFO  main            d.u.i.k.p.r.p.TestFile    Now processing file /home/runner/work/key/key/key.core/../key.ui/examples/redux/arrays/Arrays.copyOf.float.key 
18885      INFO  main            d.u.i.k.p.i.AbstractProblemLoader Loading environment from /home/runner/work/key/key/key.core/../key.ui/examples/redux/arrays/Arrays.copyOf.float.key 
18885      DEBUG main            d.u.i.k.p.i.AbstractProblemLoader Environment load took 171ns 
18886      WARN  main            d.u.i.k.n.ParsingFacade   /home/runner/work/key/key/key.core/../key.ui/examples/redux/arrays/Arrays.copyOf.float.key took 0 ms to parse. 
18886      WARN  main            d.u.i.k.n.ParsingFacade   Parsing time 328 ms. 
18887      INFO  main            d.u.i.k.p.i.AbstractProblemLoader Creating init config 
19996      WARN  main            d.u.i.k.n.ParsingFacade   file:/home/runner/work/key/key/key.core/build/resources/main/de/uka/ilkd/key/java/JavaRedux/java/lang/String.key took 1 ms to parse. 
19996      WARN  main            d.u.i.k.n.ParsingFacade   Parsing time 329 ms. 
22154      DEBUG main            d.u.i.k.p.i.AbstractProblemLoader Init config took 3.27s 
22208      INFO  main            d.u.i.k.p.i.AbstractProblemLoader Replaying proof Arrays[Arrays::copyOf([F,int)].JML normal_behavior operation contract.0 
22210      DEBUG main            d.u.i.k.p.i.IntermediateProofReplayer Proof replay took 6.4ns 
22211      WARN  main            d.u.i.k.n.ParsingFacade   /home/runner/work/key/key/key.core/../key.ui/examples/redux/arrays/Arrays.copyOf.float.key took 0 ms to parse. 
22211      WARN  main            d.u.i.k.n.ParsingFacade   Parsing time 329 ms. 
22235      DEBUG main            d.u.i.k.m.s.ProofScriptEngine 1: 'macro autopilot' 
26657      DEBUG main            d.u.i.k.m.s.ProofScriptEngine 2: 'smt solver=Z3' 
26720      INFO  main            d.u.i.k.m.s.SMTCommand    Finished run on goal 17 in 40ms, result is valid 
26721      DEBUG main            d.u.i.k.m.s.ProofScriptEngine 3: 'tryclose' 
28509      INFO  main            d.u.i.k.p.r.p.TestFile    ... finished proof: closed. 
28703      INFO  main            d.u.i.k.p.i.AbstractProblemLoader Loading environment from /home/runner/work/key/key/key.core/../key.ui/examples/redux/arrays/Arrays.copyOf.float.key.proof 
28703      DEBUG main            d.u.i.k.p.i.AbstractProblemLoader Environment load took 366.91ns 
28706      WARN  main            d.u.i.k.n.ParsingFacade   /home/runner/work/key/key/key.core/../key.ui/examples/redux/arrays/Arrays.copyOf.float.key.proof took 0 ms to parse. 
28706      WARN  main            d.u.i.k.n.ParsingFacade   Parsing time 329 ms. 
28707      INFO  main            d.u.i.k.p.i.AbstractProblemLoader Creating init config 
29742      WARN  main            d.u.i.k.n.ParsingFacade   file:/home/runner/work/key/key/key.core/build/resources/main/de/uka/ilkd/key/java/JavaRedux/java/lang/String.key took 2 ms to parse. 
29742      WARN  main            d.u.i.k.n.ParsingFacade   Parsing time 331 ms. 
31849      DEBUG main            d.u.i.k.p.i.AbstractProblemLoader Init config took 3.14s 
31898      INFO  main            d.u.i.k.p.i.AbstractProblemLoader Replaying proof Arrays[Arrays::copyOf([F,int)].JML normal_behavior operation contract.0 
31976      INFO  main            d.u.i.k.s.SMTFocusResults Analyzing unsat core: (L_6) 
32615      DEBUG main            d.u.i.k.p.i.IntermediateProofReplayer Proof replay took 697.17ms 
32617      WARN  main            d.u.i.k.n.ParsingFacade   /home/runner/work/key/key/key.core/../key.ui/examples/redux/arrays/Arrays.copyOf.float.key.proof took 0 ms to parse. 
32617      WARN  main            d.u.i.k.n.ParsingFacade   Parsing time 331 ms. 
32618      DEBUG main            d.u.i.k.p.r.p.TestFile    ... success: reloaded. 
32619      INFO  main            d.u.i.k.p.r.p.TestFile    Now processing file /home/runner/work/key/key/key.core/../key.ui/examples/redux/arrays/Arrays.copyOfRange.key 
32619      INFO  main            d.u.i.k.p.i.AbstractProblemLoader Loading environment from /home/runner/work/key/key/key.core/../key.ui/examples/redux/arrays/Arrays.copyOfRange.key 
32619      DEBUG main            d.u.i.k.p.i.AbstractProblemLoader Environment load took 178ns 
32620      WARN  main            d.u.i.k.n.ParsingFacade   /home/runner/work/key/key/key.core/../key.ui/examples/redux/arrays/Arrays.copyOfRange.key took 0 ms to parse. 
32620      WARN  main            d.u.i.k.n.ParsingFacade   Parsing time 331 ms. 
32621      INFO  main            d.u.i.k.p.i.AbstractProblemLoader Creating init config 
33719      WARN  main            d.u.i.k.n.ParsingFacade   file:/home/runner/work/key/key/key.core/build/resources/main/de/uka/ilkd/key/java/JavaRedux/java/lang/String.key took 1 ms to parse. 
33719      WARN  main            d.u.i.k.n.ParsingFacade   Parsing time 332 ms. 
35826      DEBUG main            d.u.i.k.p.i.AbstractProblemLoader Init config took 3.2s 
35895      INFO  main            d.u.i.k.p.i.AbstractProblemLoader Replaying proof Arrays[Arrays::copyOfRange([I,int,int)].JML normal_behavior operation contract.0 
35897      DEBUG main            d.u.i.k.p.i.IntermediateProofReplayer Proof replay took 6.2ns 
35898      WARN  main            d.u.i.k.n.ParsingFacade   /home/runner/work/key/key/key.core/../key.ui/examples/redux/arrays/Arrays.copyOfRange.key took 0 ms to parse. 
35898      WARN  main            d.u.i.k.n.ParsingFacade   Parsing time 332 ms. 
40495      INFO  main            d.u.i.k.p.r.p.TestFile    ... finished proof: closed. 
40742      INFO  main            d.u.i.k.p.i.AbstractProblemLoader Loading environment from /home/runner/work/key/key/key.core/../key.ui/examples/redux/arrays/Arrays.copyOfRange.key.proof 
40743      DEBUG main            d.u.i.k.p.i.AbstractProblemLoader Environment load took 950.52ns 
40745      WARN  main            d.u.i.k.n.ParsingFacade   /home/runner/work/key/key/key.core/../key.ui/examples/redux/arrays/Arrays.copyOfRange.key.proof took 0 ms to parse. 
40745      WARN  main            d.u.i.k.n.ParsingFacade   Parsing time 332 ms. 
40746      INFO  main            d.u.i.k.p.i.AbstractProblemLoader Creating init config 
41806      WARN  main            d.u.i.k.n.ParsingFacade   file:/home/runner/work/key/key/key.core/build/resources/main/de/uka/ilkd/key/java/JavaRedux/java/lang/String.key took 2 ms to parse. 
41806      WARN  main            d.u.i.k.n.ParsingFacade   Parsing time 334 ms. 
43907      DEBUG main            d.u.i.k.p.i.AbstractProblemLoader Init config took 3.16s 
43957      INFO  main            d.u.i.k.p.i.AbstractProblemLoader Replaying proof Arrays[Arrays::copyOfRange([I,int,int)].JML normal_behavior operation contract.0 
44489      DEBUG main            d.u.i.k.p.i.IntermediateProofReplayer Proof replay took 511.26ms 
44490      WARN  main            d.u.i.k.n.ParsingFacade   /home/runner/work/key/key/key.core/../key.ui/examples/redux/arrays/Arrays.copyOfRange.key.proof took 0 ms to parse. 
44490      WARN  main            d.u.i.k.n.ParsingFacade   Parsing time 334 ms. 
44491      DEBUG main            d.u.i.k.p.r.p.TestFile    ... success: reloaded. 
44492      INFO  main            d.u.i.k.p.r.p.TestFile    Now processing file /home/runner/work/key/key/key.core/../key.ui/examples/redux/arrays/Arrays.copyOfRange.float.key 
44492      INFO  main            d.u.i.k.p.i.AbstractProblemLoader Loading environment from /home/runner/work/key/key/key.core/../key.ui/examples/redux/arrays/Arrays.copyOfRange.float.key 
44492      DEBUG main            d.u.i.k.p.i.AbstractProblemLoader Environment load took 174ns 
44492      WARN  main            d.u.i.k.n.ParsingFacade   /home/runner/work/key/key/key.core/../key.ui/examples/redux/arrays/Arrays.copyOfRange.float.key took 0 ms to parse. 
44493      WARN  main            d.u.i.k.n.ParsingFacade   Parsing time 334 ms. 
44493      INFO  main            d.u.i.k.p.i.AbstractProblemLoader Creating init config 
45532      WARN  main            d.u.i.k.n.ParsingFacade   file:/home/runner/work/key/key/key.core/build/resources/main/de/uka/ilkd/key/java/JavaRedux/java/lang/String.key took 1 ms to parse. 
45533      WARN  main            d.u.i.k.n.ParsingFacade   Parsing time 335 ms. 
47626      DEBUG main            d.u.i.k.p.i.AbstractProblemLoader Init config took 3.13s 
47670      INFO  main            d.u.i.k.p.i.AbstractProblemLoader Replaying proof Arrays[Arrays::copyOfRange([F,int,int)].JML normal_behavior operation contract.0 
47671      DEBUG main            d.u.i.k.p.i.IntermediateProofReplayer Proof replay took 5ns 
47672      WARN  main            d.u.i.k.n.ParsingFacade   /home/runner/work/key/key/key.core/../key.ui/examples/redux/arrays/Arrays.copyOfRange.float.key took 1 ms to parse. 
47672      WARN  main            d.u.i.k.n.ParsingFacade   Parsing time 336 ms. 
47672      DEBUG main            d.u.i.k.m.s.ProofScriptEngine 1: 'macro autopilot' 
53707      DEBUG main            d.u.i.k.m.s.ProofScriptEngine 2: 'smt solver=Z3' 
53752      INFO  main            d.u.i.k.m.s.SMTCommand    Finished run on goal 27 in 39ms, result is valid 
53752      DEBUG main            d.u.i.k.m.s.ProofScriptEngine 3: 'tryclose' 
57359      INFO  main            d.u.i.k.p.r.p.TestFile    ... finished proof: closed. 
57576      INFO  main            d.u.i.k.p.i.AbstractProblemLoader Loading environment from /home/runner/work/key/key/key.core/../key.ui/examples/redux/arrays/Arrays.copyOfRange.float.key.proof 
57577      DEBUG main            d.u.i.k.p.i.AbstractProblemLoader Environment load took 341.01ns 
57578      WARN  main            d.u.i.k.n.ParsingFacade   /home/runner/work/key/key/key.core/../key.ui/examples/redux/arrays/Arrays.copyOfRange.float.key.proof took 0 ms to parse. 
57578      WARN  main            d.u.i.k.n.ParsingFacade   Parsing time 336 ms. 
57579      INFO  main            d.u.i.k.p.i.AbstractProblemLoader Creating init config 
58590      WARN  main            d.u.i.k.n.ParsingFacade   file:/home/runner/work/key/key/key.core/build/resources/main/de/uka/ilkd/key/java/JavaRedux/java/lang/String.key took 1 ms to parse. 
58590      WARN  main            d.u.i.k.n.ParsingFacade   Parsing time 337 ms. 
60642      DEBUG main            d.u.i.k.p.i.AbstractProblemLoader Init config took 3.06s 
60683      INFO  main            d.u.i.k.p.i.AbstractProblemLoader Replaying proof Arrays[Arrays::copyOfRange([F,int,int)].JML normal_behavior operation contract.0 
60774      INFO  main            d.u.i.k.s.SMTFocusResults Analyzing unsat core: (L_8) 
61669      DEBUG main            d.u.i.k.p.i.IntermediateProofReplayer Proof replay took 961.48ms 
61670      WARN  main            d.u.i.k.n.ParsingFacade   /home/runner/work/key/key/key.core/../key.ui/examples/redux/arrays/Arrays.copyOfRange.float.key.proof took 0 ms to parse. 
61670      WARN  main            d.u.i.k.n.ParsingFacade   Parsing time 337 ms. 
61671      DEBUG main            d.u.i.k.p.r.p.TestFile    ... success: reloaded. 
61672      INFO  main            d.u.i.k.p.r.p.TestFile    Now processing file /home/runner/work/key/key/key.core/../key.ui/examples/redux/arrays/Arrays.equals.key 
61672      INFO  main            d.u.i.k.p.i.AbstractProblemLoader Loading environment from /home/runner/work/key/key/key.core/../key.ui/examples/redux/arrays/Arrays.equals.key 
61672      DEBUG main            d.u.i.k.p.i.AbstractProblemLoader Environment load took 133.8ns 
61672      WARN  main            d.u.i.k.n.ParsingFacade   /home/runner/work/key/key/key.core/../key.ui/examples/redux/arrays/Arrays.equals.key took 0 ms to parse. 
61672      WARN  main            d.u.i.k.n.ParsingFacade   Parsing time 337 ms. 
61676      INFO  main            d.u.i.k.p.i.AbstractProblemLoader Creating init config 
62776      WARN  main            d.u.i.k.n.ParsingFacade   file:/home/runner/work/key/key/key.core/build/resources/main/de/uka/ilkd/key/java/JavaRedux/java/lang/String.key took 2 ms to parse. 
62776      WARN  main            d.u.i.k.n.ParsingFacade   Parsing time 339 ms. 
64879      DEBUG main            d.u.i.k.p.i.AbstractProblemLoader Init config took 3.2s 
64945      INFO  main            d.u.i.k.p.i.AbstractProblemLoader Replaying proof Arrays[Arrays::equals([B,[B)].JML normal_behavior operation contract.0 
64946      DEBUG main            d.u.i.k.p.i.IntermediateProofReplayer Proof replay took 5.4ns 
64946      WARN  main            d.u.i.k.n.ParsingFacade   /home/runner/work/key/key/key.core/../key.ui/examples/redux/arrays/Arrays.equals.key took 0 ms to parse. 
64947      WARN  main            d.u.i.k.n.ParsingFacade   Parsing time 339 ms. 
65449      INFO  main            d.u.i.k.p.r.p.TestFile    ... finished proof: closed. 
65698      INFO  main            d.u.i.k.p.i.AbstractProblemLoader Loading environment from /home/runner/work/key/key/key.core/../key.ui/examples/redux/arrays/Arrays.equals.key.proof 
65698      DEBUG main            d.u.i.k.p.i.AbstractProblemLoader Environment load took 362.41ns 
65699      WARN  main            d.u.i.k.n.ParsingFacade   /home/runner/work/key/key/key.core/../key.ui/examples/redux/arrays/Arrays.equals.key.proof took 0 ms to parse. 
65699      WARN  main            d.u.i.k.n.ParsingFacade   Parsing time 339 ms. 
65700      INFO  main            d.u.i.k.p.i.AbstractProblemLoader Creating init config 
66703      WARN  main            d.u.i.k.n.ParsingFacade   file:/home/runner/work/key/key/key.core/build/resources/main/de/uka/ilkd/key/java/JavaRedux/java/lang/String.key took 1 ms to parse. 
66703      WARN  main            d.u.i.k.n.ParsingFacade   Parsing time 340 ms. 
68753      DEBUG main            d.u.i.k.p.i.AbstractProblemLoader Init config took 3.05s 
68790      INFO  main            d.u.i.k.p.i.AbstractProblemLoader Replaying proof Arrays[Arrays::equals([B,[B)].JML normal_behavior operation contract.0 
68935      DEBUG main            d.u.i.k.p.i.IntermediateProofReplayer Proof replay took 141.33ms 
68936      WARN  main            d.u.i.k.n.ParsingFacade   /home/runner/work/key/key/key.core/../key.ui/examples/redux/arrays/Arrays.equals.key.proof took 0 ms to parse. 
68936      WARN  main            d.u.i.k.n.ParsingFacade   Parsing time 340 ms. 
68937      DEBUG main            d.u.i.k.p.r.p.TestFile    ... success: reloaded. 
68938      INFO  main            d.u.i.k.p.r.p.TestFile    Now processing file /home/runner/work/key/key/key.core/../key.ui/examples/redux/arrays/Arrays.fill.key 
68938      INFO  main            d.u.i.k.p.i.AbstractProblemLoader Loading environment from /home/runner/work/key/key/key.core/../key.ui/examples/redux/arrays/Arrays.fill.key 
68938      DEBUG main            d.u.i.k.p.i.AbstractProblemLoader Environment load took 162.1ns 
68938      WARN  main            d.u.i.k.n.ParsingFacade   /home/runner/work/key/key/key.core/../key.ui/examples/redux/arrays/Arrays.fill.key took 0 ms to parse. 
68939      WARN  main            d.u.i.k.n.ParsingFacade   Parsing time 340 ms. 
68939      INFO  main            d.u.i.k.p.i.AbstractProblemLoader Creating init config 
69981      WARN  main            d.u.i.k.n.ParsingFacade   file:/home/runner/work/key/key/key.core/build/resources/main/de/uka/ilkd/key/java/JavaRedux/java/lang/String.key took 1 ms to parse. 
69981      WARN  main            d.u.i.k.n.ParsingFacade   Parsing time 341 ms. 
72033      DEBUG main            d.u.i.k.p.i.AbstractProblemLoader Init config took 3.09s 
72068      INFO  main            d.u.i.k.p.i.AbstractProblemLoader Replaying proof Arrays[Arrays::fill([I,int)].JML normal_behavior operation contract.0 
72069      DEBUG main            d.u.i.k.p.i.IntermediateProofReplayer Proof replay took 5.7ns 
72070      WARN  main            d.u.i.k.n.ParsingFacade   /home/runner/work/key/key/key.core/../key.ui/examples/redux/arrays/Arrays.fill.key took 0 ms to parse. 
72070      WARN  main            d.u.i.k.n.ParsingFacade   Parsing time 341 ms. 
72276      INFO  main            d.u.i.k.p.r.p.TestFile    ... finished proof: closed. 
72476      INFO  main            d.u.i.k.p.i.AbstractProblemLoader Loading environment from /home/runner/work/key/key/key.core/../key.ui/examples/redux/arrays/Arrays.fill.key.proof 
72476      DEBUG main            d.u.i.k.p.i.AbstractProblemLoader Environment load took 111.9ns 
72476      WARN  main            d.u.i.k.n.ParsingFacade   /home/runner/work/key/key/key.core/../key.ui/examples/redux/arrays/Arrays.fill.key.proof took 0 ms to parse. 
72476      WARN  main            d.u.i.k.n.ParsingFacade   Parsing time 341 ms. 
72477      INFO  main            d.u.i.k.p.i.AbstractProblemLoader Creating init config 
73472      WARN  main            d.u.i.k.n.ParsingFacade   file:/home/runner/work/key/key/key.core/build/resources/main/de/uka/ilkd/key/java/JavaRedux/java/lang/String.key took 0 ms to parse. 
73473      WARN  main            d.u.i.k.n.ParsingFacade   Parsing time 341 ms. 
75555      DEBUG main            d.u.i.k.p.i.AbstractProblemLoader Init config took 3.08s 
75593      INFO  main            d.u.i.k.p.i.AbstractProblemLoader Replaying proof Arrays[Arrays::fill([I,int)].JML normal_behavior operation contract.0 
75628      DEBUG main            d.u.i.k.p.i.IntermediateProofReplayer Proof replay took 31.43ms 
75628      WARN  main            d.u.i.k.n.ParsingFacade   /home/runner/work/key/key/key.core/../key.ui/examples/redux/arrays/Arrays.fill.key.proof took 0 ms to parse. 
75629      WARN  main            d.u.i.k.n.ParsingFacade   Parsing time 341 ms. 
75629      DEBUG main            d.u.i.k.p.r.p.TestFile    ... success: reloaded. 
75630      INFO  main            d.u.i.k.p.r.p.TestFile    Now processing file /home/runner/work/key/key/key.core/../key.ui/examples/redux/arrays/Arrays.fill.float.key 
75631      INFO  main            d.u.i.k.p.i.AbstractProblemLoader Loading environment from /home/runner/work/key/key/key.core/../key.ui/examples/redux/arrays/Arrays.fill.float.key 
75631      DEBUG main            d.u.i.k.p.i.AbstractProblemLoader Environment load took 158.6ns 
75631      WARN  main            d.u.i.k.n.ParsingFacade   /home/runner/work/key/key/key.core/../key.ui/examples/redux/arrays/Arrays.fill.float.key took 0 ms to parse. 
75631      WARN  main            d.u.i.k.n.ParsingFacade   Parsing time 341 ms. 
75632      INFO  main            d.u.i.k.p.i.AbstractProblemLoader Creating init config 
76635      WARN  main            d.u.i.k.n.ParsingFacade   file:/home/runner/work/key/key/key.core/build/resources/main/de/uka/ilkd/key/java/JavaRedux/java/lang/String.key took 1 ms to parse. 
76636      WARN  main            d.u.i.k.n.ParsingFacade   Parsing time 342 ms. 
78663      DEBUG main            d.u.i.k.p.i.AbstractProblemLoader Init config took 3.03s 
78698      INFO  main            d.u.i.k.p.i.AbstractProblemLoader Replaying proof Arrays[Arrays::fill([F,float)].JML normal_behavior operation contract.0 
78700      DEBUG main            d.u.i.k.p.i.IntermediateProofReplayer Proof replay took 6.1ns 
78700      WARN  main            d.u.i.k.n.ParsingFacade   /home/runner/work/key/key/key.core/../key.ui/examples/redux/arrays/Arrays.fill.float.key took 0 ms to parse. 
78700      WARN  main            d.u.i.k.n.ParsingFacade   Parsing time 342 ms. 
78902      INFO  main            d.u.i.k.p.r.p.TestFile    ... finished proof: closed. 
79096      INFO  main            d.u.i.k.p.i.AbstractProblemLoader Loading environment from /home/runner/work/key/key/key.core/../key.ui/examples/redux/arrays/Arrays.fill.float.key.proof 
79096      DEBUG main            d.u.i.k.p.i.AbstractProblemLoader Environment load took 107.5ns 
79096      WARN  main            d.u.i.k.n.ParsingFacade   /home/runner/work/key/key/key.core/../key.ui/examples/redux/arrays/Arrays.fill.float.key.proof took 0 ms to parse. 
79096      WARN  main            d.u.i.k.n.ParsingFacade   Parsing time 342 ms. 
79097      INFO  main            d.u.i.k.p.i.AbstractProblemLoader Creating init config 
80078      WARN  main            d.u.i.k.n.ParsingFacade   file:/home/runner/work/key/key/key.core/build/resources/main/de/uka/ilkd/key/java/JavaRedux/java/lang/String.key took 2 ms to parse. 
80078      WARN  main            d.u.i.k.n.ParsingFacade   Parsing time 344 ms. 
82130      DEBUG main            d.u.i.k.p.i.AbstractProblemLoader Init config took 3.03s 
82164      INFO  main            d.u.i.k.p.i.AbstractProblemLoader Replaying proof Arrays[Arrays::fill([F,float)].JML normal_behavior operation contract.0 
82207      DEBUG main            d.u.i.k.p.i.IntermediateProofReplayer Proof replay took 40.54ms 
82208      WARN  main            d.u.i.k.n.ParsingFacade   /home/runner/work/key/key/key.core/../key.ui/examples/redux/arrays/Arrays.fill.float.key.proof took 0 ms to parse. 
82208      WARN  main            d.u.i.k.n.ParsingFacade   Parsing time 344 ms. 
82208      DEBUG main            d.u.i.k.p.r.p.TestFile    ... success: reloaded. 
82209      INFO  main            d.u.i.k.p.r.p.TestFile    Now processing file /home/runner/work/key/key/key.core/../key.ui/examples/redux/arrays/Arrays.fillFromTo.key 
82209      INFO  main            d.u.i.k.p.i.AbstractProblemLoader Loading environment from /home/runner/work/key/key/key.core/../key.ui/examples/redux/arrays/Arrays.fillFromTo.key 
82209      DEBUG main            d.u.i.k.p.i.AbstractProblemLoader Environment load took 77.3ns 
82209      WARN  main            d.u.i.k.n.ParsingFacade   /home/runner/work/key/key/key.core/../key.ui/examples/redux/arrays/Arrays.fillFromTo.key took 0 ms to parse. 
82209      WARN  main            d.u.i.k.n.ParsingFacade   Parsing time 344 ms. 
82210      INFO  main            d.u.i.k.p.i.AbstractProblemLoader Creating init config 
83201      WARN  main            d.u.i.k.n.ParsingFacade   file:/home/runner/work/key/key/key.core/build/resources/main/de/uka/ilkd/key/java/JavaRedux/java/lang/String.key took 1 ms to parse. 
83201      WARN  main            d.u.i.k.n.ParsingFacade   Parsing time 345 ms. 
85238      DEBUG main            d.u.i.k.p.i.AbstractProblemLoader Init config took 3.03s 
85273      INFO  main            d.u.i.k.p.i.AbstractProblemLoader Replaying proof Arrays[Arrays::fill([I,int,int,int)].JML normal_behavior operation contract.0 
85274      DEBUG main            d.u.i.k.p.i.IntermediateProofReplayer Proof replay took 6ns 
85274      WARN  main            d.u.i.k.n.ParsingFacade   /home/runner/work/key/key/key.core/../key.ui/examples/redux/arrays/Arrays.fillFromTo.key took 0 ms to parse. 
85274      WARN  main            d.u.i.k.n.ParsingFacade   Parsing time 345 ms. 
85881      INFO  main            d.u.i.k.p.r.p.TestFile    ... finished proof: closed. 
86104      INFO  main            d.u.i.k.p.i.AbstractProblemLoader Loading environment from /home/runner/work/key/key/key.core/../key.ui/examples/redux/arrays/Arrays.fillFromTo.key.proof 
86104      DEBUG main            d.u.i.k.p.i.AbstractProblemLoader Environment load took 341.81ns 
86105      WARN  main            d.u.i.k.n.ParsingFacade   /home/runner/work/key/key/key.core/../key.ui/examples/redux/arrays/Arrays.fillFromTo.key.proof took 0 ms to parse. 
86105      WARN  main            d.u.i.k.n.ParsingFacade   Parsing time 345 ms. 
86106      INFO  main            d.u.i.k.p.i.AbstractProblemLoader Creating init config 
87107      WARN  main            d.u.i.k.n.ParsingFacade   file:/home/runner/work/key/key/key.core/build/resources/main/de/uka/ilkd/key/java/JavaRedux/java/lang/String.key took 0 ms to parse. 
87108      WARN  main            d.u.i.k.n.ParsingFacade   Parsing time 345 ms. 
89096      DEBUG main            d.u.i.k.p.i.AbstractProblemLoader Init config took 2.99s 
89130      INFO  main            d.u.i.k.p.i.AbstractProblemLoader Replaying proof Arrays[Arrays::fill([I,int,int,int)].JML normal_behavior operation contract.0 
89258      DEBUG main            d.u.i.k.p.i.IntermediateProofReplayer Proof replay took 124.63ms 
89259      WARN  main            d.u.i.k.n.ParsingFacade   /home/runner/work/key/key/key.core/../key.ui/examples/redux/arrays/Arrays.fillFromTo.key.proof took 0 ms to parse. 
89259      WARN  main            d.u.i.k.n.ParsingFacade   Parsing time 345 ms. 
89260      DEBUG main            d.u.i.k.p.r.p.TestFile    ... success: reloaded. 
89261      INFO  main            d.u.i.k.p.r.p.TestFile    Now processing file /home/runner/work/key/key/key.core/../key.ui/examples/redux/arrays/Arrays.fillFromTo.float.key 
89261      INFO  main            d.u.i.k.p.i.AbstractProblemLoader Loading environment from /home/runner/work/key/key/key.core/../key.ui/examples/redux/arrays/Arrays.fillFromTo.float.key 
89261      DEBUG main            d.u.i.k.p.i.AbstractProblemLoader Environment load took 152.4ns 
89261      WARN  main            d.u.i.k.n.ParsingFacade   /home/runner/work/key/key/key.core/../key.ui/examples/redux/arrays/Arrays.fillFromTo.float.key took 0 ms to parse. 
89261      WARN  main            d.u.i.k.n.ParsingFacade   Parsing time 345 ms. 
89262      INFO  main            d.u.i.k.p.i.AbstractProblemLoader Creating init config 
90273      WARN  main            d.u.i.k.n.ParsingFacade   file:/home/runner/work/key/key/key.core/build/resources/main/de/uka/ilkd/key/java/JavaRedux/java/lang/String.key took 1 ms to parse. 
90273      WARN  main            d.u.i.k.n.ParsingFacade   Parsing time 346 ms. 
92340      DEBUG main            d.u.i.k.p.i.AbstractProblemLoader Init config took 3.08s 
92374      INFO  main            d.u.i.k.p.i.AbstractProblemLoader Replaying proof Arrays[Arrays::fill([F,int,int,float)].JML normal_behavior operation contract.0 
92376      DEBUG main            d.u.i.k.p.i.IntermediateProofReplayer Proof replay took 5.9ns 
92376      WARN  main            d.u.i.k.n.ParsingFacade   /home/runner/work/key/key/key.core/../key.ui/examples/redux/arrays/Arrays.fillFromTo.float.key took 0 ms to parse. 
92376      WARN  main            d.u.i.k.n.ParsingFacade   Parsing time 346 ms. 
93080      INFO  main            d.u.i.k.p.r.p.TestFile    ... finished proof: closed. 
93298      INFO  main            d.u.i.k.p.i.AbstractProblemLoader Loading environment from /home/runner/work/key/key/key.core/../key.ui/examples/redux/arrays/Arrays.fillFromTo.float.key.proof 
93299      DEBUG main            d.u.i.k.p.i.AbstractProblemLoader Environment load took 449.41ns 
93299      WARN  main            d.u.i.k.n.ParsingFacade   /home/runner/work/key/key/key.core/../key.ui/examples/redux/arrays/Arrays.fillFromTo.float.key.proof took 0 ms to parse. 
93299      WARN  main            d.u.i.k.n.ParsingFacade   Parsing time 346 ms. 
93300      INFO  main            d.u.i.k.p.i.AbstractProblemLoader Creating init config 
94280      WARN  main            d.u.i.k.n.ParsingFacade   file:/home/runner/work/key/key/key.core/build/resources/main/de/uka/ilkd/key/java/JavaRedux/java/lang/String.key took 1 ms to parse. 
94281      WARN  main            d.u.i.k.n.ParsingFacade   Parsing time 347 ms. 
96321      DEBUG main            d.u.i.k.p.i.AbstractProblemLoader Init config took 3.02s 
96355      INFO  main            d.u.i.k.p.i.AbstractProblemLoader Replaying proof Arrays[Arrays::fill([F,int,int,float)].JML normal_behavior operation contract.0 
96505      DEBUG main            d.u.i.k.p.i.IntermediateProofReplayer Proof replay took 145.41ms 
96505      WARN  main            d.u.i.k.n.ParsingFacade   /home/runner/work/key/key/key.core/../key.ui/examples/redux/arrays/Arrays.fillFromTo.float.key.proof took 0 ms to parse. 
96506      WARN  main            d.u.i.k.n.ParsingFacade   Parsing time 347 ms. 
96506      DEBUG main            d.u.i.k.p.r.p.TestFile    ... success: reloaded. 
96507      INFO  main            d.u.i.k.p.r.p.TestFile    Now processing file /home/runner/work/key/key/key.core/../key.ui/examples/redux/arrays/ArrayCopy.arraycopy.normal.0.key 
96507      INFO  main            d.u.i.k.p.i.AbstractProblemLoader Loading environment from /home/runner/work/key/key/key.core/../key.ui/examples/redux/arrays/ArrayCopy.arraycopy.normal.0.key 
96507      DEBUG main            d.u.i.k.p.i.AbstractProblemLoader Environment load took 162.6ns 
96508      WARN  main            d.u.i.k.n.ParsingFacade   /home/runner/work/key/key/key.core/../key.ui/examples/redux/arrays/ArrayCopy.arraycopy.normal.0.key took 0 ms to parse. 
96508      WARN  main            d.u.i.k.n.ParsingFacade   Parsing time 347 ms. 
96509      INFO  main            d.u.i.k.p.i.AbstractProblemLoader Creating init config 
97503      WARN  main            d.u.i.k.n.ParsingFacade   file:/home/runner/work/key/key/key.core/build/resources/main/de/uka/ilkd/key/java/JavaRedux/java/lang/String.key took 1 ms to parse. 
97503      WARN  main            d.u.i.k.n.ParsingFacade   Parsing time 348 ms. 
99546      DEBUG main            d.u.i.k.p.i.AbstractProblemLoader Init config took 3.04s 
99580      INFO  main            d.u.i.k.p.i.AbstractProblemLoader Replaying proof ArrayCopy[ArrayCopy::arraycopy(java.lang.Object,int,java.lang.Object,int,int)].JML normal_behavior operation contract.0 
99581      DEBUG main            d.u.i.k.p.i.IntermediateProofReplayer Proof replay took 5.9ns 
99581      WARN  main            d.u.i.k.n.ParsingFacade   /home/runner/work/key/key/key.core/../key.ui/examples/redux/arrays/ArrayCopy.arraycopy.normal.0.key took 0 ms to parse. 
99582      WARN  main            d.u.i.k.n.ParsingFacade   Parsing time 348 ms. 
105822     INFO  main            d.u.i.k.p.r.p.TestFile    ... finished proof: closed. 
106059     INFO  main            d.u.i.k.p.i.AbstractProblemLoader Loading environment from /home/runner/work/key/key/key.core/../key.ui/examples/redux/arrays/ArrayCopy.arraycopy.normal.0.key.proof 
106059     DEBUG main            d.u.i.k.p.i.AbstractProblemLoader Environment load took 319.51ns 
106060     WARN  main            d.u.i.k.n.ParsingFacade   /home/runner/work/key/key/key.core/../key.ui/examples/redux/arrays/ArrayCopy.arraycopy.normal.0.key.proof took 0 ms to parse. 
106060     WARN  main            d.u.i.k.n.ParsingFacade   Parsing time 348 ms. 
106061     INFO  main            d.u.i.k.p.i.AbstractProblemLoader Creating init config 
107040     WARN  main            d.u.i.k.n.ParsingFacade   file:/home/runner/work/key/key/key.core/build/resources/main/de/uka/ilkd/key/java/JavaRedux/java/lang/String.key took 1 ms to parse. 
107040     WARN  main            d.u.i.k.n.ParsingFacade   Parsing time 349 ms. 
109040     DEBUG main            d.u.i.k.p.i.AbstractProblemLoader Init config took 2.98s 
109075     INFO  main            d.u.i.k.p.i.AbstractProblemLoader Replaying proof ArrayCopy[ArrayCopy::arraycopy(java.lang.Object,int,java.lang.Object,int,int)].JML normal_behavior operation contract.0 
109990     DEBUG main            d.u.i.k.p.i.IntermediateProofReplayer Proof replay took 899.39ms 
109991     WARN  main            d.u.i.k.n.ParsingFacade   /home/runner/work/key/key/key.core/../key.ui/examples/redux/arrays/ArrayCopy.arraycopy.normal.0.key.proof took 0 ms to parse. 
109992     WARN  main            d.u.i.k.n.ParsingFacade   Parsing time 349 ms. 
109992     DEBUG main            d.u.i.k.p.r.p.TestFile    ... success: reloaded. 
109993     INFO  main            d.u.i.k.p.r.p.TestFile    Now processing file /home/runner/work/key/key/key.core/../key.ui/examples/redux/arrays/ArrayCopy.arraycopy.exceptional.0.key 
109993     INFO  main            d.u.i.k.p.i.AbstractProblemLoader Loading environment from /home/runner/work/key/key/key.core/../key.ui/examples/redux/arrays/ArrayCopy.arraycopy.exceptional.0.key 
109993     DEBUG main            d.u.i.k.p.i.AbstractProblemLoader Environment load took 156.9ns 
109994     WARN  main            d.u.i.k.n.ParsingFacade   /home/runner/work/key/key/key.core/../key.ui/examples/redux/arrays/ArrayCopy.arraycopy.exceptional.0.key took 1 ms to parse. 
109994     WARN  main            d.u.i.k.n.ParsingFacade   Parsing time 350 ms. 
109994     INFO  main            d.u.i.k.p.i.AbstractProblemLoader Creating init config 
111042     WARN  main            d.u.i.k.n.ParsingFacade   file:/home/runner/work/key/key/key.core/build/resources/main/de/uka/ilkd/key/java/JavaRedux/java/lang/String.key took 1 ms to parse. 
111042     WARN  main            d.u.i.k.n.ParsingFacade   Parsing time 351 ms. 
113073     DEBUG main            d.u.i.k.p.i.AbstractProblemLoader Init config took 3.08s 
113124     INFO  main            d.u.i.k.p.i.AbstractProblemLoader Replaying proof ArrayCopy[ArrayCopy::arraycopy(java.lang.Object,int,java.lang.Object,int,int)].JML exceptional_behavior operation contract.0 
113125     DEBUG main            d.u.i.k.p.i.IntermediateProofReplayer Proof replay took 5.4ns 
113125     WARN  main            d.u.i.k.n.ParsingFacade   /home/runner/work/key/key/key.core/../key.ui/examples/redux/arrays/ArrayCopy.arraycopy.exceptional.0.key took 0 ms to parse. 
113125     WARN  main            d.u.i.k.n.ParsingFacade   Parsing time 351 ms. 
113528     INFO  main            d.u.i.k.p.r.p.TestFile    ... finished proof: closed. 
113737     INFO  main            d.u.i.k.p.i.AbstractProblemLoader Loading environment from /home/runner/work/key/key/key.core/../key.ui/examples/redux/arrays/ArrayCopy.arraycopy.exceptional.0.key.proof 
113737     DEBUG main            d.u.i.k.p.i.AbstractProblemLoader Environment load took 98ns 
113738     WARN  main            d.u.i.k.n.ParsingFacade   /home/runner/work/key/key/key.core/../key.ui/examples/redux/arrays/ArrayCopy.arraycopy.exceptional.0.key.proof took 0 ms to parse. 
113738     WARN  main            d.u.i.k.n.ParsingFacade   Parsing time 351 ms. 
113738     INFO  main            d.u.i.k.p.i.AbstractProblemLoader Creating init config 
114727     WARN  main            d.u.i.k.n.ParsingFacade   file:/home/runner/work/key/key/key.core/build/resources/main/de/uka/ilkd/key/java/JavaRedux/java/lang/String.key took 1 ms to parse. 
114727     WARN  main            d.u.i.k.n.ParsingFacade   Parsing time 352 ms. 
116733     DEBUG main            d.u.i.k.p.i.AbstractProblemLoader Init config took 2.99s 
116765     INFO  main            d.u.i.k.p.i.AbstractProblemLoader Replaying proof ArrayCopy[ArrayCopy::arraycopy(java.lang.Object,int,java.lang.Object,int,int)].JML exceptional_behavior operation contract.0 
116887     DEBUG main            d.u.i.k.p.i.IntermediateProofReplayer Proof replay took 119.55ms 
116888     WARN  main            d.u.i.k.n.ParsingFacade   /home/runner/work/key/key/key.core/../key.ui/examples/redux/arrays/ArrayCopy.arraycopy.exceptional.0.key.proof took 0 ms to parse. 
116888     WARN  main            d.u.i.k.n.ParsingFacade   Parsing time 352 ms. 
116888     DEBUG main            d.u.i.k.p.r.p.TestFile    ... success: reloaded. 
116889     INFO  main            d.u.i.k.p.r.p.TestFile    Now processing file /home/runner/work/key/key/key.core/../key.ui/examples/redux/arrays/ArrayCopy.arraycopy.exceptional.1.key 
116889     INFO  main            d.u.i.k.p.i.AbstractProblemLoader Loading environment from /home/runner/work/key/key/key.core/../key.ui/examples/redux/arrays/ArrayCopy.arraycopy.exceptional.1.key 
116889     DEBUG main            d.u.i.k.p.i.AbstractProblemLoader Environment load took 88.5ns 
116889     WARN  main            d.u.i.k.n.ParsingFacade   /home/runner/work/key/key/key.core/../key.ui/examples/redux/arrays/ArrayCopy.arraycopy.exceptional.1.key took 0 ms to parse. 
116889     WARN  main            d.u.i.k.n.ParsingFacade   Parsing time 352 ms. 
116890     INFO  main            d.u.i.k.p.i.AbstractProblemLoader Creating init config 
117891     WARN  main            d.u.i.k.n.ParsingFacade   file:/home/runner/work/key/key/key.core/build/resources/main/de/uka/ilkd/key/java/JavaRedux/java/lang/String.key took 1 ms to parse. 
117891     WARN  main            d.u.i.k.n.ParsingFacade   Parsing time 353 ms. 
119949     DEBUG main            d.u.i.k.p.i.AbstractProblemLoader Init config took 3.06s 
119982     INFO  main            d.u.i.k.p.i.AbstractProblemLoader Replaying proof ArrayCopy[ArrayCopy::arraycopy(java.lang.Object,int,java.lang.Object,int,int)].JML exceptional_behavior operation contract.1 
119983     DEBUG main            d.u.i.k.p.i.IntermediateProofReplayer Proof replay took 5.9ns 
119983     WARN  main            d.u.i.k.n.ParsingFacade   /home/runner/work/key/key/key.core/../key.ui/examples/redux/arrays/ArrayCopy.arraycopy.exceptional.1.key took 0 ms to parse. 
119984     WARN  main            d.u.i.k.n.ParsingFacade   Parsing time 353 ms. 
126147     INFO  main            d.u.i.k.p.r.p.TestFile    ... finished proof: closed. 
126381     INFO  main            d.u.i.k.p.i.AbstractProblemLoader Loading environment from /home/runner/work/key/key/key.core/../key.ui/examples/redux/arrays/ArrayCopy.arraycopy.exceptional.1.key.proof 
126381     DEBUG main            d.u.i.k.p.i.AbstractProblemLoader Environment load took 158.6ns 
126382     WARN  main            d.u.i.k.n.ParsingFacade   /home/runner/work/key/key/key.core/../key.ui/examples/redux/arrays/ArrayCopy.arraycopy.exceptional.1.key.proof took 0 ms to parse. 
126382     WARN  main            d.u.i.k.n.ParsingFacade   Parsing time 353 ms. 
126383     INFO  main            d.u.i.k.p.i.AbstractProblemLoader Creating init config 
127358     WARN  main            d.u.i.k.n.ParsingFacade   file:/home/runner/work/key/key/key.core/build/resources/main/de/uka/ilkd/key/java/JavaRedux/java/lang/String.key took 1 ms to parse. 
127358     WARN  main            d.u.i.k.n.ParsingFacade   Parsing time 354 ms. 
129374     DEBUG main            d.u.i.k.p.i.AbstractProblemLoader Init config took 2.99s 
129406     INFO  main            d.u.i.k.p.i.AbstractProblemLoader Replaying proof ArrayCopy[ArrayCopy::arraycopy(java.lang.Object,int,java.lang.Object,int,int)].JML exceptional_behavior operation contract.1 
130926     DEBUG main            d.u.i.k.p.i.IntermediateProofReplayer Proof replay took 1.5s 
130927     WARN  main            d.u.i.k.n.ParsingFacade   /home/runner/work/key/key/key.core/../key.ui/examples/redux/arrays/ArrayCopy.arraycopy.exceptional.1.key.proof took 0 ms to parse. 
130927     WARN  main            d.u.i.k.n.ParsingFacade   Parsing time 354 ms. 
130928     DEBUG main            d.u.i.k.p.r.p.TestFile    ... success: reloaded. 
5319800    INFO  Test worker     d.u.i.k.p.r.RunAllProofsTestUnit Returning from test redux 
]]></system-out>
  <system-err><![CDATA[]]></system-err>
</testsuite>
