<?xml version="1.0" encoding="UTF-8"?>
<testsuite name="de.uka.ilkd.key.util.pp.TestLayouter" tests="10" skipped="0" failures="0" errors="0" timestamp="2023-03-22T17:36:10" hostname="fv-az176-299" time="0.013">
  <properties/>
  <testcase name="testNarrowInd()" classname="de.uka.ilkd.key.util.pp.TestLayouter" time="0.002"/>
  <testcase name="testNarrowPre()" classname="de.uka.ilkd.key.util.pp.TestLayouter" time="0.0"/>
  <testcase name="testWideConsistent()" classname="de.uka.ilkd.key.util.pp.TestLayouter" time="0.001"/>
  <testcase name="testMark()" classname="de.uka.ilkd.key.util.pp.TestLayouter" time="0.0"/>
  <testcase name="testSixInconsistent()" classname="de.uka.ilkd.key.util.pp.TestLayouter" time="0.0"/>
  <testcase name="testWideInconsistent()" classname="de.uka.ilkd.key.util.pp.TestLayouter" time="0.001"/>
  <testcase name="testNarrowInconsistent()" classname="de.uka.ilkd.key.util.pp.TestLayouter" time="0.0"/>
  <testcase name="testWideInd()" classname="de.uka.ilkd.key.util.pp.TestLayouter" time="0.001"/>
  <testcase name="testWidePre()" classname="de.uka.ilkd.key.util.pp.TestLayouter" time="0.0"/>
  <testcase name="testNarrowConsistent()" classname="de.uka.ilkd.key.util.pp.TestLayouter" time="0.0"/>
  <system-out><![CDATA[]]></system-out>
  <system-err><![CDATA[]]></system-err>
</testsuite>
