<?xml version="1.0" encoding="UTF-8"?>
<testsuite name="de.uka.ilkd.key.proof.runallproofs.RunAllProofsFunctional" tests="34" skipped="0" failures="6" errors="0" timestamp="2023-05-23T10:06:08" hostname="fv-az419-691" time="5325.995">
  <properties/>
  <testcase name="newBook" classname="de.uka.ilkd.key.proof.runallproofs.RunAllProofsFunctional" time="61.564"/>
  <testcase name="oldBook" classname="de.uka.ilkd.key.proof.runallproofs.RunAllProofsFunctional" time="18.069"/>
  <testcase name="comprehensions" classname="de.uka.ilkd.key.proof.runallproofs.RunAllProofsFunctional" time="66.846"/>
  <testcase name="performance" classname="de.uka.ilkd.key.proof.runallproofs.RunAllProofsFunctional" time="231.786">
    <failure message="org.opentest4j.AssertionFailedError: group performance:&#10;pass: Verifying property &quot;provable&quot; was successful for file: /home/runner/work/key/key/key.core/../key.ui/examples/performance-test/Disjoint(Disjoint__disjoint_08()).JML_operation_contract.0.key&#10;pass: Verifying property &quot;provable&quot; was successful for file: /home/runner/work/key/key/key.core/../key.ui/examples/performance-test/Disjoint(Disjoint__disjoint2_08()).JML_operation_contract.0.key&#10;pass: Verifying property &quot;provable&quot; was successful for file: /home/runner/work/key/key/key.core/../key.ui/examples/performance-test/AccessChain1(AccessChain1__foo_08()).JML_operation_contract.0.key&#10;pass: Verifying property &quot;provable&quot; was successful for file: /home/runner/work/key/key/key.core/../key.ui/examples/performance-test/AccessChain4(AccessChain4__foo_08()).JML_operation_contract.0.key&#10;pass: Verifying property &quot;provable&quot; was successful for file: /home/runner/work/key/key/key.core/../key.ui/examples/performance-test/Disjoint(Disjoint__xZero_08()).JML_operation_contract.0.key&#10;FAIL: Verifying property &quot;provable&quot; failed for file: /home/runner/work/key/key/key.core/../key.ui/examples/performance-test/Dynamic(Dynamic__foo_08()).JML_operation_contract.0.key&#10;pass: Verifying property &quot;provable&quot; was successful for file: /home/runner/work/key/key/key.core/../key.ui/examples/performance-test/DynamicGhost(DynamicGhost__dynamicGhost_08()).JML_normal_behavior_operation_contract.0.key&#10;pass: Verifying property &quot;provable&quot; was successful for file: /home/runner/work/key/key/key.core/../key.ui/examples/performance-test/GhostFrame(GhostFrame__foo_08()).JML_operation_contract.0.key&#10;FAIL: Verifying property &quot;provable&quot; failed for file: /home/runner/work/key/key/key.core/../key.ui/examples/performance-test/Modelfield(Modelfield__foo_08()).JML_operation_contract.0.key&#10; ==&gt; expected: &lt;true&gt; but was: &lt;false&gt;" type="org.opentest4j.AssertionFailedError">org.opentest4j.AssertionFailedError: group performance:
pass: Verifying property &quot;provable&quot; was successful for file: /home/runner/work/key/key/key.core/../key.ui/examples/performance-test/Disjoint(Disjoint__disjoint_08()).JML_operation_contract.0.key
pass: Verifying property &quot;provable&quot; was successful for file: /home/runner/work/key/key/key.core/../key.ui/examples/performance-test/Disjoint(Disjoint__disjoint2_08()).JML_operation_contract.0.key
pass: Verifying property &quot;provable&quot; was successful for file: /home/runner/work/key/key/key.core/../key.ui/examples/performance-test/AccessChain1(AccessChain1__foo_08()).JML_operation_contract.0.key
pass: Verifying property &quot;provable&quot; was successful for file: /home/runner/work/key/key/key.core/../key.ui/examples/performance-test/AccessChain4(AccessChain4__foo_08()).JML_operation_contract.0.key
pass: Verifying property &quot;provable&quot; was successful for file: /home/runner/work/key/key/key.core/../key.ui/examples/performance-test/Disjoint(Disjoint__xZero_08()).JML_operation_contract.0.key
FAIL: Verifying property &quot;provable&quot; failed for file: /home/runner/work/key/key/key.core/../key.ui/examples/performance-test/Dynamic(Dynamic__foo_08()).JML_operation_contract.0.key
pass: Verifying property &quot;provable&quot; was successful for file: /home/runner/work/key/key/key.core/../key.ui/examples/performance-test/DynamicGhost(DynamicGhost__dynamicGhost_08()).JML_normal_behavior_operation_contract.0.key
pass: Verifying property &quot;provable&quot; was successful for file: /home/runner/work/key/key/key.core/../key.ui/examples/performance-test/GhostFrame(GhostFrame__foo_08()).JML_operation_contract.0.key
FAIL: Verifying property &quot;provable&quot; failed for file: /home/runner/work/key/key/key.core/../key.ui/examples/performance-test/Modelfield(Modelfield__foo_08()).JML_operation_contract.0.key
 ==&gt; expected: &lt;true&gt; but was: &lt;false&gt;
	at app//org.junit.jupiter.api.AssertionFailureBuilder.build(AssertionFailureBuilder.java:151)
	at app//org.junit.jupiter.api.AssertionFailureBuilder.buildAndThrow(AssertionFailureBuilder.java:132)
	at app//org.junit.jupiter.api.AssertTrue.failNotTrue(AssertTrue.java:63)
	at app//org.junit.jupiter.api.AssertTrue.assertTrue(AssertTrue.java:36)
	at app//org.junit.jupiter.api.Assertions.assertTrue(Assertions.java:211)
	at app//de.uka.ilkd.key.proof.runallproofs.RunAllProofsTest.lambda$data$0(RunAllProofsTest.java:78)
	at app//org.junit.jupiter.engine.descriptor.DynamicTestTestDescriptor.lambda$execute$0(DynamicTestTestDescriptor.java:53)
	at app//org.junit.jupiter.engine.execution.InvocationInterceptorChain$ValidatingInvocation.proceed(InvocationInterceptorChain.java:131)
	at app//org.junit.jupiter.api.extension.InvocationInterceptor.interceptDynamicTest(InvocationInterceptor.java:167)
	at app//org.junit.jupiter.api.extension.InvocationInterceptor.interceptDynamicTest(InvocationInterceptor.java:184)
	at app//org.junit.jupiter.engine.descriptor.DynamicTestTestDescriptor.lambda$execute$1(DynamicTestTestDescriptor.java:61)
	at app//org.junit.jupiter.engine.execution.InvocationInterceptorChain$InterceptorCall.lambda$ofVoid$0(InvocationInterceptorChain.java:78)
	at app//org.junit.jupiter.engine.execution.InvocationInterceptorChain$InterceptedInvocation.proceed(InvocationInterceptorChain.java:106)
	at app//org.junit.jupiter.engine.execution.InvocationInterceptorChain.proceed(InvocationInterceptorChain.java:64)
	at app//org.junit.jupiter.engine.execution.InvocationInterceptorChain.chainAndInvoke(InvocationInterceptorChain.java:45)
	at app//org.junit.jupiter.engine.execution.InvocationInterceptorChain.invoke(InvocationInterceptorChain.java:37)
	at app//org.junit.jupiter.engine.descriptor.DynamicTestTestDescriptor.execute(DynamicTestTestDescriptor.java:60)
	at app//org.junit.jupiter.engine.descriptor.DynamicTestTestDescriptor.execute(DynamicTestTestDescriptor.java:32)
	at app//org.junit.platform.engine.support.hierarchical.NodeTestTask.lambda$executeRecursively$6(NodeTestTask.java:151)
	at app//org.junit.platform.engine.support.hierarchical.ThrowableCollector.execute(ThrowableCollector.java:73)
	at app//org.junit.platform.engine.support.hierarchical.NodeTestTask.lambda$executeRecursively$8(NodeTestTask.java:141)
	at app//org.junit.platform.engine.support.hierarchical.Node.around(Node.java:137)
	at app//org.junit.platform.engine.support.hierarchical.NodeTestTask.lambda$executeRecursively$9(NodeTestTask.java:139)
	at app//org.junit.platform.engine.support.hierarchical.ThrowableCollector.execute(ThrowableCollector.java:73)
	at app//org.junit.platform.engine.support.hierarchical.NodeTestTask.executeRecursively(NodeTestTask.java:138)
	at app//org.junit.platform.engine.support.hierarchical.NodeTestTask.execute(NodeTestTask.java:95)
	at app//org.junit.platform.engine.support.hierarchical.SameThreadHierarchicalTestExecutorService.submit(SameThreadHierarchicalTestExecutorService.java:35)
	at app//org.junit.platform.engine.support.hierarchical.NodeTestTask$DefaultDynamicTestExecutor.execute(NodeTestTask.java:226)
	at app//org.junit.platform.engine.support.hierarchical.NodeTestTask$DefaultDynamicTestExecutor.execute(NodeTestTask.java:204)
	at java.base@11.0.19/java.util.Optional.ifPresent(Optional.java:183)
	at app//org.junit.jupiter.engine.descriptor.TestFactoryTestDescriptor.lambda$invokeTestMethod$1(TestFactoryTestDescriptor.java:108)
	at app//org.junit.platform.engine.support.hierarchical.ThrowableCollector.execute(ThrowableCollector.java:73)
	at app//org.junit.jupiter.engine.descriptor.TestFactoryTestDescriptor.invokeTestMethod(TestFactoryTestDescriptor.java:95)
	at app//org.junit.jupiter.engine.descriptor.TestMethodTestDescriptor.execute(TestMethodTestDescriptor.java:138)
	at app//org.junit.jupiter.engine.descriptor.TestMethodTestDescriptor.execute(TestMethodTestDescriptor.java:68)
	at app//org.junit.platform.engine.support.hierarchical.NodeTestTask.lambda$executeRecursively$6(NodeTestTask.java:151)
	at app//org.junit.platform.engine.support.hierarchical.ThrowableCollector.execute(ThrowableCollector.java:73)
	at app//org.junit.platform.engine.support.hierarchical.NodeTestTask.lambda$executeRecursively$8(NodeTestTask.java:141)
	at app//org.junit.platform.engine.support.hierarchical.Node.around(Node.java:137)
	at app//org.junit.platform.engine.support.hierarchical.NodeTestTask.lambda$executeRecursively$9(NodeTestTask.java:139)
	at app//org.junit.platform.engine.support.hierarchical.ThrowableCollector.execute(ThrowableCollector.java:73)
	at app//org.junit.platform.engine.support.hierarchical.NodeTestTask.executeRecursively(NodeTestTask.java:138)
	at app//org.junit.platform.engine.support.hierarchical.NodeTestTask.execute(NodeTestTask.java:95)
	at java.base@11.0.19/java.util.ArrayList.forEach(ArrayList.java:1541)
	at app//org.junit.platform.engine.support.hierarchical.SameThreadHierarchicalTestExecutorService.invokeAll(SameThreadHierarchicalTestExecutorService.java:41)
	at app//org.junit.platform.engine.support.hierarchical.NodeTestTask.lambda$executeRecursively$6(NodeTestTask.java:155)
	at app//org.junit.platform.engine.support.hierarchical.ThrowableCollector.execute(ThrowableCollector.java:73)
	at app//org.junit.platform.engine.support.hierarchical.NodeTestTask.lambda$executeRecursively$8(NodeTestTask.java:141)
	at app//org.junit.platform.engine.support.hierarchical.Node.around(Node.java:137)
	at app//org.junit.platform.engine.support.hierarchical.NodeTestTask.lambda$executeRecursively$9(NodeTestTask.java:139)
	at app//org.junit.platform.engine.support.hierarchical.ThrowableCollector.execute(ThrowableCollector.java:73)
	at app//org.junit.platform.engine.support.hierarchical.NodeTestTask.executeRecursively(NodeTestTask.java:138)
	at app//org.junit.platform.engine.support.hierarchical.NodeTestTask.execute(NodeTestTask.java:95)
	at java.base@11.0.19/java.util.ArrayList.forEach(ArrayList.java:1541)
	at app//org.junit.platform.engine.support.hierarchical.SameThreadHierarchicalTestExecutorService.invokeAll(SameThreadHierarchicalTestExecutorService.java:41)
	at app//org.junit.platform.engine.support.hierarchical.NodeTestTask.lambda$executeRecursively$6(NodeTestTask.java:155)
	at app//org.junit.platform.engine.support.hierarchical.ThrowableCollector.execute(ThrowableCollector.java:73)
	at app//org.junit.platform.engine.support.hierarchical.NodeTestTask.lambda$executeRecursively$8(NodeTestTask.java:141)
	at app//org.junit.platform.engine.support.hierarchical.Node.around(Node.java:137)
	at app//org.junit.platform.engine.support.hierarchical.NodeTestTask.lambda$executeRecursively$9(NodeTestTask.java:139)
	at app//org.junit.platform.engine.support.hierarchical.ThrowableCollector.execute(ThrowableCollector.java:73)
	at app//org.junit.platform.engine.support.hierarchical.NodeTestTask.executeRecursively(NodeTestTask.java:138)
	at app//org.junit.platform.engine.support.hierarchical.NodeTestTask.execute(NodeTestTask.java:95)
	at app//org.junit.platform.engine.support.hierarchical.SameThreadHierarchicalTestExecutorService.submit(SameThreadHierarchicalTestExecutorService.java:35)
	at app//org.junit.platform.engine.support.hierarchical.HierarchicalTestExecutor.execute(HierarchicalTestExecutor.java:57)
	at app//org.junit.platform.engine.support.hierarchical.HierarchicalTestEngine.execute(HierarchicalTestEngine.java:54)
	at app//org.junit.platform.launcher.core.EngineExecutionOrchestrator.execute(EngineExecutionOrchestrator.java:107)
	at app//org.junit.platform.launcher.core.EngineExecutionOrchestrator.execute(EngineExecutionOrchestrator.java:88)
	at app//org.junit.platform.launcher.core.EngineExecutionOrchestrator.lambda$execute$0(EngineExecutionOrchestrator.java:54)
	at app//org.junit.platform.launcher.core.EngineExecutionOrchestrator.withInterceptedStreams(EngineExecutionOrchestrator.java:67)
	at app//org.junit.platform.launcher.core.EngineExecutionOrchestrator.execute(EngineExecutionOrchestrator.java:52)
	at app//org.junit.platform.launcher.core.DefaultLauncher.execute(DefaultLauncher.java:114)
	at app//org.junit.platform.launcher.core.DefaultLauncher.execute(DefaultLauncher.java:86)
	at app//org.junit.platform.launcher.core.DefaultLauncherSession$DelegatingLauncher.execute(DefaultLauncherSession.java:86)
	at org.gradle.api.internal.tasks.testing.junitplatform.JUnitPlatformTestClassProcessor$CollectAllTestClassesExecutor.processAllTestClasses(JUnitPlatformTestClassProcessor.java:110)
	at org.gradle.api.internal.tasks.testing.junitplatform.JUnitPlatformTestClassProcessor$CollectAllTestClassesExecutor.access$000(JUnitPlatformTestClassProcessor.java:90)
	at org.gradle.api.internal.tasks.testing.junitplatform.JUnitPlatformTestClassProcessor.stop(JUnitPlatformTestClassProcessor.java:85)
	at org.gradle.api.internal.tasks.testing.SuiteTestClassProcessor.stop(SuiteTestClassProcessor.java:62)
	at java.base@11.0.19/jdk.internal.reflect.NativeMethodAccessorImpl.invoke0(Native Method)
	at java.base@11.0.19/jdk.internal.reflect.NativeMethodAccessorImpl.invoke(NativeMethodAccessorImpl.java:62)
	at java.base@11.0.19/jdk.internal.reflect.DelegatingMethodAccessorImpl.invoke(DelegatingMethodAccessorImpl.java:43)
	at java.base@11.0.19/java.lang.reflect.Method.invoke(Method.java:566)
	at org.gradle.internal.dispatch.ReflectionDispatch.dispatch(ReflectionDispatch.java:36)
	at org.gradle.internal.dispatch.ReflectionDispatch.dispatch(ReflectionDispatch.java:24)
	at org.gradle.internal.dispatch.ContextClassLoaderDispatch.dispatch(ContextClassLoaderDispatch.java:33)
	at org.gradle.internal.dispatch.ProxyDispatchAdapter$DispatchingInvocationHandler.invoke(ProxyDispatchAdapter.java:94)
	at com.sun.proxy.$Proxy2.stop(Unknown Source)
	at org.gradle.api.internal.tasks.testing.worker.TestWorker$3.run(TestWorker.java:193)
	at org.gradle.api.internal.tasks.testing.worker.TestWorker.executeAndMaintainThreadName(TestWorker.java:129)
	at org.gradle.api.internal.tasks.testing.worker.TestWorker.execute(TestWorker.java:100)
	at org.gradle.api.internal.tasks.testing.worker.TestWorker.execute(TestWorker.java:60)
	at org.gradle.process.internal.worker.child.ActionExecutionWorker.execute(ActionExecutionWorker.java:56)
	at org.gradle.process.internal.worker.child.SystemApplicationClassLoaderWorker.call(SystemApplicationClassLoaderWorker.java:113)
	at org.gradle.process.internal.worker.child.SystemApplicationClassLoaderWorker.call(SystemApplicationClassLoaderWorker.java:65)
	at app//worker.org.gradle.process.internal.worker.GradleWorkerMain.run(GradleWorkerMain.java:69)
	at app//worker.org.gradle.process.internal.worker.GradleWorkerMain.main(GradleWorkerMain.java:74)
</failure>
  </testcase>
  <testcase name="performancePOConstruction" classname="de.uka.ilkd.key.proof.runallproofs.RunAllProofsFunctional" time="78.799"/>
  <testcase name="applicationRestrictions" classname="de.uka.ilkd.key.proof.runallproofs.RunAllProofsFunctional" time="52.028"/>
  <testcase name="blockContracts" classname="de.uka.ilkd.key.proof.runallproofs.RunAllProofsFunctional" time="140.415"/>
  <testcase name="jmlAsserts" classname="de.uka.ilkd.key.proof.runallproofs.RunAllProofsFunctional" time="90.652"/>
  <testcase name="javaCard" classname="de.uka.ilkd.key.proof.runallproofs.RunAllProofsFunctional" time="135.827"/>
  <testcase name="list" classname="de.uka.ilkd.key.proof.runallproofs.RunAllProofsFunctional" time="251.386">
    <failure message="org.opentest4j.AssertionFailedError: Executed process terminated with non-zero exit value. ==&gt; expected: &lt;0&gt; but was: &lt;1&gt;" type="org.opentest4j.AssertionFailedError">org.opentest4j.AssertionFailedError: Executed process terminated with non-zero exit value. ==&gt; expected: &lt;0&gt; but was: &lt;1&gt;
	at app//org.junit.jupiter.api.AssertionFailureBuilder.build(AssertionFailureBuilder.java:151)
	at app//org.junit.jupiter.api.AssertionFailureBuilder.buildAndThrow(AssertionFailureBuilder.java:132)
	at app//org.junit.jupiter.api.AssertEquals.failNotEqual(AssertEquals.java:197)
	at app//org.junit.jupiter.api.AssertEquals.assertEquals(AssertEquals.java:150)
	at app//org.junit.jupiter.api.Assertions.assertEquals(Assertions.java:560)
	at app//de.uka.ilkd.key.proof.runallproofs.proofcollection.ForkedTestFileRunner.processTestFiles(ForkedTestFileRunner.java:130)
	at app//de.uka.ilkd.key.proof.runallproofs.RunAllProofsTestUnit.runTest(RunAllProofsTestUnit.java:89)
	at app//de.uka.ilkd.key.proof.runallproofs.RunAllProofsTest.lambda$data$0(RunAllProofsTest.java:77)
	at app//org.junit.jupiter.engine.descriptor.DynamicTestTestDescriptor.lambda$execute$0(DynamicTestTestDescriptor.java:53)
	at app//org.junit.jupiter.engine.execution.InvocationInterceptorChain$ValidatingInvocation.proceed(InvocationInterceptorChain.java:131)
	at app//org.junit.jupiter.api.extension.InvocationInterceptor.interceptDynamicTest(InvocationInterceptor.java:167)
	at app//org.junit.jupiter.api.extension.InvocationInterceptor.interceptDynamicTest(InvocationInterceptor.java:184)
	at app//org.junit.jupiter.engine.descriptor.DynamicTestTestDescriptor.lambda$execute$1(DynamicTestTestDescriptor.java:61)
	at app//org.junit.jupiter.engine.execution.InvocationInterceptorChain$InterceptorCall.lambda$ofVoid$0(InvocationInterceptorChain.java:78)
	at app//org.junit.jupiter.engine.execution.InvocationInterceptorChain$InterceptedInvocation.proceed(InvocationInterceptorChain.java:106)
	at app//org.junit.jupiter.engine.execution.InvocationInterceptorChain.proceed(InvocationInterceptorChain.java:64)
	at app//org.junit.jupiter.engine.execution.InvocationInterceptorChain.chainAndInvoke(InvocationInterceptorChain.java:45)
	at app//org.junit.jupiter.engine.execution.InvocationInterceptorChain.invoke(InvocationInterceptorChain.java:37)
	at app//org.junit.jupiter.engine.descriptor.DynamicTestTestDescriptor.execute(DynamicTestTestDescriptor.java:60)
	at app//org.junit.jupiter.engine.descriptor.DynamicTestTestDescriptor.execute(DynamicTestTestDescriptor.java:32)
	at app//org.junit.platform.engine.support.hierarchical.NodeTestTask.lambda$executeRecursively$6(NodeTestTask.java:151)
	at app//org.junit.platform.engine.support.hierarchical.ThrowableCollector.execute(ThrowableCollector.java:73)
	at app//org.junit.platform.engine.support.hierarchical.NodeTestTask.lambda$executeRecursively$8(NodeTestTask.java:141)
	at app//org.junit.platform.engine.support.hierarchical.Node.around(Node.java:137)
	at app//org.junit.platform.engine.support.hierarchical.NodeTestTask.lambda$executeRecursively$9(NodeTestTask.java:139)
	at app//org.junit.platform.engine.support.hierarchical.ThrowableCollector.execute(ThrowableCollector.java:73)
	at app//org.junit.platform.engine.support.hierarchical.NodeTestTask.executeRecursively(NodeTestTask.java:138)
	at app//org.junit.platform.engine.support.hierarchical.NodeTestTask.execute(NodeTestTask.java:95)
	at app//org.junit.platform.engine.support.hierarchical.SameThreadHierarchicalTestExecutorService.submit(SameThreadHierarchicalTestExecutorService.java:35)
	at app//org.junit.platform.engine.support.hierarchical.NodeTestTask$DefaultDynamicTestExecutor.execute(NodeTestTask.java:226)
	at app//org.junit.platform.engine.support.hierarchical.NodeTestTask$DefaultDynamicTestExecutor.execute(NodeTestTask.java:204)
	at java.base@11.0.19/java.util.Optional.ifPresent(Optional.java:183)
	at app//org.junit.jupiter.engine.descriptor.TestFactoryTestDescriptor.lambda$invokeTestMethod$1(TestFactoryTestDescriptor.java:108)
	at app//org.junit.platform.engine.support.hierarchical.ThrowableCollector.execute(ThrowableCollector.java:73)
	at app//org.junit.jupiter.engine.descriptor.TestFactoryTestDescriptor.invokeTestMethod(TestFactoryTestDescriptor.java:95)
	at app//org.junit.jupiter.engine.descriptor.TestMethodTestDescriptor.execute(TestMethodTestDescriptor.java:138)
	at app//org.junit.jupiter.engine.descriptor.TestMethodTestDescriptor.execute(TestMethodTestDescriptor.java:68)
	at app//org.junit.platform.engine.support.hierarchical.NodeTestTask.lambda$executeRecursively$6(NodeTestTask.java:151)
	at app//org.junit.platform.engine.support.hierarchical.ThrowableCollector.execute(ThrowableCollector.java:73)
	at app//org.junit.platform.engine.support.hierarchical.NodeTestTask.lambda$executeRecursively$8(NodeTestTask.java:141)
	at app//org.junit.platform.engine.support.hierarchical.Node.around(Node.java:137)
	at app//org.junit.platform.engine.support.hierarchical.NodeTestTask.lambda$executeRecursively$9(NodeTestTask.java:139)
	at app//org.junit.platform.engine.support.hierarchical.ThrowableCollector.execute(ThrowableCollector.java:73)
	at app//org.junit.platform.engine.support.hierarchical.NodeTestTask.executeRecursively(NodeTestTask.java:138)
	at app//org.junit.platform.engine.support.hierarchical.NodeTestTask.execute(NodeTestTask.java:95)
	at java.base@11.0.19/java.util.ArrayList.forEach(ArrayList.java:1541)
	at app//org.junit.platform.engine.support.hierarchical.SameThreadHierarchicalTestExecutorService.invokeAll(SameThreadHierarchicalTestExecutorService.java:41)
	at app//org.junit.platform.engine.support.hierarchical.NodeTestTask.lambda$executeRecursively$6(NodeTestTask.java:155)
	at app//org.junit.platform.engine.support.hierarchical.ThrowableCollector.execute(ThrowableCollector.java:73)
	at app//org.junit.platform.engine.support.hierarchical.NodeTestTask.lambda$executeRecursively$8(NodeTestTask.java:141)
	at app//org.junit.platform.engine.support.hierarchical.Node.around(Node.java:137)
	at app//org.junit.platform.engine.support.hierarchical.NodeTestTask.lambda$executeRecursively$9(NodeTestTask.java:139)
	at app//org.junit.platform.engine.support.hierarchical.ThrowableCollector.execute(ThrowableCollector.java:73)
	at app//org.junit.platform.engine.support.hierarchical.NodeTestTask.executeRecursively(NodeTestTask.java:138)
	at app//org.junit.platform.engine.support.hierarchical.NodeTestTask.execute(NodeTestTask.java:95)
	at java.base@11.0.19/java.util.ArrayList.forEach(ArrayList.java:1541)
	at app//org.junit.platform.engine.support.hierarchical.SameThreadHierarchicalTestExecutorService.invokeAll(SameThreadHierarchicalTestExecutorService.java:41)
	at app//org.junit.platform.engine.support.hierarchical.NodeTestTask.lambda$executeRecursively$6(NodeTestTask.java:155)
	at app//org.junit.platform.engine.support.hierarchical.ThrowableCollector.execute(ThrowableCollector.java:73)
	at app//org.junit.platform.engine.support.hierarchical.NodeTestTask.lambda$executeRecursively$8(NodeTestTask.java:141)
	at app//org.junit.platform.engine.support.hierarchical.Node.around(Node.java:137)
	at app//org.junit.platform.engine.support.hierarchical.NodeTestTask.lambda$executeRecursively$9(NodeTestTask.java:139)
	at app//org.junit.platform.engine.support.hierarchical.ThrowableCollector.execute(ThrowableCollector.java:73)
	at app//org.junit.platform.engine.support.hierarchical.NodeTestTask.executeRecursively(NodeTestTask.java:138)
	at app//org.junit.platform.engine.support.hierarchical.NodeTestTask.execute(NodeTestTask.java:95)
	at app//org.junit.platform.engine.support.hierarchical.SameThreadHierarchicalTestExecutorService.submit(SameThreadHierarchicalTestExecutorService.java:35)
	at app//org.junit.platform.engine.support.hierarchical.HierarchicalTestExecutor.execute(HierarchicalTestExecutor.java:57)
	at app//org.junit.platform.engine.support.hierarchical.HierarchicalTestEngine.execute(HierarchicalTestEngine.java:54)
	at app//org.junit.platform.launcher.core.EngineExecutionOrchestrator.execute(EngineExecutionOrchestrator.java:107)
	at app//org.junit.platform.launcher.core.EngineExecutionOrchestrator.execute(EngineExecutionOrchestrator.java:88)
	at app//org.junit.platform.launcher.core.EngineExecutionOrchestrator.lambda$execute$0(EngineExecutionOrchestrator.java:54)
	at app//org.junit.platform.launcher.core.EngineExecutionOrchestrator.withInterceptedStreams(EngineExecutionOrchestrator.java:67)
	at app//org.junit.platform.launcher.core.EngineExecutionOrchestrator.execute(EngineExecutionOrchestrator.java:52)
	at app//org.junit.platform.launcher.core.DefaultLauncher.execute(DefaultLauncher.java:114)
	at app//org.junit.platform.launcher.core.DefaultLauncher.execute(DefaultLauncher.java:86)
	at app//org.junit.platform.launcher.core.DefaultLauncherSession$DelegatingLauncher.execute(DefaultLauncherSession.java:86)
	at org.gradle.api.internal.tasks.testing.junitplatform.JUnitPlatformTestClassProcessor$CollectAllTestClassesExecutor.processAllTestClasses(JUnitPlatformTestClassProcessor.java:110)
	at org.gradle.api.internal.tasks.testing.junitplatform.JUnitPlatformTestClassProcessor$CollectAllTestClassesExecutor.access$000(JUnitPlatformTestClassProcessor.java:90)
	at org.gradle.api.internal.tasks.testing.junitplatform.JUnitPlatformTestClassProcessor.stop(JUnitPlatformTestClassProcessor.java:85)
	at org.gradle.api.internal.tasks.testing.SuiteTestClassProcessor.stop(SuiteTestClassProcessor.java:62)
	at java.base@11.0.19/jdk.internal.reflect.NativeMethodAccessorImpl.invoke0(Native Method)
	at java.base@11.0.19/jdk.internal.reflect.NativeMethodAccessorImpl.invoke(NativeMethodAccessorImpl.java:62)
	at java.base@11.0.19/jdk.internal.reflect.DelegatingMethodAccessorImpl.invoke(DelegatingMethodAccessorImpl.java:43)
	at java.base@11.0.19/java.lang.reflect.Method.invoke(Method.java:566)
	at org.gradle.internal.dispatch.ReflectionDispatch.dispatch(ReflectionDispatch.java:36)
	at org.gradle.internal.dispatch.ReflectionDispatch.dispatch(ReflectionDispatch.java:24)
	at org.gradle.internal.dispatch.ContextClassLoaderDispatch.dispatch(ContextClassLoaderDispatch.java:33)
	at org.gradle.internal.dispatch.ProxyDispatchAdapter$DispatchingInvocationHandler.invoke(ProxyDispatchAdapter.java:94)
	at com.sun.proxy.$Proxy2.stop(Unknown Source)
	at org.gradle.api.internal.tasks.testing.worker.TestWorker$3.run(TestWorker.java:193)
	at org.gradle.api.internal.tasks.testing.worker.TestWorker.executeAndMaintainThreadName(TestWorker.java:129)
	at org.gradle.api.internal.tasks.testing.worker.TestWorker.execute(TestWorker.java:100)
	at org.gradle.api.internal.tasks.testing.worker.TestWorker.execute(TestWorker.java:60)
	at org.gradle.process.internal.worker.child.ActionExecutionWorker.execute(ActionExecutionWorker.java:56)
	at org.gradle.process.internal.worker.child.SystemApplicationClassLoaderWorker.call(SystemApplicationClassLoaderWorker.java:113)
	at org.gradle.process.internal.worker.child.SystemApplicationClassLoaderWorker.call(SystemApplicationClassLoaderWorker.java:65)
	at app//worker.org.gradle.process.internal.worker.GradleWorkerMain.run(GradleWorkerMain.java:69)
	at app//worker.org.gradle.process.internal.worker.GradleWorkerMain.main(GradleWorkerMain.java:74)
</failure>
  </testcase>
  <testcase name="list_ghost" classname="de.uka.ilkd.key.proof.runallproofs.RunAllProofsFunctional" time="71.256"/>
  <testcase name="list_recursive" classname="de.uka.ilkd.key.proof.runallproofs.RunAllProofsFunctional" time="22.945"/>
  <testcase name="list_seq" classname="de.uka.ilkd.key.proof.runallproofs.RunAllProofsFunctional" time="165.946"/>
  <testcase name="observer" classname="de.uka.ilkd.key.proof.runallproofs.RunAllProofsFunctional" time="81.082">
    <failure message="org.opentest4j.AssertionFailedError: Executed process terminated with non-zero exit value. ==&gt; expected: &lt;0&gt; but was: &lt;1&gt;" type="org.opentest4j.AssertionFailedError">org.opentest4j.AssertionFailedError: Executed process terminated with non-zero exit value. ==&gt; expected: &lt;0&gt; but was: &lt;1&gt;
	at app//org.junit.jupiter.api.AssertionFailureBuilder.build(AssertionFailureBuilder.java:151)
	at app//org.junit.jupiter.api.AssertionFailureBuilder.buildAndThrow(AssertionFailureBuilder.java:132)
	at app//org.junit.jupiter.api.AssertEquals.failNotEqual(AssertEquals.java:197)
	at app//org.junit.jupiter.api.AssertEquals.assertEquals(AssertEquals.java:150)
	at app//org.junit.jupiter.api.Assertions.assertEquals(Assertions.java:560)
	at app//de.uka.ilkd.key.proof.runallproofs.proofcollection.ForkedTestFileRunner.processTestFiles(ForkedTestFileRunner.java:130)
	at app//de.uka.ilkd.key.proof.runallproofs.RunAllProofsTestUnit.runTest(RunAllProofsTestUnit.java:89)
	at app//de.uka.ilkd.key.proof.runallproofs.RunAllProofsTest.lambda$data$0(RunAllProofsTest.java:77)
	at app//org.junit.jupiter.engine.descriptor.DynamicTestTestDescriptor.lambda$execute$0(DynamicTestTestDescriptor.java:53)
	at app//org.junit.jupiter.engine.execution.InvocationInterceptorChain$ValidatingInvocation.proceed(InvocationInterceptorChain.java:131)
	at app//org.junit.jupiter.api.extension.InvocationInterceptor.interceptDynamicTest(InvocationInterceptor.java:167)
	at app//org.junit.jupiter.api.extension.InvocationInterceptor.interceptDynamicTest(InvocationInterceptor.java:184)
	at app//org.junit.jupiter.engine.descriptor.DynamicTestTestDescriptor.lambda$execute$1(DynamicTestTestDescriptor.java:61)
	at app//org.junit.jupiter.engine.execution.InvocationInterceptorChain$InterceptorCall.lambda$ofVoid$0(InvocationInterceptorChain.java:78)
	at app//org.junit.jupiter.engine.execution.InvocationInterceptorChain$InterceptedInvocation.proceed(InvocationInterceptorChain.java:106)
	at app//org.junit.jupiter.engine.execution.InvocationInterceptorChain.proceed(InvocationInterceptorChain.java:64)
	at app//org.junit.jupiter.engine.execution.InvocationInterceptorChain.chainAndInvoke(InvocationInterceptorChain.java:45)
	at app//org.junit.jupiter.engine.execution.InvocationInterceptorChain.invoke(InvocationInterceptorChain.java:37)
	at app//org.junit.jupiter.engine.descriptor.DynamicTestTestDescriptor.execute(DynamicTestTestDescriptor.java:60)
	at app//org.junit.jupiter.engine.descriptor.DynamicTestTestDescriptor.execute(DynamicTestTestDescriptor.java:32)
	at app//org.junit.platform.engine.support.hierarchical.NodeTestTask.lambda$executeRecursively$6(NodeTestTask.java:151)
	at app//org.junit.platform.engine.support.hierarchical.ThrowableCollector.execute(ThrowableCollector.java:73)
	at app//org.junit.platform.engine.support.hierarchical.NodeTestTask.lambda$executeRecursively$8(NodeTestTask.java:141)
	at app//org.junit.platform.engine.support.hierarchical.Node.around(Node.java:137)
	at app//org.junit.platform.engine.support.hierarchical.NodeTestTask.lambda$executeRecursively$9(NodeTestTask.java:139)
	at app//org.junit.platform.engine.support.hierarchical.ThrowableCollector.execute(ThrowableCollector.java:73)
	at app//org.junit.platform.engine.support.hierarchical.NodeTestTask.executeRecursively(NodeTestTask.java:138)
	at app//org.junit.platform.engine.support.hierarchical.NodeTestTask.execute(NodeTestTask.java:95)
	at app//org.junit.platform.engine.support.hierarchical.SameThreadHierarchicalTestExecutorService.submit(SameThreadHierarchicalTestExecutorService.java:35)
	at app//org.junit.platform.engine.support.hierarchical.NodeTestTask$DefaultDynamicTestExecutor.execute(NodeTestTask.java:226)
	at app//org.junit.platform.engine.support.hierarchical.NodeTestTask$DefaultDynamicTestExecutor.execute(NodeTestTask.java:204)
	at java.base@11.0.19/java.util.Optional.ifPresent(Optional.java:183)
	at app//org.junit.jupiter.engine.descriptor.TestFactoryTestDescriptor.lambda$invokeTestMethod$1(TestFactoryTestDescriptor.java:108)
	at app//org.junit.platform.engine.support.hierarchical.ThrowableCollector.execute(ThrowableCollector.java:73)
	at app//org.junit.jupiter.engine.descriptor.TestFactoryTestDescriptor.invokeTestMethod(TestFactoryTestDescriptor.java:95)
	at app//org.junit.jupiter.engine.descriptor.TestMethodTestDescriptor.execute(TestMethodTestDescriptor.java:138)
	at app//org.junit.jupiter.engine.descriptor.TestMethodTestDescriptor.execute(TestMethodTestDescriptor.java:68)
	at app//org.junit.platform.engine.support.hierarchical.NodeTestTask.lambda$executeRecursively$6(NodeTestTask.java:151)
	at app//org.junit.platform.engine.support.hierarchical.ThrowableCollector.execute(ThrowableCollector.java:73)
	at app//org.junit.platform.engine.support.hierarchical.NodeTestTask.lambda$executeRecursively$8(NodeTestTask.java:141)
	at app//org.junit.platform.engine.support.hierarchical.Node.around(Node.java:137)
	at app//org.junit.platform.engine.support.hierarchical.NodeTestTask.lambda$executeRecursively$9(NodeTestTask.java:139)
	at app//org.junit.platform.engine.support.hierarchical.ThrowableCollector.execute(ThrowableCollector.java:73)
	at app//org.junit.platform.engine.support.hierarchical.NodeTestTask.executeRecursively(NodeTestTask.java:138)
	at app//org.junit.platform.engine.support.hierarchical.NodeTestTask.execute(NodeTestTask.java:95)
	at java.base@11.0.19/java.util.ArrayList.forEach(ArrayList.java:1541)
	at app//org.junit.platform.engine.support.hierarchical.SameThreadHierarchicalTestExecutorService.invokeAll(SameThreadHierarchicalTestExecutorService.java:41)
	at app//org.junit.platform.engine.support.hierarchical.NodeTestTask.lambda$executeRecursively$6(NodeTestTask.java:155)
	at app//org.junit.platform.engine.support.hierarchical.ThrowableCollector.execute(ThrowableCollector.java:73)
	at app//org.junit.platform.engine.support.hierarchical.NodeTestTask.lambda$executeRecursively$8(NodeTestTask.java:141)
	at app//org.junit.platform.engine.support.hierarchical.Node.around(Node.java:137)
	at app//org.junit.platform.engine.support.hierarchical.NodeTestTask.lambda$executeRecursively$9(NodeTestTask.java:139)
	at app//org.junit.platform.engine.support.hierarchical.ThrowableCollector.execute(ThrowableCollector.java:73)
	at app//org.junit.platform.engine.support.hierarchical.NodeTestTask.executeRecursively(NodeTestTask.java:138)
	at app//org.junit.platform.engine.support.hierarchical.NodeTestTask.execute(NodeTestTask.java:95)
	at java.base@11.0.19/java.util.ArrayList.forEach(ArrayList.java:1541)
	at app//org.junit.platform.engine.support.hierarchical.SameThreadHierarchicalTestExecutorService.invokeAll(SameThreadHierarchicalTestExecutorService.java:41)
	at app//org.junit.platform.engine.support.hierarchical.NodeTestTask.lambda$executeRecursively$6(NodeTestTask.java:155)
	at app//org.junit.platform.engine.support.hierarchical.ThrowableCollector.execute(ThrowableCollector.java:73)
	at app//org.junit.platform.engine.support.hierarchical.NodeTestTask.lambda$executeRecursively$8(NodeTestTask.java:141)
	at app//org.junit.platform.engine.support.hierarchical.Node.around(Node.java:137)
	at app//org.junit.platform.engine.support.hierarchical.NodeTestTask.lambda$executeRecursively$9(NodeTestTask.java:139)
	at app//org.junit.platform.engine.support.hierarchical.ThrowableCollector.execute(ThrowableCollector.java:73)
	at app//org.junit.platform.engine.support.hierarchical.NodeTestTask.executeRecursively(NodeTestTask.java:138)
	at app//org.junit.platform.engine.support.hierarchical.NodeTestTask.execute(NodeTestTask.java:95)
	at app//org.junit.platform.engine.support.hierarchical.SameThreadHierarchicalTestExecutorService.submit(SameThreadHierarchicalTestExecutorService.java:35)
	at app//org.junit.platform.engine.support.hierarchical.HierarchicalTestExecutor.execute(HierarchicalTestExecutor.java:57)
	at app//org.junit.platform.engine.support.hierarchical.HierarchicalTestEngine.execute(HierarchicalTestEngine.java:54)
	at app//org.junit.platform.launcher.core.EngineExecutionOrchestrator.execute(EngineExecutionOrchestrator.java:107)
	at app//org.junit.platform.launcher.core.EngineExecutionOrchestrator.execute(EngineExecutionOrchestrator.java:88)
	at app//org.junit.platform.launcher.core.EngineExecutionOrchestrator.lambda$execute$0(EngineExecutionOrchestrator.java:54)
	at app//org.junit.platform.launcher.core.EngineExecutionOrchestrator.withInterceptedStreams(EngineExecutionOrchestrator.java:67)
	at app//org.junit.platform.launcher.core.EngineExecutionOrchestrator.execute(EngineExecutionOrchestrator.java:52)
	at app//org.junit.platform.launcher.core.DefaultLauncher.execute(DefaultLauncher.java:114)
	at app//org.junit.platform.launcher.core.DefaultLauncher.execute(DefaultLauncher.java:86)
	at app//org.junit.platform.launcher.core.DefaultLauncherSession$DelegatingLauncher.execute(DefaultLauncherSession.java:86)
	at org.gradle.api.internal.tasks.testing.junitplatform.JUnitPlatformTestClassProcessor$CollectAllTestClassesExecutor.processAllTestClasses(JUnitPlatformTestClassProcessor.java:110)
	at org.gradle.api.internal.tasks.testing.junitplatform.JUnitPlatformTestClassProcessor$CollectAllTestClassesExecutor.access$000(JUnitPlatformTestClassProcessor.java:90)
	at org.gradle.api.internal.tasks.testing.junitplatform.JUnitPlatformTestClassProcessor.stop(JUnitPlatformTestClassProcessor.java:85)
	at org.gradle.api.internal.tasks.testing.SuiteTestClassProcessor.stop(SuiteTestClassProcessor.java:62)
	at java.base@11.0.19/jdk.internal.reflect.NativeMethodAccessorImpl.invoke0(Native Method)
	at java.base@11.0.19/jdk.internal.reflect.NativeMethodAccessorImpl.invoke(NativeMethodAccessorImpl.java:62)
	at java.base@11.0.19/jdk.internal.reflect.DelegatingMethodAccessorImpl.invoke(DelegatingMethodAccessorImpl.java:43)
	at java.base@11.0.19/java.lang.reflect.Method.invoke(Method.java:566)
	at org.gradle.internal.dispatch.ReflectionDispatch.dispatch(ReflectionDispatch.java:36)
	at org.gradle.internal.dispatch.ReflectionDispatch.dispatch(ReflectionDispatch.java:24)
	at org.gradle.internal.dispatch.ContextClassLoaderDispatch.dispatch(ContextClassLoaderDispatch.java:33)
	at org.gradle.internal.dispatch.ProxyDispatchAdapter$DispatchingInvocationHandler.invoke(ProxyDispatchAdapter.java:94)
	at com.sun.proxy.$Proxy2.stop(Unknown Source)
	at org.gradle.api.internal.tasks.testing.worker.TestWorker$3.run(TestWorker.java:193)
	at org.gradle.api.internal.tasks.testing.worker.TestWorker.executeAndMaintainThreadName(TestWorker.java:129)
	at org.gradle.api.internal.tasks.testing.worker.TestWorker.execute(TestWorker.java:100)
	at org.gradle.api.internal.tasks.testing.worker.TestWorker.execute(TestWorker.java:60)
	at org.gradle.process.internal.worker.child.ActionExecutionWorker.execute(ActionExecutionWorker.java:56)
	at org.gradle.process.internal.worker.child.SystemApplicationClassLoaderWorker.call(SystemApplicationClassLoaderWorker.java:113)
	at org.gradle.process.internal.worker.child.SystemApplicationClassLoaderWorker.call(SystemApplicationClassLoaderWorker.java:65)
	at app//worker.org.gradle.process.internal.worker.GradleWorkerMain.run(GradleWorkerMain.java:69)
	at app//worker.org.gradle.process.internal.worker.GradleWorkerMain.main(GradleWorkerMain.java:74)
</failure>
  </testcase>
  <testcase name="removeDups" classname="de.uka.ilkd.key.proof.runallproofs.RunAllProofsFunctional" time="130.1"/>
  <testcase name="quicksort" classname="de.uka.ilkd.key.proof.runallproofs.RunAllProofsFunctional" time="114.375"/>
  <testcase name="simpleTests" classname="de.uka.ilkd.key.proof.runallproofs.RunAllProofsFunctional" time="149.391">
    <failure message="org.opentest4j.AssertionFailedError: group simpleTests:&#10;pass: Verifying property &quot;provable&quot; was successful for file: /home/runner/work/key/key/key.core/../key.ui/examples/heap/simple/anonymise_datagroup.key&#10;pass: Verifying property &quot;provable&quot; was successful for file: /home/runner/work/key/key/key.core/../key.ui/examples/heap/simple/array_creation.key&#10;pass: Verifying property &quot;provable&quot; was successful for file: /home/runner/work/key/key/key.core/../key.ui/examples/heap/simple/arrays_with_disjoint_sorts.key&#10;pass: Verifying property &quot;provable&quot; was successful for file: /home/runner/work/key/key/key.core/../key.ui/examples/heap/simple/arrays.key&#10;pass: Verifying property &quot;provable&quot; was successful for file: /home/runner/work/key/key/key.core/../key.ui/examples/heap/simple/attributes.key&#10;FAIL: Verifying property &quot;provable&quot; failed for file: /home/runner/work/key/key/key.core/../key.ui/examples/heap/simple/constructor_contracts.key&#10;pass: Verifying property &quot;provable&quot; was successful for file: /home/runner/work/key/key/key.core/../key.ui/examples/heap/simple/dependencies.key&#10;FAIL: Verifying property &quot;provable&quot; failed for file: /home/runner/work/key/key/key.core/../key.ui/examples/heap/simple/dependency_contracts.key&#10;FAIL: Verifying property &quot;provable&quot; failed for file: /home/runner/work/key/key/key.core/../key.ui/examples/heap/simple/invariant_preservation.key&#10;pass: Verifying property &quot;provable&quot; was successful for file: /home/runner/work/key/key/key.core/../key.ui/examples/heap/simple/locsets.key&#10;pass: Verifying property &quot;provable&quot; was successful for file: /home/runner/work/key/key/key.core/../key.ui/examples/heap/simple/loop1.key&#10;pass: Verifying property &quot;provable&quot; was successful for file: /home/runner/work/key/key/key.core/../key.ui/examples/heap/simple/loop2.key&#10;pass: Verifying property &quot;provable&quot; was successful for file: /home/runner/work/key/key/key.core/../key.ui/examples/heap/simple/modifies_datagroup.key&#10;pass: Verifying property &quot;provable&quot; was successful for file: /home/runner/work/key/key/key.core/../key.ui/examples/heap/simple/modifies.key&#10;pass: Verifying property &quot;provable&quot; was successful for file: /home/runner/work/key/key/key.core/../key.ui/examples/heap/simple/object_creation.key&#10;FAIL: Verifying property &quot;provable&quot; failed for file: /home/runner/work/key/key/key.core/../key.ui/examples/heap/simple/operation_contracts.key&#10;pass: Verifying property &quot;provable&quot; was successful for file: /home/runner/work/key/key/key.core/../key.ui/examples/heap/simple/select_store.key&#10;pass: Verifying property &quot;provable&quot; was successful for file: /home/runner/work/key/key/key.core/../key.ui/examples/heap/simple/selection_sort.key&#10;pass: Verifying property &quot;provable&quot; was successful for file: /home/runner/work/key/key/key.core/../key.ui/examples/heap/simple/seq.key&#10;pass: Verifying property &quot;provable&quot; was successful for file: /home/runner/work/key/key/key.core/../key.ui/examples/heap/simple/oldForParams.key&#10;pass: Verifying property &quot;provable&quot; was successful for file: /home/runner/work/key/key/key.core/../key.ui/examples/heap/simple/parse_lmtd.key&#10;pass: Verifying property &quot;provable&quot; was successful for file: /home/runner/work/key/key/key.core/../key.ui/examples/heap/strictly_pure/strictlyPureMethod.key&#10;pass: Verifying property &quot;provable&quot; was successful for file: /home/runner/work/key/key/key.core/../key.ui/examples/heap/strictly_pure/useStrictlyPureMethod.key&#10;pass: Verifying property &quot;provable&quot; was successful for file: /home/runner/work/key/key/key.core/../key.ui/examples/heap/Wellfounded/ackermann.key&#10;pass: Verifying property &quot;provable&quot; was successful for file: /home/runner/work/key/key/key.core/../key.ui/examples/standard_key/unicode_test.key&#10;pass: Verifying property &quot;provable&quot; was successful for file: /home/runner/work/key/key/key.core/../key.ui/examples/heap/strictlyModular/mayExpand.key&#10;pass: Verifying property &quot;notprovable&quot; was successful for file: /home/runner/work/key/key/key.core/../key.ui/examples/heap/strictlyModular/modularOnly.key&#10; ==&gt; expected: &lt;true&gt; but was: &lt;false&gt;" type="org.opentest4j.AssertionFailedError">org.opentest4j.AssertionFailedError: group simpleTests:
pass: Verifying property &quot;provable&quot; was successful for file: /home/runner/work/key/key/key.core/../key.ui/examples/heap/simple/anonymise_datagroup.key
pass: Verifying property &quot;provable&quot; was successful for file: /home/runner/work/key/key/key.core/../key.ui/examples/heap/simple/array_creation.key
pass: Verifying property &quot;provable&quot; was successful for file: /home/runner/work/key/key/key.core/../key.ui/examples/heap/simple/arrays_with_disjoint_sorts.key
pass: Verifying property &quot;provable&quot; was successful for file: /home/runner/work/key/key/key.core/../key.ui/examples/heap/simple/arrays.key
pass: Verifying property &quot;provable&quot; was successful for file: /home/runner/work/key/key/key.core/../key.ui/examples/heap/simple/attributes.key
FAIL: Verifying property &quot;provable&quot; failed for file: /home/runner/work/key/key/key.core/../key.ui/examples/heap/simple/constructor_contracts.key
pass: Verifying property &quot;provable&quot; was successful for file: /home/runner/work/key/key/key.core/../key.ui/examples/heap/simple/dependencies.key
FAIL: Verifying property &quot;provable&quot; failed for file: /home/runner/work/key/key/key.core/../key.ui/examples/heap/simple/dependency_contracts.key
FAIL: Verifying property &quot;provable&quot; failed for file: /home/runner/work/key/key/key.core/../key.ui/examples/heap/simple/invariant_preservation.key
pass: Verifying property &quot;provable&quot; was successful for file: /home/runner/work/key/key/key.core/../key.ui/examples/heap/simple/locsets.key
pass: Verifying property &quot;provable&quot; was successful for file: /home/runner/work/key/key/key.core/../key.ui/examples/heap/simple/loop1.key
pass: Verifying property &quot;provable&quot; was successful for file: /home/runner/work/key/key/key.core/../key.ui/examples/heap/simple/loop2.key
pass: Verifying property &quot;provable&quot; was successful for file: /home/runner/work/key/key/key.core/../key.ui/examples/heap/simple/modifies_datagroup.key
pass: Verifying property &quot;provable&quot; was successful for file: /home/runner/work/key/key/key.core/../key.ui/examples/heap/simple/modifies.key
pass: Verifying property &quot;provable&quot; was successful for file: /home/runner/work/key/key/key.core/../key.ui/examples/heap/simple/object_creation.key
FAIL: Verifying property &quot;provable&quot; failed for file: /home/runner/work/key/key/key.core/../key.ui/examples/heap/simple/operation_contracts.key
pass: Verifying property &quot;provable&quot; was successful for file: /home/runner/work/key/key/key.core/../key.ui/examples/heap/simple/select_store.key
pass: Verifying property &quot;provable&quot; was successful for file: /home/runner/work/key/key/key.core/../key.ui/examples/heap/simple/selection_sort.key
pass: Verifying property &quot;provable&quot; was successful for file: /home/runner/work/key/key/key.core/../key.ui/examples/heap/simple/seq.key
pass: Verifying property &quot;provable&quot; was successful for file: /home/runner/work/key/key/key.core/../key.ui/examples/heap/simple/oldForParams.key
pass: Verifying property &quot;provable&quot; was successful for file: /home/runner/work/key/key/key.core/../key.ui/examples/heap/simple/parse_lmtd.key
pass: Verifying property &quot;provable&quot; was successful for file: /home/runner/work/key/key/key.core/../key.ui/examples/heap/strictly_pure/strictlyPureMethod.key
pass: Verifying property &quot;provable&quot; was successful for file: /home/runner/work/key/key/key.core/../key.ui/examples/heap/strictly_pure/useStrictlyPureMethod.key
pass: Verifying property &quot;provable&quot; was successful for file: /home/runner/work/key/key/key.core/../key.ui/examples/heap/Wellfounded/ackermann.key
pass: Verifying property &quot;provable&quot; was successful for file: /home/runner/work/key/key/key.core/../key.ui/examples/standard_key/unicode_test.key
pass: Verifying property &quot;provable&quot; was successful for file: /home/runner/work/key/key/key.core/../key.ui/examples/heap/strictlyModular/mayExpand.key
pass: Verifying property &quot;notprovable&quot; was successful for file: /home/runner/work/key/key/key.core/../key.ui/examples/heap/strictlyModular/modularOnly.key
 ==&gt; expected: &lt;true&gt; but was: &lt;false&gt;
	at app//org.junit.jupiter.api.AssertionFailureBuilder.build(AssertionFailureBuilder.java:151)
	at app//org.junit.jupiter.api.AssertionFailureBuilder.buildAndThrow(AssertionFailureBuilder.java:132)
	at app//org.junit.jupiter.api.AssertTrue.failNotTrue(AssertTrue.java:63)
	at app//org.junit.jupiter.api.AssertTrue.assertTrue(AssertTrue.java:36)
	at app//org.junit.jupiter.api.Assertions.assertTrue(Assertions.java:211)
	at app//de.uka.ilkd.key.proof.runallproofs.RunAllProofsTest.lambda$data$0(RunAllProofsTest.java:78)
	at app//org.junit.jupiter.engine.descriptor.DynamicTestTestDescriptor.lambda$execute$0(DynamicTestTestDescriptor.java:53)
	at app//org.junit.jupiter.engine.execution.InvocationInterceptorChain$ValidatingInvocation.proceed(InvocationInterceptorChain.java:131)
	at app//org.junit.jupiter.api.extension.InvocationInterceptor.interceptDynamicTest(InvocationInterceptor.java:167)
	at app//org.junit.jupiter.api.extension.InvocationInterceptor.interceptDynamicTest(InvocationInterceptor.java:184)
	at app//org.junit.jupiter.engine.descriptor.DynamicTestTestDescriptor.lambda$execute$1(DynamicTestTestDescriptor.java:61)
	at app//org.junit.jupiter.engine.execution.InvocationInterceptorChain$InterceptorCall.lambda$ofVoid$0(InvocationInterceptorChain.java:78)
	at app//org.junit.jupiter.engine.execution.InvocationInterceptorChain$InterceptedInvocation.proceed(InvocationInterceptorChain.java:106)
	at app//org.junit.jupiter.engine.execution.InvocationInterceptorChain.proceed(InvocationInterceptorChain.java:64)
	at app//org.junit.jupiter.engine.execution.InvocationInterceptorChain.chainAndInvoke(InvocationInterceptorChain.java:45)
	at app//org.junit.jupiter.engine.execution.InvocationInterceptorChain.invoke(InvocationInterceptorChain.java:37)
	at app//org.junit.jupiter.engine.descriptor.DynamicTestTestDescriptor.execute(DynamicTestTestDescriptor.java:60)
	at app//org.junit.jupiter.engine.descriptor.DynamicTestTestDescriptor.execute(DynamicTestTestDescriptor.java:32)
	at app//org.junit.platform.engine.support.hierarchical.NodeTestTask.lambda$executeRecursively$6(NodeTestTask.java:151)
	at app//org.junit.platform.engine.support.hierarchical.ThrowableCollector.execute(ThrowableCollector.java:73)
	at app//org.junit.platform.engine.support.hierarchical.NodeTestTask.lambda$executeRecursively$8(NodeTestTask.java:141)
	at app//org.junit.platform.engine.support.hierarchical.Node.around(Node.java:137)
	at app//org.junit.platform.engine.support.hierarchical.NodeTestTask.lambda$executeRecursively$9(NodeTestTask.java:139)
	at app//org.junit.platform.engine.support.hierarchical.ThrowableCollector.execute(ThrowableCollector.java:73)
	at app//org.junit.platform.engine.support.hierarchical.NodeTestTask.executeRecursively(NodeTestTask.java:138)
	at app//org.junit.platform.engine.support.hierarchical.NodeTestTask.execute(NodeTestTask.java:95)
	at app//org.junit.platform.engine.support.hierarchical.SameThreadHierarchicalTestExecutorService.submit(SameThreadHierarchicalTestExecutorService.java:35)
	at app//org.junit.platform.engine.support.hierarchical.NodeTestTask$DefaultDynamicTestExecutor.execute(NodeTestTask.java:226)
	at app//org.junit.platform.engine.support.hierarchical.NodeTestTask$DefaultDynamicTestExecutor.execute(NodeTestTask.java:204)
	at java.base@11.0.19/java.util.Optional.ifPresent(Optional.java:183)
	at app//org.junit.jupiter.engine.descriptor.TestFactoryTestDescriptor.lambda$invokeTestMethod$1(TestFactoryTestDescriptor.java:108)
	at app//org.junit.platform.engine.support.hierarchical.ThrowableCollector.execute(ThrowableCollector.java:73)
	at app//org.junit.jupiter.engine.descriptor.TestFactoryTestDescriptor.invokeTestMethod(TestFactoryTestDescriptor.java:95)
	at app//org.junit.jupiter.engine.descriptor.TestMethodTestDescriptor.execute(TestMethodTestDescriptor.java:138)
	at app//org.junit.jupiter.engine.descriptor.TestMethodTestDescriptor.execute(TestMethodTestDescriptor.java:68)
	at app//org.junit.platform.engine.support.hierarchical.NodeTestTask.lambda$executeRecursively$6(NodeTestTask.java:151)
	at app//org.junit.platform.engine.support.hierarchical.ThrowableCollector.execute(ThrowableCollector.java:73)
	at app//org.junit.platform.engine.support.hierarchical.NodeTestTask.lambda$executeRecursively$8(NodeTestTask.java:141)
	at app//org.junit.platform.engine.support.hierarchical.Node.around(Node.java:137)
	at app//org.junit.platform.engine.support.hierarchical.NodeTestTask.lambda$executeRecursively$9(NodeTestTask.java:139)
	at app//org.junit.platform.engine.support.hierarchical.ThrowableCollector.execute(ThrowableCollector.java:73)
	at app//org.junit.platform.engine.support.hierarchical.NodeTestTask.executeRecursively(NodeTestTask.java:138)
	at app//org.junit.platform.engine.support.hierarchical.NodeTestTask.execute(NodeTestTask.java:95)
	at java.base@11.0.19/java.util.ArrayList.forEach(ArrayList.java:1541)
	at app//org.junit.platform.engine.support.hierarchical.SameThreadHierarchicalTestExecutorService.invokeAll(SameThreadHierarchicalTestExecutorService.java:41)
	at app//org.junit.platform.engine.support.hierarchical.NodeTestTask.lambda$executeRecursively$6(NodeTestTask.java:155)
	at app//org.junit.platform.engine.support.hierarchical.ThrowableCollector.execute(ThrowableCollector.java:73)
	at app//org.junit.platform.engine.support.hierarchical.NodeTestTask.lambda$executeRecursively$8(NodeTestTask.java:141)
	at app//org.junit.platform.engine.support.hierarchical.Node.around(Node.java:137)
	at app//org.junit.platform.engine.support.hierarchical.NodeTestTask.lambda$executeRecursively$9(NodeTestTask.java:139)
	at app//org.junit.platform.engine.support.hierarchical.ThrowableCollector.execute(ThrowableCollector.java:73)
	at app//org.junit.platform.engine.support.hierarchical.NodeTestTask.executeRecursively(NodeTestTask.java:138)
	at app//org.junit.platform.engine.support.hierarchical.NodeTestTask.execute(NodeTestTask.java:95)
	at java.base@11.0.19/java.util.ArrayList.forEach(ArrayList.java:1541)
	at app//org.junit.platform.engine.support.hierarchical.SameThreadHierarchicalTestExecutorService.invokeAll(SameThreadHierarchicalTestExecutorService.java:41)
	at app//org.junit.platform.engine.support.hierarchical.NodeTestTask.lambda$executeRecursively$6(NodeTestTask.java:155)
	at app//org.junit.platform.engine.support.hierarchical.ThrowableCollector.execute(ThrowableCollector.java:73)
	at app//org.junit.platform.engine.support.hierarchical.NodeTestTask.lambda$executeRecursively$8(NodeTestTask.java:141)
	at app//org.junit.platform.engine.support.hierarchical.Node.around(Node.java:137)
	at app//org.junit.platform.engine.support.hierarchical.NodeTestTask.lambda$executeRecursively$9(NodeTestTask.java:139)
	at app//org.junit.platform.engine.support.hierarchical.ThrowableCollector.execute(ThrowableCollector.java:73)
	at app//org.junit.platform.engine.support.hierarchical.NodeTestTask.executeRecursively(NodeTestTask.java:138)
	at app//org.junit.platform.engine.support.hierarchical.NodeTestTask.execute(NodeTestTask.java:95)
	at app//org.junit.platform.engine.support.hierarchical.SameThreadHierarchicalTestExecutorService.submit(SameThreadHierarchicalTestExecutorService.java:35)
	at app//org.junit.platform.engine.support.hierarchical.HierarchicalTestExecutor.execute(HierarchicalTestExecutor.java:57)
	at app//org.junit.platform.engine.support.hierarchical.HierarchicalTestEngine.execute(HierarchicalTestEngine.java:54)
	at app//org.junit.platform.launcher.core.EngineExecutionOrchestrator.execute(EngineExecutionOrchestrator.java:107)
	at app//org.junit.platform.launcher.core.EngineExecutionOrchestrator.execute(EngineExecutionOrchestrator.java:88)
	at app//org.junit.platform.launcher.core.EngineExecutionOrchestrator.lambda$execute$0(EngineExecutionOrchestrator.java:54)
	at app//org.junit.platform.launcher.core.EngineExecutionOrchestrator.withInterceptedStreams(EngineExecutionOrchestrator.java:67)
	at app//org.junit.platform.launcher.core.EngineExecutionOrchestrator.execute(EngineExecutionOrchestrator.java:52)
	at app//org.junit.platform.launcher.core.DefaultLauncher.execute(DefaultLauncher.java:114)
	at app//org.junit.platform.launcher.core.DefaultLauncher.execute(DefaultLauncher.java:86)
	at app//org.junit.platform.launcher.core.DefaultLauncherSession$DelegatingLauncher.execute(DefaultLauncherSession.java:86)
	at org.gradle.api.internal.tasks.testing.junitplatform.JUnitPlatformTestClassProcessor$CollectAllTestClassesExecutor.processAllTestClasses(JUnitPlatformTestClassProcessor.java:110)
	at org.gradle.api.internal.tasks.testing.junitplatform.JUnitPlatformTestClassProcessor$CollectAllTestClassesExecutor.access$000(JUnitPlatformTestClassProcessor.java:90)
	at org.gradle.api.internal.tasks.testing.junitplatform.JUnitPlatformTestClassProcessor.stop(JUnitPlatformTestClassProcessor.java:85)
	at org.gradle.api.internal.tasks.testing.SuiteTestClassProcessor.stop(SuiteTestClassProcessor.java:62)
	at java.base@11.0.19/jdk.internal.reflect.NativeMethodAccessorImpl.invoke0(Native Method)
	at java.base@11.0.19/jdk.internal.reflect.NativeMethodAccessorImpl.invoke(NativeMethodAccessorImpl.java:62)
	at java.base@11.0.19/jdk.internal.reflect.DelegatingMethodAccessorImpl.invoke(DelegatingMethodAccessorImpl.java:43)
	at java.base@11.0.19/java.lang.reflect.Method.invoke(Method.java:566)
	at org.gradle.internal.dispatch.ReflectionDispatch.dispatch(ReflectionDispatch.java:36)
	at org.gradle.internal.dispatch.ReflectionDispatch.dispatch(ReflectionDispatch.java:24)
	at org.gradle.internal.dispatch.ContextClassLoaderDispatch.dispatch(ContextClassLoaderDispatch.java:33)
	at org.gradle.internal.dispatch.ProxyDispatchAdapter$DispatchingInvocationHandler.invoke(ProxyDispatchAdapter.java:94)
	at com.sun.proxy.$Proxy2.stop(Unknown Source)
	at org.gradle.api.internal.tasks.testing.worker.TestWorker$3.run(TestWorker.java:193)
	at org.gradle.api.internal.tasks.testing.worker.TestWorker.executeAndMaintainThreadName(TestWorker.java:129)
	at org.gradle.api.internal.tasks.testing.worker.TestWorker.execute(TestWorker.java:100)
	at org.gradle.api.internal.tasks.testing.worker.TestWorker.execute(TestWorker.java:60)
	at org.gradle.process.internal.worker.child.ActionExecutionWorker.execute(ActionExecutionWorker.java:56)
	at org.gradle.process.internal.worker.child.SystemApplicationClassLoaderWorker.call(SystemApplicationClassLoaderWorker.java:113)
	at org.gradle.process.internal.worker.child.SystemApplicationClassLoaderWorker.call(SystemApplicationClassLoaderWorker.java:65)
	at app//worker.org.gradle.process.internal.worker.GradleWorkerMain.run(GradleWorkerMain.java:69)
	at app//worker.org.gradle.process.internal.worker.GradleWorkerMain.main(GradleWorkerMain.java:74)
</failure>
  </testcase>
  <testcase name="SmansEtAl" classname="de.uka.ilkd.key.proof.runallproofs.RunAllProofsFunctional" time="163.976">
    <failure message="org.opentest4j.AssertionFailedError: Executed process terminated with non-zero exit value. ==&gt; expected: &lt;0&gt; but was: &lt;1&gt;" type="org.opentest4j.AssertionFailedError">org.opentest4j.AssertionFailedError: Executed process terminated with non-zero exit value. ==&gt; expected: &lt;0&gt; but was: &lt;1&gt;
	at app//org.junit.jupiter.api.AssertionFailureBuilder.build(AssertionFailureBuilder.java:151)
	at app//org.junit.jupiter.api.AssertionFailureBuilder.buildAndThrow(AssertionFailureBuilder.java:132)
	at app//org.junit.jupiter.api.AssertEquals.failNotEqual(AssertEquals.java:197)
	at app//org.junit.jupiter.api.AssertEquals.assertEquals(AssertEquals.java:150)
	at app//org.junit.jupiter.api.Assertions.assertEquals(Assertions.java:560)
	at app//de.uka.ilkd.key.proof.runallproofs.proofcollection.ForkedTestFileRunner.processTestFiles(ForkedTestFileRunner.java:130)
	at app//de.uka.ilkd.key.proof.runallproofs.RunAllProofsTestUnit.runTest(RunAllProofsTestUnit.java:89)
	at app//de.uka.ilkd.key.proof.runallproofs.RunAllProofsTest.lambda$data$0(RunAllProofsTest.java:77)
	at app//org.junit.jupiter.engine.descriptor.DynamicTestTestDescriptor.lambda$execute$0(DynamicTestTestDescriptor.java:53)
	at app//org.junit.jupiter.engine.execution.InvocationInterceptorChain$ValidatingInvocation.proceed(InvocationInterceptorChain.java:131)
	at app//org.junit.jupiter.api.extension.InvocationInterceptor.interceptDynamicTest(InvocationInterceptor.java:167)
	at app//org.junit.jupiter.api.extension.InvocationInterceptor.interceptDynamicTest(InvocationInterceptor.java:184)
	at app//org.junit.jupiter.engine.descriptor.DynamicTestTestDescriptor.lambda$execute$1(DynamicTestTestDescriptor.java:61)
	at app//org.junit.jupiter.engine.execution.InvocationInterceptorChain$InterceptorCall.lambda$ofVoid$0(InvocationInterceptorChain.java:78)
	at app//org.junit.jupiter.engine.execution.InvocationInterceptorChain$InterceptedInvocation.proceed(InvocationInterceptorChain.java:106)
	at app//org.junit.jupiter.engine.execution.InvocationInterceptorChain.proceed(InvocationInterceptorChain.java:64)
	at app//org.junit.jupiter.engine.execution.InvocationInterceptorChain.chainAndInvoke(InvocationInterceptorChain.java:45)
	at app//org.junit.jupiter.engine.execution.InvocationInterceptorChain.invoke(InvocationInterceptorChain.java:37)
	at app//org.junit.jupiter.engine.descriptor.DynamicTestTestDescriptor.execute(DynamicTestTestDescriptor.java:60)
	at app//org.junit.jupiter.engine.descriptor.DynamicTestTestDescriptor.execute(DynamicTestTestDescriptor.java:32)
	at app//org.junit.platform.engine.support.hierarchical.NodeTestTask.lambda$executeRecursively$6(NodeTestTask.java:151)
	at app//org.junit.platform.engine.support.hierarchical.ThrowableCollector.execute(ThrowableCollector.java:73)
	at app//org.junit.platform.engine.support.hierarchical.NodeTestTask.lambda$executeRecursively$8(NodeTestTask.java:141)
	at app//org.junit.platform.engine.support.hierarchical.Node.around(Node.java:137)
	at app//org.junit.platform.engine.support.hierarchical.NodeTestTask.lambda$executeRecursively$9(NodeTestTask.java:139)
	at app//org.junit.platform.engine.support.hierarchical.ThrowableCollector.execute(ThrowableCollector.java:73)
	at app//org.junit.platform.engine.support.hierarchical.NodeTestTask.executeRecursively(NodeTestTask.java:138)
	at app//org.junit.platform.engine.support.hierarchical.NodeTestTask.execute(NodeTestTask.java:95)
	at app//org.junit.platform.engine.support.hierarchical.SameThreadHierarchicalTestExecutorService.submit(SameThreadHierarchicalTestExecutorService.java:35)
	at app//org.junit.platform.engine.support.hierarchical.NodeTestTask$DefaultDynamicTestExecutor.execute(NodeTestTask.java:226)
	at app//org.junit.platform.engine.support.hierarchical.NodeTestTask$DefaultDynamicTestExecutor.execute(NodeTestTask.java:204)
	at java.base@11.0.19/java.util.Optional.ifPresent(Optional.java:183)
	at app//org.junit.jupiter.engine.descriptor.TestFactoryTestDescriptor.lambda$invokeTestMethod$1(TestFactoryTestDescriptor.java:108)
	at app//org.junit.platform.engine.support.hierarchical.ThrowableCollector.execute(ThrowableCollector.java:73)
	at app//org.junit.jupiter.engine.descriptor.TestFactoryTestDescriptor.invokeTestMethod(TestFactoryTestDescriptor.java:95)
	at app//org.junit.jupiter.engine.descriptor.TestMethodTestDescriptor.execute(TestMethodTestDescriptor.java:138)
	at app//org.junit.jupiter.engine.descriptor.TestMethodTestDescriptor.execute(TestMethodTestDescriptor.java:68)
	at app//org.junit.platform.engine.support.hierarchical.NodeTestTask.lambda$executeRecursively$6(NodeTestTask.java:151)
	at app//org.junit.platform.engine.support.hierarchical.ThrowableCollector.execute(ThrowableCollector.java:73)
	at app//org.junit.platform.engine.support.hierarchical.NodeTestTask.lambda$executeRecursively$8(NodeTestTask.java:141)
	at app//org.junit.platform.engine.support.hierarchical.Node.around(Node.java:137)
	at app//org.junit.platform.engine.support.hierarchical.NodeTestTask.lambda$executeRecursively$9(NodeTestTask.java:139)
	at app//org.junit.platform.engine.support.hierarchical.ThrowableCollector.execute(ThrowableCollector.java:73)
	at app//org.junit.platform.engine.support.hierarchical.NodeTestTask.executeRecursively(NodeTestTask.java:138)
	at app//org.junit.platform.engine.support.hierarchical.NodeTestTask.execute(NodeTestTask.java:95)
	at java.base@11.0.19/java.util.ArrayList.forEach(ArrayList.java:1541)
	at app//org.junit.platform.engine.support.hierarchical.SameThreadHierarchicalTestExecutorService.invokeAll(SameThreadHierarchicalTestExecutorService.java:41)
	at app//org.junit.platform.engine.support.hierarchical.NodeTestTask.lambda$executeRecursively$6(NodeTestTask.java:155)
	at app//org.junit.platform.engine.support.hierarchical.ThrowableCollector.execute(ThrowableCollector.java:73)
	at app//org.junit.platform.engine.support.hierarchical.NodeTestTask.lambda$executeRecursively$8(NodeTestTask.java:141)
	at app//org.junit.platform.engine.support.hierarchical.Node.around(Node.java:137)
	at app//org.junit.platform.engine.support.hierarchical.NodeTestTask.lambda$executeRecursively$9(NodeTestTask.java:139)
	at app//org.junit.platform.engine.support.hierarchical.ThrowableCollector.execute(ThrowableCollector.java:73)
	at app//org.junit.platform.engine.support.hierarchical.NodeTestTask.executeRecursively(NodeTestTask.java:138)
	at app//org.junit.platform.engine.support.hierarchical.NodeTestTask.execute(NodeTestTask.java:95)
	at java.base@11.0.19/java.util.ArrayList.forEach(ArrayList.java:1541)
	at app//org.junit.platform.engine.support.hierarchical.SameThreadHierarchicalTestExecutorService.invokeAll(SameThreadHierarchicalTestExecutorService.java:41)
	at app//org.junit.platform.engine.support.hierarchical.NodeTestTask.lambda$executeRecursively$6(NodeTestTask.java:155)
	at app//org.junit.platform.engine.support.hierarchical.ThrowableCollector.execute(ThrowableCollector.java:73)
	at app//org.junit.platform.engine.support.hierarchical.NodeTestTask.lambda$executeRecursively$8(NodeTestTask.java:141)
	at app//org.junit.platform.engine.support.hierarchical.Node.around(Node.java:137)
	at app//org.junit.platform.engine.support.hierarchical.NodeTestTask.lambda$executeRecursively$9(NodeTestTask.java:139)
	at app//org.junit.platform.engine.support.hierarchical.ThrowableCollector.execute(ThrowableCollector.java:73)
	at app//org.junit.platform.engine.support.hierarchical.NodeTestTask.executeRecursively(NodeTestTask.java:138)
	at app//org.junit.platform.engine.support.hierarchical.NodeTestTask.execute(NodeTestTask.java:95)
	at app//org.junit.platform.engine.support.hierarchical.SameThreadHierarchicalTestExecutorService.submit(SameThreadHierarchicalTestExecutorService.java:35)
	at app//org.junit.platform.engine.support.hierarchical.HierarchicalTestExecutor.execute(HierarchicalTestExecutor.java:57)
	at app//org.junit.platform.engine.support.hierarchical.HierarchicalTestEngine.execute(HierarchicalTestEngine.java:54)
	at app//org.junit.platform.launcher.core.EngineExecutionOrchestrator.execute(EngineExecutionOrchestrator.java:107)
	at app//org.junit.platform.launcher.core.EngineExecutionOrchestrator.execute(EngineExecutionOrchestrator.java:88)
	at app//org.junit.platform.launcher.core.EngineExecutionOrchestrator.lambda$execute$0(EngineExecutionOrchestrator.java:54)
	at app//org.junit.platform.launcher.core.EngineExecutionOrchestrator.withInterceptedStreams(EngineExecutionOrchestrator.java:67)
	at app//org.junit.platform.launcher.core.EngineExecutionOrchestrator.execute(EngineExecutionOrchestrator.java:52)
	at app//org.junit.platform.launcher.core.DefaultLauncher.execute(DefaultLauncher.java:114)
	at app//org.junit.platform.launcher.core.DefaultLauncher.execute(DefaultLauncher.java:86)
	at app//org.junit.platform.launcher.core.DefaultLauncherSession$DelegatingLauncher.execute(DefaultLauncherSession.java:86)
	at org.gradle.api.internal.tasks.testing.junitplatform.JUnitPlatformTestClassProcessor$CollectAllTestClassesExecutor.processAllTestClasses(JUnitPlatformTestClassProcessor.java:110)
	at org.gradle.api.internal.tasks.testing.junitplatform.JUnitPlatformTestClassProcessor$CollectAllTestClassesExecutor.access$000(JUnitPlatformTestClassProcessor.java:90)
	at org.gradle.api.internal.tasks.testing.junitplatform.JUnitPlatformTestClassProcessor.stop(JUnitPlatformTestClassProcessor.java:85)
	at org.gradle.api.internal.tasks.testing.SuiteTestClassProcessor.stop(SuiteTestClassProcessor.java:62)
	at java.base@11.0.19/jdk.internal.reflect.NativeMethodAccessorImpl.invoke0(Native Method)
	at java.base@11.0.19/jdk.internal.reflect.NativeMethodAccessorImpl.invoke(NativeMethodAccessorImpl.java:62)
	at java.base@11.0.19/jdk.internal.reflect.DelegatingMethodAccessorImpl.invoke(DelegatingMethodAccessorImpl.java:43)
	at java.base@11.0.19/java.lang.reflect.Method.invoke(Method.java:566)
	at org.gradle.internal.dispatch.ReflectionDispatch.dispatch(ReflectionDispatch.java:36)
	at org.gradle.internal.dispatch.ReflectionDispatch.dispatch(ReflectionDispatch.java:24)
	at org.gradle.internal.dispatch.ContextClassLoaderDispatch.dispatch(ContextClassLoaderDispatch.java:33)
	at org.gradle.internal.dispatch.ProxyDispatchAdapter$DispatchingInvocationHandler.invoke(ProxyDispatchAdapter.java:94)
	at com.sun.proxy.$Proxy2.stop(Unknown Source)
	at org.gradle.api.internal.tasks.testing.worker.TestWorker$3.run(TestWorker.java:193)
	at org.gradle.api.internal.tasks.testing.worker.TestWorker.executeAndMaintainThreadName(TestWorker.java:129)
	at org.gradle.api.internal.tasks.testing.worker.TestWorker.execute(TestWorker.java:100)
	at org.gradle.api.internal.tasks.testing.worker.TestWorker.execute(TestWorker.java:60)
	at org.gradle.process.internal.worker.child.ActionExecutionWorker.execute(ActionExecutionWorker.java:56)
	at org.gradle.process.internal.worker.child.SystemApplicationClassLoaderWorker.call(SystemApplicationClassLoaderWorker.java:113)
	at org.gradle.process.internal.worker.child.SystemApplicationClassLoaderWorker.call(SystemApplicationClassLoaderWorker.java:65)
	at app//worker.org.gradle.process.internal.worker.GradleWorkerMain.run(GradleWorkerMain.java:69)
	at app//worker.org.gradle.process.internal.worker.GradleWorkerMain.main(GradleWorkerMain.java:74)
</failure>
  </testcase>
  <testcase name="VACID0" classname="de.uka.ilkd.key.proof.runallproofs.RunAllProofsFunctional" time="76.903"/>
  <testcase name="VSTTE10" classname="de.uka.ilkd.key.proof.runallproofs.RunAllProofsFunctional" time="177.962"/>
  <testcase name="WeideEtAl" classname="de.uka.ilkd.key.proof.runallproofs.RunAllProofsFunctional" time="30.179"/>
  <testcase name="arithmetic" classname="de.uka.ilkd.key.proof.runallproofs.RunAllProofsFunctional" time="509.816"/>
  <testcase name="arrays" classname="de.uka.ilkd.key.proof.runallproofs.RunAllProofsFunctional" time="60.418"/>
  <testcase name="javadl" classname="de.uka.ilkd.key.proof.runallproofs.RunAllProofsFunctional" time="631.926"/>
  <testcase name="FOL" classname="de.uka.ilkd.key.proof.runallproofs.RunAllProofsFunctional" time="286.767"/>
  <testcase name="strings" classname="de.uka.ilkd.key.proof.runallproofs.RunAllProofsFunctional" time="161.472"/>
  <testcase name="simple_info_flow" classname="de.uka.ilkd.key.proof.runallproofs.RunAllProofsFunctional" time="13.865"/>
  <testcase name="modelMethods" classname="de.uka.ilkd.key.proof.runallproofs.RunAllProofsFunctional" time="193.611"/>
  <testcase name="permissionHeap" classname="de.uka.ilkd.key.proof.runallproofs.RunAllProofsFunctional" time="842.796">
    <failure message="org.opentest4j.AssertionFailedError: group permissionHeap:&#10;pass: Verifying property &quot;provable&quot; was successful for file: /home/runner/work/key/key/key.core/../key.ui/examples/heap/permissions/permissions_method0.key&#10;pass: Verifying property &quot;provable&quot; was successful for file: /home/runner/work/key/key/key.core/../key.ui/examples/heap/permissions/permissions_method1.key&#10;pass: Verifying property &quot;provable&quot; was successful for file: /home/runner/work/key/key/key.core/../key.ui/examples/heap/permissions/permissions_method3.key&#10;pass: Verifying property &quot;provable&quot; was successful for file: /home/runner/work/key/key/key.core/../key.ui/examples/heap/permissions/permissions_setAB.key&#10;pass: Verifying property &quot;provable&quot; was successful for file: /home/runner/work/key/key/key.core/../key.ui/examples/heap/permissions/permissionProperties.key&#10;pass: Verifying property &quot;provable&quot; was successful for file: /home/runner/work/key/key/key.core/../key.ui/examples/heap/permissions/threads/AFilter_AFilter.key&#10;pass: Verifying property &quot;provable&quot; was successful for file: /home/runner/work/key/key/key.core/../key.ui/examples/heap/permissions/threads/AFilter_initPost_accessible.key&#10;pass: Verifying property &quot;provable&quot; was successful for file: /home/runner/work/key/key/key.core/../key.ui/examples/heap/permissions/threads/AFilter_inv_accessible1.key&#10;pass: Verifying property &quot;provable&quot; was successful for file: /home/runner/work/key/key/key.core/../key.ui/examples/heap/permissions/threads/AFilter_inv_accessible2.key&#10;pass: Verifying property &quot;provable&quot; was successful for file: /home/runner/work/key/key/key.core/../key.ui/examples/heap/permissions/threads/AFilter_joinTransfer_accessible.key&#10;pass: Verifying property &quot;provable&quot; was successful for file: /home/runner/work/key/key/key.core/../key.ui/examples/heap/permissions/threads/AFilter_joinTransfer_contract.key&#10;pass: Verifying property &quot;provable&quot; was successful for file: /home/runner/work/key/key/key.core/../key.ui/examples/heap/permissions/threads/AFilter_postJoin_accessible.key&#10;pass: Verifying property &quot;provable&quot; was successful for file: /home/runner/work/key/key/key.core/../key.ui/examples/heap/permissions/threads/AFilter_preStart_accessible.key&#10;pass: Verifying property &quot;provable&quot; was successful for file: /home/runner/work/key/key/key.core/../key.ui/examples/heap/permissions/threads/AFilter_startTransfer_accessible.key&#10;pass: Verifying property &quot;provable&quot; was successful for file: /home/runner/work/key/key/key.core/../key.ui/examples/heap/permissions/threads/AFilter_startTransfer_contract.key&#10;pass: Verifying property &quot;provable&quot; was successful for file: /home/runner/work/key/key/key.core/../key.ui/examples/heap/permissions/threads/AFilter_stateInv_accessible.key&#10;pass: Verifying property &quot;provable&quot; was successful for file: /home/runner/work/key/key/key.core/../key.ui/examples/heap/permissions/threads/AFilter_staticPermissions_accessible.key&#10;pass: Verifying property &quot;provable&quot; was successful for file: /home/runner/work/key/key/key.core/../key.ui/examples/heap/permissions/threads/AFilter_workingPermissions_accessible.key&#10;pass: Verifying property &quot;provable&quot; was successful for file: /home/runner/work/key/key/key.core/../key.ui/examples/heap/permissions/threads/BFilter_BFilter.key&#10;pass: Verifying property &quot;provable&quot; was successful for file: /home/runner/work/key/key/key.core/../key.ui/examples/heap/permissions/threads/BFilter_initPost_accessible.key&#10;pass: Verifying property &quot;provable&quot; was successful for file: /home/runner/work/key/key/key.core/../key.ui/examples/heap/permissions/threads/BFilter_inv_accessible1.key&#10;pass: Verifying property &quot;provable&quot; was successful for file: /home/runner/work/key/key/key.core/../key.ui/examples/heap/permissions/threads/BFilter_inv_accessible2.key&#10;pass: Verifying property &quot;provable&quot; was successful for file: /home/runner/work/key/key/key.core/../key.ui/examples/heap/permissions/threads/BFilter_joinTransfer_accessible.key&#10;pass: Verifying property &quot;provable&quot; was successful for file: /home/runner/work/key/key/key.core/../key.ui/examples/heap/permissions/threads/BFilter_joinTransfer_contract.key&#10;pass: Verifying property &quot;provable&quot; was successful for file: /home/runner/work/key/key/key.core/../key.ui/examples/heap/permissions/threads/BFilter_postJoin_accessible.key&#10;pass: Verifying property &quot;provable&quot; was successful for file: /home/runner/work/key/key/key.core/../key.ui/examples/heap/permissions/threads/BFilter_preStart_accessible.key&#10;pass: Verifying property &quot;provable&quot; was successful for file: /home/runner/work/key/key/key.core/../key.ui/examples/heap/permissions/threads/BFilter_startTransfer_accessible.key&#10;pass: Verifying property &quot;provable&quot; was successful for file: /home/runner/work/key/key/key.core/../key.ui/examples/heap/permissions/threads/BFilter_startTransfer_contract.key&#10;pass: Verifying property &quot;provable&quot; was successful for file: /home/runner/work/key/key/key.core/../key.ui/examples/heap/permissions/threads/BFilter_stateInv_accessible.key&#10;pass: Verifying property &quot;provable&quot; was successful for file: /home/runner/work/key/key/key.core/../key.ui/examples/heap/permissions/threads/BFilter_staticPermissions_accessible.key&#10;pass: Verifying property &quot;provable&quot; was successful for file: /home/runner/work/key/key/key.core/../key.ui/examples/heap/permissions/threads/BFilter_workingPermissions_accessible.key&#10;pass: Verifying property &quot;provable&quot; was successful for file: /home/runner/work/key/key/key.core/../key.ui/examples/heap/permissions/threads/Fib_Fib.key&#10;pass: Verifying property &quot;provable&quot; was successful for file: /home/runner/work/key/key/key.core/../key.ui/examples/heap/permissions/threads/Fib_initPost_accessible.key&#10;pass: Verifying property &quot;provable&quot; was successful for file: /home/runner/work/key/key/key.core/../key.ui/examples/heap/permissions/threads/Fib_inv1_accessible.key&#10;pass: Verifying property &quot;provable&quot; was successful for file: /home/runner/work/key/key/key.core/../key.ui/examples/heap/permissions/threads/Fib_inv2_accessible.key&#10;pass: Verifying property &quot;provable&quot; was successful for file: /home/runner/work/key/key/key.core/../key.ui/examples/heap/permissions/threads/Fib_joinTransfer_accessible.key&#10;pass: Verifying property &quot;provable&quot; was successful for file: /home/runner/work/key/key/key.core/../key.ui/examples/heap/permissions/threads/Fib_joinTransfer_contract.key&#10;pass: Verifying property &quot;provable&quot; was successful for file: /home/runner/work/key/key/key.core/../key.ui/examples/heap/permissions/threads/Fib_postJoin_accessible.key&#10;pass: Verifying property &quot;provable&quot; was successful for file: /home/runner/work/key/key/key.core/../key.ui/examples/heap/permissions/threads/Fib_preStart_accessible.key&#10;pass: Verifying property &quot;provable&quot; was successful for file: /home/runner/work/key/key/key.core/../key.ui/examples/heap/permissions/threads/Fib_startTransfer_accessible.key&#10;pass: Verifying property &quot;provable&quot; was successful for file: /home/runner/work/key/key/key.core/../key.ui/examples/heap/permissions/threads/Fib_startTransfer_contract.key&#10;pass: Verifying property &quot;provable&quot; was successful for file: /home/runner/work/key/key/key.core/../key.ui/examples/heap/permissions/threads/Fib_workingPermissions_accessible.key&#10;pass: Verifying property &quot;provable&quot; was successful for file: /home/runner/work/key/key/key.core/../key.ui/examples/heap/permissions/threads/Plotter_initPost_accessible.key&#10;pass: Verifying property &quot;provable&quot; was successful for file: /home/runner/work/key/key/key.core/../key.ui/examples/heap/permissions/threads/Plotter_inv_accessible1.key&#10;pass: Verifying property &quot;provable&quot; was successful for file: /home/runner/work/key/key/key.core/../key.ui/examples/heap/permissions/threads/Plotter_inv_accessible2.key&#10;pass: Verifying property &quot;provable&quot; was successful for file: /home/runner/work/key/key/key.core/../key.ui/examples/heap/permissions/threads/Plotter_joinTransfer_contract.key&#10;pass: Verifying property &quot;provable&quot; was successful for file: /home/runner/work/key/key/key.core/../key.ui/examples/heap/permissions/threads/Plotter_Plotter.key&#10;pass: Verifying property &quot;provable&quot; was successful for file: /home/runner/work/key/key/key.core/../key.ui/examples/heap/permissions/threads/Plotter_postJoin_accessible.key&#10;pass: Verifying property &quot;provable&quot; was successful for file: /home/runner/work/key/key/key.core/../key.ui/examples/heap/permissions/threads/Plotter_preStart_accessible.key&#10;pass: Verifying property &quot;provable&quot; was successful for file: /home/runner/work/key/key/key.core/../key.ui/examples/heap/permissions/threads/Plotter_stateInv_accessible.key&#10;pass: Verifying property &quot;provable&quot; was successful for file: /home/runner/work/key/key/key.core/../key.ui/examples/heap/permissions/threads/Plotter_staticPermissions_accessible.key&#10;pass: Verifying property &quot;provable&quot; was successful for file: /home/runner/work/key/key/key.core/../key.ui/examples/heap/permissions/threads/Plotter_workingPermissions_accessible.key&#10;pass: Verifying property &quot;provable&quot; was successful for file: /home/runner/work/key/key/key.core/../key.ui/examples/heap/permissions/threads/Sampler_initPost_accessible.key&#10;pass: Verifying property &quot;provable&quot; was successful for file: /home/runner/work/key/key/key.core/../key.ui/examples/heap/permissions/threads/Sampler_inv_accessible1.key&#10;pass: Verifying property &quot;provable&quot; was successful for file: /home/runner/work/key/key/key.core/../key.ui/examples/heap/permissions/threads/Sampler_inv_accessible2.key&#10;pass: Verifying property &quot;provable&quot; was successful for file: /home/runner/work/key/key/key.core/../key.ui/examples/heap/permissions/threads/Sampler_joinTransfer_accessible.key&#10;pass: Verifying property &quot;provable&quot; was successful for file: /home/runner/work/key/key/key.core/../key.ui/examples/heap/permissions/threads/Sampler_joinTransfer_contract.key&#10;pass: Verifying property &quot;provable&quot; was successful for file: /home/runner/work/key/key/key.core/../key.ui/examples/heap/permissions/threads/Sampler_postJoin_accessible.key&#10;pass: Verifying property &quot;provable&quot; was successful for file: /home/runner/work/key/key/key.core/../key.ui/examples/heap/permissions/threads/Sampler_preStart_accessible.key&#10;pass: Verifying property &quot;provable&quot; was successful for file: /home/runner/work/key/key/key.core/../key.ui/examples/heap/permissions/threads/Sampler_run.key&#10;pass: Verifying property &quot;provable&quot; was successful for file: /home/runner/work/key/key/key.core/../key.ui/examples/heap/permissions/threads/Sampler_Sampler.key&#10;pass: Verifying property &quot;provable&quot; was successful for file: /home/runner/work/key/key/key.core/../key.ui/examples/heap/permissions/threads/Sampler_startTransfer_accessible.key&#10;pass: Verifying property &quot;provable&quot; was successful for file: /home/runner/work/key/key/key.core/../key.ui/examples/heap/permissions/threads/Sampler_startTransfer_contract.key&#10;pass: Verifying property &quot;provable&quot; was successful for file: /home/runner/work/key/key/key.core/../key.ui/examples/heap/permissions/threads/Sampler_stateInv_accessible.key&#10;pass: Verifying property &quot;provable&quot; was successful for file: /home/runner/work/key/key/key.core/../key.ui/examples/heap/permissions/threads/Sampler_staticPermissions_accessible.key&#10;pass: Verifying property &quot;provable&quot; was successful for file: /home/runner/work/key/key/key.core/../key.ui/examples/heap/permissions/threads/Sampler_workingPermissions_accessible.key&#10;pass: Verifying property &quot;provable&quot; was successful for file: /home/runner/work/key/key/key.core/../key.ui/examples/heap/permissions/mulleretal/ReadWrite_doRead_contract.key&#10;pass: Verifying property &quot;provable&quot; was successful for file: /home/runner/work/key/key/key.core/../key.ui/examples/heap/permissions/mulleretal/ReadWrite_doWrite_contract.key&#10;pass: Verifying property &quot;provable&quot; was successful for file: /home/runner/work/key/key/key.core/../key.ui/examples/heap/permissions/mulleretal/ReadWrite_read_contract.key&#10;pass: Verifying property &quot;provable&quot; was successful for file: /home/runner/work/key/key/key.core/../key.ui/examples/heap/permissions/mulleretal/ReadWrite_write_contract.key&#10;pass: Verifying property &quot;provable&quot; was successful for file: /home/runner/work/key/key/key.core/../key.ui/examples/heap/permissions/mulleretal/ReadWrite_inv1_accessible.key&#10;pass: Verifying property &quot;provable&quot; was successful for file: /home/runner/work/key/key/key.core/../key.ui/examples/heap/permissions/mulleretal/ReadWrite_inv2_accessible.key&#10;pass: Verifying property &quot;provable&quot; was successful for file: /home/runner/work/key/key/key.core/../key.ui/examples/heap/permissions/lockspec/Counter_lockConsistent_contract.key&#10;FAIL: Verifying property &quot;provable&quot; failed for file: /home/runner/work/key/key/key.core/../key.ui/examples/heap/permissions/lockspec/Counter_increase_contract.key&#10;pass: Verifying property &quot;provable&quot; was successful for file: /home/runner/work/key/key/key.core/../key.ui/examples/heap/permissions/lockspec/Counter_fp_accessible.key&#10;pass: Verifying property &quot;provable&quot; was successful for file: /home/runner/work/key/key/key.core/../key.ui/examples/heap/permissions/lockspec/Counter_fpLock_accessible.key&#10;pass: Verifying property &quot;provable&quot; was successful for file: /home/runner/work/key/key/key.core/../key.ui/examples/heap/permissions/lockspec/Counter_fpPerm_accessible.key&#10;pass: Verifying property &quot;provable&quot; was successful for file: /home/runner/work/key/key/key.core/../key.ui/examples/heap/permissions/lockspec/Counter_inv_accessible1.key&#10;pass: Verifying property &quot;provable&quot; was successful for file: /home/runner/work/key/key/key.core/../key.ui/examples/heap/permissions/lockspec/Counter_inv_accessible2.key&#10;pass: Verifying property &quot;provable&quot; was successful for file: /home/runner/work/key/key/key.core/../key.ui/examples/heap/permissions/lockspec/Counter_lockRef_accessible.key&#10;pass: Verifying property &quot;provable&quot; was successful for file: /home/runner/work/key/key/key.core/../key.ui/examples/heap/permissions/lockspec/Counter_lockRef_contract1.key&#10;pass: Verifying property &quot;provable&quot; was successful for file: /home/runner/work/key/key/key.core/../key.ui/examples/heap/permissions/lockspec/Counter_lockRef_contract2.key&#10;pass: Verifying property &quot;provable&quot; was successful for file: /home/runner/work/key/key/key.core/../key.ui/examples/heap/permissions/lockspec/Counter_lockState_accessible.key&#10;pass: Verifying property &quot;provable&quot; was successful for file: /home/runner/work/key/key/key.core/../key.ui/examples/heap/permissions/lockspec/Counter_lockStatus_accessible.key&#10;pass: Verifying property &quot;provable&quot; was successful for file: /home/runner/work/key/key/key.core/../key.ui/examples/heap/permissions/lockspec/Counter_lockTransfer_accessible.key&#10;pass: Verifying property &quot;provable&quot; was successful for file: /home/runner/work/key/key/key.core/../key.ui/examples/heap/permissions/lockspec/Counter_unlockTransfer_accessible.key&#10;pass: Verifying property &quot;loadable&quot; was successful for file: /home/runner/work/key/key/key.core/../key.ui/examples/heap/permissions/threads/Plotter_startTransfer_contract.proof&#10;pass: Verifying property &quot;loadable&quot; was successful for file: /home/runner/work/key/key/key.core/../key.ui/examples/heap/permissions/threads/Plotter_startTransfer_accessible.proof&#10;pass: Verifying property &quot;loadable&quot; was successful for file: /home/runner/work/key/key/key.core/../key.ui/examples/heap/permissions/threads/Plotter_joinTransfer_accessible.proof&#10; ==&gt; expected: &lt;true&gt; but was: &lt;false&gt;" type="org.opentest4j.AssertionFailedError">org.opentest4j.AssertionFailedError: group permissionHeap:
pass: Verifying property &quot;provable&quot; was successful for file: /home/runner/work/key/key/key.core/../key.ui/examples/heap/permissions/permissions_method0.key
pass: Verifying property &quot;provable&quot; was successful for file: /home/runner/work/key/key/key.core/../key.ui/examples/heap/permissions/permissions_method1.key
pass: Verifying property &quot;provable&quot; was successful for file: /home/runner/work/key/key/key.core/../key.ui/examples/heap/permissions/permissions_method3.key
pass: Verifying property &quot;provable&quot; was successful for file: /home/runner/work/key/key/key.core/../key.ui/examples/heap/permissions/permissions_setAB.key
pass: Verifying property &quot;provable&quot; was successful for file: /home/runner/work/key/key/key.core/../key.ui/examples/heap/permissions/permissionProperties.key
pass: Verifying property &quot;provable&quot; was successful for file: /home/runner/work/key/key/key.core/../key.ui/examples/heap/permissions/threads/AFilter_AFilter.key
pass: Verifying property &quot;provable&quot; was successful for file: /home/runner/work/key/key/key.core/../key.ui/examples/heap/permissions/threads/AFilter_initPost_accessible.key
pass: Verifying property &quot;provable&quot; was successful for file: /home/runner/work/key/key/key.core/../key.ui/examples/heap/permissions/threads/AFilter_inv_accessible1.key
pass: Verifying property &quot;provable&quot; was successful for file: /home/runner/work/key/key/key.core/../key.ui/examples/heap/permissions/threads/AFilter_inv_accessible2.key
pass: Verifying property &quot;provable&quot; was successful for file: /home/runner/work/key/key/key.core/../key.ui/examples/heap/permissions/threads/AFilter_joinTransfer_accessible.key
pass: Verifying property &quot;provable&quot; was successful for file: /home/runner/work/key/key/key.core/../key.ui/examples/heap/permissions/threads/AFilter_joinTransfer_contract.key
pass: Verifying property &quot;provable&quot; was successful for file: /home/runner/work/key/key/key.core/../key.ui/examples/heap/permissions/threads/AFilter_postJoin_accessible.key
pass: Verifying property &quot;provable&quot; was successful for file: /home/runner/work/key/key/key.core/../key.ui/examples/heap/permissions/threads/AFilter_preStart_accessible.key
pass: Verifying property &quot;provable&quot; was successful for file: /home/runner/work/key/key/key.core/../key.ui/examples/heap/permissions/threads/AFilter_startTransfer_accessible.key
pass: Verifying property &quot;provable&quot; was successful for file: /home/runner/work/key/key/key.core/../key.ui/examples/heap/permissions/threads/AFilter_startTransfer_contract.key
pass: Verifying property &quot;provable&quot; was successful for file: /home/runner/work/key/key/key.core/../key.ui/examples/heap/permissions/threads/AFilter_stateInv_accessible.key
pass: Verifying property &quot;provable&quot; was successful for file: /home/runner/work/key/key/key.core/../key.ui/examples/heap/permissions/threads/AFilter_staticPermissions_accessible.key
pass: Verifying property &quot;provable&quot; was successful for file: /home/runner/work/key/key/key.core/../key.ui/examples/heap/permissions/threads/AFilter_workingPermissions_accessible.key
pass: Verifying property &quot;provable&quot; was successful for file: /home/runner/work/key/key/key.core/../key.ui/examples/heap/permissions/threads/BFilter_BFilter.key
pass: Verifying property &quot;provable&quot; was successful for file: /home/runner/work/key/key/key.core/../key.ui/examples/heap/permissions/threads/BFilter_initPost_accessible.key
pass: Verifying property &quot;provable&quot; was successful for file: /home/runner/work/key/key/key.core/../key.ui/examples/heap/permissions/threads/BFilter_inv_accessible1.key
pass: Verifying property &quot;provable&quot; was successful for file: /home/runner/work/key/key/key.core/../key.ui/examples/heap/permissions/threads/BFilter_inv_accessible2.key
pass: Verifying property &quot;provable&quot; was successful for file: /home/runner/work/key/key/key.core/../key.ui/examples/heap/permissions/threads/BFilter_joinTransfer_accessible.key
pass: Verifying property &quot;provable&quot; was successful for file: /home/runner/work/key/key/key.core/../key.ui/examples/heap/permissions/threads/BFilter_joinTransfer_contract.key
pass: Verifying property &quot;provable&quot; was successful for file: /home/runner/work/key/key/key.core/../key.ui/examples/heap/permissions/threads/BFilter_postJoin_accessible.key
pass: Verifying property &quot;provable&quot; was successful for file: /home/runner/work/key/key/key.core/../key.ui/examples/heap/permissions/threads/BFilter_preStart_accessible.key
pass: Verifying property &quot;provable&quot; was successful for file: /home/runner/work/key/key/key.core/../key.ui/examples/heap/permissions/threads/BFilter_startTransfer_accessible.key
pass: Verifying property &quot;provable&quot; was successful for file: /home/runner/work/key/key/key.core/../key.ui/examples/heap/permissions/threads/BFilter_startTransfer_contract.key
pass: Verifying property &quot;provable&quot; was successful for file: /home/runner/work/key/key/key.core/../key.ui/examples/heap/permissions/threads/BFilter_stateInv_accessible.key
pass: Verifying property &quot;provable&quot; was successful for file: /home/runner/work/key/key/key.core/../key.ui/examples/heap/permissions/threads/BFilter_staticPermissions_accessible.key
pass: Verifying property &quot;provable&quot; was successful for file: /home/runner/work/key/key/key.core/../key.ui/examples/heap/permissions/threads/BFilter_workingPermissions_accessible.key
pass: Verifying property &quot;provable&quot; was successful for file: /home/runner/work/key/key/key.core/../key.ui/examples/heap/permissions/threads/Fib_Fib.key
pass: Verifying property &quot;provable&quot; was successful for file: /home/runner/work/key/key/key.core/../key.ui/examples/heap/permissions/threads/Fib_initPost_accessible.key
pass: Verifying property &quot;provable&quot; was successful for file: /home/runner/work/key/key/key.core/../key.ui/examples/heap/permissions/threads/Fib_inv1_accessible.key
pass: Verifying property &quot;provable&quot; was successful for file: /home/runner/work/key/key/key.core/../key.ui/examples/heap/permissions/threads/Fib_inv2_accessible.key
pass: Verifying property &quot;provable&quot; was successful for file: /home/runner/work/key/key/key.core/../key.ui/examples/heap/permissions/threads/Fib_joinTransfer_accessible.key
pass: Verifying property &quot;provable&quot; was successful for file: /home/runner/work/key/key/key.core/../key.ui/examples/heap/permissions/threads/Fib_joinTransfer_contract.key
pass: Verifying property &quot;provable&quot; was successful for file: /home/runner/work/key/key/key.core/../key.ui/examples/heap/permissions/threads/Fib_postJoin_accessible.key
pass: Verifying property &quot;provable&quot; was successful for file: /home/runner/work/key/key/key.core/../key.ui/examples/heap/permissions/threads/Fib_preStart_accessible.key
pass: Verifying property &quot;provable&quot; was successful for file: /home/runner/work/key/key/key.core/../key.ui/examples/heap/permissions/threads/Fib_startTransfer_accessible.key
pass: Verifying property &quot;provable&quot; was successful for file: /home/runner/work/key/key/key.core/../key.ui/examples/heap/permissions/threads/Fib_startTransfer_contract.key
pass: Verifying property &quot;provable&quot; was successful for file: /home/runner/work/key/key/key.core/../key.ui/examples/heap/permissions/threads/Fib_workingPermissions_accessible.key
pass: Verifying property &quot;provable&quot; was successful for file: /home/runner/work/key/key/key.core/../key.ui/examples/heap/permissions/threads/Plotter_initPost_accessible.key
pass: Verifying property &quot;provable&quot; was successful for file: /home/runner/work/key/key/key.core/../key.ui/examples/heap/permissions/threads/Plotter_inv_accessible1.key
pass: Verifying property &quot;provable&quot; was successful for file: /home/runner/work/key/key/key.core/../key.ui/examples/heap/permissions/threads/Plotter_inv_accessible2.key
pass: Verifying property &quot;provable&quot; was successful for file: /home/runner/work/key/key/key.core/../key.ui/examples/heap/permissions/threads/Plotter_joinTransfer_contract.key
pass: Verifying property &quot;provable&quot; was successful for file: /home/runner/work/key/key/key.core/../key.ui/examples/heap/permissions/threads/Plotter_Plotter.key
pass: Verifying property &quot;provable&quot; was successful for file: /home/runner/work/key/key/key.core/../key.ui/examples/heap/permissions/threads/Plotter_postJoin_accessible.key
pass: Verifying property &quot;provable&quot; was successful for file: /home/runner/work/key/key/key.core/../key.ui/examples/heap/permissions/threads/Plotter_preStart_accessible.key
pass: Verifying property &quot;provable&quot; was successful for file: /home/runner/work/key/key/key.core/../key.ui/examples/heap/permissions/threads/Plotter_stateInv_accessible.key
pass: Verifying property &quot;provable&quot; was successful for file: /home/runner/work/key/key/key.core/../key.ui/examples/heap/permissions/threads/Plotter_staticPermissions_accessible.key
pass: Verifying property &quot;provable&quot; was successful for file: /home/runner/work/key/key/key.core/../key.ui/examples/heap/permissions/threads/Plotter_workingPermissions_accessible.key
pass: Verifying property &quot;provable&quot; was successful for file: /home/runner/work/key/key/key.core/../key.ui/examples/heap/permissions/threads/Sampler_initPost_accessible.key
pass: Verifying property &quot;provable&quot; was successful for file: /home/runner/work/key/key/key.core/../key.ui/examples/heap/permissions/threads/Sampler_inv_accessible1.key
pass: Verifying property &quot;provable&quot; was successful for file: /home/runner/work/key/key/key.core/../key.ui/examples/heap/permissions/threads/Sampler_inv_accessible2.key
pass: Verifying property &quot;provable&quot; was successful for file: /home/runner/work/key/key/key.core/../key.ui/examples/heap/permissions/threads/Sampler_joinTransfer_accessible.key
pass: Verifying property &quot;provable&quot; was successful for file: /home/runner/work/key/key/key.core/../key.ui/examples/heap/permissions/threads/Sampler_joinTransfer_contract.key
pass: Verifying property &quot;provable&quot; was successful for file: /home/runner/work/key/key/key.core/../key.ui/examples/heap/permissions/threads/Sampler_postJoin_accessible.key
pass: Verifying property &quot;provable&quot; was successful for file: /home/runner/work/key/key/key.core/../key.ui/examples/heap/permissions/threads/Sampler_preStart_accessible.key
pass: Verifying property &quot;provable&quot; was successful for file: /home/runner/work/key/key/key.core/../key.ui/examples/heap/permissions/threads/Sampler_run.key
pass: Verifying property &quot;provable&quot; was successful for file: /home/runner/work/key/key/key.core/../key.ui/examples/heap/permissions/threads/Sampler_Sampler.key
pass: Verifying property &quot;provable&quot; was successful for file: /home/runner/work/key/key/key.core/../key.ui/examples/heap/permissions/threads/Sampler_startTransfer_accessible.key
pass: Verifying property &quot;provable&quot; was successful for file: /home/runner/work/key/key/key.core/../key.ui/examples/heap/permissions/threads/Sampler_startTransfer_contract.key
pass: Verifying property &quot;provable&quot; was successful for file: /home/runner/work/key/key/key.core/../key.ui/examples/heap/permissions/threads/Sampler_stateInv_accessible.key
pass: Verifying property &quot;provable&quot; was successful for file: /home/runner/work/key/key/key.core/../key.ui/examples/heap/permissions/threads/Sampler_staticPermissions_accessible.key
pass: Verifying property &quot;provable&quot; was successful for file: /home/runner/work/key/key/key.core/../key.ui/examples/heap/permissions/threads/Sampler_workingPermissions_accessible.key
pass: Verifying property &quot;provable&quot; was successful for file: /home/runner/work/key/key/key.core/../key.ui/examples/heap/permissions/mulleretal/ReadWrite_doRead_contract.key
pass: Verifying property &quot;provable&quot; was successful for file: /home/runner/work/key/key/key.core/../key.ui/examples/heap/permissions/mulleretal/ReadWrite_doWrite_contract.key
pass: Verifying property &quot;provable&quot; was successful for file: /home/runner/work/key/key/key.core/../key.ui/examples/heap/permissions/mulleretal/ReadWrite_read_contract.key
pass: Verifying property &quot;provable&quot; was successful for file: /home/runner/work/key/key/key.core/../key.ui/examples/heap/permissions/mulleretal/ReadWrite_write_contract.key
pass: Verifying property &quot;provable&quot; was successful for file: /home/runner/work/key/key/key.core/../key.ui/examples/heap/permissions/mulleretal/ReadWrite_inv1_accessible.key
pass: Verifying property &quot;provable&quot; was successful for file: /home/runner/work/key/key/key.core/../key.ui/examples/heap/permissions/mulleretal/ReadWrite_inv2_accessible.key
pass: Verifying property &quot;provable&quot; was successful for file: /home/runner/work/key/key/key.core/../key.ui/examples/heap/permissions/lockspec/Counter_lockConsistent_contract.key
FAIL: Verifying property &quot;provable&quot; failed for file: /home/runner/work/key/key/key.core/../key.ui/examples/heap/permissions/lockspec/Counter_increase_contract.key
pass: Verifying property &quot;provable&quot; was successful for file: /home/runner/work/key/key/key.core/../key.ui/examples/heap/permissions/lockspec/Counter_fp_accessible.key
pass: Verifying property &quot;provable&quot; was successful for file: /home/runner/work/key/key/key.core/../key.ui/examples/heap/permissions/lockspec/Counter_fpLock_accessible.key
pass: Verifying property &quot;provable&quot; was successful for file: /home/runner/work/key/key/key.core/../key.ui/examples/heap/permissions/lockspec/Counter_fpPerm_accessible.key
pass: Verifying property &quot;provable&quot; was successful for file: /home/runner/work/key/key/key.core/../key.ui/examples/heap/permissions/lockspec/Counter_inv_accessible1.key
pass: Verifying property &quot;provable&quot; was successful for file: /home/runner/work/key/key/key.core/../key.ui/examples/heap/permissions/lockspec/Counter_inv_accessible2.key
pass: Verifying property &quot;provable&quot; was successful for file: /home/runner/work/key/key/key.core/../key.ui/examples/heap/permissions/lockspec/Counter_lockRef_accessible.key
pass: Verifying property &quot;provable&quot; was successful for file: /home/runner/work/key/key/key.core/../key.ui/examples/heap/permissions/lockspec/Counter_lockRef_contract1.key
pass: Verifying property &quot;provable&quot; was successful for file: /home/runner/work/key/key/key.core/../key.ui/examples/heap/permissions/lockspec/Counter_lockRef_contract2.key
pass: Verifying property &quot;provable&quot; was successful for file: /home/runner/work/key/key/key.core/../key.ui/examples/heap/permissions/lockspec/Counter_lockState_accessible.key
pass: Verifying property &quot;provable&quot; was successful for file: /home/runner/work/key/key/key.core/../key.ui/examples/heap/permissions/lockspec/Counter_lockStatus_accessible.key
pass: Verifying property &quot;provable&quot; was successful for file: /home/runner/work/key/key/key.core/../key.ui/examples/heap/permissions/lockspec/Counter_lockTransfer_accessible.key
pass: Verifying property &quot;provable&quot; was successful for file: /home/runner/work/key/key/key.core/../key.ui/examples/heap/permissions/lockspec/Counter_unlockTransfer_accessible.key
pass: Verifying property &quot;loadable&quot; was successful for file: /home/runner/work/key/key/key.core/../key.ui/examples/heap/permissions/threads/Plotter_startTransfer_contract.proof
pass: Verifying property &quot;loadable&quot; was successful for file: /home/runner/work/key/key/key.core/../key.ui/examples/heap/permissions/threads/Plotter_startTransfer_accessible.proof
pass: Verifying property &quot;loadable&quot; was successful for file: /home/runner/work/key/key/key.core/../key.ui/examples/heap/permissions/threads/Plotter_joinTransfer_accessible.proof
 ==&gt; expected: &lt;true&gt; but was: &lt;false&gt;
	at app//org.junit.jupiter.api.AssertionFailureBuilder.build(AssertionFailureBuilder.java:151)
	at app//org.junit.jupiter.api.AssertionFailureBuilder.buildAndThrow(AssertionFailureBuilder.java:132)
	at app//org.junit.jupiter.api.AssertTrue.failNotTrue(AssertTrue.java:63)
	at app//org.junit.jupiter.api.AssertTrue.assertTrue(AssertTrue.java:36)
	at app//org.junit.jupiter.api.Assertions.assertTrue(Assertions.java:211)
	at app//de.uka.ilkd.key.proof.runallproofs.RunAllProofsTest.lambda$data$0(RunAllProofsTest.java:78)
	at app//org.junit.jupiter.engine.descriptor.DynamicTestTestDescriptor.lambda$execute$0(DynamicTestTestDescriptor.java:53)
	at app//org.junit.jupiter.engine.execution.InvocationInterceptorChain$ValidatingInvocation.proceed(InvocationInterceptorChain.java:131)
	at app//org.junit.jupiter.api.extension.InvocationInterceptor.interceptDynamicTest(InvocationInterceptor.java:167)
	at app//org.junit.jupiter.api.extension.InvocationInterceptor.interceptDynamicTest(InvocationInterceptor.java:184)
	at app//org.junit.jupiter.engine.descriptor.DynamicTestTestDescriptor.lambda$execute$1(DynamicTestTestDescriptor.java:61)
	at app//org.junit.jupiter.engine.execution.InvocationInterceptorChain$InterceptorCall.lambda$ofVoid$0(InvocationInterceptorChain.java:78)
	at app//org.junit.jupiter.engine.execution.InvocationInterceptorChain$InterceptedInvocation.proceed(InvocationInterceptorChain.java:106)
	at app//org.junit.jupiter.engine.execution.InvocationInterceptorChain.proceed(InvocationInterceptorChain.java:64)
	at app//org.junit.jupiter.engine.execution.InvocationInterceptorChain.chainAndInvoke(InvocationInterceptorChain.java:45)
	at app//org.junit.jupiter.engine.execution.InvocationInterceptorChain.invoke(InvocationInterceptorChain.java:37)
	at app//org.junit.jupiter.engine.descriptor.DynamicTestTestDescriptor.execute(DynamicTestTestDescriptor.java:60)
	at app//org.junit.jupiter.engine.descriptor.DynamicTestTestDescriptor.execute(DynamicTestTestDescriptor.java:32)
	at app//org.junit.platform.engine.support.hierarchical.NodeTestTask.lambda$executeRecursively$6(NodeTestTask.java:151)
	at app//org.junit.platform.engine.support.hierarchical.ThrowableCollector.execute(ThrowableCollector.java:73)
	at app//org.junit.platform.engine.support.hierarchical.NodeTestTask.lambda$executeRecursively$8(NodeTestTask.java:141)
	at app//org.junit.platform.engine.support.hierarchical.Node.around(Node.java:137)
	at app//org.junit.platform.engine.support.hierarchical.NodeTestTask.lambda$executeRecursively$9(NodeTestTask.java:139)
	at app//org.junit.platform.engine.support.hierarchical.ThrowableCollector.execute(ThrowableCollector.java:73)
	at app//org.junit.platform.engine.support.hierarchical.NodeTestTask.executeRecursively(NodeTestTask.java:138)
	at app//org.junit.platform.engine.support.hierarchical.NodeTestTask.execute(NodeTestTask.java:95)
	at app//org.junit.platform.engine.support.hierarchical.SameThreadHierarchicalTestExecutorService.submit(SameThreadHierarchicalTestExecutorService.java:35)
	at app//org.junit.platform.engine.support.hierarchical.NodeTestTask$DefaultDynamicTestExecutor.execute(NodeTestTask.java:226)
	at app//org.junit.platform.engine.support.hierarchical.NodeTestTask$DefaultDynamicTestExecutor.execute(NodeTestTask.java:204)
	at java.base@11.0.19/java.util.Optional.ifPresent(Optional.java:183)
	at app//org.junit.jupiter.engine.descriptor.TestFactoryTestDescriptor.lambda$invokeTestMethod$1(TestFactoryTestDescriptor.java:108)
	at app//org.junit.platform.engine.support.hierarchical.ThrowableCollector.execute(ThrowableCollector.java:73)
	at app//org.junit.jupiter.engine.descriptor.TestFactoryTestDescriptor.invokeTestMethod(TestFactoryTestDescriptor.java:95)
	at app//org.junit.jupiter.engine.descriptor.TestMethodTestDescriptor.execute(TestMethodTestDescriptor.java:138)
	at app//org.junit.jupiter.engine.descriptor.TestMethodTestDescriptor.execute(TestMethodTestDescriptor.java:68)
	at app//org.junit.platform.engine.support.hierarchical.NodeTestTask.lambda$executeRecursively$6(NodeTestTask.java:151)
	at app//org.junit.platform.engine.support.hierarchical.ThrowableCollector.execute(ThrowableCollector.java:73)
	at app//org.junit.platform.engine.support.hierarchical.NodeTestTask.lambda$executeRecursively$8(NodeTestTask.java:141)
	at app//org.junit.platform.engine.support.hierarchical.Node.around(Node.java:137)
	at app//org.junit.platform.engine.support.hierarchical.NodeTestTask.lambda$executeRecursively$9(NodeTestTask.java:139)
	at app//org.junit.platform.engine.support.hierarchical.ThrowableCollector.execute(ThrowableCollector.java:73)
	at app//org.junit.platform.engine.support.hierarchical.NodeTestTask.executeRecursively(NodeTestTask.java:138)
	at app//org.junit.platform.engine.support.hierarchical.NodeTestTask.execute(NodeTestTask.java:95)
	at java.base@11.0.19/java.util.ArrayList.forEach(ArrayList.java:1541)
	at app//org.junit.platform.engine.support.hierarchical.SameThreadHierarchicalTestExecutorService.invokeAll(SameThreadHierarchicalTestExecutorService.java:41)
	at app//org.junit.platform.engine.support.hierarchical.NodeTestTask.lambda$executeRecursively$6(NodeTestTask.java:155)
	at app//org.junit.platform.engine.support.hierarchical.ThrowableCollector.execute(ThrowableCollector.java:73)
	at app//org.junit.platform.engine.support.hierarchical.NodeTestTask.lambda$executeRecursively$8(NodeTestTask.java:141)
	at app//org.junit.platform.engine.support.hierarchical.Node.around(Node.java:137)
	at app//org.junit.platform.engine.support.hierarchical.NodeTestTask.lambda$executeRecursively$9(NodeTestTask.java:139)
	at app//org.junit.platform.engine.support.hierarchical.ThrowableCollector.execute(ThrowableCollector.java:73)
	at app//org.junit.platform.engine.support.hierarchical.NodeTestTask.executeRecursively(NodeTestTask.java:138)
	at app//org.junit.platform.engine.support.hierarchical.NodeTestTask.execute(NodeTestTask.java:95)
	at java.base@11.0.19/java.util.ArrayList.forEach(ArrayList.java:1541)
	at app//org.junit.platform.engine.support.hierarchical.SameThreadHierarchicalTestExecutorService.invokeAll(SameThreadHierarchicalTestExecutorService.java:41)
	at app//org.junit.platform.engine.support.hierarchical.NodeTestTask.lambda$executeRecursively$6(NodeTestTask.java:155)
	at app//org.junit.platform.engine.support.hierarchical.ThrowableCollector.execute(ThrowableCollector.java:73)
	at app//org.junit.platform.engine.support.hierarchical.NodeTestTask.lambda$executeRecursively$8(NodeTestTask.java:141)
	at app//org.junit.platform.engine.support.hierarchical.Node.around(Node.java:137)
	at app//org.junit.platform.engine.support.hierarchical.NodeTestTask.lambda$executeRecursively$9(NodeTestTask.java:139)
	at app//org.junit.platform.engine.support.hierarchical.ThrowableCollector.execute(ThrowableCollector.java:73)
	at app//org.junit.platform.engine.support.hierarchical.NodeTestTask.executeRecursively(NodeTestTask.java:138)
	at app//org.junit.platform.engine.support.hierarchical.NodeTestTask.execute(NodeTestTask.java:95)
	at app//org.junit.platform.engine.support.hierarchical.SameThreadHierarchicalTestExecutorService.submit(SameThreadHierarchicalTestExecutorService.java:35)
	at app//org.junit.platform.engine.support.hierarchical.HierarchicalTestExecutor.execute(HierarchicalTestExecutor.java:57)
	at app//org.junit.platform.engine.support.hierarchical.HierarchicalTestEngine.execute(HierarchicalTestEngine.java:54)
	at app//org.junit.platform.launcher.core.EngineExecutionOrchestrator.execute(EngineExecutionOrchestrator.java:107)
	at app//org.junit.platform.launcher.core.EngineExecutionOrchestrator.execute(EngineExecutionOrchestrator.java:88)
	at app//org.junit.platform.launcher.core.EngineExecutionOrchestrator.lambda$execute$0(EngineExecutionOrchestrator.java:54)
	at app//org.junit.platform.launcher.core.EngineExecutionOrchestrator.withInterceptedStreams(EngineExecutionOrchestrator.java:67)
	at app//org.junit.platform.launcher.core.EngineExecutionOrchestrator.execute(EngineExecutionOrchestrator.java:52)
	at app//org.junit.platform.launcher.core.DefaultLauncher.execute(DefaultLauncher.java:114)
	at app//org.junit.platform.launcher.core.DefaultLauncher.execute(DefaultLauncher.java:86)
	at app//org.junit.platform.launcher.core.DefaultLauncherSession$DelegatingLauncher.execute(DefaultLauncherSession.java:86)
	at org.gradle.api.internal.tasks.testing.junitplatform.JUnitPlatformTestClassProcessor$CollectAllTestClassesExecutor.processAllTestClasses(JUnitPlatformTestClassProcessor.java:110)
	at org.gradle.api.internal.tasks.testing.junitplatform.JUnitPlatformTestClassProcessor$CollectAllTestClassesExecutor.access$000(JUnitPlatformTestClassProcessor.java:90)
	at org.gradle.api.internal.tasks.testing.junitplatform.JUnitPlatformTestClassProcessor.stop(JUnitPlatformTestClassProcessor.java:85)
	at org.gradle.api.internal.tasks.testing.SuiteTestClassProcessor.stop(SuiteTestClassProcessor.java:62)
	at java.base@11.0.19/jdk.internal.reflect.NativeMethodAccessorImpl.invoke0(Native Method)
	at java.base@11.0.19/jdk.internal.reflect.NativeMethodAccessorImpl.invoke(NativeMethodAccessorImpl.java:62)
	at java.base@11.0.19/jdk.internal.reflect.DelegatingMethodAccessorImpl.invoke(DelegatingMethodAccessorImpl.java:43)
	at java.base@11.0.19/java.lang.reflect.Method.invoke(Method.java:566)
	at org.gradle.internal.dispatch.ReflectionDispatch.dispatch(ReflectionDispatch.java:36)
	at org.gradle.internal.dispatch.ReflectionDispatch.dispatch(ReflectionDispatch.java:24)
	at org.gradle.internal.dispatch.ContextClassLoaderDispatch.dispatch(ContextClassLoaderDispatch.java:33)
	at org.gradle.internal.dispatch.ProxyDispatchAdapter$DispatchingInvocationHandler.invoke(ProxyDispatchAdapter.java:94)
	at com.sun.proxy.$Proxy2.stop(Unknown Source)
	at org.gradle.api.internal.tasks.testing.worker.TestWorker$3.run(TestWorker.java:193)
	at org.gradle.api.internal.tasks.testing.worker.TestWorker.executeAndMaintainThreadName(TestWorker.java:129)
	at org.gradle.api.internal.tasks.testing.worker.TestWorker.execute(TestWorker.java:100)
	at org.gradle.api.internal.tasks.testing.worker.TestWorker.execute(TestWorker.java:60)
	at org.gradle.process.internal.worker.child.ActionExecutionWorker.execute(ActionExecutionWorker.java:56)
	at org.gradle.process.internal.worker.child.SystemApplicationClassLoaderWorker.call(SystemApplicationClassLoaderWorker.java:113)
	at org.gradle.process.internal.worker.child.SystemApplicationClassLoaderWorker.call(SystemApplicationClassLoaderWorker.java:65)
	at app//worker.org.gradle.process.internal.worker.GradleWorkerMain.run(GradleWorkerMain.java:69)
	at app//worker.org.gradle.process.internal.worker.GradleWorkerMain.main(GradleWorkerMain.java:74)
</failure>
  </testcase>
  <testcase name="completionScopes" classname="de.uka.ilkd.key.proof.runallproofs.RunAllProofsFunctional" time="51.243"/>
  <testcase name="reload_examples" classname="de.uka.ilkd.key.proof.runallproofs.RunAllProofsFunctional" time="44.742"/>
  <testcase name="proofLoadRepair" classname="de.uka.ilkd.key.proof.runallproofs.RunAllProofsFunctional" time="19.753"/>
  <testcase name="switch" classname="de.uka.ilkd.key.proof.runallproofs.RunAllProofsFunctional" time="64.352"/>
  <testcase name="redux" classname="de.uka.ilkd.key.proof.runallproofs.RunAllProofsFunctional" time="133.711"/>
  <system-out><![CDATA[519        INFO  Test worker     d.u.i.k.p.r.RunAllProofsTestUnit Running test newBook 
352        INFO  Timeout watchdog d.u.i.k.p.r.p.ForkedTestFileRunner Timeout watcher launched (2000 secs.) 
356        WARN  main            d.u.i.k.s.ProofSettings   No proof-settings could be loaded, using defaults java.io.FileNotFoundException: /home/runner/.key/proof-settings.props (No such file or directory)
	at java.base/java.io.FileInputStream.open0(Native Method)

412        INFO  main            d.u.i.k.p.r.p.TestFile    Now processing file /home/runner/work/key/key/key.core/../key.ui/examples/newBook/09.list_modelfield/ArrayList.add.key 
585        INFO  main            d.u.i.k.p.i.AbstractProblemLoader Loading environment from /home/runner/work/key/key/key.core/../key.ui/examples/newBook/09.list_modelfield/ArrayList.add.key 
601        DEBUG main            d.u.i.k.p.i.AbstractProblemLoader Environment load took 2.65ms 
846        INFO  main            d.u.i.k.p.i.AbstractProblemLoader Creating init config 
1753       DEBUG main            d.u.i.k.j.TypeConverter   No LDT found for Meta 
1754       DEBUG main            d.u.i.k.j.TypeConverter   No LDT found for Meta 
1755       DEBUG main            d.u.i.k.j.TypeConverter   No LDT found for Meta 
1756       DEBUG main            d.u.i.k.j.TypeConverter   No LDT found for Meta 
3141       DEBUG main            d.u.i.k.j.TypeConverter   No LDT found for JavaBigintExpression 
8312       DEBUG main            d.u.i.k.p.i.AbstractProblemLoader Init config took 7.47s 
8483       INFO  main            d.u.i.k.p.i.AbstractProblemLoader Replaying proof ArrayList[List::add(int)].JML normal_behavior operation contract.0 
8518       DEBUG main            d.u.i.k.p.i.IntermediateProofReplayer Proof replay took 33ns 
25621      INFO  main            d.u.i.k.p.r.p.TestFile    ... finished proof: closed. 
25864      INFO  main            d.u.i.k.p.i.AbstractProblemLoader Loading environment from /home/runner/work/key/key/key.core/../key.ui/examples/newBook/09.list_modelfield/ArrayList.add.key.proof 
25865      DEBUG main            d.u.i.k.p.i.AbstractProblemLoader Environment load took 937.31ns 
25872      INFO  main            d.u.i.k.p.i.AbstractProblemLoader Creating init config 
28832      DEBUG main            d.u.i.k.p.i.AbstractProblemLoader Init config took 2.96s 
28907      INFO  main            d.u.i.k.p.i.AbstractProblemLoader Replaying proof ArrayList[List::add(int)].JML normal_behavior operation contract.0 
30262      DEBUG main            d.u.i.k.p.i.IntermediateProofReplayer Proof replay took 1.29s 
30274      DEBUG main            d.u.i.k.p.r.p.TestFile    ... success: reloaded. 
30277      INFO  main            d.u.i.k.p.r.p.TestFile    Now processing file /home/runner/work/key/key/key.core/../key.ui/examples/newBook/09.list_modelfield/ArrayList.remFirst.key 
30277      INFO  main            d.u.i.k.p.i.AbstractProblemLoader Loading environment from /home/runner/work/key/key/key.core/../key.ui/examples/newBook/09.list_modelfield/ArrayList.remFirst.key 
30278      DEBUG main            d.u.i.k.p.i.AbstractProblemLoader Environment load took 627.71ns 
30280      INFO  main            d.u.i.k.p.i.AbstractProblemLoader Creating init config 
33308      DEBUG main            d.u.i.k.p.i.AbstractProblemLoader Init config took 3.03s 
33368      INFO  main            d.u.i.k.p.i.AbstractProblemLoader Replaying proof ArrayList[List::remFirst()].JML normal_behavior operation contract.0 
33370      DEBUG main            d.u.i.k.p.i.IntermediateProofReplayer Proof replay took 5.7ns 
37584      INFO  main            d.u.i.k.p.r.p.TestFile    ... finished proof: closed. 
37849      INFO  main            d.u.i.k.p.i.AbstractProblemLoader Loading environment from /home/runner/work/key/key/key.core/../key.ui/examples/newBook/09.list_modelfield/ArrayList.remFirst.key.proof 
37850      DEBUG main            d.u.i.k.p.i.AbstractProblemLoader Environment load took 765.01ns 
37855      INFO  main            d.u.i.k.p.i.AbstractProblemLoader Creating init config 
40608      DEBUG main            d.u.i.k.p.i.AbstractProblemLoader Init config took 2.75s 
40666      INFO  main            d.u.i.k.p.i.AbstractProblemLoader Replaying proof ArrayList[List::remFirst()].JML normal_behavior operation contract.0 
41288      DEBUG main            d.u.i.k.p.i.IntermediateProofReplayer Proof replay took 599.8ms 
41291      DEBUG main            d.u.i.k.p.r.p.TestFile    ... success: reloaded. 
41292      INFO  main            d.u.i.k.p.r.p.TestFile    Now processing file /home/runner/work/key/key/key.core/../key.ui/examples/newBook/09.list_modelfield/ArrayList.empty.key 
41293      INFO  main            d.u.i.k.p.i.AbstractProblemLoader Loading environment from /home/runner/work/key/key/key.core/../key.ui/examples/newBook/09.list_modelfield/ArrayList.empty.key 
41293      DEBUG main            d.u.i.k.p.i.AbstractProblemLoader Environment load took 83.7ns 
41295      INFO  main            d.u.i.k.p.i.AbstractProblemLoader Creating init config 
44061      DEBUG main            d.u.i.k.p.i.AbstractProblemLoader Init config took 2.77s 
44109      INFO  main            d.u.i.k.p.i.AbstractProblemLoader Replaying proof ArrayList[List::empty()].JML normal_behavior operation contract.0 
44110      DEBUG main            d.u.i.k.p.i.IntermediateProofReplayer Proof replay took 5.2ns 
45220      INFO  main            d.u.i.k.p.r.p.TestFile    ... finished proof: closed. 
45397      INFO  main            d.u.i.k.p.i.AbstractProblemLoader Loading environment from /home/runner/work/key/key/key.core/../key.ui/examples/newBook/09.list_modelfield/ArrayList.empty.key.proof 
45399      DEBUG main            d.u.i.k.p.i.AbstractProblemLoader Environment load took 144.8ns 
45401      INFO  main            d.u.i.k.p.i.AbstractProblemLoader Creating init config 
48097      DEBUG main            d.u.i.k.p.i.AbstractProblemLoader Init config took 2.7s 
48145      INFO  main            d.u.i.k.p.i.AbstractProblemLoader Replaying proof ArrayList[List::empty()].JML normal_behavior operation contract.0 
48273      DEBUG main            d.u.i.k.p.i.IntermediateProofReplayer Proof replay took 123.14ms 
48274      DEBUG main            d.u.i.k.p.r.p.TestFile    ... success: reloaded. 
48275      INFO  main            d.u.i.k.p.r.p.TestFile    Now processing file /home/runner/work/key/key/key.core/../key.ui/examples/newBook/09.list_modelfield/ArrayList.size.key 
48276      INFO  main            d.u.i.k.p.i.AbstractProblemLoader Loading environment from /home/runner/work/key/key/key.core/../key.ui/examples/newBook/09.list_modelfield/ArrayList.size.key 
48276      DEBUG main            d.u.i.k.p.i.AbstractProblemLoader Environment load took 61.5ns 
48277      INFO  main            d.u.i.k.p.i.AbstractProblemLoader Creating init config 
51034      DEBUG main            d.u.i.k.p.i.AbstractProblemLoader Init config took 2.76s 
51081      INFO  main            d.u.i.k.p.i.AbstractProblemLoader Replaying proof ArrayList[List::size()].JML normal_behavior operation contract.0 
51084      DEBUG main            d.u.i.k.p.i.IntermediateProofReplayer Proof replay took 7.3ns 
51491      INFO  main            d.u.i.k.p.r.p.TestFile    ... finished proof: closed. 
51680      INFO  main            d.u.i.k.p.i.AbstractProblemLoader Loading environment from /home/runner/work/key/key/key.core/../key.ui/examples/newBook/09.list_modelfield/ArrayList.size.key.proof 
51680      DEBUG main            d.u.i.k.p.i.AbstractProblemLoader Environment load took 149.1ns 
51681      INFO  main            d.u.i.k.p.i.AbstractProblemLoader Creating init config 
54377      DEBUG main            d.u.i.k.p.i.AbstractProblemLoader Init config took 2.7s 
54424      INFO  main            d.u.i.k.p.i.AbstractProblemLoader Replaying proof ArrayList[List::size()].JML normal_behavior operation contract.0 
54496      DEBUG main            d.u.i.k.p.i.IntermediateProofReplayer Proof replay took 67.87ms 
54498      DEBUG main            d.u.i.k.p.r.p.TestFile    ... success: reloaded. 
54500      INFO  main            d.u.i.k.p.r.p.TestFile    Now processing file /home/runner/work/key/key/key.core/../key.ui/examples/newBook/09.list_modelfield/ArrayList.get.key 
54501      INFO  main            d.u.i.k.p.i.AbstractProblemLoader Loading environment from /home/runner/work/key/key/key.core/../key.ui/examples/newBook/09.list_modelfield/ArrayList.get.key 
54501      DEBUG main            d.u.i.k.p.i.AbstractProblemLoader Environment load took 436.01ns 
54502      INFO  main            d.u.i.k.p.i.AbstractProblemLoader Creating init config 
57230      DEBUG main            d.u.i.k.p.i.AbstractProblemLoader Init config took 2.73s 
57290      INFO  main            d.u.i.k.p.i.AbstractProblemLoader Replaying proof ArrayList[List::get(int)].JML normal_behavior operation contract.0 
57292      DEBUG main            d.u.i.k.p.i.IntermediateProofReplayer Proof replay took 7.2ns 
58321      INFO  main            d.u.i.k.p.r.p.TestFile    ... finished proof: closed. 
58507      INFO  main            d.u.i.k.p.i.AbstractProblemLoader Loading environment from /home/runner/work/key/key/key.core/../key.ui/examples/newBook/09.list_modelfield/ArrayList.get.key.proof 
58508      DEBUG main            d.u.i.k.p.i.AbstractProblemLoader Environment load took 1.25ms 
58510      INFO  main            d.u.i.k.p.i.AbstractProblemLoader Creating init config 
61191      DEBUG main            d.u.i.k.p.i.AbstractProblemLoader Init config took 2.68s 
61236      INFO  main            d.u.i.k.p.i.AbstractProblemLoader Replaying proof ArrayList[List::get(int)].JML normal_behavior operation contract.0 
61340      DEBUG main            d.u.i.k.p.i.IntermediateProofReplayer Proof replay took 98.29ms 
61342      DEBUG main            d.u.i.k.p.r.p.TestFile    ... success: reloaded. 
62076      INFO  Test worker     d.u.i.k.p.r.RunAllProofsTestUnit Returning from test newBook 
62081      INFO  Test worker     d.u.i.k.p.r.RunAllProofsTestUnit Running test oldBook 
325        INFO  Timeout watchdog d.u.i.k.p.r.p.ForkedTestFileRunner Timeout watcher launched (2000 secs.) 
343        WARN  main            d.u.i.k.s.ProofSettings   The settings in /home/runner/.key/proof-settings.props are *not* read. 
374        INFO  main            d.u.i.k.p.r.p.TestFile    Now processing file /home/runner/work/key/key/key.core/../key.ui/examples/standard_key/BookExamples/02FirstOrderLogic/Ex2.58.key 
486        INFO  main            d.u.i.k.p.i.AbstractProblemLoader Loading environment from /home/runner/work/key/key/key.core/../key.ui/examples/standard_key/BookExamples/02FirstOrderLogic/Ex2.58.key 
502        DEBUG main            d.u.i.k.p.i.AbstractProblemLoader Environment load took 2.08ms 
756        INFO  main            d.u.i.k.p.i.AbstractProblemLoader Creating init config 
1552       DEBUG main            d.u.i.k.j.TypeConverter   No LDT found for Meta 
1552       DEBUG main            d.u.i.k.j.TypeConverter   No LDT found for Meta 
1554       DEBUG main            d.u.i.k.j.TypeConverter   No LDT found for Meta 
1554       DEBUG main            d.u.i.k.j.TypeConverter   No LDT found for Meta 
3337       DEBUG main            d.u.i.k.j.TypeConverter   No LDT found for JavaBigintExpression 
8287       DEBUG main            d.u.i.k.p.i.AbstractProblemLoader Init config took 7.53s 
8373       INFO  main            d.u.i.k.p.i.AbstractProblemLoader Replaying proof Ex2.58.key 
8406       DEBUG main            d.u.i.k.p.i.IntermediateProofReplayer Proof replay took 35ns 
8582       INFO  main            d.u.i.k.p.r.p.TestFile    ... finished proof: closed. 
8682       INFO  main            d.u.i.k.p.i.AbstractProblemLoader Loading environment from /home/runner/work/key/key/key.core/../key.ui/examples/standard_key/BookExamples/02FirstOrderLogic/Ex2.58.key.proof 
8682       DEBUG main            d.u.i.k.p.i.AbstractProblemLoader Environment load took 166.5ns 
8689       INFO  main            d.u.i.k.p.i.AbstractProblemLoader Creating init config 
11617      DEBUG main            d.u.i.k.p.i.AbstractProblemLoader Init config took 2.93s 
11674      INFO  main            d.u.i.k.p.i.AbstractProblemLoader Replaying proof Ex2.58.key.proof 
11690      DEBUG main            d.u.i.k.p.i.IntermediateProofReplayer Proof replay took 7.27ms 
11704      DEBUG main            d.u.i.k.p.r.p.TestFile    ... success: reloaded. 
11710      INFO  main            d.u.i.k.p.r.p.TestFile    Now processing file /home/runner/work/key/key/key.core/../key.ui/examples/standard_key/BookExamples/03DynamicLogic/Sect3.3.1.key 
11712      INFO  main            d.u.i.k.p.i.AbstractProblemLoader Loading environment from /home/runner/work/key/key/key.core/../key.ui/examples/standard_key/BookExamples/03DynamicLogic/Sect3.3.1.key 
11713      DEBUG main            d.u.i.k.p.i.AbstractProblemLoader Environment load took 1.69ms 
11716      INFO  main            d.u.i.k.p.i.AbstractProblemLoader Creating init config 
14423      DEBUG main            d.u.i.k.p.i.AbstractProblemLoader Init config took 2.71s 
14455      INFO  main            d.u.i.k.p.i.AbstractProblemLoader Replaying proof Sect3.3.1.key 
14459      DEBUG main            d.u.i.k.p.i.IntermediateProofReplayer Proof replay took 7ns 
14968      INFO  main            d.u.i.k.p.r.p.TestFile    ... finished proof: closed. 
15118      INFO  main            d.u.i.k.p.i.AbstractProblemLoader Loading environment from /home/runner/work/key/key/key.core/../key.ui/examples/standard_key/BookExamples/03DynamicLogic/Sect3.3.1.key.proof 
15122      DEBUG main            d.u.i.k.p.i.AbstractProblemLoader Environment load took 3.64ms 
15124      INFO  main            d.u.i.k.p.i.AbstractProblemLoader Creating init config 
17757      DEBUG main            d.u.i.k.p.i.AbstractProblemLoader Init config took 2.63s 
17783      INFO  main            d.u.i.k.p.i.AbstractProblemLoader Replaying proof Sect3.3.1.key.proof 
17846      DEBUG main            d.u.i.k.p.i.IntermediateProofReplayer Proof replay took 58.49ms 
17855      DEBUG main            d.u.i.k.p.r.p.TestFile    ... success: reloaded. 
80149      INFO  Test worker     d.u.i.k.p.r.RunAllProofsTestUnit Returning from test oldBook 
80151      INFO  Test worker     d.u.i.k.p.r.RunAllProofsTestUnit Running test comprehensions 
356        INFO  Timeout watchdog d.u.i.k.p.r.p.ForkedTestFileRunner Timeout watcher launched (2000 secs.) 
379        WARN  main            d.u.i.k.s.ProofSettings   The settings in /home/runner/.key/proof-settings.props are *not* read. 
420        INFO  main            d.u.i.k.p.r.p.TestFile    Now processing file /home/runner/work/key/key/key.core/../key.ui/examples/heap/comprehensions/general_sum.key 
564        INFO  main            d.u.i.k.p.i.AbstractProblemLoader Loading environment from /home/runner/work/key/key/key.core/../key.ui/examples/heap/comprehensions/general_sum.key 
581        DEBUG main            d.u.i.k.p.i.AbstractProblemLoader Environment load took 2.81ms 
806        INFO  main            d.u.i.k.p.i.AbstractProblemLoader Creating init config 
1790       DEBUG main            d.u.i.k.j.TypeConverter   No LDT found for Meta 
1793       DEBUG main            d.u.i.k.j.TypeConverter   No LDT found for Meta 
1795       DEBUG main            d.u.i.k.j.TypeConverter   No LDT found for Meta 
1795       DEBUG main            d.u.i.k.j.TypeConverter   No LDT found for Meta 
3113       DEBUG main            d.u.i.k.j.TypeConverter   No LDT found for JavaBigintExpression 
8131       DEBUG main            d.u.i.k.p.i.AbstractProblemLoader Init config took 7.33s 
8259       INFO  main            d.u.i.k.p.i.AbstractProblemLoader Replaying proof GSum[GSum::doNothing()].JML operation contract.0 
8324       DEBUG main            d.u.i.k.p.i.IntermediateProofReplayer Proof replay took 44.5ns 
8657       INFO  main            d.u.i.k.p.r.p.TestFile    ... finished proof: closed. 
8767       INFO  main            d.u.i.k.p.i.AbstractProblemLoader Loading environment from /home/runner/work/key/key/key.core/../key.ui/examples/heap/comprehensions/general_sum.key.proof 
8767       DEBUG main            d.u.i.k.p.i.AbstractProblemLoader Environment load took 144.5ns 
8770       INFO  main            d.u.i.k.p.i.AbstractProblemLoader Creating init config 
11738      DEBUG main            d.u.i.k.p.i.AbstractProblemLoader Init config took 2.97s 
11812      INFO  main            d.u.i.k.p.i.AbstractProblemLoader Replaying proof GSum[GSum::doNothing()].JML operation contract.0 
11828      DEBUG main            d.u.i.k.p.i.IntermediateProofReplayer Proof replay took 11.95ms 
11836      DEBUG main            d.u.i.k.p.r.p.TestFile    ... success: reloaded. 
11837      INFO  main            d.u.i.k.p.r.p.TestFile    Now processing file /home/runner/work/key/key/key.core/../key.ui/examples/heap/comprehensions/sum0.key 
11838      INFO  main            d.u.i.k.p.i.AbstractProblemLoader Loading environment from /home/runner/work/key/key/key.core/../key.ui/examples/heap/comprehensions/sum0.key 
11838      DEBUG main            d.u.i.k.p.i.AbstractProblemLoader Environment load took 397.11ns 
11840      INFO  main            d.u.i.k.p.i.AbstractProblemLoader Creating init config 
14641      DEBUG main            d.u.i.k.p.i.AbstractProblemLoader Init config took 2.8s 
14700      INFO  main            d.u.i.k.p.i.AbstractProblemLoader Replaying proof Sum[Sum::sum0([I)].JML normal_behavior operation contract.0 
14704      DEBUG main            d.u.i.k.p.i.IntermediateProofReplayer Proof replay took 8ns 
15510      INFO  main            d.u.i.k.p.r.p.TestFile    ... finished proof: closed. 
15746      INFO  main            d.u.i.k.p.i.AbstractProblemLoader Loading environment from /home/runner/work/key/key/key.core/../key.ui/examples/heap/comprehensions/sum0.key.proof 
15746      DEBUG main            d.u.i.k.p.i.AbstractProblemLoader Environment load took 147.3ns 
15747      INFO  main            d.u.i.k.p.i.AbstractProblemLoader Creating init config 
18550      DEBUG main            d.u.i.k.p.i.AbstractProblemLoader Init config took 2.8s 
18602      INFO  main            d.u.i.k.p.i.AbstractProblemLoader Replaying proof Sum[Sum::sum0([I)].JML normal_behavior operation contract.0 
18720      DEBUG main            d.u.i.k.p.i.IntermediateProofReplayer Proof replay took 113.07ms 
18722      DEBUG main            d.u.i.k.p.r.p.TestFile    ... success: reloaded. 
18724      INFO  main            d.u.i.k.p.r.p.TestFile    Now processing file /home/runner/work/key/key/key.core/../key.ui/examples/heap/comprehensions/sum1.key 
18725      INFO  main            d.u.i.k.p.i.AbstractProblemLoader Loading environment from /home/runner/work/key/key/key.core/../key.ui/examples/heap/comprehensions/sum1.key 
18725      DEBUG main            d.u.i.k.p.i.AbstractProblemLoader Environment load took 372.6ns 
18726      INFO  main            d.u.i.k.p.i.AbstractProblemLoader Creating init config 
21471      DEBUG main            d.u.i.k.p.i.AbstractProblemLoader Init config took 2.74s 
21526      INFO  main            d.u.i.k.p.i.AbstractProblemLoader Replaying proof Sum[Sum::sum1([I)].JML normal_behavior operation contract.0 
21528      DEBUG main            d.u.i.k.p.i.IntermediateProofReplayer Proof replay took 6.5ns 
22033      INFO  main            d.u.i.k.p.r.p.TestFile    ... finished proof: closed. 
22208      INFO  main            d.u.i.k.p.i.AbstractProblemLoader Loading environment from /home/runner/work/key/key/key.core/../key.ui/examples/heap/comprehensions/sum1.key.proof 
22208      DEBUG main            d.u.i.k.p.i.AbstractProblemLoader Environment load took 151.9ns 
22209      INFO  main            d.u.i.k.p.i.AbstractProblemLoader Creating init config 
24870      DEBUG main            d.u.i.k.p.i.AbstractProblemLoader Init config took 2.66s 
24929      INFO  main            d.u.i.k.p.i.AbstractProblemLoader Replaying proof Sum[Sum::sum1([I)].JML normal_behavior operation contract.0 
25045      DEBUG main            d.u.i.k.p.i.IntermediateProofReplayer Proof replay took 111.13ms 
25046      DEBUG main            d.u.i.k.p.r.p.TestFile    ... success: reloaded. 
25047      INFO  main            d.u.i.k.p.r.p.TestFile    Now processing file /home/runner/work/key/key/key.core/../key.ui/examples/heap/comprehensions/sum2.key 
25048      INFO  main            d.u.i.k.p.i.AbstractProblemLoader Loading environment from /home/runner/work/key/key/key.core/../key.ui/examples/heap/comprehensions/sum2.key 
25048      DEBUG main            d.u.i.k.p.i.AbstractProblemLoader Environment load took 360.61ns 
25050      INFO  main            d.u.i.k.p.i.AbstractProblemLoader Creating init config 
27692      DEBUG main            d.u.i.k.p.i.AbstractProblemLoader Init config took 2.64s 
27736      INFO  main            d.u.i.k.p.i.AbstractProblemLoader Replaying proof Sum[Sum::sum2([I)].JML normal_behavior operation contract.0 
27738      DEBUG main            d.u.i.k.p.i.IntermediateProofReplayer Proof replay took 6.7ns 
28143      INFO  main            d.u.i.k.p.r.p.TestFile    ... finished proof: closed. 
28316      INFO  main            d.u.i.k.p.i.AbstractProblemLoader Loading environment from /home/runner/work/key/key/key.core/../key.ui/examples/heap/comprehensions/sum2.key.proof 
28319      DEBUG main            d.u.i.k.p.i.AbstractProblemLoader Environment load took 3.84ms 
28324      INFO  main            d.u.i.k.p.i.AbstractProblemLoader Creating init config 
30964      DEBUG main            d.u.i.k.p.i.AbstractProblemLoader Init config took 2.64s 
31015      INFO  main            d.u.i.k.p.i.AbstractProblemLoader Replaying proof Sum[Sum::sum2([I)].JML normal_behavior operation contract.0 
31106      DEBUG main            d.u.i.k.p.i.IntermediateProofReplayer Proof replay took 87.89ms 
31108      DEBUG main            d.u.i.k.p.r.p.TestFile    ... success: reloaded. 
31110      INFO  main            d.u.i.k.p.r.p.TestFile    Now processing file /home/runner/work/key/key/key.core/../key.ui/examples/heap/comprehensions/sum3.key 
31110      INFO  main            d.u.i.k.p.i.AbstractProblemLoader Loading environment from /home/runner/work/key/key/key.core/../key.ui/examples/heap/comprehensions/sum3.key 
31111      DEBUG main            d.u.i.k.p.i.AbstractProblemLoader Environment load took 349.7ns 
31112      INFO  main            d.u.i.k.p.i.AbstractProblemLoader Creating init config 
33750      DEBUG main            d.u.i.k.p.i.AbstractProblemLoader Init config took 2.64s 
33794      INFO  main            d.u.i.k.p.i.AbstractProblemLoader Replaying proof Sum[Sum::sum3([I)].JML normal_behavior operation contract.0 
33796      DEBUG main            d.u.i.k.p.i.IntermediateProofReplayer Proof replay took 6.8ns 
34199      INFO  main            d.u.i.k.p.r.p.TestFile    ... finished proof: closed. 
34377      INFO  main            d.u.i.k.p.i.AbstractProblemLoader Loading environment from /home/runner/work/key/key/key.core/../key.ui/examples/heap/comprehensions/sum3.key.proof 
34378      DEBUG main            d.u.i.k.p.i.AbstractProblemLoader Environment load took 128.3ns 
34379      INFO  main            d.u.i.k.p.i.AbstractProblemLoader Creating init config 
36962      DEBUG main            d.u.i.k.p.i.AbstractProblemLoader Init config took 2.58s 
37017      INFO  main            d.u.i.k.p.i.AbstractProblemLoader Replaying proof Sum[Sum::sum3([I)].JML normal_behavior operation contract.0 
37109      DEBUG main            d.u.i.k.p.i.IntermediateProofReplayer Proof replay took 88.07ms 
37110      DEBUG main            d.u.i.k.p.r.p.TestFile    ... success: reloaded. 
37111      INFO  main            d.u.i.k.p.r.p.TestFile    Now processing file /home/runner/work/key/key/key.core/../key.ui/examples/heap/comprehensions/segsum.key 
37112      INFO  main            d.u.i.k.p.i.AbstractProblemLoader Loading environment from /home/runner/work/key/key/key.core/../key.ui/examples/heap/comprehensions/segsum.key 
37113      DEBUG main            d.u.i.k.p.i.AbstractProblemLoader Environment load took 390.2ns 
37114      INFO  main            d.u.i.k.p.i.AbstractProblemLoader Creating init config 
39720      DEBUG main            d.u.i.k.p.i.AbstractProblemLoader Init config took 2.61s 
39762      INFO  main            d.u.i.k.p.i.AbstractProblemLoader Replaying proof SegSum[SegSum::segSum([I,int,int)].JML normal_behavior operation contract.0 
39764      DEBUG main            d.u.i.k.p.i.IntermediateProofReplayer Proof replay took 7.9ns 
40171      INFO  main            d.u.i.k.p.r.p.TestFile    ... finished proof: closed. 
40383      INFO  main            d.u.i.k.p.i.AbstractProblemLoader Loading environment from /home/runner/work/key/key/key.core/../key.ui/examples/heap/comprehensions/segsum.key.proof 
40383      DEBUG main            d.u.i.k.p.i.AbstractProblemLoader Environment load took 822.11ns 
40385      INFO  main            d.u.i.k.p.i.AbstractProblemLoader Creating init config 
42952      DEBUG main            d.u.i.k.p.i.AbstractProblemLoader Init config took 2.57s 
43014      INFO  main            d.u.i.k.p.i.AbstractProblemLoader Replaying proof SegSum[SegSum::segSum([I,int,int)].JML normal_behavior operation contract.0 
43115      DEBUG main            d.u.i.k.p.i.IntermediateProofReplayer Proof replay took 94.96ms 
43116      DEBUG main            d.u.i.k.p.r.p.TestFile    ... success: reloaded. 
43117      INFO  main            d.u.i.k.p.r.p.TestFile    Now processing file /home/runner/work/key/key/key.core/../key.ui/examples/heap/comprehensions/bsum_negative.key 
43118      INFO  main            d.u.i.k.p.i.AbstractProblemLoader Loading environment from /home/runner/work/key/key/key.core/../key.ui/examples/heap/comprehensions/bsum_negative.key 
43118      DEBUG main            d.u.i.k.p.i.AbstractProblemLoader Environment load took 329.7ns 
43121      INFO  main            d.u.i.k.p.i.AbstractProblemLoader Creating init config 
45573      DEBUG main            d.u.i.k.p.i.AbstractProblemLoader Init config took 2.45s 
45591      INFO  main            d.u.i.k.p.i.AbstractProblemLoader Replaying proof bsum_negative.key 
45592      DEBUG main            d.u.i.k.p.i.IntermediateProofReplayer Proof replay took 9.1ns 
45698      INFO  main            d.u.i.k.p.r.p.TestFile    ... finished proof: closed. 
45876      INFO  main            d.u.i.k.p.i.AbstractProblemLoader Loading environment from /home/runner/work/key/key/key.core/../key.ui/examples/heap/comprehensions/bsum_negative.key.proof 
45876      DEBUG main            d.u.i.k.p.i.AbstractProblemLoader Environment load took 132.1ns 
45877      INFO  main            d.u.i.k.p.i.AbstractProblemLoader Creating init config 
48291      DEBUG main            d.u.i.k.p.i.AbstractProblemLoader Init config took 2.41s 
48313      INFO  main            d.u.i.k.p.i.AbstractProblemLoader Replaying proof bsum_negative.key.proof 
48321      DEBUG main            d.u.i.k.p.i.IntermediateProofReplayer Proof replay took 1.7ms 
48322      DEBUG main            d.u.i.k.p.r.p.TestFile    ... success: reloaded. 
48326      INFO  main            d.u.i.k.p.r.p.TestFile    Now processing file /home/runner/work/key/key/key.core/../key.ui/examples/heap/comprehensions/bsum_neg2.key 
48326      INFO  main            d.u.i.k.p.i.AbstractProblemLoader Loading environment from /home/runner/work/key/key/key.core/../key.ui/examples/heap/comprehensions/bsum_neg2.key 
48326      DEBUG main            d.u.i.k.p.i.AbstractProblemLoader Environment load took 81.2ns 
48327      INFO  main            d.u.i.k.p.i.AbstractProblemLoader Creating init config 
50771      DEBUG main            d.u.i.k.p.i.AbstractProblemLoader Init config took 2.44s 
50788      INFO  main            d.u.i.k.p.i.AbstractProblemLoader Replaying proof bsum_neg2.key 
50789      DEBUG main            d.u.i.k.p.i.IntermediateProofReplayer Proof replay took 7.2ns 
50891      INFO  main            d.u.i.k.p.r.p.TestFile    ... finished proof: closed. 
51074      INFO  main            d.u.i.k.p.i.AbstractProblemLoader Loading environment from /home/runner/work/key/key/key.core/../key.ui/examples/heap/comprehensions/bsum_neg2.key.proof 
51074      DEBUG main            d.u.i.k.p.i.AbstractProblemLoader Environment load took 131.3ns 
51075      INFO  main            d.u.i.k.p.i.AbstractProblemLoader Creating init config 
53456      DEBUG main            d.u.i.k.p.i.AbstractProblemLoader Init config took 2.38s 
53475      INFO  main            d.u.i.k.p.i.AbstractProblemLoader Replaying proof bsum_neg2.key.proof 
53480      DEBUG main            d.u.i.k.p.i.IntermediateProofReplayer Proof replay took 1.05ms 
53483      DEBUG main            d.u.i.k.p.r.p.TestFile    ... success: reloaded. 
53484      INFO  main            d.u.i.k.p.r.p.TestFile    Now processing file /home/runner/work/key/key/key.core/../key.ui/examples/heap/comprehensions/bsumSplit.key 
53485      INFO  main            d.u.i.k.p.i.AbstractProblemLoader Loading environment from /home/runner/work/key/key/key.core/../key.ui/examples/heap/comprehensions/bsumSplit.key 
53485      DEBUG main            d.u.i.k.p.i.AbstractProblemLoader Environment load took 779.71ns 
53488      INFO  main            d.u.i.k.p.i.AbstractProblemLoader Creating init config 
55918      DEBUG main            d.u.i.k.p.i.AbstractProblemLoader Init config took 2.43s 
55935      INFO  main            d.u.i.k.p.i.AbstractProblemLoader Replaying proof bsumSplit.key 
55937      DEBUG main            d.u.i.k.p.i.IntermediateProofReplayer Proof replay took 6.2ns 
56040      INFO  main            d.u.i.k.p.r.p.TestFile    ... finished proof: closed. 
56255      INFO  main            d.u.i.k.p.i.AbstractProblemLoader Loading environment from /home/runner/work/key/key/key.core/../key.ui/examples/heap/comprehensions/bsumSplit.key.proof 
56255      DEBUG main            d.u.i.k.p.i.AbstractProblemLoader Environment load took 134.2ns 
56259      INFO  main            d.u.i.k.p.i.AbstractProblemLoader Creating init config 
58645      DEBUG main            d.u.i.k.p.i.AbstractProblemLoader Init config took 2.39s 
58662      INFO  main            d.u.i.k.p.i.AbstractProblemLoader Replaying proof bsumSplit.key.proof 
58671      DEBUG main            d.u.i.k.p.i.IntermediateProofReplayer Proof replay took 3.94ms 
58675      DEBUG main            d.u.i.k.p.r.p.TestFile    ... success: reloaded. 
58677      INFO  main            d.u.i.k.p.r.p.TestFile    Now processing file /home/runner/work/key/key/key.core/../key.ui/examples/heap/comprehensions/bprodSplit.key 
58678      INFO  main            d.u.i.k.p.i.AbstractProblemLoader Loading environment from /home/runner/work/key/key/key.core/../key.ui/examples/heap/comprehensions/bprodSplit.key 
58679      DEBUG main            d.u.i.k.p.i.AbstractProblemLoader Environment load took 656.81ns 
58680      INFO  main            d.u.i.k.p.i.AbstractProblemLoader Creating init config 
61127      DEBUG main            d.u.i.k.p.i.AbstractProblemLoader Init config took 2.45s 
61143      INFO  main            d.u.i.k.p.i.AbstractProblemLoader Replaying proof bprodSplit.key 
61144      DEBUG main            d.u.i.k.p.i.IntermediateProofReplayer Proof replay took 6.9ns 
61247      INFO  main            d.u.i.k.p.r.p.TestFile    ... finished proof: closed. 
61436      INFO  main            d.u.i.k.p.i.AbstractProblemLoader Loading environment from /home/runner/work/key/key/key.core/../key.ui/examples/heap/comprehensions/bprodSplit.key.proof 
61436      DEBUG main            d.u.i.k.p.i.AbstractProblemLoader Environment load took 123.8ns 
61439      INFO  main            d.u.i.k.p.i.AbstractProblemLoader Creating init config 
63810      DEBUG main            d.u.i.k.p.i.AbstractProblemLoader Init config took 2.37s 
63826      INFO  main            d.u.i.k.p.i.AbstractProblemLoader Replaying proof bprodSplit.key.proof 
63830      DEBUG main            d.u.i.k.p.i.IntermediateProofReplayer Proof replay took 2.13ms 
63831      DEBUG main            d.u.i.k.p.r.p.TestFile    ... success: reloaded. 
63832      INFO  main            d.u.i.k.p.r.p.TestFile    Now processing file /home/runner/work/key/key/key.core/../key.ui/examples/heap/comprehensions/bsumSplitInvalid.key 
63832      INFO  main            d.u.i.k.p.i.AbstractProblemLoader Loading environment from /home/runner/work/key/key/key.core/../key.ui/examples/heap/comprehensions/bsumSplitInvalid.key 
63832      DEBUG main            d.u.i.k.p.i.AbstractProblemLoader Environment load took 62.7ns 
63833      INFO  main            d.u.i.k.p.i.AbstractProblemLoader Creating init config 
66300      DEBUG main            d.u.i.k.p.i.AbstractProblemLoader Init config took 2.47s 
66317      INFO  main            d.u.i.k.p.i.AbstractProblemLoader Replaying proof bsumSplitInvalid.key 
66319      DEBUG main            d.u.i.k.p.i.IntermediateProofReplayer Proof replay took 6.4ns 
66422      INFO  main            d.u.i.k.p.r.p.TestFile    ... finished proof: open goal(s) 
146997     INFO  Test worker     d.u.i.k.p.r.RunAllProofsTestUnit Returning from test comprehensions 
146999     INFO  Test worker     d.u.i.k.p.r.RunAllProofsTestUnit Running test performance 
377        INFO  Timeout watchdog d.u.i.k.p.r.p.ForkedTestFileRunner Timeout watcher launched (2000 secs.) 
399        WARN  main            d.u.i.k.s.ProofSettings   The settings in /home/runner/.key/proof-settings.props are *not* read. 
450        INFO  main            d.u.i.k.p.r.p.TestFile    Now processing file /home/runner/work/key/key/key.core/../key.ui/examples/performance-test/Disjoint(Disjoint__disjoint_08()).JML_operation_contract.0.key 
576        INFO  main            d.u.i.k.p.i.AbstractProblemLoader Loading environment from /home/runner/work/key/key/key.core/../key.ui/examples/performance-test/Disjoint(Disjoint__disjoint_08()).JML_operation_contract.0.key 
592        DEBUG main            d.u.i.k.p.i.AbstractProblemLoader Environment load took 1.91ms 
805        INFO  main            d.u.i.k.p.i.AbstractProblemLoader Creating init config 
1868       DEBUG main            d.u.i.k.j.TypeConverter   No LDT found for Meta 
1869       DEBUG main            d.u.i.k.j.TypeConverter   No LDT found for Meta 
1872       DEBUG main            d.u.i.k.j.TypeConverter   No LDT found for Meta 
1872       DEBUG main            d.u.i.k.j.TypeConverter   No LDT found for Meta 
3322       DEBUG main            d.u.i.k.j.TypeConverter   No LDT found for JavaBigintExpression 
9201       DEBUG main            d.u.i.k.j.r.ClassPreparationMethodBuilder clPrepBuilder: Inner Class detected. Reject building class initialisation methods. 
17938      DEBUG main            d.u.i.k.p.i.AbstractProblemLoader Init config took 17.13s 
18206      INFO  main            d.u.i.k.p.i.AbstractProblemLoader Replaying proof Disjoint[Disjoint::disjoint_8()].JML operation contract.0 
18291      DEBUG main            d.u.i.k.p.i.IntermediateProofReplayer Proof replay took 417.61ns 
21249      INFO  main            d.u.i.k.p.r.p.TestFile    ... finished proof: closed. 
21482      INFO  main            d.u.i.k.p.i.AbstractProblemLoader Loading environment from /home/runner/work/key/key/key.core/../key.ui/examples/performance-test/Disjoint(Disjoint__disjoint_08()).JML_operation_contract.0.key.proof 
21482      DEBUG main            d.u.i.k.p.i.AbstractProblemLoader Environment load took 224.7ns 
21487      INFO  main            d.u.i.k.p.i.AbstractProblemLoader Creating init config 
24850      DEBUG main            d.u.i.k.j.r.ClassPreparationMethodBuilder clPrepBuilder: Inner Class detected. Reject building class initialisation methods. 
32396      DEBUG main            d.u.i.k.p.i.AbstractProblemLoader Init config took 10.91s 
32534      INFO  main            d.u.i.k.p.i.AbstractProblemLoader Replaying proof Disjoint[Disjoint::disjoint_8()].JML operation contract.0 
32920      DEBUG main            d.u.i.k.p.i.IntermediateProofReplayer Proof replay took 373.69ms 
32943      DEBUG main            d.u.i.k.p.r.p.TestFile    ... success: reloaded. 
32947      INFO  main            d.u.i.k.p.r.p.TestFile    Now processing file /home/runner/work/key/key/key.core/../key.ui/examples/performance-test/Disjoint(Disjoint__disjoint2_08()).JML_operation_contract.0.key 
32947      INFO  main            d.u.i.k.p.i.AbstractProblemLoader Loading environment from /home/runner/work/key/key/key.core/../key.ui/examples/performance-test/Disjoint(Disjoint__disjoint2_08()).JML_operation_contract.0.key 
32947      DEBUG main            d.u.i.k.p.i.AbstractProblemLoader Environment load took 85.5ns 
32949      INFO  main            d.u.i.k.p.i.AbstractProblemLoader Creating init config 
36231      DEBUG main            d.u.i.k.j.r.ClassPreparationMethodBuilder clPrepBuilder: Inner Class detected. Reject building class initialisation methods. 
43686      DEBUG main            d.u.i.k.p.i.AbstractProblemLoader Init config took 10.74s 
43793      INFO  main            d.u.i.k.p.i.AbstractProblemLoader Replaying proof Disjoint[Disjoint::disjoint2_8()].JML operation contract.0 
43796      DEBUG main            d.u.i.k.p.i.IntermediateProofReplayer Proof replay took 24ns 
44800      INFO  main            d.u.i.k.p.r.p.TestFile    ... finished proof: closed. 
45148      INFO  main            d.u.i.k.p.i.AbstractProblemLoader Loading environment from /home/runner/work/key/key/key.core/../key.ui/examples/performance-test/Disjoint(Disjoint__disjoint2_08()).JML_operation_contract.0.key.proof 
45148      DEBUG main            d.u.i.k.p.i.AbstractProblemLoader Environment load took 154.9ns 
45150      INFO  main            d.u.i.k.p.i.AbstractProblemLoader Creating init config 
48261      DEBUG main            d.u.i.k.j.r.ClassPreparationMethodBuilder clPrepBuilder: Inner Class detected. Reject building class initialisation methods. 
55408      DEBUG main            d.u.i.k.p.i.AbstractProblemLoader Init config took 10.26s 
55508      INFO  main            d.u.i.k.p.i.AbstractProblemLoader Replaying proof Disjoint[Disjoint::disjoint2_8()].JML operation contract.0 
55598      DEBUG main            d.u.i.k.p.i.IntermediateProofReplayer Proof replay took 85.66ms 
55600      DEBUG main            d.u.i.k.p.r.p.TestFile    ... success: reloaded. 
55602      INFO  main            d.u.i.k.p.r.p.TestFile    Now processing file /home/runner/work/key/key/key.core/../key.ui/examples/performance-test/AccessChain1(AccessChain1__foo_08()).JML_operation_contract.0.key 
55604      INFO  main            d.u.i.k.p.i.AbstractProblemLoader Loading environment from /home/runner/work/key/key/key.core/../key.ui/examples/performance-test/AccessChain1(AccessChain1__foo_08()).JML_operation_contract.0.key 
55604      DEBUG main            d.u.i.k.p.i.AbstractProblemLoader Environment load took 430.9ns 
55606      INFO  main            d.u.i.k.p.i.AbstractProblemLoader Creating init config 
58731      DEBUG main            d.u.i.k.j.r.ClassPreparationMethodBuilder clPrepBuilder: Inner Class detected. Reject building class initialisation methods. 
65847      DEBUG main            d.u.i.k.p.i.AbstractProblemLoader Init config took 10.24s 
65956      INFO  main            d.u.i.k.p.i.AbstractProblemLoader Replaying proof AccessChain1[AccessChain1::foo_8()].JML operation contract.0 
65959      DEBUG main            d.u.i.k.p.i.IntermediateProofReplayer Proof replay took 11ns 
68471      INFO  main            d.u.i.k.p.r.p.TestFile    ... finished proof: closed. 
68838      INFO  main            d.u.i.k.p.i.AbstractProblemLoader Loading environment from /home/runner/work/key/key/key.core/../key.ui/examples/performance-test/AccessChain1(AccessChain1__foo_08()).JML_operation_contract.0.key.proof 
68838      DEBUG main            d.u.i.k.p.i.AbstractProblemLoader Environment load took 880.3ns 
68841      INFO  main            d.u.i.k.p.i.AbstractProblemLoader Creating init config 
71907      DEBUG main            d.u.i.k.j.r.ClassPreparationMethodBuilder clPrepBuilder: Inner Class detected. Reject building class initialisation methods. 
79041      DEBUG main            d.u.i.k.p.i.AbstractProblemLoader Init config took 10.2s 
79136      INFO  main            d.u.i.k.p.i.AbstractProblemLoader Replaying proof AccessChain1[AccessChain1::foo_8()].JML operation contract.0 
79691      DEBUG main            d.u.i.k.p.i.IntermediateProofReplayer Proof replay took 539.38ms 
79693      DEBUG main            d.u.i.k.p.r.p.TestFile    ... success: reloaded. 
79695      INFO  main            d.u.i.k.p.r.p.TestFile    Now processing file /home/runner/work/key/key/key.core/../key.ui/examples/performance-test/AccessChain4(AccessChain4__foo_08()).JML_operation_contract.0.key 
79695      INFO  main            d.u.i.k.p.i.AbstractProblemLoader Loading environment from /home/runner/work/key/key/key.core/../key.ui/examples/performance-test/AccessChain4(AccessChain4__foo_08()).JML_operation_contract.0.key 
79695      DEBUG main            d.u.i.k.p.i.AbstractProblemLoader Environment load took 151.4ns 
79697      INFO  main            d.u.i.k.p.i.AbstractProblemLoader Creating init config 
82807      DEBUG main            d.u.i.k.j.r.ClassPreparationMethodBuilder clPrepBuilder: Inner Class detected. Reject building class initialisation methods. 
89980      DEBUG main            d.u.i.k.p.i.AbstractProblemLoader Init config took 10.28s 
90095      INFO  main            d.u.i.k.p.i.AbstractProblemLoader Replaying proof AccessChain4[AccessChain4::foo_8()].JML operation contract.0 
90098      DEBUG main            d.u.i.k.p.i.IntermediateProofReplayer Proof replay took 10.8ns 
96686      INFO  main            d.u.i.k.p.r.p.TestFile    ... finished proof: closed. 
97088      INFO  main            d.u.i.k.p.i.AbstractProblemLoader Loading environment from /home/runner/work/key/key/key.core/../key.ui/examples/performance-test/AccessChain4(AccessChain4__foo_08()).JML_operation_contract.0.key.proof 
97094      DEBUG main            d.u.i.k.p.i.AbstractProblemLoader Environment load took 6.08ms 
97097      INFO  main            d.u.i.k.p.i.AbstractProblemLoader Creating init config 
100138     DEBUG main            d.u.i.k.j.r.ClassPreparationMethodBuilder clPrepBuilder: Inner Class detected. Reject building class initialisation methods. 
107299     DEBUG main            d.u.i.k.p.i.AbstractProblemLoader Init config took 10.2s 
107422     INFO  main            d.u.i.k.p.i.AbstractProblemLoader Replaying proof AccessChain4[AccessChain4::foo_8()].JML operation contract.0 
108474     DEBUG main            d.u.i.k.p.i.IntermediateProofReplayer Proof replay took 1.02s 
108477     DEBUG main            d.u.i.k.p.r.p.TestFile    ... success: reloaded. 
108480     INFO  main            d.u.i.k.p.r.p.TestFile    Now processing file /home/runner/work/key/key/key.core/../key.ui/examples/performance-test/Disjoint(Disjoint__xZero_08()).JML_operation_contract.0.key 
108481     INFO  main            d.u.i.k.p.i.AbstractProblemLoader Loading environment from /home/runner/work/key/key/key.core/../key.ui/examples/performance-test/Disjoint(Disjoint__xZero_08()).JML_operation_contract.0.key 
108481     DEBUG main            d.u.i.k.p.i.AbstractProblemLoader Environment load took 150ns 
108482     INFO  main            d.u.i.k.p.i.AbstractProblemLoader Creating init config 
111609     DEBUG main            d.u.i.k.j.r.ClassPreparationMethodBuilder clPrepBuilder: Inner Class detected. Reject building class initialisation methods. 
118753     DEBUG main            d.u.i.k.p.i.AbstractProblemLoader Init config took 10.27s 
118848     INFO  main            d.u.i.k.p.i.AbstractProblemLoader Replaying proof Disjoint[Disjoint::xZero_8()].JML operation contract.0 
118851     DEBUG main            d.u.i.k.p.i.IntermediateProofReplayer Proof replay took 14.6ns 
119858     INFO  main            d.u.i.k.p.r.p.TestFile    ... finished proof: closed. 
120258     INFO  main            d.u.i.k.p.i.AbstractProblemLoader Loading environment from /home/runner/work/key/key/key.core/../key.ui/examples/performance-test/Disjoint(Disjoint__xZero_08()).JML_operation_contract.0.key.proof 
120261     DEBUG main            d.u.i.k.p.i.AbstractProblemLoader Environment load took 3.3ms 
120263     INFO  main            d.u.i.k.p.i.AbstractProblemLoader Creating init config 
123249     DEBUG main            d.u.i.k.j.r.ClassPreparationMethodBuilder clPrepBuilder: Inner Class detected. Reject building class initialisation methods. 
130366     DEBUG main            d.u.i.k.p.i.AbstractProblemLoader Init config took 10.1s 
130458     INFO  main            d.u.i.k.p.i.AbstractProblemLoader Replaying proof Disjoint[Disjoint::xZero_8()].JML operation contract.0 
130675     DEBUG main            d.u.i.k.p.i.IntermediateProofReplayer Proof replay took 209.05ms 
130679     DEBUG main            d.u.i.k.p.r.p.TestFile    ... success: reloaded. 
130681     INFO  main            d.u.i.k.p.r.p.TestFile    Now processing file /home/runner/work/key/key/key.core/../key.ui/examples/performance-test/Dynamic(Dynamic__foo_08()).JML_operation_contract.0.key 
130682     INFO  main            d.u.i.k.p.i.AbstractProblemLoader Loading environment from /home/runner/work/key/key/key.core/../key.ui/examples/performance-test/Dynamic(Dynamic__foo_08()).JML_operation_contract.0.key 
130682     DEBUG main            d.u.i.k.p.i.AbstractProblemLoader Environment load took 298.5ns 
130684     INFO  main            d.u.i.k.p.i.AbstractProblemLoader Creating init config 
133777     DEBUG main            d.u.i.k.j.r.ClassPreparationMethodBuilder clPrepBuilder: Inner Class detected. Reject building class initialisation methods. 
140907     DEBUG main            d.u.i.k.p.i.AbstractProblemLoader Init config took 10.22s 
140997     INFO  main            d.u.i.k.p.i.AbstractProblemLoader Replaying proof Dynamic[Dynamic::foo_8()].JML operation contract.0 
140999     DEBUG main            d.u.i.k.p.i.IntermediateProofReplayer Proof replay took 12.9ns 
157231     INFO  main            d.u.i.k.p.r.p.TestFile    ... finished proof: open goal(s) 
157772     INFO  main            d.u.i.k.p.r.p.TestFile    Now processing file /home/runner/work/key/key/key.core/../key.ui/examples/performance-test/DynamicGhost(DynamicGhost__dynamicGhost_08()).JML_normal_behavior_operation_contract.0.key 
157774     INFO  main            d.u.i.k.p.i.AbstractProblemLoader Loading environment from /home/runner/work/key/key/key.core/../key.ui/examples/performance-test/DynamicGhost(DynamicGhost__dynamicGhost_08()).JML_normal_behavior_operation_contract.0.key 
157774     DEBUG main            d.u.i.k.p.i.AbstractProblemLoader Environment load took 428.5ns 
157775     INFO  main            d.u.i.k.p.i.AbstractProblemLoader Creating init config 
160764     DEBUG main            d.u.i.k.j.r.ClassPreparationMethodBuilder clPrepBuilder: Inner Class detected. Reject building class initialisation methods. 
167832     DEBUG main            d.u.i.k.p.i.AbstractProblemLoader Init config took 10.06s 
167924     INFO  main            d.u.i.k.p.i.AbstractProblemLoader Replaying proof DynamicGhost[DynamicGhost::dynamicGhost_8()].JML normal_behavior operation contract.0 
167926     DEBUG main            d.u.i.k.p.i.IntermediateProofReplayer Proof replay took 14.6ns 
172555     INFO  main            d.u.i.k.p.r.p.TestFile    ... finished proof: closed. 
173030     INFO  main            d.u.i.k.p.i.AbstractProblemLoader Loading environment from /home/runner/work/key/key/key.core/../key.ui/examples/performance-test/DynamicGhost(DynamicGhost__dynamicGhost_08()).JML_normal_behavior_operation_contract.0.key.proof 
173031     DEBUG main            d.u.i.k.p.i.AbstractProblemLoader Environment load took 762.21ns 
173033     INFO  main            d.u.i.k.p.i.AbstractProblemLoader Creating init config 
175990     DEBUG main            d.u.i.k.j.r.ClassPreparationMethodBuilder clPrepBuilder: Inner Class detected. Reject building class initialisation methods. 
183120     DEBUG main            d.u.i.k.p.i.AbstractProblemLoader Init config took 10.09s 
183212     INFO  main            d.u.i.k.p.i.AbstractProblemLoader Replaying proof DynamicGhost[DynamicGhost::dynamicGhost_8()].JML normal_behavior operation contract.0 
183830     DEBUG main            d.u.i.k.p.i.IntermediateProofReplayer Proof replay took 593.62ms 
183833     DEBUG main            d.u.i.k.p.r.p.TestFile    ... success: reloaded. 
183835     INFO  main            d.u.i.k.p.r.p.TestFile    Now processing file /home/runner/work/key/key/key.core/../key.ui/examples/performance-test/GhostFrame(GhostFrame__foo_08()).JML_operation_contract.0.key 
183835     INFO  main            d.u.i.k.p.i.AbstractProblemLoader Loading environment from /home/runner/work/key/key/key.core/../key.ui/examples/performance-test/GhostFrame(GhostFrame__foo_08()).JML_operation_contract.0.key 
183836     DEBUG main            d.u.i.k.p.i.AbstractProblemLoader Environment load took 288.6ns 
183837     INFO  main            d.u.i.k.p.i.AbstractProblemLoader Creating init config 
186939     DEBUG main            d.u.i.k.j.r.ClassPreparationMethodBuilder clPrepBuilder: Inner Class detected. Reject building class initialisation methods. 
194088     DEBUG main            d.u.i.k.p.i.AbstractProblemLoader Init config took 10.25s 
194176     INFO  main            d.u.i.k.p.i.AbstractProblemLoader Replaying proof GhostFrame[GhostFrame::foo_8()].JML operation contract.0 
194178     DEBUG main            d.u.i.k.p.i.IntermediateProofReplayer Proof replay took 14.3ns 
196289     INFO  main            d.u.i.k.p.r.p.TestFile    ... finished proof: closed. 
196727     INFO  main            d.u.i.k.p.i.AbstractProblemLoader Loading environment from /home/runner/work/key/key/key.core/../key.ui/examples/performance-test/GhostFrame(GhostFrame__foo_08()).JML_operation_contract.0.key.proof 
196729     DEBUG main            d.u.i.k.p.i.AbstractProblemLoader Environment load took 1.78ms 
196733     INFO  main            d.u.i.k.p.i.AbstractProblemLoader Creating init config 
199672     DEBUG main            d.u.i.k.j.r.ClassPreparationMethodBuilder clPrepBuilder: Inner Class detected. Reject building class initialisation methods. 
206779     DEBUG main            d.u.i.k.p.i.AbstractProblemLoader Init config took 10.05s 
206866     INFO  main            d.u.i.k.p.i.AbstractProblemLoader Replaying proof GhostFrame[GhostFrame::foo_8()].JML operation contract.0 
207201     DEBUG main            d.u.i.k.p.i.IntermediateProofReplayer Proof replay took 326.63ms 
207203     DEBUG main            d.u.i.k.p.r.p.TestFile    ... success: reloaded. 
207204     INFO  main            d.u.i.k.p.r.p.TestFile    Now processing file /home/runner/work/key/key/key.core/../key.ui/examples/performance-test/Modelfield(Modelfield__foo_08()).JML_operation_contract.0.key 
207205     INFO  main            d.u.i.k.p.i.AbstractProblemLoader Loading environment from /home/runner/work/key/key/key.core/../key.ui/examples/performance-test/Modelfield(Modelfield__foo_08()).JML_operation_contract.0.key 
207205     DEBUG main            d.u.i.k.p.i.AbstractProblemLoader Environment load took 244.3ns 
207206     INFO  main            d.u.i.k.p.i.AbstractProblemLoader Creating init config 
210305     DEBUG main            d.u.i.k.j.r.ClassPreparationMethodBuilder clPrepBuilder: Inner Class detected. Reject building class initialisation methods. 
217394     DEBUG main            d.u.i.k.p.i.AbstractProblemLoader Init config took 10.19s 
217480     INFO  main            d.u.i.k.p.i.AbstractProblemLoader Replaying proof Modelfield[Modelfield::foo_8()].JML operation contract.0 
217482     DEBUG main            d.u.i.k.p.i.IntermediateProofReplayer Proof replay took 5.2ns 
231047     INFO  main            d.u.i.k.p.r.p.TestFile    ... finished proof: open goal(s) 
378778     INFO  Test worker     d.u.i.k.p.r.RunAllProofsTestUnit Returning from test performance 
378787     INFO  Test worker     d.u.i.k.p.r.RunAllProofsTestUnit Running test performancePOConstruction 
406        INFO  Timeout watchdog d.u.i.k.p.r.p.ForkedTestFileRunner Timeout watcher launched (2000 secs.) 
417        WARN  main            d.u.i.k.s.ProofSettings   The settings in /home/runner/.key/proof-settings.props are *not* read. 
454        INFO  main            d.u.i.k.p.r.p.TestFile    Now processing file /home/runner/work/key/key/key.core/../key.ui/examples/performance-test/Test(Test__a0(int)).JML_normal_behavior_operation_contract.0.key 
574        INFO  main            d.u.i.k.p.i.AbstractProblemLoader Loading environment from /home/runner/work/key/key/key.core/../key.ui/examples/performance-test/Test(Test__a0(int)).JML_normal_behavior_operation_contract.0.key 
591        DEBUG main            d.u.i.k.p.i.AbstractProblemLoader Environment load took 2.19ms 
836        INFO  main            d.u.i.k.p.i.AbstractProblemLoader Creating init config 
1868       DEBUG main            d.u.i.k.j.TypeConverter   No LDT found for Meta 
1869       DEBUG main            d.u.i.k.j.TypeConverter   No LDT found for Meta 
1872       DEBUG main            d.u.i.k.j.TypeConverter   No LDT found for Meta 
1872       DEBUG main            d.u.i.k.j.TypeConverter   No LDT found for Meta 
3459       DEBUG main            d.u.i.k.j.TypeConverter   No LDT found for JavaBigintExpression 
9191       DEBUG main            d.u.i.k.j.r.ClassPreparationMethodBuilder clPrepBuilder: Inner Class detected. Reject building class initialisation methods. 
17646      DEBUG main            d.u.i.k.p.i.AbstractProblemLoader Init config took 16.81s 
18804      INFO  main            d.u.i.k.p.i.AbstractProblemLoader Replaying proof Test[Test::a0(int)].JML normal_behavior operation contract.0 
18896      DEBUG main            d.u.i.k.p.i.IntermediateProofReplayer Proof replay took 35.3ns 
19251      INFO  main            d.u.i.k.p.r.p.TestFile    ... finished proof: closed. 
19422      INFO  main            d.u.i.k.p.i.AbstractProblemLoader Loading environment from /home/runner/work/key/key/key.core/../key.ui/examples/performance-test/Test(Test__a0(int)).JML_normal_behavior_operation_contract.0.key.proof 
19422      DEBUG main            d.u.i.k.p.i.AbstractProblemLoader Environment load took 165.8ns 
19427      INFO  main            d.u.i.k.p.i.AbstractProblemLoader Creating init config 
22838      DEBUG main            d.u.i.k.j.r.ClassPreparationMethodBuilder clPrepBuilder: Inner Class detected. Reject building class initialisation methods. 
30575      DEBUG main            d.u.i.k.p.i.AbstractProblemLoader Init config took 11.15s 
31538      INFO  main            d.u.i.k.p.i.AbstractProblemLoader Replaying proof Test[Test::a0(int)].JML normal_behavior operation contract.0 
31563      DEBUG main            d.u.i.k.p.i.IntermediateProofReplayer Proof replay took 20.23ms 
31569      DEBUG main            d.u.i.k.p.r.p.TestFile    ... success: reloaded. 
31571      INFO  main            d.u.i.k.p.r.p.TestFile    Now processing file /home/runner/work/key/key/key.core/../key.ui/examples/performance-test/Test(Test__a1(int)).JML_normal_behavior_operation_contract.0.key 
31572      INFO  main            d.u.i.k.p.i.AbstractProblemLoader Loading environment from /home/runner/work/key/key/key.core/../key.ui/examples/performance-test/Test(Test__a1(int)).JML_normal_behavior_operation_contract.0.key 
31573      DEBUG main            d.u.i.k.p.i.AbstractProblemLoader Environment load took 424.61ns 
31574      INFO  main            d.u.i.k.p.i.AbstractProblemLoader Creating init config 
34751      DEBUG main            d.u.i.k.j.r.ClassPreparationMethodBuilder clPrepBuilder: Inner Class detected. Reject building class initialisation methods. 
42230      DEBUG main            d.u.i.k.p.i.AbstractProblemLoader Init config took 10.66s 
43149      INFO  main            d.u.i.k.p.i.AbstractProblemLoader Replaying proof Test[Test::a1(int)].JML normal_behavior operation contract.0 
43152      DEBUG main            d.u.i.k.p.i.IntermediateProofReplayer Proof replay took 7.5ns 
43458      INFO  main            d.u.i.k.p.r.p.TestFile    ... finished proof: closed. 
43732      INFO  main            d.u.i.k.p.i.AbstractProblemLoader Loading environment from /home/runner/work/key/key/key.core/../key.ui/examples/performance-test/Test(Test__a1(int)).JML_normal_behavior_operation_contract.0.key.proof 
43732      DEBUG main            d.u.i.k.p.i.AbstractProblemLoader Environment load took 163.8ns 
43734      INFO  main            d.u.i.k.p.i.AbstractProblemLoader Creating init config 
46926      DEBUG main            d.u.i.k.j.r.ClassPreparationMethodBuilder clPrepBuilder: Inner Class detected. Reject building class initialisation methods. 
54336      DEBUG main            d.u.i.k.p.i.AbstractProblemLoader Init config took 10.6s 
55226      INFO  main            d.u.i.k.p.i.AbstractProblemLoader Replaying proof Test[Test::a1(int)].JML normal_behavior operation contract.0 
55294      DEBUG main            d.u.i.k.p.i.IntermediateProofReplayer Proof replay took 64.63ms 
55296      DEBUG main            d.u.i.k.p.r.p.TestFile    ... success: reloaded. 
55298      INFO  main            d.u.i.k.p.r.p.TestFile    Now processing file /home/runner/work/key/key/key.core/../key.ui/examples/performance-test/Test(Test__f1(int)).JML_normal_behavior_operation_contract.0.key 
55298      INFO  main            d.u.i.k.p.i.AbstractProblemLoader Loading environment from /home/runner/work/key/key/key.core/../key.ui/examples/performance-test/Test(Test__f1(int)).JML_normal_behavior_operation_contract.0.key 
55298      DEBUG main            d.u.i.k.p.i.AbstractProblemLoader Environment load took 290.1ns 
55300      INFO  main            d.u.i.k.p.i.AbstractProblemLoader Creating init config 
58424      DEBUG main            d.u.i.k.j.r.ClassPreparationMethodBuilder clPrepBuilder: Inner Class detected. Reject building class initialisation methods. 
65757      DEBUG main            d.u.i.k.p.i.AbstractProblemLoader Init config took 10.46s 
66683      INFO  main            d.u.i.k.p.i.AbstractProblemLoader Replaying proof Test[Test::f1(int)].JML normal_behavior operation contract.0 
66692      DEBUG main            d.u.i.k.p.i.IntermediateProofReplayer Proof replay took 9.6ns 
66896      INFO  main            d.u.i.k.p.r.p.TestFile    ... finished proof: closed. 
67194      INFO  main            d.u.i.k.p.i.AbstractProblemLoader Loading environment from /home/runner/work/key/key/key.core/../key.ui/examples/performance-test/Test(Test__f1(int)).JML_normal_behavior_operation_contract.0.key.proof 
67194      DEBUG main            d.u.i.k.p.i.AbstractProblemLoader Environment load took 154.7ns 
67195      INFO  main            d.u.i.k.p.i.AbstractProblemLoader Creating init config 
70308      DEBUG main            d.u.i.k.j.r.ClassPreparationMethodBuilder clPrepBuilder: Inner Class detected. Reject building class initialisation methods. 
77598      DEBUG main            d.u.i.k.p.i.AbstractProblemLoader Init config took 10.4s 
78474      INFO  main            d.u.i.k.p.i.AbstractProblemLoader Replaying proof Test[Test::f1(int)].JML normal_behavior operation contract.0 
78524      DEBUG main            d.u.i.k.p.i.IntermediateProofReplayer Proof replay took 46.74ms 
78526      DEBUG main            d.u.i.k.p.r.p.TestFile    ... success: reloaded. 
457585     INFO  Test worker     d.u.i.k.p.r.RunAllProofsTestUnit Returning from test performancePOConstruction 
457586     INFO  Test worker     d.u.i.k.p.r.RunAllProofsTestUnit Running test applicationRestrictions 
376        INFO  Timeout watchdog d.u.i.k.p.r.p.ForkedTestFileRunner Timeout watcher launched (2000 secs.) 
394        WARN  main            d.u.i.k.s.ProofSettings   The settings in /home/runner/.key/proof-settings.props are *not* read. 
440        INFO  main            d.u.i.k.p.r.p.TestFile    Now processing file /home/runner/work/key/key/key.core/../key.ui/examples/heap/polarity_tests/wellformed1.key 
574        INFO  main            d.u.i.k.p.i.AbstractProblemLoader Loading environment from /home/runner/work/key/key/key.core/../key.ui/examples/heap/polarity_tests/wellformed1.key 
590        DEBUG main            d.u.i.k.p.i.AbstractProblemLoader Environment load took 1.87ms 
826        INFO  main            d.u.i.k.p.i.AbstractProblemLoader Creating init config 
1655       DEBUG main            d.u.i.k.j.TypeConverter   No LDT found for Meta 
1656       DEBUG main            d.u.i.k.j.TypeConverter   No LDT found for Meta 
1657       DEBUG main            d.u.i.k.j.TypeConverter   No LDT found for Meta 
1658       DEBUG main            d.u.i.k.j.TypeConverter   No LDT found for Meta 
3020       DEBUG main            d.u.i.k.j.TypeConverter   No LDT found for JavaBigintExpression 
8125       DEBUG main            d.u.i.k.p.i.AbstractProblemLoader Init config took 7.3s 
8208       INFO  main            d.u.i.k.p.i.AbstractProblemLoader Replaying proof wellformed1.key 
8246       DEBUG main            d.u.i.k.p.i.IntermediateProofReplayer Proof replay took 40.4ns 
8438       INFO  main            d.u.i.k.p.r.p.TestFile    ... finished proof: closed. 
8550       INFO  main            d.u.i.k.p.i.AbstractProblemLoader Loading environment from /home/runner/work/key/key/key.core/../key.ui/examples/heap/polarity_tests/wellformed1.key.proof 
8550       DEBUG main            d.u.i.k.p.i.AbstractProblemLoader Environment load took 174ns 
8555       INFO  main            d.u.i.k.p.i.AbstractProblemLoader Creating init config 
11468      DEBUG main            d.u.i.k.p.i.AbstractProblemLoader Init config took 2.91s 
11498      INFO  main            d.u.i.k.p.i.AbstractProblemLoader Replaying proof wellformed1.key.proof 
11505      DEBUG main            d.u.i.k.p.i.IntermediateProofReplayer Proof replay took 2.39ms 
11517      DEBUG main            d.u.i.k.p.r.p.TestFile    ... success: reloaded. 
11518      INFO  main            d.u.i.k.p.r.p.TestFile    Now processing file /home/runner/work/key/key/key.core/../key.ui/examples/heap/polarity_tests/wellformed2.key 
11519      INFO  main            d.u.i.k.p.i.AbstractProblemLoader Loading environment from /home/runner/work/key/key/key.core/../key.ui/examples/heap/polarity_tests/wellformed2.key 
11519      DEBUG main            d.u.i.k.p.i.AbstractProblemLoader Environment load took 285.7ns 
11521      INFO  main            d.u.i.k.p.i.AbstractProblemLoader Creating init config 
14397      DEBUG main            d.u.i.k.p.i.AbstractProblemLoader Init config took 2.88s 
14446      INFO  main            d.u.i.k.p.i.AbstractProblemLoader Replaying proof wellformed2.key 
14448      DEBUG main            d.u.i.k.p.i.IntermediateProofReplayer Proof replay took 7.5ns 
14551      INFO  main            d.u.i.k.p.r.p.TestFile    ... finished proof: open goal(s) 
14678      INFO  main            d.u.i.k.p.r.p.TestFile    Now processing file /home/runner/work/key/key/key.core/../key.ui/examples/heap/polarity_tests/wellformed3.key 
14679      INFO  main            d.u.i.k.p.i.AbstractProblemLoader Loading environment from /home/runner/work/key/key/key.core/../key.ui/examples/heap/polarity_tests/wellformed3.key 
14679      DEBUG main            d.u.i.k.p.i.AbstractProblemLoader Environment load took 89ns 
14685      INFO  main            d.u.i.k.p.i.AbstractProblemLoader Creating init config 
17445      DEBUG main            d.u.i.k.p.i.AbstractProblemLoader Init config took 2.76s 
17470      INFO  main            d.u.i.k.p.i.AbstractProblemLoader Replaying proof wellformed3.key 
17472      DEBUG main            d.u.i.k.p.i.IntermediateProofReplayer Proof replay took 7.6ns 
17575      INFO  main            d.u.i.k.p.r.p.TestFile    ... finished proof: closed. 
17727      INFO  main            d.u.i.k.p.i.AbstractProblemLoader Loading environment from /home/runner/work/key/key/key.core/../key.ui/examples/heap/polarity_tests/wellformed3.key.proof 
17727      DEBUG main            d.u.i.k.p.i.AbstractProblemLoader Environment load took 156.6ns 
17731      INFO  main            d.u.i.k.p.i.AbstractProblemLoader Creating init config 
20451      DEBUG main            d.u.i.k.p.i.AbstractProblemLoader Init config took 2.72s 
20474      INFO  main            d.u.i.k.p.i.AbstractProblemLoader Replaying proof wellformed3.key.proof 
20478      DEBUG main            d.u.i.k.p.i.IntermediateProofReplayer Proof replay took 2.27ms 
20480      DEBUG main            d.u.i.k.p.r.p.TestFile    ... success: reloaded. 
20481      INFO  main            d.u.i.k.p.r.p.TestFile    Now processing file /home/runner/work/key/key/key.core/../key.ui/examples/heap/polarity_tests/wellformed4.key 
20481      INFO  main            d.u.i.k.p.i.AbstractProblemLoader Loading environment from /home/runner/work/key/key/key.core/../key.ui/examples/heap/polarity_tests/wellformed4.key 
20482      DEBUG main            d.u.i.k.p.i.AbstractProblemLoader Environment load took 240.5ns 
20483      INFO  main            d.u.i.k.p.i.AbstractProblemLoader Creating init config 
23195      DEBUG main            d.u.i.k.p.i.AbstractProblemLoader Init config took 2.71s 
23229      INFO  main            d.u.i.k.p.i.AbstractProblemLoader Replaying proof wellformed4.key 
23233      DEBUG main            d.u.i.k.p.i.IntermediateProofReplayer Proof replay took 7.1ns 
23338      INFO  main            d.u.i.k.p.r.p.TestFile    ... finished proof: open goal(s) 
23478      INFO  main            d.u.i.k.p.r.p.TestFile    Now processing file /home/runner/work/key/key/key.core/../key.ui/examples/heap/polarity_tests/wellformed5.key 
23478      INFO  main            d.u.i.k.p.i.AbstractProblemLoader Loading environment from /home/runner/work/key/key/key.core/../key.ui/examples/heap/polarity_tests/wellformed5.key 
23478      DEBUG main            d.u.i.k.p.i.AbstractProblemLoader Environment load took 72.3ns 
23479      INFO  main            d.u.i.k.p.i.AbstractProblemLoader Creating init config 
26194      DEBUG main            d.u.i.k.p.i.AbstractProblemLoader Init config took 2.72s 
26218      INFO  main            d.u.i.k.p.i.AbstractProblemLoader Replaying proof wellformed5.key 
26222      DEBUG main            d.u.i.k.p.i.IntermediateProofReplayer Proof replay took 8.9ns 
26326      INFO  main            d.u.i.k.p.r.p.TestFile    ... finished proof: closed. 
26460      INFO  main            d.u.i.k.p.i.AbstractProblemLoader Loading environment from /home/runner/work/key/key/key.core/../key.ui/examples/heap/polarity_tests/wellformed5.key.proof 
26461      DEBUG main            d.u.i.k.p.i.AbstractProblemLoader Environment load took 146.5ns 
26462      INFO  main            d.u.i.k.p.i.AbstractProblemLoader Creating init config 
29126      DEBUG main            d.u.i.k.p.i.AbstractProblemLoader Init config took 2.66s 
29147      INFO  main            d.u.i.k.p.i.AbstractProblemLoader Replaying proof wellformed5.key.proof 
29150      DEBUG main            d.u.i.k.p.i.IntermediateProofReplayer Proof replay took 1.27ms 
29152      DEBUG main            d.u.i.k.p.r.p.TestFile    ... success: reloaded. 
29153      INFO  main            d.u.i.k.p.r.p.TestFile    Now processing file /home/runner/work/key/key/key.core/../key.ui/examples/heap/polarity_tests/wellformed6.key 
29153      INFO  main            d.u.i.k.p.i.AbstractProblemLoader Loading environment from /home/runner/work/key/key/key.core/../key.ui/examples/heap/polarity_tests/wellformed6.key 
29154      DEBUG main            d.u.i.k.p.i.AbstractProblemLoader Environment load took 258.8ns 
29155      INFO  main            d.u.i.k.p.i.AbstractProblemLoader Creating init config 
31783      DEBUG main            d.u.i.k.p.i.AbstractProblemLoader Init config took 2.63s 
31803      INFO  main            d.u.i.k.p.i.AbstractProblemLoader Replaying proof wellformed6.key 
31805      DEBUG main            d.u.i.k.p.i.IntermediateProofReplayer Proof replay took 7.7ns 
31910      INFO  main            d.u.i.k.p.r.p.TestFile    ... finished proof: open goal(s) 
32066      INFO  main            d.u.i.k.p.r.p.TestFile    Now processing file /home/runner/work/key/key/key.core/../key.ui/examples/heap/polarity_tests/wellformed7.key 
32067      INFO  main            d.u.i.k.p.i.AbstractProblemLoader Loading environment from /home/runner/work/key/key/key.core/../key.ui/examples/heap/polarity_tests/wellformed7.key 
32067      DEBUG main            d.u.i.k.p.i.AbstractProblemLoader Environment load took 91.9ns 
32068      INFO  main            d.u.i.k.p.i.AbstractProblemLoader Creating init config 
34719      DEBUG main            d.u.i.k.p.i.AbstractProblemLoader Init config took 2.65s 
34741      INFO  main            d.u.i.k.p.i.AbstractProblemLoader Replaying proof wellformed7.key 
34743      DEBUG main            d.u.i.k.p.i.IntermediateProofReplayer Proof replay took 7.9ns 
34845      INFO  main            d.u.i.k.p.r.p.TestFile    ... finished proof: closed. 
35077      INFO  main            d.u.i.k.p.i.AbstractProblemLoader Loading environment from /home/runner/work/key/key/key.core/../key.ui/examples/heap/polarity_tests/wellformed7.key.proof 
35077      DEBUG main            d.u.i.k.p.i.AbstractProblemLoader Environment load took 133.5ns 
35078      INFO  main            d.u.i.k.p.i.AbstractProblemLoader Creating init config 
37722      DEBUG main            d.u.i.k.p.i.AbstractProblemLoader Init config took 2.64s 
37743      INFO  main            d.u.i.k.p.i.AbstractProblemLoader Replaying proof wellformed7.key.proof 
37747      DEBUG main            d.u.i.k.p.i.IntermediateProofReplayer Proof replay took 1.49ms 
37748      DEBUG main            d.u.i.k.p.r.p.TestFile    ... success: reloaded. 
37749      INFO  main            d.u.i.k.p.r.p.TestFile    Now processing file /home/runner/work/key/key/key.core/../key.ui/examples/heap/polarity_tests/wellformed8.key 
37750      INFO  main            d.u.i.k.p.i.AbstractProblemLoader Loading environment from /home/runner/work/key/key/key.core/../key.ui/examples/heap/polarity_tests/wellformed8.key 
37750      DEBUG main            d.u.i.k.p.i.AbstractProblemLoader Environment load took 249.5ns 
37751      INFO  main            d.u.i.k.p.i.AbstractProblemLoader Creating init config 
40376      DEBUG main            d.u.i.k.p.i.AbstractProblemLoader Init config took 2.62s 
40395      INFO  main            d.u.i.k.p.i.AbstractProblemLoader Replaying proof wellformed8.key 
40398      DEBUG main            d.u.i.k.p.i.IntermediateProofReplayer Proof replay took 9.2ns 
40501      INFO  main            d.u.i.k.p.r.p.TestFile    ... finished proof: open goal(s) 
40660      INFO  main            d.u.i.k.p.r.p.TestFile    Now processing file /home/runner/work/key/key/key.core/../key.ui/examples/heap/polarity_tests/wellformed9.key 
40661      INFO  main            d.u.i.k.p.i.AbstractProblemLoader Loading environment from /home/runner/work/key/key/key.core/../key.ui/examples/heap/polarity_tests/wellformed9.key 
40661      DEBUG main            d.u.i.k.p.i.AbstractProblemLoader Environment load took 114.1ns 
40662      INFO  main            d.u.i.k.p.i.AbstractProblemLoader Creating init config 
43247      DEBUG main            d.u.i.k.p.i.AbstractProblemLoader Init config took 2.58s 
43266      INFO  main            d.u.i.k.p.i.AbstractProblemLoader Replaying proof wellformed9.key 
43267      DEBUG main            d.u.i.k.p.i.IntermediateProofReplayer Proof replay took 7.4ns 
43370      INFO  main            d.u.i.k.p.r.p.TestFile    ... finished proof: closed. 
43517      INFO  main            d.u.i.k.p.i.AbstractProblemLoader Loading environment from /home/runner/work/key/key/key.core/../key.ui/examples/heap/polarity_tests/wellformed9.key.proof 
43517      DEBUG main            d.u.i.k.p.i.AbstractProblemLoader Environment load took 134.9ns 
43518      INFO  main            d.u.i.k.p.i.AbstractProblemLoader Creating init config 
46094      DEBUG main            d.u.i.k.p.i.AbstractProblemLoader Init config took 2.58s 
46111      INFO  main            d.u.i.k.p.i.AbstractProblemLoader Replaying proof wellformed9.key.proof 
46114      DEBUG main            d.u.i.k.p.i.IntermediateProofReplayer Proof replay took 1.49ms 
46115      DEBUG main            d.u.i.k.p.r.p.TestFile    ... success: reloaded. 
46116      INFO  main            d.u.i.k.p.r.p.TestFile    Now processing file /home/runner/work/key/key/key.core/../key.ui/examples/heap/polarity_tests/wellformed10.key 
46116      INFO  main            d.u.i.k.p.i.AbstractProblemLoader Loading environment from /home/runner/work/key/key/key.core/../key.ui/examples/heap/polarity_tests/wellformed10.key 
46116      DEBUG main            d.u.i.k.p.i.AbstractProblemLoader Environment load took 126.4ns 
46117      INFO  main            d.u.i.k.p.i.AbstractProblemLoader Creating init config 
48717      DEBUG main            d.u.i.k.p.i.AbstractProblemLoader Init config took 2.6s 
48733      INFO  main            d.u.i.k.p.i.AbstractProblemLoader Replaying proof wellformed10.key 
48735      DEBUG main            d.u.i.k.p.i.IntermediateProofReplayer Proof replay took 9.1ns 
48840      INFO  main            d.u.i.k.p.r.p.TestFile    ... finished proof: open goal(s) 
49013      INFO  main            d.u.i.k.p.r.p.TestFile    Now processing file /home/runner/work/key/key/key.core/../key.ui/examples/heap/polarity_tests/wellformed11.key 
49014      INFO  main            d.u.i.k.p.i.AbstractProblemLoader Loading environment from /home/runner/work/key/key/key.core/../key.ui/examples/heap/polarity_tests/wellformed11.key 
49014      DEBUG main            d.u.i.k.p.i.AbstractProblemLoader Environment load took 90.5ns 
49015      INFO  main            d.u.i.k.p.i.AbstractProblemLoader Creating init config 
51582      DEBUG main            d.u.i.k.p.i.AbstractProblemLoader Init config took 2.57s 
51599      INFO  main            d.u.i.k.p.i.AbstractProblemLoader Replaying proof wellformed11.key 
51600      DEBUG main            d.u.i.k.p.i.IntermediateProofReplayer Proof replay took 6.8ns 
51707      INFO  main            d.u.i.k.p.r.p.TestFile    ... finished proof: open goal(s) 
509613     INFO  Test worker     d.u.i.k.p.r.RunAllProofsTestUnit Returning from test applicationRestrictions 
509614     INFO  Test worker     d.u.i.k.p.r.RunAllProofsTestUnit Running test blockContracts 
320        INFO  Timeout watchdog d.u.i.k.p.r.p.ForkedTestFileRunner Timeout watcher launched (2000 secs.) 
330        WARN  main            d.u.i.k.s.ProofSettings   The settings in /home/runner/.key/proof-settings.props are *not* read. 
368        INFO  main            d.u.i.k.p.r.p.TestFile    Now processing file /home/runner/work/key/key/key.core/../key.ui/examples/heap/block_contracts/Simple__add.key 
476        INFO  main            d.u.i.k.p.i.AbstractProblemLoader Loading environment from /home/runner/work/key/key/key.core/../key.ui/examples/heap/block_contracts/Simple__add.key 
493        DEBUG main            d.u.i.k.p.i.AbstractProblemLoader Environment load took 2.32ms 
719        INFO  main            d.u.i.k.p.i.AbstractProblemLoader Creating init config 
1688       DEBUG main            d.u.i.k.j.TypeConverter   No LDT found for Meta 
1688       DEBUG main            d.u.i.k.j.TypeConverter   No LDT found for Meta 
1689       DEBUG main            d.u.i.k.j.TypeConverter   No LDT found for Meta 
1689       DEBUG main            d.u.i.k.j.TypeConverter   No LDT found for Meta 
2877       DEBUG main            d.u.i.k.j.TypeConverter   No LDT found for JavaBigintExpression 
8735       DEBUG main            d.u.i.k.p.i.AbstractProblemLoader Init config took 8.01s 
8896       INFO  main            d.u.i.k.p.i.AbstractProblemLoader Replaying proof Simple[Simple::add(int,int)].JML operation contract.0 
8967       DEBUG main            d.u.i.k.p.i.IntermediateProofReplayer Proof replay took 362ns 
9693       INFO  main            d.u.i.k.p.r.p.TestFile    ... finished proof: closed. 
9820       INFO  main            d.u.i.k.p.i.AbstractProblemLoader Loading environment from /home/runner/work/key/key/key.core/../key.ui/examples/heap/block_contracts/Simple__add.key.proof 
9820       DEBUG main            d.u.i.k.p.i.AbstractProblemLoader Environment load took 163ns 
9822       INFO  main            d.u.i.k.p.i.AbstractProblemLoader Creating init config 
13313      DEBUG main            d.u.i.k.p.i.AbstractProblemLoader Init config took 3.49s 
13391      INFO  main            d.u.i.k.p.i.AbstractProblemLoader Replaying proof Simple[Simple::add(int,int)].JML operation contract.0 
13504      DEBUG main            d.u.i.k.p.i.IntermediateProofReplayer Proof replay took 108.09ms 
13513      DEBUG main            d.u.i.k.p.r.p.TestFile    ... success: reloaded. 
13520      INFO  main            d.u.i.k.p.r.p.TestFile    Now processing file /home/runner/work/key/key/key.core/../key.ui/examples/heap/block_contracts/Simple__addAbsoluteValues.key 
13520      INFO  main            d.u.i.k.p.i.AbstractProblemLoader Loading environment from /home/runner/work/key/key/key.core/../key.ui/examples/heap/block_contracts/Simple__addAbsoluteValues.key 
13520      DEBUG main            d.u.i.k.p.i.AbstractProblemLoader Environment load took 222.7ns 
13524      INFO  main            d.u.i.k.p.i.AbstractProblemLoader Creating init config 
16806      DEBUG main            d.u.i.k.p.i.AbstractProblemLoader Init config took 3.28s 
16867      INFO  main            d.u.i.k.p.i.AbstractProblemLoader Replaying proof Simple[Simple::addAbsoluteValues(int,int)].JML normal_behavior operation contract.0 
16870      DEBUG main            d.u.i.k.p.i.IntermediateProofReplayer Proof replay took 15ns 
17989      INFO  main            d.u.i.k.p.r.p.TestFile    ... finished proof: closed. 
18185      INFO  main            d.u.i.k.p.i.AbstractProblemLoader Loading environment from /home/runner/work/key/key/key.core/../key.ui/examples/heap/block_contracts/Simple__addAbsoluteValues.key.proof 
18185      DEBUG main            d.u.i.k.p.i.AbstractProblemLoader Environment load took 158.7ns 
18186      INFO  main            d.u.i.k.p.i.AbstractProblemLoader Creating init config 
21352      DEBUG main            d.u.i.k.p.i.AbstractProblemLoader Init config took 3.17s 
21404      INFO  main            d.u.i.k.p.i.AbstractProblemLoader Replaying proof Simple[Simple::addAbsoluteValues(int,int)].JML normal_behavior operation contract.0 
21590      DEBUG main            d.u.i.k.p.i.IntermediateProofReplayer Proof replay took 178.41ms 
21592      DEBUG main            d.u.i.k.p.r.p.TestFile    ... success: reloaded. 
21595      INFO  main            d.u.i.k.p.r.p.TestFile    Now processing file /home/runner/work/key/key/key.core/../key.ui/examples/heap/block_contracts/Simple__addWithJump.key 
21596      INFO  main            d.u.i.k.p.i.AbstractProblemLoader Loading environment from /home/runner/work/key/key/key.core/../key.ui/examples/heap/block_contracts/Simple__addWithJump.key 
21596      DEBUG main            d.u.i.k.p.i.AbstractProblemLoader Environment load took 265.2ns 
21597      INFO  main            d.u.i.k.p.i.AbstractProblemLoader Creating init config 
24729      DEBUG main            d.u.i.k.p.i.AbstractProblemLoader Init config took 3.13s 
24779      INFO  main            d.u.i.k.p.i.AbstractProblemLoader Replaying proof Simple[Simple::addWithJump(int,int,int)].JML operation contract.0 
24782      DEBUG main            d.u.i.k.p.i.IntermediateProofReplayer Proof replay took 12.4ns 
24985      INFO  main            d.u.i.k.p.r.p.TestFile    ... finished proof: closed. 
25180      INFO  main            d.u.i.k.p.i.AbstractProblemLoader Loading environment from /home/runner/work/key/key/key.core/../key.ui/examples/heap/block_contracts/Simple__addWithJump.key.proof 
25180      DEBUG main            d.u.i.k.p.i.AbstractProblemLoader Environment load took 141ns 
25181      INFO  main            d.u.i.k.p.i.AbstractProblemLoader Creating init config 
28232      DEBUG main            d.u.i.k.p.i.AbstractProblemLoader Init config took 3.05s 
28280      INFO  main            d.u.i.k.p.i.AbstractProblemLoader Replaying proof Simple[Simple::addWithJump(int,int,int)].JML operation contract.0 
28324      DEBUG main            d.u.i.k.p.i.IntermediateProofReplayer Proof replay took 41.19ms 
28326      DEBUG main            d.u.i.k.p.r.p.TestFile    ... success: reloaded. 
28328      INFO  main            d.u.i.k.p.r.p.TestFile    Now processing file /home/runner/work/key/key/key.core/../key.ui/examples/heap/block_contracts/Simple__addWithTwoBlockContracts.key 
28328      INFO  main            d.u.i.k.p.i.AbstractProblemLoader Loading environment from /home/runner/work/key/key/key.core/../key.ui/examples/heap/block_contracts/Simple__addWithTwoBlockContracts.key 
28328      DEBUG main            d.u.i.k.p.i.AbstractProblemLoader Environment load took 249.5ns 
28330      INFO  main            d.u.i.k.p.i.AbstractProblemLoader Creating init config 
31528      DEBUG main            d.u.i.k.p.i.AbstractProblemLoader Init config took 3.2s 
31573      INFO  main            d.u.i.k.p.i.AbstractProblemLoader Replaying proof Simple[Simple::addWithTwoBlockContracts(int,int,int)].JML operation contract.0 
31575      DEBUG main            d.u.i.k.p.i.IntermediateProofReplayer Proof replay took 12ns 
31886      INFO  main            d.u.i.k.p.r.p.TestFile    ... finished proof: closed. 
32064      INFO  main            d.u.i.k.p.i.AbstractProblemLoader Loading environment from /home/runner/work/key/key/key.core/../key.ui/examples/heap/block_contracts/Simple__addWithTwoBlockContracts.key.proof 
32065      DEBUG main            d.u.i.k.p.i.AbstractProblemLoader Environment load took 589.61ns 
32066      INFO  main            d.u.i.k.p.i.AbstractProblemLoader Creating init config 
35125      DEBUG main            d.u.i.k.p.i.AbstractProblemLoader Init config took 3.06s 
35175      INFO  main            d.u.i.k.p.i.AbstractProblemLoader Replaying proof Simple[Simple::addWithTwoBlockContracts(int,int,int)].JML operation contract.0 
35249      DEBUG main            d.u.i.k.p.i.IntermediateProofReplayer Proof replay took 70.81ms 
35251      DEBUG main            d.u.i.k.p.r.p.TestFile    ... success: reloaded. 
35252      INFO  main            d.u.i.k.p.r.p.TestFile    Now processing file /home/runner/work/key/key/key.core/../key.ui/examples/heap/block_contracts/Simple__generateByteArray.key 
35253      INFO  main            d.u.i.k.p.i.AbstractProblemLoader Loading environment from /home/runner/work/key/key/key.core/../key.ui/examples/heap/block_contracts/Simple__generateByteArray.key 
35253      DEBUG main            d.u.i.k.p.i.AbstractProblemLoader Environment load took 239ns 
35254      INFO  main            d.u.i.k.p.i.AbstractProblemLoader Creating init config 
38342      DEBUG main            d.u.i.k.p.i.AbstractProblemLoader Init config took 3.09s 
38388      INFO  main            d.u.i.k.p.i.AbstractProblemLoader Replaying proof Simple[Simple::generateByteArray()].JML normal_behavior operation contract.0 
38391      DEBUG main            d.u.i.k.p.i.IntermediateProofReplayer Proof replay took 13.1ns 
40605      INFO  main            d.u.i.k.p.r.p.TestFile    ... finished proof: closed. 
40856      INFO  main            d.u.i.k.p.i.AbstractProblemLoader Loading environment from /home/runner/work/key/key/key.core/../key.ui/examples/heap/block_contracts/Simple__generateByteArray.key.proof 
40856      DEBUG main            d.u.i.k.p.i.AbstractProblemLoader Environment load took 591.71ns 
40859      INFO  main            d.u.i.k.p.i.AbstractProblemLoader Creating init config 
43893      DEBUG main            d.u.i.k.p.i.AbstractProblemLoader Init config took 3.03s 
43942      INFO  main            d.u.i.k.p.i.AbstractProblemLoader Replaying proof Simple[Simple::generateByteArray()].JML normal_behavior operation contract.0 
44303      DEBUG main            d.u.i.k.p.i.IntermediateProofReplayer Proof replay took 347.01ms 
44305      DEBUG main            d.u.i.k.p.r.p.TestFile    ... success: reloaded. 
44307      INFO  main            d.u.i.k.p.r.p.TestFile    Now processing file /home/runner/work/key/key/key.core/../key.ui/examples/heap/block_contracts/Simple__getLength.key 
44307      INFO  main            d.u.i.k.p.i.AbstractProblemLoader Loading environment from /home/runner/work/key/key/key.core/../key.ui/examples/heap/block_contracts/Simple__getLength.key 
44308      DEBUG main            d.u.i.k.p.i.AbstractProblemLoader Environment load took 513.61ns 
44309      INFO  main            d.u.i.k.p.i.AbstractProblemLoader Creating init config 
47417      DEBUG main            d.u.i.k.p.i.AbstractProblemLoader Init config took 3.11s 
47479      INFO  main            d.u.i.k.p.i.AbstractProblemLoader Replaying proof Simple[Simple::getLength()].JML normal_behavior operation contract.0 
47481      DEBUG main            d.u.i.k.p.i.IntermediateProofReplayer Proof replay took 16.2ns 
47584      INFO  main            d.u.i.k.p.r.p.TestFile    ... finished proof: closed. 
47798      INFO  main            d.u.i.k.p.i.AbstractProblemLoader Loading environment from /home/runner/work/key/key/key.core/../key.ui/examples/heap/block_contracts/Simple__getLength.key.proof 
47798      DEBUG main            d.u.i.k.p.i.AbstractProblemLoader Environment load took 134ns 
47800      INFO  main            d.u.i.k.p.i.AbstractProblemLoader Creating init config 
50831      DEBUG main            d.u.i.k.p.i.AbstractProblemLoader Init config took 3.03s 
50874      INFO  main            d.u.i.k.p.i.AbstractProblemLoader Replaying proof Simple[Simple::getLength()].JML normal_behavior operation contract.0 
50884      DEBUG main            d.u.i.k.p.i.IntermediateProofReplayer Proof replay took 8.39ms 
50885      DEBUG main            d.u.i.k.p.r.p.TestFile    ... success: reloaded. 
50887      INFO  main            d.u.i.k.p.r.p.TestFile    Now processing file /home/runner/work/key/key/key.core/../key.ui/examples/heap/block_contracts/Simple__square.key 
50887      INFO  main            d.u.i.k.p.i.AbstractProblemLoader Loading environment from /home/runner/work/key/key/key.core/../key.ui/examples/heap/block_contracts/Simple__square.key 
50887      DEBUG main            d.u.i.k.p.i.AbstractProblemLoader Environment load took 182.1ns 
50888      INFO  main            d.u.i.k.p.i.AbstractProblemLoader Creating init config 
53875      DEBUG main            d.u.i.k.p.i.AbstractProblemLoader Init config took 2.99s 
53918      INFO  main            d.u.i.k.p.i.AbstractProblemLoader Replaying proof Simple[Simple::square(int)].JML operation contract.0 
53921      DEBUG main            d.u.i.k.p.i.IntermediateProofReplayer Proof replay took 14.1ns 
54325      INFO  main            d.u.i.k.p.r.p.TestFile    ... finished proof: closed. 
54540      INFO  main            d.u.i.k.p.i.AbstractProblemLoader Loading environment from /home/runner/work/key/key/key.core/../key.ui/examples/heap/block_contracts/Simple__square.key.proof 
54540      DEBUG main            d.u.i.k.p.i.AbstractProblemLoader Environment load took 584.91ns 
54542      INFO  main            d.u.i.k.p.i.AbstractProblemLoader Creating init config 
57575      DEBUG main            d.u.i.k.p.i.AbstractProblemLoader Init config took 3.03s 
57616      INFO  main            d.u.i.k.p.i.AbstractProblemLoader Replaying proof Simple[Simple::square(int)].JML operation contract.0 
57710      DEBUG main            d.u.i.k.p.i.IntermediateProofReplayer Proof replay took 90.91ms 
57716      DEBUG main            d.u.i.k.p.r.p.TestFile    ... success: reloaded. 
57718      INFO  main            d.u.i.k.p.r.p.TestFile    Now processing file /home/runner/work/key/key/key.core/../key.ui/examples/heap/block_contracts/Simple__unnecessaryBlockContract.key 
57718      INFO  main            d.u.i.k.p.i.AbstractProblemLoader Loading environment from /home/runner/work/key/key/key.core/../key.ui/examples/heap/block_contracts/Simple__unnecessaryBlockContract.key 
57719      DEBUG main            d.u.i.k.p.i.AbstractProblemLoader Environment load took 209.1ns 
57719      INFO  main            d.u.i.k.p.i.AbstractProblemLoader Creating init config 
60754      DEBUG main            d.u.i.k.p.i.AbstractProblemLoader Init config took 3.03s 
60795      INFO  main            d.u.i.k.p.i.AbstractProblemLoader Replaying proof Simple[Simple::unnecessaryBlockContract()].JML operation contract.0 
60798      DEBUG main            d.u.i.k.p.i.IntermediateProofReplayer Proof replay took 14.3ns 
60904      INFO  main            d.u.i.k.p.r.p.TestFile    ... finished proof: closed. 
61119      INFO  main            d.u.i.k.p.i.AbstractProblemLoader Loading environment from /home/runner/work/key/key/key.core/../key.ui/examples/heap/block_contracts/Simple__unnecessaryBlockContract.key.proof 
61119      DEBUG main            d.u.i.k.p.i.AbstractProblemLoader Environment load took 158.9ns 
61120      INFO  main            d.u.i.k.p.i.AbstractProblemLoader Creating init config 
64110      DEBUG main            d.u.i.k.p.i.AbstractProblemLoader Init config took 2.99s 
64151      INFO  main            d.u.i.k.p.i.AbstractProblemLoader Replaying proof Simple[Simple::unnecessaryBlockContract()].JML operation contract.0 
64175      DEBUG main            d.u.i.k.p.i.IntermediateProofReplayer Proof replay took 22.01ms 
64177      DEBUG main            d.u.i.k.p.r.p.TestFile    ... success: reloaded. 
64178      INFO  main            d.u.i.k.p.r.p.TestFile    Now processing file /home/runner/work/key/key/key.core/../key.ui/examples/heap/block_contracts/Simple__unnecessaryLoopInvariant.key 
64178      INFO  main            d.u.i.k.p.i.AbstractProblemLoader Loading environment from /home/runner/work/key/key/key.core/../key.ui/examples/heap/block_contracts/Simple__unnecessaryLoopInvariant.key 
64179      DEBUG main            d.u.i.k.p.i.AbstractProblemLoader Environment load took 256.2ns 
64180      INFO  main            d.u.i.k.p.i.AbstractProblemLoader Creating init config 
67245      DEBUG main            d.u.i.k.p.i.AbstractProblemLoader Init config took 3.06s 
67293      INFO  main            d.u.i.k.p.i.AbstractProblemLoader Replaying proof Simple[Simple::unnecessaryLoopInvariant()].JML operation contract.0 
67295      DEBUG main            d.u.i.k.p.i.IntermediateProofReplayer Proof replay took 12.5ns 
67396      INFO  main            d.u.i.k.p.r.p.TestFile    ... finished proof: closed. 
67603      INFO  main            d.u.i.k.p.i.AbstractProblemLoader Loading environment from /home/runner/work/key/key/key.core/../key.ui/examples/heap/block_contracts/Simple__unnecessaryLoopInvariant.key.proof 
67603      DEBUG main            d.u.i.k.p.i.AbstractProblemLoader Environment load took 134.5ns 
67604      INFO  main            d.u.i.k.p.i.AbstractProblemLoader Creating init config 
70586      DEBUG main            d.u.i.k.p.i.AbstractProblemLoader Init config took 2.98s 
70625      INFO  main            d.u.i.k.p.i.AbstractProblemLoader Replaying proof Simple[Simple::unnecessaryLoopInvariant()].JML operation contract.0 
70644      DEBUG main            d.u.i.k.p.i.IntermediateProofReplayer Proof replay took 16.38ms 
70646      DEBUG main            d.u.i.k.p.r.p.TestFile    ... success: reloaded. 
70648      INFO  main            d.u.i.k.p.r.p.TestFile    Now processing file /home/runner/work/key/key/key.core/../key.ui/examples/standard_key/java_dl/jml-assert/assert.key 
70648      INFO  main            d.u.i.k.p.i.AbstractProblemLoader Loading environment from /home/runner/work/key/key/key.core/../key.ui/examples/standard_key/java_dl/jml-assert/assert.key 
70649      DEBUG main            d.u.i.k.p.i.AbstractProblemLoader Environment load took 952.41ns 
70650      INFO  main            d.u.i.k.p.i.AbstractProblemLoader Creating init config 
73351      DEBUG main            d.u.i.k.p.i.AbstractProblemLoader Init config took 2.7s 
73394      INFO  main            d.u.i.k.p.i.AbstractProblemLoader Replaying proof Assert[Assert::createArray(int)].JML normal_behavior operation contract.0 
73396      DEBUG main            d.u.i.k.p.i.IntermediateProofReplayer Proof replay took 7.3ns 
73600      INFO  main            d.u.i.k.p.r.p.TestFile    ... finished proof: closed. 
73821      INFO  main            d.u.i.k.p.i.AbstractProblemLoader Loading environment from /home/runner/work/key/key/key.core/../key.ui/examples/standard_key/java_dl/jml-assert/assert.key.proof 
73821      DEBUG main            d.u.i.k.p.i.AbstractProblemLoader Environment load took 147.7ns 
73823      INFO  main            d.u.i.k.p.i.AbstractProblemLoader Creating init config 
76399      DEBUG main            d.u.i.k.p.i.AbstractProblemLoader Init config took 2.58s 
76438      INFO  main            d.u.i.k.p.i.AbstractProblemLoader Replaying proof Assert[Assert::createArray(int)].JML normal_behavior operation contract.0 
76514      DEBUG main            d.u.i.k.p.i.IntermediateProofReplayer Proof replay took 73.49ms 
76516      DEBUG main            d.u.i.k.p.r.p.TestFile    ... success: reloaded. 
76517      INFO  main            d.u.i.k.p.r.p.TestFile    Now processing file /home/runner/work/key/key/key.core/../key.ui/examples/standard_key/java_dl/jml-assert/assert_assume_order.key 
76518      INFO  main            d.u.i.k.p.i.AbstractProblemLoader Loading environment from /home/runner/work/key/key/key.core/../key.ui/examples/standard_key/java_dl/jml-assert/assert_assume_order.key 
76518      DEBUG main            d.u.i.k.p.i.AbstractProblemLoader Environment load took 248.1ns 
76519      INFO  main            d.u.i.k.p.i.AbstractProblemLoader Creating init config 
79164      DEBUG main            d.u.i.k.p.i.AbstractProblemLoader Init config took 2.64s 
79201      INFO  main            d.u.i.k.p.i.AbstractProblemLoader Replaying proof AssertAssume[AssertAssume::singleAssumeAssert(int)].JML normal_behavior operation contract.0 
79202      DEBUG main            d.u.i.k.p.i.IntermediateProofReplayer Proof replay took 6.3ns 
79304      INFO  main            d.u.i.k.p.r.p.TestFile    ... finished proof: closed. 
79516      INFO  main            d.u.i.k.p.i.AbstractProblemLoader Loading environment from /home/runner/work/key/key/key.core/../key.ui/examples/standard_key/java_dl/jml-assert/assert_assume_order.key.proof 
79516      DEBUG main            d.u.i.k.p.i.AbstractProblemLoader Environment load took 138.6ns 
79517      INFO  main            d.u.i.k.p.i.AbstractProblemLoader Creating init config 
82079      DEBUG main            d.u.i.k.p.i.AbstractProblemLoader Init config took 2.56s 
82116      INFO  main            d.u.i.k.p.i.AbstractProblemLoader Replaying proof AssertAssume[AssertAssume::singleAssumeAssert(int)].JML normal_behavior operation contract.0 
82130      DEBUG main            d.u.i.k.p.i.IntermediateProofReplayer Proof replay took 9.01ms 
82132      DEBUG main            d.u.i.k.p.r.p.TestFile    ... success: reloaded. 
82135      INFO  main            d.u.i.k.p.r.p.TestFile    Now processing file /home/runner/work/key/key/key.core/../key.ui/examples/heap/block_loop_contracts/SimpleVariants/sum_onBlock_external.key 
82135      INFO  main            d.u.i.k.p.i.AbstractProblemLoader Loading environment from /home/runner/work/key/key/key.core/../key.ui/examples/heap/block_loop_contracts/SimpleVariants/sum_onBlock_external.key 
82135      DEBUG main            d.u.i.k.p.i.AbstractProblemLoader Environment load took 173.5ns 
82136      INFO  main            d.u.i.k.p.i.AbstractProblemLoader Creating init config 
85068      DEBUG main            d.u.i.k.p.i.AbstractProblemLoader Init config took 2.93s 
85104      INFO  main            d.u.i.k.p.i.AbstractProblemLoader Replaying proof LoopContractExamplesAll[LoopContractExamplesAll::sum_loopContract_onBlock([I)].JML normal_behavior operation contract.0 
85106      DEBUG main            d.u.i.k.p.i.IntermediateProofReplayer Proof replay took 13.4ns 
85312      INFO  main            d.u.i.k.p.r.p.TestFile    ... finished proof: closed. 
85538      INFO  main            d.u.i.k.p.i.AbstractProblemLoader Loading environment from /home/runner/work/key/key/key.core/../key.ui/examples/heap/block_loop_contracts/SimpleVariants/sum_onBlock_external.key.proof 
85538      DEBUG main            d.u.i.k.p.i.AbstractProblemLoader Environment load took 174ns 
85540      INFO  main            d.u.i.k.p.i.AbstractProblemLoader Creating init config 
88345      DEBUG main            d.u.i.k.p.i.AbstractProblemLoader Init config took 2.8s 
88382      INFO  main            d.u.i.k.p.i.AbstractProblemLoader Replaying proof LoopContractExamplesAll[LoopContractExamplesAll::sum_loopContract_onBlock([I)].JML normal_behavior operation contract.0 
88415      DEBUG main            d.u.i.k.p.i.IntermediateProofReplayer Proof replay took 31.34ms 
88416      DEBUG main            d.u.i.k.p.r.p.TestFile    ... success: reloaded. 
88417      INFO  main            d.u.i.k.p.r.p.TestFile    Now processing file /home/runner/work/key/key/key.core/../key.ui/examples/heap/block_loop_contracts/SimpleVariants/sum_onBlock_internal.key 
88417      INFO  main            d.u.i.k.p.i.AbstractProblemLoader Loading environment from /home/runner/work/key/key/key.core/../key.ui/examples/heap/block_loop_contracts/SimpleVariants/sum_onBlock_internal.key 
88417      DEBUG main            d.u.i.k.p.i.AbstractProblemLoader Environment load took 105.1ns 
88418      INFO  main            d.u.i.k.p.i.AbstractProblemLoader Creating init config 
91369      DEBUG main            d.u.i.k.p.i.AbstractProblemLoader Init config took 2.95s 
91404      INFO  main            d.u.i.k.p.i.AbstractProblemLoader Replaying proof LoopContractExamplesAll[LoopContractExamplesAll::sum_loopContract_onBlock([I)].JML normal_behavior operation contract.0 
91406      DEBUG main            d.u.i.k.p.i.IntermediateProofReplayer Proof replay took 14.5ns 
92146      INFO  main            d.u.i.k.p.r.p.TestFile    ... finished proof: closed. 
92408      INFO  main            d.u.i.k.p.i.AbstractProblemLoader Loading environment from /home/runner/work/key/key/key.core/../key.ui/examples/heap/block_loop_contracts/SimpleVariants/sum_onBlock_internal.key.proof 
92408      DEBUG main            d.u.i.k.p.i.AbstractProblemLoader Environment load took 680.01ns 
92410      INFO  main            d.u.i.k.p.i.AbstractProblemLoader Creating init config 
95210      DEBUG main            d.u.i.k.p.i.AbstractProblemLoader Init config took 2.8s 
95246      INFO  main            d.u.i.k.p.i.AbstractProblemLoader Replaying proof LoopContractExamplesAll[LoopContractExamplesAll::sum_loopContract_onBlock([I)].JML normal_behavior operation contract.0 
95488      DEBUG main            d.u.i.k.p.i.IntermediateProofReplayer Proof replay took 237.94ms 
95490      DEBUG main            d.u.i.k.p.r.p.TestFile    ... success: reloaded. 
95491      INFO  main            d.u.i.k.p.r.p.TestFile    Now processing file /home/runner/work/key/key/key.core/../key.ui/examples/heap/block_loop_contracts/SimpleVariants/sum_onBlock_loop.key 
95492      INFO  main            d.u.i.k.p.i.AbstractProblemLoader Loading environment from /home/runner/work/key/key/key.core/../key.ui/examples/heap/block_loop_contracts/SimpleVariants/sum_onBlock_loop.key 
95492      DEBUG main            d.u.i.k.p.i.AbstractProblemLoader Environment load took 238.8ns 
95493      INFO  main            d.u.i.k.p.i.AbstractProblemLoader Creating init config 
98386      DEBUG main            d.u.i.k.p.i.AbstractProblemLoader Init config took 2.89s 
98425      INFO  main            d.u.i.k.p.i.AbstractProblemLoader Replaying proof LoopContractExamplesAll[LoopContractExamplesAll::sum_loopContract_onBlock([I)].JML normal_behavior loop contract.0 
98427      DEBUG main            d.u.i.k.p.i.IntermediateProofReplayer Proof replay took 14.9ns 
99133      INFO  main            d.u.i.k.p.r.p.TestFile    ... finished proof: closed. 
99440      INFO  main            d.u.i.k.p.i.AbstractProblemLoader Loading environment from /home/runner/work/key/key/key.core/../key.ui/examples/heap/block_loop_contracts/SimpleVariants/sum_onBlock_loop.key.proof 
99441      DEBUG main            d.u.i.k.p.i.AbstractProblemLoader Environment load took 151.2ns 
99442      INFO  main            d.u.i.k.p.i.AbstractProblemLoader Creating init config 
102197     DEBUG main            d.u.i.k.p.i.AbstractProblemLoader Init config took 2.76s 
102233     INFO  main            d.u.i.k.p.i.AbstractProblemLoader Replaying proof LoopContractExamplesAll[LoopContractExamplesAll::sum_loopContract_onBlock([I)].JML normal_behavior loop contract.0 
102474     DEBUG main            d.u.i.k.p.i.IntermediateProofReplayer Proof replay took 236.84ms 
102475     DEBUG main            d.u.i.k.p.r.p.TestFile    ... success: reloaded. 
102476     INFO  main            d.u.i.k.p.r.p.TestFile    Now processing file /home/runner/work/key/key/key.core/../key.ui/examples/heap/block_loop_contracts/SimpleVariants/sum_onLoop_external.key 
102477     INFO  main            d.u.i.k.p.i.AbstractProblemLoader Loading environment from /home/runner/work/key/key/key.core/../key.ui/examples/heap/block_loop_contracts/SimpleVariants/sum_onLoop_external.key 
102477     DEBUG main            d.u.i.k.p.i.AbstractProblemLoader Environment load took 232.1ns 
102478     INFO  main            d.u.i.k.p.i.AbstractProblemLoader Creating init config 
105368     DEBUG main            d.u.i.k.p.i.AbstractProblemLoader Init config took 2.89s 
105404     INFO  main            d.u.i.k.p.i.AbstractProblemLoader Replaying proof LoopContractExamplesAll[LoopContractExamplesAll::sum_loopContract_onLoop([I)].JML normal_behavior operation contract.0 
105406     DEBUG main            d.u.i.k.p.i.IntermediateProofReplayer Proof replay took 13.7ns 
105508     INFO  main            d.u.i.k.p.r.p.TestFile    ... finished proof: closed. 
105801     INFO  main            d.u.i.k.p.i.AbstractProblemLoader Loading environment from /home/runner/work/key/key/key.core/../key.ui/examples/heap/block_loop_contracts/SimpleVariants/sum_onLoop_external.key.proof 
105801     DEBUG main            d.u.i.k.p.i.AbstractProblemLoader Environment load took 147.9ns 
105802     INFO  main            d.u.i.k.p.i.AbstractProblemLoader Creating init config 
108625     DEBUG main            d.u.i.k.p.i.AbstractProblemLoader Init config took 2.82s 
108660     INFO  main            d.u.i.k.p.i.AbstractProblemLoader Replaying proof LoopContractExamplesAll[LoopContractExamplesAll::sum_loopContract_onLoop([I)].JML normal_behavior operation contract.0 
108688     DEBUG main            d.u.i.k.p.i.IntermediateProofReplayer Proof replay took 26.06ms 
108689     DEBUG main            d.u.i.k.p.r.p.TestFile    ... success: reloaded. 
108690     INFO  main            d.u.i.k.p.r.p.TestFile    Now processing file /home/runner/work/key/key/key.core/../key.ui/examples/heap/block_loop_contracts/SimpleVariants/sum_onLoop_internal.key 
108690     INFO  main            d.u.i.k.p.i.AbstractProblemLoader Loading environment from /home/runner/work/key/key/key.core/../key.ui/examples/heap/block_loop_contracts/SimpleVariants/sum_onLoop_internal.key 
108690     DEBUG main            d.u.i.k.p.i.AbstractProblemLoader Environment load took 105.9ns 
108691     INFO  main            d.u.i.k.p.i.AbstractProblemLoader Creating init config 
111510     DEBUG main            d.u.i.k.p.i.AbstractProblemLoader Init config took 2.82s 
111545     INFO  main            d.u.i.k.p.i.AbstractProblemLoader Replaying proof LoopContractExamplesAll[LoopContractExamplesAll::sum_loopContract_onLoop([I)].JML normal_behavior operation contract.0 
111547     DEBUG main            d.u.i.k.p.i.IntermediateProofReplayer Proof replay took 14.3ns 
112153     INFO  main            d.u.i.k.p.r.p.TestFile    ... finished proof: closed. 
112452     INFO  main            d.u.i.k.p.i.AbstractProblemLoader Loading environment from /home/runner/work/key/key/key.core/../key.ui/examples/heap/block_loop_contracts/SimpleVariants/sum_onLoop_internal.key.proof 
112452     DEBUG main            d.u.i.k.p.i.AbstractProblemLoader Environment load took 132.7ns 
112453     INFO  main            d.u.i.k.p.i.AbstractProblemLoader Creating init config 
115220     DEBUG main            d.u.i.k.p.i.AbstractProblemLoader Init config took 2.77s 
115255     INFO  main            d.u.i.k.p.i.AbstractProblemLoader Replaying proof LoopContractExamplesAll[LoopContractExamplesAll::sum_loopContract_onLoop([I)].JML normal_behavior operation contract.0 
115475     DEBUG main            d.u.i.k.p.i.IntermediateProofReplayer Proof replay took 215.87ms 
115476     DEBUG main            d.u.i.k.p.r.p.TestFile    ... success: reloaded. 
115477     INFO  main            d.u.i.k.p.r.p.TestFile    Now processing file /home/runner/work/key/key/key.core/../key.ui/examples/heap/block_loop_contracts/SimpleVariants/sum_onLoop_loop.key 
115478     INFO  main            d.u.i.k.p.i.AbstractProblemLoader Loading environment from /home/runner/work/key/key/key.core/../key.ui/examples/heap/block_loop_contracts/SimpleVariants/sum_onLoop_loop.key 
115478     DEBUG main            d.u.i.k.p.i.AbstractProblemLoader Environment load took 276.7ns 
115479     INFO  main            d.u.i.k.p.i.AbstractProblemLoader Creating init config 
118384     DEBUG main            d.u.i.k.p.i.AbstractProblemLoader Init config took 2.9s 
118420     INFO  main            d.u.i.k.p.i.AbstractProblemLoader Replaying proof LoopContractExamplesAll[LoopContractExamplesAll::sum_loopContract_onLoop([I)].JML normal_behavior loop contract.0 
118423     DEBUG main            d.u.i.k.p.i.IntermediateProofReplayer Proof replay took 15.4ns 
119126     INFO  main            d.u.i.k.p.r.p.TestFile    ... finished proof: closed. 
119449     INFO  main            d.u.i.k.p.i.AbstractProblemLoader Loading environment from /home/runner/work/key/key/key.core/../key.ui/examples/heap/block_loop_contracts/SimpleVariants/sum_onLoop_loop.key.proof 
119451     DEBUG main            d.u.i.k.p.i.AbstractProblemLoader Environment load took 1.75ms 
119452     INFO  main            d.u.i.k.p.i.AbstractProblemLoader Creating init config 
122221     DEBUG main            d.u.i.k.p.i.AbstractProblemLoader Init config took 2.77s 
122264     INFO  main            d.u.i.k.p.i.AbstractProblemLoader Replaying proof LoopContractExamplesAll[LoopContractExamplesAll::sum_loopContract_onLoop([I)].JML normal_behavior loop contract.0 
122483     DEBUG main            d.u.i.k.p.i.IntermediateProofReplayer Proof replay took 215.79ms 
122485     DEBUG main            d.u.i.k.p.r.p.TestFile    ... success: reloaded. 
122486     INFO  main            d.u.i.k.p.r.p.TestFile    Now processing file /home/runner/work/key/key/key.core/../key.ui/examples/heap/block_loop_contracts/Free/blockContracts0.key 
122486     INFO  main            d.u.i.k.p.i.AbstractProblemLoader Loading environment from /home/runner/work/key/key/key.core/../key.ui/examples/heap/block_loop_contracts/Free/blockContracts0.key 
122487     DEBUG main            d.u.i.k.p.i.AbstractProblemLoader Environment load took 253.4ns 
122488     INFO  main            d.u.i.k.p.i.AbstractProblemLoader Creating init config 
125053     DEBUG main            d.u.i.k.p.i.AbstractProblemLoader Init config took 2.57s 
125088     INFO  main            d.u.i.k.p.i.AbstractProblemLoader Replaying proof FreeConditions[FreeConditions::blockContract0()].JML normal_behavior operation contract.0 
125090     DEBUG main            d.u.i.k.p.i.IntermediateProofReplayer Proof replay took 15ns 
125192     INFO  main            d.u.i.k.p.r.p.TestFile    ... finished proof: closed. 
125502     INFO  main            d.u.i.k.p.i.AbstractProblemLoader Loading environment from /home/runner/work/key/key/key.core/../key.ui/examples/heap/block_loop_contracts/Free/blockContracts0.key.proof 
125502     DEBUG main            d.u.i.k.p.i.AbstractProblemLoader Environment load took 134.3ns 
125503     INFO  main            d.u.i.k.p.i.AbstractProblemLoader Creating init config 
127920     DEBUG main            d.u.i.k.p.i.AbstractProblemLoader Init config took 2.42s 
127955     INFO  main            d.u.i.k.p.i.AbstractProblemLoader Replaying proof FreeConditions[FreeConditions::blockContract0()].JML normal_behavior operation contract.0 
127976     DEBUG main            d.u.i.k.p.i.IntermediateProofReplayer Proof replay took 19.62ms 
127978     DEBUG main            d.u.i.k.p.r.p.TestFile    ... success: reloaded. 
127979     INFO  main            d.u.i.k.p.r.p.TestFile    Now processing file /home/runner/work/key/key/key.core/../key.ui/examples/heap/block_loop_contracts/Free/blockContracts1.key 
127979     INFO  main            d.u.i.k.p.i.AbstractProblemLoader Loading environment from /home/runner/work/key/key/key.core/../key.ui/examples/heap/block_loop_contracts/Free/blockContracts1.key 
127980     DEBUG main            d.u.i.k.p.i.AbstractProblemLoader Environment load took 232.9ns 
127981     INFO  main            d.u.i.k.p.i.AbstractProblemLoader Creating init config 
130469     DEBUG main            d.u.i.k.p.i.AbstractProblemLoader Init config took 2.49s 
130504     INFO  main            d.u.i.k.p.i.AbstractProblemLoader Replaying proof FreeConditions[FreeConditions::blockContract1()].JML normal_behavior operation contract.0 
130507     DEBUG main            d.u.i.k.p.i.IntermediateProofReplayer Proof replay took 12.9ns 
130609     INFO  main            d.u.i.k.p.r.p.TestFile    ... finished proof: closed. 
130893     INFO  main            d.u.i.k.p.i.AbstractProblemLoader Loading environment from /home/runner/work/key/key/key.core/../key.ui/examples/heap/block_loop_contracts/Free/blockContracts1.key.proof 
130893     DEBUG main            d.u.i.k.p.i.AbstractProblemLoader Environment load took 130.9ns 
130894     INFO  main            d.u.i.k.p.i.AbstractProblemLoader Creating init config 
133313     DEBUG main            d.u.i.k.p.i.AbstractProblemLoader Init config took 2.42s 
133349     INFO  main            d.u.i.k.p.i.AbstractProblemLoader Replaying proof FreeConditions[FreeConditions::blockContract1()].JML normal_behavior operation contract.0 
133367     DEBUG main            d.u.i.k.p.i.IntermediateProofReplayer Proof replay took 16.62ms 
133368     DEBUG main            d.u.i.k.p.r.p.TestFile    ... success: reloaded. 
133369     INFO  main            d.u.i.k.p.r.p.TestFile    Now processing file /home/runner/work/key/key/key.core/../key.ui/examples/heap/block_loop_contracts/Finally/block_finally.key 
133369     INFO  main            d.u.i.k.p.i.AbstractProblemLoader Loading environment from /home/runner/work/key/key/key.core/../key.ui/examples/heap/block_loop_contracts/Finally/block_finally.key 
133370     DEBUG main            d.u.i.k.p.i.AbstractProblemLoader Environment load took 110.6ns 
133370     INFO  main            d.u.i.k.p.i.AbstractProblemLoader Creating init config 
135865     DEBUG main            d.u.i.k.p.i.AbstractProblemLoader Init config took 2.49s 
135901     INFO  main            d.u.i.k.p.i.AbstractProblemLoader Replaying proof AuxiliaryContractsFinally[AuxiliaryContractsFinally::breakThrowContinueBlockContract(java.lang.Exception)].JML block contract.0 
135903     DEBUG main            d.u.i.k.p.i.IntermediateProofReplayer Proof replay took 12.6ns 
136508     INFO  main            d.u.i.k.p.r.p.TestFile    ... finished proof: open goal(s) 
136852     INFO  main            d.u.i.k.p.r.p.TestFile    Now processing file /home/runner/work/key/key/key.core/../key.ui/examples/heap/block_loop_contracts/Finally/loop_finally.key 
136852     INFO  main            d.u.i.k.p.i.AbstractProblemLoader Loading environment from /home/runner/work/key/key/key.core/../key.ui/examples/heap/block_loop_contracts/Finally/loop_finally.key 
136852     DEBUG main            d.u.i.k.p.i.AbstractProblemLoader Environment load took 65.7ns 
136853     INFO  main            d.u.i.k.p.i.AbstractProblemLoader Creating init config 
139279     DEBUG main            d.u.i.k.p.i.AbstractProblemLoader Init config took 2.43s 
139316     INFO  main            d.u.i.k.p.i.AbstractProblemLoader Replaying proof AuxiliaryContractsFinally[AuxiliaryContractsFinally::breakThrowContinueLoopContract(java.lang.Exception)].JML normal_behavior loop contract.0 
139318     DEBUG main            d.u.i.k.p.i.IntermediateProofReplayer Proof replay took 12.3ns 
139924     INFO  main            d.u.i.k.p.r.p.TestFile    ... finished proof: open goal(s) 
650028     INFO  Test worker     d.u.i.k.p.r.RunAllProofsTestUnit Returning from test blockContracts 
650029     INFO  Test worker     d.u.i.k.p.r.RunAllProofsTestUnit Running test jmlAsserts 
352        INFO  Timeout watchdog d.u.i.k.p.r.p.ForkedTestFileRunner Timeout watcher launched (2000 secs.) 
362        WARN  main            d.u.i.k.s.ProofSettings   The settings in /home/runner/.key/proof-settings.props are *not* read. 
410        INFO  main            d.u.i.k.p.r.p.TestFile    Now processing file /home/runner/work/key/key/key.core/../key.ui/examples/standard_key/java_dl/jml-assert/assert.key 
525        INFO  main            d.u.i.k.p.i.AbstractProblemLoader Loading environment from /home/runner/work/key/key/key.core/../key.ui/examples/standard_key/java_dl/jml-assert/assert.key 
541        DEBUG main            d.u.i.k.p.i.AbstractProblemLoader Environment load took 2.46ms 
774        INFO  main            d.u.i.k.p.i.AbstractProblemLoader Creating init config 
1751       DEBUG main            d.u.i.k.j.TypeConverter   No LDT found for Meta 
1752       DEBUG main            d.u.i.k.j.TypeConverter   No LDT found for Meta 
1754       DEBUG main            d.u.i.k.j.TypeConverter   No LDT found for Meta 
1754       DEBUG main            d.u.i.k.j.TypeConverter   No LDT found for Meta 
3018       DEBUG main            d.u.i.k.j.TypeConverter   No LDT found for JavaBigintExpression 
8091       DEBUG main            d.u.i.k.p.i.AbstractProblemLoader Init config took 7.32s 
8215       INFO  main            d.u.i.k.p.i.AbstractProblemLoader Replaying proof Assert[Assert::createArray(int)].JML normal_behavior operation contract.0 
8248       DEBUG main            d.u.i.k.p.i.IntermediateProofReplayer Proof replay took 33.7ns 
9082       INFO  main            d.u.i.k.p.r.p.TestFile    ... finished proof: closed. 
9217       INFO  main            d.u.i.k.p.i.AbstractProblemLoader Loading environment from /home/runner/work/key/key/key.core/../key.ui/examples/standard_key/java_dl/jml-assert/assert.key.proof 
9218       DEBUG main            d.u.i.k.p.i.AbstractProblemLoader Environment load took 1.4ms 
9222       INFO  main            d.u.i.k.p.i.AbstractProblemLoader Creating init config 
12178      DEBUG main            d.u.i.k.p.i.AbstractProblemLoader Init config took 2.96s 
12297      INFO  main            d.u.i.k.p.i.AbstractProblemLoader Replaying proof Assert[Assert::createArray(int)].JML normal_behavior operation contract.0 
12455      DEBUG main            d.u.i.k.p.i.IntermediateProofReplayer Proof replay took 144.86ms 
12463      DEBUG main            d.u.i.k.p.r.p.TestFile    ... success: reloaded. 
12465      INFO  main            d.u.i.k.p.r.p.TestFile    Now processing file /home/runner/work/key/key/key.core/../key.ui/examples/heap/block_loop_contracts/Free/assertions0.key 
12466      INFO  main            d.u.i.k.p.i.AbstractProblemLoader Loading environment from /home/runner/work/key/key/key.core/../key.ui/examples/heap/block_loop_contracts/Free/assertions0.key 
12466      DEBUG main            d.u.i.k.p.i.AbstractProblemLoader Environment load took 272ns 
12468      INFO  main            d.u.i.k.p.i.AbstractProblemLoader Creating init config 
15170      DEBUG main            d.u.i.k.p.i.AbstractProblemLoader Init config took 2.7s 
15245      INFO  main            d.u.i.k.p.i.AbstractProblemLoader Replaying proof FreeConditions[FreeConditions::assertions0()].JML normal_behavior operation contract.0 
15250      DEBUG main            d.u.i.k.p.i.IntermediateProofReplayer Proof replay took 15.3ns 
15453      INFO  main            d.u.i.k.p.r.p.TestFile    ... finished proof: closed. 
15669      INFO  main            d.u.i.k.p.i.AbstractProblemLoader Loading environment from /home/runner/work/key/key/key.core/../key.ui/examples/heap/block_loop_contracts/Free/assertions0.key.proof 
15669      DEBUG main            d.u.i.k.p.i.AbstractProblemLoader Environment load took 833.51ns 
15673      INFO  main            d.u.i.k.p.i.AbstractProblemLoader Creating init config 
18339      DEBUG main            d.u.i.k.p.i.AbstractProblemLoader Init config took 2.67s 
18404      INFO  main            d.u.i.k.p.i.AbstractProblemLoader Replaying proof FreeConditions[FreeConditions::assertions0()].JML normal_behavior operation contract.0 
18429      DEBUG main            d.u.i.k.p.i.IntermediateProofReplayer Proof replay took 23.07ms 
18431      DEBUG main            d.u.i.k.p.r.p.TestFile    ... success: reloaded. 
18433      INFO  main            d.u.i.k.p.r.p.TestFile    Now processing file /home/runner/work/key/key/key.core/../key.ui/examples/heap/block_loop_contracts/Free/assertions1.key 
18433      INFO  main            d.u.i.k.p.i.AbstractProblemLoader Loading environment from /home/runner/work/key/key/key.core/../key.ui/examples/heap/block_loop_contracts/Free/assertions1.key 
18433      DEBUG main            d.u.i.k.p.i.AbstractProblemLoader Environment load took 247.3ns 
18435      INFO  main            d.u.i.k.p.i.AbstractProblemLoader Creating init config 
20988      DEBUG main            d.u.i.k.p.i.AbstractProblemLoader Init config took 2.55s 
21036      INFO  main            d.u.i.k.p.i.AbstractProblemLoader Replaying proof FreeConditions[FreeConditions::assertions1()].JML normal_behavior operation contract.0 
21041      DEBUG main            d.u.i.k.p.i.IntermediateProofReplayer Proof replay took 23.8ns 
21143      INFO  main            d.u.i.k.p.r.p.TestFile    ... finished proof: closed. 
21305      INFO  main            d.u.i.k.p.i.AbstractProblemLoader Loading environment from /home/runner/work/key/key/key.core/../key.ui/examples/heap/block_loop_contracts/Free/assertions1.key.proof 
21305      DEBUG main            d.u.i.k.p.i.AbstractProblemLoader Environment load took 148.8ns 
21306      INFO  main            d.u.i.k.p.i.AbstractProblemLoader Creating init config 
23837      DEBUG main            d.u.i.k.p.i.AbstractProblemLoader Init config took 2.53s 
23903      INFO  main            d.u.i.k.p.i.AbstractProblemLoader Replaying proof FreeConditions[FreeConditions::assertions1()].JML normal_behavior operation contract.0 
23917      DEBUG main            d.u.i.k.p.i.IntermediateProofReplayer Proof replay took 9.17ms 
23918      DEBUG main            d.u.i.k.p.r.p.TestFile    ... success: reloaded. 
23920      INFO  main            d.u.i.k.p.r.p.TestFile    Now processing file /home/runner/work/key/key/key.core/../key.ui/examples/standard_key/java_dl/jml-assert/recursion-assert.key 
23920      INFO  main            d.u.i.k.p.i.AbstractProblemLoader Loading environment from /home/runner/work/key/key/key.core/../key.ui/examples/standard_key/java_dl/jml-assert/recursion-assert.key 
23920      DEBUG main            d.u.i.k.p.i.AbstractProblemLoader Environment load took 114.5ns 
23922      INFO  main            d.u.i.k.p.i.AbstractProblemLoader Creating init config 
26572      DEBUG main            d.u.i.k.p.i.AbstractProblemLoader Init config took 2.65s 
26625      INFO  main            d.u.i.k.p.i.AbstractProblemLoader Replaying proof RecursiveMethod[RecursiveMethod::fac1(int)].JML normal_behavior operation contract.0 
26627      DEBUG main            d.u.i.k.p.i.IntermediateProofReplayer Proof replay took 7.7ns 
26834      INFO  main            d.u.i.k.p.r.p.TestFile    ... finished proof: closed. 
27011      INFO  main            d.u.i.k.p.i.AbstractProblemLoader Loading environment from /home/runner/work/key/key/key.core/../key.ui/examples/standard_key/java_dl/jml-assert/recursion-assert.key.proof 
27011      DEBUG main            d.u.i.k.p.i.AbstractProblemLoader Environment load took 150.7ns 
27015      INFO  main            d.u.i.k.p.i.AbstractProblemLoader Creating init config 
29686      DEBUG main            d.u.i.k.p.i.AbstractProblemLoader Init config took 2.67s 
29747      INFO  main            d.u.i.k.p.i.AbstractProblemLoader Replaying proof RecursiveMethod[RecursiveMethod::fac1(int)].JML normal_behavior operation contract.0 
29805      DEBUG main            d.u.i.k.p.i.IntermediateProofReplayer Proof replay took 53.19ms 
29806      DEBUG main            d.u.i.k.p.r.p.TestFile    ... success: reloaded. 
29807      INFO  main            d.u.i.k.p.r.p.TestFile    Now processing file /home/runner/work/key/key/key.core/../key.ui/examples/standard_key/java_dl/jml-assert/recursion-assume.key 
29808      INFO  main            d.u.i.k.p.i.AbstractProblemLoader Loading environment from /home/runner/work/key/key/key.core/../key.ui/examples/standard_key/java_dl/jml-assert/recursion-assume.key 
29808      DEBUG main            d.u.i.k.p.i.AbstractProblemLoader Environment load took 92.5ns 
29809      INFO  main            d.u.i.k.p.i.AbstractProblemLoader Creating init config 
32477      DEBUG main            d.u.i.k.p.i.AbstractProblemLoader Init config took 2.67s 
32523      INFO  main            d.u.i.k.p.i.AbstractProblemLoader Replaying proof RecursiveMethod[RecursiveMethod::fac2(int)].JML normal_behavior operation contract.0 
32524      DEBUG main            d.u.i.k.p.i.IntermediateProofReplayer Proof replay took 5.7ns 
32734      INFO  main            d.u.i.k.p.r.p.TestFile    ... finished proof: closed. 
32927      INFO  main            d.u.i.k.p.i.AbstractProblemLoader Loading environment from /home/runner/work/key/key/key.core/../key.ui/examples/standard_key/java_dl/jml-assert/recursion-assume.key.proof 
32928      DEBUG main            d.u.i.k.p.i.AbstractProblemLoader Environment load took 169.1ns 
32929      INFO  main            d.u.i.k.p.i.AbstractProblemLoader Creating init config 
35494      DEBUG main            d.u.i.k.p.i.AbstractProblemLoader Init config took 2.56s 
35540      INFO  main            d.u.i.k.p.i.AbstractProblemLoader Replaying proof RecursiveMethod[RecursiveMethod::fac2(int)].JML normal_behavior operation contract.0 
35577      DEBUG main            d.u.i.k.p.i.IntermediateProofReplayer Proof replay took 34ms 
35578      DEBUG main            d.u.i.k.p.r.p.TestFile    ... success: reloaded. 
35579      INFO  main            d.u.i.k.p.r.p.TestFile    Now processing file /home/runner/work/key/key/key.core/../key.ui/examples/standard_key/java_dl/jml-assert/quantor-assert.key 
35580      INFO  main            d.u.i.k.p.i.AbstractProblemLoader Loading environment from /home/runner/work/key/key/key.core/../key.ui/examples/standard_key/java_dl/jml-assert/quantor-assert.key 
35580      DEBUG main            d.u.i.k.p.i.AbstractProblemLoader Environment load took 101ns 
35581      INFO  main            d.u.i.k.p.i.AbstractProblemLoader Creating init config 
38229      DEBUG main            d.u.i.k.p.i.AbstractProblemLoader Init config took 2.65s 
38276      INFO  main            d.u.i.k.p.i.AbstractProblemLoader Replaying proof Quantor[Quantor::square1(int)].JML normal_behavior operation contract.0 
38279      DEBUG main            d.u.i.k.p.i.IntermediateProofReplayer Proof replay took 32.4ns 
38382      INFO  main            d.u.i.k.p.r.p.TestFile    ... finished proof: closed. 
38581      INFO  main            d.u.i.k.p.i.AbstractProblemLoader Loading environment from /home/runner/work/key/key/key.core/../key.ui/examples/standard_key/java_dl/jml-assert/quantor-assert.key.proof 
38581      DEBUG main            d.u.i.k.p.i.AbstractProblemLoader Environment load took 157.7ns 
38582      INFO  main            d.u.i.k.p.i.AbstractProblemLoader Creating init config 
41160      DEBUG main            d.u.i.k.p.i.AbstractProblemLoader Init config took 2.58s 
41204      INFO  main            d.u.i.k.p.i.AbstractProblemLoader Replaying proof Quantor[Quantor::square1(int)].JML normal_behavior operation contract.0 
41224      DEBUG main            d.u.i.k.p.i.IntermediateProofReplayer Proof replay took 16.99ms 
41225      DEBUG main            d.u.i.k.p.r.p.TestFile    ... success: reloaded. 
41227      INFO  main            d.u.i.k.p.r.p.TestFile    Now processing file /home/runner/work/key/key/key.core/../key.ui/examples/standard_key/java_dl/jml-assert/quantor-assume.key 
41227      INFO  main            d.u.i.k.p.i.AbstractProblemLoader Loading environment from /home/runner/work/key/key/key.core/../key.ui/examples/standard_key/java_dl/jml-assert/quantor-assume.key 
41227      DEBUG main            d.u.i.k.p.i.AbstractProblemLoader Environment load took 260.4ns 
41228      INFO  main            d.u.i.k.p.i.AbstractProblemLoader Creating init config 
43873      DEBUG main            d.u.i.k.p.i.AbstractProblemLoader Init config took 2.64s 
43917      INFO  main            d.u.i.k.p.i.AbstractProblemLoader Replaying proof Quantor[Quantor::square2(int)].JML normal_behavior operation contract.0 
43918      DEBUG main            d.u.i.k.p.i.IntermediateProofReplayer Proof replay took 6.2ns 
44021      INFO  main            d.u.i.k.p.r.p.TestFile    ... finished proof: closed. 
44251      INFO  main            d.u.i.k.p.i.AbstractProblemLoader Loading environment from /home/runner/work/key/key/key.core/../key.ui/examples/standard_key/java_dl/jml-assert/quantor-assume.key.proof 
44252      DEBUG main            d.u.i.k.p.i.AbstractProblemLoader Environment load took 847.91ns 
44254      INFO  main            d.u.i.k.p.i.AbstractProblemLoader Creating init config 
46790      DEBUG main            d.u.i.k.p.i.AbstractProblemLoader Init config took 2.54s 
46832      INFO  main            d.u.i.k.p.i.AbstractProblemLoader Replaying proof Quantor[Quantor::square2(int)].JML normal_behavior operation contract.0 
46848      DEBUG main            d.u.i.k.p.i.IntermediateProofReplayer Proof replay took 14.31ms 
46849      DEBUG main            d.u.i.k.p.r.p.TestFile    ... success: reloaded. 
46850      INFO  main            d.u.i.k.p.r.p.TestFile    Now processing file /home/runner/work/key/key/key.core/../key.ui/examples/standard_key/java_dl/jml-assert/model-methods-static-static.key 
46851      INFO  main            d.u.i.k.p.i.AbstractProblemLoader Loading environment from /home/runner/work/key/key/key.core/../key.ui/examples/standard_key/java_dl/jml-assert/model-methods-static-static.key 
46851      DEBUG main            d.u.i.k.p.i.AbstractProblemLoader Environment load took 105ns 
46852      INFO  main            d.u.i.k.p.i.AbstractProblemLoader Creating init config 
49417      DEBUG main            d.u.i.k.p.i.AbstractProblemLoader Init config took 2.57s 
49459      INFO  main            d.u.i.k.p.i.AbstractProblemLoader Replaying proof ModelMethods[ModelMethods::test1()].JML normal_behavior operation contract.0 
49460      DEBUG main            d.u.i.k.p.i.IntermediateProofReplayer Proof replay took 6.8ns 
49565      INFO  main            d.u.i.k.p.r.p.TestFile    ... finished proof: closed. 
49776      INFO  main            d.u.i.k.p.i.AbstractProblemLoader Loading environment from /home/runner/work/key/key/key.core/../key.ui/examples/standard_key/java_dl/jml-assert/model-methods-static-static.key.proof 
49776      DEBUG main            d.u.i.k.p.i.AbstractProblemLoader Environment load took 151.3ns 
49777      INFO  main            d.u.i.k.p.i.AbstractProblemLoader Creating init config 
52304      DEBUG main            d.u.i.k.p.i.AbstractProblemLoader Init config took 2.53s 
52344      INFO  main            d.u.i.k.p.i.AbstractProblemLoader Replaying proof ModelMethods[ModelMethods::test1()].JML normal_behavior operation contract.0 
52352      DEBUG main            d.u.i.k.p.i.IntermediateProofReplayer Proof replay took 6.09ms 
52353      DEBUG main            d.u.i.k.p.r.p.TestFile    ... success: reloaded. 
52354      INFO  main            d.u.i.k.p.r.p.TestFile    Now processing file /home/runner/work/key/key/key.core/../key.ui/examples/standard_key/java_dl/jml-assert/model-methods-instance-static.key 
52354      INFO  main            d.u.i.k.p.i.AbstractProblemLoader Loading environment from /home/runner/work/key/key/key.core/../key.ui/examples/standard_key/java_dl/jml-assert/model-methods-instance-static.key 
52355      DEBUG main            d.u.i.k.p.i.AbstractProblemLoader Environment load took 88.3ns 
52355      INFO  main            d.u.i.k.p.i.AbstractProblemLoader Creating init config 
55022      DEBUG main            d.u.i.k.p.i.AbstractProblemLoader Init config took 2.67s 
55062      INFO  main            d.u.i.k.p.i.AbstractProblemLoader Replaying proof ModelMethods[ModelMethods::test2()].JML normal_behavior operation contract.0 
55063      DEBUG main            d.u.i.k.p.i.IntermediateProofReplayer Proof replay took 7.1ns 
55165      INFO  main            d.u.i.k.p.r.p.TestFile    ... finished proof: closed. 
55372      INFO  main            d.u.i.k.p.i.AbstractProblemLoader Loading environment from /home/runner/work/key/key/key.core/../key.ui/examples/standard_key/java_dl/jml-assert/model-methods-instance-static.key.proof 
55372      DEBUG main            d.u.i.k.p.i.AbstractProblemLoader Environment load took 148.8ns 
55373      INFO  main            d.u.i.k.p.i.AbstractProblemLoader Creating init config 
57925      DEBUG main            d.u.i.k.p.i.AbstractProblemLoader Init config took 2.55s 
57966      INFO  main            d.u.i.k.p.i.AbstractProblemLoader Replaying proof ModelMethods[ModelMethods::test2()].JML normal_behavior operation contract.0 
57977      DEBUG main            d.u.i.k.p.i.IntermediateProofReplayer Proof replay took 8.42ms 
57978      DEBUG main            d.u.i.k.p.r.p.TestFile    ... success: reloaded. 
57979      INFO  main            d.u.i.k.p.r.p.TestFile    Now processing file /home/runner/work/key/key/key.core/../key.ui/examples/standard_key/java_dl/jml-assert/model-methods-instance-instance.key 
57980      INFO  main            d.u.i.k.p.i.AbstractProblemLoader Loading environment from /home/runner/work/key/key/key.core/../key.ui/examples/standard_key/java_dl/jml-assert/model-methods-instance-instance.key 
57980      DEBUG main            d.u.i.k.p.i.AbstractProblemLoader Environment load took 242.3ns 
57981      INFO  main            d.u.i.k.p.i.AbstractProblemLoader Creating init config 
60546      DEBUG main            d.u.i.k.p.i.AbstractProblemLoader Init config took 2.56s 
60593      INFO  main            d.u.i.k.p.i.AbstractProblemLoader Replaying proof ModelMethods[ModelMethods::test3()].JML normal_behavior operation contract.0 
60596      DEBUG main            d.u.i.k.p.i.IntermediateProofReplayer Proof replay took 7.8ns 
60701      INFO  main            d.u.i.k.p.r.p.TestFile    ... finished proof: closed. 
60917      INFO  main            d.u.i.k.p.i.AbstractProblemLoader Loading environment from /home/runner/work/key/key/key.core/../key.ui/examples/standard_key/java_dl/jml-assert/model-methods-instance-instance.key.proof 
60918      DEBUG main            d.u.i.k.p.i.AbstractProblemLoader Environment load took 138.6ns 
60919      INFO  main            d.u.i.k.p.i.AbstractProblemLoader Creating init config 
63449      DEBUG main            d.u.i.k.p.i.AbstractProblemLoader Init config took 2.53s 
63494      INFO  main            d.u.i.k.p.i.AbstractProblemLoader Replaying proof ModelMethods[ModelMethods::test3()].JML normal_behavior operation contract.0 
63513      DEBUG main            d.u.i.k.p.i.IntermediateProofReplayer Proof replay took 16.7ms 
63514      DEBUG main            d.u.i.k.p.r.p.TestFile    ... success: reloaded. 
63515      INFO  main            d.u.i.k.p.r.p.TestFile    Now processing file /home/runner/work/key/key/key.core/../key.ui/examples/standard_key/java_dl/jml-assert/model-methods-static-instance.key 
63516      INFO  main            d.u.i.k.p.i.AbstractProblemLoader Loading environment from /home/runner/work/key/key/key.core/../key.ui/examples/standard_key/java_dl/jml-assert/model-methods-static-instance.key 
63516      DEBUG main            d.u.i.k.p.i.AbstractProblemLoader Environment load took 109.2ns 
63517      INFO  main            d.u.i.k.p.i.AbstractProblemLoader Creating init config 
66096      DEBUG main            d.u.i.k.p.i.AbstractProblemLoader Init config took 2.58s 
66135      INFO  main            d.u.i.k.p.i.AbstractProblemLoader Replaying proof ModelMethods[ModelMethods::test4()].JML normal_behavior operation contract.0 
66137      DEBUG main            d.u.i.k.p.i.IntermediateProofReplayer Proof replay took 7.4ns 
66239      INFO  main            d.u.i.k.p.r.p.TestFile    ... finished proof: closed. 
66460      INFO  main            d.u.i.k.p.i.AbstractProblemLoader Loading environment from /home/runner/work/key/key/key.core/../key.ui/examples/standard_key/java_dl/jml-assert/model-methods-static-instance.key.proof 
66460      DEBUG main            d.u.i.k.p.i.AbstractProblemLoader Environment load took 140.6ns 
66461      INFO  main            d.u.i.k.p.i.AbstractProblemLoader Creating init config 
68974      DEBUG main            d.u.i.k.p.i.AbstractProblemLoader Init config took 2.51s 
69016      INFO  main            d.u.i.k.p.i.AbstractProblemLoader Replaying proof ModelMethods[ModelMethods::test4()].JML normal_behavior operation contract.0 
69046      DEBUG main            d.u.i.k.p.i.IntermediateProofReplayer Proof replay took 27.68ms 
69047      DEBUG main            d.u.i.k.p.r.p.TestFile    ... success: reloaded. 
69048      INFO  main            d.u.i.k.p.r.p.TestFile    Now processing file /home/runner/work/key/key/key.core/../key.ui/examples/standard_key/java_dl/jml-assert/assert-old/inc-field.key 
69048      INFO  main            d.u.i.k.p.i.AbstractProblemLoader Loading environment from /home/runner/work/key/key/key.core/../key.ui/examples/standard_key/java_dl/jml-assert/assert-old/inc-field.key 
69049      DEBUG main            d.u.i.k.p.i.AbstractProblemLoader Environment load took 105.6ns 
69049      INFO  main            d.u.i.k.p.i.AbstractProblemLoader Creating init config 
71515      DEBUG main            d.u.i.k.p.i.AbstractProblemLoader Init config took 2.47s 
71553      INFO  main            d.u.i.k.p.i.AbstractProblemLoader Replaying proof Inc[Inc::inc_field()].JML normal_behavior operation contract.0 
71554      DEBUG main            d.u.i.k.p.i.IntermediateProofReplayer Proof replay took 6.6ns 
71656      INFO  main            d.u.i.k.p.r.p.TestFile    ... finished proof: closed. 
71897      INFO  main            d.u.i.k.p.i.AbstractProblemLoader Loading environment from /home/runner/work/key/key/key.core/../key.ui/examples/standard_key/java_dl/jml-assert/assert-old/inc-field.key.proof 
71897      DEBUG main            d.u.i.k.p.i.AbstractProblemLoader Environment load took 135.5ns 
71898      INFO  main            d.u.i.k.p.i.AbstractProblemLoader Creating init config 
74284      DEBUG main            d.u.i.k.p.i.AbstractProblemLoader Init config took 2.39s 
74322      INFO  main            d.u.i.k.p.i.AbstractProblemLoader Replaying proof Inc[Inc::inc_field()].JML normal_behavior operation contract.0 
74350      DEBUG main            d.u.i.k.p.i.IntermediateProofReplayer Proof replay took 25.62ms 
74351      DEBUG main            d.u.i.k.p.r.p.TestFile    ... success: reloaded. 
74352      INFO  main            d.u.i.k.p.r.p.TestFile    Now processing file /home/runner/work/key/key/key.core/../key.ui/examples/standard_key/java_dl/jml-assert/assert-old/inc-parameter.key 
74352      INFO  main            d.u.i.k.p.i.AbstractProblemLoader Loading environment from /home/runner/work/key/key/key.core/../key.ui/examples/standard_key/java_dl/jml-assert/assert-old/inc-parameter.key 
74353      DEBUG main            d.u.i.k.p.i.AbstractProblemLoader Environment load took 235.7ns 
74354      INFO  main            d.u.i.k.p.i.AbstractProblemLoader Creating init config 
76874      DEBUG main            d.u.i.k.p.i.AbstractProblemLoader Init config took 2.52s 
76910      INFO  main            d.u.i.k.p.i.AbstractProblemLoader Replaying proof Inc[Inc::inc_parameter(int)].JML normal_behavior operation contract.0 
76912      DEBUG main            d.u.i.k.p.i.IntermediateProofReplayer Proof replay took 7.6ns 
77017      INFO  main            d.u.i.k.p.r.p.TestFile    ... finished proof: closed. 
77257      INFO  main            d.u.i.k.p.i.AbstractProblemLoader Loading environment from /home/runner/work/key/key/key.core/../key.ui/examples/standard_key/java_dl/jml-assert/assert-old/inc-parameter.key.proof 
77257      DEBUG main            d.u.i.k.p.i.AbstractProblemLoader Environment load took 131.1ns 
77258      INFO  main            d.u.i.k.p.i.AbstractProblemLoader Creating init config 
79692      DEBUG main            d.u.i.k.p.i.AbstractProblemLoader Init config took 2.43s 
79728      INFO  main            d.u.i.k.p.i.AbstractProblemLoader Replaying proof Inc[Inc::inc_parameter(int)].JML normal_behavior operation contract.0 
79744      DEBUG main            d.u.i.k.p.i.IntermediateProofReplayer Proof replay took 13ms 
79745      DEBUG main            d.u.i.k.p.r.p.TestFile    ... success: reloaded. 
79746      INFO  main            d.u.i.k.p.r.p.TestFile    Now processing file /home/runner/work/key/key/key.core/../key.ui/examples/standard_key/java_dl/jml-assert/assert-old/inc-parameter-field.key 
79746      INFO  main            d.u.i.k.p.i.AbstractProblemLoader Loading environment from /home/runner/work/key/key/key.core/../key.ui/examples/standard_key/java_dl/jml-assert/assert-old/inc-parameter-field.key 
79746      DEBUG main            d.u.i.k.p.i.AbstractProblemLoader Environment load took 239ns 
79747      INFO  main            d.u.i.k.p.i.AbstractProblemLoader Creating init config 
82188      DEBUG main            d.u.i.k.p.i.AbstractProblemLoader Init config took 2.44s 
82223      INFO  main            d.u.i.k.p.i.AbstractProblemLoader Replaying proof Inc[Inc::inc_parameter_field(Inc)].JML normal_behavior operation contract.0 
82225      DEBUG main            d.u.i.k.p.i.IntermediateProofReplayer Proof replay took 6.2ns 
82329      INFO  main            d.u.i.k.p.r.p.TestFile    ... finished proof: closed. 
82578      INFO  main            d.u.i.k.p.i.AbstractProblemLoader Loading environment from /home/runner/work/key/key/key.core/../key.ui/examples/standard_key/java_dl/jml-assert/assert-old/inc-parameter-field.key.proof 
82578      DEBUG main            d.u.i.k.p.i.AbstractProblemLoader Environment load took 138.8ns 
82580      INFO  main            d.u.i.k.p.i.AbstractProblemLoader Creating init config 
85015      DEBUG main            d.u.i.k.p.i.AbstractProblemLoader Init config took 2.44s 
85053      INFO  main            d.u.i.k.p.i.AbstractProblemLoader Replaying proof Inc[Inc::inc_parameter_field(Inc)].JML normal_behavior operation contract.0 
85088      DEBUG main            d.u.i.k.p.i.IntermediateProofReplayer Proof replay took 31.49ms 
85089      DEBUG main            d.u.i.k.p.r.p.TestFile    ... success: reloaded. 
85090      INFO  main            d.u.i.k.p.r.p.TestFile    Now processing file /home/runner/work/key/key/key.core/../key.ui/examples/standard_key/java_dl/jml-assert/assert-old/inc-ghost-field.key 
85091      INFO  main            d.u.i.k.p.i.AbstractProblemLoader Loading environment from /home/runner/work/key/key/key.core/../key.ui/examples/standard_key/java_dl/jml-assert/assert-old/inc-ghost-field.key 
85091      DEBUG main            d.u.i.k.p.i.AbstractProblemLoader Environment load took 111.2ns 
85092      INFO  main            d.u.i.k.p.i.AbstractProblemLoader Creating init config 
87502      DEBUG main            d.u.i.k.p.i.AbstractProblemLoader Init config took 2.41s 
87537      INFO  main            d.u.i.k.p.i.AbstractProblemLoader Replaying proof Inc[Inc::inc_ghost_field()].JML normal_behavior operation contract.0 
87538      DEBUG main            d.u.i.k.p.i.IntermediateProofReplayer Proof replay took 6.8ns 
87744      INFO  main            d.u.i.k.p.r.p.TestFile    ... finished proof: closed. 
88013      INFO  main            d.u.i.k.p.i.AbstractProblemLoader Loading environment from /home/runner/work/key/key/key.core/../key.ui/examples/standard_key/java_dl/jml-assert/assert-old/inc-ghost-field.key.proof 
88013      DEBUG main            d.u.i.k.p.i.AbstractProblemLoader Environment load took 137.1ns 
88014      INFO  main            d.u.i.k.p.i.AbstractProblemLoader Creating init config 
90407      DEBUG main            d.u.i.k.p.i.AbstractProblemLoader Init config took 2.39s 
90443      INFO  main            d.u.i.k.p.i.AbstractProblemLoader Replaying proof Inc[Inc::inc_ghost_field()].JML normal_behavior operation contract.0 
90468      DEBUG main            d.u.i.k.p.i.IntermediateProofReplayer Proof replay took 23.37ms 
90469      DEBUG main            d.u.i.k.p.r.p.TestFile    ... success: reloaded. 
740679     INFO  Test worker     d.u.i.k.p.r.RunAllProofsTestUnit Returning from test jmlAsserts 
740681     INFO  Test worker     d.u.i.k.p.r.RunAllProofsTestUnit Running test javaCard 
347        INFO  Timeout watchdog d.u.i.k.p.r.p.ForkedTestFileRunner Timeout watcher launched (2000 secs.) 
352        WARN  main            d.u.i.k.s.ProofSettings   The settings in /home/runner/.key/proof-settings.props are *not* read. 
384        INFO  main            d.u.i.k.p.r.p.TestFile    Now processing file /home/runner/work/key/key/key.core/../key.ui/examples/heap/javacard/updateBalance0.key 
503        INFO  main            d.u.i.k.p.i.AbstractProblemLoader Loading environment from /home/runner/work/key/key/key.core/../key.ui/examples/heap/javacard/updateBalance0.key 
520        DEBUG main            d.u.i.k.p.i.AbstractProblemLoader Environment load took 2.34ms 
741        INFO  main            d.u.i.k.p.i.AbstractProblemLoader Creating init config 
1579       DEBUG main            d.u.i.k.j.TypeConverter   No LDT found for Meta 
1579       DEBUG main            d.u.i.k.j.TypeConverter   No LDT found for Meta 
1580       DEBUG main            d.u.i.k.j.TypeConverter   No LDT found for Meta 
1580       DEBUG main            d.u.i.k.j.TypeConverter   No LDT found for Meta 
3006       DEBUG main            d.u.i.k.j.TypeConverter   No LDT found for JavaBigintExpression 
6772       DEBUG main            d.u.i.k.p.i.AbstractProblemLoader Init config took 6.03s 
6891       INFO  main            d.u.i.k.p.i.AbstractProblemLoader Replaying proof Examples[Examples::updateBalance(short)].JML normal_behavior operation contract.0 
6924       DEBUG main            d.u.i.k.p.i.IntermediateProofReplayer Proof replay took 32.1ns 
8276       INFO  main            d.u.i.k.p.r.p.TestFile    ... finished proof: closed. 
8401       INFO  main            d.u.i.k.p.i.AbstractProblemLoader Loading environment from /home/runner/work/key/key/key.core/../key.ui/examples/heap/javacard/updateBalance0.key.proof 
8401       DEBUG main            d.u.i.k.p.i.AbstractProblemLoader Environment load took 612.31ns 
8404       INFO  main            d.u.i.k.p.i.AbstractProblemLoader Creating init config 
10249      DEBUG main            d.u.i.k.p.i.AbstractProblemLoader Init config took 1.85s 
10327      INFO  main            d.u.i.k.p.i.AbstractProblemLoader Replaying proof Examples[Examples::updateBalance(short)].JML normal_behavior operation contract.0 
10537      DEBUG main            d.u.i.k.p.i.IntermediateProofReplayer Proof replay took 196.97ms 
10546      DEBUG main            d.u.i.k.p.r.p.TestFile    ... success: reloaded. 
10549      INFO  main            d.u.i.k.p.r.p.TestFile    Now processing file /home/runner/work/key/key/key.core/../key.ui/examples/heap/javacard/updateBalance1.key 
10549      INFO  main            d.u.i.k.p.i.AbstractProblemLoader Loading environment from /home/runner/work/key/key/key.core/../key.ui/examples/heap/javacard/updateBalance1.key 
10550      DEBUG main            d.u.i.k.p.i.AbstractProblemLoader Environment load took 275.4ns 
10551      INFO  main            d.u.i.k.p.i.AbstractProblemLoader Creating init config 
12260      DEBUG main            d.u.i.k.p.i.AbstractProblemLoader Init config took 1.71s 
12318      INFO  main            d.u.i.k.p.i.AbstractProblemLoader Replaying proof Examples[Examples::updateBalance(short)].JML normal_behavior operation contract.1 
12321      DEBUG main            d.u.i.k.p.i.IntermediateProofReplayer Proof replay took 8.8ns 
13030      INFO  main            d.u.i.k.p.r.p.TestFile    ... finished proof: closed. 
13202      INFO  main            d.u.i.k.p.i.AbstractProblemLoader Loading environment from /home/runner/work/key/key/key.core/../key.ui/examples/heap/javacard/updateBalance1.key.proof 
13203      DEBUG main            d.u.i.k.p.i.AbstractProblemLoader Environment load took 1.35ms 
13206      INFO  main            d.u.i.k.p.i.AbstractProblemLoader Creating init config 
14896      DEBUG main            d.u.i.k.p.i.AbstractProblemLoader Init config took 1.69s 
14940      INFO  main            d.u.i.k.p.i.AbstractProblemLoader Replaying proof Examples[Examples::updateBalance(short)].JML normal_behavior operation contract.1 
15068      DEBUG main            d.u.i.k.p.i.IntermediateProofReplayer Proof replay took 123.68ms 
15071      DEBUG main            d.u.i.k.p.r.p.TestFile    ... success: reloaded. 
15073      INFO  main            d.u.i.k.p.r.p.TestFile    Now processing file /home/runner/work/key/key/key.core/../key.ui/examples/heap/javacard/setArray1.key 
15074      INFO  main            d.u.i.k.p.i.AbstractProblemLoader Loading environment from /home/runner/work/key/key/key.core/../key.ui/examples/heap/javacard/setArray1.key 
15074      DEBUG main            d.u.i.k.p.i.AbstractProblemLoader Environment load took 247.4ns 
15075      INFO  main            d.u.i.k.p.i.AbstractProblemLoader Creating init config 
16765      DEBUG main            d.u.i.k.p.i.AbstractProblemLoader Init config took 1.69s 
16807      INFO  main            d.u.i.k.p.i.AbstractProblemLoader Replaying proof Examples[Examples::setArray1([B)].JML normal_behavior operation contract.0 
16809      DEBUG main            d.u.i.k.p.i.IntermediateProofReplayer Proof replay took 5.7ns 
17918      INFO  main            d.u.i.k.p.r.p.TestFile    ... finished proof: closed. 
18046      INFO  main            d.u.i.k.p.i.AbstractProblemLoader Loading environment from /home/runner/work/key/key/key.core/../key.ui/examples/heap/javacard/setArray1.key.proof 
18047      DEBUG main            d.u.i.k.p.i.AbstractProblemLoader Environment load took 539.31ns 
18049      INFO  main            d.u.i.k.p.i.AbstractProblemLoader Creating init config 
19705      DEBUG main            d.u.i.k.p.i.AbstractProblemLoader Init config took 1.66s 
19763      INFO  main            d.u.i.k.p.i.AbstractProblemLoader Replaying proof Examples[Examples::setArray1([B)].JML normal_behavior operation contract.0 
19999      DEBUG main            d.u.i.k.p.i.IntermediateProofReplayer Proof replay took 227.76ms 
20002      DEBUG main            d.u.i.k.p.r.p.TestFile    ... success: reloaded. 
20005      INFO  main            d.u.i.k.p.r.p.TestFile    Now processing file /home/runner/work/key/key/key.core/../key.ui/examples/heap/javacard/setArray2.key 
20005      INFO  main            d.u.i.k.p.i.AbstractProblemLoader Loading environment from /home/runner/work/key/key/key.core/../key.ui/examples/heap/javacard/setArray2.key 
20005      DEBUG main            d.u.i.k.p.i.AbstractProblemLoader Environment load took 170.2ns 
20006      INFO  main            d.u.i.k.p.i.AbstractProblemLoader Creating init config 
21700      DEBUG main            d.u.i.k.p.i.AbstractProblemLoader Init config took 1.69s 
21739      INFO  main            d.u.i.k.p.i.AbstractProblemLoader Replaying proof Examples[Examples::setArray2([B)].JML normal_behavior operation contract.0 
21741      DEBUG main            d.u.i.k.p.i.IntermediateProofReplayer Proof replay took 6.5ns 
22749      INFO  main            d.u.i.k.p.r.p.TestFile    ... finished proof: closed. 
22879      INFO  main            d.u.i.k.p.i.AbstractProblemLoader Loading environment from /home/runner/work/key/key/key.core/../key.ui/examples/heap/javacard/setArray2.key.proof 
22879      DEBUG main            d.u.i.k.p.i.AbstractProblemLoader Environment load took 564.81ns 
22881      INFO  main            d.u.i.k.p.i.AbstractProblemLoader Creating init config 
24479      DEBUG main            d.u.i.k.p.i.AbstractProblemLoader Init config took 1.6s 
24535      INFO  main            d.u.i.k.p.i.AbstractProblemLoader Replaying proof Examples[Examples::setArray2([B)].JML normal_behavior operation contract.0 
24758      DEBUG main            d.u.i.k.p.i.IntermediateProofReplayer Proof replay took 214.63ms 
24766      DEBUG main            d.u.i.k.p.r.p.TestFile    ... success: reloaded. 
24768      INFO  main            d.u.i.k.p.r.p.TestFile    Now processing file /home/runner/work/key/key/key.core/../key.ui/examples/heap/javacard/arrayFillNonAtomic.key 
24768      INFO  main            d.u.i.k.p.i.AbstractProblemLoader Loading environment from /home/runner/work/key/key/key.core/../key.ui/examples/heap/javacard/arrayFillNonAtomic.key 
24769      DEBUG main            d.u.i.k.p.i.AbstractProblemLoader Environment load took 135.2ns 
24770      INFO  main            d.u.i.k.p.i.AbstractProblemLoader Creating init config 
26463      DEBUG main            d.u.i.k.p.i.AbstractProblemLoader Init config took 1.69s 
26519      INFO  main            d.u.i.k.p.i.AbstractProblemLoader Replaying proof javacard.framework.Util[javacard.framework.Util::arrayFillNonAtomic([B,short,short,byte)].JML behavior operation contract.0.transaction_inactive 
26521      DEBUG main            d.u.i.k.p.i.IntermediateProofReplayer Proof replay took 5.7ns 
27379      DEBUG Thread-13       d.u.i.k.l.o.ProgramSV     Match failed: Former match of  SchemaVariable incompatible with  the current match. 
27379      DEBUG Thread-13       d.u.i.k.l.o.ProgramSV     Match failed: Former match of  SchemaVariable incompatible with  the current match. 
28695      DEBUG Thread-13       d.u.i.k.l.o.ProgramSV     Match failed: Former match of  SchemaVariable incompatible with  the current match. 
28695      DEBUG Thread-13       d.u.i.k.l.o.ProgramSV     Match failed: Former match of  SchemaVariable incompatible with  the current match. 
30169      INFO  main            d.u.i.k.p.r.p.TestFile    ... finished proof: closed. 
30348      INFO  main            d.u.i.k.p.i.AbstractProblemLoader Loading environment from /home/runner/work/key/key/key.core/../key.ui/examples/heap/javacard/arrayFillNonAtomic.key.proof 
30349      DEBUG main            d.u.i.k.p.i.AbstractProblemLoader Environment load took 590.71ns 
30351      INFO  main            d.u.i.k.p.i.AbstractProblemLoader Creating init config 
31956      DEBUG main            d.u.i.k.p.i.AbstractProblemLoader Init config took 1.6s 
32019      INFO  main            d.u.i.k.p.i.AbstractProblemLoader Replaying proof javacard.framework.Util[javacard.framework.Util::arrayFillNonAtomic([B,short,short,byte)].JML behavior operation contract.0.transaction_inactive 
32856      DEBUG main            d.u.i.k.p.i.IntermediateProofReplayer Proof replay took 818.93ms 
32857      DEBUG main            d.u.i.k.p.r.p.TestFile    ... success: reloaded. 
32859      INFO  main            d.u.i.k.p.r.p.TestFile    Now processing file /home/runner/work/key/key/key.core/../key.ui/examples/heap/coincidence_count/project.key 
32859      INFO  main            d.u.i.k.p.i.AbstractProblemLoader Loading environment from /home/runner/work/key/key/key.core/../key.ui/examples/heap/coincidence_count/project.key 
32859      DEBUG main            d.u.i.k.p.i.AbstractProblemLoader Environment load took 243.6ns 
32861      INFO  main            d.u.i.k.p.i.AbstractProblemLoader Creating init config 
36274      DEBUG main            d.u.i.k.p.i.AbstractProblemLoader Init config took 3.41s 
36329      INFO  main            d.u.i.k.p.i.AbstractProblemLoader Replaying proof CC[CC::calcCoinIndex([I,[I)].JML normal_behavior operation contract.0 
36336      DEBUG main            d.u.i.k.p.i.IntermediateProofReplayer Proof replay took 8.6ns 
55063      INFO  main            d.u.i.k.p.r.p.TestFile    ... finished proof: closed. 
55398      INFO  main            d.u.i.k.p.i.AbstractProblemLoader Loading environment from /home/runner/work/key/key/key.core/../key.ui/examples/heap/coincidence_count/project.key.proof 
55399      DEBUG main            d.u.i.k.p.i.AbstractProblemLoader Environment load took 581.31ns 
55403      INFO  main            d.u.i.k.p.i.AbstractProblemLoader Creating init config 
58066      DEBUG main            d.u.i.k.p.i.AbstractProblemLoader Init config took 2.66s 
58110      INFO  main            d.u.i.k.p.i.AbstractProblemLoader Replaying proof CC[CC::calcCoinIndex([I,[I)].JML normal_behavior operation contract.0 
59185      DEBUG main            d.u.i.k.p.i.IntermediateProofReplayer Proof replay took 1.01s 
59189      DEBUG main            d.u.i.k.p.r.p.TestFile    ... success: reloaded. 
59190      INFO  main            d.u.i.k.p.r.p.TestFile    Now processing file /home/runner/work/key/key/key.core/../key.ui/examples/heap/verifyThis11_1_Maximum/project.key 
59191      INFO  main            d.u.i.k.p.i.AbstractProblemLoader Loading environment from /home/runner/work/key/key/key.core/../key.ui/examples/heap/verifyThis11_1_Maximum/project.key 
59191      DEBUG main            d.u.i.k.p.i.AbstractProblemLoader Environment load took 114.5ns 
59192      INFO  main            d.u.i.k.p.i.AbstractProblemLoader Creating init config 
61932      DEBUG main            d.u.i.k.p.i.AbstractProblemLoader Init config took 2.74s 
61972      INFO  main            d.u.i.k.p.i.AbstractProblemLoader Replaying proof Maximum[Maximum::maxIndex([I)].JML normal_behavior operation contract.0 
61973      DEBUG main            d.u.i.k.p.i.IntermediateProofReplayer Proof replay took 6.4ns 
62879      INFO  main            d.u.i.k.p.r.p.TestFile    ... finished proof: closed. 
63177      INFO  main            d.u.i.k.p.i.AbstractProblemLoader Loading environment from /home/runner/work/key/key/key.core/../key.ui/examples/heap/verifyThis11_1_Maximum/project.key.proof 
63178      DEBUG main            d.u.i.k.p.i.AbstractProblemLoader Environment load took 629.11ns 
63179      INFO  main            d.u.i.k.p.i.AbstractProblemLoader Creating init config 
65726      DEBUG main            d.u.i.k.p.i.AbstractProblemLoader Init config took 2.55s 
65764      INFO  main            d.u.i.k.p.i.AbstractProblemLoader Replaying proof Maximum[Maximum::maxIndex([I)].JML normal_behavior operation contract.0 
65953      DEBUG main            d.u.i.k.p.i.IntermediateProofReplayer Proof replay took 182.17ms 
65954      DEBUG main            d.u.i.k.p.r.p.TestFile    ... success: reloaded. 
65955      INFO  main            d.u.i.k.p.r.p.TestFile    Now processing file /home/runner/work/key/key/key.core/../key.ui/examples/heap/fm12_01_LRS/lcp.key 
65956      INFO  main            d.u.i.k.p.i.AbstractProblemLoader Loading environment from /home/runner/work/key/key/key.core/../key.ui/examples/heap/fm12_01_LRS/lcp.key 
65956      DEBUG main            d.u.i.k.p.i.AbstractProblemLoader Environment load took 253.6ns 
65957      INFO  main            d.u.i.k.p.i.AbstractProblemLoader Creating init config 
69268      DEBUG main            d.u.i.k.p.i.AbstractProblemLoader Init config took 3.31s 
69325      INFO  main            d.u.i.k.p.i.AbstractProblemLoader Replaying proof LCP[LCP::lcp([I,int,int)].JML normal_behavior operation contract.0 
69328      DEBUG main            d.u.i.k.p.i.IntermediateProofReplayer Proof replay took 6.1ns 
70333      INFO  main            d.u.i.k.p.r.p.TestFile    ... finished proof: closed. 
70603      INFO  main            d.u.i.k.p.i.AbstractProblemLoader Loading environment from /home/runner/work/key/key/key.core/../key.ui/examples/heap/fm12_01_LRS/lcp.key.proof 
70604      DEBUG main            d.u.i.k.p.i.AbstractProblemLoader Environment load took 654.01ns 
70606      INFO  main            d.u.i.k.p.i.AbstractProblemLoader Creating init config 
73608      DEBUG main            d.u.i.k.p.i.AbstractProblemLoader Init config took 3s 
73676      INFO  main            d.u.i.k.p.i.AbstractProblemLoader Replaying proof LCP[LCP::lcp([I,int,int)].JML normal_behavior operation contract.0 
73906      DEBUG main            d.u.i.k.p.i.IntermediateProofReplayer Proof replay took 223.63ms 
73907      DEBUG main            d.u.i.k.p.r.p.TestFile    ... success: reloaded. 
73909      INFO  main            d.u.i.k.p.r.p.TestFile    Now processing file /home/runner/work/key/key/key.core/../key.ui/examples/heap/SemanticSlicing/project.key 
73909      INFO  main            d.u.i.k.p.i.AbstractProblemLoader Loading environment from /home/runner/work/key/key/key.core/../key.ui/examples/heap/SemanticSlicing/project.key 
73909      DEBUG main            d.u.i.k.p.i.AbstractProblemLoader Environment load took 276.6ns 
73910      INFO  main            d.u.i.k.p.i.AbstractProblemLoader Creating init config 
76645      DEBUG main            d.u.i.k.p.i.AbstractProblemLoader Init config took 2.74s 
76698      INFO  main            d.u.i.k.p.i.AbstractProblemLoader Replaying proof unsatcore_after.competition.postcond5.scope333.LRS[unsatcore_after.competition.postcond5.scope333.LRS::doLRS()].JML operation contract.0 
76699      DEBUG main            d.u.i.k.p.i.IntermediateProofReplayer Proof replay took 6.5ns 
80745      INFO  main            d.u.i.k.p.r.p.TestFile    ... finished proof: closed. 
81042      INFO  main            d.u.i.k.p.i.AbstractProblemLoader Loading environment from /home/runner/work/key/key/key.core/../key.ui/examples/heap/SemanticSlicing/project.key.proof 
81043      DEBUG main            d.u.i.k.p.i.AbstractProblemLoader Environment load took 568.81ns 
81044      INFO  main            d.u.i.k.p.i.AbstractProblemLoader Creating init config 
83703      DEBUG main            d.u.i.k.p.i.AbstractProblemLoader Init config took 2.66s 
83765      INFO  main            d.u.i.k.p.i.AbstractProblemLoader Replaying proof unsatcore_after.competition.postcond5.scope333.LRS[unsatcore_after.competition.postcond5.scope333.LRS::doLRS()].JML operation contract.0 
84581      DEBUG main            d.u.i.k.p.i.IntermediateProofReplayer Proof replay took 802.88ms 
84583      DEBUG main            d.u.i.k.p.r.p.TestFile    ... success: reloaded. 
84584      INFO  main            d.u.i.k.p.r.p.TestFile    Now processing file /home/runner/work/key/key/key.core/../key.ui/examples/heap/information_flow/ArrayList_contains.key 
84585      INFO  main            d.u.i.k.p.i.AbstractProblemLoader Loading environment from /home/runner/work/key/key/key.core/../key.ui/examples/heap/information_flow/ArrayList_contains.key 
84585      DEBUG main            d.u.i.k.p.i.AbstractProblemLoader Environment load took 250.7ns 
84586      INFO  main            d.u.i.k.p.i.AbstractProblemLoader Creating init config 
87490      DEBUG main            d.u.i.k.p.i.AbstractProblemLoader Init config took 2.9s 
87530      INFO  main            d.u.i.k.p.i.AbstractProblemLoader Replaying proof ArrayList[ArrayList::get(int)].JML normal_behavior operation contract.0 
87532      DEBUG main            d.u.i.k.p.i.IntermediateProofReplayer Proof replay took 6.7ns 
87836      INFO  main            d.u.i.k.p.r.p.TestFile    ... finished proof: closed. 
88127      INFO  main            d.u.i.k.p.i.AbstractProblemLoader Loading environment from /home/runner/work/key/key/key.core/../key.ui/examples/heap/information_flow/ArrayList_contains.key.proof 
88128      DEBUG main            d.u.i.k.p.i.AbstractProblemLoader Environment load took 625.31ns 
88130      INFO  main            d.u.i.k.p.i.AbstractProblemLoader Creating init config 
90862      DEBUG main            d.u.i.k.p.i.AbstractProblemLoader Init config took 2.73s 
90920      INFO  main            d.u.i.k.p.i.AbstractProblemLoader Replaying proof ArrayList[ArrayList::get(int)].JML normal_behavior operation contract.0 
90991      DEBUG main            d.u.i.k.p.i.IntermediateProofReplayer Proof replay took 67.99ms 
90993      DEBUG main            d.u.i.k.p.r.p.TestFile    ... success: reloaded. 
90994      INFO  main            d.u.i.k.p.r.p.TestFile    Now processing file /home/runner/work/key/key/key.core/../key.ui/examples/heap/information_flow/ArrayList_get.key 
90994      INFO  main            d.u.i.k.p.i.AbstractProblemLoader Loading environment from /home/runner/work/key/key/key.core/../key.ui/examples/heap/information_flow/ArrayList_get.key 
90994      DEBUG main            d.u.i.k.p.i.AbstractProblemLoader Environment load took 232.9ns 
90995      INFO  main            d.u.i.k.p.i.AbstractProblemLoader Creating init config 
93811      DEBUG main            d.u.i.k.p.i.AbstractProblemLoader Init config took 2.82s 
93850      INFO  main            d.u.i.k.p.i.AbstractProblemLoader Replaying proof ArrayList[ArrayList::contains(java.lang.Object)].JML normal_behavior operation contract.0 
93852      DEBUG main            d.u.i.k.p.i.IntermediateProofReplayer Proof replay took 6.8ns 
94757      INFO  main            d.u.i.k.p.r.p.TestFile    ... finished proof: closed. 
95064      INFO  main            d.u.i.k.p.i.AbstractProblemLoader Loading environment from /home/runner/work/key/key/key.core/../key.ui/examples/heap/information_flow/ArrayList_get.key.proof 
95066      DEBUG main            d.u.i.k.p.i.AbstractProblemLoader Environment load took 2.12ms 
95068      INFO  main            d.u.i.k.p.i.AbstractProblemLoader Creating init config 
97827      DEBUG main            d.u.i.k.p.i.AbstractProblemLoader Init config took 2.76s 
97877      INFO  main            d.u.i.k.p.i.AbstractProblemLoader Replaying proof ArrayList[ArrayList::contains(java.lang.Object)].JML normal_behavior operation contract.0 
98041      DEBUG main            d.u.i.k.p.i.IntermediateProofReplayer Proof replay took 159.29ms 
98042      DEBUG main            d.u.i.k.p.r.p.TestFile    ... success: reloaded. 
98043      INFO  main            d.u.i.k.p.r.p.TestFile    Now processing file /home/runner/work/key/key/key.core/../key.ui/examples/heap/information_flow/ArrayList_size.key 
98044      INFO  main            d.u.i.k.p.i.AbstractProblemLoader Loading environment from /home/runner/work/key/key/key.core/../key.ui/examples/heap/information_flow/ArrayList_size.key 
98044      DEBUG main            d.u.i.k.p.i.AbstractProblemLoader Environment load took 237.3ns 
98045      INFO  main            d.u.i.k.p.i.AbstractProblemLoader Creating init config 
100901     DEBUG main            d.u.i.k.p.i.AbstractProblemLoader Init config took 2.86s 
100939     INFO  main            d.u.i.k.p.i.AbstractProblemLoader Replaying proof ArrayList[ArrayList::size()].JML normal_behavior operation contract.0 
100940     DEBUG main            d.u.i.k.p.i.IntermediateProofReplayer Proof replay took 7.2ns 
101042     INFO  main            d.u.i.k.p.r.p.TestFile    ... finished proof: closed. 
101318     INFO  main            d.u.i.k.p.i.AbstractProblemLoader Loading environment from /home/runner/work/key/key/key.core/../key.ui/examples/heap/information_flow/ArrayList_size.key.proof 
101318     DEBUG main            d.u.i.k.p.i.AbstractProblemLoader Environment load took 150.3ns 
101320     INFO  main            d.u.i.k.p.i.AbstractProblemLoader Creating init config 
104047     DEBUG main            d.u.i.k.p.i.AbstractProblemLoader Init config took 2.73s 
104088     INFO  main            d.u.i.k.p.i.AbstractProblemLoader Replaying proof ArrayList[ArrayList::size()].JML normal_behavior operation contract.0 
104108     DEBUG main            d.u.i.k.p.i.IntermediateProofReplayer Proof replay took 15.22ms 
104109     DEBUG main            d.u.i.k.p.r.p.TestFile    ... success: reloaded. 
104110     INFO  main            d.u.i.k.p.r.p.TestFile    Now processing file /home/runner/work/key/key/key.core/../key.ui/examples/heap/information_flow/UpdateAbstraction_ex7_3_secure.key 
104111     INFO  main            d.u.i.k.p.i.AbstractProblemLoader Loading environment from /home/runner/work/key/key/key.core/../key.ui/examples/heap/information_flow/UpdateAbstraction_ex7_3_secure.key 
104111     DEBUG main            d.u.i.k.p.i.AbstractProblemLoader Environment load took 226.8ns 
104112     INFO  main            d.u.i.k.p.i.AbstractProblemLoader Creating init config 
106883     DEBUG main            d.u.i.k.p.i.AbstractProblemLoader Init config took 2.77s 
106919     INFO  main            d.u.i.k.p.i.AbstractProblemLoader Replaying proof UpdateAbstraction[UpdateAbstraction::ex7_3_secure()].JML operation contract.0 
106920     DEBUG main            d.u.i.k.p.i.IntermediateProofReplayer Proof replay took 5.9ns 
107125     INFO  main            d.u.i.k.p.r.p.TestFile    ... finished proof: closed. 
107415     INFO  main            d.u.i.k.p.i.AbstractProblemLoader Loading environment from /home/runner/work/key/key/key.core/../key.ui/examples/heap/information_flow/UpdateAbstraction_ex7_3_secure.key.proof 
107416     DEBUG main            d.u.i.k.p.i.AbstractProblemLoader Environment load took 130.3ns 
107417     INFO  main            d.u.i.k.p.i.AbstractProblemLoader Creating init config 
110134     DEBUG main            d.u.i.k.p.i.AbstractProblemLoader Init config took 2.72s 
110170     INFO  main            d.u.i.k.p.i.AbstractProblemLoader Replaying proof UpdateAbstraction[UpdateAbstraction::ex7_3_secure()].JML operation contract.0 
110199     DEBUG main            d.u.i.k.p.i.IntermediateProofReplayer Proof replay took 27.26ms 
110200     DEBUG main            d.u.i.k.p.r.p.TestFile    ... success: reloaded. 
110201     INFO  main            d.u.i.k.p.r.p.TestFile    Now processing file /home/runner/work/key/key/key.core/../key.ui/examples/heap/information_flow/UpdateAbstraction_ex7_4_secure.key 
110201     INFO  main            d.u.i.k.p.i.AbstractProblemLoader Loading environment from /home/runner/work/key/key/key.core/../key.ui/examples/heap/information_flow/UpdateAbstraction_ex7_4_secure.key 
110202     DEBUG main            d.u.i.k.p.i.AbstractProblemLoader Environment load took 87.7ns 
110202     INFO  main            d.u.i.k.p.i.AbstractProblemLoader Creating init config 
112973     DEBUG main            d.u.i.k.p.i.AbstractProblemLoader Init config took 2.77s 
113009     INFO  main            d.u.i.k.p.i.AbstractProblemLoader Replaying proof UpdateAbstraction[UpdateAbstraction::ex7_4_secure()].JML operation contract.0 
113010     DEBUG main            d.u.i.k.p.i.IntermediateProofReplayer Proof replay took 7ns 
113216     INFO  main            d.u.i.k.p.r.p.TestFile    ... finished proof: closed. 
113501     INFO  main            d.u.i.k.p.i.AbstractProblemLoader Loading environment from /home/runner/work/key/key/key.core/../key.ui/examples/heap/information_flow/UpdateAbstraction_ex7_4_secure.key.proof 
113501     DEBUG main            d.u.i.k.p.i.AbstractProblemLoader Environment load took 151.2ns 
113503     INFO  main            d.u.i.k.p.i.AbstractProblemLoader Creating init config 
116214     DEBUG main            d.u.i.k.p.i.AbstractProblemLoader Init config took 2.71s 
116250     INFO  main            d.u.i.k.p.i.AbstractProblemLoader Replaying proof UpdateAbstraction[UpdateAbstraction::ex7_4_secure()].JML operation contract.0 
116296     DEBUG main            d.u.i.k.p.i.IntermediateProofReplayer Proof replay took 42.95ms 
116297     DEBUG main            d.u.i.k.p.r.p.TestFile    ... success: reloaded. 
116298     INFO  main            d.u.i.k.p.r.p.TestFile    Now processing file /home/runner/work/key/key/key.core/../key.ui/examples/heap/information_flow/UpdateAbstraction_ex7_5_secure.key 
116299     INFO  main            d.u.i.k.p.i.AbstractProblemLoader Loading environment from /home/runner/work/key/key/key.core/../key.ui/examples/heap/information_flow/UpdateAbstraction_ex7_5_secure.key 
116299     DEBUG main            d.u.i.k.p.i.AbstractProblemLoader Environment load took 246.2ns 
116300     INFO  main            d.u.i.k.p.i.AbstractProblemLoader Creating init config 
119101     DEBUG main            d.u.i.k.p.i.AbstractProblemLoader Init config took 2.8s 
119136     INFO  main            d.u.i.k.p.i.AbstractProblemLoader Replaying proof UpdateAbstraction[UpdateAbstraction::ex7_5_secure()].JML operation contract.0 
119138     DEBUG main            d.u.i.k.p.i.IntermediateProofReplayer Proof replay took 6.5ns 
119243     INFO  main            d.u.i.k.p.r.p.TestFile    ... finished proof: closed. 
119544     INFO  main            d.u.i.k.p.i.AbstractProblemLoader Loading environment from /home/runner/work/key/key/key.core/../key.ui/examples/heap/information_flow/UpdateAbstraction_ex7_5_secure.key.proof 
119545     DEBUG main            d.u.i.k.p.i.AbstractProblemLoader Environment load took 130.4ns 
119546     INFO  main            d.u.i.k.p.i.AbstractProblemLoader Creating init config 
122268     DEBUG main            d.u.i.k.p.i.AbstractProblemLoader Init config took 2.72s 
122303     INFO  main            d.u.i.k.p.i.AbstractProblemLoader Replaying proof UpdateAbstraction[UpdateAbstraction::ex7_5_secure()].JML operation contract.0 
122322     DEBUG main            d.u.i.k.p.i.IntermediateProofReplayer Proof replay took 17.45ms 
122323     DEBUG main            d.u.i.k.p.r.p.TestFile    ... success: reloaded. 
122324     INFO  main            d.u.i.k.p.r.p.TestFile    Now processing file /home/runner/work/key/key/key.core/../key.ui/examples/heap/information_flow/UpdateAbstraction_ex7_6_secure.key 
122324     INFO  main            d.u.i.k.p.i.AbstractProblemLoader Loading environment from /home/runner/work/key/key/key.core/../key.ui/examples/heap/information_flow/UpdateAbstraction_ex7_6_secure.key 
122324     DEBUG main            d.u.i.k.p.i.AbstractProblemLoader Environment load took 113.4ns 
122325     INFO  main            d.u.i.k.p.i.AbstractProblemLoader Creating init config 
125101     DEBUG main            d.u.i.k.p.i.AbstractProblemLoader Init config took 2.78s 
125136     INFO  main            d.u.i.k.p.i.AbstractProblemLoader Replaying proof UpdateAbstraction[UpdateAbstraction::ex7_6_secure()].JML operation contract.0 
125137     DEBUG main            d.u.i.k.p.i.IntermediateProofReplayer Proof replay took 7.2ns 
125440     INFO  main            d.u.i.k.p.r.p.TestFile    ... finished proof: closed. 
125822     INFO  main            d.u.i.k.p.i.AbstractProblemLoader Loading environment from /home/runner/work/key/key/key.core/../key.ui/examples/heap/information_flow/UpdateAbstraction_ex7_6_secure.key.proof 
125823     DEBUG main            d.u.i.k.p.i.AbstractProblemLoader Environment load took 156.7ns 
125824     INFO  main            d.u.i.k.p.i.AbstractProblemLoader Creating init config 
128520     DEBUG main            d.u.i.k.p.i.AbstractProblemLoader Init config took 2.7s 
128565     INFO  main            d.u.i.k.p.i.AbstractProblemLoader Replaying proof UpdateAbstraction[UpdateAbstraction::ex7_6_secure()].JML operation contract.0 
128625     DEBUG main            d.u.i.k.p.i.IntermediateProofReplayer Proof replay took 57.51ms 
128626     DEBUG main            d.u.i.k.p.r.p.TestFile    ... success: reloaded. 
128627     INFO  main            d.u.i.k.p.r.p.TestFile    Now processing file /home/runner/work/key/key/key.core/../key.ui/examples/heap/information_flow/UpdateAbstraction_ex9_secure.key 
128627     INFO  main            d.u.i.k.p.i.AbstractProblemLoader Loading environment from /home/runner/work/key/key/key.core/../key.ui/examples/heap/information_flow/UpdateAbstraction_ex9_secure.key 
128627     DEBUG main            d.u.i.k.p.i.AbstractProblemLoader Environment load took 89.4ns 
128628     INFO  main            d.u.i.k.p.i.AbstractProblemLoader Creating init config 
131438     DEBUG main            d.u.i.k.p.i.AbstractProblemLoader Init config took 2.81s 
131473     INFO  main            d.u.i.k.p.i.AbstractProblemLoader Replaying proof UpdateAbstraction[UpdateAbstraction::ex9_secure()].JML operation contract.0 
131475     DEBUG main            d.u.i.k.p.i.IntermediateProofReplayer Proof replay took 9.5ns 
132381     INFO  main            d.u.i.k.p.r.p.TestFile    ... finished proof: closed. 
132708     INFO  main            d.u.i.k.p.i.AbstractProblemLoader Loading environment from /home/runner/work/key/key/key.core/../key.ui/examples/heap/information_flow/UpdateAbstraction_ex9_secure.key.proof 
132708     DEBUG main            d.u.i.k.p.i.AbstractProblemLoader Environment load took 160.3ns 
132709     INFO  main            d.u.i.k.p.i.AbstractProblemLoader Creating init config 
135402     DEBUG main            d.u.i.k.p.i.AbstractProblemLoader Init config took 2.69s 
135439     INFO  main            d.u.i.k.p.i.AbstractProblemLoader Replaying proof UpdateAbstraction[UpdateAbstraction::ex9_secure()].JML operation contract.0 
135632     DEBUG main            d.u.i.k.p.i.IntermediateProofReplayer Proof replay took 188.45ms 
135634     DEBUG main            d.u.i.k.p.r.p.TestFile    ... success: reloaded. 
876507     INFO  Test worker     d.u.i.k.p.r.RunAllProofsTestUnit Returning from test javaCard 
876511     INFO  Test worker     d.u.i.k.p.r.RunAllProofsTestUnit Running test list 
389        INFO  Timeout watchdog d.u.i.k.p.r.p.ForkedTestFileRunner Timeout watcher launched (2000 secs.) 
405        WARN  main            d.u.i.k.s.ProofSettings   The settings in /home/runner/.key/proof-settings.props are *not* read. 
454        INFO  main            d.u.i.k.p.r.p.TestFile    Now processing file /home/runner/work/key/key/key.core/../key.ui/examples/heap/list/ArrayList_add.key 
570        INFO  main            d.u.i.k.p.i.AbstractProblemLoader Loading environment from /home/runner/work/key/key/key.core/../key.ui/examples/heap/list/ArrayList_add.key 
593        DEBUG main            d.u.i.k.p.i.AbstractProblemLoader Environment load took 2.33ms 
813        INFO  main            d.u.i.k.p.i.AbstractProblemLoader Creating init config 
1758       DEBUG main            d.u.i.k.j.TypeConverter   No LDT found for Meta 
1759       DEBUG main            d.u.i.k.j.TypeConverter   No LDT found for Meta 
1762       DEBUG main            d.u.i.k.j.TypeConverter   No LDT found for Meta 
1762       DEBUG main            d.u.i.k.j.TypeConverter   No LDT found for Meta 
3373       DEBUG main            d.u.i.k.j.TypeConverter   No LDT found for JavaBigintExpression 
6803       DEBUG main            d.u.i.k.j.r.ClassPreparationMethodBuilder clPrepBuilder: Inner Class detected. Reject building class initialisation methods. 
9491       DEBUG main            d.u.i.k.p.i.AbstractProblemLoader Init config took 8.68s 
9639       INFO  main            d.u.i.k.p.i.AbstractProblemLoader Replaying proof ArrayList[List::add(java.lang.Object)].JML normal_behavior operation contract.0 
9724       DEBUG main            d.u.i.k.p.i.IntermediateProofReplayer Proof replay took 34.3ns 
15913      INFO  main            d.u.i.k.p.r.p.TestFile    ... finished proof: closed. 
16196      INFO  main            d.u.i.k.p.i.AbstractProblemLoader Loading environment from /home/runner/work/key/key/key.core/../key.ui/examples/heap/list/ArrayList_add.key.proof 
16197      DEBUG main            d.u.i.k.p.i.AbstractProblemLoader Environment load took 1.39ms 
16203      INFO  main            d.u.i.k.p.i.AbstractProblemLoader Creating init config 
17459      DEBUG main            d.u.i.k.j.r.ClassPreparationMethodBuilder clPrepBuilder: Inner Class detected. Reject building class initialisation methods. 
19755      DEBUG main            d.u.i.k.p.i.AbstractProblemLoader Init config took 3.55s 
19856      INFO  main            d.u.i.k.p.i.AbstractProblemLoader Replaying proof ArrayList[List::add(java.lang.Object)].JML normal_behavior operation contract.0 
21017      DEBUG main            d.u.i.k.p.i.IntermediateProofReplayer Proof replay took 1.13s 
21028      DEBUG main            d.u.i.k.p.r.p.TestFile    ... success: reloaded. 
21034      INFO  main            d.u.i.k.p.r.p.TestFile    Now processing file /home/runner/work/key/key/key.core/../key.ui/examples/heap/list/ArrayList_ArrayList.key 
21034      INFO  main            d.u.i.k.p.i.AbstractProblemLoader Loading environment from /home/runner/work/key/key/key.core/../key.ui/examples/heap/list/ArrayList_ArrayList.key 
21034      DEBUG main            d.u.i.k.p.i.AbstractProblemLoader Environment load took 133.6ns 
21039      INFO  main            d.u.i.k.p.i.AbstractProblemLoader Creating init config 
22230      DEBUG main            d.u.i.k.j.r.ClassPreparationMethodBuilder clPrepBuilder: Inner Class detected. Reject building class initialisation methods. 
24512      DEBUG main            d.u.i.k.p.i.AbstractProblemLoader Init config took 3.47s 
24611      INFO  main            d.u.i.k.p.i.AbstractProblemLoader Replaying proof ArrayList[ArrayList::ArrayList()].JML normal_behavior operation contract.0 
24614      DEBUG main            d.u.i.k.p.i.IntermediateProofReplayer Proof replay took 6.8ns 
26157      INFO  main            d.u.i.k.p.r.p.TestFile    ... finished proof: closed. 
26365      INFO  main            d.u.i.k.p.i.AbstractProblemLoader Loading environment from /home/runner/work/key/key/key.core/../key.ui/examples/heap/list/ArrayList_ArrayList.key.proof 
26366      DEBUG main            d.u.i.k.p.i.AbstractProblemLoader Environment load took 875.01ns 
26368      INFO  main            d.u.i.k.p.i.AbstractProblemLoader Creating init config 
27454      DEBUG main            d.u.i.k.j.r.ClassPreparationMethodBuilder clPrepBuilder: Inner Class detected. Reject building class initialisation methods. 
29611      DEBUG main            d.u.i.k.p.i.AbstractProblemLoader Init config took 3.24s 
29674      INFO  main            d.u.i.k.p.i.AbstractProblemLoader Replaying proof ArrayList[ArrayList::ArrayList()].JML normal_behavior operation contract.0 
29916      DEBUG main            d.u.i.k.p.i.IntermediateProofReplayer Proof replay took 231.72ms 
29918      DEBUG main            d.u.i.k.p.r.p.TestFile    ... success: reloaded. 
29920      INFO  main            d.u.i.k.p.r.p.TestFile    Now processing file /home/runner/work/key/key/key.core/../key.ui/examples/heap/list/ArrayList_concatenate.key 
29920      INFO  main            d.u.i.k.p.i.AbstractProblemLoader Loading environment from /home/runner/work/key/key/key.core/../key.ui/examples/heap/list/ArrayList_concatenate.key 
29920      DEBUG main            d.u.i.k.p.i.AbstractProblemLoader Environment load took 253.41ns 
29922      INFO  main            d.u.i.k.p.i.AbstractProblemLoader Creating init config 
31018      DEBUG main            d.u.i.k.j.r.ClassPreparationMethodBuilder clPrepBuilder: Inner Class detected. Reject building class initialisation methods. 
33262      DEBUG main            d.u.i.k.p.i.AbstractProblemLoader Init config took 3.34s 
33322      INFO  main            d.u.i.k.p.i.AbstractProblemLoader Replaying proof ArrayList[List::concatenate(List)].JML normal_behavior operation contract.0 
33324      DEBUG main            d.u.i.k.p.i.IntermediateProofReplayer Proof replay took 7.6ns 
58795      INFO  main            d.u.i.k.p.r.p.TestFile    ... finished proof: open goal(s) 
59052      INFO  main            d.u.i.k.p.r.p.TestFile    Now processing file /home/runner/work/key/key/key.core/../key.ui/examples/heap/list/ArrayList_contains_dep.key 
59052      INFO  main            d.u.i.k.p.i.AbstractProblemLoader Loading environment from /home/runner/work/key/key/key.core/../key.ui/examples/heap/list/ArrayList_contains_dep.key 
59052      DEBUG main            d.u.i.k.p.i.AbstractProblemLoader Environment load took 88.4ns 
59054      INFO  main            d.u.i.k.p.i.AbstractProblemLoader Creating init config 
60064      DEBUG main            d.u.i.k.j.r.ClassPreparationMethodBuilder clPrepBuilder: Inner Class detected. Reject building class initialisation methods. 
62211      DEBUG main            d.u.i.k.p.i.AbstractProblemLoader Init config took 3.16s 
62274      INFO  main            d.u.i.k.p.i.AbstractProblemLoader Replaying proof ArrayList[List::contains(java.lang.Object)].JML accessible clause.0 
62276      DEBUG main            d.u.i.k.p.i.IntermediateProofReplayer Proof replay took 15.4ns 
65344      INFO  main            d.u.i.k.p.r.p.TestFile    ... finished proof: closed. 
65614      INFO  main            d.u.i.k.p.i.AbstractProblemLoader Loading environment from /home/runner/work/key/key/key.core/../key.ui/examples/heap/list/ArrayList_contains_dep.key.proof 
65614      DEBUG main            d.u.i.k.p.i.AbstractProblemLoader Environment load took 257.6ns 
65616      INFO  main            d.u.i.k.p.i.AbstractProblemLoader Creating init config 
66647      DEBUG main            d.u.i.k.j.r.ClassPreparationMethodBuilder clPrepBuilder: Inner Class detected. Reject building class initialisation methods. 
68819      DEBUG main            d.u.i.k.p.i.AbstractProblemLoader Init config took 3.2s 
68891      INFO  main            d.u.i.k.p.i.AbstractProblemLoader Replaying proof ArrayList[List::contains(java.lang.Object)].JML accessible clause.0 
69399      DEBUG main            d.u.i.k.p.i.IntermediateProofReplayer Proof replay took 490.9ms 
69401      DEBUG main            d.u.i.k.p.r.p.TestFile    ... success: reloaded. 
69403      INFO  main            d.u.i.k.p.r.p.TestFile    Now processing file /home/runner/work/key/key/key.core/../key.ui/examples/heap/list/ArrayList_enlarge.key 
69404      INFO  main            d.u.i.k.p.i.AbstractProblemLoader Loading environment from /home/runner/work/key/key/key.core/../key.ui/examples/heap/list/ArrayList_enlarge.key 
69404      DEBUG main            d.u.i.k.p.i.AbstractProblemLoader Environment load took 246.2ns 
69405      INFO  main            d.u.i.k.p.i.AbstractProblemLoader Creating init config 
70484      DEBUG main            d.u.i.k.j.r.ClassPreparationMethodBuilder clPrepBuilder: Inner Class detected. Reject building class initialisation methods. 
72690      DEBUG main            d.u.i.k.p.i.AbstractProblemLoader Init config took 3.29s 
72774      INFO  main            d.u.i.k.p.i.AbstractProblemLoader Replaying proof ArrayList[ArrayList::enlarge()].JML normal_behavior operation contract.0 
72778      DEBUG main            d.u.i.k.p.i.IntermediateProofReplayer Proof replay took 5.8ns 
75331      INFO  main            d.u.i.k.p.r.p.TestFile    ... finished proof: closed. 
75546      INFO  main            d.u.i.k.p.i.AbstractProblemLoader Loading environment from /home/runner/work/key/key/key.core/../key.ui/examples/heap/list/ArrayList_enlarge.key.proof 
75547      DEBUG main            d.u.i.k.p.i.AbstractProblemLoader Environment load took 1.84ms 
75549      INFO  main            d.u.i.k.p.i.AbstractProblemLoader Creating init config 
76583      DEBUG main            d.u.i.k.j.r.ClassPreparationMethodBuilder clPrepBuilder: Inner Class detected. Reject building class initialisation methods. 
78715      DEBUG main            d.u.i.k.p.i.AbstractProblemLoader Init config took 3.17s 
78771      INFO  main            d.u.i.k.p.i.AbstractProblemLoader Replaying proof ArrayList[ArrayList::enlarge()].JML normal_behavior operation contract.0 
79188      DEBUG main            d.u.i.k.p.i.IntermediateProofReplayer Proof replay took 404.85ms 
79190      DEBUG main            d.u.i.k.p.r.p.TestFile    ... success: reloaded. 
79192      INFO  main            d.u.i.k.p.r.p.TestFile    Now processing file /home/runner/work/key/key/key.core/../key.ui/examples/heap/list/ArrayList_footprint.key 
79192      INFO  main            d.u.i.k.p.i.AbstractProblemLoader Loading environment from /home/runner/work/key/key/key.core/../key.ui/examples/heap/list/ArrayList_footprint.key 
79192      DEBUG main            d.u.i.k.p.i.AbstractProblemLoader Environment load took 259.7ns 
79193      INFO  main            d.u.i.k.p.i.AbstractProblemLoader Creating init config 
80245      DEBUG main            d.u.i.k.j.r.ClassPreparationMethodBuilder clPrepBuilder: Inner Class detected. Reject building class initialisation methods. 
82472      DEBUG main            d.u.i.k.p.i.AbstractProblemLoader Init config took 3.28s 
82473      DEBUG main            d.u.i.k.p.r.p.TestFile    Exception de.uka.ilkd.key.proof.io.ProblemLoaderException: Contract not found: List[List::$footprint()].JML accessible clause.0
	at de.uka.ilkd.key.control.AbstractUserInterfaceControl.load(AbstractUserInterfaceControl.java:225)
Caused by: java.lang.RuntimeException: Contract not found: List[List::$footprint()].JML accessible clause.0
	at de.uka.ilkd.key.proof.io.AbstractProblemLoader.createProofObligationContainer(AbstractProblemLoader.java:603)

82476      WARN  main            d.u.i.k.p.r.p.ForkedTestFileRunner Run failed de.uka.ilkd.key.proof.io.ProblemLoaderException: Contract not found: List[List::$footprint()].JML accessible clause.0
	at de.uka.ilkd.key.control.AbstractUserInterfaceControl.load(AbstractUserInterfaceControl.java:225)
Caused by: java.lang.RuntimeException: Contract not found: List[List::$footprint()].JML accessible clause.0
	at de.uka.ilkd.key.proof.io.AbstractProblemLoader.createProofObligationContainer(AbstractProblemLoader.java:603)

82476      INFO  main            d.u.i.k.p.r.p.TestFile    Now processing file /home/runner/work/key/key/key.core/../key.ui/examples/heap/list/ArrayList_get_dep.key 
82477      INFO  main            d.u.i.k.p.i.AbstractProblemLoader Loading environment from /home/runner/work/key/key/key.core/../key.ui/examples/heap/list/ArrayList_get_dep.key 
82477      DEBUG main            d.u.i.k.p.i.AbstractProblemLoader Environment load took 261.7ns 
82478      INFO  main            d.u.i.k.p.i.AbstractProblemLoader Creating init config 
83480      DEBUG main            d.u.i.k.j.r.ClassPreparationMethodBuilder clPrepBuilder: Inner Class detected. Reject building class initialisation methods. 
85598      DEBUG main            d.u.i.k.p.i.AbstractProblemLoader Init config took 3.12s 
85653      INFO  main            d.u.i.k.p.i.AbstractProblemLoader Replaying proof ArrayList[List::get(int)].JML accessible clause.0 
85655      DEBUG main            d.u.i.k.p.i.IntermediateProofReplayer Proof replay took 7ns 
86162      INFO  main            d.u.i.k.p.r.p.TestFile    ... finished proof: closed. 
86358      INFO  main            d.u.i.k.p.i.AbstractProblemLoader Loading environment from /home/runner/work/key/key/key.core/../key.ui/examples/heap/list/ArrayList_get_dep.key.proof 
86359      DEBUG main            d.u.i.k.p.i.AbstractProblemLoader Environment load took 143.8ns 
86360      INFO  main            d.u.i.k.p.i.AbstractProblemLoader Creating init config 
87401      DEBUG main            d.u.i.k.j.r.ClassPreparationMethodBuilder clPrepBuilder: Inner Class detected. Reject building class initialisation methods. 
89512      DEBUG main            d.u.i.k.p.i.AbstractProblemLoader Init config took 3.15s 
89564      INFO  main            d.u.i.k.p.i.AbstractProblemLoader Replaying proof ArrayList[List::get(int)].JML accessible clause.0 
89646      DEBUG main            d.u.i.k.p.i.IntermediateProofReplayer Proof replay took 77.39ms 
89647      DEBUG main            d.u.i.k.p.r.p.TestFile    ... success: reloaded. 
89649      INFO  main            d.u.i.k.p.r.p.TestFile    Now processing file /home/runner/work/key/key/key.core/../key.ui/examples/heap/list/ArrayList_get_exceptional.key 
89649      INFO  main            d.u.i.k.p.i.AbstractProblemLoader Loading environment from /home/runner/work/key/key/key.core/../key.ui/examples/heap/list/ArrayList_get_exceptional.key 
89650      DEBUG main            d.u.i.k.p.i.AbstractProblemLoader Environment load took 242.5ns 
89651      INFO  main            d.u.i.k.p.i.AbstractProblemLoader Creating init config 
90698      DEBUG main            d.u.i.k.j.r.ClassPreparationMethodBuilder clPrepBuilder: Inner Class detected. Reject building class initialisation methods. 
92837      DEBUG main            d.u.i.k.p.i.AbstractProblemLoader Init config took 3.19s 
92888      INFO  main            d.u.i.k.p.i.AbstractProblemLoader Replaying proof ArrayList[List::get(int)].JML exceptional_behavior operation contract.0 
92890      DEBUG main            d.u.i.k.p.i.IntermediateProofReplayer Proof replay took 7.6ns 
94200      INFO  main            d.u.i.k.p.r.p.TestFile    ... finished proof: closed. 
94434      INFO  main            d.u.i.k.p.i.AbstractProblemLoader Loading environment from /home/runner/work/key/key/key.core/../key.ui/examples/heap/list/ArrayList_get_exceptional.key.proof 
94435      DEBUG main            d.u.i.k.p.i.AbstractProblemLoader Environment load took 658.91ns 
94436      INFO  main            d.u.i.k.p.i.AbstractProblemLoader Creating init config 
95420      DEBUG main            d.u.i.k.j.r.ClassPreparationMethodBuilder clPrepBuilder: Inner Class detected. Reject building class initialisation methods. 
97597      DEBUG main            d.u.i.k.p.i.AbstractProblemLoader Init config took 3.16s 
97648      INFO  main            d.u.i.k.p.i.AbstractProblemLoader Replaying proof ArrayList[List::get(int)].JML exceptional_behavior operation contract.0 
97878      DEBUG main            d.u.i.k.p.i.IntermediateProofReplayer Proof replay took 220.82ms 
97881      DEBUG main            d.u.i.k.p.r.p.TestFile    ... success: reloaded. 
97883      INFO  main            d.u.i.k.p.r.p.TestFile    Now processing file /home/runner/work/key/key/key.core/../key.ui/examples/heap/list/ArrayList_get_normal.key 
97884      INFO  main            d.u.i.k.p.i.AbstractProblemLoader Loading environment from /home/runner/work/key/key/key.core/../key.ui/examples/heap/list/ArrayList_get_normal.key 
97886      DEBUG main            d.u.i.k.p.i.AbstractProblemLoader Environment load took 2.39ms 
97888      INFO  main            d.u.i.k.p.i.AbstractProblemLoader Creating init config 
98921      DEBUG main            d.u.i.k.j.r.ClassPreparationMethodBuilder clPrepBuilder: Inner Class detected. Reject building class initialisation methods. 
101076     DEBUG main            d.u.i.k.p.i.AbstractProblemLoader Init config took 3.19s 
101126     INFO  main            d.u.i.k.p.i.AbstractProblemLoader Replaying proof ArrayList[List::get(int)].JML normal_behavior operation contract.0 
101128     DEBUG main            d.u.i.k.p.i.IntermediateProofReplayer Proof replay took 8.3ns 
101537     INFO  main            d.u.i.k.p.r.p.TestFile    ... finished proof: closed. 
101767     INFO  main            d.u.i.k.p.i.AbstractProblemLoader Loading environment from /home/runner/work/key/key/key.core/../key.ui/examples/heap/list/ArrayList_get_normal.key.proof 
101771     DEBUG main            d.u.i.k.p.i.AbstractProblemLoader Environment load took 4.53ms 
101773     INFO  main            d.u.i.k.p.i.AbstractProblemLoader Creating init config 
102758     DEBUG main            d.u.i.k.j.r.ClassPreparationMethodBuilder clPrepBuilder: Inner Class detected. Reject building class initialisation methods. 
104881     DEBUG main            d.u.i.k.p.i.AbstractProblemLoader Init config took 3.11s 
104942     INFO  main            d.u.i.k.p.i.AbstractProblemLoader Replaying proof ArrayList[List::get(int)].JML normal_behavior operation contract.0 
105026     DEBUG main            d.u.i.k.p.i.IntermediateProofReplayer Proof replay took 79.57ms 
105028     DEBUG main            d.u.i.k.p.r.p.TestFile    ... success: reloaded. 
105029     INFO  main            d.u.i.k.p.r.p.TestFile    Now processing file /home/runner/work/key/key/key.core/../key.ui/examples/heap/list/ArrayList_inv.key 
105029     INFO  main            d.u.i.k.p.i.AbstractProblemLoader Loading environment from /home/runner/work/key/key/key.core/../key.ui/examples/heap/list/ArrayList_inv.key 
105029     DEBUG main            d.u.i.k.p.i.AbstractProblemLoader Environment load took 89.2ns 
105030     INFO  main            d.u.i.k.p.i.AbstractProblemLoader Creating init config 
106057     DEBUG main            d.u.i.k.j.r.ClassPreparationMethodBuilder clPrepBuilder: Inner Class detected. Reject building class initialisation methods. 
108240     DEBUG main            d.u.i.k.p.i.AbstractProblemLoader Init config took 3.21s 
108297     INFO  main            d.u.i.k.p.i.AbstractProblemLoader Replaying proof ArrayList[java.lang.Object::<inv>()].JML accessible clause.0 
108300     DEBUG main            d.u.i.k.p.i.IntermediateProofReplayer Proof replay took 7.5ns 
108703     INFO  main            d.u.i.k.p.r.p.TestFile    ... finished proof: closed. 
108947     INFO  main            d.u.i.k.p.i.AbstractProblemLoader Loading environment from /home/runner/work/key/key/key.core/../key.ui/examples/heap/list/ArrayList_inv.key.proof 
108948     DEBUG main            d.u.i.k.p.i.AbstractProblemLoader Environment load took 417.81ns 
108949     INFO  main            d.u.i.k.p.i.AbstractProblemLoader Creating init config 
109932     DEBUG main            d.u.i.k.j.r.ClassPreparationMethodBuilder clPrepBuilder: Inner Class detected. Reject building class initialisation methods. 
112092     DEBUG main            d.u.i.k.p.i.AbstractProblemLoader Init config took 3.14s 
112141     INFO  main            d.u.i.k.p.i.AbstractProblemLoader Replaying proof ArrayList[java.lang.Object::<inv>()].JML accessible clause.0 
112191     DEBUG main            d.u.i.k.p.i.IntermediateProofReplayer Proof replay took 47.18ms 
112193     DEBUG main            d.u.i.k.p.r.p.TestFile    ... success: reloaded. 
112194     INFO  main            d.u.i.k.p.r.p.TestFile    Now processing file /home/runner/work/key/key/key.core/../key.ui/examples/heap/list/ArrayList_iterator.key 
112194     INFO  main            d.u.i.k.p.i.AbstractProblemLoader Loading environment from /home/runner/work/key/key/key.core/../key.ui/examples/heap/list/ArrayList_iterator.key 
112194     DEBUG main            d.u.i.k.p.i.AbstractProblemLoader Environment load took 125.3ns 
112195     INFO  main            d.u.i.k.p.i.AbstractProblemLoader Creating init config 
113183     DEBUG main            d.u.i.k.j.r.ClassPreparationMethodBuilder clPrepBuilder: Inner Class detected. Reject building class initialisation methods. 
115295     DEBUG main            d.u.i.k.p.i.AbstractProblemLoader Init config took 3.1s 
115368     INFO  main            d.u.i.k.p.i.AbstractProblemLoader Replaying proof ArrayList[List::iterator()].JML normal_behavior operation contract.0 
115369     DEBUG main            d.u.i.k.p.i.IntermediateProofReplayer Proof replay took 6.2ns 
115974     INFO  main            d.u.i.k.p.r.p.TestFile    ... finished proof: closed. 
116227     INFO  main            d.u.i.k.p.i.AbstractProblemLoader Loading environment from /home/runner/work/key/key/key.core/../key.ui/examples/heap/list/ArrayList_iterator.key.proof 
116228     DEBUG main            d.u.i.k.p.i.AbstractProblemLoader Environment load took 744.61ns 
116230     INFO  main            d.u.i.k.p.i.AbstractProblemLoader Creating init config 
117247     DEBUG main            d.u.i.k.j.r.ClassPreparationMethodBuilder clPrepBuilder: Inner Class detected. Reject building class initialisation methods. 
119321     DEBUG main            d.u.i.k.p.i.AbstractProblemLoader Init config took 3.09s 
119370     INFO  main            d.u.i.k.p.i.AbstractProblemLoader Replaying proof ArrayList[List::iterator()].JML normal_behavior operation contract.0 
119480     DEBUG main            d.u.i.k.p.i.IntermediateProofReplayer Proof replay took 105.44ms 
119481     DEBUG main            d.u.i.k.p.r.p.TestFile    ... success: reloaded. 
119482     INFO  main            d.u.i.k.p.r.p.TestFile    Now processing file /home/runner/work/key/key/key.core/../key.ui/examples/heap/list/ArrayList_size_dep.key 
119482     INFO  main            d.u.i.k.p.i.AbstractProblemLoader Loading environment from /home/runner/work/key/key/key.core/../key.ui/examples/heap/list/ArrayList_size_dep.key 
119483     DEBUG main            d.u.i.k.p.i.AbstractProblemLoader Environment load took 108.4ns 
119484     INFO  main            d.u.i.k.p.i.AbstractProblemLoader Creating init config 
120492     DEBUG main            d.u.i.k.j.r.ClassPreparationMethodBuilder clPrepBuilder: Inner Class detected. Reject building class initialisation methods. 
122623     DEBUG main            d.u.i.k.p.i.AbstractProblemLoader Init config took 3.14s 
122671     INFO  main            d.u.i.k.p.i.AbstractProblemLoader Replaying proof ArrayList[List::size()].JML accessible clause.0 
122673     DEBUG main            d.u.i.k.p.i.IntermediateProofReplayer Proof replay took 6.8ns 
122875     INFO  main            d.u.i.k.p.r.p.TestFile    ... finished proof: closed. 
123111     INFO  main            d.u.i.k.p.i.AbstractProblemLoader Loading environment from /home/runner/work/key/key/key.core/../key.ui/examples/heap/list/ArrayList_size_dep.key.proof 
123111     DEBUG main            d.u.i.k.p.i.AbstractProblemLoader Environment load took 134.6ns 
123113     INFO  main            d.u.i.k.p.i.AbstractProblemLoader Creating init config 
124102     DEBUG main            d.u.i.k.j.r.ClassPreparationMethodBuilder clPrepBuilder: Inner Class detected. Reject building class initialisation methods. 
126242     DEBUG main            d.u.i.k.p.i.AbstractProblemLoader Init config took 3.13s 
126297     INFO  main            d.u.i.k.p.i.AbstractProblemLoader Replaying proof ArrayList[List::size()].JML accessible clause.0 
126323     DEBUG main            d.u.i.k.p.i.IntermediateProofReplayer Proof replay took 23.21ms 
126324     DEBUG main            d.u.i.k.p.r.p.TestFile    ... success: reloaded. 
126325     INFO  main            d.u.i.k.p.r.p.TestFile    Now processing file /home/runner/work/key/key/key.core/../key.ui/examples/heap/list/ArrayList_size.key 
126326     INFO  main            d.u.i.k.p.i.AbstractProblemLoader Loading environment from /home/runner/work/key/key/key.core/../key.ui/examples/heap/list/ArrayList_size.key 
126326     DEBUG main            d.u.i.k.p.i.AbstractProblemLoader Environment load took 226.5ns 
126327     INFO  main            d.u.i.k.p.i.AbstractProblemLoader Creating init config 
127315     DEBUG main            d.u.i.k.j.r.ClassPreparationMethodBuilder clPrepBuilder: Inner Class detected. Reject building class initialisation methods. 
129443     DEBUG main            d.u.i.k.p.i.AbstractProblemLoader Init config took 3.12s 
129492     INFO  main            d.u.i.k.p.i.AbstractProblemLoader Replaying proof ArrayList[List::size()].JML normal_behavior operation contract.0 
129493     DEBUG main            d.u.i.k.p.i.IntermediateProofReplayer Proof replay took 6ns 
129797     INFO  main            d.u.i.k.p.r.p.TestFile    ... finished proof: closed. 
130049     INFO  main            d.u.i.k.p.i.AbstractProblemLoader Loading environment from /home/runner/work/key/key/key.core/../key.ui/examples/heap/list/ArrayList_size.key.proof 
130049     DEBUG main            d.u.i.k.p.i.AbstractProblemLoader Environment load took 146.7ns 
130051     INFO  main            d.u.i.k.p.i.AbstractProblemLoader Creating init config 
131037     DEBUG main            d.u.i.k.j.r.ClassPreparationMethodBuilder clPrepBuilder: Inner Class detected. Reject building class initialisation methods. 
133168     DEBUG main            d.u.i.k.p.i.AbstractProblemLoader Init config took 3.12s 
133216     INFO  main            d.u.i.k.p.i.AbstractProblemLoader Replaying proof ArrayList[List::size()].JML normal_behavior operation contract.0 
133254     DEBUG main            d.u.i.k.p.i.IntermediateProofReplayer Proof replay took 35.82ms 
133255     DEBUG main            d.u.i.k.p.r.p.TestFile    ... success: reloaded. 
133257     INFO  main            d.u.i.k.p.r.p.TestFile    Now processing file /home/runner/work/key/key/key.core/../key.ui/examples/heap/list/ArrayList.ArrayListIterator_ArrayListIterator.key 
133257     INFO  main            d.u.i.k.p.i.AbstractProblemLoader Loading environment from /home/runner/work/key/key/key.core/../key.ui/examples/heap/list/ArrayList.ArrayListIterator_ArrayListIterator.key 
133257     DEBUG main            d.u.i.k.p.i.AbstractProblemLoader Environment load took 100ns 
133258     INFO  main            d.u.i.k.p.i.AbstractProblemLoader Creating init config 
134275     DEBUG main            d.u.i.k.j.r.ClassPreparationMethodBuilder clPrepBuilder: Inner Class detected. Reject building class initialisation methods. 
136393     DEBUG main            d.u.i.k.p.i.AbstractProblemLoader Init config took 3.13s 
136475     INFO  main            d.u.i.k.p.i.AbstractProblemLoader Replaying proof ArrayList.ArrayListIterator[ArrayList.ArrayListIterator::ArrayListIterator(ArrayList)].JML normal_behavior operation contract.0 
136477     DEBUG main            d.u.i.k.p.i.IntermediateProofReplayer Proof replay took 7.2ns 
137182     INFO  main            d.u.i.k.p.r.p.TestFile    ... finished proof: closed. 
137456     INFO  main            d.u.i.k.p.i.AbstractProblemLoader Loading environment from /home/runner/work/key/key/key.core/../key.ui/examples/heap/list/ArrayList.ArrayListIterator_ArrayListIterator.key.proof 
137457     DEBUG main            d.u.i.k.p.i.AbstractProblemLoader Environment load took 575.91ns 
137459     INFO  main            d.u.i.k.p.i.AbstractProblemLoader Creating init config 
138445     DEBUG main            d.u.i.k.j.r.ClassPreparationMethodBuilder clPrepBuilder: Inner Class detected. Reject building class initialisation methods. 
140578     DEBUG main            d.u.i.k.p.i.AbstractProblemLoader Init config took 3.12s 
140633     INFO  main            d.u.i.k.p.i.AbstractProblemLoader Replaying proof ArrayList.ArrayListIterator[ArrayList.ArrayListIterator::ArrayListIterator(ArrayList)].JML normal_behavior operation contract.0 
140745     DEBUG main            d.u.i.k.p.i.IntermediateProofReplayer Proof replay took 107.87ms 
140747     DEBUG main            d.u.i.k.p.r.p.TestFile    ... success: reloaded. 
140748     INFO  main            d.u.i.k.p.r.p.TestFile    Now processing file /home/runner/work/key/key/key.core/../key.ui/examples/heap/list/ArrayList.ArrayListIterator_hasNext_dep.key 
140748     INFO  main            d.u.i.k.p.i.AbstractProblemLoader Loading environment from /home/runner/work/key/key/key.core/../key.ui/examples/heap/list/ArrayList.ArrayListIterator_hasNext_dep.key 
140748     DEBUG main            d.u.i.k.p.i.AbstractProblemLoader Environment load took 108.4ns 
140749     INFO  main            d.u.i.k.p.i.AbstractProblemLoader Creating init config 
141776     DEBUG main            d.u.i.k.j.r.ClassPreparationMethodBuilder clPrepBuilder: Inner Class detected. Reject building class initialisation methods. 
143898     DEBUG main            d.u.i.k.p.i.AbstractProblemLoader Init config took 3.15s 
143953     INFO  main            d.u.i.k.p.i.AbstractProblemLoader Replaying proof ArrayList.ArrayListIterator[ListIterator::hasNext()].JML accessible clause.0 
143955     DEBUG main            d.u.i.k.p.i.IntermediateProofReplayer Proof replay took 6.9ns 
144358     INFO  main            d.u.i.k.p.r.p.TestFile    ... finished proof: closed. 
144621     INFO  main            d.u.i.k.p.i.AbstractProblemLoader Loading environment from /home/runner/work/key/key/key.core/../key.ui/examples/heap/list/ArrayList.ArrayListIterator_hasNext_dep.key.proof 
144621     DEBUG main            d.u.i.k.p.i.AbstractProblemLoader Environment load took 143.3ns 
144622     INFO  main            d.u.i.k.p.i.AbstractProblemLoader Creating init config 
145597     DEBUG main            d.u.i.k.j.r.ClassPreparationMethodBuilder clPrepBuilder: Inner Class detected. Reject building class initialisation methods. 
147739     DEBUG main            d.u.i.k.p.i.AbstractProblemLoader Init config took 3.12s 
147805     INFO  main            d.u.i.k.p.i.AbstractProblemLoader Replaying proof ArrayList.ArrayListIterator[ListIterator::hasNext()].JML accessible clause.0 
147862     DEBUG main            d.u.i.k.p.i.IntermediateProofReplayer Proof replay took 54.24ms 
147864     DEBUG main            d.u.i.k.p.r.p.TestFile    ... success: reloaded. 
147865     INFO  main            d.u.i.k.p.r.p.TestFile    Now processing file /home/runner/work/key/key/key.core/../key.ui/examples/heap/list/ArrayList.ArrayListIterator_hasNext.key 
147865     INFO  main            d.u.i.k.p.i.AbstractProblemLoader Loading environment from /home/runner/work/key/key/key.core/../key.ui/examples/heap/list/ArrayList.ArrayListIterator_hasNext.key 
147865     DEBUG main            d.u.i.k.p.i.AbstractProblemLoader Environment load took 145.8ns 
147866     INFO  main            d.u.i.k.p.i.AbstractProblemLoader Creating init config 
148860     DEBUG main            d.u.i.k.j.r.ClassPreparationMethodBuilder clPrepBuilder: Inner Class detected. Reject building class initialisation methods. 
150962     DEBUG main            d.u.i.k.p.i.AbstractProblemLoader Init config took 3.1s 
151017     INFO  main            d.u.i.k.p.i.AbstractProblemLoader Replaying proof ArrayList.ArrayListIterator[ListIterator::hasNext()].JML normal_behavior operation contract.0 
151019     DEBUG main            d.u.i.k.p.i.IntermediateProofReplayer Proof replay took 7.7ns 
151422     INFO  main            d.u.i.k.p.r.p.TestFile    ... finished proof: closed. 
151685     INFO  main            d.u.i.k.p.i.AbstractProblemLoader Loading environment from /home/runner/work/key/key/key.core/../key.ui/examples/heap/list/ArrayList.ArrayListIterator_hasNext.key.proof 
151685     DEBUG main            d.u.i.k.p.i.AbstractProblemLoader Environment load took 164.6ns 
151686     INFO  main            d.u.i.k.p.i.AbstractProblemLoader Creating init config 
152662     DEBUG main            d.u.i.k.j.r.ClassPreparationMethodBuilder clPrepBuilder: Inner Class detected. Reject building class initialisation methods. 
154770     DEBUG main            d.u.i.k.p.i.AbstractProblemLoader Init config took 3.08s 
154825     INFO  main            d.u.i.k.p.i.AbstractProblemLoader Replaying proof ArrayList.ArrayListIterator[ListIterator::hasNext()].JML normal_behavior operation contract.0 
154886     DEBUG main            d.u.i.k.p.i.IntermediateProofReplayer Proof replay took 57.69ms 
154887     DEBUG main            d.u.i.k.p.r.p.TestFile    ... success: reloaded. 
154888     INFO  main            d.u.i.k.p.r.p.TestFile    Now processing file /home/runner/work/key/key/key.core/../key.ui/examples/heap/list/ArrayList.ArrayListIterator_inv.key 
154888     INFO  main            d.u.i.k.p.i.AbstractProblemLoader Loading environment from /home/runner/work/key/key/key.core/../key.ui/examples/heap/list/ArrayList.ArrayListIterator_inv.key 
154888     DEBUG main            d.u.i.k.p.i.AbstractProblemLoader Environment load took 91ns 
154889     INFO  main            d.u.i.k.p.i.AbstractProblemLoader Creating init config 
155893     DEBUG main            d.u.i.k.j.r.ClassPreparationMethodBuilder clPrepBuilder: Inner Class detected. Reject building class initialisation methods. 
158067     DEBUG main            d.u.i.k.p.i.AbstractProblemLoader Init config took 3.18s 
158121     INFO  main            d.u.i.k.p.i.AbstractProblemLoader Replaying proof ArrayList.ArrayListIterator[java.lang.Object::<inv>()].JML accessible clause.0 
158122     DEBUG main            d.u.i.k.p.i.IntermediateProofReplayer Proof replay took 7.3ns 
159026     INFO  main            d.u.i.k.p.r.p.TestFile    ... finished proof: closed. 
159309     INFO  main            d.u.i.k.p.i.AbstractProblemLoader Loading environment from /home/runner/work/key/key/key.core/../key.ui/examples/heap/list/ArrayList.ArrayListIterator_inv.key.proof 
159310     DEBUG main            d.u.i.k.p.i.AbstractProblemLoader Environment load took 619.91ns 
159312     INFO  main            d.u.i.k.p.i.AbstractProblemLoader Creating init config 
160279     DEBUG main            d.u.i.k.j.r.ClassPreparationMethodBuilder clPrepBuilder: Inner Class detected. Reject building class initialisation methods. 
162401     DEBUG main            d.u.i.k.p.i.AbstractProblemLoader Init config took 3.09s 
162466     INFO  main            d.u.i.k.p.i.AbstractProblemLoader Replaying proof ArrayList.ArrayListIterator[java.lang.Object::<inv>()].JML accessible clause.0 
162561     DEBUG main            d.u.i.k.p.i.IntermediateProofReplayer Proof replay took 90.51ms 
162562     DEBUG main            d.u.i.k.p.r.p.TestFile    ... success: reloaded. 
162563     INFO  main            d.u.i.k.p.r.p.TestFile    Now processing file /home/runner/work/key/key/key.core/../key.ui/examples/heap/list/ArrayList.ArrayListIterator_list.key 
162563     INFO  main            d.u.i.k.p.i.AbstractProblemLoader Loading environment from /home/runner/work/key/key/key.core/../key.ui/examples/heap/list/ArrayList.ArrayListIterator_list.key 
162564     DEBUG main            d.u.i.k.p.i.AbstractProblemLoader Environment load took 108.9ns 
162565     INFO  main            d.u.i.k.p.i.AbstractProblemLoader Creating init config 
163557     DEBUG main            d.u.i.k.j.r.ClassPreparationMethodBuilder clPrepBuilder: Inner Class detected. Reject building class initialisation methods. 
165662     DEBUG main            d.u.i.k.p.i.AbstractProblemLoader Init config took 3.1s 
165662     DEBUG main            d.u.i.k.p.r.p.TestFile    Exception de.uka.ilkd.key.proof.io.ProblemLoaderException: Contract not found: ListIterator[ListIterator::$list()].JML accessible clause.0
	at de.uka.ilkd.key.control.AbstractUserInterfaceControl.load(AbstractUserInterfaceControl.java:225)
Caused by: java.lang.RuntimeException: Contract not found: ListIterator[ListIterator::$list()].JML accessible clause.0
	at de.uka.ilkd.key.proof.io.AbstractProblemLoader.createProofObligationContainer(AbstractProblemLoader.java:603)

165663     WARN  main            d.u.i.k.p.r.p.ForkedTestFileRunner Run failed de.uka.ilkd.key.proof.io.ProblemLoaderException: Contract not found: ListIterator[ListIterator::$list()].JML accessible clause.0
	at de.uka.ilkd.key.control.AbstractUserInterfaceControl.load(AbstractUserInterfaceControl.java:225)
Caused by: java.lang.RuntimeException: Contract not found: ListIterator[ListIterator::$list()].JML accessible clause.0
	at de.uka.ilkd.key.proof.io.AbstractProblemLoader.createProofObligationContainer(AbstractProblemLoader.java:603)

165663     INFO  main            d.u.i.k.p.r.p.TestFile    Now processing file /home/runner/work/key/key/key.core/../key.ui/examples/heap/list/ArrayList.ArrayListIterator_next_exceptional.key 
165664     INFO  main            d.u.i.k.p.i.AbstractProblemLoader Loading environment from /home/runner/work/key/key/key.core/../key.ui/examples/heap/list/ArrayList.ArrayListIterator_next_exceptional.key 
165664     DEBUG main            d.u.i.k.p.i.AbstractProblemLoader Environment load took 256.8ns 
165665     INFO  main            d.u.i.k.p.i.AbstractProblemLoader Creating init config 
166675     DEBUG main            d.u.i.k.j.r.ClassPreparationMethodBuilder clPrepBuilder: Inner Class detected. Reject building class initialisation methods. 
168742     DEBUG main            d.u.i.k.p.i.AbstractProblemLoader Init config took 3.08s 
168795     INFO  main            d.u.i.k.p.i.AbstractProblemLoader Replaying proof ArrayList.ArrayListIterator[ListIterator::next()].JML exceptional_behavior operation contract.0 
168797     DEBUG main            d.u.i.k.p.i.IntermediateProofReplayer Proof replay took 6.8ns 
169702     INFO  main            d.u.i.k.p.r.p.TestFile    ... finished proof: closed. 
169991     INFO  main            d.u.i.k.p.i.AbstractProblemLoader Loading environment from /home/runner/work/key/key/key.core/../key.ui/examples/heap/list/ArrayList.ArrayListIterator_next_exceptional.key.proof 
169991     DEBUG main            d.u.i.k.p.i.AbstractProblemLoader Environment load took 705.91ns 
169993     INFO  main            d.u.i.k.p.i.AbstractProblemLoader Creating init config 
170961     DEBUG main            d.u.i.k.j.r.ClassPreparationMethodBuilder clPrepBuilder: Inner Class detected. Reject building class initialisation methods. 
173027     DEBUG main            d.u.i.k.p.i.AbstractProblemLoader Init config took 3.03s 
173081     INFO  main            d.u.i.k.p.i.AbstractProblemLoader Replaying proof ArrayList.ArrayListIterator[ListIterator::next()].JML exceptional_behavior operation contract.0 
173237     DEBUG main            d.u.i.k.p.i.IntermediateProofReplayer Proof replay took 150.75ms 
173238     DEBUG main            d.u.i.k.p.r.p.TestFile    ... success: reloaded. 
173239     INFO  main            d.u.i.k.p.r.p.TestFile    Now processing file /home/runner/work/key/key/key.core/../key.ui/examples/heap/list/ArrayList.ArrayListIterator_next_normal.key 
173239     INFO  main            d.u.i.k.p.i.AbstractProblemLoader Loading environment from /home/runner/work/key/key/key.core/../key.ui/examples/heap/list/ArrayList.ArrayListIterator_next_normal.key 
173239     DEBUG main            d.u.i.k.p.i.AbstractProblemLoader Environment load took 78.6ns 
173240     INFO  main            d.u.i.k.p.i.AbstractProblemLoader Creating init config 
174252     DEBUG main            d.u.i.k.j.r.ClassPreparationMethodBuilder clPrepBuilder: Inner Class detected. Reject building class initialisation methods. 
176392     DEBUG main            d.u.i.k.p.i.AbstractProblemLoader Init config took 3.15s 
176450     INFO  main            d.u.i.k.p.i.AbstractProblemLoader Replaying proof ArrayList.ArrayListIterator[ListIterator::next()].JML normal_behavior operation contract.0 
176452     DEBUG main            d.u.i.k.p.i.IntermediateProofReplayer Proof replay took 7.2ns 
177378     INFO  main            d.u.i.k.p.r.p.TestFile    ... finished proof: closed. 
177681     INFO  main            d.u.i.k.p.i.AbstractProblemLoader Loading environment from /home/runner/work/key/key/key.core/../key.ui/examples/heap/list/ArrayList.ArrayListIterator_next_normal.key.proof 
177681     DEBUG main            d.u.i.k.p.i.AbstractProblemLoader Environment load took 133.2ns 
177682     INFO  main            d.u.i.k.p.i.AbstractProblemLoader Creating init config 
178655     DEBUG main            d.u.i.k.j.r.ClassPreparationMethodBuilder clPrepBuilder: Inner Class detected. Reject building class initialisation methods. 
180724     DEBUG main            d.u.i.k.p.i.AbstractProblemLoader Init config took 3.04s 
180778     INFO  main            d.u.i.k.p.i.AbstractProblemLoader Replaying proof ArrayList.ArrayListIterator[ListIterator::next()].JML normal_behavior operation contract.0 
180959     DEBUG main            d.u.i.k.p.i.IntermediateProofReplayer Proof replay took 176.08ms 
180960     DEBUG main            d.u.i.k.p.r.p.TestFile    ... success: reloaded. 
180961     INFO  main            d.u.i.k.p.r.p.TestFile    Now processing file /home/runner/work/key/key/key.core/../key.ui/examples/heap/list/ArrayList.ArrayListIterator_pos.key 
180962     INFO  main            d.u.i.k.p.i.AbstractProblemLoader Loading environment from /home/runner/work/key/key/key.core/../key.ui/examples/heap/list/ArrayList.ArrayListIterator_pos.key 
180962     DEBUG main            d.u.i.k.p.i.AbstractProblemLoader Environment load took 121.5ns 
180963     INFO  main            d.u.i.k.p.i.AbstractProblemLoader Creating init config 
181998     DEBUG main            d.u.i.k.j.r.ClassPreparationMethodBuilder clPrepBuilder: Inner Class detected. Reject building class initialisation methods. 
184132     DEBUG main            d.u.i.k.p.i.AbstractProblemLoader Init config took 3.17s 
184132     DEBUG main            d.u.i.k.p.r.p.TestFile    Exception de.uka.ilkd.key.proof.io.ProblemLoaderException: Contract not found: ListIterator[ListIterator::$pos()].JML accessible clause.0
	at de.uka.ilkd.key.control.AbstractUserInterfaceControl.load(AbstractUserInterfaceControl.java:225)
Caused by: java.lang.RuntimeException: Contract not found: ListIterator[ListIterator::$pos()].JML accessible clause.0
	at de.uka.ilkd.key.proof.io.AbstractProblemLoader.createProofObligationContainer(AbstractProblemLoader.java:603)

184135     WARN  main            d.u.i.k.p.r.p.ForkedTestFileRunner Run failed de.uka.ilkd.key.proof.io.ProblemLoaderException: Contract not found: ListIterator[ListIterator::$pos()].JML accessible clause.0
	at de.uka.ilkd.key.control.AbstractUserInterfaceControl.load(AbstractUserInterfaceControl.java:225)
Caused by: java.lang.RuntimeException: Contract not found: ListIterator[ListIterator::$pos()].JML accessible clause.0
	at de.uka.ilkd.key.proof.io.AbstractProblemLoader.createProofObligationContainer(AbstractProblemLoader.java:603)

184138     INFO  main            d.u.i.k.p.r.p.TestFile    Now processing file /home/runner/work/key/key/key.core/../key.ui/examples/heap/list/Client_m.key 
184139     INFO  main            d.u.i.k.p.i.AbstractProblemLoader Loading environment from /home/runner/work/key/key/key.core/../key.ui/examples/heap/list/Client_m.key 
184139     DEBUG main            d.u.i.k.p.i.AbstractProblemLoader Environment load took 148.7ns 
184140     INFO  main            d.u.i.k.p.i.AbstractProblemLoader Creating init config 
185154     DEBUG main            d.u.i.k.j.r.ClassPreparationMethodBuilder clPrepBuilder: Inner Class detected. Reject building class initialisation methods. 
187243     DEBUG main            d.u.i.k.p.i.AbstractProblemLoader Init config took 3.1s 
187284     INFO  main            d.u.i.k.p.i.AbstractProblemLoader Replaying proof Client[Client::m(List)].JML normal_behavior operation contract.0 
187285     DEBUG main            d.u.i.k.p.i.IntermediateProofReplayer Proof replay took 6.2ns 
187588     INFO  main            d.u.i.k.p.r.p.TestFile    ... finished proof: closed. 
187893     INFO  main            d.u.i.k.p.i.AbstractProblemLoader Loading environment from /home/runner/work/key/key/key.core/../key.ui/examples/heap/list/Client_m.key.proof 
187893     DEBUG main            d.u.i.k.p.i.AbstractProblemLoader Environment load took 128.8ns 
187894     INFO  main            d.u.i.k.p.i.AbstractProblemLoader Creating init config 
188860     DEBUG main            d.u.i.k.j.r.ClassPreparationMethodBuilder clPrepBuilder: Inner Class detected. Reject building class initialisation methods. 
190918     DEBUG main            d.u.i.k.p.i.AbstractProblemLoader Init config took 3.02s 
190974     INFO  main            d.u.i.k.p.i.AbstractProblemLoader Replaying proof Client[Client::m(List)].JML normal_behavior operation contract.0 
191045     DEBUG main            d.u.i.k.p.i.IntermediateProofReplayer Proof replay took 62.73ms 
191046     DEBUG main            d.u.i.k.p.r.p.TestFile    ... success: reloaded. 
191048     INFO  main            d.u.i.k.p.r.p.TestFile    Now processing file /home/runner/work/key/key/key.core/../key.ui/examples/heap/list/Client_n.key 
191048     INFO  main            d.u.i.k.p.i.AbstractProblemLoader Loading environment from /home/runner/work/key/key/key.core/../key.ui/examples/heap/list/Client_n.key 
191048     DEBUG main            d.u.i.k.p.i.AbstractProblemLoader Environment load took 105.4ns 
191050     INFO  main            d.u.i.k.p.i.AbstractProblemLoader Creating init config 
192033     DEBUG main            d.u.i.k.j.r.ClassPreparationMethodBuilder clPrepBuilder: Inner Class detected. Reject building class initialisation methods. 
194159     DEBUG main            d.u.i.k.p.i.AbstractProblemLoader Init config took 3.11s 
194202     INFO  main            d.u.i.k.p.i.AbstractProblemLoader Replaying proof Client[Client::n(List)].JML normal_behavior operation contract.0 
194203     DEBUG main            d.u.i.k.p.i.IntermediateProofReplayer Proof replay took 6.2ns 
194305     INFO  main            d.u.i.k.p.r.p.TestFile    ... finished proof: closed. 
194607     INFO  main            d.u.i.k.p.i.AbstractProblemLoader Loading environment from /home/runner/work/key/key/key.core/../key.ui/examples/heap/list/Client_n.key.proof 
194608     DEBUG main            d.u.i.k.p.i.AbstractProblemLoader Environment load took 130.2ns 
194609     INFO  main            d.u.i.k.p.i.AbstractProblemLoader Creating init config 
195594     DEBUG main            d.u.i.k.j.r.ClassPreparationMethodBuilder clPrepBuilder: Inner Class detected. Reject building class initialisation methods. 
197658     DEBUG main            d.u.i.k.p.i.AbstractProblemLoader Init config took 3.05s 
197700     INFO  main            d.u.i.k.p.i.AbstractProblemLoader Replaying proof Client[Client::n(List)].JML normal_behavior operation contract.0 
197721     DEBUG main            d.u.i.k.p.i.IntermediateProofReplayer Proof replay took 18.44ms 
197722     DEBUG main            d.u.i.k.p.r.p.TestFile    ... success: reloaded. 
197723     INFO  main            d.u.i.k.p.r.p.TestFile    Now processing file /home/runner/work/key/key/key.core/../key.ui/examples/heap/list/LinkedList_get_exceptional.key 
197724     INFO  main            d.u.i.k.p.i.AbstractProblemLoader Loading environment from /home/runner/work/key/key/key.core/../key.ui/examples/heap/list/LinkedList_get_exceptional.key 
197724     DEBUG main            d.u.i.k.p.i.AbstractProblemLoader Environment load took 131.2ns 
197725     INFO  main            d.u.i.k.p.i.AbstractProblemLoader Creating init config 
198713     DEBUG main            d.u.i.k.j.r.ClassPreparationMethodBuilder clPrepBuilder: Inner Class detected. Reject building class initialisation methods. 
200824     DEBUG main            d.u.i.k.p.i.AbstractProblemLoader Init config took 3.1s 
200891     INFO  main            d.u.i.k.p.i.AbstractProblemLoader Replaying proof LinkedList[List::get(int)].JML exceptional_behavior operation contract.0 
200893     DEBUG main            d.u.i.k.p.i.IntermediateProofReplayer Proof replay took 7.5ns 
203201     INFO  main            d.u.i.k.p.r.p.TestFile    ... finished proof: closed. 
203523     INFO  main            d.u.i.k.p.i.AbstractProblemLoader Loading environment from /home/runner/work/key/key/key.core/../key.ui/examples/heap/list/LinkedList_get_exceptional.key.proof 
203524     DEBUG main            d.u.i.k.p.i.AbstractProblemLoader Environment load took 672.91ns 
203525     INFO  main            d.u.i.k.p.i.AbstractProblemLoader Creating init config 
204499     DEBUG main            d.u.i.k.j.r.ClassPreparationMethodBuilder clPrepBuilder: Inner Class detected. Reject building class initialisation methods. 
206545     DEBUG main            d.u.i.k.p.i.AbstractProblemLoader Init config took 3.02s 
206593     INFO  main            d.u.i.k.p.i.AbstractProblemLoader Replaying proof LinkedList[List::get(int)].JML exceptional_behavior operation contract.0 
206917     DEBUG main            d.u.i.k.p.i.IntermediateProofReplayer Proof replay took 314.54ms 
206919     DEBUG main            d.u.i.k.p.r.p.TestFile    ... success: reloaded. 
206920     INFO  main            d.u.i.k.p.r.p.TestFile    Now processing file /home/runner/work/key/key/key.core/../key.ui/examples/heap/list/LinkedList_get_normal.key 
206920     INFO  main            d.u.i.k.p.i.AbstractProblemLoader Loading environment from /home/runner/work/key/key/key.core/../key.ui/examples/heap/list/LinkedList_get_normal.key 
206921     DEBUG main            d.u.i.k.p.i.AbstractProblemLoader Environment load took 262.3ns 
206922     INFO  main            d.u.i.k.p.i.AbstractProblemLoader Creating init config 
207954     DEBUG main            d.u.i.k.j.r.ClassPreparationMethodBuilder clPrepBuilder: Inner Class detected. Reject building class initialisation methods. 
210049     DEBUG main            d.u.i.k.p.i.AbstractProblemLoader Init config took 3.13s 
210096     INFO  main            d.u.i.k.p.i.AbstractProblemLoader Replaying proof LinkedList[List::get(int)].JML normal_behavior operation contract.0 
210098     DEBUG main            d.u.i.k.p.i.IntermediateProofReplayer Proof replay took 25.2ns 
217005     INFO  main            d.u.i.k.p.r.p.TestFile    ... finished proof: closed. 
217424     INFO  main            d.u.i.k.p.i.AbstractProblemLoader Loading environment from /home/runner/work/key/key/key.core/../key.ui/examples/heap/list/LinkedList_get_normal.key.proof 
217425     DEBUG main            d.u.i.k.p.i.AbstractProblemLoader Environment load took 559.51ns 
217428     INFO  main            d.u.i.k.p.i.AbstractProblemLoader Creating init config 
218410     DEBUG main            d.u.i.k.j.r.ClassPreparationMethodBuilder clPrepBuilder: Inner Class detected. Reject building class initialisation methods. 
220466     DEBUG main            d.u.i.k.p.i.AbstractProblemLoader Init config took 3.04s 
220524     INFO  main            d.u.i.k.p.i.AbstractProblemLoader Replaying proof LinkedList[List::get(int)].JML normal_behavior operation contract.0 
221041     DEBUG main            d.u.i.k.p.i.IntermediateProofReplayer Proof replay took 486.73ms 
221043     DEBUG main            d.u.i.k.p.r.p.TestFile    ... success: reloaded. 
221044     INFO  main            d.u.i.k.p.r.p.TestFile    Now processing file /home/runner/work/key/key/key.core/../key.ui/examples/heap/list/LinkedList_LinkedList.key 
221045     INFO  main            d.u.i.k.p.i.AbstractProblemLoader Loading environment from /home/runner/work/key/key/key.core/../key.ui/examples/heap/list/LinkedList_LinkedList.key 
221045     DEBUG main            d.u.i.k.p.i.AbstractProblemLoader Environment load took 82.6ns 
221046     INFO  main            d.u.i.k.p.i.AbstractProblemLoader Creating init config 
222059     DEBUG main            d.u.i.k.j.r.ClassPreparationMethodBuilder clPrepBuilder: Inner Class detected. Reject building class initialisation methods. 
224202     DEBUG main            d.u.i.k.p.i.AbstractProblemLoader Init config took 3.16s 
224252     INFO  main            d.u.i.k.p.i.AbstractProblemLoader Replaying proof LinkedList[LinkedList::LinkedList()].JML normal_behavior operation contract.0 
224253     DEBUG main            d.u.i.k.p.i.IntermediateProofReplayer Proof replay took 6.7ns 
224757     INFO  main            d.u.i.k.p.r.p.TestFile    ... finished proof: closed. 
225108     INFO  main            d.u.i.k.p.i.AbstractProblemLoader Loading environment from /home/runner/work/key/key/key.core/../key.ui/examples/heap/list/LinkedList_LinkedList.key.proof 
225108     DEBUG main            d.u.i.k.p.i.AbstractProblemLoader Environment load took 131.7ns 
225110     INFO  main            d.u.i.k.p.i.AbstractProblemLoader Creating init config 
226087     DEBUG main            d.u.i.k.j.r.ClassPreparationMethodBuilder clPrepBuilder: Inner Class detected. Reject building class initialisation methods. 
228120     DEBUG main            d.u.i.k.p.i.AbstractProblemLoader Init config took 3.01s 
228178     INFO  main            d.u.i.k.p.i.AbstractProblemLoader Replaying proof LinkedList[LinkedList::LinkedList()].JML normal_behavior operation contract.0 
228281     DEBUG main            d.u.i.k.p.i.IntermediateProofReplayer Proof replay took 98.43ms 
228282     DEBUG main            d.u.i.k.p.r.p.TestFile    ... success: reloaded. 
228284     INFO  main            d.u.i.k.p.r.p.TestFile    Now processing file /home/runner/work/key/key/key.core/../key.ui/examples/heap/list/LinkedList_size_dep.key 
228284     INFO  main            d.u.i.k.p.i.AbstractProblemLoader Loading environment from /home/runner/work/key/key/key.core/../key.ui/examples/heap/list/LinkedList_size_dep.key 
228284     DEBUG main            d.u.i.k.p.i.AbstractProblemLoader Environment load took 236.8ns 
228285     INFO  main            d.u.i.k.p.i.AbstractProblemLoader Creating init config 
229274     DEBUG main            d.u.i.k.j.r.ClassPreparationMethodBuilder clPrepBuilder: Inner Class detected. Reject building class initialisation methods. 
231369     DEBUG main            d.u.i.k.p.i.AbstractProblemLoader Init config took 3.08s 
231415     INFO  main            d.u.i.k.p.i.AbstractProblemLoader Replaying proof LinkedList[List::size()].JML accessible clause.0 
231416     DEBUG main            d.u.i.k.p.i.IntermediateProofReplayer Proof replay took 23ns 
231922     INFO  main            d.u.i.k.p.r.p.TestFile    ... finished proof: closed. 
232259     INFO  main            d.u.i.k.p.i.AbstractProblemLoader Loading environment from /home/runner/work/key/key/key.core/../key.ui/examples/heap/list/LinkedList_size_dep.key.proof 
232259     DEBUG main            d.u.i.k.p.i.AbstractProblemLoader Environment load took 133.6ns 
232260     INFO  main            d.u.i.k.p.i.AbstractProblemLoader Creating init config 
233223     DEBUG main            d.u.i.k.j.r.ClassPreparationMethodBuilder clPrepBuilder: Inner Class detected. Reject building class initialisation methods. 
235265     DEBUG main            d.u.i.k.p.i.AbstractProblemLoader Init config took 3s 
235310     INFO  main            d.u.i.k.p.i.AbstractProblemLoader Replaying proof LinkedList[List::size()].JML accessible clause.0 
235358     DEBUG main            d.u.i.k.p.i.IntermediateProofReplayer Proof replay took 44.43ms 
235359     DEBUG main            d.u.i.k.p.r.p.TestFile    ... success: reloaded. 
235360     INFO  main            d.u.i.k.p.r.p.TestFile    Now processing file /home/runner/work/key/key/key.core/../key.ui/examples/heap/list/LinkedList_size.key 
235360     INFO  main            d.u.i.k.p.i.AbstractProblemLoader Loading environment from /home/runner/work/key/key/key.core/../key.ui/examples/heap/list/LinkedList_size.key 
235360     DEBUG main            d.u.i.k.p.i.AbstractProblemLoader Environment load took 81.2ns 
235361     INFO  main            d.u.i.k.p.i.AbstractProblemLoader Creating init config 
236349     DEBUG main            d.u.i.k.j.r.ClassPreparationMethodBuilder clPrepBuilder: Inner Class detected. Reject building class initialisation methods. 
238442     DEBUG main            d.u.i.k.p.i.AbstractProblemLoader Init config took 3.08s 
238488     INFO  main            d.u.i.k.p.i.AbstractProblemLoader Replaying proof LinkedList[List::size()].JML normal_behavior operation contract.0 
238490     DEBUG main            d.u.i.k.p.i.IntermediateProofReplayer Proof replay took 7.7ns 
238998     INFO  main            d.u.i.k.p.r.p.TestFile    ... finished proof: closed. 
239343     INFO  main            d.u.i.k.p.i.AbstractProblemLoader Loading environment from /home/runner/work/key/key/key.core/../key.ui/examples/heap/list/LinkedList_size.key.proof 
239343     DEBUG main            d.u.i.k.p.i.AbstractProblemLoader Environment load took 116.1ns 
239344     INFO  main            d.u.i.k.p.i.AbstractProblemLoader Creating init config 
240314     DEBUG main            d.u.i.k.j.r.ClassPreparationMethodBuilder clPrepBuilder: Inner Class detected. Reject building class initialisation methods. 
242365     DEBUG main            d.u.i.k.p.i.AbstractProblemLoader Init config took 3.02s 
242411     INFO  main            d.u.i.k.p.i.AbstractProblemLoader Replaying proof LinkedList[List::size()].JML normal_behavior operation contract.0 
242456     DEBUG main            d.u.i.k.p.i.IntermediateProofReplayer Proof replay took 42.64ms 
242457     DEBUG main            d.u.i.k.p.r.p.TestFile    ... success: reloaded. 
242458     INFO  main            d.u.i.k.p.r.p.TestFile    Now processing file /home/runner/work/key/key/key.core/../key.ui/examples/heap/list/MySet_footprint.key 
242458     INFO  main            d.u.i.k.p.i.AbstractProblemLoader Loading environment from /home/runner/work/key/key/key.core/../key.ui/examples/heap/list/MySet_footprint.key 
242459     DEBUG main            d.u.i.k.p.i.AbstractProblemLoader Environment load took 54ns 
242460     INFO  main            d.u.i.k.p.i.AbstractProblemLoader Creating init config 
243442     DEBUG main            d.u.i.k.j.r.ClassPreparationMethodBuilder clPrepBuilder: Inner Class detected. Reject building class initialisation methods. 
245548     DEBUG main            d.u.i.k.p.i.AbstractProblemLoader Init config took 3.09s 
245548     DEBUG main            d.u.i.k.p.r.p.TestFile    Exception de.uka.ilkd.key.proof.io.ProblemLoaderException: Contract not found: MySet[MySet::$footprint()].JML accessible clause.0
	at de.uka.ilkd.key.control.AbstractUserInterfaceControl.load(AbstractUserInterfaceControl.java:225)
Caused by: java.lang.RuntimeException: Contract not found: MySet[MySet::$footprint()].JML accessible clause.0
	at de.uka.ilkd.key.proof.io.AbstractProblemLoader.createProofObligationContainer(AbstractProblemLoader.java:603)

245548     WARN  main            d.u.i.k.p.r.p.ForkedTestFileRunner Run failed de.uka.ilkd.key.proof.io.ProblemLoaderException: Contract not found: MySet[MySet::$footprint()].JML accessible clause.0
	at de.uka.ilkd.key.control.AbstractUserInterfaceControl.load(AbstractUserInterfaceControl.java:225)
Caused by: java.lang.RuntimeException: Contract not found: MySet[MySet::$footprint()].JML accessible clause.0
	at de.uka.ilkd.key.proof.io.AbstractProblemLoader.createProofObligationContainer(AbstractProblemLoader.java:603)

245549     INFO  main            d.u.i.k.p.r.p.TestFile    Now processing file /home/runner/work/key/key/key.core/../key.ui/examples/heap/list/MySet_MySet.key 
245549     INFO  main            d.u.i.k.p.i.AbstractProblemLoader Loading environment from /home/runner/work/key/key/key.core/../key.ui/examples/heap/list/MySet_MySet.key 
245549     DEBUG main            d.u.i.k.p.i.AbstractProblemLoader Environment load took 84.8ns 
245550     INFO  main            d.u.i.k.p.i.AbstractProblemLoader Creating init config 
246538     DEBUG main            d.u.i.k.j.r.ClassPreparationMethodBuilder clPrepBuilder: Inner Class detected. Reject building class initialisation methods. 
248646     DEBUG main            d.u.i.k.p.i.AbstractProblemLoader Init config took 3.1s 
248696     INFO  main            d.u.i.k.p.i.AbstractProblemLoader Replaying proof MySet[MySet::MySet()].JML normal_behavior operation contract.0 
248697     DEBUG main            d.u.i.k.p.i.IntermediateProofReplayer Proof replay took 7.8ns 
250808     INFO  main            d.u.i.k.p.r.p.TestFile    ... finished proof: open goal(s) 
1127912    INFO  Test worker     d.u.i.k.p.r.RunAllProofsTestUnit Running test list_ghost 
543        INFO  Timeout watchdog d.u.i.k.p.r.p.ForkedTestFileRunner Timeout watcher launched (2000 secs.) 
564        WARN  main            d.u.i.k.s.ProofSettings   The settings in /home/runner/.key/proof-settings.props are *not* read. 
609        INFO  main            d.u.i.k.p.r.p.TestFile    Now processing file /home/runner/work/key/key/key.core/../key.ui/examples/heap/list_ghost/ArrayList_add.key 
727        INFO  main            d.u.i.k.p.i.AbstractProblemLoader Loading environment from /home/runner/work/key/key/key.core/../key.ui/examples/heap/list_ghost/ArrayList_add.key 
749        DEBUG main            d.u.i.k.p.i.AbstractProblemLoader Environment load took 2.06ms 
976        INFO  main            d.u.i.k.p.i.AbstractProblemLoader Creating init config 
1871       DEBUG main            d.u.i.k.j.TypeConverter   No LDT found for Meta 
1871       DEBUG main            d.u.i.k.j.TypeConverter   No LDT found for Meta 
1873       DEBUG main            d.u.i.k.j.TypeConverter   No LDT found for Meta 
1873       DEBUG main            d.u.i.k.j.TypeConverter   No LDT found for Meta 
3195       DEBUG main            d.u.i.k.j.TypeConverter   No LDT found for JavaBigintExpression 
8926       DEBUG main            d.u.i.k.p.i.AbstractProblemLoader Init config took 7.95s 
9110       INFO  main            d.u.i.k.p.i.AbstractProblemLoader Replaying proof ArrayList[List::add(java.lang.Object)].JML normal_behavior operation contract.0 
9152       DEBUG main            d.u.i.k.p.i.IntermediateProofReplayer Proof replay took 34.9ns 
14505      INFO  main            d.u.i.k.p.r.p.TestFile    ... finished proof: closed. 
14769      INFO  main            d.u.i.k.p.i.AbstractProblemLoader Loading environment from /home/runner/work/key/key/key.core/../key.ui/examples/heap/list_ghost/ArrayList_add.key.proof 
14771      DEBUG main            d.u.i.k.p.i.AbstractProblemLoader Environment load took 2.08ms 
14775      INFO  main            d.u.i.k.p.i.AbstractProblemLoader Creating init config 
17855      DEBUG main            d.u.i.k.p.i.AbstractProblemLoader Init config took 3.08s 
17920      INFO  main            d.u.i.k.p.i.AbstractProblemLoader Replaying proof ArrayList[List::add(java.lang.Object)].JML normal_behavior operation contract.0 
18643      DEBUG main            d.u.i.k.p.i.IntermediateProofReplayer Proof replay took 701.58ms 
18651      DEBUG main            d.u.i.k.p.r.p.TestFile    ... success: reloaded. 
18653      INFO  main            d.u.i.k.p.r.p.TestFile    Now processing file /home/runner/work/key/key/key.core/../key.ui/examples/heap/list_ghost/ArrayList_ArrayList.key 
18654      INFO  main            d.u.i.k.p.i.AbstractProblemLoader Loading environment from /home/runner/work/key/key/key.core/../key.ui/examples/heap/list_ghost/ArrayList_ArrayList.key 
18654      DEBUG main            d.u.i.k.p.i.AbstractProblemLoader Environment load took 260.7ns 
18656      INFO  main            d.u.i.k.p.i.AbstractProblemLoader Creating init config 
21552      DEBUG main            d.u.i.k.p.i.AbstractProblemLoader Init config took 2.9s 
21611      INFO  main            d.u.i.k.p.i.AbstractProblemLoader Replaying proof ArrayList[ArrayList::ArrayList()].JML normal_behavior operation contract.0 
21614      DEBUG main            d.u.i.k.p.i.IntermediateProofReplayer Proof replay took 7.7ns 
22820      INFO  main            d.u.i.k.p.r.p.TestFile    ... finished proof: closed. 
23002      INFO  main            d.u.i.k.p.i.AbstractProblemLoader Loading environment from /home/runner/work/key/key/key.core/../key.ui/examples/heap/list_ghost/ArrayList_ArrayList.key.proof 
23002      DEBUG main            d.u.i.k.p.i.AbstractProblemLoader Environment load took 554.31ns 
23004      INFO  main            d.u.i.k.p.i.AbstractProblemLoader Creating init config 
25781      DEBUG main            d.u.i.k.p.i.AbstractProblemLoader Init config took 2.78s 
25835      INFO  main            d.u.i.k.p.i.AbstractProblemLoader Replaying proof ArrayList[ArrayList::ArrayList()].JML normal_behavior operation contract.0 
26014      DEBUG main            d.u.i.k.p.i.IntermediateProofReplayer Proof replay took 171.7ms 
26016      DEBUG main            d.u.i.k.p.r.p.TestFile    ... success: reloaded. 
26017      INFO  main            d.u.i.k.p.r.p.TestFile    Now processing file /home/runner/work/key/key/key.core/../key.ui/examples/heap/list_ghost/ArrayList_enlarge.key 
26017      INFO  main            d.u.i.k.p.i.AbstractProblemLoader Loading environment from /home/runner/work/key/key/key.core/../key.ui/examples/heap/list_ghost/ArrayList_enlarge.key 
26017      DEBUG main            d.u.i.k.p.i.AbstractProblemLoader Environment load took 98.8ns 
26018      INFO  main            d.u.i.k.p.i.AbstractProblemLoader Creating init config 
28845      DEBUG main            d.u.i.k.p.i.AbstractProblemLoader Init config took 2.83s 
28895      INFO  main            d.u.i.k.p.i.AbstractProblemLoader Replaying proof ArrayList[ArrayList::enlarge()].JML normal_behavior operation contract.0 
28897      DEBUG main            d.u.i.k.p.i.IntermediateProofReplayer Proof replay took 6.8ns 
31105      INFO  main            d.u.i.k.p.r.p.TestFile    ... finished proof: closed. 
31297      INFO  main            d.u.i.k.p.i.AbstractProblemLoader Loading environment from /home/runner/work/key/key/key.core/../key.ui/examples/heap/list_ghost/ArrayList_enlarge.key.proof 
31297      DEBUG main            d.u.i.k.p.i.AbstractProblemLoader Environment load took 156.4ns 
31302      INFO  main            d.u.i.k.p.i.AbstractProblemLoader Creating init config 
34060      DEBUG main            d.u.i.k.p.i.AbstractProblemLoader Init config took 2.76s 
34110      INFO  main            d.u.i.k.p.i.AbstractProblemLoader Replaying proof ArrayList[ArrayList::enlarge()].JML normal_behavior operation contract.0 
34541      DEBUG main            d.u.i.k.p.i.IntermediateProofReplayer Proof replay took 420.56ms 
34543      DEBUG main            d.u.i.k.p.r.p.TestFile    ... success: reloaded. 
34544      INFO  main            d.u.i.k.p.r.p.TestFile    Now processing file /home/runner/work/key/key/key.core/../key.ui/examples/heap/list_ghost/ArrayList_get_dep.key 
34545      INFO  main            d.u.i.k.p.i.AbstractProblemLoader Loading environment from /home/runner/work/key/key/key.core/../key.ui/examples/heap/list_ghost/ArrayList_get_dep.key 
34545      DEBUG main            d.u.i.k.p.i.AbstractProblemLoader Environment load took 330.5ns 
34546      INFO  main            d.u.i.k.p.i.AbstractProblemLoader Creating init config 
37360      DEBUG main            d.u.i.k.p.i.AbstractProblemLoader Init config took 2.81s 
37410      INFO  main            d.u.i.k.p.i.AbstractProblemLoader Replaying proof ArrayList[List::get(int)].JML accessible clause.0 
37413      DEBUG main            d.u.i.k.p.i.IntermediateProofReplayer Proof replay took 7.1ns 
37818      INFO  main            d.u.i.k.p.r.p.TestFile    ... finished proof: closed. 
38005      INFO  main            d.u.i.k.p.i.AbstractProblemLoader Loading environment from /home/runner/work/key/key/key.core/../key.ui/examples/heap/list_ghost/ArrayList_get_dep.key.proof 
38005      DEBUG main            d.u.i.k.p.i.AbstractProblemLoader Environment load took 573.31ns 
38007      INFO  main            d.u.i.k.p.i.AbstractProblemLoader Creating init config 
40766      DEBUG main            d.u.i.k.p.i.AbstractProblemLoader Init config took 2.76s 
40812      INFO  main            d.u.i.k.p.i.AbstractProblemLoader Replaying proof ArrayList[List::get(int)].JML accessible clause.0 
40873      DEBUG main            d.u.i.k.p.i.IntermediateProofReplayer Proof replay took 56.57ms 
40874      DEBUG main            d.u.i.k.p.r.p.TestFile    ... success: reloaded. 
40875      INFO  main            d.u.i.k.p.r.p.TestFile    Now processing file /home/runner/work/key/key/key.core/../key.ui/examples/heap/list_ghost/ArrayList_get_exceptional.key 
40875      INFO  main            d.u.i.k.p.i.AbstractProblemLoader Loading environment from /home/runner/work/key/key/key.core/../key.ui/examples/heap/list_ghost/ArrayList_get_exceptional.key 
40875      DEBUG main            d.u.i.k.p.i.AbstractProblemLoader Environment load took 106ns 
40876      INFO  main            d.u.i.k.p.i.AbstractProblemLoader Creating init config 
43611      DEBUG main            d.u.i.k.p.i.AbstractProblemLoader Init config took 2.73s 
43658      INFO  main            d.u.i.k.p.i.AbstractProblemLoader Replaying proof ArrayList[List::get(int)].JML exceptional_behavior operation contract.0 
43660      DEBUG main            d.u.i.k.p.i.IntermediateProofReplayer Proof replay took 7.2ns 
44467      INFO  main            d.u.i.k.p.r.p.TestFile    ... finished proof: closed. 
44661      INFO  main            d.u.i.k.p.i.AbstractProblemLoader Loading environment from /home/runner/work/key/key/key.core/../key.ui/examples/heap/list_ghost/ArrayList_get_exceptional.key.proof 
44664      DEBUG main            d.u.i.k.p.i.AbstractProblemLoader Environment load took 3.6ms 
44666      INFO  main            d.u.i.k.p.i.AbstractProblemLoader Creating init config 
47352      DEBUG main            d.u.i.k.p.i.AbstractProblemLoader Init config took 2.69s 
47398      INFO  main            d.u.i.k.p.i.AbstractProblemLoader Replaying proof ArrayList[List::get(int)].JML exceptional_behavior operation contract.0 
47557      DEBUG main            d.u.i.k.p.i.IntermediateProofReplayer Proof replay took 152.53ms 
47559      DEBUG main            d.u.i.k.p.r.p.TestFile    ... success: reloaded. 
47561      INFO  main            d.u.i.k.p.r.p.TestFile    Now processing file /home/runner/work/key/key/key.core/../key.ui/examples/heap/list_ghost/ArrayList_get_normal.key 
47561      INFO  main            d.u.i.k.p.i.AbstractProblemLoader Loading environment from /home/runner/work/key/key/key.core/../key.ui/examples/heap/list_ghost/ArrayList_get_normal.key 
47562      DEBUG main            d.u.i.k.p.i.AbstractProblemLoader Environment load took 253.3ns 
47564      INFO  main            d.u.i.k.p.i.AbstractProblemLoader Creating init config 
50344      DEBUG main            d.u.i.k.p.i.AbstractProblemLoader Init config took 2.78s 
50390      INFO  main            d.u.i.k.p.i.AbstractProblemLoader Replaying proof ArrayList[List::get(int)].JML normal_behavior operation contract.0 
50392      DEBUG main            d.u.i.k.p.i.IntermediateProofReplayer Proof replay took 7ns 
50696      INFO  main            d.u.i.k.p.r.p.TestFile    ... finished proof: closed. 
50921      INFO  main            d.u.i.k.p.i.AbstractProblemLoader Loading environment from /home/runner/work/key/key/key.core/../key.ui/examples/heap/list_ghost/ArrayList_get_normal.key.proof 
50922      DEBUG main            d.u.i.k.p.i.AbstractProblemLoader Environment load took 573.81ns 
50923      INFO  main            d.u.i.k.p.i.AbstractProblemLoader Creating init config 
53603      DEBUG main            d.u.i.k.p.i.AbstractProblemLoader Init config took 2.68s 
53653      INFO  main            d.u.i.k.p.i.AbstractProblemLoader Replaying proof ArrayList[List::get(int)].JML normal_behavior operation contract.0 
53707      DEBUG main            d.u.i.k.p.i.IntermediateProofReplayer Proof replay took 50.05ms 
53708      DEBUG main            d.u.i.k.p.r.p.TestFile    ... success: reloaded. 
53709      INFO  main            d.u.i.k.p.r.p.TestFile    Now processing file /home/runner/work/key/key/key.core/../key.ui/examples/heap/list_ghost/ArrayList_inv.key 
53710      INFO  main            d.u.i.k.p.i.AbstractProblemLoader Loading environment from /home/runner/work/key/key/key.core/../key.ui/examples/heap/list_ghost/ArrayList_inv.key 
53710      DEBUG main            d.u.i.k.p.i.AbstractProblemLoader Environment load took 239.8ns 
53711      INFO  main            d.u.i.k.p.i.AbstractProblemLoader Creating init config 
56446      DEBUG main            d.u.i.k.p.i.AbstractProblemLoader Init config took 2.74s 
56505      INFO  main            d.u.i.k.p.i.AbstractProblemLoader Replaying proof ArrayList[java.lang.Object::<inv>()].JML accessible clause.0 
56507      DEBUG main            d.u.i.k.p.i.IntermediateProofReplayer Proof replay took 7.8ns 
56610      INFO  main            d.u.i.k.p.r.p.TestFile    ... finished proof: closed. 
56794      INFO  main            d.u.i.k.p.i.AbstractProblemLoader Loading environment from /home/runner/work/key/key/key.core/../key.ui/examples/heap/list_ghost/ArrayList_inv.key.proof 
56794      DEBUG main            d.u.i.k.p.i.AbstractProblemLoader Environment load took 164.3ns 
56795      INFO  main            d.u.i.k.p.i.AbstractProblemLoader Creating init config 
59469      DEBUG main            d.u.i.k.p.i.AbstractProblemLoader Init config took 2.67s 
59510      INFO  main            d.u.i.k.p.i.AbstractProblemLoader Replaying proof ArrayList[java.lang.Object::<inv>()].JML accessible clause.0 
59522      DEBUG main            d.u.i.k.p.i.IntermediateProofReplayer Proof replay took 10.13ms 
59523      DEBUG main            d.u.i.k.p.r.p.TestFile    ... success: reloaded. 
59524      INFO  main            d.u.i.k.p.r.p.TestFile    Now processing file /home/runner/work/key/key/key.core/../key.ui/examples/heap/list_ghost/ArrayList_size_dep.key 
59525      INFO  main            d.u.i.k.p.i.AbstractProblemLoader Loading environment from /home/runner/work/key/key/key.core/../key.ui/examples/heap/list_ghost/ArrayList_size_dep.key 
59525      DEBUG main            d.u.i.k.p.i.AbstractProblemLoader Environment load took 96.2ns 
59526      INFO  main            d.u.i.k.p.i.AbstractProblemLoader Creating init config 
62260      DEBUG main            d.u.i.k.p.i.AbstractProblemLoader Init config took 2.73s 
62300      INFO  main            d.u.i.k.p.i.AbstractProblemLoader Replaying proof ArrayList[List::size()].JML accessible clause.0 
62302      DEBUG main            d.u.i.k.p.i.IntermediateProofReplayer Proof replay took 8.4ns 
62405      INFO  main            d.u.i.k.p.r.p.TestFile    ... finished proof: closed. 
62597      INFO  main            d.u.i.k.p.i.AbstractProblemLoader Loading environment from /home/runner/work/key/key/key.core/../key.ui/examples/heap/list_ghost/ArrayList_size_dep.key.proof 
62597      DEBUG main            d.u.i.k.p.i.AbstractProblemLoader Environment load took 142.1ns 
62598      INFO  main            d.u.i.k.p.i.AbstractProblemLoader Creating init config 
65254      DEBUG main            d.u.i.k.p.i.AbstractProblemLoader Init config took 2.66s 
65300      INFO  main            d.u.i.k.p.i.AbstractProblemLoader Replaying proof ArrayList[List::size()].JML accessible clause.0 
65316      DEBUG main            d.u.i.k.p.i.IntermediateProofReplayer Proof replay took 12.54ms 
65317      DEBUG main            d.u.i.k.p.r.p.TestFile    ... success: reloaded. 
65321      INFO  main            d.u.i.k.p.r.p.TestFile    Now processing file /home/runner/work/key/key/key.core/../key.ui/examples/heap/list_ghost/ArrayList_size.key 
65324      INFO  main            d.u.i.k.p.i.AbstractProblemLoader Loading environment from /home/runner/work/key/key/key.core/../key.ui/examples/heap/list_ghost/ArrayList_size.key 
65324      DEBUG main            d.u.i.k.p.i.AbstractProblemLoader Environment load took 293.1ns 
65325      INFO  main            d.u.i.k.p.i.AbstractProblemLoader Creating init config 
68031      DEBUG main            d.u.i.k.p.i.AbstractProblemLoader Init config took 2.71s 
68071      INFO  main            d.u.i.k.p.i.AbstractProblemLoader Replaying proof ArrayList[List::size()].JML normal_behavior operation contract.0 
68072      DEBUG main            d.u.i.k.p.i.IntermediateProofReplayer Proof replay took 6.9ns 
68175      INFO  main            d.u.i.k.p.r.p.TestFile    ... finished proof: closed. 
68372      INFO  main            d.u.i.k.p.i.AbstractProblemLoader Loading environment from /home/runner/work/key/key/key.core/../key.ui/examples/heap/list_ghost/ArrayList_size.key.proof 
68372      DEBUG main            d.u.i.k.p.i.AbstractProblemLoader Environment load took 140.7ns 
68373      INFO  main            d.u.i.k.p.i.AbstractProblemLoader Creating init config 
71016      DEBUG main            d.u.i.k.p.i.AbstractProblemLoader Init config took 2.64s 
71056      INFO  main            d.u.i.k.p.i.AbstractProblemLoader Replaying proof ArrayList[List::size()].JML normal_behavior operation contract.0 
71072      DEBUG main            d.u.i.k.p.i.IntermediateProofReplayer Proof replay took 14.09ms 
71073      DEBUG main            d.u.i.k.p.r.p.TestFile    ... success: reloaded. 
1199167    INFO  Test worker     d.u.i.k.p.r.RunAllProofsTestUnit Returning from test list_ghost 
1199169    INFO  Test worker     d.u.i.k.p.r.RunAllProofsTestUnit Running test list_recursive 
344        INFO  Timeout watchdog d.u.i.k.p.r.p.ForkedTestFileRunner Timeout watcher launched (2000 secs.) 
354        WARN  main            d.u.i.k.s.ProofSettings   The settings in /home/runner/.key/proof-settings.props are *not* read. 
393        INFO  main            d.u.i.k.p.r.p.TestFile    Now processing file /home/runner/work/key/key/key.core/../key.ui/examples/heap/list_recursiveSpec/ListOperationsNonNull_getNextNN_normal_behavior.key 
557        INFO  main            d.u.i.k.p.i.AbstractProblemLoader Loading environment from /home/runner/work/key/key/key.core/../key.ui/examples/heap/list_recursiveSpec/ListOperationsNonNull_getNextNN_normal_behavior.key 
579        DEBUG main            d.u.i.k.p.i.AbstractProblemLoader Environment load took 2.18ms 
806        INFO  main            d.u.i.k.p.i.AbstractProblemLoader Creating init config 
1786       DEBUG main            d.u.i.k.j.TypeConverter   No LDT found for Meta 
1787       DEBUG main            d.u.i.k.j.TypeConverter   No LDT found for Meta 
1789       DEBUG main            d.u.i.k.j.TypeConverter   No LDT found for Meta 
1789       DEBUG main            d.u.i.k.j.TypeConverter   No LDT found for Meta 
3319       DEBUG main            d.u.i.k.j.TypeConverter   No LDT found for JavaBigintExpression 
8766       DEBUG main            d.u.i.k.p.i.AbstractProblemLoader Init config took 7.96s 
8899       INFO  main            d.u.i.k.p.i.AbstractProblemLoader Replaying proof ListOperationsNonNull[ListOperationsNonNull::getNextNN(ListNN,int)].JML normal_behavior operation contract.0 
8932       DEBUG main            d.u.i.k.p.i.IntermediateProofReplayer Proof replay took 33.1ns 
10219      INFO  main            d.u.i.k.p.r.p.TestFile    ... finished proof: closed. 
10361      INFO  main            d.u.i.k.p.i.AbstractProblemLoader Loading environment from /home/runner/work/key/key/key.core/../key.ui/examples/heap/list_recursiveSpec/ListOperationsNonNull_getNextNN_normal_behavior.key.proof 
10362      DEBUG main            d.u.i.k.p.i.AbstractProblemLoader Environment load took 591.81ns 
10364      INFO  main            d.u.i.k.p.i.AbstractProblemLoader Creating init config 
13452      DEBUG main            d.u.i.k.p.i.AbstractProblemLoader Init config took 3.09s 
13534      INFO  main            d.u.i.k.p.i.AbstractProblemLoader Replaying proof ListOperationsNonNull[ListOperationsNonNull::getNextNN(ListNN,int)].JML normal_behavior operation contract.0 
13754      DEBUG main            d.u.i.k.p.i.IntermediateProofReplayer Proof replay took 211.15ms 
13764      DEBUG main            d.u.i.k.p.r.p.TestFile    ... success: reloaded. 
13766      INFO  main            d.u.i.k.p.r.p.TestFile    Now processing file /home/runner/work/key/key/key.core/../key.ui/examples/heap/list_recursiveSpec/ListOperationsNonNull_setValueAt_normal_behavior.key 
13766      INFO  main            d.u.i.k.p.i.AbstractProblemLoader Loading environment from /home/runner/work/key/key/key.core/../key.ui/examples/heap/list_recursiveSpec/ListOperationsNonNull_setValueAt_normal_behavior.key 
13767      DEBUG main            d.u.i.k.p.i.AbstractProblemLoader Environment load took 268.7ns 
13768      INFO  main            d.u.i.k.p.i.AbstractProblemLoader Creating init config 
16704      DEBUG main            d.u.i.k.p.i.AbstractProblemLoader Init config took 2.94s 
16779      INFO  main            d.u.i.k.p.i.AbstractProblemLoader Replaying proof ListOperationsNonNull[ListOperationsNonNull::setValueAt_NN(ListNN,int,int)].JML normal_behavior operation contract.0 
16785      DEBUG main            d.u.i.k.p.i.IntermediateProofReplayer Proof replay took 9.7ns 
16814      DEBUG main            d.u.i.k.m.s.ProofScriptEngine 1: 'macro autopilot' 
19500      DEBUG main            d.u.i.k.m.s.ProofScriptEngine 2: 'macro simp-upd' 
19508      DEBUG main            d.u.i.k.m.s.ProofScriptEngine 3: 'rule observerDependencyEQ' 
19530      DEBUG main            d.u.i.k.m.s.ProofScriptEngine 4: 'tryclose' 
19564      INFO  main            d.u.i.k.p.r.p.TestFile    ... finished proof: closed. 
19738      INFO  main            d.u.i.k.p.i.AbstractProblemLoader Loading environment from /home/runner/work/key/key/key.core/../key.ui/examples/heap/list_recursiveSpec/ListOperationsNonNull_setValueAt_normal_behavior.key.proof 
19738      DEBUG main            d.u.i.k.p.i.AbstractProblemLoader Environment load took 166.6ns 
19740      INFO  main            d.u.i.k.p.i.AbstractProblemLoader Creating init config 
22576      DEBUG main            d.u.i.k.p.i.AbstractProblemLoader Init config took 2.84s 
22630      INFO  main            d.u.i.k.p.i.AbstractProblemLoader Replaying proof ListOperationsNonNull[ListOperationsNonNull::setValueAt_NN(ListNN,int,int)].JML normal_behavior operation contract.0 
22752      DEBUG main            d.u.i.k.p.i.IntermediateProofReplayer Proof replay took 115.92ms 
22753      DEBUG main            d.u.i.k.p.r.p.TestFile    ... success: reloaded. 
1222112    INFO  Test worker     d.u.i.k.p.r.RunAllProofsTestUnit Returning from test list_recursive 
1222113    INFO  Test worker     d.u.i.k.p.r.RunAllProofsTestUnit Running test list_seq 
353        INFO  Timeout watchdog d.u.i.k.p.r.p.ForkedTestFileRunner Timeout watcher launched (2000 secs.) 
360        WARN  main            d.u.i.k.s.ProofSettings   The settings in /home/runner/.key/proof-settings.props are *not* read. 
395        INFO  main            d.u.i.k.p.r.p.TestFile    Now processing file /home/runner/work/key/key/key.core/../key.ui/examples/heap/list_seq/SimplifiedLinkedList.remove.key 
522        INFO  main            d.u.i.k.p.i.AbstractProblemLoader Loading environment from /home/runner/work/key/key/key.core/../key.ui/examples/heap/list_seq/SimplifiedLinkedList.remove.key 
538        DEBUG main            d.u.i.k.p.i.AbstractProblemLoader Environment load took 1.95ms 
763        INFO  main            d.u.i.k.p.i.AbstractProblemLoader Creating init config 
1757       DEBUG main            d.u.i.k.j.TypeConverter   No LDT found for Meta 
1757       DEBUG main            d.u.i.k.j.TypeConverter   No LDT found for Meta 
1758       DEBUG main            d.u.i.k.j.TypeConverter   No LDT found for Meta 
1758       DEBUG main            d.u.i.k.j.TypeConverter   No LDT found for Meta 
3123       DEBUG main            d.u.i.k.j.TypeConverter   No LDT found for JavaBigintExpression 
8949       DEBUG main            d.u.i.k.p.i.AbstractProblemLoader Init config took 8.19s 
9163       INFO  main            d.u.i.k.p.i.AbstractProblemLoader Replaying proof SimplifiedLinkedList[SimplifiedLinkedList::remove(int)].JML normal_behavior operation contract.0 
9233       DEBUG main            d.u.i.k.p.i.IntermediateProofReplayer Proof replay took 41.3ns 
79660      INFO  main            d.u.i.k.p.r.p.TestFile    ... finished proof: closed. 
80075      INFO  main            d.u.i.k.p.i.AbstractProblemLoader Loading environment from /home/runner/work/key/key/key.core/../key.ui/examples/heap/list_seq/SimplifiedLinkedList.remove.key.proof 
80076      DEBUG main            d.u.i.k.p.i.AbstractProblemLoader Environment load took 1.14ms 
80095      INFO  main            d.u.i.k.p.i.AbstractProblemLoader Creating init config 
83458      DEBUG main            d.u.i.k.p.i.AbstractProblemLoader Init config took 3.36s 
83548      INFO  main            d.u.i.k.p.i.AbstractProblemLoader Replaying proof SimplifiedLinkedList[SimplifiedLinkedList::remove(int)].JML normal_behavior operation contract.0 
87456      DEBUG main            d.u.i.k.p.i.IntermediateProofReplayer Proof replay took 3.67s 
87474      DEBUG main            d.u.i.k.p.r.p.TestFile    ... success: reloaded. 
87477      INFO  main            d.u.i.k.p.r.p.TestFile    Now processing file /home/runner/work/key/key/key.core/../key.ui/examples/heap/list_seq/ArrayList.ArrayList.key 
87477      INFO  main            d.u.i.k.p.i.AbstractProblemLoader Loading environment from /home/runner/work/key/key/key.core/../key.ui/examples/heap/list_seq/ArrayList.ArrayList.key 
87477      DEBUG main            d.u.i.k.p.i.AbstractProblemLoader Environment load took 266ns 
87479      INFO  main            d.u.i.k.p.i.AbstractProblemLoader Creating init config 
90686      DEBUG main            d.u.i.k.p.i.AbstractProblemLoader Init config took 3.21s 
90773      INFO  main            d.u.i.k.p.i.AbstractProblemLoader Replaying proof ArrayList[ArrayList::ArrayList()].JML normal_behavior operation contract.0 
90775      DEBUG main            d.u.i.k.p.i.IntermediateProofReplayer Proof replay took 6.8ns 
91780      INFO  main            d.u.i.k.p.r.p.TestFile    ... finished proof: closed. 
91969      INFO  main            d.u.i.k.p.i.AbstractProblemLoader Loading environment from /home/runner/work/key/key/key.core/../key.ui/examples/heap/list_seq/ArrayList.ArrayList.key.proof 
91970      DEBUG main            d.u.i.k.p.i.AbstractProblemLoader Environment load took 754.91ns 
91972      INFO  main            d.u.i.k.p.i.AbstractProblemLoader Creating init config 
95046      DEBUG main            d.u.i.k.p.i.AbstractProblemLoader Init config took 3.07s 
95127      INFO  main            d.u.i.k.p.i.AbstractProblemLoader Replaying proof ArrayList[ArrayList::ArrayList()].JML normal_behavior operation contract.0 
95288      DEBUG main            d.u.i.k.p.i.IntermediateProofReplayer Proof replay took 156.75ms 
95290      DEBUG main            d.u.i.k.p.r.p.TestFile    ... success: reloaded. 
95292      INFO  main            d.u.i.k.p.r.p.TestFile    Now processing file /home/runner/work/key/key/key.core/../key.ui/examples/heap/list_seq/ArrayList.add.key 
95292      INFO  main            d.u.i.k.p.i.AbstractProblemLoader Loading environment from /home/runner/work/key/key/key.core/../key.ui/examples/heap/list_seq/ArrayList.add.key 
95292      DEBUG main            d.u.i.k.p.i.AbstractProblemLoader Environment load took 239.1ns 
95293      INFO  main            d.u.i.k.p.i.AbstractProblemLoader Creating init config 
98389      DEBUG main            d.u.i.k.p.i.AbstractProblemLoader Init config took 3.1s 
98467      INFO  main            d.u.i.k.p.i.AbstractProblemLoader Replaying proof ArrayList[List::add(java.lang.Object)].JML normal_behavior operation contract.0 
98469      DEBUG main            d.u.i.k.p.i.IntermediateProofReplayer Proof replay took 7.5ns 
101994     INFO  main            d.u.i.k.p.r.p.TestFile    ... finished proof: closed. 
102198     INFO  main            d.u.i.k.p.i.AbstractProblemLoader Loading environment from /home/runner/work/key/key/key.core/../key.ui/examples/heap/list_seq/ArrayList.add.key.proof 
102199     DEBUG main            d.u.i.k.p.i.AbstractProblemLoader Environment load took 926.81ns 
102201     INFO  main            d.u.i.k.p.i.AbstractProblemLoader Creating init config 
105295     DEBUG main            d.u.i.k.p.i.AbstractProblemLoader Init config took 3.09s 
105386     INFO  main            d.u.i.k.p.i.AbstractProblemLoader Replaying proof ArrayList[List::add(java.lang.Object)].JML normal_behavior operation contract.0 
105867     DEBUG main            d.u.i.k.p.i.IntermediateProofReplayer Proof replay took 467.24ms 
105869     DEBUG main            d.u.i.k.p.r.p.TestFile    ... success: reloaded. 
105871     INFO  main            d.u.i.k.p.r.p.TestFile    Now processing file /home/runner/work/key/key/key.core/../key.ui/examples/heap/list_seq/ArrayList.contains.key 
105871     INFO  main            d.u.i.k.p.i.AbstractProblemLoader Loading environment from /home/runner/work/key/key/key.core/../key.ui/examples/heap/list_seq/ArrayList.contains.key 
105871     DEBUG main            d.u.i.k.p.i.AbstractProblemLoader Environment load took 247ns 
105873     INFO  main            d.u.i.k.p.i.AbstractProblemLoader Creating init config 
108990     DEBUG main            d.u.i.k.p.i.AbstractProblemLoader Init config took 3.12s 
109066     INFO  main            d.u.i.k.p.i.AbstractProblemLoader Replaying proof ArrayList[List::contains(java.lang.Object)].JML normal_behavior operation contract.0 
109067     DEBUG main            d.u.i.k.p.i.IntermediateProofReplayer Proof replay took 6.6ns 
110674     INFO  main            d.u.i.k.p.r.p.TestFile    ... finished proof: closed. 
110880     INFO  main            d.u.i.k.p.i.AbstractProblemLoader Loading environment from /home/runner/work/key/key/key.core/../key.ui/examples/heap/list_seq/ArrayList.contains.key.proof 
110881     DEBUG main            d.u.i.k.p.i.AbstractProblemLoader Environment load took 541ns 
110884     INFO  main            d.u.i.k.p.i.AbstractProblemLoader Creating init config 
113945     DEBUG main            d.u.i.k.p.i.AbstractProblemLoader Init config took 3.06s 
114028     INFO  main            d.u.i.k.p.i.AbstractProblemLoader Replaying proof ArrayList[List::contains(java.lang.Object)].JML normal_behavior operation contract.0 
114303     DEBUG main            d.u.i.k.p.i.IntermediateProofReplayer Proof replay took 268.11ms 
114305     DEBUG main            d.u.i.k.p.r.p.TestFile    ... success: reloaded. 
114306     INFO  main            d.u.i.k.p.r.p.TestFile    Now processing file /home/runner/work/key/key/key.core/../key.ui/examples/heap/list_seq/ArrayList.enlarge.key 
114307     INFO  main            d.u.i.k.p.i.AbstractProblemLoader Loading environment from /home/runner/work/key/key/key.core/../key.ui/examples/heap/list_seq/ArrayList.enlarge.key 
114307     DEBUG main            d.u.i.k.p.i.AbstractProblemLoader Environment load took 267.7ns 
114308     INFO  main            d.u.i.k.p.i.AbstractProblemLoader Creating init config 
117334     DEBUG main            d.u.i.k.p.i.AbstractProblemLoader Init config took 3.03s 
117429     INFO  main            d.u.i.k.p.i.AbstractProblemLoader Replaying proof ArrayList[ArrayList::enlarge()].JML normal_behavior operation contract.0 
117431     DEBUG main            d.u.i.k.p.i.IntermediateProofReplayer Proof replay took 6.3ns 
119639     INFO  main            d.u.i.k.p.r.p.TestFile    ... finished proof: closed. 
119876     INFO  main            d.u.i.k.p.i.AbstractProblemLoader Loading environment from /home/runner/work/key/key/key.core/../key.ui/examples/heap/list_seq/ArrayList.enlarge.key.proof 
119877     DEBUG main            d.u.i.k.p.i.AbstractProblemLoader Environment load took 249.6ns 
119878     INFO  main            d.u.i.k.p.i.AbstractProblemLoader Creating init config 
122875     DEBUG main            d.u.i.k.p.i.AbstractProblemLoader Init config took 3s 
122963     INFO  main            d.u.i.k.p.i.AbstractProblemLoader Replaying proof ArrayList[ArrayList::enlarge()].JML normal_behavior operation contract.0 
123317     DEBUG main            d.u.i.k.p.i.IntermediateProofReplayer Proof replay took 344.92ms 
123318     DEBUG main            d.u.i.k.p.r.p.TestFile    ... success: reloaded. 
123320     INFO  main            d.u.i.k.p.r.p.TestFile    Now processing file /home/runner/work/key/key/key.core/../key.ui/examples/heap/list_seq/ArrayList.get.key 
123321     INFO  main            d.u.i.k.p.i.AbstractProblemLoader Loading environment from /home/runner/work/key/key/key.core/../key.ui/examples/heap/list_seq/ArrayList.get.key 
123321     DEBUG main            d.u.i.k.p.i.AbstractProblemLoader Environment load took 689.31ns 
123340     INFO  main            d.u.i.k.p.i.AbstractProblemLoader Creating init config 
126338     DEBUG main            d.u.i.k.p.i.AbstractProblemLoader Init config took 3s 
126438     INFO  main            d.u.i.k.p.i.AbstractProblemLoader Replaying proof ArrayList[List::get(int)].JML normal_behavior operation contract.0 
126439     DEBUG main            d.u.i.k.p.i.IntermediateProofReplayer Proof replay took 8.8ns 
127044     INFO  main            d.u.i.k.p.r.p.TestFile    ... finished proof: closed. 
127257     INFO  main            d.u.i.k.p.i.AbstractProblemLoader Loading environment from /home/runner/work/key/key/key.core/../key.ui/examples/heap/list_seq/ArrayList.get.key.proof 
127258     DEBUG main            d.u.i.k.p.i.AbstractProblemLoader Environment load took 239.3ns 
127259     INFO  main            d.u.i.k.p.i.AbstractProblemLoader Creating init config 
130217     DEBUG main            d.u.i.k.p.i.AbstractProblemLoader Init config took 2.96s 
130292     INFO  main            d.u.i.k.p.i.AbstractProblemLoader Replaying proof ArrayList[List::get(int)].JML normal_behavior operation contract.0 
130359     DEBUG main            d.u.i.k.p.i.IntermediateProofReplayer Proof replay took 63.03ms 
130361     DEBUG main            d.u.i.k.p.r.p.TestFile    ... success: reloaded. 
130362     INFO  main            d.u.i.k.p.r.p.TestFile    Now processing file /home/runner/work/key/key/key.core/../key.ui/examples/heap/list_seq/ArrayList.newArray.key 
130362     INFO  main            d.u.i.k.p.i.AbstractProblemLoader Loading environment from /home/runner/work/key/key/key.core/../key.ui/examples/heap/list_seq/ArrayList.newArray.key 
130363     DEBUG main            d.u.i.k.p.i.AbstractProblemLoader Environment load took 252.3ns 
130364     INFO  main            d.u.i.k.p.i.AbstractProblemLoader Creating init config 
133444     DEBUG main            d.u.i.k.p.i.AbstractProblemLoader Init config took 3.08s 
133523     INFO  main            d.u.i.k.p.i.AbstractProblemLoader Replaying proof ArrayList[ArrayList::newArray(int)].JML normal_behavior operation contract.0 
133526     DEBUG main            d.u.i.k.p.i.IntermediateProofReplayer Proof replay took 7.9ns 
133829     INFO  main            d.u.i.k.p.r.p.TestFile    ... finished proof: closed. 
134046     INFO  main            d.u.i.k.p.i.AbstractProblemLoader Loading environment from /home/runner/work/key/key/key.core/../key.ui/examples/heap/list_seq/ArrayList.newArray.key.proof 
134046     DEBUG main            d.u.i.k.p.i.AbstractProblemLoader Environment load took 565.31ns 
134048     INFO  main            d.u.i.k.p.i.AbstractProblemLoader Creating init config 
137026     DEBUG main            d.u.i.k.p.i.AbstractProblemLoader Init config took 2.98s 
137107     INFO  main            d.u.i.k.p.i.AbstractProblemLoader Replaying proof ArrayList[ArrayList::newArray(int)].JML normal_behavior operation contract.0 
137160     DEBUG main            d.u.i.k.p.i.IntermediateProofReplayer Proof replay took 49.77ms 
137161     DEBUG main            d.u.i.k.p.r.p.TestFile    ... success: reloaded. 
137162     INFO  main            d.u.i.k.p.r.p.TestFile    Now processing file /home/runner/work/key/key/key.core/../key.ui/examples/heap/list_seq/ArrayList.remove.0.key 
137162     INFO  main            d.u.i.k.p.i.AbstractProblemLoader Loading environment from /home/runner/work/key/key/key.core/../key.ui/examples/heap/list_seq/ArrayList.remove.0.key 
137163     DEBUG main            d.u.i.k.p.i.AbstractProblemLoader Environment load took 109.2ns 
137163     INFO  main            d.u.i.k.p.i.AbstractProblemLoader Creating init config 
140147     DEBUG main            d.u.i.k.p.i.AbstractProblemLoader Init config took 2.98s 
140222     INFO  main            d.u.i.k.p.i.AbstractProblemLoader Replaying proof ArrayList[List::remove(java.lang.Object)].JML normal_behavior operation contract.0 
140224     DEBUG main            d.u.i.k.p.i.IntermediateProofReplayer Proof replay took 7.3ns 
142237     INFO  main            d.u.i.k.p.r.p.TestFile    ... finished proof: closed. 
142471     INFO  main            d.u.i.k.p.i.AbstractProblemLoader Loading environment from /home/runner/work/key/key/key.core/../key.ui/examples/heap/list_seq/ArrayList.remove.0.key.proof 
142472     DEBUG main            d.u.i.k.p.i.AbstractProblemLoader Environment load took 599.71ns 
142473     INFO  main            d.u.i.k.p.i.AbstractProblemLoader Creating init config 
145425     DEBUG main            d.u.i.k.p.i.AbstractProblemLoader Init config took 2.95s 
145494     INFO  main            d.u.i.k.p.i.AbstractProblemLoader Replaying proof ArrayList[List::remove(java.lang.Object)].JML normal_behavior operation contract.0 
145974     DEBUG main            d.u.i.k.p.i.IntermediateProofReplayer Proof replay took 473.64ms 
145976     DEBUG main            d.u.i.k.p.r.p.TestFile    ... success: reloaded. 
145977     INFO  main            d.u.i.k.p.r.p.TestFile    Now processing file /home/runner/work/key/key/key.core/../key.ui/examples/heap/list_seq/ArrayList.remove.1.key 
145985     INFO  main            d.u.i.k.p.i.AbstractProblemLoader Loading environment from /home/runner/work/key/key/key.core/../key.ui/examples/heap/list_seq/ArrayList.remove.1.key 
145985     DEBUG main            d.u.i.k.p.i.AbstractProblemLoader Environment load took 348.5ns 
145987     INFO  main            d.u.i.k.p.i.AbstractProblemLoader Creating init config 
149046     DEBUG main            d.u.i.k.p.i.AbstractProblemLoader Init config took 3.06s 
149116     INFO  main            d.u.i.k.p.i.AbstractProblemLoader Replaying proof ArrayList[List::remove(java.lang.Object)].JML normal_behavior operation contract.1 
149119     DEBUG main            d.u.i.k.p.i.IntermediateProofReplayer Proof replay took 7.3ns 
161074     INFO  main            d.u.i.k.p.r.p.TestFile    ... finished proof: closed. 
161371     INFO  main            d.u.i.k.p.i.AbstractProblemLoader Loading environment from /home/runner/work/key/key/key.core/../key.ui/examples/heap/list_seq/ArrayList.remove.1.key.proof 
161371     DEBUG main            d.u.i.k.p.i.AbstractProblemLoader Environment load took 592.11ns 
161374     INFO  main            d.u.i.k.p.i.AbstractProblemLoader Creating init config 
164290     DEBUG main            d.u.i.k.p.i.AbstractProblemLoader Init config took 2.92s 
164361     INFO  main            d.u.i.k.p.i.AbstractProblemLoader Replaying proof ArrayList[List::remove(java.lang.Object)].JML normal_behavior operation contract.1 
165773     DEBUG main            d.u.i.k.p.i.IntermediateProofReplayer Proof replay took 1.37s 
165776     DEBUG main            d.u.i.k.p.r.p.TestFile    ... success: reloaded. 
1388058    INFO  Test worker     d.u.i.k.p.r.RunAllProofsTestUnit Returning from test list_seq 
1388060    INFO  Test worker     d.u.i.k.p.r.RunAllProofsTestUnit Running test observer 
343        INFO  Timeout watchdog d.u.i.k.p.r.p.ForkedTestFileRunner Timeout watcher launched (2000 secs.) 
367        WARN  main            d.u.i.k.s.ProofSettings   The settings in /home/runner/.key/proof-settings.props are *not* read. 
415        INFO  main            d.u.i.k.p.r.p.TestFile    Now processing file /home/runner/work/key/key/key.core/../key.ui/examples/heap/observer/ExampleObserver_ExampleObserver.key 
553        INFO  main            d.u.i.k.p.i.AbstractProblemLoader Loading environment from /home/runner/work/key/key/key.core/../key.ui/examples/heap/observer/ExampleObserver_ExampleObserver.key 
579        DEBUG main            d.u.i.k.p.i.AbstractProblemLoader Environment load took 1.95ms 
821        INFO  main            d.u.i.k.p.i.AbstractProblemLoader Creating init config 
1673       DEBUG main            d.u.i.k.j.TypeConverter   No LDT found for Meta 
1678       DEBUG main            d.u.i.k.j.TypeConverter   No LDT found for Meta 
1681       DEBUG main            d.u.i.k.j.TypeConverter   No LDT found for Meta 
1681       DEBUG main            d.u.i.k.j.TypeConverter   No LDT found for Meta 
3001       DEBUG main            d.u.i.k.j.TypeConverter   No LDT found for JavaBigintExpression 
8262       DEBUG main            d.u.i.k.p.i.AbstractProblemLoader Init config took 7.44s 
8393       INFO  main            d.u.i.k.p.i.AbstractProblemLoader Replaying proof ExampleObserver[ExampleObserver::ExampleObserver(ExampleSubject)].JML normal_behavior operation contract.0 
8426       DEBUG main            d.u.i.k.p.i.IntermediateProofReplayer Proof replay took 34.5ns 
9388       INFO  main            d.u.i.k.p.r.p.TestFile    ... finished proof: closed. 
9525       INFO  main            d.u.i.k.p.i.AbstractProblemLoader Loading environment from /home/runner/work/key/key/key.core/../key.ui/examples/heap/observer/ExampleObserver_ExampleObserver.key.proof 
9526       DEBUG main            d.u.i.k.p.i.AbstractProblemLoader Environment load took 308.1ns 
9528       INFO  main            d.u.i.k.p.i.AbstractProblemLoader Creating init config 
12552      DEBUG main            d.u.i.k.p.i.AbstractProblemLoader Init config took 3.02s 
12622      INFO  main            d.u.i.k.p.i.AbstractProblemLoader Replaying proof ExampleObserver[ExampleObserver::ExampleObserver(ExampleSubject)].JML normal_behavior operation contract.0 
12801      DEBUG main            d.u.i.k.p.i.IntermediateProofReplayer Proof replay took 171.02ms 
12811      DEBUG main            d.u.i.k.p.r.p.TestFile    ... success: reloaded. 
12819      INFO  main            d.u.i.k.p.r.p.TestFile    Now processing file /home/runner/work/key/key/key.core/../key.ui/examples/heap/observer/ExampleObserver_inv.key 
12819      INFO  main            d.u.i.k.p.i.AbstractProblemLoader Loading environment from /home/runner/work/key/key/key.core/../key.ui/examples/heap/observer/ExampleObserver_inv.key 
12820      DEBUG main            d.u.i.k.p.i.AbstractProblemLoader Environment load took 334.5ns 
12824      INFO  main            d.u.i.k.p.i.AbstractProblemLoader Creating init config 
15859      DEBUG main            d.u.i.k.p.i.AbstractProblemLoader Init config took 3.03s 
15943      INFO  main            d.u.i.k.p.i.AbstractProblemLoader Replaying proof ExampleObserver[java.lang.Object::<inv>()].JML accessible clause.0 
15947      DEBUG main            d.u.i.k.p.i.IntermediateProofReplayer Proof replay took 6.4ns 
16053      INFO  main            d.u.i.k.p.r.p.TestFile    ... finished proof: closed. 
16202      INFO  main            d.u.i.k.p.i.AbstractProblemLoader Loading environment from /home/runner/work/key/key/key.core/../key.ui/examples/heap/observer/ExampleObserver_inv.key.proof 
16202      DEBUG main            d.u.i.k.p.i.AbstractProblemLoader Environment load took 190.3ns 
16206      INFO  main            d.u.i.k.p.i.AbstractProblemLoader Creating init config 
19023      DEBUG main            d.u.i.k.p.i.AbstractProblemLoader Init config took 2.82s 
19082      INFO  main            d.u.i.k.p.i.AbstractProblemLoader Replaying proof ExampleObserver[java.lang.Object::<inv>()].JML accessible clause.0 
19098      DEBUG main            d.u.i.k.p.i.IntermediateProofReplayer Proof replay took 13.05ms 
19099      DEBUG main            d.u.i.k.p.r.p.TestFile    ... success: reloaded. 
19101      INFO  main            d.u.i.k.p.r.p.TestFile    Now processing file /home/runner/work/key/key/key.core/../key.ui/examples/heap/observer/ExampleObserver_subject.key 
19101      INFO  main            d.u.i.k.p.i.AbstractProblemLoader Loading environment from /home/runner/work/key/key/key.core/../key.ui/examples/heap/observer/ExampleObserver_subject.key 
19101      DEBUG main            d.u.i.k.p.i.AbstractProblemLoader Environment load took 253.9ns 
19103      INFO  main            d.u.i.k.p.i.AbstractProblemLoader Creating init config 
22012      DEBUG main            d.u.i.k.p.i.AbstractProblemLoader Init config took 2.91s 
22013      DEBUG main            d.u.i.k.p.r.p.TestFile    Exception de.uka.ilkd.key.proof.io.ProblemLoaderException: Contract not found: Observer[Observer::$subject()].JML accessible clause.0
	at de.uka.ilkd.key.control.AbstractUserInterfaceControl.load(AbstractUserInterfaceControl.java:225)
Caused by: java.lang.RuntimeException: Contract not found: Observer[Observer::$subject()].JML accessible clause.0
	at de.uka.ilkd.key.proof.io.AbstractProblemLoader.createProofObligationContainer(AbstractProblemLoader.java:603)

22015      WARN  main            d.u.i.k.p.r.p.ForkedTestFileRunner Run failed de.uka.ilkd.key.proof.io.ProblemLoaderException: Contract not found: Observer[Observer::$subject()].JML accessible clause.0
	at de.uka.ilkd.key.control.AbstractUserInterfaceControl.load(AbstractUserInterfaceControl.java:225)
Caused by: java.lang.RuntimeException: Contract not found: Observer[Observer::$subject()].JML accessible clause.0
	at de.uka.ilkd.key.proof.io.AbstractProblemLoader.createProofObligationContainer(AbstractProblemLoader.java:603)

22015      INFO  main            d.u.i.k.p.r.p.TestFile    Now processing file /home/runner/work/key/key/key.core/../key.ui/examples/heap/observer/ExampleObserver_update.key 
22016      INFO  main            d.u.i.k.p.i.AbstractProblemLoader Loading environment from /home/runner/work/key/key/key.core/../key.ui/examples/heap/observer/ExampleObserver_update.key 
22016      DEBUG main            d.u.i.k.p.i.AbstractProblemLoader Environment load took 119.1ns 
22017      INFO  main            d.u.i.k.p.i.AbstractProblemLoader Creating init config 
24742      DEBUG main            d.u.i.k.p.i.AbstractProblemLoader Init config took 2.73s 
24793      INFO  main            d.u.i.k.p.i.AbstractProblemLoader Replaying proof ExampleObserver[Observer::update()].JML normal_behavior operation contract.0 
24795      DEBUG main            d.u.i.k.p.i.IntermediateProofReplayer Proof replay took 19.9ns 
25210      INFO  main            d.u.i.k.p.r.p.TestFile    ... finished proof: closed. 
25377      INFO  main            d.u.i.k.p.i.AbstractProblemLoader Loading environment from /home/runner/work/key/key/key.core/../key.ui/examples/heap/observer/ExampleObserver_update.key.proof 
25377      DEBUG main            d.u.i.k.p.i.AbstractProblemLoader Environment load took 575.61ns 
25379      INFO  main            d.u.i.k.p.i.AbstractProblemLoader Creating init config 
28160      DEBUG main            d.u.i.k.p.i.AbstractProblemLoader Init config took 2.78s 
28211      INFO  main            d.u.i.k.p.i.AbstractProblemLoader Replaying proof ExampleObserver[Observer::update()].JML normal_behavior operation contract.0 
28295      DEBUG main            d.u.i.k.p.i.IntermediateProofReplayer Proof replay took 77.21ms 
28297      DEBUG main            d.u.i.k.p.r.p.TestFile    ... success: reloaded. 
28299      INFO  main            d.u.i.k.p.r.p.TestFile    Now processing file /home/runner/work/key/key/key.core/../key.ui/examples/heap/observer/ExampleObserver_upToDate.key 
28299      INFO  main            d.u.i.k.p.i.AbstractProblemLoader Loading environment from /home/runner/work/key/key/key.core/../key.ui/examples/heap/observer/ExampleObserver_upToDate.key 
28299      DEBUG main            d.u.i.k.p.i.AbstractProblemLoader Environment load took 249.3ns 
28301      INFO  main            d.u.i.k.p.i.AbstractProblemLoader Creating init config 
31169      DEBUG main            d.u.i.k.p.i.AbstractProblemLoader Init config took 2.87s 
31170      DEBUG main            d.u.i.k.p.r.p.TestFile    Exception de.uka.ilkd.key.proof.io.ProblemLoaderException: Contract not found: ExampleObserver[Observer::$upToDate()].JML accessible clause.0
	at de.uka.ilkd.key.control.AbstractUserInterfaceControl.load(AbstractUserInterfaceControl.java:225)
Caused by: java.lang.RuntimeException: Contract not found: ExampleObserver[Observer::$upToDate()].JML accessible clause.0
	at de.uka.ilkd.key.proof.io.AbstractProblemLoader.createProofObligationContainer(AbstractProblemLoader.java:603)

31170      WARN  main            d.u.i.k.p.r.p.ForkedTestFileRunner Run failed de.uka.ilkd.key.proof.io.ProblemLoaderException: Contract not found: ExampleObserver[Observer::$upToDate()].JML accessible clause.0
	at de.uka.ilkd.key.control.AbstractUserInterfaceControl.load(AbstractUserInterfaceControl.java:225)
Caused by: java.lang.RuntimeException: Contract not found: ExampleObserver[Observer::$upToDate()].JML accessible clause.0
	at de.uka.ilkd.key.proof.io.AbstractProblemLoader.createProofObligationContainer(AbstractProblemLoader.java:603)

31171      INFO  main            d.u.i.k.p.r.p.TestFile    Now processing file /home/runner/work/key/key/key.core/../key.ui/examples/heap/observer/ExampleObserver_value.key 
31171      INFO  main            d.u.i.k.p.i.AbstractProblemLoader Loading environment from /home/runner/work/key/key/key.core/../key.ui/examples/heap/observer/ExampleObserver_value.key 
31172      DEBUG main            d.u.i.k.p.i.AbstractProblemLoader Environment load took 241.2ns 
31173      INFO  main            d.u.i.k.p.i.AbstractProblemLoader Creating init config 
33935      DEBUG main            d.u.i.k.p.i.AbstractProblemLoader Init config took 2.76s 
33982      INFO  main            d.u.i.k.p.i.AbstractProblemLoader Replaying proof ExampleObserver[ExampleObserver::value()].JML normal_behavior operation contract.0 
33985      DEBUG main            d.u.i.k.p.i.IntermediateProofReplayer Proof replay took 6.7ns 
34089      INFO  main            d.u.i.k.p.r.p.TestFile    ... finished proof: closed. 
34286      INFO  main            d.u.i.k.p.i.AbstractProblemLoader Loading environment from /home/runner/work/key/key/key.core/../key.ui/examples/heap/observer/ExampleObserver_value.key.proof 
34286      DEBUG main            d.u.i.k.p.i.AbstractProblemLoader Environment load took 134.6ns 
34288      INFO  main            d.u.i.k.p.i.AbstractProblemLoader Creating init config 
37017      DEBUG main            d.u.i.k.p.i.AbstractProblemLoader Init config took 2.73s 
37087      INFO  main            d.u.i.k.p.i.AbstractProblemLoader Replaying proof ExampleObserver[ExampleObserver::value()].JML normal_behavior operation contract.0 
37109      DEBUG main            d.u.i.k.p.i.IntermediateProofReplayer Proof replay took 20.02ms 
37111      DEBUG main            d.u.i.k.p.r.p.TestFile    ... success: reloaded. 
37112      INFO  main            d.u.i.k.p.r.p.TestFile    Now processing file /home/runner/work/key/key/key.core/../key.ui/examples/heap/observer/ExampleSubject_addObserver.key 
37112      INFO  main            d.u.i.k.p.i.AbstractProblemLoader Loading environment from /home/runner/work/key/key/key.core/../key.ui/examples/heap/observer/ExampleSubject_addObserver.key 
37112      DEBUG main            d.u.i.k.p.i.AbstractProblemLoader Environment load took 336.8ns 
37114      INFO  main            d.u.i.k.p.i.AbstractProblemLoader Creating init config 
39935      DEBUG main            d.u.i.k.p.i.AbstractProblemLoader Init config took 2.82s 
39989      INFO  main            d.u.i.k.p.i.AbstractProblemLoader Replaying proof ExampleSubject[Subject::addObserver(Observer)].JML normal_behavior operation contract.0 
39991      DEBUG main            d.u.i.k.p.i.IntermediateProofReplayer Proof replay took 8.7ns 
45378      INFO  main            d.u.i.k.p.r.p.TestFile    ... finished proof: open goal(s) 
45661      INFO  main            d.u.i.k.p.r.p.TestFile    Now processing file /home/runner/work/key/key/key.core/../key.ui/examples/heap/observer/ExampleSubject_change.key 
45661      INFO  main            d.u.i.k.p.i.AbstractProblemLoader Loading environment from /home/runner/work/key/key/key.core/../key.ui/examples/heap/observer/ExampleSubject_change.key 
45661      DEBUG main            d.u.i.k.p.i.AbstractProblemLoader Environment load took 66.9ns 
45662      INFO  main            d.u.i.k.p.i.AbstractProblemLoader Creating init config 
48419      DEBUG main            d.u.i.k.p.i.AbstractProblemLoader Init config took 2.76s 
48477      INFO  main            d.u.i.k.p.i.AbstractProblemLoader Replaying proof ExampleSubject[ExampleSubject::change()].JML normal_behavior operation contract.0 
48480      DEBUG main            d.u.i.k.p.i.IntermediateProofReplayer Proof replay took 7.8ns 
48986      INFO  main            d.u.i.k.p.r.p.TestFile    ... finished proof: open goal(s) 
49194      INFO  main            d.u.i.k.p.r.p.TestFile    Now processing file /home/runner/work/key/key/key.core/../key.ui/examples/heap/observer/ExampleSubject_ExampleSubject.key 
49195      INFO  main            d.u.i.k.p.i.AbstractProblemLoader Loading environment from /home/runner/work/key/key/key.core/../key.ui/examples/heap/observer/ExampleSubject_ExampleSubject.key 
49195      DEBUG main            d.u.i.k.p.i.AbstractProblemLoader Environment load took 104.6ns 
49196      INFO  main            d.u.i.k.p.i.AbstractProblemLoader Creating init config 
51910      DEBUG main            d.u.i.k.p.i.AbstractProblemLoader Init config took 2.71s 
51959      INFO  main            d.u.i.k.p.i.AbstractProblemLoader Replaying proof ExampleSubject[ExampleSubject::ExampleSubject()].JML normal_behavior operation contract.0 
51961      DEBUG main            d.u.i.k.p.i.IntermediateProofReplayer Proof replay took 6.1ns 
53176      INFO  main            d.u.i.k.p.r.p.TestFile    ... finished proof: closed. 
53474      INFO  main            d.u.i.k.p.i.AbstractProblemLoader Loading environment from /home/runner/work/key/key/key.core/../key.ui/examples/heap/observer/ExampleSubject_ExampleSubject.key.proof 
53475      DEBUG main            d.u.i.k.p.i.AbstractProblemLoader Environment load took 544.41ns 
53476      INFO  main            d.u.i.k.p.i.AbstractProblemLoader Creating init config 
56200      DEBUG main            d.u.i.k.p.i.AbstractProblemLoader Init config took 2.72s 
56262      INFO  main            d.u.i.k.p.i.AbstractProblemLoader Replaying proof ExampleSubject[ExampleSubject::ExampleSubject()].JML normal_behavior operation contract.0 
56471      DEBUG main            d.u.i.k.p.i.IntermediateProofReplayer Proof replay took 201.95ms 
56473      DEBUG main            d.u.i.k.p.r.p.TestFile    ... success: reloaded. 
56474      INFO  main            d.u.i.k.p.r.p.TestFile    Now processing file /home/runner/work/key/key/key.core/../key.ui/examples/heap/observer/ExampleSubject_footprint.key 
56475      INFO  main            d.u.i.k.p.i.AbstractProblemLoader Loading environment from /home/runner/work/key/key/key.core/../key.ui/examples/heap/observer/ExampleSubject_footprint.key 
56475      DEBUG main            d.u.i.k.p.i.AbstractProblemLoader Environment load took 228.2ns 
56476      INFO  main            d.u.i.k.p.i.AbstractProblemLoader Creating init config 
59208      DEBUG main            d.u.i.k.p.i.AbstractProblemLoader Init config took 2.73s 
59208      DEBUG main            d.u.i.k.p.r.p.TestFile    Exception de.uka.ilkd.key.proof.io.ProblemLoaderException: Contract not found: ExampleSubject[Subject::$footprint()].JML accessible clause.0
	at de.uka.ilkd.key.control.AbstractUserInterfaceControl.load(AbstractUserInterfaceControl.java:225)
Caused by: java.lang.RuntimeException: Contract not found: ExampleSubject[Subject::$footprint()].JML accessible clause.0
	at de.uka.ilkd.key.proof.io.AbstractProblemLoader.createProofObligationContainer(AbstractProblemLoader.java:603)

59208      WARN  main            d.u.i.k.p.r.p.ForkedTestFileRunner Run failed de.uka.ilkd.key.proof.io.ProblemLoaderException: Contract not found: ExampleSubject[Subject::$footprint()].JML accessible clause.0
	at de.uka.ilkd.key.control.AbstractUserInterfaceControl.load(AbstractUserInterfaceControl.java:225)
Caused by: java.lang.RuntimeException: Contract not found: ExampleSubject[Subject::$footprint()].JML accessible clause.0
	at de.uka.ilkd.key.proof.io.AbstractProblemLoader.createProofObligationContainer(AbstractProblemLoader.java:603)

59209      INFO  main            d.u.i.k.p.r.p.TestFile    Now processing file /home/runner/work/key/key/key.core/../key.ui/examples/heap/observer/ExampleSubject_inv.key 
59209      INFO  main            d.u.i.k.p.i.AbstractProblemLoader Loading environment from /home/runner/work/key/key/key.core/../key.ui/examples/heap/observer/ExampleSubject_inv.key 
59210      DEBUG main            d.u.i.k.p.i.AbstractProblemLoader Environment load took 117.1ns 
59211      INFO  main            d.u.i.k.p.i.AbstractProblemLoader Creating init config 
61940      DEBUG main            d.u.i.k.p.i.AbstractProblemLoader Init config took 2.73s 
61989      INFO  main            d.u.i.k.p.i.AbstractProblemLoader Replaying proof ExampleSubject[java.lang.Object::<inv>()].JML accessible clause.0 
61991      DEBUG main            d.u.i.k.p.i.IntermediateProofReplayer Proof replay took 7.7ns 
63113      INFO  main            d.u.i.k.p.r.p.TestFile    ... finished proof: open goal(s) 
63333      INFO  main            d.u.i.k.p.r.p.TestFile    Now processing file /home/runner/work/key/key/key.core/../key.ui/examples/heap/observer/ExampleSubject_notifyObservers.key 
63333      INFO  main            d.u.i.k.p.i.AbstractProblemLoader Loading environment from /home/runner/work/key/key/key.core/../key.ui/examples/heap/observer/ExampleSubject_notifyObservers.key 
63333      DEBUG main            d.u.i.k.p.i.AbstractProblemLoader Environment load took 75.1ns 
63334      INFO  main            d.u.i.k.p.i.AbstractProblemLoader Creating init config 
66005      DEBUG main            d.u.i.k.p.i.AbstractProblemLoader Init config took 2.67s 
66061      INFO  main            d.u.i.k.p.i.AbstractProblemLoader Replaying proof Subject[Subject::notifyObservers()].JML normal_behavior operation contract.0 
66063      DEBUG main            d.u.i.k.p.i.IntermediateProofReplayer Proof replay took 8.6ns 
66168      INFO  main            d.u.i.k.p.r.p.TestFile    ... finished proof: closed. 
66373      INFO  main            d.u.i.k.p.i.AbstractProblemLoader Loading environment from /home/runner/work/key/key/key.core/../key.ui/examples/heap/observer/ExampleSubject_notifyObservers.key.proof 
66374      DEBUG main            d.u.i.k.p.i.AbstractProblemLoader Environment load took 136.8ns 
66375      INFO  main            d.u.i.k.p.i.AbstractProblemLoader Creating init config 
69094      DEBUG main            d.u.i.k.p.i.AbstractProblemLoader Init config took 2.72s 
69141      INFO  main            d.u.i.k.p.i.AbstractProblemLoader Replaying proof Subject[Subject::notifyObservers()].JML normal_behavior operation contract.0 
69146      DEBUG main            d.u.i.k.p.i.IntermediateProofReplayer Proof replay took 3.23ms 
69148      DEBUG main            d.u.i.k.p.r.p.TestFile    ... success: reloaded. 
69149      INFO  main            d.u.i.k.p.r.p.TestFile    Now processing file /home/runner/work/key/key/key.core/../key.ui/examples/heap/observer/ExampleSubject_value_dep.key 
69149      INFO  main            d.u.i.k.p.i.AbstractProblemLoader Loading environment from /home/runner/work/key/key/key.core/../key.ui/examples/heap/observer/ExampleSubject_value_dep.key 
69150      DEBUG main            d.u.i.k.p.i.AbstractProblemLoader Environment load took 247.6ns 
69151      INFO  main            d.u.i.k.p.i.AbstractProblemLoader Creating init config 
71880      DEBUG main            d.u.i.k.p.i.AbstractProblemLoader Init config took 2.73s 
71979      INFO  main            d.u.i.k.p.i.AbstractProblemLoader Replaying proof ExampleSubject[ExampleSubject::value()].JML accessible clause.0 
71981      DEBUG main            d.u.i.k.p.i.IntermediateProofReplayer Proof replay took 8.9ns 
72084      INFO  main            d.u.i.k.p.r.p.TestFile    ... finished proof: closed. 
72286      INFO  main            d.u.i.k.p.i.AbstractProblemLoader Loading environment from /home/runner/work/key/key/key.core/../key.ui/examples/heap/observer/ExampleSubject_value_dep.key.proof 
72286      DEBUG main            d.u.i.k.p.i.AbstractProblemLoader Environment load took 137.1ns 
72287      INFO  main            d.u.i.k.p.i.AbstractProblemLoader Creating init config 
74986      DEBUG main            d.u.i.k.p.i.AbstractProblemLoader Init config took 2.7s 
75030      INFO  main            d.u.i.k.p.i.AbstractProblemLoader Replaying proof ExampleSubject[ExampleSubject::value()].JML accessible clause.0 
75045      DEBUG main            d.u.i.k.p.i.IntermediateProofReplayer Proof replay took 13.21ms 
75047      DEBUG main            d.u.i.k.p.r.p.TestFile    ... success: reloaded. 
75048      INFO  main            d.u.i.k.p.r.p.TestFile    Now processing file /home/runner/work/key/key/key.core/../key.ui/examples/heap/observer/ExampleSubject_value.key 
75049      INFO  main            d.u.i.k.p.i.AbstractProblemLoader Loading environment from /home/runner/work/key/key/key.core/../key.ui/examples/heap/observer/ExampleSubject_value.key 
75049      DEBUG main            d.u.i.k.p.i.AbstractProblemLoader Environment load took 229.3ns 
75050      INFO  main            d.u.i.k.p.i.AbstractProblemLoader Creating init config 
77799      DEBUG main            d.u.i.k.p.i.AbstractProblemLoader Init config took 2.75s 
77843      INFO  main            d.u.i.k.p.i.AbstractProblemLoader Replaying proof ExampleSubject[ExampleSubject::value()].JML normal_behavior operation contract.0 
77845      DEBUG main            d.u.i.k.p.i.IntermediateProofReplayer Proof replay took 6.5ns 
77949      INFO  main            d.u.i.k.p.r.p.TestFile    ... finished proof: closed. 
78165      INFO  main            d.u.i.k.p.i.AbstractProblemLoader Loading environment from /home/runner/work/key/key/key.core/../key.ui/examples/heap/observer/ExampleSubject_value.key.proof 
78165      DEBUG main            d.u.i.k.p.i.AbstractProblemLoader Environment load took 151ns 
78167      INFO  main            d.u.i.k.p.i.AbstractProblemLoader Creating init config 
80839      DEBUG main            d.u.i.k.p.i.AbstractProblemLoader Init config took 2.67s 
80887      INFO  main            d.u.i.k.p.i.AbstractProblemLoader Replaying proof ExampleSubject[ExampleSubject::value()].JML normal_behavior operation contract.0 
80900      DEBUG main            d.u.i.k.p.i.IntermediateProofReplayer Proof replay took 10.97ms 
80901      DEBUG main            d.u.i.k.p.r.p.TestFile    ... success: reloaded. 
1469141    INFO  Test worker     d.u.i.k.p.r.RunAllProofsTestUnit Running test removeDups 
407        INFO  Timeout watchdog d.u.i.k.p.r.p.ForkedTestFileRunner Timeout watcher launched (2000 secs.) 
411        WARN  main            d.u.i.k.s.ProofSettings   The settings in /home/runner/.key/proof-settings.props are *not* read. 
461        INFO  main            d.u.i.k.p.r.p.TestFile    Now processing file /home/runner/work/key/key/key.core/../key.ui/examples/heap/removeDups/arrayPart.key 
713        INFO  main            d.u.i.k.p.i.AbstractProblemLoader Loading environment from /home/runner/work/key/key/key.core/../key.ui/examples/heap/removeDups/arrayPart.key 
731        DEBUG main            d.u.i.k.p.i.AbstractProblemLoader Environment load took 2.16ms 
934        INFO  main            d.u.i.k.p.i.AbstractProblemLoader Creating init config 
1958       DEBUG main            d.u.i.k.j.TypeConverter   No LDT found for Meta 
1959       DEBUG main            d.u.i.k.j.TypeConverter   No LDT found for Meta 
1960       DEBUG main            d.u.i.k.j.TypeConverter   No LDT found for Meta 
1961       DEBUG main            d.u.i.k.j.TypeConverter   No LDT found for Meta 
3591       DEBUG main            d.u.i.k.j.TypeConverter   No LDT found for JavaBigintExpression 
8554       DEBUG main            d.u.i.k.p.i.AbstractProblemLoader Init config took 7.62s 
8716       INFO  main            d.u.i.k.p.i.AbstractProblemLoader Replaying proof RemoveDup[RemoveDup::arrayPart([I,int)].JML normal_behavior operation contract.0 
8749       DEBUG main            d.u.i.k.p.i.IntermediateProofReplayer Proof replay took 33.7ns 
11391      INFO  main            d.u.i.k.p.r.p.TestFile    ... finished proof: closed. 
11559      INFO  main            d.u.i.k.p.i.AbstractProblemLoader Loading environment from /home/runner/work/key/key/key.core/../key.ui/examples/heap/removeDups/arrayPart.key.proof 
11560      DEBUG main            d.u.i.k.p.i.AbstractProblemLoader Environment load took 916.41ns 
11563      INFO  main            d.u.i.k.p.i.AbstractProblemLoader Creating init config 
14466      DEBUG main            d.u.i.k.p.i.AbstractProblemLoader Init config took 2.9s 
14542      INFO  main            d.u.i.k.p.i.AbstractProblemLoader Replaying proof RemoveDup[RemoveDup::arrayPart([I,int)].JML normal_behavior operation contract.0 
14886      DEBUG main            d.u.i.k.p.i.IntermediateProofReplayer Proof replay took 332.16ms 
14897      DEBUG main            d.u.i.k.p.r.p.TestFile    ... success: reloaded. 
14898      INFO  main            d.u.i.k.p.r.p.TestFile    Now processing file /home/runner/work/key/key/key.core/../key.ui/examples/heap/removeDups/contains.key 
14899      INFO  main            d.u.i.k.p.i.AbstractProblemLoader Loading environment from /home/runner/work/key/key/key.core/../key.ui/examples/heap/removeDups/contains.key 
14899      DEBUG main            d.u.i.k.p.i.AbstractProblemLoader Environment load took 298.6ns 
14900      INFO  main            d.u.i.k.p.i.AbstractProblemLoader Creating init config 
17655      DEBUG main            d.u.i.k.p.i.AbstractProblemLoader Init config took 2.75s 
17716      INFO  main            d.u.i.k.p.i.AbstractProblemLoader Replaying proof RemoveDup[RemoveDup::contains([I,int,int)].JML normal_behavior operation contract.0 
17719      DEBUG main            d.u.i.k.p.i.IntermediateProofReplayer Proof replay took 7.9ns 
18223      INFO  main            d.u.i.k.p.r.p.TestFile    ... finished proof: closed. 
18392      INFO  main            d.u.i.k.p.i.AbstractProblemLoader Loading environment from /home/runner/work/key/key/key.core/../key.ui/examples/heap/removeDups/contains.key.proof 
18393      DEBUG main            d.u.i.k.p.i.AbstractProblemLoader Environment load took 557.71ns 
18394      INFO  main            d.u.i.k.p.i.AbstractProblemLoader Creating init config 
21006      DEBUG main            d.u.i.k.p.i.AbstractProblemLoader Init config took 2.61s 
21058      INFO  main            d.u.i.k.p.i.AbstractProblemLoader Replaying proof RemoveDup[RemoveDup::contains([I,int,int)].JML normal_behavior operation contract.0 
21192      DEBUG main            d.u.i.k.p.i.IntermediateProofReplayer Proof replay took 127.98ms 
21193      DEBUG main            d.u.i.k.p.r.p.TestFile    ... success: reloaded. 
21194      INFO  main            d.u.i.k.p.r.p.TestFile    Now processing file /home/runner/work/key/key/key.core/../key.ui/examples/heap/removeDups/removeDup.key 
21195      INFO  main            d.u.i.k.p.i.AbstractProblemLoader Loading environment from /home/runner/work/key/key/key.core/../key.ui/examples/heap/removeDups/removeDup.key 
21195      DEBUG main            d.u.i.k.p.i.AbstractProblemLoader Environment load took 243ns 
21196      INFO  main            d.u.i.k.p.i.AbstractProblemLoader Creating init config 
23839      DEBUG main            d.u.i.k.p.i.AbstractProblemLoader Init config took 2.64s 
23889      INFO  main            d.u.i.k.p.i.AbstractProblemLoader Replaying proof RemoveDup[RemoveDup::removeDup([I)].JML normal_behavior operation contract.0 
23892      DEBUG main            d.u.i.k.p.i.IntermediateProofReplayer Proof replay took 9.9ns 
28726      DEBUG Thread-7        d.u.i.k.j.d.VariableSpecification Program match. Variables have different dimension (template #v0 = #vi;, source a#11[] = var;) 
35521      INFO  main            d.u.i.k.p.r.p.TestFile    ... finished proof: closed. 
35788      INFO  main            d.u.i.k.p.i.AbstractProblemLoader Loading environment from /home/runner/work/key/key/key.core/../key.ui/examples/heap/removeDups/removeDup.key.proof 
35789      DEBUG main            d.u.i.k.p.i.AbstractProblemLoader Environment load took 590.81ns 
35797      INFO  main            d.u.i.k.p.i.AbstractProblemLoader Creating init config 
38350      DEBUG main            d.u.i.k.p.i.AbstractProblemLoader Init config took 2.55s 
38423      INFO  main            d.u.i.k.p.i.AbstractProblemLoader Replaying proof RemoveDup[RemoveDup::removeDup([I)].JML normal_behavior operation contract.0 
39872      DEBUG main            d.u.i.k.p.i.IntermediateProofReplayer Proof replay took 1.4s 
39875      DEBUG main            d.u.i.k.p.r.p.TestFile    ... success: reloaded. 
39877      INFO  main            d.u.i.k.p.r.p.TestFile    Now processing file /home/runner/work/key/key/key.core/../key.ui/examples/heap/saddleback_search/Saddleback_search.key 
39877      INFO  main            d.u.i.k.p.i.AbstractProblemLoader Loading environment from /home/runner/work/key/key/key.core/../key.ui/examples/heap/saddleback_search/Saddleback_search.key 
39878      DEBUG main            d.u.i.k.p.i.AbstractProblemLoader Environment load took 242.8ns 
39879      INFO  main            d.u.i.k.p.i.AbstractProblemLoader Creating init config 
42566      DEBUG main            d.u.i.k.p.i.AbstractProblemLoader Init config took 2.69s 
42609      INFO  main            d.u.i.k.p.i.AbstractProblemLoader Replaying proof Saddleback[Saddleback::search([[I,int)].JML normal_behavior operation contract.0 
42618      DEBUG main            d.u.i.k.p.i.IntermediateProofReplayer Proof replay took 6.5ns 
123444     INFO  main            d.u.i.k.p.r.p.TestFile    ... finished proof: closed. 
123863     INFO  main            d.u.i.k.p.i.AbstractProblemLoader Loading environment from /home/runner/work/key/key/key.core/../key.ui/examples/heap/saddleback_search/Saddleback_search.key.proof 
123864     DEBUG main            d.u.i.k.p.i.AbstractProblemLoader Environment load took 435.71ns 
123875     INFO  main            d.u.i.k.p.i.AbstractProblemLoader Creating init config 
126385     DEBUG main            d.u.i.k.p.i.AbstractProblemLoader Init config took 2.51s 
126424     INFO  main            d.u.i.k.p.i.AbstractProblemLoader Replaying proof Saddleback[Saddleback::search([[I,int)].JML normal_behavior operation contract.0 
129074     DEBUG main            d.u.i.k.p.i.IntermediateProofReplayer Proof replay took 2.47s 
129121     DEBUG main            d.u.i.k.p.r.p.TestFile    ... success: reloaded. 
1599241    INFO  Test worker     d.u.i.k.p.r.RunAllProofsTestUnit Returning from test removeDups 
1599242    INFO  Test worker     d.u.i.k.p.r.RunAllProofsTestUnit Running test quicksort 
368        INFO  Timeout watchdog d.u.i.k.p.r.p.ForkedTestFileRunner Timeout watcher launched (2000 secs.) 
389        WARN  main            d.u.i.k.s.ProofSettings   The settings in /home/runner/.key/proof-settings.props are *not* read. 
434        INFO  main            d.u.i.k.p.r.p.TestFile    Now processing file /home/runner/work/key/key/key.core/../key.ui/examples/heap/quicksort/toplevel.key 
556        INFO  main            d.u.i.k.p.i.AbstractProblemLoader Loading environment from /home/runner/work/key/key/key.core/../key.ui/examples/heap/quicksort/toplevel.key 
583        DEBUG main            d.u.i.k.p.i.AbstractProblemLoader Environment load took 4.86ms 
835        INFO  main            d.u.i.k.p.i.AbstractProblemLoader Creating init config 
1822       DEBUG main            d.u.i.k.j.TypeConverter   No LDT found for Meta 
1822       DEBUG main            d.u.i.k.j.TypeConverter   No LDT found for Meta 
1825       DEBUG main            d.u.i.k.j.TypeConverter   No LDT found for Meta 
1826       DEBUG main            d.u.i.k.j.TypeConverter   No LDT found for Meta 
3454       DEBUG main            d.u.i.k.j.TypeConverter   No LDT found for JavaBigintExpression 
8863       DEBUG main            d.u.i.k.p.i.AbstractProblemLoader Init config took 8.03s 
8989       INFO  main            d.u.i.k.p.i.AbstractProblemLoader Replaying proof Quicksort[Quicksort::sort([I)].JML normal_behavior operation contract.0 
9059       DEBUG main            d.u.i.k.p.i.IntermediateProofReplayer Proof replay took 41ns 
10203      INFO  main            d.u.i.k.p.r.p.TestFile    ... finished proof: closed. 
10343      INFO  main            d.u.i.k.p.i.AbstractProblemLoader Loading environment from /home/runner/work/key/key/key.core/../key.ui/examples/heap/quicksort/toplevel.key.proof 
10350      DEBUG main            d.u.i.k.p.i.AbstractProblemLoader Environment load took 7.39ms 
10353      INFO  main            d.u.i.k.p.i.AbstractProblemLoader Creating init config 
13369      DEBUG main            d.u.i.k.p.i.AbstractProblemLoader Init config took 3.02s 
13465      INFO  main            d.u.i.k.p.i.AbstractProblemLoader Replaying proof Quicksort[Quicksort::sort([I)].JML normal_behavior operation contract.0 
13653      DEBUG main            d.u.i.k.p.i.IntermediateProofReplayer Proof replay took 179.6ms 
13662      DEBUG main            d.u.i.k.p.r.p.TestFile    ... success: reloaded. 
13670      INFO  main            d.u.i.k.p.r.p.TestFile    Now processing file /home/runner/work/key/key/key.core/../key.ui/examples/heap/quicksort/sort.key 
13671      INFO  main            d.u.i.k.p.i.AbstractProblemLoader Loading environment from /home/runner/work/key/key/key.core/../key.ui/examples/heap/quicksort/sort.key 
13671      DEBUG main            d.u.i.k.p.i.AbstractProblemLoader Environment load took 183.1ns 
13674      INFO  main            d.u.i.k.p.i.AbstractProblemLoader Creating init config 
16572      DEBUG main            d.u.i.k.p.i.AbstractProblemLoader Init config took 2.9s 
16657      INFO  main            d.u.i.k.p.i.AbstractProblemLoader Replaying proof Quicksort[Quicksort::sort([I,int,int)].JML normal_behavior operation contract.0 
16661      DEBUG main            d.u.i.k.p.i.IntermediateProofReplayer Proof replay took 8.5ns 
16688      DEBUG main            d.u.i.k.m.s.ProofScriptEngine 1: 'script 'sort.script'' 
16691      INFO  main            d.u.i.k.m.s.ProofScriptCommand Included script /home/runner/work/key/key/key.core/../key.ui/examples/heap/quicksort/sort.script 
16692      DEBUG main            d.u.i.k.m.s.ProofScriptEngine 1: 'macro autopilot-prep' 
17773      DEBUG main            d.u.i.k.m.s.ProofScriptEngine 2: 'select formula="{heapAtPre:=heap || exc:=null || heap:=heapAfter_sort_0}
   seq ...' 
17777      DEBUG main            d.u.i.k.m.s.ProofScriptEngine 3: 'macro simp-upd' 
17788      DEBUG main            d.u.i.k.m.s.ProofScriptEngine 4: 'let   @seqPre="seqDef{int u;}(0, array.length, array[u])"
    @seqSplit="seqDef ...' 
17793      DEBUG main            d.u.i.k.m.s.ProofScriptEngine 5: 'rule seqPermSym 
  formula="seqPerm(@seqSplit, @seqPre)"' 
17811      DEBUG main            d.u.i.k.m.s.ProofScriptEngine 6: 'rule seqPermSym
  formula="seqPerm(@seqSort, @seqSplit)"' 
17814      DEBUG main            d.u.i.k.m.s.ProofScriptEngine 7: 'rule seqPermSym
  formula="seqPerm(@seqSort0, @seqSort)"' 
17816      DEBUG main            d.u.i.k.m.s.ProofScriptEngine 8: 'rule seqPermTrans
  formula="seqPerm(@seqPre, @seqSplit)"' 
17816      DEBUG main            d.u.i.k.m.s.ProofScriptEngine 9: 'rule seqPermTrans
  formula="seqPerm(@seqPre, @seqSort)"' 
17818      DEBUG main            d.u.i.k.m.s.ProofScriptEngine 10: 'rule seqPermSym
  formula="seqPerm(@seqPre, @seqSort0)"' 
17819      DEBUG main            d.u.i.k.m.s.ProofScriptEngine 11: 'tryclose' 
45247      INFO  main            d.u.i.k.p.r.p.TestFile    ... finished proof: closed. 
45559      INFO  main            d.u.i.k.p.i.AbstractProblemLoader Loading environment from /home/runner/work/key/key/key.core/../key.ui/examples/heap/quicksort/sort.key.proof 
45559      DEBUG main            d.u.i.k.p.i.AbstractProblemLoader Environment load took 249.5ns 
45570      INFO  main            d.u.i.k.p.i.AbstractProblemLoader Creating init config 
48343      DEBUG main            d.u.i.k.p.i.AbstractProblemLoader Init config took 2.77s 
48394      INFO  main            d.u.i.k.p.i.AbstractProblemLoader Replaying proof Quicksort[Quicksort::sort([I,int,int)].JML normal_behavior operation contract.0 
50622      DEBUG main            d.u.i.k.p.i.IntermediateProofReplayer Proof replay took 2.12s 
50639      DEBUG main            d.u.i.k.p.r.p.TestFile    ... success: reloaded. 
50641      INFO  main            d.u.i.k.p.r.p.TestFile    Now processing file /home/runner/work/key/key/key.core/../key.ui/examples/heap/quicksort/split.key 
50642      INFO  main            d.u.i.k.p.i.AbstractProblemLoader Loading environment from /home/runner/work/key/key/key.core/../key.ui/examples/heap/quicksort/split.key 
50642      DEBUG main            d.u.i.k.p.i.AbstractProblemLoader Environment load took 261.5ns 
50643      INFO  main            d.u.i.k.p.i.AbstractProblemLoader Creating init config 
53663      DEBUG main            d.u.i.k.p.i.AbstractProblemLoader Init config took 3.02s 
53710      INFO  main            d.u.i.k.p.i.AbstractProblemLoader Replaying proof Quicksort[Quicksort::split([I,int,int)].JML normal_behavior operation contract.0 
53713      DEBUG main            d.u.i.k.p.i.IntermediateProofReplayer Proof replay took 7.2ns 
53714      DEBUG main            d.u.i.k.m.s.ProofScriptEngine 1: 'macro autopilot-prep' 
55007      DEBUG main            d.u.i.k.m.s.ProofScriptEngine 2: 'tryclose' 
94222      DEBUG main            d.u.i.k.m.s.ProofScriptEngine 3: 'macro simp-upd' 
94337      DEBUG main            d.u.i.k.m.s.ProofScriptEngine 4: 'rule seqPermFromSwap' 
94354      DEBUG main            d.u.i.k.m.s.ProofScriptEngine 5: 'rule andRight' 
94357      DEBUG main            d.u.i.k.m.s.ProofScriptEngine 6: 'auto' 
94388      DEBUG main            d.u.i.k.m.s.ProofScriptEngine 7: 'instantiate hide var=iv with=i_0' 
94393      DEBUG main            d.u.i.k.m.s.ProofScriptEngine 8: 'instantiate hide var=jv with=j_0' 
94395      DEBUG main            d.u.i.k.m.s.ProofScriptEngine 9: 'auto' 
101332     DEBUG main            d.u.i.k.m.s.ProofScriptEngine 10: 'macro simp-upd' 
101467     DEBUG main            d.u.i.k.m.s.ProofScriptEngine 11: 'rule seqPermFromSwap' 
101471     DEBUG main            d.u.i.k.m.s.ProofScriptEngine 12: 'rule andRight' 
101473     DEBUG main            d.u.i.k.m.s.ProofScriptEngine 13: 'auto' 
101492     DEBUG main            d.u.i.k.m.s.ProofScriptEngine 14: 'instantiate hide var=iv with=i_0' 
101496     DEBUG main            d.u.i.k.m.s.ProofScriptEngine 15: 'instantiate hide var=jv with=to' 
101498     DEBUG main            d.u.i.k.m.s.ProofScriptEngine 16: 'auto' 
106877     INFO  main            d.u.i.k.p.r.p.TestFile    ... finished proof: closed. 
107459     INFO  main            d.u.i.k.p.i.AbstractProblemLoader Loading environment from /home/runner/work/key/key/key.core/../key.ui/examples/heap/quicksort/split.key.proof 
107459     DEBUG main            d.u.i.k.p.i.AbstractProblemLoader Environment load took 566.51ns 
107472     INFO  main            d.u.i.k.p.i.AbstractProblemLoader Creating init config 
110117     DEBUG main            d.u.i.k.p.i.AbstractProblemLoader Init config took 2.65s 
110185     INFO  main            d.u.i.k.p.i.AbstractProblemLoader Replaying proof Quicksort[Quicksort::split([I,int,int)].JML normal_behavior operation contract.0 
113898     DEBUG main            d.u.i.k.p.i.IntermediateProofReplayer Proof replay took 3.51s 
113922     DEBUG main            d.u.i.k.p.r.p.TestFile    ... success: reloaded. 
1713616    INFO  Test worker     d.u.i.k.p.r.RunAllProofsTestUnit Returning from test quicksort 
1713617    INFO  Test worker     d.u.i.k.p.r.RunAllProofsTestUnit Running test simpleTests 
373        INFO  Timeout watchdog d.u.i.k.p.r.p.ForkedTestFileRunner Timeout watcher launched (2000 secs.) 
376        WARN  main            d.u.i.k.s.ProofSettings   The settings in /home/runner/.key/proof-settings.props are *not* read. 
403        INFO  main            d.u.i.k.p.r.p.TestFile    Now processing file /home/runner/work/key/key/key.core/../key.ui/examples/heap/simple/anonymise_datagroup.key 
508        INFO  main            d.u.i.k.p.i.AbstractProblemLoader Loading environment from /home/runner/work/key/key/key.core/../key.ui/examples/heap/simple/anonymise_datagroup.key 
530        DEBUG main            d.u.i.k.p.i.AbstractProblemLoader Environment load took 1.86ms 
778        INFO  main            d.u.i.k.p.i.AbstractProblemLoader Creating init config 
1766       DEBUG main            d.u.i.k.j.TypeConverter   No LDT found for Meta 
1766       DEBUG main            d.u.i.k.j.TypeConverter   No LDT found for Meta 
1769       DEBUG main            d.u.i.k.j.TypeConverter   No LDT found for Meta 
1769       DEBUG main            d.u.i.k.j.TypeConverter   No LDT found for Meta 
3494       DEBUG main            d.u.i.k.j.TypeConverter   No LDT found for JavaBigintExpression 
8315       DEBUG main            d.u.i.k.p.i.AbstractProblemLoader Init config took 7.54s 
8375       INFO  main            d.u.i.k.p.i.AbstractProblemLoader Replaying proof anonymise_datagroup.key 
8408       DEBUG main            d.u.i.k.p.i.IntermediateProofReplayer Proof replay took 35.2ns 
8682       INFO  main            d.u.i.k.p.r.p.TestFile    ... finished proof: closed. 
8784       INFO  main            d.u.i.k.p.i.AbstractProblemLoader Loading environment from /home/runner/work/key/key/key.core/../key.ui/examples/heap/simple/anonymise_datagroup.key.proof 
8784       DEBUG main            d.u.i.k.p.i.AbstractProblemLoader Environment load took 177.61ns 
8789       INFO  main            d.u.i.k.p.i.AbstractProblemLoader Creating init config 
11527      DEBUG main            d.u.i.k.p.i.AbstractProblemLoader Init config took 2.74s 
11558      INFO  main            d.u.i.k.p.i.AbstractProblemLoader Replaying proof anonymise_datagroup.key.proof 
11571      DEBUG main            d.u.i.k.p.i.IntermediateProofReplayer Proof replay took 8.52ms 
11582      DEBUG main            d.u.i.k.p.r.p.TestFile    ... success: reloaded. 
11583      INFO  main            d.u.i.k.p.r.p.TestFile    Now processing file /home/runner/work/key/key/key.core/../key.ui/examples/heap/simple/array_creation.key 
11583      INFO  main            d.u.i.k.p.i.AbstractProblemLoader Loading environment from /home/runner/work/key/key/key.core/../key.ui/examples/heap/simple/array_creation.key 
11584      DEBUG main            d.u.i.k.p.i.AbstractProblemLoader Environment load took 240.7ns 
11586      INFO  main            d.u.i.k.p.i.AbstractProblemLoader Creating init config 
14141      DEBUG main            d.u.i.k.p.i.AbstractProblemLoader Init config took 2.56s 
14174      INFO  main            d.u.i.k.p.i.AbstractProblemLoader Replaying proof array_creation.key 
14178      DEBUG main            d.u.i.k.p.i.IntermediateProofReplayer Proof replay took 6.4ns 
14789      INFO  main            d.u.i.k.p.r.p.TestFile    ... finished proof: closed. 
14949      INFO  main            d.u.i.k.p.i.AbstractProblemLoader Loading environment from /home/runner/work/key/key/key.core/../key.ui/examples/heap/simple/array_creation.key.proof 
14951      DEBUG main            d.u.i.k.p.i.AbstractProblemLoader Environment load took 1.69ms 
14955      INFO  main            d.u.i.k.p.i.AbstractProblemLoader Creating init config 
17473      DEBUG main            d.u.i.k.p.i.AbstractProblemLoader Init config took 2.52s 
17500      INFO  main            d.u.i.k.p.i.AbstractProblemLoader Replaying proof array_creation.key.proof 
17604      DEBUG main            d.u.i.k.p.i.IntermediateProofReplayer Proof replay took 99.08ms 
17606      DEBUG main            d.u.i.k.p.r.p.TestFile    ... success: reloaded. 
17607      INFO  main            d.u.i.k.p.r.p.TestFile    Now processing file /home/runner/work/key/key/key.core/../key.ui/examples/heap/simple/arrays_with_disjoint_sorts.key 
17607      INFO  main            d.u.i.k.p.i.AbstractProblemLoader Loading environment from /home/runner/work/key/key/key.core/../key.ui/examples/heap/simple/arrays_with_disjoint_sorts.key 
17608      DEBUG main            d.u.i.k.p.i.AbstractProblemLoader Environment load took 225.2ns 
17609      INFO  main            d.u.i.k.p.i.AbstractProblemLoader Creating init config 
20152      DEBUG main            d.u.i.k.p.i.AbstractProblemLoader Init config took 2.54s 
20182      INFO  main            d.u.i.k.p.i.AbstractProblemLoader Replaying proof arrays_with_disjoint_sorts.key 
20187      DEBUG main            d.u.i.k.p.i.IntermediateProofReplayer Proof replay took 6.9ns 
20393      INFO  main            d.u.i.k.p.r.p.TestFile    ... finished proof: closed. 
20595      INFO  main            d.u.i.k.p.i.AbstractProblemLoader Loading environment from /home/runner/work/key/key/key.core/../key.ui/examples/heap/simple/arrays_with_disjoint_sorts.key.proof 
20596      DEBUG main            d.u.i.k.p.i.AbstractProblemLoader Environment load took 362.6ns 
20600      INFO  main            d.u.i.k.p.i.AbstractProblemLoader Creating init config 
23068      DEBUG main            d.u.i.k.p.i.AbstractProblemLoader Init config took 2.47s 
23091      INFO  main            d.u.i.k.p.i.AbstractProblemLoader Replaying proof arrays_with_disjoint_sorts.key.proof 
23132      DEBUG main            d.u.i.k.p.i.IntermediateProofReplayer Proof replay took 32.55ms 
23134      DEBUG main            d.u.i.k.p.r.p.TestFile    ... success: reloaded. 
23135      INFO  main            d.u.i.k.p.r.p.TestFile    Now processing file /home/runner/work/key/key/key.core/../key.ui/examples/heap/simple/arrays.key 
23135      INFO  main            d.u.i.k.p.i.AbstractProblemLoader Loading environment from /home/runner/work/key/key/key.core/../key.ui/examples/heap/simple/arrays.key 
23135      DEBUG main            d.u.i.k.p.i.AbstractProblemLoader Environment load took 227.9ns 
23137      INFO  main            d.u.i.k.p.i.AbstractProblemLoader Creating init config 
25646      DEBUG main            d.u.i.k.p.i.AbstractProblemLoader Init config took 2.51s 
25669      INFO  main            d.u.i.k.p.i.AbstractProblemLoader Replaying proof arrays.key 
25683      DEBUG main            d.u.i.k.p.i.IntermediateProofReplayer Proof replay took 17.4ns 
25891      INFO  main            d.u.i.k.p.r.p.TestFile    ... finished proof: closed. 
26123      INFO  main            d.u.i.k.p.i.AbstractProblemLoader Loading environment from /home/runner/work/key/key/key.core/../key.ui/examples/heap/simple/arrays.key.proof 
26123      DEBUG main            d.u.i.k.p.i.AbstractProblemLoader Environment load took 142.9ns 
26128      INFO  main            d.u.i.k.p.i.AbstractProblemLoader Creating init config 
28546      DEBUG main            d.u.i.k.p.i.AbstractProblemLoader Init config took 2.42s 
28569      INFO  main            d.u.i.k.p.i.AbstractProblemLoader Replaying proof arrays.key.proof 
28590      DEBUG main            d.u.i.k.p.i.IntermediateProofReplayer Proof replay took 18.22ms 
28591      DEBUG main            d.u.i.k.p.r.p.TestFile    ... success: reloaded. 
28593      INFO  main            d.u.i.k.p.r.p.TestFile    Now processing file /home/runner/work/key/key/key.core/../key.ui/examples/heap/simple/attributes.key 
28593      INFO  main            d.u.i.k.p.i.AbstractProblemLoader Loading environment from /home/runner/work/key/key/key.core/../key.ui/examples/heap/simple/attributes.key 
28594      DEBUG main            d.u.i.k.p.i.AbstractProblemLoader Environment load took 237.1ns 
28595      INFO  main            d.u.i.k.p.i.AbstractProblemLoader Creating init config 
31093      DEBUG main            d.u.i.k.p.i.AbstractProblemLoader Init config took 2.5s 
31119      INFO  main            d.u.i.k.p.i.AbstractProblemLoader Replaying proof attributes.key 
31121      DEBUG main            d.u.i.k.p.i.IntermediateProofReplayer Proof replay took 6.6ns 
31226      INFO  main            d.u.i.k.p.r.p.TestFile    ... finished proof: closed. 
31386      INFO  main            d.u.i.k.p.i.AbstractProblemLoader Loading environment from /home/runner/work/key/key/key.core/../key.ui/examples/heap/simple/attributes.key.proof 
31386      DEBUG main            d.u.i.k.p.i.AbstractProblemLoader Environment load took 147.2ns 
31387      INFO  main            d.u.i.k.p.i.AbstractProblemLoader Creating init config 
33817      DEBUG main            d.u.i.k.p.i.AbstractProblemLoader Init config took 2.43s 
33839      INFO  main            d.u.i.k.p.i.AbstractProblemLoader Replaying proof attributes.key.proof 
33843      DEBUG main            d.u.i.k.p.i.IntermediateProofReplayer Proof replay took 1.73ms 
33844      DEBUG main            d.u.i.k.p.r.p.TestFile    ... success: reloaded. 
33845      INFO  main            d.u.i.k.p.r.p.TestFile    Now processing file /home/runner/work/key/key/key.core/../key.ui/examples/heap/simple/constructor_contracts.key 
33846      INFO  main            d.u.i.k.p.i.AbstractProblemLoader Loading environment from /home/runner/work/key/key/key.core/../key.ui/examples/heap/simple/constructor_contracts.key 
33846      DEBUG main            d.u.i.k.p.i.AbstractProblemLoader Environment load took 223.5ns 
33848      INFO  main            d.u.i.k.p.i.AbstractProblemLoader Creating init config 
36728      DEBUG main            d.u.i.k.p.i.AbstractProblemLoader Init config took 2.88s 
36749      INFO  main            d.u.i.k.p.i.AbstractProblemLoader Replaying proof constructor_contracts.key 
36751      DEBUG main            d.u.i.k.p.i.IntermediateProofReplayer Proof replay took 7.1ns 
37260      INFO  main            d.u.i.k.p.r.p.TestFile    ... finished proof: open goal(s) 
37529      INFO  main            d.u.i.k.p.r.p.TestFile    Now processing file /home/runner/work/key/key/key.core/../key.ui/examples/heap/simple/dependencies.key 
37530      INFO  main            d.u.i.k.p.i.AbstractProblemLoader Loading environment from /home/runner/work/key/key/key.core/../key.ui/examples/heap/simple/dependencies.key 
37530      DEBUG main            d.u.i.k.p.i.AbstractProblemLoader Environment load took 295.6ns 
37532      INFO  main            d.u.i.k.p.i.AbstractProblemLoader Creating init config 
40015      DEBUG main            d.u.i.k.p.i.AbstractProblemLoader Init config took 2.48s 
40034      INFO  main            d.u.i.k.p.i.AbstractProblemLoader Replaying proof dependencies.key 
40036      DEBUG main            d.u.i.k.p.i.IntermediateProofReplayer Proof replay took 9.8ns 
40139      INFO  main            d.u.i.k.p.r.p.TestFile    ... finished proof: closed. 
40307      INFO  main            d.u.i.k.p.i.AbstractProblemLoader Loading environment from /home/runner/work/key/key/key.core/../key.ui/examples/heap/simple/dependencies.key.proof 
40307      DEBUG main            d.u.i.k.p.i.AbstractProblemLoader Environment load took 141.1ns 
40310      INFO  main            d.u.i.k.p.i.AbstractProblemLoader Creating init config 
42747      DEBUG main            d.u.i.k.p.i.AbstractProblemLoader Init config took 2.44s 
42766      INFO  main            d.u.i.k.p.i.AbstractProblemLoader Replaying proof dependencies.key.proof 
42777      DEBUG main            d.u.i.k.p.i.IntermediateProofReplayer Proof replay took 8.63ms 
42778      DEBUG main            d.u.i.k.p.r.p.TestFile    ... success: reloaded. 
42779      INFO  main            d.u.i.k.p.r.p.TestFile    Now processing file /home/runner/work/key/key/key.core/../key.ui/examples/heap/simple/dependency_contracts.key 
42779      INFO  main            d.u.i.k.p.i.AbstractProblemLoader Loading environment from /home/runner/work/key/key/key.core/../key.ui/examples/heap/simple/dependency_contracts.key 
42779      DEBUG main            d.u.i.k.p.i.AbstractProblemLoader Environment load took 222.8ns 
42781      INFO  main            d.u.i.k.p.i.AbstractProblemLoader Creating init config 
45489      DEBUG main            d.u.i.k.p.i.AbstractProblemLoader Init config took 2.71s 
45509      INFO  main            d.u.i.k.p.i.AbstractProblemLoader Replaying proof dependency_contracts.key 
45511      DEBUG main            d.u.i.k.p.i.IntermediateProofReplayer Proof replay took 9.7ns 
45920      INFO  main            d.u.i.k.p.r.p.TestFile    ... finished proof: open goal(s) 
46133      INFO  main            d.u.i.k.p.r.p.TestFile    Now processing file /home/runner/work/key/key/key.core/../key.ui/examples/heap/simple/invariant_preservation.key 
46134      INFO  main            d.u.i.k.p.i.AbstractProblemLoader Loading environment from /home/runner/work/key/key/key.core/../key.ui/examples/heap/simple/invariant_preservation.key 
46134      DEBUG main            d.u.i.k.p.i.AbstractProblemLoader Environment load took 76.3ns 
46135      INFO  main            d.u.i.k.p.i.AbstractProblemLoader Creating init config 
48806      DEBUG main            d.u.i.k.p.i.AbstractProblemLoader Init config took 2.67s 
48826      INFO  main            d.u.i.k.p.i.AbstractProblemLoader Replaying proof invariant_preservation.key 
48828      DEBUG main            d.u.i.k.p.i.IntermediateProofReplayer Proof replay took 8.4ns 
49034      INFO  main            d.u.i.k.p.r.p.TestFile    ... finished proof: open goal(s) 
49222      INFO  main            d.u.i.k.p.r.p.TestFile    Now processing file /home/runner/work/key/key/key.core/../key.ui/examples/heap/simple/locsets.key 
49222      INFO  main            d.u.i.k.p.i.AbstractProblemLoader Loading environment from /home/runner/work/key/key/key.core/../key.ui/examples/heap/simple/locsets.key 
49223      DEBUG main            d.u.i.k.p.i.AbstractProblemLoader Environment load took 136.3ns 
49224      INFO  main            d.u.i.k.p.i.AbstractProblemLoader Creating init config 
51610      DEBUG main            d.u.i.k.p.i.AbstractProblemLoader Init config took 2.39s 
51629      INFO  main            d.u.i.k.p.i.AbstractProblemLoader Replaying proof locsets.key 
51631      DEBUG main            d.u.i.k.p.i.IntermediateProofReplayer Proof replay took 7.5ns 
51733      INFO  main            d.u.i.k.p.r.p.TestFile    ... finished proof: closed. 
51909      INFO  main            d.u.i.k.p.i.AbstractProblemLoader Loading environment from /home/runner/work/key/key/key.core/../key.ui/examples/heap/simple/locsets.key.proof 
51909      DEBUG main            d.u.i.k.p.i.AbstractProblemLoader Environment load took 137.2ns 
51910      INFO  main            d.u.i.k.p.i.AbstractProblemLoader Creating init config 
54309      DEBUG main            d.u.i.k.p.i.AbstractProblemLoader Init config took 2.4s 
54347      INFO  main            d.u.i.k.p.i.AbstractProblemLoader Replaying proof locsets.key.proof 
54357      DEBUG main            d.u.i.k.p.i.IntermediateProofReplayer Proof replay took 1.79ms 
54358      DEBUG main            d.u.i.k.p.r.p.TestFile    ... success: reloaded. 
54359      INFO  main            d.u.i.k.p.r.p.TestFile    Now processing file /home/runner/work/key/key/key.core/../key.ui/examples/heap/simple/loop1.key 
54359      INFO  main            d.u.i.k.p.i.AbstractProblemLoader Loading environment from /home/runner/work/key/key/key.core/../key.ui/examples/heap/simple/loop1.key 
54359      DEBUG main            d.u.i.k.p.i.AbstractProblemLoader Environment load took 119.7ns 
54361      INFO  main            d.u.i.k.p.i.AbstractProblemLoader Creating init config 
57050      DEBUG main            d.u.i.k.p.i.AbstractProblemLoader Init config took 2.69s 
57069      INFO  main            d.u.i.k.p.i.AbstractProblemLoader Replaying proof loop1.key 
57071      DEBUG main            d.u.i.k.p.i.IntermediateProofReplayer Proof replay took 7.9ns 
57274      INFO  main            d.u.i.k.p.r.p.TestFile    ... finished proof: closed. 
57488      INFO  main            d.u.i.k.p.i.AbstractProblemLoader Loading environment from /home/runner/work/key/key/key.core/../key.ui/examples/heap/simple/loop1.key.proof 
57488      DEBUG main            d.u.i.k.p.i.AbstractProblemLoader Environment load took 133.6ns 
57489      INFO  main            d.u.i.k.p.i.AbstractProblemLoader Creating init config 
60139      DEBUG main            d.u.i.k.p.i.AbstractProblemLoader Init config took 2.65s 
60158      INFO  main            d.u.i.k.p.i.AbstractProblemLoader Replaying proof loop1.key.proof 
60227      DEBUG main            d.u.i.k.p.i.IntermediateProofReplayer Proof replay took 66.3ms 
60228      DEBUG main            d.u.i.k.p.r.p.TestFile    ... success: reloaded. 
60229      INFO  main            d.u.i.k.p.r.p.TestFile    Now processing file /home/runner/work/key/key/key.core/../key.ui/examples/heap/simple/loop2.key 
60229      INFO  main            d.u.i.k.p.i.AbstractProblemLoader Loading environment from /home/runner/work/key/key/key.core/../key.ui/examples/heap/simple/loop2.key 
60230      DEBUG main            d.u.i.k.p.i.AbstractProblemLoader Environment load took 113.2ns 
60231      INFO  main            d.u.i.k.p.i.AbstractProblemLoader Creating init config 
62914      DEBUG main            d.u.i.k.p.i.AbstractProblemLoader Init config took 2.68s 
62934      INFO  main            d.u.i.k.p.i.AbstractProblemLoader Replaying proof loop2.key 
62939      DEBUG main            d.u.i.k.p.i.IntermediateProofReplayer Proof replay took 9.7ns 
63544      INFO  main            d.u.i.k.p.r.p.TestFile    ... finished proof: closed. 
63772      INFO  main            d.u.i.k.p.i.AbstractProblemLoader Loading environment from /home/runner/work/key/key/key.core/../key.ui/examples/heap/simple/loop2.key.proof 
63774      DEBUG main            d.u.i.k.p.i.AbstractProblemLoader Environment load took 1.81ms 
63776      INFO  main            d.u.i.k.p.i.AbstractProblemLoader Creating init config 
66402      DEBUG main            d.u.i.k.p.i.AbstractProblemLoader Init config took 2.63s 
66434      INFO  main            d.u.i.k.p.i.AbstractProblemLoader Replaying proof loop2.key.proof 
66576      DEBUG main            d.u.i.k.p.i.IntermediateProofReplayer Proof replay took 136.01ms 
66577      DEBUG main            d.u.i.k.p.r.p.TestFile    ... success: reloaded. 
66579      INFO  main            d.u.i.k.p.r.p.TestFile    Now processing file /home/runner/work/key/key/key.core/../key.ui/examples/heap/simple/modifies_datagroup.key 
66579      INFO  main            d.u.i.k.p.i.AbstractProblemLoader Loading environment from /home/runner/work/key/key/key.core/../key.ui/examples/heap/simple/modifies_datagroup.key 
66579      DEBUG main            d.u.i.k.p.i.AbstractProblemLoader Environment load took 220ns 
66581      INFO  main            d.u.i.k.p.i.AbstractProblemLoader Creating init config 
69023      DEBUG main            d.u.i.k.p.i.AbstractProblemLoader Init config took 2.44s 
69040      INFO  main            d.u.i.k.p.i.AbstractProblemLoader Replaying proof modifies_datagroup.key 
69041      DEBUG main            d.u.i.k.p.i.IntermediateProofReplayer Proof replay took 6.6ns 
69146      INFO  main            d.u.i.k.p.r.p.TestFile    ... finished proof: closed. 
69373      INFO  main            d.u.i.k.p.i.AbstractProblemLoader Loading environment from /home/runner/work/key/key/key.core/../key.ui/examples/heap/simple/modifies_datagroup.key.proof 
69373      DEBUG main            d.u.i.k.p.i.AbstractProblemLoader Environment load took 144.7ns 
69374      INFO  main            d.u.i.k.p.i.AbstractProblemLoader Creating init config 
71745      DEBUG main            d.u.i.k.p.i.AbstractProblemLoader Init config took 2.37s 
71762      INFO  main            d.u.i.k.p.i.AbstractProblemLoader Replaying proof modifies_datagroup.key.proof 
71767      DEBUG main            d.u.i.k.p.i.IntermediateProofReplayer Proof replay took 3.35ms 
71769      DEBUG main            d.u.i.k.p.r.p.TestFile    ... success: reloaded. 
71769      INFO  main            d.u.i.k.p.r.p.TestFile    Now processing file /home/runner/work/key/key/key.core/../key.ui/examples/heap/simple/modifies.key 
71770      INFO  main            d.u.i.k.p.i.AbstractProblemLoader Loading environment from /home/runner/work/key/key/key.core/../key.ui/examples/heap/simple/modifies.key 
71770      DEBUG main            d.u.i.k.p.i.AbstractProblemLoader Environment load took 228.3ns 
71772      INFO  main            d.u.i.k.p.i.AbstractProblemLoader Creating init config 
74182      DEBUG main            d.u.i.k.p.i.AbstractProblemLoader Init config took 2.41s 
74199      INFO  main            d.u.i.k.p.i.AbstractProblemLoader Replaying proof modifies.key 
74200      DEBUG main            d.u.i.k.p.i.IntermediateProofReplayer Proof replay took 9.8ns 
74303      INFO  main            d.u.i.k.p.r.p.TestFile    ... finished proof: closed. 
74524      INFO  main            d.u.i.k.p.i.AbstractProblemLoader Loading environment from /home/runner/work/key/key/key.core/../key.ui/examples/heap/simple/modifies.key.proof 
74524      DEBUG main            d.u.i.k.p.i.AbstractProblemLoader Environment load took 144ns 
74529      INFO  main            d.u.i.k.p.i.AbstractProblemLoader Creating init config 
76903      DEBUG main            d.u.i.k.p.i.AbstractProblemLoader Init config took 2.37s 
76919      INFO  main            d.u.i.k.p.i.AbstractProblemLoader Replaying proof modifies.key.proof 
76933      DEBUG main            d.u.i.k.p.i.IntermediateProofReplayer Proof replay took 10.86ms 
76936      DEBUG main            d.u.i.k.p.r.p.TestFile    ... success: reloaded. 
76937      INFO  main            d.u.i.k.p.r.p.TestFile    Now processing file /home/runner/work/key/key/key.core/../key.ui/examples/heap/simple/object_creation.key 
76937      INFO  main            d.u.i.k.p.i.AbstractProblemLoader Loading environment from /home/runner/work/key/key/key.core/../key.ui/examples/heap/simple/object_creation.key 
76938      DEBUG main            d.u.i.k.p.i.AbstractProblemLoader Environment load took 225.2ns 
76939      INFO  main            d.u.i.k.p.i.AbstractProblemLoader Creating init config 
79365      DEBUG main            d.u.i.k.p.i.AbstractProblemLoader Init config took 2.43s 
79382      INFO  main            d.u.i.k.p.i.AbstractProblemLoader Replaying proof object_creation.key 
79384      DEBUG main            d.u.i.k.p.i.IntermediateProofReplayer Proof replay took 8ns 
79587      INFO  main            d.u.i.k.p.r.p.TestFile    ... finished proof: closed. 
79820      INFO  main            d.u.i.k.p.i.AbstractProblemLoader Loading environment from /home/runner/work/key/key/key.core/../key.ui/examples/heap/simple/object_creation.key.proof 
79820      DEBUG main            d.u.i.k.p.i.AbstractProblemLoader Environment load took 136.6ns 
79821      INFO  main            d.u.i.k.p.i.AbstractProblemLoader Creating init config 
82174      DEBUG main            d.u.i.k.p.i.AbstractProblemLoader Init config took 2.35s 
82196      INFO  main            d.u.i.k.p.i.AbstractProblemLoader Replaying proof object_creation.key.proof 
82255      DEBUG main            d.u.i.k.p.i.IntermediateProofReplayer Proof replay took 55.62ms 
82256      DEBUG main            d.u.i.k.p.r.p.TestFile    ... success: reloaded. 
82257      INFO  main            d.u.i.k.p.r.p.TestFile    Now processing file /home/runner/work/key/key/key.core/../key.ui/examples/heap/simple/operation_contracts.key 
82258      INFO  main            d.u.i.k.p.i.AbstractProblemLoader Loading environment from /home/runner/work/key/key/key.core/../key.ui/examples/heap/simple/operation_contracts.key 
82258      DEBUG main            d.u.i.k.p.i.AbstractProblemLoader Environment load took 105ns 
82259      INFO  main            d.u.i.k.p.i.AbstractProblemLoader Creating init config 
84962      DEBUG main            d.u.i.k.p.i.AbstractProblemLoader Init config took 2.7s 
84980      INFO  main            d.u.i.k.p.i.AbstractProblemLoader Replaying proof operation_contracts.key 
84982      DEBUG main            d.u.i.k.p.i.IntermediateProofReplayer Proof replay took 6.9ns 
86204      INFO  main            d.u.i.k.p.r.p.TestFile    ... finished proof: open goal(s) 
86450      INFO  main            d.u.i.k.p.r.p.TestFile    Now processing file /home/runner/work/key/key/key.core/../key.ui/examples/heap/simple/select_store.key 
86450      INFO  main            d.u.i.k.p.i.AbstractProblemLoader Loading environment from /home/runner/work/key/key/key.core/../key.ui/examples/heap/simple/select_store.key 
86450      DEBUG main            d.u.i.k.p.i.AbstractProblemLoader Environment load took 78.3ns 
86451      INFO  main            d.u.i.k.p.i.AbstractProblemLoader Creating init config 
88817      DEBUG main            d.u.i.k.p.i.AbstractProblemLoader Init config took 2.37s 
88833      INFO  main            d.u.i.k.p.i.AbstractProblemLoader Replaying proof select_store.key 
88835      DEBUG main            d.u.i.k.p.i.IntermediateProofReplayer Proof replay took 8.3ns 
88938      INFO  main            d.u.i.k.p.r.p.TestFile    ... finished proof: closed. 
89175      INFO  main            d.u.i.k.p.i.AbstractProblemLoader Loading environment from /home/runner/work/key/key/key.core/../key.ui/examples/heap/simple/select_store.key.proof 
89175      DEBUG main            d.u.i.k.p.i.AbstractProblemLoader Environment load took 127.7ns 
89176      INFO  main            d.u.i.k.p.i.AbstractProblemLoader Creating init config 
91517      DEBUG main            d.u.i.k.p.i.AbstractProblemLoader Init config took 2.34s 
91533      INFO  main            d.u.i.k.p.i.AbstractProblemLoader Replaying proof select_store.key.proof 
91536      DEBUG main            d.u.i.k.p.i.IntermediateProofReplayer Proof replay took 2.37ms 
91538      DEBUG main            d.u.i.k.p.r.p.TestFile    ... success: reloaded. 
91538      INFO  main            d.u.i.k.p.r.p.TestFile    Now processing file /home/runner/work/key/key/key.core/../key.ui/examples/heap/simple/selection_sort.key 
91538      INFO  main            d.u.i.k.p.i.AbstractProblemLoader Loading environment from /home/runner/work/key/key/key.core/../key.ui/examples/heap/simple/selection_sort.key 
91539      DEBUG main            d.u.i.k.p.i.AbstractProblemLoader Environment load took 97.9ns 
91540      INFO  main            d.u.i.k.p.i.AbstractProblemLoader Creating init config 
94197      DEBUG main            d.u.i.k.p.i.AbstractProblemLoader Init config took 2.66s 
94213      INFO  main            d.u.i.k.p.i.AbstractProblemLoader Replaying proof selection_sort.key 
94216      DEBUG main            d.u.i.k.p.i.IntermediateProofReplayer Proof replay took 7.6ns 
98229      INFO  main            d.u.i.k.p.r.p.TestFile    ... finished proof: closed. 
98529      INFO  main            d.u.i.k.p.i.AbstractProblemLoader Loading environment from /home/runner/work/key/key/key.core/../key.ui/examples/heap/simple/selection_sort.key.proof 
98530      DEBUG main            d.u.i.k.p.i.AbstractProblemLoader Environment load took 505.71ns 
98532      INFO  main            d.u.i.k.p.i.AbstractProblemLoader Creating init config 
101102     DEBUG main            d.u.i.k.p.i.AbstractProblemLoader Init config took 2.57s 
101122     INFO  main            d.u.i.k.p.i.AbstractProblemLoader Replaying proof selection_sort.key.proof 
101812     DEBUG main            d.u.i.k.p.i.IntermediateProofReplayer Proof replay took 659.05ms 
101814     DEBUG main            d.u.i.k.p.r.p.TestFile    ... success: reloaded. 
101816     INFO  main            d.u.i.k.p.r.p.TestFile    Now processing file /home/runner/work/key/key/key.core/../key.ui/examples/heap/simple/seq.key 
101816     INFO  main            d.u.i.k.p.i.AbstractProblemLoader Loading environment from /home/runner/work/key/key/key.core/../key.ui/examples/heap/simple/seq.key 
101816     DEBUG main            d.u.i.k.p.i.AbstractProblemLoader Environment load took 243.6ns 
101818     INFO  main            d.u.i.k.p.i.AbstractProblemLoader Creating init config 
104228     DEBUG main            d.u.i.k.p.i.AbstractProblemLoader Init config took 2.41s 
104244     INFO  main            d.u.i.k.p.i.AbstractProblemLoader Replaying proof seq.key 
104245     DEBUG main            d.u.i.k.p.i.IntermediateProofReplayer Proof replay took 7.9ns 
104754     INFO  main            d.u.i.k.p.r.p.TestFile    ... finished proof: closed. 
105119     INFO  main            d.u.i.k.p.i.AbstractProblemLoader Loading environment from /home/runner/work/key/key/key.core/../key.ui/examples/heap/simple/seq.key.proof 
105120     DEBUG main            d.u.i.k.p.i.AbstractProblemLoader Environment load took 635.61ns 
105121     INFO  main            d.u.i.k.p.i.AbstractProblemLoader Creating init config 
107466     DEBUG main            d.u.i.k.p.i.AbstractProblemLoader Init config took 2.34s 
107482     INFO  main            d.u.i.k.p.i.AbstractProblemLoader Replaying proof seq.key.proof 
107541     DEBUG main            d.u.i.k.p.i.IntermediateProofReplayer Proof replay took 49.71ms 
107543     DEBUG main            d.u.i.k.p.r.p.TestFile    ... success: reloaded. 
107544     INFO  main            d.u.i.k.p.r.p.TestFile    Now processing file /home/runner/work/key/key/key.core/../key.ui/examples/heap/simple/oldForParams.key 
107544     INFO  main            d.u.i.k.p.i.AbstractProblemLoader Loading environment from /home/runner/work/key/key/key.core/../key.ui/examples/heap/simple/oldForParams.key 
107544     DEBUG main            d.u.i.k.p.i.AbstractProblemLoader Environment load took 96.2ns 
107545     INFO  main            d.u.i.k.p.i.AbstractProblemLoader Creating init config 
110189     DEBUG main            d.u.i.k.p.i.AbstractProblemLoader Init config took 2.64s 
110253     INFO  main            d.u.i.k.p.i.AbstractProblemLoader Replaying proof OldForParameters[OldForParameters::method(int)].JML operation contract.0 
110255     DEBUG main            d.u.i.k.p.i.IntermediateProofReplayer Proof replay took 7.3ns 
110458     INFO  main            d.u.i.k.p.r.p.TestFile    ... finished proof: closed. 
110728     INFO  main            d.u.i.k.p.i.AbstractProblemLoader Loading environment from /home/runner/work/key/key/key.core/../key.ui/examples/heap/simple/oldForParams.key.proof 
110728     DEBUG main            d.u.i.k.p.i.AbstractProblemLoader Environment load took 122.3ns 
110730     INFO  main            d.u.i.k.p.i.AbstractProblemLoader Creating init config 
113268     DEBUG main            d.u.i.k.p.i.AbstractProblemLoader Init config took 2.54s 
113309     INFO  main            d.u.i.k.p.i.AbstractProblemLoader Replaying proof OldForParameters[OldForParameters::method(int)].JML operation contract.0 
113357     DEBUG main            d.u.i.k.p.i.IntermediateProofReplayer Proof replay took 44.82ms 
113358     DEBUG main            d.u.i.k.p.r.p.TestFile    ... success: reloaded. 
113359     INFO  main            d.u.i.k.p.r.p.TestFile    Now processing file /home/runner/work/key/key/key.core/../key.ui/examples/heap/simple/parse_lmtd.key 
113359     INFO  main            d.u.i.k.p.i.AbstractProblemLoader Loading environment from /home/runner/work/key/key/key.core/../key.ui/examples/heap/simple/parse_lmtd.key 
113359     DEBUG main            d.u.i.k.p.i.AbstractProblemLoader Environment load took 101.7ns 
113360     INFO  main            d.u.i.k.p.i.AbstractProblemLoader Creating init config 
116017     DEBUG main            d.u.i.k.p.i.AbstractProblemLoader Init config took 2.66s 
116059     INFO  main            d.u.i.k.p.i.AbstractProblemLoader Replaying proof ParseLmtd[ParseLmtd::simple(int)].JML normal_behavior operation contract.0 
116060     DEBUG main            d.u.i.k.p.i.IntermediateProofReplayer Proof replay took 9.5ns 
116270     INFO  main            d.u.i.k.p.r.p.TestFile    ... finished proof: closed. 
116631     INFO  main            d.u.i.k.p.i.AbstractProblemLoader Loading environment from /home/runner/work/key/key/key.core/../key.ui/examples/heap/simple/parse_lmtd.key.proof 
116631     DEBUG main            d.u.i.k.p.i.AbstractProblemLoader Environment load took 118.4ns 
116633     INFO  main            d.u.i.k.p.i.AbstractProblemLoader Creating init config 
119181     DEBUG main            d.u.i.k.p.i.AbstractProblemLoader Init config took 2.55s 
119223     INFO  main            d.u.i.k.p.i.AbstractProblemLoader Replaying proof ParseLmtd[ParseLmtd::simple(int)].JML normal_behavior operation contract.0 
119250     DEBUG main            d.u.i.k.p.i.IntermediateProofReplayer Proof replay took 24.62ms 
119251     DEBUG main            d.u.i.k.p.r.p.TestFile    ... success: reloaded. 
119252     INFO  main            d.u.i.k.p.r.p.TestFile    Now processing file /home/runner/work/key/key/key.core/../key.ui/examples/heap/strictly_pure/strictlyPureMethod.key 
119252     INFO  main            d.u.i.k.p.i.AbstractProblemLoader Loading environment from /home/runner/work/key/key/key.core/../key.ui/examples/heap/strictly_pure/strictlyPureMethod.key 
119252     DEBUG main            d.u.i.k.p.i.AbstractProblemLoader Environment load took 80.6ns 
119253     INFO  main            d.u.i.k.p.i.AbstractProblemLoader Creating init config 
121764     DEBUG main            d.u.i.k.p.i.AbstractProblemLoader Init config took 2.51s 
121801     INFO  main            d.u.i.k.p.i.AbstractProblemLoader Replaying proof StrictlyPure[StrictlyPure::strictlyPureMethod()].JML operation contract.0 
121803     DEBUG main            d.u.i.k.p.i.IntermediateProofReplayer Proof replay took 8.1ns 
122005     INFO  main            d.u.i.k.p.r.p.TestFile    ... finished proof: closed. 
122286     INFO  main            d.u.i.k.p.i.AbstractProblemLoader Loading environment from /home/runner/work/key/key/key.core/../key.ui/examples/heap/strictly_pure/strictlyPureMethod.key.proof 
122286     DEBUG main            d.u.i.k.p.i.AbstractProblemLoader Environment load took 123ns 
122287     INFO  main            d.u.i.k.p.i.AbstractProblemLoader Creating init config 
124677     DEBUG main            d.u.i.k.p.i.AbstractProblemLoader Init config took 2.39s 
124720     INFO  main            d.u.i.k.p.i.AbstractProblemLoader Replaying proof StrictlyPure[StrictlyPure::strictlyPureMethod()].JML operation contract.0 
124760     DEBUG main            d.u.i.k.p.i.IntermediateProofReplayer Proof replay took 38.38ms 
124761     DEBUG main            d.u.i.k.p.r.p.TestFile    ... success: reloaded. 
124763     INFO  main            d.u.i.k.p.r.p.TestFile    Now processing file /home/runner/work/key/key/key.core/../key.ui/examples/heap/strictly_pure/useStrictlyPureMethod.key 
124763     INFO  main            d.u.i.k.p.i.AbstractProblemLoader Loading environment from /home/runner/work/key/key/key.core/../key.ui/examples/heap/strictly_pure/useStrictlyPureMethod.key 
124763     DEBUG main            d.u.i.k.p.i.AbstractProblemLoader Environment load took 89.4ns 
124764     INFO  main            d.u.i.k.p.i.AbstractProblemLoader Creating init config 
127233     DEBUG main            d.u.i.k.p.i.AbstractProblemLoader Init config took 2.47s 
127268     INFO  main            d.u.i.k.p.i.AbstractProblemLoader Replaying proof StrictlyPure[StrictlyPure::useStrictlyPureMethod(StrictlyPureClass)].JML operation contract.0 
127270     DEBUG main            d.u.i.k.p.i.IntermediateProofReplayer Proof replay took 7ns 
127474     INFO  main            d.u.i.k.p.r.p.TestFile    ... finished proof: closed. 
127748     INFO  main            d.u.i.k.p.i.AbstractProblemLoader Loading environment from /home/runner/work/key/key/key.core/../key.ui/examples/heap/strictly_pure/useStrictlyPureMethod.key.proof 
127748     DEBUG main            d.u.i.k.p.i.AbstractProblemLoader Environment load took 128.6ns 
127750     INFO  main            d.u.i.k.p.i.AbstractProblemLoader Creating init config 
130151     DEBUG main            d.u.i.k.p.i.AbstractProblemLoader Init config took 2.4s 
130187     INFO  main            d.u.i.k.p.i.AbstractProblemLoader Replaying proof StrictlyPure[StrictlyPure::useStrictlyPureMethod(StrictlyPureClass)].JML operation contract.0 
130241     DEBUG main            d.u.i.k.p.i.IntermediateProofReplayer Proof replay took 51.47ms 
130243     DEBUG main            d.u.i.k.p.r.p.TestFile    ... success: reloaded. 
130244     INFO  main            d.u.i.k.p.r.p.TestFile    Now processing file /home/runner/work/key/key/key.core/../key.ui/examples/heap/Wellfounded/ackermann.key 
130244     INFO  main            d.u.i.k.p.i.AbstractProblemLoader Loading environment from /home/runner/work/key/key/key.core/../key.ui/examples/heap/Wellfounded/ackermann.key 
130244     DEBUG main            d.u.i.k.p.i.AbstractProblemLoader Environment load took 93.7ns 
130245     INFO  main            d.u.i.k.p.i.AbstractProblemLoader Creating init config 
132711     DEBUG main            d.u.i.k.p.i.AbstractProblemLoader Init config took 2.47s 
132748     INFO  main            d.u.i.k.p.i.AbstractProblemLoader Replaying proof Ackermann[Ackermann::a(int,int)].JML normal_behavior operation contract.0 
132750     DEBUG main            d.u.i.k.p.i.IntermediateProofReplayer Proof replay took 8.3ns 
133057     INFO  main            d.u.i.k.p.r.p.TestFile    ... finished proof: closed. 
133348     INFO  main            d.u.i.k.p.i.AbstractProblemLoader Loading environment from /home/runner/work/key/key/key.core/../key.ui/examples/heap/Wellfounded/ackermann.key.proof 
133349     DEBUG main            d.u.i.k.p.i.AbstractProblemLoader Environment load took 636.21ns 
133350     INFO  main            d.u.i.k.p.i.AbstractProblemLoader Creating init config 
135768     DEBUG main            d.u.i.k.p.i.AbstractProblemLoader Init config took 2.42s 
135803     INFO  main            d.u.i.k.p.i.AbstractProblemLoader Replaying proof Ackermann[Ackermann::a(int,int)].JML normal_behavior operation contract.0 
135870     DEBUG main            d.u.i.k.p.i.IntermediateProofReplayer Proof replay took 63.54ms 
135871     DEBUG main            d.u.i.k.p.r.p.TestFile    ... success: reloaded. 
135873     INFO  main            d.u.i.k.p.r.p.TestFile    Now processing file /home/runner/work/key/key/key.core/../key.ui/examples/standard_key/unicode_test.key 
135875     INFO  main            d.u.i.k.p.i.AbstractProblemLoader Loading environment from /home/runner/work/key/key/key.core/../key.ui/examples/standard_key/unicode_test.key 
135875     DEBUG main            d.u.i.k.p.i.AbstractProblemLoader Environment load took 115ns 
135878     INFO  main            d.u.i.k.p.i.AbstractProblemLoader Creating init config 
138300     DEBUG main            d.u.i.k.p.i.AbstractProblemLoader Init config took 2.42s 
138314     INFO  main            d.u.i.k.p.i.AbstractProblemLoader Replaying proof unicode_test.key 
138316     DEBUG main            d.u.i.k.p.i.IntermediateProofReplayer Proof replay took 8.8ns 
138422     INFO  main            d.u.i.k.p.r.p.TestFile    ... finished proof: closed. 
138702     INFO  main            d.u.i.k.p.i.AbstractProblemLoader Loading environment from /home/runner/work/key/key/key.core/../key.ui/examples/standard_key/unicode_test.key.proof 
138703     DEBUG main            d.u.i.k.p.i.AbstractProblemLoader Environment load took 166.4ns 
138704     INFO  main            d.u.i.k.p.i.AbstractProblemLoader Creating init config 
141001     DEBUG main            d.u.i.k.p.i.AbstractProblemLoader Init config took 2.3s 
141015     INFO  main            d.u.i.k.p.i.AbstractProblemLoader Replaying proof unicode_test.key.proof 
141017     DEBUG main            d.u.i.k.p.i.IntermediateProofReplayer Proof replay took 383ns 
141017     DEBUG main            d.u.i.k.p.r.p.TestFile    ... success: reloaded. 
141018     INFO  main            d.u.i.k.p.r.p.TestFile    Now processing file /home/runner/work/key/key/key.core/../key.ui/examples/heap/strictlyModular/mayExpand.key 
141018     INFO  main            d.u.i.k.p.i.AbstractProblemLoader Loading environment from /home/runner/work/key/key/key.core/../key.ui/examples/heap/strictlyModular/mayExpand.key 
141018     DEBUG main            d.u.i.k.p.i.AbstractProblemLoader Environment load took 101ns 
141019     INFO  main            d.u.i.k.p.i.AbstractProblemLoader Creating init config 
143440     DEBUG main            d.u.i.k.p.i.AbstractProblemLoader Init config took 2.42s 
143476     INFO  main            d.u.i.k.p.i.AbstractProblemLoader Replaying proof Modular[Modular::m()].JML operation contract.0 
143478     DEBUG main            d.u.i.k.p.i.IntermediateProofReplayer Proof replay took 7.8ns 
143582     INFO  main            d.u.i.k.p.r.p.TestFile    ... finished proof: closed. 
143866     INFO  main            d.u.i.k.p.i.AbstractProblemLoader Loading environment from /home/runner/work/key/key/key.core/../key.ui/examples/heap/strictlyModular/mayExpand.key.proof 
143866     DEBUG main            d.u.i.k.p.i.AbstractProblemLoader Environment load took 120.8ns 
143869     INFO  main            d.u.i.k.p.i.AbstractProblemLoader Creating init config 
146233     DEBUG main            d.u.i.k.p.i.AbstractProblemLoader Init config took 2.36s 
146269     INFO  main            d.u.i.k.p.i.AbstractProblemLoader Replaying proof Modular[Modular::m()].JML operation contract.0 
146286     DEBUG main            d.u.i.k.p.i.IntermediateProofReplayer Proof replay took 14.87ms 
146287     DEBUG main            d.u.i.k.p.r.p.TestFile    ... success: reloaded. 
146288     INFO  main            d.u.i.k.p.r.p.TestFile    Now processing file /home/runner/work/key/key/key.core/../key.ui/examples/heap/strictlyModular/modularOnly.key 
146288     INFO  main            d.u.i.k.p.i.AbstractProblemLoader Loading environment from /home/runner/work/key/key/key.core/../key.ui/examples/heap/strictlyModular/modularOnly.key 
146288     DEBUG main            d.u.i.k.p.i.AbstractProblemLoader Environment load took 94.8ns 
146289     INFO  main            d.u.i.k.p.i.AbstractProblemLoader Creating init config 
148745     DEBUG main            d.u.i.k.p.i.AbstractProblemLoader Init config took 2.46s 
148781     INFO  main            d.u.i.k.p.i.AbstractProblemLoader Replaying proof Modular[Modular::m()].JML operation contract.0 
148782     DEBUG main            d.u.i.k.p.i.IntermediateProofReplayer Proof replay took 6.8ns 
148885     INFO  main            d.u.i.k.p.r.p.TestFile    ... finished proof: open goal(s) 
1863005    INFO  Test worker     d.u.i.k.p.r.RunAllProofsTestUnit Returning from test simpleTests 
1863007    INFO  Test worker     d.u.i.k.p.r.RunAllProofsTestUnit Running test SmansEtAl 
505        INFO  Timeout watchdog d.u.i.k.p.r.p.ForkedTestFileRunner Timeout watcher launched (2000 secs.) 
533        WARN  main            d.u.i.k.s.ProofSettings   The settings in /home/runner/.key/proof-settings.props are *not* read. 
561        INFO  main            d.u.i.k.p.r.p.TestFile    Now processing file /home/runner/work/key/key/key.core/../key.ui/examples/heap/SmansEtAl/ArrayList_add.key 
664        INFO  main            d.u.i.k.p.i.AbstractProblemLoader Loading environment from /home/runner/work/key/key/key.core/../key.ui/examples/heap/SmansEtAl/ArrayList_add.key 
681        DEBUG main            d.u.i.k.p.i.AbstractProblemLoader Environment load took 1.82ms 
903        INFO  main            d.u.i.k.p.i.AbstractProblemLoader Creating init config 
1774       DEBUG main            d.u.i.k.j.TypeConverter   No LDT found for Meta 
1775       DEBUG main            d.u.i.k.j.TypeConverter   No LDT found for Meta 
1776       DEBUG main            d.u.i.k.j.TypeConverter   No LDT found for Meta 
1776       DEBUG main            d.u.i.k.j.TypeConverter   No LDT found for Meta 
3120       DEBUG main            d.u.i.k.j.TypeConverter   No LDT found for JavaBigintExpression 
8494       DEBUG main            d.u.i.k.p.i.AbstractProblemLoader Init config took 7.59s 
8648       INFO  main            d.u.i.k.p.i.AbstractProblemLoader Replaying proof ArrayList[ArrayList::add(java.lang.Object)].JML normal_behavior operation contract.0 
8684       DEBUG main            d.u.i.k.p.i.IntermediateProofReplayer Proof replay took 36.1ns 
15688      INFO  main            d.u.i.k.p.r.p.TestFile    ... finished proof: closed. 
15930      INFO  main            d.u.i.k.p.i.AbstractProblemLoader Loading environment from /home/runner/work/key/key/key.core/../key.ui/examples/heap/SmansEtAl/ArrayList_add.key.proof 
15931      DEBUG main            d.u.i.k.p.i.AbstractProblemLoader Environment load took 562.31ns 
15934      INFO  main            d.u.i.k.p.i.AbstractProblemLoader Creating init config 
18958      DEBUG main            d.u.i.k.p.i.AbstractProblemLoader Init config took 3.02s 
19019      INFO  main            d.u.i.k.p.i.AbstractProblemLoader Replaying proof ArrayList[ArrayList::add(java.lang.Object)].JML normal_behavior operation contract.0 
20104      DEBUG main            d.u.i.k.p.i.IntermediateProofReplayer Proof replay took 1.06s 
20119      DEBUG main            d.u.i.k.p.r.p.TestFile    ... success: reloaded. 
20121      INFO  main            d.u.i.k.p.r.p.TestFile    Now processing file /home/runner/work/key/key/key.core/../key.ui/examples/heap/SmansEtAl/ArrayList_ArrayList.key 
20121      INFO  main            d.u.i.k.p.i.AbstractProblemLoader Loading environment from /home/runner/work/key/key/key.core/../key.ui/examples/heap/SmansEtAl/ArrayList_ArrayList.key 
20122      DEBUG main            d.u.i.k.p.i.AbstractProblemLoader Environment load took 275.5ns 
20124      INFO  main            d.u.i.k.p.i.AbstractProblemLoader Creating init config 
23111      DEBUG main            d.u.i.k.p.i.AbstractProblemLoader Init config took 2.99s 
23167      INFO  main            d.u.i.k.p.i.AbstractProblemLoader Replaying proof ArrayList[ArrayList::ArrayList()].JML normal_behavior operation contract.0 
23172      DEBUG main            d.u.i.k.p.i.IntermediateProofReplayer Proof replay took 7.5ns 
24078      INFO  main            d.u.i.k.p.r.p.TestFile    ... finished proof: closed. 
24271      INFO  main            d.u.i.k.p.i.AbstractProblemLoader Loading environment from /home/runner/work/key/key/key.core/../key.ui/examples/heap/SmansEtAl/ArrayList_ArrayList.key.proof 
24272      DEBUG main            d.u.i.k.p.i.AbstractProblemLoader Environment load took 499.11ns 
24273      INFO  main            d.u.i.k.p.i.AbstractProblemLoader Creating init config 
27113      DEBUG main            d.u.i.k.p.i.AbstractProblemLoader Init config took 2.84s 
27163      INFO  main            d.u.i.k.p.i.AbstractProblemLoader Replaying proof ArrayList[ArrayList::ArrayList()].JML normal_behavior operation contract.0 
27311      DEBUG main            d.u.i.k.p.i.IntermediateProofReplayer Proof replay took 140.8ms 
27313      DEBUG main            d.u.i.k.p.r.p.TestFile    ... success: reloaded. 
27315      INFO  main            d.u.i.k.p.r.p.TestFile    Now processing file /home/runner/work/key/key/key.core/../key.ui/examples/heap/SmansEtAl/ArrayList_footprint.key 
27315      INFO  main            d.u.i.k.p.i.AbstractProblemLoader Loading environment from /home/runner/work/key/key/key.core/../key.ui/examples/heap/SmansEtAl/ArrayList_footprint.key 
27315      DEBUG main            d.u.i.k.p.i.AbstractProblemLoader Environment load took 237.6ns 
27317      INFO  main            d.u.i.k.p.i.AbstractProblemLoader Creating init config 
30177      DEBUG main            d.u.i.k.p.i.AbstractProblemLoader Init config took 2.86s 
30178      DEBUG main            d.u.i.k.p.r.p.TestFile    Exception de.uka.ilkd.key.proof.io.ProblemLoaderException: Contract not found: ArrayList[ArrayList::$footprint()].JML accessible clause.0
	at de.uka.ilkd.key.control.AbstractUserInterfaceControl.load(AbstractUserInterfaceControl.java:225)
Caused by: java.lang.RuntimeException: Contract not found: ArrayList[ArrayList::$footprint()].JML accessible clause.0
	at de.uka.ilkd.key.proof.io.AbstractProblemLoader.createProofObligationContainer(AbstractProblemLoader.java:603)

30180      WARN  main            d.u.i.k.p.r.p.ForkedTestFileRunner Run failed de.uka.ilkd.key.proof.io.ProblemLoaderException: Contract not found: ArrayList[ArrayList::$footprint()].JML accessible clause.0
	at de.uka.ilkd.key.control.AbstractUserInterfaceControl.load(AbstractUserInterfaceControl.java:225)
Caused by: java.lang.RuntimeException: Contract not found: ArrayList[ArrayList::$footprint()].JML accessible clause.0
	at de.uka.ilkd.key.proof.io.AbstractProblemLoader.createProofObligationContainer(AbstractProblemLoader.java:603)

30181      INFO  main            d.u.i.k.p.r.p.TestFile    Now processing file /home/runner/work/key/key/key.core/../key.ui/examples/heap/SmansEtAl/ArrayList_get_dep.key 
30182      INFO  main            d.u.i.k.p.i.AbstractProblemLoader Loading environment from /home/runner/work/key/key/key.core/../key.ui/examples/heap/SmansEtAl/ArrayList_get_dep.key 
30182      DEBUG main            d.u.i.k.p.i.AbstractProblemLoader Environment load took 230.7ns 
30183      INFO  main            d.u.i.k.p.i.AbstractProblemLoader Creating init config 
32938      DEBUG main            d.u.i.k.p.i.AbstractProblemLoader Init config took 2.76s 
32997      INFO  main            d.u.i.k.p.i.AbstractProblemLoader Replaying proof ArrayList[ArrayList::get(int)].JML accessible clause.0 
33001      DEBUG main            d.u.i.k.p.i.IntermediateProofReplayer Proof replay took 7.7ns 
33305      INFO  main            d.u.i.k.p.r.p.TestFile    ... finished proof: closed. 
33484      INFO  main            d.u.i.k.p.i.AbstractProblemLoader Loading environment from /home/runner/work/key/key/key.core/../key.ui/examples/heap/SmansEtAl/ArrayList_get_dep.key.proof 
33485      DEBUG main            d.u.i.k.p.i.AbstractProblemLoader Environment load took 743.21ns 
33487      INFO  main            d.u.i.k.p.i.AbstractProblemLoader Creating init config 
36282      DEBUG main            d.u.i.k.p.i.AbstractProblemLoader Init config took 2.8s 
36342      INFO  main            d.u.i.k.p.i.AbstractProblemLoader Replaying proof ArrayList[ArrayList::get(int)].JML accessible clause.0 
36402      DEBUG main            d.u.i.k.p.i.IntermediateProofReplayer Proof replay took 53.82ms 
36403      DEBUG main            d.u.i.k.p.r.p.TestFile    ... success: reloaded. 
36405      INFO  main            d.u.i.k.p.r.p.TestFile    Now processing file /home/runner/work/key/key/key.core/../key.ui/examples/heap/SmansEtAl/ArrayList_get.key 
36406      INFO  main            d.u.i.k.p.i.AbstractProblemLoader Loading environment from /home/runner/work/key/key/key.core/../key.ui/examples/heap/SmansEtAl/ArrayList_get.key 
36406      DEBUG main            d.u.i.k.p.i.AbstractProblemLoader Environment load took 233ns 
36407      INFO  main            d.u.i.k.p.i.AbstractProblemLoader Creating init config 
39235      DEBUG main            d.u.i.k.p.i.AbstractProblemLoader Init config took 2.83s 
39289      INFO  main            d.u.i.k.p.i.AbstractProblemLoader Replaying proof ArrayList[ArrayList::get(int)].JML normal_behavior operation contract.0 
39291      DEBUG main            d.u.i.k.p.i.IntermediateProofReplayer Proof replay took 6.6ns 
39494      INFO  main            d.u.i.k.p.r.p.TestFile    ... finished proof: closed. 
39670      INFO  main            d.u.i.k.p.i.AbstractProblemLoader Loading environment from /home/runner/work/key/key/key.core/../key.ui/examples/heap/SmansEtAl/ArrayList_get.key.proof 
39670      DEBUG main            d.u.i.k.p.i.AbstractProblemLoader Environment load took 144.6ns 
39671      INFO  main            d.u.i.k.p.i.AbstractProblemLoader Creating init config 
42415      DEBUG main            d.u.i.k.p.i.AbstractProblemLoader Init config took 2.74s 
42458      INFO  main            d.u.i.k.p.i.AbstractProblemLoader Replaying proof ArrayList[ArrayList::get(int)].JML normal_behavior operation contract.0 
42491      DEBUG main            d.u.i.k.p.i.IntermediateProofReplayer Proof replay took 29.51ms 
42492      DEBUG main            d.u.i.k.p.r.p.TestFile    ... success: reloaded. 
42494      INFO  main            d.u.i.k.p.r.p.TestFile    Now processing file /home/runner/work/key/key/key.core/../key.ui/examples/heap/SmansEtAl/ArrayList_inv.key 
42494      INFO  main            d.u.i.k.p.i.AbstractProblemLoader Loading environment from /home/runner/work/key/key/key.core/../key.ui/examples/heap/SmansEtAl/ArrayList_inv.key 
42494      DEBUG main            d.u.i.k.p.i.AbstractProblemLoader Environment load took 236.2ns 
42495      INFO  main            d.u.i.k.p.i.AbstractProblemLoader Creating init config 
45272      DEBUG main            d.u.i.k.p.i.AbstractProblemLoader Init config took 2.78s 
45315      INFO  main            d.u.i.k.p.i.AbstractProblemLoader Replaying proof ArrayList[java.lang.Object::<inv>()].JML accessible clause.0 
45317      DEBUG main            d.u.i.k.p.i.IntermediateProofReplayer Proof replay took 7.7ns 
45422      INFO  main            d.u.i.k.p.r.p.TestFile    ... finished proof: closed. 
45605      INFO  main            d.u.i.k.p.i.AbstractProblemLoader Loading environment from /home/runner/work/key/key/key.core/../key.ui/examples/heap/SmansEtAl/ArrayList_inv.key.proof 
45605      DEBUG main            d.u.i.k.p.i.AbstractProblemLoader Environment load took 168.6ns 
45606      INFO  main            d.u.i.k.p.i.AbstractProblemLoader Creating init config 
48358      DEBUG main            d.u.i.k.p.i.AbstractProblemLoader Init config took 2.75s 
48401      INFO  main            d.u.i.k.p.i.AbstractProblemLoader Replaying proof ArrayList[java.lang.Object::<inv>()].JML accessible clause.0 
48414      DEBUG main            d.u.i.k.p.i.IntermediateProofReplayer Proof replay took 10.59ms 
48415      DEBUG main            d.u.i.k.p.r.p.TestFile    ... success: reloaded. 
48417      INFO  main            d.u.i.k.p.r.p.TestFile    Now processing file /home/runner/work/key/key/key.core/../key.ui/examples/heap/SmansEtAl/ArrayList_size_dep.key 
48417      INFO  main            d.u.i.k.p.i.AbstractProblemLoader Loading environment from /home/runner/work/key/key/key.core/../key.ui/examples/heap/SmansEtAl/ArrayList_size_dep.key 
48417      DEBUG main            d.u.i.k.p.i.AbstractProblemLoader Environment load took 229.6ns 
48419      INFO  main            d.u.i.k.p.i.AbstractProblemLoader Creating init config 
51168      DEBUG main            d.u.i.k.p.i.AbstractProblemLoader Init config took 2.75s 
51211      INFO  main            d.u.i.k.p.i.AbstractProblemLoader Replaying proof ArrayList[ArrayList::size()].JML accessible clause.0 
51212      DEBUG main            d.u.i.k.p.i.IntermediateProofReplayer Proof replay took 7ns 
51318      INFO  main            d.u.i.k.p.r.p.TestFile    ... finished proof: closed. 
51563      INFO  main            d.u.i.k.p.i.AbstractProblemLoader Loading environment from /home/runner/work/key/key/key.core/../key.ui/examples/heap/SmansEtAl/ArrayList_size_dep.key.proof 
51563      DEBUG main            d.u.i.k.p.i.AbstractProblemLoader Environment load took 156.4ns 
51564      INFO  main            d.u.i.k.p.i.AbstractProblemLoader Creating init config 
54246      DEBUG main            d.u.i.k.p.i.AbstractProblemLoader Init config took 2.68s 
54286      INFO  main            d.u.i.k.p.i.AbstractProblemLoader Replaying proof ArrayList[ArrayList::size()].JML accessible clause.0 
54317      DEBUG main            d.u.i.k.p.i.IntermediateProofReplayer Proof replay took 15.21ms 
54318      DEBUG main            d.u.i.k.p.r.p.TestFile    ... success: reloaded. 
54320      INFO  main            d.u.i.k.p.r.p.TestFile    Now processing file /home/runner/work/key/key/key.core/../key.ui/examples/heap/SmansEtAl/ArrayList_size.key 
54320      INFO  main            d.u.i.k.p.i.AbstractProblemLoader Loading environment from /home/runner/work/key/key/key.core/../key.ui/examples/heap/SmansEtAl/ArrayList_size.key 
54320      DEBUG main            d.u.i.k.p.i.AbstractProblemLoader Environment load took 285.2ns 
54321      INFO  main            d.u.i.k.p.i.AbstractProblemLoader Creating init config 
57076      DEBUG main            d.u.i.k.p.i.AbstractProblemLoader Init config took 2.75s 
57117      INFO  main            d.u.i.k.p.i.AbstractProblemLoader Replaying proof ArrayList[ArrayList::size()].JML normal_behavior operation contract.0 
57119      DEBUG main            d.u.i.k.p.i.IntermediateProofReplayer Proof replay took 8.3ns 
57222      INFO  main            d.u.i.k.p.r.p.TestFile    ... finished proof: closed. 
57414      INFO  main            d.u.i.k.p.i.AbstractProblemLoader Loading environment from /home/runner/work/key/key/key.core/../key.ui/examples/heap/SmansEtAl/ArrayList_size.key.proof 
57415      DEBUG main            d.u.i.k.p.i.AbstractProblemLoader Environment load took 147.5ns 
57416      INFO  main            d.u.i.k.p.i.AbstractProblemLoader Creating init config 
60085      DEBUG main            d.u.i.k.p.i.AbstractProblemLoader Init config took 2.67s 
60125      INFO  main            d.u.i.k.p.i.AbstractProblemLoader Replaying proof ArrayList[ArrayList::size()].JML normal_behavior operation contract.0 
60140      DEBUG main            d.u.i.k.p.i.IntermediateProofReplayer Proof replay took 13.93ms 
60142      DEBUG main            d.u.i.k.p.r.p.TestFile    ... success: reloaded. 
60143      INFO  main            d.u.i.k.p.r.p.TestFile    Now processing file /home/runner/work/key/key/key.core/../key.ui/examples/heap/SmansEtAl/Cell_Cell.key 
60143      INFO  main            d.u.i.k.p.i.AbstractProblemLoader Loading environment from /home/runner/work/key/key/key.core/../key.ui/examples/heap/SmansEtAl/Cell_Cell.key 
60143      DEBUG main            d.u.i.k.p.i.AbstractProblemLoader Environment load took 104.6ns 
60144      INFO  main            d.u.i.k.p.i.AbstractProblemLoader Creating init config 
62891      DEBUG main            d.u.i.k.p.i.AbstractProblemLoader Init config took 2.74s 
62942      INFO  main            d.u.i.k.p.i.AbstractProblemLoader Replaying proof Cell[Cell::Cell()].JML normal_behavior operation contract.0 
62949      DEBUG main            d.u.i.k.p.i.IntermediateProofReplayer Proof replay took 8.6ns 
63152      INFO  main            d.u.i.k.p.r.p.TestFile    ... finished proof: closed. 
63446      INFO  main            d.u.i.k.p.i.AbstractProblemLoader Loading environment from /home/runner/work/key/key/key.core/../key.ui/examples/heap/SmansEtAl/Cell_Cell.key.proof 
63446      DEBUG main            d.u.i.k.p.i.AbstractProblemLoader Environment load took 191.6ns 
63447      INFO  main            d.u.i.k.p.i.AbstractProblemLoader Creating init config 
66104      DEBUG main            d.u.i.k.p.i.AbstractProblemLoader Init config took 2.66s 
66144      INFO  main            d.u.i.k.p.i.AbstractProblemLoader Replaying proof Cell[Cell::Cell()].JML normal_behavior operation contract.0 
66194      DEBUG main            d.u.i.k.p.i.IntermediateProofReplayer Proof replay took 42.82ms 
66197      DEBUG main            d.u.i.k.p.r.p.TestFile    ... success: reloaded. 
66198      INFO  main            d.u.i.k.p.r.p.TestFile    Now processing file /home/runner/work/key/key/key.core/../key.ui/examples/heap/SmansEtAl/Cell_footprint.key 
66199      INFO  main            d.u.i.k.p.i.AbstractProblemLoader Loading environment from /home/runner/work/key/key/key.core/../key.ui/examples/heap/SmansEtAl/Cell_footprint.key 
66199      DEBUG main            d.u.i.k.p.i.AbstractProblemLoader Environment load took 527.61ns 
66201      INFO  main            d.u.i.k.p.i.AbstractProblemLoader Creating init config 
68915      DEBUG main            d.u.i.k.p.i.AbstractProblemLoader Init config took 2.71s 
68915      DEBUG main            d.u.i.k.p.r.p.TestFile    Exception de.uka.ilkd.key.proof.io.ProblemLoaderException: Contract not found: Cell[Cell::$footprint()].JML accessible clause.0
	at de.uka.ilkd.key.control.AbstractUserInterfaceControl.load(AbstractUserInterfaceControl.java:225)
Caused by: java.lang.RuntimeException: Contract not found: Cell[Cell::$footprint()].JML accessible clause.0
	at de.uka.ilkd.key.proof.io.AbstractProblemLoader.createProofObligationContainer(AbstractProblemLoader.java:603)

68915      WARN  main            d.u.i.k.p.r.p.ForkedTestFileRunner Run failed de.uka.ilkd.key.proof.io.ProblemLoaderException: Contract not found: Cell[Cell::$footprint()].JML accessible clause.0
	at de.uka.ilkd.key.control.AbstractUserInterfaceControl.load(AbstractUserInterfaceControl.java:225)
Caused by: java.lang.RuntimeException: Contract not found: Cell[Cell::$footprint()].JML accessible clause.0
	at de.uka.ilkd.key.proof.io.AbstractProblemLoader.createProofObligationContainer(AbstractProblemLoader.java:603)

68916      INFO  main            d.u.i.k.p.r.p.TestFile    Now processing file /home/runner/work/key/key/key.core/../key.ui/examples/heap/SmansEtAl/Cell_getX_dep.key 
68916      INFO  main            d.u.i.k.p.i.AbstractProblemLoader Loading environment from /home/runner/work/key/key/key.core/../key.ui/examples/heap/SmansEtAl/Cell_getX_dep.key 
68916      DEBUG main            d.u.i.k.p.i.AbstractProblemLoader Environment load took 102ns 
68917      INFO  main            d.u.i.k.p.i.AbstractProblemLoader Creating init config 
71564      DEBUG main            d.u.i.k.p.i.AbstractProblemLoader Init config took 2.65s 
71619      INFO  main            d.u.i.k.p.i.AbstractProblemLoader Replaying proof Cell[Cell::getX()].JML accessible clause.0 
71621      DEBUG main            d.u.i.k.p.i.IntermediateProofReplayer Proof replay took 7.9ns 
71723      INFO  main            d.u.i.k.p.r.p.TestFile    ... finished proof: closed. 
71932      INFO  main            d.u.i.k.p.i.AbstractProblemLoader Loading environment from /home/runner/work/key/key/key.core/../key.ui/examples/heap/SmansEtAl/Cell_getX_dep.key.proof 
71932      DEBUG main            d.u.i.k.p.i.AbstractProblemLoader Environment load took 199ns 
71933      INFO  main            d.u.i.k.p.i.AbstractProblemLoader Creating init config 
74564      DEBUG main            d.u.i.k.p.i.AbstractProblemLoader Init config took 2.63s 
74599      INFO  main            d.u.i.k.p.i.AbstractProblemLoader Replaying proof Cell[Cell::getX()].JML accessible clause.0 
74613      DEBUG main            d.u.i.k.p.i.IntermediateProofReplayer Proof replay took 12.08ms 
74614      DEBUG main            d.u.i.k.p.r.p.TestFile    ... success: reloaded. 
74615      INFO  main            d.u.i.k.p.r.p.TestFile    Now processing file /home/runner/work/key/key/key.core/../key.ui/examples/heap/SmansEtAl/Cell_getX.key 
74616      INFO  main            d.u.i.k.p.i.AbstractProblemLoader Loading environment from /home/runner/work/key/key/key.core/../key.ui/examples/heap/SmansEtAl/Cell_getX.key 
74616      DEBUG main            d.u.i.k.p.i.AbstractProblemLoader Environment load took 110.6ns 
74617      INFO  main            d.u.i.k.p.i.AbstractProblemLoader Creating init config 
77332      DEBUG main            d.u.i.k.p.i.AbstractProblemLoader Init config took 2.72s 
77367      INFO  main            d.u.i.k.p.i.AbstractProblemLoader Replaying proof Cell[Cell::getX()].JML normal_behavior operation contract.0 
77369      DEBUG main            d.u.i.k.p.i.IntermediateProofReplayer Proof replay took 7.1ns 
77474      INFO  main            d.u.i.k.p.r.p.TestFile    ... finished proof: closed. 
77691      INFO  main            d.u.i.k.p.i.AbstractProblemLoader Loading environment from /home/runner/work/key/key/key.core/../key.ui/examples/heap/SmansEtAl/Cell_getX.key.proof 
77691      DEBUG main            d.u.i.k.p.i.AbstractProblemLoader Environment load took 141.2ns 
77694      INFO  main            d.u.i.k.p.i.AbstractProblemLoader Creating init config 
80352      DEBUG main            d.u.i.k.p.i.AbstractProblemLoader Init config took 2.66s 
80387      INFO  main            d.u.i.k.p.i.AbstractProblemLoader Replaying proof Cell[Cell::getX()].JML normal_behavior operation contract.0 
80401      DEBUG main            d.u.i.k.p.i.IntermediateProofReplayer Proof replay took 11.83ms 
80402      DEBUG main            d.u.i.k.p.r.p.TestFile    ... success: reloaded. 
80403      INFO  main            d.u.i.k.p.r.p.TestFile    Now processing file /home/runner/work/key/key/key.core/../key.ui/examples/heap/SmansEtAl/Cell_inv.key 
80403      INFO  main            d.u.i.k.p.i.AbstractProblemLoader Loading environment from /home/runner/work/key/key/key.core/../key.ui/examples/heap/SmansEtAl/Cell_inv.key 
80404      DEBUG main            d.u.i.k.p.i.AbstractProblemLoader Environment load took 123.8ns 
80404      INFO  main            d.u.i.k.p.i.AbstractProblemLoader Creating init config 
83161      DEBUG main            d.u.i.k.p.i.AbstractProblemLoader Init config took 2.76s 
83201      INFO  main            d.u.i.k.p.i.AbstractProblemLoader Replaying proof Cell[java.lang.Object::<inv>()].JML accessible clause.0 
83204      DEBUG main            d.u.i.k.p.i.IntermediateProofReplayer Proof replay took 7.9ns 
83306      INFO  main            d.u.i.k.p.r.p.TestFile    ... finished proof: closed. 
83524      INFO  main            d.u.i.k.p.i.AbstractProblemLoader Loading environment from /home/runner/work/key/key/key.core/../key.ui/examples/heap/SmansEtAl/Cell_inv.key.proof 
83524      DEBUG main            d.u.i.k.p.i.AbstractProblemLoader Environment load took 142.51ns 
83525      INFO  main            d.u.i.k.p.i.AbstractProblemLoader Creating init config 
86135      DEBUG main            d.u.i.k.p.i.AbstractProblemLoader Init config took 2.61s 
86173      INFO  main            d.u.i.k.p.i.AbstractProblemLoader Replaying proof Cell[java.lang.Object::<inv>()].JML accessible clause.0 
86176      DEBUG main            d.u.i.k.p.i.IntermediateProofReplayer Proof replay took 1.67ms 
86177      DEBUG main            d.u.i.k.p.r.p.TestFile    ... success: reloaded. 
86179      INFO  main            d.u.i.k.p.r.p.TestFile    Now processing file /home/runner/work/key/key/key.core/../key.ui/examples/heap/SmansEtAl/Cell_setX.key 
86179      INFO  main            d.u.i.k.p.i.AbstractProblemLoader Loading environment from /home/runner/work/key/key/key.core/../key.ui/examples/heap/SmansEtAl/Cell_setX.key 
86179      DEBUG main            d.u.i.k.p.i.AbstractProblemLoader Environment load took 235.3ns 
86181      INFO  main            d.u.i.k.p.i.AbstractProblemLoader Creating init config 
88895      DEBUG main            d.u.i.k.p.i.AbstractProblemLoader Init config took 2.71s 
88930      INFO  main            d.u.i.k.p.i.AbstractProblemLoader Replaying proof Cell[Cell::setX(int)].JML normal_behavior operation contract.0 
88931      DEBUG main            d.u.i.k.p.i.IntermediateProofReplayer Proof replay took 6.7ns 
89034      INFO  main            d.u.i.k.p.r.p.TestFile    ... finished proof: closed. 
89275      INFO  main            d.u.i.k.p.i.AbstractProblemLoader Loading environment from /home/runner/work/key/key/key.core/../key.ui/examples/heap/SmansEtAl/Cell_setX.key.proof 
89275      DEBUG main            d.u.i.k.p.i.AbstractProblemLoader Environment load took 154.5ns 
89276      INFO  main            d.u.i.k.p.i.AbstractProblemLoader Creating init config 
91896      DEBUG main            d.u.i.k.p.i.AbstractProblemLoader Init config took 2.62s 
91931      INFO  main            d.u.i.k.p.i.AbstractProblemLoader Replaying proof Cell[Cell::setX(int)].JML normal_behavior operation contract.0 
91953      DEBUG main            d.u.i.k.p.i.IntermediateProofReplayer Proof replay took 19.85ms 
91955      DEBUG main            d.u.i.k.p.r.p.TestFile    ... success: reloaded. 
91956      INFO  main            d.u.i.k.p.r.p.TestFile    Now processing file /home/runner/work/key/key/key.core/../key.ui/examples/heap/SmansEtAl/CellClient_m.key 
91956      INFO  main            d.u.i.k.p.i.AbstractProblemLoader Loading environment from /home/runner/work/key/key/key.core/../key.ui/examples/heap/SmansEtAl/CellClient_m.key 
91956      DEBUG main            d.u.i.k.p.i.AbstractProblemLoader Environment load took 243.9ns 
91957      INFO  main            d.u.i.k.p.i.AbstractProblemLoader Creating init config 
94630      DEBUG main            d.u.i.k.p.i.AbstractProblemLoader Init config took 2.67s 
94664      INFO  main            d.u.i.k.p.i.AbstractProblemLoader Replaying proof CellClient[CellClient::m()].JML operation contract.0 
94666      DEBUG main            d.u.i.k.p.i.IntermediateProofReplayer Proof replay took 6.6ns 
95171      INFO  main            d.u.i.k.p.r.p.TestFile    ... finished proof: closed. 
95426      INFO  main            d.u.i.k.p.i.AbstractProblemLoader Loading environment from /home/runner/work/key/key/key.core/../key.ui/examples/heap/SmansEtAl/CellClient_m.key.proof 
95427      DEBUG main            d.u.i.k.p.i.AbstractProblemLoader Environment load took 593.91ns 
95429      INFO  main            d.u.i.k.p.i.AbstractProblemLoader Creating init config 
98058      DEBUG main            d.u.i.k.p.i.AbstractProblemLoader Init config took 2.63s 
98093      INFO  main            d.u.i.k.p.i.AbstractProblemLoader Replaying proof CellClient[CellClient::m()].JML operation contract.0 
98188      DEBUG main            d.u.i.k.p.i.IntermediateProofReplayer Proof replay took 91.65ms 
98189      DEBUG main            d.u.i.k.p.r.p.TestFile    ... success: reloaded. 
98191      INFO  main            d.u.i.k.p.r.p.TestFile    Now processing file /home/runner/work/key/key/key.core/../key.ui/examples/heap/SmansEtAl/Iterator_footprint.key 
98191      INFO  main            d.u.i.k.p.i.AbstractProblemLoader Loading environment from /home/runner/work/key/key/key.core/../key.ui/examples/heap/SmansEtAl/Iterator_footprint.key 
98191      DEBUG main            d.u.i.k.p.i.AbstractProblemLoader Environment load took 92.2ns 
98192      INFO  main            d.u.i.k.p.i.AbstractProblemLoader Creating init config 
100892     DEBUG main            d.u.i.k.p.i.AbstractProblemLoader Init config took 2.7s 
100892     DEBUG main            d.u.i.k.p.r.p.TestFile    Exception de.uka.ilkd.key.proof.io.ProblemLoaderException: Contract not found: Iterator[Iterator::$footprint()].JML accessible clause.0
	at de.uka.ilkd.key.control.AbstractUserInterfaceControl.load(AbstractUserInterfaceControl.java:225)
Caused by: java.lang.RuntimeException: Contract not found: Iterator[Iterator::$footprint()].JML accessible clause.0
	at de.uka.ilkd.key.proof.io.AbstractProblemLoader.createProofObligationContainer(AbstractProblemLoader.java:603)

100892     WARN  main            d.u.i.k.p.r.p.ForkedTestFileRunner Run failed de.uka.ilkd.key.proof.io.ProblemLoaderException: Contract not found: Iterator[Iterator::$footprint()].JML accessible clause.0
	at de.uka.ilkd.key.control.AbstractUserInterfaceControl.load(AbstractUserInterfaceControl.java:225)
Caused by: java.lang.RuntimeException: Contract not found: Iterator[Iterator::$footprint()].JML accessible clause.0
	at de.uka.ilkd.key.proof.io.AbstractProblemLoader.createProofObligationContainer(AbstractProblemLoader.java:603)

100892     INFO  main            d.u.i.k.p.r.p.TestFile    Now processing file /home/runner/work/key/key/key.core/../key.ui/examples/heap/SmansEtAl/Iterator_hasNext_dep.key 
100893     INFO  main            d.u.i.k.p.i.AbstractProblemLoader Loading environment from /home/runner/work/key/key/key.core/../key.ui/examples/heap/SmansEtAl/Iterator_hasNext_dep.key 
100893     DEBUG main            d.u.i.k.p.i.AbstractProblemLoader Environment load took 85.6ns 
100894     INFO  main            d.u.i.k.p.i.AbstractProblemLoader Creating init config 
103554     DEBUG main            d.u.i.k.p.i.AbstractProblemLoader Init config took 2.66s 
103592     INFO  main            d.u.i.k.p.i.AbstractProblemLoader Replaying proof Iterator[Iterator::hasNext()].JML accessible clause.0 
103593     DEBUG main            d.u.i.k.p.i.IntermediateProofReplayer Proof replay took 6.2ns 
104198     INFO  main            d.u.i.k.p.r.p.TestFile    ... finished proof: closed. 
104472     INFO  main            d.u.i.k.p.i.AbstractProblemLoader Loading environment from /home/runner/work/key/key/key.core/../key.ui/examples/heap/SmansEtAl/Iterator_hasNext_dep.key.proof 
104473     DEBUG main            d.u.i.k.p.i.AbstractProblemLoader Environment load took 521.31ns 
104474     INFO  main            d.u.i.k.p.i.AbstractProblemLoader Creating init config 
107105     DEBUG main            d.u.i.k.p.i.AbstractProblemLoader Init config took 2.63s 
107147     INFO  main            d.u.i.k.p.i.AbstractProblemLoader Replaying proof Iterator[Iterator::hasNext()].JML accessible clause.0 
107254     DEBUG main            d.u.i.k.p.i.IntermediateProofReplayer Proof replay took 96.17ms 
107256     DEBUG main            d.u.i.k.p.r.p.TestFile    ... success: reloaded. 
107257     INFO  main            d.u.i.k.p.r.p.TestFile    Now processing file /home/runner/work/key/key/key.core/../key.ui/examples/heap/SmansEtAl/Iterator_hasNext.key 
107258     INFO  main            d.u.i.k.p.i.AbstractProblemLoader Loading environment from /home/runner/work/key/key/key.core/../key.ui/examples/heap/SmansEtAl/Iterator_hasNext.key 
107258     DEBUG main            d.u.i.k.p.i.AbstractProblemLoader Environment load took 216.8ns 
107259     INFO  main            d.u.i.k.p.i.AbstractProblemLoader Creating init config 
109918     DEBUG main            d.u.i.k.p.i.AbstractProblemLoader Init config took 2.66s 
109959     INFO  main            d.u.i.k.p.i.AbstractProblemLoader Replaying proof Iterator[Iterator::hasNext()].JML normal_behavior operation contract.0 
109962     DEBUG main            d.u.i.k.p.i.IntermediateProofReplayer Proof replay took 7.3ns 
110568     INFO  main            d.u.i.k.p.r.p.TestFile    ... finished proof: open goal(s) 
110873     INFO  main            d.u.i.k.p.r.p.TestFile    Now processing file /home/runner/work/key/key/key.core/../key.ui/examples/heap/SmansEtAl/Iterator_inv.key 
110873     INFO  main            d.u.i.k.p.i.AbstractProblemLoader Loading environment from /home/runner/work/key/key/key.core/../key.ui/examples/heap/SmansEtAl/Iterator_inv.key 
110873     DEBUG main            d.u.i.k.p.i.AbstractProblemLoader Environment load took 97.1ns 
110874     INFO  main            d.u.i.k.p.i.AbstractProblemLoader Creating init config 
113472     DEBUG main            d.u.i.k.p.i.AbstractProblemLoader Init config took 2.6s 
113510     INFO  main            d.u.i.k.p.i.AbstractProblemLoader Replaying proof Iterator[java.lang.Object::<inv>()].JML accessible clause.0 
113513     DEBUG main            d.u.i.k.p.i.IntermediateProofReplayer Proof replay took 7.5ns 
113823     INFO  main            d.u.i.k.p.r.p.TestFile    ... finished proof: open goal(s) 
114066     INFO  main            d.u.i.k.p.r.p.TestFile    Now processing file /home/runner/work/key/key/key.core/../key.ui/examples/heap/SmansEtAl/Iterator_Iterator.key 
114066     INFO  main            d.u.i.k.p.i.AbstractProblemLoader Loading environment from /home/runner/work/key/key/key.core/../key.ui/examples/heap/SmansEtAl/Iterator_Iterator.key 
114066     DEBUG main            d.u.i.k.p.i.AbstractProblemLoader Environment load took 102.2ns 
114067     INFO  main            d.u.i.k.p.i.AbstractProblemLoader Creating init config 
116684     DEBUG main            d.u.i.k.p.i.AbstractProblemLoader Init config took 2.62s 
116720     INFO  main            d.u.i.k.p.i.AbstractProblemLoader Replaying proof Iterator[Iterator::Iterator(ArrayList)].JML normal_behavior operation contract.0 
116722     DEBUG main            d.u.i.k.p.i.IntermediateProofReplayer Proof replay took 6.9ns 
117429     INFO  main            d.u.i.k.p.r.p.TestFile    ... finished proof: open goal(s) 
117697     INFO  main            d.u.i.k.p.r.p.TestFile    Now processing file /home/runner/work/key/key/key.core/../key.ui/examples/heap/SmansEtAl/Iterator_list_dep.key 
117698     INFO  main            d.u.i.k.p.i.AbstractProblemLoader Loading environment from /home/runner/work/key/key/key.core/../key.ui/examples/heap/SmansEtAl/Iterator_list_dep.key 
117698     DEBUG main            d.u.i.k.p.i.AbstractProblemLoader Environment load took 136.8ns 
117699     INFO  main            d.u.i.k.p.i.AbstractProblemLoader Creating init config 
120338     DEBUG main            d.u.i.k.p.i.AbstractProblemLoader Init config took 2.64s 
120390     INFO  main            d.u.i.k.p.i.AbstractProblemLoader Replaying proof Iterator[Iterator::list()].JML accessible clause.0 
120392     DEBUG main            d.u.i.k.p.i.IntermediateProofReplayer Proof replay took 7.7ns 
120494     INFO  main            d.u.i.k.p.r.p.TestFile    ... finished proof: closed. 
120749     INFO  main            d.u.i.k.p.i.AbstractProblemLoader Loading environment from /home/runner/work/key/key/key.core/../key.ui/examples/heap/SmansEtAl/Iterator_list_dep.key.proof 
120749     DEBUG main            d.u.i.k.p.i.AbstractProblemLoader Environment load took 150.1ns 
120750     INFO  main            d.u.i.k.p.i.AbstractProblemLoader Creating init config 
123355     DEBUG main            d.u.i.k.p.i.AbstractProblemLoader Init config took 2.6s 
123392     INFO  main            d.u.i.k.p.i.AbstractProblemLoader Replaying proof Iterator[Iterator::list()].JML accessible clause.0 
123410     DEBUG main            d.u.i.k.p.i.IntermediateProofReplayer Proof replay took 16.6ms 
123411     DEBUG main            d.u.i.k.p.r.p.TestFile    ... success: reloaded. 
123412     INFO  main            d.u.i.k.p.r.p.TestFile    Now processing file /home/runner/work/key/key/key.core/../key.ui/examples/heap/SmansEtAl/Iterator_list.key 
123413     INFO  main            d.u.i.k.p.i.AbstractProblemLoader Loading environment from /home/runner/work/key/key/key.core/../key.ui/examples/heap/SmansEtAl/Iterator_list.key 
123413     DEBUG main            d.u.i.k.p.i.AbstractProblemLoader Environment load took 115.2ns 
123414     INFO  main            d.u.i.k.p.i.AbstractProblemLoader Creating init config 
126090     DEBUG main            d.u.i.k.p.i.AbstractProblemLoader Init config took 2.68s 
126128     INFO  main            d.u.i.k.p.i.AbstractProblemLoader Replaying proof Iterator[Iterator::list()].JML normal_behavior operation contract.0 
126130     DEBUG main            d.u.i.k.p.i.IntermediateProofReplayer Proof replay took 7.7ns 
126232     INFO  main            d.u.i.k.p.r.p.TestFile    ... finished proof: closed. 
126499     INFO  main            d.u.i.k.p.i.AbstractProblemLoader Loading environment from /home/runner/work/key/key/key.core/../key.ui/examples/heap/SmansEtAl/Iterator_list.key.proof 
126499     DEBUG main            d.u.i.k.p.i.AbstractProblemLoader Environment load took 149.4ns 
126501     INFO  main            d.u.i.k.p.i.AbstractProblemLoader Creating init config 
129082     DEBUG main            d.u.i.k.p.i.AbstractProblemLoader Init config took 2.58s 
129118     INFO  main            d.u.i.k.p.i.AbstractProblemLoader Replaying proof Iterator[Iterator::list()].JML normal_behavior operation contract.0 
129135     DEBUG main            d.u.i.k.p.i.IntermediateProofReplayer Proof replay took 14.58ms 
129136     DEBUG main            d.u.i.k.p.r.p.TestFile    ... success: reloaded. 
129137     INFO  main            d.u.i.k.p.r.p.TestFile    Now processing file /home/runner/work/key/key/key.core/../key.ui/examples/heap/SmansEtAl/Iterator_next.key 
129137     INFO  main            d.u.i.k.p.i.AbstractProblemLoader Loading environment from /home/runner/work/key/key/key.core/../key.ui/examples/heap/SmansEtAl/Iterator_next.key 
129137     DEBUG main            d.u.i.k.p.i.AbstractProblemLoader Environment load took 95.2ns 
129138     INFO  main            d.u.i.k.p.i.AbstractProblemLoader Creating init config 
131814     DEBUG main            d.u.i.k.p.i.AbstractProblemLoader Init config took 2.68s 
131850     INFO  main            d.u.i.k.p.i.AbstractProblemLoader Replaying proof Iterator[Iterator::next()].JML normal_behavior operation contract.0 
131852     DEBUG main            d.u.i.k.p.i.IntermediateProofReplayer Proof replay took 7.4ns 
133976     INFO  main            d.u.i.k.p.r.p.TestFile    ... finished proof: open goal(s) 
134282     INFO  main            d.u.i.k.p.r.p.TestFile    Now processing file /home/runner/work/key/key/key.core/../key.ui/examples/heap/SmansEtAl/Stack_footprint.key 
134282     INFO  main            d.u.i.k.p.i.AbstractProblemLoader Loading environment from /home/runner/work/key/key/key.core/../key.ui/examples/heap/SmansEtAl/Stack_footprint.key 
134282     DEBUG main            d.u.i.k.p.i.AbstractProblemLoader Environment load took 69.9ns 
134284     INFO  main            d.u.i.k.p.i.AbstractProblemLoader Creating init config 
136869     DEBUG main            d.u.i.k.p.i.AbstractProblemLoader Init config took 2.59s 
136869     DEBUG main            d.u.i.k.p.r.p.TestFile    Exception de.uka.ilkd.key.proof.io.ProblemLoaderException: Contract not found: Stack[Stack::$footprint()].JML accessible clause.0
	at de.uka.ilkd.key.control.AbstractUserInterfaceControl.load(AbstractUserInterfaceControl.java:225)
Caused by: java.lang.RuntimeException: Contract not found: Stack[Stack::$footprint()].JML accessible clause.0
	at de.uka.ilkd.key.proof.io.AbstractProblemLoader.createProofObligationContainer(AbstractProblemLoader.java:603)

136869     WARN  main            d.u.i.k.p.r.p.ForkedTestFileRunner Run failed de.uka.ilkd.key.proof.io.ProblemLoaderException: Contract not found: Stack[Stack::$footprint()].JML accessible clause.0
	at de.uka.ilkd.key.control.AbstractUserInterfaceControl.load(AbstractUserInterfaceControl.java:225)
Caused by: java.lang.RuntimeException: Contract not found: Stack[Stack::$footprint()].JML accessible clause.0
	at de.uka.ilkd.key.proof.io.AbstractProblemLoader.createProofObligationContainer(AbstractProblemLoader.java:603)

136870     INFO  main            d.u.i.k.p.r.p.TestFile    Now processing file /home/runner/work/key/key/key.core/../key.ui/examples/heap/SmansEtAl/Stack_inv.key 
136870     INFO  main            d.u.i.k.p.i.AbstractProblemLoader Loading environment from /home/runner/work/key/key/key.core/../key.ui/examples/heap/SmansEtAl/Stack_inv.key 
136871     DEBUG main            d.u.i.k.p.i.AbstractProblemLoader Environment load took 116.3ns 
136872     INFO  main            d.u.i.k.p.i.AbstractProblemLoader Creating init config 
139474     DEBUG main            d.u.i.k.p.i.AbstractProblemLoader Init config took 2.6s 
139509     INFO  main            d.u.i.k.p.i.AbstractProblemLoader Replaying proof Stack[java.lang.Object::<inv>()].JML accessible clause.0 
139510     DEBUG main            d.u.i.k.p.i.IntermediateProofReplayer Proof replay took 6.8ns 
139614     INFO  main            d.u.i.k.p.r.p.TestFile    ... finished proof: open goal(s) 
139892     INFO  main            d.u.i.k.p.r.p.TestFile    Now processing file /home/runner/work/key/key/key.core/../key.ui/examples/heap/SmansEtAl/Stack_push.key 
139893     INFO  main            d.u.i.k.p.i.AbstractProblemLoader Loading environment from /home/runner/work/key/key/key.core/../key.ui/examples/heap/SmansEtAl/Stack_push.key 
139893     DEBUG main            d.u.i.k.p.i.AbstractProblemLoader Environment load took 95.8ns 
139894     INFO  main            d.u.i.k.p.i.AbstractProblemLoader Creating init config 
142484     DEBUG main            d.u.i.k.p.i.AbstractProblemLoader Init config took 2.59s 
142520     INFO  main            d.u.i.k.p.i.AbstractProblemLoader Replaying proof Stack[Stack::push(java.lang.Object)].JML normal_behavior operation contract.0 
142521     DEBUG main            d.u.i.k.p.i.IntermediateProofReplayer Proof replay took 6.6ns 
143228     INFO  main            d.u.i.k.p.r.p.TestFile    ... finished proof: closed. 
143534     INFO  main            d.u.i.k.p.i.AbstractProblemLoader Loading environment from /home/runner/work/key/key/key.core/../key.ui/examples/heap/SmansEtAl/Stack_push.key.proof 
143535     DEBUG main            d.u.i.k.p.i.AbstractProblemLoader Environment load took 498.41ns 
143536     INFO  main            d.u.i.k.p.i.AbstractProblemLoader Creating init config 
146153     DEBUG main            d.u.i.k.p.i.AbstractProblemLoader Init config took 2.62s 
146192     INFO  main            d.u.i.k.p.i.AbstractProblemLoader Replaying proof Stack[Stack::push(java.lang.Object)].JML normal_behavior operation contract.0 
146317     DEBUG main            d.u.i.k.p.i.IntermediateProofReplayer Proof replay took 118.02ms 
146318     DEBUG main            d.u.i.k.p.r.p.TestFile    ... success: reloaded. 
146319     INFO  main            d.u.i.k.p.r.p.TestFile    Now processing file /home/runner/work/key/key/key.core/../key.ui/examples/heap/SmansEtAl/Stack_size.key 
146320     INFO  main            d.u.i.k.p.i.AbstractProblemLoader Loading environment from /home/runner/work/key/key/key.core/../key.ui/examples/heap/SmansEtAl/Stack_size.key 
146320     DEBUG main            d.u.i.k.p.i.AbstractProblemLoader Environment load took 224ns 
146321     INFO  main            d.u.i.k.p.i.AbstractProblemLoader Creating init config 
148955     DEBUG main            d.u.i.k.p.i.AbstractProblemLoader Init config took 2.63s 
148990     INFO  main            d.u.i.k.p.i.AbstractProblemLoader Replaying proof Stack[Stack::size()].JML accessible clause.0 
148991     DEBUG main            d.u.i.k.p.i.IntermediateProofReplayer Proof replay took 6ns 
149194     INFO  main            d.u.i.k.p.r.p.TestFile    ... finished proof: closed. 
149498     INFO  main            d.u.i.k.p.i.AbstractProblemLoader Loading environment from /home/runner/work/key/key/key.core/../key.ui/examples/heap/SmansEtAl/Stack_size.key.proof 
149498     DEBUG main            d.u.i.k.p.i.AbstractProblemLoader Environment load took 134.3ns 
149502     INFO  main            d.u.i.k.p.i.AbstractProblemLoader Creating init config 
152081     DEBUG main            d.u.i.k.p.i.AbstractProblemLoader Init config took 2.58s 
152119     INFO  main            d.u.i.k.p.i.AbstractProblemLoader Replaying proof Stack[Stack::size()].JML accessible clause.0 
152165     DEBUG main            d.u.i.k.p.i.IntermediateProofReplayer Proof replay took 41.76ms 
152166     DEBUG main            d.u.i.k.p.r.p.TestFile    ... success: reloaded. 
152167     INFO  main            d.u.i.k.p.r.p.TestFile    Now processing file /home/runner/work/key/key/key.core/../key.ui/examples/heap/SmansEtAl/Stack_Stack.key 
152168     INFO  main            d.u.i.k.p.i.AbstractProblemLoader Loading environment from /home/runner/work/key/key/key.core/../key.ui/examples/heap/SmansEtAl/Stack_Stack.key 
152168     DEBUG main            d.u.i.k.p.i.AbstractProblemLoader Environment load took 90.9ns 
152169     INFO  main            d.u.i.k.p.i.AbstractProblemLoader Creating init config 
154815     DEBUG main            d.u.i.k.p.i.AbstractProblemLoader Init config took 2.65s 
154850     INFO  main            d.u.i.k.p.i.AbstractProblemLoader Replaying proof Stack[Stack::Stack()].JML normal_behavior operation contract.0 
154851     DEBUG main            d.u.i.k.p.i.IntermediateProofReplayer Proof replay took 7.2ns 
155658     INFO  main            d.u.i.k.p.r.p.TestFile    ... finished proof: open goal(s) 
155964     INFO  main            d.u.i.k.p.r.p.TestFile    Now processing file /home/runner/work/key/key/key.core/../key.ui/examples/heap/SmansEtAl/Stack_switchContents.key 
155964     INFO  main            d.u.i.k.p.i.AbstractProblemLoader Loading environment from /home/runner/work/key/key/key.core/../key.ui/examples/heap/SmansEtAl/Stack_switchContents.key 
155964     DEBUG main            d.u.i.k.p.i.AbstractProblemLoader Environment load took 64.3ns 
155965     INFO  main            d.u.i.k.p.i.AbstractProblemLoader Creating init config 
158574     DEBUG main            d.u.i.k.p.i.AbstractProblemLoader Init config took 2.61s 
158609     INFO  main            d.u.i.k.p.i.AbstractProblemLoader Replaying proof Stack[Stack::switchContents(Stack)].JML normal_behavior operation contract.0 
158610     DEBUG main            d.u.i.k.p.i.IntermediateProofReplayer Proof replay took 7.1ns 
163337     INFO  main            d.u.i.k.p.r.p.TestFile    ... finished proof: open goal(s) 
2026984    INFO  Test worker     d.u.i.k.p.r.RunAllProofsTestUnit Running test VACID0 
322        INFO  Timeout watchdog d.u.i.k.p.r.p.ForkedTestFileRunner Timeout watcher launched (2000 secs.) 
332        WARN  main            d.u.i.k.s.ProofSettings   The settings in /home/runner/.key/proof-settings.props are *not* read. 
361        INFO  main            d.u.i.k.p.r.p.TestFile    Now processing file /home/runner/work/key/key/key.core/../key.ui/examples/heap/vacid0_01_SparseArray/Harness_sparseArrayTestHarness1.key 
467        INFO  main            d.u.i.k.p.i.AbstractProblemLoader Loading environment from /home/runner/work/key/key/key.core/../key.ui/examples/heap/vacid0_01_SparseArray/Harness_sparseArrayTestHarness1.key 
491        DEBUG main            d.u.i.k.p.i.AbstractProblemLoader Environment load took 2.11ms 
716        INFO  main            d.u.i.k.p.i.AbstractProblemLoader Creating init config 
1720       DEBUG main            d.u.i.k.j.TypeConverter   No LDT found for Meta 
1721       DEBUG main            d.u.i.k.j.TypeConverter   No LDT found for Meta 
1723       DEBUG main            d.u.i.k.j.TypeConverter   No LDT found for Meta 
1723       DEBUG main            d.u.i.k.j.TypeConverter   No LDT found for Meta 
2999       DEBUG main            d.u.i.k.j.TypeConverter   No LDT found for JavaBigintExpression 
8072       DEBUG main            d.u.i.k.p.i.AbstractProblemLoader Init config took 7.36s 
8194       INFO  main            d.u.i.k.p.i.AbstractProblemLoader Replaying proof Harness[Harness::sparseArrayTestHarness1()].JML normal_behavior operation contract.0 
8226       DEBUG main            d.u.i.k.p.i.IntermediateProofReplayer Proof replay took 33.2ns 
9908       INFO  main            d.u.i.k.p.r.p.TestFile    ... finished proof: closed. 
10065      INFO  main            d.u.i.k.p.i.AbstractProblemLoader Loading environment from /home/runner/work/key/key/key.core/../key.ui/examples/heap/vacid0_01_SparseArray/Harness_sparseArrayTestHarness1.key.proof 
10067      DEBUG main            d.u.i.k.p.i.AbstractProblemLoader Environment load took 1.63ms 
10069      INFO  main            d.u.i.k.p.i.AbstractProblemLoader Creating init config 
13063      DEBUG main            d.u.i.k.p.i.AbstractProblemLoader Init config took 2.99s 
13125      INFO  main            d.u.i.k.p.i.AbstractProblemLoader Replaying proof Harness[Harness::sparseArrayTestHarness1()].JML normal_behavior operation contract.0 
13380      DEBUG main            d.u.i.k.p.i.IntermediateProofReplayer Proof replay took 245.82ms 
13388      DEBUG main            d.u.i.k.p.r.p.TestFile    ... success: reloaded. 
13390      INFO  main            d.u.i.k.p.r.p.TestFile    Now processing file /home/runner/work/key/key/key.core/../key.ui/examples/heap/vacid0_01_SparseArray/Harness_sparseArrayTestHarness2.key 
13391      INFO  main            d.u.i.k.p.i.AbstractProblemLoader Loading environment from /home/runner/work/key/key/key.core/../key.ui/examples/heap/vacid0_01_SparseArray/Harness_sparseArrayTestHarness2.key 
13392      DEBUG main            d.u.i.k.p.i.AbstractProblemLoader Environment load took 1.41ms 
13396      INFO  main            d.u.i.k.p.i.AbstractProblemLoader Creating init config 
16278      DEBUG main            d.u.i.k.p.i.AbstractProblemLoader Init config took 2.88s 
16353      INFO  main            d.u.i.k.p.i.AbstractProblemLoader Replaying proof Harness[Harness::sparseArrayTestHarness2()].JML normal_behavior operation contract.0 
16356      DEBUG main            d.u.i.k.p.i.IntermediateProofReplayer Proof replay took 6.7ns 
25829      INFO  main            d.u.i.k.p.r.p.TestFile    ... finished proof: closed. 
26058      INFO  main            d.u.i.k.p.i.AbstractProblemLoader Loading environment from /home/runner/work/key/key/key.core/../key.ui/examples/heap/vacid0_01_SparseArray/Harness_sparseArrayTestHarness2.key.proof 
26058      DEBUG main            d.u.i.k.p.i.AbstractProblemLoader Environment load took 569.71ns 
26061      INFO  main            d.u.i.k.p.i.AbstractProblemLoader Creating init config 
28700      DEBUG main            d.u.i.k.p.i.AbstractProblemLoader Init config took 2.64s 
28750      INFO  main            d.u.i.k.p.i.AbstractProblemLoader Replaying proof Harness[Harness::sparseArrayTestHarness2()].JML normal_behavior operation contract.0 
29824      DEBUG main            d.u.i.k.p.i.IntermediateProofReplayer Proof replay took 1.03s 
29828      DEBUG main            d.u.i.k.p.r.p.TestFile    ... success: reloaded. 
29829      INFO  main            d.u.i.k.p.r.p.TestFile    Now processing file /home/runner/work/key/key/key.core/../key.ui/examples/heap/vacid0_01_SparseArray/MemoryAllocator_alloc_unsigned.key 
29830      INFO  main            d.u.i.k.p.i.AbstractProblemLoader Loading environment from /home/runner/work/key/key/key.core/../key.ui/examples/heap/vacid0_01_SparseArray/MemoryAllocator_alloc_unsigned.key 
29830      DEBUG main            d.u.i.k.p.i.AbstractProblemLoader Environment load took 232.7ns 
29831      INFO  main            d.u.i.k.p.i.AbstractProblemLoader Creating init config 
32596      DEBUG main            d.u.i.k.p.i.AbstractProblemLoader Init config took 2.76s 
32643      INFO  main            d.u.i.k.p.i.AbstractProblemLoader Replaying proof MemoryAllocator[MemoryAllocator::alloc_unsigned(int)].JML normal_behavior operation contract.0 
32645      DEBUG main            d.u.i.k.p.i.IntermediateProofReplayer Proof replay took 6.6ns 
33766      INFO  main            d.u.i.k.p.r.p.TestFile    ... finished proof: closed. 
33937      INFO  main            d.u.i.k.p.i.AbstractProblemLoader Loading environment from /home/runner/work/key/key/key.core/../key.ui/examples/heap/vacid0_01_SparseArray/MemoryAllocator_alloc_unsigned.key.proof 
33937      DEBUG main            d.u.i.k.p.i.AbstractProblemLoader Environment load took 516.41ns 
33939      INFO  main            d.u.i.k.p.i.AbstractProblemLoader Creating init config 
36614      DEBUG main            d.u.i.k.p.i.AbstractProblemLoader Init config took 2.68s 
36658      INFO  main            d.u.i.k.p.i.AbstractProblemLoader Replaying proof MemoryAllocator[MemoryAllocator::alloc_unsigned(int)].JML normal_behavior operation contract.0 
36869      DEBUG main            d.u.i.k.p.i.IntermediateProofReplayer Proof replay took 204.72ms 
36870      DEBUG main            d.u.i.k.p.r.p.TestFile    ... success: reloaded. 
36872      INFO  main            d.u.i.k.p.r.p.TestFile    Now processing file /home/runner/work/key/key/key.core/../key.ui/examples/heap/vacid0_01_SparseArray/MemoryAllocator_alloc.key 
36872      INFO  main            d.u.i.k.p.i.AbstractProblemLoader Loading environment from /home/runner/work/key/key/key.core/../key.ui/examples/heap/vacid0_01_SparseArray/MemoryAllocator_alloc.key 
36873      DEBUG main            d.u.i.k.p.i.AbstractProblemLoader Environment load took 225.7ns 
36874      INFO  main            d.u.i.k.p.i.AbstractProblemLoader Creating init config 
39620      DEBUG main            d.u.i.k.p.i.AbstractProblemLoader Init config took 2.75s 
39681      INFO  main            d.u.i.k.p.i.AbstractProblemLoader Replaying proof MemoryAllocator[MemoryAllocator::alloc(int)].JML normal_behavior operation contract.0 
39683      DEBUG main            d.u.i.k.p.i.IntermediateProofReplayer Proof replay took 7.2ns 
40287      INFO  main            d.u.i.k.p.r.p.TestFile    ... finished proof: closed. 
40554      INFO  main            d.u.i.k.p.i.AbstractProblemLoader Loading environment from /home/runner/work/key/key/key.core/../key.ui/examples/heap/vacid0_01_SparseArray/MemoryAllocator_alloc.key.proof 
40556      DEBUG main            d.u.i.k.p.i.AbstractProblemLoader Environment load took 1.79ms 
40557      INFO  main            d.u.i.k.p.i.AbstractProblemLoader Creating init config 
43162      DEBUG main            d.u.i.k.p.i.AbstractProblemLoader Init config took 2.6s 
43205      INFO  main            d.u.i.k.p.i.AbstractProblemLoader Replaying proof MemoryAllocator[MemoryAllocator::alloc(int)].JML normal_behavior operation contract.0 
43339      DEBUG main            d.u.i.k.p.i.IntermediateProofReplayer Proof replay took 129.14ms 
43340      DEBUG main            d.u.i.k.p.r.p.TestFile    ... success: reloaded. 
43341      INFO  main            d.u.i.k.p.r.p.TestFile    Now processing file /home/runner/work/key/key/key.core/../key.ui/examples/heap/vacid0_01_SparseArray/SparseArray_get_dep.key 
43342      INFO  main            d.u.i.k.p.i.AbstractProblemLoader Loading environment from /home/runner/work/key/key/key.core/../key.ui/examples/heap/vacid0_01_SparseArray/SparseArray_get_dep.key 
43342      DEBUG main            d.u.i.k.p.i.AbstractProblemLoader Environment load took 167.9ns 
43343      INFO  main            d.u.i.k.p.i.AbstractProblemLoader Creating init config 
46008      DEBUG main            d.u.i.k.p.i.AbstractProblemLoader Init config took 2.66s 
46089      INFO  main            d.u.i.k.p.i.AbstractProblemLoader Replaying proof SparseArray[SparseArray::get(int)].JML accessible clause.0 
46091      DEBUG main            d.u.i.k.p.i.IntermediateProofReplayer Proof replay took 5.5ns 
48425      INFO  main            d.u.i.k.p.r.p.TestFile    ... finished proof: closed. 
48623      INFO  main            d.u.i.k.p.i.AbstractProblemLoader Loading environment from /home/runner/work/key/key/key.core/../key.ui/examples/heap/vacid0_01_SparseArray/SparseArray_get_dep.key.proof 
48624      DEBUG main            d.u.i.k.p.i.AbstractProblemLoader Environment load took 504.3ns 
48625      INFO  main            d.u.i.k.p.i.AbstractProblemLoader Creating init config 
51186      DEBUG main            d.u.i.k.p.i.AbstractProblemLoader Init config took 2.56s 
51246      INFO  main            d.u.i.k.p.i.AbstractProblemLoader Replaying proof SparseArray[SparseArray::get(int)].JML accessible clause.0 
51511      DEBUG main            d.u.i.k.p.i.IntermediateProofReplayer Proof replay took 255.15ms 
51513      DEBUG main            d.u.i.k.p.r.p.TestFile    ... success: reloaded. 
51514      INFO  main            d.u.i.k.p.r.p.TestFile    Now processing file /home/runner/work/key/key/key.core/../key.ui/examples/heap/vacid0_01_SparseArray/SparseArray_get.key 
51515      INFO  main            d.u.i.k.p.i.AbstractProblemLoader Loading environment from /home/runner/work/key/key/key.core/../key.ui/examples/heap/vacid0_01_SparseArray/SparseArray_get.key 
51515      DEBUG main            d.u.i.k.p.i.AbstractProblemLoader Environment load took 249.7ns 
51516      INFO  main            d.u.i.k.p.i.AbstractProblemLoader Creating init config 
54182      DEBUG main            d.u.i.k.p.i.AbstractProblemLoader Init config took 2.67s 
54243      INFO  main            d.u.i.k.p.i.AbstractProblemLoader Replaying proof SparseArray[SparseArray::get(int)].JML normal_behavior operation contract.0 
54245      DEBUG main            d.u.i.k.p.i.IntermediateProofReplayer Proof replay took 8.2ns 
56453      INFO  main            d.u.i.k.p.r.p.TestFile    ... finished proof: closed. 
56654      INFO  main            d.u.i.k.p.i.AbstractProblemLoader Loading environment from /home/runner/work/key/key/key.core/../key.ui/examples/heap/vacid0_01_SparseArray/SparseArray_get.key.proof 
56655      DEBUG main            d.u.i.k.p.i.AbstractProblemLoader Environment load took 509.61ns 
56657      INFO  main            d.u.i.k.p.i.AbstractProblemLoader Creating init config 
59233      DEBUG main            d.u.i.k.p.i.AbstractProblemLoader Init config took 2.58s 
59291      INFO  main            d.u.i.k.p.i.AbstractProblemLoader Replaying proof SparseArray[SparseArray::get(int)].JML normal_behavior operation contract.0 
59596      DEBUG main            d.u.i.k.p.i.IntermediateProofReplayer Proof replay took 292.51ms 
59597      DEBUG main            d.u.i.k.p.r.p.TestFile    ... success: reloaded. 
59599      INFO  main            d.u.i.k.p.r.p.TestFile    Now processing file /home/runner/work/key/key/key.core/../key.ui/examples/heap/vacid0_01_SparseArray/SparseArray_inv.key 
59599      INFO  main            d.u.i.k.p.i.AbstractProblemLoader Loading environment from /home/runner/work/key/key/key.core/../key.ui/examples/heap/vacid0_01_SparseArray/SparseArray_inv.key 
59599      DEBUG main            d.u.i.k.p.i.AbstractProblemLoader Environment load took 242.1ns 
59601      INFO  main            d.u.i.k.p.i.AbstractProblemLoader Creating init config 
62170      DEBUG main            d.u.i.k.p.i.AbstractProblemLoader Init config took 2.57s 
62252      INFO  main            d.u.i.k.p.i.AbstractProblemLoader Replaying proof SparseArray[java.lang.Object::<inv>()].JML accessible clause.0 
62254      DEBUG main            d.u.i.k.p.i.IntermediateProofReplayer Proof replay took 7.7ns 
64070      INFO  main            d.u.i.k.p.r.p.TestFile    ... finished proof: closed. 
64285      INFO  main            d.u.i.k.p.i.AbstractProblemLoader Loading environment from /home/runner/work/key/key/key.core/../key.ui/examples/heap/vacid0_01_SparseArray/SparseArray_inv.key.proof 
64286      DEBUG main            d.u.i.k.p.i.AbstractProblemLoader Environment load took 514.01ns 
64287      INFO  main            d.u.i.k.p.i.AbstractProblemLoader Creating init config 
66893      DEBUG main            d.u.i.k.p.i.AbstractProblemLoader Init config took 2.61s 
66968      INFO  main            d.u.i.k.p.i.AbstractProblemLoader Replaying proof SparseArray[java.lang.Object::<inv>()].JML accessible clause.0 
67099      DEBUG main            d.u.i.k.p.i.IntermediateProofReplayer Proof replay took 125.13ms 
67101      DEBUG main            d.u.i.k.p.r.p.TestFile    ... success: reloaded. 
67102      INFO  main            d.u.i.k.p.r.p.TestFile    Now processing file /home/runner/work/key/key/key.core/../key.ui/examples/heap/vacid0_01_SparseArray/SparseArray_SparseArray.key 
67102      INFO  main            d.u.i.k.p.i.AbstractProblemLoader Loading environment from /home/runner/work/key/key/key.core/../key.ui/examples/heap/vacid0_01_SparseArray/SparseArray_SparseArray.key 
67102      DEBUG main            d.u.i.k.p.i.AbstractProblemLoader Environment load took 130.8ns 
67103      INFO  main            d.u.i.k.p.i.AbstractProblemLoader Creating init config 
69653      DEBUG main            d.u.i.k.p.i.AbstractProblemLoader Init config took 2.55s 
69708      INFO  main            d.u.i.k.p.i.AbstractProblemLoader Replaying proof SparseArray[SparseArray::SparseArray(int)].JML normal_behavior operation contract.0 
69709      DEBUG main            d.u.i.k.p.i.IntermediateProofReplayer Proof replay took 6.7ns 
73381      INFO  main            d.u.i.k.p.r.p.TestFile    ... finished proof: closed. 
73618      INFO  main            d.u.i.k.p.i.AbstractProblemLoader Loading environment from /home/runner/work/key/key/key.core/../key.ui/examples/heap/vacid0_01_SparseArray/SparseArray_SparseArray.key.proof 
73619      DEBUG main            d.u.i.k.p.i.AbstractProblemLoader Environment load took 561.21ns 
73620      INFO  main            d.u.i.k.p.i.AbstractProblemLoader Creating init config 
76156      DEBUG main            d.u.i.k.p.i.AbstractProblemLoader Init config took 2.53s 
76211      INFO  main            d.u.i.k.p.i.AbstractProblemLoader Replaying proof SparseArray[SparseArray::SparseArray(int)].JML normal_behavior operation contract.0 
76705      DEBUG main            d.u.i.k.p.i.IntermediateProofReplayer Proof replay took 484.6ms 
76707      DEBUG main            d.u.i.k.p.r.p.TestFile    ... success: reloaded. 
2103886    INFO  Test worker     d.u.i.k.p.r.RunAllProofsTestUnit Returning from test VACID0 
2103888    INFO  Test worker     d.u.i.k.p.r.RunAllProofsTestUnit Running test VSTTE10 
391        INFO  Timeout watchdog d.u.i.k.p.r.p.ForkedTestFileRunner Timeout watcher launched (2000 secs.) 
410        WARN  main            d.u.i.k.s.ProofSettings   The settings in /home/runner/.key/proof-settings.props are *not* read. 
445        INFO  main            d.u.i.k.p.r.p.TestFile    Now processing file /home/runner/work/key/key/key.core/../key.ui/examples/heap/vstte10_01_SumAndMax/SumAndMax_sumAndMax.key 
566        INFO  main            d.u.i.k.p.i.AbstractProblemLoader Loading environment from /home/runner/work/key/key/key.core/../key.ui/examples/heap/vstte10_01_SumAndMax/SumAndMax_sumAndMax.key 
583        DEBUG main            d.u.i.k.p.i.AbstractProblemLoader Environment load took 2.49ms 
817        INFO  main            d.u.i.k.p.i.AbstractProblemLoader Creating init config 
1802       DEBUG main            d.u.i.k.j.TypeConverter   No LDT found for Meta 
1803       DEBUG main            d.u.i.k.j.TypeConverter   No LDT found for Meta 
1804       DEBUG main            d.u.i.k.j.TypeConverter   No LDT found for Meta 
1804       DEBUG main            d.u.i.k.j.TypeConverter   No LDT found for Meta 
3452       DEBUG main            d.u.i.k.j.TypeConverter   No LDT found for JavaBigintExpression 
8313       DEBUG main            d.u.i.k.p.i.AbstractProblemLoader Init config took 7.5s 
8451       INFO  main            d.u.i.k.p.i.AbstractProblemLoader Replaying proof SumAndMax[SumAndMax::sumAndMax([I)].JML normal_behavior operation contract.0 
8486       DEBUG main            d.u.i.k.p.i.IntermediateProofReplayer Proof replay took 33.5ns 
13822      INFO  main            d.u.i.k.p.r.p.TestFile    ... finished proof: closed. 
14024      INFO  main            d.u.i.k.p.i.AbstractProblemLoader Loading environment from /home/runner/work/key/key/key.core/../key.ui/examples/heap/vstte10_01_SumAndMax/SumAndMax_sumAndMax.key.proof 
14025      DEBUG main            d.u.i.k.p.i.AbstractProblemLoader Environment load took 1.01ms 
14028      INFO  main            d.u.i.k.p.i.AbstractProblemLoader Creating init config 
16819      DEBUG main            d.u.i.k.p.i.AbstractProblemLoader Init config took 2.79s 
16890      INFO  main            d.u.i.k.p.i.AbstractProblemLoader Replaying proof SumAndMax[SumAndMax::sumAndMax([I)].JML normal_behavior operation contract.0 
17748      DEBUG main            d.u.i.k.p.i.IntermediateProofReplayer Proof replay took 824.6ms 
17759      DEBUG main            d.u.i.k.p.r.p.TestFile    ... success: reloaded. 
17762      INFO  main            d.u.i.k.p.r.p.TestFile    Now processing file /home/runner/work/key/key/key.core/../key.ui/examples/heap/vstte10_03_LinkedList/Node_cons.key 
17762      INFO  main            d.u.i.k.p.i.AbstractProblemLoader Loading environment from /home/runner/work/key/key/key.core/../key.ui/examples/heap/vstte10_03_LinkedList/Node_cons.key 
17763      DEBUG main            d.u.i.k.p.i.AbstractProblemLoader Environment load took 143.4ns 
17766      INFO  main            d.u.i.k.p.i.AbstractProblemLoader Creating init config 
20523      DEBUG main            d.u.i.k.p.i.AbstractProblemLoader Init config took 2.76s 
20585      INFO  main            d.u.i.k.p.i.AbstractProblemLoader Replaying proof Node[Node::cons(int,Node)].JML normal_behavior operation contract.0 
20588      DEBUG main            d.u.i.k.p.i.IntermediateProofReplayer Proof replay took 8.2ns 
22425      INFO  main            d.u.i.k.p.r.p.TestFile    ... finished proof: closed. 
22613      INFO  main            d.u.i.k.p.i.AbstractProblemLoader Loading environment from /home/runner/work/key/key/key.core/../key.ui/examples/heap/vstte10_03_LinkedList/Node_cons.key.proof 
22614      DEBUG main            d.u.i.k.p.i.AbstractProblemLoader Environment load took 502.91ns 
22616      INFO  main            d.u.i.k.p.i.AbstractProblemLoader Creating init config 
25227      DEBUG main            d.u.i.k.p.i.AbstractProblemLoader Init config took 2.61s 
25281      INFO  main            d.u.i.k.p.i.AbstractProblemLoader Replaying proof Node[Node::cons(int,Node)].JML normal_behavior operation contract.0 
25592      DEBUG main            d.u.i.k.p.i.IntermediateProofReplayer Proof replay took 298.66ms 
25594      DEBUG main            d.u.i.k.p.r.p.TestFile    ... success: reloaded. 
25595      INFO  main            d.u.i.k.p.r.p.TestFile    Now processing file /home/runner/work/key/key/key.core/../key.ui/examples/heap/vstte10_03_LinkedList/Node_inv.key 
25595      INFO  main            d.u.i.k.p.i.AbstractProblemLoader Loading environment from /home/runner/work/key/key/key.core/../key.ui/examples/heap/vstte10_03_LinkedList/Node_inv.key 
25596      DEBUG main            d.u.i.k.p.i.AbstractProblemLoader Environment load took 277.4ns 
25597      INFO  main            d.u.i.k.p.i.AbstractProblemLoader Creating init config 
28194      DEBUG main            d.u.i.k.p.i.AbstractProblemLoader Init config took 2.6s 
28253      INFO  main            d.u.i.k.p.i.AbstractProblemLoader Replaying proof Node[java.lang.Object::<inv>()].JML accessible clause.0 
28256      DEBUG main            d.u.i.k.p.i.IntermediateProofReplayer Proof replay took 7.6ns 
28559      INFO  main            d.u.i.k.p.r.p.TestFile    ... finished proof: closed. 
28726      INFO  main            d.u.i.k.p.i.AbstractProblemLoader Loading environment from /home/runner/work/key/key/key.core/../key.ui/examples/heap/vstte10_03_LinkedList/Node_inv.key.proof 
28727      DEBUG main            d.u.i.k.p.i.AbstractProblemLoader Environment load took 233.8ns 
28728      INFO  main            d.u.i.k.p.i.AbstractProblemLoader Creating init config 
31290      DEBUG main            d.u.i.k.p.i.AbstractProblemLoader Init config took 2.56s 
31344      INFO  main            d.u.i.k.p.i.AbstractProblemLoader Replaying proof Node[java.lang.Object::<inv>()].JML accessible clause.0 
31398      DEBUG main            d.u.i.k.p.i.IntermediateProofReplayer Proof replay took 49.81ms 
31400      DEBUG main            d.u.i.k.p.r.p.TestFile    ... success: reloaded. 
31401      INFO  main            d.u.i.k.p.r.p.TestFile    Now processing file /home/runner/work/key/key/key.core/../key.ui/examples/heap/vstte10_03_LinkedList/Node_search.key 
31402      INFO  main            d.u.i.k.p.i.AbstractProblemLoader Loading environment from /home/runner/work/key/key/key.core/../key.ui/examples/heap/vstte10_03_LinkedList/Node_search.key 
31402      DEBUG main            d.u.i.k.p.i.AbstractProblemLoader Environment load took 221.9ns 
31403      INFO  main            d.u.i.k.p.i.AbstractProblemLoader Creating init config 
33976      DEBUG main            d.u.i.k.p.i.AbstractProblemLoader Init config took 2.57s 
34028      INFO  main            d.u.i.k.p.i.AbstractProblemLoader Replaying proof Node[Node::search()].JML normal_behavior operation contract.0 
34031      DEBUG main            d.u.i.k.p.i.IntermediateProofReplayer Proof replay took 9ns 
41409      INFO  main            d.u.i.k.p.r.p.TestFile    ... finished proof: closed. 
41648      INFO  main            d.u.i.k.p.i.AbstractProblemLoader Loading environment from /home/runner/work/key/key/key.core/../key.ui/examples/heap/vstte10_03_LinkedList/Node_search.key.proof 
41648      DEBUG main            d.u.i.k.p.i.AbstractProblemLoader Environment load took 548.51ns 
41651      INFO  main            d.u.i.k.p.i.AbstractProblemLoader Creating init config 
44204      DEBUG main            d.u.i.k.p.i.AbstractProblemLoader Init config took 2.55s 
44256      INFO  main            d.u.i.k.p.i.AbstractProblemLoader Replaying proof Node[Node::search()].JML normal_behavior operation contract.0 
45002      DEBUG main            d.u.i.k.p.i.IntermediateProofReplayer Proof replay took 696.53ms 
45005      DEBUG main            d.u.i.k.p.r.p.TestFile    ... success: reloaded. 
45007      INFO  main            d.u.i.k.p.r.p.TestFile    Now processing file /home/runner/work/key/key/key.core/../key.ui/examples/heap/vstte10_04_Queens/Queens_isConsistent.key 
45007      INFO  main            d.u.i.k.p.i.AbstractProblemLoader Loading environment from /home/runner/work/key/key/key.core/../key.ui/examples/heap/vstte10_04_Queens/Queens_isConsistent.key 
45007      DEBUG main            d.u.i.k.p.i.AbstractProblemLoader Environment load took 245.91ns 
45008      INFO  main            d.u.i.k.p.i.AbstractProblemLoader Creating init config 
47923      DEBUG main            d.u.i.k.p.i.AbstractProblemLoader Init config took 2.91s 
47971      INFO  main            d.u.i.k.p.i.AbstractProblemLoader Replaying proof Queens[Queens::isConsistent([I,int)].JML normal_behavior operation contract.0 
47973      DEBUG main            d.u.i.k.p.i.IntermediateProofReplayer Proof replay took 6.7ns 
49821      INFO  main            d.u.i.k.p.r.p.TestFile    ... finished proof: closed. 
50064      INFO  main            d.u.i.k.p.i.AbstractProblemLoader Loading environment from /home/runner/work/key/key/key.core/../key.ui/examples/heap/vstte10_04_Queens/Queens_isConsistent.key.proof 
50065      DEBUG main            d.u.i.k.p.i.AbstractProblemLoader Environment load took 504.21ns 
50066      INFO  main            d.u.i.k.p.i.AbstractProblemLoader Creating init config 
52668      DEBUG main            d.u.i.k.p.i.AbstractProblemLoader Init config took 2.6s 
52717      INFO  main            d.u.i.k.p.i.AbstractProblemLoader Replaying proof Queens[Queens::isConsistent([I,int)].JML normal_behavior operation contract.0 
53146      DEBUG main            d.u.i.k.p.i.IntermediateProofReplayer Proof replay took 418.81ms 
53148      DEBUG main            d.u.i.k.p.r.p.TestFile    ... success: reloaded. 
53149      INFO  main            d.u.i.k.p.r.p.TestFile    Now processing file /home/runner/work/key/key/key.core/../key.ui/examples/heap/vstte10_04_Queens/Queens_nQueens.key 
53150      INFO  main            d.u.i.k.p.i.AbstractProblemLoader Loading environment from /home/runner/work/key/key/key.core/../key.ui/examples/heap/vstte10_04_Queens/Queens_nQueens.key 
53150      DEBUG main            d.u.i.k.p.i.AbstractProblemLoader Environment load took 251.5ns 
53153      INFO  main            d.u.i.k.p.i.AbstractProblemLoader Creating init config 
55759      DEBUG main            d.u.i.k.p.i.AbstractProblemLoader Init config took 2.61s 
55811      INFO  main            d.u.i.k.p.i.AbstractProblemLoader Replaying proof Queens[Queens::nQueens(int)].JML normal_behavior operation contract.0 
55814      DEBUG main            d.u.i.k.p.i.IntermediateProofReplayer Proof replay took 7.2ns 
68999      INFO  main            d.u.i.k.p.r.p.TestFile    ... finished proof: closed. 
69249      INFO  main            d.u.i.k.p.i.AbstractProblemLoader Loading environment from /home/runner/work/key/key/key.core/../key.ui/examples/heap/vstte10_04_Queens/Queens_nQueens.key.proof 
69251      DEBUG main            d.u.i.k.p.i.AbstractProblemLoader Environment load took 2.06ms 
69253      INFO  main            d.u.i.k.p.i.AbstractProblemLoader Creating init config 
71853      DEBUG main            d.u.i.k.p.i.AbstractProblemLoader Init config took 2.6s 
71913      INFO  main            d.u.i.k.p.i.AbstractProblemLoader Replaying proof Queens[Queens::nQueens(int)].JML normal_behavior operation contract.0 
72945      DEBUG main            d.u.i.k.p.i.IntermediateProofReplayer Proof replay took 1.01s 
72947      DEBUG main            d.u.i.k.p.r.p.TestFile    ... success: reloaded. 
72949      INFO  main            d.u.i.k.p.r.p.TestFile    Now processing file /home/runner/work/key/key/key.core/../key.ui/examples/heap/vstte10_05_Queue/AmortizedQueue_AmortizedQueue.key 
72949      INFO  main            d.u.i.k.p.i.AbstractProblemLoader Loading environment from /home/runner/work/key/key/key.core/../key.ui/examples/heap/vstte10_05_Queue/AmortizedQueue_AmortizedQueue.key 
72949      DEBUG main            d.u.i.k.p.i.AbstractProblemLoader Environment load took 229.2ns 
72951      INFO  main            d.u.i.k.p.i.AbstractProblemLoader Creating init config 
75777      DEBUG main            d.u.i.k.p.i.AbstractProblemLoader Init config took 2.83s 
75824      INFO  main            d.u.i.k.p.i.AbstractProblemLoader Replaying proof AmortizedQueue[AmortizedQueue::AmortizedQueue()].JML normal_behavior operation contract.0 
75830      DEBUG main            d.u.i.k.p.i.IntermediateProofReplayer Proof replay took 7.2ns 
77337      INFO  main            d.u.i.k.p.r.p.TestFile    ... finished proof: closed. 
77701      INFO  main            d.u.i.k.p.i.AbstractProblemLoader Loading environment from /home/runner/work/key/key/key.core/../key.ui/examples/heap/vstte10_05_Queue/AmortizedQueue_AmortizedQueue.key.proof 
77701      DEBUG main            d.u.i.k.p.i.AbstractProblemLoader Environment load took 519.5ns 
77703      INFO  main            d.u.i.k.p.i.AbstractProblemLoader Creating init config 
80303      DEBUG main            d.u.i.k.p.i.AbstractProblemLoader Init config took 2.6s 
80358      INFO  main            d.u.i.k.p.i.AbstractProblemLoader Replaying proof AmortizedQueue[AmortizedQueue::AmortizedQueue()].JML normal_behavior operation contract.0 
80612      DEBUG main            d.u.i.k.p.i.IntermediateProofReplayer Proof replay took 245.92ms 
80613      DEBUG main            d.u.i.k.p.r.p.TestFile    ... success: reloaded. 
80614      INFO  main            d.u.i.k.p.r.p.TestFile    Now processing file /home/runner/work/key/key/key.core/../key.ui/examples/heap/vstte10_05_Queue/AmortizedQueue_front.key 
80614      INFO  main            d.u.i.k.p.i.AbstractProblemLoader Loading environment from /home/runner/work/key/key/key.core/../key.ui/examples/heap/vstte10_05_Queue/AmortizedQueue_front.key 
80615      DEBUG main            d.u.i.k.p.i.AbstractProblemLoader Environment load took 121ns 
80615      INFO  main            d.u.i.k.p.i.AbstractProblemLoader Creating init config 
83168      DEBUG main            d.u.i.k.p.i.AbstractProblemLoader Init config took 2.55s 
83214      INFO  main            d.u.i.k.p.i.AbstractProblemLoader Replaying proof AmortizedQueue[AmortizedQueue::front()].JML normal_behavior operation contract.0 
83215      DEBUG main            d.u.i.k.p.i.IntermediateProofReplayer Proof replay took 6.6ns 
83720      INFO  main            d.u.i.k.p.r.p.TestFile    ... finished proof: closed. 
83955      INFO  main            d.u.i.k.p.i.AbstractProblemLoader Loading environment from /home/runner/work/key/key/key.core/../key.ui/examples/heap/vstte10_05_Queue/AmortizedQueue_front.key.proof 
83956      DEBUG main            d.u.i.k.p.i.AbstractProblemLoader Environment load took 487.61ns 
83957      INFO  main            d.u.i.k.p.i.AbstractProblemLoader Creating init config 
86521      DEBUG main            d.u.i.k.p.i.AbstractProblemLoader Init config took 2.56s 
86578      INFO  main            d.u.i.k.p.i.AbstractProblemLoader Replaying proof AmortizedQueue[AmortizedQueue::front()].JML normal_behavior operation contract.0 
86631      DEBUG main            d.u.i.k.p.i.IntermediateProofReplayer Proof replay took 49.63ms 
86632      DEBUG main            d.u.i.k.p.r.p.TestFile    ... success: reloaded. 
86633      INFO  main            d.u.i.k.p.r.p.TestFile    Now processing file /home/runner/work/key/key/key.core/../key.ui/examples/heap/vstte10_05_Queue/LinkedList_concat.key 
86633      INFO  main            d.u.i.k.p.i.AbstractProblemLoader Loading environment from /home/runner/work/key/key/key.core/../key.ui/examples/heap/vstte10_05_Queue/LinkedList_concat.key 
86633      DEBUG main            d.u.i.k.p.i.AbstractProblemLoader Environment load took 100ns 
86634      INFO  main            d.u.i.k.p.i.AbstractProblemLoader Creating init config 
89209      DEBUG main            d.u.i.k.p.i.AbstractProblemLoader Init config took 2.57s 
89255      INFO  main            d.u.i.k.p.i.AbstractProblemLoader Replaying proof LinkedList[LinkedList::concat(LinkedList)].JML normal_behavior operation contract.0 
89257      DEBUG main            d.u.i.k.p.i.IntermediateProofReplayer Proof replay took 6.2ns 
98114      INFO  main            d.u.i.k.p.r.p.TestFile    ... finished proof: closed. 
98380      INFO  main            d.u.i.k.p.i.AbstractProblemLoader Loading environment from /home/runner/work/key/key/key.core/../key.ui/examples/heap/vstte10_05_Queue/LinkedList_concat.key.proof 
98381      DEBUG main            d.u.i.k.p.i.AbstractProblemLoader Environment load took 517.41ns 
98383      INFO  main            d.u.i.k.p.i.AbstractProblemLoader Creating init config 
100913     DEBUG main            d.u.i.k.p.i.AbstractProblemLoader Init config took 2.53s 
100968     INFO  main            d.u.i.k.p.i.AbstractProblemLoader Replaying proof LinkedList[LinkedList::concat(LinkedList)].JML normal_behavior operation contract.0 
101790     DEBUG main            d.u.i.k.p.i.IntermediateProofReplayer Proof replay took 779.01ms 
101792     DEBUG main            d.u.i.k.p.r.p.TestFile    ... success: reloaded. 
101793     INFO  main            d.u.i.k.p.r.p.TestFile    Now processing file /home/runner/work/key/key/key.core/../key.ui/examples/heap/vstte10_05_Queue/LinkedList_cons.key 
101794     INFO  main            d.u.i.k.p.i.AbstractProblemLoader Loading environment from /home/runner/work/key/key/key.core/../key.ui/examples/heap/vstte10_05_Queue/LinkedList_cons.key 
101794     DEBUG main            d.u.i.k.p.i.AbstractProblemLoader Environment load took 295.7ns 
101796     INFO  main            d.u.i.k.p.i.AbstractProblemLoader Creating init config 
104428     DEBUG main            d.u.i.k.p.i.AbstractProblemLoader Init config took 2.63s 
104473     INFO  main            d.u.i.k.p.i.AbstractProblemLoader Replaying proof LinkedList[LinkedList::cons(int)].JML normal_behavior operation contract.0 
104475     DEBUG main            d.u.i.k.p.i.IntermediateProofReplayer Proof replay took 6.6ns 
107055     INFO  main            d.u.i.k.p.r.p.TestFile    ... finished proof: closed. 
107319     INFO  main            d.u.i.k.p.i.AbstractProblemLoader Loading environment from /home/runner/work/key/key/key.core/../key.ui/examples/heap/vstte10_05_Queue/LinkedList_cons.key.proof 
107319     DEBUG main            d.u.i.k.p.i.AbstractProblemLoader Environment load took 165.4ns 
107322     INFO  main            d.u.i.k.p.i.AbstractProblemLoader Creating init config 
109850     DEBUG main            d.u.i.k.p.i.AbstractProblemLoader Init config took 2.53s 
109895     INFO  main            d.u.i.k.p.i.AbstractProblemLoader Replaying proof LinkedList[LinkedList::cons(int)].JML normal_behavior operation contract.0 
110172     DEBUG main            d.u.i.k.p.i.IntermediateProofReplayer Proof replay took 265.72ms 
110174     DEBUG main            d.u.i.k.p.r.p.TestFile    ... success: reloaded. 
110175     INFO  main            d.u.i.k.p.r.p.TestFile    Now processing file /home/runner/work/key/key/key.core/../key.ui/examples/heap/vstte10_05_Queue/LinkedList_head.key 
110175     INFO  main            d.u.i.k.p.i.AbstractProblemLoader Loading environment from /home/runner/work/key/key/key.core/../key.ui/examples/heap/vstte10_05_Queue/LinkedList_head.key 
110175     DEBUG main            d.u.i.k.p.i.AbstractProblemLoader Environment load took 112ns 
110176     INFO  main            d.u.i.k.p.i.AbstractProblemLoader Creating init config 
112754     DEBUG main            d.u.i.k.p.i.AbstractProblemLoader Init config took 2.58s 
112798     INFO  main            d.u.i.k.p.i.AbstractProblemLoader Replaying proof LinkedList[LinkedList::head()].JML normal_behavior operation contract.0 
112800     DEBUG main            d.u.i.k.p.i.IntermediateProofReplayer Proof replay took 7.9ns 
112903     INFO  main            d.u.i.k.p.r.p.TestFile    ... finished proof: closed. 
113179     INFO  main            d.u.i.k.p.i.AbstractProblemLoader Loading environment from /home/runner/work/key/key/key.core/../key.ui/examples/heap/vstte10_05_Queue/LinkedList_head.key.proof 
113179     DEBUG main            d.u.i.k.p.i.AbstractProblemLoader Environment load took 142.4ns 
113181     INFO  main            d.u.i.k.p.i.AbstractProblemLoader Creating init config 
115706     DEBUG main            d.u.i.k.p.i.AbstractProblemLoader Init config took 2.52s 
115785     INFO  main            d.u.i.k.p.i.AbstractProblemLoader Replaying proof LinkedList[LinkedList::head()].JML normal_behavior operation contract.0 
115801     DEBUG main            d.u.i.k.p.i.IntermediateProofReplayer Proof replay took 13.69ms 
115802     DEBUG main            d.u.i.k.p.r.p.TestFile    ... success: reloaded. 
115803     INFO  main            d.u.i.k.p.r.p.TestFile    Now processing file /home/runner/work/key/key/key.core/../key.ui/examples/heap/vstte10_05_Queue/LinkedList_inv.key 
115803     INFO  main            d.u.i.k.p.i.AbstractProblemLoader Loading environment from /home/runner/work/key/key/key.core/../key.ui/examples/heap/vstte10_05_Queue/LinkedList_inv.key 
115803     DEBUG main            d.u.i.k.p.i.AbstractProblemLoader Environment load took 108.7ns 
115804     INFO  main            d.u.i.k.p.i.AbstractProblemLoader Creating init config 
118390     DEBUG main            d.u.i.k.p.i.AbstractProblemLoader Init config took 2.59s 
118433     INFO  main            d.u.i.k.p.i.AbstractProblemLoader Replaying proof LinkedList[java.lang.Object::<inv>()].JML accessible clause.0 
118435     DEBUG main            d.u.i.k.p.i.IntermediateProofReplayer Proof replay took 6.1ns 
118737     INFO  main            d.u.i.k.p.r.p.TestFile    ... finished proof: closed. 
118960     INFO  main            d.u.i.k.p.i.AbstractProblemLoader Loading environment from /home/runner/work/key/key/key.core/../key.ui/examples/heap/vstte10_05_Queue/LinkedList_inv.key.proof 
118960     DEBUG main            d.u.i.k.p.i.AbstractProblemLoader Environment load took 142.3ns 
118962     INFO  main            d.u.i.k.p.i.AbstractProblemLoader Creating init config 
121504     DEBUG main            d.u.i.k.p.i.AbstractProblemLoader Init config took 2.54s 
121546     INFO  main            d.u.i.k.p.i.AbstractProblemLoader Replaying proof LinkedList[java.lang.Object::<inv>()].JML accessible clause.0 
121576     DEBUG main            d.u.i.k.p.i.IntermediateProofReplayer Proof replay took 26.54ms 
121577     DEBUG main            d.u.i.k.p.r.p.TestFile    ... success: reloaded. 
121578     INFO  main            d.u.i.k.p.r.p.TestFile    Now processing file /home/runner/work/key/key/key.core/../key.ui/examples/heap/vstte10_05_Queue/LinkedList_length.key 
121579     INFO  main            d.u.i.k.p.i.AbstractProblemLoader Loading environment from /home/runner/work/key/key/key.core/../key.ui/examples/heap/vstte10_05_Queue/LinkedList_length.key 
121579     DEBUG main            d.u.i.k.p.i.AbstractProblemLoader Environment load took 244.9ns 
121580     INFO  main            d.u.i.k.p.i.AbstractProblemLoader Creating init config 
124139     DEBUG main            d.u.i.k.p.i.AbstractProblemLoader Init config took 2.56s 
124186     INFO  main            d.u.i.k.p.i.AbstractProblemLoader Replaying proof LinkedList[LinkedList::length()].JML normal_behavior operation contract.0 
124187     DEBUG main            d.u.i.k.p.i.IntermediateProofReplayer Proof replay took 6.8ns 
124291     INFO  main            d.u.i.k.p.r.p.TestFile    ... finished proof: closed. 
124527     INFO  main            d.u.i.k.p.i.AbstractProblemLoader Loading environment from /home/runner/work/key/key/key.core/../key.ui/examples/heap/vstte10_05_Queue/LinkedList_length.key.proof 
124528     DEBUG main            d.u.i.k.p.i.AbstractProblemLoader Environment load took 146.9ns 
124529     INFO  main            d.u.i.k.p.i.AbstractProblemLoader Creating init config 
127032     DEBUG main            d.u.i.k.p.i.AbstractProblemLoader Init config took 2.5s 
127074     INFO  main            d.u.i.k.p.i.AbstractProblemLoader Replaying proof LinkedList[LinkedList::length()].JML normal_behavior operation contract.0 
127088     DEBUG main            d.u.i.k.p.i.IntermediateProofReplayer Proof replay took 12.2ms 
127089     DEBUG main            d.u.i.k.p.r.p.TestFile    ... success: reloaded. 
127090     INFO  main            d.u.i.k.p.r.p.TestFile    Now processing file /home/runner/work/key/key/key.core/../key.ui/examples/heap/vstte10_05_Queue/LinkedList_LinkedList1.key 
127090     INFO  main            d.u.i.k.p.i.AbstractProblemLoader Loading environment from /home/runner/work/key/key/key.core/../key.ui/examples/heap/vstte10_05_Queue/LinkedList_LinkedList1.key 
127090     DEBUG main            d.u.i.k.p.i.AbstractProblemLoader Environment load took 93.6ns 
127091     INFO  main            d.u.i.k.p.i.AbstractProblemLoader Creating init config 
129657     DEBUG main            d.u.i.k.p.i.AbstractProblemLoader Init config took 2.57s 
129700     INFO  main            d.u.i.k.p.i.AbstractProblemLoader Replaying proof LinkedList[LinkedList::LinkedList(int,LinkedList)].JML normal_behavior operation contract.0 
129702     DEBUG main            d.u.i.k.p.i.IntermediateProofReplayer Proof replay took 7ns 
131722     INFO  main            d.u.i.k.p.r.p.TestFile    ... finished proof: closed. 
131995     INFO  main            d.u.i.k.p.i.AbstractProblemLoader Loading environment from /home/runner/work/key/key/key.core/../key.ui/examples/heap/vstte10_05_Queue/LinkedList_LinkedList1.key.proof 
131997     DEBUG main            d.u.i.k.p.i.AbstractProblemLoader Environment load took 2.28ms 
131999     INFO  main            d.u.i.k.p.i.AbstractProblemLoader Creating init config 
134523     DEBUG main            d.u.i.k.p.i.AbstractProblemLoader Init config took 2.52s 
134567     INFO  main            d.u.i.k.p.i.AbstractProblemLoader Replaying proof LinkedList[LinkedList::LinkedList(int,LinkedList)].JML normal_behavior operation contract.0 
134821     DEBUG main            d.u.i.k.p.i.IntermediateProofReplayer Proof replay took 247.17ms 
134823     DEBUG main            d.u.i.k.p.r.p.TestFile    ... success: reloaded. 
134824     INFO  main            d.u.i.k.p.r.p.TestFile    Now processing file /home/runner/work/key/key/key.core/../key.ui/examples/heap/vstte10_05_Queue/LinkedList_LinkedList2.key 
134825     INFO  main            d.u.i.k.p.i.AbstractProblemLoader Loading environment from /home/runner/work/key/key/key.core/../key.ui/examples/heap/vstte10_05_Queue/LinkedList_LinkedList2.key 
134825     DEBUG main            d.u.i.k.p.i.AbstractProblemLoader Environment load took 105.7ns 
134826     INFO  main            d.u.i.k.p.i.AbstractProblemLoader Creating init config 
137377     DEBUG main            d.u.i.k.p.i.AbstractProblemLoader Init config took 2.55s 
137420     INFO  main            d.u.i.k.p.i.AbstractProblemLoader Replaying proof LinkedList[LinkedList::LinkedList(int,LinkedList)].JML normal_behavior operation contract.0 
137421     DEBUG main            d.u.i.k.p.i.IntermediateProofReplayer Proof replay took 6.9ns 
139428     INFO  main            d.u.i.k.p.r.p.TestFile    ... finished proof: closed. 
139709     INFO  main            d.u.i.k.p.i.AbstractProblemLoader Loading environment from /home/runner/work/key/key/key.core/../key.ui/examples/heap/vstte10_05_Queue/LinkedList_LinkedList2.key.proof 
139709     DEBUG main            d.u.i.k.p.i.AbstractProblemLoader Environment load took 483.61ns 
139711     INFO  main            d.u.i.k.p.i.AbstractProblemLoader Creating init config 
142198     DEBUG main            d.u.i.k.p.i.AbstractProblemLoader Init config took 2.49s 
142242     INFO  main            d.u.i.k.p.i.AbstractProblemLoader Replaying proof LinkedList[LinkedList::LinkedList(int,LinkedList)].JML normal_behavior operation contract.0 
142506     DEBUG main            d.u.i.k.p.i.IntermediateProofReplayer Proof replay took 256.54ms 
142508     DEBUG main            d.u.i.k.p.r.p.TestFile    ... success: reloaded. 
142509     INFO  main            d.u.i.k.p.r.p.TestFile    Now processing file /home/runner/work/key/key/key.core/../key.ui/examples/heap/vstte10_05_Queue/LinkedList_LinkedList3.key 
142510     INFO  main            d.u.i.k.p.i.AbstractProblemLoader Loading environment from /home/runner/work/key/key/key.core/../key.ui/examples/heap/vstte10_05_Queue/LinkedList_LinkedList3.key 
142510     DEBUG main            d.u.i.k.p.i.AbstractProblemLoader Environment load took 75ns 
142511     INFO  main            d.u.i.k.p.i.AbstractProblemLoader Creating init config 
145109     DEBUG main            d.u.i.k.p.i.AbstractProblemLoader Init config took 2.6s 
145152     INFO  main            d.u.i.k.p.i.AbstractProblemLoader Replaying proof LinkedList[LinkedList::LinkedList(int,LinkedList)].JML normal_behavior operation contract.0 
145153     DEBUG main            d.u.i.k.p.i.IntermediateProofReplayer Proof replay took 6.8ns 
152492     INFO  main            d.u.i.k.p.r.p.TestFile    ... finished proof: closed. 
152814     INFO  main            d.u.i.k.p.i.AbstractProblemLoader Loading environment from /home/runner/work/key/key/key.core/../key.ui/examples/heap/vstte10_05_Queue/LinkedList_LinkedList3.key.proof 
152815     DEBUG main            d.u.i.k.p.i.AbstractProblemLoader Environment load took 489.91ns 
152819     INFO  main            d.u.i.k.p.i.AbstractProblemLoader Creating init config 
155351     DEBUG main            d.u.i.k.p.i.AbstractProblemLoader Init config took 2.53s 
155437     INFO  main            d.u.i.k.p.i.AbstractProblemLoader Replaying proof LinkedList[LinkedList::LinkedList(int,LinkedList)].JML normal_behavior operation contract.0 
156196     DEBUG main            d.u.i.k.p.i.IntermediateProofReplayer Proof replay took 705.44ms 
156201     DEBUG main            d.u.i.k.p.r.p.TestFile    ... success: reloaded. 
156202     INFO  main            d.u.i.k.p.r.p.TestFile    Now processing file /home/runner/work/key/key/key.core/../key.ui/examples/heap/vstte10_05_Queue/LinkedList_reverse.key 
156203     INFO  main            d.u.i.k.p.i.AbstractProblemLoader Loading environment from /home/runner/work/key/key/key.core/../key.ui/examples/heap/vstte10_05_Queue/LinkedList_reverse.key 
156203     DEBUG main            d.u.i.k.p.i.AbstractProblemLoader Environment load took 222.9ns 
156204     INFO  main            d.u.i.k.p.i.AbstractProblemLoader Creating init config 
158707     DEBUG main            d.u.i.k.p.i.AbstractProblemLoader Init config took 2.5s 
158751     INFO  main            d.u.i.k.p.i.AbstractProblemLoader Replaying proof LinkedList[LinkedList::reverse()].JML normal_behavior operation contract.0 
158752     DEBUG main            d.u.i.k.p.i.IntermediateProofReplayer Proof replay took 6.4ns 
167983     INFO  main            d.u.i.k.p.r.p.TestFile    ... finished proof: closed. 
168321     INFO  main            d.u.i.k.p.i.AbstractProblemLoader Loading environment from /home/runner/work/key/key/key.core/../key.ui/examples/heap/vstte10_05_Queue/LinkedList_reverse.key.proof 
168325     DEBUG main            d.u.i.k.p.i.AbstractProblemLoader Environment load took 5.03ms 
168328     INFO  main            d.u.i.k.p.i.AbstractProblemLoader Creating init config 
170796     DEBUG main            d.u.i.k.p.i.AbstractProblemLoader Init config took 2.47s 
170839     INFO  main            d.u.i.k.p.i.AbstractProblemLoader Replaying proof LinkedList[LinkedList::reverse()].JML normal_behavior operation contract.0 
171628     DEBUG main            d.u.i.k.p.i.IntermediateProofReplayer Proof replay took 758.17ms 
171631     DEBUG main            d.u.i.k.p.r.p.TestFile    ... success: reloaded. 
171632     INFO  main            d.u.i.k.p.r.p.TestFile    Now processing file /home/runner/work/key/key/key.core/../key.ui/examples/heap/vstte10_05_Queue/LinkedList_tail.key 
171632     INFO  main            d.u.i.k.p.i.AbstractProblemLoader Loading environment from /home/runner/work/key/key/key.core/../key.ui/examples/heap/vstte10_05_Queue/LinkedList_tail.key 
171632     DEBUG main            d.u.i.k.p.i.AbstractProblemLoader Environment load took 85.1ns 
171633     INFO  main            d.u.i.k.p.i.AbstractProblemLoader Creating init config 
174222     DEBUG main            d.u.i.k.p.i.AbstractProblemLoader Init config took 2.59s 
174264     INFO  main            d.u.i.k.p.i.AbstractProblemLoader Replaying proof LinkedList[LinkedList::tail()].JML normal_behavior operation contract.0 
174266     DEBUG main            d.u.i.k.p.i.IntermediateProofReplayer Proof replay took 5.4ns 
174870     INFO  main            d.u.i.k.p.r.p.TestFile    ... finished proof: closed. 
175151     INFO  main            d.u.i.k.p.i.AbstractProblemLoader Loading environment from /home/runner/work/key/key/key.core/../key.ui/examples/heap/vstte10_05_Queue/LinkedList_tail.key.proof 
175151     DEBUG main            d.u.i.k.p.i.AbstractProblemLoader Environment load took 115.6ns 
175152     INFO  main            d.u.i.k.p.i.AbstractProblemLoader Creating init config 
177650     DEBUG main            d.u.i.k.p.i.AbstractProblemLoader Init config took 2.5s 
177693     INFO  main            d.u.i.k.p.i.AbstractProblemLoader Replaying proof LinkedList[LinkedList::tail()].JML normal_behavior operation contract.0 
177796     DEBUG main            d.u.i.k.p.i.IntermediateProofReplayer Proof replay took 99.58ms 
177797     DEBUG main            d.u.i.k.p.r.p.TestFile    ... success: reloaded. 
2281850    INFO  Test worker     d.u.i.k.p.r.RunAllProofsTestUnit Returning from test VSTTE10 
2281851    INFO  Test worker     d.u.i.k.p.r.RunAllProofsTestUnit Running test WeideEtAl 
393        INFO  Timeout watchdog d.u.i.k.p.r.p.ForkedTestFileRunner Timeout watcher launched (2000 secs.) 
405        WARN  main            d.u.i.k.s.ProofSettings   The settings in /home/runner/.key/proof-settings.props are *not* read. 
438        INFO  main            d.u.i.k.p.r.p.TestFile    Now processing file /home/runner/work/key/key/key.core/../key.ui/examples/heap/WeideEtAl_01_AddAndMultiply/AddAndMultiply_add.key 
559        INFO  main            d.u.i.k.p.i.AbstractProblemLoader Loading environment from /home/runner/work/key/key/key.core/../key.ui/examples/heap/WeideEtAl_01_AddAndMultiply/AddAndMultiply_add.key 
576        DEBUG main            d.u.i.k.p.i.AbstractProblemLoader Environment load took 2.01ms 
802        INFO  main            d.u.i.k.p.i.AbstractProblemLoader Creating init config 
1877       DEBUG main            d.u.i.k.j.TypeConverter   No LDT found for Meta 
1877       DEBUG main            d.u.i.k.j.TypeConverter   No LDT found for Meta 
1880       DEBUG main            d.u.i.k.j.TypeConverter   No LDT found for Meta 
1881       DEBUG main            d.u.i.k.j.TypeConverter   No LDT found for Meta 
3598       DEBUG main            d.u.i.k.j.TypeConverter   No LDT found for JavaBigintExpression 
8662       DEBUG main            d.u.i.k.p.i.AbstractProblemLoader Init config took 7.86s 
8831       INFO  main            d.u.i.k.p.i.AbstractProblemLoader Replaying proof AddAndMultiply[AddAndMultiply::add(int,int)].JML normal_behavior operation contract.0 
8865       DEBUG main            d.u.i.k.p.i.IntermediateProofReplayer Proof replay took 37.6ns 
10675      INFO  main            d.u.i.k.p.r.p.TestFile    ... finished proof: closed. 
10847      INFO  main            d.u.i.k.p.i.AbstractProblemLoader Loading environment from /home/runner/work/key/key/key.core/../key.ui/examples/heap/WeideEtAl_01_AddAndMultiply/AddAndMultiply_add.key.proof 
10847      DEBUG main            d.u.i.k.p.i.AbstractProblemLoader Environment load took 189ns 
10850      INFO  main            d.u.i.k.p.i.AbstractProblemLoader Creating init config 
13767      DEBUG main            d.u.i.k.p.i.AbstractProblemLoader Init config took 2.92s 
13828      INFO  main            d.u.i.k.p.i.AbstractProblemLoader Replaying proof AddAndMultiply[AddAndMultiply::add(int,int)].JML normal_behavior operation contract.0 
14046      DEBUG main            d.u.i.k.p.i.IntermediateProofReplayer Proof replay took 208.38ms 
14057      DEBUG main            d.u.i.k.p.r.p.TestFile    ... success: reloaded. 
14059      INFO  main            d.u.i.k.p.r.p.TestFile    Now processing file /home/runner/work/key/key/key.core/../key.ui/examples/heap/WeideEtAl_01_AddAndMultiply/AddAndMultiply_mul.key 
14060      INFO  main            d.u.i.k.p.i.AbstractProblemLoader Loading environment from /home/runner/work/key/key/key.core/../key.ui/examples/heap/WeideEtAl_01_AddAndMultiply/AddAndMultiply_mul.key 
14060      DEBUG main            d.u.i.k.p.i.AbstractProblemLoader Environment load took 246.8ns 
14067      INFO  main            d.u.i.k.p.i.AbstractProblemLoader Creating init config 
16856      DEBUG main            d.u.i.k.p.i.AbstractProblemLoader Init config took 2.79s 
16913      INFO  main            d.u.i.k.p.i.AbstractProblemLoader Replaying proof AddAndMultiply[AddAndMultiply::mul(int,int)].JML normal_behavior operation contract.0 
16916      DEBUG main            d.u.i.k.p.i.IntermediateProofReplayer Proof replay took 7.4ns 
17421      INFO  main            d.u.i.k.p.r.p.TestFile    ... finished proof: closed. 
17593      INFO  main            d.u.i.k.p.i.AbstractProblemLoader Loading environment from /home/runner/work/key/key/key.core/../key.ui/examples/heap/WeideEtAl_01_AddAndMultiply/AddAndMultiply_mul.key.proof 
17595      DEBUG main            d.u.i.k.p.i.AbstractProblemLoader Environment load took 2.35ms 
17597      INFO  main            d.u.i.k.p.i.AbstractProblemLoader Creating init config 
20243      DEBUG main            d.u.i.k.p.i.AbstractProblemLoader Init config took 2.65s 
20323      INFO  main            d.u.i.k.p.i.AbstractProblemLoader Replaying proof AddAndMultiply[AddAndMultiply::mul(int,int)].JML normal_behavior operation contract.0 
20456      DEBUG main            d.u.i.k.p.i.IntermediateProofReplayer Proof replay took 126.24ms 
20459      DEBUG main            d.u.i.k.p.r.p.TestFile    ... success: reloaded. 
20461      INFO  main            d.u.i.k.p.r.p.TestFile    Now processing file /home/runner/work/key/key/key.core/../key.ui/examples/heap/WeideEtAl_02_BinarySearch/BinarySearch_search.key 
20462      INFO  main            d.u.i.k.p.i.AbstractProblemLoader Loading environment from /home/runner/work/key/key/key.core/../key.ui/examples/heap/WeideEtAl_02_BinarySearch/BinarySearch_search.key 
20462      DEBUG main            d.u.i.k.p.i.AbstractProblemLoader Environment load took 238.7ns 
20466      INFO  main            d.u.i.k.p.i.AbstractProblemLoader Creating init config 
23170      DEBUG main            d.u.i.k.p.i.AbstractProblemLoader Init config took 2.7s 
23218      INFO  main            d.u.i.k.p.i.AbstractProblemLoader Replaying proof BinarySearch[BinarySearch::search([I,int)].JML normal_behavior operation contract.0 
23223      DEBUG main            d.u.i.k.p.i.IntermediateProofReplayer Proof replay took 8.6ns 
26653      INFO  main            d.u.i.k.p.r.p.TestFile    ... finished proof: closed. 
26854      INFO  main            d.u.i.k.p.i.AbstractProblemLoader Loading environment from /home/runner/work/key/key/key.core/../key.ui/examples/heap/WeideEtAl_02_BinarySearch/BinarySearch_search.key.proof 
26854      DEBUG main            d.u.i.k.p.i.AbstractProblemLoader Environment load took 247.3ns 
26856      INFO  main            d.u.i.k.p.i.AbstractProblemLoader Creating init config 
29429      DEBUG main            d.u.i.k.p.i.AbstractProblemLoader Init config took 2.57s 
29476      INFO  main            d.u.i.k.p.i.AbstractProblemLoader Replaying proof BinarySearch[BinarySearch::search([I,int)].JML normal_behavior operation contract.0 
29994      DEBUG main            d.u.i.k.p.i.IntermediateProofReplayer Proof replay took 500.39ms 
29996      DEBUG main            d.u.i.k.p.r.p.TestFile    ... success: reloaded. 
2312029    INFO  Test worker     d.u.i.k.p.r.RunAllProofsTestUnit Returning from test WeideEtAl 
2312030    INFO  Test worker     d.u.i.k.p.r.RunAllProofsTestUnit Running test arithmetic 
363        INFO  Timeout watchdog d.u.i.k.p.r.p.ForkedTestFileRunner Timeout watcher launched (2000 secs.) 
380        WARN  main            d.u.i.k.s.ProofSettings   The settings in /home/runner/.key/proof-settings.props are *not* read. 
407        INFO  main            d.u.i.k.p.r.p.TestFile    Now processing file /home/runner/work/key/key/key.core/../key.ui/examples/standard_key/arith/binomial1.key 
515        INFO  main            d.u.i.k.p.i.AbstractProblemLoader Loading environment from /home/runner/work/key/key/key.core/../key.ui/examples/standard_key/arith/binomial1.key 
538        DEBUG main            d.u.i.k.p.i.AbstractProblemLoader Environment load took 1.89ms 
777        INFO  main            d.u.i.k.p.i.AbstractProblemLoader Creating init config 
1643       DEBUG main            d.u.i.k.j.TypeConverter   No LDT found for Meta 
1647       DEBUG main            d.u.i.k.j.TypeConverter   No LDT found for Meta 
1650       DEBUG main            d.u.i.k.j.TypeConverter   No LDT found for Meta 
1651       DEBUG main            d.u.i.k.j.TypeConverter   No LDT found for Meta 
3098       DEBUG main            d.u.i.k.j.TypeConverter   No LDT found for JavaBigintExpression 
8119       DEBUG main            d.u.i.k.p.i.AbstractProblemLoader Init config took 7.34s 
8183       INFO  main            d.u.i.k.p.i.AbstractProblemLoader Replaying proof binomial1.key 
8221       DEBUG main            d.u.i.k.p.i.IntermediateProofReplayer Proof replay took 36.3ns 
8602       INFO  main            d.u.i.k.p.r.p.TestFile    ... finished proof: closed. 
8715       INFO  main            d.u.i.k.p.i.AbstractProblemLoader Loading environment from /home/runner/work/key/key/key.core/../key.ui/examples/standard_key/arith/binomial1.key.proof 
8715       DEBUG main            d.u.i.k.p.i.AbstractProblemLoader Environment load took 609.11ns 
8719       INFO  main            d.u.i.k.p.i.AbstractProblemLoader Creating init config 
11557      DEBUG main            d.u.i.k.p.i.AbstractProblemLoader Init config took 2.84s 
11587      INFO  main            d.u.i.k.p.i.AbstractProblemLoader Replaying proof binomial1.key.proof 
11607      DEBUG main            d.u.i.k.p.i.IntermediateProofReplayer Proof replay took 14.59ms 
11623      DEBUG main            d.u.i.k.p.r.p.TestFile    ... success: reloaded. 
11627      INFO  main            d.u.i.k.p.r.p.TestFile    Now processing file /home/runner/work/key/key/key.core/../key.ui/examples/standard_key/arith/binomial2.key 
11627      INFO  main            d.u.i.k.p.i.AbstractProblemLoader Loading environment from /home/runner/work/key/key/key.core/../key.ui/examples/standard_key/arith/binomial2.key 
11628      DEBUG main            d.u.i.k.p.i.AbstractProblemLoader Environment load took 250.2ns 
11630      INFO  main            d.u.i.k.p.i.AbstractProblemLoader Creating init config 
14426      DEBUG main            d.u.i.k.p.i.AbstractProblemLoader Init config took 2.8s 
14455      INFO  main            d.u.i.k.p.i.AbstractProblemLoader Replaying proof binomial2.key 
14458      DEBUG main            d.u.i.k.p.i.IntermediateProofReplayer Proof replay took 6.7ns 
14562      INFO  main            d.u.i.k.p.r.p.TestFile    ... finished proof: closed. 
14742      INFO  main            d.u.i.k.p.i.AbstractProblemLoader Loading environment from /home/runner/work/key/key/key.core/../key.ui/examples/standard_key/arith/binomial2.key.proof 
14742      DEBUG main            d.u.i.k.p.i.AbstractProblemLoader Environment load took 204.5ns 
14744      INFO  main            d.u.i.k.p.i.AbstractProblemLoader Creating init config 
17355      DEBUG main            d.u.i.k.p.i.AbstractProblemLoader Init config took 2.61s 
17378      INFO  main            d.u.i.k.p.i.AbstractProblemLoader Replaying proof binomial2.key.proof 
17391      DEBUG main            d.u.i.k.p.i.IntermediateProofReplayer Proof replay took 10.77ms 
17392      DEBUG main            d.u.i.k.p.r.p.TestFile    ... success: reloaded. 
17394      INFO  main            d.u.i.k.p.r.p.TestFile    Now processing file /home/runner/work/key/key/key.core/../key.ui/examples/standard_key/arith/check_jdiv.key 
17394      INFO  main            d.u.i.k.p.i.AbstractProblemLoader Loading environment from /home/runner/work/key/key/key.core/../key.ui/examples/standard_key/arith/check_jdiv.key 
17394      DEBUG main            d.u.i.k.p.i.AbstractProblemLoader Environment load took 66.8ns 
17395      INFO  main            d.u.i.k.p.i.AbstractProblemLoader Creating init config 
20016      DEBUG main            d.u.i.k.p.i.AbstractProblemLoader Init config took 2.62s 
20040      INFO  main            d.u.i.k.p.i.AbstractProblemLoader Replaying proof check_jdiv.key 
20044      DEBUG main            d.u.i.k.p.i.IntermediateProofReplayer Proof replay took 8.1ns 
25570      INFO  main            d.u.i.k.p.r.p.TestFile    ... finished proof: closed. 
25810      INFO  main            d.u.i.k.p.i.AbstractProblemLoader Loading environment from /home/runner/work/key/key/key.core/../key.ui/examples/standard_key/arith/check_jdiv.key.proof 
25810      DEBUG main            d.u.i.k.p.i.AbstractProblemLoader Environment load took 169ns 
25813      INFO  main            d.u.i.k.p.i.AbstractProblemLoader Creating init config 
28418      DEBUG main            d.u.i.k.p.i.AbstractProblemLoader Init config took 2.6s 
28440      INFO  main            d.u.i.k.p.i.AbstractProblemLoader Replaying proof check_jdiv.key.proof 
28838      DEBUG main            d.u.i.k.p.i.IntermediateProofReplayer Proof replay took 355.64ms 
28841      DEBUG main            d.u.i.k.p.r.p.TestFile    ... success: reloaded. 
28843      INFO  main            d.u.i.k.p.r.p.TestFile    Now processing file /home/runner/work/key/key/key.core/../key.ui/examples/standard_key/arith/check_jdiv_concrete.key 
28843      INFO  main            d.u.i.k.p.i.AbstractProblemLoader Loading environment from /home/runner/work/key/key/key.core/../key.ui/examples/standard_key/arith/check_jdiv_concrete.key 
28843      DEBUG main            d.u.i.k.p.i.AbstractProblemLoader Environment load took 223.6ns 
28845      INFO  main            d.u.i.k.p.i.AbstractProblemLoader Creating init config 
31432      DEBUG main            d.u.i.k.p.i.AbstractProblemLoader Init config took 2.59s 
31456      INFO  main            d.u.i.k.p.i.AbstractProblemLoader Replaying proof check_jdiv_concrete.key 
31461      DEBUG main            d.u.i.k.p.i.IntermediateProofReplayer Proof replay took 8.2ns 
31564      INFO  main            d.u.i.k.p.r.p.TestFile    ... finished proof: closed. 
31790      INFO  main            d.u.i.k.p.i.AbstractProblemLoader Loading environment from /home/runner/work/key/key/key.core/../key.ui/examples/standard_key/arith/check_jdiv_concrete.key.proof 
31791      DEBUG main            d.u.i.k.p.i.AbstractProblemLoader Environment load took 142.3ns 
31792      INFO  main            d.u.i.k.p.i.AbstractProblemLoader Creating init config 
34355      DEBUG main            d.u.i.k.p.i.AbstractProblemLoader Init config took 2.56s 
34376      INFO  main            d.u.i.k.p.i.AbstractProblemLoader Replaying proof check_jdiv_concrete.key.proof 
34381      DEBUG main            d.u.i.k.p.i.IntermediateProofReplayer Proof replay took 3.01ms 
34382      DEBUG main            d.u.i.k.p.r.p.TestFile    ... success: reloaded. 
34383      INFO  main            d.u.i.k.p.r.p.TestFile    Now processing file /home/runner/work/key/key/key.core/../key.ui/examples/standard_key/arith/check_jdiv_instantiated.key 
34384      INFO  main            d.u.i.k.p.i.AbstractProblemLoader Loading environment from /home/runner/work/key/key/key.core/../key.ui/examples/standard_key/arith/check_jdiv_instantiated.key 
34384      DEBUG main            d.u.i.k.p.i.AbstractProblemLoader Environment load took 239.1ns 
34386      INFO  main            d.u.i.k.p.i.AbstractProblemLoader Creating init config 
36924      DEBUG main            d.u.i.k.p.i.AbstractProblemLoader Init config took 2.54s 
36953      INFO  main            d.u.i.k.p.i.AbstractProblemLoader Replaying proof check_jdiv_instantiated.key 
36956      DEBUG main            d.u.i.k.p.i.IntermediateProofReplayer Proof replay took 8.3ns 
40230      INFO  main            d.u.i.k.p.r.p.TestFile    ... finished proof: closed. 
40438      INFO  main            d.u.i.k.p.i.AbstractProblemLoader Loading environment from /home/runner/work/key/key/key.core/../key.ui/examples/standard_key/arith/check_jdiv_instantiated.key.proof 
40438      DEBUG main            d.u.i.k.p.i.AbstractProblemLoader Environment load took 472.11ns 
40441      INFO  main            d.u.i.k.p.i.AbstractProblemLoader Creating init config 
43004      DEBUG main            d.u.i.k.p.i.AbstractProblemLoader Init config took 2.56s 
43027      INFO  main            d.u.i.k.p.i.AbstractProblemLoader Replaying proof check_jdiv_instantiated.key.proof 
43248      DEBUG main            d.u.i.k.p.i.IntermediateProofReplayer Proof replay took 191.64ms 
43251      DEBUG main            d.u.i.k.p.r.p.TestFile    ... success: reloaded. 
43252      INFO  main            d.u.i.k.p.r.p.TestFile    Now processing file /home/runner/work/key/key/key.core/../key.ui/examples/standard_key/arith/check_jmod.key 
43253      INFO  main            d.u.i.k.p.i.AbstractProblemLoader Loading environment from /home/runner/work/key/key/key.core/../key.ui/examples/standard_key/arith/check_jmod.key 
43253      DEBUG main            d.u.i.k.p.i.AbstractProblemLoader Environment load took 218.9ns 
43254      INFO  main            d.u.i.k.p.i.AbstractProblemLoader Creating init config 
45781      DEBUG main            d.u.i.k.p.i.AbstractProblemLoader Init config took 2.53s 
45804      INFO  main            d.u.i.k.p.i.AbstractProblemLoader Replaying proof check_jmod.key 
45807      DEBUG main            d.u.i.k.p.i.IntermediateProofReplayer Proof replay took 6.1ns 
46511      INFO  main            d.u.i.k.p.r.p.TestFile    ... finished proof: closed. 
46753      INFO  main            d.u.i.k.p.i.AbstractProblemLoader Loading environment from /home/runner/work/key/key/key.core/../key.ui/examples/standard_key/arith/check_jmod.key.proof 
46754      DEBUG main            d.u.i.k.p.i.AbstractProblemLoader Environment load took 1.02ms 
46755      INFO  main            d.u.i.k.p.i.AbstractProblemLoader Creating init config 
49246      DEBUG main            d.u.i.k.p.i.AbstractProblemLoader Init config took 2.49s 
49266      INFO  main            d.u.i.k.p.i.AbstractProblemLoader Replaying proof check_jmod.key.proof 
49323      DEBUG main            d.u.i.k.p.i.IntermediateProofReplayer Proof replay took 49.71ms 
49325      DEBUG main            d.u.i.k.p.r.p.TestFile    ... success: reloaded. 
49326      INFO  main            d.u.i.k.p.r.p.TestFile    Now processing file /home/runner/work/key/key/key.core/../key.ui/examples/standard_key/arith/complexExpressions.key 
49327      INFO  main            d.u.i.k.p.i.AbstractProblemLoader Loading environment from /home/runner/work/key/key/key.core/../key.ui/examples/standard_key/arith/complexExpressions.key 
49327      DEBUG main            d.u.i.k.p.i.AbstractProblemLoader Environment load took 220ns 
49328      INFO  main            d.u.i.k.p.i.AbstractProblemLoader Creating init config 
51838      DEBUG main            d.u.i.k.p.i.AbstractProblemLoader Init config took 2.51s 
51877      INFO  main            d.u.i.k.p.i.AbstractProblemLoader Replaying proof complexExpressions.key 
51879      DEBUG main            d.u.i.k.p.i.IntermediateProofReplayer Proof replay took 5.8ns 
51986      INFO  main            d.u.i.k.p.r.p.TestFile    ... finished proof: closed. 
52174      INFO  main            d.u.i.k.p.i.AbstractProblemLoader Loading environment from /home/runner/work/key/key/key.core/../key.ui/examples/standard_key/arith/complexExpressions.key.proof 
52174      DEBUG main            d.u.i.k.p.i.AbstractProblemLoader Environment load took 132ns 
52176      INFO  main            d.u.i.k.p.i.AbstractProblemLoader Creating init config 
54668      DEBUG main            d.u.i.k.p.i.AbstractProblemLoader Init config took 2.49s 
54688      INFO  main            d.u.i.k.p.i.AbstractProblemLoader Replaying proof complexExpressions.key.proof 
54704      DEBUG main            d.u.i.k.p.i.IntermediateProofReplayer Proof replay took 13.89ms 
54705      DEBUG main            d.u.i.k.p.r.p.TestFile    ... success: reloaded. 
54706      INFO  main            d.u.i.k.p.r.p.TestFile    Now processing file /home/runner/work/key/key/key.core/../key.ui/examples/standard_key/arith/compound_unaryMinus.key 
54707      INFO  main            d.u.i.k.p.i.AbstractProblemLoader Loading environment from /home/runner/work/key/key/key.core/../key.ui/examples/standard_key/arith/compound_unaryMinus.key 
54707      DEBUG main            d.u.i.k.p.i.AbstractProblemLoader Environment load took 219.8ns 
54708      INFO  main            d.u.i.k.p.i.AbstractProblemLoader Creating init config 
57229      DEBUG main            d.u.i.k.p.i.AbstractProblemLoader Init config took 2.52s 
57255      INFO  main            d.u.i.k.p.i.AbstractProblemLoader Replaying proof compound_unaryMinus.key 
57258      DEBUG main            d.u.i.k.p.i.IntermediateProofReplayer Proof replay took 7.7ns 
57361      INFO  main            d.u.i.k.p.r.p.TestFile    ... finished proof: closed. 
57548      INFO  main            d.u.i.k.p.i.AbstractProblemLoader Loading environment from /home/runner/work/key/key/key.core/../key.ui/examples/standard_key/arith/compound_unaryMinus.key.proof 
57549      DEBUG main            d.u.i.k.p.i.AbstractProblemLoader Environment load took 156.4ns 
57550      INFO  main            d.u.i.k.p.i.AbstractProblemLoader Creating init config 
60037      DEBUG main            d.u.i.k.p.i.AbstractProblemLoader Init config took 2.49s 
60056      INFO  main            d.u.i.k.p.i.AbstractProblemLoader Replaying proof compound_unaryMinus.key.proof 
60061      DEBUG main            d.u.i.k.p.i.IntermediateProofReplayer Proof replay took 3.53ms 
60062      DEBUG main            d.u.i.k.p.r.p.TestFile    ... success: reloaded. 
60063      INFO  main            d.u.i.k.p.r.p.TestFile    Now processing file /home/runner/work/key/key/key.core/../key.ui/examples/standard_key/arith/computation.key 
60064      INFO  main            d.u.i.k.p.i.AbstractProblemLoader Loading environment from /home/runner/work/key/key/key.core/../key.ui/examples/standard_key/arith/computation.key 
60064      DEBUG main            d.u.i.k.p.i.AbstractProblemLoader Environment load took 194.1ns 
60065      INFO  main            d.u.i.k.p.i.AbstractProblemLoader Creating init config 
62609      DEBUG main            d.u.i.k.p.i.AbstractProblemLoader Init config took 2.54s 
62628      INFO  main            d.u.i.k.p.i.AbstractProblemLoader Replaying proof computation.key 
62630      DEBUG main            d.u.i.k.p.i.IntermediateProofReplayer Proof replay took 6ns 
64086      INFO  main            d.u.i.k.p.r.p.TestFile    ... finished proof: closed. 
64352      INFO  main            d.u.i.k.p.i.AbstractProblemLoader Loading environment from /home/runner/work/key/key/key.core/../key.ui/examples/standard_key/arith/computation.key.proof 
64354      DEBUG main            d.u.i.k.p.i.AbstractProblemLoader Environment load took 1.77ms 
64356      INFO  main            d.u.i.k.p.i.AbstractProblemLoader Creating init config 
66807      DEBUG main            d.u.i.k.p.i.AbstractProblemLoader Init config took 2.45s 
66826      INFO  main            d.u.i.k.p.i.AbstractProblemLoader Replaying proof computation.key.proof 
66956      DEBUG main            d.u.i.k.p.i.IntermediateProofReplayer Proof replay took 126.07ms 
66958      DEBUG main            d.u.i.k.p.r.p.TestFile    ... success: reloaded. 
66959      INFO  main            d.u.i.k.p.r.p.TestFile    Now processing file /home/runner/work/key/key/key.core/../key.ui/examples/standard_key/arith/cubicSum.key 
66960      INFO  main            d.u.i.k.p.i.AbstractProblemLoader Loading environment from /home/runner/work/key/key/key.core/../key.ui/examples/standard_key/arith/cubicSum.key 
66960      DEBUG main            d.u.i.k.p.i.AbstractProblemLoader Environment load took 229.5ns 
66962      INFO  main            d.u.i.k.p.i.AbstractProblemLoader Creating init config 
69665      DEBUG main            d.u.i.k.p.i.AbstractProblemLoader Init config took 2.7s 
69683      INFO  main            d.u.i.k.p.i.AbstractProblemLoader Replaying proof cubicSum.key 
69685      DEBUG main            d.u.i.k.p.i.IntermediateProofReplayer Proof replay took 7.8ns 
70595      INFO  main            d.u.i.k.p.r.p.TestFile    ... finished proof: closed. 
70999      INFO  main            d.u.i.k.p.i.AbstractProblemLoader Loading environment from /home/runner/work/key/key/key.core/../key.ui/examples/standard_key/arith/cubicSum.key.proof 
70999      DEBUG main            d.u.i.k.p.i.AbstractProblemLoader Environment load took 700.51ns 
71001      INFO  main            d.u.i.k.p.i.AbstractProblemLoader Creating init config 
73522      DEBUG main            d.u.i.k.p.i.AbstractProblemLoader Init config took 2.52s 
73539      INFO  main            d.u.i.k.p.i.AbstractProblemLoader Replaying proof cubicSum.key.proof 
73640      DEBUG main            d.u.i.k.p.i.IntermediateProofReplayer Proof replay took 97.2ms 
73642      DEBUG main            d.u.i.k.p.r.p.TestFile    ... success: reloaded. 
73643      INFO  main            d.u.i.k.p.r.p.TestFile    Now processing file /home/runner/work/key/key/key.core/../key.ui/examples/standard_key/arith/divByZero.key 
73644      INFO  main            d.u.i.k.p.i.AbstractProblemLoader Loading environment from /home/runner/work/key/key/key.core/../key.ui/examples/standard_key/arith/divByZero.key 
73644      DEBUG main            d.u.i.k.p.i.AbstractProblemLoader Environment load took 212.2ns 
73645      INFO  main            d.u.i.k.p.i.AbstractProblemLoader Creating init config 
76212      DEBUG main            d.u.i.k.p.i.AbstractProblemLoader Init config took 2.57s 
76228      INFO  main            d.u.i.k.p.i.AbstractProblemLoader Replaying proof divByZero.key 
76230      DEBUG main            d.u.i.k.p.i.IntermediateProofReplayer Proof replay took 6.4ns 
76433      INFO  main            d.u.i.k.p.r.p.TestFile    ... finished proof: closed. 
76730      INFO  main            d.u.i.k.p.i.AbstractProblemLoader Loading environment from /home/runner/work/key/key/key.core/../key.ui/examples/standard_key/arith/divByZero.key.proof 
76730      DEBUG main            d.u.i.k.p.i.AbstractProblemLoader Environment load took 145.6ns 
76731      INFO  main            d.u.i.k.p.i.AbstractProblemLoader Creating init config 
79205      DEBUG main            d.u.i.k.p.i.AbstractProblemLoader Init config took 2.47s 
79225      INFO  main            d.u.i.k.p.i.AbstractProblemLoader Replaying proof divByZero.key.proof 
79269      DEBUG main            d.u.i.k.p.i.IntermediateProofReplayer Proof replay took 40.24ms 
79271      DEBUG main            d.u.i.k.p.r.p.TestFile    ... success: reloaded. 
79273      INFO  main            d.u.i.k.p.r.p.TestFile    Now processing file /home/runner/work/key/key/key.core/../key.ui/examples/standard_key/arith/divisionAssoc.key 
79273      INFO  main            d.u.i.k.p.i.AbstractProblemLoader Loading environment from /home/runner/work/key/key/key.core/../key.ui/examples/standard_key/arith/divisionAssoc.key 
79273      DEBUG main            d.u.i.k.p.i.AbstractProblemLoader Environment load took 103ns 
79274      INFO  main            d.u.i.k.p.i.AbstractProblemLoader Creating init config 
81783      DEBUG main            d.u.i.k.p.i.AbstractProblemLoader Init config took 2.51s 
81798      INFO  main            d.u.i.k.p.i.AbstractProblemLoader Replaying proof divisionAssoc.key 
81800      DEBUG main            d.u.i.k.p.i.IntermediateProofReplayer Proof replay took 6.3ns 
82504      INFO  main            d.u.i.k.p.r.p.TestFile    ... finished proof: closed. 
82861      INFO  main            d.u.i.k.p.i.AbstractProblemLoader Loading environment from /home/runner/work/key/key/key.core/../key.ui/examples/standard_key/arith/divisionAssoc.key.proof 
82861      DEBUG main            d.u.i.k.p.i.AbstractProblemLoader Environment load took 499.01ns 
82863      INFO  main            d.u.i.k.p.i.AbstractProblemLoader Creating init config 
85307      DEBUG main            d.u.i.k.p.i.AbstractProblemLoader Init config took 2.44s 
85322      INFO  main            d.u.i.k.p.i.AbstractProblemLoader Replaying proof divisionAssoc.key.proof 
85363      DEBUG main            d.u.i.k.p.i.IntermediateProofReplayer Proof replay took 35.86ms 
85365      DEBUG main            d.u.i.k.p.r.p.TestFile    ... success: reloaded. 
85366      INFO  main            d.u.i.k.p.r.p.TestFile    Now processing file /home/runner/work/key/key/key.core/../key.ui/examples/standard_key/arith/divisionBy2.key 
85366      INFO  main            d.u.i.k.p.i.AbstractProblemLoader Loading environment from /home/runner/work/key/key/key.core/../key.ui/examples/standard_key/arith/divisionBy2.key 
85366      DEBUG main            d.u.i.k.p.i.AbstractProblemLoader Environment load took 122.9ns 
85367      INFO  main            d.u.i.k.p.i.AbstractProblemLoader Creating init config 
87815      DEBUG main            d.u.i.k.p.i.AbstractProblemLoader Init config took 2.45s 
87830      INFO  main            d.u.i.k.p.i.AbstractProblemLoader Replaying proof divisionBy2.key 
87831      DEBUG main            d.u.i.k.p.i.IntermediateProofReplayer Proof replay took 7.2ns 
87934      INFO  main            d.u.i.k.p.r.p.TestFile    ... finished proof: closed. 
88189      INFO  main            d.u.i.k.p.i.AbstractProblemLoader Loading environment from /home/runner/work/key/key/key.core/../key.ui/examples/standard_key/arith/divisionBy2.key.proof 
88189      DEBUG main            d.u.i.k.p.i.AbstractProblemLoader Environment load took 134.1ns 
88190      INFO  main            d.u.i.k.p.i.AbstractProblemLoader Creating init config 
90628      DEBUG main            d.u.i.k.p.i.AbstractProblemLoader Init config took 2.44s 
90643      INFO  main            d.u.i.k.p.i.AbstractProblemLoader Replaying proof divisionBy2.key.proof 
90650      DEBUG main            d.u.i.k.p.i.IntermediateProofReplayer Proof replay took 4.66ms 
90651      DEBUG main            d.u.i.k.p.r.p.TestFile    ... success: reloaded. 
90652      INFO  main            d.u.i.k.p.r.p.TestFile    Now processing file /home/runner/work/key/key/key.core/../key.ui/examples/standard_key/arith/euclidean/gcdHelp-post.key 
90652      INFO  main            d.u.i.k.p.i.AbstractProblemLoader Loading environment from /home/runner/work/key/key/key.core/../key.ui/examples/standard_key/arith/euclidean/gcdHelp-post.key 
90653      DEBUG main            d.u.i.k.p.i.AbstractProblemLoader Environment load took 246.8ns 
90654      INFO  main            d.u.i.k.p.i.AbstractProblemLoader Creating init config 
93307      DEBUG main            d.u.i.k.p.i.AbstractProblemLoader Init config took 2.65s 
93325      INFO  main            d.u.i.k.p.i.AbstractProblemLoader Replaying proof gcdHelp-post.key 
93327      DEBUG main            d.u.i.k.p.i.IntermediateProofReplayer Proof replay took 7.6ns 
96361      INFO  main            d.u.i.k.p.r.p.TestFile    ... finished proof: closed. 
96612      INFO  main            d.u.i.k.p.i.AbstractProblemLoader Loading environment from /home/runner/work/key/key/key.core/../key.ui/examples/standard_key/arith/euclidean/gcdHelp-post.key.proof 
96613      DEBUG main            d.u.i.k.p.i.AbstractProblemLoader Environment load took 631.01ns 
96615      INFO  main            d.u.i.k.p.i.AbstractProblemLoader Creating init config 
99130      DEBUG main            d.u.i.k.p.i.AbstractProblemLoader Init config took 2.51s 
99146      INFO  main            d.u.i.k.p.i.AbstractProblemLoader Replaying proof gcdHelp-post.key.proof 
99341      DEBUG main            d.u.i.k.p.i.IntermediateProofReplayer Proof replay took 184.63ms 
99343      DEBUG main            d.u.i.k.p.r.p.TestFile    ... success: reloaded. 
99344      INFO  main            d.u.i.k.p.r.p.TestFile    Now processing file /home/runner/work/key/key/key.core/../key.ui/examples/standard_key/arith/gemplusDecimal/add.key 
99345      INFO  main            d.u.i.k.p.i.AbstractProblemLoader Loading environment from /home/runner/work/key/key/key.core/../key.ui/examples/standard_key/arith/gemplusDecimal/add.key 
99345      DEBUG main            d.u.i.k.p.i.AbstractProblemLoader Environment load took 227.7ns 
99347      INFO  main            d.u.i.k.p.i.AbstractProblemLoader Creating init config 
101893     DEBUG main            d.u.i.k.p.i.AbstractProblemLoader Init config took 2.55s 
101911     INFO  main            d.u.i.k.p.i.AbstractProblemLoader Replaying proof add.key 
101912     DEBUG main            d.u.i.k.p.i.IntermediateProofReplayer Proof replay took 6.4ns 
144280     INFO  main            d.u.i.k.p.r.p.TestFile    ... finished proof: closed. 
144670     INFO  main            d.u.i.k.p.i.AbstractProblemLoader Loading environment from /home/runner/work/key/key/key.core/../key.ui/examples/standard_key/arith/gemplusDecimal/add.key.proof 
144671     DEBUG main            d.u.i.k.p.i.AbstractProblemLoader Environment load took 230.4ns 
144681     INFO  main            d.u.i.k.p.i.AbstractProblemLoader Creating init config 
147163     DEBUG main            d.u.i.k.p.i.AbstractProblemLoader Init config took 2.48s 
147190     INFO  main            d.u.i.k.p.i.AbstractProblemLoader Replaying proof add.key.proof 
150982     DEBUG main            d.u.i.k.p.i.IntermediateProofReplayer Proof replay took 3.68s 
150990     DEBUG main            d.u.i.k.p.r.p.TestFile    ... success: reloaded. 
150991     INFO  main            d.u.i.k.p.r.p.TestFile    Now processing file /home/runner/work/key/key/key.core/../key.ui/examples/standard_key/arith/jdivevenodd.key 
150991     INFO  main            d.u.i.k.p.i.AbstractProblemLoader Loading environment from /home/runner/work/key/key/key.core/../key.ui/examples/standard_key/arith/jdivevenodd.key 
150992     DEBUG main            d.u.i.k.p.i.AbstractProblemLoader Environment load took 101.6ns 
150993     INFO  main            d.u.i.k.p.i.AbstractProblemLoader Creating init config 
153514     DEBUG main            d.u.i.k.p.i.AbstractProblemLoader Init config took 2.52s 
153528     INFO  main            d.u.i.k.p.i.AbstractProblemLoader Replaying proof jdivevenodd.key 
153530     DEBUG main            d.u.i.k.p.i.IntermediateProofReplayer Proof replay took 7.4ns 
153733     INFO  main            d.u.i.k.p.r.p.TestFile    ... finished proof: closed. 
154090     INFO  main            d.u.i.k.p.i.AbstractProblemLoader Loading environment from /home/runner/work/key/key/key.core/../key.ui/examples/standard_key/arith/jdivevenodd.key.proof 
154090     DEBUG main            d.u.i.k.p.i.AbstractProblemLoader Environment load took 133.3ns 
154092     INFO  main            d.u.i.k.p.i.AbstractProblemLoader Creating init config 
156541     DEBUG main            d.u.i.k.p.i.AbstractProblemLoader Init config took 2.45s 
156556     INFO  main            d.u.i.k.p.i.AbstractProblemLoader Replaying proof jdivevenodd.key.proof 
156573     DEBUG main            d.u.i.k.p.i.IntermediateProofReplayer Proof replay took 14.07ms 
156575     DEBUG main            d.u.i.k.p.r.p.TestFile    ... success: reloaded. 
156576     INFO  main            d.u.i.k.p.r.p.TestFile    Now processing file /home/runner/work/key/key/key.core/../key.ui/examples/standard_key/arith/median.key 
156576     INFO  main            d.u.i.k.p.i.AbstractProblemLoader Loading environment from /home/runner/work/key/key/key.core/../key.ui/examples/standard_key/arith/median.key 
156576     DEBUG main            d.u.i.k.p.i.AbstractProblemLoader Environment load took 240.1ns 
156578     INFO  main            d.u.i.k.p.i.AbstractProblemLoader Creating init config 
158984     DEBUG main            d.u.i.k.p.i.AbstractProblemLoader Init config took 2.41s 
159000     INFO  main            d.u.i.k.p.i.AbstractProblemLoader Replaying proof median.key 
159003     DEBUG main            d.u.i.k.p.i.IntermediateProofReplayer Proof replay took 6.6ns 
174002     INFO  main            d.u.i.k.p.r.p.TestFile    ... finished proof: closed. 
174363     INFO  main            d.u.i.k.p.i.AbstractProblemLoader Loading environment from /home/runner/work/key/key/key.core/../key.ui/examples/standard_key/arith/median.key.proof 
174363     DEBUG main            d.u.i.k.p.i.AbstractProblemLoader Environment load took 588.51ns 
174367     INFO  main            d.u.i.k.p.i.AbstractProblemLoader Creating init config 
176786     DEBUG main            d.u.i.k.p.i.AbstractProblemLoader Init config took 2.42s 
176802     INFO  main            d.u.i.k.p.i.AbstractProblemLoader Replaying proof median.key.proof 
177905     DEBUG main            d.u.i.k.p.i.IntermediateProofReplayer Proof replay took 1.05s 
177908     DEBUG main            d.u.i.k.p.r.p.TestFile    ... success: reloaded. 
177909     INFO  main            d.u.i.k.p.r.p.TestFile    Now processing file /home/runner/work/key/key/key.core/../key.ui/examples/standard_key/arith/mod1.key 
177909     INFO  main            d.u.i.k.p.i.AbstractProblemLoader Loading environment from /home/runner/work/key/key/key.core/../key.ui/examples/standard_key/arith/mod1.key 
177909     DEBUG main            d.u.i.k.p.i.AbstractProblemLoader Environment load took 84.9ns 
177910     INFO  main            d.u.i.k.p.i.AbstractProblemLoader Creating init config 
180384     DEBUG main            d.u.i.k.p.i.AbstractProblemLoader Init config took 2.47s 
180398     INFO  main            d.u.i.k.p.i.AbstractProblemLoader Replaying proof mod1.key 
180399     DEBUG main            d.u.i.k.p.i.IntermediateProofReplayer Proof replay took 6.2ns 
180501     INFO  main            d.u.i.k.p.r.p.TestFile    ... finished proof: closed. 
180825     INFO  main            d.u.i.k.p.i.AbstractProblemLoader Loading environment from /home/runner/work/key/key/key.core/../key.ui/examples/standard_key/arith/mod1.key.proof 
180825     DEBUG main            d.u.i.k.p.i.AbstractProblemLoader Environment load took 137.8ns 
180827     INFO  main            d.u.i.k.p.i.AbstractProblemLoader Creating init config 
183270     DEBUG main            d.u.i.k.p.i.AbstractProblemLoader Init config took 2.44s 
183284     INFO  main            d.u.i.k.p.i.AbstractProblemLoader Replaying proof mod1.key.proof 
183288     DEBUG main            d.u.i.k.p.i.IntermediateProofReplayer Proof replay took 2.21ms 
183289     DEBUG main            d.u.i.k.p.r.p.TestFile    ... success: reloaded. 
183290     INFO  main            d.u.i.k.p.r.p.TestFile    Now processing file /home/runner/work/key/key/key.core/../key.ui/examples/standard_key/arith/mod2.key 
183290     INFO  main            d.u.i.k.p.i.AbstractProblemLoader Loading environment from /home/runner/work/key/key/key.core/../key.ui/examples/standard_key/arith/mod2.key 
183290     DEBUG main            d.u.i.k.p.i.AbstractProblemLoader Environment load took 91.5ns 
183291     INFO  main            d.u.i.k.p.i.AbstractProblemLoader Creating init config 
185697     DEBUG main            d.u.i.k.p.i.AbstractProblemLoader Init config took 2.41s 
185711     INFO  main            d.u.i.k.p.i.AbstractProblemLoader Replaying proof mod2.key 
185713     DEBUG main            d.u.i.k.p.i.IntermediateProofReplayer Proof replay took 6.7ns 
185816     INFO  main            d.u.i.k.p.r.p.TestFile    ... finished proof: closed. 
186075     INFO  main            d.u.i.k.p.i.AbstractProblemLoader Loading environment from /home/runner/work/key/key/key.core/../key.ui/examples/standard_key/arith/mod2.key.proof 
186076     DEBUG main            d.u.i.k.p.i.AbstractProblemLoader Environment load took 133.8ns 
186077     INFO  main            d.u.i.k.p.i.AbstractProblemLoader Creating init config 
188478     DEBUG main            d.u.i.k.p.i.AbstractProblemLoader Init config took 2.4s 
188492     INFO  main            d.u.i.k.p.i.AbstractProblemLoader Replaying proof mod2.key.proof 
188495     DEBUG main            d.u.i.k.p.i.IntermediateProofReplayer Proof replay took 1.54ms 
188496     DEBUG main            d.u.i.k.p.r.p.TestFile    ... success: reloaded. 
188497     INFO  main            d.u.i.k.p.r.p.TestFile    Now processing file /home/runner/work/key/key/key.core/../key.ui/examples/standard_key/arith/mod7.key 
188498     INFO  main            d.u.i.k.p.i.AbstractProblemLoader Loading environment from /home/runner/work/key/key/key.core/../key.ui/examples/standard_key/arith/mod7.key 
188498     DEBUG main            d.u.i.k.p.i.AbstractProblemLoader Environment load took 198.9ns 
188499     INFO  main            d.u.i.k.p.i.AbstractProblemLoader Creating init config 
190981     DEBUG main            d.u.i.k.p.i.AbstractProblemLoader Init config took 2.48s 
190995     INFO  main            d.u.i.k.p.i.AbstractProblemLoader Replaying proof mod7.key 
190996     DEBUG main            d.u.i.k.p.i.IntermediateProofReplayer Proof replay took 7.5ns 
191102     INFO  main            d.u.i.k.p.r.p.TestFile    ... finished proof: closed. 
191356     INFO  main            d.u.i.k.p.i.AbstractProblemLoader Loading environment from /home/runner/work/key/key/key.core/../key.ui/examples/standard_key/arith/mod7.key.proof 
191356     DEBUG main            d.u.i.k.p.i.AbstractProblemLoader Environment load took 151.8ns 
191357     INFO  main            d.u.i.k.p.i.AbstractProblemLoader Creating init config 
193742     DEBUG main            d.u.i.k.p.i.AbstractProblemLoader Init config took 2.38s 
193756     INFO  main            d.u.i.k.p.i.AbstractProblemLoader Replaying proof mod7.key.proof 
193764     DEBUG main            d.u.i.k.p.i.IntermediateProofReplayer Proof replay took 5.26ms 
193765     DEBUG main            d.u.i.k.p.r.p.TestFile    ... success: reloaded. 
193766     INFO  main            d.u.i.k.p.r.p.TestFile    Now processing file /home/runner/work/key/key/key.core/../key.ui/examples/standard_key/arith/overflow_hija.key 
193766     INFO  main            d.u.i.k.p.i.AbstractProblemLoader Loading environment from /home/runner/work/key/key/key.core/../key.ui/examples/standard_key/arith/overflow_hija.key 
193766     DEBUG main            d.u.i.k.p.i.AbstractProblemLoader Environment load took 203ns 
193768     INFO  main            d.u.i.k.p.i.AbstractProblemLoader Creating init config 
196248     DEBUG main            d.u.i.k.p.i.AbstractProblemLoader Init config took 2.48s 
196265     INFO  main            d.u.i.k.p.i.AbstractProblemLoader Replaying proof overflow_hija.key 
196267     DEBUG main            d.u.i.k.p.i.IntermediateProofReplayer Proof replay took 6.2ns 
200938     INFO  main            d.u.i.k.p.r.p.TestFile    ... finished proof: closed. 
201255     INFO  main            d.u.i.k.p.i.AbstractProblemLoader Loading environment from /home/runner/work/key/key/key.core/../key.ui/examples/standard_key/arith/overflow_hija.key.proof 
201256     DEBUG main            d.u.i.k.p.i.AbstractProblemLoader Environment load took 480.71ns 
201258     INFO  main            d.u.i.k.p.i.AbstractProblemLoader Creating init config 
203662     DEBUG main            d.u.i.k.p.i.AbstractProblemLoader Init config took 2.4s 
203680     INFO  main            d.u.i.k.p.i.AbstractProblemLoader Replaying proof overflow_hija.key.proof 
204036     DEBUG main            d.u.i.k.p.i.IntermediateProofReplayer Proof replay took 345.41ms 
204038     DEBUG main            d.u.i.k.p.r.p.TestFile    ... success: reloaded. 
204039     INFO  main            d.u.i.k.p.r.p.TestFile    Now processing file /home/runner/work/key/key/key.core/../key.ui/examples/standard_key/arith/poly_division0.key 
204040     INFO  main            d.u.i.k.p.i.AbstractProblemLoader Loading environment from /home/runner/work/key/key/key.core/../key.ui/examples/standard_key/arith/poly_division0.key 
204040     DEBUG main            d.u.i.k.p.i.AbstractProblemLoader Environment load took 120.8ns 
204041     INFO  main            d.u.i.k.p.i.AbstractProblemLoader Creating init config 
206536     DEBUG main            d.u.i.k.p.i.AbstractProblemLoader Init config took 2.49s 
206550     INFO  main            d.u.i.k.p.i.AbstractProblemLoader Replaying proof poly_division0.key 
206551     DEBUG main            d.u.i.k.p.i.IntermediateProofReplayer Proof replay took 8.3ns 
206657     INFO  main            d.u.i.k.p.r.p.TestFile    ... finished proof: closed. 
206994     INFO  main            d.u.i.k.p.i.AbstractProblemLoader Loading environment from /home/runner/work/key/key/key.core/../key.ui/examples/standard_key/arith/poly_division0.key.proof 
206994     DEBUG main            d.u.i.k.p.i.AbstractProblemLoader Environment load took 122.6ns 
206996     INFO  main            d.u.i.k.p.i.AbstractProblemLoader Creating init config 
209376     DEBUG main            d.u.i.k.p.i.AbstractProblemLoader Init config took 2.38s 
209390     INFO  main            d.u.i.k.p.i.AbstractProblemLoader Replaying proof poly_division0.key.proof 
209400     DEBUG main            d.u.i.k.p.i.IntermediateProofReplayer Proof replay took 7.78ms 
209401     DEBUG main            d.u.i.k.p.r.p.TestFile    ... success: reloaded. 
209401     INFO  main            d.u.i.k.p.r.p.TestFile    Now processing file /home/runner/work/key/key/key.core/../key.ui/examples/standard_key/arith/poly_division1.key 
209402     INFO  main            d.u.i.k.p.i.AbstractProblemLoader Loading environment from /home/runner/work/key/key/key.core/../key.ui/examples/standard_key/arith/poly_division1.key 
209402     DEBUG main            d.u.i.k.p.i.AbstractProblemLoader Environment load took 77.3ns 
209403     INFO  main            d.u.i.k.p.i.AbstractProblemLoader Creating init config 
211814     DEBUG main            d.u.i.k.p.i.AbstractProblemLoader Init config took 2.41s 
211828     INFO  main            d.u.i.k.p.i.AbstractProblemLoader Replaying proof poly_division1.key 
211829     DEBUG main            d.u.i.k.p.i.IntermediateProofReplayer Proof replay took 6.5ns 
211933     INFO  main            d.u.i.k.p.r.p.TestFile    ... finished proof: closed. 
212199     INFO  main            d.u.i.k.p.i.AbstractProblemLoader Loading environment from /home/runner/work/key/key/key.core/../key.ui/examples/standard_key/arith/poly_division1.key.proof 
212199     DEBUG main            d.u.i.k.p.i.AbstractProblemLoader Environment load took 144.7ns 
212200     INFO  main            d.u.i.k.p.i.AbstractProblemLoader Creating init config 
214610     DEBUG main            d.u.i.k.p.i.AbstractProblemLoader Init config took 2.41s 
214624     INFO  main            d.u.i.k.p.i.AbstractProblemLoader Replaying proof poly_division1.key.proof 
214632     DEBUG main            d.u.i.k.p.i.IntermediateProofReplayer Proof replay took 6.05ms 
214633     DEBUG main            d.u.i.k.p.r.p.TestFile    ... success: reloaded. 
214633     INFO  main            d.u.i.k.p.r.p.TestFile    Now processing file /home/runner/work/key/key/key.core/../key.ui/examples/standard_key/inEqSimp/division.key 
214633     INFO  main            d.u.i.k.p.i.AbstractProblemLoader Loading environment from /home/runner/work/key/key/key.core/../key.ui/examples/standard_key/inEqSimp/division.key 
214634     DEBUG main            d.u.i.k.p.i.AbstractProblemLoader Environment load took 56ns 
214635     INFO  main            d.u.i.k.p.i.AbstractProblemLoader Creating init config 
217067     DEBUG main            d.u.i.k.p.i.AbstractProblemLoader Init config took 2.43s 
217081     INFO  main            d.u.i.k.p.i.AbstractProblemLoader Replaying proof division.key 
217083     DEBUG main            d.u.i.k.p.i.IntermediateProofReplayer Proof replay took 8.3ns 
217887     INFO  main            d.u.i.k.p.r.p.TestFile    ... finished proof: closed. 
218172     INFO  main            d.u.i.k.p.i.AbstractProblemLoader Loading environment from /home/runner/work/key/key/key.core/../key.ui/examples/standard_key/inEqSimp/division.key.proof 
218172     DEBUG main            d.u.i.k.p.i.AbstractProblemLoader Environment load took 500.51ns 
218174     INFO  main            d.u.i.k.p.i.AbstractProblemLoader Creating init config 
220557     DEBUG main            d.u.i.k.p.i.AbstractProblemLoader Init config took 2.38s 
220571     INFO  main            d.u.i.k.p.i.AbstractProblemLoader Replaying proof division.key.proof 
220605     DEBUG main            d.u.i.k.p.i.IntermediateProofReplayer Proof replay took 29.65ms 
220606     DEBUG main            d.u.i.k.p.r.p.TestFile    ... success: reloaded. 
220607     INFO  main            d.u.i.k.p.r.p.TestFile    Now processing file /home/runner/work/key/key/key.core/../key.ui/examples/standard_key/inEqSimp/inequations0.key 
220608     INFO  main            d.u.i.k.p.i.AbstractProblemLoader Loading environment from /home/runner/work/key/key/key.core/../key.ui/examples/standard_key/inEqSimp/inequations0.key 
220608     DEBUG main            d.u.i.k.p.i.AbstractProblemLoader Environment load took 205.3ns 
220609     INFO  main            d.u.i.k.p.i.AbstractProblemLoader Creating init config 
223053     DEBUG main            d.u.i.k.p.i.AbstractProblemLoader Init config took 2.44s 
223067     INFO  main            d.u.i.k.p.i.AbstractProblemLoader Replaying proof inequations0.key 
223069     DEBUG main            d.u.i.k.p.i.IntermediateProofReplayer Proof replay took 7.3ns 
223171     INFO  main            d.u.i.k.p.r.p.TestFile    ... finished proof: closed. 
223468     INFO  main            d.u.i.k.p.i.AbstractProblemLoader Loading environment from /home/runner/work/key/key/key.core/../key.ui/examples/standard_key/inEqSimp/inequations0.key.proof 
223468     DEBUG main            d.u.i.k.p.i.AbstractProblemLoader Environment load took 121.5ns 
223469     INFO  main            d.u.i.k.p.i.AbstractProblemLoader Creating init config 
225858     DEBUG main            d.u.i.k.p.i.AbstractProblemLoader Init config took 2.39s 
225872     INFO  main            d.u.i.k.p.i.AbstractProblemLoader Replaying proof inequations0.key.proof 
225876     DEBUG main            d.u.i.k.p.i.IntermediateProofReplayer Proof replay took 1.94ms 
225877     DEBUG main            d.u.i.k.p.r.p.TestFile    ... success: reloaded. 
225877     INFO  main            d.u.i.k.p.r.p.TestFile    Now processing file /home/runner/work/key/key/key.core/../key.ui/examples/standard_key/inEqSimp/inequations1.key 
225878     INFO  main            d.u.i.k.p.i.AbstractProblemLoader Loading environment from /home/runner/work/key/key/key.core/../key.ui/examples/standard_key/inEqSimp/inequations1.key 
225878     DEBUG main            d.u.i.k.p.i.AbstractProblemLoader Environment load took 231.1ns 
225879     INFO  main            d.u.i.k.p.i.AbstractProblemLoader Creating init config 
228314     DEBUG main            d.u.i.k.p.i.AbstractProblemLoader Init config took 2.44s 
228328     INFO  main            d.u.i.k.p.i.AbstractProblemLoader Replaying proof inequations1.key 
228329     DEBUG main            d.u.i.k.p.i.IntermediateProofReplayer Proof replay took 9.1ns 
228434     INFO  main            d.u.i.k.p.r.p.TestFile    ... finished proof: closed. 
228726     INFO  main            d.u.i.k.p.i.AbstractProblemLoader Loading environment from /home/runner/work/key/key/key.core/../key.ui/examples/standard_key/inEqSimp/inequations1.key.proof 
228727     DEBUG main            d.u.i.k.p.i.AbstractProblemLoader Environment load took 114.9ns 
228728     INFO  main            d.u.i.k.p.i.AbstractProblemLoader Creating init config 
231119     DEBUG main            d.u.i.k.p.i.AbstractProblemLoader Init config took 2.39s 
231133     INFO  main            d.u.i.k.p.i.AbstractProblemLoader Replaying proof inequations1.key.proof 
231136     DEBUG main            d.u.i.k.p.i.IntermediateProofReplayer Proof replay took 1.31ms 
231136     DEBUG main            d.u.i.k.p.r.p.TestFile    ... success: reloaded. 
231137     INFO  main            d.u.i.k.p.r.p.TestFile    Now processing file /home/runner/work/key/key/key.core/../key.ui/examples/standard_key/inEqSimp/inequations2.key 
231137     INFO  main            d.u.i.k.p.i.AbstractProblemLoader Loading environment from /home/runner/work/key/key/key.core/../key.ui/examples/standard_key/inEqSimp/inequations2.key 
231137     DEBUG main            d.u.i.k.p.i.AbstractProblemLoader Environment load took 88.5ns 
231138     INFO  main            d.u.i.k.p.i.AbstractProblemLoader Creating init config 
233589     DEBUG main            d.u.i.k.p.i.AbstractProblemLoader Init config took 2.45s 
233602     INFO  main            d.u.i.k.p.i.AbstractProblemLoader Replaying proof inequations2.key 
233604     DEBUG main            d.u.i.k.p.i.IntermediateProofReplayer Proof replay took 8ns 
233705     INFO  main            d.u.i.k.p.r.p.TestFile    ... finished proof: closed. 
233997     INFO  main            d.u.i.k.p.i.AbstractProblemLoader Loading environment from /home/runner/work/key/key/key.core/../key.ui/examples/standard_key/inEqSimp/inequations2.key.proof 
233997     DEBUG main            d.u.i.k.p.i.AbstractProblemLoader Environment load took 117.5ns 
233998     INFO  main            d.u.i.k.p.i.AbstractProblemLoader Creating init config 
236376     DEBUG main            d.u.i.k.p.i.AbstractProblemLoader Init config took 2.38s 
236389     INFO  main            d.u.i.k.p.i.AbstractProblemLoader Replaying proof inequations2.key.proof 
236393     DEBUG main            d.u.i.k.p.i.IntermediateProofReplayer Proof replay took 1.58ms 
236395     DEBUG main            d.u.i.k.p.r.p.TestFile    ... success: reloaded. 
236396     INFO  main            d.u.i.k.p.r.p.TestFile    Now processing file /home/runner/work/key/key/key.core/../key.ui/examples/standard_key/inEqSimp/linApprox.key 
236396     INFO  main            d.u.i.k.p.i.AbstractProblemLoader Loading environment from /home/runner/work/key/key/key.core/../key.ui/examples/standard_key/inEqSimp/linApprox.key 
236396     DEBUG main            d.u.i.k.p.i.AbstractProblemLoader Environment load took 86ns 
236397     INFO  main            d.u.i.k.p.i.AbstractProblemLoader Creating init config 
238844     DEBUG main            d.u.i.k.p.i.AbstractProblemLoader Init config took 2.45s 
238857     INFO  main            d.u.i.k.p.i.AbstractProblemLoader Replaying proof linApprox.key 
238859     DEBUG main            d.u.i.k.p.i.IntermediateProofReplayer Proof replay took 7.6ns 
238961     INFO  main            d.u.i.k.p.r.p.TestFile    ... finished proof: closed. 
239266     INFO  main            d.u.i.k.p.i.AbstractProblemLoader Loading environment from /home/runner/work/key/key/key.core/../key.ui/examples/standard_key/inEqSimp/linApprox.key.proof 
239266     DEBUG main            d.u.i.k.p.i.AbstractProblemLoader Environment load took 113.7ns 
239267     INFO  main            d.u.i.k.p.i.AbstractProblemLoader Creating init config 
241630     DEBUG main            d.u.i.k.p.i.AbstractProblemLoader Init config took 2.36s 
241644     INFO  main            d.u.i.k.p.i.AbstractProblemLoader Replaying proof linApprox.key.proof 
241648     DEBUG main            d.u.i.k.p.i.IntermediateProofReplayer Proof replay took 2.54ms 
241649     DEBUG main            d.u.i.k.p.r.p.TestFile    ... success: reloaded. 
241649     INFO  main            d.u.i.k.p.r.p.TestFile    Now processing file /home/runner/work/key/key/key.core/../key.ui/examples/standard_key/inEqSimp/nonLinInEqExample0.key 
241650     INFO  main            d.u.i.k.p.i.AbstractProblemLoader Loading environment from /home/runner/work/key/key/key.core/../key.ui/examples/standard_key/inEqSimp/nonLinInEqExample0.key 
241650     DEBUG main            d.u.i.k.p.i.AbstractProblemLoader Environment load took 55.2ns 
241651     INFO  main            d.u.i.k.p.i.AbstractProblemLoader Creating init config 
244068     DEBUG main            d.u.i.k.p.i.AbstractProblemLoader Init config took 2.42s 
244081     INFO  main            d.u.i.k.p.i.AbstractProblemLoader Replaying proof nonLinInEqExample0.key 
244082     DEBUG main            d.u.i.k.p.i.IntermediateProofReplayer Proof replay took 7.6ns 
244184     INFO  main            d.u.i.k.p.r.p.TestFile    ... finished proof: closed. 
244489     INFO  main            d.u.i.k.p.i.AbstractProblemLoader Loading environment from /home/runner/work/key/key/key.core/../key.ui/examples/standard_key/inEqSimp/nonLinInEqExample0.key.proof 
244490     DEBUG main            d.u.i.k.p.i.AbstractProblemLoader Environment load took 117.4ns 
244491     INFO  main            d.u.i.k.p.i.AbstractProblemLoader Creating init config 
246866     DEBUG main            d.u.i.k.p.i.AbstractProblemLoader Init config took 2.38s 
246880     INFO  main            d.u.i.k.p.i.AbstractProblemLoader Replaying proof nonLinInEqExample0.key.proof 
246882     DEBUG main            d.u.i.k.p.i.IntermediateProofReplayer Proof replay took 926.51ns 
246883     DEBUG main            d.u.i.k.p.r.p.TestFile    ... success: reloaded. 
246884     INFO  main            d.u.i.k.p.r.p.TestFile    Now processing file /home/runner/work/key/key/key.core/../key.ui/examples/standard_key/inEqSimp/nonLinInEqExample2.key 
246884     INFO  main            d.u.i.k.p.i.AbstractProblemLoader Loading environment from /home/runner/work/key/key/key.core/../key.ui/examples/standard_key/inEqSimp/nonLinInEqExample2.key 
246884     DEBUG main            d.u.i.k.p.i.AbstractProblemLoader Environment load took 54.1ns 
246885     INFO  main            d.u.i.k.p.i.AbstractProblemLoader Creating init config 
249311     DEBUG main            d.u.i.k.p.i.AbstractProblemLoader Init config took 2.43s 
249325     INFO  main            d.u.i.k.p.i.AbstractProblemLoader Replaying proof nonLinInEqExample2.key 
249327     DEBUG main            d.u.i.k.p.i.IntermediateProofReplayer Proof replay took 15.3ns 
249630     INFO  main            d.u.i.k.p.r.p.TestFile    ... finished proof: closed. 
249944     INFO  main            d.u.i.k.p.i.AbstractProblemLoader Loading environment from /home/runner/work/key/key/key.core/../key.ui/examples/standard_key/inEqSimp/nonLinInEqExample2.key.proof 
249944     DEBUG main            d.u.i.k.p.i.AbstractProblemLoader Environment load took 145.5ns 
249946     INFO  main            d.u.i.k.p.i.AbstractProblemLoader Creating init config 
252317     DEBUG main            d.u.i.k.p.i.AbstractProblemLoader Init config took 2.37s 
252331     INFO  main            d.u.i.k.p.i.AbstractProblemLoader Replaying proof nonLinInEqExample2.key.proof 
252375     DEBUG main            d.u.i.k.p.i.IntermediateProofReplayer Proof replay took 41.5ms 
252377     DEBUG main            d.u.i.k.p.r.p.TestFile    ... success: reloaded. 
252378     INFO  main            d.u.i.k.p.r.p.TestFile    Now processing file /home/runner/work/key/key/key.core/../key.ui/examples/standard_key/inEqSimp/nonLinInEqExample3.key 
252378     INFO  main            d.u.i.k.p.i.AbstractProblemLoader Loading environment from /home/runner/work/key/key/key.core/../key.ui/examples/standard_key/inEqSimp/nonLinInEqExample3.key 
252378     DEBUG main            d.u.i.k.p.i.AbstractProblemLoader Environment load took 131.9ns 
252379     INFO  main            d.u.i.k.p.i.AbstractProblemLoader Creating init config 
254809     DEBUG main            d.u.i.k.p.i.AbstractProblemLoader Init config took 2.43s 
254822     INFO  main            d.u.i.k.p.i.AbstractProblemLoader Replaying proof nonLinInEqExample3.key 
254823     DEBUG main            d.u.i.k.p.i.IntermediateProofReplayer Proof replay took 7.8ns 
255026     INFO  main            d.u.i.k.p.r.p.TestFile    ... finished proof: closed. 
255363     INFO  main            d.u.i.k.p.i.AbstractProblemLoader Loading environment from /home/runner/work/key/key/key.core/../key.ui/examples/standard_key/inEqSimp/nonLinInEqExample3.key.proof 
255363     DEBUG main            d.u.i.k.p.i.AbstractProblemLoader Environment load took 123ns 
255365     INFO  main            d.u.i.k.p.i.AbstractProblemLoader Creating init config 
257747     DEBUG main            d.u.i.k.p.i.AbstractProblemLoader Init config took 2.38s 
257761     INFO  main            d.u.i.k.p.i.AbstractProblemLoader Replaying proof nonLinInEqExample3.key.proof 
257780     DEBUG main            d.u.i.k.p.i.IntermediateProofReplayer Proof replay took 16.62ms 
257781     DEBUG main            d.u.i.k.p.r.p.TestFile    ... success: reloaded. 
257782     INFO  main            d.u.i.k.p.r.p.TestFile    Now processing file /home/runner/work/key/key/key.core/../key.ui/examples/standard_key/inEqSimp/nonLinInEqExample4.key 
257782     INFO  main            d.u.i.k.p.i.AbstractProblemLoader Loading environment from /home/runner/work/key/key/key.core/../key.ui/examples/standard_key/inEqSimp/nonLinInEqExample4.key 
257782     DEBUG main            d.u.i.k.p.i.AbstractProblemLoader Environment load took 80.7ns 
257783     INFO  main            d.u.i.k.p.i.AbstractProblemLoader Creating init config 
260216     DEBUG main            d.u.i.k.p.i.AbstractProblemLoader Init config took 2.43s 
260229     INFO  main            d.u.i.k.p.i.AbstractProblemLoader Replaying proof nonLinInEqExample4.key 
260231     DEBUG main            d.u.i.k.p.i.IntermediateProofReplayer Proof replay took 48.8ns 
260333     INFO  main            d.u.i.k.p.r.p.TestFile    ... finished proof: closed. 
260678     INFO  main            d.u.i.k.p.i.AbstractProblemLoader Loading environment from /home/runner/work/key/key/key.core/../key.ui/examples/standard_key/inEqSimp/nonLinInEqExample4.key.proof 
260678     DEBUG main            d.u.i.k.p.i.AbstractProblemLoader Environment load took 126.7ns 
260679     INFO  main            d.u.i.k.p.i.AbstractProblemLoader Creating init config 
263062     DEBUG main            d.u.i.k.p.i.AbstractProblemLoader Init config took 2.38s 
263076     INFO  main            d.u.i.k.p.i.AbstractProblemLoader Replaying proof nonLinInEqExample4.key.proof 
263081     DEBUG main            d.u.i.k.p.i.IntermediateProofReplayer Proof replay took 3.43ms 
263082     DEBUG main            d.u.i.k.p.r.p.TestFile    ... success: reloaded. 
263083     INFO  main            d.u.i.k.p.r.p.TestFile    Now processing file /home/runner/work/key/key/key.core/../key.ui/examples/standard_key/inEqSimp/quadraticInEq.key 
263083     INFO  main            d.u.i.k.p.i.AbstractProblemLoader Loading environment from /home/runner/work/key/key/key.core/../key.ui/examples/standard_key/inEqSimp/quadraticInEq.key 
263083     DEBUG main            d.u.i.k.p.i.AbstractProblemLoader Environment load took 103.2ns 
263084     INFO  main            d.u.i.k.p.i.AbstractProblemLoader Creating init config 
265507     DEBUG main            d.u.i.k.p.i.AbstractProblemLoader Init config took 2.42s 
265520     INFO  main            d.u.i.k.p.i.AbstractProblemLoader Replaying proof quadraticInEq.key 
265522     DEBUG main            d.u.i.k.p.i.IntermediateProofReplayer Proof replay took 3.1ns 
265827     INFO  main            d.u.i.k.p.r.p.TestFile    ... finished proof: closed. 
266185     INFO  main            d.u.i.k.p.i.AbstractProblemLoader Loading environment from /home/runner/work/key/key/key.core/../key.ui/examples/standard_key/inEqSimp/quadraticInEq.key.proof 
266185     DEBUG main            d.u.i.k.p.i.AbstractProblemLoader Environment load took 335.7ns 
266187     INFO  main            d.u.i.k.p.i.AbstractProblemLoader Creating init config 
268570     DEBUG main            d.u.i.k.p.i.AbstractProblemLoader Init config took 2.38s 
268584     INFO  main            d.u.i.k.p.i.AbstractProblemLoader Replaying proof quadraticInEq.key.proof 
268624     DEBUG main            d.u.i.k.p.i.IntermediateProofReplayer Proof replay took 35.02ms 
268625     DEBUG main            d.u.i.k.p.r.p.TestFile    ... success: reloaded. 
268626     INFO  main            d.u.i.k.p.r.p.TestFile    Now processing file /home/runner/work/key/key/key.core/../key.ui/examples/standard_key/inEqSimp/quadraticInEq10.key 
268626     INFO  main            d.u.i.k.p.i.AbstractProblemLoader Loading environment from /home/runner/work/key/key/key.core/../key.ui/examples/standard_key/inEqSimp/quadraticInEq10.key 
268626     DEBUG main            d.u.i.k.p.i.AbstractProblemLoader Environment load took 54.4ns 
268627     INFO  main            d.u.i.k.p.i.AbstractProblemLoader Creating init config 
271042     DEBUG main            d.u.i.k.p.i.AbstractProblemLoader Init config took 2.41s 
271055     INFO  main            d.u.i.k.p.i.AbstractProblemLoader Replaying proof quadraticInEq10.key 
271056     DEBUG main            d.u.i.k.p.i.IntermediateProofReplayer Proof replay took 5.1ns 
271259     INFO  main            d.u.i.k.p.r.p.TestFile    ... finished proof: closed. 
271608     INFO  main            d.u.i.k.p.i.AbstractProblemLoader Loading environment from /home/runner/work/key/key/key.core/../key.ui/examples/standard_key/inEqSimp/quadraticInEq10.key.proof 
271608     DEBUG main            d.u.i.k.p.i.AbstractProblemLoader Environment load took 145ns 
271610     INFO  main            d.u.i.k.p.i.AbstractProblemLoader Creating init config 
274009     DEBUG main            d.u.i.k.p.i.AbstractProblemLoader Init config took 2.4s 
274024     INFO  main            d.u.i.k.p.i.AbstractProblemLoader Replaying proof quadraticInEq10.key.proof 
274038     DEBUG main            d.u.i.k.p.i.IntermediateProofReplayer Proof replay took 12.45ms 
274039     DEBUG main            d.u.i.k.p.r.p.TestFile    ... success: reloaded. 
274040     INFO  main            d.u.i.k.p.r.p.TestFile    Now processing file /home/runner/work/key/key/key.core/../key.ui/examples/standard_key/inEqSimp/quadraticInEq13.key 
274040     INFO  main            d.u.i.k.p.i.AbstractProblemLoader Loading environment from /home/runner/work/key/key/key.core/../key.ui/examples/standard_key/inEqSimp/quadraticInEq13.key 
274041     DEBUG main            d.u.i.k.p.i.AbstractProblemLoader Environment load took 54.6ns 
274042     INFO  main            d.u.i.k.p.i.AbstractProblemLoader Creating init config 
276471     DEBUG main            d.u.i.k.p.i.AbstractProblemLoader Init config took 2.43s 
276501     INFO  main            d.u.i.k.p.i.AbstractProblemLoader Replaying proof quadraticInEq13.key 
276502     DEBUG main            d.u.i.k.p.i.IntermediateProofReplayer Proof replay took 2.7ns 
276705     INFO  main            d.u.i.k.p.r.p.TestFile    ... finished proof: closed. 
277064     INFO  main            d.u.i.k.p.i.AbstractProblemLoader Loading environment from /home/runner/work/key/key/key.core/../key.ui/examples/standard_key/inEqSimp/quadraticInEq13.key.proof 
277064     DEBUG main            d.u.i.k.p.i.AbstractProblemLoader Environment load took 114.4ns 
277066     INFO  main            d.u.i.k.p.i.AbstractProblemLoader Creating init config 
279446     DEBUG main            d.u.i.k.p.i.AbstractProblemLoader Init config took 2.38s 
279459     INFO  main            d.u.i.k.p.i.AbstractProblemLoader Replaying proof quadraticInEq13.key.proof 
279477     DEBUG main            d.u.i.k.p.i.IntermediateProofReplayer Proof replay took 15.43ms 
279478     DEBUG main            d.u.i.k.p.r.p.TestFile    ... success: reloaded. 
279479     INFO  main            d.u.i.k.p.r.p.TestFile    Now processing file /home/runner/work/key/key/key.core/../key.ui/examples/standard_key/inEqSimp/quadraticInEq14.key 
279479     INFO  main            d.u.i.k.p.i.AbstractProblemLoader Loading environment from /home/runner/work/key/key/key.core/../key.ui/examples/standard_key/inEqSimp/quadraticInEq14.key 
279479     DEBUG main            d.u.i.k.p.i.AbstractProblemLoader Environment load took 51.8ns 
279480     INFO  main            d.u.i.k.p.i.AbstractProblemLoader Creating init config 
281911     DEBUG main            d.u.i.k.p.i.AbstractProblemLoader Init config took 2.43s 
281925     INFO  main            d.u.i.k.p.i.AbstractProblemLoader Replaying proof quadraticInEq14.key 
281926     DEBUG main            d.u.i.k.p.i.IntermediateProofReplayer Proof replay took 2.8ns 
282229     INFO  main            d.u.i.k.p.r.p.TestFile    ... finished proof: closed. 
282603     INFO  main            d.u.i.k.p.i.AbstractProblemLoader Loading environment from /home/runner/work/key/key/key.core/../key.ui/examples/standard_key/inEqSimp/quadraticInEq14.key.proof 
282603     DEBUG main            d.u.i.k.p.i.AbstractProblemLoader Environment load took 106.9ns 
282604     INFO  main            d.u.i.k.p.i.AbstractProblemLoader Creating init config 
284981     DEBUG main            d.u.i.k.p.i.AbstractProblemLoader Init config took 2.38s 
284995     INFO  main            d.u.i.k.p.i.AbstractProblemLoader Replaying proof quadraticInEq14.key.proof 
285017     DEBUG main            d.u.i.k.p.i.IntermediateProofReplayer Proof replay took 18.94ms 
285018     DEBUG main            d.u.i.k.p.r.p.TestFile    ... success: reloaded. 
285019     INFO  main            d.u.i.k.p.r.p.TestFile    Now processing file /home/runner/work/key/key/key.core/../key.ui/examples/standard_key/inEqSimp/quadraticInEq2.key 
285019     INFO  main            d.u.i.k.p.i.AbstractProblemLoader Loading environment from /home/runner/work/key/key/key.core/../key.ui/examples/standard_key/inEqSimp/quadraticInEq2.key 
285019     DEBUG main            d.u.i.k.p.i.AbstractProblemLoader Environment load took 81.2ns 
285020     INFO  main            d.u.i.k.p.i.AbstractProblemLoader Creating init config 
287458     DEBUG main            d.u.i.k.p.i.AbstractProblemLoader Init config took 2.44s 
287472     INFO  main            d.u.i.k.p.i.AbstractProblemLoader Replaying proof quadraticInEq2.key 
287474     DEBUG main            d.u.i.k.p.i.IntermediateProofReplayer Proof replay took 2.5ns 
287576     INFO  main            d.u.i.k.p.r.p.TestFile    ... finished proof: closed. 
287952     INFO  main            d.u.i.k.p.i.AbstractProblemLoader Loading environment from /home/runner/work/key/key/key.core/../key.ui/examples/standard_key/inEqSimp/quadraticInEq2.key.proof 
287953     DEBUG main            d.u.i.k.p.i.AbstractProblemLoader Environment load took 106ns 
287954     INFO  main            d.u.i.k.p.i.AbstractProblemLoader Creating init config 
290329     DEBUG main            d.u.i.k.p.i.AbstractProblemLoader Init config took 2.38s 
290343     INFO  main            d.u.i.k.p.i.AbstractProblemLoader Replaying proof quadraticInEq2.key.proof 
290346     DEBUG main            d.u.i.k.p.i.IntermediateProofReplayer Proof replay took 2.21ms 
290347     DEBUG main            d.u.i.k.p.r.p.TestFile    ... success: reloaded. 
290348     INFO  main            d.u.i.k.p.r.p.TestFile    Now processing file /home/runner/work/key/key/key.core/../key.ui/examples/standard_key/inEqSimp/quadraticInEq3.key 
290348     INFO  main            d.u.i.k.p.i.AbstractProblemLoader Loading environment from /home/runner/work/key/key/key.core/../key.ui/examples/standard_key/inEqSimp/quadraticInEq3.key 
290348     DEBUG main            d.u.i.k.p.i.AbstractProblemLoader Environment load took 52.6ns 
290349     INFO  main            d.u.i.k.p.i.AbstractProblemLoader Creating init config 
292787     DEBUG main            d.u.i.k.p.i.AbstractProblemLoader Init config took 2.44s 
292801     INFO  main            d.u.i.k.p.i.AbstractProblemLoader Replaying proof quadraticInEq3.key 
292804     DEBUG main            d.u.i.k.p.i.IntermediateProofReplayer Proof replay took 3.7ns 
292906     INFO  main            d.u.i.k.p.r.p.TestFile    ... finished proof: closed. 
293274     INFO  main            d.u.i.k.p.i.AbstractProblemLoader Loading environment from /home/runner/work/key/key/key.core/../key.ui/examples/standard_key/inEqSimp/quadraticInEq3.key.proof 
293274     DEBUG main            d.u.i.k.p.i.AbstractProblemLoader Environment load took 113ns 
293275     INFO  main            d.u.i.k.p.i.AbstractProblemLoader Creating init config 
295658     DEBUG main            d.u.i.k.p.i.AbstractProblemLoader Init config took 2.38s 
295672     INFO  main            d.u.i.k.p.i.AbstractProblemLoader Replaying proof quadraticInEq3.key.proof 
295679     DEBUG main            d.u.i.k.p.i.IntermediateProofReplayer Proof replay took 5.44ms 
295680     DEBUG main            d.u.i.k.p.r.p.TestFile    ... success: reloaded. 
295681     INFO  main            d.u.i.k.p.r.p.TestFile    Now processing file /home/runner/work/key/key/key.core/../key.ui/examples/standard_key/inEqSimp/quadraticInEq4.key 
295681     INFO  main            d.u.i.k.p.i.AbstractProblemLoader Loading environment from /home/runner/work/key/key/key.core/../key.ui/examples/standard_key/inEqSimp/quadraticInEq4.key 
295681     DEBUG main            d.u.i.k.p.i.AbstractProblemLoader Environment load took 99.6ns 
295682     INFO  main            d.u.i.k.p.i.AbstractProblemLoader Creating init config 
298116     DEBUG main            d.u.i.k.p.i.AbstractProblemLoader Init config took 2.43s 
298129     INFO  main            d.u.i.k.p.i.AbstractProblemLoader Replaying proof quadraticInEq4.key 
298131     DEBUG main            d.u.i.k.p.i.IntermediateProofReplayer Proof replay took 3.5ns 
298233     INFO  main            d.u.i.k.p.r.p.TestFile    ... finished proof: closed. 
298595     INFO  main            d.u.i.k.p.i.AbstractProblemLoader Loading environment from /home/runner/work/key/key/key.core/../key.ui/examples/standard_key/inEqSimp/quadraticInEq4.key.proof 
298595     DEBUG main            d.u.i.k.p.i.AbstractProblemLoader Environment load took 116ns 
298596     INFO  main            d.u.i.k.p.i.AbstractProblemLoader Creating init config 
300971     DEBUG main            d.u.i.k.p.i.AbstractProblemLoader Init config took 2.37s 
300984     INFO  main            d.u.i.k.p.i.AbstractProblemLoader Replaying proof quadraticInEq4.key.proof 
300990     DEBUG main            d.u.i.k.p.i.IntermediateProofReplayer Proof replay took 4.04ms 
300990     DEBUG main            d.u.i.k.p.r.p.TestFile    ... success: reloaded. 
300991     INFO  main            d.u.i.k.p.r.p.TestFile    Now processing file /home/runner/work/key/key/key.core/../key.ui/examples/standard_key/inEqSimp/quadraticInEq5.key 
300991     INFO  main            d.u.i.k.p.i.AbstractProblemLoader Loading environment from /home/runner/work/key/key/key.core/../key.ui/examples/standard_key/inEqSimp/quadraticInEq5.key 
300992     DEBUG main            d.u.i.k.p.i.AbstractProblemLoader Environment load took 91.8ns 
300992     INFO  main            d.u.i.k.p.i.AbstractProblemLoader Creating init config 
303432     DEBUG main            d.u.i.k.p.i.AbstractProblemLoader Init config took 2.44s 
303445     INFO  main            d.u.i.k.p.i.AbstractProblemLoader Replaying proof quadraticInEq5.key 
303448     DEBUG main            d.u.i.k.p.i.IntermediateProofReplayer Proof replay took 3.7ns 
303550     INFO  main            d.u.i.k.p.r.p.TestFile    ... finished proof: closed. 
303925     INFO  main            d.u.i.k.p.i.AbstractProblemLoader Loading environment from /home/runner/work/key/key/key.core/../key.ui/examples/standard_key/inEqSimp/quadraticInEq5.key.proof 
303925     DEBUG main            d.u.i.k.p.i.AbstractProblemLoader Environment load took 106.5ns 
303926     INFO  main            d.u.i.k.p.i.AbstractProblemLoader Creating init config 
306296     DEBUG main            d.u.i.k.p.i.AbstractProblemLoader Init config took 2.37s 
306311     INFO  main            d.u.i.k.p.i.AbstractProblemLoader Replaying proof quadraticInEq5.key.proof 
306316     DEBUG main            d.u.i.k.p.i.IntermediateProofReplayer Proof replay took 4.05ms 
306317     DEBUG main            d.u.i.k.p.r.p.TestFile    ... success: reloaded. 
306318     INFO  main            d.u.i.k.p.r.p.TestFile    Now processing file /home/runner/work/key/key/key.core/../key.ui/examples/standard_key/inEqSimp/quadraticInEq6.key 
306318     INFO  main            d.u.i.k.p.i.AbstractProblemLoader Loading environment from /home/runner/work/key/key/key.core/../key.ui/examples/standard_key/inEqSimp/quadraticInEq6.key 
306318     DEBUG main            d.u.i.k.p.i.AbstractProblemLoader Environment load took 55.5ns 
306319     INFO  main            d.u.i.k.p.i.AbstractProblemLoader Creating init config 
308783     DEBUG main            d.u.i.k.p.i.AbstractProblemLoader Init config took 2.46s 
308797     INFO  main            d.u.i.k.p.i.AbstractProblemLoader Replaying proof quadraticInEq6.key 
308798     DEBUG main            d.u.i.k.p.i.IntermediateProofReplayer Proof replay took 4.2ns 
308901     INFO  main            d.u.i.k.p.r.p.TestFile    ... finished proof: closed. 
309286     INFO  main            d.u.i.k.p.i.AbstractProblemLoader Loading environment from /home/runner/work/key/key/key.core/../key.ui/examples/standard_key/inEqSimp/quadraticInEq6.key.proof 
309286     DEBUG main            d.u.i.k.p.i.AbstractProblemLoader Environment load took 112.1ns 
309287     INFO  main            d.u.i.k.p.i.AbstractProblemLoader Creating init config 
311637     DEBUG main            d.u.i.k.p.i.AbstractProblemLoader Init config took 2.35s 
311650     INFO  main            d.u.i.k.p.i.AbstractProblemLoader Replaying proof quadraticInEq6.key.proof 
311656     DEBUG main            d.u.i.k.p.i.IntermediateProofReplayer Proof replay took 3.93ms 
311657     DEBUG main            d.u.i.k.p.r.p.TestFile    ... success: reloaded. 
311657     INFO  main            d.u.i.k.p.r.p.TestFile    Now processing file /home/runner/work/key/key/key.core/../key.ui/examples/standard_key/inEqSimp/quadraticInEq7.key 
311657     INFO  main            d.u.i.k.p.i.AbstractProblemLoader Loading environment from /home/runner/work/key/key/key.core/../key.ui/examples/standard_key/inEqSimp/quadraticInEq7.key 
311658     DEBUG main            d.u.i.k.p.i.AbstractProblemLoader Environment load took 49.8ns 
311658     INFO  main            d.u.i.k.p.i.AbstractProblemLoader Creating init config 
314049     DEBUG main            d.u.i.k.p.i.AbstractProblemLoader Init config took 2.39s 
314063     INFO  main            d.u.i.k.p.i.AbstractProblemLoader Replaying proof quadraticInEq7.key 
314065     DEBUG main            d.u.i.k.p.i.IntermediateProofReplayer Proof replay took 2.9ns 
314168     INFO  main            d.u.i.k.p.r.p.TestFile    ... finished proof: closed. 
314548     INFO  main            d.u.i.k.p.i.AbstractProblemLoader Loading environment from /home/runner/work/key/key/key.core/../key.ui/examples/standard_key/inEqSimp/quadraticInEq7.key.proof 
314548     DEBUG main            d.u.i.k.p.i.AbstractProblemLoader Environment load took 103.7ns 
314549     INFO  main            d.u.i.k.p.i.AbstractProblemLoader Creating init config 
316908     DEBUG main            d.u.i.k.p.i.AbstractProblemLoader Init config took 2.36s 
316922     INFO  main            d.u.i.k.p.i.AbstractProblemLoader Replaying proof quadraticInEq7.key.proof 
316925     DEBUG main            d.u.i.k.p.i.IntermediateProofReplayer Proof replay took 2.09ms 
316926     DEBUG main            d.u.i.k.p.r.p.TestFile    ... success: reloaded. 
316927     INFO  main            d.u.i.k.p.r.p.TestFile    Now processing file /home/runner/work/key/key/key.core/../key.ui/examples/standard_key/inEqSimp/quadraticInEq8.key 
316927     INFO  main            d.u.i.k.p.i.AbstractProblemLoader Loading environment from /home/runner/work/key/key/key.core/../key.ui/examples/standard_key/inEqSimp/quadraticInEq8.key 
316927     DEBUG main            d.u.i.k.p.i.AbstractProblemLoader Environment load took 67.7ns 
316928     INFO  main            d.u.i.k.p.i.AbstractProblemLoader Creating init config 
319306     DEBUG main            d.u.i.k.p.i.AbstractProblemLoader Init config took 2.38s 
319338     INFO  main            d.u.i.k.p.i.AbstractProblemLoader Replaying proof quadraticInEq8.key 
319339     DEBUG main            d.u.i.k.p.i.IntermediateProofReplayer Proof replay took 3.4ns 
319446     INFO  main            d.u.i.k.p.r.p.TestFile    ... finished proof: closed. 
319832     INFO  main            d.u.i.k.p.i.AbstractProblemLoader Loading environment from /home/runner/work/key/key/key.core/../key.ui/examples/standard_key/inEqSimp/quadraticInEq8.key.proof 
319833     DEBUG main            d.u.i.k.p.i.AbstractProblemLoader Environment load took 103ns 
319834     INFO  main            d.u.i.k.p.i.AbstractProblemLoader Creating init config 
322204     DEBUG main            d.u.i.k.p.i.AbstractProblemLoader Init config took 2.37s 
322217     INFO  main            d.u.i.k.p.i.AbstractProblemLoader Replaying proof quadraticInEq8.key.proof 
322226     DEBUG main            d.u.i.k.p.i.IntermediateProofReplayer Proof replay took 6.55ms 
322227     DEBUG main            d.u.i.k.p.r.p.TestFile    ... success: reloaded. 
322227     INFO  main            d.u.i.k.p.r.p.TestFile    Now processing file /home/runner/work/key/key/key.core/../key.ui/examples/standard_key/inEqSimp/simplify0.key 
322227     INFO  main            d.u.i.k.p.i.AbstractProblemLoader Loading environment from /home/runner/work/key/key/key.core/../key.ui/examples/standard_key/inEqSimp/simplify0.key 
322228     DEBUG main            d.u.i.k.p.i.AbstractProblemLoader Environment load took 126.8ns 
322229     INFO  main            d.u.i.k.p.i.AbstractProblemLoader Creating init config 
324638     DEBUG main            d.u.i.k.p.i.AbstractProblemLoader Init config took 2.41s 
324652     INFO  main            d.u.i.k.p.i.AbstractProblemLoader Replaying proof simplify0.key 
324653     DEBUG main            d.u.i.k.p.i.IntermediateProofReplayer Proof replay took 2.8ns 
324755     INFO  main            d.u.i.k.p.r.p.TestFile    ... finished proof: closed. 
325159     INFO  main            d.u.i.k.p.i.AbstractProblemLoader Loading environment from /home/runner/work/key/key/key.core/../key.ui/examples/standard_key/inEqSimp/simplify0.key.proof 
325159     DEBUG main            d.u.i.k.p.i.AbstractProblemLoader Environment load took 125.4ns 
325160     INFO  main            d.u.i.k.p.i.AbstractProblemLoader Creating init config 
327525     DEBUG main            d.u.i.k.p.i.AbstractProblemLoader Init config took 2.36s 
327539     INFO  main            d.u.i.k.p.i.AbstractProblemLoader Replaying proof simplify0.key.proof 
327543     DEBUG main            d.u.i.k.p.i.IntermediateProofReplayer Proof replay took 2.39ms 
327544     DEBUG main            d.u.i.k.p.r.p.TestFile    ... success: reloaded. 
327545     INFO  main            d.u.i.k.p.r.p.TestFile    Now processing file /home/runner/work/key/key/key.core/../key.ui/examples/standard_key/inEqSimp/simplify1.key 
327545     INFO  main            d.u.i.k.p.i.AbstractProblemLoader Loading environment from /home/runner/work/key/key/key.core/../key.ui/examples/standard_key/inEqSimp/simplify1.key 
327545     DEBUG main            d.u.i.k.p.i.AbstractProblemLoader Environment load took 104.3ns 
327546     INFO  main            d.u.i.k.p.i.AbstractProblemLoader Creating init config 
329947     DEBUG main            d.u.i.k.p.i.AbstractProblemLoader Init config took 2.4s 
329960     INFO  main            d.u.i.k.p.i.AbstractProblemLoader Replaying proof simplify1.key 
329961     DEBUG main            d.u.i.k.p.i.IntermediateProofReplayer Proof replay took 3.7ns 
330063     INFO  main            d.u.i.k.p.r.p.TestFile    ... finished proof: closed. 
330456     INFO  main            d.u.i.k.p.i.AbstractProblemLoader Loading environment from /home/runner/work/key/key/key.core/../key.ui/examples/standard_key/inEqSimp/simplify1.key.proof 
330456     DEBUG main            d.u.i.k.p.i.AbstractProblemLoader Environment load took 224.8ns 
330457     INFO  main            d.u.i.k.p.i.AbstractProblemLoader Creating init config 
332804     DEBUG main            d.u.i.k.p.i.AbstractProblemLoader Init config took 2.35s 
332817     INFO  main            d.u.i.k.p.i.AbstractProblemLoader Replaying proof simplify1.key.proof 
332820     DEBUG main            d.u.i.k.p.i.IntermediateProofReplayer Proof replay took 1.23ms 
332820     DEBUG main            d.u.i.k.p.r.p.TestFile    ... success: reloaded. 
332821     INFO  main            d.u.i.k.p.r.p.TestFile    Now processing file /home/runner/work/key/key/key.core/../key.ui/examples/standard_key/inEqSimp/simplify2.key 
332821     INFO  main            d.u.i.k.p.i.AbstractProblemLoader Loading environment from /home/runner/work/key/key/key.core/../key.ui/examples/standard_key/inEqSimp/simplify2.key 
332821     DEBUG main            d.u.i.k.p.i.AbstractProblemLoader Environment load took 50.4ns 
332822     INFO  main            d.u.i.k.p.i.AbstractProblemLoader Creating init config 
335215     DEBUG main            d.u.i.k.p.i.AbstractProblemLoader Init config took 2.39s 
335229     INFO  main            d.u.i.k.p.i.AbstractProblemLoader Replaying proof simplify2.key 
335230     DEBUG main            d.u.i.k.p.i.IntermediateProofReplayer Proof replay took 2.8ns 
335332     INFO  main            d.u.i.k.p.r.p.TestFile    ... finished proof: closed. 
335734     INFO  main            d.u.i.k.p.i.AbstractProblemLoader Loading environment from /home/runner/work/key/key/key.core/../key.ui/examples/standard_key/inEqSimp/simplify2.key.proof 
335734     DEBUG main            d.u.i.k.p.i.AbstractProblemLoader Environment load took 106.9ns 
335735     INFO  main            d.u.i.k.p.i.AbstractProblemLoader Creating init config 
338087     DEBUG main            d.u.i.k.p.i.AbstractProblemLoader Init config took 2.35s 
338101     INFO  main            d.u.i.k.p.i.AbstractProblemLoader Replaying proof simplify2.key.proof 
338113     DEBUG main            d.u.i.k.p.i.IntermediateProofReplayer Proof replay took 9.95ms 
338114     DEBUG main            d.u.i.k.p.r.p.TestFile    ... success: reloaded. 
338114     INFO  main            d.u.i.k.p.r.p.TestFile    Now processing file /home/runner/work/key/key/key.core/../key.ui/examples/standard_key/inEqSimp/simplify3.key 
338114     INFO  main            d.u.i.k.p.i.AbstractProblemLoader Loading environment from /home/runner/work/key/key/key.core/../key.ui/examples/standard_key/inEqSimp/simplify3.key 
338114     DEBUG main            d.u.i.k.p.i.AbstractProblemLoader Environment load took 83.1ns 
338115     INFO  main            d.u.i.k.p.i.AbstractProblemLoader Creating init config 
340517     DEBUG main            d.u.i.k.p.i.AbstractProblemLoader Init config took 2.4s 
340530     INFO  main            d.u.i.k.p.i.AbstractProblemLoader Replaying proof simplify3.key 
340531     DEBUG main            d.u.i.k.p.i.IntermediateProofReplayer Proof replay took 3.1ns 
340633     INFO  main            d.u.i.k.p.r.p.TestFile    ... finished proof: closed. 
341049     INFO  main            d.u.i.k.p.i.AbstractProblemLoader Loading environment from /home/runner/work/key/key/key.core/../key.ui/examples/standard_key/inEqSimp/simplify3.key.proof 
341049     DEBUG main            d.u.i.k.p.i.AbstractProblemLoader Environment load took 105.7ns 
341051     INFO  main            d.u.i.k.p.i.AbstractProblemLoader Creating init config 
343396     DEBUG main            d.u.i.k.p.i.AbstractProblemLoader Init config took 2.35s 
343410     INFO  main            d.u.i.k.p.i.AbstractProblemLoader Replaying proof simplify3.key.proof 
343414     DEBUG main            d.u.i.k.p.i.IntermediateProofReplayer Proof replay took 1.83ms 
343414     DEBUG main            d.u.i.k.p.r.p.TestFile    ... success: reloaded. 
343415     INFO  main            d.u.i.k.p.r.p.TestFile    Now processing file /home/runner/work/key/key/key.core/../key.ui/examples/standard_key/inEqSimp/simplify4.key 
343415     INFO  main            d.u.i.k.p.i.AbstractProblemLoader Loading environment from /home/runner/work/key/key/key.core/../key.ui/examples/standard_key/inEqSimp/simplify4.key 
343416     DEBUG main            d.u.i.k.p.i.AbstractProblemLoader Environment load took 183.6ns 
343417     INFO  main            d.u.i.k.p.i.AbstractProblemLoader Creating init config 
345810     DEBUG main            d.u.i.k.p.i.AbstractProblemLoader Init config took 2.39s 
345824     INFO  main            d.u.i.k.p.i.AbstractProblemLoader Replaying proof simplify4.key 
345825     DEBUG main            d.u.i.k.p.i.IntermediateProofReplayer Proof replay took 4.8ns 
345927     INFO  main            d.u.i.k.p.r.p.TestFile    ... finished proof: closed. 
346360     INFO  main            d.u.i.k.p.i.AbstractProblemLoader Loading environment from /home/runner/work/key/key/key.core/../key.ui/examples/standard_key/inEqSimp/simplify4.key.proof 
346360     DEBUG main            d.u.i.k.p.i.AbstractProblemLoader Environment load took 96.4ns 
346362     INFO  main            d.u.i.k.p.i.AbstractProblemLoader Creating init config 
348712     DEBUG main            d.u.i.k.p.i.AbstractProblemLoader Init config took 2.35s 
348727     INFO  main            d.u.i.k.p.i.AbstractProblemLoader Replaying proof simplify4.key.proof 
348741     DEBUG main            d.u.i.k.p.i.IntermediateProofReplayer Proof replay took 12.23ms 
348742     DEBUG main            d.u.i.k.p.r.p.TestFile    ... success: reloaded. 
348743     INFO  main            d.u.i.k.p.r.p.TestFile    Now processing file /home/runner/work/key/key/key.core/../key.ui/examples/standard_key/inEqSimp/simplify5.key 
348743     INFO  main            d.u.i.k.p.i.AbstractProblemLoader Loading environment from /home/runner/work/key/key/key.core/../key.ui/examples/standard_key/inEqSimp/simplify5.key 
348743     DEBUG main            d.u.i.k.p.i.AbstractProblemLoader Environment load took 66.9ns 
348744     INFO  main            d.u.i.k.p.i.AbstractProblemLoader Creating init config 
351136     DEBUG main            d.u.i.k.p.i.AbstractProblemLoader Init config took 2.39s 
351149     INFO  main            d.u.i.k.p.i.AbstractProblemLoader Replaying proof simplify5.key 
351151     DEBUG main            d.u.i.k.p.i.IntermediateProofReplayer Proof replay took 2.9ns 
351655     INFO  main            d.u.i.k.p.r.p.TestFile    ... finished proof: closed. 
352102     INFO  main            d.u.i.k.p.i.AbstractProblemLoader Loading environment from /home/runner/work/key/key/key.core/../key.ui/examples/standard_key/inEqSimp/simplify5.key.proof 
352103     DEBUG main            d.u.i.k.p.i.AbstractProblemLoader Environment load took 106.7ns 
352104     INFO  main            d.u.i.k.p.i.AbstractProblemLoader Creating init config 
354448     DEBUG main            d.u.i.k.p.i.AbstractProblemLoader Init config took 2.34s 
354463     INFO  main            d.u.i.k.p.i.AbstractProblemLoader Replaying proof simplify5.key.proof 
354513     DEBUG main            d.u.i.k.p.i.IntermediateProofReplayer Proof replay took 44.84ms 
354514     DEBUG main            d.u.i.k.p.r.p.TestFile    ... success: reloaded. 
354515     INFO  main            d.u.i.k.p.r.p.TestFile    Now processing file /home/runner/work/key/key/key.core/../key.ui/examples/standard_key/inEqSimp/subsumptionExample.key 
354515     INFO  main            d.u.i.k.p.i.AbstractProblemLoader Loading environment from /home/runner/work/key/key/key.core/../key.ui/examples/standard_key/inEqSimp/subsumptionExample.key 
354516     DEBUG main            d.u.i.k.p.i.AbstractProblemLoader Environment load took 196.2ns 
354516     INFO  main            d.u.i.k.p.i.AbstractProblemLoader Creating init config 
356909     DEBUG main            d.u.i.k.p.i.AbstractProblemLoader Init config took 2.39s 
356922     INFO  main            d.u.i.k.p.i.AbstractProblemLoader Replaying proof subsumptionExample.key 
356923     DEBUG main            d.u.i.k.p.i.IntermediateProofReplayer Proof replay took 3ns 
357025     INFO  main            d.u.i.k.p.r.p.TestFile    ... finished proof: closed. 
357477     INFO  main            d.u.i.k.p.i.AbstractProblemLoader Loading environment from /home/runner/work/key/key/key.core/../key.ui/examples/standard_key/inEqSimp/subsumptionExample.key.proof 
357477     DEBUG main            d.u.i.k.p.i.AbstractProblemLoader Environment load took 93.8ns 
357478     INFO  main            d.u.i.k.p.i.AbstractProblemLoader Creating init config 
359816     DEBUG main            d.u.i.k.p.i.AbstractProblemLoader Init config took 2.34s 
359830     INFO  main            d.u.i.k.p.i.AbstractProblemLoader Replaying proof subsumptionExample.key.proof 
359832     DEBUG main            d.u.i.k.p.i.IntermediateProofReplayer Proof replay took 787.51ns 
359833     DEBUG main            d.u.i.k.p.r.p.TestFile    ... success: reloaded. 
359833     INFO  main            d.u.i.k.p.r.p.TestFile    Now processing file /home/runner/work/key/key/key.core/../key.ui/examples/standard_key/polySimp/simplify0.key 
359833     INFO  main            d.u.i.k.p.i.AbstractProblemLoader Loading environment from /home/runner/work/key/key/key.core/../key.ui/examples/standard_key/polySimp/simplify0.key 
359833     DEBUG main            d.u.i.k.p.i.AbstractProblemLoader Environment load took 83ns 
359834     INFO  main            d.u.i.k.p.i.AbstractProblemLoader Creating init config 
362225     DEBUG main            d.u.i.k.p.i.AbstractProblemLoader Init config took 2.39s 
362238     INFO  main            d.u.i.k.p.i.AbstractProblemLoader Replaying proof simplify0.key 
362239     DEBUG main            d.u.i.k.p.i.IntermediateProofReplayer Proof replay took 2.5ns 
362454     INFO  main            d.u.i.k.p.r.p.TestFile    ... finished proof: closed. 
362885     INFO  main            d.u.i.k.p.i.AbstractProblemLoader Loading environment from /home/runner/work/key/key/key.core/../key.ui/examples/standard_key/polySimp/simplify0.key.proof 
362886     DEBUG main            d.u.i.k.p.i.AbstractProblemLoader Environment load took 111.2ns 
362887     INFO  main            d.u.i.k.p.i.AbstractProblemLoader Creating init config 
365232     DEBUG main            d.u.i.k.p.i.AbstractProblemLoader Init config took 2.35s 
365246     INFO  main            d.u.i.k.p.i.AbstractProblemLoader Replaying proof simplify0.key.proof 
365262     DEBUG main            d.u.i.k.p.i.IntermediateProofReplayer Proof replay took 14.18ms 
365263     DEBUG main            d.u.i.k.p.r.p.TestFile    ... success: reloaded. 
365264     INFO  main            d.u.i.k.p.r.p.TestFile    Now processing file /home/runner/work/key/key/key.core/../key.ui/examples/standard_key/polySimp/simplify1.key 
365264     INFO  main            d.u.i.k.p.i.AbstractProblemLoader Loading environment from /home/runner/work/key/key/key.core/../key.ui/examples/standard_key/polySimp/simplify1.key 
365264     DEBUG main            d.u.i.k.p.i.AbstractProblemLoader Environment load took 109.1ns 
365265     INFO  main            d.u.i.k.p.i.AbstractProblemLoader Creating init config 
367658     DEBUG main            d.u.i.k.p.i.AbstractProblemLoader Init config took 2.39s 
367672     INFO  main            d.u.i.k.p.i.AbstractProblemLoader Replaying proof simplify1.key 
367673     DEBUG main            d.u.i.k.p.i.IntermediateProofReplayer Proof replay took 2.3ns 
367980     INFO  main            d.u.i.k.p.r.p.TestFile    ... finished proof: closed. 
368431     INFO  main            d.u.i.k.p.i.AbstractProblemLoader Loading environment from /home/runner/work/key/key/key.core/../key.ui/examples/standard_key/polySimp/simplify1.key.proof 
368431     DEBUG main            d.u.i.k.p.i.AbstractProblemLoader Environment load took 100.8ns 
368432     INFO  main            d.u.i.k.p.i.AbstractProblemLoader Creating init config 
370775     DEBUG main            d.u.i.k.p.i.AbstractProblemLoader Init config took 2.34s 
370799     INFO  main            d.u.i.k.p.i.AbstractProblemLoader Replaying proof simplify1.key.proof 
370822     DEBUG main            d.u.i.k.p.i.IntermediateProofReplayer Proof replay took 20.29ms 
370823     DEBUG main            d.u.i.k.p.r.p.TestFile    ... success: reloaded. 
370824     INFO  main            d.u.i.k.p.r.p.TestFile    Now processing file /home/runner/work/key/key/key.core/../key.ui/examples/standard_key/polySimp/simplify10.key 
370824     INFO  main            d.u.i.k.p.i.AbstractProblemLoader Loading environment from /home/runner/work/key/key/key.core/../key.ui/examples/standard_key/polySimp/simplify10.key 
370824     DEBUG main            d.u.i.k.p.i.AbstractProblemLoader Environment load took 142.5ns 
370826     INFO  main            d.u.i.k.p.i.AbstractProblemLoader Creating init config 
373230     DEBUG main            d.u.i.k.p.i.AbstractProblemLoader Init config took 2.4s 
373245     INFO  main            d.u.i.k.p.i.AbstractProblemLoader Replaying proof simplify10.key 
373246     DEBUG main            d.u.i.k.p.i.IntermediateProofReplayer Proof replay took 4.9ns 
373450     INFO  main            d.u.i.k.p.r.p.TestFile    ... finished proof: closed. 
373919     INFO  main            d.u.i.k.p.i.AbstractProblemLoader Loading environment from /home/runner/work/key/key/key.core/../key.ui/examples/standard_key/polySimp/simplify10.key.proof 
373919     DEBUG main            d.u.i.k.p.i.AbstractProblemLoader Environment load took 96.8ns 
373921     INFO  main            d.u.i.k.p.i.AbstractProblemLoader Creating init config 
376277     DEBUG main            d.u.i.k.p.i.AbstractProblemLoader Init config took 2.36s 
376292     INFO  main            d.u.i.k.p.i.AbstractProblemLoader Replaying proof simplify10.key.proof 
376322     DEBUG main            d.u.i.k.p.i.IntermediateProofReplayer Proof replay took 27.45ms 
376323     DEBUG main            d.u.i.k.p.r.p.TestFile    ... success: reloaded. 
376324     INFO  main            d.u.i.k.p.r.p.TestFile    Now processing file /home/runner/work/key/key/key.core/../key.ui/examples/standard_key/polySimp/simplify11.key 
376324     INFO  main            d.u.i.k.p.i.AbstractProblemLoader Loading environment from /home/runner/work/key/key/key.core/../key.ui/examples/standard_key/polySimp/simplify11.key 
376324     DEBUG main            d.u.i.k.p.i.AbstractProblemLoader Environment load took 55.9ns 
376325     INFO  main            d.u.i.k.p.i.AbstractProblemLoader Creating init config 
378722     DEBUG main            d.u.i.k.p.i.AbstractProblemLoader Init config took 2.4s 
378735     INFO  main            d.u.i.k.p.i.AbstractProblemLoader Replaying proof simplify11.key 
378736     DEBUG main            d.u.i.k.p.i.IntermediateProofReplayer Proof replay took 3.2ns 
378938     INFO  main            d.u.i.k.p.r.p.TestFile    ... finished proof: closed. 
379420     INFO  main            d.u.i.k.p.i.AbstractProblemLoader Loading environment from /home/runner/work/key/key/key.core/../key.ui/examples/standard_key/polySimp/simplify11.key.proof 
379420     DEBUG main            d.u.i.k.p.i.AbstractProblemLoader Environment load took 92.7ns 
379421     INFO  main            d.u.i.k.p.i.AbstractProblemLoader Creating init config 
381788     DEBUG main            d.u.i.k.p.i.AbstractProblemLoader Init config took 2.37s 
381802     INFO  main            d.u.i.k.p.i.AbstractProblemLoader Replaying proof simplify11.key.proof 
381822     DEBUG main            d.u.i.k.p.i.IntermediateProofReplayer Proof replay took 17.77ms 
381823     DEBUG main            d.u.i.k.p.r.p.TestFile    ... success: reloaded. 
381824     INFO  main            d.u.i.k.p.r.p.TestFile    Now processing file /home/runner/work/key/key/key.core/../key.ui/examples/standard_key/polySimp/simplify12.key 
381824     INFO  main            d.u.i.k.p.i.AbstractProblemLoader Loading environment from /home/runner/work/key/key/key.core/../key.ui/examples/standard_key/polySimp/simplify12.key 
381824     DEBUG main            d.u.i.k.p.i.AbstractProblemLoader Environment load took 51.1ns 
381825     INFO  main            d.u.i.k.p.i.AbstractProblemLoader Creating init config 
384224     DEBUG main            d.u.i.k.p.i.AbstractProblemLoader Init config took 2.4s 
384237     INFO  main            d.u.i.k.p.i.AbstractProblemLoader Replaying proof simplify12.key 
384238     DEBUG main            d.u.i.k.p.i.IntermediateProofReplayer Proof replay took 2.8ns 
384340     INFO  main            d.u.i.k.p.r.p.TestFile    ... finished proof: closed. 
384807     INFO  main            d.u.i.k.p.i.AbstractProblemLoader Loading environment from /home/runner/work/key/key/key.core/../key.ui/examples/standard_key/polySimp/simplify12.key.proof 
384807     DEBUG main            d.u.i.k.p.i.AbstractProblemLoader Environment load took 91.5ns 
384808     INFO  main            d.u.i.k.p.i.AbstractProblemLoader Creating init config 
387161     DEBUG main            d.u.i.k.p.i.AbstractProblemLoader Init config took 2.35s 
387174     INFO  main            d.u.i.k.p.i.AbstractProblemLoader Replaying proof simplify12.key.proof 
387184     DEBUG main            d.u.i.k.p.i.IntermediateProofReplayer Proof replay took 8.29ms 
387185     DEBUG main            d.u.i.k.p.r.p.TestFile    ... success: reloaded. 
387186     INFO  main            d.u.i.k.p.r.p.TestFile    Now processing file /home/runner/work/key/key/key.core/../key.ui/examples/standard_key/polySimp/simplify13.key 
387186     INFO  main            d.u.i.k.p.i.AbstractProblemLoader Loading environment from /home/runner/work/key/key/key.core/../key.ui/examples/standard_key/polySimp/simplify13.key 
387186     DEBUG main            d.u.i.k.p.i.AbstractProblemLoader Environment load took 69.7ns 
387187     INFO  main            d.u.i.k.p.i.AbstractProblemLoader Creating init config 
389595     DEBUG main            d.u.i.k.p.i.AbstractProblemLoader Init config took 2.41s 
389608     INFO  main            d.u.i.k.p.i.AbstractProblemLoader Replaying proof simplify13.key 
389609     DEBUG main            d.u.i.k.p.i.IntermediateProofReplayer Proof replay took 2.4ns 
389711     INFO  main            d.u.i.k.p.r.p.TestFile    ... finished proof: closed. 
390175     INFO  main            d.u.i.k.p.i.AbstractProblemLoader Loading environment from /home/runner/work/key/key/key.core/../key.ui/examples/standard_key/polySimp/simplify13.key.proof 
390175     DEBUG main            d.u.i.k.p.i.AbstractProblemLoader Environment load took 99.6ns 
390176     INFO  main            d.u.i.k.p.i.AbstractProblemLoader Creating init config 
392551     DEBUG main            d.u.i.k.p.i.AbstractProblemLoader Init config took 2.37s 
392568     INFO  main            d.u.i.k.p.i.AbstractProblemLoader Replaying proof simplify13.key.proof 
392574     DEBUG main            d.u.i.k.p.i.IntermediateProofReplayer Proof replay took 4.98ms 
392575     DEBUG main            d.u.i.k.p.r.p.TestFile    ... success: reloaded. 
392576     INFO  main            d.u.i.k.p.r.p.TestFile    Now processing file /home/runner/work/key/key/key.core/../key.ui/examples/standard_key/polySimp/simplify14.key 
392576     INFO  main            d.u.i.k.p.i.AbstractProblemLoader Loading environment from /home/runner/work/key/key/key.core/../key.ui/examples/standard_key/polySimp/simplify14.key 
392576     DEBUG main            d.u.i.k.p.i.AbstractProblemLoader Environment load took 47.3ns 
392577     INFO  main            d.u.i.k.p.i.AbstractProblemLoader Creating init config 
394971     DEBUG main            d.u.i.k.p.i.AbstractProblemLoader Init config took 2.39s 
394985     INFO  main            d.u.i.k.p.i.AbstractProblemLoader Replaying proof simplify14.key 
394986     DEBUG main            d.u.i.k.p.i.IntermediateProofReplayer Proof replay took 5.2ns 
395089     INFO  main            d.u.i.k.p.r.p.TestFile    ... finished proof: closed. 
395558     INFO  main            d.u.i.k.p.i.AbstractProblemLoader Loading environment from /home/runner/work/key/key/key.core/../key.ui/examples/standard_key/polySimp/simplify14.key.proof 
395558     DEBUG main            d.u.i.k.p.i.AbstractProblemLoader Environment load took 109.5ns 
395559     INFO  main            d.u.i.k.p.i.AbstractProblemLoader Creating init config 
397917     DEBUG main            d.u.i.k.p.i.AbstractProblemLoader Init config took 2.36s 
397931     INFO  main            d.u.i.k.p.i.AbstractProblemLoader Replaying proof simplify14.key.proof 
397934     DEBUG main            d.u.i.k.p.i.IntermediateProofReplayer Proof replay took 1.36ms 
397935     DEBUG main            d.u.i.k.p.r.p.TestFile    ... success: reloaded. 
397935     INFO  main            d.u.i.k.p.r.p.TestFile    Now processing file /home/runner/work/key/key/key.core/../key.ui/examples/standard_key/polySimp/simplify15.key 
397935     INFO  main            d.u.i.k.p.i.AbstractProblemLoader Loading environment from /home/runner/work/key/key/key.core/../key.ui/examples/standard_key/polySimp/simplify15.key 
397935     DEBUG main            d.u.i.k.p.i.AbstractProblemLoader Environment load took 48.3ns 
397936     INFO  main            d.u.i.k.p.i.AbstractProblemLoader Creating init config 
400329     DEBUG main            d.u.i.k.p.i.AbstractProblemLoader Init config took 2.39s 
400342     INFO  main            d.u.i.k.p.i.AbstractProblemLoader Replaying proof simplify15.key 
400343     DEBUG main            d.u.i.k.p.i.IntermediateProofReplayer Proof replay took 3.7ns 
400445     INFO  main            d.u.i.k.p.r.p.TestFile    ... finished proof: closed. 
400917     INFO  main            d.u.i.k.p.i.AbstractProblemLoader Loading environment from /home/runner/work/key/key/key.core/../key.ui/examples/standard_key/polySimp/simplify15.key.proof 
400917     DEBUG main            d.u.i.k.p.i.AbstractProblemLoader Environment load took 86.6ns 
400918     INFO  main            d.u.i.k.p.i.AbstractProblemLoader Creating init config 
403276     DEBUG main            d.u.i.k.p.i.AbstractProblemLoader Init config took 2.36s 
403289     INFO  main            d.u.i.k.p.i.AbstractProblemLoader Replaying proof simplify15.key.proof 
403293     DEBUG main            d.u.i.k.p.i.IntermediateProofReplayer Proof replay took 763.91ns 
403293     DEBUG main            d.u.i.k.p.r.p.TestFile    ... success: reloaded. 
403295     INFO  main            d.u.i.k.p.r.p.TestFile    Now processing file /home/runner/work/key/key/key.core/../key.ui/examples/standard_key/polySimp/simplify16.key 
403295     INFO  main            d.u.i.k.p.i.AbstractProblemLoader Loading environment from /home/runner/work/key/key/key.core/../key.ui/examples/standard_key/polySimp/simplify16.key 
403295     DEBUG main            d.u.i.k.p.i.AbstractProblemLoader Environment load took 168.3ns 
403296     INFO  main            d.u.i.k.p.i.AbstractProblemLoader Creating init config 
405686     DEBUG main            d.u.i.k.p.i.AbstractProblemLoader Init config took 2.39s 
405699     INFO  main            d.u.i.k.p.i.AbstractProblemLoader Replaying proof simplify16.key 
405700     DEBUG main            d.u.i.k.p.i.IntermediateProofReplayer Proof replay took 2.8ns 
405802     INFO  main            d.u.i.k.p.r.p.TestFile    ... finished proof: closed. 
406272     INFO  main            d.u.i.k.p.i.AbstractProblemLoader Loading environment from /home/runner/work/key/key/key.core/../key.ui/examples/standard_key/polySimp/simplify16.key.proof 
406272     DEBUG main            d.u.i.k.p.i.AbstractProblemLoader Environment load took 93ns 
406273     INFO  main            d.u.i.k.p.i.AbstractProblemLoader Creating init config 
408638     DEBUG main            d.u.i.k.p.i.AbstractProblemLoader Init config took 2.36s 
408651     INFO  main            d.u.i.k.p.i.AbstractProblemLoader Replaying proof simplify16.key.proof 
408653     DEBUG main            d.u.i.k.p.i.IntermediateProofReplayer Proof replay took 485.31ns 
408654     DEBUG main            d.u.i.k.p.r.p.TestFile    ... success: reloaded. 
408654     INFO  main            d.u.i.k.p.r.p.TestFile    Now processing file /home/runner/work/key/key/key.core/../key.ui/examples/standard_key/polySimp/simplify17.key 
408654     INFO  main            d.u.i.k.p.i.AbstractProblemLoader Loading environment from /home/runner/work/key/key/key.core/../key.ui/examples/standard_key/polySimp/simplify17.key 
408655     DEBUG main            d.u.i.k.p.i.AbstractProblemLoader Environment load took 47.2ns 
408655     INFO  main            d.u.i.k.p.i.AbstractProblemLoader Creating init config 
411049     DEBUG main            d.u.i.k.p.i.AbstractProblemLoader Init config took 2.39s 
411062     INFO  main            d.u.i.k.p.i.AbstractProblemLoader Replaying proof simplify17.key 
411063     DEBUG main            d.u.i.k.p.i.IntermediateProofReplayer Proof replay took 2.6ns 
411164     INFO  main            d.u.i.k.p.r.p.TestFile    ... finished proof: closed. 
411653     INFO  main            d.u.i.k.p.i.AbstractProblemLoader Loading environment from /home/runner/work/key/key/key.core/../key.ui/examples/standard_key/polySimp/simplify17.key.proof 
411653     DEBUG main            d.u.i.k.p.i.AbstractProblemLoader Environment load took 99.9ns 
411654     INFO  main            d.u.i.k.p.i.AbstractProblemLoader Creating init config 
414015     DEBUG main            d.u.i.k.p.i.AbstractProblemLoader Init config took 2.36s 
414028     INFO  main            d.u.i.k.p.i.AbstractProblemLoader Replaying proof simplify17.key.proof 
414035     DEBUG main            d.u.i.k.p.i.IntermediateProofReplayer Proof replay took 5.34ms 
414036     DEBUG main            d.u.i.k.p.r.p.TestFile    ... success: reloaded. 
414036     INFO  main            d.u.i.k.p.r.p.TestFile    Now processing file /home/runner/work/key/key/key.core/../key.ui/examples/standard_key/polySimp/simplify18.key 
414037     INFO  main            d.u.i.k.p.i.AbstractProblemLoader Loading environment from /home/runner/work/key/key/key.core/../key.ui/examples/standard_key/polySimp/simplify18.key 
414037     DEBUG main            d.u.i.k.p.i.AbstractProblemLoader Environment load took 48.9ns 
414038     INFO  main            d.u.i.k.p.i.AbstractProblemLoader Creating init config 
416442     DEBUG main            d.u.i.k.p.i.AbstractProblemLoader Init config took 2.4s 
416456     INFO  main            d.u.i.k.p.i.AbstractProblemLoader Replaying proof simplify18.key 
416457     DEBUG main            d.u.i.k.p.i.IntermediateProofReplayer Proof replay took 3.1ns 
416659     INFO  main            d.u.i.k.p.r.p.TestFile    ... finished proof: closed. 
417166     INFO  main            d.u.i.k.p.i.AbstractProblemLoader Loading environment from /home/runner/work/key/key/key.core/../key.ui/examples/standard_key/polySimp/simplify18.key.proof 
417166     DEBUG main            d.u.i.k.p.i.AbstractProblemLoader Environment load took 94.1ns 
417167     INFO  main            d.u.i.k.p.i.AbstractProblemLoader Creating init config 
419519     DEBUG main            d.u.i.k.p.i.AbstractProblemLoader Init config took 2.35s 
419533     INFO  main            d.u.i.k.p.i.AbstractProblemLoader Replaying proof simplify18.key.proof 
419549     DEBUG main            d.u.i.k.p.i.IntermediateProofReplayer Proof replay took 13.59ms 
419550     DEBUG main            d.u.i.k.p.r.p.TestFile    ... success: reloaded. 
419550     INFO  main            d.u.i.k.p.r.p.TestFile    Now processing file /home/runner/work/key/key/key.core/../key.ui/examples/standard_key/polySimp/simplify19.key 
419550     INFO  main            d.u.i.k.p.i.AbstractProblemLoader Loading environment from /home/runner/work/key/key/key.core/../key.ui/examples/standard_key/polySimp/simplify19.key 
419550     DEBUG main            d.u.i.k.p.i.AbstractProblemLoader Environment load took 56.6ns 
419551     INFO  main            d.u.i.k.p.i.AbstractProblemLoader Creating init config 
421966     DEBUG main            d.u.i.k.p.i.AbstractProblemLoader Init config took 2.41s 
421979     INFO  main            d.u.i.k.p.i.AbstractProblemLoader Replaying proof simplify19.key 
421980     DEBUG main            d.u.i.k.p.i.IntermediateProofReplayer Proof replay took 2.9ns 
424989     INFO  main            d.u.i.k.p.r.p.TestFile    ... finished proof: closed. 
425549     INFO  main            d.u.i.k.p.i.AbstractProblemLoader Loading environment from /home/runner/work/key/key/key.core/../key.ui/examples/standard_key/polySimp/simplify19.key.proof 
425549     DEBUG main            d.u.i.k.p.i.AbstractProblemLoader Environment load took 138.4ns 
425551     INFO  main            d.u.i.k.p.i.AbstractProblemLoader Creating init config 
427921     DEBUG main            d.u.i.k.p.i.AbstractProblemLoader Init config took 2.37s 
427936     INFO  main            d.u.i.k.p.i.AbstractProblemLoader Replaying proof simplify19.key.proof 
428173     DEBUG main            d.u.i.k.p.i.IntermediateProofReplayer Proof replay took 224.73ms 
428174     DEBUG main            d.u.i.k.p.r.p.TestFile    ... success: reloaded. 
428175     INFO  main            d.u.i.k.p.r.p.TestFile    Now processing file /home/runner/work/key/key/key.core/../key.ui/examples/standard_key/polySimp/simplify2.key 
428175     INFO  main            d.u.i.k.p.i.AbstractProblemLoader Loading environment from /home/runner/work/key/key/key.core/../key.ui/examples/standard_key/polySimp/simplify2.key 
428175     DEBUG main            d.u.i.k.p.i.AbstractProblemLoader Environment load took 391.3ns 
428176     INFO  main            d.u.i.k.p.i.AbstractProblemLoader Creating init config 
430642     DEBUG main            d.u.i.k.p.i.AbstractProblemLoader Init config took 2.47s 
430655     INFO  main            d.u.i.k.p.i.AbstractProblemLoader Replaying proof simplify2.key 
430656     DEBUG main            d.u.i.k.p.i.IntermediateProofReplayer Proof replay took 3.7ns 
430757     INFO  main            d.u.i.k.p.r.p.TestFile    ... finished proof: closed. 
431317     INFO  main            d.u.i.k.p.i.AbstractProblemLoader Loading environment from /home/runner/work/key/key/key.core/../key.ui/examples/standard_key/polySimp/simplify2.key.proof 
431317     DEBUG main            d.u.i.k.p.i.AbstractProblemLoader Environment load took 95.9ns 
431318     INFO  main            d.u.i.k.p.i.AbstractProblemLoader Creating init config 
433661     DEBUG main            d.u.i.k.p.i.AbstractProblemLoader Init config took 2.34s 
433675     INFO  main            d.u.i.k.p.i.AbstractProblemLoader Replaying proof simplify2.key.proof 
433677     DEBUG main            d.u.i.k.p.i.IntermediateProofReplayer Proof replay took 844.81ns 
433678     DEBUG main            d.u.i.k.p.r.p.TestFile    ... success: reloaded. 
433678     INFO  main            d.u.i.k.p.r.p.TestFile    Now processing file /home/runner/work/key/key/key.core/../key.ui/examples/standard_key/polySimp/simplify20.key 
433678     INFO  main            d.u.i.k.p.i.AbstractProblemLoader Loading environment from /home/runner/work/key/key/key.core/../key.ui/examples/standard_key/polySimp/simplify20.key 
433678     DEBUG main            d.u.i.k.p.i.AbstractProblemLoader Environment load took 46.2ns 
433679     INFO  main            d.u.i.k.p.i.AbstractProblemLoader Creating init config 
436066     DEBUG main            d.u.i.k.p.i.AbstractProblemLoader Init config took 2.39s 
436079     INFO  main            d.u.i.k.p.i.AbstractProblemLoader Replaying proof simplify20.key 
436080     DEBUG main            d.u.i.k.p.i.IntermediateProofReplayer Proof replay took 3.9ns 
436784     INFO  main            d.u.i.k.p.r.p.TestFile    ... finished proof: closed. 
437328     INFO  main            d.u.i.k.p.i.AbstractProblemLoader Loading environment from /home/runner/work/key/key/key.core/../key.ui/examples/standard_key/polySimp/simplify20.key.proof 
437329     DEBUG main            d.u.i.k.p.i.AbstractProblemLoader Environment load took 408.2ns 
437330     INFO  main            d.u.i.k.p.i.AbstractProblemLoader Creating init config 
439679     DEBUG main            d.u.i.k.p.i.AbstractProblemLoader Init config took 2.35s 
439693     INFO  main            d.u.i.k.p.i.AbstractProblemLoader Replaying proof simplify20.key.proof 
439755     DEBUG main            d.u.i.k.p.i.IntermediateProofReplayer Proof replay took 57.5ms 
439757     DEBUG main            d.u.i.k.p.r.p.TestFile    ... success: reloaded. 
439757     INFO  main            d.u.i.k.p.r.p.TestFile    Now processing file /home/runner/work/key/key/key.core/../key.ui/examples/standard_key/polySimp/simplify21.key 
439758     INFO  main            d.u.i.k.p.i.AbstractProblemLoader Loading environment from /home/runner/work/key/key/key.core/../key.ui/examples/standard_key/polySimp/simplify21.key 
439758     DEBUG main            d.u.i.k.p.i.AbstractProblemLoader Environment load took 89.6ns 
439760     INFO  main            d.u.i.k.p.i.AbstractProblemLoader Creating init config 
442147     DEBUG main            d.u.i.k.p.i.AbstractProblemLoader Init config took 2.39s 
442162     INFO  main            d.u.i.k.p.i.AbstractProblemLoader Replaying proof simplify21.key 
442163     DEBUG main            d.u.i.k.p.i.IntermediateProofReplayer Proof replay took 4.1ns 
442769     INFO  main            d.u.i.k.p.r.p.TestFile    ... finished proof: closed. 
443364     INFO  main            d.u.i.k.p.i.AbstractProblemLoader Loading environment from /home/runner/work/key/key/key.core/../key.ui/examples/standard_key/polySimp/simplify21.key.proof 
443364     DEBUG main            d.u.i.k.p.i.AbstractProblemLoader Environment load took 119.4ns 
443367     INFO  main            d.u.i.k.p.i.AbstractProblemLoader Creating init config 
445717     DEBUG main            d.u.i.k.p.i.AbstractProblemLoader Init config took 2.35s 
445733     INFO  main            d.u.i.k.p.i.AbstractProblemLoader Replaying proof simplify21.key.proof 
445781     DEBUG main            d.u.i.k.p.i.IntermediateProofReplayer Proof replay took 44.88ms 
445783     DEBUG main            d.u.i.k.p.r.p.TestFile    ... success: reloaded. 
445784     INFO  main            d.u.i.k.p.r.p.TestFile    Now processing file /home/runner/work/key/key/key.core/../key.ui/examples/standard_key/polySimp/simplify22.key 
445784     INFO  main            d.u.i.k.p.i.AbstractProblemLoader Loading environment from /home/runner/work/key/key/key.core/../key.ui/examples/standard_key/polySimp/simplify22.key 
445784     DEBUG main            d.u.i.k.p.i.AbstractProblemLoader Environment load took 103.9ns 
445785     INFO  main            d.u.i.k.p.i.AbstractProblemLoader Creating init config 
448170     DEBUG main            d.u.i.k.p.i.AbstractProblemLoader Init config took 2.38s 
448183     INFO  main            d.u.i.k.p.i.AbstractProblemLoader Replaying proof simplify22.key 
448184     DEBUG main            d.u.i.k.p.i.IntermediateProofReplayer Proof replay took 3.4ns 
448286     INFO  main            d.u.i.k.p.r.p.TestFile    ... finished proof: closed. 
448825     INFO  main            d.u.i.k.p.i.AbstractProblemLoader Loading environment from /home/runner/work/key/key/key.core/../key.ui/examples/standard_key/polySimp/simplify22.key.proof 
448825     DEBUG main            d.u.i.k.p.i.AbstractProblemLoader Environment load took 92.3ns 
448826     INFO  main            d.u.i.k.p.i.AbstractProblemLoader Creating init config 
451169     DEBUG main            d.u.i.k.p.i.AbstractProblemLoader Init config took 2.34s 
451182     INFO  main            d.u.i.k.p.i.AbstractProblemLoader Replaying proof simplify22.key.proof 
451186     DEBUG main            d.u.i.k.p.i.IntermediateProofReplayer Proof replay took 2.44ms 
451187     DEBUG main            d.u.i.k.p.r.p.TestFile    ... success: reloaded. 
451187     INFO  main            d.u.i.k.p.r.p.TestFile    Now processing file /home/runner/work/key/key/key.core/../key.ui/examples/standard_key/polySimp/simplify23.key 
451187     INFO  main            d.u.i.k.p.i.AbstractProblemLoader Loading environment from /home/runner/work/key/key/key.core/../key.ui/examples/standard_key/polySimp/simplify23.key 
451187     DEBUG main            d.u.i.k.p.i.AbstractProblemLoader Environment load took 66.5ns 
451188     INFO  main            d.u.i.k.p.i.AbstractProblemLoader Creating init config 
453554     DEBUG main            d.u.i.k.p.i.AbstractProblemLoader Init config took 2.37s 
453567     INFO  main            d.u.i.k.p.i.AbstractProblemLoader Replaying proof simplify23.key 
453568     DEBUG main            d.u.i.k.p.i.IntermediateProofReplayer Proof replay took 3.1ns 
453671     INFO  main            d.u.i.k.p.r.p.TestFile    ... finished proof: closed. 
454202     INFO  main            d.u.i.k.p.i.AbstractProblemLoader Loading environment from /home/runner/work/key/key/key.core/../key.ui/examples/standard_key/polySimp/simplify23.key.proof 
454202     DEBUG main            d.u.i.k.p.i.AbstractProblemLoader Environment load took 98.2ns 
454203     INFO  main            d.u.i.k.p.i.AbstractProblemLoader Creating init config 
456545     DEBUG main            d.u.i.k.p.i.AbstractProblemLoader Init config took 2.34s 
456558     INFO  main            d.u.i.k.p.i.AbstractProblemLoader Replaying proof simplify23.key.proof 
456572     DEBUG main            d.u.i.k.p.i.IntermediateProofReplayer Proof replay took 11.52ms 
456573     DEBUG main            d.u.i.k.p.r.p.TestFile    ... success: reloaded. 
456573     INFO  main            d.u.i.k.p.r.p.TestFile    Now processing file /home/runner/work/key/key/key.core/../key.ui/examples/standard_key/polySimp/simplify24.key 
456573     INFO  main            d.u.i.k.p.i.AbstractProblemLoader Loading environment from /home/runner/work/key/key/key.core/../key.ui/examples/standard_key/polySimp/simplify24.key 
456573     DEBUG main            d.u.i.k.p.i.AbstractProblemLoader Environment load took 82.9ns 
456574     INFO  main            d.u.i.k.p.i.AbstractProblemLoader Creating init config 
458959     DEBUG main            d.u.i.k.p.i.AbstractProblemLoader Init config took 2.39s 
458972     INFO  main            d.u.i.k.p.i.AbstractProblemLoader Replaying proof simplify24.key 
458973     DEBUG main            d.u.i.k.p.i.IntermediateProofReplayer Proof replay took 3.7ns 
459075     INFO  main            d.u.i.k.p.r.p.TestFile    ... finished proof: closed. 
459615     INFO  main            d.u.i.k.p.i.AbstractProblemLoader Loading environment from /home/runner/work/key/key/key.core/../key.ui/examples/standard_key/polySimp/simplify24.key.proof 
459615     DEBUG main            d.u.i.k.p.i.AbstractProblemLoader Environment load took 104ns 
459616     INFO  main            d.u.i.k.p.i.AbstractProblemLoader Creating init config 
461959     DEBUG main            d.u.i.k.p.i.AbstractProblemLoader Init config took 2.34s 
461973     INFO  main            d.u.i.k.p.i.AbstractProblemLoader Replaying proof simplify24.key.proof 
461976     DEBUG main            d.u.i.k.p.i.IntermediateProofReplayer Proof replay took 2.41ms 
461977     DEBUG main            d.u.i.k.p.r.p.TestFile    ... success: reloaded. 
461978     INFO  main            d.u.i.k.p.r.p.TestFile    Now processing file /home/runner/work/key/key/key.core/../key.ui/examples/standard_key/polySimp/simplify25.key 
461978     INFO  main            d.u.i.k.p.i.AbstractProblemLoader Loading environment from /home/runner/work/key/key/key.core/../key.ui/examples/standard_key/polySimp/simplify25.key 
461978     DEBUG main            d.u.i.k.p.i.AbstractProblemLoader Environment load took 78.9ns 
461979     INFO  main            d.u.i.k.p.i.AbstractProblemLoader Creating init config 
464365     DEBUG main            d.u.i.k.p.i.AbstractProblemLoader Init config took 2.39s 
464379     INFO  main            d.u.i.k.p.i.AbstractProblemLoader Replaying proof simplify25.key 
464380     DEBUG main            d.u.i.k.p.i.IntermediateProofReplayer Proof replay took 4.6ns 
464486     INFO  main            d.u.i.k.p.r.p.TestFile    ... finished proof: closed. 
465029     INFO  main            d.u.i.k.p.i.AbstractProblemLoader Loading environment from /home/runner/work/key/key/key.core/../key.ui/examples/standard_key/polySimp/simplify25.key.proof 
465029     DEBUG main            d.u.i.k.p.i.AbstractProblemLoader Environment load took 101.6ns 
465031     INFO  main            d.u.i.k.p.i.AbstractProblemLoader Creating init config 
467383     DEBUG main            d.u.i.k.p.i.AbstractProblemLoader Init config took 2.35s 
467397     INFO  main            d.u.i.k.p.i.AbstractProblemLoader Replaying proof simplify25.key.proof 
467400     DEBUG main            d.u.i.k.p.i.IntermediateProofReplayer Proof replay took 2.45ms 
467401     DEBUG main            d.u.i.k.p.r.p.TestFile    ... success: reloaded. 
467402     INFO  main            d.u.i.k.p.r.p.TestFile    Now processing file /home/runner/work/key/key/key.core/../key.ui/examples/standard_key/polySimp/simplify3.key 
467402     INFO  main            d.u.i.k.p.i.AbstractProblemLoader Loading environment from /home/runner/work/key/key/key.core/../key.ui/examples/standard_key/polySimp/simplify3.key 
467402     DEBUG main            d.u.i.k.p.i.AbstractProblemLoader Environment load took 46.5ns 
467403     INFO  main            d.u.i.k.p.i.AbstractProblemLoader Creating init config 
469776     DEBUG main            d.u.i.k.p.i.AbstractProblemLoader Init config took 2.37s 
469789     INFO  main            d.u.i.k.p.i.AbstractProblemLoader Replaying proof simplify3.key 
469790     DEBUG main            d.u.i.k.p.i.IntermediateProofReplayer Proof replay took 3.9ns 
469891     INFO  main            d.u.i.k.p.r.p.TestFile    ... finished proof: closed. 
470429     INFO  main            d.u.i.k.p.i.AbstractProblemLoader Loading environment from /home/runner/work/key/key/key.core/../key.ui/examples/standard_key/polySimp/simplify3.key.proof 
470429     DEBUG main            d.u.i.k.p.i.AbstractProblemLoader Environment load took 91.9ns 
470430     INFO  main            d.u.i.k.p.i.AbstractProblemLoader Creating init config 
472771     DEBUG main            d.u.i.k.p.i.AbstractProblemLoader Init config took 2.34s 
472784     INFO  main            d.u.i.k.p.i.AbstractProblemLoader Replaying proof simplify3.key.proof 
472787     DEBUG main            d.u.i.k.p.i.IntermediateProofReplayer Proof replay took 844.31ns 
472787     DEBUG main            d.u.i.k.p.r.p.TestFile    ... success: reloaded. 
472788     INFO  main            d.u.i.k.p.r.p.TestFile    Now processing file /home/runner/work/key/key/key.core/../key.ui/examples/standard_key/polySimp/simplify4.key 
472788     INFO  main            d.u.i.k.p.i.AbstractProblemLoader Loading environment from /home/runner/work/key/key/key.core/../key.ui/examples/standard_key/polySimp/simplify4.key 
472788     DEBUG main            d.u.i.k.p.i.AbstractProblemLoader Environment load took 61.9ns 
472789     INFO  main            d.u.i.k.p.i.AbstractProblemLoader Creating init config 
475162     DEBUG main            d.u.i.k.p.i.AbstractProblemLoader Init config took 2.37s 
475175     INFO  main            d.u.i.k.p.i.AbstractProblemLoader Replaying proof simplify4.key 
475176     DEBUG main            d.u.i.k.p.i.IntermediateProofReplayer Proof replay took 2.7ns 
475278     INFO  main            d.u.i.k.p.r.p.TestFile    ... finished proof: closed. 
475824     INFO  main            d.u.i.k.p.i.AbstractProblemLoader Loading environment from /home/runner/work/key/key/key.core/../key.ui/examples/standard_key/polySimp/simplify4.key.proof 
475824     DEBUG main            d.u.i.k.p.i.AbstractProblemLoader Environment load took 89.1ns 
475825     INFO  main            d.u.i.k.p.i.AbstractProblemLoader Creating init config 
478173     DEBUG main            d.u.i.k.p.i.AbstractProblemLoader Init config took 2.35s 
478186     INFO  main            d.u.i.k.p.i.AbstractProblemLoader Replaying proof simplify4.key.proof 
478188     DEBUG main            d.u.i.k.p.i.IntermediateProofReplayer Proof replay took 1.11ms 
478189     DEBUG main            d.u.i.k.p.r.p.TestFile    ... success: reloaded. 
478190     INFO  main            d.u.i.k.p.r.p.TestFile    Now processing file /home/runner/work/key/key/key.core/../key.ui/examples/standard_key/polySimp/simplify5.key 
478191     INFO  main            d.u.i.k.p.i.AbstractProblemLoader Loading environment from /home/runner/work/key/key/key.core/../key.ui/examples/standard_key/polySimp/simplify5.key 
478191     DEBUG main            d.u.i.k.p.i.AbstractProblemLoader Environment load took 85.8ns 
478192     INFO  main            d.u.i.k.p.i.AbstractProblemLoader Creating init config 
480562     DEBUG main            d.u.i.k.p.i.AbstractProblemLoader Init config took 2.37s 
480575     INFO  main            d.u.i.k.p.i.AbstractProblemLoader Replaying proof simplify5.key 
480576     DEBUG main            d.u.i.k.p.i.IntermediateProofReplayer Proof replay took 2.4ns 
480678     INFO  main            d.u.i.k.p.r.p.TestFile    ... finished proof: closed. 
481241     INFO  main            d.u.i.k.p.i.AbstractProblemLoader Loading environment from /home/runner/work/key/key/key.core/../key.ui/examples/standard_key/polySimp/simplify5.key.proof 
481241     DEBUG main            d.u.i.k.p.i.AbstractProblemLoader Environment load took 89.5ns 
481242     INFO  main            d.u.i.k.p.i.AbstractProblemLoader Creating init config 
483587     DEBUG main            d.u.i.k.p.i.AbstractProblemLoader Init config took 2.34s 
483601     INFO  main            d.u.i.k.p.i.AbstractProblemLoader Replaying proof simplify5.key.proof 
483608     DEBUG main            d.u.i.k.p.i.IntermediateProofReplayer Proof replay took 5.52ms 
483608     DEBUG main            d.u.i.k.p.r.p.TestFile    ... success: reloaded. 
483609     INFO  main            d.u.i.k.p.r.p.TestFile    Now processing file /home/runner/work/key/key/key.core/../key.ui/examples/standard_key/polySimp/simplify6.key 
483609     INFO  main            d.u.i.k.p.i.AbstractProblemLoader Loading environment from /home/runner/work/key/key/key.core/../key.ui/examples/standard_key/polySimp/simplify6.key 
483609     DEBUG main            d.u.i.k.p.i.AbstractProblemLoader Environment load took 46.7ns 
483610     INFO  main            d.u.i.k.p.i.AbstractProblemLoader Creating init config 
485984     DEBUG main            d.u.i.k.p.i.AbstractProblemLoader Init config took 2.37s 
485998     INFO  main            d.u.i.k.p.i.AbstractProblemLoader Replaying proof simplify6.key 
485998     DEBUG main            d.u.i.k.p.i.IntermediateProofReplayer Proof replay took 3.2ns 
486101     INFO  main            d.u.i.k.p.r.p.TestFile    ... finished proof: closed. 
486667     INFO  main            d.u.i.k.p.i.AbstractProblemLoader Loading environment from /home/runner/work/key/key/key.core/../key.ui/examples/standard_key/polySimp/simplify6.key.proof 
486667     DEBUG main            d.u.i.k.p.i.AbstractProblemLoader Environment load took 96.6ns 
486668     INFO  main            d.u.i.k.p.i.AbstractProblemLoader Creating init config 
489024     DEBUG main            d.u.i.k.p.i.AbstractProblemLoader Init config took 2.36s 
489038     INFO  main            d.u.i.k.p.i.AbstractProblemLoader Replaying proof simplify6.key.proof 
489040     DEBUG main            d.u.i.k.p.i.IntermediateProofReplayer Proof replay took 358.1ns 
489041     DEBUG main            d.u.i.k.p.r.p.TestFile    ... success: reloaded. 
489041     INFO  main            d.u.i.k.p.r.p.TestFile    Now processing file /home/runner/work/key/key/key.core/../key.ui/examples/standard_key/polySimp/simplify7.key 
489041     INFO  main            d.u.i.k.p.i.AbstractProblemLoader Loading environment from /home/runner/work/key/key/key.core/../key.ui/examples/standard_key/polySimp/simplify7.key 
489041     DEBUG main            d.u.i.k.p.i.AbstractProblemLoader Environment load took 46.7ns 
489042     INFO  main            d.u.i.k.p.i.AbstractProblemLoader Creating init config 
491462     DEBUG main            d.u.i.k.p.i.AbstractProblemLoader Init config took 2.42s 
491475     INFO  main            d.u.i.k.p.i.AbstractProblemLoader Replaying proof simplify7.key 
491476     DEBUG main            d.u.i.k.p.i.IntermediateProofReplayer Proof replay took 2.9ns 
491578     INFO  main            d.u.i.k.p.r.p.TestFile    ... finished proof: closed. 
492144     INFO  main            d.u.i.k.p.i.AbstractProblemLoader Loading environment from /home/runner/work/key/key/key.core/../key.ui/examples/standard_key/polySimp/simplify7.key.proof 
492144     DEBUG main            d.u.i.k.p.i.AbstractProblemLoader Environment load took 91.1ns 
492145     INFO  main            d.u.i.k.p.i.AbstractProblemLoader Creating init config 
494504     DEBUG main            d.u.i.k.p.i.AbstractProblemLoader Init config took 2.36s 
494518     INFO  main            d.u.i.k.p.i.AbstractProblemLoader Replaying proof simplify7.key.proof 
494520     DEBUG main            d.u.i.k.p.i.IntermediateProofReplayer Proof replay took 605.11ns 
494521     DEBUG main            d.u.i.k.p.r.p.TestFile    ... success: reloaded. 
494521     INFO  main            d.u.i.k.p.r.p.TestFile    Now processing file /home/runner/work/key/key/key.core/../key.ui/examples/standard_key/polySimp/simplify8.key 
494521     INFO  main            d.u.i.k.p.i.AbstractProblemLoader Loading environment from /home/runner/work/key/key/key.core/../key.ui/examples/standard_key/polySimp/simplify8.key 
494521     DEBUG main            d.u.i.k.p.i.AbstractProblemLoader Environment load took 48.8ns 
494525     INFO  main            d.u.i.k.p.i.AbstractProblemLoader Creating init config 
496928     DEBUG main            d.u.i.k.p.i.AbstractProblemLoader Init config took 2.4s 
496943     INFO  main            d.u.i.k.p.i.AbstractProblemLoader Replaying proof simplify8.key 
496944     DEBUG main            d.u.i.k.p.i.IntermediateProofReplayer Proof replay took 3.8ns 
500666     INFO  main            d.u.i.k.p.r.p.TestFile    ... finished proof: closed. 
501272     INFO  main            d.u.i.k.p.i.AbstractProblemLoader Loading environment from /home/runner/work/key/key/key.core/../key.ui/examples/standard_key/polySimp/simplify8.key.proof 
501272     DEBUG main            d.u.i.k.p.i.AbstractProblemLoader Environment load took 106.5ns 
501275     INFO  main            d.u.i.k.p.i.AbstractProblemLoader Creating init config 
503675     DEBUG main            d.u.i.k.p.i.AbstractProblemLoader Init config took 2.4s 
503692     INFO  main            d.u.i.k.p.i.AbstractProblemLoader Replaying proof simplify8.key.proof 
503868     DEBUG main            d.u.i.k.p.i.IntermediateProofReplayer Proof replay took 171.23ms 
503870     DEBUG main            d.u.i.k.p.r.p.TestFile    ... success: reloaded. 
503871     INFO  main            d.u.i.k.p.r.p.TestFile    Now processing file /home/runner/work/key/key/key.core/../key.ui/examples/standard_key/polySimp/simplify9.key 
503871     INFO  main            d.u.i.k.p.i.AbstractProblemLoader Loading environment from /home/runner/work/key/key/key.core/../key.ui/examples/standard_key/polySimp/simplify9.key 
503871     DEBUG main            d.u.i.k.p.i.AbstractProblemLoader Environment load took 51.4ns 
503872     INFO  main            d.u.i.k.p.i.AbstractProblemLoader Creating init config 
506352     DEBUG main            d.u.i.k.p.i.AbstractProblemLoader Init config took 2.48s 
506366     INFO  main            d.u.i.k.p.i.AbstractProblemLoader Replaying proof simplify9.key 
506367     DEBUG main            d.u.i.k.p.i.IntermediateProofReplayer Proof replay took 3.1ns 
506569     INFO  main            d.u.i.k.p.r.p.TestFile    ... finished proof: closed. 
507219     INFO  main            d.u.i.k.p.i.AbstractProblemLoader Loading environment from /home/runner/work/key/key/key.core/../key.ui/examples/standard_key/polySimp/simplify9.key.proof 
507219     DEBUG main            d.u.i.k.p.i.AbstractProblemLoader Environment load took 94.8ns 
507220     INFO  main            d.u.i.k.p.i.AbstractProblemLoader Creating init config 
509592     DEBUG main            d.u.i.k.p.i.AbstractProblemLoader Init config took 2.37s 
509607     INFO  main            d.u.i.k.p.i.AbstractProblemLoader Replaying proof simplify9.key.proof 
509618     DEBUG main            d.u.i.k.p.i.IntermediateProofReplayer Proof replay took 9.05ms 
509619     DEBUG main            d.u.i.k.p.r.p.TestFile    ... success: reloaded. 
2821845    INFO  Test worker     d.u.i.k.p.r.RunAllProofsTestUnit Returning from test arithmetic 
2821847    INFO  Test worker     d.u.i.k.p.r.RunAllProofsTestUnit Running test arrays 
337        INFO  Timeout watchdog d.u.i.k.p.r.p.ForkedTestFileRunner Timeout watcher launched (2000 secs.) 
355        WARN  main            d.u.i.k.s.ProofSettings   The settings in /home/runner/.key/proof-settings.props are *not* read. 
386        INFO  main            d.u.i.k.p.r.p.TestFile    Now processing file /home/runner/work/key/key/key.core/../key.ui/examples/standard_key/arrays/arrayStoreException/array2DimPrim.key 
495        INFO  main            d.u.i.k.p.i.AbstractProblemLoader Loading environment from /home/runner/work/key/key/key.core/../key.ui/examples/standard_key/arrays/arrayStoreException/array2DimPrim.key 
519        DEBUG main            d.u.i.k.p.i.AbstractProblemLoader Environment load took 2.4ms 
778        INFO  main            d.u.i.k.p.i.AbstractProblemLoader Creating init config 
1582       DEBUG main            d.u.i.k.j.TypeConverter   No LDT found for Meta 
1583       DEBUG main            d.u.i.k.j.TypeConverter   No LDT found for Meta 
1584       DEBUG main            d.u.i.k.j.TypeConverter   No LDT found for Meta 
1584       DEBUG main            d.u.i.k.j.TypeConverter   No LDT found for Meta 
2954       DEBUG main            d.u.i.k.j.TypeConverter   No LDT found for JavaBigintExpression 
8087       DEBUG main            d.u.i.k.p.i.AbstractProblemLoader Init config took 7.31s 
8191       INFO  main            d.u.i.k.p.i.AbstractProblemLoader Replaying proof array2DimPrim.key 
8232       DEBUG main            d.u.i.k.p.i.IntermediateProofReplayer Proof replay took 38.7ns 
12456      INFO  main            d.u.i.k.p.r.p.TestFile    ... finished proof: closed. 
12655      INFO  main            d.u.i.k.p.i.AbstractProblemLoader Loading environment from /home/runner/work/key/key/key.core/../key.ui/examples/standard_key/arrays/arrayStoreException/array2DimPrim.key.proof 
12655      DEBUG main            d.u.i.k.p.i.AbstractProblemLoader Environment load took 533.91ns 
12660      INFO  main            d.u.i.k.p.i.AbstractProblemLoader Creating init config 
15493      DEBUG main            d.u.i.k.p.i.AbstractProblemLoader Init config took 2.83s 
15526      INFO  main            d.u.i.k.p.i.AbstractProblemLoader Replaying proof array2DimPrim.key.proof 
16130      DEBUG main            d.u.i.k.p.i.IntermediateProofReplayer Proof replay took 587.5ms 
16146      DEBUG main            d.u.i.k.p.r.p.TestFile    ... success: reloaded. 
16148      INFO  main            d.u.i.k.p.r.p.TestFile    Now processing file /home/runner/work/key/key/key.core/../key.ui/examples/standard_key/arrays/arrayStoreException/arrayStoreKnownDynType.key 
16148      INFO  main            d.u.i.k.p.i.AbstractProblemLoader Loading environment from /home/runner/work/key/key/key.core/../key.ui/examples/standard_key/arrays/arrayStoreException/arrayStoreKnownDynType.key 
16149      DEBUG main            d.u.i.k.p.i.AbstractProblemLoader Environment load took 282.4ns 
16151      INFO  main            d.u.i.k.p.i.AbstractProblemLoader Creating init config 
18965      DEBUG main            d.u.i.k.p.i.AbstractProblemLoader Init config took 2.81s 
18995      INFO  main            d.u.i.k.p.i.AbstractProblemLoader Replaying proof arrayStoreKnownDynType.key 
18998      DEBUG main            d.u.i.k.p.i.IntermediateProofReplayer Proof replay took 7.6ns 
19202      INFO  main            d.u.i.k.p.r.p.TestFile    ... finished proof: closed. 
19470      INFO  main            d.u.i.k.p.i.AbstractProblemLoader Loading environment from /home/runner/work/key/key/key.core/../key.ui/examples/standard_key/arrays/arrayStoreException/arrayStoreKnownDynType.key.proof 
19472      DEBUG main            d.u.i.k.p.i.AbstractProblemLoader Environment load took 751.11ns 
19476      INFO  main            d.u.i.k.p.i.AbstractProblemLoader Creating init config 
22169      DEBUG main            d.u.i.k.p.i.AbstractProblemLoader Init config took 2.69s 
22196      INFO  main            d.u.i.k.p.i.AbstractProblemLoader Replaying proof arrayStoreKnownDynType.key.proof 
22244      DEBUG main            d.u.i.k.p.i.IntermediateProofReplayer Proof replay took 43.93ms 
22245      DEBUG main            d.u.i.k.p.r.p.TestFile    ... success: reloaded. 
22246      INFO  main            d.u.i.k.p.r.p.TestFile    Now processing file /home/runner/work/key/key/key.core/../key.ui/examples/standard_key/arrays/arrayStoreException/reverseArray.key 
22247      INFO  main            d.u.i.k.p.i.AbstractProblemLoader Loading environment from /home/runner/work/key/key/key.core/../key.ui/examples/standard_key/arrays/arrayStoreException/reverseArray.key 
22247      DEBUG main            d.u.i.k.p.i.AbstractProblemLoader Environment load took 241.61ns 
22249      INFO  main            d.u.i.k.p.i.AbstractProblemLoader Creating init config 
24959      DEBUG main            d.u.i.k.p.i.AbstractProblemLoader Init config took 2.71s 
24986      INFO  main            d.u.i.k.p.i.AbstractProblemLoader Replaying proof reverseArray.key 
24989      DEBUG main            d.u.i.k.p.i.IntermediateProofReplayer Proof replay took 8.1ns 
25698      INFO  main            d.u.i.k.p.r.p.TestFile    ... finished proof: closed. 
25908      INFO  main            d.u.i.k.p.i.AbstractProblemLoader Loading environment from /home/runner/work/key/key/key.core/../key.ui/examples/standard_key/arrays/arrayStoreException/reverseArray.key.proof 
25909      DEBUG main            d.u.i.k.p.i.AbstractProblemLoader Environment load took 1.22ms 
25914      INFO  main            d.u.i.k.p.i.AbstractProblemLoader Creating init config 
28568      DEBUG main            d.u.i.k.p.i.AbstractProblemLoader Init config took 2.65s 
28592      INFO  main            d.u.i.k.p.i.AbstractProblemLoader Replaying proof reverseArray.key.proof 
28739      DEBUG main            d.u.i.k.p.i.IntermediateProofReplayer Proof replay took 140.52ms 
28740      DEBUG main            d.u.i.k.p.r.p.TestFile    ... success: reloaded. 
28742      INFO  main            d.u.i.k.p.r.p.TestFile    Now processing file /home/runner/work/key/key/key.core/../key.ui/examples/standard_key/arrays/arrayStoreException/throwArrayStoreException.key 
28742      INFO  main            d.u.i.k.p.i.AbstractProblemLoader Loading environment from /home/runner/work/key/key/key.core/../key.ui/examples/standard_key/arrays/arrayStoreException/throwArrayStoreException.key 
28743      DEBUG main            d.u.i.k.p.i.AbstractProblemLoader Environment load took 223.4ns 
28744      INFO  main            d.u.i.k.p.i.AbstractProblemLoader Creating init config 
31519      DEBUG main            d.u.i.k.p.i.AbstractProblemLoader Init config took 2.77s 
31546      INFO  main            d.u.i.k.p.i.AbstractProblemLoader Replaying proof throwArrayStoreException.key 
31549      DEBUG main            d.u.i.k.p.i.IntermediateProofReplayer Proof replay took 15.8ns 
32055      INFO  main            d.u.i.k.p.r.p.TestFile    ... finished proof: closed. 
32263      INFO  main            d.u.i.k.p.i.AbstractProblemLoader Loading environment from /home/runner/work/key/key/key.core/../key.ui/examples/standard_key/arrays/arrayStoreException/throwArrayStoreException.key.proof 
32264      DEBUG main            d.u.i.k.p.i.AbstractProblemLoader Environment load took 727.61ns 
32266      INFO  main            d.u.i.k.p.i.AbstractProblemLoader Creating init config 
34960      DEBUG main            d.u.i.k.p.i.AbstractProblemLoader Init config took 2.69s 
34983      INFO  main            d.u.i.k.p.i.AbstractProblemLoader Replaying proof throwArrayStoreException.key.proof 
35079      DEBUG main            d.u.i.k.p.i.IntermediateProofReplayer Proof replay took 90.45ms 
35080      DEBUG main            d.u.i.k.p.r.p.TestFile    ... success: reloaded. 
35082      INFO  main            d.u.i.k.p.r.p.TestFile    Now processing file /home/runner/work/key/key/key.core/../key.ui/examples/standard_key/arrays/creation/arrayCreation1.key 
35082      INFO  main            d.u.i.k.p.i.AbstractProblemLoader Loading environment from /home/runner/work/key/key/key.core/../key.ui/examples/standard_key/arrays/creation/arrayCreation1.key 
35082      DEBUG main            d.u.i.k.p.i.AbstractProblemLoader Environment load took 240.4ns 
35083      INFO  main            d.u.i.k.p.i.AbstractProblemLoader Creating init config 
37714      DEBUG main            d.u.i.k.p.i.AbstractProblemLoader Init config took 2.63s 
37742      INFO  main            d.u.i.k.p.i.AbstractProblemLoader Replaying proof arrayCreation1.key 
37745      DEBUG main            d.u.i.k.p.i.IntermediateProofReplayer Proof replay took 8ns 
37948      INFO  main            d.u.i.k.p.r.p.TestFile    ... finished proof: closed. 
38146      INFO  main            d.u.i.k.p.i.AbstractProblemLoader Loading environment from /home/runner/work/key/key/key.core/../key.ui/examples/standard_key/arrays/creation/arrayCreation1.key.proof 
38146      DEBUG main            d.u.i.k.p.i.AbstractProblemLoader Environment load took 154ns 
38148      INFO  main            d.u.i.k.p.i.AbstractProblemLoader Creating init config 
40729      DEBUG main            d.u.i.k.p.i.AbstractProblemLoader Init config took 2.58s 
40752      INFO  main            d.u.i.k.p.i.AbstractProblemLoader Replaying proof arrayCreation1.key.proof 
40779      DEBUG main            d.u.i.k.p.i.IntermediateProofReplayer Proof replay took 24.76ms 
40781      DEBUG main            d.u.i.k.p.r.p.TestFile    ... success: reloaded. 
40782      INFO  main            d.u.i.k.p.r.p.TestFile    Now processing file /home/runner/work/key/key/key.core/../key.ui/examples/standard_key/arrays/arrayStoreException/array2Dim.key 
40782      INFO  main            d.u.i.k.p.i.AbstractProblemLoader Loading environment from /home/runner/work/key/key/key.core/../key.ui/examples/standard_key/arrays/arrayStoreException/array2Dim.key 
40782      DEBUG main            d.u.i.k.p.i.AbstractProblemLoader Environment load took 244.6ns 
40784      INFO  main            d.u.i.k.p.i.AbstractProblemLoader Creating init config 
43445      DEBUG main            d.u.i.k.p.i.AbstractProblemLoader Init config took 2.66s 
43468      INFO  main            d.u.i.k.p.i.AbstractProblemLoader Replaying proof array2Dim.key 
43471      DEBUG main            d.u.i.k.p.i.IntermediateProofReplayer Proof replay took 7.7ns 
46925      INFO  main            d.u.i.k.p.r.p.TestFile    ... finished proof: open goal(s) 
47187      INFO  main            d.u.i.k.p.r.p.TestFile    Now processing file /home/runner/work/key/key/key.core/../key.ui/examples/standard_key/arrays/arrayStoreException/array2DimClose.key 
47187      INFO  main            d.u.i.k.p.i.AbstractProblemLoader Loading environment from /home/runner/work/key/key/key.core/../key.ui/examples/standard_key/arrays/arrayStoreException/array2DimClose.key 
47188      DEBUG main            d.u.i.k.p.i.AbstractProblemLoader Environment load took 102.4ns 
47189      INFO  main            d.u.i.k.p.i.AbstractProblemLoader Creating init config 
49777      DEBUG main            d.u.i.k.p.i.AbstractProblemLoader Init config took 2.59s 
49799      INFO  main            d.u.i.k.p.i.AbstractProblemLoader Replaying proof array2DimClose.key 
49802      DEBUG main            d.u.i.k.p.i.IntermediateProofReplayer Proof replay took 7.3ns 
52223      INFO  main            d.u.i.k.p.r.p.TestFile    ... finished proof: open goal(s) 
52596      INFO  main            d.u.i.k.p.r.p.TestFile    Now processing file /home/runner/work/key/key/key.core/../key.ui/examples/standard_key/arrays/arrayStoreException/throwASEForPrim.key 
52596      INFO  main            d.u.i.k.p.i.AbstractProblemLoader Loading environment from /home/runner/work/key/key/key.core/../key.ui/examples/standard_key/arrays/arrayStoreException/throwASEForPrim.key 
52597      DEBUG main            d.u.i.k.p.i.AbstractProblemLoader Environment load took 105.6ns 
52598      INFO  main            d.u.i.k.p.i.AbstractProblemLoader Creating init config 
55160      DEBUG main            d.u.i.k.p.i.AbstractProblemLoader Init config took 2.56s 
55180      INFO  main            d.u.i.k.p.i.AbstractProblemLoader Replaying proof throwASEForPrim.key 
55183      DEBUG main            d.u.i.k.p.i.IntermediateProofReplayer Proof replay took 6.8ns 
60031      INFO  main            d.u.i.k.p.r.p.TestFile    ... finished proof: open goal(s) 
2882262    INFO  Test worker     d.u.i.k.p.r.RunAllProofsTestUnit Returning from test arrays 
2882263    INFO  Test worker     d.u.i.k.p.r.RunAllProofsTestUnit Running test javadl 
338        INFO  Timeout watchdog d.u.i.k.p.r.p.ForkedTestFileRunner Timeout watcher launched (2000 secs.) 
361        WARN  main            d.u.i.k.s.ProofSettings   The settings in /home/runner/.key/proof-settings.props are *not* read. 
389        INFO  main            d.u.i.k.p.r.p.TestFile    Now processing file /home/runner/work/key/key/key.core/../key.ui/examples/standard_key/instanceCreation/instanceCreation1.key 
509        INFO  main            d.u.i.k.p.i.AbstractProblemLoader Loading environment from /home/runner/work/key/key/key.core/../key.ui/examples/standard_key/instanceCreation/instanceCreation1.key 
526        DEBUG main            d.u.i.k.p.i.AbstractProblemLoader Environment load took 2.23ms 
768        INFO  main            d.u.i.k.p.i.AbstractProblemLoader Creating init config 
1721       DEBUG main            d.u.i.k.j.TypeConverter   No LDT found for Meta 
1721       DEBUG main            d.u.i.k.j.TypeConverter   No LDT found for Meta 
1724       DEBUG main            d.u.i.k.j.TypeConverter   No LDT found for Meta 
1724       DEBUG main            d.u.i.k.j.TypeConverter   No LDT found for Meta 
3278       DEBUG main            d.u.i.k.j.TypeConverter   No LDT found for JavaBigintExpression 
8398       DEBUG main            d.u.i.k.p.i.AbstractProblemLoader Init config took 7.63s 
8461       INFO  main            d.u.i.k.p.i.AbstractProblemLoader Replaying proof instanceCreation1.key 
8495       DEBUG main            d.u.i.k.p.i.IntermediateProofReplayer Proof replay took 40.9ns 
9422       INFO  main            d.u.i.k.p.r.p.TestFile    ... finished proof: closed. 
9545       INFO  main            d.u.i.k.p.i.AbstractProblemLoader Loading environment from /home/runner/work/key/key/key.core/../key.ui/examples/standard_key/instanceCreation/instanceCreation1.key.proof 
9546       DEBUG main            d.u.i.k.p.i.AbstractProblemLoader Environment load took 503ns 
9550       INFO  main            d.u.i.k.p.i.AbstractProblemLoader Creating init config 
12300      DEBUG main            d.u.i.k.p.i.AbstractProblemLoader Init config took 2.75s 
12332      INFO  main            d.u.i.k.p.i.AbstractProblemLoader Replaying proof instanceCreation1.key.proof 
12458      DEBUG main            d.u.i.k.p.i.IntermediateProofReplayer Proof replay took 118.89ms 
12473      DEBUG main            d.u.i.k.p.r.p.TestFile    ... success: reloaded. 
12475      INFO  main            d.u.i.k.p.r.p.TestFile    Now processing file /home/runner/work/key/key/key.core/../key.ui/examples/standard_key/instanceCreation/instanceCreation2.key 
12475      INFO  main            d.u.i.k.p.i.AbstractProblemLoader Loading environment from /home/runner/work/key/key/key.core/../key.ui/examples/standard_key/instanceCreation/instanceCreation2.key 
12476      DEBUG main            d.u.i.k.p.i.AbstractProblemLoader Environment load took 227ns 
12480      INFO  main            d.u.i.k.p.i.AbstractProblemLoader Creating init config 
15128      DEBUG main            d.u.i.k.p.i.AbstractProblemLoader Init config took 2.65s 
15159      INFO  main            d.u.i.k.p.i.AbstractProblemLoader Replaying proof instanceCreation2.key 
15162      DEBUG main            d.u.i.k.p.i.IntermediateProofReplayer Proof replay took 7.3ns 
15773      INFO  main            d.u.i.k.p.r.p.TestFile    ... finished proof: closed. 
15950      INFO  main            d.u.i.k.p.i.AbstractProblemLoader Loading environment from /home/runner/work/key/key/key.core/../key.ui/examples/standard_key/instanceCreation/instanceCreation2.key.proof 
15951      DEBUG main            d.u.i.k.p.i.AbstractProblemLoader Environment load took 228.3ns 
15952      INFO  main            d.u.i.k.p.i.AbstractProblemLoader Creating init config 
18476      DEBUG main            d.u.i.k.p.i.AbstractProblemLoader Init config took 2.52s 
18502      INFO  main            d.u.i.k.p.i.AbstractProblemLoader Replaying proof instanceCreation2.key.proof 
18611      DEBUG main            d.u.i.k.p.i.IntermediateProofReplayer Proof replay took 103.53ms 
18613      DEBUG main            d.u.i.k.p.r.p.TestFile    ... success: reloaded. 
18614      INFO  main            d.u.i.k.p.r.p.TestFile    Now processing file /home/runner/work/key/key/key.core/../key.ui/examples/standard_key/instanceCreation/interfacesAndAbstractClassesHaveNoInstances.key 
18614      INFO  main            d.u.i.k.p.i.AbstractProblemLoader Loading environment from /home/runner/work/key/key/key.core/../key.ui/examples/standard_key/instanceCreation/interfacesAndAbstractClassesHaveNoInstances.key 
18615      DEBUG main            d.u.i.k.p.i.AbstractProblemLoader Environment load took 228.9ns 
18616      INFO  main            d.u.i.k.p.i.AbstractProblemLoader Creating init config 
21147      DEBUG main            d.u.i.k.p.i.AbstractProblemLoader Init config took 2.53s 
21169      INFO  main            d.u.i.k.p.i.AbstractProblemLoader Replaying proof interfacesAndAbstractClassesHaveNoInstances.key 
21171      DEBUG main            d.u.i.k.p.i.IntermediateProofReplayer Proof replay took 6.4ns 
21274      INFO  main            d.u.i.k.p.r.p.TestFile    ... finished proof: closed. 
21441      INFO  main            d.u.i.k.p.i.AbstractProblemLoader Loading environment from /home/runner/work/key/key/key.core/../key.ui/examples/standard_key/instanceCreation/interfacesAndAbstractClassesHaveNoInstances.key.proof 
21441      DEBUG main            d.u.i.k.p.i.AbstractProblemLoader Environment load took 142.8ns 
21442      INFO  main            d.u.i.k.p.i.AbstractProblemLoader Creating init config 
23912      DEBUG main            d.u.i.k.p.i.AbstractProblemLoader Init config took 2.47s 
23932      INFO  main            d.u.i.k.p.i.AbstractProblemLoader Replaying proof interfacesAndAbstractClassesHaveNoInstances.key.proof 
23936      DEBUG main            d.u.i.k.p.i.IntermediateProofReplayer Proof replay took 1.22ms 
23937      DEBUG main            d.u.i.k.p.r.p.TestFile    ... success: reloaded. 
23938      INFO  main            d.u.i.k.p.r.p.TestFile    Now processing file /home/runner/work/key/key/key.core/../key.ui/examples/standard_key/instanceCreation/successiveCreatedObjectsAreDistinct.key 
23938      INFO  main            d.u.i.k.p.i.AbstractProblemLoader Loading environment from /home/runner/work/key/key/key.core/../key.ui/examples/standard_key/instanceCreation/successiveCreatedObjectsAreDistinct.key 
23938      DEBUG main            d.u.i.k.p.i.AbstractProblemLoader Environment load took 95.5ns 
23939      INFO  main            d.u.i.k.p.i.AbstractProblemLoader Creating init config 
26505      DEBUG main            d.u.i.k.p.i.AbstractProblemLoader Init config took 2.57s 
26535      INFO  main            d.u.i.k.p.i.AbstractProblemLoader Replaying proof successiveCreatedObjectsAreDistinct.key 
26538      DEBUG main            d.u.i.k.p.i.IntermediateProofReplayer Proof replay took 8.4ns 
26843      INFO  main            d.u.i.k.p.r.p.TestFile    ... finished proof: closed. 
27057      INFO  main            d.u.i.k.p.i.AbstractProblemLoader Loading environment from /home/runner/work/key/key/key.core/../key.ui/examples/standard_key/instanceCreation/successiveCreatedObjectsAreDistinct.key.proof 
27057      DEBUG main            d.u.i.k.p.i.AbstractProblemLoader Environment load took 479.61ns 
27059      INFO  main            d.u.i.k.p.i.AbstractProblemLoader Creating init config 
29527      DEBUG main            d.u.i.k.p.i.AbstractProblemLoader Init config took 2.47s 
29550      INFO  main            d.u.i.k.p.i.AbstractProblemLoader Replaying proof successiveCreatedObjectsAreDistinct.key.proof 
29619      DEBUG main            d.u.i.k.p.i.IntermediateProofReplayer Proof replay took 65.04ms 
29620      DEBUG main            d.u.i.k.p.r.p.TestFile    ... success: reloaded. 
29621      INFO  main            d.u.i.k.p.r.p.TestFile    Now processing file /home/runner/work/key/key/key.core/../key.ui/examples/standard_key/instanceCreation/testOverloadingConstructors.key 
29622      INFO  main            d.u.i.k.p.i.AbstractProblemLoader Loading environment from /home/runner/work/key/key/key.core/../key.ui/examples/standard_key/instanceCreation/testOverloadingConstructors.key 
29622      DEBUG main            d.u.i.k.p.i.AbstractProblemLoader Environment load took 211.7ns 
29623      INFO  main            d.u.i.k.p.i.AbstractProblemLoader Creating init config 
32137      DEBUG main            d.u.i.k.p.i.AbstractProblemLoader Init config took 2.51s 
32160      INFO  main            d.u.i.k.p.i.AbstractProblemLoader Replaying proof testOverloadingConstructors.key 
32163      DEBUG main            d.u.i.k.p.i.IntermediateProofReplayer Proof replay took 7.4ns 
32468      INFO  main            d.u.i.k.p.r.p.TestFile    ... finished proof: closed. 
32654      INFO  main            d.u.i.k.p.i.AbstractProblemLoader Loading environment from /home/runner/work/key/key/key.core/../key.ui/examples/standard_key/instanceCreation/testOverloadingConstructors.key.proof 
32655      DEBUG main            d.u.i.k.p.i.AbstractProblemLoader Environment load took 518.21ns 
32656      INFO  main            d.u.i.k.p.i.AbstractProblemLoader Creating init config 
35125      DEBUG main            d.u.i.k.p.i.AbstractProblemLoader Init config took 2.47s 
35146      INFO  main            d.u.i.k.p.i.AbstractProblemLoader Replaying proof testOverloadingConstructors.key.proof 
35200      DEBUG main            d.u.i.k.p.i.IntermediateProofReplayer Proof replay took 50.73ms 
35201      DEBUG main            d.u.i.k.p.r.p.TestFile    ... success: reloaded. 
35202      INFO  main            d.u.i.k.p.r.p.TestFile    Now processing file /home/runner/work/key/key/key.core/../key.ui/examples/standard_key/java_dl/SimpleAttributes.key 
35202      INFO  main            d.u.i.k.p.i.AbstractProblemLoader Loading environment from /home/runner/work/key/key/key.core/../key.ui/examples/standard_key/java_dl/SimpleAttributes.key 
35202      DEBUG main            d.u.i.k.p.i.AbstractProblemLoader Environment load took 121.5ns 
35204      INFO  main            d.u.i.k.p.i.AbstractProblemLoader Creating init config 
37634      DEBUG main            d.u.i.k.p.i.AbstractProblemLoader Init config took 2.43s 
37656      INFO  main            d.u.i.k.p.i.AbstractProblemLoader Replaying proof SimpleAttributes.key 
37658      DEBUG main            d.u.i.k.p.i.IntermediateProofReplayer Proof replay took 8ns 
37763      INFO  main            d.u.i.k.p.r.p.TestFile    ... finished proof: closed. 
37942      INFO  main            d.u.i.k.p.i.AbstractProblemLoader Loading environment from /home/runner/work/key/key/key.core/../key.ui/examples/standard_key/java_dl/SimpleAttributes.key.proof 
37942      DEBUG main            d.u.i.k.p.i.AbstractProblemLoader Environment load took 141.1ns 
37943      INFO  main            d.u.i.k.p.i.AbstractProblemLoader Creating init config 
40316      DEBUG main            d.u.i.k.p.i.AbstractProblemLoader Init config took 2.37s 
40338      INFO  main            d.u.i.k.p.i.AbstractProblemLoader Replaying proof SimpleAttributes.key.proof 
40365      DEBUG main            d.u.i.k.p.i.IntermediateProofReplayer Proof replay took 23.19ms 
40366      DEBUG main            d.u.i.k.p.r.p.TestFile    ... success: reloaded. 
40366      INFO  main            d.u.i.k.p.r.p.TestFile    Now processing file /home/runner/work/key/key/key.core/../key.ui/examples/standard_key/java_dl/arrayMax.key 
40367      INFO  main            d.u.i.k.p.i.AbstractProblemLoader Loading environment from /home/runner/work/key/key/key.core/../key.ui/examples/standard_key/java_dl/arrayMax.key 
40367      DEBUG main            d.u.i.k.p.i.AbstractProblemLoader Environment load took 84.6ns 
40370      INFO  main            d.u.i.k.p.i.AbstractProblemLoader Creating init config 
42845      DEBUG main            d.u.i.k.p.i.AbstractProblemLoader Init config took 2.48s 
42868      INFO  main            d.u.i.k.p.i.AbstractProblemLoader Replaying proof arrayMax.key 
42871      DEBUG main            d.u.i.k.p.i.IntermediateProofReplayer Proof replay took 8.4ns 
44178      INFO  main            d.u.i.k.p.r.p.TestFile    ... finished proof: closed. 
44413      INFO  main            d.u.i.k.p.i.AbstractProblemLoader Loading environment from /home/runner/work/key/key/key.core/../key.ui/examples/standard_key/java_dl/arrayMax.key.proof 
44416      DEBUG main            d.u.i.k.p.i.AbstractProblemLoader Environment load took 3.2ms 
44418      INFO  main            d.u.i.k.p.i.AbstractProblemLoader Creating init config 
46849      DEBUG main            d.u.i.k.p.i.AbstractProblemLoader Init config took 2.43s 
46870      INFO  main            d.u.i.k.p.i.AbstractProblemLoader Replaying proof arrayMax.key.proof 
47088      DEBUG main            d.u.i.k.p.i.IntermediateProofReplayer Proof replay took 210.5ms 
47090      DEBUG main            d.u.i.k.p.r.p.TestFile    ... success: reloaded. 
47091      INFO  main            d.u.i.k.p.r.p.TestFile    Now processing file /home/runner/work/key/key/key.core/../key.ui/examples/standard_key/java_dl/arrayUpdateSimp.key 
47091      INFO  main            d.u.i.k.p.i.AbstractProblemLoader Loading environment from /home/runner/work/key/key/key.core/../key.ui/examples/standard_key/java_dl/arrayUpdateSimp.key 
47096      DEBUG main            d.u.i.k.p.i.AbstractProblemLoader Environment load took 4.5ms 
47099      INFO  main            d.u.i.k.p.i.AbstractProblemLoader Creating init config 
47141      WARN  main            d.u.i.k.j.r.KeYCrossReferenceNameInfo Datatype java.io.InputStream declared twice: Once in FILE:/home/runner/work/key/key/key.core/../key.ui/examples/standard_key/java_dl/./classpath/InputStream.java and once in URL:file:/home/runner/work/key/key/key.core/build/resources/main/de/uka/ilkd/key/java/JavaRedux/java/io/InputStream.java, Keeping one from URL:file:/home/runner/work/key/key/key.core/build/resources/main/de/uka/ilkd/key/java/JavaRedux/java/io/InputStream.java 
47142      WARN  main            d.u.i.k.j.r.KeYCrossReferenceNameInfo Datatype java.lang.System declared twice: Once in FILE:/home/runner/work/key/key/key.core/../key.ui/examples/standard_key/java_dl/./classpath/System.java and once in URL:file:/home/runner/work/key/key/key.core/build/resources/main/de/uka/ilkd/key/java/JavaRedux/java/lang/System.java, Keeping one from URL:file:/home/runner/work/key/key/key.core/build/resources/main/de/uka/ilkd/key/java/JavaRedux/java/lang/System.java 
47142      WARN  main            d.u.i.k.j.r.KeYCrossReferenceNameInfo Datatype java.io.PrintStream declared twice: Once in FILE:/home/runner/work/key/key/key.core/../key.ui/examples/standard_key/java_dl/./classpath/PrintStream.java and once in URL:file:/home/runner/work/key/key/key.core/build/resources/main/de/uka/ilkd/key/java/JavaRedux/java/io/PrintStream.java, Keeping one from URL:file:/home/runner/work/key/key/key.core/build/resources/main/de/uka/ilkd/key/java/JavaRedux/java/io/PrintStream.java 
47148      DEBUG main            d.u.i.k.j.r.ClassFileDeclarationBuilder Parsing: package java.io; public class Closeable { } 
47149      DEBUG main            r.s.KeYCrossReferenceSourceInfo Dynamically created class: java.io.Closeable 
49591      DEBUG main            d.u.i.k.p.i.AbstractProblemLoader Init config took 2.49s 
49611      INFO  main            d.u.i.k.p.i.AbstractProblemLoader Replaying proof arrayUpdateSimp.key 
49613      DEBUG main            d.u.i.k.p.i.IntermediateProofReplayer Proof replay took 7.1ns 
49718      INFO  main            d.u.i.k.p.r.p.TestFile    ... finished proof: closed. 
49950      INFO  main            d.u.i.k.p.i.AbstractProblemLoader Loading environment from /home/runner/work/key/key/key.core/../key.ui/examples/standard_key/java_dl/arrayUpdateSimp.key.proof 
49950      DEBUG main            d.u.i.k.p.i.AbstractProblemLoader Environment load took 154.4ns 
49955      INFO  main            d.u.i.k.p.i.AbstractProblemLoader Creating init config 
49979      WARN  main            d.u.i.k.j.r.KeYCrossReferenceNameInfo Datatype java.io.InputStream declared twice: Once in FILE:/home/runner/work/key/key/key.core/../key.ui/examples/standard_key/java_dl/classpath/InputStream.java and once in URL:file:/home/runner/work/key/key/key.core/build/resources/main/de/uka/ilkd/key/java/JavaRedux/java/io/InputStream.java, Keeping one from URL:file:/home/runner/work/key/key/key.core/build/resources/main/de/uka/ilkd/key/java/JavaRedux/java/io/InputStream.java 
49980      WARN  main            d.u.i.k.j.r.KeYCrossReferenceNameInfo Datatype java.lang.System declared twice: Once in FILE:/home/runner/work/key/key/key.core/../key.ui/examples/standard_key/java_dl/classpath/System.java and once in URL:file:/home/runner/work/key/key/key.core/build/resources/main/de/uka/ilkd/key/java/JavaRedux/java/lang/System.java, Keeping one from URL:file:/home/runner/work/key/key/key.core/build/resources/main/de/uka/ilkd/key/java/JavaRedux/java/lang/System.java 
49987      WARN  main            d.u.i.k.j.r.KeYCrossReferenceNameInfo Datatype java.io.PrintStream declared twice: Once in FILE:/home/runner/work/key/key/key.core/../key.ui/examples/standard_key/java_dl/classpath/PrintStream.java and once in URL:file:/home/runner/work/key/key/key.core/build/resources/main/de/uka/ilkd/key/java/JavaRedux/java/io/PrintStream.java, Keeping one from URL:file:/home/runner/work/key/key/key.core/build/resources/main/de/uka/ilkd/key/java/JavaRedux/java/io/PrintStream.java 
49998      DEBUG main            d.u.i.k.j.r.ClassFileDeclarationBuilder Parsing: package java.io; public class Closeable { } 
49999      DEBUG main            r.s.KeYCrossReferenceSourceInfo Dynamically created class: java.io.Closeable 
52487      DEBUG main            d.u.i.k.p.i.AbstractProblemLoader Init config took 2.53s 
52509      INFO  main            d.u.i.k.p.i.AbstractProblemLoader Replaying proof arrayUpdateSimp.key.proof 
52513      DEBUG main            d.u.i.k.p.i.IntermediateProofReplayer Proof replay took 1.57ms 
52516      DEBUG main            d.u.i.k.p.r.p.TestFile    ... success: reloaded. 
52517      INFO  main            d.u.i.k.p.r.p.TestFile    Now processing file /home/runner/work/key/key/key.core/../key.ui/examples/standard_key/java_dl/attributes.key 
52517      INFO  main            d.u.i.k.p.i.AbstractProblemLoader Loading environment from /home/runner/work/key/key/key.core/../key.ui/examples/standard_key/java_dl/attributes.key 
52518      DEBUG main            d.u.i.k.p.i.AbstractProblemLoader Environment load took 66.2ns 
52519      INFO  main            d.u.i.k.p.i.AbstractProblemLoader Creating init config 
54935      DEBUG main            d.u.i.k.p.i.AbstractProblemLoader Init config took 2.42s 
54953      INFO  main            d.u.i.k.p.i.AbstractProblemLoader Replaying proof attributes.key 
54955      DEBUG main            d.u.i.k.p.i.IntermediateProofReplayer Proof replay took 8.7ns 
55158      INFO  main            d.u.i.k.p.r.p.TestFile    ... finished proof: closed. 
55438      INFO  main            d.u.i.k.p.i.AbstractProblemLoader Loading environment from /home/runner/work/key/key/key.core/../key.ui/examples/standard_key/java_dl/attributes.key.proof 
55438      DEBUG main            d.u.i.k.p.i.AbstractProblemLoader Environment load took 231.2ns 
55439      INFO  main            d.u.i.k.p.i.AbstractProblemLoader Creating init config 
57819      DEBUG main            d.u.i.k.p.i.AbstractProblemLoader Init config took 2.38s 
57838      INFO  main            d.u.i.k.p.i.AbstractProblemLoader Replaying proof attributes.key.proof 
57879      DEBUG main            d.u.i.k.p.i.IntermediateProofReplayer Proof replay took 37.79ms 
57880      DEBUG main            d.u.i.k.p.r.p.TestFile    ... success: reloaded. 
57881      INFO  main            d.u.i.k.p.r.p.TestFile    Now processing file /home/runner/work/key/key/key.core/../key.ui/examples/standard_key/java_dl/break.key 
57882      INFO  main            d.u.i.k.p.i.AbstractProblemLoader Loading environment from /home/runner/work/key/key/key.core/../key.ui/examples/standard_key/java_dl/break.key 
57882      DEBUG main            d.u.i.k.p.i.AbstractProblemLoader Environment load took 206.1ns 
57883      INFO  main            d.u.i.k.p.i.AbstractProblemLoader Creating init config 
57905      WARN  main            d.u.i.k.j.r.KeYCrossReferenceNameInfo Datatype java.io.InputStream declared twice: Once in FILE:/home/runner/work/key/key/key.core/../key.ui/examples/standard_key/java_dl/classpath/InputStream.java and once in URL:file:/home/runner/work/key/key/key.core/build/resources/main/de/uka/ilkd/key/java/JavaRedux/java/io/InputStream.java, Keeping one from URL:file:/home/runner/work/key/key/key.core/build/resources/main/de/uka/ilkd/key/java/JavaRedux/java/io/InputStream.java 
57906      WARN  main            d.u.i.k.j.r.KeYCrossReferenceNameInfo Datatype java.lang.System declared twice: Once in FILE:/home/runner/work/key/key/key.core/../key.ui/examples/standard_key/java_dl/classpath/System.java and once in URL:file:/home/runner/work/key/key/key.core/build/resources/main/de/uka/ilkd/key/java/JavaRedux/java/lang/System.java, Keeping one from URL:file:/home/runner/work/key/key/key.core/build/resources/main/de/uka/ilkd/key/java/JavaRedux/java/lang/System.java 
57906      WARN  main            d.u.i.k.j.r.KeYCrossReferenceNameInfo Datatype java.io.PrintStream declared twice: Once in FILE:/home/runner/work/key/key/key.core/../key.ui/examples/standard_key/java_dl/classpath/PrintStream.java and once in URL:file:/home/runner/work/key/key/key.core/build/resources/main/de/uka/ilkd/key/java/JavaRedux/java/io/PrintStream.java, Keeping one from URL:file:/home/runner/work/key/key/key.core/build/resources/main/de/uka/ilkd/key/java/JavaRedux/java/io/PrintStream.java 
57909      DEBUG main            d.u.i.k.j.r.ClassFileDeclarationBuilder Parsing: package java.io; public class Closeable { } 
57916      DEBUG main            r.s.KeYCrossReferenceSourceInfo Dynamically created class: java.io.Closeable 
60326      DEBUG main            d.u.i.k.p.i.AbstractProblemLoader Init config took 2.44s 
60344      INFO  main            d.u.i.k.p.i.AbstractProblemLoader Replaying proof break.key 
60346      DEBUG main            d.u.i.k.p.i.IntermediateProofReplayer Proof replay took 9.5ns 
60457      INFO  main            d.u.i.k.p.r.p.TestFile    ... finished proof: closed. 
60691      INFO  main            d.u.i.k.p.i.AbstractProblemLoader Loading environment from /home/runner/work/key/key/key.core/../key.ui/examples/standard_key/java_dl/break.key.proof 
60691      DEBUG main            d.u.i.k.p.i.AbstractProblemLoader Environment load took 143.5ns 
60692      INFO  main            d.u.i.k.p.i.AbstractProblemLoader Creating init config 
60717      WARN  main            d.u.i.k.j.r.KeYCrossReferenceNameInfo Datatype java.io.InputStream declared twice: Once in FILE:/home/runner/work/key/key/key.core/../key.ui/examples/standard_key/java_dl/classpath/InputStream.java and once in URL:file:/home/runner/work/key/key/key.core/build/resources/main/de/uka/ilkd/key/java/JavaRedux/java/io/InputStream.java, Keeping one from URL:file:/home/runner/work/key/key/key.core/build/resources/main/de/uka/ilkd/key/java/JavaRedux/java/io/InputStream.java 
60718      WARN  main            d.u.i.k.j.r.KeYCrossReferenceNameInfo Datatype java.lang.System declared twice: Once in FILE:/home/runner/work/key/key/key.core/../key.ui/examples/standard_key/java_dl/classpath/System.java and once in URL:file:/home/runner/work/key/key/key.core/build/resources/main/de/uka/ilkd/key/java/JavaRedux/java/lang/System.java, Keeping one from URL:file:/home/runner/work/key/key/key.core/build/resources/main/de/uka/ilkd/key/java/JavaRedux/java/lang/System.java 
60718      WARN  main            d.u.i.k.j.r.KeYCrossReferenceNameInfo Datatype java.io.PrintStream declared twice: Once in FILE:/home/runner/work/key/key/key.core/../key.ui/examples/standard_key/java_dl/classpath/PrintStream.java and once in URL:file:/home/runner/work/key/key/key.core/build/resources/main/de/uka/ilkd/key/java/JavaRedux/java/io/PrintStream.java, Keeping one from URL:file:/home/runner/work/key/key/key.core/build/resources/main/de/uka/ilkd/key/java/JavaRedux/java/io/PrintStream.java 
60721      DEBUG main            d.u.i.k.j.r.ClassFileDeclarationBuilder Parsing: package java.io; public class Closeable { } 
60721      DEBUG main            r.s.KeYCrossReferenceSourceInfo Dynamically created class: java.io.Closeable 
63065      DEBUG main            d.u.i.k.p.i.AbstractProblemLoader Init config took 2.37s 
63087      INFO  main            d.u.i.k.p.i.AbstractProblemLoader Replaying proof break.key.proof 
63106      DEBUG main            d.u.i.k.p.i.IntermediateProofReplayer Proof replay took 15.45ms 
63108      DEBUG main            d.u.i.k.p.r.p.TestFile    ... success: reloaded. 
63110      INFO  main            d.u.i.k.p.r.p.TestFile    Now processing file /home/runner/work/key/key/key.core/../key.ui/examples/standard_key/java_dl/char.key 
63110      INFO  main            d.u.i.k.p.i.AbstractProblemLoader Loading environment from /home/runner/work/key/key/key.core/../key.ui/examples/standard_key/java_dl/char.key 
63110      DEBUG main            d.u.i.k.p.i.AbstractProblemLoader Environment load took 219.7ns 
63117      INFO  main            d.u.i.k.p.i.AbstractProblemLoader Creating init config 
65470      DEBUG main            d.u.i.k.p.i.AbstractProblemLoader Init config took 2.35s 
65486      INFO  main            d.u.i.k.p.i.AbstractProblemLoader Replaying proof char.key 
65488      DEBUG main            d.u.i.k.p.i.IntermediateProofReplayer Proof replay took 8ns 
65590      INFO  main            d.u.i.k.p.r.p.TestFile    ... finished proof: closed. 
65809      INFO  main            d.u.i.k.p.i.AbstractProblemLoader Loading environment from /home/runner/work/key/key/key.core/../key.ui/examples/standard_key/java_dl/char.key.proof 
65809      DEBUG main            d.u.i.k.p.i.AbstractProblemLoader Environment load took 145.6ns 
65811      INFO  main            d.u.i.k.p.i.AbstractProblemLoader Creating init config 
68135      DEBUG main            d.u.i.k.p.i.AbstractProblemLoader Init config took 2.32s 
68152      INFO  main            d.u.i.k.p.i.AbstractProblemLoader Replaying proof char.key.proof 
68158      DEBUG main            d.u.i.k.p.i.IntermediateProofReplayer Proof replay took 2.75ms 
68159      DEBUG main            d.u.i.k.p.r.p.TestFile    ... success: reloaded. 
68160      INFO  main            d.u.i.k.p.r.p.TestFile    Now processing file /home/runner/work/key/key/key.core/../key.ui/examples/standard_key/java_dl/compileTimeConstants.key 
68160      INFO  main            d.u.i.k.p.i.AbstractProblemLoader Loading environment from /home/runner/work/key/key/key.core/../key.ui/examples/standard_key/java_dl/compileTimeConstants.key 
68160      DEBUG main            d.u.i.k.p.i.AbstractProblemLoader Environment load took 216.21ns 
68161      INFO  main            d.u.i.k.p.i.AbstractProblemLoader Creating init config 
70613      DEBUG main            d.u.i.k.p.i.AbstractProblemLoader Init config took 2.45s 
70630      INFO  main            d.u.i.k.p.i.AbstractProblemLoader Replaying proof compileTimeConstants.key 
70632      DEBUG main            d.u.i.k.p.i.IntermediateProofReplayer Proof replay took 10ns 
70735      INFO  main            d.u.i.k.p.r.p.TestFile    ... finished proof: closed. 
70955      INFO  main            d.u.i.k.p.i.AbstractProblemLoader Loading environment from /home/runner/work/key/key/key.core/../key.ui/examples/standard_key/java_dl/compileTimeConstants.key.proof 
70955      DEBUG main            d.u.i.k.p.i.AbstractProblemLoader Environment load took 145.8ns 
70958      INFO  main            d.u.i.k.p.i.AbstractProblemLoader Creating init config 
73333      DEBUG main            d.u.i.k.p.i.AbstractProblemLoader Init config took 2.38s 
73352      INFO  main            d.u.i.k.p.i.AbstractProblemLoader Replaying proof compileTimeConstants.key.proof 
73368      DEBUG main            d.u.i.k.p.i.IntermediateProofReplayer Proof replay took 13.31ms 
73369      DEBUG main            d.u.i.k.p.r.p.TestFile    ... success: reloaded. 
73370      INFO  main            d.u.i.k.p.r.p.TestFile    Now processing file /home/runner/work/key/key/key.core/../key.ui/examples/standard_key/java_dl/constructorException/test.key 
73371      INFO  main            d.u.i.k.p.i.AbstractProblemLoader Loading environment from /home/runner/work/key/key/key.core/../key.ui/examples/standard_key/java_dl/constructorException/test.key 
73371      DEBUG main            d.u.i.k.p.i.AbstractProblemLoader Environment load took 210.4ns 
73372      INFO  main            d.u.i.k.p.i.AbstractProblemLoader Creating init config 
75856      DEBUG main            d.u.i.k.p.i.AbstractProblemLoader Init config took 2.48s 
75919      INFO  main            d.u.i.k.p.i.AbstractProblemLoader Replaying proof Test[Test::Test(int)].JML operation contract.0 
75920      DEBUG main            d.u.i.k.p.i.IntermediateProofReplayer Proof replay took 7.9ns 
76227      INFO  main            d.u.i.k.p.r.p.TestFile    ... finished proof: closed. 
76468      INFO  main            d.u.i.k.p.i.AbstractProblemLoader Loading environment from /home/runner/work/key/key/key.core/../key.ui/examples/standard_key/java_dl/constructorException/test.key.proof 
76468      DEBUG main            d.u.i.k.p.i.AbstractProblemLoader Environment load took 142.6ns 
76469      INFO  main            d.u.i.k.p.i.AbstractProblemLoader Creating init config 
78860      DEBUG main            d.u.i.k.p.i.AbstractProblemLoader Init config took 2.39s 
78902      INFO  main            d.u.i.k.p.i.AbstractProblemLoader Replaying proof Test[Test::Test(int)].JML operation contract.0 
78958      DEBUG main            d.u.i.k.p.i.IntermediateProofReplayer Proof replay took 52.72ms 
78959      DEBUG main            d.u.i.k.p.r.p.TestFile    ... success: reloaded. 
78960      INFO  main            d.u.i.k.p.r.p.TestFile    Now processing file /home/runner/work/key/key/key.core/../key.ui/examples/standard_key/java_dl/constructorException/regressionTestBug1333.key 
78960      INFO  main            d.u.i.k.p.i.AbstractProblemLoader Loading environment from /home/runner/work/key/key/key.core/../key.ui/examples/standard_key/java_dl/constructorException/regressionTestBug1333.key 
78960      DEBUG main            d.u.i.k.p.i.AbstractProblemLoader Environment load took 96.8ns 
78961      INFO  main            d.u.i.k.p.i.AbstractProblemLoader Creating init config 
81406      DEBUG main            d.u.i.k.p.i.AbstractProblemLoader Init config took 2.44s 
81447      INFO  main            d.u.i.k.p.i.AbstractProblemLoader Replaying proof False[False::False()].JML normal_behavior operation contract.0 
81449      DEBUG main            d.u.i.k.p.i.IntermediateProofReplayer Proof replay took 9.5ns 
81553      INFO  main            d.u.i.k.p.r.p.TestFile    ... finished proof: open goal(s) 
81817      INFO  main            d.u.i.k.p.r.p.TestFile    Now processing file /home/runner/work/key/key/key.core/../key.ui/examples/standard_key/java_dl/continue1.key 
81817      INFO  main            d.u.i.k.p.i.AbstractProblemLoader Loading environment from /home/runner/work/key/key/key.core/../key.ui/examples/standard_key/java_dl/continue1.key 
81817      DEBUG main            d.u.i.k.p.i.AbstractProblemLoader Environment load took 70.9ns 
81818      INFO  main            d.u.i.k.p.i.AbstractProblemLoader Creating init config 
81844      WARN  main            d.u.i.k.j.r.KeYCrossReferenceNameInfo Datatype java.io.InputStream declared twice: Once in FILE:/home/runner/work/key/key/key.core/../key.ui/examples/standard_key/java_dl/classpath/InputStream.java and once in URL:file:/home/runner/work/key/key/key.core/build/resources/main/de/uka/ilkd/key/java/JavaRedux/java/io/InputStream.java, Keeping one from URL:file:/home/runner/work/key/key/key.core/build/resources/main/de/uka/ilkd/key/java/JavaRedux/java/io/InputStream.java 
81845      WARN  main            d.u.i.k.j.r.KeYCrossReferenceNameInfo Datatype java.lang.System declared twice: Once in FILE:/home/runner/work/key/key/key.core/../key.ui/examples/standard_key/java_dl/classpath/System.java and once in URL:file:/home/runner/work/key/key/key.core/build/resources/main/de/uka/ilkd/key/java/JavaRedux/java/lang/System.java, Keeping one from URL:file:/home/runner/work/key/key/key.core/build/resources/main/de/uka/ilkd/key/java/JavaRedux/java/lang/System.java 
81845      WARN  main            d.u.i.k.j.r.KeYCrossReferenceNameInfo Datatype java.io.PrintStream declared twice: Once in FILE:/home/runner/work/key/key/key.core/../key.ui/examples/standard_key/java_dl/classpath/PrintStream.java and once in URL:file:/home/runner/work/key/key/key.core/build/resources/main/de/uka/ilkd/key/java/JavaRedux/java/io/PrintStream.java, Keeping one from URL:file:/home/runner/work/key/key/key.core/build/resources/main/de/uka/ilkd/key/java/JavaRedux/java/io/PrintStream.java 
81852      DEBUG main            d.u.i.k.j.r.ClassFileDeclarationBuilder Parsing: package java.io; public class Closeable { } 
81852      DEBUG main            r.s.KeYCrossReferenceSourceInfo Dynamically created class: java.io.Closeable 
84257      DEBUG main            d.u.i.k.p.i.AbstractProblemLoader Init config took 2.44s 
84274      INFO  main            d.u.i.k.p.i.AbstractProblemLoader Replaying proof continue1.key 
84277      DEBUG main            d.u.i.k.p.i.IntermediateProofReplayer Proof replay took 7ns 
84394      INFO  main            d.u.i.k.p.r.p.TestFile    ... finished proof: closed. 
84621      INFO  main            d.u.i.k.p.i.AbstractProblemLoader Loading environment from /home/runner/work/key/key/key.core/../key.ui/examples/standard_key/java_dl/continue1.key.proof 
84622      DEBUG main            d.u.i.k.p.i.AbstractProblemLoader Environment load took 180.2ns 
84623      INFO  main            d.u.i.k.p.i.AbstractProblemLoader Creating init config 
84646      WARN  main            d.u.i.k.j.r.KeYCrossReferenceNameInfo Datatype java.io.InputStream declared twice: Once in FILE:/home/runner/work/key/key/key.core/../key.ui/examples/standard_key/java_dl/classpath/InputStream.java and once in URL:file:/home/runner/work/key/key/key.core/build/resources/main/de/uka/ilkd/key/java/JavaRedux/java/io/InputStream.java, Keeping one from URL:file:/home/runner/work/key/key/key.core/build/resources/main/de/uka/ilkd/key/java/JavaRedux/java/io/InputStream.java 
84646      WARN  main            d.u.i.k.j.r.KeYCrossReferenceNameInfo Datatype java.lang.System declared twice: Once in FILE:/home/runner/work/key/key/key.core/../key.ui/examples/standard_key/java_dl/classpath/System.java and once in URL:file:/home/runner/work/key/key/key.core/build/resources/main/de/uka/ilkd/key/java/JavaRedux/java/lang/System.java, Keeping one from URL:file:/home/runner/work/key/key/key.core/build/resources/main/de/uka/ilkd/key/java/JavaRedux/java/lang/System.java 
84647      WARN  main            d.u.i.k.j.r.KeYCrossReferenceNameInfo Datatype java.io.PrintStream declared twice: Once in FILE:/home/runner/work/key/key/key.core/../key.ui/examples/standard_key/java_dl/classpath/PrintStream.java and once in URL:file:/home/runner/work/key/key/key.core/build/resources/main/de/uka/ilkd/key/java/JavaRedux/java/io/PrintStream.java, Keeping one from URL:file:/home/runner/work/key/key/key.core/build/resources/main/de/uka/ilkd/key/java/JavaRedux/java/io/PrintStream.java 
84649      DEBUG main            d.u.i.k.j.r.ClassFileDeclarationBuilder Parsing: package java.io; public class Closeable { } 
84650      DEBUG main            r.s.KeYCrossReferenceSourceInfo Dynamically created class: java.io.Closeable 
86934      DEBUG main            d.u.i.k.p.i.AbstractProblemLoader Init config took 2.31s 
86949      INFO  main            d.u.i.k.p.i.AbstractProblemLoader Replaying proof continue1.key.proof 
86972      DEBUG main            d.u.i.k.p.i.IntermediateProofReplayer Proof replay took 19.88ms 
86973      DEBUG main            d.u.i.k.p.r.p.TestFile    ... success: reloaded. 
86975      INFO  main            d.u.i.k.p.r.p.TestFile    Now processing file /home/runner/work/key/key/key.core/../key.ui/examples/standard_key/java_dl/continue2.key 
86975      INFO  main            d.u.i.k.p.i.AbstractProblemLoader Loading environment from /home/runner/work/key/key/key.core/../key.ui/examples/standard_key/java_dl/continue2.key 
86975      DEBUG main            d.u.i.k.p.i.AbstractProblemLoader Environment load took 216.5ns 
86976      INFO  main            d.u.i.k.p.i.AbstractProblemLoader Creating init config 
86998      WARN  main            d.u.i.k.j.r.KeYCrossReferenceNameInfo Datatype java.io.InputStream declared twice: Once in FILE:/home/runner/work/key/key/key.core/../key.ui/examples/standard_key/java_dl/classpath/InputStream.java and once in URL:file:/home/runner/work/key/key/key.core/build/resources/main/de/uka/ilkd/key/java/JavaRedux/java/io/InputStream.java, Keeping one from URL:file:/home/runner/work/key/key/key.core/build/resources/main/de/uka/ilkd/key/java/JavaRedux/java/io/InputStream.java 
86999      WARN  main            d.u.i.k.j.r.KeYCrossReferenceNameInfo Datatype java.lang.System declared twice: Once in FILE:/home/runner/work/key/key/key.core/../key.ui/examples/standard_key/java_dl/classpath/System.java and once in URL:file:/home/runner/work/key/key/key.core/build/resources/main/de/uka/ilkd/key/java/JavaRedux/java/lang/System.java, Keeping one from URL:file:/home/runner/work/key/key/key.core/build/resources/main/de/uka/ilkd/key/java/JavaRedux/java/lang/System.java 
86999      WARN  main            d.u.i.k.j.r.KeYCrossReferenceNameInfo Datatype java.io.PrintStream declared twice: Once in FILE:/home/runner/work/key/key/key.core/../key.ui/examples/standard_key/java_dl/classpath/PrintStream.java and once in URL:file:/home/runner/work/key/key/key.core/build/resources/main/de/uka/ilkd/key/java/JavaRedux/java/io/PrintStream.java, Keeping one from URL:file:/home/runner/work/key/key/key.core/build/resources/main/de/uka/ilkd/key/java/JavaRedux/java/io/PrintStream.java 
87002      DEBUG main            d.u.i.k.j.r.ClassFileDeclarationBuilder Parsing: package java.io; public class Closeable { } 
87002      DEBUG main            r.s.KeYCrossReferenceSourceInfo Dynamically created class: java.io.Closeable 
89340      DEBUG main            d.u.i.k.p.i.AbstractProblemLoader Init config took 2.36s 
89355      INFO  main            d.u.i.k.p.i.AbstractProblemLoader Replaying proof continue2.key 
89357      DEBUG main            d.u.i.k.p.i.IntermediateProofReplayer Proof replay took 7.4ns 
89560      INFO  main            d.u.i.k.p.r.p.TestFile    ... finished proof: closed. 
89818      INFO  main            d.u.i.k.p.i.AbstractProblemLoader Loading environment from /home/runner/work/key/key/key.core/../key.ui/examples/standard_key/java_dl/continue2.key.proof 
89818      DEBUG main            d.u.i.k.p.i.AbstractProblemLoader Environment load took 133.2ns 
89819      INFO  main            d.u.i.k.p.i.AbstractProblemLoader Creating init config 
89841      WARN  main            d.u.i.k.j.r.KeYCrossReferenceNameInfo Datatype java.io.InputStream declared twice: Once in FILE:/home/runner/work/key/key/key.core/../key.ui/examples/standard_key/java_dl/classpath/InputStream.java and once in URL:file:/home/runner/work/key/key/key.core/build/resources/main/de/uka/ilkd/key/java/JavaRedux/java/io/InputStream.java, Keeping one from URL:file:/home/runner/work/key/key/key.core/build/resources/main/de/uka/ilkd/key/java/JavaRedux/java/io/InputStream.java 
89841      WARN  main            d.u.i.k.j.r.KeYCrossReferenceNameInfo Datatype java.lang.System declared twice: Once in FILE:/home/runner/work/key/key/key.core/../key.ui/examples/standard_key/java_dl/classpath/System.java and once in URL:file:/home/runner/work/key/key/key.core/build/resources/main/de/uka/ilkd/key/java/JavaRedux/java/lang/System.java, Keeping one from URL:file:/home/runner/work/key/key/key.core/build/resources/main/de/uka/ilkd/key/java/JavaRedux/java/lang/System.java 
89842      WARN  main            d.u.i.k.j.r.KeYCrossReferenceNameInfo Datatype java.io.PrintStream declared twice: Once in FILE:/home/runner/work/key/key/key.core/../key.ui/examples/standard_key/java_dl/classpath/PrintStream.java and once in URL:file:/home/runner/work/key/key/key.core/build/resources/main/de/uka/ilkd/key/java/JavaRedux/java/io/PrintStream.java, Keeping one from URL:file:/home/runner/work/key/key/key.core/build/resources/main/de/uka/ilkd/key/java/JavaRedux/java/io/PrintStream.java 
89845      DEBUG main            d.u.i.k.j.r.ClassFileDeclarationBuilder Parsing: package java.io; public class Closeable { } 
89845      DEBUG main            r.s.KeYCrossReferenceSourceInfo Dynamically created class: java.io.Closeable 
92116      DEBUG main            d.u.i.k.p.i.AbstractProblemLoader Init config took 2.3s 
92131      INFO  main            d.u.i.k.p.i.AbstractProblemLoader Replaying proof continue2.key.proof 
92219      DEBUG main            d.u.i.k.p.i.IntermediateProofReplayer Proof replay took 84.69ms 
92220      DEBUG main            d.u.i.k.p.r.p.TestFile    ... success: reloaded. 
92222      INFO  main            d.u.i.k.p.r.p.TestFile    Now processing file /home/runner/work/key/key/key.core/../key.ui/examples/standard_key/java_dl/complexAssignment.key 
92222      INFO  main            d.u.i.k.p.i.AbstractProblemLoader Loading environment from /home/runner/work/key/key/key.core/../key.ui/examples/standard_key/java_dl/complexAssignment.key 
92222      DEBUG main            d.u.i.k.p.i.AbstractProblemLoader Environment load took 206.7ns 
92223      INFO  main            d.u.i.k.p.i.AbstractProblemLoader Creating init config 
94556      DEBUG main            d.u.i.k.p.i.AbstractProblemLoader Init config took 2.33s 
94571      INFO  main            d.u.i.k.p.i.AbstractProblemLoader Replaying proof complexAssignment.key 
94572      DEBUG main            d.u.i.k.p.i.IntermediateProofReplayer Proof replay took 19.5ns 
94678      INFO  main            d.u.i.k.p.r.p.TestFile    ... finished proof: closed. 
94930      INFO  main            d.u.i.k.p.i.AbstractProblemLoader Loading environment from /home/runner/work/key/key/key.core/../key.ui/examples/standard_key/java_dl/complexAssignment.key.proof 
94930      DEBUG main            d.u.i.k.p.i.AbstractProblemLoader Environment load took 121.7ns 
94931      INFO  main            d.u.i.k.p.i.AbstractProblemLoader Creating init config 
97165      DEBUG main            d.u.i.k.p.i.AbstractProblemLoader Init config took 2.23s 
97181      INFO  main            d.u.i.k.p.i.AbstractProblemLoader Replaying proof complexAssignment.key.proof 
97190      DEBUG main            d.u.i.k.p.i.IntermediateProofReplayer Proof replay took 6.49ms 
97191      DEBUG main            d.u.i.k.p.r.p.TestFile    ... success: reloaded. 
97191      INFO  main            d.u.i.k.p.r.p.TestFile    Now processing file /home/runner/work/key/key/key.core/../key.ui/examples/standard_key/java_dl/danglingElseSolution1.key 
97191      INFO  main            d.u.i.k.p.i.AbstractProblemLoader Loading environment from /home/runner/work/key/key/key.core/../key.ui/examples/standard_key/java_dl/danglingElseSolution1.key 
97192      DEBUG main            d.u.i.k.p.i.AbstractProblemLoader Environment load took 88.8ns 
97192      INFO  main            d.u.i.k.p.i.AbstractProblemLoader Creating init config 
99532      DEBUG main            d.u.i.k.p.i.AbstractProblemLoader Init config took 2.34s 
99547      INFO  main            d.u.i.k.p.i.AbstractProblemLoader Replaying proof danglingElseSolution1.key 
99549      DEBUG main            d.u.i.k.p.i.IntermediateProofReplayer Proof replay took 9.7ns 
99652      INFO  main            d.u.i.k.p.r.p.TestFile    ... finished proof: closed. 
99912      INFO  main            d.u.i.k.p.i.AbstractProblemLoader Loading environment from /home/runner/work/key/key/key.core/../key.ui/examples/standard_key/java_dl/danglingElseSolution1.key.proof 
99912      DEBUG main            d.u.i.k.p.i.AbstractProblemLoader Environment load took 131.7ns 
99914      INFO  main            d.u.i.k.p.i.AbstractProblemLoader Creating init config 
102152     DEBUG main            d.u.i.k.p.i.AbstractProblemLoader Init config took 2.24s 
102167     INFO  main            d.u.i.k.p.i.AbstractProblemLoader Replaying proof danglingElseSolution1.key.proof 
102178     DEBUG main            d.u.i.k.p.i.IntermediateProofReplayer Proof replay took 8.85ms 
102179     DEBUG main            d.u.i.k.p.r.p.TestFile    ... success: reloaded. 
102180     INFO  main            d.u.i.k.p.r.p.TestFile    Now processing file /home/runner/work/key/key/key.core/../key.ui/examples/standard_key/java_dl/danglingElseSolution2.key 
102180     INFO  main            d.u.i.k.p.i.AbstractProblemLoader Loading environment from /home/runner/work/key/key/key.core/../key.ui/examples/standard_key/java_dl/danglingElseSolution2.key 
102180     DEBUG main            d.u.i.k.p.i.AbstractProblemLoader Environment load took 94.9ns 
102181     INFO  main            d.u.i.k.p.i.AbstractProblemLoader Creating init config 
104494     DEBUG main            d.u.i.k.p.i.AbstractProblemLoader Init config took 2.31s 
104527     INFO  main            d.u.i.k.p.i.AbstractProblemLoader Replaying proof danglingElseSolution2.key 
104537     DEBUG main            d.u.i.k.p.i.IntermediateProofReplayer Proof replay took 9.4ns 
104654     INFO  main            d.u.i.k.p.r.p.TestFile    ... finished proof: closed. 
104928     INFO  main            d.u.i.k.p.i.AbstractProblemLoader Loading environment from /home/runner/work/key/key/key.core/../key.ui/examples/standard_key/java_dl/danglingElseSolution2.key.proof 
104928     DEBUG main            d.u.i.k.p.i.AbstractProblemLoader Environment load took 134.5ns 
104930     INFO  main            d.u.i.k.p.i.AbstractProblemLoader Creating init config 
107177     DEBUG main            d.u.i.k.p.i.AbstractProblemLoader Init config took 2.25s 
107193     INFO  main            d.u.i.k.p.i.AbstractProblemLoader Replaying proof danglingElseSolution2.key.proof 
107210     DEBUG main            d.u.i.k.p.i.IntermediateProofReplayer Proof replay took 13.78ms 
107212     DEBUG main            d.u.i.k.p.r.p.TestFile    ... success: reloaded. 
107213     INFO  main            d.u.i.k.p.r.p.TestFile    Now processing file /home/runner/work/key/key/key.core/../key.ui/examples/standard_key/java_dl/deepNonNull/deepNonNull0.key 
107213     INFO  main            d.u.i.k.p.i.AbstractProblemLoader Loading environment from /home/runner/work/key/key/key.core/../key.ui/examples/standard_key/java_dl/deepNonNull/deepNonNull0.key 
107213     DEBUG main            d.u.i.k.p.i.AbstractProblemLoader Environment load took 94.9ns 
107214     INFO  main            d.u.i.k.p.i.AbstractProblemLoader Creating init config 
109578     DEBUG main            d.u.i.k.p.i.AbstractProblemLoader Init config took 2.36s 
109618     INFO  main            d.u.i.k.p.i.AbstractProblemLoader Replaying proof Arrays[Arrays::get()].JML operation contract.0 
109619     DEBUG main            d.u.i.k.p.i.IntermediateProofReplayer Proof replay took 8.1ns 
109822     INFO  main            d.u.i.k.p.r.p.TestFile    ... finished proof: closed. 
110097     INFO  main            d.u.i.k.p.i.AbstractProblemLoader Loading environment from /home/runner/work/key/key/key.core/../key.ui/examples/standard_key/java_dl/deepNonNull/deepNonNull0.key.proof 
110097     DEBUG main            d.u.i.k.p.i.AbstractProblemLoader Environment load took 139.4ns 
110098     INFO  main            d.u.i.k.p.i.AbstractProblemLoader Creating init config 
112418     DEBUG main            d.u.i.k.p.i.AbstractProblemLoader Init config took 2.32s 
112456     INFO  main            d.u.i.k.p.i.AbstractProblemLoader Replaying proof Arrays[Arrays::get()].JML operation contract.0 
112487     DEBUG main            d.u.i.k.p.i.IntermediateProofReplayer Proof replay took 28.71ms 
112488     DEBUG main            d.u.i.k.p.r.p.TestFile    ... success: reloaded. 
112489     INFO  main            d.u.i.k.p.r.p.TestFile    Now processing file /home/runner/work/key/key/key.core/../key.ui/examples/standard_key/java_dl/deepNonNull/deepNonNull1.key 
112489     INFO  main            d.u.i.k.p.i.AbstractProblemLoader Loading environment from /home/runner/work/key/key/key.core/../key.ui/examples/standard_key/java_dl/deepNonNull/deepNonNull1.key 
112489     DEBUG main            d.u.i.k.p.i.AbstractProblemLoader Environment load took 94.4ns 
112490     INFO  main            d.u.i.k.p.i.AbstractProblemLoader Creating init config 
114869     DEBUG main            d.u.i.k.p.i.AbstractProblemLoader Init config took 2.38s 
114906     INFO  main            d.u.i.k.p.i.AbstractProblemLoader Replaying proof Arrays[Arrays::head()].JML operation contract.0 
114907     DEBUG main            d.u.i.k.p.i.IntermediateProofReplayer Proof replay took 8.2ns 
115110     INFO  main            d.u.i.k.p.r.p.TestFile    ... finished proof: closed. 
115383     INFO  main            d.u.i.k.p.i.AbstractProblemLoader Loading environment from /home/runner/work/key/key/key.core/../key.ui/examples/standard_key/java_dl/deepNonNull/deepNonNull1.key.proof 
115383     DEBUG main            d.u.i.k.p.i.AbstractProblemLoader Environment load took 119.5ns 
115385     INFO  main            d.u.i.k.p.i.AbstractProblemLoader Creating init config 
117704     DEBUG main            d.u.i.k.p.i.AbstractProblemLoader Init config took 2.32s 
117740     INFO  main            d.u.i.k.p.i.AbstractProblemLoader Replaying proof Arrays[Arrays::head()].JML operation contract.0 
117769     DEBUG main            d.u.i.k.p.i.IntermediateProofReplayer Proof replay took 26.13ms 
117770     DEBUG main            d.u.i.k.p.r.p.TestFile    ... success: reloaded. 
117770     INFO  main            d.u.i.k.p.r.p.TestFile    Now processing file /home/runner/work/key/key/key.core/../key.ui/examples/standard_key/java_dl/deepNonNull/deepNonNull2.key 
117770     INFO  main            d.u.i.k.p.i.AbstractProblemLoader Loading environment from /home/runner/work/key/key/key.core/../key.ui/examples/standard_key/java_dl/deepNonNull/deepNonNull2.key 
117771     DEBUG main            d.u.i.k.p.i.AbstractProblemLoader Environment load took 88.6ns 
117773     INFO  main            d.u.i.k.p.i.AbstractProblemLoader Creating init config 
120116     DEBUG main            d.u.i.k.p.i.AbstractProblemLoader Init config took 2.34s 
120153     INFO  main            d.u.i.k.p.i.AbstractProblemLoader Replaying proof Arrays[Arrays::unprovable(java.lang.Object)].JML operation contract.0 
120154     DEBUG main            d.u.i.k.p.i.IntermediateProofReplayer Proof replay took 9.5ns 
120258     INFO  main            d.u.i.k.p.r.p.TestFile    ... finished proof: open goal(s) 
120534     INFO  main            d.u.i.k.p.r.p.TestFile    Now processing file /home/runner/work/key/key/key.core/../key.ui/examples/standard_key/java_dl/deepNonNull/deepNonNull3.key 
120534     INFO  main            d.u.i.k.p.i.AbstractProblemLoader Loading environment from /home/runner/work/key/key/key.core/../key.ui/examples/standard_key/java_dl/deepNonNull/deepNonNull3.key 
120534     DEBUG main            d.u.i.k.p.i.AbstractProblemLoader Environment load took 70.7ns 
120535     INFO  main            d.u.i.k.p.i.AbstractProblemLoader Creating init config 
122839     DEBUG main            d.u.i.k.p.i.AbstractProblemLoader Init config took 2.3s 
122875     INFO  main            d.u.i.k.p.i.AbstractProblemLoader Replaying proof Arrays[Arrays::head([[[[Ljava.lang.Object)].JML operation contract.0 
122877     DEBUG main            d.u.i.k.p.i.IntermediateProofReplayer Proof replay took 8.5ns 
123788     INFO  main            d.u.i.k.p.r.p.TestFile    ... finished proof: closed. 
124076     INFO  main            d.u.i.k.p.i.AbstractProblemLoader Loading environment from /home/runner/work/key/key/key.core/../key.ui/examples/standard_key/java_dl/deepNonNull/deepNonNull3.key.proof 
124076     DEBUG main            d.u.i.k.p.i.AbstractProblemLoader Environment load took 154ns 
124077     INFO  main            d.u.i.k.p.i.AbstractProblemLoader Creating init config 
126374     DEBUG main            d.u.i.k.p.i.AbstractProblemLoader Init config took 2.3s 
126410     INFO  main            d.u.i.k.p.i.AbstractProblemLoader Replaying proof Arrays[Arrays::head([[[[Ljava.lang.Object)].JML operation contract.0 
126530     DEBUG main            d.u.i.k.p.i.IntermediateProofReplayer Proof replay took 114.65ms 
126531     DEBUG main            d.u.i.k.p.r.p.TestFile    ... success: reloaded. 
126532     INFO  main            d.u.i.k.p.r.p.TestFile    Now processing file /home/runner/work/key/key/key.core/../key.ui/examples/standard_key/java_dl/exceptions.key 
126532     INFO  main            d.u.i.k.p.i.AbstractProblemLoader Loading environment from /home/runner/work/key/key/key.core/../key.ui/examples/standard_key/java_dl/exceptions.key 
126532     DEBUG main            d.u.i.k.p.i.AbstractProblemLoader Environment load took 70.1ns 
126533     INFO  main            d.u.i.k.p.i.AbstractProblemLoader Creating init config 
126555     WARN  main            d.u.i.k.j.r.KeYCrossReferenceNameInfo Datatype java.io.InputStream declared twice: Once in FILE:/home/runner/work/key/key/key.core/../key.ui/examples/standard_key/java_dl/classpath/InputStream.java and once in URL:file:/home/runner/work/key/key/key.core/build/resources/main/de/uka/ilkd/key/java/JavaRedux/java/io/InputStream.java, Keeping one from URL:file:/home/runner/work/key/key/key.core/build/resources/main/de/uka/ilkd/key/java/JavaRedux/java/io/InputStream.java 
126555     WARN  main            d.u.i.k.j.r.KeYCrossReferenceNameInfo Datatype java.lang.System declared twice: Once in FILE:/home/runner/work/key/key/key.core/../key.ui/examples/standard_key/java_dl/classpath/System.java and once in URL:file:/home/runner/work/key/key/key.core/build/resources/main/de/uka/ilkd/key/java/JavaRedux/java/lang/System.java, Keeping one from URL:file:/home/runner/work/key/key/key.core/build/resources/main/de/uka/ilkd/key/java/JavaRedux/java/lang/System.java 
126555     WARN  main            d.u.i.k.j.r.KeYCrossReferenceNameInfo Datatype java.io.PrintStream declared twice: Once in FILE:/home/runner/work/key/key/key.core/../key.ui/examples/standard_key/java_dl/classpath/PrintStream.java and once in URL:file:/home/runner/work/key/key/key.core/build/resources/main/de/uka/ilkd/key/java/JavaRedux/java/io/PrintStream.java, Keeping one from URL:file:/home/runner/work/key/key/key.core/build/resources/main/de/uka/ilkd/key/java/JavaRedux/java/io/PrintStream.java 
126558     DEBUG main            d.u.i.k.j.r.ClassFileDeclarationBuilder Parsing: package java.io; public class Closeable { } 
126559     DEBUG main            r.s.KeYCrossReferenceSourceInfo Dynamically created class: java.io.Closeable 
128966     DEBUG main            d.u.i.k.p.i.AbstractProblemLoader Init config took 2.43s 
128981     INFO  main            d.u.i.k.p.i.AbstractProblemLoader Replaying proof exceptions.key 
128982     DEBUG main            d.u.i.k.p.i.IntermediateProofReplayer Proof replay took 8.6ns 
129184     INFO  main            d.u.i.k.p.r.p.TestFile    ... finished proof: closed. 
129505     INFO  main            d.u.i.k.p.i.AbstractProblemLoader Loading environment from /home/runner/work/key/key/key.core/../key.ui/examples/standard_key/java_dl/exceptions.key.proof 
129505     DEBUG main            d.u.i.k.p.i.AbstractProblemLoader Environment load took 111.6ns 
129506     INFO  main            d.u.i.k.p.i.AbstractProblemLoader Creating init config 
129528     WARN  main            d.u.i.k.j.r.KeYCrossReferenceNameInfo Datatype java.io.InputStream declared twice: Once in FILE:/home/runner/work/key/key/key.core/../key.ui/examples/standard_key/java_dl/classpath/InputStream.java and once in URL:file:/home/runner/work/key/key/key.core/build/resources/main/de/uka/ilkd/key/java/JavaRedux/java/io/InputStream.java, Keeping one from URL:file:/home/runner/work/key/key/key.core/build/resources/main/de/uka/ilkd/key/java/JavaRedux/java/io/InputStream.java 
129528     WARN  main            d.u.i.k.j.r.KeYCrossReferenceNameInfo Datatype java.lang.System declared twice: Once in FILE:/home/runner/work/key/key/key.core/../key.ui/examples/standard_key/java_dl/classpath/System.java and once in URL:file:/home/runner/work/key/key/key.core/build/resources/main/de/uka/ilkd/key/java/JavaRedux/java/lang/System.java, Keeping one from URL:file:/home/runner/work/key/key/key.core/build/resources/main/de/uka/ilkd/key/java/JavaRedux/java/lang/System.java 
129528     WARN  main            d.u.i.k.j.r.KeYCrossReferenceNameInfo Datatype java.io.PrintStream declared twice: Once in FILE:/home/runner/work/key/key/key.core/../key.ui/examples/standard_key/java_dl/classpath/PrintStream.java and once in URL:file:/home/runner/work/key/key/key.core/build/resources/main/de/uka/ilkd/key/java/JavaRedux/java/io/PrintStream.java, Keeping one from URL:file:/home/runner/work/key/key/key.core/build/resources/main/de/uka/ilkd/key/java/JavaRedux/java/io/PrintStream.java 
129531     DEBUG main            d.u.i.k.j.r.ClassFileDeclarationBuilder Parsing: package java.io; public class Closeable { } 
129531     DEBUG main            r.s.KeYCrossReferenceSourceInfo Dynamically created class: java.io.Closeable 
131810     DEBUG main            d.u.i.k.p.i.AbstractProblemLoader Init config took 2.3s 
131826     INFO  main            d.u.i.k.p.i.AbstractProblemLoader Replaying proof exceptions.key.proof 
131875     DEBUG main            d.u.i.k.p.i.IntermediateProofReplayer Proof replay took 46.84ms 
131877     DEBUG main            d.u.i.k.p.r.p.TestFile    ... success: reloaded. 
131878     INFO  main            d.u.i.k.p.r.p.TestFile    Now processing file /home/runner/work/key/key/key.core/../key.ui/examples/standard_key/java_dl/exceptions1.key 
131878     INFO  main            d.u.i.k.p.i.AbstractProblemLoader Loading environment from /home/runner/work/key/key/key.core/../key.ui/examples/standard_key/java_dl/exceptions1.key 
131878     DEBUG main            d.u.i.k.p.i.AbstractProblemLoader Environment load took 223.6ns 
131880     INFO  main            d.u.i.k.p.i.AbstractProblemLoader Creating init config 
134167     DEBUG main            d.u.i.k.p.i.AbstractProblemLoader Init config took 2.29s 
134187     INFO  main            d.u.i.k.p.i.AbstractProblemLoader Replaying proof exceptions1.key 
134190     DEBUG main            d.u.i.k.p.i.IntermediateProofReplayer Proof replay took 8.1ns 
134393     INFO  main            d.u.i.k.p.r.p.TestFile    ... finished proof: closed. 
134695     INFO  main            d.u.i.k.p.i.AbstractProblemLoader Loading environment from /home/runner/work/key/key/key.core/../key.ui/examples/standard_key/java_dl/exceptions1.key.proof 
134695     DEBUG main            d.u.i.k.p.i.AbstractProblemLoader Environment load took 121.7ns 
134696     INFO  main            d.u.i.k.p.i.AbstractProblemLoader Creating init config 
136919     DEBUG main            d.u.i.k.p.i.AbstractProblemLoader Init config took 2.22s 
136934     INFO  main            d.u.i.k.p.i.AbstractProblemLoader Replaying proof exceptions1.key.proof 
136964     DEBUG main            d.u.i.k.p.i.IntermediateProofReplayer Proof replay took 27.1ms 
136965     DEBUG main            d.u.i.k.p.r.p.TestFile    ... success: reloaded. 
136966     INFO  main            d.u.i.k.p.r.p.TestFile    Now processing file /home/runner/work/key/key/key.core/../key.ui/examples/standard_key/java_dl/exceptions2.key 
136967     INFO  main            d.u.i.k.p.i.AbstractProblemLoader Loading environment from /home/runner/work/key/key/key.core/../key.ui/examples/standard_key/java_dl/exceptions2.key 
136967     DEBUG main            d.u.i.k.p.i.AbstractProblemLoader Environment load took 175.5ns 
136968     INFO  main            d.u.i.k.p.i.AbstractProblemLoader Creating init config 
139238     DEBUG main            d.u.i.k.p.i.AbstractProblemLoader Init config took 2.27s 
139253     INFO  main            d.u.i.k.p.i.AbstractProblemLoader Replaying proof exceptions2.key 
139255     DEBUG main            d.u.i.k.p.i.IntermediateProofReplayer Proof replay took 7.2ns 
139358     INFO  main            d.u.i.k.p.r.p.TestFile    ... finished proof: closed. 
139647     INFO  main            d.u.i.k.p.i.AbstractProblemLoader Loading environment from /home/runner/work/key/key/key.core/../key.ui/examples/standard_key/java_dl/exceptions2.key.proof 
139647     DEBUG main            d.u.i.k.p.i.AbstractProblemLoader Environment load took 111.4ns 
139649     INFO  main            d.u.i.k.p.i.AbstractProblemLoader Creating init config 
141877     DEBUG main            d.u.i.k.p.i.AbstractProblemLoader Init config took 2.23s 
141892     INFO  main            d.u.i.k.p.i.AbstractProblemLoader Replaying proof exceptions2.key.proof 
141949     DEBUG main            d.u.i.k.p.i.IntermediateProofReplayer Proof replay took 46.15ms 
141950     DEBUG main            d.u.i.k.p.r.p.TestFile    ... success: reloaded. 
141951     INFO  main            d.u.i.k.p.r.p.TestFile    Now processing file /home/runner/work/key/key/key.core/../key.ui/examples/standard_key/java_dl/exceptions3.key 
141951     INFO  main            d.u.i.k.p.i.AbstractProblemLoader Loading environment from /home/runner/work/key/key/key.core/../key.ui/examples/standard_key/java_dl/exceptions3.key 
141952     DEBUG main            d.u.i.k.p.i.AbstractProblemLoader Environment load took 236.5ns 
141953     INFO  main            d.u.i.k.p.i.AbstractProblemLoader Creating init config 
141975     WARN  main            d.u.i.k.j.r.KeYCrossReferenceNameInfo Datatype java.io.InputStream declared twice: Once in FILE:/home/runner/work/key/key/key.core/../key.ui/examples/standard_key/java_dl/classpath/InputStream.java and once in URL:file:/home/runner/work/key/key/key.core/build/resources/main/de/uka/ilkd/key/java/JavaRedux/java/io/InputStream.java, Keeping one from URL:file:/home/runner/work/key/key/key.core/build/resources/main/de/uka/ilkd/key/java/JavaRedux/java/io/InputStream.java 
141976     WARN  main            d.u.i.k.j.r.KeYCrossReferenceNameInfo Datatype java.lang.System declared twice: Once in FILE:/home/runner/work/key/key/key.core/../key.ui/examples/standard_key/java_dl/classpath/System.java and once in URL:file:/home/runner/work/key/key/key.core/build/resources/main/de/uka/ilkd/key/java/JavaRedux/java/lang/System.java, Keeping one from URL:file:/home/runner/work/key/key/key.core/build/resources/main/de/uka/ilkd/key/java/JavaRedux/java/lang/System.java 
141976     WARN  main            d.u.i.k.j.r.KeYCrossReferenceNameInfo Datatype java.io.PrintStream declared twice: Once in FILE:/home/runner/work/key/key/key.core/../key.ui/examples/standard_key/java_dl/classpath/PrintStream.java and once in URL:file:/home/runner/work/key/key/key.core/build/resources/main/de/uka/ilkd/key/java/JavaRedux/java/io/PrintStream.java, Keeping one from URL:file:/home/runner/work/key/key/key.core/build/resources/main/de/uka/ilkd/key/java/JavaRedux/java/io/PrintStream.java 
141979     DEBUG main            d.u.i.k.j.r.ClassFileDeclarationBuilder Parsing: package java.io; public class Closeable { } 
141979     DEBUG main            r.s.KeYCrossReferenceSourceInfo Dynamically created class: java.io.Closeable 
144291     DEBUG main            d.u.i.k.p.i.AbstractProblemLoader Init config took 2.34s 
144315     INFO  main            d.u.i.k.p.i.AbstractProblemLoader Replaying proof exceptions3.key 
144318     DEBUG main            d.u.i.k.p.i.IntermediateProofReplayer Proof replay took 8.5ns 
144421     INFO  main            d.u.i.k.p.r.p.TestFile    ... finished proof: closed. 
144729     INFO  main            d.u.i.k.p.i.AbstractProblemLoader Loading environment from /home/runner/work/key/key/key.core/../key.ui/examples/standard_key/java_dl/exceptions3.key.proof 
144729     DEBUG main            d.u.i.k.p.i.AbstractProblemLoader Environment load took 105.5ns 
144730     INFO  main            d.u.i.k.p.i.AbstractProblemLoader Creating init config 
144753     WARN  main            d.u.i.k.j.r.KeYCrossReferenceNameInfo Datatype java.io.InputStream declared twice: Once in FILE:/home/runner/work/key/key/key.core/../key.ui/examples/standard_key/java_dl/classpath/InputStream.java and once in URL:file:/home/runner/work/key/key/key.core/build/resources/main/de/uka/ilkd/key/java/JavaRedux/java/io/InputStream.java, Keeping one from URL:file:/home/runner/work/key/key/key.core/build/resources/main/de/uka/ilkd/key/java/JavaRedux/java/io/InputStream.java 
144753     WARN  main            d.u.i.k.j.r.KeYCrossReferenceNameInfo Datatype java.lang.System declared twice: Once in FILE:/home/runner/work/key/key/key.core/../key.ui/examples/standard_key/java_dl/classpath/System.java and once in URL:file:/home/runner/work/key/key/key.core/build/resources/main/de/uka/ilkd/key/java/JavaRedux/java/lang/System.java, Keeping one from URL:file:/home/runner/work/key/key/key.core/build/resources/main/de/uka/ilkd/key/java/JavaRedux/java/lang/System.java 
144753     WARN  main            d.u.i.k.j.r.KeYCrossReferenceNameInfo Datatype java.io.PrintStream declared twice: Once in FILE:/home/runner/work/key/key/key.core/../key.ui/examples/standard_key/java_dl/classpath/PrintStream.java and once in URL:file:/home/runner/work/key/key/key.core/build/resources/main/de/uka/ilkd/key/java/JavaRedux/java/io/PrintStream.java, Keeping one from URL:file:/home/runner/work/key/key/key.core/build/resources/main/de/uka/ilkd/key/java/JavaRedux/java/io/PrintStream.java 
144756     DEBUG main            d.u.i.k.j.r.ClassFileDeclarationBuilder Parsing: package java.io; public class Closeable { } 
144756     DEBUG main            r.s.KeYCrossReferenceSourceInfo Dynamically created class: java.io.Closeable 
146988     DEBUG main            d.u.i.k.p.i.AbstractProblemLoader Init config took 2.26s 
147003     INFO  main            d.u.i.k.p.i.AbstractProblemLoader Replaying proof exceptions3.key.proof 
147009     DEBUG main            d.u.i.k.p.i.IntermediateProofReplayer Proof replay took 3.79ms 
147010     DEBUG main            d.u.i.k.p.r.p.TestFile    ... success: reloaded. 
147011     INFO  main            d.u.i.k.p.r.p.TestFile    Now processing file /home/runner/work/key/key/key.core/../key.ui/examples/standard_key/java_dl/exchange.key 
147011     INFO  main            d.u.i.k.p.i.AbstractProblemLoader Loading environment from /home/runner/work/key/key/key.core/../key.ui/examples/standard_key/java_dl/exchange.key 
147011     DEBUG main            d.u.i.k.p.i.AbstractProblemLoader Environment load took 168.3ns 
147013     INFO  main            d.u.i.k.p.i.AbstractProblemLoader Creating init config 
149287     DEBUG main            d.u.i.k.p.i.AbstractProblemLoader Init config took 2.27s 
149302     INFO  main            d.u.i.k.p.i.AbstractProblemLoader Replaying proof exchange.key 
149303     DEBUG main            d.u.i.k.p.i.IntermediateProofReplayer Proof replay took 8.7ns 
149405     INFO  main            d.u.i.k.p.r.p.TestFile    ... finished proof: closed. 
149710     INFO  main            d.u.i.k.p.i.AbstractProblemLoader Loading environment from /home/runner/work/key/key/key.core/../key.ui/examples/standard_key/java_dl/exchange.key.proof 
149710     DEBUG main            d.u.i.k.p.i.AbstractProblemLoader Environment load took 110.6ns 
149711     INFO  main            d.u.i.k.p.i.AbstractProblemLoader Creating init config 
151939     DEBUG main            d.u.i.k.p.i.AbstractProblemLoader Init config took 2.23s 
151965     INFO  main            d.u.i.k.p.i.AbstractProblemLoader Replaying proof exchange.key.proof 
151970     DEBUG main            d.u.i.k.p.i.IntermediateProofReplayer Proof replay took 3.06ms 
151971     DEBUG main            d.u.i.k.p.r.p.TestFile    ... success: reloaded. 
151972     INFO  main            d.u.i.k.p.r.p.TestFile    Now processing file /home/runner/work/key/key/key.core/../key.ui/examples/standard_key/java_dl/if.key 
151972     INFO  main            d.u.i.k.p.i.AbstractProblemLoader Loading environment from /home/runner/work/key/key/key.core/../key.ui/examples/standard_key/java_dl/if.key 
151972     DEBUG main            d.u.i.k.p.i.AbstractProblemLoader Environment load took 66.1ns 
151973     INFO  main            d.u.i.k.p.i.AbstractProblemLoader Creating init config 
154254     DEBUG main            d.u.i.k.p.i.AbstractProblemLoader Init config took 2.28s 
154270     INFO  main            d.u.i.k.p.i.AbstractProblemLoader Replaying proof if.key 
154272     DEBUG main            d.u.i.k.p.i.IntermediateProofReplayer Proof replay took 19.2ns 
154373     INFO  main            d.u.i.k.p.r.p.TestFile    ... finished proof: closed. 
154681     INFO  main            d.u.i.k.p.i.AbstractProblemLoader Loading environment from /home/runner/work/key/key/key.core/../key.ui/examples/standard_key/java_dl/if.key.proof 
154681     DEBUG main            d.u.i.k.p.i.AbstractProblemLoader Environment load took 105.2ns 
154682     INFO  main            d.u.i.k.p.i.AbstractProblemLoader Creating init config 
156907     DEBUG main            d.u.i.k.p.i.AbstractProblemLoader Init config took 2.22s 
156922     INFO  main            d.u.i.k.p.i.AbstractProblemLoader Replaying proof if.key.proof 
156926     DEBUG main            d.u.i.k.p.i.IntermediateProofReplayer Proof replay took 2.76ms 
156927     DEBUG main            d.u.i.k.p.r.p.TestFile    ... success: reloaded. 
156927     INFO  main            d.u.i.k.p.r.p.TestFile    Now processing file /home/runner/work/key/key/key.core/../key.ui/examples/standard_key/java_dl/incrementcounter.key 
156927     INFO  main            d.u.i.k.p.i.AbstractProblemLoader Loading environment from /home/runner/work/key/key/key.core/../key.ui/examples/standard_key/java_dl/incrementcounter.key 
156928     DEBUG main            d.u.i.k.p.i.AbstractProblemLoader Environment load took 78.8ns 
156929     INFO  main            d.u.i.k.p.i.AbstractProblemLoader Creating init config 
159195     DEBUG main            d.u.i.k.p.i.AbstractProblemLoader Init config took 2.27s 
159210     INFO  main            d.u.i.k.p.i.AbstractProblemLoader Replaying proof incrementcounter.key 
159211     DEBUG main            d.u.i.k.p.i.IntermediateProofReplayer Proof replay took 7ns 
159313     INFO  main            d.u.i.k.p.r.p.TestFile    ... finished proof: closed. 
159626     INFO  main            d.u.i.k.p.i.AbstractProblemLoader Loading environment from /home/runner/work/key/key/key.core/../key.ui/examples/standard_key/java_dl/incrementcounter.key.proof 
159626     DEBUG main            d.u.i.k.p.i.AbstractProblemLoader Environment load took 111.7ns 
159628     INFO  main            d.u.i.k.p.i.AbstractProblemLoader Creating init config 
161863     DEBUG main            d.u.i.k.p.i.AbstractProblemLoader Init config took 2.24s 
161878     INFO  main            d.u.i.k.p.i.AbstractProblemLoader Replaying proof incrementcounter.key.proof 
161885     DEBUG main            d.u.i.k.p.i.IntermediateProofReplayer Proof replay took 6.34ms 
161887     DEBUG main            d.u.i.k.p.r.p.TestFile    ... success: reloaded. 
161887     INFO  main            d.u.i.k.p.r.p.TestFile    Now processing file /home/runner/work/key/key/key.core/../key.ui/examples/standard_key/java_dl/danglingElse.key 
161887     INFO  main            d.u.i.k.p.i.AbstractProblemLoader Loading environment from /home/runner/work/key/key/key.core/../key.ui/examples/standard_key/java_dl/danglingElse.key 
161887     DEBUG main            d.u.i.k.p.i.AbstractProblemLoader Environment load took 67.1ns 
161891     INFO  main            d.u.i.k.p.i.AbstractProblemLoader Creating init config 
164166     DEBUG main            d.u.i.k.p.i.AbstractProblemLoader Init config took 2.28s 
164181     INFO  main            d.u.i.k.p.i.AbstractProblemLoader Replaying proof danglingElse.key 
164183     DEBUG main            d.u.i.k.p.i.IntermediateProofReplayer Proof replay took 8.8ns 
164286     INFO  main            d.u.i.k.p.r.p.TestFile    ... finished proof: open goal(s) 
164637     INFO  main            d.u.i.k.p.r.p.TestFile    Now processing file /home/runner/work/key/key/key.core/../key.ui/examples/standard_key/java_dl/iteratedAssignment.key 
164638     INFO  main            d.u.i.k.p.i.AbstractProblemLoader Loading environment from /home/runner/work/key/key/key.core/../key.ui/examples/standard_key/java_dl/iteratedAssignment.key 
164638     DEBUG main            d.u.i.k.p.i.AbstractProblemLoader Environment load took 63.8ns 
164639     INFO  main            d.u.i.k.p.i.AbstractProblemLoader Creating init config 
166865     DEBUG main            d.u.i.k.p.i.AbstractProblemLoader Init config took 2.23s 
166880     INFO  main            d.u.i.k.p.i.AbstractProblemLoader Replaying proof iteratedAssignment.key 
166882     DEBUG main            d.u.i.k.p.i.IntermediateProofReplayer Proof replay took 6.4ns 
167192     INFO  main            d.u.i.k.p.r.p.TestFile    ... finished proof: closed. 
167527     INFO  main            d.u.i.k.p.i.AbstractProblemLoader Loading environment from /home/runner/work/key/key/key.core/../key.ui/examples/standard_key/java_dl/iteratedAssignment.key.proof 
167527     DEBUG main            d.u.i.k.p.i.AbstractProblemLoader Environment load took 397.3ns 
167528     INFO  main            d.u.i.k.p.i.AbstractProblemLoader Creating init config 
169763     DEBUG main            d.u.i.k.p.i.AbstractProblemLoader Init config took 2.23s 
169779     INFO  main            d.u.i.k.p.i.AbstractProblemLoader Replaying proof iteratedAssignment.key.proof 
169845     DEBUG main            d.u.i.k.p.i.IntermediateProofReplayer Proof replay took 62.01ms 
169846     DEBUG main            d.u.i.k.p.r.p.TestFile    ... success: reloaded. 
169847     INFO  main            d.u.i.k.p.r.p.TestFile    Now processing file /home/runner/work/key/key/key.core/../key.ui/examples/standard_key/java_dl/assert/assert1.key 
169847     INFO  main            d.u.i.k.p.i.AbstractProblemLoader Loading environment from /home/runner/work/key/key/key.core/../key.ui/examples/standard_key/java_dl/assert/assert1.key 
169847     DEBUG main            d.u.i.k.p.i.AbstractProblemLoader Environment load took 66.5ns 
169848     INFO  main            d.u.i.k.p.i.AbstractProblemLoader Creating init config 
172162     DEBUG main            d.u.i.k.p.i.AbstractProblemLoader Init config took 2.31s 
172196     INFO  main            d.u.i.k.p.i.AbstractProblemLoader Replaying proof C[C::foo()].JML normal_behavior operation contract.0 
172198     DEBUG main            d.u.i.k.p.i.IntermediateProofReplayer Proof replay took 7ns 
172402     INFO  main            d.u.i.k.p.r.p.TestFile    ... finished proof: open goal(s) 
172757     INFO  main            d.u.i.k.p.r.p.TestFile    Now processing file /home/runner/work/key/key/key.core/../key.ui/examples/standard_key/java_dl/assert/assert2.key 
172757     INFO  main            d.u.i.k.p.i.AbstractProblemLoader Loading environment from /home/runner/work/key/key/key.core/../key.ui/examples/standard_key/java_dl/assert/assert2.key 
172757     DEBUG main            d.u.i.k.p.i.AbstractProblemLoader Environment load took 84.1ns 
172758     INFO  main            d.u.i.k.p.i.AbstractProblemLoader Creating init config 
175031     DEBUG main            d.u.i.k.p.i.AbstractProblemLoader Init config took 2.27s 
175073     INFO  main            d.u.i.k.p.i.AbstractProblemLoader Replaying proof C[C::bar()].JML exceptional_behavior operation contract.0 
175075     DEBUG main            d.u.i.k.p.i.IntermediateProofReplayer Proof replay took 6.5ns 
175278     INFO  main            d.u.i.k.p.r.p.TestFile    ... finished proof: closed. 
175612     INFO  main            d.u.i.k.p.i.AbstractProblemLoader Loading environment from /home/runner/work/key/key/key.core/../key.ui/examples/standard_key/java_dl/assert/assert2.key.proof 
175612     DEBUG main            d.u.i.k.p.i.AbstractProblemLoader Environment load took 120.4ns 
175613     INFO  main            d.u.i.k.p.i.AbstractProblemLoader Creating init config 
177882     DEBUG main            d.u.i.k.p.i.AbstractProblemLoader Init config took 2.27s 
177916     INFO  main            d.u.i.k.p.i.AbstractProblemLoader Replaying proof C[C::bar()].JML exceptional_behavior operation contract.0 
177956     DEBUG main            d.u.i.k.p.i.IntermediateProofReplayer Proof replay took 37.29ms 
177957     DEBUG main            d.u.i.k.p.r.p.TestFile    ... success: reloaded. 
177958     INFO  main            d.u.i.k.p.r.p.TestFile    Now processing file /home/runner/work/key/key/key.core/../key.ui/examples/standard_key/java_dl/assert/assert3.key 
177958     INFO  main            d.u.i.k.p.i.AbstractProblemLoader Loading environment from /home/runner/work/key/key/key.core/../key.ui/examples/standard_key/java_dl/assert/assert3.key 
177958     DEBUG main            d.u.i.k.p.i.AbstractProblemLoader Environment load took 106.9ns 
177959     INFO  main            d.u.i.k.p.i.AbstractProblemLoader Creating init config 
180287     DEBUG main            d.u.i.k.p.i.AbstractProblemLoader Init config took 2.33s 
180340     INFO  main            d.u.i.k.p.i.AbstractProblemLoader Replaying proof C[C::foo()].JML normal_behavior operation contract.0 
180342     DEBUG main            d.u.i.k.p.i.IntermediateProofReplayer Proof replay took 7.9ns 
180447     INFO  main            d.u.i.k.p.r.p.TestFile    ... finished proof: open goal(s) 
180780     INFO  main            d.u.i.k.p.r.p.TestFile    Now processing file /home/runner/work/key/key/key.core/../key.ui/examples/standard_key/java_dl/java5/vararg.key 
180781     INFO  main            d.u.i.k.p.i.AbstractProblemLoader Loading environment from /home/runner/work/key/key/key.core/../key.ui/examples/standard_key/java_dl/java5/vararg.key 
180781     DEBUG main            d.u.i.k.p.i.AbstractProblemLoader Environment load took 57.3ns 
180782     INFO  main            d.u.i.k.p.i.AbstractProblemLoader Creating init config 
181579     DEBUG main            d.u.i.k.j.r.ClassPreparationMethodBuilder clPrepBuilder: Inner Class detected. Reject building class initialisation methods. 
183348     DEBUG main            d.u.i.k.p.i.AbstractProblemLoader Init config took 2.57s 
183373     INFO  main            d.u.i.k.p.i.AbstractProblemLoader Replaying proof vararg.key 
183382     DEBUG main            d.u.i.k.p.i.IntermediateProofReplayer Proof replay took 7.1ns 
183679     DEBUG Thread-101      d.u.i.k.j.d.VariableSpecification Program match. Variables have different dimension (template #v0 = #vi;, source var#19[] = new java.lang.Object[]{var_1};) 
183680     DEBUG Thread-101      d.u.i.k.j.d.VariableSpecification Program match. Variables have different dimension (template #v0 = #vi;, source var#19[] = new java.lang.Object[]{var_1};) 
183793     DEBUG Thread-101      d.u.i.k.j.d.VariableSpecification Program match. Variables have different dimension (template #v0 = #vi;, source var#25[] = new java.lang.Object[]{null, null};) 
183932     DEBUG Thread-101      d.u.i.k.j.d.VariableSpecification Program match. Variables have different dimension (template #v0 = #vi;, source var#32[] = new java.lang.Object[]{};) 
184191     DEBUG Thread-101      d.u.i.k.j.d.VariableSpecification Program match. Variables have different dimension (template #v0 = #vi;, source var#37[] = new java.lang.Object[]{d1, d2};) 
184326     DEBUG Thread-101      d.u.i.k.j.d.VariableSpecification Program match. Variables have different dimension (template #v0 = #vi;, source var#44[] = new java.lang.Object[]{d1, d2};) 
184594     INFO  main            d.u.i.k.p.r.p.TestFile    ... finished proof: closed. 
185109     INFO  main            d.u.i.k.p.i.AbstractProblemLoader Loading environment from /home/runner/work/key/key/key.core/../key.ui/examples/standard_key/java_dl/java5/vararg.key.proof 
185109     DEBUG main            d.u.i.k.p.i.AbstractProblemLoader Environment load took 392.61ns 
185111     INFO  main            d.u.i.k.p.i.AbstractProblemLoader Creating init config 
185894     DEBUG main            d.u.i.k.j.r.ClassPreparationMethodBuilder clPrepBuilder: Inner Class detected. Reject building class initialisation methods. 
187632     DEBUG main            d.u.i.k.p.i.AbstractProblemLoader Init config took 2.52s 
187657     INFO  main            d.u.i.k.p.i.AbstractProblemLoader Replaying proof vararg.key.proof 
187973     DEBUG main            d.u.i.k.p.i.IntermediateProofReplayer Proof replay took 305.42ms 
187974     DEBUG main            d.u.i.k.p.r.p.TestFile    ... success: reloaded. 
187975     INFO  main            d.u.i.k.p.r.p.TestFile    Now processing file /home/runner/work/key/key/key.core/../key.ui/examples/standard_key/java_dl/java5/for_Array.key 
187975     INFO  main            d.u.i.k.p.i.AbstractProblemLoader Loading environment from /home/runner/work/key/key/key.core/../key.ui/examples/standard_key/java_dl/java5/for_Array.key 
187976     DEBUG main            d.u.i.k.p.i.AbstractProblemLoader Environment load took 181ns 
187977     INFO  main            d.u.i.k.p.i.AbstractProblemLoader Creating init config 
188761     DEBUG main            d.u.i.k.j.r.ClassPreparationMethodBuilder clPrepBuilder: Inner Class detected. Reject building class initialisation methods. 
190484     DEBUG main            d.u.i.k.p.i.AbstractProblemLoader Init config took 2.51s 
190534     INFO  main            d.u.i.k.p.i.AbstractProblemLoader Replaying proof For[For::sum([I)].JML operation contract.0 
190535     DEBUG main            d.u.i.k.p.i.IntermediateProofReplayer Proof replay took 7.1ns 
190939     INFO  main            d.u.i.k.p.r.p.TestFile    ... finished proof: closed. 
191365     INFO  main            d.u.i.k.p.i.AbstractProblemLoader Loading environment from /home/runner/work/key/key/key.core/../key.ui/examples/standard_key/java_dl/java5/for_Array.key.proof 
191366     DEBUG main            d.u.i.k.p.i.AbstractProblemLoader Environment load took 361.61ns 
191367     INFO  main            d.u.i.k.p.i.AbstractProblemLoader Creating init config 
192151     DEBUG main            d.u.i.k.j.r.ClassPreparationMethodBuilder clPrepBuilder: Inner Class detected. Reject building class initialisation methods. 
193803     DEBUG main            d.u.i.k.p.i.AbstractProblemLoader Init config took 2.44s 
193852     INFO  main            d.u.i.k.p.i.AbstractProblemLoader Replaying proof For[For::sum([I)].JML operation contract.0 
193938     DEBUG main            d.u.i.k.p.i.IntermediateProofReplayer Proof replay took 82.12ms 
193939     DEBUG main            d.u.i.k.p.r.p.TestFile    ... success: reloaded. 
193940     INFO  main            d.u.i.k.p.r.p.TestFile    Now processing file /home/runner/work/key/key/key.core/../key.ui/examples/standard_key/java_dl/java5/for_Iterable.key 
193940     INFO  main            d.u.i.k.p.i.AbstractProblemLoader Loading environment from /home/runner/work/key/key/key.core/../key.ui/examples/standard_key/java_dl/java5/for_Iterable.key 
193940     DEBUG main            d.u.i.k.p.i.AbstractProblemLoader Environment load took 185.2ns 
193941     INFO  main            d.u.i.k.p.i.AbstractProblemLoader Creating init config 
194744     DEBUG main            d.u.i.k.j.r.ClassPreparationMethodBuilder clPrepBuilder: Inner Class detected. Reject building class initialisation methods. 
196441     DEBUG main            d.u.i.k.p.i.AbstractProblemLoader Init config took 2.5s 
196491     INFO  main            d.u.i.k.p.i.AbstractProblemLoader Replaying proof For[For::infiniteLoop(For)].JML operation contract.0 
196492     DEBUG main            d.u.i.k.p.i.IntermediateProofReplayer Proof replay took 7.6ns 
196694     INFO  main            d.u.i.k.p.r.p.TestFile    ... finished proof: closed. 
197073     INFO  main            d.u.i.k.p.i.AbstractProblemLoader Loading environment from /home/runner/work/key/key/key.core/../key.ui/examples/standard_key/java_dl/java5/for_Iterable.key.proof 
197073     DEBUG main            d.u.i.k.p.i.AbstractProblemLoader Environment load took 101.3ns 
197074     INFO  main            d.u.i.k.p.i.AbstractProblemLoader Creating init config 
197841     DEBUG main            d.u.i.k.j.r.ClassPreparationMethodBuilder clPrepBuilder: Inner Class detected. Reject building class initialisation methods. 
199479     DEBUG main            d.u.i.k.p.i.AbstractProblemLoader Init config took 2.4s 
199527     INFO  main            d.u.i.k.p.i.AbstractProblemLoader Replaying proof For[For::infiniteLoop(For)].JML operation contract.0 
199577     DEBUG main            d.u.i.k.p.i.IntermediateProofReplayer Proof replay took 47.97ms 
199578     DEBUG main            d.u.i.k.p.r.p.TestFile    ... success: reloaded. 
199579     INFO  main            d.u.i.k.p.r.p.TestFile    Now processing file /home/runner/work/key/key/key.core/../key.ui/examples/standard_key/java_dl/java5/for_ReferenceArray.key 
199579     INFO  main            d.u.i.k.p.i.AbstractProblemLoader Loading environment from /home/runner/work/key/key/key.core/../key.ui/examples/standard_key/java_dl/java5/for_ReferenceArray.key 
199580     DEBUG main            d.u.i.k.p.i.AbstractProblemLoader Environment load took 67.2ns 
199580     INFO  main            d.u.i.k.p.i.AbstractProblemLoader Creating init config 
200362     DEBUG main            d.u.i.k.j.r.ClassPreparationMethodBuilder clPrepBuilder: Inner Class detected. Reject building class initialisation methods. 
202027     DEBUG main            d.u.i.k.p.i.AbstractProblemLoader Init config took 2.45s 
202117     INFO  main            d.u.i.k.p.i.AbstractProblemLoader Replaying proof ForReferenceArray[ForReferenceArray::foo([Ljava.lang.Object)].JML operation contract.0 
202120     DEBUG main            d.u.i.k.p.i.IntermediateProofReplayer Proof replay took 8.8ns 
202422     INFO  main            d.u.i.k.p.r.p.TestFile    ... finished proof: closed. 
202818     INFO  main            d.u.i.k.p.i.AbstractProblemLoader Loading environment from /home/runner/work/key/key/key.core/../key.ui/examples/standard_key/java_dl/java5/for_ReferenceArray.key.proof 
202818     DEBUG main            d.u.i.k.p.i.AbstractProblemLoader Environment load took 117.8ns 
202819     INFO  main            d.u.i.k.p.i.AbstractProblemLoader Creating init config 
203589     DEBUG main            d.u.i.k.j.r.ClassPreparationMethodBuilder clPrepBuilder: Inner Class detected. Reject building class initialisation methods. 
205228     DEBUG main            d.u.i.k.p.i.AbstractProblemLoader Init config took 2.41s 
205291     INFO  main            d.u.i.k.p.i.AbstractProblemLoader Replaying proof ForReferenceArray[ForReferenceArray::foo([Ljava.lang.Object)].JML operation contract.0 
205348     DEBUG main            d.u.i.k.p.i.IntermediateProofReplayer Proof replay took 54.47ms 
205350     DEBUG main            d.u.i.k.p.r.p.TestFile    ... success: reloaded. 
205350     INFO  main            d.u.i.k.p.r.p.TestFile    Now processing file /home/runner/work/key/key/key.core/../key.ui/examples/standard_key/java_dl/jml-bigint/cast.key 
205351     INFO  main            d.u.i.k.p.i.AbstractProblemLoader Loading environment from /home/runner/work/key/key/key.core/../key.ui/examples/standard_key/java_dl/jml-bigint/cast.key 
205351     DEBUG main            d.u.i.k.p.i.AbstractProblemLoader Environment load took 90.5ns 
205352     INFO  main            d.u.i.k.p.i.AbstractProblemLoader Creating init config 
207743     DEBUG main            d.u.i.k.p.i.AbstractProblemLoader Init config took 2.39s 
207777     INFO  main            d.u.i.k.p.i.AbstractProblemLoader Replaying proof Mult[Mult::cast()].JML operation contract.0 
207779     DEBUG main            d.u.i.k.p.i.IntermediateProofReplayer Proof replay took 8.7ns 
207882     INFO  main            d.u.i.k.p.r.p.TestFile    ... finished proof: closed. 
208271     INFO  main            d.u.i.k.p.i.AbstractProblemLoader Loading environment from /home/runner/work/key/key/key.core/../key.ui/examples/standard_key/java_dl/jml-bigint/cast.key.proof 
208271     DEBUG main            d.u.i.k.p.i.AbstractProblemLoader Environment load took 165.7ns 
208272     INFO  main            d.u.i.k.p.i.AbstractProblemLoader Creating init config 
210581     DEBUG main            d.u.i.k.p.i.AbstractProblemLoader Init config took 2.31s 
210616     INFO  main            d.u.i.k.p.i.AbstractProblemLoader Replaying proof Mult[Mult::cast()].JML operation contract.0 
210629     DEBUG main            d.u.i.k.p.i.IntermediateProofReplayer Proof replay took 11.42ms 
210630     DEBUG main            d.u.i.k.p.r.p.TestFile    ... success: reloaded. 
210631     INFO  main            d.u.i.k.p.r.p.TestFile    Now processing file /home/runner/work/key/key/key.core/../key.ui/examples/standard_key/java_dl/jml-free/loopInvFree.key 
210635     INFO  main            d.u.i.k.p.i.AbstractProblemLoader Loading environment from /home/runner/work/key/key/key.core/../key.ui/examples/standard_key/java_dl/jml-free/loopInvFree.key 
210635     DEBUG main            d.u.i.k.p.i.AbstractProblemLoader Environment load took 196.2ns 
210636     INFO  main            d.u.i.k.p.i.AbstractProblemLoader Creating init config 
212941     DEBUG main            d.u.i.k.p.i.AbstractProblemLoader Init config took 2.31s 
212975     INFO  main            d.u.i.k.p.i.AbstractProblemLoader Replaying proof LoopInvFree[LoopInvFree::test()].JML operation contract.0 
212976     DEBUG main            d.u.i.k.p.i.IntermediateProofReplayer Proof replay took 7.2ns 
213182     INFO  main            d.u.i.k.p.r.p.TestFile    ... finished proof: closed. 
213582     INFO  main            d.u.i.k.p.i.AbstractProblemLoader Loading environment from /home/runner/work/key/key/key.core/../key.ui/examples/standard_key/java_dl/jml-free/loopInvFree.key.proof 
213582     DEBUG main            d.u.i.k.p.i.AbstractProblemLoader Environment load took 100.7ns 
213583     INFO  main            d.u.i.k.p.i.AbstractProblemLoader Creating init config 
215838     DEBUG main            d.u.i.k.p.i.AbstractProblemLoader Init config took 2.26s 
215871     INFO  main            d.u.i.k.p.i.AbstractProblemLoader Replaying proof LoopInvFree[LoopInvFree::test()].JML operation contract.0 
215911     DEBUG main            d.u.i.k.p.i.IntermediateProofReplayer Proof replay took 38.14ms 
215912     DEBUG main            d.u.i.k.p.r.p.TestFile    ... success: reloaded. 
215913     INFO  main            d.u.i.k.p.r.p.TestFile    Now processing file /home/runner/work/key/key/key.core/../key.ui/examples/standard_key/java_dl/jml-free/ensuresFree.key 
215913     INFO  main            d.u.i.k.p.i.AbstractProblemLoader Loading environment from /home/runner/work/key/key/key.core/../key.ui/examples/standard_key/java_dl/jml-free/ensuresFree.key 
215913     DEBUG main            d.u.i.k.p.i.AbstractProblemLoader Environment load took 55.3ns 
215914     INFO  main            d.u.i.k.p.i.AbstractProblemLoader Creating init config 
218207     DEBUG main            d.u.i.k.p.i.AbstractProblemLoader Init config took 2.29s 
218240     INFO  main            d.u.i.k.p.i.AbstractProblemLoader Replaying proof EnsuresFree[EnsuresFree::test()].JML operation contract.0 
218241     DEBUG main            d.u.i.k.p.i.IntermediateProofReplayer Proof replay took 7.8ns 
218345     INFO  main            d.u.i.k.p.r.p.TestFile    ... finished proof: closed. 
218737     INFO  main            d.u.i.k.p.i.AbstractProblemLoader Loading environment from /home/runner/work/key/key/key.core/../key.ui/examples/standard_key/java_dl/jml-free/ensuresFree.key.proof 
218737     DEBUG main            d.u.i.k.p.i.AbstractProblemLoader Environment load took 105.5ns 
218738     INFO  main            d.u.i.k.p.i.AbstractProblemLoader Creating init config 
220990     DEBUG main            d.u.i.k.p.i.AbstractProblemLoader Init config took 2.25s 
221023     INFO  main            d.u.i.k.p.i.AbstractProblemLoader Replaying proof EnsuresFree[EnsuresFree::test()].JML operation contract.0 
221042     DEBUG main            d.u.i.k.p.i.IntermediateProofReplayer Proof replay took 17.19ms 
221043     DEBUG main            d.u.i.k.p.r.p.TestFile    ... success: reloaded. 
221045     INFO  main            d.u.i.k.p.r.p.TestFile    Now processing file /home/runner/work/key/key/key.core/../key.ui/examples/standard_key/java_dl/jml-information-flow.key 
221046     INFO  main            d.u.i.k.p.i.AbstractProblemLoader Loading environment from /home/runner/work/key/key/key.core/../key.ui/examples/standard_key/java_dl/jml-information-flow.key 
221046     DEBUG main            d.u.i.k.p.i.AbstractProblemLoader Environment load took 188.1ns 
221053     INFO  main            d.u.i.k.p.i.AbstractProblemLoader Creating init config 
223537     DEBUG main            d.u.i.k.p.i.AbstractProblemLoader Init config took 2.48s 
223555     INFO  main            d.u.i.k.p.i.AbstractProblemLoader Replaying proof jml-information-flow.key 
223557     DEBUG main            d.u.i.k.p.i.IntermediateProofReplayer Proof replay took 8.4ns 
344895     INFO  main            d.u.i.k.p.r.p.TestFile    ... finished proof: closed. 
345473     INFO  main            d.u.i.k.p.i.AbstractProblemLoader Loading environment from /home/runner/work/key/key/key.core/../key.ui/examples/standard_key/java_dl/jml-information-flow.key.proof 
345473     DEBUG main            d.u.i.k.p.i.AbstractProblemLoader Environment load took 387.51ns 
345482     INFO  main            d.u.i.k.p.i.AbstractProblemLoader Creating init config 
347876     DEBUG main            d.u.i.k.p.i.AbstractProblemLoader Init config took 2.39s 
347900     INFO  main            d.u.i.k.p.i.AbstractProblemLoader Replaying proof jml-information-flow.key.proof 
351457     DEBUG main            d.u.i.k.p.i.IntermediateProofReplayer Proof replay took 3.45s 
351466     DEBUG main            d.u.i.k.p.r.p.TestFile    ... success: reloaded. 
351466     INFO  main            d.u.i.k.p.r.p.TestFile    Now processing file /home/runner/work/key/key/key.core/../key.ui/examples/standard_key/java_dl/jml-min/min-unprovable1.key 
351467     INFO  main            d.u.i.k.p.i.AbstractProblemLoader Loading environment from /home/runner/work/key/key/key.core/../key.ui/examples/standard_key/java_dl/jml-min/min-unprovable1.key 
351467     DEBUG main            d.u.i.k.p.i.AbstractProblemLoader Environment load took 81.4ns 
351468     INFO  main            d.u.i.k.p.i.AbstractProblemLoader Creating init config 
353836     DEBUG main            d.u.i.k.p.i.AbstractProblemLoader Init config took 2.37s 
353871     INFO  main            d.u.i.k.p.i.AbstractProblemLoader Replaying proof Min[Min::foo()].JML operation contract.0 
353873     DEBUG main            d.u.i.k.p.i.IntermediateProofReplayer Proof replay took 9.2ns 
353976     INFO  main            d.u.i.k.p.r.p.TestFile    ... finished proof: open goal(s) 
354540     INFO  main            d.u.i.k.p.r.p.TestFile    Now processing file /home/runner/work/key/key/key.core/../key.ui/examples/standard_key/java_dl/jml-min/min-unprovable2.key 
354540     INFO  main            d.u.i.k.p.i.AbstractProblemLoader Loading environment from /home/runner/work/key/key/key.core/../key.ui/examples/standard_key/java_dl/jml-min/min-unprovable2.key 
354540     DEBUG main            d.u.i.k.p.i.AbstractProblemLoader Environment load took 73.6ns 
354541     INFO  main            d.u.i.k.p.i.AbstractProblemLoader Creating init config 
356813     DEBUG main            d.u.i.k.p.i.AbstractProblemLoader Init config took 2.27s 
356846     INFO  main            d.u.i.k.p.i.AbstractProblemLoader Replaying proof Min[Min::foo2()].JML operation contract.0 
356847     DEBUG main            d.u.i.k.p.i.IntermediateProofReplayer Proof replay took 6.3ns 
356949     INFO  main            d.u.i.k.p.r.p.TestFile    ... finished proof: open goal(s) 
357359     INFO  main            d.u.i.k.p.r.p.TestFile    Now processing file /home/runner/work/key/key/key.core/../key.ui/examples/standard_key/java_dl/methodCall.key 
357359     INFO  main            d.u.i.k.p.i.AbstractProblemLoader Loading environment from /home/runner/work/key/key/key.core/../key.ui/examples/standard_key/java_dl/methodCall.key 
357359     DEBUG main            d.u.i.k.p.i.AbstractProblemLoader Environment load took 64ns 
357362     INFO  main            d.u.i.k.p.i.AbstractProblemLoader Creating init config 
359626     DEBUG main            d.u.i.k.p.i.AbstractProblemLoader Init config took 2.26s 
359640     INFO  main            d.u.i.k.p.i.AbstractProblemLoader Replaying proof methodCall.key 
359641     DEBUG main            d.u.i.k.p.i.IntermediateProofReplayer Proof replay took 7.6ns 
359743     INFO  main            d.u.i.k.p.r.p.TestFile    ... finished proof: closed. 
360150     INFO  main            d.u.i.k.p.i.AbstractProblemLoader Loading environment from /home/runner/work/key/key/key.core/../key.ui/examples/standard_key/java_dl/methodCall.key.proof 
360150     DEBUG main            d.u.i.k.p.i.AbstractProblemLoader Environment load took 99.4ns 
360151     INFO  main            d.u.i.k.p.i.AbstractProblemLoader Creating init config 
362435     DEBUG main            d.u.i.k.p.i.AbstractProblemLoader Init config took 2.28s 
362450     INFO  main            d.u.i.k.p.i.AbstractProblemLoader Replaying proof methodCall.key.proof 
362453     DEBUG main            d.u.i.k.p.i.IntermediateProofReplayer Proof replay took 1.6ms 
362454     DEBUG main            d.u.i.k.p.r.p.TestFile    ... success: reloaded. 
362455     INFO  main            d.u.i.k.p.r.p.TestFile    Now processing file /home/runner/work/key/key/key.core/../key.ui/examples/standard_key/java_dl/methodCall1.key 
362455     INFO  main            d.u.i.k.p.i.AbstractProblemLoader Loading environment from /home/runner/work/key/key/key.core/../key.ui/examples/standard_key/java_dl/methodCall1.key 
362455     DEBUG main            d.u.i.k.p.i.AbstractProblemLoader Environment load took 50.9ns 
362456     INFO  main            d.u.i.k.p.i.AbstractProblemLoader Creating init config 
364740     DEBUG main            d.u.i.k.p.i.AbstractProblemLoader Init config took 2.28s 
364754     INFO  main            d.u.i.k.p.i.AbstractProblemLoader Replaying proof methodCall1.key 
364756     DEBUG main            d.u.i.k.p.i.IntermediateProofReplayer Proof replay took 6.5ns 
364859     INFO  main            d.u.i.k.p.r.p.TestFile    ... finished proof: closed. 
365285     INFO  main            d.u.i.k.p.i.AbstractProblemLoader Loading environment from /home/runner/work/key/key/key.core/../key.ui/examples/standard_key/java_dl/methodCall1.key.proof 
365285     DEBUG main            d.u.i.k.p.i.AbstractProblemLoader Environment load took 100.7ns 
365287     INFO  main            d.u.i.k.p.i.AbstractProblemLoader Creating init config 
367544     DEBUG main            d.u.i.k.p.i.AbstractProblemLoader Init config took 2.26s 
367558     INFO  main            d.u.i.k.p.i.AbstractProblemLoader Replaying proof methodCall1.key.proof 
367571     DEBUG main            d.u.i.k.p.i.IntermediateProofReplayer Proof replay took 11.4ms 
367572     DEBUG main            d.u.i.k.p.r.p.TestFile    ... success: reloaded. 
367573     INFO  main            d.u.i.k.p.r.p.TestFile    Now processing file /home/runner/work/key/key/key.core/../key.ui/examples/standard_key/java_dl/methodCall1box.key 
367573     INFO  main            d.u.i.k.p.i.AbstractProblemLoader Loading environment from /home/runner/work/key/key/key.core/../key.ui/examples/standard_key/java_dl/methodCall1box.key 
367573     DEBUG main            d.u.i.k.p.i.AbstractProblemLoader Environment load took 80.3ns 
367574     INFO  main            d.u.i.k.p.i.AbstractProblemLoader Creating init config 
369860     DEBUG main            d.u.i.k.p.i.AbstractProblemLoader Init config took 2.29s 
369875     INFO  main            d.u.i.k.p.i.AbstractProblemLoader Replaying proof methodCall1box.key 
369876     DEBUG main            d.u.i.k.p.i.IntermediateProofReplayer Proof replay took 8.7ns 
369978     INFO  main            d.u.i.k.p.r.p.TestFile    ... finished proof: closed. 
370452     INFO  main            d.u.i.k.p.i.AbstractProblemLoader Loading environment from /home/runner/work/key/key/key.core/../key.ui/examples/standard_key/java_dl/methodCall1box.key.proof 
370452     DEBUG main            d.u.i.k.p.i.AbstractProblemLoader Environment load took 100.6ns 
370453     INFO  main            d.u.i.k.p.i.AbstractProblemLoader Creating init config 
372703     DEBUG main            d.u.i.k.p.i.AbstractProblemLoader Init config took 2.25s 
372717     INFO  main            d.u.i.k.p.i.AbstractProblemLoader Replaying proof methodCall1box.key.proof 
372731     DEBUG main            d.u.i.k.p.i.IntermediateProofReplayer Proof replay took 11.84ms 
372732     DEBUG main            d.u.i.k.p.r.p.TestFile    ... success: reloaded. 
372732     INFO  main            d.u.i.k.p.r.p.TestFile    Now processing file /home/runner/work/key/key/key.core/../key.ui/examples/standard_key/java_dl/methodCall3.key 
372733     INFO  main            d.u.i.k.p.i.AbstractProblemLoader Loading environment from /home/runner/work/key/key/key.core/../key.ui/examples/standard_key/java_dl/methodCall3.key 
372733     DEBUG main            d.u.i.k.p.i.AbstractProblemLoader Environment load took 46.9ns 
372734     INFO  main            d.u.i.k.p.i.AbstractProblemLoader Creating init config 
375009     DEBUG main            d.u.i.k.p.i.AbstractProblemLoader Init config took 2.28s 
375024     INFO  main            d.u.i.k.p.i.AbstractProblemLoader Replaying proof methodCall3.key 
375025     DEBUG main            d.u.i.k.p.i.IntermediateProofReplayer Proof replay took 6.6ns 
375127     INFO  main            d.u.i.k.p.r.p.TestFile    ... finished proof: closed. 
375563     INFO  main            d.u.i.k.p.i.AbstractProblemLoader Loading environment from /home/runner/work/key/key/key.core/../key.ui/examples/standard_key/java_dl/methodCall3.key.proof 
375563     DEBUG main            d.u.i.k.p.i.AbstractProblemLoader Environment load took 113ns 
375564     INFO  main            d.u.i.k.p.i.AbstractProblemLoader Creating init config 
377810     DEBUG main            d.u.i.k.p.i.AbstractProblemLoader Init config took 2.25s 
377824     INFO  main            d.u.i.k.p.i.AbstractProblemLoader Replaying proof methodCall3.key.proof 
377834     DEBUG main            d.u.i.k.p.i.IntermediateProofReplayer Proof replay took 7.84ms 
377835     DEBUG main            d.u.i.k.p.r.p.TestFile    ... success: reloaded. 
377836     INFO  main            d.u.i.k.p.r.p.TestFile    Now processing file /home/runner/work/key/key/key.core/../key.ui/examples/standard_key/java_dl/polishFlagSort.key 
377836     INFO  main            d.u.i.k.p.i.AbstractProblemLoader Loading environment from /home/runner/work/key/key/key.core/../key.ui/examples/standard_key/java_dl/polishFlagSort.key 
377836     DEBUG main            d.u.i.k.p.i.AbstractProblemLoader Environment load took 69.2ns 
377837     INFO  main            d.u.i.k.p.i.AbstractProblemLoader Creating init config 
380166     DEBUG main            d.u.i.k.p.i.AbstractProblemLoader Init config took 2.33s 
380181     INFO  main            d.u.i.k.p.i.AbstractProblemLoader Replaying proof polishFlagSort.key 
380182     DEBUG main            d.u.i.k.p.i.IntermediateProofReplayer Proof replay took 6.6ns 
382391     INFO  main            d.u.i.k.p.r.p.TestFile    ... finished proof: closed. 
382888     INFO  main            d.u.i.k.p.i.AbstractProblemLoader Loading environment from /home/runner/work/key/key/key.core/../key.ui/examples/standard_key/java_dl/polishFlagSort.key.proof 
382889     DEBUG main            d.u.i.k.p.i.AbstractProblemLoader Environment load took 390.7ns 
382891     INFO  main            d.u.i.k.p.i.AbstractProblemLoader Creating init config 
385188     DEBUG main            d.u.i.k.p.i.AbstractProblemLoader Init config took 2.3s 
385203     INFO  main            d.u.i.k.p.i.AbstractProblemLoader Replaying proof polishFlagSort.key.proof 
385554     DEBUG main            d.u.i.k.p.i.IntermediateProofReplayer Proof replay took 335.91ms 
385556     DEBUG main            d.u.i.k.p.r.p.TestFile    ... success: reloaded. 
385557     INFO  main            d.u.i.k.p.r.p.TestFile    Now processing file /home/runner/work/key/key/key.core/../key.ui/examples/standard_key/java_dl/postConditionTaclets1.key 
385557     INFO  main            d.u.i.k.p.i.AbstractProblemLoader Loading environment from /home/runner/work/key/key/key.core/../key.ui/examples/standard_key/java_dl/postConditionTaclets1.key 
385557     DEBUG main            d.u.i.k.p.i.AbstractProblemLoader Environment load took 75.2ns 
385558     INFO  main            d.u.i.k.p.i.AbstractProblemLoader Creating init config 
387809     DEBUG main            d.u.i.k.p.i.AbstractProblemLoader Init config took 2.25s 
387824     INFO  main            d.u.i.k.p.i.AbstractProblemLoader Replaying proof postConditionTaclets1.key 
387829     DEBUG main            d.u.i.k.p.i.IntermediateProofReplayer Proof replay took 7.3ns 
387931     INFO  main            d.u.i.k.p.r.p.TestFile    ... finished proof: closed. 
388422     INFO  main            d.u.i.k.p.i.AbstractProblemLoader Loading environment from /home/runner/work/key/key/key.core/../key.ui/examples/standard_key/java_dl/postConditionTaclets1.key.proof 
388422     DEBUG main            d.u.i.k.p.i.AbstractProblemLoader Environment load took 99.4ns 
388423     INFO  main            d.u.i.k.p.i.AbstractProblemLoader Creating init config 
390636     DEBUG main            d.u.i.k.p.i.AbstractProblemLoader Init config took 2.21s 
390650     INFO  main            d.u.i.k.p.i.AbstractProblemLoader Replaying proof postConditionTaclets1.key.proof 
390652     DEBUG main            d.u.i.k.p.i.IntermediateProofReplayer Proof replay took 426.7ns 
390653     DEBUG main            d.u.i.k.p.r.p.TestFile    ... success: reloaded. 
390654     INFO  main            d.u.i.k.p.r.p.TestFile    Now processing file /home/runner/work/key/key/key.core/../key.ui/examples/standard_key/java_dl/postConditionTaclets2.key 
390654     INFO  main            d.u.i.k.p.i.AbstractProblemLoader Loading environment from /home/runner/work/key/key/key.core/../key.ui/examples/standard_key/java_dl/postConditionTaclets2.key 
390654     DEBUG main            d.u.i.k.p.i.AbstractProblemLoader Environment load took 77.9ns 
390655     INFO  main            d.u.i.k.p.i.AbstractProblemLoader Creating init config 
392908     DEBUG main            d.u.i.k.p.i.AbstractProblemLoader Init config took 2.25s 
392923     INFO  main            d.u.i.k.p.i.AbstractProblemLoader Replaying proof postConditionTaclets2.key 
392924     DEBUG main            d.u.i.k.p.i.IntermediateProofReplayer Proof replay took 8.5ns 
393026     INFO  main            d.u.i.k.p.r.p.TestFile    ... finished proof: closed. 
393496     INFO  main            d.u.i.k.p.i.AbstractProblemLoader Loading environment from /home/runner/work/key/key/key.core/../key.ui/examples/standard_key/java_dl/postConditionTaclets2.key.proof 
393496     DEBUG main            d.u.i.k.p.i.AbstractProblemLoader Environment load took 124.6ns 
393497     INFO  main            d.u.i.k.p.i.AbstractProblemLoader Creating init config 
395702     DEBUG main            d.u.i.k.p.i.AbstractProblemLoader Init config took 2.2s 
395716     INFO  main            d.u.i.k.p.i.AbstractProblemLoader Replaying proof postConditionTaclets2.key.proof 
395718     DEBUG main            d.u.i.k.p.i.IntermediateProofReplayer Proof replay took 664.81ns 
395719     DEBUG main            d.u.i.k.p.r.p.TestFile    ... success: reloaded. 
395720     INFO  main            d.u.i.k.p.r.p.TestFile    Now processing file /home/runner/work/key/key/key.core/../key.ui/examples/standard_key/java_dl/quantifiedQuery.key 
395720     INFO  main            d.u.i.k.p.i.AbstractProblemLoader Loading environment from /home/runner/work/key/key/key.core/../key.ui/examples/standard_key/java_dl/quantifiedQuery.key 
395720     DEBUG main            d.u.i.k.p.i.AbstractProblemLoader Environment load took 119.4ns 
395721     INFO  main            d.u.i.k.p.i.AbstractProblemLoader Creating init config 
398023     DEBUG main            d.u.i.k.p.i.AbstractProblemLoader Init config took 2.3s 
398039     INFO  main            d.u.i.k.p.i.AbstractProblemLoader Replaying proof quantifiedQuery.key 
398041     DEBUG main            d.u.i.k.p.i.IntermediateProofReplayer Proof replay took 8.7ns 
398143     INFO  main            d.u.i.k.p.r.p.TestFile    ... finished proof: closed. 
398609     INFO  main            d.u.i.k.p.i.AbstractProblemLoader Loading environment from /home/runner/work/key/key/key.core/../key.ui/examples/standard_key/java_dl/quantifiedQuery.key.proof 
398609     DEBUG main            d.u.i.k.p.i.AbstractProblemLoader Environment load took 112.8ns 
398610     INFO  main            d.u.i.k.p.i.AbstractProblemLoader Creating init config 
400924     DEBUG main            d.u.i.k.p.i.AbstractProblemLoader Init config took 2.31s 
400939     INFO  main            d.u.i.k.p.i.AbstractProblemLoader Replaying proof quantifiedQuery.key.proof 
400958     DEBUG main            d.u.i.k.p.i.IntermediateProofReplayer Proof replay took 17.02ms 
400959     DEBUG main            d.u.i.k.p.r.p.TestFile    ... success: reloaded. 
400960     INFO  main            d.u.i.k.p.r.p.TestFile    Now processing file /home/runner/work/key/key/key.core/../key.ui/examples/standard_key/java_dl/recursion/triangular.key 
400960     INFO  main            d.u.i.k.p.i.AbstractProblemLoader Loading environment from /home/runner/work/key/key/key.core/../key.ui/examples/standard_key/java_dl/recursion/triangular.key 
400960     DEBUG main            d.u.i.k.p.i.AbstractProblemLoader Environment load took 79.3ns 
400961     INFO  main            d.u.i.k.p.i.AbstractProblemLoader Creating init config 
403256     DEBUG main            d.u.i.k.p.i.AbstractProblemLoader Init config took 2.29s 
403293     INFO  main            d.u.i.k.p.i.AbstractProblemLoader Replaying proof Triangular[Triangular::tria(int)].JML normal_behavior operation contract.0 
403294     DEBUG main            d.u.i.k.p.i.IntermediateProofReplayer Proof replay took 8.5ns 
403496     INFO  main            d.u.i.k.p.r.p.TestFile    ... finished proof: closed. 
403974     INFO  main            d.u.i.k.p.i.AbstractProblemLoader Loading environment from /home/runner/work/key/key/key.core/../key.ui/examples/standard_key/java_dl/recursion/triangular.key.proof 
403974     DEBUG main            d.u.i.k.p.i.AbstractProblemLoader Environment load took 106.8ns 
403975     INFO  main            d.u.i.k.p.i.AbstractProblemLoader Creating init config 
406222     DEBUG main            d.u.i.k.p.i.AbstractProblemLoader Init config took 2.25s 
406255     INFO  main            d.u.i.k.p.i.AbstractProblemLoader Replaying proof Triangular[Triangular::tria(int)].JML normal_behavior operation contract.0 
406286     DEBUG main            d.u.i.k.p.i.IntermediateProofReplayer Proof replay took 29.31ms 
406287     DEBUG main            d.u.i.k.p.r.p.TestFile    ... success: reloaded. 
406288     INFO  main            d.u.i.k.p.r.p.TestFile    Now processing file /home/runner/work/key/key/key.core/../key.ui/examples/standard_key/java_dl/reverseArray.key 
406288     INFO  main            d.u.i.k.p.i.AbstractProblemLoader Loading environment from /home/runner/work/key/key/key.core/../key.ui/examples/standard_key/java_dl/reverseArray.key 
406288     DEBUG main            d.u.i.k.p.i.AbstractProblemLoader Environment load took 76.9ns 
406290     INFO  main            d.u.i.k.p.i.AbstractProblemLoader Creating init config 
406310     WARN  main            d.u.i.k.j.r.KeYCrossReferenceNameInfo Datatype java.io.InputStream declared twice: Once in FILE:/home/runner/work/key/key/key.core/../key.ui/examples/standard_key/java_dl/./classpath/InputStream.java and once in URL:file:/home/runner/work/key/key/key.core/build/resources/main/de/uka/ilkd/key/java/JavaRedux/java/io/InputStream.java, Keeping one from URL:file:/home/runner/work/key/key/key.core/build/resources/main/de/uka/ilkd/key/java/JavaRedux/java/io/InputStream.java 
406310     WARN  main            d.u.i.k.j.r.KeYCrossReferenceNameInfo Datatype java.lang.System declared twice: Once in FILE:/home/runner/work/key/key/key.core/../key.ui/examples/standard_key/java_dl/./classpath/System.java and once in URL:file:/home/runner/work/key/key/key.core/build/resources/main/de/uka/ilkd/key/java/JavaRedux/java/lang/System.java, Keeping one from URL:file:/home/runner/work/key/key/key.core/build/resources/main/de/uka/ilkd/key/java/JavaRedux/java/lang/System.java 
406310     WARN  main            d.u.i.k.j.r.KeYCrossReferenceNameInfo Datatype java.io.PrintStream declared twice: Once in FILE:/home/runner/work/key/key/key.core/../key.ui/examples/standard_key/java_dl/./classpath/PrintStream.java and once in URL:file:/home/runner/work/key/key/key.core/build/resources/main/de/uka/ilkd/key/java/JavaRedux/java/io/PrintStream.java, Keeping one from URL:file:/home/runner/work/key/key/key.core/build/resources/main/de/uka/ilkd/key/java/JavaRedux/java/io/PrintStream.java 
406313     DEBUG main            d.u.i.k.j.r.ClassFileDeclarationBuilder Parsing: package java.io; public class Closeable { } 
406313     DEBUG main            r.s.KeYCrossReferenceSourceInfo Dynamically created class: java.io.Closeable 
408674     DEBUG main            d.u.i.k.p.i.AbstractProblemLoader Init config took 2.38s 
408689     INFO  main            d.u.i.k.p.i.AbstractProblemLoader Replaying proof reverseArray.key 
408692     DEBUG main            d.u.i.k.p.i.IntermediateProofReplayer Proof replay took 14.9ns 
413033     INFO  main            d.u.i.k.p.r.p.TestFile    ... finished proof: closed. 
413555     INFO  main            d.u.i.k.p.i.AbstractProblemLoader Loading environment from /home/runner/work/key/key/key.core/../key.ui/examples/standard_key/java_dl/reverseArray.key.proof 
413556     DEBUG main            d.u.i.k.p.i.AbstractProblemLoader Environment load took 408.81ns 
413558     INFO  main            d.u.i.k.p.i.AbstractProblemLoader Creating init config 
413581     WARN  main            d.u.i.k.j.r.KeYCrossReferenceNameInfo Datatype java.io.InputStream declared twice: Once in FILE:/home/runner/work/key/key/key.core/../key.ui/examples/standard_key/java_dl/classpath/InputStream.java and once in URL:file:/home/runner/work/key/key/key.core/build/resources/main/de/uka/ilkd/key/java/JavaRedux/java/io/InputStream.java, Keeping one from URL:file:/home/runner/work/key/key/key.core/build/resources/main/de/uka/ilkd/key/java/JavaRedux/java/io/InputStream.java 
413581     WARN  main            d.u.i.k.j.r.KeYCrossReferenceNameInfo Datatype java.lang.System declared twice: Once in FILE:/home/runner/work/key/key/key.core/../key.ui/examples/standard_key/java_dl/classpath/System.java and once in URL:file:/home/runner/work/key/key/key.core/build/resources/main/de/uka/ilkd/key/java/JavaRedux/java/lang/System.java, Keeping one from URL:file:/home/runner/work/key/key/key.core/build/resources/main/de/uka/ilkd/key/java/JavaRedux/java/lang/System.java 
413581     WARN  main            d.u.i.k.j.r.KeYCrossReferenceNameInfo Datatype java.io.PrintStream declared twice: Once in FILE:/home/runner/work/key/key/key.core/../key.ui/examples/standard_key/java_dl/classpath/PrintStream.java and once in URL:file:/home/runner/work/key/key/key.core/build/resources/main/de/uka/ilkd/key/java/JavaRedux/java/io/PrintStream.java, Keeping one from URL:file:/home/runner/work/key/key/key.core/build/resources/main/de/uka/ilkd/key/java/JavaRedux/java/io/PrintStream.java 
413584     DEBUG main            d.u.i.k.j.r.ClassFileDeclarationBuilder Parsing: package java.io; public class Closeable { } 
413584     DEBUG main            r.s.KeYCrossReferenceSourceInfo Dynamically created class: java.io.Closeable 
415879     DEBUG main            d.u.i.k.p.i.AbstractProblemLoader Init config took 2.32s 
415895     INFO  main            d.u.i.k.p.i.AbstractProblemLoader Replaying proof reverseArray.key.proof 
416492     DEBUG main            d.u.i.k.p.i.IntermediateProofReplayer Proof replay took 585.7ms 
416495     DEBUG main            d.u.i.k.p.r.p.TestFile    ... success: reloaded. 
416496     INFO  main            d.u.i.k.p.r.p.TestFile    Now processing file /home/runner/work/key/key/key.core/../key.ui/examples/standard_key/java_dl/reverseArray2.key 
416496     INFO  main            d.u.i.k.p.i.AbstractProblemLoader Loading environment from /home/runner/work/key/key/key.core/../key.ui/examples/standard_key/java_dl/reverseArray2.key 
416496     DEBUG main            d.u.i.k.p.i.AbstractProblemLoader Environment load took 113.8ns 
416498     INFO  main            d.u.i.k.p.i.AbstractProblemLoader Creating init config 
416518     WARN  main            d.u.i.k.j.r.KeYCrossReferenceNameInfo Datatype java.io.InputStream declared twice: Once in FILE:/home/runner/work/key/key/key.core/../key.ui/examples/standard_key/java_dl/classpath/InputStream.java and once in URL:file:/home/runner/work/key/key/key.core/build/resources/main/de/uka/ilkd/key/java/JavaRedux/java/io/InputStream.java, Keeping one from URL:file:/home/runner/work/key/key/key.core/build/resources/main/de/uka/ilkd/key/java/JavaRedux/java/io/InputStream.java 
416518     WARN  main            d.u.i.k.j.r.KeYCrossReferenceNameInfo Datatype java.lang.System declared twice: Once in FILE:/home/runner/work/key/key/key.core/../key.ui/examples/standard_key/java_dl/classpath/System.java and once in URL:file:/home/runner/work/key/key/key.core/build/resources/main/de/uka/ilkd/key/java/JavaRedux/java/lang/System.java, Keeping one from URL:file:/home/runner/work/key/key/key.core/build/resources/main/de/uka/ilkd/key/java/JavaRedux/java/lang/System.java 
416518     WARN  main            d.u.i.k.j.r.KeYCrossReferenceNameInfo Datatype java.io.PrintStream declared twice: Once in FILE:/home/runner/work/key/key/key.core/../key.ui/examples/standard_key/java_dl/classpath/PrintStream.java and once in URL:file:/home/runner/work/key/key/key.core/build/resources/main/de/uka/ilkd/key/java/JavaRedux/java/io/PrintStream.java, Keeping one from URL:file:/home/runner/work/key/key/key.core/build/resources/main/de/uka/ilkd/key/java/JavaRedux/java/io/PrintStream.java 
416521     DEBUG main            d.u.i.k.j.r.ClassFileDeclarationBuilder Parsing: package java.io; public class Closeable { } 
416521     DEBUG main            r.s.KeYCrossReferenceSourceInfo Dynamically created class: java.io.Closeable 
418928     DEBUG main            d.u.i.k.p.i.AbstractProblemLoader Init config took 2.43s 
418944     INFO  main            d.u.i.k.p.i.AbstractProblemLoader Replaying proof reverseArray2.key 
418945     DEBUG main            d.u.i.k.p.i.IntermediateProofReplayer Proof replay took 44.4ns 
420351     INFO  main            d.u.i.k.p.r.p.TestFile    ... finished proof: closed. 
420940     INFO  main            d.u.i.k.p.i.AbstractProblemLoader Loading environment from /home/runner/work/key/key/key.core/../key.ui/examples/standard_key/java_dl/reverseArray2.key.proof 
420940     DEBUG main            d.u.i.k.p.i.AbstractProblemLoader Environment load took 106.7ns 
420941     INFO  main            d.u.i.k.p.i.AbstractProblemLoader Creating init config 
420961     WARN  main            d.u.i.k.j.r.KeYCrossReferenceNameInfo Datatype java.io.InputStream declared twice: Once in FILE:/home/runner/work/key/key/key.core/../key.ui/examples/standard_key/java_dl/classpath/InputStream.java and once in URL:file:/home/runner/work/key/key/key.core/build/resources/main/de/uka/ilkd/key/java/JavaRedux/java/io/InputStream.java, Keeping one from URL:file:/home/runner/work/key/key/key.core/build/resources/main/de/uka/ilkd/key/java/JavaRedux/java/io/InputStream.java 
420962     WARN  main            d.u.i.k.j.r.KeYCrossReferenceNameInfo Datatype java.lang.System declared twice: Once in FILE:/home/runner/work/key/key/key.core/../key.ui/examples/standard_key/java_dl/classpath/System.java and once in URL:file:/home/runner/work/key/key/key.core/build/resources/main/de/uka/ilkd/key/java/JavaRedux/java/lang/System.java, Keeping one from URL:file:/home/runner/work/key/key/key.core/build/resources/main/de/uka/ilkd/key/java/JavaRedux/java/lang/System.java 
420962     WARN  main            d.u.i.k.j.r.KeYCrossReferenceNameInfo Datatype java.io.PrintStream declared twice: Once in FILE:/home/runner/work/key/key/key.core/../key.ui/examples/standard_key/java_dl/classpath/PrintStream.java and once in URL:file:/home/runner/work/key/key/key.core/build/resources/main/de/uka/ilkd/key/java/JavaRedux/java/io/PrintStream.java, Keeping one from URL:file:/home/runner/work/key/key/key.core/build/resources/main/de/uka/ilkd/key/java/JavaRedux/java/io/PrintStream.java 
420966     DEBUG main            d.u.i.k.j.r.ClassFileDeclarationBuilder Parsing: package java.io; public class Closeable { } 
420966     DEBUG main            r.s.KeYCrossReferenceSourceInfo Dynamically created class: java.io.Closeable 
423255     DEBUG main            d.u.i.k.p.i.AbstractProblemLoader Init config took 2.31s 
423270     INFO  main            d.u.i.k.p.i.AbstractProblemLoader Replaying proof reverseArray2.key.proof 
423485     DEBUG main            d.u.i.k.p.i.IntermediateProofReplayer Proof replay took 210.35ms 
423487     DEBUG main            d.u.i.k.p.r.p.TestFile    ... success: reloaded. 
423488     INFO  main            d.u.i.k.p.r.p.TestFile    Now processing file /home/runner/work/key/key/key.core/../key.ui/examples/standard_key/java_dl/simpleAssignment.key 
423488     INFO  main            d.u.i.k.p.i.AbstractProblemLoader Loading environment from /home/runner/work/key/key/key.core/../key.ui/examples/standard_key/java_dl/simpleAssignment.key 
423488     DEBUG main            d.u.i.k.p.i.AbstractProblemLoader Environment load took 82.6ns 
423489     INFO  main            d.u.i.k.p.i.AbstractProblemLoader Creating init config 
425747     DEBUG main            d.u.i.k.p.i.AbstractProblemLoader Init config took 2.26s 
425761     INFO  main            d.u.i.k.p.i.AbstractProblemLoader Replaying proof simpleAssignment.key 
425763     DEBUG main            d.u.i.k.p.i.IntermediateProofReplayer Proof replay took 3.4ns 
425864     INFO  main            d.u.i.k.p.r.p.TestFile    ... finished proof: closed. 
426398     INFO  main            d.u.i.k.p.i.AbstractProblemLoader Loading environment from /home/runner/work/key/key/key.core/../key.ui/examples/standard_key/java_dl/simpleAssignment.key.proof 
426398     DEBUG main            d.u.i.k.p.i.AbstractProblemLoader Environment load took 93.5ns 
426399     INFO  main            d.u.i.k.p.i.AbstractProblemLoader Creating init config 
428606     DEBUG main            d.u.i.k.p.i.AbstractProblemLoader Init config took 2.21s 
428621     INFO  main            d.u.i.k.p.i.AbstractProblemLoader Replaying proof simpleAssignment.key.proof 
428623     DEBUG main            d.u.i.k.p.i.IntermediateProofReplayer Proof replay took 667.01ns 
428623     DEBUG main            d.u.i.k.p.r.p.TestFile    ... success: reloaded. 
428624     INFO  main            d.u.i.k.p.r.p.TestFile    Now processing file /home/runner/work/key/key/key.core/../key.ui/examples/standard_key/java_dl/simpleAssignment2.key 
428624     INFO  main            d.u.i.k.p.i.AbstractProblemLoader Loading environment from /home/runner/work/key/key/key.core/../key.ui/examples/standard_key/java_dl/simpleAssignment2.key 
428624     DEBUG main            d.u.i.k.p.i.AbstractProblemLoader Environment load took 48ns 
428625     INFO  main            d.u.i.k.p.i.AbstractProblemLoader Creating init config 
430851     DEBUG main            d.u.i.k.p.i.AbstractProblemLoader Init config took 2.23s 
430865     INFO  main            d.u.i.k.p.i.AbstractProblemLoader Replaying proof simpleAssignment2.key 
430866     DEBUG main            d.u.i.k.p.i.IntermediateProofReplayer Proof replay took 4ns 
430969     INFO  main            d.u.i.k.p.r.p.TestFile    ... finished proof: closed. 
431469     INFO  main            d.u.i.k.p.i.AbstractProblemLoader Loading environment from /home/runner/work/key/key/key.core/../key.ui/examples/standard_key/java_dl/simpleAssignment2.key.proof 
431469     DEBUG main            d.u.i.k.p.i.AbstractProblemLoader Environment load took 94.1ns 
431470     INFO  main            d.u.i.k.p.i.AbstractProblemLoader Creating init config 
433659     DEBUG main            d.u.i.k.p.i.AbstractProblemLoader Init config took 2.19s 
433672     INFO  main            d.u.i.k.p.i.AbstractProblemLoader Replaying proof simpleAssignment2.key.proof 
433674     DEBUG main            d.u.i.k.p.i.IntermediateProofReplayer Proof replay took 401.4ns 
433675     DEBUG main            d.u.i.k.p.r.p.TestFile    ... success: reloaded. 
433675     INFO  main            d.u.i.k.p.r.p.TestFile    Now processing file /home/runner/work/key/key/key.core/../key.ui/examples/standard_key/java_dl/splittingWithQueries.key 
433675     INFO  main            d.u.i.k.p.i.AbstractProblemLoader Loading environment from /home/runner/work/key/key/key.core/../key.ui/examples/standard_key/java_dl/splittingWithQueries.key 
433676     DEBUG main            d.u.i.k.p.i.AbstractProblemLoader Environment load took 59.2ns 
433677     INFO  main            d.u.i.k.p.i.AbstractProblemLoader Creating init config 
435978     DEBUG main            d.u.i.k.p.i.AbstractProblemLoader Init config took 2.3s 
435992     INFO  main            d.u.i.k.p.i.AbstractProblemLoader Replaying proof splittingWithQueries.key 
435994     DEBUG main            d.u.i.k.p.i.IntermediateProofReplayer Proof replay took 4.4ns 
436096     INFO  main            d.u.i.k.p.r.p.TestFile    ... finished proof: closed. 
436597     INFO  main            d.u.i.k.p.i.AbstractProblemLoader Loading environment from /home/runner/work/key/key/key.core/../key.ui/examples/standard_key/java_dl/splittingWithQueries.key.proof 
436597     DEBUG main            d.u.i.k.p.i.AbstractProblemLoader Environment load took 94ns 
436598     INFO  main            d.u.i.k.p.i.AbstractProblemLoader Creating init config 
438862     DEBUG main            d.u.i.k.p.i.AbstractProblemLoader Init config took 2.26s 
438880     INFO  main            d.u.i.k.p.i.AbstractProblemLoader Replaying proof splittingWithQueries.key.proof 
438883     DEBUG main            d.u.i.k.p.i.IntermediateProofReplayer Proof replay took 1.56ms 
438884     DEBUG main            d.u.i.k.p.r.p.TestFile    ... success: reloaded. 
438885     INFO  main            d.u.i.k.p.r.p.TestFile    Now processing file /home/runner/work/key/key/key.core/../key.ui/examples/standard_key/java_dl/strassen/strassen.key 
438886     INFO  main            d.u.i.k.p.i.AbstractProblemLoader Loading environment from /home/runner/work/key/key/key.core/../key.ui/examples/standard_key/java_dl/strassen/strassen.key 
438886     DEBUG main            d.u.i.k.p.i.AbstractProblemLoader Environment load took 73.3ns 
438886     INFO  main            d.u.i.k.p.i.AbstractProblemLoader Creating init config 
441254     DEBUG main            d.u.i.k.p.i.AbstractProblemLoader Init config took 2.37s 
441291     INFO  main            d.u.i.k.p.i.AbstractProblemLoader Replaying proof Matrix22[Matrix22::strassen(Matrix22,Matrix22)].JML normal_behavior operation contract.0 
441293     DEBUG main            d.u.i.k.p.i.IntermediateProofReplayer Proof replay took 3.7ns 
446147     INFO  main            d.u.i.k.p.r.p.TestFile    ... finished proof: closed. 
446808     INFO  main            d.u.i.k.p.i.AbstractProblemLoader Loading environment from /home/runner/work/key/key/key.core/../key.ui/examples/standard_key/java_dl/strassen/strassen.key.proof 
446808     DEBUG main            d.u.i.k.p.i.AbstractProblemLoader Environment load took 184.6ns 
446810     INFO  main            d.u.i.k.p.i.AbstractProblemLoader Creating init config 
449138     DEBUG main            d.u.i.k.p.i.AbstractProblemLoader Init config took 2.33s 
449173     INFO  main            d.u.i.k.p.i.AbstractProblemLoader Replaying proof Matrix22[Matrix22::strassen(Matrix22,Matrix22)].JML normal_behavior operation contract.0 
449871     DEBUG main            d.u.i.k.p.i.IntermediateProofReplayer Proof replay took 688.5ms 
449872     DEBUG main            d.u.i.k.p.r.p.TestFile    ... success: reloaded. 
449873     INFO  main            d.u.i.k.p.r.p.TestFile    Now processing file /home/runner/work/key/key/key.core/../key.ui/examples/standard_key/java_dl/symmArray.key 
449873     INFO  main            d.u.i.k.p.i.AbstractProblemLoader Loading environment from /home/runner/work/key/key/key.core/../key.ui/examples/standard_key/java_dl/symmArray.key 
449873     DEBUG main            d.u.i.k.p.i.AbstractProblemLoader Environment load took 71ns 
449876     INFO  main            d.u.i.k.p.i.AbstractProblemLoader Creating init config 
452299     DEBUG main            d.u.i.k.p.i.AbstractProblemLoader Init config took 2.42s 
452315     INFO  main            d.u.i.k.p.i.AbstractProblemLoader Replaying proof symmArray.key 
452316     DEBUG main            d.u.i.k.p.i.IntermediateProofReplayer Proof replay took 3.1ns 
550820     INFO  main            d.u.i.k.p.r.p.TestFile    ... finished proof: closed. 
551462     INFO  main            d.u.i.k.p.i.AbstractProblemLoader Loading environment from /home/runner/work/key/key/key.core/../key.ui/examples/standard_key/java_dl/symmArray.key.proof 
551462     DEBUG main            d.u.i.k.p.i.AbstractProblemLoader Environment load took 372.4ns 
551468     INFO  main            d.u.i.k.p.i.AbstractProblemLoader Creating init config 
553790     DEBUG main            d.u.i.k.p.i.AbstractProblemLoader Init config took 2.32s 
553807     INFO  main            d.u.i.k.p.i.AbstractProblemLoader Replaying proof symmArray.key.proof 
554903     DEBUG main            d.u.i.k.p.i.IntermediateProofReplayer Proof replay took 1.04s 
554909     DEBUG main            d.u.i.k.p.r.p.TestFile    ... success: reloaded. 
554910     INFO  main            d.u.i.k.p.r.p.TestFile    Now processing file /home/runner/work/key/key/key.core/../key.ui/examples/standard_key/java_dl/testcontext.key 
554910     INFO  main            d.u.i.k.p.i.AbstractProblemLoader Loading environment from /home/runner/work/key/key/key.core/../key.ui/examples/standard_key/java_dl/testcontext.key 
554910     DEBUG main            d.u.i.k.p.i.AbstractProblemLoader Environment load took 80.6ns 
554911     INFO  main            d.u.i.k.p.i.AbstractProblemLoader Creating init config 
554931     WARN  main            d.u.i.k.j.r.KeYCrossReferenceNameInfo Datatype java.io.InputStream declared twice: Once in FILE:/home/runner/work/key/key/key.core/../key.ui/examples/standard_key/java_dl/classpath/InputStream.java and once in URL:file:/home/runner/work/key/key/key.core/build/resources/main/de/uka/ilkd/key/java/JavaRedux/java/io/InputStream.java, Keeping one from URL:file:/home/runner/work/key/key/key.core/build/resources/main/de/uka/ilkd/key/java/JavaRedux/java/io/InputStream.java 
554931     WARN  main            d.u.i.k.j.r.KeYCrossReferenceNameInfo Datatype java.lang.System declared twice: Once in FILE:/home/runner/work/key/key/key.core/../key.ui/examples/standard_key/java_dl/classpath/System.java and once in URL:file:/home/runner/work/key/key/key.core/build/resources/main/de/uka/ilkd/key/java/JavaRedux/java/lang/System.java, Keeping one from URL:file:/home/runner/work/key/key/key.core/build/resources/main/de/uka/ilkd/key/java/JavaRedux/java/lang/System.java 
554931     WARN  main            d.u.i.k.j.r.KeYCrossReferenceNameInfo Datatype java.io.PrintStream declared twice: Once in FILE:/home/runner/work/key/key/key.core/../key.ui/examples/standard_key/java_dl/classpath/PrintStream.java and once in URL:file:/home/runner/work/key/key/key.core/build/resources/main/de/uka/ilkd/key/java/JavaRedux/java/io/PrintStream.java, Keeping one from URL:file:/home/runner/work/key/key/key.core/build/resources/main/de/uka/ilkd/key/java/JavaRedux/java/io/PrintStream.java 
554934     DEBUG main            d.u.i.k.j.r.ClassFileDeclarationBuilder Parsing: package java.io; public class Closeable { } 
554934     DEBUG main            r.s.KeYCrossReferenceSourceInfo Dynamically created class: java.io.Closeable 
557277     DEBUG main            d.u.i.k.p.i.AbstractProblemLoader Init config took 2.37s 
557292     INFO  main            d.u.i.k.p.i.AbstractProblemLoader Replaying proof testcontext.key 
557293     DEBUG main            d.u.i.k.p.i.IntermediateProofReplayer Proof replay took 3.4ns 
557598     INFO  main            d.u.i.k.p.r.p.TestFile    ... finished proof: closed. 
558270     INFO  main            d.u.i.k.p.i.AbstractProblemLoader Loading environment from /home/runner/work/key/key/key.core/../key.ui/examples/standard_key/java_dl/testcontext.key.proof 
558270     DEBUG main            d.u.i.k.p.i.AbstractProblemLoader Environment load took 97.6ns 
558271     INFO  main            d.u.i.k.p.i.AbstractProblemLoader Creating init config 
558291     WARN  main            d.u.i.k.j.r.KeYCrossReferenceNameInfo Datatype java.io.InputStream declared twice: Once in FILE:/home/runner/work/key/key/key.core/../key.ui/examples/standard_key/java_dl/classpath/InputStream.java and once in URL:file:/home/runner/work/key/key/key.core/build/resources/main/de/uka/ilkd/key/java/JavaRedux/java/io/InputStream.java, Keeping one from URL:file:/home/runner/work/key/key/key.core/build/resources/main/de/uka/ilkd/key/java/JavaRedux/java/io/InputStream.java 
558292     WARN  main            d.u.i.k.j.r.KeYCrossReferenceNameInfo Datatype java.lang.System declared twice: Once in FILE:/home/runner/work/key/key/key.core/../key.ui/examples/standard_key/java_dl/classpath/System.java and once in URL:file:/home/runner/work/key/key/key.core/build/resources/main/de/uka/ilkd/key/java/JavaRedux/java/lang/System.java, Keeping one from URL:file:/home/runner/work/key/key/key.core/build/resources/main/de/uka/ilkd/key/java/JavaRedux/java/lang/System.java 
558292     WARN  main            d.u.i.k.j.r.KeYCrossReferenceNameInfo Datatype java.io.PrintStream declared twice: Once in FILE:/home/runner/work/key/key/key.core/../key.ui/examples/standard_key/java_dl/classpath/PrintStream.java and once in URL:file:/home/runner/work/key/key/key.core/build/resources/main/de/uka/ilkd/key/java/JavaRedux/java/io/PrintStream.java, Keeping one from URL:file:/home/runner/work/key/key/key.core/build/resources/main/de/uka/ilkd/key/java/JavaRedux/java/io/PrintStream.java 
558295     DEBUG main            d.u.i.k.j.r.ClassFileDeclarationBuilder Parsing: package java.io; public class Closeable { } 
558295     DEBUG main            r.s.KeYCrossReferenceSourceInfo Dynamically created class: java.io.Closeable 
560528     DEBUG main            d.u.i.k.p.i.AbstractProblemLoader Init config took 2.26s 
560543     INFO  main            d.u.i.k.p.i.AbstractProblemLoader Replaying proof testcontext.key.proof 
560597     DEBUG main            d.u.i.k.p.i.IntermediateProofReplayer Proof replay took 51.65ms 
560598     DEBUG main            d.u.i.k.p.r.p.TestFile    ... success: reloaded. 
560599     INFO  main            d.u.i.k.p.r.p.TestFile    Now processing file /home/runner/work/key/key/key.core/../key.ui/examples/standard_key/staticInitialisation/cascadeStaticInitialisation.key 
560599     INFO  main            d.u.i.k.p.i.AbstractProblemLoader Loading environment from /home/runner/work/key/key/key.core/../key.ui/examples/standard_key/staticInitialisation/cascadeStaticInitialisation.key 
560599     DEBUG main            d.u.i.k.p.i.AbstractProblemLoader Environment load took 52.4ns 
560601     INFO  main            d.u.i.k.p.i.AbstractProblemLoader Creating init config 
560621     WARN  main            d.u.i.k.j.r.KeYCrossReferenceNameInfo Datatype java.lang.System declared twice: Once in FILE:/home/runner/work/key/key/key.core/../key.ui/examples/standard_key/staticInitialisation/classpath/System.java and once in URL:file:/home/runner/work/key/key/key.core/build/resources/main/de/uka/ilkd/key/java/JavaRedux/java/lang/System.java, Keeping one from URL:file:/home/runner/work/key/key/key.core/build/resources/main/de/uka/ilkd/key/java/JavaRedux/java/lang/System.java 
560621     WARN  main            d.u.i.k.j.r.KeYCrossReferenceNameInfo Datatype java.io.PrintStream declared twice: Once in FILE:/home/runner/work/key/key/key.core/../key.ui/examples/standard_key/staticInitialisation/classpath/PrintStream.java and once in URL:file:/home/runner/work/key/key/key.core/build/resources/main/de/uka/ilkd/key/java/JavaRedux/java/io/PrintStream.java, Keeping one from URL:file:/home/runner/work/key/key/key.core/build/resources/main/de/uka/ilkd/key/java/JavaRedux/java/io/PrintStream.java 
562982     DEBUG main            d.u.i.k.p.i.AbstractProblemLoader Init config took 2.38s 
562997     INFO  main            d.u.i.k.p.i.AbstractProblemLoader Replaying proof cascadeStaticInitialisation.key 
562998     DEBUG main            d.u.i.k.p.i.IntermediateProofReplayer Proof replay took 4.1ns 
563703     INFO  main            d.u.i.k.p.r.p.TestFile    ... finished proof: closed. 
564308     INFO  main            d.u.i.k.p.i.AbstractProblemLoader Loading environment from /home/runner/work/key/key/key.core/../key.ui/examples/standard_key/staticInitialisation/cascadeStaticInitialisation.key.proof 
564308     DEBUG main            d.u.i.k.p.i.AbstractProblemLoader Environment load took 101.7ns 
564309     INFO  main            d.u.i.k.p.i.AbstractProblemLoader Creating init config 
564330     WARN  main            d.u.i.k.j.r.KeYCrossReferenceNameInfo Datatype java.lang.System declared twice: Once in FILE:/home/runner/work/key/key/key.core/../key.ui/examples/standard_key/staticInitialisation/classpath/System.java and once in URL:file:/home/runner/work/key/key/key.core/build/resources/main/de/uka/ilkd/key/java/JavaRedux/java/lang/System.java, Keeping one from URL:file:/home/runner/work/key/key/key.core/build/resources/main/de/uka/ilkd/key/java/JavaRedux/java/lang/System.java 
564330     WARN  main            d.u.i.k.j.r.KeYCrossReferenceNameInfo Datatype java.io.PrintStream declared twice: Once in FILE:/home/runner/work/key/key/key.core/../key.ui/examples/standard_key/staticInitialisation/classpath/PrintStream.java and once in URL:file:/home/runner/work/key/key/key.core/build/resources/main/de/uka/ilkd/key/java/JavaRedux/java/io/PrintStream.java, Keeping one from URL:file:/home/runner/work/key/key/key.core/build/resources/main/de/uka/ilkd/key/java/JavaRedux/java/io/PrintStream.java 
566643     DEBUG main            d.u.i.k.p.i.AbstractProblemLoader Init config took 2.33s 
566658     INFO  main            d.u.i.k.p.i.AbstractProblemLoader Replaying proof cascadeStaticInitialisation.key.proof 
566800     DEBUG main            d.u.i.k.p.i.IntermediateProofReplayer Proof replay took 138.77ms 
566802     DEBUG main            d.u.i.k.p.r.p.TestFile    ... success: reloaded. 
566802     INFO  main            d.u.i.k.p.r.p.TestFile    Now processing file /home/runner/work/key/key/key.core/../key.ui/examples/standard_key/staticInitialisation/erroneousClassImpliesErroneousSubclass.key 
566802     INFO  main            d.u.i.k.p.i.AbstractProblemLoader Loading environment from /home/runner/work/key/key/key.core/../key.ui/examples/standard_key/staticInitialisation/erroneousClassImpliesErroneousSubclass.key 
566802     DEBUG main            d.u.i.k.p.i.AbstractProblemLoader Environment load took 52.7ns 
566804     INFO  main            d.u.i.k.p.i.AbstractProblemLoader Creating init config 
566823     WARN  main            d.u.i.k.j.r.KeYCrossReferenceNameInfo Datatype java.lang.System declared twice: Once in FILE:/home/runner/work/key/key/key.core/../key.ui/examples/standard_key/staticInitialisation/classpath/System.java and once in URL:file:/home/runner/work/key/key/key.core/build/resources/main/de/uka/ilkd/key/java/JavaRedux/java/lang/System.java, Keeping one from URL:file:/home/runner/work/key/key/key.core/build/resources/main/de/uka/ilkd/key/java/JavaRedux/java/lang/System.java 
566823     WARN  main            d.u.i.k.j.r.KeYCrossReferenceNameInfo Datatype java.io.PrintStream declared twice: Once in FILE:/home/runner/work/key/key/key.core/../key.ui/examples/standard_key/staticInitialisation/classpath/PrintStream.java and once in URL:file:/home/runner/work/key/key/key.core/build/resources/main/de/uka/ilkd/key/java/JavaRedux/java/io/PrintStream.java, Keeping one from URL:file:/home/runner/work/key/key/key.core/build/resources/main/de/uka/ilkd/key/java/JavaRedux/java/io/PrintStream.java 
569177     DEBUG main            d.u.i.k.p.i.AbstractProblemLoader Init config took 2.37s 
569190     INFO  main            d.u.i.k.p.i.AbstractProblemLoader Replaying proof erroneousClassImpliesErroneousSubclass.key 
569192     DEBUG main            d.u.i.k.p.i.IntermediateProofReplayer Proof replay took 3ns 
569293     INFO  main            d.u.i.k.p.r.p.TestFile    ... finished proof: closed. 
569878     INFO  main            d.u.i.k.p.i.AbstractProblemLoader Loading environment from /home/runner/work/key/key/key.core/../key.ui/examples/standard_key/staticInitialisation/erroneousClassImpliesErroneousSubclass.key.proof 
569878     DEBUG main            d.u.i.k.p.i.AbstractProblemLoader Environment load took 97.1ns 
569879     INFO  main            d.u.i.k.p.i.AbstractProblemLoader Creating init config 
569899     WARN  main            d.u.i.k.j.r.KeYCrossReferenceNameInfo Datatype java.lang.System declared twice: Once in FILE:/home/runner/work/key/key/key.core/../key.ui/examples/standard_key/staticInitialisation/classpath/System.java and once in URL:file:/home/runner/work/key/key/key.core/build/resources/main/de/uka/ilkd/key/java/JavaRedux/java/lang/System.java, Keeping one from URL:file:/home/runner/work/key/key/key.core/build/resources/main/de/uka/ilkd/key/java/JavaRedux/java/lang/System.java 
569899     WARN  main            d.u.i.k.j.r.KeYCrossReferenceNameInfo Datatype java.io.PrintStream declared twice: Once in FILE:/home/runner/work/key/key/key.core/../key.ui/examples/standard_key/staticInitialisation/classpath/PrintStream.java and once in URL:file:/home/runner/work/key/key/key.core/build/resources/main/de/uka/ilkd/key/java/JavaRedux/java/io/PrintStream.java, Keeping one from URL:file:/home/runner/work/key/key/key.core/build/resources/main/de/uka/ilkd/key/java/JavaRedux/java/io/PrintStream.java 
572136     DEBUG main            d.u.i.k.p.i.AbstractProblemLoader Init config took 2.26s 
572149     INFO  main            d.u.i.k.p.i.AbstractProblemLoader Replaying proof erroneousClassImpliesErroneousSubclass.key.proof 
572151     DEBUG main            d.u.i.k.p.i.IntermediateProofReplayer Proof replay took 528.61ns 
572152     DEBUG main            d.u.i.k.p.r.p.TestFile    ... success: reloaded. 
572153     INFO  main            d.u.i.k.p.r.p.TestFile    Now processing file /home/runner/work/key/key/key.core/../key.ui/examples/standard_key/staticInitialisation/initializedSubclassImpliesInitializedSuperclass.key 
572153     INFO  main            d.u.i.k.p.i.AbstractProblemLoader Loading environment from /home/runner/work/key/key/key.core/../key.ui/examples/standard_key/staticInitialisation/initializedSubclassImpliesInitializedSuperclass.key 
572153     DEBUG main            d.u.i.k.p.i.AbstractProblemLoader Environment load took 65.6ns 
572154     INFO  main            d.u.i.k.p.i.AbstractProblemLoader Creating init config 
572173     WARN  main            d.u.i.k.j.r.KeYCrossReferenceNameInfo Datatype java.lang.System declared twice: Once in FILE:/home/runner/work/key/key/key.core/../key.ui/examples/standard_key/staticInitialisation/classpath/System.java and once in URL:file:/home/runner/work/key/key/key.core/build/resources/main/de/uka/ilkd/key/java/JavaRedux/java/lang/System.java, Keeping one from URL:file:/home/runner/work/key/key/key.core/build/resources/main/de/uka/ilkd/key/java/JavaRedux/java/lang/System.java 
572173     WARN  main            d.u.i.k.j.r.KeYCrossReferenceNameInfo Datatype java.io.PrintStream declared twice: Once in FILE:/home/runner/work/key/key/key.core/../key.ui/examples/standard_key/staticInitialisation/classpath/PrintStream.java and once in URL:file:/home/runner/work/key/key/key.core/build/resources/main/de/uka/ilkd/key/java/JavaRedux/java/io/PrintStream.java, Keeping one from URL:file:/home/runner/work/key/key/key.core/build/resources/main/de/uka/ilkd/key/java/JavaRedux/java/io/PrintStream.java 
574503     DEBUG main            d.u.i.k.p.i.AbstractProblemLoader Init config took 2.35s 
574537     INFO  main            d.u.i.k.p.i.AbstractProblemLoader Replaying proof initializedSubclassImpliesInitializedSuperclass.key 
574538     DEBUG main            d.u.i.k.p.i.IntermediateProofReplayer Proof replay took 4.4ns 
574640     INFO  main            d.u.i.k.p.r.p.TestFile    ... finished proof: closed. 
575181     INFO  main            d.u.i.k.p.i.AbstractProblemLoader Loading environment from /home/runner/work/key/key/key.core/../key.ui/examples/standard_key/staticInitialisation/initializedSubclassImpliesInitializedSuperclass.key.proof 
575182     DEBUG main            d.u.i.k.p.i.AbstractProblemLoader Environment load took 96.6ns 
575183     INFO  main            d.u.i.k.p.i.AbstractProblemLoader Creating init config 
575202     WARN  main            d.u.i.k.j.r.KeYCrossReferenceNameInfo Datatype java.lang.System declared twice: Once in FILE:/home/runner/work/key/key/key.core/../key.ui/examples/standard_key/staticInitialisation/classpath/System.java and once in URL:file:/home/runner/work/key/key/key.core/build/resources/main/de/uka/ilkd/key/java/JavaRedux/java/lang/System.java, Keeping one from URL:file:/home/runner/work/key/key/key.core/build/resources/main/de/uka/ilkd/key/java/JavaRedux/java/lang/System.java 
575202     WARN  main            d.u.i.k.j.r.KeYCrossReferenceNameInfo Datatype java.io.PrintStream declared twice: Once in FILE:/home/runner/work/key/key/key.core/../key.ui/examples/standard_key/staticInitialisation/classpath/PrintStream.java and once in URL:file:/home/runner/work/key/key/key.core/build/resources/main/de/uka/ilkd/key/java/JavaRedux/java/io/PrintStream.java, Keeping one from URL:file:/home/runner/work/key/key/key.core/build/resources/main/de/uka/ilkd/key/java/JavaRedux/java/io/PrintStream.java 
577440     DEBUG main            d.u.i.k.p.i.AbstractProblemLoader Init config took 2.26s 
577454     INFO  main            d.u.i.k.p.i.AbstractProblemLoader Replaying proof initializedSubclassImpliesInitializedSuperclass.key.proof 
577456     DEBUG main            d.u.i.k.p.i.IntermediateProofReplayer Proof replay took 434.9ns 
577457     DEBUG main            d.u.i.k.p.r.p.TestFile    ... success: reloaded. 
577458     INFO  main            d.u.i.k.p.r.p.TestFile    Now processing file /home/runner/work/key/key/key.core/../key.ui/examples/standard_key/staticInitialisation/localDeclared.key 
577458     INFO  main            d.u.i.k.p.i.AbstractProblemLoader Loading environment from /home/runner/work/key/key/key.core/../key.ui/examples/standard_key/staticInitialisation/localDeclared.key 
577458     DEBUG main            d.u.i.k.p.i.AbstractProblemLoader Environment load took 64.4ns 
577459     INFO  main            d.u.i.k.p.i.AbstractProblemLoader Creating init config 
577478     WARN  main            d.u.i.k.j.r.KeYCrossReferenceNameInfo Datatype java.lang.System declared twice: Once in FILE:/home/runner/work/key/key/key.core/../key.ui/examples/standard_key/staticInitialisation/classpath/System.java and once in URL:file:/home/runner/work/key/key/key.core/build/resources/main/de/uka/ilkd/key/java/JavaRedux/java/lang/System.java, Keeping one from URL:file:/home/runner/work/key/key/key.core/build/resources/main/de/uka/ilkd/key/java/JavaRedux/java/lang/System.java 
577478     WARN  main            d.u.i.k.j.r.KeYCrossReferenceNameInfo Datatype java.io.PrintStream declared twice: Once in FILE:/home/runner/work/key/key/key.core/../key.ui/examples/standard_key/staticInitialisation/classpath/PrintStream.java and once in URL:file:/home/runner/work/key/key/key.core/build/resources/main/de/uka/ilkd/key/java/JavaRedux/java/io/PrintStream.java, Keeping one from URL:file:/home/runner/work/key/key/key.core/build/resources/main/de/uka/ilkd/key/java/JavaRedux/java/io/PrintStream.java 
579752     DEBUG main            d.u.i.k.p.i.AbstractProblemLoader Init config took 2.29s 
579766     INFO  main            d.u.i.k.p.i.AbstractProblemLoader Replaying proof localDeclared.key 
579767     DEBUG main            d.u.i.k.p.i.IntermediateProofReplayer Proof replay took 4.2ns 
580071     INFO  main            d.u.i.k.p.r.p.TestFile    ... finished proof: closed. 
580634     INFO  main            d.u.i.k.p.i.AbstractProblemLoader Loading environment from /home/runner/work/key/key/key.core/../key.ui/examples/standard_key/staticInitialisation/localDeclared.key.proof 
580635     DEBUG main            d.u.i.k.p.i.AbstractProblemLoader Environment load took 385.61ns 
580636     INFO  main            d.u.i.k.p.i.AbstractProblemLoader Creating init config 
580655     WARN  main            d.u.i.k.j.r.KeYCrossReferenceNameInfo Datatype java.lang.System declared twice: Once in FILE:/home/runner/work/key/key/key.core/../key.ui/examples/standard_key/staticInitialisation/classpath/System.java and once in URL:file:/home/runner/work/key/key/key.core/build/resources/main/de/uka/ilkd/key/java/JavaRedux/java/lang/System.java, Keeping one from URL:file:/home/runner/work/key/key/key.core/build/resources/main/de/uka/ilkd/key/java/JavaRedux/java/lang/System.java 
580655     WARN  main            d.u.i.k.j.r.KeYCrossReferenceNameInfo Datatype java.io.PrintStream declared twice: Once in FILE:/home/runner/work/key/key/key.core/../key.ui/examples/standard_key/staticInitialisation/classpath/PrintStream.java and once in URL:file:/home/runner/work/key/key/key.core/build/resources/main/de/uka/ilkd/key/java/JavaRedux/java/io/PrintStream.java, Keeping one from URL:file:/home/runner/work/key/key/key.core/build/resources/main/de/uka/ilkd/key/java/JavaRedux/java/io/PrintStream.java 
582978     DEBUG main            d.u.i.k.p.i.AbstractProblemLoader Init config took 2.34s 
582992     INFO  main            d.u.i.k.p.i.AbstractProblemLoader Replaying proof localDeclared.key.proof 
583047     DEBUG main            d.u.i.k.p.i.IntermediateProofReplayer Proof replay took 53.26ms 
583049     DEBUG main            d.u.i.k.p.r.p.TestFile    ... success: reloaded. 
583049     INFO  main            d.u.i.k.p.r.p.TestFile    Now processing file /home/runner/work/key/key/key.core/../key.ui/examples/standard_key/staticInitialisation/localDeclaredMethod.key 
583050     INFO  main            d.u.i.k.p.i.AbstractProblemLoader Loading environment from /home/runner/work/key/key/key.core/../key.ui/examples/standard_key/staticInitialisation/localDeclaredMethod.key 
583050     DEBUG main            d.u.i.k.p.i.AbstractProblemLoader Environment load took 120.7ns 
583052     INFO  main            d.u.i.k.p.i.AbstractProblemLoader Creating init config 
583070     WARN  main            d.u.i.k.j.r.KeYCrossReferenceNameInfo Datatype java.lang.System declared twice: Once in FILE:/home/runner/work/key/key/key.core/../key.ui/examples/standard_key/staticInitialisation/classpath/System.java and once in URL:file:/home/runner/work/key/key/key.core/build/resources/main/de/uka/ilkd/key/java/JavaRedux/java/lang/System.java, Keeping one from URL:file:/home/runner/work/key/key/key.core/build/resources/main/de/uka/ilkd/key/java/JavaRedux/java/lang/System.java 
583070     WARN  main            d.u.i.k.j.r.KeYCrossReferenceNameInfo Datatype java.io.PrintStream declared twice: Once in FILE:/home/runner/work/key/key/key.core/../key.ui/examples/standard_key/staticInitialisation/classpath/PrintStream.java and once in URL:file:/home/runner/work/key/key/key.core/build/resources/main/de/uka/ilkd/key/java/JavaRedux/java/io/PrintStream.java, Keeping one from URL:file:/home/runner/work/key/key/key.core/build/resources/main/de/uka/ilkd/key/java/JavaRedux/java/io/PrintStream.java 
585430     DEBUG main            d.u.i.k.p.i.AbstractProblemLoader Init config took 2.38s 
585445     INFO  main            d.u.i.k.p.i.AbstractProblemLoader Replaying proof localDeclaredMethod.key 
585446     DEBUG main            d.u.i.k.p.i.IntermediateProofReplayer Proof replay took 4.7ns 
585755     INFO  main            d.u.i.k.p.r.p.TestFile    ... finished proof: closed. 
586328     INFO  main            d.u.i.k.p.i.AbstractProblemLoader Loading environment from /home/runner/work/key/key/key.core/../key.ui/examples/standard_key/staticInitialisation/localDeclaredMethod.key.proof 
586328     DEBUG main            d.u.i.k.p.i.AbstractProblemLoader Environment load took 158.6ns 
586330     INFO  main            d.u.i.k.p.i.AbstractProblemLoader Creating init config 
586350     WARN  main            d.u.i.k.j.r.KeYCrossReferenceNameInfo Datatype java.lang.System declared twice: Once in FILE:/home/runner/work/key/key/key.core/../key.ui/examples/standard_key/staticInitialisation/classpath/System.java and once in URL:file:/home/runner/work/key/key/key.core/build/resources/main/de/uka/ilkd/key/java/JavaRedux/java/lang/System.java, Keeping one from URL:file:/home/runner/work/key/key/key.core/build/resources/main/de/uka/ilkd/key/java/JavaRedux/java/lang/System.java 
586350     WARN  main            d.u.i.k.j.r.KeYCrossReferenceNameInfo Datatype java.io.PrintStream declared twice: Once in FILE:/home/runner/work/key/key/key.core/../key.ui/examples/standard_key/staticInitialisation/classpath/PrintStream.java and once in URL:file:/home/runner/work/key/key/key.core/build/resources/main/de/uka/ilkd/key/java/JavaRedux/java/io/PrintStream.java, Keeping one from URL:file:/home/runner/work/key/key/key.core/build/resources/main/de/uka/ilkd/key/java/JavaRedux/java/io/PrintStream.java 
588583     DEBUG main            d.u.i.k.p.i.AbstractProblemLoader Init config took 2.25s 
588597     INFO  main            d.u.i.k.p.i.AbstractProblemLoader Replaying proof localDeclaredMethod.key.proof 
588648     DEBUG main            d.u.i.k.p.i.IntermediateProofReplayer Proof replay took 48.33ms 
588649     DEBUG main            d.u.i.k.p.r.p.TestFile    ... success: reloaded. 
588650     INFO  main            d.u.i.k.p.r.p.TestFile    Now processing file /home/runner/work/key/key/key.core/../key.ui/examples/standard_key/staticInitialisation/objectOfErroneousClass.key 
588650     INFO  main            d.u.i.k.p.i.AbstractProblemLoader Loading environment from /home/runner/work/key/key/key.core/../key.ui/examples/standard_key/staticInitialisation/objectOfErroneousClass.key 
588650     DEBUG main            d.u.i.k.p.i.AbstractProblemLoader Environment load took 81ns 
588651     INFO  main            d.u.i.k.p.i.AbstractProblemLoader Creating init config 
588670     WARN  main            d.u.i.k.j.r.KeYCrossReferenceNameInfo Datatype java.lang.System declared twice: Once in FILE:/home/runner/work/key/key/key.core/../key.ui/examples/standard_key/staticInitialisation/classpath/System.java and once in URL:file:/home/runner/work/key/key/key.core/build/resources/main/de/uka/ilkd/key/java/JavaRedux/java/lang/System.java, Keeping one from URL:file:/home/runner/work/key/key/key.core/build/resources/main/de/uka/ilkd/key/java/JavaRedux/java/lang/System.java 
588670     WARN  main            d.u.i.k.j.r.KeYCrossReferenceNameInfo Datatype java.io.PrintStream declared twice: Once in FILE:/home/runner/work/key/key/key.core/../key.ui/examples/standard_key/staticInitialisation/classpath/PrintStream.java and once in URL:file:/home/runner/work/key/key/key.core/build/resources/main/de/uka/ilkd/key/java/JavaRedux/java/io/PrintStream.java, Keeping one from URL:file:/home/runner/work/key/key/key.core/build/resources/main/de/uka/ilkd/key/java/JavaRedux/java/io/PrintStream.java 
590944     DEBUG main            d.u.i.k.p.i.AbstractProblemLoader Init config took 2.29s 
590981     INFO  main            d.u.i.k.p.i.AbstractProblemLoader Replaying proof objectOfErroneousClass.key 
590985     DEBUG main            d.u.i.k.p.i.IntermediateProofReplayer Proof replay took 5.3ns 
604352     INFO  main            d.u.i.k.p.r.p.TestFile    ... finished proof: closed. 
604994     INFO  main            d.u.i.k.p.i.AbstractProblemLoader Loading environment from /home/runner/work/key/key/key.core/../key.ui/examples/standard_key/staticInitialisation/objectOfErroneousClass.key.proof 
604994     DEBUG main            d.u.i.k.p.i.AbstractProblemLoader Environment load took 100.6ns 
604998     INFO  main            d.u.i.k.p.i.AbstractProblemLoader Creating init config 
605017     WARN  main            d.u.i.k.j.r.KeYCrossReferenceNameInfo Datatype java.lang.System declared twice: Once in FILE:/home/runner/work/key/key/key.core/../key.ui/examples/standard_key/staticInitialisation/classpath/System.java and once in URL:file:/home/runner/work/key/key/key.core/build/resources/main/de/uka/ilkd/key/java/JavaRedux/java/lang/System.java, Keeping one from URL:file:/home/runner/work/key/key/key.core/build/resources/main/de/uka/ilkd/key/java/JavaRedux/java/lang/System.java 
605017     WARN  main            d.u.i.k.j.r.KeYCrossReferenceNameInfo Datatype java.io.PrintStream declared twice: Once in FILE:/home/runner/work/key/key/key.core/../key.ui/examples/standard_key/staticInitialisation/classpath/PrintStream.java and once in URL:file:/home/runner/work/key/key/key.core/build/resources/main/de/uka/ilkd/key/java/JavaRedux/java/io/PrintStream.java, Keeping one from URL:file:/home/runner/work/key/key/key.core/build/resources/main/de/uka/ilkd/key/java/JavaRedux/java/io/PrintStream.java 
607244     DEBUG main            d.u.i.k.p.i.AbstractProblemLoader Init config took 2.25s 
607259     INFO  main            d.u.i.k.p.i.AbstractProblemLoader Replaying proof objectOfErroneousClass.key.proof 
609319     DEBUG main            d.u.i.k.p.i.IntermediateProofReplayer Proof replay took 2.03s 
609323     DEBUG main            d.u.i.k.p.r.p.TestFile    ... success: reloaded. 
609324     INFO  main            d.u.i.k.p.r.p.TestFile    Now processing file /home/runner/work/key/key/key.core/../key.ui/examples/standard_key/staticInitialisation/staticInitialisersAreNonSimple.key 
609324     INFO  main            d.u.i.k.p.i.AbstractProblemLoader Loading environment from /home/runner/work/key/key/key.core/../key.ui/examples/standard_key/staticInitialisation/staticInitialisersAreNonSimple.key 
609324     DEBUG main            d.u.i.k.p.i.AbstractProblemLoader Environment load took 80.6ns 
609326     INFO  main            d.u.i.k.p.i.AbstractProblemLoader Creating init config 
609344     WARN  main            d.u.i.k.j.r.KeYCrossReferenceNameInfo Datatype java.lang.System declared twice: Once in FILE:/home/runner/work/key/key/key.core/../key.ui/examples/standard_key/staticInitialisation/classpath/System.java and once in URL:file:/home/runner/work/key/key/key.core/build/resources/main/de/uka/ilkd/key/java/JavaRedux/java/lang/System.java, Keeping one from URL:file:/home/runner/work/key/key/key.core/build/resources/main/de/uka/ilkd/key/java/JavaRedux/java/lang/System.java 
609344     WARN  main            d.u.i.k.j.r.KeYCrossReferenceNameInfo Datatype java.io.PrintStream declared twice: Once in FILE:/home/runner/work/key/key/key.core/../key.ui/examples/standard_key/staticInitialisation/classpath/PrintStream.java and once in URL:file:/home/runner/work/key/key/key.core/build/resources/main/de/uka/ilkd/key/java/JavaRedux/java/io/PrintStream.java, Keeping one from URL:file:/home/runner/work/key/key/key.core/build/resources/main/de/uka/ilkd/key/java/JavaRedux/java/io/PrintStream.java 
611664     DEBUG main            d.u.i.k.p.i.AbstractProblemLoader Init config took 2.34s 
611679     INFO  main            d.u.i.k.p.i.AbstractProblemLoader Replaying proof staticInitialisersAreNonSimple.key 
611681     DEBUG main            d.u.i.k.p.i.IntermediateProofReplayer Proof replay took 3.9ns 
612084     INFO  main            d.u.i.k.p.r.p.TestFile    ... finished proof: closed. 
612733     INFO  main            d.u.i.k.p.i.AbstractProblemLoader Loading environment from /home/runner/work/key/key/key.core/../key.ui/examples/standard_key/staticInitialisation/staticInitialisersAreNonSimple.key.proof 
612734     DEBUG main            d.u.i.k.p.i.AbstractProblemLoader Environment load took 98.8ns 
612735     INFO  main            d.u.i.k.p.i.AbstractProblemLoader Creating init config 
612755     WARN  main            d.u.i.k.j.r.KeYCrossReferenceNameInfo Datatype java.lang.System declared twice: Once in FILE:/home/runner/work/key/key/key.core/../key.ui/examples/standard_key/staticInitialisation/classpath/System.java and once in URL:file:/home/runner/work/key/key/key.core/build/resources/main/de/uka/ilkd/key/java/JavaRedux/java/lang/System.java, Keeping one from URL:file:/home/runner/work/key/key/key.core/build/resources/main/de/uka/ilkd/key/java/JavaRedux/java/lang/System.java 
612755     WARN  main            d.u.i.k.j.r.KeYCrossReferenceNameInfo Datatype java.io.PrintStream declared twice: Once in FILE:/home/runner/work/key/key/key.core/../key.ui/examples/standard_key/staticInitialisation/classpath/PrintStream.java and once in URL:file:/home/runner/work/key/key/key.core/build/resources/main/de/uka/ilkd/key/java/JavaRedux/java/io/PrintStream.java, Keeping one from URL:file:/home/runner/work/key/key/key.core/build/resources/main/de/uka/ilkd/key/java/JavaRedux/java/io/PrintStream.java 
614984     DEBUG main            d.u.i.k.p.i.AbstractProblemLoader Init config took 2.25s 
614999     INFO  main            d.u.i.k.p.i.AbstractProblemLoader Replaying proof staticInitialisersAreNonSimple.key.proof 
615071     DEBUG main            d.u.i.k.p.i.IntermediateProofReplayer Proof replay took 70.15ms 
615073     DEBUG main            d.u.i.k.p.r.p.TestFile    ... success: reloaded. 
615073     INFO  main            d.u.i.k.p.r.p.TestFile    Now processing file /home/runner/work/key/key/key.core/../key.ui/examples/standard_key/types/disjoint.key 
615074     INFO  main            d.u.i.k.p.i.AbstractProblemLoader Loading environment from /home/runner/work/key/key/key.core/../key.ui/examples/standard_key/types/disjoint.key 
615074     DEBUG main            d.u.i.k.p.i.AbstractProblemLoader Environment load took 102.4ns 
615075     INFO  main            d.u.i.k.p.i.AbstractProblemLoader Creating init config 
617299     DEBUG main            d.u.i.k.p.i.AbstractProblemLoader Init config took 2.22s 
617313     INFO  main            d.u.i.k.p.i.AbstractProblemLoader Replaying proof disjoint.key 
617314     DEBUG main            d.u.i.k.p.i.IntermediateProofReplayer Proof replay took 2.9ns 
617416     INFO  main            d.u.i.k.p.r.p.TestFile    ... finished proof: closed. 
618013     INFO  main            d.u.i.k.p.i.AbstractProblemLoader Loading environment from /home/runner/work/key/key/key.core/../key.ui/examples/standard_key/types/disjoint.key.proof 
618013     DEBUG main            d.u.i.k.p.i.AbstractProblemLoader Environment load took 100.3ns 
618014     INFO  main            d.u.i.k.p.i.AbstractProblemLoader Creating init config 
620200     DEBUG main            d.u.i.k.p.i.AbstractProblemLoader Init config took 2.19s 
620214     INFO  main            d.u.i.k.p.i.AbstractProblemLoader Replaying proof disjoint.key.proof 
620215     DEBUG main            d.u.i.k.p.i.IntermediateProofReplayer Proof replay took 507.4ns 
620216     DEBUG main            d.u.i.k.p.r.p.TestFile    ... success: reloaded. 
620216     INFO  main            d.u.i.k.p.r.p.TestFile    Now processing file /home/runner/work/key/key/key.core/../key.ui/examples/../../key.core/src/test/resources/testcase/classpath/classpath.key 
620217     INFO  main            d.u.i.k.p.i.AbstractProblemLoader Loading environment from /home/runner/work/key/key/key.core/../key.ui/examples/../../key.core/src/test/resources/testcase/classpath/classpath.key 
620217     DEBUG main            d.u.i.k.p.i.AbstractProblemLoader Environment load took 116.3ns 
620218     INFO  main            d.u.i.k.p.i.AbstractProblemLoader Creating init config 
620239     WARN  main            d.u.i.k.j.r.KeYCrossReferenceNameInfo Datatype cp.C declared twice: Once in FILE:/home/runner/work/key/key/key.core/../key.ui/examples/../../key.core/src/test/resources/testcase/classpath/classpath/C.class and once in FILE:/home/runner/work/key/key/key.core/../key.ui/examples/../../key.core/src/test/resources/testcase/classpath/classpath/C.jml, Keeping one from FILE:/home/runner/work/key/key/key.core/../key.ui/examples/../../key.core/src/test/resources/testcase/classpath/classpath/C.jml 
620242     DEBUG main            d.u.i.k.j.r.ClassFileDeclarationBuilder Parsing: package cp; public class Unresolved1 { } 
620242     DEBUG main            r.s.KeYCrossReferenceSourceInfo Dynamically created class: cp.Unresolved1 
620242     DEBUG main            d.u.i.k.j.r.ClassFileDeclarationBuilder Parsing: package cp; public class Unresolved2 { } 
620242     DEBUG main            r.s.KeYCrossReferenceSourceInfo Dynamically created class: cp.Unresolved2 
622590     DEBUG main            d.u.i.k.p.i.AbstractProblemLoader Init config took 2.37s 
622605     INFO  main            d.u.i.k.p.i.AbstractProblemLoader Replaying proof classpath.key 
622607     DEBUG main            d.u.i.k.p.i.IntermediateProofReplayer Proof replay took 3.1ns 
622709     INFO  main            d.u.i.k.p.r.p.TestFile    ... finished proof: closed. 
623296     INFO  main            d.u.i.k.p.i.AbstractProblemLoader Loading environment from /home/runner/work/key/key/key.core/../key.ui/examples/../../key.core/src/test/resources/testcase/classpath/classpath.key.proof 
623296     DEBUG main            d.u.i.k.p.i.AbstractProblemLoader Environment load took 92.3ns 
623297     INFO  main            d.u.i.k.p.i.AbstractProblemLoader Creating init config 
623328     WARN  main            d.u.i.k.j.r.KeYCrossReferenceNameInfo Datatype cp.C declared twice: Once in FILE:/home/runner/work/key/key/key.core/../key.ui/examples/../../key.core/src/test/resources/testcase/classpath/classpath/C.class and once in FILE:/home/runner/work/key/key/key.core/../key.ui/examples/../../key.core/src/test/resources/testcase/classpath/classpath/C.jml, Keeping one from FILE:/home/runner/work/key/key/key.core/../key.ui/examples/../../key.core/src/test/resources/testcase/classpath/classpath/C.jml 
623331     DEBUG main            d.u.i.k.j.r.ClassFileDeclarationBuilder Parsing: package cp; public class Unresolved1 { } 
623331     DEBUG main            r.s.KeYCrossReferenceSourceInfo Dynamically created class: cp.Unresolved1 
623331     DEBUG main            d.u.i.k.j.r.ClassFileDeclarationBuilder Parsing: package cp; public class Unresolved2 { } 
623331     DEBUG main            r.s.KeYCrossReferenceSourceInfo Dynamically created class: cp.Unresolved2 
625624     DEBUG main            d.u.i.k.p.i.AbstractProblemLoader Init config took 2.33s 
625639     INFO  main            d.u.i.k.p.i.AbstractProblemLoader Replaying proof classpath.key.proof 
625641     DEBUG main            d.u.i.k.p.i.IntermediateProofReplayer Proof replay took 531.51ns 
625642     DEBUG main            d.u.i.k.p.r.p.TestFile    ... success: reloaded. 
625643     INFO  main            d.u.i.k.p.r.p.TestFile    Now processing file /home/runner/work/key/key/key.core/../key.ui/examples/heap/inconsistent_represents/MyClass_m.key 
625644     INFO  main            d.u.i.k.p.i.AbstractProblemLoader Loading environment from /home/runner/work/key/key/key.core/../key.ui/examples/heap/inconsistent_represents/MyClass_m.key 
625644     DEBUG main            d.u.i.k.p.i.AbstractProblemLoader Environment load took 154.6ns 
625645     INFO  main            d.u.i.k.p.i.AbstractProblemLoader Creating init config 
627956     DEBUG main            d.u.i.k.p.i.AbstractProblemLoader Init config took 2.31s 
627991     INFO  main            d.u.i.k.p.i.AbstractProblemLoader Replaying proof MyClass[MyClass::m()].JML operation contract.0 
627993     DEBUG main            d.u.i.k.p.i.IntermediateProofReplayer Proof replay took 5.4ns 
628094     INFO  main            d.u.i.k.p.r.p.TestFile    ... finished proof: open goal(s) 
628758     INFO  main            d.u.i.k.p.r.p.TestFile    Now processing file /home/runner/work/key/key/key.core/../key.ui/examples/heap/inconsistent_represents/MyClass_n.key 
628758     INFO  main            d.u.i.k.p.i.AbstractProblemLoader Loading environment from /home/runner/work/key/key/key.core/../key.ui/examples/heap/inconsistent_represents/MyClass_n.key 
628758     DEBUG main            d.u.i.k.p.i.AbstractProblemLoader Environment load took 50ns 
628759     INFO  main            d.u.i.k.p.i.AbstractProblemLoader Creating init config 
631022     DEBUG main            d.u.i.k.p.i.AbstractProblemLoader Init config took 2.26s 
631055     INFO  main            d.u.i.k.p.i.AbstractProblemLoader Replaying proof MyClass[MyClass::n()].JML operation contract.0 
631056     DEBUG main            d.u.i.k.p.i.IntermediateProofReplayer Proof replay took 3.7ns 
631158     INFO  main            d.u.i.k.p.r.p.TestFile    ... finished proof: open goal(s) 
3514189    INFO  Test worker     d.u.i.k.p.r.RunAllProofsTestUnit Returning from test javadl 
3514190    INFO  Test worker     d.u.i.k.p.r.RunAllProofsTestUnit Running test FOL 
349        INFO  Timeout watchdog d.u.i.k.p.r.p.ForkedTestFileRunner Timeout watcher launched (2000 secs.) 
372        WARN  main            d.u.i.k.s.ProofSettings   The settings in /home/runner/.key/proof-settings.props are *not* read. 
411        INFO  main            d.u.i.k.p.r.p.TestFile    Now processing file /home/runner/work/key/key/key.core/../key.ui/examples/standard_key/pred_log/count.key 
579        INFO  main            d.u.i.k.p.i.AbstractProblemLoader Loading environment from /home/runner/work/key/key/key.core/../key.ui/examples/standard_key/pred_log/count.key 
600        DEBUG main            d.u.i.k.p.i.AbstractProblemLoader Environment load took 2.22ms 
826        INFO  main            d.u.i.k.p.i.AbstractProblemLoader Creating init config 
1859       DEBUG main            d.u.i.k.j.TypeConverter   No LDT found for Meta 
1859       DEBUG main            d.u.i.k.j.TypeConverter   No LDT found for Meta 
1862       DEBUG main            d.u.i.k.j.TypeConverter   No LDT found for Meta 
1862       DEBUG main            d.u.i.k.j.TypeConverter   No LDT found for Meta 
3693       DEBUG main            d.u.i.k.j.TypeConverter   No LDT found for JavaBigintExpression 
8696       DEBUG main            d.u.i.k.p.i.AbstractProblemLoader Init config took 7.87s 
8758       INFO  main            d.u.i.k.p.i.AbstractProblemLoader Replaying proof count.key 
8789       DEBUG main            d.u.i.k.p.i.IntermediateProofReplayer Proof replay took 32.9ns 
8950       INFO  main            d.u.i.k.p.r.p.TestFile    ... finished proof: closed. 
9052       INFO  main            d.u.i.k.p.i.AbstractProblemLoader Loading environment from /home/runner/work/key/key/key.core/../key.ui/examples/standard_key/pred_log/count.key.proof 
9054       DEBUG main            d.u.i.k.p.i.AbstractProblemLoader Environment load took 1.88ms 
9058       INFO  main            d.u.i.k.p.i.AbstractProblemLoader Creating init config 
11788      DEBUG main            d.u.i.k.p.i.AbstractProblemLoader Init config took 2.73s 
11833      INFO  main            d.u.i.k.p.i.AbstractProblemLoader Replaying proof count.key.proof 
11844      DEBUG main            d.u.i.k.p.i.IntermediateProofReplayer Proof replay took 7.39ms 
11860      DEBUG main            d.u.i.k.p.r.p.TestFile    ... success: reloaded. 
11864      INFO  main            d.u.i.k.p.r.p.TestFile    Now processing file /home/runner/work/key/key/key.core/../key.ui/examples/standard_key/pred_log/count2.key 
11865      INFO  main            d.u.i.k.p.i.AbstractProblemLoader Loading environment from /home/runner/work/key/key/key.core/../key.ui/examples/standard_key/pred_log/count2.key 
11865      DEBUG main            d.u.i.k.p.i.AbstractProblemLoader Environment load took 204.3ns 
11867      INFO  main            d.u.i.k.p.i.AbstractProblemLoader Creating init config 
14524      DEBUG main            d.u.i.k.p.i.AbstractProblemLoader Init config took 2.66s 
14554      INFO  main            d.u.i.k.p.i.AbstractProblemLoader Replaying proof count2.key 
14557      DEBUG main            d.u.i.k.p.i.IntermediateProofReplayer Proof replay took 7.9ns 
14669      INFO  main            d.u.i.k.p.r.p.TestFile    ... finished proof: closed. 
14804      INFO  main            d.u.i.k.p.i.AbstractProblemLoader Loading environment from /home/runner/work/key/key/key.core/../key.ui/examples/standard_key/pred_log/count2.key.proof 
14804      DEBUG main            d.u.i.k.p.i.AbstractProblemLoader Environment load took 156.2ns 
14807      INFO  main            d.u.i.k.p.i.AbstractProblemLoader Creating init config 
17372      DEBUG main            d.u.i.k.p.i.AbstractProblemLoader Init config took 2.57s 
17398      INFO  main            d.u.i.k.p.i.AbstractProblemLoader Replaying proof count2.key.proof 
17404      DEBUG main            d.u.i.k.p.i.IntermediateProofReplayer Proof replay took 3.58ms 
17405      DEBUG main            d.u.i.k.p.r.p.TestFile    ... success: reloaded. 
17406      INFO  main            d.u.i.k.p.r.p.TestFile    Now processing file /home/runner/work/key/key/key.core/../key.ui/examples/standard_key/pred_log/count3.key 
17406      INFO  main            d.u.i.k.p.i.AbstractProblemLoader Loading environment from /home/runner/work/key/key/key.core/../key.ui/examples/standard_key/pred_log/count3.key 
17406      DEBUG main            d.u.i.k.p.i.AbstractProblemLoader Environment load took 188.6ns 
17408      INFO  main            d.u.i.k.p.i.AbstractProblemLoader Creating init config 
19938      DEBUG main            d.u.i.k.p.i.AbstractProblemLoader Init config took 2.53s 
19966      INFO  main            d.u.i.k.p.i.AbstractProblemLoader Replaying proof count3.key 
19967      DEBUG main            d.u.i.k.p.i.IntermediateProofReplayer Proof replay took 8.1ns 
20074      INFO  main            d.u.i.k.p.r.p.TestFile    ... finished proof: closed. 
20213      INFO  main            d.u.i.k.p.i.AbstractProblemLoader Loading environment from /home/runner/work/key/key/key.core/../key.ui/examples/standard_key/pred_log/count3.key.proof 
20213      DEBUG main            d.u.i.k.p.i.AbstractProblemLoader Environment load took 332.7ns 
20215      INFO  main            d.u.i.k.p.i.AbstractProblemLoader Creating init config 
22697      DEBUG main            d.u.i.k.p.i.AbstractProblemLoader Init config took 2.48s 
22720      INFO  main            d.u.i.k.p.i.AbstractProblemLoader Replaying proof count3.key.proof 
22729      DEBUG main            d.u.i.k.p.i.IntermediateProofReplayer Proof replay took 6.23ms 
22730      DEBUG main            d.u.i.k.p.r.p.TestFile    ... success: reloaded. 
22732      INFO  main            d.u.i.k.p.r.p.TestFile    Now processing file /home/runner/work/key/key/key.core/../key.ui/examples/standard_key/pred_log/equalities.key 
22733      INFO  main            d.u.i.k.p.i.AbstractProblemLoader Loading environment from /home/runner/work/key/key/key.core/../key.ui/examples/standard_key/pred_log/equalities.key 
22733      DEBUG main            d.u.i.k.p.i.AbstractProblemLoader Environment load took 97.8ns 
22734      INFO  main            d.u.i.k.p.i.AbstractProblemLoader Creating init config 
25276      DEBUG main            d.u.i.k.p.i.AbstractProblemLoader Init config took 2.54s 
25296      INFO  main            d.u.i.k.p.i.AbstractProblemLoader Replaying proof equalities.key 
25299      DEBUG main            d.u.i.k.p.i.IntermediateProofReplayer Proof replay took 7ns 
25403      INFO  main            d.u.i.k.p.r.p.TestFile    ... finished proof: closed. 
25563      INFO  main            d.u.i.k.p.i.AbstractProblemLoader Loading environment from /home/runner/work/key/key/key.core/../key.ui/examples/standard_key/pred_log/equalities.key.proof 
25564      DEBUG main            d.u.i.k.p.i.AbstractProblemLoader Environment load took 135.7ns 
25565      INFO  main            d.u.i.k.p.i.AbstractProblemLoader Creating init config 
28067      DEBUG main            d.u.i.k.p.i.AbstractProblemLoader Init config took 2.5s 
28086      INFO  main            d.u.i.k.p.i.AbstractProblemLoader Replaying proof equalities.key.proof 
28090      DEBUG main            d.u.i.k.p.i.IntermediateProofReplayer Proof replay took 1.67ms 
28091      DEBUG main            d.u.i.k.p.r.p.TestFile    ... success: reloaded. 
28092      INFO  main            d.u.i.k.p.r.p.TestFile    Now processing file /home/runner/work/key/key/key.core/../key.ui/examples/standard_key/pred_log/equalities2.key 
28092      INFO  main            d.u.i.k.p.i.AbstractProblemLoader Loading environment from /home/runner/work/key/key/key.core/../key.ui/examples/standard_key/pred_log/equalities2.key 
28092      DEBUG main            d.u.i.k.p.i.AbstractProblemLoader Environment load took 97.1ns 
28093      INFO  main            d.u.i.k.p.i.AbstractProblemLoader Creating init config 
30554      DEBUG main            d.u.i.k.p.i.AbstractProblemLoader Init config took 2.46s 
30572      INFO  main            d.u.i.k.p.i.AbstractProblemLoader Replaying proof equalities2.key 
30574      DEBUG main            d.u.i.k.p.i.IntermediateProofReplayer Proof replay took 7.8ns 
30677      INFO  main            d.u.i.k.p.r.p.TestFile    ... finished proof: closed. 
30840      INFO  main            d.u.i.k.p.i.AbstractProblemLoader Loading environment from /home/runner/work/key/key/key.core/../key.ui/examples/standard_key/pred_log/equalities2.key.proof 
30840      DEBUG main            d.u.i.k.p.i.AbstractProblemLoader Environment load took 135.9ns 
30841      INFO  main            d.u.i.k.p.i.AbstractProblemLoader Creating init config 
33287      DEBUG main            d.u.i.k.p.i.AbstractProblemLoader Init config took 2.45s 
33306      INFO  main            d.u.i.k.p.i.AbstractProblemLoader Replaying proof equalities2.key.proof 
33313      DEBUG main            d.u.i.k.p.i.IntermediateProofReplayer Proof replay took 4.18ms 
33314      DEBUG main            d.u.i.k.p.r.p.TestFile    ... success: reloaded. 
33315      INFO  main            d.u.i.k.p.r.p.TestFile    Now processing file /home/runner/work/key/key/key.core/../key.ui/examples/standard_key/pred_log/equalities3.key 
33315      INFO  main            d.u.i.k.p.i.AbstractProblemLoader Loading environment from /home/runner/work/key/key/key.core/../key.ui/examples/standard_key/pred_log/equalities3.key 
33316      DEBUG main            d.u.i.k.p.i.AbstractProblemLoader Environment load took 194.3ns 
33317      INFO  main            d.u.i.k.p.i.AbstractProblemLoader Creating init config 
35794      DEBUG main            d.u.i.k.p.i.AbstractProblemLoader Init config took 2.48s 
35813      INFO  main            d.u.i.k.p.i.AbstractProblemLoader Replaying proof equalities3.key 
35815      DEBUG main            d.u.i.k.p.i.IntermediateProofReplayer Proof replay took 8.3ns 
35920      INFO  main            d.u.i.k.p.r.p.TestFile    ... finished proof: closed. 
36086      INFO  main            d.u.i.k.p.i.AbstractProblemLoader Loading environment from /home/runner/work/key/key/key.core/../key.ui/examples/standard_key/pred_log/equalities3.key.proof 
36086      DEBUG main            d.u.i.k.p.i.AbstractProblemLoader Environment load took 132.8ns 
36087      INFO  main            d.u.i.k.p.i.AbstractProblemLoader Creating init config 
38531      DEBUG main            d.u.i.k.p.i.AbstractProblemLoader Init config took 2.44s 
38549      INFO  main            d.u.i.k.p.i.AbstractProblemLoader Replaying proof equalities3.key.proof 
38559      DEBUG main            d.u.i.k.p.i.IntermediateProofReplayer Proof replay took 8.13ms 
38564      DEBUG main            d.u.i.k.p.r.p.TestFile    ... success: reloaded. 
38564      INFO  main            d.u.i.k.p.r.p.TestFile    Now processing file /home/runner/work/key/key/key.core/../key.ui/examples/standard_key/pred_log/functions.key 
38564      INFO  main            d.u.i.k.p.i.AbstractProblemLoader Loading environment from /home/runner/work/key/key/key.core/../key.ui/examples/standard_key/pred_log/functions.key 
38566      DEBUG main            d.u.i.k.p.i.AbstractProblemLoader Environment load took 1.51ms 
38567      INFO  main            d.u.i.k.p.i.AbstractProblemLoader Creating init config 
41033      DEBUG main            d.u.i.k.p.i.AbstractProblemLoader Init config took 2.47s 
41049      INFO  main            d.u.i.k.p.i.AbstractProblemLoader Replaying proof functions.key 
41051      DEBUG main            d.u.i.k.p.i.IntermediateProofReplayer Proof replay took 7.2ns 
41153      INFO  main            d.u.i.k.p.r.p.TestFile    ... finished proof: closed. 
41401      INFO  main            d.u.i.k.p.i.AbstractProblemLoader Loading environment from /home/runner/work/key/key/key.core/../key.ui/examples/standard_key/pred_log/functions.key.proof 
41401      DEBUG main            d.u.i.k.p.i.AbstractProblemLoader Environment load took 140.8ns 
41402      INFO  main            d.u.i.k.p.i.AbstractProblemLoader Creating init config 
43840      DEBUG main            d.u.i.k.p.i.AbstractProblemLoader Init config took 2.44s 
43856      INFO  main            d.u.i.k.p.i.AbstractProblemLoader Replaying proof functions.key.proof 
43860      DEBUG main            d.u.i.k.p.i.IntermediateProofReplayer Proof replay took 2.42ms 
43861      DEBUG main            d.u.i.k.p.r.p.TestFile    ... success: reloaded. 
43862      INFO  main            d.u.i.k.p.r.p.TestFile    Now processing file /home/runner/work/key/key/key.core/../key.ui/examples/standard_key/pred_log/mv1.key 
43863      INFO  main            d.u.i.k.p.i.AbstractProblemLoader Loading environment from /home/runner/work/key/key/key.core/../key.ui/examples/standard_key/pred_log/mv1.key 
43864      DEBUG main            d.u.i.k.p.i.AbstractProblemLoader Environment load took 299.6ns 
43865      INFO  main            d.u.i.k.p.i.AbstractProblemLoader Creating init config 
46386      DEBUG main            d.u.i.k.p.i.AbstractProblemLoader Init config took 2.52s 
46407      INFO  main            d.u.i.k.p.i.AbstractProblemLoader Replaying proof mv1.key 
46411      DEBUG main            d.u.i.k.p.i.IntermediateProofReplayer Proof replay took 7.5ns 
46513      INFO  main            d.u.i.k.p.r.p.TestFile    ... finished proof: closed. 
46684      INFO  main            d.u.i.k.p.i.AbstractProblemLoader Loading environment from /home/runner/work/key/key/key.core/../key.ui/examples/standard_key/pred_log/mv1.key.proof 
46684      DEBUG main            d.u.i.k.p.i.AbstractProblemLoader Environment load took 165ns 
46685      INFO  main            d.u.i.k.p.i.AbstractProblemLoader Creating init config 
49108      DEBUG main            d.u.i.k.p.i.AbstractProblemLoader Init config took 2.42s 
49123      INFO  main            d.u.i.k.p.i.AbstractProblemLoader Replaying proof mv1.key.proof 
49126      DEBUG main            d.u.i.k.p.i.IntermediateProofReplayer Proof replay took 1.03ms 
49126      DEBUG main            d.u.i.k.p.r.p.TestFile    ... success: reloaded. 
49127      INFO  main            d.u.i.k.p.r.p.TestFile    Now processing file /home/runner/work/key/key/key.core/../key.ui/examples/standard_key/pred_log/mv2.key 
49127      INFO  main            d.u.i.k.p.i.AbstractProblemLoader Loading environment from /home/runner/work/key/key/key.core/../key.ui/examples/standard_key/pred_log/mv2.key 
49127      DEBUG main            d.u.i.k.p.i.AbstractProblemLoader Environment load took 78.6ns 
49128      INFO  main            d.u.i.k.p.i.AbstractProblemLoader Creating init config 
51582      DEBUG main            d.u.i.k.p.i.AbstractProblemLoader Init config took 2.45s 
51597      INFO  main            d.u.i.k.p.i.AbstractProblemLoader Replaying proof mv2.key 
51599      DEBUG main            d.u.i.k.p.i.IntermediateProofReplayer Proof replay took 7.1ns 
51701      INFO  main            d.u.i.k.p.r.p.TestFile    ... finished proof: closed. 
51934      INFO  main            d.u.i.k.p.i.AbstractProblemLoader Loading environment from /home/runner/work/key/key/key.core/../key.ui/examples/standard_key/pred_log/mv2.key.proof 
51934      DEBUG main            d.u.i.k.p.i.AbstractProblemLoader Environment load took 127.1ns 
51935      INFO  main            d.u.i.k.p.i.AbstractProblemLoader Creating init config 
54317      DEBUG main            d.u.i.k.p.i.AbstractProblemLoader Init config took 2.38s 
54333      INFO  main            d.u.i.k.p.i.AbstractProblemLoader Replaying proof mv2.key.proof 
54336      DEBUG main            d.u.i.k.p.i.IntermediateProofReplayer Proof replay took 1.57ms 
54337      DEBUG main            d.u.i.k.p.r.p.TestFile    ... success: reloaded. 
54337      INFO  main            d.u.i.k.p.r.p.TestFile    Now processing file /home/runner/work/key/key/key.core/../key.ui/examples/standard_key/pred_log/quantifiers.key 
54338      INFO  main            d.u.i.k.p.i.AbstractProblemLoader Loading environment from /home/runner/work/key/key/key.core/../key.ui/examples/standard_key/pred_log/quantifiers.key 
54338      DEBUG main            d.u.i.k.p.i.AbstractProblemLoader Environment load took 188.8ns 
54339      INFO  main            d.u.i.k.p.i.AbstractProblemLoader Creating init config 
56791      DEBUG main            d.u.i.k.p.i.AbstractProblemLoader Init config took 2.45s 
56805      INFO  main            d.u.i.k.p.i.AbstractProblemLoader Replaying proof quantifiers.key 
56806      DEBUG main            d.u.i.k.p.i.IntermediateProofReplayer Proof replay took 7.2ns 
56910      INFO  main            d.u.i.k.p.r.p.TestFile    ... finished proof: closed. 
57136      INFO  main            d.u.i.k.p.i.AbstractProblemLoader Loading environment from /home/runner/work/key/key/key.core/../key.ui/examples/standard_key/pred_log/quantifiers.key.proof 
57136      DEBUG main            d.u.i.k.p.i.AbstractProblemLoader Environment load took 159.2ns 
57141      INFO  main            d.u.i.k.p.i.AbstractProblemLoader Creating init config 
59543      DEBUG main            d.u.i.k.p.i.AbstractProblemLoader Init config took 2.4s 
59557      INFO  main            d.u.i.k.p.i.AbstractProblemLoader Replaying proof quantifiers.key.proof 
59561      DEBUG main            d.u.i.k.p.i.IntermediateProofReplayer Proof replay took 2.35ms 
59562      DEBUG main            d.u.i.k.p.r.p.TestFile    ... success: reloaded. 
59563      INFO  main            d.u.i.k.p.r.p.TestFile    Now processing file /home/runner/work/key/key/key.core/../key.ui/examples/standard_key/pred_log/simpleEps.key 
59563      INFO  main            d.u.i.k.p.i.AbstractProblemLoader Loading environment from /home/runner/work/key/key/key.core/../key.ui/examples/standard_key/pred_log/simpleEps.key 
59563      DEBUG main            d.u.i.k.p.i.AbstractProblemLoader Environment load took 103ns 
59564      INFO  main            d.u.i.k.p.i.AbstractProblemLoader Creating init config 
62019      DEBUG main            d.u.i.k.p.i.AbstractProblemLoader Init config took 2.46s 
62034      INFO  main            d.u.i.k.p.i.AbstractProblemLoader Replaying proof simpleEps.key 
62035      DEBUG main            d.u.i.k.p.i.IntermediateProofReplayer Proof replay took 9.2ns 
62137      INFO  main            d.u.i.k.p.r.p.TestFile    ... finished proof: closed. 
62325      INFO  main            d.u.i.k.p.i.AbstractProblemLoader Loading environment from /home/runner/work/key/key/key.core/../key.ui/examples/standard_key/pred_log/simpleEps.key.proof 
62325      DEBUG main            d.u.i.k.p.i.AbstractProblemLoader Environment load took 133ns 
62326      INFO  main            d.u.i.k.p.i.AbstractProblemLoader Creating init config 
64721      DEBUG main            d.u.i.k.p.i.AbstractProblemLoader Init config took 2.39s 
64738      INFO  main            d.u.i.k.p.i.AbstractProblemLoader Replaying proof simpleEps.key.proof 
64750      DEBUG main            d.u.i.k.p.i.IntermediateProofReplayer Proof replay took 8.63ms 
64752      DEBUG main            d.u.i.k.p.r.p.TestFile    ... success: reloaded. 
64752      INFO  main            d.u.i.k.p.r.p.TestFile    Now processing file /home/runner/work/key/key/key.core/../key.ui/examples/standard_key/pred_log/steam1.key 
64753      INFO  main            d.u.i.k.p.i.AbstractProblemLoader Loading environment from /home/runner/work/key/key/key.core/../key.ui/examples/standard_key/pred_log/steam1.key 
64753      DEBUG main            d.u.i.k.p.i.AbstractProblemLoader Environment load took 177.3ns 
64755      INFO  main            d.u.i.k.p.i.AbstractProblemLoader Creating init config 
67207      DEBUG main            d.u.i.k.p.i.AbstractProblemLoader Init config took 2.45s 
67240      INFO  main            d.u.i.k.p.i.AbstractProblemLoader Replaying proof steam1.key 
67242      DEBUG main            d.u.i.k.p.i.IntermediateProofReplayer Proof replay took 7.9ns 
67650      INFO  main            d.u.i.k.p.r.p.TestFile    ... finished proof: closed. 
67902      INFO  main            d.u.i.k.p.i.AbstractProblemLoader Loading environment from /home/runner/work/key/key/key.core/../key.ui/examples/standard_key/pred_log/steam1.key.proof 
67905      DEBUG main            d.u.i.k.p.i.AbstractProblemLoader Environment load took 3.07ms 
67907      INFO  main            d.u.i.k.p.i.AbstractProblemLoader Creating init config 
70264      DEBUG main            d.u.i.k.p.i.AbstractProblemLoader Init config took 2.36s 
70285      INFO  main            d.u.i.k.p.i.AbstractProblemLoader Replaying proof steam1.key.proof 
70306      DEBUG main            d.u.i.k.p.i.IntermediateProofReplayer Proof replay took 17.34ms 
70308      DEBUG main            d.u.i.k.p.r.p.TestFile    ... success: reloaded. 
70309      INFO  main            d.u.i.k.p.r.p.TestFile    Now processing file /home/runner/work/key/key/key.core/../key.ui/examples/standard_key/pred_log/tptp/PUZ/PUZ001p1.key 
70309      INFO  main            d.u.i.k.p.i.AbstractProblemLoader Loading environment from /home/runner/work/key/key/key.core/../key.ui/examples/standard_key/pred_log/tptp/PUZ/PUZ001p1.key 
70309      DEBUG main            d.u.i.k.p.i.AbstractProblemLoader Environment load took 177.5ns 
70311      INFO  main            d.u.i.k.p.i.AbstractProblemLoader Creating init config 
72743      DEBUG main            d.u.i.k.p.i.AbstractProblemLoader Init config took 2.43s 
72760      INFO  main            d.u.i.k.p.i.AbstractProblemLoader Replaying proof PUZ001p1.key 
72761      DEBUG main            d.u.i.k.p.i.IntermediateProofReplayer Proof replay took 17.3ns 
75780      INFO  main            d.u.i.k.p.r.p.TestFile    ... finished proof: closed. 
76015      INFO  main            d.u.i.k.p.i.AbstractProblemLoader Loading environment from /home/runner/work/key/key/key.core/../key.ui/examples/standard_key/pred_log/tptp/PUZ/PUZ001p1.key.proof 
76023      DEBUG main            d.u.i.k.p.i.AbstractProblemLoader Environment load took 7.68ms 
76025      INFO  main            d.u.i.k.p.i.AbstractProblemLoader Creating init config 
78386      DEBUG main            d.u.i.k.p.i.AbstractProblemLoader Init config took 2.36s 
78402      INFO  main            d.u.i.k.p.i.AbstractProblemLoader Replaying proof PUZ001p1.key.proof 
78555      DEBUG main            d.u.i.k.p.i.IntermediateProofReplayer Proof replay took 145.33ms 
78557      DEBUG main            d.u.i.k.p.r.p.TestFile    ... success: reloaded. 
78558      INFO  main            d.u.i.k.p.r.p.TestFile    Now processing file /home/runner/work/key/key/key.core/../key.ui/examples/standard_key/pred_log/tptp/PUZ/PUZ001p1-eq.key 
78558      INFO  main            d.u.i.k.p.i.AbstractProblemLoader Loading environment from /home/runner/work/key/key/key.core/../key.ui/examples/standard_key/pred_log/tptp/PUZ/PUZ001p1-eq.key 
78558      DEBUG main            d.u.i.k.p.i.AbstractProblemLoader Environment load took 202.9ns 
78560      INFO  main            d.u.i.k.p.i.AbstractProblemLoader Creating init config 
80997      DEBUG main            d.u.i.k.p.i.AbstractProblemLoader Init config took 2.44s 
81013      INFO  main            d.u.i.k.p.i.AbstractProblemLoader Replaying proof PUZ001p1-eq.key 
81016      DEBUG main            d.u.i.k.p.i.IntermediateProofReplayer Proof replay took 8.4ns 
81119      INFO  main            d.u.i.k.p.r.p.TestFile    ... finished proof: closed. 
81361      INFO  main            d.u.i.k.p.i.AbstractProblemLoader Loading environment from /home/runner/work/key/key/key.core/../key.ui/examples/standard_key/pred_log/tptp/PUZ/PUZ001p1-eq.key.proof 
81361      DEBUG main            d.u.i.k.p.i.AbstractProblemLoader Environment load took 147.7ns 
81362      INFO  main            d.u.i.k.p.i.AbstractProblemLoader Creating init config 
83708      DEBUG main            d.u.i.k.p.i.AbstractProblemLoader Init config took 2.35s 
83723      INFO  main            d.u.i.k.p.i.AbstractProblemLoader Replaying proof PUZ001p1-eq.key.proof 
83740      DEBUG main            d.u.i.k.p.i.IntermediateProofReplayer Proof replay took 13.69ms 
83741      DEBUG main            d.u.i.k.p.r.p.TestFile    ... success: reloaded. 
83742      INFO  main            d.u.i.k.p.r.p.TestFile    Now processing file /home/runner/work/key/key/key.core/../key.ui/examples/standard_key/pred_log/tptp/PUZ/PUZ031p1.key 
83742      INFO  main            d.u.i.k.p.i.AbstractProblemLoader Loading environment from /home/runner/work/key/key/key.core/../key.ui/examples/standard_key/pred_log/tptp/PUZ/PUZ031p1.key 
83742      DEBUG main            d.u.i.k.p.i.AbstractProblemLoader Environment load took 125.6ns 
83744      INFO  main            d.u.i.k.p.i.AbstractProblemLoader Creating init config 
86133      DEBUG main            d.u.i.k.p.i.AbstractProblemLoader Init config took 2.39s 
86149      INFO  main            d.u.i.k.p.i.AbstractProblemLoader Replaying proof PUZ031p1.key 
86150      DEBUG main            d.u.i.k.p.i.IntermediateProofReplayer Proof replay took 7.6ns 
94364      INFO  main            d.u.i.k.p.r.p.TestFile    ... finished proof: closed. 
94591      INFO  main            d.u.i.k.p.i.AbstractProblemLoader Loading environment from /home/runner/work/key/key/key.core/../key.ui/examples/standard_key/pred_log/tptp/PUZ/PUZ031p1.key.proof 
94592      DEBUG main            d.u.i.k.p.i.AbstractProblemLoader Environment load took 141.5ns 
94593      INFO  main            d.u.i.k.p.i.AbstractProblemLoader Creating init config 
96922      DEBUG main            d.u.i.k.p.i.AbstractProblemLoader Init config took 2.33s 
96937      INFO  main            d.u.i.k.p.i.AbstractProblemLoader Replaying proof PUZ031p1.key.proof 
96997      DEBUG main            d.u.i.k.p.i.IntermediateProofReplayer Proof replay took 54.72ms 
96998      DEBUG main            d.u.i.k.p.r.p.TestFile    ... success: reloaded. 
96999      INFO  main            d.u.i.k.p.r.p.TestFile    Now processing file /home/runner/work/key/key/key.core/../key.ui/examples/standard_key/pred_log/tptp/SET/SET027p3.key 
96999      INFO  main            d.u.i.k.p.i.AbstractProblemLoader Loading environment from /home/runner/work/key/key/key.core/../key.ui/examples/standard_key/pred_log/tptp/SET/SET027p3.key 
96999      DEBUG main            d.u.i.k.p.i.AbstractProblemLoader Environment load took 123.1ns 
97000      INFO  main            d.u.i.k.p.i.AbstractProblemLoader Creating init config 
99431      DEBUG main            d.u.i.k.p.i.AbstractProblemLoader Init config took 2.43s 
99445      INFO  main            d.u.i.k.p.i.AbstractProblemLoader Replaying proof SET027p3.key 
99446      DEBUG main            d.u.i.k.p.i.IntermediateProofReplayer Proof replay took 7.5ns 
99549      INFO  main            d.u.i.k.p.r.p.TestFile    ... finished proof: closed. 
99785      INFO  main            d.u.i.k.p.i.AbstractProblemLoader Loading environment from /home/runner/work/key/key/key.core/../key.ui/examples/standard_key/pred_log/tptp/SET/SET027p3.key.proof 
99785      DEBUG main            d.u.i.k.p.i.AbstractProblemLoader Environment load took 141.3ns 
99786      INFO  main            d.u.i.k.p.i.AbstractProblemLoader Creating init config 
102142     DEBUG main            d.u.i.k.p.i.AbstractProblemLoader Init config took 2.36s 
102157     INFO  main            d.u.i.k.p.i.AbstractProblemLoader Replaying proof SET027p3.key.proof 
102168     DEBUG main            d.u.i.k.p.i.IntermediateProofReplayer Proof replay took 7.25ms 
102170     DEBUG main            d.u.i.k.p.r.p.TestFile    ... success: reloaded. 
102170     INFO  main            d.u.i.k.p.r.p.TestFile    Now processing file /home/runner/work/key/key/key.core/../key.ui/examples/standard_key/pred_log/tptp/SET/SET043p1.key 
102171     INFO  main            d.u.i.k.p.i.AbstractProblemLoader Loading environment from /home/runner/work/key/key/key.core/../key.ui/examples/standard_key/pred_log/tptp/SET/SET043p1.key 
102171     DEBUG main            d.u.i.k.p.i.AbstractProblemLoader Environment load took 187.9ns 
102172     INFO  main            d.u.i.k.p.i.AbstractProblemLoader Creating init config 
104562     DEBUG main            d.u.i.k.p.i.AbstractProblemLoader Init config took 2.39s 
104577     INFO  main            d.u.i.k.p.i.AbstractProblemLoader Replaying proof SET043p1.key 
104578     DEBUG main            d.u.i.k.p.i.IntermediateProofReplayer Proof replay took 7.6ns 
104681     INFO  main            d.u.i.k.p.r.p.TestFile    ... finished proof: closed. 
104910     INFO  main            d.u.i.k.p.i.AbstractProblemLoader Loading environment from /home/runner/work/key/key/key.core/../key.ui/examples/standard_key/pred_log/tptp/SET/SET043p1.key.proof 
104910     DEBUG main            d.u.i.k.p.i.AbstractProblemLoader Environment load took 194ns 
104911     INFO  main            d.u.i.k.p.i.AbstractProblemLoader Creating init config 
107236     DEBUG main            d.u.i.k.p.i.AbstractProblemLoader Init config took 2.32s 
107250     INFO  main            d.u.i.k.p.i.AbstractProblemLoader Replaying proof SET043p1.key.proof 
107252     DEBUG main            d.u.i.k.p.i.IntermediateProofReplayer Proof replay took 1.39ms 
107253     DEBUG main            d.u.i.k.p.r.p.TestFile    ... success: reloaded. 
107254     INFO  main            d.u.i.k.p.r.p.TestFile    Now processing file /home/runner/work/key/key/key.core/../key.ui/examples/standard_key/pred_log/tptp/SET/SET045p1.key 
107254     INFO  main            d.u.i.k.p.i.AbstractProblemLoader Loading environment from /home/runner/work/key/key/key.core/../key.ui/examples/standard_key/pred_log/tptp/SET/SET045p1.key 
107254     DEBUG main            d.u.i.k.p.i.AbstractProblemLoader Environment load took 78ns 
107255     INFO  main            d.u.i.k.p.i.AbstractProblemLoader Creating init config 
109687     DEBUG main            d.u.i.k.p.i.AbstractProblemLoader Init config took 2.43s 
109702     INFO  main            d.u.i.k.p.i.AbstractProblemLoader Replaying proof SET045p1.key 
109704     DEBUG main            d.u.i.k.p.i.IntermediateProofReplayer Proof replay took 7.7ns 
109807     INFO  main            d.u.i.k.p.r.p.TestFile    ... finished proof: closed. 
110044     INFO  main            d.u.i.k.p.i.AbstractProblemLoader Loading environment from /home/runner/work/key/key/key.core/../key.ui/examples/standard_key/pred_log/tptp/SET/SET045p1.key.proof 
110044     DEBUG main            d.u.i.k.p.i.AbstractProblemLoader Environment load took 128.1ns 
110045     INFO  main            d.u.i.k.p.i.AbstractProblemLoader Creating init config 
112424     DEBUG main            d.u.i.k.p.i.AbstractProblemLoader Init config took 2.38s 
112438     INFO  main            d.u.i.k.p.i.AbstractProblemLoader Replaying proof SET045p1.key.proof 
112444     DEBUG main            d.u.i.k.p.i.IntermediateProofReplayer Proof replay took 4.29ms 
112445     DEBUG main            d.u.i.k.p.r.p.TestFile    ... success: reloaded. 
112445     INFO  main            d.u.i.k.p.r.p.TestFile    Now processing file /home/runner/work/key/key/key.core/../key.ui/examples/standard_key/pred_log/tptp/SET/SET062p3.key 
112446     INFO  main            d.u.i.k.p.i.AbstractProblemLoader Loading environment from /home/runner/work/key/key/key.core/../key.ui/examples/standard_key/pred_log/tptp/SET/SET062p3.key 
112446     DEBUG main            d.u.i.k.p.i.AbstractProblemLoader Environment load took 91.3ns 
112447     INFO  main            d.u.i.k.p.i.AbstractProblemLoader Creating init config 
114795     DEBUG main            d.u.i.k.p.i.AbstractProblemLoader Init config took 2.35s 
114810     INFO  main            d.u.i.k.p.i.AbstractProblemLoader Replaying proof SET062p3.key 
114811     DEBUG main            d.u.i.k.p.i.IntermediateProofReplayer Proof replay took 7.7ns 
114916     INFO  main            d.u.i.k.p.r.p.TestFile    ... finished proof: closed. 
115153     INFO  main            d.u.i.k.p.i.AbstractProblemLoader Loading environment from /home/runner/work/key/key/key.core/../key.ui/examples/standard_key/pred_log/tptp/SET/SET062p3.key.proof 
115153     DEBUG main            d.u.i.k.p.i.AbstractProblemLoader Environment load took 125.5ns 
115154     INFO  main            d.u.i.k.p.i.AbstractProblemLoader Creating init config 
117474     DEBUG main            d.u.i.k.p.i.AbstractProblemLoader Init config took 2.32s 
117488     INFO  main            d.u.i.k.p.i.AbstractProblemLoader Replaying proof SET062p3.key.proof 
117498     DEBUG main            d.u.i.k.p.i.IntermediateProofReplayer Proof replay took 7.56ms 
117498     DEBUG main            d.u.i.k.p.r.p.TestFile    ... success: reloaded. 
117499     INFO  main            d.u.i.k.p.r.p.TestFile    Now processing file /home/runner/work/key/key/key.core/../key.ui/examples/standard_key/pred_log/tptp/SET/SET063p3.key 
117500     INFO  main            d.u.i.k.p.i.AbstractProblemLoader Loading environment from /home/runner/work/key/key/key.core/../key.ui/examples/standard_key/pred_log/tptp/SET/SET063p3.key 
117500     DEBUG main            d.u.i.k.p.i.AbstractProblemLoader Environment load took 136.5ns 
117501     INFO  main            d.u.i.k.p.i.AbstractProblemLoader Creating init config 
119920     DEBUG main            d.u.i.k.p.i.AbstractProblemLoader Init config took 2.42s 
119934     INFO  main            d.u.i.k.p.i.AbstractProblemLoader Replaying proof SET063p3.key 
119936     DEBUG main            d.u.i.k.p.i.IntermediateProofReplayer Proof replay took 8.8ns 
120038     INFO  main            d.u.i.k.p.r.p.TestFile    ... finished proof: closed. 
120286     INFO  main            d.u.i.k.p.i.AbstractProblemLoader Loading environment from /home/runner/work/key/key/key.core/../key.ui/examples/standard_key/pred_log/tptp/SET/SET063p3.key.proof 
120287     DEBUG main            d.u.i.k.p.i.AbstractProblemLoader Environment load took 145.3ns 
120288     INFO  main            d.u.i.k.p.i.AbstractProblemLoader Creating init config 
122599     DEBUG main            d.u.i.k.p.i.AbstractProblemLoader Init config took 2.31s 
122615     INFO  main            d.u.i.k.p.i.AbstractProblemLoader Replaying proof SET063p3.key.proof 
122622     DEBUG main            d.u.i.k.p.i.IntermediateProofReplayer Proof replay took 5.07ms 
122623     DEBUG main            d.u.i.k.p.r.p.TestFile    ... success: reloaded. 
122624     INFO  main            d.u.i.k.p.r.p.TestFile    Now processing file /home/runner/work/key/key/key.core/../key.ui/examples/standard_key/pred_log/tptp/SYN/SYN036p2.key 
122625     INFO  main            d.u.i.k.p.i.AbstractProblemLoader Loading environment from /home/runner/work/key/key/key.core/../key.ui/examples/standard_key/pred_log/tptp/SYN/SYN036p2.key 
122625     DEBUG main            d.u.i.k.p.i.AbstractProblemLoader Environment load took 196.7ns 
122626     INFO  main            d.u.i.k.p.i.AbstractProblemLoader Creating init config 
125021     DEBUG main            d.u.i.k.p.i.AbstractProblemLoader Init config took 2.39s 
125035     INFO  main            d.u.i.k.p.i.AbstractProblemLoader Replaying proof SYN036p2.key 
125036     DEBUG main            d.u.i.k.p.i.IntermediateProofReplayer Proof replay took 9.3ns 
125345     INFO  main            d.u.i.k.p.r.p.TestFile    ... finished proof: closed. 
125612     INFO  main            d.u.i.k.p.i.AbstractProblemLoader Loading environment from /home/runner/work/key/key/key.core/../key.ui/examples/standard_key/pred_log/tptp/SYN/SYN036p2.key.proof 
125614     DEBUG main            d.u.i.k.p.i.AbstractProblemLoader Environment load took 2.56ms 
125616     INFO  main            d.u.i.k.p.i.AbstractProblemLoader Creating init config 
127936     DEBUG main            d.u.i.k.p.i.AbstractProblemLoader Init config took 2.32s 
127949     INFO  main            d.u.i.k.p.i.AbstractProblemLoader Replaying proof SYN036p2.key.proof 
128018     DEBUG main            d.u.i.k.p.i.IntermediateProofReplayer Proof replay took 61.26ms 
128019     DEBUG main            d.u.i.k.p.r.p.TestFile    ... success: reloaded. 
128019     INFO  main            d.u.i.k.p.r.p.TestFile    Now processing file /home/runner/work/key/key/key.core/../key.ui/examples/standard_key/pred_log/tptp/SYN/SYN550p1.key 
128020     INFO  main            d.u.i.k.p.i.AbstractProblemLoader Loading environment from /home/runner/work/key/key/key.core/../key.ui/examples/standard_key/pred_log/tptp/SYN/SYN550p1.key 
128020     DEBUG main            d.u.i.k.p.i.AbstractProblemLoader Environment load took 90.2ns 
128021     INFO  main            d.u.i.k.p.i.AbstractProblemLoader Creating init config 
130392     DEBUG main            d.u.i.k.p.i.AbstractProblemLoader Init config took 2.37s 
130407     INFO  main            d.u.i.k.p.i.AbstractProblemLoader Replaying proof SYN550p1.key 
130408     DEBUG main            d.u.i.k.p.i.IntermediateProofReplayer Proof replay took 7.2ns 
133248     INFO  main            d.u.i.k.p.r.p.TestFile    ... finished proof: closed. 
133546     INFO  main            d.u.i.k.p.i.AbstractProblemLoader Loading environment from /home/runner/work/key/key/key.core/../key.ui/examples/standard_key/pred_log/tptp/SYN/SYN550p1.key.proof 
133546     DEBUG main            d.u.i.k.p.i.AbstractProblemLoader Environment load took 417.5ns 
133547     INFO  main            d.u.i.k.p.i.AbstractProblemLoader Creating init config 
135853     DEBUG main            d.u.i.k.p.i.AbstractProblemLoader Init config took 2.31s 
135867     INFO  main            d.u.i.k.p.i.AbstractProblemLoader Replaying proof SYN550p1.key.proof 
135953     DEBUG main            d.u.i.k.p.i.IntermediateProofReplayer Proof replay took 79.9ms 
135954     DEBUG main            d.u.i.k.p.r.p.TestFile    ... success: reloaded. 
135955     INFO  main            d.u.i.k.p.r.p.TestFile    Now processing file /home/runner/work/key/key/key.core/../key.ui/examples/standard_key/prop_log/reallySimple.key 
135955     INFO  main            d.u.i.k.p.i.AbstractProblemLoader Loading environment from /home/runner/work/key/key/key.core/../key.ui/examples/standard_key/prop_log/reallySimple.key 
135955     DEBUG main            d.u.i.k.p.i.AbstractProblemLoader Environment load took 87.4ns 
135956     INFO  main            d.u.i.k.p.i.AbstractProblemLoader Creating init config 
138329     DEBUG main            d.u.i.k.p.i.AbstractProblemLoader Init config took 2.37s 
138343     INFO  main            d.u.i.k.p.i.AbstractProblemLoader Replaying proof reallySimple.key 
138344     DEBUG main            d.u.i.k.p.i.IntermediateProofReplayer Proof replay took 7.1ns 
138450     INFO  main            d.u.i.k.p.r.p.TestFile    ... finished proof: open goal(s) 
138727     INFO  main            d.u.i.k.p.r.p.TestFile    Now processing file /home/runner/work/key/key/key.core/../key.ui/examples/standard_key/pred_log/sameName1.key 
138727     INFO  main            d.u.i.k.p.i.AbstractProblemLoader Loading environment from /home/runner/work/key/key/key.core/../key.ui/examples/standard_key/pred_log/sameName1.key 
138727     DEBUG main            d.u.i.k.p.i.AbstractProblemLoader Environment load took 75.2ns 
138729     INFO  main            d.u.i.k.p.i.AbstractProblemLoader Creating init config 
141036     DEBUG main            d.u.i.k.p.i.AbstractProblemLoader Init config took 2.31s 
141049     INFO  main            d.u.i.k.p.i.AbstractProblemLoader Replaying proof sameName1.key 
141050     DEBUG main            d.u.i.k.p.i.IntermediateProofReplayer Proof replay took 7.7ns 
141152     INFO  main            d.u.i.k.p.r.p.TestFile    ... finished proof: open goal(s) 
141411     INFO  main            d.u.i.k.p.r.p.TestFile    Now processing file /home/runner/work/key/key/key.core/../key.ui/examples/standard_key/pred_log/jbyteIfEx.key 
141411     INFO  main            d.u.i.k.p.i.AbstractProblemLoader Loading environment from /home/runner/work/key/key/key.core/../key.ui/examples/standard_key/pred_log/jbyteIfEx.key 
141411     DEBUG main            d.u.i.k.p.i.AbstractProblemLoader Environment load took 78.5ns 
141413     INFO  main            d.u.i.k.p.i.AbstractProblemLoader Creating init config 
143758     DEBUG main            d.u.i.k.p.i.AbstractProblemLoader Init config took 2.34s 
143771     INFO  main            d.u.i.k.p.i.AbstractProblemLoader Replaying proof jbyteIfEx.key 
143772     DEBUG main            d.u.i.k.p.i.IntermediateProofReplayer Proof replay took 8ns 
143875     INFO  main            d.u.i.k.p.r.p.TestFile    ... finished proof: closed. 
144139     INFO  main            d.u.i.k.p.i.AbstractProblemLoader Loading environment from /home/runner/work/key/key/key.core/../key.ui/examples/standard_key/pred_log/jbyteIfEx.key.proof 
144139     DEBUG main            d.u.i.k.p.i.AbstractProblemLoader Environment load took 125.5ns 
144140     INFO  main            d.u.i.k.p.i.AbstractProblemLoader Creating init config 
146440     DEBUG main            d.u.i.k.p.i.AbstractProblemLoader Init config took 2.3s 
146454     INFO  main            d.u.i.k.p.i.AbstractProblemLoader Replaying proof jbyteIfEx.key.proof 
146462     DEBUG main            d.u.i.k.p.i.IntermediateProofReplayer Proof replay took 6.03ms 
146463     DEBUG main            d.u.i.k.p.r.p.TestFile    ... success: reloaded. 
146464     INFO  main            d.u.i.k.p.r.p.TestFile    Now processing file /home/runner/work/key/key/key.core/../key.ui/examples/standard_key/prop_log/allClausesLength4.key 
146464     INFO  main            d.u.i.k.p.i.AbstractProblemLoader Loading environment from /home/runner/work/key/key/key.core/../key.ui/examples/standard_key/prop_log/allClausesLength4.key 
146464     DEBUG main            d.u.i.k.p.i.AbstractProblemLoader Environment load took 165.3ns 
146465     INFO  main            d.u.i.k.p.i.AbstractProblemLoader Creating init config 
148867     DEBUG main            d.u.i.k.p.i.AbstractProblemLoader Init config took 2.4s 
148881     INFO  main            d.u.i.k.p.i.AbstractProblemLoader Replaying proof allClausesLength4.key 
148882     DEBUG main            d.u.i.k.p.i.IntermediateProofReplayer Proof replay took 7.1ns 
148985     INFO  main            d.u.i.k.p.r.p.TestFile    ... finished proof: closed. 
149265     INFO  main            d.u.i.k.p.i.AbstractProblemLoader Loading environment from /home/runner/work/key/key/key.core/../key.ui/examples/standard_key/prop_log/allClausesLength4.key.proof 
149265     DEBUG main            d.u.i.k.p.i.AbstractProblemLoader Environment load took 123.9ns 
149266     INFO  main            d.u.i.k.p.i.AbstractProblemLoader Creating init config 
151580     DEBUG main            d.u.i.k.p.i.AbstractProblemLoader Init config took 2.31s 
151596     INFO  main            d.u.i.k.p.i.AbstractProblemLoader Replaying proof allClausesLength4.key.proof 
151609     DEBUG main            d.u.i.k.p.i.IntermediateProofReplayer Proof replay took 10.67ms 
151610     DEBUG main            d.u.i.k.p.r.p.TestFile    ... success: reloaded. 
151611     INFO  main            d.u.i.k.p.r.p.TestFile    Now processing file /home/runner/work/key/key/key.core/../key.ui/examples/standard_key/prop_log/allClausesLength5.key 
151611     INFO  main            d.u.i.k.p.i.AbstractProblemLoader Loading environment from /home/runner/work/key/key/key.core/../key.ui/examples/standard_key/prop_log/allClausesLength5.key 
151612     DEBUG main            d.u.i.k.p.i.AbstractProblemLoader Environment load took 82.7ns 
151613     INFO  main            d.u.i.k.p.i.AbstractProblemLoader Creating init config 
154007     DEBUG main            d.u.i.k.p.i.AbstractProblemLoader Init config took 2.39s 
154021     INFO  main            d.u.i.k.p.i.AbstractProblemLoader Replaying proof allClausesLength5.key 
154022     DEBUG main            d.u.i.k.p.i.IntermediateProofReplayer Proof replay took 7ns 
154330     INFO  main            d.u.i.k.p.r.p.TestFile    ... finished proof: closed. 
154625     INFO  main            d.u.i.k.p.i.AbstractProblemLoader Loading environment from /home/runner/work/key/key/key.core/../key.ui/examples/standard_key/prop_log/allClausesLength5.key.proof 
154626     DEBUG main            d.u.i.k.p.i.AbstractProblemLoader Environment load took 273.5ns 
154627     INFO  main            d.u.i.k.p.i.AbstractProblemLoader Creating init config 
156943     DEBUG main            d.u.i.k.p.i.AbstractProblemLoader Init config took 2.32s 
156958     INFO  main            d.u.i.k.p.i.AbstractProblemLoader Replaying proof allClausesLength5.key.proof 
156990     DEBUG main            d.u.i.k.p.i.IntermediateProofReplayer Proof replay took 27.8ms 
156992     DEBUG main            d.u.i.k.p.r.p.TestFile    ... success: reloaded. 
156992     INFO  main            d.u.i.k.p.r.p.TestFile    Now processing file /home/runner/work/key/key/key.core/../key.ui/examples/standard_key/prop_log/doubleNeg.key 
156992     INFO  main            d.u.i.k.p.i.AbstractProblemLoader Loading environment from /home/runner/work/key/key/key.core/../key.ui/examples/standard_key/prop_log/doubleNeg.key 
156992     DEBUG main            d.u.i.k.p.i.AbstractProblemLoader Environment load took 91.4ns 
156993     INFO  main            d.u.i.k.p.i.AbstractProblemLoader Creating init config 
159345     DEBUG main            d.u.i.k.p.i.AbstractProblemLoader Init config took 2.35s 
159358     INFO  main            d.u.i.k.p.i.AbstractProblemLoader Replaying proof doubleNeg.key 
159361     DEBUG main            d.u.i.k.p.i.IntermediateProofReplayer Proof replay took 7.6ns 
159464     INFO  main            d.u.i.k.p.r.p.TestFile    ... finished proof: closed. 
159752     INFO  main            d.u.i.k.p.i.AbstractProblemLoader Loading environment from /home/runner/work/key/key/key.core/../key.ui/examples/standard_key/prop_log/doubleNeg.key.proof 
159752     DEBUG main            d.u.i.k.p.i.AbstractProblemLoader Environment load took 108.6ns 
159753     INFO  main            d.u.i.k.p.i.AbstractProblemLoader Creating init config 
162063     DEBUG main            d.u.i.k.p.i.AbstractProblemLoader Init config took 2.31s 
162077     INFO  main            d.u.i.k.p.i.AbstractProblemLoader Replaying proof doubleNeg.key.proof 
162079     DEBUG main            d.u.i.k.p.i.IntermediateProofReplayer Proof replay took 392.6ns 
162079     DEBUG main            d.u.i.k.p.r.p.TestFile    ... success: reloaded. 
162080     INFO  main            d.u.i.k.p.r.p.TestFile    Now processing file /home/runner/work/key/key/key.core/../key.ui/examples/standard_key/prop_log/liarsville.key 
162080     INFO  main            d.u.i.k.p.i.AbstractProblemLoader Loading environment from /home/runner/work/key/key/key.core/../key.ui/examples/standard_key/prop_log/liarsville.key 
162080     DEBUG main            d.u.i.k.p.i.AbstractProblemLoader Environment load took 79.7ns 
162081     INFO  main            d.u.i.k.p.i.AbstractProblemLoader Creating init config 
164411     DEBUG main            d.u.i.k.p.i.AbstractProblemLoader Init config took 2.33s 
164424     INFO  main            d.u.i.k.p.i.AbstractProblemLoader Replaying proof liarsville.key 
164426     DEBUG main            d.u.i.k.p.i.IntermediateProofReplayer Proof replay took 7.9ns 
164528     INFO  main            d.u.i.k.p.r.p.TestFile    ... finished proof: closed. 
164814     INFO  main            d.u.i.k.p.i.AbstractProblemLoader Loading environment from /home/runner/work/key/key/key.core/../key.ui/examples/standard_key/prop_log/liarsville.key.proof 
164814     DEBUG main            d.u.i.k.p.i.AbstractProblemLoader Environment load took 110ns 
164815     INFO  main            d.u.i.k.p.i.AbstractProblemLoader Creating init config 
167126     DEBUG main            d.u.i.k.p.i.AbstractProblemLoader Init config took 2.31s 
167140     INFO  main            d.u.i.k.p.i.AbstractProblemLoader Replaying proof liarsville.key.proof 
167142     DEBUG main            d.u.i.k.p.i.IntermediateProofReplayer Proof replay took 1.06ms 
167144     DEBUG main            d.u.i.k.p.r.p.TestFile    ... success: reloaded. 
167145     INFO  main            d.u.i.k.p.r.p.TestFile    Now processing file /home/runner/work/key/key/key.core/../key.ui/examples/standard_key/prop_log/simplest.key 
167145     INFO  main            d.u.i.k.p.i.AbstractProblemLoader Loading environment from /home/runner/work/key/key/key.core/../key.ui/examples/standard_key/prop_log/simplest.key 
167145     DEBUG main            d.u.i.k.p.i.AbstractProblemLoader Environment load took 81.3ns 
167146     INFO  main            d.u.i.k.p.i.AbstractProblemLoader Creating init config 
169483     DEBUG main            d.u.i.k.p.i.AbstractProblemLoader Init config took 2.34s 
169496     INFO  main            d.u.i.k.p.i.AbstractProblemLoader Replaying proof simplest.key 
169497     DEBUG main            d.u.i.k.p.i.IntermediateProofReplayer Proof replay took 8.5ns 
169599     INFO  main            d.u.i.k.p.r.p.TestFile    ... finished proof: closed. 
169909     INFO  main            d.u.i.k.p.i.AbstractProblemLoader Loading environment from /home/runner/work/key/key/key.core/../key.ui/examples/standard_key/prop_log/simplest.key.proof 
169909     DEBUG main            d.u.i.k.p.i.AbstractProblemLoader Environment load took 117.4ns 
169910     INFO  main            d.u.i.k.p.i.AbstractProblemLoader Creating init config 
172207     DEBUG main            d.u.i.k.p.i.AbstractProblemLoader Init config took 2.3s 
172220     INFO  main            d.u.i.k.p.i.AbstractProblemLoader Replaying proof simplest.key.proof 
172222     DEBUG main            d.u.i.k.p.i.IntermediateProofReplayer Proof replay took 93.8ns 
172222     DEBUG main            d.u.i.k.p.r.p.TestFile    ... success: reloaded. 
172223     INFO  main            d.u.i.k.p.r.p.TestFile    Now processing file /home/runner/work/key/key/key.core/../key.ui/examples/standard_key/prop_log/contraposition.key 
172223     INFO  main            d.u.i.k.p.i.AbstractProblemLoader Loading environment from /home/runner/work/key/key/key.core/../key.ui/examples/standard_key/prop_log/contraposition.key 
172223     DEBUG main            d.u.i.k.p.i.AbstractProblemLoader Environment load took 54.1ns 
172224     INFO  main            d.u.i.k.p.i.AbstractProblemLoader Creating init config 
174595     DEBUG main            d.u.i.k.p.i.AbstractProblemLoader Init config took 2.37s 
174608     INFO  main            d.u.i.k.p.i.AbstractProblemLoader Replaying proof contraposition.key 
174609     DEBUG main            d.u.i.k.p.i.IntermediateProofReplayer Proof replay took 6ns 
174711     INFO  main            d.u.i.k.p.r.p.TestFile    ... finished proof: closed. 
175007     INFO  main            d.u.i.k.p.i.AbstractProblemLoader Loading environment from /home/runner/work/key/key/key.core/../key.ui/examples/standard_key/prop_log/contraposition.key.proof 
175007     DEBUG main            d.u.i.k.p.i.AbstractProblemLoader Environment load took 121.5ns 
175008     INFO  main            d.u.i.k.p.i.AbstractProblemLoader Creating init config 
177331     DEBUG main            d.u.i.k.p.i.AbstractProblemLoader Init config took 2.32s 
177344     INFO  main            d.u.i.k.p.i.AbstractProblemLoader Replaying proof contraposition.key.proof 
177346     DEBUG main            d.u.i.k.p.i.IntermediateProofReplayer Proof replay took 469.9ns 
177347     DEBUG main            d.u.i.k.p.r.p.TestFile    ... success: reloaded. 
177347     INFO  main            d.u.i.k.p.r.p.TestFile    Now processing file /home/runner/work/key/key/key.core/../key.ui/examples/standard_key/quantifiers/elimination0.key 
177347     INFO  main            d.u.i.k.p.i.AbstractProblemLoader Loading environment from /home/runner/work/key/key/key.core/../key.ui/examples/standard_key/quantifiers/elimination0.key 
177347     DEBUG main            d.u.i.k.p.i.AbstractProblemLoader Environment load took 56.8ns 
177348     INFO  main            d.u.i.k.p.i.AbstractProblemLoader Creating init config 
179722     DEBUG main            d.u.i.k.p.i.AbstractProblemLoader Init config took 2.37s 
179751     INFO  main            d.u.i.k.p.i.AbstractProblemLoader Replaying proof elimination0.key 
179754     DEBUG main            d.u.i.k.p.i.IntermediateProofReplayer Proof replay took 8.2ns 
179856     INFO  main            d.u.i.k.p.r.p.TestFile    ... finished proof: closed. 
180209     INFO  main            d.u.i.k.p.i.AbstractProblemLoader Loading environment from /home/runner/work/key/key/key.core/../key.ui/examples/standard_key/quantifiers/elimination0.key.proof 
180209     DEBUG main            d.u.i.k.p.i.AbstractProblemLoader Environment load took 110.7ns 
180212     INFO  main            d.u.i.k.p.i.AbstractProblemLoader Creating init config 
182504     DEBUG main            d.u.i.k.p.i.AbstractProblemLoader Init config took 2.29s 
182517     INFO  main            d.u.i.k.p.i.AbstractProblemLoader Replaying proof elimination0.key.proof 
182520     DEBUG main            d.u.i.k.p.i.IntermediateProofReplayer Proof replay took 1.3ms 
182521     DEBUG main            d.u.i.k.p.r.p.TestFile    ... success: reloaded. 
182522     INFO  main            d.u.i.k.p.r.p.TestFile    Now processing file /home/runner/work/key/key/key.core/../key.ui/examples/standard_key/quantifiers/heuristic_PUZ001p1-eq.key 
182522     INFO  main            d.u.i.k.p.i.AbstractProblemLoader Loading environment from /home/runner/work/key/key/key.core/../key.ui/examples/standard_key/quantifiers/heuristic_PUZ001p1-eq.key 
182523     DEBUG main            d.u.i.k.p.i.AbstractProblemLoader Environment load took 172.3ns 
182524     INFO  main            d.u.i.k.p.i.AbstractProblemLoader Creating init config 
184867     DEBUG main            d.u.i.k.p.i.AbstractProblemLoader Init config took 2.34s 
184881     INFO  main            d.u.i.k.p.i.AbstractProblemLoader Replaying proof heuristic_PUZ001p1-eq.key 
184883     DEBUG main            d.u.i.k.p.i.IntermediateProofReplayer Proof replay took 9.1ns 
184986     INFO  main            d.u.i.k.p.r.p.TestFile    ... finished proof: closed. 
185346     INFO  main            d.u.i.k.p.i.AbstractProblemLoader Loading environment from /home/runner/work/key/key/key.core/../key.ui/examples/standard_key/quantifiers/heuristic_PUZ001p1-eq.key.proof 
185346     DEBUG main            d.u.i.k.p.i.AbstractProblemLoader Environment load took 119.7ns 
185347     INFO  main            d.u.i.k.p.i.AbstractProblemLoader Creating init config 
187643     DEBUG main            d.u.i.k.p.i.AbstractProblemLoader Init config took 2.3s 
187657     INFO  main            d.u.i.k.p.i.AbstractProblemLoader Replaying proof heuristic_PUZ001p1-eq.key.proof 
187667     DEBUG main            d.u.i.k.p.i.IntermediateProofReplayer Proof replay took 8.46ms 
187669     DEBUG main            d.u.i.k.p.r.p.TestFile    ... success: reloaded. 
187669     INFO  main            d.u.i.k.p.r.p.TestFile    Now processing file /home/runner/work/key/key/key.core/../key.ui/examples/standard_key/quantifiers/heuristic_PUZ001p1.key 
187670     INFO  main            d.u.i.k.p.i.AbstractProblemLoader Loading environment from /home/runner/work/key/key/key.core/../key.ui/examples/standard_key/quantifiers/heuristic_PUZ001p1.key 
187670     DEBUG main            d.u.i.k.p.i.AbstractProblemLoader Environment load took 85.9ns 
187671     INFO  main            d.u.i.k.p.i.AbstractProblemLoader Creating init config 
190021     DEBUG main            d.u.i.k.p.i.AbstractProblemLoader Init config took 2.35s 
190036     INFO  main            d.u.i.k.p.i.AbstractProblemLoader Replaying proof heuristic_PUZ001p1.key 
190038     DEBUG main            d.u.i.k.p.i.IntermediateProofReplayer Proof replay took 7ns 
191454     INFO  main            d.u.i.k.p.r.p.TestFile    ... finished proof: closed. 
191783     INFO  main            d.u.i.k.p.i.AbstractProblemLoader Loading environment from /home/runner/work/key/key/key.core/../key.ui/examples/standard_key/quantifiers/heuristic_PUZ001p1.key.proof 
191783     DEBUG main            d.u.i.k.p.i.AbstractProblemLoader Environment load took 165.1ns 
191785     INFO  main            d.u.i.k.p.i.AbstractProblemLoader Creating init config 
194092     DEBUG main            d.u.i.k.p.i.AbstractProblemLoader Init config took 2.31s 
194107     INFO  main            d.u.i.k.p.i.AbstractProblemLoader Replaying proof heuristic_PUZ001p1.key.proof 
194153     DEBUG main            d.u.i.k.p.i.IntermediateProofReplayer Proof replay took 41.15ms 
194154     DEBUG main            d.u.i.k.p.r.p.TestFile    ... success: reloaded. 
194155     INFO  main            d.u.i.k.p.r.p.TestFile    Now processing file /home/runner/work/key/key/key.core/../key.ui/examples/standard_key/quantifiers/heuristic_PUZ031p1.key 
194156     INFO  main            d.u.i.k.p.i.AbstractProblemLoader Loading environment from /home/runner/work/key/key/key.core/../key.ui/examples/standard_key/quantifiers/heuristic_PUZ031p1.key 
194156     DEBUG main            d.u.i.k.p.i.AbstractProblemLoader Environment load took 90.8ns 
194157     INFO  main            d.u.i.k.p.i.AbstractProblemLoader Creating init config 
196543     DEBUG main            d.u.i.k.p.i.AbstractProblemLoader Init config took 2.39s 
196558     INFO  main            d.u.i.k.p.i.AbstractProblemLoader Replaying proof heuristic_PUZ031p1.key 
196559     DEBUG main            d.u.i.k.p.i.IntermediateProofReplayer Proof replay took 7.7ns 
201279     INFO  main            d.u.i.k.p.r.p.TestFile    ... finished proof: closed. 
201643     INFO  main            d.u.i.k.p.i.AbstractProblemLoader Loading environment from /home/runner/work/key/key/key.core/../key.ui/examples/standard_key/quantifiers/heuristic_PUZ031p1.key.proof 
201644     DEBUG main            d.u.i.k.p.i.AbstractProblemLoader Environment load took 288.1ns 
201645     INFO  main            d.u.i.k.p.i.AbstractProblemLoader Creating init config 
203945     DEBUG main            d.u.i.k.p.i.AbstractProblemLoader Init config took 2.3s 
203960     INFO  main            d.u.i.k.p.i.AbstractProblemLoader Replaying proof heuristic_PUZ031p1.key.proof 
204008     DEBUG main            d.u.i.k.p.i.IntermediateProofReplayer Proof replay took 44.59ms 
204009     DEBUG main            d.u.i.k.p.r.p.TestFile    ... success: reloaded. 
204010     INFO  main            d.u.i.k.p.r.p.TestFile    Now processing file /home/runner/work/key/key/key.core/../key.ui/examples/standard_key/quantifiers/heuristic_SYN036p2.key 
204010     INFO  main            d.u.i.k.p.i.AbstractProblemLoader Loading environment from /home/runner/work/key/key/key.core/../key.ui/examples/standard_key/quantifiers/heuristic_SYN036p2.key 
204011     DEBUG main            d.u.i.k.p.i.AbstractProblemLoader Environment load took 74.7ns 
204011     INFO  main            d.u.i.k.p.i.AbstractProblemLoader Creating init config 
206360     DEBUG main            d.u.i.k.p.i.AbstractProblemLoader Init config took 2.35s 
206373     INFO  main            d.u.i.k.p.i.AbstractProblemLoader Replaying proof heuristic_SYN036p2.key 
206374     DEBUG main            d.u.i.k.p.i.IntermediateProofReplayer Proof replay took 7.9ns 
206580     INFO  main            d.u.i.k.p.r.p.TestFile    ... finished proof: closed. 
206933     INFO  main            d.u.i.k.p.i.AbstractProblemLoader Loading environment from /home/runner/work/key/key/key.core/../key.ui/examples/standard_key/quantifiers/heuristic_SYN036p2.key.proof 
206933     DEBUG main            d.u.i.k.p.i.AbstractProblemLoader Environment load took 370.6ns 
206935     INFO  main            d.u.i.k.p.i.AbstractProblemLoader Creating init config 
209205     DEBUG main            d.u.i.k.p.i.AbstractProblemLoader Init config took 2.27s 
209218     INFO  main            d.u.i.k.p.i.AbstractProblemLoader Replaying proof heuristic_SYN036p2.key.proof 
209273     DEBUG main            d.u.i.k.p.i.IntermediateProofReplayer Proof replay took 47.58ms 
209274     DEBUG main            d.u.i.k.p.r.p.TestFile    ... success: reloaded. 
209274     INFO  main            d.u.i.k.p.r.p.TestFile    Now processing file /home/runner/work/key/key/key.core/../key.ui/examples/standard_key/quantifiers/injectivity.key 
209275     INFO  main            d.u.i.k.p.i.AbstractProblemLoader Loading environment from /home/runner/work/key/key/key.core/../key.ui/examples/standard_key/quantifiers/injectivity.key 
209275     DEBUG main            d.u.i.k.p.i.AbstractProblemLoader Environment load took 86.9ns 
209276     INFO  main            d.u.i.k.p.i.AbstractProblemLoader Creating init config 
211602     DEBUG main            d.u.i.k.p.i.AbstractProblemLoader Init config took 2.33s 
211615     INFO  main            d.u.i.k.p.i.AbstractProblemLoader Replaying proof injectivity.key 
211617     DEBUG main            d.u.i.k.p.i.IntermediateProofReplayer Proof replay took 7.7ns 
211719     INFO  main            d.u.i.k.p.r.p.TestFile    ... finished proof: closed. 
212067     INFO  main            d.u.i.k.p.i.AbstractProblemLoader Loading environment from /home/runner/work/key/key/key.core/../key.ui/examples/standard_key/quantifiers/injectivity.key.proof 
212067     DEBUG main            d.u.i.k.p.i.AbstractProblemLoader Environment load took 93.9ns 
212068     INFO  main            d.u.i.k.p.i.AbstractProblemLoader Creating init config 
214354     DEBUG main            d.u.i.k.p.i.AbstractProblemLoader Init config took 2.29s 
214366     INFO  main            d.u.i.k.p.i.AbstractProblemLoader Replaying proof injectivity.key.proof 
214369     DEBUG main            d.u.i.k.p.i.IntermediateProofReplayer Proof replay took 1.7ms 
214370     DEBUG main            d.u.i.k.p.r.p.TestFile    ... success: reloaded. 
214371     INFO  main            d.u.i.k.p.r.p.TestFile    Now processing file /home/runner/work/key/key/key.core/../key.ui/examples/standard_key/quantifiers/normalisation0.key 
214371     INFO  main            d.u.i.k.p.i.AbstractProblemLoader Loading environment from /home/runner/work/key/key/key.core/../key.ui/examples/standard_key/quantifiers/normalisation0.key 
214371     DEBUG main            d.u.i.k.p.i.AbstractProblemLoader Environment load took 66.6ns 
214372     INFO  main            d.u.i.k.p.i.AbstractProblemLoader Creating init config 
216728     DEBUG main            d.u.i.k.p.i.AbstractProblemLoader Init config took 2.36s 
216741     INFO  main            d.u.i.k.p.i.AbstractProblemLoader Replaying proof normalisation0.key 
216743     DEBUG main            d.u.i.k.p.i.IntermediateProofReplayer Proof replay took 7.2ns 
216844     INFO  main            d.u.i.k.p.r.p.TestFile    ... finished proof: closed. 
217193     INFO  main            d.u.i.k.p.i.AbstractProblemLoader Loading environment from /home/runner/work/key/key/key.core/../key.ui/examples/standard_key/quantifiers/normalisation0.key.proof 
217193     DEBUG main            d.u.i.k.p.i.AbstractProblemLoader Environment load took 109.4ns 
217194     INFO  main            d.u.i.k.p.i.AbstractProblemLoader Creating init config 
219498     DEBUG main            d.u.i.k.p.i.AbstractProblemLoader Init config took 2.3s 
219512     INFO  main            d.u.i.k.p.i.AbstractProblemLoader Replaying proof normalisation0.key.proof 
219515     DEBUG main            d.u.i.k.p.i.IntermediateProofReplayer Proof replay took 1.91ms 
219516     DEBUG main            d.u.i.k.p.r.p.TestFile    ... success: reloaded. 
219517     INFO  main            d.u.i.k.p.r.p.TestFile    Now processing file /home/runner/work/key/key/key.core/../key.ui/examples/standard_key/quantifiers/normalisation1.key 
219517     INFO  main            d.u.i.k.p.i.AbstractProblemLoader Loading environment from /home/runner/work/key/key/key.core/../key.ui/examples/standard_key/quantifiers/normalisation1.key 
219517     DEBUG main            d.u.i.k.p.i.AbstractProblemLoader Environment load took 107.7ns 
219518     INFO  main            d.u.i.k.p.i.AbstractProblemLoader Creating init config 
221866     DEBUG main            d.u.i.k.p.i.AbstractProblemLoader Init config took 2.35s 
221881     INFO  main            d.u.i.k.p.i.AbstractProblemLoader Replaying proof normalisation1.key 
221883     DEBUG main            d.u.i.k.p.i.IntermediateProofReplayer Proof replay took 7.7ns 
221989     INFO  main            d.u.i.k.p.r.p.TestFile    ... finished proof: closed. 
222460     INFO  main            d.u.i.k.p.i.AbstractProblemLoader Loading environment from /home/runner/work/key/key/key.core/../key.ui/examples/standard_key/quantifiers/normalisation1.key.proof 
222460     DEBUG main            d.u.i.k.p.i.AbstractProblemLoader Environment load took 104.4ns 
222461     INFO  main            d.u.i.k.p.i.AbstractProblemLoader Creating init config 
224748     DEBUG main            d.u.i.k.p.i.AbstractProblemLoader Init config took 2.29s 
224762     INFO  main            d.u.i.k.p.i.AbstractProblemLoader Replaying proof normalisation1.key.proof 
224766     DEBUG main            d.u.i.k.p.i.IntermediateProofReplayer Proof replay took 2.54ms 
224767     DEBUG main            d.u.i.k.p.r.p.TestFile    ... success: reloaded. 
224768     INFO  main            d.u.i.k.p.r.p.TestFile    Now processing file /home/runner/work/key/key/key.core/../key.ui/examples/standard_key/quantifiers/normalisation2.key 
224768     INFO  main            d.u.i.k.p.i.AbstractProblemLoader Loading environment from /home/runner/work/key/key/key.core/../key.ui/examples/standard_key/quantifiers/normalisation2.key 
224768     DEBUG main            d.u.i.k.p.i.AbstractProblemLoader Environment load took 66.8ns 
224769     INFO  main            d.u.i.k.p.i.AbstractProblemLoader Creating init config 
227121     DEBUG main            d.u.i.k.p.i.AbstractProblemLoader Init config took 2.35s 
227135     INFO  main            d.u.i.k.p.i.AbstractProblemLoader Replaying proof normalisation2.key 
227137     DEBUG main            d.u.i.k.p.i.IntermediateProofReplayer Proof replay took 8.7ns 
227239     INFO  main            d.u.i.k.p.r.p.TestFile    ... finished proof: closed. 
227610     INFO  main            d.u.i.k.p.i.AbstractProblemLoader Loading environment from /home/runner/work/key/key/key.core/../key.ui/examples/standard_key/quantifiers/normalisation2.key.proof 
227610     DEBUG main            d.u.i.k.p.i.AbstractProblemLoader Environment load took 106.5ns 
227611     INFO  main            d.u.i.k.p.i.AbstractProblemLoader Creating init config 
229900     DEBUG main            d.u.i.k.p.i.AbstractProblemLoader Init config took 2.29s 
229913     INFO  main            d.u.i.k.p.i.AbstractProblemLoader Replaying proof normalisation2.key.proof 
229916     DEBUG main            d.u.i.k.p.i.IntermediateProofReplayer Proof replay took 1.95ms 
229917     DEBUG main            d.u.i.k.p.r.p.TestFile    ... success: reloaded. 
229918     INFO  main            d.u.i.k.p.r.p.TestFile    Now processing file /home/runner/work/key/key/key.core/../key.ui/examples/standard_key/quantifiers/normalisation3.key 
229918     INFO  main            d.u.i.k.p.i.AbstractProblemLoader Loading environment from /home/runner/work/key/key/key.core/../key.ui/examples/standard_key/quantifiers/normalisation3.key 
229918     DEBUG main            d.u.i.k.p.i.AbstractProblemLoader Environment load took 51ns 
229919     INFO  main            d.u.i.k.p.i.AbstractProblemLoader Creating init config 
232252     DEBUG main            d.u.i.k.p.i.AbstractProblemLoader Init config took 2.33s 
232266     INFO  main            d.u.i.k.p.i.AbstractProblemLoader Replaying proof normalisation3.key 
232267     DEBUG main            d.u.i.k.p.i.IntermediateProofReplayer Proof replay took 8.9ns 
232369     INFO  main            d.u.i.k.p.r.p.TestFile    ... finished proof: closed. 
232741     INFO  main            d.u.i.k.p.i.AbstractProblemLoader Loading environment from /home/runner/work/key/key/key.core/../key.ui/examples/standard_key/quantifiers/normalisation3.key.proof 
232741     DEBUG main            d.u.i.k.p.i.AbstractProblemLoader Environment load took 106.2ns 
232742     INFO  main            d.u.i.k.p.i.AbstractProblemLoader Creating init config 
235035     DEBUG main            d.u.i.k.p.i.AbstractProblemLoader Init config took 2.29s 
235048     INFO  main            d.u.i.k.p.i.AbstractProblemLoader Replaying proof normalisation3.key.proof 
235052     DEBUG main            d.u.i.k.p.i.IntermediateProofReplayer Proof replay took 2.34ms 
235053     DEBUG main            d.u.i.k.p.r.p.TestFile    ... success: reloaded. 
235054     INFO  main            d.u.i.k.p.r.p.TestFile    Now processing file /home/runner/work/key/key/key.core/../key.ui/examples/standard_key/quantifiers/normalisation4.key 
235054     INFO  main            d.u.i.k.p.i.AbstractProblemLoader Loading environment from /home/runner/work/key/key/key.core/../key.ui/examples/standard_key/quantifiers/normalisation4.key 
235054     DEBUG main            d.u.i.k.p.i.AbstractProblemLoader Environment load took 96ns 
235055     INFO  main            d.u.i.k.p.i.AbstractProblemLoader Creating init config 
237380     DEBUG main            d.u.i.k.p.i.AbstractProblemLoader Init config took 2.32s 
237393     INFO  main            d.u.i.k.p.i.AbstractProblemLoader Replaying proof normalisation4.key 
237394     DEBUG main            d.u.i.k.p.i.IntermediateProofReplayer Proof replay took 8.1ns 
237497     INFO  main            d.u.i.k.p.r.p.TestFile    ... finished proof: closed. 
237868     INFO  main            d.u.i.k.p.i.AbstractProblemLoader Loading environment from /home/runner/work/key/key/key.core/../key.ui/examples/standard_key/quantifiers/normalisation4.key.proof 
237868     DEBUG main            d.u.i.k.p.i.AbstractProblemLoader Environment load took 108ns 
237870     INFO  main            d.u.i.k.p.i.AbstractProblemLoader Creating init config 
240155     DEBUG main            d.u.i.k.p.i.AbstractProblemLoader Init config took 2.28s 
240168     INFO  main            d.u.i.k.p.i.AbstractProblemLoader Replaying proof normalisation4.key.proof 
240173     DEBUG main            d.u.i.k.p.i.IntermediateProofReplayer Proof replay took 3.96ms 
240174     DEBUG main            d.u.i.k.p.r.p.TestFile    ... success: reloaded. 
240175     INFO  main            d.u.i.k.p.r.p.TestFile    Now processing file /home/runner/work/key/key/key.core/../key.ui/examples/standard_key/quantifiers/normalisation5.key 
240175     INFO  main            d.u.i.k.p.i.AbstractProblemLoader Loading environment from /home/runner/work/key/key/key.core/../key.ui/examples/standard_key/quantifiers/normalisation5.key 
240175     DEBUG main            d.u.i.k.p.i.AbstractProblemLoader Environment load took 98ns 
240176     INFO  main            d.u.i.k.p.i.AbstractProblemLoader Creating init config 
242502     DEBUG main            d.u.i.k.p.i.AbstractProblemLoader Init config took 2.33s 
242516     INFO  main            d.u.i.k.p.i.AbstractProblemLoader Replaying proof normalisation5.key 
242517     DEBUG main            d.u.i.k.p.i.IntermediateProofReplayer Proof replay took 8ns 
242619     INFO  main            d.u.i.k.p.r.p.TestFile    ... finished proof: closed. 
242997     INFO  main            d.u.i.k.p.i.AbstractProblemLoader Loading environment from /home/runner/work/key/key/key.core/../key.ui/examples/standard_key/quantifiers/normalisation5.key.proof 
242997     DEBUG main            d.u.i.k.p.i.AbstractProblemLoader Environment load took 100.5ns 
242998     INFO  main            d.u.i.k.p.i.AbstractProblemLoader Creating init config 
245291     DEBUG main            d.u.i.k.p.i.AbstractProblemLoader Init config took 2.29s 
245305     INFO  main            d.u.i.k.p.i.AbstractProblemLoader Replaying proof normalisation5.key.proof 
245310     DEBUG main            d.u.i.k.p.i.IntermediateProofReplayer Proof replay took 3.55ms 
245311     DEBUG main            d.u.i.k.p.r.p.TestFile    ... success: reloaded. 
245311     INFO  main            d.u.i.k.p.r.p.TestFile    Now processing file /home/runner/work/key/key/key.core/../key.ui/examples/standard_key/quantifiers/normalisation6.key 
245312     INFO  main            d.u.i.k.p.i.AbstractProblemLoader Loading environment from /home/runner/work/key/key/key.core/../key.ui/examples/standard_key/quantifiers/normalisation6.key 
245312     DEBUG main            d.u.i.k.p.i.AbstractProblemLoader Environment load took 93.1ns 
245313     INFO  main            d.u.i.k.p.i.AbstractProblemLoader Creating init config 
247641     DEBUG main            d.u.i.k.p.i.AbstractProblemLoader Init config took 2.33s 
247655     INFO  main            d.u.i.k.p.i.AbstractProblemLoader Replaying proof normalisation6.key 
247656     DEBUG main            d.u.i.k.p.i.IntermediateProofReplayer Proof replay took 8.6ns 
247758     INFO  main            d.u.i.k.p.r.p.TestFile    ... finished proof: closed. 
248141     INFO  main            d.u.i.k.p.i.AbstractProblemLoader Loading environment from /home/runner/work/key/key/key.core/../key.ui/examples/standard_key/quantifiers/normalisation6.key.proof 
248141     DEBUG main            d.u.i.k.p.i.AbstractProblemLoader Environment load took 100.3ns 
248143     INFO  main            d.u.i.k.p.i.AbstractProblemLoader Creating init config 
250435     DEBUG main            d.u.i.k.p.i.AbstractProblemLoader Init config took 2.29s 
250448     INFO  main            d.u.i.k.p.i.AbstractProblemLoader Replaying proof normalisation6.key.proof 
250452     DEBUG main            d.u.i.k.p.i.IntermediateProofReplayer Proof replay took 2.2ms 
250452     DEBUG main            d.u.i.k.p.r.p.TestFile    ... success: reloaded. 
250453     INFO  main            d.u.i.k.p.r.p.TestFile    Now processing file /home/runner/work/key/key/key.core/../key.ui/examples/standard_key/quantifiers/normalisation7.key 
250453     INFO  main            d.u.i.k.p.i.AbstractProblemLoader Loading environment from /home/runner/work/key/key/key.core/../key.ui/examples/standard_key/quantifiers/normalisation7.key 
250454     DEBUG main            d.u.i.k.p.i.AbstractProblemLoader Environment load took 76.9ns 
250454     INFO  main            d.u.i.k.p.i.AbstractProblemLoader Creating init config 
252781     DEBUG main            d.u.i.k.p.i.AbstractProblemLoader Init config took 2.33s 
252794     INFO  main            d.u.i.k.p.i.AbstractProblemLoader Replaying proof normalisation7.key 
252796     DEBUG main            d.u.i.k.p.i.IntermediateProofReplayer Proof replay took 7.7ns 
252897     INFO  main            d.u.i.k.p.r.p.TestFile    ... finished proof: closed. 
253283     INFO  main            d.u.i.k.p.i.AbstractProblemLoader Loading environment from /home/runner/work/key/key/key.core/../key.ui/examples/standard_key/quantifiers/normalisation7.key.proof 
253283     DEBUG main            d.u.i.k.p.i.AbstractProblemLoader Environment load took 109.8ns 
253284     INFO  main            d.u.i.k.p.i.AbstractProblemLoader Creating init config 
255585     DEBUG main            d.u.i.k.p.i.AbstractProblemLoader Init config took 2.3s 
255599     INFO  main            d.u.i.k.p.i.AbstractProblemLoader Replaying proof normalisation7.key.proof 
255602     DEBUG main            d.u.i.k.p.i.IntermediateProofReplayer Proof replay took 1.82ms 
255603     DEBUG main            d.u.i.k.p.r.p.TestFile    ... success: reloaded. 
255604     INFO  main            d.u.i.k.p.r.p.TestFile    Now processing file /home/runner/work/key/key/key.core/../key.ui/examples/standard_key/quantifiers/normalisation8.key 
255604     INFO  main            d.u.i.k.p.i.AbstractProblemLoader Loading environment from /home/runner/work/key/key/key.core/../key.ui/examples/standard_key/quantifiers/normalisation8.key 
255604     DEBUG main            d.u.i.k.p.i.AbstractProblemLoader Environment load took 88.7ns 
255605     INFO  main            d.u.i.k.p.i.AbstractProblemLoader Creating init config 
257938     DEBUG main            d.u.i.k.p.i.AbstractProblemLoader Init config took 2.33s 
257952     INFO  main            d.u.i.k.p.i.AbstractProblemLoader Replaying proof normalisation8.key 
257953     DEBUG main            d.u.i.k.p.i.IntermediateProofReplayer Proof replay took 8.2ns 
258055     INFO  main            d.u.i.k.p.r.p.TestFile    ... finished proof: closed. 
258441     INFO  main            d.u.i.k.p.i.AbstractProblemLoader Loading environment from /home/runner/work/key/key/key.core/../key.ui/examples/standard_key/quantifiers/normalisation8.key.proof 
258441     DEBUG main            d.u.i.k.p.i.AbstractProblemLoader Environment load took 97.4ns 
258442     INFO  main            d.u.i.k.p.i.AbstractProblemLoader Creating init config 
260753     DEBUG main            d.u.i.k.p.i.AbstractProblemLoader Init config took 2.31s 
260766     INFO  main            d.u.i.k.p.i.AbstractProblemLoader Replaying proof normalisation8.key.proof 
260772     DEBUG main            d.u.i.k.p.i.IntermediateProofReplayer Proof replay took 4.51ms 
260773     DEBUG main            d.u.i.k.p.r.p.TestFile    ... success: reloaded. 
260774     INFO  main            d.u.i.k.p.r.p.TestFile    Now processing file /home/runner/work/key/key/key.core/../key.ui/examples/standard_key/quantifiers/normalisation9.key 
260774     INFO  main            d.u.i.k.p.i.AbstractProblemLoader Loading environment from /home/runner/work/key/key/key.core/../key.ui/examples/standard_key/quantifiers/normalisation9.key 
260774     DEBUG main            d.u.i.k.p.i.AbstractProblemLoader Environment load took 78.1ns 
260775     INFO  main            d.u.i.k.p.i.AbstractProblemLoader Creating init config 
263120     DEBUG main            d.u.i.k.p.i.AbstractProblemLoader Init config took 2.34s 
263133     INFO  main            d.u.i.k.p.i.AbstractProblemLoader Replaying proof normalisation9.key 
263135     DEBUG main            d.u.i.k.p.i.IntermediateProofReplayer Proof replay took 7.7ns 
263237     INFO  main            d.u.i.k.p.r.p.TestFile    ... finished proof: closed. 
263625     INFO  main            d.u.i.k.p.i.AbstractProblemLoader Loading environment from /home/runner/work/key/key/key.core/../key.ui/examples/standard_key/quantifiers/normalisation9.key.proof 
263625     DEBUG main            d.u.i.k.p.i.AbstractProblemLoader Environment load took 98.2ns 
263626     INFO  main            d.u.i.k.p.i.AbstractProblemLoader Creating init config 
265925     DEBUG main            d.u.i.k.p.i.AbstractProblemLoader Init config took 2.3s 
265940     INFO  main            d.u.i.k.p.i.AbstractProblemLoader Replaying proof normalisation9.key.proof 
265948     DEBUG main            d.u.i.k.p.i.IntermediateProofReplayer Proof replay took 6.75ms 
265949     DEBUG main            d.u.i.k.p.r.p.TestFile    ... success: reloaded. 
265950     INFO  main            d.u.i.k.p.r.p.TestFile    Now processing file /home/runner/work/key/key/key.core/../key.ui/examples/standard_key/quantifiers/normalisation10.key 
265951     INFO  main            d.u.i.k.p.i.AbstractProblemLoader Loading environment from /home/runner/work/key/key/key.core/../key.ui/examples/standard_key/quantifiers/normalisation10.key 
265951     DEBUG main            d.u.i.k.p.i.AbstractProblemLoader Environment load took 156ns 
265952     INFO  main            d.u.i.k.p.i.AbstractProblemLoader Creating init config 
268318     DEBUG main            d.u.i.k.p.i.AbstractProblemLoader Init config took 2.37s 
268331     INFO  main            d.u.i.k.p.i.AbstractProblemLoader Replaying proof normalisation10.key 
268333     DEBUG main            d.u.i.k.p.i.IntermediateProofReplayer Proof replay took 7.9ns 
268435     INFO  main            d.u.i.k.p.r.p.TestFile    ... finished proof: closed. 
268842     INFO  main            d.u.i.k.p.i.AbstractProblemLoader Loading environment from /home/runner/work/key/key/key.core/../key.ui/examples/standard_key/quantifiers/normalisation10.key.proof 
268842     DEBUG main            d.u.i.k.p.i.AbstractProblemLoader Environment load took 98.1ns 
268843     INFO  main            d.u.i.k.p.i.AbstractProblemLoader Creating init config 
271124     DEBUG main            d.u.i.k.p.i.AbstractProblemLoader Init config took 2.28s 
271137     INFO  main            d.u.i.k.p.i.AbstractProblemLoader Replaying proof normalisation10.key.proof 
271143     DEBUG main            d.u.i.k.p.i.IntermediateProofReplayer Proof replay took 4.49ms 
271144     DEBUG main            d.u.i.k.p.r.p.TestFile    ... success: reloaded. 
271145     INFO  main            d.u.i.k.p.r.p.TestFile    Now processing file /home/runner/work/key/key/key.core/../key.ui/examples/standard_key/quantifiers/normalisation12.key 
271145     INFO  main            d.u.i.k.p.i.AbstractProblemLoader Loading environment from /home/runner/work/key/key/key.core/../key.ui/examples/standard_key/quantifiers/normalisation12.key 
271145     DEBUG main            d.u.i.k.p.i.AbstractProblemLoader Environment load took 78.5ns 
271146     INFO  main            d.u.i.k.p.i.AbstractProblemLoader Creating init config 
273483     DEBUG main            d.u.i.k.p.i.AbstractProblemLoader Init config took 2.34s 
273496     INFO  main            d.u.i.k.p.i.AbstractProblemLoader Replaying proof normalisation12.key 
273498     DEBUG main            d.u.i.k.p.i.IntermediateProofReplayer Proof replay took 7.7ns 
273600     INFO  main            d.u.i.k.p.r.p.TestFile    ... finished proof: closed. 
274014     INFO  main            d.u.i.k.p.i.AbstractProblemLoader Loading environment from /home/runner/work/key/key/key.core/../key.ui/examples/standard_key/quantifiers/normalisation12.key.proof 
274014     DEBUG main            d.u.i.k.p.i.AbstractProblemLoader Environment load took 95.5ns 
274015     INFO  main            d.u.i.k.p.i.AbstractProblemLoader Creating init config 
276299     DEBUG main            d.u.i.k.p.i.AbstractProblemLoader Init config took 2.28s 
276313     INFO  main            d.u.i.k.p.i.AbstractProblemLoader Replaying proof normalisation12.key.proof 
276315     DEBUG main            d.u.i.k.p.i.IntermediateProofReplayer Proof replay took 1.21ms 
276316     DEBUG main            d.u.i.k.p.r.p.TestFile    ... success: reloaded. 
276317     INFO  main            d.u.i.k.p.r.p.TestFile    Now processing file /home/runner/work/key/key/key.core/../key.ui/examples/standard_key/quantifiers/normalisation13.key 
276317     INFO  main            d.u.i.k.p.i.AbstractProblemLoader Loading environment from /home/runner/work/key/key/key.core/../key.ui/examples/standard_key/quantifiers/normalisation13.key 
276317     DEBUG main            d.u.i.k.p.i.AbstractProblemLoader Environment load took 48.4ns 
276318     INFO  main            d.u.i.k.p.i.AbstractProblemLoader Creating init config 
278611     DEBUG main            d.u.i.k.p.i.AbstractProblemLoader Init config took 2.29s 
278624     INFO  main            d.u.i.k.p.i.AbstractProblemLoader Replaying proof normalisation13.key 
278626     DEBUG main            d.u.i.k.p.i.IntermediateProofReplayer Proof replay took 8.1ns 
278729     INFO  main            d.u.i.k.p.r.p.TestFile    ... finished proof: closed. 
279140     INFO  main            d.u.i.k.p.i.AbstractProblemLoader Loading environment from /home/runner/work/key/key/key.core/../key.ui/examples/standard_key/quantifiers/normalisation13.key.proof 
279140     DEBUG main            d.u.i.k.p.i.AbstractProblemLoader Environment load took 100.4ns 
279141     INFO  main            d.u.i.k.p.i.AbstractProblemLoader Creating init config 
281419     DEBUG main            d.u.i.k.p.i.AbstractProblemLoader Init config took 2.28s 
281432     INFO  main            d.u.i.k.p.i.AbstractProblemLoader Replaying proof normalisation13.key.proof 
281434     DEBUG main            d.u.i.k.p.i.IntermediateProofReplayer Proof replay took 574.31ns 
281435     DEBUG main            d.u.i.k.p.r.p.TestFile    ... success: reloaded. 
281436     INFO  main            d.u.i.k.p.r.p.TestFile    Now processing file /home/runner/work/key/key/key.core/../key.ui/examples/standard_key/quantifiers/triggers0.key 
281436     INFO  main            d.u.i.k.p.i.AbstractProblemLoader Loading environment from /home/runner/work/key/key/key.core/../key.ui/examples/standard_key/quantifiers/triggers0.key 
281436     DEBUG main            d.u.i.k.p.i.AbstractProblemLoader Environment load took 73.7ns 
281437     INFO  main            d.u.i.k.p.i.AbstractProblemLoader Creating init config 
283742     DEBUG main            d.u.i.k.p.i.AbstractProblemLoader Init config took 2.31s 
283755     INFO  main            d.u.i.k.p.i.AbstractProblemLoader Replaying proof triggers0.key 
283757     DEBUG main            d.u.i.k.p.i.IntermediateProofReplayer Proof replay took 7.3ns 
283859     INFO  main            d.u.i.k.p.r.p.TestFile    ... finished proof: closed. 
284278     INFO  main            d.u.i.k.p.i.AbstractProblemLoader Loading environment from /home/runner/work/key/key/key.core/../key.ui/examples/standard_key/quantifiers/triggers0.key.proof 
284278     DEBUG main            d.u.i.k.p.i.AbstractProblemLoader Environment load took 103.2ns 
284280     INFO  main            d.u.i.k.p.i.AbstractProblemLoader Creating init config 
286560     DEBUG main            d.u.i.k.p.i.AbstractProblemLoader Init config took 2.28s 
286573     INFO  main            d.u.i.k.p.i.AbstractProblemLoader Replaying proof triggers0.key.proof 
286576     DEBUG main            d.u.i.k.p.i.IntermediateProofReplayer Proof replay took 1.55ms 
286577     DEBUG main            d.u.i.k.p.r.p.TestFile    ... success: reloaded. 
3800956    INFO  Test worker     d.u.i.k.p.r.RunAllProofsTestUnit Returning from test FOL 
3800957    INFO  Test worker     d.u.i.k.p.r.RunAllProofsTestUnit Running test strings 
370        INFO  Timeout watchdog d.u.i.k.p.r.p.ForkedTestFileRunner Timeout watcher launched (2000 secs.) 
371        WARN  main            d.u.i.k.s.ProofSettings   The settings in /home/runner/.key/proof-settings.props are *not* read. 
407        INFO  main            d.u.i.k.p.r.p.TestFile    Now processing file /home/runner/work/key/key/key.core/../key.ui/examples/standard_key/strings/charAt0.key 
532        INFO  main            d.u.i.k.p.i.AbstractProblemLoader Loading environment from /home/runner/work/key/key/key.core/../key.ui/examples/standard_key/strings/charAt0.key 
554        DEBUG main            d.u.i.k.p.i.AbstractProblemLoader Environment load took 2.37ms 
808        INFO  main            d.u.i.k.p.i.AbstractProblemLoader Creating init config 
1747       DEBUG main            d.u.i.k.j.TypeConverter   No LDT found for Meta 
1748       DEBUG main            d.u.i.k.j.TypeConverter   No LDT found for Meta 
1749       DEBUG main            d.u.i.k.j.TypeConverter   No LDT found for Meta 
1750       DEBUG main            d.u.i.k.j.TypeConverter   No LDT found for Meta 
3523       DEBUG main            d.u.i.k.j.TypeConverter   No LDT found for JavaBigintExpression 
8691       DEBUG main            d.u.i.k.p.i.AbstractProblemLoader Init config took 7.88s 
8777       INFO  main            d.u.i.k.p.i.AbstractProblemLoader Replaying proof charAt0.key 
8816       DEBUG main            d.u.i.k.p.i.IntermediateProofReplayer Proof replay took 36ns 
9266       INFO  main            d.u.i.k.p.r.p.TestFile    ... finished proof: closed. 
9374       INFO  main            d.u.i.k.p.i.AbstractProblemLoader Loading environment from /home/runner/work/key/key/key.core/../key.ui/examples/standard_key/strings/charAt0.key.proof 
9374       DEBUG main            d.u.i.k.p.i.AbstractProblemLoader Environment load took 182ns 
9381       INFO  main            d.u.i.k.p.i.AbstractProblemLoader Creating init config 
12383      DEBUG main            d.u.i.k.p.i.AbstractProblemLoader Init config took 3s 
12414      INFO  main            d.u.i.k.p.i.AbstractProblemLoader Replaying proof charAt0.key.proof 
12436      DEBUG main            d.u.i.k.p.i.IntermediateProofReplayer Proof replay took 16.87ms 
12447      DEBUG main            d.u.i.k.p.r.p.TestFile    ... success: reloaded. 
12449      INFO  main            d.u.i.k.p.r.p.TestFile    Now processing file /home/runner/work/key/key/key.core/../key.ui/examples/standard_key/strings/charAt1.key 
12449      INFO  main            d.u.i.k.p.i.AbstractProblemLoader Loading environment from /home/runner/work/key/key/key.core/../key.ui/examples/standard_key/strings/charAt1.key 
12449      DEBUG main            d.u.i.k.p.i.AbstractProblemLoader Environment load took 206.5ns 
12451      INFO  main            d.u.i.k.p.i.AbstractProblemLoader Creating init config 
15229      DEBUG main            d.u.i.k.p.i.AbstractProblemLoader Init config took 2.78s 
15258      INFO  main            d.u.i.k.p.i.AbstractProblemLoader Replaying proof charAt1.key 
15260      DEBUG main            d.u.i.k.p.i.IntermediateProofReplayer Proof replay took 7ns 
15469      INFO  main            d.u.i.k.p.r.p.TestFile    ... finished proof: closed. 
15608      INFO  main            d.u.i.k.p.i.AbstractProblemLoader Loading environment from /home/runner/work/key/key/key.core/../key.ui/examples/standard_key/strings/charAt1.key.proof 
15609      DEBUG main            d.u.i.k.p.i.AbstractProblemLoader Environment load took 1.53ms 
15612      INFO  main            d.u.i.k.p.i.AbstractProblemLoader Creating init config 
18282      DEBUG main            d.u.i.k.p.i.AbstractProblemLoader Init config took 2.67s 
18305      INFO  main            d.u.i.k.p.i.AbstractProblemLoader Replaying proof charAt1.key.proof 
18338      DEBUG main            d.u.i.k.p.i.IntermediateProofReplayer Proof replay took 29.75ms 
18339      DEBUG main            d.u.i.k.p.r.p.TestFile    ... success: reloaded. 
18341      INFO  main            d.u.i.k.p.r.p.TestFile    Now processing file /home/runner/work/key/key/key.core/../key.ui/examples/standard_key/strings/concat1.key 
18341      INFO  main            d.u.i.k.p.i.AbstractProblemLoader Loading environment from /home/runner/work/key/key/key.core/../key.ui/examples/standard_key/strings/concat1.key 
18341      DEBUG main            d.u.i.k.p.i.AbstractProblemLoader Environment load took 118.1ns 
18342      INFO  main            d.u.i.k.p.i.AbstractProblemLoader Creating init config 
21097      DEBUG main            d.u.i.k.p.i.AbstractProblemLoader Init config took 2.75s 
21118      INFO  main            d.u.i.k.p.i.AbstractProblemLoader Replaying proof concat1.key 
21120      DEBUG main            d.u.i.k.p.i.IntermediateProofReplayer Proof replay took 8.3ns 
21225      INFO  main            d.u.i.k.p.r.p.TestFile    ... finished proof: closed. 
21366      INFO  main            d.u.i.k.p.i.AbstractProblemLoader Loading environment from /home/runner/work/key/key/key.core/../key.ui/examples/standard_key/strings/concat1.key.proof 
21366      DEBUG main            d.u.i.k.p.i.AbstractProblemLoader Environment load took 157.5ns 
21368      INFO  main            d.u.i.k.p.i.AbstractProblemLoader Creating init config 
23958      DEBUG main            d.u.i.k.p.i.AbstractProblemLoader Init config took 2.59s 
23979      INFO  main            d.u.i.k.p.i.AbstractProblemLoader Replaying proof concat1.key.proof 
23982      DEBUG main            d.u.i.k.p.i.IntermediateProofReplayer Proof replay took 1.59ms 
23983      DEBUG main            d.u.i.k.p.r.p.TestFile    ... success: reloaded. 
23984      INFO  main            d.u.i.k.p.r.p.TestFile    Now processing file /home/runner/work/key/key/key.core/../key.ui/examples/standard_key/strings/concat2.key 
23984      INFO  main            d.u.i.k.p.i.AbstractProblemLoader Loading environment from /home/runner/work/key/key/key.core/../key.ui/examples/standard_key/strings/concat2.key 
23984      DEBUG main            d.u.i.k.p.i.AbstractProblemLoader Environment load took 89.5ns 
23986      INFO  main            d.u.i.k.p.i.AbstractProblemLoader Creating init config 
26626      DEBUG main            d.u.i.k.p.i.AbstractProblemLoader Init config took 2.64s 
26650      INFO  main            d.u.i.k.p.i.AbstractProblemLoader Replaying proof concat2.key 
26654      DEBUG main            d.u.i.k.p.i.IntermediateProofReplayer Proof replay took 8ns 
26757      INFO  main            d.u.i.k.p.r.p.TestFile    ... finished proof: closed. 
26914      INFO  main            d.u.i.k.p.i.AbstractProblemLoader Loading environment from /home/runner/work/key/key/key.core/../key.ui/examples/standard_key/strings/concat2.key.proof 
26914      DEBUG main            d.u.i.k.p.i.AbstractProblemLoader Environment load took 615.01ns 
26916      INFO  main            d.u.i.k.p.i.AbstractProblemLoader Creating init config 
29514      DEBUG main            d.u.i.k.p.i.AbstractProblemLoader Init config took 2.6s 
29536      INFO  main            d.u.i.k.p.i.AbstractProblemLoader Replaying proof concat2.key.proof 
29547      DEBUG main            d.u.i.k.p.i.IntermediateProofReplayer Proof replay took 9.05ms 
29548      DEBUG main            d.u.i.k.p.r.p.TestFile    ... success: reloaded. 
29549      INFO  main            d.u.i.k.p.r.p.TestFile    Now processing file /home/runner/work/key/key/key.core/../key.ui/examples/standard_key/strings/deriveLength1.key 
29549      INFO  main            d.u.i.k.p.i.AbstractProblemLoader Loading environment from /home/runner/work/key/key/key.core/../key.ui/examples/standard_key/strings/deriveLength1.key 
29550      DEBUG main            d.u.i.k.p.i.AbstractProblemLoader Environment load took 132.3ns 
29551      INFO  main            d.u.i.k.p.i.AbstractProblemLoader Creating init config 
32175      DEBUG main            d.u.i.k.p.i.AbstractProblemLoader Init config took 2.62s 
32198      INFO  main            d.u.i.k.p.i.AbstractProblemLoader Replaying proof deriveLength1.key 
32199      DEBUG main            d.u.i.k.p.i.IntermediateProofReplayer Proof replay took 7.8ns 
32305      INFO  main            d.u.i.k.p.r.p.TestFile    ... finished proof: closed. 
32460      INFO  main            d.u.i.k.p.i.AbstractProblemLoader Loading environment from /home/runner/work/key/key/key.core/../key.ui/examples/standard_key/strings/deriveLength1.key.proof 
32461      DEBUG main            d.u.i.k.p.i.AbstractProblemLoader Environment load took 443.4ns 
32462      INFO  main            d.u.i.k.p.i.AbstractProblemLoader Creating init config 
35014      DEBUG main            d.u.i.k.p.i.AbstractProblemLoader Init config took 2.55s 
35035      INFO  main            d.u.i.k.p.i.AbstractProblemLoader Replaying proof deriveLength1.key.proof 
35057      DEBUG main            d.u.i.k.p.i.IntermediateProofReplayer Proof replay took 19.48ms 
35062      DEBUG main            d.u.i.k.p.r.p.TestFile    ... success: reloaded. 
35063      INFO  main            d.u.i.k.p.r.p.TestFile    Now processing file /home/runner/work/key/key/key.core/../key.ui/examples/standard_key/strings/emptyStringLengthZero.key 
35063      INFO  main            d.u.i.k.p.i.AbstractProblemLoader Loading environment from /home/runner/work/key/key/key.core/../key.ui/examples/standard_key/strings/emptyStringLengthZero.key 
35064      DEBUG main            d.u.i.k.p.i.AbstractProblemLoader Environment load took 125.5ns 
35065      INFO  main            d.u.i.k.p.i.AbstractProblemLoader Creating init config 
37715      DEBUG main            d.u.i.k.p.i.AbstractProblemLoader Init config took 2.65s 
37737      INFO  main            d.u.i.k.p.i.AbstractProblemLoader Replaying proof emptyStringLengthZero.key 
37740      DEBUG main            d.u.i.k.p.i.IntermediateProofReplayer Proof replay took 8.2ns 
37843      INFO  main            d.u.i.k.p.r.p.TestFile    ... finished proof: closed. 
38014      INFO  main            d.u.i.k.p.i.AbstractProblemLoader Loading environment from /home/runner/work/key/key/key.core/../key.ui/examples/standard_key/strings/emptyStringLengthZero.key.proof 
38015      DEBUG main            d.u.i.k.p.i.AbstractProblemLoader Environment load took 525.31ns 
38016      INFO  main            d.u.i.k.p.i.AbstractProblemLoader Creating init config 
40627      DEBUG main            d.u.i.k.p.i.AbstractProblemLoader Init config took 2.61s 
40647      INFO  main            d.u.i.k.p.i.AbstractProblemLoader Replaying proof emptyStringLengthZero.key.proof 
40653      DEBUG main            d.u.i.k.p.i.IntermediateProofReplayer Proof replay took 4.1ms 
40655      DEBUG main            d.u.i.k.p.r.p.TestFile    ... success: reloaded. 
40655      INFO  main            d.u.i.k.p.r.p.TestFile    Now processing file /home/runner/work/key/key/key.core/../key.ui/examples/standard_key/strings/implicitBooleanStringConversion.key 
40656      INFO  main            d.u.i.k.p.i.AbstractProblemLoader Loading environment from /home/runner/work/key/key/key.core/../key.ui/examples/standard_key/strings/implicitBooleanStringConversion.key 
40656      DEBUG main            d.u.i.k.p.i.AbstractProblemLoader Environment load took 182.7ns 
40657      INFO  main            d.u.i.k.p.i.AbstractProblemLoader Creating init config 
43265      DEBUG main            d.u.i.k.p.i.AbstractProblemLoader Init config took 2.61s 
43297      INFO  main            d.u.i.k.p.i.AbstractProblemLoader Replaying proof implicitBooleanStringConversion.key 
43299      DEBUG main            d.u.i.k.p.i.IntermediateProofReplayer Proof replay took 10.6ns 
44316      INFO  main            d.u.i.k.p.r.p.TestFile    ... finished proof: closed. 
44498      INFO  main            d.u.i.k.p.i.AbstractProblemLoader Loading environment from /home/runner/work/key/key/key.core/../key.ui/examples/standard_key/strings/implicitBooleanStringConversion.key.proof 
44498      DEBUG main            d.u.i.k.p.i.AbstractProblemLoader Environment load took 715.81ns 
44500      INFO  main            d.u.i.k.p.i.AbstractProblemLoader Creating init config 
47135      DEBUG main            d.u.i.k.p.i.AbstractProblemLoader Init config took 2.63s 
47156      INFO  main            d.u.i.k.p.i.AbstractProblemLoader Replaying proof implicitBooleanStringConversion.key.proof 
47261      DEBUG main            d.u.i.k.p.i.IntermediateProofReplayer Proof replay took 100.27ms 
47263      DEBUG main            d.u.i.k.p.r.p.TestFile    ... success: reloaded. 
47264      INFO  main            d.u.i.k.p.r.p.TestFile    Now processing file /home/runner/work/key/key/key.core/../key.ui/examples/standard_key/strings/implicitBooleanStringConversion2.key 
47264      INFO  main            d.u.i.k.p.i.AbstractProblemLoader Loading environment from /home/runner/work/key/key/key.core/../key.ui/examples/standard_key/strings/implicitBooleanStringConversion2.key 
47264      DEBUG main            d.u.i.k.p.i.AbstractProblemLoader Environment load took 184.7ns 
47265      INFO  main            d.u.i.k.p.i.AbstractProblemLoader Creating init config 
49845      DEBUG main            d.u.i.k.p.i.AbstractProblemLoader Init config took 2.58s 
49864      INFO  main            d.u.i.k.p.i.AbstractProblemLoader Replaying proof implicitBooleanStringConversion2.key 
49866      DEBUG main            d.u.i.k.p.i.IntermediateProofReplayer Proof replay took 9.8ns 
50173      INFO  main            d.u.i.k.p.r.p.TestFile    ... finished proof: closed. 
50380      INFO  main            d.u.i.k.p.i.AbstractProblemLoader Loading environment from /home/runner/work/key/key/key.core/../key.ui/examples/standard_key/strings/implicitBooleanStringConversion2.key.proof 
50381      DEBUG main            d.u.i.k.p.i.AbstractProblemLoader Environment load took 824.41ns 
50382      INFO  main            d.u.i.k.p.i.AbstractProblemLoader Creating init config 
52881      DEBUG main            d.u.i.k.p.i.AbstractProblemLoader Init config took 2.5s 
52900      INFO  main            d.u.i.k.p.i.AbstractProblemLoader Replaying proof implicitBooleanStringConversion2.key.proof 
52946      DEBUG main            d.u.i.k.p.i.IntermediateProofReplayer Proof replay took 32.8ms 
52948      DEBUG main            d.u.i.k.p.r.p.TestFile    ... success: reloaded. 
52948      INFO  main            d.u.i.k.p.r.p.TestFile    Now processing file /home/runner/work/key/key/key.core/../key.ui/examples/standard_key/strings/implicitIntStringConversion.key 
52949      INFO  main            d.u.i.k.p.i.AbstractProblemLoader Loading environment from /home/runner/work/key/key/key.core/../key.ui/examples/standard_key/strings/implicitIntStringConversion.key 
52949      DEBUG main            d.u.i.k.p.i.AbstractProblemLoader Environment load took 83.8ns 
52950      INFO  main            d.u.i.k.p.i.AbstractProblemLoader Creating init config 
55500      DEBUG main            d.u.i.k.p.i.AbstractProblemLoader Init config took 2.55s 
55518      INFO  main            d.u.i.k.p.i.AbstractProblemLoader Replaying proof implicitIntStringConversion.key 
55520      DEBUG main            d.u.i.k.p.i.IntermediateProofReplayer Proof replay took 7.3ns 
56124      INFO  main            d.u.i.k.p.r.p.TestFile    ... finished proof: closed. 
56331      INFO  main            d.u.i.k.p.i.AbstractProblemLoader Loading environment from /home/runner/work/key/key/key.core/../key.ui/examples/standard_key/strings/implicitIntStringConversion.key.proof 
56331      DEBUG main            d.u.i.k.p.i.AbstractProblemLoader Environment load took 388.7ns 
56333      INFO  main            d.u.i.k.p.i.AbstractProblemLoader Creating init config 
58889      DEBUG main            d.u.i.k.p.i.AbstractProblemLoader Init config took 2.56s 
58908      INFO  main            d.u.i.k.p.i.AbstractProblemLoader Replaying proof implicitIntStringConversion.key.proof 
58985      DEBUG main            d.u.i.k.p.i.IntermediateProofReplayer Proof replay took 71.36ms 
58987      DEBUG main            d.u.i.k.p.r.p.TestFile    ... success: reloaded. 
58988      INFO  main            d.u.i.k.p.r.p.TestFile    Now processing file /home/runner/work/key/key/key.core/../key.ui/examples/standard_key/strings/implicitNullStringConversion.key 
58989      INFO  main            d.u.i.k.p.i.AbstractProblemLoader Loading environment from /home/runner/work/key/key/key.core/../key.ui/examples/standard_key/strings/implicitNullStringConversion.key 
58990      DEBUG main            d.u.i.k.p.i.AbstractProblemLoader Environment load took 851.21ns 
58991      INFO  main            d.u.i.k.p.i.AbstractProblemLoader Creating init config 
61547      DEBUG main            d.u.i.k.p.i.AbstractProblemLoader Init config took 2.56s 
61565      INFO  main            d.u.i.k.p.i.AbstractProblemLoader Replaying proof implicitNullStringConversion.key 
61567      DEBUG main            d.u.i.k.p.i.IntermediateProofReplayer Proof replay took 8.4ns 
61873      INFO  main            d.u.i.k.p.r.p.TestFile    ... finished proof: closed. 
62112      INFO  main            d.u.i.k.p.i.AbstractProblemLoader Loading environment from /home/runner/work/key/key/key.core/../key.ui/examples/standard_key/strings/implicitNullStringConversion.key.proof 
62113      DEBUG main            d.u.i.k.p.i.AbstractProblemLoader Environment load took 391.7ns 
62114      INFO  main            d.u.i.k.p.i.AbstractProblemLoader Creating init config 
64606      DEBUG main            d.u.i.k.p.i.AbstractProblemLoader Init config took 2.49s 
64624      INFO  main            d.u.i.k.p.i.AbstractProblemLoader Replaying proof implicitNullStringConversion.key.proof 
64655      DEBUG main            d.u.i.k.p.i.IntermediateProofReplayer Proof replay took 27.62ms 
64656      DEBUG main            d.u.i.k.p.r.p.TestFile    ... success: reloaded. 
64657      INFO  main            d.u.i.k.p.r.p.TestFile    Now processing file /home/runner/work/key/key/key.core/../key.ui/examples/standard_key/strings/implicitNullStringConversion2.key 
64657      INFO  main            d.u.i.k.p.i.AbstractProblemLoader Loading environment from /home/runner/work/key/key/key.core/../key.ui/examples/standard_key/strings/implicitNullStringConversion2.key 
64657      DEBUG main            d.u.i.k.p.i.AbstractProblemLoader Environment load took 93.6ns 
64658      INFO  main            d.u.i.k.p.i.AbstractProblemLoader Creating init config 
67214      DEBUG main            d.u.i.k.p.i.AbstractProblemLoader Init config took 2.56s 
67231      INFO  main            d.u.i.k.p.i.AbstractProblemLoader Replaying proof implicitNullStringConversion2.key 
67232      DEBUG main            d.u.i.k.p.i.IntermediateProofReplayer Proof replay took 8.2ns 
67435      INFO  main            d.u.i.k.p.r.p.TestFile    ... finished proof: closed. 
67648      INFO  main            d.u.i.k.p.i.AbstractProblemLoader Loading environment from /home/runner/work/key/key/key.core/../key.ui/examples/standard_key/strings/implicitNullStringConversion2.key.proof 
67648      DEBUG main            d.u.i.k.p.i.AbstractProblemLoader Environment load took 143.4ns 
67649      INFO  main            d.u.i.k.p.i.AbstractProblemLoader Creating init config 
70161      DEBUG main            d.u.i.k.p.i.AbstractProblemLoader Init config took 2.51s 
70179      INFO  main            d.u.i.k.p.i.AbstractProblemLoader Replaying proof implicitNullStringConversion2.key.proof 
70202      DEBUG main            d.u.i.k.p.i.IntermediateProofReplayer Proof replay took 20.16ms 
70203      DEBUG main            d.u.i.k.p.r.p.TestFile    ... success: reloaded. 
70203      INFO  main            d.u.i.k.p.r.p.TestFile    Now processing file /home/runner/work/key/key/key.core/../key.ui/examples/standard_key/strings/implicitObjectStringConversion.key 
70204      INFO  main            d.u.i.k.p.i.AbstractProblemLoader Loading environment from /home/runner/work/key/key/key.core/../key.ui/examples/standard_key/strings/implicitObjectStringConversion.key 
70204      DEBUG main            d.u.i.k.p.i.AbstractProblemLoader Environment load took 90.1ns 
70205      INFO  main            d.u.i.k.p.i.AbstractProblemLoader Creating init config 
72964      DEBUG main            d.u.i.k.p.i.AbstractProblemLoader Init config took 2.76s 
72981      INFO  main            d.u.i.k.p.i.AbstractProblemLoader Replaying proof implicitObjectStringConversion.key 
72983      DEBUG main            d.u.i.k.p.i.IntermediateProofReplayer Proof replay took 8.2ns 
73490      INFO  main            d.u.i.k.p.r.p.TestFile    ... finished proof: closed. 
73712      INFO  main            d.u.i.k.p.i.AbstractProblemLoader Loading environment from /home/runner/work/key/key/key.core/../key.ui/examples/standard_key/strings/implicitObjectStringConversion.key.proof 
73713      DEBUG main            d.u.i.k.p.i.AbstractProblemLoader Environment load took 227.2ns 
73714      INFO  main            d.u.i.k.p.i.AbstractProblemLoader Creating init config 
76421      DEBUG main            d.u.i.k.p.i.AbstractProblemLoader Init config took 2.71s 
76442      INFO  main            d.u.i.k.p.i.AbstractProblemLoader Replaying proof implicitObjectStringConversion.key.proof 
76496      DEBUG main            d.u.i.k.p.i.IntermediateProofReplayer Proof replay took 51.08ms 
76498      DEBUG main            d.u.i.k.p.r.p.TestFile    ... success: reloaded. 
76499      INFO  main            d.u.i.k.p.r.p.TestFile    Now processing file /home/runner/work/key/key/key.core/../key.ui/examples/standard_key/strings/literalEquality.key 
76499      INFO  main            d.u.i.k.p.i.AbstractProblemLoader Loading environment from /home/runner/work/key/key/key.core/../key.ui/examples/standard_key/strings/literalEquality.key 
76499      DEBUG main            d.u.i.k.p.i.AbstractProblemLoader Environment load took 94ns 
76500      INFO  main            d.u.i.k.p.i.AbstractProblemLoader Creating init config 
79035      DEBUG main            d.u.i.k.p.i.AbstractProblemLoader Init config took 2.54s 
79052      INFO  main            d.u.i.k.p.i.AbstractProblemLoader Replaying proof literalEquality.key 
79054      DEBUG main            d.u.i.k.p.i.IntermediateProofReplayer Proof replay took 8.1ns 
79156      INFO  main            d.u.i.k.p.r.p.TestFile    ... finished proof: closed. 
79376      INFO  main            d.u.i.k.p.i.AbstractProblemLoader Loading environment from /home/runner/work/key/key/key.core/../key.ui/examples/standard_key/strings/literalEquality.key.proof 
79376      DEBUG main            d.u.i.k.p.i.AbstractProblemLoader Environment load took 131.2ns 
79377      INFO  main            d.u.i.k.p.i.AbstractProblemLoader Creating init config 
81867      DEBUG main            d.u.i.k.p.i.AbstractProblemLoader Init config took 2.49s 
81884      INFO  main            d.u.i.k.p.i.AbstractProblemLoader Replaying proof literalEquality.key.proof 
81889      DEBUG main            d.u.i.k.p.i.IntermediateProofReplayer Proof replay took 2.23ms 
81890      DEBUG main            d.u.i.k.p.r.p.TestFile    ... success: reloaded. 
81891      INFO  main            d.u.i.k.p.r.p.TestFile    Now processing file /home/runner/work/key/key/key.core/../key.ui/examples/standard_key/strings/replace0.key 
81891      INFO  main            d.u.i.k.p.i.AbstractProblemLoader Loading environment from /home/runner/work/key/key/key.core/../key.ui/examples/standard_key/strings/replace0.key 
81891      DEBUG main            d.u.i.k.p.i.AbstractProblemLoader Environment load took 177.7ns 
81892      INFO  main            d.u.i.k.p.i.AbstractProblemLoader Creating init config 
84451      DEBUG main            d.u.i.k.p.i.AbstractProblemLoader Init config took 2.56s 
84466      INFO  main            d.u.i.k.p.i.AbstractProblemLoader Replaying proof replace0.key 
84467      DEBUG main            d.u.i.k.p.i.IntermediateProofReplayer Proof replay took 8.1ns 
84572      INFO  main            d.u.i.k.p.r.p.TestFile    ... finished proof: closed. 
84844      INFO  main            d.u.i.k.p.i.AbstractProblemLoader Loading environment from /home/runner/work/key/key/key.core/../key.ui/examples/standard_key/strings/replace0.key.proof 
84844      DEBUG main            d.u.i.k.p.i.AbstractProblemLoader Environment load took 126.3ns 
84845      INFO  main            d.u.i.k.p.i.AbstractProblemLoader Creating init config 
87345      DEBUG main            d.u.i.k.p.i.AbstractProblemLoader Init config took 2.5s 
87361      INFO  main            d.u.i.k.p.i.AbstractProblemLoader Replaying proof replace0.key.proof 
87367      DEBUG main            d.u.i.k.p.i.IntermediateProofReplayer Proof replay took 4.31ms 
87368      DEBUG main            d.u.i.k.p.r.p.TestFile    ... success: reloaded. 
87369      INFO  main            d.u.i.k.p.r.p.TestFile    Now processing file /home/runner/work/key/key/key.core/../key.ui/examples/standard_key/strings/replace1.key 
87369      INFO  main            d.u.i.k.p.i.AbstractProblemLoader Loading environment from /home/runner/work/key/key/key.core/../key.ui/examples/standard_key/strings/replace1.key 
87369      DEBUG main            d.u.i.k.p.i.AbstractProblemLoader Environment load took 94.7ns 
87370      INFO  main            d.u.i.k.p.i.AbstractProblemLoader Creating init config 
89906      DEBUG main            d.u.i.k.p.i.AbstractProblemLoader Init config took 2.54s 
89921      INFO  main            d.u.i.k.p.i.AbstractProblemLoader Replaying proof replace1.key 
89922      DEBUG main            d.u.i.k.p.i.IntermediateProofReplayer Proof replay took 9.6ns 
90025      INFO  main            d.u.i.k.p.r.p.TestFile    ... finished proof: closed. 
90248      INFO  main            d.u.i.k.p.i.AbstractProblemLoader Loading environment from /home/runner/work/key/key/key.core/../key.ui/examples/standard_key/strings/replace1.key.proof 
90248      DEBUG main            d.u.i.k.p.i.AbstractProblemLoader Environment load took 132ns 
90249      INFO  main            d.u.i.k.p.i.AbstractProblemLoader Creating init config 
92721      DEBUG main            d.u.i.k.p.i.AbstractProblemLoader Init config took 2.47s 
92736      INFO  main            d.u.i.k.p.i.AbstractProblemLoader Replaying proof replace1.key.proof 
92746      DEBUG main            d.u.i.k.p.i.IntermediateProofReplayer Proof replay took 7.85ms 
92747      DEBUG main            d.u.i.k.p.r.p.TestFile    ... success: reloaded. 
92747      INFO  main            d.u.i.k.p.r.p.TestFile    Now processing file /home/runner/work/key/key/key.core/../key.ui/examples/standard_key/strings/simpleAssignment.key 
92747      INFO  main            d.u.i.k.p.i.AbstractProblemLoader Loading environment from /home/runner/work/key/key/key.core/../key.ui/examples/standard_key/strings/simpleAssignment.key 
92748      DEBUG main            d.u.i.k.p.i.AbstractProblemLoader Environment load took 95ns 
92748      INFO  main            d.u.i.k.p.i.AbstractProblemLoader Creating init config 
95362      DEBUG main            d.u.i.k.p.i.AbstractProblemLoader Init config took 2.61s 
95378      INFO  main            d.u.i.k.p.i.AbstractProblemLoader Replaying proof simpleAssignment.key 
95380      DEBUG main            d.u.i.k.p.i.IntermediateProofReplayer Proof replay took 8.9ns 
95482      INFO  main            d.u.i.k.p.r.p.TestFile    ... finished proof: closed. 
95705      INFO  main            d.u.i.k.p.i.AbstractProblemLoader Loading environment from /home/runner/work/key/key/key.core/../key.ui/examples/standard_key/strings/simpleAssignment.key.proof 
95705      DEBUG main            d.u.i.k.p.i.AbstractProblemLoader Environment load took 132.7ns 
95707      INFO  main            d.u.i.k.p.i.AbstractProblemLoader Creating init config 
98180      DEBUG main            d.u.i.k.p.i.AbstractProblemLoader Init config took 2.47s 
98198      INFO  main            d.u.i.k.p.i.AbstractProblemLoader Replaying proof simpleAssignment.key.proof 
98206      DEBUG main            d.u.i.k.p.i.IntermediateProofReplayer Proof replay took 3.21ms 
98208      DEBUG main            d.u.i.k.p.r.p.TestFile    ... success: reloaded. 
98209      INFO  main            d.u.i.k.p.r.p.TestFile    Now processing file /home/runner/work/key/key/key.core/../key.ui/examples/standard_key/strings/simpleLengthComp.key 
98209      INFO  main            d.u.i.k.p.i.AbstractProblemLoader Loading environment from /home/runner/work/key/key/key.core/../key.ui/examples/standard_key/strings/simpleLengthComp.key 
98209      DEBUG main            d.u.i.k.p.i.AbstractProblemLoader Environment load took 95.2ns 
98210      INFO  main            d.u.i.k.p.i.AbstractProblemLoader Creating init config 
100776     DEBUG main            d.u.i.k.p.i.AbstractProblemLoader Init config took 2.57s 
100794     INFO  main            d.u.i.k.p.i.AbstractProblemLoader Replaying proof simpleLengthComp.key 
100798     DEBUG main            d.u.i.k.p.i.IntermediateProofReplayer Proof replay took 8.5ns 
101001     INFO  main            d.u.i.k.p.r.p.TestFile    ... finished proof: closed. 
101235     INFO  main            d.u.i.k.p.i.AbstractProblemLoader Loading environment from /home/runner/work/key/key/key.core/../key.ui/examples/standard_key/strings/simpleLengthComp.key.proof 
101235     DEBUG main            d.u.i.k.p.i.AbstractProblemLoader Environment load took 154.9ns 
101236     INFO  main            d.u.i.k.p.i.AbstractProblemLoader Creating init config 
103710     DEBUG main            d.u.i.k.p.i.AbstractProblemLoader Init config took 2.47s 
103728     INFO  main            d.u.i.k.p.i.AbstractProblemLoader Replaying proof simpleLengthComp.key.proof 
103757     DEBUG main            d.u.i.k.p.i.IntermediateProofReplayer Proof replay took 25.1ms 
103759     DEBUG main            d.u.i.k.p.r.p.TestFile    ... success: reloaded. 
103760     INFO  main            d.u.i.k.p.r.p.TestFile    Now processing file /home/runner/work/key/key/key.core/../key.ui/examples/standard_key/strings/stringCompileTimeConstant1.key 
103761     INFO  main            d.u.i.k.p.i.AbstractProblemLoader Loading environment from /home/runner/work/key/key/key.core/../key.ui/examples/standard_key/strings/stringCompileTimeConstant1.key 
103761     DEBUG main            d.u.i.k.p.i.AbstractProblemLoader Environment load took 99.4ns 
103762     INFO  main            d.u.i.k.p.i.AbstractProblemLoader Creating init config 
106304     DEBUG main            d.u.i.k.p.i.AbstractProblemLoader Init config took 2.54s 
106320     INFO  main            d.u.i.k.p.i.AbstractProblemLoader Replaying proof stringCompileTimeConstant1.key 
106321     DEBUG main            d.u.i.k.p.i.IntermediateProofReplayer Proof replay took 8.5ns 
106428     INFO  main            d.u.i.k.p.r.p.TestFile    ... finished proof: closed. 
106677     INFO  main            d.u.i.k.p.i.AbstractProblemLoader Loading environment from /home/runner/work/key/key/key.core/../key.ui/examples/standard_key/strings/stringCompileTimeConstant1.key.proof 
106677     DEBUG main            d.u.i.k.p.i.AbstractProblemLoader Environment load took 122.5ns 
106679     INFO  main            d.u.i.k.p.i.AbstractProblemLoader Creating init config 
109150     DEBUG main            d.u.i.k.p.i.AbstractProblemLoader Init config took 2.47s 
109167     INFO  main            d.u.i.k.p.i.AbstractProblemLoader Replaying proof stringCompileTimeConstant1.key.proof 
109172     DEBUG main            d.u.i.k.p.i.IntermediateProofReplayer Proof replay took 3.08ms 
109173     DEBUG main            d.u.i.k.p.r.p.TestFile    ... success: reloaded. 
109174     INFO  main            d.u.i.k.p.r.p.TestFile    Now processing file /home/runner/work/key/key/key.core/../key.ui/examples/standard_key/strings/stringCompileTimeConstant2.key 
109174     INFO  main            d.u.i.k.p.i.AbstractProblemLoader Loading environment from /home/runner/work/key/key/key.core/../key.ui/examples/standard_key/strings/stringCompileTimeConstant2.key 
109175     DEBUG main            d.u.i.k.p.i.AbstractProblemLoader Environment load took 192.3ns 
109176     INFO  main            d.u.i.k.p.i.AbstractProblemLoader Creating init config 
111889     DEBUG main            d.u.i.k.p.i.AbstractProblemLoader Init config took 2.71s 
111908     INFO  main            d.u.i.k.p.i.AbstractProblemLoader Replaying proof stringCompileTimeConstant2.key 
111912     DEBUG main            d.u.i.k.p.i.IntermediateProofReplayer Proof replay took 9.6ns 
114521     INFO  main            d.u.i.k.p.r.p.TestFile    ... finished proof: closed. 
114855     INFO  main            d.u.i.k.p.i.AbstractProblemLoader Loading environment from /home/runner/work/key/key/key.core/../key.ui/examples/standard_key/strings/stringCompileTimeConstant2.key.proof 
114856     DEBUG main            d.u.i.k.p.i.AbstractProblemLoader Environment load took 400.9ns 
114857     INFO  main            d.u.i.k.p.i.AbstractProblemLoader Creating init config 
117446     DEBUG main            d.u.i.k.p.i.AbstractProblemLoader Init config took 2.59s 
117466     INFO  main            d.u.i.k.p.i.AbstractProblemLoader Replaying proof stringCompileTimeConstant2.key.proof 
117780     DEBUG main            d.u.i.k.p.i.IntermediateProofReplayer Proof replay took 303.6ms 
117781     DEBUG main            d.u.i.k.p.r.p.TestFile    ... success: reloaded. 
117783     INFO  main            d.u.i.k.p.r.p.TestFile    Now processing file /home/runner/work/key/key/key.core/../key.ui/examples/standard_key/strings/stringEquality1.key 
117783     INFO  main            d.u.i.k.p.i.AbstractProblemLoader Loading environment from /home/runner/work/key/key/key.core/../key.ui/examples/standard_key/strings/stringEquality1.key 
117783     DEBUG main            d.u.i.k.p.i.AbstractProblemLoader Environment load took 178.9ns 
117784     INFO  main            d.u.i.k.p.i.AbstractProblemLoader Creating init config 
120309     DEBUG main            d.u.i.k.p.i.AbstractProblemLoader Init config took 2.52s 
120324     INFO  main            d.u.i.k.p.i.AbstractProblemLoader Replaying proof stringEquality1.key 
120325     DEBUG main            d.u.i.k.p.i.IntermediateProofReplayer Proof replay took 7.9ns 
120428     INFO  main            d.u.i.k.p.r.p.TestFile    ... finished proof: closed. 
120726     INFO  main            d.u.i.k.p.i.AbstractProblemLoader Loading environment from /home/runner/work/key/key/key.core/../key.ui/examples/standard_key/strings/stringEquality1.key.proof 
120726     DEBUG main            d.u.i.k.p.i.AbstractProblemLoader Environment load took 132.9ns 
120727     INFO  main            d.u.i.k.p.i.AbstractProblemLoader Creating init config 
123171     DEBUG main            d.u.i.k.p.i.AbstractProblemLoader Init config took 2.44s 
123186     INFO  main            d.u.i.k.p.i.AbstractProblemLoader Replaying proof stringEquality1.key.proof 
123200     DEBUG main            d.u.i.k.p.i.IntermediateProofReplayer Proof replay took 10.25ms 
123201     DEBUG main            d.u.i.k.p.r.p.TestFile    ... success: reloaded. 
123202     INFO  main            d.u.i.k.p.r.p.TestFile    Now processing file /home/runner/work/key/key/key.core/../key.ui/examples/standard_key/strings/stringEquality2.key 
123202     INFO  main            d.u.i.k.p.i.AbstractProblemLoader Loading environment from /home/runner/work/key/key/key.core/../key.ui/examples/standard_key/strings/stringEquality2.key 
123203     DEBUG main            d.u.i.k.p.i.AbstractProblemLoader Environment load took 180ns 
123204     INFO  main            d.u.i.k.p.i.AbstractProblemLoader Creating init config 
125677     DEBUG main            d.u.i.k.p.i.AbstractProblemLoader Init config took 2.47s 
125692     INFO  main            d.u.i.k.p.i.AbstractProblemLoader Replaying proof stringEquality2.key 
125693     DEBUG main            d.u.i.k.p.i.IntermediateProofReplayer Proof replay took 8.8ns 
126097     INFO  main            d.u.i.k.p.r.p.TestFile    ... finished proof: closed. 
126384     INFO  main            d.u.i.k.p.i.AbstractProblemLoader Loading environment from /home/runner/work/key/key/key.core/../key.ui/examples/standard_key/strings/stringEquality2.key.proof 
126384     DEBUG main            d.u.i.k.p.i.AbstractProblemLoader Environment load took 408.5ns 
126386     INFO  main            d.u.i.k.p.i.AbstractProblemLoader Creating init config 
128830     DEBUG main            d.u.i.k.p.i.AbstractProblemLoader Init config took 2.44s 
128845     INFO  main            d.u.i.k.p.i.AbstractProblemLoader Replaying proof stringEquality2.key.proof 
128900     DEBUG main            d.u.i.k.p.i.IntermediateProofReplayer Proof replay took 51.48ms 
128902     DEBUG main            d.u.i.k.p.r.p.TestFile    ... success: reloaded. 
128904     INFO  main            d.u.i.k.p.r.p.TestFile    Now processing file /home/runner/work/key/key/key.core/../key.ui/examples/standard_key/strings/substring0.key 
128905     INFO  main            d.u.i.k.p.i.AbstractProblemLoader Loading environment from /home/runner/work/key/key/key.core/../key.ui/examples/standard_key/strings/substring0.key 
128905     DEBUG main            d.u.i.k.p.i.AbstractProblemLoader Environment load took 88.2ns 
128906     INFO  main            d.u.i.k.p.i.AbstractProblemLoader Creating init config 
131430     DEBUG main            d.u.i.k.p.i.AbstractProblemLoader Init config took 2.52s 
131445     INFO  main            d.u.i.k.p.i.AbstractProblemLoader Replaying proof substring0.key 
131446     DEBUG main            d.u.i.k.p.i.IntermediateProofReplayer Proof replay took 18.1ns 
131551     INFO  main            d.u.i.k.p.r.p.TestFile    ... finished proof: closed. 
131826     INFO  main            d.u.i.k.p.i.AbstractProblemLoader Loading environment from /home/runner/work/key/key/key.core/../key.ui/examples/standard_key/strings/substring0.key.proof 
131826     DEBUG main            d.u.i.k.p.i.AbstractProblemLoader Environment load took 130.2ns 
131827     INFO  main            d.u.i.k.p.i.AbstractProblemLoader Creating init config 
134273     DEBUG main            d.u.i.k.p.i.AbstractProblemLoader Init config took 2.45s 
134289     INFO  main            d.u.i.k.p.i.AbstractProblemLoader Replaying proof substring0.key.proof 
134291     DEBUG main            d.u.i.k.p.i.IntermediateProofReplayer Proof replay took 518.61ns 
134292     DEBUG main            d.u.i.k.p.r.p.TestFile    ... success: reloaded. 
134292     INFO  main            d.u.i.k.p.r.p.TestFile    Now processing file /home/runner/work/key/key/key.core/../key.ui/examples/standard_key/strings/substring1.key 
134293     INFO  main            d.u.i.k.p.i.AbstractProblemLoader Loading environment from /home/runner/work/key/key/key.core/../key.ui/examples/standard_key/strings/substring1.key 
134293     DEBUG main            d.u.i.k.p.i.AbstractProblemLoader Environment load took 87.8ns 
134294     INFO  main            d.u.i.k.p.i.AbstractProblemLoader Creating init config 
136759     DEBUG main            d.u.i.k.p.i.AbstractProblemLoader Init config took 2.47s 
136773     INFO  main            d.u.i.k.p.i.AbstractProblemLoader Replaying proof substring1.key 
136774     DEBUG main            d.u.i.k.p.i.IntermediateProofReplayer Proof replay took 8.9ns 
136879     INFO  main            d.u.i.k.p.r.p.TestFile    ... finished proof: closed. 
137147     INFO  main            d.u.i.k.p.i.AbstractProblemLoader Loading environment from /home/runner/work/key/key/key.core/../key.ui/examples/standard_key/strings/substring1.key.proof 
137147     DEBUG main            d.u.i.k.p.i.AbstractProblemLoader Environment load took 120.7ns 
137148     INFO  main            d.u.i.k.p.i.AbstractProblemLoader Creating init config 
139585     DEBUG main            d.u.i.k.p.i.AbstractProblemLoader Init config took 2.44s 
139599     INFO  main            d.u.i.k.p.i.AbstractProblemLoader Replaying proof substring1.key.proof 
139601     DEBUG main            d.u.i.k.p.i.IntermediateProofReplayer Proof replay took 488.21ns 
139602     DEBUG main            d.u.i.k.p.r.p.TestFile    ... success: reloaded. 
139602     INFO  main            d.u.i.k.p.r.p.TestFile    Now processing file /home/runner/work/key/key/key.core/../key.ui/examples/standard_key/strings/substring2.key 
139603     INFO  main            d.u.i.k.p.i.AbstractProblemLoader Loading environment from /home/runner/work/key/key/key.core/../key.ui/examples/standard_key/strings/substring2.key 
139603     DEBUG main            d.u.i.k.p.i.AbstractProblemLoader Environment load took 59.3ns 
139604     INFO  main            d.u.i.k.p.i.AbstractProblemLoader Creating init config 
142096     DEBUG main            d.u.i.k.p.i.AbstractProblemLoader Init config took 2.49s 
142110     INFO  main            d.u.i.k.p.i.AbstractProblemLoader Replaying proof substring2.key 
142111     DEBUG main            d.u.i.k.p.i.IntermediateProofReplayer Proof replay took 8.2ns 
142214     INFO  main            d.u.i.k.p.r.p.TestFile    ... finished proof: closed. 
142484     INFO  main            d.u.i.k.p.i.AbstractProblemLoader Loading environment from /home/runner/work/key/key/key.core/../key.ui/examples/standard_key/strings/substring2.key.proof 
142485     DEBUG main            d.u.i.k.p.i.AbstractProblemLoader Environment load took 124.3ns 
142486     INFO  main            d.u.i.k.p.i.AbstractProblemLoader Creating init config 
144901     DEBUG main            d.u.i.k.p.i.AbstractProblemLoader Init config took 2.42s 
144917     INFO  main            d.u.i.k.p.i.AbstractProblemLoader Replaying proof substring2.key.proof 
144919     DEBUG main            d.u.i.k.p.i.IntermediateProofReplayer Proof replay took 996.31ns 
144920     DEBUG main            d.u.i.k.p.r.p.TestFile    ... success: reloaded. 
144922     INFO  main            d.u.i.k.p.r.p.TestFile    Now processing file /home/runner/work/key/key/key.core/../key.ui/examples/standard_key/strings/substring3.key 
144922     INFO  main            d.u.i.k.p.i.AbstractProblemLoader Loading environment from /home/runner/work/key/key/key.core/../key.ui/examples/standard_key/strings/substring3.key 
144922     DEBUG main            d.u.i.k.p.i.AbstractProblemLoader Environment load took 84.3ns 
144923     INFO  main            d.u.i.k.p.i.AbstractProblemLoader Creating init config 
147454     DEBUG main            d.u.i.k.p.i.AbstractProblemLoader Init config took 2.53s 
147468     INFO  main            d.u.i.k.p.i.AbstractProblemLoader Replaying proof substring3.key 
147469     DEBUG main            d.u.i.k.p.i.IntermediateProofReplayer Proof replay took 7.6ns 
147571     INFO  main            d.u.i.k.p.r.p.TestFile    ... finished proof: closed. 
147853     INFO  main            d.u.i.k.p.i.AbstractProblemLoader Loading environment from /home/runner/work/key/key/key.core/../key.ui/examples/standard_key/strings/substring3.key.proof 
147854     DEBUG main            d.u.i.k.p.i.AbstractProblemLoader Environment load took 127.3ns 
147855     INFO  main            d.u.i.k.p.i.AbstractProblemLoader Creating init config 
150280     DEBUG main            d.u.i.k.p.i.AbstractProblemLoader Init config took 2.43s 
150295     INFO  main            d.u.i.k.p.i.AbstractProblemLoader Replaying proof substring3.key.proof 
150299     DEBUG main            d.u.i.k.p.i.IntermediateProofReplayer Proof replay took 2.35ms 
150301     DEBUG main            d.u.i.k.p.r.p.TestFile    ... success: reloaded. 
150301     INFO  main            d.u.i.k.p.r.p.TestFile    Now processing file /home/runner/work/key/key/key.core/../key.ui/examples/standard_key/strings/substring4.key 
150302     INFO  main            d.u.i.k.p.i.AbstractProblemLoader Loading environment from /home/runner/work/key/key/key.core/../key.ui/examples/standard_key/strings/substring4.key 
150302     DEBUG main            d.u.i.k.p.i.AbstractProblemLoader Environment load took 306.3ns 
150303     INFO  main            d.u.i.k.p.i.AbstractProblemLoader Creating init config 
152771     DEBUG main            d.u.i.k.p.i.AbstractProblemLoader Init config took 2.47s 
152806     INFO  main            d.u.i.k.p.i.AbstractProblemLoader Replaying proof substring4.key 
152807     DEBUG main            d.u.i.k.p.i.IntermediateProofReplayer Proof replay took 8ns 
152910     INFO  main            d.u.i.k.p.r.p.TestFile    ... finished proof: closed. 
153192     INFO  main            d.u.i.k.p.i.AbstractProblemLoader Loading environment from /home/runner/work/key/key/key.core/../key.ui/examples/standard_key/strings/substring4.key.proof 
153192     DEBUG main            d.u.i.k.p.i.AbstractProblemLoader Environment load took 142ns 
153194     INFO  main            d.u.i.k.p.i.AbstractProblemLoader Creating init config 
155623     DEBUG main            d.u.i.k.p.i.AbstractProblemLoader Init config took 2.43s 
155639     INFO  main            d.u.i.k.p.i.AbstractProblemLoader Replaying proof substring4.key.proof 
155645     DEBUG main            d.u.i.k.p.i.IntermediateProofReplayer Proof replay took 3.14ms 
155646     DEBUG main            d.u.i.k.p.r.p.TestFile    ... success: reloaded. 
155647     INFO  main            d.u.i.k.p.r.p.TestFile    Now processing file /home/runner/work/key/key/key.core/../key.ui/examples/standard_key/strings/substring5.key 
155648     INFO  main            d.u.i.k.p.i.AbstractProblemLoader Loading environment from /home/runner/work/key/key/key.core/../key.ui/examples/standard_key/strings/substring5.key 
155648     DEBUG main            d.u.i.k.p.i.AbstractProblemLoader Environment load took 95.2ns 
155649     INFO  main            d.u.i.k.p.i.AbstractProblemLoader Creating init config 
158136     DEBUG main            d.u.i.k.p.i.AbstractProblemLoader Init config took 2.49s 
158153     INFO  main            d.u.i.k.p.i.AbstractProblemLoader Replaying proof substring5.key 
158155     DEBUG main            d.u.i.k.p.i.IntermediateProofReplayer Proof replay took 8.5ns 
158458     INFO  main            d.u.i.k.p.r.p.TestFile    ... finished proof: closed. 
158781     INFO  main            d.u.i.k.p.i.AbstractProblemLoader Loading environment from /home/runner/work/key/key/key.core/../key.ui/examples/standard_key/strings/substring5.key.proof 
158782     DEBUG main            d.u.i.k.p.i.AbstractProblemLoader Environment load took 124.3ns 
158783     INFO  main            d.u.i.k.p.i.AbstractProblemLoader Creating init config 
161209     DEBUG main            d.u.i.k.p.i.AbstractProblemLoader Init config took 2.43s 
161224     INFO  main            d.u.i.k.p.i.AbstractProblemLoader Replaying proof substring5.key.proof 
161252     DEBUG main            d.u.i.k.p.i.IntermediateProofReplayer Proof replay took 24.66ms 
161253     DEBUG main            d.u.i.k.p.r.p.TestFile    ... success: reloaded. 
3962427    INFO  Test worker     d.u.i.k.p.r.RunAllProofsTestUnit Returning from test strings 
3962429    INFO  Test worker     d.u.i.k.p.r.RunAllProofsTestUnit Running test simple_info_flow 
387        INFO  Timeout watchdog d.u.i.k.p.r.p.ForkedTestFileRunner Timeout watcher launched (2000 secs.) 
409        WARN  main            d.u.i.k.s.ProofSettings   The settings in /home/runner/.key/proof-settings.props are *not* read. 
458        INFO  main            d.u.i.k.p.r.p.TestFile    Now processing file /home/runner/work/key/key/key.core/../key.ui/examples/heap/information_flow/UpdateAbstraction_ex7_1_insecure.key 
604        INFO  main            d.u.i.k.p.i.AbstractProblemLoader Loading environment from /home/runner/work/key/key/key.core/../key.ui/examples/heap/information_flow/UpdateAbstraction_ex7_1_insecure.key 
628        DEBUG main            d.u.i.k.p.i.AbstractProblemLoader Environment load took 2.46ms 
857        INFO  main            d.u.i.k.p.i.AbstractProblemLoader Creating init config 
1724       DEBUG main            d.u.i.k.j.TypeConverter   No LDT found for Meta 
1728       DEBUG main            d.u.i.k.j.TypeConverter   No LDT found for Meta 
1730       DEBUG main            d.u.i.k.j.TypeConverter   No LDT found for Meta 
1731       DEBUG main            d.u.i.k.j.TypeConverter   No LDT found for Meta 
3274       DEBUG main            d.u.i.k.j.TypeConverter   No LDT found for JavaBigintExpression 
8885       DEBUG main            d.u.i.k.p.i.AbstractProblemLoader Init config took 8.03s 
9073       INFO  main            d.u.i.k.p.i.AbstractProblemLoader Replaying proof UpdateAbstraction[UpdateAbstraction::ex7_1_insecure()].JML operation contract.0 
9139       DEBUG main            d.u.i.k.p.i.IntermediateProofReplayer Proof replay took 42.8ns 
9780       INFO  main            d.u.i.k.p.r.p.TestFile    ... finished proof: open goal(s) 
9944       INFO  main            d.u.i.k.p.r.p.TestFile    Now processing file /home/runner/work/key/key/key.core/../key.ui/examples/heap/information_flow/UpdateAbstraction_ex7_2_insecure.key 
9944       INFO  main            d.u.i.k.p.i.AbstractProblemLoader Loading environment from /home/runner/work/key/key/key.core/../key.ui/examples/heap/information_flow/UpdateAbstraction_ex7_2_insecure.key 
9948       DEBUG main            d.u.i.k.p.i.AbstractProblemLoader Environment load took 3.61ms 
9950       INFO  main            d.u.i.k.p.i.AbstractProblemLoader Creating init config 
13069      DEBUG main            d.u.i.k.p.i.AbstractProblemLoader Init config took 3.12s 
13162      INFO  main            d.u.i.k.p.i.AbstractProblemLoader Replaying proof UpdateAbstraction[UpdateAbstraction::ex7_2_insecure()].JML operation contract.0 
13169      DEBUG main            d.u.i.k.p.i.IntermediateProofReplayer Proof replay took 7.4ns 
13578      INFO  main            d.u.i.k.p.r.p.TestFile    ... finished proof: open goal(s) 
3976293    INFO  Test worker     d.u.i.k.p.r.RunAllProofsTestUnit Returning from test simple_info_flow 
3976294    INFO  Test worker     d.u.i.k.p.r.RunAllProofsTestUnit Running test modelMethods 
356        INFO  Timeout watchdog d.u.i.k.p.r.p.ForkedTestFileRunner Timeout watcher launched (2000 secs.) 
367        WARN  main            d.u.i.k.s.ProofSettings   The settings in /home/runner/.key/proof-settings.props are *not* read. 
413        INFO  main            d.u.i.k.p.r.p.TestFile    Now processing file /home/runner/work/key/key/key.core/../key.ui/examples/heap/model_methods/Cell_footprint_acc.key 
571        INFO  main            d.u.i.k.p.i.AbstractProblemLoader Loading environment from /home/runner/work/key/key/key.core/../key.ui/examples/heap/model_methods/Cell_footprint_acc.key 
590        DEBUG main            d.u.i.k.p.i.AbstractProblemLoader Environment load took 2.51ms 
831        INFO  main            d.u.i.k.p.i.AbstractProblemLoader Creating init config 
1792       DEBUG main            d.u.i.k.j.TypeConverter   No LDT found for Meta 
1793       DEBUG main            d.u.i.k.j.TypeConverter   No LDT found for Meta 
1794       DEBUG main            d.u.i.k.j.TypeConverter   No LDT found for Meta 
1794       DEBUG main            d.u.i.k.j.TypeConverter   No LDT found for Meta 
3169       DEBUG main            d.u.i.k.j.TypeConverter   No LDT found for JavaBigintExpression 
8926       DEBUG main            d.u.i.k.p.i.AbstractProblemLoader Init config took 8.1s 
9114       INFO  main            d.u.i.k.p.i.AbstractProblemLoader Replaying proof Cell[Cell::footprint()].JML accessible clause.0 
9151       DEBUG main            d.u.i.k.p.i.IntermediateProofReplayer Proof replay took 35.7ns 
9725       INFO  main            d.u.i.k.p.r.p.TestFile    ... finished proof: closed. 
9841       INFO  main            d.u.i.k.p.i.AbstractProblemLoader Loading environment from /home/runner/work/key/key/key.core/../key.ui/examples/heap/model_methods/Cell_footprint_acc.key.proof 
9841       DEBUG main            d.u.i.k.p.i.AbstractProblemLoader Environment load took 173.6ns 
9843       INFO  main            d.u.i.k.p.i.AbstractProblemLoader Creating init config 
12976      DEBUG main            d.u.i.k.p.i.AbstractProblemLoader Init config took 3.13s 
13048      INFO  main            d.u.i.k.p.i.AbstractProblemLoader Replaying proof Cell[Cell::footprint()].JML accessible clause.0 
13090      DEBUG main            d.u.i.k.p.i.IntermediateProofReplayer Proof replay took 36.71ms 
13098      DEBUG main            d.u.i.k.p.r.p.TestFile    ... success: reloaded. 
13100      INFO  main            d.u.i.k.p.r.p.TestFile    Now processing file /home/runner/work/key/key/key.core/../key.ui/examples/heap/model_methods/Cell_footprint.key 
13100      INFO  main            d.u.i.k.p.i.AbstractProblemLoader Loading environment from /home/runner/work/key/key/key.core/../key.ui/examples/heap/model_methods/Cell_footprint.key 
13101      DEBUG main            d.u.i.k.p.i.AbstractProblemLoader Environment load took 217.61ns 
13102      INFO  main            d.u.i.k.p.i.AbstractProblemLoader Creating init config 
16062      DEBUG main            d.u.i.k.p.i.AbstractProblemLoader Init config took 2.96s 
16149      INFO  main            d.u.i.k.p.i.AbstractProblemLoader Replaying proof Cell[Cell::footprint()].JML model_behavior operation contract.0 
16152      DEBUG main            d.u.i.k.p.i.IntermediateProofReplayer Proof replay took 7.3ns 
16255      INFO  main            d.u.i.k.p.r.p.TestFile    ... finished proof: closed. 
16397      INFO  main            d.u.i.k.p.i.AbstractProblemLoader Loading environment from /home/runner/work/key/key/key.core/../key.ui/examples/heap/model_methods/Cell_footprint.key.proof 
16397      DEBUG main            d.u.i.k.p.i.AbstractProblemLoader Environment load took 159.9ns 
16399      INFO  main            d.u.i.k.p.i.AbstractProblemLoader Creating init config 
19337      DEBUG main            d.u.i.k.p.i.AbstractProblemLoader Init config took 2.94s 
19421      INFO  main            d.u.i.k.p.i.AbstractProblemLoader Replaying proof Cell[Cell::footprint()].JML model_behavior operation contract.0 
19437      DEBUG main            d.u.i.k.p.i.IntermediateProofReplayer Proof replay took 11.81ms 
19439      DEBUG main            d.u.i.k.p.r.p.TestFile    ... success: reloaded. 
19443      INFO  main            d.u.i.k.p.r.p.TestFile    Now processing file /home/runner/work/key/key/key.core/../key.ui/examples/heap/model_methods/Cell_get_acc.key 
19443      INFO  main            d.u.i.k.p.i.AbstractProblemLoader Loading environment from /home/runner/work/key/key/key.core/../key.ui/examples/heap/model_methods/Cell_get_acc.key 
19445      DEBUG main            d.u.i.k.p.i.AbstractProblemLoader Environment load took 1.24ms 
19447      INFO  main            d.u.i.k.p.i.AbstractProblemLoader Creating init config 
22446      DEBUG main            d.u.i.k.p.i.AbstractProblemLoader Init config took 3s 
22499      INFO  main            d.u.i.k.p.i.AbstractProblemLoader Replaying proof Cell[Cell::get()].JML accessible clause.0 
22502      DEBUG main            d.u.i.k.p.i.IntermediateProofReplayer Proof replay took 5.9ns 
22713      INFO  main            d.u.i.k.p.r.p.TestFile    ... finished proof: closed. 
22873      INFO  main            d.u.i.k.p.i.AbstractProblemLoader Loading environment from /home/runner/work/key/key/key.core/../key.ui/examples/heap/model_methods/Cell_get_acc.key.proof 
22873      DEBUG main            d.u.i.k.p.i.AbstractProblemLoader Environment load took 616.41ns 
22875      INFO  main            d.u.i.k.p.i.AbstractProblemLoader Creating init config 
25730      DEBUG main            d.u.i.k.p.i.AbstractProblemLoader Init config took 2.85s 
25782      INFO  main            d.u.i.k.p.i.AbstractProblemLoader Replaying proof Cell[Cell::get()].JML accessible clause.0 
25819      DEBUG main            d.u.i.k.p.i.IntermediateProofReplayer Proof replay took 33.24ms 
25820      DEBUG main            d.u.i.k.p.r.p.TestFile    ... success: reloaded. 
25821      INFO  main            d.u.i.k.p.r.p.TestFile    Now processing file /home/runner/work/key/key/key.core/../key.ui/examples/heap/model_methods/Cell_get.key 
25822      INFO  main            d.u.i.k.p.i.AbstractProblemLoader Loading environment from /home/runner/work/key/key/key.core/../key.ui/examples/heap/model_methods/Cell_get.key 
25822      DEBUG main            d.u.i.k.p.i.AbstractProblemLoader Environment load took 213.7ns 
25823      INFO  main            d.u.i.k.p.i.AbstractProblemLoader Creating init config 
28752      DEBUG main            d.u.i.k.p.i.AbstractProblemLoader Init config took 2.93s 
28804      INFO  main            d.u.i.k.p.i.AbstractProblemLoader Replaying proof Cell[Cell::get()].JML operation contract.0 
28806      DEBUG main            d.u.i.k.p.i.IntermediateProofReplayer Proof replay took 8.3ns 
28909      INFO  main            d.u.i.k.p.r.p.TestFile    ... finished proof: closed. 
29144      INFO  main            d.u.i.k.p.i.AbstractProblemLoader Loading environment from /home/runner/work/key/key/key.core/../key.ui/examples/heap/model_methods/Cell_get.key.proof 
29144      DEBUG main            d.u.i.k.p.i.AbstractProblemLoader Environment load took 148.6ns 
29145      INFO  main            d.u.i.k.p.i.AbstractProblemLoader Creating init config 
31971      DEBUG main            d.u.i.k.p.i.AbstractProblemLoader Init config took 2.83s 
32024      INFO  main            d.u.i.k.p.i.AbstractProblemLoader Replaying proof Cell[Cell::get()].JML operation contract.0 
32043      DEBUG main            d.u.i.k.p.i.IntermediateProofReplayer Proof replay took 16.33ms 
32044      DEBUG main            d.u.i.k.p.r.p.TestFile    ... success: reloaded. 
32046      INFO  main            d.u.i.k.p.r.p.TestFile    Now processing file /home/runner/work/key/key/key.core/../key.ui/examples/heap/model_methods/Cell_post_set.key 
32046      INFO  main            d.u.i.k.p.i.AbstractProblemLoader Loading environment from /home/runner/work/key/key/key.core/../key.ui/examples/heap/model_methods/Cell_post_set.key 
32046      DEBUG main            d.u.i.k.p.i.AbstractProblemLoader Environment load took 208.5ns 
32047      INFO  main            d.u.i.k.p.i.AbstractProblemLoader Creating init config 
34878      DEBUG main            d.u.i.k.p.i.AbstractProblemLoader Init config took 2.83s 
34927      INFO  main            d.u.i.k.p.i.AbstractProblemLoader Replaying proof Cell[Cell::post_set(int)].JML model_behavior operation contract.0 
34929      DEBUG main            d.u.i.k.p.i.IntermediateProofReplayer Proof replay took 8.6ns 
35031      INFO  main            d.u.i.k.p.r.p.TestFile    ... finished proof: closed. 
35200      INFO  main            d.u.i.k.p.i.AbstractProblemLoader Loading environment from /home/runner/work/key/key/key.core/../key.ui/examples/heap/model_methods/Cell_post_set.key.proof 
35200      DEBUG main            d.u.i.k.p.i.AbstractProblemLoader Environment load took 146ns 
35201      INFO  main            d.u.i.k.p.i.AbstractProblemLoader Creating init config 
38014      DEBUG main            d.u.i.k.p.i.AbstractProblemLoader Init config took 2.81s 
38061      INFO  main            d.u.i.k.p.i.AbstractProblemLoader Replaying proof Cell[Cell::post_set(int)].JML model_behavior operation contract.0 
38068      DEBUG main            d.u.i.k.p.i.IntermediateProofReplayer Proof replay took 5ms 
38069      DEBUG main            d.u.i.k.p.r.p.TestFile    ... success: reloaded. 
38071      INFO  main            d.u.i.k.p.r.p.TestFile    Now processing file /home/runner/work/key/key/key.core/../key.ui/examples/heap/model_methods/Cell_set.key 
38071      INFO  main            d.u.i.k.p.i.AbstractProblemLoader Loading environment from /home/runner/work/key/key/key.core/../key.ui/examples/heap/model_methods/Cell_set.key 
38071      DEBUG main            d.u.i.k.p.i.AbstractProblemLoader Environment load took 226.6ns 
38072      INFO  main            d.u.i.k.p.i.AbstractProblemLoader Creating init config 
40943      DEBUG main            d.u.i.k.p.i.AbstractProblemLoader Init config took 2.87s 
40993      INFO  main            d.u.i.k.p.i.AbstractProblemLoader Replaying proof Cell[Cell::set(int)].JML operation contract.0 
40996      DEBUG main            d.u.i.k.p.i.IntermediateProofReplayer Proof replay took 8.3ns 
48487      INFO  main            d.u.i.k.p.r.p.TestFile    ... finished proof: closed. 
48711      INFO  main            d.u.i.k.p.i.AbstractProblemLoader Loading environment from /home/runner/work/key/key/key.core/../key.ui/examples/heap/model_methods/Cell_set.key.proof 
48711      DEBUG main            d.u.i.k.p.i.AbstractProblemLoader Environment load took 226.1ns 
48712      INFO  main            d.u.i.k.p.i.AbstractProblemLoader Creating init config 
51486      DEBUG main            d.u.i.k.p.i.AbstractProblemLoader Init config took 2.77s 
51533      INFO  main            d.u.i.k.p.i.AbstractProblemLoader Replaying proof Cell[Cell::set(int)].JML operation contract.0 
52213      DEBUG main            d.u.i.k.p.i.IntermediateProofReplayer Proof replay took 662.56ms 
52216      DEBUG main            d.u.i.k.p.r.p.TestFile    ... success: reloaded. 
52217      INFO  main            d.u.i.k.p.r.p.TestFile    Now processing file /home/runner/work/key/key/key.core/../key.ui/examples/heap/model_methods/CellTest_callSet.key 
52217      INFO  main            d.u.i.k.p.i.AbstractProblemLoader Loading environment from /home/runner/work/key/key/key.core/../key.ui/examples/heap/model_methods/CellTest_callSet.key 
52218      DEBUG main            d.u.i.k.p.i.AbstractProblemLoader Environment load took 236.4ns 
52219      INFO  main            d.u.i.k.p.i.AbstractProblemLoader Creating init config 
55041      DEBUG main            d.u.i.k.p.i.AbstractProblemLoader Init config took 2.82s 
55121      INFO  main            d.u.i.k.p.i.AbstractProblemLoader Replaying proof CellTest[CellTest::callSet(Cell,int)].JML operation contract.0 
55124      DEBUG main            d.u.i.k.p.i.IntermediateProofReplayer Proof replay took 8.6ns 
55327      INFO  main            d.u.i.k.p.r.p.TestFile    ... finished proof: closed. 
55528      INFO  main            d.u.i.k.p.i.AbstractProblemLoader Loading environment from /home/runner/work/key/key/key.core/../key.ui/examples/heap/model_methods/CellTest_callSet.key.proof 
55528      DEBUG main            d.u.i.k.p.i.AbstractProblemLoader Environment load took 134.9ns 
55529      INFO  main            d.u.i.k.p.i.AbstractProblemLoader Creating init config 
58293      DEBUG main            d.u.i.k.p.i.AbstractProblemLoader Init config took 2.76s 
58338      INFO  main            d.u.i.k.p.i.AbstractProblemLoader Replaying proof CellTest[CellTest::callSet(Cell,int)].JML operation contract.0 
58383      DEBUG main            d.u.i.k.p.i.IntermediateProofReplayer Proof replay took 41.7ms 
58385      DEBUG main            d.u.i.k.p.r.p.TestFile    ... success: reloaded. 
58386      INFO  main            d.u.i.k.p.r.p.TestFile    Now processing file /home/runner/work/key/key/key.core/../key.ui/examples/heap/model_methods/CellTest_test2.key 
58386      INFO  main            d.u.i.k.p.i.AbstractProblemLoader Loading environment from /home/runner/work/key/key/key.core/../key.ui/examples/heap/model_methods/CellTest_test2.key 
58386      DEBUG main            d.u.i.k.p.i.AbstractProblemLoader Environment load took 93.3ns 
58387      INFO  main            d.u.i.k.p.i.AbstractProblemLoader Creating init config 
61184      DEBUG main            d.u.i.k.p.i.AbstractProblemLoader Init config took 2.8s 
61228      INFO  main            d.u.i.k.p.i.AbstractProblemLoader Replaying proof CellTest[CellTest::test2(Cell)].JML operation contract.0 
61230      DEBUG main            d.u.i.k.p.i.IntermediateProofReplayer Proof replay took 8.1ns 
61534      INFO  main            d.u.i.k.p.r.p.TestFile    ... finished proof: closed. 
61720      INFO  main            d.u.i.k.p.i.AbstractProblemLoader Loading environment from /home/runner/work/key/key/key.core/../key.ui/examples/heap/model_methods/CellTest_test2.key.proof 
61721      DEBUG main            d.u.i.k.p.i.AbstractProblemLoader Environment load took 503.71ns 
61722      INFO  main            d.u.i.k.p.i.AbstractProblemLoader Creating init config 
64470      DEBUG main            d.u.i.k.p.i.AbstractProblemLoader Init config took 2.75s 
64514      INFO  main            d.u.i.k.p.i.AbstractProblemLoader Replaying proof CellTest[CellTest::test2(Cell)].JML operation contract.0 
64590      DEBUG main            d.u.i.k.p.i.IntermediateProofReplayer Proof replay took 73.01ms 
64591      DEBUG main            d.u.i.k.p.r.p.TestFile    ... success: reloaded. 
64593      INFO  main            d.u.i.k.p.r.p.TestFile    Now processing file /home/runner/work/key/key/key.core/../key.ui/examples/heap/model_methods/CellTest_test.key 
64593      INFO  main            d.u.i.k.p.i.AbstractProblemLoader Loading environment from /home/runner/work/key/key/key.core/../key.ui/examples/heap/model_methods/CellTest_test.key 
64593      DEBUG main            d.u.i.k.p.i.AbstractProblemLoader Environment load took 185.1ns 
64594      INFO  main            d.u.i.k.p.i.AbstractProblemLoader Creating init config 
67421      DEBUG main            d.u.i.k.p.i.AbstractProblemLoader Init config took 2.83s 
67479      INFO  main            d.u.i.k.p.i.AbstractProblemLoader Replaying proof CellTest[CellTest::test(Recell)].JML operation contract.0 
67481      DEBUG main            d.u.i.k.p.i.IntermediateProofReplayer Proof replay took 7.7ns 
69089      INFO  main            d.u.i.k.p.r.p.TestFile    ... finished proof: closed. 
69291      INFO  main            d.u.i.k.p.i.AbstractProblemLoader Loading environment from /home/runner/work/key/key/key.core/../key.ui/examples/heap/model_methods/CellTest_test.key.proof 
69292      DEBUG main            d.u.i.k.p.i.AbstractProblemLoader Environment load took 412.71ns 
69293      INFO  main            d.u.i.k.p.i.AbstractProblemLoader Creating init config 
72040      DEBUG main            d.u.i.k.p.i.AbstractProblemLoader Init config took 2.75s 
72097      INFO  main            d.u.i.k.p.i.AbstractProblemLoader Replaying proof CellTest[CellTest::test(Recell)].JML operation contract.0 
72417      DEBUG main            d.u.i.k.p.i.IntermediateProofReplayer Proof replay took 308.33ms 
72418      DEBUG main            d.u.i.k.p.r.p.TestFile    ... success: reloaded. 
72420      INFO  main            d.u.i.k.p.r.p.TestFile    Now processing file /home/runner/work/key/key/key.core/../key.ui/examples/heap/model_methods/Coll1_add.key 
72420      INFO  main            d.u.i.k.p.i.AbstractProblemLoader Loading environment from /home/runner/work/key/key/key.core/../key.ui/examples/heap/model_methods/Coll1_add.key 
72420      DEBUG main            d.u.i.k.p.i.AbstractProblemLoader Environment load took 196.6ns 
72421      INFO  main            d.u.i.k.p.i.AbstractProblemLoader Creating init config 
75219      DEBUG main            d.u.i.k.p.i.AbstractProblemLoader Init config took 2.8s 
75262      INFO  main            d.u.i.k.p.i.AbstractProblemLoader Replaying proof Coll1[Coll::add(int)].JML operation contract.0 
75264      DEBUG main            d.u.i.k.p.i.IntermediateProofReplayer Proof replay took 7.3ns 
75367      INFO  main            d.u.i.k.p.r.p.TestFile    ... finished proof: closed. 
75566      INFO  main            d.u.i.k.p.i.AbstractProblemLoader Loading environment from /home/runner/work/key/key/key.core/../key.ui/examples/heap/model_methods/Coll1_add.key.proof 
75566      DEBUG main            d.u.i.k.p.i.AbstractProblemLoader Environment load took 137.3ns 
75567      INFO  main            d.u.i.k.p.i.AbstractProblemLoader Creating init config 
78342      DEBUG main            d.u.i.k.p.i.AbstractProblemLoader Init config took 2.77s 
78397      INFO  main            d.u.i.k.p.i.AbstractProblemLoader Replaying proof Coll1[Coll::add(int)].JML operation contract.0 
78410      DEBUG main            d.u.i.k.p.i.IntermediateProofReplayer Proof replay took 10.66ms 
78412      DEBUG main            d.u.i.k.p.r.p.TestFile    ... success: reloaded. 
78414      INFO  main            d.u.i.k.p.r.p.TestFile    Now processing file /home/runner/work/key/key/key.core/../key.ui/examples/heap/model_methods/Coll1_Coll1_add_pre.key 
78415      INFO  main            d.u.i.k.p.i.AbstractProblemLoader Loading environment from /home/runner/work/key/key/key.core/../key.ui/examples/heap/model_methods/Coll1_Coll1_add_pre.key 
78415      DEBUG main            d.u.i.k.p.i.AbstractProblemLoader Environment load took 181.4ns 
78416      INFO  main            d.u.i.k.p.i.AbstractProblemLoader Creating init config 
81158      DEBUG main            d.u.i.k.p.i.AbstractProblemLoader Init config took 2.74s 
81199      INFO  main            d.u.i.k.p.i.AbstractProblemLoader Replaying proof Coll1[Coll1::add_pre(int)].JML model_behavior operation contract.0 
81201      DEBUG main            d.u.i.k.p.i.IntermediateProofReplayer Proof replay took 7.1ns 
81303      INFO  main            d.u.i.k.p.r.p.TestFile    ... finished proof: closed. 
81550      INFO  main            d.u.i.k.p.i.AbstractProblemLoader Loading environment from /home/runner/work/key/key/key.core/../key.ui/examples/heap/model_methods/Coll1_Coll1_add_pre.key.proof 
81550      DEBUG main            d.u.i.k.p.i.AbstractProblemLoader Environment load took 140.5ns 
81551      INFO  main            d.u.i.k.p.i.AbstractProblemLoader Creating init config 
84329      DEBUG main            d.u.i.k.p.i.AbstractProblemLoader Init config took 2.78s 
84379      INFO  main            d.u.i.k.p.i.AbstractProblemLoader Replaying proof Coll1[Coll1::add_pre(int)].JML model_behavior operation contract.0 
84383      DEBUG main            d.u.i.k.p.i.IntermediateProofReplayer Proof replay took 1.63ms 
84384      DEBUG main            d.u.i.k.p.r.p.TestFile    ... success: reloaded. 
84385      INFO  main            d.u.i.k.p.r.p.TestFile    Now processing file /home/runner/work/key/key/key.core/../key.ui/examples/heap/model_methods/Coll1_Coll_add_pre.key 
84385      INFO  main            d.u.i.k.p.i.AbstractProblemLoader Loading environment from /home/runner/work/key/key/key.core/../key.ui/examples/heap/model_methods/Coll1_Coll_add_pre.key 
84385      DEBUG main            d.u.i.k.p.i.AbstractProblemLoader Environment load took 96.8ns 
84387      INFO  main            d.u.i.k.p.i.AbstractProblemLoader Creating init config 
87105      DEBUG main            d.u.i.k.p.i.AbstractProblemLoader Init config took 2.72s 
87146      INFO  main            d.u.i.k.p.i.AbstractProblemLoader Replaying proof Coll1[Coll::add_pre(int)].JML model_behavior operation contract.0 
87148      DEBUG main            d.u.i.k.p.i.IntermediateProofReplayer Proof replay took 8.4ns 
87251      INFO  main            d.u.i.k.p.r.p.TestFile    ... finished proof: closed. 
87466      INFO  main            d.u.i.k.p.i.AbstractProblemLoader Loading environment from /home/runner/work/key/key/key.core/../key.ui/examples/heap/model_methods/Coll1_Coll_add_pre.key.proof 
87467      DEBUG main            d.u.i.k.p.i.AbstractProblemLoader Environment load took 144.2ns 
87468      INFO  main            d.u.i.k.p.i.AbstractProblemLoader Creating init config 
90175      DEBUG main            d.u.i.k.p.i.AbstractProblemLoader Init config took 2.71s 
90216      INFO  main            d.u.i.k.p.i.AbstractProblemLoader Replaying proof Coll1[Coll::add_pre(int)].JML model_behavior operation contract.0 
90220      DEBUG main            d.u.i.k.p.i.IntermediateProofReplayer Proof replay took 2.44ms 
90221      DEBUG main            d.u.i.k.p.r.p.TestFile    ... success: reloaded. 
90222      INFO  main            d.u.i.k.p.r.p.TestFile    Now processing file /home/runner/work/key/key/key.core/../key.ui/examples/heap/model_methods/Coll2_add.key 
90222      INFO  main            d.u.i.k.p.i.AbstractProblemLoader Loading environment from /home/runner/work/key/key/key.core/../key.ui/examples/heap/model_methods/Coll2_add.key 
90223      DEBUG main            d.u.i.k.p.i.AbstractProblemLoader Environment load took 88.6ns 
90224      INFO  main            d.u.i.k.p.i.AbstractProblemLoader Creating init config 
93019      DEBUG main            d.u.i.k.p.i.AbstractProblemLoader Init config took 2.8s 
93061      INFO  main            d.u.i.k.p.i.AbstractProblemLoader Replaying proof Coll2[Coll::add(int)].JML operation contract.0 
93063      DEBUG main            d.u.i.k.p.i.IntermediateProofReplayer Proof replay took 8.7ns 
93165      INFO  main            d.u.i.k.p.r.p.TestFile    ... finished proof: closed. 
93392      INFO  main            d.u.i.k.p.i.AbstractProblemLoader Loading environment from /home/runner/work/key/key/key.core/../key.ui/examples/heap/model_methods/Coll2_add.key.proof 
93392      DEBUG main            d.u.i.k.p.i.AbstractProblemLoader Environment load took 145.9ns 
93393      INFO  main            d.u.i.k.p.i.AbstractProblemLoader Creating init config 
96115      DEBUG main            d.u.i.k.p.i.AbstractProblemLoader Init config took 2.72s 
96159      INFO  main            d.u.i.k.p.i.AbstractProblemLoader Replaying proof Coll2[Coll::add(int)].JML operation contract.0 
96170      DEBUG main            d.u.i.k.p.i.IntermediateProofReplayer Proof replay took 7.7ms 
96171      DEBUG main            d.u.i.k.p.r.p.TestFile    ... success: reloaded. 
96173      INFO  main            d.u.i.k.p.r.p.TestFile    Now processing file /home/runner/work/key/key/key.core/../key.ui/examples/heap/model_methods/Coll2_Coll2_add_pre.key 
96173      INFO  main            d.u.i.k.p.i.AbstractProblemLoader Loading environment from /home/runner/work/key/key/key.core/../key.ui/examples/heap/model_methods/Coll2_Coll2_add_pre.key 
96173      DEBUG main            d.u.i.k.p.i.AbstractProblemLoader Environment load took 182.3ns 
96174      INFO  main            d.u.i.k.p.i.AbstractProblemLoader Creating init config 
98938      DEBUG main            d.u.i.k.p.i.AbstractProblemLoader Init config took 2.76s 
98978      INFO  main            d.u.i.k.p.i.AbstractProblemLoader Replaying proof Coll2[Coll2::add_pre(int)].JML model_behavior operation contract.0 
98980      DEBUG main            d.u.i.k.p.i.IntermediateProofReplayer Proof replay took 8.2ns 
99084      INFO  main            d.u.i.k.p.r.p.TestFile    ... finished proof: closed. 
99312      INFO  main            d.u.i.k.p.i.AbstractProblemLoader Loading environment from /home/runner/work/key/key/key.core/../key.ui/examples/heap/model_methods/Coll2_Coll2_add_pre.key.proof 
99313      DEBUG main            d.u.i.k.p.i.AbstractProblemLoader Environment load took 132.7ns 
99314      INFO  main            d.u.i.k.p.i.AbstractProblemLoader Creating init config 
102006     DEBUG main            d.u.i.k.p.i.AbstractProblemLoader Init config took 2.69s 
102046     INFO  main            d.u.i.k.p.i.AbstractProblemLoader Replaying proof Coll2[Coll2::add_pre(int)].JML model_behavior operation contract.0 
102049     DEBUG main            d.u.i.k.p.i.IntermediateProofReplayer Proof replay took 1.54ms 
102050     DEBUG main            d.u.i.k.p.r.p.TestFile    ... success: reloaded. 
102051     INFO  main            d.u.i.k.p.r.p.TestFile    Now processing file /home/runner/work/key/key/key.core/../key.ui/examples/heap/model_methods/Coll2_Coll_add_pre.key 
102051     INFO  main            d.u.i.k.p.i.AbstractProblemLoader Loading environment from /home/runner/work/key/key/key.core/../key.ui/examples/heap/model_methods/Coll2_Coll_add_pre.key 
102051     DEBUG main            d.u.i.k.p.i.AbstractProblemLoader Environment load took 102.2ns 
102052     INFO  main            d.u.i.k.p.i.AbstractProblemLoader Creating init config 
104828     DEBUG main            d.u.i.k.p.i.AbstractProblemLoader Init config took 2.78s 
104867     INFO  main            d.u.i.k.p.i.AbstractProblemLoader Replaying proof Coll2[Coll::add_pre(int)].JML model_behavior operation contract.0 
104869     DEBUG main            d.u.i.k.p.i.IntermediateProofReplayer Proof replay took 7.2ns 
104973     INFO  main            d.u.i.k.p.r.p.TestFile    ... finished proof: closed. 
105210     INFO  main            d.u.i.k.p.i.AbstractProblemLoader Loading environment from /home/runner/work/key/key/key.core/../key.ui/examples/heap/model_methods/Coll2_Coll_add_pre.key.proof 
105210     DEBUG main            d.u.i.k.p.i.AbstractProblemLoader Environment load took 145.9ns 
105211     INFO  main            d.u.i.k.p.i.AbstractProblemLoader Creating init config 
107937     DEBUG main            d.u.i.k.p.i.AbstractProblemLoader Init config took 2.73s 
107985     INFO  main            d.u.i.k.p.i.AbstractProblemLoader Replaying proof Coll2[Coll::add_pre(int)].JML model_behavior operation contract.0 
107990     DEBUG main            d.u.i.k.p.i.IntermediateProofReplayer Proof replay took 2.49ms 
107991     DEBUG main            d.u.i.k.p.r.p.TestFile    ... success: reloaded. 
107994     INFO  main            d.u.i.k.p.r.p.TestFile    Now processing file /home/runner/work/key/key/key.core/../key.ui/examples/heap/model_methods/Coll_add.key 
107994     INFO  main            d.u.i.k.p.i.AbstractProblemLoader Loading environment from /home/runner/work/key/key/key.core/../key.ui/examples/heap/model_methods/Coll_add.key 
107994     DEBUG main            d.u.i.k.p.i.AbstractProblemLoader Environment load took 73.8ns 
107996     INFO  main            d.u.i.k.p.i.AbstractProblemLoader Creating init config 
110715     DEBUG main            d.u.i.k.p.i.AbstractProblemLoader Init config took 2.72s 
110763     INFO  main            d.u.i.k.p.i.AbstractProblemLoader Replaying proof Coll[Coll::add(int)].JML operation contract.0 
110765     DEBUG main            d.u.i.k.p.i.IntermediateProofReplayer Proof replay took 7ns 
110867     INFO  main            d.u.i.k.p.r.p.TestFile    ... finished proof: closed. 
111112     INFO  main            d.u.i.k.p.i.AbstractProblemLoader Loading environment from /home/runner/work/key/key/key.core/../key.ui/examples/heap/model_methods/Coll_add.key.proof 
111112     DEBUG main            d.u.i.k.p.i.AbstractProblemLoader Environment load took 163.2ns 
111113     INFO  main            d.u.i.k.p.i.AbstractProblemLoader Creating init config 
113793     DEBUG main            d.u.i.k.p.i.AbstractProblemLoader Init config took 2.68s 
113837     INFO  main            d.u.i.k.p.i.AbstractProblemLoader Replaying proof Coll[Coll::add(int)].JML operation contract.0 
113842     DEBUG main            d.u.i.k.p.i.IntermediateProofReplayer Proof replay took 3.21ms 
113843     DEBUG main            d.u.i.k.p.r.p.TestFile    ... success: reloaded. 
113844     INFO  main            d.u.i.k.p.r.p.TestFile    Now processing file /home/runner/work/key/key/key.core/../key.ui/examples/heap/model_methods/Coll_add_pre.key 
113844     INFO  main            d.u.i.k.p.i.AbstractProblemLoader Loading environment from /home/runner/work/key/key/key.core/../key.ui/examples/heap/model_methods/Coll_add_pre.key 
113844     DEBUG main            d.u.i.k.p.i.AbstractProblemLoader Environment load took 122.2ns 
113845     INFO  main            d.u.i.k.p.i.AbstractProblemLoader Creating init config 
116615     DEBUG main            d.u.i.k.p.i.AbstractProblemLoader Init config took 2.77s 
116673     INFO  main            d.u.i.k.p.i.AbstractProblemLoader Replaying proof Coll[Coll::add_pre(int)].JML model_behavior operation contract.0 
116675     DEBUG main            d.u.i.k.p.i.IntermediateProofReplayer Proof replay took 7.5ns 
116777     INFO  main            d.u.i.k.p.r.p.TestFile    ... finished proof: closed. 
117022     INFO  main            d.u.i.k.p.i.AbstractProblemLoader Loading environment from /home/runner/work/key/key/key.core/../key.ui/examples/heap/model_methods/Coll_add_pre.key.proof 
117024     DEBUG main            d.u.i.k.p.i.AbstractProblemLoader Environment load took 1.13ms 
117025     INFO  main            d.u.i.k.p.i.AbstractProblemLoader Creating init config 
119722     DEBUG main            d.u.i.k.p.i.AbstractProblemLoader Init config took 2.7s 
119768     INFO  main            d.u.i.k.p.i.AbstractProblemLoader Replaying proof Coll[Coll::add_pre(int)].JML model_behavior operation contract.0 
119772     DEBUG main            d.u.i.k.p.i.IntermediateProofReplayer Proof replay took 2.67ms 
119773     DEBUG main            d.u.i.k.p.r.p.TestFile    ... success: reloaded. 
119775     INFO  main            d.u.i.k.p.r.p.TestFile    Now processing file /home/runner/work/key/key/key.core/../key.ui/examples/heap/model_methods/Indirect_callAdd.key 
119775     INFO  main            d.u.i.k.p.i.AbstractProblemLoader Loading environment from /home/runner/work/key/key/key.core/../key.ui/examples/heap/model_methods/Indirect_callAdd.key 
119775     DEBUG main            d.u.i.k.p.i.AbstractProblemLoader Environment load took 125.5ns 
119776     INFO  main            d.u.i.k.p.i.AbstractProblemLoader Creating init config 
122495     DEBUG main            d.u.i.k.p.i.AbstractProblemLoader Init config took 2.72s 
122534     INFO  main            d.u.i.k.p.i.AbstractProblemLoader Replaying proof Indirect[Indirect::callAdd(Coll,int)].JML operation contract.0 
122535     DEBUG main            d.u.i.k.p.i.IntermediateProofReplayer Proof replay took 8.2ns 
122737     INFO  main            d.u.i.k.p.r.p.TestFile    ... finished proof: closed. 
122977     INFO  main            d.u.i.k.p.i.AbstractProblemLoader Loading environment from /home/runner/work/key/key/key.core/../key.ui/examples/heap/model_methods/Indirect_callAdd.key.proof 
122977     DEBUG main            d.u.i.k.p.i.AbstractProblemLoader Environment load took 129ns 
122978     INFO  main            d.u.i.k.p.i.AbstractProblemLoader Creating init config 
125689     DEBUG main            d.u.i.k.p.i.AbstractProblemLoader Init config took 2.71s 
125729     INFO  main            d.u.i.k.p.i.AbstractProblemLoader Replaying proof Indirect[Indirect::callAdd(Coll,int)].JML operation contract.0 
125756     DEBUG main            d.u.i.k.p.i.IntermediateProofReplayer Proof replay took 24.55ms 
125757     DEBUG main            d.u.i.k.p.r.p.TestFile    ... success: reloaded. 
125758     INFO  main            d.u.i.k.p.r.p.TestFile    Now processing file /home/runner/work/key/key/key.core/../key.ui/examples/heap/model_methods/Indirect_test.key 
125758     INFO  main            d.u.i.k.p.i.AbstractProblemLoader Loading environment from /home/runner/work/key/key/key.core/../key.ui/examples/heap/model_methods/Indirect_test.key 
125758     DEBUG main            d.u.i.k.p.i.AbstractProblemLoader Environment load took 81.8ns 
125759     INFO  main            d.u.i.k.p.i.AbstractProblemLoader Creating init config 
128466     DEBUG main            d.u.i.k.p.i.AbstractProblemLoader Init config took 2.71s 
128505     INFO  main            d.u.i.k.p.i.AbstractProblemLoader Replaying proof Indirect[Indirect::test(Coll1,Coll2)].JML operation contract.0 
128507     DEBUG main            d.u.i.k.p.i.IntermediateProofReplayer Proof replay took 7.7ns 
128712     INFO  main            d.u.i.k.p.r.p.TestFile    ... finished proof: closed. 
128986     INFO  main            d.u.i.k.p.i.AbstractProblemLoader Loading environment from /home/runner/work/key/key/key.core/../key.ui/examples/heap/model_methods/Indirect_test.key.proof 
128986     DEBUG main            d.u.i.k.p.i.AbstractProblemLoader Environment load took 128.4ns 
128987     INFO  main            d.u.i.k.p.i.AbstractProblemLoader Creating init config 
131681     DEBUG main            d.u.i.k.p.i.AbstractProblemLoader Init config took 2.69s 
131722     INFO  main            d.u.i.k.p.i.AbstractProblemLoader Replaying proof Indirect[Indirect::test(Coll1,Coll2)].JML operation contract.0 
131778     DEBUG main            d.u.i.k.p.i.IntermediateProofReplayer Proof replay took 53.74ms 
131779     DEBUG main            d.u.i.k.p.r.p.TestFile    ... success: reloaded. 
131780     INFO  main            d.u.i.k.p.r.p.TestFile    Now processing file /home/runner/work/key/key/key.core/../key.ui/examples/heap/model_methods/Recell_Cell_footprint.key 
131781     INFO  main            d.u.i.k.p.i.AbstractProblemLoader Loading environment from /home/runner/work/key/key/key.core/../key.ui/examples/heap/model_methods/Recell_Cell_footprint.key 
131781     DEBUG main            d.u.i.k.p.i.AbstractProblemLoader Environment load took 93.1ns 
131782     INFO  main            d.u.i.k.p.i.AbstractProblemLoader Creating init config 
134573     DEBUG main            d.u.i.k.p.i.AbstractProblemLoader Init config took 2.79s 
134611     INFO  main            d.u.i.k.p.i.AbstractProblemLoader Replaying proof Recell[Cell::footprint()].JML model_behavior operation contract.0 
134613     DEBUG main            d.u.i.k.p.i.IntermediateProofReplayer Proof replay took 6.3ns 
134715     INFO  main            d.u.i.k.p.r.p.TestFile    ... finished proof: closed. 
134977     INFO  main            d.u.i.k.p.i.AbstractProblemLoader Loading environment from /home/runner/work/key/key/key.core/../key.ui/examples/heap/model_methods/Recell_Cell_footprint.key.proof 
134978     DEBUG main            d.u.i.k.p.i.AbstractProblemLoader Environment load took 131.4ns 
134979     INFO  main            d.u.i.k.p.i.AbstractProblemLoader Creating init config 
137645     DEBUG main            d.u.i.k.p.i.AbstractProblemLoader Init config took 2.67s 
137684     INFO  main            d.u.i.k.p.i.AbstractProblemLoader Replaying proof Recell[Cell::footprint()].JML model_behavior operation contract.0 
137688     DEBUG main            d.u.i.k.p.i.IntermediateProofReplayer Proof replay took 2.78ms 
137689     DEBUG main            d.u.i.k.p.r.p.TestFile    ... success: reloaded. 
137690     INFO  main            d.u.i.k.p.r.p.TestFile    Now processing file /home/runner/work/key/key/key.core/../key.ui/examples/heap/model_methods/Recell_Cell_post_set.key 
137690     INFO  main            d.u.i.k.p.i.AbstractProblemLoader Loading environment from /home/runner/work/key/key/key.core/../key.ui/examples/heap/model_methods/Recell_Cell_post_set.key 
137691     DEBUG main            d.u.i.k.p.i.AbstractProblemLoader Environment load took 65.9ns 
137691     INFO  main            d.u.i.k.p.i.AbstractProblemLoader Creating init config 
140462     DEBUG main            d.u.i.k.p.i.AbstractProblemLoader Init config took 2.77s 
140501     INFO  main            d.u.i.k.p.i.AbstractProblemLoader Replaying proof Recell[Cell::post_set(int)].JML model_behavior operation contract.0 
140502     DEBUG main            d.u.i.k.p.i.IntermediateProofReplayer Proof replay took 7.6ns 
140604     INFO  main            d.u.i.k.p.r.p.TestFile    ... finished proof: closed. 
140878     INFO  main            d.u.i.k.p.i.AbstractProblemLoader Loading environment from /home/runner/work/key/key/key.core/../key.ui/examples/heap/model_methods/Recell_Cell_post_set.key.proof 
140878     DEBUG main            d.u.i.k.p.i.AbstractProblemLoader Environment load took 135.2ns 
140880     INFO  main            d.u.i.k.p.i.AbstractProblemLoader Creating init config 
143571     DEBUG main            d.u.i.k.p.i.AbstractProblemLoader Init config took 2.69s 
143609     INFO  main            d.u.i.k.p.i.AbstractProblemLoader Replaying proof Recell[Cell::post_set(int)].JML model_behavior operation contract.0 
143615     DEBUG main            d.u.i.k.p.i.IntermediateProofReplayer Proof replay took 3.91ms 
143619     DEBUG main            d.u.i.k.p.r.p.TestFile    ... success: reloaded. 
143620     INFO  main            d.u.i.k.p.r.p.TestFile    Now processing file /home/runner/work/key/key/key.core/../key.ui/examples/heap/model_methods/Recell_footprint_acc.key 
143621     INFO  main            d.u.i.k.p.i.AbstractProblemLoader Loading environment from /home/runner/work/key/key/key.core/../key.ui/examples/heap/model_methods/Recell_footprint_acc.key 
143621     DEBUG main            d.u.i.k.p.i.AbstractProblemLoader Environment load took 255.5ns 
143622     INFO  main            d.u.i.k.p.i.AbstractProblemLoader Creating init config 
146363     DEBUG main            d.u.i.k.p.i.AbstractProblemLoader Init config took 2.74s 
146423     INFO  main            d.u.i.k.p.i.AbstractProblemLoader Replaying proof Recell[Cell::footprint()].JML accessible clause.0 
146424     DEBUG main            d.u.i.k.p.i.IntermediateProofReplayer Proof replay took 8.2ns 
146528     INFO  main            d.u.i.k.p.r.p.TestFile    ... finished proof: closed. 
146832     INFO  main            d.u.i.k.p.i.AbstractProblemLoader Loading environment from /home/runner/work/key/key/key.core/../key.ui/examples/heap/model_methods/Recell_footprint_acc.key.proof 
146832     DEBUG main            d.u.i.k.p.i.AbstractProblemLoader Environment load took 129.8ns 
146833     INFO  main            d.u.i.k.p.i.AbstractProblemLoader Creating init config 
149497     DEBUG main            d.u.i.k.p.i.AbstractProblemLoader Init config took 2.66s 
149541     INFO  main            d.u.i.k.p.i.AbstractProblemLoader Replaying proof Recell[Cell::footprint()].JML accessible clause.0 
149563     DEBUG main            d.u.i.k.p.i.IntermediateProofReplayer Proof replay took 19.63ms 
149569     DEBUG main            d.u.i.k.p.r.p.TestFile    ... success: reloaded. 
149570     INFO  main            d.u.i.k.p.r.p.TestFile    Now processing file /home/runner/work/key/key/key.core/../key.ui/examples/heap/model_methods/Recell_get_acc.key 
149570     INFO  main            d.u.i.k.p.i.AbstractProblemLoader Loading environment from /home/runner/work/key/key/key.core/../key.ui/examples/heap/model_methods/Recell_get_acc.key 
149570     DEBUG main            d.u.i.k.p.i.AbstractProblemLoader Environment load took 186.1ns 
149571     INFO  main            d.u.i.k.p.i.AbstractProblemLoader Creating init config 
152317     DEBUG main            d.u.i.k.p.i.AbstractProblemLoader Init config took 2.75s 
152356     INFO  main            d.u.i.k.p.i.AbstractProblemLoader Replaying proof Recell[Cell::get()].JML accessible clause.0 
152357     DEBUG main            d.u.i.k.p.i.IntermediateProofReplayer Proof replay took 8.4ns 
152459     INFO  main            d.u.i.k.p.r.p.TestFile    ... finished proof: closed. 
152748     INFO  main            d.u.i.k.p.i.AbstractProblemLoader Loading environment from /home/runner/work/key/key/key.core/../key.ui/examples/heap/model_methods/Recell_get_acc.key.proof 
152748     DEBUG main            d.u.i.k.p.i.AbstractProblemLoader Environment load took 125.4ns 
152749     INFO  main            d.u.i.k.p.i.AbstractProblemLoader Creating init config 
155427     DEBUG main            d.u.i.k.p.i.AbstractProblemLoader Init config took 2.68s 
155465     INFO  main            d.u.i.k.p.i.AbstractProblemLoader Replaying proof Recell[Cell::get()].JML accessible clause.0 
155484     DEBUG main            d.u.i.k.p.i.IntermediateProofReplayer Proof replay took 16.99ms 
155485     DEBUG main            d.u.i.k.p.r.p.TestFile    ... success: reloaded. 
155486     INFO  main            d.u.i.k.p.r.p.TestFile    Now processing file /home/runner/work/key/key/key.core/../key.ui/examples/heap/model_methods/Recell_get.key 
155487     INFO  main            d.u.i.k.p.i.AbstractProblemLoader Loading environment from /home/runner/work/key/key/key.core/../key.ui/examples/heap/model_methods/Recell_get.key 
155487     DEBUG main            d.u.i.k.p.i.AbstractProblemLoader Environment load took 97.1ns 
155488     INFO  main            d.u.i.k.p.i.AbstractProblemLoader Creating init config 
158256     DEBUG main            d.u.i.k.p.i.AbstractProblemLoader Init config took 2.77s 
158297     INFO  main            d.u.i.k.p.i.AbstractProblemLoader Replaying proof Recell[Cell::get()].JML operation contract.0 
158300     DEBUG main            d.u.i.k.p.i.IntermediateProofReplayer Proof replay took 8.1ns 
158402     INFO  main            d.u.i.k.p.r.p.TestFile    ... finished proof: closed. 
158696     INFO  main            d.u.i.k.p.i.AbstractProblemLoader Loading environment from /home/runner/work/key/key/key.core/../key.ui/examples/heap/model_methods/Recell_get.key.proof 
158696     DEBUG main            d.u.i.k.p.i.AbstractProblemLoader Environment load took 137.1ns 
158697     INFO  main            d.u.i.k.p.i.AbstractProblemLoader Creating init config 
161353     DEBUG main            d.u.i.k.p.i.AbstractProblemLoader Init config took 2.66s 
161393     INFO  main            d.u.i.k.p.i.AbstractProblemLoader Replaying proof Recell[Cell::get()].JML operation contract.0 
161404     DEBUG main            d.u.i.k.p.i.IntermediateProofReplayer Proof replay took 8.49ms 
161405     DEBUG main            d.u.i.k.p.r.p.TestFile    ... success: reloaded. 
161406     INFO  main            d.u.i.k.p.r.p.TestFile    Now processing file /home/runner/work/key/key/key.core/../key.ui/examples/heap/model_methods/Recell_Recell_footprint.key 
161406     INFO  main            d.u.i.k.p.i.AbstractProblemLoader Loading environment from /home/runner/work/key/key/key.core/../key.ui/examples/heap/model_methods/Recell_Recell_footprint.key 
161406     DEBUG main            d.u.i.k.p.i.AbstractProblemLoader Environment load took 198.3ns 
161408     INFO  main            d.u.i.k.p.i.AbstractProblemLoader Creating init config 
164132     DEBUG main            d.u.i.k.p.i.AbstractProblemLoader Init config took 2.72s 
164170     INFO  main            d.u.i.k.p.i.AbstractProblemLoader Replaying proof Recell[Recell::footprint()].JML model_behavior operation contract.0 
164171     DEBUG main            d.u.i.k.p.i.IntermediateProofReplayer Proof replay took 8.4ns 
164275     INFO  main            d.u.i.k.p.r.p.TestFile    ... finished proof: closed. 
164575     INFO  main            d.u.i.k.p.i.AbstractProblemLoader Loading environment from /home/runner/work/key/key/key.core/../key.ui/examples/heap/model_methods/Recell_Recell_footprint.key.proof 
164575     DEBUG main            d.u.i.k.p.i.AbstractProblemLoader Environment load took 125.2ns 
164576     INFO  main            d.u.i.k.p.i.AbstractProblemLoader Creating init config 
167234     DEBUG main            d.u.i.k.p.i.AbstractProblemLoader Init config took 2.66s 
167273     INFO  main            d.u.i.k.p.i.AbstractProblemLoader Replaying proof Recell[Recell::footprint()].JML model_behavior operation contract.0 
167276     DEBUG main            d.u.i.k.p.i.IntermediateProofReplayer Proof replay took 1.41ms 
167277     DEBUG main            d.u.i.k.p.r.p.TestFile    ... success: reloaded. 
167278     INFO  main            d.u.i.k.p.r.p.TestFile    Now processing file /home/runner/work/key/key/key.core/../key.ui/examples/heap/model_methods/Recell_Recell_post_set.key 
167278     INFO  main            d.u.i.k.p.i.AbstractProblemLoader Loading environment from /home/runner/work/key/key/key.core/../key.ui/examples/heap/model_methods/Recell_Recell_post_set.key 
167278     DEBUG main            d.u.i.k.p.i.AbstractProblemLoader Environment load took 94.9ns 
167279     INFO  main            d.u.i.k.p.i.AbstractProblemLoader Creating init config 
169982     DEBUG main            d.u.i.k.p.i.AbstractProblemLoader Init config took 2.7s 
170020     INFO  main            d.u.i.k.p.i.AbstractProblemLoader Replaying proof Recell[Recell::post_set(int)].JML model_behavior operation contract.0 
170021     DEBUG main            d.u.i.k.p.i.IntermediateProofReplayer Proof replay took 8.9ns 
170125     INFO  main            d.u.i.k.p.r.p.TestFile    ... finished proof: closed. 
170428     INFO  main            d.u.i.k.p.i.AbstractProblemLoader Loading environment from /home/runner/work/key/key/key.core/../key.ui/examples/heap/model_methods/Recell_Recell_post_set.key.proof 
170428     DEBUG main            d.u.i.k.p.i.AbstractProblemLoader Environment load took 139.3ns 
170430     INFO  main            d.u.i.k.p.i.AbstractProblemLoader Creating init config 
173085     DEBUG main            d.u.i.k.p.i.AbstractProblemLoader Init config took 2.66s 
173124     INFO  main            d.u.i.k.p.i.AbstractProblemLoader Replaying proof Recell[Recell::post_set(int)].JML model_behavior operation contract.0 
173129     DEBUG main            d.u.i.k.p.i.IntermediateProofReplayer Proof replay took 2.34ms 
173130     DEBUG main            d.u.i.k.p.r.p.TestFile    ... success: reloaded. 
173131     INFO  main            d.u.i.k.p.r.p.TestFile    Now processing file /home/runner/work/key/key/key.core/../key.ui/examples/heap/model_methods/Recell_set.key 
173131     INFO  main            d.u.i.k.p.i.AbstractProblemLoader Loading environment from /home/runner/work/key/key/key.core/../key.ui/examples/heap/model_methods/Recell_set.key 
173132     DEBUG main            d.u.i.k.p.i.AbstractProblemLoader Environment load took 178.7ns 
173133     INFO  main            d.u.i.k.p.i.AbstractProblemLoader Creating init config 
175863     DEBUG main            d.u.i.k.p.i.AbstractProblemLoader Init config took 2.73s 
175902     INFO  main            d.u.i.k.p.i.AbstractProblemLoader Replaying proof Recell[Cell::set(int)].JML operation contract.0 
175903     DEBUG main            d.u.i.k.p.i.IntermediateProofReplayer Proof replay took 8.3ns 
183852     INFO  main            d.u.i.k.p.r.p.TestFile    ... finished proof: closed. 
184199     INFO  main            d.u.i.k.p.i.AbstractProblemLoader Loading environment from /home/runner/work/key/key/key.core/../key.ui/examples/heap/model_methods/Recell_set.key.proof 
184199     DEBUG main            d.u.i.k.p.i.AbstractProblemLoader Environment load took 144ns 
184201     INFO  main            d.u.i.k.p.i.AbstractProblemLoader Creating init config 
186865     DEBUG main            d.u.i.k.p.i.AbstractProblemLoader Init config took 2.66s 
186904     INFO  main            d.u.i.k.p.i.AbstractProblemLoader Replaying proof Recell[Cell::set(int)].JML operation contract.0 
187460     DEBUG main            d.u.i.k.p.i.IntermediateProofReplayer Proof replay took 536.47ms 
187461     DEBUG main            d.u.i.k.p.r.p.TestFile    ... success: reloaded. 
187462     INFO  main            d.u.i.k.p.r.p.TestFile    Now processing file /home/runner/work/key/key/key.core/../key.ui/examples/heap/model_methods/Recell_undo.key 
187462     INFO  main            d.u.i.k.p.i.AbstractProblemLoader Loading environment from /home/runner/work/key/key/key.core/../key.ui/examples/heap/model_methods/Recell_undo.key 
187462     DEBUG main            d.u.i.k.p.i.AbstractProblemLoader Environment load took 94.9ns 
187463     INFO  main            d.u.i.k.p.i.AbstractProblemLoader Creating init config 
190179     DEBUG main            d.u.i.k.p.i.AbstractProblemLoader Init config took 2.72s 
190218     INFO  main            d.u.i.k.p.i.AbstractProblemLoader Replaying proof Recell[Recell::undo()].JML operation contract.0 
190219     DEBUG main            d.u.i.k.p.i.IntermediateProofReplayer Proof replay took 8.1ns 
190321     INFO  main            d.u.i.k.p.r.p.TestFile    ... finished proof: closed. 
190648     INFO  main            d.u.i.k.p.i.AbstractProblemLoader Loading environment from /home/runner/work/key/key/key.core/../key.ui/examples/heap/model_methods/Recell_undo.key.proof 
190648     DEBUG main            d.u.i.k.p.i.AbstractProblemLoader Environment load took 122ns 
190649     INFO  main            d.u.i.k.p.i.AbstractProblemLoader Creating init config 
193357     DEBUG main            d.u.i.k.p.i.AbstractProblemLoader Init config took 2.71s 
193397     INFO  main            d.u.i.k.p.i.AbstractProblemLoader Replaying proof Recell[Recell::undo()].JML operation contract.0 
193430     DEBUG main            d.u.i.k.p.i.IntermediateProofReplayer Proof replay took 29.96ms 
193431     DEBUG main            d.u.i.k.p.r.p.TestFile    ... success: reloaded. 
4169904    INFO  Test worker     d.u.i.k.p.r.RunAllProofsTestUnit Returning from test modelMethods 
4169905    INFO  Test worker     d.u.i.k.p.r.RunAllProofsTestUnit Running test permissionHeap 
362        INFO  Timeout watchdog d.u.i.k.p.r.p.ForkedTestFileRunner Timeout watcher launched (2000 secs.) 
370        WARN  main            d.u.i.k.s.ProofSettings   The settings in /home/runner/.key/proof-settings.props are *not* read. 
414        INFO  main            d.u.i.k.p.r.p.TestFile    Now processing file /home/runner/work/key/key/key.core/../key.ui/examples/heap/permissions/permissions_method0.key 
547        INFO  main            d.u.i.k.p.i.AbstractProblemLoader Loading environment from /home/runner/work/key/key/key.core/../key.ui/examples/heap/permissions/permissions_method0.key 
563        DEBUG main            d.u.i.k.p.i.AbstractProblemLoader Environment load took 2ms 
790        INFO  main            d.u.i.k.p.i.AbstractProblemLoader Creating init config 
1637       DEBUG main            d.u.i.k.j.TypeConverter   No LDT found for Meta 
1638       DEBUG main            d.u.i.k.j.TypeConverter   No LDT found for Meta 
1639       DEBUG main            d.u.i.k.j.TypeConverter   No LDT found for Meta 
1639       DEBUG main            d.u.i.k.j.TypeConverter   No LDT found for Meta 
3225       DEBUG main            d.u.i.k.j.TypeConverter   No LDT found for JavaBigintExpression 
8497       DEBUG main            d.u.i.k.p.i.AbstractProblemLoader Init config took 7.71s 
8663       INFO  main            d.u.i.k.p.i.AbstractProblemLoader Replaying proof MyClass[MyClass::method0()].JML normal_behavior operation contract.0 
8705       DEBUG main            d.u.i.k.p.i.IntermediateProofReplayer Proof replay took 37.2ns 
9773       INFO  main            d.u.i.k.p.r.p.TestFile    ... finished proof: closed. 
9903       INFO  main            d.u.i.k.p.i.AbstractProblemLoader Loading environment from /home/runner/work/key/key/key.core/../key.ui/examples/heap/permissions/permissions_method0.key.proof 
9903       DEBUG main            d.u.i.k.p.i.AbstractProblemLoader Environment load took 459.01ns 
9905       INFO  main            d.u.i.k.p.i.AbstractProblemLoader Creating init config 
12688      DEBUG main            d.u.i.k.p.i.AbstractProblemLoader Init config took 2.78s 
12769      INFO  main            d.u.i.k.p.i.AbstractProblemLoader Replaying proof MyClass[MyClass::method0()].JML normal_behavior operation contract.0 
12865      DEBUG main            d.u.i.k.p.i.IntermediateProofReplayer Proof replay took 89.72ms 
12874      DEBUG main            d.u.i.k.p.r.p.TestFile    ... success: reloaded. 
12876      INFO  main            d.u.i.k.p.r.p.TestFile    Now processing file /home/runner/work/key/key/key.core/../key.ui/examples/heap/permissions/permissions_method1.key 
12877      INFO  main            d.u.i.k.p.i.AbstractProblemLoader Loading environment from /home/runner/work/key/key/key.core/../key.ui/examples/heap/permissions/permissions_method1.key 
12877      DEBUG main            d.u.i.k.p.i.AbstractProblemLoader Environment load took 214.7ns 
12879      INFO  main            d.u.i.k.p.i.AbstractProblemLoader Creating init config 
15612      DEBUG main            d.u.i.k.p.i.AbstractProblemLoader Init config took 2.73s 
15676      INFO  main            d.u.i.k.p.i.AbstractProblemLoader Replaying proof MyClass[MyClass::method1()].JML normal_behavior operation contract.0 
15679      DEBUG main            d.u.i.k.p.i.IntermediateProofReplayer Proof replay took 6.3ns 
15983      INFO  main            d.u.i.k.p.r.p.TestFile    ... finished proof: closed. 
16160      INFO  main            d.u.i.k.p.i.AbstractProblemLoader Loading environment from /home/runner/work/key/key/key.core/../key.ui/examples/heap/permissions/permissions_method1.key.proof 
16160      DEBUG main            d.u.i.k.p.i.AbstractProblemLoader Environment load took 412.21ns 
16162      INFO  main            d.u.i.k.p.i.AbstractProblemLoader Creating init config 
18874      DEBUG main            d.u.i.k.p.i.AbstractProblemLoader Init config took 2.71s 
18928      INFO  main            d.u.i.k.p.i.AbstractProblemLoader Replaying proof MyClass[MyClass::method1()].JML normal_behavior operation contract.0 
18993      DEBUG main            d.u.i.k.p.i.IntermediateProofReplayer Proof replay took 61ms 
18994      DEBUG main            d.u.i.k.p.r.p.TestFile    ... success: reloaded. 
18996      INFO  main            d.u.i.k.p.r.p.TestFile    Now processing file /home/runner/work/key/key/key.core/../key.ui/examples/heap/permissions/permissions_method3.key 
18996      INFO  main            d.u.i.k.p.i.AbstractProblemLoader Loading environment from /home/runner/work/key/key/key.core/../key.ui/examples/heap/permissions/permissions_method3.key 
18996      DEBUG main            d.u.i.k.p.i.AbstractProblemLoader Environment load took 197.1ns 
18998      INFO  main            d.u.i.k.p.i.AbstractProblemLoader Creating init config 
21672      DEBUG main            d.u.i.k.p.i.AbstractProblemLoader Init config took 2.67s 
21746      INFO  main            d.u.i.k.p.i.AbstractProblemLoader Replaying proof MyClass[MyClass::method3()].JML normal_behavior operation contract.0 
21749      DEBUG main            d.u.i.k.p.i.IntermediateProofReplayer Proof replay took 7.9ns 
23257      INFO  main            d.u.i.k.p.r.p.TestFile    ... finished proof: closed. 
23463      INFO  main            d.u.i.k.p.i.AbstractProblemLoader Loading environment from /home/runner/work/key/key/key.core/../key.ui/examples/heap/permissions/permissions_method3.key.proof 
23463      DEBUG main            d.u.i.k.p.i.AbstractProblemLoader Environment load took 400.71ns 
23467      INFO  main            d.u.i.k.p.i.AbstractProblemLoader Creating init config 
26105      DEBUG main            d.u.i.k.p.i.AbstractProblemLoader Init config took 2.64s 
26153      INFO  main            d.u.i.k.p.i.AbstractProblemLoader Replaying proof MyClass[MyClass::method3()].JML normal_behavior operation contract.0 
26432      DEBUG main            d.u.i.k.p.i.IntermediateProofReplayer Proof replay took 271.08ms 
26433      DEBUG main            d.u.i.k.p.r.p.TestFile    ... success: reloaded. 
26435      INFO  main            d.u.i.k.p.r.p.TestFile    Now processing file /home/runner/work/key/key/key.core/../key.ui/examples/heap/permissions/permissions_setAB.key 
26435      INFO  main            d.u.i.k.p.i.AbstractProblemLoader Loading environment from /home/runner/work/key/key/key.core/../key.ui/examples/heap/permissions/permissions_setAB.key 
26435      DEBUG main            d.u.i.k.p.i.AbstractProblemLoader Environment load took 95ns 
26437      INFO  main            d.u.i.k.p.i.AbstractProblemLoader Creating init config 
29065      DEBUG main            d.u.i.k.p.i.AbstractProblemLoader Init config took 2.63s 
29112      INFO  main            d.u.i.k.p.i.AbstractProblemLoader Replaying proof MyClass[MyClass::setAB()].JML normal_behavior operation contract.0 
29114      DEBUG main            d.u.i.k.p.i.IntermediateProofReplayer Proof replay took 7.3ns 
30682      INFO  main            d.u.i.k.p.r.p.TestFile    ... finished proof: closed. 
30890      INFO  main            d.u.i.k.p.i.AbstractProblemLoader Loading environment from /home/runner/work/key/key/key.core/../key.ui/examples/heap/permissions/permissions_setAB.key.proof 
30891      DEBUG main            d.u.i.k.p.i.AbstractProblemLoader Environment load took 1.12ms 
30893      INFO  main            d.u.i.k.p.i.AbstractProblemLoader Creating init config 
33476      DEBUG main            d.u.i.k.p.i.AbstractProblemLoader Init config took 2.58s 
33550      INFO  main            d.u.i.k.p.i.AbstractProblemLoader Replaying proof MyClass[MyClass::setAB()].JML normal_behavior operation contract.0 
33751      DEBUG main            d.u.i.k.p.i.IntermediateProofReplayer Proof replay took 194.6ms 
33752      DEBUG main            d.u.i.k.p.r.p.TestFile    ... success: reloaded. 
33754      INFO  main            d.u.i.k.p.r.p.TestFile    Now processing file /home/runner/work/key/key/key.core/../key.ui/examples/heap/permissions/permissionProperties.key 
33754      INFO  main            d.u.i.k.p.i.AbstractProblemLoader Loading environment from /home/runner/work/key/key/key.core/../key.ui/examples/heap/permissions/permissionProperties.key 
33754      DEBUG main            d.u.i.k.p.i.AbstractProblemLoader Environment load took 204.1ns 
33756      INFO  main            d.u.i.k.p.i.AbstractProblemLoader Creating init config 
33890      DEBUG main            d.u.i.k.j.TypeConverter   No LDT found for Meta 
33891      DEBUG main            d.u.i.k.j.TypeConverter   No LDT found for Meta 
33891      DEBUG main            d.u.i.k.j.TypeConverter   No LDT found for Meta 
33892      DEBUG main            d.u.i.k.j.TypeConverter   No LDT found for Meta 
34567      DEBUG main            d.u.i.k.j.TypeConverter   No LDT found for JavaBigintExpression 
37284      DEBUG main            d.u.i.k.p.i.AbstractProblemLoader Init config took 3.53s 
37306      INFO  main            d.u.i.k.p.i.AbstractProblemLoader Replaying proof permissionProperties.key 
37308      DEBUG main            d.u.i.k.p.i.IntermediateProofReplayer Proof replay took 8.4ns 
37411      INFO  main            d.u.i.k.p.r.p.TestFile    ... finished proof: closed. 
37613      INFO  main            d.u.i.k.p.i.AbstractProblemLoader Loading environment from /home/runner/work/key/key/key.core/../key.ui/examples/heap/permissions/permissionProperties.key.proof 
37614      DEBUG main            d.u.i.k.p.i.AbstractProblemLoader Environment load took 573.11ns 
37617      INFO  main            d.u.i.k.p.i.AbstractProblemLoader Creating init config 
40009      DEBUG main            d.u.i.k.p.i.AbstractProblemLoader Init config took 2.39s 
40030      INFO  main            d.u.i.k.p.i.AbstractProblemLoader Replaying proof permissionProperties.key.proof 
40048      DEBUG main            d.u.i.k.p.i.IntermediateProofReplayer Proof replay took 15.31ms 
40050      DEBUG main            d.u.i.k.p.r.p.TestFile    ... success: reloaded. 
40051      INFO  main            d.u.i.k.p.r.p.TestFile    Now processing file /home/runner/work/key/key/key.core/../key.ui/examples/heap/permissions/threads/AFilter_AFilter.key 
40051      INFO  main            d.u.i.k.p.i.AbstractProblemLoader Loading environment from /home/runner/work/key/key/key.core/../key.ui/examples/heap/permissions/threads/AFilter_AFilter.key 
40051      DEBUG main            d.u.i.k.p.i.AbstractProblemLoader Environment load took 207.6ns 
40053      INFO  main            d.u.i.k.p.i.AbstractProblemLoader Creating init config 
40180      DEBUG main            d.u.i.k.j.TypeConverter   No LDT found for Meta 
40180      DEBUG main            d.u.i.k.j.TypeConverter   No LDT found for Meta 
40181      DEBUG main            d.u.i.k.j.TypeConverter   No LDT found for Meta 
40181      DEBUG main            d.u.i.k.j.TypeConverter   No LDT found for Meta 
40824      DEBUG main            d.u.i.k.j.TypeConverter   No LDT found for JavaBigintExpression 
45898      DEBUG main            d.u.i.k.p.i.AbstractProblemLoader Init config took 5.85s 
46002      INFO  main            d.u.i.k.p.i.AbstractProblemLoader Replaying proof AFilter[AFilter::AFilter(Sampler,Buffer)].JML normal_behavior operation contract.0 
46004      DEBUG main            d.u.i.k.p.i.IntermediateProofReplayer Proof replay took 7.1ns 
47008      INFO  main            d.u.i.k.p.r.p.TestFile    ... finished proof: closed. 
47258      INFO  main            d.u.i.k.p.i.AbstractProblemLoader Loading environment from /home/runner/work/key/key/key.core/../key.ui/examples/heap/permissions/threads/AFilter_AFilter.key.proof 
47262      DEBUG main            d.u.i.k.p.i.AbstractProblemLoader Environment load took 4.22ms 
47264      INFO  main            d.u.i.k.p.i.AbstractProblemLoader Creating init config 
51806      DEBUG main            d.u.i.k.p.i.AbstractProblemLoader Init config took 4.54s 
51900      INFO  main            d.u.i.k.p.i.AbstractProblemLoader Replaying proof AFilter[AFilter::AFilter(Sampler,Buffer)].JML normal_behavior operation contract.0 
52096      DEBUG main            d.u.i.k.p.i.IntermediateProofReplayer Proof replay took 190.28ms 
52097      DEBUG main            d.u.i.k.p.r.p.TestFile    ... success: reloaded. 
52099      INFO  main            d.u.i.k.p.r.p.TestFile    Now processing file /home/runner/work/key/key/key.core/../key.ui/examples/heap/permissions/threads/AFilter_initPost_accessible.key 
52099      INFO  main            d.u.i.k.p.i.AbstractProblemLoader Loading environment from /home/runner/work/key/key/key.core/../key.ui/examples/heap/permissions/threads/AFilter_initPost_accessible.key 
52099      DEBUG main            d.u.i.k.p.i.AbstractProblemLoader Environment load took 193ns 
52100      INFO  main            d.u.i.k.p.i.AbstractProblemLoader Creating init config 
56712      DEBUG main            d.u.i.k.p.i.AbstractProblemLoader Init config took 4.61s 
56807      INFO  main            d.u.i.k.p.i.AbstractProblemLoader Replaying proof AFilter[ThreadSpec2::initPost()].JML accessible clause.0 
56809      DEBUG main            d.u.i.k.p.i.IntermediateProofReplayer Proof replay took 9.4ns 
56912      INFO  main            d.u.i.k.p.r.p.TestFile    ... finished proof: closed. 
57156      INFO  main            d.u.i.k.p.i.AbstractProblemLoader Loading environment from /home/runner/work/key/key/key.core/../key.ui/examples/heap/permissions/threads/AFilter_initPost_accessible.key.proof 
57156      DEBUG main            d.u.i.k.p.i.AbstractProblemLoader Environment load took 147.3ns 
57157      INFO  main            d.u.i.k.p.i.AbstractProblemLoader Creating init config 
61629      DEBUG main            d.u.i.k.p.i.AbstractProblemLoader Init config took 4.47s 
61732      INFO  main            d.u.i.k.p.i.AbstractProblemLoader Replaying proof AFilter[ThreadSpec2::initPost()].JML accessible clause.0 
61747      DEBUG main            d.u.i.k.p.i.IntermediateProofReplayer Proof replay took 13.05ms 
61748      DEBUG main            d.u.i.k.p.r.p.TestFile    ... success: reloaded. 
61750      INFO  main            d.u.i.k.p.r.p.TestFile    Now processing file /home/runner/work/key/key/key.core/../key.ui/examples/heap/permissions/threads/AFilter_inv_accessible1.key 
61750      INFO  main            d.u.i.k.p.i.AbstractProblemLoader Loading environment from /home/runner/work/key/key/key.core/../key.ui/examples/heap/permissions/threads/AFilter_inv_accessible1.key 
61750      DEBUG main            d.u.i.k.p.i.AbstractProblemLoader Environment load took 199ns 
61751      INFO  main            d.u.i.k.p.i.AbstractProblemLoader Creating init config 
66247      DEBUG main            d.u.i.k.p.i.AbstractProblemLoader Init config took 4.5s 
66335      INFO  main            d.u.i.k.p.i.AbstractProblemLoader Replaying proof AFilter[java.lang.Object::<inv>()].JML accessible clause.0 
66336      DEBUG main            d.u.i.k.p.i.IntermediateProofReplayer Proof replay took 9.7ns 
66440      INFO  main            d.u.i.k.p.r.p.TestFile    ... finished proof: closed. 
66678      INFO  main            d.u.i.k.p.i.AbstractProblemLoader Loading environment from /home/runner/work/key/key/key.core/../key.ui/examples/heap/permissions/threads/AFilter_inv_accessible1.key.proof 
66678      DEBUG main            d.u.i.k.p.i.AbstractProblemLoader Environment load took 138.7ns 
66680      INFO  main            d.u.i.k.p.i.AbstractProblemLoader Creating init config 
71176      DEBUG main            d.u.i.k.p.i.AbstractProblemLoader Init config took 4.5s 
71264      INFO  main            d.u.i.k.p.i.AbstractProblemLoader Replaying proof AFilter[java.lang.Object::<inv>()].JML accessible clause.0 
71268      DEBUG main            d.u.i.k.p.i.IntermediateProofReplayer Proof replay took 2.51ms 
71270      DEBUG main            d.u.i.k.p.r.p.TestFile    ... success: reloaded. 
71271      INFO  main            d.u.i.k.p.r.p.TestFile    Now processing file /home/runner/work/key/key/key.core/../key.ui/examples/heap/permissions/threads/AFilter_inv_accessible2.key 
71271      INFO  main            d.u.i.k.p.i.AbstractProblemLoader Loading environment from /home/runner/work/key/key/key.core/../key.ui/examples/heap/permissions/threads/AFilter_inv_accessible2.key 
71271      DEBUG main            d.u.i.k.p.i.AbstractProblemLoader Environment load took 159.6ns 
71272      INFO  main            d.u.i.k.p.i.AbstractProblemLoader Creating init config 
75726      DEBUG main            d.u.i.k.p.i.AbstractProblemLoader Init config took 4.45s 
75813      INFO  main            d.u.i.k.p.i.AbstractProblemLoader Replaying proof AFilter[java.lang.Object::<inv>()].JML accessible clause.1 
75814      DEBUG main            d.u.i.k.p.i.IntermediateProofReplayer Proof replay took 9.2ns 
75919      INFO  main            d.u.i.k.p.r.p.TestFile    ... finished proof: closed. 
76156      INFO  main            d.u.i.k.p.i.AbstractProblemLoader Loading environment from /home/runner/work/key/key/key.core/../key.ui/examples/heap/permissions/threads/AFilter_inv_accessible2.key.proof 
76156      DEBUG main            d.u.i.k.p.i.AbstractProblemLoader Environment load took 128.3ns 
76157      INFO  main            d.u.i.k.p.i.AbstractProblemLoader Creating init config 
80586      DEBUG main            d.u.i.k.p.i.AbstractProblemLoader Init config took 4.43s 
80673      INFO  main            d.u.i.k.p.i.AbstractProblemLoader Replaying proof AFilter[java.lang.Object::<inv>()].JML accessible clause.1 
80677      DEBUG main            d.u.i.k.p.i.IntermediateProofReplayer Proof replay took 2.43ms 
80678      DEBUG main            d.u.i.k.p.r.p.TestFile    ... success: reloaded. 
80679      INFO  main            d.u.i.k.p.r.p.TestFile    Now processing file /home/runner/work/key/key/key.core/../key.ui/examples/heap/permissions/threads/AFilter_joinTransfer_accessible.key 
80679      INFO  main            d.u.i.k.p.i.AbstractProblemLoader Loading environment from /home/runner/work/key/key/key.core/../key.ui/examples/heap/permissions/threads/AFilter_joinTransfer_accessible.key 
80679      DEBUG main            d.u.i.k.p.i.AbstractProblemLoader Environment load took 96.8ns 
80680      INFO  main            d.u.i.k.p.i.AbstractProblemLoader Creating init config 
85159      DEBUG main            d.u.i.k.p.i.AbstractProblemLoader Init config took 4.48s 
85246      INFO  main            d.u.i.k.p.i.AbstractProblemLoader Replaying proof AFilter[ThreadSpec2::joinTransfer()].JML accessible clause.0 
85248      DEBUG main            d.u.i.k.p.i.IntermediateProofReplayer Proof replay took 10.6ns 
89296      INFO  main            d.u.i.k.p.r.p.TestFile    ... finished proof: closed. 
89553      INFO  main            d.u.i.k.p.i.AbstractProblemLoader Loading environment from /home/runner/work/key/key/key.core/../key.ui/examples/heap/permissions/threads/AFilter_joinTransfer_accessible.key.proof 
89554      DEBUG main            d.u.i.k.p.i.AbstractProblemLoader Environment load took 413.7ns 
89555      INFO  main            d.u.i.k.p.i.AbstractProblemLoader Creating init config 
93992      DEBUG main            d.u.i.k.p.i.AbstractProblemLoader Init config took 4.44s 
94079      INFO  main            d.u.i.k.p.i.AbstractProblemLoader Replaying proof AFilter[ThreadSpec2::joinTransfer()].JML accessible clause.0 
94436      DEBUG main            d.u.i.k.p.i.IntermediateProofReplayer Proof replay took 347.03ms 
94437      DEBUG main            d.u.i.k.p.r.p.TestFile    ... success: reloaded. 
94439      INFO  main            d.u.i.k.p.r.p.TestFile    Now processing file /home/runner/work/key/key/key.core/../key.ui/examples/heap/permissions/threads/AFilter_joinTransfer_contract.key 
94439      INFO  main            d.u.i.k.p.i.AbstractProblemLoader Loading environment from /home/runner/work/key/key/key.core/../key.ui/examples/heap/permissions/threads/AFilter_joinTransfer_contract.key 
94439      DEBUG main            d.u.i.k.p.i.AbstractProblemLoader Environment load took 184.3ns 
94440      INFO  main            d.u.i.k.p.i.AbstractProblemLoader Creating init config 
98888      DEBUG main            d.u.i.k.p.i.AbstractProblemLoader Init config took 4.45s 
98973      INFO  main            d.u.i.k.p.i.AbstractProblemLoader Replaying proof AFilter[ThreadSpec2::joinTransfer()].JML model_behavior operation contract.0 
98975      DEBUG main            d.u.i.k.p.i.IntermediateProofReplayer Proof replay took 7.6ns 
99080      INFO  main            d.u.i.k.p.r.p.TestFile    ... finished proof: closed. 
99332      INFO  main            d.u.i.k.p.i.AbstractProblemLoader Loading environment from /home/runner/work/key/key/key.core/../key.ui/examples/heap/permissions/threads/AFilter_joinTransfer_contract.key.proof 
99333      DEBUG main            d.u.i.k.p.i.AbstractProblemLoader Environment load took 142.9ns 
99334      INFO  main            d.u.i.k.p.i.AbstractProblemLoader Creating init config 
103742     DEBUG main            d.u.i.k.p.i.AbstractProblemLoader Init config took 4.41s 
103826     INFO  main            d.u.i.k.p.i.AbstractProblemLoader Replaying proof AFilter[ThreadSpec2::joinTransfer()].JML model_behavior operation contract.0 
103836     DEBUG main            d.u.i.k.p.i.IntermediateProofReplayer Proof replay took 7.39ms 
103837     DEBUG main            d.u.i.k.p.r.p.TestFile    ... success: reloaded. 
103838     INFO  main            d.u.i.k.p.r.p.TestFile    Now processing file /home/runner/work/key/key/key.core/../key.ui/examples/heap/permissions/threads/AFilter_postJoin_accessible.key 
103839     INFO  main            d.u.i.k.p.i.AbstractProblemLoader Loading environment from /home/runner/work/key/key/key.core/../key.ui/examples/heap/permissions/threads/AFilter_postJoin_accessible.key 
103839     DEBUG main            d.u.i.k.p.i.AbstractProblemLoader Environment load took 186.9ns 
103840     INFO  main            d.u.i.k.p.i.AbstractProblemLoader Creating init config 
108329     DEBUG main            d.u.i.k.p.i.AbstractProblemLoader Init config took 4.49s 
108430     INFO  main            d.u.i.k.p.i.AbstractProblemLoader Replaying proof AFilter[ThreadSpec2::postJoin(java.lang.Object)].JML accessible clause.0 
108431     DEBUG main            d.u.i.k.p.i.IntermediateProofReplayer Proof replay took 7.6ns 
108536     INFO  main            d.u.i.k.p.r.p.TestFile    ... finished proof: closed. 
108830     INFO  main            d.u.i.k.p.i.AbstractProblemLoader Loading environment from /home/runner/work/key/key/key.core/../key.ui/examples/heap/permissions/threads/AFilter_postJoin_accessible.key.proof 
108831     DEBUG main            d.u.i.k.p.i.AbstractProblemLoader Environment load took 135.8ns 
108832     INFO  main            d.u.i.k.p.i.AbstractProblemLoader Creating init config 
113273     DEBUG main            d.u.i.k.p.i.AbstractProblemLoader Init config took 4.44s 
113356     INFO  main            d.u.i.k.p.i.AbstractProblemLoader Replaying proof AFilter[ThreadSpec2::postJoin(java.lang.Object)].JML accessible clause.0 
113364     DEBUG main            d.u.i.k.p.i.IntermediateProofReplayer Proof replay took 6.59ms 
113365     DEBUG main            d.u.i.k.p.r.p.TestFile    ... success: reloaded. 
113366     INFO  main            d.u.i.k.p.r.p.TestFile    Now processing file /home/runner/work/key/key/key.core/../key.ui/examples/heap/permissions/threads/AFilter_preStart_accessible.key 
113367     INFO  main            d.u.i.k.p.i.AbstractProblemLoader Loading environment from /home/runner/work/key/key/key.core/../key.ui/examples/heap/permissions/threads/AFilter_preStart_accessible.key 
113367     DEBUG main            d.u.i.k.p.i.AbstractProblemLoader Environment load took 92.3ns 
113368     INFO  main            d.u.i.k.p.i.AbstractProblemLoader Creating init config 
117797     DEBUG main            d.u.i.k.p.i.AbstractProblemLoader Init config took 4.43s 
117879     INFO  main            d.u.i.k.p.i.AbstractProblemLoader Replaying proof AFilter[ThreadSpec2::preStart(java.lang.Object)].JML accessible clause.0 
117880     DEBUG main            d.u.i.k.p.i.IntermediateProofReplayer Proof replay took 7.2ns 
118183     INFO  main            d.u.i.k.p.r.p.TestFile    ... finished proof: closed. 
118471     INFO  main            d.u.i.k.p.i.AbstractProblemLoader Loading environment from /home/runner/work/key/key/key.core/../key.ui/examples/heap/permissions/threads/AFilter_preStart_accessible.key.proof 
118472     DEBUG main            d.u.i.k.p.i.AbstractProblemLoader Environment load took 935.61ns 
118473     INFO  main            d.u.i.k.p.i.AbstractProblemLoader Creating init config 
122859     DEBUG main            d.u.i.k.p.i.AbstractProblemLoader Init config took 4.39s 
122954     INFO  main            d.u.i.k.p.i.AbstractProblemLoader Replaying proof AFilter[ThreadSpec2::preStart(java.lang.Object)].JML accessible clause.0 
122992     DEBUG main            d.u.i.k.p.i.IntermediateProofReplayer Proof replay took 35.55ms 
122993     DEBUG main            d.u.i.k.p.r.p.TestFile    ... success: reloaded. 
122995     INFO  main            d.u.i.k.p.r.p.TestFile    Now processing file /home/runner/work/key/key/key.core/../key.ui/examples/heap/permissions/threads/AFilter_startTransfer_accessible.key 
122995     INFO  main            d.u.i.k.p.i.AbstractProblemLoader Loading environment from /home/runner/work/key/key/key.core/../key.ui/examples/heap/permissions/threads/AFilter_startTransfer_accessible.key 
122995     DEBUG main            d.u.i.k.p.i.AbstractProblemLoader Environment load took 90.7ns 
122996     INFO  main            d.u.i.k.p.i.AbstractProblemLoader Creating init config 
127469     DEBUG main            d.u.i.k.p.i.AbstractProblemLoader Init config took 4.47s 
127550     INFO  main            d.u.i.k.p.i.AbstractProblemLoader Replaying proof AFilter[ThreadSpec2::startTransfer()].JML accessible clause.0 
127551     DEBUG main            d.u.i.k.p.i.IntermediateProofReplayer Proof replay took 8.1ns 
144880     INFO  main            d.u.i.k.p.r.p.TestFile    ... finished proof: closed. 
145197     INFO  main            d.u.i.k.p.i.AbstractProblemLoader Loading environment from /home/runner/work/key/key/key.core/../key.ui/examples/heap/permissions/threads/AFilter_startTransfer_accessible.key.proof 
145197     DEBUG main            d.u.i.k.p.i.AbstractProblemLoader Environment load took 411.9ns 
145199     INFO  main            d.u.i.k.p.i.AbstractProblemLoader Creating init config 
149588     DEBUG main            d.u.i.k.p.i.AbstractProblemLoader Init config took 4.39s 
149670     INFO  main            d.u.i.k.p.i.AbstractProblemLoader Replaying proof AFilter[ThreadSpec2::startTransfer()].JML accessible clause.0 
150921     DEBUG main            d.u.i.k.p.i.IntermediateProofReplayer Proof replay took 1.19s 
150922     DEBUG main            d.u.i.k.p.r.p.TestFile    ... success: reloaded. 
150924     INFO  main            d.u.i.k.p.r.p.TestFile    Now processing file /home/runner/work/key/key/key.core/../key.ui/examples/heap/permissions/threads/AFilter_startTransfer_contract.key 
150924     INFO  main            d.u.i.k.p.i.AbstractProblemLoader Loading environment from /home/runner/work/key/key/key.core/../key.ui/examples/heap/permissions/threads/AFilter_startTransfer_contract.key 
150924     DEBUG main            d.u.i.k.p.i.AbstractProblemLoader Environment load took 68.2ns 
150925     INFO  main            d.u.i.k.p.i.AbstractProblemLoader Creating init config 
155491     DEBUG main            d.u.i.k.p.i.AbstractProblemLoader Init config took 4.57s 
155576     INFO  main            d.u.i.k.p.i.AbstractProblemLoader Replaying proof AFilter[ThreadSpec2::startTransfer()].JML model_behavior operation contract.0 
155578     DEBUG main            d.u.i.k.p.i.IntermediateProofReplayer Proof replay took 8ns 
156083     INFO  main            d.u.i.k.p.r.p.TestFile    ... finished proof: closed. 
156352     INFO  main            d.u.i.k.p.i.AbstractProblemLoader Loading environment from /home/runner/work/key/key/key.core/../key.ui/examples/heap/permissions/threads/AFilter_startTransfer_contract.key.proof 
156353     DEBUG main            d.u.i.k.p.i.AbstractProblemLoader Environment load took 1ms 
156355     INFO  main            d.u.i.k.p.i.AbstractProblemLoader Creating init config 
160791     DEBUG main            d.u.i.k.p.i.AbstractProblemLoader Init config took 4.44s 
160874     INFO  main            d.u.i.k.p.i.AbstractProblemLoader Replaying proof AFilter[ThreadSpec2::startTransfer()].JML model_behavior operation contract.0 
160927     DEBUG main            d.u.i.k.p.i.IntermediateProofReplayer Proof replay took 49.17ms 
160930     DEBUG main            d.u.i.k.p.r.p.TestFile    ... success: reloaded. 
160932     INFO  main            d.u.i.k.p.r.p.TestFile    Now processing file /home/runner/work/key/key/key.core/../key.ui/examples/heap/permissions/threads/AFilter_stateInv_accessible.key 
160932     INFO  main            d.u.i.k.p.i.AbstractProblemLoader Loading environment from /home/runner/work/key/key/key.core/../key.ui/examples/heap/permissions/threads/AFilter_stateInv_accessible.key 
160932     DEBUG main            d.u.i.k.p.i.AbstractProblemLoader Environment load took 207.7ns 
160933     INFO  main            d.u.i.k.p.i.AbstractProblemLoader Creating init config 
165413     DEBUG main            d.u.i.k.p.i.AbstractProblemLoader Init config took 4.48s 
165494     INFO  main            d.u.i.k.p.i.AbstractProblemLoader Replaying proof AFilter[ThreadSpec2::stateInv()].JML accessible clause.0 
165496     DEBUG main            d.u.i.k.p.i.IntermediateProofReplayer Proof replay took 7.3ns 
165799     INFO  main            d.u.i.k.p.r.p.TestFile    ... finished proof: closed. 
166095     INFO  main            d.u.i.k.p.i.AbstractProblemLoader Loading environment from /home/runner/work/key/key/key.core/../key.ui/examples/heap/permissions/threads/AFilter_stateInv_accessible.key.proof 
166095     DEBUG main            d.u.i.k.p.i.AbstractProblemLoader Environment load took 136.8ns 
166096     INFO  main            d.u.i.k.p.i.AbstractProblemLoader Creating init config 
170505     DEBUG main            d.u.i.k.p.i.AbstractProblemLoader Init config took 4.41s 
170586     INFO  main            d.u.i.k.p.i.AbstractProblemLoader Replaying proof AFilter[ThreadSpec2::stateInv()].JML accessible clause.0 
170627     DEBUG main            d.u.i.k.p.i.IntermediateProofReplayer Proof replay took 38.35ms 
170628     DEBUG main            d.u.i.k.p.r.p.TestFile    ... success: reloaded. 
170629     INFO  main            d.u.i.k.p.r.p.TestFile    Now processing file /home/runner/work/key/key/key.core/../key.ui/examples/heap/permissions/threads/AFilter_staticPermissions_accessible.key 
170630     INFO  main            d.u.i.k.p.i.AbstractProblemLoader Loading environment from /home/runner/work/key/key/key.core/../key.ui/examples/heap/permissions/threads/AFilter_staticPermissions_accessible.key 
170630     DEBUG main            d.u.i.k.p.i.AbstractProblemLoader Environment load took 119.4ns 
170631     INFO  main            d.u.i.k.p.i.AbstractProblemLoader Creating init config 
175074     DEBUG main            d.u.i.k.p.i.AbstractProblemLoader Init config took 4.44s 
175154     INFO  main            d.u.i.k.p.i.AbstractProblemLoader Replaying proof AFilter[ThreadSpec2::staticPermissions()].JML accessible clause.0 
175155     DEBUG main            d.u.i.k.p.i.IntermediateProofReplayer Proof replay took 9.6ns 
175257     INFO  main            d.u.i.k.p.r.p.TestFile    ... finished proof: closed. 
175644     INFO  main            d.u.i.k.p.i.AbstractProblemLoader Loading environment from /home/runner/work/key/key/key.core/../key.ui/examples/heap/permissions/threads/AFilter_staticPermissions_accessible.key.proof 
175644     DEBUG main            d.u.i.k.p.i.AbstractProblemLoader Environment load took 186.6ns 
175645     INFO  main            d.u.i.k.p.i.AbstractProblemLoader Creating init config 
180017     DEBUG main            d.u.i.k.p.i.AbstractProblemLoader Init config took 4.37s 
180096     INFO  main            d.u.i.k.p.i.AbstractProblemLoader Replaying proof AFilter[ThreadSpec2::staticPermissions()].JML accessible clause.0 
180108     DEBUG main            d.u.i.k.p.i.IntermediateProofReplayer Proof replay took 9.7ms 
180109     DEBUG main            d.u.i.k.p.r.p.TestFile    ... success: reloaded. 
180110     INFO  main            d.u.i.k.p.r.p.TestFile    Now processing file /home/runner/work/key/key/key.core/../key.ui/examples/heap/permissions/threads/AFilter_workingPermissions_accessible.key 
180110     INFO  main            d.u.i.k.p.i.AbstractProblemLoader Loading environment from /home/runner/work/key/key/key.core/../key.ui/examples/heap/permissions/threads/AFilter_workingPermissions_accessible.key 
180110     DEBUG main            d.u.i.k.p.i.AbstractProblemLoader Environment load took 125.1ns 
180111     INFO  main            d.u.i.k.p.i.AbstractProblemLoader Creating init config 
184563     DEBUG main            d.u.i.k.p.i.AbstractProblemLoader Init config took 4.45s 
184642     INFO  main            d.u.i.k.p.i.AbstractProblemLoader Replaying proof AFilter[ThreadSpec2::workingPermissions()].JML accessible clause.0 
184644     DEBUG main            d.u.i.k.p.i.IntermediateProofReplayer Proof replay took 7.4ns 
184746     INFO  main            d.u.i.k.p.r.p.TestFile    ... finished proof: closed. 
185045     INFO  main            d.u.i.k.p.i.AbstractProblemLoader Loading environment from /home/runner/work/key/key/key.core/../key.ui/examples/heap/permissions/threads/AFilter_workingPermissions_accessible.key.proof 
185045     DEBUG main            d.u.i.k.p.i.AbstractProblemLoader Environment load took 136.2ns 
185046     INFO  main            d.u.i.k.p.i.AbstractProblemLoader Creating init config 
189410     DEBUG main            d.u.i.k.p.i.AbstractProblemLoader Init config took 4.36s 
189504     INFO  main            d.u.i.k.p.i.AbstractProblemLoader Replaying proof AFilter[ThreadSpec2::workingPermissions()].JML accessible clause.0 
189513     DEBUG main            d.u.i.k.p.i.IntermediateProofReplayer Proof replay took 7.58ms 
189514     DEBUG main            d.u.i.k.p.r.p.TestFile    ... success: reloaded. 
189515     INFO  main            d.u.i.k.p.r.p.TestFile    Now processing file /home/runner/work/key/key/key.core/../key.ui/examples/heap/permissions/threads/BFilter_BFilter.key 
189515     INFO  main            d.u.i.k.p.i.AbstractProblemLoader Loading environment from /home/runner/work/key/key/key.core/../key.ui/examples/heap/permissions/threads/BFilter_BFilter.key 
189515     DEBUG main            d.u.i.k.p.i.AbstractProblemLoader Environment load took 99.5ns 
189516     INFO  main            d.u.i.k.p.i.AbstractProblemLoader Creating init config 
193968     DEBUG main            d.u.i.k.p.i.AbstractProblemLoader Init config took 4.45s 
194049     INFO  main            d.u.i.k.p.i.AbstractProblemLoader Replaying proof BFilter[BFilter::BFilter(Sampler,Buffer)].JML normal_behavior operation contract.0 
194051     DEBUG main            d.u.i.k.p.i.IntermediateProofReplayer Proof replay took 10ns 
195056     INFO  main            d.u.i.k.p.r.p.TestFile    ... finished proof: closed. 
195391     INFO  main            d.u.i.k.p.i.AbstractProblemLoader Loading environment from /home/runner/work/key/key/key.core/../key.ui/examples/heap/permissions/threads/BFilter_BFilter.key.proof 
195391     DEBUG main            d.u.i.k.p.i.AbstractProblemLoader Environment load took 203.3ns 
195392     INFO  main            d.u.i.k.p.i.AbstractProblemLoader Creating init config 
199806     DEBUG main            d.u.i.k.p.i.AbstractProblemLoader Init config took 4.41s 
199887     INFO  main            d.u.i.k.p.i.AbstractProblemLoader Replaying proof BFilter[BFilter::BFilter(Sampler,Buffer)].JML normal_behavior operation contract.0 
200030     DEBUG main            d.u.i.k.p.i.IntermediateProofReplayer Proof replay took 139.99ms 
200031     DEBUG main            d.u.i.k.p.r.p.TestFile    ... success: reloaded. 
200032     INFO  main            d.u.i.k.p.r.p.TestFile    Now processing file /home/runner/work/key/key/key.core/../key.ui/examples/heap/permissions/threads/BFilter_initPost_accessible.key 
200033     INFO  main            d.u.i.k.p.i.AbstractProblemLoader Loading environment from /home/runner/work/key/key/key.core/../key.ui/examples/heap/permissions/threads/BFilter_initPost_accessible.key 
200033     DEBUG main            d.u.i.k.p.i.AbstractProblemLoader Environment load took 104.5ns 
200034     INFO  main            d.u.i.k.p.i.AbstractProblemLoader Creating init config 
204500     DEBUG main            d.u.i.k.p.i.AbstractProblemLoader Init config took 4.47s 
204579     INFO  main            d.u.i.k.p.i.AbstractProblemLoader Replaying proof BFilter[ThreadSpec2::initPost()].JML accessible clause.0 
204581     DEBUG main            d.u.i.k.p.i.IntermediateProofReplayer Proof replay took 8.2ns 
204683     INFO  main            d.u.i.k.p.r.p.TestFile    ... finished proof: closed. 
204997     INFO  main            d.u.i.k.p.i.AbstractProblemLoader Loading environment from /home/runner/work/key/key/key.core/../key.ui/examples/heap/permissions/threads/BFilter_initPost_accessible.key.proof 
204997     DEBUG main            d.u.i.k.p.i.AbstractProblemLoader Environment load took 150.1ns 
204998     INFO  main            d.u.i.k.p.i.AbstractProblemLoader Creating init config 
209378     DEBUG main            d.u.i.k.p.i.AbstractProblemLoader Init config took 4.38s 
209459     INFO  main            d.u.i.k.p.i.AbstractProblemLoader Replaying proof BFilter[ThreadSpec2::initPost()].JML accessible clause.0 
209471     DEBUG main            d.u.i.k.p.i.IntermediateProofReplayer Proof replay took 10.3ms 
209472     DEBUG main            d.u.i.k.p.r.p.TestFile    ... success: reloaded. 
209473     INFO  main            d.u.i.k.p.r.p.TestFile    Now processing file /home/runner/work/key/key/key.core/../key.ui/examples/heap/permissions/threads/BFilter_inv_accessible1.key 
209473     INFO  main            d.u.i.k.p.i.AbstractProblemLoader Loading environment from /home/runner/work/key/key/key.core/../key.ui/examples/heap/permissions/threads/BFilter_inv_accessible1.key 
209473     DEBUG main            d.u.i.k.p.i.AbstractProblemLoader Environment load took 91.8ns 
209476     INFO  main            d.u.i.k.p.i.AbstractProblemLoader Creating init config 
213876     DEBUG main            d.u.i.k.p.i.AbstractProblemLoader Init config took 4.4s 
213975     INFO  main            d.u.i.k.p.i.AbstractProblemLoader Replaying proof BFilter[java.lang.Object::<inv>()].JML accessible clause.0 
213976     DEBUG main            d.u.i.k.p.i.IntermediateProofReplayer Proof replay took 7.8ns 
214078     INFO  main            d.u.i.k.p.r.p.TestFile    ... finished proof: closed. 
214396     INFO  main            d.u.i.k.p.i.AbstractProblemLoader Loading environment from /home/runner/work/key/key/key.core/../key.ui/examples/heap/permissions/threads/BFilter_inv_accessible1.key.proof 
214396     DEBUG main            d.u.i.k.p.i.AbstractProblemLoader Environment load took 127.1ns 
214397     INFO  main            d.u.i.k.p.i.AbstractProblemLoader Creating init config 
218744     DEBUG main            d.u.i.k.p.i.AbstractProblemLoader Init config took 4.35s 
218840     INFO  main            d.u.i.k.p.i.AbstractProblemLoader Replaying proof BFilter[java.lang.Object::<inv>()].JML accessible clause.0 
218843     DEBUG main            d.u.i.k.p.i.IntermediateProofReplayer Proof replay took 1.88ms 
218846     DEBUG main            d.u.i.k.p.r.p.TestFile    ... success: reloaded. 
218848     INFO  main            d.u.i.k.p.r.p.TestFile    Now processing file /home/runner/work/key/key/key.core/../key.ui/examples/heap/permissions/threads/BFilter_inv_accessible2.key 
218848     INFO  main            d.u.i.k.p.i.AbstractProblemLoader Loading environment from /home/runner/work/key/key/key.core/../key.ui/examples/heap/permissions/threads/BFilter_inv_accessible2.key 
218848     DEBUG main            d.u.i.k.p.i.AbstractProblemLoader Environment load took 103ns 
218849     INFO  main            d.u.i.k.p.i.AbstractProblemLoader Creating init config 
223281     DEBUG main            d.u.i.k.p.i.AbstractProblemLoader Init config took 4.43s 
223361     INFO  main            d.u.i.k.p.i.AbstractProblemLoader Replaying proof BFilter[java.lang.Object::<inv>()].JML accessible clause.1 
223363     DEBUG main            d.u.i.k.p.i.IntermediateProofReplayer Proof replay took 8.2ns 
223467     INFO  main            d.u.i.k.p.r.p.TestFile    ... finished proof: closed. 
223799     INFO  main            d.u.i.k.p.i.AbstractProblemLoader Loading environment from /home/runner/work/key/key/key.core/../key.ui/examples/heap/permissions/threads/BFilter_inv_accessible2.key.proof 
223799     DEBUG main            d.u.i.k.p.i.AbstractProblemLoader Environment load took 124.9ns 
223800     INFO  main            d.u.i.k.p.i.AbstractProblemLoader Creating init config 
228158     DEBUG main            d.u.i.k.p.i.AbstractProblemLoader Init config took 4.36s 
228237     INFO  main            d.u.i.k.p.i.AbstractProblemLoader Replaying proof BFilter[java.lang.Object::<inv>()].JML accessible clause.1 
228240     DEBUG main            d.u.i.k.p.i.IntermediateProofReplayer Proof replay took 1.76ms 
228241     DEBUG main            d.u.i.k.p.r.p.TestFile    ... success: reloaded. 
228242     INFO  main            d.u.i.k.p.r.p.TestFile    Now processing file /home/runner/work/key/key/key.core/../key.ui/examples/heap/permissions/threads/BFilter_joinTransfer_accessible.key 
228242     INFO  main            d.u.i.k.p.i.AbstractProblemLoader Loading environment from /home/runner/work/key/key/key.core/../key.ui/examples/heap/permissions/threads/BFilter_joinTransfer_accessible.key 
228242     DEBUG main            d.u.i.k.p.i.AbstractProblemLoader Environment load took 97.7ns 
228243     INFO  main            d.u.i.k.p.i.AbstractProblemLoader Creating init config 
232714     DEBUG main            d.u.i.k.p.i.AbstractProblemLoader Init config took 4.47s 
232794     INFO  main            d.u.i.k.p.i.AbstractProblemLoader Replaying proof BFilter[ThreadSpec2::joinTransfer()].JML accessible clause.0 
232796     DEBUG main            d.u.i.k.p.i.IntermediateProofReplayer Proof replay took 6.5ns 
236606     INFO  main            d.u.i.k.p.r.p.TestFile    ... finished proof: closed. 
236948     INFO  main            d.u.i.k.p.i.AbstractProblemLoader Loading environment from /home/runner/work/key/key/key.core/../key.ui/examples/heap/permissions/threads/BFilter_joinTransfer_accessible.key.proof 
236951     DEBUG main            d.u.i.k.p.i.AbstractProblemLoader Environment load took 2.71ms 
236952     INFO  main            d.u.i.k.p.i.AbstractProblemLoader Creating init config 
241341     DEBUG main            d.u.i.k.p.i.AbstractProblemLoader Init config took 4.39s 
241421     INFO  main            d.u.i.k.p.i.AbstractProblemLoader Replaying proof BFilter[ThreadSpec2::joinTransfer()].JML accessible clause.0 
241707     DEBUG main            d.u.i.k.p.i.IntermediateProofReplayer Proof replay took 279.74ms 
241708     DEBUG main            d.u.i.k.p.r.p.TestFile    ... success: reloaded. 
241709     INFO  main            d.u.i.k.p.r.p.TestFile    Now processing file /home/runner/work/key/key/key.core/../key.ui/examples/heap/permissions/threads/BFilter_joinTransfer_contract.key 
241709     INFO  main            d.u.i.k.p.i.AbstractProblemLoader Loading environment from /home/runner/work/key/key/key.core/../key.ui/examples/heap/permissions/threads/BFilter_joinTransfer_contract.key 
241709     DEBUG main            d.u.i.k.p.i.AbstractProblemLoader Environment load took 61.2ns 
241710     INFO  main            d.u.i.k.p.i.AbstractProblemLoader Creating init config 
246146     DEBUG main            d.u.i.k.p.i.AbstractProblemLoader Init config took 4.44s 
246227     INFO  main            d.u.i.k.p.i.AbstractProblemLoader Replaying proof BFilter[ThreadSpec2::joinTransfer()].JML model_behavior operation contract.0 
246228     DEBUG main            d.u.i.k.p.i.IntermediateProofReplayer Proof replay took 8.2ns 
246331     INFO  main            d.u.i.k.p.r.p.TestFile    ... finished proof: closed. 
246837     INFO  main            d.u.i.k.p.i.AbstractProblemLoader Loading environment from /home/runner/work/key/key/key.core/../key.ui/examples/heap/permissions/threads/BFilter_joinTransfer_contract.key.proof 
246837     DEBUG main            d.u.i.k.p.i.AbstractProblemLoader Environment load took 121.7ns 
246839     INFO  main            d.u.i.k.p.i.AbstractProblemLoader Creating init config 
251254     DEBUG main            d.u.i.k.p.i.AbstractProblemLoader Init config took 4.41s 
251336     INFO  main            d.u.i.k.p.i.AbstractProblemLoader Replaying proof BFilter[ThreadSpec2::joinTransfer()].JML model_behavior operation contract.0 
251345     DEBUG main            d.u.i.k.p.i.IntermediateProofReplayer Proof replay took 7.07ms 
251346     DEBUG main            d.u.i.k.p.r.p.TestFile    ... success: reloaded. 
251347     INFO  main            d.u.i.k.p.r.p.TestFile    Now processing file /home/runner/work/key/key/key.core/../key.ui/examples/heap/permissions/threads/BFilter_postJoin_accessible.key 
251347     INFO  main            d.u.i.k.p.i.AbstractProblemLoader Loading environment from /home/runner/work/key/key/key.core/../key.ui/examples/heap/permissions/threads/BFilter_postJoin_accessible.key 
251348     DEBUG main            d.u.i.k.p.i.AbstractProblemLoader Environment load took 174.4ns 
251349     INFO  main            d.u.i.k.p.i.AbstractProblemLoader Creating init config 
255760     DEBUG main            d.u.i.k.p.i.AbstractProblemLoader Init config took 4.41s 
255838     INFO  main            d.u.i.k.p.i.AbstractProblemLoader Replaying proof BFilter[ThreadSpec2::postJoin(java.lang.Object)].JML accessible clause.0 
255840     DEBUG main            d.u.i.k.p.i.IntermediateProofReplayer Proof replay took 6.2ns 
255944     INFO  main            d.u.i.k.p.r.p.TestFile    ... finished proof: closed. 
256340     INFO  main            d.u.i.k.p.i.AbstractProblemLoader Loading environment from /home/runner/work/key/key/key.core/../key.ui/examples/heap/permissions/threads/BFilter_postJoin_accessible.key.proof 
256340     DEBUG main            d.u.i.k.p.i.AbstractProblemLoader Environment load took 111.3ns 
256341     INFO  main            d.u.i.k.p.i.AbstractProblemLoader Creating init config 
260674     DEBUG main            d.u.i.k.p.i.AbstractProblemLoader Init config took 4.33s 
260753     INFO  main            d.u.i.k.p.i.AbstractProblemLoader Replaying proof BFilter[ThreadSpec2::postJoin(java.lang.Object)].JML accessible clause.0 
260760     DEBUG main            d.u.i.k.p.i.IntermediateProofReplayer Proof replay took 5.92ms 
260761     DEBUG main            d.u.i.k.p.r.p.TestFile    ... success: reloaded. 
260762     INFO  main            d.u.i.k.p.r.p.TestFile    Now processing file /home/runner/work/key/key/key.core/../key.ui/examples/heap/permissions/threads/BFilter_preStart_accessible.key 
260763     INFO  main            d.u.i.k.p.i.AbstractProblemLoader Loading environment from /home/runner/work/key/key/key.core/../key.ui/examples/heap/permissions/threads/BFilter_preStart_accessible.key 
260763     DEBUG main            d.u.i.k.p.i.AbstractProblemLoader Environment load took 94.9ns 
260764     INFO  main            d.u.i.k.p.i.AbstractProblemLoader Creating init config 
265214     DEBUG main            d.u.i.k.p.i.AbstractProblemLoader Init config took 4.45s 
265293     INFO  main            d.u.i.k.p.i.AbstractProblemLoader Replaying proof BFilter[ThreadSpec2::preStart(java.lang.Object)].JML accessible clause.0 
265295     DEBUG main            d.u.i.k.p.i.IntermediateProofReplayer Proof replay took 7ns 
265597     INFO  main            d.u.i.k.p.r.p.TestFile    ... finished proof: closed. 
265958     INFO  main            d.u.i.k.p.i.AbstractProblemLoader Loading environment from /home/runner/work/key/key/key.core/../key.ui/examples/heap/permissions/threads/BFilter_preStart_accessible.key.proof 
265958     DEBUG main            d.u.i.k.p.i.AbstractProblemLoader Environment load took 119.1ns 
265959     INFO  main            d.u.i.k.p.i.AbstractProblemLoader Creating init config 
270301     DEBUG main            d.u.i.k.p.i.AbstractProblemLoader Init config took 4.34s 
270398     INFO  main            d.u.i.k.p.i.AbstractProblemLoader Replaying proof BFilter[ThreadSpec2::preStart(java.lang.Object)].JML accessible clause.0 
270434     DEBUG main            d.u.i.k.p.i.IntermediateProofReplayer Proof replay took 32.52ms 
270436     DEBUG main            d.u.i.k.p.r.p.TestFile    ... success: reloaded. 
270437     INFO  main            d.u.i.k.p.r.p.TestFile    Now processing file /home/runner/work/key/key/key.core/../key.ui/examples/heap/permissions/threads/BFilter_startTransfer_accessible.key 
270437     INFO  main            d.u.i.k.p.i.AbstractProblemLoader Loading environment from /home/runner/work/key/key/key.core/../key.ui/examples/heap/permissions/threads/BFilter_startTransfer_accessible.key 
270437     DEBUG main            d.u.i.k.p.i.AbstractProblemLoader Environment load took 109.2ns 
270438     INFO  main            d.u.i.k.p.i.AbstractProblemLoader Creating init config 
274854     DEBUG main            d.u.i.k.p.i.AbstractProblemLoader Init config took 4.42s 
274932     INFO  main            d.u.i.k.p.i.AbstractProblemLoader Replaying proof BFilter[ThreadSpec2::startTransfer()].JML accessible clause.0 
274933     DEBUG main            d.u.i.k.p.i.IntermediateProofReplayer Proof replay took 7.4ns 
291997     INFO  main            d.u.i.k.p.r.p.TestFile    ... finished proof: closed. 
292402     INFO  main            d.u.i.k.p.i.AbstractProblemLoader Loading environment from /home/runner/work/key/key/key.core/../key.ui/examples/heap/permissions/threads/BFilter_startTransfer_accessible.key.proof 
292402     DEBUG main            d.u.i.k.p.i.AbstractProblemLoader Environment load took 116.1ns 
292404     INFO  main            d.u.i.k.p.i.AbstractProblemLoader Creating init config 
296753     DEBUG main            d.u.i.k.p.i.AbstractProblemLoader Init config took 4.35s 
296833     INFO  main            d.u.i.k.p.i.AbstractProblemLoader Replaying proof BFilter[ThreadSpec2::startTransfer()].JML accessible clause.0 
298039     DEBUG main            d.u.i.k.p.i.IntermediateProofReplayer Proof replay took 1.19s 
298042     DEBUG main            d.u.i.k.p.r.p.TestFile    ... success: reloaded. 
298043     INFO  main            d.u.i.k.p.r.p.TestFile    Now processing file /home/runner/work/key/key/key.core/../key.ui/examples/heap/permissions/threads/BFilter_startTransfer_contract.key 
298043     INFO  main            d.u.i.k.p.i.AbstractProblemLoader Loading environment from /home/runner/work/key/key/key.core/../key.ui/examples/heap/permissions/threads/BFilter_startTransfer_contract.key 
298043     DEBUG main            d.u.i.k.p.i.AbstractProblemLoader Environment load took 61.3ns 
298044     INFO  main            d.u.i.k.p.i.AbstractProblemLoader Creating init config 
302534     DEBUG main            d.u.i.k.p.i.AbstractProblemLoader Init config took 4.49s 
302613     INFO  main            d.u.i.k.p.i.AbstractProblemLoader Replaying proof BFilter[ThreadSpec2::startTransfer()].JML model_behavior operation contract.0 
302614     DEBUG main            d.u.i.k.p.i.IntermediateProofReplayer Proof replay took 7.9ns 
303721     INFO  main            d.u.i.k.p.r.p.TestFile    ... finished proof: closed. 
304076     INFO  main            d.u.i.k.p.i.AbstractProblemLoader Loading environment from /home/runner/work/key/key/key.core/../key.ui/examples/heap/permissions/threads/BFilter_startTransfer_contract.key.proof 
304077     DEBUG main            d.u.i.k.p.i.AbstractProblemLoader Environment load took 693.01ns 
304078     INFO  main            d.u.i.k.p.i.AbstractProblemLoader Creating init config 
308437     DEBUG main            d.u.i.k.p.i.AbstractProblemLoader Init config took 4.36s 
308515     INFO  main            d.u.i.k.p.i.AbstractProblemLoader Replaying proof BFilter[ThreadSpec2::startTransfer()].JML model_behavior operation contract.0 
308608     DEBUG main            d.u.i.k.p.i.IntermediateProofReplayer Proof replay took 87.89ms 
308610     DEBUG main            d.u.i.k.p.r.p.TestFile    ... success: reloaded. 
308611     INFO  main            d.u.i.k.p.r.p.TestFile    Now processing file /home/runner/work/key/key/key.core/../key.ui/examples/heap/permissions/threads/BFilter_stateInv_accessible.key 
308611     INFO  main            d.u.i.k.p.i.AbstractProblemLoader Loading environment from /home/runner/work/key/key/key.core/../key.ui/examples/heap/permissions/threads/BFilter_stateInv_accessible.key 
308611     DEBUG main            d.u.i.k.p.i.AbstractProblemLoader Environment load took 85.8ns 
308612     INFO  main            d.u.i.k.p.i.AbstractProblemLoader Creating init config 
313054     DEBUG main            d.u.i.k.p.i.AbstractProblemLoader Init config took 4.44s 
313136     INFO  main            d.u.i.k.p.i.AbstractProblemLoader Replaying proof BFilter[ThreadSpec2::stateInv()].JML accessible clause.0 
313138     DEBUG main            d.u.i.k.p.i.IntermediateProofReplayer Proof replay took 6.2ns 
313440     INFO  main            d.u.i.k.p.r.p.TestFile    ... finished proof: closed. 
313823     INFO  main            d.u.i.k.p.i.AbstractProblemLoader Loading environment from /home/runner/work/key/key/key.core/../key.ui/examples/heap/permissions/threads/BFilter_stateInv_accessible.key.proof 
313823     DEBUG main            d.u.i.k.p.i.AbstractProblemLoader Environment load took 112.7ns 
313824     INFO  main            d.u.i.k.p.i.AbstractProblemLoader Creating init config 
318160     DEBUG main            d.u.i.k.p.i.AbstractProblemLoader Init config took 4.34s 
318238     INFO  main            d.u.i.k.p.i.AbstractProblemLoader Replaying proof BFilter[ThreadSpec2::stateInv()].JML accessible clause.0 
318276     DEBUG main            d.u.i.k.p.i.IntermediateProofReplayer Proof replay took 35.55ms 
318277     DEBUG main            d.u.i.k.p.r.p.TestFile    ... success: reloaded. 
318278     INFO  main            d.u.i.k.p.r.p.TestFile    Now processing file /home/runner/work/key/key/key.core/../key.ui/examples/heap/permissions/threads/BFilter_staticPermissions_accessible.key 
318278     INFO  main            d.u.i.k.p.i.AbstractProblemLoader Loading environment from /home/runner/work/key/key/key.core/../key.ui/examples/heap/permissions/threads/BFilter_staticPermissions_accessible.key 
318278     DEBUG main            d.u.i.k.p.i.AbstractProblemLoader Environment load took 74.8ns 
318279     INFO  main            d.u.i.k.p.i.AbstractProblemLoader Creating init config 
322712     DEBUG main            d.u.i.k.p.i.AbstractProblemLoader Init config took 4.43s 
322792     INFO  main            d.u.i.k.p.i.AbstractProblemLoader Replaying proof BFilter[ThreadSpec2::staticPermissions()].JML accessible clause.0 
322793     DEBUG main            d.u.i.k.p.i.IntermediateProofReplayer Proof replay took 7.8ns 
322895     INFO  main            d.u.i.k.p.r.p.TestFile    ... finished proof: closed. 
323280     INFO  main            d.u.i.k.p.i.AbstractProblemLoader Loading environment from /home/runner/work/key/key/key.core/../key.ui/examples/heap/permissions/threads/BFilter_staticPermissions_accessible.key.proof 
323280     DEBUG main            d.u.i.k.p.i.AbstractProblemLoader Environment load took 113.5ns 
323281     INFO  main            d.u.i.k.p.i.AbstractProblemLoader Creating init config 
327633     DEBUG main            d.u.i.k.p.i.AbstractProblemLoader Init config took 4.35s 
327713     INFO  main            d.u.i.k.p.i.AbstractProblemLoader Replaying proof BFilter[ThreadSpec2::staticPermissions()].JML accessible clause.0 
327723     DEBUG main            d.u.i.k.p.i.IntermediateProofReplayer Proof replay took 8.18ms 
327724     DEBUG main            d.u.i.k.p.r.p.TestFile    ... success: reloaded. 
327725     INFO  main            d.u.i.k.p.r.p.TestFile    Now processing file /home/runner/work/key/key/key.core/../key.ui/examples/heap/permissions/threads/BFilter_workingPermissions_accessible.key 
327725     INFO  main            d.u.i.k.p.i.AbstractProblemLoader Loading environment from /home/runner/work/key/key/key.core/../key.ui/examples/heap/permissions/threads/BFilter_workingPermissions_accessible.key 
327725     DEBUG main            d.u.i.k.p.i.AbstractProblemLoader Environment load took 82.1ns 
327726     INFO  main            d.u.i.k.p.i.AbstractProblemLoader Creating init config 
332183     DEBUG main            d.u.i.k.p.i.AbstractProblemLoader Init config took 4.46s 
332261     INFO  main            d.u.i.k.p.i.AbstractProblemLoader Replaying proof BFilter[ThreadSpec2::workingPermissions()].JML accessible clause.0 
332263     DEBUG main            d.u.i.k.p.i.IntermediateProofReplayer Proof replay took 8.3ns 
332365     INFO  main            d.u.i.k.p.r.p.TestFile    ... finished proof: closed. 
332753     INFO  main            d.u.i.k.p.i.AbstractProblemLoader Loading environment from /home/runner/work/key/key/key.core/../key.ui/examples/heap/permissions/threads/BFilter_workingPermissions_accessible.key.proof 
332753     DEBUG main            d.u.i.k.p.i.AbstractProblemLoader Environment load took 109.6ns 
332754     INFO  main            d.u.i.k.p.i.AbstractProblemLoader Creating init config 
337111     DEBUG main            d.u.i.k.p.i.AbstractProblemLoader Init config took 4.36s 
337189     INFO  main            d.u.i.k.p.i.AbstractProblemLoader Replaying proof BFilter[ThreadSpec2::workingPermissions()].JML accessible clause.0 
337198     DEBUG main            d.u.i.k.p.i.IntermediateProofReplayer Proof replay took 7.39ms 
337199     DEBUG main            d.u.i.k.p.r.p.TestFile    ... success: reloaded. 
337200     INFO  main            d.u.i.k.p.r.p.TestFile    Now processing file /home/runner/work/key/key/key.core/../key.ui/examples/heap/permissions/threads/Fib_Fib.key 
337200     INFO  main            d.u.i.k.p.i.AbstractProblemLoader Loading environment from /home/runner/work/key/key/key.core/../key.ui/examples/heap/permissions/threads/Fib_Fib.key 
337200     DEBUG main            d.u.i.k.p.i.AbstractProblemLoader Environment load took 78.5ns 
337201     INFO  main            d.u.i.k.p.i.AbstractProblemLoader Creating init config 
341586     DEBUG main            d.u.i.k.p.i.AbstractProblemLoader Init config took 4.39s 
341665     INFO  main            d.u.i.k.p.i.AbstractProblemLoader Replaying proof Fib[Fib::Fib(int)].JML normal_behavior operation contract.0 
341667     DEBUG main            d.u.i.k.p.i.IntermediateProofReplayer Proof replay took 7.5ns 
342386     INFO  main            d.u.i.k.p.r.p.TestFile    ... finished proof: closed. 
342790     INFO  main            d.u.i.k.p.i.AbstractProblemLoader Loading environment from /home/runner/work/key/key/key.core/../key.ui/examples/heap/permissions/threads/Fib_Fib.key.proof 
342790     DEBUG main            d.u.i.k.p.i.AbstractProblemLoader Environment load took 111.1ns 
342791     INFO  main            d.u.i.k.p.i.AbstractProblemLoader Creating init config 
347105     DEBUG main            d.u.i.k.p.i.AbstractProblemLoader Init config took 4.31s 
347183     INFO  main            d.u.i.k.p.i.AbstractProblemLoader Replaying proof Fib[Fib::Fib(int)].JML normal_behavior operation contract.0 
347276     DEBUG main            d.u.i.k.p.i.IntermediateProofReplayer Proof replay took 89.5ms 
347277     DEBUG main            d.u.i.k.p.r.p.TestFile    ... success: reloaded. 
347278     INFO  main            d.u.i.k.p.r.p.TestFile    Now processing file /home/runner/work/key/key/key.core/../key.ui/examples/heap/permissions/threads/Fib_initPost_accessible.key 
347278     INFO  main            d.u.i.k.p.i.AbstractProblemLoader Loading environment from /home/runner/work/key/key/key.core/../key.ui/examples/heap/permissions/threads/Fib_initPost_accessible.key 
347278     DEBUG main            d.u.i.k.p.i.AbstractProblemLoader Environment load took 80.6ns 
347279     INFO  main            d.u.i.k.p.i.AbstractProblemLoader Creating init config 
351692     DEBUG main            d.u.i.k.p.i.AbstractProblemLoader Init config took 4.41s 
351771     INFO  main            d.u.i.k.p.i.AbstractProblemLoader Replaying proof Fib[ThreadSpec::initPost()].JML accessible clause.0 
351773     DEBUG main            d.u.i.k.p.i.IntermediateProofReplayer Proof replay took 9.3ns 
351876     INFO  main            d.u.i.k.p.r.p.TestFile    ... finished proof: closed. 
352277     INFO  main            d.u.i.k.p.i.AbstractProblemLoader Loading environment from /home/runner/work/key/key/key.core/../key.ui/examples/heap/permissions/threads/Fib_initPost_accessible.key.proof 
352277     DEBUG main            d.u.i.k.p.i.AbstractProblemLoader Environment load took 119.2ns 
352278     INFO  main            d.u.i.k.p.i.AbstractProblemLoader Creating init config 
356593     DEBUG main            d.u.i.k.p.i.AbstractProblemLoader Init config took 4.32s 
356673     INFO  main            d.u.i.k.p.i.AbstractProblemLoader Replaying proof Fib[ThreadSpec::initPost()].JML accessible clause.0 
356679     DEBUG main            d.u.i.k.p.i.IntermediateProofReplayer Proof replay took 4.89ms 
356681     DEBUG main            d.u.i.k.p.r.p.TestFile    ... success: reloaded. 
356682     INFO  main            d.u.i.k.p.r.p.TestFile    Now processing file /home/runner/work/key/key/key.core/../key.ui/examples/heap/permissions/threads/Fib_inv1_accessible.key 
356682     INFO  main            d.u.i.k.p.i.AbstractProblemLoader Loading environment from /home/runner/work/key/key/key.core/../key.ui/examples/heap/permissions/threads/Fib_inv1_accessible.key 
356683     DEBUG main            d.u.i.k.p.i.AbstractProblemLoader Environment load took 197.5ns 
356684     INFO  main            d.u.i.k.p.i.AbstractProblemLoader Creating init config 
361076     DEBUG main            d.u.i.k.p.i.AbstractProblemLoader Init config took 4.39s 
361180     INFO  main            d.u.i.k.p.i.AbstractProblemLoader Replaying proof Fib[java.lang.Object::<inv>()].JML accessible clause.0 
361182     DEBUG main            d.u.i.k.p.i.IntermediateProofReplayer Proof replay took 9.2ns 
361284     INFO  main            d.u.i.k.p.r.p.TestFile    ... finished proof: closed. 
361689     INFO  main            d.u.i.k.p.i.AbstractProblemLoader Loading environment from /home/runner/work/key/key/key.core/../key.ui/examples/heap/permissions/threads/Fib_inv1_accessible.key.proof 
361689     DEBUG main            d.u.i.k.p.i.AbstractProblemLoader Environment load took 106.1ns 
361690     INFO  main            d.u.i.k.p.i.AbstractProblemLoader Creating init config 
366025     DEBUG main            d.u.i.k.p.i.AbstractProblemLoader Init config took 4.34s 
366104     INFO  main            d.u.i.k.p.i.AbstractProblemLoader Replaying proof Fib[java.lang.Object::<inv>()].JML accessible clause.0 
366107     DEBUG main            d.u.i.k.p.i.IntermediateProofReplayer Proof replay took 1.74ms 
366108     DEBUG main            d.u.i.k.p.r.p.TestFile    ... success: reloaded. 
366109     INFO  main            d.u.i.k.p.r.p.TestFile    Now processing file /home/runner/work/key/key/key.core/../key.ui/examples/heap/permissions/threads/Fib_inv2_accessible.key 
366109     INFO  main            d.u.i.k.p.i.AbstractProblemLoader Loading environment from /home/runner/work/key/key/key.core/../key.ui/examples/heap/permissions/threads/Fib_inv2_accessible.key 
366109     DEBUG main            d.u.i.k.p.i.AbstractProblemLoader Environment load took 58.4ns 
366110     INFO  main            d.u.i.k.p.i.AbstractProblemLoader Creating init config 
370533     DEBUG main            d.u.i.k.p.i.AbstractProblemLoader Init config took 4.42s 
370612     INFO  main            d.u.i.k.p.i.AbstractProblemLoader Replaying proof Fib[java.lang.Object::<inv>()].JML accessible clause.1 
370614     DEBUG main            d.u.i.k.p.i.IntermediateProofReplayer Proof replay took 8.3ns 
370715     INFO  main            d.u.i.k.p.r.p.TestFile    ... finished proof: closed. 
371136     INFO  main            d.u.i.k.p.i.AbstractProblemLoader Loading environment from /home/runner/work/key/key/key.core/../key.ui/examples/heap/permissions/threads/Fib_inv2_accessible.key.proof 
371136     DEBUG main            d.u.i.k.p.i.AbstractProblemLoader Environment load took 101.5ns 
371137     INFO  main            d.u.i.k.p.i.AbstractProblemLoader Creating init config 
375454     DEBUG main            d.u.i.k.p.i.AbstractProblemLoader Init config took 4.32s 
375533     INFO  main            d.u.i.k.p.i.AbstractProblemLoader Replaying proof Fib[java.lang.Object::<inv>()].JML accessible clause.1 
375537     DEBUG main            d.u.i.k.p.i.IntermediateProofReplayer Proof replay took 1.64ms 
375537     DEBUG main            d.u.i.k.p.r.p.TestFile    ... success: reloaded. 
375538     INFO  main            d.u.i.k.p.r.p.TestFile    Now processing file /home/runner/work/key/key/key.core/../key.ui/examples/heap/permissions/threads/Fib_joinTransfer_accessible.key 
375539     INFO  main            d.u.i.k.p.i.AbstractProblemLoader Loading environment from /home/runner/work/key/key/key.core/../key.ui/examples/heap/permissions/threads/Fib_joinTransfer_accessible.key 
375539     DEBUG main            d.u.i.k.p.i.AbstractProblemLoader Environment load took 80ns 
375539     INFO  main            d.u.i.k.p.i.AbstractProblemLoader Creating init config 
379943     DEBUG main            d.u.i.k.p.i.AbstractProblemLoader Init config took 4.4s 
380026     INFO  main            d.u.i.k.p.i.AbstractProblemLoader Replaying proof Fib[ThreadSpec::joinTransfer()].JML accessible clause.0 
380028     DEBUG main            d.u.i.k.p.i.IntermediateProofReplayer Proof replay took 7.1ns 
380130     INFO  main            d.u.i.k.p.r.p.TestFile    ... finished proof: closed. 
380565     INFO  main            d.u.i.k.p.i.AbstractProblemLoader Loading environment from /home/runner/work/key/key/key.core/../key.ui/examples/heap/permissions/threads/Fib_joinTransfer_accessible.key.proof 
380565     DEBUG main            d.u.i.k.p.i.AbstractProblemLoader Environment load took 112.4ns 
380566     INFO  main            d.u.i.k.p.i.AbstractProblemLoader Creating init config 
384902     DEBUG main            d.u.i.k.p.i.AbstractProblemLoader Init config took 4.34s 
384979     INFO  main            d.u.i.k.p.i.AbstractProblemLoader Replaying proof Fib[ThreadSpec::joinTransfer()].JML accessible clause.0 
384998     DEBUG main            d.u.i.k.p.i.IntermediateProofReplayer Proof replay took 17.14ms 
384999     DEBUG main            d.u.i.k.p.r.p.TestFile    ... success: reloaded. 
385000     INFO  main            d.u.i.k.p.r.p.TestFile    Now processing file /home/runner/work/key/key/key.core/../key.ui/examples/heap/permissions/threads/Fib_joinTransfer_contract.key 
385000     INFO  main            d.u.i.k.p.i.AbstractProblemLoader Loading environment from /home/runner/work/key/key/key.core/../key.ui/examples/heap/permissions/threads/Fib_joinTransfer_contract.key 
385000     DEBUG main            d.u.i.k.p.i.AbstractProblemLoader Environment load took 58ns 
385001     INFO  main            d.u.i.k.p.i.AbstractProblemLoader Creating init config 
389407     DEBUG main            d.u.i.k.p.i.AbstractProblemLoader Init config took 4.41s 
389486     INFO  main            d.u.i.k.p.i.AbstractProblemLoader Replaying proof Fib[ThreadSpec::joinTransfer()].JML model_behavior operation contract.0 
389487     DEBUG main            d.u.i.k.p.i.IntermediateProofReplayer Proof replay took 7.4ns 
389589     INFO  main            d.u.i.k.p.r.p.TestFile    ... finished proof: closed. 
390034     INFO  main            d.u.i.k.p.i.AbstractProblemLoader Loading environment from /home/runner/work/key/key/key.core/../key.ui/examples/heap/permissions/threads/Fib_joinTransfer_contract.key.proof 
390035     DEBUG main            d.u.i.k.p.i.AbstractProblemLoader Environment load took 373.1ns 
390035     INFO  main            d.u.i.k.p.i.AbstractProblemLoader Creating init config 
394356     DEBUG main            d.u.i.k.p.i.AbstractProblemLoader Init config took 4.32s 
394435     INFO  main            d.u.i.k.p.i.AbstractProblemLoader Replaying proof Fib[ThreadSpec::joinTransfer()].JML model_behavior operation contract.0 
394442     DEBUG main            d.u.i.k.p.i.IntermediateProofReplayer Proof replay took 6ms 
394444     DEBUG main            d.u.i.k.p.r.p.TestFile    ... success: reloaded. 
394445     INFO  main            d.u.i.k.p.r.p.TestFile    Now processing file /home/runner/work/key/key/key.core/../key.ui/examples/heap/permissions/threads/Fib_postJoin_accessible.key 
394445     INFO  main            d.u.i.k.p.i.AbstractProblemLoader Loading environment from /home/runner/work/key/key/key.core/../key.ui/examples/heap/permissions/threads/Fib_postJoin_accessible.key 
394445     DEBUG main            d.u.i.k.p.i.AbstractProblemLoader Environment load took 159.1ns 
394446     INFO  main            d.u.i.k.p.i.AbstractProblemLoader Creating init config 
398857     DEBUG main            d.u.i.k.p.i.AbstractProblemLoader Init config took 4.41s 
398935     INFO  main            d.u.i.k.p.i.AbstractProblemLoader Replaying proof Fib[ThreadSpec::postJoin(java.lang.Object)].JML accessible clause.0 
398936     DEBUG main            d.u.i.k.p.i.IntermediateProofReplayer Proof replay took 7.3ns 
399038     INFO  main            d.u.i.k.p.r.p.TestFile    ... finished proof: closed. 
399488     INFO  main            d.u.i.k.p.i.AbstractProblemLoader Loading environment from /home/runner/work/key/key/key.core/../key.ui/examples/heap/permissions/threads/Fib_postJoin_accessible.key.proof 
399489     DEBUG main            d.u.i.k.p.i.AbstractProblemLoader Environment load took 106.5ns 
399489     INFO  main            d.u.i.k.p.i.AbstractProblemLoader Creating init config 
403807     DEBUG main            d.u.i.k.p.i.AbstractProblemLoader Init config took 4.32s 
403885     INFO  main            d.u.i.k.p.i.AbstractProblemLoader Replaying proof Fib[ThreadSpec::postJoin(java.lang.Object)].JML accessible clause.0 
403891     DEBUG main            d.u.i.k.p.i.IntermediateProofReplayer Proof replay took 4.52ms 
403892     DEBUG main            d.u.i.k.p.r.p.TestFile    ... success: reloaded. 
403893     INFO  main            d.u.i.k.p.r.p.TestFile    Now processing file /home/runner/work/key/key/key.core/../key.ui/examples/heap/permissions/threads/Fib_preStart_accessible.key 
403893     INFO  main            d.u.i.k.p.i.AbstractProblemLoader Loading environment from /home/runner/work/key/key/key.core/../key.ui/examples/heap/permissions/threads/Fib_preStart_accessible.key 
403893     DEBUG main            d.u.i.k.p.i.AbstractProblemLoader Environment load took 81.7ns 
403894     INFO  main            d.u.i.k.p.i.AbstractProblemLoader Creating init config 
408304     DEBUG main            d.u.i.k.p.i.AbstractProblemLoader Init config took 4.41s 
408397     INFO  main            d.u.i.k.p.i.AbstractProblemLoader Replaying proof Fib[ThreadSpec::preStart(java.lang.Object)].JML accessible clause.0 
408399     DEBUG main            d.u.i.k.p.i.IntermediateProofReplayer Proof replay took 8ns 
408500     INFO  main            d.u.i.k.p.r.p.TestFile    ... finished proof: closed. 
408942     INFO  main            d.u.i.k.p.i.AbstractProblemLoader Loading environment from /home/runner/work/key/key/key.core/../key.ui/examples/heap/permissions/threads/Fib_preStart_accessible.key.proof 
408943     DEBUG main            d.u.i.k.p.i.AbstractProblemLoader Environment load took 106.9ns 
408944     INFO  main            d.u.i.k.p.i.AbstractProblemLoader Creating init config 
413259     DEBUG main            d.u.i.k.p.i.AbstractProblemLoader Init config took 4.31s 
413350     INFO  main            d.u.i.k.p.i.AbstractProblemLoader Replaying proof Fib[ThreadSpec::preStart(java.lang.Object)].JML accessible clause.0 
413356     DEBUG main            d.u.i.k.p.i.IntermediateProofReplayer Proof replay took 4.67ms 
413357     DEBUG main            d.u.i.k.p.r.p.TestFile    ... success: reloaded. 
413358     INFO  main            d.u.i.k.p.r.p.TestFile    Now processing file /home/runner/work/key/key/key.core/../key.ui/examples/heap/permissions/threads/Fib_startTransfer_accessible.key 
413358     INFO  main            d.u.i.k.p.i.AbstractProblemLoader Loading environment from /home/runner/work/key/key/key.core/../key.ui/examples/heap/permissions/threads/Fib_startTransfer_accessible.key 
413358     DEBUG main            d.u.i.k.p.i.AbstractProblemLoader Environment load took 95.5ns 
413359     INFO  main            d.u.i.k.p.i.AbstractProblemLoader Creating init config 
417757     DEBUG main            d.u.i.k.p.i.AbstractProblemLoader Init config took 4.4s 
417834     INFO  main            d.u.i.k.p.i.AbstractProblemLoader Replaying proof Fib[ThreadSpec::startTransfer()].JML accessible clause.0 
417836     DEBUG main            d.u.i.k.p.i.IntermediateProofReplayer Proof replay took 7.6ns 
417937     INFO  main            d.u.i.k.p.r.p.TestFile    ... finished proof: closed. 
418399     INFO  main            d.u.i.k.p.i.AbstractProblemLoader Loading environment from /home/runner/work/key/key/key.core/../key.ui/examples/heap/permissions/threads/Fib_startTransfer_accessible.key.proof 
418399     DEBUG main            d.u.i.k.p.i.AbstractProblemLoader Environment load took 109.1ns 
418400     INFO  main            d.u.i.k.p.i.AbstractProblemLoader Creating init config 
422717     DEBUG main            d.u.i.k.p.i.AbstractProblemLoader Init config took 4.32s 
422809     INFO  main            d.u.i.k.p.i.AbstractProblemLoader Replaying proof Fib[ThreadSpec::startTransfer()].JML accessible clause.0 
422828     DEBUG main            d.u.i.k.p.i.IntermediateProofReplayer Proof replay took 16.62ms 
422829     DEBUG main            d.u.i.k.p.r.p.TestFile    ... success: reloaded. 
422830     INFO  main            d.u.i.k.p.r.p.TestFile    Now processing file /home/runner/work/key/key/key.core/../key.ui/examples/heap/permissions/threads/Fib_startTransfer_contract.key 
422831     INFO  main            d.u.i.k.p.i.AbstractProblemLoader Loading environment from /home/runner/work/key/key/key.core/../key.ui/examples/heap/permissions/threads/Fib_startTransfer_contract.key 
422831     DEBUG main            d.u.i.k.p.i.AbstractProblemLoader Environment load took 171.2ns 
422832     INFO  main            d.u.i.k.p.i.AbstractProblemLoader Creating init config 
427229     DEBUG main            d.u.i.k.p.i.AbstractProblemLoader Init config took 4.4s 
427307     INFO  main            d.u.i.k.p.i.AbstractProblemLoader Replaying proof Fib[ThreadSpec::startTransfer()].JML model_behavior operation contract.0 
427309     DEBUG main            d.u.i.k.p.i.IntermediateProofReplayer Proof replay took 7ns 
427411     INFO  main            d.u.i.k.p.r.p.TestFile    ... finished proof: closed. 
427902     INFO  main            d.u.i.k.p.i.AbstractProblemLoader Loading environment from /home/runner/work/key/key/key.core/../key.ui/examples/heap/permissions/threads/Fib_startTransfer_contract.key.proof 
427902     DEBUG main            d.u.i.k.p.i.AbstractProblemLoader Environment load took 103.8ns 
427903     INFO  main            d.u.i.k.p.i.AbstractProblemLoader Creating init config 
432241     DEBUG main            d.u.i.k.p.i.AbstractProblemLoader Init config took 4.34s 
432319     INFO  main            d.u.i.k.p.i.AbstractProblemLoader Replaying proof Fib[ThreadSpec::startTransfer()].JML model_behavior operation contract.0 
432326     DEBUG main            d.u.i.k.p.i.IntermediateProofReplayer Proof replay took 6.13ms 
432327     DEBUG main            d.u.i.k.p.r.p.TestFile    ... success: reloaded. 
432328     INFO  main            d.u.i.k.p.r.p.TestFile    Now processing file /home/runner/work/key/key/key.core/../key.ui/examples/heap/permissions/threads/Fib_workingPermissions_accessible.key 
432328     INFO  main            d.u.i.k.p.i.AbstractProblemLoader Loading environment from /home/runner/work/key/key/key.core/../key.ui/examples/heap/permissions/threads/Fib_workingPermissions_accessible.key 
432328     DEBUG main            d.u.i.k.p.i.AbstractProblemLoader Environment load took 56.9ns 
432329     INFO  main            d.u.i.k.p.i.AbstractProblemLoader Creating init config 
436740     DEBUG main            d.u.i.k.p.i.AbstractProblemLoader Init config took 4.41s 
436818     INFO  main            d.u.i.k.p.i.AbstractProblemLoader Replaying proof Fib[ThreadSpec::workingPermissions()].JML accessible clause.0 
436821     DEBUG main            d.u.i.k.p.i.IntermediateProofReplayer Proof replay took 8.6ns 
436922     INFO  main            d.u.i.k.p.r.p.TestFile    ... finished proof: closed. 
437391     INFO  main            d.u.i.k.p.i.AbstractProblemLoader Loading environment from /home/runner/work/key/key/key.core/../key.ui/examples/heap/permissions/threads/Fib_workingPermissions_accessible.key.proof 
437391     DEBUG main            d.u.i.k.p.i.AbstractProblemLoader Environment load took 141ns 
437392     INFO  main            d.u.i.k.p.i.AbstractProblemLoader Creating init config 
441723     DEBUG main            d.u.i.k.p.i.AbstractProblemLoader Init config took 4.33s 
441803     INFO  main            d.u.i.k.p.i.AbstractProblemLoader Replaying proof Fib[ThreadSpec::workingPermissions()].JML accessible clause.0 
441806     DEBUG main            d.u.i.k.p.i.IntermediateProofReplayer Proof replay took 2.15ms 
441807     DEBUG main            d.u.i.k.p.r.p.TestFile    ... success: reloaded. 
441808     INFO  main            d.u.i.k.p.r.p.TestFile    Now processing file /home/runner/work/key/key/key.core/../key.ui/examples/heap/permissions/threads/Plotter_initPost_accessible.key 
441808     INFO  main            d.u.i.k.p.i.AbstractProblemLoader Loading environment from /home/runner/work/key/key/key.core/../key.ui/examples/heap/permissions/threads/Plotter_initPost_accessible.key 
441808     DEBUG main            d.u.i.k.p.i.AbstractProblemLoader Environment load took 81.1ns 
441809     INFO  main            d.u.i.k.p.i.AbstractProblemLoader Creating init config 
446211     DEBUG main            d.u.i.k.p.i.AbstractProblemLoader Init config took 4.4s 
446288     INFO  main            d.u.i.k.p.i.AbstractProblemLoader Replaying proof Plotter[ThreadSpec2::initPost()].JML accessible clause.0 
446289     DEBUG main            d.u.i.k.p.i.IntermediateProofReplayer Proof replay took 8ns 
446391     INFO  main            d.u.i.k.p.r.p.TestFile    ... finished proof: closed. 
446874     INFO  main            d.u.i.k.p.i.AbstractProblemLoader Loading environment from /home/runner/work/key/key/key.core/../key.ui/examples/heap/permissions/threads/Plotter_initPost_accessible.key.proof 
446874     DEBUG main            d.u.i.k.p.i.AbstractProblemLoader Environment load took 111.1ns 
446876     INFO  main            d.u.i.k.p.i.AbstractProblemLoader Creating init config 
451228     DEBUG main            d.u.i.k.p.i.AbstractProblemLoader Init config took 4.35s 
451305     INFO  main            d.u.i.k.p.i.AbstractProblemLoader Replaying proof Plotter[ThreadSpec2::initPost()].JML accessible clause.0 
451320     DEBUG main            d.u.i.k.p.i.IntermediateProofReplayer Proof replay took 12.89ms 
451321     DEBUG main            d.u.i.k.p.r.p.TestFile    ... success: reloaded. 
451322     INFO  main            d.u.i.k.p.r.p.TestFile    Now processing file /home/runner/work/key/key/key.core/../key.ui/examples/heap/permissions/threads/Plotter_inv_accessible1.key 
451322     INFO  main            d.u.i.k.p.i.AbstractProblemLoader Loading environment from /home/runner/work/key/key/key.core/../key.ui/examples/heap/permissions/threads/Plotter_inv_accessible1.key 
451322     DEBUG main            d.u.i.k.p.i.AbstractProblemLoader Environment load took 52.6ns 
451323     INFO  main            d.u.i.k.p.i.AbstractProblemLoader Creating init config 
455744     DEBUG main            d.u.i.k.p.i.AbstractProblemLoader Init config took 4.42s 
455837     INFO  main            d.u.i.k.p.i.AbstractProblemLoader Replaying proof Plotter[java.lang.Object::<inv>()].JML accessible clause.0 
455838     DEBUG main            d.u.i.k.p.i.IntermediateProofReplayer Proof replay took 8.5ns 
455940     INFO  main            d.u.i.k.p.r.p.TestFile    ... finished proof: closed. 
456428     INFO  main            d.u.i.k.p.i.AbstractProblemLoader Loading environment from /home/runner/work/key/key/key.core/../key.ui/examples/heap/permissions/threads/Plotter_inv_accessible1.key.proof 
456428     DEBUG main            d.u.i.k.p.i.AbstractProblemLoader Environment load took 101.2ns 
456429     INFO  main            d.u.i.k.p.i.AbstractProblemLoader Creating init config 
460770     DEBUG main            d.u.i.k.p.i.AbstractProblemLoader Init config took 4.34s 
460849     INFO  main            d.u.i.k.p.i.AbstractProblemLoader Replaying proof Plotter[java.lang.Object::<inv>()].JML accessible clause.0 
460852     DEBUG main            d.u.i.k.p.i.IntermediateProofReplayer Proof replay took 1.66ms 
460852     DEBUG main            d.u.i.k.p.r.p.TestFile    ... success: reloaded. 
460853     INFO  main            d.u.i.k.p.r.p.TestFile    Now processing file /home/runner/work/key/key/key.core/../key.ui/examples/heap/permissions/threads/Plotter_inv_accessible2.key 
460854     INFO  main            d.u.i.k.p.i.AbstractProblemLoader Loading environment from /home/runner/work/key/key/key.core/../key.ui/examples/heap/permissions/threads/Plotter_inv_accessible2.key 
460854     DEBUG main            d.u.i.k.p.i.AbstractProblemLoader Environment load took 51.5ns 
460854     INFO  main            d.u.i.k.p.i.AbstractProblemLoader Creating init config 
465273     DEBUG main            d.u.i.k.p.i.AbstractProblemLoader Init config took 4.42s 
465350     INFO  main            d.u.i.k.p.i.AbstractProblemLoader Replaying proof Plotter[java.lang.Object::<inv>()].JML accessible clause.1 
465352     DEBUG main            d.u.i.k.p.i.IntermediateProofReplayer Proof replay took 7.8ns 
465453     INFO  main            d.u.i.k.p.r.p.TestFile    ... finished proof: closed. 
465941     INFO  main            d.u.i.k.p.i.AbstractProblemLoader Loading environment from /home/runner/work/key/key/key.core/../key.ui/examples/heap/permissions/threads/Plotter_inv_accessible2.key.proof 
465941     DEBUG main            d.u.i.k.p.i.AbstractProblemLoader Environment load took 97.6ns 
465942     INFO  main            d.u.i.k.p.i.AbstractProblemLoader Creating init config 
470262     DEBUG main            d.u.i.k.p.i.AbstractProblemLoader Init config took 4.32s 
470339     INFO  main            d.u.i.k.p.i.AbstractProblemLoader Replaying proof Plotter[java.lang.Object::<inv>()].JML accessible clause.1 
470342     DEBUG main            d.u.i.k.p.i.IntermediateProofReplayer Proof replay took 1.7ms 
470343     DEBUG main            d.u.i.k.p.r.p.TestFile    ... success: reloaded. 
470344     INFO  main            d.u.i.k.p.r.p.TestFile    Now processing file /home/runner/work/key/key/key.core/../key.ui/examples/heap/permissions/threads/Plotter_joinTransfer_contract.key 
470344     INFO  main            d.u.i.k.p.i.AbstractProblemLoader Loading environment from /home/runner/work/key/key/key.core/../key.ui/examples/heap/permissions/threads/Plotter_joinTransfer_contract.key 
470344     DEBUG main            d.u.i.k.p.i.AbstractProblemLoader Environment load took 51.8ns 
470345     INFO  main            d.u.i.k.p.i.AbstractProblemLoader Creating init config 
474765     DEBUG main            d.u.i.k.p.i.AbstractProblemLoader Init config took 4.42s 
474844     INFO  main            d.u.i.k.p.i.AbstractProblemLoader Replaying proof Plotter[ThreadSpec2::joinTransfer()].JML model_behavior operation contract.0 
474846     DEBUG main            d.u.i.k.p.i.IntermediateProofReplayer Proof replay took 8.8ns 
474947     INFO  main            d.u.i.k.p.r.p.TestFile    ... finished proof: closed. 
475440     INFO  main            d.u.i.k.p.i.AbstractProblemLoader Loading environment from /home/runner/work/key/key/key.core/../key.ui/examples/heap/permissions/threads/Plotter_joinTransfer_contract.key.proof 
475440     DEBUG main            d.u.i.k.p.i.AbstractProblemLoader Environment load took 95.5ns 
475441     INFO  main            d.u.i.k.p.i.AbstractProblemLoader Creating init config 
479760     DEBUG main            d.u.i.k.p.i.AbstractProblemLoader Init config took 4.32s 
479840     INFO  main            d.u.i.k.p.i.AbstractProblemLoader Replaying proof Plotter[ThreadSpec2::joinTransfer()].JML model_behavior operation contract.0 
479848     DEBUG main            d.u.i.k.p.i.IntermediateProofReplayer Proof replay took 6.95ms 
479849     DEBUG main            d.u.i.k.p.r.p.TestFile    ... success: reloaded. 
479850     INFO  main            d.u.i.k.p.r.p.TestFile    Now processing file /home/runner/work/key/key/key.core/../key.ui/examples/heap/permissions/threads/Plotter_Plotter.key 
479850     INFO  main            d.u.i.k.p.i.AbstractProblemLoader Loading environment from /home/runner/work/key/key/key.core/../key.ui/examples/heap/permissions/threads/Plotter_Plotter.key 
479850     DEBUG main            d.u.i.k.p.i.AbstractProblemLoader Environment load took 100.9ns 
479851     INFO  main            d.u.i.k.p.i.AbstractProblemLoader Creating init config 
484262     DEBUG main            d.u.i.k.p.i.AbstractProblemLoader Init config took 4.41s 
484340     INFO  main            d.u.i.k.p.i.AbstractProblemLoader Replaying proof Plotter[Plotter::Plotter(AFilter,BFilter,Buffer)].JML normal_behavior operation contract.0 
484342     DEBUG main            d.u.i.k.p.i.IntermediateProofReplayer Proof replay took 8ns 
486174     INFO  main            d.u.i.k.p.r.p.TestFile    ... finished proof: closed. 
486682     INFO  main            d.u.i.k.p.i.AbstractProblemLoader Loading environment from /home/runner/work/key/key/key.core/../key.ui/examples/heap/permissions/threads/Plotter_Plotter.key.proof 
486682     DEBUG main            d.u.i.k.p.i.AbstractProblemLoader Environment load took 384.1ns 
486683     INFO  main            d.u.i.k.p.i.AbstractProblemLoader Creating init config 
490995     DEBUG main            d.u.i.k.p.i.AbstractProblemLoader Init config took 4.31s 
491087     INFO  main            d.u.i.k.p.i.AbstractProblemLoader Replaying proof Plotter[Plotter::Plotter(AFilter,BFilter,Buffer)].JML normal_behavior operation contract.0 
491324     DEBUG main            d.u.i.k.p.i.IntermediateProofReplayer Proof replay took 232.24ms 
491325     DEBUG main            d.u.i.k.p.r.p.TestFile    ... success: reloaded. 
491326     INFO  main            d.u.i.k.p.r.p.TestFile    Now processing file /home/runner/work/key/key/key.core/../key.ui/examples/heap/permissions/threads/Plotter_postJoin_accessible.key 
491326     INFO  main            d.u.i.k.p.i.AbstractProblemLoader Loading environment from /home/runner/work/key/key/key.core/../key.ui/examples/heap/permissions/threads/Plotter_postJoin_accessible.key 
491326     DEBUG main            d.u.i.k.p.i.AbstractProblemLoader Environment load took 55.2ns 
491327     INFO  main            d.u.i.k.p.i.AbstractProblemLoader Creating init config 
495765     DEBUG main            d.u.i.k.p.i.AbstractProblemLoader Init config took 4.44s 
495842     INFO  main            d.u.i.k.p.i.AbstractProblemLoader Replaying proof Plotter[ThreadSpec2::postJoin(java.lang.Object)].JML accessible clause.0 
495845     DEBUG main            d.u.i.k.p.i.IntermediateProofReplayer Proof replay took 8.8ns 
495947     INFO  main            d.u.i.k.p.r.p.TestFile    ... finished proof: closed. 
496461     INFO  main            d.u.i.k.p.i.AbstractProblemLoader Loading environment from /home/runner/work/key/key/key.core/../key.ui/examples/heap/permissions/threads/Plotter_postJoin_accessible.key.proof 
496461     DEBUG main            d.u.i.k.p.i.AbstractProblemLoader Environment load took 111.7ns 
496462     INFO  main            d.u.i.k.p.i.AbstractProblemLoader Creating init config 
500776     DEBUG main            d.u.i.k.p.i.AbstractProblemLoader Init config took 4.31s 
500867     INFO  main            d.u.i.k.p.i.AbstractProblemLoader Replaying proof Plotter[ThreadSpec2::postJoin(java.lang.Object)].JML accessible clause.0 
500880     DEBUG main            d.u.i.k.p.i.IntermediateProofReplayer Proof replay took 10.95ms 
500880     DEBUG main            d.u.i.k.p.r.p.TestFile    ... success: reloaded. 
500881     INFO  main            d.u.i.k.p.r.p.TestFile    Now processing file /home/runner/work/key/key/key.core/../key.ui/examples/heap/permissions/threads/Plotter_preStart_accessible.key 
500881     INFO  main            d.u.i.k.p.i.AbstractProblemLoader Loading environment from /home/runner/work/key/key/key.core/../key.ui/examples/heap/permissions/threads/Plotter_preStart_accessible.key 
500882     DEBUG main            d.u.i.k.p.i.AbstractProblemLoader Environment load took 95ns 
500882     INFO  main            d.u.i.k.p.i.AbstractProblemLoader Creating init config 
505295     DEBUG main            d.u.i.k.p.i.AbstractProblemLoader Init config took 4.41s 
505371     INFO  main            d.u.i.k.p.i.AbstractProblemLoader Replaying proof Plotter[ThreadSpec2::preStart(java.lang.Object)].JML accessible clause.0 
505373     DEBUG main            d.u.i.k.p.i.IntermediateProofReplayer Proof replay took 8.7ns 
506476     INFO  main            d.u.i.k.p.r.p.TestFile    ... finished proof: closed. 
506995     INFO  main            d.u.i.k.p.i.AbstractProblemLoader Loading environment from /home/runner/work/key/key/key.core/../key.ui/examples/heap/permissions/threads/Plotter_preStart_accessible.key.proof 
506995     DEBUG main            d.u.i.k.p.i.AbstractProblemLoader Environment load took 393ns 
506997     INFO  main            d.u.i.k.p.i.AbstractProblemLoader Creating init config 
511337     DEBUG main            d.u.i.k.p.i.AbstractProblemLoader Init config took 4.34s 
511415     INFO  main            d.u.i.k.p.i.AbstractProblemLoader Replaying proof Plotter[ThreadSpec2::preStart(java.lang.Object)].JML accessible clause.0 
511499     DEBUG main            d.u.i.k.p.i.IntermediateProofReplayer Proof replay took 81.08ms 
511500     DEBUG main            d.u.i.k.p.r.p.TestFile    ... success: reloaded. 
511501     INFO  main            d.u.i.k.p.r.p.TestFile    Now processing file /home/runner/work/key/key/key.core/../key.ui/examples/heap/permissions/threads/Plotter_stateInv_accessible.key 
511501     INFO  main            d.u.i.k.p.i.AbstractProblemLoader Loading environment from /home/runner/work/key/key/key.core/../key.ui/examples/heap/permissions/threads/Plotter_stateInv_accessible.key 
511501     DEBUG main            d.u.i.k.p.i.AbstractProblemLoader Environment load took 79.3ns 
511502     INFO  main            d.u.i.k.p.i.AbstractProblemLoader Creating init config 
515902     DEBUG main            d.u.i.k.p.i.AbstractProblemLoader Init config took 4.4s 
515998     INFO  main            d.u.i.k.p.i.AbstractProblemLoader Replaying proof Plotter[ThreadSpec2::stateInv()].JML accessible clause.0 
515999     DEBUG main            d.u.i.k.p.i.IntermediateProofReplayer Proof replay took 8.4ns 
523728     INFO  main            d.u.i.k.p.r.p.TestFile    ... finished proof: closed. 
524276     INFO  main            d.u.i.k.p.i.AbstractProblemLoader Loading environment from /home/runner/work/key/key/key.core/../key.ui/examples/heap/permissions/threads/Plotter_stateInv_accessible.key.proof 
524277     DEBUG main            d.u.i.k.p.i.AbstractProblemLoader Environment load took 386.9ns 
524278     INFO  main            d.u.i.k.p.i.AbstractProblemLoader Creating init config 
528635     DEBUG main            d.u.i.k.p.i.AbstractProblemLoader Init config took 4.36s 
528711     INFO  main            d.u.i.k.p.i.AbstractProblemLoader Replaying proof Plotter[ThreadSpec2::stateInv()].JML accessible clause.0 
529360     DEBUG main            d.u.i.k.p.i.IntermediateProofReplayer Proof replay took 637.53ms 
529362     DEBUG main            d.u.i.k.p.r.p.TestFile    ... success: reloaded. 
529363     INFO  main            d.u.i.k.p.r.p.TestFile    Now processing file /home/runner/work/key/key/key.core/../key.ui/examples/heap/permissions/threads/Plotter_staticPermissions_accessible.key 
529363     INFO  main            d.u.i.k.p.i.AbstractProblemLoader Loading environment from /home/runner/work/key/key/key.core/../key.ui/examples/heap/permissions/threads/Plotter_staticPermissions_accessible.key 
529363     DEBUG main            d.u.i.k.p.i.AbstractProblemLoader Environment load took 80.3ns 
529364     INFO  main            d.u.i.k.p.i.AbstractProblemLoader Creating init config 
533799     DEBUG main            d.u.i.k.p.i.AbstractProblemLoader Init config took 4.43s 
533876     INFO  main            d.u.i.k.p.i.AbstractProblemLoader Replaying proof Plotter[ThreadSpec2::staticPermissions()].JML accessible clause.0 
533878     DEBUG main            d.u.i.k.p.i.IntermediateProofReplayer Proof replay took 48ns 
534580     INFO  main            d.u.i.k.p.r.p.TestFile    ... finished proof: closed. 
535104     INFO  main            d.u.i.k.p.i.AbstractProblemLoader Loading environment from /home/runner/work/key/key/key.core/../key.ui/examples/heap/permissions/threads/Plotter_staticPermissions_accessible.key.proof 
535104     DEBUG main            d.u.i.k.p.i.AbstractProblemLoader Environment load took 104.6ns 
535105     INFO  main            d.u.i.k.p.i.AbstractProblemLoader Creating init config 
539425     DEBUG main            d.u.i.k.p.i.AbstractProblemLoader Init config took 4.32s 
539516     INFO  main            d.u.i.k.p.i.AbstractProblemLoader Replaying proof Plotter[ThreadSpec2::staticPermissions()].JML accessible clause.0 
539570     DEBUG main            d.u.i.k.p.i.IntermediateProofReplayer Proof replay took 51.75ms 
539571     DEBUG main            d.u.i.k.p.r.p.TestFile    ... success: reloaded. 
539572     INFO  main            d.u.i.k.p.r.p.TestFile    Now processing file /home/runner/work/key/key/key.core/../key.ui/examples/heap/permissions/threads/Plotter_workingPermissions_accessible.key 
539572     INFO  main            d.u.i.k.p.i.AbstractProblemLoader Loading environment from /home/runner/work/key/key/key.core/../key.ui/examples/heap/permissions/threads/Plotter_workingPermissions_accessible.key 
539572     DEBUG main            d.u.i.k.p.i.AbstractProblemLoader Environment load took 90.8ns 
539573     INFO  main            d.u.i.k.p.i.AbstractProblemLoader Creating init config 
543973     DEBUG main            d.u.i.k.p.i.AbstractProblemLoader Init config took 4.4s 
544050     INFO  main            d.u.i.k.p.i.AbstractProblemLoader Replaying proof Plotter[ThreadSpec2::workingPermissions()].JML accessible clause.0 
544051     DEBUG main            d.u.i.k.p.i.IntermediateProofReplayer Proof replay took 3.6ns 
544253     INFO  main            d.u.i.k.p.r.p.TestFile    ... finished proof: closed. 
544794     INFO  main            d.u.i.k.p.i.AbstractProblemLoader Loading environment from /home/runner/work/key/key/key.core/../key.ui/examples/heap/permissions/threads/Plotter_workingPermissions_accessible.key.proof 
544794     DEBUG main            d.u.i.k.p.i.AbstractProblemLoader Environment load took 102.3ns 
544795     INFO  main            d.u.i.k.p.i.AbstractProblemLoader Creating init config 
549099     DEBUG main            d.u.i.k.p.i.AbstractProblemLoader Init config took 4.3s 
549190     INFO  main            d.u.i.k.p.i.AbstractProblemLoader Replaying proof Plotter[ThreadSpec2::workingPermissions()].JML accessible clause.0 
549206     DEBUG main            d.u.i.k.p.i.IntermediateProofReplayer Proof replay took 14.21ms 
549207     DEBUG main            d.u.i.k.p.r.p.TestFile    ... success: reloaded. 
549207     INFO  main            d.u.i.k.p.r.p.TestFile    Now processing file /home/runner/work/key/key/key.core/../key.ui/examples/heap/permissions/threads/Sampler_initPost_accessible.key 
549208     INFO  main            d.u.i.k.p.i.AbstractProblemLoader Loading environment from /home/runner/work/key/key/key.core/../key.ui/examples/heap/permissions/threads/Sampler_initPost_accessible.key 
549208     DEBUG main            d.u.i.k.p.i.AbstractProblemLoader Environment load took 83ns 
549209     INFO  main            d.u.i.k.p.i.AbstractProblemLoader Creating init config 
553600     DEBUG main            d.u.i.k.p.i.AbstractProblemLoader Init config took 4.39s 
553678     INFO  main            d.u.i.k.p.i.AbstractProblemLoader Replaying proof Sampler[ThreadSpec2::initPost()].JML accessible clause.0 
553679     DEBUG main            d.u.i.k.p.i.IntermediateProofReplayer Proof replay took 3.6ns 
553781     INFO  main            d.u.i.k.p.r.p.TestFile    ... finished proof: closed. 
554319     INFO  main            d.u.i.k.p.i.AbstractProblemLoader Loading environment from /home/runner/work/key/key/key.core/../key.ui/examples/heap/permissions/threads/Sampler_initPost_accessible.key.proof 
554320     DEBUG main            d.u.i.k.p.i.AbstractProblemLoader Environment load took 100.9ns 
554321     INFO  main            d.u.i.k.p.i.AbstractProblemLoader Creating init config 
558642     DEBUG main            d.u.i.k.p.i.AbstractProblemLoader Init config took 4.32s 
558736     INFO  main            d.u.i.k.p.i.AbstractProblemLoader Replaying proof Sampler[ThreadSpec2::initPost()].JML accessible clause.0 
558744     DEBUG main            d.u.i.k.p.i.IntermediateProofReplayer Proof replay took 5.4ms 
558745     DEBUG main            d.u.i.k.p.r.p.TestFile    ... success: reloaded. 
558746     INFO  main            d.u.i.k.p.r.p.TestFile    Now processing file /home/runner/work/key/key/key.core/../key.ui/examples/heap/permissions/threads/Sampler_inv_accessible1.key 
558746     INFO  main            d.u.i.k.p.i.AbstractProblemLoader Loading environment from /home/runner/work/key/key/key.core/../key.ui/examples/heap/permissions/threads/Sampler_inv_accessible1.key 
558746     DEBUG main            d.u.i.k.p.i.AbstractProblemLoader Environment load took 227.3ns 
558747     INFO  main            d.u.i.k.p.i.AbstractProblemLoader Creating init config 
563166     DEBUG main            d.u.i.k.p.i.AbstractProblemLoader Init config took 4.42s 
563243     INFO  main            d.u.i.k.p.i.AbstractProblemLoader Replaying proof Sampler[java.lang.Object::<inv>()].JML accessible clause.0 
563244     DEBUG main            d.u.i.k.p.i.IntermediateProofReplayer Proof replay took 3.8ns 
563346     INFO  main            d.u.i.k.p.r.p.TestFile    ... finished proof: closed. 
563900     INFO  main            d.u.i.k.p.i.AbstractProblemLoader Loading environment from /home/runner/work/key/key/key.core/../key.ui/examples/heap/permissions/threads/Sampler_inv_accessible1.key.proof 
563900     DEBUG main            d.u.i.k.p.i.AbstractProblemLoader Environment load took 100.5ns 
563901     INFO  main            d.u.i.k.p.i.AbstractProblemLoader Creating init config 
568233     DEBUG main            d.u.i.k.p.i.AbstractProblemLoader Init config took 4.33s 
568310     INFO  main            d.u.i.k.p.i.AbstractProblemLoader Replaying proof Sampler[java.lang.Object::<inv>()].JML accessible clause.0 
568313     DEBUG main            d.u.i.k.p.i.IntermediateProofReplayer Proof replay took 1.61ms 
568314     DEBUG main            d.u.i.k.p.r.p.TestFile    ... success: reloaded. 
568314     INFO  main            d.u.i.k.p.r.p.TestFile    Now processing file /home/runner/work/key/key/key.core/../key.ui/examples/heap/permissions/threads/Sampler_inv_accessible2.key 
568315     INFO  main            d.u.i.k.p.i.AbstractProblemLoader Loading environment from /home/runner/work/key/key/key.core/../key.ui/examples/heap/permissions/threads/Sampler_inv_accessible2.key 
568315     DEBUG main            d.u.i.k.p.i.AbstractProblemLoader Environment load took 49.6ns 
568315     INFO  main            d.u.i.k.p.i.AbstractProblemLoader Creating init config 
572734     DEBUG main            d.u.i.k.p.i.AbstractProblemLoader Init config took 4.42s 
572811     INFO  main            d.u.i.k.p.i.AbstractProblemLoader Replaying proof Sampler[java.lang.Object::<inv>()].JML accessible clause.1 
572812     DEBUG main            d.u.i.k.p.i.IntermediateProofReplayer Proof replay took 3.7ns 
572914     INFO  main            d.u.i.k.p.r.p.TestFile    ... finished proof: closed. 
573470     INFO  main            d.u.i.k.p.i.AbstractProblemLoader Loading environment from /home/runner/work/key/key/key.core/../key.ui/examples/heap/permissions/threads/Sampler_inv_accessible2.key.proof 
573470     DEBUG main            d.u.i.k.p.i.AbstractProblemLoader Environment load took 93.9ns 
573471     INFO  main            d.u.i.k.p.i.AbstractProblemLoader Creating init config 
577788     DEBUG main            d.u.i.k.p.i.AbstractProblemLoader Init config took 4.32s 
577864     INFO  main            d.u.i.k.p.i.AbstractProblemLoader Replaying proof Sampler[java.lang.Object::<inv>()].JML accessible clause.1 
577867     DEBUG main            d.u.i.k.p.i.IntermediateProofReplayer Proof replay took 1.64ms 
577868     DEBUG main            d.u.i.k.p.r.p.TestFile    ... success: reloaded. 
577869     INFO  main            d.u.i.k.p.r.p.TestFile    Now processing file /home/runner/work/key/key/key.core/../key.ui/examples/heap/permissions/threads/Sampler_joinTransfer_accessible.key 
577869     INFO  main            d.u.i.k.p.i.AbstractProblemLoader Loading environment from /home/runner/work/key/key/key.core/../key.ui/examples/heap/permissions/threads/Sampler_joinTransfer_accessible.key 
577869     DEBUG main            d.u.i.k.p.i.AbstractProblemLoader Environment load took 78.3ns 
577870     INFO  main            d.u.i.k.p.i.AbstractProblemLoader Creating init config 
582262     DEBUG main            d.u.i.k.p.i.AbstractProblemLoader Init config took 4.39s 
582356     INFO  main            d.u.i.k.p.i.AbstractProblemLoader Replaying proof Sampler[ThreadSpec2::joinTransfer()].JML accessible clause.0 
582357     DEBUG main            d.u.i.k.p.i.IntermediateProofReplayer Proof replay took 3.1ns 
586791     INFO  main            d.u.i.k.p.r.p.TestFile    ... finished proof: closed. 
587357     INFO  main            d.u.i.k.p.i.AbstractProblemLoader Loading environment from /home/runner/work/key/key/key.core/../key.ui/examples/heap/permissions/threads/Sampler_joinTransfer_accessible.key.proof 
587358     DEBUG main            d.u.i.k.p.i.AbstractProblemLoader Environment load took 423.4ns 
587359     INFO  main            d.u.i.k.p.i.AbstractProblemLoader Creating init config 
591685     DEBUG main            d.u.i.k.p.i.AbstractProblemLoader Init config took 4.33s 
591763     INFO  main            d.u.i.k.p.i.AbstractProblemLoader Replaying proof Sampler[ThreadSpec2::joinTransfer()].JML accessible clause.0 
592403     DEBUG main            d.u.i.k.p.i.IntermediateProofReplayer Proof replay took 629.5ms 
592404     DEBUG main            d.u.i.k.p.r.p.TestFile    ... success: reloaded. 
592405     INFO  main            d.u.i.k.p.r.p.TestFile    Now processing file /home/runner/work/key/key/key.core/../key.ui/examples/heap/permissions/threads/Sampler_joinTransfer_contract.key 
592405     INFO  main            d.u.i.k.p.i.AbstractProblemLoader Loading environment from /home/runner/work/key/key/key.core/../key.ui/examples/heap/permissions/threads/Sampler_joinTransfer_contract.key 
592406     DEBUG main            d.u.i.k.p.i.AbstractProblemLoader Environment load took 85.1ns 
592406     INFO  main            d.u.i.k.p.i.AbstractProblemLoader Creating init config 
596828     DEBUG main            d.u.i.k.p.i.AbstractProblemLoader Init config took 4.42s 
596906     INFO  main            d.u.i.k.p.i.AbstractProblemLoader Replaying proof Sampler[ThreadSpec2::joinTransfer()].JML model_behavior operation contract.0 
596907     DEBUG main            d.u.i.k.p.i.IntermediateProofReplayer Proof replay took 3.9ns 
597009     INFO  main            d.u.i.k.p.r.p.TestFile    ... finished proof: closed. 
597581     INFO  main            d.u.i.k.p.i.AbstractProblemLoader Loading environment from /home/runner/work/key/key/key.core/../key.ui/examples/heap/permissions/threads/Sampler_joinTransfer_contract.key.proof 
597581     DEBUG main            d.u.i.k.p.i.AbstractProblemLoader Environment load took 95.6ns 
597582     INFO  main            d.u.i.k.p.i.AbstractProblemLoader Creating init config 
601900     DEBUG main            d.u.i.k.p.i.AbstractProblemLoader Init config took 4.32s 
601978     INFO  main            d.u.i.k.p.i.AbstractProblemLoader Replaying proof Sampler[ThreadSpec2::joinTransfer()].JML model_behavior operation contract.0 
601986     DEBUG main            d.u.i.k.p.i.IntermediateProofReplayer Proof replay took 6.18ms 
601987     DEBUG main            d.u.i.k.p.r.p.TestFile    ... success: reloaded. 
601988     INFO  main            d.u.i.k.p.r.p.TestFile    Now processing file /home/runner/work/key/key/key.core/../key.ui/examples/heap/permissions/threads/Sampler_postJoin_accessible.key 
601988     INFO  main            d.u.i.k.p.i.AbstractProblemLoader Loading environment from /home/runner/work/key/key/key.core/../key.ui/examples/heap/permissions/threads/Sampler_postJoin_accessible.key 
601988     DEBUG main            d.u.i.k.p.i.AbstractProblemLoader Environment load took 78ns 
601989     INFO  main            d.u.i.k.p.i.AbstractProblemLoader Creating init config 
606407     DEBUG main            d.u.i.k.p.i.AbstractProblemLoader Init config took 4.42s 
606484     INFO  main            d.u.i.k.p.i.AbstractProblemLoader Replaying proof Sampler[ThreadSpec2::postJoin(java.lang.Object)].JML accessible clause.0 
606485     DEBUG main            d.u.i.k.p.i.IntermediateProofReplayer Proof replay took 3.8ns 
606587     INFO  main            d.u.i.k.p.r.p.TestFile    ... finished proof: closed. 
607167     INFO  main            d.u.i.k.p.i.AbstractProblemLoader Loading environment from /home/runner/work/key/key/key.core/../key.ui/examples/heap/permissions/threads/Sampler_postJoin_accessible.key.proof 
607167     DEBUG main            d.u.i.k.p.i.AbstractProblemLoader Environment load took 96.9ns 
607168     INFO  main            d.u.i.k.p.i.AbstractProblemLoader Creating init config 
611487     DEBUG main            d.u.i.k.p.i.AbstractProblemLoader Init config took 4.32s 
611564     INFO  main            d.u.i.k.p.i.AbstractProblemLoader Replaying proof Sampler[ThreadSpec2::postJoin(java.lang.Object)].JML accessible clause.0 
611573     DEBUG main            d.u.i.k.p.i.IntermediateProofReplayer Proof replay took 8.07ms 
611574     DEBUG main            d.u.i.k.p.r.p.TestFile    ... success: reloaded. 
611575     INFO  main            d.u.i.k.p.r.p.TestFile    Now processing file /home/runner/work/key/key/key.core/../key.ui/examples/heap/permissions/threads/Sampler_preStart_accessible.key 
611575     INFO  main            d.u.i.k.p.i.AbstractProblemLoader Loading environment from /home/runner/work/key/key/key.core/../key.ui/examples/heap/permissions/threads/Sampler_preStart_accessible.key 
611575     DEBUG main            d.u.i.k.p.i.AbstractProblemLoader Environment load took 81ns 
611576     INFO  main            d.u.i.k.p.i.AbstractProblemLoader Creating init config 
615994     DEBUG main            d.u.i.k.p.i.AbstractProblemLoader Init config took 4.42s 
616071     INFO  main            d.u.i.k.p.i.AbstractProblemLoader Replaying proof Sampler[ThreadSpec2::preStart(java.lang.Object)].JML accessible clause.0 
616072     DEBUG main            d.u.i.k.p.i.IntermediateProofReplayer Proof replay took 3.5ns 
616174     INFO  main            d.u.i.k.p.r.p.TestFile    ... finished proof: closed. 
616772     INFO  main            d.u.i.k.p.i.AbstractProblemLoader Loading environment from /home/runner/work/key/key/key.core/../key.ui/examples/heap/permissions/threads/Sampler_preStart_accessible.key.proof 
616772     DEBUG main            d.u.i.k.p.i.AbstractProblemLoader Environment load took 101.5ns 
616773     INFO  main            d.u.i.k.p.i.AbstractProblemLoader Creating init config 
621091     DEBUG main            d.u.i.k.p.i.AbstractProblemLoader Init config took 4.32s 
621168     INFO  main            d.u.i.k.p.i.AbstractProblemLoader Replaying proof Sampler[ThreadSpec2::preStart(java.lang.Object)].JML accessible clause.0 
621178     DEBUG main            d.u.i.k.p.i.IntermediateProofReplayer Proof replay took 8.24ms 
621179     DEBUG main            d.u.i.k.p.r.p.TestFile    ... success: reloaded. 
621181     INFO  main            d.u.i.k.p.r.p.TestFile    Now processing file /home/runner/work/key/key/key.core/../key.ui/examples/heap/permissions/threads/Sampler_run.key 
621181     INFO  main            d.u.i.k.p.i.AbstractProblemLoader Loading environment from /home/runner/work/key/key/key.core/../key.ui/examples/heap/permissions/threads/Sampler_run.key 
621181     DEBUG main            d.u.i.k.p.i.AbstractProblemLoader Environment load took 116.7ns 
621182     INFO  main            d.u.i.k.p.i.AbstractProblemLoader Creating init config 
625592     DEBUG main            d.u.i.k.p.i.AbstractProblemLoader Init config took 4.41s 
625687     INFO  main            d.u.i.k.p.i.AbstractProblemLoader Replaying proof Sampler[ThreadSpec2::run()].JML normal_behavior operation contract.0 
625689     DEBUG main            d.u.i.k.p.i.IntermediateProofReplayer Proof replay took 3.4ns 
625790     INFO  main            d.u.i.k.p.r.p.TestFile    ... finished proof: closed. 
626377     INFO  main            d.u.i.k.p.i.AbstractProblemLoader Loading environment from /home/runner/work/key/key/key.core/../key.ui/examples/heap/permissions/threads/Sampler_run.key.proof 
626377     DEBUG main            d.u.i.k.p.i.AbstractProblemLoader Environment load took 95.2ns 
626378     INFO  main            d.u.i.k.p.i.AbstractProblemLoader Creating init config 
630704     DEBUG main            d.u.i.k.p.i.AbstractProblemLoader Init config took 4.33s 
630797     INFO  main            d.u.i.k.p.i.AbstractProblemLoader Replaying proof Sampler[ThreadSpec2::run()].JML normal_behavior operation contract.0 
630831     DEBUG main            d.u.i.k.p.i.IntermediateProofReplayer Proof replay took 32.42ms 
630832     DEBUG main            d.u.i.k.p.r.p.TestFile    ... success: reloaded. 
630833     INFO  main            d.u.i.k.p.r.p.TestFile    Now processing file /home/runner/work/key/key/key.core/../key.ui/examples/heap/permissions/threads/Sampler_Sampler.key 
630834     INFO  main            d.u.i.k.p.i.AbstractProblemLoader Loading environment from /home/runner/work/key/key/key.core/../key.ui/examples/heap/permissions/threads/Sampler_Sampler.key 
630834     DEBUG main            d.u.i.k.p.i.AbstractProblemLoader Environment load took 83.9ns 
630835     INFO  main            d.u.i.k.p.i.AbstractProblemLoader Creating init config 
635244     DEBUG main            d.u.i.k.p.i.AbstractProblemLoader Init config took 4.41s 
635321     INFO  main            d.u.i.k.p.i.AbstractProblemLoader Replaying proof Sampler[Sampler::Sampler(Buffer)].JML normal_behavior operation contract.0 
635322     DEBUG main            d.u.i.k.p.i.IntermediateProofReplayer Proof replay took 3.8ns 
635825     INFO  main            d.u.i.k.p.r.p.TestFile    ... finished proof: closed. 
636454     INFO  main            d.u.i.k.p.i.AbstractProblemLoader Loading environment from /home/runner/work/key/key/key.core/../key.ui/examples/heap/permissions/threads/Sampler_Sampler.key.proof 
636454     DEBUG main            d.u.i.k.p.i.AbstractProblemLoader Environment load took 102.9ns 
636455     INFO  main            d.u.i.k.p.i.AbstractProblemLoader Creating init config 
640773     DEBUG main            d.u.i.k.p.i.AbstractProblemLoader Init config took 4.32s 
640849     INFO  main            d.u.i.k.p.i.AbstractProblemLoader Replaying proof Sampler[Sampler::Sampler(Buffer)].JML normal_behavior operation contract.0 
640931     DEBUG main            d.u.i.k.p.i.IntermediateProofReplayer Proof replay took 79.31ms 
640932     DEBUG main            d.u.i.k.p.r.p.TestFile    ... success: reloaded. 
640933     INFO  main            d.u.i.k.p.r.p.TestFile    Now processing file /home/runner/work/key/key/key.core/../key.ui/examples/heap/permissions/threads/Sampler_startTransfer_accessible.key 
640933     INFO  main            d.u.i.k.p.i.AbstractProblemLoader Loading environment from /home/runner/work/key/key/key.core/../key.ui/examples/heap/permissions/threads/Sampler_startTransfer_accessible.key 
640933     DEBUG main            d.u.i.k.p.i.AbstractProblemLoader Environment load took 53.7ns 
640934     INFO  main            d.u.i.k.p.i.AbstractProblemLoader Creating init config 
645413     DEBUG main            d.u.i.k.p.i.AbstractProblemLoader Init config took 4.48s 
645509     INFO  main            d.u.i.k.p.i.AbstractProblemLoader Replaying proof Sampler[ThreadSpec2::startTransfer()].JML accessible clause.0 
645510     DEBUG main            d.u.i.k.p.i.IntermediateProofReplayer Proof replay took 3.2ns 
650927     INFO  main            d.u.i.k.p.r.p.TestFile    ... finished proof: closed. 
651528     INFO  main            d.u.i.k.p.i.AbstractProblemLoader Loading environment from /home/runner/work/key/key/key.core/../key.ui/examples/heap/permissions/threads/Sampler_startTransfer_accessible.key.proof 
651528     DEBUG main            d.u.i.k.p.i.AbstractProblemLoader Environment load took 106.4ns 
651529     INFO  main            d.u.i.k.p.i.AbstractProblemLoader Creating init config 
655869     DEBUG main            d.u.i.k.p.i.AbstractProblemLoader Init config took 4.34s 
655958     INFO  main            d.u.i.k.p.i.AbstractProblemLoader Replaying proof Sampler[ThreadSpec2::startTransfer()].JML accessible clause.0 
656606     DEBUG main            d.u.i.k.p.i.IntermediateProofReplayer Proof replay took 635.99ms 
656607     DEBUG main            d.u.i.k.p.r.p.TestFile    ... success: reloaded. 
656608     INFO  main            d.u.i.k.p.r.p.TestFile    Now processing file /home/runner/work/key/key/key.core/../key.ui/examples/heap/permissions/threads/Sampler_startTransfer_contract.key 
656608     INFO  main            d.u.i.k.p.i.AbstractProblemLoader Loading environment from /home/runner/work/key/key/key.core/../key.ui/examples/heap/permissions/threads/Sampler_startTransfer_contract.key 
656608     DEBUG main            d.u.i.k.p.i.AbstractProblemLoader Environment load took 53.4ns 
656609     INFO  main            d.u.i.k.p.i.AbstractProblemLoader Creating init config 
661017     DEBUG main            d.u.i.k.p.i.AbstractProblemLoader Init config took 4.41s 
661095     INFO  main            d.u.i.k.p.i.AbstractProblemLoader Replaying proof Sampler[ThreadSpec2::startTransfer()].JML model_behavior operation contract.0 
661097     DEBUG main            d.u.i.k.p.i.IntermediateProofReplayer Proof replay took 3.6ns 
661198     INFO  main            d.u.i.k.p.r.p.TestFile    ... finished proof: closed. 
661810     INFO  main            d.u.i.k.p.i.AbstractProblemLoader Loading environment from /home/runner/work/key/key/key.core/../key.ui/examples/heap/permissions/threads/Sampler_startTransfer_contract.key.proof 
661810     DEBUG main            d.u.i.k.p.i.AbstractProblemLoader Environment load took 101.1ns 
661811     INFO  main            d.u.i.k.p.i.AbstractProblemLoader Creating init config 
666137     DEBUG main            d.u.i.k.p.i.AbstractProblemLoader Init config took 4.33s 
666215     INFO  main            d.u.i.k.p.i.AbstractProblemLoader Replaying proof Sampler[ThreadSpec2::startTransfer()].JML model_behavior operation contract.0 
666223     DEBUG main            d.u.i.k.p.i.IntermediateProofReplayer Proof replay took 6.38ms 
666224     DEBUG main            d.u.i.k.p.r.p.TestFile    ... success: reloaded. 
666225     INFO  main            d.u.i.k.p.r.p.TestFile    Now processing file /home/runner/work/key/key/key.core/../key.ui/examples/heap/permissions/threads/Sampler_stateInv_accessible.key 
666225     INFO  main            d.u.i.k.p.i.AbstractProblemLoader Loading environment from /home/runner/work/key/key/key.core/../key.ui/examples/heap/permissions/threads/Sampler_stateInv_accessible.key 
666225     DEBUG main            d.u.i.k.p.i.AbstractProblemLoader Environment load took 51.1ns 
666226     INFO  main            d.u.i.k.p.i.AbstractProblemLoader Creating init config 
670621     DEBUG main            d.u.i.k.p.i.AbstractProblemLoader Init config took 4.4s 
670721     INFO  main            d.u.i.k.p.i.AbstractProblemLoader Replaying proof Sampler[ThreadSpec2::stateInv()].JML accessible clause.0 
670723     DEBUG main            d.u.i.k.p.i.IntermediateProofReplayer Proof replay took 3.8ns 
670824     INFO  main            d.u.i.k.p.r.p.TestFile    ... finished proof: closed. 
671442     INFO  main            d.u.i.k.p.i.AbstractProblemLoader Loading environment from /home/runner/work/key/key/key.core/../key.ui/examples/heap/permissions/threads/Sampler_stateInv_accessible.key.proof 
671442     DEBUG main            d.u.i.k.p.i.AbstractProblemLoader Environment load took 96ns 
671443     INFO  main            d.u.i.k.p.i.AbstractProblemLoader Creating init config 
675755     DEBUG main            d.u.i.k.p.i.AbstractProblemLoader Init config took 4.31s 
675831     INFO  main            d.u.i.k.p.i.AbstractProblemLoader Replaying proof Sampler[ThreadSpec2::stateInv()].JML accessible clause.0 
675839     DEBUG main            d.u.i.k.p.i.IntermediateProofReplayer Proof replay took 5.87ms 
675840     DEBUG main            d.u.i.k.p.r.p.TestFile    ... success: reloaded. 
675841     INFO  main            d.u.i.k.p.r.p.TestFile    Now processing file /home/runner/work/key/key/key.core/../key.ui/examples/heap/permissions/threads/Sampler_staticPermissions_accessible.key 
675841     INFO  main            d.u.i.k.p.i.AbstractProblemLoader Loading environment from /home/runner/work/key/key/key.core/../key.ui/examples/heap/permissions/threads/Sampler_staticPermissions_accessible.key 
675841     DEBUG main            d.u.i.k.p.i.AbstractProblemLoader Environment load took 54ns 
675842     INFO  main            d.u.i.k.p.i.AbstractProblemLoader Creating init config 
680239     DEBUG main            d.u.i.k.p.i.AbstractProblemLoader Init config took 4.4s 
680317     INFO  main            d.u.i.k.p.i.AbstractProblemLoader Replaying proof Sampler[ThreadSpec2::staticPermissions()].JML accessible clause.0 
680319     DEBUG main            d.u.i.k.p.i.IntermediateProofReplayer Proof replay took 5ns 
680420     INFO  main            d.u.i.k.p.r.p.TestFile    ... finished proof: closed. 
681041     INFO  main            d.u.i.k.p.i.AbstractProblemLoader Loading environment from /home/runner/work/key/key/key.core/../key.ui/examples/heap/permissions/threads/Sampler_staticPermissions_accessible.key.proof 
681042     DEBUG main            d.u.i.k.p.i.AbstractProblemLoader Environment load took 92.7ns 
681042     INFO  main            d.u.i.k.p.i.AbstractProblemLoader Creating init config 
685347     DEBUG main            d.u.i.k.p.i.AbstractProblemLoader Init config took 4.3s 
685426     INFO  main            d.u.i.k.p.i.AbstractProblemLoader Replaying proof Sampler[ThreadSpec2::staticPermissions()].JML accessible clause.0 
685433     DEBUG main            d.u.i.k.p.i.IntermediateProofReplayer Proof replay took 3.52ms 
685435     DEBUG main            d.u.i.k.p.r.p.TestFile    ... success: reloaded. 
685436     INFO  main            d.u.i.k.p.r.p.TestFile    Now processing file /home/runner/work/key/key/key.core/../key.ui/examples/heap/permissions/threads/Sampler_workingPermissions_accessible.key 
685436     INFO  main            d.u.i.k.p.i.AbstractProblemLoader Loading environment from /home/runner/work/key/key/key.core/../key.ui/examples/heap/permissions/threads/Sampler_workingPermissions_accessible.key 
685437     DEBUG main            d.u.i.k.p.i.AbstractProblemLoader Environment load took 174.2ns 
685437     INFO  main            d.u.i.k.p.i.AbstractProblemLoader Creating init config 
689843     DEBUG main            d.u.i.k.p.i.AbstractProblemLoader Init config took 4.41s 
689919     INFO  main            d.u.i.k.p.i.AbstractProblemLoader Replaying proof Sampler[ThreadSpec2::workingPermissions()].JML accessible clause.0 
689920     DEBUG main            d.u.i.k.p.i.IntermediateProofReplayer Proof replay took 3.5ns 
690022     INFO  main            d.u.i.k.p.r.p.TestFile    ... finished proof: closed. 
690647     INFO  main            d.u.i.k.p.i.AbstractProblemLoader Loading environment from /home/runner/work/key/key/key.core/../key.ui/examples/heap/permissions/threads/Sampler_workingPermissions_accessible.key.proof 
690647     DEBUG main            d.u.i.k.p.i.AbstractProblemLoader Environment load took 94.9ns 
690648     INFO  main            d.u.i.k.p.i.AbstractProblemLoader Creating init config 
694961     DEBUG main            d.u.i.k.p.i.AbstractProblemLoader Init config took 4.31s 
695036     INFO  main            d.u.i.k.p.i.AbstractProblemLoader Replaying proof Sampler[ThreadSpec2::workingPermissions()].JML accessible clause.0 
695042     DEBUG main            d.u.i.k.p.i.IntermediateProofReplayer Proof replay took 4.36ms 
695043     DEBUG main            d.u.i.k.p.r.p.TestFile    ... success: reloaded. 
695044     INFO  main            d.u.i.k.p.r.p.TestFile    Now processing file /home/runner/work/key/key/key.core/../key.ui/examples/heap/permissions/mulleretal/ReadWrite_doRead_contract.key 
695044     INFO  main            d.u.i.k.p.i.AbstractProblemLoader Loading environment from /home/runner/work/key/key/key.core/../key.ui/examples/heap/permissions/mulleretal/ReadWrite_doRead_contract.key 
695044     DEBUG main            d.u.i.k.p.i.AbstractProblemLoader Environment load took 49.1ns 
695045     INFO  main            d.u.i.k.p.i.AbstractProblemLoader Creating init config 
697566     DEBUG main            d.u.i.k.p.i.AbstractProblemLoader Init config took 2.52s 
697598     INFO  main            d.u.i.k.p.i.AbstractProblemLoader Replaying proof ReadWrite[ReadWrite::doRead()].JML normal_behavior operation contract.0 
697601     DEBUG main            d.u.i.k.p.i.IntermediateProofReplayer Proof replay took 4ns 
699130     INFO  main            d.u.i.k.p.r.p.TestFile    ... finished proof: closed. 
699790     INFO  main            d.u.i.k.p.i.AbstractProblemLoader Loading environment from /home/runner/work/key/key/key.core/../key.ui/examples/heap/permissions/mulleretal/ReadWrite_doRead_contract.key.proof 
699790     DEBUG main            d.u.i.k.p.i.AbstractProblemLoader Environment load took 364.5ns 
699792     INFO  main            d.u.i.k.p.i.AbstractProblemLoader Creating init config 
702235     DEBUG main            d.u.i.k.p.i.AbstractProblemLoader Init config took 2.44s 
702268     INFO  main            d.u.i.k.p.i.AbstractProblemLoader Replaying proof ReadWrite[ReadWrite::doRead()].JML normal_behavior operation contract.0 
702618     DEBUG main            d.u.i.k.p.i.IntermediateProofReplayer Proof replay took 344.81ms 
702619     DEBUG main            d.u.i.k.p.r.p.TestFile    ... success: reloaded. 
702620     INFO  main            d.u.i.k.p.r.p.TestFile    Now processing file /home/runner/work/key/key/key.core/../key.ui/examples/heap/permissions/mulleretal/ReadWrite_doWrite_contract.key 
702620     INFO  main            d.u.i.k.p.i.AbstractProblemLoader Loading environment from /home/runner/work/key/key/key.core/../key.ui/examples/heap/permissions/mulleretal/ReadWrite_doWrite_contract.key 
702621     DEBUG main            d.u.i.k.p.i.AbstractProblemLoader Environment load took 154.2ns 
702621     INFO  main            d.u.i.k.p.i.AbstractProblemLoader Creating init config 
705135     DEBUG main            d.u.i.k.p.i.AbstractProblemLoader Init config took 2.51s 
705167     INFO  main            d.u.i.k.p.i.AbstractProblemLoader Replaying proof ReadWrite[ReadWrite::doWrite()].JML normal_behavior operation contract.0 
705169     DEBUG main            d.u.i.k.p.i.IntermediateProofReplayer Proof replay took 3.2ns 
706874     INFO  main            d.u.i.k.p.r.p.TestFile    ... finished proof: closed. 
707542     INFO  main            d.u.i.k.p.i.AbstractProblemLoader Loading environment from /home/runner/work/key/key/key.core/../key.ui/examples/heap/permissions/mulleretal/ReadWrite_doWrite_contract.key.proof 
707542     DEBUG main            d.u.i.k.p.i.AbstractProblemLoader Environment load took 104.2ns 
707543     INFO  main            d.u.i.k.p.i.AbstractProblemLoader Creating init config 
709976     DEBUG main            d.u.i.k.p.i.AbstractProblemLoader Init config took 2.43s 
710019     INFO  main            d.u.i.k.p.i.AbstractProblemLoader Replaying proof ReadWrite[ReadWrite::doWrite()].JML normal_behavior operation contract.0 
710386     DEBUG main            d.u.i.k.p.i.IntermediateProofReplayer Proof replay took 356.65ms 
710388     DEBUG main            d.u.i.k.p.r.p.TestFile    ... success: reloaded. 
710389     INFO  main            d.u.i.k.p.r.p.TestFile    Now processing file /home/runner/work/key/key/key.core/../key.ui/examples/heap/permissions/mulleretal/ReadWrite_read_contract.key 
710389     INFO  main            d.u.i.k.p.i.AbstractProblemLoader Loading environment from /home/runner/work/key/key/key.core/../key.ui/examples/heap/permissions/mulleretal/ReadWrite_read_contract.key 
710389     DEBUG main            d.u.i.k.p.i.AbstractProblemLoader Environment load took 165.4ns 
710390     INFO  main            d.u.i.k.p.i.AbstractProblemLoader Creating init config 
712894     DEBUG main            d.u.i.k.p.i.AbstractProblemLoader Init config took 2.5s 
712926     INFO  main            d.u.i.k.p.i.AbstractProblemLoader Replaying proof ReadWrite[ReadWrite::read()].JML normal_behavior operation contract.0 
712928     DEBUG main            d.u.i.k.p.i.IntermediateProofReplayer Proof replay took 3.6ns 
713029     INFO  main            d.u.i.k.p.r.p.TestFile    ... finished proof: closed. 
713665     INFO  main            d.u.i.k.p.i.AbstractProblemLoader Loading environment from /home/runner/work/key/key/key.core/../key.ui/examples/heap/permissions/mulleretal/ReadWrite_read_contract.key.proof 
713665     DEBUG main            d.u.i.k.p.i.AbstractProblemLoader Environment load took 94.4ns 
713666     INFO  main            d.u.i.k.p.i.AbstractProblemLoader Creating init config 
716107     DEBUG main            d.u.i.k.p.i.AbstractProblemLoader Init config took 2.44s 
716140     INFO  main            d.u.i.k.p.i.AbstractProblemLoader Replaying proof ReadWrite[ReadWrite::read()].JML normal_behavior operation contract.0 
716148     DEBUG main            d.u.i.k.p.i.IntermediateProofReplayer Proof replay took 6.63ms 
716149     DEBUG main            d.u.i.k.p.r.p.TestFile    ... success: reloaded. 
716149     INFO  main            d.u.i.k.p.r.p.TestFile    Now processing file /home/runner/work/key/key/key.core/../key.ui/examples/heap/permissions/mulleretal/ReadWrite_write_contract.key 
716149     INFO  main            d.u.i.k.p.i.AbstractProblemLoader Loading environment from /home/runner/work/key/key/key.core/../key.ui/examples/heap/permissions/mulleretal/ReadWrite_write_contract.key 
716150     DEBUG main            d.u.i.k.p.i.AbstractProblemLoader Environment load took 72ns 
716150     INFO  main            d.u.i.k.p.i.AbstractProblemLoader Creating init config 
718624     DEBUG main            d.u.i.k.p.i.AbstractProblemLoader Init config took 2.47s 
718656     INFO  main            d.u.i.k.p.i.AbstractProblemLoader Replaying proof ReadWrite[ReadWrite::write()].JML normal_behavior operation contract.0 
718657     DEBUG main            d.u.i.k.p.i.IntermediateProofReplayer Proof replay took 4.2ns 
718759     INFO  main            d.u.i.k.p.r.p.TestFile    ... finished proof: closed. 
719412     INFO  main            d.u.i.k.p.i.AbstractProblemLoader Loading environment from /home/runner/work/key/key/key.core/../key.ui/examples/heap/permissions/mulleretal/ReadWrite_write_contract.key.proof 
719412     DEBUG main            d.u.i.k.p.i.AbstractProblemLoader Environment load took 114.8ns 
719413     INFO  main            d.u.i.k.p.i.AbstractProblemLoader Creating init config 
721849     DEBUG main            d.u.i.k.p.i.AbstractProblemLoader Init config took 2.44s 
721881     INFO  main            d.u.i.k.p.i.AbstractProblemLoader Replaying proof ReadWrite[ReadWrite::write()].JML normal_behavior operation contract.0 
721906     DEBUG main            d.u.i.k.p.i.IntermediateProofReplayer Proof replay took 23.32ms 
721907     DEBUG main            d.u.i.k.p.r.p.TestFile    ... success: reloaded. 
721907     INFO  main            d.u.i.k.p.r.p.TestFile    Now processing file /home/runner/work/key/key/key.core/../key.ui/examples/heap/permissions/mulleretal/ReadWrite_inv1_accessible.key 
721908     INFO  main            d.u.i.k.p.i.AbstractProblemLoader Loading environment from /home/runner/work/key/key/key.core/../key.ui/examples/heap/permissions/mulleretal/ReadWrite_inv1_accessible.key 
721908     DEBUG main            d.u.i.k.p.i.AbstractProblemLoader Environment load took 72.5ns 
721908     INFO  main            d.u.i.k.p.i.AbstractProblemLoader Creating init config 
724387     DEBUG main            d.u.i.k.p.i.AbstractProblemLoader Init config took 2.48s 
724419     INFO  main            d.u.i.k.p.i.AbstractProblemLoader Replaying proof ReadWrite[java.lang.Object::<inv>()].JML accessible clause.0 
724420     DEBUG main            d.u.i.k.p.i.IntermediateProofReplayer Proof replay took 3.8ns 
724522     INFO  main            d.u.i.k.p.r.p.TestFile    ... finished proof: closed. 
725170     INFO  main            d.u.i.k.p.i.AbstractProblemLoader Loading environment from /home/runner/work/key/key/key.core/../key.ui/examples/heap/permissions/mulleretal/ReadWrite_inv1_accessible.key.proof 
725170     DEBUG main            d.u.i.k.p.i.AbstractProblemLoader Environment load took 99.9ns 
725171     INFO  main            d.u.i.k.p.i.AbstractProblemLoader Creating init config 
727604     DEBUG main            d.u.i.k.p.i.AbstractProblemLoader Init config took 2.43s 
727636     INFO  main            d.u.i.k.p.i.AbstractProblemLoader Replaying proof ReadWrite[java.lang.Object::<inv>()].JML accessible clause.0 
727639     DEBUG main            d.u.i.k.p.i.IntermediateProofReplayer Proof replay took 1.57ms 
727640     DEBUG main            d.u.i.k.p.r.p.TestFile    ... success: reloaded. 
727640     INFO  main            d.u.i.k.p.r.p.TestFile    Now processing file /home/runner/work/key/key/key.core/../key.ui/examples/heap/permissions/mulleretal/ReadWrite_inv2_accessible.key 
727640     INFO  main            d.u.i.k.p.i.AbstractProblemLoader Loading environment from /home/runner/work/key/key/key.core/../key.ui/examples/heap/permissions/mulleretal/ReadWrite_inv2_accessible.key 
727640     DEBUG main            d.u.i.k.p.i.AbstractProblemLoader Environment load took 48.7ns 
727641     INFO  main            d.u.i.k.p.i.AbstractProblemLoader Creating init config 
730112     DEBUG main            d.u.i.k.p.i.AbstractProblemLoader Init config took 2.47s 
730145     INFO  main            d.u.i.k.p.i.AbstractProblemLoader Replaying proof ReadWrite[java.lang.Object::<inv>()].JML accessible clause.1 
730146     DEBUG main            d.u.i.k.p.i.IntermediateProofReplayer Proof replay took 4.4ns 
730248     INFO  main            d.u.i.k.p.r.p.TestFile    ... finished proof: closed. 
730899     INFO  main            d.u.i.k.p.i.AbstractProblemLoader Loading environment from /home/runner/work/key/key/key.core/../key.ui/examples/heap/permissions/mulleretal/ReadWrite_inv2_accessible.key.proof 
730899     DEBUG main            d.u.i.k.p.i.AbstractProblemLoader Environment load took 96.7ns 
730900     INFO  main            d.u.i.k.p.i.AbstractProblemLoader Creating init config 
733333     DEBUG main            d.u.i.k.p.i.AbstractProblemLoader Init config took 2.43s 
733364     INFO  main            d.u.i.k.p.i.AbstractProblemLoader Replaying proof ReadWrite[java.lang.Object::<inv>()].JML accessible clause.1 
733367     DEBUG main            d.u.i.k.p.i.IntermediateProofReplayer Proof replay took 1.57ms 
733368     DEBUG main            d.u.i.k.p.r.p.TestFile    ... success: reloaded. 
733369     INFO  main            d.u.i.k.p.r.p.TestFile    Now processing file /home/runner/work/key/key/key.core/../key.ui/examples/heap/permissions/lockspec/Counter_lockConsistent_contract.key 
733369     INFO  main            d.u.i.k.p.i.AbstractProblemLoader Loading environment from /home/runner/work/key/key/key.core/../key.ui/examples/heap/permissions/lockspec/Counter_lockConsistent_contract.key 
733369     DEBUG main            d.u.i.k.p.i.AbstractProblemLoader Environment load took 49.1ns 
733370     INFO  main            d.u.i.k.p.i.AbstractProblemLoader Creating init config 
736396     DEBUG main            d.u.i.k.p.i.AbstractProblemLoader Init config took 3.03s 
736448     INFO  main            d.u.i.k.p.i.AbstractProblemLoader Replaying proof Counter[LockSpec::lockConsistent()].JML model_behavior operation contract.0 
736449     DEBUG main            d.u.i.k.p.i.IntermediateProofReplayer Proof replay took 4.7ns 
737554     INFO  main            d.u.i.k.p.r.p.TestFile    ... finished proof: closed. 
738248     INFO  main            d.u.i.k.p.i.AbstractProblemLoader Loading environment from /home/runner/work/key/key/key.core/../key.ui/examples/heap/permissions/lockspec/Counter_lockConsistent_contract.key.proof 
738248     DEBUG main            d.u.i.k.p.i.AbstractProblemLoader Environment load took 161.1ns 
738249     INFO  main            d.u.i.k.p.i.AbstractProblemLoader Creating init config 
741122     DEBUG main            d.u.i.k.p.i.AbstractProblemLoader Init config took 2.87s 
741187     INFO  main            d.u.i.k.p.i.AbstractProblemLoader Replaying proof Counter[LockSpec::lockConsistent()].JML model_behavior operation contract.0 
741356     DEBUG main            d.u.i.k.p.i.IntermediateProofReplayer Proof replay took 162.16ms 
741358     DEBUG main            d.u.i.k.p.r.p.TestFile    ... success: reloaded. 
741359     INFO  main            d.u.i.k.p.r.p.TestFile    Now processing file /home/runner/work/key/key/key.core/../key.ui/examples/heap/permissions/lockspec/Counter_increase_contract.key 
741359     INFO  main            d.u.i.k.p.i.AbstractProblemLoader Loading environment from /home/runner/work/key/key/key.core/../key.ui/examples/heap/permissions/lockspec/Counter_increase_contract.key 
741359     DEBUG main            d.u.i.k.p.i.AbstractProblemLoader Environment load took 218.3ns 
741360     INFO  main            d.u.i.k.p.i.AbstractProblemLoader Creating init config 
744308     DEBUG main            d.u.i.k.p.i.AbstractProblemLoader Init config took 2.95s 
744359     INFO  main            d.u.i.k.p.i.AbstractProblemLoader Replaying proof Counter[Counter::increase()].JML normal_behavior operation contract.0 
744365     DEBUG main            d.u.i.k.p.i.IntermediateProofReplayer Proof replay took 5ns 
746076     INFO  main            d.u.i.k.p.r.p.TestFile    ... finished proof: open goal(s) 
746776     INFO  main            d.u.i.k.p.r.p.TestFile    Now processing file /home/runner/work/key/key/key.core/../key.ui/examples/heap/permissions/lockspec/Counter_fp_accessible.key 
746776     INFO  main            d.u.i.k.p.i.AbstractProblemLoader Loading environment from /home/runner/work/key/key/key.core/../key.ui/examples/heap/permissions/lockspec/Counter_fp_accessible.key 
746776     DEBUG main            d.u.i.k.p.i.AbstractProblemLoader Environment load took 50.9ns 
746777     INFO  main            d.u.i.k.p.i.AbstractProblemLoader Creating init config 
749789     DEBUG main            d.u.i.k.p.i.AbstractProblemLoader Init config took 3.01s 
749846     INFO  main            d.u.i.k.p.i.AbstractProblemLoader Replaying proof Counter[LockSpec::fp()].JML accessible clause.0 
749848     DEBUG main            d.u.i.k.p.i.IntermediateProofReplayer Proof replay took 3.7ns 
750053     INFO  main            d.u.i.k.p.r.p.TestFile    ... finished proof: closed. 
750739     INFO  main            d.u.i.k.p.i.AbstractProblemLoader Loading environment from /home/runner/work/key/key/key.core/../key.ui/examples/heap/permissions/lockspec/Counter_fp_accessible.key.proof 
750739     DEBUG main            d.u.i.k.p.i.AbstractProblemLoader Environment load took 101.2ns 
750740     INFO  main            d.u.i.k.p.i.AbstractProblemLoader Creating init config 
753739     DEBUG main            d.u.i.k.p.i.AbstractProblemLoader Init config took 3s 
753789     INFO  main            d.u.i.k.p.i.AbstractProblemLoader Replaying proof Counter[LockSpec::fp()].JML accessible clause.0 
753807     DEBUG main            d.u.i.k.p.i.IntermediateProofReplayer Proof replay took 15.34ms 
753807     DEBUG main            d.u.i.k.p.r.p.TestFile    ... success: reloaded. 
753808     INFO  main            d.u.i.k.p.r.p.TestFile    Now processing file /home/runner/work/key/key/key.core/../key.ui/examples/heap/permissions/lockspec/Counter_fpLock_accessible.key 
753808     INFO  main            d.u.i.k.p.i.AbstractProblemLoader Loading environment from /home/runner/work/key/key/key.core/../key.ui/examples/heap/permissions/lockspec/Counter_fpLock_accessible.key 
753808     DEBUG main            d.u.i.k.p.i.AbstractProblemLoader Environment load took 49.1ns 
753809     INFO  main            d.u.i.k.p.i.AbstractProblemLoader Creating init config 
756741     DEBUG main            d.u.i.k.p.i.AbstractProblemLoader Init config took 2.93s 
756791     INFO  main            d.u.i.k.p.i.AbstractProblemLoader Replaying proof Counter[LockSpec::fpLock()].JML accessible clause.0 
756793     DEBUG main            d.u.i.k.p.i.IntermediateProofReplayer Proof replay took 3.6ns 
756895     INFO  main            d.u.i.k.p.r.p.TestFile    ... finished proof: closed. 
757585     INFO  main            d.u.i.k.p.i.AbstractProblemLoader Loading environment from /home/runner/work/key/key/key.core/../key.ui/examples/heap/permissions/lockspec/Counter_fpLock_accessible.key.proof 
757585     DEBUG main            d.u.i.k.p.i.AbstractProblemLoader Environment load took 97.2ns 
757586     INFO  main            d.u.i.k.p.i.AbstractProblemLoader Creating init config 
760457     DEBUG main            d.u.i.k.p.i.AbstractProblemLoader Init config took 2.87s 
760506     INFO  main            d.u.i.k.p.i.AbstractProblemLoader Replaying proof Counter[LockSpec::fpLock()].JML accessible clause.0 
760523     DEBUG main            d.u.i.k.p.i.IntermediateProofReplayer Proof replay took 14.6ms 
760523     DEBUG main            d.u.i.k.p.r.p.TestFile    ... success: reloaded. 
760524     INFO  main            d.u.i.k.p.r.p.TestFile    Now processing file /home/runner/work/key/key/key.core/../key.ui/examples/heap/permissions/lockspec/Counter_fpPerm_accessible.key 
760524     INFO  main            d.u.i.k.p.i.AbstractProblemLoader Loading environment from /home/runner/work/key/key/key.core/../key.ui/examples/heap/permissions/lockspec/Counter_fpPerm_accessible.key 
760524     DEBUG main            d.u.i.k.p.i.AbstractProblemLoader Environment load took 50.5ns 
760525     INFO  main            d.u.i.k.p.i.AbstractProblemLoader Creating init config 
763423     DEBUG main            d.u.i.k.p.i.AbstractProblemLoader Init config took 2.9s 
763472     INFO  main            d.u.i.k.p.i.AbstractProblemLoader Replaying proof Counter[LockSpec::fpPerm()].JML accessible clause.0 
763474     DEBUG main            d.u.i.k.p.i.IntermediateProofReplayer Proof replay took 4.6ns 
763575     INFO  main            d.u.i.k.p.r.p.TestFile    ... finished proof: closed. 
764272     INFO  main            d.u.i.k.p.i.AbstractProblemLoader Loading environment from /home/runner/work/key/key/key.core/../key.ui/examples/heap/permissions/lockspec/Counter_fpPerm_accessible.key.proof 
764272     DEBUG main            d.u.i.k.p.i.AbstractProblemLoader Environment load took 96.7ns 
764273     INFO  main            d.u.i.k.p.i.AbstractProblemLoader Creating init config 
767130     DEBUG main            d.u.i.k.p.i.AbstractProblemLoader Init config took 2.86s 
767178     INFO  main            d.u.i.k.p.i.AbstractProblemLoader Replaying proof Counter[LockSpec::fpPerm()].JML accessible clause.0 
767190     DEBUG main            d.u.i.k.p.i.IntermediateProofReplayer Proof replay took 10.59ms 
767191     DEBUG main            d.u.i.k.p.r.p.TestFile    ... success: reloaded. 
767197     INFO  main            d.u.i.k.p.r.p.TestFile    Now processing file /home/runner/work/key/key/key.core/../key.ui/examples/heap/permissions/lockspec/Counter_inv_accessible1.key 
767198     INFO  main            d.u.i.k.p.i.AbstractProblemLoader Loading environment from /home/runner/work/key/key/key.core/../key.ui/examples/heap/permissions/lockspec/Counter_inv_accessible1.key 
767198     DEBUG main            d.u.i.k.p.i.AbstractProblemLoader Environment load took 206ns 
767199     INFO  main            d.u.i.k.p.i.AbstractProblemLoader Creating init config 
770114     DEBUG main            d.u.i.k.p.i.AbstractProblemLoader Init config took 2.92s 
770164     INFO  main            d.u.i.k.p.i.AbstractProblemLoader Replaying proof Counter[java.lang.Object::<inv>()].JML accessible clause.0 
770165     DEBUG main            d.u.i.k.p.i.IntermediateProofReplayer Proof replay took 4.7ns 
770267     INFO  main            d.u.i.k.p.r.p.TestFile    ... finished proof: closed. 
770971     INFO  main            d.u.i.k.p.i.AbstractProblemLoader Loading environment from /home/runner/work/key/key/key.core/../key.ui/examples/heap/permissions/lockspec/Counter_inv_accessible1.key.proof 
770971     DEBUG main            d.u.i.k.p.i.AbstractProblemLoader Environment load took 97.1ns 
770972     INFO  main            d.u.i.k.p.i.AbstractProblemLoader Creating init config 
773839     DEBUG main            d.u.i.k.p.i.AbstractProblemLoader Init config took 2.87s 
773888     INFO  main            d.u.i.k.p.i.AbstractProblemLoader Replaying proof Counter[java.lang.Object::<inv>()].JML accessible clause.0 
773899     DEBUG main            d.u.i.k.p.i.IntermediateProofReplayer Proof replay took 9.33ms 
773900     DEBUG main            d.u.i.k.p.r.p.TestFile    ... success: reloaded. 
773900     INFO  main            d.u.i.k.p.r.p.TestFile    Now processing file /home/runner/work/key/key/key.core/../key.ui/examples/heap/permissions/lockspec/Counter_inv_accessible2.key 
773901     INFO  main            d.u.i.k.p.i.AbstractProblemLoader Loading environment from /home/runner/work/key/key/key.core/../key.ui/examples/heap/permissions/lockspec/Counter_inv_accessible2.key 
773901     DEBUG main            d.u.i.k.p.i.AbstractProblemLoader Environment load took 52ns 
773901     INFO  main            d.u.i.k.p.i.AbstractProblemLoader Creating init config 
776818     DEBUG main            d.u.i.k.p.i.AbstractProblemLoader Init config took 2.92s 
776868     INFO  main            d.u.i.k.p.i.AbstractProblemLoader Replaying proof Counter[java.lang.Object::<inv>()].JML accessible clause.1 
776869     DEBUG main            d.u.i.k.p.i.IntermediateProofReplayer Proof replay took 4.6ns 
776971     INFO  main            d.u.i.k.p.r.p.TestFile    ... finished proof: closed. 
777681     INFO  main            d.u.i.k.p.i.AbstractProblemLoader Loading environment from /home/runner/work/key/key/key.core/../key.ui/examples/heap/permissions/lockspec/Counter_inv_accessible2.key.proof 
777681     DEBUG main            d.u.i.k.p.i.AbstractProblemLoader Environment load took 101.3ns 
777682     INFO  main            d.u.i.k.p.i.AbstractProblemLoader Creating init config 
780537     DEBUG main            d.u.i.k.p.i.AbstractProblemLoader Init config took 2.86s 
780587     INFO  main            d.u.i.k.p.i.AbstractProblemLoader Replaying proof Counter[java.lang.Object::<inv>()].JML accessible clause.1 
780597     DEBUG main            d.u.i.k.p.i.IntermediateProofReplayer Proof replay took 9.14ms 
780598     DEBUG main            d.u.i.k.p.r.p.TestFile    ... success: reloaded. 
780599     INFO  main            d.u.i.k.p.r.p.TestFile    Now processing file /home/runner/work/key/key/key.core/../key.ui/examples/heap/permissions/lockspec/Counter_lockRef_accessible.key 
780599     INFO  main            d.u.i.k.p.i.AbstractProblemLoader Loading environment from /home/runner/work/key/key/key.core/../key.ui/examples/heap/permissions/lockspec/Counter_lockRef_accessible.key 
780599     DEBUG main            d.u.i.k.p.i.AbstractProblemLoader Environment load took 77.9ns 
780600     INFO  main            d.u.i.k.p.i.AbstractProblemLoader Creating init config 
783514     DEBUG main            d.u.i.k.p.i.AbstractProblemLoader Init config took 2.91s 
783563     INFO  main            d.u.i.k.p.i.AbstractProblemLoader Replaying proof Counter[LockSpec::lockRef()].JML accessible clause.0 
783564     DEBUG main            d.u.i.k.p.i.IntermediateProofReplayer Proof replay took 3.2ns 
783766     INFO  main            d.u.i.k.p.r.p.TestFile    ... finished proof: closed. 
784481     INFO  main            d.u.i.k.p.i.AbstractProblemLoader Loading environment from /home/runner/work/key/key/key.core/../key.ui/examples/heap/permissions/lockspec/Counter_lockRef_accessible.key.proof 
784481     DEBUG main            d.u.i.k.p.i.AbstractProblemLoader Environment load took 97.9ns 
784482     INFO  main            d.u.i.k.p.i.AbstractProblemLoader Creating init config 
787343     DEBUG main            d.u.i.k.p.i.AbstractProblemLoader Init config took 2.86s 
787392     INFO  main            d.u.i.k.p.i.AbstractProblemLoader Replaying proof Counter[LockSpec::lockRef()].JML accessible clause.0 
787426     DEBUG main            d.u.i.k.p.i.IntermediateProofReplayer Proof replay took 31.8ms 
787427     DEBUG main            d.u.i.k.p.r.p.TestFile    ... success: reloaded. 
787428     INFO  main            d.u.i.k.p.r.p.TestFile    Now processing file /home/runner/work/key/key/key.core/../key.ui/examples/heap/permissions/lockspec/Counter_lockRef_contract1.key 
787428     INFO  main            d.u.i.k.p.i.AbstractProblemLoader Loading environment from /home/runner/work/key/key/key.core/../key.ui/examples/heap/permissions/lockspec/Counter_lockRef_contract1.key 
787428     DEBUG main            d.u.i.k.p.i.AbstractProblemLoader Environment load took 55.4ns 
787429     INFO  main            d.u.i.k.p.i.AbstractProblemLoader Creating init config 
790342     DEBUG main            d.u.i.k.p.i.AbstractProblemLoader Init config took 2.91s 
790392     INFO  main            d.u.i.k.p.i.AbstractProblemLoader Replaying proof Counter[LockSpec::lockRef()].JML model_behavior operation contract.0 
790393     DEBUG main            d.u.i.k.p.i.IntermediateProofReplayer Proof replay took 4.8ns 
790495     INFO  main            d.u.i.k.p.r.p.TestFile    ... finished proof: closed. 
791211     INFO  main            d.u.i.k.p.i.AbstractProblemLoader Loading environment from /home/runner/work/key/key/key.core/../key.ui/examples/heap/permissions/lockspec/Counter_lockRef_contract1.key.proof 
791211     DEBUG main            d.u.i.k.p.i.AbstractProblemLoader Environment load took 88.4ns 
791211     INFO  main            d.u.i.k.p.i.AbstractProblemLoader Creating init config 
794070     DEBUG main            d.u.i.k.p.i.AbstractProblemLoader Init config took 2.86s 
794120     INFO  main            d.u.i.k.p.i.AbstractProblemLoader Replaying proof Counter[LockSpec::lockRef()].JML model_behavior operation contract.0 
794125     DEBUG main            d.u.i.k.p.i.IntermediateProofReplayer Proof replay took 3.41ms 
794126     DEBUG main            d.u.i.k.p.r.p.TestFile    ... success: reloaded. 
794127     INFO  main            d.u.i.k.p.r.p.TestFile    Now processing file /home/runner/work/key/key/key.core/../key.ui/examples/heap/permissions/lockspec/Counter_lockRef_contract2.key 
794127     INFO  main            d.u.i.k.p.i.AbstractProblemLoader Loading environment from /home/runner/work/key/key/key.core/../key.ui/examples/heap/permissions/lockspec/Counter_lockRef_contract2.key 
794127     DEBUG main            d.u.i.k.p.i.AbstractProblemLoader Environment load took 80.3ns 
794128     INFO  main            d.u.i.k.p.i.AbstractProblemLoader Creating init config 
797030     DEBUG main            d.u.i.k.p.i.AbstractProblemLoader Init config took 2.9s 
797080     INFO  main            d.u.i.k.p.i.AbstractProblemLoader Replaying proof Counter[Counter::lockRef()].JML model_behavior operation contract.0 
797081     DEBUG main            d.u.i.k.p.i.IntermediateProofReplayer Proof replay took 4.4ns 
797183     INFO  main            d.u.i.k.p.r.p.TestFile    ... finished proof: closed. 
797921     INFO  main            d.u.i.k.p.i.AbstractProblemLoader Loading environment from /home/runner/work/key/key/key.core/../key.ui/examples/heap/permissions/lockspec/Counter_lockRef_contract2.key.proof 
797921     DEBUG main            d.u.i.k.p.i.AbstractProblemLoader Environment load took 104.5ns 
797921     INFO  main            d.u.i.k.p.i.AbstractProblemLoader Creating init config 
800779     DEBUG main            d.u.i.k.p.i.AbstractProblemLoader Init config took 2.86s 
800828     INFO  main            d.u.i.k.p.i.AbstractProblemLoader Replaying proof Counter[Counter::lockRef()].JML model_behavior operation contract.0 
800833     DEBUG main            d.u.i.k.p.i.IntermediateProofReplayer Proof replay took 3.37ms 
800833     DEBUG main            d.u.i.k.p.r.p.TestFile    ... success: reloaded. 
800834     INFO  main            d.u.i.k.p.r.p.TestFile    Now processing file /home/runner/work/key/key/key.core/../key.ui/examples/heap/permissions/lockspec/Counter_lockState_accessible.key 
800834     INFO  main            d.u.i.k.p.i.AbstractProblemLoader Loading environment from /home/runner/work/key/key/key.core/../key.ui/examples/heap/permissions/lockspec/Counter_lockState_accessible.key 
800834     DEBUG main            d.u.i.k.p.i.AbstractProblemLoader Environment load took 58.6ns 
800835     INFO  main            d.u.i.k.p.i.AbstractProblemLoader Creating init config 
803731     DEBUG main            d.u.i.k.p.i.AbstractProblemLoader Init config took 2.9s 
803780     INFO  main            d.u.i.k.p.i.AbstractProblemLoader Replaying proof Counter[LockSpec::lockState(boolean)].JML accessible clause.0 
803782     DEBUG main            d.u.i.k.p.i.IntermediateProofReplayer Proof replay took 4.8ns 
803984     INFO  main            d.u.i.k.p.r.p.TestFile    ... finished proof: closed. 
804695     INFO  main            d.u.i.k.p.i.AbstractProblemLoader Loading environment from /home/runner/work/key/key/key.core/../key.ui/examples/heap/permissions/lockspec/Counter_lockState_accessible.key.proof 
804695     DEBUG main            d.u.i.k.p.i.AbstractProblemLoader Environment load took 96.1ns 
804696     INFO  main            d.u.i.k.p.i.AbstractProblemLoader Creating init config 
807558     DEBUG main            d.u.i.k.p.i.AbstractProblemLoader Init config took 2.86s 
807607     INFO  main            d.u.i.k.p.i.AbstractProblemLoader Replaying proof Counter[LockSpec::lockState(boolean)].JML accessible clause.0 
807646     DEBUG main            d.u.i.k.p.i.IntermediateProofReplayer Proof replay took 36.69ms 
807647     DEBUG main            d.u.i.k.p.r.p.TestFile    ... success: reloaded. 
807648     INFO  main            d.u.i.k.p.r.p.TestFile    Now processing file /home/runner/work/key/key/key.core/../key.ui/examples/heap/permissions/lockspec/Counter_lockStatus_accessible.key 
807648     INFO  main            d.u.i.k.p.i.AbstractProblemLoader Loading environment from /home/runner/work/key/key/key.core/../key.ui/examples/heap/permissions/lockspec/Counter_lockStatus_accessible.key 
807648     DEBUG main            d.u.i.k.p.i.AbstractProblemLoader Environment load took 46.3ns 
807649     INFO  main            d.u.i.k.p.i.AbstractProblemLoader Creating init config 
810550     DEBUG main            d.u.i.k.p.i.AbstractProblemLoader Init config took 2.9s 
810619     INFO  main            d.u.i.k.p.i.AbstractProblemLoader Replaying proof Counter[LockSpec::lockStatus(boolean)].JML accessible clause.0 
810621     DEBUG main            d.u.i.k.p.i.IntermediateProofReplayer Proof replay took 5.3ns 
810722     INFO  main            d.u.i.k.p.r.p.TestFile    ... finished proof: closed. 
811455     INFO  main            d.u.i.k.p.i.AbstractProblemLoader Loading environment from /home/runner/work/key/key/key.core/../key.ui/examples/heap/permissions/lockspec/Counter_lockStatus_accessible.key.proof 
811455     DEBUG main            d.u.i.k.p.i.AbstractProblemLoader Environment load took 107.3ns 
811456     INFO  main            d.u.i.k.p.i.AbstractProblemLoader Creating init config 
814305     DEBUG main            d.u.i.k.p.i.AbstractProblemLoader Init config took 2.85s 
814367     INFO  main            d.u.i.k.p.i.AbstractProblemLoader Replaying proof Counter[LockSpec::lockStatus(boolean)].JML accessible clause.0 
814380     DEBUG main            d.u.i.k.p.i.IntermediateProofReplayer Proof replay took 11.62ms 
814381     DEBUG main            d.u.i.k.p.r.p.TestFile    ... success: reloaded. 
814381     INFO  main            d.u.i.k.p.r.p.TestFile    Now processing file /home/runner/work/key/key/key.core/../key.ui/examples/heap/permissions/lockspec/Counter_lockTransfer_accessible.key 
814382     INFO  main            d.u.i.k.p.i.AbstractProblemLoader Loading environment from /home/runner/work/key/key/key.core/../key.ui/examples/heap/permissions/lockspec/Counter_lockTransfer_accessible.key 
814382     DEBUG main            d.u.i.k.p.i.AbstractProblemLoader Environment load took 56.4ns 
814382     INFO  main            d.u.i.k.p.i.AbstractProblemLoader Creating init config 
817279     DEBUG main            d.u.i.k.p.i.AbstractProblemLoader Init config took 2.9s 
817328     INFO  main            d.u.i.k.p.i.AbstractProblemLoader Replaying proof Counter[LockSpec::lockTransfer()].JML accessible clause.0 
817330     DEBUG main            d.u.i.k.p.i.IntermediateProofReplayer Proof replay took 4.1ns 
817532     INFO  main            d.u.i.k.p.r.p.TestFile    ... finished proof: closed. 
818278     INFO  main            d.u.i.k.p.i.AbstractProblemLoader Loading environment from /home/runner/work/key/key/key.core/../key.ui/examples/heap/permissions/lockspec/Counter_lockTransfer_accessible.key.proof 
818278     DEBUG main            d.u.i.k.p.i.AbstractProblemLoader Environment load took 100.5ns 
818279     INFO  main            d.u.i.k.p.i.AbstractProblemLoader Creating init config 
821133     DEBUG main            d.u.i.k.p.i.AbstractProblemLoader Init config took 2.85s 
821193     INFO  main            d.u.i.k.p.i.AbstractProblemLoader Replaying proof Counter[LockSpec::lockTransfer()].JML accessible clause.0 
821228     DEBUG main            d.u.i.k.p.i.IntermediateProofReplayer Proof replay took 33.32ms 
821229     DEBUG main            d.u.i.k.p.r.p.TestFile    ... success: reloaded. 
821230     INFO  main            d.u.i.k.p.r.p.TestFile    Now processing file /home/runner/work/key/key/key.core/../key.ui/examples/heap/permissions/lockspec/Counter_unlockTransfer_accessible.key 
821230     INFO  main            d.u.i.k.p.i.AbstractProblemLoader Loading environment from /home/runner/work/key/key/key.core/../key.ui/examples/heap/permissions/lockspec/Counter_unlockTransfer_accessible.key 
821230     DEBUG main            d.u.i.k.p.i.AbstractProblemLoader Environment load took 52.7ns 
821231     INFO  main            d.u.i.k.p.i.AbstractProblemLoader Creating init config 
824138     DEBUG main            d.u.i.k.p.i.AbstractProblemLoader Init config took 2.91s 
824187     INFO  main            d.u.i.k.p.i.AbstractProblemLoader Replaying proof Counter[LockSpec::unlockTransfer()].JML accessible clause.0 
824189     DEBUG main            d.u.i.k.p.i.IntermediateProofReplayer Proof replay took 4.4ns 
824391     INFO  main            d.u.i.k.p.r.p.TestFile    ... finished proof: closed. 
825149     INFO  main            d.u.i.k.p.i.AbstractProblemLoader Loading environment from /home/runner/work/key/key/key.core/../key.ui/examples/heap/permissions/lockspec/Counter_unlockTransfer_accessible.key.proof 
825149     DEBUG main            d.u.i.k.p.i.AbstractProblemLoader Environment load took 93.2ns 
825150     INFO  main            d.u.i.k.p.i.AbstractProblemLoader Creating init config 
828017     DEBUG main            d.u.i.k.p.i.AbstractProblemLoader Init config took 2.87s 
828066     INFO  main            d.u.i.k.p.i.AbstractProblemLoader Replaying proof Counter[LockSpec::unlockTransfer()].JML accessible clause.0 
828107     DEBUG main            d.u.i.k.p.i.IntermediateProofReplayer Proof replay took 38.16ms 
828107     DEBUG main            d.u.i.k.p.r.p.TestFile    ... success: reloaded. 
828108     INFO  main            d.u.i.k.p.r.p.TestFile    Now processing file /home/runner/work/key/key/key.core/../key.ui/examples/heap/permissions/threads/Plotter_startTransfer_contract.proof 
828108     INFO  main            d.u.i.k.p.i.AbstractProblemLoader Loading environment from /home/runner/work/key/key/key.core/../key.ui/examples/heap/permissions/threads/Plotter_startTransfer_contract.proof 
828108     DEBUG main            d.u.i.k.p.i.AbstractProblemLoader Environment load took 51.2ns 
828110     INFO  main            d.u.i.k.p.i.AbstractProblemLoader Creating init config 
832484     DEBUG main            d.u.i.k.p.i.AbstractProblemLoader Init config took 4.37s 
832563     INFO  main            d.u.i.k.p.i.AbstractProblemLoader Replaying proof Plotter[ThreadSpec2::startTransfer()].JML model_behavior operation contract.0 
832654     DEBUG main            d.u.i.k.p.i.IntermediateProofReplayer Proof replay took 81.25ms 
832655     INFO  main            d.u.i.k.p.r.p.TestFile    ... success: loaded 
832656     INFO  main            d.u.i.k.p.r.p.TestFile    Now processing file /home/runner/work/key/key/key.core/../key.ui/examples/heap/permissions/threads/Plotter_startTransfer_accessible.proof 
832656     INFO  main            d.u.i.k.p.i.AbstractProblemLoader Loading environment from /home/runner/work/key/key/key.core/../key.ui/examples/heap/permissions/threads/Plotter_startTransfer_accessible.proof 
832656     DEBUG main            d.u.i.k.p.i.AbstractProblemLoader Environment load took 80ns 
832657     INFO  main            d.u.i.k.p.i.AbstractProblemLoader Creating init config 
837054     DEBUG main            d.u.i.k.p.i.AbstractProblemLoader Init config took 4.4s 
837130     INFO  main            d.u.i.k.p.i.AbstractProblemLoader Replaying proof Plotter[ThreadSpec2::startTransfer()].JML accessible clause.0 
837223     DEBUG main            d.u.i.k.p.i.IntermediateProofReplayer Proof replay took 88.82ms 
837224     INFO  main            d.u.i.k.p.r.p.TestFile    ... success: loaded 
837225     INFO  main            d.u.i.k.p.r.p.TestFile    Now processing file /home/runner/work/key/key/key.core/../key.ui/examples/heap/permissions/threads/Plotter_joinTransfer_accessible.proof 
837225     INFO  main            d.u.i.k.p.i.AbstractProblemLoader Loading environment from /home/runner/work/key/key/key.core/../key.ui/examples/heap/permissions/threads/Plotter_joinTransfer_accessible.proof 
837225     DEBUG main            d.u.i.k.p.i.AbstractProblemLoader Environment load took 84.5ns 
837226     INFO  main            d.u.i.k.p.i.AbstractProblemLoader Creating init config 
841684     DEBUG main            d.u.i.k.p.i.AbstractProblemLoader Init config took 4.46s 
841798     INFO  main            d.u.i.k.p.i.AbstractProblemLoader Replaying proof Plotter[ThreadSpec2::joinTransfer()].JML accessible clause.0 
841806     WARN  main            d.u.i.k.p.i.IntermediateProofReplayer Proof contains wrong number of \assumes instatiations for Definition_axiom_for_stateInv_in_Plotter 
841809     WARN  main            d.u.i.k.p.i.IntermediateProofReplayer Proof contains wrong number of \assumes instatiations for Definition_axiom_for_stateInv_in_Plotter 
841811     WARN  main            d.u.i.k.p.i.IntermediateProofReplayer Proof contains wrong number of \assumes instatiations for Definition_axiom_for_workingPermissions_in_Plotter 
841812     WARN  main            d.u.i.k.p.i.IntermediateProofReplayer Proof contains wrong number of \assumes instatiations for Definition_axiom_for_staticPermissions_in_Plotter 
841813     WARN  main            d.u.i.k.p.i.IntermediateProofReplayer Proof contains wrong number of \assumes instatiations for Definition_axiom_for_joinTransfer_in_Plotter 
841815     WARN  main            d.u.i.k.p.i.IntermediateProofReplayer Proof contains wrong number of \assumes instatiations for Definition_axiom_for_stateInv_in_BFilter 
841817     WARN  main            d.u.i.k.p.i.IntermediateProofReplayer Proof contains wrong number of \assumes instatiations for Definition_axiom_for_stateInv_in_AFilter 
841819     WARN  main            d.u.i.k.p.i.IntermediateProofReplayer Proof contains wrong number of \assumes instatiations for Definition_axiom_for_stateInv_in_BFilter 
841821     WARN  main            d.u.i.k.p.i.IntermediateProofReplayer Proof contains wrong number of \assumes instatiations for Definition_axiom_for_stateInv_in_AFilter 
841822     WARN  main            d.u.i.k.p.i.IntermediateProofReplayer Proof contains wrong number of \assumes instatiations for Definition_axiom_for_staticPermissions_in_AFilter 
841823     WARN  main            d.u.i.k.p.i.IntermediateProofReplayer Proof contains wrong number of \assumes instatiations for Definition_axiom_for_staticPermissions_in_Plotter 
841824     WARN  main            d.u.i.k.p.i.IntermediateProofReplayer Proof contains wrong number of \assumes instatiations for Definition_axiom_for_staticPermissions_in_BFilter 
841825     WARN  main            d.u.i.k.p.i.IntermediateProofReplayer Proof contains wrong number of \assumes instatiations for Definition_axiom_for_workingPermissions_in_Plotter 
841826     WARN  main            d.u.i.k.p.i.IntermediateProofReplayer Proof contains wrong number of \assumes instatiations for Definition_axiom_for_stateInv_in_Sampler 
841827     WARN  main            d.u.i.k.p.i.IntermediateProofReplayer Proof contains wrong number of \assumes instatiations for Definition_axiom_for_stateInv_in_Sampler 
841828     WARN  main            d.u.i.k.p.i.IntermediateProofReplayer Proof contains wrong number of \assumes instatiations for Definition_axiom_for_staticPermissions_in_Sampler 
841829     WARN  main            d.u.i.k.p.i.IntermediateProofReplayer Proof contains wrong number of \assumes instatiations for Definition_axiom_for_staticPermissions_in_BFilter 
841830     WARN  main            d.u.i.k.p.i.IntermediateProofReplayer Proof contains wrong number of \assumes instatiations for Definition_axiom_for_staticPermissions_in_AFilter 
841831     WARN  main            d.u.i.k.p.i.IntermediateProofReplayer Proof contains wrong number of \assumes instatiations for Definition_axiom_for_staticPermissions_in_Sampler 
841832     WARN  main            d.u.i.k.p.i.IntermediateProofReplayer Proof contains wrong number of \assumes instatiations for Definition_axiom_for_staticPermissions_in_Sampler 
841833     WARN  main            d.u.i.k.p.i.IntermediateProofReplayer Proof contains wrong number of \assumes instatiations for Definition_axiom_for_staticPermissions_in_Sampler 
841833     WARN  main            d.u.i.k.p.i.IntermediateProofReplayer Proof contains wrong number of \assumes instatiations for Definition_axiom_for_joinTransfer_in_Plotter 
841937     DEBUG main            d.u.i.k.p.i.IntermediateProofReplayer Proof replay took 134.36ms 
841938     INFO  main            d.u.i.k.p.r.p.TestFile    ... success: loaded 
5012688    INFO  Test worker     d.u.i.k.p.r.RunAllProofsTestUnit Returning from test permissionHeap 
5012700    INFO  Test worker     d.u.i.k.p.r.RunAllProofsTestUnit Running test completionScopes 
381        INFO  Timeout watchdog d.u.i.k.p.r.p.ForkedTestFileRunner Timeout watcher launched (2000 secs.) 
400        WARN  main            d.u.i.k.s.ProofSettings   The settings in /home/runner/.key/proof-settings.props are *not* read. 
446        INFO  main            d.u.i.k.p.r.p.TestFile    Now processing file /home/runner/work/key/key/key.core/../key.ui/examples/completionscopes/testCcatchReturnVal.key 
639        INFO  main            d.u.i.k.p.i.AbstractProblemLoader Loading environment from /home/runner/work/key/key/key.core/../key.ui/examples/completionscopes/testCcatchReturnVal.key 
666        DEBUG main            d.u.i.k.p.i.AbstractProblemLoader Environment load took 2.26ms 
929        INFO  main            d.u.i.k.p.i.AbstractProblemLoader Creating init config 
1988       DEBUG main            d.u.i.k.j.TypeConverter   No LDT found for Meta 
1989       DEBUG main            d.u.i.k.j.TypeConverter   No LDT found for Meta 
1992       DEBUG main            d.u.i.k.j.TypeConverter   No LDT found for Meta 
1992       DEBUG main            d.u.i.k.j.TypeConverter   No LDT found for Meta 
3702       DEBUG main            d.u.i.k.j.TypeConverter   No LDT found for JavaBigintExpression 
8738       DEBUG main            d.u.i.k.p.i.AbstractProblemLoader Init config took 7.81s 
8863       INFO  main            d.u.i.k.p.i.AbstractProblemLoader Replaying proof CompletionScopes[CompletionScopes::testCcatchReturnVal()].JML normal_behavior operation contract.0 
8897       DEBUG main            d.u.i.k.p.i.IntermediateProofReplayer Proof replay took 34.1ns 
9441       INFO  main            d.u.i.k.p.r.p.TestFile    ... finished proof: closed. 
9552       INFO  main            d.u.i.k.p.i.AbstractProblemLoader Loading environment from /home/runner/work/key/key/key.core/../key.ui/examples/completionscopes/testCcatchReturnVal.key.proof 
9554       DEBUG main            d.u.i.k.p.i.AbstractProblemLoader Environment load took 2.19ms 
9556       INFO  main            d.u.i.k.p.i.AbstractProblemLoader Creating init config 
12437      DEBUG main            d.u.i.k.p.i.AbstractProblemLoader Init config took 2.88s 
12506      INFO  main            d.u.i.k.p.i.AbstractProblemLoader Replaying proof CompletionScopes[CompletionScopes::testCcatchReturnVal()].JML normal_behavior operation contract.0 
12543      DEBUG main            d.u.i.k.p.i.IntermediateProofReplayer Proof replay took 31.14ms 
12550      DEBUG main            d.u.i.k.p.r.p.TestFile    ... success: reloaded. 
12552      INFO  main            d.u.i.k.p.r.p.TestFile    Now processing file /home/runner/work/key/key/key.core/../key.ui/examples/completionscopes/testMultCcatchClauses.key 
12552      INFO  main            d.u.i.k.p.i.AbstractProblemLoader Loading environment from /home/runner/work/key/key/key.core/../key.ui/examples/completionscopes/testMultCcatchClauses.key 
12552      DEBUG main            d.u.i.k.p.i.AbstractProblemLoader Environment load took 266.9ns 
12554      INFO  main            d.u.i.k.p.i.AbstractProblemLoader Creating init config 
15130      DEBUG main            d.u.i.k.p.i.AbstractProblemLoader Init config took 2.58s 
15190      INFO  main            d.u.i.k.p.i.AbstractProblemLoader Replaying proof CompletionScopes[CompletionScopes::testMultCcatchClauses()].JML normal_behavior operation contract.0 
15192      DEBUG main            d.u.i.k.p.i.IntermediateProofReplayer Proof replay took 7.5ns 
15499      INFO  main            d.u.i.k.p.r.p.TestFile    ... finished proof: closed. 
15646      INFO  main            d.u.i.k.p.i.AbstractProblemLoader Loading environment from /home/runner/work/key/key/key.core/../key.ui/examples/completionscopes/testMultCcatchClauses.key.proof 
15646      DEBUG main            d.u.i.k.p.i.AbstractProblemLoader Environment load took 152.4ns 
15654      INFO  main            d.u.i.k.p.i.AbstractProblemLoader Creating init config 
18250      DEBUG main            d.u.i.k.p.i.AbstractProblemLoader Init config took 2.6s 
18319      INFO  main            d.u.i.k.p.i.AbstractProblemLoader Replaying proof CompletionScopes[CompletionScopes::testMultCcatchClauses()].JML normal_behavior operation contract.0 
18440      DEBUG main            d.u.i.k.p.i.IntermediateProofReplayer Proof replay took 113.2ms 
18442      DEBUG main            d.u.i.k.p.r.p.TestFile    ... success: reloaded. 
18443      INFO  main            d.u.i.k.p.r.p.TestFile    Now processing file /home/runner/work/key/key/key.core/../key.ui/examples/completionscopes/testNestedExec.key 
18444      INFO  main            d.u.i.k.p.i.AbstractProblemLoader Loading environment from /home/runner/work/key/key/key.core/../key.ui/examples/completionscopes/testNestedExec.key 
18444      DEBUG main            d.u.i.k.p.i.AbstractProblemLoader Environment load took 207.5ns 
18445      INFO  main            d.u.i.k.p.i.AbstractProblemLoader Creating init config 
21019      DEBUG main            d.u.i.k.p.i.AbstractProblemLoader Init config took 2.57s 
21069      INFO  main            d.u.i.k.p.i.AbstractProblemLoader Replaying proof CompletionScopes[CompletionScopes::testMultCcatchClauses()].JML normal_behavior operation contract.0 
21072      DEBUG main            d.u.i.k.p.i.IntermediateProofReplayer Proof replay took 7.3ns 
21375      INFO  main            d.u.i.k.p.r.p.TestFile    ... finished proof: closed. 
21533      INFO  main            d.u.i.k.p.i.AbstractProblemLoader Loading environment from /home/runner/work/key/key/key.core/../key.ui/examples/completionscopes/testNestedExec.key.proof 
21533      DEBUG main            d.u.i.k.p.i.AbstractProblemLoader Environment load took 148.1ns 
21534      INFO  main            d.u.i.k.p.i.AbstractProblemLoader Creating init config 
24060      DEBUG main            d.u.i.k.p.i.AbstractProblemLoader Init config took 2.53s 
24119      INFO  main            d.u.i.k.p.i.AbstractProblemLoader Replaying proof CompletionScopes[CompletionScopes::testMultCcatchClauses()].JML normal_behavior operation contract.0 
24212      DEBUG main            d.u.i.k.p.i.IntermediateProofReplayer Proof replay took 87.63ms 
24213      DEBUG main            d.u.i.k.p.r.p.TestFile    ... success: reloaded. 
24215      INFO  main            d.u.i.k.p.r.p.TestFile    Now processing file /home/runner/work/key/key/key.core/../key.ui/examples/completionscopes/testCcatchBreakLabel.key 
24215      INFO  main            d.u.i.k.p.i.AbstractProblemLoader Loading environment from /home/runner/work/key/key/key.core/../key.ui/examples/completionscopes/testCcatchBreakLabel.key 
24215      DEBUG main            d.u.i.k.p.i.AbstractProblemLoader Environment load took 106.7ns 
24217      INFO  main            d.u.i.k.p.i.AbstractProblemLoader Creating init config 
26774      DEBUG main            d.u.i.k.p.i.AbstractProblemLoader Init config took 2.56s 
26820      INFO  main            d.u.i.k.p.i.AbstractProblemLoader Replaying proof CompletionScopes[CompletionScopes::testBreakLabel()].JML normal_behavior operation contract.0 
26822      DEBUG main            d.u.i.k.p.i.IntermediateProofReplayer Proof replay took 8.9ns 
26846      DEBUG Thread-10       d.u.i.k.l.o.ProgramSV     Match failed: Former match of  SchemaVariable incompatible with  the current match. 
26925      INFO  main            d.u.i.k.p.r.p.TestFile    ... finished proof: closed. 
27094      INFO  main            d.u.i.k.p.i.AbstractProblemLoader Loading environment from /home/runner/work/key/key/key.core/../key.ui/examples/completionscopes/testCcatchBreakLabel.key.proof 
27094      DEBUG main            d.u.i.k.p.i.AbstractProblemLoader Environment load took 140.3ns 
27095      INFO  main            d.u.i.k.p.i.AbstractProblemLoader Creating init config 
29626      DEBUG main            d.u.i.k.p.i.AbstractProblemLoader Init config took 2.53s 
29673      INFO  main            d.u.i.k.p.i.AbstractProblemLoader Replaying proof CompletionScopes[CompletionScopes::testBreakLabel()].JML normal_behavior operation contract.0 
29684      DEBUG main            d.u.i.k.p.i.IntermediateProofReplayer Proof replay took 8.68ms 
29685      DEBUG main            d.u.i.k.p.r.p.TestFile    ... success: reloaded. 
29686      INFO  main            d.u.i.k.p.r.p.TestFile    Now processing file /home/runner/work/key/key/key.core/../key.ui/examples/completionscopes/testCcatchContinueLabel.key 
29687      INFO  main            d.u.i.k.p.i.AbstractProblemLoader Loading environment from /home/runner/work/key/key/key.core/../key.ui/examples/completionscopes/testCcatchContinueLabel.key 
29687      DEBUG main            d.u.i.k.p.i.AbstractProblemLoader Environment load took 104ns 
29688      INFO  main            d.u.i.k.p.i.AbstractProblemLoader Creating init config 
32175      DEBUG main            d.u.i.k.p.i.AbstractProblemLoader Init config took 2.49s 
32220      INFO  main            d.u.i.k.p.i.AbstractProblemLoader Replaying proof CompletionScopes[CompletionScopes::testContinueLabel()].JML normal_behavior operation contract.0 
32222      DEBUG main            d.u.i.k.p.i.IntermediateProofReplayer Proof replay took 6.4ns 
32242      DEBUG Thread-13       d.u.i.k.l.o.ProgramSV     Match failed: Former match of  SchemaVariable incompatible with  the current match. 
32326      INFO  main            d.u.i.k.p.r.p.TestFile    ... finished proof: closed. 
32499      INFO  main            d.u.i.k.p.i.AbstractProblemLoader Loading environment from /home/runner/work/key/key/key.core/../key.ui/examples/completionscopes/testCcatchContinueLabel.key.proof 
32499      DEBUG main            d.u.i.k.p.i.AbstractProblemLoader Environment load took 145.6ns 
32500      INFO  main            d.u.i.k.p.i.AbstractProblemLoader Creating init config 
34938      DEBUG main            d.u.i.k.p.i.AbstractProblemLoader Init config took 2.44s 
34992      INFO  main            d.u.i.k.p.i.AbstractProblemLoader Replaying proof CompletionScopes[CompletionScopes::testContinueLabel()].JML normal_behavior operation contract.0 
35009      DEBUG main            d.u.i.k.p.i.IntermediateProofReplayer Proof replay took 13.97ms 
35010      DEBUG main            d.u.i.k.p.r.p.TestFile    ... success: reloaded. 
35011      INFO  main            d.u.i.k.p.r.p.TestFile    Now processing file /home/runner/work/key/key/key.core/../key.ui/examples/completionscopes/testCcatchBreakLabelWildcard.key 
35012      INFO  main            d.u.i.k.p.i.AbstractProblemLoader Loading environment from /home/runner/work/key/key/key.core/../key.ui/examples/completionscopes/testCcatchBreakLabelWildcard.key 
35012      DEBUG main            d.u.i.k.p.i.AbstractProblemLoader Environment load took 116.7ns 
35013      INFO  main            d.u.i.k.p.i.AbstractProblemLoader Creating init config 
37567      DEBUG main            d.u.i.k.p.i.AbstractProblemLoader Init config took 2.55s 
37611      INFO  main            d.u.i.k.p.i.AbstractProblemLoader Replaying proof CompletionScopes[CompletionScopes::testBreakLabelWildcard()].JML normal_behavior operation contract.0 
37613      DEBUG main            d.u.i.k.p.i.IntermediateProofReplayer Proof replay took 8.1ns 
37636      DEBUG Thread-16       d.u.i.k.l.o.ProgramSV     Match failed: Former match of  SchemaVariable incompatible with  the current match. 
37637      DEBUG Thread-16       d.u.i.k.l.o.ProgramSV     Match failed: Former match of  SchemaVariable incompatible with  the current match. 
37721      INFO  main            d.u.i.k.p.r.p.TestFile    ... finished proof: closed. 
37890      INFO  main            d.u.i.k.p.i.AbstractProblemLoader Loading environment from /home/runner/work/key/key/key.core/../key.ui/examples/completionscopes/testCcatchBreakLabelWildcard.key.proof 
37890      DEBUG main            d.u.i.k.p.i.AbstractProblemLoader Environment load took 152.3ns 
37891      INFO  main            d.u.i.k.p.i.AbstractProblemLoader Creating init config 
40327      DEBUG main            d.u.i.k.p.i.AbstractProblemLoader Init config took 2.44s 
40384      INFO  main            d.u.i.k.p.i.AbstractProblemLoader Replaying proof CompletionScopes[CompletionScopes::testBreakLabelWildcard()].JML normal_behavior operation contract.0 
40399      DEBUG main            d.u.i.k.p.i.IntermediateProofReplayer Proof replay took 9.88ms 
40400      DEBUG main            d.u.i.k.p.r.p.TestFile    ... success: reloaded. 
40401      INFO  main            d.u.i.k.p.r.p.TestFile    Now processing file /home/runner/work/key/key/key.core/../key.ui/examples/completionscopes/testCcatchContinueLabelWildcard.key 
40401      INFO  main            d.u.i.k.p.i.AbstractProblemLoader Loading environment from /home/runner/work/key/key/key.core/../key.ui/examples/completionscopes/testCcatchContinueLabelWildcard.key 
40402      DEBUG main            d.u.i.k.p.i.AbstractProblemLoader Environment load took 139.3ns 
40403      INFO  main            d.u.i.k.p.i.AbstractProblemLoader Creating init config 
42912      DEBUG main            d.u.i.k.p.i.AbstractProblemLoader Init config took 2.51s 
42971      INFO  main            d.u.i.k.p.i.AbstractProblemLoader Replaying proof CompletionScopes[CompletionScopes::testContinueLabelWildcard()].JML normal_behavior operation contract.0 
42974      DEBUG main            d.u.i.k.p.i.IntermediateProofReplayer Proof replay took 8.4ns 
42998      DEBUG Thread-19       d.u.i.k.l.o.ProgramSV     Match failed: Former match of  SchemaVariable incompatible with  the current match. 
42999      DEBUG Thread-19       d.u.i.k.l.o.ProgramSV     Match failed: Former match of  SchemaVariable incompatible with  the current match. 
43078      INFO  main            d.u.i.k.p.r.p.TestFile    ... finished proof: closed. 
43252      INFO  main            d.u.i.k.p.i.AbstractProblemLoader Loading environment from /home/runner/work/key/key/key.core/../key.ui/examples/completionscopes/testCcatchContinueLabelWildcard.key.proof 
43252      DEBUG main            d.u.i.k.p.i.AbstractProblemLoader Environment load took 143.7ns 
43253      INFO  main            d.u.i.k.p.i.AbstractProblemLoader Creating init config 
45682      DEBUG main            d.u.i.k.p.i.AbstractProblemLoader Init config took 2.43s 
45731      INFO  main            d.u.i.k.p.i.AbstractProblemLoader Replaying proof CompletionScopes[CompletionScopes::testContinueLabelWildcard()].JML normal_behavior operation contract.0 
45743      DEBUG main            d.u.i.k.p.i.IntermediateProofReplayer Proof replay took 9.26ms 
45745      DEBUG main            d.u.i.k.p.r.p.TestFile    ... success: reloaded. 
45746      INFO  main            d.u.i.k.p.r.p.TestFile    Now processing file /home/runner/work/key/key/key.core/../key.ui/examples/completionscopes/testCcatchBreakLabelNonmatchingNested.key 
45746      INFO  main            d.u.i.k.p.i.AbstractProblemLoader Loading environment from /home/runner/work/key/key/key.core/../key.ui/examples/completionscopes/testCcatchBreakLabelNonmatchingNested.key 
45747      DEBUG main            d.u.i.k.p.i.AbstractProblemLoader Environment load took 198.1ns 
45748      INFO  main            d.u.i.k.p.i.AbstractProblemLoader Creating init config 
48246      DEBUG main            d.u.i.k.p.i.AbstractProblemLoader Init config took 2.5s 
48287      INFO  main            d.u.i.k.p.i.AbstractProblemLoader Replaying proof CompletionScopes[CompletionScopes::testBreakLabelNonmatchingNested()].JML normal_behavior operation contract.0 
48289      DEBUG main            d.u.i.k.p.i.IntermediateProofReplayer Proof replay took 7.8ns 
48304      DEBUG Thread-22       d.u.i.k.l.o.ProgramSV     Match failed: Former match of  SchemaVariable incompatible with  the current match. 
48305      DEBUG Thread-22       d.u.i.k.l.o.ProgramSV     Match failed: Former match of  SchemaVariable incompatible with  the current match. 
48391      INFO  main            d.u.i.k.p.r.p.TestFile    ... finished proof: closed. 
48585      INFO  main            d.u.i.k.p.i.AbstractProblemLoader Loading environment from /home/runner/work/key/key/key.core/../key.ui/examples/completionscopes/testCcatchBreakLabelNonmatchingNested.key.proof 
48585      DEBUG main            d.u.i.k.p.i.AbstractProblemLoader Environment load took 141.3ns 
48586      INFO  main            d.u.i.k.p.i.AbstractProblemLoader Creating init config 
51011      DEBUG main            d.u.i.k.p.i.AbstractProblemLoader Init config took 2.42s 
51051      INFO  main            d.u.i.k.p.i.AbstractProblemLoader Replaying proof CompletionScopes[CompletionScopes::testBreakLabelNonmatchingNested()].JML normal_behavior operation contract.0 
51062      DEBUG main            d.u.i.k.p.i.IntermediateProofReplayer Proof replay took 9.11ms 
51063      DEBUG main            d.u.i.k.p.r.p.TestFile    ... success: reloaded. 
5063953    INFO  Test worker     d.u.i.k.p.r.RunAllProofsTestUnit Returning from test completionScopes 
5063954    INFO  Test worker     d.u.i.k.p.r.RunAllProofsTestUnit Running test reload_examples 
361        INFO  Timeout watchdog d.u.i.k.p.r.p.ForkedTestFileRunner Timeout watcher launched (2000 secs.) 
386        WARN  main            d.u.i.k.s.ProofSettings   The settings in /home/runner/.key/proof-settings.props are *not* read. 
425        INFO  main            d.u.i.k.p.r.p.TestFile    Now processing file /home/runner/work/key/key/key.core/../key.ui/examples/firstTouch/05-ReverseArray/reverseArray.key 
553        INFO  main            d.u.i.k.p.i.AbstractProblemLoader Loading environment from /home/runner/work/key/key/key.core/../key.ui/examples/firstTouch/05-ReverseArray/reverseArray.key 
569        DEBUG main            d.u.i.k.p.i.AbstractProblemLoader Environment load took 2.12ms 
797        INFO  main            d.u.i.k.p.i.AbstractProblemLoader Creating init config 
1739       DEBUG main            d.u.i.k.j.TypeConverter   No LDT found for Meta 
1739       DEBUG main            d.u.i.k.j.TypeConverter   No LDT found for Meta 
1742       DEBUG main            d.u.i.k.j.TypeConverter   No LDT found for Meta 
1742       DEBUG main            d.u.i.k.j.TypeConverter   No LDT found for Meta 
3518       DEBUG main            d.u.i.k.j.TypeConverter   No LDT found for JavaBigintExpression 
8642       DEBUG main            d.u.i.k.p.i.AbstractProblemLoader Init config took 7.84s 
8769       INFO  main            d.u.i.k.p.i.AbstractProblemLoader Replaying proof ReverseArray[ReverseArray::reverse()].JML normal_behavior operation contract.0 
8876       DEBUG main            d.u.i.k.p.i.IntermediateProofReplayer Proof replay took 40ns 
19622      INFO  main            d.u.i.k.p.r.p.TestFile    ... finished proof: closed. 
19855      INFO  main            d.u.i.k.p.i.AbstractProblemLoader Loading environment from /home/runner/work/key/key/key.core/../key.ui/examples/firstTouch/05-ReverseArray/reverseArray.key.proof 
19856      DEBUG main            d.u.i.k.p.i.AbstractProblemLoader Environment load took 967.91ns 
19862      INFO  main            d.u.i.k.p.i.AbstractProblemLoader Creating init config 
22710      DEBUG main            d.u.i.k.p.i.AbstractProblemLoader Init config took 2.85s 
22768      INFO  main            d.u.i.k.p.i.AbstractProblemLoader Replaying proof ReverseArray[ReverseArray::reverse()].JML normal_behavior operation contract.0 
24001      DEBUG main            d.u.i.k.p.i.IntermediateProofReplayer Proof replay took 1.17s 
24012      DEBUG main            d.u.i.k.p.r.p.TestFile    ... success: reloaded. 
24014      INFO  main            d.u.i.k.p.r.p.TestFile    Now processing file /home/runner/work/key/key/key.core/../key.ui/examples/standard_key/arith/saveProofTest.key.proof 
24015      INFO  main            d.u.i.k.p.i.AbstractProblemLoader Loading environment from /home/runner/work/key/key/key.core/../key.ui/examples/standard_key/arith/saveProofTest.key.proof 
24015      DEBUG main            d.u.i.k.p.i.AbstractProblemLoader Environment load took 222ns 
24017      INFO  main            d.u.i.k.p.i.AbstractProblemLoader Creating init config 
26511      DEBUG main            d.u.i.k.p.i.AbstractProblemLoader Init config took 2.49s 
26538      INFO  main            d.u.i.k.p.i.AbstractProblemLoader Replaying proof saveProofTest.key.proof 
26546      DEBUG main            d.u.i.k.p.i.IntermediateProofReplayer Proof replay took 3.31ms 
26547      INFO  main            d.u.i.k.p.r.p.TestFile    ... success: loaded 
26548      INFO  main            d.u.i.k.p.r.p.TestFile    Now processing file /home/runner/work/key/key/key.core/../key.ui/examples/heap/permutedSum/perm.proof 
26548      INFO  main            d.u.i.k.p.i.AbstractProblemLoader Loading environment from /home/runner/work/key/key/key.core/../key.ui/examples/heap/permutedSum/perm.proof 
26549      DEBUG main            d.u.i.k.p.i.AbstractProblemLoader Environment load took 206.1ns 
26552      INFO  main            d.u.i.k.p.i.AbstractProblemLoader Creating init config 
29335      DEBUG main            d.u.i.k.p.i.AbstractProblemLoader Init config took 2.78s 
29403      INFO  main            d.u.i.k.p.i.AbstractProblemLoader Replaying proof Perm[Perm::foo()].JML normal_behavior operation contract.0 
30598      DEBUG main            d.u.i.k.p.i.IntermediateProofReplayer Proof replay took 1.14s 
30601      INFO  main            d.u.i.k.p.r.p.TestFile    ... success: loaded 
30602      INFO  main            d.u.i.k.p.r.p.TestFile    Now processing file /home/runner/work/key/key/key.core/../key.ui/examples/firstTouch/05-ReverseArray/reverseArray.proof 
30603      INFO  main            d.u.i.k.p.i.AbstractProblemLoader Loading environment from /home/runner/work/key/key/key.core/../key.ui/examples/firstTouch/05-ReverseArray/reverseArray.proof 
30603      DEBUG main            d.u.i.k.p.i.AbstractProblemLoader Environment load took 232.1ns 
30608      INFO  main            d.u.i.k.p.i.AbstractProblemLoader Creating init config 
33350      DEBUG main            d.u.i.k.p.i.AbstractProblemLoader Init config took 2.74s 
33398      INFO  main            d.u.i.k.p.i.AbstractProblemLoader Replaying proof ReverseArray[ReverseArray::reverse()].JML normal_behavior operation contract.0 
34421      DEBUG main            d.u.i.k.p.i.IntermediateProofReplayer Proof replay took 982.57ms 
34425      INFO  main            d.u.i.k.p.r.p.TestFile    ... success: loaded 
34426      INFO  main            d.u.i.k.p.r.p.TestFile    Now processing file /home/runner/work/key/key/key.core/../key.ui/examples/heap/verifyThis15_1_RelaxedPrefix/relax.proof 
34427      INFO  main            d.u.i.k.p.i.AbstractProblemLoader Loading environment from /home/runner/work/key/key/key.core/../key.ui/examples/heap/verifyThis15_1_RelaxedPrefix/relax.proof 
34427      DEBUG main            d.u.i.k.p.i.AbstractProblemLoader Environment load took 204.7ns 
34429      INFO  main            d.u.i.k.p.i.AbstractProblemLoader Creating init config 
37028      DEBUG main            d.u.i.k.p.i.AbstractProblemLoader Init config took 2.6s 
37073      INFO  main            d.u.i.k.p.i.AbstractProblemLoader Replaying proof Relaxed[Relaxed::isRelaxedPrefix([I,[I)].JML operation contract.0 
37518      DEBUG main            d.u.i.k.p.i.IntermediateProofReplayer Proof replay took 427ms 
37520      INFO  main            d.u.i.k.p.r.p.TestFile    ... success: loaded 
37522      INFO  main            d.u.i.k.p.r.p.TestFile    Now processing file /home/runner/work/key/key/key.core/../key.ui/examples/heap/verifyThis15_3_DLL/doUndo.proof 
37522      INFO  main            d.u.i.k.p.i.AbstractProblemLoader Loading environment from /home/runner/work/key/key/key.core/../key.ui/examples/heap/verifyThis15_3_DLL/doUndo.proof 
37522      DEBUG main            d.u.i.k.p.i.AbstractProblemLoader Environment load took 197.6ns 
37524      INFO  main            d.u.i.k.p.i.AbstractProblemLoader Creating init config 
38458      DEBUG main            d.u.i.k.j.r.ClassPreparationMethodBuilder clPrepBuilder: Inner Class detected. Reject building class initialisation methods. 
40338      DEBUG main            d.u.i.k.p.i.AbstractProblemLoader Init config took 2.81s 
40457      INFO  main            d.u.i.k.p.i.AbstractProblemLoader Replaying proof DoubleLinkedList[DoubleLinkedList::doUndo(DoubleLinkedList.Node,int)].JML normal_behavior operation contract.0 
41165      DEBUG main            d.u.i.k.p.i.IntermediateProofReplayer Proof replay took 675.42ms 
41167      INFO  main            d.u.i.k.p.r.p.TestFile    ... success: loaded 
41168      INFO  main            d.u.i.k.p.r.p.TestFile    Now processing file /home/runner/work/key/key/key.core/../key.ui/examples/heap/verifyThis15_2_ParallelGcd/parallelGcd.proof 
41169      INFO  main            d.u.i.k.p.i.AbstractProblemLoader Loading environment from /home/runner/work/key/key/key.core/../key.ui/examples/heap/verifyThis15_2_ParallelGcd/parallelGcd.proof 
41169      DEBUG main            d.u.i.k.p.i.AbstractProblemLoader Environment load took 263.9ns 
41171      INFO  main            d.u.i.k.p.i.AbstractProblemLoader Creating init config 
43841      DEBUG main            d.u.i.k.p.i.AbstractProblemLoader Init config took 2.67s 
43917      INFO  main            d.u.i.k.p.i.AbstractProblemLoader Replaying proof ParallelGcd[ParallelGcd::parallelGcd(int,int,[Z)].JML behavior operation contract.0 
44544      DEBUG main            d.u.i.k.p.i.IntermediateProofReplayer Proof replay took 612.19ms 
44545      INFO  main            d.u.i.k.p.r.p.TestFile    ... success: loaded 
5108695    INFO  Test worker     d.u.i.k.p.r.RunAllProofsTestUnit Returning from test reload_examples 
5108696    INFO  Test worker     d.u.i.k.p.r.RunAllProofsTestUnit Running test proofLoadRepair 
355        INFO  Timeout watchdog d.u.i.k.p.r.p.ForkedTestFileRunner Timeout watcher launched (2000 secs.) 
359        WARN  main            d.u.i.k.s.ProofSettings   The settings in /home/runner/.key/proof-settings.props are *not* read. 
405        INFO  main            d.u.i.k.p.r.p.TestFile    Now processing file /home/runner/work/key/key/key.core/../key.ui/examples/proofLoadRepair/disjConj-manipulated.proof 
542        INFO  main            d.u.i.k.p.i.AbstractProblemLoader Loading environment from /home/runner/work/key/key/key.core/../key.ui/examples/proofLoadRepair/disjConj-manipulated.proof 
558        DEBUG main            d.u.i.k.p.i.AbstractProblemLoader Environment load took 2ms 
791        INFO  main            d.u.i.k.p.i.AbstractProblemLoader Creating init config 
1634       DEBUG main            d.u.i.k.j.TypeConverter   No LDT found for Meta 
1635       DEBUG main            d.u.i.k.j.TypeConverter   No LDT found for Meta 
1639       DEBUG main            d.u.i.k.j.TypeConverter   No LDT found for Meta 
1639       DEBUG main            d.u.i.k.j.TypeConverter   No LDT found for Meta 
3092       DEBUG main            d.u.i.k.j.TypeConverter   No LDT found for JavaBigintExpression 
8198       DEBUG main            d.u.i.k.p.i.AbstractProblemLoader Init config took 7.41s 
8280       INFO  main            d.u.i.k.p.i.AbstractProblemLoader Replaying proof disjConj-manipulated.proof 
8331       WARN  main            d.u.i.k.p.i.IntermediateProofReplayer Proof contains wrong number of \assumes instatiations for andLeft 
8332       WARN  main            d.u.i.k.p.i.IntermediateProofReplayer Proof contains wrong number of \assumes instatiations for replace_known_right 
8337       WARN  main            d.u.i.k.p.i.IntermediateProofReplayer Proof contains wrong number of \assumes instatiations for close 
8339       DEBUG main            d.u.i.k.p.i.IntermediateProofReplayer Proof replay took 19.72ms 
8344       INFO  main            d.u.i.k.p.r.p.TestFile    ... success: loaded 
8349       INFO  main            d.u.i.k.p.r.p.TestFile    Now processing file /home/runner/work/key/key/key.core/../key.ui/examples/proofLoadRepair/insufficient-manipulated.proof 
8349       INFO  main            d.u.i.k.p.i.AbstractProblemLoader Loading environment from /home/runner/work/key/key/key.core/../key.ui/examples/proofLoadRepair/insufficient-manipulated.proof 
8349       DEBUG main            d.u.i.k.p.i.AbstractProblemLoader Environment load took 215.8ns 
8353       INFO  main            d.u.i.k.p.i.AbstractProblemLoader Creating init config 
11258      DEBUG main            d.u.i.k.p.i.AbstractProblemLoader Init config took 2.9s 
11283      INFO  main            d.u.i.k.p.i.AbstractProblemLoader Replaying proof insufficient-manipulated.proof 
11311      WARN  main            d.u.i.k.p.i.IntermediateProofReplayer Proof contains wrong number of \assumes instatiations for applyEq 
11365      DEBUG main            d.u.i.k.p.i.IntermediateProofReplayer Proof replay took 60.4ms 
11370      INFO  main            d.u.i.k.p.r.p.TestFile    ... success: loading failed 
11378      INFO  main            d.u.i.k.p.r.p.TestFile    Now processing file /home/runner/work/key/key/key.core/../key.ui/examples/../../key.core/src/test/resources/testcase/issues/1716/incorrectPolarity.proof 
11379      INFO  main            d.u.i.k.p.i.AbstractProblemLoader Loading environment from /home/runner/work/key/key/key.core/../key.ui/examples/../../key.core/src/test/resources/testcase/issues/1716/incorrectPolarity.proof 
11379      DEBUG main            d.u.i.k.p.i.AbstractProblemLoader Environment load took 137.8ns 
11381      INFO  main            d.u.i.k.p.i.AbstractProblemLoader Creating init config 
14245      DEBUG main            d.u.i.k.p.i.AbstractProblemLoader Init config took 2.86s 
14275      INFO  main            d.u.i.k.p.i.AbstractProblemLoader Replaying proof incorrectPolarity.proof 
14277      DEBUG main            d.u.i.k.p.i.IntermediateProofReplayer Proof replay took 222.4ns 
14277      INFO  main            d.u.i.k.p.r.p.TestFile    ... success: loading failed 
14278      INFO  main            d.u.i.k.p.r.p.TestFile    Now processing file /home/runner/work/key/key/key.core/../key.ui/examples/../../key.core/src/test/resources/testcase/issues/1716/incorrectPolarity2.proof 
14279      INFO  main            d.u.i.k.p.i.AbstractProblemLoader Loading environment from /home/runner/work/key/key/key.core/../key.ui/examples/../../key.core/src/test/resources/testcase/issues/1716/incorrectPolarity2.proof 
14279      DEBUG main            d.u.i.k.p.i.AbstractProblemLoader Environment load took 126.3ns 
14280      INFO  main            d.u.i.k.p.i.AbstractProblemLoader Creating init config 
16929      DEBUG main            d.u.i.k.p.i.AbstractProblemLoader Init config took 2.65s 
16954      INFO  main            d.u.i.k.p.i.AbstractProblemLoader Replaying proof incorrectPolarity2.proof 
16956      DEBUG main            d.u.i.k.p.i.IntermediateProofReplayer Proof replay took 384ns 
16957      INFO  main            d.u.i.k.p.r.p.TestFile    ... success: loading failed 
16958      INFO  main            d.u.i.k.p.r.p.TestFile    Now processing file /home/runner/work/key/key/key.core/../key.ui/examples/../../key.core/src/test/resources/testcase/issues/1716/incorrectPolarity3.proof 
16958      INFO  main            d.u.i.k.p.i.AbstractProblemLoader Loading environment from /home/runner/work/key/key/key.core/../key.ui/examples/../../key.core/src/test/resources/testcase/issues/1716/incorrectPolarity3.proof 
16958      DEBUG main            d.u.i.k.p.i.AbstractProblemLoader Environment load took 151.2ns 
16960      INFO  main            d.u.i.k.p.i.AbstractProblemLoader Creating init config 
19539      DEBUG main            d.u.i.k.p.i.AbstractProblemLoader Init config took 2.58s 
19562      INFO  main            d.u.i.k.p.i.AbstractProblemLoader Replaying proof incorrectPolarity3.proof 
19565      DEBUG main            d.u.i.k.p.i.IntermediateProofReplayer Proof replay took 1.71ms 
19566      INFO  main            d.u.i.k.p.r.p.TestFile    ... success: loading failed 
5128448    INFO  Test worker     d.u.i.k.p.r.RunAllProofsTestUnit Returning from test proofLoadRepair 
5128449    INFO  Test worker     d.u.i.k.p.r.RunAllProofsTestUnit Running test switch 
341        INFO  Timeout watchdog d.u.i.k.p.r.p.ForkedTestFileRunner Timeout watcher launched (2000 secs.) 
349        WARN  main            d.u.i.k.s.ProofSettings   The settings in /home/runner/.key/proof-settings.props are *not* read. 
397        INFO  main            d.u.i.k.p.r.p.TestFile    Now processing file /home/runner/work/key/key/key.core/../key.ui/examples/standard_key/java_dl/switch/labeled_case.key 
524        INFO  main            d.u.i.k.p.i.AbstractProblemLoader Loading environment from /home/runner/work/key/key/key.core/../key.ui/examples/standard_key/java_dl/switch/labeled_case.key 
540        DEBUG main            d.u.i.k.p.i.AbstractProblemLoader Environment load took 2ms 
762        INFO  main            d.u.i.k.p.i.AbstractProblemLoader Creating init config 
1707       DEBUG main            d.u.i.k.j.TypeConverter   No LDT found for Meta 
1708       DEBUG main            d.u.i.k.j.TypeConverter   No LDT found for Meta 
1710       DEBUG main            d.u.i.k.j.TypeConverter   No LDT found for Meta 
1710       DEBUG main            d.u.i.k.j.TypeConverter   No LDT found for Meta 
2962       DEBUG main            d.u.i.k.j.TypeConverter   No LDT found for JavaBigintExpression 
8078       DEBUG main            d.u.i.k.p.i.AbstractProblemLoader Init config took 7.32s 
8203       INFO  main            d.u.i.k.p.i.AbstractProblemLoader Replaying proof LabeledCase[LabeledCase::m(int)].JML normal_behavior operation contract.0 
8236       DEBUG main            d.u.i.k.p.i.IntermediateProofReplayer Proof replay took 33.4ns 
8907       INFO  main            d.u.i.k.p.r.p.TestFile    ... finished proof: closed. 
9027       INFO  main            d.u.i.k.p.i.AbstractProblemLoader Loading environment from /home/runner/work/key/key/key.core/../key.ui/examples/standard_key/java_dl/switch/labeled_case.key.proof 
9029       DEBUG main            d.u.i.k.p.i.AbstractProblemLoader Environment load took 2.27ms 
9033       INFO  main            d.u.i.k.p.i.AbstractProblemLoader Creating init config 
11993      DEBUG main            d.u.i.k.p.i.AbstractProblemLoader Init config took 2.96s 
12096      INFO  main            d.u.i.k.p.i.AbstractProblemLoader Replaying proof LabeledCase[LabeledCase::m(int)].JML normal_behavior operation contract.0 
12207      DEBUG main            d.u.i.k.p.i.IntermediateProofReplayer Proof replay took 99.93ms 
12221      DEBUG main            d.u.i.k.p.r.p.TestFile    ... success: reloaded. 
12227      INFO  main            d.u.i.k.p.r.p.TestFile    Now processing file /home/runner/work/key/key/key.core/../key.ui/examples/standard_key/java_dl/switch/empty_switch.key 
12227      INFO  main            d.u.i.k.p.i.AbstractProblemLoader Loading environment from /home/runner/work/key/key/key.core/../key.ui/examples/standard_key/java_dl/switch/empty_switch.key 
12228      DEBUG main            d.u.i.k.p.i.AbstractProblemLoader Environment load took 230ns 
12229      INFO  main            d.u.i.k.p.i.AbstractProblemLoader Creating init config 
14957      DEBUG main            d.u.i.k.p.i.AbstractProblemLoader Init config took 2.73s 
14997      INFO  main            d.u.i.k.p.i.AbstractProblemLoader Replaying proof empty_switch.key 
15001      DEBUG main            d.u.i.k.p.i.IntermediateProofReplayer Proof replay took 84.4ns 
15105      INFO  main            d.u.i.k.p.r.p.TestFile    ... finished proof: closed. 
15240      INFO  main            d.u.i.k.p.i.AbstractProblemLoader Loading environment from /home/runner/work/key/key/key.core/../key.ui/examples/standard_key/java_dl/switch/empty_switch.key.proof 
15240      DEBUG main            d.u.i.k.p.i.AbstractProblemLoader Environment load took 147.1ns 
15242      INFO  main            d.u.i.k.p.i.AbstractProblemLoader Creating init config 
17838      DEBUG main            d.u.i.k.p.i.AbstractProblemLoader Init config took 2.6s 
17862      INFO  main            d.u.i.k.p.i.AbstractProblemLoader Replaying proof empty_switch.key.proof 
17867      DEBUG main            d.u.i.k.p.i.IntermediateProofReplayer Proof replay took 1.93ms 
17868      DEBUG main            d.u.i.k.p.r.p.TestFile    ... success: reloaded. 
17869      INFO  main            d.u.i.k.p.r.p.TestFile    Now processing file /home/runner/work/key/key/key.core/../key.ui/examples/standard_key/java_dl/switch/empty_switch_null.key 
17870      INFO  main            d.u.i.k.p.i.AbstractProblemLoader Loading environment from /home/runner/work/key/key/key.core/../key.ui/examples/standard_key/java_dl/switch/empty_switch_null.key 
17870      DEBUG main            d.u.i.k.p.i.AbstractProblemLoader Environment load took 193.6ns 
17871      INFO  main            d.u.i.k.p.i.AbstractProblemLoader Creating init config 
20462      DEBUG main            d.u.i.k.p.i.AbstractProblemLoader Init config took 2.59s 
20487      INFO  main            d.u.i.k.p.i.AbstractProblemLoader Replaying proof empty_switch_null.key 
20491      DEBUG main            d.u.i.k.p.i.IntermediateProofReplayer Proof replay took 7.8ns 
20694      INFO  main            d.u.i.k.p.r.p.TestFile    ... finished proof: closed. 
20846      INFO  main            d.u.i.k.p.i.AbstractProblemLoader Loading environment from /home/runner/work/key/key/key.core/../key.ui/examples/standard_key/java_dl/switch/empty_switch_null.key.proof 
20847      DEBUG main            d.u.i.k.p.i.AbstractProblemLoader Environment load took 1.13ms 
20850      INFO  main            d.u.i.k.p.i.AbstractProblemLoader Creating init config 
23374      DEBUG main            d.u.i.k.p.i.AbstractProblemLoader Init config took 2.52s 
23396      INFO  main            d.u.i.k.p.i.AbstractProblemLoader Replaying proof empty_switch_null.key.proof 
23429      DEBUG main            d.u.i.k.p.i.IntermediateProofReplayer Proof replay took 29.33ms 
23430      DEBUG main            d.u.i.k.p.r.p.TestFile    ... success: reloaded. 
23431      INFO  main            d.u.i.k.p.r.p.TestFile    Now processing file /home/runner/work/key/key/key.core/../key.ui/examples/standard_key/java_dl/switch/empty_switch_null_catch.key 
23431      INFO  main            d.u.i.k.p.i.AbstractProblemLoader Loading environment from /home/runner/work/key/key/key.core/../key.ui/examples/standard_key/java_dl/switch/empty_switch_null_catch.key 
23431      DEBUG main            d.u.i.k.p.i.AbstractProblemLoader Environment load took 190.7ns 
23433      INFO  main            d.u.i.k.p.i.AbstractProblemLoader Creating init config 
25987      DEBUG main            d.u.i.k.p.i.AbstractProblemLoader Init config took 2.55s 
26008      INFO  main            d.u.i.k.p.i.AbstractProblemLoader Replaying proof empty_switch_null_catch.key 
26010      DEBUG main            d.u.i.k.p.i.IntermediateProofReplayer Proof replay took 6.3ns 
26215      INFO  main            d.u.i.k.p.r.p.TestFile    ... finished proof: closed. 
26384      INFO  main            d.u.i.k.p.i.AbstractProblemLoader Loading environment from /home/runner/work/key/key/key.core/../key.ui/examples/standard_key/java_dl/switch/empty_switch_null_catch.key.proof 
26385      DEBUG main            d.u.i.k.p.i.AbstractProblemLoader Environment load took 1.33ms 
26389      INFO  main            d.u.i.k.p.i.AbstractProblemLoader Creating init config 
28979      DEBUG main            d.u.i.k.p.i.AbstractProblemLoader Init config took 2.59s 
29009      INFO  main            d.u.i.k.p.i.AbstractProblemLoader Replaying proof empty_switch_null_catch.key.proof 
29070      DEBUG main            d.u.i.k.p.i.IntermediateProofReplayer Proof replay took 56.15ms 
29071      DEBUG main            d.u.i.k.p.r.p.TestFile    ... success: reloaded. 
29072      INFO  main            d.u.i.k.p.r.p.TestFile    Now processing file /home/runner/work/key/key/key.core/../key.ui/examples/standard_key/java_dl/switch/empty_switch_array_out_of_bounds.key 
29072      INFO  main            d.u.i.k.p.i.AbstractProblemLoader Loading environment from /home/runner/work/key/key/key.core/../key.ui/examples/standard_key/java_dl/switch/empty_switch_array_out_of_bounds.key 
29073      DEBUG main            d.u.i.k.p.i.AbstractProblemLoader Environment load took 185.5ns 
29074      INFO  main            d.u.i.k.p.i.AbstractProblemLoader Creating init config 
31593      DEBUG main            d.u.i.k.p.i.AbstractProblemLoader Init config took 2.52s 
31616      INFO  main            d.u.i.k.p.i.AbstractProblemLoader Replaying proof empty_switch_array_out_of_bounds.key 
31620      DEBUG main            d.u.i.k.p.i.IntermediateProofReplayer Proof replay took 6.9ns 
31823      INFO  main            d.u.i.k.p.r.p.TestFile    ... finished proof: closed. 
32004      INFO  main            d.u.i.k.p.i.AbstractProblemLoader Loading environment from /home/runner/work/key/key/key.core/../key.ui/examples/standard_key/java_dl/switch/empty_switch_array_out_of_bounds.key.proof 
32004      DEBUG main            d.u.i.k.p.i.AbstractProblemLoader Environment load took 733.11ns 
32007      INFO  main            d.u.i.k.p.i.AbstractProblemLoader Creating init config 
34522      DEBUG main            d.u.i.k.p.i.AbstractProblemLoader Init config took 2.51s 
34548      INFO  main            d.u.i.k.p.i.AbstractProblemLoader Replaying proof empty_switch_array_out_of_bounds.key.proof 
34626      DEBUG main            d.u.i.k.p.i.IntermediateProofReplayer Proof replay took 73.25ms 
34627      DEBUG main            d.u.i.k.p.r.p.TestFile    ... success: reloaded. 
34629      INFO  main            d.u.i.k.p.r.p.TestFile    Now processing file /home/runner/work/key/key/key.core/../key.ui/examples/standard_key/java_dl/switch/empty_switch_array_out_of_bounds_catch.key 
34629      INFO  main            d.u.i.k.p.i.AbstractProblemLoader Loading environment from /home/runner/work/key/key/key.core/../key.ui/examples/standard_key/java_dl/switch/empty_switch_array_out_of_bounds_catch.key 
34629      DEBUG main            d.u.i.k.p.i.AbstractProblemLoader Environment load took 473.71ns 
34630      INFO  main            d.u.i.k.p.i.AbstractProblemLoader Creating init config 
37136      DEBUG main            d.u.i.k.p.i.AbstractProblemLoader Init config took 2.51s 
37156      INFO  main            d.u.i.k.p.i.AbstractProblemLoader Replaying proof empty_switch_array_out_of_bounds_catch.key 
37159      DEBUG main            d.u.i.k.p.i.IntermediateProofReplayer Proof replay took 8.4ns 
37363      INFO  main            d.u.i.k.p.r.p.TestFile    ... finished proof: closed. 
37552      INFO  main            d.u.i.k.p.i.AbstractProblemLoader Loading environment from /home/runner/work/key/key/key.core/../key.ui/examples/standard_key/java_dl/switch/empty_switch_array_out_of_bounds_catch.key.proof 
37553      DEBUG main            d.u.i.k.p.i.AbstractProblemLoader Environment load took 139.3ns 
37554      INFO  main            d.u.i.k.p.i.AbstractProblemLoader Creating init config 
40074      DEBUG main            d.u.i.k.p.i.AbstractProblemLoader Init config took 2.52s 
40093      INFO  main            d.u.i.k.p.i.AbstractProblemLoader Replaying proof empty_switch_array_out_of_bounds_catch.key.proof 
40143      DEBUG main            d.u.i.k.p.i.IntermediateProofReplayer Proof replay took 45.17ms 
40147      DEBUG main            d.u.i.k.p.r.p.TestFile    ... success: reloaded. 
40148      INFO  main            d.u.i.k.p.r.p.TestFile    Now processing file /home/runner/work/key/key/key.core/../key.ui/examples/standard_key/java_dl/switch/switch_in_switch.key 
40148      INFO  main            d.u.i.k.p.i.AbstractProblemLoader Loading environment from /home/runner/work/key/key/key.core/../key.ui/examples/standard_key/java_dl/switch/switch_in_switch.key 
40148      DEBUG main            d.u.i.k.p.i.AbstractProblemLoader Environment load took 136.7ns 
40150      INFO  main            d.u.i.k.p.i.AbstractProblemLoader Creating init config 
42737      DEBUG main            d.u.i.k.p.i.AbstractProblemLoader Init config took 2.59s 
42782      INFO  main            d.u.i.k.p.i.AbstractProblemLoader Replaying proof SwitchInSwitch[SwitchInSwitch::m(int)].JML normal_behavior operation contract.0 
42783      DEBUG main            d.u.i.k.p.i.IntermediateProofReplayer Proof replay took 7.7ns 
47374      INFO  main            d.u.i.k.p.r.p.TestFile    ... finished proof: closed. 
47635      INFO  main            d.u.i.k.p.i.AbstractProblemLoader Loading environment from /home/runner/work/key/key/key.core/../key.ui/examples/standard_key/java_dl/switch/switch_in_switch.key.proof 
47635      DEBUG main            d.u.i.k.p.i.AbstractProblemLoader Environment load took 427.21ns 
47637      INFO  main            d.u.i.k.p.i.AbstractProblemLoader Creating init config 
50156      DEBUG main            d.u.i.k.p.i.AbstractProblemLoader Init config took 2.52s 
50209      INFO  main            d.u.i.k.p.i.AbstractProblemLoader Replaying proof SwitchInSwitch[SwitchInSwitch::m(int)].JML normal_behavior operation contract.0 
50748      DEBUG main            d.u.i.k.p.i.IntermediateProofReplayer Proof replay took 501.32ms 
50750      DEBUG main            d.u.i.k.p.r.p.TestFile    ... success: reloaded. 
50752      INFO  main            d.u.i.k.p.r.p.TestFile    Now processing file /home/runner/work/key/key/key.core/../key.ui/examples/standard_key/java_dl/switch/while_and_switch.key 
50752      INFO  main            d.u.i.k.p.i.AbstractProblemLoader Loading environment from /home/runner/work/key/key/key.core/../key.ui/examples/standard_key/java_dl/switch/while_and_switch.key 
50752      DEBUG main            d.u.i.k.p.i.AbstractProblemLoader Environment load took 418.61ns 
50754      INFO  main            d.u.i.k.p.i.AbstractProblemLoader Creating init config 
53372      DEBUG main            d.u.i.k.p.i.AbstractProblemLoader Init config took 2.62s 
53415      INFO  main            d.u.i.k.p.i.AbstractProblemLoader Replaying proof WhileAndSwitch[WhileAndSwitch::m(int)].JML normal_behavior operation contract.0 
53417      DEBUG main            d.u.i.k.p.i.IntermediateProofReplayer Proof replay took 6.3ns 
54161      INFO  main            d.u.i.k.p.r.p.TestFile    ... finished proof: closed. 
54358      INFO  main            d.u.i.k.p.i.AbstractProblemLoader Loading environment from /home/runner/work/key/key/key.core/../key.ui/examples/standard_key/java_dl/switch/while_and_switch.key.proof 
54359      DEBUG main            d.u.i.k.p.i.AbstractProblemLoader Environment load took 941.31ns 
54361      INFO  main            d.u.i.k.p.i.AbstractProblemLoader Creating init config 
56899      DEBUG main            d.u.i.k.p.i.AbstractProblemLoader Init config took 2.54s 
56950      INFO  main            d.u.i.k.p.i.AbstractProblemLoader Replaying proof WhileAndSwitch[WhileAndSwitch::m(int)].JML normal_behavior operation contract.0 
57091      DEBUG main            d.u.i.k.p.i.IntermediateProofReplayer Proof replay took 133.85ms 
57092      DEBUG main            d.u.i.k.p.r.p.TestFile    ... success: reloaded. 
57094      INFO  main            d.u.i.k.p.r.p.TestFile    Now processing file /home/runner/work/key/key/key.core/../key.ui/examples/standard_key/java_dl/switch/large_switch.key 
57094      INFO  main            d.u.i.k.p.i.AbstractProblemLoader Loading environment from /home/runner/work/key/key/key.core/../key.ui/examples/standard_key/java_dl/switch/large_switch.key 
57094      DEBUG main            d.u.i.k.p.i.AbstractProblemLoader Environment load took 179.3ns 
57095      INFO  main            d.u.i.k.p.i.AbstractProblemLoader Creating init config 
59661      DEBUG main            d.u.i.k.p.i.AbstractProblemLoader Init config took 2.57s 
59700      INFO  main            d.u.i.k.p.i.AbstractProblemLoader Replaying proof LargeSwitch[LargeSwitch::m(int)].JML normal_behavior operation contract.0 
59701      DEBUG main            d.u.i.k.p.i.IntermediateProofReplayer Proof replay took 16.1ns 
61050      INFO  main            d.u.i.k.p.r.p.TestFile    ... finished proof: closed. 
61257      INFO  main            d.u.i.k.p.i.AbstractProblemLoader Loading environment from /home/runner/work/key/key/key.core/../key.ui/examples/standard_key/java_dl/switch/large_switch.key.proof 
61261      DEBUG main            d.u.i.k.p.i.AbstractProblemLoader Environment load took 3.58ms 
61263      INFO  main            d.u.i.k.p.i.AbstractProblemLoader Creating init config 
63802      DEBUG main            d.u.i.k.p.i.AbstractProblemLoader Init config took 2.54s 
63840      INFO  main            d.u.i.k.p.i.AbstractProblemLoader Replaying proof LargeSwitch[LargeSwitch::m(int)].JML normal_behavior operation contract.0 
64174      DEBUG main            d.u.i.k.p.i.IntermediateProofReplayer Proof replay took 318.28ms 
64176      DEBUG main            d.u.i.k.p.r.p.TestFile    ... success: reloaded. 
5192800    INFO  Test worker     d.u.i.k.p.r.RunAllProofsTestUnit Returning from test switch 
5192801    INFO  Test worker     d.u.i.k.p.r.RunAllProofsTestUnit Running test redux 
348        INFO  Timeout watchdog d.u.i.k.p.r.p.ForkedTestFileRunner Timeout watcher launched (2000 secs.) 
365        WARN  main            d.u.i.k.s.ProofSettings   The settings in /home/runner/.key/proof-settings.props are *not* read. 
415        INFO  main            d.u.i.k.p.r.p.TestFile    Now processing file /home/runner/work/key/key/key.core/../key.ui/examples/redux/arrays/Arrays.copyOf.key 
544        INFO  main            d.u.i.k.p.i.AbstractProblemLoader Loading environment from /home/runner/work/key/key/key.core/../key.ui/examples/redux/arrays/Arrays.copyOf.key 
560        DEBUG main            d.u.i.k.p.i.AbstractProblemLoader Environment load took 2.22ms 
773        INFO  main            d.u.i.k.p.i.AbstractProblemLoader Creating init config 
1713       DEBUG main            d.u.i.k.j.TypeConverter   No LDT found for Meta 
1713       DEBUG main            d.u.i.k.j.TypeConverter   No LDT found for Meta 
1714       DEBUG main            d.u.i.k.j.TypeConverter   No LDT found for Meta 
1714       DEBUG main            d.u.i.k.j.TypeConverter   No LDT found for Meta 
3422       DEBUG main            d.u.i.k.j.TypeConverter   No LDT found for JavaBigintExpression 
9101       DEBUG main            d.u.i.k.p.i.AbstractProblemLoader Init config took 8.33s 
9229       INFO  main            d.u.i.k.p.i.AbstractProblemLoader Replaying proof Arrays[Arrays::copyOf([I,int)].JML normal_behavior operation contract.0 
9263       DEBUG main            d.u.i.k.p.i.IntermediateProofReplayer Proof replay took 34.5ns 
14575      INFO  main            d.u.i.k.p.r.p.TestFile    ... finished proof: closed. 
14783      INFO  main            d.u.i.k.p.i.AbstractProblemLoader Loading environment from /home/runner/work/key/key/key.core/../key.ui/examples/redux/arrays/Arrays.copyOf.key.proof 
14785      DEBUG main            d.u.i.k.p.i.AbstractProblemLoader Environment load took 2.01ms 
14788      INFO  main            d.u.i.k.p.i.AbstractProblemLoader Creating init config 
18182      DEBUG main            d.u.i.k.p.i.AbstractProblemLoader Init config took 3.39s 
18242      INFO  main            d.u.i.k.p.i.AbstractProblemLoader Replaying proof Arrays[Arrays::copyOf([I,int)].JML normal_behavior operation contract.0 
18884      DEBUG main            d.u.i.k.p.i.IntermediateProofReplayer Proof replay took 619.85ms 
18896      DEBUG main            d.u.i.k.p.r.p.TestFile    ... success: reloaded. 
18898      INFO  main            d.u.i.k.p.r.p.TestFile    Now processing file /home/runner/work/key/key/key.core/../key.ui/examples/redux/arrays/Arrays.copyOf.float.key 
18898      INFO  main            d.u.i.k.p.i.AbstractProblemLoader Loading environment from /home/runner/work/key/key/key.core/../key.ui/examples/redux/arrays/Arrays.copyOf.float.key 
18899      DEBUG main            d.u.i.k.p.i.AbstractProblemLoader Environment load took 216ns 
18903      INFO  main            d.u.i.k.p.i.AbstractProblemLoader Creating init config 
22242      DEBUG main            d.u.i.k.p.i.AbstractProblemLoader Init config took 3.34s 
22302      INFO  main            d.u.i.k.p.i.AbstractProblemLoader Replaying proof Arrays[Arrays::copyOf([F,int)].JML normal_behavior operation contract.0 
22304      DEBUG main            d.u.i.k.p.i.IntermediateProofReplayer Proof replay took 8.5ns 
22332      DEBUG main            d.u.i.k.m.s.ProofScriptEngine 1: 'macro autopilot' 
26944      DEBUG main            d.u.i.k.m.s.ProofScriptEngine 2: 'smt solver=Z3' 
27040      INFO  main            d.u.i.k.m.s.SMTCommand    Finished run on goal 17 in 66ms, result is valid 
27041      DEBUG main            d.u.i.k.m.s.ProofScriptEngine 3: 'tryclose' 
28955      INFO  main            d.u.i.k.p.r.p.TestFile    ... finished proof: closed. 
29160      INFO  main            d.u.i.k.p.i.AbstractProblemLoader Loading environment from /home/runner/work/key/key/key.core/../key.ui/examples/redux/arrays/Arrays.copyOf.float.key.proof 
29160      DEBUG main            d.u.i.k.p.i.AbstractProblemLoader Environment load took 512.81ns 
29168      INFO  main            d.u.i.k.p.i.AbstractProblemLoader Creating init config 
32389      DEBUG main            d.u.i.k.p.i.AbstractProblemLoader Init config took 3.22s 
32452      INFO  main            d.u.i.k.p.i.AbstractProblemLoader Replaying proof Arrays[Arrays::copyOf([F,int)].JML normal_behavior operation contract.0 
32548      INFO  main            d.u.i.k.s.SMTFocusResults Analyzing unsat core: (L_6) 
33269      DEBUG main            d.u.i.k.p.i.IntermediateProofReplayer Proof replay took 784.37ms 
33271      DEBUG main            d.u.i.k.p.r.p.TestFile    ... success: reloaded. 
33273      INFO  main            d.u.i.k.p.r.p.TestFile    Now processing file /home/runner/work/key/key/key.core/../key.ui/examples/redux/arrays/Arrays.copyOfRange.key 
33274      INFO  main            d.u.i.k.p.i.AbstractProblemLoader Loading environment from /home/runner/work/key/key/key.core/../key.ui/examples/redux/arrays/Arrays.copyOfRange.key 
33274      DEBUG main            d.u.i.k.p.i.AbstractProblemLoader Environment load took 202.6ns 
33276      INFO  main            d.u.i.k.p.i.AbstractProblemLoader Creating init config 
36618      DEBUG main            d.u.i.k.p.i.AbstractProblemLoader Init config took 3.34s 
36664      INFO  main            d.u.i.k.p.i.AbstractProblemLoader Replaying proof Arrays[Arrays::copyOfRange([I,int,int)].JML normal_behavior operation contract.0 
36666      DEBUG main            d.u.i.k.p.i.IntermediateProofReplayer Proof replay took 6.4ns 
41440      INFO  main            d.u.i.k.p.r.p.TestFile    ... finished proof: closed. 
41699      INFO  main            d.u.i.k.p.i.AbstractProblemLoader Loading environment from /home/runner/work/key/key/key.core/../key.ui/examples/redux/arrays/Arrays.copyOfRange.key.proof 
41700      DEBUG main            d.u.i.k.p.i.AbstractProblemLoader Environment load took 425.9ns 
41702      INFO  main            d.u.i.k.p.i.AbstractProblemLoader Creating init config 
44869      DEBUG main            d.u.i.k.p.i.AbstractProblemLoader Init config took 3.17s 
44914      INFO  main            d.u.i.k.p.i.AbstractProblemLoader Replaying proof Arrays[Arrays::copyOfRange([I,int,int)].JML normal_behavior operation contract.0 
45444      DEBUG main            d.u.i.k.p.i.IntermediateProofReplayer Proof replay took 506.64ms 
45446      DEBUG main            d.u.i.k.p.r.p.TestFile    ... success: reloaded. 
45447      INFO  main            d.u.i.k.p.r.p.TestFile    Now processing file /home/runner/work/key/key/key.core/../key.ui/examples/redux/arrays/Arrays.copyOfRange.float.key 
45447      INFO  main            d.u.i.k.p.i.AbstractProblemLoader Loading environment from /home/runner/work/key/key/key.core/../key.ui/examples/redux/arrays/Arrays.copyOfRange.float.key 
45447      DEBUG main            d.u.i.k.p.i.AbstractProblemLoader Environment load took 235.4ns 
45448      INFO  main            d.u.i.k.p.i.AbstractProblemLoader Creating init config 
48590      DEBUG main            d.u.i.k.p.i.AbstractProblemLoader Init config took 3.14s 
48633      INFO  main            d.u.i.k.p.i.AbstractProblemLoader Replaying proof Arrays[Arrays::copyOfRange([F,int,int)].JML normal_behavior operation contract.0 
48635      DEBUG main            d.u.i.k.p.i.IntermediateProofReplayer Proof replay took 6.7ns 
48636      DEBUG main            d.u.i.k.m.s.ProofScriptEngine 1: 'macro autopilot' 
54866      DEBUG main            d.u.i.k.m.s.ProofScriptEngine 2: 'smt solver=Z3' 
54913      INFO  main            d.u.i.k.m.s.SMTCommand    Finished run on goal 27 in 42ms, result is valid 
54913      DEBUG main            d.u.i.k.m.s.ProofScriptEngine 3: 'tryclose' 
58515      INFO  main            d.u.i.k.p.r.p.TestFile    ... finished proof: closed. 
58729      INFO  main            d.u.i.k.p.i.AbstractProblemLoader Loading environment from /home/runner/work/key/key/key.core/../key.ui/examples/redux/arrays/Arrays.copyOfRange.float.key.proof 
58730      DEBUG main            d.u.i.k.p.i.AbstractProblemLoader Environment load took 439.01ns 
58733      INFO  main            d.u.i.k.p.i.AbstractProblemLoader Creating init config 
61882      DEBUG main            d.u.i.k.p.i.AbstractProblemLoader Init config took 3.15s 
61925      INFO  main            d.u.i.k.p.i.AbstractProblemLoader Replaying proof Arrays[Arrays::copyOfRange([F,int,int)].JML normal_behavior operation contract.0 
62003      INFO  main            d.u.i.k.s.SMTFocusResults Analyzing unsat core: (L_8) 
62906      DEBUG main            d.u.i.k.p.i.IntermediateProofReplayer Proof replay took 955.44ms 
62908      DEBUG main            d.u.i.k.p.r.p.TestFile    ... success: reloaded. 
62909      INFO  main            d.u.i.k.p.r.p.TestFile    Now processing file /home/runner/work/key/key/key.core/../key.ui/examples/redux/arrays/Arrays.equals.key 
62909      INFO  main            d.u.i.k.p.i.AbstractProblemLoader Loading environment from /home/runner/work/key/key/key.core/../key.ui/examples/redux/arrays/Arrays.equals.key 
62910      DEBUG main            d.u.i.k.p.i.AbstractProblemLoader Environment load took 207.7ns 
62912      INFO  main            d.u.i.k.p.i.AbstractProblemLoader Creating init config 
66133      DEBUG main            d.u.i.k.p.i.AbstractProblemLoader Init config took 3.22s 
66187      INFO  main            d.u.i.k.p.i.AbstractProblemLoader Replaying proof Arrays[Arrays::equals([B,[B)].JML normal_behavior operation contract.0 
66188      DEBUG main            d.u.i.k.p.i.IntermediateProofReplayer Proof replay took 7ns 
66692      INFO  main            d.u.i.k.p.r.p.TestFile    ... finished proof: closed. 
66952      INFO  main            d.u.i.k.p.i.AbstractProblemLoader Loading environment from /home/runner/work/key/key/key.core/../key.ui/examples/redux/arrays/Arrays.equals.key.proof 
66952      DEBUG main            d.u.i.k.p.i.AbstractProblemLoader Environment load took 458.41ns 
66953      INFO  main            d.u.i.k.p.i.AbstractProblemLoader Creating init config 
70024      DEBUG main            d.u.i.k.p.i.AbstractProblemLoader Init config took 3.07s 
70064      INFO  main            d.u.i.k.p.i.AbstractProblemLoader Replaying proof Arrays[Arrays::equals([B,[B)].JML normal_behavior operation contract.0 
70227      DEBUG main            d.u.i.k.p.i.IntermediateProofReplayer Proof replay took 159.13ms 
70229      DEBUG main            d.u.i.k.p.r.p.TestFile    ... success: reloaded. 
70230      INFO  main            d.u.i.k.p.r.p.TestFile    Now processing file /home/runner/work/key/key/key.core/../key.ui/examples/redux/arrays/Arrays.fill.key 
70230      INFO  main            d.u.i.k.p.i.AbstractProblemLoader Loading environment from /home/runner/work/key/key/key.core/../key.ui/examples/redux/arrays/Arrays.fill.key 
70230      DEBUG main            d.u.i.k.p.i.AbstractProblemLoader Environment load took 183.7ns 
70231      INFO  main            d.u.i.k.p.i.AbstractProblemLoader Creating init config 
73353      DEBUG main            d.u.i.k.p.i.AbstractProblemLoader Init config took 3.12s 
73394      INFO  main            d.u.i.k.p.i.AbstractProblemLoader Replaying proof Arrays[Arrays::fill([I,int)].JML normal_behavior operation contract.0 
73395      DEBUG main            d.u.i.k.p.i.IntermediateProofReplayer Proof replay took 6.8ns 
73601      INFO  main            d.u.i.k.p.r.p.TestFile    ... finished proof: closed. 
73800      INFO  main            d.u.i.k.p.i.AbstractProblemLoader Loading environment from /home/runner/work/key/key/key.core/../key.ui/examples/redux/arrays/Arrays.fill.key.proof 
73800      DEBUG main            d.u.i.k.p.i.AbstractProblemLoader Environment load took 153.1ns 
73801      INFO  main            d.u.i.k.p.i.AbstractProblemLoader Creating init config 
76859      DEBUG main            d.u.i.k.p.i.AbstractProblemLoader Init config took 3.06s 
76899      INFO  main            d.u.i.k.p.i.AbstractProblemLoader Replaying proof Arrays[Arrays::fill([I,int)].JML normal_behavior operation contract.0 
76932      DEBUG main            d.u.i.k.p.i.IntermediateProofReplayer Proof replay took 30.78ms 
76933      DEBUG main            d.u.i.k.p.r.p.TestFile    ... success: reloaded. 
76933      INFO  main            d.u.i.k.p.r.p.TestFile    Now processing file /home/runner/work/key/key/key.core/../key.ui/examples/redux/arrays/Arrays.fill.float.key 
76934      INFO  main            d.u.i.k.p.i.AbstractProblemLoader Loading environment from /home/runner/work/key/key/key.core/../key.ui/examples/redux/arrays/Arrays.fill.float.key 
76934      DEBUG main            d.u.i.k.p.i.AbstractProblemLoader Environment load took 100.7ns 
76935      INFO  main            d.u.i.k.p.i.AbstractProblemLoader Creating init config 
80058      DEBUG main            d.u.i.k.p.i.AbstractProblemLoader Init config took 3.12s 
80097      INFO  main            d.u.i.k.p.i.AbstractProblemLoader Replaying proof Arrays[Arrays::fill([F,float)].JML normal_behavior operation contract.0 
80098      DEBUG main            d.u.i.k.p.i.IntermediateProofReplayer Proof replay took 7.4ns 
80301      INFO  main            d.u.i.k.p.r.p.TestFile    ... finished proof: closed. 
80517      INFO  main            d.u.i.k.p.i.AbstractProblemLoader Loading environment from /home/runner/work/key/key/key.core/../key.ui/examples/redux/arrays/Arrays.fill.float.key.proof 
80517      DEBUG main            d.u.i.k.p.i.AbstractProblemLoader Environment load took 156.7ns 
80518      INFO  main            d.u.i.k.p.i.AbstractProblemLoader Creating init config 
83603      DEBUG main            d.u.i.k.p.i.AbstractProblemLoader Init config took 3.08s 
83642      INFO  main            d.u.i.k.p.i.AbstractProblemLoader Replaying proof Arrays[Arrays::fill([F,float)].JML normal_behavior operation contract.0 
83692      DEBUG main            d.u.i.k.p.i.IntermediateProofReplayer Proof replay took 47.49ms 
83693      DEBUG main            d.u.i.k.p.r.p.TestFile    ... success: reloaded. 
83694      INFO  main            d.u.i.k.p.r.p.TestFile    Now processing file /home/runner/work/key/key/key.core/../key.ui/examples/redux/arrays/Arrays.fillFromTo.key 
83694      INFO  main            d.u.i.k.p.i.AbstractProblemLoader Loading environment from /home/runner/work/key/key/key.core/../key.ui/examples/redux/arrays/Arrays.fillFromTo.key 
83695      DEBUG main            d.u.i.k.p.i.AbstractProblemLoader Environment load took 101.9ns 
83695      INFO  main            d.u.i.k.p.i.AbstractProblemLoader Creating init config 
86790      DEBUG main            d.u.i.k.p.i.AbstractProblemLoader Init config took 3.09s 
86828      INFO  main            d.u.i.k.p.i.AbstractProblemLoader Replaying proof Arrays[Arrays::fill([I,int,int,int)].JML normal_behavior operation contract.0 
86829      DEBUG main            d.u.i.k.p.i.IntermediateProofReplayer Proof replay took 7.1ns 
87433      INFO  main            d.u.i.k.p.r.p.TestFile    ... finished proof: closed. 
87636      INFO  main            d.u.i.k.p.i.AbstractProblemLoader Loading environment from /home/runner/work/key/key/key.core/../key.ui/examples/redux/arrays/Arrays.fillFromTo.key.proof 
87636      DEBUG main            d.u.i.k.p.i.AbstractProblemLoader Environment load took 451.2ns 
87638      INFO  main            d.u.i.k.p.i.AbstractProblemLoader Creating init config 
90694      DEBUG main            d.u.i.k.p.i.AbstractProblemLoader Init config took 3.06s 
90733      INFO  main            d.u.i.k.p.i.AbstractProblemLoader Replaying proof Arrays[Arrays::fill([I,int,int,int)].JML normal_behavior operation contract.0 
90846      DEBUG main            d.u.i.k.p.i.IntermediateProofReplayer Proof replay took 109.22ms 
90847      DEBUG main            d.u.i.k.p.r.p.TestFile    ... success: reloaded. 
90848      INFO  main            d.u.i.k.p.r.p.TestFile    Now processing file /home/runner/work/key/key/key.core/../key.ui/examples/redux/arrays/Arrays.fillFromTo.float.key 
90849      INFO  main            d.u.i.k.p.i.AbstractProblemLoader Loading environment from /home/runner/work/key/key/key.core/../key.ui/examples/redux/arrays/Arrays.fillFromTo.float.key 
90849      DEBUG main            d.u.i.k.p.i.AbstractProblemLoader Environment load took 216.6ns 
90850      INFO  main            d.u.i.k.p.i.AbstractProblemLoader Creating init config 
93991      DEBUG main            d.u.i.k.p.i.AbstractProblemLoader Init config took 3.14s 
94030      INFO  main            d.u.i.k.p.i.AbstractProblemLoader Replaying proof Arrays[Arrays::fill([F,int,int,float)].JML normal_behavior operation contract.0 
94031      DEBUG main            d.u.i.k.p.i.IntermediateProofReplayer Proof replay took 6.7ns 
94736      INFO  main            d.u.i.k.p.r.p.TestFile    ... finished proof: closed. 
94986      INFO  main            d.u.i.k.p.i.AbstractProblemLoader Loading environment from /home/runner/work/key/key/key.core/../key.ui/examples/redux/arrays/Arrays.fillFromTo.float.key.proof 
94987      DEBUG main            d.u.i.k.p.i.AbstractProblemLoader Environment load took 425ns 
94988      INFO  main            d.u.i.k.p.i.AbstractProblemLoader Creating init config 
98068      DEBUG main            d.u.i.k.p.i.AbstractProblemLoader Init config took 3.08s 
98104      INFO  main            d.u.i.k.p.i.AbstractProblemLoader Replaying proof Arrays[Arrays::fill([F,int,int,float)].JML normal_behavior operation contract.0 
98242      DEBUG main            d.u.i.k.p.i.IntermediateProofReplayer Proof replay took 132.78ms 
98243      DEBUG main            d.u.i.k.p.r.p.TestFile    ... success: reloaded. 
98244      INFO  main            d.u.i.k.p.r.p.TestFile    Now processing file /home/runner/work/key/key/key.core/../key.ui/examples/redux/arrays/ArrayCopy.arraycopy.normal.0.key 
98245      INFO  main            d.u.i.k.p.i.AbstractProblemLoader Loading environment from /home/runner/work/key/key/key.core/../key.ui/examples/redux/arrays/ArrayCopy.arraycopy.normal.0.key 
98245      DEBUG main            d.u.i.k.p.i.AbstractProblemLoader Environment load took 161.1ns 
98246      INFO  main            d.u.i.k.p.i.AbstractProblemLoader Creating init config 
101328     DEBUG main            d.u.i.k.p.i.AbstractProblemLoader Init config took 3.08s 
101370     INFO  main            d.u.i.k.p.i.AbstractProblemLoader Replaying proof ArrayCopy[ArrayCopy::arraycopy(java.lang.Object,int,java.lang.Object,int,int)].JML normal_behavior operation contract.0 
101372     DEBUG main            d.u.i.k.p.i.IntermediateProofReplayer Proof replay took 8.6ns 
107934     INFO  main            d.u.i.k.p.r.p.TestFile    ... finished proof: closed. 
108181     INFO  main            d.u.i.k.p.i.AbstractProblemLoader Loading environment from /home/runner/work/key/key/key.core/../key.ui/examples/redux/arrays/ArrayCopy.arraycopy.normal.0.key.proof 
108181     DEBUG main            d.u.i.k.p.i.AbstractProblemLoader Environment load took 434.71ns 
108184     INFO  main            d.u.i.k.p.i.AbstractProblemLoader Creating init config 
111196     DEBUG main            d.u.i.k.p.i.AbstractProblemLoader Init config took 3.01s 
111232     INFO  main            d.u.i.k.p.i.AbstractProblemLoader Replaying proof ArrayCopy[ArrayCopy::arraycopy(java.lang.Object,int,java.lang.Object,int,int)].JML normal_behavior operation contract.0 
112137     DEBUG main            d.u.i.k.p.i.IntermediateProofReplayer Proof replay took 888.09ms 
112139     DEBUG main            d.u.i.k.p.r.p.TestFile    ... success: reloaded. 
112140     INFO  main            d.u.i.k.p.r.p.TestFile    Now processing file /home/runner/work/key/key/key.core/../key.ui/examples/redux/arrays/ArrayCopy.arraycopy.exceptional.0.key 
112141     INFO  main            d.u.i.k.p.i.AbstractProblemLoader Loading environment from /home/runner/work/key/key/key.core/../key.ui/examples/redux/arrays/ArrayCopy.arraycopy.exceptional.0.key 
112141     DEBUG main            d.u.i.k.p.i.AbstractProblemLoader Environment load took 193.8ns 
112142     INFO  main            d.u.i.k.p.i.AbstractProblemLoader Creating init config 
115230     DEBUG main            d.u.i.k.p.i.AbstractProblemLoader Init config took 3.09s 
115266     INFO  main            d.u.i.k.p.i.AbstractProblemLoader Replaying proof ArrayCopy[ArrayCopy::arraycopy(java.lang.Object,int,java.lang.Object,int,int)].JML exceptional_behavior operation contract.0 
115268     DEBUG main            d.u.i.k.p.i.IntermediateProofReplayer Proof replay took 7.7ns 
115674     INFO  main            d.u.i.k.p.r.p.TestFile    ... finished proof: closed. 
115905     INFO  main            d.u.i.k.p.i.AbstractProblemLoader Loading environment from /home/runner/work/key/key/key.core/../key.ui/examples/redux/arrays/ArrayCopy.arraycopy.exceptional.0.key.proof 
115905     DEBUG main            d.u.i.k.p.i.AbstractProblemLoader Environment load took 147.3ns 
115906     INFO  main            d.u.i.k.p.i.AbstractProblemLoader Creating init config 
118905     DEBUG main            d.u.i.k.p.i.AbstractProblemLoader Init config took 3s 
118952     INFO  main            d.u.i.k.p.i.AbstractProblemLoader Replaying proof ArrayCopy[ArrayCopy::arraycopy(java.lang.Object,int,java.lang.Object,int,int)].JML exceptional_behavior operation contract.0 
119066     DEBUG main            d.u.i.k.p.i.IntermediateProofReplayer Proof replay took 108.37ms 
119068     DEBUG main            d.u.i.k.p.r.p.TestFile    ... success: reloaded. 
119069     INFO  main            d.u.i.k.p.r.p.TestFile    Now processing file /home/runner/work/key/key/key.core/../key.ui/examples/redux/arrays/ArrayCopy.arraycopy.exceptional.1.key 
119069     INFO  main            d.u.i.k.p.i.AbstractProblemLoader Loading environment from /home/runner/work/key/key/key.core/../key.ui/examples/redux/arrays/ArrayCopy.arraycopy.exceptional.1.key 
119069     DEBUG main            d.u.i.k.p.i.AbstractProblemLoader Environment load took 191.6ns 
119078     INFO  main            d.u.i.k.p.i.AbstractProblemLoader Creating init config 
122214     DEBUG main            d.u.i.k.p.i.AbstractProblemLoader Init config took 3.14s 
122249     INFO  main            d.u.i.k.p.i.AbstractProblemLoader Replaying proof ArrayCopy[ArrayCopy::arraycopy(java.lang.Object,int,java.lang.Object,int,int)].JML exceptional_behavior operation contract.1 
122251     DEBUG main            d.u.i.k.p.i.IntermediateProofReplayer Proof replay took 8.6ns 
128563     INFO  main            d.u.i.k.p.r.p.TestFile    ... finished proof: closed. 
128835     INFO  main            d.u.i.k.p.i.AbstractProblemLoader Loading environment from /home/runner/work/key/key/key.core/../key.ui/examples/redux/arrays/ArrayCopy.arraycopy.exceptional.1.key.proof 
128835     DEBUG main            d.u.i.k.p.i.AbstractProblemLoader Environment load took 462.81ns 
128838     INFO  main            d.u.i.k.p.i.AbstractProblemLoader Creating init config 
131829     DEBUG main            d.u.i.k.p.i.AbstractProblemLoader Init config took 2.99s 
131885     INFO  main            d.u.i.k.p.i.AbstractProblemLoader Replaying proof ArrayCopy[ArrayCopy::arraycopy(java.lang.Object,int,java.lang.Object,int,int)].JML exceptional_behavior operation contract.1 
133514     DEBUG main            d.u.i.k.p.i.IntermediateProofReplayer Proof replay took 1.6s 
133517     DEBUG main            d.u.i.k.p.r.p.TestFile    ... success: reloaded. 
5326511    INFO  Test worker     d.u.i.k.p.r.RunAllProofsTestUnit Returning from test redux 
]]></system-out>
  <system-err><![CDATA[Exception in thread "main" org.opentest4j.AssertionFailedError: Exception during the execution of proofs. See log for more details.
	at org.junit.jupiter.api.AssertionUtils.fail(AssertionUtils.java:38)
	at org.junit.jupiter.api.Assertions.fail(Assertions.java:135)
	at de.uka.ilkd.key.proof.runallproofs.proofcollection.ForkedTestFileRunner.main(ForkedTestFileRunner.java:192)
Exception in thread "main" org.opentest4j.AssertionFailedError: Exception during the execution of proofs. See log for more details.
	at org.junit.jupiter.api.AssertionUtils.fail(AssertionUtils.java:38)
	at org.junit.jupiter.api.Assertions.fail(Assertions.java:135)
	at de.uka.ilkd.key.proof.runallproofs.proofcollection.ForkedTestFileRunner.main(ForkedTestFileRunner.java:192)
Exception in thread "main" org.opentest4j.AssertionFailedError: Exception during the execution of proofs. See log for more details.
	at org.junit.jupiter.api.AssertionUtils.fail(AssertionUtils.java:38)
	at org.junit.jupiter.api.Assertions.fail(Assertions.java:135)
	at de.uka.ilkd.key.proof.runallproofs.proofcollection.ForkedTestFileRunner.main(ForkedTestFileRunner.java:192)
]]></system-err>
</testsuite>
