<?xml version="1.0" encoding="UTF-8"?>
<testsuite name="de.uka.ilkd.key.util.removegenerics.TestMemberReference" tests="19" skipped="0" failures="0" errors="0" timestamp="2023-06-08T15:22:15" hostname="fv-az319-839" time="0.532">
  <properties/>
  <testcase name="testAssignmentToMember()" classname="de.uka.ilkd.key.util.removegenerics.TestMemberReference" time="0.019"/>
  <testcase name="testExtends()" classname="de.uka.ilkd.key.util.removegenerics.TestMemberReference" time="0.014"/>
  <testcase name="testArray()" classname="de.uka.ilkd.key.util.removegenerics.TestMemberReference" time="0.012"/>
  <testcase name="testField()" classname="de.uka.ilkd.key.util.removegenerics.TestMemberReference" time="0.012"/>
  <testcase name="testExpressionStatementStructures()" classname="de.uka.ilkd.key.util.removegenerics.TestMemberReference" time="0.02"/>
  <testcase name="testArrayArg()" classname="de.uka.ilkd.key.util.removegenerics.TestMemberReference" time="0.024"/>
  <testcase name="testArrayAssign()" classname="de.uka.ilkd.key.util.removegenerics.TestMemberReference" time="0.016"/>
  <testcase name="testArrayLength()" classname="de.uka.ilkd.key.util.removegenerics.TestMemberReference" time="0.011"/>
  <testcase name="testArrayReturn()" classname="de.uka.ilkd.key.util.removegenerics.TestMemberReference" time="0.012"/>
  <testcase name="testTypeParameterIsTVArray()" classname="de.uka.ilkd.key.util.removegenerics.TestMemberReference" time="0.014"/>
  <testcase name="testMultiLevel()" classname="de.uka.ilkd.key.util.removegenerics.TestMemberReference" time="0.011"/>
  <testcase name="testRawType()" classname="de.uka.ilkd.key.util.removegenerics.TestMemberReference" time="0.018"/>
  <testcase name="testStortArray()" classname="de.uka.ilkd.key.util.removegenerics.TestMemberReference" time="0.022"/>
  <testcase name="testTypeParameterIsTV()" classname="de.uka.ilkd.key.util.removegenerics.TestMemberReference" time="0.015"/>
  <testcase name="testParameterisedMember()" classname="de.uka.ilkd.key.util.removegenerics.TestMemberReference" time="0.014"/>
  <testcase name="testMemberOfParameter()" classname="de.uka.ilkd.key.util.removegenerics.TestMemberReference" time="0.012"/>
  <testcase name="testExpressionStatement()" classname="de.uka.ilkd.key.util.removegenerics.TestMemberReference" time="0.071"/>
  <testcase name="testParameterised()" classname="de.uka.ilkd.key.util.removegenerics.TestMemberReference" time="0.018"/>
  <testcase name="testMethod()" classname="de.uka.ilkd.key.util.removegenerics.TestMemberReference" time="0.01"/>
  <system-out><![CDATA[]]></system-out>
  <system-err><![CDATA[]]></system-err>
</testsuite>
