<?xml version="1.0" encoding="UTF-8"?>
<testsuite name="de.uka.ilkd.key.speclang.njml.TextualTranslatorTest" tests="2" skipped="0" failures="0" errors="0" timestamp="2023-03-20T20:57:27" hostname="fv-az1135-149" time="0.003">
  <properties/>
  <testcase name="constructsOrderRightAssertAssume()" classname="de.uka.ilkd.key.speclang.njml.TextualTranslatorTest" time="0.001"/>
  <testcase name="constructsOrderRightAssumeAssert()" classname="de.uka.ilkd.key.speclang.njml.TextualTranslatorTest" time="0.002"/>
  <system-out><![CDATA[]]></system-out>
  <system-err><![CDATA[]]></system-err>
</testsuite>
